[282955af-507e-4991-95c4-0d57188706ad/build] üöÄ  Start image=gitbugactions:latest
[282955af-507e-4991-95c4-0d57188706ad/build]   üê≥  docker pull image=gitbugactions:latest platform= username= forcePull=false
[282955af-507e-4991-95c4-0d57188706ad/build]   üê≥  docker create image=gitbugactions:latest platform= entrypoint=["tail" "-f" "/dev/null"] cmd=[]
[282955af-507e-4991-95c4-0d57188706ad/build]   üê≥  docker run image=gitbugactions:latest platform= entrypoint=["tail" "-f" "/dev/null"] cmd=[]
[282955af-507e-4991-95c4-0d57188706ad/build]   üê≥  docker exec cmd=[chown -R 1012:1013 /tmp/f2b181c8-3294-4cac-a59d-9f51eed2d4a0] user=0 workdir=
[282955af-507e-4991-95c4-0d57188706ad/build] unable to get git ref: failed to identify reference (tag/branch) for the checked-out revision '7c8b5bc9c7f26865d6785e06051e73317c06af2c'
[282955af-507e-4991-95c4-0d57188706ad/build] unable to get git ref: failed to identify reference (tag/branch) for the checked-out revision '7c8b5bc9c7f26865d6785e06051e73317c06af2c'
[282955af-507e-4991-95c4-0d57188706ad/build] unable to get git ref: failed to identify reference (tag/branch) for the checked-out revision '7c8b5bc9c7f26865d6785e06051e73317c06af2c'
[282955af-507e-4991-95c4-0d57188706ad/build] unable to get git ref: failed to identify reference (tag/branch) for the checked-out revision '7c8b5bc9c7f26865d6785e06051e73317c06af2c'
[282955af-507e-4991-95c4-0d57188706ad/build] unable to get git ref: failed to identify reference (tag/branch) for the checked-out revision '7c8b5bc9c7f26865d6785e06051e73317c06af2c'
[282955af-507e-4991-95c4-0d57188706ad/build] unable to get git ref: failed to identify reference (tag/branch) for the checked-out revision '7c8b5bc9c7f26865d6785e06051e73317c06af2c'
[282955af-507e-4991-95c4-0d57188706ad/build] unable to get git ref: failed to identify reference (tag/branch) for the checked-out revision '7c8b5bc9c7f26865d6785e06051e73317c06af2c'
[282955af-507e-4991-95c4-0d57188706ad/build] unable to get git ref: failed to identify reference (tag/branch) for the checked-out revision '7c8b5bc9c7f26865d6785e06051e73317c06af2c'
[282955af-507e-4991-95c4-0d57188706ad/build] unable to get git ref: failed to identify reference (tag/branch) for the checked-out revision '7c8b5bc9c7f26865d6785e06051e73317c06af2c'
[282955af-507e-4991-95c4-0d57188706ad/build] ‚≠ê Run Main Check out repository
[282955af-507e-4991-95c4-0d57188706ad/build] unable to get git ref: failed to identify reference (tag/branch) for the checked-out revision '7c8b5bc9c7f26865d6785e06051e73317c06af2c'
[282955af-507e-4991-95c4-0d57188706ad/build] unable to get git ref: failed to identify reference (tag/branch) for the checked-out revision '7c8b5bc9c7f26865d6785e06051e73317c06af2c'
[282955af-507e-4991-95c4-0d57188706ad/build]   üê≥  docker cp src=/tmp/f2b181c8-3294-4cac-a59d-9f51eed2d4a0/. dst=/tmp/f2b181c8-3294-4cac-a59d-9f51eed2d4a0
[282955af-507e-4991-95c4-0d57188706ad/build]   üê≥  docker exec cmd=[chown -R 1012:1013 /tmp/f2b181c8-3294-4cac-a59d-9f51eed2d4a0] user=0 workdir=
[282955af-507e-4991-95c4-0d57188706ad/build]   ‚úÖ  Success - Main Check out repository
[282955af-507e-4991-95c4-0d57188706ad/build] unable to get git ref: failed to identify reference (tag/branch) for the checked-out revision '7c8b5bc9c7f26865d6785e06051e73317c06af2c'
[282955af-507e-4991-95c4-0d57188706ad/build] unable to get git ref: failed to identify reference (tag/branch) for the checked-out revision '7c8b5bc9c7f26865d6785e06051e73317c06af2c'
[282955af-507e-4991-95c4-0d57188706ad/build] unable to get git ref: failed to identify reference (tag/branch) for the checked-out revision '7c8b5bc9c7f26865d6785e06051e73317c06af2c'
[282955af-507e-4991-95c4-0d57188706ad/build] unable to get git ref: failed to identify reference (tag/branch) for the checked-out revision '7c8b5bc9c7f26865d6785e06051e73317c06af2c'
[282955af-507e-4991-95c4-0d57188706ad/build] unable to get git ref: failed to identify reference (tag/branch) for the checked-out revision '7c8b5bc9c7f26865d6785e06051e73317c06af2c'
[282955af-507e-4991-95c4-0d57188706ad/build] ‚≠ê Run Main Set up JDK
[282955af-507e-4991-95c4-0d57188706ad/build] unable to get git ref: failed to identify reference (tag/branch) for the checked-out revision '7c8b5bc9c7f26865d6785e06051e73317c06af2c'
[282955af-507e-4991-95c4-0d57188706ad/build] unable to get git ref: failed to identify reference (tag/branch) for the checked-out revision '7c8b5bc9c7f26865d6785e06051e73317c06af2c'
[282955af-507e-4991-95c4-0d57188706ad/build] unable to get git ref: failed to identify reference (tag/branch) for the checked-out revision '7c8b5bc9c7f26865d6785e06051e73317c06af2c'
[282955af-507e-4991-95c4-0d57188706ad/build]   üê≥  docker cp src=/tmp/act-cache/27c48a5b-2ef1-42b5-adfd-cea03259e653/act/actions-setup-java@v3.11.0/ dst=/var/run/act/actions/actions-setup-java@v3.11.0/
[282955af-507e-4991-95c4-0d57188706ad/build]   üê≥  docker exec cmd=[chown -R 1012:1013 /var/run/act/actions/actions-setup-java@v3.11.0/] user=0 workdir=
[282955af-507e-4991-95c4-0d57188706ad/build]   üê≥  docker exec cmd=[node /var/run/act/actions/actions-setup-java@v3.11.0/dist/setup/index.js] user= workdir=
[282955af-507e-4991-95c4-0d57188706ad/build]   ‚ùì  ::group::Installed distributions
[282955af-507e-4991-95c4-0d57188706ad/build]   | Trying to resolve the latest version from remote
[282955af-507e-4991-95c4-0d57188706ad/build]   | Resolved latest version as 17.0.9+9
[282955af-507e-4991-95c4-0d57188706ad/build]   | Trying to download...
[282955af-507e-4991-95c4-0d57188706ad/build]   | Downloading Java 17.0.9+9 (Adopt-Hotspot) from https://github.com/adoptium/temurin17-binaries/releases/download/jdk-17.0.9%2B9/OpenJDK17U-jdk_x64_linux_hotspot_17.0.9_9.tar.gz ...
[282955af-507e-4991-95c4-0d57188706ad/build]   üí¨  ::debug::Downloading https://github.com/adoptium/temurin17-binaries/releases/download/jdk-17.0.9%252B9/OpenJDK17U-jdk_x64_linux_hotspot_17.0.9_9.tar.gz
[282955af-507e-4991-95c4-0d57188706ad/build]   üí¨  ::debug::Destination /tmp/32f83021-6aed-4aed-9c46-8a8e6e5b9791
[282955af-507e-4991-95c4-0d57188706ad/build]   üí¨  ::debug::download complete
[282955af-507e-4991-95c4-0d57188706ad/build]   | Extracting Java archive...
[282955af-507e-4991-95c4-0d57188706ad/build]   üí¨  ::debug::Checking tar --version
[282955af-507e-4991-95c4-0d57188706ad/build]   üí¨  ::debug::tar (GNU tar) 1.34%0ACopyright (C) 2021 Free Software Foundation, Inc.%0ALicense GPLv3+: GNU GPL version 3 or later <https://gnu.org/licenses/gpl.html>.%0AThis is free software: you are free to change and redistribute it.%0AThere is NO WARRANTY, to the extent permitted by law.%0A%0AWritten by John Gilmore and Jay Fenlason.
[282955af-507e-4991-95c4-0d57188706ad/build]   | [command]/usr/bin/tar xz --warning=no-unknown-keyword -C /tmp/d22519a8-aadf-4927-94c4-595eb50d22c0 -f /tmp/32f83021-6aed-4aed-9c46-8a8e6e5b9791
[282955af-507e-4991-95c4-0d57188706ad/build]   üí¨  ::debug::Caching tool Java_Adopt_jdk 17.0.9-9 x64
[282955af-507e-4991-95c4-0d57188706ad/build]   üí¨  ::debug::source dir: /tmp/d22519a8-aadf-4927-94c4-595eb50d22c0/jdk-17.0.9+9
[282955af-507e-4991-95c4-0d57188706ad/build]   üí¨  ::debug::destination /opt/hostedtoolcache/Java_Adopt_jdk/17.0.9-9/x64
[282955af-507e-4991-95c4-0d57188706ad/build]   üí¨  ::debug::finished caching tool
[282955af-507e-4991-95c4-0d57188706ad/build]   | Java 17.0.9+9 was downloaded
[282955af-507e-4991-95c4-0d57188706ad/build]   | Setting Java 17.0.9+9 as the default
[282955af-507e-4991-95c4-0d57188706ad/build]   | Creating toolchains.xml for JDK version 17 from adopt
[282955af-507e-4991-95c4-0d57188706ad/build]   | Writing to /home/runner/.m2/toolchains.xml
[282955af-507e-4991-95c4-0d57188706ad/build]   | 
[282955af-507e-4991-95c4-0d57188706ad/build]   | Java configuration:
[282955af-507e-4991-95c4-0d57188706ad/build]   |   Distribution: adopt
[282955af-507e-4991-95c4-0d57188706ad/build]   |   Version: 17.0.9+9
[282955af-507e-4991-95c4-0d57188706ad/build]   |   Path: /opt/hostedtoolcache/Java_Adopt_jdk/17.0.9-9/x64
[282955af-507e-4991-95c4-0d57188706ad/build]   | 
[282955af-507e-4991-95c4-0d57188706ad/build]   ‚ùì  ::endgroup::
[282955af-507e-4991-95c4-0d57188706ad/build]   ‚ùì add-matcher /run/act/actions/actions-setup-java@v3.11.0/.github/java.json
[282955af-507e-4991-95c4-0d57188706ad/build]   | Creating settings.xml with server-id: github
[282955af-507e-4991-95c4-0d57188706ad/build]   | Writing to /home/runner/.m2/settings.xml
[282955af-507e-4991-95c4-0d57188706ad/build]   ‚úÖ  Success - Main Set up JDK
[282955af-507e-4991-95c4-0d57188706ad/build]   ‚öô  ::set-env:: JAVA_HOME=/opt/hostedtoolcache/Java_Adopt_jdk/17.0.9-9/x64
[282955af-507e-4991-95c4-0d57188706ad/build]   ‚öô  ::set-env:: JAVA_HOME_17_X64=/opt/hostedtoolcache/Java_Adopt_jdk/17.0.9-9/x64
[282955af-507e-4991-95c4-0d57188706ad/build]   ‚öô  ::set-output:: distribution=Adopt-Hotspot
[282955af-507e-4991-95c4-0d57188706ad/build]   ‚öô  ::set-output:: path=/opt/hostedtoolcache/Java_Adopt_jdk/17.0.9-9/x64
[282955af-507e-4991-95c4-0d57188706ad/build]   ‚öô  ::set-output:: version=17.0.9+9
[282955af-507e-4991-95c4-0d57188706ad/build]   ‚öô  ::add-path:: /opt/hostedtoolcache/Java_Adopt_jdk/17.0.9-9/x64/bin
[282955af-507e-4991-95c4-0d57188706ad/build] unable to get git ref: failed to identify reference (tag/branch) for the checked-out revision '7c8b5bc9c7f26865d6785e06051e73317c06af2c'
[282955af-507e-4991-95c4-0d57188706ad/build] unable to get git ref: failed to identify reference (tag/branch) for the checked-out revision '7c8b5bc9c7f26865d6785e06051e73317c06af2c'
[282955af-507e-4991-95c4-0d57188706ad/build] unable to get git ref: failed to identify reference (tag/branch) for the checked-out revision '7c8b5bc9c7f26865d6785e06051e73317c06af2c'
[282955af-507e-4991-95c4-0d57188706ad/build] unable to get git ref: failed to identify reference (tag/branch) for the checked-out revision '7c8b5bc9c7f26865d6785e06051e73317c06af2c'
[282955af-507e-4991-95c4-0d57188706ad/build] unable to get git ref: failed to identify reference (tag/branch) for the checked-out revision '7c8b5bc9c7f26865d6785e06051e73317c06af2c'
[282955af-507e-4991-95c4-0d57188706ad/build] ‚≠ê Run Main Build with Maven
[282955af-507e-4991-95c4-0d57188706ad/build] unable to get git ref: failed to identify reference (tag/branch) for the checked-out revision '7c8b5bc9c7f26865d6785e06051e73317c06af2c'
[282955af-507e-4991-95c4-0d57188706ad/build] unable to get git ref: failed to identify reference (tag/branch) for the checked-out revision '7c8b5bc9c7f26865d6785e06051e73317c06af2c'
[282955af-507e-4991-95c4-0d57188706ad/build] unable to get git ref: failed to identify reference (tag/branch) for the checked-out revision '7c8b5bc9c7f26865d6785e06051e73317c06af2c'
[282955af-507e-4991-95c4-0d57188706ad/build] unable to get git ref: failed to identify reference (tag/branch) for the checked-out revision '7c8b5bc9c7f26865d6785e06051e73317c06af2c'
[282955af-507e-4991-95c4-0d57188706ad/build]   üê≥  docker exec cmd=[bash --noprofile --norc -e -o pipefail /var/run/act/workflow/2] user= workdir=
[282955af-507e-4991-95c4-0d57188706ad/build]   | [INFO] Scanning for projects...
[282955af-507e-4991-95c4-0d57188706ad/build]   | [INFO] Downloading from central: https://repo.maven.apache.org/maven2/kr/motd/maven/os-maven-plugin/1.7.1/os-maven-plugin-1.7.1.pom
[282955af-507e-4991-95c4-0d57188706ad/build]   | [INFO] Downloaded from central: https://repo.maven.apache.org/maven2/kr/motd/maven/os-maven-plugin/1.7.1/os-maven-plugin-1.7.1.pom (6.1 kB at 18 kB/s)
[282955af-507e-4991-95c4-0d57188706ad/build]   | [INFO] Downloading from central: https://repo.maven.apache.org/maven2/org/sonatype/oss/oss-parent/9/oss-parent-9.pom
[282955af-507e-4991-95c4-0d57188706ad/build]   | [INFO] Downloaded from central: https://repo.maven.apache.org/maven2/org/sonatype/oss/oss-parent/9/oss-parent-9.pom (6.6 kB at 69 kB/s)
[282955af-507e-4991-95c4-0d57188706ad/build]   | [INFO] Downloading from central: https://repo.maven.apache.org/maven2/org/apache/maven/maven-plugin-api/3.5.3/maven-plugin-api-3.5.3.pom
[282955af-507e-4991-95c4-0d57188706ad/build]   | [INFO] Downloaded from central: https://repo.maven.apache.org/maven2/org/apache/maven/maven-plugin-api/3.5.3/maven-plugin-api-3.5.3.pom (2.9 kB at 36 kB/s)
[282955af-507e-4991-95c4-0d57188706ad/build]   | [INFO] Downloading from central: https://repo.maven.apache.org/maven2/org/apache/maven/maven/3.5.3/maven-3.5.3.pom
[282955af-507e-4991-95c4-0d57188706ad/build]   | [INFO] Downloaded from central: https://repo.maven.apache.org/maven2/org/apache/maven/maven/3.5.3/maven-3.5.3.pom (23 kB at 300 kB/s)
[282955af-507e-4991-95c4-0d57188706ad/build]   | [INFO] Downloading from central: https://repo.maven.apache.org/maven2/org/apache/maven/maven-parent/31/maven-parent-31.pom
[282955af-507e-4991-95c4-0d57188706ad/build]   | [INFO] Downloaded from central: https://repo.maven.apache.org/maven2/org/apache/maven/maven-parent/31/maven-parent-31.pom (43 kB at 504 kB/s)
[282955af-507e-4991-95c4-0d57188706ad/build]   | [INFO] Downloading from central: https://repo.maven.apache.org/maven2/org/apache/apache/19/apache-19.pom
[282955af-507e-4991-95c4-0d57188706ad/build]   | [INFO] Downloaded from central: https://repo.maven.apache.org/maven2/org/apache/apache/19/apache-19.pom (15 kB at 174 kB/s)
[282955af-507e-4991-95c4-0d57188706ad/build]   | [INFO] Downloading from central: https://repo.maven.apache.org/maven2/org/apache/maven/maven-model/3.5.3/maven-model-3.5.3.pom
[282955af-507e-4991-95c4-0d57188706ad/build]   | [INFO] Downloaded from central: https://repo.maven.apache.org/maven2/org/apache/maven/maven-model/3.5.3/maven-model-3.5.3.pom (4.0 kB at 45 kB/s)
[282955af-507e-4991-95c4-0d57188706ad/build]   | [INFO] Downloading from central: https://repo.maven.apache.org/maven2/org/codehaus/plexus/plexus-utils/3.1.0/plexus-utils-3.1.0.pom
[282955af-507e-4991-95c4-0d57188706ad/build]   | [INFO] Downloaded from central: https://repo.maven.apache.org/maven2/org/codehaus/plexus/plexus-utils/3.1.0/plexus-utils-3.1.0.pom (4.7 kB at 55 kB/s)
[282955af-507e-4991-95c4-0d57188706ad/build]   | [INFO] Downloading from central: https://repo.maven.apache.org/maven2/org/codehaus/plexus/plexus/4.0/plexus-4.0.pom
[282955af-507e-4991-95c4-0d57188706ad/build]   | [INFO] Downloaded from central: https://repo.maven.apache.org/maven2/org/codehaus/plexus/plexus/4.0/plexus-4.0.pom (22 kB at 256 kB/s)
[282955af-507e-4991-95c4-0d57188706ad/build]   | [INFO] Downloading from central: https://repo.maven.apache.org/maven2/org/sonatype/forge/forge-parent/10/forge-parent-10.pom
[282955af-507e-4991-95c4-0d57188706ad/build]   | [INFO] Downloaded from central: https://repo.maven.apache.org/maven2/org/sonatype/forge/forge-parent/10/forge-parent-10.pom (14 kB at 161 kB/s)
[282955af-507e-4991-95c4-0d57188706ad/build]   | [INFO] Downloading from central: https://repo.maven.apache.org/maven2/org/apache/commons/commons-lang3/3.5/commons-lang3-3.5.pom
[282955af-507e-4991-95c4-0d57188706ad/build]   | [INFO] Downloaded from central: https://repo.maven.apache.org/maven2/org/apache/commons/commons-lang3/3.5/commons-lang3-3.5.pom (23 kB at 296 kB/s)
[282955af-507e-4991-95c4-0d57188706ad/build]   | [INFO] Downloading from central: https://repo.maven.apache.org/maven2/org/apache/commons/commons-parent/41/commons-parent-41.pom
[282955af-507e-4991-95c4-0d57188706ad/build]   | [INFO] Downloaded from central: https://repo.maven.apache.org/maven2/org/apache/commons/commons-parent/41/commons-parent-41.pom (65 kB at 720 kB/s)
[282955af-507e-4991-95c4-0d57188706ad/build]   | [INFO] Downloading from central: https://repo.maven.apache.org/maven2/org/apache/apache/18/apache-18.pom
[282955af-507e-4991-95c4-0d57188706ad/build]   | [INFO] Downloaded from central: https://repo.maven.apache.org/maven2/org/apache/apache/18/apache-18.pom (16 kB at 196 kB/s)
[282955af-507e-4991-95c4-0d57188706ad/build]   | [INFO] Downloading from central: https://repo.maven.apache.org/maven2/org/apache/maven/maven-artifact/3.5.3/maven-artifact-3.5.3.pom
[282955af-507e-4991-95c4-0d57188706ad/build]   | [INFO] Downloaded from central: https://repo.maven.apache.org/maven2/org/apache/maven/maven-artifact/3.5.3/maven-artifact-3.5.3.pom (2.1 kB at 39 kB/s)
[282955af-507e-4991-95c4-0d57188706ad/build]   | [INFO] Downloading from central: https://repo.maven.apache.org/maven2/org/eclipse/sisu/org.eclipse.sisu.plexus/0.3.3/org.eclipse.sisu.plexus-0.3.3.pom
[282955af-507e-4991-95c4-0d57188706ad/build]   | [INFO] Downloaded from central: https://repo.maven.apache.org/maven2/org/eclipse/sisu/org.eclipse.sisu.plexus/0.3.3/org.eclipse.sisu.plexus-0.3.3.pom (4.2 kB at 31 kB/s)
[282955af-507e-4991-95c4-0d57188706ad/build]   | [INFO] Downloading from central: https://repo.maven.apache.org/maven2/org/eclipse/sisu/sisu-plexus/0.3.3/sisu-plexus-0.3.3.pom
[282955af-507e-4991-95c4-0d57188706ad/build]   | [INFO] Downloaded from central: https://repo.maven.apache.org/maven2/org/eclipse/sisu/sisu-plexus/0.3.3/sisu-plexus-0.3.3.pom (14 kB at 126 kB/s)
[282955af-507e-4991-95c4-0d57188706ad/build]   | [INFO] Downloading from central: https://repo.maven.apache.org/maven2/javax/enterprise/cdi-api/1.0/cdi-api-1.0.pom
[282955af-507e-4991-95c4-0d57188706ad/build]   | [INFO] Downloaded from central: https://repo.maven.apache.org/maven2/javax/enterprise/cdi-api/1.0/cdi-api-1.0.pom (1.4 kB at 17 kB/s)
[282955af-507e-4991-95c4-0d57188706ad/build]   | [INFO] Downloading from central: https://repo.maven.apache.org/maven2/org/jboss/weld/weld-api-parent/1.0/weld-api-parent-1.0.pom
[282955af-507e-4991-95c4-0d57188706ad/build]   | [INFO] Downloaded from central: https://repo.maven.apache.org/maven2/org/jboss/weld/weld-api-parent/1.0/weld-api-parent-1.0.pom (2.4 kB at 37 kB/s)
[282955af-507e-4991-95c4-0d57188706ad/build]   | [INFO] Downloading from central: https://repo.maven.apache.org/maven2/org/jboss/weld/weld-api-bom/1.0/weld-api-bom-1.0.pom
[282955af-507e-4991-95c4-0d57188706ad/build]   | [INFO] Downloaded from central: https://repo.maven.apache.org/maven2/org/jboss/weld/weld-api-bom/1.0/weld-api-bom-1.0.pom (7.9 kB at 98 kB/s)
[282955af-507e-4991-95c4-0d57188706ad/build]   | [INFO] Downloading from central: https://repo.maven.apache.org/maven2/org/jboss/weld/weld-parent/6/weld-parent-6.pom
[282955af-507e-4991-95c4-0d57188706ad/build]   | [INFO] Downloaded from central: https://repo.maven.apache.org/maven2/org/jboss/weld/weld-parent/6/weld-parent-6.pom (21 kB at 296 kB/s)
[282955af-507e-4991-95c4-0d57188706ad/build]   | [INFO] Downloading from central: https://repo.maven.apache.org/maven2/javax/annotation/jsr250-api/1.0/jsr250-api-1.0.pom
[282955af-507e-4991-95c4-0d57188706ad/build]   | [INFO] Downloaded from central: https://repo.maven.apache.org/maven2/javax/annotation/jsr250-api/1.0/jsr250-api-1.0.pom (1.0 kB at 18 kB/s)
[282955af-507e-4991-95c4-0d57188706ad/build]   | [INFO] Downloading from central: https://repo.maven.apache.org/maven2/javax/inject/javax.inject/1/javax.inject-1.pom
[282955af-507e-4991-95c4-0d57188706ad/build]   | [INFO] Downloaded from central: https://repo.maven.apache.org/maven2/javax/inject/javax.inject/1/javax.inject-1.pom (612 B at 9.0 kB/s)
[282955af-507e-4991-95c4-0d57188706ad/build]   | [INFO] Downloading from central: https://repo.maven.apache.org/maven2/org/eclipse/sisu/org.eclipse.sisu.inject/0.3.3/org.eclipse.sisu.inject-0.3.3.pom
[282955af-507e-4991-95c4-0d57188706ad/build]   | [INFO] Downloaded from central: https://repo.maven.apache.org/maven2/org/eclipse/sisu/org.eclipse.sisu.inject/0.3.3/org.eclipse.sisu.inject-0.3.3.pom (2.6 kB at 42 kB/s)
[282955af-507e-4991-95c4-0d57188706ad/build]   | [INFO] Downloading from central: https://repo.maven.apache.org/maven2/org/eclipse/sisu/sisu-inject/0.3.3/sisu-inject-0.3.3.pom
[282955af-507e-4991-95c4-0d57188706ad/build]   | [INFO] Downloaded from central: https://repo.maven.apache.org/maven2/org/eclipse/sisu/sisu-inject/0.3.3/sisu-inject-0.3.3.pom (14 kB at 300 kB/s)
[282955af-507e-4991-95c4-0d57188706ad/build]   | [INFO] Downloading from central: https://repo.maven.apache.org/maven2/org/codehaus/plexus/plexus-component-annotations/1.5.5/plexus-component-annotations-1.5.5.pom
[282955af-507e-4991-95c4-0d57188706ad/build]   | [INFO] Downloaded from central: https://repo.maven.apache.org/maven2/org/codehaus/plexus/plexus-component-annotations/1.5.5/plexus-component-annotations-1.5.5.pom (815 B at 10 kB/s)
[282955af-507e-4991-95c4-0d57188706ad/build]   | [INFO] Downloading from central: https://repo.maven.apache.org/maven2/org/codehaus/plexus/plexus-containers/1.5.5/plexus-containers-1.5.5.pom
[282955af-507e-4991-95c4-0d57188706ad/build]   | [INFO] Downloaded from central: https://repo.maven.apache.org/maven2/org/codehaus/plexus/plexus-containers/1.5.5/plexus-containers-1.5.5.pom (4.2 kB at 52 kB/s)
[282955af-507e-4991-95c4-0d57188706ad/build]   | [INFO] Downloading from central: https://repo.maven.apache.org/maven2/org/codehaus/plexus/plexus/2.0.7/plexus-2.0.7.pom
[282955af-507e-4991-95c4-0d57188706ad/build]   | [INFO] Downloaded from central: https://repo.maven.apache.org/maven2/org/codehaus/plexus/plexus/2.0.7/plexus-2.0.7.pom (17 kB at 309 kB/s)
[282955af-507e-4991-95c4-0d57188706ad/build]   | [INFO] Downloading from central: https://repo.maven.apache.org/maven2/org/codehaus/plexus/plexus-classworlds/2.5.2/plexus-classworlds-2.5.2.pom
[282955af-507e-4991-95c4-0d57188706ad/build]   | [INFO] Downloaded from central: https://repo.maven.apache.org/maven2/org/codehaus/plexus/plexus-classworlds/2.5.2/plexus-classworlds-2.5.2.pom (7.3 kB at 149 kB/s)
[282955af-507e-4991-95c4-0d57188706ad/build]   | [INFO] Downloading from central: https://repo.maven.apache.org/maven2/org/codehaus/plexus/plexus/3.3.1/plexus-3.3.1.pom
[282955af-507e-4991-95c4-0d57188706ad/build]   | [INFO] Downloaded from central: https://repo.maven.apache.org/maven2/org/codehaus/plexus/plexus/3.3.1/plexus-3.3.1.pom (20 kB at 444 kB/s)
[282955af-507e-4991-95c4-0d57188706ad/build]   | [INFO] Downloading from central: https://repo.maven.apache.org/maven2/org/sonatype/spice/spice-parent/17/spice-parent-17.pom
[282955af-507e-4991-95c4-0d57188706ad/build]   | [INFO] Downloaded from central: https://repo.maven.apache.org/maven2/org/sonatype/spice/spice-parent/17/spice-parent-17.pom (6.8 kB at 138 kB/s)
[282955af-507e-4991-95c4-0d57188706ad/build]   | [INFO] Downloading from central: https://repo.maven.apache.org/maven2/org/codehaus/plexus/plexus-utils/3.0.17/plexus-utils-3.0.17.pom
[282955af-507e-4991-95c4-0d57188706ad/build]   | [INFO] Downloaded from central: https://repo.maven.apache.org/maven2/org/codehaus/plexus/plexus-utils/3.0.17/plexus-utils-3.0.17.pom (3.4 kB at 75 kB/s)
[282955af-507e-4991-95c4-0d57188706ad/build]   | [INFO] Downloading from central: https://repo.maven.apache.org/maven2/com/google/code/findbugs/jsr305/3.0.2/jsr305-3.0.2.pom
[282955af-507e-4991-95c4-0d57188706ad/build]   | [INFO] Downloaded from central: https://repo.maven.apache.org/maven2/com/google/code/findbugs/jsr305/3.0.2/jsr305-3.0.2.pom (4.3 kB at 113 kB/s)
[282955af-507e-4991-95c4-0d57188706ad/build]   | [INFO] Downloading from central: https://repo.maven.apache.org/maven2/org/sonatype/oss/oss-parent/7/oss-parent-7.pom
[282955af-507e-4991-95c4-0d57188706ad/build]   | [INFO] Downloaded from central: https://repo.maven.apache.org/maven2/org/sonatype/oss/oss-parent/7/oss-parent-7.pom (4.8 kB at 127 kB/s)
[282955af-507e-4991-95c4-0d57188706ad/build]   | [INFO] Downloading from central: https://repo.maven.apache.org/maven2/kr/motd/maven/os-maven-plugin/1.7.1/os-maven-plugin-1.7.1.jar
[282955af-507e-4991-95c4-0d57188706ad/build]   | [INFO] Downloading from central: https://repo.maven.apache.org/maven2/org/apache/maven/maven-plugin-api/3.5.3/maven-plugin-api-3.5.3.jar
[282955af-507e-4991-95c4-0d57188706ad/build]   | [INFO] Downloading from central: https://repo.maven.apache.org/maven2/org/apache/maven/maven-model/3.5.3/maven-model-3.5.3.jar
[282955af-507e-4991-95c4-0d57188706ad/build]   | [INFO] Downloading from central: https://repo.maven.apache.org/maven2/org/apache/commons/commons-lang3/3.5/commons-lang3-3.5.jar
[282955af-507e-4991-95c4-0d57188706ad/build]   | [INFO] Downloading from central: https://repo.maven.apache.org/maven2/org/apache/maven/maven-artifact/3.5.3/maven-artifact-3.5.3.jar
[282955af-507e-4991-95c4-0d57188706ad/build]   | [INFO] Downloaded from central: https://repo.maven.apache.org/maven2/kr/motd/maven/os-maven-plugin/1.7.1/os-maven-plugin-1.7.1.jar (33 kB at 330 kB/s)
[282955af-507e-4991-95c4-0d57188706ad/build]   | [INFO] Downloading from central: https://repo.maven.apache.org/maven2/org/eclipse/sisu/org.eclipse.sisu.plexus/0.3.3/org.eclipse.sisu.plexus-0.3.3.jar
[282955af-507e-4991-95c4-0d57188706ad/build]   | [INFO] Downloaded from central: https://repo.maven.apache.org/maven2/org/apache/maven/maven-artifact/3.5.3/maven-artifact-3.5.3.jar (55 kB at 573 kB/s)
[282955af-507e-4991-95c4-0d57188706ad/build]   | [INFO] Downloaded from central: https://repo.maven.apache.org/maven2/org/apache/maven/maven-plugin-api/3.5.3/maven-plugin-api-3.5.3.jar (48 kB at 493 kB/s)
[282955af-507e-4991-95c4-0d57188706ad/build]   | [INFO] Downloading from central: https://repo.maven.apache.org/maven2/javax/enterprise/cdi-api/1.0/cdi-api-1.0.jar
[282955af-507e-4991-95c4-0d57188706ad/build]   | [INFO] Downloading from central: https://repo.maven.apache.org/maven2/javax/annotation/jsr250-api/1.0/jsr250-api-1.0.jar
[282955af-507e-4991-95c4-0d57188706ad/build]   | [INFO] Downloaded from central: https://repo.maven.apache.org/maven2/org/apache/maven/maven-model/3.5.3/maven-model-3.5.3.jar (165 kB at 1.6 MB/s)
[282955af-507e-4991-95c4-0d57188706ad/build]   | [INFO] Downloading from central: https://repo.maven.apache.org/maven2/javax/inject/javax.inject/1/javax.inject-1.jar
[282955af-507e-4991-95c4-0d57188706ad/build]   | [INFO] Downloaded from central: https://repo.maven.apache.org/maven2/org/apache/commons/commons-lang3/3.5/commons-lang3-3.5.jar (480 kB at 4.4 MB/s)
[282955af-507e-4991-95c4-0d57188706ad/build]   | [INFO] Downloading from central: https://repo.maven.apache.org/maven2/org/eclipse/sisu/org.eclipse.sisu.inject/0.3.3/org.eclipse.sisu.inject-0.3.3.jar
[282955af-507e-4991-95c4-0d57188706ad/build]   | [INFO] Downloaded from central: https://repo.maven.apache.org/maven2/org/eclipse/sisu/org.eclipse.sisu.plexus/0.3.3/org.eclipse.sisu.plexus-0.3.3.jar (205 kB at 1.5 MB/s)
[282955af-507e-4991-95c4-0d57188706ad/build]   | [INFO] Downloading from central: https://repo.maven.apache.org/maven2/org/codehaus/plexus/plexus-component-annotations/1.5.5/plexus-component-annotations-1.5.5.jar
[282955af-507e-4991-95c4-0d57188706ad/build]   | [INFO] Downloaded from central: https://repo.maven.apache.org/maven2/javax/annotation/jsr250-api/1.0/jsr250-api-1.0.jar (5.8 kB at 41 kB/s)
[282955af-507e-4991-95c4-0d57188706ad/build]   | [INFO] Downloading from central: https://repo.maven.apache.org/maven2/org/codehaus/plexus/plexus-classworlds/2.5.2/plexus-classworlds-2.5.2.jar
[282955af-507e-4991-95c4-0d57188706ad/build]   | [INFO] Downloaded from central: https://repo.maven.apache.org/maven2/javax/enterprise/cdi-api/1.0/cdi-api-1.0.jar (45 kB at 308 kB/s)
[282955af-507e-4991-95c4-0d57188706ad/build]   | [INFO] Downloading from central: https://repo.maven.apache.org/maven2/org/codehaus/plexus/plexus-utils/3.1.0/plexus-utils-3.1.0.jar
[282955af-507e-4991-95c4-0d57188706ad/build]   | [INFO] Downloaded from central: https://repo.maven.apache.org/maven2/javax/inject/javax.inject/1/javax.inject-1.jar (2.5 kB at 16 kB/s)
[282955af-507e-4991-95c4-0d57188706ad/build]   | [INFO] Downloading from central: https://repo.maven.apache.org/maven2/com/google/code/findbugs/jsr305/3.0.2/jsr305-3.0.2.jar
[282955af-507e-4991-95c4-0d57188706ad/build]   | [INFO] Downloaded from central: https://repo.maven.apache.org/maven2/org/eclipse/sisu/org.eclipse.sisu.inject/0.3.3/org.eclipse.sisu.inject-0.3.3.jar (379 kB at 2.3 MB/s)
[282955af-507e-4991-95c4-0d57188706ad/build]   | [INFO] Downloaded from central: https://repo.maven.apache.org/maven2/org/codehaus/plexus/plexus-component-annotations/1.5.5/plexus-component-annotations-1.5.5.jar (4.2 kB at 22 kB/s)
[282955af-507e-4991-95c4-0d57188706ad/build]   | [INFO] Downloaded from central: https://repo.maven.apache.org/maven2/org/codehaus/plexus/plexus-classworlds/2.5.2/plexus-classworlds-2.5.2.jar (53 kB at 265 kB/s)
[282955af-507e-4991-95c4-0d57188706ad/build]   | [INFO] Downloaded from central: https://repo.maven.apache.org/maven2/com/google/code/findbugs/jsr305/3.0.2/jsr305-3.0.2.jar (20 kB at 95 kB/s)
[282955af-507e-4991-95c4-0d57188706ad/build]   | [INFO] Downloaded from central: https://repo.maven.apache.org/maven2/org/codehaus/plexus/plexus-utils/3.1.0/plexus-utils-3.1.0.jar (262 kB at 1.2 MB/s)
[282955af-507e-4991-95c4-0d57188706ad/build]   | [INFO] Downloading from central: https://repo.maven.apache.org/maven2/org/junit/junit-bom/5.9.3/junit-bom-5.9.3.pom
[282955af-507e-4991-95c4-0d57188706ad/build]   | [INFO] Downloaded from central: https://repo.maven.apache.org/maven2/org/junit/junit-bom/5.9.3/junit-bom-5.9.3.pom (5.6 kB at 161 kB/s)
[282955af-507e-4991-95c4-0d57188706ad/build]   | [INFO] ------------------------------------------------------------------------
[282955af-507e-4991-95c4-0d57188706ad/build]   | [INFO] Detecting the operating system and CPU architecture
[282955af-507e-4991-95c4-0d57188706ad/build]   | [INFO] ------------------------------------------------------------------------
[282955af-507e-4991-95c4-0d57188706ad/build]   | [INFO] os.detected.name: linux
[282955af-507e-4991-95c4-0d57188706ad/build]   | [INFO] os.detected.arch: x86_64
[282955af-507e-4991-95c4-0d57188706ad/build]   | [INFO] os.detected.bitness: 64
[282955af-507e-4991-95c4-0d57188706ad/build]   | [INFO] os.detected.version: 5.15
[282955af-507e-4991-95c4-0d57188706ad/build]   | [INFO] os.detected.version.major: 5
[282955af-507e-4991-95c4-0d57188706ad/build]   | [INFO] os.detected.version.minor: 15
[282955af-507e-4991-95c4-0d57188706ad/build]   | [INFO] os.detected.release: ubuntu
[282955af-507e-4991-95c4-0d57188706ad/build]   | [INFO] os.detected.release.version: 22.04
[282955af-507e-4991-95c4-0d57188706ad/build]   | [INFO] os.detected.release.like.ubuntu: true
[282955af-507e-4991-95c4-0d57188706ad/build]   | [INFO] os.detected.release.like.debian: true
[282955af-507e-4991-95c4-0d57188706ad/build]   | [INFO] os.detected.classifier: linux-x86_64
[282955af-507e-4991-95c4-0d57188706ad/build]   | [INFO] 
[282955af-507e-4991-95c4-0d57188706ad/build]   | [INFO] ---------------------------< it.mulders:mcs >---------------------------
[282955af-507e-4991-95c4-0d57188706ad/build]   | [INFO] Building Maven Central Search 0.3.5-SNAPSHOT
[282955af-507e-4991-95c4-0d57188706ad/build]   | [INFO]   from pom.xml
[282955af-507e-4991-95c4-0d57188706ad/build]   | [INFO] --------------------------------[ jar ]---------------------------------
[282955af-507e-4991-95c4-0d57188706ad/build]   | [INFO] Downloading from central: https://repo.maven.apache.org/maven2/org/apache/maven/plugins/maven-failsafe-plugin/3.1.2/maven-failsafe-plugin-3.1.2.pom
[282955af-507e-4991-95c4-0d57188706ad/build]   | [INFO] Downloaded from central: https://repo.maven.apache.org/maven2/org/apache/maven/plugins/maven-failsafe-plugin/3.1.2/maven-failsafe-plugin-3.1.2.pom (10 kB at 198 kB/s)
[282955af-507e-4991-95c4-0d57188706ad/build]   | [INFO] Downloading from central: https://repo.maven.apache.org/maven2/org/apache/maven/surefire/surefire/3.1.2/surefire-3.1.2.pom
[282955af-507e-4991-95c4-0d57188706ad/build]   | [INFO] Downloaded from central: https://repo.maven.apache.org/maven2/org/apache/maven/surefire/surefire/3.1.2/surefire-3.1.2.pom (22 kB at 442 kB/s)
[282955af-507e-4991-95c4-0d57188706ad/build]   | [INFO] Downloading from central: https://repo.maven.apache.org/maven2/org/apache/maven/maven-parent/39/maven-parent-39.pom
[282955af-507e-4991-95c4-0d57188706ad/build]   | [INFO] Downloaded from central: https://repo.maven.apache.org/maven2/org/apache/maven/maven-parent/39/maven-parent-39.pom (48 kB at 941 kB/s)
[282955af-507e-4991-95c4-0d57188706ad/build]   | [INFO] Downloading from central: https://repo.maven.apache.org/maven2/org/apache/apache/29/apache-29.pom
[282955af-507e-4991-95c4-0d57188706ad/build]   | [INFO] Downloaded from central: https://repo.maven.apache.org/maven2/org/apache/apache/29/apache-29.pom (21 kB at 168 kB/s)
[282955af-507e-4991-95c4-0d57188706ad/build]   | [INFO] Downloading from central: https://repo.maven.apache.org/maven2/org/apache/maven/plugins/maven-failsafe-plugin/3.1.2/maven-failsafe-plugin-3.1.2.jar
[282955af-507e-4991-95c4-0d57188706ad/build]   | [INFO] Downloaded from central: https://repo.maven.apache.org/maven2/org/apache/maven/plugins/maven-failsafe-plugin/3.1.2/maven-failsafe-plugin-3.1.2.jar (54 kB at 503 kB/s)
[282955af-507e-4991-95c4-0d57188706ad/build]   | [INFO] Downloading from central: https://repo.maven.apache.org/maven2/org/apache/maven/plugins/maven-resources-plugin/3.3.0/maven-resources-plugin-3.3.0.pom
[282955af-507e-4991-95c4-0d57188706ad/build]   | [INFO] Downloaded from central: https://repo.maven.apache.org/maven2/org/apache/maven/plugins/maven-resources-plugin/3.3.0/maven-resources-plugin-3.3.0.pom (8.5 kB at 59 kB/s)
[282955af-507e-4991-95c4-0d57188706ad/build]   | [INFO] Downloading from central: https://repo.maven.apache.org/maven2/org/apache/maven/plugins/maven-plugins/36/maven-plugins-36.pom
[282955af-507e-4991-95c4-0d57188706ad/build]   | [INFO] Downloaded from central: https://repo.maven.apache.org/maven2/org/apache/maven/plugins/maven-plugins/36/maven-plugins-36.pom (9.9 kB at 230 kB/s)
[282955af-507e-4991-95c4-0d57188706ad/build]   | [INFO] Downloading from central: https://repo.maven.apache.org/maven2/org/apache/maven/maven-parent/36/maven-parent-36.pom
[282955af-507e-4991-95c4-0d57188706ad/build]   | [INFO] Downloaded from central: https://repo.maven.apache.org/maven2/org/apache/maven/maven-parent/36/maven-parent-36.pom (45 kB at 1.0 MB/s)
[282955af-507e-4991-95c4-0d57188706ad/build]   | [INFO] Downloading from central: https://repo.maven.apache.org/maven2/org/apache/apache/26/apache-26.pom
[282955af-507e-4991-95c4-0d57188706ad/build]   | [INFO] Downloaded from central: https://repo.maven.apache.org/maven2/org/apache/apache/26/apache-26.pom (21 kB at 446 kB/s)
[282955af-507e-4991-95c4-0d57188706ad/build]   | [INFO] Downloading from central: https://repo.maven.apache.org/maven2/org/apache/maven/plugins/maven-resources-plugin/3.3.0/maven-resources-plugin-3.3.0.jar
[282955af-507e-4991-95c4-0d57188706ad/build]   | [INFO] Downloaded from central: https://repo.maven.apache.org/maven2/org/apache/maven/plugins/maven-resources-plugin/3.3.0/maven-resources-plugin-3.3.0.jar (32 kB at 242 kB/s)
[282955af-507e-4991-95c4-0d57188706ad/build]   | [INFO] Downloading from central: https://repo.maven.apache.org/maven2/org/apache/maven/plugins/maven-compiler-plugin/3.11.0/maven-compiler-plugin-3.11.0.pom
[282955af-507e-4991-95c4-0d57188706ad/build]   | [INFO] Downloaded from central: https://repo.maven.apache.org/maven2/org/apache/maven/plugins/maven-compiler-plugin/3.11.0/maven-compiler-plugin-3.11.0.pom (9.8 kB at 127 kB/s)
[282955af-507e-4991-95c4-0d57188706ad/build]   | [INFO] Downloading from central: https://repo.maven.apache.org/maven2/org/apache/maven/plugins/maven-plugins/39/maven-plugins-39.pom
[282955af-507e-4991-95c4-0d57188706ad/build]   | [INFO] Downloaded from central: https://repo.maven.apache.org/maven2/org/apache/maven/plugins/maven-plugins/39/maven-plugins-39.pom (8.1 kB at 300 kB/s)
[282955af-507e-4991-95c4-0d57188706ad/build]   | [INFO] Downloading from central: https://repo.maven.apache.org/maven2/org/apache/maven/plugins/maven-compiler-plugin/3.11.0/maven-compiler-plugin-3.11.0.jar
[282955af-507e-4991-95c4-0d57188706ad/build]   | [INFO] Downloaded from central: https://repo.maven.apache.org/maven2/org/apache/maven/plugins/maven-compiler-plugin/3.11.0/maven-compiler-plugin-3.11.0.jar (66 kB at 1.2 MB/s)
[282955af-507e-4991-95c4-0d57188706ad/build]   | [INFO] Downloading from central: https://repo.maven.apache.org/maven2/org/apache/maven/plugins/maven-surefire-plugin/3.1.2/maven-surefire-plugin-3.1.2.pom
[282955af-507e-4991-95c4-0d57188706ad/build]   | [INFO] Downloaded from central: https://repo.maven.apache.org/maven2/org/apache/maven/plugins/maven-surefire-plugin/3.1.2/maven-surefire-plugin-3.1.2.pom (5.5 kB at 143 kB/s)
[282955af-507e-4991-95c4-0d57188706ad/build]   | [INFO] Downloading from central: https://repo.maven.apache.org/maven2/org/apache/maven/plugins/maven-surefire-plugin/3.1.2/maven-surefire-plugin-3.1.2.jar
[282955af-507e-4991-95c4-0d57188706ad/build]   | [INFO] Downloaded from central: https://repo.maven.apache.org/maven2/org/apache/maven/plugins/maven-surefire-plugin/3.1.2/maven-surefire-plugin-3.1.2.jar (43 kB at 1.0 MB/s)
[282955af-507e-4991-95c4-0d57188706ad/build]   | [INFO] Downloading from central: https://repo.maven.apache.org/maven2/org/apache/maven/plugins/maven-jar-plugin/3.3.0/maven-jar-plugin-3.3.0.pom
[282955af-507e-4991-95c4-0d57188706ad/build]   | [INFO] Downloaded from central: https://repo.maven.apache.org/maven2/org/apache/maven/plugins/maven-jar-plugin/3.3.0/maven-jar-plugin-3.3.0.pom (6.8 kB at 144 kB/s)
[282955af-507e-4991-95c4-0d57188706ad/build]   | [INFO] Downloading from central: https://repo.maven.apache.org/maven2/org/apache/maven/plugins/maven-plugins/37/maven-plugins-37.pom
[282955af-507e-4991-95c4-0d57188706ad/build]   | [INFO] Downloaded from central: https://repo.maven.apache.org/maven2/org/apache/maven/plugins/maven-plugins/37/maven-plugins-37.pom (9.9 kB at 254 kB/s)
[282955af-507e-4991-95c4-0d57188706ad/build]   | [INFO] Downloading from central: https://repo.maven.apache.org/maven2/org/apache/maven/maven-parent/37/maven-parent-37.pom
[282955af-507e-4991-95c4-0d57188706ad/build]   | [INFO] Downloaded from central: https://repo.maven.apache.org/maven2/org/apache/maven/maven-parent/37/maven-parent-37.pom (46 kB at 1.1 MB/s)
[282955af-507e-4991-95c4-0d57188706ad/build]   | [INFO] Downloading from central: https://repo.maven.apache.org/maven2/org/apache/apache/27/apache-27.pom
[282955af-507e-4991-95c4-0d57188706ad/build]   | [INFO] Downloaded from central: https://repo.maven.apache.org/maven2/org/apache/apache/27/apache-27.pom (20 kB at 407 kB/s)
[282955af-507e-4991-95c4-0d57188706ad/build]   | [INFO] Downloading from central: https://repo.maven.apache.org/maven2/org/apache/maven/plugins/maven-jar-plugin/3.3.0/maven-jar-plugin-3.3.0.jar
[282955af-507e-4991-95c4-0d57188706ad/build]   | [INFO] Downloaded from central: https://repo.maven.apache.org/maven2/org/apache/maven/plugins/maven-jar-plugin/3.3.0/maven-jar-plugin-3.3.0.jar (27 kB at 882 kB/s)
[282955af-507e-4991-95c4-0d57188706ad/build]   | [INFO] Downloading from central: https://repo.maven.apache.org/maven2/org/apache/maven/plugins/maven-shade-plugin/3.4.1/maven-shade-plugin-3.4.1.pom
[282955af-507e-4991-95c4-0d57188706ad/build]   | [INFO] Downloaded from central: https://repo.maven.apache.org/maven2/org/apache/maven/plugins/maven-shade-plugin/3.4.1/maven-shade-plugin-3.4.1.pom (13 kB at 443 kB/s)
[282955af-507e-4991-95c4-0d57188706ad/build]   | [INFO] Downloading from central: https://repo.maven.apache.org/maven2/org/apache/maven/plugins/maven-shade-plugin/3.4.1/maven-shade-plugin-3.4.1.jar
[282955af-507e-4991-95c4-0d57188706ad/build]   | [INFO] Downloaded from central: https://repo.maven.apache.org/maven2/org/apache/maven/plugins/maven-shade-plugin/3.4.1/maven-shade-plugin-3.4.1.jar (143 kB at 8.4 MB/s)
[282955af-507e-4991-95c4-0d57188706ad/build]   | [INFO] Downloading from central: https://repo.maven.apache.org/maven2/org/apache/maven/plugins/maven-assembly-plugin/3.5.0/maven-assembly-plugin-3.5.0.pom
[282955af-507e-4991-95c4-0d57188706ad/build]   | [INFO] Downloaded from central: https://repo.maven.apache.org/maven2/org/apache/maven/plugins/maven-assembly-plugin/3.5.0/maven-assembly-plugin-3.5.0.pom (14 kB at 397 kB/s)
[282955af-507e-4991-95c4-0d57188706ad/build]   | [INFO] Downloading from central: https://repo.maven.apache.org/maven2/org/apache/maven/plugins/maven-assembly-plugin/3.5.0/maven-assembly-plugin-3.5.0.jar
[282955af-507e-4991-95c4-0d57188706ad/build]   | [INFO] Downloaded from central: https://repo.maven.apache.org/maven2/org/apache/maven/plugins/maven-assembly-plugin/3.5.0/maven-assembly-plugin-3.5.0.jar (253 kB at 7.5 MB/s)
[282955af-507e-4991-95c4-0d57188706ad/build]   | [INFO] Downloading from central: https://repo.maven.apache.org/maven2/com/fasterxml/jackson/jr/jackson-jr-objects/2.14.1/jackson-jr-objects-2.14.1.pom
[282955af-507e-4991-95c4-0d57188706ad/build]   | [INFO] Downloaded from central: https://repo.maven.apache.org/maven2/com/fasterxml/jackson/jr/jackson-jr-objects/2.14.1/jackson-jr-objects-2.14.1.pom (4.7 kB at 162 kB/s)
[282955af-507e-4991-95c4-0d57188706ad/build]   | [INFO] Downloading from central: https://repo.maven.apache.org/maven2/com/fasterxml/jackson/jr/jackson-jr-parent/2.14.1/jackson-jr-parent-2.14.1.pom
[282955af-507e-4991-95c4-0d57188706ad/build]   | [INFO] Downloaded from central: https://repo.maven.apache.org/maven2/com/fasterxml/jackson/jr/jackson-jr-parent/2.14.1/jackson-jr-parent-2.14.1.pom (3.0 kB at 82 kB/s)
[282955af-507e-4991-95c4-0d57188706ad/build]   | [INFO] Downloading from central: https://repo.maven.apache.org/maven2/com/fasterxml/jackson/jackson-base/2.14.1/jackson-base-2.14.1.pom
[282955af-507e-4991-95c4-0d57188706ad/build]   | [INFO] Downloaded from central: https://repo.maven.apache.org/maven2/com/fasterxml/jackson/jackson-base/2.14.1/jackson-base-2.14.1.pom (10 kB at 365 kB/s)
[282955af-507e-4991-95c4-0d57188706ad/build]   | [INFO] Downloading from central: https://repo.maven.apache.org/maven2/com/fasterxml/jackson/jackson-bom/2.14.1/jackson-bom-2.14.1.pom
[282955af-507e-4991-95c4-0d57188706ad/build]   | [INFO] Downloaded from central: https://repo.maven.apache.org/maven2/com/fasterxml/jackson/jackson-bom/2.14.1/jackson-bom-2.14.1.pom (17 kB at 448 kB/s)
[282955af-507e-4991-95c4-0d57188706ad/build]   | [INFO] Downloading from central: https://repo.maven.apache.org/maven2/com/fasterxml/jackson/jackson-parent/2.14/jackson-parent-2.14.pom
[282955af-507e-4991-95c4-0d57188706ad/build]   | [INFO] Downloaded from central: https://repo.maven.apache.org/maven2/com/fasterxml/jackson/jackson-parent/2.14/jackson-parent-2.14.pom (7.7 kB at 178 kB/s)
[282955af-507e-4991-95c4-0d57188706ad/build]   | [INFO] Downloading from central: https://repo.maven.apache.org/maven2/com/fasterxml/oss-parent/48/oss-parent-48.pom
[282955af-507e-4991-95c4-0d57188706ad/build]   | [INFO] Downloaded from central: https://repo.maven.apache.org/maven2/com/fasterxml/oss-parent/48/oss-parent-48.pom (24 kB at 720 kB/s)
[282955af-507e-4991-95c4-0d57188706ad/build]   | [INFO] Downloading from central: https://repo.maven.apache.org/maven2/com/fasterxml/jackson/core/jackson-core/2.14.1/jackson-core-2.14.1.pom
[282955af-507e-4991-95c4-0d57188706ad/build]   | [INFO] Downloaded from central: https://repo.maven.apache.org/maven2/com/fasterxml/jackson/core/jackson-core/2.14.1/jackson-core-2.14.1.pom (7.0 kB at 190 kB/s)
[282955af-507e-4991-95c4-0d57188706ad/build]   | [INFO] Downloading from central: https://repo.maven.apache.org/maven2/info/picocli/picocli/4.6.3/picocli-4.6.3.pom
[282955af-507e-4991-95c4-0d57188706ad/build]   | [INFO] Downloaded from central: https://repo.maven.apache.org/maven2/info/picocli/picocli/4.6.3/picocli-4.6.3.pom (1.4 kB at 28 kB/s)
[282955af-507e-4991-95c4-0d57188706ad/build]   | [INFO] Downloading from central: https://repo.maven.apache.org/maven2/org/junit/jupiter/junit-jupiter-api/5.9.3/junit-jupiter-api-5.9.3.pom
[282955af-507e-4991-95c4-0d57188706ad/build]   | [INFO] Downloaded from central: https://repo.maven.apache.org/maven2/org/junit/jupiter/junit-jupiter-api/5.9.3/junit-jupiter-api-5.9.3.pom (3.2 kB at 86 kB/s)
[282955af-507e-4991-95c4-0d57188706ad/build]   | [INFO] Downloading from central: https://repo.maven.apache.org/maven2/org/opentest4j/opentest4j/1.2.0/opentest4j-1.2.0.pom
[282955af-507e-4991-95c4-0d57188706ad/build]   | [INFO] Downloaded from central: https://repo.maven.apache.org/maven2/org/opentest4j/opentest4j/1.2.0/opentest4j-1.2.0.pom (1.7 kB at 39 kB/s)
[282955af-507e-4991-95c4-0d57188706ad/build]   | [INFO] Downloading from central: https://repo.maven.apache.org/maven2/org/junit/platform/junit-platform-commons/1.9.3/junit-platform-commons-1.9.3.pom
[282955af-507e-4991-95c4-0d57188706ad/build]   | [INFO] Downloaded from central: https://repo.maven.apache.org/maven2/org/junit/platform/junit-platform-commons/1.9.3/junit-platform-commons-1.9.3.pom (2.8 kB at 71 kB/s)
[282955af-507e-4991-95c4-0d57188706ad/build]   | [INFO] Downloading from central: https://repo.maven.apache.org/maven2/org/apiguardian/apiguardian-api/1.1.2/apiguardian-api-1.1.2.pom
[282955af-507e-4991-95c4-0d57188706ad/build]   | [INFO] Downloaded from central: https://repo.maven.apache.org/maven2/org/apiguardian/apiguardian-api/1.1.2/apiguardian-api-1.1.2.pom (1.5 kB at 44 kB/s)
[282955af-507e-4991-95c4-0d57188706ad/build]   | [INFO] Downloading from central: https://repo.maven.apache.org/maven2/org/junit/jupiter/junit-jupiter-params/5.9.3/junit-jupiter-params-5.9.3.pom
[282955af-507e-4991-95c4-0d57188706ad/build]   | [INFO] Downloaded from central: https://repo.maven.apache.org/maven2/org/junit/jupiter/junit-jupiter-params/5.9.3/junit-jupiter-params-5.9.3.pom (3.0 kB at 94 kB/s)
[282955af-507e-4991-95c4-0d57188706ad/build]   | [INFO] Downloading from central: https://repo.maven.apache.org/maven2/org/junit/jupiter/junit-jupiter-engine/5.9.3/junit-jupiter-engine-5.9.3.pom
[282955af-507e-4991-95c4-0d57188706ad/build]   | [INFO] Downloaded from central: https://repo.maven.apache.org/maven2/org/junit/jupiter/junit-jupiter-engine/5.9.3/junit-jupiter-engine-5.9.3.pom (3.2 kB at 54 kB/s)
[282955af-507e-4991-95c4-0d57188706ad/build]   | [INFO] Downloading from central: https://repo.maven.apache.org/maven2/org/junit/platform/junit-platform-engine/1.9.3/junit-platform-engine-1.9.3.pom
[282955af-507e-4991-95c4-0d57188706ad/build]   | [INFO] Downloaded from central: https://repo.maven.apache.org/maven2/org/junit/platform/junit-platform-engine/1.9.3/junit-platform-engine-1.9.3.pom (3.2 kB at 74 kB/s)
[282955af-507e-4991-95c4-0d57188706ad/build]   | [INFO] Downloading from central: https://repo.maven.apache.org/maven2/org/assertj/assertj-core/3.24.2/assertj-core-3.24.2.pom
[282955af-507e-4991-95c4-0d57188706ad/build]   | [INFO] Downloaded from central: https://repo.maven.apache.org/maven2/org/assertj/assertj-core/3.24.2/assertj-core-3.24.2.pom (19 kB at 601 kB/s)
[282955af-507e-4991-95c4-0d57188706ad/build]   | [INFO] Downloading from central: https://repo.maven.apache.org/maven2/org/assertj/assertj-parent/3.24.2/assertj-parent-3.24.2.pom
[282955af-507e-4991-95c4-0d57188706ad/build]   | [INFO] Downloaded from central: https://repo.maven.apache.org/maven2/org/assertj/assertj-parent/3.24.2/assertj-parent-3.24.2.pom (13 kB at 268 kB/s)
[282955af-507e-4991-95c4-0d57188706ad/build]   | [INFO] Downloading from central: https://repo.maven.apache.org/maven2/org/assertj/assertj-build/3.24.2/assertj-build-3.24.2.pom
[282955af-507e-4991-95c4-0d57188706ad/build]   | [INFO] Downloaded from central: https://repo.maven.apache.org/maven2/org/assertj/assertj-build/3.24.2/assertj-build-3.24.2.pom (8.8 kB at 169 kB/s)
[282955af-507e-4991-95c4-0d57188706ad/build]   | [INFO] Downloading from central: https://repo.maven.apache.org/maven2/org/junit/junit-bom/5.9.1/junit-bom-5.9.1.pom
[282955af-507e-4991-95c4-0d57188706ad/build]   | [INFO] Downloaded from central: https://repo.maven.apache.org/maven2/org/junit/junit-bom/5.9.1/junit-bom-5.9.1.pom (5.6 kB at 137 kB/s)
[282955af-507e-4991-95c4-0d57188706ad/build]   | [INFO] Downloading from central: https://repo.maven.apache.org/maven2/org/mockito/mockito-bom/4.11.0/mockito-bom-4.11.0.pom
[282955af-507e-4991-95c4-0d57188706ad/build]   | [INFO] Downloaded from central: https://repo.maven.apache.org/maven2/org/mockito/mockito-bom/4.11.0/mockito-bom-4.11.0.pom (3.2 kB at 83 kB/s)
[282955af-507e-4991-95c4-0d57188706ad/build]   | [INFO] Downloading from central: https://repo.maven.apache.org/maven2/net/bytebuddy/byte-buddy/1.12.21/byte-buddy-1.12.21.pom
[282955af-507e-4991-95c4-0d57188706ad/build]   | [INFO] Downloaded from central: https://repo.maven.apache.org/maven2/net/bytebuddy/byte-buddy/1.12.21/byte-buddy-1.12.21.pom (16 kB at 528 kB/s)
[282955af-507e-4991-95c4-0d57188706ad/build]   | [INFO] Downloading from central: https://repo.maven.apache.org/maven2/net/bytebuddy/byte-buddy-parent/1.12.21/byte-buddy-parent-1.12.21.pom
[282955af-507e-4991-95c4-0d57188706ad/build]   | [INFO] Downloaded from central: https://repo.maven.apache.org/maven2/net/bytebuddy/byte-buddy-parent/1.12.21/byte-buddy-parent-1.12.21.pom (58 kB at 2.2 MB/s)
[282955af-507e-4991-95c4-0d57188706ad/build]   | [INFO] Downloading from central: https://repo.maven.apache.org/maven2/com/github/tomakehurst/wiremock-jre8/2.35.0/wiremock-jre8-2.35.0.pom
[282955af-507e-4991-95c4-0d57188706ad/build]   | [INFO] Downloaded from central: https://repo.maven.apache.org/maven2/com/github/tomakehurst/wiremock-jre8/2.35.0/wiremock-jre8-2.35.0.pom (7.9 kB at 317 kB/s)
[282955af-507e-4991-95c4-0d57188706ad/build]   | [INFO] Downloading from central: https://repo.maven.apache.org/maven2/org/eclipse/jetty/jetty-bom/9.4.49.v20220914/jetty-bom-9.4.49.v20220914.pom
[282955af-507e-4991-95c4-0d57188706ad/build]   | [INFO] Downloaded from central: https://repo.maven.apache.org/maven2/org/eclipse/jetty/jetty-bom/9.4.49.v20220914/jetty-bom-9.4.49.v20220914.pom (18 kB at 981 kB/s)
[282955af-507e-4991-95c4-0d57188706ad/build]   | [INFO] Downloading from central: https://repo.maven.apache.org/maven2/com/fasterxml/jackson/jackson-bom/2.13.4.20221013/jackson-bom-2.13.4.20221013.pom
[282955af-507e-4991-95c4-0d57188706ad/build]   | [INFO] Downloaded from central: https://repo.maven.apache.org/maven2/com/fasterxml/jackson/jackson-bom/2.13.4.20221013/jackson-bom-2.13.4.20221013.pom (17 kB at 579 kB/s)
[282955af-507e-4991-95c4-0d57188706ad/build]   | [INFO] Downloading from central: https://repo.maven.apache.org/maven2/com/fasterxml/jackson/jackson-parent/2.13/jackson-parent-2.13.pom
[282955af-507e-4991-95c4-0d57188706ad/build]   | [INFO] Downloaded from central: https://repo.maven.apache.org/maven2/com/fasterxml/jackson/jackson-parent/2.13/jackson-parent-2.13.pom (7.4 kB at 371 kB/s)
[282955af-507e-4991-95c4-0d57188706ad/build]   | [INFO] Downloading from central: https://repo.maven.apache.org/maven2/com/fasterxml/oss-parent/43/oss-parent-43.pom
[282955af-507e-4991-95c4-0d57188706ad/build]   | [INFO] Downloaded from central: https://repo.maven.apache.org/maven2/com/fasterxml/oss-parent/43/oss-parent-43.pom (24 kB at 874 kB/s)
[282955af-507e-4991-95c4-0d57188706ad/build]   | [INFO] Downloading from central: https://repo.maven.apache.org/maven2/org/eclipse/jetty/jetty-server/9.4.49.v20220914/jetty-server-9.4.49.v20220914.pom
[282955af-507e-4991-95c4-0d57188706ad/build]   | [INFO] Downloaded from central: https://repo.maven.apache.org/maven2/org/eclipse/jetty/jetty-server/9.4.49.v20220914/jetty-server-9.4.49.v20220914.pom (3.4 kB at 137 kB/s)
[282955af-507e-4991-95c4-0d57188706ad/build]   | [INFO] Downloading from central: https://repo.maven.apache.org/maven2/org/eclipse/jetty/jetty-project/9.4.49.v20220914/jetty-project-9.4.49.v20220914.pom
[282955af-507e-4991-95c4-0d57188706ad/build]   | [INFO] Downloaded from central: https://repo.maven.apache.org/maven2/org/eclipse/jetty/jetty-project/9.4.49.v20220914/jetty-project-9.4.49.v20220914.pom (72 kB at 2.9 MB/s)
[282955af-507e-4991-95c4-0d57188706ad/build]   | [INFO] Downloading from central: https://repo.maven.apache.org/maven2/org/junit/junit-bom/5.8.2/junit-bom-5.8.2.pom
[282955af-507e-4991-95c4-0d57188706ad/build]   | [INFO] Downloaded from central: https://repo.maven.apache.org/maven2/org/junit/junit-bom/5.8.2/junit-bom-5.8.2.pom (5.6 kB at 352 kB/s)
[282955af-507e-4991-95c4-0d57188706ad/build]   | [INFO] Downloading from central: https://repo.maven.apache.org/maven2/org/testcontainers/testcontainers-bom/1.16.1/testcontainers-bom-1.16.1.pom
[282955af-507e-4991-95c4-0d57188706ad/build]   | [INFO] Downloaded from central: https://repo.maven.apache.org/maven2/org/testcontainers/testcontainers-bom/1.16.1/testcontainers-bom-1.16.1.pom (7.2 kB at 425 kB/s)
[282955af-507e-4991-95c4-0d57188706ad/build]   | [INFO] Downloading from central: https://repo.maven.apache.org/maven2/org/infinispan/infinispan-bom/11.0.15.Final/infinispan-bom-11.0.15.Final.pom
[282955af-507e-4991-95c4-0d57188706ad/build]   | [INFO] Downloaded from central: https://repo.maven.apache.org/maven2/org/infinispan/infinispan-bom/11.0.15.Final/infinispan-bom-11.0.15.Final.pom (19 kB at 1.3 MB/s)
[282955af-507e-4991-95c4-0d57188706ad/build]   | [INFO] Downloading from central: https://repo.maven.apache.org/maven2/org/infinispan/infinispan-build-configuration-parent/11.0.15.Final/infinispan-build-configuration-parent-11.0.15.Final.pom
[282955af-507e-4991-95c4-0d57188706ad/build]   | [INFO] Downloaded from central: https://repo.maven.apache.org/maven2/org/infinispan/infinispan-build-configuration-parent/11.0.15.Final/infinispan-build-configuration-parent-11.0.15.Final.pom (13 kB at 832 kB/s)
[282955af-507e-4991-95c4-0d57188706ad/build]   | [INFO] Downloading from central: https://repo.maven.apache.org/maven2/org/jboss/jboss-parent/36/jboss-parent-36.pom
[282955af-507e-4991-95c4-0d57188706ad/build]   | [INFO] Downloaded from central: https://repo.maven.apache.org/maven2/org/jboss/jboss-parent/36/jboss-parent-36.pom (66 kB at 4.4 MB/s)
[282955af-507e-4991-95c4-0d57188706ad/build]   | [INFO] Downloading from central: https://repo.maven.apache.org/maven2/javax/servlet/javax.servlet-api/3.1.0/javax.servlet-api-3.1.0.pom
[282955af-507e-4991-95c4-0d57188706ad/build]   | [INFO] Downloaded from central: https://repo.maven.apache.org/maven2/javax/servlet/javax.servlet-api/3.1.0/javax.servlet-api-3.1.0.pom (14 kB at 796 kB/s)
[282955af-507e-4991-95c4-0d57188706ad/build]   | [INFO] Downloading from central: https://repo.maven.apache.org/maven2/net/java/jvnet-parent/3/jvnet-parent-3.pom
[282955af-507e-4991-95c4-0d57188706ad/build]   | [INFO] Downloaded from central: https://repo.maven.apache.org/maven2/net/java/jvnet-parent/3/jvnet-parent-3.pom (4.8 kB at 239 kB/s)
[282955af-507e-4991-95c4-0d57188706ad/build]   | [INFO] Downloading from central: https://repo.maven.apache.org/maven2/org/eclipse/jetty/jetty-http/9.4.49.v20220914/jetty-http-9.4.49.v20220914.pom
[282955af-507e-4991-95c4-0d57188706ad/build]   | [INFO] Downloaded from central: https://repo.maven.apache.org/maven2/org/eclipse/jetty/jetty-http/9.4.49.v20220914/jetty-http-9.4.49.v20220914.pom (4.0 kB at 112 kB/s)
[282955af-507e-4991-95c4-0d57188706ad/build]   | [INFO] Downloading from central: https://repo.maven.apache.org/maven2/org/eclipse/jetty/jetty-util/9.4.49.v20220914/jetty-util-9.4.49.v20220914.pom
[282955af-507e-4991-95c4-0d57188706ad/build]   | [INFO] Downloaded from central: https://repo.maven.apache.org/maven2/org/eclipse/jetty/jetty-util/9.4.49.v20220914/jetty-util-9.4.49.v20220914.pom (4.0 kB at 119 kB/s)
[282955af-507e-4991-95c4-0d57188706ad/build]   | [INFO] Downloading from central: https://repo.maven.apache.org/maven2/org/eclipse/jetty/jetty-io/9.4.49.v20220914/jetty-io-9.4.49.v20220914.pom
[282955af-507e-4991-95c4-0d57188706ad/build]   | [INFO] Downloaded from central: https://repo.maven.apache.org/maven2/org/eclipse/jetty/jetty-io/9.4.49.v20220914/jetty-io-9.4.49.v20220914.pom (1.2 kB at 65 kB/s)
[282955af-507e-4991-95c4-0d57188706ad/build]   | [INFO] Downloading from central: https://repo.maven.apache.org/maven2/org/eclipse/jetty/jetty-servlet/9.4.49.v20220914/jetty-servlet-9.4.49.v20220914.pom
[282955af-507e-4991-95c4-0d57188706ad/build]   | [INFO] Downloaded from central: https://repo.maven.apache.org/maven2/org/eclipse/jetty/jetty-servlet/9.4.49.v20220914/jetty-servlet-9.4.49.v20220914.pom (2.3 kB at 162 kB/s)
[282955af-507e-4991-95c4-0d57188706ad/build]   | [INFO] Downloading from central: https://repo.maven.apache.org/maven2/org/eclipse/jetty/jetty-security/9.4.49.v20220914/jetty-security-9.4.49.v20220914.pom
[282955af-507e-4991-95c4-0d57188706ad/build]   | [INFO] Downloaded from central: https://repo.maven.apache.org/maven2/org/eclipse/jetty/jetty-security/9.4.49.v20220914/jetty-security-9.4.49.v20220914.pom (2.1 kB at 87 kB/s)
[282955af-507e-4991-95c4-0d57188706ad/build]   | [INFO] Downloading from central: https://repo.maven.apache.org/maven2/org/eclipse/jetty/jetty-util-ajax/9.4.49.v20220914/jetty-util-ajax-9.4.49.v20220914.pom
[282955af-507e-4991-95c4-0d57188706ad/build]   | [INFO] Downloaded from central: https://repo.maven.apache.org/maven2/org/eclipse/jetty/jetty-util-ajax/9.4.49.v20220914/jetty-util-ajax-9.4.49.v20220914.pom (1.3 kB at 78 kB/s)
[282955af-507e-4991-95c4-0d57188706ad/build]   | [INFO] Downloading from central: https://repo.maven.apache.org/maven2/org/eclipse/jetty/jetty-servlets/9.4.49.v20220914/jetty-servlets-9.4.49.v20220914.pom
[282955af-507e-4991-95c4-0d57188706ad/build]   | [INFO] Downloaded from central: https://repo.maven.apache.org/maven2/org/eclipse/jetty/jetty-servlets/9.4.49.v20220914/jetty-servlets-9.4.49.v20220914.pom (2.6 kB at 138 kB/s)
[282955af-507e-4991-95c4-0d57188706ad/build]   | [INFO] Downloading from central: https://repo.maven.apache.org/maven2/org/eclipse/jetty/jetty-continuation/9.4.49.v20220914/jetty-continuation-9.4.49.v20220914.pom
[282955af-507e-4991-95c4-0d57188706ad/build]   | [INFO] Downloaded from central: https://repo.maven.apache.org/maven2/org/eclipse/jetty/jetty-continuation/9.4.49.v20220914/jetty-continuation-9.4.49.v20220914.pom (952 B at 73 kB/s)
[282955af-507e-4991-95c4-0d57188706ad/build]   | [INFO] Downloading from central: https://repo.maven.apache.org/maven2/org/eclipse/jetty/jetty-webapp/9.4.49.v20220914/jetty-webapp-9.4.49.v20220914.pom
[282955af-507e-4991-95c4-0d57188706ad/build]   | [INFO] Downloaded from central: https://repo.maven.apache.org/maven2/org/eclipse/jetty/jetty-webapp/9.4.49.v20220914/jetty-webapp-9.4.49.v20220914.pom (3.2 kB at 227 kB/s)
[282955af-507e-4991-95c4-0d57188706ad/build]   | [INFO] Downloading from central: https://repo.maven.apache.org/maven2/org/eclipse/jetty/jetty-xml/9.4.49.v20220914/jetty-xml-9.4.49.v20220914.pom
[282955af-507e-4991-95c4-0d57188706ad/build]   | [INFO] Downloaded from central: https://repo.maven.apache.org/maven2/org/eclipse/jetty/jetty-xml/9.4.49.v20220914/jetty-xml-9.4.49.v20220914.pom (1.7 kB at 111 kB/s)
[282955af-507e-4991-95c4-0d57188706ad/build]   | [INFO] Downloading from central: https://repo.maven.apache.org/maven2/org/eclipse/jetty/jetty-proxy/9.4.49.v20220914/jetty-proxy-9.4.49.v20220914.pom
[282955af-507e-4991-95c4-0d57188706ad/build]   | [INFO] Downloaded from central: https://repo.maven.apache.org/maven2/org/eclipse/jetty/jetty-proxy/9.4.49.v20220914/jetty-proxy-9.4.49.v20220914.pom (2.2 kB at 242 kB/s)
[282955af-507e-4991-95c4-0d57188706ad/build]   | [INFO] Downloading from central: https://repo.maven.apache.org/maven2/org/eclipse/jetty/jetty-client/9.4.49.v20220914/jetty-client-9.4.49.v20220914.pom
[282955af-507e-4991-95c4-0d57188706ad/build]   | [INFO] Downloaded from central: https://repo.maven.apache.org/maven2/org/eclipse/jetty/jetty-client/9.4.49.v20220914/jetty-client-9.4.49.v20220914.pom (5.1 kB at 222 kB/s)
[282955af-507e-4991-95c4-0d57188706ad/build]   | [INFO] Downloading from central: https://repo.maven.apache.org/maven2/org/eclipse/jetty/http2/http2-server/9.4.49.v20220914/http2-server-9.4.49.v20220914.pom
[282955af-507e-4991-95c4-0d57188706ad/build]   | [INFO] Downloaded from central: https://repo.maven.apache.org/maven2/org/eclipse/jetty/http2/http2-server/9.4.49.v20220914/http2-server-9.4.49.v20220914.pom (3.7 kB at 337 kB/s)
[282955af-507e-4991-95c4-0d57188706ad/build]   | [INFO] Downloading from central: https://repo.maven.apache.org/maven2/org/eclipse/jetty/http2/http2-parent/9.4.49.v20220914/http2-parent-9.4.49.v20220914.pom
[282955af-507e-4991-95c4-0d57188706ad/build]   | [INFO] Downloaded from central: https://repo.maven.apache.org/maven2/org/eclipse/jetty/http2/http2-parent/9.4.49.v20220914/http2-parent-9.4.49.v20220914.pom (1.1 kB at 133 kB/s)
[282955af-507e-4991-95c4-0d57188706ad/build]   | [INFO] Downloading from central: https://repo.maven.apache.org/maven2/org/eclipse/jetty/http2/http2-common/9.4.49.v20220914/http2-common-9.4.49.v20220914.pom
[282955af-507e-4991-95c4-0d57188706ad/build]   | [INFO] Downloaded from central: https://repo.maven.apache.org/maven2/org/eclipse/jetty/http2/http2-common/9.4.49.v20220914/http2-common-9.4.49.v20220914.pom (1.2 kB at 133 kB/s)
[282955af-507e-4991-95c4-0d57188706ad/build]   | [INFO] Downloading from central: https://repo.maven.apache.org/maven2/org/eclipse/jetty/http2/http2-hpack/9.4.49.v20220914/http2-hpack-9.4.49.v20220914.pom
[282955af-507e-4991-95c4-0d57188706ad/build]   | [INFO] Downloaded from central: https://repo.maven.apache.org/maven2/org/eclipse/jetty/http2/http2-hpack/9.4.49.v20220914/http2-hpack-9.4.49.v20220914.pom (2.4 kB at 304 kB/s)
[282955af-507e-4991-95c4-0d57188706ad/build]   | [INFO] Downloading from central: https://repo.maven.apache.org/maven2/org/eclipse/jetty/jetty-alpn-server/9.4.49.v20220914/jetty-alpn-server-9.4.49.v20220914.pom
[282955af-507e-4991-95c4-0d57188706ad/build]   | [INFO] Downloaded from central: https://repo.maven.apache.org/maven2/org/eclipse/jetty/jetty-alpn-server/9.4.49.v20220914/jetty-alpn-server-9.4.49.v20220914.pom (2.7 kB at 335 kB/s)
[282955af-507e-4991-95c4-0d57188706ad/build]   | [INFO] Downloading from central: https://repo.maven.apache.org/maven2/org/eclipse/jetty/jetty-alpn-parent/9.4.49.v20220914/jetty-alpn-parent-9.4.49.v20220914.pom
[282955af-507e-4991-95c4-0d57188706ad/build]   | [INFO] Downloaded from central: https://repo.maven.apache.org/maven2/org/eclipse/jetty/jetty-alpn-parent/9.4.49.v20220914/jetty-alpn-parent-9.4.49.v20220914.pom (1.1 kB at 134 kB/s)
[282955af-507e-4991-95c4-0d57188706ad/build]   | [INFO] Downloading from central: https://repo.maven.apache.org/maven2/org/eclipse/jetty/jetty-alpn-java-server/9.4.49.v20220914/jetty-alpn-java-server-9.4.49.v20220914.pom
[282955af-507e-4991-95c4-0d57188706ad/build]   | [INFO] Downloaded from central: https://repo.maven.apache.org/maven2/org/eclipse/jetty/jetty-alpn-java-server/9.4.49.v20220914/jetty-alpn-java-server-9.4.49.v20220914.pom (2.3 kB at 291 kB/s)
[282955af-507e-4991-95c4-0d57188706ad/build]   | [INFO] Downloading from central: https://repo.maven.apache.org/maven2/org/eclipse/jetty/jetty-alpn-openjdk8-server/9.4.49.v20220914/jetty-alpn-openjdk8-server-9.4.49.v20220914.pom
[282955af-507e-4991-95c4-0d57188706ad/build]   | [INFO] Downloaded from central: https://repo.maven.apache.org/maven2/org/eclipse/jetty/jetty-alpn-openjdk8-server/9.4.49.v20220914/jetty-alpn-openjdk8-server-9.4.49.v20220914.pom (2.9 kB at 205 kB/s)
[282955af-507e-4991-95c4-0d57188706ad/build]   | [INFO] Downloading from central: https://repo.maven.apache.org/maven2/org/eclipse/jetty/jetty-alpn-java-client/9.4.49.v20220914/jetty-alpn-java-client-9.4.49.v20220914.pom
[282955af-507e-4991-95c4-0d57188706ad/build]   | [INFO] Downloaded from central: https://repo.maven.apache.org/maven2/org/eclipse/jetty/jetty-alpn-java-client/9.4.49.v20220914/jetty-alpn-java-client-9.4.49.v20220914.pom (2.1 kB at 257 kB/s)
[282955af-507e-4991-95c4-0d57188706ad/build]   | [INFO] Downloading from central: https://repo.maven.apache.org/maven2/org/eclipse/jetty/jetty-alpn-client/9.4.49.v20220914/jetty-alpn-client-9.4.49.v20220914.pom
[282955af-507e-4991-95c4-0d57188706ad/build]   | [INFO] Downloaded from central: https://repo.maven.apache.org/maven2/org/eclipse/jetty/jetty-alpn-client/9.4.49.v20220914/jetty-alpn-client-9.4.49.v20220914.pom (2.2 kB at 360 kB/s)
[282955af-507e-4991-95c4-0d57188706ad/build]   | [INFO] Downloading from central: https://repo.maven.apache.org/maven2/org/eclipse/jetty/jetty-alpn-openjdk8-client/9.4.49.v20220914/jetty-alpn-openjdk8-client-9.4.49.v20220914.pom
[282955af-507e-4991-95c4-0d57188706ad/build]   | [INFO] Downloaded from central: https://repo.maven.apache.org/maven2/org/eclipse/jetty/jetty-alpn-openjdk8-client/9.4.49.v20220914/jetty-alpn-openjdk8-client-9.4.49.v20220914.pom (2.7 kB at 338 kB/s)
[282955af-507e-4991-95c4-0d57188706ad/build]   | [INFO] Downloading from central: https://repo.maven.apache.org/maven2/com/google/guava/guava/31.1-jre/guava-31.1-jre.pom
[282955af-507e-4991-95c4-0d57188706ad/build]   | [INFO] Downloaded from central: https://repo.maven.apache.org/maven2/com/google/guava/guava/31.1-jre/guava-31.1-jre.pom (11 kB at 578 kB/s)
[282955af-507e-4991-95c4-0d57188706ad/build]   | [INFO] Downloading from central: https://repo.maven.apache.org/maven2/com/google/guava/guava-parent/31.1-jre/guava-parent-31.1-jre.pom
[282955af-507e-4991-95c4-0d57188706ad/build]   | [INFO] Downloaded from central: https://repo.maven.apache.org/maven2/com/google/guava/guava-parent/31.1-jre/guava-parent-31.1-jre.pom (15 kB at 867 kB/s)
[282955af-507e-4991-95c4-0d57188706ad/build]   | [INFO] Downloading from central: https://repo.maven.apache.org/maven2/com/google/guava/failureaccess/1.0.1/failureaccess-1.0.1.pom
[282955af-507e-4991-95c4-0d57188706ad/build]   | [INFO] Downloaded from central: https://repo.maven.apache.org/maven2/com/google/guava/failureaccess/1.0.1/failureaccess-1.0.1.pom (2.4 kB at 161 kB/s)
[282955af-507e-4991-95c4-0d57188706ad/build]   | [INFO] Downloading from central: https://repo.maven.apache.org/maven2/com/google/guava/guava-parent/26.0-android/guava-parent-26.0-android.pom
[282955af-507e-4991-95c4-0d57188706ad/build]   | [INFO] Downloaded from central: https://repo.maven.apache.org/maven2/com/google/guava/guava-parent/26.0-android/guava-parent-26.0-android.pom (10 kB at 783 kB/s)
[282955af-507e-4991-95c4-0d57188706ad/build]   | [INFO] Downloading from central: https://repo.maven.apache.org/maven2/com/google/guava/listenablefuture/9999.0-empty-to-avoid-conflict-with-guava/listenablefuture-9999.0-empty-to-avoid-conflict-with-guava.pom
[282955af-507e-4991-95c4-0d57188706ad/build]   | [INFO] Downloaded from central: https://repo.maven.apache.org/maven2/com/google/guava/listenablefuture/9999.0-empty-to-avoid-conflict-with-guava/listenablefuture-9999.0-empty-to-avoid-conflict-with-guava.pom (2.3 kB at 175 kB/s)
[282955af-507e-4991-95c4-0d57188706ad/build]   | [INFO] Downloading from central: https://repo.maven.apache.org/maven2/org/checkerframework/checker-qual/3.12.0/checker-qual-3.12.0.pom
[282955af-507e-4991-95c4-0d57188706ad/build]   | [INFO] Downloaded from central: https://repo.maven.apache.org/maven2/org/checkerframework/checker-qual/3.12.0/checker-qual-3.12.0.pom (2.1 kB at 190 kB/s)
[282955af-507e-4991-95c4-0d57188706ad/build]   | [INFO] Downloading from central: https://repo.maven.apache.org/maven2/com/google/errorprone/error_prone_annotations/2.11.0/error_prone_annotations-2.11.0.pom
[282955af-507e-4991-95c4-0d57188706ad/build]   | [INFO] Downloaded from central: https://repo.maven.apache.org/maven2/com/google/errorprone/error_prone_annotations/2.11.0/error_prone_annotations-2.11.0.pom (2.2 kB at 103 kB/s)
[282955af-507e-4991-95c4-0d57188706ad/build]   | [INFO] Downloading from central: https://repo.maven.apache.org/maven2/com/google/errorprone/error_prone_parent/2.11.0/error_prone_parent-2.11.0.pom
[282955af-507e-4991-95c4-0d57188706ad/build]   | [INFO] Downloaded from central: https://repo.maven.apache.org/maven2/com/google/errorprone/error_prone_parent/2.11.0/error_prone_parent-2.11.0.pom (11 kB at 537 kB/s)
[282955af-507e-4991-95c4-0d57188706ad/build]   | [INFO] Downloading from central: https://repo.maven.apache.org/maven2/com/google/j2objc/j2objc-annotations/1.3/j2objc-annotations-1.3.pom
[282955af-507e-4991-95c4-0d57188706ad/build]   | [INFO] Downloaded from central: https://repo.maven.apache.org/maven2/com/google/j2objc/j2objc-annotations/1.3/j2objc-annotations-1.3.pom (2.8 kB at 395 kB/s)
[282955af-507e-4991-95c4-0d57188706ad/build]   | [INFO] Downloading from central: https://repo.maven.apache.org/maven2/com/fasterxml/jackson/core/jackson-core/2.13.4/jackson-core-2.13.4.pom
[282955af-507e-4991-95c4-0d57188706ad/build]   | [INFO] Downloaded from central: https://repo.maven.apache.org/maven2/com/fasterxml/jackson/core/jackson-core/2.13.4/jackson-core-2.13.4.pom (5.5 kB at 615 kB/s)
[282955af-507e-4991-95c4-0d57188706ad/build]   | [INFO] Downloading from central: https://repo.maven.apache.org/maven2/com/fasterxml/jackson/jackson-base/2.13.4/jackson-base-2.13.4.pom
[282955af-507e-4991-95c4-0d57188706ad/build]   | [INFO] Downloaded from central: https://repo.maven.apache.org/maven2/com/fasterxml/jackson/jackson-base/2.13.4/jackson-base-2.13.4.pom (9.9 kB at 449 kB/s)
[282955af-507e-4991-95c4-0d57188706ad/build]   | [INFO] Downloading from central: https://repo.maven.apache.org/maven2/com/fasterxml/jackson/jackson-bom/2.13.4/jackson-bom-2.13.4.pom
[282955af-507e-4991-95c4-0d57188706ad/build]   | [INFO] Downloaded from central: https://repo.maven.apache.org/maven2/com/fasterxml/jackson/jackson-bom/2.13.4/jackson-bom-2.13.4.pom (17 kB at 2.2 MB/s)
[282955af-507e-4991-95c4-0d57188706ad/build]   | [INFO] Downloading from central: https://repo.maven.apache.org/maven2/com/fasterxml/jackson/core/jackson-annotations/2.13.4/jackson-annotations-2.13.4.pom
[282955af-507e-4991-95c4-0d57188706ad/build]   | [INFO] Downloaded from central: https://repo.maven.apache.org/maven2/com/fasterxml/jackson/core/jackson-annotations/2.13.4/jackson-annotations-2.13.4.pom (6.1 kB at 380 kB/s)
[282955af-507e-4991-95c4-0d57188706ad/build]   | [INFO] Downloading from central: https://repo.maven.apache.org/maven2/com/fasterxml/jackson/core/jackson-databind/2.13.4.2/jackson-databind-2.13.4.2.pom
[282955af-507e-4991-95c4-0d57188706ad/build]   | [INFO] Downloaded from central: https://repo.maven.apache.org/maven2/com/fasterxml/jackson/core/jackson-databind/2.13.4.2/jackson-databind-2.13.4.2.pom (17 kB at 662 kB/s)
[282955af-507e-4991-95c4-0d57188706ad/build]   | [INFO] Downloading from central: https://repo.maven.apache.org/maven2/org/apache/httpcomponents/client5/httpclient5/5.1.3/httpclient5-5.1.3.pom
[282955af-507e-4991-95c4-0d57188706ad/build]   | [INFO] Downloaded from central: https://repo.maven.apache.org/maven2/org/apache/httpcomponents/client5/httpclient5/5.1.3/httpclient5-5.1.3.pom (5.8 kB at 723 kB/s)
[282955af-507e-4991-95c4-0d57188706ad/build]   | [INFO] Downloading from central: https://repo.maven.apache.org/maven2/org/apache/httpcomponents/client5/httpclient5-parent/5.1.3/httpclient5-parent-5.1.3.pom
[282955af-507e-4991-95c4-0d57188706ad/build]   | [INFO] Downloaded from central: https://repo.maven.apache.org/maven2/org/apache/httpcomponents/client5/httpclient5-parent/5.1.3/httpclient5-parent-5.1.3.pom (14 kB at 1.0 MB/s)
[282955af-507e-4991-95c4-0d57188706ad/build]   | [INFO] Downloading from central: https://repo.maven.apache.org/maven2/org/apache/httpcomponents/httpcomponents-parent/12/httpcomponents-parent-12.pom
[282955af-507e-4991-95c4-0d57188706ad/build]   | [INFO] Downloaded from central: https://repo.maven.apache.org/maven2/org/apache/httpcomponents/httpcomponents-parent/12/httpcomponents-parent-12.pom (32 kB at 2.7 MB/s)
[282955af-507e-4991-95c4-0d57188706ad/build]   | [INFO] Downloading from central: https://repo.maven.apache.org/maven2/org/apache/apache/23/apache-23.pom
[282955af-507e-4991-95c4-0d57188706ad/build]   | [INFO] Downloaded from central: https://repo.maven.apache.org/maven2/org/apache/apache/23/apache-23.pom (18 kB at 1.4 MB/s)
[282955af-507e-4991-95c4-0d57188706ad/build]   | [INFO] Downloading from central: https://repo.maven.apache.org/maven2/org/apache/httpcomponents/core5/httpcore5/5.1.3/httpcore5-5.1.3.pom
[282955af-507e-4991-95c4-0d57188706ad/build]   | [INFO] Downloaded from central: https://repo.maven.apache.org/maven2/org/apache/httpcomponents/core5/httpcore5/5.1.3/httpcore5-5.1.3.pom (3.8 kB at 316 kB/s)
[282955af-507e-4991-95c4-0d57188706ad/build]   | [INFO] Downloading from central: https://repo.maven.apache.org/maven2/org/apache/httpcomponents/core5/httpcore5-parent/5.1.3/httpcore5-parent-5.1.3.pom
[282955af-507e-4991-95c4-0d57188706ad/build]   | [INFO] Downloaded from central: https://repo.maven.apache.org/maven2/org/apache/httpcomponents/core5/httpcore5-parent/5.1.3/httpcore5-parent-5.1.3.pom (10 kB at 1.3 MB/s)
[282955af-507e-4991-95c4-0d57188706ad/build]   | [INFO] Downloading from central: https://repo.maven.apache.org/maven2/org/apache/httpcomponents/core5/httpcore5-h2/5.1.3/httpcore5-h2-5.1.3.pom
[282955af-507e-4991-95c4-0d57188706ad/build]   | [INFO] Downloaded from central: https://repo.maven.apache.org/maven2/org/apache/httpcomponents/core5/httpcore5-h2/5.1.3/httpcore5-h2-5.1.3.pom (3.5 kB at 350 kB/s)
[282955af-507e-4991-95c4-0d57188706ad/build]   | [INFO] Downloading from central: https://repo.maven.apache.org/maven2/org/slf4j/slf4j-api/1.7.25/slf4j-api-1.7.25.pom
[282955af-507e-4991-95c4-0d57188706ad/build]   | [INFO] Downloaded from central: https://repo.maven.apache.org/maven2/org/slf4j/slf4j-api/1.7.25/slf4j-api-1.7.25.pom (3.8 kB at 348 kB/s)
[282955af-507e-4991-95c4-0d57188706ad/build]   | [INFO] Downloading from central: https://repo.maven.apache.org/maven2/org/slf4j/slf4j-parent/1.7.25/slf4j-parent-1.7.25.pom
[282955af-507e-4991-95c4-0d57188706ad/build]   | [INFO] Downloaded from central: https://repo.maven.apache.org/maven2/org/slf4j/slf4j-parent/1.7.25/slf4j-parent-1.7.25.pom (14 kB at 1.5 MB/s)
[282955af-507e-4991-95c4-0d57188706ad/build]   | [INFO] Downloading from central: https://repo.maven.apache.org/maven2/commons-codec/commons-codec/1.15/commons-codec-1.15.pom
[282955af-507e-4991-95c4-0d57188706ad/build]   | [INFO] Downloaded from central: https://repo.maven.apache.org/maven2/commons-codec/commons-codec/1.15/commons-codec-1.15.pom (15 kB at 1.4 MB/s)
[282955af-507e-4991-95c4-0d57188706ad/build]   | [INFO] Downloading from central: https://repo.maven.apache.org/maven2/org/apache/commons/commons-parent/52/commons-parent-52.pom
[282955af-507e-4991-95c4-0d57188706ad/build]   | [INFO] Downloaded from central: https://repo.maven.apache.org/maven2/org/apache/commons/commons-parent/52/commons-parent-52.pom (79 kB at 4.0 MB/s)
[282955af-507e-4991-95c4-0d57188706ad/build]   | [INFO] Downloading from central: https://repo.maven.apache.org/maven2/org/xmlunit/xmlunit-core/2.9.0/xmlunit-core-2.9.0.pom
[282955af-507e-4991-95c4-0d57188706ad/build]   | [INFO] Downloaded from central: https://repo.maven.apache.org/maven2/org/xmlunit/xmlunit-core/2.9.0/xmlunit-core-2.9.0.pom (2.4 kB at 305 kB/s)
[282955af-507e-4991-95c4-0d57188706ad/build]   | [INFO] Downloading from central: https://repo.maven.apache.org/maven2/org/xmlunit/xmlunit-parent/2.9.0/xmlunit-parent-2.9.0.pom
[282955af-507e-4991-95c4-0d57188706ad/build]   | [INFO] Downloaded from central: https://repo.maven.apache.org/maven2/org/xmlunit/xmlunit-parent/2.9.0/xmlunit-parent-2.9.0.pom (19 kB at 2.4 MB/s)
[282955af-507e-4991-95c4-0d57188706ad/build]   | [INFO] Downloading from central: https://repo.maven.apache.org/maven2/jakarta/xml/bind/jakarta.xml.bind-api/2.3.3/jakarta.xml.bind-api-2.3.3.pom
[282955af-507e-4991-95c4-0d57188706ad/build]   | [INFO] Downloaded from central: https://repo.maven.apache.org/maven2/jakarta/xml/bind/jakarta.xml.bind-api/2.3.3/jakarta.xml.bind-api-2.3.3.pom (13 kB at 1.7 MB/s)
[282955af-507e-4991-95c4-0d57188706ad/build]   | [INFO] Downloading from central: https://repo.maven.apache.org/maven2/jakarta/xml/bind/jakarta.xml.bind-api-parent/2.3.3/jakarta.xml.bind-api-parent-2.3.3.pom
[282955af-507e-4991-95c4-0d57188706ad/build]   | [INFO] Downloaded from central: https://repo.maven.apache.org/maven2/jakarta/xml/bind/jakarta.xml.bind-api-parent/2.3.3/jakarta.xml.bind-api-parent-2.3.3.pom (9.0 kB at 1.3 MB/s)
[282955af-507e-4991-95c4-0d57188706ad/build]   | [INFO] Downloading from central: https://repo.maven.apache.org/maven2/org/eclipse/ee4j/project/1.0.6/project-1.0.6.pom
[282955af-507e-4991-95c4-0d57188706ad/build]   | [INFO] Downloaded from central: https://repo.maven.apache.org/maven2/org/eclipse/ee4j/project/1.0.6/project-1.0.6.pom (13 kB at 1.7 MB/s)
[282955af-507e-4991-95c4-0d57188706ad/build]   | [INFO] Downloading from central: https://repo.maven.apache.org/maven2/jakarta/activation/jakarta.activation-api/1.2.2/jakarta.activation-api-1.2.2.pom
[282955af-507e-4991-95c4-0d57188706ad/build]   | [INFO] Downloaded from central: https://repo.maven.apache.org/maven2/jakarta/activation/jakarta.activation-api/1.2.2/jakarta.activation-api-1.2.2.pom (5.3 kB at 590 kB/s)
[282955af-507e-4991-95c4-0d57188706ad/build]   | [INFO] Downloading from central: https://repo.maven.apache.org/maven2/com/sun/activation/all/1.2.2/all-1.2.2.pom
[282955af-507e-4991-95c4-0d57188706ad/build]   | [INFO] Downloaded from central: https://repo.maven.apache.org/maven2/com/sun/activation/all/1.2.2/all-1.2.2.pom (15 kB at 1.5 MB/s)
[282955af-507e-4991-95c4-0d57188706ad/build]   | [INFO] Downloading from central: https://repo.maven.apache.org/maven2/org/xmlunit/xmlunit-legacy/2.9.0/xmlunit-legacy-2.9.0.pom
[282955af-507e-4991-95c4-0d57188706ad/build]   | [INFO] Downloaded from central: https://repo.maven.apache.org/maven2/org/xmlunit/xmlunit-legacy/2.9.0/xmlunit-legacy-2.9.0.pom (3.1 kB at 219 kB/s)
[282955af-507e-4991-95c4-0d57188706ad/build]   | [INFO] Downloading from central: https://repo.maven.apache.org/maven2/org/xmlunit/xmlunit-placeholders/2.9.0/xmlunit-placeholders-2.9.0.pom
[282955af-507e-4991-95c4-0d57188706ad/build]   | [INFO] Downloaded from central: https://repo.maven.apache.org/maven2/org/xmlunit/xmlunit-placeholders/2.9.0/xmlunit-placeholders-2.9.0.pom (1.6 kB at 88 kB/s)
[282955af-507e-4991-95c4-0d57188706ad/build]   | [INFO] Downloading from central: https://repo.maven.apache.org/maven2/net/javacrumbs/json-unit/json-unit-core/2.36.0/json-unit-core-2.36.0.pom
[282955af-507e-4991-95c4-0d57188706ad/build]   | [INFO] Downloaded from central: https://repo.maven.apache.org/maven2/net/javacrumbs/json-unit/json-unit-core/2.36.0/json-unit-core-2.36.0.pom (5.0 kB at 276 kB/s)
[282955af-507e-4991-95c4-0d57188706ad/build]   | [INFO] Downloading from central: https://repo.maven.apache.org/maven2/net/javacrumbs/json-unit/json-unit-parent/2.36.0/json-unit-parent-2.36.0.pom
[282955af-507e-4991-95c4-0d57188706ad/build]   | [INFO] Downloaded from central: https://repo.maven.apache.org/maven2/net/javacrumbs/json-unit/json-unit-parent/2.36.0/json-unit-parent-2.36.0.pom (12 kB at 826 kB/s)
[282955af-507e-4991-95c4-0d57188706ad/build]   | [INFO] Downloading from central: https://repo.maven.apache.org/maven2/org/hamcrest/hamcrest-core/2.2/hamcrest-core-2.2.pom
[282955af-507e-4991-95c4-0d57188706ad/build]   | [INFO] Downloaded from central: https://repo.maven.apache.org/maven2/org/hamcrest/hamcrest-core/2.2/hamcrest-core-2.2.pom (1.4 kB at 193 kB/s)
[282955af-507e-4991-95c4-0d57188706ad/build]   | [INFO] Downloading from central: https://repo.maven.apache.org/maven2/org/hamcrest/hamcrest/2.2/hamcrest-2.2.pom
[282955af-507e-4991-95c4-0d57188706ad/build]   | [INFO] Downloaded from central: https://repo.maven.apache.org/maven2/org/hamcrest/hamcrest/2.2/hamcrest-2.2.pom (1.1 kB at 141 kB/s)
[282955af-507e-4991-95c4-0d57188706ad/build]   | [INFO] Downloading from central: https://repo.maven.apache.org/maven2/com/jayway/jsonpath/json-path/2.7.0/json-path-2.7.0.pom
[282955af-507e-4991-95c4-0d57188706ad/build]   | [INFO] Downloaded from central: https://repo.maven.apache.org/maven2/com/jayway/jsonpath/json-path/2.7.0/json-path-2.7.0.pom (3.1 kB at 384 kB/s)
[282955af-507e-4991-95c4-0d57188706ad/build]   | [INFO] Downloading from central: https://repo.maven.apache.org/maven2/net/minidev/json-smart/2.4.7/json-smart-2.4.7.pom
[282955af-507e-4991-95c4-0d57188706ad/build]   | [INFO] Downloaded from central: https://repo.maven.apache.org/maven2/net/minidev/json-smart/2.4.7/json-smart-2.4.7.pom (8.2 kB at 818 kB/s)
[282955af-507e-4991-95c4-0d57188706ad/build]   | [INFO] Downloading from central: https://repo.maven.apache.org/maven2/net/minidev/accessors-smart/2.4.7/accessors-smart-2.4.7.pom
[282955af-507e-4991-95c4-0d57188706ad/build]   | [INFO] Downloaded from central: https://repo.maven.apache.org/maven2/net/minidev/accessors-smart/2.4.7/accessors-smart-2.4.7.pom (9.9 kB at 902 kB/s)
[282955af-507e-4991-95c4-0d57188706ad/build]   | [INFO] Downloading from central: https://repo.maven.apache.org/maven2/org/slf4j/slf4j-api/1.7.33/slf4j-api-1.7.33.pom
[282955af-507e-4991-95c4-0d57188706ad/build]   | [INFO] Downloaded from central: https://repo.maven.apache.org/maven2/org/slf4j/slf4j-api/1.7.33/slf4j-api-1.7.33.pom (3.8 kB at 295 kB/s)
[282955af-507e-4991-95c4-0d57188706ad/build]   | [INFO] Downloading from central: https://repo.maven.apache.org/maven2/org/slf4j/slf4j-parent/1.7.33/slf4j-parent-1.7.33.pom
[282955af-507e-4991-95c4-0d57188706ad/build]   | [INFO] Downloaded from central: https://repo.maven.apache.org/maven2/org/slf4j/slf4j-parent/1.7.33/slf4j-parent-1.7.33.pom (14 kB at 1.2 MB/s)
[282955af-507e-4991-95c4-0d57188706ad/build]   | [INFO] Downloading from central: https://repo.maven.apache.org/maven2/org/ow2/asm/asm/9.4/asm-9.4.pom
[282955af-507e-4991-95c4-0d57188706ad/build]   | [INFO] Downloaded from central: https://repo.maven.apache.org/maven2/org/ow2/asm/asm/9.4/asm-9.4.pom (2.4 kB at 296 kB/s)
[282955af-507e-4991-95c4-0d57188706ad/build]   | [INFO] Downloading from central: https://repo.maven.apache.org/maven2/org/ow2/ow2/1.5.1/ow2-1.5.1.pom
[282955af-507e-4991-95c4-0d57188706ad/build]   | [INFO] Downloaded from central: https://repo.maven.apache.org/maven2/org/ow2/ow2/1.5.1/ow2-1.5.1.pom (11 kB at 1.6 MB/s)
[282955af-507e-4991-95c4-0d57188706ad/build]   | [INFO] Downloading from central: https://repo.maven.apache.org/maven2/net/sf/jopt-simple/jopt-simple/5.0.4/jopt-simple-5.0.4.pom
[282955af-507e-4991-95c4-0d57188706ad/build]   | [INFO] Downloaded from central: https://repo.maven.apache.org/maven2/net/sf/jopt-simple/jopt-simple/5.0.4/jopt-simple-5.0.4.pom (14 kB at 1.6 MB/s)
[282955af-507e-4991-95c4-0d57188706ad/build]   | [INFO] Downloading from central: https://repo.maven.apache.org/maven2/org/apache/commons/commons-lang3/3.12.0/commons-lang3-3.12.0.pom
[282955af-507e-4991-95c4-0d57188706ad/build]   | [INFO] Downloaded from central: https://repo.maven.apache.org/maven2/org/apache/commons/commons-lang3/3.12.0/commons-lang3-3.12.0.pom (31 kB at 2.8 MB/s)
[282955af-507e-4991-95c4-0d57188706ad/build]   | [INFO] Downloading from central: https://repo.maven.apache.org/maven2/org/junit/junit-bom/5.7.1/junit-bom-5.7.1.pom
[282955af-507e-4991-95c4-0d57188706ad/build]   | [INFO] Downloaded from central: https://repo.maven.apache.org/maven2/org/junit/junit-bom/5.7.1/junit-bom-5.7.1.pom (5.1 kB at 566 kB/s)
[282955af-507e-4991-95c4-0d57188706ad/build]   | [INFO] Downloading from central: https://repo.maven.apache.org/maven2/com/github/jknack/handlebars/4.3.1/handlebars-4.3.1.pom
[282955af-507e-4991-95c4-0d57188706ad/build]   | [INFO] Downloaded from central: https://repo.maven.apache.org/maven2/com/github/jknack/handlebars/4.3.1/handlebars-4.3.1.pom (12 kB at 1.1 MB/s)
[282955af-507e-4991-95c4-0d57188706ad/build]   | [INFO] Downloading from central: https://repo.maven.apache.org/maven2/com/github/jknack/handlebars.java/4.3.1/handlebars.java-4.3.1.pom
[282955af-507e-4991-95c4-0d57188706ad/build]   | [INFO] Downloaded from central: https://repo.maven.apache.org/maven2/com/github/jknack/handlebars.java/4.3.1/handlebars.java-4.3.1.pom (12 kB at 953 kB/s)
[282955af-507e-4991-95c4-0d57188706ad/build]   | [INFO] Downloading from central: https://repo.maven.apache.org/maven2/org/slf4j/slf4j-api/1.7.32/slf4j-api-1.7.32.pom
[282955af-507e-4991-95c4-0d57188706ad/build]   | [INFO] Downloaded from central: https://repo.maven.apache.org/maven2/org/slf4j/slf4j-api/1.7.32/slf4j-api-1.7.32.pom (3.8 kB at 240 kB/s)
[282955af-507e-4991-95c4-0d57188706ad/build]   | [INFO] Downloading from central: https://repo.maven.apache.org/maven2/org/slf4j/slf4j-parent/1.7.32/slf4j-parent-1.7.32.pom
[282955af-507e-4991-95c4-0d57188706ad/build]   | [INFO] Downloaded from central: https://repo.maven.apache.org/maven2/org/slf4j/slf4j-parent/1.7.32/slf4j-parent-1.7.32.pom (14 kB at 1.4 MB/s)
[282955af-507e-4991-95c4-0d57188706ad/build]   | [INFO] Downloading from central: https://repo.maven.apache.org/maven2/com/github/jknack/handlebars-helpers/4.3.1/handlebars-helpers-4.3.1.pom
[282955af-507e-4991-95c4-0d57188706ad/build]   | [INFO] Downloaded from central: https://repo.maven.apache.org/maven2/com/github/jknack/handlebars-helpers/4.3.1/handlebars-helpers-4.3.1.pom (2.0 kB at 133 kB/s)
[282955af-507e-4991-95c4-0d57188706ad/build]   | [INFO] Downloading from central: https://repo.maven.apache.org/maven2/commons-fileupload/commons-fileupload/1.4/commons-fileupload-1.4.pom
[282955af-507e-4991-95c4-0d57188706ad/build]   | [INFO] Downloaded from central: https://repo.maven.apache.org/maven2/commons-fileupload/commons-fileupload/1.4/commons-fileupload-1.4.pom (16 kB at 1.6 MB/s)
[282955af-507e-4991-95c4-0d57188706ad/build]   | [INFO] Downloading from central: https://repo.maven.apache.org/maven2/org/apache/commons/commons-parent/47/commons-parent-47.pom
[282955af-507e-4991-95c4-0d57188706ad/build]   | [INFO] Downloaded from central: https://repo.maven.apache.org/maven2/org/apache/commons/commons-parent/47/commons-parent-47.pom (78 kB at 7.1 MB/s)
[282955af-507e-4991-95c4-0d57188706ad/build]   | [INFO] Downloading from central: https://repo.maven.apache.org/maven2/commons-io/commons-io/2.11.0/commons-io-2.11.0.pom
[282955af-507e-4991-95c4-0d57188706ad/build]   | [INFO] Downloaded from central: https://repo.maven.apache.org/maven2/commons-io/commons-io/2.11.0/commons-io-2.11.0.pom (20 kB at 2.8 MB/s)
[282955af-507e-4991-95c4-0d57188706ad/build]   | [INFO] Downloading from central: https://repo.maven.apache.org/maven2/org/junit/junit-bom/5.7.2/junit-bom-5.7.2.pom
[282955af-507e-4991-95c4-0d57188706ad/build]   | [INFO] Downloaded from central: https://repo.maven.apache.org/maven2/org/junit/junit-bom/5.7.2/junit-bom-5.7.2.pom (5.1 kB at 1.0 MB/s)
[282955af-507e-4991-95c4-0d57188706ad/build]   | [INFO] Downloading from central: https://repo.maven.apache.org/maven2/org/slf4j/slf4j-api/1.7.36/slf4j-api-1.7.36.pom
[282955af-507e-4991-95c4-0d57188706ad/build]   | [INFO] Downloaded from central: https://repo.maven.apache.org/maven2/org/slf4j/slf4j-api/1.7.36/slf4j-api-1.7.36.pom (2.7 kB at 549 kB/s)
[282955af-507e-4991-95c4-0d57188706ad/build]   | [INFO] Downloading from central: https://repo.maven.apache.org/maven2/org/slf4j/slf4j-parent/1.7.36/slf4j-parent-1.7.36.pom
[282955af-507e-4991-95c4-0d57188706ad/build]   | [INFO] Downloaded from central: https://repo.maven.apache.org/maven2/org/slf4j/slf4j-parent/1.7.36/slf4j-parent-1.7.36.pom (14 kB at 2.3 MB/s)
[282955af-507e-4991-95c4-0d57188706ad/build]   | [INFO] Downloading from central: https://repo.maven.apache.org/maven2/org/mockito/mockito-inline/5.2.0/mockito-inline-5.2.0.pom
[282955af-507e-4991-95c4-0d57188706ad/build]   | [INFO] Downloaded from central: https://repo.maven.apache.org/maven2/org/mockito/mockito-inline/5.2.0/mockito-inline-5.2.0.pom (2.2 kB at 367 kB/s)
[282955af-507e-4991-95c4-0d57188706ad/build]   | [INFO] Downloading from central: https://repo.maven.apache.org/maven2/org/mockito/mockito-core/5.2.0/mockito-core-5.2.0.pom
[282955af-507e-4991-95c4-0d57188706ad/build]   | [INFO] Downloaded from central: https://repo.maven.apache.org/maven2/org/mockito/mockito-core/5.2.0/mockito-core-5.2.0.pom (2.5 kB at 416 kB/s)
[282955af-507e-4991-95c4-0d57188706ad/build]   | [INFO] Downloading from central: https://repo.maven.apache.org/maven2/net/bytebuddy/byte-buddy/1.14.1/byte-buddy-1.14.1.pom
[282955af-507e-4991-95c4-0d57188706ad/build]   | [INFO] Downloaded from central: https://repo.maven.apache.org/maven2/net/bytebuddy/byte-buddy/1.14.1/byte-buddy-1.14.1.pom (16 kB at 1.2 MB/s)
[282955af-507e-4991-95c4-0d57188706ad/build]   | [INFO] Downloading from central: https://repo.maven.apache.org/maven2/net/bytebuddy/byte-buddy-parent/1.14.1/byte-buddy-parent-1.14.1.pom
[282955af-507e-4991-95c4-0d57188706ad/build]   | [INFO] Downloaded from central: https://repo.maven.apache.org/maven2/net/bytebuddy/byte-buddy-parent/1.14.1/byte-buddy-parent-1.14.1.pom (58 kB at 8.3 MB/s)
[282955af-507e-4991-95c4-0d57188706ad/build]   | [INFO] Downloading from central: https://repo.maven.apache.org/maven2/net/bytebuddy/byte-buddy-agent/1.14.1/byte-buddy-agent-1.14.1.pom
[282955af-507e-4991-95c4-0d57188706ad/build]   | [INFO] Downloaded from central: https://repo.maven.apache.org/maven2/net/bytebuddy/byte-buddy-agent/1.14.1/byte-buddy-agent-1.14.1.pom (10 kB at 1.7 MB/s)
[282955af-507e-4991-95c4-0d57188706ad/build]   | [INFO] Downloading from central: https://repo.maven.apache.org/maven2/org/objenesis/objenesis/3.3/objenesis-3.3.pom
[282955af-507e-4991-95c4-0d57188706ad/build]   | [INFO] Downloaded from central: https://repo.maven.apache.org/maven2/org/objenesis/objenesis/3.3/objenesis-3.3.pom (3.0 kB at 301 kB/s)
[282955af-507e-4991-95c4-0d57188706ad/build]   | [INFO] Downloading from central: https://repo.maven.apache.org/maven2/org/objenesis/objenesis-parent/3.3/objenesis-parent-3.3.pom
[282955af-507e-4991-95c4-0d57188706ad/build]   | [INFO] Downloaded from central: https://repo.maven.apache.org/maven2/org/objenesis/objenesis-parent/3.3/objenesis-parent-3.3.pom (19 kB at 871 kB/s)
[282955af-507e-4991-95c4-0d57188706ad/build]   | [INFO] Downloading from central: https://repo.maven.apache.org/maven2/com/github/stefanbirkner/system-lambda/1.2.1/system-lambda-1.2.1.pom
[282955af-507e-4991-95c4-0d57188706ad/build]   | [INFO] Downloaded from central: https://repo.maven.apache.org/maven2/com/github/stefanbirkner/system-lambda/1.2.1/system-lambda-1.2.1.pom (1.8 kB at 135 kB/s)
[282955af-507e-4991-95c4-0d57188706ad/build]   | [INFO] Downloading from central: https://repo.maven.apache.org/maven2/com/fasterxml/jackson/jr/jackson-jr-objects/2.14.1/jackson-jr-objects-2.14.1.jar
[282955af-507e-4991-95c4-0d57188706ad/build]   | [INFO] Downloading from central: https://repo.maven.apache.org/maven2/com/fasterxml/jackson/core/jackson-core/2.14.1/jackson-core-2.14.1.jar
[282955af-507e-4991-95c4-0d57188706ad/build]   | [INFO] Downloading from central: https://repo.maven.apache.org/maven2/info/picocli/picocli/4.6.3/picocli-4.6.3.jar
[282955af-507e-4991-95c4-0d57188706ad/build]   | [INFO] Downloading from central: https://repo.maven.apache.org/maven2/org/junit/jupiter/junit-jupiter-api/5.9.3/junit-jupiter-api-5.9.3.jar
[282955af-507e-4991-95c4-0d57188706ad/build]   | [INFO] Downloading from central: https://repo.maven.apache.org/maven2/org/opentest4j/opentest4j/1.2.0/opentest4j-1.2.0.jar
[282955af-507e-4991-95c4-0d57188706ad/build]   | [INFO] Downloaded from central: https://repo.maven.apache.org/maven2/org/opentest4j/opentest4j/1.2.0/opentest4j-1.2.0.jar (7.7 kB at 333 kB/s)
[282955af-507e-4991-95c4-0d57188706ad/build]   | [INFO] Downloading from central: https://repo.maven.apache.org/maven2/org/junit/platform/junit-platform-commons/1.9.3/junit-platform-commons-1.9.3.jar
[282955af-507e-4991-95c4-0d57188706ad/build]   | [INFO] Downloaded from central: https://repo.maven.apache.org/maven2/com/fasterxml/jackson/jr/jackson-jr-objects/2.14.1/jackson-jr-objects-2.14.1.jar (101 kB at 3.5 MB/s)
[282955af-507e-4991-95c4-0d57188706ad/build]   | [INFO] Downloading from central: https://repo.maven.apache.org/maven2/org/apiguardian/apiguardian-api/1.1.2/apiguardian-api-1.1.2.jar
[282955af-507e-4991-95c4-0d57188706ad/build]   | [INFO] Downloaded from central: https://repo.maven.apache.org/maven2/org/junit/jupiter/junit-jupiter-api/5.9.3/junit-jupiter-api-5.9.3.jar (208 kB at 6.1 MB/s)
[282955af-507e-4991-95c4-0d57188706ad/build]   | [INFO] Downloading from central: https://repo.maven.apache.org/maven2/org/junit/jupiter/junit-jupiter-params/5.9.3/junit-jupiter-params-5.9.3.jar
[282955af-507e-4991-95c4-0d57188706ad/build]   | [INFO] Downloaded from central: https://repo.maven.apache.org/maven2/org/apiguardian/apiguardian-api/1.1.2/apiguardian-api-1.1.2.jar (6.8 kB at 145 kB/s)
[282955af-507e-4991-95c4-0d57188706ad/build]   | [INFO] Downloading from central: https://repo.maven.apache.org/maven2/org/junit/jupiter/junit-jupiter-engine/5.9.3/junit-jupiter-engine-5.9.3.jar
[282955af-507e-4991-95c4-0d57188706ad/build]   | [INFO] Downloaded from central: https://repo.maven.apache.org/maven2/org/junit/platform/junit-platform-commons/1.9.3/junit-platform-commons-1.9.3.jar (103 kB at 2.2 MB/s)
[282955af-507e-4991-95c4-0d57188706ad/build]   | [INFO] Downloading from central: https://repo.maven.apache.org/maven2/org/junit/platform/junit-platform-engine/1.9.3/junit-platform-engine-1.9.3.jar
[282955af-507e-4991-95c4-0d57188706ad/build]   | [INFO] Downloaded from central: https://repo.maven.apache.org/maven2/info/picocli/picocli/4.6.3/picocli-4.6.3.jar (406 kB at 7.1 MB/s)
[282955af-507e-4991-95c4-0d57188706ad/build]   | [INFO] Downloading from central: https://repo.maven.apache.org/maven2/org/assertj/assertj-core/3.24.2/assertj-core-3.24.2.jar
[282955af-507e-4991-95c4-0d57188706ad/build]   | [INFO] Downloaded from central: https://repo.maven.apache.org/maven2/com/fasterxml/jackson/core/jackson-core/2.14.1/jackson-core-2.14.1.jar (459 kB at 7.1 MB/s)
[282955af-507e-4991-95c4-0d57188706ad/build]   | [INFO] Downloading from central: https://repo.maven.apache.org/maven2/net/bytebuddy/byte-buddy/1.12.21/byte-buddy-1.12.21.jar
[282955af-507e-4991-95c4-0d57188706ad/build]   | [INFO] Downloaded from central: https://repo.maven.apache.org/maven2/org/junit/jupiter/junit-jupiter-params/5.9.3/junit-jupiter-params-5.9.3.jar (580 kB at 8.8 MB/s)
[282955af-507e-4991-95c4-0d57188706ad/build]   | [INFO] Downloading from central: https://repo.maven.apache.org/maven2/com/github/tomakehurst/wiremock-jre8/2.35.0/wiremock-jre8-2.35.0.jar
[282955af-507e-4991-95c4-0d57188706ad/build]   | [INFO] Downloaded from central: https://repo.maven.apache.org/maven2/org/junit/jupiter/junit-jupiter-engine/5.9.3/junit-jupiter-engine-5.9.3.jar (247 kB at 3.4 MB/s)
[282955af-507e-4991-95c4-0d57188706ad/build]   | [INFO] Downloading from central: https://repo.maven.apache.org/maven2/org/eclipse/jetty/jetty-server/9.4.49.v20220914/jetty-server-9.4.49.v20220914.jar
[282955af-507e-4991-95c4-0d57188706ad/build]   | [INFO] Downloaded from central: https://repo.maven.apache.org/maven2/org/junit/platform/junit-platform-engine/1.9.3/junit-platform-engine-1.9.3.jar (189 kB at 2.1 MB/s)
[282955af-507e-4991-95c4-0d57188706ad/build]   | [INFO] Downloading from central: https://repo.maven.apache.org/maven2/javax/servlet/javax.servlet-api/3.1.0/javax.servlet-api-3.1.0.jar
[282955af-507e-4991-95c4-0d57188706ad/build]   | [INFO] Downloaded from central: https://repo.maven.apache.org/maven2/javax/servlet/javax.servlet-api/3.1.0/javax.servlet-api-3.1.0.jar (96 kB at 840 kB/s)
[282955af-507e-4991-95c4-0d57188706ad/build]   | [INFO] Downloading from central: https://repo.maven.apache.org/maven2/org/eclipse/jetty/jetty-http/9.4.49.v20220914/jetty-http-9.4.49.v20220914.jar
[282955af-507e-4991-95c4-0d57188706ad/build]   | [INFO] Downloaded from central: https://repo.maven.apache.org/maven2/org/eclipse/jetty/jetty-server/9.4.49.v20220914/jetty-server-9.4.49.v20220914.jar (732 kB at 5.1 MB/s)
[282955af-507e-4991-95c4-0d57188706ad/build]   | [INFO] Downloading from central: https://repo.maven.apache.org/maven2/org/eclipse/jetty/jetty-io/9.4.49.v20220914/jetty-io-9.4.49.v20220914.jar
[282955af-507e-4991-95c4-0d57188706ad/build]   | [INFO] Downloaded from central: https://repo.maven.apache.org/maven2/org/eclipse/jetty/jetty-http/9.4.49.v20220914/jetty-http-9.4.49.v20220914.jar (235 kB at 1.6 MB/s)
[282955af-507e-4991-95c4-0d57188706ad/build]   | [INFO] Downloading from central: https://repo.maven.apache.org/maven2/org/eclipse/jetty/jetty-servlet/9.4.49.v20220914/jetty-servlet-9.4.49.v20220914.jar
[282955af-507e-4991-95c4-0d57188706ad/build]   | [INFO] Downloaded from central: https://repo.maven.apache.org/maven2/org/eclipse/jetty/jetty-servlet/9.4.49.v20220914/jetty-servlet-9.4.49.v20220914.jar (146 kB at 844 kB/s)
[282955af-507e-4991-95c4-0d57188706ad/build]   | [INFO] Downloading from central: https://repo.maven.apache.org/maven2/org/eclipse/jetty/jetty-security/9.4.49.v20220914/jetty-security-9.4.49.v20220914.jar
[282955af-507e-4991-95c4-0d57188706ad/build]   | [INFO] Downloaded from central: https://repo.maven.apache.org/maven2/org/eclipse/jetty/jetty-io/9.4.49.v20220914/jetty-io-9.4.49.v20220914.jar (183 kB at 1.1 MB/s)
[282955af-507e-4991-95c4-0d57188706ad/build]   | [INFO] Downloading from central: https://repo.maven.apache.org/maven2/org/eclipse/jetty/jetty-util-ajax/9.4.49.v20220914/jetty-util-ajax-9.4.49.v20220914.jar
[282955af-507e-4991-95c4-0d57188706ad/build]   | [INFO] Downloaded from central: https://repo.maven.apache.org/maven2/org/eclipse/jetty/jetty-security/9.4.49.v20220914/jetty-security-9.4.49.v20220914.jar (119 kB at 627 kB/s)
[282955af-507e-4991-95c4-0d57188706ad/build]   | [INFO] Downloaded from central: https://repo.maven.apache.org/maven2/com/github/tomakehurst/wiremock-jre8/2.35.0/wiremock-jre8-2.35.0.jar (2.0 MB at 11 MB/s)
[282955af-507e-4991-95c4-0d57188706ad/build]   | [INFO] Downloading from central: https://repo.maven.apache.org/maven2/org/eclipse/jetty/jetty-servlets/9.4.49.v20220914/jetty-servlets-9.4.49.v20220914.jar
[282955af-507e-4991-95c4-0d57188706ad/build]   | [INFO] Downloading from central: https://repo.maven.apache.org/maven2/org/eclipse/jetty/jetty-continuation/9.4.49.v20220914/jetty-continuation-9.4.49.v20220914.jar
[282955af-507e-4991-95c4-0d57188706ad/build]   | [INFO] Downloaded from central: https://repo.maven.apache.org/maven2/org/eclipse/jetty/jetty-util-ajax/9.4.49.v20220914/jetty-util-ajax-9.4.49.v20220914.jar (67 kB at 351 kB/s)
[282955af-507e-4991-95c4-0d57188706ad/build]   | [INFO] Downloading from central: https://repo.maven.apache.org/maven2/org/eclipse/jetty/jetty-util/9.4.49.v20220914/jetty-util-9.4.49.v20220914.jar
[282955af-507e-4991-95c4-0d57188706ad/build]   | [INFO] Downloaded from central: https://repo.maven.apache.org/maven2/org/eclipse/jetty/jetty-continuation/9.4.49.v20220914/jetty-continuation-9.4.49.v20220914.jar (25 kB at 126 kB/s)
[282955af-507e-4991-95c4-0d57188706ad/build]   | [INFO] Downloading from central: https://repo.maven.apache.org/maven2/org/eclipse/jetty/jetty-webapp/9.4.49.v20220914/jetty-webapp-9.4.49.v20220914.jar
[282955af-507e-4991-95c4-0d57188706ad/build]   | [INFO] Downloaded from central: https://repo.maven.apache.org/maven2/org/eclipse/jetty/jetty-servlets/9.4.49.v20220914/jetty-servlets-9.4.49.v20220914.jar (108 kB at 510 kB/s)
[282955af-507e-4991-95c4-0d57188706ad/build]   | [INFO] Downloading from central: https://repo.maven.apache.org/maven2/org/eclipse/jetty/jetty-xml/9.4.49.v20220914/jetty-xml-9.4.49.v20220914.jar
[282955af-507e-4991-95c4-0d57188706ad/build]   | [INFO] Downloaded from central: https://repo.maven.apache.org/maven2/org/eclipse/jetty/jetty-webapp/9.4.49.v20220914/jetty-webapp-9.4.49.v20220914.jar (140 kB at 624 kB/s)
[282955af-507e-4991-95c4-0d57188706ad/build]   | [INFO] Downloading from central: https://repo.maven.apache.org/maven2/org/eclipse/jetty/jetty-proxy/9.4.49.v20220914/jetty-proxy-9.4.49.v20220914.jar
[282955af-507e-4991-95c4-0d57188706ad/build]   | [INFO] Downloaded from central: https://repo.maven.apache.org/maven2/org/eclipse/jetty/jetty-xml/9.4.49.v20220914/jetty-xml-9.4.49.v20220914.jar (68 kB at 300 kB/s)
[282955af-507e-4991-95c4-0d57188706ad/build]   | [INFO] Downloaded from central: https://repo.maven.apache.org/maven2/org/eclipse/jetty/jetty-util/9.4.49.v20220914/jetty-util-9.4.49.v20220914.jar (583 kB at 2.6 MB/s)
[282955af-507e-4991-95c4-0d57188706ad/build]   | [INFO] Downloading from central: https://repo.maven.apache.org/maven2/org/eclipse/jetty/jetty-client/9.4.49.v20220914/jetty-client-9.4.49.v20220914.jar
[282955af-507e-4991-95c4-0d57188706ad/build]   | [INFO] Downloading from central: https://repo.maven.apache.org/maven2/org/eclipse/jetty/http2/http2-server/9.4.49.v20220914/http2-server-9.4.49.v20220914.jar
[282955af-507e-4991-95c4-0d57188706ad/build]   | [INFO] Downloaded from central: https://repo.maven.apache.org/maven2/org/eclipse/jetty/jetty-proxy/9.4.49.v20220914/jetty-proxy-9.4.49.v20220914.jar (97 kB at 394 kB/s)
[282955af-507e-4991-95c4-0d57188706ad/build]   | [INFO] Downloading from central: https://repo.maven.apache.org/maven2/org/eclipse/jetty/http2/http2-common/9.4.49.v20220914/http2-common-9.4.49.v20220914.jar
[282955af-507e-4991-95c4-0d57188706ad/build]   | [INFO] Downloaded from central: https://repo.maven.apache.org/maven2/org/eclipse/jetty/http2/http2-server/9.4.49.v20220914/http2-server-9.4.49.v20220914.jar (61 kB at 244 kB/s)
[282955af-507e-4991-95c4-0d57188706ad/build]   | [INFO] Downloading from central: https://repo.maven.apache.org/maven2/org/eclipse/jetty/http2/http2-hpack/9.4.49.v20220914/http2-hpack-9.4.49.v20220914.jar
[282955af-507e-4991-95c4-0d57188706ad/build]   | [INFO] Downloaded from central: https://repo.maven.apache.org/maven2/org/eclipse/jetty/jetty-client/9.4.49.v20220914/jetty-client-9.4.49.v20220914.jar (328 kB at 1.3 MB/s)
[282955af-507e-4991-95c4-0d57188706ad/build]   | [INFO] Downloading from central: https://repo.maven.apache.org/maven2/org/eclipse/jetty/jetty-alpn-server/9.4.49.v20220914/jetty-alpn-server-9.4.49.v20220914.jar
[282955af-507e-4991-95c4-0d57188706ad/build]   | [INFO] Downloaded from central: https://repo.maven.apache.org/maven2/org/eclipse/jetty/http2/http2-common/9.4.49.v20220914/http2-common-9.4.49.v20220914.jar (206 kB at 728 kB/s)
[282955af-507e-4991-95c4-0d57188706ad/build]   | [INFO] Downloading from central: https://repo.maven.apache.org/maven2/org/eclipse/jetty/jetty-alpn-java-server/9.4.49.v20220914/jetty-alpn-java-server-9.4.49.v20220914.jar
[282955af-507e-4991-95c4-0d57188706ad/build]   | [INFO] Downloaded from central: https://repo.maven.apache.org/maven2/org/eclipse/jetty/jetty-alpn-server/9.4.49.v20220914/jetty-alpn-server-9.4.49.v20220914.jar (18 kB at 62 kB/s)
[282955af-507e-4991-95c4-0d57188706ad/build]   | [INFO] Downloading from central: https://repo.maven.apache.org/maven2/org/eclipse/jetty/jetty-alpn-openjdk8-server/9.4.49.v20220914/jetty-alpn-openjdk8-server-9.4.49.v20220914.jar
[282955af-507e-4991-95c4-0d57188706ad/build]   | [INFO] Downloaded from central: https://repo.maven.apache.org/maven2/org/eclipse/jetty/http2/http2-hpack/9.4.49.v20220914/http2-hpack-9.4.49.v20220914.jar (52 kB at 177 kB/s)
[282955af-507e-4991-95c4-0d57188706ad/build]   | [INFO] Downloading from central: https://repo.maven.apache.org/maven2/org/eclipse/jetty/jetty-alpn-java-client/9.4.49.v20220914/jetty-alpn-java-client-9.4.49.v20220914.jar
[282955af-507e-4991-95c4-0d57188706ad/build]   | [INFO] Downloaded from central: https://repo.maven.apache.org/maven2/org/assertj/assertj-core/3.24.2/assertj-core-3.24.2.jar (1.3 MB at 4.5 MB/s)
[282955af-507e-4991-95c4-0d57188706ad/build]   | [INFO] Downloading from central: https://repo.maven.apache.org/maven2/org/eclipse/jetty/jetty-alpn-client/9.4.49.v20220914/jetty-alpn-client-9.4.49.v20220914.jar
[282955af-507e-4991-95c4-0d57188706ad/build]   | [INFO] Downloaded from central: https://repo.maven.apache.org/maven2/org/eclipse/jetty/jetty-alpn-openjdk8-server/9.4.49.v20220914/jetty-alpn-openjdk8-server-9.4.49.v20220914.jar (19 kB at 64 kB/s)
[282955af-507e-4991-95c4-0d57188706ad/build]   | [INFO] Downloading from central: https://repo.maven.apache.org/maven2/org/eclipse/jetty/jetty-alpn-openjdk8-client/9.4.49.v20220914/jetty-alpn-openjdk8-client-9.4.49.v20220914.jar
[282955af-507e-4991-95c4-0d57188706ad/build]   | [INFO] Downloaded from central: https://repo.maven.apache.org/maven2/org/eclipse/jetty/jetty-alpn-java-client/9.4.49.v20220914/jetty-alpn-java-client-9.4.49.v20220914.jar (17 kB at 55 kB/s)
[282955af-507e-4991-95c4-0d57188706ad/build]   | [INFO] Downloading from central: https://repo.maven.apache.org/maven2/com/google/guava/guava/31.1-jre/guava-31.1-jre.jar
[282955af-507e-4991-95c4-0d57188706ad/build]   | [INFO] Downloaded from central: https://repo.maven.apache.org/maven2/org/eclipse/jetty/jetty-alpn-client/9.4.49.v20220914/jetty-alpn-client-9.4.49.v20220914.jar (17 kB at 53 kB/s)
[282955af-507e-4991-95c4-0d57188706ad/build]   | [INFO] Downloading from central: https://repo.maven.apache.org/maven2/com/google/guava/failureaccess/1.0.1/failureaccess-1.0.1.jar
[282955af-507e-4991-95c4-0d57188706ad/build]   | [INFO] Downloaded from central: https://repo.maven.apache.org/maven2/org/eclipse/jetty/jetty-alpn-openjdk8-client/9.4.49.v20220914/jetty-alpn-openjdk8-client-9.4.49.v20220914.jar (20 kB at 62 kB/s)
[282955af-507e-4991-95c4-0d57188706ad/build]   | [INFO] Downloading from central: https://repo.maven.apache.org/maven2/com/google/guava/listenablefuture/9999.0-empty-to-avoid-conflict-with-guava/listenablefuture-9999.0-empty-to-avoid-conflict-with-guava.jar
[282955af-507e-4991-95c4-0d57188706ad/build]   | [INFO] Downloaded from central: https://repo.maven.apache.org/maven2/com/google/guava/failureaccess/1.0.1/failureaccess-1.0.1.jar (4.6 kB at 14 kB/s)
[282955af-507e-4991-95c4-0d57188706ad/build]   | [INFO] Downloading from central: https://repo.maven.apache.org/maven2/org/checkerframework/checker-qual/3.12.0/checker-qual-3.12.0.jar
[282955af-507e-4991-95c4-0d57188706ad/build]   | [INFO] Downloaded from central: https://repo.maven.apache.org/maven2/org/eclipse/jetty/jetty-alpn-java-server/9.4.49.v20220914/jetty-alpn-java-server-9.4.49.v20220914.jar (17 kB at 53 kB/s)
[282955af-507e-4991-95c4-0d57188706ad/build]   | [INFO] Downloading from central: https://repo.maven.apache.org/maven2/com/google/errorprone/error_prone_annotations/2.11.0/error_prone_annotations-2.11.0.jar
[282955af-507e-4991-95c4-0d57188706ad/build]   | [INFO] Downloaded from central: https://repo.maven.apache.org/maven2/com/google/guava/listenablefuture/9999.0-empty-to-avoid-conflict-with-guava/listenablefuture-9999.0-empty-to-avoid-conflict-with-guava.jar (2.2 kB at 6.7 kB/s)
[282955af-507e-4991-95c4-0d57188706ad/build]   | [INFO] Downloading from central: https://repo.maven.apache.org/maven2/com/google/j2objc/j2objc-annotations/1.3/j2objc-annotations-1.3.jar
[282955af-507e-4991-95c4-0d57188706ad/build]   | [INFO] Downloaded from central: https://repo.maven.apache.org/maven2/net/bytebuddy/byte-buddy/1.12.21/byte-buddy-1.12.21.jar (3.9 MB at 12 MB/s)
[282955af-507e-4991-95c4-0d57188706ad/build]   | [INFO] Downloading from central: https://repo.maven.apache.org/maven2/com/fasterxml/jackson/core/jackson-annotations/2.13.4/jackson-annotations-2.13.4.jar
[282955af-507e-4991-95c4-0d57188706ad/build]   | [INFO] Downloaded from central: https://repo.maven.apache.org/maven2/com/google/errorprone/error_prone_annotations/2.11.0/error_prone_annotations-2.11.0.jar (16 kB at 47 kB/s)
[282955af-507e-4991-95c4-0d57188706ad/build]   | [INFO] Downloading from central: https://repo.maven.apache.org/maven2/com/fasterxml/jackson/core/jackson-databind/2.13.4.2/jackson-databind-2.13.4.2.jar
[282955af-507e-4991-95c4-0d57188706ad/build]   | [INFO] Downloaded from central: https://repo.maven.apache.org/maven2/com/google/j2objc/j2objc-annotations/1.3/j2objc-annotations-1.3.jar (8.8 kB at 25 kB/s)
[282955af-507e-4991-95c4-0d57188706ad/build]   | [INFO] Downloading from central: https://repo.maven.apache.org/maven2/org/apache/httpcomponents/client5/httpclient5/5.1.3/httpclient5-5.1.3.jar
[282955af-507e-4991-95c4-0d57188706ad/build]   | [INFO] Downloaded from central: https://repo.maven.apache.org/maven2/org/checkerframework/checker-qual/3.12.0/checker-qual-3.12.0.jar (209 kB at 602 kB/s)
[282955af-507e-4991-95c4-0d57188706ad/build]   | [INFO] Downloading from central: https://repo.maven.apache.org/maven2/org/apache/httpcomponents/core5/httpcore5/5.1.3/httpcore5-5.1.3.jar
[282955af-507e-4991-95c4-0d57188706ad/build]   | [INFO] Downloaded from central: https://repo.maven.apache.org/maven2/com/fasterxml/jackson/core/jackson-annotations/2.13.4/jackson-annotations-2.13.4.jar (76 kB at 210 kB/s)
[282955af-507e-4991-95c4-0d57188706ad/build]   | [INFO] Downloading from central: https://repo.maven.apache.org/maven2/org/apache/httpcomponents/core5/httpcore5-h2/5.1.3/httpcore5-h2-5.1.3.jar
[282955af-507e-4991-95c4-0d57188706ad/build]   | [INFO] Downloaded from central: https://repo.maven.apache.org/maven2/org/apache/httpcomponents/core5/httpcore5-h2/5.1.3/httpcore5-h2-5.1.3.jar (232 kB at 592 kB/s)
[282955af-507e-4991-95c4-0d57188706ad/build]   | [INFO] Downloading from central: https://repo.maven.apache.org/maven2/commons-codec/commons-codec/1.15/commons-codec-1.15.jar
[282955af-507e-4991-95c4-0d57188706ad/build]   | [INFO] Downloaded from central: https://repo.maven.apache.org/maven2/org/apache/httpcomponents/core5/httpcore5/5.1.3/httpcore5-5.1.3.jar (851 kB at 1.9 MB/s)
[282955af-507e-4991-95c4-0d57188706ad/build]   | [INFO] Downloading from central: https://repo.maven.apache.org/maven2/org/xmlunit/xmlunit-core/2.9.0/xmlunit-core-2.9.0.jar
[282955af-507e-4991-95c4-0d57188706ad/build]   | [INFO] Downloaded from central: https://repo.maven.apache.org/maven2/commons-codec/commons-codec/1.15/commons-codec-1.15.jar (354 kB at 781 kB/s)
[282955af-507e-4991-95c4-0d57188706ad/build]   | [INFO] Downloading from central: https://repo.maven.apache.org/maven2/jakarta/xml/bind/jakarta.xml.bind-api/2.3.3/jakarta.xml.bind-api-2.3.3.jar
[282955af-507e-4991-95c4-0d57188706ad/build]   | [INFO] Downloaded from central: https://repo.maven.apache.org/maven2/jakarta/xml/bind/jakarta.xml.bind-api/2.3.3/jakarta.xml.bind-api-2.3.3.jar (116 kB at 244 kB/s)
[282955af-507e-4991-95c4-0d57188706ad/build]   | [INFO] Downloading from central: https://repo.maven.apache.org/maven2/jakarta/activation/jakarta.activation-api/1.2.2/jakarta.activation-api-1.2.2.jar
[282955af-507e-4991-95c4-0d57188706ad/build]   | [INFO] Downloaded from central: https://repo.maven.apache.org/maven2/org/xmlunit/xmlunit-core/2.9.0/xmlunit-core-2.9.0.jar (174 kB at 358 kB/s)
[282955af-507e-4991-95c4-0d57188706ad/build]   | [INFO] Downloading from central: https://repo.maven.apache.org/maven2/org/xmlunit/xmlunit-legacy/2.9.0/xmlunit-legacy-2.9.0.jar
[282955af-507e-4991-95c4-0d57188706ad/build]   | [INFO] Downloaded from central: https://repo.maven.apache.org/maven2/com/fasterxml/jackson/core/jackson-databind/2.13.4.2/jackson-databind-2.13.4.2.jar (1.5 MB at 3.1 MB/s)
[282955af-507e-4991-95c4-0d57188706ad/build]   | [INFO] Downloading from central: https://repo.maven.apache.org/maven2/org/xmlunit/xmlunit-placeholders/2.9.0/xmlunit-placeholders-2.9.0.jar
[282955af-507e-4991-95c4-0d57188706ad/build]   | [INFO] Downloaded from central: https://repo.maven.apache.org/maven2/jakarta/activation/jakarta.activation-api/1.2.2/jakarta.activation-api-1.2.2.jar (47 kB at 94 kB/s)
[282955af-507e-4991-95c4-0d57188706ad/build]   | [INFO] Downloading from central: https://repo.maven.apache.org/maven2/net/javacrumbs/json-unit/json-unit-core/2.36.0/json-unit-core-2.36.0.jar
[282955af-507e-4991-95c4-0d57188706ad/build]   | [INFO] Downloaded from central: https://repo.maven.apache.org/maven2/org/xmlunit/xmlunit-placeholders/2.9.0/xmlunit-placeholders-2.9.0.jar (13 kB at 27 kB/s)
[282955af-507e-4991-95c4-0d57188706ad/build]   | [INFO] Downloading from central: https://repo.maven.apache.org/maven2/org/hamcrest/hamcrest-core/2.2/hamcrest-core-2.2.jar
[282955af-507e-4991-95c4-0d57188706ad/build]   | [INFO] Downloaded from central: https://repo.maven.apache.org/maven2/org/xmlunit/xmlunit-legacy/2.9.0/xmlunit-legacy-2.9.0.jar (128 kB at 252 kB/s)
[282955af-507e-4991-95c4-0d57188706ad/build]   | [INFO] Downloading from central: https://repo.maven.apache.org/maven2/org/hamcrest/hamcrest/2.2/hamcrest-2.2.jar
[282955af-507e-4991-95c4-0d57188706ad/build]   | [INFO] Downloaded from central: https://repo.maven.apache.org/maven2/org/apache/httpcomponents/client5/httpclient5/5.1.3/httpclient5-5.1.3.jar (798 kB at 1.6 MB/s)
[282955af-507e-4991-95c4-0d57188706ad/build]   | [INFO] Downloading from central: https://repo.maven.apache.org/maven2/com/jayway/jsonpath/json-path/2.7.0/json-path-2.7.0.jar
[282955af-507e-4991-95c4-0d57188706ad/build]   | [INFO] Downloaded from central: https://repo.maven.apache.org/maven2/org/hamcrest/hamcrest-core/2.2/hamcrest-core-2.2.jar (1.5 kB at 2.9 kB/s)
[282955af-507e-4991-95c4-0d57188706ad/build]   | [INFO] Downloading from central: https://repo.maven.apache.org/maven2/net/minidev/json-smart/2.4.7/json-smart-2.4.7.jar
[282955af-507e-4991-95c4-0d57188706ad/build]   | [INFO] Downloaded from central: https://repo.maven.apache.org/maven2/net/javacrumbs/json-unit/json-unit-core/2.36.0/json-unit-core-2.36.0.jar (137 kB at 265 kB/s)
[282955af-507e-4991-95c4-0d57188706ad/build]   | [INFO] Downloading from central: https://repo.maven.apache.org/maven2/net/minidev/accessors-smart/2.4.7/accessors-smart-2.4.7.jar
[282955af-507e-4991-95c4-0d57188706ad/build]   | [INFO] Downloaded from central: https://repo.maven.apache.org/maven2/org/hamcrest/hamcrest/2.2/hamcrest-2.2.jar (123 kB at 235 kB/s)
[282955af-507e-4991-95c4-0d57188706ad/build]   | [INFO] Downloading from central: https://repo.maven.apache.org/maven2/org/ow2/asm/asm/9.4/asm-9.4.jar
[282955af-507e-4991-95c4-0d57188706ad/build]   | [INFO] Downloaded from central: https://repo.maven.apache.org/maven2/com/google/guava/guava/31.1-jre/guava-31.1-jre.jar (3.0 MB at 5.6 MB/s)
[282955af-507e-4991-95c4-0d57188706ad/build]   | [INFO] Downloading from central: https://repo.maven.apache.org/maven2/net/sf/jopt-simple/jopt-simple/5.0.4/jopt-simple-5.0.4.jar
[282955af-507e-4991-95c4-0d57188706ad/build]   | [INFO] Downloaded from central: https://repo.maven.apache.org/maven2/net/minidev/accessors-smart/2.4.7/accessors-smart-2.4.7.jar (29 kB at 55 kB/s)
[282955af-507e-4991-95c4-0d57188706ad/build]   | [INFO] Downloading from central: https://repo.maven.apache.org/maven2/org/apache/commons/commons-lang3/3.12.0/commons-lang3-3.12.0.jar
[282955af-507e-4991-95c4-0d57188706ad/build]   | [INFO] Downloaded from central: https://repo.maven.apache.org/maven2/net/minidev/json-smart/2.4.7/json-smart-2.4.7.jar (119 kB at 220 kB/s)
[282955af-507e-4991-95c4-0d57188706ad/build]   | [INFO] Downloading from central: https://repo.maven.apache.org/maven2/com/github/jknack/handlebars/4.3.1/handlebars-4.3.1.jar
[282955af-507e-4991-95c4-0d57188706ad/build]   | [INFO] Downloaded from central: https://repo.maven.apache.org/maven2/com/jayway/jsonpath/json-path/2.7.0/json-path-2.7.0.jar (271 kB at 498 kB/s)
[282955af-507e-4991-95c4-0d57188706ad/build]   | [INFO] Downloaded from central: https://repo.maven.apache.org/maven2/org/ow2/asm/asm/9.4/asm-9.4.jar (122 kB at 225 kB/s)
[282955af-507e-4991-95c4-0d57188706ad/build]   | [INFO] Downloading from central: https://repo.maven.apache.org/maven2/com/github/jknack/handlebars-helpers/4.3.1/handlebars-helpers-4.3.1.jar
[282955af-507e-4991-95c4-0d57188706ad/build]   | [INFO] Downloading from central: https://repo.maven.apache.org/maven2/commons-fileupload/commons-fileupload/1.4/commons-fileupload-1.4.jar
[282955af-507e-4991-95c4-0d57188706ad/build]   | [INFO] Downloaded from central: https://repo.maven.apache.org/maven2/net/sf/jopt-simple/jopt-simple/5.0.4/jopt-simple-5.0.4.jar (78 kB at 143 kB/s)
[282955af-507e-4991-95c4-0d57188706ad/build]   | [INFO] Downloading from central: https://repo.maven.apache.org/maven2/commons-io/commons-io/2.11.0/commons-io-2.11.0.jar
[282955af-507e-4991-95c4-0d57188706ad/build]   | [INFO] Downloaded from central: https://repo.maven.apache.org/maven2/com/github/jknack/handlebars-helpers/4.3.1/handlebars-helpers-4.3.1.jar (12 kB at 21 kB/s)
[282955af-507e-4991-95c4-0d57188706ad/build]   | [INFO] Downloading from central: https://repo.maven.apache.org/maven2/org/slf4j/slf4j-api/1.7.36/slf4j-api-1.7.36.jar
[282955af-507e-4991-95c4-0d57188706ad/build]   | [INFO] Downloaded from central: https://repo.maven.apache.org/maven2/commons-fileupload/commons-fileupload/1.4/commons-fileupload-1.4.jar (72 kB at 129 kB/s)
[282955af-507e-4991-95c4-0d57188706ad/build]   | [INFO] Downloading from central: https://repo.maven.apache.org/maven2/org/mockito/mockito-inline/5.2.0/mockito-inline-5.2.0.jar
[282955af-507e-4991-95c4-0d57188706ad/build]   | [INFO] Downloaded from central: https://repo.maven.apache.org/maven2/org/slf4j/slf4j-api/1.7.36/slf4j-api-1.7.36.jar (41 kB at 73 kB/s)
[282955af-507e-4991-95c4-0d57188706ad/build]   | [INFO] Downloading from central: https://repo.maven.apache.org/maven2/org/mockito/mockito-core/5.2.0/mockito-core-5.2.0.jar
[282955af-507e-4991-95c4-0d57188706ad/build]   | [INFO] Downloaded from central: https://repo.maven.apache.org/maven2/org/mockito/mockito-inline/5.2.0/mockito-inline-5.2.0.jar (1.5 kB at 2.6 kB/s)
[282955af-507e-4991-95c4-0d57188706ad/build]   | [INFO] Downloading from central: https://repo.maven.apache.org/maven2/net/bytebuddy/byte-buddy-agent/1.14.1/byte-buddy-agent-1.14.1.jar
[282955af-507e-4991-95c4-0d57188706ad/build]   | [INFO] Downloaded from central: https://repo.maven.apache.org/maven2/org/apache/commons/commons-lang3/3.12.0/commons-lang3-3.12.0.jar (587 kB at 1.0 MB/s)
[282955af-507e-4991-95c4-0d57188706ad/build]   | [INFO] Downloading from central: https://repo.maven.apache.org/maven2/org/objenesis/objenesis/3.3/objenesis-3.3.jar
[282955af-507e-4991-95c4-0d57188706ad/build]   | [INFO] Downloaded from central: https://repo.maven.apache.org/maven2/commons-io/commons-io/2.11.0/commons-io-2.11.0.jar (327 kB at 563 kB/s)
[282955af-507e-4991-95c4-0d57188706ad/build]   | [INFO] Downloading from central: https://repo.maven.apache.org/maven2/com/github/stefanbirkner/system-lambda/1.2.1/system-lambda-1.2.1.jar
[282955af-507e-4991-95c4-0d57188706ad/build]   | [INFO] Downloaded from central: https://repo.maven.apache.org/maven2/net/bytebuddy/byte-buddy-agent/1.14.1/byte-buddy-agent-1.14.1.jar (257 kB at 439 kB/s)
[282955af-507e-4991-95c4-0d57188706ad/build]   | [INFO] Downloaded from central: https://repo.maven.apache.org/maven2/org/objenesis/objenesis/3.3/objenesis-3.3.jar (49 kB at 84 kB/s)
[282955af-507e-4991-95c4-0d57188706ad/build]   | [INFO] Downloaded from central: https://repo.maven.apache.org/maven2/com/github/stefanbirkner/system-lambda/1.2.1/system-lambda-1.2.1.jar (18 kB at 31 kB/s)
[282955af-507e-4991-95c4-0d57188706ad/build]   | [INFO] Downloaded from central: https://repo.maven.apache.org/maven2/org/mockito/mockito-core/5.2.0/mockito-core-5.2.0.jar (687 kB at 1.2 MB/s)
[282955af-507e-4991-95c4-0d57188706ad/build]   | [INFO] Downloaded from central: https://repo.maven.apache.org/maven2/com/github/jknack/handlebars/4.3.1/handlebars-4.3.1.jar (954 kB at 1.6 MB/s)
[282955af-507e-4991-95c4-0d57188706ad/build]   | [INFO] 
[282955af-507e-4991-95c4-0d57188706ad/build]   | [INFO] --- maven-resources-plugin:3.3.0:resources (default-resources) @ mcs ---
[282955af-507e-4991-95c4-0d57188706ad/build]   | [INFO] Downloading from central: https://repo.maven.apache.org/maven2/org/codehaus/plexus/plexus-interpolation/1.26/plexus-interpolation-1.26.pom
[282955af-507e-4991-95c4-0d57188706ad/build]   | [INFO] Downloaded from central: https://repo.maven.apache.org/maven2/org/codehaus/plexus/plexus-interpolation/1.26/plexus-interpolation-1.26.pom (2.7 kB at 59 kB/s)
[282955af-507e-4991-95c4-0d57188706ad/build]   | [INFO] Downloading from central: https://repo.maven.apache.org/maven2/org/codehaus/plexus/plexus/5.1/plexus-5.1.pom
[282955af-507e-4991-95c4-0d57188706ad/build]   | [INFO] Downloaded from central: https://repo.maven.apache.org/maven2/org/codehaus/plexus/plexus/5.1/plexus-5.1.pom (23 kB at 1.6 MB/s)
[282955af-507e-4991-95c4-0d57188706ad/build]   | [INFO] Downloading from central: https://repo.maven.apache.org/maven2/org/apache/maven/shared/maven-filtering/3.3.0/maven-filtering-3.3.0.pom
[282955af-507e-4991-95c4-0d57188706ad/build]   | [INFO] Downloaded from central: https://repo.maven.apache.org/maven2/org/apache/maven/shared/maven-filtering/3.3.0/maven-filtering-3.3.0.pom (6.9 kB at 315 kB/s)
[282955af-507e-4991-95c4-0d57188706ad/build]   | [INFO] Downloading from central: https://repo.maven.apache.org/maven2/org/apache/maven/shared/maven-shared-components/36/maven-shared-components-36.pom
[282955af-507e-4991-95c4-0d57188706ad/build]   | [INFO] Downloaded from central: https://repo.maven.apache.org/maven2/org/apache/maven/shared/maven-shared-components/36/maven-shared-components-36.pom (4.9 kB at 158 kB/s)
[282955af-507e-4991-95c4-0d57188706ad/build]   | [INFO] Downloading from central: https://repo.maven.apache.org/maven2/org/sonatype/plexus/plexus-build-api/0.0.7/plexus-build-api-0.0.7.pom
[282955af-507e-4991-95c4-0d57188706ad/build]   | [INFO] Downloaded from central: https://repo.maven.apache.org/maven2/org/sonatype/plexus/plexus-build-api/0.0.7/plexus-build-api-0.0.7.pom (3.2 kB at 160 kB/s)
[282955af-507e-4991-95c4-0d57188706ad/build]   | [INFO] Downloading from central: https://repo.maven.apache.org/maven2/org/sonatype/spice/spice-parent/15/spice-parent-15.pom
[282955af-507e-4991-95c4-0d57188706ad/build]   | [INFO] Downloaded from central: https://repo.maven.apache.org/maven2/org/sonatype/spice/spice-parent/15/spice-parent-15.pom (8.4 kB at 557 kB/s)
[282955af-507e-4991-95c4-0d57188706ad/build]   | [INFO] Downloading from central: https://repo.maven.apache.org/maven2/org/sonatype/forge/forge-parent/5/forge-parent-5.pom
[282955af-507e-4991-95c4-0d57188706ad/build]   | [INFO] Downloaded from central: https://repo.maven.apache.org/maven2/org/sonatype/forge/forge-parent/5/forge-parent-5.pom (8.4 kB at 760 kB/s)
[282955af-507e-4991-95c4-0d57188706ad/build]   | [INFO] Downloading from central: https://repo.maven.apache.org/maven2/org/codehaus/plexus/plexus-utils/3.3.0/plexus-utils-3.3.0.pom
[282955af-507e-4991-95c4-0d57188706ad/build]   | [INFO] Downloaded from central: https://repo.maven.apache.org/maven2/org/codehaus/plexus/plexus-utils/3.3.0/plexus-utils-3.3.0.pom (5.2 kB at 518 kB/s)
[282955af-507e-4991-95c4-0d57188706ad/build]   | [INFO] Downloading from central: https://repo.maven.apache.org/maven2/org/codehaus/plexus/plexus-interpolation/1.26/plexus-interpolation-1.26.jar
[282955af-507e-4991-95c4-0d57188706ad/build]   | [INFO] Downloading from central: https://repo.maven.apache.org/maven2/org/apache/maven/shared/maven-filtering/3.3.0/maven-filtering-3.3.0.jar
[282955af-507e-4991-95c4-0d57188706ad/build]   | [INFO] Downloading from central: https://repo.maven.apache.org/maven2/org/sonatype/plexus/plexus-build-api/0.0.7/plexus-build-api-0.0.7.jar
[282955af-507e-4991-95c4-0d57188706ad/build]   | [INFO] Downloading from central: https://repo.maven.apache.org/maven2/org/codehaus/plexus/plexus-utils/3.3.0/plexus-utils-3.3.0.jar
[282955af-507e-4991-95c4-0d57188706ad/build]   | [INFO] Downloaded from central: https://repo.maven.apache.org/maven2/org/sonatype/plexus/plexus-build-api/0.0.7/plexus-build-api-0.0.7.jar (8.5 kB at 446 kB/s)
[282955af-507e-4991-95c4-0d57188706ad/build]   | [INFO] Downloaded from central: https://repo.maven.apache.org/maven2/org/apache/maven/shared/maven-filtering/3.3.0/maven-filtering-3.3.0.jar (55 kB at 2.6 MB/s)
[282955af-507e-4991-95c4-0d57188706ad/build]   | [INFO] Downloaded from central: https://repo.maven.apache.org/maven2/org/codehaus/plexus/plexus-interpolation/1.26/plexus-interpolation-1.26.jar (85 kB at 3.3 MB/s)
[282955af-507e-4991-95c4-0d57188706ad/build]   | [INFO] Downloaded from central: https://repo.maven.apache.org/maven2/org/codehaus/plexus/plexus-utils/3.3.0/plexus-utils-3.3.0.jar (263 kB at 9.4 MB/s)
[282955af-507e-4991-95c4-0d57188706ad/build]   | [INFO] Copying 1 resource
[282955af-507e-4991-95c4-0d57188706ad/build]   | [INFO] 
[282955af-507e-4991-95c4-0d57188706ad/build]   | [INFO] --- maven-compiler-plugin:3.11.0:compile (default-compile) @ mcs ---
[282955af-507e-4991-95c4-0d57188706ad/build]   | [INFO] Downloading from central: https://repo.maven.apache.org/maven2/org/apache/maven/shared/maven-shared-utils/3.3.4/maven-shared-utils-3.3.4.pom
[282955af-507e-4991-95c4-0d57188706ad/build]   | [INFO] Downloaded from central: https://repo.maven.apache.org/maven2/org/apache/maven/shared/maven-shared-utils/3.3.4/maven-shared-utils-3.3.4.pom (5.8 kB at 324 kB/s)
[282955af-507e-4991-95c4-0d57188706ad/build]   | [INFO] Downloading from central: https://repo.maven.apache.org/maven2/org/apache/maven/shared/maven-shared-components/34/maven-shared-components-34.pom
[282955af-507e-4991-95c4-0d57188706ad/build]   | [INFO] Downloaded from central: https://repo.maven.apache.org/maven2/org/apache/maven/shared/maven-shared-components/34/maven-shared-components-34.pom (5.1 kB at 566 kB/s)
[282955af-507e-4991-95c4-0d57188706ad/build]   | [INFO] Downloading from central: https://repo.maven.apache.org/maven2/org/apache/maven/maven-parent/34/maven-parent-34.pom
[282955af-507e-4991-95c4-0d57188706ad/build]   | [INFO] Downloaded from central: https://repo.maven.apache.org/maven2/org/apache/maven/maven-parent/34/maven-parent-34.pom (43 kB at 4.8 MB/s)
[282955af-507e-4991-95c4-0d57188706ad/build]   | [INFO] Downloading from central: https://repo.maven.apache.org/maven2/commons-io/commons-io/2.6/commons-io-2.6.pom
[282955af-507e-4991-95c4-0d57188706ad/build]   | [INFO] Downloaded from central: https://repo.maven.apache.org/maven2/commons-io/commons-io/2.6/commons-io-2.6.pom (14 kB at 1.6 MB/s)
[282955af-507e-4991-95c4-0d57188706ad/build]   | [INFO] Downloading from central: https://repo.maven.apache.org/maven2/org/apache/commons/commons-parent/42/commons-parent-42.pom
[282955af-507e-4991-95c4-0d57188706ad/build]   | [INFO] Downloaded from central: https://repo.maven.apache.org/maven2/org/apache/commons/commons-parent/42/commons-parent-42.pom (68 kB at 7.6 MB/s)
[282955af-507e-4991-95c4-0d57188706ad/build]   | [INFO] Downloading from central: https://repo.maven.apache.org/maven2/org/apache/maven/shared/maven-shared-incremental/1.1/maven-shared-incremental-1.1.pom
[282955af-507e-4991-95c4-0d57188706ad/build]   | [INFO] Downloaded from central: https://repo.maven.apache.org/maven2/org/apache/maven/shared/maven-shared-incremental/1.1/maven-shared-incremental-1.1.pom (4.7 kB at 790 kB/s)
[282955af-507e-4991-95c4-0d57188706ad/build]   | [INFO] Downloading from central: https://repo.maven.apache.org/maven2/org/apache/maven/shared/maven-shared-components/19/maven-shared-components-19.pom
[282955af-507e-4991-95c4-0d57188706ad/build]   | [INFO] Downloaded from central: https://repo.maven.apache.org/maven2/org/apache/maven/shared/maven-shared-components/19/maven-shared-components-19.pom (6.4 kB at 795 kB/s)
[282955af-507e-4991-95c4-0d57188706ad/build]   | [INFO] Downloading from central: https://repo.maven.apache.org/maven2/org/apache/maven/maven-parent/23/maven-parent-23.pom
[282955af-507e-4991-95c4-0d57188706ad/build]   | [INFO] Downloaded from central: https://repo.maven.apache.org/maven2/org/apache/maven/maven-parent/23/maven-parent-23.pom (33 kB at 4.7 MB/s)
[282955af-507e-4991-95c4-0d57188706ad/build]   | [INFO] Downloading from central: https://repo.maven.apache.org/maven2/org/apache/apache/13/apache-13.pom
[282955af-507e-4991-95c4-0d57188706ad/build]   | [INFO] Downloaded from central: https://repo.maven.apache.org/maven2/org/apache/apache/13/apache-13.pom (14 kB at 2.0 MB/s)
[282955af-507e-4991-95c4-0d57188706ad/build]   | [INFO] Downloading from central: https://repo.maven.apache.org/maven2/org/codehaus/plexus/plexus-java/1.1.2/plexus-java-1.1.2.pom
[282955af-507e-4991-95c4-0d57188706ad/build]   | [INFO] Downloaded from central: https://repo.maven.apache.org/maven2/org/codehaus/plexus/plexus-java/1.1.2/plexus-java-1.1.2.pom (5.0 kB at 276 kB/s)
[282955af-507e-4991-95c4-0d57188706ad/build]   | [INFO] Downloading from central: https://repo.maven.apache.org/maven2/org/codehaus/plexus/plexus-languages/1.1.2/plexus-languages-1.1.2.pom
[282955af-507e-4991-95c4-0d57188706ad/build]   | [INFO] Downloaded from central: https://repo.maven.apache.org/maven2/org/codehaus/plexus/plexus-languages/1.1.2/plexus-languages-1.1.2.pom (4.1 kB at 690 kB/s)
[282955af-507e-4991-95c4-0d57188706ad/build]   | [INFO] Downloading from central: https://repo.maven.apache.org/maven2/org/codehaus/plexus/plexus/10/plexus-10.pom
[282955af-507e-4991-95c4-0d57188706ad/build]   | [INFO] Downloaded from central: https://repo.maven.apache.org/maven2/org/codehaus/plexus/plexus/10/plexus-10.pom (25 kB at 4.2 MB/s)
[282955af-507e-4991-95c4-0d57188706ad/build]   | [INFO] Downloading from central: https://repo.maven.apache.org/maven2/com/thoughtworks/qdox/qdox/2.0.3/qdox-2.0.3.pom
[282955af-507e-4991-95c4-0d57188706ad/build]   | [INFO] Downloaded from central: https://repo.maven.apache.org/maven2/com/thoughtworks/qdox/qdox/2.0.3/qdox-2.0.3.pom (17 kB at 3.4 MB/s)
[282955af-507e-4991-95c4-0d57188706ad/build]   | [INFO] Downloading from central: https://repo.maven.apache.org/maven2/org/codehaus/plexus/plexus-compiler-api/2.13.0/plexus-compiler-api-2.13.0.pom
[282955af-507e-4991-95c4-0d57188706ad/build]   | [INFO] Downloaded from central: https://repo.maven.apache.org/maven2/org/codehaus/plexus/plexus-compiler-api/2.13.0/plexus-compiler-api-2.13.0.pom (1.1 kB at 211 kB/s)
[282955af-507e-4991-95c4-0d57188706ad/build]   | [INFO] Downloading from central: https://repo.maven.apache.org/maven2/org/codehaus/plexus/plexus-compiler/2.13.0/plexus-compiler-2.13.0.pom
[282955af-507e-4991-95c4-0d57188706ad/build]   | [INFO] Downloaded from central: https://repo.maven.apache.org/maven2/org/codehaus/plexus/plexus-compiler/2.13.0/plexus-compiler-2.13.0.pom (8.4 kB at 838 kB/s)
[282955af-507e-4991-95c4-0d57188706ad/build]   | [INFO] Downloading from central: https://repo.maven.apache.org/maven2/org/codehaus/plexus/plexus-components/10.0/plexus-components-10.0.pom
[282955af-507e-4991-95c4-0d57188706ad/build]   | [INFO] Downloaded from central: https://repo.maven.apache.org/maven2/org/codehaus/plexus/plexus-components/10.0/plexus-components-10.0.pom (2.7 kB at 446 kB/s)
[282955af-507e-4991-95c4-0d57188706ad/build]   | [INFO] Downloading from central: https://repo.maven.apache.org/maven2/org/codehaus/plexus/plexus-utils/3.5.0/plexus-utils-3.5.0.pom
[282955af-507e-4991-95c4-0d57188706ad/build]   | [INFO] Downloaded from central: https://repo.maven.apache.org/maven2/org/codehaus/plexus/plexus-utils/3.5.0/plexus-utils-3.5.0.pom (8.0 kB at 1.6 MB/s)
[282955af-507e-4991-95c4-0d57188706ad/build]   | [INFO] Downloading from central: https://repo.maven.apache.org/maven2/org/codehaus/plexus/plexus-compiler-manager/2.13.0/plexus-compiler-manager-2.13.0.pom
[282955af-507e-4991-95c4-0d57188706ad/build]   | [INFO] Downloaded from central: https://repo.maven.apache.org/maven2/org/codehaus/plexus/plexus-compiler-manager/2.13.0/plexus-compiler-manager-2.13.0.pom (1.1 kB at 163 kB/s)
[282955af-507e-4991-95c4-0d57188706ad/build]   | [INFO] Downloading from central: https://repo.maven.apache.org/maven2/org/codehaus/plexus/plexus-component-annotations/2.1.1/plexus-component-annotations-2.1.1.pom
[282955af-507e-4991-95c4-0d57188706ad/build]   | [INFO] Downloaded from central: https://repo.maven.apache.org/maven2/org/codehaus/plexus/plexus-component-annotations/2.1.1/plexus-component-annotations-2.1.1.pom (770 B at 154 kB/s)
[282955af-507e-4991-95c4-0d57188706ad/build]   | [INFO] Downloading from central: https://repo.maven.apache.org/maven2/org/codehaus/plexus/plexus-containers/2.1.1/plexus-containers-2.1.1.pom
[282955af-507e-4991-95c4-0d57188706ad/build]   | [INFO] Downloaded from central: https://repo.maven.apache.org/maven2/org/codehaus/plexus/plexus-containers/2.1.1/plexus-containers-2.1.1.pom (6.0 kB at 1.0 MB/s)
[282955af-507e-4991-95c4-0d57188706ad/build]   | [INFO] Downloading from central: https://repo.maven.apache.org/maven2/org/codehaus/plexus/plexus/6.5/plexus-6.5.pom
[282955af-507e-4991-95c4-0d57188706ad/build]   | [INFO] Downloaded from central: https://repo.maven.apache.org/maven2/org/codehaus/plexus/plexus/6.5/plexus-6.5.pom (26 kB at 4.3 MB/s)
[282955af-507e-4991-95c4-0d57188706ad/build]   | [INFO] Downloading from central: https://repo.maven.apache.org/maven2/org/codehaus/plexus/plexus-compiler-javac/2.13.0/plexus-compiler-javac-2.13.0.pom
[282955af-507e-4991-95c4-0d57188706ad/build]   | [INFO] Downloaded from central: https://repo.maven.apache.org/maven2/org/codehaus/plexus/plexus-compiler-javac/2.13.0/plexus-compiler-javac-2.13.0.pom (1.2 kB at 241 kB/s)
[282955af-507e-4991-95c4-0d57188706ad/build]   | [INFO] Downloading from central: https://repo.maven.apache.org/maven2/org/codehaus/plexus/plexus-compilers/2.13.0/plexus-compilers-2.13.0.pom
[282955af-507e-4991-95c4-0d57188706ad/build]   | [INFO] Downloaded from central: https://repo.maven.apache.org/maven2/org/codehaus/plexus/plexus-compilers/2.13.0/plexus-compilers-2.13.0.pom (1.3 kB at 265 kB/s)
[282955af-507e-4991-95c4-0d57188706ad/build]   | [INFO] Downloading from central: https://repo.maven.apache.org/maven2/org/apache/maven/shared/maven-shared-utils/3.3.4/maven-shared-utils-3.3.4.jar
[282955af-507e-4991-95c4-0d57188706ad/build]   | [INFO] Downloading from central: https://repo.maven.apache.org/maven2/commons-io/commons-io/2.6/commons-io-2.6.jar
[282955af-507e-4991-95c4-0d57188706ad/build]   | [INFO] Downloading from central: https://repo.maven.apache.org/maven2/org/apache/maven/shared/maven-shared-incremental/1.1/maven-shared-incremental-1.1.jar
[282955af-507e-4991-95c4-0d57188706ad/build]   | [INFO] Downloading from central: https://repo.maven.apache.org/maven2/org/codehaus/plexus/plexus-java/1.1.2/plexus-java-1.1.2.jar
[282955af-507e-4991-95c4-0d57188706ad/build]   | [INFO] Downloading from central: https://repo.maven.apache.org/maven2/com/thoughtworks/qdox/qdox/2.0.3/qdox-2.0.3.jar
[282955af-507e-4991-95c4-0d57188706ad/build]   | [INFO] Downloaded from central: https://repo.maven.apache.org/maven2/org/apache/maven/shared/maven-shared-incremental/1.1/maven-shared-incremental-1.1.jar (14 kB at 1.9 MB/s)
[282955af-507e-4991-95c4-0d57188706ad/build]   | [INFO] Downloading from central: https://repo.maven.apache.org/maven2/org/codehaus/plexus/plexus-compiler-api/2.13.0/plexus-compiler-api-2.13.0.jar
[282955af-507e-4991-95c4-0d57188706ad/build]   | [INFO] Downloaded from central: https://repo.maven.apache.org/maven2/org/codehaus/plexus/plexus-java/1.1.2/plexus-java-1.1.2.jar (55 kB at 6.8 MB/s)
[282955af-507e-4991-95c4-0d57188706ad/build]   | [INFO] Downloading from central: https://repo.maven.apache.org/maven2/org/codehaus/plexus/plexus-utils/3.5.0/plexus-utils-3.5.0.jar
[282955af-507e-4991-95c4-0d57188706ad/build]   | [INFO] Downloaded from central: https://repo.maven.apache.org/maven2/org/apache/maven/shared/maven-shared-utils/3.3.4/maven-shared-utils-3.3.4.jar (153 kB at 13 MB/s)
[282955af-507e-4991-95c4-0d57188706ad/build]   | [INFO] Downloading from central: https://repo.maven.apache.org/maven2/org/codehaus/plexus/plexus-compiler-manager/2.13.0/plexus-compiler-manager-2.13.0.jar
[282955af-507e-4991-95c4-0d57188706ad/build]   | [INFO] Downloaded from central: https://repo.maven.apache.org/maven2/org/codehaus/plexus/plexus-compiler-api/2.13.0/plexus-compiler-api-2.13.0.jar (27 kB at 1.7 MB/s)
[282955af-507e-4991-95c4-0d57188706ad/build]   | [INFO] Downloading from central: https://repo.maven.apache.org/maven2/org/codehaus/plexus/plexus-compiler-javac/2.13.0/plexus-compiler-javac-2.13.0.jar
[282955af-507e-4991-95c4-0d57188706ad/build]   | [INFO] Downloaded from central: https://repo.maven.apache.org/maven2/commons-io/commons-io/2.6/commons-io-2.6.jar (215 kB at 11 MB/s)
[282955af-507e-4991-95c4-0d57188706ad/build]   | [INFO] Downloaded from central: https://repo.maven.apache.org/maven2/org/codehaus/plexus/plexus-compiler-manager/2.13.0/plexus-compiler-manager-2.13.0.jar (4.7 kB at 222 kB/s)
[282955af-507e-4991-95c4-0d57188706ad/build]   | [INFO] Downloaded from central: https://repo.maven.apache.org/maven2/com/thoughtworks/qdox/qdox/2.0.3/qdox-2.0.3.jar (334 kB at 16 MB/s)
[282955af-507e-4991-95c4-0d57188706ad/build]   | [INFO] Downloaded from central: https://repo.maven.apache.org/maven2/org/codehaus/plexus/plexus-compiler-javac/2.13.0/plexus-compiler-javac-2.13.0.jar (23 kB at 912 kB/s)
[282955af-507e-4991-95c4-0d57188706ad/build]   | [INFO] Downloaded from central: https://repo.maven.apache.org/maven2/org/codehaus/plexus/plexus-utils/3.5.0/plexus-utils-3.5.0.jar (267 kB at 9.5 MB/s)
[282955af-507e-4991-95c4-0d57188706ad/build]   | [INFO] Downloading from central: https://repo.maven.apache.org/maven2/info/picocli/picocli-codegen/4.6.3/picocli-codegen-4.6.3.pom
[282955af-507e-4991-95c4-0d57188706ad/build]   | [INFO] Downloaded from central: https://repo.maven.apache.org/maven2/info/picocli/picocli-codegen/4.6.3/picocli-codegen-4.6.3.pom (1.5 kB at 169 kB/s)
[282955af-507e-4991-95c4-0d57188706ad/build]   | [INFO] Downloading from central: https://repo.maven.apache.org/maven2/info/picocli/picocli-codegen/4.6.3/picocli-codegen-4.6.3.jar
[282955af-507e-4991-95c4-0d57188706ad/build]   | [INFO] Downloaded from central: https://repo.maven.apache.org/maven2/info/picocli/picocli-codegen/4.6.3/picocli-codegen-4.6.3.jar (128 kB at 16 MB/s)
[282955af-507e-4991-95c4-0d57188706ad/build]   | [INFO] Changes detected - recompiling the module! :dependency
[282955af-507e-4991-95c4-0d57188706ad/build]   | [INFO] Compiling 32 source files with javac [debug release 17] to target/classes
[282955af-507e-4991-95c4-0d57188706ad/build]   | [INFO] /tmp/f2b181c8-3294-4cac-a59d-9f51eed2d4a0/src/main/java/it/mulders/mcs/common/Result.java: Some input files use unchecked or unsafe operations.
[282955af-507e-4991-95c4-0d57188706ad/build]   | [INFO] /tmp/f2b181c8-3294-4cac-a59d-9f51eed2d4a0/src/main/java/it/mulders/mcs/common/Result.java: Recompile with -Xlint:unchecked for details.
[282955af-507e-4991-95c4-0d57188706ad/build]   | [INFO] 
[282955af-507e-4991-95c4-0d57188706ad/build]   | [INFO] --- maven-resources-plugin:3.3.0:testResources (default-testResources) @ mcs ---
[282955af-507e-4991-95c4-0d57188706ad/build]   | [INFO] Copying 4 resources
[282955af-507e-4991-95c4-0d57188706ad/build]   | [INFO] 
[282955af-507e-4991-95c4-0d57188706ad/build]   | [INFO] --- maven-compiler-plugin:3.11.0:testCompile (default-testCompile) @ mcs ---
[282955af-507e-4991-95c4-0d57188706ad/build]   | [INFO] Changes detected - recompiling the module! :dependency
[282955af-507e-4991-95c4-0d57188706ad/build]   | [INFO] Compiling 18 source files with javac [debug release 17] to target/test-classes
[282955af-507e-4991-95c4-0d57188706ad/build]   | [WARNING] The following options were not recognized by any processor: '[project]'
[282955af-507e-4991-95c4-0d57188706ad/build]   | [INFO] 
[282955af-507e-4991-95c4-0d57188706ad/build]   | [INFO] --- maven-surefire-plugin:3.1.2:test (default-test) @ mcs ---
[282955af-507e-4991-95c4-0d57188706ad/build]   | [INFO] Downloading from central: https://repo.maven.apache.org/maven2/org/apache/maven/surefire/maven-surefire-common/3.1.2/maven-surefire-common-3.1.2.pom
[282955af-507e-4991-95c4-0d57188706ad/build]   | [INFO] Downloaded from central: https://repo.maven.apache.org/maven2/org/apache/maven/surefire/maven-surefire-common/3.1.2/maven-surefire-common-3.1.2.pom (6.1 kB at 234 kB/s)
[282955af-507e-4991-95c4-0d57188706ad/build]   | [INFO] Downloading from central: https://repo.maven.apache.org/maven2/org/apache/maven/surefire/surefire-api/3.1.2/surefire-api-3.1.2.pom
[282955af-507e-4991-95c4-0d57188706ad/build]   | [INFO] Downloaded from central: https://repo.maven.apache.org/maven2/org/apache/maven/surefire/surefire-api/3.1.2/surefire-api-3.1.2.pom (3.5 kB at 110 kB/s)
[282955af-507e-4991-95c4-0d57188706ad/build]   | [INFO] Downloading from central: https://repo.maven.apache.org/maven2/org/apache/maven/surefire/surefire-logger-api/3.1.2/surefire-logger-api-3.1.2.pom
[282955af-507e-4991-95c4-0d57188706ad/build]   | [INFO] Downloaded from central: https://repo.maven.apache.org/maven2/org/apache/maven/surefire/surefire-logger-api/3.1.2/surefire-logger-api-3.1.2.pom (3.3 kB at 86 kB/s)
[282955af-507e-4991-95c4-0d57188706ad/build]   | [INFO] Downloading from central: https://repo.maven.apache.org/maven2/org/apache/maven/surefire/surefire-shared-utils/3.1.2/surefire-shared-utils-3.1.2.pom
[282955af-507e-4991-95c4-0d57188706ad/build]   | [INFO] Downloaded from central: https://repo.maven.apache.org/maven2/org/apache/maven/surefire/surefire-shared-utils/3.1.2/surefire-shared-utils-3.1.2.pom (4.1 kB at 81 kB/s)
[282955af-507e-4991-95c4-0d57188706ad/build]   | [INFO] Downloading from central: https://repo.maven.apache.org/maven2/org/apache/maven/surefire/surefire-extensions-api/3.1.2/surefire-extensions-api-3.1.2.pom
[282955af-507e-4991-95c4-0d57188706ad/build]   | [INFO] Downloaded from central: https://repo.maven.apache.org/maven2/org/apache/maven/surefire/surefire-extensions-api/3.1.2/surefire-extensions-api-3.1.2.pom (3.3 kB at 127 kB/s)
[282955af-507e-4991-95c4-0d57188706ad/build]   | [INFO] Downloading from central: https://repo.maven.apache.org/maven2/org/apache/maven/surefire/surefire-booter/3.1.2/surefire-booter-3.1.2.pom
[282955af-507e-4991-95c4-0d57188706ad/build]   | [INFO] Downloaded from central: https://repo.maven.apache.org/maven2/org/apache/maven/surefire/surefire-booter/3.1.2/surefire-booter-3.1.2.pom (4.5 kB at 148 kB/s)
[282955af-507e-4991-95c4-0d57188706ad/build]   | [INFO] Downloading from central: https://repo.maven.apache.org/maven2/org/apache/maven/surefire/surefire-extensions-spi/3.1.2/surefire-extensions-spi-3.1.2.pom
[282955af-507e-4991-95c4-0d57188706ad/build]   | [INFO] Downloaded from central: https://repo.maven.apache.org/maven2/org/apache/maven/surefire/surefire-extensions-spi/3.1.2/surefire-extensions-spi-3.1.2.pom (1.8 kB at 50 kB/s)
[282955af-507e-4991-95c4-0d57188706ad/build]   | [INFO] Downloading from central: https://repo.maven.apache.org/maven2/org/eclipse/aether/aether-util/1.0.0.v20140518/aether-util-1.0.0.v20140518.pom
[282955af-507e-4991-95c4-0d57188706ad/build]   | [INFO] Downloaded from central: https://repo.maven.apache.org/maven2/org/eclipse/aether/aether-util/1.0.0.v20140518/aether-util-1.0.0.v20140518.pom (2.2 kB at 56 kB/s)
[282955af-507e-4991-95c4-0d57188706ad/build]   | [INFO] Downloading from central: https://repo.maven.apache.org/maven2/org/eclipse/aether/aether/1.0.0.v20140518/aether-1.0.0.v20140518.pom
[282955af-507e-4991-95c4-0d57188706ad/build]   | [INFO] Downloaded from central: https://repo.maven.apache.org/maven2/org/eclipse/aether/aether/1.0.0.v20140518/aether-1.0.0.v20140518.pom (30 kB at 773 kB/s)
[282955af-507e-4991-95c4-0d57188706ad/build]   | [INFO] Downloading from central: https://repo.maven.apache.org/maven2/org/eclipse/aether/aether-api/1.0.0.v20140518/aether-api-1.0.0.v20140518.pom
[282955af-507e-4991-95c4-0d57188706ad/build]   | [INFO] Downloaded from central: https://repo.maven.apache.org/maven2/org/eclipse/aether/aether-api/1.0.0.v20140518/aether-api-1.0.0.v20140518.pom (1.9 kB at 79 kB/s)
[282955af-507e-4991-95c4-0d57188706ad/build]   | [INFO] Downloading from central: https://repo.maven.apache.org/maven2/org/apache/maven/shared/maven-common-artifact-filters/3.1.1/maven-common-artifact-filters-3.1.1.pom
[282955af-507e-4991-95c4-0d57188706ad/build]   | [INFO] Downloaded from central: https://repo.maven.apache.org/maven2/org/apache/maven/shared/maven-common-artifact-filters/3.1.1/maven-common-artifact-filters-3.1.1.pom (5.8 kB at 200 kB/s)
[282955af-507e-4991-95c4-0d57188706ad/build]   | [INFO] Downloading from central: https://repo.maven.apache.org/maven2/org/apache/maven/maven-artifact/3.2.5/maven-artifact-3.2.5.pom
[282955af-507e-4991-95c4-0d57188706ad/build]   | [INFO] Downloaded from central: https://repo.maven.apache.org/maven2/org/apache/maven/maven-artifact/3.2.5/maven-artifact-3.2.5.pom (2.3 kB at 87 kB/s)
[282955af-507e-4991-95c4-0d57188706ad/build]   | [INFO] Downloading from central: https://repo.maven.apache.org/maven2/org/apache/maven/maven/3.2.5/maven-3.2.5.pom
[282955af-507e-4991-95c4-0d57188706ad/build]   | [INFO] Downloaded from central: https://repo.maven.apache.org/maven2/org/apache/maven/maven/3.2.5/maven-3.2.5.pom (22 kB at 973 kB/s)
[282955af-507e-4991-95c4-0d57188706ad/build]   | [INFO] Downloading from central: https://repo.maven.apache.org/maven2/org/apache/maven/maven-parent/25/maven-parent-25.pom
[282955af-507e-4991-95c4-0d57188706ad/build]   | [INFO] Downloaded from central: https://repo.maven.apache.org/maven2/org/apache/maven/maven-parent/25/maven-parent-25.pom (37 kB at 2.0 MB/s)
[282955af-507e-4991-95c4-0d57188706ad/build]   | [INFO] Downloading from central: https://repo.maven.apache.org/maven2/org/apache/apache/15/apache-15.pom
[282955af-507e-4991-95c4-0d57188706ad/build]   | [INFO] Downloaded from central: https://repo.maven.apache.org/maven2/org/apache/apache/15/apache-15.pom (15 kB at 726 kB/s)
[282955af-507e-4991-95c4-0d57188706ad/build]   | [INFO] Downloading from central: https://repo.maven.apache.org/maven2/org/apache/maven/maven-core/3.2.5/maven-core-3.2.5.pom
[282955af-507e-4991-95c4-0d57188706ad/build]   | [INFO] Downloaded from central: https://repo.maven.apache.org/maven2/org/apache/maven/maven-core/3.2.5/maven-core-3.2.5.pom (8.1 kB at 384 kB/s)
[282955af-507e-4991-95c4-0d57188706ad/build]   | [INFO] Downloading from central: https://repo.maven.apache.org/maven2/org/apache/maven/maven-settings/3.2.5/maven-settings-3.2.5.pom
[282955af-507e-4991-95c4-0d57188706ad/build]   | [INFO] Downloaded from central: https://repo.maven.apache.org/maven2/org/apache/maven/maven-settings/3.2.5/maven-settings-3.2.5.pom (2.2 kB at 84 kB/s)
[282955af-507e-4991-95c4-0d57188706ad/build]   | [INFO] Downloading from central: https://repo.maven.apache.org/maven2/org/apache/maven/maven-settings-builder/3.2.5/maven-settings-builder-3.2.5.pom
[282955af-507e-4991-95c4-0d57188706ad/build]   | [INFO] Downloaded from central: https://repo.maven.apache.org/maven2/org/apache/maven/maven-settings-builder/3.2.5/maven-settings-builder-3.2.5.pom (2.6 kB at 162 kB/s)
[282955af-507e-4991-95c4-0d57188706ad/build]   | [INFO] Downloading from central: https://repo.maven.apache.org/maven2/org/codehaus/plexus/plexus-interpolation/1.21/plexus-interpolation-1.21.pom
[282955af-507e-4991-95c4-0d57188706ad/build]   | [INFO] Downloaded from central: https://repo.maven.apache.org/maven2/org/codehaus/plexus/plexus-interpolation/1.21/plexus-interpolation-1.21.pom (1.5 kB at 70 kB/s)
[282955af-507e-4991-95c4-0d57188706ad/build]   | [INFO] Downloading from central: https://repo.maven.apache.org/maven2/org/codehaus/plexus/plexus-components/1.3.1/plexus-components-1.3.1.pom
[282955af-507e-4991-95c4-0d57188706ad/build]   | [INFO] Downloaded from central: https://repo.maven.apache.org/maven2/org/codehaus/plexus/plexus-components/1.3.1/plexus-components-1.3.1.pom (3.1 kB at 123 kB/s)
[282955af-507e-4991-95c4-0d57188706ad/build]   | [INFO] Downloading from central: https://repo.maven.apache.org/maven2/org/sonatype/plexus/plexus-sec-dispatcher/1.3/plexus-sec-dispatcher-1.3.pom
[282955af-507e-4991-95c4-0d57188706ad/build]   | [INFO] Downloaded from central: https://repo.maven.apache.org/maven2/org/sonatype/plexus/plexus-sec-dispatcher/1.3/plexus-sec-dispatcher-1.3.pom (3.0 kB at 99 kB/s)
[282955af-507e-4991-95c4-0d57188706ad/build]   | [INFO] Downloading from central: https://repo.maven.apache.org/maven2/org/sonatype/spice/spice-parent/12/spice-parent-12.pom
[282955af-507e-4991-95c4-0d57188706ad/build]   | [INFO] Downloaded from central: https://repo.maven.apache.org/maven2/org/sonatype/spice/spice-parent/12/spice-parent-12.pom (6.8 kB at 425 kB/s)
[282955af-507e-4991-95c4-0d57188706ad/build]   | [INFO] Downloading from central: https://repo.maven.apache.org/maven2/org/sonatype/forge/forge-parent/4/forge-parent-4.pom
[282955af-507e-4991-95c4-0d57188706ad/build]   | [INFO] Downloaded from central: https://repo.maven.apache.org/maven2/org/sonatype/forge/forge-parent/4/forge-parent-4.pom (8.4 kB at 933 kB/s)
[282955af-507e-4991-95c4-0d57188706ad/build]   | [INFO] Downloading from central: https://repo.maven.apache.org/maven2/org/sonatype/plexus/plexus-cipher/1.4/plexus-cipher-1.4.pom
[282955af-507e-4991-95c4-0d57188706ad/build]   | [INFO] Downloaded from central: https://repo.maven.apache.org/maven2/org/sonatype/plexus/plexus-cipher/1.4/plexus-cipher-1.4.pom (2.1 kB at 159 kB/s)
[282955af-507e-4991-95c4-0d57188706ad/build]   | [INFO] Downloading from central: https://repo.maven.apache.org/maven2/org/apache/maven/maven-repository-metadata/3.2.5/maven-repository-metadata-3.2.5.pom
[282955af-507e-4991-95c4-0d57188706ad/build]   | [INFO] Downloaded from central: https://repo.maven.apache.org/maven2/org/apache/maven/maven-repository-metadata/3.2.5/maven-repository-metadata-3.2.5.pom (2.2 kB at 186 kB/s)
[282955af-507e-4991-95c4-0d57188706ad/build]   | [INFO] Downloading from central: https://repo.maven.apache.org/maven2/org/apache/maven/maven-plugin-api/3.2.5/maven-plugin-api-3.2.5.pom
[282955af-507e-4991-95c4-0d57188706ad/build]   | [INFO] Downloaded from central: https://repo.maven.apache.org/maven2/org/apache/maven/maven-plugin-api/3.2.5/maven-plugin-api-3.2.5.pom (3.0 kB at 252 kB/s)
[282955af-507e-4991-95c4-0d57188706ad/build]   | [INFO] Downloading from central: https://repo.maven.apache.org/maven2/org/eclipse/sisu/org.eclipse.sisu.plexus/0.3.5/org.eclipse.sisu.plexus-0.3.5.pom
[282955af-507e-4991-95c4-0d57188706ad/build]   | [INFO] Downloaded from central: https://repo.maven.apache.org/maven2/org/eclipse/sisu/org.eclipse.sisu.plexus/0.3.5/org.eclipse.sisu.plexus-0.3.5.pom (4.3 kB at 214 kB/s)
[282955af-507e-4991-95c4-0d57188706ad/build]   | [INFO] Downloading from central: https://repo.maven.apache.org/maven2/org/eclipse/sisu/sisu-plexus/0.3.5/sisu-plexus-0.3.5.pom
[282955af-507e-4991-95c4-0d57188706ad/build]   | [INFO] Downloaded from central: https://repo.maven.apache.org/maven2/org/eclipse/sisu/sisu-plexus/0.3.5/sisu-plexus-0.3.5.pom (14 kB at 624 kB/s)
[282955af-507e-4991-95c4-0d57188706ad/build]   | [INFO] Downloading from central: https://repo.maven.apache.org/maven2/javax/annotation/javax.annotation-api/1.2/javax.annotation-api-1.2.pom
[282955af-507e-4991-95c4-0d57188706ad/build]   | [INFO] Downloaded from central: https://repo.maven.apache.org/maven2/javax/annotation/javax.annotation-api/1.2/javax.annotation-api-1.2.pom (13 kB at 1.3 MB/s)
[282955af-507e-4991-95c4-0d57188706ad/build]   | [INFO] Downloading from central: https://repo.maven.apache.org/maven2/javax/enterprise/cdi-api/1.2/cdi-api-1.2.pom
[282955af-507e-4991-95c4-0d57188706ad/build]   | [INFO] Downloaded from central: https://repo.maven.apache.org/maven2/javax/enterprise/cdi-api/1.2/cdi-api-1.2.pom (6.3 kB at 571 kB/s)
[282955af-507e-4991-95c4-0d57188706ad/build]   | [INFO] Downloading from central: https://repo.maven.apache.org/maven2/org/jboss/weld/weld-parent/26/weld-parent-26.pom
[282955af-507e-4991-95c4-0d57188706ad/build]   | [INFO] Downloaded from central: https://repo.maven.apache.org/maven2/org/jboss/weld/weld-parent/26/weld-parent-26.pom (32 kB at 2.5 MB/s)
[282955af-507e-4991-95c4-0d57188706ad/build]   | [INFO] Downloading from central: https://repo.maven.apache.org/maven2/org/eclipse/sisu/org.eclipse.sisu.inject/0.3.5/org.eclipse.sisu.inject-0.3.5.pom
[282955af-507e-4991-95c4-0d57188706ad/build]   | [INFO] Downloaded from central: https://repo.maven.apache.org/maven2/org/eclipse/sisu/org.eclipse.sisu.inject/0.3.5/org.eclipse.sisu.inject-0.3.5.pom (2.6 kB at 262 kB/s)
[282955af-507e-4991-95c4-0d57188706ad/build]   | [INFO] Downloading from central: https://repo.maven.apache.org/maven2/org/eclipse/sisu/sisu-inject/0.3.5/sisu-inject-0.3.5.pom
[282955af-507e-4991-95c4-0d57188706ad/build]   | [INFO] Downloaded from central: https://repo.maven.apache.org/maven2/org/eclipse/sisu/sisu-inject/0.3.5/sisu-inject-0.3.5.pom (14 kB at 1.2 MB/s)
[282955af-507e-4991-95c4-0d57188706ad/build]   | [INFO] Downloading from central: https://repo.maven.apache.org/maven2/org/apache/maven/maven-model-builder/3.2.5/maven-model-builder-3.2.5.pom
[282955af-507e-4991-95c4-0d57188706ad/build]   | [INFO] Downloaded from central: https://repo.maven.apache.org/maven2/org/apache/maven/maven-model-builder/3.2.5/maven-model-builder-3.2.5.pom (3.0 kB at 230 kB/s)
[282955af-507e-4991-95c4-0d57188706ad/build]   | [INFO] Downloading from central: https://repo.maven.apache.org/maven2/org/apache/maven/maven-aether-provider/3.2.5/maven-aether-provider-3.2.5.pom
[282955af-507e-4991-95c4-0d57188706ad/build]   | [INFO] Downloaded from central: https://repo.maven.apache.org/maven2/org/apache/maven/maven-aether-provider/3.2.5/maven-aether-provider-3.2.5.pom (4.2 kB at 327 kB/s)
[282955af-507e-4991-95c4-0d57188706ad/build]   | [INFO] Downloading from central: https://repo.maven.apache.org/maven2/org/eclipse/aether/aether-spi/1.0.0.v20140518/aether-spi-1.0.0.v20140518.pom
[282955af-507e-4991-95c4-0d57188706ad/build]   | [INFO] Downloaded from central: https://repo.maven.apache.org/maven2/org/eclipse/aether/aether-spi/1.0.0.v20140518/aether-spi-1.0.0.v20140518.pom (2.1 kB at 187 kB/s)
[282955af-507e-4991-95c4-0d57188706ad/build]   | [INFO] Downloading from central: https://repo.maven.apache.org/maven2/org/eclipse/aether/aether-impl/1.0.0.v20140518/aether-impl-1.0.0.v20140518.pom
[282955af-507e-4991-95c4-0d57188706ad/build]   | [INFO] Downloaded from central: https://repo.maven.apache.org/maven2/org/eclipse/aether/aether-impl/1.0.0.v20140518/aether-impl-1.0.0.v20140518.pom (3.5 kB at 579 kB/s)
[282955af-507e-4991-95c4-0d57188706ad/build]   | [INFO] Downloading from central: https://repo.maven.apache.org/maven2/org/sonatype/sisu/sisu-guice/3.2.3/sisu-guice-3.2.3.pom
[282955af-507e-4991-95c4-0d57188706ad/build]   | [INFO] Downloaded from central: https://repo.maven.apache.org/maven2/org/sonatype/sisu/sisu-guice/3.2.3/sisu-guice-3.2.3.pom (11 kB at 437 kB/s)
[282955af-507e-4991-95c4-0d57188706ad/build]   | [INFO] Downloading from central: https://repo.maven.apache.org/maven2/org/sonatype/sisu/inject/guice-parent/3.2.3/guice-parent-3.2.3.pom
[282955af-507e-4991-95c4-0d57188706ad/build]   | [INFO] Downloaded from central: https://repo.maven.apache.org/maven2/org/sonatype/sisu/inject/guice-parent/3.2.3/guice-parent-3.2.3.pom (13 kB at 748 kB/s)
[282955af-507e-4991-95c4-0d57188706ad/build]   | [INFO] Downloading from central: https://repo.maven.apache.org/maven2/org/sonatype/forge/forge-parent/38/forge-parent-38.pom
[282955af-507e-4991-95c4-0d57188706ad/build]   | [INFO] Downloaded from central: https://repo.maven.apache.org/maven2/org/sonatype/forge/forge-parent/38/forge-parent-38.pom (19 kB at 815 kB/s)
[282955af-507e-4991-95c4-0d57188706ad/build]   | [INFO] Downloading from central: https://repo.maven.apache.org/maven2/aopalliance/aopalliance/1.0/aopalliance-1.0.pom
[282955af-507e-4991-95c4-0d57188706ad/build]   | [INFO] Downloaded from central: https://repo.maven.apache.org/maven2/aopalliance/aopalliance/1.0/aopalliance-1.0.pom (363 B at 13 kB/s)
[282955af-507e-4991-95c4-0d57188706ad/build]   | [INFO] Downloading from central: https://repo.maven.apache.org/maven2/com/google/guava/guava/16.0.1/guava-16.0.1.pom
[282955af-507e-4991-95c4-0d57188706ad/build]   | [INFO] Downloaded from central: https://repo.maven.apache.org/maven2/com/google/guava/guava/16.0.1/guava-16.0.1.pom (6.1 kB at 321 kB/s)
[282955af-507e-4991-95c4-0d57188706ad/build]   | [INFO] Downloading from central: https://repo.maven.apache.org/maven2/com/google/guava/guava-parent/16.0.1/guava-parent-16.0.1.pom
[282955af-507e-4991-95c4-0d57188706ad/build]   | [INFO] Downloaded from central: https://repo.maven.apache.org/maven2/com/google/guava/guava-parent/16.0.1/guava-parent-16.0.1.pom (7.3 kB at 489 kB/s)
[282955af-507e-4991-95c4-0d57188706ad/build]   | [INFO] Downloading from central: https://repo.maven.apache.org/maven2/commons-io/commons-io/2.12.0/commons-io-2.12.0.pom
[282955af-507e-4991-95c4-0d57188706ad/build]   | [INFO] Downloaded from central: https://repo.maven.apache.org/maven2/commons-io/commons-io/2.12.0/commons-io-2.12.0.pom (20 kB at 1.6 MB/s)
[282955af-507e-4991-95c4-0d57188706ad/build]   | [INFO] Downloading from central: https://repo.maven.apache.org/maven2/org/apache/commons/commons-parent/57/commons-parent-57.pom
[282955af-507e-4991-95c4-0d57188706ad/build]   | [INFO] Downloaded from central: https://repo.maven.apache.org/maven2/org/apache/commons/commons-parent/57/commons-parent-57.pom (83 kB at 3.9 MB/s)
[282955af-507e-4991-95c4-0d57188706ad/build]   | [INFO] Downloading from central: https://repo.maven.apache.org/maven2/org/junit/junit-bom/5.9.2/junit-bom-5.9.2.pom
[282955af-507e-4991-95c4-0d57188706ad/build]   | [INFO] Downloaded from central: https://repo.maven.apache.org/maven2/org/junit/junit-bom/5.9.2/junit-bom-5.9.2.pom (5.6 kB at 148 kB/s)
[282955af-507e-4991-95c4-0d57188706ad/build]   | [INFO] Downloading from central: https://repo.maven.apache.org/maven2/org/apache/maven/surefire/maven-surefire-common/3.1.2/maven-surefire-common-3.1.2.jar
[282955af-507e-4991-95c4-0d57188706ad/build]   | [INFO] Downloading from central: https://repo.maven.apache.org/maven2/org/apache/maven/surefire/surefire-api/3.1.2/surefire-api-3.1.2.jar
[282955af-507e-4991-95c4-0d57188706ad/build]   | [INFO] Downloading from central: https://repo.maven.apache.org/maven2/org/apache/maven/surefire/surefire-logger-api/3.1.2/surefire-logger-api-3.1.2.jar
[282955af-507e-4991-95c4-0d57188706ad/build]   | [INFO] Downloading from central: https://repo.maven.apache.org/maven2/org/apache/maven/surefire/surefire-extensions-api/3.1.2/surefire-extensions-api-3.1.2.jar
[282955af-507e-4991-95c4-0d57188706ad/build]   | [INFO] Downloading from central: https://repo.maven.apache.org/maven2/org/apache/maven/surefire/surefire-booter/3.1.2/surefire-booter-3.1.2.jar
[282955af-507e-4991-95c4-0d57188706ad/build]   | [INFO] Downloaded from central: https://repo.maven.apache.org/maven2/org/apache/maven/surefire/surefire-logger-api/3.1.2/surefire-logger-api-3.1.2.jar (14 kB at 849 kB/s)
[282955af-507e-4991-95c4-0d57188706ad/build]   | [INFO] Downloading from central: https://repo.maven.apache.org/maven2/org/apache/maven/surefire/surefire-extensions-spi/3.1.2/surefire-extensions-spi-3.1.2.jar
[282955af-507e-4991-95c4-0d57188706ad/build]   | [INFO] Downloaded from central: https://repo.maven.apache.org/maven2/org/apache/maven/surefire/surefire-extensions-api/3.1.2/surefire-extensions-api-3.1.2.jar (26 kB at 1.5 MB/s)
[282955af-507e-4991-95c4-0d57188706ad/build]   | [INFO] Downloading from central: https://repo.maven.apache.org/maven2/org/eclipse/aether/aether-util/1.0.0.v20140518/aether-util-1.0.0.v20140518.jar
[282955af-507e-4991-95c4-0d57188706ad/build]   | [INFO] Downloaded from central: https://repo.maven.apache.org/maven2/org/apache/maven/surefire/surefire-booter/3.1.2/surefire-booter-3.1.2.jar (118 kB at 4.7 MB/s)
[282955af-507e-4991-95c4-0d57188706ad/build]   | [INFO] Downloading from central: https://repo.maven.apache.org/maven2/org/eclipse/aether/aether-api/1.0.0.v20140518/aether-api-1.0.0.v20140518.jar
[282955af-507e-4991-95c4-0d57188706ad/build]   | [INFO] Downloaded from central: https://repo.maven.apache.org/maven2/org/apache/maven/surefire/surefire-api/3.1.2/surefire-api-3.1.2.jar (171 kB at 6.6 MB/s)
[282955af-507e-4991-95c4-0d57188706ad/build]   | [INFO] Downloading from central: https://repo.maven.apache.org/maven2/org/apache/maven/shared/maven-common-artifact-filters/3.1.1/maven-common-artifact-filters-3.1.1.jar
[282955af-507e-4991-95c4-0d57188706ad/build]   | [INFO] Downloaded from central: https://repo.maven.apache.org/maven2/org/apache/maven/surefire/surefire-extensions-spi/3.1.2/surefire-extensions-spi-3.1.2.jar (8.2 kB at 264 kB/s)
[282955af-507e-4991-95c4-0d57188706ad/build]   | [INFO] Downloading from central: https://repo.maven.apache.org/maven2/commons-io/commons-io/2.12.0/commons-io-2.12.0.jar
[282955af-507e-4991-95c4-0d57188706ad/build]   | [INFO] Downloaded from central: https://repo.maven.apache.org/maven2/org/apache/maven/surefire/maven-surefire-common/3.1.2/maven-surefire-common-3.1.2.jar (306 kB at 7.5 MB/s)
[282955af-507e-4991-95c4-0d57188706ad/build]   | [INFO] Downloading from central: https://repo.maven.apache.org/maven2/org/apache/maven/surefire/surefire-shared-utils/3.1.2/surefire-shared-utils-3.1.2.jar
[282955af-507e-4991-95c4-0d57188706ad/build]   | [INFO] Downloaded from central: https://repo.maven.apache.org/maven2/org/apache/maven/shared/maven-common-artifact-filters/3.1.1/maven-common-artifact-filters-3.1.1.jar (61 kB at 1.4 MB/s)
[282955af-507e-4991-95c4-0d57188706ad/build]   | [INFO] Downloaded from central: https://repo.maven.apache.org/maven2/org/eclipse/aether/aether-api/1.0.0.v20140518/aether-api-1.0.0.v20140518.jar (136 kB at 2.6 MB/s)
[282955af-507e-4991-95c4-0d57188706ad/build]   | [INFO] Downloaded from central: https://repo.maven.apache.org/maven2/org/eclipse/aether/aether-util/1.0.0.v20140518/aether-util-1.0.0.v20140518.jar (146 kB at 2.4 MB/s)
[282955af-507e-4991-95c4-0d57188706ad/build]   | [INFO] Downloaded from central: https://repo.maven.apache.org/maven2/commons-io/commons-io/2.12.0/commons-io-2.12.0.jar (474 kB at 4.4 MB/s)
[282955af-507e-4991-95c4-0d57188706ad/build]   | [INFO] Downloaded from central: https://repo.maven.apache.org/maven2/org/apache/maven/surefire/surefire-shared-utils/3.1.2/surefire-shared-utils-3.1.2.jar (2.3 MB at 6.4 MB/s)
[282955af-507e-4991-95c4-0d57188706ad/build]   | [INFO] Using auto detected provider org.apache.maven.surefire.junitplatform.JUnitPlatformProvider
[282955af-507e-4991-95c4-0d57188706ad/build]   | [INFO] Downloading from central: https://repo.maven.apache.org/maven2/org/apache/maven/surefire/surefire-junit-platform/3.1.2/surefire-junit-platform-3.1.2.pom
[282955af-507e-4991-95c4-0d57188706ad/build]   | [INFO] Downloaded from central: https://repo.maven.apache.org/maven2/org/apache/maven/surefire/surefire-junit-platform/3.1.2/surefire-junit-platform-3.1.2.pom (4.7 kB at 167 kB/s)
[282955af-507e-4991-95c4-0d57188706ad/build]   | [INFO] Downloading from central: https://repo.maven.apache.org/maven2/org/apache/maven/surefire/surefire-providers/3.1.2/surefire-providers-3.1.2.pom
[282955af-507e-4991-95c4-0d57188706ad/build]   | [INFO] Downloaded from central: https://repo.maven.apache.org/maven2/org/apache/maven/surefire/surefire-providers/3.1.2/surefire-providers-3.1.2.pom (2.6 kB at 100 kB/s)
[282955af-507e-4991-95c4-0d57188706ad/build]   | [INFO] Downloading from central: https://repo.maven.apache.org/maven2/org/apache/maven/surefire/common-java5/3.1.2/common-java5-3.1.2.pom
[282955af-507e-4991-95c4-0d57188706ad/build]   | [INFO] Downloaded from central: https://repo.maven.apache.org/maven2/org/apache/maven/surefire/common-java5/3.1.2/common-java5-3.1.2.pom (2.8 kB at 201 kB/s)
[282955af-507e-4991-95c4-0d57188706ad/build]   | [INFO] Downloading from central: https://repo.maven.apache.org/maven2/org/junit/platform/junit-platform-launcher/1.9.2/junit-platform-launcher-1.9.2.pom
[282955af-507e-4991-95c4-0d57188706ad/build]   | [INFO] Downloaded from central: https://repo.maven.apache.org/maven2/org/junit/platform/junit-platform-launcher/1.9.2/junit-platform-launcher-1.9.2.pom (3.0 kB at 275 kB/s)
[282955af-507e-4991-95c4-0d57188706ad/build]   | [INFO] Downloading from central: https://repo.maven.apache.org/maven2/org/junit/platform/junit-platform-engine/1.9.2/junit-platform-engine-1.9.2.pom
[282955af-507e-4991-95c4-0d57188706ad/build]   | [INFO] Downloaded from central: https://repo.maven.apache.org/maven2/org/junit/platform/junit-platform-engine/1.9.2/junit-platform-engine-1.9.2.pom (3.2 kB at 291 kB/s)
[282955af-507e-4991-95c4-0d57188706ad/build]   | [INFO] Downloading from central: https://repo.maven.apache.org/maven2/org/junit/platform/junit-platform-commons/1.9.2/junit-platform-commons-1.9.2.pom
[282955af-507e-4991-95c4-0d57188706ad/build]   | [INFO] Downloaded from central: https://repo.maven.apache.org/maven2/org/junit/platform/junit-platform-commons/1.9.2/junit-platform-commons-1.9.2.pom (2.8 kB at 257 kB/s)
[282955af-507e-4991-95c4-0d57188706ad/build]   | [INFO] Downloading from central: https://repo.maven.apache.org/maven2/org/apache/maven/surefire/surefire-junit-platform/3.1.2/surefire-junit-platform-3.1.2.jar
[282955af-507e-4991-95c4-0d57188706ad/build]   | [INFO] Downloading from central: https://repo.maven.apache.org/maven2/org/apache/maven/surefire/common-java5/3.1.2/common-java5-3.1.2.jar
[282955af-507e-4991-95c4-0d57188706ad/build]   | [INFO] Downloading from central: https://repo.maven.apache.org/maven2/org/junit/platform/junit-platform-launcher/1.9.2/junit-platform-launcher-1.9.2.jar
[282955af-507e-4991-95c4-0d57188706ad/build]   | [INFO] Downloading from central: https://repo.maven.apache.org/maven2/org/junit/platform/junit-platform-commons/1.9.2/junit-platform-commons-1.9.2.jar
[282955af-507e-4991-95c4-0d57188706ad/build]   | [INFO] Downloading from central: https://repo.maven.apache.org/maven2/org/junit/platform/junit-platform-engine/1.9.2/junit-platform-engine-1.9.2.jar
[282955af-507e-4991-95c4-0d57188706ad/build]   | [INFO] Downloaded from central: https://repo.maven.apache.org/maven2/org/apache/maven/surefire/common-java5/3.1.2/common-java5-3.1.2.jar (18 kB at 501 kB/s)
[282955af-507e-4991-95c4-0d57188706ad/build]   | [INFO] Downloaded from central: https://repo.maven.apache.org/maven2/org/apache/maven/surefire/surefire-junit-platform/3.1.2/surefire-junit-platform-3.1.2.jar (27 kB at 734 kB/s)
[282955af-507e-4991-95c4-0d57188706ad/build]   | [INFO] Downloaded from central: https://repo.maven.apache.org/maven2/org/junit/platform/junit-platform-launcher/1.9.2/junit-platform-launcher-1.9.2.jar (169 kB at 2.7 MB/s)
[282955af-507e-4991-95c4-0d57188706ad/build]   | [INFO] Downloaded from central: https://repo.maven.apache.org/maven2/org/junit/platform/junit-platform-engine/1.9.2/junit-platform-engine-1.9.2.jar (189 kB at 3.1 MB/s)
[282955af-507e-4991-95c4-0d57188706ad/build]   | [INFO] Downloaded from central: https://repo.maven.apache.org/maven2/org/junit/platform/junit-platform-commons/1.9.2/junit-platform-commons-1.9.2.jar (103 kB at 1.5 MB/s)
[282955af-507e-4991-95c4-0d57188706ad/build]   | [INFO] Downloading from central: https://repo.maven.apache.org/maven2/org/junit/platform/junit-platform-launcher/1.9.3/junit-platform-launcher-1.9.3.pom
[282955af-507e-4991-95c4-0d57188706ad/build]   | [INFO] Downloaded from central: https://repo.maven.apache.org/maven2/org/junit/platform/junit-platform-launcher/1.9.3/junit-platform-launcher-1.9.3.pom (3.0 kB at 112 kB/s)
[282955af-507e-4991-95c4-0d57188706ad/build]   | [INFO] Downloading from central: https://repo.maven.apache.org/maven2/org/junit/platform/junit-platform-launcher/1.9.3/junit-platform-launcher-1.9.3.jar
[282955af-507e-4991-95c4-0d57188706ad/build]   | [INFO] Downloaded from central: https://repo.maven.apache.org/maven2/org/junit/platform/junit-platform-launcher/1.9.3/junit-platform-launcher-1.9.3.jar (169 kB at 6.8 MB/s)
[282955af-507e-4991-95c4-0d57188706ad/build]   | [INFO] 
[282955af-507e-4991-95c4-0d57188706ad/build]   | [INFO] -------------------------------------------------------
[282955af-507e-4991-95c4-0d57188706ad/build]   | [INFO]  T E S T S
[282955af-507e-4991-95c4-0d57188706ad/build]   | [INFO] -------------------------------------------------------
[282955af-507e-4991-95c4-0d57188706ad/build]   | [INFO] Running it.mulders.mcs.cli.CliTest
[282955af-507e-4991-95c4-0d57188706ad/build]   | [INFO] Running it.mulders.mcs.cli.CliTest$ClassSearchCommandTest
[282955af-507e-4991-95c4-0d57188706ad/build]   | OpenJDK 64-Bit Server VM warning: Sharing is only supported for boot loader classes because bootstrap classpath has been appended
[282955af-507e-4991-95c4-0d57188706ad/build]   | Searching for artifacts containing test...
[282955af-507e-4991-95c4-0d57188706ad/build]   | Searching for artifacts containing test...
[282955af-507e-4991-95c4-0d57188706ad/build]   | [INFO] Tests run: 2, Failures: 0, Errors: 0, Skipped: 0, Time elapsed: 2.365 s -- in it.mulders.mcs.cli.CliTest$ClassSearchCommandTest
[282955af-507e-4991-95c4-0d57188706ad/build]   | [INFO] Running it.mulders.mcs.cli.CliTest$SearchCommandTest
[282955af-507e-4991-95c4-0d57188706ad/build]   | Searching for jakarta rs...
[282955af-507e-4991-95c4-0d57188706ad/build]   | Searching for test...
[282955af-507e-4991-95c4-0d57188706ad/build]   | Searching for test...
[282955af-507e-4991-95c4-0d57188706ad/build]   | Searching for test...
[282955af-507e-4991-95c4-0d57188706ad/build]   | [INFO] Tests run: 4, Failures: 0, Errors: 0, Skipped: 0, Time elapsed: 0.208 s -- in it.mulders.mcs.cli.CliTest$SearchCommandTest
[282955af-507e-4991-95c4-0d57188706ad/build]   | [INFO] Tests run: 0, Failures: 0, Errors: 0, Skipped: 0, Time elapsed: 2.651 s -- in it.mulders.mcs.cli.CliTest
[282955af-507e-4991-95c4-0d57188706ad/build]   | [INFO] Running it.mulders.mcs.cli.ClasspathVersionProviderTest
[282955af-507e-4991-95c4-0d57188706ad/build]   | [INFO] Tests run: 1, Failures: 0, Errors: 0, Skipped: 0, Time elapsed: 0.010 s -- in it.mulders.mcs.cli.ClasspathVersionProviderTest
[282955af-507e-4991-95c4-0d57188706ad/build]   | [INFO] Running it.mulders.mcs.cli.CommandClassFactoryTest
[282955af-507e-4991-95c4-0d57188706ad/build]   | [INFO] Tests run: 2, Failures: 0, Errors: 0, Skipped: 0, Time elapsed: 0.006 s -- in it.mulders.mcs.cli.CommandClassFactoryTest
[282955af-507e-4991-95c4-0d57188706ad/build]   | [INFO] Running it.mulders.mcs.common.McsExecutionExceptionHandlerTest
[282955af-507e-4991-95c4-0d57188706ad/build]   | [INFO] Tests run: 1, Failures: 0, Errors: 0, Skipped: 0, Time elapsed: 0.016 s -- in it.mulders.mcs.common.McsExecutionExceptionHandlerTest
[282955af-507e-4991-95c4-0d57188706ad/build]   | [INFO] Running it.mulders.mcs.common.SearchResponseBodyHandlerTest
[282955af-507e-4991-95c4-0d57188706ad/build]   | [INFO] Tests run: 3, Failures: 0, Errors: 0, Skipped: 0, Time elapsed: 0.087 s -- in it.mulders.mcs.common.SearchResponseBodyHandlerTest
[282955af-507e-4991-95c4-0d57188706ad/build]   | [INFO] Running it.mulders.mcs.common.ResultTest
[282955af-507e-4991-95c4-0d57188706ad/build]   | [INFO] Running it.mulders.mcs.common.ResultTest$Failure
[282955af-507e-4991-95c4-0d57188706ad/build]   | [INFO] Tests run: 3, Failures: 0, Errors: 0, Skipped: 0, Time elapsed: 0.024 s -- in it.mulders.mcs.common.ResultTest$Failure
[282955af-507e-4991-95c4-0d57188706ad/build]   | [INFO] Running it.mulders.mcs.common.ResultTest$Success
[282955af-507e-4991-95c4-0d57188706ad/build]   | [INFO] Tests run: 4, Failures: 0, Errors: 0, Skipped: 0, Time elapsed: 0.015 s -- in it.mulders.mcs.common.ResultTest$Success
[282955af-507e-4991-95c4-0d57188706ad/build]   | [INFO] Tests run: 0, Failures: 0, Errors: 0, Skipped: 0, Time elapsed: 0.043 s -- in it.mulders.mcs.common.ResultTest
[282955af-507e-4991-95c4-0d57188706ad/build]   | [INFO] Running it.mulders.mcs.search.SearchQueryTest
[282955af-507e-4991-95c4-0d57188706ad/build]   | [INFO] Running it.mulders.mcs.search.SearchQueryTest$CoordinateQueryTest
[282955af-507e-4991-95c4-0d57188706ad/build]   | [INFO] Tests run: 8, Failures: 0, Errors: 0, Skipped: 0, Time elapsed: 0.150 s -- in it.mulders.mcs.search.SearchQueryTest$CoordinateQueryTest
[282955af-507e-4991-95c4-0d57188706ad/build]   | [INFO] Tests run: 0, Failures: 0, Errors: 0, Skipped: 0, Time elapsed: 0.158 s -- in it.mulders.mcs.search.SearchQueryTest
[282955af-507e-4991-95c4-0d57188706ad/build]   | [INFO] Running it.mulders.mcs.search.SearchCommandHandlerTest
[282955af-507e-4991-95c4-0d57188706ad/build]   | [INFO] Running it.mulders.mcs.search.SearchCommandHandlerTest$CoordinateSearchTest
[282955af-507e-4991-95c4-0d57188706ad/build]   | [INFO] Tests run: 4, Failures: 0, Errors: 0, Skipped: 0, Time elapsed: 0.454 s -- in it.mulders.mcs.search.SearchCommandHandlerTest$CoordinateSearchTest
[282955af-507e-4991-95c4-0d57188706ad/build]   | [INFO] Running it.mulders.mcs.search.SearchCommandHandlerTest$WildcardSearchTest
[282955af-507e-4991-95c4-0d57188706ad/build]   | [INFO] Tests run: 2, Failures: 0, Errors: 0, Skipped: 0, Time elapsed: 0.011 s -- in it.mulders.mcs.search.SearchCommandHandlerTest$WildcardSearchTest
[282955af-507e-4991-95c4-0d57188706ad/build]   | [INFO] Tests run: 0, Failures: 0, Errors: 0, Skipped: 0, Time elapsed: 0.473 s -- in it.mulders.mcs.search.SearchCommandHandlerTest
[282955af-507e-4991-95c4-0d57188706ad/build]   | [INFO] Running it.mulders.mcs.search.ClassnameQueryTest
[282955af-507e-4991-95c4-0d57188706ad/build]   | [INFO] Running it.mulders.mcs.search.ClassnameQueryTest$ToSolrQueryTest
[282955af-507e-4991-95c4-0d57188706ad/build]   | [INFO] Tests run: 4, Failures: 0, Errors: 0, Skipped: 0, Time elapsed: 0.007 s -- in it.mulders.mcs.search.ClassnameQueryTest$ToSolrQueryTest
[282955af-507e-4991-95c4-0d57188706ad/build]   | [INFO] Running it.mulders.mcs.search.ClassnameQueryTest$SearchQueryBuilderTest
[282955af-507e-4991-95c4-0d57188706ad/build]   | [INFO] Tests run: 2, Failures: 0, Errors: 0, Skipped: 0, Time elapsed: 0.003 s -- in it.mulders.mcs.search.ClassnameQueryTest$SearchQueryBuilderTest
[282955af-507e-4991-95c4-0d57188706ad/build]   | [INFO] Tests run: 0, Failures: 0, Errors: 0, Skipped: 0, Time elapsed: 0.013 s -- in it.mulders.mcs.search.ClassnameQueryTest
[282955af-507e-4991-95c4-0d57188706ad/build]   | [INFO] Running it.mulders.mcs.search.FormatTypeTest
[282955af-507e-4991-95c4-0d57188706ad/build]   | [INFO] Tests run: 13, Failures: 0, Errors: 0, Skipped: 0, Time elapsed: 0.034 s -- in it.mulders.mcs.search.FormatTypeTest
[282955af-507e-4991-95c4-0d57188706ad/build]   | [INFO] Running it.mulders.mcs.search.printer.CoordinatePrinterTest
[282955af-507e-4991-95c4-0d57188706ad/build]   | [INFO] Tests run: 10, Failures: 0, Errors: 0, Skipped: 0, Time elapsed: 0.029 s -- in it.mulders.mcs.search.printer.CoordinatePrinterTest
[282955af-507e-4991-95c4-0d57188706ad/build]   | [INFO] Running it.mulders.mcs.search.printer.NoOutputPrinterTest
[282955af-507e-4991-95c4-0d57188706ad/build]   | [INFO] Tests run: 2, Failures: 0, Errors: 0, Skipped: 0, Time elapsed: 0.005 s -- in it.mulders.mcs.search.printer.NoOutputPrinterTest
[282955af-507e-4991-95c4-0d57188706ad/build]   | [INFO] Running it.mulders.mcs.search.printer.DelegatingOutputPrinterTest
[282955af-507e-4991-95c4-0d57188706ad/build]   | [INFO] Tests run: 3, Failures: 0, Errors: 0, Skipped: 0, Time elapsed: 0.010 s -- in it.mulders.mcs.search.printer.DelegatingOutputPrinterTest
[282955af-507e-4991-95c4-0d57188706ad/build]   | [INFO] Running it.mulders.mcs.search.printer.TabularOutputPrinterTest
[282955af-507e-4991-95c4-0d57188706ad/build]   | [ERROR] Tests run: 6, Failures: 1, Errors: 0, Skipped: 0, Time elapsed: 0.044 s <<< FAILURE! -- in it.mulders.mcs.search.printer.TabularOutputPrinterTest
[282955af-507e-4991-95c4-0d57188706ad/build]   | [ERROR] it.mulders.mcs.search.printer.TabularOutputPrinterTest.should_print_gav -- Time elapsed: 0.005 s <<< FAILURE!
[282955af-507e-4991-95c4-0d57188706ad/build]   | java.lang.AssertionError: 
[282955af-507e-4991-95c4-0d57188706ad/build]   | 
[282955af-507e-4991-95c4-0d57188706ad/build]   | Expecting actual:
[282955af-507e-4991-95c4-0d57188706ad/build]   |   "Found 1 results
[282955af-507e-4991-95c4-0d57188706ad/build]   | 
[282955af-507e-4991-95c4-0d57188706ad/build]   |   Coordinates                        Last updated
[282955af-507e-4991-95c4-0d57188706ad/build]   |   ===========                        ============
[282955af-507e-4991-95c4-0d57188706ad/build]   |   org.codehaus.plexus:plexus-utils   27 Aug 2021 at 00:08 (UTC)
[282955af-507e-4991-95c4-0d57188706ad/build]   | 
[282955af-507e-4991-95c4-0d57188706ad/build]   | "
[282955af-507e-4991-95c4-0d57188706ad/build]   | to contain:
[282955af-507e-4991-95c4-0d57188706ad/build]   |   "org.codehaus.plexus:plexus-utils:3.4.1" 
[282955af-507e-4991-95c4-0d57188706ad/build]   | 	at it.mulders.mcs.search.printer.TabularOutputPrinterTest.should_print_gav(TabularOutputPrinterTest.java:44)
[282955af-507e-4991-95c4-0d57188706ad/build]   | 	at java.base/jdk.internal.reflect.NativeMethodAccessorImpl.invoke0(Native Method)
[282955af-507e-4991-95c4-0d57188706ad/build]   | 	at java.base/jdk.internal.reflect.NativeMethodAccessorImpl.invoke(NativeMethodAccessorImpl.java:77)
[282955af-507e-4991-95c4-0d57188706ad/build]   | 	at java.base/jdk.internal.reflect.DelegatingMethodAccessorImpl.invoke(DelegatingMethodAccessorImpl.java:43)
[282955af-507e-4991-95c4-0d57188706ad/build]   | 	at java.base/java.lang.reflect.Method.invoke(Method.java:568)
[282955af-507e-4991-95c4-0d57188706ad/build]   | 	at org.junit.platform.commons.util.ReflectionUtils.invokeMethod(ReflectionUtils.java:727)
[282955af-507e-4991-95c4-0d57188706ad/build]   | 	at org.junit.jupiter.engine.execution.MethodInvocation.proceed(MethodInvocation.java:60)
[282955af-507e-4991-95c4-0d57188706ad/build]   | 	at org.junit.jupiter.engine.execution.InvocationInterceptorChain$ValidatingInvocation.proceed(InvocationInterceptorChain.java:131)
[282955af-507e-4991-95c4-0d57188706ad/build]   | 	at org.junit.jupiter.engine.extension.TimeoutExtension.intercept(TimeoutExtension.java:156)
[282955af-507e-4991-95c4-0d57188706ad/build]   | 	at org.junit.jupiter.engine.extension.TimeoutExtension.interceptTestableMethod(TimeoutExtension.java:147)
[282955af-507e-4991-95c4-0d57188706ad/build]   | 	at org.junit.jupiter.engine.extension.TimeoutExtension.interceptTestMethod(TimeoutExtension.java:86)
[282955af-507e-4991-95c4-0d57188706ad/build]   | 	at org.junit.jupiter.engine.execution.InterceptingExecutableInvoker$ReflectiveInterceptorCall.lambda$ofVoidMethod$0(InterceptingExecutableInvoker.java:103)
[282955af-507e-4991-95c4-0d57188706ad/build]   | 	at org.junit.jupiter.engine.execution.InterceptingExecutableInvoker.lambda$invoke$0(InterceptingExecutableInvoker.java:93)
[282955af-507e-4991-95c4-0d57188706ad/build]   | 	at org.junit.jupiter.engine.execution.InvocationInterceptorChain$InterceptedInvocation.proceed(InvocationInterceptorChain.java:106)
[282955af-507e-4991-95c4-0d57188706ad/build]   | 	at org.junit.jupiter.engine.execution.InvocationInterceptorChain.proceed(InvocationInterceptorChain.java:64)
[282955af-507e-4991-95c4-0d57188706ad/build]   | 	at org.junit.jupiter.engine.execution.InvocationInterceptorChain.chainAndInvoke(InvocationInterceptorChain.java:45)
[282955af-507e-4991-95c4-0d57188706ad/build]   | 	at org.junit.jupiter.engine.execution.InvocationInterceptorChain.invoke(InvocationInterceptorChain.java:37)
[282955af-507e-4991-95c4-0d57188706ad/build]   | 	at org.junit.jupiter.engine.execution.InterceptingExecutableInvoker.invoke(InterceptingExecutableInvoker.java:92)
[282955af-507e-4991-95c4-0d57188706ad/build]   | 	at org.junit.jupiter.engine.execution.InterceptingExecutableInvoker.invoke(InterceptingExecutableInvoker.java:86)
[282955af-507e-4991-95c4-0d57188706ad/build]   | 	at org.junit.jupiter.engine.descriptor.TestMethodTestDescriptor.lambda$invokeTestMethod$7(TestMethodTestDescriptor.java:217)
[282955af-507e-4991-95c4-0d57188706ad/build]   | 	at org.junit.platform.engine.support.hierarchical.ThrowableCollector.execute(ThrowableCollector.java:73)
[282955af-507e-4991-95c4-0d57188706ad/build]   | 	at org.junit.jupiter.engine.descriptor.TestMethodTestDescriptor.invokeTestMethod(TestMethodTestDescriptor.java:213)
[282955af-507e-4991-95c4-0d57188706ad/build]   | 	at org.junit.jupiter.engine.descriptor.TestMethodTestDescriptor.execute(TestMethodTestDescriptor.java:138)
[282955af-507e-4991-95c4-0d57188706ad/build]   | 	at org.junit.jupiter.engine.descriptor.TestMethodTestDescriptor.execute(TestMethodTestDescriptor.java:68)
[282955af-507e-4991-95c4-0d57188706ad/build]   | 	at org.junit.platform.engine.support.hierarchical.NodeTestTask.lambda$executeRecursively$6(NodeTestTask.java:151)
[282955af-507e-4991-95c4-0d57188706ad/build]   | 	at org.junit.platform.engine.support.hierarchical.ThrowableCollector.execute(ThrowableCollector.java:73)
[282955af-507e-4991-95c4-0d57188706ad/build]   | 	at org.junit.platform.engine.support.hierarchical.NodeTestTask.lambda$executeRecursively$8(NodeTestTask.java:141)
[282955af-507e-4991-95c4-0d57188706ad/build]   | 	at org.junit.platform.engine.support.hierarchical.Node.around(Node.java:137)
[282955af-507e-4991-95c4-0d57188706ad/build]   | 	at org.junit.platform.engine.support.hierarchical.NodeTestTask.lambda$executeRecursively$9(NodeTestTask.java:139)
[282955af-507e-4991-95c4-0d57188706ad/build]   | 	at org.junit.platform.engine.support.hierarchical.ThrowableCollector.execute(ThrowableCollector.java:73)
[282955af-507e-4991-95c4-0d57188706ad/build]   | 	at org.junit.platform.engine.support.hierarchical.NodeTestTask.executeRecursively(NodeTestTask.java:138)
[282955af-507e-4991-95c4-0d57188706ad/build]   | 	at org.junit.platform.engine.support.hierarchical.NodeTestTask.execute(NodeTestTask.java:95)
[282955af-507e-4991-95c4-0d57188706ad/build]   | 	at java.base/java.util.ArrayList.forEach(ArrayList.java:1511)
[282955af-507e-4991-95c4-0d57188706ad/build]   | 	at org.junit.platform.engine.support.hierarchical.SameThreadHierarchicalTestExecutorService.invokeAll(SameThreadHierarchicalTestExecutorService.java:41)
[282955af-507e-4991-95c4-0d57188706ad/build]   | 	at org.junit.platform.engine.support.hierarchical.NodeTestTask.lambda$executeRecursively$6(NodeTestTask.java:155)
[282955af-507e-4991-95c4-0d57188706ad/build]   | 	at org.junit.platform.engine.support.hierarchical.ThrowableCollector.execute(ThrowableCollector.java:73)
[282955af-507e-4991-95c4-0d57188706ad/build]   | 	at org.junit.platform.engine.support.hierarchical.NodeTestTask.lambda$executeRecursively$8(NodeTestTask.java:141)
[282955af-507e-4991-95c4-0d57188706ad/build]   | 	at org.junit.platform.engine.support.hierarchical.Node.around(Node.java:137)
[282955af-507e-4991-95c4-0d57188706ad/build]   | 	at org.junit.platform.engine.support.hierarchical.NodeTestTask.lambda$executeRecursively$9(NodeTestTask.java:139)
[282955af-507e-4991-95c4-0d57188706ad/build]   | 	at org.junit.platform.engine.support.hierarchical.ThrowableCollector.execute(ThrowableCollector.java:73)
[282955af-507e-4991-95c4-0d57188706ad/build]   | 	at org.junit.platform.engine.support.hierarchical.NodeTestTask.executeRecursively(NodeTestTask.java:138)
[282955af-507e-4991-95c4-0d57188706ad/build]   | 	at org.junit.platform.engine.support.hierarchical.NodeTestTask.execute(NodeTestTask.java:95)
[282955af-507e-4991-95c4-0d57188706ad/build]   | 	at java.base/java.util.ArrayList.forEach(ArrayList.java:1511)
[282955af-507e-4991-95c4-0d57188706ad/build]   | 	at org.junit.platform.engine.support.hierarchical.SameThreadHierarchicalTestExecutorService.invokeAll(SameThreadHierarchicalTestExecutorService.java:41)
[282955af-507e-4991-95c4-0d57188706ad/build]   | 	at org.junit.platform.engine.support.hierarchical.NodeTestTask.lambda$executeRecursively$6(NodeTestTask.java:155)
[282955af-507e-4991-95c4-0d57188706ad/build]   | 	at org.junit.platform.engine.support.hierarchical.ThrowableCollector.execute(ThrowableCollector.java:73)
[282955af-507e-4991-95c4-0d57188706ad/build]   | 	at org.junit.platform.engine.support.hierarchical.NodeTestTask.lambda$executeRecursively$8(NodeTestTask.java:141)
[282955af-507e-4991-95c4-0d57188706ad/build]   | 	at org.junit.platform.engine.support.hierarchical.Node.around(Node.java:137)
[282955af-507e-4991-95c4-0d57188706ad/build]   | 	at org.junit.platform.engine.support.hierarchical.NodeTestTask.lambda$executeRecursively$9(NodeTestTask.java:139)
[282955af-507e-4991-95c4-0d57188706ad/build]   | 	at org.junit.platform.engine.support.hierarchical.ThrowableCollector.execute(ThrowableCollector.java:73)
[282955af-507e-4991-95c4-0d57188706ad/build]   | 	at org.junit.platform.engine.support.hierarchical.NodeTestTask.executeRecursively(NodeTestTask.java:138)
[282955af-507e-4991-95c4-0d57188706ad/build]   | 	at org.junit.platform.engine.support.hierarchical.NodeTestTask.execute(NodeTestTask.java:95)
[282955af-507e-4991-95c4-0d57188706ad/build]   | 	at org.junit.platform.engine.support.hierarchical.SameThreadHierarchicalTestExecutorService.submit(SameThreadHierarchicalTestExecutorService.java:35)
[282955af-507e-4991-95c4-0d57188706ad/build]   | 	at org.junit.platform.engine.support.hierarchical.HierarchicalTestExecutor.execute(HierarchicalTestExecutor.java:57)
[282955af-507e-4991-95c4-0d57188706ad/build]   | 	at org.junit.platform.engine.support.hierarchical.HierarchicalTestEngine.execute(HierarchicalTestEngine.java:54)
[282955af-507e-4991-95c4-0d57188706ad/build]   | 	at org.junit.platform.launcher.core.EngineExecutionOrchestrator.execute(EngineExecutionOrchestrator.java:147)
[282955af-507e-4991-95c4-0d57188706ad/build]   | 	at org.junit.platform.launcher.core.EngineExecutionOrchestrator.execute(EngineExecutionOrchestrator.java:127)
[282955af-507e-4991-95c4-0d57188706ad/build]   | 	at org.junit.platform.launcher.core.EngineExecutionOrchestrator.execute(EngineExecutionOrchestrator.java:90)
[282955af-507e-4991-95c4-0d57188706ad/build]   | 	at org.junit.platform.launcher.core.EngineExecutionOrchestrator.lambda$execute$0(EngineExecutionOrchestrator.java:55)
[282955af-507e-4991-95c4-0d57188706ad/build]   | 	at org.junit.platform.launcher.core.EngineExecutionOrchestrator.withInterceptedStreams(EngineExecutionOrchestrator.java:102)
[282955af-507e-4991-95c4-0d57188706ad/build]   | 	at org.junit.platform.launcher.core.EngineExecutionOrchestrator.execute(EngineExecutionOrchestrator.java:54)
[282955af-507e-4991-95c4-0d57188706ad/build]   | 	at org.junit.platform.launcher.core.DefaultLauncher.execute(DefaultLauncher.java:114)
[282955af-507e-4991-95c4-0d57188706ad/build]   | 	at org.junit.platform.launcher.core.DefaultLauncher.execute(DefaultLauncher.java:86)
[282955af-507e-4991-95c4-0d57188706ad/build]   | 	at org.junit.platform.launcher.core.DefaultLauncherSession$DelegatingLauncher.execute(DefaultLauncherSession.java:86)
[282955af-507e-4991-95c4-0d57188706ad/build]   | 	at org.apache.maven.surefire.junitplatform.LazyLauncher.execute(LazyLauncher.java:56)
[282955af-507e-4991-95c4-0d57188706ad/build]   | 	at org.apache.maven.surefire.junitplatform.JUnitPlatformProvider.execute(JUnitPlatformProvider.java:184)
[282955af-507e-4991-95c4-0d57188706ad/build]   | 	at org.apache.maven.surefire.junitplatform.JUnitPlatformProvider.invokeAllTests(JUnitPlatformProvider.java:148)
[282955af-507e-4991-95c4-0d57188706ad/build]   | 	at org.apache.maven.surefire.junitplatform.JUnitPlatformProvider.invoke(JUnitPlatformProvider.java:122)
[282955af-507e-4991-95c4-0d57188706ad/build]   | 	at org.apache.maven.surefire.booter.ForkedBooter.runSuitesInProcess(ForkedBooter.java:385)
[282955af-507e-4991-95c4-0d57188706ad/build]   | 	at org.apache.maven.surefire.booter.ForkedBooter.execute(ForkedBooter.java:162)
[282955af-507e-4991-95c4-0d57188706ad/build]   | 	at org.apache.maven.surefire.booter.ForkedBooter.run(ForkedBooter.java:507)
[282955af-507e-4991-95c4-0d57188706ad/build]   | 	at org.apache.maven.surefire.booter.ForkedBooter.main(ForkedBooter.java:495)
[282955af-507e-4991-95c4-0d57188706ad/build]   | 
[282955af-507e-4991-95c4-0d57188706ad/build]   | [INFO] Running it.mulders.mcs.search.CoordinateQueryTest
[282955af-507e-4991-95c4-0d57188706ad/build]   | [INFO] Running it.mulders.mcs.search.CoordinateQueryTest$ToSolrQueryTest
[282955af-507e-4991-95c4-0d57188706ad/build]   | [INFO] Tests run: 5, Failures: 0, Errors: 0, Skipped: 0, Time elapsed: 0.014 s -- in it.mulders.mcs.search.CoordinateQueryTest$ToSolrQueryTest
[282955af-507e-4991-95c4-0d57188706ad/build]   | [INFO] Tests run: 0, Failures: 0, Errors: 0, Skipped: 0, Time elapsed: 0.016 s -- in it.mulders.mcs.search.CoordinateQueryTest
[282955af-507e-4991-95c4-0d57188706ad/build]   | [INFO] Running it.mulders.mcs.search.WildcardSearchQueryTest
[282955af-507e-4991-95c4-0d57188706ad/build]   | [INFO] Running it.mulders.mcs.search.WildcardSearchQueryTest$ToSolrQueryTest
[282955af-507e-4991-95c4-0d57188706ad/build]   | [INFO] Tests run: 3, Failures: 0, Errors: 0, Skipped: 0, Time elapsed: 0.004 s -- in it.mulders.mcs.search.WildcardSearchQueryTest$ToSolrQueryTest
[282955af-507e-4991-95c4-0d57188706ad/build]   | [INFO] Tests run: 0, Failures: 0, Errors: 0, Skipped: 0, Time elapsed: 0.005 s -- in it.mulders.mcs.search.WildcardSearchQueryTest
[282955af-507e-4991-95c4-0d57188706ad/build]   | [INFO] 
[282955af-507e-4991-95c4-0d57188706ad/build]   | [INFO] Results:
[282955af-507e-4991-95c4-0d57188706ad/build]   | [INFO] 
[282955af-507e-4991-95c4-0d57188706ad/build]   | [ERROR] Failures: 
[282955af-507e-4991-95c4-0d57188706ad/build]   | [ERROR]   TabularOutputPrinterTest.should_print_gav:44 
[282955af-507e-4991-95c4-0d57188706ad/build]   | Expecting actual:
[282955af-507e-4991-95c4-0d57188706ad/build]   |   "Found 1 results
[282955af-507e-4991-95c4-0d57188706ad/build]   | 
[282955af-507e-4991-95c4-0d57188706ad/build]   |   Coordinates                        Last updated
[282955af-507e-4991-95c4-0d57188706ad/build]   |   ===========                        ============
[282955af-507e-4991-95c4-0d57188706ad/build]   |   org.codehaus.plexus:plexus-utils   27 Aug 2021 at 00:08 (UTC)
[282955af-507e-4991-95c4-0d57188706ad/build]   | 
[282955af-507e-4991-95c4-0d57188706ad/build]   | "
[282955af-507e-4991-95c4-0d57188706ad/build]   | to contain:
[282955af-507e-4991-95c4-0d57188706ad/build]   |   "org.codehaus.plexus:plexus-utils:3.4.1" 
[282955af-507e-4991-95c4-0d57188706ad/build]   | [INFO] 
[282955af-507e-4991-95c4-0d57188706ad/build]   | [ERROR] Tests run: 82, Failures: 1, Errors: 0, Skipped: 0
[282955af-507e-4991-95c4-0d57188706ad/build]   | [INFO] 
[282955af-507e-4991-95c4-0d57188706ad/build]   | [INFO] ------------------------------------------------------------------------
[282955af-507e-4991-95c4-0d57188706ad/build]   | [INFO] BUILD FAILURE
[282955af-507e-4991-95c4-0d57188706ad/build]   | [INFO] ------------------------------------------------------------------------
[282955af-507e-4991-95c4-0d57188706ad/build]   | [INFO] Total time:  21.637 s
[282955af-507e-4991-95c4-0d57188706ad/build]   | [INFO] Finished at: 2023-11-27T17:03:36Z
[282955af-507e-4991-95c4-0d57188706ad/build]   | [INFO] ------------------------------------------------------------------------
[282955af-507e-4991-95c4-0d57188706ad/build]   | [ERROR] Failed to execute goal org.apache.maven.plugins:maven-surefire-plugin:3.1.2:test (default-test) on project mcs: There are test failures.
[282955af-507e-4991-95c4-0d57188706ad/build]   | [ERROR] 
[282955af-507e-4991-95c4-0d57188706ad/build]   | [ERROR] Please refer to /tmp/f2b181c8-3294-4cac-a59d-9f51eed2d4a0/target/surefire-reports for the individual test results.
[282955af-507e-4991-95c4-0d57188706ad/build]   | [ERROR] Please refer to dump files (if any exist) [date].dump, [date]-jvmRun[N].dump and [date].dumpstream.
[282955af-507e-4991-95c4-0d57188706ad/build]   | [ERROR] -> [Help 1]
[282955af-507e-4991-95c4-0d57188706ad/build]   | [ERROR] 
[282955af-507e-4991-95c4-0d57188706ad/build]   | [ERROR] To see the full stack trace of the errors, re-run Maven with the -e switch.
[282955af-507e-4991-95c4-0d57188706ad/build]   | [ERROR] Re-run Maven using the -X switch to enable full debug logging.
[282955af-507e-4991-95c4-0d57188706ad/build]   | [ERROR] 
[282955af-507e-4991-95c4-0d57188706ad/build]   | [ERROR] For more information about the errors and possible solutions, please read the following articles:
[282955af-507e-4991-95c4-0d57188706ad/build]   | [ERROR] [Help 1] http://cwiki.apache.org/confluence/display/MAVEN/MojoFailureException
[282955af-507e-4991-95c4-0d57188706ad/build]   ‚ùå  Failure - Main Build with Maven
[282955af-507e-4991-95c4-0d57188706ad/build] exitcode '1': failure
[282955af-507e-4991-95c4-0d57188706ad/build] unable to get git ref: failed to identify reference (tag/branch) for the checked-out revision '7c8b5bc9c7f26865d6785e06051e73317c06af2c'
[282955af-507e-4991-95c4-0d57188706ad/build] unable to get git ref: failed to identify reference (tag/branch) for the checked-out revision '7c8b5bc9c7f26865d6785e06051e73317c06af2c'
[282955af-507e-4991-95c4-0d57188706ad/build] unable to get git ref: failed to identify reference (tag/branch) for the checked-out revision '7c8b5bc9c7f26865d6785e06051e73317c06af2c'
[282955af-507e-4991-95c4-0d57188706ad/build] unable to get git ref: failed to identify reference (tag/branch) for the checked-out revision '7c8b5bc9c7f26865d6785e06051e73317c06af2c'
[282955af-507e-4991-95c4-0d57188706ad/build] unable to get git ref: failed to identify reference (tag/branch) for the checked-out revision '7c8b5bc9c7f26865d6785e06051e73317c06af2c'
[282955af-507e-4991-95c4-0d57188706ad/build] ‚≠ê Run Post Set up JDK
[282955af-507e-4991-95c4-0d57188706ad/build]   üê≥  docker exec cmd=[node /var/run/act/actions/actions-setup-java@v3.11.0/dist/cleanup/index.js] user= workdir=
[282955af-507e-4991-95c4-0d57188706ad/build]   ‚úÖ  Success - Post Set up JDK
[282955af-507e-4991-95c4-0d57188706ad/build] üèÅ  Job failed
[282955af-507e-4991-95c4-0d57188706ad/build] unable to get git ref: failed to identify reference (tag/branch) for the checked-out revision '7c8b5bc9c7f26865d6785e06051e73317c06af2c'
