[8f515977-66f4-427a-9dbf-abc3cb26f8e0/build] üöÄ  Start image=crawlergpt:latest
[8f515977-66f4-427a-9dbf-abc3cb26f8e0/build]   üê≥  docker pull image=crawlergpt:latest platform= username= forcePull=false
[8f515977-66f4-427a-9dbf-abc3cb26f8e0/build]   üê≥  docker create image=crawlergpt:latest platform= entrypoint=["tail" "-f" "/dev/null"] cmd=[]
[8f515977-66f4-427a-9dbf-abc3cb26f8e0/build]   üê≥  docker run image=crawlergpt:latest platform= entrypoint=["tail" "-f" "/dev/null"] cmd=[]
[8f515977-66f4-427a-9dbf-abc3cb26f8e0/build]   üê≥  docker exec cmd=[chown -R 1012:1013 /tmp/f2a43408-53a1-4c61-95df-40eceed8404b] user=0 workdir=
[8f515977-66f4-427a-9dbf-abc3cb26f8e0/build] unable to get git ref: failed to identify reference (tag/branch) for the checked-out revision '9c59df375fcd1999ab625353bd5361ab65dc9bfc'
[8f515977-66f4-427a-9dbf-abc3cb26f8e0/build] unable to get git ref: failed to identify reference (tag/branch) for the checked-out revision '9c59df375fcd1999ab625353bd5361ab65dc9bfc'
[8f515977-66f4-427a-9dbf-abc3cb26f8e0/build] unable to get git ref: failed to identify reference (tag/branch) for the checked-out revision '9c59df375fcd1999ab625353bd5361ab65dc9bfc'
[8f515977-66f4-427a-9dbf-abc3cb26f8e0/build] unable to get git ref: failed to identify reference (tag/branch) for the checked-out revision '9c59df375fcd1999ab625353bd5361ab65dc9bfc'
[8f515977-66f4-427a-9dbf-abc3cb26f8e0/build] unable to get git ref: failed to identify reference (tag/branch) for the checked-out revision '9c59df375fcd1999ab625353bd5361ab65dc9bfc'
[8f515977-66f4-427a-9dbf-abc3cb26f8e0/build] unable to get git ref: failed to identify reference (tag/branch) for the checked-out revision '9c59df375fcd1999ab625353bd5361ab65dc9bfc'
[8f515977-66f4-427a-9dbf-abc3cb26f8e0/build] unable to get git ref: failed to identify reference (tag/branch) for the checked-out revision '9c59df375fcd1999ab625353bd5361ab65dc9bfc'
[8f515977-66f4-427a-9dbf-abc3cb26f8e0/build] unable to get git ref: failed to identify reference (tag/branch) for the checked-out revision '9c59df375fcd1999ab625353bd5361ab65dc9bfc'
[8f515977-66f4-427a-9dbf-abc3cb26f8e0/build] unable to get git ref: failed to identify reference (tag/branch) for the checked-out revision '9c59df375fcd1999ab625353bd5361ab65dc9bfc'
[8f515977-66f4-427a-9dbf-abc3cb26f8e0/build] unable to get git ref: failed to identify reference (tag/branch) for the checked-out revision '9c59df375fcd1999ab625353bd5361ab65dc9bfc'
[8f515977-66f4-427a-9dbf-abc3cb26f8e0/build] ‚≠ê Run Main actions/checkout@v3
[8f515977-66f4-427a-9dbf-abc3cb26f8e0/build] unable to get git ref: failed to identify reference (tag/branch) for the checked-out revision '9c59df375fcd1999ab625353bd5361ab65dc9bfc'
[8f515977-66f4-427a-9dbf-abc3cb26f8e0/build]   ‚úÖ  Success - Main actions/checkout@v3
[8f515977-66f4-427a-9dbf-abc3cb26f8e0/build] unable to get git ref: failed to identify reference (tag/branch) for the checked-out revision '9c59df375fcd1999ab625353bd5361ab65dc9bfc'
[8f515977-66f4-427a-9dbf-abc3cb26f8e0/build] unable to get git ref: failed to identify reference (tag/branch) for the checked-out revision '9c59df375fcd1999ab625353bd5361ab65dc9bfc'
[8f515977-66f4-427a-9dbf-abc3cb26f8e0/build] unable to get git ref: failed to identify reference (tag/branch) for the checked-out revision '9c59df375fcd1999ab625353bd5361ab65dc9bfc'
[8f515977-66f4-427a-9dbf-abc3cb26f8e0/build] unable to get git ref: failed to identify reference (tag/branch) for the checked-out revision '9c59df375fcd1999ab625353bd5361ab65dc9bfc'
[8f515977-66f4-427a-9dbf-abc3cb26f8e0/build] unable to get git ref: failed to identify reference (tag/branch) for the checked-out revision '9c59df375fcd1999ab625353bd5361ab65dc9bfc'
[8f515977-66f4-427a-9dbf-abc3cb26f8e0/build] ‚≠ê Run Main Set up JDK 11
[8f515977-66f4-427a-9dbf-abc3cb26f8e0/build] unable to get git ref: failed to identify reference (tag/branch) for the checked-out revision '9c59df375fcd1999ab625353bd5361ab65dc9bfc'
[8f515977-66f4-427a-9dbf-abc3cb26f8e0/build] unable to get git ref: failed to identify reference (tag/branch) for the checked-out revision '9c59df375fcd1999ab625353bd5361ab65dc9bfc'
[8f515977-66f4-427a-9dbf-abc3cb26f8e0/build] unable to get git ref: failed to identify reference (tag/branch) for the checked-out revision '9c59df375fcd1999ab625353bd5361ab65dc9bfc'
[8f515977-66f4-427a-9dbf-abc3cb26f8e0/build]   üê≥  docker cp src=/tmp/act-cache/67c8ea63-406e-415b-bfec-0522f4baf8f6/act/actions-setup-java@v3/ dst=/var/run/act/actions/actions-setup-java@v3/
[8f515977-66f4-427a-9dbf-abc3cb26f8e0/build]   üê≥  docker exec cmd=[chown -R 1012:1013 /var/run/act/actions/actions-setup-java@v3/] user=0 workdir=
[8f515977-66f4-427a-9dbf-abc3cb26f8e0/build]   üê≥  docker exec cmd=[node /var/run/act/actions/actions-setup-java@v3/dist/setup/index.js] user= workdir=
[8f515977-66f4-427a-9dbf-abc3cb26f8e0/build]   ‚ùì  ::group::Installed distributions
[8f515977-66f4-427a-9dbf-abc3cb26f8e0/build]   | Trying to resolve the latest version from remote
[8f515977-66f4-427a-9dbf-abc3cb26f8e0/build]   | Resolved latest version as 11.0.19+7
[8f515977-66f4-427a-9dbf-abc3cb26f8e0/build]   | Trying to download...
[8f515977-66f4-427a-9dbf-abc3cb26f8e0/build]   | Downloading Java 11.0.19+7 (Temurin-Hotspot) from https://github.com/adoptium/temurin11-binaries/releases/download/jdk-11.0.19%2B7/OpenJDK11U-jdk_x64_linux_hotspot_11.0.19_7.tar.gz ...
[8f515977-66f4-427a-9dbf-abc3cb26f8e0/build]   üí¨  ::debug::Downloading https://github.com/adoptium/temurin11-binaries/releases/download/jdk-11.0.19%252B7/OpenJDK11U-jdk_x64_linux_hotspot_11.0.19_7.tar.gz
[8f515977-66f4-427a-9dbf-abc3cb26f8e0/build]   üí¨  ::debug::Destination /tmp/6a5411a2-b685-4fa0-bb5b-4b7f7113f556
[8f515977-66f4-427a-9dbf-abc3cb26f8e0/build]   üí¨  ::debug::download complete
[8f515977-66f4-427a-9dbf-abc3cb26f8e0/build]   | Extracting Java archive...
[8f515977-66f4-427a-9dbf-abc3cb26f8e0/build]   üí¨  ::debug::Checking tar --version
[8f515977-66f4-427a-9dbf-abc3cb26f8e0/build]   üí¨  ::debug::tar (GNU tar) 1.30%0ACopyright (C) 2017 Free Software Foundation, Inc.%0ALicense GPLv3+: GNU GPL version 3 or later <https://gnu.org/licenses/gpl.html>.%0AThis is free software: you are free to change and redistribute it.%0AThere is NO WARRANTY, to the extent permitted by law.%0A%0AWritten by John Gilmore and Jay Fenlason.
[8f515977-66f4-427a-9dbf-abc3cb26f8e0/build]   | [command]/usr/bin/tar xz --warning=no-unknown-keyword -C /tmp/7cc6ab1d-a4e9-48c5-890c-f56a89062629 -f /tmp/6a5411a2-b685-4fa0-bb5b-4b7f7113f556
[8f515977-66f4-427a-9dbf-abc3cb26f8e0/build]   üí¨  ::debug::Caching tool Java_Temurin-Hotspot_jdk 11.0.19-7 x64
[8f515977-66f4-427a-9dbf-abc3cb26f8e0/build]   üí¨  ::debug::source dir: /tmp/7cc6ab1d-a4e9-48c5-890c-f56a89062629/jdk-11.0.19+7
[8f515977-66f4-427a-9dbf-abc3cb26f8e0/build]   üí¨  ::debug::destination /opt/hostedtoolcache/Java_Temurin-Hotspot_jdk/11.0.19-7/x64
[8f515977-66f4-427a-9dbf-abc3cb26f8e0/build]   üí¨  ::debug::finished caching tool
[8f515977-66f4-427a-9dbf-abc3cb26f8e0/build]   | Java 11.0.19+7 was downloaded
[8f515977-66f4-427a-9dbf-abc3cb26f8e0/build]   | Setting Java 11.0.19+7 as the default
[8f515977-66f4-427a-9dbf-abc3cb26f8e0/build]   | Creating toolchains.xml for JDK version 11 from temurin
[8f515977-66f4-427a-9dbf-abc3cb26f8e0/build]   | Writing to /home/runneradmin/.m2/toolchains.xml
[8f515977-66f4-427a-9dbf-abc3cb26f8e0/build]   | 
[8f515977-66f4-427a-9dbf-abc3cb26f8e0/build]   | Java configuration:
[8f515977-66f4-427a-9dbf-abc3cb26f8e0/build]   |   Distribution: temurin
[8f515977-66f4-427a-9dbf-abc3cb26f8e0/build]   |   Version: 11.0.19+7
[8f515977-66f4-427a-9dbf-abc3cb26f8e0/build]   |   Path: /opt/hostedtoolcache/Java_Temurin-Hotspot_jdk/11.0.19-7/x64
[8f515977-66f4-427a-9dbf-abc3cb26f8e0/build]   | 
[8f515977-66f4-427a-9dbf-abc3cb26f8e0/build]   ‚ùì  ::endgroup::
[8f515977-66f4-427a-9dbf-abc3cb26f8e0/build]   ‚ùì add-matcher /run/act/actions/actions-setup-java@v3/.github/java.json
[8f515977-66f4-427a-9dbf-abc3cb26f8e0/build]   | Creating settings.xml with server-id: github
[8f515977-66f4-427a-9dbf-abc3cb26f8e0/build]   | Writing to /home/runneradmin/.m2/settings.xml
[8f515977-66f4-427a-9dbf-abc3cb26f8e0/build]   üöß  ::warning::The runner was not able to contact the cache service. Caching will be skipped
[8f515977-66f4-427a-9dbf-abc3cb26f8e0/build]   ‚úÖ  Success - Main Set up JDK 11
[8f515977-66f4-427a-9dbf-abc3cb26f8e0/build]   ‚öô  ::set-env:: JAVA_HOME=/opt/hostedtoolcache/Java_Temurin-Hotspot_jdk/11.0.19-7/x64
[8f515977-66f4-427a-9dbf-abc3cb26f8e0/build]   ‚öô  ::set-env:: JAVA_HOME_11_X64=/opt/hostedtoolcache/Java_Temurin-Hotspot_jdk/11.0.19-7/x64
[8f515977-66f4-427a-9dbf-abc3cb26f8e0/build]   ‚öô  ::set-output:: distribution=Temurin-Hotspot
[8f515977-66f4-427a-9dbf-abc3cb26f8e0/build]   ‚öô  ::set-output:: path=/opt/hostedtoolcache/Java_Temurin-Hotspot_jdk/11.0.19-7/x64
[8f515977-66f4-427a-9dbf-abc3cb26f8e0/build]   ‚öô  ::set-output:: version=11.0.19+7
[8f515977-66f4-427a-9dbf-abc3cb26f8e0/build]   ‚öô  ::add-path:: /opt/hostedtoolcache/Java_Temurin-Hotspot_jdk/11.0.19-7/x64/bin
[8f515977-66f4-427a-9dbf-abc3cb26f8e0/build] unable to get git ref: failed to identify reference (tag/branch) for the checked-out revision '9c59df375fcd1999ab625353bd5361ab65dc9bfc'
[8f515977-66f4-427a-9dbf-abc3cb26f8e0/build] unable to get git ref: failed to identify reference (tag/branch) for the checked-out revision '9c59df375fcd1999ab625353bd5361ab65dc9bfc'
[8f515977-66f4-427a-9dbf-abc3cb26f8e0/build] unable to get git ref: failed to identify reference (tag/branch) for the checked-out revision '9c59df375fcd1999ab625353bd5361ab65dc9bfc'
[8f515977-66f4-427a-9dbf-abc3cb26f8e0/build] unable to get git ref: failed to identify reference (tag/branch) for the checked-out revision '9c59df375fcd1999ab625353bd5361ab65dc9bfc'
[8f515977-66f4-427a-9dbf-abc3cb26f8e0/build] unable to get git ref: failed to identify reference (tag/branch) for the checked-out revision '9c59df375fcd1999ab625353bd5361ab65dc9bfc'
[8f515977-66f4-427a-9dbf-abc3cb26f8e0/build] ‚≠ê Run Main Build with Maven
[8f515977-66f4-427a-9dbf-abc3cb26f8e0/build] unable to get git ref: failed to identify reference (tag/branch) for the checked-out revision '9c59df375fcd1999ab625353bd5361ab65dc9bfc'
[8f515977-66f4-427a-9dbf-abc3cb26f8e0/build] unable to get git ref: failed to identify reference (tag/branch) for the checked-out revision '9c59df375fcd1999ab625353bd5361ab65dc9bfc'
[8f515977-66f4-427a-9dbf-abc3cb26f8e0/build] unable to get git ref: failed to identify reference (tag/branch) for the checked-out revision '9c59df375fcd1999ab625353bd5361ab65dc9bfc'
[8f515977-66f4-427a-9dbf-abc3cb26f8e0/build] unable to get git ref: failed to identify reference (tag/branch) for the checked-out revision '9c59df375fcd1999ab625353bd5361ab65dc9bfc'
[8f515977-66f4-427a-9dbf-abc3cb26f8e0/build]   üê≥  docker exec cmd=[bash --noprofile --norc -e -o pipefail /var/run/act/workflow/2] user= workdir=
[8f515977-66f4-427a-9dbf-abc3cb26f8e0/build]   | [INFO] Scanning for projects...
[8f515977-66f4-427a-9dbf-abc3cb26f8e0/build]   | [INFO] Downloading from central: https://repo.maven.apache.org/maven2/org/sonatype/oss/oss-parent/7/oss-parent-7.pom
[8f515977-66f4-427a-9dbf-abc3cb26f8e0/build]   | [INFO] Downloaded from central: https://repo.maven.apache.org/maven2/org/sonatype/oss/oss-parent/7/oss-parent-7.pom (4.8 kB at 14 kB/s)
[8f515977-66f4-427a-9dbf-abc3cb26f8e0/build]   | [INFO] 
[8f515977-66f4-427a-9dbf-abc3cb26f8e0/build]   | [INFO] ----------------------< com.headius:invokebinder >----------------------
[8f515977-66f4-427a-9dbf-abc3cb26f8e0/build]   | [INFO] Building invokebinder 1.4-SNAPSHOT
[8f515977-66f4-427a-9dbf-abc3cb26f8e0/build]   | [INFO] --------------------------------[ jar ]---------------------------------
[8f515977-66f4-427a-9dbf-abc3cb26f8e0/build]   | [INFO] Downloading from central: https://repo.maven.apache.org/maven2/org/apache/maven/plugins/maven-enforcer-plugin/1.0/maven-enforcer-plugin-1.0.pom
[8f515977-66f4-427a-9dbf-abc3cb26f8e0/build]   | [INFO] Downloaded from central: https://repo.maven.apache.org/maven2/org/apache/maven/plugins/maven-enforcer-plugin/1.0/maven-enforcer-plugin-1.0.pom (6.7 kB at 249 kB/s)
[8f515977-66f4-427a-9dbf-abc3cb26f8e0/build]   | [INFO] Downloading from central: https://repo.maven.apache.org/maven2/org/apache/maven/enforcer/enforcer/1.0/enforcer-1.0.pom
[8f515977-66f4-427a-9dbf-abc3cb26f8e0/build]   | [INFO] Downloaded from central: https://repo.maven.apache.org/maven2/org/apache/maven/enforcer/enforcer/1.0/enforcer-1.0.pom (12 kB at 360 kB/s)
[8f515977-66f4-427a-9dbf-abc3cb26f8e0/build]   | [INFO] Downloading from central: https://repo.maven.apache.org/maven2/org/apache/maven/maven-parent/17/maven-parent-17.pom
[8f515977-66f4-427a-9dbf-abc3cb26f8e0/build]   | [INFO] Downloaded from central: https://repo.maven.apache.org/maven2/org/apache/maven/maven-parent/17/maven-parent-17.pom (25 kB at 804 kB/s)
[8f515977-66f4-427a-9dbf-abc3cb26f8e0/build]   | [INFO] Downloading from central: https://repo.maven.apache.org/maven2/org/apache/apache/7/apache-7.pom
[8f515977-66f4-427a-9dbf-abc3cb26f8e0/build]   | [INFO] Downloaded from central: https://repo.maven.apache.org/maven2/org/apache/apache/7/apache-7.pom (14 kB at 437 kB/s)
[8f515977-66f4-427a-9dbf-abc3cb26f8e0/build]   | [INFO] Downloading from central: https://repo.maven.apache.org/maven2/org/apache/maven/plugins/maven-enforcer-plugin/1.0/maven-enforcer-plugin-1.0.jar
[8f515977-66f4-427a-9dbf-abc3cb26f8e0/build]   | [INFO] Downloaded from central: https://repo.maven.apache.org/maven2/org/apache/maven/plugins/maven-enforcer-plugin/1.0/maven-enforcer-plugin-1.0.jar (22 kB at 1.2 MB/s)
[8f515977-66f4-427a-9dbf-abc3cb26f8e0/build]   | [INFO] Downloading from central: https://repo.maven.apache.org/maven2/org/apache/maven/plugins/maven-resources-plugin/2.2/maven-resources-plugin-2.2.pom
[8f515977-66f4-427a-9dbf-abc3cb26f8e0/build]   | [INFO] Downloaded from central: https://repo.maven.apache.org/maven2/org/apache/maven/plugins/maven-resources-plugin/2.2/maven-resources-plugin-2.2.pom (1.5 kB at 116 kB/s)
[8f515977-66f4-427a-9dbf-abc3cb26f8e0/build]   | [INFO] Downloading from central: https://repo.maven.apache.org/maven2/org/apache/maven/plugins/maven-plugins/1/maven-plugins-1.pom
[8f515977-66f4-427a-9dbf-abc3cb26f8e0/build]   | [INFO] Downloaded from central: https://repo.maven.apache.org/maven2/org/apache/maven/plugins/maven-plugins/1/maven-plugins-1.pom (3.2 kB at 249 kB/s)
[8f515977-66f4-427a-9dbf-abc3cb26f8e0/build]   | [INFO] Downloading from central: https://repo.maven.apache.org/maven2/org/apache/maven/maven-parent/1/maven-parent-1.pom
[8f515977-66f4-427a-9dbf-abc3cb26f8e0/build]   | [INFO] Downloaded from central: https://repo.maven.apache.org/maven2/org/apache/maven/maven-parent/1/maven-parent-1.pom (6.4 kB at 137 kB/s)
[8f515977-66f4-427a-9dbf-abc3cb26f8e0/build]   | [INFO] Downloading from central: https://repo.maven.apache.org/maven2/org/apache/apache/1/apache-1.pom
[8f515977-66f4-427a-9dbf-abc3cb26f8e0/build]   | [INFO] Downloaded from central: https://repo.maven.apache.org/maven2/org/apache/apache/1/apache-1.pom (3.4 kB at 262 kB/s)
[8f515977-66f4-427a-9dbf-abc3cb26f8e0/build]   | [INFO] Downloading from central: https://repo.maven.apache.org/maven2/org/apache/maven/plugins/maven-resources-plugin/2.2/maven-resources-plugin-2.2.jar
[8f515977-66f4-427a-9dbf-abc3cb26f8e0/build]   | [INFO] Downloaded from central: https://repo.maven.apache.org/maven2/org/apache/maven/plugins/maven-resources-plugin/2.2/maven-resources-plugin-2.2.jar (14 kB at 591 kB/s)
[8f515977-66f4-427a-9dbf-abc3cb26f8e0/build]   | [INFO] Downloading from central: https://repo.maven.apache.org/maven2/org/apache/maven/plugins/maven-compiler-plugin/2.0.2/maven-compiler-plugin-2.0.2.pom
[8f515977-66f4-427a-9dbf-abc3cb26f8e0/build]   | [INFO] Downloaded from central: https://repo.maven.apache.org/maven2/org/apache/maven/plugins/maven-compiler-plugin/2.0.2/maven-compiler-plugin-2.0.2.pom (2.4 kB at 241 kB/s)
[8f515977-66f4-427a-9dbf-abc3cb26f8e0/build]   | [INFO] Downloading from central: https://repo.maven.apache.org/maven2/org/apache/maven/plugins/maven-plugins/8/maven-plugins-8.pom
[8f515977-66f4-427a-9dbf-abc3cb26f8e0/build]   | [INFO] Downloaded from central: https://repo.maven.apache.org/maven2/org/apache/maven/plugins/maven-plugins/8/maven-plugins-8.pom (6.1 kB at 407 kB/s)
[8f515977-66f4-427a-9dbf-abc3cb26f8e0/build]   | [INFO] Downloading from central: https://repo.maven.apache.org/maven2/org/apache/maven/maven-parent/5/maven-parent-5.pom
[8f515977-66f4-427a-9dbf-abc3cb26f8e0/build]   | [INFO] Downloaded from central: https://repo.maven.apache.org/maven2/org/apache/maven/maven-parent/5/maven-parent-5.pom (15 kB at 1.4 MB/s)
[8f515977-66f4-427a-9dbf-abc3cb26f8e0/build]   | [INFO] Downloading from central: https://repo.maven.apache.org/maven2/org/apache/apache/3/apache-3.pom
[8f515977-66f4-427a-9dbf-abc3cb26f8e0/build]   | [INFO] Downloaded from central: https://repo.maven.apache.org/maven2/org/apache/apache/3/apache-3.pom (3.4 kB at 343 kB/s)
[8f515977-66f4-427a-9dbf-abc3cb26f8e0/build]   | [INFO] Downloading from central: https://repo.maven.apache.org/maven2/org/apache/maven/plugins/maven-compiler-plugin/2.0.2/maven-compiler-plugin-2.0.2.jar
[8f515977-66f4-427a-9dbf-abc3cb26f8e0/build]   | [INFO] Downloaded from central: https://repo.maven.apache.org/maven2/org/apache/maven/plugins/maven-compiler-plugin/2.0.2/maven-compiler-plugin-2.0.2.jar (18 kB at 800 kB/s)
[8f515977-66f4-427a-9dbf-abc3cb26f8e0/build]   | [INFO] Downloading from central: https://repo.maven.apache.org/maven2/org/apache/maven/plugins/maven-surefire-plugin/2.12.4/maven-surefire-plugin-2.12.4.pom
[8f515977-66f4-427a-9dbf-abc3cb26f8e0/build]   | [INFO] Downloaded from central: https://repo.maven.apache.org/maven2/org/apache/maven/plugins/maven-surefire-plugin/2.12.4/maven-surefire-plugin-2.12.4.pom (10 kB at 317 kB/s)
[8f515977-66f4-427a-9dbf-abc3cb26f8e0/build]   | [INFO] Downloading from central: https://repo.maven.apache.org/maven2/org/apache/maven/surefire/surefire/2.12.4/surefire-2.12.4.pom
[8f515977-66f4-427a-9dbf-abc3cb26f8e0/build]   | [INFO] Downloaded from central: https://repo.maven.apache.org/maven2/org/apache/maven/surefire/surefire/2.12.4/surefire-2.12.4.pom (14 kB at 726 kB/s)
[8f515977-66f4-427a-9dbf-abc3cb26f8e0/build]   | [INFO] Downloading from central: https://repo.maven.apache.org/maven2/org/apache/maven/maven-parent/22/maven-parent-22.pom
[8f515977-66f4-427a-9dbf-abc3cb26f8e0/build]   | [INFO] Downloaded from central: https://repo.maven.apache.org/maven2/org/apache/maven/maven-parent/22/maven-parent-22.pom (30 kB at 2.5 MB/s)
[8f515977-66f4-427a-9dbf-abc3cb26f8e0/build]   | [INFO] Downloading from central: https://repo.maven.apache.org/maven2/org/apache/apache/11/apache-11.pom
[8f515977-66f4-427a-9dbf-abc3cb26f8e0/build]   | [INFO] Downloaded from central: https://repo.maven.apache.org/maven2/org/apache/apache/11/apache-11.pom (15 kB at 741 kB/s)
[8f515977-66f4-427a-9dbf-abc3cb26f8e0/build]   | [INFO] Downloading from central: https://repo.maven.apache.org/maven2/org/apache/maven/plugins/maven-surefire-plugin/2.12.4/maven-surefire-plugin-2.12.4.jar
[8f515977-66f4-427a-9dbf-abc3cb26f8e0/build]   | [INFO] Downloaded from central: https://repo.maven.apache.org/maven2/org/apache/maven/plugins/maven-surefire-plugin/2.12.4/maven-surefire-plugin-2.12.4.jar (30 kB at 1.4 MB/s)
[8f515977-66f4-427a-9dbf-abc3cb26f8e0/build]   | [INFO] Downloading from central: https://repo.maven.apache.org/maven2/org/apache/maven/plugins/maven-jar-plugin/2.4/maven-jar-plugin-2.4.pom
[8f515977-66f4-427a-9dbf-abc3cb26f8e0/build]   | [INFO] Downloaded from central: https://repo.maven.apache.org/maven2/org/apache/maven/plugins/maven-jar-plugin/2.4/maven-jar-plugin-2.4.pom (5.8 kB at 583 kB/s)
[8f515977-66f4-427a-9dbf-abc3cb26f8e0/build]   | [INFO] Downloading from central: https://repo.maven.apache.org/maven2/org/apache/maven/plugins/maven-plugins/22/maven-plugins-22.pom
[8f515977-66f4-427a-9dbf-abc3cb26f8e0/build]   | [INFO] Downloaded from central: https://repo.maven.apache.org/maven2/org/apache/maven/plugins/maven-plugins/22/maven-plugins-22.pom (13 kB at 567 kB/s)
[8f515977-66f4-427a-9dbf-abc3cb26f8e0/build]   | [INFO] Downloading from central: https://repo.maven.apache.org/maven2/org/apache/maven/maven-parent/21/maven-parent-21.pom
[8f515977-66f4-427a-9dbf-abc3cb26f8e0/build]   | [INFO] Downloaded from central: https://repo.maven.apache.org/maven2/org/apache/maven/maven-parent/21/maven-parent-21.pom (26 kB at 1.6 MB/s)
[8f515977-66f4-427a-9dbf-abc3cb26f8e0/build]   | [INFO] Downloading from central: https://repo.maven.apache.org/maven2/org/apache/apache/10/apache-10.pom
[8f515977-66f4-427a-9dbf-abc3cb26f8e0/build]   | [INFO] Downloaded from central: https://repo.maven.apache.org/maven2/org/apache/apache/10/apache-10.pom (15 kB at 925 kB/s)
[8f515977-66f4-427a-9dbf-abc3cb26f8e0/build]   | [INFO] Downloading from central: https://repo.maven.apache.org/maven2/org/apache/maven/plugins/maven-jar-plugin/2.4/maven-jar-plugin-2.4.jar
[8f515977-66f4-427a-9dbf-abc3cb26f8e0/build]   | [INFO] Downloaded from central: https://repo.maven.apache.org/maven2/org/apache/maven/plugins/maven-jar-plugin/2.4/maven-jar-plugin-2.4.jar (34 kB at 1.4 MB/s)
[8f515977-66f4-427a-9dbf-abc3cb26f8e0/build]   | [INFO] Downloading from central: https://repo.maven.apache.org/maven2/junit/junit/4.9/junit-4.9.pom
[8f515977-66f4-427a-9dbf-abc3cb26f8e0/build]   | [INFO] Downloaded from central: https://repo.maven.apache.org/maven2/junit/junit/4.9/junit-4.9.pom (2.3 kB at 56 kB/s)
[8f515977-66f4-427a-9dbf-abc3cb26f8e0/build]   | [INFO] Downloading from central: https://repo.maven.apache.org/maven2/org/hamcrest/hamcrest-core/1.1/hamcrest-core-1.1.pom
[8f515977-66f4-427a-9dbf-abc3cb26f8e0/build]   | [INFO] Downloaded from central: https://repo.maven.apache.org/maven2/org/hamcrest/hamcrest-core/1.1/hamcrest-core-1.1.pom (481 B at 22 kB/s)
[8f515977-66f4-427a-9dbf-abc3cb26f8e0/build]   | [INFO] Downloading from central: https://repo.maven.apache.org/maven2/org/hamcrest/hamcrest-parent/1.1/hamcrest-parent-1.1.pom
[8f515977-66f4-427a-9dbf-abc3cb26f8e0/build]   | [INFO] Downloaded from central: https://repo.maven.apache.org/maven2/org/hamcrest/hamcrest-parent/1.1/hamcrest-parent-1.1.pom (5.9 kB at 367 kB/s)
[8f515977-66f4-427a-9dbf-abc3cb26f8e0/build]   | [INFO] Downloading from central: https://repo.maven.apache.org/maven2/junit/junit/4.9/junit-4.9.jar
[8f515977-66f4-427a-9dbf-abc3cb26f8e0/build]   | [INFO] Downloading from central: https://repo.maven.apache.org/maven2/org/hamcrest/hamcrest-core/1.1/hamcrest-core-1.1.jar
[8f515977-66f4-427a-9dbf-abc3cb26f8e0/build]   | [INFO] Downloaded from central: https://repo.maven.apache.org/maven2/org/hamcrest/hamcrest-core/1.1/hamcrest-core-1.1.jar (77 kB at 1.9 MB/s)
[8f515977-66f4-427a-9dbf-abc3cb26f8e0/build]   | [INFO] Downloaded from central: https://repo.maven.apache.org/maven2/junit/junit/4.9/junit-4.9.jar (249 kB at 5.5 MB/s)
[8f515977-66f4-427a-9dbf-abc3cb26f8e0/build]   | [INFO] 
[8f515977-66f4-427a-9dbf-abc3cb26f8e0/build]   | [INFO] --- maven-enforcer-plugin:1.0:enforce (enforce-maven) @ invokebinder ---
[8f515977-66f4-427a-9dbf-abc3cb26f8e0/build]   | [INFO] Downloading from central: https://repo.maven.apache.org/maven2/org/apache/maven/maven-artifact/2.0.9/maven-artifact-2.0.9.pom
[8f515977-66f4-427a-9dbf-abc3cb26f8e0/build]   | [INFO] Downloaded from central: https://repo.maven.apache.org/maven2/org/apache/maven/maven-artifact/2.0.9/maven-artifact-2.0.9.pom (1.6 kB at 95 kB/s)
[8f515977-66f4-427a-9dbf-abc3cb26f8e0/build]   | [INFO] Downloading from central: https://repo.maven.apache.org/maven2/org/apache/maven/maven/2.0.9/maven-2.0.9.pom
[8f515977-66f4-427a-9dbf-abc3cb26f8e0/build]   | [INFO] Downloaded from central: https://repo.maven.apache.org/maven2/org/apache/maven/maven/2.0.9/maven-2.0.9.pom (19 kB at 1.1 MB/s)
[8f515977-66f4-427a-9dbf-abc3cb26f8e0/build]   | [INFO] Downloading from central: https://repo.maven.apache.org/maven2/org/apache/maven/maven-parent/8/maven-parent-8.pom
[8f515977-66f4-427a-9dbf-abc3cb26f8e0/build]   | [INFO] Downloaded from central: https://repo.maven.apache.org/maven2/org/apache/maven/maven-parent/8/maven-parent-8.pom (24 kB at 1.0 MB/s)
[8f515977-66f4-427a-9dbf-abc3cb26f8e0/build]   | [INFO] Downloading from central: https://repo.maven.apache.org/maven2/org/apache/apache/4/apache-4.pom
[8f515977-66f4-427a-9dbf-abc3cb26f8e0/build]   | [INFO] Downloaded from central: https://repo.maven.apache.org/maven2/org/apache/apache/4/apache-4.pom (4.5 kB at 225 kB/s)
[8f515977-66f4-427a-9dbf-abc3cb26f8e0/build]   | [INFO] Downloading from central: https://repo.maven.apache.org/maven2/org/codehaus/plexus/plexus-utils/1.5.8/plexus-utils-1.5.8.pom
[8f515977-66f4-427a-9dbf-abc3cb26f8e0/build]   | [INFO] Downloaded from central: https://repo.maven.apache.org/maven2/org/codehaus/plexus/plexus-utils/1.5.8/plexus-utils-1.5.8.pom (8.1 kB at 424 kB/s)
[8f515977-66f4-427a-9dbf-abc3cb26f8e0/build]   | [INFO] Downloading from central: https://repo.maven.apache.org/maven2/org/codehaus/plexus/plexus/2.0.2/plexus-2.0.2.pom
[8f515977-66f4-427a-9dbf-abc3cb26f8e0/build]   | [INFO] Downloaded from central: https://repo.maven.apache.org/maven2/org/codehaus/plexus/plexus/2.0.2/plexus-2.0.2.pom (12 kB at 726 kB/s)
[8f515977-66f4-427a-9dbf-abc3cb26f8e0/build]   | [INFO] Downloading from central: https://repo.maven.apache.org/maven2/org/apache/maven/maven-plugin-api/2.0.9/maven-plugin-api-2.0.9.pom
[8f515977-66f4-427a-9dbf-abc3cb26f8e0/build]   | [INFO] Downloaded from central: https://repo.maven.apache.org/maven2/org/apache/maven/maven-plugin-api/2.0.9/maven-plugin-api-2.0.9.pom (1.5 kB at 93 kB/s)
[8f515977-66f4-427a-9dbf-abc3cb26f8e0/build]   | [INFO] Downloading from central: https://repo.maven.apache.org/maven2/org/apache/maven/maven-project/2.0.9/maven-project-2.0.9.pom
[8f515977-66f4-427a-9dbf-abc3cb26f8e0/build]   | [INFO] Downloaded from central: https://repo.maven.apache.org/maven2/org/apache/maven/maven-project/2.0.9/maven-project-2.0.9.pom (2.7 kB at 169 kB/s)
[8f515977-66f4-427a-9dbf-abc3cb26f8e0/build]   | [INFO] Downloading from central: https://repo.maven.apache.org/maven2/org/apache/maven/maven-settings/2.0.9/maven-settings-2.0.9.pom
[8f515977-66f4-427a-9dbf-abc3cb26f8e0/build]   | [INFO] Downloaded from central: https://repo.maven.apache.org/maven2/org/apache/maven/maven-settings/2.0.9/maven-settings-2.0.9.pom (2.1 kB at 206 kB/s)
[8f515977-66f4-427a-9dbf-abc3cb26f8e0/build]   | [INFO] Downloading from central: https://repo.maven.apache.org/maven2/org/apache/maven/maven-model/2.0.9/maven-model-2.0.9.pom
[8f515977-66f4-427a-9dbf-abc3cb26f8e0/build]   | [INFO] Downloaded from central: https://repo.maven.apache.org/maven2/org/apache/maven/maven-model/2.0.9/maven-model-2.0.9.pom (3.1 kB at 131 kB/s)
[8f515977-66f4-427a-9dbf-abc3cb26f8e0/build]   | [INFO] Downloading from central: https://repo.maven.apache.org/maven2/org/codehaus/plexus/plexus-container-default/1.0-alpha-9-stable-1/plexus-container-default-1.0-alpha-9-stable-1.pom
[8f515977-66f4-427a-9dbf-abc3cb26f8e0/build]   | [INFO] Downloaded from central: https://repo.maven.apache.org/maven2/org/codehaus/plexus/plexus-container-default/1.0-alpha-9-stable-1/plexus-container-default-1.0-alpha-9-stable-1.pom (3.9 kB at 395 kB/s)
[8f515977-66f4-427a-9dbf-abc3cb26f8e0/build]   | [INFO] Downloading from central: https://repo.maven.apache.org/maven2/org/codehaus/plexus/plexus-containers/1.0.3/plexus-containers-1.0.3.pom
[8f515977-66f4-427a-9dbf-abc3cb26f8e0/build]   | [INFO] Downloaded from central: https://repo.maven.apache.org/maven2/org/codehaus/plexus/plexus-containers/1.0.3/plexus-containers-1.0.3.pom (492 B at 70 kB/s)
[8f515977-66f4-427a-9dbf-abc3cb26f8e0/build]   | [INFO] Downloading from central: https://repo.maven.apache.org/maven2/org/codehaus/plexus/plexus/1.0.4/plexus-1.0.4.pom
[8f515977-66f4-427a-9dbf-abc3cb26f8e0/build]   | [INFO] Downloaded from central: https://repo.maven.apache.org/maven2/org/codehaus/plexus/plexus/1.0.4/plexus-1.0.4.pom (5.7 kB at 287 kB/s)
[8f515977-66f4-427a-9dbf-abc3cb26f8e0/build]   | [INFO] Downloading from central: https://repo.maven.apache.org/maven2/junit/junit/3.8.2/junit-3.8.2.pom
[8f515977-66f4-427a-9dbf-abc3cb26f8e0/build]   | [INFO] Downloaded from central: https://repo.maven.apache.org/maven2/junit/junit/3.8.2/junit-3.8.2.pom (747 B at 25 kB/s)
[8f515977-66f4-427a-9dbf-abc3cb26f8e0/build]   | [INFO] Downloading from central: https://repo.maven.apache.org/maven2/classworlds/classworlds/1.1-alpha-2/classworlds-1.1-alpha-2.pom
[8f515977-66f4-427a-9dbf-abc3cb26f8e0/build]   | [INFO] Downloaded from central: https://repo.maven.apache.org/maven2/classworlds/classworlds/1.1-alpha-2/classworlds-1.1-alpha-2.pom (3.1 kB at 241 kB/s)
[8f515977-66f4-427a-9dbf-abc3cb26f8e0/build]   | [INFO] Downloading from central: https://repo.maven.apache.org/maven2/org/apache/maven/maven-profile/2.0.9/maven-profile-2.0.9.pom
[8f515977-66f4-427a-9dbf-abc3cb26f8e0/build]   | [INFO] Downloaded from central: https://repo.maven.apache.org/maven2/org/apache/maven/maven-profile/2.0.9/maven-profile-2.0.9.pom (2.0 kB at 228 kB/s)
[8f515977-66f4-427a-9dbf-abc3cb26f8e0/build]   | [INFO] Downloading from central: https://repo.maven.apache.org/maven2/org/apache/maven/maven-artifact-manager/2.0.9/maven-artifact-manager-2.0.9.pom
[8f515977-66f4-427a-9dbf-abc3cb26f8e0/build]   | [INFO] Downloaded from central: https://repo.maven.apache.org/maven2/org/apache/maven/maven-artifact-manager/2.0.9/maven-artifact-manager-2.0.9.pom (2.7 kB at 386 kB/s)
[8f515977-66f4-427a-9dbf-abc3cb26f8e0/build]   | [INFO] Downloading from central: https://repo.maven.apache.org/maven2/org/apache/maven/maven-repository-metadata/2.0.9/maven-repository-metadata-2.0.9.pom
[8f515977-66f4-427a-9dbf-abc3cb26f8e0/build]   | [INFO] Downloaded from central: https://repo.maven.apache.org/maven2/org/apache/maven/maven-repository-metadata/2.0.9/maven-repository-metadata-2.0.9.pom (1.9 kB at 272 kB/s)
[8f515977-66f4-427a-9dbf-abc3cb26f8e0/build]   | [INFO] Downloading from central: https://repo.maven.apache.org/maven2/org/apache/maven/maven-plugin-registry/2.0.9/maven-plugin-registry-2.0.9.pom
[8f515977-66f4-427a-9dbf-abc3cb26f8e0/build]   | [INFO] Downloaded from central: https://repo.maven.apache.org/maven2/org/apache/maven/maven-plugin-registry/2.0.9/maven-plugin-registry-2.0.9.pom (2.0 kB at 141 kB/s)
[8f515977-66f4-427a-9dbf-abc3cb26f8e0/build]   | [INFO] Downloading from central: https://repo.maven.apache.org/maven2/org/apache/maven/maven-core/2.0.9/maven-core-2.0.9.pom
[8f515977-66f4-427a-9dbf-abc3cb26f8e0/build]   | [INFO] Downloaded from central: https://repo.maven.apache.org/maven2/org/apache/maven/maven-core/2.0.9/maven-core-2.0.9.pom (7.8 kB at 190 kB/s)
[8f515977-66f4-427a-9dbf-abc3cb26f8e0/build]   | [INFO] Downloading from central: https://repo.maven.apache.org/maven2/org/apache/maven/maven-plugin-parameter-documenter/2.0.9/maven-plugin-parameter-documenter-2.0.9.pom
[8f515977-66f4-427a-9dbf-abc3cb26f8e0/build]   | [INFO] Downloaded from central: https://repo.maven.apache.org/maven2/org/apache/maven/maven-plugin-parameter-documenter/2.0.9/maven-plugin-parameter-documenter-2.0.9.pom (2.0 kB at 151 kB/s)
[8f515977-66f4-427a-9dbf-abc3cb26f8e0/build]   | [INFO] Downloading from central: https://repo.maven.apache.org/maven2/org/apache/maven/reporting/maven-reporting-api/2.0.9/maven-reporting-api-2.0.9.pom
[8f515977-66f4-427a-9dbf-abc3cb26f8e0/build]   | [INFO] Downloaded from central: https://repo.maven.apache.org/maven2/org/apache/maven/reporting/maven-reporting-api/2.0.9/maven-reporting-api-2.0.9.pom (1.8 kB at 180 kB/s)
[8f515977-66f4-427a-9dbf-abc3cb26f8e0/build]   | [INFO] Downloading from central: https://repo.maven.apache.org/maven2/org/apache/maven/reporting/maven-reporting/2.0.9/maven-reporting-2.0.9.pom
[8f515977-66f4-427a-9dbf-abc3cb26f8e0/build]   | [INFO] Downloaded from central: https://repo.maven.apache.org/maven2/org/apache/maven/reporting/maven-reporting/2.0.9/maven-reporting-2.0.9.pom (1.5 kB at 184 kB/s)
[8f515977-66f4-427a-9dbf-abc3cb26f8e0/build]   | [INFO] Downloading from central: https://repo.maven.apache.org/maven2/org/apache/maven/doxia/doxia-sink-api/1.0-alpha-10/doxia-sink-api-1.0-alpha-10.pom
[8f515977-66f4-427a-9dbf-abc3cb26f8e0/build]   | [INFO] Downloaded from central: https://repo.maven.apache.org/maven2/org/apache/maven/doxia/doxia-sink-api/1.0-alpha-10/doxia-sink-api-1.0-alpha-10.pom (1.3 kB at 79 kB/s)
[8f515977-66f4-427a-9dbf-abc3cb26f8e0/build]   | [INFO] Downloading from central: https://repo.maven.apache.org/maven2/org/apache/maven/doxia/doxia/1.0-alpha-10/doxia-1.0-alpha-10.pom
[8f515977-66f4-427a-9dbf-abc3cb26f8e0/build]   | [INFO] Downloaded from central: https://repo.maven.apache.org/maven2/org/apache/maven/doxia/doxia/1.0-alpha-10/doxia-1.0-alpha-10.pom (9.2 kB at 254 kB/s)
[8f515977-66f4-427a-9dbf-abc3cb26f8e0/build]   | [INFO] Downloading from central: https://repo.maven.apache.org/maven2/org/apache/maven/maven-parent/6/maven-parent-6.pom
[8f515977-66f4-427a-9dbf-abc3cb26f8e0/build]   | [INFO] Downloaded from central: https://repo.maven.apache.org/maven2/org/apache/maven/maven-parent/6/maven-parent-6.pom (20 kB at 1.1 MB/s)
[8f515977-66f4-427a-9dbf-abc3cb26f8e0/build]   | [INFO] Downloading from central: https://repo.maven.apache.org/maven2/org/apache/maven/maven-error-diagnostics/2.0.9/maven-error-diagnostics-2.0.9.pom
[8f515977-66f4-427a-9dbf-abc3cb26f8e0/build]   | [INFO] Downloaded from central: https://repo.maven.apache.org/maven2/org/apache/maven/maven-error-diagnostics/2.0.9/maven-error-diagnostics-2.0.9.pom (1.7 kB at 194 kB/s)
[8f515977-66f4-427a-9dbf-abc3cb26f8e0/build]   | [INFO] Downloading from central: https://repo.maven.apache.org/maven2/commons-cli/commons-cli/1.0/commons-cli-1.0.pom
[8f515977-66f4-427a-9dbf-abc3cb26f8e0/build]   | [INFO] Downloaded from central: https://repo.maven.apache.org/maven2/commons-cli/commons-cli/1.0/commons-cli-1.0.pom (2.1 kB at 162 kB/s)
[8f515977-66f4-427a-9dbf-abc3cb26f8e0/build]   | [INFO] Downloading from central: https://repo.maven.apache.org/maven2/org/apache/maven/maven-plugin-descriptor/2.0.9/maven-plugin-descriptor-2.0.9.pom
[8f515977-66f4-427a-9dbf-abc3cb26f8e0/build]   | [INFO] Downloaded from central: https://repo.maven.apache.org/maven2/org/apache/maven/maven-plugin-descriptor/2.0.9/maven-plugin-descriptor-2.0.9.pom (2.1 kB at 189 kB/s)
[8f515977-66f4-427a-9dbf-abc3cb26f8e0/build]   | [INFO] Downloading from central: https://repo.maven.apache.org/maven2/org/codehaus/plexus/plexus-interactivity-api/1.0-alpha-4/plexus-interactivity-api-1.0-alpha-4.pom
[8f515977-66f4-427a-9dbf-abc3cb26f8e0/build]   | [INFO] Downloaded from central: https://repo.maven.apache.org/maven2/org/codehaus/plexus/plexus-interactivity-api/1.0-alpha-4/plexus-interactivity-api-1.0-alpha-4.pom (7.1 kB at 373 kB/s)
[8f515977-66f4-427a-9dbf-abc3cb26f8e0/build]   | [INFO] Downloading from central: https://repo.maven.apache.org/maven2/org/apache/maven/maven-monitor/2.0.9/maven-monitor-2.0.9.pom
[8f515977-66f4-427a-9dbf-abc3cb26f8e0/build]   | [INFO] Downloaded from central: https://repo.maven.apache.org/maven2/org/apache/maven/maven-monitor/2.0.9/maven-monitor-2.0.9.pom (1.3 kB at 76 kB/s)
[8f515977-66f4-427a-9dbf-abc3cb26f8e0/build]   | [INFO] Downloading from central: https://repo.maven.apache.org/maven2/classworlds/classworlds/1.1/classworlds-1.1.pom
[8f515977-66f4-427a-9dbf-abc3cb26f8e0/build]   | [INFO] Downloaded from central: https://repo.maven.apache.org/maven2/classworlds/classworlds/1.1/classworlds-1.1.pom (3.3 kB at 302 kB/s)
[8f515977-66f4-427a-9dbf-abc3cb26f8e0/build]   | [INFO] Downloading from central: https://repo.maven.apache.org/maven2/commons-lang/commons-lang/2.3/commons-lang-2.3.pom
[8f515977-66f4-427a-9dbf-abc3cb26f8e0/build]   | [INFO] Downloaded from central: https://repo.maven.apache.org/maven2/commons-lang/commons-lang/2.3/commons-lang-2.3.pom (11 kB at 271 kB/s)
[8f515977-66f4-427a-9dbf-abc3cb26f8e0/build]   | [INFO] Downloading from central: https://repo.maven.apache.org/maven2/org/apache/maven/enforcer/enforcer-api/1.0/enforcer-api-1.0.pom
[8f515977-66f4-427a-9dbf-abc3cb26f8e0/build]   | [INFO] Downloaded from central: https://repo.maven.apache.org/maven2/org/apache/maven/enforcer/enforcer-api/1.0/enforcer-api-1.0.pom (3.3 kB at 328 kB/s)
[8f515977-66f4-427a-9dbf-abc3cb26f8e0/build]   | [INFO] Downloading from central: https://repo.maven.apache.org/maven2/org/codehaus/plexus/plexus-container-default/1.0-alpha-9/plexus-container-default-1.0-alpha-9.pom
[8f515977-66f4-427a-9dbf-abc3cb26f8e0/build]   | [INFO] Downloaded from central: https://repo.maven.apache.org/maven2/org/codehaus/plexus/plexus-container-default/1.0-alpha-9/plexus-container-default-1.0-alpha-9.pom (1.2 kB at 103 kB/s)
[8f515977-66f4-427a-9dbf-abc3cb26f8e0/build]   | [INFO] Downloading from central: https://repo.maven.apache.org/maven2/org/apache/maven/enforcer/enforcer-rules/1.0/enforcer-rules-1.0.pom
[8f515977-66f4-427a-9dbf-abc3cb26f8e0/build]   | [INFO] Downloaded from central: https://repo.maven.apache.org/maven2/org/apache/maven/enforcer/enforcer-rules/1.0/enforcer-rules-1.0.pom (4.1 kB at 188 kB/s)
[8f515977-66f4-427a-9dbf-abc3cb26f8e0/build]   | [INFO] Downloading from central: https://repo.maven.apache.org/maven2/org/apache/maven/shared/maven-common-artifact-filters/1.2/maven-common-artifact-filters-1.2.pom
[8f515977-66f4-427a-9dbf-abc3cb26f8e0/build]   | [INFO] Downloaded from central: https://repo.maven.apache.org/maven2/org/apache/maven/shared/maven-common-artifact-filters/1.2/maven-common-artifact-filters-1.2.pom (4.5 kB at 129 kB/s)
[8f515977-66f4-427a-9dbf-abc3cb26f8e0/build]   | [INFO] Downloading from central: https://repo.maven.apache.org/maven2/org/apache/maven/shared/maven-shared-components/11/maven-shared-components-11.pom
[8f515977-66f4-427a-9dbf-abc3cb26f8e0/build]   | [INFO] Downloaded from central: https://repo.maven.apache.org/maven2/org/apache/maven/shared/maven-shared-components/11/maven-shared-components-11.pom (8.3 kB at 463 kB/s)
[8f515977-66f4-427a-9dbf-abc3cb26f8e0/build]   | [INFO] Downloading from central: https://repo.maven.apache.org/maven2/org/apache/maven/maven-parent/11/maven-parent-11.pom
[8f515977-66f4-427a-9dbf-abc3cb26f8e0/build]   | [INFO] Downloaded from central: https://repo.maven.apache.org/maven2/org/apache/maven/maven-parent/11/maven-parent-11.pom (32 kB at 754 kB/s)
[8f515977-66f4-427a-9dbf-abc3cb26f8e0/build]   | [INFO] Downloading from central: https://repo.maven.apache.org/maven2/org/apache/apache/5/apache-5.pom
[8f515977-66f4-427a-9dbf-abc3cb26f8e0/build]   | [INFO] Downloaded from central: https://repo.maven.apache.org/maven2/org/apache/apache/5/apache-5.pom (4.1 kB at 98 kB/s)
[8f515977-66f4-427a-9dbf-abc3cb26f8e0/build]   | [INFO] Downloading from central: https://repo.maven.apache.org/maven2/org/apache/maven/maven-model/2.0.8/maven-model-2.0.8.pom
[8f515977-66f4-427a-9dbf-abc3cb26f8e0/build]   | [INFO] Downloaded from central: https://repo.maven.apache.org/maven2/org/apache/maven/maven-model/2.0.8/maven-model-2.0.8.pom (3.1 kB at 449 kB/s)
[8f515977-66f4-427a-9dbf-abc3cb26f8e0/build]   | [INFO] Downloading from central: https://repo.maven.apache.org/maven2/org/apache/maven/maven/2.0.8/maven-2.0.8.pom
[8f515977-66f4-427a-9dbf-abc3cb26f8e0/build]   | [INFO] Downloaded from central: https://repo.maven.apache.org/maven2/org/apache/maven/maven/2.0.8/maven-2.0.8.pom (12 kB at 1.5 MB/s)
[8f515977-66f4-427a-9dbf-abc3cb26f8e0/build]   | [INFO] Downloading from central: https://repo.maven.apache.org/maven2/org/apache/maven/shared/maven-plugin-testing-harness/1.1/maven-plugin-testing-harness-1.1.pom
[8f515977-66f4-427a-9dbf-abc3cb26f8e0/build]   | [INFO] Downloaded from central: https://repo.maven.apache.org/maven2/org/apache/maven/shared/maven-plugin-testing-harness/1.1/maven-plugin-testing-harness-1.1.pom (6.3 kB at 528 kB/s)
[8f515977-66f4-427a-9dbf-abc3cb26f8e0/build]   | [INFO] Downloading from central: https://repo.maven.apache.org/maven2/org/apache/maven/shared/maven-shared-components/7/maven-shared-components-7.pom
[8f515977-66f4-427a-9dbf-abc3cb26f8e0/build]   | [INFO] Downloaded from central: https://repo.maven.apache.org/maven2/org/apache/maven/shared/maven-shared-components/7/maven-shared-components-7.pom (2.6 kB at 200 kB/s)
[8f515977-66f4-427a-9dbf-abc3cb26f8e0/build]   | [INFO] Downloading from central: https://repo.maven.apache.org/maven2/org/codehaus/plexus/plexus-archiver/1.0-alpha-7/plexus-archiver-1.0-alpha-7.pom
[8f515977-66f4-427a-9dbf-abc3cb26f8e0/build]   | [INFO] Downloaded from central: https://repo.maven.apache.org/maven2/org/codehaus/plexus/plexus-archiver/1.0-alpha-7/plexus-archiver-1.0-alpha-7.pom (1.0 kB at 61 kB/s)
[8f515977-66f4-427a-9dbf-abc3cb26f8e0/build]   | [INFO] Downloading from central: https://repo.maven.apache.org/maven2/org/codehaus/plexus/plexus-components/1.1.6/plexus-components-1.1.6.pom
[8f515977-66f4-427a-9dbf-abc3cb26f8e0/build]   | [INFO] Downloaded from central: https://repo.maven.apache.org/maven2/org/codehaus/plexus/plexus-components/1.1.6/plexus-components-1.1.6.pom (1.9 kB at 172 kB/s)
[8f515977-66f4-427a-9dbf-abc3cb26f8e0/build]   | [INFO] Downloading from central: https://repo.maven.apache.org/maven2/org/codehaus/plexus/plexus/1.0.8/plexus-1.0.8.pom
[8f515977-66f4-427a-9dbf-abc3cb26f8e0/build]   | [INFO] Downloaded from central: https://repo.maven.apache.org/maven2/org/codehaus/plexus/plexus/1.0.8/plexus-1.0.8.pom (7.2 kB at 226 kB/s)
[8f515977-66f4-427a-9dbf-abc3cb26f8e0/build]   | [INFO] Downloading from central: https://repo.maven.apache.org/maven2/org/codehaus/plexus/plexus-container-default/1.0-alpha-8/plexus-container-default-1.0-alpha-8.pom
[8f515977-66f4-427a-9dbf-abc3cb26f8e0/build]   | [INFO] Downloaded from central: https://repo.maven.apache.org/maven2/org/codehaus/plexus/plexus-container-default/1.0-alpha-8/plexus-container-default-1.0-alpha-8.pom (7.3 kB at 726 kB/s)
[8f515977-66f4-427a-9dbf-abc3cb26f8e0/build]   | [INFO] Downloading from central: https://repo.maven.apache.org/maven2/org/beanshell/bsh/2.0b4/bsh-2.0b4.pom
[8f515977-66f4-427a-9dbf-abc3cb26f8e0/build]   | [INFO] Downloaded from central: https://repo.maven.apache.org/maven2/org/beanshell/bsh/2.0b4/bsh-2.0b4.pom (1.2 kB at 52 kB/s)
[8f515977-66f4-427a-9dbf-abc3cb26f8e0/build]   | [INFO] Downloading from central: https://repo.maven.apache.org/maven2/org/beanshell/beanshell/2.0b4/beanshell-2.0b4.pom
[8f515977-66f4-427a-9dbf-abc3cb26f8e0/build]   | [INFO] Downloaded from central: https://repo.maven.apache.org/maven2/org/beanshell/beanshell/2.0b4/beanshell-2.0b4.pom (1.4 kB at 176 kB/s)
[8f515977-66f4-427a-9dbf-abc3cb26f8e0/build]   | [INFO] Downloading from central: https://repo.maven.apache.org/maven2/org/apache/maven/shared/maven-dependency-tree/1.2/maven-dependency-tree-1.2.pom
[8f515977-66f4-427a-9dbf-abc3cb26f8e0/build]   | [INFO] Downloaded from central: https://repo.maven.apache.org/maven2/org/apache/maven/shared/maven-dependency-tree/1.2/maven-dependency-tree-1.2.pom (3.6 kB at 258 kB/s)
[8f515977-66f4-427a-9dbf-abc3cb26f8e0/build]   | [INFO] Downloading from central: https://repo.maven.apache.org/maven2/org/apache/maven/shared/maven-shared-components/9/maven-shared-components-9.pom
[8f515977-66f4-427a-9dbf-abc3cb26f8e0/build]   | [INFO] Downloaded from central: https://repo.maven.apache.org/maven2/org/apache/maven/shared/maven-shared-components/9/maven-shared-components-9.pom (3.5 kB at 194 kB/s)
[8f515977-66f4-427a-9dbf-abc3cb26f8e0/build]   | [INFO] Downloading from central: https://repo.maven.apache.org/maven2/org/codehaus/plexus/plexus-i18n/1.0-beta-6/plexus-i18n-1.0-beta-6.pom
[8f515977-66f4-427a-9dbf-abc3cb26f8e0/build]   | [INFO] Downloaded from central: https://repo.maven.apache.org/maven2/org/codehaus/plexus/plexus-i18n/1.0-beta-6/plexus-i18n-1.0-beta-6.pom (771 B at 96 kB/s)
[8f515977-66f4-427a-9dbf-abc3cb26f8e0/build]   | [INFO] Downloading from central: https://repo.maven.apache.org/maven2/org/codehaus/plexus/plexus-components/1.1.4/plexus-components-1.1.4.pom
[8f515977-66f4-427a-9dbf-abc3cb26f8e0/build]   | [INFO] Downloaded from central: https://repo.maven.apache.org/maven2/org/codehaus/plexus/plexus-components/1.1.4/plexus-components-1.1.4.pom (2.1 kB at 138 kB/s)
[8f515977-66f4-427a-9dbf-abc3cb26f8e0/build]   | [INFO] Downloading from central: https://repo.maven.apache.org/maven2/org/apache/maven/maven-artifact/2.0.9/maven-artifact-2.0.9.jar
[8f515977-66f4-427a-9dbf-abc3cb26f8e0/build]   | [INFO] Downloading from central: https://repo.maven.apache.org/maven2/org/apache/maven/maven-plugin-api/2.0.9/maven-plugin-api-2.0.9.jar
[8f515977-66f4-427a-9dbf-abc3cb26f8e0/build]   | [INFO] Downloading from central: https://repo.maven.apache.org/maven2/org/apache/maven/maven-project/2.0.9/maven-project-2.0.9.jar
[8f515977-66f4-427a-9dbf-abc3cb26f8e0/build]   | [INFO] Downloading from central: https://repo.maven.apache.org/maven2/org/apache/maven/maven-settings/2.0.9/maven-settings-2.0.9.jar
[8f515977-66f4-427a-9dbf-abc3cb26f8e0/build]   | [INFO] Downloading from central: https://repo.maven.apache.org/maven2/org/apache/maven/maven-profile/2.0.9/maven-profile-2.0.9.jar
[8f515977-66f4-427a-9dbf-abc3cb26f8e0/build]   | [INFO] Downloaded from central: https://repo.maven.apache.org/maven2/org/apache/maven/maven-artifact/2.0.9/maven-artifact-2.0.9.jar (89 kB at 4.4 MB/s)
[8f515977-66f4-427a-9dbf-abc3cb26f8e0/build]   | [INFO] Downloading from central: https://repo.maven.apache.org/maven2/org/apache/maven/maven-model/2.0.9/maven-model-2.0.9.jar
[8f515977-66f4-427a-9dbf-abc3cb26f8e0/build]   | [INFO] Downloaded from central: https://repo.maven.apache.org/maven2/org/apache/maven/maven-plugin-api/2.0.9/maven-plugin-api-2.0.9.jar (13 kB at 645 kB/s)
[8f515977-66f4-427a-9dbf-abc3cb26f8e0/build]   | [INFO] Downloading from central: https://repo.maven.apache.org/maven2/org/apache/maven/maven-artifact-manager/2.0.9/maven-artifact-manager-2.0.9.jar
[8f515977-66f4-427a-9dbf-abc3cb26f8e0/build]   | [INFO] Downloaded from central: https://repo.maven.apache.org/maven2/org/apache/maven/maven-settings/2.0.9/maven-settings-2.0.9.jar (49 kB at 1.6 MB/s)
[8f515977-66f4-427a-9dbf-abc3cb26f8e0/build]   | [INFO] Downloading from central: https://repo.maven.apache.org/maven2/org/apache/maven/maven-plugin-registry/2.0.9/maven-plugin-registry-2.0.9.jar
[8f515977-66f4-427a-9dbf-abc3cb26f8e0/build]   | [INFO] Downloaded from central: https://repo.maven.apache.org/maven2/org/apache/maven/maven-project/2.0.9/maven-project-2.0.9.jar (122 kB at 3.4 MB/s)
[8f515977-66f4-427a-9dbf-abc3cb26f8e0/build]   | [INFO] Downloading from central: https://repo.maven.apache.org/maven2/org/codehaus/plexus/plexus-container-default/1.0-alpha-9-stable-1/plexus-container-default-1.0-alpha-9-stable-1.jar
[8f515977-66f4-427a-9dbf-abc3cb26f8e0/build]   | [INFO] Downloaded from central: https://repo.maven.apache.org/maven2/org/apache/maven/maven-artifact-manager/2.0.9/maven-artifact-manager-2.0.9.jar (58 kB at 948 kB/s)
[8f515977-66f4-427a-9dbf-abc3cb26f8e0/build]   | [INFO] Downloading from central: https://repo.maven.apache.org/maven2/org/apache/maven/maven-core/2.0.9/maven-core-2.0.9.jar
[8f515977-66f4-427a-9dbf-abc3cb26f8e0/build]   | [INFO] Downloaded from central: https://repo.maven.apache.org/maven2/org/apache/maven/maven-model/2.0.9/maven-model-2.0.9.jar (87 kB at 1.4 MB/s)
[8f515977-66f4-427a-9dbf-abc3cb26f8e0/build]   | [INFO] Downloading from central: https://repo.maven.apache.org/maven2/org/apache/maven/maven-plugin-parameter-documenter/2.0.9/maven-plugin-parameter-documenter-2.0.9.jar
[8f515977-66f4-427a-9dbf-abc3cb26f8e0/build]   | [INFO] Downloaded from central: https://repo.maven.apache.org/maven2/org/apache/maven/maven-profile/2.0.9/maven-profile-2.0.9.jar (35 kB at 411 kB/s)
[8f515977-66f4-427a-9dbf-abc3cb26f8e0/build]   | [INFO] Downloading from central: https://repo.maven.apache.org/maven2/org/apache/maven/reporting/maven-reporting-api/2.0.9/maven-reporting-api-2.0.9.jar
[8f515977-66f4-427a-9dbf-abc3cb26f8e0/build]   | [INFO] Downloaded from central: https://repo.maven.apache.org/maven2/org/apache/maven/maven-plugin-registry/2.0.9/maven-plugin-registry-2.0.9.jar (29 kB at 330 kB/s)
[8f515977-66f4-427a-9dbf-abc3cb26f8e0/build]   | [INFO] Downloading from central: https://repo.maven.apache.org/maven2/org/apache/maven/doxia/doxia-sink-api/1.0-alpha-10/doxia-sink-api-1.0-alpha-10.jar
[8f515977-66f4-427a-9dbf-abc3cb26f8e0/build]   | [INFO] Downloaded from central: https://repo.maven.apache.org/maven2/org/codehaus/plexus/plexus-container-default/1.0-alpha-9-stable-1/plexus-container-default-1.0-alpha-9-stable-1.jar (194 kB at 2.1 MB/s)
[8f515977-66f4-427a-9dbf-abc3cb26f8e0/build]   | [INFO] Downloading from central: https://repo.maven.apache.org/maven2/org/apache/maven/maven-repository-metadata/2.0.9/maven-repository-metadata-2.0.9.jar
[8f515977-66f4-427a-9dbf-abc3cb26f8e0/build]   | [INFO] Downloaded from central: https://repo.maven.apache.org/maven2/org/apache/maven/maven-core/2.0.9/maven-core-2.0.9.jar (160 kB at 1.6 MB/s)
[8f515977-66f4-427a-9dbf-abc3cb26f8e0/build]   | [INFO] Downloading from central: https://repo.maven.apache.org/maven2/org/apache/maven/maven-error-diagnostics/2.0.9/maven-error-diagnostics-2.0.9.jar
[8f515977-66f4-427a-9dbf-abc3cb26f8e0/build]   | [INFO] Downloaded from central: https://repo.maven.apache.org/maven2/org/apache/maven/maven-plugin-parameter-documenter/2.0.9/maven-plugin-parameter-documenter-2.0.9.jar (21 kB at 209 kB/s)
[8f515977-66f4-427a-9dbf-abc3cb26f8e0/build]   | [INFO] Downloading from central: https://repo.maven.apache.org/maven2/commons-cli/commons-cli/1.0/commons-cli-1.0.jar
[8f515977-66f4-427a-9dbf-abc3cb26f8e0/build]   | [INFO] Downloaded from central: https://repo.maven.apache.org/maven2/org/apache/maven/doxia/doxia-sink-api/1.0-alpha-10/doxia-sink-api-1.0-alpha-10.jar (9.9 kB at 94 kB/s)
[8f515977-66f4-427a-9dbf-abc3cb26f8e0/build]   | [INFO] Downloading from central: https://repo.maven.apache.org/maven2/org/apache/maven/maven-plugin-descriptor/2.0.9/maven-plugin-descriptor-2.0.9.jar
[8f515977-66f4-427a-9dbf-abc3cb26f8e0/build]   | [INFO] Downloaded from central: https://repo.maven.apache.org/maven2/org/apache/maven/maven-repository-metadata/2.0.9/maven-repository-metadata-2.0.9.jar (25 kB at 230 kB/s)
[8f515977-66f4-427a-9dbf-abc3cb26f8e0/build]   | [INFO] Downloading from central: https://repo.maven.apache.org/maven2/org/codehaus/plexus/plexus-interactivity-api/1.0-alpha-4/plexus-interactivity-api-1.0-alpha-4.jar
[8f515977-66f4-427a-9dbf-abc3cb26f8e0/build]   | [INFO] Downloaded from central: https://repo.maven.apache.org/maven2/org/apache/maven/reporting/maven-reporting-api/2.0.9/maven-reporting-api-2.0.9.jar (10 kB at 91 kB/s)
[8f515977-66f4-427a-9dbf-abc3cb26f8e0/build]   | [INFO] Downloading from central: https://repo.maven.apache.org/maven2/org/apache/maven/maven-monitor/2.0.9/maven-monitor-2.0.9.jar
[8f515977-66f4-427a-9dbf-abc3cb26f8e0/build]   | [INFO] Downloaded from central: https://repo.maven.apache.org/maven2/org/apache/maven/maven-error-diagnostics/2.0.9/maven-error-diagnostics-2.0.9.jar (14 kB at 123 kB/s)
[8f515977-66f4-427a-9dbf-abc3cb26f8e0/build]   | [INFO] Downloading from central: https://repo.maven.apache.org/maven2/classworlds/classworlds/1.1/classworlds-1.1.jar
[8f515977-66f4-427a-9dbf-abc3cb26f8e0/build]   | [INFO] Downloaded from central: https://repo.maven.apache.org/maven2/commons-cli/commons-cli/1.0/commons-cli-1.0.jar (30 kB at 257 kB/s)
[8f515977-66f4-427a-9dbf-abc3cb26f8e0/build]   | [INFO] Downloading from central: https://repo.maven.apache.org/maven2/org/codehaus/plexus/plexus-utils/1.5.8/plexus-utils-1.5.8.jar
[8f515977-66f4-427a-9dbf-abc3cb26f8e0/build]   | [INFO] Downloaded from central: https://repo.maven.apache.org/maven2/org/apache/maven/maven-monitor/2.0.9/maven-monitor-2.0.9.jar (10 kB at 82 kB/s)
[8f515977-66f4-427a-9dbf-abc3cb26f8e0/build]   | [INFO] Downloaded from central: https://repo.maven.apache.org/maven2/classworlds/classworlds/1.1/classworlds-1.1.jar (38 kB at 300 kB/s)
[8f515977-66f4-427a-9dbf-abc3cb26f8e0/build]   | [INFO] Downloaded from central: https://repo.maven.apache.org/maven2/org/apache/maven/maven-plugin-descriptor/2.0.9/maven-plugin-descriptor-2.0.9.jar (37 kB at 294 kB/s)
[8f515977-66f4-427a-9dbf-abc3cb26f8e0/build]   | [INFO] Downloading from central: https://repo.maven.apache.org/maven2/org/apache/maven/enforcer/enforcer-api/1.0/enforcer-api-1.0.jar
[8f515977-66f4-427a-9dbf-abc3cb26f8e0/build]   | [INFO] Downloading from central: https://repo.maven.apache.org/maven2/org/apache/maven/enforcer/enforcer-rules/1.0/enforcer-rules-1.0.jar
[8f515977-66f4-427a-9dbf-abc3cb26f8e0/build]   | [INFO] Downloaded from central: https://repo.maven.apache.org/maven2/org/codehaus/plexus/plexus-interactivity-api/1.0-alpha-4/plexus-interactivity-api-1.0-alpha-4.jar (13 kB at 106 kB/s)
[8f515977-66f4-427a-9dbf-abc3cb26f8e0/build]   | [INFO] Downloading from central: https://repo.maven.apache.org/maven2/org/apache/maven/shared/maven-common-artifact-filters/1.2/maven-common-artifact-filters-1.2.jar
[8f515977-66f4-427a-9dbf-abc3cb26f8e0/build]   | [INFO] Downloading from central: https://repo.maven.apache.org/maven2/commons-lang/commons-lang/2.3/commons-lang-2.3.jar
[8f515977-66f4-427a-9dbf-abc3cb26f8e0/build]   | [INFO] Downloaded from central: https://repo.maven.apache.org/maven2/org/apache/maven/enforcer/enforcer-api/1.0/enforcer-api-1.0.jar (9.8 kB at 68 kB/s)
[8f515977-66f4-427a-9dbf-abc3cb26f8e0/build]   | [INFO] Downloading from central: https://repo.maven.apache.org/maven2/org/beanshell/bsh/2.0b4/bsh-2.0b4.jar
[8f515977-66f4-427a-9dbf-abc3cb26f8e0/build]   | [INFO] Downloaded from central: https://repo.maven.apache.org/maven2/org/apache/maven/enforcer/enforcer-rules/1.0/enforcer-rules-1.0.jar (61 kB at 423 kB/s)
[8f515977-66f4-427a-9dbf-abc3cb26f8e0/build]   | [INFO] Downloading from central: https://repo.maven.apache.org/maven2/org/apache/maven/shared/maven-dependency-tree/1.2/maven-dependency-tree-1.2.jar
[8f515977-66f4-427a-9dbf-abc3cb26f8e0/build]   | [INFO] Downloaded from central: https://repo.maven.apache.org/maven2/org/apache/maven/shared/maven-common-artifact-filters/1.2/maven-common-artifact-filters-1.2.jar (32 kB at 207 kB/s)
[8f515977-66f4-427a-9dbf-abc3cb26f8e0/build]   | [INFO] Downloading from central: https://repo.maven.apache.org/maven2/org/codehaus/plexus/plexus-i18n/1.0-beta-6/plexus-i18n-1.0-beta-6.jar
[8f515977-66f4-427a-9dbf-abc3cb26f8e0/build]   | [INFO] Downloaded from central: https://repo.maven.apache.org/maven2/org/codehaus/plexus/plexus-utils/1.5.8/plexus-utils-1.5.8.jar (268 kB at 1.8 MB/s)
[8f515977-66f4-427a-9dbf-abc3cb26f8e0/build]   | [INFO] Downloaded from central: https://repo.maven.apache.org/maven2/org/apache/maven/shared/maven-dependency-tree/1.2/maven-dependency-tree-1.2.jar (35 kB at 216 kB/s)
[8f515977-66f4-427a-9dbf-abc3cb26f8e0/build]   | [INFO] Downloaded from central: https://repo.maven.apache.org/maven2/commons-lang/commons-lang/2.3/commons-lang-2.3.jar (245 kB at 1.5 MB/s)
[8f515977-66f4-427a-9dbf-abc3cb26f8e0/build]   | [INFO] Downloaded from central: https://repo.maven.apache.org/maven2/org/codehaus/plexus/plexus-i18n/1.0-beta-6/plexus-i18n-1.0-beta-6.jar (12 kB at 71 kB/s)
[8f515977-66f4-427a-9dbf-abc3cb26f8e0/build]   | [INFO] Downloaded from central: https://repo.maven.apache.org/maven2/org/beanshell/bsh/2.0b4/bsh-2.0b4.jar (282 kB at 1.5 MB/s)
[8f515977-66f4-427a-9dbf-abc3cb26f8e0/build]   | [INFO] 
[8f515977-66f4-427a-9dbf-abc3cb26f8e0/build]   | [INFO] --- maven-resources-plugin:2.2:resources (default-resources) @ invokebinder ---
[8f515977-66f4-427a-9dbf-abc3cb26f8e0/build]   | [INFO] Downloading from central: https://repo.maven.apache.org/maven2/org/apache/maven/maven-plugin-api/2.0/maven-plugin-api-2.0.pom
[8f515977-66f4-427a-9dbf-abc3cb26f8e0/build]   | [INFO] Downloaded from central: https://repo.maven.apache.org/maven2/org/apache/maven/maven-plugin-api/2.0/maven-plugin-api-2.0.pom (601 B at 38 kB/s)
[8f515977-66f4-427a-9dbf-abc3cb26f8e0/build]   | [INFO] Downloading from central: https://repo.maven.apache.org/maven2/org/apache/maven/maven/2.0/maven-2.0.pom
[8f515977-66f4-427a-9dbf-abc3cb26f8e0/build]   | [INFO] Downloaded from central: https://repo.maven.apache.org/maven2/org/apache/maven/maven/2.0/maven-2.0.pom (8.8 kB at 731 kB/s)
[8f515977-66f4-427a-9dbf-abc3cb26f8e0/build]   | [INFO] Downloading from central: https://repo.maven.apache.org/maven2/org/apache/maven/maven-project/2.0/maven-project-2.0.pom
[8f515977-66f4-427a-9dbf-abc3cb26f8e0/build]   | [INFO] Downloaded from central: https://repo.maven.apache.org/maven2/org/apache/maven/maven-project/2.0/maven-project-2.0.pom (1.6 kB at 204 kB/s)
[8f515977-66f4-427a-9dbf-abc3cb26f8e0/build]   | [INFO] Downloading from central: https://repo.maven.apache.org/maven2/org/apache/maven/maven-profile/2.0/maven-profile-2.0.pom
[8f515977-66f4-427a-9dbf-abc3cb26f8e0/build]   | [INFO] Downloaded from central: https://repo.maven.apache.org/maven2/org/apache/maven/maven-profile/2.0/maven-profile-2.0.pom (1.4 kB at 31 kB/s)
[8f515977-66f4-427a-9dbf-abc3cb26f8e0/build]   | [INFO] Downloading from central: https://repo.maven.apache.org/maven2/org/apache/maven/maven-model/2.0/maven-model-2.0.pom
[8f515977-66f4-427a-9dbf-abc3cb26f8e0/build]   | [INFO] Downloaded from central: https://repo.maven.apache.org/maven2/org/apache/maven/maven-model/2.0/maven-model-2.0.pom (2.4 kB at 78 kB/s)
[8f515977-66f4-427a-9dbf-abc3cb26f8e0/build]   | [INFO] Downloading from central: https://repo.maven.apache.org/maven2/org/codehaus/plexus/plexus-utils/1.0.4/plexus-utils-1.0.4.pom
[8f515977-66f4-427a-9dbf-abc3cb26f8e0/build]   | [INFO] Downloaded from central: https://repo.maven.apache.org/maven2/org/codehaus/plexus/plexus-utils/1.0.4/plexus-utils-1.0.4.pom (6.9 kB at 180 kB/s)
[8f515977-66f4-427a-9dbf-abc3cb26f8e0/build]   | [INFO] Downloading from central: https://repo.maven.apache.org/maven2/junit/junit/3.8.1/junit-3.8.1.pom
[8f515977-66f4-427a-9dbf-abc3cb26f8e0/build]   | [INFO] Downloaded from central: https://repo.maven.apache.org/maven2/junit/junit/3.8.1/junit-3.8.1.pom (998 B at 111 kB/s)
[8f515977-66f4-427a-9dbf-abc3cb26f8e0/build]   | [INFO] Downloading from central: https://repo.maven.apache.org/maven2/org/apache/maven/maven-artifact-manager/2.0/maven-artifact-manager-2.0.pom
[8f515977-66f4-427a-9dbf-abc3cb26f8e0/build]   | [INFO] Downloaded from central: https://repo.maven.apache.org/maven2/org/apache/maven/maven-artifact-manager/2.0/maven-artifact-manager-2.0.pom (1.3 kB at 36 kB/s)
[8f515977-66f4-427a-9dbf-abc3cb26f8e0/build]   | [INFO] Downloading from central: https://repo.maven.apache.org/maven2/org/apache/maven/maven-repository-metadata/2.0/maven-repository-metadata-2.0.pom
[8f515977-66f4-427a-9dbf-abc3cb26f8e0/build]   | [INFO] Downloaded from central: https://repo.maven.apache.org/maven2/org/apache/maven/maven-repository-metadata/2.0/maven-repository-metadata-2.0.pom (1.2 kB at 61 kB/s)
[8f515977-66f4-427a-9dbf-abc3cb26f8e0/build]   | [INFO] Downloading from central: https://repo.maven.apache.org/maven2/org/apache/maven/maven-artifact/2.0/maven-artifact-2.0.pom
[8f515977-66f4-427a-9dbf-abc3cb26f8e0/build]   | [INFO] Downloaded from central: https://repo.maven.apache.org/maven2/org/apache/maven/maven-artifact/2.0/maven-artifact-2.0.pom (723 B at 25 kB/s)
[8f515977-66f4-427a-9dbf-abc3cb26f8e0/build]   | [INFO] Downloading from central: https://repo.maven.apache.org/maven2/org/apache/maven/maven-project/2.0/maven-project-2.0.jar
[8f515977-66f4-427a-9dbf-abc3cb26f8e0/build]   | [INFO] Downloading from central: https://repo.maven.apache.org/maven2/org/apache/maven/maven-plugin-api/2.0/maven-plugin-api-2.0.jar
[8f515977-66f4-427a-9dbf-abc3cb26f8e0/build]   | [INFO] Downloading from central: https://repo.maven.apache.org/maven2/org/apache/maven/maven-profile/2.0/maven-profile-2.0.jar
[8f515977-66f4-427a-9dbf-abc3cb26f8e0/build]   | [INFO] Downloading from central: https://repo.maven.apache.org/maven2/org/apache/maven/maven-repository-metadata/2.0/maven-repository-metadata-2.0.jar
[8f515977-66f4-427a-9dbf-abc3cb26f8e0/build]   | [INFO] Downloading from central: https://repo.maven.apache.org/maven2/org/apache/maven/maven-artifact-manager/2.0/maven-artifact-manager-2.0.jar
[8f515977-66f4-427a-9dbf-abc3cb26f8e0/build]   | [INFO] Downloaded from central: https://repo.maven.apache.org/maven2/org/apache/maven/maven-repository-metadata/2.0/maven-repository-metadata-2.0.jar (21 kB at 794 kB/s)
[8f515977-66f4-427a-9dbf-abc3cb26f8e0/build]   | [INFO] Downloading from central: https://repo.maven.apache.org/maven2/org/codehaus/plexus/plexus-utils/1.0.4/plexus-utils-1.0.4.jar
[8f515977-66f4-427a-9dbf-abc3cb26f8e0/build]   | [INFO] Downloaded from central: https://repo.maven.apache.org/maven2/org/apache/maven/maven-project/2.0/maven-project-2.0.jar (105 kB at 3.1 MB/s)
[8f515977-66f4-427a-9dbf-abc3cb26f8e0/build]   | [INFO] Downloading from central: https://repo.maven.apache.org/maven2/org/apache/maven/maven-artifact/2.0/maven-artifact-2.0.jar
[8f515977-66f4-427a-9dbf-abc3cb26f8e0/build]   | [INFO] Downloaded from central: https://repo.maven.apache.org/maven2/org/apache/maven/maven-artifact-manager/2.0/maven-artifact-manager-2.0.jar (51 kB at 1.1 MB/s)
[8f515977-66f4-427a-9dbf-abc3cb26f8e0/build]   | [INFO] Downloading from central: https://repo.maven.apache.org/maven2/org/codehaus/plexus/plexus-container-default/1.0-alpha-8/plexus-container-default-1.0-alpha-8.jar
[8f515977-66f4-427a-9dbf-abc3cb26f8e0/build]   | [INFO] Downloaded from central: https://repo.maven.apache.org/maven2/org/apache/maven/maven-plugin-api/2.0/maven-plugin-api-2.0.jar (10 kB at 175 kB/s)
[8f515977-66f4-427a-9dbf-abc3cb26f8e0/build]   | [INFO] Downloading from central: https://repo.maven.apache.org/maven2/junit/junit/3.8.1/junit-3.8.1.jar
[8f515977-66f4-427a-9dbf-abc3cb26f8e0/build]   | [INFO] Downloaded from central: https://repo.maven.apache.org/maven2/org/codehaus/plexus/plexus-utils/1.0.4/plexus-utils-1.0.4.jar (164 kB at 2.9 MB/s)
[8f515977-66f4-427a-9dbf-abc3cb26f8e0/build]   | [INFO] Downloading from central: https://repo.maven.apache.org/maven2/classworlds/classworlds/1.1-alpha-2/classworlds-1.1-alpha-2.jar
[8f515977-66f4-427a-9dbf-abc3cb26f8e0/build]   | [INFO] Downloaded from central: https://repo.maven.apache.org/maven2/org/apache/maven/maven-artifact/2.0/maven-artifact-2.0.jar (79 kB at 1.3 MB/s)
[8f515977-66f4-427a-9dbf-abc3cb26f8e0/build]   | [INFO] Downloading from central: https://repo.maven.apache.org/maven2/org/apache/maven/maven-model/2.0/maven-model-2.0.jar
[8f515977-66f4-427a-9dbf-abc3cb26f8e0/build]   | [INFO] Downloaded from central: https://repo.maven.apache.org/maven2/classworlds/classworlds/1.1-alpha-2/classworlds-1.1-alpha-2.jar (38 kB at 487 kB/s)
[8f515977-66f4-427a-9dbf-abc3cb26f8e0/build]   | [INFO] Downloaded from central: https://repo.maven.apache.org/maven2/org/apache/maven/maven-model/2.0/maven-model-2.0.jar (78 kB at 969 kB/s)
[8f515977-66f4-427a-9dbf-abc3cb26f8e0/build]   | [INFO] Downloaded from central: https://repo.maven.apache.org/maven2/org/codehaus/plexus/plexus-container-default/1.0-alpha-8/plexus-container-default-1.0-alpha-8.jar (195 kB at 2.2 MB/s)
[8f515977-66f4-427a-9dbf-abc3cb26f8e0/build]   | [INFO] Downloaded from central: https://repo.maven.apache.org/maven2/junit/junit/3.8.1/junit-3.8.1.jar (121 kB at 1.3 MB/s)
[8f515977-66f4-427a-9dbf-abc3cb26f8e0/build]   | [INFO] Downloaded from central: https://repo.maven.apache.org/maven2/org/apache/maven/maven-profile/2.0/maven-profile-2.0.jar (30 kB at 117 kB/s)
[8f515977-66f4-427a-9dbf-abc3cb26f8e0/build]   | [INFO] Using encoding: 'UTF-8' to copy filtered resources.
[8f515977-66f4-427a-9dbf-abc3cb26f8e0/build]   | [INFO] 
[8f515977-66f4-427a-9dbf-abc3cb26f8e0/build]   | [INFO] --- maven-compiler-plugin:2.0.2:compile (default-compile) @ invokebinder ---
[8f515977-66f4-427a-9dbf-abc3cb26f8e0/build]   | [INFO] Downloading from central: https://repo.maven.apache.org/maven2/org/codehaus/plexus/plexus-compiler-api/1.5.3/plexus-compiler-api-1.5.3.pom
[8f515977-66f4-427a-9dbf-abc3cb26f8e0/build]   | [INFO] Downloaded from central: https://repo.maven.apache.org/maven2/org/codehaus/plexus/plexus-compiler-api/1.5.3/plexus-compiler-api-1.5.3.pom (624 B at 37 kB/s)
[8f515977-66f4-427a-9dbf-abc3cb26f8e0/build]   | [INFO] Downloading from central: https://repo.maven.apache.org/maven2/org/codehaus/plexus/plexus-compiler/1.5.3/plexus-compiler-1.5.3.pom
[8f515977-66f4-427a-9dbf-abc3cb26f8e0/build]   | [INFO] Downloaded from central: https://repo.maven.apache.org/maven2/org/codehaus/plexus/plexus-compiler/1.5.3/plexus-compiler-1.5.3.pom (1.5 kB at 112 kB/s)
[8f515977-66f4-427a-9dbf-abc3cb26f8e0/build]   | [INFO] Downloading from central: https://repo.maven.apache.org/maven2/org/codehaus/plexus/plexus-compiler-manager/1.5.3/plexus-compiler-manager-1.5.3.pom
[8f515977-66f4-427a-9dbf-abc3cb26f8e0/build]   | [INFO] Downloaded from central: https://repo.maven.apache.org/maven2/org/codehaus/plexus/plexus-compiler-manager/1.5.3/plexus-compiler-manager-1.5.3.pom (634 B at 40 kB/s)
[8f515977-66f4-427a-9dbf-abc3cb26f8e0/build]   | [INFO] Downloading from central: https://repo.maven.apache.org/maven2/org/codehaus/plexus/plexus-compiler-javac/1.5.3/plexus-compiler-javac-1.5.3.pom
[8f515977-66f4-427a-9dbf-abc3cb26f8e0/build]   | [INFO] Downloaded from central: https://repo.maven.apache.org/maven2/org/codehaus/plexus/plexus-compiler-javac/1.5.3/plexus-compiler-javac-1.5.3.pom (797 B at 100 kB/s)
[8f515977-66f4-427a-9dbf-abc3cb26f8e0/build]   | [INFO] Downloading from central: https://repo.maven.apache.org/maven2/org/codehaus/plexus/plexus-compilers/1.5.3/plexus-compilers-1.5.3.pom
[8f515977-66f4-427a-9dbf-abc3cb26f8e0/build]   | [INFO] Downloaded from central: https://repo.maven.apache.org/maven2/org/codehaus/plexus/plexus-compilers/1.5.3/plexus-compilers-1.5.3.pom (7.6 kB at 196 kB/s)
[8f515977-66f4-427a-9dbf-abc3cb26f8e0/build]   | [INFO] Downloading from central: https://repo.maven.apache.org/maven2/org/codehaus/plexus/plexus-utils/1.0.5/plexus-utils-1.0.5.pom
[8f515977-66f4-427a-9dbf-abc3cb26f8e0/build]   | [INFO] Downloaded from central: https://repo.maven.apache.org/maven2/org/codehaus/plexus/plexus-utils/1.0.5/plexus-utils-1.0.5.pom (918 B at 21 kB/s)
[8f515977-66f4-427a-9dbf-abc3cb26f8e0/build]   | [INFO] Downloading from central: https://repo.maven.apache.org/maven2/org/codehaus/plexus/plexus-compiler-api/1.5.3/plexus-compiler-api-1.5.3.jar
[8f515977-66f4-427a-9dbf-abc3cb26f8e0/build]   | [INFO] Downloading from central: https://repo.maven.apache.org/maven2/org/codehaus/plexus/plexus-compiler-manager/1.5.3/plexus-compiler-manager-1.5.3.jar
[8f515977-66f4-427a-9dbf-abc3cb26f8e0/build]   | [INFO] Downloading from central: https://repo.maven.apache.org/maven2/org/codehaus/plexus/plexus-compiler-javac/1.5.3/plexus-compiler-javac-1.5.3.jar
[8f515977-66f4-427a-9dbf-abc3cb26f8e0/build]   | [INFO] Downloaded from central: https://repo.maven.apache.org/maven2/org/codehaus/plexus/plexus-compiler-javac/1.5.3/plexus-compiler-javac-1.5.3.jar (14 kB at 640 kB/s)
[8f515977-66f4-427a-9dbf-abc3cb26f8e0/build]   | [INFO] Downloaded from central: https://repo.maven.apache.org/maven2/org/codehaus/plexus/plexus-compiler-api/1.5.3/plexus-compiler-api-1.5.3.jar (20 kB at 795 kB/s)
[8f515977-66f4-427a-9dbf-abc3cb26f8e0/build]   | [INFO] Downloaded from central: https://repo.maven.apache.org/maven2/org/codehaus/plexus/plexus-compiler-manager/1.5.3/plexus-compiler-manager-1.5.3.jar (5.3 kB at 212 kB/s)
[8f515977-66f4-427a-9dbf-abc3cb26f8e0/build]   | [INFO] Nothing to compile - all classes are up to date
[8f515977-66f4-427a-9dbf-abc3cb26f8e0/build]   | [INFO] 
[8f515977-66f4-427a-9dbf-abc3cb26f8e0/build]   | [INFO] --- maven-resources-plugin:2.2:testResources (default-testResources) @ invokebinder ---
[8f515977-66f4-427a-9dbf-abc3cb26f8e0/build]   | [INFO] Using encoding: 'UTF-8' to copy filtered resources.
[8f515977-66f4-427a-9dbf-abc3cb26f8e0/build]   | [INFO] 
[8f515977-66f4-427a-9dbf-abc3cb26f8e0/build]   | [INFO] --- maven-compiler-plugin:2.0.2:testCompile (default-testCompile) @ invokebinder ---
[8f515977-66f4-427a-9dbf-abc3cb26f8e0/build]   | [INFO] Compiling 1 source file to /tmp/f2a43408-53a1-4c61-95df-40eceed8404b/target/test-classes
[8f515977-66f4-427a-9dbf-abc3cb26f8e0/build]   | [INFO] 
[8f515977-66f4-427a-9dbf-abc3cb26f8e0/build]   | [INFO] --- maven-surefire-plugin:2.12.4:test (default-test) @ invokebinder ---
[8f515977-66f4-427a-9dbf-abc3cb26f8e0/build]   | [INFO] Downloading from central: https://repo.maven.apache.org/maven2/org/apache/maven/surefire/surefire-booter/2.12.4/surefire-booter-2.12.4.pom
[8f515977-66f4-427a-9dbf-abc3cb26f8e0/build]   | [INFO] Downloaded from central: https://repo.maven.apache.org/maven2/org/apache/maven/surefire/surefire-booter/2.12.4/surefire-booter-2.12.4.pom (3.0 kB at 379 kB/s)
[8f515977-66f4-427a-9dbf-abc3cb26f8e0/build]   | [INFO] Downloading from central: https://repo.maven.apache.org/maven2/org/apache/maven/surefire/surefire-api/2.12.4/surefire-api-2.12.4.pom
[8f515977-66f4-427a-9dbf-abc3cb26f8e0/build]   | [INFO] Downloaded from central: https://repo.maven.apache.org/maven2/org/apache/maven/surefire/surefire-api/2.12.4/surefire-api-2.12.4.pom (2.5 kB at 125 kB/s)
[8f515977-66f4-427a-9dbf-abc3cb26f8e0/build]   | [INFO] Downloading from central: https://repo.maven.apache.org/maven2/org/apache/maven/surefire/maven-surefire-common/2.12.4/maven-surefire-common-2.12.4.pom
[8f515977-66f4-427a-9dbf-abc3cb26f8e0/build]   | [INFO] Downloaded from central: https://repo.maven.apache.org/maven2/org/apache/maven/surefire/maven-surefire-common/2.12.4/maven-surefire-common-2.12.4.pom (5.5 kB at 1.1 MB/s)
[8f515977-66f4-427a-9dbf-abc3cb26f8e0/build]   | [INFO] Downloading from central: https://repo.maven.apache.org/maven2/org/apache/maven/plugin-tools/maven-plugin-annotations/3.1/maven-plugin-annotations-3.1.pom
[8f515977-66f4-427a-9dbf-abc3cb26f8e0/build]   | [INFO] Downloaded from central: https://repo.maven.apache.org/maven2/org/apache/maven/plugin-tools/maven-plugin-annotations/3.1/maven-plugin-annotations-3.1.pom (1.6 kB at 43 kB/s)
[8f515977-66f4-427a-9dbf-abc3cb26f8e0/build]   | [INFO] Downloading from central: https://repo.maven.apache.org/maven2/org/apache/maven/plugin-tools/maven-plugin-tools/3.1/maven-plugin-tools-3.1.pom
[8f515977-66f4-427a-9dbf-abc3cb26f8e0/build]   | [INFO] Downloaded from central: https://repo.maven.apache.org/maven2/org/apache/maven/plugin-tools/maven-plugin-tools/3.1/maven-plugin-tools-3.1.pom (16 kB at 1.8 MB/s)
[8f515977-66f4-427a-9dbf-abc3cb26f8e0/build]   | [INFO] Downloading from central: https://repo.maven.apache.org/maven2/org/codehaus/plexus/plexus-utils/3.0.8/plexus-utils-3.0.8.pom
[8f515977-66f4-427a-9dbf-abc3cb26f8e0/build]   | [INFO] Downloaded from central: https://repo.maven.apache.org/maven2/org/codehaus/plexus/plexus-utils/3.0.8/plexus-utils-3.0.8.pom (3.1 kB at 98 kB/s)
[8f515977-66f4-427a-9dbf-abc3cb26f8e0/build]   | [INFO] Downloading from central: https://repo.maven.apache.org/maven2/org/codehaus/plexus/plexus/3.2/plexus-3.2.pom
[8f515977-66f4-427a-9dbf-abc3cb26f8e0/build]   | [INFO] Downloaded from central: https://repo.maven.apache.org/maven2/org/codehaus/plexus/plexus/3.2/plexus-3.2.pom (19 kB at 469 kB/s)
[8f515977-66f4-427a-9dbf-abc3cb26f8e0/build]   | [INFO] Downloading from central: https://repo.maven.apache.org/maven2/org/sonatype/spice/spice-parent/17/spice-parent-17.pom
[8f515977-66f4-427a-9dbf-abc3cb26f8e0/build]   | [INFO] Downloaded from central: https://repo.maven.apache.org/maven2/org/sonatype/spice/spice-parent/17/spice-parent-17.pom (6.8 kB at 966 kB/s)
[8f515977-66f4-427a-9dbf-abc3cb26f8e0/build]   | [INFO] Downloading from central: https://repo.maven.apache.org/maven2/org/sonatype/forge/forge-parent/10/forge-parent-10.pom
[8f515977-66f4-427a-9dbf-abc3cb26f8e0/build]   | [INFO] Downloaded from central: https://repo.maven.apache.org/maven2/org/sonatype/forge/forge-parent/10/forge-parent-10.pom (14 kB at 904 kB/s)
[8f515977-66f4-427a-9dbf-abc3cb26f8e0/build]   | [INFO] Downloading from central: https://repo.maven.apache.org/maven2/org/apache/maven/maven-toolchain/2.0.9/maven-toolchain-2.0.9.pom
[8f515977-66f4-427a-9dbf-abc3cb26f8e0/build]   | [INFO] Downloaded from central: https://repo.maven.apache.org/maven2/org/apache/maven/maven-toolchain/2.0.9/maven-toolchain-2.0.9.pom (3.5 kB at 99 kB/s)
[8f515977-66f4-427a-9dbf-abc3cb26f8e0/build]   | [INFO] Downloading from central: https://repo.maven.apache.org/maven2/org/apache/commons/commons-lang3/3.1/commons-lang3-3.1.pom
[8f515977-66f4-427a-9dbf-abc3cb26f8e0/build]   | [INFO] Downloaded from central: https://repo.maven.apache.org/maven2/org/apache/commons/commons-lang3/3.1/commons-lang3-3.1.pom (17 kB at 1.5 MB/s)
[8f515977-66f4-427a-9dbf-abc3cb26f8e0/build]   | [INFO] Downloading from central: https://repo.maven.apache.org/maven2/org/apache/commons/commons-parent/22/commons-parent-22.pom
[8f515977-66f4-427a-9dbf-abc3cb26f8e0/build]   | [INFO] Downloaded from central: https://repo.maven.apache.org/maven2/org/apache/commons/commons-parent/22/commons-parent-22.pom (42 kB at 3.5 MB/s)
[8f515977-66f4-427a-9dbf-abc3cb26f8e0/build]   | [INFO] Downloading from central: https://repo.maven.apache.org/maven2/org/apache/apache/9/apache-9.pom
[8f515977-66f4-427a-9dbf-abc3cb26f8e0/build]   | [INFO] Downloaded from central: https://repo.maven.apache.org/maven2/org/apache/apache/9/apache-9.pom (15 kB at 606 kB/s)
[8f515977-66f4-427a-9dbf-abc3cb26f8e0/build]   | [INFO] Downloading from central: https://repo.maven.apache.org/maven2/org/apache/maven/shared/maven-common-artifact-filters/1.3/maven-common-artifact-filters-1.3.pom
[8f515977-66f4-427a-9dbf-abc3cb26f8e0/build]   | [INFO] Downloaded from central: https://repo.maven.apache.org/maven2/org/apache/maven/shared/maven-common-artifact-filters/1.3/maven-common-artifact-filters-1.3.pom (3.7 kB at 161 kB/s)
[8f515977-66f4-427a-9dbf-abc3cb26f8e0/build]   | [INFO] Downloading from central: https://repo.maven.apache.org/maven2/org/apache/maven/shared/maven-shared-components/12/maven-shared-components-12.pom
[8f515977-66f4-427a-9dbf-abc3cb26f8e0/build]   | [INFO] Downloaded from central: https://repo.maven.apache.org/maven2/org/apache/maven/shared/maven-shared-components/12/maven-shared-components-12.pom (9.3 kB at 718 kB/s)
[8f515977-66f4-427a-9dbf-abc3cb26f8e0/build]   | [INFO] Downloading from central: https://repo.maven.apache.org/maven2/org/apache/maven/maven-parent/13/maven-parent-13.pom
[8f515977-66f4-427a-9dbf-abc3cb26f8e0/build]   | [INFO] Downloaded from central: https://repo.maven.apache.org/maven2/org/apache/maven/maven-parent/13/maven-parent-13.pom (23 kB at 943 kB/s)
[8f515977-66f4-427a-9dbf-abc3cb26f8e0/build]   | [INFO] Downloading from central: https://repo.maven.apache.org/maven2/org/apache/apache/6/apache-6.pom
[8f515977-66f4-427a-9dbf-abc3cb26f8e0/build]   | [INFO] Downloaded from central: https://repo.maven.apache.org/maven2/org/apache/apache/6/apache-6.pom (13 kB at 320 kB/s)
[8f515977-66f4-427a-9dbf-abc3cb26f8e0/build]   | [INFO] Downloading from central: https://repo.maven.apache.org/maven2/org/apache/maven/surefire/surefire-booter/2.12.4/surefire-booter-2.12.4.jar
[8f515977-66f4-427a-9dbf-abc3cb26f8e0/build]   | [INFO] Downloading from central: https://repo.maven.apache.org/maven2/org/apache/maven/surefire/surefire-api/2.12.4/surefire-api-2.12.4.jar
[8f515977-66f4-427a-9dbf-abc3cb26f8e0/build]   | [INFO] Downloading from central: https://repo.maven.apache.org/maven2/org/apache/maven/surefire/maven-surefire-common/2.12.4/maven-surefire-common-2.12.4.jar
[8f515977-66f4-427a-9dbf-abc3cb26f8e0/build]   | [INFO] Downloading from central: https://repo.maven.apache.org/maven2/org/apache/commons/commons-lang3/3.1/commons-lang3-3.1.jar
[8f515977-66f4-427a-9dbf-abc3cb26f8e0/build]   | [INFO] Downloading from central: https://repo.maven.apache.org/maven2/org/apache/maven/shared/maven-common-artifact-filters/1.3/maven-common-artifact-filters-1.3.jar
[8f515977-66f4-427a-9dbf-abc3cb26f8e0/build]   | [INFO] Downloaded from central: https://repo.maven.apache.org/maven2/org/apache/maven/surefire/surefire-booter/2.12.4/surefire-booter-2.12.4.jar (35 kB at 569 kB/s)
[8f515977-66f4-427a-9dbf-abc3cb26f8e0/build]   | [INFO] Downloading from central: https://repo.maven.apache.org/maven2/org/codehaus/plexus/plexus-utils/3.0.8/plexus-utils-3.0.8.jar
[8f515977-66f4-427a-9dbf-abc3cb26f8e0/build]   | [INFO] Downloaded from central: https://repo.maven.apache.org/maven2/org/apache/maven/surefire/surefire-api/2.12.4/surefire-api-2.12.4.jar (118 kB at 1.8 MB/s)
[8f515977-66f4-427a-9dbf-abc3cb26f8e0/build]   | [INFO] Downloading from central: https://repo.maven.apache.org/maven2/org/apache/maven/maven-toolchain/2.0.9/maven-toolchain-2.0.9.jar
[8f515977-66f4-427a-9dbf-abc3cb26f8e0/build]   | [INFO] Downloaded from central: https://repo.maven.apache.org/maven2/org/apache/maven/shared/maven-common-artifact-filters/1.3/maven-common-artifact-filters-1.3.jar (31 kB at 661 kB/s)
[8f515977-66f4-427a-9dbf-abc3cb26f8e0/build]   | [INFO] Downloading from central: https://repo.maven.apache.org/maven2/org/apache/maven/plugin-tools/maven-plugin-annotations/3.1/maven-plugin-annotations-3.1.jar
[8f515977-66f4-427a-9dbf-abc3cb26f8e0/build]   | [INFO] Downloaded from central: https://repo.maven.apache.org/maven2/org/apache/commons/commons-lang3/3.1/commons-lang3-3.1.jar (316 kB at 5.2 MB/s)
[8f515977-66f4-427a-9dbf-abc3cb26f8e0/build]   | [INFO] Downloaded from central: https://repo.maven.apache.org/maven2/org/apache/maven/plugin-tools/maven-plugin-annotations/3.1/maven-plugin-annotations-3.1.jar (14 kB at 255 kB/s)
[8f515977-66f4-427a-9dbf-abc3cb26f8e0/build]   | [INFO] Downloaded from central: https://repo.maven.apache.org/maven2/org/apache/maven/maven-toolchain/2.0.9/maven-toolchain-2.0.9.jar (38 kB at 633 kB/s)
[8f515977-66f4-427a-9dbf-abc3cb26f8e0/build]   | [INFO] Downloaded from central: https://repo.maven.apache.org/maven2/org/apache/maven/surefire/maven-surefire-common/2.12.4/maven-surefire-common-2.12.4.jar (263 kB at 2.5 MB/s)
[8f515977-66f4-427a-9dbf-abc3cb26f8e0/build]   | [INFO] Downloaded from central: https://repo.maven.apache.org/maven2/org/codehaus/plexus/plexus-utils/3.0.8/plexus-utils-3.0.8.jar (232 kB at 2.5 MB/s)
[8f515977-66f4-427a-9dbf-abc3cb26f8e0/build]   | [INFO] Surefire report directory: /tmp/f2a43408-53a1-4c61-95df-40eceed8404b/target/surefire-reports
[8f515977-66f4-427a-9dbf-abc3cb26f8e0/build]   | [INFO] Downloading from central: https://repo.maven.apache.org/maven2/org/apache/maven/surefire/surefire-junit4/2.12.4/surefire-junit4-2.12.4.pom
[8f515977-66f4-427a-9dbf-abc3cb26f8e0/build]   | [INFO] Downloaded from central: https://repo.maven.apache.org/maven2/org/apache/maven/surefire/surefire-junit4/2.12.4/surefire-junit4-2.12.4.pom (2.4 kB at 219 kB/s)
[8f515977-66f4-427a-9dbf-abc3cb26f8e0/build]   | [INFO] Downloading from central: https://repo.maven.apache.org/maven2/org/apache/maven/surefire/surefire-providers/2.12.4/surefire-providers-2.12.4.pom
[8f515977-66f4-427a-9dbf-abc3cb26f8e0/build]   | [INFO] Downloaded from central: https://repo.maven.apache.org/maven2/org/apache/maven/surefire/surefire-providers/2.12.4/surefire-providers-2.12.4.pom (2.3 kB at 391 kB/s)
[8f515977-66f4-427a-9dbf-abc3cb26f8e0/build]   | [INFO] Downloading from central: https://repo.maven.apache.org/maven2/org/apache/maven/surefire/surefire-junit4/2.12.4/surefire-junit4-2.12.4.jar
[8f515977-66f4-427a-9dbf-abc3cb26f8e0/build]   | [INFO] Downloaded from central: https://repo.maven.apache.org/maven2/org/apache/maven/surefire/surefire-junit4/2.12.4/surefire-junit4-2.12.4.jar (37 kB at 3.7 MB/s)
[8f515977-66f4-427a-9dbf-abc3cb26f8e0/build]   | 
[8f515977-66f4-427a-9dbf-abc3cb26f8e0/build]   | -------------------------------------------------------
[8f515977-66f4-427a-9dbf-abc3cb26f8e0/build]   |  T E S T S
[8f515977-66f4-427a-9dbf-abc3cb26f8e0/build]   | -------------------------------------------------------
[8f515977-66f4-427a-9dbf-abc3cb26f8e0/build]   | Running com.headius.invokebinder.SmartBinderTest
[8f515977-66f4-427a-9dbf-abc3cb26f8e0/build]   | Tests run: 9, Failures: 0, Errors: 0, Skipped: 0, Time elapsed: 0.121 sec
[8f515977-66f4-427a-9dbf-abc3cb26f8e0/build]   | Running com.headius.invokebinder.BinderTest
[8f515977-66f4-427a-9dbf-abc3cb26f8e0/build]   | (BinderTest,String)String
[8f515977-66f4-427a-9dbf-abc3cb26f8e0/build]   | Tests run: 54, Failures: 0, Errors: 0, Skipped: 0, Time elapsed: 0.087 sec
[8f515977-66f4-427a-9dbf-abc3cb26f8e0/build]   | Running com.headius.invokebinder.SignatureTest
[8f515977-66f4-427a-9dbf-abc3cb26f8e0/build]   | Tests run: 34, Failures: 1, Errors: 0, Skipped: 0, Time elapsed: 0.04 sec <<< FAILURE!
[8f515977-66f4-427a-9dbf-abc3cb26f8e0/build]   | testCollect(com.headius.invokebinder.SignatureTest)  Time elapsed: 0.004 sec  <<< FAILURE!
[8f515977-66f4-427a-9dbf-abc3cb26f8e0/build]   | java.lang.AssertionError: expected:<c> but was:<null>
[8f515977-66f4-427a-9dbf-abc3cb26f8e0/build]   | 	at org.junit.Assert.fail(Assert.java:93)
[8f515977-66f4-427a-9dbf-abc3cb26f8e0/build]   | 	at org.junit.Assert.failNotEquals(Assert.java:647)
[8f515977-66f4-427a-9dbf-abc3cb26f8e0/build]   | 	at org.junit.Assert.assertEquals(Assert.java:128)
[8f515977-66f4-427a-9dbf-abc3cb26f8e0/build]   | 	at org.junit.Assert.assertEquals(Assert.java:147)
[8f515977-66f4-427a-9dbf-abc3cb26f8e0/build]   | 	at com.headius.invokebinder.SignatureTest.testCollect(SignatureTest.java:379)
[8f515977-66f4-427a-9dbf-abc3cb26f8e0/build]   | 	at java.base/jdk.internal.reflect.NativeMethodAccessorImpl.invoke0(Native Method)
[8f515977-66f4-427a-9dbf-abc3cb26f8e0/build]   | 	at java.base/jdk.internal.reflect.NativeMethodAccessorImpl.invoke(NativeMethodAccessorImpl.java:62)
[8f515977-66f4-427a-9dbf-abc3cb26f8e0/build]   | 	at java.base/jdk.internal.reflect.DelegatingMethodAccessorImpl.invoke(DelegatingMethodAccessorImpl.java:43)
[8f515977-66f4-427a-9dbf-abc3cb26f8e0/build]   | 	at java.base/java.lang.reflect.Method.invoke(Method.java:566)
[8f515977-66f4-427a-9dbf-abc3cb26f8e0/build]   | 	at org.junit.runners.model.FrameworkMethod$1.runReflectiveCall(FrameworkMethod.java:44)
[8f515977-66f4-427a-9dbf-abc3cb26f8e0/build]   | 	at org.junit.internal.runners.model.ReflectiveCallable.run(ReflectiveCallable.java:15)
[8f515977-66f4-427a-9dbf-abc3cb26f8e0/build]   | 	at org.junit.runners.model.FrameworkMethod.invokeExplosively(FrameworkMethod.java:41)
[8f515977-66f4-427a-9dbf-abc3cb26f8e0/build]   | 	at org.junit.internal.runners.statements.InvokeMethod.evaluate(InvokeMethod.java:20)
[8f515977-66f4-427a-9dbf-abc3cb26f8e0/build]   | 	at org.junit.internal.runners.statements.RunBefores.evaluate(RunBefores.java:28)
[8f515977-66f4-427a-9dbf-abc3cb26f8e0/build]   | 	at org.junit.internal.runners.statements.RunAfters.evaluate(RunAfters.java:31)
[8f515977-66f4-427a-9dbf-abc3cb26f8e0/build]   | 	at org.junit.runners.ParentRunner.runLeaf(ParentRunner.java:263)
[8f515977-66f4-427a-9dbf-abc3cb26f8e0/build]   | 	at org.junit.runners.BlockJUnit4ClassRunner.runChild(BlockJUnit4ClassRunner.java:69)
[8f515977-66f4-427a-9dbf-abc3cb26f8e0/build]   | 	at org.junit.runners.BlockJUnit4ClassRunner.runChild(BlockJUnit4ClassRunner.java:48)
[8f515977-66f4-427a-9dbf-abc3cb26f8e0/build]   | 	at org.junit.runners.ParentRunner$3.run(ParentRunner.java:231)
[8f515977-66f4-427a-9dbf-abc3cb26f8e0/build]   | 	at org.junit.runners.ParentRunner$1.schedule(ParentRunner.java:60)
[8f515977-66f4-427a-9dbf-abc3cb26f8e0/build]   | 	at org.junit.runners.ParentRunner.runChildren(ParentRunner.java:229)
[8f515977-66f4-427a-9dbf-abc3cb26f8e0/build]   | 	at org.junit.runners.ParentRunner.access$000(ParentRunner.java:50)
[8f515977-66f4-427a-9dbf-abc3cb26f8e0/build]   | 	at org.junit.runners.ParentRunner$2.evaluate(ParentRunner.java:222)
[8f515977-66f4-427a-9dbf-abc3cb26f8e0/build]   | 	at org.junit.internal.runners.statements.RunBefores.evaluate(RunBefores.java:28)
[8f515977-66f4-427a-9dbf-abc3cb26f8e0/build]   | 	at org.junit.internal.runners.statements.RunAfters.evaluate(RunAfters.java:31)
[8f515977-66f4-427a-9dbf-abc3cb26f8e0/build]   | 	at org.junit.runners.ParentRunner.run(ParentRunner.java:292)
[8f515977-66f4-427a-9dbf-abc3cb26f8e0/build]   | 	at org.apache.maven.surefire.junit4.JUnit4Provider.execute(JUnit4Provider.java:252)
[8f515977-66f4-427a-9dbf-abc3cb26f8e0/build]   | 	at org.apache.maven.surefire.junit4.JUnit4Provider.executeTestSet(JUnit4Provider.java:141)
[8f515977-66f4-427a-9dbf-abc3cb26f8e0/build]   | 	at org.apache.maven.surefire.junit4.JUnit4Provider.invoke(JUnit4Provider.java:112)
[8f515977-66f4-427a-9dbf-abc3cb26f8e0/build]   | 	at java.base/jdk.internal.reflect.NativeMethodAccessorImpl.invoke0(Native Method)
[8f515977-66f4-427a-9dbf-abc3cb26f8e0/build]   | 	at java.base/jdk.internal.reflect.NativeMethodAccessorImpl.invoke(NativeMethodAccessorImpl.java:62)
[8f515977-66f4-427a-9dbf-abc3cb26f8e0/build]   | 	at java.base/jdk.internal.reflect.DelegatingMethodAccessorImpl.invoke(DelegatingMethodAccessorImpl.java:43)
[8f515977-66f4-427a-9dbf-abc3cb26f8e0/build]   | 	at java.base/java.lang.reflect.Method.invoke(Method.java:566)
[8f515977-66f4-427a-9dbf-abc3cb26f8e0/build]   | 	at org.apache.maven.surefire.util.ReflectionUtils.invokeMethodWithArray(ReflectionUtils.java:189)
[8f515977-66f4-427a-9dbf-abc3cb26f8e0/build]   | 	at org.apache.maven.surefire.booter.ProviderFactory$ProviderProxy.invoke(ProviderFactory.java:165)
[8f515977-66f4-427a-9dbf-abc3cb26f8e0/build]   | 	at org.apache.maven.surefire.booter.ProviderFactory.invokeProvider(ProviderFactory.java:85)
[8f515977-66f4-427a-9dbf-abc3cb26f8e0/build]   | 	at org.apache.maven.surefire.booter.ForkedBooter.runSuitesInProcess(ForkedBooter.java:115)
[8f515977-66f4-427a-9dbf-abc3cb26f8e0/build]   | 	at org.apache.maven.surefire.booter.ForkedBooter.main(ForkedBooter.java:75)
[8f515977-66f4-427a-9dbf-abc3cb26f8e0/build]   | 
[8f515977-66f4-427a-9dbf-abc3cb26f8e0/build]   | 
[8f515977-66f4-427a-9dbf-abc3cb26f8e0/build]   | Results :
[8f515977-66f4-427a-9dbf-abc3cb26f8e0/build]   | 
[8f515977-66f4-427a-9dbf-abc3cb26f8e0/build]   | Failed tests:   testCollect(com.headius.invokebinder.SignatureTest): expected:<c> but was:<null>
[8f515977-66f4-427a-9dbf-abc3cb26f8e0/build]   | 
[8f515977-66f4-427a-9dbf-abc3cb26f8e0/build]   | Tests run: 97, Failures: 1, Errors: 0, Skipped: 0
[8f515977-66f4-427a-9dbf-abc3cb26f8e0/build]   | 
[8f515977-66f4-427a-9dbf-abc3cb26f8e0/build]   | [INFO] ------------------------------------------------------------------------
[8f515977-66f4-427a-9dbf-abc3cb26f8e0/build]   | [INFO] BUILD FAILURE
[8f515977-66f4-427a-9dbf-abc3cb26f8e0/build]   | [INFO] ------------------------------------------------------------------------
[8f515977-66f4-427a-9dbf-abc3cb26f8e0/build]   | [INFO] Total time:  6.747 s
[8f515977-66f4-427a-9dbf-abc3cb26f8e0/build]   | [INFO] Finished at: 2023-07-12T20:12:40Z
[8f515977-66f4-427a-9dbf-abc3cb26f8e0/build]   | [INFO] ------------------------------------------------------------------------
[8f515977-66f4-427a-9dbf-abc3cb26f8e0/build]   | [ERROR] Failed to execute goal org.apache.maven.plugins:maven-surefire-plugin:2.12.4:test (default-test) on project invokebinder: There are test failures.
[8f515977-66f4-427a-9dbf-abc3cb26f8e0/build]   | [ERROR] 
[8f515977-66f4-427a-9dbf-abc3cb26f8e0/build]   | [ERROR] Please refer to /tmp/f2a43408-53a1-4c61-95df-40eceed8404b/target/surefire-reports for the individual test results.
[8f515977-66f4-427a-9dbf-abc3cb26f8e0/build]   | [ERROR] -> [Help 1]
[8f515977-66f4-427a-9dbf-abc3cb26f8e0/build]   | [ERROR] 
[8f515977-66f4-427a-9dbf-abc3cb26f8e0/build]   | [ERROR] To see the full stack trace of the errors, re-run Maven with the -e switch.
[8f515977-66f4-427a-9dbf-abc3cb26f8e0/build]   | [ERROR] Re-run Maven using the -X switch to enable full debug logging.
[8f515977-66f4-427a-9dbf-abc3cb26f8e0/build]   | [ERROR] 
[8f515977-66f4-427a-9dbf-abc3cb26f8e0/build]   | [ERROR] For more information about the errors and possible solutions, please read the following articles:
[8f515977-66f4-427a-9dbf-abc3cb26f8e0/build]   | [ERROR] [Help 1] http://cwiki.apache.org/confluence/display/MAVEN/MojoFailureException
[8f515977-66f4-427a-9dbf-abc3cb26f8e0/build]   ‚ùå  Failure - Main Build with Maven
[8f515977-66f4-427a-9dbf-abc3cb26f8e0/build] exitcode '1': failure
[8f515977-66f4-427a-9dbf-abc3cb26f8e0/build] unable to get git ref: failed to identify reference (tag/branch) for the checked-out revision '9c59df375fcd1999ab625353bd5361ab65dc9bfc'
[8f515977-66f4-427a-9dbf-abc3cb26f8e0/build] unable to get git ref: failed to identify reference (tag/branch) for the checked-out revision '9c59df375fcd1999ab625353bd5361ab65dc9bfc'
[8f515977-66f4-427a-9dbf-abc3cb26f8e0/build] unable to get git ref: failed to identify reference (tag/branch) for the checked-out revision '9c59df375fcd1999ab625353bd5361ab65dc9bfc'
[8f515977-66f4-427a-9dbf-abc3cb26f8e0/build] unable to get git ref: failed to identify reference (tag/branch) for the checked-out revision '9c59df375fcd1999ab625353bd5361ab65dc9bfc'
[8f515977-66f4-427a-9dbf-abc3cb26f8e0/build] unable to get git ref: failed to identify reference (tag/branch) for the checked-out revision '9c59df375fcd1999ab625353bd5361ab65dc9bfc'
[8f515977-66f4-427a-9dbf-abc3cb26f8e0/build] unable to get git ref: failed to identify reference (tag/branch) for the checked-out revision '9c59df375fcd1999ab625353bd5361ab65dc9bfc'
[8f515977-66f4-427a-9dbf-abc3cb26f8e0/build] unable to get git ref: failed to identify reference (tag/branch) for the checked-out revision '9c59df375fcd1999ab625353bd5361ab65dc9bfc'
[8f515977-66f4-427a-9dbf-abc3cb26f8e0/build] unable to get git ref: failed to identify reference (tag/branch) for the checked-out revision '9c59df375fcd1999ab625353bd5361ab65dc9bfc'
[8f515977-66f4-427a-9dbf-abc3cb26f8e0/build] unable to get git ref: failed to identify reference (tag/branch) for the checked-out revision '9c59df375fcd1999ab625353bd5361ab65dc9bfc'
[8f515977-66f4-427a-9dbf-abc3cb26f8e0/build] unable to get git ref: failed to identify reference (tag/branch) for the checked-out revision '9c59df375fcd1999ab625353bd5361ab65dc9bfc'
[8f515977-66f4-427a-9dbf-abc3cb26f8e0/build] ‚≠ê Run Post Set up JDK 11
[8f515977-66f4-427a-9dbf-abc3cb26f8e0/build]   üê≥  docker exec cmd=[node /var/run/act/actions/actions-setup-java@v3/dist/cleanup/index.js] user= workdir=
[8f515977-66f4-427a-9dbf-abc3cb26f8e0/build]   üöß  ::warning::Error retrieving key from state.
[8f515977-66f4-427a-9dbf-abc3cb26f8e0/build]   ‚úÖ  Success - Post Set up JDK 11
[8f515977-66f4-427a-9dbf-abc3cb26f8e0/build] üèÅ  Job failed
[8f515977-66f4-427a-9dbf-abc3cb26f8e0/build] unable to get git ref: failed to identify reference (tag/branch) for the checked-out revision '9c59df375fcd1999ab625353bd5361ab65dc9bfc'
