[63515b6e-afee-4bdc-80dd-b2465ebb195a/Java 8 on ubuntu-latest] üöÄ  Start image=crawlergpt:latest
[63515b6e-afee-4bdc-80dd-b2465ebb195a/Java 8 on ubuntu-latest]   üê≥  docker pull image=crawlergpt:latest platform= username= forcePull=false
[63515b6e-afee-4bdc-80dd-b2465ebb195a/Java 8 on ubuntu-latest]   üê≥  docker create image=crawlergpt:latest platform= entrypoint=["tail" "-f" "/dev/null"] cmd=[]
[63515b6e-afee-4bdc-80dd-b2465ebb195a/Java 8 on ubuntu-latest]   üê≥  docker run image=crawlergpt:latest platform= entrypoint=["tail" "-f" "/dev/null"] cmd=[]
[63515b6e-afee-4bdc-80dd-b2465ebb195a/Java 8 on ubuntu-latest]   üê≥  docker exec cmd=[chown -R 1012:1013 /tmp/3c10d7a9-f05d-4ac0-b9d8-73b4af8311ff] user=0 workdir=
[63515b6e-afee-4bdc-80dd-b2465ebb195a/Java 8 on ubuntu-latest] unable to get git ref: failed to identify reference (tag/branch) for the checked-out revision 'b2114c7d5a0a001ccccf8e1498c54d0b3e5c9016'
[63515b6e-afee-4bdc-80dd-b2465ebb195a/Java 8 on ubuntu-latest] unable to get git ref: failed to identify reference (tag/branch) for the checked-out revision 'b2114c7d5a0a001ccccf8e1498c54d0b3e5c9016'
[63515b6e-afee-4bdc-80dd-b2465ebb195a/Java 8 on ubuntu-latest] unable to get git ref: failed to identify reference (tag/branch) for the checked-out revision 'b2114c7d5a0a001ccccf8e1498c54d0b3e5c9016'
[63515b6e-afee-4bdc-80dd-b2465ebb195a/Java 8 on ubuntu-latest] unable to get git ref: failed to identify reference (tag/branch) for the checked-out revision 'b2114c7d5a0a001ccccf8e1498c54d0b3e5c9016'
[63515b6e-afee-4bdc-80dd-b2465ebb195a/Java 8 on ubuntu-latest] üß™  Matrix: map[java:8 os:ubuntu-latest]
[63515b6e-afee-4bdc-80dd-b2465ebb195a/Java 8 on ubuntu-latest] unable to get git ref: failed to identify reference (tag/branch) for the checked-out revision 'b2114c7d5a0a001ccccf8e1498c54d0b3e5c9016'
[63515b6e-afee-4bdc-80dd-b2465ebb195a/Java 8 on ubuntu-latest] unable to get git ref: failed to identify reference (tag/branch) for the checked-out revision 'b2114c7d5a0a001ccccf8e1498c54d0b3e5c9016'
[63515b6e-afee-4bdc-80dd-b2465ebb195a/Java 8 on ubuntu-latest] unable to get git ref: failed to identify reference (tag/branch) for the checked-out revision 'b2114c7d5a0a001ccccf8e1498c54d0b3e5c9016'
[63515b6e-afee-4bdc-80dd-b2465ebb195a/Java 8 on ubuntu-latest] unable to get git ref: failed to identify reference (tag/branch) for the checked-out revision 'b2114c7d5a0a001ccccf8e1498c54d0b3e5c9016'
[63515b6e-afee-4bdc-80dd-b2465ebb195a/Java 8 on ubuntu-latest] unable to get git ref: failed to identify reference (tag/branch) for the checked-out revision 'b2114c7d5a0a001ccccf8e1498c54d0b3e5c9016'
[63515b6e-afee-4bdc-80dd-b2465ebb195a/Java 8 on ubuntu-latest] unable to get git ref: failed to identify reference (tag/branch) for the checked-out revision 'b2114c7d5a0a001ccccf8e1498c54d0b3e5c9016'
[63515b6e-afee-4bdc-80dd-b2465ebb195a/Java 8 on ubuntu-latest] ‚≠ê Run Main actions/checkout@v2
[63515b6e-afee-4bdc-80dd-b2465ebb195a/Java 8 on ubuntu-latest] unable to get git ref: failed to identify reference (tag/branch) for the checked-out revision 'b2114c7d5a0a001ccccf8e1498c54d0b3e5c9016'
[63515b6e-afee-4bdc-80dd-b2465ebb195a/Java 8 on ubuntu-latest]   ‚úÖ  Success - Main actions/checkout@v2
[63515b6e-afee-4bdc-80dd-b2465ebb195a/Java 8 on ubuntu-latest] unable to get git ref: failed to identify reference (tag/branch) for the checked-out revision 'b2114c7d5a0a001ccccf8e1498c54d0b3e5c9016'
[63515b6e-afee-4bdc-80dd-b2465ebb195a/Java 8 on ubuntu-latest] unable to get git ref: failed to identify reference (tag/branch) for the checked-out revision 'b2114c7d5a0a001ccccf8e1498c54d0b3e5c9016'
[63515b6e-afee-4bdc-80dd-b2465ebb195a/Java 8 on ubuntu-latest] unable to get git ref: failed to identify reference (tag/branch) for the checked-out revision 'b2114c7d5a0a001ccccf8e1498c54d0b3e5c9016'
[63515b6e-afee-4bdc-80dd-b2465ebb195a/Java 8 on ubuntu-latest] unable to get git ref: failed to identify reference (tag/branch) for the checked-out revision 'b2114c7d5a0a001ccccf8e1498c54d0b3e5c9016'
[63515b6e-afee-4bdc-80dd-b2465ebb195a/Java 8 on ubuntu-latest] unable to get git ref: failed to identify reference (tag/branch) for the checked-out revision 'b2114c7d5a0a001ccccf8e1498c54d0b3e5c9016'
[63515b6e-afee-4bdc-80dd-b2465ebb195a/Java 8 on ubuntu-latest] ‚≠ê Run Main Setup Java
[63515b6e-afee-4bdc-80dd-b2465ebb195a/Java 8 on ubuntu-latest] unable to get git ref: failed to identify reference (tag/branch) for the checked-out revision 'b2114c7d5a0a001ccccf8e1498c54d0b3e5c9016'
[63515b6e-afee-4bdc-80dd-b2465ebb195a/Java 8 on ubuntu-latest] unable to get git ref: failed to identify reference (tag/branch) for the checked-out revision 'b2114c7d5a0a001ccccf8e1498c54d0b3e5c9016'
[63515b6e-afee-4bdc-80dd-b2465ebb195a/Java 8 on ubuntu-latest] unable to get git ref: failed to identify reference (tag/branch) for the checked-out revision 'b2114c7d5a0a001ccccf8e1498c54d0b3e5c9016'
[63515b6e-afee-4bdc-80dd-b2465ebb195a/Java 8 on ubuntu-latest]   üê≥  docker cp src=/tmp/act-cache/4a3db368-0773-4904-b881-65fbb00ca7ea/act/actions-setup-java@v2/ dst=/var/run/act/actions/actions-setup-java@v2/
[63515b6e-afee-4bdc-80dd-b2465ebb195a/Java 8 on ubuntu-latest]   üê≥  docker exec cmd=[chown -R 1012:1013 /var/run/act/actions/actions-setup-java@v2/] user=0 workdir=
[63515b6e-afee-4bdc-80dd-b2465ebb195a/Java 8 on ubuntu-latest]   üê≥  docker exec cmd=[node /var/run/act/actions/actions-setup-java@v2/dist/setup/index.js] user= workdir=
[63515b6e-afee-4bdc-80dd-b2465ebb195a/Java 8 on ubuntu-latest]   üí¨  ::debug::isExplicit: 11.0.11-9
[63515b6e-afee-4bdc-80dd-b2465ebb195a/Java 8 on ubuntu-latest]   üí¨  ::debug::explicit? true
[63515b6e-afee-4bdc-80dd-b2465ebb195a/Java 8 on ubuntu-latest]   üí¨  ::debug::isExplicit: 8.0.292-1
[63515b6e-afee-4bdc-80dd-b2465ebb195a/Java 8 on ubuntu-latest]   üí¨  ::debug::explicit? true
[63515b6e-afee-4bdc-80dd-b2465ebb195a/Java 8 on ubuntu-latest]   | Resolved Java 8.0.292+1 from tool-cache
[63515b6e-afee-4bdc-80dd-b2465ebb195a/Java 8 on ubuntu-latest]   | Setting Java 8.0.292+1 as the default
[63515b6e-afee-4bdc-80dd-b2465ebb195a/Java 8 on ubuntu-latest]   | 
[63515b6e-afee-4bdc-80dd-b2465ebb195a/Java 8 on ubuntu-latest]   | Java configuration:
[63515b6e-afee-4bdc-80dd-b2465ebb195a/Java 8 on ubuntu-latest]   |   Distribution: adopt
[63515b6e-afee-4bdc-80dd-b2465ebb195a/Java 8 on ubuntu-latest]   |   Version: 8.0.292+1
[63515b6e-afee-4bdc-80dd-b2465ebb195a/Java 8 on ubuntu-latest]   |   Path: /opt/hostedtoolcache/Java_Adopt_jdk/8.0.292-1/x64
[63515b6e-afee-4bdc-80dd-b2465ebb195a/Java 8 on ubuntu-latest]   | 
[63515b6e-afee-4bdc-80dd-b2465ebb195a/Java 8 on ubuntu-latest]   ‚ùì add-matcher /run/act/actions/actions-setup-java@v2/.github/java.json
[63515b6e-afee-4bdc-80dd-b2465ebb195a/Java 8 on ubuntu-latest]   | Creating settings.xml with server-id: github
[63515b6e-afee-4bdc-80dd-b2465ebb195a/Java 8 on ubuntu-latest]   | Writing to /home/runneradmin/.m2/settings.xml
[63515b6e-afee-4bdc-80dd-b2465ebb195a/Java 8 on ubuntu-latest]   ‚úÖ  Success - Main Setup Java
[63515b6e-afee-4bdc-80dd-b2465ebb195a/Java 8 on ubuntu-latest]   ‚öô  ::set-env:: JAVA_HOME=/opt/hostedtoolcache/Java_Adopt_jdk/8.0.292-1/x64
[63515b6e-afee-4bdc-80dd-b2465ebb195a/Java 8 on ubuntu-latest]   ‚öô  ::set-output:: version=8.0.292+1
[63515b6e-afee-4bdc-80dd-b2465ebb195a/Java 8 on ubuntu-latest]   ‚öô  ::set-output:: distribution=Adopt-Hotspot
[63515b6e-afee-4bdc-80dd-b2465ebb195a/Java 8 on ubuntu-latest]   ‚öô  ::set-output:: path=/opt/hostedtoolcache/Java_Adopt_jdk/8.0.292-1/x64
[63515b6e-afee-4bdc-80dd-b2465ebb195a/Java 8 on ubuntu-latest]   ‚öô  ::add-path:: /opt/hostedtoolcache/Java_Adopt_jdk/8.0.292-1/x64/bin
[63515b6e-afee-4bdc-80dd-b2465ebb195a/Java 8 on ubuntu-latest] unable to get git ref: failed to identify reference (tag/branch) for the checked-out revision 'b2114c7d5a0a001ccccf8e1498c54d0b3e5c9016'
[63515b6e-afee-4bdc-80dd-b2465ebb195a/Java 8 on ubuntu-latest] unable to get git ref: failed to identify reference (tag/branch) for the checked-out revision 'b2114c7d5a0a001ccccf8e1498c54d0b3e5c9016'
[63515b6e-afee-4bdc-80dd-b2465ebb195a/Java 8 on ubuntu-latest] unable to get git ref: failed to identify reference (tag/branch) for the checked-out revision 'b2114c7d5a0a001ccccf8e1498c54d0b3e5c9016'
[63515b6e-afee-4bdc-80dd-b2465ebb195a/Java 8 on ubuntu-latest] unable to get git ref: failed to identify reference (tag/branch) for the checked-out revision 'b2114c7d5a0a001ccccf8e1498c54d0b3e5c9016'
[63515b6e-afee-4bdc-80dd-b2465ebb195a/Java 8 on ubuntu-latest] unable to get git ref: failed to identify reference (tag/branch) for the checked-out revision 'b2114c7d5a0a001ccccf8e1498c54d0b3e5c9016'
[63515b6e-afee-4bdc-80dd-b2465ebb195a/Java 8 on ubuntu-latest] ‚≠ê Run Main Show version
[63515b6e-afee-4bdc-80dd-b2465ebb195a/Java 8 on ubuntu-latest] unable to get git ref: failed to identify reference (tag/branch) for the checked-out revision 'b2114c7d5a0a001ccccf8e1498c54d0b3e5c9016'
[63515b6e-afee-4bdc-80dd-b2465ebb195a/Java 8 on ubuntu-latest] unable to get git ref: failed to identify reference (tag/branch) for the checked-out revision 'b2114c7d5a0a001ccccf8e1498c54d0b3e5c9016'
[63515b6e-afee-4bdc-80dd-b2465ebb195a/Java 8 on ubuntu-latest] unable to get git ref: failed to identify reference (tag/branch) for the checked-out revision 'b2114c7d5a0a001ccccf8e1498c54d0b3e5c9016'
[63515b6e-afee-4bdc-80dd-b2465ebb195a/Java 8 on ubuntu-latest] unable to get git ref: failed to identify reference (tag/branch) for the checked-out revision 'b2114c7d5a0a001ccccf8e1498c54d0b3e5c9016'
[63515b6e-afee-4bdc-80dd-b2465ebb195a/Java 8 on ubuntu-latest]   üê≥  docker exec cmd=[bash --noprofile --norc -e -o pipefail /var/run/act/workflow/2] user= workdir=
[63515b6e-afee-4bdc-80dd-b2465ebb195a/Java 8 on ubuntu-latest]   | Apache Maven 3.8.2 (ea98e05a04480131370aa0c110b8c54cf726c06f)
[63515b6e-afee-4bdc-80dd-b2465ebb195a/Java 8 on ubuntu-latest]   | Maven home: /usr/share/apache-maven-3.8.2
[63515b6e-afee-4bdc-80dd-b2465ebb195a/Java 8 on ubuntu-latest]   | Java version: 1.8.0_292, vendor: AdoptOpenJDK, runtime: /usr/lib/jvm/adoptopenjdk-8-hotspot-amd64/jre
[63515b6e-afee-4bdc-80dd-b2465ebb195a/Java 8 on ubuntu-latest]   | Default locale: en, platform encoding: UTF-8
[63515b6e-afee-4bdc-80dd-b2465ebb195a/Java 8 on ubuntu-latest]   | OS name: "linux", version: "5.4.0-146-generic", arch: "amd64", family: "unix"
[63515b6e-afee-4bdc-80dd-b2465ebb195a/Java 8 on ubuntu-latest]   ‚úÖ  Success - Main Show version
[63515b6e-afee-4bdc-80dd-b2465ebb195a/Java 8 on ubuntu-latest] unable to get git ref: failed to identify reference (tag/branch) for the checked-out revision 'b2114c7d5a0a001ccccf8e1498c54d0b3e5c9016'
[63515b6e-afee-4bdc-80dd-b2465ebb195a/Java 8 on ubuntu-latest] unable to get git ref: failed to identify reference (tag/branch) for the checked-out revision 'b2114c7d5a0a001ccccf8e1498c54d0b3e5c9016'
[63515b6e-afee-4bdc-80dd-b2465ebb195a/Java 8 on ubuntu-latest] unable to get git ref: failed to identify reference (tag/branch) for the checked-out revision 'b2114c7d5a0a001ccccf8e1498c54d0b3e5c9016'
[63515b6e-afee-4bdc-80dd-b2465ebb195a/Java 8 on ubuntu-latest] unable to get git ref: failed to identify reference (tag/branch) for the checked-out revision 'b2114c7d5a0a001ccccf8e1498c54d0b3e5c9016'
[63515b6e-afee-4bdc-80dd-b2465ebb195a/Java 8 on ubuntu-latest] unable to get git ref: failed to identify reference (tag/branch) for the checked-out revision 'b2114c7d5a0a001ccccf8e1498c54d0b3e5c9016'
[63515b6e-afee-4bdc-80dd-b2465ebb195a/Java 8 on ubuntu-latest] ‚≠ê Run Main Cache Maven packages
[63515b6e-afee-4bdc-80dd-b2465ebb195a/Java 8 on ubuntu-latest] unable to get git ref: failed to identify reference (tag/branch) for the checked-out revision 'b2114c7d5a0a001ccccf8e1498c54d0b3e5c9016'
[63515b6e-afee-4bdc-80dd-b2465ebb195a/Java 8 on ubuntu-latest] unable to get git ref: failed to identify reference (tag/branch) for the checked-out revision 'b2114c7d5a0a001ccccf8e1498c54d0b3e5c9016'
[63515b6e-afee-4bdc-80dd-b2465ebb195a/Java 8 on ubuntu-latest] unable to get git ref: failed to identify reference (tag/branch) for the checked-out revision 'b2114c7d5a0a001ccccf8e1498c54d0b3e5c9016'
[63515b6e-afee-4bdc-80dd-b2465ebb195a/Java 8 on ubuntu-latest]   üê≥  docker cp src=/tmp/act-cache/4a3db368-0773-4904-b881-65fbb00ca7ea/act/actions-cache@v1/ dst=/var/run/act/actions/actions-cache@v1/
[63515b6e-afee-4bdc-80dd-b2465ebb195a/Java 8 on ubuntu-latest]   üê≥  docker exec cmd=[chown -R 1012:1013 /var/run/act/actions/actions-cache@v1/] user=0 workdir=
[63515b6e-afee-4bdc-80dd-b2465ebb195a/Java 8 on ubuntu-latest]   üê≥  docker exec cmd=[node /var/run/act/actions/actions-cache@v1/dist/restore/index.js] user= workdir=
[63515b6e-afee-4bdc-80dd-b2465ebb195a/Java 8 on ubuntu-latest]   üí¨  ::debug::Cache Path: /home/runneradmin/.m2/repository
[63515b6e-afee-4bdc-80dd-b2465ebb195a/Java 8 on ubuntu-latest]   üí¨  ::debug::Resolved Keys:
[63515b6e-afee-4bdc-80dd-b2465ebb195a/Java 8 on ubuntu-latest]   üí¨  ::debug::["Linux-m2","Linux-m2"]
[63515b6e-afee-4bdc-80dd-b2465ebb195a/Java 8 on ubuntu-latest]   üí¨  ::debug::getCacheEntry - Attempt 1 of 2 failed with error: Cache Service Url not found, unable to restore cache.
[63515b6e-afee-4bdc-80dd-b2465ebb195a/Java 8 on ubuntu-latest]   üí¨  ::debug::getCacheEntry - Attempt 2 of 2 failed with error: Cache Service Url not found, unable to restore cache.
[63515b6e-afee-4bdc-80dd-b2465ebb195a/Java 8 on ubuntu-latest]   | [warning]getCacheEntry failed: Cache Service Url not found, unable to restore cache.
[63515b6e-afee-4bdc-80dd-b2465ebb195a/Java 8 on ubuntu-latest]   ‚úÖ  Success - Main Cache Maven packages
[63515b6e-afee-4bdc-80dd-b2465ebb195a/Java 8 on ubuntu-latest]   ‚öô  ::set-output:: cache-hit=false
[63515b6e-afee-4bdc-80dd-b2465ebb195a/Java 8 on ubuntu-latest] unable to get git ref: failed to identify reference (tag/branch) for the checked-out revision 'b2114c7d5a0a001ccccf8e1498c54d0b3e5c9016'
[63515b6e-afee-4bdc-80dd-b2465ebb195a/Java 8 on ubuntu-latest] unable to get git ref: failed to identify reference (tag/branch) for the checked-out revision 'b2114c7d5a0a001ccccf8e1498c54d0b3e5c9016'
[63515b6e-afee-4bdc-80dd-b2465ebb195a/Java 8 on ubuntu-latest] unable to get git ref: failed to identify reference (tag/branch) for the checked-out revision 'b2114c7d5a0a001ccccf8e1498c54d0b3e5c9016'
[63515b6e-afee-4bdc-80dd-b2465ebb195a/Java 8 on ubuntu-latest] unable to get git ref: failed to identify reference (tag/branch) for the checked-out revision 'b2114c7d5a0a001ccccf8e1498c54d0b3e5c9016'
[63515b6e-afee-4bdc-80dd-b2465ebb195a/Java 8 on ubuntu-latest] unable to get git ref: failed to identify reference (tag/branch) for the checked-out revision 'b2114c7d5a0a001ccccf8e1498c54d0b3e5c9016'
[63515b6e-afee-4bdc-80dd-b2465ebb195a/Java 8 on ubuntu-latest] ‚≠ê Run Main Test with Maven
[63515b6e-afee-4bdc-80dd-b2465ebb195a/Java 8 on ubuntu-latest] unable to get git ref: failed to identify reference (tag/branch) for the checked-out revision 'b2114c7d5a0a001ccccf8e1498c54d0b3e5c9016'
[63515b6e-afee-4bdc-80dd-b2465ebb195a/Java 8 on ubuntu-latest] unable to get git ref: failed to identify reference (tag/branch) for the checked-out revision 'b2114c7d5a0a001ccccf8e1498c54d0b3e5c9016'
[63515b6e-afee-4bdc-80dd-b2465ebb195a/Java 8 on ubuntu-latest] unable to get git ref: failed to identify reference (tag/branch) for the checked-out revision 'b2114c7d5a0a001ccccf8e1498c54d0b3e5c9016'
[63515b6e-afee-4bdc-80dd-b2465ebb195a/Java 8 on ubuntu-latest] unable to get git ref: failed to identify reference (tag/branch) for the checked-out revision 'b2114c7d5a0a001ccccf8e1498c54d0b3e5c9016'
[63515b6e-afee-4bdc-80dd-b2465ebb195a/Java 8 on ubuntu-latest]   üê≥  docker exec cmd=[bash --noprofile --norc -e -o pipefail /var/run/act/workflow/4] user= workdir=
[63515b6e-afee-4bdc-80dd-b2465ebb195a/Java 8 on ubuntu-latest]   | [INFO] Scanning for projects...
[63515b6e-afee-4bdc-80dd-b2465ebb195a/Java 8 on ubuntu-latest]   | [INFO] 
[63515b6e-afee-4bdc-80dd-b2465ebb195a/Java 8 on ubuntu-latest]   | [INFO] --------------------< org.reflections:reflections >---------------------
[63515b6e-afee-4bdc-80dd-b2465ebb195a/Java 8 on ubuntu-latest]   | [INFO] Building Reflections 0.9.11-SNAPSHOT
[63515b6e-afee-4bdc-80dd-b2465ebb195a/Java 8 on ubuntu-latest]   | [INFO] --------------------------------[ jar ]---------------------------------
[63515b6e-afee-4bdc-80dd-b2465ebb195a/Java 8 on ubuntu-latest]   | [INFO] Downloading from central: https://repo.maven.apache.org/maven2/org/apache/maven/plugins/maven-clean-plugin/2.5/maven-clean-plugin-2.5.pom
[63515b6e-afee-4bdc-80dd-b2465ebb195a/Java 8 on ubuntu-latest]   | [INFO] Downloaded from central: https://repo.maven.apache.org/maven2/org/apache/maven/plugins/maven-clean-plugin/2.5/maven-clean-plugin-2.5.pom (3.9 kB at 648 B/s)
[63515b6e-afee-4bdc-80dd-b2465ebb195a/Java 8 on ubuntu-latest]   | [INFO] Downloading from central: https://repo.maven.apache.org/maven2/org/apache/maven/plugins/maven-plugins/22/maven-plugins-22.pom
[63515b6e-afee-4bdc-80dd-b2465ebb195a/Java 8 on ubuntu-latest]   | [INFO] Downloaded from central: https://repo.maven.apache.org/maven2/org/apache/maven/plugins/maven-plugins/22/maven-plugins-22.pom (13 kB at 326 kB/s)
[63515b6e-afee-4bdc-80dd-b2465ebb195a/Java 8 on ubuntu-latest]   | [INFO] Downloading from central: https://repo.maven.apache.org/maven2/org/apache/maven/maven-parent/21/maven-parent-21.pom
[63515b6e-afee-4bdc-80dd-b2465ebb195a/Java 8 on ubuntu-latest]   | [INFO] Downloaded from central: https://repo.maven.apache.org/maven2/org/apache/maven/maven-parent/21/maven-parent-21.pom (26 kB at 628 kB/s)
[63515b6e-afee-4bdc-80dd-b2465ebb195a/Java 8 on ubuntu-latest]   | [INFO] Downloading from central: https://repo.maven.apache.org/maven2/org/apache/apache/10/apache-10.pom
[63515b6e-afee-4bdc-80dd-b2465ebb195a/Java 8 on ubuntu-latest]   | [INFO] Downloaded from central: https://repo.maven.apache.org/maven2/org/apache/apache/10/apache-10.pom (15 kB at 44 kB/s)
[63515b6e-afee-4bdc-80dd-b2465ebb195a/Java 8 on ubuntu-latest]   | [INFO] Downloading from central: https://repo.maven.apache.org/maven2/org/apache/maven/plugins/maven-clean-plugin/2.5/maven-clean-plugin-2.5.jar
[63515b6e-afee-4bdc-80dd-b2465ebb195a/Java 8 on ubuntu-latest]   | [INFO] Downloaded from central: https://repo.maven.apache.org/maven2/org/apache/maven/plugins/maven-clean-plugin/2.5/maven-clean-plugin-2.5.jar (25 kB at 75 kB/s)
[63515b6e-afee-4bdc-80dd-b2465ebb195a/Java 8 on ubuntu-latest]   | [INFO] Downloading from central: https://repo.maven.apache.org/maven2/org/apache/maven/plugins/maven-resources-plugin/2.6/maven-resources-plugin-2.6.pom
[63515b6e-afee-4bdc-80dd-b2465ebb195a/Java 8 on ubuntu-latest]   | [INFO] Downloaded from central: https://repo.maven.apache.org/maven2/org/apache/maven/plugins/maven-resources-plugin/2.6/maven-resources-plugin-2.6.pom (8.1 kB at 24 kB/s)
[63515b6e-afee-4bdc-80dd-b2465ebb195a/Java 8 on ubuntu-latest]   | [INFO] Downloading from central: https://repo.maven.apache.org/maven2/org/apache/maven/plugins/maven-plugins/23/maven-plugins-23.pom
[63515b6e-afee-4bdc-80dd-b2465ebb195a/Java 8 on ubuntu-latest]   | [INFO] Downloaded from central: https://repo.maven.apache.org/maven2/org/apache/maven/plugins/maven-plugins/23/maven-plugins-23.pom (9.2 kB at 161 kB/s)
[63515b6e-afee-4bdc-80dd-b2465ebb195a/Java 8 on ubuntu-latest]   | [INFO] Downloading from central: https://repo.maven.apache.org/maven2/org/apache/maven/maven-parent/22/maven-parent-22.pom
[63515b6e-afee-4bdc-80dd-b2465ebb195a/Java 8 on ubuntu-latest]   | [INFO] Downloaded from central: https://repo.maven.apache.org/maven2/org/apache/maven/maven-parent/22/maven-parent-22.pom (30 kB at 286 kB/s)
[63515b6e-afee-4bdc-80dd-b2465ebb195a/Java 8 on ubuntu-latest]   | [INFO] Downloading from central: https://repo.maven.apache.org/maven2/org/apache/apache/11/apache-11.pom
[63515b6e-afee-4bdc-80dd-b2465ebb195a/Java 8 on ubuntu-latest]   | [INFO] Downloaded from central: https://repo.maven.apache.org/maven2/org/apache/apache/11/apache-11.pom (15 kB at 251 kB/s)
[63515b6e-afee-4bdc-80dd-b2465ebb195a/Java 8 on ubuntu-latest]   | [INFO] Downloading from central: https://repo.maven.apache.org/maven2/org/apache/maven/plugins/maven-resources-plugin/2.6/maven-resources-plugin-2.6.jar
[63515b6e-afee-4bdc-80dd-b2465ebb195a/Java 8 on ubuntu-latest]   | [INFO] Downloaded from central: https://repo.maven.apache.org/maven2/org/apache/maven/plugins/maven-resources-plugin/2.6/maven-resources-plugin-2.6.jar (30 kB at 351 kB/s)
[63515b6e-afee-4bdc-80dd-b2465ebb195a/Java 8 on ubuntu-latest]   | [INFO] Downloading from central: https://repo.maven.apache.org/maven2/org/apache/maven/plugins/maven-compiler-plugin/3.1/maven-compiler-plugin-3.1.pom
[63515b6e-afee-4bdc-80dd-b2465ebb195a/Java 8 on ubuntu-latest]   | [INFO] Downloaded from central: https://repo.maven.apache.org/maven2/org/apache/maven/plugins/maven-compiler-plugin/3.1/maven-compiler-plugin-3.1.pom (10 kB at 37 kB/s)
[63515b6e-afee-4bdc-80dd-b2465ebb195a/Java 8 on ubuntu-latest]   | [INFO] Downloading from central: https://repo.maven.apache.org/maven2/org/apache/maven/plugins/maven-plugins/24/maven-plugins-24.pom
[63515b6e-afee-4bdc-80dd-b2465ebb195a/Java 8 on ubuntu-latest]   | [INFO] Downloaded from central: https://repo.maven.apache.org/maven2/org/apache/maven/plugins/maven-plugins/24/maven-plugins-24.pom (11 kB at 29 kB/s)
[63515b6e-afee-4bdc-80dd-b2465ebb195a/Java 8 on ubuntu-latest]   | [INFO] Downloading from central: https://repo.maven.apache.org/maven2/org/apache/maven/maven-parent/23/maven-parent-23.pom
[63515b6e-afee-4bdc-80dd-b2465ebb195a/Java 8 on ubuntu-latest]   | [INFO] Downloaded from central: https://repo.maven.apache.org/maven2/org/apache/maven/maven-parent/23/maven-parent-23.pom (33 kB at 79 kB/s)
[63515b6e-afee-4bdc-80dd-b2465ebb195a/Java 8 on ubuntu-latest]   | [INFO] Downloading from central: https://repo.maven.apache.org/maven2/org/apache/apache/13/apache-13.pom
[63515b6e-afee-4bdc-80dd-b2465ebb195a/Java 8 on ubuntu-latest]   | [INFO] Downloaded from central: https://repo.maven.apache.org/maven2/org/apache/apache/13/apache-13.pom (14 kB at 41 kB/s)
[63515b6e-afee-4bdc-80dd-b2465ebb195a/Java 8 on ubuntu-latest]   | [INFO] Downloading from central: https://repo.maven.apache.org/maven2/org/apache/maven/plugins/maven-compiler-plugin/3.1/maven-compiler-plugin-3.1.jar
[63515b6e-afee-4bdc-80dd-b2465ebb195a/Java 8 on ubuntu-latest]   | [INFO] Downloaded from central: https://repo.maven.apache.org/maven2/org/apache/maven/plugins/maven-compiler-plugin/3.1/maven-compiler-plugin-3.1.jar (43 kB at 318 kB/s)
[63515b6e-afee-4bdc-80dd-b2465ebb195a/Java 8 on ubuntu-latest]   | [INFO] Downloading from central: https://repo.maven.apache.org/maven2/org/apache/maven/plugins/maven-surefire-plugin/2.12.4/maven-surefire-plugin-2.12.4.pom
[63515b6e-afee-4bdc-80dd-b2465ebb195a/Java 8 on ubuntu-latest]   | [INFO] Downloaded from central: https://repo.maven.apache.org/maven2/org/apache/maven/plugins/maven-surefire-plugin/2.12.4/maven-surefire-plugin-2.12.4.pom (10 kB at 145 kB/s)
[63515b6e-afee-4bdc-80dd-b2465ebb195a/Java 8 on ubuntu-latest]   | [INFO] Downloading from central: https://repo.maven.apache.org/maven2/org/apache/maven/surefire/surefire/2.12.4/surefire-2.12.4.pom
[63515b6e-afee-4bdc-80dd-b2465ebb195a/Java 8 on ubuntu-latest]   | [INFO] Downloaded from central: https://repo.maven.apache.org/maven2/org/apache/maven/surefire/surefire/2.12.4/surefire-2.12.4.pom (14 kB at 122 kB/s)
[63515b6e-afee-4bdc-80dd-b2465ebb195a/Java 8 on ubuntu-latest]   | [INFO] Downloading from central: https://repo.maven.apache.org/maven2/org/apache/maven/plugins/maven-surefire-plugin/2.12.4/maven-surefire-plugin-2.12.4.jar
[63515b6e-afee-4bdc-80dd-b2465ebb195a/Java 8 on ubuntu-latest]   | [INFO] Downloaded from central: https://repo.maven.apache.org/maven2/org/apache/maven/plugins/maven-surefire-plugin/2.12.4/maven-surefire-plugin-2.12.4.jar (30 kB at 146 kB/s)
[63515b6e-afee-4bdc-80dd-b2465ebb195a/Java 8 on ubuntu-latest]   | [INFO] Downloading from central: https://repo.maven.apache.org/maven2/org/apache/maven/plugins/maven-jar-plugin/2.4/maven-jar-plugin-2.4.pom
[63515b6e-afee-4bdc-80dd-b2465ebb195a/Java 8 on ubuntu-latest]   | [INFO] Downloaded from central: https://repo.maven.apache.org/maven2/org/apache/maven/plugins/maven-jar-plugin/2.4/maven-jar-plugin-2.4.pom (5.8 kB at 101 kB/s)
[63515b6e-afee-4bdc-80dd-b2465ebb195a/Java 8 on ubuntu-latest]   | [INFO] Downloading from central: https://repo.maven.apache.org/maven2/org/apache/maven/plugins/maven-jar-plugin/2.4/maven-jar-plugin-2.4.jar
[63515b6e-afee-4bdc-80dd-b2465ebb195a/Java 8 on ubuntu-latest]   | [INFO] Downloaded from central: https://repo.maven.apache.org/maven2/org/apache/maven/plugins/maven-jar-plugin/2.4/maven-jar-plugin-2.4.jar (34 kB at 188 kB/s)
[63515b6e-afee-4bdc-80dd-b2465ebb195a/Java 8 on ubuntu-latest]   | [INFO] Downloading from central: https://repo.maven.apache.org/maven2/com/google/guava/guava/15.0/guava-15.0.pom
[63515b6e-afee-4bdc-80dd-b2465ebb195a/Java 8 on ubuntu-latest]   | [INFO] Downloaded from central: https://repo.maven.apache.org/maven2/com/google/guava/guava/15.0/guava-15.0.pom (6.3 kB at 809 B/s)
[63515b6e-afee-4bdc-80dd-b2465ebb195a/Java 8 on ubuntu-latest]   | [INFO] Downloading from central: https://repo.maven.apache.org/maven2/com/google/guava/guava-parent/15.0/guava-parent-15.0.pom
[63515b6e-afee-4bdc-80dd-b2465ebb195a/Java 8 on ubuntu-latest]   | [INFO] Downloaded from central: https://repo.maven.apache.org/maven2/com/google/guava/guava-parent/15.0/guava-parent-15.0.pom (7.3 kB at 150 kB/s)
[63515b6e-afee-4bdc-80dd-b2465ebb195a/Java 8 on ubuntu-latest]   | [INFO] Downloading from central: https://repo.maven.apache.org/maven2/org/sonatype/oss/oss-parent/7/oss-parent-7.pom
[63515b6e-afee-4bdc-80dd-b2465ebb195a/Java 8 on ubuntu-latest]   | [INFO] Downloaded from central: https://repo.maven.apache.org/maven2/org/sonatype/oss/oss-parent/7/oss-parent-7.pom (4.8 kB at 172 kB/s)
[63515b6e-afee-4bdc-80dd-b2465ebb195a/Java 8 on ubuntu-latest]   | [INFO] Downloading from central: https://repo.maven.apache.org/maven2/org/javassist/javassist/3.19.0-GA/javassist-3.19.0-GA.pom
[63515b6e-afee-4bdc-80dd-b2465ebb195a/Java 8 on ubuntu-latest]   | [INFO] Downloaded from central: https://repo.maven.apache.org/maven2/org/javassist/javassist/3.19.0-GA/javassist-3.19.0-GA.pom (9.6 kB at 111 kB/s)
[63515b6e-afee-4bdc-80dd-b2465ebb195a/Java 8 on ubuntu-latest]   | [INFO] Downloading from central: https://repo.maven.apache.org/maven2/com/google/code/findbugs/jsr305/3.0.0/jsr305-3.0.0.pom
[63515b6e-afee-4bdc-80dd-b2465ebb195a/Java 8 on ubuntu-latest]   | [INFO] Downloaded from central: https://repo.maven.apache.org/maven2/com/google/code/findbugs/jsr305/3.0.0/jsr305-3.0.0.pom (3.9 kB at 113 kB/s)
[63515b6e-afee-4bdc-80dd-b2465ebb195a/Java 8 on ubuntu-latest]   | [INFO] Downloading from central: https://repo.maven.apache.org/maven2/org/slf4j/slf4j-api/1.6.1/slf4j-api-1.6.1.pom
[63515b6e-afee-4bdc-80dd-b2465ebb195a/Java 8 on ubuntu-latest]   | [INFO] Downloaded from central: https://repo.maven.apache.org/maven2/org/slf4j/slf4j-api/1.6.1/slf4j-api-1.6.1.pom (3.0 kB at 4.0 kB/s)
[63515b6e-afee-4bdc-80dd-b2465ebb195a/Java 8 on ubuntu-latest]   | [INFO] Downloading from central: https://repo.maven.apache.org/maven2/org/slf4j/slf4j-parent/1.6.1/slf4j-parent-1.6.1.pom
[63515b6e-afee-4bdc-80dd-b2465ebb195a/Java 8 on ubuntu-latest]   | [INFO] Downloaded from central: https://repo.maven.apache.org/maven2/org/slf4j/slf4j-parent/1.6.1/slf4j-parent-1.6.1.pom (9.3 kB at 120 kB/s)
[63515b6e-afee-4bdc-80dd-b2465ebb195a/Java 8 on ubuntu-latest]   | [INFO] Downloading from central: https://repo.maven.apache.org/maven2/dom4j/dom4j/1.6.1/dom4j-1.6.1.pom
[63515b6e-afee-4bdc-80dd-b2465ebb195a/Java 8 on ubuntu-latest]   | [INFO] Downloaded from central: https://repo.maven.apache.org/maven2/dom4j/dom4j/1.6.1/dom4j-1.6.1.pom (6.8 kB at 154 kB/s)
[63515b6e-afee-4bdc-80dd-b2465ebb195a/Java 8 on ubuntu-latest]   | [INFO] Downloading from central: https://repo.maven.apache.org/maven2/xml-apis/xml-apis/1.0.b2/xml-apis-1.0.b2.pom
[63515b6e-afee-4bdc-80dd-b2465ebb195a/Java 8 on ubuntu-latest]   | [INFO] Downloaded from central: https://repo.maven.apache.org/maven2/xml-apis/xml-apis/1.0.b2/xml-apis-1.0.b2.pom (2.2 kB at 33 kB/s)
[63515b6e-afee-4bdc-80dd-b2465ebb195a/Java 8 on ubuntu-latest]   | [INFO] Downloading from central: https://repo.maven.apache.org/maven2/com/google/code/gson/gson/1.4/gson-1.4.pom
[63515b6e-afee-4bdc-80dd-b2465ebb195a/Java 8 on ubuntu-latest]   | [INFO] Downloaded from central: https://repo.maven.apache.org/maven2/com/google/code/gson/gson/1.4/gson-1.4.pom (8.1 kB at 23 kB/s)
[63515b6e-afee-4bdc-80dd-b2465ebb195a/Java 8 on ubuntu-latest]   | [INFO] Downloading from central: https://repo.maven.apache.org/maven2/javax/servlet/servlet-api/2.5/servlet-api-2.5.pom
[63515b6e-afee-4bdc-80dd-b2465ebb195a/Java 8 on ubuntu-latest]   | [INFO] Downloaded from central: https://repo.maven.apache.org/maven2/javax/servlet/servlet-api/2.5/servlet-api-2.5.pom (157 B at 6.3 kB/s)
[63515b6e-afee-4bdc-80dd-b2465ebb195a/Java 8 on ubuntu-latest]   | [INFO] Downloading from central: https://repo.maven.apache.org/maven2/org/slf4j/slf4j-simple/1.6.1/slf4j-simple-1.6.1.pom
[63515b6e-afee-4bdc-80dd-b2465ebb195a/Java 8 on ubuntu-latest]   | [INFO] Downloaded from central: https://repo.maven.apache.org/maven2/org/slf4j/slf4j-simple/1.6.1/slf4j-simple-1.6.1.pom (1.5 kB at 44 kB/s)
[63515b6e-afee-4bdc-80dd-b2465ebb195a/Java 8 on ubuntu-latest]   | [INFO] Downloading from central: https://repo.maven.apache.org/maven2/junit/junit/4.5/junit-4.5.pom
[63515b6e-afee-4bdc-80dd-b2465ebb195a/Java 8 on ubuntu-latest]   | [INFO] Downloaded from central: https://repo.maven.apache.org/maven2/junit/junit/4.5/junit-4.5.pom (1.2 kB at 17 kB/s)
[63515b6e-afee-4bdc-80dd-b2465ebb195a/Java 8 on ubuntu-latest]   | [INFO] Downloading from central: https://repo.maven.apache.org/maven2/org/apache/commons/commons-vfs2/2.0/commons-vfs2-2.0.pom
[63515b6e-afee-4bdc-80dd-b2465ebb195a/Java 8 on ubuntu-latest]   | [INFO] Downloaded from central: https://repo.maven.apache.org/maven2/org/apache/commons/commons-vfs2/2.0/commons-vfs2-2.0.pom (8.6 kB at 201 kB/s)
[63515b6e-afee-4bdc-80dd-b2465ebb195a/Java 8 on ubuntu-latest]   | [INFO] Downloading from central: https://repo.maven.apache.org/maven2/org/apache/commons/commons-vfs2-project/2.0/commons-vfs2-project-2.0.pom
[63515b6e-afee-4bdc-80dd-b2465ebb195a/Java 8 on ubuntu-latest]   | [INFO] Downloaded from central: https://repo.maven.apache.org/maven2/org/apache/commons/commons-vfs2-project/2.0/commons-vfs2-project-2.0.pom (16 kB at 239 kB/s)
[63515b6e-afee-4bdc-80dd-b2465ebb195a/Java 8 on ubuntu-latest]   | [INFO] Downloading from central: https://repo.maven.apache.org/maven2/org/apache/commons/commons-parent/21/commons-parent-21.pom
[63515b6e-afee-4bdc-80dd-b2465ebb195a/Java 8 on ubuntu-latest]   | [INFO] Downloaded from central: https://repo.maven.apache.org/maven2/org/apache/commons/commons-parent/21/commons-parent-21.pom (34 kB at 395 kB/s)
[63515b6e-afee-4bdc-80dd-b2465ebb195a/Java 8 on ubuntu-latest]   | [INFO] Downloading from central: https://repo.maven.apache.org/maven2/org/apache/apache/9/apache-9.pom
[63515b6e-afee-4bdc-80dd-b2465ebb195a/Java 8 on ubuntu-latest]   | [INFO] Downloaded from central: https://repo.maven.apache.org/maven2/org/apache/apache/9/apache-9.pom (15 kB at 323 kB/s)
[63515b6e-afee-4bdc-80dd-b2465ebb195a/Java 8 on ubuntu-latest]   | [INFO] Downloading from central: https://repo.maven.apache.org/maven2/commons-logging/commons-logging/1.1.1/commons-logging-1.1.1.pom
[63515b6e-afee-4bdc-80dd-b2465ebb195a/Java 8 on ubuntu-latest]   | [INFO] Downloaded from central: https://repo.maven.apache.org/maven2/commons-logging/commons-logging/1.1.1/commons-logging-1.1.1.pom (18 kB at 262 kB/s)
[63515b6e-afee-4bdc-80dd-b2465ebb195a/Java 8 on ubuntu-latest]   | [INFO] Downloading from central: https://repo.maven.apache.org/maven2/org/apache/commons/commons-parent/5/commons-parent-5.pom
[63515b6e-afee-4bdc-80dd-b2465ebb195a/Java 8 on ubuntu-latest]   | [INFO] Downloaded from central: https://repo.maven.apache.org/maven2/org/apache/commons/commons-parent/5/commons-parent-5.pom (16 kB at 373 kB/s)
[63515b6e-afee-4bdc-80dd-b2465ebb195a/Java 8 on ubuntu-latest]   | [INFO] Downloading from central: https://repo.maven.apache.org/maven2/org/apache/apache/4/apache-4.pom
[63515b6e-afee-4bdc-80dd-b2465ebb195a/Java 8 on ubuntu-latest]   | [INFO] Downloaded from central: https://repo.maven.apache.org/maven2/org/apache/apache/4/apache-4.pom (4.5 kB at 145 kB/s)
[63515b6e-afee-4bdc-80dd-b2465ebb195a/Java 8 on ubuntu-latest]   | [INFO] Downloading from central: https://repo.maven.apache.org/maven2/org/apache/maven/scm/maven-scm-api/1.4/maven-scm-api-1.4.pom
[63515b6e-afee-4bdc-80dd-b2465ebb195a/Java 8 on ubuntu-latest]   | [INFO] Downloaded from central: https://repo.maven.apache.org/maven2/org/apache/maven/scm/maven-scm-api/1.4/maven-scm-api-1.4.pom (1.6 kB at 58 kB/s)
[63515b6e-afee-4bdc-80dd-b2465ebb195a/Java 8 on ubuntu-latest]   | [INFO] Downloading from central: https://repo.maven.apache.org/maven2/org/apache/maven/scm/maven-scm/1.4/maven-scm-1.4.pom
[63515b6e-afee-4bdc-80dd-b2465ebb195a/Java 8 on ubuntu-latest]   | [INFO] Downloaded from central: https://repo.maven.apache.org/maven2/org/apache/maven/scm/maven-scm/1.4/maven-scm-1.4.pom (14 kB at 210 kB/s)
[63515b6e-afee-4bdc-80dd-b2465ebb195a/Java 8 on ubuntu-latest]   | [INFO] Downloading from central: https://repo.maven.apache.org/maven2/org/apache/maven/maven-parent/16/maven-parent-16.pom
[63515b6e-afee-4bdc-80dd-b2465ebb195a/Java 8 on ubuntu-latest]   | [INFO] Downloaded from central: https://repo.maven.apache.org/maven2/org/apache/maven/maven-parent/16/maven-parent-16.pom (23 kB at 597 kB/s)
[63515b6e-afee-4bdc-80dd-b2465ebb195a/Java 8 on ubuntu-latest]   | [INFO] Downloading from central: https://repo.maven.apache.org/maven2/org/apache/apache/7/apache-7.pom
[63515b6e-afee-4bdc-80dd-b2465ebb195a/Java 8 on ubuntu-latest]   | [INFO] Downloaded from central: https://repo.maven.apache.org/maven2/org/apache/apache/7/apache-7.pom (14 kB at 437 kB/s)
[63515b6e-afee-4bdc-80dd-b2465ebb195a/Java 8 on ubuntu-latest]   | [INFO] Downloading from central: https://repo.maven.apache.org/maven2/org/codehaus/plexus/plexus-utils/1.5.6/plexus-utils-1.5.6.pom
[63515b6e-afee-4bdc-80dd-b2465ebb195a/Java 8 on ubuntu-latest]   | [INFO] Downloaded from central: https://repo.maven.apache.org/maven2/org/codehaus/plexus/plexus-utils/1.5.6/plexus-utils-1.5.6.pom (5.3 kB at 189 kB/s)
[63515b6e-afee-4bdc-80dd-b2465ebb195a/Java 8 on ubuntu-latest]   | [INFO] Downloading from central: https://repo.maven.apache.org/maven2/org/codehaus/plexus/plexus/1.0.12/plexus-1.0.12.pom
[63515b6e-afee-4bdc-80dd-b2465ebb195a/Java 8 on ubuntu-latest]   | [INFO] Downloaded from central: https://repo.maven.apache.org/maven2/org/codehaus/plexus/plexus/1.0.12/plexus-1.0.12.pom (9.8 kB at 175 kB/s)
[63515b6e-afee-4bdc-80dd-b2465ebb195a/Java 8 on ubuntu-latest]   | [INFO] Downloading from central: https://repo.maven.apache.org/maven2/org/apache/maven/scm/maven-scm-provider-svnexe/1.4/maven-scm-provider-svnexe-1.4.pom
[63515b6e-afee-4bdc-80dd-b2465ebb195a/Java 8 on ubuntu-latest]   | [INFO] Downloaded from central: https://repo.maven.apache.org/maven2/org/apache/maven/scm/maven-scm-provider-svnexe/1.4/maven-scm-provider-svnexe-1.4.pom (2.4 kB at 70 kB/s)
[63515b6e-afee-4bdc-80dd-b2465ebb195a/Java 8 on ubuntu-latest]   | [INFO] Downloading from central: https://repo.maven.apache.org/maven2/org/apache/maven/scm/maven-scm-providers-svn/1.4/maven-scm-providers-svn-1.4.pom
[63515b6e-afee-4bdc-80dd-b2465ebb195a/Java 8 on ubuntu-latest]   | [INFO] Downloaded from central: https://repo.maven.apache.org/maven2/org/apache/maven/scm/maven-scm-providers-svn/1.4/maven-scm-providers-svn-1.4.pom (2.1 kB at 163 kB/s)
[63515b6e-afee-4bdc-80dd-b2465ebb195a/Java 8 on ubuntu-latest]   | [INFO] Downloading from central: https://repo.maven.apache.org/maven2/org/apache/maven/scm/maven-scm-providers/1.4/maven-scm-providers-1.4.pom
[63515b6e-afee-4bdc-80dd-b2465ebb195a/Java 8 on ubuntu-latest]   | [INFO] Downloaded from central: https://repo.maven.apache.org/maven2/org/apache/maven/scm/maven-scm-providers/1.4/maven-scm-providers-1.4.pom (3.6 kB at 228 kB/s)
[63515b6e-afee-4bdc-80dd-b2465ebb195a/Java 8 on ubuntu-latest]   | [INFO] Downloading from central: https://repo.maven.apache.org/maven2/org/apache/maven/scm/maven-scm-provider-svn-commons/1.4/maven-scm-provider-svn-commons-1.4.pom
[63515b6e-afee-4bdc-80dd-b2465ebb195a/Java 8 on ubuntu-latest]   | [INFO] Downloaded from central: https://repo.maven.apache.org/maven2/org/apache/maven/scm/maven-scm-provider-svn-commons/1.4/maven-scm-provider-svn-commons-1.4.pom (2.1 kB at 149 kB/s)
[63515b6e-afee-4bdc-80dd-b2465ebb195a/Java 8 on ubuntu-latest]   | [INFO] Downloading from central: https://repo.maven.apache.org/maven2/regexp/regexp/1.3/regexp-1.3.pom
[63515b6e-afee-4bdc-80dd-b2465ebb195a/Java 8 on ubuntu-latest]   | [INFO] Downloaded from central: https://repo.maven.apache.org/maven2/regexp/regexp/1.3/regexp-1.3.pom (145 B at 2.5 kB/s)
[63515b6e-afee-4bdc-80dd-b2465ebb195a/Java 8 on ubuntu-latest]   | [INFO] Downloading from central: https://repo.maven.apache.org/maven2/com/google/guava/guava/15.0/guava-15.0.jar
[63515b6e-afee-4bdc-80dd-b2465ebb195a/Java 8 on ubuntu-latest]   | [INFO] Downloading from central: https://repo.maven.apache.org/maven2/org/javassist/javassist/3.19.0-GA/javassist-3.19.0-GA.jar
[63515b6e-afee-4bdc-80dd-b2465ebb195a/Java 8 on ubuntu-latest]   | [INFO] Downloading from central: https://repo.maven.apache.org/maven2/com/google/code/findbugs/jsr305/3.0.0/jsr305-3.0.0.jar
[63515b6e-afee-4bdc-80dd-b2465ebb195a/Java 8 on ubuntu-latest]   | [INFO] Downloading from central: https://repo.maven.apache.org/maven2/org/slf4j/slf4j-api/1.6.1/slf4j-api-1.6.1.jar
[63515b6e-afee-4bdc-80dd-b2465ebb195a/Java 8 on ubuntu-latest]   | [INFO] Downloading from central: https://repo.maven.apache.org/maven2/dom4j/dom4j/1.6.1/dom4j-1.6.1.jar
[63515b6e-afee-4bdc-80dd-b2465ebb195a/Java 8 on ubuntu-latest]   | [INFO] Downloaded from central: https://repo.maven.apache.org/maven2/org/slf4j/slf4j-api/1.6.1/slf4j-api-1.6.1.jar (25 kB at 202 kB/s)
[63515b6e-afee-4bdc-80dd-b2465ebb195a/Java 8 on ubuntu-latest]   | [INFO] Downloading from central: https://repo.maven.apache.org/maven2/xml-apis/xml-apis/1.0.b2/xml-apis-1.0.b2.jar
[63515b6e-afee-4bdc-80dd-b2465ebb195a/Java 8 on ubuntu-latest]   | [INFO] Downloaded from central: https://repo.maven.apache.org/maven2/com/google/code/findbugs/jsr305/3.0.0/jsr305-3.0.0.jar (33 kB at 258 kB/s)
[63515b6e-afee-4bdc-80dd-b2465ebb195a/Java 8 on ubuntu-latest]   | [INFO] Downloading from central: https://repo.maven.apache.org/maven2/com/google/code/gson/gson/1.4/gson-1.4.jar
[63515b6e-afee-4bdc-80dd-b2465ebb195a/Java 8 on ubuntu-latest]   | [INFO] Downloaded from central: https://repo.maven.apache.org/maven2/xml-apis/xml-apis/1.0.b2/xml-apis-1.0.b2.jar (109 kB at 591 kB/s)
[63515b6e-afee-4bdc-80dd-b2465ebb195a/Java 8 on ubuntu-latest]   | [INFO] Downloading from central: https://repo.maven.apache.org/maven2/javax/servlet/servlet-api/2.5/servlet-api-2.5.jar
[63515b6e-afee-4bdc-80dd-b2465ebb195a/Java 8 on ubuntu-latest]   | [INFO] Downloaded from central: https://repo.maven.apache.org/maven2/com/google/code/gson/gson/1.4/gson-1.4.jar (166 kB at 867 kB/s)
[63515b6e-afee-4bdc-80dd-b2465ebb195a/Java 8 on ubuntu-latest]   | [INFO] Downloading from central: https://repo.maven.apache.org/maven2/org/slf4j/slf4j-simple/1.6.1/slf4j-simple-1.6.1.jar
[63515b6e-afee-4bdc-80dd-b2465ebb195a/Java 8 on ubuntu-latest]   | [INFO] Downloaded from central: https://repo.maven.apache.org/maven2/dom4j/dom4j/1.6.1/dom4j-1.6.1.jar (314 kB at 1.6 MB/s)
[63515b6e-afee-4bdc-80dd-b2465ebb195a/Java 8 on ubuntu-latest]   | [INFO] Downloading from central: https://repo.maven.apache.org/maven2/junit/junit/4.5/junit-4.5.jar
[63515b6e-afee-4bdc-80dd-b2465ebb195a/Java 8 on ubuntu-latest]   | [INFO] Downloaded from central: https://repo.maven.apache.org/maven2/org/javassist/javassist/3.19.0-GA/javassist-3.19.0-GA.jar (749 kB at 3.5 MB/s)
[63515b6e-afee-4bdc-80dd-b2465ebb195a/Java 8 on ubuntu-latest]   | [INFO] Downloading from central: https://repo.maven.apache.org/maven2/org/apache/commons/commons-vfs2/2.0/commons-vfs2-2.0.jar
[63515b6e-afee-4bdc-80dd-b2465ebb195a/Java 8 on ubuntu-latest]   | [INFO] Downloaded from central: https://repo.maven.apache.org/maven2/org/slf4j/slf4j-simple/1.6.1/slf4j-simple-1.6.1.jar (7.7 kB at 34 kB/s)
[63515b6e-afee-4bdc-80dd-b2465ebb195a/Java 8 on ubuntu-latest]   | [INFO] Downloading from central: https://repo.maven.apache.org/maven2/commons-logging/commons-logging/1.1.1/commons-logging-1.1.1.jar
[63515b6e-afee-4bdc-80dd-b2465ebb195a/Java 8 on ubuntu-latest]   | [INFO] Downloaded from central: https://repo.maven.apache.org/maven2/commons-logging/commons-logging/1.1.1/commons-logging-1.1.1.jar (61 kB at 211 kB/s)
[63515b6e-afee-4bdc-80dd-b2465ebb195a/Java 8 on ubuntu-latest]   | [INFO] Downloaded from central: https://repo.maven.apache.org/maven2/junit/junit/4.5/junit-4.5.jar (199 kB at 691 kB/s)
[63515b6e-afee-4bdc-80dd-b2465ebb195a/Java 8 on ubuntu-latest]   | [INFO] Downloading from central: https://repo.maven.apache.org/maven2/org/apache/maven/scm/maven-scm-api/1.4/maven-scm-api-1.4.jar
[63515b6e-afee-4bdc-80dd-b2465ebb195a/Java 8 on ubuntu-latest]   | [INFO] Downloading from central: https://repo.maven.apache.org/maven2/org/codehaus/plexus/plexus-utils/1.5.6/plexus-utils-1.5.6.jar
[63515b6e-afee-4bdc-80dd-b2465ebb195a/Java 8 on ubuntu-latest]   | [INFO] Downloaded from central: https://repo.maven.apache.org/maven2/org/apache/maven/scm/maven-scm-api/1.4/maven-scm-api-1.4.jar (94 kB at 289 kB/s)
[63515b6e-afee-4bdc-80dd-b2465ebb195a/Java 8 on ubuntu-latest]   | [INFO] Downloading from central: https://repo.maven.apache.org/maven2/org/apache/maven/scm/maven-scm-provider-svnexe/1.4/maven-scm-provider-svnexe-1.4.jar
[63515b6e-afee-4bdc-80dd-b2465ebb195a/Java 8 on ubuntu-latest]   | [INFO] Downloaded from central: https://repo.maven.apache.org/maven2/org/codehaus/plexus/plexus-utils/1.5.6/plexus-utils-1.5.6.jar (251 kB at 748 kB/s)
[63515b6e-afee-4bdc-80dd-b2465ebb195a/Java 8 on ubuntu-latest]   | [INFO] Downloading from central: https://repo.maven.apache.org/maven2/org/apache/maven/scm/maven-scm-provider-svn-commons/1.4/maven-scm-provider-svn-commons-1.4.jar
[63515b6e-afee-4bdc-80dd-b2465ebb195a/Java 8 on ubuntu-latest]   | [INFO] Downloaded from central: https://repo.maven.apache.org/maven2/javax/servlet/servlet-api/2.5/servlet-api-2.5.jar (105 kB at 305 kB/s)
[63515b6e-afee-4bdc-80dd-b2465ebb195a/Java 8 on ubuntu-latest]   | [INFO] Downloading from central: https://repo.maven.apache.org/maven2/regexp/regexp/1.3/regexp-1.3.jar
[63515b6e-afee-4bdc-80dd-b2465ebb195a/Java 8 on ubuntu-latest]   | [INFO] Downloaded from central: https://repo.maven.apache.org/maven2/org/apache/maven/scm/maven-scm-provider-svnexe/1.4/maven-scm-provider-svnexe-1.4.jar (70 kB at 198 kB/s)
[63515b6e-afee-4bdc-80dd-b2465ebb195a/Java 8 on ubuntu-latest]   | [INFO] Downloaded from central: https://repo.maven.apache.org/maven2/org/apache/commons/commons-vfs2/2.0/commons-vfs2-2.0.jar (416 kB at 1.2 MB/s)
[63515b6e-afee-4bdc-80dd-b2465ebb195a/Java 8 on ubuntu-latest]   | [INFO] Downloaded from central: https://repo.maven.apache.org/maven2/org/apache/maven/scm/maven-scm-provider-svn-commons/1.4/maven-scm-provider-svn-commons-1.4.jar (40 kB at 112 kB/s)
[63515b6e-afee-4bdc-80dd-b2465ebb195a/Java 8 on ubuntu-latest]   | [INFO] Downloaded from central: https://repo.maven.apache.org/maven2/regexp/regexp/1.3/regexp-1.3.jar (25 kB at 61 kB/s)
[63515b6e-afee-4bdc-80dd-b2465ebb195a/Java 8 on ubuntu-latest]   | [INFO] Downloaded from central: https://repo.maven.apache.org/maven2/com/google/guava/guava/15.0/guava-15.0.jar (2.2 MB at 5.0 MB/s)
[63515b6e-afee-4bdc-80dd-b2465ebb195a/Java 8 on ubuntu-latest]   | [INFO] 
[63515b6e-afee-4bdc-80dd-b2465ebb195a/Java 8 on ubuntu-latest]   | [INFO] --- maven-clean-plugin:2.5:clean (default-clean) @ reflections ---
[63515b6e-afee-4bdc-80dd-b2465ebb195a/Java 8 on ubuntu-latest]   | [INFO] Downloading from central: https://repo.maven.apache.org/maven2/org/apache/maven/maven-plugin-api/2.0.6/maven-plugin-api-2.0.6.pom
[63515b6e-afee-4bdc-80dd-b2465ebb195a/Java 8 on ubuntu-latest]   | [INFO] Downloaded from central: https://repo.maven.apache.org/maven2/org/apache/maven/maven-plugin-api/2.0.6/maven-plugin-api-2.0.6.pom (1.5 kB at 32 kB/s)
[63515b6e-afee-4bdc-80dd-b2465ebb195a/Java 8 on ubuntu-latest]   | [INFO] Downloading from central: https://repo.maven.apache.org/maven2/org/apache/maven/maven/2.0.6/maven-2.0.6.pom
[63515b6e-afee-4bdc-80dd-b2465ebb195a/Java 8 on ubuntu-latest]   | [INFO] Downloaded from central: https://repo.maven.apache.org/maven2/org/apache/maven/maven/2.0.6/maven-2.0.6.pom (9.0 kB at 177 kB/s)
[63515b6e-afee-4bdc-80dd-b2465ebb195a/Java 8 on ubuntu-latest]   | [INFO] Downloading from central: https://repo.maven.apache.org/maven2/org/apache/maven/maven-parent/5/maven-parent-5.pom
[63515b6e-afee-4bdc-80dd-b2465ebb195a/Java 8 on ubuntu-latest]   | [INFO] Downloaded from central: https://repo.maven.apache.org/maven2/org/apache/maven/maven-parent/5/maven-parent-5.pom (15 kB at 508 kB/s)
[63515b6e-afee-4bdc-80dd-b2465ebb195a/Java 8 on ubuntu-latest]   | [INFO] Downloading from central: https://repo.maven.apache.org/maven2/org/apache/apache/3/apache-3.pom
[63515b6e-afee-4bdc-80dd-b2465ebb195a/Java 8 on ubuntu-latest]   | [INFO] Downloaded from central: https://repo.maven.apache.org/maven2/org/apache/apache/3/apache-3.pom (3.4 kB at 75 kB/s)
[63515b6e-afee-4bdc-80dd-b2465ebb195a/Java 8 on ubuntu-latest]   | [INFO] Downloading from central: https://repo.maven.apache.org/maven2/org/codehaus/plexus/plexus-utils/3.0/plexus-utils-3.0.pom
[63515b6e-afee-4bdc-80dd-b2465ebb195a/Java 8 on ubuntu-latest]   | [INFO] Downloaded from central: https://repo.maven.apache.org/maven2/org/codehaus/plexus/plexus-utils/3.0/plexus-utils-3.0.pom (4.1 kB at 107 kB/s)
[63515b6e-afee-4bdc-80dd-b2465ebb195a/Java 8 on ubuntu-latest]   | [INFO] Downloading from central: https://repo.maven.apache.org/maven2/org/sonatype/spice/spice-parent/16/spice-parent-16.pom
[63515b6e-afee-4bdc-80dd-b2465ebb195a/Java 8 on ubuntu-latest]   | [INFO] Downloaded from central: https://repo.maven.apache.org/maven2/org/sonatype/spice/spice-parent/16/spice-parent-16.pom (8.4 kB at 92 kB/s)
[63515b6e-afee-4bdc-80dd-b2465ebb195a/Java 8 on ubuntu-latest]   | [INFO] Downloading from central: https://repo.maven.apache.org/maven2/org/sonatype/forge/forge-parent/5/forge-parent-5.pom
[63515b6e-afee-4bdc-80dd-b2465ebb195a/Java 8 on ubuntu-latest]   | [INFO] Downloaded from central: https://repo.maven.apache.org/maven2/org/sonatype/forge/forge-parent/5/forge-parent-5.pom (8.4 kB at 226 kB/s)
[63515b6e-afee-4bdc-80dd-b2465ebb195a/Java 8 on ubuntu-latest]   | [INFO] Downloading from central: https://repo.maven.apache.org/maven2/org/apache/maven/maven-plugin-api/2.0.6/maven-plugin-api-2.0.6.jar
[63515b6e-afee-4bdc-80dd-b2465ebb195a/Java 8 on ubuntu-latest]   | [INFO] Downloading from central: https://repo.maven.apache.org/maven2/org/codehaus/plexus/plexus-utils/3.0/plexus-utils-3.0.jar
[63515b6e-afee-4bdc-80dd-b2465ebb195a/Java 8 on ubuntu-latest]   | [INFO] Downloaded from central: https://repo.maven.apache.org/maven2/org/apache/maven/maven-plugin-api/2.0.6/maven-plugin-api-2.0.6.jar (13 kB at 429 kB/s)
[63515b6e-afee-4bdc-80dd-b2465ebb195a/Java 8 on ubuntu-latest]   | [INFO] Downloaded from central: https://repo.maven.apache.org/maven2/org/codehaus/plexus/plexus-utils/3.0/plexus-utils-3.0.jar (226 kB at 4.9 MB/s)
[63515b6e-afee-4bdc-80dd-b2465ebb195a/Java 8 on ubuntu-latest]   | [INFO] Deleting /tmp/3c10d7a9-f05d-4ac0-b9d8-73b4af8311ff/target
[63515b6e-afee-4bdc-80dd-b2465ebb195a/Java 8 on ubuntu-latest]   | [INFO] 
[63515b6e-afee-4bdc-80dd-b2465ebb195a/Java 8 on ubuntu-latest]   | [INFO] --- maven-resources-plugin:2.6:resources (default-resources) @ reflections ---
[63515b6e-afee-4bdc-80dd-b2465ebb195a/Java 8 on ubuntu-latest]   | [INFO] Downloading from central: https://repo.maven.apache.org/maven2/org/apache/maven/maven-project/2.0.6/maven-project-2.0.6.pom
[63515b6e-afee-4bdc-80dd-b2465ebb195a/Java 8 on ubuntu-latest]   | [INFO] Downloaded from central: https://repo.maven.apache.org/maven2/org/apache/maven/maven-project/2.0.6/maven-project-2.0.6.pom (2.6 kB at 101 kB/s)
[63515b6e-afee-4bdc-80dd-b2465ebb195a/Java 8 on ubuntu-latest]   | [INFO] Downloading from central: https://repo.maven.apache.org/maven2/org/apache/maven/maven-settings/2.0.6/maven-settings-2.0.6.pom
[63515b6e-afee-4bdc-80dd-b2465ebb195a/Java 8 on ubuntu-latest]   | [INFO] Downloaded from central: https://repo.maven.apache.org/maven2/org/apache/maven/maven-settings/2.0.6/maven-settings-2.0.6.pom (2.0 kB at 91 kB/s)
[63515b6e-afee-4bdc-80dd-b2465ebb195a/Java 8 on ubuntu-latest]   | [INFO] Downloading from central: https://repo.maven.apache.org/maven2/org/apache/maven/maven-model/2.0.6/maven-model-2.0.6.pom
[63515b6e-afee-4bdc-80dd-b2465ebb195a/Java 8 on ubuntu-latest]   | [INFO] Downloaded from central: https://repo.maven.apache.org/maven2/org/apache/maven/maven-model/2.0.6/maven-model-2.0.6.pom (3.0 kB at 160 kB/s)
[63515b6e-afee-4bdc-80dd-b2465ebb195a/Java 8 on ubuntu-latest]   | [INFO] Downloading from central: https://repo.maven.apache.org/maven2/org/codehaus/plexus/plexus-utils/1.4.1/plexus-utils-1.4.1.pom
[63515b6e-afee-4bdc-80dd-b2465ebb195a/Java 8 on ubuntu-latest]   | [INFO] Downloaded from central: https://repo.maven.apache.org/maven2/org/codehaus/plexus/plexus-utils/1.4.1/plexus-utils-1.4.1.pom (1.9 kB at 76 kB/s)
[63515b6e-afee-4bdc-80dd-b2465ebb195a/Java 8 on ubuntu-latest]   | [INFO] Downloading from central: https://repo.maven.apache.org/maven2/org/codehaus/plexus/plexus/1.0.11/plexus-1.0.11.pom
[63515b6e-afee-4bdc-80dd-b2465ebb195a/Java 8 on ubuntu-latest]   | [INFO] Downloaded from central: https://repo.maven.apache.org/maven2/org/codehaus/plexus/plexus/1.0.11/plexus-1.0.11.pom (9.0 kB at 179 kB/s)
[63515b6e-afee-4bdc-80dd-b2465ebb195a/Java 8 on ubuntu-latest]   | [INFO] Downloading from central: https://repo.maven.apache.org/maven2/org/codehaus/plexus/plexus-container-default/1.0-alpha-9-stable-1/plexus-container-default-1.0-alpha-9-stable-1.pom
[63515b6e-afee-4bdc-80dd-b2465ebb195a/Java 8 on ubuntu-latest]   | [INFO] Downloaded from central: https://repo.maven.apache.org/maven2/org/codehaus/plexus/plexus-container-default/1.0-alpha-9-stable-1/plexus-container-default-1.0-alpha-9-stable-1.pom (3.9 kB at 101 kB/s)
[63515b6e-afee-4bdc-80dd-b2465ebb195a/Java 8 on ubuntu-latest]   | [INFO] Downloading from central: https://repo.maven.apache.org/maven2/org/codehaus/plexus/plexus-containers/1.0.3/plexus-containers-1.0.3.pom
[63515b6e-afee-4bdc-80dd-b2465ebb195a/Java 8 on ubuntu-latest]   | [INFO] Downloaded from central: https://repo.maven.apache.org/maven2/org/codehaus/plexus/plexus-containers/1.0.3/plexus-containers-1.0.3.pom (492 B at 1.8 kB/s)
[63515b6e-afee-4bdc-80dd-b2465ebb195a/Java 8 on ubuntu-latest]   | [INFO] Downloading from central: https://repo.maven.apache.org/maven2/org/codehaus/plexus/plexus/1.0.4/plexus-1.0.4.pom
[63515b6e-afee-4bdc-80dd-b2465ebb195a/Java 8 on ubuntu-latest]   | [INFO] Downloaded from central: https://repo.maven.apache.org/maven2/org/codehaus/plexus/plexus/1.0.4/plexus-1.0.4.pom (5.7 kB at 99 kB/s)
[63515b6e-afee-4bdc-80dd-b2465ebb195a/Java 8 on ubuntu-latest]   | [INFO] Downloading from central: https://repo.maven.apache.org/maven2/junit/junit/3.8.1/junit-3.8.1.pom
[63515b6e-afee-4bdc-80dd-b2465ebb195a/Java 8 on ubuntu-latest]   | [INFO] Downloaded from central: https://repo.maven.apache.org/maven2/junit/junit/3.8.1/junit-3.8.1.pom (998 B at 48 kB/s)
[63515b6e-afee-4bdc-80dd-b2465ebb195a/Java 8 on ubuntu-latest]   | [INFO] Downloading from central: https://repo.maven.apache.org/maven2/org/codehaus/plexus/plexus-utils/1.0.4/plexus-utils-1.0.4.pom
[63515b6e-afee-4bdc-80dd-b2465ebb195a/Java 8 on ubuntu-latest]   | [INFO] Downloaded from central: https://repo.maven.apache.org/maven2/org/codehaus/plexus/plexus-utils/1.0.4/plexus-utils-1.0.4.pom (6.9 kB at 254 kB/s)
[63515b6e-afee-4bdc-80dd-b2465ebb195a/Java 8 on ubuntu-latest]   | [INFO] Downloading from central: https://repo.maven.apache.org/maven2/classworlds/classworlds/1.1-alpha-2/classworlds-1.1-alpha-2.pom
[63515b6e-afee-4bdc-80dd-b2465ebb195a/Java 8 on ubuntu-latest]   | [INFO] Downloaded from central: https://repo.maven.apache.org/maven2/classworlds/classworlds/1.1-alpha-2/classworlds-1.1-alpha-2.pom (3.1 kB at 56 kB/s)
[63515b6e-afee-4bdc-80dd-b2465ebb195a/Java 8 on ubuntu-latest]   | [INFO] Downloading from central: https://repo.maven.apache.org/maven2/org/apache/maven/maven-profile/2.0.6/maven-profile-2.0.6.pom
[63515b6e-afee-4bdc-80dd-b2465ebb195a/Java 8 on ubuntu-latest]   | [INFO] Downloaded from central: https://repo.maven.apache.org/maven2/org/apache/maven/maven-profile/2.0.6/maven-profile-2.0.6.pom (2.0 kB at 50 kB/s)
[63515b6e-afee-4bdc-80dd-b2465ebb195a/Java 8 on ubuntu-latest]   | [INFO] Downloading from central: https://repo.maven.apache.org/maven2/org/apache/maven/maven-artifact-manager/2.0.6/maven-artifact-manager-2.0.6.pom
[63515b6e-afee-4bdc-80dd-b2465ebb195a/Java 8 on ubuntu-latest]   | [INFO] Downloaded from central: https://repo.maven.apache.org/maven2/org/apache/maven/maven-artifact-manager/2.0.6/maven-artifact-manager-2.0.6.pom (2.6 kB at 125 kB/s)
[63515b6e-afee-4bdc-80dd-b2465ebb195a/Java 8 on ubuntu-latest]   | [INFO] Downloading from central: https://repo.maven.apache.org/maven2/org/apache/maven/maven-repository-metadata/2.0.6/maven-repository-metadata-2.0.6.pom
[63515b6e-afee-4bdc-80dd-b2465ebb195a/Java 8 on ubuntu-latest]   | [INFO] Downloaded from central: https://repo.maven.apache.org/maven2/org/apache/maven/maven-repository-metadata/2.0.6/maven-repository-metadata-2.0.6.pom (1.9 kB at 109 kB/s)
[63515b6e-afee-4bdc-80dd-b2465ebb195a/Java 8 on ubuntu-latest]   | [INFO] Downloading from central: https://repo.maven.apache.org/maven2/org/apache/maven/maven-artifact/2.0.6/maven-artifact-2.0.6.pom
[63515b6e-afee-4bdc-80dd-b2465ebb195a/Java 8 on ubuntu-latest]   | [INFO] Downloaded from central: https://repo.maven.apache.org/maven2/org/apache/maven/maven-artifact/2.0.6/maven-artifact-2.0.6.pom (1.6 kB at 42 kB/s)
[63515b6e-afee-4bdc-80dd-b2465ebb195a/Java 8 on ubuntu-latest]   | [INFO] Downloading from central: https://repo.maven.apache.org/maven2/org/apache/maven/maven-plugin-registry/2.0.6/maven-plugin-registry-2.0.6.pom
[63515b6e-afee-4bdc-80dd-b2465ebb195a/Java 8 on ubuntu-latest]   | [INFO] Downloaded from central: https://repo.maven.apache.org/maven2/org/apache/maven/maven-plugin-registry/2.0.6/maven-plugin-registry-2.0.6.pom (1.9 kB at 29 kB/s)
[63515b6e-afee-4bdc-80dd-b2465ebb195a/Java 8 on ubuntu-latest]   | [INFO] Downloading from central: https://repo.maven.apache.org/maven2/org/apache/maven/maven-core/2.0.6/maven-core-2.0.6.pom
[63515b6e-afee-4bdc-80dd-b2465ebb195a/Java 8 on ubuntu-latest]   | [INFO] Downloaded from central: https://repo.maven.apache.org/maven2/org/apache/maven/maven-core/2.0.6/maven-core-2.0.6.pom (6.7 kB at 137 kB/s)
[63515b6e-afee-4bdc-80dd-b2465ebb195a/Java 8 on ubuntu-latest]   | [INFO] Downloading from central: https://repo.maven.apache.org/maven2/org/apache/maven/maven-plugin-parameter-documenter/2.0.6/maven-plugin-parameter-documenter-2.0.6.pom
[63515b6e-afee-4bdc-80dd-b2465ebb195a/Java 8 on ubuntu-latest]   | [INFO] Downloaded from central: https://repo.maven.apache.org/maven2/org/apache/maven/maven-plugin-parameter-documenter/2.0.6/maven-plugin-parameter-documenter-2.0.6.pom (1.9 kB at 43 kB/s)
[63515b6e-afee-4bdc-80dd-b2465ebb195a/Java 8 on ubuntu-latest]   | [INFO] Downloading from central: https://repo.maven.apache.org/maven2/org/apache/maven/reporting/maven-reporting-api/2.0.6/maven-reporting-api-2.0.6.pom
[63515b6e-afee-4bdc-80dd-b2465ebb195a/Java 8 on ubuntu-latest]   | [INFO] Downloaded from central: https://repo.maven.apache.org/maven2/org/apache/maven/reporting/maven-reporting-api/2.0.6/maven-reporting-api-2.0.6.pom (1.8 kB at 88 kB/s)
[63515b6e-afee-4bdc-80dd-b2465ebb195a/Java 8 on ubuntu-latest]   | [INFO] Downloading from central: https://repo.maven.apache.org/maven2/org/apache/maven/reporting/maven-reporting/2.0.6/maven-reporting-2.0.6.pom
[63515b6e-afee-4bdc-80dd-b2465ebb195a/Java 8 on ubuntu-latest]   | [INFO] Downloaded from central: https://repo.maven.apache.org/maven2/org/apache/maven/reporting/maven-reporting/2.0.6/maven-reporting-2.0.6.pom (1.4 kB at 31 kB/s)
[63515b6e-afee-4bdc-80dd-b2465ebb195a/Java 8 on ubuntu-latest]   | [INFO] Downloading from central: https://repo.maven.apache.org/maven2/org/apache/maven/doxia/doxia-sink-api/1.0-alpha-7/doxia-sink-api-1.0-alpha-7.pom
[63515b6e-afee-4bdc-80dd-b2465ebb195a/Java 8 on ubuntu-latest]   | [INFO] Downloaded from central: https://repo.maven.apache.org/maven2/org/apache/maven/doxia/doxia-sink-api/1.0-alpha-7/doxia-sink-api-1.0-alpha-7.pom (424 B at 7.9 kB/s)
[63515b6e-afee-4bdc-80dd-b2465ebb195a/Java 8 on ubuntu-latest]   | [INFO] Downloading from central: https://repo.maven.apache.org/maven2/org/apache/maven/doxia/doxia/1.0-alpha-7/doxia-1.0-alpha-7.pom
[63515b6e-afee-4bdc-80dd-b2465ebb195a/Java 8 on ubuntu-latest]   | [INFO] Downloaded from central: https://repo.maven.apache.org/maven2/org/apache/maven/doxia/doxia/1.0-alpha-7/doxia-1.0-alpha-7.pom (3.9 kB at 57 kB/s)
[63515b6e-afee-4bdc-80dd-b2465ebb195a/Java 8 on ubuntu-latest]   | [INFO] Downloading from central: https://repo.maven.apache.org/maven2/org/apache/maven/maven-error-diagnostics/2.0.6/maven-error-diagnostics-2.0.6.pom
[63515b6e-afee-4bdc-80dd-b2465ebb195a/Java 8 on ubuntu-latest]   | [INFO] Downloaded from central: https://repo.maven.apache.org/maven2/org/apache/maven/maven-error-diagnostics/2.0.6/maven-error-diagnostics-2.0.6.pom (1.7 kB at 59 kB/s)
[63515b6e-afee-4bdc-80dd-b2465ebb195a/Java 8 on ubuntu-latest]   | [INFO] Downloading from central: https://repo.maven.apache.org/maven2/commons-cli/commons-cli/1.0/commons-cli-1.0.pom
[63515b6e-afee-4bdc-80dd-b2465ebb195a/Java 8 on ubuntu-latest]   | [INFO] Downloaded from central: https://repo.maven.apache.org/maven2/commons-cli/commons-cli/1.0/commons-cli-1.0.pom (2.1 kB at 88 kB/s)
[63515b6e-afee-4bdc-80dd-b2465ebb195a/Java 8 on ubuntu-latest]   | [INFO] Downloading from central: https://repo.maven.apache.org/maven2/org/apache/maven/maven-plugin-descriptor/2.0.6/maven-plugin-descriptor-2.0.6.pom
[63515b6e-afee-4bdc-80dd-b2465ebb195a/Java 8 on ubuntu-latest]   | [INFO] Downloaded from central: https://repo.maven.apache.org/maven2/org/apache/maven/maven-plugin-descriptor/2.0.6/maven-plugin-descriptor-2.0.6.pom (2.0 kB at 96 kB/s)
[63515b6e-afee-4bdc-80dd-b2465ebb195a/Java 8 on ubuntu-latest]   | [INFO] Downloading from central: https://repo.maven.apache.org/maven2/org/codehaus/plexus/plexus-interactivity-api/1.0-alpha-4/plexus-interactivity-api-1.0-alpha-4.pom
[63515b6e-afee-4bdc-80dd-b2465ebb195a/Java 8 on ubuntu-latest]   | [INFO] Downloaded from central: https://repo.maven.apache.org/maven2/org/codehaus/plexus/plexus-interactivity-api/1.0-alpha-4/plexus-interactivity-api-1.0-alpha-4.pom (7.1 kB at 114 kB/s)
[63515b6e-afee-4bdc-80dd-b2465ebb195a/Java 8 on ubuntu-latest]   | [INFO] Downloading from central: https://repo.maven.apache.org/maven2/org/apache/maven/maven-monitor/2.0.6/maven-monitor-2.0.6.pom
[63515b6e-afee-4bdc-80dd-b2465ebb195a/Java 8 on ubuntu-latest]   | [INFO] Downloaded from central: https://repo.maven.apache.org/maven2/org/apache/maven/maven-monitor/2.0.6/maven-monitor-2.0.6.pom (1.3 kB at 25 kB/s)
[63515b6e-afee-4bdc-80dd-b2465ebb195a/Java 8 on ubuntu-latest]   | [INFO] Downloading from central: https://repo.maven.apache.org/maven2/classworlds/classworlds/1.1/classworlds-1.1.pom
[63515b6e-afee-4bdc-80dd-b2465ebb195a/Java 8 on ubuntu-latest]   | [INFO] Downloaded from central: https://repo.maven.apache.org/maven2/classworlds/classworlds/1.1/classworlds-1.1.pom (3.3 kB at 43 kB/s)
[63515b6e-afee-4bdc-80dd-b2465ebb195a/Java 8 on ubuntu-latest]   | [INFO] Downloading from central: https://repo.maven.apache.org/maven2/org/codehaus/plexus/plexus-utils/2.0.5/plexus-utils-2.0.5.pom
[63515b6e-afee-4bdc-80dd-b2465ebb195a/Java 8 on ubuntu-latest]   | [INFO] Downloaded from central: https://repo.maven.apache.org/maven2/org/codehaus/plexus/plexus-utils/2.0.5/plexus-utils-2.0.5.pom (3.3 kB at 76 kB/s)
[63515b6e-afee-4bdc-80dd-b2465ebb195a/Java 8 on ubuntu-latest]   | [INFO] Downloading from central: https://repo.maven.apache.org/maven2/org/codehaus/plexus/plexus/2.0.6/plexus-2.0.6.pom
[63515b6e-afee-4bdc-80dd-b2465ebb195a/Java 8 on ubuntu-latest]   | [INFO] Downloaded from central: https://repo.maven.apache.org/maven2/org/codehaus/plexus/plexus/2.0.6/plexus-2.0.6.pom (17 kB at 258 kB/s)
[63515b6e-afee-4bdc-80dd-b2465ebb195a/Java 8 on ubuntu-latest]   | [INFO] Downloading from central: https://repo.maven.apache.org/maven2/org/apache/maven/shared/maven-filtering/1.1/maven-filtering-1.1.pom
[63515b6e-afee-4bdc-80dd-b2465ebb195a/Java 8 on ubuntu-latest]   | [INFO] Downloaded from central: https://repo.maven.apache.org/maven2/org/apache/maven/shared/maven-filtering/1.1/maven-filtering-1.1.pom (5.8 kB at 181 kB/s)
[63515b6e-afee-4bdc-80dd-b2465ebb195a/Java 8 on ubuntu-latest]   | [INFO] Downloading from central: https://repo.maven.apache.org/maven2/org/apache/maven/shared/maven-shared-components/17/maven-shared-components-17.pom
[63515b6e-afee-4bdc-80dd-b2465ebb195a/Java 8 on ubuntu-latest]   | [INFO] Downloaded from central: https://repo.maven.apache.org/maven2/org/apache/maven/shared/maven-shared-components/17/maven-shared-components-17.pom (8.7 kB at 218 kB/s)
[63515b6e-afee-4bdc-80dd-b2465ebb195a/Java 8 on ubuntu-latest]   | [INFO] Downloading from central: https://repo.maven.apache.org/maven2/org/codehaus/plexus/plexus-utils/1.5.15/plexus-utils-1.5.15.pom
[63515b6e-afee-4bdc-80dd-b2465ebb195a/Java 8 on ubuntu-latest]   | [INFO] Downloaded from central: https://repo.maven.apache.org/maven2/org/codehaus/plexus/plexus-utils/1.5.15/plexus-utils-1.5.15.pom (6.8 kB at 236 kB/s)
[63515b6e-afee-4bdc-80dd-b2465ebb195a/Java 8 on ubuntu-latest]   | [INFO] Downloading from central: https://repo.maven.apache.org/maven2/org/codehaus/plexus/plexus/2.0.2/plexus-2.0.2.pom
[63515b6e-afee-4bdc-80dd-b2465ebb195a/Java 8 on ubuntu-latest]   | [INFO] Downloaded from central: https://repo.maven.apache.org/maven2/org/codehaus/plexus/plexus/2.0.2/plexus-2.0.2.pom (12 kB at 322 kB/s)
[63515b6e-afee-4bdc-80dd-b2465ebb195a/Java 8 on ubuntu-latest]   | [INFO] Downloading from central: https://repo.maven.apache.org/maven2/org/codehaus/plexus/plexus-interpolation/1.12/plexus-interpolation-1.12.pom
[63515b6e-afee-4bdc-80dd-b2465ebb195a/Java 8 on ubuntu-latest]   | [INFO] Downloaded from central: https://repo.maven.apache.org/maven2/org/codehaus/plexus/plexus-interpolation/1.12/plexus-interpolation-1.12.pom (889 B at 42 kB/s)
[63515b6e-afee-4bdc-80dd-b2465ebb195a/Java 8 on ubuntu-latest]   | [INFO] Downloading from central: https://repo.maven.apache.org/maven2/org/codehaus/plexus/plexus-components/1.1.14/plexus-components-1.1.14.pom
[63515b6e-afee-4bdc-80dd-b2465ebb195a/Java 8 on ubuntu-latest]   | [INFO] Downloaded from central: https://repo.maven.apache.org/maven2/org/codehaus/plexus/plexus-components/1.1.14/plexus-components-1.1.14.pom (5.8 kB at 195 kB/s)
[63515b6e-afee-4bdc-80dd-b2465ebb195a/Java 8 on ubuntu-latest]   | [INFO] Downloading from central: https://repo.maven.apache.org/maven2/org/sonatype/plexus/plexus-build-api/0.0.4/plexus-build-api-0.0.4.pom
[63515b6e-afee-4bdc-80dd-b2465ebb195a/Java 8 on ubuntu-latest]   | [INFO] Downloaded from central: https://repo.maven.apache.org/maven2/org/sonatype/plexus/plexus-build-api/0.0.4/plexus-build-api-0.0.4.pom (2.9 kB at 106 kB/s)
[63515b6e-afee-4bdc-80dd-b2465ebb195a/Java 8 on ubuntu-latest]   | [INFO] Downloading from central: https://repo.maven.apache.org/maven2/org/sonatype/spice/spice-parent/10/spice-parent-10.pom
[63515b6e-afee-4bdc-80dd-b2465ebb195a/Java 8 on ubuntu-latest]   | [INFO] Downloaded from central: https://repo.maven.apache.org/maven2/org/sonatype/spice/spice-parent/10/spice-parent-10.pom (3.0 kB at 137 kB/s)
[63515b6e-afee-4bdc-80dd-b2465ebb195a/Java 8 on ubuntu-latest]   | [INFO] Downloading from central: https://repo.maven.apache.org/maven2/org/sonatype/forge/forge-parent/3/forge-parent-3.pom
[63515b6e-afee-4bdc-80dd-b2465ebb195a/Java 8 on ubuntu-latest]   | [INFO] Downloaded from central: https://repo.maven.apache.org/maven2/org/sonatype/forge/forge-parent/3/forge-parent-3.pom (5.0 kB at 117 kB/s)
[63515b6e-afee-4bdc-80dd-b2465ebb195a/Java 8 on ubuntu-latest]   | [INFO] Downloading from central: https://repo.maven.apache.org/maven2/org/codehaus/plexus/plexus-utils/1.5.8/plexus-utils-1.5.8.pom
[63515b6e-afee-4bdc-80dd-b2465ebb195a/Java 8 on ubuntu-latest]   | [INFO] Downloaded from central: https://repo.maven.apache.org/maven2/org/codehaus/plexus/plexus-utils/1.5.8/plexus-utils-1.5.8.pom (8.1 kB at 244 kB/s)
[63515b6e-afee-4bdc-80dd-b2465ebb195a/Java 8 on ubuntu-latest]   | [INFO] Downloading from central: https://repo.maven.apache.org/maven2/org/codehaus/plexus/plexus-interpolation/1.13/plexus-interpolation-1.13.pom
[63515b6e-afee-4bdc-80dd-b2465ebb195a/Java 8 on ubuntu-latest]   | [INFO] Downloaded from central: https://repo.maven.apache.org/maven2/org/codehaus/plexus/plexus-interpolation/1.13/plexus-interpolation-1.13.pom (890 B at 33 kB/s)
[63515b6e-afee-4bdc-80dd-b2465ebb195a/Java 8 on ubuntu-latest]   | [INFO] Downloading from central: https://repo.maven.apache.org/maven2/org/codehaus/plexus/plexus-components/1.1.15/plexus-components-1.1.15.pom
[63515b6e-afee-4bdc-80dd-b2465ebb195a/Java 8 on ubuntu-latest]   | [INFO] Downloaded from central: https://repo.maven.apache.org/maven2/org/codehaus/plexus/plexus-components/1.1.15/plexus-components-1.1.15.pom (2.8 kB at 102 kB/s)
[63515b6e-afee-4bdc-80dd-b2465ebb195a/Java 8 on ubuntu-latest]   | [INFO] Downloading from central: https://repo.maven.apache.org/maven2/org/codehaus/plexus/plexus/2.0.3/plexus-2.0.3.pom
[63515b6e-afee-4bdc-80dd-b2465ebb195a/Java 8 on ubuntu-latest]   | [INFO] Downloaded from central: https://repo.maven.apache.org/maven2/org/codehaus/plexus/plexus/2.0.3/plexus-2.0.3.pom (15 kB at 387 kB/s)
[63515b6e-afee-4bdc-80dd-b2465ebb195a/Java 8 on ubuntu-latest]   | [INFO] Downloading from central: https://repo.maven.apache.org/maven2/org/apache/maven/maven-project/2.0.6/maven-project-2.0.6.jar
[63515b6e-afee-4bdc-80dd-b2465ebb195a/Java 8 on ubuntu-latest]   | [INFO] Downloading from central: https://repo.maven.apache.org/maven2/org/apache/maven/maven-profile/2.0.6/maven-profile-2.0.6.jar
[63515b6e-afee-4bdc-80dd-b2465ebb195a/Java 8 on ubuntu-latest]   | [INFO] Downloading from central: https://repo.maven.apache.org/maven2/org/apache/maven/maven-artifact-manager/2.0.6/maven-artifact-manager-2.0.6.jar
[63515b6e-afee-4bdc-80dd-b2465ebb195a/Java 8 on ubuntu-latest]   | [INFO] Downloading from central: https://repo.maven.apache.org/maven2/org/apache/maven/maven-core/2.0.6/maven-core-2.0.6.jar
[63515b6e-afee-4bdc-80dd-b2465ebb195a/Java 8 on ubuntu-latest]   | [INFO] Downloading from central: https://repo.maven.apache.org/maven2/org/apache/maven/maven-plugin-registry/2.0.6/maven-plugin-registry-2.0.6.jar
[63515b6e-afee-4bdc-80dd-b2465ebb195a/Java 8 on ubuntu-latest]   | [INFO] Downloaded from central: https://repo.maven.apache.org/maven2/org/apache/maven/maven-artifact-manager/2.0.6/maven-artifact-manager-2.0.6.jar (57 kB at 1.8 MB/s)
[63515b6e-afee-4bdc-80dd-b2465ebb195a/Java 8 on ubuntu-latest]   | [INFO] Downloading from central: https://repo.maven.apache.org/maven2/org/apache/maven/maven-plugin-parameter-documenter/2.0.6/maven-plugin-parameter-documenter-2.0.6.jar
[63515b6e-afee-4bdc-80dd-b2465ebb195a/Java 8 on ubuntu-latest]   | [INFO] Downloaded from central: https://repo.maven.apache.org/maven2/org/apache/maven/maven-profile/2.0.6/maven-profile-2.0.6.jar (35 kB at 1.1 MB/s)
[63515b6e-afee-4bdc-80dd-b2465ebb195a/Java 8 on ubuntu-latest]   | [INFO] Downloading from central: https://repo.maven.apache.org/maven2/org/apache/maven/reporting/maven-reporting-api/2.0.6/maven-reporting-api-2.0.6.jar
[63515b6e-afee-4bdc-80dd-b2465ebb195a/Java 8 on ubuntu-latest]   | [INFO] Downloaded from central: https://repo.maven.apache.org/maven2/org/apache/maven/maven-core/2.0.6/maven-core-2.0.6.jar (152 kB at 5.2 MB/s)
[63515b6e-afee-4bdc-80dd-b2465ebb195a/Java 8 on ubuntu-latest]   | [INFO] Downloading from central: https://repo.maven.apache.org/maven2/org/apache/maven/doxia/doxia-sink-api/1.0-alpha-7/doxia-sink-api-1.0-alpha-7.jar
[63515b6e-afee-4bdc-80dd-b2465ebb195a/Java 8 on ubuntu-latest]   | [INFO] Downloaded from central: https://repo.maven.apache.org/maven2/org/apache/maven/maven-plugin-registry/2.0.6/maven-plugin-registry-2.0.6.jar (29 kB at 742 kB/s)
[63515b6e-afee-4bdc-80dd-b2465ebb195a/Java 8 on ubuntu-latest]   | [INFO] Downloading from central: https://repo.maven.apache.org/maven2/org/apache/maven/maven-repository-metadata/2.0.6/maven-repository-metadata-2.0.6.jar
[63515b6e-afee-4bdc-80dd-b2465ebb195a/Java 8 on ubuntu-latest]   | [INFO] Downloaded from central: https://repo.maven.apache.org/maven2/org/apache/maven/reporting/maven-reporting-api/2.0.6/maven-reporting-api-2.0.6.jar (9.9 kB at 216 kB/s)
[63515b6e-afee-4bdc-80dd-b2465ebb195a/Java 8 on ubuntu-latest]   | [INFO] Downloading from central: https://repo.maven.apache.org/maven2/org/apache/maven/maven-error-diagnostics/2.0.6/maven-error-diagnostics-2.0.6.jar
[63515b6e-afee-4bdc-80dd-b2465ebb195a/Java 8 on ubuntu-latest]   | [INFO] Downloaded from central: https://repo.maven.apache.org/maven2/org/apache/maven/doxia/doxia-sink-api/1.0-alpha-7/doxia-sink-api-1.0-alpha-7.jar (5.9 kB at 108 kB/s)
[63515b6e-afee-4bdc-80dd-b2465ebb195a/Java 8 on ubuntu-latest]   | [INFO] Downloading from central: https://repo.maven.apache.org/maven2/commons-cli/commons-cli/1.0/commons-cli-1.0.jar
[63515b6e-afee-4bdc-80dd-b2465ebb195a/Java 8 on ubuntu-latest]   | [INFO] Downloaded from central: https://repo.maven.apache.org/maven2/org/apache/maven/maven-repository-metadata/2.0.6/maven-repository-metadata-2.0.6.jar (24 kB at 408 kB/s)
[63515b6e-afee-4bdc-80dd-b2465ebb195a/Java 8 on ubuntu-latest]   | [INFO] Downloading from central: https://repo.maven.apache.org/maven2/org/apache/maven/maven-plugin-descriptor/2.0.6/maven-plugin-descriptor-2.0.6.jar
[63515b6e-afee-4bdc-80dd-b2465ebb195a/Java 8 on ubuntu-latest]   | [INFO] Downloaded from central: https://repo.maven.apache.org/maven2/org/apache/maven/maven-plugin-parameter-documenter/2.0.6/maven-plugin-parameter-documenter-2.0.6.jar (21 kB at 280 kB/s)
[63515b6e-afee-4bdc-80dd-b2465ebb195a/Java 8 on ubuntu-latest]   | [INFO] Downloading from central: https://repo.maven.apache.org/maven2/org/codehaus/plexus/plexus-interactivity-api/1.0-alpha-4/plexus-interactivity-api-1.0-alpha-4.jar
[63515b6e-afee-4bdc-80dd-b2465ebb195a/Java 8 on ubuntu-latest]   | [INFO] Downloaded from central: https://repo.maven.apache.org/maven2/commons-cli/commons-cli/1.0/commons-cli-1.0.jar (30 kB at 276 kB/s)
[63515b6e-afee-4bdc-80dd-b2465ebb195a/Java 8 on ubuntu-latest]   | [INFO] Downloading from central: https://repo.maven.apache.org/maven2/classworlds/classworlds/1.1/classworlds-1.1.jar
[63515b6e-afee-4bdc-80dd-b2465ebb195a/Java 8 on ubuntu-latest]   | [INFO] Downloaded from central: https://repo.maven.apache.org/maven2/org/apache/maven/maven-error-diagnostics/2.0.6/maven-error-diagnostics-2.0.6.jar (14 kB at 123 kB/s)
[63515b6e-afee-4bdc-80dd-b2465ebb195a/Java 8 on ubuntu-latest]   | [INFO] Downloaded from central: https://repo.maven.apache.org/maven2/org/apache/maven/maven-project/2.0.6/maven-project-2.0.6.jar (116 kB at 945 kB/s)
[63515b6e-afee-4bdc-80dd-b2465ebb195a/Java 8 on ubuntu-latest]   | [INFO] Downloading from central: https://repo.maven.apache.org/maven2/org/apache/maven/maven-artifact/2.0.6/maven-artifact-2.0.6.jar
[63515b6e-afee-4bdc-80dd-b2465ebb195a/Java 8 on ubuntu-latest]   | [INFO] Downloading from central: https://repo.maven.apache.org/maven2/org/apache/maven/maven-settings/2.0.6/maven-settings-2.0.6.jar
[63515b6e-afee-4bdc-80dd-b2465ebb195a/Java 8 on ubuntu-latest]   | [INFO] Downloaded from central: https://repo.maven.apache.org/maven2/org/codehaus/plexus/plexus-interactivity-api/1.0-alpha-4/plexus-interactivity-api-1.0-alpha-4.jar (13 kB at 112 kB/s)
[63515b6e-afee-4bdc-80dd-b2465ebb195a/Java 8 on ubuntu-latest]   | [INFO] Downloading from central: https://repo.maven.apache.org/maven2/org/apache/maven/maven-model/2.0.6/maven-model-2.0.6.jar
[63515b6e-afee-4bdc-80dd-b2465ebb195a/Java 8 on ubuntu-latest]   | [INFO] Downloaded from central: https://repo.maven.apache.org/maven2/classworlds/classworlds/1.1/classworlds-1.1.jar (38 kB at 287 kB/s)
[63515b6e-afee-4bdc-80dd-b2465ebb195a/Java 8 on ubuntu-latest]   | [INFO] Downloading from central: https://repo.maven.apache.org/maven2/org/apache/maven/maven-monitor/2.0.6/maven-monitor-2.0.6.jar
[63515b6e-afee-4bdc-80dd-b2465ebb195a/Java 8 on ubuntu-latest]   | [INFO] Downloaded from central: https://repo.maven.apache.org/maven2/org/apache/maven/maven-plugin-descriptor/2.0.6/maven-plugin-descriptor-2.0.6.jar (37 kB at 271 kB/s)
[63515b6e-afee-4bdc-80dd-b2465ebb195a/Java 8 on ubuntu-latest]   | [INFO] Downloading from central: https://repo.maven.apache.org/maven2/org/codehaus/plexus/plexus-container-default/1.0-alpha-9-stable-1/plexus-container-default-1.0-alpha-9-stable-1.jar
[63515b6e-afee-4bdc-80dd-b2465ebb195a/Java 8 on ubuntu-latest]   | [INFO] Downloaded from central: https://repo.maven.apache.org/maven2/org/apache/maven/maven-artifact/2.0.6/maven-artifact-2.0.6.jar (87 kB at 607 kB/s)
[63515b6e-afee-4bdc-80dd-b2465ebb195a/Java 8 on ubuntu-latest]   | [INFO] Downloading from central: https://repo.maven.apache.org/maven2/junit/junit/3.8.1/junit-3.8.1.jar
[63515b6e-afee-4bdc-80dd-b2465ebb195a/Java 8 on ubuntu-latest]   | [INFO] Downloaded from central: https://repo.maven.apache.org/maven2/org/apache/maven/maven-model/2.0.6/maven-model-2.0.6.jar (86 kB at 588 kB/s)
[63515b6e-afee-4bdc-80dd-b2465ebb195a/Java 8 on ubuntu-latest]   | [INFO] Downloading from central: https://repo.maven.apache.org/maven2/org/codehaus/plexus/plexus-utils/2.0.5/plexus-utils-2.0.5.jar
[63515b6e-afee-4bdc-80dd-b2465ebb195a/Java 8 on ubuntu-latest]   | [INFO] Downloaded from central: https://repo.maven.apache.org/maven2/org/apache/maven/maven-settings/2.0.6/maven-settings-2.0.6.jar (49 kB at 317 kB/s)
[63515b6e-afee-4bdc-80dd-b2465ebb195a/Java 8 on ubuntu-latest]   | [INFO] Downloading from central: https://repo.maven.apache.org/maven2/org/apache/maven/shared/maven-filtering/1.1/maven-filtering-1.1.jar
[63515b6e-afee-4bdc-80dd-b2465ebb195a/Java 8 on ubuntu-latest]   | [INFO] Downloaded from central: https://repo.maven.apache.org/maven2/org/apache/maven/maven-monitor/2.0.6/maven-monitor-2.0.6.jar (10 kB at 64 kB/s)
[63515b6e-afee-4bdc-80dd-b2465ebb195a/Java 8 on ubuntu-latest]   | [INFO] Downloading from central: https://repo.maven.apache.org/maven2/org/sonatype/plexus/plexus-build-api/0.0.4/plexus-build-api-0.0.4.jar
[63515b6e-afee-4bdc-80dd-b2465ebb195a/Java 8 on ubuntu-latest]   | [INFO] Downloaded from central: https://repo.maven.apache.org/maven2/org/codehaus/plexus/plexus-container-default/1.0-alpha-9-stable-1/plexus-container-default-1.0-alpha-9-stable-1.jar (194 kB at 1.1 MB/s)
[63515b6e-afee-4bdc-80dd-b2465ebb195a/Java 8 on ubuntu-latest]   | [INFO] Downloading from central: https://repo.maven.apache.org/maven2/org/codehaus/plexus/plexus-interpolation/1.13/plexus-interpolation-1.13.jar
[63515b6e-afee-4bdc-80dd-b2465ebb195a/Java 8 on ubuntu-latest]   | [INFO] Downloaded from central: https://repo.maven.apache.org/maven2/org/apache/maven/shared/maven-filtering/1.1/maven-filtering-1.1.jar (43 kB at 236 kB/s)
[63515b6e-afee-4bdc-80dd-b2465ebb195a/Java 8 on ubuntu-latest]   | [INFO] Downloaded from central: https://repo.maven.apache.org/maven2/org/sonatype/plexus/plexus-build-api/0.0.4/plexus-build-api-0.0.4.jar (6.8 kB at 36 kB/s)
[63515b6e-afee-4bdc-80dd-b2465ebb195a/Java 8 on ubuntu-latest]   | [INFO] Downloaded from central: https://repo.maven.apache.org/maven2/org/codehaus/plexus/plexus-utils/2.0.5/plexus-utils-2.0.5.jar (223 kB at 1.2 MB/s)
[63515b6e-afee-4bdc-80dd-b2465ebb195a/Java 8 on ubuntu-latest]   | [INFO] Downloaded from central: https://repo.maven.apache.org/maven2/org/codehaus/plexus/plexus-interpolation/1.13/plexus-interpolation-1.13.jar (61 kB at 295 kB/s)
[63515b6e-afee-4bdc-80dd-b2465ebb195a/Java 8 on ubuntu-latest]   | [INFO] Downloaded from central: https://repo.maven.apache.org/maven2/junit/junit/3.8.1/junit-3.8.1.jar (121 kB at 561 kB/s)
[63515b6e-afee-4bdc-80dd-b2465ebb195a/Java 8 on ubuntu-latest]   | [WARNING] Using platform encoding (UTF-8 actually) to copy filtered resources, i.e. build is platform dependent!
[63515b6e-afee-4bdc-80dd-b2465ebb195a/Java 8 on ubuntu-latest]   | [INFO] skip non existing resourceDirectory /tmp/3c10d7a9-f05d-4ac0-b9d8-73b4af8311ff/src/main/resources
[63515b6e-afee-4bdc-80dd-b2465ebb195a/Java 8 on ubuntu-latest]   | [INFO] 
[63515b6e-afee-4bdc-80dd-b2465ebb195a/Java 8 on ubuntu-latest]   | [INFO] --- maven-compiler-plugin:3.1:compile (default-compile) @ reflections ---
[63515b6e-afee-4bdc-80dd-b2465ebb195a/Java 8 on ubuntu-latest]   | [INFO] Downloading from central: https://repo.maven.apache.org/maven2/org/apache/maven/maven-plugin-api/2.0.9/maven-plugin-api-2.0.9.pom
[63515b6e-afee-4bdc-80dd-b2465ebb195a/Java 8 on ubuntu-latest]   | [INFO] Downloaded from central: https://repo.maven.apache.org/maven2/org/apache/maven/maven-plugin-api/2.0.9/maven-plugin-api-2.0.9.pom (1.5 kB at 55 kB/s)
[63515b6e-afee-4bdc-80dd-b2465ebb195a/Java 8 on ubuntu-latest]   | [INFO] Downloading from central: https://repo.maven.apache.org/maven2/org/apache/maven/maven/2.0.9/maven-2.0.9.pom
[63515b6e-afee-4bdc-80dd-b2465ebb195a/Java 8 on ubuntu-latest]   | [INFO] Downloaded from central: https://repo.maven.apache.org/maven2/org/apache/maven/maven/2.0.9/maven-2.0.9.pom (19 kB at 278 kB/s)
[63515b6e-afee-4bdc-80dd-b2465ebb195a/Java 8 on ubuntu-latest]   | [INFO] Downloading from central: https://repo.maven.apache.org/maven2/org/apache/maven/maven-parent/8/maven-parent-8.pom
[63515b6e-afee-4bdc-80dd-b2465ebb195a/Java 8 on ubuntu-latest]   | [INFO] Downloaded from central: https://repo.maven.apache.org/maven2/org/apache/maven/maven-parent/8/maven-parent-8.pom (24 kB at 1.0 MB/s)
[63515b6e-afee-4bdc-80dd-b2465ebb195a/Java 8 on ubuntu-latest]   | [INFO] Downloading from central: https://repo.maven.apache.org/maven2/org/apache/maven/maven-artifact/2.0.9/maven-artifact-2.0.9.pom
[63515b6e-afee-4bdc-80dd-b2465ebb195a/Java 8 on ubuntu-latest]   | [INFO] Downloaded from central: https://repo.maven.apache.org/maven2/org/apache/maven/maven-artifact/2.0.9/maven-artifact-2.0.9.pom (1.6 kB at 45 kB/s)
[63515b6e-afee-4bdc-80dd-b2465ebb195a/Java 8 on ubuntu-latest]   | [INFO] Downloading from central: https://repo.maven.apache.org/maven2/org/codehaus/plexus/plexus-utils/1.5.1/plexus-utils-1.5.1.pom
[63515b6e-afee-4bdc-80dd-b2465ebb195a/Java 8 on ubuntu-latest]   | [INFO] Downloaded from central: https://repo.maven.apache.org/maven2/org/codehaus/plexus/plexus-utils/1.5.1/plexus-utils-1.5.1.pom (2.3 kB at 41 kB/s)
[63515b6e-afee-4bdc-80dd-b2465ebb195a/Java 8 on ubuntu-latest]   | [INFO] Downloading from central: https://repo.maven.apache.org/maven2/org/apache/maven/maven-core/2.0.9/maven-core-2.0.9.pom
[63515b6e-afee-4bdc-80dd-b2465ebb195a/Java 8 on ubuntu-latest]   | [INFO] Downloaded from central: https://repo.maven.apache.org/maven2/org/apache/maven/maven-core/2.0.9/maven-core-2.0.9.pom (7.8 kB at 229 kB/s)
[63515b6e-afee-4bdc-80dd-b2465ebb195a/Java 8 on ubuntu-latest]   | [INFO] Downloading from central: https://repo.maven.apache.org/maven2/org/apache/maven/maven-settings/2.0.9/maven-settings-2.0.9.pom
[63515b6e-afee-4bdc-80dd-b2465ebb195a/Java 8 on ubuntu-latest]   | [INFO] Downloaded from central: https://repo.maven.apache.org/maven2/org/apache/maven/maven-settings/2.0.9/maven-settings-2.0.9.pom (2.1 kB at 114 kB/s)
[63515b6e-afee-4bdc-80dd-b2465ebb195a/Java 8 on ubuntu-latest]   | [INFO] Downloading from central: https://repo.maven.apache.org/maven2/org/apache/maven/maven-model/2.0.9/maven-model-2.0.9.pom
[63515b6e-afee-4bdc-80dd-b2465ebb195a/Java 8 on ubuntu-latest]   | [INFO] Downloaded from central: https://repo.maven.apache.org/maven2/org/apache/maven/maven-model/2.0.9/maven-model-2.0.9.pom (3.1 kB at 150 kB/s)
[63515b6e-afee-4bdc-80dd-b2465ebb195a/Java 8 on ubuntu-latest]   | [INFO] Downloading from central: https://repo.maven.apache.org/maven2/org/apache/maven/maven-plugin-parameter-documenter/2.0.9/maven-plugin-parameter-documenter-2.0.9.pom
[63515b6e-afee-4bdc-80dd-b2465ebb195a/Java 8 on ubuntu-latest]   | [INFO] Downloaded from central: https://repo.maven.apache.org/maven2/org/apache/maven/maven-plugin-parameter-documenter/2.0.9/maven-plugin-parameter-documenter-2.0.9.pom (2.0 kB at 98 kB/s)
[63515b6e-afee-4bdc-80dd-b2465ebb195a/Java 8 on ubuntu-latest]   | [INFO] Downloading from central: https://repo.maven.apache.org/maven2/org/apache/maven/maven-profile/2.0.9/maven-profile-2.0.9.pom
[63515b6e-afee-4bdc-80dd-b2465ebb195a/Java 8 on ubuntu-latest]   | [INFO] Downloaded from central: https://repo.maven.apache.org/maven2/org/apache/maven/maven-profile/2.0.9/maven-profile-2.0.9.pom (2.0 kB at 102 kB/s)
[63515b6e-afee-4bdc-80dd-b2465ebb195a/Java 8 on ubuntu-latest]   | [INFO] Downloading from central: https://repo.maven.apache.org/maven2/org/apache/maven/maven-repository-metadata/2.0.9/maven-repository-metadata-2.0.9.pom
[63515b6e-afee-4bdc-80dd-b2465ebb195a/Java 8 on ubuntu-latest]   | [INFO] Downloaded from central: https://repo.maven.apache.org/maven2/org/apache/maven/maven-repository-metadata/2.0.9/maven-repository-metadata-2.0.9.pom (1.9 kB at 91 kB/s)
[63515b6e-afee-4bdc-80dd-b2465ebb195a/Java 8 on ubuntu-latest]   | [INFO] Downloading from central: https://repo.maven.apache.org/maven2/org/apache/maven/maven-error-diagnostics/2.0.9/maven-error-diagnostics-2.0.9.pom
[63515b6e-afee-4bdc-80dd-b2465ebb195a/Java 8 on ubuntu-latest]   | [INFO] Downloaded from central: https://repo.maven.apache.org/maven2/org/apache/maven/maven-error-diagnostics/2.0.9/maven-error-diagnostics-2.0.9.pom (1.7 kB at 76 kB/s)
[63515b6e-afee-4bdc-80dd-b2465ebb195a/Java 8 on ubuntu-latest]   | [INFO] Downloading from central: https://repo.maven.apache.org/maven2/org/apache/maven/maven-project/2.0.9/maven-project-2.0.9.pom
[63515b6e-afee-4bdc-80dd-b2465ebb195a/Java 8 on ubuntu-latest]   | [INFO] Downloaded from central: https://repo.maven.apache.org/maven2/org/apache/maven/maven-project/2.0.9/maven-project-2.0.9.pom (2.7 kB at 108 kB/s)
[63515b6e-afee-4bdc-80dd-b2465ebb195a/Java 8 on ubuntu-latest]   | [INFO] Downloading from central: https://repo.maven.apache.org/maven2/org/apache/maven/maven-artifact-manager/2.0.9/maven-artifact-manager-2.0.9.pom
[63515b6e-afee-4bdc-80dd-b2465ebb195a/Java 8 on ubuntu-latest]   | [INFO] Downloaded from central: https://repo.maven.apache.org/maven2/org/apache/maven/maven-artifact-manager/2.0.9/maven-artifact-manager-2.0.9.pom (2.7 kB at 117 kB/s)
[63515b6e-afee-4bdc-80dd-b2465ebb195a/Java 8 on ubuntu-latest]   | [INFO] Downloading from central: https://repo.maven.apache.org/maven2/org/apache/maven/maven-plugin-registry/2.0.9/maven-plugin-registry-2.0.9.pom
[63515b6e-afee-4bdc-80dd-b2465ebb195a/Java 8 on ubuntu-latest]   | [INFO] Downloaded from central: https://repo.maven.apache.org/maven2/org/apache/maven/maven-plugin-registry/2.0.9/maven-plugin-registry-2.0.9.pom (2.0 kB at 41 kB/s)
[63515b6e-afee-4bdc-80dd-b2465ebb195a/Java 8 on ubuntu-latest]   | [INFO] Downloading from central: https://repo.maven.apache.org/maven2/org/apache/maven/maven-plugin-descriptor/2.0.9/maven-plugin-descriptor-2.0.9.pom
[63515b6e-afee-4bdc-80dd-b2465ebb195a/Java 8 on ubuntu-latest]   | [INFO] Downloaded from central: https://repo.maven.apache.org/maven2/org/apache/maven/maven-plugin-descriptor/2.0.9/maven-plugin-descriptor-2.0.9.pom (2.1 kB at 115 kB/s)
[63515b6e-afee-4bdc-80dd-b2465ebb195a/Java 8 on ubuntu-latest]   | [INFO] Downloading from central: https://repo.maven.apache.org/maven2/org/apache/maven/maven-monitor/2.0.9/maven-monitor-2.0.9.pom
[63515b6e-afee-4bdc-80dd-b2465ebb195a/Java 8 on ubuntu-latest]   | [INFO] Downloaded from central: https://repo.maven.apache.org/maven2/org/apache/maven/maven-monitor/2.0.9/maven-monitor-2.0.9.pom (1.3 kB at 56 kB/s)
[63515b6e-afee-4bdc-80dd-b2465ebb195a/Java 8 on ubuntu-latest]   | [INFO] Downloading from central: https://repo.maven.apache.org/maven2/org/apache/maven/maven-toolchain/1.0/maven-toolchain-1.0.pom
[63515b6e-afee-4bdc-80dd-b2465ebb195a/Java 8 on ubuntu-latest]   | [INFO] Downloaded from central: https://repo.maven.apache.org/maven2/org/apache/maven/maven-toolchain/1.0/maven-toolchain-1.0.pom (3.4 kB at 81 kB/s)
[63515b6e-afee-4bdc-80dd-b2465ebb195a/Java 8 on ubuntu-latest]   | [INFO] Downloading from central: https://repo.maven.apache.org/maven2/org/apache/maven/shared/maven-shared-utils/0.1/maven-shared-utils-0.1.pom
[63515b6e-afee-4bdc-80dd-b2465ebb195a/Java 8 on ubuntu-latest]   | [INFO] Downloaded from central: https://repo.maven.apache.org/maven2/org/apache/maven/shared/maven-shared-utils/0.1/maven-shared-utils-0.1.pom (4.0 kB at 109 kB/s)
[63515b6e-afee-4bdc-80dd-b2465ebb195a/Java 8 on ubuntu-latest]   | [INFO] Downloading from central: https://repo.maven.apache.org/maven2/org/apache/maven/shared/maven-shared-components/18/maven-shared-components-18.pom
[63515b6e-afee-4bdc-80dd-b2465ebb195a/Java 8 on ubuntu-latest]   | [INFO] Downloaded from central: https://repo.maven.apache.org/maven2/org/apache/maven/shared/maven-shared-components/18/maven-shared-components-18.pom (4.9 kB at 145 kB/s)
[63515b6e-afee-4bdc-80dd-b2465ebb195a/Java 8 on ubuntu-latest]   | [INFO] Downloading from central: https://repo.maven.apache.org/maven2/com/google/code/findbugs/jsr305/2.0.1/jsr305-2.0.1.pom
[63515b6e-afee-4bdc-80dd-b2465ebb195a/Java 8 on ubuntu-latest]   | [INFO] Downloaded from central: https://repo.maven.apache.org/maven2/com/google/code/findbugs/jsr305/2.0.1/jsr305-2.0.1.pom (965 B at 46 kB/s)
[63515b6e-afee-4bdc-80dd-b2465ebb195a/Java 8 on ubuntu-latest]   | [INFO] Downloading from central: https://repo.maven.apache.org/maven2/org/apache/maven/shared/maven-shared-incremental/1.1/maven-shared-incremental-1.1.pom
[63515b6e-afee-4bdc-80dd-b2465ebb195a/Java 8 on ubuntu-latest]   | [INFO] Downloaded from central: https://repo.maven.apache.org/maven2/org/apache/maven/shared/maven-shared-incremental/1.1/maven-shared-incremental-1.1.pom (4.7 kB at 65 kB/s)
[63515b6e-afee-4bdc-80dd-b2465ebb195a/Java 8 on ubuntu-latest]   | [INFO] Downloading from central: https://repo.maven.apache.org/maven2/org/apache/maven/shared/maven-shared-components/19/maven-shared-components-19.pom
[63515b6e-afee-4bdc-80dd-b2465ebb195a/Java 8 on ubuntu-latest]   | [INFO] Downloaded from central: https://repo.maven.apache.org/maven2/org/apache/maven/shared/maven-shared-components/19/maven-shared-components-19.pom (6.4 kB at 289 kB/s)
[63515b6e-afee-4bdc-80dd-b2465ebb195a/Java 8 on ubuntu-latest]   | [INFO] Downloading from central: https://repo.maven.apache.org/maven2/org/apache/maven/maven-plugin-api/2.2.1/maven-plugin-api-2.2.1.pom
[63515b6e-afee-4bdc-80dd-b2465ebb195a/Java 8 on ubuntu-latest]   | [INFO] Downloaded from central: https://repo.maven.apache.org/maven2/org/apache/maven/maven-plugin-api/2.2.1/maven-plugin-api-2.2.1.pom (1.5 kB at 73 kB/s)
[63515b6e-afee-4bdc-80dd-b2465ebb195a/Java 8 on ubuntu-latest]   | [INFO] Downloading from central: https://repo.maven.apache.org/maven2/org/apache/maven/maven/2.2.1/maven-2.2.1.pom
[63515b6e-afee-4bdc-80dd-b2465ebb195a/Java 8 on ubuntu-latest]   | [INFO] Downloaded from central: https://repo.maven.apache.org/maven2/org/apache/maven/maven/2.2.1/maven-2.2.1.pom (22 kB at 1.2 MB/s)
[63515b6e-afee-4bdc-80dd-b2465ebb195a/Java 8 on ubuntu-latest]   | [INFO] Downloading from central: https://repo.maven.apache.org/maven2/org/apache/maven/maven-parent/11/maven-parent-11.pom
[63515b6e-afee-4bdc-80dd-b2465ebb195a/Java 8 on ubuntu-latest]   | [INFO] Downloaded from central: https://repo.maven.apache.org/maven2/org/apache/maven/maven-parent/11/maven-parent-11.pom (32 kB at 1.4 MB/s)
[63515b6e-afee-4bdc-80dd-b2465ebb195a/Java 8 on ubuntu-latest]   | [INFO] Downloading from central: https://repo.maven.apache.org/maven2/org/apache/apache/5/apache-5.pom
[63515b6e-afee-4bdc-80dd-b2465ebb195a/Java 8 on ubuntu-latest]   | [INFO] Downloaded from central: https://repo.maven.apache.org/maven2/org/apache/apache/5/apache-5.pom (4.1 kB at 293 kB/s)
[63515b6e-afee-4bdc-80dd-b2465ebb195a/Java 8 on ubuntu-latest]   | [INFO] Downloading from central: https://repo.maven.apache.org/maven2/org/apache/maven/maven-core/2.2.1/maven-core-2.2.1.pom
[63515b6e-afee-4bdc-80dd-b2465ebb195a/Java 8 on ubuntu-latest]   | [INFO] Downloaded from central: https://repo.maven.apache.org/maven2/org/apache/maven/maven-core/2.2.1/maven-core-2.2.1.pom (12 kB at 582 kB/s)
[63515b6e-afee-4bdc-80dd-b2465ebb195a/Java 8 on ubuntu-latest]   | [INFO] Downloading from central: https://repo.maven.apache.org/maven2/org/apache/maven/maven-settings/2.2.1/maven-settings-2.2.1.pom
[63515b6e-afee-4bdc-80dd-b2465ebb195a/Java 8 on ubuntu-latest]   | [INFO] Downloaded from central: https://repo.maven.apache.org/maven2/org/apache/maven/maven-settings/2.2.1/maven-settings-2.2.1.pom (2.2 kB at 136 kB/s)
[63515b6e-afee-4bdc-80dd-b2465ebb195a/Java 8 on ubuntu-latest]   | [INFO] Downloading from central: https://repo.maven.apache.org/maven2/org/apache/maven/maven-model/2.2.1/maven-model-2.2.1.pom
[63515b6e-afee-4bdc-80dd-b2465ebb195a/Java 8 on ubuntu-latest]   | [INFO] Downloaded from central: https://repo.maven.apache.org/maven2/org/apache/maven/maven-model/2.2.1/maven-model-2.2.1.pom (3.2 kB at 77 kB/s)
[63515b6e-afee-4bdc-80dd-b2465ebb195a/Java 8 on ubuntu-latest]   | [INFO] Downloading from central: https://repo.maven.apache.org/maven2/org/codehaus/plexus/plexus-interpolation/1.11/plexus-interpolation-1.11.pom
[63515b6e-afee-4bdc-80dd-b2465ebb195a/Java 8 on ubuntu-latest]   | [INFO] Downloaded from central: https://repo.maven.apache.org/maven2/org/codehaus/plexus/plexus-interpolation/1.11/plexus-interpolation-1.11.pom (889 B at 14 kB/s)
[63515b6e-afee-4bdc-80dd-b2465ebb195a/Java 8 on ubuntu-latest]   | [INFO] Downloading from central: https://repo.maven.apache.org/maven2/org/apache/maven/maven-plugin-parameter-documenter/2.2.1/maven-plugin-parameter-documenter-2.2.1.pom
[63515b6e-afee-4bdc-80dd-b2465ebb195a/Java 8 on ubuntu-latest]   | [INFO] Downloaded from central: https://repo.maven.apache.org/maven2/org/apache/maven/maven-plugin-parameter-documenter/2.2.1/maven-plugin-parameter-documenter-2.2.1.pom (2.0 kB at 93 kB/s)
[63515b6e-afee-4bdc-80dd-b2465ebb195a/Java 8 on ubuntu-latest]   | [INFO] Downloading from central: https://repo.maven.apache.org/maven2/org/slf4j/slf4j-jdk14/1.5.6/slf4j-jdk14-1.5.6.pom
[63515b6e-afee-4bdc-80dd-b2465ebb195a/Java 8 on ubuntu-latest]   | [INFO] Downloaded from central: https://repo.maven.apache.org/maven2/org/slf4j/slf4j-jdk14/1.5.6/slf4j-jdk14-1.5.6.pom (1.9 kB at 90 kB/s)
[63515b6e-afee-4bdc-80dd-b2465ebb195a/Java 8 on ubuntu-latest]   | [INFO] Downloading from central: https://repo.maven.apache.org/maven2/org/slf4j/slf4j-parent/1.5.6/slf4j-parent-1.5.6.pom
[63515b6e-afee-4bdc-80dd-b2465ebb195a/Java 8 on ubuntu-latest]   | [INFO] Downloaded from central: https://repo.maven.apache.org/maven2/org/slf4j/slf4j-parent/1.5.6/slf4j-parent-1.5.6.pom (7.9 kB at 240 kB/s)
[63515b6e-afee-4bdc-80dd-b2465ebb195a/Java 8 on ubuntu-latest]   | [INFO] Downloading from central: https://repo.maven.apache.org/maven2/org/slf4j/slf4j-api/1.5.6/slf4j-api-1.5.6.pom
[63515b6e-afee-4bdc-80dd-b2465ebb195a/Java 8 on ubuntu-latest]   | [INFO] Downloaded from central: https://repo.maven.apache.org/maven2/org/slf4j/slf4j-api/1.5.6/slf4j-api-1.5.6.pom (3.0 kB at 93 kB/s)
[63515b6e-afee-4bdc-80dd-b2465ebb195a/Java 8 on ubuntu-latest]   | [INFO] Downloading from central: https://repo.maven.apache.org/maven2/org/slf4j/jcl-over-slf4j/1.5.6/jcl-over-slf4j-1.5.6.pom
[63515b6e-afee-4bdc-80dd-b2465ebb195a/Java 8 on ubuntu-latest]   | [INFO] Downloaded from central: https://repo.maven.apache.org/maven2/org/slf4j/jcl-over-slf4j/1.5.6/jcl-over-slf4j-1.5.6.pom (2.2 kB at 80 kB/s)
[63515b6e-afee-4bdc-80dd-b2465ebb195a/Java 8 on ubuntu-latest]   | [INFO] Downloading from central: https://repo.maven.apache.org/maven2/org/apache/maven/maven-profile/2.2.1/maven-profile-2.2.1.pom
[63515b6e-afee-4bdc-80dd-b2465ebb195a/Java 8 on ubuntu-latest]   | [INFO] Downloaded from central: https://repo.maven.apache.org/maven2/org/apache/maven/maven-profile/2.2.1/maven-profile-2.2.1.pom (2.2 kB at 103 kB/s)
[63515b6e-afee-4bdc-80dd-b2465ebb195a/Java 8 on ubuntu-latest]   | [INFO] Downloading from central: https://repo.maven.apache.org/maven2/org/apache/maven/maven-artifact/2.2.1/maven-artifact-2.2.1.pom
[63515b6e-afee-4bdc-80dd-b2465ebb195a/Java 8 on ubuntu-latest]   | [INFO] Downloaded from central: https://repo.maven.apache.org/maven2/org/apache/maven/maven-artifact/2.2.1/maven-artifact-2.2.1.pom (1.6 kB at 83 kB/s)
[63515b6e-afee-4bdc-80dd-b2465ebb195a/Java 8 on ubuntu-latest]   | [INFO] Downloading from central: https://repo.maven.apache.org/maven2/org/apache/maven/maven-repository-metadata/2.2.1/maven-repository-metadata-2.2.1.pom
[63515b6e-afee-4bdc-80dd-b2465ebb195a/Java 8 on ubuntu-latest]   | [INFO] Downloaded from central: https://repo.maven.apache.org/maven2/org/apache/maven/maven-repository-metadata/2.2.1/maven-repository-metadata-2.2.1.pom (1.9 kB at 78 kB/s)
[63515b6e-afee-4bdc-80dd-b2465ebb195a/Java 8 on ubuntu-latest]   | [INFO] Downloading from central: https://repo.maven.apache.org/maven2/org/apache/maven/maven-error-diagnostics/2.2.1/maven-error-diagnostics-2.2.1.pom
[63515b6e-afee-4bdc-80dd-b2465ebb195a/Java 8 on ubuntu-latest]   | [INFO] Downloaded from central: https://repo.maven.apache.org/maven2/org/apache/maven/maven-error-diagnostics/2.2.1/maven-error-diagnostics-2.2.1.pom (1.7 kB at 63 kB/s)
[63515b6e-afee-4bdc-80dd-b2465ebb195a/Java 8 on ubuntu-latest]   | [INFO] Downloading from central: https://repo.maven.apache.org/maven2/org/apache/maven/maven-project/2.2.1/maven-project-2.2.1.pom
[63515b6e-afee-4bdc-80dd-b2465ebb195a/Java 8 on ubuntu-latest]   | [INFO] Downloaded from central: https://repo.maven.apache.org/maven2/org/apache/maven/maven-project/2.2.1/maven-project-2.2.1.pom (2.8 kB at 139 kB/s)
[63515b6e-afee-4bdc-80dd-b2465ebb195a/Java 8 on ubuntu-latest]   | [INFO] Downloading from central: https://repo.maven.apache.org/maven2/org/apache/maven/maven-artifact-manager/2.2.1/maven-artifact-manager-2.2.1.pom
[63515b6e-afee-4bdc-80dd-b2465ebb195a/Java 8 on ubuntu-latest]   | [INFO] Downloaded from central: https://repo.maven.apache.org/maven2/org/apache/maven/maven-artifact-manager/2.2.1/maven-artifact-manager-2.2.1.pom (3.1 kB at 124 kB/s)
[63515b6e-afee-4bdc-80dd-b2465ebb195a/Java 8 on ubuntu-latest]   | [INFO] Downloading from central: https://repo.maven.apache.org/maven2/backport-util-concurrent/backport-util-concurrent/3.1/backport-util-concurrent-3.1.pom
[63515b6e-afee-4bdc-80dd-b2465ebb195a/Java 8 on ubuntu-latest]   | [INFO] Downloaded from central: https://repo.maven.apache.org/maven2/backport-util-concurrent/backport-util-concurrent/3.1/backport-util-concurrent-3.1.pom (880 B at 29 kB/s)
[63515b6e-afee-4bdc-80dd-b2465ebb195a/Java 8 on ubuntu-latest]   | [INFO] Downloading from central: https://repo.maven.apache.org/maven2/org/apache/maven/maven-plugin-registry/2.2.1/maven-plugin-registry-2.2.1.pom
[63515b6e-afee-4bdc-80dd-b2465ebb195a/Java 8 on ubuntu-latest]   | [INFO] Downloaded from central: https://repo.maven.apache.org/maven2/org/apache/maven/maven-plugin-registry/2.2.1/maven-plugin-registry-2.2.1.pom (1.9 kB at 84 kB/s)
[63515b6e-afee-4bdc-80dd-b2465ebb195a/Java 8 on ubuntu-latest]   | [INFO] Downloading from central: https://repo.maven.apache.org/maven2/org/apache/maven/maven-plugin-descriptor/2.2.1/maven-plugin-descriptor-2.2.1.pom
[63515b6e-afee-4bdc-80dd-b2465ebb195a/Java 8 on ubuntu-latest]   | [INFO] Downloaded from central: https://repo.maven.apache.org/maven2/org/apache/maven/maven-plugin-descriptor/2.2.1/maven-plugin-descriptor-2.2.1.pom (2.1 kB at 67 kB/s)
[63515b6e-afee-4bdc-80dd-b2465ebb195a/Java 8 on ubuntu-latest]   | [INFO] Downloading from central: https://repo.maven.apache.org/maven2/org/apache/maven/maven-monitor/2.2.1/maven-monitor-2.2.1.pom
[63515b6e-afee-4bdc-80dd-b2465ebb195a/Java 8 on ubuntu-latest]   | [INFO] Downloaded from central: https://repo.maven.apache.org/maven2/org/apache/maven/maven-monitor/2.2.1/maven-monitor-2.2.1.pom (1.3 kB at 48 kB/s)
[63515b6e-afee-4bdc-80dd-b2465ebb195a/Java 8 on ubuntu-latest]   | [INFO] Downloading from central: https://repo.maven.apache.org/maven2/org/sonatype/plexus/plexus-sec-dispatcher/1.3/plexus-sec-dispatcher-1.3.pom
[63515b6e-afee-4bdc-80dd-b2465ebb195a/Java 8 on ubuntu-latest]   | [INFO] Downloaded from central: https://repo.maven.apache.org/maven2/org/sonatype/plexus/plexus-sec-dispatcher/1.3/plexus-sec-dispatcher-1.3.pom (3.0 kB at 148 kB/s)
[63515b6e-afee-4bdc-80dd-b2465ebb195a/Java 8 on ubuntu-latest]   | [INFO] Downloading from central: https://repo.maven.apache.org/maven2/org/sonatype/spice/spice-parent/12/spice-parent-12.pom
[63515b6e-afee-4bdc-80dd-b2465ebb195a/Java 8 on ubuntu-latest]   | [INFO] Downloaded from central: https://repo.maven.apache.org/maven2/org/sonatype/spice/spice-parent/12/spice-parent-12.pom (6.8 kB at 206 kB/s)
[63515b6e-afee-4bdc-80dd-b2465ebb195a/Java 8 on ubuntu-latest]   | [INFO] Downloading from central: https://repo.maven.apache.org/maven2/org/sonatype/forge/forge-parent/4/forge-parent-4.pom
[63515b6e-afee-4bdc-80dd-b2465ebb195a/Java 8 on ubuntu-latest]   | [INFO] Downloaded from central: https://repo.maven.apache.org/maven2/org/sonatype/forge/forge-parent/4/forge-parent-4.pom (8.4 kB at 350 kB/s)
[63515b6e-afee-4bdc-80dd-b2465ebb195a/Java 8 on ubuntu-latest]   | [INFO] Downloading from central: https://repo.maven.apache.org/maven2/org/codehaus/plexus/plexus-utils/1.5.5/plexus-utils-1.5.5.pom
[63515b6e-afee-4bdc-80dd-b2465ebb195a/Java 8 on ubuntu-latest]   | [INFO] Downloaded from central: https://repo.maven.apache.org/maven2/org/codehaus/plexus/plexus-utils/1.5.5/plexus-utils-1.5.5.pom (5.1 kB at 147 kB/s)
[63515b6e-afee-4bdc-80dd-b2465ebb195a/Java 8 on ubuntu-latest]   | [INFO] Downloading from central: https://repo.maven.apache.org/maven2/org/sonatype/plexus/plexus-cipher/1.4/plexus-cipher-1.4.pom
[63515b6e-afee-4bdc-80dd-b2465ebb195a/Java 8 on ubuntu-latest]   | [INFO] Downloaded from central: https://repo.maven.apache.org/maven2/org/sonatype/plexus/plexus-cipher/1.4/plexus-cipher-1.4.pom (2.1 kB at 74 kB/s)
[63515b6e-afee-4bdc-80dd-b2465ebb195a/Java 8 on ubuntu-latest]   | [INFO] Downloading from central: https://repo.maven.apache.org/maven2/org/codehaus/plexus/plexus-component-annotations/1.5.5/plexus-component-annotations-1.5.5.pom
[63515b6e-afee-4bdc-80dd-b2465ebb195a/Java 8 on ubuntu-latest]   | [INFO] Downloaded from central: https://repo.maven.apache.org/maven2/org/codehaus/plexus/plexus-component-annotations/1.5.5/plexus-component-annotations-1.5.5.pom (815 B at 31 kB/s)
[63515b6e-afee-4bdc-80dd-b2465ebb195a/Java 8 on ubuntu-latest]   | [INFO] Downloading from central: https://repo.maven.apache.org/maven2/org/codehaus/plexus/plexus-containers/1.5.5/plexus-containers-1.5.5.pom
[63515b6e-afee-4bdc-80dd-b2465ebb195a/Java 8 on ubuntu-latest]   | [INFO] Downloaded from central: https://repo.maven.apache.org/maven2/org/codehaus/plexus/plexus-containers/1.5.5/plexus-containers-1.5.5.pom (4.2 kB at 212 kB/s)
[63515b6e-afee-4bdc-80dd-b2465ebb195a/Java 8 on ubuntu-latest]   | [INFO] Downloading from central: https://repo.maven.apache.org/maven2/org/codehaus/plexus/plexus/2.0.7/plexus-2.0.7.pom
[63515b6e-afee-4bdc-80dd-b2465ebb195a/Java 8 on ubuntu-latest]   | [INFO] Downloaded from central: https://repo.maven.apache.org/maven2/org/codehaus/plexus/plexus/2.0.7/plexus-2.0.7.pom (17 kB at 509 kB/s)
[63515b6e-afee-4bdc-80dd-b2465ebb195a/Java 8 on ubuntu-latest]   | [INFO] Downloading from central: https://repo.maven.apache.org/maven2/org/codehaus/plexus/plexus-compiler-api/2.2/plexus-compiler-api-2.2.pom
[63515b6e-afee-4bdc-80dd-b2465ebb195a/Java 8 on ubuntu-latest]   | [INFO] Downloaded from central: https://repo.maven.apache.org/maven2/org/codehaus/plexus/plexus-compiler-api/2.2/plexus-compiler-api-2.2.pom (865 B at 39 kB/s)
[63515b6e-afee-4bdc-80dd-b2465ebb195a/Java 8 on ubuntu-latest]   | [INFO] Downloading from central: https://repo.maven.apache.org/maven2/org/codehaus/plexus/plexus-compiler/2.2/plexus-compiler-2.2.pom
[63515b6e-afee-4bdc-80dd-b2465ebb195a/Java 8 on ubuntu-latest]   | [INFO] Downloaded from central: https://repo.maven.apache.org/maven2/org/codehaus/plexus/plexus-compiler/2.2/plexus-compiler-2.2.pom (3.6 kB at 157 kB/s)
[63515b6e-afee-4bdc-80dd-b2465ebb195a/Java 8 on ubuntu-latest]   | [INFO] Downloading from central: https://repo.maven.apache.org/maven2/org/codehaus/plexus/plexus-components/1.3.1/plexus-components-1.3.1.pom
[63515b6e-afee-4bdc-80dd-b2465ebb195a/Java 8 on ubuntu-latest]   | [INFO] Downloaded from central: https://repo.maven.apache.org/maven2/org/codehaus/plexus/plexus-components/1.3.1/plexus-components-1.3.1.pom (3.1 kB at 99 kB/s)
[63515b6e-afee-4bdc-80dd-b2465ebb195a/Java 8 on ubuntu-latest]   | [INFO] Downloading from central: https://repo.maven.apache.org/maven2/org/codehaus/plexus/plexus/3.3.1/plexus-3.3.1.pom
[63515b6e-afee-4bdc-80dd-b2465ebb195a/Java 8 on ubuntu-latest]   | [INFO] Downloaded from central: https://repo.maven.apache.org/maven2/org/codehaus/plexus/plexus/3.3.1/plexus-3.3.1.pom (20 kB at 620 kB/s)
[63515b6e-afee-4bdc-80dd-b2465ebb195a/Java 8 on ubuntu-latest]   | [INFO] Downloading from central: https://repo.maven.apache.org/maven2/org/sonatype/spice/spice-parent/17/spice-parent-17.pom
[63515b6e-afee-4bdc-80dd-b2465ebb195a/Java 8 on ubuntu-latest]   | [INFO] Downloaded from central: https://repo.maven.apache.org/maven2/org/sonatype/spice/spice-parent/17/spice-parent-17.pom (6.8 kB at 260 kB/s)
[63515b6e-afee-4bdc-80dd-b2465ebb195a/Java 8 on ubuntu-latest]   | [INFO] Downloading from central: https://repo.maven.apache.org/maven2/org/sonatype/forge/forge-parent/10/forge-parent-10.pom
[63515b6e-afee-4bdc-80dd-b2465ebb195a/Java 8 on ubuntu-latest]   | [INFO] Downloaded from central: https://repo.maven.apache.org/maven2/org/sonatype/forge/forge-parent/10/forge-parent-10.pom (14 kB at 590 kB/s)
[63515b6e-afee-4bdc-80dd-b2465ebb195a/Java 8 on ubuntu-latest]   | [INFO] Downloading from central: https://repo.maven.apache.org/maven2/org/codehaus/plexus/plexus-utils/3.0.8/plexus-utils-3.0.8.pom
[63515b6e-afee-4bdc-80dd-b2465ebb195a/Java 8 on ubuntu-latest]   | [INFO] Downloaded from central: https://repo.maven.apache.org/maven2/org/codehaus/plexus/plexus-utils/3.0.8/plexus-utils-3.0.8.pom (3.1 kB at 150 kB/s)
[63515b6e-afee-4bdc-80dd-b2465ebb195a/Java 8 on ubuntu-latest]   | [INFO] Downloading from central: https://repo.maven.apache.org/maven2/org/codehaus/plexus/plexus/3.2/plexus-3.2.pom
[63515b6e-afee-4bdc-80dd-b2465ebb195a/Java 8 on ubuntu-latest]   | [INFO] Downloaded from central: https://repo.maven.apache.org/maven2/org/codehaus/plexus/plexus/3.2/plexus-3.2.pom (19 kB at 694 kB/s)
[63515b6e-afee-4bdc-80dd-b2465ebb195a/Java 8 on ubuntu-latest]   | [INFO] Downloading from central: https://repo.maven.apache.org/maven2/org/codehaus/plexus/plexus-compiler-manager/2.2/plexus-compiler-manager-2.2.pom
[63515b6e-afee-4bdc-80dd-b2465ebb195a/Java 8 on ubuntu-latest]   | [INFO] Downloaded from central: https://repo.maven.apache.org/maven2/org/codehaus/plexus/plexus-compiler-manager/2.2/plexus-compiler-manager-2.2.pom (690 B at 28 kB/s)
[63515b6e-afee-4bdc-80dd-b2465ebb195a/Java 8 on ubuntu-latest]   | [INFO] Downloading from central: https://repo.maven.apache.org/maven2/org/codehaus/plexus/plexus-compiler-javac/2.2/plexus-compiler-javac-2.2.pom
[63515b6e-afee-4bdc-80dd-b2465ebb195a/Java 8 on ubuntu-latest]   | [INFO] Downloaded from central: https://repo.maven.apache.org/maven2/org/codehaus/plexus/plexus-compiler-javac/2.2/plexus-compiler-javac-2.2.pom (769 B at 28 kB/s)
[63515b6e-afee-4bdc-80dd-b2465ebb195a/Java 8 on ubuntu-latest]   | [INFO] Downloading from central: https://repo.maven.apache.org/maven2/org/codehaus/plexus/plexus-compilers/2.2/plexus-compilers-2.2.pom
[63515b6e-afee-4bdc-80dd-b2465ebb195a/Java 8 on ubuntu-latest]   | [INFO] Downloaded from central: https://repo.maven.apache.org/maven2/org/codehaus/plexus/plexus-compilers/2.2/plexus-compilers-2.2.pom (1.2 kB at 50 kB/s)
[63515b6e-afee-4bdc-80dd-b2465ebb195a/Java 8 on ubuntu-latest]   | [INFO] Downloading from central: https://repo.maven.apache.org/maven2/org/codehaus/plexus/plexus-container-default/1.5.5/plexus-container-default-1.5.5.pom
[63515b6e-afee-4bdc-80dd-b2465ebb195a/Java 8 on ubuntu-latest]   | [INFO] Downloaded from central: https://repo.maven.apache.org/maven2/org/codehaus/plexus/plexus-container-default/1.5.5/plexus-container-default-1.5.5.pom (2.8 kB at 120 kB/s)
[63515b6e-afee-4bdc-80dd-b2465ebb195a/Java 8 on ubuntu-latest]   | [INFO] Downloading from central: https://repo.maven.apache.org/maven2/org/codehaus/plexus/plexus-utils/1.4.5/plexus-utils-1.4.5.pom
[63515b6e-afee-4bdc-80dd-b2465ebb195a/Java 8 on ubuntu-latest]   | [INFO] Downloaded from central: https://repo.maven.apache.org/maven2/org/codehaus/plexus/plexus-utils/1.4.5/plexus-utils-1.4.5.pom (2.3 kB at 87 kB/s)
[63515b6e-afee-4bdc-80dd-b2465ebb195a/Java 8 on ubuntu-latest]   | [INFO] Downloading from central: https://repo.maven.apache.org/maven2/org/codehaus/plexus/plexus-classworlds/2.2.2/plexus-classworlds-2.2.2.pom
[63515b6e-afee-4bdc-80dd-b2465ebb195a/Java 8 on ubuntu-latest]   | [INFO] Downloaded from central: https://repo.maven.apache.org/maven2/org/codehaus/plexus/plexus-classworlds/2.2.2/plexus-classworlds-2.2.2.pom (4.0 kB at 175 kB/s)
[63515b6e-afee-4bdc-80dd-b2465ebb195a/Java 8 on ubuntu-latest]   | [INFO] Downloading from central: https://repo.maven.apache.org/maven2/org/apache/xbean/xbean-reflect/3.4/xbean-reflect-3.4.pom
[63515b6e-afee-4bdc-80dd-b2465ebb195a/Java 8 on ubuntu-latest]   | [INFO] Downloaded from central: https://repo.maven.apache.org/maven2/org/apache/xbean/xbean-reflect/3.4/xbean-reflect-3.4.pom (2.8 kB at 104 kB/s)
[63515b6e-afee-4bdc-80dd-b2465ebb195a/Java 8 on ubuntu-latest]   | [INFO] Downloading from central: https://repo.maven.apache.org/maven2/org/apache/xbean/xbean/3.4/xbean-3.4.pom
[63515b6e-afee-4bdc-80dd-b2465ebb195a/Java 8 on ubuntu-latest]   | [INFO] Downloaded from central: https://repo.maven.apache.org/maven2/org/apache/xbean/xbean/3.4/xbean-3.4.pom (19 kB at 639 kB/s)
[63515b6e-afee-4bdc-80dd-b2465ebb195a/Java 8 on ubuntu-latest]   | [INFO] Downloading from central: https://repo.maven.apache.org/maven2/log4j/log4j/1.2.12/log4j-1.2.12.pom
[63515b6e-afee-4bdc-80dd-b2465ebb195a/Java 8 on ubuntu-latest]   | [INFO] Downloaded from central: https://repo.maven.apache.org/maven2/log4j/log4j/1.2.12/log4j-1.2.12.pom (145 B at 4.4 kB/s)
[63515b6e-afee-4bdc-80dd-b2465ebb195a/Java 8 on ubuntu-latest]   | [INFO] Downloading from central: https://repo.maven.apache.org/maven2/commons-logging/commons-logging-api/1.1/commons-logging-api-1.1.pom
[63515b6e-afee-4bdc-80dd-b2465ebb195a/Java 8 on ubuntu-latest]   | [INFO] Downloaded from central: https://repo.maven.apache.org/maven2/commons-logging/commons-logging-api/1.1/commons-logging-api-1.1.pom (5.3 kB at 267 kB/s)
[63515b6e-afee-4bdc-80dd-b2465ebb195a/Java 8 on ubuntu-latest]   | [INFO] Downloading from central: https://repo.maven.apache.org/maven2/com/google/collections/google-collections/1.0/google-collections-1.0.pom
[63515b6e-afee-4bdc-80dd-b2465ebb195a/Java 8 on ubuntu-latest]   | [INFO] Downloaded from central: https://repo.maven.apache.org/maven2/com/google/collections/google-collections/1.0/google-collections-1.0.pom (2.5 kB at 85 kB/s)
[63515b6e-afee-4bdc-80dd-b2465ebb195a/Java 8 on ubuntu-latest]   | [INFO] Downloading from central: https://repo.maven.apache.org/maven2/com/google/google/1/google-1.pom
[63515b6e-afee-4bdc-80dd-b2465ebb195a/Java 8 on ubuntu-latest]   | [INFO] Downloaded from central: https://repo.maven.apache.org/maven2/com/google/google/1/google-1.pom (1.6 kB at 86 kB/s)
[63515b6e-afee-4bdc-80dd-b2465ebb195a/Java 8 on ubuntu-latest]   | [INFO] Downloading from central: https://repo.maven.apache.org/maven2/junit/junit/3.8.2/junit-3.8.2.pom
[63515b6e-afee-4bdc-80dd-b2465ebb195a/Java 8 on ubuntu-latest]   | [INFO] Downloaded from central: https://repo.maven.apache.org/maven2/junit/junit/3.8.2/junit-3.8.2.pom (747 B at 30 kB/s)
[63515b6e-afee-4bdc-80dd-b2465ebb195a/Java 8 on ubuntu-latest]   | [INFO] Downloading from central: https://repo.maven.apache.org/maven2/org/apache/maven/maven-plugin-api/2.0.9/maven-plugin-api-2.0.9.jar
[63515b6e-afee-4bdc-80dd-b2465ebb195a/Java 8 on ubuntu-latest]   | [INFO] Downloading from central: https://repo.maven.apache.org/maven2/org/codehaus/plexus/plexus-utils/1.5.1/plexus-utils-1.5.1.jar
[63515b6e-afee-4bdc-80dd-b2465ebb195a/Java 8 on ubuntu-latest]   | [INFO] Downloading from central: https://repo.maven.apache.org/maven2/org/apache/maven/maven-artifact/2.0.9/maven-artifact-2.0.9.jar
[63515b6e-afee-4bdc-80dd-b2465ebb195a/Java 8 on ubuntu-latest]   | [INFO] Downloading from central: https://repo.maven.apache.org/maven2/org/apache/maven/maven-core/2.0.9/maven-core-2.0.9.jar
[63515b6e-afee-4bdc-80dd-b2465ebb195a/Java 8 on ubuntu-latest]   | [INFO] Downloading from central: https://repo.maven.apache.org/maven2/org/apache/maven/maven-settings/2.0.9/maven-settings-2.0.9.jar
[63515b6e-afee-4bdc-80dd-b2465ebb195a/Java 8 on ubuntu-latest]   | [INFO] Downloaded from central: https://repo.maven.apache.org/maven2/org/apache/maven/maven-plugin-api/2.0.9/maven-plugin-api-2.0.9.jar (13 kB at 379 kB/s)
[63515b6e-afee-4bdc-80dd-b2465ebb195a/Java 8 on ubuntu-latest]   | [INFO] Downloading from central: https://repo.maven.apache.org/maven2/org/apache/maven/maven-plugin-parameter-documenter/2.0.9/maven-plugin-parameter-documenter-2.0.9.jar
[63515b6e-afee-4bdc-80dd-b2465ebb195a/Java 8 on ubuntu-latest]   | [INFO] Downloaded from central: https://repo.maven.apache.org/maven2/org/apache/maven/maven-settings/2.0.9/maven-settings-2.0.9.jar (49 kB at 1.2 MB/s)
[63515b6e-afee-4bdc-80dd-b2465ebb195a/Java 8 on ubuntu-latest]   | [INFO] Downloading from central: https://repo.maven.apache.org/maven2/org/apache/maven/maven-profile/2.0.9/maven-profile-2.0.9.jar
[63515b6e-afee-4bdc-80dd-b2465ebb195a/Java 8 on ubuntu-latest]   | [INFO] Downloaded from central: https://repo.maven.apache.org/maven2/org/apache/maven/maven-artifact/2.0.9/maven-artifact-2.0.9.jar (89 kB at 1.7 MB/s)
[63515b6e-afee-4bdc-80dd-b2465ebb195a/Java 8 on ubuntu-latest]   | [INFO] Downloaded from central: https://repo.maven.apache.org/maven2/org/apache/maven/maven-core/2.0.9/maven-core-2.0.9.jar (160 kB at 3.3 MB/s)
[63515b6e-afee-4bdc-80dd-b2465ebb195a/Java 8 on ubuntu-latest]   | [INFO] Downloading from central: https://repo.maven.apache.org/maven2/org/apache/maven/maven-repository-metadata/2.0.9/maven-repository-metadata-2.0.9.jar
[63515b6e-afee-4bdc-80dd-b2465ebb195a/Java 8 on ubuntu-latest]   | [INFO] Downloading from central: https://repo.maven.apache.org/maven2/org/apache/maven/maven-model/2.0.9/maven-model-2.0.9.jar
[63515b6e-afee-4bdc-80dd-b2465ebb195a/Java 8 on ubuntu-latest]   | [INFO] Downloaded from central: https://repo.maven.apache.org/maven2/org/apache/maven/maven-plugin-parameter-documenter/2.0.9/maven-plugin-parameter-documenter-2.0.9.jar (21 kB at 394 kB/s)
[63515b6e-afee-4bdc-80dd-b2465ebb195a/Java 8 on ubuntu-latest]   | [INFO] Downloading from central: https://repo.maven.apache.org/maven2/org/apache/maven/maven-error-diagnostics/2.0.9/maven-error-diagnostics-2.0.9.jar
[63515b6e-afee-4bdc-80dd-b2465ebb195a/Java 8 on ubuntu-latest]   | [INFO] Downloaded from central: https://repo.maven.apache.org/maven2/org/apache/maven/maven-repository-metadata/2.0.9/maven-repository-metadata-2.0.9.jar (25 kB at 341 kB/s)
[63515b6e-afee-4bdc-80dd-b2465ebb195a/Java 8 on ubuntu-latest]   | [INFO] Downloading from central: https://repo.maven.apache.org/maven2/org/apache/maven/maven-project/2.0.9/maven-project-2.0.9.jar
[63515b6e-afee-4bdc-80dd-b2465ebb195a/Java 8 on ubuntu-latest]   | [INFO] Downloaded from central: https://repo.maven.apache.org/maven2/org/apache/maven/maven-error-diagnostics/2.0.9/maven-error-diagnostics-2.0.9.jar (14 kB at 179 kB/s)
[63515b6e-afee-4bdc-80dd-b2465ebb195a/Java 8 on ubuntu-latest]   | [INFO] Downloaded from central: https://repo.maven.apache.org/maven2/org/apache/maven/maven-model/2.0.9/maven-model-2.0.9.jar (87 kB at 1.1 MB/s)
[63515b6e-afee-4bdc-80dd-b2465ebb195a/Java 8 on ubuntu-latest]   | [INFO] Downloading from central: https://repo.maven.apache.org/maven2/org/apache/maven/maven-plugin-registry/2.0.9/maven-plugin-registry-2.0.9.jar
[63515b6e-afee-4bdc-80dd-b2465ebb195a/Java 8 on ubuntu-latest]   | [INFO] Downloading from central: https://repo.maven.apache.org/maven2/org/apache/maven/maven-plugin-descriptor/2.0.9/maven-plugin-descriptor-2.0.9.jar
[63515b6e-afee-4bdc-80dd-b2465ebb195a/Java 8 on ubuntu-latest]   | [INFO] Downloaded from central: https://repo.maven.apache.org/maven2/org/codehaus/plexus/plexus-utils/1.5.1/plexus-utils-1.5.1.jar (211 kB at 2.3 MB/s)
[63515b6e-afee-4bdc-80dd-b2465ebb195a/Java 8 on ubuntu-latest]   | [INFO] Downloading from central: https://repo.maven.apache.org/maven2/org/apache/maven/maven-artifact-manager/2.0.9/maven-artifact-manager-2.0.9.jar
[63515b6e-afee-4bdc-80dd-b2465ebb195a/Java 8 on ubuntu-latest]   | [INFO] Downloaded from central: https://repo.maven.apache.org/maven2/org/apache/maven/maven-profile/2.0.9/maven-profile-2.0.9.jar (35 kB at 380 kB/s)
[63515b6e-afee-4bdc-80dd-b2465ebb195a/Java 8 on ubuntu-latest]   | [INFO] Downloading from central: https://repo.maven.apache.org/maven2/org/apache/maven/maven-monitor/2.0.9/maven-monitor-2.0.9.jar
[63515b6e-afee-4bdc-80dd-b2465ebb195a/Java 8 on ubuntu-latest]   | [INFO] Downloaded from central: https://repo.maven.apache.org/maven2/org/apache/maven/maven-project/2.0.9/maven-project-2.0.9.jar (122 kB at 1.2 MB/s)
[63515b6e-afee-4bdc-80dd-b2465ebb195a/Java 8 on ubuntu-latest]   | [INFO] Downloading from central: https://repo.maven.apache.org/maven2/org/apache/maven/maven-toolchain/1.0/maven-toolchain-1.0.jar
[63515b6e-afee-4bdc-80dd-b2465ebb195a/Java 8 on ubuntu-latest]   | [INFO] Downloaded from central: https://repo.maven.apache.org/maven2/org/apache/maven/maven-plugin-registry/2.0.9/maven-plugin-registry-2.0.9.jar (29 kB at 274 kB/s)
[63515b6e-afee-4bdc-80dd-b2465ebb195a/Java 8 on ubuntu-latest]   | [INFO] Downloading from central: https://repo.maven.apache.org/maven2/org/apache/maven/shared/maven-shared-utils/0.1/maven-shared-utils-0.1.jar
[63515b6e-afee-4bdc-80dd-b2465ebb195a/Java 8 on ubuntu-latest]   | [INFO] Downloaded from central: https://repo.maven.apache.org/maven2/org/apache/maven/maven-artifact-manager/2.0.9/maven-artifact-manager-2.0.9.jar (58 kB at 507 kB/s)
[63515b6e-afee-4bdc-80dd-b2465ebb195a/Java 8 on ubuntu-latest]   | [INFO] Downloaded from central: https://repo.maven.apache.org/maven2/org/apache/maven/maven-plugin-descriptor/2.0.9/maven-plugin-descriptor-2.0.9.jar (37 kB at 325 kB/s)
[63515b6e-afee-4bdc-80dd-b2465ebb195a/Java 8 on ubuntu-latest]   | [INFO] Downloading from central: https://repo.maven.apache.org/maven2/com/google/code/findbugs/jsr305/2.0.1/jsr305-2.0.1.jar
[63515b6e-afee-4bdc-80dd-b2465ebb195a/Java 8 on ubuntu-latest]   | [INFO] Downloading from central: https://repo.maven.apache.org/maven2/org/apache/maven/shared/maven-shared-incremental/1.1/maven-shared-incremental-1.1.jar
[63515b6e-afee-4bdc-80dd-b2465ebb195a/Java 8 on ubuntu-latest]   | [INFO] Downloaded from central: https://repo.maven.apache.org/maven2/org/apache/maven/maven-monitor/2.0.9/maven-monitor-2.0.9.jar (10 kB at 82 kB/s)
[63515b6e-afee-4bdc-80dd-b2465ebb195a/Java 8 on ubuntu-latest]   | [INFO] Downloading from central: https://repo.maven.apache.org/maven2/org/codehaus/plexus/plexus-component-annotations/1.5.5/plexus-component-annotations-1.5.5.jar
[63515b6e-afee-4bdc-80dd-b2465ebb195a/Java 8 on ubuntu-latest]   | [INFO] Downloaded from central: https://repo.maven.apache.org/maven2/org/codehaus/plexus/plexus-component-annotations/1.5.5/plexus-component-annotations-1.5.5.jar (4.2 kB at 28 kB/s)
[63515b6e-afee-4bdc-80dd-b2465ebb195a/Java 8 on ubuntu-latest]   | [INFO] Downloading from central: https://repo.maven.apache.org/maven2/org/codehaus/plexus/plexus-compiler-api/2.2/plexus-compiler-api-2.2.jar
[63515b6e-afee-4bdc-80dd-b2465ebb195a/Java 8 on ubuntu-latest]   | [INFO] Downloaded from central: https://repo.maven.apache.org/maven2/org/apache/maven/maven-toolchain/1.0/maven-toolchain-1.0.jar (33 kB at 219 kB/s)
[63515b6e-afee-4bdc-80dd-b2465ebb195a/Java 8 on ubuntu-latest]   | [INFO] Downloading from central: https://repo.maven.apache.org/maven2/org/codehaus/plexus/plexus-compiler-manager/2.2/plexus-compiler-manager-2.2.jar
[63515b6e-afee-4bdc-80dd-b2465ebb195a/Java 8 on ubuntu-latest]   | [INFO] Downloaded from central: https://repo.maven.apache.org/maven2/com/google/code/findbugs/jsr305/2.0.1/jsr305-2.0.1.jar (32 kB at 211 kB/s)
[63515b6e-afee-4bdc-80dd-b2465ebb195a/Java 8 on ubuntu-latest]   | [INFO] Downloading from central: https://repo.maven.apache.org/maven2/org/codehaus/plexus/plexus-compiler-javac/2.2/plexus-compiler-javac-2.2.jar
[63515b6e-afee-4bdc-80dd-b2465ebb195a/Java 8 on ubuntu-latest]   | [INFO] Downloaded from central: https://repo.maven.apache.org/maven2/org/apache/maven/shared/maven-shared-incremental/1.1/maven-shared-incremental-1.1.jar (14 kB at 88 kB/s)
[63515b6e-afee-4bdc-80dd-b2465ebb195a/Java 8 on ubuntu-latest]   | [INFO] Downloading from central: https://repo.maven.apache.org/maven2/org/codehaus/plexus/plexus-container-default/1.5.5/plexus-container-default-1.5.5.jar
[63515b6e-afee-4bdc-80dd-b2465ebb195a/Java 8 on ubuntu-latest]   | [INFO] Downloaded from central: https://repo.maven.apache.org/maven2/org/codehaus/plexus/plexus-compiler-javac/2.2/plexus-compiler-javac-2.2.jar (19 kB at 110 kB/s)
[63515b6e-afee-4bdc-80dd-b2465ebb195a/Java 8 on ubuntu-latest]   | [INFO] Downloading from central: https://repo.maven.apache.org/maven2/org/codehaus/plexus/plexus-classworlds/2.2.2/plexus-classworlds-2.2.2.jar
[63515b6e-afee-4bdc-80dd-b2465ebb195a/Java 8 on ubuntu-latest]   | [INFO] Downloaded from central: https://repo.maven.apache.org/maven2/org/codehaus/plexus/plexus-compiler-api/2.2/plexus-compiler-api-2.2.jar (25 kB at 144 kB/s)
[63515b6e-afee-4bdc-80dd-b2465ebb195a/Java 8 on ubuntu-latest]   | [INFO] Downloading from central: https://repo.maven.apache.org/maven2/org/apache/xbean/xbean-reflect/3.4/xbean-reflect-3.4.jar
[63515b6e-afee-4bdc-80dd-b2465ebb195a/Java 8 on ubuntu-latest]   | [INFO] Downloaded from central: https://repo.maven.apache.org/maven2/org/codehaus/plexus/plexus-compiler-manager/2.2/plexus-compiler-manager-2.2.jar (4.6 kB at 25 kB/s)
[63515b6e-afee-4bdc-80dd-b2465ebb195a/Java 8 on ubuntu-latest]   | [INFO] Downloaded from central: https://repo.maven.apache.org/maven2/org/codehaus/plexus/plexus-container-default/1.5.5/plexus-container-default-1.5.5.jar (217 kB at 1.2 MB/s)
[63515b6e-afee-4bdc-80dd-b2465ebb195a/Java 8 on ubuntu-latest]   | [INFO] Downloading from central: https://repo.maven.apache.org/maven2/log4j/log4j/1.2.12/log4j-1.2.12.jar
[63515b6e-afee-4bdc-80dd-b2465ebb195a/Java 8 on ubuntu-latest]   | [INFO] Downloading from central: https://repo.maven.apache.org/maven2/commons-logging/commons-logging-api/1.1/commons-logging-api-1.1.jar
[63515b6e-afee-4bdc-80dd-b2465ebb195a/Java 8 on ubuntu-latest]   | [INFO] Downloaded from central: https://repo.maven.apache.org/maven2/org/apache/maven/shared/maven-shared-utils/0.1/maven-shared-utils-0.1.jar (155 kB at 769 kB/s)
[63515b6e-afee-4bdc-80dd-b2465ebb195a/Java 8 on ubuntu-latest]   | [INFO] Downloading from central: https://repo.maven.apache.org/maven2/com/google/collections/google-collections/1.0/google-collections-1.0.jar
[63515b6e-afee-4bdc-80dd-b2465ebb195a/Java 8 on ubuntu-latest]   | [INFO] Downloaded from central: https://repo.maven.apache.org/maven2/org/codehaus/plexus/plexus-classworlds/2.2.2/plexus-classworlds-2.2.2.jar (46 kB at 227 kB/s)
[63515b6e-afee-4bdc-80dd-b2465ebb195a/Java 8 on ubuntu-latest]   | [INFO] Downloading from central: https://repo.maven.apache.org/maven2/junit/junit/3.8.2/junit-3.8.2.jar
[63515b6e-afee-4bdc-80dd-b2465ebb195a/Java 8 on ubuntu-latest]   | [INFO] Downloaded from central: https://repo.maven.apache.org/maven2/commons-logging/commons-logging-api/1.1/commons-logging-api-1.1.jar (45 kB at 214 kB/s)
[63515b6e-afee-4bdc-80dd-b2465ebb195a/Java 8 on ubuntu-latest]   | [INFO] Downloaded from central: https://repo.maven.apache.org/maven2/log4j/log4j/1.2.12/log4j-1.2.12.jar (358 kB at 1.6 MB/s)
[63515b6e-afee-4bdc-80dd-b2465ebb195a/Java 8 on ubuntu-latest]   | [INFO] Downloaded from central: https://repo.maven.apache.org/maven2/org/apache/xbean/xbean-reflect/3.4/xbean-reflect-3.4.jar (134 kB at 587 kB/s)
[63515b6e-afee-4bdc-80dd-b2465ebb195a/Java 8 on ubuntu-latest]   | [INFO] Downloaded from central: https://repo.maven.apache.org/maven2/junit/junit/3.8.2/junit-3.8.2.jar (121 kB at 527 kB/s)
[63515b6e-afee-4bdc-80dd-b2465ebb195a/Java 8 on ubuntu-latest]   | [INFO] Downloaded from central: https://repo.maven.apache.org/maven2/com/google/collections/google-collections/1.0/google-collections-1.0.jar (640 kB at 1.8 MB/s)
[63515b6e-afee-4bdc-80dd-b2465ebb195a/Java 8 on ubuntu-latest]   | [INFO] Changes detected - recompiling the module!
[63515b6e-afee-4bdc-80dd-b2465ebb195a/Java 8 on ubuntu-latest]   | [WARNING] File encoding has not been set, using platform encoding UTF-8, i.e. build is platform dependent!
[63515b6e-afee-4bdc-80dd-b2465ebb195a/Java 8 on ubuntu-latest]   | [INFO] Compiling 37 source files to /tmp/3c10d7a9-f05d-4ac0-b9d8-73b4af8311ff/target/classes
[63515b6e-afee-4bdc-80dd-b2465ebb195a/Java 8 on ubuntu-latest]   | [WARNING] /tmp/3c10d7a9-f05d-4ac0-b9d8-73b4af8311ff/src/main/java/org/reflections/util/ClasspathHelper.java: /tmp/3c10d7a9-f05d-4ac0-b9d8-73b4af8311ff/src/main/java/org/reflections/util/ClasspathHelper.java uses or overrides a deprecated API.
[63515b6e-afee-4bdc-80dd-b2465ebb195a/Java 8 on ubuntu-latest]   | [WARNING] /tmp/3c10d7a9-f05d-4ac0-b9d8-73b4af8311ff/src/main/java/org/reflections/util/ClasspathHelper.java: Recompile with -Xlint:deprecation for details.
[63515b6e-afee-4bdc-80dd-b2465ebb195a/Java 8 on ubuntu-latest]   | [WARNING] /tmp/3c10d7a9-f05d-4ac0-b9d8-73b4af8311ff/src/main/java/org/reflections/Reflections.java: Some input files use unchecked or unsafe operations.
[63515b6e-afee-4bdc-80dd-b2465ebb195a/Java 8 on ubuntu-latest]   | [WARNING] /tmp/3c10d7a9-f05d-4ac0-b9d8-73b4af8311ff/src/main/java/org/reflections/Reflections.java: Recompile with -Xlint:unchecked for details.
[63515b6e-afee-4bdc-80dd-b2465ebb195a/Java 8 on ubuntu-latest]   | [INFO] 
[63515b6e-afee-4bdc-80dd-b2465ebb195a/Java 8 on ubuntu-latest]   | [INFO] --- maven-resources-plugin:2.6:testResources (default-testResources) @ reflections ---
[63515b6e-afee-4bdc-80dd-b2465ebb195a/Java 8 on ubuntu-latest]   | [WARNING] Using platform encoding (UTF-8 actually) to copy filtered resources, i.e. build is platform dependent!
[63515b6e-afee-4bdc-80dd-b2465ebb195a/Java 8 on ubuntu-latest]   | [INFO] Copying 4 resources
[63515b6e-afee-4bdc-80dd-b2465ebb195a/Java 8 on ubuntu-latest]   | [INFO] 
[63515b6e-afee-4bdc-80dd-b2465ebb195a/Java 8 on ubuntu-latest]   | [INFO] --- maven-compiler-plugin:3.1:testCompile (default-testCompile) @ reflections ---
[63515b6e-afee-4bdc-80dd-b2465ebb195a/Java 8 on ubuntu-latest]   | [INFO] Changes detected - recompiling the module!
[63515b6e-afee-4bdc-80dd-b2465ebb195a/Java 8 on ubuntu-latest]   | [WARNING] File encoding has not been set, using platform encoding UTF-8, i.e. build is platform dependent!
[63515b6e-afee-4bdc-80dd-b2465ebb195a/Java 8 on ubuntu-latest]   | [INFO] Compiling 10 source files to /tmp/3c10d7a9-f05d-4ac0-b9d8-73b4af8311ff/target/test-classes
[63515b6e-afee-4bdc-80dd-b2465ebb195a/Java 8 on ubuntu-latest]   | [WARNING] /tmp/3c10d7a9-f05d-4ac0-b9d8-73b4af8311ff/src/test/java/org/reflections/ClasspathHelperTest.java:[6,16] sun.misc.ClassLoaderUtil is internal proprietary API and may be removed in a future release
[63515b6e-afee-4bdc-80dd-b2465ebb195a/Java 8 on ubuntu-latest]   | [WARNING] /tmp/3c10d7a9-f05d-4ac0-b9d8-73b4af8311ff/src/test/java/org/reflections/VfsTest.java: /tmp/3c10d7a9-f05d-4ac0-b9d8-73b4af8311ff/src/test/java/org/reflections/VfsTest.java uses or overrides a deprecated API.
[63515b6e-afee-4bdc-80dd-b2465ebb195a/Java 8 on ubuntu-latest]   | [WARNING] /tmp/3c10d7a9-f05d-4ac0-b9d8-73b4af8311ff/src/test/java/org/reflections/VfsTest.java: Recompile with -Xlint:deprecation for details.
[63515b6e-afee-4bdc-80dd-b2465ebb195a/Java 8 on ubuntu-latest]   | [INFO] 
[63515b6e-afee-4bdc-80dd-b2465ebb195a/Java 8 on ubuntu-latest]   | [INFO] --- maven-surefire-plugin:2.12.4:test (default-test) @ reflections ---
[63515b6e-afee-4bdc-80dd-b2465ebb195a/Java 8 on ubuntu-latest]   | [INFO] Downloading from central: https://repo.maven.apache.org/maven2/org/apache/maven/surefire/surefire-booter/2.12.4/surefire-booter-2.12.4.pom
[63515b6e-afee-4bdc-80dd-b2465ebb195a/Java 8 on ubuntu-latest]   | [INFO] Downloaded from central: https://repo.maven.apache.org/maven2/org/apache/maven/surefire/surefire-booter/2.12.4/surefire-booter-2.12.4.pom (3.0 kB at 138 kB/s)
[63515b6e-afee-4bdc-80dd-b2465ebb195a/Java 8 on ubuntu-latest]   | [INFO] Downloading from central: https://repo.maven.apache.org/maven2/org/apache/maven/surefire/surefire-api/2.12.4/surefire-api-2.12.4.pom
[63515b6e-afee-4bdc-80dd-b2465ebb195a/Java 8 on ubuntu-latest]   | [INFO] Downloaded from central: https://repo.maven.apache.org/maven2/org/apache/maven/surefire/surefire-api/2.12.4/surefire-api-2.12.4.pom (2.5 kB at 83 kB/s)
[63515b6e-afee-4bdc-80dd-b2465ebb195a/Java 8 on ubuntu-latest]   | [INFO] Downloading from central: https://repo.maven.apache.org/maven2/org/apache/maven/surefire/maven-surefire-common/2.12.4/maven-surefire-common-2.12.4.pom
[63515b6e-afee-4bdc-80dd-b2465ebb195a/Java 8 on ubuntu-latest]   | [INFO] Downloaded from central: https://repo.maven.apache.org/maven2/org/apache/maven/surefire/maven-surefire-common/2.12.4/maven-surefire-common-2.12.4.pom (5.5 kB at 230 kB/s)
[63515b6e-afee-4bdc-80dd-b2465ebb195a/Java 8 on ubuntu-latest]   | [INFO] Downloading from central: https://repo.maven.apache.org/maven2/org/apache/maven/plugin-tools/maven-plugin-annotations/3.1/maven-plugin-annotations-3.1.pom
[63515b6e-afee-4bdc-80dd-b2465ebb195a/Java 8 on ubuntu-latest]   | [INFO] Downloaded from central: https://repo.maven.apache.org/maven2/org/apache/maven/plugin-tools/maven-plugin-annotations/3.1/maven-plugin-annotations-3.1.pom (1.6 kB at 74 kB/s)
[63515b6e-afee-4bdc-80dd-b2465ebb195a/Java 8 on ubuntu-latest]   | [INFO] Downloading from central: https://repo.maven.apache.org/maven2/org/apache/maven/plugin-tools/maven-plugin-tools/3.1/maven-plugin-tools-3.1.pom
[63515b6e-afee-4bdc-80dd-b2465ebb195a/Java 8 on ubuntu-latest]   | [INFO] Downloaded from central: https://repo.maven.apache.org/maven2/org/apache/maven/plugin-tools/maven-plugin-tools/3.1/maven-plugin-tools-3.1.pom (16 kB at 558 kB/s)
[63515b6e-afee-4bdc-80dd-b2465ebb195a/Java 8 on ubuntu-latest]   | [INFO] Downloading from central: https://repo.maven.apache.org/maven2/org/apache/maven/reporting/maven-reporting-api/2.0.9/maven-reporting-api-2.0.9.pom
[63515b6e-afee-4bdc-80dd-b2465ebb195a/Java 8 on ubuntu-latest]   | [INFO] Downloaded from central: https://repo.maven.apache.org/maven2/org/apache/maven/reporting/maven-reporting-api/2.0.9/maven-reporting-api-2.0.9.pom (1.8 kB at 64 kB/s)
[63515b6e-afee-4bdc-80dd-b2465ebb195a/Java 8 on ubuntu-latest]   | [INFO] Downloading from central: https://repo.maven.apache.org/maven2/org/apache/maven/reporting/maven-reporting/2.0.9/maven-reporting-2.0.9.pom
[63515b6e-afee-4bdc-80dd-b2465ebb195a/Java 8 on ubuntu-latest]   | [INFO] Downloaded from central: https://repo.maven.apache.org/maven2/org/apache/maven/reporting/maven-reporting/2.0.9/maven-reporting-2.0.9.pom (1.5 kB at 34 kB/s)
[63515b6e-afee-4bdc-80dd-b2465ebb195a/Java 8 on ubuntu-latest]   | [INFO] Downloading from central: https://repo.maven.apache.org/maven2/org/apache/maven/maven-toolchain/2.0.9/maven-toolchain-2.0.9.pom
[63515b6e-afee-4bdc-80dd-b2465ebb195a/Java 8 on ubuntu-latest]   | [INFO] Downloaded from central: https://repo.maven.apache.org/maven2/org/apache/maven/maven-toolchain/2.0.9/maven-toolchain-2.0.9.pom (3.5 kB at 87 kB/s)
[63515b6e-afee-4bdc-80dd-b2465ebb195a/Java 8 on ubuntu-latest]   | [INFO] Downloading from central: https://repo.maven.apache.org/maven2/org/apache/commons/commons-lang3/3.1/commons-lang3-3.1.pom
[63515b6e-afee-4bdc-80dd-b2465ebb195a/Java 8 on ubuntu-latest]   | [INFO] Downloaded from central: https://repo.maven.apache.org/maven2/org/apache/commons/commons-lang3/3.1/commons-lang3-3.1.pom (17 kB at 983 kB/s)
[63515b6e-afee-4bdc-80dd-b2465ebb195a/Java 8 on ubuntu-latest]   | [INFO] Downloading from central: https://repo.maven.apache.org/maven2/org/apache/commons/commons-parent/22/commons-parent-22.pom
[63515b6e-afee-4bdc-80dd-b2465ebb195a/Java 8 on ubuntu-latest]   | [INFO] Downloaded from central: https://repo.maven.apache.org/maven2/org/apache/commons/commons-parent/22/commons-parent-22.pom (42 kB at 1.7 MB/s)
[63515b6e-afee-4bdc-80dd-b2465ebb195a/Java 8 on ubuntu-latest]   | [INFO] Downloading from central: https://repo.maven.apache.org/maven2/org/apache/maven/shared/maven-common-artifact-filters/1.3/maven-common-artifact-filters-1.3.pom
[63515b6e-afee-4bdc-80dd-b2465ebb195a/Java 8 on ubuntu-latest]   | [INFO] Downloaded from central: https://repo.maven.apache.org/maven2/org/apache/maven/shared/maven-common-artifact-filters/1.3/maven-common-artifact-filters-1.3.pom (3.7 kB at 123 kB/s)
[63515b6e-afee-4bdc-80dd-b2465ebb195a/Java 8 on ubuntu-latest]   | [INFO] Downloading from central: https://repo.maven.apache.org/maven2/org/apache/maven/shared/maven-shared-components/12/maven-shared-components-12.pom
[63515b6e-afee-4bdc-80dd-b2465ebb195a/Java 8 on ubuntu-latest]   | [INFO] Downloaded from central: https://repo.maven.apache.org/maven2/org/apache/maven/shared/maven-shared-components/12/maven-shared-components-12.pom (9.3 kB at 373 kB/s)
[63515b6e-afee-4bdc-80dd-b2465ebb195a/Java 8 on ubuntu-latest]   | [INFO] Downloading from central: https://repo.maven.apache.org/maven2/org/apache/maven/maven-parent/13/maven-parent-13.pom
[63515b6e-afee-4bdc-80dd-b2465ebb195a/Java 8 on ubuntu-latest]   | [INFO] Downloaded from central: https://repo.maven.apache.org/maven2/org/apache/maven/maven-parent/13/maven-parent-13.pom (23 kB at 666 kB/s)
[63515b6e-afee-4bdc-80dd-b2465ebb195a/Java 8 on ubuntu-latest]   | [INFO] Downloading from central: https://repo.maven.apache.org/maven2/org/apache/apache/6/apache-6.pom
[63515b6e-afee-4bdc-80dd-b2465ebb195a/Java 8 on ubuntu-latest]   | [INFO] Downloaded from central: https://repo.maven.apache.org/maven2/org/apache/apache/6/apache-6.pom (13 kB at 533 kB/s)
[63515b6e-afee-4bdc-80dd-b2465ebb195a/Java 8 on ubuntu-latest]   | [INFO] Downloading from central: https://repo.maven.apache.org/maven2/org/codehaus/plexus/plexus-container-default/1.0-alpha-9/plexus-container-default-1.0-alpha-9.pom
[63515b6e-afee-4bdc-80dd-b2465ebb195a/Java 8 on ubuntu-latest]   | [INFO] Downloaded from central: https://repo.maven.apache.org/maven2/org/codehaus/plexus/plexus-container-default/1.0-alpha-9/plexus-container-default-1.0-alpha-9.pom (1.2 kB at 62 kB/s)
[63515b6e-afee-4bdc-80dd-b2465ebb195a/Java 8 on ubuntu-latest]   | [INFO] Downloading from central: https://repo.maven.apache.org/maven2/org/apache/maven/surefire/surefire-booter/2.12.4/surefire-booter-2.12.4.jar
[63515b6e-afee-4bdc-80dd-b2465ebb195a/Java 8 on ubuntu-latest]   | [INFO] Downloading from central: https://repo.maven.apache.org/maven2/org/apache/maven/surefire/maven-surefire-common/2.12.4/maven-surefire-common-2.12.4.jar
[63515b6e-afee-4bdc-80dd-b2465ebb195a/Java 8 on ubuntu-latest]   | [INFO] Downloading from central: https://repo.maven.apache.org/maven2/org/apache/commons/commons-lang3/3.1/commons-lang3-3.1.jar
[63515b6e-afee-4bdc-80dd-b2465ebb195a/Java 8 on ubuntu-latest]   | [INFO] Downloading from central: https://repo.maven.apache.org/maven2/org/apache/maven/surefire/surefire-api/2.12.4/surefire-api-2.12.4.jar
[63515b6e-afee-4bdc-80dd-b2465ebb195a/Java 8 on ubuntu-latest]   | [INFO] Downloading from central: https://repo.maven.apache.org/maven2/org/apache/maven/shared/maven-common-artifact-filters/1.3/maven-common-artifact-filters-1.3.jar
[63515b6e-afee-4bdc-80dd-b2465ebb195a/Java 8 on ubuntu-latest]   | [INFO] Downloaded from central: https://repo.maven.apache.org/maven2/org/apache/maven/surefire/surefire-booter/2.12.4/surefire-booter-2.12.4.jar (35 kB at 846 kB/s)
[63515b6e-afee-4bdc-80dd-b2465ebb195a/Java 8 on ubuntu-latest]   | [INFO] Downloading from central: https://repo.maven.apache.org/maven2/org/codehaus/plexus/plexus-utils/3.0.8/plexus-utils-3.0.8.jar
[63515b6e-afee-4bdc-80dd-b2465ebb195a/Java 8 on ubuntu-latest]   | [INFO] Downloaded from central: https://repo.maven.apache.org/maven2/org/apache/maven/surefire/surefire-api/2.12.4/surefire-api-2.12.4.jar (118 kB at 1.9 MB/s)
[63515b6e-afee-4bdc-80dd-b2465ebb195a/Java 8 on ubuntu-latest]   | [INFO] Downloaded from central: https://repo.maven.apache.org/maven2/org/apache/maven/shared/maven-common-artifact-filters/1.3/maven-common-artifact-filters-1.3.jar (31 kB at 536 kB/s)
[63515b6e-afee-4bdc-80dd-b2465ebb195a/Java 8 on ubuntu-latest]   | [INFO] Downloading from central: https://repo.maven.apache.org/maven2/org/apache/maven/reporting/maven-reporting-api/2.0.9/maven-reporting-api-2.0.9.jar
[63515b6e-afee-4bdc-80dd-b2465ebb195a/Java 8 on ubuntu-latest]   | [INFO] Downloading from central: https://repo.maven.apache.org/maven2/org/apache/maven/maven-toolchain/2.0.9/maven-toolchain-2.0.9.jar
[63515b6e-afee-4bdc-80dd-b2465ebb195a/Java 8 on ubuntu-latest]   | [INFO] Downloaded from central: https://repo.maven.apache.org/maven2/org/apache/commons/commons-lang3/3.1/commons-lang3-3.1.jar (316 kB at 4.9 MB/s)
[63515b6e-afee-4bdc-80dd-b2465ebb195a/Java 8 on ubuntu-latest]   | [INFO] Downloading from central: https://repo.maven.apache.org/maven2/org/apache/maven/plugin-tools/maven-plugin-annotations/3.1/maven-plugin-annotations-3.1.jar
[63515b6e-afee-4bdc-80dd-b2465ebb195a/Java 8 on ubuntu-latest]   | [INFO] Downloaded from central: https://repo.maven.apache.org/maven2/org/apache/maven/maven-toolchain/2.0.9/maven-toolchain-2.0.9.jar (38 kB at 457 kB/s)
[63515b6e-afee-4bdc-80dd-b2465ebb195a/Java 8 on ubuntu-latest]   | [INFO] Downloaded from central: https://repo.maven.apache.org/maven2/org/apache/maven/reporting/maven-reporting-api/2.0.9/maven-reporting-api-2.0.9.jar (10 kB at 110 kB/s)
[63515b6e-afee-4bdc-80dd-b2465ebb195a/Java 8 on ubuntu-latest]   | [INFO] Downloaded from central: https://repo.maven.apache.org/maven2/org/codehaus/plexus/plexus-utils/3.0.8/plexus-utils-3.0.8.jar (232 kB at 2.3 MB/s)
[63515b6e-afee-4bdc-80dd-b2465ebb195a/Java 8 on ubuntu-latest]   | [INFO] Downloaded from central: https://repo.maven.apache.org/maven2/org/apache/maven/plugin-tools/maven-plugin-annotations/3.1/maven-plugin-annotations-3.1.jar (14 kB at 139 kB/s)
[63515b6e-afee-4bdc-80dd-b2465ebb195a/Java 8 on ubuntu-latest]   | [INFO] Downloaded from central: https://repo.maven.apache.org/maven2/org/apache/maven/surefire/maven-surefire-common/2.12.4/maven-surefire-common-2.12.4.jar (263 kB at 2.5 MB/s)
[63515b6e-afee-4bdc-80dd-b2465ebb195a/Java 8 on ubuntu-latest]   | [INFO] Surefire report directory: /tmp/3c10d7a9-f05d-4ac0-b9d8-73b4af8311ff/target/surefire-reports
[63515b6e-afee-4bdc-80dd-b2465ebb195a/Java 8 on ubuntu-latest]   | [INFO] Downloading from central: https://repo.maven.apache.org/maven2/org/apache/maven/surefire/surefire-junit4/2.12.4/surefire-junit4-2.12.4.pom
[63515b6e-afee-4bdc-80dd-b2465ebb195a/Java 8 on ubuntu-latest]   | [INFO] Downloaded from central: https://repo.maven.apache.org/maven2/org/apache/maven/surefire/surefire-junit4/2.12.4/surefire-junit4-2.12.4.pom (2.4 kB at 89 kB/s)
[63515b6e-afee-4bdc-80dd-b2465ebb195a/Java 8 on ubuntu-latest]   | [INFO] Downloading from central: https://repo.maven.apache.org/maven2/org/apache/maven/surefire/surefire-providers/2.12.4/surefire-providers-2.12.4.pom
[63515b6e-afee-4bdc-80dd-b2465ebb195a/Java 8 on ubuntu-latest]   | [INFO] Downloaded from central: https://repo.maven.apache.org/maven2/org/apache/maven/surefire/surefire-providers/2.12.4/surefire-providers-2.12.4.pom (2.3 kB at 94 kB/s)
[63515b6e-afee-4bdc-80dd-b2465ebb195a/Java 8 on ubuntu-latest]   | [INFO] Downloading from central: https://repo.maven.apache.org/maven2/org/apache/maven/surefire/surefire-junit4/2.12.4/surefire-junit4-2.12.4.jar
[63515b6e-afee-4bdc-80dd-b2465ebb195a/Java 8 on ubuntu-latest]   | [INFO] Downloaded from central: https://repo.maven.apache.org/maven2/org/apache/maven/surefire/surefire-junit4/2.12.4/surefire-junit4-2.12.4.jar (37 kB at 480 kB/s)
[63515b6e-afee-4bdc-80dd-b2465ebb195a/Java 8 on ubuntu-latest]   | 
[63515b6e-afee-4bdc-80dd-b2465ebb195a/Java 8 on ubuntu-latest]   | -------------------------------------------------------
[63515b6e-afee-4bdc-80dd-b2465ebb195a/Java 8 on ubuntu-latest]   |  T E S T S
[63515b6e-afee-4bdc-80dd-b2465ebb195a/Java 8 on ubuntu-latest]   | -------------------------------------------------------
[63515b6e-afee-4bdc-80dd-b2465ebb195a/Java 8 on ubuntu-latest]   | Running org.reflections.VfsTest
[63515b6e-afee-4bdc-80dd-b2465ebb195a/Java 8 on ubuntu-latest]   | testVfsDir(file:/tmp/3c10d7a9-f05d-4ac0-b9d8-73b4af8311ff/target/test-classes/dir+with%20spaces)
[63515b6e-afee-4bdc-80dd-b2465ebb195a/Java 8 on ubuntu-latest]   | testVfsDir(file:/usr/lib/jvm/adoptopenjdk-8-hotspot-amd64/jre/lib/ext/zipfs.jar)
[63515b6e-afee-4bdc-80dd-b2465ebb195a/Java 8 on ubuntu-latest]   | testVfsDir(file:/tmp/3c10d7a9-f05d-4ac0-b9d8-73b4af8311ff/)
[63515b6e-afee-4bdc-80dd-b2465ebb195a/Java 8 on ubuntu-latest]   | 0 [main] WARN org.reflections.Reflections - could not create Dir using jarFile from url file:/tmp/tony.jarvis. skipping.
[63515b6e-afee-4bdc-80dd-b2465ebb195a/Java 8 on ubuntu-latest]   | java.io.FileNotFoundException: /tmp/tony.jarvis (Is a directory)
[63515b6e-afee-4bdc-80dd-b2465ebb195a/Java 8 on ubuntu-latest]   | 	at java.util.zip.ZipFile.open(Native Method)
[63515b6e-afee-4bdc-80dd-b2465ebb195a/Java 8 on ubuntu-latest]   | 	at java.util.zip.ZipFile.<init>(ZipFile.java:225)
[63515b6e-afee-4bdc-80dd-b2465ebb195a/Java 8 on ubuntu-latest]   | 	at java.util.zip.ZipFile.<init>(ZipFile.java:155)
[63515b6e-afee-4bdc-80dd-b2465ebb195a/Java 8 on ubuntu-latest]   | 	at java.util.jar.JarFile.<init>(JarFile.java:166)
[63515b6e-afee-4bdc-80dd-b2465ebb195a/Java 8 on ubuntu-latest]   | 	at java.util.jar.JarFile.<init>(JarFile.java:130)
[63515b6e-afee-4bdc-80dd-b2465ebb195a/Java 8 on ubuntu-latest]   | 	at org.reflections.vfs.Vfs$DefaultUrlTypes$1.createDir(Vfs.java:212)
[63515b6e-afee-4bdc-80dd-b2465ebb195a/Java 8 on ubuntu-latest]   | 	at org.reflections.vfs.Vfs.fromURL(Vfs.java:99)
[63515b6e-afee-4bdc-80dd-b2465ebb195a/Java 8 on ubuntu-latest]   | 	at org.reflections.vfs.Vfs.fromURL(Vfs.java:91)
[63515b6e-afee-4bdc-80dd-b2465ebb195a/Java 8 on ubuntu-latest]   | 	at org.reflections.VfsTest.vfsFromDirWithJarInName(VfsTest.java:141)
[63515b6e-afee-4bdc-80dd-b2465ebb195a/Java 8 on ubuntu-latest]   | 	at sun.reflect.NativeMethodAccessorImpl.invoke0(Native Method)
[63515b6e-afee-4bdc-80dd-b2465ebb195a/Java 8 on ubuntu-latest]   | 	at sun.reflect.NativeMethodAccessorImpl.invoke(NativeMethodAccessorImpl.java:62)
[63515b6e-afee-4bdc-80dd-b2465ebb195a/Java 8 on ubuntu-latest]   | 	at sun.reflect.DelegatingMethodAccessorImpl.invoke(DelegatingMethodAccessorImpl.java:43)
[63515b6e-afee-4bdc-80dd-b2465ebb195a/Java 8 on ubuntu-latest]   | 	at java.lang.reflect.Method.invoke(Method.java:498)
[63515b6e-afee-4bdc-80dd-b2465ebb195a/Java 8 on ubuntu-latest]   | 	at org.junit.runners.model.FrameworkMethod$1.runReflectiveCall(FrameworkMethod.java:44)
[63515b6e-afee-4bdc-80dd-b2465ebb195a/Java 8 on ubuntu-latest]   | 	at org.junit.internal.runners.model.ReflectiveCallable.run(ReflectiveCallable.java:15)
[63515b6e-afee-4bdc-80dd-b2465ebb195a/Java 8 on ubuntu-latest]   | 	at org.junit.runners.model.FrameworkMethod.invokeExplosively(FrameworkMethod.java:41)
[63515b6e-afee-4bdc-80dd-b2465ebb195a/Java 8 on ubuntu-latest]   | 	at org.junit.internal.runners.statements.InvokeMethod.evaluate(InvokeMethod.java:20)
[63515b6e-afee-4bdc-80dd-b2465ebb195a/Java 8 on ubuntu-latest]   | 	at org.junit.internal.runners.statements.RunBefores.evaluate(RunBefores.java:28)
[63515b6e-afee-4bdc-80dd-b2465ebb195a/Java 8 on ubuntu-latest]   | 	at org.junit.internal.runners.statements.RunAfters.evaluate(RunAfters.java:31)
[63515b6e-afee-4bdc-80dd-b2465ebb195a/Java 8 on ubuntu-latest]   | 	at org.junit.runners.BlockJUnit4ClassRunner.runChild(BlockJUnit4ClassRunner.java:73)
[63515b6e-afee-4bdc-80dd-b2465ebb195a/Java 8 on ubuntu-latest]   | 	at org.junit.runners.BlockJUnit4ClassRunner.runChild(BlockJUnit4ClassRunner.java:46)
[63515b6e-afee-4bdc-80dd-b2465ebb195a/Java 8 on ubuntu-latest]   | 	at org.junit.runners.ParentRunner.runChildren(ParentRunner.java:180)
[63515b6e-afee-4bdc-80dd-b2465ebb195a/Java 8 on ubuntu-latest]   | 	at org.junit.runners.ParentRunner.access$000(ParentRunner.java:41)
[63515b6e-afee-4bdc-80dd-b2465ebb195a/Java 8 on ubuntu-latest]   | 	at org.junit.runners.ParentRunner$1.evaluate(ParentRunner.java:173)
[63515b6e-afee-4bdc-80dd-b2465ebb195a/Java 8 on ubuntu-latest]   | 	at org.junit.internal.runners.statements.RunBefores.evaluate(RunBefores.java:28)
[63515b6e-afee-4bdc-80dd-b2465ebb195a/Java 8 on ubuntu-latest]   | 	at org.junit.internal.runners.statements.RunAfters.evaluate(RunAfters.java:31)
[63515b6e-afee-4bdc-80dd-b2465ebb195a/Java 8 on ubuntu-latest]   | 	at org.junit.runners.ParentRunner.run(ParentRunner.java:220)
[63515b6e-afee-4bdc-80dd-b2465ebb195a/Java 8 on ubuntu-latest]   | 	at org.apache.maven.surefire.junit4.JUnit4Provider.execute(JUnit4Provider.java:252)
[63515b6e-afee-4bdc-80dd-b2465ebb195a/Java 8 on ubuntu-latest]   | 	at org.apache.maven.surefire.junit4.JUnit4Provider.executeTestSet(JUnit4Provider.java:141)
[63515b6e-afee-4bdc-80dd-b2465ebb195a/Java 8 on ubuntu-latest]   | 	at org.apache.maven.surefire.junit4.JUnit4Provider.invoke(JUnit4Provider.java:112)
[63515b6e-afee-4bdc-80dd-b2465ebb195a/Java 8 on ubuntu-latest]   | 	at sun.reflect.NativeMethodAccessorImpl.invoke0(Native Method)
[63515b6e-afee-4bdc-80dd-b2465ebb195a/Java 8 on ubuntu-latest]   | 	at sun.reflect.NativeMethodAccessorImpl.invoke(NativeMethodAccessorImpl.java:62)
[63515b6e-afee-4bdc-80dd-b2465ebb195a/Java 8 on ubuntu-latest]   | 	at sun.reflect.DelegatingMethodAccessorImpl.invoke(DelegatingMethodAccessorImpl.java:43)
[63515b6e-afee-4bdc-80dd-b2465ebb195a/Java 8 on ubuntu-latest]   | 	at java.lang.reflect.Method.invoke(Method.java:498)
[63515b6e-afee-4bdc-80dd-b2465ebb195a/Java 8 on ubuntu-latest]   | 	at org.apache.maven.surefire.util.ReflectionUtils.invokeMethodWithArray(ReflectionUtils.java:189)
[63515b6e-afee-4bdc-80dd-b2465ebb195a/Java 8 on ubuntu-latest]   | 	at org.apache.maven.surefire.booter.ProviderFactory$ProviderProxy.invoke(ProviderFactory.java:165)
[63515b6e-afee-4bdc-80dd-b2465ebb195a/Java 8 on ubuntu-latest]   | 	at org.apache.maven.surefire.booter.ProviderFactory.invokeProvider(ProviderFactory.java:85)
[63515b6e-afee-4bdc-80dd-b2465ebb195a/Java 8 on ubuntu-latest]   | 	at org.apache.maven.surefire.booter.ForkedBooter.runSuitesInProcess(ForkedBooter.java:115)
[63515b6e-afee-4bdc-80dd-b2465ebb195a/Java 8 on ubuntu-latest]   | 	at org.apache.maven.surefire.booter.ForkedBooter.main(ForkedBooter.java:75)
[63515b6e-afee-4bdc-80dd-b2465ebb195a/Java 8 on ubuntu-latest]   | testVfsDir(jar:file:/usr/lib/jvm/adoptopenjdk-8-hotspot-amd64/jre/lib/ext/zipfs.jar!/)
[63515b6e-afee-4bdc-80dd-b2465ebb195a/Java 8 on ubuntu-latest]   | Tests run: 11, Failures: 1, Errors: 0, Skipped: 1, Time elapsed: 0.29 sec <<< FAILURE!
[63515b6e-afee-4bdc-80dd-b2465ebb195a/Java 8 on ubuntu-latest]   | vfsFromDirWithJarInName(org.reflections.VfsTest)  Time elapsed: 0.015 sec  <<< FAILURE!
[63515b6e-afee-4bdc-80dd-b2465ebb195a/Java 8 on ubuntu-latest]   | java.lang.AssertionError: expected:<class org.reflections.vfs.SystemDir> but was:<class org.reflections.vfs.JarInputDir>
[63515b6e-afee-4bdc-80dd-b2465ebb195a/Java 8 on ubuntu-latest]   | 	at org.junit.Assert.fail(Assert.java:91)
[63515b6e-afee-4bdc-80dd-b2465ebb195a/Java 8 on ubuntu-latest]   | 	at org.junit.Assert.failNotEquals(Assert.java:618)
[63515b6e-afee-4bdc-80dd-b2465ebb195a/Java 8 on ubuntu-latest]   | 	at org.junit.Assert.assertEquals(Assert.java:126)
[63515b6e-afee-4bdc-80dd-b2465ebb195a/Java 8 on ubuntu-latest]   | 	at org.junit.Assert.assertEquals(Assert.java:145)
[63515b6e-afee-4bdc-80dd-b2465ebb195a/Java 8 on ubuntu-latest]   | 	at org.reflections.VfsTest.vfsFromDirWithJarInName(VfsTest.java:144)
[63515b6e-afee-4bdc-80dd-b2465ebb195a/Java 8 on ubuntu-latest]   | 	at sun.reflect.NativeMethodAccessorImpl.invoke0(Native Method)
[63515b6e-afee-4bdc-80dd-b2465ebb195a/Java 8 on ubuntu-latest]   | 	at sun.reflect.NativeMethodAccessorImpl.invoke(NativeMethodAccessorImpl.java:62)
[63515b6e-afee-4bdc-80dd-b2465ebb195a/Java 8 on ubuntu-latest]   | 	at sun.reflect.DelegatingMethodAccessorImpl.invoke(DelegatingMethodAccessorImpl.java:43)
[63515b6e-afee-4bdc-80dd-b2465ebb195a/Java 8 on ubuntu-latest]   | 	at java.lang.reflect.Method.invoke(Method.java:498)
[63515b6e-afee-4bdc-80dd-b2465ebb195a/Java 8 on ubuntu-latest]   | 	at org.junit.runners.model.FrameworkMethod$1.runReflectiveCall(FrameworkMethod.java:44)
[63515b6e-afee-4bdc-80dd-b2465ebb195a/Java 8 on ubuntu-latest]   | 	at org.junit.internal.runners.model.ReflectiveCallable.run(ReflectiveCallable.java:15)
[63515b6e-afee-4bdc-80dd-b2465ebb195a/Java 8 on ubuntu-latest]   | 	at org.junit.runners.model.FrameworkMethod.invokeExplosively(FrameworkMethod.java:41)
[63515b6e-afee-4bdc-80dd-b2465ebb195a/Java 8 on ubuntu-latest]   | 	at org.junit.internal.runners.statements.InvokeMethod.evaluate(InvokeMethod.java:20)
[63515b6e-afee-4bdc-80dd-b2465ebb195a/Java 8 on ubuntu-latest]   | 	at org.junit.internal.runners.statements.RunBefores.evaluate(RunBefores.java:28)
[63515b6e-afee-4bdc-80dd-b2465ebb195a/Java 8 on ubuntu-latest]   | 	at org.junit.internal.runners.statements.RunAfters.evaluate(RunAfters.java:31)
[63515b6e-afee-4bdc-80dd-b2465ebb195a/Java 8 on ubuntu-latest]   | 	at org.junit.runners.BlockJUnit4ClassRunner.runChild(BlockJUnit4ClassRunner.java:73)
[63515b6e-afee-4bdc-80dd-b2465ebb195a/Java 8 on ubuntu-latest]   | 	at org.junit.runners.BlockJUnit4ClassRunner.runChild(BlockJUnit4ClassRunner.java:46)
[63515b6e-afee-4bdc-80dd-b2465ebb195a/Java 8 on ubuntu-latest]   | 	at org.junit.runners.ParentRunner.runChildren(ParentRunner.java:180)
[63515b6e-afee-4bdc-80dd-b2465ebb195a/Java 8 on ubuntu-latest]   | 	at org.junit.runners.ParentRunner.access$000(ParentRunner.java:41)
[63515b6e-afee-4bdc-80dd-b2465ebb195a/Java 8 on ubuntu-latest]   | 	at org.junit.runners.ParentRunner$1.evaluate(ParentRunner.java:173)
[63515b6e-afee-4bdc-80dd-b2465ebb195a/Java 8 on ubuntu-latest]   | 	at org.junit.internal.runners.statements.RunBefores.evaluate(RunBefores.java:28)
[63515b6e-afee-4bdc-80dd-b2465ebb195a/Java 8 on ubuntu-latest]   | 	at org.junit.internal.runners.statements.RunAfters.evaluate(RunAfters.java:31)
[63515b6e-afee-4bdc-80dd-b2465ebb195a/Java 8 on ubuntu-latest]   | 	at org.junit.runners.ParentRunner.run(ParentRunner.java:220)
[63515b6e-afee-4bdc-80dd-b2465ebb195a/Java 8 on ubuntu-latest]   | 	at org.apache.maven.surefire.junit4.JUnit4Provider.execute(JUnit4Provider.java:252)
[63515b6e-afee-4bdc-80dd-b2465ebb195a/Java 8 on ubuntu-latest]   | 	at org.apache.maven.surefire.junit4.JUnit4Provider.executeTestSet(JUnit4Provider.java:141)
[63515b6e-afee-4bdc-80dd-b2465ebb195a/Java 8 on ubuntu-latest]   | 	at org.apache.maven.surefire.junit4.JUnit4Provider.invoke(JUnit4Provider.java:112)
[63515b6e-afee-4bdc-80dd-b2465ebb195a/Java 8 on ubuntu-latest]   | 	at sun.reflect.NativeMethodAccessorImpl.invoke0(Native Method)
[63515b6e-afee-4bdc-80dd-b2465ebb195a/Java 8 on ubuntu-latest]   | 	at sun.reflect.NativeMethodAccessorImpl.invoke(NativeMethodAccessorImpl.java:62)
[63515b6e-afee-4bdc-80dd-b2465ebb195a/Java 8 on ubuntu-latest]   | 	at sun.reflect.DelegatingMethodAccessorImpl.invoke(DelegatingMethodAccessorImpl.java:43)
[63515b6e-afee-4bdc-80dd-b2465ebb195a/Java 8 on ubuntu-latest]   | 	at java.lang.reflect.Method.invoke(Method.java:498)
[63515b6e-afee-4bdc-80dd-b2465ebb195a/Java 8 on ubuntu-latest]   | 	at org.apache.maven.surefire.util.ReflectionUtils.invokeMethodWithArray(ReflectionUtils.java:189)
[63515b6e-afee-4bdc-80dd-b2465ebb195a/Java 8 on ubuntu-latest]   | 	at org.apache.maven.surefire.booter.ProviderFactory$ProviderProxy.invoke(ProviderFactory.java:165)
[63515b6e-afee-4bdc-80dd-b2465ebb195a/Java 8 on ubuntu-latest]   | 	at org.apache.maven.surefire.booter.ProviderFactory.invokeProvider(ProviderFactory.java:85)
[63515b6e-afee-4bdc-80dd-b2465ebb195a/Java 8 on ubuntu-latest]   | 	at org.apache.maven.surefire.booter.ForkedBooter.runSuitesInProcess(ForkedBooter.java:115)
[63515b6e-afee-4bdc-80dd-b2465ebb195a/Java 8 on ubuntu-latest]   | 	at org.apache.maven.surefire.booter.ForkedBooter.main(ForkedBooter.java:75)
[63515b6e-afee-4bdc-80dd-b2465ebb195a/Java 8 on ubuntu-latest]   | 
[63515b6e-afee-4bdc-80dd-b2465ebb195a/Java 8 on ubuntu-latest]   | Running org.reflections.ReflectionUtilsTest
[63515b6e-afee-4bdc-80dd-b2465ebb195a/Java 8 on ubuntu-latest]   | 127 [main] INFO org.reflections.Reflections - Reflections took 21 ms to scan 1 urls, producing 1 keys and 2 values 
[63515b6e-afee-4bdc-80dd-b2465ebb195a/Java 8 on ubuntu-latest]   | Tests run: 4, Failures: 0, Errors: 0, Skipped: 0, Time elapsed: 0.058 sec
[63515b6e-afee-4bdc-80dd-b2465ebb195a/Java 8 on ubuntu-latest]   | Running org.reflections.ReflectionsParallelTest
[63515b6e-afee-4bdc-80dd-b2465ebb195a/Java 8 on ubuntu-latest]   | 191 [main] INFO org.reflections.Reflections - Reflections took 36 ms to scan 1 urls, producing 50 keys and 152 values [using 128 cores]
[63515b6e-afee-4bdc-80dd-b2465ebb195a/Java 8 on ubuntu-latest]   | 228 [main] INFO org.reflections.Reflections - Reflections took 3 ms to scan 1 urls, producing 2 keys and 2 values 
[63515b6e-afee-4bdc-80dd-b2465ebb195a/Java 8 on ubuntu-latest]   | 235 [main] INFO org.reflections.Reflections - Reflections took 4 ms to scan 1 urls, producing 15 keys and 37 values 
[63515b6e-afee-4bdc-80dd-b2465ebb195a/Java 8 on ubuntu-latest]   | Tests run: 11, Failures: 0, Errors: 0, Skipped: 0, Time elapsed: 0.09 sec
[63515b6e-afee-4bdc-80dd-b2465ebb195a/Java 8 on ubuntu-latest]   | Running org.reflections.ReflectionsCollectTest
[63515b6e-afee-4bdc-80dd-b2465ebb195a/Java 8 on ubuntu-latest]   | 252 [main] INFO org.reflections.Reflections - Reflections took 10 ms to scan 1 urls, producing 37 keys and 100 values 
[63515b6e-afee-4bdc-80dd-b2465ebb195a/Java 8 on ubuntu-latest]   | 279 [main] INFO org.reflections.Reflections - Reflections successfully saved in /tmp/3c10d7a9-f05d-4ac0-b9d8-73b4af8311ff/target/test-classes/META-INF/reflections/testModel-reflections.xml using XmlSerializer
[63515b6e-afee-4bdc-80dd-b2465ebb195a/Java 8 on ubuntu-latest]   | 285 [main] INFO org.reflections.Reflections - Reflections took 4 ms to scan 1 urls, producing 12 keys and 50 values 
[63515b6e-afee-4bdc-80dd-b2465ebb195a/Java 8 on ubuntu-latest]   | 340 [main] INFO org.reflections.Reflections - Reflections successfully saved in /tmp/3c10d7a9-f05d-4ac0-b9d8-73b4af8311ff/target/test-classes/META-INF/reflections/testModel-reflections.json using JsonSerializer
[63515b6e-afee-4bdc-80dd-b2465ebb195a/Java 8 on ubuntu-latest]   | 390 [main] INFO org.reflections.Reflections - Reflections took 50 ms to collect 1 url, producing 38 keys and 102 values [file:/tmp/3c10d7a9-f05d-4ac0-b9d8-73b4af8311ff/target/test-classes/]
[63515b6e-afee-4bdc-80dd-b2465ebb195a/Java 8 on ubuntu-latest]   | 404 [main] INFO org.reflections.Reflections - Reflections took 14 ms to collect 1 url, producing 12 keys and 50 values [file:/tmp/3c10d7a9-f05d-4ac0-b9d8-73b4af8311ff/target/test-classes/]
[63515b6e-afee-4bdc-80dd-b2465ebb195a/Java 8 on ubuntu-latest]   | 409 [main] INFO org.reflections.Reflections - Reflections took 4 ms to scan 1 urls, producing 4 keys and 4 values 
[63515b6e-afee-4bdc-80dd-b2465ebb195a/Java 8 on ubuntu-latest]   | 425 [main] INFO org.reflections.Reflections - Reflections took 4 ms to scan 1 urls, producing 15 keys and 37 values 
[63515b6e-afee-4bdc-80dd-b2465ebb195a/Java 8 on ubuntu-latest]   | Tests run: 11, Failures: 0, Errors: 0, Skipped: 0, Time elapsed: 0.184 sec
[63515b6e-afee-4bdc-80dd-b2465ebb195a/Java 8 on ubuntu-latest]   | Running org.reflections.ReflectionsTest
[63515b6e-afee-4bdc-80dd-b2465ebb195a/Java 8 on ubuntu-latest]   | 438 [main] INFO org.reflections.Reflections - Reflections took 11 ms to scan 1 urls, producing 50 keys and 152 values 
[63515b6e-afee-4bdc-80dd-b2465ebb195a/Java 8 on ubuntu-latest]   | 450 [main] INFO org.reflections.Reflections - Reflections took 3 ms to scan 1 urls, producing 2 keys and 2 values 
[63515b6e-afee-4bdc-80dd-b2465ebb195a/Java 8 on ubuntu-latest]   | 456 [main] INFO org.reflections.Reflections - Reflections took 4 ms to scan 1 urls, producing 15 keys and 37 values 
[63515b6e-afee-4bdc-80dd-b2465ebb195a/Java 8 on ubuntu-latest]   | Tests run: 11, Failures: 0, Errors: 0, Skipped: 0, Time elapsed: 0.029 sec
[63515b6e-afee-4bdc-80dd-b2465ebb195a/Java 8 on ubuntu-latest]   | Running org.reflections.FilterBuilderTest
[63515b6e-afee-4bdc-80dd-b2465ebb195a/Java 8 on ubuntu-latest]   | Tests run: 17, Failures: 0, Errors: 0, Skipped: 0, Time elapsed: 0.003 sec
[63515b6e-afee-4bdc-80dd-b2465ebb195a/Java 8 on ubuntu-latest]   | Running org.reflections.JavaCodeSerializerTest
[63515b6e-afee-4bdc-80dd-b2465ebb195a/Java 8 on ubuntu-latest]   | 466 [main] INFO org.reflections.Reflections - Reflections took 4 ms to scan 1 urls, producing 22 keys and 73 values 
[63515b6e-afee-4bdc-80dd-b2465ebb195a/Java 8 on ubuntu-latest]   | 474 [main] INFO org.reflections.Reflections - Reflections successfully saved in /tmp/3c10d7a9-f05d-4ac0-b9d8-73b4af8311ff/src/test/java/org/reflections/MyTestModelStore.java using JavaCodeSerializer
[63515b6e-afee-4bdc-80dd-b2465ebb195a/Java 8 on ubuntu-latest]   | Tests run: 1, Failures: 0, Errors: 0, Skipped: 0, Time elapsed: 0.02 sec
[63515b6e-afee-4bdc-80dd-b2465ebb195a/Java 8 on ubuntu-latest]   | Running org.reflections.ClasspathHelperTest
[63515b6e-afee-4bdc-80dd-b2465ebb195a/Java 8 on ubuntu-latest]   | Tests run: 1, Failures: 0, Errors: 0, Skipped: 0, Time elapsed: 0.004 sec
[63515b6e-afee-4bdc-80dd-b2465ebb195a/Java 8 on ubuntu-latest]   | 
[63515b6e-afee-4bdc-80dd-b2465ebb195a/Java 8 on ubuntu-latest]   | Results :
[63515b6e-afee-4bdc-80dd-b2465ebb195a/Java 8 on ubuntu-latest]   | 
[63515b6e-afee-4bdc-80dd-b2465ebb195a/Java 8 on ubuntu-latest]   | Failed tests:   vfsFromDirWithJarInName(org.reflections.VfsTest): expected:<class org.reflections.vfs.SystemDir> but was:<class org.reflections.vfs.JarInputDir>
[63515b6e-afee-4bdc-80dd-b2465ebb195a/Java 8 on ubuntu-latest]   | 
[63515b6e-afee-4bdc-80dd-b2465ebb195a/Java 8 on ubuntu-latest]   | Tests run: 67, Failures: 1, Errors: 0, Skipped: 1
[63515b6e-afee-4bdc-80dd-b2465ebb195a/Java 8 on ubuntu-latest]   | 
[63515b6e-afee-4bdc-80dd-b2465ebb195a/Java 8 on ubuntu-latest]   | [INFO] ------------------------------------------------------------------------
[63515b6e-afee-4bdc-80dd-b2465ebb195a/Java 8 on ubuntu-latest]   | [INFO] BUILD FAILURE
[63515b6e-afee-4bdc-80dd-b2465ebb195a/Java 8 on ubuntu-latest]   | [INFO] ------------------------------------------------------------------------
[63515b6e-afee-4bdc-80dd-b2465ebb195a/Java 8 on ubuntu-latest]   | [INFO] Total time:  31.477 s
[63515b6e-afee-4bdc-80dd-b2465ebb195a/Java 8 on ubuntu-latest]   | [INFO] Finished at: 2023-07-12T15:26:11Z
[63515b6e-afee-4bdc-80dd-b2465ebb195a/Java 8 on ubuntu-latest]   | [INFO] ------------------------------------------------------------------------
[63515b6e-afee-4bdc-80dd-b2465ebb195a/Java 8 on ubuntu-latest]   | [ERROR] Failed to execute goal org.apache.maven.plugins:maven-surefire-plugin:2.12.4:test (default-test) on project reflections: There are test failures.
[63515b6e-afee-4bdc-80dd-b2465ebb195a/Java 8 on ubuntu-latest]   | [ERROR] 
[63515b6e-afee-4bdc-80dd-b2465ebb195a/Java 8 on ubuntu-latest]   | [ERROR] Please refer to /tmp/3c10d7a9-f05d-4ac0-b9d8-73b4af8311ff/target/surefire-reports for the individual test results.
[63515b6e-afee-4bdc-80dd-b2465ebb195a/Java 8 on ubuntu-latest]   | [ERROR] -> [Help 1]
[63515b6e-afee-4bdc-80dd-b2465ebb195a/Java 8 on ubuntu-latest]   | [ERROR] 
[63515b6e-afee-4bdc-80dd-b2465ebb195a/Java 8 on ubuntu-latest]   | [ERROR] To see the full stack trace of the errors, re-run Maven with the -e switch.
[63515b6e-afee-4bdc-80dd-b2465ebb195a/Java 8 on ubuntu-latest]   | [ERROR] Re-run Maven using the -X switch to enable full debug logging.
[63515b6e-afee-4bdc-80dd-b2465ebb195a/Java 8 on ubuntu-latest]   | [ERROR] 
[63515b6e-afee-4bdc-80dd-b2465ebb195a/Java 8 on ubuntu-latest]   | [ERROR] For more information about the errors and possible solutions, please read the following articles:
[63515b6e-afee-4bdc-80dd-b2465ebb195a/Java 8 on ubuntu-latest]   | [ERROR] [Help 1] http://cwiki.apache.org/confluence/display/MAVEN/MojoFailureException
[63515b6e-afee-4bdc-80dd-b2465ebb195a/Java 8 on ubuntu-latest]   ‚ùå  Failure - Main Test with Maven
[63515b6e-afee-4bdc-80dd-b2465ebb195a/Java 8 on ubuntu-latest] exitcode '1': failure
[63515b6e-afee-4bdc-80dd-b2465ebb195a/Java 8 on ubuntu-latest] unable to get git ref: failed to identify reference (tag/branch) for the checked-out revision 'b2114c7d5a0a001ccccf8e1498c54d0b3e5c9016'
[63515b6e-afee-4bdc-80dd-b2465ebb195a/Java 8 on ubuntu-latest] unable to get git ref: failed to identify reference (tag/branch) for the checked-out revision 'b2114c7d5a0a001ccccf8e1498c54d0b3e5c9016'
[63515b6e-afee-4bdc-80dd-b2465ebb195a/Java 8 on ubuntu-latest] unable to get git ref: failed to identify reference (tag/branch) for the checked-out revision 'b2114c7d5a0a001ccccf8e1498c54d0b3e5c9016'
[63515b6e-afee-4bdc-80dd-b2465ebb195a/Java 8 on ubuntu-latest] unable to get git ref: failed to identify reference (tag/branch) for the checked-out revision 'b2114c7d5a0a001ccccf8e1498c54d0b3e5c9016'
[63515b6e-afee-4bdc-80dd-b2465ebb195a/Java 8 on ubuntu-latest] unable to get git ref: failed to identify reference (tag/branch) for the checked-out revision 'b2114c7d5a0a001ccccf8e1498c54d0b3e5c9016'
[63515b6e-afee-4bdc-80dd-b2465ebb195a/Java 8 on ubuntu-latest] unable to get git ref: failed to identify reference (tag/branch) for the checked-out revision 'b2114c7d5a0a001ccccf8e1498c54d0b3e5c9016'
[63515b6e-afee-4bdc-80dd-b2465ebb195a/Java 8 on ubuntu-latest] unable to get git ref: failed to identify reference (tag/branch) for the checked-out revision 'b2114c7d5a0a001ccccf8e1498c54d0b3e5c9016'
[63515b6e-afee-4bdc-80dd-b2465ebb195a/Java 8 on ubuntu-latest] unable to get git ref: failed to identify reference (tag/branch) for the checked-out revision 'b2114c7d5a0a001ccccf8e1498c54d0b3e5c9016'
[63515b6e-afee-4bdc-80dd-b2465ebb195a/Java 8 on ubuntu-latest] unable to get git ref: failed to identify reference (tag/branch) for the checked-out revision 'b2114c7d5a0a001ccccf8e1498c54d0b3e5c9016'
[63515b6e-afee-4bdc-80dd-b2465ebb195a/Java 8 on ubuntu-latest] unable to get git ref: failed to identify reference (tag/branch) for the checked-out revision 'b2114c7d5a0a001ccccf8e1498c54d0b3e5c9016'
[63515b6e-afee-4bdc-80dd-b2465ebb195a/Java 8 on ubuntu-latest] ‚≠ê Run Post Setup Java
[63515b6e-afee-4bdc-80dd-b2465ebb195a/Java 8 on ubuntu-latest]   üê≥  docker exec cmd=[node /var/run/act/actions/actions-setup-java@v2/dist/cleanup/index.js] user= workdir=
[63515b6e-afee-4bdc-80dd-b2465ebb195a/Java 8 on ubuntu-latest]   ‚úÖ  Success - Post Setup Java
[63515b6e-afee-4bdc-80dd-b2465ebb195a/Java 8 on ubuntu-latest] üèÅ  Job failed
[63515b6e-afee-4bdc-80dd-b2465ebb195a/Java 8 on ubuntu-latest] unable to get git ref: failed to identify reference (tag/branch) for the checked-out revision 'b2114c7d5a0a001ccccf8e1498c54d0b3e5c9016'
