[34a1c9ed-ee02-417b-926c-d41dd47f079b/build] 🚀  Start image=gitbugactions:latest
[34a1c9ed-ee02-417b-926c-d41dd47f079b/build]   🐳  docker pull image=gitbugactions:latest platform= username= forcePull=false
[34a1c9ed-ee02-417b-926c-d41dd47f079b/build]   🐳  docker create image=gitbugactions:latest platform= entrypoint=["tail" "-f" "/dev/null"] cmd=[]
[34a1c9ed-ee02-417b-926c-d41dd47f079b/build]   🐳  docker run image=gitbugactions:latest platform= entrypoint=["tail" "-f" "/dev/null"] cmd=[]
[34a1c9ed-ee02-417b-926c-d41dd47f079b/build]   🐳  docker exec cmd=[chown -R 1012:1013 /tmp/aea1d59d-a9f1-42e5-98a7-1f4cd03982b9] user=0 workdir=
[34a1c9ed-ee02-417b-926c-d41dd47f079b/build] unable to get git ref: failed to identify reference (tag/branch) for the checked-out revision '8faa18c7024a96c17bfa2d46f087045be7679dc4'
[34a1c9ed-ee02-417b-926c-d41dd47f079b/build] unable to get git ref: failed to identify reference (tag/branch) for the checked-out revision '8faa18c7024a96c17bfa2d46f087045be7679dc4'
[34a1c9ed-ee02-417b-926c-d41dd47f079b/build] unable to get git ref: failed to identify reference (tag/branch) for the checked-out revision '8faa18c7024a96c17bfa2d46f087045be7679dc4'
[34a1c9ed-ee02-417b-926c-d41dd47f079b/build] unable to get git ref: failed to identify reference (tag/branch) for the checked-out revision '8faa18c7024a96c17bfa2d46f087045be7679dc4'
[34a1c9ed-ee02-417b-926c-d41dd47f079b/build] unable to get git ref: failed to identify reference (tag/branch) for the checked-out revision '8faa18c7024a96c17bfa2d46f087045be7679dc4'
[34a1c9ed-ee02-417b-926c-d41dd47f079b/build] unable to get git ref: failed to identify reference (tag/branch) for the checked-out revision '8faa18c7024a96c17bfa2d46f087045be7679dc4'
[34a1c9ed-ee02-417b-926c-d41dd47f079b/build] unable to get git ref: failed to identify reference (tag/branch) for the checked-out revision '8faa18c7024a96c17bfa2d46f087045be7679dc4'
[34a1c9ed-ee02-417b-926c-d41dd47f079b/build] unable to get git ref: failed to identify reference (tag/branch) for the checked-out revision '8faa18c7024a96c17bfa2d46f087045be7679dc4'
[34a1c9ed-ee02-417b-926c-d41dd47f079b/build] unable to get git ref: failed to identify reference (tag/branch) for the checked-out revision '8faa18c7024a96c17bfa2d46f087045be7679dc4'
[34a1c9ed-ee02-417b-926c-d41dd47f079b/build] ⭐ Run Main actions/checkout@v3
[34a1c9ed-ee02-417b-926c-d41dd47f079b/build] unable to get git ref: failed to identify reference (tag/branch) for the checked-out revision '8faa18c7024a96c17bfa2d46f087045be7679dc4'
[34a1c9ed-ee02-417b-926c-d41dd47f079b/build] unable to get git ref: failed to identify reference (tag/branch) for the checked-out revision '8faa18c7024a96c17bfa2d46f087045be7679dc4'
[34a1c9ed-ee02-417b-926c-d41dd47f079b/build]   🐳  docker cp src=/tmp/aea1d59d-a9f1-42e5-98a7-1f4cd03982b9/. dst=/tmp/aea1d59d-a9f1-42e5-98a7-1f4cd03982b9
[34a1c9ed-ee02-417b-926c-d41dd47f079b/build]   🐳  docker exec cmd=[chown -R 1012:1013 /tmp/aea1d59d-a9f1-42e5-98a7-1f4cd03982b9] user=0 workdir=
[34a1c9ed-ee02-417b-926c-d41dd47f079b/build]   ✅  Success - Main actions/checkout@v3
[34a1c9ed-ee02-417b-926c-d41dd47f079b/build] unable to get git ref: failed to identify reference (tag/branch) for the checked-out revision '8faa18c7024a96c17bfa2d46f087045be7679dc4'
[34a1c9ed-ee02-417b-926c-d41dd47f079b/build] unable to get git ref: failed to identify reference (tag/branch) for the checked-out revision '8faa18c7024a96c17bfa2d46f087045be7679dc4'
[34a1c9ed-ee02-417b-926c-d41dd47f079b/build] unable to get git ref: failed to identify reference (tag/branch) for the checked-out revision '8faa18c7024a96c17bfa2d46f087045be7679dc4'
[34a1c9ed-ee02-417b-926c-d41dd47f079b/build] unable to get git ref: failed to identify reference (tag/branch) for the checked-out revision '8faa18c7024a96c17bfa2d46f087045be7679dc4'
[34a1c9ed-ee02-417b-926c-d41dd47f079b/build] unable to get git ref: failed to identify reference (tag/branch) for the checked-out revision '8faa18c7024a96c17bfa2d46f087045be7679dc4'
[34a1c9ed-ee02-417b-926c-d41dd47f079b/build] ⭐ Run Main Set up JDK 17
[34a1c9ed-ee02-417b-926c-d41dd47f079b/build] unable to get git ref: failed to identify reference (tag/branch) for the checked-out revision '8faa18c7024a96c17bfa2d46f087045be7679dc4'
[34a1c9ed-ee02-417b-926c-d41dd47f079b/build] unable to get git ref: failed to identify reference (tag/branch) for the checked-out revision '8faa18c7024a96c17bfa2d46f087045be7679dc4'
[34a1c9ed-ee02-417b-926c-d41dd47f079b/build] unable to get git ref: failed to identify reference (tag/branch) for the checked-out revision '8faa18c7024a96c17bfa2d46f087045be7679dc4'
[34a1c9ed-ee02-417b-926c-d41dd47f079b/build]   🐳  docker cp src=/tmp/act-cache/3c7f50a5-98c4-45df-b392-4b52f8183502/act/actions-setup-java@v3/ dst=/var/run/act/actions/actions-setup-java@v3/
[34a1c9ed-ee02-417b-926c-d41dd47f079b/build]   🐳  docker exec cmd=[chown -R 1012:1013 /var/run/act/actions/actions-setup-java@v3/] user=0 workdir=
[34a1c9ed-ee02-417b-926c-d41dd47f079b/build]   🐳  docker exec cmd=[node /var/run/act/actions/actions-setup-java@v3/dist/setup/index.js] user= workdir=
[34a1c9ed-ee02-417b-926c-d41dd47f079b/build]   ❓  ::group::Installed distributions
[34a1c9ed-ee02-417b-926c-d41dd47f079b/build]   💬  ::debug::isExplicit: 11.0.20-1
[34a1c9ed-ee02-417b-926c-d41dd47f079b/build]   💬  ::debug::explicit? true
[34a1c9ed-ee02-417b-926c-d41dd47f079b/build]   💬  ::debug::isExplicit: 17.0.8-1
[34a1c9ed-ee02-417b-926c-d41dd47f079b/build]   💬  ::debug::explicit? true
[34a1c9ed-ee02-417b-926c-d41dd47f079b/build]   💬  ::debug::isExplicit: 21.0.0-35
[34a1c9ed-ee02-417b-926c-d41dd47f079b/build]   💬  ::debug::explicit? true
[34a1c9ed-ee02-417b-926c-d41dd47f079b/build]   💬  ::debug::isExplicit: 8.0.382-5
[34a1c9ed-ee02-417b-926c-d41dd47f079b/build]   💬  ::debug::explicit? true
[34a1c9ed-ee02-417b-926c-d41dd47f079b/build]   | Resolved Java 17.0.8+1 from tool-cache
[34a1c9ed-ee02-417b-926c-d41dd47f079b/build]   | Setting Java 17.0.8+1 as the default
[34a1c9ed-ee02-417b-926c-d41dd47f079b/build]   | Creating toolchains.xml for JDK version 17 from temurin
[34a1c9ed-ee02-417b-926c-d41dd47f079b/build]   | Writing to /home/runner/.m2/toolchains.xml
[34a1c9ed-ee02-417b-926c-d41dd47f079b/build]   | 
[34a1c9ed-ee02-417b-926c-d41dd47f079b/build]   | Java configuration:
[34a1c9ed-ee02-417b-926c-d41dd47f079b/build]   |   Distribution: temurin
[34a1c9ed-ee02-417b-926c-d41dd47f079b/build]   |   Version: 17.0.8+1
[34a1c9ed-ee02-417b-926c-d41dd47f079b/build]   |   Path: /opt/hostedtoolcache/Java_Temurin-Hotspot_jdk/17.0.8-1/x64
[34a1c9ed-ee02-417b-926c-d41dd47f079b/build]   | 
[34a1c9ed-ee02-417b-926c-d41dd47f079b/build]   ❓  ::endgroup::
[34a1c9ed-ee02-417b-926c-d41dd47f079b/build]   ❓ add-matcher /run/act/actions/actions-setup-java@v3/.github/java.json
[34a1c9ed-ee02-417b-926c-d41dd47f079b/build]   | Creating settings.xml with server-id: github
[34a1c9ed-ee02-417b-926c-d41dd47f079b/build]   | Writing to /home/runner/.m2/settings.xml
[34a1c9ed-ee02-417b-926c-d41dd47f079b/build]   ✅  Success - Main Set up JDK 17
[34a1c9ed-ee02-417b-926c-d41dd47f079b/build]   ⚙  ::set-env:: JAVA_HOME_17_X64=/opt/hostedtoolcache/Java_Temurin-Hotspot_jdk/17.0.8-1/x64
[34a1c9ed-ee02-417b-926c-d41dd47f079b/build]   ⚙  ::set-env:: JAVA_HOME=/opt/hostedtoolcache/Java_Temurin-Hotspot_jdk/17.0.8-1/x64
[34a1c9ed-ee02-417b-926c-d41dd47f079b/build]   ⚙  ::set-output:: distribution=Temurin-Hotspot
[34a1c9ed-ee02-417b-926c-d41dd47f079b/build]   ⚙  ::set-output:: path=/opt/hostedtoolcache/Java_Temurin-Hotspot_jdk/17.0.8-1/x64
[34a1c9ed-ee02-417b-926c-d41dd47f079b/build]   ⚙  ::set-output:: version=17.0.8+1
[34a1c9ed-ee02-417b-926c-d41dd47f079b/build]   ⚙  ::add-path:: /opt/hostedtoolcache/Java_Temurin-Hotspot_jdk/17.0.8-1/x64/bin
[34a1c9ed-ee02-417b-926c-d41dd47f079b/build] unable to get git ref: failed to identify reference (tag/branch) for the checked-out revision '8faa18c7024a96c17bfa2d46f087045be7679dc4'
[34a1c9ed-ee02-417b-926c-d41dd47f079b/build] unable to get git ref: failed to identify reference (tag/branch) for the checked-out revision '8faa18c7024a96c17bfa2d46f087045be7679dc4'
[34a1c9ed-ee02-417b-926c-d41dd47f079b/build] unable to get git ref: failed to identify reference (tag/branch) for the checked-out revision '8faa18c7024a96c17bfa2d46f087045be7679dc4'
[34a1c9ed-ee02-417b-926c-d41dd47f079b/build] unable to get git ref: failed to identify reference (tag/branch) for the checked-out revision '8faa18c7024a96c17bfa2d46f087045be7679dc4'
[34a1c9ed-ee02-417b-926c-d41dd47f079b/build] unable to get git ref: failed to identify reference (tag/branch) for the checked-out revision '8faa18c7024a96c17bfa2d46f087045be7679dc4'
[34a1c9ed-ee02-417b-926c-d41dd47f079b/build] ⭐ Run Main Build with Maven
[34a1c9ed-ee02-417b-926c-d41dd47f079b/build] unable to get git ref: failed to identify reference (tag/branch) for the checked-out revision '8faa18c7024a96c17bfa2d46f087045be7679dc4'
[34a1c9ed-ee02-417b-926c-d41dd47f079b/build] unable to get git ref: failed to identify reference (tag/branch) for the checked-out revision '8faa18c7024a96c17bfa2d46f087045be7679dc4'
[34a1c9ed-ee02-417b-926c-d41dd47f079b/build] unable to get git ref: failed to identify reference (tag/branch) for the checked-out revision '8faa18c7024a96c17bfa2d46f087045be7679dc4'
[34a1c9ed-ee02-417b-926c-d41dd47f079b/build] unable to get git ref: failed to identify reference (tag/branch) for the checked-out revision '8faa18c7024a96c17bfa2d46f087045be7679dc4'
[34a1c9ed-ee02-417b-926c-d41dd47f079b/build]   🐳  docker exec cmd=[bash --noprofile --norc -e -o pipefail /var/run/act/workflow/2] user= workdir=
[34a1c9ed-ee02-417b-926c-d41dd47f079b/build]   | [INFO] Scanning for projects...
[34a1c9ed-ee02-417b-926c-d41dd47f079b/build]   | [INFO] 
[34a1c9ed-ee02-417b-926c-d41dd47f079b/build]   | [INFO] ------------------< net.e175.klaus:solarpositioning >-------------------
[34a1c9ed-ee02-417b-926c-d41dd47f079b/build]   | [INFO] Building solarpositioning 0.1.6-SNAPSHOT
[34a1c9ed-ee02-417b-926c-d41dd47f079b/build]   | [INFO]   from pom.xml
[34a1c9ed-ee02-417b-926c-d41dd47f079b/build]   | [INFO] --------------------------------[ jar ]---------------------------------
[34a1c9ed-ee02-417b-926c-d41dd47f079b/build]   | [INFO] Downloading from central: https://repo.maven.apache.org/maven2/org/apache/maven/plugins/maven-resources-plugin/2.6/maven-resources-plugin-2.6.pom
[34a1c9ed-ee02-417b-926c-d41dd47f079b/build]   | [INFO] Downloaded from central: https://repo.maven.apache.org/maven2/org/apache/maven/plugins/maven-resources-plugin/2.6/maven-resources-plugin-2.6.pom (8.1 kB at 17 kB/s)
[34a1c9ed-ee02-417b-926c-d41dd47f079b/build]   | [INFO] Downloading from central: https://repo.maven.apache.org/maven2/org/apache/maven/plugins/maven-plugins/23/maven-plugins-23.pom
[34a1c9ed-ee02-417b-926c-d41dd47f079b/build]   | [INFO] Downloaded from central: https://repo.maven.apache.org/maven2/org/apache/maven/plugins/maven-plugins/23/maven-plugins-23.pom (9.2 kB at 124 kB/s)
[34a1c9ed-ee02-417b-926c-d41dd47f079b/build]   | [INFO] Downloading from central: https://repo.maven.apache.org/maven2/org/apache/maven/maven-parent/22/maven-parent-22.pom
[34a1c9ed-ee02-417b-926c-d41dd47f079b/build]   | [INFO] Downloaded from central: https://repo.maven.apache.org/maven2/org/apache/maven/maven-parent/22/maven-parent-22.pom (30 kB at 725 kB/s)
[34a1c9ed-ee02-417b-926c-d41dd47f079b/build]   | [INFO] Downloading from central: https://repo.maven.apache.org/maven2/org/apache/apache/11/apache-11.pom
[34a1c9ed-ee02-417b-926c-d41dd47f079b/build]   | [INFO] Downloaded from central: https://repo.maven.apache.org/maven2/org/apache/apache/11/apache-11.pom (15 kB at 309 kB/s)
[34a1c9ed-ee02-417b-926c-d41dd47f079b/build]   | [INFO] Downloading from central: https://repo.maven.apache.org/maven2/org/apache/maven/plugins/maven-resources-plugin/2.6/maven-resources-plugin-2.6.jar
[34a1c9ed-ee02-417b-926c-d41dd47f079b/build]   | [INFO] Downloaded from central: https://repo.maven.apache.org/maven2/org/apache/maven/plugins/maven-resources-plugin/2.6/maven-resources-plugin-2.6.jar (30 kB at 422 kB/s)
[34a1c9ed-ee02-417b-926c-d41dd47f079b/build]   | [INFO] Downloading from central: https://repo.maven.apache.org/maven2/org/apache/maven/plugins/maven-compiler-plugin/3.10.1/maven-compiler-plugin-3.10.1.pom
[34a1c9ed-ee02-417b-926c-d41dd47f079b/build]   | [INFO] Downloaded from central: https://repo.maven.apache.org/maven2/org/apache/maven/plugins/maven-compiler-plugin/3.10.1/maven-compiler-plugin-3.10.1.pom (13 kB at 229 kB/s)
[34a1c9ed-ee02-417b-926c-d41dd47f079b/build]   | [INFO] Downloading from central: https://repo.maven.apache.org/maven2/org/apache/maven/plugins/maven-plugins/34/maven-plugins-34.pom
[34a1c9ed-ee02-417b-926c-d41dd47f079b/build]   | [INFO] Downloaded from central: https://repo.maven.apache.org/maven2/org/apache/maven/plugins/maven-plugins/34/maven-plugins-34.pom (11 kB at 305 kB/s)
[34a1c9ed-ee02-417b-926c-d41dd47f079b/build]   | [INFO] Downloading from central: https://repo.maven.apache.org/maven2/org/apache/maven/maven-parent/34/maven-parent-34.pom
[34a1c9ed-ee02-417b-926c-d41dd47f079b/build]   | [INFO] Downloaded from central: https://repo.maven.apache.org/maven2/org/apache/maven/maven-parent/34/maven-parent-34.pom (43 kB at 1.1 MB/s)
[34a1c9ed-ee02-417b-926c-d41dd47f079b/build]   | [INFO] Downloading from central: https://repo.maven.apache.org/maven2/org/apache/apache/23/apache-23.pom
[34a1c9ed-ee02-417b-926c-d41dd47f079b/build]   | [INFO] Downloaded from central: https://repo.maven.apache.org/maven2/org/apache/apache/23/apache-23.pom (18 kB at 288 kB/s)
[34a1c9ed-ee02-417b-926c-d41dd47f079b/build]   | [INFO] Downloading from central: https://repo.maven.apache.org/maven2/org/apache/maven/plugins/maven-compiler-plugin/3.10.1/maven-compiler-plugin-3.10.1.jar
[34a1c9ed-ee02-417b-926c-d41dd47f079b/build]   | [INFO] Downloaded from central: https://repo.maven.apache.org/maven2/org/apache/maven/plugins/maven-compiler-plugin/3.10.1/maven-compiler-plugin-3.10.1.jar (62 kB at 1.5 MB/s)
[34a1c9ed-ee02-417b-926c-d41dd47f079b/build]   | [INFO] Downloading from central: https://repo.maven.apache.org/maven2/org/apache/maven/plugins/maven-surefire-plugin/3.0.0-M7/maven-surefire-plugin-3.0.0-M7.pom
[34a1c9ed-ee02-417b-926c-d41dd47f079b/build]   | [INFO] Downloaded from central: https://repo.maven.apache.org/maven2/org/apache/maven/plugins/maven-surefire-plugin/3.0.0-M7/maven-surefire-plugin-3.0.0-M7.pom (7.2 kB at 225 kB/s)
[34a1c9ed-ee02-417b-926c-d41dd47f079b/build]   | [INFO] Downloading from central: https://repo.maven.apache.org/maven2/org/apache/maven/surefire/surefire/3.0.0-M7/surefire-3.0.0-M7.pom
[34a1c9ed-ee02-417b-926c-d41dd47f079b/build]   | [INFO] Downloaded from central: https://repo.maven.apache.org/maven2/org/apache/maven/surefire/surefire/3.0.0-M7/surefire-3.0.0-M7.pom (22 kB at 602 kB/s)
[34a1c9ed-ee02-417b-926c-d41dd47f079b/build]   | [INFO] Downloading from central: https://repo.maven.apache.org/maven2/org/apache/maven/maven-parent/36/maven-parent-36.pom
[34a1c9ed-ee02-417b-926c-d41dd47f079b/build]   | [INFO] Downloaded from central: https://repo.maven.apache.org/maven2/org/apache/maven/maven-parent/36/maven-parent-36.pom (45 kB at 1.6 MB/s)
[34a1c9ed-ee02-417b-926c-d41dd47f079b/build]   | [INFO] Downloading from central: https://repo.maven.apache.org/maven2/org/apache/apache/26/apache-26.pom
[34a1c9ed-ee02-417b-926c-d41dd47f079b/build]   | [INFO] Downloaded from central: https://repo.maven.apache.org/maven2/org/apache/apache/26/apache-26.pom (21 kB at 571 kB/s)
[34a1c9ed-ee02-417b-926c-d41dd47f079b/build]   | [INFO] Downloading from central: https://repo.maven.apache.org/maven2/org/apache/maven/plugins/maven-surefire-plugin/3.0.0-M7/maven-surefire-plugin-3.0.0-M7.jar
[34a1c9ed-ee02-417b-926c-d41dd47f079b/build]   | [INFO] Downloaded from central: https://repo.maven.apache.org/maven2/org/apache/maven/plugins/maven-surefire-plugin/3.0.0-M7/maven-surefire-plugin-3.0.0-M7.jar (44 kB at 710 kB/s)
[34a1c9ed-ee02-417b-926c-d41dd47f079b/build]   | [INFO] Downloading from central: https://repo.maven.apache.org/maven2/org/apache/maven/plugins/maven-jar-plugin/2.4/maven-jar-plugin-2.4.pom
[34a1c9ed-ee02-417b-926c-d41dd47f079b/build]   | [INFO] Downloaded from central: https://repo.maven.apache.org/maven2/org/apache/maven/plugins/maven-jar-plugin/2.4/maven-jar-plugin-2.4.pom (5.8 kB at 162 kB/s)
[34a1c9ed-ee02-417b-926c-d41dd47f079b/build]   | [INFO] Downloading from central: https://repo.maven.apache.org/maven2/org/apache/maven/plugins/maven-plugins/22/maven-plugins-22.pom
[34a1c9ed-ee02-417b-926c-d41dd47f079b/build]   | [INFO] Downloaded from central: https://repo.maven.apache.org/maven2/org/apache/maven/plugins/maven-plugins/22/maven-plugins-22.pom (13 kB at 724 kB/s)
[34a1c9ed-ee02-417b-926c-d41dd47f079b/build]   | [INFO] Downloading from central: https://repo.maven.apache.org/maven2/org/apache/maven/maven-parent/21/maven-parent-21.pom
[34a1c9ed-ee02-417b-926c-d41dd47f079b/build]   | [INFO] Downloaded from central: https://repo.maven.apache.org/maven2/org/apache/maven/maven-parent/21/maven-parent-21.pom (26 kB at 1.6 MB/s)
[34a1c9ed-ee02-417b-926c-d41dd47f079b/build]   | [INFO] Downloading from central: https://repo.maven.apache.org/maven2/org/apache/apache/10/apache-10.pom
[34a1c9ed-ee02-417b-926c-d41dd47f079b/build]   | [INFO] Downloaded from central: https://repo.maven.apache.org/maven2/org/apache/apache/10/apache-10.pom (15 kB at 493 kB/s)
[34a1c9ed-ee02-417b-926c-d41dd47f079b/build]   | [INFO] Downloading from central: https://repo.maven.apache.org/maven2/org/apache/maven/plugins/maven-jar-plugin/2.4/maven-jar-plugin-2.4.jar
[34a1c9ed-ee02-417b-926c-d41dd47f079b/build]   | [INFO] Downloaded from central: https://repo.maven.apache.org/maven2/org/apache/maven/plugins/maven-jar-plugin/2.4/maven-jar-plugin-2.4.jar (34 kB at 895 kB/s)
[34a1c9ed-ee02-417b-926c-d41dd47f079b/build]   | [INFO] Downloading from central: https://repo.maven.apache.org/maven2/org/junit/jupiter/junit-jupiter/5.9.2/junit-jupiter-5.9.2.pom
[34a1c9ed-ee02-417b-926c-d41dd47f079b/build]   | [INFO] Downloaded from central: https://repo.maven.apache.org/maven2/org/junit/jupiter/junit-jupiter/5.9.2/junit-jupiter-5.9.2.pom (3.2 kB at 168 kB/s)
[34a1c9ed-ee02-417b-926c-d41dd47f079b/build]   | [INFO] Downloading from central: https://repo.maven.apache.org/maven2/org/junit/junit-bom/5.9.2/junit-bom-5.9.2.pom
[34a1c9ed-ee02-417b-926c-d41dd47f079b/build]   | [INFO] Downloaded from central: https://repo.maven.apache.org/maven2/org/junit/junit-bom/5.9.2/junit-bom-5.9.2.pom (5.6 kB at 152 kB/s)
[34a1c9ed-ee02-417b-926c-d41dd47f079b/build]   | [INFO] Downloading from central: https://repo.maven.apache.org/maven2/org/junit/jupiter/junit-jupiter-api/5.9.2/junit-jupiter-api-5.9.2.pom
[34a1c9ed-ee02-417b-926c-d41dd47f079b/build]   | [INFO] Downloaded from central: https://repo.maven.apache.org/maven2/org/junit/jupiter/junit-jupiter-api/5.9.2/junit-jupiter-api-5.9.2.pom (3.2 kB at 199 kB/s)
[34a1c9ed-ee02-417b-926c-d41dd47f079b/build]   | [INFO] Downloading from central: https://repo.maven.apache.org/maven2/org/opentest4j/opentest4j/1.2.0/opentest4j-1.2.0.pom
[34a1c9ed-ee02-417b-926c-d41dd47f079b/build]   | [INFO] Downloaded from central: https://repo.maven.apache.org/maven2/org/opentest4j/opentest4j/1.2.0/opentest4j-1.2.0.pom (1.7 kB at 112 kB/s)
[34a1c9ed-ee02-417b-926c-d41dd47f079b/build]   | [INFO] Downloading from central: https://repo.maven.apache.org/maven2/org/junit/platform/junit-platform-commons/1.9.2/junit-platform-commons-1.9.2.pom
[34a1c9ed-ee02-417b-926c-d41dd47f079b/build]   | [INFO] Downloaded from central: https://repo.maven.apache.org/maven2/org/junit/platform/junit-platform-commons/1.9.2/junit-platform-commons-1.9.2.pom (2.8 kB at 157 kB/s)
[34a1c9ed-ee02-417b-926c-d41dd47f079b/build]   | [INFO] Downloading from central: https://repo.maven.apache.org/maven2/org/apiguardian/apiguardian-api/1.1.2/apiguardian-api-1.1.2.pom
[34a1c9ed-ee02-417b-926c-d41dd47f079b/build]   | [INFO] Downloaded from central: https://repo.maven.apache.org/maven2/org/apiguardian/apiguardian-api/1.1.2/apiguardian-api-1.1.2.pom (1.5 kB at 53 kB/s)
[34a1c9ed-ee02-417b-926c-d41dd47f079b/build]   | [INFO] Downloading from central: https://repo.maven.apache.org/maven2/org/junit/jupiter/junit-jupiter-params/5.9.2/junit-jupiter-params-5.9.2.pom
[34a1c9ed-ee02-417b-926c-d41dd47f079b/build]   | [INFO] Downloaded from central: https://repo.maven.apache.org/maven2/org/junit/jupiter/junit-jupiter-params/5.9.2/junit-jupiter-params-5.9.2.pom (3.0 kB at 137 kB/s)
[34a1c9ed-ee02-417b-926c-d41dd47f079b/build]   | [INFO] Downloading from central: https://repo.maven.apache.org/maven2/org/junit/jupiter/junit-jupiter-engine/5.9.2/junit-jupiter-engine-5.9.2.pom
[34a1c9ed-ee02-417b-926c-d41dd47f079b/build]   | [INFO] Downloaded from central: https://repo.maven.apache.org/maven2/org/junit/jupiter/junit-jupiter-engine/5.9.2/junit-jupiter-engine-5.9.2.pom (3.2 kB at 114 kB/s)
[34a1c9ed-ee02-417b-926c-d41dd47f079b/build]   | [INFO] Downloading from central: https://repo.maven.apache.org/maven2/org/junit/platform/junit-platform-engine/1.9.2/junit-platform-engine-1.9.2.pom
[34a1c9ed-ee02-417b-926c-d41dd47f079b/build]   | [INFO] Downloaded from central: https://repo.maven.apache.org/maven2/org/junit/platform/junit-platform-engine/1.9.2/junit-platform-engine-1.9.2.pom (3.2 kB at 110 kB/s)
[34a1c9ed-ee02-417b-926c-d41dd47f079b/build]   | [INFO] Downloading from central: https://repo.maven.apache.org/maven2/org/assertj/assertj-core/3.24.1/assertj-core-3.24.1.pom
[34a1c9ed-ee02-417b-926c-d41dd47f079b/build]   | [INFO] Downloaded from central: https://repo.maven.apache.org/maven2/org/assertj/assertj-core/3.24.1/assertj-core-3.24.1.pom (19 kB at 713 kB/s)
[34a1c9ed-ee02-417b-926c-d41dd47f079b/build]   | [INFO] Downloading from central: https://repo.maven.apache.org/maven2/org/assertj/assertj-parent/3.24.1/assertj-parent-3.24.1.pom
[34a1c9ed-ee02-417b-926c-d41dd47f079b/build]   | [INFO] Downloaded from central: https://repo.maven.apache.org/maven2/org/assertj/assertj-parent/3.24.1/assertj-parent-3.24.1.pom (13 kB at 432 kB/s)
[34a1c9ed-ee02-417b-926c-d41dd47f079b/build]   | [INFO] Downloading from central: https://repo.maven.apache.org/maven2/org/assertj/assertj-build/3.24.1/assertj-build-3.24.1.pom
[34a1c9ed-ee02-417b-926c-d41dd47f079b/build]   | [INFO] Downloaded from central: https://repo.maven.apache.org/maven2/org/assertj/assertj-build/3.24.1/assertj-build-3.24.1.pom (8.8 kB at 293 kB/s)
[34a1c9ed-ee02-417b-926c-d41dd47f079b/build]   | [INFO] Downloading from central: https://repo.maven.apache.org/maven2/org/junit/junit-bom/5.9.1/junit-bom-5.9.1.pom
[34a1c9ed-ee02-417b-926c-d41dd47f079b/build]   | [INFO] Downloaded from central: https://repo.maven.apache.org/maven2/org/junit/junit-bom/5.9.1/junit-bom-5.9.1.pom (5.6 kB at 245 kB/s)
[34a1c9ed-ee02-417b-926c-d41dd47f079b/build]   | [INFO] Downloading from central: https://repo.maven.apache.org/maven2/org/mockito/mockito-bom/4.11.0/mockito-bom-4.11.0.pom
[34a1c9ed-ee02-417b-926c-d41dd47f079b/build]   | [INFO] Downloaded from central: https://repo.maven.apache.org/maven2/org/mockito/mockito-bom/4.11.0/mockito-bom-4.11.0.pom (3.2 kB at 102 kB/s)
[34a1c9ed-ee02-417b-926c-d41dd47f079b/build]   | [INFO] Downloading from central: https://repo.maven.apache.org/maven2/net/bytebuddy/byte-buddy/1.12.21/byte-buddy-1.12.21.pom
[34a1c9ed-ee02-417b-926c-d41dd47f079b/build]   | [INFO] Downloaded from central: https://repo.maven.apache.org/maven2/net/bytebuddy/byte-buddy/1.12.21/byte-buddy-1.12.21.pom (16 kB at 633 kB/s)
[34a1c9ed-ee02-417b-926c-d41dd47f079b/build]   | [INFO] Downloading from central: https://repo.maven.apache.org/maven2/net/bytebuddy/byte-buddy-parent/1.12.21/byte-buddy-parent-1.12.21.pom
[34a1c9ed-ee02-417b-926c-d41dd47f079b/build]   | [INFO] Downloaded from central: https://repo.maven.apache.org/maven2/net/bytebuddy/byte-buddy-parent/1.12.21/byte-buddy-parent-1.12.21.pom (58 kB at 1.8 MB/s)
[34a1c9ed-ee02-417b-926c-d41dd47f079b/build]   | [INFO] Downloading from central: https://repo.maven.apache.org/maven2/org/junit/jupiter/junit-jupiter/5.9.2/junit-jupiter-5.9.2.jar
[34a1c9ed-ee02-417b-926c-d41dd47f079b/build]   | [INFO] Downloading from central: https://repo.maven.apache.org/maven2/org/junit/jupiter/junit-jupiter-api/5.9.2/junit-jupiter-api-5.9.2.jar
[34a1c9ed-ee02-417b-926c-d41dd47f079b/build]   | [INFO] Downloading from central: https://repo.maven.apache.org/maven2/org/junit/platform/junit-platform-commons/1.9.2/junit-platform-commons-1.9.2.jar
[34a1c9ed-ee02-417b-926c-d41dd47f079b/build]   | [INFO] Downloading from central: https://repo.maven.apache.org/maven2/org/opentest4j/opentest4j/1.2.0/opentest4j-1.2.0.jar
[34a1c9ed-ee02-417b-926c-d41dd47f079b/build]   | [INFO] Downloading from central: https://repo.maven.apache.org/maven2/org/apiguardian/apiguardian-api/1.1.2/apiguardian-api-1.1.2.jar
[34a1c9ed-ee02-417b-926c-d41dd47f079b/build]   | [INFO] Downloaded from central: https://repo.maven.apache.org/maven2/org/junit/jupiter/junit-jupiter/5.9.2/junit-jupiter-5.9.2.jar (6.4 kB at 132 kB/s)
[34a1c9ed-ee02-417b-926c-d41dd47f079b/build]   | [INFO] Downloading from central: https://repo.maven.apache.org/maven2/org/junit/jupiter/junit-jupiter-params/5.9.2/junit-jupiter-params-5.9.2.jar
[34a1c9ed-ee02-417b-926c-d41dd47f079b/build]   | [INFO] Downloaded from central: https://repo.maven.apache.org/maven2/org/opentest4j/opentest4j/1.2.0/opentest4j-1.2.0.jar (7.7 kB at 123 kB/s)
[34a1c9ed-ee02-417b-926c-d41dd47f079b/build]   | [INFO] Downloading from central: https://repo.maven.apache.org/maven2/org/junit/jupiter/junit-jupiter-engine/5.9.2/junit-jupiter-engine-5.9.2.jar
[34a1c9ed-ee02-417b-926c-d41dd47f079b/build]   | [INFO] Downloaded from central: https://repo.maven.apache.org/maven2/org/apiguardian/apiguardian-api/1.1.2/apiguardian-api-1.1.2.jar (6.8 kB at 122 kB/s)
[34a1c9ed-ee02-417b-926c-d41dd47f079b/build]   | [INFO] Downloading from central: https://repo.maven.apache.org/maven2/org/junit/platform/junit-platform-engine/1.9.2/junit-platform-engine-1.9.2.jar
[34a1c9ed-ee02-417b-926c-d41dd47f079b/build]   | [INFO] Downloaded from central: https://repo.maven.apache.org/maven2/org/junit/platform/junit-platform-commons/1.9.2/junit-platform-commons-1.9.2.jar (103 kB at 1.1 MB/s)
[34a1c9ed-ee02-417b-926c-d41dd47f079b/build]   | [INFO] Downloading from central: https://repo.maven.apache.org/maven2/org/assertj/assertj-core/3.24.1/assertj-core-3.24.1.jar
[34a1c9ed-ee02-417b-926c-d41dd47f079b/build]   | [INFO] Downloaded from central: https://repo.maven.apache.org/maven2/org/junit/jupiter/junit-jupiter-api/5.9.2/junit-jupiter-api-5.9.2.jar (208 kB at 1.6 MB/s)
[34a1c9ed-ee02-417b-926c-d41dd47f079b/build]   | [INFO] Downloading from central: https://repo.maven.apache.org/maven2/net/bytebuddy/byte-buddy/1.12.21/byte-buddy-1.12.21.jar
[34a1c9ed-ee02-417b-926c-d41dd47f079b/build]   | [INFO] Downloaded from central: https://repo.maven.apache.org/maven2/org/junit/jupiter/junit-jupiter-engine/5.9.2/junit-jupiter-engine-5.9.2.jar (247 kB at 2.2 MB/s)
[34a1c9ed-ee02-417b-926c-d41dd47f079b/build]   | [INFO] Downloaded from central: https://repo.maven.apache.org/maven2/org/junit/platform/junit-platform-engine/1.9.2/junit-platform-engine-1.9.2.jar (189 kB at 1.6 MB/s)
[34a1c9ed-ee02-417b-926c-d41dd47f079b/build]   | [INFO] Downloaded from central: https://repo.maven.apache.org/maven2/org/junit/jupiter/junit-jupiter-params/5.9.2/junit-jupiter-params-5.9.2.jar (580 kB at 5.0 MB/s)
[34a1c9ed-ee02-417b-926c-d41dd47f079b/build]   | [INFO] Downloaded from central: https://repo.maven.apache.org/maven2/org/assertj/assertj-core/3.24.1/assertj-core-3.24.1.jar (1.3 MB at 8.6 MB/s)
[34a1c9ed-ee02-417b-926c-d41dd47f079b/build]   | [INFO] Downloaded from central: https://repo.maven.apache.org/maven2/net/bytebuddy/byte-buddy/1.12.21/byte-buddy-1.12.21.jar (3.9 MB at 17 MB/s)
[34a1c9ed-ee02-417b-926c-d41dd47f079b/build]   | [INFO] 
[34a1c9ed-ee02-417b-926c-d41dd47f079b/build]   | [INFO] --- maven-resources-plugin:2.6:resources (default-resources) @ solarpositioning ---
[34a1c9ed-ee02-417b-926c-d41dd47f079b/build]   | [INFO] Downloading from central: https://repo.maven.apache.org/maven2/org/apache/maven/maven-plugin-api/2.0.6/maven-plugin-api-2.0.6.pom
[34a1c9ed-ee02-417b-926c-d41dd47f079b/build]   | [INFO] Downloaded from central: https://repo.maven.apache.org/maven2/org/apache/maven/maven-plugin-api/2.0.6/maven-plugin-api-2.0.6.pom (1.5 kB at 45 kB/s)
[34a1c9ed-ee02-417b-926c-d41dd47f079b/build]   | [INFO] Downloading from central: https://repo.maven.apache.org/maven2/org/apache/maven/maven/2.0.6/maven-2.0.6.pom
[34a1c9ed-ee02-417b-926c-d41dd47f079b/build]   | [INFO] Downloaded from central: https://repo.maven.apache.org/maven2/org/apache/maven/maven/2.0.6/maven-2.0.6.pom (9.0 kB at 503 kB/s)
[34a1c9ed-ee02-417b-926c-d41dd47f079b/build]   | [INFO] Downloading from central: https://repo.maven.apache.org/maven2/org/apache/maven/maven-parent/5/maven-parent-5.pom
[34a1c9ed-ee02-417b-926c-d41dd47f079b/build]   | [INFO] Downloaded from central: https://repo.maven.apache.org/maven2/org/apache/maven/maven-parent/5/maven-parent-5.pom (15 kB at 423 kB/s)
[34a1c9ed-ee02-417b-926c-d41dd47f079b/build]   | [INFO] Downloading from central: https://repo.maven.apache.org/maven2/org/apache/apache/3/apache-3.pom
[34a1c9ed-ee02-417b-926c-d41dd47f079b/build]   | [INFO] Downloaded from central: https://repo.maven.apache.org/maven2/org/apache/apache/3/apache-3.pom (3.4 kB at 229 kB/s)
[34a1c9ed-ee02-417b-926c-d41dd47f079b/build]   | [INFO] Downloading from central: https://repo.maven.apache.org/maven2/org/apache/maven/maven-project/2.0.6/maven-project-2.0.6.pom
[34a1c9ed-ee02-417b-926c-d41dd47f079b/build]   | [INFO] Downloaded from central: https://repo.maven.apache.org/maven2/org/apache/maven/maven-project/2.0.6/maven-project-2.0.6.pom (2.6 kB at 165 kB/s)
[34a1c9ed-ee02-417b-926c-d41dd47f079b/build]   | [INFO] Downloading from central: https://repo.maven.apache.org/maven2/org/apache/maven/maven-settings/2.0.6/maven-settings-2.0.6.pom
[34a1c9ed-ee02-417b-926c-d41dd47f079b/build]   | [INFO] Downloaded from central: https://repo.maven.apache.org/maven2/org/apache/maven/maven-settings/2.0.6/maven-settings-2.0.6.pom (2.0 kB at 250 kB/s)
[34a1c9ed-ee02-417b-926c-d41dd47f079b/build]   | [INFO] Downloading from central: https://repo.maven.apache.org/maven2/org/apache/maven/maven-model/2.0.6/maven-model-2.0.6.pom
[34a1c9ed-ee02-417b-926c-d41dd47f079b/build]   | [INFO] Downloaded from central: https://repo.maven.apache.org/maven2/org/apache/maven/maven-model/2.0.6/maven-model-2.0.6.pom (3.0 kB at 277 kB/s)
[34a1c9ed-ee02-417b-926c-d41dd47f079b/build]   | [INFO] Downloading from central: https://repo.maven.apache.org/maven2/org/codehaus/plexus/plexus-utils/1.4.1/plexus-utils-1.4.1.pom
[34a1c9ed-ee02-417b-926c-d41dd47f079b/build]   | [INFO] Downloaded from central: https://repo.maven.apache.org/maven2/org/codehaus/plexus/plexus-utils/1.4.1/plexus-utils-1.4.1.pom (1.9 kB at 127 kB/s)
[34a1c9ed-ee02-417b-926c-d41dd47f079b/build]   | [INFO] Downloading from central: https://repo.maven.apache.org/maven2/org/codehaus/plexus/plexus/1.0.11/plexus-1.0.11.pom
[34a1c9ed-ee02-417b-926c-d41dd47f079b/build]   | [INFO] Downloaded from central: https://repo.maven.apache.org/maven2/org/codehaus/plexus/plexus/1.0.11/plexus-1.0.11.pom (9.0 kB at 472 kB/s)
[34a1c9ed-ee02-417b-926c-d41dd47f079b/build]   | [INFO] Downloading from central: https://repo.maven.apache.org/maven2/org/codehaus/plexus/plexus-container-default/1.0-alpha-9-stable-1/plexus-container-default-1.0-alpha-9-stable-1.pom
[34a1c9ed-ee02-417b-926c-d41dd47f079b/build]   | [INFO] Downloaded from central: https://repo.maven.apache.org/maven2/org/codehaus/plexus/plexus-container-default/1.0-alpha-9-stable-1/plexus-container-default-1.0-alpha-9-stable-1.pom (3.9 kB at 304 kB/s)
[34a1c9ed-ee02-417b-926c-d41dd47f079b/build]   | [INFO] Downloading from central: https://repo.maven.apache.org/maven2/org/codehaus/plexus/plexus-containers/1.0.3/plexus-containers-1.0.3.pom
[34a1c9ed-ee02-417b-926c-d41dd47f079b/build]   | [INFO] Downloaded from central: https://repo.maven.apache.org/maven2/org/codehaus/plexus/plexus-containers/1.0.3/plexus-containers-1.0.3.pom (492 B at 26 kB/s)
[34a1c9ed-ee02-417b-926c-d41dd47f079b/build]   | [INFO] Downloading from central: https://repo.maven.apache.org/maven2/org/codehaus/plexus/plexus/1.0.4/plexus-1.0.4.pom
[34a1c9ed-ee02-417b-926c-d41dd47f079b/build]   | [INFO] Downloaded from central: https://repo.maven.apache.org/maven2/org/codehaus/plexus/plexus/1.0.4/plexus-1.0.4.pom (5.7 kB at 229 kB/s)
[34a1c9ed-ee02-417b-926c-d41dd47f079b/build]   | [INFO] Downloading from central: https://repo.maven.apache.org/maven2/junit/junit/3.8.1/junit-3.8.1.pom
[34a1c9ed-ee02-417b-926c-d41dd47f079b/build]   | [INFO] Downloaded from central: https://repo.maven.apache.org/maven2/junit/junit/3.8.1/junit-3.8.1.pom (998 B at 62 kB/s)
[34a1c9ed-ee02-417b-926c-d41dd47f079b/build]   | [INFO] Downloading from central: https://repo.maven.apache.org/maven2/org/codehaus/plexus/plexus-utils/1.0.4/plexus-utils-1.0.4.pom
[34a1c9ed-ee02-417b-926c-d41dd47f079b/build]   | [INFO] Downloaded from central: https://repo.maven.apache.org/maven2/org/codehaus/plexus/plexus-utils/1.0.4/plexus-utils-1.0.4.pom (6.9 kB at 196 kB/s)
[34a1c9ed-ee02-417b-926c-d41dd47f079b/build]   | [INFO] Downloading from central: https://repo.maven.apache.org/maven2/classworlds/classworlds/1.1-alpha-2/classworlds-1.1-alpha-2.pom
[34a1c9ed-ee02-417b-926c-d41dd47f079b/build]   | [INFO] Downloaded from central: https://repo.maven.apache.org/maven2/classworlds/classworlds/1.1-alpha-2/classworlds-1.1-alpha-2.pom (3.1 kB at 223 kB/s)
[34a1c9ed-ee02-417b-926c-d41dd47f079b/build]   | [INFO] Downloading from central: https://repo.maven.apache.org/maven2/org/apache/maven/maven-profile/2.0.6/maven-profile-2.0.6.pom
[34a1c9ed-ee02-417b-926c-d41dd47f079b/build]   | [INFO] Downloaded from central: https://repo.maven.apache.org/maven2/org/apache/maven/maven-profile/2.0.6/maven-profile-2.0.6.pom (2.0 kB at 152 kB/s)
[34a1c9ed-ee02-417b-926c-d41dd47f079b/build]   | [INFO] Downloading from central: https://repo.maven.apache.org/maven2/org/apache/maven/maven-artifact-manager/2.0.6/maven-artifact-manager-2.0.6.pom
[34a1c9ed-ee02-417b-926c-d41dd47f079b/build]   | [INFO] Downloaded from central: https://repo.maven.apache.org/maven2/org/apache/maven/maven-artifact-manager/2.0.6/maven-artifact-manager-2.0.6.pom (2.6 kB at 146 kB/s)
[34a1c9ed-ee02-417b-926c-d41dd47f079b/build]   | [INFO] Downloading from central: https://repo.maven.apache.org/maven2/org/apache/maven/maven-repository-metadata/2.0.6/maven-repository-metadata-2.0.6.pom
[34a1c9ed-ee02-417b-926c-d41dd47f079b/build]   | [INFO] Downloaded from central: https://repo.maven.apache.org/maven2/org/apache/maven/maven-repository-metadata/2.0.6/maven-repository-metadata-2.0.6.pom (1.9 kB at 41 kB/s)
[34a1c9ed-ee02-417b-926c-d41dd47f079b/build]   | [INFO] Downloading from central: https://repo.maven.apache.org/maven2/org/apache/maven/maven-artifact/2.0.6/maven-artifact-2.0.6.pom
[34a1c9ed-ee02-417b-926c-d41dd47f079b/build]   | [INFO] Downloaded from central: https://repo.maven.apache.org/maven2/org/apache/maven/maven-artifact/2.0.6/maven-artifact-2.0.6.pom (1.6 kB at 99 kB/s)
[34a1c9ed-ee02-417b-926c-d41dd47f079b/build]   | [INFO] Downloading from central: https://repo.maven.apache.org/maven2/org/apache/maven/maven-plugin-registry/2.0.6/maven-plugin-registry-2.0.6.pom
[34a1c9ed-ee02-417b-926c-d41dd47f079b/build]   | [INFO] Downloaded from central: https://repo.maven.apache.org/maven2/org/apache/maven/maven-plugin-registry/2.0.6/maven-plugin-registry-2.0.6.pom (1.9 kB at 195 kB/s)
[34a1c9ed-ee02-417b-926c-d41dd47f079b/build]   | [INFO] Downloading from central: https://repo.maven.apache.org/maven2/org/apache/maven/maven-core/2.0.6/maven-core-2.0.6.pom
[34a1c9ed-ee02-417b-926c-d41dd47f079b/build]   | [INFO] Downloaded from central: https://repo.maven.apache.org/maven2/org/apache/maven/maven-core/2.0.6/maven-core-2.0.6.pom (6.7 kB at 746 kB/s)
[34a1c9ed-ee02-417b-926c-d41dd47f079b/build]   | [INFO] Downloading from central: https://repo.maven.apache.org/maven2/org/apache/maven/maven-plugin-parameter-documenter/2.0.6/maven-plugin-parameter-documenter-2.0.6.pom
[34a1c9ed-ee02-417b-926c-d41dd47f079b/build]   | [INFO] Downloaded from central: https://repo.maven.apache.org/maven2/org/apache/maven/maven-plugin-parameter-documenter/2.0.6/maven-plugin-parameter-documenter-2.0.6.pom (1.9 kB at 239 kB/s)
[34a1c9ed-ee02-417b-926c-d41dd47f079b/build]   | [INFO] Downloading from central: https://repo.maven.apache.org/maven2/org/apache/maven/reporting/maven-reporting-api/2.0.6/maven-reporting-api-2.0.6.pom
[34a1c9ed-ee02-417b-926c-d41dd47f079b/build]   | [INFO] Downloaded from central: https://repo.maven.apache.org/maven2/org/apache/maven/reporting/maven-reporting-api/2.0.6/maven-reporting-api-2.0.6.pom (1.8 kB at 83 kB/s)
[34a1c9ed-ee02-417b-926c-d41dd47f079b/build]   | [INFO] Downloading from central: https://repo.maven.apache.org/maven2/org/apache/maven/reporting/maven-reporting/2.0.6/maven-reporting-2.0.6.pom
[34a1c9ed-ee02-417b-926c-d41dd47f079b/build]   | [INFO] Downloaded from central: https://repo.maven.apache.org/maven2/org/apache/maven/reporting/maven-reporting/2.0.6/maven-reporting-2.0.6.pom (1.4 kB at 144 kB/s)
[34a1c9ed-ee02-417b-926c-d41dd47f079b/build]   | [INFO] Downloading from central: https://repo.maven.apache.org/maven2/org/apache/maven/doxia/doxia-sink-api/1.0-alpha-7/doxia-sink-api-1.0-alpha-7.pom
[34a1c9ed-ee02-417b-926c-d41dd47f079b/build]   | [INFO] Downloaded from central: https://repo.maven.apache.org/maven2/org/apache/maven/doxia/doxia-sink-api/1.0-alpha-7/doxia-sink-api-1.0-alpha-7.pom (424 B at 35 kB/s)
[34a1c9ed-ee02-417b-926c-d41dd47f079b/build]   | [INFO] Downloading from central: https://repo.maven.apache.org/maven2/org/apache/maven/doxia/doxia/1.0-alpha-7/doxia-1.0-alpha-7.pom
[34a1c9ed-ee02-417b-926c-d41dd47f079b/build]   | [INFO] Downloaded from central: https://repo.maven.apache.org/maven2/org/apache/maven/doxia/doxia/1.0-alpha-7/doxia-1.0-alpha-7.pom (3.9 kB at 559 kB/s)
[34a1c9ed-ee02-417b-926c-d41dd47f079b/build]   | [INFO] Downloading from central: https://repo.maven.apache.org/maven2/org/apache/maven/maven-error-diagnostics/2.0.6/maven-error-diagnostics-2.0.6.pom
[34a1c9ed-ee02-417b-926c-d41dd47f079b/build]   | [INFO] Downloaded from central: https://repo.maven.apache.org/maven2/org/apache/maven/maven-error-diagnostics/2.0.6/maven-error-diagnostics-2.0.6.pom (1.7 kB at 243 kB/s)
[34a1c9ed-ee02-417b-926c-d41dd47f079b/build]   | [INFO] Downloading from central: https://repo.maven.apache.org/maven2/commons-cli/commons-cli/1.0/commons-cli-1.0.pom
[34a1c9ed-ee02-417b-926c-d41dd47f079b/build]   | [INFO] Downloaded from central: https://repo.maven.apache.org/maven2/commons-cli/commons-cli/1.0/commons-cli-1.0.pom (2.1 kB at 301 kB/s)
[34a1c9ed-ee02-417b-926c-d41dd47f079b/build]   | [INFO] Downloading from central: https://repo.maven.apache.org/maven2/org/apache/maven/maven-plugin-descriptor/2.0.6/maven-plugin-descriptor-2.0.6.pom
[34a1c9ed-ee02-417b-926c-d41dd47f079b/build]   | [INFO] Downloaded from central: https://repo.maven.apache.org/maven2/org/apache/maven/maven-plugin-descriptor/2.0.6/maven-plugin-descriptor-2.0.6.pom (2.0 kB at 336 kB/s)
[34a1c9ed-ee02-417b-926c-d41dd47f079b/build]   | [INFO] Downloading from central: https://repo.maven.apache.org/maven2/org/codehaus/plexus/plexus-interactivity-api/1.0-alpha-4/plexus-interactivity-api-1.0-alpha-4.pom
[34a1c9ed-ee02-417b-926c-d41dd47f079b/build]   | [INFO] Downloaded from central: https://repo.maven.apache.org/maven2/org/codehaus/plexus/plexus-interactivity-api/1.0-alpha-4/plexus-interactivity-api-1.0-alpha-4.pom (7.1 kB at 886 kB/s)
[34a1c9ed-ee02-417b-926c-d41dd47f079b/build]   | [INFO] Downloading from central: https://repo.maven.apache.org/maven2/org/apache/maven/maven-monitor/2.0.6/maven-monitor-2.0.6.pom
[34a1c9ed-ee02-417b-926c-d41dd47f079b/build]   | [INFO] Downloaded from central: https://repo.maven.apache.org/maven2/org/apache/maven/maven-monitor/2.0.6/maven-monitor-2.0.6.pom (1.3 kB at 34 kB/s)
[34a1c9ed-ee02-417b-926c-d41dd47f079b/build]   | [INFO] Downloading from central: https://repo.maven.apache.org/maven2/classworlds/classworlds/1.1/classworlds-1.1.pom
[34a1c9ed-ee02-417b-926c-d41dd47f079b/build]   | [INFO] Downloaded from central: https://repo.maven.apache.org/maven2/classworlds/classworlds/1.1/classworlds-1.1.pom (3.3 kB at 175 kB/s)
[34a1c9ed-ee02-417b-926c-d41dd47f079b/build]   | [INFO] Downloading from central: https://repo.maven.apache.org/maven2/org/codehaus/plexus/plexus-utils/2.0.5/plexus-utils-2.0.5.pom
[34a1c9ed-ee02-417b-926c-d41dd47f079b/build]   | [INFO] Downloaded from central: https://repo.maven.apache.org/maven2/org/codehaus/plexus/plexus-utils/2.0.5/plexus-utils-2.0.5.pom (3.3 kB at 278 kB/s)
[34a1c9ed-ee02-417b-926c-d41dd47f079b/build]   | [INFO] Downloading from central: https://repo.maven.apache.org/maven2/org/codehaus/plexus/plexus/2.0.6/plexus-2.0.6.pom
[34a1c9ed-ee02-417b-926c-d41dd47f079b/build]   | [INFO] Downloaded from central: https://repo.maven.apache.org/maven2/org/codehaus/plexus/plexus/2.0.6/plexus-2.0.6.pom (17 kB at 931 kB/s)
[34a1c9ed-ee02-417b-926c-d41dd47f079b/build]   | [INFO] Downloading from central: https://repo.maven.apache.org/maven2/org/apache/maven/shared/maven-filtering/1.1/maven-filtering-1.1.pom
[34a1c9ed-ee02-417b-926c-d41dd47f079b/build]   | [INFO] Downloaded from central: https://repo.maven.apache.org/maven2/org/apache/maven/shared/maven-filtering/1.1/maven-filtering-1.1.pom (5.8 kB at 579 kB/s)
[34a1c9ed-ee02-417b-926c-d41dd47f079b/build]   | [INFO] Downloading from central: https://repo.maven.apache.org/maven2/org/apache/maven/shared/maven-shared-components/17/maven-shared-components-17.pom
[34a1c9ed-ee02-417b-926c-d41dd47f079b/build]   | [INFO] Downloaded from central: https://repo.maven.apache.org/maven2/org/apache/maven/shared/maven-shared-components/17/maven-shared-components-17.pom (8.7 kB at 725 kB/s)
[34a1c9ed-ee02-417b-926c-d41dd47f079b/build]   | [INFO] Downloading from central: https://repo.maven.apache.org/maven2/org/codehaus/plexus/plexus-utils/1.5.15/plexus-utils-1.5.15.pom
[34a1c9ed-ee02-417b-926c-d41dd47f079b/build]   | [INFO] Downloaded from central: https://repo.maven.apache.org/maven2/org/codehaus/plexus/plexus-utils/1.5.15/plexus-utils-1.5.15.pom (6.8 kB at 856 kB/s)
[34a1c9ed-ee02-417b-926c-d41dd47f079b/build]   | [INFO] Downloading from central: https://repo.maven.apache.org/maven2/org/codehaus/plexus/plexus/2.0.2/plexus-2.0.2.pom
[34a1c9ed-ee02-417b-926c-d41dd47f079b/build]   | [INFO] Downloaded from central: https://repo.maven.apache.org/maven2/org/codehaus/plexus/plexus/2.0.2/plexus-2.0.2.pom (12 kB at 893 kB/s)
[34a1c9ed-ee02-417b-926c-d41dd47f079b/build]   | [INFO] Downloading from central: https://repo.maven.apache.org/maven2/org/codehaus/plexus/plexus-interpolation/1.12/plexus-interpolation-1.12.pom
[34a1c9ed-ee02-417b-926c-d41dd47f079b/build]   | [INFO] Downloaded from central: https://repo.maven.apache.org/maven2/org/codehaus/plexus/plexus-interpolation/1.12/plexus-interpolation-1.12.pom (889 B at 68 kB/s)
[34a1c9ed-ee02-417b-926c-d41dd47f079b/build]   | [INFO] Downloading from central: https://repo.maven.apache.org/maven2/org/codehaus/plexus/plexus-components/1.1.14/plexus-components-1.1.14.pom
[34a1c9ed-ee02-417b-926c-d41dd47f079b/build]   | [INFO] Downloaded from central: https://repo.maven.apache.org/maven2/org/codehaus/plexus/plexus-components/1.1.14/plexus-components-1.1.14.pom (5.8 kB at 835 kB/s)
[34a1c9ed-ee02-417b-926c-d41dd47f079b/build]   | [INFO] Downloading from central: https://repo.maven.apache.org/maven2/org/sonatype/plexus/plexus-build-api/0.0.4/plexus-build-api-0.0.4.pom
[34a1c9ed-ee02-417b-926c-d41dd47f079b/build]   | [INFO] Downloaded from central: https://repo.maven.apache.org/maven2/org/sonatype/plexus/plexus-build-api/0.0.4/plexus-build-api-0.0.4.pom (2.9 kB at 409 kB/s)
[34a1c9ed-ee02-417b-926c-d41dd47f079b/build]   | [INFO] Downloading from central: https://repo.maven.apache.org/maven2/org/sonatype/spice/spice-parent/10/spice-parent-10.pom
[34a1c9ed-ee02-417b-926c-d41dd47f079b/build]   | [INFO] Downloaded from central: https://repo.maven.apache.org/maven2/org/sonatype/spice/spice-parent/10/spice-parent-10.pom (3.0 kB at 201 kB/s)
[34a1c9ed-ee02-417b-926c-d41dd47f079b/build]   | [INFO] Downloading from central: https://repo.maven.apache.org/maven2/org/sonatype/forge/forge-parent/3/forge-parent-3.pom
[34a1c9ed-ee02-417b-926c-d41dd47f079b/build]   | [INFO] Downloaded from central: https://repo.maven.apache.org/maven2/org/sonatype/forge/forge-parent/3/forge-parent-3.pom (5.0 kB at 559 kB/s)
[34a1c9ed-ee02-417b-926c-d41dd47f079b/build]   | [INFO] Downloading from central: https://repo.maven.apache.org/maven2/org/codehaus/plexus/plexus-utils/1.5.8/plexus-utils-1.5.8.pom
[34a1c9ed-ee02-417b-926c-d41dd47f079b/build]   | [INFO] Downloaded from central: https://repo.maven.apache.org/maven2/org/codehaus/plexus/plexus-utils/1.5.8/plexus-utils-1.5.8.pom (8.1 kB at 576 kB/s)
[34a1c9ed-ee02-417b-926c-d41dd47f079b/build]   | [INFO] Downloading from central: https://repo.maven.apache.org/maven2/org/codehaus/plexus/plexus-interpolation/1.13/plexus-interpolation-1.13.pom
[34a1c9ed-ee02-417b-926c-d41dd47f079b/build]   | [INFO] Downloaded from central: https://repo.maven.apache.org/maven2/org/codehaus/plexus/plexus-interpolation/1.13/plexus-interpolation-1.13.pom (890 B at 99 kB/s)
[34a1c9ed-ee02-417b-926c-d41dd47f079b/build]   | [INFO] Downloading from central: https://repo.maven.apache.org/maven2/org/codehaus/plexus/plexus-components/1.1.15/plexus-components-1.1.15.pom
[34a1c9ed-ee02-417b-926c-d41dd47f079b/build]   | [INFO] Downloaded from central: https://repo.maven.apache.org/maven2/org/codehaus/plexus/plexus-components/1.1.15/plexus-components-1.1.15.pom (2.8 kB at 407 kB/s)
[34a1c9ed-ee02-417b-926c-d41dd47f079b/build]   | [INFO] Downloading from central: https://repo.maven.apache.org/maven2/org/codehaus/plexus/plexus/2.0.3/plexus-2.0.3.pom
[34a1c9ed-ee02-417b-926c-d41dd47f079b/build]   | [INFO] Downloaded from central: https://repo.maven.apache.org/maven2/org/codehaus/plexus/plexus/2.0.3/plexus-2.0.3.pom (15 kB at 2.6 MB/s)
[34a1c9ed-ee02-417b-926c-d41dd47f079b/build]   | [INFO] Downloading from central: https://repo.maven.apache.org/maven2/org/apache/maven/maven-plugin-api/2.0.6/maven-plugin-api-2.0.6.jar
[34a1c9ed-ee02-417b-926c-d41dd47f079b/build]   | [INFO] Downloading from central: https://repo.maven.apache.org/maven2/org/apache/maven/maven-project/2.0.6/maven-project-2.0.6.jar
[34a1c9ed-ee02-417b-926c-d41dd47f079b/build]   | [INFO] Downloading from central: https://repo.maven.apache.org/maven2/org/apache/maven/maven-profile/2.0.6/maven-profile-2.0.6.jar
[34a1c9ed-ee02-417b-926c-d41dd47f079b/build]   | [INFO] Downloading from central: https://repo.maven.apache.org/maven2/org/apache/maven/maven-artifact-manager/2.0.6/maven-artifact-manager-2.0.6.jar
[34a1c9ed-ee02-417b-926c-d41dd47f079b/build]   | [INFO] Downloading from central: https://repo.maven.apache.org/maven2/org/apache/maven/maven-plugin-registry/2.0.6/maven-plugin-registry-2.0.6.jar
[34a1c9ed-ee02-417b-926c-d41dd47f079b/build]   | [INFO] Downloaded from central: https://repo.maven.apache.org/maven2/org/apache/maven/maven-profile/2.0.6/maven-profile-2.0.6.jar (35 kB at 3.5 MB/s)
[34a1c9ed-ee02-417b-926c-d41dd47f079b/build]   | [INFO] Downloading from central: https://repo.maven.apache.org/maven2/org/apache/maven/maven-core/2.0.6/maven-core-2.0.6.jar
[34a1c9ed-ee02-417b-926c-d41dd47f079b/build]   | [INFO] Downloaded from central: https://repo.maven.apache.org/maven2/org/apache/maven/maven-project/2.0.6/maven-project-2.0.6.jar (116 kB at 9.7 MB/s)
[34a1c9ed-ee02-417b-926c-d41dd47f079b/build]   | [INFO] Downloading from central: https://repo.maven.apache.org/maven2/org/apache/maven/maven-plugin-parameter-documenter/2.0.6/maven-plugin-parameter-documenter-2.0.6.jar
[34a1c9ed-ee02-417b-926c-d41dd47f079b/build]   | [INFO] Downloaded from central: https://repo.maven.apache.org/maven2/org/apache/maven/maven-artifact-manager/2.0.6/maven-artifact-manager-2.0.6.jar (57 kB at 1.3 MB/s)
[34a1c9ed-ee02-417b-926c-d41dd47f079b/build]   | [INFO] Downloading from central: https://repo.maven.apache.org/maven2/org/apache/maven/reporting/maven-reporting-api/2.0.6/maven-reporting-api-2.0.6.jar
[34a1c9ed-ee02-417b-926c-d41dd47f079b/build]   | [INFO] Downloaded from central: https://repo.maven.apache.org/maven2/org/apache/maven/maven-plugin-registry/2.0.6/maven-plugin-registry-2.0.6.jar (29 kB at 590 kB/s)
[34a1c9ed-ee02-417b-926c-d41dd47f079b/build]   | [INFO] Downloading from central: https://repo.maven.apache.org/maven2/org/apache/maven/doxia/doxia-sink-api/1.0-alpha-7/doxia-sink-api-1.0-alpha-7.jar
[34a1c9ed-ee02-417b-926c-d41dd47f079b/build]   | [INFO] Downloaded from central: https://repo.maven.apache.org/maven2/org/apache/maven/reporting/maven-reporting-api/2.0.6/maven-reporting-api-2.0.6.jar (9.9 kB at 216 kB/s)
[34a1c9ed-ee02-417b-926c-d41dd47f079b/build]   | [INFO] Downloaded from central: https://repo.maven.apache.org/maven2/org/apache/maven/maven-plugin-api/2.0.6/maven-plugin-api-2.0.6.jar (13 kB at 238 kB/s)
[34a1c9ed-ee02-417b-926c-d41dd47f079b/build]   | [INFO] Downloading from central: https://repo.maven.apache.org/maven2/org/apache/maven/maven-error-diagnostics/2.0.6/maven-error-diagnostics-2.0.6.jar
[34a1c9ed-ee02-417b-926c-d41dd47f079b/build]   | [INFO] Downloading from central: https://repo.maven.apache.org/maven2/org/apache/maven/maven-repository-metadata/2.0.6/maven-repository-metadata-2.0.6.jar
[34a1c9ed-ee02-417b-926c-d41dd47f079b/build]   | [INFO] Downloaded from central: https://repo.maven.apache.org/maven2/org/apache/maven/maven-plugin-parameter-documenter/2.0.6/maven-plugin-parameter-documenter-2.0.6.jar (21 kB at 432 kB/s)
[34a1c9ed-ee02-417b-926c-d41dd47f079b/build]   | [INFO] Downloading from central: https://repo.maven.apache.org/maven2/commons-cli/commons-cli/1.0/commons-cli-1.0.jar
[34a1c9ed-ee02-417b-926c-d41dd47f079b/build]   | [INFO] Downloaded from central: https://repo.maven.apache.org/maven2/org/apache/maven/doxia/doxia-sink-api/1.0-alpha-7/doxia-sink-api-1.0-alpha-7.jar (5.9 kB at 110 kB/s)
[34a1c9ed-ee02-417b-926c-d41dd47f079b/build]   | [INFO] Downloading from central: https://repo.maven.apache.org/maven2/org/apache/maven/maven-plugin-descriptor/2.0.6/maven-plugin-descriptor-2.0.6.jar
[34a1c9ed-ee02-417b-926c-d41dd47f079b/build]   | [INFO] Downloaded from central: https://repo.maven.apache.org/maven2/org/apache/maven/maven-repository-metadata/2.0.6/maven-repository-metadata-2.0.6.jar (24 kB at 453 kB/s)
[34a1c9ed-ee02-417b-926c-d41dd47f079b/build]   | [INFO] Downloading from central: https://repo.maven.apache.org/maven2/org/codehaus/plexus/plexus-interactivity-api/1.0-alpha-4/plexus-interactivity-api-1.0-alpha-4.jar
[34a1c9ed-ee02-417b-926c-d41dd47f079b/build]   | [INFO] Downloaded from central: https://repo.maven.apache.org/maven2/org/apache/maven/maven-core/2.0.6/maven-core-2.0.6.jar (152 kB at 2.8 MB/s)
[34a1c9ed-ee02-417b-926c-d41dd47f079b/build]   | [INFO] Downloading from central: https://repo.maven.apache.org/maven2/classworlds/classworlds/1.1/classworlds-1.1.jar
[34a1c9ed-ee02-417b-926c-d41dd47f079b/build]   | [INFO] Downloaded from central: https://repo.maven.apache.org/maven2/org/apache/maven/maven-error-diagnostics/2.0.6/maven-error-diagnostics-2.0.6.jar (14 kB at 231 kB/s)
[34a1c9ed-ee02-417b-926c-d41dd47f079b/build]   | [INFO] Downloading from central: https://repo.maven.apache.org/maven2/org/apache/maven/maven-artifact/2.0.6/maven-artifact-2.0.6.jar
[34a1c9ed-ee02-417b-926c-d41dd47f079b/build]   | [INFO] Downloaded from central: https://repo.maven.apache.org/maven2/org/apache/maven/maven-plugin-descriptor/2.0.6/maven-plugin-descriptor-2.0.6.jar (37 kB at 604 kB/s)
[34a1c9ed-ee02-417b-926c-d41dd47f079b/build]   | [INFO] Downloading from central: https://repo.maven.apache.org/maven2/org/apache/maven/maven-settings/2.0.6/maven-settings-2.0.6.jar
[34a1c9ed-ee02-417b-926c-d41dd47f079b/build]   | [INFO] Downloaded from central: https://repo.maven.apache.org/maven2/classworlds/classworlds/1.1/classworlds-1.1.jar (38 kB at 611 kB/s)
[34a1c9ed-ee02-417b-926c-d41dd47f079b/build]   | [INFO] Downloading from central: https://repo.maven.apache.org/maven2/org/apache/maven/maven-model/2.0.6/maven-model-2.0.6.jar
[34a1c9ed-ee02-417b-926c-d41dd47f079b/build]   | [INFO] Downloaded from central: https://repo.maven.apache.org/maven2/org/codehaus/plexus/plexus-interactivity-api/1.0-alpha-4/plexus-interactivity-api-1.0-alpha-4.jar (13 kB at 216 kB/s)
[34a1c9ed-ee02-417b-926c-d41dd47f079b/build]   | [INFO] Downloading from central: https://repo.maven.apache.org/maven2/org/apache/maven/maven-monitor/2.0.6/maven-monitor-2.0.6.jar
[34a1c9ed-ee02-417b-926c-d41dd47f079b/build]   | [INFO] Downloaded from central: https://repo.maven.apache.org/maven2/commons-cli/commons-cli/1.0/commons-cli-1.0.jar (30 kB at 486 kB/s)
[34a1c9ed-ee02-417b-926c-d41dd47f079b/build]   | [INFO] Downloading from central: https://repo.maven.apache.org/maven2/org/codehaus/plexus/plexus-container-default/1.0-alpha-9-stable-1/plexus-container-default-1.0-alpha-9-stable-1.jar
[34a1c9ed-ee02-417b-926c-d41dd47f079b/build]   | [INFO] Downloaded from central: https://repo.maven.apache.org/maven2/org/apache/maven/maven-settings/2.0.6/maven-settings-2.0.6.jar (49 kB at 701 kB/s)
[34a1c9ed-ee02-417b-926c-d41dd47f079b/build]   | [INFO] Downloading from central: https://repo.maven.apache.org/maven2/junit/junit/3.8.1/junit-3.8.1.jar
[34a1c9ed-ee02-417b-926c-d41dd47f079b/build]   | [INFO] Downloaded from central: https://repo.maven.apache.org/maven2/org/apache/maven/maven-model/2.0.6/maven-model-2.0.6.jar (86 kB at 1.2 MB/s)
[34a1c9ed-ee02-417b-926c-d41dd47f079b/build]   | [INFO] Downloading from central: https://repo.maven.apache.org/maven2/org/codehaus/plexus/plexus-utils/2.0.5/plexus-utils-2.0.5.jar
[34a1c9ed-ee02-417b-926c-d41dd47f079b/build]   | [INFO] Downloaded from central: https://repo.maven.apache.org/maven2/org/apache/maven/maven-monitor/2.0.6/maven-monitor-2.0.6.jar (10 kB at 146 kB/s)
[34a1c9ed-ee02-417b-926c-d41dd47f079b/build]   | [INFO] Downloading from central: https://repo.maven.apache.org/maven2/org/apache/maven/shared/maven-filtering/1.1/maven-filtering-1.1.jar
[34a1c9ed-ee02-417b-926c-d41dd47f079b/build]   | [INFO] Downloaded from central: https://repo.maven.apache.org/maven2/org/apache/maven/maven-artifact/2.0.6/maven-artifact-2.0.6.jar (87 kB at 1.2 MB/s)
[34a1c9ed-ee02-417b-926c-d41dd47f079b/build]   | [INFO] Downloading from central: https://repo.maven.apache.org/maven2/org/sonatype/plexus/plexus-build-api/0.0.4/plexus-build-api-0.0.4.jar
[34a1c9ed-ee02-417b-926c-d41dd47f079b/build]   | [INFO] Downloaded from central: https://repo.maven.apache.org/maven2/org/codehaus/plexus/plexus-container-default/1.0-alpha-9-stable-1/plexus-container-default-1.0-alpha-9-stable-1.jar (194 kB at 2.6 MB/s)
[34a1c9ed-ee02-417b-926c-d41dd47f079b/build]   | [INFO] Downloading from central: https://repo.maven.apache.org/maven2/org/codehaus/plexus/plexus-interpolation/1.13/plexus-interpolation-1.13.jar
[34a1c9ed-ee02-417b-926c-d41dd47f079b/build]   | [INFO] Downloaded from central: https://repo.maven.apache.org/maven2/org/sonatype/plexus/plexus-build-api/0.0.4/plexus-build-api-0.0.4.jar (6.8 kB at 87 kB/s)
[34a1c9ed-ee02-417b-926c-d41dd47f079b/build]   | [INFO] Downloaded from central: https://repo.maven.apache.org/maven2/org/codehaus/plexus/plexus-utils/2.0.5/plexus-utils-2.0.5.jar (223 kB at 2.8 MB/s)
[34a1c9ed-ee02-417b-926c-d41dd47f079b/build]   | [INFO] Downloaded from central: https://repo.maven.apache.org/maven2/junit/junit/3.8.1/junit-3.8.1.jar (121 kB at 1.5 MB/s)
[34a1c9ed-ee02-417b-926c-d41dd47f079b/build]   | [INFO] Downloaded from central: https://repo.maven.apache.org/maven2/org/apache/maven/shared/maven-filtering/1.1/maven-filtering-1.1.jar (43 kB at 539 kB/s)
[34a1c9ed-ee02-417b-926c-d41dd47f079b/build]   | [INFO] Downloaded from central: https://repo.maven.apache.org/maven2/org/codehaus/plexus/plexus-interpolation/1.13/plexus-interpolation-1.13.jar (61 kB at 650 kB/s)
[34a1c9ed-ee02-417b-926c-d41dd47f079b/build]   | [INFO] Using 'UTF-8' encoding to copy filtered resources.
[34a1c9ed-ee02-417b-926c-d41dd47f079b/build]   | [INFO] skip non existing resourceDirectory /tmp/aea1d59d-a9f1-42e5-98a7-1f4cd03982b9/src/main/resources
[34a1c9ed-ee02-417b-926c-d41dd47f079b/build]   | [INFO] 
[34a1c9ed-ee02-417b-926c-d41dd47f079b/build]   | [INFO] --- maven-compiler-plugin:3.10.1:compile (default-compile) @ solarpositioning ---
[34a1c9ed-ee02-417b-926c-d41dd47f079b/build]   | [INFO] Downloading from central: https://repo.maven.apache.org/maven2/org/apache/maven/shared/maven-shared-utils/3.3.4/maven-shared-utils-3.3.4.pom
[34a1c9ed-ee02-417b-926c-d41dd47f079b/build]   | [INFO] Downloaded from central: https://repo.maven.apache.org/maven2/org/apache/maven/shared/maven-shared-utils/3.3.4/maven-shared-utils-3.3.4.pom (5.8 kB at 972 kB/s)
[34a1c9ed-ee02-417b-926c-d41dd47f079b/build]   | [INFO] Downloading from central: https://repo.maven.apache.org/maven2/org/apache/maven/shared/maven-shared-components/34/maven-shared-components-34.pom
[34a1c9ed-ee02-417b-926c-d41dd47f079b/build]   | [INFO] Downloaded from central: https://repo.maven.apache.org/maven2/org/apache/maven/shared/maven-shared-components/34/maven-shared-components-34.pom (5.1 kB at 637 kB/s)
[34a1c9ed-ee02-417b-926c-d41dd47f079b/build]   | [INFO] Downloading from central: https://repo.maven.apache.org/maven2/commons-io/commons-io/2.6/commons-io-2.6.pom
[34a1c9ed-ee02-417b-926c-d41dd47f079b/build]   | [INFO] Downloaded from central: https://repo.maven.apache.org/maven2/commons-io/commons-io/2.6/commons-io-2.6.pom (14 kB at 1.3 MB/s)
[34a1c9ed-ee02-417b-926c-d41dd47f079b/build]   | [INFO] Downloading from central: https://repo.maven.apache.org/maven2/org/apache/commons/commons-parent/42/commons-parent-42.pom
[34a1c9ed-ee02-417b-926c-d41dd47f079b/build]   | [INFO] Downloaded from central: https://repo.maven.apache.org/maven2/org/apache/commons/commons-parent/42/commons-parent-42.pom (68 kB at 5.7 MB/s)
[34a1c9ed-ee02-417b-926c-d41dd47f079b/build]   | [INFO] Downloading from central: https://repo.maven.apache.org/maven2/org/apache/apache/18/apache-18.pom
[34a1c9ed-ee02-417b-926c-d41dd47f079b/build]   | [INFO] Downloaded from central: https://repo.maven.apache.org/maven2/org/apache/apache/18/apache-18.pom (16 kB at 1.1 MB/s)
[34a1c9ed-ee02-417b-926c-d41dd47f079b/build]   | [INFO] Downloading from central: https://repo.maven.apache.org/maven2/org/apache/maven/shared/maven-shared-incremental/1.1/maven-shared-incremental-1.1.pom
[34a1c9ed-ee02-417b-926c-d41dd47f079b/build]   | [INFO] Downloaded from central: https://repo.maven.apache.org/maven2/org/apache/maven/shared/maven-shared-incremental/1.1/maven-shared-incremental-1.1.pom (4.7 kB at 132 kB/s)
[34a1c9ed-ee02-417b-926c-d41dd47f079b/build]   | [INFO] Downloading from central: https://repo.maven.apache.org/maven2/org/apache/maven/shared/maven-shared-components/19/maven-shared-components-19.pom
[34a1c9ed-ee02-417b-926c-d41dd47f079b/build]   | [INFO] Downloaded from central: https://repo.maven.apache.org/maven2/org/apache/maven/shared/maven-shared-components/19/maven-shared-components-19.pom (6.4 kB at 707 kB/s)
[34a1c9ed-ee02-417b-926c-d41dd47f079b/build]   | [INFO] Downloading from central: https://repo.maven.apache.org/maven2/org/apache/maven/maven-parent/23/maven-parent-23.pom
[34a1c9ed-ee02-417b-926c-d41dd47f079b/build]   | [INFO] Downloaded from central: https://repo.maven.apache.org/maven2/org/apache/maven/maven-parent/23/maven-parent-23.pom (33 kB at 815 kB/s)
[34a1c9ed-ee02-417b-926c-d41dd47f079b/build]   | [INFO] Downloading from central: https://repo.maven.apache.org/maven2/org/apache/apache/13/apache-13.pom
[34a1c9ed-ee02-417b-926c-d41dd47f079b/build]   | [INFO] Downloaded from central: https://repo.maven.apache.org/maven2/org/apache/apache/13/apache-13.pom (14 kB at 776 kB/s)
[34a1c9ed-ee02-417b-926c-d41dd47f079b/build]   | [INFO] Downloading from central: https://repo.maven.apache.org/maven2/org/codehaus/plexus/plexus-component-annotations/2.0.0/plexus-component-annotations-2.0.0.pom
[34a1c9ed-ee02-417b-926c-d41dd47f079b/build]   | [INFO] Downloaded from central: https://repo.maven.apache.org/maven2/org/codehaus/plexus/plexus-component-annotations/2.0.0/plexus-component-annotations-2.0.0.pom (750 B at 75 kB/s)
[34a1c9ed-ee02-417b-926c-d41dd47f079b/build]   | [INFO] Downloading from central: https://repo.maven.apache.org/maven2/org/codehaus/plexus/plexus-containers/2.0.0/plexus-containers-2.0.0.pom
[34a1c9ed-ee02-417b-926c-d41dd47f079b/build]   | [INFO] Downloaded from central: https://repo.maven.apache.org/maven2/org/codehaus/plexus/plexus-containers/2.0.0/plexus-containers-2.0.0.pom (4.8 kB at 601 kB/s)
[34a1c9ed-ee02-417b-926c-d41dd47f079b/build]   | [INFO] Downloading from central: https://repo.maven.apache.org/maven2/org/codehaus/plexus/plexus/5.1/plexus-5.1.pom
[34a1c9ed-ee02-417b-926c-d41dd47f079b/build]   | [INFO] Downloaded from central: https://repo.maven.apache.org/maven2/org/codehaus/plexus/plexus/5.1/plexus-5.1.pom (23 kB at 2.8 MB/s)
[34a1c9ed-ee02-417b-926c-d41dd47f079b/build]   | [INFO] Downloading from central: https://repo.maven.apache.org/maven2/org/codehaus/plexus/plexus-java/1.1.1/plexus-java-1.1.1.pom
[34a1c9ed-ee02-417b-926c-d41dd47f079b/build]   | [INFO] Downloaded from central: https://repo.maven.apache.org/maven2/org/codehaus/plexus/plexus-java/1.1.1/plexus-java-1.1.1.pom (5.0 kB at 497 kB/s)
[34a1c9ed-ee02-417b-926c-d41dd47f079b/build]   | [INFO] Downloading from central: https://repo.maven.apache.org/maven2/org/codehaus/plexus/plexus-languages/1.1.1/plexus-languages-1.1.1.pom
[34a1c9ed-ee02-417b-926c-d41dd47f079b/build]   | [INFO] Downloaded from central: https://repo.maven.apache.org/maven2/org/codehaus/plexus/plexus-languages/1.1.1/plexus-languages-1.1.1.pom (4.6 kB at 659 kB/s)
[34a1c9ed-ee02-417b-926c-d41dd47f079b/build]   | [INFO] Downloading from central: https://repo.maven.apache.org/maven2/org/codehaus/plexus/plexus/8/plexus-8.pom
[34a1c9ed-ee02-417b-926c-d41dd47f079b/build]   | [INFO] Downloaded from central: https://repo.maven.apache.org/maven2/org/codehaus/plexus/plexus/8/plexus-8.pom (25 kB at 2.5 MB/s)
[34a1c9ed-ee02-417b-926c-d41dd47f079b/build]   | [INFO] Downloading from central: https://repo.maven.apache.org/maven2/org/ow2/asm/asm/9.2/asm-9.2.pom
[34a1c9ed-ee02-417b-926c-d41dd47f079b/build]   | [INFO] Downloaded from central: https://repo.maven.apache.org/maven2/org/ow2/asm/asm/9.2/asm-9.2.pom (2.4 kB at 182 kB/s)
[34a1c9ed-ee02-417b-926c-d41dd47f079b/build]   | [INFO] Downloading from central: https://repo.maven.apache.org/maven2/org/ow2/ow2/1.5/ow2-1.5.pom
[34a1c9ed-ee02-417b-926c-d41dd47f079b/build]   | [INFO] Downloaded from central: https://repo.maven.apache.org/maven2/org/ow2/ow2/1.5/ow2-1.5.pom (11 kB at 1.6 MB/s)
[34a1c9ed-ee02-417b-926c-d41dd47f079b/build]   | [INFO] Downloading from central: https://repo.maven.apache.org/maven2/com/thoughtworks/qdox/qdox/2.0.1/qdox-2.0.1.pom
[34a1c9ed-ee02-417b-926c-d41dd47f079b/build]   | [INFO] Downloaded from central: https://repo.maven.apache.org/maven2/com/thoughtworks/qdox/qdox/2.0.1/qdox-2.0.1.pom (16 kB at 1.8 MB/s)
[34a1c9ed-ee02-417b-926c-d41dd47f079b/build]   | [INFO] Downloading from central: https://repo.maven.apache.org/maven2/org/sonatype/oss/oss-parent/9/oss-parent-9.pom
[34a1c9ed-ee02-417b-926c-d41dd47f079b/build]   | [INFO] Downloaded from central: https://repo.maven.apache.org/maven2/org/sonatype/oss/oss-parent/9/oss-parent-9.pom (6.6 kB at 730 kB/s)
[34a1c9ed-ee02-417b-926c-d41dd47f079b/build]   | [INFO] Downloading from central: https://repo.maven.apache.org/maven2/org/codehaus/plexus/plexus-compiler-api/2.11.1/plexus-compiler-api-2.11.1.pom
[34a1c9ed-ee02-417b-926c-d41dd47f079b/build]   | [INFO] Downloaded from central: https://repo.maven.apache.org/maven2/org/codehaus/plexus/plexus-compiler-api/2.11.1/plexus-compiler-api-2.11.1.pom (1.1 kB at 176 kB/s)
[34a1c9ed-ee02-417b-926c-d41dd47f079b/build]   | [INFO] Downloading from central: https://repo.maven.apache.org/maven2/org/codehaus/plexus/plexus-compiler/2.11.1/plexus-compiler-2.11.1.pom
[34a1c9ed-ee02-417b-926c-d41dd47f079b/build]   | [INFO] Downloaded from central: https://repo.maven.apache.org/maven2/org/codehaus/plexus/plexus-compiler/2.11.1/plexus-compiler-2.11.1.pom (8.1 kB at 902 kB/s)
[34a1c9ed-ee02-417b-926c-d41dd47f079b/build]   | [INFO] Downloading from central: https://repo.maven.apache.org/maven2/org/codehaus/plexus/plexus-components/6.6/plexus-components-6.6.pom
[34a1c9ed-ee02-417b-926c-d41dd47f079b/build]   | [INFO] Downloaded from central: https://repo.maven.apache.org/maven2/org/codehaus/plexus/plexus-components/6.6/plexus-components-6.6.pom (2.7 kB at 223 kB/s)
[34a1c9ed-ee02-417b-926c-d41dd47f079b/build]   | [INFO] Downloading from central: https://repo.maven.apache.org/maven2/org/junit/junit-bom/5.8.2/junit-bom-5.8.2.pom
[34a1c9ed-ee02-417b-926c-d41dd47f079b/build]   | [INFO] Downloaded from central: https://repo.maven.apache.org/maven2/org/junit/junit-bom/5.8.2/junit-bom-5.8.2.pom (5.6 kB at 938 kB/s)
[34a1c9ed-ee02-417b-926c-d41dd47f079b/build]   | [INFO] Downloading from central: https://repo.maven.apache.org/maven2/org/codehaus/plexus/plexus-utils/3.4.1/plexus-utils-3.4.1.pom
[34a1c9ed-ee02-417b-926c-d41dd47f079b/build]   | [INFO] Downloaded from central: https://repo.maven.apache.org/maven2/org/codehaus/plexus/plexus-utils/3.4.1/plexus-utils-3.4.1.pom (8.0 kB at 1.6 MB/s)
[34a1c9ed-ee02-417b-926c-d41dd47f079b/build]   | [INFO] Downloading from central: https://repo.maven.apache.org/maven2/org/codehaus/plexus/plexus-compiler-manager/2.11.1/plexus-compiler-manager-2.11.1.pom
[34a1c9ed-ee02-417b-926c-d41dd47f079b/build]   | [INFO] Downloaded from central: https://repo.maven.apache.org/maven2/org/codehaus/plexus/plexus-compiler-manager/2.11.1/plexus-compiler-manager-2.11.1.pom (1.1 kB at 126 kB/s)
[34a1c9ed-ee02-417b-926c-d41dd47f079b/build]   | [INFO] Downloading from central: https://repo.maven.apache.org/maven2/org/codehaus/plexus/plexus-compiler-javac/2.11.1/plexus-compiler-javac-2.11.1.pom
[34a1c9ed-ee02-417b-926c-d41dd47f079b/build]   | [INFO] Downloaded from central: https://repo.maven.apache.org/maven2/org/codehaus/plexus/plexus-compiler-javac/2.11.1/plexus-compiler-javac-2.11.1.pom (1.2 kB at 86 kB/s)
[34a1c9ed-ee02-417b-926c-d41dd47f079b/build]   | [INFO] Downloading from central: https://repo.maven.apache.org/maven2/org/codehaus/plexus/plexus-compilers/2.11.1/plexus-compilers-2.11.1.pom
[34a1c9ed-ee02-417b-926c-d41dd47f079b/build]   | [INFO] Downloaded from central: https://repo.maven.apache.org/maven2/org/codehaus/plexus/plexus-compilers/2.11.1/plexus-compilers-2.11.1.pom (1.3 kB at 265 kB/s)
[34a1c9ed-ee02-417b-926c-d41dd47f079b/build]   | [INFO] Downloading from central: https://repo.maven.apache.org/maven2/org/apache/maven/shared/maven-shared-utils/3.3.4/maven-shared-utils-3.3.4.jar
[34a1c9ed-ee02-417b-926c-d41dd47f079b/build]   | [INFO] Downloading from central: https://repo.maven.apache.org/maven2/commons-io/commons-io/2.6/commons-io-2.6.jar
[34a1c9ed-ee02-417b-926c-d41dd47f079b/build]   | [INFO] Downloading from central: https://repo.maven.apache.org/maven2/org/apache/maven/shared/maven-shared-incremental/1.1/maven-shared-incremental-1.1.jar
[34a1c9ed-ee02-417b-926c-d41dd47f079b/build]   | [INFO] Downloading from central: https://repo.maven.apache.org/maven2/org/codehaus/plexus/plexus-component-annotations/2.0.0/plexus-component-annotations-2.0.0.jar
[34a1c9ed-ee02-417b-926c-d41dd47f079b/build]   | [INFO] Downloading from central: https://repo.maven.apache.org/maven2/org/codehaus/plexus/plexus-java/1.1.1/plexus-java-1.1.1.jar
[34a1c9ed-ee02-417b-926c-d41dd47f079b/build]   | [INFO] Downloaded from central: https://repo.maven.apache.org/maven2/commons-io/commons-io/2.6/commons-io-2.6.jar (215 kB at 17 MB/s)
[34a1c9ed-ee02-417b-926c-d41dd47f079b/build]   | [INFO] Downloading from central: https://repo.maven.apache.org/maven2/org/ow2/asm/asm/9.2/asm-9.2.jar
[34a1c9ed-ee02-417b-926c-d41dd47f079b/build]   | [INFO] Downloaded from central: https://repo.maven.apache.org/maven2/org/apache/maven/shared/maven-shared-utils/3.3.4/maven-shared-utils-3.3.4.jar (153 kB at 2.4 MB/s)
[34a1c9ed-ee02-417b-926c-d41dd47f079b/build]   | [INFO] Downloading from central: https://repo.maven.apache.org/maven2/com/thoughtworks/qdox/qdox/2.0.1/qdox-2.0.1.jar
[34a1c9ed-ee02-417b-926c-d41dd47f079b/build]   | [INFO] Downloaded from central: https://repo.maven.apache.org/maven2/org/apache/maven/shared/maven-shared-incremental/1.1/maven-shared-incremental-1.1.jar (14 kB at 677 kB/s)
[34a1c9ed-ee02-417b-926c-d41dd47f079b/build]   | [INFO] Downloading from central: https://repo.maven.apache.org/maven2/org/codehaus/plexus/plexus-compiler-api/2.11.1/plexus-compiler-api-2.11.1.jar
[34a1c9ed-ee02-417b-926c-d41dd47f079b/build]   | [INFO] Downloaded from central: https://repo.maven.apache.org/maven2/org/codehaus/plexus/plexus-java/1.1.1/plexus-java-1.1.1.jar (54 kB at 3.6 MB/s)
[34a1c9ed-ee02-417b-926c-d41dd47f079b/build]   | [INFO] Downloading from central: https://repo.maven.apache.org/maven2/org/codehaus/plexus/plexus-utils/3.4.1/plexus-utils-3.4.1.jar
[34a1c9ed-ee02-417b-926c-d41dd47f079b/build]   | [INFO] Downloaded from central: https://repo.maven.apache.org/maven2/org/ow2/asm/asm/9.2/asm-9.2.jar (122 kB at 8.1 MB/s)
[34a1c9ed-ee02-417b-926c-d41dd47f079b/build]   | [INFO] Downloading from central: https://repo.maven.apache.org/maven2/org/codehaus/plexus/plexus-compiler-manager/2.11.1/plexus-compiler-manager-2.11.1.jar
[34a1c9ed-ee02-417b-926c-d41dd47f079b/build]   | [INFO] Downloaded from central: https://repo.maven.apache.org/maven2/org/codehaus/plexus/plexus-component-annotations/2.0.0/plexus-component-annotations-2.0.0.jar (4.2 kB at 222 kB/s)
[34a1c9ed-ee02-417b-926c-d41dd47f079b/build]   | [INFO] Downloading from central: https://repo.maven.apache.org/maven2/org/codehaus/plexus/plexus-compiler-javac/2.11.1/plexus-compiler-javac-2.11.1.jar
[34a1c9ed-ee02-417b-926c-d41dd47f079b/build]   | [INFO] Downloaded from central: https://repo.maven.apache.org/maven2/org/codehaus/plexus/plexus-compiler-api/2.11.1/plexus-compiler-api-2.11.1.jar (27 kB at 1.4 MB/s)
[34a1c9ed-ee02-417b-926c-d41dd47f079b/build]   | [INFO] Downloaded from central: https://repo.maven.apache.org/maven2/org/codehaus/plexus/plexus-compiler-manager/2.11.1/plexus-compiler-manager-2.11.1.jar (4.7 kB at 212 kB/s)
[34a1c9ed-ee02-417b-926c-d41dd47f079b/build]   | [INFO] Downloaded from central: https://repo.maven.apache.org/maven2/com/thoughtworks/qdox/qdox/2.0.1/qdox-2.0.1.jar (334 kB at 15 MB/s)
[34a1c9ed-ee02-417b-926c-d41dd47f079b/build]   | [INFO] Downloaded from central: https://repo.maven.apache.org/maven2/org/codehaus/plexus/plexus-compiler-javac/2.11.1/plexus-compiler-javac-2.11.1.jar (23 kB at 952 kB/s)
[34a1c9ed-ee02-417b-926c-d41dd47f079b/build]   | [INFO] Downloaded from central: https://repo.maven.apache.org/maven2/org/codehaus/plexus/plexus-utils/3.4.1/plexus-utils-3.4.1.jar (264 kB at 8.8 MB/s)
[34a1c9ed-ee02-417b-926c-d41dd47f079b/build]   | [INFO] Changes detected - recompiling the module!
[34a1c9ed-ee02-417b-926c-d41dd47f079b/build]   | [INFO] Compiling 6 source files to /tmp/aea1d59d-a9f1-42e5-98a7-1f4cd03982b9/target/classes
[34a1c9ed-ee02-417b-926c-d41dd47f079b/build]   | [INFO] 
[34a1c9ed-ee02-417b-926c-d41dd47f079b/build]   | [INFO] --- maven-resources-plugin:2.6:testResources (default-testResources) @ solarpositioning ---
[34a1c9ed-ee02-417b-926c-d41dd47f079b/build]   | [INFO] Using 'UTF-8' encoding to copy filtered resources.
[34a1c9ed-ee02-417b-926c-d41dd47f079b/build]   | [INFO] Copying 10 resources
[34a1c9ed-ee02-417b-926c-d41dd47f079b/build]   | [INFO] 
[34a1c9ed-ee02-417b-926c-d41dd47f079b/build]   | [INFO] --- maven-compiler-plugin:3.10.1:testCompile (default-testCompile) @ solarpositioning ---
[34a1c9ed-ee02-417b-926c-d41dd47f079b/build]   | [INFO] Changes detected - recompiling the module!
[34a1c9ed-ee02-417b-926c-d41dd47f079b/build]   | [INFO] Compiling 5 source files to /tmp/aea1d59d-a9f1-42e5-98a7-1f4cd03982b9/target/test-classes
[34a1c9ed-ee02-417b-926c-d41dd47f079b/build]   | [INFO] 
[34a1c9ed-ee02-417b-926c-d41dd47f079b/build]   | [INFO] --- maven-surefire-plugin:3.0.0-M7:test (default-test) @ solarpositioning ---
[34a1c9ed-ee02-417b-926c-d41dd47f079b/build]   | [INFO] Downloading from central: https://repo.maven.apache.org/maven2/org/apache/maven/surefire/maven-surefire-common/3.0.0-M7/maven-surefire-common-3.0.0-M7.pom
[34a1c9ed-ee02-417b-926c-d41dd47f079b/build]   | [INFO] Downloaded from central: https://repo.maven.apache.org/maven2/org/apache/maven/surefire/maven-surefire-common/3.0.0-M7/maven-surefire-common-3.0.0-M7.pom (6.5 kB at 647 kB/s)
[34a1c9ed-ee02-417b-926c-d41dd47f079b/build]   | [INFO] Downloading from central: https://repo.maven.apache.org/maven2/org/apache/maven/surefire/surefire-api/3.0.0-M7/surefire-api-3.0.0-M7.pom
[34a1c9ed-ee02-417b-926c-d41dd47f079b/build]   | [INFO] Downloaded from central: https://repo.maven.apache.org/maven2/org/apache/maven/surefire/surefire-api/3.0.0-M7/surefire-api-3.0.0-M7.pom (3.4 kB at 565 kB/s)
[34a1c9ed-ee02-417b-926c-d41dd47f079b/build]   | [INFO] Downloading from central: https://repo.maven.apache.org/maven2/org/apache/maven/surefire/surefire-logger-api/3.0.0-M7/surefire-logger-api-3.0.0-M7.pom
[34a1c9ed-ee02-417b-926c-d41dd47f079b/build]   | [INFO] Downloaded from central: https://repo.maven.apache.org/maven2/org/apache/maven/surefire/surefire-logger-api/3.0.0-M7/surefire-logger-api-3.0.0-M7.pom (3.6 kB at 606 kB/s)
[34a1c9ed-ee02-417b-926c-d41dd47f079b/build]   | [INFO] Downloading from central: https://repo.maven.apache.org/maven2/org/apache/maven/surefire/surefire-shared-utils/3.0.0-M7/surefire-shared-utils-3.0.0-M7.pom
[34a1c9ed-ee02-417b-926c-d41dd47f079b/build]   | [INFO] Downloaded from central: https://repo.maven.apache.org/maven2/org/apache/maven/surefire/surefire-shared-utils/3.0.0-M7/surefire-shared-utils-3.0.0-M7.pom (3.9 kB at 144 kB/s)
[34a1c9ed-ee02-417b-926c-d41dd47f079b/build]   | [INFO] Downloading from central: https://repo.maven.apache.org/maven2/org/apache/maven/surefire/surefire-extensions-api/3.0.0-M7/surefire-extensions-api-3.0.0-M7.pom
[34a1c9ed-ee02-417b-926c-d41dd47f079b/build]   | [INFO] Downloaded from central: https://repo.maven.apache.org/maven2/org/apache/maven/surefire/surefire-extensions-api/3.0.0-M7/surefire-extensions-api-3.0.0-M7.pom (3.6 kB at 304 kB/s)
[34a1c9ed-ee02-417b-926c-d41dd47f079b/build]   | [INFO] Downloading from central: https://repo.maven.apache.org/maven2/org/apache/maven/surefire/surefire-booter/3.0.0-M7/surefire-booter-3.0.0-M7.pom
[34a1c9ed-ee02-417b-926c-d41dd47f079b/build]   | [INFO] Downloaded from central: https://repo.maven.apache.org/maven2/org/apache/maven/surefire/surefire-booter/3.0.0-M7/surefire-booter-3.0.0-M7.pom (4.4 kB at 150 kB/s)
[34a1c9ed-ee02-417b-926c-d41dd47f079b/build]   | [INFO] Downloading from central: https://repo.maven.apache.org/maven2/org/apache/maven/surefire/surefire-extensions-spi/3.0.0-M7/surefire-extensions-spi-3.0.0-M7.pom
[34a1c9ed-ee02-417b-926c-d41dd47f079b/build]   | [INFO] Downloaded from central: https://repo.maven.apache.org/maven2/org/apache/maven/surefire/surefire-extensions-spi/3.0.0-M7/surefire-extensions-spi-3.0.0-M7.pom (1.8 kB at 163 kB/s)
[34a1c9ed-ee02-417b-926c-d41dd47f079b/build]   | [INFO] Downloading from central: https://repo.maven.apache.org/maven2/org/apache/maven/shared/maven-common-artifact-filters/3.1.1/maven-common-artifact-filters-3.1.1.pom
[34a1c9ed-ee02-417b-926c-d41dd47f079b/build]   | [INFO] Downloaded from central: https://repo.maven.apache.org/maven2/org/apache/maven/shared/maven-common-artifact-filters/3.1.1/maven-common-artifact-filters-3.1.1.pom (5.8 kB at 483 kB/s)
[34a1c9ed-ee02-417b-926c-d41dd47f079b/build]   | [INFO] Downloading from central: https://repo.maven.apache.org/maven2/org/apache/maven/maven-artifact/3.2.5/maven-artifact-3.2.5.pom
[34a1c9ed-ee02-417b-926c-d41dd47f079b/build]   | [INFO] Downloaded from central: https://repo.maven.apache.org/maven2/org/apache/maven/maven-artifact/3.2.5/maven-artifact-3.2.5.pom (2.3 kB at 98 kB/s)
[34a1c9ed-ee02-417b-926c-d41dd47f079b/build]   | [INFO] Downloading from central: https://repo.maven.apache.org/maven2/org/apache/maven/maven/3.2.5/maven-3.2.5.pom
[34a1c9ed-ee02-417b-926c-d41dd47f079b/build]   | [INFO] Downloaded from central: https://repo.maven.apache.org/maven2/org/apache/maven/maven/3.2.5/maven-3.2.5.pom (22 kB at 2.2 MB/s)
[34a1c9ed-ee02-417b-926c-d41dd47f079b/build]   | [INFO] Downloading from central: https://repo.maven.apache.org/maven2/org/apache/maven/maven-parent/25/maven-parent-25.pom
[34a1c9ed-ee02-417b-926c-d41dd47f079b/build]   | [INFO] Downloaded from central: https://repo.maven.apache.org/maven2/org/apache/maven/maven-parent/25/maven-parent-25.pom (37 kB at 3.7 MB/s)
[34a1c9ed-ee02-417b-926c-d41dd47f079b/build]   | [INFO] Downloading from central: https://repo.maven.apache.org/maven2/org/apache/apache/15/apache-15.pom
[34a1c9ed-ee02-417b-926c-d41dd47f079b/build]   | [INFO] Downloaded from central: https://repo.maven.apache.org/maven2/org/apache/apache/15/apache-15.pom (15 kB at 1.3 MB/s)
[34a1c9ed-ee02-417b-926c-d41dd47f079b/build]   | [INFO] Downloading from central: https://repo.maven.apache.org/maven2/org/codehaus/plexus/plexus-utils/3.3.0/plexus-utils-3.3.0.pom
[34a1c9ed-ee02-417b-926c-d41dd47f079b/build]   | [INFO] Downloaded from central: https://repo.maven.apache.org/maven2/org/codehaus/plexus/plexus-utils/3.3.0/plexus-utils-3.3.0.pom (5.2 kB at 576 kB/s)
[34a1c9ed-ee02-417b-926c-d41dd47f079b/build]   | [INFO] Downloading from central: https://repo.maven.apache.org/maven2/org/apache/maven/maven-core/3.2.5/maven-core-3.2.5.pom
[34a1c9ed-ee02-417b-926c-d41dd47f079b/build]   | [INFO] Downloaded from central: https://repo.maven.apache.org/maven2/org/apache/maven/maven-core/3.2.5/maven-core-3.2.5.pom (8.1 kB at 672 kB/s)
[34a1c9ed-ee02-417b-926c-d41dd47f079b/build]   | [INFO] Downloading from central: https://repo.maven.apache.org/maven2/org/apache/maven/maven-settings/3.2.5/maven-settings-3.2.5.pom
[34a1c9ed-ee02-417b-926c-d41dd47f079b/build]   | [INFO] Downloaded from central: https://repo.maven.apache.org/maven2/org/apache/maven/maven-settings/3.2.5/maven-settings-3.2.5.pom (2.2 kB at 197 kB/s)
[34a1c9ed-ee02-417b-926c-d41dd47f079b/build]   | [INFO] Downloading from central: https://repo.maven.apache.org/maven2/org/apache/maven/maven-settings-builder/3.2.5/maven-settings-builder-3.2.5.pom
[34a1c9ed-ee02-417b-926c-d41dd47f079b/build]   | [INFO] Downloaded from central: https://repo.maven.apache.org/maven2/org/apache/maven/maven-settings-builder/3.2.5/maven-settings-builder-3.2.5.pom (2.6 kB at 185 kB/s)
[34a1c9ed-ee02-417b-926c-d41dd47f079b/build]   | [INFO] Downloading from central: https://repo.maven.apache.org/maven2/org/codehaus/plexus/plexus-interpolation/1.21/plexus-interpolation-1.21.pom
[34a1c9ed-ee02-417b-926c-d41dd47f079b/build]   | [INFO] Downloaded from central: https://repo.maven.apache.org/maven2/org/codehaus/plexus/plexus-interpolation/1.21/plexus-interpolation-1.21.pom (1.5 kB at 154 kB/s)
[34a1c9ed-ee02-417b-926c-d41dd47f079b/build]   | [INFO] Downloading from central: https://repo.maven.apache.org/maven2/org/codehaus/plexus/plexus-components/1.3.1/plexus-components-1.3.1.pom
[34a1c9ed-ee02-417b-926c-d41dd47f079b/build]   | [INFO] Downloaded from central: https://repo.maven.apache.org/maven2/org/codehaus/plexus/plexus-components/1.3.1/plexus-components-1.3.1.pom (3.1 kB at 279 kB/s)
[34a1c9ed-ee02-417b-926c-d41dd47f079b/build]   | [INFO] Downloading from central: https://repo.maven.apache.org/maven2/org/codehaus/plexus/plexus/3.3.1/plexus-3.3.1.pom
[34a1c9ed-ee02-417b-926c-d41dd47f079b/build]   | [INFO] Downloaded from central: https://repo.maven.apache.org/maven2/org/codehaus/plexus/plexus/3.3.1/plexus-3.3.1.pom (20 kB at 730 kB/s)
[34a1c9ed-ee02-417b-926c-d41dd47f079b/build]   | [INFO] Downloading from central: https://repo.maven.apache.org/maven2/org/sonatype/spice/spice-parent/17/spice-parent-17.pom
[34a1c9ed-ee02-417b-926c-d41dd47f079b/build]   | [INFO] Downloaded from central: https://repo.maven.apache.org/maven2/org/sonatype/spice/spice-parent/17/spice-parent-17.pom (6.8 kB at 676 kB/s)
[34a1c9ed-ee02-417b-926c-d41dd47f079b/build]   | [INFO] Downloading from central: https://repo.maven.apache.org/maven2/org/sonatype/forge/forge-parent/10/forge-parent-10.pom
[34a1c9ed-ee02-417b-926c-d41dd47f079b/build]   | [INFO] Downloaded from central: https://repo.maven.apache.org/maven2/org/sonatype/forge/forge-parent/10/forge-parent-10.pom (14 kB at 1.2 MB/s)
[34a1c9ed-ee02-417b-926c-d41dd47f079b/build]   | [INFO] Downloading from central: https://repo.maven.apache.org/maven2/org/codehaus/plexus/plexus-component-annotations/2.1.1/plexus-component-annotations-2.1.1.pom
[34a1c9ed-ee02-417b-926c-d41dd47f079b/build]   | [INFO] Downloaded from central: https://repo.maven.apache.org/maven2/org/codehaus/plexus/plexus-component-annotations/2.1.1/plexus-component-annotations-2.1.1.pom (770 B at 96 kB/s)
[34a1c9ed-ee02-417b-926c-d41dd47f079b/build]   | [INFO] Downloading from central: https://repo.maven.apache.org/maven2/org/codehaus/plexus/plexus-containers/2.1.1/plexus-containers-2.1.1.pom
[34a1c9ed-ee02-417b-926c-d41dd47f079b/build]   | [INFO] Downloaded from central: https://repo.maven.apache.org/maven2/org/codehaus/plexus/plexus-containers/2.1.1/plexus-containers-2.1.1.pom (6.0 kB at 604 kB/s)
[34a1c9ed-ee02-417b-926c-d41dd47f079b/build]   | [INFO] Downloading from central: https://repo.maven.apache.org/maven2/org/codehaus/plexus/plexus/6.5/plexus-6.5.pom
[34a1c9ed-ee02-417b-926c-d41dd47f079b/build]   | [INFO] Downloaded from central: https://repo.maven.apache.org/maven2/org/codehaus/plexus/plexus/6.5/plexus-6.5.pom (26 kB at 2.9 MB/s)
[34a1c9ed-ee02-417b-926c-d41dd47f079b/build]   | [INFO] Downloading from central: https://repo.maven.apache.org/maven2/org/sonatype/plexus/plexus-sec-dispatcher/1.3/plexus-sec-dispatcher-1.3.pom
[34a1c9ed-ee02-417b-926c-d41dd47f079b/build]   | [INFO] Downloaded from central: https://repo.maven.apache.org/maven2/org/sonatype/plexus/plexus-sec-dispatcher/1.3/plexus-sec-dispatcher-1.3.pom (3.0 kB at 185 kB/s)
[34a1c9ed-ee02-417b-926c-d41dd47f079b/build]   | [INFO] Downloading from central: https://repo.maven.apache.org/maven2/org/sonatype/spice/spice-parent/12/spice-parent-12.pom
[34a1c9ed-ee02-417b-926c-d41dd47f079b/build]   | [INFO] Downloaded from central: https://repo.maven.apache.org/maven2/org/sonatype/spice/spice-parent/12/spice-parent-12.pom (6.8 kB at 755 kB/s)
[34a1c9ed-ee02-417b-926c-d41dd47f079b/build]   | [INFO] Downloading from central: https://repo.maven.apache.org/maven2/org/sonatype/forge/forge-parent/4/forge-parent-4.pom
[34a1c9ed-ee02-417b-926c-d41dd47f079b/build]   | [INFO] Downloaded from central: https://repo.maven.apache.org/maven2/org/sonatype/forge/forge-parent/4/forge-parent-4.pom (8.4 kB at 763 kB/s)
[34a1c9ed-ee02-417b-926c-d41dd47f079b/build]   | [INFO] Downloading from central: https://repo.maven.apache.org/maven2/org/sonatype/plexus/plexus-cipher/1.4/plexus-cipher-1.4.pom
[34a1c9ed-ee02-417b-926c-d41dd47f079b/build]   | [INFO] Downloaded from central: https://repo.maven.apache.org/maven2/org/sonatype/plexus/plexus-cipher/1.4/plexus-cipher-1.4.pom (2.1 kB at 103 kB/s)
[34a1c9ed-ee02-417b-926c-d41dd47f079b/build]   | [INFO] Downloading from central: https://repo.maven.apache.org/maven2/org/apache/maven/maven-repository-metadata/3.2.5/maven-repository-metadata-3.2.5.pom
[34a1c9ed-ee02-417b-926c-d41dd47f079b/build]   | [INFO] Downloaded from central: https://repo.maven.apache.org/maven2/org/apache/maven/maven-repository-metadata/3.2.5/maven-repository-metadata-3.2.5.pom (2.2 kB at 248 kB/s)
[34a1c9ed-ee02-417b-926c-d41dd47f079b/build]   | [INFO] Downloading from central: https://repo.maven.apache.org/maven2/org/apache/maven/maven-plugin-api/3.2.5/maven-plugin-api-3.2.5.pom
[34a1c9ed-ee02-417b-926c-d41dd47f079b/build]   | [INFO] Downloaded from central: https://repo.maven.apache.org/maven2/org/apache/maven/maven-plugin-api/3.2.5/maven-plugin-api-3.2.5.pom (3.0 kB at 432 kB/s)
[34a1c9ed-ee02-417b-926c-d41dd47f079b/build]   | [INFO] Downloading from central: https://repo.maven.apache.org/maven2/org/eclipse/sisu/org.eclipse.sisu.plexus/0.3.5/org.eclipse.sisu.plexus-0.3.5.pom
[34a1c9ed-ee02-417b-926c-d41dd47f079b/build]   | [INFO] Downloaded from central: https://repo.maven.apache.org/maven2/org/eclipse/sisu/org.eclipse.sisu.plexus/0.3.5/org.eclipse.sisu.plexus-0.3.5.pom (4.3 kB at 857 kB/s)
[34a1c9ed-ee02-417b-926c-d41dd47f079b/build]   | [INFO] Downloading from central: https://repo.maven.apache.org/maven2/org/eclipse/sisu/sisu-plexus/0.3.5/sisu-plexus-0.3.5.pom
[34a1c9ed-ee02-417b-926c-d41dd47f079b/build]   | [INFO] Downloaded from central: https://repo.maven.apache.org/maven2/org/eclipse/sisu/sisu-plexus/0.3.5/sisu-plexus-0.3.5.pom (14 kB at 2.7 MB/s)
[34a1c9ed-ee02-417b-926c-d41dd47f079b/build]   | [INFO] Downloading from central: https://repo.maven.apache.org/maven2/javax/annotation/javax.annotation-api/1.2/javax.annotation-api-1.2.pom
[34a1c9ed-ee02-417b-926c-d41dd47f079b/build]   | [INFO] Downloaded from central: https://repo.maven.apache.org/maven2/javax/annotation/javax.annotation-api/1.2/javax.annotation-api-1.2.pom (13 kB at 2.2 MB/s)
[34a1c9ed-ee02-417b-926c-d41dd47f079b/build]   | [INFO] Downloading from central: https://repo.maven.apache.org/maven2/net/java/jvnet-parent/3/jvnet-parent-3.pom
[34a1c9ed-ee02-417b-926c-d41dd47f079b/build]   | [INFO] Downloaded from central: https://repo.maven.apache.org/maven2/net/java/jvnet-parent/3/jvnet-parent-3.pom (4.8 kB at 368 kB/s)
[34a1c9ed-ee02-417b-926c-d41dd47f079b/build]   | [INFO] Downloading from central: https://repo.maven.apache.org/maven2/javax/enterprise/cdi-api/1.2/cdi-api-1.2.pom
[34a1c9ed-ee02-417b-926c-d41dd47f079b/build]   | [INFO] Downloaded from central: https://repo.maven.apache.org/maven2/javax/enterprise/cdi-api/1.2/cdi-api-1.2.pom (6.3 kB at 136 kB/s)
[34a1c9ed-ee02-417b-926c-d41dd47f079b/build]   | [INFO] Downloading from central: https://repo.maven.apache.org/maven2/org/jboss/weld/weld-parent/26/weld-parent-26.pom
[34a1c9ed-ee02-417b-926c-d41dd47f079b/build]   | [INFO] Downloaded from central: https://repo.maven.apache.org/maven2/org/jboss/weld/weld-parent/26/weld-parent-26.pom (32 kB at 1.7 MB/s)
[34a1c9ed-ee02-417b-926c-d41dd47f079b/build]   | [INFO] Downloading from central: https://repo.maven.apache.org/maven2/javax/inject/javax.inject/1/javax.inject-1.pom
[34a1c9ed-ee02-417b-926c-d41dd47f079b/build]   | [INFO] Downloaded from central: https://repo.maven.apache.org/maven2/javax/inject/javax.inject/1/javax.inject-1.pom (612 B at 44 kB/s)
[34a1c9ed-ee02-417b-926c-d41dd47f079b/build]   | [INFO] Downloading from central: https://repo.maven.apache.org/maven2/org/eclipse/sisu/org.eclipse.sisu.inject/0.3.5/org.eclipse.sisu.inject-0.3.5.pom
[34a1c9ed-ee02-417b-926c-d41dd47f079b/build]   | [INFO] Downloaded from central: https://repo.maven.apache.org/maven2/org/eclipse/sisu/org.eclipse.sisu.inject/0.3.5/org.eclipse.sisu.inject-0.3.5.pom (2.6 kB at 375 kB/s)
[34a1c9ed-ee02-417b-926c-d41dd47f079b/build]   | [INFO] Downloading from central: https://repo.maven.apache.org/maven2/org/eclipse/sisu/sisu-inject/0.3.5/sisu-inject-0.3.5.pom
[34a1c9ed-ee02-417b-926c-d41dd47f079b/build]   | [INFO] Downloaded from central: https://repo.maven.apache.org/maven2/org/eclipse/sisu/sisu-inject/0.3.5/sisu-inject-0.3.5.pom (14 kB at 1.8 MB/s)
[34a1c9ed-ee02-417b-926c-d41dd47f079b/build]   | [INFO] Downloading from central: https://repo.maven.apache.org/maven2/org/codehaus/plexus/plexus-classworlds/2.5.2/plexus-classworlds-2.5.2.pom
[34a1c9ed-ee02-417b-926c-d41dd47f079b/build]   | [INFO] Downloaded from central: https://repo.maven.apache.org/maven2/org/codehaus/plexus/plexus-classworlds/2.5.2/plexus-classworlds-2.5.2.pom (7.3 kB at 913 kB/s)
[34a1c9ed-ee02-417b-926c-d41dd47f079b/build]   | [INFO] Downloading from central: https://repo.maven.apache.org/maven2/org/apache/maven/maven-model-builder/3.2.5/maven-model-builder-3.2.5.pom
[34a1c9ed-ee02-417b-926c-d41dd47f079b/build]   | [INFO] Downloaded from central: https://repo.maven.apache.org/maven2/org/apache/maven/maven-model-builder/3.2.5/maven-model-builder-3.2.5.pom (3.0 kB at 499 kB/s)
[34a1c9ed-ee02-417b-926c-d41dd47f079b/build]   | [INFO] Downloading from central: https://repo.maven.apache.org/maven2/org/apache/maven/maven-aether-provider/3.2.5/maven-aether-provider-3.2.5.pom
[34a1c9ed-ee02-417b-926c-d41dd47f079b/build]   | [INFO] Downloaded from central: https://repo.maven.apache.org/maven2/org/apache/maven/maven-aether-provider/3.2.5/maven-aether-provider-3.2.5.pom (4.2 kB at 708 kB/s)
[34a1c9ed-ee02-417b-926c-d41dd47f079b/build]   | [INFO] Downloading from central: https://repo.maven.apache.org/maven2/org/eclipse/aether/aether-api/1.0.0.v20140518/aether-api-1.0.0.v20140518.pom
[34a1c9ed-ee02-417b-926c-d41dd47f079b/build]   | [INFO] Downloaded from central: https://repo.maven.apache.org/maven2/org/eclipse/aether/aether-api/1.0.0.v20140518/aether-api-1.0.0.v20140518.pom (1.9 kB at 211 kB/s)
[34a1c9ed-ee02-417b-926c-d41dd47f079b/build]   | [INFO] Downloading from central: https://repo.maven.apache.org/maven2/org/eclipse/aether/aether/1.0.0.v20140518/aether-1.0.0.v20140518.pom
[34a1c9ed-ee02-417b-926c-d41dd47f079b/build]   | [INFO] Downloaded from central: https://repo.maven.apache.org/maven2/org/eclipse/aether/aether/1.0.0.v20140518/aether-1.0.0.v20140518.pom (30 kB at 4.3 MB/s)
[34a1c9ed-ee02-417b-926c-d41dd47f079b/build]   | [INFO] Downloading from central: https://repo.maven.apache.org/maven2/org/eclipse/aether/aether-spi/1.0.0.v20140518/aether-spi-1.0.0.v20140518.pom
[34a1c9ed-ee02-417b-926c-d41dd47f079b/build]   | [INFO] Downloaded from central: https://repo.maven.apache.org/maven2/org/eclipse/aether/aether-spi/1.0.0.v20140518/aether-spi-1.0.0.v20140518.pom (2.1 kB at 228 kB/s)
[34a1c9ed-ee02-417b-926c-d41dd47f079b/build]   | [INFO] Downloading from central: https://repo.maven.apache.org/maven2/org/eclipse/aether/aether-util/1.0.0.v20140518/aether-util-1.0.0.v20140518.pom
[34a1c9ed-ee02-417b-926c-d41dd47f079b/build]   | [INFO] Downloaded from central: https://repo.maven.apache.org/maven2/org/eclipse/aether/aether-util/1.0.0.v20140518/aether-util-1.0.0.v20140518.pom (2.2 kB at 122 kB/s)
[34a1c9ed-ee02-417b-926c-d41dd47f079b/build]   | [INFO] Downloading from central: https://repo.maven.apache.org/maven2/org/eclipse/aether/aether-impl/1.0.0.v20140518/aether-impl-1.0.0.v20140518.pom
[34a1c9ed-ee02-417b-926c-d41dd47f079b/build]   | [INFO] Downloaded from central: https://repo.maven.apache.org/maven2/org/eclipse/aether/aether-impl/1.0.0.v20140518/aether-impl-1.0.0.v20140518.pom (3.5 kB at 695 kB/s)
[34a1c9ed-ee02-417b-926c-d41dd47f079b/build]   | [INFO] Downloading from central: https://repo.maven.apache.org/maven2/org/sonatype/sisu/sisu-guice/3.2.3/sisu-guice-3.2.3.pom
[34a1c9ed-ee02-417b-926c-d41dd47f079b/build]   | [INFO] Downloaded from central: https://repo.maven.apache.org/maven2/org/sonatype/sisu/sisu-guice/3.2.3/sisu-guice-3.2.3.pom (11 kB at 1.6 MB/s)
[34a1c9ed-ee02-417b-926c-d41dd47f079b/build]   | [INFO] Downloading from central: https://repo.maven.apache.org/maven2/org/sonatype/sisu/inject/guice-parent/3.2.3/guice-parent-3.2.3.pom
[34a1c9ed-ee02-417b-926c-d41dd47f079b/build]   | [INFO] Downloaded from central: https://repo.maven.apache.org/maven2/org/sonatype/sisu/inject/guice-parent/3.2.3/guice-parent-3.2.3.pom (13 kB at 2.2 MB/s)
[34a1c9ed-ee02-417b-926c-d41dd47f079b/build]   | [INFO] Downloading from central: https://repo.maven.apache.org/maven2/org/sonatype/forge/forge-parent/38/forge-parent-38.pom
[34a1c9ed-ee02-417b-926c-d41dd47f079b/build]   | [INFO] Downloaded from central: https://repo.maven.apache.org/maven2/org/sonatype/forge/forge-parent/38/forge-parent-38.pom (19 kB at 2.3 MB/s)
[34a1c9ed-ee02-417b-926c-d41dd47f079b/build]   | [INFO] Downloading from central: https://repo.maven.apache.org/maven2/aopalliance/aopalliance/1.0/aopalliance-1.0.pom
[34a1c9ed-ee02-417b-926c-d41dd47f079b/build]   | [INFO] Downloaded from central: https://repo.maven.apache.org/maven2/aopalliance/aopalliance/1.0/aopalliance-1.0.pom (363 B at 52 kB/s)
[34a1c9ed-ee02-417b-926c-d41dd47f079b/build]   | [INFO] Downloading from central: https://repo.maven.apache.org/maven2/com/google/guava/guava/16.0.1/guava-16.0.1.pom
[34a1c9ed-ee02-417b-926c-d41dd47f079b/build]   | [INFO] Downloaded from central: https://repo.maven.apache.org/maven2/com/google/guava/guava/16.0.1/guava-16.0.1.pom (6.1 kB at 1.0 MB/s)
[34a1c9ed-ee02-417b-926c-d41dd47f079b/build]   | [INFO] Downloading from central: https://repo.maven.apache.org/maven2/com/google/guava/guava-parent/16.0.1/guava-parent-16.0.1.pom
[34a1c9ed-ee02-417b-926c-d41dd47f079b/build]   | [INFO] Downloaded from central: https://repo.maven.apache.org/maven2/com/google/guava/guava-parent/16.0.1/guava-parent-16.0.1.pom (7.3 kB at 1.2 MB/s)
[34a1c9ed-ee02-417b-926c-d41dd47f079b/build]   | [INFO] Downloading from central: https://repo.maven.apache.org/maven2/org/sonatype/oss/oss-parent/7/oss-parent-7.pom
[34a1c9ed-ee02-417b-926c-d41dd47f079b/build]   | [INFO] Downloaded from central: https://repo.maven.apache.org/maven2/org/sonatype/oss/oss-parent/7/oss-parent-7.pom (4.8 kB at 193 kB/s)
[34a1c9ed-ee02-417b-926c-d41dd47f079b/build]   | [INFO] Downloading from central: https://repo.maven.apache.org/maven2/commons-io/commons-io/2.11.0/commons-io-2.11.0.pom
[34a1c9ed-ee02-417b-926c-d41dd47f079b/build]   | [INFO] Downloaded from central: https://repo.maven.apache.org/maven2/commons-io/commons-io/2.11.0/commons-io-2.11.0.pom (20 kB at 1.5 MB/s)
[34a1c9ed-ee02-417b-926c-d41dd47f079b/build]   | [INFO] Downloading from central: https://repo.maven.apache.org/maven2/org/apache/commons/commons-parent/52/commons-parent-52.pom
[34a1c9ed-ee02-417b-926c-d41dd47f079b/build]   | [INFO] Downloaded from central: https://repo.maven.apache.org/maven2/org/apache/commons/commons-parent/52/commons-parent-52.pom (79 kB at 13 MB/s)
[34a1c9ed-ee02-417b-926c-d41dd47f079b/build]   | [INFO] Downloading from central: https://repo.maven.apache.org/maven2/org/junit/junit-bom/5.7.2/junit-bom-5.7.2.pom
[34a1c9ed-ee02-417b-926c-d41dd47f079b/build]   | [INFO] Downloaded from central: https://repo.maven.apache.org/maven2/org/junit/junit-bom/5.7.2/junit-bom-5.7.2.pom (5.1 kB at 1.0 MB/s)
[34a1c9ed-ee02-417b-926c-d41dd47f079b/build]   | [INFO] Downloading from central: https://repo.maven.apache.org/maven2/org/apache/maven/surefire/maven-surefire-common/3.0.0-M7/maven-surefire-common-3.0.0-M7.jar
[34a1c9ed-ee02-417b-926c-d41dd47f079b/build]   | [INFO] Downloading from central: https://repo.maven.apache.org/maven2/org/apache/maven/surefire/surefire-api/3.0.0-M7/surefire-api-3.0.0-M7.jar
[34a1c9ed-ee02-417b-926c-d41dd47f079b/build]   | [INFO] Downloading from central: https://repo.maven.apache.org/maven2/org/apache/maven/surefire/surefire-logger-api/3.0.0-M7/surefire-logger-api-3.0.0-M7.jar
[34a1c9ed-ee02-417b-926c-d41dd47f079b/build]   | [INFO] Downloading from central: https://repo.maven.apache.org/maven2/org/apache/maven/surefire/surefire-extensions-api/3.0.0-M7/surefire-extensions-api-3.0.0-M7.jar
[34a1c9ed-ee02-417b-926c-d41dd47f079b/build]   | [INFO] Downloading from central: https://repo.maven.apache.org/maven2/org/apache/maven/surefire/surefire-booter/3.0.0-M7/surefire-booter-3.0.0-M7.jar
[34a1c9ed-ee02-417b-926c-d41dd47f079b/build]   | [INFO] Downloaded from central: https://repo.maven.apache.org/maven2/org/apache/maven/surefire/maven-surefire-common/3.0.0-M7/maven-surefire-common-3.0.0-M7.jar (305 kB at 22 MB/s)
[34a1c9ed-ee02-417b-926c-d41dd47f079b/build]   | [INFO] Downloaded from central: https://repo.maven.apache.org/maven2/org/apache/maven/surefire/surefire-logger-api/3.0.0-M7/surefire-logger-api-3.0.0-M7.jar (14 kB at 1.1 MB/s)
[34a1c9ed-ee02-417b-926c-d41dd47f079b/build]   | [INFO] Downloading from central: https://repo.maven.apache.org/maven2/org/apache/maven/surefire/surefire-extensions-spi/3.0.0-M7/surefire-extensions-spi-3.0.0-M7.jar
[34a1c9ed-ee02-417b-926c-d41dd47f079b/build]   | [INFO] Downloading from central: https://repo.maven.apache.org/maven2/org/apache/maven/shared/maven-common-artifact-filters/3.1.1/maven-common-artifact-filters-3.1.1.jar
[34a1c9ed-ee02-417b-926c-d41dd47f079b/build]   | [INFO] Downloaded from central: https://repo.maven.apache.org/maven2/org/apache/maven/surefire/surefire-extensions-api/3.0.0-M7/surefire-extensions-api-3.0.0-M7.jar (25 kB at 2.1 MB/s)
[34a1c9ed-ee02-417b-926c-d41dd47f079b/build]   | [INFO] Downloading from central: https://repo.maven.apache.org/maven2/commons-io/commons-io/2.11.0/commons-io-2.11.0.jar
[34a1c9ed-ee02-417b-926c-d41dd47f079b/build]   | [INFO] Downloaded from central: https://repo.maven.apache.org/maven2/org/apache/maven/surefire/surefire-api/3.0.0-M7/surefire-api-3.0.0-M7.jar (169 kB at 9.9 MB/s)
[34a1c9ed-ee02-417b-926c-d41dd47f079b/build]   | [INFO] Downloading from central: https://repo.maven.apache.org/maven2/org/apache/maven/surefire/surefire-shared-utils/3.0.0-M7/surefire-shared-utils-3.0.0-M7.jar
[34a1c9ed-ee02-417b-926c-d41dd47f079b/build]   | [INFO] Downloaded from central: https://repo.maven.apache.org/maven2/org/apache/maven/surefire/surefire-extensions-spi/3.0.0-M7/surefire-extensions-spi-3.0.0-M7.jar (8.1 kB at 384 kB/s)
[34a1c9ed-ee02-417b-926c-d41dd47f079b/build]   | [INFO] Downloaded from central: https://repo.maven.apache.org/maven2/org/apache/maven/shared/maven-common-artifact-filters/3.1.1/maven-common-artifact-filters-3.1.1.jar (61 kB at 2.9 MB/s)
[34a1c9ed-ee02-417b-926c-d41dd47f079b/build]   | [INFO] Downloaded from central: https://repo.maven.apache.org/maven2/org/apache/maven/surefire/surefire-booter/3.0.0-M7/surefire-booter-3.0.0-M7.jar (117 kB at 5.6 MB/s)
[34a1c9ed-ee02-417b-926c-d41dd47f079b/build]   | [INFO] Downloaded from central: https://repo.maven.apache.org/maven2/commons-io/commons-io/2.11.0/commons-io-2.11.0.jar (327 kB at 10 MB/s)
[34a1c9ed-ee02-417b-926c-d41dd47f079b/build]   | [INFO] Downloaded from central: https://repo.maven.apache.org/maven2/org/apache/maven/surefire/surefire-shared-utils/3.0.0-M7/surefire-shared-utils-3.0.0-M7.jar (2.1 MB at 33 MB/s)
[34a1c9ed-ee02-417b-926c-d41dd47f079b/build]   | [INFO] Using auto detected provider org.apache.maven.surefire.junitplatform.JUnitPlatformProvider
[34a1c9ed-ee02-417b-926c-d41dd47f079b/build]   | [INFO] Downloading from central: https://repo.maven.apache.org/maven2/org/apache/maven/surefire/surefire-junit-platform/3.0.0-M7/surefire-junit-platform-3.0.0-M7.jar
[34a1c9ed-ee02-417b-926c-d41dd47f079b/build]   | [INFO] Downloaded from central: https://repo.maven.apache.org/maven2/org/apache/maven/surefire/surefire-junit-platform/3.0.0-M7/surefire-junit-platform-3.0.0-M7.jar (26 kB at 1.6 MB/s)
[34a1c9ed-ee02-417b-926c-d41dd47f079b/build]   | [INFO] Downloading from central: https://repo.maven.apache.org/maven2/org/apache/maven/surefire/surefire-junit-platform/3.0.0-M7/surefire-junit-platform-3.0.0-M7.pom
[34a1c9ed-ee02-417b-926c-d41dd47f079b/build]   | [INFO] Downloaded from central: https://repo.maven.apache.org/maven2/org/apache/maven/surefire/surefire-junit-platform/3.0.0-M7/surefire-junit-platform-3.0.0-M7.pom (5.3 kB at 529 kB/s)
[34a1c9ed-ee02-417b-926c-d41dd47f079b/build]   | [INFO] Downloading from central: https://repo.maven.apache.org/maven2/org/apache/maven/surefire/surefire-providers/3.0.0-M7/surefire-providers-3.0.0-M7.pom
[34a1c9ed-ee02-417b-926c-d41dd47f079b/build]   | [INFO] Downloaded from central: https://repo.maven.apache.org/maven2/org/apache/maven/surefire/surefire-providers/3.0.0-M7/surefire-providers-3.0.0-M7.pom (2.5 kB at 211 kB/s)
[34a1c9ed-ee02-417b-926c-d41dd47f079b/build]   | [INFO] Downloading from central: https://repo.maven.apache.org/maven2/org/apache/maven/surefire/common-java5/3.0.0-M7/common-java5-3.0.0-M7.pom
[34a1c9ed-ee02-417b-926c-d41dd47f079b/build]   | [INFO] Downloaded from central: https://repo.maven.apache.org/maven2/org/apache/maven/surefire/common-java5/3.0.0-M7/common-java5-3.0.0-M7.pom (2.7 kB at 245 kB/s)
[34a1c9ed-ee02-417b-926c-d41dd47f079b/build]   | [INFO] Downloading from central: https://repo.maven.apache.org/maven2/org/junit/platform/junit-platform-launcher/1.3.2/junit-platform-launcher-1.3.2.pom
[34a1c9ed-ee02-417b-926c-d41dd47f079b/build]   | [INFO] Downloaded from central: https://repo.maven.apache.org/maven2/org/junit/platform/junit-platform-launcher/1.3.2/junit-platform-launcher-1.3.2.pom (2.2 kB at 246 kB/s)
[34a1c9ed-ee02-417b-926c-d41dd47f079b/build]   | [INFO] Downloading from central: https://repo.maven.apache.org/maven2/org/apiguardian/apiguardian-api/1.0.0/apiguardian-api-1.0.0.pom
[34a1c9ed-ee02-417b-926c-d41dd47f079b/build]   | [INFO] Downloaded from central: https://repo.maven.apache.org/maven2/org/apiguardian/apiguardian-api/1.0.0/apiguardian-api-1.0.0.pom (1.2 kB at 106 kB/s)
[34a1c9ed-ee02-417b-926c-d41dd47f079b/build]   | [INFO] Downloading from central: https://repo.maven.apache.org/maven2/org/junit/platform/junit-platform-engine/1.3.2/junit-platform-engine-1.3.2.pom
[34a1c9ed-ee02-417b-926c-d41dd47f079b/build]   | [INFO] Downloaded from central: https://repo.maven.apache.org/maven2/org/junit/platform/junit-platform-engine/1.3.2/junit-platform-engine-1.3.2.pom (2.4 kB at 184 kB/s)
[34a1c9ed-ee02-417b-926c-d41dd47f079b/build]   | [INFO] Downloading from central: https://repo.maven.apache.org/maven2/org/junit/platform/junit-platform-commons/1.3.2/junit-platform-commons-1.3.2.pom
[34a1c9ed-ee02-417b-926c-d41dd47f079b/build]   | [INFO] Downloaded from central: https://repo.maven.apache.org/maven2/org/junit/platform/junit-platform-commons/1.3.2/junit-platform-commons-1.3.2.pom (2.0 kB at 202 kB/s)
[34a1c9ed-ee02-417b-926c-d41dd47f079b/build]   | [INFO] Downloading from central: https://repo.maven.apache.org/maven2/org/opentest4j/opentest4j/1.1.1/opentest4j-1.1.1.pom
[34a1c9ed-ee02-417b-926c-d41dd47f079b/build]   | [INFO] Downloaded from central: https://repo.maven.apache.org/maven2/org/opentest4j/opentest4j/1.1.1/opentest4j-1.1.1.pom (1.7 kB at 240 kB/s)
[34a1c9ed-ee02-417b-926c-d41dd47f079b/build]   | [INFO] Downloading from central: https://repo.maven.apache.org/maven2/org/junit/jupiter/junit-jupiter-engine/5.3.2/junit-jupiter-engine-5.3.2.pom
[34a1c9ed-ee02-417b-926c-d41dd47f079b/build]   | [INFO] Downloaded from central: https://repo.maven.apache.org/maven2/org/junit/jupiter/junit-jupiter-engine/5.3.2/junit-jupiter-engine-5.3.2.pom (2.4 kB at 171 kB/s)
[34a1c9ed-ee02-417b-926c-d41dd47f079b/build]   | [INFO] Downloading from central: https://repo.maven.apache.org/maven2/org/junit/jupiter/junit-jupiter-api/5.3.2/junit-jupiter-api-5.3.2.pom
[34a1c9ed-ee02-417b-926c-d41dd47f079b/build]   | [INFO] Downloaded from central: https://repo.maven.apache.org/maven2/org/junit/jupiter/junit-jupiter-api/5.3.2/junit-jupiter-api-5.3.2.pom (2.4 kB at 297 kB/s)
[34a1c9ed-ee02-417b-926c-d41dd47f079b/build]   | [INFO] Downloading from central: https://repo.maven.apache.org/maven2/org/junit/jupiter/junit-jupiter-params/5.3.2/junit-jupiter-params-5.3.2.pom
[34a1c9ed-ee02-417b-926c-d41dd47f079b/build]   | [INFO] Downloaded from central: https://repo.maven.apache.org/maven2/org/junit/jupiter/junit-jupiter-params/5.3.2/junit-jupiter-params-5.3.2.pom (2.2 kB at 200 kB/s)
[34a1c9ed-ee02-417b-926c-d41dd47f079b/build]   | [INFO] Downloading from central: https://repo.maven.apache.org/maven2/org/mockito/mockito-core/2.28.2/mockito-core-2.28.2.pom
[34a1c9ed-ee02-417b-926c-d41dd47f079b/build]   | [INFO] Downloaded from central: https://repo.maven.apache.org/maven2/org/mockito/mockito-core/2.28.2/mockito-core-2.28.2.pom (20 kB at 2.2 MB/s)
[34a1c9ed-ee02-417b-926c-d41dd47f079b/build]   | [INFO] Downloading from central: https://repo.maven.apache.org/maven2/net/bytebuddy/byte-buddy/1.9.10/byte-buddy-1.9.10.pom
[34a1c9ed-ee02-417b-926c-d41dd47f079b/build]   | [INFO] Downloaded from central: https://repo.maven.apache.org/maven2/net/bytebuddy/byte-buddy/1.9.10/byte-buddy-1.9.10.pom (10 kB at 2.1 MB/s)
[34a1c9ed-ee02-417b-926c-d41dd47f079b/build]   | [INFO] Downloading from central: https://repo.maven.apache.org/maven2/net/bytebuddy/byte-buddy-parent/1.9.10/byte-buddy-parent-1.9.10.pom
[34a1c9ed-ee02-417b-926c-d41dd47f079b/build]   | [INFO] Downloaded from central: https://repo.maven.apache.org/maven2/net/bytebuddy/byte-buddy-parent/1.9.10/byte-buddy-parent-1.9.10.pom (36 kB at 4.0 MB/s)
[34a1c9ed-ee02-417b-926c-d41dd47f079b/build]   | [INFO] Downloading from central: https://repo.maven.apache.org/maven2/net/bytebuddy/byte-buddy-agent/1.9.10/byte-buddy-agent-1.9.10.pom
[34a1c9ed-ee02-417b-926c-d41dd47f079b/build]   | [INFO] Downloaded from central: https://repo.maven.apache.org/maven2/net/bytebuddy/byte-buddy-agent/1.9.10/byte-buddy-agent-1.9.10.pom (6.0 kB at 754 kB/s)
[34a1c9ed-ee02-417b-926c-d41dd47f079b/build]   | [INFO] Downloading from central: https://repo.maven.apache.org/maven2/org/objenesis/objenesis/2.6/objenesis-2.6.pom
[34a1c9ed-ee02-417b-926c-d41dd47f079b/build]   | [INFO] Downloaded from central: https://repo.maven.apache.org/maven2/org/objenesis/objenesis/2.6/objenesis-2.6.pom (2.8 kB at 278 kB/s)
[34a1c9ed-ee02-417b-926c-d41dd47f079b/build]   | [INFO] Downloading from central: https://repo.maven.apache.org/maven2/org/objenesis/objenesis-parent/2.6/objenesis-parent-2.6.pom
[34a1c9ed-ee02-417b-926c-d41dd47f079b/build]   | [INFO] Downloaded from central: https://repo.maven.apache.org/maven2/org/objenesis/objenesis-parent/2.6/objenesis-parent-2.6.pom (17 kB at 1.7 MB/s)
[34a1c9ed-ee02-417b-926c-d41dd47f079b/build]   | [INFO] Downloading from central: https://repo.maven.apache.org/maven2/org/powermock/powermock-reflect/2.0.9/powermock-reflect-2.0.9.pom
[34a1c9ed-ee02-417b-926c-d41dd47f079b/build]   | [INFO] Downloaded from central: https://repo.maven.apache.org/maven2/org/powermock/powermock-reflect/2.0.9/powermock-reflect-2.0.9.pom (7.9 kB at 656 kB/s)
[34a1c9ed-ee02-417b-926c-d41dd47f079b/build]   | [INFO] Downloading from central: https://repo.maven.apache.org/maven2/net/bytebuddy/byte-buddy/1.10.14/byte-buddy-1.10.14.pom
[34a1c9ed-ee02-417b-926c-d41dd47f079b/build]   | [INFO] Downloaded from central: https://repo.maven.apache.org/maven2/net/bytebuddy/byte-buddy/1.10.14/byte-buddy-1.10.14.pom (11 kB at 1.0 MB/s)
[34a1c9ed-ee02-417b-926c-d41dd47f079b/build]   | [INFO] Downloading from central: https://repo.maven.apache.org/maven2/net/bytebuddy/byte-buddy-parent/1.10.14/byte-buddy-parent-1.10.14.pom
[34a1c9ed-ee02-417b-926c-d41dd47f079b/build]   | [INFO] Downloaded from central: https://repo.maven.apache.org/maven2/net/bytebuddy/byte-buddy-parent/1.10.14/byte-buddy-parent-1.10.14.pom (41 kB at 3.7 MB/s)
[34a1c9ed-ee02-417b-926c-d41dd47f079b/build]   | [INFO] Downloading from central: https://repo.maven.apache.org/maven2/net/bytebuddy/byte-buddy-agent/1.10.14/byte-buddy-agent-1.10.14.pom
[34a1c9ed-ee02-417b-926c-d41dd47f079b/build]   | [INFO] Downloaded from central: https://repo.maven.apache.org/maven2/net/bytebuddy/byte-buddy-agent/1.10.14/byte-buddy-agent-1.10.14.pom (9.6 kB at 1.2 MB/s)
[34a1c9ed-ee02-417b-926c-d41dd47f079b/build]   | [INFO] Downloading from central: https://repo.maven.apache.org/maven2/junit/junit/4.13.2/junit-4.13.2.pom
[34a1c9ed-ee02-417b-926c-d41dd47f079b/build]   | [INFO] Downloaded from central: https://repo.maven.apache.org/maven2/junit/junit/4.13.2/junit-4.13.2.pom (27 kB at 3.4 MB/s)
[34a1c9ed-ee02-417b-926c-d41dd47f079b/build]   | [INFO] Downloading from central: https://repo.maven.apache.org/maven2/org/hamcrest/hamcrest-library/1.3/hamcrest-library-1.3.pom
[34a1c9ed-ee02-417b-926c-d41dd47f079b/build]   | [INFO] Downloaded from central: https://repo.maven.apache.org/maven2/org/hamcrest/hamcrest-library/1.3/hamcrest-library-1.3.pom (820 B at 102 kB/s)
[34a1c9ed-ee02-417b-926c-d41dd47f079b/build]   | [INFO] Downloading from central: https://repo.maven.apache.org/maven2/org/hamcrest/hamcrest-parent/1.3/hamcrest-parent-1.3.pom
[34a1c9ed-ee02-417b-926c-d41dd47f079b/build]   | [INFO] Downloaded from central: https://repo.maven.apache.org/maven2/org/hamcrest/hamcrest-parent/1.3/hamcrest-parent-1.3.pom (2.0 kB at 329 kB/s)
[34a1c9ed-ee02-417b-926c-d41dd47f079b/build]   | [INFO] Downloading from central: https://repo.maven.apache.org/maven2/org/hamcrest/hamcrest-core/1.3/hamcrest-core-1.3.pom
[34a1c9ed-ee02-417b-926c-d41dd47f079b/build]   | [INFO] Downloaded from central: https://repo.maven.apache.org/maven2/org/hamcrest/hamcrest-core/1.3/hamcrest-core-1.3.pom (766 B at 192 kB/s)
[34a1c9ed-ee02-417b-926c-d41dd47f079b/build]   | [INFO] Downloading from central: https://repo.maven.apache.org/maven2/org/assertj/assertj-core/3.22.0/assertj-core-3.22.0.pom
[34a1c9ed-ee02-417b-926c-d41dd47f079b/build]   | [INFO] Downloaded from central: https://repo.maven.apache.org/maven2/org/assertj/assertj-core/3.22.0/assertj-core-3.22.0.pom (31 kB at 2.4 MB/s)
[34a1c9ed-ee02-417b-926c-d41dd47f079b/build]   | [INFO] Downloading from central: https://repo.maven.apache.org/maven2/org/assertj/assertj-parent-pom/2.2.14/assertj-parent-pom-2.2.14.pom
[34a1c9ed-ee02-417b-926c-d41dd47f079b/build]   | [INFO] Downloaded from central: https://repo.maven.apache.org/maven2/org/assertj/assertj-parent-pom/2.2.14/assertj-parent-pom-2.2.14.pom (25 kB at 1.5 MB/s)
[34a1c9ed-ee02-417b-926c-d41dd47f079b/build]   | [INFO] Downloading from central: https://repo.maven.apache.org/maven2/org/junit/junit-bom/5.8.0/junit-bom-5.8.0.pom
[34a1c9ed-ee02-417b-926c-d41dd47f079b/build]   | [INFO] Downloaded from central: https://repo.maven.apache.org/maven2/org/junit/junit-bom/5.8.0/junit-bom-5.8.0.pom (5.6 kB at 626 kB/s)
[34a1c9ed-ee02-417b-926c-d41dd47f079b/build]   | [INFO] Downloading from central: https://repo.maven.apache.org/maven2/org/apache/maven/surefire/common-java5/3.0.0-M7/common-java5-3.0.0-M7.jar
[34a1c9ed-ee02-417b-926c-d41dd47f079b/build]   | [INFO] Downloading from central: https://repo.maven.apache.org/maven2/org/junit/platform/junit-platform-launcher/1.3.2/junit-platform-launcher-1.3.2.jar
[34a1c9ed-ee02-417b-926c-d41dd47f079b/build]   | [INFO] Downloading from central: https://repo.maven.apache.org/maven2/org/junit/platform/junit-platform-engine/1.3.2/junit-platform-engine-1.3.2.jar
[34a1c9ed-ee02-417b-926c-d41dd47f079b/build]   | [INFO] Downloading from central: https://repo.maven.apache.org/maven2/org/apiguardian/apiguardian-api/1.0.0/apiguardian-api-1.0.0.jar
[34a1c9ed-ee02-417b-926c-d41dd47f079b/build]   | [INFO] Downloaded from central: https://repo.maven.apache.org/maven2/org/apache/maven/surefire/common-java5/3.0.0-M7/common-java5-3.0.0-M7.jar (17 kB at 1.6 MB/s)
[34a1c9ed-ee02-417b-926c-d41dd47f079b/build]   | [INFO] Downloading from central: https://repo.maven.apache.org/maven2/org/junit/platform/junit-platform-commons/1.3.2/junit-platform-commons-1.3.2.jar
[34a1c9ed-ee02-417b-926c-d41dd47f079b/build]   | [INFO] Downloading from central: https://repo.maven.apache.org/maven2/org/opentest4j/opentest4j/1.1.1/opentest4j-1.1.1.jar
[34a1c9ed-ee02-417b-926c-d41dd47f079b/build]   | [INFO] Downloaded from central: https://repo.maven.apache.org/maven2/org/junit/platform/junit-platform-launcher/1.3.2/junit-platform-launcher-1.3.2.jar (95 kB at 6.8 MB/s)
[34a1c9ed-ee02-417b-926c-d41dd47f079b/build]   | [INFO] Downloaded from central: https://repo.maven.apache.org/maven2/org/junit/platform/junit-platform-engine/1.3.2/junit-platform-engine-1.3.2.jar (138 kB at 12 MB/s)
[34a1c9ed-ee02-417b-926c-d41dd47f079b/build]   | [INFO] Downloaded from central: https://repo.maven.apache.org/maven2/org/junit/platform/junit-platform-commons/1.3.2/junit-platform-commons-1.3.2.jar (78 kB at 6.5 MB/s)
[34a1c9ed-ee02-417b-926c-d41dd47f079b/build]   | [INFO] Downloaded from central: https://repo.maven.apache.org/maven2/org/opentest4j/opentest4j/1.1.1/opentest4j-1.1.1.jar (7.1 kB at 791 kB/s)
[34a1c9ed-ee02-417b-926c-d41dd47f079b/build]   | [INFO] Downloaded from central: https://repo.maven.apache.org/maven2/org/apiguardian/apiguardian-api/1.0.0/apiguardian-api-1.0.0.jar (2.2 kB at 80 kB/s)
[34a1c9ed-ee02-417b-926c-d41dd47f079b/build]   | [INFO] Downloading from central: https://repo.maven.apache.org/maven2/org/junit/platform/junit-platform-launcher/1.9.2/junit-platform-launcher-1.9.2.jar
[34a1c9ed-ee02-417b-926c-d41dd47f079b/build]   | [INFO] Downloaded from central: https://repo.maven.apache.org/maven2/org/junit/platform/junit-platform-launcher/1.9.2/junit-platform-launcher-1.9.2.jar (169 kB at 17 MB/s)
[34a1c9ed-ee02-417b-926c-d41dd47f079b/build]   | [INFO] Downloading from central: https://repo.maven.apache.org/maven2/org/junit/platform/junit-platform-launcher/1.9.2/junit-platform-launcher-1.9.2.pom
[34a1c9ed-ee02-417b-926c-d41dd47f079b/build]   | [INFO] Downloaded from central: https://repo.maven.apache.org/maven2/org/junit/platform/junit-platform-launcher/1.9.2/junit-platform-launcher-1.9.2.pom (3.0 kB at 504 kB/s)
[34a1c9ed-ee02-417b-926c-d41dd47f079b/build]   | [INFO] 
[34a1c9ed-ee02-417b-926c-d41dd47f079b/build]   | [INFO] -------------------------------------------------------
[34a1c9ed-ee02-417b-926c-d41dd47f079b/build]   | [INFO]  T E S T S
[34a1c9ed-ee02-417b-926c-d41dd47f079b/build]   | [INFO] -------------------------------------------------------
[34a1c9ed-ee02-417b-926c-d41dd47f079b/build]   | [INFO] Running net.e175.klaus.solarpositioning.SPATest
[34a1c9ed-ee02-417b-926c-d41dd47f079b/build]   | [INFO] Tests run: 516, Failures: 0, Errors: 0, Skipped: 0, Time elapsed: 1.361 s - in net.e175.klaus.solarpositioning.SPATest
[34a1c9ed-ee02-417b-926c-d41dd47f079b/build]   | [INFO] Running net.e175.klaus.solarpositioning.JulianDateTest
[34a1c9ed-ee02-417b-926c-d41dd47f079b/build]   | [INFO] Tests run: 8, Failures: 0, Errors: 0, Skipped: 0, Time elapsed: 0.021 s - in net.e175.klaus.solarpositioning.JulianDateTest
[34a1c9ed-ee02-417b-926c-d41dd47f079b/build]   | [INFO] Running net.e175.klaus.solarpositioning.Grena3Test
[34a1c9ed-ee02-417b-926c-d41dd47f079b/build]   | [WARNING] Tests run: 517, Failures: 0, Errors: 0, Skipped: 256, Time elapsed: 0.698 s - in net.e175.klaus.solarpositioning.Grena3Test
[34a1c9ed-ee02-417b-926c-d41dd47f079b/build]   | [INFO] Running net.e175.klaus.solarpositioning.SPASunriseTransitSetTest
[34a1c9ed-ee02-417b-926c-d41dd47f079b/build]   | [INFO] Tests run: 353, Failures: 0, Errors: 0, Skipped: 0, Time elapsed: 0.471 s - in net.e175.klaus.solarpositioning.SPASunriseTransitSetTest
[34a1c9ed-ee02-417b-926c-d41dd47f079b/build]   | [INFO] Running net.e175.klaus.solarpositioning.DeltaTTest
[34a1c9ed-ee02-417b-926c-d41dd47f079b/build]   | [ERROR] Tests run: 2, Failures: 1, Errors: 0, Skipped: 0, Time elapsed: 0.002 s <<< FAILURE! - in net.e175.klaus.solarpositioning.DeltaTTest
[34a1c9ed-ee02-417b-926c-d41dd47f079b/build]   | [ERROR] net.e175.klaus.solarpositioning.DeltaTTest.testObservedValues  Time elapsed: 0.002 s  <<< FAILURE!
[34a1c9ed-ee02-417b-926c-d41dd47f079b/build]   | org.opentest4j.AssertionFailedError: expected: <67.6439> but was: <69.03049470312504>
[34a1c9ed-ee02-417b-926c-d41dd47f079b/build]   | 	at org.junit.jupiter.api.AssertionFailureBuilder.build(AssertionFailureBuilder.java:151)
[34a1c9ed-ee02-417b-926c-d41dd47f079b/build]   | 	at org.junit.jupiter.api.AssertionFailureBuilder.buildAndThrow(AssertionFailureBuilder.java:132)
[34a1c9ed-ee02-417b-926c-d41dd47f079b/build]   | 	at org.junit.jupiter.api.AssertEquals.failNotEqual(AssertEquals.java:197)
[34a1c9ed-ee02-417b-926c-d41dd47f079b/build]   | 	at org.junit.jupiter.api.AssertEquals.assertEquals(AssertEquals.java:86)
[34a1c9ed-ee02-417b-926c-d41dd47f079b/build]   | 	at org.junit.jupiter.api.AssertEquals.assertEquals(AssertEquals.java:81)
[34a1c9ed-ee02-417b-926c-d41dd47f079b/build]   | 	at org.junit.jupiter.api.Assertions.assertEquals(Assertions.java:1011)
[34a1c9ed-ee02-417b-926c-d41dd47f079b/build]   | 	at net.e175.klaus.solarpositioning.DeltaTTest.testObservedValues(DeltaTTest.java:60)
[34a1c9ed-ee02-417b-926c-d41dd47f079b/build]   | 	at java.base/jdk.internal.reflect.NativeMethodAccessorImpl.invoke0(Native Method)
[34a1c9ed-ee02-417b-926c-d41dd47f079b/build]   | 	at java.base/jdk.internal.reflect.NativeMethodAccessorImpl.invoke(NativeMethodAccessorImpl.java:77)
[34a1c9ed-ee02-417b-926c-d41dd47f079b/build]   | 	at java.base/jdk.internal.reflect.DelegatingMethodAccessorImpl.invoke(DelegatingMethodAccessorImpl.java:43)
[34a1c9ed-ee02-417b-926c-d41dd47f079b/build]   | 	at java.base/java.lang.reflect.Method.invoke(Method.java:568)
[34a1c9ed-ee02-417b-926c-d41dd47f079b/build]   | 	at org.junit.platform.commons.util.ReflectionUtils.invokeMethod(ReflectionUtils.java:727)
[34a1c9ed-ee02-417b-926c-d41dd47f079b/build]   | 	at org.junit.jupiter.engine.execution.MethodInvocation.proceed(MethodInvocation.java:60)
[34a1c9ed-ee02-417b-926c-d41dd47f079b/build]   | 	at org.junit.jupiter.engine.execution.InvocationInterceptorChain$ValidatingInvocation.proceed(InvocationInterceptorChain.java:131)
[34a1c9ed-ee02-417b-926c-d41dd47f079b/build]   | 	at org.junit.jupiter.engine.extension.TimeoutExtension.intercept(TimeoutExtension.java:156)
[34a1c9ed-ee02-417b-926c-d41dd47f079b/build]   | 	at org.junit.jupiter.engine.extension.TimeoutExtension.interceptTestableMethod(TimeoutExtension.java:147)
[34a1c9ed-ee02-417b-926c-d41dd47f079b/build]   | 	at org.junit.jupiter.engine.extension.TimeoutExtension.interceptTestMethod(TimeoutExtension.java:86)
[34a1c9ed-ee02-417b-926c-d41dd47f079b/build]   | 	at org.junit.jupiter.engine.execution.InterceptingExecutableInvoker$ReflectiveInterceptorCall.lambda$ofVoidMethod$0(InterceptingExecutableInvoker.java:103)
[34a1c9ed-ee02-417b-926c-d41dd47f079b/build]   | 	at org.junit.jupiter.engine.execution.InterceptingExecutableInvoker.lambda$invoke$0(InterceptingExecutableInvoker.java:93)
[34a1c9ed-ee02-417b-926c-d41dd47f079b/build]   | 	at org.junit.jupiter.engine.execution.InvocationInterceptorChain$InterceptedInvocation.proceed(InvocationInterceptorChain.java:106)
[34a1c9ed-ee02-417b-926c-d41dd47f079b/build]   | 	at org.junit.jupiter.engine.execution.InvocationInterceptorChain.proceed(InvocationInterceptorChain.java:64)
[34a1c9ed-ee02-417b-926c-d41dd47f079b/build]   | 	at org.junit.jupiter.engine.execution.InvocationInterceptorChain.chainAndInvoke(InvocationInterceptorChain.java:45)
[34a1c9ed-ee02-417b-926c-d41dd47f079b/build]   | 	at org.junit.jupiter.engine.execution.InvocationInterceptorChain.invoke(InvocationInterceptorChain.java:37)
[34a1c9ed-ee02-417b-926c-d41dd47f079b/build]   | 	at org.junit.jupiter.engine.execution.InterceptingExecutableInvoker.invoke(InterceptingExecutableInvoker.java:92)
[34a1c9ed-ee02-417b-926c-d41dd47f079b/build]   | 	at org.junit.jupiter.engine.execution.InterceptingExecutableInvoker.invoke(InterceptingExecutableInvoker.java:86)
[34a1c9ed-ee02-417b-926c-d41dd47f079b/build]   | 	at org.junit.jupiter.engine.descriptor.TestMethodTestDescriptor.lambda$invokeTestMethod$7(TestMethodTestDescriptor.java:217)
[34a1c9ed-ee02-417b-926c-d41dd47f079b/build]   | 	at org.junit.platform.engine.support.hierarchical.ThrowableCollector.execute(ThrowableCollector.java:73)
[34a1c9ed-ee02-417b-926c-d41dd47f079b/build]   | 	at org.junit.jupiter.engine.descriptor.TestMethodTestDescriptor.invokeTestMethod(TestMethodTestDescriptor.java:213)
[34a1c9ed-ee02-417b-926c-d41dd47f079b/build]   | 	at org.junit.jupiter.engine.descriptor.TestMethodTestDescriptor.execute(TestMethodTestDescriptor.java:138)
[34a1c9ed-ee02-417b-926c-d41dd47f079b/build]   | 	at org.junit.jupiter.engine.descriptor.TestMethodTestDescriptor.execute(TestMethodTestDescriptor.java:68)
[34a1c9ed-ee02-417b-926c-d41dd47f079b/build]   | 	at org.junit.platform.engine.support.hierarchical.NodeTestTask.lambda$executeRecursively$6(NodeTestTask.java:151)
[34a1c9ed-ee02-417b-926c-d41dd47f079b/build]   | 	at org.junit.platform.engine.support.hierarchical.ThrowableCollector.execute(ThrowableCollector.java:73)
[34a1c9ed-ee02-417b-926c-d41dd47f079b/build]   | 	at org.junit.platform.engine.support.hierarchical.NodeTestTask.lambda$executeRecursively$8(NodeTestTask.java:141)
[34a1c9ed-ee02-417b-926c-d41dd47f079b/build]   | 	at org.junit.platform.engine.support.hierarchical.Node.around(Node.java:137)
[34a1c9ed-ee02-417b-926c-d41dd47f079b/build]   | 	at org.junit.platform.engine.support.hierarchical.NodeTestTask.lambda$executeRecursively$9(NodeTestTask.java:139)
[34a1c9ed-ee02-417b-926c-d41dd47f079b/build]   | 	at org.junit.platform.engine.support.hierarchical.ThrowableCollector.execute(ThrowableCollector.java:73)
[34a1c9ed-ee02-417b-926c-d41dd47f079b/build]   | 	at org.junit.platform.engine.support.hierarchical.NodeTestTask.executeRecursively(NodeTestTask.java:138)
[34a1c9ed-ee02-417b-926c-d41dd47f079b/build]   | 	at org.junit.platform.engine.support.hierarchical.NodeTestTask.execute(NodeTestTask.java:95)
[34a1c9ed-ee02-417b-926c-d41dd47f079b/build]   | 	at java.base/java.util.ArrayList.forEach(ArrayList.java:1511)
[34a1c9ed-ee02-417b-926c-d41dd47f079b/build]   | 	at org.junit.platform.engine.support.hierarchical.SameThreadHierarchicalTestExecutorService.invokeAll(SameThreadHierarchicalTestExecutorService.java:41)
[34a1c9ed-ee02-417b-926c-d41dd47f079b/build]   | 	at org.junit.platform.engine.support.hierarchical.NodeTestTask.lambda$executeRecursively$6(NodeTestTask.java:155)
[34a1c9ed-ee02-417b-926c-d41dd47f079b/build]   | 	at org.junit.platform.engine.support.hierarchical.ThrowableCollector.execute(ThrowableCollector.java:73)
[34a1c9ed-ee02-417b-926c-d41dd47f079b/build]   | 	at org.junit.platform.engine.support.hierarchical.NodeTestTask.lambda$executeRecursively$8(NodeTestTask.java:141)
[34a1c9ed-ee02-417b-926c-d41dd47f079b/build]   | 	at org.junit.platform.engine.support.hierarchical.Node.around(Node.java:137)
[34a1c9ed-ee02-417b-926c-d41dd47f079b/build]   | 	at org.junit.platform.engine.support.hierarchical.NodeTestTask.lambda$executeRecursively$9(NodeTestTask.java:139)
[34a1c9ed-ee02-417b-926c-d41dd47f079b/build]   | 	at org.junit.platform.engine.support.hierarchical.ThrowableCollector.execute(ThrowableCollector.java:73)
[34a1c9ed-ee02-417b-926c-d41dd47f079b/build]   | 	at org.junit.platform.engine.support.hierarchical.NodeTestTask.executeRecursively(NodeTestTask.java:138)
[34a1c9ed-ee02-417b-926c-d41dd47f079b/build]   | 	at org.junit.platform.engine.support.hierarchical.NodeTestTask.execute(NodeTestTask.java:95)
[34a1c9ed-ee02-417b-926c-d41dd47f079b/build]   | 	at java.base/java.util.ArrayList.forEach(ArrayList.java:1511)
[34a1c9ed-ee02-417b-926c-d41dd47f079b/build]   | 	at org.junit.platform.engine.support.hierarchical.SameThreadHierarchicalTestExecutorService.invokeAll(SameThreadHierarchicalTestExecutorService.java:41)
[34a1c9ed-ee02-417b-926c-d41dd47f079b/build]   | 	at org.junit.platform.engine.support.hierarchical.NodeTestTask.lambda$executeRecursively$6(NodeTestTask.java:155)
[34a1c9ed-ee02-417b-926c-d41dd47f079b/build]   | 	at org.junit.platform.engine.support.hierarchical.ThrowableCollector.execute(ThrowableCollector.java:73)
[34a1c9ed-ee02-417b-926c-d41dd47f079b/build]   | 	at org.junit.platform.engine.support.hierarchical.NodeTestTask.lambda$executeRecursively$8(NodeTestTask.java:141)
[34a1c9ed-ee02-417b-926c-d41dd47f079b/build]   | 	at org.junit.platform.engine.support.hierarchical.Node.around(Node.java:137)
[34a1c9ed-ee02-417b-926c-d41dd47f079b/build]   | 	at org.junit.platform.engine.support.hierarchical.NodeTestTask.lambda$executeRecursively$9(NodeTestTask.java:139)
[34a1c9ed-ee02-417b-926c-d41dd47f079b/build]   | 	at org.junit.platform.engine.support.hierarchical.ThrowableCollector.execute(ThrowableCollector.java:73)
[34a1c9ed-ee02-417b-926c-d41dd47f079b/build]   | 	at org.junit.platform.engine.support.hierarchical.NodeTestTask.executeRecursively(NodeTestTask.java:138)
[34a1c9ed-ee02-417b-926c-d41dd47f079b/build]   | 	at org.junit.platform.engine.support.hierarchical.NodeTestTask.execute(NodeTestTask.java:95)
[34a1c9ed-ee02-417b-926c-d41dd47f079b/build]   | 	at org.junit.platform.engine.support.hierarchical.SameThreadHierarchicalTestExecutorService.submit(SameThreadHierarchicalTestExecutorService.java:35)
[34a1c9ed-ee02-417b-926c-d41dd47f079b/build]   | 	at org.junit.platform.engine.support.hierarchical.HierarchicalTestExecutor.execute(HierarchicalTestExecutor.java:57)
[34a1c9ed-ee02-417b-926c-d41dd47f079b/build]   | 	at org.junit.platform.engine.support.hierarchical.HierarchicalTestEngine.execute(HierarchicalTestEngine.java:54)
[34a1c9ed-ee02-417b-926c-d41dd47f079b/build]   | 	at org.junit.platform.launcher.core.EngineExecutionOrchestrator.execute(EngineExecutionOrchestrator.java:147)
[34a1c9ed-ee02-417b-926c-d41dd47f079b/build]   | 	at org.junit.platform.launcher.core.EngineExecutionOrchestrator.execute(EngineExecutionOrchestrator.java:127)
[34a1c9ed-ee02-417b-926c-d41dd47f079b/build]   | 	at org.junit.platform.launcher.core.EngineExecutionOrchestrator.execute(EngineExecutionOrchestrator.java:90)
[34a1c9ed-ee02-417b-926c-d41dd47f079b/build]   | 	at org.junit.platform.launcher.core.EngineExecutionOrchestrator.lambda$execute$0(EngineExecutionOrchestrator.java:55)
[34a1c9ed-ee02-417b-926c-d41dd47f079b/build]   | 	at org.junit.platform.launcher.core.EngineExecutionOrchestrator.withInterceptedStreams(EngineExecutionOrchestrator.java:102)
[34a1c9ed-ee02-417b-926c-d41dd47f079b/build]   | 	at org.junit.platform.launcher.core.EngineExecutionOrchestrator.execute(EngineExecutionOrchestrator.java:54)
[34a1c9ed-ee02-417b-926c-d41dd47f079b/build]   | 	at org.junit.platform.launcher.core.DefaultLauncher.execute(DefaultLauncher.java:114)
[34a1c9ed-ee02-417b-926c-d41dd47f079b/build]   | 	at org.junit.platform.launcher.core.DefaultLauncher.execute(DefaultLauncher.java:86)
[34a1c9ed-ee02-417b-926c-d41dd47f079b/build]   | 	at org.junit.platform.launcher.core.DefaultLauncherSession$DelegatingLauncher.execute(DefaultLauncherSession.java:86)
[34a1c9ed-ee02-417b-926c-d41dd47f079b/build]   | 	at org.apache.maven.surefire.junitplatform.LazyLauncher.execute(LazyLauncher.java:55)
[34a1c9ed-ee02-417b-926c-d41dd47f079b/build]   | 	at org.apache.maven.surefire.junitplatform.JUnitPlatformProvider.execute(JUnitPlatformProvider.java:223)
[34a1c9ed-ee02-417b-926c-d41dd47f079b/build]   | 	at org.apache.maven.surefire.junitplatform.JUnitPlatformProvider.invokeAllTests(JUnitPlatformProvider.java:175)
[34a1c9ed-ee02-417b-926c-d41dd47f079b/build]   | 	at org.apache.maven.surefire.junitplatform.JUnitPlatformProvider.invoke(JUnitPlatformProvider.java:139)
[34a1c9ed-ee02-417b-926c-d41dd47f079b/build]   | 	at org.apache.maven.surefire.booter.ForkedBooter.runSuitesInProcess(ForkedBooter.java:456)
[34a1c9ed-ee02-417b-926c-d41dd47f079b/build]   | 	at org.apache.maven.surefire.booter.ForkedBooter.execute(ForkedBooter.java:169)
[34a1c9ed-ee02-417b-926c-d41dd47f079b/build]   | 	at org.apache.maven.surefire.booter.ForkedBooter.run(ForkedBooter.java:595)
[34a1c9ed-ee02-417b-926c-d41dd47f079b/build]   | 	at org.apache.maven.surefire.booter.ForkedBooter.main(ForkedBooter.java:581)
[34a1c9ed-ee02-417b-926c-d41dd47f079b/build]   | 
[34a1c9ed-ee02-417b-926c-d41dd47f079b/build]   | [INFO] 
[34a1c9ed-ee02-417b-926c-d41dd47f079b/build]   | [INFO] Results:
[34a1c9ed-ee02-417b-926c-d41dd47f079b/build]   | [INFO] 
[34a1c9ed-ee02-417b-926c-d41dd47f079b/build]   | [ERROR] Failures: 
[34a1c9ed-ee02-417b-926c-d41dd47f079b/build]   | [ERROR]   DeltaTTest.testObservedValues:60 expected: <67.6439> but was: <69.03049470312504>
[34a1c9ed-ee02-417b-926c-d41dd47f079b/build]   | [INFO] 
[34a1c9ed-ee02-417b-926c-d41dd47f079b/build]   | [ERROR] Tests run: 1396, Failures: 1, Errors: 0, Skipped: 256
[34a1c9ed-ee02-417b-926c-d41dd47f079b/build]   | [INFO] 
[34a1c9ed-ee02-417b-926c-d41dd47f079b/build]   | [INFO] ------------------------------------------------------------------------
[34a1c9ed-ee02-417b-926c-d41dd47f079b/build]   | [INFO] BUILD FAILURE
[34a1c9ed-ee02-417b-926c-d41dd47f079b/build]   | [INFO] ------------------------------------------------------------------------
[34a1c9ed-ee02-417b-926c-d41dd47f079b/build]   | [INFO] Total time:  13.796 s
[34a1c9ed-ee02-417b-926c-d41dd47f079b/build]   | [INFO] Finished at: 2023-11-24T17:08:17Z
[34a1c9ed-ee02-417b-926c-d41dd47f079b/build]   | [INFO] ------------------------------------------------------------------------
[34a1c9ed-ee02-417b-926c-d41dd47f079b/build]   | [ERROR] Failed to execute goal org.apache.maven.plugins:maven-surefire-plugin:3.0.0-M7:test (default-test) on project solarpositioning: There are test failures.
[34a1c9ed-ee02-417b-926c-d41dd47f079b/build]   | [ERROR] 
[34a1c9ed-ee02-417b-926c-d41dd47f079b/build]   | [ERROR] Please refer to /tmp/aea1d59d-a9f1-42e5-98a7-1f4cd03982b9/target/surefire-reports for the individual test results.
[34a1c9ed-ee02-417b-926c-d41dd47f079b/build]   | [ERROR] Please refer to dump files (if any exist) [date].dump, [date]-jvmRun[N].dump and [date].dumpstream.
[34a1c9ed-ee02-417b-926c-d41dd47f079b/build]   | [ERROR] -> [Help 1]
[34a1c9ed-ee02-417b-926c-d41dd47f079b/build]   | [ERROR] 
[34a1c9ed-ee02-417b-926c-d41dd47f079b/build]   | [ERROR] To see the full stack trace of the errors, re-run Maven with the -e switch.
[34a1c9ed-ee02-417b-926c-d41dd47f079b/build]   | [ERROR] Re-run Maven using the -X switch to enable full debug logging.
[34a1c9ed-ee02-417b-926c-d41dd47f079b/build]   | [ERROR] 
[34a1c9ed-ee02-417b-926c-d41dd47f079b/build]   | [ERROR] For more information about the errors and possible solutions, please read the following articles:
[34a1c9ed-ee02-417b-926c-d41dd47f079b/build]   | [ERROR] [Help 1] http://cwiki.apache.org/confluence/display/MAVEN/MojoFailureException
[34a1c9ed-ee02-417b-926c-d41dd47f079b/build]   ❌  Failure - Main Build with Maven
[34a1c9ed-ee02-417b-926c-d41dd47f079b/build] exitcode '1': failure
[34a1c9ed-ee02-417b-926c-d41dd47f079b/build] unable to get git ref: failed to identify reference (tag/branch) for the checked-out revision '8faa18c7024a96c17bfa2d46f087045be7679dc4'
[34a1c9ed-ee02-417b-926c-d41dd47f079b/build] unable to get git ref: failed to identify reference (tag/branch) for the checked-out revision '8faa18c7024a96c17bfa2d46f087045be7679dc4'
[34a1c9ed-ee02-417b-926c-d41dd47f079b/build] unable to get git ref: failed to identify reference (tag/branch) for the checked-out revision '8faa18c7024a96c17bfa2d46f087045be7679dc4'
[34a1c9ed-ee02-417b-926c-d41dd47f079b/build] unable to get git ref: failed to identify reference (tag/branch) for the checked-out revision '8faa18c7024a96c17bfa2d46f087045be7679dc4'
[34a1c9ed-ee02-417b-926c-d41dd47f079b/build] unable to get git ref: failed to identify reference (tag/branch) for the checked-out revision '8faa18c7024a96c17bfa2d46f087045be7679dc4'
[34a1c9ed-ee02-417b-926c-d41dd47f079b/build] ⭐ Run Post Set up JDK 17
[34a1c9ed-ee02-417b-926c-d41dd47f079b/build]   🐳  docker exec cmd=[node /var/run/act/actions/actions-setup-java@v3/dist/cleanup/index.js] user= workdir=
[34a1c9ed-ee02-417b-926c-d41dd47f079b/build]   ✅  Success - Post Set up JDK 17
[34a1c9ed-ee02-417b-926c-d41dd47f079b/build] 🏁  Job failed
[34a1c9ed-ee02-417b-926c-d41dd47f079b/build] unable to get git ref: failed to identify reference (tag/branch) for the checked-out revision '8faa18c7024a96c17bfa2d46f087045be7679dc4'
