[b0a89b0c-87ac-43c5-85fe-f828ef2797dd/build] üöÄ  Start image=crawlergpt:latest
[b0a89b0c-87ac-43c5-85fe-f828ef2797dd/build]   üê≥  docker pull image=crawlergpt:latest platform= username= forcePull=false
[b0a89b0c-87ac-43c5-85fe-f828ef2797dd/build]   üê≥  docker create image=crawlergpt:latest platform= entrypoint=["tail" "-f" "/dev/null"] cmd=[]
[b0a89b0c-87ac-43c5-85fe-f828ef2797dd/build]   üê≥  docker run image=crawlergpt:latest platform= entrypoint=["tail" "-f" "/dev/null"] cmd=[]
[b0a89b0c-87ac-43c5-85fe-f828ef2797dd/build]   üê≥  docker exec cmd=[chown -R 1012:1013 /tmp/91c778e5-d226-40cd-b4a5-93033232cccc] user=0 workdir=
[b0a89b0c-87ac-43c5-85fe-f828ef2797dd/build] unable to get git ref: failed to identify reference (tag/branch) for the checked-out revision 'd53f402ba0025f148ed17eda4bb908c49bf5395e'
[b0a89b0c-87ac-43c5-85fe-f828ef2797dd/build] unable to get git ref: failed to identify reference (tag/branch) for the checked-out revision 'd53f402ba0025f148ed17eda4bb908c49bf5395e'
[b0a89b0c-87ac-43c5-85fe-f828ef2797dd/build] unable to get git ref: failed to identify reference (tag/branch) for the checked-out revision 'd53f402ba0025f148ed17eda4bb908c49bf5395e'
[b0a89b0c-87ac-43c5-85fe-f828ef2797dd/build] unable to get git ref: failed to identify reference (tag/branch) for the checked-out revision 'd53f402ba0025f148ed17eda4bb908c49bf5395e'
[b0a89b0c-87ac-43c5-85fe-f828ef2797dd/build] unable to get git ref: failed to identify reference (tag/branch) for the checked-out revision 'd53f402ba0025f148ed17eda4bb908c49bf5395e'
[b0a89b0c-87ac-43c5-85fe-f828ef2797dd/build] unable to get git ref: failed to identify reference (tag/branch) for the checked-out revision 'd53f402ba0025f148ed17eda4bb908c49bf5395e'
[b0a89b0c-87ac-43c5-85fe-f828ef2797dd/build] unable to get git ref: failed to identify reference (tag/branch) for the checked-out revision 'd53f402ba0025f148ed17eda4bb908c49bf5395e'
[b0a89b0c-87ac-43c5-85fe-f828ef2797dd/build] unable to get git ref: failed to identify reference (tag/branch) for the checked-out revision 'd53f402ba0025f148ed17eda4bb908c49bf5395e'
[b0a89b0c-87ac-43c5-85fe-f828ef2797dd/build] unable to get git ref: failed to identify reference (tag/branch) for the checked-out revision 'd53f402ba0025f148ed17eda4bb908c49bf5395e'
[b0a89b0c-87ac-43c5-85fe-f828ef2797dd/build] ‚≠ê Run Main actions/checkout@v2
[b0a89b0c-87ac-43c5-85fe-f828ef2797dd/build] unable to get git ref: failed to identify reference (tag/branch) for the checked-out revision 'd53f402ba0025f148ed17eda4bb908c49bf5395e'
[b0a89b0c-87ac-43c5-85fe-f828ef2797dd/build]   ‚úÖ  Success - Main actions/checkout@v2
[b0a89b0c-87ac-43c5-85fe-f828ef2797dd/build] unable to get git ref: failed to identify reference (tag/branch) for the checked-out revision 'd53f402ba0025f148ed17eda4bb908c49bf5395e'
[b0a89b0c-87ac-43c5-85fe-f828ef2797dd/build] unable to get git ref: failed to identify reference (tag/branch) for the checked-out revision 'd53f402ba0025f148ed17eda4bb908c49bf5395e'
[b0a89b0c-87ac-43c5-85fe-f828ef2797dd/build] unable to get git ref: failed to identify reference (tag/branch) for the checked-out revision 'd53f402ba0025f148ed17eda4bb908c49bf5395e'
[b0a89b0c-87ac-43c5-85fe-f828ef2797dd/build] unable to get git ref: failed to identify reference (tag/branch) for the checked-out revision 'd53f402ba0025f148ed17eda4bb908c49bf5395e'
[b0a89b0c-87ac-43c5-85fe-f828ef2797dd/build] unable to get git ref: failed to identify reference (tag/branch) for the checked-out revision 'd53f402ba0025f148ed17eda4bb908c49bf5395e'
[b0a89b0c-87ac-43c5-85fe-f828ef2797dd/build] ‚≠ê Run Main Set up JDK 11
[b0a89b0c-87ac-43c5-85fe-f828ef2797dd/build] unable to get git ref: failed to identify reference (tag/branch) for the checked-out revision 'd53f402ba0025f148ed17eda4bb908c49bf5395e'
[b0a89b0c-87ac-43c5-85fe-f828ef2797dd/build] unable to get git ref: failed to identify reference (tag/branch) for the checked-out revision 'd53f402ba0025f148ed17eda4bb908c49bf5395e'
[b0a89b0c-87ac-43c5-85fe-f828ef2797dd/build] unable to get git ref: failed to identify reference (tag/branch) for the checked-out revision 'd53f402ba0025f148ed17eda4bb908c49bf5395e'
[b0a89b0c-87ac-43c5-85fe-f828ef2797dd/build]   üê≥  docker cp src=/tmp/act-cache/9459eff0-ddc1-492c-9417-fb00af0a345d/act/actions-setup-java@v1/ dst=/var/run/act/actions/actions-setup-java@v1/
[b0a89b0c-87ac-43c5-85fe-f828ef2797dd/build]   üê≥  docker exec cmd=[chown -R 1012:1013 /var/run/act/actions/actions-setup-java@v1/] user=0 workdir=
[b0a89b0c-87ac-43c5-85fe-f828ef2797dd/build]   üê≥  docker exec cmd=[node /var/run/act/actions/actions-setup-java@v1/dist/setup/index.js] user= workdir=
[b0a89b0c-87ac-43c5-85fe-f828ef2797dd/build]   üí¨  ::debug::isExplicit: 
[b0a89b0c-87ac-43c5-85fe-f828ef2797dd/build]   üí¨  ::debug::explicit? false
[b0a89b0c-87ac-43c5-85fe-f828ef2797dd/build]   üí¨  ::debug::evaluating 0 versions
[b0a89b0c-87ac-43c5-85fe-f828ef2797dd/build]   üí¨  ::debug::match not found
[b0a89b0c-87ac-43c5-85fe-f828ef2797dd/build]   üí¨  ::debug::Downloading JDK from Azul
[b0a89b0c-87ac-43c5-85fe-f828ef2797dd/build]   üí¨  ::debug::Searching for files with extension: -linux_x64.tar.gz
[b0a89b0c-87ac-43c5-85fe-f828ef2797dd/build]   üí¨  ::debug::Downloading https://static.azul.com/zulu/bin/zulu11.64.19-ca-jdk11.0.19-linux_x64.tar.gz
[b0a89b0c-87ac-43c5-85fe-f828ef2797dd/build]   üí¨  ::debug::Downloading /tmp/07b50935-28b5-4d89-909e-0134ae5d9b44
[b0a89b0c-87ac-43c5-85fe-f828ef2797dd/build]   üí¨  ::debug::download complete
[b0a89b0c-87ac-43c5-85fe-f828ef2797dd/build]   | [command]/usr/bin/tar --version
[b0a89b0c-87ac-43c5-85fe-f828ef2797dd/build]   | tar (GNU tar) 1.30
[b0a89b0c-87ac-43c5-85fe-f828ef2797dd/build]   | Copyright (C) 2017 Free Software Foundation, Inc.
[b0a89b0c-87ac-43c5-85fe-f828ef2797dd/build]   | License GPLv3+: GNU GPL version 3 or later <https://gnu.org/licenses/gpl.html>.
[b0a89b0c-87ac-43c5-85fe-f828ef2797dd/build]   | This is free software: you are free to change and redistribute it.
[b0a89b0c-87ac-43c5-85fe-f828ef2797dd/build]   | There is NO WARRANTY, to the extent permitted by law.
[b0a89b0c-87ac-43c5-85fe-f828ef2797dd/build]   | 
[b0a89b0c-87ac-43c5-85fe-f828ef2797dd/build]   | Written by John Gilmore and Jay Fenlason.
[b0a89b0c-87ac-43c5-85fe-f828ef2797dd/build]   | [command]/usr/bin/tar xz --warning=no-unknown-keyword -C /tmp/temp_629023741 -f /tmp/07b50935-28b5-4d89-909e-0134ae5d9b44
[b0a89b0c-87ac-43c5-85fe-f828ef2797dd/build]   üí¨  ::debug::jdk extracted to /tmp/temp_629023741/zulu11.64.19-ca-jdk11.0.19-linux_x64
[b0a89b0c-87ac-43c5-85fe-f828ef2797dd/build]   üí¨  ::debug::Caching tool jdk 11.0.19 x64
[b0a89b0c-87ac-43c5-85fe-f828ef2797dd/build]   üí¨  ::debug::source dir: /tmp/temp_629023741/zulu11.64.19-ca-jdk11.0.19-linux_x64
[b0a89b0c-87ac-43c5-85fe-f828ef2797dd/build]   üí¨  ::debug::destination /opt/hostedtoolcache/jdk/11.0.19/x64
[b0a89b0c-87ac-43c5-85fe-f828ef2797dd/build]   üí¨  ::debug::finished caching tool
[b0a89b0c-87ac-43c5-85fe-f828ef2797dd/build]   ‚ùì add-matcher /run/act/actions/actions-setup-java@v1/.github/java.json
[b0a89b0c-87ac-43c5-85fe-f828ef2797dd/build]   | creating settings.xml with server-id: github; environment variables: username=$GITHUB_ACTOR, password=$GITHUB_TOKEN, and gpg-passphrase=null
[b0a89b0c-87ac-43c5-85fe-f828ef2797dd/build]   üí¨  ::debug::created directory /home/runneradmin/.m2
[b0a89b0c-87ac-43c5-85fe-f828ef2797dd/build]   | writing /home/runneradmin/.m2/settings.xml
[b0a89b0c-87ac-43c5-85fe-f828ef2797dd/build]   ‚úÖ  Success - Main Set up JDK 11
[b0a89b0c-87ac-43c5-85fe-f828ef2797dd/build]   ‚öô  ::set-env:: JAVA_HOME_11.0.19_x64=/opt/hostedtoolcache/jdk/11.0.19/x64
[b0a89b0c-87ac-43c5-85fe-f828ef2797dd/build]   ‚öô  ::set-env:: JAVA_HOME=/opt/hostedtoolcache/jdk/11.0.19/x64
[b0a89b0c-87ac-43c5-85fe-f828ef2797dd/build]   ‚öô  ::set-env:: JAVA_HOME_11_0_19_X64=/opt/hostedtoolcache/jdk/11.0.19/x64
[b0a89b0c-87ac-43c5-85fe-f828ef2797dd/build]   ‚öô  ::set-output:: path=/opt/hostedtoolcache/jdk/11.0.19/x64
[b0a89b0c-87ac-43c5-85fe-f828ef2797dd/build]   ‚öô  ::set-output:: version=11.0.19
[b0a89b0c-87ac-43c5-85fe-f828ef2797dd/build]   ‚öô  ::add-path:: /opt/hostedtoolcache/jdk/11.0.19/x64/bin
[b0a89b0c-87ac-43c5-85fe-f828ef2797dd/build] unable to get git ref: failed to identify reference (tag/branch) for the checked-out revision 'd53f402ba0025f148ed17eda4bb908c49bf5395e'
[b0a89b0c-87ac-43c5-85fe-f828ef2797dd/build] unable to get git ref: failed to identify reference (tag/branch) for the checked-out revision 'd53f402ba0025f148ed17eda4bb908c49bf5395e'
[b0a89b0c-87ac-43c5-85fe-f828ef2797dd/build] unable to get git ref: failed to identify reference (tag/branch) for the checked-out revision 'd53f402ba0025f148ed17eda4bb908c49bf5395e'
[b0a89b0c-87ac-43c5-85fe-f828ef2797dd/build] unable to get git ref: failed to identify reference (tag/branch) for the checked-out revision 'd53f402ba0025f148ed17eda4bb908c49bf5395e'
[b0a89b0c-87ac-43c5-85fe-f828ef2797dd/build] unable to get git ref: failed to identify reference (tag/branch) for the checked-out revision 'd53f402ba0025f148ed17eda4bb908c49bf5395e'
[b0a89b0c-87ac-43c5-85fe-f828ef2797dd/build] ‚≠ê Run Main Build with Maven
[b0a89b0c-87ac-43c5-85fe-f828ef2797dd/build] unable to get git ref: failed to identify reference (tag/branch) for the checked-out revision 'd53f402ba0025f148ed17eda4bb908c49bf5395e'
[b0a89b0c-87ac-43c5-85fe-f828ef2797dd/build] unable to get git ref: failed to identify reference (tag/branch) for the checked-out revision 'd53f402ba0025f148ed17eda4bb908c49bf5395e'
[b0a89b0c-87ac-43c5-85fe-f828ef2797dd/build] unable to get git ref: failed to identify reference (tag/branch) for the checked-out revision 'd53f402ba0025f148ed17eda4bb908c49bf5395e'
[b0a89b0c-87ac-43c5-85fe-f828ef2797dd/build] unable to get git ref: failed to identify reference (tag/branch) for the checked-out revision 'd53f402ba0025f148ed17eda4bb908c49bf5395e'
[b0a89b0c-87ac-43c5-85fe-f828ef2797dd/build]   üê≥  docker exec cmd=[bash --noprofile --norc -e -o pipefail /var/run/act/workflow/2] user= workdir=
[b0a89b0c-87ac-43c5-85fe-f828ef2797dd/build]   | [INFO] Scanning for projects...
[b0a89b0c-87ac-43c5-85fe-f828ef2797dd/build]   | [INFO] 
[b0a89b0c-87ac-43c5-85fe-f828ef2797dd/build]   | [INFO] ------------------------< net.nodebox:nodebox >-------------------------
[b0a89b0c-87ac-43c5-85fe-f828ef2797dd/build]   | [INFO] Building NodeBox 3.0-SNAPSHOT
[b0a89b0c-87ac-43c5-85fe-f828ef2797dd/build]   | [INFO] --------------------------------[ jar ]---------------------------------
[b0a89b0c-87ac-43c5-85fe-f828ef2797dd/build]   | [INFO] Downloading from central: https://repo.maven.apache.org/maven2/org/apache/maven/plugins/maven-resources-plugin/2.6/maven-resources-plugin-2.6.pom
[b0a89b0c-87ac-43c5-85fe-f828ef2797dd/build]   | [INFO] Downloaded from central: https://repo.maven.apache.org/maven2/org/apache/maven/plugins/maven-resources-plugin/2.6/maven-resources-plugin-2.6.pom (8.1 kB at 22 kB/s)
[b0a89b0c-87ac-43c5-85fe-f828ef2797dd/build]   | [INFO] Downloading from central: https://repo.maven.apache.org/maven2/org/apache/maven/plugins/maven-plugins/23/maven-plugins-23.pom
[b0a89b0c-87ac-43c5-85fe-f828ef2797dd/build]   | [INFO] Downloaded from central: https://repo.maven.apache.org/maven2/org/apache/maven/plugins/maven-plugins/23/maven-plugins-23.pom (9.2 kB at 328 kB/s)
[b0a89b0c-87ac-43c5-85fe-f828ef2797dd/build]   | [INFO] Downloading from central: https://repo.maven.apache.org/maven2/org/apache/maven/maven-parent/22/maven-parent-22.pom
[b0a89b0c-87ac-43c5-85fe-f828ef2797dd/build]   | [INFO] Downloaded from central: https://repo.maven.apache.org/maven2/org/apache/maven/maven-parent/22/maven-parent-22.pom (30 kB at 1.2 MB/s)
[b0a89b0c-87ac-43c5-85fe-f828ef2797dd/build]   | [INFO] Downloading from central: https://repo.maven.apache.org/maven2/org/apache/apache/11/apache-11.pom
[b0a89b0c-87ac-43c5-85fe-f828ef2797dd/build]   | [INFO] Downloaded from central: https://repo.maven.apache.org/maven2/org/apache/apache/11/apache-11.pom (15 kB at 494 kB/s)
[b0a89b0c-87ac-43c5-85fe-f828ef2797dd/build]   | [INFO] Downloading from central: https://repo.maven.apache.org/maven2/org/apache/maven/plugins/maven-resources-plugin/2.6/maven-resources-plugin-2.6.jar
[b0a89b0c-87ac-43c5-85fe-f828ef2797dd/build]   | [INFO] Downloaded from central: https://repo.maven.apache.org/maven2/org/apache/maven/plugins/maven-resources-plugin/2.6/maven-resources-plugin-2.6.jar (30 kB at 1.0 MB/s)
[b0a89b0c-87ac-43c5-85fe-f828ef2797dd/build]   | [INFO] Downloading from central: https://repo.maven.apache.org/maven2/org/apache/maven/plugins/maven-compiler-plugin/2.5.1/maven-compiler-plugin-2.5.1.pom
[b0a89b0c-87ac-43c5-85fe-f828ef2797dd/build]   | [INFO] Downloaded from central: https://repo.maven.apache.org/maven2/org/apache/maven/plugins/maven-compiler-plugin/2.5.1/maven-compiler-plugin-2.5.1.pom (7.9 kB at 294 kB/s)
[b0a89b0c-87ac-43c5-85fe-f828ef2797dd/build]   | [INFO] Downloading from central: https://repo.maven.apache.org/maven2/org/apache/maven/plugins/maven-plugins/22/maven-plugins-22.pom
[b0a89b0c-87ac-43c5-85fe-f828ef2797dd/build]   | [INFO] Downloaded from central: https://repo.maven.apache.org/maven2/org/apache/maven/plugins/maven-plugins/22/maven-plugins-22.pom (13 kB at 522 kB/s)
[b0a89b0c-87ac-43c5-85fe-f828ef2797dd/build]   | [INFO] Downloading from central: https://repo.maven.apache.org/maven2/org/apache/maven/maven-parent/21/maven-parent-21.pom
[b0a89b0c-87ac-43c5-85fe-f828ef2797dd/build]   | [INFO] Downloaded from central: https://repo.maven.apache.org/maven2/org/apache/maven/maven-parent/21/maven-parent-21.pom (26 kB at 1.1 MB/s)
[b0a89b0c-87ac-43c5-85fe-f828ef2797dd/build]   | [INFO] Downloading from central: https://repo.maven.apache.org/maven2/org/apache/apache/10/apache-10.pom
[b0a89b0c-87ac-43c5-85fe-f828ef2797dd/build]   | [INFO] Downloaded from central: https://repo.maven.apache.org/maven2/org/apache/apache/10/apache-10.pom (15 kB at 529 kB/s)
[b0a89b0c-87ac-43c5-85fe-f828ef2797dd/build]   | [INFO] Downloading from central: https://repo.maven.apache.org/maven2/org/apache/maven/plugins/maven-compiler-plugin/2.5.1/maven-compiler-plugin-2.5.1.jar
[b0a89b0c-87ac-43c5-85fe-f828ef2797dd/build]   | [INFO] Downloaded from central: https://repo.maven.apache.org/maven2/org/apache/maven/plugins/maven-compiler-plugin/2.5.1/maven-compiler-plugin-2.5.1.jar (33 kB at 834 kB/s)
[b0a89b0c-87ac-43c5-85fe-f828ef2797dd/build]   | [INFO] Downloading from central: https://repo.maven.apache.org/maven2/org/apache/maven/plugins/maven-surefire-plugin/2.12.4/maven-surefire-plugin-2.12.4.pom
[b0a89b0c-87ac-43c5-85fe-f828ef2797dd/build]   | [INFO] Downloaded from central: https://repo.maven.apache.org/maven2/org/apache/maven/plugins/maven-surefire-plugin/2.12.4/maven-surefire-plugin-2.12.4.pom (10 kB at 255 kB/s)
[b0a89b0c-87ac-43c5-85fe-f828ef2797dd/build]   | [INFO] Downloading from central: https://repo.maven.apache.org/maven2/org/apache/maven/surefire/surefire/2.12.4/surefire-2.12.4.pom
[b0a89b0c-87ac-43c5-85fe-f828ef2797dd/build]   | [INFO] Downloaded from central: https://repo.maven.apache.org/maven2/org/apache/maven/surefire/surefire/2.12.4/surefire-2.12.4.pom (14 kB at 394 kB/s)
[b0a89b0c-87ac-43c5-85fe-f828ef2797dd/build]   | [INFO] Downloading from central: https://repo.maven.apache.org/maven2/org/apache/maven/plugins/maven-surefire-plugin/2.12.4/maven-surefire-plugin-2.12.4.jar
[b0a89b0c-87ac-43c5-85fe-f828ef2797dd/build]   | [INFO] Downloaded from central: https://repo.maven.apache.org/maven2/org/apache/maven/plugins/maven-surefire-plugin/2.12.4/maven-surefire-plugin-2.12.4.jar (30 kB at 823 kB/s)
[b0a89b0c-87ac-43c5-85fe-f828ef2797dd/build]   | [INFO] Downloading from central: https://repo.maven.apache.org/maven2/org/apache/maven/plugins/maven-jar-plugin/2.4/maven-jar-plugin-2.4.pom
[b0a89b0c-87ac-43c5-85fe-f828ef2797dd/build]   | [INFO] Downloaded from central: https://repo.maven.apache.org/maven2/org/apache/maven/plugins/maven-jar-plugin/2.4/maven-jar-plugin-2.4.pom (5.8 kB at 201 kB/s)
[b0a89b0c-87ac-43c5-85fe-f828ef2797dd/build]   | [INFO] Downloading from central: https://repo.maven.apache.org/maven2/org/apache/maven/plugins/maven-jar-plugin/2.4/maven-jar-plugin-2.4.jar
[b0a89b0c-87ac-43c5-85fe-f828ef2797dd/build]   | [INFO] Downloaded from central: https://repo.maven.apache.org/maven2/org/apache/maven/plugins/maven-jar-plugin/2.4/maven-jar-plugin-2.4.jar (34 kB at 1.9 MB/s)
[b0a89b0c-87ac-43c5-85fe-f828ef2797dd/build]   | [INFO] Downloading from central: https://repo.maven.apache.org/maven2/org/clojure/clojure/1.4.0/clojure-1.4.0.pom
[b0a89b0c-87ac-43c5-85fe-f828ef2797dd/build]   | [INFO] Downloaded from central: https://repo.maven.apache.org/maven2/org/clojure/clojure/1.4.0/clojure-1.4.0.pom (5.4 kB at 164 kB/s)
[b0a89b0c-87ac-43c5-85fe-f828ef2797dd/build]   | [INFO] Downloading from central: https://repo.maven.apache.org/maven2/org/sonatype/oss/oss-parent/5/oss-parent-5.pom
[b0a89b0c-87ac-43c5-85fe-f828ef2797dd/build]   | [INFO] Downloaded from central: https://repo.maven.apache.org/maven2/org/sonatype/oss/oss-parent/5/oss-parent-5.pom (4.1 kB at 146 kB/s)
[b0a89b0c-87ac-43c5-85fe-f828ef2797dd/build]   | [INFO] Downloading from central: https://repo.maven.apache.org/maven2/com/google/guava/guava/13.0.1/guava-13.0.1.pom
[b0a89b0c-87ac-43c5-85fe-f828ef2797dd/build]   | [INFO] Downloaded from central: https://repo.maven.apache.org/maven2/com/google/guava/guava/13.0.1/guava-13.0.1.pom (5.3 kB at 116 kB/s)
[b0a89b0c-87ac-43c5-85fe-f828ef2797dd/build]   | [INFO] Downloading from central: https://repo.maven.apache.org/maven2/com/google/guava/guava-parent/13.0.1/guava-parent-13.0.1.pom
[b0a89b0c-87ac-43c5-85fe-f828ef2797dd/build]   | [INFO] Downloaded from central: https://repo.maven.apache.org/maven2/com/google/guava/guava-parent/13.0.1/guava-parent-13.0.1.pom (2.6 kB at 75 kB/s)
[b0a89b0c-87ac-43c5-85fe-f828ef2797dd/build]   | [INFO] Downloading from central: https://repo.maven.apache.org/maven2/org/sonatype/oss/oss-parent/7/oss-parent-7.pom
[b0a89b0c-87ac-43c5-85fe-f828ef2797dd/build]   | [INFO] Downloaded from central: https://repo.maven.apache.org/maven2/org/sonatype/oss/oss-parent/7/oss-parent-7.pom (4.8 kB at 193 kB/s)
[b0a89b0c-87ac-43c5-85fe-f828ef2797dd/build]   | [INFO] Downloading from central: https://repo.maven.apache.org/maven2/com/itextpdf/itextpdf/5.3.2/itextpdf-5.3.2.pom
[b0a89b0c-87ac-43c5-85fe-f828ef2797dd/build]   | [INFO] Downloaded from central: https://repo.maven.apache.org/maven2/com/itextpdf/itextpdf/5.3.2/itextpdf-5.3.2.pom (5.5 kB at 184 kB/s)
[b0a89b0c-87ac-43c5-85fe-f828ef2797dd/build]   | [INFO] Downloading from central: https://repo.maven.apache.org/maven2/com/itextpdf/itext-parent/1.0.0/itext-parent-1.0.0.pom
[b0a89b0c-87ac-43c5-85fe-f828ef2797dd/build]   | [INFO] Downloaded from central: https://repo.maven.apache.org/maven2/com/itextpdf/itext-parent/1.0.0/itext-parent-1.0.0.pom (3.6 kB at 57 kB/s)
[b0a89b0c-87ac-43c5-85fe-f828ef2797dd/build]   | [INFO] Downloading from central: https://repo.maven.apache.org/maven2/net/java/dev/jna/jna/3.4.0/jna-3.4.0.pom
[b0a89b0c-87ac-43c5-85fe-f828ef2797dd/build]   | [INFO] Downloaded from central: https://repo.maven.apache.org/maven2/net/java/dev/jna/jna/3.4.0/jna-3.4.0.pom (2.2 kB at 46 kB/s)
[b0a89b0c-87ac-43c5-85fe-f828ef2797dd/build]   | [INFO] Downloading from central: https://repo.maven.apache.org/maven2/junit/junit/4.10/junit-4.10.pom
[b0a89b0c-87ac-43c5-85fe-f828ef2797dd/build]   | [INFO] Downloaded from central: https://repo.maven.apache.org/maven2/junit/junit/4.10/junit-4.10.pom (2.3 kB at 102 kB/s)
[b0a89b0c-87ac-43c5-85fe-f828ef2797dd/build]   | [INFO] Downloading from central: https://repo.maven.apache.org/maven2/org/hamcrest/hamcrest-core/1.1/hamcrest-core-1.1.pom
[b0a89b0c-87ac-43c5-85fe-f828ef2797dd/build]   | [INFO] Downloaded from central: https://repo.maven.apache.org/maven2/org/hamcrest/hamcrest-core/1.1/hamcrest-core-1.1.pom (481 B at 5.8 kB/s)
[b0a89b0c-87ac-43c5-85fe-f828ef2797dd/build]   | [INFO] Downloading from central: https://repo.maven.apache.org/maven2/org/hamcrest/hamcrest-parent/1.1/hamcrest-parent-1.1.pom
[b0a89b0c-87ac-43c5-85fe-f828ef2797dd/build]   | [INFO] Downloaded from central: https://repo.maven.apache.org/maven2/org/hamcrest/hamcrest-parent/1.1/hamcrest-parent-1.1.pom (5.9 kB at 163 kB/s)
[b0a89b0c-87ac-43c5-85fe-f828ef2797dd/build]   | [INFO] Downloading from central: https://repo.maven.apache.org/maven2/org/python/jython/2.5.3/jython-2.5.3.pom
[b0a89b0c-87ac-43c5-85fe-f828ef2797dd/build]   | [INFO] Downloaded from central: https://repo.maven.apache.org/maven2/org/python/jython/2.5.3/jython-2.5.3.pom (1.4 kB at 42 kB/s)
[b0a89b0c-87ac-43c5-85fe-f828ef2797dd/build]   | [INFO] Downloading from central: https://repo.maven.apache.org/maven2/net/sf/opencsv/opencsv/2.3/opencsv-2.3.pom
[b0a89b0c-87ac-43c5-85fe-f828ef2797dd/build]   | [INFO] Downloaded from central: https://repo.maven.apache.org/maven2/net/sf/opencsv/opencsv/2.3/opencsv-2.3.pom (5.4 kB at 170 kB/s)
[b0a89b0c-87ac-43c5-85fe-f828ef2797dd/build]   | [INFO] Downloading from central: https://repo.maven.apache.org/maven2/org/piccolo2d/piccolo2d-core/1.3.1/piccolo2d-core-1.3.1.pom
[b0a89b0c-87ac-43c5-85fe-f828ef2797dd/build]   | [INFO] Downloaded from central: https://repo.maven.apache.org/maven2/org/piccolo2d/piccolo2d-core/1.3.1/piccolo2d-core-1.3.1.pom (6.5 kB at 72 kB/s)
[b0a89b0c-87ac-43c5-85fe-f828ef2797dd/build]   | [INFO] Downloading from central: https://repo.maven.apache.org/maven2/org/piccolo2d/piccolo2d-parent/1.3.1/piccolo2d-parent-1.3.1.pom
[b0a89b0c-87ac-43c5-85fe-f828ef2797dd/build]   | [INFO] Downloaded from central: https://repo.maven.apache.org/maven2/org/piccolo2d/piccolo2d-parent/1.3.1/piccolo2d-parent-1.3.1.pom (13 kB at 284 kB/s)
[b0a89b0c-87ac-43c5-85fe-f828ef2797dd/build]   | [INFO] Downloading from central: https://repo.maven.apache.org/maven2/xom/xom/1.2.5/xom-1.2.5.pom
[b0a89b0c-87ac-43c5-85fe-f828ef2797dd/build]   | [INFO] Downloaded from central: https://repo.maven.apache.org/maven2/xom/xom/1.2.5/xom-1.2.5.pom (1.9 kB at 27 kB/s)
[b0a89b0c-87ac-43c5-85fe-f828ef2797dd/build]   | [INFO] Downloading from central: https://repo.maven.apache.org/maven2/xml-apis/xml-apis/1.3.03/xml-apis-1.3.03.pom
[b0a89b0c-87ac-43c5-85fe-f828ef2797dd/build]   | [INFO] Downloaded from central: https://repo.maven.apache.org/maven2/xml-apis/xml-apis/1.3.03/xml-apis-1.3.03.pom (738 B at 39 kB/s)
[b0a89b0c-87ac-43c5-85fe-f828ef2797dd/build]   | [INFO] Downloading from central: https://repo.maven.apache.org/maven2/org/apache/apache/1/apache-1.pom
[b0a89b0c-87ac-43c5-85fe-f828ef2797dd/build]   | [INFO] Downloaded from central: https://repo.maven.apache.org/maven2/org/apache/apache/1/apache-1.pom (3.4 kB at 162 kB/s)
[b0a89b0c-87ac-43c5-85fe-f828ef2797dd/build]   | [INFO] Downloading from central: https://repo.maven.apache.org/maven2/xerces/xercesImpl/2.8.0/xercesImpl-2.8.0.pom
[b0a89b0c-87ac-43c5-85fe-f828ef2797dd/build]   | [INFO] Downloaded from central: https://repo.maven.apache.org/maven2/xerces/xercesImpl/2.8.0/xercesImpl-2.8.0.pom (1.4 kB at 47 kB/s)
[b0a89b0c-87ac-43c5-85fe-f828ef2797dd/build]   | [INFO] Downloading from central: https://repo.maven.apache.org/maven2/xalan/xalan/2.7.0/xalan-2.7.0.pom
[b0a89b0c-87ac-43c5-85fe-f828ef2797dd/build]   | [INFO] Downloaded from central: https://repo.maven.apache.org/maven2/xalan/xalan/2.7.0/xalan-2.7.0.pom (491 B at 6.8 kB/s)
[b0a89b0c-87ac-43c5-85fe-f828ef2797dd/build]   | [INFO] Downloading from central: https://repo.maven.apache.org/maven2/xml-apis/xml-apis/2.0.2/xml-apis-2.0.2.pom
[b0a89b0c-87ac-43c5-85fe-f828ef2797dd/build]   | [INFO] Downloaded from central: https://repo.maven.apache.org/maven2/xml-apis/xml-apis/2.0.2/xml-apis-2.0.2.pom (346 B at 12 kB/s)
[b0a89b0c-87ac-43c5-85fe-f828ef2797dd/build]   | [INFO] Downloading from central: https://repo.maven.apache.org/maven2/xml-apis/xml-apis/1.0.b2/xml-apis-1.0.b2.pom
[b0a89b0c-87ac-43c5-85fe-f828ef2797dd/build]   | [INFO] Downloaded from central: https://repo.maven.apache.org/maven2/xml-apis/xml-apis/1.0.b2/xml-apis-1.0.b2.pom (2.2 kB at 83 kB/s)
[b0a89b0c-87ac-43c5-85fe-f828ef2797dd/build]   | [INFO] Downloading from central: https://repo.maven.apache.org/maven2/com/google/guava/guava/13.0.1/guava-13.0.1.jar
[b0a89b0c-87ac-43c5-85fe-f828ef2797dd/build]   | [INFO] Downloading from central: https://repo.maven.apache.org/maven2/com/itextpdf/itextpdf/5.3.2/itextpdf-5.3.2.jar
[b0a89b0c-87ac-43c5-85fe-f828ef2797dd/build]   | [INFO] Downloading from central: https://repo.maven.apache.org/maven2/net/java/dev/jna/jna/3.4.0/jna-3.4.0.jar
[b0a89b0c-87ac-43c5-85fe-f828ef2797dd/build]   | [INFO] Downloading from central: https://repo.maven.apache.org/maven2/org/clojure/clojure/1.4.0/clojure-1.4.0.jar
[b0a89b0c-87ac-43c5-85fe-f828ef2797dd/build]   | [INFO] Downloading from central: https://repo.maven.apache.org/maven2/junit/junit/4.10/junit-4.10.jar
[b0a89b0c-87ac-43c5-85fe-f828ef2797dd/build]   | [INFO] Downloaded from central: https://repo.maven.apache.org/maven2/junit/junit/4.10/junit-4.10.jar (253 kB at 2.3 MB/s)
[b0a89b0c-87ac-43c5-85fe-f828ef2797dd/build]   | [INFO] Downloading from central: https://repo.maven.apache.org/maven2/org/hamcrest/hamcrest-core/1.1/hamcrest-core-1.1.jar
[b0a89b0c-87ac-43c5-85fe-f828ef2797dd/build]   | [INFO] Downloaded from central: https://repo.maven.apache.org/maven2/org/hamcrest/hamcrest-core/1.1/hamcrest-core-1.1.jar (77 kB at 467 kB/s)
[b0a89b0c-87ac-43c5-85fe-f828ef2797dd/build]   | [INFO] Downloading from central: https://repo.maven.apache.org/maven2/org/python/jython/2.5.3/jython-2.5.3.jar
[b0a89b0c-87ac-43c5-85fe-f828ef2797dd/build]   | [INFO] Downloaded from central: https://repo.maven.apache.org/maven2/com/itextpdf/itextpdf/5.3.2/itextpdf-5.3.2.jar (1.8 MB at 3.1 MB/s)
[b0a89b0c-87ac-43c5-85fe-f828ef2797dd/build]   | [INFO] Downloading from central: https://repo.maven.apache.org/maven2/net/sf/opencsv/opencsv/2.3/opencsv-2.3.jar
[b0a89b0c-87ac-43c5-85fe-f828ef2797dd/build]   | [INFO] Downloaded from central: https://repo.maven.apache.org/maven2/net/sf/opencsv/opencsv/2.3/opencsv-2.3.jar (20 kB at 33 kB/s)
[b0a89b0c-87ac-43c5-85fe-f828ef2797dd/build]   | [INFO] Downloading from central: https://repo.maven.apache.org/maven2/org/piccolo2d/piccolo2d-core/1.3.1/piccolo2d-core-1.3.1.jar
[b0a89b0c-87ac-43c5-85fe-f828ef2797dd/build]   | [INFO] Downloaded from central: https://repo.maven.apache.org/maven2/org/piccolo2d/piccolo2d-core/1.3.1/piccolo2d-core-1.3.1.jar (121 kB at 186 kB/s)
[b0a89b0c-87ac-43c5-85fe-f828ef2797dd/build]   | [INFO] Downloading from central: https://repo.maven.apache.org/maven2/xom/xom/1.2.5/xom-1.2.5.jar
[b0a89b0c-87ac-43c5-85fe-f828ef2797dd/build]   | [INFO] Downloaded from central: https://repo.maven.apache.org/maven2/net/java/dev/jna/jna/3.4.0/jna-3.4.0.jar (1.0 MB at 1.4 MB/s)
[b0a89b0c-87ac-43c5-85fe-f828ef2797dd/build]   | [INFO] Downloading from central: https://repo.maven.apache.org/maven2/xml-apis/xml-apis/1.3.03/xml-apis-1.3.03.jar
[b0a89b0c-87ac-43c5-85fe-f828ef2797dd/build]   | [INFO] Downloaded from central: https://repo.maven.apache.org/maven2/xom/xom/1.2.5/xom-1.2.5.jar (309 kB at 399 kB/s)
[b0a89b0c-87ac-43c5-85fe-f828ef2797dd/build]   | [INFO] Downloading from central: https://repo.maven.apache.org/maven2/xerces/xercesImpl/2.8.0/xercesImpl-2.8.0.jar
[b0a89b0c-87ac-43c5-85fe-f828ef2797dd/build]   | [INFO] Downloaded from central: https://repo.maven.apache.org/maven2/xml-apis/xml-apis/1.3.03/xml-apis-1.3.03.jar (195 kB at 237 kB/s)
[b0a89b0c-87ac-43c5-85fe-f828ef2797dd/build]   | [INFO] Downloading from central: https://repo.maven.apache.org/maven2/xalan/xalan/2.7.0/xalan-2.7.0.jar
[b0a89b0c-87ac-43c5-85fe-f828ef2797dd/build]   | [INFO] Downloaded from central: https://repo.maven.apache.org/maven2/com/google/guava/guava/13.0.1/guava-13.0.1.jar (1.9 MB at 1.7 MB/s)
[b0a89b0c-87ac-43c5-85fe-f828ef2797dd/build]   | [INFO] Downloaded from central: https://repo.maven.apache.org/maven2/xerces/xercesImpl/2.8.0/xercesImpl-2.8.0.jar (1.2 MB at 1.0 MB/s)
[b0a89b0c-87ac-43c5-85fe-f828ef2797dd/build]   | [INFO] Downloaded from central: https://repo.maven.apache.org/maven2/xalan/xalan/2.7.0/xalan-2.7.0.jar (2.7 MB at 1.9 MB/s)
[b0a89b0c-87ac-43c5-85fe-f828ef2797dd/build]   | [INFO] Downloaded from central: https://repo.maven.apache.org/maven2/org/clojure/clojure/1.4.0/clojure-1.4.0.jar (3.4 MB at 2.2 MB/s)
[b0a89b0c-87ac-43c5-85fe-f828ef2797dd/build]   | [INFO] Downloaded from central: https://repo.maven.apache.org/maven2/org/python/jython/2.5.3/jython-2.5.3.jar (8.3 MB at 4.8 MB/s)
[b0a89b0c-87ac-43c5-85fe-f828ef2797dd/build]   | [INFO] 
[b0a89b0c-87ac-43c5-85fe-f828ef2797dd/build]   | [INFO] --- maven-resources-plugin:2.6:resources (default-resources) @ nodebox ---
[b0a89b0c-87ac-43c5-85fe-f828ef2797dd/build]   | [INFO] Downloading from central: https://repo.maven.apache.org/maven2/org/apache/maven/maven-plugin-api/2.0.6/maven-plugin-api-2.0.6.pom
[b0a89b0c-87ac-43c5-85fe-f828ef2797dd/build]   | [INFO] Downloaded from central: https://repo.maven.apache.org/maven2/org/apache/maven/maven-plugin-api/2.0.6/maven-plugin-api-2.0.6.pom (1.5 kB at 61 kB/s)
[b0a89b0c-87ac-43c5-85fe-f828ef2797dd/build]   | [INFO] Downloading from central: https://repo.maven.apache.org/maven2/org/apache/maven/maven/2.0.6/maven-2.0.6.pom
[b0a89b0c-87ac-43c5-85fe-f828ef2797dd/build]   | [INFO] Downloaded from central: https://repo.maven.apache.org/maven2/org/apache/maven/maven/2.0.6/maven-2.0.6.pom (9.0 kB at 503 kB/s)
[b0a89b0c-87ac-43c5-85fe-f828ef2797dd/build]   | [INFO] Downloading from central: https://repo.maven.apache.org/maven2/org/apache/maven/maven-parent/5/maven-parent-5.pom
[b0a89b0c-87ac-43c5-85fe-f828ef2797dd/build]   | [INFO] Downloaded from central: https://repo.maven.apache.org/maven2/org/apache/maven/maven-parent/5/maven-parent-5.pom (15 kB at 693 kB/s)
[b0a89b0c-87ac-43c5-85fe-f828ef2797dd/build]   | [INFO] Downloading from central: https://repo.maven.apache.org/maven2/org/apache/apache/3/apache-3.pom
[b0a89b0c-87ac-43c5-85fe-f828ef2797dd/build]   | [INFO] Downloaded from central: https://repo.maven.apache.org/maven2/org/apache/apache/3/apache-3.pom (3.4 kB at 343 kB/s)
[b0a89b0c-87ac-43c5-85fe-f828ef2797dd/build]   | [INFO] Downloading from central: https://repo.maven.apache.org/maven2/org/apache/maven/maven-project/2.0.6/maven-project-2.0.6.pom
[b0a89b0c-87ac-43c5-85fe-f828ef2797dd/build]   | [INFO] Downloaded from central: https://repo.maven.apache.org/maven2/org/apache/maven/maven-project/2.0.6/maven-project-2.0.6.pom (2.6 kB at 35 kB/s)
[b0a89b0c-87ac-43c5-85fe-f828ef2797dd/build]   | [INFO] Downloading from central: https://repo.maven.apache.org/maven2/org/apache/maven/maven-settings/2.0.6/maven-settings-2.0.6.pom
[b0a89b0c-87ac-43c5-85fe-f828ef2797dd/build]   | [INFO] Downloaded from central: https://repo.maven.apache.org/maven2/org/apache/maven/maven-settings/2.0.6/maven-settings-2.0.6.pom (2.0 kB at 74 kB/s)
[b0a89b0c-87ac-43c5-85fe-f828ef2797dd/build]   | [INFO] Downloading from central: https://repo.maven.apache.org/maven2/org/apache/maven/maven-model/2.0.6/maven-model-2.0.6.pom
[b0a89b0c-87ac-43c5-85fe-f828ef2797dd/build]   | [INFO] Downloaded from central: https://repo.maven.apache.org/maven2/org/apache/maven/maven-model/2.0.6/maven-model-2.0.6.pom (3.0 kB at 203 kB/s)
[b0a89b0c-87ac-43c5-85fe-f828ef2797dd/build]   | [INFO] Downloading from central: https://repo.maven.apache.org/maven2/org/codehaus/plexus/plexus-utils/1.4.1/plexus-utils-1.4.1.pom
[b0a89b0c-87ac-43c5-85fe-f828ef2797dd/build]   | [INFO] Downloaded from central: https://repo.maven.apache.org/maven2/org/codehaus/plexus/plexus-utils/1.4.1/plexus-utils-1.4.1.pom (1.9 kB at 100 kB/s)
[b0a89b0c-87ac-43c5-85fe-f828ef2797dd/build]   | [INFO] Downloading from central: https://repo.maven.apache.org/maven2/org/codehaus/plexus/plexus/1.0.11/plexus-1.0.11.pom
[b0a89b0c-87ac-43c5-85fe-f828ef2797dd/build]   | [INFO] Downloaded from central: https://repo.maven.apache.org/maven2/org/codehaus/plexus/plexus/1.0.11/plexus-1.0.11.pom (9.0 kB at 374 kB/s)
[b0a89b0c-87ac-43c5-85fe-f828ef2797dd/build]   | [INFO] Downloading from central: https://repo.maven.apache.org/maven2/org/codehaus/plexus/plexus-container-default/1.0-alpha-9-stable-1/plexus-container-default-1.0-alpha-9-stable-1.pom
[b0a89b0c-87ac-43c5-85fe-f828ef2797dd/build]   | [INFO] Downloaded from central: https://repo.maven.apache.org/maven2/org/codehaus/plexus/plexus-container-default/1.0-alpha-9-stable-1/plexus-container-default-1.0-alpha-9-stable-1.pom (3.9 kB at 188 kB/s)
[b0a89b0c-87ac-43c5-85fe-f828ef2797dd/build]   | [INFO] Downloading from central: https://repo.maven.apache.org/maven2/org/codehaus/plexus/plexus-containers/1.0.3/plexus-containers-1.0.3.pom
[b0a89b0c-87ac-43c5-85fe-f828ef2797dd/build]   | [INFO] Downloaded from central: https://repo.maven.apache.org/maven2/org/codehaus/plexus/plexus-containers/1.0.3/plexus-containers-1.0.3.pom (492 B at 20 kB/s)
[b0a89b0c-87ac-43c5-85fe-f828ef2797dd/build]   | [INFO] Downloading from central: https://repo.maven.apache.org/maven2/org/codehaus/plexus/plexus/1.0.4/plexus-1.0.4.pom
[b0a89b0c-87ac-43c5-85fe-f828ef2797dd/build]   | [INFO] Downloaded from central: https://repo.maven.apache.org/maven2/org/codehaus/plexus/plexus/1.0.4/plexus-1.0.4.pom (5.7 kB at 302 kB/s)
[b0a89b0c-87ac-43c5-85fe-f828ef2797dd/build]   | [INFO] Downloading from central: https://repo.maven.apache.org/maven2/junit/junit/3.8.1/junit-3.8.1.pom
[b0a89b0c-87ac-43c5-85fe-f828ef2797dd/build]   | [INFO] Downloaded from central: https://repo.maven.apache.org/maven2/junit/junit/3.8.1/junit-3.8.1.pom (998 B at 59 kB/s)
[b0a89b0c-87ac-43c5-85fe-f828ef2797dd/build]   | [INFO] Downloading from central: https://repo.maven.apache.org/maven2/org/codehaus/plexus/plexus-utils/1.0.4/plexus-utils-1.0.4.pom
[b0a89b0c-87ac-43c5-85fe-f828ef2797dd/build]   | [INFO] Downloaded from central: https://repo.maven.apache.org/maven2/org/codehaus/plexus/plexus-utils/1.0.4/plexus-utils-1.0.4.pom (6.9 kB at 403 kB/s)
[b0a89b0c-87ac-43c5-85fe-f828ef2797dd/build]   | [INFO] Downloading from central: https://repo.maven.apache.org/maven2/classworlds/classworlds/1.1-alpha-2/classworlds-1.1-alpha-2.pom
[b0a89b0c-87ac-43c5-85fe-f828ef2797dd/build]   | [INFO] Downloaded from central: https://repo.maven.apache.org/maven2/classworlds/classworlds/1.1-alpha-2/classworlds-1.1-alpha-2.pom (3.1 kB at 125 kB/s)
[b0a89b0c-87ac-43c5-85fe-f828ef2797dd/build]   | [INFO] Downloading from central: https://repo.maven.apache.org/maven2/org/apache/maven/maven-profile/2.0.6/maven-profile-2.0.6.pom
[b0a89b0c-87ac-43c5-85fe-f828ef2797dd/build]   | [INFO] Downloaded from central: https://repo.maven.apache.org/maven2/org/apache/maven/maven-profile/2.0.6/maven-profile-2.0.6.pom (2.0 kB at 110 kB/s)
[b0a89b0c-87ac-43c5-85fe-f828ef2797dd/build]   | [INFO] Downloading from central: https://repo.maven.apache.org/maven2/org/apache/maven/maven-artifact-manager/2.0.6/maven-artifact-manager-2.0.6.pom
[b0a89b0c-87ac-43c5-85fe-f828ef2797dd/build]   | [INFO] Downloaded from central: https://repo.maven.apache.org/maven2/org/apache/maven/maven-artifact-manager/2.0.6/maven-artifact-manager-2.0.6.pom (2.6 kB at 175 kB/s)
[b0a89b0c-87ac-43c5-85fe-f828ef2797dd/build]   | [INFO] Downloading from central: https://repo.maven.apache.org/maven2/org/apache/maven/maven-repository-metadata/2.0.6/maven-repository-metadata-2.0.6.pom
[b0a89b0c-87ac-43c5-85fe-f828ef2797dd/build]   | [INFO] Downloaded from central: https://repo.maven.apache.org/maven2/org/apache/maven/maven-repository-metadata/2.0.6/maven-repository-metadata-2.0.6.pom (1.9 kB at 58 kB/s)
[b0a89b0c-87ac-43c5-85fe-f828ef2797dd/build]   | [INFO] Downloading from central: https://repo.maven.apache.org/maven2/org/apache/maven/maven-artifact/2.0.6/maven-artifact-2.0.6.pom
[b0a89b0c-87ac-43c5-85fe-f828ef2797dd/build]   | [INFO] Downloaded from central: https://repo.maven.apache.org/maven2/org/apache/maven/maven-artifact/2.0.6/maven-artifact-2.0.6.pom (1.6 kB at 88 kB/s)
[b0a89b0c-87ac-43c5-85fe-f828ef2797dd/build]   | [INFO] Downloading from central: https://repo.maven.apache.org/maven2/org/apache/maven/maven-plugin-registry/2.0.6/maven-plugin-registry-2.0.6.pom
[b0a89b0c-87ac-43c5-85fe-f828ef2797dd/build]   | [INFO] Downloaded from central: https://repo.maven.apache.org/maven2/org/apache/maven/maven-plugin-registry/2.0.6/maven-plugin-registry-2.0.6.pom (1.9 kB at 102 kB/s)
[b0a89b0c-87ac-43c5-85fe-f828ef2797dd/build]   | [INFO] Downloading from central: https://repo.maven.apache.org/maven2/org/apache/maven/maven-core/2.0.6/maven-core-2.0.6.pom
[b0a89b0c-87ac-43c5-85fe-f828ef2797dd/build]   | [INFO] Downloaded from central: https://repo.maven.apache.org/maven2/org/apache/maven/maven-core/2.0.6/maven-core-2.0.6.pom (6.7 kB at 336 kB/s)
[b0a89b0c-87ac-43c5-85fe-f828ef2797dd/build]   | [INFO] Downloading from central: https://repo.maven.apache.org/maven2/org/apache/maven/maven-plugin-parameter-documenter/2.0.6/maven-plugin-parameter-documenter-2.0.6.pom
[b0a89b0c-87ac-43c5-85fe-f828ef2797dd/build]   | [INFO] Downloaded from central: https://repo.maven.apache.org/maven2/org/apache/maven/maven-plugin-parameter-documenter/2.0.6/maven-plugin-parameter-documenter-2.0.6.pom (1.9 kB at 71 kB/s)
[b0a89b0c-87ac-43c5-85fe-f828ef2797dd/build]   | [INFO] Downloading from central: https://repo.maven.apache.org/maven2/org/apache/maven/reporting/maven-reporting-api/2.0.6/maven-reporting-api-2.0.6.pom
[b0a89b0c-87ac-43c5-85fe-f828ef2797dd/build]   | [INFO] Downloaded from central: https://repo.maven.apache.org/maven2/org/apache/maven/reporting/maven-reporting-api/2.0.6/maven-reporting-api-2.0.6.pom (1.8 kB at 103 kB/s)
[b0a89b0c-87ac-43c5-85fe-f828ef2797dd/build]   | [INFO] Downloading from central: https://repo.maven.apache.org/maven2/org/apache/maven/reporting/maven-reporting/2.0.6/maven-reporting-2.0.6.pom
[b0a89b0c-87ac-43c5-85fe-f828ef2797dd/build]   | [INFO] Downloaded from central: https://repo.maven.apache.org/maven2/org/apache/maven/reporting/maven-reporting/2.0.6/maven-reporting-2.0.6.pom (1.4 kB at 55 kB/s)
[b0a89b0c-87ac-43c5-85fe-f828ef2797dd/build]   | [INFO] Downloading from central: https://repo.maven.apache.org/maven2/org/apache/maven/doxia/doxia-sink-api/1.0-alpha-7/doxia-sink-api-1.0-alpha-7.pom
[b0a89b0c-87ac-43c5-85fe-f828ef2797dd/build]   | [INFO] Downloaded from central: https://repo.maven.apache.org/maven2/org/apache/maven/doxia/doxia-sink-api/1.0-alpha-7/doxia-sink-api-1.0-alpha-7.pom (424 B at 14 kB/s)
[b0a89b0c-87ac-43c5-85fe-f828ef2797dd/build]   | [INFO] Downloading from central: https://repo.maven.apache.org/maven2/org/apache/maven/doxia/doxia/1.0-alpha-7/doxia-1.0-alpha-7.pom
[b0a89b0c-87ac-43c5-85fe-f828ef2797dd/build]   | [INFO] Downloaded from central: https://repo.maven.apache.org/maven2/org/apache/maven/doxia/doxia/1.0-alpha-7/doxia-1.0-alpha-7.pom (3.9 kB at 178 kB/s)
[b0a89b0c-87ac-43c5-85fe-f828ef2797dd/build]   | [INFO] Downloading from central: https://repo.maven.apache.org/maven2/org/apache/maven/maven-error-diagnostics/2.0.6/maven-error-diagnostics-2.0.6.pom
[b0a89b0c-87ac-43c5-85fe-f828ef2797dd/build]   | [INFO] Downloaded from central: https://repo.maven.apache.org/maven2/org/apache/maven/maven-error-diagnostics/2.0.6/maven-error-diagnostics-2.0.6.pom (1.7 kB at 59 kB/s)
[b0a89b0c-87ac-43c5-85fe-f828ef2797dd/build]   | [INFO] Downloading from central: https://repo.maven.apache.org/maven2/commons-cli/commons-cli/1.0/commons-cli-1.0.pom
[b0a89b0c-87ac-43c5-85fe-f828ef2797dd/build]   | [INFO] Downloaded from central: https://repo.maven.apache.org/maven2/commons-cli/commons-cli/1.0/commons-cli-1.0.pom (2.1 kB at 42 kB/s)
[b0a89b0c-87ac-43c5-85fe-f828ef2797dd/build]   | [INFO] Downloading from central: https://repo.maven.apache.org/maven2/org/apache/maven/maven-plugin-descriptor/2.0.6/maven-plugin-descriptor-2.0.6.pom
[b0a89b0c-87ac-43c5-85fe-f828ef2797dd/build]   | [INFO] Downloaded from central: https://repo.maven.apache.org/maven2/org/apache/maven/maven-plugin-descriptor/2.0.6/maven-plugin-descriptor-2.0.6.pom (2.0 kB at 59 kB/s)
[b0a89b0c-87ac-43c5-85fe-f828ef2797dd/build]   | [INFO] Downloading from central: https://repo.maven.apache.org/maven2/org/codehaus/plexus/plexus-interactivity-api/1.0-alpha-4/plexus-interactivity-api-1.0-alpha-4.pom
[b0a89b0c-87ac-43c5-85fe-f828ef2797dd/build]   | [INFO] Downloaded from central: https://repo.maven.apache.org/maven2/org/codehaus/plexus/plexus-interactivity-api/1.0-alpha-4/plexus-interactivity-api-1.0-alpha-4.pom (7.1 kB at 161 kB/s)
[b0a89b0c-87ac-43c5-85fe-f828ef2797dd/build]   | [INFO] Downloading from central: https://repo.maven.apache.org/maven2/org/apache/maven/maven-monitor/2.0.6/maven-monitor-2.0.6.pom
[b0a89b0c-87ac-43c5-85fe-f828ef2797dd/build]   | [INFO] Downloaded from central: https://repo.maven.apache.org/maven2/org/apache/maven/maven-monitor/2.0.6/maven-monitor-2.0.6.pom (1.3 kB at 21 kB/s)
[b0a89b0c-87ac-43c5-85fe-f828ef2797dd/build]   | [INFO] Downloading from central: https://repo.maven.apache.org/maven2/classworlds/classworlds/1.1/classworlds-1.1.pom
[b0a89b0c-87ac-43c5-85fe-f828ef2797dd/build]   | [INFO] Downloaded from central: https://repo.maven.apache.org/maven2/classworlds/classworlds/1.1/classworlds-1.1.pom (3.3 kB at 208 kB/s)
[b0a89b0c-87ac-43c5-85fe-f828ef2797dd/build]   | [INFO] Downloading from central: https://repo.maven.apache.org/maven2/org/codehaus/plexus/plexus-utils/2.0.5/plexus-utils-2.0.5.pom
[b0a89b0c-87ac-43c5-85fe-f828ef2797dd/build]   | [INFO] Downloaded from central: https://repo.maven.apache.org/maven2/org/codehaus/plexus/plexus-utils/2.0.5/plexus-utils-2.0.5.pom (3.3 kB at 133 kB/s)
[b0a89b0c-87ac-43c5-85fe-f828ef2797dd/build]   | [INFO] Downloading from central: https://repo.maven.apache.org/maven2/org/codehaus/plexus/plexus/2.0.6/plexus-2.0.6.pom
[b0a89b0c-87ac-43c5-85fe-f828ef2797dd/build]   | [INFO] Downloaded from central: https://repo.maven.apache.org/maven2/org/codehaus/plexus/plexus/2.0.6/plexus-2.0.6.pom (17 kB at 838 kB/s)
[b0a89b0c-87ac-43c5-85fe-f828ef2797dd/build]   | [INFO] Downloading from central: https://repo.maven.apache.org/maven2/org/apache/maven/shared/maven-filtering/1.1/maven-filtering-1.1.pom
[b0a89b0c-87ac-43c5-85fe-f828ef2797dd/build]   | [INFO] Downloaded from central: https://repo.maven.apache.org/maven2/org/apache/maven/shared/maven-filtering/1.1/maven-filtering-1.1.pom (5.8 kB at 193 kB/s)
[b0a89b0c-87ac-43c5-85fe-f828ef2797dd/build]   | [INFO] Downloading from central: https://repo.maven.apache.org/maven2/org/apache/maven/shared/maven-shared-components/17/maven-shared-components-17.pom
[b0a89b0c-87ac-43c5-85fe-f828ef2797dd/build]   | [INFO] Downloaded from central: https://repo.maven.apache.org/maven2/org/apache/maven/shared/maven-shared-components/17/maven-shared-components-17.pom (8.7 kB at 435 kB/s)
[b0a89b0c-87ac-43c5-85fe-f828ef2797dd/build]   | [INFO] Downloading from central: https://repo.maven.apache.org/maven2/org/codehaus/plexus/plexus-utils/1.5.15/plexus-utils-1.5.15.pom
[b0a89b0c-87ac-43c5-85fe-f828ef2797dd/build]   | [INFO] Downloaded from central: https://repo.maven.apache.org/maven2/org/codehaus/plexus/plexus-utils/1.5.15/plexus-utils-1.5.15.pom (6.8 kB at 403 kB/s)
[b0a89b0c-87ac-43c5-85fe-f828ef2797dd/build]   | [INFO] Downloading from central: https://repo.maven.apache.org/maven2/org/codehaus/plexus/plexus/2.0.2/plexus-2.0.2.pom
[b0a89b0c-87ac-43c5-85fe-f828ef2797dd/build]   | [INFO] Downloaded from central: https://repo.maven.apache.org/maven2/org/codehaus/plexus/plexus/2.0.2/plexus-2.0.2.pom (12 kB at 415 kB/s)
[b0a89b0c-87ac-43c5-85fe-f828ef2797dd/build]   | [INFO] Downloading from central: https://repo.maven.apache.org/maven2/org/codehaus/plexus/plexus-interpolation/1.12/plexus-interpolation-1.12.pom
[b0a89b0c-87ac-43c5-85fe-f828ef2797dd/build]   | [INFO] Downloaded from central: https://repo.maven.apache.org/maven2/org/codehaus/plexus/plexus-interpolation/1.12/plexus-interpolation-1.12.pom (889 B at 31 kB/s)
[b0a89b0c-87ac-43c5-85fe-f828ef2797dd/build]   | [INFO] Downloading from central: https://repo.maven.apache.org/maven2/org/codehaus/plexus/plexus-components/1.1.14/plexus-components-1.1.14.pom
[b0a89b0c-87ac-43c5-85fe-f828ef2797dd/build]   | [INFO] Downloaded from central: https://repo.maven.apache.org/maven2/org/codehaus/plexus/plexus-components/1.1.14/plexus-components-1.1.14.pom (5.8 kB at 278 kB/s)
[b0a89b0c-87ac-43c5-85fe-f828ef2797dd/build]   | [INFO] Downloading from central: https://repo.maven.apache.org/maven2/org/sonatype/plexus/plexus-build-api/0.0.4/plexus-build-api-0.0.4.pom
[b0a89b0c-87ac-43c5-85fe-f828ef2797dd/build]   | [INFO] Downloaded from central: https://repo.maven.apache.org/maven2/org/sonatype/plexus/plexus-build-api/0.0.4/plexus-build-api-0.0.4.pom (2.9 kB at 179 kB/s)
[b0a89b0c-87ac-43c5-85fe-f828ef2797dd/build]   | [INFO] Downloading from central: https://repo.maven.apache.org/maven2/org/sonatype/spice/spice-parent/10/spice-parent-10.pom
[b0a89b0c-87ac-43c5-85fe-f828ef2797dd/build]   | [INFO] Downloaded from central: https://repo.maven.apache.org/maven2/org/sonatype/spice/spice-parent/10/spice-parent-10.pom (3.0 kB at 177 kB/s)
[b0a89b0c-87ac-43c5-85fe-f828ef2797dd/build]   | [INFO] Downloading from central: https://repo.maven.apache.org/maven2/org/sonatype/forge/forge-parent/3/forge-parent-3.pom
[b0a89b0c-87ac-43c5-85fe-f828ef2797dd/build]   | [INFO] Downloaded from central: https://repo.maven.apache.org/maven2/org/sonatype/forge/forge-parent/3/forge-parent-3.pom (5.0 kB at 387 kB/s)
[b0a89b0c-87ac-43c5-85fe-f828ef2797dd/build]   | [INFO] Downloading from central: https://repo.maven.apache.org/maven2/org/codehaus/plexus/plexus-utils/1.5.8/plexus-utils-1.5.8.pom
[b0a89b0c-87ac-43c5-85fe-f828ef2797dd/build]   | [INFO] Downloaded from central: https://repo.maven.apache.org/maven2/org/codehaus/plexus/plexus-utils/1.5.8/plexus-utils-1.5.8.pom (8.1 kB at 403 kB/s)
[b0a89b0c-87ac-43c5-85fe-f828ef2797dd/build]   | [INFO] Downloading from central: https://repo.maven.apache.org/maven2/org/codehaus/plexus/plexus-interpolation/1.13/plexus-interpolation-1.13.pom
[b0a89b0c-87ac-43c5-85fe-f828ef2797dd/build]   | [INFO] Downloaded from central: https://repo.maven.apache.org/maven2/org/codehaus/plexus/plexus-interpolation/1.13/plexus-interpolation-1.13.pom (890 B at 42 kB/s)
[b0a89b0c-87ac-43c5-85fe-f828ef2797dd/build]   | [INFO] Downloading from central: https://repo.maven.apache.org/maven2/org/codehaus/plexus/plexus-components/1.1.15/plexus-components-1.1.15.pom
[b0a89b0c-87ac-43c5-85fe-f828ef2797dd/build]   | [INFO] Downloaded from central: https://repo.maven.apache.org/maven2/org/codehaus/plexus/plexus-components/1.1.15/plexus-components-1.1.15.pom (2.8 kB at 150 kB/s)
[b0a89b0c-87ac-43c5-85fe-f828ef2797dd/build]   | [INFO] Downloading from central: https://repo.maven.apache.org/maven2/org/codehaus/plexus/plexus/2.0.3/plexus-2.0.3.pom
[b0a89b0c-87ac-43c5-85fe-f828ef2797dd/build]   | [INFO] Downloaded from central: https://repo.maven.apache.org/maven2/org/codehaus/plexus/plexus/2.0.3/plexus-2.0.3.pom (15 kB at 814 kB/s)
[b0a89b0c-87ac-43c5-85fe-f828ef2797dd/build]   | [INFO] Downloading from central: https://repo.maven.apache.org/maven2/org/apache/maven/maven-plugin-api/2.0.6/maven-plugin-api-2.0.6.jar
[b0a89b0c-87ac-43c5-85fe-f828ef2797dd/build]   | [INFO] Downloading from central: https://repo.maven.apache.org/maven2/org/apache/maven/maven-project/2.0.6/maven-project-2.0.6.jar
[b0a89b0c-87ac-43c5-85fe-f828ef2797dd/build]   | [INFO] Downloading from central: https://repo.maven.apache.org/maven2/org/apache/maven/maven-profile/2.0.6/maven-profile-2.0.6.jar
[b0a89b0c-87ac-43c5-85fe-f828ef2797dd/build]   | [INFO] Downloading from central: https://repo.maven.apache.org/maven2/org/apache/maven/maven-artifact-manager/2.0.6/maven-artifact-manager-2.0.6.jar
[b0a89b0c-87ac-43c5-85fe-f828ef2797dd/build]   | [INFO] Downloading from central: https://repo.maven.apache.org/maven2/org/apache/maven/maven-plugin-registry/2.0.6/maven-plugin-registry-2.0.6.jar
[b0a89b0c-87ac-43c5-85fe-f828ef2797dd/build]   | [INFO] Downloaded from central: https://repo.maven.apache.org/maven2/org/apache/maven/maven-plugin-api/2.0.6/maven-plugin-api-2.0.6.jar (13 kB at 612 kB/s)
[b0a89b0c-87ac-43c5-85fe-f828ef2797dd/build]   | [INFO] Downloading from central: https://repo.maven.apache.org/maven2/org/apache/maven/maven-core/2.0.6/maven-core-2.0.6.jar
[b0a89b0c-87ac-43c5-85fe-f828ef2797dd/build]   | [INFO] Downloaded from central: https://repo.maven.apache.org/maven2/org/apache/maven/maven-profile/2.0.6/maven-profile-2.0.6.jar (35 kB at 904 kB/s)
[b0a89b0c-87ac-43c5-85fe-f828ef2797dd/build]   | [INFO] Downloading from central: https://repo.maven.apache.org/maven2/org/apache/maven/maven-plugin-parameter-documenter/2.0.6/maven-plugin-parameter-documenter-2.0.6.jar
[b0a89b0c-87ac-43c5-85fe-f828ef2797dd/build]   | [INFO] Downloaded from central: https://repo.maven.apache.org/maven2/org/apache/maven/maven-artifact-manager/2.0.6/maven-artifact-manager-2.0.6.jar (57 kB at 1.2 MB/s)
[b0a89b0c-87ac-43c5-85fe-f828ef2797dd/build]   | [INFO] Downloading from central: https://repo.maven.apache.org/maven2/org/apache/maven/reporting/maven-reporting-api/2.0.6/maven-reporting-api-2.0.6.jar
[b0a89b0c-87ac-43c5-85fe-f828ef2797dd/build]   | [INFO] Downloaded from central: https://repo.maven.apache.org/maven2/org/apache/maven/maven-project/2.0.6/maven-project-2.0.6.jar (116 kB at 2.2 MB/s)
[b0a89b0c-87ac-43c5-85fe-f828ef2797dd/build]   | [INFO] Downloading from central: https://repo.maven.apache.org/maven2/org/apache/maven/doxia/doxia-sink-api/1.0-alpha-7/doxia-sink-api-1.0-alpha-7.jar
[b0a89b0c-87ac-43c5-85fe-f828ef2797dd/build]   | [INFO] Downloaded from central: https://repo.maven.apache.org/maven2/org/apache/maven/maven-plugin-registry/2.0.6/maven-plugin-registry-2.0.6.jar (29 kB at 556 kB/s)
[b0a89b0c-87ac-43c5-85fe-f828ef2797dd/build]   | [INFO] Downloading from central: https://repo.maven.apache.org/maven2/org/apache/maven/maven-repository-metadata/2.0.6/maven-repository-metadata-2.0.6.jar
[b0a89b0c-87ac-43c5-85fe-f828ef2797dd/build]   | [INFO] Downloaded from central: https://repo.maven.apache.org/maven2/org/apache/maven/maven-core/2.0.6/maven-core-2.0.6.jar (152 kB at 2.5 MB/s)
[b0a89b0c-87ac-43c5-85fe-f828ef2797dd/build]   | [INFO] Downloaded from central: https://repo.maven.apache.org/maven2/org/apache/maven/reporting/maven-reporting-api/2.0.6/maven-reporting-api-2.0.6.jar (9.9 kB at 168 kB/s)
[b0a89b0c-87ac-43c5-85fe-f828ef2797dd/build]   | [INFO] Downloaded from central: https://repo.maven.apache.org/maven2/org/apache/maven/maven-plugin-parameter-documenter/2.0.6/maven-plugin-parameter-documenter-2.0.6.jar (21 kB at 352 kB/s)
[b0a89b0c-87ac-43c5-85fe-f828ef2797dd/build]   | [INFO] Downloading from central: https://repo.maven.apache.org/maven2/commons-cli/commons-cli/1.0/commons-cli-1.0.jar
[b0a89b0c-87ac-43c5-85fe-f828ef2797dd/build]   | [INFO] Downloading from central: https://repo.maven.apache.org/maven2/org/apache/maven/maven-plugin-descriptor/2.0.6/maven-plugin-descriptor-2.0.6.jar
[b0a89b0c-87ac-43c5-85fe-f828ef2797dd/build]   | [INFO] Downloading from central: https://repo.maven.apache.org/maven2/org/apache/maven/maven-error-diagnostics/2.0.6/maven-error-diagnostics-2.0.6.jar
[b0a89b0c-87ac-43c5-85fe-f828ef2797dd/build]   | [INFO] Downloaded from central: https://repo.maven.apache.org/maven2/org/apache/maven/maven-repository-metadata/2.0.6/maven-repository-metadata-2.0.6.jar (24 kB at 365 kB/s)
[b0a89b0c-87ac-43c5-85fe-f828ef2797dd/build]   | [INFO] Downloading from central: https://repo.maven.apache.org/maven2/org/codehaus/plexus/plexus-interactivity-api/1.0-alpha-4/plexus-interactivity-api-1.0-alpha-4.jar
[b0a89b0c-87ac-43c5-85fe-f828ef2797dd/build]   | [INFO] Downloaded from central: https://repo.maven.apache.org/maven2/org/apache/maven/doxia/doxia-sink-api/1.0-alpha-7/doxia-sink-api-1.0-alpha-7.jar (5.9 kB at 87 kB/s)
[b0a89b0c-87ac-43c5-85fe-f828ef2797dd/build]   | [INFO] Downloading from central: https://repo.maven.apache.org/maven2/classworlds/classworlds/1.1/classworlds-1.1.jar
[b0a89b0c-87ac-43c5-85fe-f828ef2797dd/build]   | [INFO] Downloaded from central: https://repo.maven.apache.org/maven2/commons-cli/commons-cli/1.0/commons-cli-1.0.jar (30 kB at 436 kB/s)
[b0a89b0c-87ac-43c5-85fe-f828ef2797dd/build]   | [INFO] Downloading from central: https://repo.maven.apache.org/maven2/org/apache/maven/maven-artifact/2.0.6/maven-artifact-2.0.6.jar
[b0a89b0c-87ac-43c5-85fe-f828ef2797dd/build]   | [INFO] Downloaded from central: https://repo.maven.apache.org/maven2/org/apache/maven/maven-plugin-descriptor/2.0.6/maven-plugin-descriptor-2.0.6.jar (37 kB at 519 kB/s)
[b0a89b0c-87ac-43c5-85fe-f828ef2797dd/build]   | [INFO] Downloading from central: https://repo.maven.apache.org/maven2/org/apache/maven/maven-settings/2.0.6/maven-settings-2.0.6.jar
[b0a89b0c-87ac-43c5-85fe-f828ef2797dd/build]   | [INFO] Downloaded from central: https://repo.maven.apache.org/maven2/org/apache/maven/maven-error-diagnostics/2.0.6/maven-error-diagnostics-2.0.6.jar (14 kB at 186 kB/s)
[b0a89b0c-87ac-43c5-85fe-f828ef2797dd/build]   | [INFO] Downloading from central: https://repo.maven.apache.org/maven2/org/apache/maven/maven-model/2.0.6/maven-model-2.0.6.jar
[b0a89b0c-87ac-43c5-85fe-f828ef2797dd/build]   | [INFO] Downloaded from central: https://repo.maven.apache.org/maven2/org/codehaus/plexus/plexus-interactivity-api/1.0-alpha-4/plexus-interactivity-api-1.0-alpha-4.jar (13 kB at 164 kB/s)
[b0a89b0c-87ac-43c5-85fe-f828ef2797dd/build]   | [INFO] Downloaded from central: https://repo.maven.apache.org/maven2/classworlds/classworlds/1.1/classworlds-1.1.jar (38 kB at 462 kB/s)
[b0a89b0c-87ac-43c5-85fe-f828ef2797dd/build]   | [INFO] Downloading from central: https://repo.maven.apache.org/maven2/org/apache/maven/maven-monitor/2.0.6/maven-monitor-2.0.6.jar
[b0a89b0c-87ac-43c5-85fe-f828ef2797dd/build]   | [INFO] Downloading from central: https://repo.maven.apache.org/maven2/org/codehaus/plexus/plexus-container-default/1.0-alpha-9-stable-1/plexus-container-default-1.0-alpha-9-stable-1.jar
[b0a89b0c-87ac-43c5-85fe-f828ef2797dd/build]   | [INFO] Downloaded from central: https://repo.maven.apache.org/maven2/org/apache/maven/maven-artifact/2.0.6/maven-artifact-2.0.6.jar (87 kB at 1.0 MB/s)
[b0a89b0c-87ac-43c5-85fe-f828ef2797dd/build]   | [INFO] Downloaded from central: https://repo.maven.apache.org/maven2/org/apache/maven/maven-settings/2.0.6/maven-settings-2.0.6.jar (49 kB at 564 kB/s)
[b0a89b0c-87ac-43c5-85fe-f828ef2797dd/build]   | [INFO] Downloading from central: https://repo.maven.apache.org/maven2/junit/junit/3.8.1/junit-3.8.1.jar
[b0a89b0c-87ac-43c5-85fe-f828ef2797dd/build]   | [INFO] Downloading from central: https://repo.maven.apache.org/maven2/org/codehaus/plexus/plexus-utils/2.0.5/plexus-utils-2.0.5.jar
[b0a89b0c-87ac-43c5-85fe-f828ef2797dd/build]   | [INFO] Downloaded from central: https://repo.maven.apache.org/maven2/org/apache/maven/maven-monitor/2.0.6/maven-monitor-2.0.6.jar (10 kB at 111 kB/s)
[b0a89b0c-87ac-43c5-85fe-f828ef2797dd/build]   | [INFO] Downloading from central: https://repo.maven.apache.org/maven2/org/apache/maven/shared/maven-filtering/1.1/maven-filtering-1.1.jar
[b0a89b0c-87ac-43c5-85fe-f828ef2797dd/build]   | [INFO] Downloaded from central: https://repo.maven.apache.org/maven2/org/apache/maven/maven-model/2.0.6/maven-model-2.0.6.jar (86 kB at 831 kB/s)
[b0a89b0c-87ac-43c5-85fe-f828ef2797dd/build]   | [INFO] Downloading from central: https://repo.maven.apache.org/maven2/org/sonatype/plexus/plexus-build-api/0.0.4/plexus-build-api-0.0.4.jar
[b0a89b0c-87ac-43c5-85fe-f828ef2797dd/build]   | [INFO] Downloaded from central: https://repo.maven.apache.org/maven2/org/codehaus/plexus/plexus-container-default/1.0-alpha-9-stable-1/plexus-container-default-1.0-alpha-9-stable-1.jar (194 kB at 1.7 MB/s)
[b0a89b0c-87ac-43c5-85fe-f828ef2797dd/build]   | [INFO] Downloading from central: https://repo.maven.apache.org/maven2/org/codehaus/plexus/plexus-interpolation/1.13/plexus-interpolation-1.13.jar
[b0a89b0c-87ac-43c5-85fe-f828ef2797dd/build]   | [INFO] Downloaded from central: https://repo.maven.apache.org/maven2/junit/junit/3.8.1/junit-3.8.1.jar (121 kB at 1.0 MB/s)
[b0a89b0c-87ac-43c5-85fe-f828ef2797dd/build]   | [INFO] Downloaded from central: https://repo.maven.apache.org/maven2/org/codehaus/plexus/plexus-utils/2.0.5/plexus-utils-2.0.5.jar (223 kB at 1.8 MB/s)
[b0a89b0c-87ac-43c5-85fe-f828ef2797dd/build]   | [INFO] Downloaded from central: https://repo.maven.apache.org/maven2/org/apache/maven/shared/maven-filtering/1.1/maven-filtering-1.1.jar (43 kB at 350 kB/s)
[b0a89b0c-87ac-43c5-85fe-f828ef2797dd/build]   | [INFO] Downloaded from central: https://repo.maven.apache.org/maven2/org/sonatype/plexus/plexus-build-api/0.0.4/plexus-build-api-0.0.4.jar (6.8 kB at 52 kB/s)
[b0a89b0c-87ac-43c5-85fe-f828ef2797dd/build]   | [INFO] Downloaded from central: https://repo.maven.apache.org/maven2/org/codehaus/plexus/plexus-interpolation/1.13/plexus-interpolation-1.13.jar (61 kB at 399 kB/s)
[b0a89b0c-87ac-43c5-85fe-f828ef2797dd/build]   | [WARNING] Using platform encoding (UTF-8 actually) to copy filtered resources, i.e. build is platform dependent!
[b0a89b0c-87ac-43c5-85fe-f828ef2797dd/build]   | [INFO] skip non existing resourceDirectory /tmp/91c778e5-d226-40cd-b4a5-93033232cccc/src/main/resources
[b0a89b0c-87ac-43c5-85fe-f828ef2797dd/build]   | [INFO] 
[b0a89b0c-87ac-43c5-85fe-f828ef2797dd/build]   | [INFO] --- maven-compiler-plugin:2.5.1:compile (default-compile) @ nodebox ---
[b0a89b0c-87ac-43c5-85fe-f828ef2797dd/build]   | [INFO] Downloading from central: https://repo.maven.apache.org/maven2/org/apache/maven/maven-plugin-api/2.0.9/maven-plugin-api-2.0.9.pom
[b0a89b0c-87ac-43c5-85fe-f828ef2797dd/build]   | [INFO] Downloaded from central: https://repo.maven.apache.org/maven2/org/apache/maven/maven-plugin-api/2.0.9/maven-plugin-api-2.0.9.pom (1.5 kB at 38 kB/s)
[b0a89b0c-87ac-43c5-85fe-f828ef2797dd/build]   | [INFO] Downloading from central: https://repo.maven.apache.org/maven2/org/apache/maven/maven/2.0.9/maven-2.0.9.pom
[b0a89b0c-87ac-43c5-85fe-f828ef2797dd/build]   | [INFO] Downloaded from central: https://repo.maven.apache.org/maven2/org/apache/maven/maven/2.0.9/maven-2.0.9.pom (19 kB at 675 kB/s)
[b0a89b0c-87ac-43c5-85fe-f828ef2797dd/build]   | [INFO] Downloading from central: https://repo.maven.apache.org/maven2/org/apache/maven/maven-parent/8/maven-parent-8.pom
[b0a89b0c-87ac-43c5-85fe-f828ef2797dd/build]   | [INFO] Downloaded from central: https://repo.maven.apache.org/maven2/org/apache/maven/maven-parent/8/maven-parent-8.pom (24 kB at 1.4 MB/s)
[b0a89b0c-87ac-43c5-85fe-f828ef2797dd/build]   | [INFO] Downloading from central: https://repo.maven.apache.org/maven2/org/apache/apache/4/apache-4.pom
[b0a89b0c-87ac-43c5-85fe-f828ef2797dd/build]   | [INFO] Downloaded from central: https://repo.maven.apache.org/maven2/org/apache/apache/4/apache-4.pom (4.5 kB at 98 kB/s)
[b0a89b0c-87ac-43c5-85fe-f828ef2797dd/build]   | [INFO] Downloading from central: https://repo.maven.apache.org/maven2/org/apache/maven/maven-artifact/2.0.9/maven-artifact-2.0.9.pom
[b0a89b0c-87ac-43c5-85fe-f828ef2797dd/build]   | [INFO] Downloaded from central: https://repo.maven.apache.org/maven2/org/apache/maven/maven-artifact/2.0.9/maven-artifact-2.0.9.pom (1.6 kB at 70 kB/s)
[b0a89b0c-87ac-43c5-85fe-f828ef2797dd/build]   | [INFO] Downloading from central: https://repo.maven.apache.org/maven2/org/codehaus/plexus/plexus-utils/1.5.1/plexus-utils-1.5.1.pom
[b0a89b0c-87ac-43c5-85fe-f828ef2797dd/build]   | [INFO] Downloaded from central: https://repo.maven.apache.org/maven2/org/codehaus/plexus/plexus-utils/1.5.1/plexus-utils-1.5.1.pom (2.3 kB at 109 kB/s)
[b0a89b0c-87ac-43c5-85fe-f828ef2797dd/build]   | [INFO] Downloading from central: https://repo.maven.apache.org/maven2/org/apache/maven/maven-core/2.0.9/maven-core-2.0.9.pom
[b0a89b0c-87ac-43c5-85fe-f828ef2797dd/build]   | [INFO] Downloaded from central: https://repo.maven.apache.org/maven2/org/apache/maven/maven-core/2.0.9/maven-core-2.0.9.pom (7.8 kB at 169 kB/s)
[b0a89b0c-87ac-43c5-85fe-f828ef2797dd/build]   | [INFO] Downloading from central: https://repo.maven.apache.org/maven2/org/apache/maven/maven-settings/2.0.9/maven-settings-2.0.9.pom
[b0a89b0c-87ac-43c5-85fe-f828ef2797dd/build]   | [INFO] Downloaded from central: https://repo.maven.apache.org/maven2/org/apache/maven/maven-settings/2.0.9/maven-settings-2.0.9.pom (2.1 kB at 48 kB/s)
[b0a89b0c-87ac-43c5-85fe-f828ef2797dd/build]   | [INFO] Downloading from central: https://repo.maven.apache.org/maven2/org/apache/maven/maven-model/2.0.9/maven-model-2.0.9.pom
[b0a89b0c-87ac-43c5-85fe-f828ef2797dd/build]   | [INFO] Downloaded from central: https://repo.maven.apache.org/maven2/org/apache/maven/maven-model/2.0.9/maven-model-2.0.9.pom (3.1 kB at 157 kB/s)
[b0a89b0c-87ac-43c5-85fe-f828ef2797dd/build]   | [INFO] Downloading from central: https://repo.maven.apache.org/maven2/org/apache/maven/maven-plugin-parameter-documenter/2.0.9/maven-plugin-parameter-documenter-2.0.9.pom
[b0a89b0c-87ac-43c5-85fe-f828ef2797dd/build]   | [INFO] Downloaded from central: https://repo.maven.apache.org/maven2/org/apache/maven/maven-plugin-parameter-documenter/2.0.9/maven-plugin-parameter-documenter-2.0.9.pom (2.0 kB at 109 kB/s)
[b0a89b0c-87ac-43c5-85fe-f828ef2797dd/build]   | [INFO] Downloading from central: https://repo.maven.apache.org/maven2/org/apache/maven/maven-profile/2.0.9/maven-profile-2.0.9.pom
[b0a89b0c-87ac-43c5-85fe-f828ef2797dd/build]   | [INFO] Downloaded from central: https://repo.maven.apache.org/maven2/org/apache/maven/maven-profile/2.0.9/maven-profile-2.0.9.pom (2.0 kB at 64 kB/s)
[b0a89b0c-87ac-43c5-85fe-f828ef2797dd/build]   | [INFO] Downloading from central: https://repo.maven.apache.org/maven2/org/apache/maven/maven-repository-metadata/2.0.9/maven-repository-metadata-2.0.9.pom
[b0a89b0c-87ac-43c5-85fe-f828ef2797dd/build]   | [INFO] Downloaded from central: https://repo.maven.apache.org/maven2/org/apache/maven/maven-repository-metadata/2.0.9/maven-repository-metadata-2.0.9.pom (1.9 kB at 100 kB/s)
[b0a89b0c-87ac-43c5-85fe-f828ef2797dd/build]   | [INFO] Downloading from central: https://repo.maven.apache.org/maven2/org/apache/maven/maven-error-diagnostics/2.0.9/maven-error-diagnostics-2.0.9.pom
[b0a89b0c-87ac-43c5-85fe-f828ef2797dd/build]   | [INFO] Downloaded from central: https://repo.maven.apache.org/maven2/org/apache/maven/maven-error-diagnostics/2.0.9/maven-error-diagnostics-2.0.9.pom (1.7 kB at 60 kB/s)
[b0a89b0c-87ac-43c5-85fe-f828ef2797dd/build]   | [INFO] Downloading from central: https://repo.maven.apache.org/maven2/org/apache/maven/maven-project/2.0.9/maven-project-2.0.9.pom
[b0a89b0c-87ac-43c5-85fe-f828ef2797dd/build]   | [INFO] Downloaded from central: https://repo.maven.apache.org/maven2/org/apache/maven/maven-project/2.0.9/maven-project-2.0.9.pom (2.7 kB at 181 kB/s)
[b0a89b0c-87ac-43c5-85fe-f828ef2797dd/build]   | [INFO] Downloading from central: https://repo.maven.apache.org/maven2/org/apache/maven/maven-artifact-manager/2.0.9/maven-artifact-manager-2.0.9.pom
[b0a89b0c-87ac-43c5-85fe-f828ef2797dd/build]   | [INFO] Downloaded from central: https://repo.maven.apache.org/maven2/org/apache/maven/maven-artifact-manager/2.0.9/maven-artifact-manager-2.0.9.pom (2.7 kB at 180 kB/s)
[b0a89b0c-87ac-43c5-85fe-f828ef2797dd/build]   | [INFO] Downloading from central: https://repo.maven.apache.org/maven2/org/apache/maven/maven-plugin-registry/2.0.9/maven-plugin-registry-2.0.9.pom
[b0a89b0c-87ac-43c5-85fe-f828ef2797dd/build]   | [INFO] Downloaded from central: https://repo.maven.apache.org/maven2/org/apache/maven/maven-plugin-registry/2.0.9/maven-plugin-registry-2.0.9.pom (2.0 kB at 141 kB/s)
[b0a89b0c-87ac-43c5-85fe-f828ef2797dd/build]   | [INFO] Downloading from central: https://repo.maven.apache.org/maven2/org/apache/maven/maven-plugin-descriptor/2.0.9/maven-plugin-descriptor-2.0.9.pom
[b0a89b0c-87ac-43c5-85fe-f828ef2797dd/build]   | [INFO] Downloaded from central: https://repo.maven.apache.org/maven2/org/apache/maven/maven-plugin-descriptor/2.0.9/maven-plugin-descriptor-2.0.9.pom (2.1 kB at 148 kB/s)
[b0a89b0c-87ac-43c5-85fe-f828ef2797dd/build]   | [INFO] Downloading from central: https://repo.maven.apache.org/maven2/org/apache/maven/maven-monitor/2.0.9/maven-monitor-2.0.9.pom
[b0a89b0c-87ac-43c5-85fe-f828ef2797dd/build]   | [INFO] Downloaded from central: https://repo.maven.apache.org/maven2/org/apache/maven/maven-monitor/2.0.9/maven-monitor-2.0.9.pom (1.3 kB at 36 kB/s)
[b0a89b0c-87ac-43c5-85fe-f828ef2797dd/build]   | [INFO] Downloading from central: https://repo.maven.apache.org/maven2/org/apache/maven/maven-toolchain/1.0/maven-toolchain-1.0.pom
[b0a89b0c-87ac-43c5-85fe-f828ef2797dd/build]   | [INFO] Downloaded from central: https://repo.maven.apache.org/maven2/org/apache/maven/maven-toolchain/1.0/maven-toolchain-1.0.pom (3.4 kB at 88 kB/s)
[b0a89b0c-87ac-43c5-85fe-f828ef2797dd/build]   | [INFO] Downloading from central: https://repo.maven.apache.org/maven2/org/codehaus/plexus/plexus-utils/3.0/plexus-utils-3.0.pom
[b0a89b0c-87ac-43c5-85fe-f828ef2797dd/build]   | [INFO] Downloaded from central: https://repo.maven.apache.org/maven2/org/codehaus/plexus/plexus-utils/3.0/plexus-utils-3.0.pom (4.1 kB at 313 kB/s)
[b0a89b0c-87ac-43c5-85fe-f828ef2797dd/build]   | [INFO] Downloading from central: https://repo.maven.apache.org/maven2/org/sonatype/spice/spice-parent/16/spice-parent-16.pom
[b0a89b0c-87ac-43c5-85fe-f828ef2797dd/build]   | [INFO] Downloaded from central: https://repo.maven.apache.org/maven2/org/sonatype/spice/spice-parent/16/spice-parent-16.pom (8.4 kB at 398 kB/s)
[b0a89b0c-87ac-43c5-85fe-f828ef2797dd/build]   | [INFO] Downloading from central: https://repo.maven.apache.org/maven2/org/sonatype/forge/forge-parent/5/forge-parent-5.pom
[b0a89b0c-87ac-43c5-85fe-f828ef2797dd/build]   | [INFO] Downloaded from central: https://repo.maven.apache.org/maven2/org/sonatype/forge/forge-parent/5/forge-parent-5.pom (8.4 kB at 465 kB/s)
[b0a89b0c-87ac-43c5-85fe-f828ef2797dd/build]   | [INFO] Downloading from central: https://repo.maven.apache.org/maven2/org/codehaus/plexus/plexus-compiler-api/1.9.1/plexus-compiler-api-1.9.1.pom
[b0a89b0c-87ac-43c5-85fe-f828ef2797dd/build]   | [INFO] Downloaded from central: https://repo.maven.apache.org/maven2/org/codehaus/plexus/plexus-compiler-api/1.9.1/plexus-compiler-api-1.9.1.pom (867 B at 19 kB/s)
[b0a89b0c-87ac-43c5-85fe-f828ef2797dd/build]   | [INFO] Downloading from central: https://repo.maven.apache.org/maven2/org/codehaus/plexus/plexus-compiler/1.9.1/plexus-compiler-1.9.1.pom
[b0a89b0c-87ac-43c5-85fe-f828ef2797dd/build]   | [INFO] Downloaded from central: https://repo.maven.apache.org/maven2/org/codehaus/plexus/plexus-compiler/1.9.1/plexus-compiler-1.9.1.pom (3.8 kB at 160 kB/s)
[b0a89b0c-87ac-43c5-85fe-f828ef2797dd/build]   | [INFO] Downloading from central: https://repo.maven.apache.org/maven2/org/codehaus/plexus/plexus-components/1.1.20/plexus-components-1.1.20.pom
[b0a89b0c-87ac-43c5-85fe-f828ef2797dd/build]   | [INFO] Downloaded from central: https://repo.maven.apache.org/maven2/org/codehaus/plexus/plexus-components/1.1.20/plexus-components-1.1.20.pom (3.0 kB at 274 kB/s)
[b0a89b0c-87ac-43c5-85fe-f828ef2797dd/build]   | [INFO] Downloading from central: https://repo.maven.apache.org/maven2/org/codehaus/plexus/plexus/3.1/plexus-3.1.pom
[b0a89b0c-87ac-43c5-85fe-f828ef2797dd/build]   | [INFO] Downloaded from central: https://repo.maven.apache.org/maven2/org/codehaus/plexus/plexus/3.1/plexus-3.1.pom (19 kB at 931 kB/s)
[b0a89b0c-87ac-43c5-85fe-f828ef2797dd/build]   | [INFO] Downloading from central: https://repo.maven.apache.org/maven2/org/sonatype/spice/spice-parent/17/spice-parent-17.pom
[b0a89b0c-87ac-43c5-85fe-f828ef2797dd/build]   | [INFO] Downloaded from central: https://repo.maven.apache.org/maven2/org/sonatype/spice/spice-parent/17/spice-parent-17.pom (6.8 kB at 250 kB/s)
[b0a89b0c-87ac-43c5-85fe-f828ef2797dd/build]   | [INFO] Downloading from central: https://repo.maven.apache.org/maven2/org/sonatype/forge/forge-parent/10/forge-parent-10.pom
[b0a89b0c-87ac-43c5-85fe-f828ef2797dd/build]   | [INFO] Downloaded from central: https://repo.maven.apache.org/maven2/org/sonatype/forge/forge-parent/10/forge-parent-10.pom (14 kB at 753 kB/s)
[b0a89b0c-87ac-43c5-85fe-f828ef2797dd/build]   | [INFO] Downloading from central: https://repo.maven.apache.org/maven2/org/codehaus/plexus/plexus-compiler-manager/1.9.1/plexus-compiler-manager-1.9.1.pom
[b0a89b0c-87ac-43c5-85fe-f828ef2797dd/build]   | [INFO] Downloaded from central: https://repo.maven.apache.org/maven2/org/codehaus/plexus/plexus-compiler-manager/1.9.1/plexus-compiler-manager-1.9.1.pom (692 B at 24 kB/s)
[b0a89b0c-87ac-43c5-85fe-f828ef2797dd/build]   | [INFO] Downloading from central: https://repo.maven.apache.org/maven2/org/codehaus/plexus/plexus-compiler-javac/1.9.1/plexus-compiler-javac-1.9.1.pom
[b0a89b0c-87ac-43c5-85fe-f828ef2797dd/build]   | [INFO] Downloaded from central: https://repo.maven.apache.org/maven2/org/codehaus/plexus/plexus-compiler-javac/1.9.1/plexus-compiler-javac-1.9.1.pom (688 B at 63 kB/s)
[b0a89b0c-87ac-43c5-85fe-f828ef2797dd/build]   | [INFO] Downloading from central: https://repo.maven.apache.org/maven2/org/codehaus/plexus/plexus-compilers/1.9.1/plexus-compilers-1.9.1.pom
[b0a89b0c-87ac-43c5-85fe-f828ef2797dd/build]   | [INFO] Downloaded from central: https://repo.maven.apache.org/maven2/org/codehaus/plexus/plexus-compilers/1.9.1/plexus-compilers-1.9.1.pom (1.2 kB at 59 kB/s)
[b0a89b0c-87ac-43c5-85fe-f828ef2797dd/build]   | [INFO] Downloading from central: https://repo.maven.apache.org/maven2/org/apache/maven/maven-plugin-api/2.0.9/maven-plugin-api-2.0.9.jar
[b0a89b0c-87ac-43c5-85fe-f828ef2797dd/build]   | [INFO] Downloading from central: https://repo.maven.apache.org/maven2/org/apache/maven/maven-artifact/2.0.9/maven-artifact-2.0.9.jar
[b0a89b0c-87ac-43c5-85fe-f828ef2797dd/build]   | [INFO] Downloading from central: https://repo.maven.apache.org/maven2/org/apache/maven/maven-core/2.0.9/maven-core-2.0.9.jar
[b0a89b0c-87ac-43c5-85fe-f828ef2797dd/build]   | [INFO] Downloading from central: https://repo.maven.apache.org/maven2/org/apache/maven/maven-settings/2.0.9/maven-settings-2.0.9.jar
[b0a89b0c-87ac-43c5-85fe-f828ef2797dd/build]   | [INFO] Downloading from central: https://repo.maven.apache.org/maven2/org/apache/maven/maven-plugin-parameter-documenter/2.0.9/maven-plugin-parameter-documenter-2.0.9.jar
[b0a89b0c-87ac-43c5-85fe-f828ef2797dd/build]   | [INFO] Downloaded from central: https://repo.maven.apache.org/maven2/org/apache/maven/maven-plugin-api/2.0.9/maven-plugin-api-2.0.9.jar (13 kB at 1.8 MB/s)
[b0a89b0c-87ac-43c5-85fe-f828ef2797dd/build]   | [INFO] Downloading from central: https://repo.maven.apache.org/maven2/org/apache/maven/maven-profile/2.0.9/maven-profile-2.0.9.jar
[b0a89b0c-87ac-43c5-85fe-f828ef2797dd/build]   | [INFO] Downloaded from central: https://repo.maven.apache.org/maven2/org/apache/maven/maven-plugin-parameter-documenter/2.0.9/maven-plugin-parameter-documenter-2.0.9.jar (21 kB at 444 kB/s)
[b0a89b0c-87ac-43c5-85fe-f828ef2797dd/build]   | [INFO] Downloading from central: https://repo.maven.apache.org/maven2/org/apache/maven/maven-model/2.0.9/maven-model-2.0.9.jar
[b0a89b0c-87ac-43c5-85fe-f828ef2797dd/build]   | [INFO] Downloaded from central: https://repo.maven.apache.org/maven2/org/apache/maven/maven-core/2.0.9/maven-core-2.0.9.jar (160 kB at 3.4 MB/s)
[b0a89b0c-87ac-43c5-85fe-f828ef2797dd/build]   | [INFO] Downloading from central: https://repo.maven.apache.org/maven2/org/apache/maven/maven-repository-metadata/2.0.9/maven-repository-metadata-2.0.9.jar
[b0a89b0c-87ac-43c5-85fe-f828ef2797dd/build]   | [INFO] Downloaded from central: https://repo.maven.apache.org/maven2/org/apache/maven/maven-settings/2.0.9/maven-settings-2.0.9.jar (49 kB at 1.0 MB/s)
[b0a89b0c-87ac-43c5-85fe-f828ef2797dd/build]   | [INFO] Downloading from central: https://repo.maven.apache.org/maven2/org/apache/maven/maven-error-diagnostics/2.0.9/maven-error-diagnostics-2.0.9.jar
[b0a89b0c-87ac-43c5-85fe-f828ef2797dd/build]   | [INFO] Downloaded from central: https://repo.maven.apache.org/maven2/org/apache/maven/maven-profile/2.0.9/maven-profile-2.0.9.jar (35 kB at 722 kB/s)
[b0a89b0c-87ac-43c5-85fe-f828ef2797dd/build]   | [INFO] Downloading from central: https://repo.maven.apache.org/maven2/org/apache/maven/maven-project/2.0.9/maven-project-2.0.9.jar
[b0a89b0c-87ac-43c5-85fe-f828ef2797dd/build]   | [INFO] Downloaded from central: https://repo.maven.apache.org/maven2/org/apache/maven/maven-repository-metadata/2.0.9/maven-repository-metadata-2.0.9.jar (25 kB at 447 kB/s)
[b0a89b0c-87ac-43c5-85fe-f828ef2797dd/build]   | [INFO] Downloading from central: https://repo.maven.apache.org/maven2/org/apache/maven/maven-plugin-registry/2.0.9/maven-plugin-registry-2.0.9.jar
[b0a89b0c-87ac-43c5-85fe-f828ef2797dd/build]   | [INFO] Downloaded from central: https://repo.maven.apache.org/maven2/org/apache/maven/maven-model/2.0.9/maven-model-2.0.9.jar (87 kB at 1.5 MB/s)
[b0a89b0c-87ac-43c5-85fe-f828ef2797dd/build]   | [INFO] Downloading from central: https://repo.maven.apache.org/maven2/org/apache/maven/maven-plugin-descriptor/2.0.9/maven-plugin-descriptor-2.0.9.jar
[b0a89b0c-87ac-43c5-85fe-f828ef2797dd/build]   | [INFO] Downloaded from central: https://repo.maven.apache.org/maven2/org/apache/maven/maven-error-diagnostics/2.0.9/maven-error-diagnostics-2.0.9.jar (14 kB at 230 kB/s)
[b0a89b0c-87ac-43c5-85fe-f828ef2797dd/build]   | [INFO] Downloading from central: https://repo.maven.apache.org/maven2/org/apache/maven/maven-artifact-manager/2.0.9/maven-artifact-manager-2.0.9.jar
[b0a89b0c-87ac-43c5-85fe-f828ef2797dd/build]   | [INFO] Downloaded from central: https://repo.maven.apache.org/maven2/org/apache/maven/maven-artifact/2.0.9/maven-artifact-2.0.9.jar (89 kB at 1.5 MB/s)
[b0a89b0c-87ac-43c5-85fe-f828ef2797dd/build]   | [INFO] Downloading from central: https://repo.maven.apache.org/maven2/org/apache/maven/maven-monitor/2.0.9/maven-monitor-2.0.9.jar
[b0a89b0c-87ac-43c5-85fe-f828ef2797dd/build]   | [INFO] Downloaded from central: https://repo.maven.apache.org/maven2/org/apache/maven/maven-plugin-registry/2.0.9/maven-plugin-registry-2.0.9.jar (29 kB at 428 kB/s)
[b0a89b0c-87ac-43c5-85fe-f828ef2797dd/build]   | [INFO] Downloading from central: https://repo.maven.apache.org/maven2/org/apache/maven/maven-toolchain/1.0/maven-toolchain-1.0.jar
[b0a89b0c-87ac-43c5-85fe-f828ef2797dd/build]   | [INFO] Downloaded from central: https://repo.maven.apache.org/maven2/org/apache/maven/maven-monitor/2.0.9/maven-monitor-2.0.9.jar (10 kB at 141 kB/s)
[b0a89b0c-87ac-43c5-85fe-f828ef2797dd/build]   | [INFO] Downloading from central: https://repo.maven.apache.org/maven2/org/codehaus/plexus/plexus-utils/3.0/plexus-utils-3.0.jar
[b0a89b0c-87ac-43c5-85fe-f828ef2797dd/build]   | [INFO] Downloaded from central: https://repo.maven.apache.org/maven2/org/apache/maven/maven-artifact-manager/2.0.9/maven-artifact-manager-2.0.9.jar (58 kB at 741 kB/s)
[b0a89b0c-87ac-43c5-85fe-f828ef2797dd/build]   | [INFO] Downloading from central: https://repo.maven.apache.org/maven2/org/codehaus/plexus/plexus-compiler-api/1.9.1/plexus-compiler-api-1.9.1.jar
[b0a89b0c-87ac-43c5-85fe-f828ef2797dd/build]   | [INFO] Downloaded from central: https://repo.maven.apache.org/maven2/org/apache/maven/maven-project/2.0.9/maven-project-2.0.9.jar (122 kB at 1.4 MB/s)
[b0a89b0c-87ac-43c5-85fe-f828ef2797dd/build]   | [INFO] Downloading from central: https://repo.maven.apache.org/maven2/org/codehaus/plexus/plexus-compiler-manager/1.9.1/plexus-compiler-manager-1.9.1.jar
[b0a89b0c-87ac-43c5-85fe-f828ef2797dd/build]   | [INFO] Downloaded from central: https://repo.maven.apache.org/maven2/org/apache/maven/maven-plugin-descriptor/2.0.9/maven-plugin-descriptor-2.0.9.jar (37 kB at 426 kB/s)
[b0a89b0c-87ac-43c5-85fe-f828ef2797dd/build]   | [INFO] Downloading from central: https://repo.maven.apache.org/maven2/org/codehaus/plexus/plexus-compiler-javac/1.9.1/plexus-compiler-javac-1.9.1.jar
[b0a89b0c-87ac-43c5-85fe-f828ef2797dd/build]   | [INFO] Downloaded from central: https://repo.maven.apache.org/maven2/org/apache/maven/maven-toolchain/1.0/maven-toolchain-1.0.jar (33 kB at 378 kB/s)
[b0a89b0c-87ac-43c5-85fe-f828ef2797dd/build]   | [INFO] Downloading from central: https://repo.maven.apache.org/maven2/classworlds/classworlds/1.1-alpha-2/classworlds-1.1-alpha-2.jar
[b0a89b0c-87ac-43c5-85fe-f828ef2797dd/build]   | [INFO] Downloaded from central: https://repo.maven.apache.org/maven2/org/codehaus/plexus/plexus-compiler-api/1.9.1/plexus-compiler-api-1.9.1.jar (21 kB at 233 kB/s)
[b0a89b0c-87ac-43c5-85fe-f828ef2797dd/build]   | [INFO] Downloaded from central: https://repo.maven.apache.org/maven2/org/codehaus/plexus/plexus-compiler-javac/1.9.1/plexus-compiler-javac-1.9.1.jar (14 kB at 136 kB/s)
[b0a89b0c-87ac-43c5-85fe-f828ef2797dd/build]   | [INFO] Downloaded from central: https://repo.maven.apache.org/maven2/org/codehaus/plexus/plexus-utils/3.0/plexus-utils-3.0.jar (226 kB at 2.1 MB/s)
[b0a89b0c-87ac-43c5-85fe-f828ef2797dd/build]   | [INFO] Downloaded from central: https://repo.maven.apache.org/maven2/org/codehaus/plexus/plexus-compiler-manager/1.9.1/plexus-compiler-manager-1.9.1.jar (4.6 kB at 42 kB/s)
[b0a89b0c-87ac-43c5-85fe-f828ef2797dd/build]   | [INFO] Downloaded from central: https://repo.maven.apache.org/maven2/classworlds/classworlds/1.1-alpha-2/classworlds-1.1-alpha-2.jar (38 kB at 347 kB/s)
[b0a89b0c-87ac-43c5-85fe-f828ef2797dd/build]   | [WARNING] File encoding has not been set, using platform encoding UTF-8, i.e. build is platform dependent!
[b0a89b0c-87ac-43c5-85fe-f828ef2797dd/build]   | [INFO] Compiling 237 source files to /tmp/91c778e5-d226-40cd-b4a5-93033232cccc/target/classes
[b0a89b0c-87ac-43c5-85fe-f828ef2797dd/build]   | [INFO] 
[b0a89b0c-87ac-43c5-85fe-f828ef2797dd/build]   | [INFO] --- maven-resources-plugin:2.6:testResources (default-testResources) @ nodebox ---
[b0a89b0c-87ac-43c5-85fe-f828ef2797dd/build]   | [WARNING] Using platform encoding (UTF-8 actually) to copy filtered resources, i.e. build is platform dependent!
[b0a89b0c-87ac-43c5-85fe-f828ef2797dd/build]   | [INFO] skip non existing resourceDirectory /tmp/91c778e5-d226-40cd-b4a5-93033232cccc/src/test/resources
[b0a89b0c-87ac-43c5-85fe-f828ef2797dd/build]   | [INFO] 
[b0a89b0c-87ac-43c5-85fe-f828ef2797dd/build]   | [INFO] --- maven-compiler-plugin:2.5.1:testCompile (default-testCompile) @ nodebox ---
[b0a89b0c-87ac-43c5-85fe-f828ef2797dd/build]   | [WARNING] File encoding has not been set, using platform encoding UTF-8, i.e. build is platform dependent!
[b0a89b0c-87ac-43c5-85fe-f828ef2797dd/build]   | [INFO] Compiling 47 source files to /tmp/91c778e5-d226-40cd-b4a5-93033232cccc/target/test-classes
[b0a89b0c-87ac-43c5-85fe-f828ef2797dd/build]   | [INFO] 
[b0a89b0c-87ac-43c5-85fe-f828ef2797dd/build]   | [INFO] --- maven-surefire-plugin:2.12.4:test (default-test) @ nodebox ---
[b0a89b0c-87ac-43c5-85fe-f828ef2797dd/build]   | [INFO] Downloading from central: https://repo.maven.apache.org/maven2/org/apache/maven/surefire/surefire-booter/2.12.4/surefire-booter-2.12.4.pom
[b0a89b0c-87ac-43c5-85fe-f828ef2797dd/build]   | [INFO] Downloaded from central: https://repo.maven.apache.org/maven2/org/apache/maven/surefire/surefire-booter/2.12.4/surefire-booter-2.12.4.pom (3.0 kB at 89 kB/s)
[b0a89b0c-87ac-43c5-85fe-f828ef2797dd/build]   | [INFO] Downloading from central: https://repo.maven.apache.org/maven2/org/apache/maven/surefire/surefire-api/2.12.4/surefire-api-2.12.4.pom
[b0a89b0c-87ac-43c5-85fe-f828ef2797dd/build]   | [INFO] Downloaded from central: https://repo.maven.apache.org/maven2/org/apache/maven/surefire/surefire-api/2.12.4/surefire-api-2.12.4.pom (2.5 kB at 86 kB/s)
[b0a89b0c-87ac-43c5-85fe-f828ef2797dd/build]   | [INFO] Downloading from central: https://repo.maven.apache.org/maven2/org/apache/maven/surefire/maven-surefire-common/2.12.4/maven-surefire-common-2.12.4.pom
[b0a89b0c-87ac-43c5-85fe-f828ef2797dd/build]   | [INFO] Downloaded from central: https://repo.maven.apache.org/maven2/org/apache/maven/surefire/maven-surefire-common/2.12.4/maven-surefire-common-2.12.4.pom (5.5 kB at 135 kB/s)
[b0a89b0c-87ac-43c5-85fe-f828ef2797dd/build]   | [INFO] Downloading from central: https://repo.maven.apache.org/maven2/org/apache/maven/plugin-tools/maven-plugin-annotations/3.1/maven-plugin-annotations-3.1.pom
[b0a89b0c-87ac-43c5-85fe-f828ef2797dd/build]   | [INFO] Downloaded from central: https://repo.maven.apache.org/maven2/org/apache/maven/plugin-tools/maven-plugin-annotations/3.1/maven-plugin-annotations-3.1.pom (1.6 kB at 65 kB/s)
[b0a89b0c-87ac-43c5-85fe-f828ef2797dd/build]   | [INFO] Downloading from central: https://repo.maven.apache.org/maven2/org/apache/maven/plugin-tools/maven-plugin-tools/3.1/maven-plugin-tools-3.1.pom
[b0a89b0c-87ac-43c5-85fe-f828ef2797dd/build]   | [INFO] Downloaded from central: https://repo.maven.apache.org/maven2/org/apache/maven/plugin-tools/maven-plugin-tools/3.1/maven-plugin-tools-3.1.pom (16 kB at 30 kB/s)
[b0a89b0c-87ac-43c5-85fe-f828ef2797dd/build]   | [INFO] Downloading from central: https://repo.maven.apache.org/maven2/org/codehaus/plexus/plexus-utils/3.0.8/plexus-utils-3.0.8.pom
[b0a89b0c-87ac-43c5-85fe-f828ef2797dd/build]   | [INFO] Downloaded from central: https://repo.maven.apache.org/maven2/org/codehaus/plexus/plexus-utils/3.0.8/plexus-utils-3.0.8.pom (3.1 kB at 83 kB/s)
[b0a89b0c-87ac-43c5-85fe-f828ef2797dd/build]   | [INFO] Downloading from central: https://repo.maven.apache.org/maven2/org/codehaus/plexus/plexus/3.2/plexus-3.2.pom
[b0a89b0c-87ac-43c5-85fe-f828ef2797dd/build]   | [INFO] Downloaded from central: https://repo.maven.apache.org/maven2/org/codehaus/plexus/plexus/3.2/plexus-3.2.pom (19 kB at 25 kB/s)
[b0a89b0c-87ac-43c5-85fe-f828ef2797dd/build]   | [INFO] Downloading from central: https://repo.maven.apache.org/maven2/org/apache/maven/reporting/maven-reporting-api/2.0.9/maven-reporting-api-2.0.9.pom
[b0a89b0c-87ac-43c5-85fe-f828ef2797dd/build]   | [INFO] Downloaded from central: https://repo.maven.apache.org/maven2/org/apache/maven/reporting/maven-reporting-api/2.0.9/maven-reporting-api-2.0.9.pom (1.8 kB at 86 kB/s)
[b0a89b0c-87ac-43c5-85fe-f828ef2797dd/build]   | [INFO] Downloading from central: https://repo.maven.apache.org/maven2/org/apache/maven/reporting/maven-reporting/2.0.9/maven-reporting-2.0.9.pom
[b0a89b0c-87ac-43c5-85fe-f828ef2797dd/build]   | [INFO] Downloaded from central: https://repo.maven.apache.org/maven2/org/apache/maven/reporting/maven-reporting/2.0.9/maven-reporting-2.0.9.pom (1.5 kB at 41 kB/s)
[b0a89b0c-87ac-43c5-85fe-f828ef2797dd/build]   | [INFO] Downloading from central: https://repo.maven.apache.org/maven2/org/apache/maven/maven-toolchain/2.0.9/maven-toolchain-2.0.9.pom
[b0a89b0c-87ac-43c5-85fe-f828ef2797dd/build]   | [INFO] Downloaded from central: https://repo.maven.apache.org/maven2/org/apache/maven/maven-toolchain/2.0.9/maven-toolchain-2.0.9.pom (3.5 kB at 2.1 kB/s)
[b0a89b0c-87ac-43c5-85fe-f828ef2797dd/build]   | [INFO] Downloading from central: https://repo.maven.apache.org/maven2/org/apache/commons/commons-lang3/3.1/commons-lang3-3.1.pom
[b0a89b0c-87ac-43c5-85fe-f828ef2797dd/build]   | [INFO] Downloaded from central: https://repo.maven.apache.org/maven2/org/apache/commons/commons-lang3/3.1/commons-lang3-3.1.pom (17 kB at 17 kB/s)
[b0a89b0c-87ac-43c5-85fe-f828ef2797dd/build]   | [INFO] Downloading from central: https://repo.maven.apache.org/maven2/org/apache/commons/commons-parent/22/commons-parent-22.pom
[b0a89b0c-87ac-43c5-85fe-f828ef2797dd/build]   | [INFO] Downloaded from central: https://repo.maven.apache.org/maven2/org/apache/commons/commons-parent/22/commons-parent-22.pom (42 kB at 99 kB/s)
[b0a89b0c-87ac-43c5-85fe-f828ef2797dd/build]   | [INFO] Downloading from central: https://repo.maven.apache.org/maven2/org/apache/apache/9/apache-9.pom
[b0a89b0c-87ac-43c5-85fe-f828ef2797dd/build]   | [INFO] Downloaded from central: https://repo.maven.apache.org/maven2/org/apache/apache/9/apache-9.pom (15 kB at 8.3 kB/s)
[b0a89b0c-87ac-43c5-85fe-f828ef2797dd/build]   | [INFO] Downloading from central: https://repo.maven.apache.org/maven2/org/apache/maven/shared/maven-common-artifact-filters/1.3/maven-common-artifact-filters-1.3.pom
[b0a89b0c-87ac-43c5-85fe-f828ef2797dd/build]   | [INFO] Downloaded from central: https://repo.maven.apache.org/maven2/org/apache/maven/shared/maven-common-artifact-filters/1.3/maven-common-artifact-filters-1.3.pom (3.7 kB at 13 kB/s)
[b0a89b0c-87ac-43c5-85fe-f828ef2797dd/build]   | [INFO] Downloading from central: https://repo.maven.apache.org/maven2/org/apache/maven/shared/maven-shared-components/12/maven-shared-components-12.pom
[b0a89b0c-87ac-43c5-85fe-f828ef2797dd/build]   | [INFO] Downloaded from central: https://repo.maven.apache.org/maven2/org/apache/maven/shared/maven-shared-components/12/maven-shared-components-12.pom (9.3 kB at 36 kB/s)
[b0a89b0c-87ac-43c5-85fe-f828ef2797dd/build]   | [INFO] Downloading from central: https://repo.maven.apache.org/maven2/org/apache/maven/maven-parent/13/maven-parent-13.pom
[b0a89b0c-87ac-43c5-85fe-f828ef2797dd/build]   | [INFO] Downloaded from central: https://repo.maven.apache.org/maven2/org/apache/maven/maven-parent/13/maven-parent-13.pom (23 kB at 64 kB/s)
[b0a89b0c-87ac-43c5-85fe-f828ef2797dd/build]   | [INFO] Downloading from central: https://repo.maven.apache.org/maven2/org/apache/apache/6/apache-6.pom
[b0a89b0c-87ac-43c5-85fe-f828ef2797dd/build]   | [INFO] Downloaded from central: https://repo.maven.apache.org/maven2/org/apache/apache/6/apache-6.pom (13 kB at 30 kB/s)
[b0a89b0c-87ac-43c5-85fe-f828ef2797dd/build]   | [INFO] Downloading from central: https://repo.maven.apache.org/maven2/org/codehaus/plexus/plexus-container-default/1.0-alpha-9/plexus-container-default-1.0-alpha-9.pom
[b0a89b0c-87ac-43c5-85fe-f828ef2797dd/build]   | [INFO] Downloaded from central: https://repo.maven.apache.org/maven2/org/codehaus/plexus/plexus-container-default/1.0-alpha-9/plexus-container-default-1.0-alpha-9.pom (1.2 kB at 22 kB/s)
[b0a89b0c-87ac-43c5-85fe-f828ef2797dd/build]   | [INFO] Downloading from central: https://repo.maven.apache.org/maven2/org/apache/maven/surefire/surefire-booter/2.12.4/surefire-booter-2.12.4.jar
[b0a89b0c-87ac-43c5-85fe-f828ef2797dd/build]   | [INFO] Downloading from central: https://repo.maven.apache.org/maven2/org/apache/maven/surefire/surefire-api/2.12.4/surefire-api-2.12.4.jar
[b0a89b0c-87ac-43c5-85fe-f828ef2797dd/build]   | [INFO] Downloading from central: https://repo.maven.apache.org/maven2/org/apache/maven/surefire/maven-surefire-common/2.12.4/maven-surefire-common-2.12.4.jar
[b0a89b0c-87ac-43c5-85fe-f828ef2797dd/build]   | [INFO] Downloading from central: https://repo.maven.apache.org/maven2/org/apache/commons/commons-lang3/3.1/commons-lang3-3.1.jar
[b0a89b0c-87ac-43c5-85fe-f828ef2797dd/build]   | [INFO] Downloading from central: https://repo.maven.apache.org/maven2/org/apache/maven/shared/maven-common-artifact-filters/1.3/maven-common-artifact-filters-1.3.jar
[b0a89b0c-87ac-43c5-85fe-f828ef2797dd/build]   | [INFO] Downloaded from central: https://repo.maven.apache.org/maven2/org/apache/maven/shared/maven-common-artifact-filters/1.3/maven-common-artifact-filters-1.3.jar (31 kB at 63 kB/s)
[b0a89b0c-87ac-43c5-85fe-f828ef2797dd/build]   | [INFO] Downloading from central: https://repo.maven.apache.org/maven2/org/codehaus/plexus/plexus-utils/3.0.8/plexus-utils-3.0.8.jar
[b0a89b0c-87ac-43c5-85fe-f828ef2797dd/build]   | [INFO] Downloaded from central: https://repo.maven.apache.org/maven2/org/apache/maven/surefire/surefire-booter/2.12.4/surefire-booter-2.12.4.jar (35 kB at 51 kB/s)
[b0a89b0c-87ac-43c5-85fe-f828ef2797dd/build]   | [INFO] Downloading from central: https://repo.maven.apache.org/maven2/org/apache/maven/reporting/maven-reporting-api/2.0.9/maven-reporting-api-2.0.9.jar
[b0a89b0c-87ac-43c5-85fe-f828ef2797dd/build]   | [INFO] Downloaded from central: https://repo.maven.apache.org/maven2/org/apache/maven/surefire/maven-surefire-common/2.12.4/maven-surefire-common-2.12.4.jar (263 kB at 376 kB/s)
[b0a89b0c-87ac-43c5-85fe-f828ef2797dd/build]   | [INFO] Downloading from central: https://repo.maven.apache.org/maven2/org/apache/maven/maven-toolchain/2.0.9/maven-toolchain-2.0.9.jar
[b0a89b0c-87ac-43c5-85fe-f828ef2797dd/build]   | [INFO] Downloaded from central: https://repo.maven.apache.org/maven2/org/apache/maven/reporting/maven-reporting-api/2.0.9/maven-reporting-api-2.0.9.jar (10 kB at 14 kB/s)
[b0a89b0c-87ac-43c5-85fe-f828ef2797dd/build]   | [INFO] Downloading from central: https://repo.maven.apache.org/maven2/org/apache/maven/plugin-tools/maven-plugin-annotations/3.1/maven-plugin-annotations-3.1.jar
[b0a89b0c-87ac-43c5-85fe-f828ef2797dd/build]   | [INFO] Downloaded from central: https://repo.maven.apache.org/maven2/org/apache/maven/maven-toolchain/2.0.9/maven-toolchain-2.0.9.jar (38 kB at 35 kB/s)
[b0a89b0c-87ac-43c5-85fe-f828ef2797dd/build]   | [INFO] Downloaded from central: https://repo.maven.apache.org/maven2/org/apache/maven/plugin-tools/maven-plugin-annotations/3.1/maven-plugin-annotations-3.1.jar (14 kB at 9.3 kB/s)
[b0a89b0c-87ac-43c5-85fe-f828ef2797dd/build]   | [INFO] Downloaded from central: https://repo.maven.apache.org/maven2/org/codehaus/plexus/plexus-utils/3.0.8/plexus-utils-3.0.8.jar (232 kB at 68 kB/s)
[b0a89b0c-87ac-43c5-85fe-f828ef2797dd/build]   | [INFO] Downloaded from central: https://repo.maven.apache.org/maven2/org/apache/maven/surefire/surefire-api/2.12.4/surefire-api-2.12.4.jar (118 kB at 33 kB/s)
[b0a89b0c-87ac-43c5-85fe-f828ef2797dd/build]   | [INFO] Downloaded from central: https://repo.maven.apache.org/maven2/org/apache/commons/commons-lang3/3.1/commons-lang3-3.1.jar (316 kB at 82 kB/s)
[b0a89b0c-87ac-43c5-85fe-f828ef2797dd/build]   | [INFO] Surefire report directory: /tmp/91c778e5-d226-40cd-b4a5-93033232cccc/target/surefire-reports
[b0a89b0c-87ac-43c5-85fe-f828ef2797dd/build]   | [INFO] Downloading from central: https://repo.maven.apache.org/maven2/org/apache/maven/surefire/surefire-junit4/2.12.4/surefire-junit4-2.12.4.pom
[b0a89b0c-87ac-43c5-85fe-f828ef2797dd/build]   | [INFO] Downloaded from central: https://repo.maven.apache.org/maven2/org/apache/maven/surefire/surefire-junit4/2.12.4/surefire-junit4-2.12.4.pom (2.4 kB at 3.5 kB/s)
[b0a89b0c-87ac-43c5-85fe-f828ef2797dd/build]   | [INFO] Downloading from central: https://repo.maven.apache.org/maven2/org/apache/maven/surefire/surefire-providers/2.12.4/surefire-providers-2.12.4.pom
[b0a89b0c-87ac-43c5-85fe-f828ef2797dd/build]   | [INFO] Downloaded from central: https://repo.maven.apache.org/maven2/org/apache/maven/surefire/surefire-providers/2.12.4/surefire-providers-2.12.4.pom (2.3 kB at 1.9 kB/s)
[b0a89b0c-87ac-43c5-85fe-f828ef2797dd/build]   | [INFO] Downloading from central: https://repo.maven.apache.org/maven2/org/apache/maven/surefire/surefire-junit4/2.12.4/surefire-junit4-2.12.4.jar
[b0a89b0c-87ac-43c5-85fe-f828ef2797dd/build]   | [INFO] Downloaded from central: https://repo.maven.apache.org/maven2/org/apache/maven/surefire/surefire-junit4/2.12.4/surefire-junit4-2.12.4.jar (37 kB at 170 kB/s)
[b0a89b0c-87ac-43c5-85fe-f828ef2797dd/build]   | 
[b0a89b0c-87ac-43c5-85fe-f828ef2797dd/build]   | -------------------------------------------------------
[b0a89b0c-87ac-43c5-85fe-f828ef2797dd/build]   |  T E S T S
[b0a89b0c-87ac-43c5-85fe-f828ef2797dd/build]   | -------------------------------------------------------
[b0a89b0c-87ac-43c5-85fe-f828ef2797dd/build]   | Running nodebox.ui.ImageFormatTest
[b0a89b0c-87ac-43c5-85fe-f828ef2797dd/build]   | Tests run: 1, Failures: 0, Errors: 0, Skipped: 0, Time elapsed: 0.043 sec
[b0a89b0c-87ac-43c5-85fe-f828ef2797dd/build]   | Running nodebox.function.MathFunctionsTest
[b0a89b0c-87ac-43c5-85fe-f828ef2797dd/build]   | Tests run: 13, Failures: 0, Errors: 0, Skipped: 0, Time elapsed: 0.196 sec
[b0a89b0c-87ac-43c5-85fe-f828ef2797dd/build]   | Running nodebox.function.DataFunctionsTest
[b0a89b0c-87ac-43c5-85fe-f828ef2797dd/build]   | Tests run: 11, Failures: 0, Errors: 0, Skipped: 0, Time elapsed: 0.029 sec
[b0a89b0c-87ac-43c5-85fe-f828ef2797dd/build]   | Running nodebox.function.ListFunctionsTest
[b0a89b0c-87ac-43c5-85fe-f828ef2797dd/build]   | Tests run: 18, Failures: 0, Errors: 0, Skipped: 0, Time elapsed: 0.026 sec
[b0a89b0c-87ac-43c5-85fe-f828ef2797dd/build]   | Running nodebox.function.FunctionRepositoryTest
[b0a89b0c-87ac-43c5-85fe-f828ef2797dd/build]   | Tests run: 1, Failures: 0, Errors: 0, Skipped: 0, Time elapsed: 0.112 sec
[b0a89b0c-87ac-43c5-85fe-f828ef2797dd/build]   | Running nodebox.function.FunctionLibraryTest
[b0a89b0c-87ac-43c5-85fe-f828ef2797dd/build]   | WARNING: An illegal reflective access operation has occurred
[b0a89b0c-87ac-43c5-85fe-f828ef2797dd/build]   | WARNING: Illegal reflective access by org.python.google.common.base.internal.Finalizer (file:/home/runneradmin/.m2/repository/org/python/jython/2.5.3/jython-2.5.3.jar) to field java.lang.Thread.inheritableThreadLocals
[b0a89b0c-87ac-43c5-85fe-f828ef2797dd/build]   | WARNING: Please consider reporting this to the maintainers of org.python.google.common.base.internal.Finalizer
[b0a89b0c-87ac-43c5-85fe-f828ef2797dd/build]   | WARNING: Use --illegal-access=warn to enable warnings of further illegal reflective access operations
[b0a89b0c-87ac-43c5-85fe-f828ef2797dd/build]   | WARNING: All illegal access operations will be denied in a future release
[b0a89b0c-87ac-43c5-85fe-f828ef2797dd/build]   | *sys-package-mgr*: processing new jar, '/home/runneradmin/.m2/repository/org/clojure/clojure/1.4.0/clojure-1.4.0.jar'
[b0a89b0c-87ac-43c5-85fe-f828ef2797dd/build]   | *sys-package-mgr*: processing new jar, '/home/runneradmin/.m2/repository/com/google/guava/guava/13.0.1/guava-13.0.1.jar'
[b0a89b0c-87ac-43c5-85fe-f828ef2797dd/build]   | *sys-package-mgr*: processing new jar, '/home/runneradmin/.m2/repository/com/itextpdf/itextpdf/5.3.2/itextpdf-5.3.2.jar'
[b0a89b0c-87ac-43c5-85fe-f828ef2797dd/build]   | *sys-package-mgr*: processing new jar, '/home/runneradmin/.m2/repository/net/java/dev/jna/jna/3.4.0/jna-3.4.0.jar'
[b0a89b0c-87ac-43c5-85fe-f828ef2797dd/build]   | *sys-package-mgr*: processing new jar, '/home/runneradmin/.m2/repository/junit/junit/4.10/junit-4.10.jar'
[b0a89b0c-87ac-43c5-85fe-f828ef2797dd/build]   | *sys-package-mgr*: processing new jar, '/home/runneradmin/.m2/repository/org/hamcrest/hamcrest-core/1.1/hamcrest-core-1.1.jar'
[b0a89b0c-87ac-43c5-85fe-f828ef2797dd/build]   | *sys-package-mgr*: processing new jar, '/home/runneradmin/.m2/repository/org/python/jython/2.5.3/jython-2.5.3.jar'
[b0a89b0c-87ac-43c5-85fe-f828ef2797dd/build]   | *sys-package-mgr*: processing new jar, '/home/runneradmin/.m2/repository/net/sf/opencsv/opencsv/2.3/opencsv-2.3.jar'
[b0a89b0c-87ac-43c5-85fe-f828ef2797dd/build]   | *sys-package-mgr*: processing new jar, '/home/runneradmin/.m2/repository/org/piccolo2d/piccolo2d-core/1.3.1/piccolo2d-core-1.3.1.jar'
[b0a89b0c-87ac-43c5-85fe-f828ef2797dd/build]   | *sys-package-mgr*: processing new jar, '/home/runneradmin/.m2/repository/xom/xom/1.2.5/xom-1.2.5.jar'
[b0a89b0c-87ac-43c5-85fe-f828ef2797dd/build]   | *sys-package-mgr*: processing new jar, '/home/runneradmin/.m2/repository/xml-apis/xml-apis/1.3.03/xml-apis-1.3.03.jar'
[b0a89b0c-87ac-43c5-85fe-f828ef2797dd/build]   | *sys-package-mgr*: processing new jar, '/home/runneradmin/.m2/repository/xerces/xercesImpl/2.8.0/xercesImpl-2.8.0.jar'
[b0a89b0c-87ac-43c5-85fe-f828ef2797dd/build]   | *sys-package-mgr*: processing new jar, '/home/runneradmin/.m2/repository/xalan/xalan/2.7.0/xalan-2.7.0.jar'
[b0a89b0c-87ac-43c5-85fe-f828ef2797dd/build]   | Tests run: 4, Failures: 0, Errors: 0, Skipped: 0, Time elapsed: 2.944 sec
[b0a89b0c-87ac-43c5-85fe-f828ef2797dd/build]   | Running nodebox.function.PythonLibraryTest
[b0a89b0c-87ac-43c5-85fe-f828ef2797dd/build]   | Tests run: 6, Failures: 0, Errors: 0, Skipped: 0, Time elapsed: 0.038 sec
[b0a89b0c-87ac-43c5-85fe-f828ef2797dd/build]   | Running nodebox.function.StringFunctionsTest
[b0a89b0c-87ac-43c5-85fe-f828ef2797dd/build]   | Tests run: 4, Failures: 0, Errors: 0, Skipped: 0, Time elapsed: 0.006 sec
[b0a89b0c-87ac-43c5-85fe-f828ef2797dd/build]   | Running nodebox.function.ClojureLibraryTest
[b0a89b0c-87ac-43c5-85fe-f828ef2797dd/build]   | Tests run: 3, Failures: 0, Errors: 0, Skipped: 0, Time elapsed: 0.068 sec
[b0a89b0c-87ac-43c5-85fe-f828ef2797dd/build]   | Running nodebox.versioncheck.UpdaterTest
[b0a89b0c-87ac-43c5-85fe-f828ef2797dd/build]   | Jul 12, 2023 2:42:40 AM java.util.prefs.FileSystemPreferences$1 run
[b0a89b0c-87ac-43c5-85fe-f828ef2797dd/build]   | INFO: Created user preferences directory.
[b0a89b0c-87ac-43c5-85fe-f828ef2797dd/build]   | Tests run: 4, Failures: 1, Errors: 0, Skipped: 0, Time elapsed: 0.252 sec <<< FAILURE!
[b0a89b0c-87ac-43c5-85fe-f828ef2797dd/build]   | testCheckForUpdates(nodebox.versioncheck.UpdaterTest)  Time elapsed: 0.084 sec  <<< FAILURE!
[b0a89b0c-87ac-43c5-85fe-f828ef2797dd/build]   | junit.framework.AssertionFailedError
[b0a89b0c-87ac-43c5-85fe-f828ef2797dd/build]   | 	at junit.framework.Assert.fail(Assert.java:48)
[b0a89b0c-87ac-43c5-85fe-f828ef2797dd/build]   | 	at junit.framework.Assert.assertTrue(Assert.java:20)
[b0a89b0c-87ac-43c5-85fe-f828ef2797dd/build]   | 	at junit.framework.Assert.assertTrue(Assert.java:27)
[b0a89b0c-87ac-43c5-85fe-f828ef2797dd/build]   | 	at nodebox.versioncheck.UpdaterTest.testCheckForUpdates(UpdaterTest.java:40)
[b0a89b0c-87ac-43c5-85fe-f828ef2797dd/build]   | 	at java.base/jdk.internal.reflect.NativeMethodAccessorImpl.invoke0(Native Method)
[b0a89b0c-87ac-43c5-85fe-f828ef2797dd/build]   | 	at java.base/jdk.internal.reflect.NativeMethodAccessorImpl.invoke(NativeMethodAccessorImpl.java:62)
[b0a89b0c-87ac-43c5-85fe-f828ef2797dd/build]   | 	at java.base/jdk.internal.reflect.DelegatingMethodAccessorImpl.invoke(DelegatingMethodAccessorImpl.java:43)
[b0a89b0c-87ac-43c5-85fe-f828ef2797dd/build]   | 	at java.base/java.lang.reflect.Method.invoke(Method.java:566)
[b0a89b0c-87ac-43c5-85fe-f828ef2797dd/build]   | 	at org.junit.runners.model.FrameworkMethod$1.runReflectiveCall(FrameworkMethod.java:45)
[b0a89b0c-87ac-43c5-85fe-f828ef2797dd/build]   | 	at org.junit.internal.runners.model.ReflectiveCallable.run(ReflectiveCallable.java:15)
[b0a89b0c-87ac-43c5-85fe-f828ef2797dd/build]   | 	at org.junit.runners.model.FrameworkMethod.invokeExplosively(FrameworkMethod.java:42)
[b0a89b0c-87ac-43c5-85fe-f828ef2797dd/build]   | 	at org.junit.internal.runners.statements.InvokeMethod.evaluate(InvokeMethod.java:20)
[b0a89b0c-87ac-43c5-85fe-f828ef2797dd/build]   | 	at org.junit.internal.runners.statements.RunBefores.evaluate(RunBefores.java:28)
[b0a89b0c-87ac-43c5-85fe-f828ef2797dd/build]   | 	at org.junit.internal.runners.statements.RunAfters.evaluate(RunAfters.java:30)
[b0a89b0c-87ac-43c5-85fe-f828ef2797dd/build]   | 	at org.junit.runners.ParentRunner.runLeaf(ParentRunner.java:263)
[b0a89b0c-87ac-43c5-85fe-f828ef2797dd/build]   | 	at org.junit.runners.BlockJUnit4ClassRunner.runChild(BlockJUnit4ClassRunner.java:68)
[b0a89b0c-87ac-43c5-85fe-f828ef2797dd/build]   | 	at org.junit.runners.BlockJUnit4ClassRunner.runChild(BlockJUnit4ClassRunner.java:47)
[b0a89b0c-87ac-43c5-85fe-f828ef2797dd/build]   | 	at org.junit.runners.ParentRunner$3.run(ParentRunner.java:231)
[b0a89b0c-87ac-43c5-85fe-f828ef2797dd/build]   | 	at org.junit.runners.ParentRunner$1.schedule(ParentRunner.java:60)
[b0a89b0c-87ac-43c5-85fe-f828ef2797dd/build]   | 	at org.junit.runners.ParentRunner.runChildren(ParentRunner.java:229)
[b0a89b0c-87ac-43c5-85fe-f828ef2797dd/build]   | 	at org.junit.runners.ParentRunner.access$000(ParentRunner.java:50)
[b0a89b0c-87ac-43c5-85fe-f828ef2797dd/build]   | 	at org.junit.runners.ParentRunner$2.evaluate(ParentRunner.java:222)
[b0a89b0c-87ac-43c5-85fe-f828ef2797dd/build]   | 	at org.junit.runners.ParentRunner.run(ParentRunner.java:300)
[b0a89b0c-87ac-43c5-85fe-f828ef2797dd/build]   | 	at org.apache.maven.surefire.junit4.JUnit4Provider.execute(JUnit4Provider.java:252)
[b0a89b0c-87ac-43c5-85fe-f828ef2797dd/build]   | 	at org.apache.maven.surefire.junit4.JUnit4Provider.executeTestSet(JUnit4Provider.java:141)
[b0a89b0c-87ac-43c5-85fe-f828ef2797dd/build]   | 	at org.apache.maven.surefire.junit4.JUnit4Provider.invoke(JUnit4Provider.java:112)
[b0a89b0c-87ac-43c5-85fe-f828ef2797dd/build]   | 	at java.base/jdk.internal.reflect.NativeMethodAccessorImpl.invoke0(Native Method)
[b0a89b0c-87ac-43c5-85fe-f828ef2797dd/build]   | 	at java.base/jdk.internal.reflect.NativeMethodAccessorImpl.invoke(NativeMethodAccessorImpl.java:62)
[b0a89b0c-87ac-43c5-85fe-f828ef2797dd/build]   | 	at java.base/jdk.internal.reflect.DelegatingMethodAccessorImpl.invoke(DelegatingMethodAccessorImpl.java:43)
[b0a89b0c-87ac-43c5-85fe-f828ef2797dd/build]   | 	at java.base/java.lang.reflect.Method.invoke(Method.java:566)
[b0a89b0c-87ac-43c5-85fe-f828ef2797dd/build]   | 	at org.apache.maven.surefire.util.ReflectionUtils.invokeMethodWithArray(ReflectionUtils.java:189)
[b0a89b0c-87ac-43c5-85fe-f828ef2797dd/build]   | 	at org.apache.maven.surefire.booter.ProviderFactory$ProviderProxy.invoke(ProviderFactory.java:165)
[b0a89b0c-87ac-43c5-85fe-f828ef2797dd/build]   | 	at org.apache.maven.surefire.booter.ProviderFactory.invokeProvider(ProviderFactory.java:85)
[b0a89b0c-87ac-43c5-85fe-f828ef2797dd/build]   | 	at org.apache.maven.surefire.booter.ForkedBooter.runSuitesInProcess(ForkedBooter.java:115)
[b0a89b0c-87ac-43c5-85fe-f828ef2797dd/build]   | 	at org.apache.maven.surefire.booter.ForkedBooter.main(ForkedBooter.java:75)
[b0a89b0c-87ac-43c5-85fe-f828ef2797dd/build]   | 
[b0a89b0c-87ac-43c5-85fe-f828ef2797dd/build]   | Running nodebox.versioncheck.VersionTest
[b0a89b0c-87ac-43c5-85fe-f828ef2797dd/build]   | Tests run: 1, Failures: 0, Errors: 0, Skipped: 0, Time elapsed: 0 sec
[b0a89b0c-87ac-43c5-85fe-f828ef2797dd/build]   | Running nodebox.node.NodeLibraryTest
[b0a89b0c-87ac-43c5-85fe-f828ef2797dd/build]   | Tests run: 36, Failures: 0, Errors: 0, Skipped: 0, Time elapsed: 0.517 sec
[b0a89b0c-87ac-43c5-85fe-f828ef2797dd/build]   | Running nodebox.node.ConnectionTest
[b0a89b0c-87ac-43c5-85fe-f828ef2797dd/build]   | Tests run: 3, Failures: 0, Errors: 0, Skipped: 0, Time elapsed: 0.001 sec
[b0a89b0c-87ac-43c5-85fe-f828ef2797dd/build]   | Running nodebox.node.polygraph.PolygonTest
[b0a89b0c-87ac-43c5-85fe-f828ef2797dd/build]   | Tests run: 2, Failures: 0, Errors: 0, Skipped: 0, Time elapsed: 0.005 sec
[b0a89b0c-87ac-43c5-85fe-f828ef2797dd/build]   | Running nodebox.node.NodeTest
[b0a89b0c-87ac-43c5-85fe-f828ef2797dd/build]   | Tests run: 9, Failures: 0, Errors: 0, Skipped: 0, Time elapsed: 0.002 sec
[b0a89b0c-87ac-43c5-85fe-f828ef2797dd/build]   | Running nodebox.node.PublishedPortTest
[b0a89b0c-87ac-43c5-85fe-f828ef2797dd/build]   | Tests run: 7, Failures: 0, Errors: 0, Skipped: 0, Time elapsed: 0.002 sec
[b0a89b0c-87ac-43c5-85fe-f828ef2797dd/build]   | Running nodebox.node.NodeContextTest
[b0a89b0c-87ac-43c5-85fe-f828ef2797dd/build]   | Tests run: 30, Failures: 0, Errors: 0, Skipped: 0, Time elapsed: 0.028 sec
[b0a89b0c-87ac-43c5-85fe-f828ef2797dd/build]   | Running nodebox.node.PortTest
[b0a89b0c-87ac-43c5-85fe-f828ef2797dd/build]   | Tests run: 12, Failures: 0, Errors: 0, Skipped: 0, Time elapsed: 0.002 sec
[b0a89b0c-87ac-43c5-85fe-f828ef2797dd/build]   | Running nodebox.node.TypeConversionsTest
[b0a89b0c-87ac-43c5-85fe-f828ef2797dd/build]   | Tests run: 1, Failures: 0, Errors: 0, Skipped: 0, Time elapsed: 0 sec
[b0a89b0c-87ac-43c5-85fe-f828ef2797dd/build]   | Running nodebox.node.VersionTest
[b0a89b0c-87ac-43c5-85fe-f828ef2797dd/build]   | Tests run: 2, Failures: 0, Errors: 0, Skipped: 0, Time elapsed: 0.001 sec
[b0a89b0c-87ac-43c5-85fe-f828ef2797dd/build]   | Running nodebox.node.NodeLibraryControllerTest
[b0a89b0c-87ac-43c5-85fe-f828ef2797dd/build]   | Tests run: 30, Failures: 0, Errors: 0, Skipped: 0, Time elapsed: 0.02 sec
[b0a89b0c-87ac-43c5-85fe-f828ef2797dd/build]   | Running nodebox.graphics.GraphicsContextTest
[b0a89b0c-87ac-43c5-85fe-f828ef2797dd/build]   | Tests run: 3, Failures: 0, Errors: 0, Skipped: 0, Time elapsed: 0.267 sec
[b0a89b0c-87ac-43c5-85fe-f828ef2797dd/build]   | Running nodebox.graphics.CanvasTest
[b0a89b0c-87ac-43c5-85fe-f828ef2797dd/build]   | Tests run: 1, Failures: 0, Errors: 0, Skipped: 0, Time elapsed: 0 sec
[b0a89b0c-87ac-43c5-85fe-f828ef2797dd/build]   | Running nodebox.graphics.GraphicsTestCase
[b0a89b0c-87ac-43c5-85fe-f828ef2797dd/build]   | Tests run: 1, Failures: 0, Errors: 0, Skipped: 0, Time elapsed: 0 sec
[b0a89b0c-87ac-43c5-85fe-f828ef2797dd/build]   | Running nodebox.graphics.ContourTest
[b0a89b0c-87ac-43c5-85fe-f828ef2797dd/build]   | Tests run: 11, Failures: 0, Errors: 0, Skipped: 0, Time elapsed: 0.002 sec
[b0a89b0c-87ac-43c5-85fe-f828ef2797dd/build]   | Running nodebox.graphics.GrobTest
[b0a89b0c-87ac-43c5-85fe-f828ef2797dd/build]   | Tests run: 1, Failures: 0, Errors: 0, Skipped: 0, Time elapsed: 0 sec
[b0a89b0c-87ac-43c5-85fe-f828ef2797dd/build]   | Running nodebox.graphics.TransformTest
[b0a89b0c-87ac-43c5-85fe-f828ef2797dd/build]   | Tests run: 2, Failures: 0, Errors: 0, Skipped: 0, Time elapsed: 0 sec
[b0a89b0c-87ac-43c5-85fe-f828ef2797dd/build]   | Running nodebox.graphics.PointTest
[b0a89b0c-87ac-43c5-85fe-f828ef2797dd/build]   | Tests run: 1, Failures: 0, Errors: 0, Skipped: 0, Time elapsed: 0 sec
[b0a89b0c-87ac-43c5-85fe-f828ef2797dd/build]   | Running nodebox.graphics.ColorTest
[b0a89b0c-87ac-43c5-85fe-f828ef2797dd/build]   | Tests run: 1, Failures: 0, Errors: 0, Skipped: 0, Time elapsed: 0 sec
[b0a89b0c-87ac-43c5-85fe-f828ef2797dd/build]   | Running nodebox.graphics.PathTest
[b0a89b0c-87ac-43c5-85fe-f828ef2797dd/build]   | Tests run: 6, Failures: 0, Errors: 0, Skipped: 0, Time elapsed: 0.001 sec
[b0a89b0c-87ac-43c5-85fe-f828ef2797dd/build]   | Running nodebox.graphics.GeometryTest
[b0a89b0c-87ac-43c5-85fe-f828ef2797dd/build]   | Tests run: 11, Failures: 0, Errors: 0, Skipped: 0, Time elapsed: 0.002 sec
[b0a89b0c-87ac-43c5-85fe-f828ef2797dd/build]   | Running nodebox.graphics.RectTest
[b0a89b0c-87ac-43c5-85fe-f828ef2797dd/build]   | Tests run: 4, Failures: 0, Errors: 0, Skipped: 0, Time elapsed: 0 sec
[b0a89b0c-87ac-43c5-85fe-f828ef2797dd/build]   | Running nodebox.localhistory.RepositoryTest
[b0a89b0c-87ac-43c5-85fe-f828ef2797dd/build]   | Tests run: 3, Failures: 0, Errors: 0, Skipped: 0, Time elapsed: 0.016 sec
[b0a89b0c-87ac-43c5-85fe-f828ef2797dd/build]   | Running nodebox.util.WavesTest
[b0a89b0c-87ac-43c5-85fe-f828ef2797dd/build]   | Tests run: 2, Failures: 0, Errors: 0, Skipped: 0, Time elapsed: 0.001 sec
[b0a89b0c-87ac-43c5-85fe-f828ef2797dd/build]   | Running nodebox.util.FileUtilTest
[b0a89b0c-87ac-43c5-85fe-f828ef2797dd/build]   | Tests run: 4, Failures: 0, Errors: 0, Skipped: 0, Time elapsed: 0.002 sec
[b0a89b0c-87ac-43c5-85fe-f828ef2797dd/build]   | Running nodebox.util.ListUtilsTest
[b0a89b0c-87ac-43c5-85fe-f828ef2797dd/build]   | Tests run: 1, Failures: 0, Errors: 0, Skipped: 0, Time elapsed: 0 sec
[b0a89b0c-87ac-43c5-85fe-f828ef2797dd/build]   | 
[b0a89b0c-87ac-43c5-85fe-f828ef2797dd/build]   | Results :
[b0a89b0c-87ac-43c5-85fe-f828ef2797dd/build]   | 
[b0a89b0c-87ac-43c5-85fe-f828ef2797dd/build]   | Failed tests:   testCheckForUpdates(nodebox.versioncheck.UpdaterTest)
[b0a89b0c-87ac-43c5-85fe-f828ef2797dd/build]   | 
[b0a89b0c-87ac-43c5-85fe-f828ef2797dd/build]   | Tests run: 250, Failures: 1, Errors: 0, Skipped: 0
[b0a89b0c-87ac-43c5-85fe-f828ef2797dd/build]   | 
[b0a89b0c-87ac-43c5-85fe-f828ef2797dd/build]   | [INFO] ------------------------------------------------------------------------
[b0a89b0c-87ac-43c5-85fe-f828ef2797dd/build]   | [INFO] BUILD FAILURE
[b0a89b0c-87ac-43c5-85fe-f828ef2797dd/build]   | [INFO] ------------------------------------------------------------------------
[b0a89b0c-87ac-43c5-85fe-f828ef2797dd/build]   | [INFO] Total time:  34.886 s
[b0a89b0c-87ac-43c5-85fe-f828ef2797dd/build]   | [INFO] Finished at: 2023-07-12T02:42:42Z
[b0a89b0c-87ac-43c5-85fe-f828ef2797dd/build]   | [INFO] ------------------------------------------------------------------------
[b0a89b0c-87ac-43c5-85fe-f828ef2797dd/build]   | [ERROR] Failed to execute goal org.apache.maven.plugins:maven-surefire-plugin:2.12.4:test (default-test) on project nodebox: There are test failures.
[b0a89b0c-87ac-43c5-85fe-f828ef2797dd/build]   | [ERROR] 
[b0a89b0c-87ac-43c5-85fe-f828ef2797dd/build]   | [ERROR] Please refer to /tmp/91c778e5-d226-40cd-b4a5-93033232cccc/target/surefire-reports for the individual test results.
[b0a89b0c-87ac-43c5-85fe-f828ef2797dd/build]   | [ERROR] -> [Help 1]
[b0a89b0c-87ac-43c5-85fe-f828ef2797dd/build]   | [ERROR] 
[b0a89b0c-87ac-43c5-85fe-f828ef2797dd/build]   | [ERROR] To see the full stack trace of the errors, re-run Maven with the -e switch.
[b0a89b0c-87ac-43c5-85fe-f828ef2797dd/build]   | [ERROR] Re-run Maven using the -X switch to enable full debug logging.
[b0a89b0c-87ac-43c5-85fe-f828ef2797dd/build]   | [ERROR] 
[b0a89b0c-87ac-43c5-85fe-f828ef2797dd/build]   | [ERROR] For more information about the errors and possible solutions, please read the following articles:
[b0a89b0c-87ac-43c5-85fe-f828ef2797dd/build]   | [ERROR] [Help 1] http://cwiki.apache.org/confluence/display/MAVEN/MojoFailureException
[b0a89b0c-87ac-43c5-85fe-f828ef2797dd/build]   ‚ùå  Failure - Main Build with Maven
[b0a89b0c-87ac-43c5-85fe-f828ef2797dd/build] exitcode '1': failure
[b0a89b0c-87ac-43c5-85fe-f828ef2797dd/build] unable to get git ref: failed to identify reference (tag/branch) for the checked-out revision 'd53f402ba0025f148ed17eda4bb908c49bf5395e'
[b0a89b0c-87ac-43c5-85fe-f828ef2797dd/build] unable to get git ref: failed to identify reference (tag/branch) for the checked-out revision 'd53f402ba0025f148ed17eda4bb908c49bf5395e'
[b0a89b0c-87ac-43c5-85fe-f828ef2797dd/build] unable to get git ref: failed to identify reference (tag/branch) for the checked-out revision 'd53f402ba0025f148ed17eda4bb908c49bf5395e'
[b0a89b0c-87ac-43c5-85fe-f828ef2797dd/build] unable to get git ref: failed to identify reference (tag/branch) for the checked-out revision 'd53f402ba0025f148ed17eda4bb908c49bf5395e'
[b0a89b0c-87ac-43c5-85fe-f828ef2797dd/build] unable to get git ref: failed to identify reference (tag/branch) for the checked-out revision 'd53f402ba0025f148ed17eda4bb908c49bf5395e'
[b0a89b0c-87ac-43c5-85fe-f828ef2797dd/build] ‚≠ê Run Post Set up JDK 11
[b0a89b0c-87ac-43c5-85fe-f828ef2797dd/build]   üê≥  docker exec cmd=[node /var/run/act/actions/actions-setup-java@v1/dist/cleanup/index.js] user= workdir=
[b0a89b0c-87ac-43c5-85fe-f828ef2797dd/build]   ‚úÖ  Success - Post Set up JDK 11
[b0a89b0c-87ac-43c5-85fe-f828ef2797dd/build] üèÅ  Job failed
[b0a89b0c-87ac-43c5-85fe-f828ef2797dd/build] unable to get git ref: failed to identify reference (tag/branch) for the checked-out revision 'd53f402ba0025f148ed17eda4bb908c49bf5395e'
