[7c9bbbeb-cad4-476d-9278-9200c7f7e815/Java 8] üöÄ  Start image=crawlergpt:latest
[7c9bbbeb-cad4-476d-9278-9200c7f7e815/Java 8]   üê≥  docker pull image=crawlergpt:latest platform= username= forcePull=false
[7c9bbbeb-cad4-476d-9278-9200c7f7e815/Java 8]   üê≥  docker create image=crawlergpt:latest platform= entrypoint=["tail" "-f" "/dev/null"] cmd=[]
[7c9bbbeb-cad4-476d-9278-9200c7f7e815/Java 8]   üê≥  docker run image=crawlergpt:latest platform= entrypoint=["tail" "-f" "/dev/null"] cmd=[]
[7c9bbbeb-cad4-476d-9278-9200c7f7e815/Java 8]   üê≥  docker exec cmd=[chown -R 1012:1013 /tmp/b955085e-1dea-4c49-b7a7-978fcfcec972] user=0 workdir=
[7c9bbbeb-cad4-476d-9278-9200c7f7e815/Java 8] unable to get git ref: failed to identify reference (tag/branch) for the checked-out revision '03d4351f77060e65d9f588191957b0847363220e'
[7c9bbbeb-cad4-476d-9278-9200c7f7e815/Java 8] unable to get git ref: failed to identify reference (tag/branch) for the checked-out revision '03d4351f77060e65d9f588191957b0847363220e'
[7c9bbbeb-cad4-476d-9278-9200c7f7e815/Java 8] unable to get git ref: failed to identify reference (tag/branch) for the checked-out revision '03d4351f77060e65d9f588191957b0847363220e'
[7c9bbbeb-cad4-476d-9278-9200c7f7e815/Java 8] üß™  Matrix: map[java:8]
[7c9bbbeb-cad4-476d-9278-9200c7f7e815/Java 8] unable to get git ref: failed to identify reference (tag/branch) for the checked-out revision '03d4351f77060e65d9f588191957b0847363220e'
[7c9bbbeb-cad4-476d-9278-9200c7f7e815/Java 8] unable to get git ref: failed to identify reference (tag/branch) for the checked-out revision '03d4351f77060e65d9f588191957b0847363220e'
[7c9bbbeb-cad4-476d-9278-9200c7f7e815/Java 8] unable to get git ref: failed to identify reference (tag/branch) for the checked-out revision '03d4351f77060e65d9f588191957b0847363220e'
[7c9bbbeb-cad4-476d-9278-9200c7f7e815/Java 8] unable to get git ref: failed to identify reference (tag/branch) for the checked-out revision '03d4351f77060e65d9f588191957b0847363220e'
[7c9bbbeb-cad4-476d-9278-9200c7f7e815/Java 8] unable to get git ref: failed to identify reference (tag/branch) for the checked-out revision '03d4351f77060e65d9f588191957b0847363220e'
[7c9bbbeb-cad4-476d-9278-9200c7f7e815/Java 8] unable to get git ref: failed to identify reference (tag/branch) for the checked-out revision '03d4351f77060e65d9f588191957b0847363220e'
[7c9bbbeb-cad4-476d-9278-9200c7f7e815/Java 8] ‚≠ê Run Main actions/checkout@v2
[7c9bbbeb-cad4-476d-9278-9200c7f7e815/Java 8] unable to get git ref: failed to identify reference (tag/branch) for the checked-out revision '03d4351f77060e65d9f588191957b0847363220e'
[7c9bbbeb-cad4-476d-9278-9200c7f7e815/Java 8]   ‚úÖ  Success - Main actions/checkout@v2
[7c9bbbeb-cad4-476d-9278-9200c7f7e815/Java 8] unable to get git ref: failed to identify reference (tag/branch) for the checked-out revision '03d4351f77060e65d9f588191957b0847363220e'
[7c9bbbeb-cad4-476d-9278-9200c7f7e815/Java 8] unable to get git ref: failed to identify reference (tag/branch) for the checked-out revision '03d4351f77060e65d9f588191957b0847363220e'
[7c9bbbeb-cad4-476d-9278-9200c7f7e815/Java 8] unable to get git ref: failed to identify reference (tag/branch) for the checked-out revision '03d4351f77060e65d9f588191957b0847363220e'
[7c9bbbeb-cad4-476d-9278-9200c7f7e815/Java 8] unable to get git ref: failed to identify reference (tag/branch) for the checked-out revision '03d4351f77060e65d9f588191957b0847363220e'
[7c9bbbeb-cad4-476d-9278-9200c7f7e815/Java 8] unable to get git ref: failed to identify reference (tag/branch) for the checked-out revision '03d4351f77060e65d9f588191957b0847363220e'
[7c9bbbeb-cad4-476d-9278-9200c7f7e815/Java 8] ‚≠ê Run Main Setup java
[7c9bbbeb-cad4-476d-9278-9200c7f7e815/Java 8] unable to get git ref: failed to identify reference (tag/branch) for the checked-out revision '03d4351f77060e65d9f588191957b0847363220e'
[7c9bbbeb-cad4-476d-9278-9200c7f7e815/Java 8] unable to get git ref: failed to identify reference (tag/branch) for the checked-out revision '03d4351f77060e65d9f588191957b0847363220e'
[7c9bbbeb-cad4-476d-9278-9200c7f7e815/Java 8] unable to get git ref: failed to identify reference (tag/branch) for the checked-out revision '03d4351f77060e65d9f588191957b0847363220e'
[7c9bbbeb-cad4-476d-9278-9200c7f7e815/Java 8]   üê≥  docker cp src=/tmp/act-cache/9acbb175-6a2b-4bfd-be34-2e34173aa576/act/actions-setup-java@v1/ dst=/var/run/act/actions/actions-setup-java@v1/
[7c9bbbeb-cad4-476d-9278-9200c7f7e815/Java 8]   üê≥  docker exec cmd=[chown -R 1012:1013 /var/run/act/actions/actions-setup-java@v1/] user=0 workdir=
[7c9bbbeb-cad4-476d-9278-9200c7f7e815/Java 8]   üê≥  docker exec cmd=[node /var/run/act/actions/actions-setup-java@v1/dist/setup/index.js] user= workdir=
[7c9bbbeb-cad4-476d-9278-9200c7f7e815/Java 8]   üí¨  ::debug::isExplicit: 
[7c9bbbeb-cad4-476d-9278-9200c7f7e815/Java 8]   üí¨  ::debug::explicit? false
[7c9bbbeb-cad4-476d-9278-9200c7f7e815/Java 8]   üí¨  ::debug::evaluating 0 versions
[7c9bbbeb-cad4-476d-9278-9200c7f7e815/Java 8]   üí¨  ::debug::match not found
[7c9bbbeb-cad4-476d-9278-9200c7f7e815/Java 8]   üí¨  ::debug::Downloading JDK from Azul
[7c9bbbeb-cad4-476d-9278-9200c7f7e815/Java 8]   üí¨  ::debug::Searching for files with extension: -linux_x64.tar.gz
[7c9bbbeb-cad4-476d-9278-9200c7f7e815/Java 8]   üí¨  ::debug::Downloading https://static.azul.com/zulu/bin/zulu8.70.0.23-ca-jdk8.0.372-linux_x64.tar.gz
[7c9bbbeb-cad4-476d-9278-9200c7f7e815/Java 8]   üí¨  ::debug::Downloading /tmp/a495031c-d62e-474c-a5a9-44ca3bfd1941
[7c9bbbeb-cad4-476d-9278-9200c7f7e815/Java 8]   üí¨  ::debug::download complete
[7c9bbbeb-cad4-476d-9278-9200c7f7e815/Java 8]   | [command]/usr/bin/tar --version
[7c9bbbeb-cad4-476d-9278-9200c7f7e815/Java 8]   | tar (GNU tar) 1.30
[7c9bbbeb-cad4-476d-9278-9200c7f7e815/Java 8]   | Copyright (C) 2017 Free Software Foundation, Inc.
[7c9bbbeb-cad4-476d-9278-9200c7f7e815/Java 8]   | License GPLv3+: GNU GPL version 3 or later <https://gnu.org/licenses/gpl.html>.
[7c9bbbeb-cad4-476d-9278-9200c7f7e815/Java 8]   | This is free software: you are free to change and redistribute it.
[7c9bbbeb-cad4-476d-9278-9200c7f7e815/Java 8]   | There is NO WARRANTY, to the extent permitted by law.
[7c9bbbeb-cad4-476d-9278-9200c7f7e815/Java 8]   | 
[7c9bbbeb-cad4-476d-9278-9200c7f7e815/Java 8]   | Written by John Gilmore and Jay Fenlason.
[7c9bbbeb-cad4-476d-9278-9200c7f7e815/Java 8]   | [command]/usr/bin/tar xz --warning=no-unknown-keyword -C /tmp/temp_693000640 -f /tmp/a495031c-d62e-474c-a5a9-44ca3bfd1941
[7c9bbbeb-cad4-476d-9278-9200c7f7e815/Java 8]   üí¨  ::debug::jdk extracted to /tmp/temp_693000640/zulu8.70.0.23-ca-jdk8.0.372-linux_x64
[7c9bbbeb-cad4-476d-9278-9200c7f7e815/Java 8]   üí¨  ::debug::Caching tool jdk 8.0.372 x64
[7c9bbbeb-cad4-476d-9278-9200c7f7e815/Java 8]   üí¨  ::debug::source dir: /tmp/temp_693000640/zulu8.70.0.23-ca-jdk8.0.372-linux_x64
[7c9bbbeb-cad4-476d-9278-9200c7f7e815/Java 8]   üí¨  ::debug::destination /opt/hostedtoolcache/jdk/8.0.372/x64
[7c9bbbeb-cad4-476d-9278-9200c7f7e815/Java 8]   üí¨  ::debug::finished caching tool
[7c9bbbeb-cad4-476d-9278-9200c7f7e815/Java 8]   ‚ùì add-matcher /run/act/actions/actions-setup-java@v1/.github/java.json
[7c9bbbeb-cad4-476d-9278-9200c7f7e815/Java 8]   | creating settings.xml with server-id: github; environment variables: username=$GITHUB_ACTOR, password=$GITHUB_TOKEN, and gpg-passphrase=null
[7c9bbbeb-cad4-476d-9278-9200c7f7e815/Java 8]   üí¨  ::debug::created directory /home/runneradmin/.m2
[7c9bbbeb-cad4-476d-9278-9200c7f7e815/Java 8]   | writing /home/runneradmin/.m2/settings.xml
[7c9bbbeb-cad4-476d-9278-9200c7f7e815/Java 8]   ‚úÖ  Success - Main Setup java
[7c9bbbeb-cad4-476d-9278-9200c7f7e815/Java 8]   ‚öô  ::set-env:: JAVA_HOME_8.0.372_x64=/opt/hostedtoolcache/jdk/8.0.372/x64
[7c9bbbeb-cad4-476d-9278-9200c7f7e815/Java 8]   ‚öô  ::set-env:: JAVA_HOME=/opt/hostedtoolcache/jdk/8.0.372/x64
[7c9bbbeb-cad4-476d-9278-9200c7f7e815/Java 8]   ‚öô  ::set-env:: JAVA_HOME_8_0_372_X64=/opt/hostedtoolcache/jdk/8.0.372/x64
[7c9bbbeb-cad4-476d-9278-9200c7f7e815/Java 8]   ‚öô  ::set-output:: path=/opt/hostedtoolcache/jdk/8.0.372/x64
[7c9bbbeb-cad4-476d-9278-9200c7f7e815/Java 8]   ‚öô  ::set-output:: version=8.0.372
[7c9bbbeb-cad4-476d-9278-9200c7f7e815/Java 8]   ‚öô  ::add-path:: /opt/hostedtoolcache/jdk/8.0.372/x64/bin
[7c9bbbeb-cad4-476d-9278-9200c7f7e815/Java 8] unable to get git ref: failed to identify reference (tag/branch) for the checked-out revision '03d4351f77060e65d9f588191957b0847363220e'
[7c9bbbeb-cad4-476d-9278-9200c7f7e815/Java 8] unable to get git ref: failed to identify reference (tag/branch) for the checked-out revision '03d4351f77060e65d9f588191957b0847363220e'
[7c9bbbeb-cad4-476d-9278-9200c7f7e815/Java 8] unable to get git ref: failed to identify reference (tag/branch) for the checked-out revision '03d4351f77060e65d9f588191957b0847363220e'
[7c9bbbeb-cad4-476d-9278-9200c7f7e815/Java 8] unable to get git ref: failed to identify reference (tag/branch) for the checked-out revision '03d4351f77060e65d9f588191957b0847363220e'
[7c9bbbeb-cad4-476d-9278-9200c7f7e815/Java 8] unable to get git ref: failed to identify reference (tag/branch) for the checked-out revision '03d4351f77060e65d9f588191957b0847363220e'
[7c9bbbeb-cad4-476d-9278-9200c7f7e815/Java 8] ‚≠ê Run Main Build with Maven
[7c9bbbeb-cad4-476d-9278-9200c7f7e815/Java 8] unable to get git ref: failed to identify reference (tag/branch) for the checked-out revision '03d4351f77060e65d9f588191957b0847363220e'
[7c9bbbeb-cad4-476d-9278-9200c7f7e815/Java 8] unable to get git ref: failed to identify reference (tag/branch) for the checked-out revision '03d4351f77060e65d9f588191957b0847363220e'
[7c9bbbeb-cad4-476d-9278-9200c7f7e815/Java 8] unable to get git ref: failed to identify reference (tag/branch) for the checked-out revision '03d4351f77060e65d9f588191957b0847363220e'
[7c9bbbeb-cad4-476d-9278-9200c7f7e815/Java 8] unable to get git ref: failed to identify reference (tag/branch) for the checked-out revision '03d4351f77060e65d9f588191957b0847363220e'
[7c9bbbeb-cad4-476d-9278-9200c7f7e815/Java 8]   üê≥  docker exec cmd=[bash --noprofile --norc -e -o pipefail /var/run/act/workflow/2] user= workdir=
[7c9bbbeb-cad4-476d-9278-9200c7f7e815/Java 8]   | [INFO] Scanning for projects...
[7c9bbbeb-cad4-476d-9278-9200c7f7e815/Java 8]   | [INFO] 
[7c9bbbeb-cad4-476d-9278-9200c7f7e815/Java 8]   | [INFO] -------------< com.github.albfernandez:juniversalchardet >--------------
[7c9bbbeb-cad4-476d-9278-9200c7f7e815/Java 8]   | [INFO] Building juniversalchardet 2.0.0-SNAPSHOT
[7c9bbbeb-cad4-476d-9278-9200c7f7e815/Java 8]   | [INFO] --------------------------------[ jar ]---------------------------------
[7c9bbbeb-cad4-476d-9278-9200c7f7e815/Java 8]   | [INFO] Downloading from central: https://repo.maven.apache.org/maven2/org/apache/maven/plugins/maven-source-plugin/2.4/maven-source-plugin-2.4.pom
[7c9bbbeb-cad4-476d-9278-9200c7f7e815/Java 8]   | [INFO] Downloaded from central: https://repo.maven.apache.org/maven2/org/apache/maven/plugins/maven-source-plugin/2.4/maven-source-plugin-2.4.pom (6.6 kB at 7.6 kB/s)
[7c9bbbeb-cad4-476d-9278-9200c7f7e815/Java 8]   | [INFO] Downloading from central: https://repo.maven.apache.org/maven2/org/apache/maven/plugins/maven-plugins/25/maven-plugins-25.pom
[7c9bbbeb-cad4-476d-9278-9200c7f7e815/Java 8]   | [INFO] Downloaded from central: https://repo.maven.apache.org/maven2/org/apache/maven/plugins/maven-plugins/25/maven-plugins-25.pom (9.6 kB at 191 kB/s)
[7c9bbbeb-cad4-476d-9278-9200c7f7e815/Java 8]   | [INFO] Downloading from central: https://repo.maven.apache.org/maven2/org/apache/maven/maven-parent/24/maven-parent-24.pom
[7c9bbbeb-cad4-476d-9278-9200c7f7e815/Java 8]   | [INFO] Downloaded from central: https://repo.maven.apache.org/maven2/org/apache/maven/maven-parent/24/maven-parent-24.pom (37 kB at 559 kB/s)
[7c9bbbeb-cad4-476d-9278-9200c7f7e815/Java 8]   | [INFO] Downloading from central: https://repo.maven.apache.org/maven2/org/apache/apache/14/apache-14.pom
[7c9bbbeb-cad4-476d-9278-9200c7f7e815/Java 8]   | [INFO] Downloaded from central: https://repo.maven.apache.org/maven2/org/apache/apache/14/apache-14.pom (15 kB at 288 kB/s)
[7c9bbbeb-cad4-476d-9278-9200c7f7e815/Java 8]   | [INFO] Downloading from central: https://repo.maven.apache.org/maven2/org/apache/maven/plugins/maven-source-plugin/2.4/maven-source-plugin-2.4.jar
[7c9bbbeb-cad4-476d-9278-9200c7f7e815/Java 8]   | [INFO] Downloaded from central: https://repo.maven.apache.org/maven2/org/apache/maven/plugins/maven-source-plugin/2.4/maven-source-plugin-2.4.jar (31 kB at 551 kB/s)
[7c9bbbeb-cad4-476d-9278-9200c7f7e815/Java 8]   | [INFO] Downloading from central: https://repo.maven.apache.org/maven2/org/apache/maven/plugins/maven-javadoc-plugin/2.10.3/maven-javadoc-plugin-2.10.3.pom
[7c9bbbeb-cad4-476d-9278-9200c7f7e815/Java 8]   | [INFO] Downloaded from central: https://repo.maven.apache.org/maven2/org/apache/maven/plugins/maven-javadoc-plugin/2.10.3/maven-javadoc-plugin-2.10.3.pom (16 kB at 163 kB/s)
[7c9bbbeb-cad4-476d-9278-9200c7f7e815/Java 8]   | [INFO] Downloading from central: https://repo.maven.apache.org/maven2/org/apache/maven/plugins/maven-plugins/27/maven-plugins-27.pom
[7c9bbbeb-cad4-476d-9278-9200c7f7e815/Java 8]   | [INFO] Downloaded from central: https://repo.maven.apache.org/maven2/org/apache/maven/plugins/maven-plugins/27/maven-plugins-27.pom (11 kB at 180 kB/s)
[7c9bbbeb-cad4-476d-9278-9200c7f7e815/Java 8]   | [INFO] Downloading from central: https://repo.maven.apache.org/maven2/org/apache/maven/maven-parent/26/maven-parent-26.pom
[7c9bbbeb-cad4-476d-9278-9200c7f7e815/Java 8]   | [INFO] Downloaded from central: https://repo.maven.apache.org/maven2/org/apache/maven/maven-parent/26/maven-parent-26.pom (40 kB at 410 kB/s)
[7c9bbbeb-cad4-476d-9278-9200c7f7e815/Java 8]   | [INFO] Downloading from central: https://repo.maven.apache.org/maven2/org/apache/apache/16/apache-16.pom
[7c9bbbeb-cad4-476d-9278-9200c7f7e815/Java 8]   | [INFO] Downloaded from central: https://repo.maven.apache.org/maven2/org/apache/apache/16/apache-16.pom (15 kB at 252 kB/s)
[7c9bbbeb-cad4-476d-9278-9200c7f7e815/Java 8]   | [INFO] Downloading from central: https://repo.maven.apache.org/maven2/org/apache/maven/plugins/maven-javadoc-plugin/2.10.3/maven-javadoc-plugin-2.10.3.jar
[7c9bbbeb-cad4-476d-9278-9200c7f7e815/Java 8]   | [INFO] Downloaded from central: https://repo.maven.apache.org/maven2/org/apache/maven/plugins/maven-javadoc-plugin/2.10.3/maven-javadoc-plugin-2.10.3.jar (405 kB at 4.7 MB/s)
[7c9bbbeb-cad4-476d-9278-9200c7f7e815/Java 8]   | [INFO] Downloading from central: https://repo.maven.apache.org/maven2/org/apache/maven/plugins/maven-clean-plugin/2.5/maven-clean-plugin-2.5.pom
[7c9bbbeb-cad4-476d-9278-9200c7f7e815/Java 8]   | [INFO] Downloaded from central: https://repo.maven.apache.org/maven2/org/apache/maven/plugins/maven-clean-plugin/2.5/maven-clean-plugin-2.5.pom (3.9 kB at 100 kB/s)
[7c9bbbeb-cad4-476d-9278-9200c7f7e815/Java 8]   | [INFO] Downloading from central: https://repo.maven.apache.org/maven2/org/apache/maven/plugins/maven-plugins/22/maven-plugins-22.pom
[7c9bbbeb-cad4-476d-9278-9200c7f7e815/Java 8]   | [INFO] Downloaded from central: https://repo.maven.apache.org/maven2/org/apache/maven/plugins/maven-plugins/22/maven-plugins-22.pom (13 kB at 621 kB/s)
[7c9bbbeb-cad4-476d-9278-9200c7f7e815/Java 8]   | [INFO] Downloading from central: https://repo.maven.apache.org/maven2/org/apache/maven/maven-parent/21/maven-parent-21.pom
[7c9bbbeb-cad4-476d-9278-9200c7f7e815/Java 8]   | [INFO] Downloaded from central: https://repo.maven.apache.org/maven2/org/apache/maven/maven-parent/21/maven-parent-21.pom (26 kB at 1.6 MB/s)
[7c9bbbeb-cad4-476d-9278-9200c7f7e815/Java 8]   | [INFO] Downloading from central: https://repo.maven.apache.org/maven2/org/apache/apache/10/apache-10.pom
[7c9bbbeb-cad4-476d-9278-9200c7f7e815/Java 8]   | [INFO] Downloaded from central: https://repo.maven.apache.org/maven2/org/apache/apache/10/apache-10.pom (15 kB at 231 kB/s)
[7c9bbbeb-cad4-476d-9278-9200c7f7e815/Java 8]   | [INFO] Downloading from central: https://repo.maven.apache.org/maven2/org/apache/maven/plugins/maven-clean-plugin/2.5/maven-clean-plugin-2.5.jar
[7c9bbbeb-cad4-476d-9278-9200c7f7e815/Java 8]   | [INFO] Downloaded from central: https://repo.maven.apache.org/maven2/org/apache/maven/plugins/maven-clean-plugin/2.5/maven-clean-plugin-2.5.jar (25 kB at 724 kB/s)
[7c9bbbeb-cad4-476d-9278-9200c7f7e815/Java 8]   | [INFO] Downloading from central: https://repo.maven.apache.org/maven2/org/apache/maven/plugins/maven-resources-plugin/2.6/maven-resources-plugin-2.6.pom
[7c9bbbeb-cad4-476d-9278-9200c7f7e815/Java 8]   | [INFO] Downloaded from central: https://repo.maven.apache.org/maven2/org/apache/maven/plugins/maven-resources-plugin/2.6/maven-resources-plugin-2.6.pom (8.1 kB at 208 kB/s)
[7c9bbbeb-cad4-476d-9278-9200c7f7e815/Java 8]   | [INFO] Downloading from central: https://repo.maven.apache.org/maven2/org/apache/maven/plugins/maven-plugins/23/maven-plugins-23.pom
[7c9bbbeb-cad4-476d-9278-9200c7f7e815/Java 8]   | [INFO] Downloaded from central: https://repo.maven.apache.org/maven2/org/apache/maven/plugins/maven-plugins/23/maven-plugins-23.pom (9.2 kB at 511 kB/s)
[7c9bbbeb-cad4-476d-9278-9200c7f7e815/Java 8]   | [INFO] Downloading from central: https://repo.maven.apache.org/maven2/org/apache/maven/maven-parent/22/maven-parent-22.pom
[7c9bbbeb-cad4-476d-9278-9200c7f7e815/Java 8]   | [INFO] Downloaded from central: https://repo.maven.apache.org/maven2/org/apache/maven/maven-parent/22/maven-parent-22.pom (30 kB at 1.3 MB/s)
[7c9bbbeb-cad4-476d-9278-9200c7f7e815/Java 8]   | [INFO] Downloading from central: https://repo.maven.apache.org/maven2/org/apache/apache/11/apache-11.pom
[7c9bbbeb-cad4-476d-9278-9200c7f7e815/Java 8]   | [INFO] Downloaded from central: https://repo.maven.apache.org/maven2/org/apache/apache/11/apache-11.pom (15 kB at 264 kB/s)
[7c9bbbeb-cad4-476d-9278-9200c7f7e815/Java 8]   | [INFO] Downloading from central: https://repo.maven.apache.org/maven2/org/apache/maven/plugins/maven-resources-plugin/2.6/maven-resources-plugin-2.6.jar
[7c9bbbeb-cad4-476d-9278-9200c7f7e815/Java 8]   | [INFO] Downloaded from central: https://repo.maven.apache.org/maven2/org/apache/maven/plugins/maven-resources-plugin/2.6/maven-resources-plugin-2.6.jar (30 kB at 1.8 MB/s)
[7c9bbbeb-cad4-476d-9278-9200c7f7e815/Java 8]   | [INFO] Downloading from central: https://repo.maven.apache.org/maven2/org/apache/maven/plugins/maven-compiler-plugin/3.3/maven-compiler-plugin-3.3.pom
[7c9bbbeb-cad4-476d-9278-9200c7f7e815/Java 8]   | [INFO] Downloaded from central: https://repo.maven.apache.org/maven2/org/apache/maven/plugins/maven-compiler-plugin/3.3/maven-compiler-plugin-3.3.pom (11 kB at 492 kB/s)
[7c9bbbeb-cad4-476d-9278-9200c7f7e815/Java 8]   | [INFO] Downloading from central: https://repo.maven.apache.org/maven2/org/apache/maven/plugins/maven-compiler-plugin/3.3/maven-compiler-plugin-3.3.jar
[7c9bbbeb-cad4-476d-9278-9200c7f7e815/Java 8]   | [INFO] Downloaded from central: https://repo.maven.apache.org/maven2/org/apache/maven/plugins/maven-compiler-plugin/3.3/maven-compiler-plugin-3.3.jar (46 kB at 2.3 MB/s)
[7c9bbbeb-cad4-476d-9278-9200c7f7e815/Java 8]   | [INFO] Downloading from central: https://repo.maven.apache.org/maven2/org/apache/maven/plugins/maven-surefire-plugin/2.12.4/maven-surefire-plugin-2.12.4.pom
[7c9bbbeb-cad4-476d-9278-9200c7f7e815/Java 8]   | [INFO] Downloaded from central: https://repo.maven.apache.org/maven2/org/apache/maven/plugins/maven-surefire-plugin/2.12.4/maven-surefire-plugin-2.12.4.pom (10 kB at 748 kB/s)
[7c9bbbeb-cad4-476d-9278-9200c7f7e815/Java 8]   | [INFO] Downloading from central: https://repo.maven.apache.org/maven2/org/apache/maven/surefire/surefire/2.12.4/surefire-2.12.4.pom
[7c9bbbeb-cad4-476d-9278-9200c7f7e815/Java 8]   | [INFO] Downloaded from central: https://repo.maven.apache.org/maven2/org/apache/maven/surefire/surefire/2.12.4/surefire-2.12.4.pom (14 kB at 985 kB/s)
[7c9bbbeb-cad4-476d-9278-9200c7f7e815/Java 8]   | [INFO] Downloading from central: https://repo.maven.apache.org/maven2/org/apache/maven/plugins/maven-surefire-plugin/2.12.4/maven-surefire-plugin-2.12.4.jar
[7c9bbbeb-cad4-476d-9278-9200c7f7e815/Java 8]   | [INFO] Downloaded from central: https://repo.maven.apache.org/maven2/org/apache/maven/plugins/maven-surefire-plugin/2.12.4/maven-surefire-plugin-2.12.4.jar (30 kB at 1.9 MB/s)
[7c9bbbeb-cad4-476d-9278-9200c7f7e815/Java 8]   | [INFO] Downloading from central: https://repo.maven.apache.org/maven2/org/apache/maven/plugins/maven-jar-plugin/2.6/maven-jar-plugin-2.6.pom
[7c9bbbeb-cad4-476d-9278-9200c7f7e815/Java 8]   | [INFO] Downloaded from central: https://repo.maven.apache.org/maven2/org/apache/maven/plugins/maven-jar-plugin/2.6/maven-jar-plugin-2.6.pom (5.9 kB at 184 kB/s)
[7c9bbbeb-cad4-476d-9278-9200c7f7e815/Java 8]   | [INFO] Downloading from central: https://repo.maven.apache.org/maven2/org/apache/maven/plugins/maven-jar-plugin/2.6/maven-jar-plugin-2.6.jar
[7c9bbbeb-cad4-476d-9278-9200c7f7e815/Java 8]   | [INFO] Downloaded from central: https://repo.maven.apache.org/maven2/org/apache/maven/plugins/maven-jar-plugin/2.6/maven-jar-plugin-2.6.jar (26 kB at 1.1 MB/s)
[7c9bbbeb-cad4-476d-9278-9200c7f7e815/Java 8]   | [INFO] Downloading from central: https://repo.maven.apache.org/maven2/junit/junit/4.12/junit-4.12.pom
[7c9bbbeb-cad4-476d-9278-9200c7f7e815/Java 8]   | [INFO] Downloaded from central: https://repo.maven.apache.org/maven2/junit/junit/4.12/junit-4.12.pom (24 kB at 2.2 MB/s)
[7c9bbbeb-cad4-476d-9278-9200c7f7e815/Java 8]   | [INFO] Downloading from central: https://repo.maven.apache.org/maven2/org/hamcrest/hamcrest-core/1.3/hamcrest-core-1.3.pom
[7c9bbbeb-cad4-476d-9278-9200c7f7e815/Java 8]   | [INFO] Downloaded from central: https://repo.maven.apache.org/maven2/org/hamcrest/hamcrest-core/1.3/hamcrest-core-1.3.pom (766 B at 40 kB/s)
[7c9bbbeb-cad4-476d-9278-9200c7f7e815/Java 8]   | [INFO] Downloading from central: https://repo.maven.apache.org/maven2/org/hamcrest/hamcrest-parent/1.3/hamcrest-parent-1.3.pom
[7c9bbbeb-cad4-476d-9278-9200c7f7e815/Java 8]   | [INFO] Downloaded from central: https://repo.maven.apache.org/maven2/org/hamcrest/hamcrest-parent/1.3/hamcrest-parent-1.3.pom (2.0 kB at 123 kB/s)
[7c9bbbeb-cad4-476d-9278-9200c7f7e815/Java 8]   | [INFO] Downloading from central: https://repo.maven.apache.org/maven2/junit/junit/4.12/junit-4.12.jar
[7c9bbbeb-cad4-476d-9278-9200c7f7e815/Java 8]   | [INFO] Downloading from central: https://repo.maven.apache.org/maven2/org/hamcrest/hamcrest-core/1.3/hamcrest-core-1.3.jar
[7c9bbbeb-cad4-476d-9278-9200c7f7e815/Java 8]   | [INFO] Downloaded from central: https://repo.maven.apache.org/maven2/org/hamcrest/hamcrest-core/1.3/hamcrest-core-1.3.jar (45 kB at 919 kB/s)
[7c9bbbeb-cad4-476d-9278-9200c7f7e815/Java 8]   | [INFO] Downloaded from central: https://repo.maven.apache.org/maven2/junit/junit/4.12/junit-4.12.jar (315 kB at 5.1 MB/s)
[7c9bbbeb-cad4-476d-9278-9200c7f7e815/Java 8]   | [INFO] 
[7c9bbbeb-cad4-476d-9278-9200c7f7e815/Java 8]   | [INFO] --- maven-clean-plugin:2.5:clean (default-clean) @ juniversalchardet ---
[7c9bbbeb-cad4-476d-9278-9200c7f7e815/Java 8]   | [INFO] Downloading from central: https://repo.maven.apache.org/maven2/org/apache/maven/maven-plugin-api/2.0.6/maven-plugin-api-2.0.6.pom
[7c9bbbeb-cad4-476d-9278-9200c7f7e815/Java 8]   | [INFO] Downloaded from central: https://repo.maven.apache.org/maven2/org/apache/maven/maven-plugin-api/2.0.6/maven-plugin-api-2.0.6.pom (1.5 kB at 28 kB/s)
[7c9bbbeb-cad4-476d-9278-9200c7f7e815/Java 8]   | [INFO] Downloading from central: https://repo.maven.apache.org/maven2/org/apache/maven/maven/2.0.6/maven-2.0.6.pom
[7c9bbbeb-cad4-476d-9278-9200c7f7e815/Java 8]   | [INFO] Downloaded from central: https://repo.maven.apache.org/maven2/org/apache/maven/maven/2.0.6/maven-2.0.6.pom (9.0 kB at 411 kB/s)
[7c9bbbeb-cad4-476d-9278-9200c7f7e815/Java 8]   | [INFO] Downloading from central: https://repo.maven.apache.org/maven2/org/apache/maven/maven-parent/5/maven-parent-5.pom
[7c9bbbeb-cad4-476d-9278-9200c7f7e815/Java 8]   | [INFO] Downloaded from central: https://repo.maven.apache.org/maven2/org/apache/maven/maven-parent/5/maven-parent-5.pom (15 kB at 635 kB/s)
[7c9bbbeb-cad4-476d-9278-9200c7f7e815/Java 8]   | [INFO] Downloading from central: https://repo.maven.apache.org/maven2/org/apache/apache/3/apache-3.pom
[7c9bbbeb-cad4-476d-9278-9200c7f7e815/Java 8]   | [INFO] Downloaded from central: https://repo.maven.apache.org/maven2/org/apache/apache/3/apache-3.pom (3.4 kB at 381 kB/s)
[7c9bbbeb-cad4-476d-9278-9200c7f7e815/Java 8]   | [INFO] Downloading from central: https://repo.maven.apache.org/maven2/org/codehaus/plexus/plexus-utils/3.0/plexus-utils-3.0.pom
[7c9bbbeb-cad4-476d-9278-9200c7f7e815/Java 8]   | [INFO] Downloaded from central: https://repo.maven.apache.org/maven2/org/codehaus/plexus/plexus-utils/3.0/plexus-utils-3.0.pom (4.1 kB at 156 kB/s)
[7c9bbbeb-cad4-476d-9278-9200c7f7e815/Java 8]   | [INFO] Downloading from central: https://repo.maven.apache.org/maven2/org/sonatype/spice/spice-parent/16/spice-parent-16.pom
[7c9bbbeb-cad4-476d-9278-9200c7f7e815/Java 8]   | [INFO] Downloaded from central: https://repo.maven.apache.org/maven2/org/sonatype/spice/spice-parent/16/spice-parent-16.pom (8.4 kB at 836 kB/s)
[7c9bbbeb-cad4-476d-9278-9200c7f7e815/Java 8]   | [INFO] Downloading from central: https://repo.maven.apache.org/maven2/org/sonatype/forge/forge-parent/5/forge-parent-5.pom
[7c9bbbeb-cad4-476d-9278-9200c7f7e815/Java 8]   | [INFO] Downloaded from central: https://repo.maven.apache.org/maven2/org/sonatype/forge/forge-parent/5/forge-parent-5.pom (8.4 kB at 127 kB/s)
[7c9bbbeb-cad4-476d-9278-9200c7f7e815/Java 8]   | [INFO] Downloading from central: https://repo.maven.apache.org/maven2/org/apache/maven/maven-plugin-api/2.0.6/maven-plugin-api-2.0.6.jar
[7c9bbbeb-cad4-476d-9278-9200c7f7e815/Java 8]   | [INFO] Downloading from central: https://repo.maven.apache.org/maven2/org/codehaus/plexus/plexus-utils/3.0/plexus-utils-3.0.jar
[7c9bbbeb-cad4-476d-9278-9200c7f7e815/Java 8]   | [INFO] Downloaded from central: https://repo.maven.apache.org/maven2/org/apache/maven/maven-plugin-api/2.0.6/maven-plugin-api-2.0.6.jar (13 kB at 322 kB/s)
[7c9bbbeb-cad4-476d-9278-9200c7f7e815/Java 8]   | [INFO] Downloaded from central: https://repo.maven.apache.org/maven2/org/codehaus/plexus/plexus-utils/3.0/plexus-utils-3.0.jar (226 kB at 3.2 MB/s)
[7c9bbbeb-cad4-476d-9278-9200c7f7e815/Java 8]   | [INFO] Deleting /tmp/b955085e-1dea-4c49-b7a7-978fcfcec972/target
[7c9bbbeb-cad4-476d-9278-9200c7f7e815/Java 8]   | [INFO] 
[7c9bbbeb-cad4-476d-9278-9200c7f7e815/Java 8]   | [INFO] --- maven-resources-plugin:2.6:resources (default-resources) @ juniversalchardet ---
[7c9bbbeb-cad4-476d-9278-9200c7f7e815/Java 8]   | [INFO] Downloading from central: https://repo.maven.apache.org/maven2/org/apache/maven/maven-project/2.0.6/maven-project-2.0.6.pom
[7c9bbbeb-cad4-476d-9278-9200c7f7e815/Java 8]   | [INFO] Downloaded from central: https://repo.maven.apache.org/maven2/org/apache/maven/maven-project/2.0.6/maven-project-2.0.6.pom (2.6 kB at 293 kB/s)
[7c9bbbeb-cad4-476d-9278-9200c7f7e815/Java 8]   | [INFO] Downloading from central: https://repo.maven.apache.org/maven2/org/apache/maven/maven-settings/2.0.6/maven-settings-2.0.6.pom
[7c9bbbeb-cad4-476d-9278-9200c7f7e815/Java 8]   | [INFO] Downloaded from central: https://repo.maven.apache.org/maven2/org/apache/maven/maven-settings/2.0.6/maven-settings-2.0.6.pom (2.0 kB at 222 kB/s)
[7c9bbbeb-cad4-476d-9278-9200c7f7e815/Java 8]   | [INFO] Downloading from central: https://repo.maven.apache.org/maven2/org/apache/maven/maven-model/2.0.6/maven-model-2.0.6.pom
[7c9bbbeb-cad4-476d-9278-9200c7f7e815/Java 8]   | [INFO] Downloaded from central: https://repo.maven.apache.org/maven2/org/apache/maven/maven-model/2.0.6/maven-model-2.0.6.pom (3.0 kB at 60 kB/s)
[7c9bbbeb-cad4-476d-9278-9200c7f7e815/Java 8]   | [INFO] Downloading from central: https://repo.maven.apache.org/maven2/org/codehaus/plexus/plexus-utils/1.4.1/plexus-utils-1.4.1.pom
[7c9bbbeb-cad4-476d-9278-9200c7f7e815/Java 8]   | [INFO] Downloaded from central: https://repo.maven.apache.org/maven2/org/codehaus/plexus/plexus-utils/1.4.1/plexus-utils-1.4.1.pom (1.9 kB at 66 kB/s)
[7c9bbbeb-cad4-476d-9278-9200c7f7e815/Java 8]   | [INFO] Downloading from central: https://repo.maven.apache.org/maven2/org/codehaus/plexus/plexus/1.0.11/plexus-1.0.11.pom
[7c9bbbeb-cad4-476d-9278-9200c7f7e815/Java 8]   | [INFO] Downloaded from central: https://repo.maven.apache.org/maven2/org/codehaus/plexus/plexus/1.0.11/plexus-1.0.11.pom (9.0 kB at 224 kB/s)
[7c9bbbeb-cad4-476d-9278-9200c7f7e815/Java 8]   | [INFO] Downloading from central: https://repo.maven.apache.org/maven2/org/codehaus/plexus/plexus-container-default/1.0-alpha-9-stable-1/plexus-container-default-1.0-alpha-9-stable-1.pom
[7c9bbbeb-cad4-476d-9278-9200c7f7e815/Java 8]   | [INFO] Downloaded from central: https://repo.maven.apache.org/maven2/org/codehaus/plexus/plexus-container-default/1.0-alpha-9-stable-1/plexus-container-default-1.0-alpha-9-stable-1.pom (3.9 kB at 263 kB/s)
[7c9bbbeb-cad4-476d-9278-9200c7f7e815/Java 8]   | [INFO] Downloading from central: https://repo.maven.apache.org/maven2/org/codehaus/plexus/plexus-containers/1.0.3/plexus-containers-1.0.3.pom
[7c9bbbeb-cad4-476d-9278-9200c7f7e815/Java 8]   | [INFO] Downloaded from central: https://repo.maven.apache.org/maven2/org/codehaus/plexus/plexus-containers/1.0.3/plexus-containers-1.0.3.pom (492 B at 14 kB/s)
[7c9bbbeb-cad4-476d-9278-9200c7f7e815/Java 8]   | [INFO] Downloading from central: https://repo.maven.apache.org/maven2/org/codehaus/plexus/plexus/1.0.4/plexus-1.0.4.pom
[7c9bbbeb-cad4-476d-9278-9200c7f7e815/Java 8]   | [INFO] Downloaded from central: https://repo.maven.apache.org/maven2/org/codehaus/plexus/plexus/1.0.4/plexus-1.0.4.pom (5.7 kB at 110 kB/s)
[7c9bbbeb-cad4-476d-9278-9200c7f7e815/Java 8]   | [INFO] Downloading from central: https://repo.maven.apache.org/maven2/junit/junit/3.8.1/junit-3.8.1.pom
[7c9bbbeb-cad4-476d-9278-9200c7f7e815/Java 8]   | [INFO] Downloaded from central: https://repo.maven.apache.org/maven2/junit/junit/3.8.1/junit-3.8.1.pom (998 B at 91 kB/s)
[7c9bbbeb-cad4-476d-9278-9200c7f7e815/Java 8]   | [INFO] Downloading from central: https://repo.maven.apache.org/maven2/org/codehaus/plexus/plexus-utils/1.0.4/plexus-utils-1.0.4.pom
[7c9bbbeb-cad4-476d-9278-9200c7f7e815/Java 8]   | [INFO] Downloaded from central: https://repo.maven.apache.org/maven2/org/codehaus/plexus/plexus-utils/1.0.4/plexus-utils-1.0.4.pom (6.9 kB at 229 kB/s)
[7c9bbbeb-cad4-476d-9278-9200c7f7e815/Java 8]   | [INFO] Downloading from central: https://repo.maven.apache.org/maven2/classworlds/classworlds/1.1-alpha-2/classworlds-1.1-alpha-2.pom
[7c9bbbeb-cad4-476d-9278-9200c7f7e815/Java 8]   | [INFO] Downloaded from central: https://repo.maven.apache.org/maven2/classworlds/classworlds/1.1-alpha-2/classworlds-1.1-alpha-2.pom (3.1 kB at 64 kB/s)
[7c9bbbeb-cad4-476d-9278-9200c7f7e815/Java 8]   | [INFO] Downloading from central: https://repo.maven.apache.org/maven2/org/apache/maven/maven-profile/2.0.6/maven-profile-2.0.6.pom
[7c9bbbeb-cad4-476d-9278-9200c7f7e815/Java 8]   | [INFO] Downloaded from central: https://repo.maven.apache.org/maven2/org/apache/maven/maven-profile/2.0.6/maven-profile-2.0.6.pom (2.0 kB at 20 kB/s)
[7c9bbbeb-cad4-476d-9278-9200c7f7e815/Java 8]   | [INFO] Downloading from central: https://repo.maven.apache.org/maven2/org/apache/maven/maven-artifact-manager/2.0.6/maven-artifact-manager-2.0.6.pom
[7c9bbbeb-cad4-476d-9278-9200c7f7e815/Java 8]   | [INFO] Downloaded from central: https://repo.maven.apache.org/maven2/org/apache/maven/maven-artifact-manager/2.0.6/maven-artifact-manager-2.0.6.pom (2.6 kB at 60 kB/s)
[7c9bbbeb-cad4-476d-9278-9200c7f7e815/Java 8]   | [INFO] Downloading from central: https://repo.maven.apache.org/maven2/org/apache/maven/maven-repository-metadata/2.0.6/maven-repository-metadata-2.0.6.pom
[7c9bbbeb-cad4-476d-9278-9200c7f7e815/Java 8]   | [INFO] Downloaded from central: https://repo.maven.apache.org/maven2/org/apache/maven/maven-repository-metadata/2.0.6/maven-repository-metadata-2.0.6.pom (1.9 kB at 46 kB/s)
[7c9bbbeb-cad4-476d-9278-9200c7f7e815/Java 8]   | [INFO] Downloading from central: https://repo.maven.apache.org/maven2/org/apache/maven/maven-artifact/2.0.6/maven-artifact-2.0.6.pom
[7c9bbbeb-cad4-476d-9278-9200c7f7e815/Java 8]   | [INFO] Downloaded from central: https://repo.maven.apache.org/maven2/org/apache/maven/maven-artifact/2.0.6/maven-artifact-2.0.6.pom (1.6 kB at 49 kB/s)
[7c9bbbeb-cad4-476d-9278-9200c7f7e815/Java 8]   | [INFO] Downloading from central: https://repo.maven.apache.org/maven2/org/apache/maven/maven-plugin-registry/2.0.6/maven-plugin-registry-2.0.6.pom
[7c9bbbeb-cad4-476d-9278-9200c7f7e815/Java 8]   | [INFO] Downloaded from central: https://repo.maven.apache.org/maven2/org/apache/maven/maven-plugin-registry/2.0.6/maven-plugin-registry-2.0.6.pom (1.9 kB at 41 kB/s)
[7c9bbbeb-cad4-476d-9278-9200c7f7e815/Java 8]   | [INFO] Downloading from central: https://repo.maven.apache.org/maven2/org/apache/maven/maven-core/2.0.6/maven-core-2.0.6.pom
[7c9bbbeb-cad4-476d-9278-9200c7f7e815/Java 8]   | [INFO] Downloaded from central: https://repo.maven.apache.org/maven2/org/apache/maven/maven-core/2.0.6/maven-core-2.0.6.pom (6.7 kB at 240 kB/s)
[7c9bbbeb-cad4-476d-9278-9200c7f7e815/Java 8]   | [INFO] Downloading from central: https://repo.maven.apache.org/maven2/org/apache/maven/maven-plugin-parameter-documenter/2.0.6/maven-plugin-parameter-documenter-2.0.6.pom
[7c9bbbeb-cad4-476d-9278-9200c7f7e815/Java 8]   | [INFO] Downloaded from central: https://repo.maven.apache.org/maven2/org/apache/maven/maven-plugin-parameter-documenter/2.0.6/maven-plugin-parameter-documenter-2.0.6.pom (1.9 kB at 239 kB/s)
[7c9bbbeb-cad4-476d-9278-9200c7f7e815/Java 8]   | [INFO] Downloading from central: https://repo.maven.apache.org/maven2/org/apache/maven/reporting/maven-reporting-api/2.0.6/maven-reporting-api-2.0.6.pom
[7c9bbbeb-cad4-476d-9278-9200c7f7e815/Java 8]   | [INFO] Downloaded from central: https://repo.maven.apache.org/maven2/org/apache/maven/reporting/maven-reporting-api/2.0.6/maven-reporting-api-2.0.6.pom (1.8 kB at 70 kB/s)
[7c9bbbeb-cad4-476d-9278-9200c7f7e815/Java 8]   | [INFO] Downloading from central: https://repo.maven.apache.org/maven2/org/apache/maven/reporting/maven-reporting/2.0.6/maven-reporting-2.0.6.pom
[7c9bbbeb-cad4-476d-9278-9200c7f7e815/Java 8]   | [INFO] Downloaded from central: https://repo.maven.apache.org/maven2/org/apache/maven/reporting/maven-reporting/2.0.6/maven-reporting-2.0.6.pom (1.4 kB at 80 kB/s)
[7c9bbbeb-cad4-476d-9278-9200c7f7e815/Java 8]   | [INFO] Downloading from central: https://repo.maven.apache.org/maven2/org/apache/maven/doxia/doxia-sink-api/1.0-alpha-7/doxia-sink-api-1.0-alpha-7.pom
[7c9bbbeb-cad4-476d-9278-9200c7f7e815/Java 8]   | [INFO] Downloaded from central: https://repo.maven.apache.org/maven2/org/apache/maven/doxia/doxia-sink-api/1.0-alpha-7/doxia-sink-api-1.0-alpha-7.pom (424 B at 53 kB/s)
[7c9bbbeb-cad4-476d-9278-9200c7f7e815/Java 8]   | [INFO] Downloading from central: https://repo.maven.apache.org/maven2/org/apache/maven/doxia/doxia/1.0-alpha-7/doxia-1.0-alpha-7.pom
[7c9bbbeb-cad4-476d-9278-9200c7f7e815/Java 8]   | [INFO] Downloaded from central: https://repo.maven.apache.org/maven2/org/apache/maven/doxia/doxia/1.0-alpha-7/doxia-1.0-alpha-7.pom (3.9 kB at 145 kB/s)
[7c9bbbeb-cad4-476d-9278-9200c7f7e815/Java 8]   | [INFO] Downloading from central: https://repo.maven.apache.org/maven2/org/apache/maven/maven-error-diagnostics/2.0.6/maven-error-diagnostics-2.0.6.pom
[7c9bbbeb-cad4-476d-9278-9200c7f7e815/Java 8]   | [INFO] Downloaded from central: https://repo.maven.apache.org/maven2/org/apache/maven/maven-error-diagnostics/2.0.6/maven-error-diagnostics-2.0.6.pom (1.7 kB at 24 kB/s)
[7c9bbbeb-cad4-476d-9278-9200c7f7e815/Java 8]   | [INFO] Downloading from central: https://repo.maven.apache.org/maven2/commons-cli/commons-cli/1.0/commons-cli-1.0.pom
[7c9bbbeb-cad4-476d-9278-9200c7f7e815/Java 8]   | [INFO] Downloaded from central: https://repo.maven.apache.org/maven2/commons-cli/commons-cli/1.0/commons-cli-1.0.pom (2.1 kB at 234 kB/s)
[7c9bbbeb-cad4-476d-9278-9200c7f7e815/Java 8]   | [INFO] Downloading from central: https://repo.maven.apache.org/maven2/org/apache/maven/maven-plugin-descriptor/2.0.6/maven-plugin-descriptor-2.0.6.pom
[7c9bbbeb-cad4-476d-9278-9200c7f7e815/Java 8]   | [INFO] Downloaded from central: https://repo.maven.apache.org/maven2/org/apache/maven/maven-plugin-descriptor/2.0.6/maven-plugin-descriptor-2.0.6.pom (2.0 kB at 168 kB/s)
[7c9bbbeb-cad4-476d-9278-9200c7f7e815/Java 8]   | [INFO] Downloading from central: https://repo.maven.apache.org/maven2/org/codehaus/plexus/plexus-interactivity-api/1.0-alpha-4/plexus-interactivity-api-1.0-alpha-4.pom
[7c9bbbeb-cad4-476d-9278-9200c7f7e815/Java 8]   | [INFO] Downloaded from central: https://repo.maven.apache.org/maven2/org/codehaus/plexus/plexus-interactivity-api/1.0-alpha-4/plexus-interactivity-api-1.0-alpha-4.pom (7.1 kB at 506 kB/s)
[7c9bbbeb-cad4-476d-9278-9200c7f7e815/Java 8]   | [INFO] Downloading from central: https://repo.maven.apache.org/maven2/org/apache/maven/maven-monitor/2.0.6/maven-monitor-2.0.6.pom
[7c9bbbeb-cad4-476d-9278-9200c7f7e815/Java 8]   | [INFO] Downloaded from central: https://repo.maven.apache.org/maven2/org/apache/maven/maven-monitor/2.0.6/maven-monitor-2.0.6.pom (1.3 kB at 23 kB/s)
[7c9bbbeb-cad4-476d-9278-9200c7f7e815/Java 8]   | [INFO] Downloading from central: https://repo.maven.apache.org/maven2/classworlds/classworlds/1.1/classworlds-1.1.pom
[7c9bbbeb-cad4-476d-9278-9200c7f7e815/Java 8]   | [INFO] Downloaded from central: https://repo.maven.apache.org/maven2/classworlds/classworlds/1.1/classworlds-1.1.pom (3.3 kB at 416 kB/s)
[7c9bbbeb-cad4-476d-9278-9200c7f7e815/Java 8]   | [INFO] Downloading from central: https://repo.maven.apache.org/maven2/org/codehaus/plexus/plexus-utils/2.0.5/plexus-utils-2.0.5.pom
[7c9bbbeb-cad4-476d-9278-9200c7f7e815/Java 8]   | [INFO] Downloaded from central: https://repo.maven.apache.org/maven2/org/codehaus/plexus/plexus-utils/2.0.5/plexus-utils-2.0.5.pom (3.3 kB at 208 kB/s)
[7c9bbbeb-cad4-476d-9278-9200c7f7e815/Java 8]   | [INFO] Downloading from central: https://repo.maven.apache.org/maven2/org/codehaus/plexus/plexus/2.0.6/plexus-2.0.6.pom
[7c9bbbeb-cad4-476d-9278-9200c7f7e815/Java 8]   | [INFO] Downloaded from central: https://repo.maven.apache.org/maven2/org/codehaus/plexus/plexus/2.0.6/plexus-2.0.6.pom (17 kB at 671 kB/s)
[7c9bbbeb-cad4-476d-9278-9200c7f7e815/Java 8]   | [INFO] Downloading from central: https://repo.maven.apache.org/maven2/org/apache/maven/shared/maven-filtering/1.1/maven-filtering-1.1.pom
[7c9bbbeb-cad4-476d-9278-9200c7f7e815/Java 8]   | [INFO] Downloaded from central: https://repo.maven.apache.org/maven2/org/apache/maven/shared/maven-filtering/1.1/maven-filtering-1.1.pom (5.8 kB at 193 kB/s)
[7c9bbbeb-cad4-476d-9278-9200c7f7e815/Java 8]   | [INFO] Downloading from central: https://repo.maven.apache.org/maven2/org/apache/maven/shared/maven-shared-components/17/maven-shared-components-17.pom
[7c9bbbeb-cad4-476d-9278-9200c7f7e815/Java 8]   | [INFO] Downloaded from central: https://repo.maven.apache.org/maven2/org/apache/maven/shared/maven-shared-components/17/maven-shared-components-17.pom (8.7 kB at 512 kB/s)
[7c9bbbeb-cad4-476d-9278-9200c7f7e815/Java 8]   | [INFO] Downloading from central: https://repo.maven.apache.org/maven2/org/codehaus/plexus/plexus-utils/1.5.15/plexus-utils-1.5.15.pom
[7c9bbbeb-cad4-476d-9278-9200c7f7e815/Java 8]   | [INFO] Downloaded from central: https://repo.maven.apache.org/maven2/org/codehaus/plexus/plexus-utils/1.5.15/plexus-utils-1.5.15.pom (6.8 kB at 428 kB/s)
[7c9bbbeb-cad4-476d-9278-9200c7f7e815/Java 8]   | [INFO] Downloading from central: https://repo.maven.apache.org/maven2/org/codehaus/plexus/plexus/2.0.2/plexus-2.0.2.pom
[7c9bbbeb-cad4-476d-9278-9200c7f7e815/Java 8]   | [INFO] Downloaded from central: https://repo.maven.apache.org/maven2/org/codehaus/plexus/plexus/2.0.2/plexus-2.0.2.pom (12 kB at 363 kB/s)
[7c9bbbeb-cad4-476d-9278-9200c7f7e815/Java 8]   | [INFO] Downloading from central: https://repo.maven.apache.org/maven2/org/codehaus/plexus/plexus-interpolation/1.12/plexus-interpolation-1.12.pom
[7c9bbbeb-cad4-476d-9278-9200c7f7e815/Java 8]   | [INFO] Downloaded from central: https://repo.maven.apache.org/maven2/org/codehaus/plexus/plexus-interpolation/1.12/plexus-interpolation-1.12.pom (889 B at 31 kB/s)
[7c9bbbeb-cad4-476d-9278-9200c7f7e815/Java 8]   | [INFO] Downloading from central: https://repo.maven.apache.org/maven2/org/codehaus/plexus/plexus-components/1.1.14/plexus-components-1.1.14.pom
[7c9bbbeb-cad4-476d-9278-9200c7f7e815/Java 8]   | [INFO] Downloaded from central: https://repo.maven.apache.org/maven2/org/codehaus/plexus/plexus-components/1.1.14/plexus-components-1.1.14.pom (5.8 kB at 201 kB/s)
[7c9bbbeb-cad4-476d-9278-9200c7f7e815/Java 8]   | [INFO] Downloading from central: https://repo.maven.apache.org/maven2/org/sonatype/plexus/plexus-build-api/0.0.4/plexus-build-api-0.0.4.pom
[7c9bbbeb-cad4-476d-9278-9200c7f7e815/Java 8]   | [INFO] Downloaded from central: https://repo.maven.apache.org/maven2/org/sonatype/plexus/plexus-build-api/0.0.4/plexus-build-api-0.0.4.pom (2.9 kB at 64 kB/s)
[7c9bbbeb-cad4-476d-9278-9200c7f7e815/Java 8]   | [INFO] Downloading from central: https://repo.maven.apache.org/maven2/org/sonatype/spice/spice-parent/10/spice-parent-10.pom
[7c9bbbeb-cad4-476d-9278-9200c7f7e815/Java 8]   | [INFO] Downloaded from central: https://repo.maven.apache.org/maven2/org/sonatype/spice/spice-parent/10/spice-parent-10.pom (3.0 kB at 67 kB/s)
[7c9bbbeb-cad4-476d-9278-9200c7f7e815/Java 8]   | [INFO] Downloading from central: https://repo.maven.apache.org/maven2/org/sonatype/forge/forge-parent/3/forge-parent-3.pom
[7c9bbbeb-cad4-476d-9278-9200c7f7e815/Java 8]   | [INFO] Downloaded from central: https://repo.maven.apache.org/maven2/org/sonatype/forge/forge-parent/3/forge-parent-3.pom (5.0 kB at 629 kB/s)
[7c9bbbeb-cad4-476d-9278-9200c7f7e815/Java 8]   | [INFO] Downloading from central: https://repo.maven.apache.org/maven2/org/codehaus/plexus/plexus-utils/1.5.8/plexus-utils-1.5.8.pom
[7c9bbbeb-cad4-476d-9278-9200c7f7e815/Java 8]   | [INFO] Downloaded from central: https://repo.maven.apache.org/maven2/org/codehaus/plexus/plexus-utils/1.5.8/plexus-utils-1.5.8.pom (8.1 kB at 806 kB/s)
[7c9bbbeb-cad4-476d-9278-9200c7f7e815/Java 8]   | [INFO] Downloading from central: https://repo.maven.apache.org/maven2/org/codehaus/plexus/plexus-interpolation/1.13/plexus-interpolation-1.13.pom
[7c9bbbeb-cad4-476d-9278-9200c7f7e815/Java 8]   | [INFO] Downloaded from central: https://repo.maven.apache.org/maven2/org/codehaus/plexus/plexus-interpolation/1.13/plexus-interpolation-1.13.pom (890 B at 39 kB/s)
[7c9bbbeb-cad4-476d-9278-9200c7f7e815/Java 8]   | [INFO] Downloading from central: https://repo.maven.apache.org/maven2/org/codehaus/plexus/plexus-components/1.1.15/plexus-components-1.1.15.pom
[7c9bbbeb-cad4-476d-9278-9200c7f7e815/Java 8]   | [INFO] Downloaded from central: https://repo.maven.apache.org/maven2/org/codehaus/plexus/plexus-components/1.1.15/plexus-components-1.1.15.pom (2.8 kB at 237 kB/s)
[7c9bbbeb-cad4-476d-9278-9200c7f7e815/Java 8]   | [INFO] Downloading from central: https://repo.maven.apache.org/maven2/org/codehaus/plexus/plexus/2.0.3/plexus-2.0.3.pom
[7c9bbbeb-cad4-476d-9278-9200c7f7e815/Java 8]   | [INFO] Downloaded from central: https://repo.maven.apache.org/maven2/org/codehaus/plexus/plexus/2.0.3/plexus-2.0.3.pom (15 kB at 573 kB/s)
[7c9bbbeb-cad4-476d-9278-9200c7f7e815/Java 8]   | [INFO] Downloading from central: https://repo.maven.apache.org/maven2/org/apache/maven/maven-project/2.0.6/maven-project-2.0.6.jar
[7c9bbbeb-cad4-476d-9278-9200c7f7e815/Java 8]   | [INFO] Downloading from central: https://repo.maven.apache.org/maven2/org/apache/maven/maven-profile/2.0.6/maven-profile-2.0.6.jar
[7c9bbbeb-cad4-476d-9278-9200c7f7e815/Java 8]   | [INFO] Downloading from central: https://repo.maven.apache.org/maven2/org/apache/maven/maven-artifact-manager/2.0.6/maven-artifact-manager-2.0.6.jar
[7c9bbbeb-cad4-476d-9278-9200c7f7e815/Java 8]   | [INFO] Downloading from central: https://repo.maven.apache.org/maven2/org/apache/maven/maven-plugin-registry/2.0.6/maven-plugin-registry-2.0.6.jar
[7c9bbbeb-cad4-476d-9278-9200c7f7e815/Java 8]   | [INFO] Downloading from central: https://repo.maven.apache.org/maven2/org/apache/maven/maven-core/2.0.6/maven-core-2.0.6.jar
[7c9bbbeb-cad4-476d-9278-9200c7f7e815/Java 8]   | [INFO] Downloaded from central: https://repo.maven.apache.org/maven2/org/apache/maven/maven-artifact-manager/2.0.6/maven-artifact-manager-2.0.6.jar (57 kB at 2.0 MB/s)
[7c9bbbeb-cad4-476d-9278-9200c7f7e815/Java 8]   | [INFO] Downloading from central: https://repo.maven.apache.org/maven2/org/apache/maven/maven-plugin-parameter-documenter/2.0.6/maven-plugin-parameter-documenter-2.0.6.jar
[7c9bbbeb-cad4-476d-9278-9200c7f7e815/Java 8]   | [INFO] Downloaded from central: https://repo.maven.apache.org/maven2/org/apache/maven/maven-project/2.0.6/maven-project-2.0.6.jar (116 kB at 2.5 MB/s)
[7c9bbbeb-cad4-476d-9278-9200c7f7e815/Java 8]   | [INFO] Downloading from central: https://repo.maven.apache.org/maven2/org/apache/maven/reporting/maven-reporting-api/2.0.6/maven-reporting-api-2.0.6.jar
[7c9bbbeb-cad4-476d-9278-9200c7f7e815/Java 8]   | [INFO] Downloaded from central: https://repo.maven.apache.org/maven2/org/apache/maven/maven-profile/2.0.6/maven-profile-2.0.6.jar (35 kB at 470 kB/s)
[7c9bbbeb-cad4-476d-9278-9200c7f7e815/Java 8]   | [INFO] Downloading from central: https://repo.maven.apache.org/maven2/org/apache/maven/doxia/doxia-sink-api/1.0-alpha-7/doxia-sink-api-1.0-alpha-7.jar
[7c9bbbeb-cad4-476d-9278-9200c7f7e815/Java 8]   | [INFO] Downloaded from central: https://repo.maven.apache.org/maven2/org/apache/maven/maven-plugin-parameter-documenter/2.0.6/maven-plugin-parameter-documenter-2.0.6.jar (21 kB at 146 kB/s)
[7c9bbbeb-cad4-476d-9278-9200c7f7e815/Java 8]   | [INFO] Downloaded from central: https://repo.maven.apache.org/maven2/org/apache/maven/maven-core/2.0.6/maven-core-2.0.6.jar (152 kB at 1.1 MB/s)
[7c9bbbeb-cad4-476d-9278-9200c7f7e815/Java 8]   | [INFO] Downloading from central: https://repo.maven.apache.org/maven2/org/apache/maven/maven-repository-metadata/2.0.6/maven-repository-metadata-2.0.6.jar
[7c9bbbeb-cad4-476d-9278-9200c7f7e815/Java 8]   | [INFO] Downloaded from central: https://repo.maven.apache.org/maven2/org/apache/maven/maven-plugin-registry/2.0.6/maven-plugin-registry-2.0.6.jar (29 kB at 198 kB/s)
[7c9bbbeb-cad4-476d-9278-9200c7f7e815/Java 8]   | [INFO] Downloading from central: https://repo.maven.apache.org/maven2/org/apache/maven/maven-error-diagnostics/2.0.6/maven-error-diagnostics-2.0.6.jar
[7c9bbbeb-cad4-476d-9278-9200c7f7e815/Java 8]   | [INFO] Downloading from central: https://repo.maven.apache.org/maven2/commons-cli/commons-cli/1.0/commons-cli-1.0.jar
[7c9bbbeb-cad4-476d-9278-9200c7f7e815/Java 8]   | [INFO] Downloaded from central: https://repo.maven.apache.org/maven2/org/apache/maven/reporting/maven-reporting-api/2.0.6/maven-reporting-api-2.0.6.jar (9.9 kB at 70 kB/s)
[7c9bbbeb-cad4-476d-9278-9200c7f7e815/Java 8]   | [INFO] Downloading from central: https://repo.maven.apache.org/maven2/org/apache/maven/maven-plugin-descriptor/2.0.6/maven-plugin-descriptor-2.0.6.jar
[7c9bbbeb-cad4-476d-9278-9200c7f7e815/Java 8]   | [INFO] Downloaded from central: https://repo.maven.apache.org/maven2/org/apache/maven/doxia/doxia-sink-api/1.0-alpha-7/doxia-sink-api-1.0-alpha-7.jar (5.9 kB at 35 kB/s)
[7c9bbbeb-cad4-476d-9278-9200c7f7e815/Java 8]   | [INFO] Downloading from central: https://repo.maven.apache.org/maven2/org/codehaus/plexus/plexus-interactivity-api/1.0-alpha-4/plexus-interactivity-api-1.0-alpha-4.jar
[7c9bbbeb-cad4-476d-9278-9200c7f7e815/Java 8]   | [INFO] Downloaded from central: https://repo.maven.apache.org/maven2/commons-cli/commons-cli/1.0/commons-cli-1.0.jar (30 kB at 171 kB/s)
[7c9bbbeb-cad4-476d-9278-9200c7f7e815/Java 8]   | [INFO] Downloading from central: https://repo.maven.apache.org/maven2/classworlds/classworlds/1.1/classworlds-1.1.jar
[7c9bbbeb-cad4-476d-9278-9200c7f7e815/Java 8]   | [INFO] Downloaded from central: https://repo.maven.apache.org/maven2/org/apache/maven/maven-plugin-descriptor/2.0.6/maven-plugin-descriptor-2.0.6.jar (37 kB at 206 kB/s)
[7c9bbbeb-cad4-476d-9278-9200c7f7e815/Java 8]   | [INFO] Downloading from central: https://repo.maven.apache.org/maven2/org/apache/maven/maven-artifact/2.0.6/maven-artifact-2.0.6.jar
[7c9bbbeb-cad4-476d-9278-9200c7f7e815/Java 8]   | [INFO] Downloaded from central: https://repo.maven.apache.org/maven2/org/apache/maven/maven-error-diagnostics/2.0.6/maven-error-diagnostics-2.0.6.jar (14 kB at 75 kB/s)
[7c9bbbeb-cad4-476d-9278-9200c7f7e815/Java 8]   | [INFO] Downloading from central: https://repo.maven.apache.org/maven2/org/apache/maven/maven-settings/2.0.6/maven-settings-2.0.6.jar
[7c9bbbeb-cad4-476d-9278-9200c7f7e815/Java 8]   | [INFO] Downloaded from central: https://repo.maven.apache.org/maven2/org/apache/maven/maven-repository-metadata/2.0.6/maven-repository-metadata-2.0.6.jar (24 kB at 134 kB/s)
[7c9bbbeb-cad4-476d-9278-9200c7f7e815/Java 8]   | [INFO] Downloading from central: https://repo.maven.apache.org/maven2/org/apache/maven/maven-model/2.0.6/maven-model-2.0.6.jar
[7c9bbbeb-cad4-476d-9278-9200c7f7e815/Java 8]   | [INFO] Downloaded from central: https://repo.maven.apache.org/maven2/org/codehaus/plexus/plexus-interactivity-api/1.0-alpha-4/plexus-interactivity-api-1.0-alpha-4.jar (13 kB at 72 kB/s)
[7c9bbbeb-cad4-476d-9278-9200c7f7e815/Java 8]   | [INFO] Downloading from central: https://repo.maven.apache.org/maven2/org/apache/maven/maven-monitor/2.0.6/maven-monitor-2.0.6.jar
[7c9bbbeb-cad4-476d-9278-9200c7f7e815/Java 8]   | [INFO] Downloaded from central: https://repo.maven.apache.org/maven2/org/apache/maven/maven-settings/2.0.6/maven-settings-2.0.6.jar (49 kB at 249 kB/s)
[7c9bbbeb-cad4-476d-9278-9200c7f7e815/Java 8]   | [INFO] Downloading from central: https://repo.maven.apache.org/maven2/org/codehaus/plexus/plexus-container-default/1.0-alpha-9-stable-1/plexus-container-default-1.0-alpha-9-stable-1.jar
[7c9bbbeb-cad4-476d-9278-9200c7f7e815/Java 8]   | [INFO] Downloaded from central: https://repo.maven.apache.org/maven2/org/apache/maven/maven-model/2.0.6/maven-model-2.0.6.jar (86 kB at 430 kB/s)
[7c9bbbeb-cad4-476d-9278-9200c7f7e815/Java 8]   | [INFO] Downloading from central: https://repo.maven.apache.org/maven2/junit/junit/3.8.1/junit-3.8.1.jar
[7c9bbbeb-cad4-476d-9278-9200c7f7e815/Java 8]   | [INFO] Downloaded from central: https://repo.maven.apache.org/maven2/classworlds/classworlds/1.1/classworlds-1.1.jar (38 kB at 156 kB/s)
[7c9bbbeb-cad4-476d-9278-9200c7f7e815/Java 8]   | [INFO] Downloading from central: https://repo.maven.apache.org/maven2/org/codehaus/plexus/plexus-utils/2.0.5/plexus-utils-2.0.5.jar
[7c9bbbeb-cad4-476d-9278-9200c7f7e815/Java 8]   | [INFO] Downloaded from central: https://repo.maven.apache.org/maven2/org/apache/maven/maven-monitor/2.0.6/maven-monitor-2.0.6.jar (10 kB at 42 kB/s)
[7c9bbbeb-cad4-476d-9278-9200c7f7e815/Java 8]   | [INFO] Downloading from central: https://repo.maven.apache.org/maven2/org/apache/maven/shared/maven-filtering/1.1/maven-filtering-1.1.jar
[7c9bbbeb-cad4-476d-9278-9200c7f7e815/Java 8]   | [INFO] Downloaded from central: https://repo.maven.apache.org/maven2/org/apache/maven/maven-artifact/2.0.6/maven-artifact-2.0.6.jar (87 kB at 355 kB/s)
[7c9bbbeb-cad4-476d-9278-9200c7f7e815/Java 8]   | [INFO] Downloading from central: https://repo.maven.apache.org/maven2/org/sonatype/plexus/plexus-build-api/0.0.4/plexus-build-api-0.0.4.jar
[7c9bbbeb-cad4-476d-9278-9200c7f7e815/Java 8]   | [INFO] Downloaded from central: https://repo.maven.apache.org/maven2/junit/junit/3.8.1/junit-3.8.1.jar (121 kB at 484 kB/s)
[7c9bbbeb-cad4-476d-9278-9200c7f7e815/Java 8]   | [INFO] Downloaded from central: https://repo.maven.apache.org/maven2/org/codehaus/plexus/plexus-container-default/1.0-alpha-9-stable-1/plexus-container-default-1.0-alpha-9-stable-1.jar (194 kB at 777 kB/s)
[7c9bbbeb-cad4-476d-9278-9200c7f7e815/Java 8]   | [INFO] Downloading from central: https://repo.maven.apache.org/maven2/org/codehaus/plexus/plexus-interpolation/1.13/plexus-interpolation-1.13.jar
[7c9bbbeb-cad4-476d-9278-9200c7f7e815/Java 8]   | [INFO] Downloaded from central: https://repo.maven.apache.org/maven2/org/sonatype/plexus/plexus-build-api/0.0.4/plexus-build-api-0.0.4.jar (6.8 kB at 26 kB/s)
[7c9bbbeb-cad4-476d-9278-9200c7f7e815/Java 8]   | [INFO] Downloaded from central: https://repo.maven.apache.org/maven2/org/codehaus/plexus/plexus-interpolation/1.13/plexus-interpolation-1.13.jar (61 kB at 227 kB/s)
[7c9bbbeb-cad4-476d-9278-9200c7f7e815/Java 8]   | [INFO] Downloaded from central: https://repo.maven.apache.org/maven2/org/apache/maven/shared/maven-filtering/1.1/maven-filtering-1.1.jar (43 kB at 160 kB/s)
[7c9bbbeb-cad4-476d-9278-9200c7f7e815/Java 8]   | [INFO] Downloaded from central: https://repo.maven.apache.org/maven2/org/codehaus/plexus/plexus-utils/2.0.5/plexus-utils-2.0.5.jar (223 kB at 791 kB/s)
[7c9bbbeb-cad4-476d-9278-9200c7f7e815/Java 8]   | [INFO] Using 'UTF-8' encoding to copy filtered resources.
[7c9bbbeb-cad4-476d-9278-9200c7f7e815/Java 8]   | [INFO] skip non existing resourceDirectory /tmp/b955085e-1dea-4c49-b7a7-978fcfcec972/src/main/resources
[7c9bbbeb-cad4-476d-9278-9200c7f7e815/Java 8]   | [INFO] 
[7c9bbbeb-cad4-476d-9278-9200c7f7e815/Java 8]   | [INFO] --- maven-compiler-plugin:3.3:compile (default-compile) @ juniversalchardet ---
[7c9bbbeb-cad4-476d-9278-9200c7f7e815/Java 8]   | [INFO] Downloading from central: https://repo.maven.apache.org/maven2/org/apache/maven/maven-plugin-api/2.2.1/maven-plugin-api-2.2.1.pom
[7c9bbbeb-cad4-476d-9278-9200c7f7e815/Java 8]   | [INFO] Downloaded from central: https://repo.maven.apache.org/maven2/org/apache/maven/maven-plugin-api/2.2.1/maven-plugin-api-2.2.1.pom (1.5 kB at 81 kB/s)
[7c9bbbeb-cad4-476d-9278-9200c7f7e815/Java 8]   | [INFO] Downloading from central: https://repo.maven.apache.org/maven2/org/apache/maven/maven/2.2.1/maven-2.2.1.pom
[7c9bbbeb-cad4-476d-9278-9200c7f7e815/Java 8]   | [INFO] Downloaded from central: https://repo.maven.apache.org/maven2/org/apache/maven/maven/2.2.1/maven-2.2.1.pom (22 kB at 311 kB/s)
[7c9bbbeb-cad4-476d-9278-9200c7f7e815/Java 8]   | [INFO] Downloading from central: https://repo.maven.apache.org/maven2/org/apache/maven/maven-parent/11/maven-parent-11.pom
[7c9bbbeb-cad4-476d-9278-9200c7f7e815/Java 8]   | [INFO] Downloaded from central: https://repo.maven.apache.org/maven2/org/apache/maven/maven-parent/11/maven-parent-11.pom (32 kB at 2.0 MB/s)
[7c9bbbeb-cad4-476d-9278-9200c7f7e815/Java 8]   | [INFO] Downloading from central: https://repo.maven.apache.org/maven2/org/apache/apache/5/apache-5.pom
[7c9bbbeb-cad4-476d-9278-9200c7f7e815/Java 8]   | [INFO] Downloaded from central: https://repo.maven.apache.org/maven2/org/apache/apache/5/apache-5.pom (4.1 kB at 205 kB/s)
[7c9bbbeb-cad4-476d-9278-9200c7f7e815/Java 8]   | [INFO] Downloading from central: https://repo.maven.apache.org/maven2/org/apache/maven/maven-artifact/2.2.1/maven-artifact-2.2.1.pom
[7c9bbbeb-cad4-476d-9278-9200c7f7e815/Java 8]   | [INFO] Downloaded from central: https://repo.maven.apache.org/maven2/org/apache/maven/maven-artifact/2.2.1/maven-artifact-2.2.1.pom (1.6 kB at 88 kB/s)
[7c9bbbeb-cad4-476d-9278-9200c7f7e815/Java 8]   | [INFO] Downloading from central: https://repo.maven.apache.org/maven2/org/apache/maven/maven-core/2.2.1/maven-core-2.2.1.pom
[7c9bbbeb-cad4-476d-9278-9200c7f7e815/Java 8]   | [INFO] Downloaded from central: https://repo.maven.apache.org/maven2/org/apache/maven/maven-core/2.2.1/maven-core-2.2.1.pom (12 kB at 776 kB/s)
[7c9bbbeb-cad4-476d-9278-9200c7f7e815/Java 8]   | [INFO] Downloading from central: https://repo.maven.apache.org/maven2/org/apache/maven/maven-settings/2.2.1/maven-settings-2.2.1.pom
[7c9bbbeb-cad4-476d-9278-9200c7f7e815/Java 8]   | [INFO] Downloaded from central: https://repo.maven.apache.org/maven2/org/apache/maven/maven-settings/2.2.1/maven-settings-2.2.1.pom (2.2 kB at 145 kB/s)
[7c9bbbeb-cad4-476d-9278-9200c7f7e815/Java 8]   | [INFO] Downloading from central: https://repo.maven.apache.org/maven2/org/apache/maven/maven-model/2.2.1/maven-model-2.2.1.pom
[7c9bbbeb-cad4-476d-9278-9200c7f7e815/Java 8]   | [INFO] Downloaded from central: https://repo.maven.apache.org/maven2/org/apache/maven/maven-model/2.2.1/maven-model-2.2.1.pom (3.2 kB at 231 kB/s)
[7c9bbbeb-cad4-476d-9278-9200c7f7e815/Java 8]   | [INFO] Downloading from central: https://repo.maven.apache.org/maven2/org/codehaus/plexus/plexus-interpolation/1.11/plexus-interpolation-1.11.pom
[7c9bbbeb-cad4-476d-9278-9200c7f7e815/Java 8]   | [INFO] Downloaded from central: https://repo.maven.apache.org/maven2/org/codehaus/plexus/plexus-interpolation/1.11/plexus-interpolation-1.11.pom (889 B at 74 kB/s)
[7c9bbbeb-cad4-476d-9278-9200c7f7e815/Java 8]   | [INFO] Downloading from central: https://repo.maven.apache.org/maven2/org/apache/maven/maven-plugin-parameter-documenter/2.2.1/maven-plugin-parameter-documenter-2.2.1.pom
[7c9bbbeb-cad4-476d-9278-9200c7f7e815/Java 8]   | [INFO] Downloaded from central: https://repo.maven.apache.org/maven2/org/apache/maven/maven-plugin-parameter-documenter/2.2.1/maven-plugin-parameter-documenter-2.2.1.pom (2.0 kB at 93 kB/s)
[7c9bbbeb-cad4-476d-9278-9200c7f7e815/Java 8]   | [INFO] Downloading from central: https://repo.maven.apache.org/maven2/org/slf4j/slf4j-jdk14/1.5.6/slf4j-jdk14-1.5.6.pom
[7c9bbbeb-cad4-476d-9278-9200c7f7e815/Java 8]   | [INFO] Downloaded from central: https://repo.maven.apache.org/maven2/org/slf4j/slf4j-jdk14/1.5.6/slf4j-jdk14-1.5.6.pom (1.9 kB at 146 kB/s)
[7c9bbbeb-cad4-476d-9278-9200c7f7e815/Java 8]   | [INFO] Downloading from central: https://repo.maven.apache.org/maven2/org/slf4j/slf4j-parent/1.5.6/slf4j-parent-1.5.6.pom
[7c9bbbeb-cad4-476d-9278-9200c7f7e815/Java 8]   | [INFO] Downloaded from central: https://repo.maven.apache.org/maven2/org/slf4j/slf4j-parent/1.5.6/slf4j-parent-1.5.6.pom (7.9 kB at 240 kB/s)
[7c9bbbeb-cad4-476d-9278-9200c7f7e815/Java 8]   | [INFO] Downloading from central: https://repo.maven.apache.org/maven2/org/slf4j/slf4j-api/1.5.6/slf4j-api-1.5.6.pom
[7c9bbbeb-cad4-476d-9278-9200c7f7e815/Java 8]   | [INFO] Downloaded from central: https://repo.maven.apache.org/maven2/org/slf4j/slf4j-api/1.5.6/slf4j-api-1.5.6.pom (3.0 kB at 186 kB/s)
[7c9bbbeb-cad4-476d-9278-9200c7f7e815/Java 8]   | [INFO] Downloading from central: https://repo.maven.apache.org/maven2/org/slf4j/jcl-over-slf4j/1.5.6/jcl-over-slf4j-1.5.6.pom
[7c9bbbeb-cad4-476d-9278-9200c7f7e815/Java 8]   | [INFO] Downloaded from central: https://repo.maven.apache.org/maven2/org/slf4j/jcl-over-slf4j/1.5.6/jcl-over-slf4j-1.5.6.pom (2.2 kB at 145 kB/s)
[7c9bbbeb-cad4-476d-9278-9200c7f7e815/Java 8]   | [INFO] Downloading from central: https://repo.maven.apache.org/maven2/org/apache/maven/maven-profile/2.2.1/maven-profile-2.2.1.pom
[7c9bbbeb-cad4-476d-9278-9200c7f7e815/Java 8]   | [INFO] Downloaded from central: https://repo.maven.apache.org/maven2/org/apache/maven/maven-profile/2.2.1/maven-profile-2.2.1.pom (2.2 kB at 136 kB/s)
[7c9bbbeb-cad4-476d-9278-9200c7f7e815/Java 8]   | [INFO] Downloading from central: https://repo.maven.apache.org/maven2/org/apache/maven/maven-repository-metadata/2.2.1/maven-repository-metadata-2.2.1.pom
[7c9bbbeb-cad4-476d-9278-9200c7f7e815/Java 8]   | [INFO] Downloaded from central: https://repo.maven.apache.org/maven2/org/apache/maven/maven-repository-metadata/2.2.1/maven-repository-metadata-2.2.1.pom (1.9 kB at 104 kB/s)
[7c9bbbeb-cad4-476d-9278-9200c7f7e815/Java 8]   | [INFO] Downloading from central: https://repo.maven.apache.org/maven2/org/apache/maven/maven-error-diagnostics/2.2.1/maven-error-diagnostics-2.2.1.pom
[7c9bbbeb-cad4-476d-9278-9200c7f7e815/Java 8]   | [INFO] Downloaded from central: https://repo.maven.apache.org/maven2/org/apache/maven/maven-error-diagnostics/2.2.1/maven-error-diagnostics-2.2.1.pom (1.7 kB at 41 kB/s)
[7c9bbbeb-cad4-476d-9278-9200c7f7e815/Java 8]   | [INFO] Downloading from central: https://repo.maven.apache.org/maven2/org/apache/maven/maven-project/2.2.1/maven-project-2.2.1.pom
[7c9bbbeb-cad4-476d-9278-9200c7f7e815/Java 8]   | [INFO] Downloaded from central: https://repo.maven.apache.org/maven2/org/apache/maven/maven-project/2.2.1/maven-project-2.2.1.pom (2.8 kB at 213 kB/s)
[7c9bbbeb-cad4-476d-9278-9200c7f7e815/Java 8]   | [INFO] Downloading from central: https://repo.maven.apache.org/maven2/org/apache/maven/maven-artifact-manager/2.2.1/maven-artifact-manager-2.2.1.pom
[7c9bbbeb-cad4-476d-9278-9200c7f7e815/Java 8]   | [INFO] Downloaded from central: https://repo.maven.apache.org/maven2/org/apache/maven/maven-artifact-manager/2.2.1/maven-artifact-manager-2.2.1.pom (3.1 kB at 194 kB/s)
[7c9bbbeb-cad4-476d-9278-9200c7f7e815/Java 8]   | [INFO] Downloading from central: https://repo.maven.apache.org/maven2/backport-util-concurrent/backport-util-concurrent/3.1/backport-util-concurrent-3.1.pom
[7c9bbbeb-cad4-476d-9278-9200c7f7e815/Java 8]   | [INFO] Downloaded from central: https://repo.maven.apache.org/maven2/backport-util-concurrent/backport-util-concurrent/3.1/backport-util-concurrent-3.1.pom (880 B at 38 kB/s)
[7c9bbbeb-cad4-476d-9278-9200c7f7e815/Java 8]   | [INFO] Downloading from central: https://repo.maven.apache.org/maven2/org/apache/maven/maven-plugin-registry/2.2.1/maven-plugin-registry-2.2.1.pom
[7c9bbbeb-cad4-476d-9278-9200c7f7e815/Java 8]   | [INFO] Downloaded from central: https://repo.maven.apache.org/maven2/org/apache/maven/maven-plugin-registry/2.2.1/maven-plugin-registry-2.2.1.pom (1.9 kB at 161 kB/s)
[7c9bbbeb-cad4-476d-9278-9200c7f7e815/Java 8]   | [INFO] Downloading from central: https://repo.maven.apache.org/maven2/org/apache/maven/maven-plugin-descriptor/2.2.1/maven-plugin-descriptor-2.2.1.pom
[7c9bbbeb-cad4-476d-9278-9200c7f7e815/Java 8]   | [INFO] Downloaded from central: https://repo.maven.apache.org/maven2/org/apache/maven/maven-plugin-descriptor/2.2.1/maven-plugin-descriptor-2.2.1.pom (2.1 kB at 59 kB/s)
[7c9bbbeb-cad4-476d-9278-9200c7f7e815/Java 8]   | [INFO] Downloading from central: https://repo.maven.apache.org/maven2/org/apache/maven/maven-monitor/2.2.1/maven-monitor-2.2.1.pom
[7c9bbbeb-cad4-476d-9278-9200c7f7e815/Java 8]   | [INFO] Downloaded from central: https://repo.maven.apache.org/maven2/org/apache/maven/maven-monitor/2.2.1/maven-monitor-2.2.1.pom (1.3 kB at 47 kB/s)
[7c9bbbeb-cad4-476d-9278-9200c7f7e815/Java 8]   | [INFO] Downloading from central: https://repo.maven.apache.org/maven2/org/sonatype/plexus/plexus-sec-dispatcher/1.3/plexus-sec-dispatcher-1.3.pom
[7c9bbbeb-cad4-476d-9278-9200c7f7e815/Java 8]   | [INFO] Downloaded from central: https://repo.maven.apache.org/maven2/org/sonatype/plexus/plexus-sec-dispatcher/1.3/plexus-sec-dispatcher-1.3.pom (3.0 kB at 247 kB/s)
[7c9bbbeb-cad4-476d-9278-9200c7f7e815/Java 8]   | [INFO] Downloading from central: https://repo.maven.apache.org/maven2/org/sonatype/spice/spice-parent/12/spice-parent-12.pom
[7c9bbbeb-cad4-476d-9278-9200c7f7e815/Java 8]   | [INFO] Downloaded from central: https://repo.maven.apache.org/maven2/org/sonatype/spice/spice-parent/12/spice-parent-12.pom (6.8 kB at 252 kB/s)
[7c9bbbeb-cad4-476d-9278-9200c7f7e815/Java 8]   | [INFO] Downloading from central: https://repo.maven.apache.org/maven2/org/sonatype/forge/forge-parent/4/forge-parent-4.pom
[7c9bbbeb-cad4-476d-9278-9200c7f7e815/Java 8]   | [INFO] Downloaded from central: https://repo.maven.apache.org/maven2/org/sonatype/forge/forge-parent/4/forge-parent-4.pom (8.4 kB at 560 kB/s)
[7c9bbbeb-cad4-476d-9278-9200c7f7e815/Java 8]   | [INFO] Downloading from central: https://repo.maven.apache.org/maven2/org/codehaus/plexus/plexus-utils/1.5.5/plexus-utils-1.5.5.pom
[7c9bbbeb-cad4-476d-9278-9200c7f7e815/Java 8]   | [INFO] Downloaded from central: https://repo.maven.apache.org/maven2/org/codehaus/plexus/plexus-utils/1.5.5/plexus-utils-1.5.5.pom (5.1 kB at 343 kB/s)
[7c9bbbeb-cad4-476d-9278-9200c7f7e815/Java 8]   | [INFO] Downloading from central: https://repo.maven.apache.org/maven2/org/sonatype/plexus/plexus-cipher/1.4/plexus-cipher-1.4.pom
[7c9bbbeb-cad4-476d-9278-9200c7f7e815/Java 8]   | [INFO] Downloaded from central: https://repo.maven.apache.org/maven2/org/sonatype/plexus/plexus-cipher/1.4/plexus-cipher-1.4.pom (2.1 kB at 229 kB/s)
[7c9bbbeb-cad4-476d-9278-9200c7f7e815/Java 8]   | [INFO] Downloading from central: https://repo.maven.apache.org/maven2/org/apache/maven/maven-toolchain/2.2.1/maven-toolchain-2.2.1.pom
[7c9bbbeb-cad4-476d-9278-9200c7f7e815/Java 8]   | [INFO] Downloaded from central: https://repo.maven.apache.org/maven2/org/apache/maven/maven-toolchain/2.2.1/maven-toolchain-2.2.1.pom (3.3 kB at 209 kB/s)
[7c9bbbeb-cad4-476d-9278-9200c7f7e815/Java 8]   | [INFO] Downloading from central: https://repo.maven.apache.org/maven2/org/apache/maven/reporting/maven-reporting-api/2.2.1/maven-reporting-api-2.2.1.pom
[7c9bbbeb-cad4-476d-9278-9200c7f7e815/Java 8]   | [INFO] Downloaded from central: https://repo.maven.apache.org/maven2/org/apache/maven/reporting/maven-reporting-api/2.2.1/maven-reporting-api-2.2.1.pom (1.9 kB at 25 kB/s)
[7c9bbbeb-cad4-476d-9278-9200c7f7e815/Java 8]   | [INFO] Downloading from central: https://repo.maven.apache.org/maven2/org/apache/maven/reporting/maven-reporting/2.2.1/maven-reporting-2.2.1.pom
[7c9bbbeb-cad4-476d-9278-9200c7f7e815/Java 8]   | [INFO] Downloaded from central: https://repo.maven.apache.org/maven2/org/apache/maven/reporting/maven-reporting/2.2.1/maven-reporting-2.2.1.pom (1.4 kB at 66 kB/s)
[7c9bbbeb-cad4-476d-9278-9200c7f7e815/Java 8]   | [INFO] Downloading from central: https://repo.maven.apache.org/maven2/org/apache/maven/doxia/doxia-sink-api/1.1/doxia-sink-api-1.1.pom
[7c9bbbeb-cad4-476d-9278-9200c7f7e815/Java 8]   | [INFO] Downloaded from central: https://repo.maven.apache.org/maven2/org/apache/maven/doxia/doxia-sink-api/1.1/doxia-sink-api-1.1.pom (2.0 kB at 107 kB/s)
[7c9bbbeb-cad4-476d-9278-9200c7f7e815/Java 8]   | [INFO] Downloading from central: https://repo.maven.apache.org/maven2/org/apache/maven/doxia/doxia/1.1/doxia-1.1.pom
[7c9bbbeb-cad4-476d-9278-9200c7f7e815/Java 8]   | [INFO] Downloaded from central: https://repo.maven.apache.org/maven2/org/apache/maven/doxia/doxia/1.1/doxia-1.1.pom (15 kB at 949 kB/s)
[7c9bbbeb-cad4-476d-9278-9200c7f7e815/Java 8]   | [INFO] Downloading from central: https://repo.maven.apache.org/maven2/org/apache/maven/doxia/doxia-logging-api/1.1/doxia-logging-api-1.1.pom
[7c9bbbeb-cad4-476d-9278-9200c7f7e815/Java 8]   | [INFO] Downloaded from central: https://repo.maven.apache.org/maven2/org/apache/maven/doxia/doxia-logging-api/1.1/doxia-logging-api-1.1.pom (1.6 kB at 131 kB/s)
[7c9bbbeb-cad4-476d-9278-9200c7f7e815/Java 8]   | [INFO] Downloading from central: https://repo.maven.apache.org/maven2/org/codehaus/plexus/plexus-container-default/1.0-alpha-30/plexus-container-default-1.0-alpha-30.pom
[7c9bbbeb-cad4-476d-9278-9200c7f7e815/Java 8]   | [INFO] Downloaded from central: https://repo.maven.apache.org/maven2/org/codehaus/plexus/plexus-container-default/1.0-alpha-30/plexus-container-default-1.0-alpha-30.pom (3.5 kB at 145 kB/s)
[7c9bbbeb-cad4-476d-9278-9200c7f7e815/Java 8]   | [INFO] Downloading from central: https://repo.maven.apache.org/maven2/org/codehaus/plexus/plexus-containers/1.0-alpha-30/plexus-containers-1.0-alpha-30.pom
[7c9bbbeb-cad4-476d-9278-9200c7f7e815/Java 8]   | [INFO] Downloaded from central: https://repo.maven.apache.org/maven2/org/codehaus/plexus/plexus-containers/1.0-alpha-30/plexus-containers-1.0-alpha-30.pom (1.9 kB at 51 kB/s)
[7c9bbbeb-cad4-476d-9278-9200c7f7e815/Java 8]   | [INFO] Downloading from central: https://repo.maven.apache.org/maven2/org/codehaus/plexus/plexus-utils/1.4.5/plexus-utils-1.4.5.pom
[7c9bbbeb-cad4-476d-9278-9200c7f7e815/Java 8]   | [INFO] Downloaded from central: https://repo.maven.apache.org/maven2/org/codehaus/plexus/plexus-utils/1.4.5/plexus-utils-1.4.5.pom (2.3 kB at 126 kB/s)
[7c9bbbeb-cad4-476d-9278-9200c7f7e815/Java 8]   | [INFO] Downloading from central: https://repo.maven.apache.org/maven2/org/codehaus/plexus/plexus-classworlds/1.2-alpha-9/plexus-classworlds-1.2-alpha-9.pom
[7c9bbbeb-cad4-476d-9278-9200c7f7e815/Java 8]   | [INFO] Downloaded from central: https://repo.maven.apache.org/maven2/org/codehaus/plexus/plexus-classworlds/1.2-alpha-9/plexus-classworlds-1.2-alpha-9.pom (3.2 kB at 66 kB/s)
[7c9bbbeb-cad4-476d-9278-9200c7f7e815/Java 8]   | [INFO] Downloading from central: https://repo.maven.apache.org/maven2/org/codehaus/plexus/plexus/1.0.10/plexus-1.0.10.pom
[7c9bbbeb-cad4-476d-9278-9200c7f7e815/Java 8]   | [INFO] Downloaded from central: https://repo.maven.apache.org/maven2/org/codehaus/plexus/plexus/1.0.10/plexus-1.0.10.pom (8.2 kB at 485 kB/s)
[7c9bbbeb-cad4-476d-9278-9200c7f7e815/Java 8]   | [INFO] Downloading from central: https://repo.maven.apache.org/maven2/commons-cli/commons-cli/1.2/commons-cli-1.2.pom
[7c9bbbeb-cad4-476d-9278-9200c7f7e815/Java 8]   | [INFO] Downloaded from central: https://repo.maven.apache.org/maven2/commons-cli/commons-cli/1.2/commons-cli-1.2.pom (8.0 kB at 665 kB/s)
[7c9bbbeb-cad4-476d-9278-9200c7f7e815/Java 8]   | [INFO] Downloading from central: https://repo.maven.apache.org/maven2/org/apache/commons/commons-parent/11/commons-parent-11.pom
[7c9bbbeb-cad4-476d-9278-9200c7f7e815/Java 8]   | [INFO] Downloaded from central: https://repo.maven.apache.org/maven2/org/apache/commons/commons-parent/11/commons-parent-11.pom (25 kB at 880 kB/s)
[7c9bbbeb-cad4-476d-9278-9200c7f7e815/Java 8]   | [INFO] Downloading from central: https://repo.maven.apache.org/maven2/org/apache/apache/4/apache-4.pom
[7c9bbbeb-cad4-476d-9278-9200c7f7e815/Java 8]   | [INFO] Downloaded from central: https://repo.maven.apache.org/maven2/org/apache/apache/4/apache-4.pom (4.5 kB at 300 kB/s)
[7c9bbbeb-cad4-476d-9278-9200c7f7e815/Java 8]   | [INFO] Downloading from central: https://repo.maven.apache.org/maven2/org/apache/maven/shared/maven-shared-utils/0.7/maven-shared-utils-0.7.pom
[7c9bbbeb-cad4-476d-9278-9200c7f7e815/Java 8]   | [INFO] Downloaded from central: https://repo.maven.apache.org/maven2/org/apache/maven/shared/maven-shared-utils/0.7/maven-shared-utils-0.7.pom (5.0 kB at 139 kB/s)
[7c9bbbeb-cad4-476d-9278-9200c7f7e815/Java 8]   | [INFO] Downloading from central: https://repo.maven.apache.org/maven2/org/apache/maven/shared/maven-shared-components/20/maven-shared-components-20.pom
[7c9bbbeb-cad4-476d-9278-9200c7f7e815/Java 8]   | [INFO] Downloaded from central: https://repo.maven.apache.org/maven2/org/apache/maven/shared/maven-shared-components/20/maven-shared-components-20.pom (5.1 kB at 269 kB/s)
[7c9bbbeb-cad4-476d-9278-9200c7f7e815/Java 8]   | [INFO] Downloading from central: https://repo.maven.apache.org/maven2/com/google/code/findbugs/jsr305/2.0.1/jsr305-2.0.1.pom
[7c9bbbeb-cad4-476d-9278-9200c7f7e815/Java 8]   | [INFO] Downloaded from central: https://repo.maven.apache.org/maven2/com/google/code/findbugs/jsr305/2.0.1/jsr305-2.0.1.pom (965 B at 32 kB/s)
[7c9bbbeb-cad4-476d-9278-9200c7f7e815/Java 8]   | [INFO] Downloading from central: https://repo.maven.apache.org/maven2/org/apache/maven/shared/maven-shared-incremental/1.1/maven-shared-incremental-1.1.pom
[7c9bbbeb-cad4-476d-9278-9200c7f7e815/Java 8]   | [INFO] Downloaded from central: https://repo.maven.apache.org/maven2/org/apache/maven/shared/maven-shared-incremental/1.1/maven-shared-incremental-1.1.pom (4.7 kB at 206 kB/s)
[7c9bbbeb-cad4-476d-9278-9200c7f7e815/Java 8]   | [INFO] Downloading from central: https://repo.maven.apache.org/maven2/org/apache/maven/shared/maven-shared-components/19/maven-shared-components-19.pom
[7c9bbbeb-cad4-476d-9278-9200c7f7e815/Java 8]   | [INFO] Downloaded from central: https://repo.maven.apache.org/maven2/org/apache/maven/shared/maven-shared-components/19/maven-shared-components-19.pom (6.4 kB at 397 kB/s)
[7c9bbbeb-cad4-476d-9278-9200c7f7e815/Java 8]   | [INFO] Downloading from central: https://repo.maven.apache.org/maven2/org/apache/maven/maven-parent/23/maven-parent-23.pom
[7c9bbbeb-cad4-476d-9278-9200c7f7e815/Java 8]   | [INFO] Downloaded from central: https://repo.maven.apache.org/maven2/org/apache/maven/maven-parent/23/maven-parent-23.pom (33 kB at 2.3 MB/s)
[7c9bbbeb-cad4-476d-9278-9200c7f7e815/Java 8]   | [INFO] Downloading from central: https://repo.maven.apache.org/maven2/org/apache/apache/13/apache-13.pom
[7c9bbbeb-cad4-476d-9278-9200c7f7e815/Java 8]   | [INFO] Downloaded from central: https://repo.maven.apache.org/maven2/org/apache/apache/13/apache-13.pom (14 kB at 559 kB/s)
[7c9bbbeb-cad4-476d-9278-9200c7f7e815/Java 8]   | [INFO] Downloading from central: https://repo.maven.apache.org/maven2/org/apache/maven/shared/maven-shared-utils/0.1/maven-shared-utils-0.1.pom
[7c9bbbeb-cad4-476d-9278-9200c7f7e815/Java 8]   | [INFO] Downloaded from central: https://repo.maven.apache.org/maven2/org/apache/maven/shared/maven-shared-utils/0.1/maven-shared-utils-0.1.pom (4.0 kB at 270 kB/s)
[7c9bbbeb-cad4-476d-9278-9200c7f7e815/Java 8]   | [INFO] Downloading from central: https://repo.maven.apache.org/maven2/org/apache/maven/shared/maven-shared-components/18/maven-shared-components-18.pom
[7c9bbbeb-cad4-476d-9278-9200c7f7e815/Java 8]   | [INFO] Downloaded from central: https://repo.maven.apache.org/maven2/org/apache/maven/shared/maven-shared-components/18/maven-shared-components-18.pom (4.9 kB at 127 kB/s)
[7c9bbbeb-cad4-476d-9278-9200c7f7e815/Java 8]   | [INFO] Downloading from central: https://repo.maven.apache.org/maven2/org/codehaus/plexus/plexus-component-annotations/1.5.5/plexus-component-annotations-1.5.5.pom
[7c9bbbeb-cad4-476d-9278-9200c7f7e815/Java 8]   | [INFO] Downloaded from central: https://repo.maven.apache.org/maven2/org/codehaus/plexus/plexus-component-annotations/1.5.5/plexus-component-annotations-1.5.5.pom (815 B at 48 kB/s)
[7c9bbbeb-cad4-476d-9278-9200c7f7e815/Java 8]   | [INFO] Downloading from central: https://repo.maven.apache.org/maven2/org/codehaus/plexus/plexus-containers/1.5.5/plexus-containers-1.5.5.pom
[7c9bbbeb-cad4-476d-9278-9200c7f7e815/Java 8]   | [INFO] Downloaded from central: https://repo.maven.apache.org/maven2/org/codehaus/plexus/plexus-containers/1.5.5/plexus-containers-1.5.5.pom (4.2 kB at 103 kB/s)
[7c9bbbeb-cad4-476d-9278-9200c7f7e815/Java 8]   | [INFO] Downloading from central: https://repo.maven.apache.org/maven2/org/codehaus/plexus/plexus/2.0.7/plexus-2.0.7.pom
[7c9bbbeb-cad4-476d-9278-9200c7f7e815/Java 8]   | [INFO] Downloaded from central: https://repo.maven.apache.org/maven2/org/codehaus/plexus/plexus/2.0.7/plexus-2.0.7.pom (17 kB at 540 kB/s)
[7c9bbbeb-cad4-476d-9278-9200c7f7e815/Java 8]   | [INFO] Downloading from central: https://repo.maven.apache.org/maven2/org/codehaus/plexus/plexus-compiler-api/2.5/plexus-compiler-api-2.5.pom
[7c9bbbeb-cad4-476d-9278-9200c7f7e815/Java 8]   | [INFO] Downloaded from central: https://repo.maven.apache.org/maven2/org/codehaus/plexus/plexus-compiler-api/2.5/plexus-compiler-api-2.5.pom (865 B at 58 kB/s)
[7c9bbbeb-cad4-476d-9278-9200c7f7e815/Java 8]   | [INFO] Downloading from central: https://repo.maven.apache.org/maven2/org/codehaus/plexus/plexus-compiler/2.5/plexus-compiler-2.5.pom
[7c9bbbeb-cad4-476d-9278-9200c7f7e815/Java 8]   | [INFO] Downloaded from central: https://repo.maven.apache.org/maven2/org/codehaus/plexus/plexus-compiler/2.5/plexus-compiler-2.5.pom (5.3 kB at 313 kB/s)
[7c9bbbeb-cad4-476d-9278-9200c7f7e815/Java 8]   | [INFO] Downloading from central: https://repo.maven.apache.org/maven2/org/codehaus/plexus/plexus-components/1.3.1/plexus-components-1.3.1.pom
[7c9bbbeb-cad4-476d-9278-9200c7f7e815/Java 8]   | [INFO] Downloaded from central: https://repo.maven.apache.org/maven2/org/codehaus/plexus/plexus-components/1.3.1/plexus-components-1.3.1.pom (3.1 kB at 113 kB/s)
[7c9bbbeb-cad4-476d-9278-9200c7f7e815/Java 8]   | [INFO] Downloading from central: https://repo.maven.apache.org/maven2/org/codehaus/plexus/plexus/3.3.1/plexus-3.3.1.pom
[7c9bbbeb-cad4-476d-9278-9200c7f7e815/Java 8]   | [INFO] Downloaded from central: https://repo.maven.apache.org/maven2/org/codehaus/plexus/plexus/3.3.1/plexus-3.3.1.pom (20 kB at 730 kB/s)
[7c9bbbeb-cad4-476d-9278-9200c7f7e815/Java 8]   | [INFO] Downloading from central: https://repo.maven.apache.org/maven2/org/sonatype/spice/spice-parent/17/spice-parent-17.pom
[7c9bbbeb-cad4-476d-9278-9200c7f7e815/Java 8]   | [INFO] Downloaded from central: https://repo.maven.apache.org/maven2/org/sonatype/spice/spice-parent/17/spice-parent-17.pom (6.8 kB at 84 kB/s)
[7c9bbbeb-cad4-476d-9278-9200c7f7e815/Java 8]   | [INFO] Downloading from central: https://repo.maven.apache.org/maven2/org/sonatype/forge/forge-parent/10/forge-parent-10.pom
[7c9bbbeb-cad4-476d-9278-9200c7f7e815/Java 8]   | [INFO] Downloaded from central: https://repo.maven.apache.org/maven2/org/sonatype/forge/forge-parent/10/forge-parent-10.pom (14 kB at 616 kB/s)
[7c9bbbeb-cad4-476d-9278-9200c7f7e815/Java 8]   | [INFO] Downloading from central: https://repo.maven.apache.org/maven2/org/codehaus/plexus/plexus-utils/3.0.10/plexus-utils-3.0.10.pom
[7c9bbbeb-cad4-476d-9278-9200c7f7e815/Java 8]   | [INFO] Downloaded from central: https://repo.maven.apache.org/maven2/org/codehaus/plexus/plexus-utils/3.0.10/plexus-utils-3.0.10.pom (3.1 kB at 81 kB/s)
[7c9bbbeb-cad4-476d-9278-9200c7f7e815/Java 8]   | [INFO] Downloading from central: https://repo.maven.apache.org/maven2/org/codehaus/plexus/plexus/3.3/plexus-3.3.pom
[7c9bbbeb-cad4-476d-9278-9200c7f7e815/Java 8]   | [INFO] Downloaded from central: https://repo.maven.apache.org/maven2/org/codehaus/plexus/plexus/3.3/plexus-3.3.pom (20 kB at 737 kB/s)
[7c9bbbeb-cad4-476d-9278-9200c7f7e815/Java 8]   | [INFO] Downloading from central: https://repo.maven.apache.org/maven2/org/codehaus/plexus/plexus-compiler-manager/2.5/plexus-compiler-manager-2.5.pom
[7c9bbbeb-cad4-476d-9278-9200c7f7e815/Java 8]   | [INFO] Downloaded from central: https://repo.maven.apache.org/maven2/org/codehaus/plexus/plexus-compiler-manager/2.5/plexus-compiler-manager-2.5.pom (690 B at 34 kB/s)
[7c9bbbeb-cad4-476d-9278-9200c7f7e815/Java 8]   | [INFO] Downloading from central: https://repo.maven.apache.org/maven2/org/codehaus/plexus/plexus-compiler-javac/2.5/plexus-compiler-javac-2.5.pom
[7c9bbbeb-cad4-476d-9278-9200c7f7e815/Java 8]   | [INFO] Downloaded from central: https://repo.maven.apache.org/maven2/org/codehaus/plexus/plexus-compiler-javac/2.5/plexus-compiler-javac-2.5.pom (769 B at 38 kB/s)
[7c9bbbeb-cad4-476d-9278-9200c7f7e815/Java 8]   | [INFO] Downloading from central: https://repo.maven.apache.org/maven2/org/codehaus/plexus/plexus-compilers/2.5/plexus-compilers-2.5.pom
[7c9bbbeb-cad4-476d-9278-9200c7f7e815/Java 8]   | [INFO] Downloaded from central: https://repo.maven.apache.org/maven2/org/codehaus/plexus/plexus-compilers/2.5/plexus-compilers-2.5.pom (1.3 kB at 118 kB/s)
[7c9bbbeb-cad4-476d-9278-9200c7f7e815/Java 8]   | [INFO] Downloading from central: https://repo.maven.apache.org/maven2/org/codehaus/plexus/plexus-container-default/1.5.5/plexus-container-default-1.5.5.pom
[7c9bbbeb-cad4-476d-9278-9200c7f7e815/Java 8]   | [INFO] Downloaded from central: https://repo.maven.apache.org/maven2/org/codehaus/plexus/plexus-container-default/1.5.5/plexus-container-default-1.5.5.pom (2.8 kB at 49 kB/s)
[7c9bbbeb-cad4-476d-9278-9200c7f7e815/Java 8]   | [INFO] Downloading from central: https://repo.maven.apache.org/maven2/org/codehaus/plexus/plexus-classworlds/2.2.2/plexus-classworlds-2.2.2.pom
[7c9bbbeb-cad4-476d-9278-9200c7f7e815/Java 8]   | [INFO] Downloaded from central: https://repo.maven.apache.org/maven2/org/codehaus/plexus/plexus-classworlds/2.2.2/plexus-classworlds-2.2.2.pom (4.0 kB at 310 kB/s)
[7c9bbbeb-cad4-476d-9278-9200c7f7e815/Java 8]   | [INFO] Downloading from central: https://repo.maven.apache.org/maven2/org/apache/xbean/xbean-reflect/3.4/xbean-reflect-3.4.pom
[7c9bbbeb-cad4-476d-9278-9200c7f7e815/Java 8]   | [INFO] Downloaded from central: https://repo.maven.apache.org/maven2/org/apache/xbean/xbean-reflect/3.4/xbean-reflect-3.4.pom (2.8 kB at 255 kB/s)
[7c9bbbeb-cad4-476d-9278-9200c7f7e815/Java 8]   | [INFO] Downloading from central: https://repo.maven.apache.org/maven2/org/apache/xbean/xbean/3.4/xbean-3.4.pom
[7c9bbbeb-cad4-476d-9278-9200c7f7e815/Java 8]   | [INFO] Downloaded from central: https://repo.maven.apache.org/maven2/org/apache/xbean/xbean/3.4/xbean-3.4.pom (19 kB at 1.7 MB/s)
[7c9bbbeb-cad4-476d-9278-9200c7f7e815/Java 8]   | [INFO] Downloading from central: https://repo.maven.apache.org/maven2/log4j/log4j/1.2.12/log4j-1.2.12.pom
[7c9bbbeb-cad4-476d-9278-9200c7f7e815/Java 8]   | [INFO] Downloaded from central: https://repo.maven.apache.org/maven2/log4j/log4j/1.2.12/log4j-1.2.12.pom (145 B at 7.6 kB/s)
[7c9bbbeb-cad4-476d-9278-9200c7f7e815/Java 8]   | [INFO] Downloading from central: https://repo.maven.apache.org/maven2/commons-logging/commons-logging-api/1.1/commons-logging-api-1.1.pom
[7c9bbbeb-cad4-476d-9278-9200c7f7e815/Java 8]   | [INFO] Downloaded from central: https://repo.maven.apache.org/maven2/commons-logging/commons-logging-api/1.1/commons-logging-api-1.1.pom (5.3 kB at 486 kB/s)
[7c9bbbeb-cad4-476d-9278-9200c7f7e815/Java 8]   | [INFO] Downloading from central: https://repo.maven.apache.org/maven2/com/google/collections/google-collections/1.0/google-collections-1.0.pom
[7c9bbbeb-cad4-476d-9278-9200c7f7e815/Java 8]   | [INFO] Downloaded from central: https://repo.maven.apache.org/maven2/com/google/collections/google-collections/1.0/google-collections-1.0.pom (2.5 kB at 124 kB/s)
[7c9bbbeb-cad4-476d-9278-9200c7f7e815/Java 8]   | [INFO] Downloading from central: https://repo.maven.apache.org/maven2/com/google/google/1/google-1.pom
[7c9bbbeb-cad4-476d-9278-9200c7f7e815/Java 8]   | [INFO] Downloaded from central: https://repo.maven.apache.org/maven2/com/google/google/1/google-1.pom (1.6 kB at 173 kB/s)
[7c9bbbeb-cad4-476d-9278-9200c7f7e815/Java 8]   | [INFO] Downloading from central: https://repo.maven.apache.org/maven2/junit/junit/3.8.2/junit-3.8.2.pom
[7c9bbbeb-cad4-476d-9278-9200c7f7e815/Java 8]   | [INFO] Downloaded from central: https://repo.maven.apache.org/maven2/junit/junit/3.8.2/junit-3.8.2.pom (747 B at 83 kB/s)
[7c9bbbeb-cad4-476d-9278-9200c7f7e815/Java 8]   | [INFO] Downloading from central: https://repo.maven.apache.org/maven2/org/apache/maven/maven-plugin-api/2.2.1/maven-plugin-api-2.2.1.jar
[7c9bbbeb-cad4-476d-9278-9200c7f7e815/Java 8]   | [INFO] Downloading from central: https://repo.maven.apache.org/maven2/org/apache/maven/maven-artifact/2.2.1/maven-artifact-2.2.1.jar
[7c9bbbeb-cad4-476d-9278-9200c7f7e815/Java 8]   | [INFO] Downloading from central: https://repo.maven.apache.org/maven2/org/codehaus/plexus/plexus-utils/1.5.15/plexus-utils-1.5.15.jar
[7c9bbbeb-cad4-476d-9278-9200c7f7e815/Java 8]   | [INFO] Downloading from central: https://repo.maven.apache.org/maven2/org/apache/maven/maven-core/2.2.1/maven-core-2.2.1.jar
[7c9bbbeb-cad4-476d-9278-9200c7f7e815/Java 8]   | [INFO] Downloading from central: https://repo.maven.apache.org/maven2/org/apache/maven/maven-settings/2.2.1/maven-settings-2.2.1.jar
[7c9bbbeb-cad4-476d-9278-9200c7f7e815/Java 8]   | [INFO] Downloaded from central: https://repo.maven.apache.org/maven2/org/apache/maven/maven-plugin-api/2.2.1/maven-plugin-api-2.2.1.jar (12 kB at 728 kB/s)
[7c9bbbeb-cad4-476d-9278-9200c7f7e815/Java 8]   | [INFO] Downloading from central: https://repo.maven.apache.org/maven2/org/codehaus/plexus/plexus-interpolation/1.11/plexus-interpolation-1.11.jar
[7c9bbbeb-cad4-476d-9278-9200c7f7e815/Java 8]   | [INFO] Downloaded from central: https://repo.maven.apache.org/maven2/org/apache/maven/maven-artifact/2.2.1/maven-artifact-2.2.1.jar (80 kB at 3.2 MB/s)
[7c9bbbeb-cad4-476d-9278-9200c7f7e815/Java 8]   | [INFO] Downloading from central: https://repo.maven.apache.org/maven2/org/apache/maven/maven-plugin-parameter-documenter/2.2.1/maven-plugin-parameter-documenter-2.2.1.jar
[7c9bbbeb-cad4-476d-9278-9200c7f7e815/Java 8]   | [INFO] Downloaded from central: https://repo.maven.apache.org/maven2/org/codehaus/plexus/plexus-interpolation/1.11/plexus-interpolation-1.11.jar (51 kB at 1.8 MB/s)
[7c9bbbeb-cad4-476d-9278-9200c7f7e815/Java 8]   | [INFO] Downloading from central: https://repo.maven.apache.org/maven2/org/slf4j/slf4j-jdk14/1.5.6/slf4j-jdk14-1.5.6.jar
[7c9bbbeb-cad4-476d-9278-9200c7f7e815/Java 8]   | [INFO] Downloaded from central: https://repo.maven.apache.org/maven2/org/slf4j/slf4j-jdk14/1.5.6/slf4j-jdk14-1.5.6.jar (8.8 kB at 196 kB/s)
[7c9bbbeb-cad4-476d-9278-9200c7f7e815/Java 8]   | [INFO] Downloading from central: https://repo.maven.apache.org/maven2/org/slf4j/slf4j-api/1.5.6/slf4j-api-1.5.6.jar
[7c9bbbeb-cad4-476d-9278-9200c7f7e815/Java 8]   | [INFO] Downloaded from central: https://repo.maven.apache.org/maven2/org/codehaus/plexus/plexus-utils/1.5.15/plexus-utils-1.5.15.jar (228 kB at 4.4 MB/s)
[7c9bbbeb-cad4-476d-9278-9200c7f7e815/Java 8]   | [INFO] Downloading from central: https://repo.maven.apache.org/maven2/org/slf4j/jcl-over-slf4j/1.5.6/jcl-over-slf4j-1.5.6.jar
[7c9bbbeb-cad4-476d-9278-9200c7f7e815/Java 8]   | [INFO] Downloaded from central: https://repo.maven.apache.org/maven2/org/apache/maven/maven-core/2.2.1/maven-core-2.2.1.jar (178 kB at 3.2 MB/s)
[7c9bbbeb-cad4-476d-9278-9200c7f7e815/Java 8]   | [INFO] Downloading from central: https://repo.maven.apache.org/maven2/org/apache/maven/maven-profile/2.2.1/maven-profile-2.2.1.jar
[7c9bbbeb-cad4-476d-9278-9200c7f7e815/Java 8]   | [INFO] Downloaded from central: https://repo.maven.apache.org/maven2/org/apache/maven/maven-plugin-parameter-documenter/2.2.1/maven-plugin-parameter-documenter-2.2.1.jar (22 kB at 383 kB/s)
[7c9bbbeb-cad4-476d-9278-9200c7f7e815/Java 8]   | [INFO] Downloading from central: https://repo.maven.apache.org/maven2/org/apache/maven/maven-model/2.2.1/maven-model-2.2.1.jar
[7c9bbbeb-cad4-476d-9278-9200c7f7e815/Java 8]   | [INFO] Downloaded from central: https://repo.maven.apache.org/maven2/org/apache/maven/maven-settings/2.2.1/maven-settings-2.2.1.jar (49 kB at 743 kB/s)
[7c9bbbeb-cad4-476d-9278-9200c7f7e815/Java 8]   | [INFO] Downloading from central: https://repo.maven.apache.org/maven2/org/apache/maven/maven-repository-metadata/2.2.1/maven-repository-metadata-2.2.1.jar
[7c9bbbeb-cad4-476d-9278-9200c7f7e815/Java 8]   | [INFO] Downloaded from central: https://repo.maven.apache.org/maven2/org/apache/maven/maven-profile/2.2.1/maven-profile-2.2.1.jar (35 kB at 340 kB/s)
[7c9bbbeb-cad4-476d-9278-9200c7f7e815/Java 8]   | [INFO] Downloading from central: https://repo.maven.apache.org/maven2/org/apache/maven/maven-error-diagnostics/2.2.1/maven-error-diagnostics-2.2.1.jar
[7c9bbbeb-cad4-476d-9278-9200c7f7e815/Java 8]   | [INFO] Downloaded from central: https://repo.maven.apache.org/maven2/org/slf4j/slf4j-api/1.5.6/slf4j-api-1.5.6.jar (22 kB at 211 kB/s)
[7c9bbbeb-cad4-476d-9278-9200c7f7e815/Java 8]   | [INFO] Downloading from central: https://repo.maven.apache.org/maven2/org/apache/maven/maven-project/2.2.1/maven-project-2.2.1.jar
[7c9bbbeb-cad4-476d-9278-9200c7f7e815/Java 8]   | [INFO] Downloaded from central: https://repo.maven.apache.org/maven2/org/slf4j/jcl-over-slf4j/1.5.6/jcl-over-slf4j-1.5.6.jar (17 kB at 155 kB/s)
[7c9bbbeb-cad4-476d-9278-9200c7f7e815/Java 8]   | [INFO] Downloading from central: https://repo.maven.apache.org/maven2/org/apache/maven/maven-plugin-registry/2.2.1/maven-plugin-registry-2.2.1.jar
[7c9bbbeb-cad4-476d-9278-9200c7f7e815/Java 8]   | [INFO] Downloaded from central: https://repo.maven.apache.org/maven2/org/apache/maven/maven-repository-metadata/2.2.1/maven-repository-metadata-2.2.1.jar (26 kB at 221 kB/s)
[7c9bbbeb-cad4-476d-9278-9200c7f7e815/Java 8]   | [INFO] Downloading from central: https://repo.maven.apache.org/maven2/org/apache/maven/maven-plugin-descriptor/2.2.1/maven-plugin-descriptor-2.2.1.jar
[7c9bbbeb-cad4-476d-9278-9200c7f7e815/Java 8]   | [INFO] Downloaded from central: https://repo.maven.apache.org/maven2/org/apache/maven/maven-error-diagnostics/2.2.1/maven-error-diagnostics-2.2.1.jar (13 kB at 103 kB/s)
[7c9bbbeb-cad4-476d-9278-9200c7f7e815/Java 8]   | [INFO] Downloading from central: https://repo.maven.apache.org/maven2/org/apache/maven/maven-artifact-manager/2.2.1/maven-artifact-manager-2.2.1.jar
[7c9bbbeb-cad4-476d-9278-9200c7f7e815/Java 8]   | [INFO] Downloaded from central: https://repo.maven.apache.org/maven2/org/apache/maven/maven-plugin-registry/2.2.1/maven-plugin-registry-2.2.1.jar (30 kB at 236 kB/s)
[7c9bbbeb-cad4-476d-9278-9200c7f7e815/Java 8]   | [INFO] Downloading from central: https://repo.maven.apache.org/maven2/backport-util-concurrent/backport-util-concurrent/3.1/backport-util-concurrent-3.1.jar
[7c9bbbeb-cad4-476d-9278-9200c7f7e815/Java 8]   | [INFO] Downloaded from central: https://repo.maven.apache.org/maven2/org/apache/maven/maven-model/2.2.1/maven-model-2.2.1.jar (88 kB at 664 kB/s)
[7c9bbbeb-cad4-476d-9278-9200c7f7e815/Java 8]   | [INFO] Downloading from central: https://repo.maven.apache.org/maven2/org/apache/maven/maven-monitor/2.2.1/maven-monitor-2.2.1.jar
[7c9bbbeb-cad4-476d-9278-9200c7f7e815/Java 8]   | [INFO] Downloaded from central: https://repo.maven.apache.org/maven2/org/apache/maven/maven-plugin-descriptor/2.2.1/maven-plugin-descriptor-2.2.1.jar (39 kB at 293 kB/s)
[7c9bbbeb-cad4-476d-9278-9200c7f7e815/Java 8]   | [INFO] Downloading from central: https://repo.maven.apache.org/maven2/org/sonatype/plexus/plexus-sec-dispatcher/1.3/plexus-sec-dispatcher-1.3.jar
[7c9bbbeb-cad4-476d-9278-9200c7f7e815/Java 8]   | [INFO] Downloaded from central: https://repo.maven.apache.org/maven2/org/apache/maven/maven-project/2.2.1/maven-project-2.2.1.jar (156 kB at 1.1 MB/s)
[7c9bbbeb-cad4-476d-9278-9200c7f7e815/Java 8]   | [INFO] Downloading from central: https://repo.maven.apache.org/maven2/org/sonatype/plexus/plexus-cipher/1.4/plexus-cipher-1.4.jar
[7c9bbbeb-cad4-476d-9278-9200c7f7e815/Java 8]   | [INFO] Downloaded from central: https://repo.maven.apache.org/maven2/backport-util-concurrent/backport-util-concurrent/3.1/backport-util-concurrent-3.1.jar (332 kB at 2.3 MB/s)
[7c9bbbeb-cad4-476d-9278-9200c7f7e815/Java 8]   | [INFO] Downloading from central: https://repo.maven.apache.org/maven2/org/apache/maven/maven-toolchain/2.2.1/maven-toolchain-2.2.1.jar
[7c9bbbeb-cad4-476d-9278-9200c7f7e815/Java 8]   | [INFO] Downloaded from central: https://repo.maven.apache.org/maven2/org/apache/maven/maven-artifact-manager/2.2.1/maven-artifact-manager-2.2.1.jar (68 kB at 463 kB/s)
[7c9bbbeb-cad4-476d-9278-9200c7f7e815/Java 8]   | [INFO] Downloading from central: https://repo.maven.apache.org/maven2/org/apache/maven/shared/maven-shared-utils/0.7/maven-shared-utils-0.7.jar
[7c9bbbeb-cad4-476d-9278-9200c7f7e815/Java 8]   | [INFO] Downloaded from central: https://repo.maven.apache.org/maven2/org/apache/maven/maven-monitor/2.2.1/maven-monitor-2.2.1.jar (10 kB at 71 kB/s)
[7c9bbbeb-cad4-476d-9278-9200c7f7e815/Java 8]   | [INFO] Downloading from central: https://repo.maven.apache.org/maven2/com/google/code/findbugs/jsr305/2.0.1/jsr305-2.0.1.jar
[7c9bbbeb-cad4-476d-9278-9200c7f7e815/Java 8]   | [INFO] Downloaded from central: https://repo.maven.apache.org/maven2/org/sonatype/plexus/plexus-sec-dispatcher/1.3/plexus-sec-dispatcher-1.3.jar (29 kB at 193 kB/s)
[7c9bbbeb-cad4-476d-9278-9200c7f7e815/Java 8]   | [INFO] Downloading from central: https://repo.maven.apache.org/maven2/org/apache/maven/shared/maven-shared-incremental/1.1/maven-shared-incremental-1.1.jar
[7c9bbbeb-cad4-476d-9278-9200c7f7e815/Java 8]   | [INFO] Downloaded from central: https://repo.maven.apache.org/maven2/org/sonatype/plexus/plexus-cipher/1.4/plexus-cipher-1.4.jar (13 kB at 89 kB/s)
[7c9bbbeb-cad4-476d-9278-9200c7f7e815/Java 8]   | [INFO] Downloading from central: https://repo.maven.apache.org/maven2/org/codehaus/plexus/plexus-component-annotations/1.5.5/plexus-component-annotations-1.5.5.jar
[7c9bbbeb-cad4-476d-9278-9200c7f7e815/Java 8]   | [INFO] Downloaded from central: https://repo.maven.apache.org/maven2/org/apache/maven/maven-toolchain/2.2.1/maven-toolchain-2.2.1.jar (38 kB at 241 kB/s)
[7c9bbbeb-cad4-476d-9278-9200c7f7e815/Java 8]   | [INFO] Downloading from central: https://repo.maven.apache.org/maven2/org/codehaus/plexus/plexus-compiler-api/2.5/plexus-compiler-api-2.5.jar
[7c9bbbeb-cad4-476d-9278-9200c7f7e815/Java 8]   | [INFO] Downloaded from central: https://repo.maven.apache.org/maven2/org/apache/maven/shared/maven-shared-incremental/1.1/maven-shared-incremental-1.1.jar (14 kB at 79 kB/s)
[7c9bbbeb-cad4-476d-9278-9200c7f7e815/Java 8]   | [INFO] Downloading from central: https://repo.maven.apache.org/maven2/org/codehaus/plexus/plexus-compiler-manager/2.5/plexus-compiler-manager-2.5.jar
[7c9bbbeb-cad4-476d-9278-9200c7f7e815/Java 8]   | [INFO] Downloaded from central: https://repo.maven.apache.org/maven2/com/google/code/findbugs/jsr305/2.0.1/jsr305-2.0.1.jar (32 kB at 185 kB/s)
[7c9bbbeb-cad4-476d-9278-9200c7f7e815/Java 8]   | [INFO] Downloading from central: https://repo.maven.apache.org/maven2/org/codehaus/plexus/plexus-compiler-javac/2.5/plexus-compiler-javac-2.5.jar
[7c9bbbeb-cad4-476d-9278-9200c7f7e815/Java 8]   | [INFO] Downloaded from central: https://repo.maven.apache.org/maven2/org/codehaus/plexus/plexus-component-annotations/1.5.5/plexus-component-annotations-1.5.5.jar (4.2 kB at 24 kB/s)
[7c9bbbeb-cad4-476d-9278-9200c7f7e815/Java 8]   | [INFO] Downloading from central: https://repo.maven.apache.org/maven2/org/codehaus/plexus/plexus-container-default/1.5.5/plexus-container-default-1.5.5.jar
[7c9bbbeb-cad4-476d-9278-9200c7f7e815/Java 8]   | [INFO] Downloaded from central: https://repo.maven.apache.org/maven2/org/codehaus/plexus/plexus-compiler-api/2.5/plexus-compiler-api-2.5.jar (25 kB at 142 kB/s)
[7c9bbbeb-cad4-476d-9278-9200c7f7e815/Java 8]   | [INFO] Downloading from central: https://repo.maven.apache.org/maven2/org/codehaus/plexus/plexus-classworlds/2.2.2/plexus-classworlds-2.2.2.jar
[7c9bbbeb-cad4-476d-9278-9200c7f7e815/Java 8]   | [INFO] Downloaded from central: https://repo.maven.apache.org/maven2/org/codehaus/plexus/plexus-compiler-manager/2.5/plexus-compiler-manager-2.5.jar (4.6 kB at 25 kB/s)
[7c9bbbeb-cad4-476d-9278-9200c7f7e815/Java 8]   | [INFO] Downloading from central: https://repo.maven.apache.org/maven2/org/apache/xbean/xbean-reflect/3.4/xbean-reflect-3.4.jar
[7c9bbbeb-cad4-476d-9278-9200c7f7e815/Java 8]   | [INFO] Downloaded from central: https://repo.maven.apache.org/maven2/org/apache/maven/shared/maven-shared-utils/0.7/maven-shared-utils-0.7.jar (170 kB at 855 kB/s)
[7c9bbbeb-cad4-476d-9278-9200c7f7e815/Java 8]   | [INFO] Downloading from central: https://repo.maven.apache.org/maven2/log4j/log4j/1.2.12/log4j-1.2.12.jar
[7c9bbbeb-cad4-476d-9278-9200c7f7e815/Java 8]   | [INFO] Downloaded from central: https://repo.maven.apache.org/maven2/org/codehaus/plexus/plexus-classworlds/2.2.2/plexus-classworlds-2.2.2.jar (46 kB at 228 kB/s)
[7c9bbbeb-cad4-476d-9278-9200c7f7e815/Java 8]   | [INFO] Downloading from central: https://repo.maven.apache.org/maven2/commons-logging/commons-logging-api/1.1/commons-logging-api-1.1.jar
[7c9bbbeb-cad4-476d-9278-9200c7f7e815/Java 8]   | [INFO] Downloaded from central: https://repo.maven.apache.org/maven2/org/apache/xbean/xbean-reflect/3.4/xbean-reflect-3.4.jar (134 kB at 650 kB/s)
[7c9bbbeb-cad4-476d-9278-9200c7f7e815/Java 8]   | [INFO] Downloading from central: https://repo.maven.apache.org/maven2/com/google/collections/google-collections/1.0/google-collections-1.0.jar
[7c9bbbeb-cad4-476d-9278-9200c7f7e815/Java 8]   | [INFO] Downloaded from central: https://repo.maven.apache.org/maven2/org/codehaus/plexus/plexus-container-default/1.5.5/plexus-container-default-1.5.5.jar (217 kB at 1.0 MB/s)
[7c9bbbeb-cad4-476d-9278-9200c7f7e815/Java 8]   | [INFO] Downloading from central: https://repo.maven.apache.org/maven2/junit/junit/3.8.2/junit-3.8.2.jar
[7c9bbbeb-cad4-476d-9278-9200c7f7e815/Java 8]   | [INFO] Downloaded from central: https://repo.maven.apache.org/maven2/org/codehaus/plexus/plexus-compiler-javac/2.5/plexus-compiler-javac-2.5.jar (19 kB at 92 kB/s)
[7c9bbbeb-cad4-476d-9278-9200c7f7e815/Java 8]   | [INFO] Downloaded from central: https://repo.maven.apache.org/maven2/commons-logging/commons-logging-api/1.1/commons-logging-api-1.1.jar (45 kB at 209 kB/s)
[7c9bbbeb-cad4-476d-9278-9200c7f7e815/Java 8]   | [INFO] Downloaded from central: https://repo.maven.apache.org/maven2/junit/junit/3.8.2/junit-3.8.2.jar (121 kB at 490 kB/s)
[7c9bbbeb-cad4-476d-9278-9200c7f7e815/Java 8]   | [INFO] Downloaded from central: https://repo.maven.apache.org/maven2/log4j/log4j/1.2.12/log4j-1.2.12.jar (358 kB at 1.4 MB/s)
[7c9bbbeb-cad4-476d-9278-9200c7f7e815/Java 8]   | [INFO] Downloaded from central: https://repo.maven.apache.org/maven2/com/google/collections/google-collections/1.0/google-collections-1.0.jar (640 kB at 2.5 MB/s)
[7c9bbbeb-cad4-476d-9278-9200c7f7e815/Java 8]   | [INFO] Changes detected - recompiling the module!
[7c9bbbeb-cad4-476d-9278-9200c7f7e815/Java 8]   | [INFO] Compiling 61 source files to /tmp/b955085e-1dea-4c49-b7a7-978fcfcec972/target/classes
[7c9bbbeb-cad4-476d-9278-9200c7f7e815/Java 8]   | [INFO] 
[7c9bbbeb-cad4-476d-9278-9200c7f7e815/Java 8]   | [INFO] --- maven-resources-plugin:2.6:testResources (default-testResources) @ juniversalchardet ---
[7c9bbbeb-cad4-476d-9278-9200c7f7e815/Java 8]   | [INFO] Using 'UTF-8' encoding to copy filtered resources.
[7c9bbbeb-cad4-476d-9278-9200c7f7e815/Java 8]   | [INFO] Copying 8 resources
[7c9bbbeb-cad4-476d-9278-9200c7f7e815/Java 8]   | [INFO] 
[7c9bbbeb-cad4-476d-9278-9200c7f7e815/Java 8]   | [INFO] --- maven-compiler-plugin:3.3:testCompile (default-testCompile) @ juniversalchardet ---
[7c9bbbeb-cad4-476d-9278-9200c7f7e815/Java 8]   | [INFO] Changes detected - recompiling the module!
[7c9bbbeb-cad4-476d-9278-9200c7f7e815/Java 8]   | [INFO] Compiling 8 source files to /tmp/b955085e-1dea-4c49-b7a7-978fcfcec972/target/test-classes
[7c9bbbeb-cad4-476d-9278-9200c7f7e815/Java 8]   | [INFO] 
[7c9bbbeb-cad4-476d-9278-9200c7f7e815/Java 8]   | [INFO] --- maven-surefire-plugin:2.12.4:test (default-test) @ juniversalchardet ---
[7c9bbbeb-cad4-476d-9278-9200c7f7e815/Java 8]   | [INFO] Downloading from central: https://repo.maven.apache.org/maven2/org/apache/maven/maven-plugin-api/2.0.9/maven-plugin-api-2.0.9.pom
[7c9bbbeb-cad4-476d-9278-9200c7f7e815/Java 8]   | [INFO] Downloaded from central: https://repo.maven.apache.org/maven2/org/apache/maven/maven-plugin-api/2.0.9/maven-plugin-api-2.0.9.pom (1.5 kB at 107 kB/s)
[7c9bbbeb-cad4-476d-9278-9200c7f7e815/Java 8]   | [INFO] Downloading from central: https://repo.maven.apache.org/maven2/org/apache/maven/maven/2.0.9/maven-2.0.9.pom
[7c9bbbeb-cad4-476d-9278-9200c7f7e815/Java 8]   | [INFO] Downloaded from central: https://repo.maven.apache.org/maven2/org/apache/maven/maven/2.0.9/maven-2.0.9.pom (19 kB at 995 kB/s)
[7c9bbbeb-cad4-476d-9278-9200c7f7e815/Java 8]   | [INFO] Downloading from central: https://repo.maven.apache.org/maven2/org/apache/maven/maven-parent/8/maven-parent-8.pom
[7c9bbbeb-cad4-476d-9278-9200c7f7e815/Java 8]   | [INFO] Downloaded from central: https://repo.maven.apache.org/maven2/org/apache/maven/maven-parent/8/maven-parent-8.pom (24 kB at 32 kB/s)
[7c9bbbeb-cad4-476d-9278-9200c7f7e815/Java 8]   | [INFO] Downloading from central: https://repo.maven.apache.org/maven2/org/apache/maven/surefire/surefire-booter/2.12.4/surefire-booter-2.12.4.pom
[7c9bbbeb-cad4-476d-9278-9200c7f7e815/Java 8]   | [INFO] Downloaded from central: https://repo.maven.apache.org/maven2/org/apache/maven/surefire/surefire-booter/2.12.4/surefire-booter-2.12.4.pom (3.0 kB at 63 kB/s)
[7c9bbbeb-cad4-476d-9278-9200c7f7e815/Java 8]   | [INFO] Downloading from central: https://repo.maven.apache.org/maven2/org/apache/maven/surefire/surefire-api/2.12.4/surefire-api-2.12.4.pom
[7c9bbbeb-cad4-476d-9278-9200c7f7e815/Java 8]   | [INFO] Downloaded from central: https://repo.maven.apache.org/maven2/org/apache/maven/surefire/surefire-api/2.12.4/surefire-api-2.12.4.pom (2.5 kB at 113 kB/s)
[7c9bbbeb-cad4-476d-9278-9200c7f7e815/Java 8]   | [INFO] Downloading from central: https://repo.maven.apache.org/maven2/org/apache/maven/surefire/maven-surefire-common/2.12.4/maven-surefire-common-2.12.4.pom
[7c9bbbeb-cad4-476d-9278-9200c7f7e815/Java 8]   | [INFO] Downloaded from central: https://repo.maven.apache.org/maven2/org/apache/maven/surefire/maven-surefire-common/2.12.4/maven-surefire-common-2.12.4.pom (5.5 kB at 198 kB/s)
[7c9bbbeb-cad4-476d-9278-9200c7f7e815/Java 8]   | [INFO] Downloading from central: https://repo.maven.apache.org/maven2/org/apache/maven/plugin-tools/maven-plugin-annotations/3.1/maven-plugin-annotations-3.1.pom
[7c9bbbeb-cad4-476d-9278-9200c7f7e815/Java 8]   | [INFO] Downloaded from central: https://repo.maven.apache.org/maven2/org/apache/maven/plugin-tools/maven-plugin-annotations/3.1/maven-plugin-annotations-3.1.pom (1.6 kB at 90 kB/s)
[7c9bbbeb-cad4-476d-9278-9200c7f7e815/Java 8]   | [INFO] Downloading from central: https://repo.maven.apache.org/maven2/org/apache/maven/plugin-tools/maven-plugin-tools/3.1/maven-plugin-tools-3.1.pom
[7c9bbbeb-cad4-476d-9278-9200c7f7e815/Java 8]   | [INFO] Downloaded from central: https://repo.maven.apache.org/maven2/org/apache/maven/plugin-tools/maven-plugin-tools/3.1/maven-plugin-tools-3.1.pom (16 kB at 450 kB/s)
[7c9bbbeb-cad4-476d-9278-9200c7f7e815/Java 8]   | [INFO] Downloading from central: https://repo.maven.apache.org/maven2/org/apache/maven/maven-artifact/2.0.9/maven-artifact-2.0.9.pom
[7c9bbbeb-cad4-476d-9278-9200c7f7e815/Java 8]   | [INFO] Downloaded from central: https://repo.maven.apache.org/maven2/org/apache/maven/maven-artifact/2.0.9/maven-artifact-2.0.9.pom (1.6 kB at 65 kB/s)
[7c9bbbeb-cad4-476d-9278-9200c7f7e815/Java 8]   | [INFO] Downloading from central: https://repo.maven.apache.org/maven2/org/codehaus/plexus/plexus-utils/3.0.8/plexus-utils-3.0.8.pom
[7c9bbbeb-cad4-476d-9278-9200c7f7e815/Java 8]   | [INFO] Downloaded from central: https://repo.maven.apache.org/maven2/org/codehaus/plexus/plexus-utils/3.0.8/plexus-utils-3.0.8.pom (3.1 kB at 44 kB/s)
[7c9bbbeb-cad4-476d-9278-9200c7f7e815/Java 8]   | [INFO] Downloading from central: https://repo.maven.apache.org/maven2/org/codehaus/plexus/plexus/3.2/plexus-3.2.pom
[7c9bbbeb-cad4-476d-9278-9200c7f7e815/Java 8]   | [INFO] Downloaded from central: https://repo.maven.apache.org/maven2/org/codehaus/plexus/plexus/3.2/plexus-3.2.pom (19 kB at 436 kB/s)
[7c9bbbeb-cad4-476d-9278-9200c7f7e815/Java 8]   | [INFO] Downloading from central: https://repo.maven.apache.org/maven2/org/apache/maven/maven-project/2.0.9/maven-project-2.0.9.pom
[7c9bbbeb-cad4-476d-9278-9200c7f7e815/Java 8]   | [INFO] Downloaded from central: https://repo.maven.apache.org/maven2/org/apache/maven/maven-project/2.0.9/maven-project-2.0.9.pom (2.7 kB at 97 kB/s)
[7c9bbbeb-cad4-476d-9278-9200c7f7e815/Java 8]   | [INFO] Downloading from central: https://repo.maven.apache.org/maven2/org/apache/maven/maven-settings/2.0.9/maven-settings-2.0.9.pom
[7c9bbbeb-cad4-476d-9278-9200c7f7e815/Java 8]   | [INFO] Downloaded from central: https://repo.maven.apache.org/maven2/org/apache/maven/maven-settings/2.0.9/maven-settings-2.0.9.pom (2.1 kB at 147 kB/s)
[7c9bbbeb-cad4-476d-9278-9200c7f7e815/Java 8]   | [INFO] Downloading from central: https://repo.maven.apache.org/maven2/org/apache/maven/maven-model/2.0.9/maven-model-2.0.9.pom
[7c9bbbeb-cad4-476d-9278-9200c7f7e815/Java 8]   | [INFO] Downloaded from central: https://repo.maven.apache.org/maven2/org/apache/maven/maven-model/2.0.9/maven-model-2.0.9.pom (3.1 kB at 60 kB/s)
[7c9bbbeb-cad4-476d-9278-9200c7f7e815/Java 8]   | [INFO] Downloading from central: https://repo.maven.apache.org/maven2/org/apache/maven/maven-profile/2.0.9/maven-profile-2.0.9.pom
[7c9bbbeb-cad4-476d-9278-9200c7f7e815/Java 8]   | [INFO] Downloaded from central: https://repo.maven.apache.org/maven2/org/apache/maven/maven-profile/2.0.9/maven-profile-2.0.9.pom (2.0 kB at 71 kB/s)
[7c9bbbeb-cad4-476d-9278-9200c7f7e815/Java 8]   | [INFO] Downloading from central: https://repo.maven.apache.org/maven2/org/apache/maven/maven-artifact-manager/2.0.9/maven-artifact-manager-2.0.9.pom
[7c9bbbeb-cad4-476d-9278-9200c7f7e815/Java 8]   | [INFO] Downloaded from central: https://repo.maven.apache.org/maven2/org/apache/maven/maven-artifact-manager/2.0.9/maven-artifact-manager-2.0.9.pom (2.7 kB at 75 kB/s)
[7c9bbbeb-cad4-476d-9278-9200c7f7e815/Java 8]   | [INFO] Downloading from central: https://repo.maven.apache.org/maven2/org/apache/maven/maven-repository-metadata/2.0.9/maven-repository-metadata-2.0.9.pom
[7c9bbbeb-cad4-476d-9278-9200c7f7e815/Java 8]   | [INFO] Downloaded from central: https://repo.maven.apache.org/maven2/org/apache/maven/maven-repository-metadata/2.0.9/maven-repository-metadata-2.0.9.pom (1.9 kB at 53 kB/s)
[7c9bbbeb-cad4-476d-9278-9200c7f7e815/Java 8]   | [INFO] Downloading from central: https://repo.maven.apache.org/maven2/org/apache/maven/maven-plugin-registry/2.0.9/maven-plugin-registry-2.0.9.pom
[7c9bbbeb-cad4-476d-9278-9200c7f7e815/Java 8]   | [INFO] Downloaded from central: https://repo.maven.apache.org/maven2/org/apache/maven/maven-plugin-registry/2.0.9/maven-plugin-registry-2.0.9.pom (2.0 kB at 76 kB/s)
[7c9bbbeb-cad4-476d-9278-9200c7f7e815/Java 8]   | [INFO] Downloading from central: https://repo.maven.apache.org/maven2/org/apache/maven/maven-core/2.0.9/maven-core-2.0.9.pom
[7c9bbbeb-cad4-476d-9278-9200c7f7e815/Java 8]   | [INFO] Downloaded from central: https://repo.maven.apache.org/maven2/org/apache/maven/maven-core/2.0.9/maven-core-2.0.9.pom (7.8 kB at 120 kB/s)
[7c9bbbeb-cad4-476d-9278-9200c7f7e815/Java 8]   | [INFO] Downloading from central: https://repo.maven.apache.org/maven2/org/apache/maven/maven-plugin-parameter-documenter/2.0.9/maven-plugin-parameter-documenter-2.0.9.pom
[7c9bbbeb-cad4-476d-9278-9200c7f7e815/Java 8]   | [INFO] Downloaded from central: https://repo.maven.apache.org/maven2/org/apache/maven/maven-plugin-parameter-documenter/2.0.9/maven-plugin-parameter-documenter-2.0.9.pom (2.0 kB at 246 kB/s)
[7c9bbbeb-cad4-476d-9278-9200c7f7e815/Java 8]   | [INFO] Downloading from central: https://repo.maven.apache.org/maven2/org/apache/maven/reporting/maven-reporting-api/2.0.9/maven-reporting-api-2.0.9.pom
[7c9bbbeb-cad4-476d-9278-9200c7f7e815/Java 8]   | [INFO] Downloaded from central: https://repo.maven.apache.org/maven2/org/apache/maven/reporting/maven-reporting-api/2.0.9/maven-reporting-api-2.0.9.pom (1.8 kB at 64 kB/s)
[7c9bbbeb-cad4-476d-9278-9200c7f7e815/Java 8]   | [INFO] Downloading from central: https://repo.maven.apache.org/maven2/org/apache/maven/reporting/maven-reporting/2.0.9/maven-reporting-2.0.9.pom
[7c9bbbeb-cad4-476d-9278-9200c7f7e815/Java 8]   | [INFO] Downloaded from central: https://repo.maven.apache.org/maven2/org/apache/maven/reporting/maven-reporting/2.0.9/maven-reporting-2.0.9.pom (1.5 kB at 59 kB/s)
[7c9bbbeb-cad4-476d-9278-9200c7f7e815/Java 8]   | [INFO] Downloading from central: https://repo.maven.apache.org/maven2/org/apache/maven/maven-error-diagnostics/2.0.9/maven-error-diagnostics-2.0.9.pom
[7c9bbbeb-cad4-476d-9278-9200c7f7e815/Java 8]   | [INFO] Downloaded from central: https://repo.maven.apache.org/maven2/org/apache/maven/maven-error-diagnostics/2.0.9/maven-error-diagnostics-2.0.9.pom (1.7 kB at 54 kB/s)
[7c9bbbeb-cad4-476d-9278-9200c7f7e815/Java 8]   | [INFO] Downloading from central: https://repo.maven.apache.org/maven2/org/apache/maven/maven-plugin-descriptor/2.0.9/maven-plugin-descriptor-2.0.9.pom
[7c9bbbeb-cad4-476d-9278-9200c7f7e815/Java 8]   | [INFO] Downloaded from central: https://repo.maven.apache.org/maven2/org/apache/maven/maven-plugin-descriptor/2.0.9/maven-plugin-descriptor-2.0.9.pom (2.1 kB at 61 kB/s)
[7c9bbbeb-cad4-476d-9278-9200c7f7e815/Java 8]   | [INFO] Downloading from central: https://repo.maven.apache.org/maven2/org/apache/maven/maven-monitor/2.0.9/maven-monitor-2.0.9.pom
[7c9bbbeb-cad4-476d-9278-9200c7f7e815/Java 8]   | [INFO] Downloaded from central: https://repo.maven.apache.org/maven2/org/apache/maven/maven-monitor/2.0.9/maven-monitor-2.0.9.pom (1.3 kB at 36 kB/s)
[7c9bbbeb-cad4-476d-9278-9200c7f7e815/Java 8]   | [INFO] Downloading from central: https://repo.maven.apache.org/maven2/org/apache/maven/maven-toolchain/2.0.9/maven-toolchain-2.0.9.pom
[7c9bbbeb-cad4-476d-9278-9200c7f7e815/Java 8]   | [INFO] Downloaded from central: https://repo.maven.apache.org/maven2/org/apache/maven/maven-toolchain/2.0.9/maven-toolchain-2.0.9.pom (3.5 kB at 120 kB/s)
[7c9bbbeb-cad4-476d-9278-9200c7f7e815/Java 8]   | [INFO] Downloading from central: https://repo.maven.apache.org/maven2/org/apache/commons/commons-lang3/3.1/commons-lang3-3.1.pom
[7c9bbbeb-cad4-476d-9278-9200c7f7e815/Java 8]   | [INFO] Downloaded from central: https://repo.maven.apache.org/maven2/org/apache/commons/commons-lang3/3.1/commons-lang3-3.1.pom (17 kB at 274 kB/s)
[7c9bbbeb-cad4-476d-9278-9200c7f7e815/Java 8]   | [INFO] Downloading from central: https://repo.maven.apache.org/maven2/org/apache/commons/commons-parent/22/commons-parent-22.pom
[7c9bbbeb-cad4-476d-9278-9200c7f7e815/Java 8]   | [INFO] Downloaded from central: https://repo.maven.apache.org/maven2/org/apache/commons/commons-parent/22/commons-parent-22.pom (42 kB at 349 kB/s)
[7c9bbbeb-cad4-476d-9278-9200c7f7e815/Java 8]   | [INFO] Downloading from central: https://repo.maven.apache.org/maven2/org/apache/apache/9/apache-9.pom
[7c9bbbeb-cad4-476d-9278-9200c7f7e815/Java 8]   | [INFO] Downloaded from central: https://repo.maven.apache.org/maven2/org/apache/apache/9/apache-9.pom (15 kB at 286 kB/s)
[7c9bbbeb-cad4-476d-9278-9200c7f7e815/Java 8]   | [INFO] Downloading from central: https://repo.maven.apache.org/maven2/org/apache/maven/shared/maven-common-artifact-filters/1.3/maven-common-artifact-filters-1.3.pom
[7c9bbbeb-cad4-476d-9278-9200c7f7e815/Java 8]   | [INFO] Downloaded from central: https://repo.maven.apache.org/maven2/org/apache/maven/shared/maven-common-artifact-filters/1.3/maven-common-artifact-filters-1.3.pom (3.7 kB at 168 kB/s)
[7c9bbbeb-cad4-476d-9278-9200c7f7e815/Java 8]   | [INFO] Downloading from central: https://repo.maven.apache.org/maven2/org/apache/maven/shared/maven-shared-components/12/maven-shared-components-12.pom
[7c9bbbeb-cad4-476d-9278-9200c7f7e815/Java 8]   | [INFO] Downloaded from central: https://repo.maven.apache.org/maven2/org/apache/maven/shared/maven-shared-components/12/maven-shared-components-12.pom (9.3 kB at 126 kB/s)
[7c9bbbeb-cad4-476d-9278-9200c7f7e815/Java 8]   | [INFO] Downloading from central: https://repo.maven.apache.org/maven2/org/apache/maven/maven-parent/13/maven-parent-13.pom
[7c9bbbeb-cad4-476d-9278-9200c7f7e815/Java 8]   | [INFO] Downloaded from central: https://repo.maven.apache.org/maven2/org/apache/maven/maven-parent/13/maven-parent-13.pom (23 kB at 266 kB/s)
[7c9bbbeb-cad4-476d-9278-9200c7f7e815/Java 8]   | [INFO] Downloading from central: https://repo.maven.apache.org/maven2/org/apache/apache/6/apache-6.pom
[7c9bbbeb-cad4-476d-9278-9200c7f7e815/Java 8]   | [INFO] Downloaded from central: https://repo.maven.apache.org/maven2/org/apache/apache/6/apache-6.pom (13 kB at 267 kB/s)
[7c9bbbeb-cad4-476d-9278-9200c7f7e815/Java 8]   | [INFO] Downloading from central: https://repo.maven.apache.org/maven2/org/codehaus/plexus/plexus-container-default/1.0-alpha-9/plexus-container-default-1.0-alpha-9.pom
[7c9bbbeb-cad4-476d-9278-9200c7f7e815/Java 8]   | [INFO] Downloaded from central: https://repo.maven.apache.org/maven2/org/codehaus/plexus/plexus-container-default/1.0-alpha-9/plexus-container-default-1.0-alpha-9.pom (1.2 kB at 77 kB/s)
[7c9bbbeb-cad4-476d-9278-9200c7f7e815/Java 8]   | [INFO] Downloading from central: https://repo.maven.apache.org/maven2/org/apache/maven/maven-plugin-api/2.0.9/maven-plugin-api-2.0.9.jar
[7c9bbbeb-cad4-476d-9278-9200c7f7e815/Java 8]   | [INFO] Downloading from central: https://repo.maven.apache.org/maven2/org/apache/maven/surefire/surefire-booter/2.12.4/surefire-booter-2.12.4.jar
[7c9bbbeb-cad4-476d-9278-9200c7f7e815/Java 8]   | [INFO] Downloading from central: https://repo.maven.apache.org/maven2/org/apache/maven/surefire/surefire-api/2.12.4/surefire-api-2.12.4.jar
[7c9bbbeb-cad4-476d-9278-9200c7f7e815/Java 8]   | [INFO] Downloading from central: https://repo.maven.apache.org/maven2/org/apache/maven/surefire/maven-surefire-common/2.12.4/maven-surefire-common-2.12.4.jar
[7c9bbbeb-cad4-476d-9278-9200c7f7e815/Java 8]   | [INFO] Downloading from central: https://repo.maven.apache.org/maven2/org/apache/commons/commons-lang3/3.1/commons-lang3-3.1.jar
[7c9bbbeb-cad4-476d-9278-9200c7f7e815/Java 8]   | [INFO] Downloaded from central: https://repo.maven.apache.org/maven2/org/apache/maven/surefire/maven-surefire-common/2.12.4/maven-surefire-common-2.12.4.jar (263 kB at 6.4 MB/s)
[7c9bbbeb-cad4-476d-9278-9200c7f7e815/Java 8]   | [INFO] Downloading from central: https://repo.maven.apache.org/maven2/org/apache/maven/shared/maven-common-artifact-filters/1.3/maven-common-artifact-filters-1.3.jar
[7c9bbbeb-cad4-476d-9278-9200c7f7e815/Java 8]   | [INFO] Downloaded from central: https://repo.maven.apache.org/maven2/org/apache/maven/maven-plugin-api/2.0.9/maven-plugin-api-2.0.9.jar (13 kB at 293 kB/s)
[7c9bbbeb-cad4-476d-9278-9200c7f7e815/Java 8]   | [INFO] Downloading from central: https://repo.maven.apache.org/maven2/org/codehaus/plexus/plexus-utils/3.0.8/plexus-utils-3.0.8.jar
[7c9bbbeb-cad4-476d-9278-9200c7f7e815/Java 8]   | [INFO] Downloaded from central: https://repo.maven.apache.org/maven2/org/apache/maven/surefire/surefire-booter/2.12.4/surefire-booter-2.12.4.jar (35 kB at 723 kB/s)
[7c9bbbeb-cad4-476d-9278-9200c7f7e815/Java 8]   | [INFO] Downloading from central: https://repo.maven.apache.org/maven2/org/apache/maven/maven-artifact/2.0.9/maven-artifact-2.0.9.jar
[7c9bbbeb-cad4-476d-9278-9200c7f7e815/Java 8]   | [INFO] Downloaded from central: https://repo.maven.apache.org/maven2/org/apache/commons/commons-lang3/3.1/commons-lang3-3.1.jar (316 kB at 6.6 MB/s)
[7c9bbbeb-cad4-476d-9278-9200c7f7e815/Java 8]   | [INFO] Downloading from central: https://repo.maven.apache.org/maven2/org/apache/maven/maven-project/2.0.9/maven-project-2.0.9.jar
[7c9bbbeb-cad4-476d-9278-9200c7f7e815/Java 8]   | [INFO] Downloaded from central: https://repo.maven.apache.org/maven2/org/apache/maven/surefire/surefire-api/2.12.4/surefire-api-2.12.4.jar (118 kB at 2.4 MB/s)
[7c9bbbeb-cad4-476d-9278-9200c7f7e815/Java 8]   | [INFO] Downloading from central: https://repo.maven.apache.org/maven2/org/apache/maven/maven-settings/2.0.9/maven-settings-2.0.9.jar
[7c9bbbeb-cad4-476d-9278-9200c7f7e815/Java 8]   | [INFO] Downloaded from central: https://repo.maven.apache.org/maven2/org/apache/maven/maven-settings/2.0.9/maven-settings-2.0.9.jar (49 kB at 893 kB/s)
[7c9bbbeb-cad4-476d-9278-9200c7f7e815/Java 8]   | [INFO] Downloaded from central: https://repo.maven.apache.org/maven2/org/apache/maven/maven-artifact/2.0.9/maven-artifact-2.0.9.jar (89 kB at 1.6 MB/s)
[7c9bbbeb-cad4-476d-9278-9200c7f7e815/Java 8]   | [INFO] Downloading from central: https://repo.maven.apache.org/maven2/org/apache/maven/maven-profile/2.0.9/maven-profile-2.0.9.jar
[7c9bbbeb-cad4-476d-9278-9200c7f7e815/Java 8]   | [INFO] Downloading from central: https://repo.maven.apache.org/maven2/org/apache/maven/maven-model/2.0.9/maven-model-2.0.9.jar
[7c9bbbeb-cad4-476d-9278-9200c7f7e815/Java 8]   | [INFO] Downloaded from central: https://repo.maven.apache.org/maven2/org/apache/maven/maven-project/2.0.9/maven-project-2.0.9.jar (122 kB at 2.0 MB/s)
[7c9bbbeb-cad4-476d-9278-9200c7f7e815/Java 8]   | [INFO] Downloaded from central: https://repo.maven.apache.org/maven2/org/apache/maven/shared/maven-common-artifact-filters/1.3/maven-common-artifact-filters-1.3.jar (31 kB at 501 kB/s)
[7c9bbbeb-cad4-476d-9278-9200c7f7e815/Java 8]   | [INFO] Downloading from central: https://repo.maven.apache.org/maven2/org/apache/maven/maven-artifact-manager/2.0.9/maven-artifact-manager-2.0.9.jar
[7c9bbbeb-cad4-476d-9278-9200c7f7e815/Java 8]   | [INFO] Downloading from central: https://repo.maven.apache.org/maven2/org/apache/maven/maven-plugin-registry/2.0.9/maven-plugin-registry-2.0.9.jar
[7c9bbbeb-cad4-476d-9278-9200c7f7e815/Java 8]   | [INFO] Downloaded from central: https://repo.maven.apache.org/maven2/org/apache/maven/maven-model/2.0.9/maven-model-2.0.9.jar (87 kB at 1.2 MB/s)
[7c9bbbeb-cad4-476d-9278-9200c7f7e815/Java 8]   | [INFO] Downloading from central: https://repo.maven.apache.org/maven2/org/apache/maven/maven-core/2.0.9/maven-core-2.0.9.jar
[7c9bbbeb-cad4-476d-9278-9200c7f7e815/Java 8]   | [INFO] Downloaded from central: https://repo.maven.apache.org/maven2/org/apache/maven/maven-artifact-manager/2.0.9/maven-artifact-manager-2.0.9.jar (58 kB at 751 kB/s)
[7c9bbbeb-cad4-476d-9278-9200c7f7e815/Java 8]   | [INFO] Downloading from central: https://repo.maven.apache.org/maven2/org/apache/maven/maven-plugin-parameter-documenter/2.0.9/maven-plugin-parameter-documenter-2.0.9.jar
[7c9bbbeb-cad4-476d-9278-9200c7f7e815/Java 8]   | [INFO] Downloaded from central: https://repo.maven.apache.org/maven2/org/apache/maven/maven-plugin-registry/2.0.9/maven-plugin-registry-2.0.9.jar (29 kB at 368 kB/s)
[7c9bbbeb-cad4-476d-9278-9200c7f7e815/Java 8]   | [INFO] Downloading from central: https://repo.maven.apache.org/maven2/org/apache/maven/reporting/maven-reporting-api/2.0.9/maven-reporting-api-2.0.9.jar
[7c9bbbeb-cad4-476d-9278-9200c7f7e815/Java 8]   | [INFO] Downloaded from central: https://repo.maven.apache.org/maven2/org/apache/maven/maven-profile/2.0.9/maven-profile-2.0.9.jar (35 kB at 442 kB/s)
[7c9bbbeb-cad4-476d-9278-9200c7f7e815/Java 8]   | [INFO] Downloading from central: https://repo.maven.apache.org/maven2/org/apache/maven/maven-repository-metadata/2.0.9/maven-repository-metadata-2.0.9.jar
[7c9bbbeb-cad4-476d-9278-9200c7f7e815/Java 8]   | [INFO] Downloaded from central: https://repo.maven.apache.org/maven2/org/apache/maven/reporting/maven-reporting-api/2.0.9/maven-reporting-api-2.0.9.jar (10 kB at 119 kB/s)
[7c9bbbeb-cad4-476d-9278-9200c7f7e815/Java 8]   | [INFO] Downloading from central: https://repo.maven.apache.org/maven2/org/apache/maven/maven-error-diagnostics/2.0.9/maven-error-diagnostics-2.0.9.jar
[7c9bbbeb-cad4-476d-9278-9200c7f7e815/Java 8]   | [INFO] Downloaded from central: https://repo.maven.apache.org/maven2/org/apache/maven/maven-plugin-parameter-documenter/2.0.9/maven-plugin-parameter-documenter-2.0.9.jar (21 kB at 240 kB/s)
[7c9bbbeb-cad4-476d-9278-9200c7f7e815/Java 8]   | [INFO] Downloading from central: https://repo.maven.apache.org/maven2/org/apache/maven/maven-plugin-descriptor/2.0.9/maven-plugin-descriptor-2.0.9.jar
[7c9bbbeb-cad4-476d-9278-9200c7f7e815/Java 8]   | [INFO] Downloaded from central: https://repo.maven.apache.org/maven2/org/apache/maven/maven-repository-metadata/2.0.9/maven-repository-metadata-2.0.9.jar (25 kB at 282 kB/s)
[7c9bbbeb-cad4-476d-9278-9200c7f7e815/Java 8]   | [INFO] Downloading from central: https://repo.maven.apache.org/maven2/org/apache/maven/maven-monitor/2.0.9/maven-monitor-2.0.9.jar
[7c9bbbeb-cad4-476d-9278-9200c7f7e815/Java 8]   | [INFO] Downloaded from central: https://repo.maven.apache.org/maven2/org/apache/maven/maven-core/2.0.9/maven-core-2.0.9.jar (160 kB at 1.7 MB/s)
[7c9bbbeb-cad4-476d-9278-9200c7f7e815/Java 8]   | [INFO] Downloading from central: https://repo.maven.apache.org/maven2/org/apache/maven/maven-toolchain/2.0.9/maven-toolchain-2.0.9.jar
[7c9bbbeb-cad4-476d-9278-9200c7f7e815/Java 8]   | [INFO] Downloaded from central: https://repo.maven.apache.org/maven2/org/apache/maven/maven-error-diagnostics/2.0.9/maven-error-diagnostics-2.0.9.jar (14 kB at 134 kB/s)
[7c9bbbeb-cad4-476d-9278-9200c7f7e815/Java 8]   | [INFO] Downloading from central: https://repo.maven.apache.org/maven2/org/apache/maven/plugin-tools/maven-plugin-annotations/3.1/maven-plugin-annotations-3.1.jar
[7c9bbbeb-cad4-476d-9278-9200c7f7e815/Java 8]   | [INFO] Downloaded from central: https://repo.maven.apache.org/maven2/org/apache/maven/maven-plugin-descriptor/2.0.9/maven-plugin-descriptor-2.0.9.jar (37 kB at 360 kB/s)
[7c9bbbeb-cad4-476d-9278-9200c7f7e815/Java 8]   | [INFO] Downloaded from central: https://repo.maven.apache.org/maven2/org/apache/maven/plugin-tools/maven-plugin-annotations/3.1/maven-plugin-annotations-3.1.jar (14 kB at 130 kB/s)
[7c9bbbeb-cad4-476d-9278-9200c7f7e815/Java 8]   | [INFO] Downloaded from central: https://repo.maven.apache.org/maven2/org/apache/maven/maven-monitor/2.0.9/maven-monitor-2.0.9.jar (10 kB at 83 kB/s)
[7c9bbbeb-cad4-476d-9278-9200c7f7e815/Java 8]   | [INFO] Downloaded from central: https://repo.maven.apache.org/maven2/org/apache/maven/maven-toolchain/2.0.9/maven-toolchain-2.0.9.jar (38 kB at 306 kB/s)
[7c9bbbeb-cad4-476d-9278-9200c7f7e815/Java 8]   | [INFO] Downloaded from central: https://repo.maven.apache.org/maven2/org/codehaus/plexus/plexus-utils/3.0.8/plexus-utils-3.0.8.jar (232 kB at 1.4 MB/s)
[7c9bbbeb-cad4-476d-9278-9200c7f7e815/Java 8]   | [INFO] Surefire report directory: /tmp/b955085e-1dea-4c49-b7a7-978fcfcec972/target/surefire-reports
[7c9bbbeb-cad4-476d-9278-9200c7f7e815/Java 8]   | [INFO] Downloading from central: https://repo.maven.apache.org/maven2/org/apache/maven/surefire/surefire-junit4/2.12.4/surefire-junit4-2.12.4.pom
[7c9bbbeb-cad4-476d-9278-9200c7f7e815/Java 8]   | [INFO] Downloaded from central: https://repo.maven.apache.org/maven2/org/apache/maven/surefire/surefire-junit4/2.12.4/surefire-junit4-2.12.4.pom (2.4 kB at 93 kB/s)
[7c9bbbeb-cad4-476d-9278-9200c7f7e815/Java 8]   | [INFO] Downloading from central: https://repo.maven.apache.org/maven2/org/apache/maven/surefire/surefire-providers/2.12.4/surefire-providers-2.12.4.pom
[7c9bbbeb-cad4-476d-9278-9200c7f7e815/Java 8]   | [INFO] Downloaded from central: https://repo.maven.apache.org/maven2/org/apache/maven/surefire/surefire-providers/2.12.4/surefire-providers-2.12.4.pom (2.3 kB at 138 kB/s)
[7c9bbbeb-cad4-476d-9278-9200c7f7e815/Java 8]   | [INFO] Downloading from central: https://repo.maven.apache.org/maven2/org/apache/maven/surefire/surefire-junit4/2.12.4/surefire-junit4-2.12.4.jar
[7c9bbbeb-cad4-476d-9278-9200c7f7e815/Java 8]   | [INFO] Downloaded from central: https://repo.maven.apache.org/maven2/org/apache/maven/surefire/surefire-junit4/2.12.4/surefire-junit4-2.12.4.jar (37 kB at 1.4 MB/s)
[7c9bbbeb-cad4-476d-9278-9200c7f7e815/Java 8]   | 
[7c9bbbeb-cad4-476d-9278-9200c7f7e815/Java 8]   | -------------------------------------------------------
[7c9bbbeb-cad4-476d-9278-9200c7f7e815/Java 8]   |  T E S T S
[7c9bbbeb-cad4-476d-9278-9200c7f7e815/Java 8]   | -------------------------------------------------------
[7c9bbbeb-cad4-476d-9278-9200c7f7e815/Java 8]   | Running org.mozilla.universalchardet.GB18030SMFalsePositiveTest
[7c9bbbeb-cad4-476d-9278-9200c7f7e815/Java 8]   | Tests run: 2, Failures: 2, Errors: 0, Skipped: 0, Time elapsed: 0.088 sec <<< FAILURE!
[7c9bbbeb-cad4-476d-9278-9200c7f7e815/Java 8]   | testFalsePositiveBug9(org.mozilla.universalchardet.GB18030SMFalsePositiveTest)  Time elapsed: 0.045 sec  <<< FAILURE!
[7c9bbbeb-cad4-476d-9278-9200c7f7e815/Java 8]   | org.junit.ComparisonFailure: expected:<[WINDOWS-1252]> but was:<[GB18030]>
[7c9bbbeb-cad4-476d-9278-9200c7f7e815/Java 8]   | 	at org.junit.Assert.assertEquals(Assert.java:115)
[7c9bbbeb-cad4-476d-9278-9200c7f7e815/Java 8]   | 	at org.junit.Assert.assertEquals(Assert.java:144)
[7c9bbbeb-cad4-476d-9278-9200c7f7e815/Java 8]   | 	at org.mozilla.universalchardet.GB18030SMFalsePositiveTest.testFalsePositiveBug9(GB18030SMFalsePositiveTest.java:47)
[7c9bbbeb-cad4-476d-9278-9200c7f7e815/Java 8]   | 	at sun.reflect.NativeMethodAccessorImpl.invoke0(Native Method)
[7c9bbbeb-cad4-476d-9278-9200c7f7e815/Java 8]   | 	at sun.reflect.NativeMethodAccessorImpl.invoke(NativeMethodAccessorImpl.java:62)
[7c9bbbeb-cad4-476d-9278-9200c7f7e815/Java 8]   | 	at sun.reflect.DelegatingMethodAccessorImpl.invoke(DelegatingMethodAccessorImpl.java:43)
[7c9bbbeb-cad4-476d-9278-9200c7f7e815/Java 8]   | 	at java.lang.reflect.Method.invoke(Method.java:498)
[7c9bbbeb-cad4-476d-9278-9200c7f7e815/Java 8]   | 	at org.junit.runners.model.FrameworkMethod$1.runReflectiveCall(FrameworkMethod.java:50)
[7c9bbbeb-cad4-476d-9278-9200c7f7e815/Java 8]   | 	at org.junit.internal.runners.model.ReflectiveCallable.run(ReflectiveCallable.java:12)
[7c9bbbeb-cad4-476d-9278-9200c7f7e815/Java 8]   | 	at org.junit.runners.model.FrameworkMethod.invokeExplosively(FrameworkMethod.java:47)
[7c9bbbeb-cad4-476d-9278-9200c7f7e815/Java 8]   | 	at org.junit.internal.runners.statements.InvokeMethod.evaluate(InvokeMethod.java:17)
[7c9bbbeb-cad4-476d-9278-9200c7f7e815/Java 8]   | 	at org.junit.runners.ParentRunner.runLeaf(ParentRunner.java:325)
[7c9bbbeb-cad4-476d-9278-9200c7f7e815/Java 8]   | 	at org.junit.runners.BlockJUnit4ClassRunner.runChild(BlockJUnit4ClassRunner.java:78)
[7c9bbbeb-cad4-476d-9278-9200c7f7e815/Java 8]   | 	at org.junit.runners.BlockJUnit4ClassRunner.runChild(BlockJUnit4ClassRunner.java:57)
[7c9bbbeb-cad4-476d-9278-9200c7f7e815/Java 8]   | 	at org.junit.runners.ParentRunner$3.run(ParentRunner.java:290)
[7c9bbbeb-cad4-476d-9278-9200c7f7e815/Java 8]   | 	at org.junit.runners.ParentRunner$1.schedule(ParentRunner.java:71)
[7c9bbbeb-cad4-476d-9278-9200c7f7e815/Java 8]   | 	at org.junit.runners.ParentRunner.runChildren(ParentRunner.java:288)
[7c9bbbeb-cad4-476d-9278-9200c7f7e815/Java 8]   | 	at org.junit.runners.ParentRunner.access$000(ParentRunner.java:58)
[7c9bbbeb-cad4-476d-9278-9200c7f7e815/Java 8]   | 	at org.junit.runners.ParentRunner$2.evaluate(ParentRunner.java:268)
[7c9bbbeb-cad4-476d-9278-9200c7f7e815/Java 8]   | 	at org.junit.runners.ParentRunner.run(ParentRunner.java:363)
[7c9bbbeb-cad4-476d-9278-9200c7f7e815/Java 8]   | 	at org.apache.maven.surefire.junit4.JUnit4Provider.execute(JUnit4Provider.java:252)
[7c9bbbeb-cad4-476d-9278-9200c7f7e815/Java 8]   | 	at org.apache.maven.surefire.junit4.JUnit4Provider.executeTestSet(JUnit4Provider.java:141)
[7c9bbbeb-cad4-476d-9278-9200c7f7e815/Java 8]   | 	at org.apache.maven.surefire.junit4.JUnit4Provider.invoke(JUnit4Provider.java:112)
[7c9bbbeb-cad4-476d-9278-9200c7f7e815/Java 8]   | 	at sun.reflect.NativeMethodAccessorImpl.invoke0(Native Method)
[7c9bbbeb-cad4-476d-9278-9200c7f7e815/Java 8]   | 	at sun.reflect.NativeMethodAccessorImpl.invoke(NativeMethodAccessorImpl.java:62)
[7c9bbbeb-cad4-476d-9278-9200c7f7e815/Java 8]   | 	at sun.reflect.DelegatingMethodAccessorImpl.invoke(DelegatingMethodAccessorImpl.java:43)
[7c9bbbeb-cad4-476d-9278-9200c7f7e815/Java 8]   | 	at java.lang.reflect.Method.invoke(Method.java:498)
[7c9bbbeb-cad4-476d-9278-9200c7f7e815/Java 8]   | 	at org.apache.maven.surefire.util.ReflectionUtils.invokeMethodWithArray(ReflectionUtils.java:189)
[7c9bbbeb-cad4-476d-9278-9200c7f7e815/Java 8]   | 	at org.apache.maven.surefire.booter.ProviderFactory$ProviderProxy.invoke(ProviderFactory.java:165)
[7c9bbbeb-cad4-476d-9278-9200c7f7e815/Java 8]   | 	at org.apache.maven.surefire.booter.ProviderFactory.invokeProvider(ProviderFactory.java:85)
[7c9bbbeb-cad4-476d-9278-9200c7f7e815/Java 8]   | 	at org.apache.maven.surefire.booter.ForkedBooter.runSuitesInProcess(ForkedBooter.java:115)
[7c9bbbeb-cad4-476d-9278-9200c7f7e815/Java 8]   | 	at org.apache.maven.surefire.booter.ForkedBooter.main(ForkedBooter.java:75)
[7c9bbbeb-cad4-476d-9278-9200c7f7e815/Java 8]   | 
[7c9bbbeb-cad4-476d-9278-9200c7f7e815/Java 8]   | testFalsePositiveBug11(org.mozilla.universalchardet.GB18030SMFalsePositiveTest)  Time elapsed: 0.004 sec  <<< FAILURE!
[7c9bbbeb-cad4-476d-9278-9200c7f7e815/Java 8]   | org.junit.ComparisonFailure: expected:<[WINDOWS-1252]> but was:<[GB18030]>
[7c9bbbeb-cad4-476d-9278-9200c7f7e815/Java 8]   | 	at org.junit.Assert.assertEquals(Assert.java:115)
[7c9bbbeb-cad4-476d-9278-9200c7f7e815/Java 8]   | 	at org.junit.Assert.assertEquals(Assert.java:144)
[7c9bbbeb-cad4-476d-9278-9200c7f7e815/Java 8]   | 	at org.mozilla.universalchardet.GB18030SMFalsePositiveTest.testFalsePositiveBug11(GB18030SMFalsePositiveTest.java:32)
[7c9bbbeb-cad4-476d-9278-9200c7f7e815/Java 8]   | 	at sun.reflect.NativeMethodAccessorImpl.invoke0(Native Method)
[7c9bbbeb-cad4-476d-9278-9200c7f7e815/Java 8]   | 	at sun.reflect.NativeMethodAccessorImpl.invoke(NativeMethodAccessorImpl.java:62)
[7c9bbbeb-cad4-476d-9278-9200c7f7e815/Java 8]   | 	at sun.reflect.DelegatingMethodAccessorImpl.invoke(DelegatingMethodAccessorImpl.java:43)
[7c9bbbeb-cad4-476d-9278-9200c7f7e815/Java 8]   | 	at java.lang.reflect.Method.invoke(Method.java:498)
[7c9bbbeb-cad4-476d-9278-9200c7f7e815/Java 8]   | 	at org.junit.runners.model.FrameworkMethod$1.runReflectiveCall(FrameworkMethod.java:50)
[7c9bbbeb-cad4-476d-9278-9200c7f7e815/Java 8]   | 	at org.junit.internal.runners.model.ReflectiveCallable.run(ReflectiveCallable.java:12)
[7c9bbbeb-cad4-476d-9278-9200c7f7e815/Java 8]   | 	at org.junit.runners.model.FrameworkMethod.invokeExplosively(FrameworkMethod.java:47)
[7c9bbbeb-cad4-476d-9278-9200c7f7e815/Java 8]   | 	at org.junit.internal.runners.statements.InvokeMethod.evaluate(InvokeMethod.java:17)
[7c9bbbeb-cad4-476d-9278-9200c7f7e815/Java 8]   | 	at org.junit.runners.ParentRunner.runLeaf(ParentRunner.java:325)
[7c9bbbeb-cad4-476d-9278-9200c7f7e815/Java 8]   | 	at org.junit.runners.BlockJUnit4ClassRunner.runChild(BlockJUnit4ClassRunner.java:78)
[7c9bbbeb-cad4-476d-9278-9200c7f7e815/Java 8]   | 	at org.junit.runners.BlockJUnit4ClassRunner.runChild(BlockJUnit4ClassRunner.java:57)
[7c9bbbeb-cad4-476d-9278-9200c7f7e815/Java 8]   | 	at org.junit.runners.ParentRunner$3.run(ParentRunner.java:290)
[7c9bbbeb-cad4-476d-9278-9200c7f7e815/Java 8]   | 	at org.junit.runners.ParentRunner$1.schedule(ParentRunner.java:71)
[7c9bbbeb-cad4-476d-9278-9200c7f7e815/Java 8]   | 	at org.junit.runners.ParentRunner.runChildren(ParentRunner.java:288)
[7c9bbbeb-cad4-476d-9278-9200c7f7e815/Java 8]   | 	at org.junit.runners.ParentRunner.access$000(ParentRunner.java:58)
[7c9bbbeb-cad4-476d-9278-9200c7f7e815/Java 8]   | 	at org.junit.runners.ParentRunner$2.evaluate(ParentRunner.java:268)
[7c9bbbeb-cad4-476d-9278-9200c7f7e815/Java 8]   | 	at org.junit.runners.ParentRunner.run(ParentRunner.java:363)
[7c9bbbeb-cad4-476d-9278-9200c7f7e815/Java 8]   | 	at org.apache.maven.surefire.junit4.JUnit4Provider.execute(JUnit4Provider.java:252)
[7c9bbbeb-cad4-476d-9278-9200c7f7e815/Java 8]   | 	at org.apache.maven.surefire.junit4.JUnit4Provider.executeTestSet(JUnit4Provider.java:141)
[7c9bbbeb-cad4-476d-9278-9200c7f7e815/Java 8]   | 	at org.apache.maven.surefire.junit4.JUnit4Provider.invoke(JUnit4Provider.java:112)
[7c9bbbeb-cad4-476d-9278-9200c7f7e815/Java 8]   | 	at sun.reflect.NativeMethodAccessorImpl.invoke0(Native Method)
[7c9bbbeb-cad4-476d-9278-9200c7f7e815/Java 8]   | 	at sun.reflect.NativeMethodAccessorImpl.invoke(NativeMethodAccessorImpl.java:62)
[7c9bbbeb-cad4-476d-9278-9200c7f7e815/Java 8]   | 	at sun.reflect.DelegatingMethodAccessorImpl.invoke(DelegatingMethodAccessorImpl.java:43)
[7c9bbbeb-cad4-476d-9278-9200c7f7e815/Java 8]   | 	at java.lang.reflect.Method.invoke(Method.java:498)
[7c9bbbeb-cad4-476d-9278-9200c7f7e815/Java 8]   | 	at org.apache.maven.surefire.util.ReflectionUtils.invokeMethodWithArray(ReflectionUtils.java:189)
[7c9bbbeb-cad4-476d-9278-9200c7f7e815/Java 8]   | 	at org.apache.maven.surefire.booter.ProviderFactory$ProviderProxy.invoke(ProviderFactory.java:165)
[7c9bbbeb-cad4-476d-9278-9200c7f7e815/Java 8]   | 	at org.apache.maven.surefire.booter.ProviderFactory.invokeProvider(ProviderFactory.java:85)
[7c9bbbeb-cad4-476d-9278-9200c7f7e815/Java 8]   | 	at org.apache.maven.surefire.booter.ForkedBooter.runSuitesInProcess(ForkedBooter.java:115)
[7c9bbbeb-cad4-476d-9278-9200c7f7e815/Java 8]   | 	at org.apache.maven.surefire.booter.ForkedBooter.main(ForkedBooter.java:75)
[7c9bbbeb-cad4-476d-9278-9200c7f7e815/Java 8]   | 
[7c9bbbeb-cad4-476d-9278-9200c7f7e815/Java 8]   | Running org.mozilla.universalchardet.TIS620BasicTest
[7c9bbbeb-cad4-476d-9278-9200c7f7e815/Java 8]   | Tests run: 1, Failures: 0, Errors: 0, Skipped: 0, Time elapsed: 0.001 sec
[7c9bbbeb-cad4-476d-9278-9200c7f7e815/Java 8]   | Running org.mozilla.universalchardet.BasicFileEncodingDetectionTest
[7c9bbbeb-cad4-476d-9278-9200c7f7e815/Java 8]   | Tests run: 6, Failures: 0, Errors: 0, Skipped: 0, Time elapsed: 0.001 sec
[7c9bbbeb-cad4-476d-9278-9200c7f7e815/Java 8]   | Running org.mozilla.universalchardet.Bug20LatinDetectedAsMaccyrillicTest
[7c9bbbeb-cad4-476d-9278-9200c7f7e815/Java 8]   | Tests run: 3, Failures: 0, Errors: 0, Skipped: 2, Time elapsed: 0 sec
[7c9bbbeb-cad4-476d-9278-9200c7f7e815/Java 8]   | Running org.mozilla.universalchardet.BasicStreamEncodingDetectionTest
[7c9bbbeb-cad4-476d-9278-9200c7f7e815/Java 8]   | Tests run: 6, Failures: 0, Errors: 0, Skipped: 0, Time elapsed: 0.001 sec
[7c9bbbeb-cad4-476d-9278-9200c7f7e815/Java 8]   | Running org.mozilla.universalchardet.prober.statemachine.PkgIntTest
[7c9bbbeb-cad4-476d-9278-9200c7f7e815/Java 8]   | Tests run: 1, Failures: 0, Errors: 0, Skipped: 0, Time elapsed: 0 sec
[7c9bbbeb-cad4-476d-9278-9200c7f7e815/Java 8]   | 
[7c9bbbeb-cad4-476d-9278-9200c7f7e815/Java 8]   | Results :
[7c9bbbeb-cad4-476d-9278-9200c7f7e815/Java 8]   | 
[7c9bbbeb-cad4-476d-9278-9200c7f7e815/Java 8]   | Failed tests:   testFalsePositiveBug9(org.mozilla.universalchardet.GB18030SMFalsePositiveTest): expected:<[WINDOWS-1252]> but was:<[GB18030]>
[7c9bbbeb-cad4-476d-9278-9200c7f7e815/Java 8]   |   testFalsePositiveBug11(org.mozilla.universalchardet.GB18030SMFalsePositiveTest): expected:<[WINDOWS-1252]> but was:<[GB18030]>
[7c9bbbeb-cad4-476d-9278-9200c7f7e815/Java 8]   | 
[7c9bbbeb-cad4-476d-9278-9200c7f7e815/Java 8]   | Tests run: 19, Failures: 2, Errors: 0, Skipped: 2
[7c9bbbeb-cad4-476d-9278-9200c7f7e815/Java 8]   | 
[7c9bbbeb-cad4-476d-9278-9200c7f7e815/Java 8]   | [INFO] ------------------------------------------------------------------------
[7c9bbbeb-cad4-476d-9278-9200c7f7e815/Java 8]   | [INFO] BUILD FAILURE
[7c9bbbeb-cad4-476d-9278-9200c7f7e815/Java 8]   | [INFO] ------------------------------------------------------------------------
[7c9bbbeb-cad4-476d-9278-9200c7f7e815/Java 8]   | [INFO] Total time:  12.485 s
[7c9bbbeb-cad4-476d-9278-9200c7f7e815/Java 8]   | [INFO] Finished at: 2023-07-11T22:46:28Z
[7c9bbbeb-cad4-476d-9278-9200c7f7e815/Java 8]   | [INFO] ------------------------------------------------------------------------
[7c9bbbeb-cad4-476d-9278-9200c7f7e815/Java 8]   | [ERROR] Failed to execute goal org.apache.maven.plugins:maven-surefire-plugin:2.12.4:test (default-test) on project juniversalchardet: There are test failures.
[7c9bbbeb-cad4-476d-9278-9200c7f7e815/Java 8]   | [ERROR] 
[7c9bbbeb-cad4-476d-9278-9200c7f7e815/Java 8]   | [ERROR] Please refer to /tmp/b955085e-1dea-4c49-b7a7-978fcfcec972/target/surefire-reports for the individual test results.
[7c9bbbeb-cad4-476d-9278-9200c7f7e815/Java 8]   | [ERROR] -> [Help 1]
[7c9bbbeb-cad4-476d-9278-9200c7f7e815/Java 8]   | [ERROR] 
[7c9bbbeb-cad4-476d-9278-9200c7f7e815/Java 8]   | [ERROR] To see the full stack trace of the errors, re-run Maven with the -e switch.
[7c9bbbeb-cad4-476d-9278-9200c7f7e815/Java 8]   | [ERROR] Re-run Maven using the -X switch to enable full debug logging.
[7c9bbbeb-cad4-476d-9278-9200c7f7e815/Java 8]   | [ERROR] 
[7c9bbbeb-cad4-476d-9278-9200c7f7e815/Java 8]   | [ERROR] For more information about the errors and possible solutions, please read the following articles:
[7c9bbbeb-cad4-476d-9278-9200c7f7e815/Java 8]   | [ERROR] [Help 1] http://cwiki.apache.org/confluence/display/MAVEN/MojoFailureException
[7c9bbbeb-cad4-476d-9278-9200c7f7e815/Java 8]   ‚ùå  Failure - Main Build with Maven
[7c9bbbeb-cad4-476d-9278-9200c7f7e815/Java 8] exitcode '1': failure
[7c9bbbeb-cad4-476d-9278-9200c7f7e815/Java 8] unable to get git ref: failed to identify reference (tag/branch) for the checked-out revision '03d4351f77060e65d9f588191957b0847363220e'
[7c9bbbeb-cad4-476d-9278-9200c7f7e815/Java 8] unable to get git ref: failed to identify reference (tag/branch) for the checked-out revision '03d4351f77060e65d9f588191957b0847363220e'
[7c9bbbeb-cad4-476d-9278-9200c7f7e815/Java 8] unable to get git ref: failed to identify reference (tag/branch) for the checked-out revision '03d4351f77060e65d9f588191957b0847363220e'
[7c9bbbeb-cad4-476d-9278-9200c7f7e815/Java 8] unable to get git ref: failed to identify reference (tag/branch) for the checked-out revision '03d4351f77060e65d9f588191957b0847363220e'
[7c9bbbeb-cad4-476d-9278-9200c7f7e815/Java 8] unable to get git ref: failed to identify reference (tag/branch) for the checked-out revision '03d4351f77060e65d9f588191957b0847363220e'
[7c9bbbeb-cad4-476d-9278-9200c7f7e815/Java 8] ‚≠ê Run Post Setup java
[7c9bbbeb-cad4-476d-9278-9200c7f7e815/Java 8]   üê≥  docker exec cmd=[node /var/run/act/actions/actions-setup-java@v1/dist/cleanup/index.js] user= workdir=
[7c9bbbeb-cad4-476d-9278-9200c7f7e815/Java 8]   ‚úÖ  Success - Post Setup java
[7c9bbbeb-cad4-476d-9278-9200c7f7e815/Java 8] üèÅ  Job failed
[7c9bbbeb-cad4-476d-9278-9200c7f7e815/Java 8] unable to get git ref: failed to identify reference (tag/branch) for the checked-out revision '03d4351f77060e65d9f588191957b0847363220e'
