[e7d95e7d-9ca2-453d-a7c4-a5a8809b8f6f/build] üöÄ  Start image=crawlergpt:latest
[e7d95e7d-9ca2-453d-a7c4-a5a8809b8f6f/build]   üê≥  docker pull image=crawlergpt:latest platform= username= forcePull=false
[e7d95e7d-9ca2-453d-a7c4-a5a8809b8f6f/build]   üê≥  docker create image=crawlergpt:latest platform= entrypoint=["tail" "-f" "/dev/null"] cmd=[]
[e7d95e7d-9ca2-453d-a7c4-a5a8809b8f6f/build]   üê≥  docker run image=crawlergpt:latest platform= entrypoint=["tail" "-f" "/dev/null"] cmd=[]
[e7d95e7d-9ca2-453d-a7c4-a5a8809b8f6f/build]   üê≥  docker exec cmd=[chown -R 1012:1013 /tmp/a338f13a-7465-43af-bca6-b15bf96f1c07] user=0 workdir=
[e7d95e7d-9ca2-453d-a7c4-a5a8809b8f6f/build] unable to get git ref: failed to identify reference (tag/branch) for the checked-out revision 'e5c38d6b803deaad93f4238ca2277c1863fae0e7'
[e7d95e7d-9ca2-453d-a7c4-a5a8809b8f6f/build] unable to get git ref: failed to identify reference (tag/branch) for the checked-out revision 'e5c38d6b803deaad93f4238ca2277c1863fae0e7'
[e7d95e7d-9ca2-453d-a7c4-a5a8809b8f6f/build] unable to get git ref: failed to identify reference (tag/branch) for the checked-out revision 'e5c38d6b803deaad93f4238ca2277c1863fae0e7'
[e7d95e7d-9ca2-453d-a7c4-a5a8809b8f6f/build] unable to get git ref: failed to identify reference (tag/branch) for the checked-out revision 'e5c38d6b803deaad93f4238ca2277c1863fae0e7'
[e7d95e7d-9ca2-453d-a7c4-a5a8809b8f6f/build] unable to get git ref: failed to identify reference (tag/branch) for the checked-out revision 'e5c38d6b803deaad93f4238ca2277c1863fae0e7'
[e7d95e7d-9ca2-453d-a7c4-a5a8809b8f6f/build] unable to get git ref: failed to identify reference (tag/branch) for the checked-out revision 'e5c38d6b803deaad93f4238ca2277c1863fae0e7'
[e7d95e7d-9ca2-453d-a7c4-a5a8809b8f6f/build] unable to get git ref: failed to identify reference (tag/branch) for the checked-out revision 'e5c38d6b803deaad93f4238ca2277c1863fae0e7'
[e7d95e7d-9ca2-453d-a7c4-a5a8809b8f6f/build] unable to get git ref: failed to identify reference (tag/branch) for the checked-out revision 'e5c38d6b803deaad93f4238ca2277c1863fae0e7'
[e7d95e7d-9ca2-453d-a7c4-a5a8809b8f6f/build] unable to get git ref: failed to identify reference (tag/branch) for the checked-out revision 'e5c38d6b803deaad93f4238ca2277c1863fae0e7'
[e7d95e7d-9ca2-453d-a7c4-a5a8809b8f6f/build] ‚≠ê Run Main actions/checkout@v2
[e7d95e7d-9ca2-453d-a7c4-a5a8809b8f6f/build] unable to get git ref: failed to identify reference (tag/branch) for the checked-out revision 'e5c38d6b803deaad93f4238ca2277c1863fae0e7'
[e7d95e7d-9ca2-453d-a7c4-a5a8809b8f6f/build]   ‚úÖ  Success - Main actions/checkout@v2
[e7d95e7d-9ca2-453d-a7c4-a5a8809b8f6f/build] unable to get git ref: failed to identify reference (tag/branch) for the checked-out revision 'e5c38d6b803deaad93f4238ca2277c1863fae0e7'
[e7d95e7d-9ca2-453d-a7c4-a5a8809b8f6f/build] unable to get git ref: failed to identify reference (tag/branch) for the checked-out revision 'e5c38d6b803deaad93f4238ca2277c1863fae0e7'
[e7d95e7d-9ca2-453d-a7c4-a5a8809b8f6f/build] unable to get git ref: failed to identify reference (tag/branch) for the checked-out revision 'e5c38d6b803deaad93f4238ca2277c1863fae0e7'
[e7d95e7d-9ca2-453d-a7c4-a5a8809b8f6f/build] unable to get git ref: failed to identify reference (tag/branch) for the checked-out revision 'e5c38d6b803deaad93f4238ca2277c1863fae0e7'
[e7d95e7d-9ca2-453d-a7c4-a5a8809b8f6f/build] unable to get git ref: failed to identify reference (tag/branch) for the checked-out revision 'e5c38d6b803deaad93f4238ca2277c1863fae0e7'
[e7d95e7d-9ca2-453d-a7c4-a5a8809b8f6f/build] ‚≠ê Run Main Set up JDK 11
[e7d95e7d-9ca2-453d-a7c4-a5a8809b8f6f/build] unable to get git ref: failed to identify reference (tag/branch) for the checked-out revision 'e5c38d6b803deaad93f4238ca2277c1863fae0e7'
[e7d95e7d-9ca2-453d-a7c4-a5a8809b8f6f/build] unable to get git ref: failed to identify reference (tag/branch) for the checked-out revision 'e5c38d6b803deaad93f4238ca2277c1863fae0e7'
[e7d95e7d-9ca2-453d-a7c4-a5a8809b8f6f/build] unable to get git ref: failed to identify reference (tag/branch) for the checked-out revision 'e5c38d6b803deaad93f4238ca2277c1863fae0e7'
[e7d95e7d-9ca2-453d-a7c4-a5a8809b8f6f/build]   üê≥  docker cp src=/tmp/act-cache/4b8208eb-0cc3-43a1-b841-f1b26e7acae7/act/actions-setup-java@v1/ dst=/var/run/act/actions/actions-setup-java@v1/
[e7d95e7d-9ca2-453d-a7c4-a5a8809b8f6f/build]   üê≥  docker exec cmd=[chown -R 1012:1013 /var/run/act/actions/actions-setup-java@v1/] user=0 workdir=
[e7d95e7d-9ca2-453d-a7c4-a5a8809b8f6f/build]   üê≥  docker exec cmd=[node /var/run/act/actions/actions-setup-java@v1/dist/setup/index.js] user= workdir=
[e7d95e7d-9ca2-453d-a7c4-a5a8809b8f6f/build]   üí¨  ::debug::isExplicit: 
[e7d95e7d-9ca2-453d-a7c4-a5a8809b8f6f/build]   üí¨  ::debug::explicit? false
[e7d95e7d-9ca2-453d-a7c4-a5a8809b8f6f/build]   üí¨  ::debug::evaluating 0 versions
[e7d95e7d-9ca2-453d-a7c4-a5a8809b8f6f/build]   üí¨  ::debug::match not found
[e7d95e7d-9ca2-453d-a7c4-a5a8809b8f6f/build]   üí¨  ::debug::Downloading JDK from Azul
[e7d95e7d-9ca2-453d-a7c4-a5a8809b8f6f/build]   üí¨  ::debug::Searching for files with extension: -linux_x64.tar.gz
[e7d95e7d-9ca2-453d-a7c4-a5a8809b8f6f/build]   üí¨  ::debug::Downloading https://static.azul.com/zulu/bin/zulu11.64.19-ca-jdk11.0.19-linux_x64.tar.gz
[e7d95e7d-9ca2-453d-a7c4-a5a8809b8f6f/build]   üí¨  ::debug::Downloading /tmp/01de5f36-d8a6-4d0c-a550-94656b360835
[e7d95e7d-9ca2-453d-a7c4-a5a8809b8f6f/build]   üí¨  ::debug::download complete
[e7d95e7d-9ca2-453d-a7c4-a5a8809b8f6f/build]   | [command]/usr/bin/tar --version
[e7d95e7d-9ca2-453d-a7c4-a5a8809b8f6f/build]   | tar (GNU tar) 1.30
[e7d95e7d-9ca2-453d-a7c4-a5a8809b8f6f/build]   | Copyright (C) 2017 Free Software Foundation, Inc.
[e7d95e7d-9ca2-453d-a7c4-a5a8809b8f6f/build]   | License GPLv3+: GNU GPL version 3 or later <https://gnu.org/licenses/gpl.html>.
[e7d95e7d-9ca2-453d-a7c4-a5a8809b8f6f/build]   | This is free software: you are free to change and redistribute it.
[e7d95e7d-9ca2-453d-a7c4-a5a8809b8f6f/build]   | There is NO WARRANTY, to the extent permitted by law.
[e7d95e7d-9ca2-453d-a7c4-a5a8809b8f6f/build]   | 
[e7d95e7d-9ca2-453d-a7c4-a5a8809b8f6f/build]   | Written by John Gilmore and Jay Fenlason.
[e7d95e7d-9ca2-453d-a7c4-a5a8809b8f6f/build]   | [command]/usr/bin/tar xz --warning=no-unknown-keyword -C /tmp/temp_655017335 -f /tmp/01de5f36-d8a6-4d0c-a550-94656b360835
[e7d95e7d-9ca2-453d-a7c4-a5a8809b8f6f/build]   üí¨  ::debug::jdk extracted to /tmp/temp_655017335/zulu11.64.19-ca-jdk11.0.19-linux_x64
[e7d95e7d-9ca2-453d-a7c4-a5a8809b8f6f/build]   üí¨  ::debug::Caching tool jdk 11.0.19 x64
[e7d95e7d-9ca2-453d-a7c4-a5a8809b8f6f/build]   üí¨  ::debug::source dir: /tmp/temp_655017335/zulu11.64.19-ca-jdk11.0.19-linux_x64
[e7d95e7d-9ca2-453d-a7c4-a5a8809b8f6f/build]   üí¨  ::debug::destination /opt/hostedtoolcache/jdk/11.0.19/x64
[e7d95e7d-9ca2-453d-a7c4-a5a8809b8f6f/build]   üí¨  ::debug::finished caching tool
[e7d95e7d-9ca2-453d-a7c4-a5a8809b8f6f/build]   ‚ùì add-matcher /run/act/actions/actions-setup-java@v1/.github/java.json
[e7d95e7d-9ca2-453d-a7c4-a5a8809b8f6f/build]   | creating settings.xml with server-id: github; environment variables: username=$GITHUB_ACTOR, password=$GITHUB_TOKEN, and gpg-passphrase=null
[e7d95e7d-9ca2-453d-a7c4-a5a8809b8f6f/build]   üí¨  ::debug::created directory /home/runneradmin/.m2
[e7d95e7d-9ca2-453d-a7c4-a5a8809b8f6f/build]   | writing /home/runneradmin/.m2/settings.xml
[e7d95e7d-9ca2-453d-a7c4-a5a8809b8f6f/build]   ‚úÖ  Success - Main Set up JDK 11
[e7d95e7d-9ca2-453d-a7c4-a5a8809b8f6f/build]   ‚öô  ::set-env:: JAVA_HOME_11.0.19_x64=/opt/hostedtoolcache/jdk/11.0.19/x64
[e7d95e7d-9ca2-453d-a7c4-a5a8809b8f6f/build]   ‚öô  ::set-env:: JAVA_HOME=/opt/hostedtoolcache/jdk/11.0.19/x64
[e7d95e7d-9ca2-453d-a7c4-a5a8809b8f6f/build]   ‚öô  ::set-env:: JAVA_HOME_11_0_19_X64=/opt/hostedtoolcache/jdk/11.0.19/x64
[e7d95e7d-9ca2-453d-a7c4-a5a8809b8f6f/build]   ‚öô  ::set-output:: path=/opt/hostedtoolcache/jdk/11.0.19/x64
[e7d95e7d-9ca2-453d-a7c4-a5a8809b8f6f/build]   ‚öô  ::set-output:: version=11.0.19
[e7d95e7d-9ca2-453d-a7c4-a5a8809b8f6f/build]   ‚öô  ::add-path:: /opt/hostedtoolcache/jdk/11.0.19/x64/bin
[e7d95e7d-9ca2-453d-a7c4-a5a8809b8f6f/build] unable to get git ref: failed to identify reference (tag/branch) for the checked-out revision 'e5c38d6b803deaad93f4238ca2277c1863fae0e7'
[e7d95e7d-9ca2-453d-a7c4-a5a8809b8f6f/build] unable to get git ref: failed to identify reference (tag/branch) for the checked-out revision 'e5c38d6b803deaad93f4238ca2277c1863fae0e7'
[e7d95e7d-9ca2-453d-a7c4-a5a8809b8f6f/build] unable to get git ref: failed to identify reference (tag/branch) for the checked-out revision 'e5c38d6b803deaad93f4238ca2277c1863fae0e7'
[e7d95e7d-9ca2-453d-a7c4-a5a8809b8f6f/build] unable to get git ref: failed to identify reference (tag/branch) for the checked-out revision 'e5c38d6b803deaad93f4238ca2277c1863fae0e7'
[e7d95e7d-9ca2-453d-a7c4-a5a8809b8f6f/build] unable to get git ref: failed to identify reference (tag/branch) for the checked-out revision 'e5c38d6b803deaad93f4238ca2277c1863fae0e7'
[e7d95e7d-9ca2-453d-a7c4-a5a8809b8f6f/build] ‚≠ê Run Main Build with Maven
[e7d95e7d-9ca2-453d-a7c4-a5a8809b8f6f/build] unable to get git ref: failed to identify reference (tag/branch) for the checked-out revision 'e5c38d6b803deaad93f4238ca2277c1863fae0e7'
[e7d95e7d-9ca2-453d-a7c4-a5a8809b8f6f/build] unable to get git ref: failed to identify reference (tag/branch) for the checked-out revision 'e5c38d6b803deaad93f4238ca2277c1863fae0e7'
[e7d95e7d-9ca2-453d-a7c4-a5a8809b8f6f/build] unable to get git ref: failed to identify reference (tag/branch) for the checked-out revision 'e5c38d6b803deaad93f4238ca2277c1863fae0e7'
[e7d95e7d-9ca2-453d-a7c4-a5a8809b8f6f/build] unable to get git ref: failed to identify reference (tag/branch) for the checked-out revision 'e5c38d6b803deaad93f4238ca2277c1863fae0e7'
[e7d95e7d-9ca2-453d-a7c4-a5a8809b8f6f/build]   üê≥  docker exec cmd=[bash --noprofile --norc -e -o pipefail /var/run/act/workflow/2] user= workdir=
[e7d95e7d-9ca2-453d-a7c4-a5a8809b8f6f/build]   | [INFO] Scanning for projects...
[e7d95e7d-9ca2-453d-a7c4-a5a8809b8f6f/build]   | [INFO] 
[e7d95e7d-9ca2-453d-a7c4-a5a8809b8f6f/build]   | [INFO] ------------------------< net.nodebox:nodebox >-------------------------
[e7d95e7d-9ca2-453d-a7c4-a5a8809b8f6f/build]   | [INFO] Building NodeBox 3.0-SNAPSHOT
[e7d95e7d-9ca2-453d-a7c4-a5a8809b8f6f/build]   | [INFO] --------------------------------[ jar ]---------------------------------
[e7d95e7d-9ca2-453d-a7c4-a5a8809b8f6f/build]   | [INFO] Downloading from central: https://repo.maven.apache.org/maven2/org/apache/maven/plugins/maven-resources-plugin/2.6/maven-resources-plugin-2.6.pom
[e7d95e7d-9ca2-453d-a7c4-a5a8809b8f6f/build]   | [INFO] Downloaded from central: https://repo.maven.apache.org/maven2/org/apache/maven/plugins/maven-resources-plugin/2.6/maven-resources-plugin-2.6.pom (8.1 kB at 24 kB/s)
[e7d95e7d-9ca2-453d-a7c4-a5a8809b8f6f/build]   | [INFO] Downloading from central: https://repo.maven.apache.org/maven2/org/apache/maven/plugins/maven-plugins/23/maven-plugins-23.pom
[e7d95e7d-9ca2-453d-a7c4-a5a8809b8f6f/build]   | [INFO] Downloaded from central: https://repo.maven.apache.org/maven2/org/apache/maven/plugins/maven-plugins/23/maven-plugins-23.pom (9.2 kB at 541 kB/s)
[e7d95e7d-9ca2-453d-a7c4-a5a8809b8f6f/build]   | [INFO] Downloading from central: https://repo.maven.apache.org/maven2/org/apache/maven/maven-parent/22/maven-parent-22.pom
[e7d95e7d-9ca2-453d-a7c4-a5a8809b8f6f/build]   | [INFO] Downloaded from central: https://repo.maven.apache.org/maven2/org/apache/maven/maven-parent/22/maven-parent-22.pom (30 kB at 1.1 MB/s)
[e7d95e7d-9ca2-453d-a7c4-a5a8809b8f6f/build]   | [INFO] Downloading from central: https://repo.maven.apache.org/maven2/org/apache/apache/11/apache-11.pom
[e7d95e7d-9ca2-453d-a7c4-a5a8809b8f6f/build]   | [INFO] Downloaded from central: https://repo.maven.apache.org/maven2/org/apache/apache/11/apache-11.pom (15 kB at 511 kB/s)
[e7d95e7d-9ca2-453d-a7c4-a5a8809b8f6f/build]   | [INFO] Downloading from central: https://repo.maven.apache.org/maven2/org/apache/maven/plugins/maven-resources-plugin/2.6/maven-resources-plugin-2.6.jar
[e7d95e7d-9ca2-453d-a7c4-a5a8809b8f6f/build]   | [INFO] Downloaded from central: https://repo.maven.apache.org/maven2/org/apache/maven/plugins/maven-resources-plugin/2.6/maven-resources-plugin-2.6.jar (30 kB at 2.0 MB/s)
[e7d95e7d-9ca2-453d-a7c4-a5a8809b8f6f/build]   | [INFO] Downloading from central: https://repo.maven.apache.org/maven2/org/apache/maven/plugins/maven-compiler-plugin/2.5.1/maven-compiler-plugin-2.5.1.pom
[e7d95e7d-9ca2-453d-a7c4-a5a8809b8f6f/build]   | [INFO] Downloaded from central: https://repo.maven.apache.org/maven2/org/apache/maven/plugins/maven-compiler-plugin/2.5.1/maven-compiler-plugin-2.5.1.pom (7.9 kB at 610 kB/s)
[e7d95e7d-9ca2-453d-a7c4-a5a8809b8f6f/build]   | [INFO] Downloading from central: https://repo.maven.apache.org/maven2/org/apache/maven/plugins/maven-plugins/22/maven-plugins-22.pom
[e7d95e7d-9ca2-453d-a7c4-a5a8809b8f6f/build]   | [INFO] Downloaded from central: https://repo.maven.apache.org/maven2/org/apache/maven/plugins/maven-plugins/22/maven-plugins-22.pom (13 kB at 1.2 MB/s)
[e7d95e7d-9ca2-453d-a7c4-a5a8809b8f6f/build]   | [INFO] Downloading from central: https://repo.maven.apache.org/maven2/org/apache/maven/maven-parent/21/maven-parent-21.pom
[e7d95e7d-9ca2-453d-a7c4-a5a8809b8f6f/build]   | [INFO] Downloaded from central: https://repo.maven.apache.org/maven2/org/apache/maven/maven-parent/21/maven-parent-21.pom (26 kB at 1.8 MB/s)
[e7d95e7d-9ca2-453d-a7c4-a5a8809b8f6f/build]   | [INFO] Downloading from central: https://repo.maven.apache.org/maven2/org/apache/apache/10/apache-10.pom
[e7d95e7d-9ca2-453d-a7c4-a5a8809b8f6f/build]   | [INFO] Downloaded from central: https://repo.maven.apache.org/maven2/org/apache/apache/10/apache-10.pom (15 kB at 1.2 MB/s)
[e7d95e7d-9ca2-453d-a7c4-a5a8809b8f6f/build]   | [INFO] Downloading from central: https://repo.maven.apache.org/maven2/org/apache/maven/plugins/maven-compiler-plugin/2.5.1/maven-compiler-plugin-2.5.1.jar
[e7d95e7d-9ca2-453d-a7c4-a5a8809b8f6f/build]   | [INFO] Downloaded from central: https://repo.maven.apache.org/maven2/org/apache/maven/plugins/maven-compiler-plugin/2.5.1/maven-compiler-plugin-2.5.1.jar (33 kB at 3.0 MB/s)
[e7d95e7d-9ca2-453d-a7c4-a5a8809b8f6f/build]   | [INFO] Downloading from central: https://repo.maven.apache.org/maven2/org/apache/maven/plugins/maven-surefire-plugin/2.12.4/maven-surefire-plugin-2.12.4.pom
[e7d95e7d-9ca2-453d-a7c4-a5a8809b8f6f/build]   | [INFO] Downloaded from central: https://repo.maven.apache.org/maven2/org/apache/maven/plugins/maven-surefire-plugin/2.12.4/maven-surefire-plugin-2.12.4.pom (10 kB at 1.0 MB/s)
[e7d95e7d-9ca2-453d-a7c4-a5a8809b8f6f/build]   | [INFO] Downloading from central: https://repo.maven.apache.org/maven2/org/apache/maven/surefire/surefire/2.12.4/surefire-2.12.4.pom
[e7d95e7d-9ca2-453d-a7c4-a5a8809b8f6f/build]   | [INFO] Downloaded from central: https://repo.maven.apache.org/maven2/org/apache/maven/surefire/surefire/2.12.4/surefire-2.12.4.pom (14 kB at 862 kB/s)
[e7d95e7d-9ca2-453d-a7c4-a5a8809b8f6f/build]   | [INFO] Downloading from central: https://repo.maven.apache.org/maven2/org/apache/maven/plugins/maven-surefire-plugin/2.12.4/maven-surefire-plugin-2.12.4.jar
[e7d95e7d-9ca2-453d-a7c4-a5a8809b8f6f/build]   | [INFO] Downloaded from central: https://repo.maven.apache.org/maven2/org/apache/maven/plugins/maven-surefire-plugin/2.12.4/maven-surefire-plugin-2.12.4.jar (30 kB at 2.8 MB/s)
[e7d95e7d-9ca2-453d-a7c4-a5a8809b8f6f/build]   | [INFO] Downloading from central: https://repo.maven.apache.org/maven2/org/apache/maven/plugins/maven-jar-plugin/2.4/maven-jar-plugin-2.4.pom
[e7d95e7d-9ca2-453d-a7c4-a5a8809b8f6f/build]   | [INFO] Downloaded from central: https://repo.maven.apache.org/maven2/org/apache/maven/plugins/maven-jar-plugin/2.4/maven-jar-plugin-2.4.pom (5.8 kB at 486 kB/s)
[e7d95e7d-9ca2-453d-a7c4-a5a8809b8f6f/build]   | [INFO] Downloading from central: https://repo.maven.apache.org/maven2/org/apache/maven/plugins/maven-jar-plugin/2.4/maven-jar-plugin-2.4.jar
[e7d95e7d-9ca2-453d-a7c4-a5a8809b8f6f/build]   | [INFO] Downloaded from central: https://repo.maven.apache.org/maven2/org/apache/maven/plugins/maven-jar-plugin/2.4/maven-jar-plugin-2.4.jar (34 kB at 3.4 MB/s)
[e7d95e7d-9ca2-453d-a7c4-a5a8809b8f6f/build]   | [INFO] Downloading from central: https://repo.maven.apache.org/maven2/org/clojure/clojure/1.4.0/clojure-1.4.0.pom
[e7d95e7d-9ca2-453d-a7c4-a5a8809b8f6f/build]   | [INFO] Downloaded from central: https://repo.maven.apache.org/maven2/org/clojure/clojure/1.4.0/clojure-1.4.0.pom (5.4 kB at 493 kB/s)
[e7d95e7d-9ca2-453d-a7c4-a5a8809b8f6f/build]   | [INFO] Downloading from central: https://repo.maven.apache.org/maven2/org/sonatype/oss/oss-parent/5/oss-parent-5.pom
[e7d95e7d-9ca2-453d-a7c4-a5a8809b8f6f/build]   | [INFO] Downloaded from central: https://repo.maven.apache.org/maven2/org/sonatype/oss/oss-parent/5/oss-parent-5.pom (4.1 kB at 454 kB/s)
[e7d95e7d-9ca2-453d-a7c4-a5a8809b8f6f/build]   | [INFO] Downloading from central: https://repo.maven.apache.org/maven2/com/google/guava/guava/13.0.1/guava-13.0.1.pom
[e7d95e7d-9ca2-453d-a7c4-a5a8809b8f6f/build]   | [INFO] Downloaded from central: https://repo.maven.apache.org/maven2/com/google/guava/guava/13.0.1/guava-13.0.1.pom (5.3 kB at 594 kB/s)
[e7d95e7d-9ca2-453d-a7c4-a5a8809b8f6f/build]   | [INFO] Downloading from central: https://repo.maven.apache.org/maven2/com/google/guava/guava-parent/13.0.1/guava-parent-13.0.1.pom
[e7d95e7d-9ca2-453d-a7c4-a5a8809b8f6f/build]   | [INFO] Downloaded from central: https://repo.maven.apache.org/maven2/com/google/guava/guava-parent/13.0.1/guava-parent-13.0.1.pom (2.6 kB at 319 kB/s)
[e7d95e7d-9ca2-453d-a7c4-a5a8809b8f6f/build]   | [INFO] Downloading from central: https://repo.maven.apache.org/maven2/org/sonatype/oss/oss-parent/7/oss-parent-7.pom
[e7d95e7d-9ca2-453d-a7c4-a5a8809b8f6f/build]   | [INFO] Downloaded from central: https://repo.maven.apache.org/maven2/org/sonatype/oss/oss-parent/7/oss-parent-7.pom (4.8 kB at 536 kB/s)
[e7d95e7d-9ca2-453d-a7c4-a5a8809b8f6f/build]   | [INFO] Downloading from central: https://repo.maven.apache.org/maven2/com/itextpdf/itextpdf/5.3.2/itextpdf-5.3.2.pom
[e7d95e7d-9ca2-453d-a7c4-a5a8809b8f6f/build]   | [INFO] Downloaded from central: https://repo.maven.apache.org/maven2/com/itextpdf/itextpdf/5.3.2/itextpdf-5.3.2.pom (5.5 kB at 614 kB/s)
[e7d95e7d-9ca2-453d-a7c4-a5a8809b8f6f/build]   | [INFO] Downloading from central: https://repo.maven.apache.org/maven2/com/itextpdf/itext-parent/1.0.0/itext-parent-1.0.0.pom
[e7d95e7d-9ca2-453d-a7c4-a5a8809b8f6f/build]   | [INFO] Downloaded from central: https://repo.maven.apache.org/maven2/com/itextpdf/itext-parent/1.0.0/itext-parent-1.0.0.pom (3.6 kB at 451 kB/s)
[e7d95e7d-9ca2-453d-a7c4-a5a8809b8f6f/build]   | [INFO] Downloading from central: https://repo.maven.apache.org/maven2/net/java/dev/jna/jna/3.4.0/jna-3.4.0.pom
[e7d95e7d-9ca2-453d-a7c4-a5a8809b8f6f/build]   | [INFO] Downloaded from central: https://repo.maven.apache.org/maven2/net/java/dev/jna/jna/3.4.0/jna-3.4.0.pom (2.2 kB at 240 kB/s)
[e7d95e7d-9ca2-453d-a7c4-a5a8809b8f6f/build]   | [INFO] Downloading from central: https://repo.maven.apache.org/maven2/junit/junit/4.10/junit-4.10.pom
[e7d95e7d-9ca2-453d-a7c4-a5a8809b8f6f/build]   | [INFO] Downloaded from central: https://repo.maven.apache.org/maven2/junit/junit/4.10/junit-4.10.pom (2.3 kB at 335 kB/s)
[e7d95e7d-9ca2-453d-a7c4-a5a8809b8f6f/build]   | [INFO] Downloading from central: https://repo.maven.apache.org/maven2/org/hamcrest/hamcrest-core/1.1/hamcrest-core-1.1.pom
[e7d95e7d-9ca2-453d-a7c4-a5a8809b8f6f/build]   | [INFO] Downloaded from central: https://repo.maven.apache.org/maven2/org/hamcrest/hamcrest-core/1.1/hamcrest-core-1.1.pom (481 B at 48 kB/s)
[e7d95e7d-9ca2-453d-a7c4-a5a8809b8f6f/build]   | [INFO] Downloading from central: https://repo.maven.apache.org/maven2/org/hamcrest/hamcrest-parent/1.1/hamcrest-parent-1.1.pom
[e7d95e7d-9ca2-453d-a7c4-a5a8809b8f6f/build]   | [INFO] Downloaded from central: https://repo.maven.apache.org/maven2/org/hamcrest/hamcrest-parent/1.1/hamcrest-parent-1.1.pom (5.9 kB at 653 kB/s)
[e7d95e7d-9ca2-453d-a7c4-a5a8809b8f6f/build]   | [INFO] Downloading from central: https://repo.maven.apache.org/maven2/org/python/jython/2.5.3/jython-2.5.3.pom
[e7d95e7d-9ca2-453d-a7c4-a5a8809b8f6f/build]   | [INFO] Downloaded from central: https://repo.maven.apache.org/maven2/org/python/jython/2.5.3/jython-2.5.3.pom (1.4 kB at 143 kB/s)
[e7d95e7d-9ca2-453d-a7c4-a5a8809b8f6f/build]   | [INFO] Downloading from central: https://repo.maven.apache.org/maven2/net/sf/opencsv/opencsv/2.3/opencsv-2.3.pom
[e7d95e7d-9ca2-453d-a7c4-a5a8809b8f6f/build]   | [INFO] Downloaded from central: https://repo.maven.apache.org/maven2/net/sf/opencsv/opencsv/2.3/opencsv-2.3.pom (5.4 kB at 544 kB/s)
[e7d95e7d-9ca2-453d-a7c4-a5a8809b8f6f/build]   | [INFO] Downloading from central: https://repo.maven.apache.org/maven2/org/piccolo2d/piccolo2d-core/1.3.1/piccolo2d-core-1.3.1.pom
[e7d95e7d-9ca2-453d-a7c4-a5a8809b8f6f/build]   | [INFO] Downloaded from central: https://repo.maven.apache.org/maven2/org/piccolo2d/piccolo2d-core/1.3.1/piccolo2d-core-1.3.1.pom (6.5 kB at 217 kB/s)
[e7d95e7d-9ca2-453d-a7c4-a5a8809b8f6f/build]   | [INFO] Downloading from central: https://repo.maven.apache.org/maven2/org/piccolo2d/piccolo2d-parent/1.3.1/piccolo2d-parent-1.3.1.pom
[e7d95e7d-9ca2-453d-a7c4-a5a8809b8f6f/build]   | [INFO] Downloaded from central: https://repo.maven.apache.org/maven2/org/piccolo2d/piccolo2d-parent/1.3.1/piccolo2d-parent-1.3.1.pom (13 kB at 890 kB/s)
[e7d95e7d-9ca2-453d-a7c4-a5a8809b8f6f/build]   | [INFO] Downloading from central: https://repo.maven.apache.org/maven2/xom/xom/1.2.5/xom-1.2.5.pom
[e7d95e7d-9ca2-453d-a7c4-a5a8809b8f6f/build]   | [INFO] Downloaded from central: https://repo.maven.apache.org/maven2/xom/xom/1.2.5/xom-1.2.5.pom (1.9 kB at 65 kB/s)
[e7d95e7d-9ca2-453d-a7c4-a5a8809b8f6f/build]   | [INFO] Downloading from central: https://repo.maven.apache.org/maven2/xml-apis/xml-apis/1.3.03/xml-apis-1.3.03.pom
[e7d95e7d-9ca2-453d-a7c4-a5a8809b8f6f/build]   | [INFO] Downloaded from central: https://repo.maven.apache.org/maven2/xml-apis/xml-apis/1.3.03/xml-apis-1.3.03.pom (738 B at 53 kB/s)
[e7d95e7d-9ca2-453d-a7c4-a5a8809b8f6f/build]   | [INFO] Downloading from central: https://repo.maven.apache.org/maven2/org/apache/apache/1/apache-1.pom
[e7d95e7d-9ca2-453d-a7c4-a5a8809b8f6f/build]   | [INFO] Downloaded from central: https://repo.maven.apache.org/maven2/org/apache/apache/1/apache-1.pom (3.4 kB at 213 kB/s)
[e7d95e7d-9ca2-453d-a7c4-a5a8809b8f6f/build]   | [INFO] Downloading from central: https://repo.maven.apache.org/maven2/xerces/xercesImpl/2.8.0/xercesImpl-2.8.0.pom
[e7d95e7d-9ca2-453d-a7c4-a5a8809b8f6f/build]   | [INFO] Downloaded from central: https://repo.maven.apache.org/maven2/xerces/xercesImpl/2.8.0/xercesImpl-2.8.0.pom (1.4 kB at 47 kB/s)
[e7d95e7d-9ca2-453d-a7c4-a5a8809b8f6f/build]   | [INFO] Downloading from central: https://repo.maven.apache.org/maven2/xalan/xalan/2.7.0/xalan-2.7.0.pom
[e7d95e7d-9ca2-453d-a7c4-a5a8809b8f6f/build]   | [INFO] Downloaded from central: https://repo.maven.apache.org/maven2/xalan/xalan/2.7.0/xalan-2.7.0.pom (491 B at 11 kB/s)
[e7d95e7d-9ca2-453d-a7c4-a5a8809b8f6f/build]   | [INFO] Downloading from central: https://repo.maven.apache.org/maven2/xml-apis/xml-apis/2.0.2/xml-apis-2.0.2.pom
[e7d95e7d-9ca2-453d-a7c4-a5a8809b8f6f/build]   | [INFO] Downloaded from central: https://repo.maven.apache.org/maven2/xml-apis/xml-apis/2.0.2/xml-apis-2.0.2.pom (346 B at 15 kB/s)
[e7d95e7d-9ca2-453d-a7c4-a5a8809b8f6f/build]   | [INFO] Downloading from central: https://repo.maven.apache.org/maven2/xml-apis/xml-apis/1.0.b2/xml-apis-1.0.b2.pom
[e7d95e7d-9ca2-453d-a7c4-a5a8809b8f6f/build]   | [INFO] Downloaded from central: https://repo.maven.apache.org/maven2/xml-apis/xml-apis/1.0.b2/xml-apis-1.0.b2.pom (2.2 kB at 125 kB/s)
[e7d95e7d-9ca2-453d-a7c4-a5a8809b8f6f/build]   | [INFO] Downloading from central: https://repo.maven.apache.org/maven2/org/clojure/clojure/1.4.0/clojure-1.4.0.jar
[e7d95e7d-9ca2-453d-a7c4-a5a8809b8f6f/build]   | [INFO] Downloading from central: https://repo.maven.apache.org/maven2/junit/junit/4.10/junit-4.10.jar
[e7d95e7d-9ca2-453d-a7c4-a5a8809b8f6f/build]   | [INFO] Downloading from central: https://repo.maven.apache.org/maven2/net/java/dev/jna/jna/3.4.0/jna-3.4.0.jar
[e7d95e7d-9ca2-453d-a7c4-a5a8809b8f6f/build]   | [INFO] Downloading from central: https://repo.maven.apache.org/maven2/com/itextpdf/itextpdf/5.3.2/itextpdf-5.3.2.jar
[e7d95e7d-9ca2-453d-a7c4-a5a8809b8f6f/build]   | [INFO] Downloading from central: https://repo.maven.apache.org/maven2/com/google/guava/guava/13.0.1/guava-13.0.1.jar
[e7d95e7d-9ca2-453d-a7c4-a5a8809b8f6f/build]   | [INFO] Downloaded from central: https://repo.maven.apache.org/maven2/junit/junit/4.10/junit-4.10.jar (253 kB at 1.2 MB/s)
[e7d95e7d-9ca2-453d-a7c4-a5a8809b8f6f/build]   | [INFO] Downloading from central: https://repo.maven.apache.org/maven2/org/hamcrest/hamcrest-core/1.1/hamcrest-core-1.1.jar
[e7d95e7d-9ca2-453d-a7c4-a5a8809b8f6f/build]   | [INFO] Downloaded from central: https://repo.maven.apache.org/maven2/org/hamcrest/hamcrest-core/1.1/hamcrest-core-1.1.jar (77 kB at 265 kB/s)
[e7d95e7d-9ca2-453d-a7c4-a5a8809b8f6f/build]   | [INFO] Downloading from central: https://repo.maven.apache.org/maven2/org/python/jython/2.5.3/jython-2.5.3.jar
[e7d95e7d-9ca2-453d-a7c4-a5a8809b8f6f/build]   | [INFO] Downloaded from central: https://repo.maven.apache.org/maven2/com/google/guava/guava/13.0.1/guava-13.0.1.jar (1.9 MB at 684 kB/s)
[e7d95e7d-9ca2-453d-a7c4-a5a8809b8f6f/build]   | [INFO] Downloading from central: https://repo.maven.apache.org/maven2/net/sf/opencsv/opencsv/2.3/opencsv-2.3.jar
[e7d95e7d-9ca2-453d-a7c4-a5a8809b8f6f/build]   | [INFO] Downloaded from central: https://repo.maven.apache.org/maven2/net/sf/opencsv/opencsv/2.3/opencsv-2.3.jar (20 kB at 7.1 kB/s)
[e7d95e7d-9ca2-453d-a7c4-a5a8809b8f6f/build]   | [INFO] Downloading from central: https://repo.maven.apache.org/maven2/org/piccolo2d/piccolo2d-core/1.3.1/piccolo2d-core-1.3.1.jar
[e7d95e7d-9ca2-453d-a7c4-a5a8809b8f6f/build]   | [INFO] Downloaded from central: https://repo.maven.apache.org/maven2/org/piccolo2d/piccolo2d-core/1.3.1/piccolo2d-core-1.3.1.jar (121 kB at 43 kB/s)
[e7d95e7d-9ca2-453d-a7c4-a5a8809b8f6f/build]   | [INFO] Downloading from central: https://repo.maven.apache.org/maven2/xom/xom/1.2.5/xom-1.2.5.jar
[e7d95e7d-9ca2-453d-a7c4-a5a8809b8f6f/build]   | [INFO] Downloaded from central: https://repo.maven.apache.org/maven2/net/java/dev/jna/jna/3.4.0/jna-3.4.0.jar (1.0 MB at 352 kB/s)
[e7d95e7d-9ca2-453d-a7c4-a5a8809b8f6f/build]   | [INFO] Downloading from central: https://repo.maven.apache.org/maven2/xml-apis/xml-apis/1.3.03/xml-apis-1.3.03.jar
[e7d95e7d-9ca2-453d-a7c4-a5a8809b8f6f/build]   | [INFO] Downloaded from central: https://repo.maven.apache.org/maven2/xom/xom/1.2.5/xom-1.2.5.jar (309 kB at 102 kB/s)
[e7d95e7d-9ca2-453d-a7c4-a5a8809b8f6f/build]   | [INFO] Downloading from central: https://repo.maven.apache.org/maven2/xerces/xercesImpl/2.8.0/xercesImpl-2.8.0.jar
[e7d95e7d-9ca2-453d-a7c4-a5a8809b8f6f/build]   | [INFO] Downloaded from central: https://repo.maven.apache.org/maven2/xml-apis/xml-apis/1.3.03/xml-apis-1.3.03.jar (195 kB at 60 kB/s)
[e7d95e7d-9ca2-453d-a7c4-a5a8809b8f6f/build]   | [INFO] Downloading from central: https://repo.maven.apache.org/maven2/xalan/xalan/2.7.0/xalan-2.7.0.jar
[e7d95e7d-9ca2-453d-a7c4-a5a8809b8f6f/build]   | [INFO] Downloaded from central: https://repo.maven.apache.org/maven2/com/itextpdf/itextpdf/5.3.2/itextpdf-5.3.2.jar (1.8 MB at 495 kB/s)
[e7d95e7d-9ca2-453d-a7c4-a5a8809b8f6f/build]   | [INFO] Downloaded from central: https://repo.maven.apache.org/maven2/org/clojure/clojure/1.4.0/clojure-1.4.0.jar (3.4 MB at 897 kB/s)
[e7d95e7d-9ca2-453d-a7c4-a5a8809b8f6f/build]   | [INFO] Downloaded from central: https://repo.maven.apache.org/maven2/xerces/xercesImpl/2.8.0/xercesImpl-2.8.0.jar (1.2 MB at 250 kB/s)
[e7d95e7d-9ca2-453d-a7c4-a5a8809b8f6f/build]   | [INFO] Downloaded from central: https://repo.maven.apache.org/maven2/xalan/xalan/2.7.0/xalan-2.7.0.jar (2.7 MB at 533 kB/s)
[e7d95e7d-9ca2-453d-a7c4-a5a8809b8f6f/build]   | [INFO] Downloaded from central: https://repo.maven.apache.org/maven2/org/python/jython/2.5.3/jython-2.5.3.jar (8.3 MB at 1.3 MB/s)
[e7d95e7d-9ca2-453d-a7c4-a5a8809b8f6f/build]   | [INFO] 
[e7d95e7d-9ca2-453d-a7c4-a5a8809b8f6f/build]   | [INFO] --- maven-resources-plugin:2.6:resources (default-resources) @ nodebox ---
[e7d95e7d-9ca2-453d-a7c4-a5a8809b8f6f/build]   | [INFO] Downloading from central: https://repo.maven.apache.org/maven2/org/apache/maven/maven-plugin-api/2.0.6/maven-plugin-api-2.0.6.pom
[e7d95e7d-9ca2-453d-a7c4-a5a8809b8f6f/build]   | [INFO] Downloaded from central: https://repo.maven.apache.org/maven2/org/apache/maven/maven-plugin-api/2.0.6/maven-plugin-api-2.0.6.pom (1.5 kB at 47 kB/s)
[e7d95e7d-9ca2-453d-a7c4-a5a8809b8f6f/build]   | [INFO] Downloading from central: https://repo.maven.apache.org/maven2/org/apache/maven/maven/2.0.6/maven-2.0.6.pom
[e7d95e7d-9ca2-453d-a7c4-a5a8809b8f6f/build]   | [INFO] Downloaded from central: https://repo.maven.apache.org/maven2/org/apache/maven/maven/2.0.6/maven-2.0.6.pom (9.0 kB at 292 kB/s)
[e7d95e7d-9ca2-453d-a7c4-a5a8809b8f6f/build]   | [INFO] Downloading from central: https://repo.maven.apache.org/maven2/org/apache/maven/maven-parent/5/maven-parent-5.pom
[e7d95e7d-9ca2-453d-a7c4-a5a8809b8f6f/build]   | [INFO] Downloaded from central: https://repo.maven.apache.org/maven2/org/apache/maven/maven-parent/5/maven-parent-5.pom (15 kB at 846 kB/s)
[e7d95e7d-9ca2-453d-a7c4-a5a8809b8f6f/build]   | [INFO] Downloading from central: https://repo.maven.apache.org/maven2/org/apache/apache/3/apache-3.pom
[e7d95e7d-9ca2-453d-a7c4-a5a8809b8f6f/build]   | [INFO] Downloaded from central: https://repo.maven.apache.org/maven2/org/apache/apache/3/apache-3.pom (3.4 kB at 245 kB/s)
[e7d95e7d-9ca2-453d-a7c4-a5a8809b8f6f/build]   | [INFO] Downloading from central: https://repo.maven.apache.org/maven2/org/apache/maven/maven-project/2.0.6/maven-project-2.0.6.pom
[e7d95e7d-9ca2-453d-a7c4-a5a8809b8f6f/build]   | [INFO] Downloaded from central: https://repo.maven.apache.org/maven2/org/apache/maven/maven-project/2.0.6/maven-project-2.0.6.pom (2.6 kB at 105 kB/s)
[e7d95e7d-9ca2-453d-a7c4-a5a8809b8f6f/build]   | [INFO] Downloading from central: https://repo.maven.apache.org/maven2/org/apache/maven/maven-settings/2.0.6/maven-settings-2.0.6.pom
[e7d95e7d-9ca2-453d-a7c4-a5a8809b8f6f/build]   | [INFO] Downloaded from central: https://repo.maven.apache.org/maven2/org/apache/maven/maven-settings/2.0.6/maven-settings-2.0.6.pom (2.0 kB at 51 kB/s)
[e7d95e7d-9ca2-453d-a7c4-a5a8809b8f6f/build]   | [INFO] Downloading from central: https://repo.maven.apache.org/maven2/org/apache/maven/maven-model/2.0.6/maven-model-2.0.6.pom
[e7d95e7d-9ca2-453d-a7c4-a5a8809b8f6f/build]   | [INFO] Downloaded from central: https://repo.maven.apache.org/maven2/org/apache/maven/maven-model/2.0.6/maven-model-2.0.6.pom (3.0 kB at 132 kB/s)
[e7d95e7d-9ca2-453d-a7c4-a5a8809b8f6f/build]   | [INFO] Downloading from central: https://repo.maven.apache.org/maven2/org/codehaus/plexus/plexus-utils/1.4.1/plexus-utils-1.4.1.pom
[e7d95e7d-9ca2-453d-a7c4-a5a8809b8f6f/build]   | [INFO] Downloaded from central: https://repo.maven.apache.org/maven2/org/codehaus/plexus/plexus-utils/1.4.1/plexus-utils-1.4.1.pom (1.9 kB at 64 kB/s)
[e7d95e7d-9ca2-453d-a7c4-a5a8809b8f6f/build]   | [INFO] Downloading from central: https://repo.maven.apache.org/maven2/org/codehaus/plexus/plexus/1.0.11/plexus-1.0.11.pom
[e7d95e7d-9ca2-453d-a7c4-a5a8809b8f6f/build]   | [INFO] Downloaded from central: https://repo.maven.apache.org/maven2/org/codehaus/plexus/plexus/1.0.11/plexus-1.0.11.pom (9.0 kB at 299 kB/s)
[e7d95e7d-9ca2-453d-a7c4-a5a8809b8f6f/build]   | [INFO] Downloading from central: https://repo.maven.apache.org/maven2/org/codehaus/plexus/plexus-container-default/1.0-alpha-9-stable-1/plexus-container-default-1.0-alpha-9-stable-1.pom
[e7d95e7d-9ca2-453d-a7c4-a5a8809b8f6f/build]   | [INFO] Downloaded from central: https://repo.maven.apache.org/maven2/org/codehaus/plexus/plexus-container-default/1.0-alpha-9-stable-1/plexus-container-default-1.0-alpha-9-stable-1.pom (3.9 kB at 120 kB/s)
[e7d95e7d-9ca2-453d-a7c4-a5a8809b8f6f/build]   | [INFO] Downloading from central: https://repo.maven.apache.org/maven2/org/codehaus/plexus/plexus-containers/1.0.3/plexus-containers-1.0.3.pom
[e7d95e7d-9ca2-453d-a7c4-a5a8809b8f6f/build]   | [INFO] Downloaded from central: https://repo.maven.apache.org/maven2/org/codehaus/plexus/plexus-containers/1.0.3/plexus-containers-1.0.3.pom (492 B at 15 kB/s)
[e7d95e7d-9ca2-453d-a7c4-a5a8809b8f6f/build]   | [INFO] Downloading from central: https://repo.maven.apache.org/maven2/org/codehaus/plexus/plexus/1.0.4/plexus-1.0.4.pom
[e7d95e7d-9ca2-453d-a7c4-a5a8809b8f6f/build]   | [INFO] Downloaded from central: https://repo.maven.apache.org/maven2/org/codehaus/plexus/plexus/1.0.4/plexus-1.0.4.pom (5.7 kB at 302 kB/s)
[e7d95e7d-9ca2-453d-a7c4-a5a8809b8f6f/build]   | [INFO] Downloading from central: https://repo.maven.apache.org/maven2/junit/junit/3.8.1/junit-3.8.1.pom
[e7d95e7d-9ca2-453d-a7c4-a5a8809b8f6f/build]   | [INFO] Downloaded from central: https://repo.maven.apache.org/maven2/junit/junit/3.8.1/junit-3.8.1.pom (998 B at 45 kB/s)
[e7d95e7d-9ca2-453d-a7c4-a5a8809b8f6f/build]   | [INFO] Downloading from central: https://repo.maven.apache.org/maven2/org/codehaus/plexus/plexus-utils/1.0.4/plexus-utils-1.0.4.pom
[e7d95e7d-9ca2-453d-a7c4-a5a8809b8f6f/build]   | [INFO] Downloaded from central: https://repo.maven.apache.org/maven2/org/codehaus/plexus/plexus-utils/1.0.4/plexus-utils-1.0.4.pom (6.9 kB at 403 kB/s)
[e7d95e7d-9ca2-453d-a7c4-a5a8809b8f6f/build]   | [INFO] Downloading from central: https://repo.maven.apache.org/maven2/classworlds/classworlds/1.1-alpha-2/classworlds-1.1-alpha-2.pom
[e7d95e7d-9ca2-453d-a7c4-a5a8809b8f6f/build]   | [INFO] Downloaded from central: https://repo.maven.apache.org/maven2/classworlds/classworlds/1.1-alpha-2/classworlds-1.1-alpha-2.pom (3.1 kB at 76 kB/s)
[e7d95e7d-9ca2-453d-a7c4-a5a8809b8f6f/build]   | [INFO] Downloading from central: https://repo.maven.apache.org/maven2/org/apache/maven/maven-profile/2.0.6/maven-profile-2.0.6.pom
[e7d95e7d-9ca2-453d-a7c4-a5a8809b8f6f/build]   | [INFO] Downloaded from central: https://repo.maven.apache.org/maven2/org/apache/maven/maven-profile/2.0.6/maven-profile-2.0.6.pom (2.0 kB at 110 kB/s)
[e7d95e7d-9ca2-453d-a7c4-a5a8809b8f6f/build]   | [INFO] Downloading from central: https://repo.maven.apache.org/maven2/org/apache/maven/maven-artifact-manager/2.0.6/maven-artifact-manager-2.0.6.pom
[e7d95e7d-9ca2-453d-a7c4-a5a8809b8f6f/build]   | [INFO] Downloaded from central: https://repo.maven.apache.org/maven2/org/apache/maven/maven-artifact-manager/2.0.6/maven-artifact-manager-2.0.6.pom (2.6 kB at 154 kB/s)
[e7d95e7d-9ca2-453d-a7c4-a5a8809b8f6f/build]   | [INFO] Downloading from central: https://repo.maven.apache.org/maven2/org/apache/maven/maven-repository-metadata/2.0.6/maven-repository-metadata-2.0.6.pom
[e7d95e7d-9ca2-453d-a7c4-a5a8809b8f6f/build]   | [INFO] Downloaded from central: https://repo.maven.apache.org/maven2/org/apache/maven/maven-repository-metadata/2.0.6/maven-repository-metadata-2.0.6.pom (1.9 kB at 50 kB/s)
[e7d95e7d-9ca2-453d-a7c4-a5a8809b8f6f/build]   | [INFO] Downloading from central: https://repo.maven.apache.org/maven2/org/apache/maven/maven-artifact/2.0.6/maven-artifact-2.0.6.pom
[e7d95e7d-9ca2-453d-a7c4-a5a8809b8f6f/build]   | [INFO] Downloaded from central: https://repo.maven.apache.org/maven2/org/apache/maven/maven-artifact/2.0.6/maven-artifact-2.0.6.pom (1.6 kB at 29 kB/s)
[e7d95e7d-9ca2-453d-a7c4-a5a8809b8f6f/build]   | [INFO] Downloading from central: https://repo.maven.apache.org/maven2/org/apache/maven/maven-plugin-registry/2.0.6/maven-plugin-registry-2.0.6.pom
[e7d95e7d-9ca2-453d-a7c4-a5a8809b8f6f/build]   | [INFO] Downloaded from central: https://repo.maven.apache.org/maven2/org/apache/maven/maven-plugin-registry/2.0.6/maven-plugin-registry-2.0.6.pom (1.9 kB at 70 kB/s)
[e7d95e7d-9ca2-453d-a7c4-a5a8809b8f6f/build]   | [INFO] Downloading from central: https://repo.maven.apache.org/maven2/org/apache/maven/maven-core/2.0.6/maven-core-2.0.6.pom
[e7d95e7d-9ca2-453d-a7c4-a5a8809b8f6f/build]   | [INFO] Downloaded from central: https://repo.maven.apache.org/maven2/org/apache/maven/maven-core/2.0.6/maven-core-2.0.6.pom (6.7 kB at 177 kB/s)
[e7d95e7d-9ca2-453d-a7c4-a5a8809b8f6f/build]   | [INFO] Downloading from central: https://repo.maven.apache.org/maven2/org/apache/maven/maven-plugin-parameter-documenter/2.0.6/maven-plugin-parameter-documenter-2.0.6.pom
[e7d95e7d-9ca2-453d-a7c4-a5a8809b8f6f/build]   | [INFO] Downloaded from central: https://repo.maven.apache.org/maven2/org/apache/maven/maven-plugin-parameter-documenter/2.0.6/maven-plugin-parameter-documenter-2.0.6.pom (1.9 kB at 174 kB/s)
[e7d95e7d-9ca2-453d-a7c4-a5a8809b8f6f/build]   | [INFO] Downloading from central: https://repo.maven.apache.org/maven2/org/apache/maven/reporting/maven-reporting-api/2.0.6/maven-reporting-api-2.0.6.pom
[e7d95e7d-9ca2-453d-a7c4-a5a8809b8f6f/build]   | [INFO] Downloaded from central: https://repo.maven.apache.org/maven2/org/apache/maven/reporting/maven-reporting-api/2.0.6/maven-reporting-api-2.0.6.pom (1.8 kB at 40 kB/s)
[e7d95e7d-9ca2-453d-a7c4-a5a8809b8f6f/build]   | [INFO] Downloading from central: https://repo.maven.apache.org/maven2/org/apache/maven/reporting/maven-reporting/2.0.6/maven-reporting-2.0.6.pom
[e7d95e7d-9ca2-453d-a7c4-a5a8809b8f6f/build]   | [INFO] Downloaded from central: https://repo.maven.apache.org/maven2/org/apache/maven/reporting/maven-reporting/2.0.6/maven-reporting-2.0.6.pom (1.4 kB at 50 kB/s)
[e7d95e7d-9ca2-453d-a7c4-a5a8809b8f6f/build]   | [INFO] Downloading from central: https://repo.maven.apache.org/maven2/org/apache/maven/doxia/doxia-sink-api/1.0-alpha-7/doxia-sink-api-1.0-alpha-7.pom
[e7d95e7d-9ca2-453d-a7c4-a5a8809b8f6f/build]   | [INFO] Downloaded from central: https://repo.maven.apache.org/maven2/org/apache/maven/doxia/doxia-sink-api/1.0-alpha-7/doxia-sink-api-1.0-alpha-7.pom (424 B at 11 kB/s)
[e7d95e7d-9ca2-453d-a7c4-a5a8809b8f6f/build]   | [INFO] Downloading from central: https://repo.maven.apache.org/maven2/org/apache/maven/doxia/doxia/1.0-alpha-7/doxia-1.0-alpha-7.pom
[e7d95e7d-9ca2-453d-a7c4-a5a8809b8f6f/build]   | [INFO] Downloaded from central: https://repo.maven.apache.org/maven2/org/apache/maven/doxia/doxia/1.0-alpha-7/doxia-1.0-alpha-7.pom (3.9 kB at 178 kB/s)
[e7d95e7d-9ca2-453d-a7c4-a5a8809b8f6f/build]   | [INFO] Downloading from central: https://repo.maven.apache.org/maven2/org/apache/maven/maven-error-diagnostics/2.0.6/maven-error-diagnostics-2.0.6.pom
[e7d95e7d-9ca2-453d-a7c4-a5a8809b8f6f/build]   | [INFO] Downloaded from central: https://repo.maven.apache.org/maven2/org/apache/maven/maven-error-diagnostics/2.0.6/maven-error-diagnostics-2.0.6.pom (1.7 kB at 47 kB/s)
[e7d95e7d-9ca2-453d-a7c4-a5a8809b8f6f/build]   | [INFO] Downloading from central: https://repo.maven.apache.org/maven2/commons-cli/commons-cli/1.0/commons-cli-1.0.pom
[e7d95e7d-9ca2-453d-a7c4-a5a8809b8f6f/build]   | [INFO] Downloaded from central: https://repo.maven.apache.org/maven2/commons-cli/commons-cli/1.0/commons-cli-1.0.pom (2.1 kB at 36 kB/s)
[e7d95e7d-9ca2-453d-a7c4-a5a8809b8f6f/build]   | [INFO] Downloading from central: https://repo.maven.apache.org/maven2/org/apache/maven/maven-plugin-descriptor/2.0.6/maven-plugin-descriptor-2.0.6.pom
[e7d95e7d-9ca2-453d-a7c4-a5a8809b8f6f/build]   | [INFO] Downloaded from central: https://repo.maven.apache.org/maven2/org/apache/maven/maven-plugin-descriptor/2.0.6/maven-plugin-descriptor-2.0.6.pom (2.0 kB at 34 kB/s)
[e7d95e7d-9ca2-453d-a7c4-a5a8809b8f6f/build]   | [INFO] Downloading from central: https://repo.maven.apache.org/maven2/org/codehaus/plexus/plexus-interactivity-api/1.0-alpha-4/plexus-interactivity-api-1.0-alpha-4.pom
[e7d95e7d-9ca2-453d-a7c4-a5a8809b8f6f/build]   | [INFO] Downloaded from central: https://repo.maven.apache.org/maven2/org/codehaus/plexus/plexus-interactivity-api/1.0-alpha-4/plexus-interactivity-api-1.0-alpha-4.pom (7.1 kB at 116 kB/s)
[e7d95e7d-9ca2-453d-a7c4-a5a8809b8f6f/build]   | [INFO] Downloading from central: https://repo.maven.apache.org/maven2/org/apache/maven/maven-monitor/2.0.6/maven-monitor-2.0.6.pom
[e7d95e7d-9ca2-453d-a7c4-a5a8809b8f6f/build]   | [INFO] Downloaded from central: https://repo.maven.apache.org/maven2/org/apache/maven/maven-monitor/2.0.6/maven-monitor-2.0.6.pom (1.3 kB at 21 kB/s)
[e7d95e7d-9ca2-453d-a7c4-a5a8809b8f6f/build]   | [INFO] Downloading from central: https://repo.maven.apache.org/maven2/classworlds/classworlds/1.1/classworlds-1.1.pom
[e7d95e7d-9ca2-453d-a7c4-a5a8809b8f6f/build]   | [INFO] Downloaded from central: https://repo.maven.apache.org/maven2/classworlds/classworlds/1.1/classworlds-1.1.pom (3.3 kB at 58 kB/s)
[e7d95e7d-9ca2-453d-a7c4-a5a8809b8f6f/build]   | [INFO] Downloading from central: https://repo.maven.apache.org/maven2/org/codehaus/plexus/plexus-utils/2.0.5/plexus-utils-2.0.5.pom
[e7d95e7d-9ca2-453d-a7c4-a5a8809b8f6f/build]   | [INFO] Downloaded from central: https://repo.maven.apache.org/maven2/org/codehaus/plexus/plexus-utils/2.0.5/plexus-utils-2.0.5.pom (3.3 kB at 104 kB/s)
[e7d95e7d-9ca2-453d-a7c4-a5a8809b8f6f/build]   | [INFO] Downloading from central: https://repo.maven.apache.org/maven2/org/codehaus/plexus/plexus/2.0.6/plexus-2.0.6.pom
[e7d95e7d-9ca2-453d-a7c4-a5a8809b8f6f/build]   | [INFO] Downloaded from central: https://repo.maven.apache.org/maven2/org/codehaus/plexus/plexus/2.0.6/plexus-2.0.6.pom (17 kB at 524 kB/s)
[e7d95e7d-9ca2-453d-a7c4-a5a8809b8f6f/build]   | [INFO] Downloading from central: https://repo.maven.apache.org/maven2/org/apache/maven/shared/maven-filtering/1.1/maven-filtering-1.1.pom
[e7d95e7d-9ca2-453d-a7c4-a5a8809b8f6f/build]   | [INFO] Downloaded from central: https://repo.maven.apache.org/maven2/org/apache/maven/shared/maven-filtering/1.1/maven-filtering-1.1.pom (5.8 kB at 156 kB/s)
[e7d95e7d-9ca2-453d-a7c4-a5a8809b8f6f/build]   | [INFO] Downloading from central: https://repo.maven.apache.org/maven2/org/apache/maven/shared/maven-shared-components/17/maven-shared-components-17.pom
[e7d95e7d-9ca2-453d-a7c4-a5a8809b8f6f/build]   | [INFO] Downloaded from central: https://repo.maven.apache.org/maven2/org/apache/maven/shared/maven-shared-components/17/maven-shared-components-17.pom (8.7 kB at 348 kB/s)
[e7d95e7d-9ca2-453d-a7c4-a5a8809b8f6f/build]   | [INFO] Downloading from central: https://repo.maven.apache.org/maven2/org/codehaus/plexus/plexus-utils/1.5.15/plexus-utils-1.5.15.pom
[e7d95e7d-9ca2-453d-a7c4-a5a8809b8f6f/build]   | [INFO] Downloaded from central: https://repo.maven.apache.org/maven2/org/codehaus/plexus/plexus-utils/1.5.15/plexus-utils-1.5.15.pom (6.8 kB at 196 kB/s)
[e7d95e7d-9ca2-453d-a7c4-a5a8809b8f6f/build]   | [INFO] Downloading from central: https://repo.maven.apache.org/maven2/org/codehaus/plexus/plexus/2.0.2/plexus-2.0.2.pom
[e7d95e7d-9ca2-453d-a7c4-a5a8809b8f6f/build]   | [INFO] Downloaded from central: https://repo.maven.apache.org/maven2/org/codehaus/plexus/plexus/2.0.2/plexus-2.0.2.pom (12 kB at 447 kB/s)
[e7d95e7d-9ca2-453d-a7c4-a5a8809b8f6f/build]   | [INFO] Downloading from central: https://repo.maven.apache.org/maven2/org/codehaus/plexus/plexus-interpolation/1.12/plexus-interpolation-1.12.pom
[e7d95e7d-9ca2-453d-a7c4-a5a8809b8f6f/build]   | [INFO] Downloaded from central: https://repo.maven.apache.org/maven2/org/codehaus/plexus/plexus-interpolation/1.12/plexus-interpolation-1.12.pom (889 B at 24 kB/s)
[e7d95e7d-9ca2-453d-a7c4-a5a8809b8f6f/build]   | [INFO] Downloading from central: https://repo.maven.apache.org/maven2/org/codehaus/plexus/plexus-components/1.1.14/plexus-components-1.1.14.pom
[e7d95e7d-9ca2-453d-a7c4-a5a8809b8f6f/build]   | [INFO] Downloaded from central: https://repo.maven.apache.org/maven2/org/codehaus/plexus/plexus-components/1.1.14/plexus-components-1.1.14.pom (5.8 kB at 158 kB/s)
[e7d95e7d-9ca2-453d-a7c4-a5a8809b8f6f/build]   | [INFO] Downloading from central: https://repo.maven.apache.org/maven2/org/sonatype/plexus/plexus-build-api/0.0.4/plexus-build-api-0.0.4.pom
[e7d95e7d-9ca2-453d-a7c4-a5a8809b8f6f/build]   | [INFO] Downloaded from central: https://repo.maven.apache.org/maven2/org/sonatype/plexus/plexus-build-api/0.0.4/plexus-build-api-0.0.4.pom (2.9 kB at 358 kB/s)
[e7d95e7d-9ca2-453d-a7c4-a5a8809b8f6f/build]   | [INFO] Downloading from central: https://repo.maven.apache.org/maven2/org/sonatype/spice/spice-parent/10/spice-parent-10.pom
[e7d95e7d-9ca2-453d-a7c4-a5a8809b8f6f/build]   | [INFO] Downloaded from central: https://repo.maven.apache.org/maven2/org/sonatype/spice/spice-parent/10/spice-parent-10.pom (3.0 kB at 64 kB/s)
[e7d95e7d-9ca2-453d-a7c4-a5a8809b8f6f/build]   | [INFO] Downloading from central: https://repo.maven.apache.org/maven2/org/sonatype/forge/forge-parent/3/forge-parent-3.pom
[e7d95e7d-9ca2-453d-a7c4-a5a8809b8f6f/build]   | [INFO] Downloaded from central: https://repo.maven.apache.org/maven2/org/sonatype/forge/forge-parent/3/forge-parent-3.pom (5.0 kB at 120 kB/s)
[e7d95e7d-9ca2-453d-a7c4-a5a8809b8f6f/build]   | [INFO] Downloading from central: https://repo.maven.apache.org/maven2/org/codehaus/plexus/plexus-utils/1.5.8/plexus-utils-1.5.8.pom
[e7d95e7d-9ca2-453d-a7c4-a5a8809b8f6f/build]   | [INFO] Downloaded from central: https://repo.maven.apache.org/maven2/org/codehaus/plexus/plexus-utils/1.5.8/plexus-utils-1.5.8.pom (8.1 kB at 269 kB/s)
[e7d95e7d-9ca2-453d-a7c4-a5a8809b8f6f/build]   | [INFO] Downloading from central: https://repo.maven.apache.org/maven2/org/codehaus/plexus/plexus-interpolation/1.13/plexus-interpolation-1.13.pom
[e7d95e7d-9ca2-453d-a7c4-a5a8809b8f6f/build]   | [INFO] Downloaded from central: https://repo.maven.apache.org/maven2/org/codehaus/plexus/plexus-interpolation/1.13/plexus-interpolation-1.13.pom (890 B at 20 kB/s)
[e7d95e7d-9ca2-453d-a7c4-a5a8809b8f6f/build]   | [INFO] Downloading from central: https://repo.maven.apache.org/maven2/org/codehaus/plexus/plexus-components/1.1.15/plexus-components-1.1.15.pom
[e7d95e7d-9ca2-453d-a7c4-a5a8809b8f6f/build]   | [INFO] Downloaded from central: https://repo.maven.apache.org/maven2/org/codehaus/plexus/plexus-components/1.1.15/plexus-components-1.1.15.pom (2.8 kB at 124 kB/s)
[e7d95e7d-9ca2-453d-a7c4-a5a8809b8f6f/build]   | [INFO] Downloading from central: https://repo.maven.apache.org/maven2/org/codehaus/plexus/plexus/2.0.3/plexus-2.0.3.pom
[e7d95e7d-9ca2-453d-a7c4-a5a8809b8f6f/build]   | [INFO] Downloaded from central: https://repo.maven.apache.org/maven2/org/codehaus/plexus/plexus/2.0.3/plexus-2.0.3.pom (15 kB at 672 kB/s)
[e7d95e7d-9ca2-453d-a7c4-a5a8809b8f6f/build]   | [INFO] Downloading from central: https://repo.maven.apache.org/maven2/org/apache/maven/maven-plugin-api/2.0.6/maven-plugin-api-2.0.6.jar
[e7d95e7d-9ca2-453d-a7c4-a5a8809b8f6f/build]   | [INFO] Downloading from central: https://repo.maven.apache.org/maven2/org/apache/maven/maven-project/2.0.6/maven-project-2.0.6.jar
[e7d95e7d-9ca2-453d-a7c4-a5a8809b8f6f/build]   | [INFO] Downloading from central: https://repo.maven.apache.org/maven2/org/apache/maven/maven-profile/2.0.6/maven-profile-2.0.6.jar
[e7d95e7d-9ca2-453d-a7c4-a5a8809b8f6f/build]   | [INFO] Downloading from central: https://repo.maven.apache.org/maven2/org/apache/maven/maven-artifact-manager/2.0.6/maven-artifact-manager-2.0.6.jar
[e7d95e7d-9ca2-453d-a7c4-a5a8809b8f6f/build]   | [INFO] Downloading from central: https://repo.maven.apache.org/maven2/org/apache/maven/maven-plugin-registry/2.0.6/maven-plugin-registry-2.0.6.jar
[e7d95e7d-9ca2-453d-a7c4-a5a8809b8f6f/build]   | [INFO] Downloaded from central: https://repo.maven.apache.org/maven2/org/apache/maven/maven-plugin-api/2.0.6/maven-plugin-api-2.0.6.jar (13 kB at 322 kB/s)
[e7d95e7d-9ca2-453d-a7c4-a5a8809b8f6f/build]   | [INFO] Downloading from central: https://repo.maven.apache.org/maven2/org/apache/maven/maven-core/2.0.6/maven-core-2.0.6.jar
[e7d95e7d-9ca2-453d-a7c4-a5a8809b8f6f/build]   | [INFO] Downloaded from central: https://repo.maven.apache.org/maven2/org/apache/maven/maven-plugin-registry/2.0.6/maven-plugin-registry-2.0.6.jar (29 kB at 629 kB/s)
[e7d95e7d-9ca2-453d-a7c4-a5a8809b8f6f/build]   | [INFO] Downloading from central: https://repo.maven.apache.org/maven2/org/apache/maven/maven-plugin-parameter-documenter/2.0.6/maven-plugin-parameter-documenter-2.0.6.jar
[e7d95e7d-9ca2-453d-a7c4-a5a8809b8f6f/build]   | [INFO] Downloaded from central: https://repo.maven.apache.org/maven2/org/apache/maven/maven-artifact-manager/2.0.6/maven-artifact-manager-2.0.6.jar (57 kB at 1.2 MB/s)
[e7d95e7d-9ca2-453d-a7c4-a5a8809b8f6f/build]   | [INFO] Downloading from central: https://repo.maven.apache.org/maven2/org/apache/maven/reporting/maven-reporting-api/2.0.6/maven-reporting-api-2.0.6.jar
[e7d95e7d-9ca2-453d-a7c4-a5a8809b8f6f/build]   | [INFO] Downloaded from central: https://repo.maven.apache.org/maven2/org/apache/maven/maven-project/2.0.6/maven-project-2.0.6.jar (116 kB at 2.4 MB/s)
[e7d95e7d-9ca2-453d-a7c4-a5a8809b8f6f/build]   | [INFO] Downloading from central: https://repo.maven.apache.org/maven2/org/apache/maven/doxia/doxia-sink-api/1.0-alpha-7/doxia-sink-api-1.0-alpha-7.jar
[e7d95e7d-9ca2-453d-a7c4-a5a8809b8f6f/build]   | [INFO] Downloaded from central: https://repo.maven.apache.org/maven2/org/apache/maven/reporting/maven-reporting-api/2.0.6/maven-reporting-api-2.0.6.jar (9.9 kB at 109 kB/s)
[e7d95e7d-9ca2-453d-a7c4-a5a8809b8f6f/build]   | [INFO] Downloading from central: https://repo.maven.apache.org/maven2/org/apache/maven/maven-repository-metadata/2.0.6/maven-repository-metadata-2.0.6.jar
[e7d95e7d-9ca2-453d-a7c4-a5a8809b8f6f/build]   | [INFO] Downloaded from central: https://repo.maven.apache.org/maven2/org/apache/maven/maven-core/2.0.6/maven-core-2.0.6.jar (152 kB at 1.6 MB/s)
[e7d95e7d-9ca2-453d-a7c4-a5a8809b8f6f/build]   | [INFO] Downloading from central: https://repo.maven.apache.org/maven2/org/apache/maven/maven-error-diagnostics/2.0.6/maven-error-diagnostics-2.0.6.jar
[e7d95e7d-9ca2-453d-a7c4-a5a8809b8f6f/build]   | [INFO] Downloaded from central: https://repo.maven.apache.org/maven2/org/apache/maven/doxia/doxia-sink-api/1.0-alpha-7/doxia-sink-api-1.0-alpha-7.jar (5.9 kB at 65 kB/s)
[e7d95e7d-9ca2-453d-a7c4-a5a8809b8f6f/build]   | [INFO] Downloading from central: https://repo.maven.apache.org/maven2/commons-cli/commons-cli/1.0/commons-cli-1.0.jar
[e7d95e7d-9ca2-453d-a7c4-a5a8809b8f6f/build]   | [INFO] Downloaded from central: https://repo.maven.apache.org/maven2/org/apache/maven/maven-plugin-parameter-documenter/2.0.6/maven-plugin-parameter-documenter-2.0.6.jar (21 kB at 218 kB/s)
[e7d95e7d-9ca2-453d-a7c4-a5a8809b8f6f/build]   | [INFO] Downloading from central: https://repo.maven.apache.org/maven2/org/apache/maven/maven-plugin-descriptor/2.0.6/maven-plugin-descriptor-2.0.6.jar
[e7d95e7d-9ca2-453d-a7c4-a5a8809b8f6f/build]   | [INFO] Downloaded from central: https://repo.maven.apache.org/maven2/org/apache/maven/maven-profile/2.0.6/maven-profile-2.0.6.jar (35 kB at 360 kB/s)
[e7d95e7d-9ca2-453d-a7c4-a5a8809b8f6f/build]   | [INFO] Downloading from central: https://repo.maven.apache.org/maven2/org/codehaus/plexus/plexus-interactivity-api/1.0-alpha-4/plexus-interactivity-api-1.0-alpha-4.jar
[e7d95e7d-9ca2-453d-a7c4-a5a8809b8f6f/build]   | [INFO] Downloaded from central: https://repo.maven.apache.org/maven2/commons-cli/commons-cli/1.0/commons-cli-1.0.jar (30 kB at 251 kB/s)
[e7d95e7d-9ca2-453d-a7c4-a5a8809b8f6f/build]   | [INFO] Downloading from central: https://repo.maven.apache.org/maven2/classworlds/classworlds/1.1/classworlds-1.1.jar
[e7d95e7d-9ca2-453d-a7c4-a5a8809b8f6f/build]   | [INFO] Downloaded from central: https://repo.maven.apache.org/maven2/org/apache/maven/maven-repository-metadata/2.0.6/maven-repository-metadata-2.0.6.jar (24 kB at 202 kB/s)
[e7d95e7d-9ca2-453d-a7c4-a5a8809b8f6f/build]   | [INFO] Downloading from central: https://repo.maven.apache.org/maven2/org/apache/maven/maven-artifact/2.0.6/maven-artifact-2.0.6.jar
[e7d95e7d-9ca2-453d-a7c4-a5a8809b8f6f/build]   | [INFO] Downloaded from central: https://repo.maven.apache.org/maven2/org/apache/maven/maven-error-diagnostics/2.0.6/maven-error-diagnostics-2.0.6.jar (14 kB at 112 kB/s)
[e7d95e7d-9ca2-453d-a7c4-a5a8809b8f6f/build]   | [INFO] Downloading from central: https://repo.maven.apache.org/maven2/org/apache/maven/maven-settings/2.0.6/maven-settings-2.0.6.jar
[e7d95e7d-9ca2-453d-a7c4-a5a8809b8f6f/build]   | [INFO] Downloaded from central: https://repo.maven.apache.org/maven2/org/codehaus/plexus/plexus-interactivity-api/1.0-alpha-4/plexus-interactivity-api-1.0-alpha-4.jar (13 kB at 107 kB/s)
[e7d95e7d-9ca2-453d-a7c4-a5a8809b8f6f/build]   | [INFO] Downloading from central: https://repo.maven.apache.org/maven2/org/apache/maven/maven-model/2.0.6/maven-model-2.0.6.jar
[e7d95e7d-9ca2-453d-a7c4-a5a8809b8f6f/build]   | [INFO] Downloaded from central: https://repo.maven.apache.org/maven2/org/apache/maven/maven-plugin-descriptor/2.0.6/maven-plugin-descriptor-2.0.6.jar (37 kB at 288 kB/s)
[e7d95e7d-9ca2-453d-a7c4-a5a8809b8f6f/build]   | [INFO] Downloading from central: https://repo.maven.apache.org/maven2/org/apache/maven/maven-monitor/2.0.6/maven-monitor-2.0.6.jar
[e7d95e7d-9ca2-453d-a7c4-a5a8809b8f6f/build]   | [INFO] Downloaded from central: https://repo.maven.apache.org/maven2/org/apache/maven/maven-settings/2.0.6/maven-settings-2.0.6.jar (49 kB at 361 kB/s)
[e7d95e7d-9ca2-453d-a7c4-a5a8809b8f6f/build]   | [INFO] Downloading from central: https://repo.maven.apache.org/maven2/org/codehaus/plexus/plexus-container-default/1.0-alpha-9-stable-1/plexus-container-default-1.0-alpha-9-stable-1.jar
[e7d95e7d-9ca2-453d-a7c4-a5a8809b8f6f/build]   | [INFO] Downloaded from central: https://repo.maven.apache.org/maven2/classworlds/classworlds/1.1/classworlds-1.1.jar (38 kB at 256 kB/s)
[e7d95e7d-9ca2-453d-a7c4-a5a8809b8f6f/build]   | [INFO] Downloading from central: https://repo.maven.apache.org/maven2/junit/junit/3.8.1/junit-3.8.1.jar
[e7d95e7d-9ca2-453d-a7c4-a5a8809b8f6f/build]   | [INFO] Downloaded from central: https://repo.maven.apache.org/maven2/org/apache/maven/maven-monitor/2.0.6/maven-monitor-2.0.6.jar (10 kB at 68 kB/s)
[e7d95e7d-9ca2-453d-a7c4-a5a8809b8f6f/build]   | [INFO] Downloading from central: https://repo.maven.apache.org/maven2/org/codehaus/plexus/plexus-utils/2.0.5/plexus-utils-2.0.5.jar
[e7d95e7d-9ca2-453d-a7c4-a5a8809b8f6f/build]   | [INFO] Downloaded from central: https://repo.maven.apache.org/maven2/org/apache/maven/maven-model/2.0.6/maven-model-2.0.6.jar (86 kB at 572 kB/s)
[e7d95e7d-9ca2-453d-a7c4-a5a8809b8f6f/build]   | [INFO] Downloading from central: https://repo.maven.apache.org/maven2/org/apache/maven/shared/maven-filtering/1.1/maven-filtering-1.1.jar
[e7d95e7d-9ca2-453d-a7c4-a5a8809b8f6f/build]   | [INFO] Downloaded from central: https://repo.maven.apache.org/maven2/org/apache/maven/maven-artifact/2.0.6/maven-artifact-2.0.6.jar (87 kB at 539 kB/s)
[e7d95e7d-9ca2-453d-a7c4-a5a8809b8f6f/build]   | [INFO] Downloading from central: https://repo.maven.apache.org/maven2/org/sonatype/plexus/plexus-build-api/0.0.4/plexus-build-api-0.0.4.jar
[e7d95e7d-9ca2-453d-a7c4-a5a8809b8f6f/build]   | [INFO] Downloaded from central: https://repo.maven.apache.org/maven2/org/codehaus/plexus/plexus-container-default/1.0-alpha-9-stable-1/plexus-container-default-1.0-alpha-9-stable-1.jar (194 kB at 1.1 MB/s)
[e7d95e7d-9ca2-453d-a7c4-a5a8809b8f6f/build]   | [INFO] Downloading from central: https://repo.maven.apache.org/maven2/org/codehaus/plexus/plexus-interpolation/1.13/plexus-interpolation-1.13.jar
[e7d95e7d-9ca2-453d-a7c4-a5a8809b8f6f/build]   | [INFO] Downloaded from central: https://repo.maven.apache.org/maven2/junit/junit/3.8.1/junit-3.8.1.jar (121 kB at 684 kB/s)
[e7d95e7d-9ca2-453d-a7c4-a5a8809b8f6f/build]   | [INFO] Downloaded from central: https://repo.maven.apache.org/maven2/org/apache/maven/shared/maven-filtering/1.1/maven-filtering-1.1.jar (43 kB at 244 kB/s)
[e7d95e7d-9ca2-453d-a7c4-a5a8809b8f6f/build]   | [INFO] Downloaded from central: https://repo.maven.apache.org/maven2/org/sonatype/plexus/plexus-build-api/0.0.4/plexus-build-api-0.0.4.jar (6.8 kB at 36 kB/s)
[e7d95e7d-9ca2-453d-a7c4-a5a8809b8f6f/build]   | [INFO] Downloaded from central: https://repo.maven.apache.org/maven2/org/codehaus/plexus/plexus-interpolation/1.13/plexus-interpolation-1.13.jar (61 kB at 296 kB/s)
[e7d95e7d-9ca2-453d-a7c4-a5a8809b8f6f/build]   | [INFO] Downloaded from central: https://repo.maven.apache.org/maven2/org/codehaus/plexus/plexus-utils/2.0.5/plexus-utils-2.0.5.jar (223 kB at 1.0 MB/s)
[e7d95e7d-9ca2-453d-a7c4-a5a8809b8f6f/build]   | [WARNING] Using platform encoding (UTF-8 actually) to copy filtered resources, i.e. build is platform dependent!
[e7d95e7d-9ca2-453d-a7c4-a5a8809b8f6f/build]   | [INFO] skip non existing resourceDirectory /tmp/a338f13a-7465-43af-bca6-b15bf96f1c07/src/main/resources
[e7d95e7d-9ca2-453d-a7c4-a5a8809b8f6f/build]   | [INFO] 
[e7d95e7d-9ca2-453d-a7c4-a5a8809b8f6f/build]   | [INFO] --- maven-compiler-plugin:2.5.1:compile (default-compile) @ nodebox ---
[e7d95e7d-9ca2-453d-a7c4-a5a8809b8f6f/build]   | [INFO] Downloading from central: https://repo.maven.apache.org/maven2/org/apache/maven/maven-plugin-api/2.0.9/maven-plugin-api-2.0.9.pom
[e7d95e7d-9ca2-453d-a7c4-a5a8809b8f6f/build]   | [INFO] Downloaded from central: https://repo.maven.apache.org/maven2/org/apache/maven/maven-plugin-api/2.0.9/maven-plugin-api-2.0.9.pom (1.5 kB at 57 kB/s)
[e7d95e7d-9ca2-453d-a7c4-a5a8809b8f6f/build]   | [INFO] Downloading from central: https://repo.maven.apache.org/maven2/org/apache/maven/maven/2.0.9/maven-2.0.9.pom
[e7d95e7d-9ca2-453d-a7c4-a5a8809b8f6f/build]   | [INFO] Downloaded from central: https://repo.maven.apache.org/maven2/org/apache/maven/maven/2.0.9/maven-2.0.9.pom (19 kB at 540 kB/s)
[e7d95e7d-9ca2-453d-a7c4-a5a8809b8f6f/build]   | [INFO] Downloading from central: https://repo.maven.apache.org/maven2/org/apache/maven/maven-parent/8/maven-parent-8.pom
[e7d95e7d-9ca2-453d-a7c4-a5a8809b8f6f/build]   | [INFO] Downloaded from central: https://repo.maven.apache.org/maven2/org/apache/maven/maven-parent/8/maven-parent-8.pom (24 kB at 1.3 MB/s)
[e7d95e7d-9ca2-453d-a7c4-a5a8809b8f6f/build]   | [INFO] Downloading from central: https://repo.maven.apache.org/maven2/org/apache/apache/4/apache-4.pom
[e7d95e7d-9ca2-453d-a7c4-a5a8809b8f6f/build]   | [INFO] Downloaded from central: https://repo.maven.apache.org/maven2/org/apache/apache/4/apache-4.pom (4.5 kB at 187 kB/s)
[e7d95e7d-9ca2-453d-a7c4-a5a8809b8f6f/build]   | [INFO] Downloading from central: https://repo.maven.apache.org/maven2/org/apache/maven/maven-artifact/2.0.9/maven-artifact-2.0.9.pom
[e7d95e7d-9ca2-453d-a7c4-a5a8809b8f6f/build]   | [INFO] Downloaded from central: https://repo.maven.apache.org/maven2/org/apache/maven/maven-artifact/2.0.9/maven-artifact-2.0.9.pom (1.6 kB at 36 kB/s)
[e7d95e7d-9ca2-453d-a7c4-a5a8809b8f6f/build]   | [INFO] Downloading from central: https://repo.maven.apache.org/maven2/org/codehaus/plexus/plexus-utils/1.5.1/plexus-utils-1.5.1.pom
[e7d95e7d-9ca2-453d-a7c4-a5a8809b8f6f/build]   | [INFO] Downloaded from central: https://repo.maven.apache.org/maven2/org/codehaus/plexus/plexus-utils/1.5.1/plexus-utils-1.5.1.pom (2.3 kB at 96 kB/s)
[e7d95e7d-9ca2-453d-a7c4-a5a8809b8f6f/build]   | [INFO] Downloading from central: https://repo.maven.apache.org/maven2/org/apache/maven/maven-core/2.0.9/maven-core-2.0.9.pom
[e7d95e7d-9ca2-453d-a7c4-a5a8809b8f6f/build]   | [INFO] Downloaded from central: https://repo.maven.apache.org/maven2/org/apache/maven/maven-core/2.0.9/maven-core-2.0.9.pom (7.8 kB at 288 kB/s)
[e7d95e7d-9ca2-453d-a7c4-a5a8809b8f6f/build]   | [INFO] Downloading from central: https://repo.maven.apache.org/maven2/org/apache/maven/maven-settings/2.0.9/maven-settings-2.0.9.pom
[e7d95e7d-9ca2-453d-a7c4-a5a8809b8f6f/build]   | [INFO] Downloaded from central: https://repo.maven.apache.org/maven2/org/apache/maven/maven-settings/2.0.9/maven-settings-2.0.9.pom (2.1 kB at 50 kB/s)
[e7d95e7d-9ca2-453d-a7c4-a5a8809b8f6f/build]   | [INFO] Downloading from central: https://repo.maven.apache.org/maven2/org/apache/maven/maven-model/2.0.9/maven-model-2.0.9.pom
[e7d95e7d-9ca2-453d-a7c4-a5a8809b8f6f/build]   | [INFO] Downloaded from central: https://repo.maven.apache.org/maven2/org/apache/maven/maven-model/2.0.9/maven-model-2.0.9.pom (3.1 kB at 42 kB/s)
[e7d95e7d-9ca2-453d-a7c4-a5a8809b8f6f/build]   | [INFO] Downloading from central: https://repo.maven.apache.org/maven2/org/apache/maven/maven-plugin-parameter-documenter/2.0.9/maven-plugin-parameter-documenter-2.0.9.pom
[e7d95e7d-9ca2-453d-a7c4-a5a8809b8f6f/build]   | [INFO] Downloaded from central: https://repo.maven.apache.org/maven2/org/apache/maven/maven-plugin-parameter-documenter/2.0.9/maven-plugin-parameter-documenter-2.0.9.pom (2.0 kB at 65 kB/s)
[e7d95e7d-9ca2-453d-a7c4-a5a8809b8f6f/build]   | [INFO] Downloading from central: https://repo.maven.apache.org/maven2/org/apache/maven/maven-profile/2.0.9/maven-profile-2.0.9.pom
[e7d95e7d-9ca2-453d-a7c4-a5a8809b8f6f/build]   | [INFO] Downloaded from central: https://repo.maven.apache.org/maven2/org/apache/maven/maven-profile/2.0.9/maven-profile-2.0.9.pom (2.0 kB at 146 kB/s)
[e7d95e7d-9ca2-453d-a7c4-a5a8809b8f6f/build]   | [INFO] Downloading from central: https://repo.maven.apache.org/maven2/org/apache/maven/maven-repository-metadata/2.0.9/maven-repository-metadata-2.0.9.pom
[e7d95e7d-9ca2-453d-a7c4-a5a8809b8f6f/build]   | [INFO] Downloaded from central: https://repo.maven.apache.org/maven2/org/apache/maven/maven-repository-metadata/2.0.9/maven-repository-metadata-2.0.9.pom (1.9 kB at 70 kB/s)
[e7d95e7d-9ca2-453d-a7c4-a5a8809b8f6f/build]   | [INFO] Downloading from central: https://repo.maven.apache.org/maven2/org/apache/maven/maven-error-diagnostics/2.0.9/maven-error-diagnostics-2.0.9.pom
[e7d95e7d-9ca2-453d-a7c4-a5a8809b8f6f/build]   | [INFO] Downloaded from central: https://repo.maven.apache.org/maven2/org/apache/maven/maven-error-diagnostics/2.0.9/maven-error-diagnostics-2.0.9.pom (1.7 kB at 29 kB/s)
[e7d95e7d-9ca2-453d-a7c4-a5a8809b8f6f/build]   | [INFO] Downloading from central: https://repo.maven.apache.org/maven2/org/apache/maven/maven-project/2.0.9/maven-project-2.0.9.pom
[e7d95e7d-9ca2-453d-a7c4-a5a8809b8f6f/build]   | [INFO] Downloaded from central: https://repo.maven.apache.org/maven2/org/apache/maven/maven-project/2.0.9/maven-project-2.0.9.pom (2.7 kB at 80 kB/s)
[e7d95e7d-9ca2-453d-a7c4-a5a8809b8f6f/build]   | [INFO] Downloading from central: https://repo.maven.apache.org/maven2/org/apache/maven/maven-artifact-manager/2.0.9/maven-artifact-manager-2.0.9.pom
[e7d95e7d-9ca2-453d-a7c4-a5a8809b8f6f/build]   | [INFO] Downloaded from central: https://repo.maven.apache.org/maven2/org/apache/maven/maven-artifact-manager/2.0.9/maven-artifact-manager-2.0.9.pom (2.7 kB at 44 kB/s)
[e7d95e7d-9ca2-453d-a7c4-a5a8809b8f6f/build]   | [INFO] Downloading from central: https://repo.maven.apache.org/maven2/org/apache/maven/maven-plugin-registry/2.0.9/maven-plugin-registry-2.0.9.pom
[e7d95e7d-9ca2-453d-a7c4-a5a8809b8f6f/build]   | [INFO] Downloaded from central: https://repo.maven.apache.org/maven2/org/apache/maven/maven-plugin-registry/2.0.9/maven-plugin-registry-2.0.9.pom (2.0 kB at 52 kB/s)
[e7d95e7d-9ca2-453d-a7c4-a5a8809b8f6f/build]   | [INFO] Downloading from central: https://repo.maven.apache.org/maven2/org/apache/maven/maven-plugin-descriptor/2.0.9/maven-plugin-descriptor-2.0.9.pom
[e7d95e7d-9ca2-453d-a7c4-a5a8809b8f6f/build]   | [INFO] Downloaded from central: https://repo.maven.apache.org/maven2/org/apache/maven/maven-plugin-descriptor/2.0.9/maven-plugin-descriptor-2.0.9.pom (2.1 kB at 72 kB/s)
[e7d95e7d-9ca2-453d-a7c4-a5a8809b8f6f/build]   | [INFO] Downloading from central: https://repo.maven.apache.org/maven2/org/apache/maven/maven-monitor/2.0.9/maven-monitor-2.0.9.pom
[e7d95e7d-9ca2-453d-a7c4-a5a8809b8f6f/build]   | [INFO] Downloaded from central: https://repo.maven.apache.org/maven2/org/apache/maven/maven-monitor/2.0.9/maven-monitor-2.0.9.pom (1.3 kB at 51 kB/s)
[e7d95e7d-9ca2-453d-a7c4-a5a8809b8f6f/build]   | [INFO] Downloading from central: https://repo.maven.apache.org/maven2/org/apache/maven/maven-toolchain/1.0/maven-toolchain-1.0.pom
[e7d95e7d-9ca2-453d-a7c4-a5a8809b8f6f/build]   | [INFO] Downloaded from central: https://repo.maven.apache.org/maven2/org/apache/maven/maven-toolchain/1.0/maven-toolchain-1.0.pom (3.4 kB at 131 kB/s)
[e7d95e7d-9ca2-453d-a7c4-a5a8809b8f6f/build]   | [INFO] Downloading from central: https://repo.maven.apache.org/maven2/org/codehaus/plexus/plexus-utils/3.0/plexus-utils-3.0.pom
[e7d95e7d-9ca2-453d-a7c4-a5a8809b8f6f/build]   | [INFO] Downloaded from central: https://repo.maven.apache.org/maven2/org/codehaus/plexus/plexus-utils/3.0/plexus-utils-3.0.pom (4.1 kB at 156 kB/s)
[e7d95e7d-9ca2-453d-a7c4-a5a8809b8f6f/build]   | [INFO] Downloading from central: https://repo.maven.apache.org/maven2/org/sonatype/spice/spice-parent/16/spice-parent-16.pom
[e7d95e7d-9ca2-453d-a7c4-a5a8809b8f6f/build]   | [INFO] Downloaded from central: https://repo.maven.apache.org/maven2/org/sonatype/spice/spice-parent/16/spice-parent-16.pom (8.4 kB at 464 kB/s)
[e7d95e7d-9ca2-453d-a7c4-a5a8809b8f6f/build]   | [INFO] Downloading from central: https://repo.maven.apache.org/maven2/org/sonatype/forge/forge-parent/5/forge-parent-5.pom
[e7d95e7d-9ca2-453d-a7c4-a5a8809b8f6f/build]   | [INFO] Downloaded from central: https://repo.maven.apache.org/maven2/org/sonatype/forge/forge-parent/5/forge-parent-5.pom (8.4 kB at 129 kB/s)
[e7d95e7d-9ca2-453d-a7c4-a5a8809b8f6f/build]   | [INFO] Downloading from central: https://repo.maven.apache.org/maven2/org/codehaus/plexus/plexus-compiler-api/1.9.1/plexus-compiler-api-1.9.1.pom
[e7d95e7d-9ca2-453d-a7c4-a5a8809b8f6f/build]   | [INFO] Downloaded from central: https://repo.maven.apache.org/maven2/org/codehaus/plexus/plexus-compiler-api/1.9.1/plexus-compiler-api-1.9.1.pom (867 B at 38 kB/s)
[e7d95e7d-9ca2-453d-a7c4-a5a8809b8f6f/build]   | [INFO] Downloading from central: https://repo.maven.apache.org/maven2/org/codehaus/plexus/plexus-compiler/1.9.1/plexus-compiler-1.9.1.pom
[e7d95e7d-9ca2-453d-a7c4-a5a8809b8f6f/build]   | [INFO] Downloaded from central: https://repo.maven.apache.org/maven2/org/codehaus/plexus/plexus-compiler/1.9.1/plexus-compiler-1.9.1.pom (3.8 kB at 54 kB/s)
[e7d95e7d-9ca2-453d-a7c4-a5a8809b8f6f/build]   | [INFO] Downloading from central: https://repo.maven.apache.org/maven2/org/codehaus/plexus/plexus-components/1.1.20/plexus-components-1.1.20.pom
[e7d95e7d-9ca2-453d-a7c4-a5a8809b8f6f/build]   | [INFO] Downloaded from central: https://repo.maven.apache.org/maven2/org/codehaus/plexus/plexus-components/1.1.20/plexus-components-1.1.20.pom (3.0 kB at 36 kB/s)
[e7d95e7d-9ca2-453d-a7c4-a5a8809b8f6f/build]   | [INFO] Downloading from central: https://repo.maven.apache.org/maven2/org/codehaus/plexus/plexus/3.1/plexus-3.1.pom
[e7d95e7d-9ca2-453d-a7c4-a5a8809b8f6f/build]   | [INFO] Downloaded from central: https://repo.maven.apache.org/maven2/org/codehaus/plexus/plexus/3.1/plexus-3.1.pom (19 kB at 365 kB/s)
[e7d95e7d-9ca2-453d-a7c4-a5a8809b8f6f/build]   | [INFO] Downloading from central: https://repo.maven.apache.org/maven2/org/sonatype/spice/spice-parent/17/spice-parent-17.pom
[e7d95e7d-9ca2-453d-a7c4-a5a8809b8f6f/build]   | [INFO] Downloaded from central: https://repo.maven.apache.org/maven2/org/sonatype/spice/spice-parent/17/spice-parent-17.pom (6.8 kB at 57 kB/s)
[e7d95e7d-9ca2-453d-a7c4-a5a8809b8f6f/build]   | [INFO] Downloading from central: https://repo.maven.apache.org/maven2/org/sonatype/forge/forge-parent/10/forge-parent-10.pom
[e7d95e7d-9ca2-453d-a7c4-a5a8809b8f6f/build]   | [INFO] Downloaded from central: https://repo.maven.apache.org/maven2/org/sonatype/forge/forge-parent/10/forge-parent-10.pom (14 kB at 256 kB/s)
[e7d95e7d-9ca2-453d-a7c4-a5a8809b8f6f/build]   | [INFO] Downloading from central: https://repo.maven.apache.org/maven2/org/codehaus/plexus/plexus-compiler-manager/1.9.1/plexus-compiler-manager-1.9.1.pom
[e7d95e7d-9ca2-453d-a7c4-a5a8809b8f6f/build]   | [INFO] Downloaded from central: https://repo.maven.apache.org/maven2/org/codehaus/plexus/plexus-compiler-manager/1.9.1/plexus-compiler-manager-1.9.1.pom (692 B at 13 kB/s)
[e7d95e7d-9ca2-453d-a7c4-a5a8809b8f6f/build]   | [INFO] Downloading from central: https://repo.maven.apache.org/maven2/org/codehaus/plexus/plexus-compiler-javac/1.9.1/plexus-compiler-javac-1.9.1.pom
[e7d95e7d-9ca2-453d-a7c4-a5a8809b8f6f/build]   | [INFO] Downloaded from central: https://repo.maven.apache.org/maven2/org/codehaus/plexus/plexus-compiler-javac/1.9.1/plexus-compiler-javac-1.9.1.pom (688 B at 12 kB/s)
[e7d95e7d-9ca2-453d-a7c4-a5a8809b8f6f/build]   | [INFO] Downloading from central: https://repo.maven.apache.org/maven2/org/codehaus/plexus/plexus-compilers/1.9.1/plexus-compilers-1.9.1.pom
[e7d95e7d-9ca2-453d-a7c4-a5a8809b8f6f/build]   | [INFO] Downloaded from central: https://repo.maven.apache.org/maven2/org/codehaus/plexus/plexus-compilers/1.9.1/plexus-compilers-1.9.1.pom (1.2 kB at 35 kB/s)
[e7d95e7d-9ca2-453d-a7c4-a5a8809b8f6f/build]   | [INFO] Downloading from central: https://repo.maven.apache.org/maven2/org/apache/maven/maven-plugin-api/2.0.9/maven-plugin-api-2.0.9.jar
[e7d95e7d-9ca2-453d-a7c4-a5a8809b8f6f/build]   | [INFO] Downloading from central: https://repo.maven.apache.org/maven2/org/apache/maven/maven-artifact/2.0.9/maven-artifact-2.0.9.jar
[e7d95e7d-9ca2-453d-a7c4-a5a8809b8f6f/build]   | [INFO] Downloading from central: https://repo.maven.apache.org/maven2/org/apache/maven/maven-core/2.0.9/maven-core-2.0.9.jar
[e7d95e7d-9ca2-453d-a7c4-a5a8809b8f6f/build]   | [INFO] Downloading from central: https://repo.maven.apache.org/maven2/org/apache/maven/maven-settings/2.0.9/maven-settings-2.0.9.jar
[e7d95e7d-9ca2-453d-a7c4-a5a8809b8f6f/build]   | [INFO] Downloading from central: https://repo.maven.apache.org/maven2/org/apache/maven/maven-plugin-parameter-documenter/2.0.9/maven-plugin-parameter-documenter-2.0.9.jar
[e7d95e7d-9ca2-453d-a7c4-a5a8809b8f6f/build]   | [INFO] Downloaded from central: https://repo.maven.apache.org/maven2/org/apache/maven/maven-plugin-parameter-documenter/2.0.9/maven-plugin-parameter-documenter-2.0.9.jar (21 kB at 394 kB/s)
[e7d95e7d-9ca2-453d-a7c4-a5a8809b8f6f/build]   | [INFO] Downloading from central: https://repo.maven.apache.org/maven2/org/apache/maven/maven-profile/2.0.9/maven-profile-2.0.9.jar
[e7d95e7d-9ca2-453d-a7c4-a5a8809b8f6f/build]   | [INFO] Downloaded from central: https://repo.maven.apache.org/maven2/org/apache/maven/maven-settings/2.0.9/maven-settings-2.0.9.jar (49 kB at 877 kB/s)
[e7d95e7d-9ca2-453d-a7c4-a5a8809b8f6f/build]   | [INFO] Downloading from central: https://repo.maven.apache.org/maven2/org/apache/maven/maven-model/2.0.9/maven-model-2.0.9.jar
[e7d95e7d-9ca2-453d-a7c4-a5a8809b8f6f/build]   | [INFO] Downloaded from central: https://repo.maven.apache.org/maven2/org/apache/maven/maven-plugin-api/2.0.9/maven-plugin-api-2.0.9.jar (13 kB at 201 kB/s)
[e7d95e7d-9ca2-453d-a7c4-a5a8809b8f6f/build]   | [INFO] Downloading from central: https://repo.maven.apache.org/maven2/org/apache/maven/maven-repository-metadata/2.0.9/maven-repository-metadata-2.0.9.jar
[e7d95e7d-9ca2-453d-a7c4-a5a8809b8f6f/build]   | [INFO] Downloaded from central: https://repo.maven.apache.org/maven2/org/apache/maven/maven-core/2.0.9/maven-core-2.0.9.jar (160 kB at 2.6 MB/s)
[e7d95e7d-9ca2-453d-a7c4-a5a8809b8f6f/build]   | [INFO] Downloading from central: https://repo.maven.apache.org/maven2/org/apache/maven/maven-error-diagnostics/2.0.9/maven-error-diagnostics-2.0.9.jar
[e7d95e7d-9ca2-453d-a7c4-a5a8809b8f6f/build]   | [INFO] Downloaded from central: https://repo.maven.apache.org/maven2/org/apache/maven/maven-artifact/2.0.9/maven-artifact-2.0.9.jar (89 kB at 1.2 MB/s)
[e7d95e7d-9ca2-453d-a7c4-a5a8809b8f6f/build]   | [INFO] Downloading from central: https://repo.maven.apache.org/maven2/org/apache/maven/maven-project/2.0.9/maven-project-2.0.9.jar
[e7d95e7d-9ca2-453d-a7c4-a5a8809b8f6f/build]   | [INFO] Downloaded from central: https://repo.maven.apache.org/maven2/org/apache/maven/maven-profile/2.0.9/maven-profile-2.0.9.jar (35 kB at 354 kB/s)
[e7d95e7d-9ca2-453d-a7c4-a5a8809b8f6f/build]   | [INFO] Downloading from central: https://repo.maven.apache.org/maven2/org/apache/maven/maven-plugin-registry/2.0.9/maven-plugin-registry-2.0.9.jar
[e7d95e7d-9ca2-453d-a7c4-a5a8809b8f6f/build]   | [INFO] Downloaded from central: https://repo.maven.apache.org/maven2/org/apache/maven/maven-repository-metadata/2.0.9/maven-repository-metadata-2.0.9.jar (25 kB at 238 kB/s)
[e7d95e7d-9ca2-453d-a7c4-a5a8809b8f6f/build]   | [INFO] Downloading from central: https://repo.maven.apache.org/maven2/org/apache/maven/maven-plugin-descriptor/2.0.9/maven-plugin-descriptor-2.0.9.jar
[e7d95e7d-9ca2-453d-a7c4-a5a8809b8f6f/build]   | [INFO] Downloaded from central: https://repo.maven.apache.org/maven2/org/apache/maven/maven-model/2.0.9/maven-model-2.0.9.jar (87 kB at 840 kB/s)
[e7d95e7d-9ca2-453d-a7c4-a5a8809b8f6f/build]   | [INFO] Downloading from central: https://repo.maven.apache.org/maven2/org/apache/maven/maven-artifact-manager/2.0.9/maven-artifact-manager-2.0.9.jar
[e7d95e7d-9ca2-453d-a7c4-a5a8809b8f6f/build]   | [INFO] Downloaded from central: https://repo.maven.apache.org/maven2/org/apache/maven/maven-error-diagnostics/2.0.9/maven-error-diagnostics-2.0.9.jar (14 kB at 128 kB/s)
[e7d95e7d-9ca2-453d-a7c4-a5a8809b8f6f/build]   | [INFO] Downloading from central: https://repo.maven.apache.org/maven2/org/apache/maven/maven-monitor/2.0.9/maven-monitor-2.0.9.jar
[e7d95e7d-9ca2-453d-a7c4-a5a8809b8f6f/build]   | [INFO] Downloaded from central: https://repo.maven.apache.org/maven2/org/apache/maven/maven-project/2.0.9/maven-project-2.0.9.jar (122 kB at 1.1 MB/s)
[e7d95e7d-9ca2-453d-a7c4-a5a8809b8f6f/build]   | [INFO] Downloading from central: https://repo.maven.apache.org/maven2/org/apache/maven/maven-toolchain/1.0/maven-toolchain-1.0.jar
[e7d95e7d-9ca2-453d-a7c4-a5a8809b8f6f/build]   | [INFO] Downloaded from central: https://repo.maven.apache.org/maven2/org/apache/maven/maven-plugin-descriptor/2.0.9/maven-plugin-descriptor-2.0.9.jar (37 kB at 296 kB/s)
[e7d95e7d-9ca2-453d-a7c4-a5a8809b8f6f/build]   | [INFO] Downloading from central: https://repo.maven.apache.org/maven2/org/codehaus/plexus/plexus-utils/3.0/plexus-utils-3.0.jar
[e7d95e7d-9ca2-453d-a7c4-a5a8809b8f6f/build]   | [INFO] Downloaded from central: https://repo.maven.apache.org/maven2/org/apache/maven/maven-plugin-registry/2.0.9/maven-plugin-registry-2.0.9.jar (29 kB at 229 kB/s)
[e7d95e7d-9ca2-453d-a7c4-a5a8809b8f6f/build]   | [INFO] Downloading from central: https://repo.maven.apache.org/maven2/org/codehaus/plexus/plexus-compiler-api/1.9.1/plexus-compiler-api-1.9.1.jar
[e7d95e7d-9ca2-453d-a7c4-a5a8809b8f6f/build]   | [INFO] Downloaded from central: https://repo.maven.apache.org/maven2/org/apache/maven/maven-artifact-manager/2.0.9/maven-artifact-manager-2.0.9.jar (58 kB at 452 kB/s)
[e7d95e7d-9ca2-453d-a7c4-a5a8809b8f6f/build]   | [INFO] Downloading from central: https://repo.maven.apache.org/maven2/org/codehaus/plexus/plexus-compiler-manager/1.9.1/plexus-compiler-manager-1.9.1.jar
[e7d95e7d-9ca2-453d-a7c4-a5a8809b8f6f/build]   | [INFO] Downloaded from central: https://repo.maven.apache.org/maven2/org/apache/maven/maven-monitor/2.0.9/maven-monitor-2.0.9.jar (10 kB at 78 kB/s)
[e7d95e7d-9ca2-453d-a7c4-a5a8809b8f6f/build]   | [INFO] Downloading from central: https://repo.maven.apache.org/maven2/org/codehaus/plexus/plexus-compiler-javac/1.9.1/plexus-compiler-javac-1.9.1.jar
[e7d95e7d-9ca2-453d-a7c4-a5a8809b8f6f/build]   | [INFO] Downloaded from central: https://repo.maven.apache.org/maven2/org/apache/maven/maven-toolchain/1.0/maven-toolchain-1.0.jar (33 kB at 246 kB/s)
[e7d95e7d-9ca2-453d-a7c4-a5a8809b8f6f/build]   | [INFO] Downloading from central: https://repo.maven.apache.org/maven2/classworlds/classworlds/1.1-alpha-2/classworlds-1.1-alpha-2.jar
[e7d95e7d-9ca2-453d-a7c4-a5a8809b8f6f/build]   | [INFO] Downloaded from central: https://repo.maven.apache.org/maven2/org/codehaus/plexus/plexus-compiler-manager/1.9.1/plexus-compiler-manager-1.9.1.jar (4.6 kB at 31 kB/s)
[e7d95e7d-9ca2-453d-a7c4-a5a8809b8f6f/build]   | [INFO] Downloaded from central: https://repo.maven.apache.org/maven2/org/codehaus/plexus/plexus-compiler-api/1.9.1/plexus-compiler-api-1.9.1.jar (21 kB at 133 kB/s)
[e7d95e7d-9ca2-453d-a7c4-a5a8809b8f6f/build]   | [INFO] Downloaded from central: https://repo.maven.apache.org/maven2/org/codehaus/plexus/plexus-compiler-javac/1.9.1/plexus-compiler-javac-1.9.1.jar (14 kB at 86 kB/s)
[e7d95e7d-9ca2-453d-a7c4-a5a8809b8f6f/build]   | [INFO] Downloaded from central: https://repo.maven.apache.org/maven2/org/codehaus/plexus/plexus-utils/3.0/plexus-utils-3.0.jar (226 kB at 1.3 MB/s)
[e7d95e7d-9ca2-453d-a7c4-a5a8809b8f6f/build]   | [INFO] Downloaded from central: https://repo.maven.apache.org/maven2/classworlds/classworlds/1.1-alpha-2/classworlds-1.1-alpha-2.jar (38 kB at 213 kB/s)
[e7d95e7d-9ca2-453d-a7c4-a5a8809b8f6f/build]   | [INFO] Nothing to compile - all classes are up to date
[e7d95e7d-9ca2-453d-a7c4-a5a8809b8f6f/build]   | [INFO] 
[e7d95e7d-9ca2-453d-a7c4-a5a8809b8f6f/build]   | [INFO] --- maven-resources-plugin:2.6:testResources (default-testResources) @ nodebox ---
[e7d95e7d-9ca2-453d-a7c4-a5a8809b8f6f/build]   | [WARNING] Using platform encoding (UTF-8 actually) to copy filtered resources, i.e. build is platform dependent!
[e7d95e7d-9ca2-453d-a7c4-a5a8809b8f6f/build]   | [INFO] skip non existing resourceDirectory /tmp/a338f13a-7465-43af-bca6-b15bf96f1c07/src/test/resources
[e7d95e7d-9ca2-453d-a7c4-a5a8809b8f6f/build]   | [INFO] 
[e7d95e7d-9ca2-453d-a7c4-a5a8809b8f6f/build]   | [INFO] --- maven-compiler-plugin:2.5.1:testCompile (default-testCompile) @ nodebox ---
[e7d95e7d-9ca2-453d-a7c4-a5a8809b8f6f/build]   | [WARNING] File encoding has not been set, using platform encoding UTF-8, i.e. build is platform dependent!
[e7d95e7d-9ca2-453d-a7c4-a5a8809b8f6f/build]   | [INFO] Compiling 1 source file to /tmp/a338f13a-7465-43af-bca6-b15bf96f1c07/target/test-classes
[e7d95e7d-9ca2-453d-a7c4-a5a8809b8f6f/build]   | [INFO] 
[e7d95e7d-9ca2-453d-a7c4-a5a8809b8f6f/build]   | [INFO] --- maven-surefire-plugin:2.12.4:test (default-test) @ nodebox ---
[e7d95e7d-9ca2-453d-a7c4-a5a8809b8f6f/build]   | [INFO] Downloading from central: https://repo.maven.apache.org/maven2/org/apache/maven/surefire/surefire-booter/2.12.4/surefire-booter-2.12.4.pom
[e7d95e7d-9ca2-453d-a7c4-a5a8809b8f6f/build]   | [INFO] Downloaded from central: https://repo.maven.apache.org/maven2/org/apache/maven/surefire/surefire-booter/2.12.4/surefire-booter-2.12.4.pom (3.0 kB at 138 kB/s)
[e7d95e7d-9ca2-453d-a7c4-a5a8809b8f6f/build]   | [INFO] Downloading from central: https://repo.maven.apache.org/maven2/org/apache/maven/surefire/surefire-api/2.12.4/surefire-api-2.12.4.pom
[e7d95e7d-9ca2-453d-a7c4-a5a8809b8f6f/build]   | [INFO] Downloaded from central: https://repo.maven.apache.org/maven2/org/apache/maven/surefire/surefire-api/2.12.4/surefire-api-2.12.4.pom (2.5 kB at 208 kB/s)
[e7d95e7d-9ca2-453d-a7c4-a5a8809b8f6f/build]   | [INFO] Downloading from central: https://repo.maven.apache.org/maven2/org/apache/maven/surefire/maven-surefire-common/2.12.4/maven-surefire-common-2.12.4.pom
[e7d95e7d-9ca2-453d-a7c4-a5a8809b8f6f/build]   | [INFO] Downloaded from central: https://repo.maven.apache.org/maven2/org/apache/maven/surefire/maven-surefire-common/2.12.4/maven-surefire-common-2.12.4.pom (5.5 kB at 251 kB/s)
[e7d95e7d-9ca2-453d-a7c4-a5a8809b8f6f/build]   | [INFO] Downloading from central: https://repo.maven.apache.org/maven2/org/apache/maven/plugin-tools/maven-plugin-annotations/3.1/maven-plugin-annotations-3.1.pom
[e7d95e7d-9ca2-453d-a7c4-a5a8809b8f6f/build]   | [INFO] Downloaded from central: https://repo.maven.apache.org/maven2/org/apache/maven/plugin-tools/maven-plugin-annotations/3.1/maven-plugin-annotations-3.1.pom (1.6 kB at 135 kB/s)
[e7d95e7d-9ca2-453d-a7c4-a5a8809b8f6f/build]   | [INFO] Downloading from central: https://repo.maven.apache.org/maven2/org/apache/maven/plugin-tools/maven-plugin-tools/3.1/maven-plugin-tools-3.1.pom
[e7d95e7d-9ca2-453d-a7c4-a5a8809b8f6f/build]   | [INFO] Downloaded from central: https://repo.maven.apache.org/maven2/org/apache/maven/plugin-tools/maven-plugin-tools/3.1/maven-plugin-tools-3.1.pom (16 kB at 1.1 MB/s)
[e7d95e7d-9ca2-453d-a7c4-a5a8809b8f6f/build]   | [INFO] Downloading from central: https://repo.maven.apache.org/maven2/org/codehaus/plexus/plexus-utils/3.0.8/plexus-utils-3.0.8.pom
[e7d95e7d-9ca2-453d-a7c4-a5a8809b8f6f/build]   | [INFO] Downloaded from central: https://repo.maven.apache.org/maven2/org/codehaus/plexus/plexus-utils/3.0.8/plexus-utils-3.0.8.pom (3.1 kB at 126 kB/s)
[e7d95e7d-9ca2-453d-a7c4-a5a8809b8f6f/build]   | [INFO] Downloading from central: https://repo.maven.apache.org/maven2/org/codehaus/plexus/plexus/3.2/plexus-3.2.pom
[e7d95e7d-9ca2-453d-a7c4-a5a8809b8f6f/build]   | [INFO] Downloaded from central: https://repo.maven.apache.org/maven2/org/codehaus/plexus/plexus/3.2/plexus-3.2.pom (19 kB at 551 kB/s)
[e7d95e7d-9ca2-453d-a7c4-a5a8809b8f6f/build]   | [INFO] Downloading from central: https://repo.maven.apache.org/maven2/org/apache/maven/reporting/maven-reporting-api/2.0.9/maven-reporting-api-2.0.9.pom
[e7d95e7d-9ca2-453d-a7c4-a5a8809b8f6f/build]   | [INFO] Downloaded from central: https://repo.maven.apache.org/maven2/org/apache/maven/reporting/maven-reporting-api/2.0.9/maven-reporting-api-2.0.9.pom (1.8 kB at 106 kB/s)
[e7d95e7d-9ca2-453d-a7c4-a5a8809b8f6f/build]   | [INFO] Downloading from central: https://repo.maven.apache.org/maven2/org/apache/maven/reporting/maven-reporting/2.0.9/maven-reporting-2.0.9.pom
[e7d95e7d-9ca2-453d-a7c4-a5a8809b8f6f/build]   | [INFO] Downloaded from central: https://repo.maven.apache.org/maven2/org/apache/maven/reporting/maven-reporting/2.0.9/maven-reporting-2.0.9.pom (1.5 kB at 57 kB/s)
[e7d95e7d-9ca2-453d-a7c4-a5a8809b8f6f/build]   | [INFO] Downloading from central: https://repo.maven.apache.org/maven2/org/apache/maven/maven-toolchain/2.0.9/maven-toolchain-2.0.9.pom
[e7d95e7d-9ca2-453d-a7c4-a5a8809b8f6f/build]   | [INFO] Downloaded from central: https://repo.maven.apache.org/maven2/org/apache/maven/maven-toolchain/2.0.9/maven-toolchain-2.0.9.pom (3.5 kB at 316 kB/s)
[e7d95e7d-9ca2-453d-a7c4-a5a8809b8f6f/build]   | [INFO] Downloading from central: https://repo.maven.apache.org/maven2/org/apache/commons/commons-lang3/3.1/commons-lang3-3.1.pom
[e7d95e7d-9ca2-453d-a7c4-a5a8809b8f6f/build]   | [INFO] Downloaded from central: https://repo.maven.apache.org/maven2/org/apache/commons/commons-lang3/3.1/commons-lang3-3.1.pom (17 kB at 557 kB/s)
[e7d95e7d-9ca2-453d-a7c4-a5a8809b8f6f/build]   | [INFO] Downloading from central: https://repo.maven.apache.org/maven2/org/apache/commons/commons-parent/22/commons-parent-22.pom
[e7d95e7d-9ca2-453d-a7c4-a5a8809b8f6f/build]   | [INFO] Downloaded from central: https://repo.maven.apache.org/maven2/org/apache/commons/commons-parent/22/commons-parent-22.pom (42 kB at 1.6 MB/s)
[e7d95e7d-9ca2-453d-a7c4-a5a8809b8f6f/build]   | [INFO] Downloading from central: https://repo.maven.apache.org/maven2/org/apache/apache/9/apache-9.pom
[e7d95e7d-9ca2-453d-a7c4-a5a8809b8f6f/build]   | [INFO] Downloaded from central: https://repo.maven.apache.org/maven2/org/apache/apache/9/apache-9.pom (15 kB at 1.0 MB/s)
[e7d95e7d-9ca2-453d-a7c4-a5a8809b8f6f/build]   | [INFO] Downloading from central: https://repo.maven.apache.org/maven2/org/apache/maven/shared/maven-common-artifact-filters/1.3/maven-common-artifact-filters-1.3.pom
[e7d95e7d-9ca2-453d-a7c4-a5a8809b8f6f/build]   | [INFO] Downloaded from central: https://repo.maven.apache.org/maven2/org/apache/maven/shared/maven-common-artifact-filters/1.3/maven-common-artifact-filters-1.3.pom (3.7 kB at 218 kB/s)
[e7d95e7d-9ca2-453d-a7c4-a5a8809b8f6f/build]   | [INFO] Downloading from central: https://repo.maven.apache.org/maven2/org/apache/maven/shared/maven-shared-components/12/maven-shared-components-12.pom
[e7d95e7d-9ca2-453d-a7c4-a5a8809b8f6f/build]   | [INFO] Downloaded from central: https://repo.maven.apache.org/maven2/org/apache/maven/shared/maven-shared-components/12/maven-shared-components-12.pom (9.3 kB at 373 kB/s)
[e7d95e7d-9ca2-453d-a7c4-a5a8809b8f6f/build]   | [INFO] Downloading from central: https://repo.maven.apache.org/maven2/org/apache/maven/maven-parent/13/maven-parent-13.pom
[e7d95e7d-9ca2-453d-a7c4-a5a8809b8f6f/build]   | [INFO] Downloaded from central: https://repo.maven.apache.org/maven2/org/apache/maven/maven-parent/13/maven-parent-13.pom (23 kB at 1.2 MB/s)
[e7d95e7d-9ca2-453d-a7c4-a5a8809b8f6f/build]   | [INFO] Downloading from central: https://repo.maven.apache.org/maven2/org/apache/apache/6/apache-6.pom
[e7d95e7d-9ca2-453d-a7c4-a5a8809b8f6f/build]   | [INFO] Downloaded from central: https://repo.maven.apache.org/maven2/org/apache/apache/6/apache-6.pom (13 kB at 753 kB/s)
[e7d95e7d-9ca2-453d-a7c4-a5a8809b8f6f/build]   | [INFO] Downloading from central: https://repo.maven.apache.org/maven2/org/codehaus/plexus/plexus-container-default/1.0-alpha-9/plexus-container-default-1.0-alpha-9.pom
[e7d95e7d-9ca2-453d-a7c4-a5a8809b8f6f/build]   | [INFO] Downloaded from central: https://repo.maven.apache.org/maven2/org/codehaus/plexus/plexus-container-default/1.0-alpha-9/plexus-container-default-1.0-alpha-9.pom (1.2 kB at 56 kB/s)
[e7d95e7d-9ca2-453d-a7c4-a5a8809b8f6f/build]   | [INFO] Downloading from central: https://repo.maven.apache.org/maven2/org/apache/maven/surefire/surefire-booter/2.12.4/surefire-booter-2.12.4.jar
[e7d95e7d-9ca2-453d-a7c4-a5a8809b8f6f/build]   | [INFO] Downloading from central: https://repo.maven.apache.org/maven2/org/apache/maven/surefire/surefire-api/2.12.4/surefire-api-2.12.4.jar
[e7d95e7d-9ca2-453d-a7c4-a5a8809b8f6f/build]   | [INFO] Downloading from central: https://repo.maven.apache.org/maven2/org/apache/maven/surefire/maven-surefire-common/2.12.4/maven-surefire-common-2.12.4.jar
[e7d95e7d-9ca2-453d-a7c4-a5a8809b8f6f/build]   | [INFO] Downloading from central: https://repo.maven.apache.org/maven2/org/apache/maven/shared/maven-common-artifact-filters/1.3/maven-common-artifact-filters-1.3.jar
[e7d95e7d-9ca2-453d-a7c4-a5a8809b8f6f/build]   | [INFO] Downloading from central: https://repo.maven.apache.org/maven2/org/apache/commons/commons-lang3/3.1/commons-lang3-3.1.jar
[e7d95e7d-9ca2-453d-a7c4-a5a8809b8f6f/build]   | [INFO] Downloaded from central: https://repo.maven.apache.org/maven2/org/apache/maven/shared/maven-common-artifact-filters/1.3/maven-common-artifact-filters-1.3.jar (31 kB at 1.6 MB/s)
[e7d95e7d-9ca2-453d-a7c4-a5a8809b8f6f/build]   | [INFO] Downloading from central: https://repo.maven.apache.org/maven2/org/codehaus/plexus/plexus-utils/3.0.8/plexus-utils-3.0.8.jar
[e7d95e7d-9ca2-453d-a7c4-a5a8809b8f6f/build]   | [INFO] Downloaded from central: https://repo.maven.apache.org/maven2/org/apache/maven/surefire/surefire-booter/2.12.4/surefire-booter-2.12.4.jar (35 kB at 826 kB/s)
[e7d95e7d-9ca2-453d-a7c4-a5a8809b8f6f/build]   | [INFO] Downloading from central: https://repo.maven.apache.org/maven2/org/apache/maven/reporting/maven-reporting-api/2.0.9/maven-reporting-api-2.0.9.jar
[e7d95e7d-9ca2-453d-a7c4-a5a8809b8f6f/build]   | [INFO] Downloaded from central: https://repo.maven.apache.org/maven2/org/codehaus/plexus/plexus-utils/3.0.8/plexus-utils-3.0.8.jar (232 kB at 5.0 MB/s)
[e7d95e7d-9ca2-453d-a7c4-a5a8809b8f6f/build]   | [INFO] Downloading from central: https://repo.maven.apache.org/maven2/org/apache/maven/maven-toolchain/2.0.9/maven-toolchain-2.0.9.jar
[e7d95e7d-9ca2-453d-a7c4-a5a8809b8f6f/build]   | [INFO] Downloaded from central: https://repo.maven.apache.org/maven2/org/apache/maven/surefire/maven-surefire-common/2.12.4/maven-surefire-common-2.12.4.jar (263 kB at 4.5 MB/s)
[e7d95e7d-9ca2-453d-a7c4-a5a8809b8f6f/build]   | [INFO] Downloading from central: https://repo.maven.apache.org/maven2/org/apache/maven/plugin-tools/maven-plugin-annotations/3.1/maven-plugin-annotations-3.1.jar
[e7d95e7d-9ca2-453d-a7c4-a5a8809b8f6f/build]   | [INFO] Downloaded from central: https://repo.maven.apache.org/maven2/org/apache/maven/surefire/surefire-api/2.12.4/surefire-api-2.12.4.jar (118 kB at 1.8 MB/s)
[e7d95e7d-9ca2-453d-a7c4-a5a8809b8f6f/build]   | [INFO] Downloaded from central: https://repo.maven.apache.org/maven2/org/apache/maven/reporting/maven-reporting-api/2.0.9/maven-reporting-api-2.0.9.jar (10 kB at 164 kB/s)
[e7d95e7d-9ca2-453d-a7c4-a5a8809b8f6f/build]   | [INFO] Downloaded from central: https://repo.maven.apache.org/maven2/org/apache/maven/plugin-tools/maven-plugin-annotations/3.1/maven-plugin-annotations-3.1.jar (14 kB at 212 kB/s)
[e7d95e7d-9ca2-453d-a7c4-a5a8809b8f6f/build]   | [INFO] Downloaded from central: https://repo.maven.apache.org/maven2/org/apache/maven/maven-toolchain/2.0.9/maven-toolchain-2.0.9.jar (38 kB at 520 kB/s)
[e7d95e7d-9ca2-453d-a7c4-a5a8809b8f6f/build]   | [INFO] Downloaded from central: https://repo.maven.apache.org/maven2/org/apache/commons/commons-lang3/3.1/commons-lang3-3.1.jar (316 kB at 3.6 MB/s)
[e7d95e7d-9ca2-453d-a7c4-a5a8809b8f6f/build]   | [INFO] Surefire report directory: /tmp/a338f13a-7465-43af-bca6-b15bf96f1c07/target/surefire-reports
[e7d95e7d-9ca2-453d-a7c4-a5a8809b8f6f/build]   | [INFO] Downloading from central: https://repo.maven.apache.org/maven2/org/apache/maven/surefire/surefire-junit4/2.12.4/surefire-junit4-2.12.4.pom
[e7d95e7d-9ca2-453d-a7c4-a5a8809b8f6f/build]   | [INFO] Downloaded from central: https://repo.maven.apache.org/maven2/org/apache/maven/surefire/surefire-junit4/2.12.4/surefire-junit4-2.12.4.pom (2.4 kB at 134 kB/s)
[e7d95e7d-9ca2-453d-a7c4-a5a8809b8f6f/build]   | [INFO] Downloading from central: https://repo.maven.apache.org/maven2/org/apache/maven/surefire/surefire-providers/2.12.4/surefire-providers-2.12.4.pom
[e7d95e7d-9ca2-453d-a7c4-a5a8809b8f6f/build]   | [INFO] Downloaded from central: https://repo.maven.apache.org/maven2/org/apache/maven/surefire/surefire-providers/2.12.4/surefire-providers-2.12.4.pom (2.3 kB at 147 kB/s)
[e7d95e7d-9ca2-453d-a7c4-a5a8809b8f6f/build]   | [INFO] Downloading from central: https://repo.maven.apache.org/maven2/org/apache/maven/surefire/surefire-junit4/2.12.4/surefire-junit4-2.12.4.jar
[e7d95e7d-9ca2-453d-a7c4-a5a8809b8f6f/build]   | [INFO] Downloaded from central: https://repo.maven.apache.org/maven2/org/apache/maven/surefire/surefire-junit4/2.12.4/surefire-junit4-2.12.4.jar (37 kB at 1.8 MB/s)
[e7d95e7d-9ca2-453d-a7c4-a5a8809b8f6f/build]   | 
[e7d95e7d-9ca2-453d-a7c4-a5a8809b8f6f/build]   | -------------------------------------------------------
[e7d95e7d-9ca2-453d-a7c4-a5a8809b8f6f/build]   |  T E S T S
[e7d95e7d-9ca2-453d-a7c4-a5a8809b8f6f/build]   | -------------------------------------------------------
[e7d95e7d-9ca2-453d-a7c4-a5a8809b8f6f/build]   | Running nodebox.ui.ImageFormatTest
[e7d95e7d-9ca2-453d-a7c4-a5a8809b8f6f/build]   | Tests run: 1, Failures: 0, Errors: 0, Skipped: 0, Time elapsed: 0.03 sec
[e7d95e7d-9ca2-453d-a7c4-a5a8809b8f6f/build]   | Running nodebox.function.MathFunctionsTest
[e7d95e7d-9ca2-453d-a7c4-a5a8809b8f6f/build]   | Tests run: 13, Failures: 0, Errors: 0, Skipped: 0, Time elapsed: 0.233 sec
[e7d95e7d-9ca2-453d-a7c4-a5a8809b8f6f/build]   | Running nodebox.function.DataFunctionsTest
[e7d95e7d-9ca2-453d-a7c4-a5a8809b8f6f/build]   | Tests run: 11, Failures: 0, Errors: 0, Skipped: 0, Time elapsed: 0.036 sec
[e7d95e7d-9ca2-453d-a7c4-a5a8809b8f6f/build]   | Running nodebox.function.ListFunctionsTest
[e7d95e7d-9ca2-453d-a7c4-a5a8809b8f6f/build]   | Tests run: 19, Failures: 3, Errors: 0, Skipped: 0, Time elapsed: 0.031 sec <<< FAILURE!
[e7d95e7d-9ca2-453d-a7c4-a5a8809b8f6f/build]   | testFirst(nodebox.function.ListFunctionsTest)  Time elapsed: 0.004 sec  <<< FAILURE!
[e7d95e7d-9ca2-453d-a7c4-a5a8809b8f6f/build]   | junit.framework.AssertionFailedError: Expected: <null> but was: []
[e7d95e7d-9ca2-453d-a7c4-a5a8809b8f6f/build]   | 	at junit.framework.Assert.fail(Assert.java:50)
[e7d95e7d-9ca2-453d-a7c4-a5a8809b8f6f/build]   | 	at junit.framework.Assert.assertTrue(Assert.java:20)
[e7d95e7d-9ca2-453d-a7c4-a5a8809b8f6f/build]   | 	at junit.framework.Assert.assertNull(Assert.java:237)
[e7d95e7d-9ca2-453d-a7c4-a5a8809b8f6f/build]   | 	at junit.framework.Assert.assertNull(Assert.java:230)
[e7d95e7d-9ca2-453d-a7c4-a5a8809b8f6f/build]   | 	at nodebox.function.ListFunctionsTest.testFirst(ListFunctionsTest.java:22)
[e7d95e7d-9ca2-453d-a7c4-a5a8809b8f6f/build]   | 	at java.base/jdk.internal.reflect.NativeMethodAccessorImpl.invoke0(Native Method)
[e7d95e7d-9ca2-453d-a7c4-a5a8809b8f6f/build]   | 	at java.base/jdk.internal.reflect.NativeMethodAccessorImpl.invoke(NativeMethodAccessorImpl.java:62)
[e7d95e7d-9ca2-453d-a7c4-a5a8809b8f6f/build]   | 	at java.base/jdk.internal.reflect.DelegatingMethodAccessorImpl.invoke(DelegatingMethodAccessorImpl.java:43)
[e7d95e7d-9ca2-453d-a7c4-a5a8809b8f6f/build]   | 	at java.base/java.lang.reflect.Method.invoke(Method.java:566)
[e7d95e7d-9ca2-453d-a7c4-a5a8809b8f6f/build]   | 	at org.junit.runners.model.FrameworkMethod$1.runReflectiveCall(FrameworkMethod.java:45)
[e7d95e7d-9ca2-453d-a7c4-a5a8809b8f6f/build]   | 	at org.junit.internal.runners.model.ReflectiveCallable.run(ReflectiveCallable.java:15)
[e7d95e7d-9ca2-453d-a7c4-a5a8809b8f6f/build]   | 	at org.junit.runners.model.FrameworkMethod.invokeExplosively(FrameworkMethod.java:42)
[e7d95e7d-9ca2-453d-a7c4-a5a8809b8f6f/build]   | 	at org.junit.internal.runners.statements.InvokeMethod.evaluate(InvokeMethod.java:20)
[e7d95e7d-9ca2-453d-a7c4-a5a8809b8f6f/build]   | 	at org.junit.runners.ParentRunner.runLeaf(ParentRunner.java:263)
[e7d95e7d-9ca2-453d-a7c4-a5a8809b8f6f/build]   | 	at org.junit.runners.BlockJUnit4ClassRunner.runChild(BlockJUnit4ClassRunner.java:68)
[e7d95e7d-9ca2-453d-a7c4-a5a8809b8f6f/build]   | 	at org.junit.runners.BlockJUnit4ClassRunner.runChild(BlockJUnit4ClassRunner.java:47)
[e7d95e7d-9ca2-453d-a7c4-a5a8809b8f6f/build]   | 	at org.junit.runners.ParentRunner$3.run(ParentRunner.java:231)
[e7d95e7d-9ca2-453d-a7c4-a5a8809b8f6f/build]   | 	at org.junit.runners.ParentRunner$1.schedule(ParentRunner.java:60)
[e7d95e7d-9ca2-453d-a7c4-a5a8809b8f6f/build]   | 	at org.junit.runners.ParentRunner.runChildren(ParentRunner.java:229)
[e7d95e7d-9ca2-453d-a7c4-a5a8809b8f6f/build]   | 	at org.junit.runners.ParentRunner.access$000(ParentRunner.java:50)
[e7d95e7d-9ca2-453d-a7c4-a5a8809b8f6f/build]   | 	at org.junit.runners.ParentRunner$2.evaluate(ParentRunner.java:222)
[e7d95e7d-9ca2-453d-a7c4-a5a8809b8f6f/build]   | 	at org.junit.runners.ParentRunner.run(ParentRunner.java:300)
[e7d95e7d-9ca2-453d-a7c4-a5a8809b8f6f/build]   | 	at org.apache.maven.surefire.junit4.JUnit4Provider.execute(JUnit4Provider.java:252)
[e7d95e7d-9ca2-453d-a7c4-a5a8809b8f6f/build]   | 	at org.apache.maven.surefire.junit4.JUnit4Provider.executeTestSet(JUnit4Provider.java:141)
[e7d95e7d-9ca2-453d-a7c4-a5a8809b8f6f/build]   | 	at org.apache.maven.surefire.junit4.JUnit4Provider.invoke(JUnit4Provider.java:112)
[e7d95e7d-9ca2-453d-a7c4-a5a8809b8f6f/build]   | 	at java.base/jdk.internal.reflect.NativeMethodAccessorImpl.invoke0(Native Method)
[e7d95e7d-9ca2-453d-a7c4-a5a8809b8f6f/build]   | 	at java.base/jdk.internal.reflect.NativeMethodAccessorImpl.invoke(NativeMethodAccessorImpl.java:62)
[e7d95e7d-9ca2-453d-a7c4-a5a8809b8f6f/build]   | 	at java.base/jdk.internal.reflect.DelegatingMethodAccessorImpl.invoke(DelegatingMethodAccessorImpl.java:43)
[e7d95e7d-9ca2-453d-a7c4-a5a8809b8f6f/build]   | 	at java.base/java.lang.reflect.Method.invoke(Method.java:566)
[e7d95e7d-9ca2-453d-a7c4-a5a8809b8f6f/build]   | 	at org.apache.maven.surefire.util.ReflectionUtils.invokeMethodWithArray(ReflectionUtils.java:189)
[e7d95e7d-9ca2-453d-a7c4-a5a8809b8f6f/build]   | 	at org.apache.maven.surefire.booter.ProviderFactory$ProviderProxy.invoke(ProviderFactory.java:165)
[e7d95e7d-9ca2-453d-a7c4-a5a8809b8f6f/build]   | 	at org.apache.maven.surefire.booter.ProviderFactory.invokeProvider(ProviderFactory.java:85)
[e7d95e7d-9ca2-453d-a7c4-a5a8809b8f6f/build]   | 	at org.apache.maven.surefire.booter.ForkedBooter.runSuitesInProcess(ForkedBooter.java:115)
[e7d95e7d-9ca2-453d-a7c4-a5a8809b8f6f/build]   | 	at org.apache.maven.surefire.booter.ForkedBooter.main(ForkedBooter.java:75)
[e7d95e7d-9ca2-453d-a7c4-a5a8809b8f6f/build]   | 
[e7d95e7d-9ca2-453d-a7c4-a5a8809b8f6f/build]   | testSecond(nodebox.function.ListFunctionsTest)  Time elapsed: 0 sec  <<< FAILURE!
[e7d95e7d-9ca2-453d-a7c4-a5a8809b8f6f/build]   | junit.framework.AssertionFailedError: Expected: <null> but was: []
[e7d95e7d-9ca2-453d-a7c4-a5a8809b8f6f/build]   | 	at junit.framework.Assert.fail(Assert.java:50)
[e7d95e7d-9ca2-453d-a7c4-a5a8809b8f6f/build]   | 	at junit.framework.Assert.assertTrue(Assert.java:20)
[e7d95e7d-9ca2-453d-a7c4-a5a8809b8f6f/build]   | 	at junit.framework.Assert.assertNull(Assert.java:237)
[e7d95e7d-9ca2-453d-a7c4-a5a8809b8f6f/build]   | 	at junit.framework.Assert.assertNull(Assert.java:230)
[e7d95e7d-9ca2-453d-a7c4-a5a8809b8f6f/build]   | 	at nodebox.function.ListFunctionsTest.testSecond(ListFunctionsTest.java:30)
[e7d95e7d-9ca2-453d-a7c4-a5a8809b8f6f/build]   | 	at java.base/jdk.internal.reflect.NativeMethodAccessorImpl.invoke0(Native Method)
[e7d95e7d-9ca2-453d-a7c4-a5a8809b8f6f/build]   | 	at java.base/jdk.internal.reflect.NativeMethodAccessorImpl.invoke(NativeMethodAccessorImpl.java:62)
[e7d95e7d-9ca2-453d-a7c4-a5a8809b8f6f/build]   | 	at java.base/jdk.internal.reflect.DelegatingMethodAccessorImpl.invoke(DelegatingMethodAccessorImpl.java:43)
[e7d95e7d-9ca2-453d-a7c4-a5a8809b8f6f/build]   | 	at java.base/java.lang.reflect.Method.invoke(Method.java:566)
[e7d95e7d-9ca2-453d-a7c4-a5a8809b8f6f/build]   | 	at org.junit.runners.model.FrameworkMethod$1.runReflectiveCall(FrameworkMethod.java:45)
[e7d95e7d-9ca2-453d-a7c4-a5a8809b8f6f/build]   | 	at org.junit.internal.runners.model.ReflectiveCallable.run(ReflectiveCallable.java:15)
[e7d95e7d-9ca2-453d-a7c4-a5a8809b8f6f/build]   | 	at org.junit.runners.model.FrameworkMethod.invokeExplosively(FrameworkMethod.java:42)
[e7d95e7d-9ca2-453d-a7c4-a5a8809b8f6f/build]   | 	at org.junit.internal.runners.statements.InvokeMethod.evaluate(InvokeMethod.java:20)
[e7d95e7d-9ca2-453d-a7c4-a5a8809b8f6f/build]   | 	at org.junit.runners.ParentRunner.runLeaf(ParentRunner.java:263)
[e7d95e7d-9ca2-453d-a7c4-a5a8809b8f6f/build]   | 	at org.junit.runners.BlockJUnit4ClassRunner.runChild(BlockJUnit4ClassRunner.java:68)
[e7d95e7d-9ca2-453d-a7c4-a5a8809b8f6f/build]   | 	at org.junit.runners.BlockJUnit4ClassRunner.runChild(BlockJUnit4ClassRunner.java:47)
[e7d95e7d-9ca2-453d-a7c4-a5a8809b8f6f/build]   | 	at org.junit.runners.ParentRunner$3.run(ParentRunner.java:231)
[e7d95e7d-9ca2-453d-a7c4-a5a8809b8f6f/build]   | 	at org.junit.runners.ParentRunner$1.schedule(ParentRunner.java:60)
[e7d95e7d-9ca2-453d-a7c4-a5a8809b8f6f/build]   | 	at org.junit.runners.ParentRunner.runChildren(ParentRunner.java:229)
[e7d95e7d-9ca2-453d-a7c4-a5a8809b8f6f/build]   | 	at org.junit.runners.ParentRunner.access$000(ParentRunner.java:50)
[e7d95e7d-9ca2-453d-a7c4-a5a8809b8f6f/build]   | 	at org.junit.runners.ParentRunner$2.evaluate(ParentRunner.java:222)
[e7d95e7d-9ca2-453d-a7c4-a5a8809b8f6f/build]   | 	at org.junit.runners.ParentRunner.run(ParentRunner.java:300)
[e7d95e7d-9ca2-453d-a7c4-a5a8809b8f6f/build]   | 	at org.apache.maven.surefire.junit4.JUnit4Provider.execute(JUnit4Provider.java:252)
[e7d95e7d-9ca2-453d-a7c4-a5a8809b8f6f/build]   | 	at org.apache.maven.surefire.junit4.JUnit4Provider.executeTestSet(JUnit4Provider.java:141)
[e7d95e7d-9ca2-453d-a7c4-a5a8809b8f6f/build]   | 	at org.apache.maven.surefire.junit4.JUnit4Provider.invoke(JUnit4Provider.java:112)
[e7d95e7d-9ca2-453d-a7c4-a5a8809b8f6f/build]   | 	at java.base/jdk.internal.reflect.NativeMethodAccessorImpl.invoke0(Native Method)
[e7d95e7d-9ca2-453d-a7c4-a5a8809b8f6f/build]   | 	at java.base/jdk.internal.reflect.NativeMethodAccessorImpl.invoke(NativeMethodAccessorImpl.java:62)
[e7d95e7d-9ca2-453d-a7c4-a5a8809b8f6f/build]   | 	at java.base/jdk.internal.reflect.DelegatingMethodAccessorImpl.invoke(DelegatingMethodAccessorImpl.java:43)
[e7d95e7d-9ca2-453d-a7c4-a5a8809b8f6f/build]   | 	at java.base/java.lang.reflect.Method.invoke(Method.java:566)
[e7d95e7d-9ca2-453d-a7c4-a5a8809b8f6f/build]   | 	at org.apache.maven.surefire.util.ReflectionUtils.invokeMethodWithArray(ReflectionUtils.java:189)
[e7d95e7d-9ca2-453d-a7c4-a5a8809b8f6f/build]   | 	at org.apache.maven.surefire.booter.ProviderFactory$ProviderProxy.invoke(ProviderFactory.java:165)
[e7d95e7d-9ca2-453d-a7c4-a5a8809b8f6f/build]   | 	at org.apache.maven.surefire.booter.ProviderFactory.invokeProvider(ProviderFactory.java:85)
[e7d95e7d-9ca2-453d-a7c4-a5a8809b8f6f/build]   | 	at org.apache.maven.surefire.booter.ForkedBooter.runSuitesInProcess(ForkedBooter.java:115)
[e7d95e7d-9ca2-453d-a7c4-a5a8809b8f6f/build]   | 	at org.apache.maven.surefire.booter.ForkedBooter.main(ForkedBooter.java:75)
[e7d95e7d-9ca2-453d-a7c4-a5a8809b8f6f/build]   | 
[e7d95e7d-9ca2-453d-a7c4-a5a8809b8f6f/build]   | testLast(nodebox.function.ListFunctionsTest)  Time elapsed: 0 sec  <<< FAILURE!
[e7d95e7d-9ca2-453d-a7c4-a5a8809b8f6f/build]   | junit.framework.AssertionFailedError: Expected: <null> but was: []
[e7d95e7d-9ca2-453d-a7c4-a5a8809b8f6f/build]   | 	at junit.framework.Assert.fail(Assert.java:50)
[e7d95e7d-9ca2-453d-a7c4-a5a8809b8f6f/build]   | 	at junit.framework.Assert.assertTrue(Assert.java:20)
[e7d95e7d-9ca2-453d-a7c4-a5a8809b8f6f/build]   | 	at junit.framework.Assert.assertNull(Assert.java:237)
[e7d95e7d-9ca2-453d-a7c4-a5a8809b8f6f/build]   | 	at junit.framework.Assert.assertNull(Assert.java:230)
[e7d95e7d-9ca2-453d-a7c4-a5a8809b8f6f/build]   | 	at nodebox.function.ListFunctionsTest.testLast(ListFunctionsTest.java:46)
[e7d95e7d-9ca2-453d-a7c4-a5a8809b8f6f/build]   | 	at java.base/jdk.internal.reflect.NativeMethodAccessorImpl.invoke0(Native Method)
[e7d95e7d-9ca2-453d-a7c4-a5a8809b8f6f/build]   | 	at java.base/jdk.internal.reflect.NativeMethodAccessorImpl.invoke(NativeMethodAccessorImpl.java:62)
[e7d95e7d-9ca2-453d-a7c4-a5a8809b8f6f/build]   | 	at java.base/jdk.internal.reflect.DelegatingMethodAccessorImpl.invoke(DelegatingMethodAccessorImpl.java:43)
[e7d95e7d-9ca2-453d-a7c4-a5a8809b8f6f/build]   | 	at java.base/java.lang.reflect.Method.invoke(Method.java:566)
[e7d95e7d-9ca2-453d-a7c4-a5a8809b8f6f/build]   | 	at org.junit.runners.model.FrameworkMethod$1.runReflectiveCall(FrameworkMethod.java:45)
[e7d95e7d-9ca2-453d-a7c4-a5a8809b8f6f/build]   | 	at org.junit.internal.runners.model.ReflectiveCallable.run(ReflectiveCallable.java:15)
[e7d95e7d-9ca2-453d-a7c4-a5a8809b8f6f/build]   | 	at org.junit.runners.model.FrameworkMethod.invokeExplosively(FrameworkMethod.java:42)
[e7d95e7d-9ca2-453d-a7c4-a5a8809b8f6f/build]   | 	at org.junit.internal.runners.statements.InvokeMethod.evaluate(InvokeMethod.java:20)
[e7d95e7d-9ca2-453d-a7c4-a5a8809b8f6f/build]   | 	at org.junit.runners.ParentRunner.runLeaf(ParentRunner.java:263)
[e7d95e7d-9ca2-453d-a7c4-a5a8809b8f6f/build]   | 	at org.junit.runners.BlockJUnit4ClassRunner.runChild(BlockJUnit4ClassRunner.java:68)
[e7d95e7d-9ca2-453d-a7c4-a5a8809b8f6f/build]   | 	at org.junit.runners.BlockJUnit4ClassRunner.runChild(BlockJUnit4ClassRunner.java:47)
[e7d95e7d-9ca2-453d-a7c4-a5a8809b8f6f/build]   | 	at org.junit.runners.ParentRunner$3.run(ParentRunner.java:231)
[e7d95e7d-9ca2-453d-a7c4-a5a8809b8f6f/build]   | 	at org.junit.runners.ParentRunner$1.schedule(ParentRunner.java:60)
[e7d95e7d-9ca2-453d-a7c4-a5a8809b8f6f/build]   | 	at org.junit.runners.ParentRunner.runChildren(ParentRunner.java:229)
[e7d95e7d-9ca2-453d-a7c4-a5a8809b8f6f/build]   | 	at org.junit.runners.ParentRunner.access$000(ParentRunner.java:50)
[e7d95e7d-9ca2-453d-a7c4-a5a8809b8f6f/build]   | 	at org.junit.runners.ParentRunner$2.evaluate(ParentRunner.java:222)
[e7d95e7d-9ca2-453d-a7c4-a5a8809b8f6f/build]   | 	at org.junit.runners.ParentRunner.run(ParentRunner.java:300)
[e7d95e7d-9ca2-453d-a7c4-a5a8809b8f6f/build]   | 	at org.apache.maven.surefire.junit4.JUnit4Provider.execute(JUnit4Provider.java:252)
[e7d95e7d-9ca2-453d-a7c4-a5a8809b8f6f/build]   | 	at org.apache.maven.surefire.junit4.JUnit4Provider.executeTestSet(JUnit4Provider.java:141)
[e7d95e7d-9ca2-453d-a7c4-a5a8809b8f6f/build]   | 	at org.apache.maven.surefire.junit4.JUnit4Provider.invoke(JUnit4Provider.java:112)
[e7d95e7d-9ca2-453d-a7c4-a5a8809b8f6f/build]   | 	at java.base/jdk.internal.reflect.NativeMethodAccessorImpl.invoke0(Native Method)
[e7d95e7d-9ca2-453d-a7c4-a5a8809b8f6f/build]   | 	at java.base/jdk.internal.reflect.NativeMethodAccessorImpl.invoke(NativeMethodAccessorImpl.java:62)
[e7d95e7d-9ca2-453d-a7c4-a5a8809b8f6f/build]   | 	at java.base/jdk.internal.reflect.DelegatingMethodAccessorImpl.invoke(DelegatingMethodAccessorImpl.java:43)
[e7d95e7d-9ca2-453d-a7c4-a5a8809b8f6f/build]   | 	at java.base/java.lang.reflect.Method.invoke(Method.java:566)
[e7d95e7d-9ca2-453d-a7c4-a5a8809b8f6f/build]   | 	at org.apache.maven.surefire.util.ReflectionUtils.invokeMethodWithArray(ReflectionUtils.java:189)
[e7d95e7d-9ca2-453d-a7c4-a5a8809b8f6f/build]   | 	at org.apache.maven.surefire.booter.ProviderFactory$ProviderProxy.invoke(ProviderFactory.java:165)
[e7d95e7d-9ca2-453d-a7c4-a5a8809b8f6f/build]   | 	at org.apache.maven.surefire.booter.ProviderFactory.invokeProvider(ProviderFactory.java:85)
[e7d95e7d-9ca2-453d-a7c4-a5a8809b8f6f/build]   | 	at org.apache.maven.surefire.booter.ForkedBooter.runSuitesInProcess(ForkedBooter.java:115)
[e7d95e7d-9ca2-453d-a7c4-a5a8809b8f6f/build]   | 	at org.apache.maven.surefire.booter.ForkedBooter.main(ForkedBooter.java:75)
[e7d95e7d-9ca2-453d-a7c4-a5a8809b8f6f/build]   | 
[e7d95e7d-9ca2-453d-a7c4-a5a8809b8f6f/build]   | Running nodebox.function.FunctionRepositoryTest
[e7d95e7d-9ca2-453d-a7c4-a5a8809b8f6f/build]   | Tests run: 1, Failures: 0, Errors: 0, Skipped: 0, Time elapsed: 0.178 sec
[e7d95e7d-9ca2-453d-a7c4-a5a8809b8f6f/build]   | Running nodebox.function.FunctionLibraryTest
[e7d95e7d-9ca2-453d-a7c4-a5a8809b8f6f/build]   | WARNING: An illegal reflective access operation has occurred
[e7d95e7d-9ca2-453d-a7c4-a5a8809b8f6f/build]   | WARNING: Illegal reflective access by org.python.google.common.base.internal.Finalizer (file:/home/runneradmin/.m2/repository/org/python/jython/2.5.3/jython-2.5.3.jar) to field java.lang.Thread.inheritableThreadLocals
[e7d95e7d-9ca2-453d-a7c4-a5a8809b8f6f/build]   | WARNING: Please consider reporting this to the maintainers of org.python.google.common.base.internal.Finalizer
[e7d95e7d-9ca2-453d-a7c4-a5a8809b8f6f/build]   | WARNING: Use --illegal-access=warn to enable warnings of further illegal reflective access operations
[e7d95e7d-9ca2-453d-a7c4-a5a8809b8f6f/build]   | WARNING: All illegal access operations will be denied in a future release
[e7d95e7d-9ca2-453d-a7c4-a5a8809b8f6f/build]   | *sys-package-mgr*: processing new jar, '/home/runneradmin/.m2/repository/org/clojure/clojure/1.4.0/clojure-1.4.0.jar'
[e7d95e7d-9ca2-453d-a7c4-a5a8809b8f6f/build]   | *sys-package-mgr*: processing new jar, '/home/runneradmin/.m2/repository/com/google/guava/guava/13.0.1/guava-13.0.1.jar'
[e7d95e7d-9ca2-453d-a7c4-a5a8809b8f6f/build]   | *sys-package-mgr*: processing new jar, '/home/runneradmin/.m2/repository/com/itextpdf/itextpdf/5.3.2/itextpdf-5.3.2.jar'
[e7d95e7d-9ca2-453d-a7c4-a5a8809b8f6f/build]   | *sys-package-mgr*: processing new jar, '/home/runneradmin/.m2/repository/net/java/dev/jna/jna/3.4.0/jna-3.4.0.jar'
[e7d95e7d-9ca2-453d-a7c4-a5a8809b8f6f/build]   | *sys-package-mgr*: processing new jar, '/home/runneradmin/.m2/repository/junit/junit/4.10/junit-4.10.jar'
[e7d95e7d-9ca2-453d-a7c4-a5a8809b8f6f/build]   | *sys-package-mgr*: processing new jar, '/home/runneradmin/.m2/repository/org/hamcrest/hamcrest-core/1.1/hamcrest-core-1.1.jar'
[e7d95e7d-9ca2-453d-a7c4-a5a8809b8f6f/build]   | *sys-package-mgr*: processing new jar, '/home/runneradmin/.m2/repository/org/python/jython/2.5.3/jython-2.5.3.jar'
[e7d95e7d-9ca2-453d-a7c4-a5a8809b8f6f/build]   | *sys-package-mgr*: processing new jar, '/home/runneradmin/.m2/repository/net/sf/opencsv/opencsv/2.3/opencsv-2.3.jar'
[e7d95e7d-9ca2-453d-a7c4-a5a8809b8f6f/build]   | *sys-package-mgr*: processing new jar, '/home/runneradmin/.m2/repository/org/piccolo2d/piccolo2d-core/1.3.1/piccolo2d-core-1.3.1.jar'
[e7d95e7d-9ca2-453d-a7c4-a5a8809b8f6f/build]   | *sys-package-mgr*: processing new jar, '/home/runneradmin/.m2/repository/xom/xom/1.2.5/xom-1.2.5.jar'
[e7d95e7d-9ca2-453d-a7c4-a5a8809b8f6f/build]   | *sys-package-mgr*: processing new jar, '/home/runneradmin/.m2/repository/xml-apis/xml-apis/1.3.03/xml-apis-1.3.03.jar'
[e7d95e7d-9ca2-453d-a7c4-a5a8809b8f6f/build]   | *sys-package-mgr*: processing new jar, '/home/runneradmin/.m2/repository/xerces/xercesImpl/2.8.0/xercesImpl-2.8.0.jar'
[e7d95e7d-9ca2-453d-a7c4-a5a8809b8f6f/build]   | *sys-package-mgr*: processing new jar, '/home/runneradmin/.m2/repository/xalan/xalan/2.7.0/xalan-2.7.0.jar'
[e7d95e7d-9ca2-453d-a7c4-a5a8809b8f6f/build]   | Tests run: 4, Failures: 0, Errors: 0, Skipped: 0, Time elapsed: 3.484 sec
[e7d95e7d-9ca2-453d-a7c4-a5a8809b8f6f/build]   | Running nodebox.function.PythonLibraryTest
[e7d95e7d-9ca2-453d-a7c4-a5a8809b8f6f/build]   | Tests run: 6, Failures: 0, Errors: 0, Skipped: 0, Time elapsed: 0.066 sec
[e7d95e7d-9ca2-453d-a7c4-a5a8809b8f6f/build]   | Running nodebox.function.StringFunctionsTest
[e7d95e7d-9ca2-453d-a7c4-a5a8809b8f6f/build]   | Tests run: 4, Failures: 0, Errors: 0, Skipped: 0, Time elapsed: 0.008 sec
[e7d95e7d-9ca2-453d-a7c4-a5a8809b8f6f/build]   | Running nodebox.function.ClojureLibraryTest
[e7d95e7d-9ca2-453d-a7c4-a5a8809b8f6f/build]   | Tests run: 3, Failures: 0, Errors: 0, Skipped: 0, Time elapsed: 0.11 sec
[e7d95e7d-9ca2-453d-a7c4-a5a8809b8f6f/build]   | Running nodebox.versioncheck.UpdaterTest
[e7d95e7d-9ca2-453d-a7c4-a5a8809b8f6f/build]   | Jul 12, 2023 2:45:20 AM java.util.prefs.FileSystemPreferences$1 run
[e7d95e7d-9ca2-453d-a7c4-a5a8809b8f6f/build]   | INFO: Created user preferences directory.
[e7d95e7d-9ca2-453d-a7c4-a5a8809b8f6f/build]   | Tests run: 4, Failures: 0, Errors: 0, Skipped: 0, Time elapsed: 0.267 sec
[e7d95e7d-9ca2-453d-a7c4-a5a8809b8f6f/build]   | Running nodebox.versioncheck.VersionTest
[e7d95e7d-9ca2-453d-a7c4-a5a8809b8f6f/build]   | Tests run: 1, Failures: 0, Errors: 0, Skipped: 0, Time elapsed: 0 sec
[e7d95e7d-9ca2-453d-a7c4-a5a8809b8f6f/build]   | Running nodebox.node.NodeLibraryTest
[e7d95e7d-9ca2-453d-a7c4-a5a8809b8f6f/build]   | Tests run: 32, Failures: 0, Errors: 0, Skipped: 0, Time elapsed: 0.371 sec
[e7d95e7d-9ca2-453d-a7c4-a5a8809b8f6f/build]   | Running nodebox.node.ConnectionTest
[e7d95e7d-9ca2-453d-a7c4-a5a8809b8f6f/build]   | Tests run: 3, Failures: 0, Errors: 0, Skipped: 0, Time elapsed: 0.001 sec
[e7d95e7d-9ca2-453d-a7c4-a5a8809b8f6f/build]   | Running nodebox.node.polygraph.PolygonTest
[e7d95e7d-9ca2-453d-a7c4-a5a8809b8f6f/build]   | Tests run: 2, Failures: 0, Errors: 0, Skipped: 0, Time elapsed: 0.252 sec
[e7d95e7d-9ca2-453d-a7c4-a5a8809b8f6f/build]   | Running nodebox.node.NodeTest
[e7d95e7d-9ca2-453d-a7c4-a5a8809b8f6f/build]   | Tests run: 9, Failures: 0, Errors: 0, Skipped: 0, Time elapsed: 0 sec
[e7d95e7d-9ca2-453d-a7c4-a5a8809b8f6f/build]   | Running nodebox.node.PublishedPortTest
[e7d95e7d-9ca2-453d-a7c4-a5a8809b8f6f/build]   | Tests run: 7, Failures: 0, Errors: 0, Skipped: 0, Time elapsed: 0 sec
[e7d95e7d-9ca2-453d-a7c4-a5a8809b8f6f/build]   | Running nodebox.node.NodeContextTest
[e7d95e7d-9ca2-453d-a7c4-a5a8809b8f6f/build]   | Tests run: 30, Failures: 0, Errors: 0, Skipped: 0, Time elapsed: 0.055 sec
[e7d95e7d-9ca2-453d-a7c4-a5a8809b8f6f/build]   | Running nodebox.node.PortTest
[e7d95e7d-9ca2-453d-a7c4-a5a8809b8f6f/build]   | Tests run: 12, Failures: 0, Errors: 0, Skipped: 0, Time elapsed: 0.001 sec
[e7d95e7d-9ca2-453d-a7c4-a5a8809b8f6f/build]   | Running nodebox.node.VersionTest
[e7d95e7d-9ca2-453d-a7c4-a5a8809b8f6f/build]   | Tests run: 2, Failures: 0, Errors: 0, Skipped: 0, Time elapsed: 0.004 sec
[e7d95e7d-9ca2-453d-a7c4-a5a8809b8f6f/build]   | Running nodebox.node.NodeLibraryControllerTest
[e7d95e7d-9ca2-453d-a7c4-a5a8809b8f6f/build]   | Tests run: 30, Failures: 0, Errors: 0, Skipped: 0, Time elapsed: 0.03 sec
[e7d95e7d-9ca2-453d-a7c4-a5a8809b8f6f/build]   | Running nodebox.graphics.GraphicsContextTest
[e7d95e7d-9ca2-453d-a7c4-a5a8809b8f6f/build]   | Tests run: 3, Failures: 0, Errors: 0, Skipped: 0, Time elapsed: 0.312 sec
[e7d95e7d-9ca2-453d-a7c4-a5a8809b8f6f/build]   | Running nodebox.graphics.CanvasTest
[e7d95e7d-9ca2-453d-a7c4-a5a8809b8f6f/build]   | Tests run: 1, Failures: 0, Errors: 0, Skipped: 0, Time elapsed: 0 sec
[e7d95e7d-9ca2-453d-a7c4-a5a8809b8f6f/build]   | Running nodebox.graphics.GraphicsTestCase
[e7d95e7d-9ca2-453d-a7c4-a5a8809b8f6f/build]   | Tests run: 1, Failures: 0, Errors: 0, Skipped: 0, Time elapsed: 0 sec
[e7d95e7d-9ca2-453d-a7c4-a5a8809b8f6f/build]   | Running nodebox.graphics.ContourTest
[e7d95e7d-9ca2-453d-a7c4-a5a8809b8f6f/build]   | Tests run: 11, Failures: 0, Errors: 0, Skipped: 0, Time elapsed: 0 sec
[e7d95e7d-9ca2-453d-a7c4-a5a8809b8f6f/build]   | Running nodebox.graphics.GrobTest
[e7d95e7d-9ca2-453d-a7c4-a5a8809b8f6f/build]   | Tests run: 1, Failures: 0, Errors: 0, Skipped: 0, Time elapsed: 0 sec
[e7d95e7d-9ca2-453d-a7c4-a5a8809b8f6f/build]   | Running nodebox.graphics.TransformTest
[e7d95e7d-9ca2-453d-a7c4-a5a8809b8f6f/build]   | Tests run: 2, Failures: 0, Errors: 0, Skipped: 0, Time elapsed: 0 sec
[e7d95e7d-9ca2-453d-a7c4-a5a8809b8f6f/build]   | Running nodebox.graphics.PointTest
[e7d95e7d-9ca2-453d-a7c4-a5a8809b8f6f/build]   | Tests run: 1, Failures: 0, Errors: 0, Skipped: 0, Time elapsed: 0 sec
[e7d95e7d-9ca2-453d-a7c4-a5a8809b8f6f/build]   | Running nodebox.graphics.ColorTest
[e7d95e7d-9ca2-453d-a7c4-a5a8809b8f6f/build]   | Tests run: 1, Failures: 0, Errors: 0, Skipped: 0, Time elapsed: 0 sec
[e7d95e7d-9ca2-453d-a7c4-a5a8809b8f6f/build]   | Running nodebox.graphics.PathTest
[e7d95e7d-9ca2-453d-a7c4-a5a8809b8f6f/build]   | Tests run: 6, Failures: 0, Errors: 0, Skipped: 0, Time elapsed: 0.005 sec
[e7d95e7d-9ca2-453d-a7c4-a5a8809b8f6f/build]   | Running nodebox.graphics.GeometryTest
[e7d95e7d-9ca2-453d-a7c4-a5a8809b8f6f/build]   | Tests run: 11, Failures: 0, Errors: 0, Skipped: 0, Time elapsed: 0.001 sec
[e7d95e7d-9ca2-453d-a7c4-a5a8809b8f6f/build]   | Running nodebox.graphics.RectTest
[e7d95e7d-9ca2-453d-a7c4-a5a8809b8f6f/build]   | Tests run: 4, Failures: 0, Errors: 0, Skipped: 0, Time elapsed: 0.001 sec
[e7d95e7d-9ca2-453d-a7c4-a5a8809b8f6f/build]   | Running nodebox.localhistory.RepositoryTest
[e7d95e7d-9ca2-453d-a7c4-a5a8809b8f6f/build]   | Tests run: 3, Failures: 0, Errors: 0, Skipped: 0, Time elapsed: 0.023 sec
[e7d95e7d-9ca2-453d-a7c4-a5a8809b8f6f/build]   | Running nodebox.util.WavesTest
[e7d95e7d-9ca2-453d-a7c4-a5a8809b8f6f/build]   | Tests run: 2, Failures: 0, Errors: 0, Skipped: 0, Time elapsed: 0 sec
[e7d95e7d-9ca2-453d-a7c4-a5a8809b8f6f/build]   | Running nodebox.util.FileUtilTest
[e7d95e7d-9ca2-453d-a7c4-a5a8809b8f6f/build]   | Tests run: 4, Failures: 0, Errors: 0, Skipped: 0, Time elapsed: 0 sec
[e7d95e7d-9ca2-453d-a7c4-a5a8809b8f6f/build]   | Running nodebox.util.ListUtilsTest
[e7d95e7d-9ca2-453d-a7c4-a5a8809b8f6f/build]   | Tests run: 1, Failures: 0, Errors: 0, Skipped: 0, Time elapsed: 0 sec
[e7d95e7d-9ca2-453d-a7c4-a5a8809b8f6f/build]   | 
[e7d95e7d-9ca2-453d-a7c4-a5a8809b8f6f/build]   | Results :
[e7d95e7d-9ca2-453d-a7c4-a5a8809b8f6f/build]   | 
[e7d95e7d-9ca2-453d-a7c4-a5a8809b8f6f/build]   | Failed tests:   testFirst(nodebox.function.ListFunctionsTest): Expected: <null> but was: []
[e7d95e7d-9ca2-453d-a7c4-a5a8809b8f6f/build]   |   testSecond(nodebox.function.ListFunctionsTest): Expected: <null> but was: []
[e7d95e7d-9ca2-453d-a7c4-a5a8809b8f6f/build]   |   testLast(nodebox.function.ListFunctionsTest): Expected: <null> but was: []
[e7d95e7d-9ca2-453d-a7c4-a5a8809b8f6f/build]   | 
[e7d95e7d-9ca2-453d-a7c4-a5a8809b8f6f/build]   | Tests run: 246, Failures: 3, Errors: 0, Skipped: 0
[e7d95e7d-9ca2-453d-a7c4-a5a8809b8f6f/build]   | 
[e7d95e7d-9ca2-453d-a7c4-a5a8809b8f6f/build]   | [INFO] ------------------------------------------------------------------------
[e7d95e7d-9ca2-453d-a7c4-a5a8809b8f6f/build]   | [INFO] BUILD FAILURE
[e7d95e7d-9ca2-453d-a7c4-a5a8809b8f6f/build]   | [INFO] ------------------------------------------------------------------------
[e7d95e7d-9ca2-453d-a7c4-a5a8809b8f6f/build]   | [INFO] Total time:  22.439 s
[e7d95e7d-9ca2-453d-a7c4-a5a8809b8f6f/build]   | [INFO] Finished at: 2023-07-12T02:45:21Z
[e7d95e7d-9ca2-453d-a7c4-a5a8809b8f6f/build]   | [INFO] ------------------------------------------------------------------------
[e7d95e7d-9ca2-453d-a7c4-a5a8809b8f6f/build]   | [ERROR] Failed to execute goal org.apache.maven.plugins:maven-surefire-plugin:2.12.4:test (default-test) on project nodebox: There are test failures.
[e7d95e7d-9ca2-453d-a7c4-a5a8809b8f6f/build]   | [ERROR] 
[e7d95e7d-9ca2-453d-a7c4-a5a8809b8f6f/build]   | [ERROR] Please refer to /tmp/a338f13a-7465-43af-bca6-b15bf96f1c07/target/surefire-reports for the individual test results.
[e7d95e7d-9ca2-453d-a7c4-a5a8809b8f6f/build]   | [ERROR] -> [Help 1]
[e7d95e7d-9ca2-453d-a7c4-a5a8809b8f6f/build]   | [ERROR] 
[e7d95e7d-9ca2-453d-a7c4-a5a8809b8f6f/build]   | [ERROR] To see the full stack trace of the errors, re-run Maven with the -e switch.
[e7d95e7d-9ca2-453d-a7c4-a5a8809b8f6f/build]   | [ERROR] Re-run Maven using the -X switch to enable full debug logging.
[e7d95e7d-9ca2-453d-a7c4-a5a8809b8f6f/build]   | [ERROR] 
[e7d95e7d-9ca2-453d-a7c4-a5a8809b8f6f/build]   | [ERROR] For more information about the errors and possible solutions, please read the following articles:
[e7d95e7d-9ca2-453d-a7c4-a5a8809b8f6f/build]   | [ERROR] [Help 1] http://cwiki.apache.org/confluence/display/MAVEN/MojoFailureException
[e7d95e7d-9ca2-453d-a7c4-a5a8809b8f6f/build]   ‚ùå  Failure - Main Build with Maven
[e7d95e7d-9ca2-453d-a7c4-a5a8809b8f6f/build] exitcode '1': failure
[e7d95e7d-9ca2-453d-a7c4-a5a8809b8f6f/build] unable to get git ref: failed to identify reference (tag/branch) for the checked-out revision 'e5c38d6b803deaad93f4238ca2277c1863fae0e7'
[e7d95e7d-9ca2-453d-a7c4-a5a8809b8f6f/build] unable to get git ref: failed to identify reference (tag/branch) for the checked-out revision 'e5c38d6b803deaad93f4238ca2277c1863fae0e7'
[e7d95e7d-9ca2-453d-a7c4-a5a8809b8f6f/build] unable to get git ref: failed to identify reference (tag/branch) for the checked-out revision 'e5c38d6b803deaad93f4238ca2277c1863fae0e7'
[e7d95e7d-9ca2-453d-a7c4-a5a8809b8f6f/build] unable to get git ref: failed to identify reference (tag/branch) for the checked-out revision 'e5c38d6b803deaad93f4238ca2277c1863fae0e7'
[e7d95e7d-9ca2-453d-a7c4-a5a8809b8f6f/build] unable to get git ref: failed to identify reference (tag/branch) for the checked-out revision 'e5c38d6b803deaad93f4238ca2277c1863fae0e7'
[e7d95e7d-9ca2-453d-a7c4-a5a8809b8f6f/build] ‚≠ê Run Post Set up JDK 11
[e7d95e7d-9ca2-453d-a7c4-a5a8809b8f6f/build]   üê≥  docker exec cmd=[node /var/run/act/actions/actions-setup-java@v1/dist/cleanup/index.js] user= workdir=
[e7d95e7d-9ca2-453d-a7c4-a5a8809b8f6f/build]   ‚úÖ  Success - Post Set up JDK 11
[e7d95e7d-9ca2-453d-a7c4-a5a8809b8f6f/build] üèÅ  Job failed
[e7d95e7d-9ca2-453d-a7c4-a5a8809b8f6f/build] unable to get git ref: failed to identify reference (tag/branch) for the checked-out revision 'e5c38d6b803deaad93f4238ca2277c1863fae0e7'
