[19b4038f-6334-4d89-acb5-f709407cc930/build] üöÄ  Start image=crawlergpt:latest
[19b4038f-6334-4d89-acb5-f709407cc930/build]   üê≥  docker pull image=crawlergpt:latest platform= username= forcePull=false
[19b4038f-6334-4d89-acb5-f709407cc930/build]   üê≥  docker create image=crawlergpt:latest platform= entrypoint=["tail" "-f" "/dev/null"] cmd=[]
[19b4038f-6334-4d89-acb5-f709407cc930/build]   üê≥  docker run image=crawlergpt:latest platform= entrypoint=["tail" "-f" "/dev/null"] cmd=[]
[19b4038f-6334-4d89-acb5-f709407cc930/build]   üê≥  docker exec cmd=[chown -R 1012:1013 /tmp/ca0554f3-8e4f-4751-afef-58d873eaecb5] user=0 workdir=
[19b4038f-6334-4d89-acb5-f709407cc930/build] unable to get git ref: failed to identify reference (tag/branch) for the checked-out revision '479b9ef653d3a2bd6633d2a55ae8b2c705bb310c'
[19b4038f-6334-4d89-acb5-f709407cc930/build] unable to get git ref: failed to identify reference (tag/branch) for the checked-out revision '479b9ef653d3a2bd6633d2a55ae8b2c705bb310c'
[19b4038f-6334-4d89-acb5-f709407cc930/build] unable to get git ref: failed to identify reference (tag/branch) for the checked-out revision '479b9ef653d3a2bd6633d2a55ae8b2c705bb310c'
[19b4038f-6334-4d89-acb5-f709407cc930/build] unable to get git ref: failed to identify reference (tag/branch) for the checked-out revision '479b9ef653d3a2bd6633d2a55ae8b2c705bb310c'
[19b4038f-6334-4d89-acb5-f709407cc930/build] unable to get git ref: failed to identify reference (tag/branch) for the checked-out revision '479b9ef653d3a2bd6633d2a55ae8b2c705bb310c'
[19b4038f-6334-4d89-acb5-f709407cc930/build] unable to get git ref: failed to identify reference (tag/branch) for the checked-out revision '479b9ef653d3a2bd6633d2a55ae8b2c705bb310c'
[19b4038f-6334-4d89-acb5-f709407cc930/build] unable to get git ref: failed to identify reference (tag/branch) for the checked-out revision '479b9ef653d3a2bd6633d2a55ae8b2c705bb310c'
[19b4038f-6334-4d89-acb5-f709407cc930/build] unable to get git ref: failed to identify reference (tag/branch) for the checked-out revision '479b9ef653d3a2bd6633d2a55ae8b2c705bb310c'
[19b4038f-6334-4d89-acb5-f709407cc930/build] unable to get git ref: failed to identify reference (tag/branch) for the checked-out revision '479b9ef653d3a2bd6633d2a55ae8b2c705bb310c'
[19b4038f-6334-4d89-acb5-f709407cc930/build] unable to get git ref: failed to identify reference (tag/branch) for the checked-out revision '479b9ef653d3a2bd6633d2a55ae8b2c705bb310c'
[19b4038f-6334-4d89-acb5-f709407cc930/build] ‚≠ê Run Main actions/checkout@v3
[19b4038f-6334-4d89-acb5-f709407cc930/build] unable to get git ref: failed to identify reference (tag/branch) for the checked-out revision '479b9ef653d3a2bd6633d2a55ae8b2c705bb310c'
[19b4038f-6334-4d89-acb5-f709407cc930/build]   ‚úÖ  Success - Main actions/checkout@v3
[19b4038f-6334-4d89-acb5-f709407cc930/build] unable to get git ref: failed to identify reference (tag/branch) for the checked-out revision '479b9ef653d3a2bd6633d2a55ae8b2c705bb310c'
[19b4038f-6334-4d89-acb5-f709407cc930/build] unable to get git ref: failed to identify reference (tag/branch) for the checked-out revision '479b9ef653d3a2bd6633d2a55ae8b2c705bb310c'
[19b4038f-6334-4d89-acb5-f709407cc930/build] unable to get git ref: failed to identify reference (tag/branch) for the checked-out revision '479b9ef653d3a2bd6633d2a55ae8b2c705bb310c'
[19b4038f-6334-4d89-acb5-f709407cc930/build] unable to get git ref: failed to identify reference (tag/branch) for the checked-out revision '479b9ef653d3a2bd6633d2a55ae8b2c705bb310c'
[19b4038f-6334-4d89-acb5-f709407cc930/build] unable to get git ref: failed to identify reference (tag/branch) for the checked-out revision '479b9ef653d3a2bd6633d2a55ae8b2c705bb310c'
[19b4038f-6334-4d89-acb5-f709407cc930/build] ‚≠ê Run Main Set up JDK 11
[19b4038f-6334-4d89-acb5-f709407cc930/build] unable to get git ref: failed to identify reference (tag/branch) for the checked-out revision '479b9ef653d3a2bd6633d2a55ae8b2c705bb310c'
[19b4038f-6334-4d89-acb5-f709407cc930/build] unable to get git ref: failed to identify reference (tag/branch) for the checked-out revision '479b9ef653d3a2bd6633d2a55ae8b2c705bb310c'
[19b4038f-6334-4d89-acb5-f709407cc930/build] unable to get git ref: failed to identify reference (tag/branch) for the checked-out revision '479b9ef653d3a2bd6633d2a55ae8b2c705bb310c'
[19b4038f-6334-4d89-acb5-f709407cc930/build]   üê≥  docker cp src=/tmp/act-cache/f9cd8778-08b5-4618-9412-c0f2c870f43e/act/actions-setup-java@v3/ dst=/var/run/act/actions/actions-setup-java@v3/
[19b4038f-6334-4d89-acb5-f709407cc930/build]   üê≥  docker exec cmd=[chown -R 1012:1013 /var/run/act/actions/actions-setup-java@v3/] user=0 workdir=
[19b4038f-6334-4d89-acb5-f709407cc930/build]   üê≥  docker exec cmd=[node /var/run/act/actions/actions-setup-java@v3/dist/setup/index.js] user= workdir=
[19b4038f-6334-4d89-acb5-f709407cc930/build]   ‚ùì  ::group::Installed distributions
[19b4038f-6334-4d89-acb5-f709407cc930/build]   | Trying to resolve the latest version from remote
[19b4038f-6334-4d89-acb5-f709407cc930/build]   | Resolved latest version as 11.0.19+7
[19b4038f-6334-4d89-acb5-f709407cc930/build]   | Trying to download...
[19b4038f-6334-4d89-acb5-f709407cc930/build]   | Downloading Java 11.0.19+7 (Temurin-Hotspot) from https://github.com/adoptium/temurin11-binaries/releases/download/jdk-11.0.19%2B7/OpenJDK11U-jdk_x64_linux_hotspot_11.0.19_7.tar.gz ...
[19b4038f-6334-4d89-acb5-f709407cc930/build]   üí¨  ::debug::Downloading https://github.com/adoptium/temurin11-binaries/releases/download/jdk-11.0.19%252B7/OpenJDK11U-jdk_x64_linux_hotspot_11.0.19_7.tar.gz
[19b4038f-6334-4d89-acb5-f709407cc930/build]   üí¨  ::debug::Destination /tmp/6794df46-6f72-48af-8aeb-56b59fe7963a
[19b4038f-6334-4d89-acb5-f709407cc930/build]   üí¨  ::debug::download complete
[19b4038f-6334-4d89-acb5-f709407cc930/build]   | Extracting Java archive...
[19b4038f-6334-4d89-acb5-f709407cc930/build]   üí¨  ::debug::Checking tar --version
[19b4038f-6334-4d89-acb5-f709407cc930/build]   üí¨  ::debug::tar (GNU tar) 1.30%0ACopyright (C) 2017 Free Software Foundation, Inc.%0ALicense GPLv3+: GNU GPL version 3 or later <https://gnu.org/licenses/gpl.html>.%0AThis is free software: you are free to change and redistribute it.%0AThere is NO WARRANTY, to the extent permitted by law.%0A%0AWritten by John Gilmore and Jay Fenlason.
[19b4038f-6334-4d89-acb5-f709407cc930/build]   | [command]/usr/bin/tar xz --warning=no-unknown-keyword -C /tmp/974b2442-b6f3-4945-91f4-b3579f5b66c1 -f /tmp/6794df46-6f72-48af-8aeb-56b59fe7963a
[19b4038f-6334-4d89-acb5-f709407cc930/build]   üí¨  ::debug::Caching tool Java_Temurin-Hotspot_jdk 11.0.19-7 x64
[19b4038f-6334-4d89-acb5-f709407cc930/build]   üí¨  ::debug::source dir: /tmp/974b2442-b6f3-4945-91f4-b3579f5b66c1/jdk-11.0.19+7
[19b4038f-6334-4d89-acb5-f709407cc930/build]   üí¨  ::debug::destination /opt/hostedtoolcache/Java_Temurin-Hotspot_jdk/11.0.19-7/x64
[19b4038f-6334-4d89-acb5-f709407cc930/build]   üí¨  ::debug::finished caching tool
[19b4038f-6334-4d89-acb5-f709407cc930/build]   | Java 11.0.19+7 was downloaded
[19b4038f-6334-4d89-acb5-f709407cc930/build]   | Setting Java 11.0.19+7 as the default
[19b4038f-6334-4d89-acb5-f709407cc930/build]   | Creating toolchains.xml for JDK version 11 from temurin
[19b4038f-6334-4d89-acb5-f709407cc930/build]   | Writing to /home/runneradmin/.m2/toolchains.xml
[19b4038f-6334-4d89-acb5-f709407cc930/build]   | 
[19b4038f-6334-4d89-acb5-f709407cc930/build]   | Java configuration:
[19b4038f-6334-4d89-acb5-f709407cc930/build]   |   Distribution: temurin
[19b4038f-6334-4d89-acb5-f709407cc930/build]   |   Version: 11.0.19+7
[19b4038f-6334-4d89-acb5-f709407cc930/build]   |   Path: /opt/hostedtoolcache/Java_Temurin-Hotspot_jdk/11.0.19-7/x64
[19b4038f-6334-4d89-acb5-f709407cc930/build]   | 
[19b4038f-6334-4d89-acb5-f709407cc930/build]   ‚ùì  ::endgroup::
[19b4038f-6334-4d89-acb5-f709407cc930/build]   ‚ùì add-matcher /run/act/actions/actions-setup-java@v3/.github/java.json
[19b4038f-6334-4d89-acb5-f709407cc930/build]   | Creating settings.xml with server-id: github
[19b4038f-6334-4d89-acb5-f709407cc930/build]   | Writing to /home/runneradmin/.m2/settings.xml
[19b4038f-6334-4d89-acb5-f709407cc930/build]   üöß  ::warning::The runner was not able to contact the cache service. Caching will be skipped
[19b4038f-6334-4d89-acb5-f709407cc930/build]   ‚úÖ  Success - Main Set up JDK 11
[19b4038f-6334-4d89-acb5-f709407cc930/build]   ‚öô  ::set-env:: JAVA_HOME=/opt/hostedtoolcache/Java_Temurin-Hotspot_jdk/11.0.19-7/x64
[19b4038f-6334-4d89-acb5-f709407cc930/build]   ‚öô  ::set-env:: JAVA_HOME_11_X64=/opt/hostedtoolcache/Java_Temurin-Hotspot_jdk/11.0.19-7/x64
[19b4038f-6334-4d89-acb5-f709407cc930/build]   ‚öô  ::set-output:: distribution=Temurin-Hotspot
[19b4038f-6334-4d89-acb5-f709407cc930/build]   ‚öô  ::set-output:: path=/opt/hostedtoolcache/Java_Temurin-Hotspot_jdk/11.0.19-7/x64
[19b4038f-6334-4d89-acb5-f709407cc930/build]   ‚öô  ::set-output:: version=11.0.19+7
[19b4038f-6334-4d89-acb5-f709407cc930/build]   ‚öô  ::add-path:: /opt/hostedtoolcache/Java_Temurin-Hotspot_jdk/11.0.19-7/x64/bin
[19b4038f-6334-4d89-acb5-f709407cc930/build] unable to get git ref: failed to identify reference (tag/branch) for the checked-out revision '479b9ef653d3a2bd6633d2a55ae8b2c705bb310c'
[19b4038f-6334-4d89-acb5-f709407cc930/build] unable to get git ref: failed to identify reference (tag/branch) for the checked-out revision '479b9ef653d3a2bd6633d2a55ae8b2c705bb310c'
[19b4038f-6334-4d89-acb5-f709407cc930/build] unable to get git ref: failed to identify reference (tag/branch) for the checked-out revision '479b9ef653d3a2bd6633d2a55ae8b2c705bb310c'
[19b4038f-6334-4d89-acb5-f709407cc930/build] unable to get git ref: failed to identify reference (tag/branch) for the checked-out revision '479b9ef653d3a2bd6633d2a55ae8b2c705bb310c'
[19b4038f-6334-4d89-acb5-f709407cc930/build] unable to get git ref: failed to identify reference (tag/branch) for the checked-out revision '479b9ef653d3a2bd6633d2a55ae8b2c705bb310c'
[19b4038f-6334-4d89-acb5-f709407cc930/build] ‚≠ê Run Main Build with Maven
[19b4038f-6334-4d89-acb5-f709407cc930/build] unable to get git ref: failed to identify reference (tag/branch) for the checked-out revision '479b9ef653d3a2bd6633d2a55ae8b2c705bb310c'
[19b4038f-6334-4d89-acb5-f709407cc930/build] unable to get git ref: failed to identify reference (tag/branch) for the checked-out revision '479b9ef653d3a2bd6633d2a55ae8b2c705bb310c'
[19b4038f-6334-4d89-acb5-f709407cc930/build] unable to get git ref: failed to identify reference (tag/branch) for the checked-out revision '479b9ef653d3a2bd6633d2a55ae8b2c705bb310c'
[19b4038f-6334-4d89-acb5-f709407cc930/build] unable to get git ref: failed to identify reference (tag/branch) for the checked-out revision '479b9ef653d3a2bd6633d2a55ae8b2c705bb310c'
[19b4038f-6334-4d89-acb5-f709407cc930/build]   üê≥  docker exec cmd=[bash --noprofile --norc -e -o pipefail /var/run/act/workflow/2] user= workdir=
[19b4038f-6334-4d89-acb5-f709407cc930/build]   | [INFO] Scanning for projects...
[19b4038f-6334-4d89-acb5-f709407cc930/build]   | [INFO] Downloading from central: https://repo.maven.apache.org/maven2/org/sonatype/oss/oss-parent/7/oss-parent-7.pom
[19b4038f-6334-4d89-acb5-f709407cc930/build]   | [INFO] Downloaded from central: https://repo.maven.apache.org/maven2/org/sonatype/oss/oss-parent/7/oss-parent-7.pom (4.8 kB at 12 kB/s)
[19b4038f-6334-4d89-acb5-f709407cc930/build]   | [INFO] 
[19b4038f-6334-4d89-acb5-f709407cc930/build]   | [INFO] ----------------------< com.headius:invokebinder >----------------------
[19b4038f-6334-4d89-acb5-f709407cc930/build]   | [INFO] Building invokebinder 1.6-SNAPSHOT
[19b4038f-6334-4d89-acb5-f709407cc930/build]   | [INFO] --------------------------------[ jar ]---------------------------------
[19b4038f-6334-4d89-acb5-f709407cc930/build]   | [INFO] Downloading from central: https://repo.maven.apache.org/maven2/org/apache/maven/plugins/maven-enforcer-plugin/1.0/maven-enforcer-plugin-1.0.pom
[19b4038f-6334-4d89-acb5-f709407cc930/build]   | [INFO] Downloaded from central: https://repo.maven.apache.org/maven2/org/apache/maven/plugins/maven-enforcer-plugin/1.0/maven-enforcer-plugin-1.0.pom (6.7 kB at 249 kB/s)
[19b4038f-6334-4d89-acb5-f709407cc930/build]   | [INFO] Downloading from central: https://repo.maven.apache.org/maven2/org/apache/maven/enforcer/enforcer/1.0/enforcer-1.0.pom
[19b4038f-6334-4d89-acb5-f709407cc930/build]   | [INFO] Downloaded from central: https://repo.maven.apache.org/maven2/org/apache/maven/enforcer/enforcer/1.0/enforcer-1.0.pom (12 kB at 240 kB/s)
[19b4038f-6334-4d89-acb5-f709407cc930/build]   | [INFO] Downloading from central: https://repo.maven.apache.org/maven2/org/apache/maven/maven-parent/17/maven-parent-17.pom
[19b4038f-6334-4d89-acb5-f709407cc930/build]   | [INFO] Downloaded from central: https://repo.maven.apache.org/maven2/org/apache/maven/maven-parent/17/maven-parent-17.pom (25 kB at 437 kB/s)
[19b4038f-6334-4d89-acb5-f709407cc930/build]   | [INFO] Downloading from central: https://repo.maven.apache.org/maven2/org/apache/apache/7/apache-7.pom
[19b4038f-6334-4d89-acb5-f709407cc930/build]   | [INFO] Downloaded from central: https://repo.maven.apache.org/maven2/org/apache/apache/7/apache-7.pom (14 kB at 301 kB/s)
[19b4038f-6334-4d89-acb5-f709407cc930/build]   | [INFO] Downloading from central: https://repo.maven.apache.org/maven2/org/apache/maven/plugins/maven-enforcer-plugin/1.0/maven-enforcer-plugin-1.0.jar
[19b4038f-6334-4d89-acb5-f709407cc930/build]   | [INFO] Downloaded from central: https://repo.maven.apache.org/maven2/org/apache/maven/plugins/maven-enforcer-plugin/1.0/maven-enforcer-plugin-1.0.jar (22 kB at 744 kB/s)
[19b4038f-6334-4d89-acb5-f709407cc930/build]   | [INFO] Downloading from central: https://repo.maven.apache.org/maven2/org/apache/maven/plugins/maven-resources-plugin/2.2/maven-resources-plugin-2.2.pom
[19b4038f-6334-4d89-acb5-f709407cc930/build]   | [INFO] Downloaded from central: https://repo.maven.apache.org/maven2/org/apache/maven/plugins/maven-resources-plugin/2.2/maven-resources-plugin-2.2.pom (1.5 kB at 89 kB/s)
[19b4038f-6334-4d89-acb5-f709407cc930/build]   | [INFO] Downloading from central: https://repo.maven.apache.org/maven2/org/apache/maven/plugins/maven-plugins/1/maven-plugins-1.pom
[19b4038f-6334-4d89-acb5-f709407cc930/build]   | [INFO] Downloaded from central: https://repo.maven.apache.org/maven2/org/apache/maven/plugins/maven-plugins/1/maven-plugins-1.pom (3.2 kB at 108 kB/s)
[19b4038f-6334-4d89-acb5-f709407cc930/build]   | [INFO] Downloading from central: https://repo.maven.apache.org/maven2/org/apache/maven/maven-parent/1/maven-parent-1.pom
[19b4038f-6334-4d89-acb5-f709407cc930/build]   | [INFO] Downloaded from central: https://repo.maven.apache.org/maven2/org/apache/maven/maven-parent/1/maven-parent-1.pom (6.4 kB at 157 kB/s)
[19b4038f-6334-4d89-acb5-f709407cc930/build]   | [INFO] Downloading from central: https://repo.maven.apache.org/maven2/org/apache/apache/1/apache-1.pom
[19b4038f-6334-4d89-acb5-f709407cc930/build]   | [INFO] Downloaded from central: https://repo.maven.apache.org/maven2/org/apache/apache/1/apache-1.pom (3.4 kB at 170 kB/s)
[19b4038f-6334-4d89-acb5-f709407cc930/build]   | [INFO] Downloading from central: https://repo.maven.apache.org/maven2/org/apache/maven/plugins/maven-resources-plugin/2.2/maven-resources-plugin-2.2.jar
[19b4038f-6334-4d89-acb5-f709407cc930/build]   | [INFO] Downloaded from central: https://repo.maven.apache.org/maven2/org/apache/maven/plugins/maven-resources-plugin/2.2/maven-resources-plugin-2.2.jar (14 kB at 544 kB/s)
[19b4038f-6334-4d89-acb5-f709407cc930/build]   | [INFO] Downloading from central: https://repo.maven.apache.org/maven2/org/apache/maven/plugins/maven-compiler-plugin/2.0.2/maven-compiler-plugin-2.0.2.pom
[19b4038f-6334-4d89-acb5-f709407cc930/build]   | [INFO] Downloaded from central: https://repo.maven.apache.org/maven2/org/apache/maven/plugins/maven-compiler-plugin/2.0.2/maven-compiler-plugin-2.0.2.pom (2.4 kB at 161 kB/s)
[19b4038f-6334-4d89-acb5-f709407cc930/build]   | [INFO] Downloading from central: https://repo.maven.apache.org/maven2/org/apache/maven/plugins/maven-plugins/8/maven-plugins-8.pom
[19b4038f-6334-4d89-acb5-f709407cc930/build]   | [INFO] Downloaded from central: https://repo.maven.apache.org/maven2/org/apache/maven/plugins/maven-plugins/8/maven-plugins-8.pom (6.1 kB at 340 kB/s)
[19b4038f-6334-4d89-acb5-f709407cc930/build]   | [INFO] Downloading from central: https://repo.maven.apache.org/maven2/org/apache/maven/maven-parent/5/maven-parent-5.pom
[19b4038f-6334-4d89-acb5-f709407cc930/build]   | [INFO] Downloaded from central: https://repo.maven.apache.org/maven2/org/apache/maven/maven-parent/5/maven-parent-5.pom (15 kB at 586 kB/s)
[19b4038f-6334-4d89-acb5-f709407cc930/build]   | [INFO] Downloading from central: https://repo.maven.apache.org/maven2/org/apache/apache/3/apache-3.pom
[19b4038f-6334-4d89-acb5-f709407cc930/build]   | [INFO] Downloaded from central: https://repo.maven.apache.org/maven2/org/apache/apache/3/apache-3.pom (3.4 kB at 172 kB/s)
[19b4038f-6334-4d89-acb5-f709407cc930/build]   | [INFO] Downloading from central: https://repo.maven.apache.org/maven2/org/apache/maven/plugins/maven-compiler-plugin/2.0.2/maven-compiler-plugin-2.0.2.jar
[19b4038f-6334-4d89-acb5-f709407cc930/build]   | [INFO] Downloaded from central: https://repo.maven.apache.org/maven2/org/apache/maven/plugins/maven-compiler-plugin/2.0.2/maven-compiler-plugin-2.0.2.jar (18 kB at 657 kB/s)
[19b4038f-6334-4d89-acb5-f709407cc930/build]   | [INFO] Downloading from central: https://repo.maven.apache.org/maven2/org/apache/maven/plugins/maven-surefire-plugin/2.12.4/maven-surefire-plugin-2.12.4.pom
[19b4038f-6334-4d89-acb5-f709407cc930/build]   | [INFO] Downloaded from central: https://repo.maven.apache.org/maven2/org/apache/maven/plugins/maven-surefire-plugin/2.12.4/maven-surefire-plugin-2.12.4.pom (10 kB at 403 kB/s)
[19b4038f-6334-4d89-acb5-f709407cc930/build]   | [INFO] Downloading from central: https://repo.maven.apache.org/maven2/org/apache/maven/surefire/surefire/2.12.4/surefire-2.12.4.pom
[19b4038f-6334-4d89-acb5-f709407cc930/build]   | [INFO] Downloaded from central: https://repo.maven.apache.org/maven2/org/apache/maven/surefire/surefire/2.12.4/surefire-2.12.4.pom (14 kB at 265 kB/s)
[19b4038f-6334-4d89-acb5-f709407cc930/build]   | [INFO] Downloading from central: https://repo.maven.apache.org/maven2/org/apache/maven/maven-parent/22/maven-parent-22.pom
[19b4038f-6334-4d89-acb5-f709407cc930/build]   | [INFO] Downloaded from central: https://repo.maven.apache.org/maven2/org/apache/maven/maven-parent/22/maven-parent-22.pom (30 kB at 1.1 MB/s)
[19b4038f-6334-4d89-acb5-f709407cc930/build]   | [INFO] Downloading from central: https://repo.maven.apache.org/maven2/org/apache/apache/11/apache-11.pom
[19b4038f-6334-4d89-acb5-f709407cc930/build]   | [INFO] Downloaded from central: https://repo.maven.apache.org/maven2/org/apache/apache/11/apache-11.pom (15 kB at 741 kB/s)
[19b4038f-6334-4d89-acb5-f709407cc930/build]   | [INFO] Downloading from central: https://repo.maven.apache.org/maven2/org/apache/maven/plugins/maven-surefire-plugin/2.12.4/maven-surefire-plugin-2.12.4.jar
[19b4038f-6334-4d89-acb5-f709407cc930/build]   | [INFO] Downloaded from central: https://repo.maven.apache.org/maven2/org/apache/maven/plugins/maven-surefire-plugin/2.12.4/maven-surefire-plugin-2.12.4.jar (30 kB at 1.1 MB/s)
[19b4038f-6334-4d89-acb5-f709407cc930/build]   | [INFO] Downloading from central: https://repo.maven.apache.org/maven2/org/apache/maven/plugins/maven-jar-plugin/2.4/maven-jar-plugin-2.4.pom
[19b4038f-6334-4d89-acb5-f709407cc930/build]   | [INFO] Downloaded from central: https://repo.maven.apache.org/maven2/org/apache/maven/plugins/maven-jar-plugin/2.4/maven-jar-plugin-2.4.pom (5.8 kB at 449 kB/s)
[19b4038f-6334-4d89-acb5-f709407cc930/build]   | [INFO] Downloading from central: https://repo.maven.apache.org/maven2/org/apache/maven/plugins/maven-plugins/22/maven-plugins-22.pom
[19b4038f-6334-4d89-acb5-f709407cc930/build]   | [INFO] Downloaded from central: https://repo.maven.apache.org/maven2/org/apache/maven/plugins/maven-plugins/22/maven-plugins-22.pom (13 kB at 483 kB/s)
[19b4038f-6334-4d89-acb5-f709407cc930/build]   | [INFO] Downloading from central: https://repo.maven.apache.org/maven2/org/apache/maven/maven-parent/21/maven-parent-21.pom
[19b4038f-6334-4d89-acb5-f709407cc930/build]   | [INFO] Downloaded from central: https://repo.maven.apache.org/maven2/org/apache/maven/maven-parent/21/maven-parent-21.pom (26 kB at 1.6 MB/s)
[19b4038f-6334-4d89-acb5-f709407cc930/build]   | [INFO] Downloading from central: https://repo.maven.apache.org/maven2/org/apache/apache/10/apache-10.pom
[19b4038f-6334-4d89-acb5-f709407cc930/build]   | [INFO] Downloaded from central: https://repo.maven.apache.org/maven2/org/apache/apache/10/apache-10.pom (15 kB at 592 kB/s)
[19b4038f-6334-4d89-acb5-f709407cc930/build]   | [INFO] Downloading from central: https://repo.maven.apache.org/maven2/org/apache/maven/plugins/maven-jar-plugin/2.4/maven-jar-plugin-2.4.jar
[19b4038f-6334-4d89-acb5-f709407cc930/build]   | [INFO] Downloaded from central: https://repo.maven.apache.org/maven2/org/apache/maven/plugins/maven-jar-plugin/2.4/maven-jar-plugin-2.4.jar (34 kB at 1.5 MB/s)
[19b4038f-6334-4d89-acb5-f709407cc930/build]   | [INFO] Downloading from central: https://repo.maven.apache.org/maven2/junit/junit/4.9/junit-4.9.pom
[19b4038f-6334-4d89-acb5-f709407cc930/build]   | [INFO] Downloaded from central: https://repo.maven.apache.org/maven2/junit/junit/4.9/junit-4.9.pom (2.3 kB at 117 kB/s)
[19b4038f-6334-4d89-acb5-f709407cc930/build]   | [INFO] Downloading from central: https://repo.maven.apache.org/maven2/org/hamcrest/hamcrest-core/1.1/hamcrest-core-1.1.pom
[19b4038f-6334-4d89-acb5-f709407cc930/build]   | [INFO] Downloaded from central: https://repo.maven.apache.org/maven2/org/hamcrest/hamcrest-core/1.1/hamcrest-core-1.1.pom (481 B at 17 kB/s)
[19b4038f-6334-4d89-acb5-f709407cc930/build]   | [INFO] Downloading from central: https://repo.maven.apache.org/maven2/org/hamcrest/hamcrest-parent/1.1/hamcrest-parent-1.1.pom
[19b4038f-6334-4d89-acb5-f709407cc930/build]   | [INFO] Downloaded from central: https://repo.maven.apache.org/maven2/org/hamcrest/hamcrest-parent/1.1/hamcrest-parent-1.1.pom (5.9 kB at 280 kB/s)
[19b4038f-6334-4d89-acb5-f709407cc930/build]   | [INFO] Downloading from central: https://repo.maven.apache.org/maven2/org/hamcrest/hamcrest-core/1.1/hamcrest-core-1.1.jar
[19b4038f-6334-4d89-acb5-f709407cc930/build]   | [INFO] Downloading from central: https://repo.maven.apache.org/maven2/junit/junit/4.9/junit-4.9.jar
[19b4038f-6334-4d89-acb5-f709407cc930/build]   | [INFO] Downloaded from central: https://repo.maven.apache.org/maven2/org/hamcrest/hamcrest-core/1.1/hamcrest-core-1.1.jar (77 kB at 1.9 MB/s)
[19b4038f-6334-4d89-acb5-f709407cc930/build]   | [INFO] Downloaded from central: https://repo.maven.apache.org/maven2/junit/junit/4.9/junit-4.9.jar (249 kB at 2.2 MB/s)
[19b4038f-6334-4d89-acb5-f709407cc930/build]   | [INFO] 
[19b4038f-6334-4d89-acb5-f709407cc930/build]   | [INFO] --- maven-enforcer-plugin:1.0:enforce (enforce-maven) @ invokebinder ---
[19b4038f-6334-4d89-acb5-f709407cc930/build]   | [INFO] Downloading from central: https://repo.maven.apache.org/maven2/org/apache/maven/maven-artifact/2.0.9/maven-artifact-2.0.9.pom
[19b4038f-6334-4d89-acb5-f709407cc930/build]   | [INFO] Downloaded from central: https://repo.maven.apache.org/maven2/org/apache/maven/maven-artifact/2.0.9/maven-artifact-2.0.9.pom (1.6 kB at 33 kB/s)
[19b4038f-6334-4d89-acb5-f709407cc930/build]   | [INFO] Downloading from central: https://repo.maven.apache.org/maven2/org/apache/maven/maven/2.0.9/maven-2.0.9.pom
[19b4038f-6334-4d89-acb5-f709407cc930/build]   | [INFO] Downloaded from central: https://repo.maven.apache.org/maven2/org/apache/maven/maven/2.0.9/maven-2.0.9.pom (19 kB at 900 kB/s)
[19b4038f-6334-4d89-acb5-f709407cc930/build]   | [INFO] Downloading from central: https://repo.maven.apache.org/maven2/org/apache/maven/maven-parent/8/maven-parent-8.pom
[19b4038f-6334-4d89-acb5-f709407cc930/build]   | [INFO] Downloaded from central: https://repo.maven.apache.org/maven2/org/apache/maven/maven-parent/8/maven-parent-8.pom (24 kB at 1.3 MB/s)
[19b4038f-6334-4d89-acb5-f709407cc930/build]   | [INFO] Downloading from central: https://repo.maven.apache.org/maven2/org/apache/apache/4/apache-4.pom
[19b4038f-6334-4d89-acb5-f709407cc930/build]   | [INFO] Downloaded from central: https://repo.maven.apache.org/maven2/org/apache/apache/4/apache-4.pom (4.5 kB at 38 kB/s)
[19b4038f-6334-4d89-acb5-f709407cc930/build]   | [INFO] Downloading from central: https://repo.maven.apache.org/maven2/org/codehaus/plexus/plexus-utils/1.5.8/plexus-utils-1.5.8.pom
[19b4038f-6334-4d89-acb5-f709407cc930/build]   | [INFO] Downloaded from central: https://repo.maven.apache.org/maven2/org/codehaus/plexus/plexus-utils/1.5.8/plexus-utils-1.5.8.pom (8.1 kB at 128 kB/s)
[19b4038f-6334-4d89-acb5-f709407cc930/build]   | [INFO] Downloading from central: https://repo.maven.apache.org/maven2/org/codehaus/plexus/plexus/2.0.2/plexus-2.0.2.pom
[19b4038f-6334-4d89-acb5-f709407cc930/build]   | [INFO] Downloaded from central: https://repo.maven.apache.org/maven2/org/codehaus/plexus/plexus/2.0.2/plexus-2.0.2.pom (12 kB at 258 kB/s)
[19b4038f-6334-4d89-acb5-f709407cc930/build]   | [INFO] Downloading from central: https://repo.maven.apache.org/maven2/org/apache/maven/maven-plugin-api/2.0.9/maven-plugin-api-2.0.9.pom
[19b4038f-6334-4d89-acb5-f709407cc930/build]   | [INFO] Downloaded from central: https://repo.maven.apache.org/maven2/org/apache/maven/maven-plugin-api/2.0.9/maven-plugin-api-2.0.9.pom (1.5 kB at 71 kB/s)
[19b4038f-6334-4d89-acb5-f709407cc930/build]   | [INFO] Downloading from central: https://repo.maven.apache.org/maven2/org/apache/maven/maven-project/2.0.9/maven-project-2.0.9.pom
[19b4038f-6334-4d89-acb5-f709407cc930/build]   | [INFO] Downloaded from central: https://repo.maven.apache.org/maven2/org/apache/maven/maven-project/2.0.9/maven-project-2.0.9.pom (2.7 kB at 226 kB/s)
[19b4038f-6334-4d89-acb5-f709407cc930/build]   | [INFO] Downloading from central: https://repo.maven.apache.org/maven2/org/apache/maven/maven-settings/2.0.9/maven-settings-2.0.9.pom
[19b4038f-6334-4d89-acb5-f709407cc930/build]   | [INFO] Downloaded from central: https://repo.maven.apache.org/maven2/org/apache/maven/maven-settings/2.0.9/maven-settings-2.0.9.pom (2.1 kB at 79 kB/s)
[19b4038f-6334-4d89-acb5-f709407cc930/build]   | [INFO] Downloading from central: https://repo.maven.apache.org/maven2/org/apache/maven/maven-model/2.0.9/maven-model-2.0.9.pom
[19b4038f-6334-4d89-acb5-f709407cc930/build]   | [INFO] Downloaded from central: https://repo.maven.apache.org/maven2/org/apache/maven/maven-model/2.0.9/maven-model-2.0.9.pom (3.1 kB at 185 kB/s)
[19b4038f-6334-4d89-acb5-f709407cc930/build]   | [INFO] Downloading from central: https://repo.maven.apache.org/maven2/org/codehaus/plexus/plexus-container-default/1.0-alpha-9-stable-1/plexus-container-default-1.0-alpha-9-stable-1.pom
[19b4038f-6334-4d89-acb5-f709407cc930/build]   | [INFO] Downloaded from central: https://repo.maven.apache.org/maven2/org/codehaus/plexus/plexus-container-default/1.0-alpha-9-stable-1/plexus-container-default-1.0-alpha-9-stable-1.pom (3.9 kB at 116 kB/s)
[19b4038f-6334-4d89-acb5-f709407cc930/build]   | [INFO] Downloading from central: https://repo.maven.apache.org/maven2/org/codehaus/plexus/plexus-containers/1.0.3/plexus-containers-1.0.3.pom
[19b4038f-6334-4d89-acb5-f709407cc930/build]   | [INFO] Downloaded from central: https://repo.maven.apache.org/maven2/org/codehaus/plexus/plexus-containers/1.0.3/plexus-containers-1.0.3.pom (492 B at 55 kB/s)
[19b4038f-6334-4d89-acb5-f709407cc930/build]   | [INFO] Downloading from central: https://repo.maven.apache.org/maven2/org/codehaus/plexus/plexus/1.0.4/plexus-1.0.4.pom
[19b4038f-6334-4d89-acb5-f709407cc930/build]   | [INFO] Downloaded from central: https://repo.maven.apache.org/maven2/org/codehaus/plexus/plexus/1.0.4/plexus-1.0.4.pom (5.7 kB at 130 kB/s)
[19b4038f-6334-4d89-acb5-f709407cc930/build]   | [INFO] Downloading from central: https://repo.maven.apache.org/maven2/junit/junit/3.8.2/junit-3.8.2.pom
[19b4038f-6334-4d89-acb5-f709407cc930/build]   | [INFO] Downloaded from central: https://repo.maven.apache.org/maven2/junit/junit/3.8.2/junit-3.8.2.pom (747 B at 39 kB/s)
[19b4038f-6334-4d89-acb5-f709407cc930/build]   | [INFO] Downloading from central: https://repo.maven.apache.org/maven2/classworlds/classworlds/1.1-alpha-2/classworlds-1.1-alpha-2.pom
[19b4038f-6334-4d89-acb5-f709407cc930/build]   | [INFO] Downloaded from central: https://repo.maven.apache.org/maven2/classworlds/classworlds/1.1-alpha-2/classworlds-1.1-alpha-2.pom (3.1 kB at 112 kB/s)
[19b4038f-6334-4d89-acb5-f709407cc930/build]   | [INFO] Downloading from central: https://repo.maven.apache.org/maven2/org/apache/maven/maven-profile/2.0.9/maven-profile-2.0.9.pom
[19b4038f-6334-4d89-acb5-f709407cc930/build]   | [INFO] Downloaded from central: https://repo.maven.apache.org/maven2/org/apache/maven/maven-profile/2.0.9/maven-profile-2.0.9.pom (2.0 kB at 102 kB/s)
[19b4038f-6334-4d89-acb5-f709407cc930/build]   | [INFO] Downloading from central: https://repo.maven.apache.org/maven2/org/apache/maven/maven-artifact-manager/2.0.9/maven-artifact-manager-2.0.9.pom
[19b4038f-6334-4d89-acb5-f709407cc930/build]   | [INFO] Downloaded from central: https://repo.maven.apache.org/maven2/org/apache/maven/maven-artifact-manager/2.0.9/maven-artifact-manager-2.0.9.pom (2.7 kB at 96 kB/s)
[19b4038f-6334-4d89-acb5-f709407cc930/build]   | [INFO] Downloading from central: https://repo.maven.apache.org/maven2/org/apache/maven/maven-repository-metadata/2.0.9/maven-repository-metadata-2.0.9.pom
[19b4038f-6334-4d89-acb5-f709407cc930/build]   | [INFO] Downloaded from central: https://repo.maven.apache.org/maven2/org/apache/maven/maven-repository-metadata/2.0.9/maven-repository-metadata-2.0.9.pom (1.9 kB at 173 kB/s)
[19b4038f-6334-4d89-acb5-f709407cc930/build]   | [INFO] Downloading from central: https://repo.maven.apache.org/maven2/org/apache/maven/maven-plugin-registry/2.0.9/maven-plugin-registry-2.0.9.pom
[19b4038f-6334-4d89-acb5-f709407cc930/build]   | [INFO] Downloaded from central: https://repo.maven.apache.org/maven2/org/apache/maven/maven-plugin-registry/2.0.9/maven-plugin-registry-2.0.9.pom (2.0 kB at 131 kB/s)
[19b4038f-6334-4d89-acb5-f709407cc930/build]   | [INFO] Downloading from central: https://repo.maven.apache.org/maven2/org/apache/maven/maven-core/2.0.9/maven-core-2.0.9.pom
[19b4038f-6334-4d89-acb5-f709407cc930/build]   | [INFO] Downloaded from central: https://repo.maven.apache.org/maven2/org/apache/maven/maven-core/2.0.9/maven-core-2.0.9.pom (7.8 kB at 278 kB/s)
[19b4038f-6334-4d89-acb5-f709407cc930/build]   | [INFO] Downloading from central: https://repo.maven.apache.org/maven2/org/apache/maven/maven-plugin-parameter-documenter/2.0.9/maven-plugin-parameter-documenter-2.0.9.pom
[19b4038f-6334-4d89-acb5-f709407cc930/build]   | [INFO] Downloaded from central: https://repo.maven.apache.org/maven2/org/apache/maven/maven-plugin-parameter-documenter/2.0.9/maven-plugin-parameter-documenter-2.0.9.pom (2.0 kB at 63 kB/s)
[19b4038f-6334-4d89-acb5-f709407cc930/build]   | [INFO] Downloading from central: https://repo.maven.apache.org/maven2/org/apache/maven/reporting/maven-reporting-api/2.0.9/maven-reporting-api-2.0.9.pom
[19b4038f-6334-4d89-acb5-f709407cc930/build]   | [INFO] Downloaded from central: https://repo.maven.apache.org/maven2/org/apache/maven/reporting/maven-reporting-api/2.0.9/maven-reporting-api-2.0.9.pom (1.8 kB at 164 kB/s)
[19b4038f-6334-4d89-acb5-f709407cc930/build]   | [INFO] Downloading from central: https://repo.maven.apache.org/maven2/org/apache/maven/reporting/maven-reporting/2.0.9/maven-reporting-2.0.9.pom
[19b4038f-6334-4d89-acb5-f709407cc930/build]   | [INFO] Downloaded from central: https://repo.maven.apache.org/maven2/org/apache/maven/reporting/maven-reporting/2.0.9/maven-reporting-2.0.9.pom (1.5 kB at 51 kB/s)
[19b4038f-6334-4d89-acb5-f709407cc930/build]   | [INFO] Downloading from central: https://repo.maven.apache.org/maven2/org/apache/maven/doxia/doxia-sink-api/1.0-alpha-10/doxia-sink-api-1.0-alpha-10.pom
[19b4038f-6334-4d89-acb5-f709407cc930/build]   | [INFO] Downloaded from central: https://repo.maven.apache.org/maven2/org/apache/maven/doxia/doxia-sink-api/1.0-alpha-10/doxia-sink-api-1.0-alpha-10.pom (1.3 kB at 71 kB/s)
[19b4038f-6334-4d89-acb5-f709407cc930/build]   | [INFO] Downloading from central: https://repo.maven.apache.org/maven2/org/apache/maven/doxia/doxia/1.0-alpha-10/doxia-1.0-alpha-10.pom
[19b4038f-6334-4d89-acb5-f709407cc930/build]   | [INFO] Downloaded from central: https://repo.maven.apache.org/maven2/org/apache/maven/doxia/doxia/1.0-alpha-10/doxia-1.0-alpha-10.pom (9.2 kB at 327 kB/s)
[19b4038f-6334-4d89-acb5-f709407cc930/build]   | [INFO] Downloading from central: https://repo.maven.apache.org/maven2/org/apache/maven/maven-parent/6/maven-parent-6.pom
[19b4038f-6334-4d89-acb5-f709407cc930/build]   | [INFO] Downloaded from central: https://repo.maven.apache.org/maven2/org/apache/maven/maven-parent/6/maven-parent-6.pom (20 kB at 1.1 MB/s)
[19b4038f-6334-4d89-acb5-f709407cc930/build]   | [INFO] Downloading from central: https://repo.maven.apache.org/maven2/org/apache/maven/maven-error-diagnostics/2.0.9/maven-error-diagnostics-2.0.9.pom
[19b4038f-6334-4d89-acb5-f709407cc930/build]   | [INFO] Downloaded from central: https://repo.maven.apache.org/maven2/org/apache/maven/maven-error-diagnostics/2.0.9/maven-error-diagnostics-2.0.9.pom (1.7 kB at 109 kB/s)
[19b4038f-6334-4d89-acb5-f709407cc930/build]   | [INFO] Downloading from central: https://repo.maven.apache.org/maven2/commons-cli/commons-cli/1.0/commons-cli-1.0.pom
[19b4038f-6334-4d89-acb5-f709407cc930/build]   | [INFO] Downloaded from central: https://repo.maven.apache.org/maven2/commons-cli/commons-cli/1.0/commons-cli-1.0.pom (2.1 kB at 210 kB/s)
[19b4038f-6334-4d89-acb5-f709407cc930/build]   | [INFO] Downloading from central: https://repo.maven.apache.org/maven2/org/apache/maven/maven-plugin-descriptor/2.0.9/maven-plugin-descriptor-2.0.9.pom
[19b4038f-6334-4d89-acb5-f709407cc930/build]   | [INFO] Downloaded from central: https://repo.maven.apache.org/maven2/org/apache/maven/maven-plugin-descriptor/2.0.9/maven-plugin-descriptor-2.0.9.pom (2.1 kB at 33 kB/s)
[19b4038f-6334-4d89-acb5-f709407cc930/build]   | [INFO] Downloading from central: https://repo.maven.apache.org/maven2/org/codehaus/plexus/plexus-interactivity-api/1.0-alpha-4/plexus-interactivity-api-1.0-alpha-4.pom
[19b4038f-6334-4d89-acb5-f709407cc930/build]   | [INFO] Downloaded from central: https://repo.maven.apache.org/maven2/org/codehaus/plexus/plexus-interactivity-api/1.0-alpha-4/plexus-interactivity-api-1.0-alpha-4.pom (7.1 kB at 443 kB/s)
[19b4038f-6334-4d89-acb5-f709407cc930/build]   | [INFO] Downloading from central: https://repo.maven.apache.org/maven2/org/apache/maven/maven-monitor/2.0.9/maven-monitor-2.0.9.pom
[19b4038f-6334-4d89-acb5-f709407cc930/build]   | [INFO] Downloaded from central: https://repo.maven.apache.org/maven2/org/apache/maven/maven-monitor/2.0.9/maven-monitor-2.0.9.pom (1.3 kB at 80 kB/s)
[19b4038f-6334-4d89-acb5-f709407cc930/build]   | [INFO] Downloading from central: https://repo.maven.apache.org/maven2/classworlds/classworlds/1.1/classworlds-1.1.pom
[19b4038f-6334-4d89-acb5-f709407cc930/build]   | [INFO] Downloaded from central: https://repo.maven.apache.org/maven2/classworlds/classworlds/1.1/classworlds-1.1.pom (3.3 kB at 119 kB/s)
[19b4038f-6334-4d89-acb5-f709407cc930/build]   | [INFO] Downloading from central: https://repo.maven.apache.org/maven2/commons-lang/commons-lang/2.3/commons-lang-2.3.pom
[19b4038f-6334-4d89-acb5-f709407cc930/build]   | [INFO] Downloaded from central: https://repo.maven.apache.org/maven2/commons-lang/commons-lang/2.3/commons-lang-2.3.pom (11 kB at 300 kB/s)
[19b4038f-6334-4d89-acb5-f709407cc930/build]   | [INFO] Downloading from central: https://repo.maven.apache.org/maven2/org/apache/maven/enforcer/enforcer-api/1.0/enforcer-api-1.0.pom
[19b4038f-6334-4d89-acb5-f709407cc930/build]   | [INFO] Downloaded from central: https://repo.maven.apache.org/maven2/org/apache/maven/enforcer/enforcer-api/1.0/enforcer-api-1.0.pom (3.3 kB at 182 kB/s)
[19b4038f-6334-4d89-acb5-f709407cc930/build]   | [INFO] Downloading from central: https://repo.maven.apache.org/maven2/org/codehaus/plexus/plexus-container-default/1.0-alpha-9/plexus-container-default-1.0-alpha-9.pom
[19b4038f-6334-4d89-acb5-f709407cc930/build]   | [INFO] Downloaded from central: https://repo.maven.apache.org/maven2/org/codehaus/plexus/plexus-container-default/1.0-alpha-9/plexus-container-default-1.0-alpha-9.pom (1.2 kB at 77 kB/s)
[19b4038f-6334-4d89-acb5-f709407cc930/build]   | [INFO] Downloading from central: https://repo.maven.apache.org/maven2/org/apache/maven/enforcer/enforcer-rules/1.0/enforcer-rules-1.0.pom
[19b4038f-6334-4d89-acb5-f709407cc930/build]   | [INFO] Downloaded from central: https://repo.maven.apache.org/maven2/org/apache/maven/enforcer/enforcer-rules/1.0/enforcer-rules-1.0.pom (4.1 kB at 148 kB/s)
[19b4038f-6334-4d89-acb5-f709407cc930/build]   | [INFO] Downloading from central: https://repo.maven.apache.org/maven2/org/apache/maven/shared/maven-common-artifact-filters/1.2/maven-common-artifact-filters-1.2.pom
[19b4038f-6334-4d89-acb5-f709407cc930/build]   | [INFO] Downloaded from central: https://repo.maven.apache.org/maven2/org/apache/maven/shared/maven-common-artifact-filters/1.2/maven-common-artifact-filters-1.2.pom (4.5 kB at 502 kB/s)
[19b4038f-6334-4d89-acb5-f709407cc930/build]   | [INFO] Downloading from central: https://repo.maven.apache.org/maven2/org/apache/maven/shared/maven-shared-components/11/maven-shared-components-11.pom
[19b4038f-6334-4d89-acb5-f709407cc930/build]   | [INFO] Downloaded from central: https://repo.maven.apache.org/maven2/org/apache/maven/shared/maven-shared-components/11/maven-shared-components-11.pom (8.3 kB at 321 kB/s)
[19b4038f-6334-4d89-acb5-f709407cc930/build]   | [INFO] Downloading from central: https://repo.maven.apache.org/maven2/org/apache/maven/maven-parent/11/maven-parent-11.pom
[19b4038f-6334-4d89-acb5-f709407cc930/build]   | [INFO] Downloaded from central: https://repo.maven.apache.org/maven2/org/apache/maven/maven-parent/11/maven-parent-11.pom (32 kB at 1.8 MB/s)
[19b4038f-6334-4d89-acb5-f709407cc930/build]   | [INFO] Downloading from central: https://repo.maven.apache.org/maven2/org/apache/apache/5/apache-5.pom
[19b4038f-6334-4d89-acb5-f709407cc930/build]   | [INFO] Downloaded from central: https://repo.maven.apache.org/maven2/org/apache/apache/5/apache-5.pom (4.1 kB at 455 kB/s)
[19b4038f-6334-4d89-acb5-f709407cc930/build]   | [INFO] Downloading from central: https://repo.maven.apache.org/maven2/org/apache/maven/maven-model/2.0.8/maven-model-2.0.8.pom
[19b4038f-6334-4d89-acb5-f709407cc930/build]   | [INFO] Downloaded from central: https://repo.maven.apache.org/maven2/org/apache/maven/maven-model/2.0.8/maven-model-2.0.8.pom (3.1 kB at 174 kB/s)
[19b4038f-6334-4d89-acb5-f709407cc930/build]   | [INFO] Downloading from central: https://repo.maven.apache.org/maven2/org/apache/maven/maven/2.0.8/maven-2.0.8.pom
[19b4038f-6334-4d89-acb5-f709407cc930/build]   | [INFO] Downloaded from central: https://repo.maven.apache.org/maven2/org/apache/maven/maven/2.0.8/maven-2.0.8.pom (12 kB at 1.5 MB/s)
[19b4038f-6334-4d89-acb5-f709407cc930/build]   | [INFO] Downloading from central: https://repo.maven.apache.org/maven2/org/apache/maven/shared/maven-plugin-testing-harness/1.1/maven-plugin-testing-harness-1.1.pom
[19b4038f-6334-4d89-acb5-f709407cc930/build]   | [INFO] Downloaded from central: https://repo.maven.apache.org/maven2/org/apache/maven/shared/maven-plugin-testing-harness/1.1/maven-plugin-testing-harness-1.1.pom (6.3 kB at 576 kB/s)
[19b4038f-6334-4d89-acb5-f709407cc930/build]   | [INFO] Downloading from central: https://repo.maven.apache.org/maven2/org/apache/maven/shared/maven-shared-components/7/maven-shared-components-7.pom
[19b4038f-6334-4d89-acb5-f709407cc930/build]   | [INFO] Downloaded from central: https://repo.maven.apache.org/maven2/org/apache/maven/shared/maven-shared-components/7/maven-shared-components-7.pom (2.6 kB at 260 kB/s)
[19b4038f-6334-4d89-acb5-f709407cc930/build]   | [INFO] Downloading from central: https://repo.maven.apache.org/maven2/org/codehaus/plexus/plexus-archiver/1.0-alpha-7/plexus-archiver-1.0-alpha-7.pom
[19b4038f-6334-4d89-acb5-f709407cc930/build]   | [INFO] Downloaded from central: https://repo.maven.apache.org/maven2/org/codehaus/plexus/plexus-archiver/1.0-alpha-7/plexus-archiver-1.0-alpha-7.pom (1.0 kB at 39 kB/s)
[19b4038f-6334-4d89-acb5-f709407cc930/build]   | [INFO] Downloading from central: https://repo.maven.apache.org/maven2/org/codehaus/plexus/plexus-components/1.1.6/plexus-components-1.1.6.pom
[19b4038f-6334-4d89-acb5-f709407cc930/build]   | [INFO] Downloaded from central: https://repo.maven.apache.org/maven2/org/codehaus/plexus/plexus-components/1.1.6/plexus-components-1.1.6.pom (1.9 kB at 57 kB/s)
[19b4038f-6334-4d89-acb5-f709407cc930/build]   | [INFO] Downloading from central: https://repo.maven.apache.org/maven2/org/codehaus/plexus/plexus/1.0.8/plexus-1.0.8.pom
[19b4038f-6334-4d89-acb5-f709407cc930/build]   | [INFO] Downloaded from central: https://repo.maven.apache.org/maven2/org/codehaus/plexus/plexus/1.0.8/plexus-1.0.8.pom (7.2 kB at 516 kB/s)
[19b4038f-6334-4d89-acb5-f709407cc930/build]   | [INFO] Downloading from central: https://repo.maven.apache.org/maven2/org/codehaus/plexus/plexus-container-default/1.0-alpha-8/plexus-container-default-1.0-alpha-8.pom
[19b4038f-6334-4d89-acb5-f709407cc930/build]   | [INFO] Downloaded from central: https://repo.maven.apache.org/maven2/org/codehaus/plexus/plexus-container-default/1.0-alpha-8/plexus-container-default-1.0-alpha-8.pom (7.3 kB at 242 kB/s)
[19b4038f-6334-4d89-acb5-f709407cc930/build]   | [INFO] Downloading from central: https://repo.maven.apache.org/maven2/org/beanshell/bsh/2.0b4/bsh-2.0b4.pom
[19b4038f-6334-4d89-acb5-f709407cc930/build]   | [INFO] Downloaded from central: https://repo.maven.apache.org/maven2/org/beanshell/bsh/2.0b4/bsh-2.0b4.pom (1.2 kB at 54 kB/s)
[19b4038f-6334-4d89-acb5-f709407cc930/build]   | [INFO] Downloading from central: https://repo.maven.apache.org/maven2/org/beanshell/beanshell/2.0b4/beanshell-2.0b4.pom
[19b4038f-6334-4d89-acb5-f709407cc930/build]   | [INFO] Downloaded from central: https://repo.maven.apache.org/maven2/org/beanshell/beanshell/2.0b4/beanshell-2.0b4.pom (1.4 kB at 61 kB/s)
[19b4038f-6334-4d89-acb5-f709407cc930/build]   | [INFO] Downloading from central: https://repo.maven.apache.org/maven2/org/apache/maven/shared/maven-dependency-tree/1.2/maven-dependency-tree-1.2.pom
[19b4038f-6334-4d89-acb5-f709407cc930/build]   | [INFO] Downloaded from central: https://repo.maven.apache.org/maven2/org/apache/maven/shared/maven-dependency-tree/1.2/maven-dependency-tree-1.2.pom (3.6 kB at 201 kB/s)
[19b4038f-6334-4d89-acb5-f709407cc930/build]   | [INFO] Downloading from central: https://repo.maven.apache.org/maven2/org/apache/maven/shared/maven-shared-components/9/maven-shared-components-9.pom
[19b4038f-6334-4d89-acb5-f709407cc930/build]   | [INFO] Downloaded from central: https://repo.maven.apache.org/maven2/org/apache/maven/shared/maven-shared-components/9/maven-shared-components-9.pom (3.5 kB at 167 kB/s)
[19b4038f-6334-4d89-acb5-f709407cc930/build]   | [INFO] Downloading from central: https://repo.maven.apache.org/maven2/org/codehaus/plexus/plexus-i18n/1.0-beta-6/plexus-i18n-1.0-beta-6.pom
[19b4038f-6334-4d89-acb5-f709407cc930/build]   | [INFO] Downloaded from central: https://repo.maven.apache.org/maven2/org/codehaus/plexus/plexus-i18n/1.0-beta-6/plexus-i18n-1.0-beta-6.pom (771 B at 34 kB/s)
[19b4038f-6334-4d89-acb5-f709407cc930/build]   | [INFO] Downloading from central: https://repo.maven.apache.org/maven2/org/codehaus/plexus/plexus-components/1.1.4/plexus-components-1.1.4.pom
[19b4038f-6334-4d89-acb5-f709407cc930/build]   | [INFO] Downloaded from central: https://repo.maven.apache.org/maven2/org/codehaus/plexus/plexus-components/1.1.4/plexus-components-1.1.4.pom (2.1 kB at 138 kB/s)
[19b4038f-6334-4d89-acb5-f709407cc930/build]   | [INFO] Downloading from central: https://repo.maven.apache.org/maven2/org/apache/maven/maven-artifact/2.0.9/maven-artifact-2.0.9.jar
[19b4038f-6334-4d89-acb5-f709407cc930/build]   | [INFO] Downloading from central: https://repo.maven.apache.org/maven2/org/apache/maven/maven-plugin-api/2.0.9/maven-plugin-api-2.0.9.jar
[19b4038f-6334-4d89-acb5-f709407cc930/build]   | [INFO] Downloading from central: https://repo.maven.apache.org/maven2/org/apache/maven/maven-project/2.0.9/maven-project-2.0.9.jar
[19b4038f-6334-4d89-acb5-f709407cc930/build]   | [INFO] Downloading from central: https://repo.maven.apache.org/maven2/org/apache/maven/maven-settings/2.0.9/maven-settings-2.0.9.jar
[19b4038f-6334-4d89-acb5-f709407cc930/build]   | [INFO] Downloading from central: https://repo.maven.apache.org/maven2/org/apache/maven/maven-profile/2.0.9/maven-profile-2.0.9.jar
[19b4038f-6334-4d89-acb5-f709407cc930/build]   | [INFO] Downloaded from central: https://repo.maven.apache.org/maven2/org/apache/maven/maven-plugin-api/2.0.9/maven-plugin-api-2.0.9.jar (13 kB at 477 kB/s)
[19b4038f-6334-4d89-acb5-f709407cc930/build]   | [INFO] Downloading from central: https://repo.maven.apache.org/maven2/org/apache/maven/maven-model/2.0.9/maven-model-2.0.9.jar
[19b4038f-6334-4d89-acb5-f709407cc930/build]   | [INFO] Downloaded from central: https://repo.maven.apache.org/maven2/org/apache/maven/maven-settings/2.0.9/maven-settings-2.0.9.jar (49 kB at 1.7 MB/s)
[19b4038f-6334-4d89-acb5-f709407cc930/build]   | [INFO] Downloading from central: https://repo.maven.apache.org/maven2/org/apache/maven/maven-artifact-manager/2.0.9/maven-artifact-manager-2.0.9.jar
[19b4038f-6334-4d89-acb5-f709407cc930/build]   | [INFO] Downloaded from central: https://repo.maven.apache.org/maven2/org/apache/maven/maven-profile/2.0.9/maven-profile-2.0.9.jar (35 kB at 1.2 MB/s)
[19b4038f-6334-4d89-acb5-f709407cc930/build]   | [INFO] Downloading from central: https://repo.maven.apache.org/maven2/org/apache/maven/maven-plugin-registry/2.0.9/maven-plugin-registry-2.0.9.jar
[19b4038f-6334-4d89-acb5-f709407cc930/build]   | [INFO] Downloaded from central: https://repo.maven.apache.org/maven2/org/apache/maven/maven-project/2.0.9/maven-project-2.0.9.jar (122 kB at 3.7 MB/s)
[19b4038f-6334-4d89-acb5-f709407cc930/build]   | [INFO] Downloading from central: https://repo.maven.apache.org/maven2/org/codehaus/plexus/plexus-container-default/1.0-alpha-9-stable-1/plexus-container-default-1.0-alpha-9-stable-1.jar
[19b4038f-6334-4d89-acb5-f709407cc930/build]   | [INFO] Downloaded from central: https://repo.maven.apache.org/maven2/org/apache/maven/maven-artifact/2.0.9/maven-artifact-2.0.9.jar (89 kB at 2.1 MB/s)
[19b4038f-6334-4d89-acb5-f709407cc930/build]   | [INFO] Downloading from central: https://repo.maven.apache.org/maven2/org/apache/maven/maven-core/2.0.9/maven-core-2.0.9.jar
[19b4038f-6334-4d89-acb5-f709407cc930/build]   | [INFO] Downloaded from central: https://repo.maven.apache.org/maven2/org/apache/maven/maven-artifact-manager/2.0.9/maven-artifact-manager-2.0.9.jar (58 kB at 1.0 MB/s)
[19b4038f-6334-4d89-acb5-f709407cc930/build]   | [INFO] Downloading from central: https://repo.maven.apache.org/maven2/org/apache/maven/maven-plugin-parameter-documenter/2.0.9/maven-plugin-parameter-documenter-2.0.9.jar
[19b4038f-6334-4d89-acb5-f709407cc930/build]   | [INFO] Downloaded from central: https://repo.maven.apache.org/maven2/org/apache/maven/maven-model/2.0.9/maven-model-2.0.9.jar (87 kB at 1.1 MB/s)
[19b4038f-6334-4d89-acb5-f709407cc930/build]   | [INFO] Downloading from central: https://repo.maven.apache.org/maven2/org/apache/maven/reporting/maven-reporting-api/2.0.9/maven-reporting-api-2.0.9.jar
[19b4038f-6334-4d89-acb5-f709407cc930/build]   | [INFO] Downloaded from central: https://repo.maven.apache.org/maven2/org/apache/maven/maven-plugin-registry/2.0.9/maven-plugin-registry-2.0.9.jar (29 kB at 363 kB/s)
[19b4038f-6334-4d89-acb5-f709407cc930/build]   | [INFO] Downloading from central: https://repo.maven.apache.org/maven2/org/apache/maven/doxia/doxia-sink-api/1.0-alpha-10/doxia-sink-api-1.0-alpha-10.jar
[19b4038f-6334-4d89-acb5-f709407cc930/build]   | [INFO] Downloaded from central: https://repo.maven.apache.org/maven2/org/apache/maven/maven-core/2.0.9/maven-core-2.0.9.jar (160 kB at 1.9 MB/s)
[19b4038f-6334-4d89-acb5-f709407cc930/build]   | [INFO] Downloading from central: https://repo.maven.apache.org/maven2/org/apache/maven/maven-repository-metadata/2.0.9/maven-repository-metadata-2.0.9.jar
[19b4038f-6334-4d89-acb5-f709407cc930/build]   | [INFO] Downloaded from central: https://repo.maven.apache.org/maven2/org/codehaus/plexus/plexus-container-default/1.0-alpha-9-stable-1/plexus-container-default-1.0-alpha-9-stable-1.jar (194 kB at 2.3 MB/s)
[19b4038f-6334-4d89-acb5-f709407cc930/build]   | [INFO] Downloading from central: https://repo.maven.apache.org/maven2/org/apache/maven/maven-error-diagnostics/2.0.9/maven-error-diagnostics-2.0.9.jar
[19b4038f-6334-4d89-acb5-f709407cc930/build]   | [INFO] Downloaded from central: https://repo.maven.apache.org/maven2/org/apache/maven/maven-plugin-parameter-documenter/2.0.9/maven-plugin-parameter-documenter-2.0.9.jar (21 kB at 227 kB/s)
[19b4038f-6334-4d89-acb5-f709407cc930/build]   | [INFO] Downloading from central: https://repo.maven.apache.org/maven2/commons-cli/commons-cli/1.0/commons-cli-1.0.jar
[19b4038f-6334-4d89-acb5-f709407cc930/build]   | [INFO] Downloaded from central: https://repo.maven.apache.org/maven2/org/apache/maven/reporting/maven-reporting-api/2.0.9/maven-reporting-api-2.0.9.jar (10 kB at 106 kB/s)
[19b4038f-6334-4d89-acb5-f709407cc930/build]   | [INFO] Downloading from central: https://repo.maven.apache.org/maven2/org/apache/maven/maven-plugin-descriptor/2.0.9/maven-plugin-descriptor-2.0.9.jar
[19b4038f-6334-4d89-acb5-f709407cc930/build]   | [INFO] Downloaded from central: https://repo.maven.apache.org/maven2/org/apache/maven/doxia/doxia-sink-api/1.0-alpha-10/doxia-sink-api-1.0-alpha-10.jar (9.9 kB at 102 kB/s)
[19b4038f-6334-4d89-acb5-f709407cc930/build]   | [INFO] Downloading from central: https://repo.maven.apache.org/maven2/org/codehaus/plexus/plexus-interactivity-api/1.0-alpha-4/plexus-interactivity-api-1.0-alpha-4.jar
[19b4038f-6334-4d89-acb5-f709407cc930/build]   | [INFO] Downloaded from central: https://repo.maven.apache.org/maven2/org/apache/maven/maven-error-diagnostics/2.0.9/maven-error-diagnostics-2.0.9.jar (14 kB at 138 kB/s)
[19b4038f-6334-4d89-acb5-f709407cc930/build]   | [INFO] Downloaded from central: https://repo.maven.apache.org/maven2/org/apache/maven/maven-repository-metadata/2.0.9/maven-repository-metadata-2.0.9.jar (25 kB at 246 kB/s)
[19b4038f-6334-4d89-acb5-f709407cc930/build]   | [INFO] Downloading from central: https://repo.maven.apache.org/maven2/org/apache/maven/maven-monitor/2.0.9/maven-monitor-2.0.9.jar
[19b4038f-6334-4d89-acb5-f709407cc930/build]   | [INFO] Downloading from central: https://repo.maven.apache.org/maven2/classworlds/classworlds/1.1/classworlds-1.1.jar
[19b4038f-6334-4d89-acb5-f709407cc930/build]   | [INFO] Downloaded from central: https://repo.maven.apache.org/maven2/org/apache/maven/maven-plugin-descriptor/2.0.9/maven-plugin-descriptor-2.0.9.jar (37 kB at 306 kB/s)
[19b4038f-6334-4d89-acb5-f709407cc930/build]   | [INFO] Downloading from central: https://repo.maven.apache.org/maven2/org/codehaus/plexus/plexus-utils/1.5.8/plexus-utils-1.5.8.jar
[19b4038f-6334-4d89-acb5-f709407cc930/build]   | [INFO] Downloaded from central: https://repo.maven.apache.org/maven2/commons-cli/commons-cli/1.0/commons-cli-1.0.jar (30 kB at 247 kB/s)
[19b4038f-6334-4d89-acb5-f709407cc930/build]   | [INFO] Downloading from central: https://repo.maven.apache.org/maven2/commons-lang/commons-lang/2.3/commons-lang-2.3.jar
[19b4038f-6334-4d89-acb5-f709407cc930/build]   | [INFO] Downloaded from central: https://repo.maven.apache.org/maven2/classworlds/classworlds/1.1/classworlds-1.1.jar (38 kB at 289 kB/s)
[19b4038f-6334-4d89-acb5-f709407cc930/build]   | [INFO] Downloading from central: https://repo.maven.apache.org/maven2/org/apache/maven/enforcer/enforcer-api/1.0/enforcer-api-1.0.jar
[19b4038f-6334-4d89-acb5-f709407cc930/build]   | [INFO] Downloaded from central: https://repo.maven.apache.org/maven2/org/codehaus/plexus/plexus-interactivity-api/1.0-alpha-4/plexus-interactivity-api-1.0-alpha-4.jar (13 kB at 102 kB/s)
[19b4038f-6334-4d89-acb5-f709407cc930/build]   | [INFO] Downloading from central: https://repo.maven.apache.org/maven2/org/apache/maven/enforcer/enforcer-rules/1.0/enforcer-rules-1.0.jar
[19b4038f-6334-4d89-acb5-f709407cc930/build]   | [INFO] Downloaded from central: https://repo.maven.apache.org/maven2/org/apache/maven/maven-monitor/2.0.9/maven-monitor-2.0.9.jar (10 kB at 78 kB/s)
[19b4038f-6334-4d89-acb5-f709407cc930/build]   | [INFO] Downloading from central: https://repo.maven.apache.org/maven2/org/apache/maven/shared/maven-common-artifact-filters/1.2/maven-common-artifact-filters-1.2.jar
[19b4038f-6334-4d89-acb5-f709407cc930/build]   | [INFO] Downloaded from central: https://repo.maven.apache.org/maven2/commons-lang/commons-lang/2.3/commons-lang-2.3.jar (245 kB at 1.6 MB/s)
[19b4038f-6334-4d89-acb5-f709407cc930/build]   | [INFO] Downloading from central: https://repo.maven.apache.org/maven2/org/beanshell/bsh/2.0b4/bsh-2.0b4.jar
[19b4038f-6334-4d89-acb5-f709407cc930/build]   | [INFO] Downloaded from central: https://repo.maven.apache.org/maven2/org/apache/maven/enforcer/enforcer-api/1.0/enforcer-api-1.0.jar (9.8 kB at 63 kB/s)
[19b4038f-6334-4d89-acb5-f709407cc930/build]   | [INFO] Downloading from central: https://repo.maven.apache.org/maven2/org/apache/maven/shared/maven-dependency-tree/1.2/maven-dependency-tree-1.2.jar
[19b4038f-6334-4d89-acb5-f709407cc930/build]   | [INFO] Downloaded from central: https://repo.maven.apache.org/maven2/org/apache/maven/shared/maven-dependency-tree/1.2/maven-dependency-tree-1.2.jar (35 kB at 199 kB/s)
[19b4038f-6334-4d89-acb5-f709407cc930/build]   | [INFO] Downloading from central: https://repo.maven.apache.org/maven2/org/codehaus/plexus/plexus-i18n/1.0-beta-6/plexus-i18n-1.0-beta-6.jar
[19b4038f-6334-4d89-acb5-f709407cc930/build]   | [INFO] Downloaded from central: https://repo.maven.apache.org/maven2/org/apache/maven/enforcer/enforcer-rules/1.0/enforcer-rules-1.0.jar (61 kB at 337 kB/s)
[19b4038f-6334-4d89-acb5-f709407cc930/build]   | [INFO] Downloaded from central: https://repo.maven.apache.org/maven2/org/beanshell/bsh/2.0b4/bsh-2.0b4.jar (282 kB at 1.5 MB/s)
[19b4038f-6334-4d89-acb5-f709407cc930/build]   | [INFO] Downloaded from central: https://repo.maven.apache.org/maven2/org/codehaus/plexus/plexus-i18n/1.0-beta-6/plexus-i18n-1.0-beta-6.jar (12 kB at 64 kB/s)
[19b4038f-6334-4d89-acb5-f709407cc930/build]   | [INFO] Downloaded from central: https://repo.maven.apache.org/maven2/org/apache/maven/shared/maven-common-artifact-filters/1.2/maven-common-artifact-filters-1.2.jar (32 kB at 165 kB/s)
[19b4038f-6334-4d89-acb5-f709407cc930/build]   | [INFO] Downloaded from central: https://repo.maven.apache.org/maven2/org/codehaus/plexus/plexus-utils/1.5.8/plexus-utils-1.5.8.jar (268 kB at 1.3 MB/s)
[19b4038f-6334-4d89-acb5-f709407cc930/build]   | [INFO] 
[19b4038f-6334-4d89-acb5-f709407cc930/build]   | [INFO] --- maven-resources-plugin:2.2:resources (default-resources) @ invokebinder ---
[19b4038f-6334-4d89-acb5-f709407cc930/build]   | [INFO] Downloading from central: https://repo.maven.apache.org/maven2/org/apache/maven/maven-plugin-api/2.0/maven-plugin-api-2.0.pom
[19b4038f-6334-4d89-acb5-f709407cc930/build]   | [INFO] Downloaded from central: https://repo.maven.apache.org/maven2/org/apache/maven/maven-plugin-api/2.0/maven-plugin-api-2.0.pom (601 B at 46 kB/s)
[19b4038f-6334-4d89-acb5-f709407cc930/build]   | [INFO] Downloading from central: https://repo.maven.apache.org/maven2/org/apache/maven/maven/2.0/maven-2.0.pom
[19b4038f-6334-4d89-acb5-f709407cc930/build]   | [INFO] Downloaded from central: https://repo.maven.apache.org/maven2/org/apache/maven/maven/2.0/maven-2.0.pom (8.8 kB at 237 kB/s)
[19b4038f-6334-4d89-acb5-f709407cc930/build]   | [INFO] Downloading from central: https://repo.maven.apache.org/maven2/org/apache/maven/maven-project/2.0/maven-project-2.0.pom
[19b4038f-6334-4d89-acb5-f709407cc930/build]   | [INFO] Downloaded from central: https://repo.maven.apache.org/maven2/org/apache/maven/maven-project/2.0/maven-project-2.0.pom (1.6 kB at 68 kB/s)
[19b4038f-6334-4d89-acb5-f709407cc930/build]   | [INFO] Downloading from central: https://repo.maven.apache.org/maven2/org/apache/maven/maven-profile/2.0/maven-profile-2.0.pom
[19b4038f-6334-4d89-acb5-f709407cc930/build]   | [INFO] Downloaded from central: https://repo.maven.apache.org/maven2/org/apache/maven/maven-profile/2.0/maven-profile-2.0.pom (1.4 kB at 125 kB/s)
[19b4038f-6334-4d89-acb5-f709407cc930/build]   | [INFO] Downloading from central: https://repo.maven.apache.org/maven2/org/apache/maven/maven-model/2.0/maven-model-2.0.pom
[19b4038f-6334-4d89-acb5-f709407cc930/build]   | [INFO] Downloaded from central: https://repo.maven.apache.org/maven2/org/apache/maven/maven-model/2.0/maven-model-2.0.pom (2.4 kB at 75 kB/s)
[19b4038f-6334-4d89-acb5-f709407cc930/build]   | [INFO] Downloading from central: https://repo.maven.apache.org/maven2/org/codehaus/plexus/plexus-utils/1.0.4/plexus-utils-1.0.4.pom
[19b4038f-6334-4d89-acb5-f709407cc930/build]   | [INFO] Downloaded from central: https://repo.maven.apache.org/maven2/org/codehaus/plexus/plexus-utils/1.0.4/plexus-utils-1.0.4.pom (6.9 kB at 221 kB/s)
[19b4038f-6334-4d89-acb5-f709407cc930/build]   | [INFO] Downloading from central: https://repo.maven.apache.org/maven2/junit/junit/3.8.1/junit-3.8.1.pom
[19b4038f-6334-4d89-acb5-f709407cc930/build]   | [INFO] Downloaded from central: https://repo.maven.apache.org/maven2/junit/junit/3.8.1/junit-3.8.1.pom (998 B at 23 kB/s)
[19b4038f-6334-4d89-acb5-f709407cc930/build]   | [INFO] Downloading from central: https://repo.maven.apache.org/maven2/org/apache/maven/maven-artifact-manager/2.0/maven-artifact-manager-2.0.pom
[19b4038f-6334-4d89-acb5-f709407cc930/build]   | [INFO] Downloaded from central: https://repo.maven.apache.org/maven2/org/apache/maven/maven-artifact-manager/2.0/maven-artifact-manager-2.0.pom (1.3 kB at 71 kB/s)
[19b4038f-6334-4d89-acb5-f709407cc930/build]   | [INFO] Downloading from central: https://repo.maven.apache.org/maven2/org/apache/maven/maven-repository-metadata/2.0/maven-repository-metadata-2.0.pom
[19b4038f-6334-4d89-acb5-f709407cc930/build]   | [INFO] Downloaded from central: https://repo.maven.apache.org/maven2/org/apache/maven/maven-repository-metadata/2.0/maven-repository-metadata-2.0.pom (1.2 kB at 47 kB/s)
[19b4038f-6334-4d89-acb5-f709407cc930/build]   | [INFO] Downloading from central: https://repo.maven.apache.org/maven2/org/apache/maven/maven-artifact/2.0/maven-artifact-2.0.pom
[19b4038f-6334-4d89-acb5-f709407cc930/build]   | [INFO] Downloaded from central: https://repo.maven.apache.org/maven2/org/apache/maven/maven-artifact/2.0/maven-artifact-2.0.pom (723 B at 80 kB/s)
[19b4038f-6334-4d89-acb5-f709407cc930/build]   | [INFO] Downloading from central: https://repo.maven.apache.org/maven2/org/apache/maven/maven-profile/2.0/maven-profile-2.0.jar
[19b4038f-6334-4d89-acb5-f709407cc930/build]   | [INFO] Downloading from central: https://repo.maven.apache.org/maven2/org/apache/maven/maven-project/2.0/maven-project-2.0.jar
[19b4038f-6334-4d89-acb5-f709407cc930/build]   | [INFO] Downloading from central: https://repo.maven.apache.org/maven2/org/apache/maven/maven-artifact-manager/2.0/maven-artifact-manager-2.0.jar
[19b4038f-6334-4d89-acb5-f709407cc930/build]   | [INFO] Downloading from central: https://repo.maven.apache.org/maven2/org/apache/maven/maven-repository-metadata/2.0/maven-repository-metadata-2.0.jar
[19b4038f-6334-4d89-acb5-f709407cc930/build]   | [INFO] Downloading from central: https://repo.maven.apache.org/maven2/org/apache/maven/maven-plugin-api/2.0/maven-plugin-api-2.0.jar
[19b4038f-6334-4d89-acb5-f709407cc930/build]   | [INFO] Downloaded from central: https://repo.maven.apache.org/maven2/org/apache/maven/maven-repository-metadata/2.0/maven-repository-metadata-2.0.jar (21 kB at 1.5 MB/s)
[19b4038f-6334-4d89-acb5-f709407cc930/build]   | [INFO] Downloading from central: https://repo.maven.apache.org/maven2/org/codehaus/plexus/plexus-utils/1.0.4/plexus-utils-1.0.4.jar
[19b4038f-6334-4d89-acb5-f709407cc930/build]   | [INFO] Downloaded from central: https://repo.maven.apache.org/maven2/org/apache/maven/maven-project/2.0/maven-project-2.0.jar (105 kB at 2.0 MB/s)
[19b4038f-6334-4d89-acb5-f709407cc930/build]   | [INFO] Downloaded from central: https://repo.maven.apache.org/maven2/org/apache/maven/maven-profile/2.0/maven-profile-2.0.jar (30 kB at 585 kB/s)
[19b4038f-6334-4d89-acb5-f709407cc930/build]   | [INFO] Downloading from central: https://repo.maven.apache.org/maven2/org/apache/maven/maven-artifact/2.0/maven-artifact-2.0.jar
[19b4038f-6334-4d89-acb5-f709407cc930/build]   | [INFO] Downloading from central: https://repo.maven.apache.org/maven2/org/codehaus/plexus/plexus-container-default/1.0-alpha-8/plexus-container-default-1.0-alpha-8.jar
[19b4038f-6334-4d89-acb5-f709407cc930/build]   | [INFO] Downloaded from central: https://repo.maven.apache.org/maven2/org/apache/maven/maven-artifact-manager/2.0/maven-artifact-manager-2.0.jar (51 kB at 955 kB/s)
[19b4038f-6334-4d89-acb5-f709407cc930/build]   | [INFO] Downloading from central: https://repo.maven.apache.org/maven2/junit/junit/3.8.1/junit-3.8.1.jar
[19b4038f-6334-4d89-acb5-f709407cc930/build]   | [INFO] Downloaded from central: https://repo.maven.apache.org/maven2/org/apache/maven/maven-plugin-api/2.0/maven-plugin-api-2.0.jar (10 kB at 166 kB/s)
[19b4038f-6334-4d89-acb5-f709407cc930/build]   | [INFO] Downloading from central: https://repo.maven.apache.org/maven2/classworlds/classworlds/1.1-alpha-2/classworlds-1.1-alpha-2.jar
[19b4038f-6334-4d89-acb5-f709407cc930/build]   | [INFO] Downloaded from central: https://repo.maven.apache.org/maven2/org/apache/maven/maven-artifact/2.0/maven-artifact-2.0.jar (79 kB at 1.2 MB/s)
[19b4038f-6334-4d89-acb5-f709407cc930/build]   | [INFO] Downloading from central: https://repo.maven.apache.org/maven2/org/apache/maven/maven-model/2.0/maven-model-2.0.jar
[19b4038f-6334-4d89-acb5-f709407cc930/build]   | [INFO] Downloaded from central: https://repo.maven.apache.org/maven2/org/codehaus/plexus/plexus-container-default/1.0-alpha-8/plexus-container-default-1.0-alpha-8.jar (195 kB at 3.0 MB/s)
[19b4038f-6334-4d89-acb5-f709407cc930/build]   | [INFO] Downloaded from central: https://repo.maven.apache.org/maven2/junit/junit/3.8.1/junit-3.8.1.jar (121 kB at 1.7 MB/s)
[19b4038f-6334-4d89-acb5-f709407cc930/build]   | [INFO] Downloaded from central: https://repo.maven.apache.org/maven2/org/codehaus/plexus/plexus-utils/1.0.4/plexus-utils-1.0.4.jar (164 kB at 1.7 MB/s)
[19b4038f-6334-4d89-acb5-f709407cc930/build]   | [INFO] Downloaded from central: https://repo.maven.apache.org/maven2/classworlds/classworlds/1.1-alpha-2/classworlds-1.1-alpha-2.jar (38 kB at 399 kB/s)
[19b4038f-6334-4d89-acb5-f709407cc930/build]   | [INFO] Downloaded from central: https://repo.maven.apache.org/maven2/org/apache/maven/maven-model/2.0/maven-model-2.0.jar (78 kB at 682 kB/s)
[19b4038f-6334-4d89-acb5-f709407cc930/build]   | [INFO] Using encoding: 'UTF-8' to copy filtered resources.
[19b4038f-6334-4d89-acb5-f709407cc930/build]   | [INFO] 
[19b4038f-6334-4d89-acb5-f709407cc930/build]   | [INFO] --- maven-compiler-plugin:2.0.2:compile (default-compile) @ invokebinder ---
[19b4038f-6334-4d89-acb5-f709407cc930/build]   | [INFO] Downloading from central: https://repo.maven.apache.org/maven2/org/codehaus/plexus/plexus-compiler-api/1.5.3/plexus-compiler-api-1.5.3.pom
[19b4038f-6334-4d89-acb5-f709407cc930/build]   | [INFO] Downloaded from central: https://repo.maven.apache.org/maven2/org/codehaus/plexus/plexus-compiler-api/1.5.3/plexus-compiler-api-1.5.3.pom (624 B at 28 kB/s)
[19b4038f-6334-4d89-acb5-f709407cc930/build]   | [INFO] Downloading from central: https://repo.maven.apache.org/maven2/org/codehaus/plexus/plexus-compiler/1.5.3/plexus-compiler-1.5.3.pom
[19b4038f-6334-4d89-acb5-f709407cc930/build]   | [INFO] Downloaded from central: https://repo.maven.apache.org/maven2/org/codehaus/plexus/plexus-compiler/1.5.3/plexus-compiler-1.5.3.pom (1.5 kB at 112 kB/s)
[19b4038f-6334-4d89-acb5-f709407cc930/build]   | [INFO] Downloading from central: https://repo.maven.apache.org/maven2/org/codehaus/plexus/plexus-compiler-manager/1.5.3/plexus-compiler-manager-1.5.3.pom
[19b4038f-6334-4d89-acb5-f709407cc930/build]   | [INFO] Downloaded from central: https://repo.maven.apache.org/maven2/org/codehaus/plexus/plexus-compiler-manager/1.5.3/plexus-compiler-manager-1.5.3.pom (634 B at 19 kB/s)
[19b4038f-6334-4d89-acb5-f709407cc930/build]   | [INFO] Downloading from central: https://repo.maven.apache.org/maven2/org/codehaus/plexus/plexus-compiler-javac/1.5.3/plexus-compiler-javac-1.5.3.pom
[19b4038f-6334-4d89-acb5-f709407cc930/build]   | [INFO] Downloaded from central: https://repo.maven.apache.org/maven2/org/codehaus/plexus/plexus-compiler-javac/1.5.3/plexus-compiler-javac-1.5.3.pom (797 B at 40 kB/s)
[19b4038f-6334-4d89-acb5-f709407cc930/build]   | [INFO] Downloading from central: https://repo.maven.apache.org/maven2/org/codehaus/plexus/plexus-compilers/1.5.3/plexus-compilers-1.5.3.pom
[19b4038f-6334-4d89-acb5-f709407cc930/build]   | [INFO] Downloaded from central: https://repo.maven.apache.org/maven2/org/codehaus/plexus/plexus-compilers/1.5.3/plexus-compilers-1.5.3.pom (7.6 kB at 850 kB/s)
[19b4038f-6334-4d89-acb5-f709407cc930/build]   | [INFO] Downloading from central: https://repo.maven.apache.org/maven2/org/codehaus/plexus/plexus-utils/1.0.5/plexus-utils-1.0.5.pom
[19b4038f-6334-4d89-acb5-f709407cc930/build]   | [INFO] Downloaded from central: https://repo.maven.apache.org/maven2/org/codehaus/plexus/plexus-utils/1.0.5/plexus-utils-1.0.5.pom (918 B at 35 kB/s)
[19b4038f-6334-4d89-acb5-f709407cc930/build]   | [INFO] Downloading from central: https://repo.maven.apache.org/maven2/org/codehaus/plexus/plexus-compiler-api/1.5.3/plexus-compiler-api-1.5.3.jar
[19b4038f-6334-4d89-acb5-f709407cc930/build]   | [INFO] Downloading from central: https://repo.maven.apache.org/maven2/org/codehaus/plexus/plexus-compiler-manager/1.5.3/plexus-compiler-manager-1.5.3.jar
[19b4038f-6334-4d89-acb5-f709407cc930/build]   | [INFO] Downloading from central: https://repo.maven.apache.org/maven2/org/codehaus/plexus/plexus-compiler-javac/1.5.3/plexus-compiler-javac-1.5.3.jar
[19b4038f-6334-4d89-acb5-f709407cc930/build]   | [INFO] Downloaded from central: https://repo.maven.apache.org/maven2/org/codehaus/plexus/plexus-compiler-javac/1.5.3/plexus-compiler-javac-1.5.3.jar (14 kB at 371 kB/s)
[19b4038f-6334-4d89-acb5-f709407cc930/build]   | [INFO] Downloaded from central: https://repo.maven.apache.org/maven2/org/codehaus/plexus/plexus-compiler-api/1.5.3/plexus-compiler-api-1.5.3.jar (20 kB at 462 kB/s)
[19b4038f-6334-4d89-acb5-f709407cc930/build]   | [INFO] Downloaded from central: https://repo.maven.apache.org/maven2/org/codehaus/plexus/plexus-compiler-manager/1.5.3/plexus-compiler-manager-1.5.3.jar (5.3 kB at 69 kB/s)
[19b4038f-6334-4d89-acb5-f709407cc930/build]   | [INFO] Nothing to compile - all classes are up to date
[19b4038f-6334-4d89-acb5-f709407cc930/build]   | [INFO] 
[19b4038f-6334-4d89-acb5-f709407cc930/build]   | [INFO] --- maven-resources-plugin:2.2:testResources (default-testResources) @ invokebinder ---
[19b4038f-6334-4d89-acb5-f709407cc930/build]   | [INFO] Using encoding: 'UTF-8' to copy filtered resources.
[19b4038f-6334-4d89-acb5-f709407cc930/build]   | [INFO] 
[19b4038f-6334-4d89-acb5-f709407cc930/build]   | [INFO] --- maven-compiler-plugin:2.0.2:testCompile (default-testCompile) @ invokebinder ---
[19b4038f-6334-4d89-acb5-f709407cc930/build]   | [INFO] Compiling 1 source file to /tmp/ca0554f3-8e4f-4751-afef-58d873eaecb5/target/test-classes
[19b4038f-6334-4d89-acb5-f709407cc930/build]   | [INFO] 
[19b4038f-6334-4d89-acb5-f709407cc930/build]   | [INFO] --- maven-surefire-plugin:2.12.4:test (default-test) @ invokebinder ---
[19b4038f-6334-4d89-acb5-f709407cc930/build]   | [INFO] Downloading from central: https://repo.maven.apache.org/maven2/org/apache/maven/surefire/surefire-booter/2.12.4/surefire-booter-2.12.4.pom
[19b4038f-6334-4d89-acb5-f709407cc930/build]   | [INFO] Downloaded from central: https://repo.maven.apache.org/maven2/org/apache/maven/surefire/surefire-booter/2.12.4/surefire-booter-2.12.4.pom (3.0 kB at 233 kB/s)
[19b4038f-6334-4d89-acb5-f709407cc930/build]   | [INFO] Downloading from central: https://repo.maven.apache.org/maven2/org/apache/maven/surefire/surefire-api/2.12.4/surefire-api-2.12.4.pom
[19b4038f-6334-4d89-acb5-f709407cc930/build]   | [INFO] Downloaded from central: https://repo.maven.apache.org/maven2/org/apache/maven/surefire/surefire-api/2.12.4/surefire-api-2.12.4.pom (2.5 kB at 147 kB/s)
[19b4038f-6334-4d89-acb5-f709407cc930/build]   | [INFO] Downloading from central: https://repo.maven.apache.org/maven2/org/apache/maven/surefire/maven-surefire-common/2.12.4/maven-surefire-common-2.12.4.pom
[19b4038f-6334-4d89-acb5-f709407cc930/build]   | [INFO] Downloaded from central: https://repo.maven.apache.org/maven2/org/apache/maven/surefire/maven-surefire-common/2.12.4/maven-surefire-common-2.12.4.pom (5.5 kB at 395 kB/s)
[19b4038f-6334-4d89-acb5-f709407cc930/build]   | [INFO] Downloading from central: https://repo.maven.apache.org/maven2/org/apache/maven/plugin-tools/maven-plugin-annotations/3.1/maven-plugin-annotations-3.1.pom
[19b4038f-6334-4d89-acb5-f709407cc930/build]   | [INFO] Downloaded from central: https://repo.maven.apache.org/maven2/org/apache/maven/plugin-tools/maven-plugin-annotations/3.1/maven-plugin-annotations-3.1.pom (1.6 kB at 96 kB/s)
[19b4038f-6334-4d89-acb5-f709407cc930/build]   | [INFO] Downloading from central: https://repo.maven.apache.org/maven2/org/apache/maven/plugin-tools/maven-plugin-tools/3.1/maven-plugin-tools-3.1.pom
[19b4038f-6334-4d89-acb5-f709407cc930/build]   | [INFO] Downloaded from central: https://repo.maven.apache.org/maven2/org/apache/maven/plugin-tools/maven-plugin-tools/3.1/maven-plugin-tools-3.1.pom (16 kB at 1.2 MB/s)
[19b4038f-6334-4d89-acb5-f709407cc930/build]   | [INFO] Downloading from central: https://repo.maven.apache.org/maven2/org/codehaus/plexus/plexus-utils/3.0.8/plexus-utils-3.0.8.pom
[19b4038f-6334-4d89-acb5-f709407cc930/build]   | [INFO] Downloaded from central: https://repo.maven.apache.org/maven2/org/codehaus/plexus/plexus-utils/3.0.8/plexus-utils-3.0.8.pom (3.1 kB at 262 kB/s)
[19b4038f-6334-4d89-acb5-f709407cc930/build]   | [INFO] Downloading from central: https://repo.maven.apache.org/maven2/org/codehaus/plexus/plexus/3.2/plexus-3.2.pom
[19b4038f-6334-4d89-acb5-f709407cc930/build]   | [INFO] Downloaded from central: https://repo.maven.apache.org/maven2/org/codehaus/plexus/plexus/3.2/plexus-3.2.pom (19 kB at 1.9 MB/s)
[19b4038f-6334-4d89-acb5-f709407cc930/build]   | [INFO] Downloading from central: https://repo.maven.apache.org/maven2/org/sonatype/spice/spice-parent/17/spice-parent-17.pom
[19b4038f-6334-4d89-acb5-f709407cc930/build]   | [INFO] Downloaded from central: https://repo.maven.apache.org/maven2/org/sonatype/spice/spice-parent/17/spice-parent-17.pom (6.8 kB at 218 kB/s)
[19b4038f-6334-4d89-acb5-f709407cc930/build]   | [INFO] Downloading from central: https://repo.maven.apache.org/maven2/org/sonatype/forge/forge-parent/10/forge-parent-10.pom
[19b4038f-6334-4d89-acb5-f709407cc930/build]   | [INFO] Downloaded from central: https://repo.maven.apache.org/maven2/org/sonatype/forge/forge-parent/10/forge-parent-10.pom (14 kB at 1.7 MB/s)
[19b4038f-6334-4d89-acb5-f709407cc930/build]   | [INFO] Downloading from central: https://repo.maven.apache.org/maven2/org/apache/maven/maven-toolchain/2.0.9/maven-toolchain-2.0.9.pom
[19b4038f-6334-4d89-acb5-f709407cc930/build]   | [INFO] Downloaded from central: https://repo.maven.apache.org/maven2/org/apache/maven/maven-toolchain/2.0.9/maven-toolchain-2.0.9.pom (3.5 kB at 217 kB/s)
[19b4038f-6334-4d89-acb5-f709407cc930/build]   | [INFO] Downloading from central: https://repo.maven.apache.org/maven2/org/apache/commons/commons-lang3/3.1/commons-lang3-3.1.pom
[19b4038f-6334-4d89-acb5-f709407cc930/build]   | [INFO] Downloaded from central: https://repo.maven.apache.org/maven2/org/apache/commons/commons-lang3/3.1/commons-lang3-3.1.pom (17 kB at 1.7 MB/s)
[19b4038f-6334-4d89-acb5-f709407cc930/build]   | [INFO] Downloading from central: https://repo.maven.apache.org/maven2/org/apache/commons/commons-parent/22/commons-parent-22.pom
[19b4038f-6334-4d89-acb5-f709407cc930/build]   | [INFO] Downloaded from central: https://repo.maven.apache.org/maven2/org/apache/commons/commons-parent/22/commons-parent-22.pom (42 kB at 3.2 MB/s)
[19b4038f-6334-4d89-acb5-f709407cc930/build]   | [INFO] Downloading from central: https://repo.maven.apache.org/maven2/org/apache/apache/9/apache-9.pom
[19b4038f-6334-4d89-acb5-f709407cc930/build]   | [INFO] Downloaded from central: https://repo.maven.apache.org/maven2/org/apache/apache/9/apache-9.pom (15 kB at 1.3 MB/s)
[19b4038f-6334-4d89-acb5-f709407cc930/build]   | [INFO] Downloading from central: https://repo.maven.apache.org/maven2/org/apache/maven/shared/maven-common-artifact-filters/1.3/maven-common-artifact-filters-1.3.pom
[19b4038f-6334-4d89-acb5-f709407cc930/build]   | [INFO] Downloaded from central: https://repo.maven.apache.org/maven2/org/apache/maven/shared/maven-common-artifact-filters/1.3/maven-common-artifact-filters-1.3.pom (3.7 kB at 411 kB/s)
[19b4038f-6334-4d89-acb5-f709407cc930/build]   | [INFO] Downloading from central: https://repo.maven.apache.org/maven2/org/apache/maven/shared/maven-shared-components/12/maven-shared-components-12.pom
[19b4038f-6334-4d89-acb5-f709407cc930/build]   | [INFO] Downloaded from central: https://repo.maven.apache.org/maven2/org/apache/maven/shared/maven-shared-components/12/maven-shared-components-12.pom (9.3 kB at 778 kB/s)
[19b4038f-6334-4d89-acb5-f709407cc930/build]   | [INFO] Downloading from central: https://repo.maven.apache.org/maven2/org/apache/maven/maven-parent/13/maven-parent-13.pom
[19b4038f-6334-4d89-acb5-f709407cc930/build]   | [INFO] Downloaded from central: https://repo.maven.apache.org/maven2/org/apache/maven/maven-parent/13/maven-parent-13.pom (23 kB at 1.7 MB/s)
[19b4038f-6334-4d89-acb5-f709407cc930/build]   | [INFO] Downloading from central: https://repo.maven.apache.org/maven2/org/apache/apache/6/apache-6.pom
[19b4038f-6334-4d89-acb5-f709407cc930/build]   | [INFO] Downloaded from central: https://repo.maven.apache.org/maven2/org/apache/apache/6/apache-6.pom (13 kB at 1.2 MB/s)
[19b4038f-6334-4d89-acb5-f709407cc930/build]   | [INFO] Downloading from central: https://repo.maven.apache.org/maven2/org/apache/maven/surefire/surefire-booter/2.12.4/surefire-booter-2.12.4.jar
[19b4038f-6334-4d89-acb5-f709407cc930/build]   | [INFO] Downloading from central: https://repo.maven.apache.org/maven2/org/apache/maven/surefire/surefire-api/2.12.4/surefire-api-2.12.4.jar
[19b4038f-6334-4d89-acb5-f709407cc930/build]   | [INFO] Downloading from central: https://repo.maven.apache.org/maven2/org/apache/maven/surefire/maven-surefire-common/2.12.4/maven-surefire-common-2.12.4.jar
[19b4038f-6334-4d89-acb5-f709407cc930/build]   | [INFO] Downloading from central: https://repo.maven.apache.org/maven2/org/apache/commons/commons-lang3/3.1/commons-lang3-3.1.jar
[19b4038f-6334-4d89-acb5-f709407cc930/build]   | [INFO] Downloading from central: https://repo.maven.apache.org/maven2/org/apache/maven/shared/maven-common-artifact-filters/1.3/maven-common-artifact-filters-1.3.jar
[19b4038f-6334-4d89-acb5-f709407cc930/build]   | [INFO] Downloaded from central: https://repo.maven.apache.org/maven2/org/apache/maven/surefire/surefire-booter/2.12.4/surefire-booter-2.12.4.jar (35 kB at 3.5 MB/s)
[19b4038f-6334-4d89-acb5-f709407cc930/build]   | [INFO] Downloading from central: https://repo.maven.apache.org/maven2/org/codehaus/plexus/plexus-utils/3.0.8/plexus-utils-3.0.8.jar
[19b4038f-6334-4d89-acb5-f709407cc930/build]   | [INFO] Downloaded from central: https://repo.maven.apache.org/maven2/org/apache/maven/surefire/surefire-api/2.12.4/surefire-api-2.12.4.jar (118 kB at 9.0 MB/s)
[19b4038f-6334-4d89-acb5-f709407cc930/build]   | [INFO] Downloading from central: https://repo.maven.apache.org/maven2/org/apache/maven/maven-toolchain/2.0.9/maven-toolchain-2.0.9.jar
[19b4038f-6334-4d89-acb5-f709407cc930/build]   | [INFO] Downloaded from central: https://repo.maven.apache.org/maven2/org/apache/maven/shared/maven-common-artifact-filters/1.3/maven-common-artifact-filters-1.3.jar (31 kB at 2.2 MB/s)
[19b4038f-6334-4d89-acb5-f709407cc930/build]   | [INFO] Downloading from central: https://repo.maven.apache.org/maven2/org/apache/maven/plugin-tools/maven-plugin-annotations/3.1/maven-plugin-annotations-3.1.jar
[19b4038f-6334-4d89-acb5-f709407cc930/build]   | [INFO] Downloaded from central: https://repo.maven.apache.org/maven2/org/apache/maven/maven-toolchain/2.0.9/maven-toolchain-2.0.9.jar (38 kB at 2.2 MB/s)
[19b4038f-6334-4d89-acb5-f709407cc930/build]   | [INFO] Downloaded from central: https://repo.maven.apache.org/maven2/org/apache/maven/plugin-tools/maven-plugin-annotations/3.1/maven-plugin-annotations-3.1.jar (14 kB at 738 kB/s)
[19b4038f-6334-4d89-acb5-f709407cc930/build]   | [INFO] Downloaded from central: https://repo.maven.apache.org/maven2/org/apache/maven/surefire/maven-surefire-common/2.12.4/maven-surefire-common-2.12.4.jar (263 kB at 9.4 MB/s)
[19b4038f-6334-4d89-acb5-f709407cc930/build]   | [INFO] Downloaded from central: https://repo.maven.apache.org/maven2/org/apache/commons/commons-lang3/3.1/commons-lang3-3.1.jar (316 kB at 8.8 MB/s)
[19b4038f-6334-4d89-acb5-f709407cc930/build]   | [INFO] Downloaded from central: https://repo.maven.apache.org/maven2/org/codehaus/plexus/plexus-utils/3.0.8/plexus-utils-3.0.8.jar (232 kB at 6.4 MB/s)
[19b4038f-6334-4d89-acb5-f709407cc930/build]   | [INFO] Surefire report directory: /tmp/ca0554f3-8e4f-4751-afef-58d873eaecb5/target/surefire-reports
[19b4038f-6334-4d89-acb5-f709407cc930/build]   | [INFO] Downloading from central: https://repo.maven.apache.org/maven2/org/apache/maven/surefire/surefire-junit4/2.12.4/surefire-junit4-2.12.4.pom
[19b4038f-6334-4d89-acb5-f709407cc930/build]   | [INFO] Downloaded from central: https://repo.maven.apache.org/maven2/org/apache/maven/surefire/surefire-junit4/2.12.4/surefire-junit4-2.12.4.pom (2.4 kB at 185 kB/s)
[19b4038f-6334-4d89-acb5-f709407cc930/build]   | [INFO] Downloading from central: https://repo.maven.apache.org/maven2/org/apache/maven/surefire/surefire-providers/2.12.4/surefire-providers-2.12.4.pom
[19b4038f-6334-4d89-acb5-f709407cc930/build]   | [INFO] Downloaded from central: https://repo.maven.apache.org/maven2/org/apache/maven/surefire/surefire-providers/2.12.4/surefire-providers-2.12.4.pom (2.3 kB at 196 kB/s)
[19b4038f-6334-4d89-acb5-f709407cc930/build]   | [INFO] Downloading from central: https://repo.maven.apache.org/maven2/org/apache/maven/surefire/surefire-junit4/2.12.4/surefire-junit4-2.12.4.jar
[19b4038f-6334-4d89-acb5-f709407cc930/build]   | [INFO] Downloaded from central: https://repo.maven.apache.org/maven2/org/apache/maven/surefire/surefire-junit4/2.12.4/surefire-junit4-2.12.4.jar (37 kB at 1.1 MB/s)
[19b4038f-6334-4d89-acb5-f709407cc930/build]   | 
[19b4038f-6334-4d89-acb5-f709407cc930/build]   | -------------------------------------------------------
[19b4038f-6334-4d89-acb5-f709407cc930/build]   |  T E S T S
[19b4038f-6334-4d89-acb5-f709407cc930/build]   | -------------------------------------------------------
[19b4038f-6334-4d89-acb5-f709407cc930/build]   | Running com.headius.invokebinder.SmartBinderTest
[19b4038f-6334-4d89-acb5-f709407cc930/build]   | (String x)String
[19b4038f-6334-4d89-acb5-f709407cc930/build]   | (Subjects this, String a, Integer b1, Integer b2, Integer b3)String
[19b4038f-6334-4d89-acb5-f709407cc930/build]   | (Subjects,String,Integer,Integer,Integer)String
[19b4038f-6334-4d89-acb5-f709407cc930/build]   | (String x)String
[19b4038f-6334-4d89-acb5-f709407cc930/build]   | (Subjects this, String a, Integer b1, Integer b2, Integer b3)String
[19b4038f-6334-4d89-acb5-f709407cc930/build]   | (Subjects,String,Integer,Integer,Integer)String
[19b4038f-6334-4d89-acb5-f709407cc930/build]   | (String x)String
[19b4038f-6334-4d89-acb5-f709407cc930/build]   | Tests run: 16, Failures: 0, Errors: 0, Skipped: 0, Time elapsed: 0.164 sec
[19b4038f-6334-4d89-acb5-f709407cc930/build]   | Running com.headius.invokebinder.BinderTest
[19b4038f-6334-4d89-acb5-f709407cc930/build]   | (BinderTest,String)String
[19b4038f-6334-4d89-acb5-f709407cc930/build]   | Tests run: 56, Failures: 1, Errors: 0, Skipped: 0, Time elapsed: 0.089 sec <<< FAILURE!
[19b4038f-6334-4d89-acb5-f709407cc930/build]   | testVarargs(com.headius.invokebinder.BinderTest)  Time elapsed: 0.005 sec  <<< FAILURE!
[19b4038f-6334-4d89-acb5-f709407cc930/build]   | java.lang.AssertionError: incoming type java.lang.String not compatible with java.lang.Object[]
[19b4038f-6334-4d89-acb5-f709407cc930/build]   | 	at com.headius.invokebinder.transform.Varargs.assertTypesAreCompatible(Varargs.java:55)
[19b4038f-6334-4d89-acb5-f709407cc930/build]   | 	at com.headius.invokebinder.transform.Varargs.down(Varargs.java:43)
[19b4038f-6334-4d89-acb5-f709407cc930/build]   | 	at com.headius.invokebinder.Binder.add(Binder.java:304)
[19b4038f-6334-4d89-acb5-f709407cc930/build]   | 	at com.headius.invokebinder.Binder.<init>(Binder.java:135)
[19b4038f-6334-4d89-acb5-f709407cc930/build]   | 	at com.headius.invokebinder.Binder.varargs(Binder.java:903)
[19b4038f-6334-4d89-acb5-f709407cc930/build]   | 	at com.headius.invokebinder.BinderTest.testVarargs(BinderTest.java:396)
[19b4038f-6334-4d89-acb5-f709407cc930/build]   | 	at java.base/jdk.internal.reflect.NativeMethodAccessorImpl.invoke0(Native Method)
[19b4038f-6334-4d89-acb5-f709407cc930/build]   | 	at java.base/jdk.internal.reflect.NativeMethodAccessorImpl.invoke(NativeMethodAccessorImpl.java:62)
[19b4038f-6334-4d89-acb5-f709407cc930/build]   | 	at java.base/jdk.internal.reflect.DelegatingMethodAccessorImpl.invoke(DelegatingMethodAccessorImpl.java:43)
[19b4038f-6334-4d89-acb5-f709407cc930/build]   | 	at java.base/java.lang.reflect.Method.invoke(Method.java:566)
[19b4038f-6334-4d89-acb5-f709407cc930/build]   | 	at org.junit.runners.model.FrameworkMethod$1.runReflectiveCall(FrameworkMethod.java:44)
[19b4038f-6334-4d89-acb5-f709407cc930/build]   | 	at org.junit.internal.runners.model.ReflectiveCallable.run(ReflectiveCallable.java:15)
[19b4038f-6334-4d89-acb5-f709407cc930/build]   | 	at org.junit.runners.model.FrameworkMethod.invokeExplosively(FrameworkMethod.java:41)
[19b4038f-6334-4d89-acb5-f709407cc930/build]   | 	at org.junit.internal.runners.statements.InvokeMethod.evaluate(InvokeMethod.java:20)
[19b4038f-6334-4d89-acb5-f709407cc930/build]   | 	at org.junit.runners.ParentRunner.runLeaf(ParentRunner.java:263)
[19b4038f-6334-4d89-acb5-f709407cc930/build]   | 	at org.junit.runners.BlockJUnit4ClassRunner.runChild(BlockJUnit4ClassRunner.java:69)
[19b4038f-6334-4d89-acb5-f709407cc930/build]   | 	at org.junit.runners.BlockJUnit4ClassRunner.runChild(BlockJUnit4ClassRunner.java:48)
[19b4038f-6334-4d89-acb5-f709407cc930/build]   | 	at org.junit.runners.ParentRunner$3.run(ParentRunner.java:231)
[19b4038f-6334-4d89-acb5-f709407cc930/build]   | 	at org.junit.runners.ParentRunner$1.schedule(ParentRunner.java:60)
[19b4038f-6334-4d89-acb5-f709407cc930/build]   | 	at org.junit.runners.ParentRunner.runChildren(ParentRunner.java:229)
[19b4038f-6334-4d89-acb5-f709407cc930/build]   | 	at org.junit.runners.ParentRunner.access$000(ParentRunner.java:50)
[19b4038f-6334-4d89-acb5-f709407cc930/build]   | 	at org.junit.runners.ParentRunner$2.evaluate(ParentRunner.java:222)
[19b4038f-6334-4d89-acb5-f709407cc930/build]   | 	at org.junit.runners.ParentRunner.run(ParentRunner.java:292)
[19b4038f-6334-4d89-acb5-f709407cc930/build]   | 	at org.apache.maven.surefire.junit4.JUnit4Provider.execute(JUnit4Provider.java:252)
[19b4038f-6334-4d89-acb5-f709407cc930/build]   | 	at org.apache.maven.surefire.junit4.JUnit4Provider.executeTestSet(JUnit4Provider.java:141)
[19b4038f-6334-4d89-acb5-f709407cc930/build]   | 	at org.apache.maven.surefire.junit4.JUnit4Provider.invoke(JUnit4Provider.java:112)
[19b4038f-6334-4d89-acb5-f709407cc930/build]   | 	at java.base/jdk.internal.reflect.NativeMethodAccessorImpl.invoke0(Native Method)
[19b4038f-6334-4d89-acb5-f709407cc930/build]   | 	at java.base/jdk.internal.reflect.NativeMethodAccessorImpl.invoke(NativeMethodAccessorImpl.java:62)
[19b4038f-6334-4d89-acb5-f709407cc930/build]   | 	at java.base/jdk.internal.reflect.DelegatingMethodAccessorImpl.invoke(DelegatingMethodAccessorImpl.java:43)
[19b4038f-6334-4d89-acb5-f709407cc930/build]   | 	at java.base/java.lang.reflect.Method.invoke(Method.java:566)
[19b4038f-6334-4d89-acb5-f709407cc930/build]   | 	at org.apache.maven.surefire.util.ReflectionUtils.invokeMethodWithArray(ReflectionUtils.java:189)
[19b4038f-6334-4d89-acb5-f709407cc930/build]   | 	at org.apache.maven.surefire.booter.ProviderFactory$ProviderProxy.invoke(ProviderFactory.java:165)
[19b4038f-6334-4d89-acb5-f709407cc930/build]   | 	at org.apache.maven.surefire.booter.ProviderFactory.invokeProvider(ProviderFactory.java:85)
[19b4038f-6334-4d89-acb5-f709407cc930/build]   | 	at org.apache.maven.surefire.booter.ForkedBooter.runSuitesInProcess(ForkedBooter.java:115)
[19b4038f-6334-4d89-acb5-f709407cc930/build]   | 	at org.apache.maven.surefire.booter.ForkedBooter.main(ForkedBooter.java:75)
[19b4038f-6334-4d89-acb5-f709407cc930/build]   | 
[19b4038f-6334-4d89-acb5-f709407cc930/build]   | Running com.headius.invokebinder.SignatureTest
[19b4038f-6334-4d89-acb5-f709407cc930/build]   | Tests run: 34, Failures: 0, Errors: 0, Skipped: 0, Time elapsed: 0.001 sec
[19b4038f-6334-4d89-acb5-f709407cc930/build]   | 
[19b4038f-6334-4d89-acb5-f709407cc930/build]   | Results :
[19b4038f-6334-4d89-acb5-f709407cc930/build]   | 
[19b4038f-6334-4d89-acb5-f709407cc930/build]   | Failed tests:   testVarargs(com.headius.invokebinder.BinderTest): incoming type java.lang.String not compatible with java.lang.Object[]
[19b4038f-6334-4d89-acb5-f709407cc930/build]   | 
[19b4038f-6334-4d89-acb5-f709407cc930/build]   | Tests run: 106, Failures: 1, Errors: 0, Skipped: 0
[19b4038f-6334-4d89-acb5-f709407cc930/build]   | 
[19b4038f-6334-4d89-acb5-f709407cc930/build]   | [INFO] ------------------------------------------------------------------------
[19b4038f-6334-4d89-acb5-f709407cc930/build]   | [INFO] BUILD FAILURE
[19b4038f-6334-4d89-acb5-f709407cc930/build]   | [INFO] ------------------------------------------------------------------------
[19b4038f-6334-4d89-acb5-f709407cc930/build]   | [INFO] Total time:  7.547 s
[19b4038f-6334-4d89-acb5-f709407cc930/build]   | [INFO] Finished at: 2023-07-12T20:12:41Z
[19b4038f-6334-4d89-acb5-f709407cc930/build]   | [INFO] ------------------------------------------------------------------------
[19b4038f-6334-4d89-acb5-f709407cc930/build]   | [ERROR] Failed to execute goal org.apache.maven.plugins:maven-surefire-plugin:2.12.4:test (default-test) on project invokebinder: There are test failures.
[19b4038f-6334-4d89-acb5-f709407cc930/build]   | [ERROR] 
[19b4038f-6334-4d89-acb5-f709407cc930/build]   | [ERROR] Please refer to /tmp/ca0554f3-8e4f-4751-afef-58d873eaecb5/target/surefire-reports for the individual test results.
[19b4038f-6334-4d89-acb5-f709407cc930/build]   | [ERROR] -> [Help 1]
[19b4038f-6334-4d89-acb5-f709407cc930/build]   | [ERROR] 
[19b4038f-6334-4d89-acb5-f709407cc930/build]   | [ERROR] To see the full stack trace of the errors, re-run Maven with the -e switch.
[19b4038f-6334-4d89-acb5-f709407cc930/build]   | [ERROR] Re-run Maven using the -X switch to enable full debug logging.
[19b4038f-6334-4d89-acb5-f709407cc930/build]   | [ERROR] 
[19b4038f-6334-4d89-acb5-f709407cc930/build]   | [ERROR] For more information about the errors and possible solutions, please read the following articles:
[19b4038f-6334-4d89-acb5-f709407cc930/build]   | [ERROR] [Help 1] http://cwiki.apache.org/confluence/display/MAVEN/MojoFailureException
[19b4038f-6334-4d89-acb5-f709407cc930/build]   ‚ùå  Failure - Main Build with Maven
[19b4038f-6334-4d89-acb5-f709407cc930/build] exitcode '1': failure
[19b4038f-6334-4d89-acb5-f709407cc930/build] unable to get git ref: failed to identify reference (tag/branch) for the checked-out revision '479b9ef653d3a2bd6633d2a55ae8b2c705bb310c'
[19b4038f-6334-4d89-acb5-f709407cc930/build] unable to get git ref: failed to identify reference (tag/branch) for the checked-out revision '479b9ef653d3a2bd6633d2a55ae8b2c705bb310c'
[19b4038f-6334-4d89-acb5-f709407cc930/build] unable to get git ref: failed to identify reference (tag/branch) for the checked-out revision '479b9ef653d3a2bd6633d2a55ae8b2c705bb310c'
[19b4038f-6334-4d89-acb5-f709407cc930/build] unable to get git ref: failed to identify reference (tag/branch) for the checked-out revision '479b9ef653d3a2bd6633d2a55ae8b2c705bb310c'
[19b4038f-6334-4d89-acb5-f709407cc930/build] unable to get git ref: failed to identify reference (tag/branch) for the checked-out revision '479b9ef653d3a2bd6633d2a55ae8b2c705bb310c'
[19b4038f-6334-4d89-acb5-f709407cc930/build] unable to get git ref: failed to identify reference (tag/branch) for the checked-out revision '479b9ef653d3a2bd6633d2a55ae8b2c705bb310c'
[19b4038f-6334-4d89-acb5-f709407cc930/build] unable to get git ref: failed to identify reference (tag/branch) for the checked-out revision '479b9ef653d3a2bd6633d2a55ae8b2c705bb310c'
[19b4038f-6334-4d89-acb5-f709407cc930/build] unable to get git ref: failed to identify reference (tag/branch) for the checked-out revision '479b9ef653d3a2bd6633d2a55ae8b2c705bb310c'
[19b4038f-6334-4d89-acb5-f709407cc930/build] unable to get git ref: failed to identify reference (tag/branch) for the checked-out revision '479b9ef653d3a2bd6633d2a55ae8b2c705bb310c'
[19b4038f-6334-4d89-acb5-f709407cc930/build] unable to get git ref: failed to identify reference (tag/branch) for the checked-out revision '479b9ef653d3a2bd6633d2a55ae8b2c705bb310c'
[19b4038f-6334-4d89-acb5-f709407cc930/build] ‚≠ê Run Post Set up JDK 11
[19b4038f-6334-4d89-acb5-f709407cc930/build]   üê≥  docker exec cmd=[node /var/run/act/actions/actions-setup-java@v3/dist/cleanup/index.js] user= workdir=
[19b4038f-6334-4d89-acb5-f709407cc930/build]   üöß  ::warning::Error retrieving key from state.
[19b4038f-6334-4d89-acb5-f709407cc930/build]   ‚úÖ  Success - Post Set up JDK 11
[19b4038f-6334-4d89-acb5-f709407cc930/build] üèÅ  Job failed
[19b4038f-6334-4d89-acb5-f709407cc930/build] unable to get git ref: failed to identify reference (tag/branch) for the checked-out revision '479b9ef653d3a2bd6633d2a55ae8b2c705bb310c'
