[c6f7f9df-d0ae-4114-ac92-669c0e8a9c09/build] üöÄ  Start image=gitbugactions:latest
[c6f7f9df-d0ae-4114-ac92-669c0e8a9c09/build]   üê≥  docker pull image=gitbugactions:latest platform= username= forcePull=false
[c6f7f9df-d0ae-4114-ac92-669c0e8a9c09/build]   üê≥  docker create image=gitbugactions:latest platform= entrypoint=["tail" "-f" "/dev/null"] cmd=[]
[c6f7f9df-d0ae-4114-ac92-669c0e8a9c09/build]   üê≥  docker run image=gitbugactions:latest platform= entrypoint=["tail" "-f" "/dev/null"] cmd=[]
[c6f7f9df-d0ae-4114-ac92-669c0e8a9c09/build]   üê≥  docker exec cmd=[chown -R 1012:1013 /tmp/30b63549-b4c7-41d3-9ede-8266e13efa15] user=0 workdir=
[c6f7f9df-d0ae-4114-ac92-669c0e8a9c09/build] unable to get git ref: failed to identify reference (tag/branch) for the checked-out revision 'eb28cfa8e5cff83c249b830d468458bd6f369036'
[c6f7f9df-d0ae-4114-ac92-669c0e8a9c09/build] unable to get git ref: failed to identify reference (tag/branch) for the checked-out revision 'eb28cfa8e5cff83c249b830d468458bd6f369036'
[c6f7f9df-d0ae-4114-ac92-669c0e8a9c09/build] unable to get git ref: failed to identify reference (tag/branch) for the checked-out revision 'eb28cfa8e5cff83c249b830d468458bd6f369036'
[c6f7f9df-d0ae-4114-ac92-669c0e8a9c09/build] unable to get git ref: failed to identify reference (tag/branch) for the checked-out revision 'eb28cfa8e5cff83c249b830d468458bd6f369036'
[c6f7f9df-d0ae-4114-ac92-669c0e8a9c09/build] unable to get git ref: failed to identify reference (tag/branch) for the checked-out revision 'eb28cfa8e5cff83c249b830d468458bd6f369036'
[c6f7f9df-d0ae-4114-ac92-669c0e8a9c09/build] unable to get git ref: failed to identify reference (tag/branch) for the checked-out revision 'eb28cfa8e5cff83c249b830d468458bd6f369036'
[c6f7f9df-d0ae-4114-ac92-669c0e8a9c09/build] unable to get git ref: failed to identify reference (tag/branch) for the checked-out revision 'eb28cfa8e5cff83c249b830d468458bd6f369036'
[c6f7f9df-d0ae-4114-ac92-669c0e8a9c09/build] unable to get git ref: failed to identify reference (tag/branch) for the checked-out revision 'eb28cfa8e5cff83c249b830d468458bd6f369036'
[c6f7f9df-d0ae-4114-ac92-669c0e8a9c09/build] unable to get git ref: failed to identify reference (tag/branch) for the checked-out revision 'eb28cfa8e5cff83c249b830d468458bd6f369036'
[c6f7f9df-d0ae-4114-ac92-669c0e8a9c09/build] ‚≠ê Run Main actions/checkout@v2
[c6f7f9df-d0ae-4114-ac92-669c0e8a9c09/build] unable to get git ref: failed to identify reference (tag/branch) for the checked-out revision 'eb28cfa8e5cff83c249b830d468458bd6f369036'
[c6f7f9df-d0ae-4114-ac92-669c0e8a9c09/build] unable to get git ref: failed to identify reference (tag/branch) for the checked-out revision 'eb28cfa8e5cff83c249b830d468458bd6f369036'
[c6f7f9df-d0ae-4114-ac92-669c0e8a9c09/build]   üê≥  docker cp src=/tmp/30b63549-b4c7-41d3-9ede-8266e13efa15/. dst=/tmp/30b63549-b4c7-41d3-9ede-8266e13efa15
[c6f7f9df-d0ae-4114-ac92-669c0e8a9c09/build]   üê≥  docker exec cmd=[chown -R 1012:1013 /tmp/30b63549-b4c7-41d3-9ede-8266e13efa15] user=0 workdir=
[c6f7f9df-d0ae-4114-ac92-669c0e8a9c09/build]   ‚úÖ  Success - Main actions/checkout@v2
[c6f7f9df-d0ae-4114-ac92-669c0e8a9c09/build] unable to get git ref: failed to identify reference (tag/branch) for the checked-out revision 'eb28cfa8e5cff83c249b830d468458bd6f369036'
[c6f7f9df-d0ae-4114-ac92-669c0e8a9c09/build] unable to get git ref: failed to identify reference (tag/branch) for the checked-out revision 'eb28cfa8e5cff83c249b830d468458bd6f369036'
[c6f7f9df-d0ae-4114-ac92-669c0e8a9c09/build] unable to get git ref: failed to identify reference (tag/branch) for the checked-out revision 'eb28cfa8e5cff83c249b830d468458bd6f369036'
[c6f7f9df-d0ae-4114-ac92-669c0e8a9c09/build] unable to get git ref: failed to identify reference (tag/branch) for the checked-out revision 'eb28cfa8e5cff83c249b830d468458bd6f369036'
[c6f7f9df-d0ae-4114-ac92-669c0e8a9c09/build] unable to get git ref: failed to identify reference (tag/branch) for the checked-out revision 'eb28cfa8e5cff83c249b830d468458bd6f369036'
[c6f7f9df-d0ae-4114-ac92-669c0e8a9c09/build] ‚≠ê Run Main Set up JDK 11
[c6f7f9df-d0ae-4114-ac92-669c0e8a9c09/build] unable to get git ref: failed to identify reference (tag/branch) for the checked-out revision 'eb28cfa8e5cff83c249b830d468458bd6f369036'
[c6f7f9df-d0ae-4114-ac92-669c0e8a9c09/build] unable to get git ref: failed to identify reference (tag/branch) for the checked-out revision 'eb28cfa8e5cff83c249b830d468458bd6f369036'
[c6f7f9df-d0ae-4114-ac92-669c0e8a9c09/build] unable to get git ref: failed to identify reference (tag/branch) for the checked-out revision 'eb28cfa8e5cff83c249b830d468458bd6f369036'
[c6f7f9df-d0ae-4114-ac92-669c0e8a9c09/build]   üê≥  docker cp src=/tmp/act-cache/2c720674-79af-48bf-9c43-1dfcc903cc88/act/actions-setup-java@v2/ dst=/var/run/act/actions/actions-setup-java@v2/
[c6f7f9df-d0ae-4114-ac92-669c0e8a9c09/build]   üê≥  docker exec cmd=[chown -R 1012:1013 /var/run/act/actions/actions-setup-java@v2/] user=0 workdir=
[c6f7f9df-d0ae-4114-ac92-669c0e8a9c09/build]   üê≥  docker exec cmd=[node /var/run/act/actions/actions-setup-java@v2/dist/setup/index.js] user= workdir=
[c6f7f9df-d0ae-4114-ac92-669c0e8a9c09/build]   üí¨  ::debug::isExplicit: 11.0.20-1
[c6f7f9df-d0ae-4114-ac92-669c0e8a9c09/build]   üí¨  ::debug::explicit? true
[c6f7f9df-d0ae-4114-ac92-669c0e8a9c09/build]   üí¨  ::debug::isExplicit: 17.0.8-1
[c6f7f9df-d0ae-4114-ac92-669c0e8a9c09/build]   üí¨  ::debug::explicit? true
[c6f7f9df-d0ae-4114-ac92-669c0e8a9c09/build]   üí¨  ::debug::isExplicit: 21.0.0-35
[c6f7f9df-d0ae-4114-ac92-669c0e8a9c09/build]   üí¨  ::debug::explicit? true
[c6f7f9df-d0ae-4114-ac92-669c0e8a9c09/build]   üí¨  ::debug::isExplicit: 8.0.382-5
[c6f7f9df-d0ae-4114-ac92-669c0e8a9c09/build]   üí¨  ::debug::explicit? true
[c6f7f9df-d0ae-4114-ac92-669c0e8a9c09/build]   | Resolved Java 11.0.20+1 from tool-cache
[c6f7f9df-d0ae-4114-ac92-669c0e8a9c09/build]   | Setting Java 11.0.20+1 as the default
[c6f7f9df-d0ae-4114-ac92-669c0e8a9c09/build]   | 
[c6f7f9df-d0ae-4114-ac92-669c0e8a9c09/build]   | Java configuration:
[c6f7f9df-d0ae-4114-ac92-669c0e8a9c09/build]   |   Distribution: temurin
[c6f7f9df-d0ae-4114-ac92-669c0e8a9c09/build]   |   Version: 11.0.20+1
[c6f7f9df-d0ae-4114-ac92-669c0e8a9c09/build]   |   Path: /opt/hostedtoolcache/Java_Temurin-Hotspot_jdk/11.0.20-1/x64
[c6f7f9df-d0ae-4114-ac92-669c0e8a9c09/build]   | 
[c6f7f9df-d0ae-4114-ac92-669c0e8a9c09/build]   ‚ùì add-matcher /run/act/actions/actions-setup-java@v2/.github/java.json
[c6f7f9df-d0ae-4114-ac92-669c0e8a9c09/build]   | Creating settings.xml with server-id: github
[c6f7f9df-d0ae-4114-ac92-669c0e8a9c09/build]   | Writing to /home/runner/.m2/settings.xml
[c6f7f9df-d0ae-4114-ac92-669c0e8a9c09/build]   ‚úÖ  Success - Main Set up JDK 11
[c6f7f9df-d0ae-4114-ac92-669c0e8a9c09/build]   ‚öô  ::set-env:: JAVA_HOME=/opt/hostedtoolcache/Java_Temurin-Hotspot_jdk/11.0.20-1/x64
[c6f7f9df-d0ae-4114-ac92-669c0e8a9c09/build]   ‚öô  ::set-output:: distribution=Temurin-Hotspot
[c6f7f9df-d0ae-4114-ac92-669c0e8a9c09/build]   ‚öô  ::set-output:: path=/opt/hostedtoolcache/Java_Temurin-Hotspot_jdk/11.0.20-1/x64
[c6f7f9df-d0ae-4114-ac92-669c0e8a9c09/build]   ‚öô  ::set-output:: version=11.0.20+1
[c6f7f9df-d0ae-4114-ac92-669c0e8a9c09/build]   ‚öô  ::add-path:: /opt/hostedtoolcache/Java_Temurin-Hotspot_jdk/11.0.20-1/x64/bin
[c6f7f9df-d0ae-4114-ac92-669c0e8a9c09/build] unable to get git ref: failed to identify reference (tag/branch) for the checked-out revision 'eb28cfa8e5cff83c249b830d468458bd6f369036'
[c6f7f9df-d0ae-4114-ac92-669c0e8a9c09/build] unable to get git ref: failed to identify reference (tag/branch) for the checked-out revision 'eb28cfa8e5cff83c249b830d468458bd6f369036'
[c6f7f9df-d0ae-4114-ac92-669c0e8a9c09/build] unable to get git ref: failed to identify reference (tag/branch) for the checked-out revision 'eb28cfa8e5cff83c249b830d468458bd6f369036'
[c6f7f9df-d0ae-4114-ac92-669c0e8a9c09/build] unable to get git ref: failed to identify reference (tag/branch) for the checked-out revision 'eb28cfa8e5cff83c249b830d468458bd6f369036'
[c6f7f9df-d0ae-4114-ac92-669c0e8a9c09/build] unable to get git ref: failed to identify reference (tag/branch) for the checked-out revision 'eb28cfa8e5cff83c249b830d468458bd6f369036'
[c6f7f9df-d0ae-4114-ac92-669c0e8a9c09/build] ‚≠ê Run Main Build with Maven
[c6f7f9df-d0ae-4114-ac92-669c0e8a9c09/build] unable to get git ref: failed to identify reference (tag/branch) for the checked-out revision 'eb28cfa8e5cff83c249b830d468458bd6f369036'
[c6f7f9df-d0ae-4114-ac92-669c0e8a9c09/build] unable to get git ref: failed to identify reference (tag/branch) for the checked-out revision 'eb28cfa8e5cff83c249b830d468458bd6f369036'
[c6f7f9df-d0ae-4114-ac92-669c0e8a9c09/build] unable to get git ref: failed to identify reference (tag/branch) for the checked-out revision 'eb28cfa8e5cff83c249b830d468458bd6f369036'
[c6f7f9df-d0ae-4114-ac92-669c0e8a9c09/build] unable to get git ref: failed to identify reference (tag/branch) for the checked-out revision 'eb28cfa8e5cff83c249b830d468458bd6f369036'
[c6f7f9df-d0ae-4114-ac92-669c0e8a9c09/build]   üê≥  docker exec cmd=[bash --noprofile --norc -e -o pipefail /var/run/act/workflow/2] user= workdir=
[c6f7f9df-d0ae-4114-ac92-669c0e8a9c09/build]   | [INFO] Scanning for projects...
[c6f7f9df-d0ae-4114-ac92-669c0e8a9c09/build]   | [INFO] 
[c6f7f9df-d0ae-4114-ac92-669c0e8a9c09/build]   | [INFO] -----------------------< org.netpreserve:jwarc >------------------------
[c6f7f9df-d0ae-4114-ac92-669c0e8a9c09/build]   | [INFO] Building jwarc 0.28.1
[c6f7f9df-d0ae-4114-ac92-669c0e8a9c09/build]   | [INFO]   from pom.xml
[c6f7f9df-d0ae-4114-ac92-669c0e8a9c09/build]   | [INFO] --------------------------------[ jar ]---------------------------------
[c6f7f9df-d0ae-4114-ac92-669c0e8a9c09/build]   | [INFO] Downloading from central: https://repo.maven.apache.org/maven2/org/apache/maven/plugins/maven-resources-plugin/2.6/maven-resources-plugin-2.6.pom
[c6f7f9df-d0ae-4114-ac92-669c0e8a9c09/build]   | [INFO] Downloaded from central: https://repo.maven.apache.org/maven2/org/apache/maven/plugins/maven-resources-plugin/2.6/maven-resources-plugin-2.6.pom (8.1 kB at 28 kB/s)
[c6f7f9df-d0ae-4114-ac92-669c0e8a9c09/build]   | [INFO] Downloading from central: https://repo.maven.apache.org/maven2/org/apache/maven/plugins/maven-plugins/23/maven-plugins-23.pom
[c6f7f9df-d0ae-4114-ac92-669c0e8a9c09/build]   | [INFO] Downloaded from central: https://repo.maven.apache.org/maven2/org/apache/maven/plugins/maven-plugins/23/maven-plugins-23.pom (9.2 kB at 383 kB/s)
[c6f7f9df-d0ae-4114-ac92-669c0e8a9c09/build]   | [INFO] Downloading from central: https://repo.maven.apache.org/maven2/org/apache/maven/maven-parent/22/maven-parent-22.pom
[c6f7f9df-d0ae-4114-ac92-669c0e8a9c09/build]   | [INFO] Downloaded from central: https://repo.maven.apache.org/maven2/org/apache/maven/maven-parent/22/maven-parent-22.pom (30 kB at 1.1 MB/s)
[c6f7f9df-d0ae-4114-ac92-669c0e8a9c09/build]   | [INFO] Downloading from central: https://repo.maven.apache.org/maven2/org/apache/apache/11/apache-11.pom
[c6f7f9df-d0ae-4114-ac92-669c0e8a9c09/build]   | [INFO] Downloaded from central: https://repo.maven.apache.org/maven2/org/apache/apache/11/apache-11.pom (15 kB at 673 kB/s)
[c6f7f9df-d0ae-4114-ac92-669c0e8a9c09/build]   | [INFO] Downloading from central: https://repo.maven.apache.org/maven2/org/apache/maven/plugins/maven-resources-plugin/2.6/maven-resources-plugin-2.6.jar
[c6f7f9df-d0ae-4114-ac92-669c0e8a9c09/build]   | [INFO] Downloaded from central: https://repo.maven.apache.org/maven2/org/apache/maven/plugins/maven-resources-plugin/2.6/maven-resources-plugin-2.6.jar (30 kB at 1.3 MB/s)
[c6f7f9df-d0ae-4114-ac92-669c0e8a9c09/build]   | [INFO] Downloading from central: https://repo.maven.apache.org/maven2/org/apache/maven/plugins/maven-compiler-plugin/3.11.0/maven-compiler-plugin-3.11.0.pom
[c6f7f9df-d0ae-4114-ac92-669c0e8a9c09/build]   | [INFO] Downloaded from central: https://repo.maven.apache.org/maven2/org/apache/maven/plugins/maven-compiler-plugin/3.11.0/maven-compiler-plugin-3.11.0.pom (9.8 kB at 467 kB/s)
[c6f7f9df-d0ae-4114-ac92-669c0e8a9c09/build]   | [INFO] Downloading from central: https://repo.maven.apache.org/maven2/org/apache/maven/plugins/maven-plugins/39/maven-plugins-39.pom
[c6f7f9df-d0ae-4114-ac92-669c0e8a9c09/build]   | [INFO] Downloaded from central: https://repo.maven.apache.org/maven2/org/apache/maven/plugins/maven-plugins/39/maven-plugins-39.pom (8.1 kB at 405 kB/s)
[c6f7f9df-d0ae-4114-ac92-669c0e8a9c09/build]   | [INFO] Downloading from central: https://repo.maven.apache.org/maven2/org/apache/maven/maven-parent/39/maven-parent-39.pom
[c6f7f9df-d0ae-4114-ac92-669c0e8a9c09/build]   | [INFO] Downloaded from central: https://repo.maven.apache.org/maven2/org/apache/maven/maven-parent/39/maven-parent-39.pom (48 kB at 2.0 MB/s)
[c6f7f9df-d0ae-4114-ac92-669c0e8a9c09/build]   | [INFO] Downloading from central: https://repo.maven.apache.org/maven2/org/apache/apache/29/apache-29.pom
[c6f7f9df-d0ae-4114-ac92-669c0e8a9c09/build]   | [INFO] Downloaded from central: https://repo.maven.apache.org/maven2/org/apache/apache/29/apache-29.pom (21 kB at 1.0 MB/s)
[c6f7f9df-d0ae-4114-ac92-669c0e8a9c09/build]   | [INFO] Downloading from central: https://repo.maven.apache.org/maven2/org/apache/maven/plugins/maven-compiler-plugin/3.11.0/maven-compiler-plugin-3.11.0.jar
[c6f7f9df-d0ae-4114-ac92-669c0e8a9c09/build]   | [INFO] Downloaded from central: https://repo.maven.apache.org/maven2/org/apache/maven/plugins/maven-compiler-plugin/3.11.0/maven-compiler-plugin-3.11.0.jar (66 kB at 2.5 MB/s)
[c6f7f9df-d0ae-4114-ac92-669c0e8a9c09/build]   | [INFO] Downloading from central: https://repo.maven.apache.org/maven2/org/apache/maven/plugins/maven-surefire-plugin/2.12.4/maven-surefire-plugin-2.12.4.pom
[c6f7f9df-d0ae-4114-ac92-669c0e8a9c09/build]   | [INFO] Downloaded from central: https://repo.maven.apache.org/maven2/org/apache/maven/plugins/maven-surefire-plugin/2.12.4/maven-surefire-plugin-2.12.4.pom (10 kB at 499 kB/s)
[c6f7f9df-d0ae-4114-ac92-669c0e8a9c09/build]   | [INFO] Downloading from central: https://repo.maven.apache.org/maven2/org/apache/maven/surefire/surefire/2.12.4/surefire-2.12.4.pom
[c6f7f9df-d0ae-4114-ac92-669c0e8a9c09/build]   | [INFO] Downloaded from central: https://repo.maven.apache.org/maven2/org/apache/maven/surefire/surefire/2.12.4/surefire-2.12.4.pom (14 kB at 726 kB/s)
[c6f7f9df-d0ae-4114-ac92-669c0e8a9c09/build]   | [INFO] Downloading from central: https://repo.maven.apache.org/maven2/org/apache/maven/plugins/maven-surefire-plugin/2.12.4/maven-surefire-plugin-2.12.4.jar
[c6f7f9df-d0ae-4114-ac92-669c0e8a9c09/build]   | [INFO] Downloaded from central: https://repo.maven.apache.org/maven2/org/apache/maven/plugins/maven-surefire-plugin/2.12.4/maven-surefire-plugin-2.12.4.jar (30 kB at 1.5 MB/s)
[c6f7f9df-d0ae-4114-ac92-669c0e8a9c09/build]   | [INFO] Downloading from central: https://repo.maven.apache.org/maven2/org/apache/maven/plugins/maven-jar-plugin/3.2.2/maven-jar-plugin-3.2.2.pom
[c6f7f9df-d0ae-4114-ac92-669c0e8a9c09/build]   | [INFO] Downloaded from central: https://repo.maven.apache.org/maven2/org/apache/maven/plugins/maven-jar-plugin/3.2.2/maven-jar-plugin-3.2.2.pom (7.5 kB at 374 kB/s)
[c6f7f9df-d0ae-4114-ac92-669c0e8a9c09/build]   | [INFO] Downloading from central: https://repo.maven.apache.org/maven2/org/apache/maven/plugins/maven-plugins/34/maven-plugins-34.pom
[c6f7f9df-d0ae-4114-ac92-669c0e8a9c09/build]   | [INFO] Downloaded from central: https://repo.maven.apache.org/maven2/org/apache/maven/plugins/maven-plugins/34/maven-plugins-34.pom (11 kB at 509 kB/s)
[c6f7f9df-d0ae-4114-ac92-669c0e8a9c09/build]   | [INFO] Downloading from central: https://repo.maven.apache.org/maven2/org/apache/maven/maven-parent/34/maven-parent-34.pom
[c6f7f9df-d0ae-4114-ac92-669c0e8a9c09/build]   | [INFO] Downloaded from central: https://repo.maven.apache.org/maven2/org/apache/maven/maven-parent/34/maven-parent-34.pom (43 kB at 2.4 MB/s)
[c6f7f9df-d0ae-4114-ac92-669c0e8a9c09/build]   | [INFO] Downloading from central: https://repo.maven.apache.org/maven2/org/apache/apache/23/apache-23.pom
[c6f7f9df-d0ae-4114-ac92-669c0e8a9c09/build]   | [INFO] Downloaded from central: https://repo.maven.apache.org/maven2/org/apache/apache/23/apache-23.pom (18 kB at 1.4 MB/s)
[c6f7f9df-d0ae-4114-ac92-669c0e8a9c09/build]   | [INFO] Downloading from central: https://repo.maven.apache.org/maven2/org/apache/maven/plugins/maven-jar-plugin/3.2.2/maven-jar-plugin-3.2.2.jar
[c6f7f9df-d0ae-4114-ac92-669c0e8a9c09/build]   | [INFO] Downloaded from central: https://repo.maven.apache.org/maven2/org/apache/maven/plugins/maven-jar-plugin/3.2.2/maven-jar-plugin-3.2.2.jar (29 kB at 2.4 MB/s)
[c6f7f9df-d0ae-4114-ac92-669c0e8a9c09/build]   | [INFO] Downloading from central: https://repo.maven.apache.org/maven2/junit/junit/4.13.2/junit-4.13.2.pom
[c6f7f9df-d0ae-4114-ac92-669c0e8a9c09/build]   | [INFO] Downloaded from central: https://repo.maven.apache.org/maven2/junit/junit/4.13.2/junit-4.13.2.pom (27 kB at 3.9 MB/s)
[c6f7f9df-d0ae-4114-ac92-669c0e8a9c09/build]   | [INFO] Downloading from central: https://repo.maven.apache.org/maven2/org/hamcrest/hamcrest-core/1.3/hamcrest-core-1.3.pom
[c6f7f9df-d0ae-4114-ac92-669c0e8a9c09/build]   | [INFO] Downloaded from central: https://repo.maven.apache.org/maven2/org/hamcrest/hamcrest-core/1.3/hamcrest-core-1.3.pom (766 B at 59 kB/s)
[c6f7f9df-d0ae-4114-ac92-669c0e8a9c09/build]   | [INFO] Downloading from central: https://repo.maven.apache.org/maven2/org/hamcrest/hamcrest-parent/1.3/hamcrest-parent-1.3.pom
[c6f7f9df-d0ae-4114-ac92-669c0e8a9c09/build]   | [INFO] Downloaded from central: https://repo.maven.apache.org/maven2/org/hamcrest/hamcrest-parent/1.3/hamcrest-parent-1.3.pom (2.0 kB at 282 kB/s)
[c6f7f9df-d0ae-4114-ac92-669c0e8a9c09/build]   | [INFO] Downloading from central: https://repo.maven.apache.org/maven2/junit/junit/4.13.2/junit-4.13.2.jar
[c6f7f9df-d0ae-4114-ac92-669c0e8a9c09/build]   | [INFO] Downloading from central: https://repo.maven.apache.org/maven2/org/hamcrest/hamcrest-core/1.3/hamcrest-core-1.3.jar
[c6f7f9df-d0ae-4114-ac92-669c0e8a9c09/build]   | [INFO] Downloaded from central: https://repo.maven.apache.org/maven2/org/hamcrest/hamcrest-core/1.3/hamcrest-core-1.3.jar (45 kB at 3.2 MB/s)
[c6f7f9df-d0ae-4114-ac92-669c0e8a9c09/build]   | [INFO] Downloaded from central: https://repo.maven.apache.org/maven2/junit/junit/4.13.2/junit-4.13.2.jar (385 kB at 9.6 MB/s)
[c6f7f9df-d0ae-4114-ac92-669c0e8a9c09/build]   | [INFO] 
[c6f7f9df-d0ae-4114-ac92-669c0e8a9c09/build]   | [INFO] --- maven-resources-plugin:2.6:resources (default-resources) @ jwarc ---
[c6f7f9df-d0ae-4114-ac92-669c0e8a9c09/build]   | [INFO] Downloading from central: https://repo.maven.apache.org/maven2/org/apache/maven/maven-plugin-api/2.0.6/maven-plugin-api-2.0.6.pom
[c6f7f9df-d0ae-4114-ac92-669c0e8a9c09/build]   | [INFO] Downloaded from central: https://repo.maven.apache.org/maven2/org/apache/maven/maven-plugin-api/2.0.6/maven-plugin-api-2.0.6.pom (1.5 kB at 112 kB/s)
[c6f7f9df-d0ae-4114-ac92-669c0e8a9c09/build]   | [INFO] Downloading from central: https://repo.maven.apache.org/maven2/org/apache/maven/maven/2.0.6/maven-2.0.6.pom
[c6f7f9df-d0ae-4114-ac92-669c0e8a9c09/build]   | [INFO] Downloaded from central: https://repo.maven.apache.org/maven2/org/apache/maven/maven/2.0.6/maven-2.0.6.pom (9.0 kB at 431 kB/s)
[c6f7f9df-d0ae-4114-ac92-669c0e8a9c09/build]   | [INFO] Downloading from central: https://repo.maven.apache.org/maven2/org/apache/maven/maven-parent/5/maven-parent-5.pom
[c6f7f9df-d0ae-4114-ac92-669c0e8a9c09/build]   | [INFO] Downloaded from central: https://repo.maven.apache.org/maven2/org/apache/maven/maven-parent/5/maven-parent-5.pom (15 kB at 1.0 MB/s)
[c6f7f9df-d0ae-4114-ac92-669c0e8a9c09/build]   | [INFO] Downloading from central: https://repo.maven.apache.org/maven2/org/apache/apache/3/apache-3.pom
[c6f7f9df-d0ae-4114-ac92-669c0e8a9c09/build]   | [INFO] Downloaded from central: https://repo.maven.apache.org/maven2/org/apache/apache/3/apache-3.pom (3.4 kB at 202 kB/s)
[c6f7f9df-d0ae-4114-ac92-669c0e8a9c09/build]   | [INFO] Downloading from central: https://repo.maven.apache.org/maven2/org/apache/maven/maven-project/2.0.6/maven-project-2.0.6.pom
[c6f7f9df-d0ae-4114-ac92-669c0e8a9c09/build]   | [INFO] Downloaded from central: https://repo.maven.apache.org/maven2/org/apache/maven/maven-project/2.0.6/maven-project-2.0.6.pom (2.6 kB at 155 kB/s)
[c6f7f9df-d0ae-4114-ac92-669c0e8a9c09/build]   | [INFO] Downloading from central: https://repo.maven.apache.org/maven2/org/apache/maven/maven-settings/2.0.6/maven-settings-2.0.6.pom
[c6f7f9df-d0ae-4114-ac92-669c0e8a9c09/build]   | [INFO] Downloaded from central: https://repo.maven.apache.org/maven2/org/apache/maven/maven-settings/2.0.6/maven-settings-2.0.6.pom (2.0 kB at 111 kB/s)
[c6f7f9df-d0ae-4114-ac92-669c0e8a9c09/build]   | [INFO] Downloading from central: https://repo.maven.apache.org/maven2/org/apache/maven/maven-model/2.0.6/maven-model-2.0.6.pom
[c6f7f9df-d0ae-4114-ac92-669c0e8a9c09/build]   | [INFO] Downloaded from central: https://repo.maven.apache.org/maven2/org/apache/maven/maven-model/2.0.6/maven-model-2.0.6.pom (3.0 kB at 71 kB/s)
[c6f7f9df-d0ae-4114-ac92-669c0e8a9c09/build]   | [INFO] Downloading from central: https://repo.maven.apache.org/maven2/org/codehaus/plexus/plexus-utils/1.4.1/plexus-utils-1.4.1.pom
[c6f7f9df-d0ae-4114-ac92-669c0e8a9c09/build]   | [INFO] Downloaded from central: https://repo.maven.apache.org/maven2/org/codehaus/plexus/plexus-utils/1.4.1/plexus-utils-1.4.1.pom (1.9 kB at 52 kB/s)
[c6f7f9df-d0ae-4114-ac92-669c0e8a9c09/build]   | [INFO] Downloading from central: https://repo.maven.apache.org/maven2/org/codehaus/plexus/plexus/1.0.11/plexus-1.0.11.pom
[c6f7f9df-d0ae-4114-ac92-669c0e8a9c09/build]   | [INFO] Downloaded from central: https://repo.maven.apache.org/maven2/org/codehaus/plexus/plexus/1.0.11/plexus-1.0.11.pom (9.0 kB at 125 kB/s)
[c6f7f9df-d0ae-4114-ac92-669c0e8a9c09/build]   | [INFO] Downloading from central: https://repo.maven.apache.org/maven2/org/codehaus/plexus/plexus-container-default/1.0-alpha-9-stable-1/plexus-container-default-1.0-alpha-9-stable-1.pom
[c6f7f9df-d0ae-4114-ac92-669c0e8a9c09/build]   | [INFO] Downloaded from central: https://repo.maven.apache.org/maven2/org/codehaus/plexus/plexus-container-default/1.0-alpha-9-stable-1/plexus-container-default-1.0-alpha-9-stable-1.pom (3.9 kB at 132 kB/s)
[c6f7f9df-d0ae-4114-ac92-669c0e8a9c09/build]   | [INFO] Downloading from central: https://repo.maven.apache.org/maven2/org/codehaus/plexus/plexus-containers/1.0.3/plexus-containers-1.0.3.pom
[c6f7f9df-d0ae-4114-ac92-669c0e8a9c09/build]   | [INFO] Downloaded from central: https://repo.maven.apache.org/maven2/org/codehaus/plexus/plexus-containers/1.0.3/plexus-containers-1.0.3.pom (492 B at 15 kB/s)
[c6f7f9df-d0ae-4114-ac92-669c0e8a9c09/build]   | [INFO] Downloading from central: https://repo.maven.apache.org/maven2/org/codehaus/plexus/plexus/1.0.4/plexus-1.0.4.pom
[c6f7f9df-d0ae-4114-ac92-669c0e8a9c09/build]   | [INFO] Downloaded from central: https://repo.maven.apache.org/maven2/org/codehaus/plexus/plexus/1.0.4/plexus-1.0.4.pom (5.7 kB at 137 kB/s)
[c6f7f9df-d0ae-4114-ac92-669c0e8a9c09/build]   | [INFO] Downloading from central: https://repo.maven.apache.org/maven2/junit/junit/3.8.1/junit-3.8.1.pom
[c6f7f9df-d0ae-4114-ac92-669c0e8a9c09/build]   | [INFO] Downloaded from central: https://repo.maven.apache.org/maven2/junit/junit/3.8.1/junit-3.8.1.pom (998 B at 36 kB/s)
[c6f7f9df-d0ae-4114-ac92-669c0e8a9c09/build]   | [INFO] Downloading from central: https://repo.maven.apache.org/maven2/org/codehaus/plexus/plexus-utils/1.0.4/plexus-utils-1.0.4.pom
[c6f7f9df-d0ae-4114-ac92-669c0e8a9c09/build]   | [INFO] Downloaded from central: https://repo.maven.apache.org/maven2/org/codehaus/plexus/plexus-utils/1.0.4/plexus-utils-1.0.4.pom (6.9 kB at 254 kB/s)
[c6f7f9df-d0ae-4114-ac92-669c0e8a9c09/build]   | [INFO] Downloading from central: https://repo.maven.apache.org/maven2/classworlds/classworlds/1.1-alpha-2/classworlds-1.1-alpha-2.pom
[c6f7f9df-d0ae-4114-ac92-669c0e8a9c09/build]   | [INFO] Downloaded from central: https://repo.maven.apache.org/maven2/classworlds/classworlds/1.1-alpha-2/classworlds-1.1-alpha-2.pom (3.1 kB at 95 kB/s)
[c6f7f9df-d0ae-4114-ac92-669c0e8a9c09/build]   | [INFO] Downloading from central: https://repo.maven.apache.org/maven2/org/apache/maven/maven-profile/2.0.6/maven-profile-2.0.6.pom
[c6f7f9df-d0ae-4114-ac92-669c0e8a9c09/build]   | [INFO] Downloaded from central: https://repo.maven.apache.org/maven2/org/apache/maven/maven-profile/2.0.6/maven-profile-2.0.6.pom (2.0 kB at 73 kB/s)
[c6f7f9df-d0ae-4114-ac92-669c0e8a9c09/build]   | [INFO] Downloading from central: https://repo.maven.apache.org/maven2/org/apache/maven/maven-artifact-manager/2.0.6/maven-artifact-manager-2.0.6.pom
[c6f7f9df-d0ae-4114-ac92-669c0e8a9c09/build]   | [INFO] Downloaded from central: https://repo.maven.apache.org/maven2/org/apache/maven/maven-artifact-manager/2.0.6/maven-artifact-manager-2.0.6.pom (2.6 kB at 61 kB/s)
[c6f7f9df-d0ae-4114-ac92-669c0e8a9c09/build]   | [INFO] Downloading from central: https://repo.maven.apache.org/maven2/org/apache/maven/maven-repository-metadata/2.0.6/maven-repository-metadata-2.0.6.pom
[c6f7f9df-d0ae-4114-ac92-669c0e8a9c09/build]   | [INFO] Downloaded from central: https://repo.maven.apache.org/maven2/org/apache/maven/maven-repository-metadata/2.0.6/maven-repository-metadata-2.0.6.pom (1.9 kB at 22 kB/s)
[c6f7f9df-d0ae-4114-ac92-669c0e8a9c09/build]   | [INFO] Downloading from central: https://repo.maven.apache.org/maven2/org/apache/maven/maven-artifact/2.0.6/maven-artifact-2.0.6.pom
[c6f7f9df-d0ae-4114-ac92-669c0e8a9c09/build]   | [INFO] Downloaded from central: https://repo.maven.apache.org/maven2/org/apache/maven/maven-artifact/2.0.6/maven-artifact-2.0.6.pom (1.6 kB at 37 kB/s)
[c6f7f9df-d0ae-4114-ac92-669c0e8a9c09/build]   | [INFO] Downloading from central: https://repo.maven.apache.org/maven2/org/apache/maven/maven-plugin-registry/2.0.6/maven-plugin-registry-2.0.6.pom
[c6f7f9df-d0ae-4114-ac92-669c0e8a9c09/build]   | [INFO] Downloaded from central: https://repo.maven.apache.org/maven2/org/apache/maven/maven-plugin-registry/2.0.6/maven-plugin-registry-2.0.6.pom (1.9 kB at 46 kB/s)
[c6f7f9df-d0ae-4114-ac92-669c0e8a9c09/build]   | [INFO] Downloading from central: https://repo.maven.apache.org/maven2/org/apache/maven/maven-core/2.0.6/maven-core-2.0.6.pom
[c6f7f9df-d0ae-4114-ac92-669c0e8a9c09/build]   | [INFO] Downloaded from central: https://repo.maven.apache.org/maven2/org/apache/maven/maven-core/2.0.6/maven-core-2.0.6.pom (6.7 kB at 168 kB/s)
[c6f7f9df-d0ae-4114-ac92-669c0e8a9c09/build]   | [INFO] Downloading from central: https://repo.maven.apache.org/maven2/org/apache/maven/maven-plugin-parameter-documenter/2.0.6/maven-plugin-parameter-documenter-2.0.6.pom
[c6f7f9df-d0ae-4114-ac92-669c0e8a9c09/build]   | [INFO] Downloaded from central: https://repo.maven.apache.org/maven2/org/apache/maven/maven-plugin-parameter-documenter/2.0.6/maven-plugin-parameter-documenter-2.0.6.pom (1.9 kB at 48 kB/s)
[c6f7f9df-d0ae-4114-ac92-669c0e8a9c09/build]   | [INFO] Downloading from central: https://repo.maven.apache.org/maven2/org/apache/maven/reporting/maven-reporting-api/2.0.6/maven-reporting-api-2.0.6.pom
[c6f7f9df-d0ae-4114-ac92-669c0e8a9c09/build]   | [INFO] Downloaded from central: https://repo.maven.apache.org/maven2/org/apache/maven/reporting/maven-reporting-api/2.0.6/maven-reporting-api-2.0.6.pom (1.8 kB at 34 kB/s)
[c6f7f9df-d0ae-4114-ac92-669c0e8a9c09/build]   | [INFO] Downloading from central: https://repo.maven.apache.org/maven2/org/apache/maven/reporting/maven-reporting/2.0.6/maven-reporting-2.0.6.pom
[c6f7f9df-d0ae-4114-ac92-669c0e8a9c09/build]   | [INFO] Downloaded from central: https://repo.maven.apache.org/maven2/org/apache/maven/reporting/maven-reporting/2.0.6/maven-reporting-2.0.6.pom (1.4 kB at 37 kB/s)
[c6f7f9df-d0ae-4114-ac92-669c0e8a9c09/build]   | [INFO] Downloading from central: https://repo.maven.apache.org/maven2/org/apache/maven/doxia/doxia-sink-api/1.0-alpha-7/doxia-sink-api-1.0-alpha-7.pom
[c6f7f9df-d0ae-4114-ac92-669c0e8a9c09/build]   | [INFO] Downloaded from central: https://repo.maven.apache.org/maven2/org/apache/maven/doxia/doxia-sink-api/1.0-alpha-7/doxia-sink-api-1.0-alpha-7.pom (424 B at 11 kB/s)
[c6f7f9df-d0ae-4114-ac92-669c0e8a9c09/build]   | [INFO] Downloading from central: https://repo.maven.apache.org/maven2/org/apache/maven/doxia/doxia/1.0-alpha-7/doxia-1.0-alpha-7.pom
[c6f7f9df-d0ae-4114-ac92-669c0e8a9c09/build]   | [INFO] Downloaded from central: https://repo.maven.apache.org/maven2/org/apache/maven/doxia/doxia/1.0-alpha-7/doxia-1.0-alpha-7.pom (3.9 kB at 78 kB/s)
[c6f7f9df-d0ae-4114-ac92-669c0e8a9c09/build]   | [INFO] Downloading from central: https://repo.maven.apache.org/maven2/org/apache/maven/maven-error-diagnostics/2.0.6/maven-error-diagnostics-2.0.6.pom
[c6f7f9df-d0ae-4114-ac92-669c0e8a9c09/build]   | [INFO] Downloaded from central: https://repo.maven.apache.org/maven2/org/apache/maven/maven-error-diagnostics/2.0.6/maven-error-diagnostics-2.0.6.pom (1.7 kB at 42 kB/s)
[c6f7f9df-d0ae-4114-ac92-669c0e8a9c09/build]   | [INFO] Downloading from central: https://repo.maven.apache.org/maven2/commons-cli/commons-cli/1.0/commons-cli-1.0.pom
[c6f7f9df-d0ae-4114-ac92-669c0e8a9c09/build]   | [INFO] Downloaded from central: https://repo.maven.apache.org/maven2/commons-cli/commons-cli/1.0/commons-cli-1.0.pom (2.1 kB at 64 kB/s)
[c6f7f9df-d0ae-4114-ac92-669c0e8a9c09/build]   | [INFO] Downloading from central: https://repo.maven.apache.org/maven2/org/apache/maven/maven-plugin-descriptor/2.0.6/maven-plugin-descriptor-2.0.6.pom
[c6f7f9df-d0ae-4114-ac92-669c0e8a9c09/build]   | [INFO] Downloaded from central: https://repo.maven.apache.org/maven2/org/apache/maven/maven-plugin-descriptor/2.0.6/maven-plugin-descriptor-2.0.6.pom (2.0 kB at 39 kB/s)
[c6f7f9df-d0ae-4114-ac92-669c0e8a9c09/build]   | [INFO] Downloading from central: https://repo.maven.apache.org/maven2/org/codehaus/plexus/plexus-interactivity-api/1.0-alpha-4/plexus-interactivity-api-1.0-alpha-4.pom
[c6f7f9df-d0ae-4114-ac92-669c0e8a9c09/build]   | [INFO] Downloaded from central: https://repo.maven.apache.org/maven2/org/codehaus/plexus/plexus-interactivity-api/1.0-alpha-4/plexus-interactivity-api-1.0-alpha-4.pom (7.1 kB at 203 kB/s)
[c6f7f9df-d0ae-4114-ac92-669c0e8a9c09/build]   | [INFO] Downloading from central: https://repo.maven.apache.org/maven2/org/apache/maven/maven-monitor/2.0.6/maven-monitor-2.0.6.pom
[c6f7f9df-d0ae-4114-ac92-669c0e8a9c09/build]   | [INFO] Downloaded from central: https://repo.maven.apache.org/maven2/org/apache/maven/maven-monitor/2.0.6/maven-monitor-2.0.6.pom (1.3 kB at 42 kB/s)
[c6f7f9df-d0ae-4114-ac92-669c0e8a9c09/build]   | [INFO] Downloading from central: https://repo.maven.apache.org/maven2/classworlds/classworlds/1.1/classworlds-1.1.pom
[c6f7f9df-d0ae-4114-ac92-669c0e8a9c09/build]   | [INFO] Downloaded from central: https://repo.maven.apache.org/maven2/classworlds/classworlds/1.1/classworlds-1.1.pom (3.3 kB at 104 kB/s)
[c6f7f9df-d0ae-4114-ac92-669c0e8a9c09/build]   | [INFO] Downloading from central: https://repo.maven.apache.org/maven2/org/codehaus/plexus/plexus-utils/2.0.5/plexus-utils-2.0.5.pom
[c6f7f9df-d0ae-4114-ac92-669c0e8a9c09/build]   | [INFO] Downloaded from central: https://repo.maven.apache.org/maven2/org/codehaus/plexus/plexus-utils/2.0.5/plexus-utils-2.0.5.pom (3.3 kB at 133 kB/s)
[c6f7f9df-d0ae-4114-ac92-669c0e8a9c09/build]   | [INFO] Downloading from central: https://repo.maven.apache.org/maven2/org/codehaus/plexus/plexus/2.0.6/plexus-2.0.6.pom
[c6f7f9df-d0ae-4114-ac92-669c0e8a9c09/build]   | [INFO] Downloaded from central: https://repo.maven.apache.org/maven2/org/codehaus/plexus/plexus/2.0.6/plexus-2.0.6.pom (17 kB at 798 kB/s)
[c6f7f9df-d0ae-4114-ac92-669c0e8a9c09/build]   | [INFO] Downloading from central: https://repo.maven.apache.org/maven2/org/apache/maven/shared/maven-filtering/1.1/maven-filtering-1.1.pom
[c6f7f9df-d0ae-4114-ac92-669c0e8a9c09/build]   | [INFO] Downloaded from central: https://repo.maven.apache.org/maven2/org/apache/maven/shared/maven-filtering/1.1/maven-filtering-1.1.pom (5.8 kB at 414 kB/s)
[c6f7f9df-d0ae-4114-ac92-669c0e8a9c09/build]   | [INFO] Downloading from central: https://repo.maven.apache.org/maven2/org/apache/maven/shared/maven-shared-components/17/maven-shared-components-17.pom
[c6f7f9df-d0ae-4114-ac92-669c0e8a9c09/build]   | [INFO] Downloaded from central: https://repo.maven.apache.org/maven2/org/apache/maven/shared/maven-shared-components/17/maven-shared-components-17.pom (8.7 kB at 669 kB/s)
[c6f7f9df-d0ae-4114-ac92-669c0e8a9c09/build]   | [INFO] Downloading from central: https://repo.maven.apache.org/maven2/org/apache/maven/maven-parent/21/maven-parent-21.pom
[c6f7f9df-d0ae-4114-ac92-669c0e8a9c09/build]   | [INFO] Downloaded from central: https://repo.maven.apache.org/maven2/org/apache/maven/maven-parent/21/maven-parent-21.pom (26 kB at 824 kB/s)
[c6f7f9df-d0ae-4114-ac92-669c0e8a9c09/build]   | [INFO] Downloading from central: https://repo.maven.apache.org/maven2/org/apache/apache/10/apache-10.pom
[c6f7f9df-d0ae-4114-ac92-669c0e8a9c09/build]   | [INFO] Downloaded from central: https://repo.maven.apache.org/maven2/org/apache/apache/10/apache-10.pom (15 kB at 643 kB/s)
[c6f7f9df-d0ae-4114-ac92-669c0e8a9c09/build]   | [INFO] Downloading from central: https://repo.maven.apache.org/maven2/org/codehaus/plexus/plexus-utils/1.5.15/plexus-utils-1.5.15.pom
[c6f7f9df-d0ae-4114-ac92-669c0e8a9c09/build]   | [INFO] Downloaded from central: https://repo.maven.apache.org/maven2/org/codehaus/plexus/plexus-utils/1.5.15/plexus-utils-1.5.15.pom (6.8 kB at 403 kB/s)
[c6f7f9df-d0ae-4114-ac92-669c0e8a9c09/build]   | [INFO] Downloading from central: https://repo.maven.apache.org/maven2/org/codehaus/plexus/plexus/2.0.2/plexus-2.0.2.pom
[c6f7f9df-d0ae-4114-ac92-669c0e8a9c09/build]   | [INFO] Downloaded from central: https://repo.maven.apache.org/maven2/org/codehaus/plexus/plexus/2.0.2/plexus-2.0.2.pom (12 kB at 528 kB/s)
[c6f7f9df-d0ae-4114-ac92-669c0e8a9c09/build]   | [INFO] Downloading from central: https://repo.maven.apache.org/maven2/org/codehaus/plexus/plexus-interpolation/1.12/plexus-interpolation-1.12.pom
[c6f7f9df-d0ae-4114-ac92-669c0e8a9c09/build]   | [INFO] Downloaded from central: https://repo.maven.apache.org/maven2/org/codehaus/plexus/plexus-interpolation/1.12/plexus-interpolation-1.12.pom (889 B at 28 kB/s)
[c6f7f9df-d0ae-4114-ac92-669c0e8a9c09/build]   | [INFO] Downloading from central: https://repo.maven.apache.org/maven2/org/codehaus/plexus/plexus-components/1.1.14/plexus-components-1.1.14.pom
[c6f7f9df-d0ae-4114-ac92-669c0e8a9c09/build]   | [INFO] Downloaded from central: https://repo.maven.apache.org/maven2/org/codehaus/plexus/plexus-components/1.1.14/plexus-components-1.1.14.pom (5.8 kB at 292 kB/s)
[c6f7f9df-d0ae-4114-ac92-669c0e8a9c09/build]   | [INFO] Downloading from central: https://repo.maven.apache.org/maven2/org/sonatype/plexus/plexus-build-api/0.0.4/plexus-build-api-0.0.4.pom
[c6f7f9df-d0ae-4114-ac92-669c0e8a9c09/build]   | [INFO] Downloaded from central: https://repo.maven.apache.org/maven2/org/sonatype/plexus/plexus-build-api/0.0.4/plexus-build-api-0.0.4.pom (2.9 kB at 92 kB/s)
[c6f7f9df-d0ae-4114-ac92-669c0e8a9c09/build]   | [INFO] Downloading from central: https://repo.maven.apache.org/maven2/org/sonatype/spice/spice-parent/10/spice-parent-10.pom
[c6f7f9df-d0ae-4114-ac92-669c0e8a9c09/build]   | [INFO] Downloaded from central: https://repo.maven.apache.org/maven2/org/sonatype/spice/spice-parent/10/spice-parent-10.pom (3.0 kB at 108 kB/s)
[c6f7f9df-d0ae-4114-ac92-669c0e8a9c09/build]   | [INFO] Downloading from central: https://repo.maven.apache.org/maven2/org/sonatype/forge/forge-parent/3/forge-parent-3.pom
[c6f7f9df-d0ae-4114-ac92-669c0e8a9c09/build]   | [INFO] Downloaded from central: https://repo.maven.apache.org/maven2/org/sonatype/forge/forge-parent/3/forge-parent-3.pom (5.0 kB at 336 kB/s)
[c6f7f9df-d0ae-4114-ac92-669c0e8a9c09/build]   | [INFO] Downloading from central: https://repo.maven.apache.org/maven2/org/codehaus/plexus/plexus-utils/1.5.8/plexus-utils-1.5.8.pom
[c6f7f9df-d0ae-4114-ac92-669c0e8a9c09/build]   | [INFO] Downloaded from central: https://repo.maven.apache.org/maven2/org/codehaus/plexus/plexus-utils/1.5.8/plexus-utils-1.5.8.pom (8.1 kB at 288 kB/s)
[c6f7f9df-d0ae-4114-ac92-669c0e8a9c09/build]   | [INFO] Downloading from central: https://repo.maven.apache.org/maven2/org/codehaus/plexus/plexus-interpolation/1.13/plexus-interpolation-1.13.pom
[c6f7f9df-d0ae-4114-ac92-669c0e8a9c09/build]   | [INFO] Downloaded from central: https://repo.maven.apache.org/maven2/org/codehaus/plexus/plexus-interpolation/1.13/plexus-interpolation-1.13.pom (890 B at 39 kB/s)
[c6f7f9df-d0ae-4114-ac92-669c0e8a9c09/build]   | [INFO] Downloading from central: https://repo.maven.apache.org/maven2/org/codehaus/plexus/plexus-components/1.1.15/plexus-components-1.1.15.pom
[c6f7f9df-d0ae-4114-ac92-669c0e8a9c09/build]   | [INFO] Downloaded from central: https://repo.maven.apache.org/maven2/org/codehaus/plexus/plexus-components/1.1.15/plexus-components-1.1.15.pom (2.8 kB at 124 kB/s)
[c6f7f9df-d0ae-4114-ac92-669c0e8a9c09/build]   | [INFO] Downloading from central: https://repo.maven.apache.org/maven2/org/codehaus/plexus/plexus/2.0.3/plexus-2.0.3.pom
[c6f7f9df-d0ae-4114-ac92-669c0e8a9c09/build]   | [INFO] Downloaded from central: https://repo.maven.apache.org/maven2/org/codehaus/plexus/plexus/2.0.3/plexus-2.0.3.pom (15 kB at 595 kB/s)
[c6f7f9df-d0ae-4114-ac92-669c0e8a9c09/build]   | [INFO] Downloading from central: https://repo.maven.apache.org/maven2/org/apache/maven/maven-plugin-api/2.0.6/maven-plugin-api-2.0.6.jar
[c6f7f9df-d0ae-4114-ac92-669c0e8a9c09/build]   | [INFO] Downloading from central: https://repo.maven.apache.org/maven2/org/apache/maven/maven-project/2.0.6/maven-project-2.0.6.jar
[c6f7f9df-d0ae-4114-ac92-669c0e8a9c09/build]   | [INFO] Downloading from central: https://repo.maven.apache.org/maven2/org/apache/maven/maven-profile/2.0.6/maven-profile-2.0.6.jar
[c6f7f9df-d0ae-4114-ac92-669c0e8a9c09/build]   | [INFO] Downloading from central: https://repo.maven.apache.org/maven2/org/apache/maven/maven-artifact-manager/2.0.6/maven-artifact-manager-2.0.6.jar
[c6f7f9df-d0ae-4114-ac92-669c0e8a9c09/build]   | [INFO] Downloading from central: https://repo.maven.apache.org/maven2/org/apache/maven/maven-plugin-registry/2.0.6/maven-plugin-registry-2.0.6.jar
[c6f7f9df-d0ae-4114-ac92-669c0e8a9c09/build]   | [INFO] Downloaded from central: https://repo.maven.apache.org/maven2/org/apache/maven/maven-plugin-api/2.0.6/maven-plugin-api-2.0.6.jar (13 kB at 390 kB/s)
[c6f7f9df-d0ae-4114-ac92-669c0e8a9c09/build]   | [INFO] Downloading from central: https://repo.maven.apache.org/maven2/org/apache/maven/maven-core/2.0.6/maven-core-2.0.6.jar
[c6f7f9df-d0ae-4114-ac92-669c0e8a9c09/build]   | [INFO] Downloaded from central: https://repo.maven.apache.org/maven2/org/apache/maven/maven-profile/2.0.6/maven-profile-2.0.6.jar (35 kB at 1.1 MB/s)
[c6f7f9df-d0ae-4114-ac92-669c0e8a9c09/build]   | [INFO] Downloaded from central: https://repo.maven.apache.org/maven2/org/apache/maven/maven-project/2.0.6/maven-project-2.0.6.jar (116 kB at 3.4 MB/s)
[c6f7f9df-d0ae-4114-ac92-669c0e8a9c09/build]   | [INFO] Downloading from central: https://repo.maven.apache.org/maven2/org/apache/maven/maven-plugin-parameter-documenter/2.0.6/maven-plugin-parameter-documenter-2.0.6.jar
[c6f7f9df-d0ae-4114-ac92-669c0e8a9c09/build]   | [INFO] Downloading from central: https://repo.maven.apache.org/maven2/org/apache/maven/reporting/maven-reporting-api/2.0.6/maven-reporting-api-2.0.6.jar
[c6f7f9df-d0ae-4114-ac92-669c0e8a9c09/build]   | [INFO] Downloaded from central: https://repo.maven.apache.org/maven2/org/apache/maven/maven-plugin-registry/2.0.6/maven-plugin-registry-2.0.6.jar (29 kB at 567 kB/s)
[c6f7f9df-d0ae-4114-ac92-669c0e8a9c09/build]   | [INFO] Downloading from central: https://repo.maven.apache.org/maven2/org/apache/maven/doxia/doxia-sink-api/1.0-alpha-7/doxia-sink-api-1.0-alpha-7.jar
[c6f7f9df-d0ae-4114-ac92-669c0e8a9c09/build]   | [INFO] Downloaded from central: https://repo.maven.apache.org/maven2/org/apache/maven/maven-artifact-manager/2.0.6/maven-artifact-manager-2.0.6.jar (57 kB at 1.1 MB/s)
[c6f7f9df-d0ae-4114-ac92-669c0e8a9c09/build]   | [INFO] Downloading from central: https://repo.maven.apache.org/maven2/org/apache/maven/maven-repository-metadata/2.0.6/maven-repository-metadata-2.0.6.jar
[c6f7f9df-d0ae-4114-ac92-669c0e8a9c09/build]   | [INFO] Downloaded from central: https://repo.maven.apache.org/maven2/org/apache/maven/maven-core/2.0.6/maven-core-2.0.6.jar (152 kB at 2.5 MB/s)
[c6f7f9df-d0ae-4114-ac92-669c0e8a9c09/build]   | [INFO] Downloading from central: https://repo.maven.apache.org/maven2/org/apache/maven/maven-error-diagnostics/2.0.6/maven-error-diagnostics-2.0.6.jar
[c6f7f9df-d0ae-4114-ac92-669c0e8a9c09/build]   | [INFO] Downloaded from central: https://repo.maven.apache.org/maven2/org/apache/maven/maven-plugin-parameter-documenter/2.0.6/maven-plugin-parameter-documenter-2.0.6.jar (21 kB at 346 kB/s)
[c6f7f9df-d0ae-4114-ac92-669c0e8a9c09/build]   | [INFO] Downloading from central: https://repo.maven.apache.org/maven2/commons-cli/commons-cli/1.0/commons-cli-1.0.jar
[c6f7f9df-d0ae-4114-ac92-669c0e8a9c09/build]   | [INFO] Downloaded from central: https://repo.maven.apache.org/maven2/org/apache/maven/reporting/maven-reporting-api/2.0.6/maven-reporting-api-2.0.6.jar (9.9 kB at 144 kB/s)
[c6f7f9df-d0ae-4114-ac92-669c0e8a9c09/build]   | [INFO] Downloading from central: https://repo.maven.apache.org/maven2/org/apache/maven/maven-plugin-descriptor/2.0.6/maven-plugin-descriptor-2.0.6.jar
[c6f7f9df-d0ae-4114-ac92-669c0e8a9c09/build]   | [INFO] Downloaded from central: https://repo.maven.apache.org/maven2/org/apache/maven/doxia/doxia-sink-api/1.0-alpha-7/doxia-sink-api-1.0-alpha-7.jar (5.9 kB at 80 kB/s)
[c6f7f9df-d0ae-4114-ac92-669c0e8a9c09/build]   | [INFO] Downloading from central: https://repo.maven.apache.org/maven2/org/codehaus/plexus/plexus-interactivity-api/1.0-alpha-4/plexus-interactivity-api-1.0-alpha-4.jar
[c6f7f9df-d0ae-4114-ac92-669c0e8a9c09/build]   | [INFO] Downloaded from central: https://repo.maven.apache.org/maven2/org/apache/maven/maven-repository-metadata/2.0.6/maven-repository-metadata-2.0.6.jar (24 kB at 318 kB/s)
[c6f7f9df-d0ae-4114-ac92-669c0e8a9c09/build]   | [INFO] Downloading from central: https://repo.maven.apache.org/maven2/classworlds/classworlds/1.1/classworlds-1.1.jar
[c6f7f9df-d0ae-4114-ac92-669c0e8a9c09/build]   | [INFO] Downloaded from central: https://repo.maven.apache.org/maven2/org/apache/maven/maven-error-diagnostics/2.0.6/maven-error-diagnostics-2.0.6.jar (14 kB at 166 kB/s)
[c6f7f9df-d0ae-4114-ac92-669c0e8a9c09/build]   | [INFO] Downloading from central: https://repo.maven.apache.org/maven2/org/apache/maven/maven-artifact/2.0.6/maven-artifact-2.0.6.jar
[c6f7f9df-d0ae-4114-ac92-669c0e8a9c09/build]   | [INFO] Downloaded from central: https://repo.maven.apache.org/maven2/org/apache/maven/maven-plugin-descriptor/2.0.6/maven-plugin-descriptor-2.0.6.jar (37 kB at 429 kB/s)
[c6f7f9df-d0ae-4114-ac92-669c0e8a9c09/build]   | [INFO] Downloading from central: https://repo.maven.apache.org/maven2/org/apache/maven/maven-settings/2.0.6/maven-settings-2.0.6.jar
[c6f7f9df-d0ae-4114-ac92-669c0e8a9c09/build]   | [INFO] Downloaded from central: https://repo.maven.apache.org/maven2/commons-cli/commons-cli/1.0/commons-cli-1.0.jar (30 kB at 350 kB/s)
[c6f7f9df-d0ae-4114-ac92-669c0e8a9c09/build]   | [INFO] Downloading from central: https://repo.maven.apache.org/maven2/org/apache/maven/maven-model/2.0.6/maven-model-2.0.6.jar
[c6f7f9df-d0ae-4114-ac92-669c0e8a9c09/build]   | [INFO] Downloaded from central: https://repo.maven.apache.org/maven2/org/codehaus/plexus/plexus-interactivity-api/1.0-alpha-4/plexus-interactivity-api-1.0-alpha-4.jar (13 kB at 141 kB/s)
[c6f7f9df-d0ae-4114-ac92-669c0e8a9c09/build]   | [INFO] Downloaded from central: https://repo.maven.apache.org/maven2/classworlds/classworlds/1.1/classworlds-1.1.jar (38 kB at 398 kB/s)
[c6f7f9df-d0ae-4114-ac92-669c0e8a9c09/build]   | [INFO] Downloading from central: https://repo.maven.apache.org/maven2/org/apache/maven/maven-monitor/2.0.6/maven-monitor-2.0.6.jar
[c6f7f9df-d0ae-4114-ac92-669c0e8a9c09/build]   | [INFO] Downloading from central: https://repo.maven.apache.org/maven2/org/codehaus/plexus/plexus-container-default/1.0-alpha-9-stable-1/plexus-container-default-1.0-alpha-9-stable-1.jar
[c6f7f9df-d0ae-4114-ac92-669c0e8a9c09/build]   | [INFO] Downloaded from central: https://repo.maven.apache.org/maven2/org/apache/maven/maven-artifact/2.0.6/maven-artifact-2.0.6.jar (87 kB at 882 kB/s)
[c6f7f9df-d0ae-4114-ac92-669c0e8a9c09/build]   | [INFO] Downloading from central: https://repo.maven.apache.org/maven2/junit/junit/3.8.1/junit-3.8.1.jar
[c6f7f9df-d0ae-4114-ac92-669c0e8a9c09/build]   | [INFO] Downloaded from central: https://repo.maven.apache.org/maven2/org/apache/maven/maven-settings/2.0.6/maven-settings-2.0.6.jar (49 kB at 481 kB/s)
[c6f7f9df-d0ae-4114-ac92-669c0e8a9c09/build]   | [INFO] Downloading from central: https://repo.maven.apache.org/maven2/org/codehaus/plexus/plexus-utils/2.0.5/plexus-utils-2.0.5.jar
[c6f7f9df-d0ae-4114-ac92-669c0e8a9c09/build]   | [INFO] Downloaded from central: https://repo.maven.apache.org/maven2/org/apache/maven/maven-model/2.0.6/maven-model-2.0.6.jar (86 kB at 847 kB/s)
[c6f7f9df-d0ae-4114-ac92-669c0e8a9c09/build]   | [INFO] Downloading from central: https://repo.maven.apache.org/maven2/org/apache/maven/shared/maven-filtering/1.1/maven-filtering-1.1.jar
[c6f7f9df-d0ae-4114-ac92-669c0e8a9c09/build]   | [INFO] Downloaded from central: https://repo.maven.apache.org/maven2/org/apache/maven/maven-monitor/2.0.6/maven-monitor-2.0.6.jar (10 kB at 91 kB/s)
[c6f7f9df-d0ae-4114-ac92-669c0e8a9c09/build]   | [INFO] Downloaded from central: https://repo.maven.apache.org/maven2/org/codehaus/plexus/plexus-container-default/1.0-alpha-9-stable-1/plexus-container-default-1.0-alpha-9-stable-1.jar (194 kB at 1.7 MB/s)
[c6f7f9df-d0ae-4114-ac92-669c0e8a9c09/build]   | [INFO] Downloading from central: https://repo.maven.apache.org/maven2/org/sonatype/plexus/plexus-build-api/0.0.4/plexus-build-api-0.0.4.jar
[c6f7f9df-d0ae-4114-ac92-669c0e8a9c09/build]   | [INFO] Downloading from central: https://repo.maven.apache.org/maven2/org/codehaus/plexus/plexus-interpolation/1.13/plexus-interpolation-1.13.jar
[c6f7f9df-d0ae-4114-ac92-669c0e8a9c09/build]   | [INFO] Downloaded from central: https://repo.maven.apache.org/maven2/junit/junit/3.8.1/junit-3.8.1.jar (121 kB at 1.0 MB/s)
[c6f7f9df-d0ae-4114-ac92-669c0e8a9c09/build]   | [INFO] Downloaded from central: https://repo.maven.apache.org/maven2/org/apache/maven/shared/maven-filtering/1.1/maven-filtering-1.1.jar (43 kB at 359 kB/s)
[c6f7f9df-d0ae-4114-ac92-669c0e8a9c09/build]   | [INFO] Downloaded from central: https://repo.maven.apache.org/maven2/org/codehaus/plexus/plexus-utils/2.0.5/plexus-utils-2.0.5.jar (223 kB at 1.8 MB/s)
[c6f7f9df-d0ae-4114-ac92-669c0e8a9c09/build]   | [INFO] Downloaded from central: https://repo.maven.apache.org/maven2/org/codehaus/plexus/plexus-interpolation/1.13/plexus-interpolation-1.13.jar (61 kB at 485 kB/s)
[c6f7f9df-d0ae-4114-ac92-669c0e8a9c09/build]   | [INFO] Downloaded from central: https://repo.maven.apache.org/maven2/org/sonatype/plexus/plexus-build-api/0.0.4/plexus-build-api-0.0.4.jar (6.8 kB at 54 kB/s)
[c6f7f9df-d0ae-4114-ac92-669c0e8a9c09/build]   | [INFO] Using 'UTF-8' encoding to copy filtered resources.
[c6f7f9df-d0ae-4114-ac92-669c0e8a9c09/build]   | [INFO] Copying 4 resources
[c6f7f9df-d0ae-4114-ac92-669c0e8a9c09/build]   | [INFO] 
[c6f7f9df-d0ae-4114-ac92-669c0e8a9c09/build]   | [INFO] --- maven-compiler-plugin:3.11.0:compile (default-compile) @ jwarc ---
[c6f7f9df-d0ae-4114-ac92-669c0e8a9c09/build]   | [INFO] Downloading from central: https://repo.maven.apache.org/maven2/org/apache/maven/shared/maven-shared-utils/3.3.4/maven-shared-utils-3.3.4.pom
[c6f7f9df-d0ae-4114-ac92-669c0e8a9c09/build]   | [INFO] Downloaded from central: https://repo.maven.apache.org/maven2/org/apache/maven/shared/maven-shared-utils/3.3.4/maven-shared-utils-3.3.4.pom (5.8 kB at 416 kB/s)
[c6f7f9df-d0ae-4114-ac92-669c0e8a9c09/build]   | [INFO] Downloading from central: https://repo.maven.apache.org/maven2/org/apache/maven/shared/maven-shared-components/34/maven-shared-components-34.pom
[c6f7f9df-d0ae-4114-ac92-669c0e8a9c09/build]   | [INFO] Downloaded from central: https://repo.maven.apache.org/maven2/org/apache/maven/shared/maven-shared-components/34/maven-shared-components-34.pom (5.1 kB at 268 kB/s)
[c6f7f9df-d0ae-4114-ac92-669c0e8a9c09/build]   | [INFO] Downloading from central: https://repo.maven.apache.org/maven2/commons-io/commons-io/2.6/commons-io-2.6.pom
[c6f7f9df-d0ae-4114-ac92-669c0e8a9c09/build]   | [INFO] Downloaded from central: https://repo.maven.apache.org/maven2/commons-io/commons-io/2.6/commons-io-2.6.pom (14 kB at 1.6 MB/s)
[c6f7f9df-d0ae-4114-ac92-669c0e8a9c09/build]   | [INFO] Downloading from central: https://repo.maven.apache.org/maven2/org/apache/commons/commons-parent/42/commons-parent-42.pom
[c6f7f9df-d0ae-4114-ac92-669c0e8a9c09/build]   | [INFO] Downloaded from central: https://repo.maven.apache.org/maven2/org/apache/commons/commons-parent/42/commons-parent-42.pom (68 kB at 6.2 MB/s)
[c6f7f9df-d0ae-4114-ac92-669c0e8a9c09/build]   | [INFO] Downloading from central: https://repo.maven.apache.org/maven2/org/apache/apache/18/apache-18.pom
[c6f7f9df-d0ae-4114-ac92-669c0e8a9c09/build]   | [INFO] Downloaded from central: https://repo.maven.apache.org/maven2/org/apache/apache/18/apache-18.pom (16 kB at 2.0 MB/s)
[c6f7f9df-d0ae-4114-ac92-669c0e8a9c09/build]   | [INFO] Downloading from central: https://repo.maven.apache.org/maven2/org/apache/maven/shared/maven-shared-incremental/1.1/maven-shared-incremental-1.1.pom
[c6f7f9df-d0ae-4114-ac92-669c0e8a9c09/build]   | [INFO] Downloaded from central: https://repo.maven.apache.org/maven2/org/apache/maven/shared/maven-shared-incremental/1.1/maven-shared-incremental-1.1.pom (4.7 kB at 474 kB/s)
[c6f7f9df-d0ae-4114-ac92-669c0e8a9c09/build]   | [INFO] Downloading from central: https://repo.maven.apache.org/maven2/org/apache/maven/shared/maven-shared-components/19/maven-shared-components-19.pom
[c6f7f9df-d0ae-4114-ac92-669c0e8a9c09/build]   | [INFO] Downloaded from central: https://repo.maven.apache.org/maven2/org/apache/maven/shared/maven-shared-components/19/maven-shared-components-19.pom (6.4 kB at 707 kB/s)
[c6f7f9df-d0ae-4114-ac92-669c0e8a9c09/build]   | [INFO] Downloading from central: https://repo.maven.apache.org/maven2/org/apache/maven/maven-parent/23/maven-parent-23.pom
[c6f7f9df-d0ae-4114-ac92-669c0e8a9c09/build]   | [INFO] Downloaded from central: https://repo.maven.apache.org/maven2/org/apache/maven/maven-parent/23/maven-parent-23.pom (33 kB at 2.3 MB/s)
[c6f7f9df-d0ae-4114-ac92-669c0e8a9c09/build]   | [INFO] Downloading from central: https://repo.maven.apache.org/maven2/org/apache/apache/13/apache-13.pom
[c6f7f9df-d0ae-4114-ac92-669c0e8a9c09/build]   | [INFO] Downloaded from central: https://repo.maven.apache.org/maven2/org/apache/apache/13/apache-13.pom (14 kB at 735 kB/s)
[c6f7f9df-d0ae-4114-ac92-669c0e8a9c09/build]   | [INFO] Downloading from central: https://repo.maven.apache.org/maven2/org/codehaus/plexus/plexus-component-annotations/1.5.5/plexus-component-annotations-1.5.5.pom
[c6f7f9df-d0ae-4114-ac92-669c0e8a9c09/build]   | [INFO] Downloaded from central: https://repo.maven.apache.org/maven2/org/codehaus/plexus/plexus-component-annotations/1.5.5/plexus-component-annotations-1.5.5.pom (815 B at 43 kB/s)
[c6f7f9df-d0ae-4114-ac92-669c0e8a9c09/build]   | [INFO] Downloading from central: https://repo.maven.apache.org/maven2/org/codehaus/plexus/plexus-containers/1.5.5/plexus-containers-1.5.5.pom
[c6f7f9df-d0ae-4114-ac92-669c0e8a9c09/build]   | [INFO] Downloaded from central: https://repo.maven.apache.org/maven2/org/codehaus/plexus/plexus-containers/1.5.5/plexus-containers-1.5.5.pom (4.2 kB at 249 kB/s)
[c6f7f9df-d0ae-4114-ac92-669c0e8a9c09/build]   | [INFO] Downloading from central: https://repo.maven.apache.org/maven2/org/codehaus/plexus/plexus/2.0.7/plexus-2.0.7.pom
[c6f7f9df-d0ae-4114-ac92-669c0e8a9c09/build]   | [INFO] Downloaded from central: https://repo.maven.apache.org/maven2/org/codehaus/plexus/plexus/2.0.7/plexus-2.0.7.pom (17 kB at 1.1 MB/s)
[c6f7f9df-d0ae-4114-ac92-669c0e8a9c09/build]   | [INFO] Downloading from central: https://repo.maven.apache.org/maven2/org/codehaus/plexus/plexus-java/1.1.2/plexus-java-1.1.2.pom
[c6f7f9df-d0ae-4114-ac92-669c0e8a9c09/build]   | [INFO] Downloaded from central: https://repo.maven.apache.org/maven2/org/codehaus/plexus/plexus-java/1.1.2/plexus-java-1.1.2.pom (5.0 kB at 249 kB/s)
[c6f7f9df-d0ae-4114-ac92-669c0e8a9c09/build]   | [INFO] Downloading from central: https://repo.maven.apache.org/maven2/org/codehaus/plexus/plexus-languages/1.1.2/plexus-languages-1.1.2.pom
[c6f7f9df-d0ae-4114-ac92-669c0e8a9c09/build]   | [INFO] Downloaded from central: https://repo.maven.apache.org/maven2/org/codehaus/plexus/plexus-languages/1.1.2/plexus-languages-1.1.2.pom (4.1 kB at 143 kB/s)
[c6f7f9df-d0ae-4114-ac92-669c0e8a9c09/build]   | [INFO] Downloading from central: https://repo.maven.apache.org/maven2/org/codehaus/plexus/plexus/10/plexus-10.pom
[c6f7f9df-d0ae-4114-ac92-669c0e8a9c09/build]   | [INFO] Downloaded from central: https://repo.maven.apache.org/maven2/org/codehaus/plexus/plexus/10/plexus-10.pom (25 kB at 1.2 MB/s)
[c6f7f9df-d0ae-4114-ac92-669c0e8a9c09/build]   | [INFO] Downloading from central: https://repo.maven.apache.org/maven2/org/ow2/asm/asm/9.4/asm-9.4.pom
[c6f7f9df-d0ae-4114-ac92-669c0e8a9c09/build]   | [INFO] Downloaded from central: https://repo.maven.apache.org/maven2/org/ow2/asm/asm/9.4/asm-9.4.pom (2.4 kB at 132 kB/s)
[c6f7f9df-d0ae-4114-ac92-669c0e8a9c09/build]   | [INFO] Downloading from central: https://repo.maven.apache.org/maven2/org/ow2/ow2/1.5.1/ow2-1.5.1.pom
[c6f7f9df-d0ae-4114-ac92-669c0e8a9c09/build]   | [INFO] Downloaded from central: https://repo.maven.apache.org/maven2/org/ow2/ow2/1.5.1/ow2-1.5.1.pom (11 kB at 452 kB/s)
[c6f7f9df-d0ae-4114-ac92-669c0e8a9c09/build]   | [INFO] Downloading from central: https://repo.maven.apache.org/maven2/com/thoughtworks/qdox/qdox/2.0.3/qdox-2.0.3.pom
[c6f7f9df-d0ae-4114-ac92-669c0e8a9c09/build]   | [INFO] Downloaded from central: https://repo.maven.apache.org/maven2/com/thoughtworks/qdox/qdox/2.0.3/qdox-2.0.3.pom (17 kB at 749 kB/s)
[c6f7f9df-d0ae-4114-ac92-669c0e8a9c09/build]   | [INFO] Downloading from central: https://repo.maven.apache.org/maven2/org/sonatype/oss/oss-parent/9/oss-parent-9.pom
[c6f7f9df-d0ae-4114-ac92-669c0e8a9c09/build]   | [INFO] Downloaded from central: https://repo.maven.apache.org/maven2/org/sonatype/oss/oss-parent/9/oss-parent-9.pom (6.6 kB at 328 kB/s)
[c6f7f9df-d0ae-4114-ac92-669c0e8a9c09/build]   | [INFO] Downloading from central: https://repo.maven.apache.org/maven2/org/codehaus/plexus/plexus-compiler-api/2.13.0/plexus-compiler-api-2.13.0.pom
[c6f7f9df-d0ae-4114-ac92-669c0e8a9c09/build]   | [INFO] Downloaded from central: https://repo.maven.apache.org/maven2/org/codehaus/plexus/plexus-compiler-api/2.13.0/plexus-compiler-api-2.13.0.pom (1.1 kB at 22 kB/s)
[c6f7f9df-d0ae-4114-ac92-669c0e8a9c09/build]   | [INFO] Downloading from central: https://repo.maven.apache.org/maven2/org/codehaus/plexus/plexus-compiler/2.13.0/plexus-compiler-2.13.0.pom
[c6f7f9df-d0ae-4114-ac92-669c0e8a9c09/build]   | [INFO] Downloaded from central: https://repo.maven.apache.org/maven2/org/codehaus/plexus/plexus-compiler/2.13.0/plexus-compiler-2.13.0.pom (8.4 kB at 147 kB/s)
[c6f7f9df-d0ae-4114-ac92-669c0e8a9c09/build]   | [INFO] Downloading from central: https://repo.maven.apache.org/maven2/org/codehaus/plexus/plexus-components/10.0/plexus-components-10.0.pom
[c6f7f9df-d0ae-4114-ac92-669c0e8a9c09/build]   | [INFO] Downloaded from central: https://repo.maven.apache.org/maven2/org/codehaus/plexus/plexus-components/10.0/plexus-components-10.0.pom (2.7 kB at 38 kB/s)
[c6f7f9df-d0ae-4114-ac92-669c0e8a9c09/build]   | [INFO] Downloading from central: https://repo.maven.apache.org/maven2/org/junit/junit-bom/5.9.1/junit-bom-5.9.1.pom
[c6f7f9df-d0ae-4114-ac92-669c0e8a9c09/build]   | [INFO] Downloaded from central: https://repo.maven.apache.org/maven2/org/junit/junit-bom/5.9.1/junit-bom-5.9.1.pom (5.6 kB at 217 kB/s)
[c6f7f9df-d0ae-4114-ac92-669c0e8a9c09/build]   | [INFO] Downloading from central: https://repo.maven.apache.org/maven2/org/codehaus/plexus/plexus-utils/3.5.0/plexus-utils-3.5.0.pom
[c6f7f9df-d0ae-4114-ac92-669c0e8a9c09/build]   | [INFO] Downloaded from central: https://repo.maven.apache.org/maven2/org/codehaus/plexus/plexus-utils/3.5.0/plexus-utils-3.5.0.pom (8.0 kB at 445 kB/s)
[c6f7f9df-d0ae-4114-ac92-669c0e8a9c09/build]   | [INFO] Downloading from central: https://repo.maven.apache.org/maven2/org/codehaus/plexus/plexus-compiler-manager/2.13.0/plexus-compiler-manager-2.13.0.pom
[c6f7f9df-d0ae-4114-ac92-669c0e8a9c09/build]   | [INFO] Downloaded from central: https://repo.maven.apache.org/maven2/org/codehaus/plexus/plexus-compiler-manager/2.13.0/plexus-compiler-manager-2.13.0.pom (1.1 kB at 30 kB/s)
[c6f7f9df-d0ae-4114-ac92-669c0e8a9c09/build]   | [INFO] Downloading from central: https://repo.maven.apache.org/maven2/org/codehaus/plexus/plexus-component-annotations/2.1.1/plexus-component-annotations-2.1.1.pom
[c6f7f9df-d0ae-4114-ac92-669c0e8a9c09/build]   | [INFO] Downloaded from central: https://repo.maven.apache.org/maven2/org/codehaus/plexus/plexus-component-annotations/2.1.1/plexus-component-annotations-2.1.1.pom (770 B at 22 kB/s)
[c6f7f9df-d0ae-4114-ac92-669c0e8a9c09/build]   | [INFO] Downloading from central: https://repo.maven.apache.org/maven2/org/codehaus/plexus/plexus-containers/2.1.1/plexus-containers-2.1.1.pom
[c6f7f9df-d0ae-4114-ac92-669c0e8a9c09/build]   | [INFO] Downloaded from central: https://repo.maven.apache.org/maven2/org/codehaus/plexus/plexus-containers/2.1.1/plexus-containers-2.1.1.pom (6.0 kB at 195 kB/s)
[c6f7f9df-d0ae-4114-ac92-669c0e8a9c09/build]   | [INFO] Downloading from central: https://repo.maven.apache.org/maven2/org/codehaus/plexus/plexus/6.5/plexus-6.5.pom
[c6f7f9df-d0ae-4114-ac92-669c0e8a9c09/build]   | [INFO] Downloaded from central: https://repo.maven.apache.org/maven2/org/codehaus/plexus/plexus/6.5/plexus-6.5.pom (26 kB at 547 kB/s)
[c6f7f9df-d0ae-4114-ac92-669c0e8a9c09/build]   | [INFO] Downloading from central: https://repo.maven.apache.org/maven2/org/codehaus/plexus/plexus-compiler-javac/2.13.0/plexus-compiler-javac-2.13.0.pom
[c6f7f9df-d0ae-4114-ac92-669c0e8a9c09/build]   | [INFO] Downloaded from central: https://repo.maven.apache.org/maven2/org/codehaus/plexus/plexus-compiler-javac/2.13.0/plexus-compiler-javac-2.13.0.pom (1.2 kB at 25 kB/s)
[c6f7f9df-d0ae-4114-ac92-669c0e8a9c09/build]   | [INFO] Downloading from central: https://repo.maven.apache.org/maven2/org/codehaus/plexus/plexus-compilers/2.13.0/plexus-compilers-2.13.0.pom
[c6f7f9df-d0ae-4114-ac92-669c0e8a9c09/build]   | [INFO] Downloaded from central: https://repo.maven.apache.org/maven2/org/codehaus/plexus/plexus-compilers/2.13.0/plexus-compilers-2.13.0.pom (1.3 kB at 60 kB/s)
[c6f7f9df-d0ae-4114-ac92-669c0e8a9c09/build]   | [INFO] Downloading from central: https://repo.maven.apache.org/maven2/org/apache/maven/shared/maven-shared-utils/3.3.4/maven-shared-utils-3.3.4.jar
[c6f7f9df-d0ae-4114-ac92-669c0e8a9c09/build]   | [INFO] Downloading from central: https://repo.maven.apache.org/maven2/commons-io/commons-io/2.6/commons-io-2.6.jar
[c6f7f9df-d0ae-4114-ac92-669c0e8a9c09/build]   | [INFO] Downloading from central: https://repo.maven.apache.org/maven2/org/apache/maven/shared/maven-shared-incremental/1.1/maven-shared-incremental-1.1.jar
[c6f7f9df-d0ae-4114-ac92-669c0e8a9c09/build]   | [INFO] Downloading from central: https://repo.maven.apache.org/maven2/org/codehaus/plexus/plexus-component-annotations/1.5.5/plexus-component-annotations-1.5.5.jar
[c6f7f9df-d0ae-4114-ac92-669c0e8a9c09/build]   | [INFO] Downloading from central: https://repo.maven.apache.org/maven2/org/codehaus/plexus/plexus-java/1.1.2/plexus-java-1.1.2.jar
[c6f7f9df-d0ae-4114-ac92-669c0e8a9c09/build]   | [INFO] Downloaded from central: https://repo.maven.apache.org/maven2/org/codehaus/plexus/plexus-component-annotations/1.5.5/plexus-component-annotations-1.5.5.jar (4.2 kB at 183 kB/s)
[c6f7f9df-d0ae-4114-ac92-669c0e8a9c09/build]   | [INFO] Downloaded from central: https://repo.maven.apache.org/maven2/org/apache/maven/shared/maven-shared-incremental/1.1/maven-shared-incremental-1.1.jar (14 kB at 589 kB/s)
[c6f7f9df-d0ae-4114-ac92-669c0e8a9c09/build]   | [INFO] Downloaded from central: https://repo.maven.apache.org/maven2/org/codehaus/plexus/plexus-java/1.1.2/plexus-java-1.1.2.jar (55 kB at 2.4 MB/s)
[c6f7f9df-d0ae-4114-ac92-669c0e8a9c09/build]   | [INFO] Downloading from central: https://repo.maven.apache.org/maven2/com/thoughtworks/qdox/qdox/2.0.3/qdox-2.0.3.jar
[c6f7f9df-d0ae-4114-ac92-669c0e8a9c09/build]   | [INFO] Downloading from central: https://repo.maven.apache.org/maven2/org/ow2/asm/asm/9.4/asm-9.4.jar
[c6f7f9df-d0ae-4114-ac92-669c0e8a9c09/build]   | [INFO] Downloading from central: https://repo.maven.apache.org/maven2/org/codehaus/plexus/plexus-compiler-api/2.13.0/plexus-compiler-api-2.13.0.jar
[c6f7f9df-d0ae-4114-ac92-669c0e8a9c09/build]   | [INFO] Downloaded from central: https://repo.maven.apache.org/maven2/org/apache/maven/shared/maven-shared-utils/3.3.4/maven-shared-utils-3.3.4.jar (153 kB at 4.9 MB/s)
[c6f7f9df-d0ae-4114-ac92-669c0e8a9c09/build]   | [INFO] Downloading from central: https://repo.maven.apache.org/maven2/org/codehaus/plexus/plexus-utils/3.5.0/plexus-utils-3.5.0.jar
[c6f7f9df-d0ae-4114-ac92-669c0e8a9c09/build]   | [INFO] Downloaded from central: https://repo.maven.apache.org/maven2/commons-io/commons-io/2.6/commons-io-2.6.jar (215 kB at 7.2 MB/s)
[c6f7f9df-d0ae-4114-ac92-669c0e8a9c09/build]   | [INFO] Downloading from central: https://repo.maven.apache.org/maven2/org/codehaus/plexus/plexus-compiler-manager/2.13.0/plexus-compiler-manager-2.13.0.jar
[c6f7f9df-d0ae-4114-ac92-669c0e8a9c09/build]   | [INFO] Downloaded from central: https://repo.maven.apache.org/maven2/org/ow2/asm/asm/9.4/asm-9.4.jar (122 kB at 2.7 MB/s)
[c6f7f9df-d0ae-4114-ac92-669c0e8a9c09/build]   | [INFO] Downloading from central: https://repo.maven.apache.org/maven2/org/codehaus/plexus/plexus-compiler-javac/2.13.0/plexus-compiler-javac-2.13.0.jar
[c6f7f9df-d0ae-4114-ac92-669c0e8a9c09/build]   | [INFO] Downloaded from central: https://repo.maven.apache.org/maven2/org/codehaus/plexus/plexus-compiler-api/2.13.0/plexus-compiler-api-2.13.0.jar (27 kB at 587 kB/s)
[c6f7f9df-d0ae-4114-ac92-669c0e8a9c09/build]   | [INFO] Downloaded from central: https://repo.maven.apache.org/maven2/org/codehaus/plexus/plexus-compiler-manager/2.13.0/plexus-compiler-manager-2.13.0.jar (4.7 kB at 99 kB/s)
[c6f7f9df-d0ae-4114-ac92-669c0e8a9c09/build]   | [INFO] Downloaded from central: https://repo.maven.apache.org/maven2/org/codehaus/plexus/plexus-utils/3.5.0/plexus-utils-3.5.0.jar (267 kB at 4.9 MB/s)
[c6f7f9df-d0ae-4114-ac92-669c0e8a9c09/build]   | [INFO] Downloaded from central: https://repo.maven.apache.org/maven2/org/codehaus/plexus/plexus-compiler-javac/2.13.0/plexus-compiler-javac-2.13.0.jar (23 kB at 340 kB/s)
[c6f7f9df-d0ae-4114-ac92-669c0e8a9c09/build]   | [INFO] Downloaded from central: https://repo.maven.apache.org/maven2/com/thoughtworks/qdox/qdox/2.0.3/qdox-2.0.3.jar (334 kB at 4.8 MB/s)
[c6f7f9df-d0ae-4114-ac92-669c0e8a9c09/build]   | [INFO] Changes detected - recompiling the module! :source
[c6f7f9df-d0ae-4114-ac92-669c0e8a9c09/build]   | [INFO] Compiling 84 source files with javac [debug release 8] to target/classes
[c6f7f9df-d0ae-4114-ac92-669c0e8a9c09/build]   | [INFO] 
[c6f7f9df-d0ae-4114-ac92-669c0e8a9c09/build]   | [INFO] --- maven-resources-plugin:2.6:testResources (default-testResources) @ jwarc ---
[c6f7f9df-d0ae-4114-ac92-669c0e8a9c09/build]   | [INFO] Using 'UTF-8' encoding to copy filtered resources.
[c6f7f9df-d0ae-4114-ac92-669c0e8a9c09/build]   | [INFO] Copying 2 resources
[c6f7f9df-d0ae-4114-ac92-669c0e8a9c09/build]   | [INFO] 
[c6f7f9df-d0ae-4114-ac92-669c0e8a9c09/build]   | [INFO] --- maven-compiler-plugin:3.11.0:testCompile (default-testCompile) @ jwarc ---
[c6f7f9df-d0ae-4114-ac92-669c0e8a9c09/build]   | [INFO] Changes detected - recompiling the module! :dependency
[c6f7f9df-d0ae-4114-ac92-669c0e8a9c09/build]   | [INFO] Compiling 34 source files with javac [debug release 8] to target/test-classes
[c6f7f9df-d0ae-4114-ac92-669c0e8a9c09/build]   | [INFO] 
[c6f7f9df-d0ae-4114-ac92-669c0e8a9c09/build]   | [INFO] --- maven-surefire-plugin:2.12.4:test (default-test) @ jwarc ---
[c6f7f9df-d0ae-4114-ac92-669c0e8a9c09/build]   | [INFO] Downloading from central: https://repo.maven.apache.org/maven2/org/apache/maven/maven-plugin-api/2.0.9/maven-plugin-api-2.0.9.pom
[c6f7f9df-d0ae-4114-ac92-669c0e8a9c09/build]   | [INFO] Downloaded from central: https://repo.maven.apache.org/maven2/org/apache/maven/maven-plugin-api/2.0.9/maven-plugin-api-2.0.9.pom (1.5 kB at 62 kB/s)
[c6f7f9df-d0ae-4114-ac92-669c0e8a9c09/build]   | [INFO] Downloading from central: https://repo.maven.apache.org/maven2/org/apache/maven/maven/2.0.9/maven-2.0.9.pom
[c6f7f9df-d0ae-4114-ac92-669c0e8a9c09/build]   | [INFO] Downloaded from central: https://repo.maven.apache.org/maven2/org/apache/maven/maven/2.0.9/maven-2.0.9.pom (19 kB at 675 kB/s)
[c6f7f9df-d0ae-4114-ac92-669c0e8a9c09/build]   | [INFO] Downloading from central: https://repo.maven.apache.org/maven2/org/apache/maven/maven-parent/8/maven-parent-8.pom
[c6f7f9df-d0ae-4114-ac92-669c0e8a9c09/build]   | [INFO] Downloaded from central: https://repo.maven.apache.org/maven2/org/apache/maven/maven-parent/8/maven-parent-8.pom (24 kB at 1.6 MB/s)
[c6f7f9df-d0ae-4114-ac92-669c0e8a9c09/build]   | [INFO] Downloading from central: https://repo.maven.apache.org/maven2/org/apache/apache/4/apache-4.pom
[c6f7f9df-d0ae-4114-ac92-669c0e8a9c09/build]   | [INFO] Downloaded from central: https://repo.maven.apache.org/maven2/org/apache/apache/4/apache-4.pom (4.5 kB at 450 kB/s)
[c6f7f9df-d0ae-4114-ac92-669c0e8a9c09/build]   | [INFO] Downloading from central: https://repo.maven.apache.org/maven2/org/apache/maven/surefire/surefire-booter/2.12.4/surefire-booter-2.12.4.pom
[c6f7f9df-d0ae-4114-ac92-669c0e8a9c09/build]   | [INFO] Downloaded from central: https://repo.maven.apache.org/maven2/org/apache/maven/surefire/surefire-booter/2.12.4/surefire-booter-2.12.4.pom (3.0 kB at 233 kB/s)
[c6f7f9df-d0ae-4114-ac92-669c0e8a9c09/build]   | [INFO] Downloading from central: https://repo.maven.apache.org/maven2/org/apache/maven/surefire/surefire-api/2.12.4/surefire-api-2.12.4.pom
[c6f7f9df-d0ae-4114-ac92-669c0e8a9c09/build]   | [INFO] Downloaded from central: https://repo.maven.apache.org/maven2/org/apache/maven/surefire/surefire-api/2.12.4/surefire-api-2.12.4.pom (2.5 kB at 226 kB/s)
[c6f7f9df-d0ae-4114-ac92-669c0e8a9c09/build]   | [INFO] Downloading from central: https://repo.maven.apache.org/maven2/org/apache/maven/surefire/maven-surefire-common/2.12.4/maven-surefire-common-2.12.4.pom
[c6f7f9df-d0ae-4114-ac92-669c0e8a9c09/build]   | [INFO] Downloaded from central: https://repo.maven.apache.org/maven2/org/apache/maven/surefire/maven-surefire-common/2.12.4/maven-surefire-common-2.12.4.pom (5.5 kB at 790 kB/s)
[c6f7f9df-d0ae-4114-ac92-669c0e8a9c09/build]   | [INFO] Downloading from central: https://repo.maven.apache.org/maven2/org/apache/maven/plugin-tools/maven-plugin-annotations/3.1/maven-plugin-annotations-3.1.pom
[c6f7f9df-d0ae-4114-ac92-669c0e8a9c09/build]   | [INFO] Downloaded from central: https://repo.maven.apache.org/maven2/org/apache/maven/plugin-tools/maven-plugin-annotations/3.1/maven-plugin-annotations-3.1.pom (1.6 kB at 232 kB/s)
[c6f7f9df-d0ae-4114-ac92-669c0e8a9c09/build]   | [INFO] Downloading from central: https://repo.maven.apache.org/maven2/org/apache/maven/plugin-tools/maven-plugin-tools/3.1/maven-plugin-tools-3.1.pom
[c6f7f9df-d0ae-4114-ac92-669c0e8a9c09/build]   | [INFO] Downloaded from central: https://repo.maven.apache.org/maven2/org/apache/maven/plugin-tools/maven-plugin-tools/3.1/maven-plugin-tools-3.1.pom (16 kB at 1.6 MB/s)
[c6f7f9df-d0ae-4114-ac92-669c0e8a9c09/build]   | [INFO] Downloading from central: https://repo.maven.apache.org/maven2/org/apache/maven/maven-artifact/2.0.9/maven-artifact-2.0.9.pom
[c6f7f9df-d0ae-4114-ac92-669c0e8a9c09/build]   | [INFO] Downloaded from central: https://repo.maven.apache.org/maven2/org/apache/maven/maven-artifact/2.0.9/maven-artifact-2.0.9.pom (1.6 kB at 65 kB/s)
[c6f7f9df-d0ae-4114-ac92-669c0e8a9c09/build]   | [INFO] Downloading from central: https://repo.maven.apache.org/maven2/org/codehaus/plexus/plexus-utils/3.0.8/plexus-utils-3.0.8.pom
[c6f7f9df-d0ae-4114-ac92-669c0e8a9c09/build]   | [INFO] Downloaded from central: https://repo.maven.apache.org/maven2/org/codehaus/plexus/plexus-utils/3.0.8/plexus-utils-3.0.8.pom (3.1 kB at 56 kB/s)
[c6f7f9df-d0ae-4114-ac92-669c0e8a9c09/build]   | [INFO] Downloading from central: https://repo.maven.apache.org/maven2/org/codehaus/plexus/plexus/3.2/plexus-3.2.pom
[c6f7f9df-d0ae-4114-ac92-669c0e8a9c09/build]   | [INFO] Downloaded from central: https://repo.maven.apache.org/maven2/org/codehaus/plexus/plexus/3.2/plexus-3.2.pom (19 kB at 1.2 MB/s)
[c6f7f9df-d0ae-4114-ac92-669c0e8a9c09/build]   | [INFO] Downloading from central: https://repo.maven.apache.org/maven2/org/sonatype/spice/spice-parent/17/spice-parent-17.pom
[c6f7f9df-d0ae-4114-ac92-669c0e8a9c09/build]   | [INFO] Downloaded from central: https://repo.maven.apache.org/maven2/org/sonatype/spice/spice-parent/17/spice-parent-17.pom (6.8 kB at 89 kB/s)
[c6f7f9df-d0ae-4114-ac92-669c0e8a9c09/build]   | [INFO] Downloading from central: https://repo.maven.apache.org/maven2/org/sonatype/forge/forge-parent/10/forge-parent-10.pom
[c6f7f9df-d0ae-4114-ac92-669c0e8a9c09/build]   | [INFO] Downloaded from central: https://repo.maven.apache.org/maven2/org/sonatype/forge/forge-parent/10/forge-parent-10.pom (14 kB at 366 kB/s)
[c6f7f9df-d0ae-4114-ac92-669c0e8a9c09/build]   | [INFO] Downloading from central: https://repo.maven.apache.org/maven2/org/apache/maven/maven-project/2.0.9/maven-project-2.0.9.pom
[c6f7f9df-d0ae-4114-ac92-669c0e8a9c09/build]   | [INFO] Downloaded from central: https://repo.maven.apache.org/maven2/org/apache/maven/maven-project/2.0.9/maven-project-2.0.9.pom (2.7 kB at 75 kB/s)
[c6f7f9df-d0ae-4114-ac92-669c0e8a9c09/build]   | [INFO] Downloading from central: https://repo.maven.apache.org/maven2/org/apache/maven/maven-settings/2.0.9/maven-settings-2.0.9.pom
[c6f7f9df-d0ae-4114-ac92-669c0e8a9c09/build]   | [INFO] Downloaded from central: https://repo.maven.apache.org/maven2/org/apache/maven/maven-settings/2.0.9/maven-settings-2.0.9.pom (2.1 kB at 187 kB/s)
[c6f7f9df-d0ae-4114-ac92-669c0e8a9c09/build]   | [INFO] Downloading from central: https://repo.maven.apache.org/maven2/org/apache/maven/maven-model/2.0.9/maven-model-2.0.9.pom
[c6f7f9df-d0ae-4114-ac92-669c0e8a9c09/build]   | [INFO] Downloaded from central: https://repo.maven.apache.org/maven2/org/apache/maven/maven-model/2.0.9/maven-model-2.0.9.pom (3.1 kB at 242 kB/s)
[c6f7f9df-d0ae-4114-ac92-669c0e8a9c09/build]   | [INFO] Downloading from central: https://repo.maven.apache.org/maven2/org/apache/maven/maven-profile/2.0.9/maven-profile-2.0.9.pom
[c6f7f9df-d0ae-4114-ac92-669c0e8a9c09/build]   | [INFO] Downloaded from central: https://repo.maven.apache.org/maven2/org/apache/maven/maven-profile/2.0.9/maven-profile-2.0.9.pom (2.0 kB at 342 kB/s)
[c6f7f9df-d0ae-4114-ac92-669c0e8a9c09/build]   | [INFO] Downloading from central: https://repo.maven.apache.org/maven2/org/apache/maven/maven-artifact-manager/2.0.9/maven-artifact-manager-2.0.9.pom
[c6f7f9df-d0ae-4114-ac92-669c0e8a9c09/build]   | [INFO] Downloaded from central: https://repo.maven.apache.org/maven2/org/apache/maven/maven-artifact-manager/2.0.9/maven-artifact-manager-2.0.9.pom (2.7 kB at 104 kB/s)
[c6f7f9df-d0ae-4114-ac92-669c0e8a9c09/build]   | [INFO] Downloading from central: https://repo.maven.apache.org/maven2/org/apache/maven/maven-repository-metadata/2.0.9/maven-repository-metadata-2.0.9.pom
[c6f7f9df-d0ae-4114-ac92-669c0e8a9c09/build]   | [INFO] Downloaded from central: https://repo.maven.apache.org/maven2/org/apache/maven/maven-repository-metadata/2.0.9/maven-repository-metadata-2.0.9.pom (1.9 kB at 272 kB/s)
[c6f7f9df-d0ae-4114-ac92-669c0e8a9c09/build]   | [INFO] Downloading from central: https://repo.maven.apache.org/maven2/org/apache/maven/maven-plugin-registry/2.0.9/maven-plugin-registry-2.0.9.pom
[c6f7f9df-d0ae-4114-ac92-669c0e8a9c09/build]   | [INFO] Downloaded from central: https://repo.maven.apache.org/maven2/org/apache/maven/maven-plugin-registry/2.0.9/maven-plugin-registry-2.0.9.pom (2.0 kB at 328 kB/s)
[c6f7f9df-d0ae-4114-ac92-669c0e8a9c09/build]   | [INFO] Downloading from central: https://repo.maven.apache.org/maven2/org/apache/maven/maven-core/2.0.9/maven-core-2.0.9.pom
[c6f7f9df-d0ae-4114-ac92-669c0e8a9c09/build]   | [INFO] Downloaded from central: https://repo.maven.apache.org/maven2/org/apache/maven/maven-core/2.0.9/maven-core-2.0.9.pom (7.8 kB at 973 kB/s)
[c6f7f9df-d0ae-4114-ac92-669c0e8a9c09/build]   | [INFO] Downloading from central: https://repo.maven.apache.org/maven2/org/apache/maven/maven-plugin-parameter-documenter/2.0.9/maven-plugin-parameter-documenter-2.0.9.pom
[c6f7f9df-d0ae-4114-ac92-669c0e8a9c09/build]   | [INFO] Downloaded from central: https://repo.maven.apache.org/maven2/org/apache/maven/maven-plugin-parameter-documenter/2.0.9/maven-plugin-parameter-documenter-2.0.9.pom (2.0 kB at 196 kB/s)
[c6f7f9df-d0ae-4114-ac92-669c0e8a9c09/build]   | [INFO] Downloading from central: https://repo.maven.apache.org/maven2/org/apache/maven/reporting/maven-reporting-api/2.0.9/maven-reporting-api-2.0.9.pom
[c6f7f9df-d0ae-4114-ac92-669c0e8a9c09/build]   | [INFO] Downloaded from central: https://repo.maven.apache.org/maven2/org/apache/maven/reporting/maven-reporting-api/2.0.9/maven-reporting-api-2.0.9.pom (1.8 kB at 257 kB/s)
[c6f7f9df-d0ae-4114-ac92-669c0e8a9c09/build]   | [INFO] Downloading from central: https://repo.maven.apache.org/maven2/org/apache/maven/reporting/maven-reporting/2.0.9/maven-reporting-2.0.9.pom
[c6f7f9df-d0ae-4114-ac92-669c0e8a9c09/build]   | [INFO] Downloaded from central: https://repo.maven.apache.org/maven2/org/apache/maven/reporting/maven-reporting/2.0.9/maven-reporting-2.0.9.pom (1.5 kB at 82 kB/s)
[c6f7f9df-d0ae-4114-ac92-669c0e8a9c09/build]   | [INFO] Downloading from central: https://repo.maven.apache.org/maven2/org/apache/maven/maven-error-diagnostics/2.0.9/maven-error-diagnostics-2.0.9.pom
[c6f7f9df-d0ae-4114-ac92-669c0e8a9c09/build]   | [INFO] Downloaded from central: https://repo.maven.apache.org/maven2/org/apache/maven/maven-error-diagnostics/2.0.9/maven-error-diagnostics-2.0.9.pom (1.7 kB at 249 kB/s)
[c6f7f9df-d0ae-4114-ac92-669c0e8a9c09/build]   | [INFO] Downloading from central: https://repo.maven.apache.org/maven2/org/apache/maven/maven-plugin-descriptor/2.0.9/maven-plugin-descriptor-2.0.9.pom
[c6f7f9df-d0ae-4114-ac92-669c0e8a9c09/build]   | [INFO] Downloaded from central: https://repo.maven.apache.org/maven2/org/apache/maven/maven-plugin-descriptor/2.0.9/maven-plugin-descriptor-2.0.9.pom (2.1 kB at 296 kB/s)
[c6f7f9df-d0ae-4114-ac92-669c0e8a9c09/build]   | [INFO] Downloading from central: https://repo.maven.apache.org/maven2/org/apache/maven/maven-monitor/2.0.9/maven-monitor-2.0.9.pom
[c6f7f9df-d0ae-4114-ac92-669c0e8a9c09/build]   | [INFO] Downloaded from central: https://repo.maven.apache.org/maven2/org/apache/maven/maven-monitor/2.0.9/maven-monitor-2.0.9.pom (1.3 kB at 117 kB/s)
[c6f7f9df-d0ae-4114-ac92-669c0e8a9c09/build]   | [INFO] Downloading from central: https://repo.maven.apache.org/maven2/org/apache/maven/maven-toolchain/2.0.9/maven-toolchain-2.0.9.pom
[c6f7f9df-d0ae-4114-ac92-669c0e8a9c09/build]   | [INFO] Downloaded from central: https://repo.maven.apache.org/maven2/org/apache/maven/maven-toolchain/2.0.9/maven-toolchain-2.0.9.pom (3.5 kB at 232 kB/s)
[c6f7f9df-d0ae-4114-ac92-669c0e8a9c09/build]   | [INFO] Downloading from central: https://repo.maven.apache.org/maven2/org/apache/commons/commons-lang3/3.1/commons-lang3-3.1.pom
[c6f7f9df-d0ae-4114-ac92-669c0e8a9c09/build]   | [INFO] Downloaded from central: https://repo.maven.apache.org/maven2/org/apache/commons/commons-lang3/3.1/commons-lang3-3.1.pom (17 kB at 557 kB/s)
[c6f7f9df-d0ae-4114-ac92-669c0e8a9c09/build]   | [INFO] Downloading from central: https://repo.maven.apache.org/maven2/org/apache/commons/commons-parent/22/commons-parent-22.pom
[c6f7f9df-d0ae-4114-ac92-669c0e8a9c09/build]   | [INFO] Downloaded from central: https://repo.maven.apache.org/maven2/org/apache/commons/commons-parent/22/commons-parent-22.pom (42 kB at 1.8 MB/s)
[c6f7f9df-d0ae-4114-ac92-669c0e8a9c09/build]   | [INFO] Downloading from central: https://repo.maven.apache.org/maven2/org/apache/apache/9/apache-9.pom
[c6f7f9df-d0ae-4114-ac92-669c0e8a9c09/build]   | [INFO] Downloaded from central: https://repo.maven.apache.org/maven2/org/apache/apache/9/apache-9.pom (15 kB at 606 kB/s)
[c6f7f9df-d0ae-4114-ac92-669c0e8a9c09/build]   | [INFO] Downloading from central: https://repo.maven.apache.org/maven2/org/apache/maven/shared/maven-common-artifact-filters/1.3/maven-common-artifact-filters-1.3.pom
[c6f7f9df-d0ae-4114-ac92-669c0e8a9c09/build]   | [INFO] Downloaded from central: https://repo.maven.apache.org/maven2/org/apache/maven/shared/maven-common-artifact-filters/1.3/maven-common-artifact-filters-1.3.pom (3.7 kB at 86 kB/s)
[c6f7f9df-d0ae-4114-ac92-669c0e8a9c09/build]   | [INFO] Downloading from central: https://repo.maven.apache.org/maven2/org/apache/maven/shared/maven-shared-components/12/maven-shared-components-12.pom
[c6f7f9df-d0ae-4114-ac92-669c0e8a9c09/build]   | [INFO] Downloaded from central: https://repo.maven.apache.org/maven2/org/apache/maven/shared/maven-shared-components/12/maven-shared-components-12.pom (9.3 kB at 1.0 MB/s)
[c6f7f9df-d0ae-4114-ac92-669c0e8a9c09/build]   | [INFO] Downloading from central: https://repo.maven.apache.org/maven2/org/apache/maven/maven-parent/13/maven-parent-13.pom
[c6f7f9df-d0ae-4114-ac92-669c0e8a9c09/build]   | [INFO] Downloaded from central: https://repo.maven.apache.org/maven2/org/apache/maven/maven-parent/13/maven-parent-13.pom (23 kB at 4.5 MB/s)
[c6f7f9df-d0ae-4114-ac92-669c0e8a9c09/build]   | [INFO] Downloading from central: https://repo.maven.apache.org/maven2/org/apache/apache/6/apache-6.pom
[c6f7f9df-d0ae-4114-ac92-669c0e8a9c09/build]   | [INFO] Downloaded from central: https://repo.maven.apache.org/maven2/org/apache/apache/6/apache-6.pom (13 kB at 1.4 MB/s)
[c6f7f9df-d0ae-4114-ac92-669c0e8a9c09/build]   | [INFO] Downloading from central: https://repo.maven.apache.org/maven2/org/codehaus/plexus/plexus-container-default/1.0-alpha-9/plexus-container-default-1.0-alpha-9.pom
[c6f7f9df-d0ae-4114-ac92-669c0e8a9c09/build]   | [INFO] Downloaded from central: https://repo.maven.apache.org/maven2/org/codehaus/plexus/plexus-container-default/1.0-alpha-9/plexus-container-default-1.0-alpha-9.pom (1.2 kB at 206 kB/s)
[c6f7f9df-d0ae-4114-ac92-669c0e8a9c09/build]   | [INFO] Downloading from central: https://repo.maven.apache.org/maven2/org/apache/maven/maven-plugin-api/2.0.9/maven-plugin-api-2.0.9.jar
[c6f7f9df-d0ae-4114-ac92-669c0e8a9c09/build]   | [INFO] Downloading from central: https://repo.maven.apache.org/maven2/org/apache/maven/surefire/surefire-booter/2.12.4/surefire-booter-2.12.4.jar
[c6f7f9df-d0ae-4114-ac92-669c0e8a9c09/build]   | [INFO] Downloading from central: https://repo.maven.apache.org/maven2/org/apache/maven/surefire/surefire-api/2.12.4/surefire-api-2.12.4.jar
[c6f7f9df-d0ae-4114-ac92-669c0e8a9c09/build]   | [INFO] Downloaded from central: https://repo.maven.apache.org/maven2/org/apache/maven/maven-plugin-api/2.0.9/maven-plugin-api-2.0.9.jar (13 kB at 859 kB/s)
[c6f7f9df-d0ae-4114-ac92-669c0e8a9c09/build]   | [INFO] Downloaded from central: https://repo.maven.apache.org/maven2/org/apache/maven/surefire/surefire-booter/2.12.4/surefire-booter-2.12.4.jar (35 kB at 2.2 MB/s)
[c6f7f9df-d0ae-4114-ac92-669c0e8a9c09/build]   | [INFO] Downloaded from central: https://repo.maven.apache.org/maven2/org/apache/maven/surefire/surefire-api/2.12.4/surefire-api-2.12.4.jar (118 kB at 5.6 MB/s)
[c6f7f9df-d0ae-4114-ac92-669c0e8a9c09/build]   | [INFO] Downloading from central: https://repo.maven.apache.org/maven2/org/apache/commons/commons-lang3/3.1/commons-lang3-3.1.jar
[c6f7f9df-d0ae-4114-ac92-669c0e8a9c09/build]   | [INFO] Downloading from central: https://repo.maven.apache.org/maven2/org/apache/maven/shared/maven-common-artifact-filters/1.3/maven-common-artifact-filters-1.3.jar
[c6f7f9df-d0ae-4114-ac92-669c0e8a9c09/build]   | [INFO] Downloading from central: https://repo.maven.apache.org/maven2/org/codehaus/plexus/plexus-utils/3.0.8/plexus-utils-3.0.8.jar
[c6f7f9df-d0ae-4114-ac92-669c0e8a9c09/build]   | [INFO] Downloading from central: https://repo.maven.apache.org/maven2/org/apache/maven/surefire/maven-surefire-common/2.12.4/maven-surefire-common-2.12.4.jar
[c6f7f9df-d0ae-4114-ac92-669c0e8a9c09/build]   | [INFO] Downloading from central: https://repo.maven.apache.org/maven2/org/apache/maven/maven-artifact/2.0.9/maven-artifact-2.0.9.jar
[c6f7f9df-d0ae-4114-ac92-669c0e8a9c09/build]   | [INFO] Downloaded from central: https://repo.maven.apache.org/maven2/org/apache/maven/shared/maven-common-artifact-filters/1.3/maven-common-artifact-filters-1.3.jar (31 kB at 1.8 MB/s)
[c6f7f9df-d0ae-4114-ac92-669c0e8a9c09/build]   | [INFO] Downloading from central: https://repo.maven.apache.org/maven2/org/apache/maven/maven-project/2.0.9/maven-project-2.0.9.jar
[c6f7f9df-d0ae-4114-ac92-669c0e8a9c09/build]   | [INFO] Downloaded from central: https://repo.maven.apache.org/maven2/org/apache/commons/commons-lang3/3.1/commons-lang3-3.1.jar (316 kB at 4.0 MB/s)
[c6f7f9df-d0ae-4114-ac92-669c0e8a9c09/build]   | [INFO] Downloading from central: https://repo.maven.apache.org/maven2/org/apache/maven/maven-settings/2.0.9/maven-settings-2.0.9.jar
[c6f7f9df-d0ae-4114-ac92-669c0e8a9c09/build]   | [INFO] Downloaded from central: https://repo.maven.apache.org/maven2/org/apache/maven/surefire/maven-surefire-common/2.12.4/maven-surefire-common-2.12.4.jar (263 kB at 3.0 MB/s)
[c6f7f9df-d0ae-4114-ac92-669c0e8a9c09/build]   | [INFO] Downloading from central: https://repo.maven.apache.org/maven2/org/apache/maven/maven-profile/2.0.9/maven-profile-2.0.9.jar
[c6f7f9df-d0ae-4114-ac92-669c0e8a9c09/build]   | [INFO] Downloaded from central: https://repo.maven.apache.org/maven2/org/apache/maven/maven-artifact/2.0.9/maven-artifact-2.0.9.jar (89 kB at 3.4 MB/s)
[c6f7f9df-d0ae-4114-ac92-669c0e8a9c09/build]   | [INFO] Downloading from central: https://repo.maven.apache.org/maven2/org/apache/maven/maven-model/2.0.9/maven-model-2.0.9.jar
[c6f7f9df-d0ae-4114-ac92-669c0e8a9c09/build]   | [INFO] Downloaded from central: https://repo.maven.apache.org/maven2/org/apache/maven/maven-profile/2.0.9/maven-profile-2.0.9.jar (35 kB at 1.3 MB/s)
[c6f7f9df-d0ae-4114-ac92-669c0e8a9c09/build]   | [INFO] Downloaded from central: https://repo.maven.apache.org/maven2/org/apache/maven/maven-settings/2.0.9/maven-settings-2.0.9.jar (49 kB at 1.8 MB/s)
[c6f7f9df-d0ae-4114-ac92-669c0e8a9c09/build]   | [INFO] Downloading from central: https://repo.maven.apache.org/maven2/org/apache/maven/maven-artifact-manager/2.0.9/maven-artifact-manager-2.0.9.jar
[c6f7f9df-d0ae-4114-ac92-669c0e8a9c09/build]   | [INFO] Downloading from central: https://repo.maven.apache.org/maven2/org/apache/maven/maven-plugin-registry/2.0.9/maven-plugin-registry-2.0.9.jar
[c6f7f9df-d0ae-4114-ac92-669c0e8a9c09/build]   | [INFO] Downloaded from central: https://repo.maven.apache.org/maven2/org/apache/maven/maven-project/2.0.9/maven-project-2.0.9.jar (122 kB at 4.1 MB/s)
[c6f7f9df-d0ae-4114-ac92-669c0e8a9c09/build]   | [INFO] Downloading from central: https://repo.maven.apache.org/maven2/org/apache/maven/maven-core/2.0.9/maven-core-2.0.9.jar
[c6f7f9df-d0ae-4114-ac92-669c0e8a9c09/build]   | [INFO] Downloaded from central: https://repo.maven.apache.org/maven2/org/codehaus/plexus/plexus-utils/3.0.8/plexus-utils-3.0.8.jar (232 kB at 6.8 MB/s)
[c6f7f9df-d0ae-4114-ac92-669c0e8a9c09/build]   | [INFO] Downloading from central: https://repo.maven.apache.org/maven2/org/apache/maven/maven-plugin-parameter-documenter/2.0.9/maven-plugin-parameter-documenter-2.0.9.jar
[c6f7f9df-d0ae-4114-ac92-669c0e8a9c09/build]   | [INFO] Downloaded from central: https://repo.maven.apache.org/maven2/org/apache/maven/maven-model/2.0.9/maven-model-2.0.9.jar (87 kB at 2.3 MB/s)
[c6f7f9df-d0ae-4114-ac92-669c0e8a9c09/build]   | [INFO] Downloading from central: https://repo.maven.apache.org/maven2/org/apache/maven/reporting/maven-reporting-api/2.0.9/maven-reporting-api-2.0.9.jar
[c6f7f9df-d0ae-4114-ac92-669c0e8a9c09/build]   | [INFO] Downloaded from central: https://repo.maven.apache.org/maven2/org/apache/maven/maven-plugin-registry/2.0.9/maven-plugin-registry-2.0.9.jar (29 kB at 765 kB/s)
[c6f7f9df-d0ae-4114-ac92-669c0e8a9c09/build]   | [INFO] Downloading from central: https://repo.maven.apache.org/maven2/org/apache/maven/maven-repository-metadata/2.0.9/maven-repository-metadata-2.0.9.jar
[c6f7f9df-d0ae-4114-ac92-669c0e8a9c09/build]   | [INFO] Downloaded from central: https://repo.maven.apache.org/maven2/org/apache/maven/maven-artifact-manager/2.0.9/maven-artifact-manager-2.0.9.jar (58 kB at 1.5 MB/s)
[c6f7f9df-d0ae-4114-ac92-669c0e8a9c09/build]   | [INFO] Downloading from central: https://repo.maven.apache.org/maven2/org/apache/maven/maven-error-diagnostics/2.0.9/maven-error-diagnostics-2.0.9.jar
[c6f7f9df-d0ae-4114-ac92-669c0e8a9c09/build]   | [INFO] Downloaded from central: https://repo.maven.apache.org/maven2/org/apache/maven/maven-core/2.0.9/maven-core-2.0.9.jar (160 kB at 3.6 MB/s)
[c6f7f9df-d0ae-4114-ac92-669c0e8a9c09/build]   | [INFO] Downloading from central: https://repo.maven.apache.org/maven2/org/apache/maven/maven-plugin-descriptor/2.0.9/maven-plugin-descriptor-2.0.9.jar
[c6f7f9df-d0ae-4114-ac92-669c0e8a9c09/build]   | [INFO] Downloaded from central: https://repo.maven.apache.org/maven2/org/apache/maven/maven-error-diagnostics/2.0.9/maven-error-diagnostics-2.0.9.jar (14 kB at 306 kB/s)
[c6f7f9df-d0ae-4114-ac92-669c0e8a9c09/build]   | [INFO] Downloading from central: https://repo.maven.apache.org/maven2/org/apache/maven/maven-monitor/2.0.9/maven-monitor-2.0.9.jar
[c6f7f9df-d0ae-4114-ac92-669c0e8a9c09/build]   | [INFO] Downloaded from central: https://repo.maven.apache.org/maven2/org/apache/maven/reporting/maven-reporting-api/2.0.9/maven-reporting-api-2.0.9.jar (10 kB at 207 kB/s)
[c6f7f9df-d0ae-4114-ac92-669c0e8a9c09/build]   | [INFO] Downloading from central: https://repo.maven.apache.org/maven2/org/apache/maven/maven-toolchain/2.0.9/maven-toolchain-2.0.9.jar
[c6f7f9df-d0ae-4114-ac92-669c0e8a9c09/build]   | [INFO] Downloaded from central: https://repo.maven.apache.org/maven2/org/apache/maven/maven-repository-metadata/2.0.9/maven-repository-metadata-2.0.9.jar (25 kB at 501 kB/s)
[c6f7f9df-d0ae-4114-ac92-669c0e8a9c09/build]   | [INFO] Downloading from central: https://repo.maven.apache.org/maven2/org/apache/maven/plugin-tools/maven-plugin-annotations/3.1/maven-plugin-annotations-3.1.jar
[c6f7f9df-d0ae-4114-ac92-669c0e8a9c09/build]   | [INFO] Downloaded from central: https://repo.maven.apache.org/maven2/org/apache/maven/maven-plugin-parameter-documenter/2.0.9/maven-plugin-parameter-documenter-2.0.9.jar (21 kB at 402 kB/s)
[c6f7f9df-d0ae-4114-ac92-669c0e8a9c09/build]   | [INFO] Downloaded from central: https://repo.maven.apache.org/maven2/org/apache/maven/maven-plugin-descriptor/2.0.9/maven-plugin-descriptor-2.0.9.jar (37 kB at 674 kB/s)
[c6f7f9df-d0ae-4114-ac92-669c0e8a9c09/build]   | [INFO] Downloaded from central: https://repo.maven.apache.org/maven2/org/apache/maven/maven-monitor/2.0.9/maven-monitor-2.0.9.jar (10 kB at 184 kB/s)
[c6f7f9df-d0ae-4114-ac92-669c0e8a9c09/build]   | [INFO] Downloaded from central: https://repo.maven.apache.org/maven2/org/apache/maven/maven-toolchain/2.0.9/maven-toolchain-2.0.9.jar (38 kB at 655 kB/s)
[c6f7f9df-d0ae-4114-ac92-669c0e8a9c09/build]   | [INFO] Downloaded from central: https://repo.maven.apache.org/maven2/org/apache/maven/plugin-tools/maven-plugin-annotations/3.1/maven-plugin-annotations-3.1.jar (14 kB at 242 kB/s)
[c6f7f9df-d0ae-4114-ac92-669c0e8a9c09/build]   | [INFO] Surefire report directory: /tmp/30b63549-b4c7-41d3-9ede-8266e13efa15/target/surefire-reports
[c6f7f9df-d0ae-4114-ac92-669c0e8a9c09/build]   | [INFO] Downloading from central: https://repo.maven.apache.org/maven2/org/apache/maven/surefire/surefire-junit4/2.12.4/surefire-junit4-2.12.4.pom
[c6f7f9df-d0ae-4114-ac92-669c0e8a9c09/build]   | [INFO] Downloaded from central: https://repo.maven.apache.org/maven2/org/apache/maven/surefire/surefire-junit4/2.12.4/surefire-junit4-2.12.4.pom (2.4 kB at 301 kB/s)
[c6f7f9df-d0ae-4114-ac92-669c0e8a9c09/build]   | [INFO] Downloading from central: https://repo.maven.apache.org/maven2/org/apache/maven/surefire/surefire-providers/2.12.4/surefire-providers-2.12.4.pom
[c6f7f9df-d0ae-4114-ac92-669c0e8a9c09/build]   | [INFO] Downloaded from central: https://repo.maven.apache.org/maven2/org/apache/maven/surefire/surefire-providers/2.12.4/surefire-providers-2.12.4.pom (2.3 kB at 391 kB/s)
[c6f7f9df-d0ae-4114-ac92-669c0e8a9c09/build]   | [INFO] Downloading from central: https://repo.maven.apache.org/maven2/org/apache/maven/surefire/surefire-junit4/2.12.4/surefire-junit4-2.12.4.jar
[c6f7f9df-d0ae-4114-ac92-669c0e8a9c09/build]   | [INFO] Downloaded from central: https://repo.maven.apache.org/maven2/org/apache/maven/surefire/surefire-junit4/2.12.4/surefire-junit4-2.12.4.jar (37 kB at 3.4 MB/s)
[c6f7f9df-d0ae-4114-ac92-669c0e8a9c09/build]   | 
[c6f7f9df-d0ae-4114-ac92-669c0e8a9c09/build]   | -------------------------------------------------------
[c6f7f9df-d0ae-4114-ac92-669c0e8a9c09/build]   |  T E S T S
[c6f7f9df-d0ae-4114-ac92-669c0e8a9c09/build]   | -------------------------------------------------------
[c6f7f9df-d0ae-4114-ac92-669c0e8a9c09/build]   | Running org.netpreserve.jwarc.HttpParserTest
[c6f7f9df-d0ae-4114-ac92-669c0e8a9c09/build]   | Tests run: 6, Failures: 0, Errors: 0, Skipped: 0, Time elapsed: 0.107 sec
[c6f7f9df-d0ae-4114-ac92-669c0e8a9c09/build]   | Running org.netpreserve.jwarc.GzipChannelTest
[c6f7f9df-d0ae-4114-ac92-669c0e8a9c09/build]   | Tests run: 4, Failures: 0, Errors: 0, Skipped: 0, Time elapsed: 0.015 sec
[c6f7f9df-d0ae-4114-ac92-669c0e8a9c09/build]   | Running org.netpreserve.jwarc.HttpRequestTest
[c6f7f9df-d0ae-4114-ac92-669c0e8a9c09/build]   | Tests run: 3, Failures: 0, Errors: 0, Skipped: 0, Time elapsed: 0.013 sec
[c6f7f9df-d0ae-4114-ac92-669c0e8a9c09/build]   | Running org.netpreserve.jwarc.WarcDigestTest
[c6f7f9df-d0ae-4114-ac92-669c0e8a9c09/build]   | Tests run: 10, Failures: 0, Errors: 0, Skipped: 0, Time elapsed: 0.073 sec
[c6f7f9df-d0ae-4114-ac92-669c0e8a9c09/build]   | Running org.netpreserve.jwarc.ChunkedBodyTest
[c6f7f9df-d0ae-4114-ac92-669c0e8a9c09/build]   | Tests run: 6, Failures: 0, Errors: 0, Skipped: 0, Time elapsed: 0.014 sec
[c6f7f9df-d0ae-4114-ac92-669c0e8a9c09/build]   | Running org.netpreserve.jwarc.GunzipChannelTest
[c6f7f9df-d0ae-4114-ac92-669c0e8a9c09/build]   | Tests run: 6, Failures: 0, Errors: 0, Skipped: 1, Time elapsed: 0.012 sec
[c6f7f9df-d0ae-4114-ac92-669c0e8a9c09/build]   | Running org.netpreserve.jwarc.WarcTargetRecordTest
[c6f7f9df-d0ae-4114-ac92-669c0e8a9c09/build]   | Tests run: 2, Failures: 0, Errors: 0, Skipped: 0, Time elapsed: 0.003 sec
[c6f7f9df-d0ae-4114-ac92-669c0e8a9c09/build]   | Running org.netpreserve.jwarc.HttpResponseTest
[c6f7f9df-d0ae-4114-ac92-669c0e8a9c09/build]   | Tests run: 2, Failures: 0, Errors: 0, Skipped: 0, Time elapsed: 0.008 sec
[c6f7f9df-d0ae-4114-ac92-669c0e8a9c09/build]   | Running org.netpreserve.jwarc.URIsTest
[c6f7f9df-d0ae-4114-ac92-669c0e8a9c09/build]   | Tests run: 1, Failures: 0, Errors: 0, Skipped: 0, Time elapsed: 0.002 sec
[c6f7f9df-d0ae-4114-ac92-669c0e8a9c09/build]   | Running org.netpreserve.jwarc.cdx.CdxFormatTest
[c6f7f9df-d0ae-4114-ac92-669c0e8a9c09/build]   | Tests run: 4, Failures: 0, Errors: 0, Skipped: 0, Time elapsed: 0.038 sec
[c6f7f9df-d0ae-4114-ac92-669c0e8a9c09/build]   | Running org.netpreserve.jwarc.cdx.JsonTokenizerTest
[c6f7f9df-d0ae-4114-ac92-669c0e8a9c09/build]   | Tests run: 1, Failures: 0, Errors: 0, Skipped: 0, Time elapsed: 0.003 sec
[c6f7f9df-d0ae-4114-ac92-669c0e8a9c09/build]   | Running org.netpreserve.jwarc.cdx.CdxWriterTest
[c6f7f9df-d0ae-4114-ac92-669c0e8a9c09/build]   | Tests run: 1, Failures: 0, Errors: 0, Skipped: 0, Time elapsed: 0.034 sec
[c6f7f9df-d0ae-4114-ac92-669c0e8a9c09/build]   | Running org.netpreserve.jwarc.cdx.CdxReaderTest
[c6f7f9df-d0ae-4114-ac92-669c0e8a9c09/build]   | Tests run: 1, Failures: 0, Errors: 0, Skipped: 0, Time elapsed: 0.004 sec
[c6f7f9df-d0ae-4114-ac92-669c0e8a9c09/build]   | Running org.netpreserve.jwarc.cdx.CdxRequestEncoderTest
[c6f7f9df-d0ae-4114-ac92-669c0e8a9c09/build]   | Tests run: 2, Failures: 0, Errors: 0, Skipped: 1, Time elapsed: 0.035 sec
[c6f7f9df-d0ae-4114-ac92-669c0e8a9c09/build]   | Running org.netpreserve.jwarc.MessageHeadersTest
[c6f7f9df-d0ae-4114-ac92-669c0e8a9c09/build]   | Tests run: 1, Failures: 0, Errors: 0, Skipped: 0, Time elapsed: 0.003 sec
[c6f7f9df-d0ae-4114-ac92-669c0e8a9c09/build]   | Running org.netpreserve.jwarc.LengthedBodyTest
[c6f7f9df-d0ae-4114-ac92-669c0e8a9c09/build]   | Tests run: 1, Failures: 0, Errors: 0, Skipped: 0, Time elapsed: 0.002 sec
[c6f7f9df-d0ae-4114-ac92-669c0e8a9c09/build]   | Running org.netpreserve.jwarc.WarcRecordTest
[c6f7f9df-d0ae-4114-ac92-669c0e8a9c09/build]   | Tests run: 2, Failures: 0, Errors: 0, Skipped: 0, Time elapsed: 0.013 sec
[c6f7f9df-d0ae-4114-ac92-669c0e8a9c09/build]   | Running org.netpreserve.jwarc.apitests.MediaTypeTest
[c6f7f9df-d0ae-4114-ac92-669c0e8a9c09/build]   | Tests run: 1, Failures: 0, Errors: 0, Skipped: 0, Time elapsed: 0.001 sec
[c6f7f9df-d0ae-4114-ac92-669c0e8a9c09/build]   | Running org.netpreserve.jwarc.apitests.MessageVersionTest
[c6f7f9df-d0ae-4114-ac92-669c0e8a9c09/build]   | Tests run: 1, Failures: 0, Errors: 0, Skipped: 0, Time elapsed: 0.002 sec
[c6f7f9df-d0ae-4114-ac92-669c0e8a9c09/build]   | Running org.netpreserve.jwarc.apitests.WarcReaderTest
[c6f7f9df-d0ae-4114-ac92-669c0e8a9c09/build]   | Failed testing pre-populated buffer of 4110 bytes length
[c6f7f9df-d0ae-4114-ac92-669c0e8a9c09/build]   | Tests run: 9, Failures: 0, Errors: 0, Skipped: 1, Time elapsed: 0.784 sec
[c6f7f9df-d0ae-4114-ac92-669c0e8a9c09/build]   | Running org.netpreserve.jwarc.apitests.WarcinfoTest
[c6f7f9df-d0ae-4114-ac92-669c0e8a9c09/build]   | Tests run: 2, Failures: 0, Errors: 0, Skipped: 0, Time elapsed: 0.004 sec
[c6f7f9df-d0ae-4114-ac92-669c0e8a9c09/build]   | Running org.netpreserve.jwarc.apitests.WarcConversionTest
[c6f7f9df-d0ae-4114-ac92-669c0e8a9c09/build]   | Tests run: 2, Failures: 0, Errors: 0, Skipped: 0, Time elapsed: 0.005 sec
[c6f7f9df-d0ae-4114-ac92-669c0e8a9c09/build]   | Running org.netpreserve.jwarc.apitests.ArcTest
[c6f7f9df-d0ae-4114-ac92-669c0e8a9c09/build]   | Tests run: 1, Failures: 0, Errors: 0, Skipped: 0, Time elapsed: 0.009 sec
[c6f7f9df-d0ae-4114-ac92-669c0e8a9c09/build]   | Running org.netpreserve.jwarc.apitests.WarcResourceTest
[c6f7f9df-d0ae-4114-ac92-669c0e8a9c09/build]   | Tests run: 1, Failures: 0, Errors: 0, Skipped: 0, Time elapsed: 0 sec
[c6f7f9df-d0ae-4114-ac92-669c0e8a9c09/build]   | Running org.netpreserve.jwarc.apitests.WarcRevisitTest
[c6f7f9df-d0ae-4114-ac92-669c0e8a9c09/build]   | Tests run: 3, Failures: 0, Errors: 0, Skipped: 0, Time elapsed: 0.005 sec
[c6f7f9df-d0ae-4114-ac92-669c0e8a9c09/build]   | Running org.netpreserve.jwarc.apitests.WarcFilterTest
[c6f7f9df-d0ae-4114-ac92-669c0e8a9c09/build]   | Tests run: 1, Failures: 0, Errors: 0, Skipped: 0, Time elapsed: 0.012 sec
[c6f7f9df-d0ae-4114-ac92-669c0e8a9c09/build]   | Running org.netpreserve.jwarc.apitests.WarcResponseTest
[c6f7f9df-d0ae-4114-ac92-669c0e8a9c09/build]   | Tests run: 6, Failures: 0, Errors: 0, Skipped: 0, Time elapsed: 0.009 sec
[c6f7f9df-d0ae-4114-ac92-669c0e8a9c09/build]   | Running org.netpreserve.jwarc.apitests.WarcWriterTest
[c6f7f9df-d0ae-4114-ac92-669c0e8a9c09/build]   | Tests run: 2, Failures: 0, Errors: 0, Skipped: 0, Time elapsed: 0.165 sec
[c6f7f9df-d0ae-4114-ac92-669c0e8a9c09/build]   | Running org.netpreserve.jwarc.apitests.WarcRequestTest
[c6f7f9df-d0ae-4114-ac92-669c0e8a9c09/build]   | Tests run: 4, Failures: 0, Errors: 0, Skipped: 0, Time elapsed: 0.003 sec
[c6f7f9df-d0ae-4114-ac92-669c0e8a9c09/build]   | Running org.netpreserve.jwarc.apitests.WarcMetadataTest
[c6f7f9df-d0ae-4114-ac92-669c0e8a9c09/build]   | Tests run: 2, Failures: 0, Errors: 0, Skipped: 0, Time elapsed: 0.005 sec
[c6f7f9df-d0ae-4114-ac92-669c0e8a9c09/build]   | Running org.netpreserve.jwarc.apitests.WarcContinuationTest
[c6f7f9df-d0ae-4114-ac92-669c0e8a9c09/build]   | Tests run: 2, Failures: 0, Errors: 0, Skipped: 0, Time elapsed: 0.006 sec
[c6f7f9df-d0ae-4114-ac92-669c0e8a9c09/build]   | Running org.netpreserve.jwarc.WarcParserTest
[c6f7f9df-d0ae-4114-ac92-669c0e8a9c09/build]   | Tests run: 2, Failures: 1, Errors: 0, Skipped: 0, Time elapsed: 0.003 sec <<< FAILURE!
[c6f7f9df-d0ae-4114-ac92-669c0e8a9c09/build]   | testParsingArcWithCorruptDates(org.netpreserve.jwarc.WarcParserTest)  Time elapsed: 0.003 sec  <<< FAILURE!
[c6f7f9df-d0ae-4114-ac92-669c0e8a9c09/build]   | java.lang.AssertionError
[c6f7f9df-d0ae-4114-ac92-669c0e8a9c09/build]   | 	at org.junit.Assert.fail(Assert.java:87)
[c6f7f9df-d0ae-4114-ac92-669c0e8a9c09/build]   | 	at org.junit.Assert.assertTrue(Assert.java:42)
[c6f7f9df-d0ae-4114-ac92-669c0e8a9c09/build]   | 	at org.junit.Assert.assertFalse(Assert.java:65)
[c6f7f9df-d0ae-4114-ac92-669c0e8a9c09/build]   | 	at org.junit.Assert.assertFalse(Assert.java:75)
[c6f7f9df-d0ae-4114-ac92-669c0e8a9c09/build]   | 	at org.netpreserve.jwarc.WarcParserTest.parse(WarcParserTest.java:37)
[c6f7f9df-d0ae-4114-ac92-669c0e8a9c09/build]   | 	at org.netpreserve.jwarc.WarcParserTest.testParsingArcWithCorruptDates(WarcParserTest.java:26)
[c6f7f9df-d0ae-4114-ac92-669c0e8a9c09/build]   | 	at java.base/jdk.internal.reflect.NativeMethodAccessorImpl.invoke0(Native Method)
[c6f7f9df-d0ae-4114-ac92-669c0e8a9c09/build]   | 	at java.base/jdk.internal.reflect.NativeMethodAccessorImpl.invoke(NativeMethodAccessorImpl.java:62)
[c6f7f9df-d0ae-4114-ac92-669c0e8a9c09/build]   | 	at java.base/jdk.internal.reflect.DelegatingMethodAccessorImpl.invoke(DelegatingMethodAccessorImpl.java:43)
[c6f7f9df-d0ae-4114-ac92-669c0e8a9c09/build]   | 	at java.base/java.lang.reflect.Method.invoke(Method.java:566)
[c6f7f9df-d0ae-4114-ac92-669c0e8a9c09/build]   | 	at org.junit.runners.model.FrameworkMethod$1.runReflectiveCall(FrameworkMethod.java:59)
[c6f7f9df-d0ae-4114-ac92-669c0e8a9c09/build]   | 	at org.junit.internal.runners.model.ReflectiveCallable.run(ReflectiveCallable.java:12)
[c6f7f9df-d0ae-4114-ac92-669c0e8a9c09/build]   | 	at org.junit.runners.model.FrameworkMethod.invokeExplosively(FrameworkMethod.java:56)
[c6f7f9df-d0ae-4114-ac92-669c0e8a9c09/build]   | 	at org.junit.internal.runners.statements.InvokeMethod.evaluate(InvokeMethod.java:17)
[c6f7f9df-d0ae-4114-ac92-669c0e8a9c09/build]   | 	at org.junit.runners.ParentRunner$3.evaluate(ParentRunner.java:306)
[c6f7f9df-d0ae-4114-ac92-669c0e8a9c09/build]   | 	at org.junit.runners.BlockJUnit4ClassRunner$1.evaluate(BlockJUnit4ClassRunner.java:100)
[c6f7f9df-d0ae-4114-ac92-669c0e8a9c09/build]   | 	at org.junit.runners.ParentRunner.runLeaf(ParentRunner.java:366)
[c6f7f9df-d0ae-4114-ac92-669c0e8a9c09/build]   | 	at org.junit.runners.BlockJUnit4ClassRunner.runChild(BlockJUnit4ClassRunner.java:103)
[c6f7f9df-d0ae-4114-ac92-669c0e8a9c09/build]   | 	at org.junit.runners.BlockJUnit4ClassRunner.runChild(BlockJUnit4ClassRunner.java:63)
[c6f7f9df-d0ae-4114-ac92-669c0e8a9c09/build]   | 	at org.junit.runners.ParentRunner$4.run(ParentRunner.java:331)
[c6f7f9df-d0ae-4114-ac92-669c0e8a9c09/build]   | 	at org.junit.runners.ParentRunner$1.schedule(ParentRunner.java:79)
[c6f7f9df-d0ae-4114-ac92-669c0e8a9c09/build]   | 	at org.junit.runners.ParentRunner.runChildren(ParentRunner.java:329)
[c6f7f9df-d0ae-4114-ac92-669c0e8a9c09/build]   | 	at org.junit.runners.ParentRunner.access$100(ParentRunner.java:66)
[c6f7f9df-d0ae-4114-ac92-669c0e8a9c09/build]   | 	at org.junit.runners.ParentRunner$2.evaluate(ParentRunner.java:293)
[c6f7f9df-d0ae-4114-ac92-669c0e8a9c09/build]   | 	at org.junit.runners.ParentRunner$3.evaluate(ParentRunner.java:306)
[c6f7f9df-d0ae-4114-ac92-669c0e8a9c09/build]   | 	at org.junit.runners.ParentRunner.run(ParentRunner.java:413)
[c6f7f9df-d0ae-4114-ac92-669c0e8a9c09/build]   | 	at org.apache.maven.surefire.junit4.JUnit4Provider.execute(JUnit4Provider.java:252)
[c6f7f9df-d0ae-4114-ac92-669c0e8a9c09/build]   | 	at org.apache.maven.surefire.junit4.JUnit4Provider.executeTestSet(JUnit4Provider.java:141)
[c6f7f9df-d0ae-4114-ac92-669c0e8a9c09/build]   | 	at org.apache.maven.surefire.junit4.JUnit4Provider.invoke(JUnit4Provider.java:112)
[c6f7f9df-d0ae-4114-ac92-669c0e8a9c09/build]   | 	at java.base/jdk.internal.reflect.NativeMethodAccessorImpl.invoke0(Native Method)
[c6f7f9df-d0ae-4114-ac92-669c0e8a9c09/build]   | 	at java.base/jdk.internal.reflect.NativeMethodAccessorImpl.invoke(NativeMethodAccessorImpl.java:62)
[c6f7f9df-d0ae-4114-ac92-669c0e8a9c09/build]   | 	at java.base/jdk.internal.reflect.DelegatingMethodAccessorImpl.invoke(DelegatingMethodAccessorImpl.java:43)
[c6f7f9df-d0ae-4114-ac92-669c0e8a9c09/build]   | 	at java.base/java.lang.reflect.Method.invoke(Method.java:566)
[c6f7f9df-d0ae-4114-ac92-669c0e8a9c09/build]   | 	at org.apache.maven.surefire.util.ReflectionUtils.invokeMethodWithArray(ReflectionUtils.java:189)
[c6f7f9df-d0ae-4114-ac92-669c0e8a9c09/build]   | 	at org.apache.maven.surefire.booter.ProviderFactory$ProviderProxy.invoke(ProviderFactory.java:165)
[c6f7f9df-d0ae-4114-ac92-669c0e8a9c09/build]   | 	at org.apache.maven.surefire.booter.ProviderFactory.invokeProvider(ProviderFactory.java:85)
[c6f7f9df-d0ae-4114-ac92-669c0e8a9c09/build]   | 	at org.apache.maven.surefire.booter.ForkedBooter.runSuitesInProcess(ForkedBooter.java:115)
[c6f7f9df-d0ae-4114-ac92-669c0e8a9c09/build]   | 	at org.apache.maven.surefire.booter.ForkedBooter.main(ForkedBooter.java:75)
[c6f7f9df-d0ae-4114-ac92-669c0e8a9c09/build]   | 
[c6f7f9df-d0ae-4114-ac92-669c0e8a9c09/build]   | Running org.netpreserve.jwarc.net.WarcServerTest
[c6f7f9df-d0ae-4114-ac92-669c0e8a9c09/build]   | Tests run: 1, Failures: 0, Errors: 0, Skipped: 0, Time elapsed: 0.077 sec
[c6f7f9df-d0ae-4114-ac92-669c0e8a9c09/build]   | 
[c6f7f9df-d0ae-4114-ac92-669c0e8a9c09/build]   | Results :
[c6f7f9df-d0ae-4114-ac92-669c0e8a9c09/build]   | 
[c6f7f9df-d0ae-4114-ac92-669c0e8a9c09/build]   | Failed tests:   testParsingArcWithCorruptDates(org.netpreserve.jwarc.WarcParserTest)
[c6f7f9df-d0ae-4114-ac92-669c0e8a9c09/build]   | 
[c6f7f9df-d0ae-4114-ac92-669c0e8a9c09/build]   | Tests run: 93, Failures: 1, Errors: 0, Skipped: 3
[c6f7f9df-d0ae-4114-ac92-669c0e8a9c09/build]   | 
[c6f7f9df-d0ae-4114-ac92-669c0e8a9c09/build]   | [INFO] ------------------------------------------------------------------------
[c6f7f9df-d0ae-4114-ac92-669c0e8a9c09/build]   | [INFO] BUILD FAILURE
[c6f7f9df-d0ae-4114-ac92-669c0e8a9c09/build]   | [INFO] ------------------------------------------------------------------------
[c6f7f9df-d0ae-4114-ac92-669c0e8a9c09/build]   | [INFO] Total time:  11.089 s
[c6f7f9df-d0ae-4114-ac92-669c0e8a9c09/build]   | [INFO] Finished at: 2023-11-24T14:00:10Z
[c6f7f9df-d0ae-4114-ac92-669c0e8a9c09/build]   | [INFO] ------------------------------------------------------------------------
[c6f7f9df-d0ae-4114-ac92-669c0e8a9c09/build]   | [ERROR] Failed to execute goal org.apache.maven.plugins:maven-surefire-plugin:2.12.4:test (default-test) on project jwarc: There are test failures.
[c6f7f9df-d0ae-4114-ac92-669c0e8a9c09/build]   | [ERROR] 
[c6f7f9df-d0ae-4114-ac92-669c0e8a9c09/build]   | [ERROR] Please refer to /tmp/30b63549-b4c7-41d3-9ede-8266e13efa15/target/surefire-reports for the individual test results.
[c6f7f9df-d0ae-4114-ac92-669c0e8a9c09/build]   | [ERROR] -> [Help 1]
[c6f7f9df-d0ae-4114-ac92-669c0e8a9c09/build]   | [ERROR] 
[c6f7f9df-d0ae-4114-ac92-669c0e8a9c09/build]   | [ERROR] To see the full stack trace of the errors, re-run Maven with the -e switch.
[c6f7f9df-d0ae-4114-ac92-669c0e8a9c09/build]   | [ERROR] Re-run Maven using the -X switch to enable full debug logging.
[c6f7f9df-d0ae-4114-ac92-669c0e8a9c09/build]   | [ERROR] 
[c6f7f9df-d0ae-4114-ac92-669c0e8a9c09/build]   | [ERROR] For more information about the errors and possible solutions, please read the following articles:
[c6f7f9df-d0ae-4114-ac92-669c0e8a9c09/build]   | [ERROR] [Help 1] http://cwiki.apache.org/confluence/display/MAVEN/MojoFailureException
[c6f7f9df-d0ae-4114-ac92-669c0e8a9c09/build]   ‚ùå  Failure - Main Build with Maven
[c6f7f9df-d0ae-4114-ac92-669c0e8a9c09/build] exitcode '1': failure
[c6f7f9df-d0ae-4114-ac92-669c0e8a9c09/build] unable to get git ref: failed to identify reference (tag/branch) for the checked-out revision 'eb28cfa8e5cff83c249b830d468458bd6f369036'
[c6f7f9df-d0ae-4114-ac92-669c0e8a9c09/build] unable to get git ref: failed to identify reference (tag/branch) for the checked-out revision 'eb28cfa8e5cff83c249b830d468458bd6f369036'
[c6f7f9df-d0ae-4114-ac92-669c0e8a9c09/build] unable to get git ref: failed to identify reference (tag/branch) for the checked-out revision 'eb28cfa8e5cff83c249b830d468458bd6f369036'
[c6f7f9df-d0ae-4114-ac92-669c0e8a9c09/build] unable to get git ref: failed to identify reference (tag/branch) for the checked-out revision 'eb28cfa8e5cff83c249b830d468458bd6f369036'
[c6f7f9df-d0ae-4114-ac92-669c0e8a9c09/build] unable to get git ref: failed to identify reference (tag/branch) for the checked-out revision 'eb28cfa8e5cff83c249b830d468458bd6f369036'
[c6f7f9df-d0ae-4114-ac92-669c0e8a9c09/build] ‚≠ê Run Post Set up JDK 11
[c6f7f9df-d0ae-4114-ac92-669c0e8a9c09/build]   üê≥  docker exec cmd=[node /var/run/act/actions/actions-setup-java@v2/dist/cleanup/index.js] user= workdir=
[c6f7f9df-d0ae-4114-ac92-669c0e8a9c09/build]   ‚úÖ  Success - Post Set up JDK 11
[c6f7f9df-d0ae-4114-ac92-669c0e8a9c09/build] üèÅ  Job failed
[c6f7f9df-d0ae-4114-ac92-669c0e8a9c09/build] unable to get git ref: failed to identify reference (tag/branch) for the checked-out revision 'eb28cfa8e5cff83c249b830d468458bd6f369036'
