[bc08a5fa-13b7-457f-8b99-b922976e02ed/Java 1.8 NoCommons] üöÄ  Start image=crawlergpt:latest
[bc08a5fa-13b7-457f-8b99-b922976e02ed/Java 1.8 NoCommons]   üê≥  docker pull image=crawlergpt:latest platform= username= forcePull=false
[bc08a5fa-13b7-457f-8b99-b922976e02ed/Java 1.8 NoCommons]   üê≥  docker create image=crawlergpt:latest platform= entrypoint=["tail" "-f" "/dev/null"] cmd=[]
[bc08a5fa-13b7-457f-8b99-b922976e02ed/Java 1.8 NoCommons]   üê≥  docker run image=crawlergpt:latest platform= entrypoint=["tail" "-f" "/dev/null"] cmd=[]
[bc08a5fa-13b7-457f-8b99-b922976e02ed/Java 1.8 NoCommons]   üê≥  docker exec cmd=[chown -R 1012:1013 /tmp/b17a9e08-febf-4c1f-8829-beb0877db846] user=0 workdir=
[bc08a5fa-13b7-457f-8b99-b922976e02ed/Java 1.8 NoCommons] unable to get git ref: failed to identify reference (tag/branch) for the checked-out revision '658a872e9cf2380354093022238a441eb42ffc74'
[bc08a5fa-13b7-457f-8b99-b922976e02ed/Java 1.8 NoCommons] unable to get git ref: failed to identify reference (tag/branch) for the checked-out revision '658a872e9cf2380354093022238a441eb42ffc74'
[bc08a5fa-13b7-457f-8b99-b922976e02ed/Java 1.8 NoCommons] unable to get git ref: failed to identify reference (tag/branch) for the checked-out revision '658a872e9cf2380354093022238a441eb42ffc74'
[bc08a5fa-13b7-457f-8b99-b922976e02ed/Java 1.8 NoCommons] üß™  Matrix: map[java:1.8]
[bc08a5fa-13b7-457f-8b99-b922976e02ed/Java 1.8 NoCommons] unable to get git ref: failed to identify reference (tag/branch) for the checked-out revision '658a872e9cf2380354093022238a441eb42ffc74'
[bc08a5fa-13b7-457f-8b99-b922976e02ed/Java 1.8 NoCommons] unable to get git ref: failed to identify reference (tag/branch) for the checked-out revision '658a872e9cf2380354093022238a441eb42ffc74'
[bc08a5fa-13b7-457f-8b99-b922976e02ed/Java 1.8 NoCommons] unable to get git ref: failed to identify reference (tag/branch) for the checked-out revision '658a872e9cf2380354093022238a441eb42ffc74'
[bc08a5fa-13b7-457f-8b99-b922976e02ed/Java 1.8 NoCommons] unable to get git ref: failed to identify reference (tag/branch) for the checked-out revision '658a872e9cf2380354093022238a441eb42ffc74'
[bc08a5fa-13b7-457f-8b99-b922976e02ed/Java 1.8 NoCommons] unable to get git ref: failed to identify reference (tag/branch) for the checked-out revision '658a872e9cf2380354093022238a441eb42ffc74'
[bc08a5fa-13b7-457f-8b99-b922976e02ed/Java 1.8 NoCommons] unable to get git ref: failed to identify reference (tag/branch) for the checked-out revision '658a872e9cf2380354093022238a441eb42ffc74'
[bc08a5fa-13b7-457f-8b99-b922976e02ed/Java 1.8 NoCommons] ‚≠ê Run Main actions/checkout@v1
[bc08a5fa-13b7-457f-8b99-b922976e02ed/Java 1.8 NoCommons] unable to get git ref: failed to identify reference (tag/branch) for the checked-out revision '658a872e9cf2380354093022238a441eb42ffc74'
[bc08a5fa-13b7-457f-8b99-b922976e02ed/Java 1.8 NoCommons]   ‚úÖ  Success - Main actions/checkout@v1
[bc08a5fa-13b7-457f-8b99-b922976e02ed/Java 1.8 NoCommons] unable to get git ref: failed to identify reference (tag/branch) for the checked-out revision '658a872e9cf2380354093022238a441eb42ffc74'
[bc08a5fa-13b7-457f-8b99-b922976e02ed/Java 1.8 NoCommons] unable to get git ref: failed to identify reference (tag/branch) for the checked-out revision '658a872e9cf2380354093022238a441eb42ffc74'
[bc08a5fa-13b7-457f-8b99-b922976e02ed/Java 1.8 NoCommons] unable to get git ref: failed to identify reference (tag/branch) for the checked-out revision '658a872e9cf2380354093022238a441eb42ffc74'
[bc08a5fa-13b7-457f-8b99-b922976e02ed/Java 1.8 NoCommons] unable to get git ref: failed to identify reference (tag/branch) for the checked-out revision '658a872e9cf2380354093022238a441eb42ffc74'
[bc08a5fa-13b7-457f-8b99-b922976e02ed/Java 1.8 NoCommons] unable to get git ref: failed to identify reference (tag/branch) for the checked-out revision '658a872e9cf2380354093022238a441eb42ffc74'
[bc08a5fa-13b7-457f-8b99-b922976e02ed/Java 1.8 NoCommons] ‚≠ê Run Main Set up java
[bc08a5fa-13b7-457f-8b99-b922976e02ed/Java 1.8 NoCommons] unable to get git ref: failed to identify reference (tag/branch) for the checked-out revision '658a872e9cf2380354093022238a441eb42ffc74'
[bc08a5fa-13b7-457f-8b99-b922976e02ed/Java 1.8 NoCommons] unable to get git ref: failed to identify reference (tag/branch) for the checked-out revision '658a872e9cf2380354093022238a441eb42ffc74'
[bc08a5fa-13b7-457f-8b99-b922976e02ed/Java 1.8 NoCommons] unable to get git ref: failed to identify reference (tag/branch) for the checked-out revision '658a872e9cf2380354093022238a441eb42ffc74'
[bc08a5fa-13b7-457f-8b99-b922976e02ed/Java 1.8 NoCommons]   üê≥  docker cp src=/tmp/act-cache/d39018bd-9970-40bd-9b3b-c87463d1d468/act/actions-setup-java@v1/ dst=/var/run/act/actions/actions-setup-java@v1/
[bc08a5fa-13b7-457f-8b99-b922976e02ed/Java 1.8 NoCommons]   üê≥  docker exec cmd=[chown -R 1012:1013 /var/run/act/actions/actions-setup-java@v1/] user=0 workdir=
[bc08a5fa-13b7-457f-8b99-b922976e02ed/Java 1.8 NoCommons]   üê≥  docker exec cmd=[node /var/run/act/actions/actions-setup-java@v1/dist/setup/index.js] user= workdir=
[bc08a5fa-13b7-457f-8b99-b922976e02ed/Java 1.8 NoCommons]   üí¨  ::debug::isExplicit: 
[bc08a5fa-13b7-457f-8b99-b922976e02ed/Java 1.8 NoCommons]   üí¨  ::debug::explicit? false
[bc08a5fa-13b7-457f-8b99-b922976e02ed/Java 1.8 NoCommons]   üí¨  ::debug::evaluating 0 versions
[bc08a5fa-13b7-457f-8b99-b922976e02ed/Java 1.8 NoCommons]   üí¨  ::debug::match not found
[bc08a5fa-13b7-457f-8b99-b922976e02ed/Java 1.8 NoCommons]   üí¨  ::debug::Downloading JDK from Azul
[bc08a5fa-13b7-457f-8b99-b922976e02ed/Java 1.8 NoCommons]   üí¨  ::debug::Searching for files with extension: -linux_x64.tar.gz
[bc08a5fa-13b7-457f-8b99-b922976e02ed/Java 1.8 NoCommons]   üí¨  ::debug::Downloading https://static.azul.com/zulu/bin/zulu8.70.0.23-ca-jdk8.0.372-linux_x64.tar.gz
[bc08a5fa-13b7-457f-8b99-b922976e02ed/Java 1.8 NoCommons]   üí¨  ::debug::Downloading /tmp/9bc36a49-c9bf-47c7-bddc-7305f09a1584
[bc08a5fa-13b7-457f-8b99-b922976e02ed/Java 1.8 NoCommons]   üí¨  ::debug::download complete
[bc08a5fa-13b7-457f-8b99-b922976e02ed/Java 1.8 NoCommons]   | [command]/usr/bin/tar --version
[bc08a5fa-13b7-457f-8b99-b922976e02ed/Java 1.8 NoCommons]   | tar (GNU tar) 1.30
[bc08a5fa-13b7-457f-8b99-b922976e02ed/Java 1.8 NoCommons]   | Copyright (C) 2017 Free Software Foundation, Inc.
[bc08a5fa-13b7-457f-8b99-b922976e02ed/Java 1.8 NoCommons]   | License GPLv3+: GNU GPL version 3 or later <https://gnu.org/licenses/gpl.html>.
[bc08a5fa-13b7-457f-8b99-b922976e02ed/Java 1.8 NoCommons]   | This is free software: you are free to change and redistribute it.
[bc08a5fa-13b7-457f-8b99-b922976e02ed/Java 1.8 NoCommons]   | There is NO WARRANTY, to the extent permitted by law.
[bc08a5fa-13b7-457f-8b99-b922976e02ed/Java 1.8 NoCommons]   | 
[bc08a5fa-13b7-457f-8b99-b922976e02ed/Java 1.8 NoCommons]   | Written by John Gilmore and Jay Fenlason.
[bc08a5fa-13b7-457f-8b99-b922976e02ed/Java 1.8 NoCommons]   | [command]/usr/bin/tar xz --warning=no-unknown-keyword -C /tmp/temp_1746341662 -f /tmp/9bc36a49-c9bf-47c7-bddc-7305f09a1584
[bc08a5fa-13b7-457f-8b99-b922976e02ed/Java 1.8 NoCommons]   üí¨  ::debug::jdk extracted to /tmp/temp_1746341662/zulu8.70.0.23-ca-jdk8.0.372-linux_x64
[bc08a5fa-13b7-457f-8b99-b922976e02ed/Java 1.8 NoCommons]   üí¨  ::debug::Caching tool jdk 8.0.372 x64
[bc08a5fa-13b7-457f-8b99-b922976e02ed/Java 1.8 NoCommons]   üí¨  ::debug::source dir: /tmp/temp_1746341662/zulu8.70.0.23-ca-jdk8.0.372-linux_x64
[bc08a5fa-13b7-457f-8b99-b922976e02ed/Java 1.8 NoCommons]   üí¨  ::debug::destination /opt/hostedtoolcache/jdk/8.0.372/x64
[bc08a5fa-13b7-457f-8b99-b922976e02ed/Java 1.8 NoCommons]   üí¨  ::debug::finished caching tool
[bc08a5fa-13b7-457f-8b99-b922976e02ed/Java 1.8 NoCommons]   ‚ùì add-matcher /run/act/actions/actions-setup-java@v1/.github/java.json
[bc08a5fa-13b7-457f-8b99-b922976e02ed/Java 1.8 NoCommons]   | creating settings.xml with server-id: github; environment variables: username=$GITHUB_ACTOR, password=$GITHUB_TOKEN, and gpg-passphrase=null
[bc08a5fa-13b7-457f-8b99-b922976e02ed/Java 1.8 NoCommons]   üí¨  ::debug::created directory /home/runneradmin/.m2
[bc08a5fa-13b7-457f-8b99-b922976e02ed/Java 1.8 NoCommons]   | writing /home/runneradmin/.m2/settings.xml
[bc08a5fa-13b7-457f-8b99-b922976e02ed/Java 1.8 NoCommons]   ‚úÖ  Success - Main Set up java
[bc08a5fa-13b7-457f-8b99-b922976e02ed/Java 1.8 NoCommons]   ‚öô  ::set-env:: JAVA_HOME_8.0.372_x64=/opt/hostedtoolcache/jdk/8.0.372/x64
[bc08a5fa-13b7-457f-8b99-b922976e02ed/Java 1.8 NoCommons]   ‚öô  ::set-env:: JAVA_HOME=/opt/hostedtoolcache/jdk/8.0.372/x64
[bc08a5fa-13b7-457f-8b99-b922976e02ed/Java 1.8 NoCommons]   ‚öô  ::set-env:: JAVA_HOME_8_0_372_X64=/opt/hostedtoolcache/jdk/8.0.372/x64
[bc08a5fa-13b7-457f-8b99-b922976e02ed/Java 1.8 NoCommons]   ‚öô  ::set-output:: path=/opt/hostedtoolcache/jdk/8.0.372/x64
[bc08a5fa-13b7-457f-8b99-b922976e02ed/Java 1.8 NoCommons]   ‚öô  ::set-output:: version=8.0.372
[bc08a5fa-13b7-457f-8b99-b922976e02ed/Java 1.8 NoCommons]   ‚öô  ::add-path:: /opt/hostedtoolcache/jdk/8.0.372/x64/bin
[bc08a5fa-13b7-457f-8b99-b922976e02ed/Java 1.8 NoCommons] unable to get git ref: failed to identify reference (tag/branch) for the checked-out revision '658a872e9cf2380354093022238a441eb42ffc74'
[bc08a5fa-13b7-457f-8b99-b922976e02ed/Java 1.8 NoCommons] unable to get git ref: failed to identify reference (tag/branch) for the checked-out revision '658a872e9cf2380354093022238a441eb42ffc74'
[bc08a5fa-13b7-457f-8b99-b922976e02ed/Java 1.8 NoCommons] unable to get git ref: failed to identify reference (tag/branch) for the checked-out revision '658a872e9cf2380354093022238a441eb42ffc74'
[bc08a5fa-13b7-457f-8b99-b922976e02ed/Java 1.8 NoCommons] unable to get git ref: failed to identify reference (tag/branch) for the checked-out revision '658a872e9cf2380354093022238a441eb42ffc74'
[bc08a5fa-13b7-457f-8b99-b922976e02ed/Java 1.8 NoCommons] unable to get git ref: failed to identify reference (tag/branch) for the checked-out revision '658a872e9cf2380354093022238a441eb42ffc74'
[bc08a5fa-13b7-457f-8b99-b922976e02ed/Java 1.8 NoCommons] ‚≠ê Run Main Build with Maven
[bc08a5fa-13b7-457f-8b99-b922976e02ed/Java 1.8 NoCommons] unable to get git ref: failed to identify reference (tag/branch) for the checked-out revision '658a872e9cf2380354093022238a441eb42ffc74'
[bc08a5fa-13b7-457f-8b99-b922976e02ed/Java 1.8 NoCommons] unable to get git ref: failed to identify reference (tag/branch) for the checked-out revision '658a872e9cf2380354093022238a441eb42ffc74'
[bc08a5fa-13b7-457f-8b99-b922976e02ed/Java 1.8 NoCommons] unable to get git ref: failed to identify reference (tag/branch) for the checked-out revision '658a872e9cf2380354093022238a441eb42ffc74'
[bc08a5fa-13b7-457f-8b99-b922976e02ed/Java 1.8 NoCommons] unable to get git ref: failed to identify reference (tag/branch) for the checked-out revision '658a872e9cf2380354093022238a441eb42ffc74'
[bc08a5fa-13b7-457f-8b99-b922976e02ed/Java 1.8 NoCommons]   üê≥  docker exec cmd=[bash --noprofile --norc -e -o pipefail /var/run/act/workflow/2] user= workdir=
[bc08a5fa-13b7-457f-8b99-b922976e02ed/Java 1.8 NoCommons]   | [INFO] Scanning for projects...
[bc08a5fa-13b7-457f-8b99-b922976e02ed/Java 1.8 NoCommons]   | [INFO] Downloading from central: https://repo.maven.apache.org/maven2/org/sonatype/oss/oss-parent/7/oss-parent-7.pom
[bc08a5fa-13b7-457f-8b99-b922976e02ed/Java 1.8 NoCommons]   | [INFO] Downloaded from central: https://repo.maven.apache.org/maven2/org/sonatype/oss/oss-parent/7/oss-parent-7.pom (4.8 kB at 3.5 kB/s)
[bc08a5fa-13b7-457f-8b99-b922976e02ed/Java 1.8 NoCommons]   | [WARNING] 
[bc08a5fa-13b7-457f-8b99-b922976e02ed/Java 1.8 NoCommons]   | [WARNING] Some problems were encountered while building the effective model for no.bekk.bekkopen:nocommons:jar:0.6-SNAPSHOT
[bc08a5fa-13b7-457f-8b99-b922976e02ed/Java 1.8 NoCommons]   | [WARNING] Reporting configuration should be done in <reporting> section, not in maven-site-plugin <configuration> as reportPlugins parameter. @ line 143, column 21
[bc08a5fa-13b7-457f-8b99-b922976e02ed/Java 1.8 NoCommons]   | [WARNING] 
[bc08a5fa-13b7-457f-8b99-b922976e02ed/Java 1.8 NoCommons]   | [WARNING] It is highly recommended to fix these problems because they threaten the stability of your build.
[bc08a5fa-13b7-457f-8b99-b922976e02ed/Java 1.8 NoCommons]   | [WARNING] 
[bc08a5fa-13b7-457f-8b99-b922976e02ed/Java 1.8 NoCommons]   | [WARNING] For this reason, future Maven versions might no longer support building such malformed projects.
[bc08a5fa-13b7-457f-8b99-b922976e02ed/Java 1.8 NoCommons]   | [WARNING] 
[bc08a5fa-13b7-457f-8b99-b922976e02ed/Java 1.8 NoCommons]   | [INFO] 
[bc08a5fa-13b7-457f-8b99-b922976e02ed/Java 1.8 NoCommons]   | [INFO] ---------------------< no.bekk.bekkopen:nocommons >---------------------
[bc08a5fa-13b7-457f-8b99-b922976e02ed/Java 1.8 NoCommons]   | [INFO] Building NoCommons 0.6-SNAPSHOT
[bc08a5fa-13b7-457f-8b99-b922976e02ed/Java 1.8 NoCommons]   | [INFO] --------------------------------[ jar ]---------------------------------
[bc08a5fa-13b7-457f-8b99-b922976e02ed/Java 1.8 NoCommons]   | [INFO] Downloading from central: https://repo.maven.apache.org/maven2/org/apache/maven/plugins/maven-enforcer-plugin/1.0/maven-enforcer-plugin-1.0.pom
[bc08a5fa-13b7-457f-8b99-b922976e02ed/Java 1.8 NoCommons]   | [INFO] Downloaded from central: https://repo.maven.apache.org/maven2/org/apache/maven/plugins/maven-enforcer-plugin/1.0/maven-enforcer-plugin-1.0.pom (6.7 kB at 160 kB/s)
[bc08a5fa-13b7-457f-8b99-b922976e02ed/Java 1.8 NoCommons]   | [INFO] Downloading from central: https://repo.maven.apache.org/maven2/org/apache/maven/enforcer/enforcer/1.0/enforcer-1.0.pom
[bc08a5fa-13b7-457f-8b99-b922976e02ed/Java 1.8 NoCommons]   | [INFO] Downloaded from central: https://repo.maven.apache.org/maven2/org/apache/maven/enforcer/enforcer/1.0/enforcer-1.0.pom (12 kB at 235 kB/s)
[bc08a5fa-13b7-457f-8b99-b922976e02ed/Java 1.8 NoCommons]   | [INFO] Downloading from central: https://repo.maven.apache.org/maven2/org/apache/maven/maven-parent/17/maven-parent-17.pom
[bc08a5fa-13b7-457f-8b99-b922976e02ed/Java 1.8 NoCommons]   | [INFO] Downloaded from central: https://repo.maven.apache.org/maven2/org/apache/maven/maven-parent/17/maven-parent-17.pom (25 kB at 366 kB/s)
[bc08a5fa-13b7-457f-8b99-b922976e02ed/Java 1.8 NoCommons]   | [INFO] Downloading from central: https://repo.maven.apache.org/maven2/org/apache/apache/7/apache-7.pom
[bc08a5fa-13b7-457f-8b99-b922976e02ed/Java 1.8 NoCommons]   | [INFO] Downloaded from central: https://repo.maven.apache.org/maven2/org/apache/apache/7/apache-7.pom (14 kB at 656 kB/s)
[bc08a5fa-13b7-457f-8b99-b922976e02ed/Java 1.8 NoCommons]   | [INFO] Downloading from central: https://repo.maven.apache.org/maven2/org/apache/maven/plugins/maven-enforcer-plugin/1.0/maven-enforcer-plugin-1.0.jar
[bc08a5fa-13b7-457f-8b99-b922976e02ed/Java 1.8 NoCommons]   | [INFO] Downloaded from central: https://repo.maven.apache.org/maven2/org/apache/maven/plugins/maven-enforcer-plugin/1.0/maven-enforcer-plugin-1.0.jar (22 kB at 616 kB/s)
[bc08a5fa-13b7-457f-8b99-b922976e02ed/Java 1.8 NoCommons]   | [INFO] Downloading from central: https://repo.maven.apache.org/maven2/org/apache/maven/plugins/maven-resources-plugin/2.6/maven-resources-plugin-2.6.pom
[bc08a5fa-13b7-457f-8b99-b922976e02ed/Java 1.8 NoCommons]   | [INFO] Downloaded from central: https://repo.maven.apache.org/maven2/org/apache/maven/plugins/maven-resources-plugin/2.6/maven-resources-plugin-2.6.pom (8.1 kB at 676 kB/s)
[bc08a5fa-13b7-457f-8b99-b922976e02ed/Java 1.8 NoCommons]   | [INFO] Downloading from central: https://repo.maven.apache.org/maven2/org/apache/maven/plugins/maven-plugins/23/maven-plugins-23.pom
[bc08a5fa-13b7-457f-8b99-b922976e02ed/Java 1.8 NoCommons]   | [INFO] Downloaded from central: https://repo.maven.apache.org/maven2/org/apache/maven/plugins/maven-plugins/23/maven-plugins-23.pom (9.2 kB at 263 kB/s)
[bc08a5fa-13b7-457f-8b99-b922976e02ed/Java 1.8 NoCommons]   | [INFO] Downloading from central: https://repo.maven.apache.org/maven2/org/apache/maven/maven-parent/22/maven-parent-22.pom
[bc08a5fa-13b7-457f-8b99-b922976e02ed/Java 1.8 NoCommons]   | [INFO] Downloaded from central: https://repo.maven.apache.org/maven2/org/apache/maven/maven-parent/22/maven-parent-22.pom (30 kB at 1.2 MB/s)
[bc08a5fa-13b7-457f-8b99-b922976e02ed/Java 1.8 NoCommons]   | [INFO] Downloading from central: https://repo.maven.apache.org/maven2/org/apache/apache/11/apache-11.pom
[bc08a5fa-13b7-457f-8b99-b922976e02ed/Java 1.8 NoCommons]   | [INFO] Downloaded from central: https://repo.maven.apache.org/maven2/org/apache/apache/11/apache-11.pom (15 kB at 549 kB/s)
[bc08a5fa-13b7-457f-8b99-b922976e02ed/Java 1.8 NoCommons]   | [INFO] Downloading from central: https://repo.maven.apache.org/maven2/org/apache/maven/plugins/maven-resources-plugin/2.6/maven-resources-plugin-2.6.jar
[bc08a5fa-13b7-457f-8b99-b922976e02ed/Java 1.8 NoCommons]   | [INFO] Downloaded from central: https://repo.maven.apache.org/maven2/org/apache/maven/plugins/maven-resources-plugin/2.6/maven-resources-plugin-2.6.jar (30 kB at 1.6 MB/s)
[bc08a5fa-13b7-457f-8b99-b922976e02ed/Java 1.8 NoCommons]   | [INFO] Downloading from central: https://repo.maven.apache.org/maven2/org/apache/maven/plugins/maven-compiler-plugin/2.3.2/maven-compiler-plugin-2.3.2.pom
[bc08a5fa-13b7-457f-8b99-b922976e02ed/Java 1.8 NoCommons]   | [INFO] Downloaded from central: https://repo.maven.apache.org/maven2/org/apache/maven/plugins/maven-compiler-plugin/2.3.2/maven-compiler-plugin-2.3.2.pom (7.3 kB at 116 kB/s)
[bc08a5fa-13b7-457f-8b99-b922976e02ed/Java 1.8 NoCommons]   | [INFO] Downloading from central: https://repo.maven.apache.org/maven2/org/apache/maven/plugins/maven-plugins/18/maven-plugins-18.pom
[bc08a5fa-13b7-457f-8b99-b922976e02ed/Java 1.8 NoCommons]   | [INFO] Downloaded from central: https://repo.maven.apache.org/maven2/org/apache/maven/plugins/maven-plugins/18/maven-plugins-18.pom (13 kB at 813 kB/s)
[bc08a5fa-13b7-457f-8b99-b922976e02ed/Java 1.8 NoCommons]   | [INFO] Downloading from central: https://repo.maven.apache.org/maven2/org/apache/maven/maven-parent/16/maven-parent-16.pom
[bc08a5fa-13b7-457f-8b99-b922976e02ed/Java 1.8 NoCommons]   | [INFO] Downloaded from central: https://repo.maven.apache.org/maven2/org/apache/maven/maven-parent/16/maven-parent-16.pom (23 kB at 1.2 MB/s)
[bc08a5fa-13b7-457f-8b99-b922976e02ed/Java 1.8 NoCommons]   | [INFO] Downloading from central: https://repo.maven.apache.org/maven2/org/apache/maven/plugins/maven-compiler-plugin/2.3.2/maven-compiler-plugin-2.3.2.jar
[bc08a5fa-13b7-457f-8b99-b922976e02ed/Java 1.8 NoCommons]   | [INFO] Downloaded from central: https://repo.maven.apache.org/maven2/org/apache/maven/plugins/maven-compiler-plugin/2.3.2/maven-compiler-plugin-2.3.2.jar (29 kB at 1.5 MB/s)
[bc08a5fa-13b7-457f-8b99-b922976e02ed/Java 1.8 NoCommons]   | [INFO] Downloading from central: https://repo.maven.apache.org/maven2/org/apache/maven/plugins/maven-surefire-plugin/2.6/maven-surefire-plugin-2.6.pom
[bc08a5fa-13b7-457f-8b99-b922976e02ed/Java 1.8 NoCommons]   | [INFO] Downloaded from central: https://repo.maven.apache.org/maven2/org/apache/maven/plugins/maven-surefire-plugin/2.6/maven-surefire-plugin-2.6.pom (9.4 kB at 552 kB/s)
[bc08a5fa-13b7-457f-8b99-b922976e02ed/Java 1.8 NoCommons]   | [INFO] Downloading from central: https://repo.maven.apache.org/maven2/org/apache/maven/surefire/surefire/2.6/surefire-2.6.pom
[bc08a5fa-13b7-457f-8b99-b922976e02ed/Java 1.8 NoCommons]   | [INFO] Downloaded from central: https://repo.maven.apache.org/maven2/org/apache/maven/surefire/surefire/2.6/surefire-2.6.pom (8.8 kB at 385 kB/s)
[bc08a5fa-13b7-457f-8b99-b922976e02ed/Java 1.8 NoCommons]   | [INFO] Downloading from central: https://repo.maven.apache.org/maven2/org/apache/maven/plugins/maven-surefire-plugin/2.6/maven-surefire-plugin-2.6.jar
[bc08a5fa-13b7-457f-8b99-b922976e02ed/Java 1.8 NoCommons]   | [INFO] Downloaded from central: https://repo.maven.apache.org/maven2/org/apache/maven/plugins/maven-surefire-plugin/2.6/maven-surefire-plugin-2.6.jar (28 kB at 1.8 MB/s)
[bc08a5fa-13b7-457f-8b99-b922976e02ed/Java 1.8 NoCommons]   | [INFO] Downloading from central: https://repo.maven.apache.org/maven2/org/apache/maven/plugins/maven-jar-plugin/2.4/maven-jar-plugin-2.4.pom
[bc08a5fa-13b7-457f-8b99-b922976e02ed/Java 1.8 NoCommons]   | [INFO] Downloaded from central: https://repo.maven.apache.org/maven2/org/apache/maven/plugins/maven-jar-plugin/2.4/maven-jar-plugin-2.4.pom (5.8 kB at 583 kB/s)
[bc08a5fa-13b7-457f-8b99-b922976e02ed/Java 1.8 NoCommons]   | [INFO] Downloading from central: https://repo.maven.apache.org/maven2/org/apache/maven/plugins/maven-plugins/22/maven-plugins-22.pom
[bc08a5fa-13b7-457f-8b99-b922976e02ed/Java 1.8 NoCommons]   | [INFO] Downloaded from central: https://repo.maven.apache.org/maven2/org/apache/maven/plugins/maven-plugins/22/maven-plugins-22.pom (13 kB at 1.2 MB/s)
[bc08a5fa-13b7-457f-8b99-b922976e02ed/Java 1.8 NoCommons]   | [INFO] Downloading from central: https://repo.maven.apache.org/maven2/org/apache/maven/maven-parent/21/maven-parent-21.pom
[bc08a5fa-13b7-457f-8b99-b922976e02ed/Java 1.8 NoCommons]   | [INFO] Downloaded from central: https://repo.maven.apache.org/maven2/org/apache/maven/maven-parent/21/maven-parent-21.pom (26 kB at 1.6 MB/s)
[bc08a5fa-13b7-457f-8b99-b922976e02ed/Java 1.8 NoCommons]   | [INFO] Downloading from central: https://repo.maven.apache.org/maven2/org/apache/apache/10/apache-10.pom
[bc08a5fa-13b7-457f-8b99-b922976e02ed/Java 1.8 NoCommons]   | [INFO] Downloaded from central: https://repo.maven.apache.org/maven2/org/apache/apache/10/apache-10.pom (15 kB at 1.1 MB/s)
[bc08a5fa-13b7-457f-8b99-b922976e02ed/Java 1.8 NoCommons]   | [INFO] Downloading from central: https://repo.maven.apache.org/maven2/org/apache/maven/plugins/maven-jar-plugin/2.4/maven-jar-plugin-2.4.jar
[bc08a5fa-13b7-457f-8b99-b922976e02ed/Java 1.8 NoCommons]   | [INFO] Downloaded from central: https://repo.maven.apache.org/maven2/org/apache/maven/plugins/maven-jar-plugin/2.4/maven-jar-plugin-2.4.jar (34 kB at 2.1 MB/s)
[bc08a5fa-13b7-457f-8b99-b922976e02ed/Java 1.8 NoCommons]   | [INFO] Downloading from central: https://repo.maven.apache.org/maven2/commons-io/commons-io/1.4/commons-io-1.4.pom
[bc08a5fa-13b7-457f-8b99-b922976e02ed/Java 1.8 NoCommons]   | [INFO] Downloaded from central: https://repo.maven.apache.org/maven2/commons-io/commons-io/1.4/commons-io-1.4.pom (13 kB at 1.0 MB/s)
[bc08a5fa-13b7-457f-8b99-b922976e02ed/Java 1.8 NoCommons]   | [INFO] Downloading from central: https://repo.maven.apache.org/maven2/org/apache/commons/commons-parent/7/commons-parent-7.pom
[bc08a5fa-13b7-457f-8b99-b922976e02ed/Java 1.8 NoCommons]   | [INFO] Downloaded from central: https://repo.maven.apache.org/maven2/org/apache/commons/commons-parent/7/commons-parent-7.pom (17 kB at 1.2 MB/s)
[bc08a5fa-13b7-457f-8b99-b922976e02ed/Java 1.8 NoCommons]   | [INFO] Downloading from central: https://repo.maven.apache.org/maven2/org/apache/apache/4/apache-4.pom
[bc08a5fa-13b7-457f-8b99-b922976e02ed/Java 1.8 NoCommons]   | [INFO] Downloaded from central: https://repo.maven.apache.org/maven2/org/apache/apache/4/apache-4.pom (4.5 kB at 642 kB/s)
[bc08a5fa-13b7-457f-8b99-b922976e02ed/Java 1.8 NoCommons]   | [INFO] Downloading from central: https://repo.maven.apache.org/maven2/junit/junit/4.8.2/junit-4.8.2.pom
[bc08a5fa-13b7-457f-8b99-b922976e02ed/Java 1.8 NoCommons]   | [INFO] Downloaded from central: https://repo.maven.apache.org/maven2/junit/junit/4.8.2/junit-4.8.2.pom (1.5 kB at 93 kB/s)
[bc08a5fa-13b7-457f-8b99-b922976e02ed/Java 1.8 NoCommons]   | [INFO] Downloading from central: https://repo.maven.apache.org/maven2/commons-io/commons-io/1.4/commons-io-1.4.jar
[bc08a5fa-13b7-457f-8b99-b922976e02ed/Java 1.8 NoCommons]   | [INFO] Downloading from central: https://repo.maven.apache.org/maven2/junit/junit/4.8.2/junit-4.8.2.jar
[bc08a5fa-13b7-457f-8b99-b922976e02ed/Java 1.8 NoCommons]   | [INFO] Downloaded from central: https://repo.maven.apache.org/maven2/commons-io/commons-io/1.4/commons-io-1.4.jar (109 kB at 4.4 MB/s)
[bc08a5fa-13b7-457f-8b99-b922976e02ed/Java 1.8 NoCommons]   | [INFO] Downloaded from central: https://repo.maven.apache.org/maven2/junit/junit/4.8.2/junit-4.8.2.jar (237 kB at 3.5 MB/s)
[bc08a5fa-13b7-457f-8b99-b922976e02ed/Java 1.8 NoCommons]   | [INFO] 
[bc08a5fa-13b7-457f-8b99-b922976e02ed/Java 1.8 NoCommons]   | [INFO] --- maven-enforcer-plugin:1.0:enforce (enforce-maven) @ nocommons ---
[bc08a5fa-13b7-457f-8b99-b922976e02ed/Java 1.8 NoCommons]   | [INFO] Downloading from central: https://repo.maven.apache.org/maven2/org/apache/maven/maven-artifact/2.0.9/maven-artifact-2.0.9.pom
[bc08a5fa-13b7-457f-8b99-b922976e02ed/Java 1.8 NoCommons]   | [INFO] Downloaded from central: https://repo.maven.apache.org/maven2/org/apache/maven/maven-artifact/2.0.9/maven-artifact-2.0.9.pom (1.6 kB at 60 kB/s)
[bc08a5fa-13b7-457f-8b99-b922976e02ed/Java 1.8 NoCommons]   | [INFO] Downloading from central: https://repo.maven.apache.org/maven2/org/apache/maven/maven/2.0.9/maven-2.0.9.pom
[bc08a5fa-13b7-457f-8b99-b922976e02ed/Java 1.8 NoCommons]   | [INFO] Downloaded from central: https://repo.maven.apache.org/maven2/org/apache/maven/maven/2.0.9/maven-2.0.9.pom (19 kB at 1.1 MB/s)
[bc08a5fa-13b7-457f-8b99-b922976e02ed/Java 1.8 NoCommons]   | [INFO] Downloading from central: https://repo.maven.apache.org/maven2/org/apache/maven/maven-parent/8/maven-parent-8.pom
[bc08a5fa-13b7-457f-8b99-b922976e02ed/Java 1.8 NoCommons]   | [INFO] Downloaded from central: https://repo.maven.apache.org/maven2/org/apache/maven/maven-parent/8/maven-parent-8.pom (24 kB at 1.4 MB/s)
[bc08a5fa-13b7-457f-8b99-b922976e02ed/Java 1.8 NoCommons]   | [INFO] Downloading from central: https://repo.maven.apache.org/maven2/org/codehaus/plexus/plexus-utils/1.5.8/plexus-utils-1.5.8.pom
[bc08a5fa-13b7-457f-8b99-b922976e02ed/Java 1.8 NoCommons]   | [INFO] Downloaded from central: https://repo.maven.apache.org/maven2/org/codehaus/plexus/plexus-utils/1.5.8/plexus-utils-1.5.8.pom (8.1 kB at 504 kB/s)
[bc08a5fa-13b7-457f-8b99-b922976e02ed/Java 1.8 NoCommons]   | [INFO] Downloading from central: https://repo.maven.apache.org/maven2/org/codehaus/plexus/plexus/2.0.2/plexus-2.0.2.pom
[bc08a5fa-13b7-457f-8b99-b922976e02ed/Java 1.8 NoCommons]   | [INFO] Downloaded from central: https://repo.maven.apache.org/maven2/org/codehaus/plexus/plexus/2.0.2/plexus-2.0.2.pom (12 kB at 415 kB/s)
[bc08a5fa-13b7-457f-8b99-b922976e02ed/Java 1.8 NoCommons]   | [INFO] Downloading from central: https://repo.maven.apache.org/maven2/org/apache/maven/maven-plugin-api/2.0.9/maven-plugin-api-2.0.9.pom
[bc08a5fa-13b7-457f-8b99-b922976e02ed/Java 1.8 NoCommons]   | [INFO] Downloaded from central: https://repo.maven.apache.org/maven2/org/apache/maven/maven-plugin-api/2.0.9/maven-plugin-api-2.0.9.pom (1.5 kB at 107 kB/s)
[bc08a5fa-13b7-457f-8b99-b922976e02ed/Java 1.8 NoCommons]   | [INFO] Downloading from central: https://repo.maven.apache.org/maven2/org/apache/maven/maven-project/2.0.9/maven-project-2.0.9.pom
[bc08a5fa-13b7-457f-8b99-b922976e02ed/Java 1.8 NoCommons]   | [INFO] Downloaded from central: https://repo.maven.apache.org/maven2/org/apache/maven/maven-project/2.0.9/maven-project-2.0.9.pom (2.7 kB at 159 kB/s)
[bc08a5fa-13b7-457f-8b99-b922976e02ed/Java 1.8 NoCommons]   | [INFO] Downloading from central: https://repo.maven.apache.org/maven2/org/apache/maven/maven-settings/2.0.9/maven-settings-2.0.9.pom
[bc08a5fa-13b7-457f-8b99-b922976e02ed/Java 1.8 NoCommons]   | [INFO] Downloaded from central: https://repo.maven.apache.org/maven2/org/apache/maven/maven-settings/2.0.9/maven-settings-2.0.9.pom (2.1 kB at 158 kB/s)
[bc08a5fa-13b7-457f-8b99-b922976e02ed/Java 1.8 NoCommons]   | [INFO] Downloading from central: https://repo.maven.apache.org/maven2/org/apache/maven/maven-model/2.0.9/maven-model-2.0.9.pom
[bc08a5fa-13b7-457f-8b99-b922976e02ed/Java 1.8 NoCommons]   | [INFO] Downloaded from central: https://repo.maven.apache.org/maven2/org/apache/maven/maven-model/2.0.9/maven-model-2.0.9.pom (3.1 kB at 157 kB/s)
[bc08a5fa-13b7-457f-8b99-b922976e02ed/Java 1.8 NoCommons]   | [INFO] Downloading from central: https://repo.maven.apache.org/maven2/org/codehaus/plexus/plexus-container-default/1.0-alpha-9-stable-1/plexus-container-default-1.0-alpha-9-stable-1.pom
[bc08a5fa-13b7-457f-8b99-b922976e02ed/Java 1.8 NoCommons]   | [INFO] Downloaded from central: https://repo.maven.apache.org/maven2/org/codehaus/plexus/plexus-container-default/1.0-alpha-9-stable-1/plexus-container-default-1.0-alpha-9-stable-1.pom (3.9 kB at 208 kB/s)
[bc08a5fa-13b7-457f-8b99-b922976e02ed/Java 1.8 NoCommons]   | [INFO] Downloading from central: https://repo.maven.apache.org/maven2/org/codehaus/plexus/plexus-containers/1.0.3/plexus-containers-1.0.3.pom
[bc08a5fa-13b7-457f-8b99-b922976e02ed/Java 1.8 NoCommons]   | [INFO] Downloaded from central: https://repo.maven.apache.org/maven2/org/codehaus/plexus/plexus-containers/1.0.3/plexus-containers-1.0.3.pom (492 B at 35 kB/s)
[bc08a5fa-13b7-457f-8b99-b922976e02ed/Java 1.8 NoCommons]   | [INFO] Downloading from central: https://repo.maven.apache.org/maven2/org/codehaus/plexus/plexus/1.0.4/plexus-1.0.4.pom
[bc08a5fa-13b7-457f-8b99-b922976e02ed/Java 1.8 NoCommons]   | [INFO] Downloaded from central: https://repo.maven.apache.org/maven2/org/codehaus/plexus/plexus/1.0.4/plexus-1.0.4.pom (5.7 kB at 120 kB/s)
[bc08a5fa-13b7-457f-8b99-b922976e02ed/Java 1.8 NoCommons]   | [INFO] Downloading from central: https://repo.maven.apache.org/maven2/junit/junit/3.8.2/junit-3.8.2.pom
[bc08a5fa-13b7-457f-8b99-b922976e02ed/Java 1.8 NoCommons]   | [INFO] Downloaded from central: https://repo.maven.apache.org/maven2/junit/junit/3.8.2/junit-3.8.2.pom (747 B at 17 kB/s)
[bc08a5fa-13b7-457f-8b99-b922976e02ed/Java 1.8 NoCommons]   | [INFO] Downloading from central: https://repo.maven.apache.org/maven2/classworlds/classworlds/1.1-alpha-2/classworlds-1.1-alpha-2.pom
[bc08a5fa-13b7-457f-8b99-b922976e02ed/Java 1.8 NoCommons]   | [INFO] Downloaded from central: https://repo.maven.apache.org/maven2/classworlds/classworlds/1.1-alpha-2/classworlds-1.1-alpha-2.pom (3.1 kB at 223 kB/s)
[bc08a5fa-13b7-457f-8b99-b922976e02ed/Java 1.8 NoCommons]   | [INFO] Downloading from central: https://repo.maven.apache.org/maven2/org/apache/maven/maven-profile/2.0.9/maven-profile-2.0.9.pom
[bc08a5fa-13b7-457f-8b99-b922976e02ed/Java 1.8 NoCommons]   | [INFO] Downloaded from central: https://repo.maven.apache.org/maven2/org/apache/maven/maven-profile/2.0.9/maven-profile-2.0.9.pom (2.0 kB at 128 kB/s)
[bc08a5fa-13b7-457f-8b99-b922976e02ed/Java 1.8 NoCommons]   | [INFO] Downloading from central: https://repo.maven.apache.org/maven2/org/apache/maven/maven-artifact-manager/2.0.9/maven-artifact-manager-2.0.9.pom
[bc08a5fa-13b7-457f-8b99-b922976e02ed/Java 1.8 NoCommons]   | [INFO] Downloaded from central: https://repo.maven.apache.org/maven2/org/apache/maven/maven-artifact-manager/2.0.9/maven-artifact-manager-2.0.9.pom (2.7 kB at 150 kB/s)
[bc08a5fa-13b7-457f-8b99-b922976e02ed/Java 1.8 NoCommons]   | [INFO] Downloading from central: https://repo.maven.apache.org/maven2/org/apache/maven/maven-repository-metadata/2.0.9/maven-repository-metadata-2.0.9.pom
[bc08a5fa-13b7-457f-8b99-b922976e02ed/Java 1.8 NoCommons]   | [INFO] Downloaded from central: https://repo.maven.apache.org/maven2/org/apache/maven/maven-repository-metadata/2.0.9/maven-repository-metadata-2.0.9.pom (1.9 kB at 317 kB/s)
[bc08a5fa-13b7-457f-8b99-b922976e02ed/Java 1.8 NoCommons]   | [INFO] Downloading from central: https://repo.maven.apache.org/maven2/org/apache/maven/maven-plugin-registry/2.0.9/maven-plugin-registry-2.0.9.pom
[bc08a5fa-13b7-457f-8b99-b922976e02ed/Java 1.8 NoCommons]   | [INFO] Downloaded from central: https://repo.maven.apache.org/maven2/org/apache/maven/maven-plugin-registry/2.0.9/maven-plugin-registry-2.0.9.pom (2.0 kB at 123 kB/s)
[bc08a5fa-13b7-457f-8b99-b922976e02ed/Java 1.8 NoCommons]   | [INFO] Downloading from central: https://repo.maven.apache.org/maven2/org/apache/maven/maven-core/2.0.9/maven-core-2.0.9.pom
[bc08a5fa-13b7-457f-8b99-b922976e02ed/Java 1.8 NoCommons]   | [INFO] Downloaded from central: https://repo.maven.apache.org/maven2/org/apache/maven/maven-core/2.0.9/maven-core-2.0.9.pom (7.8 kB at 599 kB/s)
[bc08a5fa-13b7-457f-8b99-b922976e02ed/Java 1.8 NoCommons]   | [INFO] Downloading from central: https://repo.maven.apache.org/maven2/org/apache/maven/maven-plugin-parameter-documenter/2.0.9/maven-plugin-parameter-documenter-2.0.9.pom
[bc08a5fa-13b7-457f-8b99-b922976e02ed/Java 1.8 NoCommons]   | [INFO] Downloaded from central: https://repo.maven.apache.org/maven2/org/apache/maven/maven-plugin-parameter-documenter/2.0.9/maven-plugin-parameter-documenter-2.0.9.pom (2.0 kB at 140 kB/s)
[bc08a5fa-13b7-457f-8b99-b922976e02ed/Java 1.8 NoCommons]   | [INFO] Downloading from central: https://repo.maven.apache.org/maven2/org/apache/maven/reporting/maven-reporting-api/2.0.9/maven-reporting-api-2.0.9.pom
[bc08a5fa-13b7-457f-8b99-b922976e02ed/Java 1.8 NoCommons]   | [INFO] Downloaded from central: https://repo.maven.apache.org/maven2/org/apache/maven/reporting/maven-reporting-api/2.0.9/maven-reporting-api-2.0.9.pom (1.8 kB at 72 kB/s)
[bc08a5fa-13b7-457f-8b99-b922976e02ed/Java 1.8 NoCommons]   | [INFO] Downloading from central: https://repo.maven.apache.org/maven2/org/apache/maven/reporting/maven-reporting/2.0.9/maven-reporting-2.0.9.pom
[bc08a5fa-13b7-457f-8b99-b922976e02ed/Java 1.8 NoCommons]   | [INFO] Downloaded from central: https://repo.maven.apache.org/maven2/org/apache/maven/reporting/maven-reporting/2.0.9/maven-reporting-2.0.9.pom (1.5 kB at 51 kB/s)
[bc08a5fa-13b7-457f-8b99-b922976e02ed/Java 1.8 NoCommons]   | [INFO] Downloading from central: https://repo.maven.apache.org/maven2/org/apache/maven/doxia/doxia-sink-api/1.0-alpha-10/doxia-sink-api-1.0-alpha-10.pom
[bc08a5fa-13b7-457f-8b99-b922976e02ed/Java 1.8 NoCommons]   | [INFO] Downloaded from central: https://repo.maven.apache.org/maven2/org/apache/maven/doxia/doxia-sink-api/1.0-alpha-10/doxia-sink-api-1.0-alpha-10.pom (1.3 kB at 64 kB/s)
[bc08a5fa-13b7-457f-8b99-b922976e02ed/Java 1.8 NoCommons]   | [INFO] Downloading from central: https://repo.maven.apache.org/maven2/org/apache/maven/doxia/doxia/1.0-alpha-10/doxia-1.0-alpha-10.pom
[bc08a5fa-13b7-457f-8b99-b922976e02ed/Java 1.8 NoCommons]   | [INFO] Downloaded from central: https://repo.maven.apache.org/maven2/org/apache/maven/doxia/doxia/1.0-alpha-10/doxia-1.0-alpha-10.pom (9.2 kB at 572 kB/s)
[bc08a5fa-13b7-457f-8b99-b922976e02ed/Java 1.8 NoCommons]   | [INFO] Downloading from central: https://repo.maven.apache.org/maven2/org/apache/maven/maven-parent/6/maven-parent-6.pom
[bc08a5fa-13b7-457f-8b99-b922976e02ed/Java 1.8 NoCommons]   | [INFO] Downloaded from central: https://repo.maven.apache.org/maven2/org/apache/maven/maven-parent/6/maven-parent-6.pom (20 kB at 1.8 MB/s)
[bc08a5fa-13b7-457f-8b99-b922976e02ed/Java 1.8 NoCommons]   | [INFO] Downloading from central: https://repo.maven.apache.org/maven2/org/apache/maven/maven-error-diagnostics/2.0.9/maven-error-diagnostics-2.0.9.pom
[bc08a5fa-13b7-457f-8b99-b922976e02ed/Java 1.8 NoCommons]   | [INFO] Downloaded from central: https://repo.maven.apache.org/maven2/org/apache/maven/maven-error-diagnostics/2.0.9/maven-error-diagnostics-2.0.9.pom (1.7 kB at 194 kB/s)
[bc08a5fa-13b7-457f-8b99-b922976e02ed/Java 1.8 NoCommons]   | [INFO] Downloading from central: https://repo.maven.apache.org/maven2/commons-cli/commons-cli/1.0/commons-cli-1.0.pom
[bc08a5fa-13b7-457f-8b99-b922976e02ed/Java 1.8 NoCommons]   | [INFO] Downloaded from central: https://repo.maven.apache.org/maven2/commons-cli/commons-cli/1.0/commons-cli-1.0.pom (2.1 kB at 117 kB/s)
[bc08a5fa-13b7-457f-8b99-b922976e02ed/Java 1.8 NoCommons]   | [INFO] Downloading from central: https://repo.maven.apache.org/maven2/org/apache/maven/maven-plugin-descriptor/2.0.9/maven-plugin-descriptor-2.0.9.pom
[bc08a5fa-13b7-457f-8b99-b922976e02ed/Java 1.8 NoCommons]   | [INFO] Downloaded from central: https://repo.maven.apache.org/maven2/org/apache/maven/maven-plugin-descriptor/2.0.9/maven-plugin-descriptor-2.0.9.pom (2.1 kB at 72 kB/s)
[bc08a5fa-13b7-457f-8b99-b922976e02ed/Java 1.8 NoCommons]   | [INFO] Downloading from central: https://repo.maven.apache.org/maven2/org/codehaus/plexus/plexus-interactivity-api/1.0-alpha-4/plexus-interactivity-api-1.0-alpha-4.pom
[bc08a5fa-13b7-457f-8b99-b922976e02ed/Java 1.8 NoCommons]   | [INFO] Downloaded from central: https://repo.maven.apache.org/maven2/org/codehaus/plexus/plexus-interactivity-api/1.0-alpha-4/plexus-interactivity-api-1.0-alpha-4.pom (7.1 kB at 308 kB/s)
[bc08a5fa-13b7-457f-8b99-b922976e02ed/Java 1.8 NoCommons]   | [INFO] Downloading from central: https://repo.maven.apache.org/maven2/org/apache/maven/maven-monitor/2.0.9/maven-monitor-2.0.9.pom
[bc08a5fa-13b7-457f-8b99-b922976e02ed/Java 1.8 NoCommons]   | [INFO] Downloaded from central: https://repo.maven.apache.org/maven2/org/apache/maven/maven-monitor/2.0.9/maven-monitor-2.0.9.pom (1.3 kB at 71 kB/s)
[bc08a5fa-13b7-457f-8b99-b922976e02ed/Java 1.8 NoCommons]   | [INFO] Downloading from central: https://repo.maven.apache.org/maven2/classworlds/classworlds/1.1/classworlds-1.1.pom
[bc08a5fa-13b7-457f-8b99-b922976e02ed/Java 1.8 NoCommons]   | [INFO] Downloaded from central: https://repo.maven.apache.org/maven2/classworlds/classworlds/1.1/classworlds-1.1.pom (3.3 kB at 475 kB/s)
[bc08a5fa-13b7-457f-8b99-b922976e02ed/Java 1.8 NoCommons]   | [INFO] Downloading from central: https://repo.maven.apache.org/maven2/commons-lang/commons-lang/2.3/commons-lang-2.3.pom
[bc08a5fa-13b7-457f-8b99-b922976e02ed/Java 1.8 NoCommons]   | [INFO] Downloaded from central: https://repo.maven.apache.org/maven2/commons-lang/commons-lang/2.3/commons-lang-2.3.pom (11 kB at 585 kB/s)
[bc08a5fa-13b7-457f-8b99-b922976e02ed/Java 1.8 NoCommons]   | [INFO] Downloading from central: https://repo.maven.apache.org/maven2/org/apache/maven/enforcer/enforcer-api/1.0/enforcer-api-1.0.pom
[bc08a5fa-13b7-457f-8b99-b922976e02ed/Java 1.8 NoCommons]   | [INFO] Downloaded from central: https://repo.maven.apache.org/maven2/org/apache/maven/enforcer/enforcer-api/1.0/enforcer-api-1.0.pom (3.3 kB at 172 kB/s)
[bc08a5fa-13b7-457f-8b99-b922976e02ed/Java 1.8 NoCommons]   | [INFO] Downloading from central: https://repo.maven.apache.org/maven2/org/codehaus/plexus/plexus-container-default/1.0-alpha-9/plexus-container-default-1.0-alpha-9.pom
[bc08a5fa-13b7-457f-8b99-b922976e02ed/Java 1.8 NoCommons]   | [INFO] Downloaded from central: https://repo.maven.apache.org/maven2/org/codehaus/plexus/plexus-container-default/1.0-alpha-9/plexus-container-default-1.0-alpha-9.pom (1.2 kB at 65 kB/s)
[bc08a5fa-13b7-457f-8b99-b922976e02ed/Java 1.8 NoCommons]   | [INFO] Downloading from central: https://repo.maven.apache.org/maven2/org/apache/maven/enforcer/enforcer-rules/1.0/enforcer-rules-1.0.pom
[bc08a5fa-13b7-457f-8b99-b922976e02ed/Java 1.8 NoCommons]   | [INFO] Downloaded from central: https://repo.maven.apache.org/maven2/org/apache/maven/enforcer/enforcer-rules/1.0/enforcer-rules-1.0.pom (4.1 kB at 129 kB/s)
[bc08a5fa-13b7-457f-8b99-b922976e02ed/Java 1.8 NoCommons]   | [INFO] Downloading from central: https://repo.maven.apache.org/maven2/org/apache/maven/shared/maven-common-artifact-filters/1.2/maven-common-artifact-filters-1.2.pom
[bc08a5fa-13b7-457f-8b99-b922976e02ed/Java 1.8 NoCommons]   | [INFO] Downloaded from central: https://repo.maven.apache.org/maven2/org/apache/maven/shared/maven-common-artifact-filters/1.2/maven-common-artifact-filters-1.2.pom (4.5 kB at 226 kB/s)
[bc08a5fa-13b7-457f-8b99-b922976e02ed/Java 1.8 NoCommons]   | [INFO] Downloading from central: https://repo.maven.apache.org/maven2/org/apache/maven/shared/maven-shared-components/11/maven-shared-components-11.pom
[bc08a5fa-13b7-457f-8b99-b922976e02ed/Java 1.8 NoCommons]   | [INFO] Downloaded from central: https://repo.maven.apache.org/maven2/org/apache/maven/shared/maven-shared-components/11/maven-shared-components-11.pom (8.3 kB at 758 kB/s)
[bc08a5fa-13b7-457f-8b99-b922976e02ed/Java 1.8 NoCommons]   | [INFO] Downloading from central: https://repo.maven.apache.org/maven2/org/apache/maven/maven-parent/11/maven-parent-11.pom
[bc08a5fa-13b7-457f-8b99-b922976e02ed/Java 1.8 NoCommons]   | [INFO] Downloaded from central: https://repo.maven.apache.org/maven2/org/apache/maven/maven-parent/11/maven-parent-11.pom (32 kB at 579 kB/s)
[bc08a5fa-13b7-457f-8b99-b922976e02ed/Java 1.8 NoCommons]   | [INFO] Downloading from central: https://repo.maven.apache.org/maven2/org/apache/apache/5/apache-5.pom
[bc08a5fa-13b7-457f-8b99-b922976e02ed/Java 1.8 NoCommons]   | [INFO] Downloaded from central: https://repo.maven.apache.org/maven2/org/apache/apache/5/apache-5.pom (4.1 kB at 512 kB/s)
[bc08a5fa-13b7-457f-8b99-b922976e02ed/Java 1.8 NoCommons]   | [INFO] Downloading from central: https://repo.maven.apache.org/maven2/org/apache/maven/maven-model/2.0.8/maven-model-2.0.8.pom
[bc08a5fa-13b7-457f-8b99-b922976e02ed/Java 1.8 NoCommons]   | [INFO] Downloaded from central: https://repo.maven.apache.org/maven2/org/apache/maven/maven-model/2.0.8/maven-model-2.0.8.pom (3.1 kB at 349 kB/s)
[bc08a5fa-13b7-457f-8b99-b922976e02ed/Java 1.8 NoCommons]   | [INFO] Downloading from central: https://repo.maven.apache.org/maven2/org/apache/maven/maven/2.0.8/maven-2.0.8.pom
[bc08a5fa-13b7-457f-8b99-b922976e02ed/Java 1.8 NoCommons]   | [INFO] Downloaded from central: https://repo.maven.apache.org/maven2/org/apache/maven/maven/2.0.8/maven-2.0.8.pom (12 kB at 209 kB/s)
[bc08a5fa-13b7-457f-8b99-b922976e02ed/Java 1.8 NoCommons]   | [INFO] Downloading from central: https://repo.maven.apache.org/maven2/org/apache/maven/shared/maven-plugin-testing-harness/1.1/maven-plugin-testing-harness-1.1.pom
[bc08a5fa-13b7-457f-8b99-b922976e02ed/Java 1.8 NoCommons]   | [INFO] Downloaded from central: https://repo.maven.apache.org/maven2/org/apache/maven/shared/maven-plugin-testing-harness/1.1/maven-plugin-testing-harness-1.1.pom (6.3 kB at 226 kB/s)
[bc08a5fa-13b7-457f-8b99-b922976e02ed/Java 1.8 NoCommons]   | [INFO] Downloading from central: https://repo.maven.apache.org/maven2/org/apache/maven/shared/maven-shared-components/7/maven-shared-components-7.pom
[bc08a5fa-13b7-457f-8b99-b922976e02ed/Java 1.8 NoCommons]   | [INFO] Downloaded from central: https://repo.maven.apache.org/maven2/org/apache/maven/shared/maven-shared-components/7/maven-shared-components-7.pom (2.6 kB at 289 kB/s)
[bc08a5fa-13b7-457f-8b99-b922976e02ed/Java 1.8 NoCommons]   | [INFO] Downloading from central: https://repo.maven.apache.org/maven2/org/apache/maven/maven-parent/5/maven-parent-5.pom
[bc08a5fa-13b7-457f-8b99-b922976e02ed/Java 1.8 NoCommons]   | [INFO] Downloaded from central: https://repo.maven.apache.org/maven2/org/apache/maven/maven-parent/5/maven-parent-5.pom (15 kB at 1.9 MB/s)
[bc08a5fa-13b7-457f-8b99-b922976e02ed/Java 1.8 NoCommons]   | [INFO] Downloading from central: https://repo.maven.apache.org/maven2/org/apache/apache/3/apache-3.pom
[bc08a5fa-13b7-457f-8b99-b922976e02ed/Java 1.8 NoCommons]   | [INFO] Downloaded from central: https://repo.maven.apache.org/maven2/org/apache/apache/3/apache-3.pom (3.4 kB at 381 kB/s)
[bc08a5fa-13b7-457f-8b99-b922976e02ed/Java 1.8 NoCommons]   | [INFO] Downloading from central: https://repo.maven.apache.org/maven2/org/codehaus/plexus/plexus-archiver/1.0-alpha-7/plexus-archiver-1.0-alpha-7.pom
[bc08a5fa-13b7-457f-8b99-b922976e02ed/Java 1.8 NoCommons]   | [INFO] Downloaded from central: https://repo.maven.apache.org/maven2/org/codehaus/plexus/plexus-archiver/1.0-alpha-7/plexus-archiver-1.0-alpha-7.pom (1.0 kB at 87 kB/s)
[bc08a5fa-13b7-457f-8b99-b922976e02ed/Java 1.8 NoCommons]   | [INFO] Downloading from central: https://repo.maven.apache.org/maven2/org/codehaus/plexus/plexus-components/1.1.6/plexus-components-1.1.6.pom
[bc08a5fa-13b7-457f-8b99-b922976e02ed/Java 1.8 NoCommons]   | [INFO] Downloaded from central: https://repo.maven.apache.org/maven2/org/codehaus/plexus/plexus-components/1.1.6/plexus-components-1.1.6.pom (1.9 kB at 270 kB/s)
[bc08a5fa-13b7-457f-8b99-b922976e02ed/Java 1.8 NoCommons]   | [INFO] Downloading from central: https://repo.maven.apache.org/maven2/org/codehaus/plexus/plexus/1.0.8/plexus-1.0.8.pom
[bc08a5fa-13b7-457f-8b99-b922976e02ed/Java 1.8 NoCommons]   | [INFO] Downloaded from central: https://repo.maven.apache.org/maven2/org/codehaus/plexus/plexus/1.0.8/plexus-1.0.8.pom (7.2 kB at 904 kB/s)
[bc08a5fa-13b7-457f-8b99-b922976e02ed/Java 1.8 NoCommons]   | [INFO] Downloading from central: https://repo.maven.apache.org/maven2/org/codehaus/plexus/plexus-container-default/1.0-alpha-8/plexus-container-default-1.0-alpha-8.pom
[bc08a5fa-13b7-457f-8b99-b922976e02ed/Java 1.8 NoCommons]   | [INFO] Downloaded from central: https://repo.maven.apache.org/maven2/org/codehaus/plexus/plexus-container-default/1.0-alpha-8/plexus-container-default-1.0-alpha-8.pom (7.3 kB at 382 kB/s)
[bc08a5fa-13b7-457f-8b99-b922976e02ed/Java 1.8 NoCommons]   | [INFO] Downloading from central: https://repo.maven.apache.org/maven2/org/beanshell/bsh/2.0b4/bsh-2.0b4.pom
[bc08a5fa-13b7-457f-8b99-b922976e02ed/Java 1.8 NoCommons]   | [INFO] Downloaded from central: https://repo.maven.apache.org/maven2/org/beanshell/bsh/2.0b4/bsh-2.0b4.pom (1.2 kB at 171 kB/s)
[bc08a5fa-13b7-457f-8b99-b922976e02ed/Java 1.8 NoCommons]   | [INFO] Downloading from central: https://repo.maven.apache.org/maven2/org/beanshell/beanshell/2.0b4/beanshell-2.0b4.pom
[bc08a5fa-13b7-457f-8b99-b922976e02ed/Java 1.8 NoCommons]   | [INFO] Downloaded from central: https://repo.maven.apache.org/maven2/org/beanshell/beanshell/2.0b4/beanshell-2.0b4.pom (1.4 kB at 202 kB/s)
[bc08a5fa-13b7-457f-8b99-b922976e02ed/Java 1.8 NoCommons]   | [INFO] Downloading from central: https://repo.maven.apache.org/maven2/org/apache/maven/shared/maven-dependency-tree/1.2/maven-dependency-tree-1.2.pom
[bc08a5fa-13b7-457f-8b99-b922976e02ed/Java 1.8 NoCommons]   | [INFO] Downloaded from central: https://repo.maven.apache.org/maven2/org/apache/maven/shared/maven-dependency-tree/1.2/maven-dependency-tree-1.2.pom (3.6 kB at 516 kB/s)
[bc08a5fa-13b7-457f-8b99-b922976e02ed/Java 1.8 NoCommons]   | [INFO] Downloading from central: https://repo.maven.apache.org/maven2/org/apache/maven/shared/maven-shared-components/9/maven-shared-components-9.pom
[bc08a5fa-13b7-457f-8b99-b922976e02ed/Java 1.8 NoCommons]   | [INFO] Downloaded from central: https://repo.maven.apache.org/maven2/org/apache/maven/shared/maven-shared-components/9/maven-shared-components-9.pom (3.5 kB at 438 kB/s)
[bc08a5fa-13b7-457f-8b99-b922976e02ed/Java 1.8 NoCommons]   | [INFO] Downloading from central: https://repo.maven.apache.org/maven2/org/codehaus/plexus/plexus-i18n/1.0-beta-6/plexus-i18n-1.0-beta-6.pom
[bc08a5fa-13b7-457f-8b99-b922976e02ed/Java 1.8 NoCommons]   | [INFO] Downloaded from central: https://repo.maven.apache.org/maven2/org/codehaus/plexus/plexus-i18n/1.0-beta-6/plexus-i18n-1.0-beta-6.pom (771 B at 86 kB/s)
[bc08a5fa-13b7-457f-8b99-b922976e02ed/Java 1.8 NoCommons]   | [INFO] Downloading from central: https://repo.maven.apache.org/maven2/org/codehaus/plexus/plexus-components/1.1.4/plexus-components-1.1.4.pom
[bc08a5fa-13b7-457f-8b99-b922976e02ed/Java 1.8 NoCommons]   | [INFO] Downloaded from central: https://repo.maven.apache.org/maven2/org/codehaus/plexus/plexus-components/1.1.4/plexus-components-1.1.4.pom (2.1 kB at 296 kB/s)
[bc08a5fa-13b7-457f-8b99-b922976e02ed/Java 1.8 NoCommons]   | [INFO] Downloading from central: https://repo.maven.apache.org/maven2/org/apache/maven/maven-artifact/2.0.9/maven-artifact-2.0.9.jar
[bc08a5fa-13b7-457f-8b99-b922976e02ed/Java 1.8 NoCommons]   | [INFO] Downloading from central: https://repo.maven.apache.org/maven2/org/apache/maven/maven-plugin-api/2.0.9/maven-plugin-api-2.0.9.jar
[bc08a5fa-13b7-457f-8b99-b922976e02ed/Java 1.8 NoCommons]   | [INFO] Downloading from central: https://repo.maven.apache.org/maven2/org/apache/maven/maven-project/2.0.9/maven-project-2.0.9.jar
[bc08a5fa-13b7-457f-8b99-b922976e02ed/Java 1.8 NoCommons]   | [INFO] Downloading from central: https://repo.maven.apache.org/maven2/org/apache/maven/maven-settings/2.0.9/maven-settings-2.0.9.jar
[bc08a5fa-13b7-457f-8b99-b922976e02ed/Java 1.8 NoCommons]   | [INFO] Downloading from central: https://repo.maven.apache.org/maven2/org/apache/maven/maven-profile/2.0.9/maven-profile-2.0.9.jar
[bc08a5fa-13b7-457f-8b99-b922976e02ed/Java 1.8 NoCommons]   | [INFO] Downloaded from central: https://repo.maven.apache.org/maven2/org/apache/maven/maven-project/2.0.9/maven-project-2.0.9.jar (122 kB at 7.6 MB/s)
[bc08a5fa-13b7-457f-8b99-b922976e02ed/Java 1.8 NoCommons]   | [INFO] Downloading from central: https://repo.maven.apache.org/maven2/org/apache/maven/maven-model/2.0.9/maven-model-2.0.9.jar
[bc08a5fa-13b7-457f-8b99-b922976e02ed/Java 1.8 NoCommons]   | [INFO] Downloaded from central: https://repo.maven.apache.org/maven2/org/apache/maven/maven-artifact/2.0.9/maven-artifact-2.0.9.jar (89 kB at 3.3 MB/s)
[bc08a5fa-13b7-457f-8b99-b922976e02ed/Java 1.8 NoCommons]   | [INFO] Downloading from central: https://repo.maven.apache.org/maven2/org/apache/maven/maven-artifact-manager/2.0.9/maven-artifact-manager-2.0.9.jar
[bc08a5fa-13b7-457f-8b99-b922976e02ed/Java 1.8 NoCommons]   | [INFO] Downloaded from central: https://repo.maven.apache.org/maven2/org/apache/maven/maven-plugin-api/2.0.9/maven-plugin-api-2.0.9.jar (13 kB at 445 kB/s)
[bc08a5fa-13b7-457f-8b99-b922976e02ed/Java 1.8 NoCommons]   | [INFO] Downloading from central: https://repo.maven.apache.org/maven2/org/apache/maven/maven-plugin-registry/2.0.9/maven-plugin-registry-2.0.9.jar
[bc08a5fa-13b7-457f-8b99-b922976e02ed/Java 1.8 NoCommons]   | [INFO] Downloaded from central: https://repo.maven.apache.org/maven2/org/apache/maven/maven-model/2.0.9/maven-model-2.0.9.jar (87 kB at 3.0 MB/s)
[bc08a5fa-13b7-457f-8b99-b922976e02ed/Java 1.8 NoCommons]   | [INFO] Downloading from central: https://repo.maven.apache.org/maven2/org/codehaus/plexus/plexus-container-default/1.0-alpha-9-stable-1/plexus-container-default-1.0-alpha-9-stable-1.jar
[bc08a5fa-13b7-457f-8b99-b922976e02ed/Java 1.8 NoCommons]   | [INFO] Downloaded from central: https://repo.maven.apache.org/maven2/org/apache/maven/maven-artifact-manager/2.0.9/maven-artifact-manager-2.0.9.jar (58 kB at 2.0 MB/s)
[bc08a5fa-13b7-457f-8b99-b922976e02ed/Java 1.8 NoCommons]   | [INFO] Downloading from central: https://repo.maven.apache.org/maven2/org/apache/maven/maven-core/2.0.9/maven-core-2.0.9.jar
[bc08a5fa-13b7-457f-8b99-b922976e02ed/Java 1.8 NoCommons]   | [INFO] Downloaded from central: https://repo.maven.apache.org/maven2/org/apache/maven/maven-profile/2.0.9/maven-profile-2.0.9.jar (35 kB at 1.1 MB/s)
[bc08a5fa-13b7-457f-8b99-b922976e02ed/Java 1.8 NoCommons]   | [INFO] Downloading from central: https://repo.maven.apache.org/maven2/org/apache/maven/maven-plugin-parameter-documenter/2.0.9/maven-plugin-parameter-documenter-2.0.9.jar
[bc08a5fa-13b7-457f-8b99-b922976e02ed/Java 1.8 NoCommons]   | [INFO] Downloaded from central: https://repo.maven.apache.org/maven2/org/apache/maven/maven-plugin-registry/2.0.9/maven-plugin-registry-2.0.9.jar (29 kB at 909 kB/s)
[bc08a5fa-13b7-457f-8b99-b922976e02ed/Java 1.8 NoCommons]   | [INFO] Downloading from central: https://repo.maven.apache.org/maven2/org/apache/maven/reporting/maven-reporting-api/2.0.9/maven-reporting-api-2.0.9.jar
[bc08a5fa-13b7-457f-8b99-b922976e02ed/Java 1.8 NoCommons]   | [INFO] Downloaded from central: https://repo.maven.apache.org/maven2/org/apache/maven/maven-plugin-parameter-documenter/2.0.9/maven-plugin-parameter-documenter-2.0.9.jar (21 kB at 509 kB/s)
[bc08a5fa-13b7-457f-8b99-b922976e02ed/Java 1.8 NoCommons]   | [INFO] Downloading from central: https://repo.maven.apache.org/maven2/org/apache/maven/doxia/doxia-sink-api/1.0-alpha-10/doxia-sink-api-1.0-alpha-10.jar
[bc08a5fa-13b7-457f-8b99-b922976e02ed/Java 1.8 NoCommons]   | [INFO] Downloaded from central: https://repo.maven.apache.org/maven2/org/apache/maven/reporting/maven-reporting-api/2.0.9/maven-reporting-api-2.0.9.jar (10 kB at 230 kB/s)
[bc08a5fa-13b7-457f-8b99-b922976e02ed/Java 1.8 NoCommons]   | [INFO] Downloading from central: https://repo.maven.apache.org/maven2/org/apache/maven/maven-repository-metadata/2.0.9/maven-repository-metadata-2.0.9.jar
[bc08a5fa-13b7-457f-8b99-b922976e02ed/Java 1.8 NoCommons]   | [INFO] Downloaded from central: https://repo.maven.apache.org/maven2/org/apache/maven/doxia/doxia-sink-api/1.0-alpha-10/doxia-sink-api-1.0-alpha-10.jar (9.9 kB at 198 kB/s)
[bc08a5fa-13b7-457f-8b99-b922976e02ed/Java 1.8 NoCommons]   | [INFO] Downloading from central: https://repo.maven.apache.org/maven2/org/apache/maven/maven-error-diagnostics/2.0.9/maven-error-diagnostics-2.0.9.jar
[bc08a5fa-13b7-457f-8b99-b922976e02ed/Java 1.8 NoCommons]   | [INFO] Downloaded from central: https://repo.maven.apache.org/maven2/org/apache/maven/maven-error-diagnostics/2.0.9/maven-error-diagnostics-2.0.9.jar (14 kB at 226 kB/s)
[bc08a5fa-13b7-457f-8b99-b922976e02ed/Java 1.8 NoCommons]   | [INFO] Downloading from central: https://repo.maven.apache.org/maven2/commons-cli/commons-cli/1.0/commons-cli-1.0.jar
[bc08a5fa-13b7-457f-8b99-b922976e02ed/Java 1.8 NoCommons]   | [INFO] Downloaded from central: https://repo.maven.apache.org/maven2/org/codehaus/plexus/plexus-container-default/1.0-alpha-9-stable-1/plexus-container-default-1.0-alpha-9-stable-1.jar (194 kB at 3.0 MB/s)
[bc08a5fa-13b7-457f-8b99-b922976e02ed/Java 1.8 NoCommons]   | [INFO] Downloading from central: https://repo.maven.apache.org/maven2/org/apache/maven/maven-plugin-descriptor/2.0.9/maven-plugin-descriptor-2.0.9.jar
[bc08a5fa-13b7-457f-8b99-b922976e02ed/Java 1.8 NoCommons]   | [INFO] Downloaded from central: https://repo.maven.apache.org/maven2/commons-cli/commons-cli/1.0/commons-cli-1.0.jar (30 kB at 413 kB/s)
[bc08a5fa-13b7-457f-8b99-b922976e02ed/Java 1.8 NoCommons]   | [INFO] Downloading from central: https://repo.maven.apache.org/maven2/org/codehaus/plexus/plexus-interactivity-api/1.0-alpha-4/plexus-interactivity-api-1.0-alpha-4.jar
[bc08a5fa-13b7-457f-8b99-b922976e02ed/Java 1.8 NoCommons]   | [INFO] Downloaded from central: https://repo.maven.apache.org/maven2/org/apache/maven/maven-plugin-descriptor/2.0.9/maven-plugin-descriptor-2.0.9.jar (37 kB at 501 kB/s)
[bc08a5fa-13b7-457f-8b99-b922976e02ed/Java 1.8 NoCommons]   | [INFO] Downloading from central: https://repo.maven.apache.org/maven2/org/apache/maven/maven-monitor/2.0.9/maven-monitor-2.0.9.jar
[bc08a5fa-13b7-457f-8b99-b922976e02ed/Java 1.8 NoCommons]   | [INFO] Downloaded from central: https://repo.maven.apache.org/maven2/org/codehaus/plexus/plexus-interactivity-api/1.0-alpha-4/plexus-interactivity-api-1.0-alpha-4.jar (13 kB at 168 kB/s)
[bc08a5fa-13b7-457f-8b99-b922976e02ed/Java 1.8 NoCommons]   | [INFO] Downloading from central: https://repo.maven.apache.org/maven2/classworlds/classworlds/1.1/classworlds-1.1.jar
[bc08a5fa-13b7-457f-8b99-b922976e02ed/Java 1.8 NoCommons]   | [INFO] Downloaded from central: https://repo.maven.apache.org/maven2/org/apache/maven/maven-core/2.0.9/maven-core-2.0.9.jar (160 kB at 1.9 MB/s)
[bc08a5fa-13b7-457f-8b99-b922976e02ed/Java 1.8 NoCommons]   | [INFO] Downloading from central: https://repo.maven.apache.org/maven2/org/codehaus/plexus/plexus-utils/1.5.8/plexus-utils-1.5.8.jar
[bc08a5fa-13b7-457f-8b99-b922976e02ed/Java 1.8 NoCommons]   | [INFO] Downloaded from central: https://repo.maven.apache.org/maven2/org/apache/maven/maven-monitor/2.0.9/maven-monitor-2.0.9.jar (10 kB at 118 kB/s)
[bc08a5fa-13b7-457f-8b99-b922976e02ed/Java 1.8 NoCommons]   | [INFO] Downloading from central: https://repo.maven.apache.org/maven2/commons-lang/commons-lang/2.3/commons-lang-2.3.jar
[bc08a5fa-13b7-457f-8b99-b922976e02ed/Java 1.8 NoCommons]   | [INFO] Downloaded from central: https://repo.maven.apache.org/maven2/classworlds/classworlds/1.1/classworlds-1.1.jar (38 kB at 416 kB/s)
[bc08a5fa-13b7-457f-8b99-b922976e02ed/Java 1.8 NoCommons]   | [INFO] Downloading from central: https://repo.maven.apache.org/maven2/org/apache/maven/enforcer/enforcer-api/1.0/enforcer-api-1.0.jar
[bc08a5fa-13b7-457f-8b99-b922976e02ed/Java 1.8 NoCommons]   | [INFO] Downloaded from central: https://repo.maven.apache.org/maven2/org/apache/maven/maven-settings/2.0.9/maven-settings-2.0.9.jar (49 kB at 506 kB/s)
[bc08a5fa-13b7-457f-8b99-b922976e02ed/Java 1.8 NoCommons]   | [INFO] Downloading from central: https://repo.maven.apache.org/maven2/org/apache/maven/enforcer/enforcer-rules/1.0/enforcer-rules-1.0.jar
[bc08a5fa-13b7-457f-8b99-b922976e02ed/Java 1.8 NoCommons]   | [INFO] Downloaded from central: https://repo.maven.apache.org/maven2/org/apache/maven/maven-repository-metadata/2.0.9/maven-repository-metadata-2.0.9.jar (25 kB at 246 kB/s)
[bc08a5fa-13b7-457f-8b99-b922976e02ed/Java 1.8 NoCommons]   | [INFO] Downloading from central: https://repo.maven.apache.org/maven2/org/apache/maven/shared/maven-common-artifact-filters/1.2/maven-common-artifact-filters-1.2.jar
[bc08a5fa-13b7-457f-8b99-b922976e02ed/Java 1.8 NoCommons]   | [INFO] Downloaded from central: https://repo.maven.apache.org/maven2/org/apache/maven/enforcer/enforcer-api/1.0/enforcer-api-1.0.jar (9.8 kB at 83 kB/s)
[bc08a5fa-13b7-457f-8b99-b922976e02ed/Java 1.8 NoCommons]   | [INFO] Downloading from central: https://repo.maven.apache.org/maven2/org/beanshell/bsh/2.0b4/bsh-2.0b4.jar
[bc08a5fa-13b7-457f-8b99-b922976e02ed/Java 1.8 NoCommons]   | [INFO] Downloaded from central: https://repo.maven.apache.org/maven2/org/codehaus/plexus/plexus-utils/1.5.8/plexus-utils-1.5.8.jar (268 kB at 2.2 MB/s)
[bc08a5fa-13b7-457f-8b99-b922976e02ed/Java 1.8 NoCommons]   | [INFO] Downloading from central: https://repo.maven.apache.org/maven2/org/apache/maven/shared/maven-dependency-tree/1.2/maven-dependency-tree-1.2.jar
[bc08a5fa-13b7-457f-8b99-b922976e02ed/Java 1.8 NoCommons]   | [INFO] Downloaded from central: https://repo.maven.apache.org/maven2/org/apache/maven/enforcer/enforcer-rules/1.0/enforcer-rules-1.0.jar (61 kB at 517 kB/s)
[bc08a5fa-13b7-457f-8b99-b922976e02ed/Java 1.8 NoCommons]   | [INFO] Downloading from central: https://repo.maven.apache.org/maven2/org/codehaus/plexus/plexus-i18n/1.0-beta-6/plexus-i18n-1.0-beta-6.jar
[bc08a5fa-13b7-457f-8b99-b922976e02ed/Java 1.8 NoCommons]   | [INFO] Downloaded from central: https://repo.maven.apache.org/maven2/org/apache/maven/shared/maven-common-artifact-filters/1.2/maven-common-artifact-filters-1.2.jar (32 kB at 259 kB/s)
[bc08a5fa-13b7-457f-8b99-b922976e02ed/Java 1.8 NoCommons]   | [INFO] Downloaded from central: https://repo.maven.apache.org/maven2/org/apache/maven/shared/maven-dependency-tree/1.2/maven-dependency-tree-1.2.jar (35 kB at 272 kB/s)
[bc08a5fa-13b7-457f-8b99-b922976e02ed/Java 1.8 NoCommons]   | [INFO] Downloaded from central: https://repo.maven.apache.org/maven2/org/codehaus/plexus/plexus-i18n/1.0-beta-6/plexus-i18n-1.0-beta-6.jar (12 kB at 93 kB/s)
[bc08a5fa-13b7-457f-8b99-b922976e02ed/Java 1.8 NoCommons]   | [INFO] Downloaded from central: https://repo.maven.apache.org/maven2/commons-lang/commons-lang/2.3/commons-lang-2.3.jar (245 kB at 1.9 MB/s)
[bc08a5fa-13b7-457f-8b99-b922976e02ed/Java 1.8 NoCommons]   | [INFO] Downloaded from central: https://repo.maven.apache.org/maven2/org/beanshell/bsh/2.0b4/bsh-2.0b4.jar (282 kB at 1.7 MB/s)
[bc08a5fa-13b7-457f-8b99-b922976e02ed/Java 1.8 NoCommons]   | [INFO] 
[bc08a5fa-13b7-457f-8b99-b922976e02ed/Java 1.8 NoCommons]   | [INFO] --- maven-resources-plugin:2.6:resources (default-resources) @ nocommons ---
[bc08a5fa-13b7-457f-8b99-b922976e02ed/Java 1.8 NoCommons]   | [INFO] Downloading from central: https://repo.maven.apache.org/maven2/org/apache/maven/maven-plugin-api/2.0.6/maven-plugin-api-2.0.6.pom
[bc08a5fa-13b7-457f-8b99-b922976e02ed/Java 1.8 NoCommons]   | [INFO] Downloaded from central: https://repo.maven.apache.org/maven2/org/apache/maven/maven-plugin-api/2.0.6/maven-plugin-api-2.0.6.pom (1.5 kB at 182 kB/s)
[bc08a5fa-13b7-457f-8b99-b922976e02ed/Java 1.8 NoCommons]   | [INFO] Downloading from central: https://repo.maven.apache.org/maven2/org/apache/maven/maven/2.0.6/maven-2.0.6.pom
[bc08a5fa-13b7-457f-8b99-b922976e02ed/Java 1.8 NoCommons]   | [INFO] Downloaded from central: https://repo.maven.apache.org/maven2/org/apache/maven/maven/2.0.6/maven-2.0.6.pom (9.0 kB at 646 kB/s)
[bc08a5fa-13b7-457f-8b99-b922976e02ed/Java 1.8 NoCommons]   | [INFO] Downloading from central: https://repo.maven.apache.org/maven2/org/apache/maven/maven-project/2.0.6/maven-project-2.0.6.pom
[bc08a5fa-13b7-457f-8b99-b922976e02ed/Java 1.8 NoCommons]   | [INFO] Downloaded from central: https://repo.maven.apache.org/maven2/org/apache/maven/maven-project/2.0.6/maven-project-2.0.6.pom (2.6 kB at 33 kB/s)
[bc08a5fa-13b7-457f-8b99-b922976e02ed/Java 1.8 NoCommons]   | [INFO] Downloading from central: https://repo.maven.apache.org/maven2/org/apache/maven/maven-settings/2.0.6/maven-settings-2.0.6.pom
[bc08a5fa-13b7-457f-8b99-b922976e02ed/Java 1.8 NoCommons]   | [INFO] Downloaded from central: https://repo.maven.apache.org/maven2/org/apache/maven/maven-settings/2.0.6/maven-settings-2.0.6.pom (2.0 kB at 154 kB/s)
[bc08a5fa-13b7-457f-8b99-b922976e02ed/Java 1.8 NoCommons]   | [INFO] Downloading from central: https://repo.maven.apache.org/maven2/org/apache/maven/maven-model/2.0.6/maven-model-2.0.6.pom
[bc08a5fa-13b7-457f-8b99-b922976e02ed/Java 1.8 NoCommons]   | [INFO] Downloaded from central: https://repo.maven.apache.org/maven2/org/apache/maven/maven-model/2.0.6/maven-model-2.0.6.pom (3.0 kB at 508 kB/s)
[bc08a5fa-13b7-457f-8b99-b922976e02ed/Java 1.8 NoCommons]   | [INFO] Downloading from central: https://repo.maven.apache.org/maven2/org/codehaus/plexus/plexus-utils/1.4.1/plexus-utils-1.4.1.pom
[bc08a5fa-13b7-457f-8b99-b922976e02ed/Java 1.8 NoCommons]   | [INFO] Downloaded from central: https://repo.maven.apache.org/maven2/org/codehaus/plexus/plexus-utils/1.4.1/plexus-utils-1.4.1.pom (1.9 kB at 119 kB/s)
[bc08a5fa-13b7-457f-8b99-b922976e02ed/Java 1.8 NoCommons]   | [INFO] Downloading from central: https://repo.maven.apache.org/maven2/org/codehaus/plexus/plexus/1.0.11/plexus-1.0.11.pom
[bc08a5fa-13b7-457f-8b99-b922976e02ed/Java 1.8 NoCommons]   | [INFO] Downloaded from central: https://repo.maven.apache.org/maven2/org/codehaus/plexus/plexus/1.0.11/plexus-1.0.11.pom (9.0 kB at 997 kB/s)
[bc08a5fa-13b7-457f-8b99-b922976e02ed/Java 1.8 NoCommons]   | [INFO] Downloading from central: https://repo.maven.apache.org/maven2/junit/junit/3.8.1/junit-3.8.1.pom
[bc08a5fa-13b7-457f-8b99-b922976e02ed/Java 1.8 NoCommons]   | [INFO] Downloaded from central: https://repo.maven.apache.org/maven2/junit/junit/3.8.1/junit-3.8.1.pom (998 B at 32 kB/s)
[bc08a5fa-13b7-457f-8b99-b922976e02ed/Java 1.8 NoCommons]   | [INFO] Downloading from central: https://repo.maven.apache.org/maven2/org/codehaus/plexus/plexus-utils/1.0.4/plexus-utils-1.0.4.pom
[bc08a5fa-13b7-457f-8b99-b922976e02ed/Java 1.8 NoCommons]   | [INFO] Downloaded from central: https://repo.maven.apache.org/maven2/org/codehaus/plexus/plexus-utils/1.0.4/plexus-utils-1.0.4.pom (6.9 kB at 381 kB/s)
[bc08a5fa-13b7-457f-8b99-b922976e02ed/Java 1.8 NoCommons]   | [INFO] Downloading from central: https://repo.maven.apache.org/maven2/org/apache/maven/maven-profile/2.0.6/maven-profile-2.0.6.pom
[bc08a5fa-13b7-457f-8b99-b922976e02ed/Java 1.8 NoCommons]   | [INFO] Downloaded from central: https://repo.maven.apache.org/maven2/org/apache/maven/maven-profile/2.0.6/maven-profile-2.0.6.pom (2.0 kB at 42 kB/s)
[bc08a5fa-13b7-457f-8b99-b922976e02ed/Java 1.8 NoCommons]   | [INFO] Downloading from central: https://repo.maven.apache.org/maven2/org/apache/maven/maven-artifact-manager/2.0.6/maven-artifact-manager-2.0.6.pom
[bc08a5fa-13b7-457f-8b99-b922976e02ed/Java 1.8 NoCommons]   | [INFO] Downloaded from central: https://repo.maven.apache.org/maven2/org/apache/maven/maven-artifact-manager/2.0.6/maven-artifact-manager-2.0.6.pom (2.6 kB at 218 kB/s)
[bc08a5fa-13b7-457f-8b99-b922976e02ed/Java 1.8 NoCommons]   | [INFO] Downloading from central: https://repo.maven.apache.org/maven2/org/apache/maven/maven-repository-metadata/2.0.6/maven-repository-metadata-2.0.6.pom
[bc08a5fa-13b7-457f-8b99-b922976e02ed/Java 1.8 NoCommons]   | [INFO] Downloaded from central: https://repo.maven.apache.org/maven2/org/apache/maven/maven-repository-metadata/2.0.6/maven-repository-metadata-2.0.6.pom (1.9 kB at 231 kB/s)
[bc08a5fa-13b7-457f-8b99-b922976e02ed/Java 1.8 NoCommons]   | [INFO] Downloading from central: https://repo.maven.apache.org/maven2/org/apache/maven/maven-artifact/2.0.6/maven-artifact-2.0.6.pom
[bc08a5fa-13b7-457f-8b99-b922976e02ed/Java 1.8 NoCommons]   | [INFO] Downloaded from central: https://repo.maven.apache.org/maven2/org/apache/maven/maven-artifact/2.0.6/maven-artifact-2.0.6.pom (1.6 kB at 72 kB/s)
[bc08a5fa-13b7-457f-8b99-b922976e02ed/Java 1.8 NoCommons]   | [INFO] Downloading from central: https://repo.maven.apache.org/maven2/org/apache/maven/maven-plugin-registry/2.0.6/maven-plugin-registry-2.0.6.pom
[bc08a5fa-13b7-457f-8b99-b922976e02ed/Java 1.8 NoCommons]   | [INFO] Downloaded from central: https://repo.maven.apache.org/maven2/org/apache/maven/maven-plugin-registry/2.0.6/maven-plugin-registry-2.0.6.pom (1.9 kB at 195 kB/s)
[bc08a5fa-13b7-457f-8b99-b922976e02ed/Java 1.8 NoCommons]   | [INFO] Downloading from central: https://repo.maven.apache.org/maven2/org/apache/maven/maven-core/2.0.6/maven-core-2.0.6.pom
[bc08a5fa-13b7-457f-8b99-b922976e02ed/Java 1.8 NoCommons]   | [INFO] Downloaded from central: https://repo.maven.apache.org/maven2/org/apache/maven/maven-core/2.0.6/maven-core-2.0.6.pom (6.7 kB at 210 kB/s)
[bc08a5fa-13b7-457f-8b99-b922976e02ed/Java 1.8 NoCommons]   | [INFO] Downloading from central: https://repo.maven.apache.org/maven2/org/apache/maven/maven-plugin-parameter-documenter/2.0.6/maven-plugin-parameter-documenter-2.0.6.pom
[bc08a5fa-13b7-457f-8b99-b922976e02ed/Java 1.8 NoCommons]   | [INFO] Downloaded from central: https://repo.maven.apache.org/maven2/org/apache/maven/maven-plugin-parameter-documenter/2.0.6/maven-plugin-parameter-documenter-2.0.6.pom (1.9 kB at 29 kB/s)
[bc08a5fa-13b7-457f-8b99-b922976e02ed/Java 1.8 NoCommons]   | [INFO] Downloading from central: https://repo.maven.apache.org/maven2/org/apache/maven/reporting/maven-reporting-api/2.0.6/maven-reporting-api-2.0.6.pom
[bc08a5fa-13b7-457f-8b99-b922976e02ed/Java 1.8 NoCommons]   | [INFO] Downloaded from central: https://repo.maven.apache.org/maven2/org/apache/maven/reporting/maven-reporting-api/2.0.6/maven-reporting-api-2.0.6.pom (1.8 kB at 159 kB/s)
[bc08a5fa-13b7-457f-8b99-b922976e02ed/Java 1.8 NoCommons]   | [INFO] Downloading from central: https://repo.maven.apache.org/maven2/org/apache/maven/reporting/maven-reporting/2.0.6/maven-reporting-2.0.6.pom
[bc08a5fa-13b7-457f-8b99-b922976e02ed/Java 1.8 NoCommons]   | [INFO] Downloaded from central: https://repo.maven.apache.org/maven2/org/apache/maven/reporting/maven-reporting/2.0.6/maven-reporting-2.0.6.pom (1.4 kB at 180 kB/s)
[bc08a5fa-13b7-457f-8b99-b922976e02ed/Java 1.8 NoCommons]   | [INFO] Downloading from central: https://repo.maven.apache.org/maven2/org/apache/maven/doxia/doxia-sink-api/1.0-alpha-7/doxia-sink-api-1.0-alpha-7.pom
[bc08a5fa-13b7-457f-8b99-b922976e02ed/Java 1.8 NoCommons]   | [INFO] Downloaded from central: https://repo.maven.apache.org/maven2/org/apache/maven/doxia/doxia-sink-api/1.0-alpha-7/doxia-sink-api-1.0-alpha-7.pom (424 B at 8.8 kB/s)
[bc08a5fa-13b7-457f-8b99-b922976e02ed/Java 1.8 NoCommons]   | [INFO] Downloading from central: https://repo.maven.apache.org/maven2/org/apache/maven/doxia/doxia/1.0-alpha-7/doxia-1.0-alpha-7.pom
[bc08a5fa-13b7-457f-8b99-b922976e02ed/Java 1.8 NoCommons]   | [INFO] Downloaded from central: https://repo.maven.apache.org/maven2/org/apache/maven/doxia/doxia/1.0-alpha-7/doxia-1.0-alpha-7.pom (3.9 kB at 130 kB/s)
[bc08a5fa-13b7-457f-8b99-b922976e02ed/Java 1.8 NoCommons]   | [INFO] Downloading from central: https://repo.maven.apache.org/maven2/org/apache/maven/maven-error-diagnostics/2.0.6/maven-error-diagnostics-2.0.6.pom
[bc08a5fa-13b7-457f-8b99-b922976e02ed/Java 1.8 NoCommons]   | [INFO] Downloaded from central: https://repo.maven.apache.org/maven2/org/apache/maven/maven-error-diagnostics/2.0.6/maven-error-diagnostics-2.0.6.pom (1.7 kB at 68 kB/s)
[bc08a5fa-13b7-457f-8b99-b922976e02ed/Java 1.8 NoCommons]   | [INFO] Downloading from central: https://repo.maven.apache.org/maven2/org/apache/maven/maven-plugin-descriptor/2.0.6/maven-plugin-descriptor-2.0.6.pom
[bc08a5fa-13b7-457f-8b99-b922976e02ed/Java 1.8 NoCommons]   | [INFO] Downloaded from central: https://repo.maven.apache.org/maven2/org/apache/maven/maven-plugin-descriptor/2.0.6/maven-plugin-descriptor-2.0.6.pom (2.0 kB at 288 kB/s)
[bc08a5fa-13b7-457f-8b99-b922976e02ed/Java 1.8 NoCommons]   | [INFO] Downloading from central: https://repo.maven.apache.org/maven2/org/apache/maven/maven-monitor/2.0.6/maven-monitor-2.0.6.pom
[bc08a5fa-13b7-457f-8b99-b922976e02ed/Java 1.8 NoCommons]   | [INFO] Downloaded from central: https://repo.maven.apache.org/maven2/org/apache/maven/maven-monitor/2.0.6/maven-monitor-2.0.6.pom (1.3 kB at 209 kB/s)
[bc08a5fa-13b7-457f-8b99-b922976e02ed/Java 1.8 NoCommons]   | [INFO] Downloading from central: https://repo.maven.apache.org/maven2/org/codehaus/plexus/plexus-utils/2.0.5/plexus-utils-2.0.5.pom
[bc08a5fa-13b7-457f-8b99-b922976e02ed/Java 1.8 NoCommons]   | [INFO] Downloaded from central: https://repo.maven.apache.org/maven2/org/codehaus/plexus/plexus-utils/2.0.5/plexus-utils-2.0.5.pom (3.3 kB at 208 kB/s)
[bc08a5fa-13b7-457f-8b99-b922976e02ed/Java 1.8 NoCommons]   | [INFO] Downloading from central: https://repo.maven.apache.org/maven2/org/codehaus/plexus/plexus/2.0.6/plexus-2.0.6.pom
[bc08a5fa-13b7-457f-8b99-b922976e02ed/Java 1.8 NoCommons]   | [INFO] Downloaded from central: https://repo.maven.apache.org/maven2/org/codehaus/plexus/plexus/2.0.6/plexus-2.0.6.pom (17 kB at 1.9 MB/s)
[bc08a5fa-13b7-457f-8b99-b922976e02ed/Java 1.8 NoCommons]   | [INFO] Downloading from central: https://repo.maven.apache.org/maven2/org/apache/maven/shared/maven-filtering/1.1/maven-filtering-1.1.pom
[bc08a5fa-13b7-457f-8b99-b922976e02ed/Java 1.8 NoCommons]   | [INFO] Downloaded from central: https://repo.maven.apache.org/maven2/org/apache/maven/shared/maven-filtering/1.1/maven-filtering-1.1.pom (5.8 kB at 305 kB/s)
[bc08a5fa-13b7-457f-8b99-b922976e02ed/Java 1.8 NoCommons]   | [INFO] Downloading from central: https://repo.maven.apache.org/maven2/org/apache/maven/shared/maven-shared-components/17/maven-shared-components-17.pom
[bc08a5fa-13b7-457f-8b99-b922976e02ed/Java 1.8 NoCommons]   | [INFO] Downloaded from central: https://repo.maven.apache.org/maven2/org/apache/maven/shared/maven-shared-components/17/maven-shared-components-17.pom (8.7 kB at 1.5 MB/s)
[bc08a5fa-13b7-457f-8b99-b922976e02ed/Java 1.8 NoCommons]   | [INFO] Downloading from central: https://repo.maven.apache.org/maven2/org/codehaus/plexus/plexus-utils/1.5.15/plexus-utils-1.5.15.pom
[bc08a5fa-13b7-457f-8b99-b922976e02ed/Java 1.8 NoCommons]   | [INFO] Downloaded from central: https://repo.maven.apache.org/maven2/org/codehaus/plexus/plexus-utils/1.5.15/plexus-utils-1.5.15.pom (6.8 kB at 978 kB/s)
[bc08a5fa-13b7-457f-8b99-b922976e02ed/Java 1.8 NoCommons]   | [INFO] Downloading from central: https://repo.maven.apache.org/maven2/org/codehaus/plexus/plexus-interpolation/1.12/plexus-interpolation-1.12.pom
[bc08a5fa-13b7-457f-8b99-b922976e02ed/Java 1.8 NoCommons]   | [INFO] Downloaded from central: https://repo.maven.apache.org/maven2/org/codehaus/plexus/plexus-interpolation/1.12/plexus-interpolation-1.12.pom (889 B at 148 kB/s)
[bc08a5fa-13b7-457f-8b99-b922976e02ed/Java 1.8 NoCommons]   | [INFO] Downloading from central: https://repo.maven.apache.org/maven2/org/codehaus/plexus/plexus-components/1.1.14/plexus-components-1.1.14.pom
[bc08a5fa-13b7-457f-8b99-b922976e02ed/Java 1.8 NoCommons]   | [INFO] Downloaded from central: https://repo.maven.apache.org/maven2/org/codehaus/plexus/plexus-components/1.1.14/plexus-components-1.1.14.pom (5.8 kB at 730 kB/s)
[bc08a5fa-13b7-457f-8b99-b922976e02ed/Java 1.8 NoCommons]   | [INFO] Downloading from central: https://repo.maven.apache.org/maven2/org/sonatype/plexus/plexus-build-api/0.0.4/plexus-build-api-0.0.4.pom
[bc08a5fa-13b7-457f-8b99-b922976e02ed/Java 1.8 NoCommons]   | [INFO] Downloaded from central: https://repo.maven.apache.org/maven2/org/sonatype/plexus/plexus-build-api/0.0.4/plexus-build-api-0.0.4.pom (2.9 kB at 358 kB/s)
[bc08a5fa-13b7-457f-8b99-b922976e02ed/Java 1.8 NoCommons]   | [INFO] Downloading from central: https://repo.maven.apache.org/maven2/org/sonatype/spice/spice-parent/10/spice-parent-10.pom
[bc08a5fa-13b7-457f-8b99-b922976e02ed/Java 1.8 NoCommons]   | [INFO] Downloaded from central: https://repo.maven.apache.org/maven2/org/sonatype/spice/spice-parent/10/spice-parent-10.pom (3.0 kB at 502 kB/s)
[bc08a5fa-13b7-457f-8b99-b922976e02ed/Java 1.8 NoCommons]   | [INFO] Downloading from central: https://repo.maven.apache.org/maven2/org/sonatype/forge/forge-parent/3/forge-parent-3.pom
[bc08a5fa-13b7-457f-8b99-b922976e02ed/Java 1.8 NoCommons]   | [INFO] Downloaded from central: https://repo.maven.apache.org/maven2/org/sonatype/forge/forge-parent/3/forge-parent-3.pom (5.0 kB at 629 kB/s)
[bc08a5fa-13b7-457f-8b99-b922976e02ed/Java 1.8 NoCommons]   | [INFO] Downloading from central: https://repo.maven.apache.org/maven2/org/codehaus/plexus/plexus-interpolation/1.13/plexus-interpolation-1.13.pom
[bc08a5fa-13b7-457f-8b99-b922976e02ed/Java 1.8 NoCommons]   | [INFO] Downloaded from central: https://repo.maven.apache.org/maven2/org/codehaus/plexus/plexus-interpolation/1.13/plexus-interpolation-1.13.pom (890 B at 148 kB/s)
[bc08a5fa-13b7-457f-8b99-b922976e02ed/Java 1.8 NoCommons]   | [INFO] Downloading from central: https://repo.maven.apache.org/maven2/org/codehaus/plexus/plexus-components/1.1.15/plexus-components-1.1.15.pom
[bc08a5fa-13b7-457f-8b99-b922976e02ed/Java 1.8 NoCommons]   | [INFO] Downloaded from central: https://repo.maven.apache.org/maven2/org/codehaus/plexus/plexus-components/1.1.15/plexus-components-1.1.15.pom (2.8 kB at 316 kB/s)
[bc08a5fa-13b7-457f-8b99-b922976e02ed/Java 1.8 NoCommons]   | [INFO] Downloading from central: https://repo.maven.apache.org/maven2/org/codehaus/plexus/plexus/2.0.3/plexus-2.0.3.pom
[bc08a5fa-13b7-457f-8b99-b922976e02ed/Java 1.8 NoCommons]   | [INFO] Downloaded from central: https://repo.maven.apache.org/maven2/org/codehaus/plexus/plexus/2.0.3/plexus-2.0.3.pom (15 kB at 618 kB/s)
[bc08a5fa-13b7-457f-8b99-b922976e02ed/Java 1.8 NoCommons]   | [INFO] Downloading from central: https://repo.maven.apache.org/maven2/org/apache/maven/maven-plugin-api/2.0.6/maven-plugin-api-2.0.6.jar
[bc08a5fa-13b7-457f-8b99-b922976e02ed/Java 1.8 NoCommons]   | [INFO] Downloading from central: https://repo.maven.apache.org/maven2/org/apache/maven/maven-project/2.0.6/maven-project-2.0.6.jar
[bc08a5fa-13b7-457f-8b99-b922976e02ed/Java 1.8 NoCommons]   | [INFO] Downloading from central: https://repo.maven.apache.org/maven2/org/apache/maven/maven-profile/2.0.6/maven-profile-2.0.6.jar
[bc08a5fa-13b7-457f-8b99-b922976e02ed/Java 1.8 NoCommons]   | [INFO] Downloading from central: https://repo.maven.apache.org/maven2/org/apache/maven/maven-artifact-manager/2.0.6/maven-artifact-manager-2.0.6.jar
[bc08a5fa-13b7-457f-8b99-b922976e02ed/Java 1.8 NoCommons]   | [INFO] Downloading from central: https://repo.maven.apache.org/maven2/org/apache/maven/maven-plugin-registry/2.0.6/maven-plugin-registry-2.0.6.jar
[bc08a5fa-13b7-457f-8b99-b922976e02ed/Java 1.8 NoCommons]   | [INFO] Downloaded from central: https://repo.maven.apache.org/maven2/org/apache/maven/maven-plugin-api/2.0.6/maven-plugin-api-2.0.6.jar (13 kB at 1.6 MB/s)
[bc08a5fa-13b7-457f-8b99-b922976e02ed/Java 1.8 NoCommons]   | [INFO] Downloading from central: https://repo.maven.apache.org/maven2/org/apache/maven/maven-core/2.0.6/maven-core-2.0.6.jar
[bc08a5fa-13b7-457f-8b99-b922976e02ed/Java 1.8 NoCommons]   | [INFO] Downloaded from central: https://repo.maven.apache.org/maven2/org/apache/maven/maven-profile/2.0.6/maven-profile-2.0.6.jar (35 kB at 3.5 MB/s)
[bc08a5fa-13b7-457f-8b99-b922976e02ed/Java 1.8 NoCommons]   | [INFO] Downloading from central: https://repo.maven.apache.org/maven2/org/apache/maven/maven-plugin-parameter-documenter/2.0.6/maven-plugin-parameter-documenter-2.0.6.jar
[bc08a5fa-13b7-457f-8b99-b922976e02ed/Java 1.8 NoCommons]   | [INFO] Downloaded from central: https://repo.maven.apache.org/maven2/org/apache/maven/maven-plugin-registry/2.0.6/maven-plugin-registry-2.0.6.jar (29 kB at 2.4 MB/s)
[bc08a5fa-13b7-457f-8b99-b922976e02ed/Java 1.8 NoCommons]   | [INFO] Downloaded from central: https://repo.maven.apache.org/maven2/org/apache/maven/maven-artifact-manager/2.0.6/maven-artifact-manager-2.0.6.jar (57 kB at 4.0 MB/s)
[bc08a5fa-13b7-457f-8b99-b922976e02ed/Java 1.8 NoCommons]   | [INFO] Downloading from central: https://repo.maven.apache.org/maven2/org/apache/maven/reporting/maven-reporting-api/2.0.6/maven-reporting-api-2.0.6.jar
[bc08a5fa-13b7-457f-8b99-b922976e02ed/Java 1.8 NoCommons]   | [INFO] Downloading from central: https://repo.maven.apache.org/maven2/org/apache/maven/doxia/doxia-sink-api/1.0-alpha-7/doxia-sink-api-1.0-alpha-7.jar
[bc08a5fa-13b7-457f-8b99-b922976e02ed/Java 1.8 NoCommons]   | [INFO] Downloaded from central: https://repo.maven.apache.org/maven2/org/apache/maven/maven-project/2.0.6/maven-project-2.0.6.jar (116 kB at 7.3 MB/s)
[bc08a5fa-13b7-457f-8b99-b922976e02ed/Java 1.8 NoCommons]   | [INFO] Downloading from central: https://repo.maven.apache.org/maven2/org/apache/maven/maven-repository-metadata/2.0.6/maven-repository-metadata-2.0.6.jar
[bc08a5fa-13b7-457f-8b99-b922976e02ed/Java 1.8 NoCommons]   | [INFO] Downloaded from central: https://repo.maven.apache.org/maven2/org/apache/maven/maven-plugin-parameter-documenter/2.0.6/maven-plugin-parameter-documenter-2.0.6.jar (21 kB at 1.4 MB/s)
[bc08a5fa-13b7-457f-8b99-b922976e02ed/Java 1.8 NoCommons]   | [INFO] Downloading from central: https://repo.maven.apache.org/maven2/org/apache/maven/maven-error-diagnostics/2.0.6/maven-error-diagnostics-2.0.6.jar
[bc08a5fa-13b7-457f-8b99-b922976e02ed/Java 1.8 NoCommons]   | [INFO] Downloaded from central: https://repo.maven.apache.org/maven2/org/apache/maven/reporting/maven-reporting-api/2.0.6/maven-reporting-api-2.0.6.jar (9.9 kB at 585 kB/s)
[bc08a5fa-13b7-457f-8b99-b922976e02ed/Java 1.8 NoCommons]   | [INFO] Downloading from central: https://repo.maven.apache.org/maven2/org/apache/maven/maven-plugin-descriptor/2.0.6/maven-plugin-descriptor-2.0.6.jar
[bc08a5fa-13b7-457f-8b99-b922976e02ed/Java 1.8 NoCommons]   | [INFO] Downloaded from central: https://repo.maven.apache.org/maven2/org/apache/maven/maven-core/2.0.6/maven-core-2.0.6.jar (152 kB at 6.6 MB/s)
[bc08a5fa-13b7-457f-8b99-b922976e02ed/Java 1.8 NoCommons]   | [INFO] Downloading from central: https://repo.maven.apache.org/maven2/org/apache/maven/maven-artifact/2.0.6/maven-artifact-2.0.6.jar
[bc08a5fa-13b7-457f-8b99-b922976e02ed/Java 1.8 NoCommons]   | [INFO] Downloaded from central: https://repo.maven.apache.org/maven2/org/apache/maven/doxia/doxia-sink-api/1.0-alpha-7/doxia-sink-api-1.0-alpha-7.jar (5.9 kB at 258 kB/s)
[bc08a5fa-13b7-457f-8b99-b922976e02ed/Java 1.8 NoCommons]   | [INFO] Downloading from central: https://repo.maven.apache.org/maven2/org/apache/maven/maven-settings/2.0.6/maven-settings-2.0.6.jar
[bc08a5fa-13b7-457f-8b99-b922976e02ed/Java 1.8 NoCommons]   | [INFO] Downloaded from central: https://repo.maven.apache.org/maven2/org/apache/maven/maven-repository-metadata/2.0.6/maven-repository-metadata-2.0.6.jar (24 kB at 941 kB/s)
[bc08a5fa-13b7-457f-8b99-b922976e02ed/Java 1.8 NoCommons]   | [INFO] Downloading from central: https://repo.maven.apache.org/maven2/org/apache/maven/maven-model/2.0.6/maven-model-2.0.6.jar
[bc08a5fa-13b7-457f-8b99-b922976e02ed/Java 1.8 NoCommons]   | [INFO] Downloaded from central: https://repo.maven.apache.org/maven2/org/apache/maven/maven-plugin-descriptor/2.0.6/maven-plugin-descriptor-2.0.6.jar (37 kB at 1.3 MB/s)
[bc08a5fa-13b7-457f-8b99-b922976e02ed/Java 1.8 NoCommons]   | [INFO] Downloading from central: https://repo.maven.apache.org/maven2/org/apache/maven/maven-monitor/2.0.6/maven-monitor-2.0.6.jar
[bc08a5fa-13b7-457f-8b99-b922976e02ed/Java 1.8 NoCommons]   | [INFO] Downloaded from central: https://repo.maven.apache.org/maven2/org/apache/maven/maven-error-diagnostics/2.0.6/maven-error-diagnostics-2.0.6.jar (14 kB at 454 kB/s)
[bc08a5fa-13b7-457f-8b99-b922976e02ed/Java 1.8 NoCommons]   | [INFO] Downloading from central: https://repo.maven.apache.org/maven2/junit/junit/3.8.1/junit-3.8.1.jar
[bc08a5fa-13b7-457f-8b99-b922976e02ed/Java 1.8 NoCommons]   | [INFO] Downloaded from central: https://repo.maven.apache.org/maven2/org/apache/maven/maven-settings/2.0.6/maven-settings-2.0.6.jar (49 kB at 1.5 MB/s)
[bc08a5fa-13b7-457f-8b99-b922976e02ed/Java 1.8 NoCommons]   | [INFO] Downloading from central: https://repo.maven.apache.org/maven2/org/codehaus/plexus/plexus-utils/2.0.5/plexus-utils-2.0.5.jar
[bc08a5fa-13b7-457f-8b99-b922976e02ed/Java 1.8 NoCommons]   | [INFO] Downloaded from central: https://repo.maven.apache.org/maven2/org/apache/maven/maven-model/2.0.6/maven-model-2.0.6.jar (86 kB at 2.5 MB/s)
[bc08a5fa-13b7-457f-8b99-b922976e02ed/Java 1.8 NoCommons]   | [INFO] Downloading from central: https://repo.maven.apache.org/maven2/org/apache/maven/shared/maven-filtering/1.1/maven-filtering-1.1.jar
[bc08a5fa-13b7-457f-8b99-b922976e02ed/Java 1.8 NoCommons]   | [INFO] Downloaded from central: https://repo.maven.apache.org/maven2/org/apache/maven/maven-artifact/2.0.6/maven-artifact-2.0.6.jar (87 kB at 1.9 MB/s)
[bc08a5fa-13b7-457f-8b99-b922976e02ed/Java 1.8 NoCommons]   | [INFO] Downloading from central: https://repo.maven.apache.org/maven2/org/sonatype/plexus/plexus-build-api/0.0.4/plexus-build-api-0.0.4.jar
[bc08a5fa-13b7-457f-8b99-b922976e02ed/Java 1.8 NoCommons]   | [INFO] Downloaded from central: https://repo.maven.apache.org/maven2/org/apache/maven/maven-monitor/2.0.6/maven-monitor-2.0.6.jar (10 kB at 218 kB/s)
[bc08a5fa-13b7-457f-8b99-b922976e02ed/Java 1.8 NoCommons]   | [INFO] Downloading from central: https://repo.maven.apache.org/maven2/org/codehaus/plexus/plexus-interpolation/1.13/plexus-interpolation-1.13.jar
[bc08a5fa-13b7-457f-8b99-b922976e02ed/Java 1.8 NoCommons]   | [INFO] Downloaded from central: https://repo.maven.apache.org/maven2/org/sonatype/plexus/plexus-build-api/0.0.4/plexus-build-api-0.0.4.jar (6.8 kB at 136 kB/s)
[bc08a5fa-13b7-457f-8b99-b922976e02ed/Java 1.8 NoCommons]   | [INFO] Downloaded from central: https://repo.maven.apache.org/maven2/org/codehaus/plexus/plexus-interpolation/1.13/plexus-interpolation-1.13.jar (61 kB at 1.0 MB/s)
[bc08a5fa-13b7-457f-8b99-b922976e02ed/Java 1.8 NoCommons]   | [INFO] Downloaded from central: https://repo.maven.apache.org/maven2/org/apache/maven/shared/maven-filtering/1.1/maven-filtering-1.1.jar (43 kB at 707 kB/s)
[bc08a5fa-13b7-457f-8b99-b922976e02ed/Java 1.8 NoCommons]   | [INFO] Downloaded from central: https://repo.maven.apache.org/maven2/junit/junit/3.8.1/junit-3.8.1.jar (121 kB at 1.9 MB/s)
[bc08a5fa-13b7-457f-8b99-b922976e02ed/Java 1.8 NoCommons]   | [INFO] Downloaded from central: https://repo.maven.apache.org/maven2/org/codehaus/plexus/plexus-utils/2.0.5/plexus-utils-2.0.5.jar (223 kB at 3.3 MB/s)
[bc08a5fa-13b7-457f-8b99-b922976e02ed/Java 1.8 NoCommons]   | [INFO] Using 'UTF-8' encoding to copy filtered resources.
[bc08a5fa-13b7-457f-8b99-b922976e02ed/Java 1.8 NoCommons]   | [INFO] Copying 4 resources
[bc08a5fa-13b7-457f-8b99-b922976e02ed/Java 1.8 NoCommons]   | [INFO] 
[bc08a5fa-13b7-457f-8b99-b922976e02ed/Java 1.8 NoCommons]   | [INFO] --- maven-compiler-plugin:2.3.2:compile (default-compile) @ nocommons ---
[bc08a5fa-13b7-457f-8b99-b922976e02ed/Java 1.8 NoCommons]   | [INFO] Downloading from central: https://repo.maven.apache.org/maven2/org/apache/maven/maven-toolchain/1.0/maven-toolchain-1.0.pom
[bc08a5fa-13b7-457f-8b99-b922976e02ed/Java 1.8 NoCommons]   | [INFO] Downloaded from central: https://repo.maven.apache.org/maven2/org/apache/maven/maven-toolchain/1.0/maven-toolchain-1.0.pom (3.4 kB at 379 kB/s)
[bc08a5fa-13b7-457f-8b99-b922976e02ed/Java 1.8 NoCommons]   | [INFO] Downloading from central: https://repo.maven.apache.org/maven2/org/codehaus/plexus/plexus-compiler-api/1.8.1/plexus-compiler-api-1.8.1.pom
[bc08a5fa-13b7-457f-8b99-b922976e02ed/Java 1.8 NoCommons]   | [INFO] Downloaded from central: https://repo.maven.apache.org/maven2/org/codehaus/plexus/plexus-compiler-api/1.8.1/plexus-compiler-api-1.8.1.pom (805 B at 134 kB/s)
[bc08a5fa-13b7-457f-8b99-b922976e02ed/Java 1.8 NoCommons]   | [INFO] Downloading from central: https://repo.maven.apache.org/maven2/org/codehaus/plexus/plexus-compiler/1.8.1/plexus-compiler-1.8.1.pom
[bc08a5fa-13b7-457f-8b99-b922976e02ed/Java 1.8 NoCommons]   | [INFO] Downloaded from central: https://repo.maven.apache.org/maven2/org/codehaus/plexus/plexus-compiler/1.8.1/plexus-compiler-1.8.1.pom (3.5 kB at 316 kB/s)
[bc08a5fa-13b7-457f-8b99-b922976e02ed/Java 1.8 NoCommons]   | [INFO] Downloading from central: https://repo.maven.apache.org/maven2/org/codehaus/plexus/plexus-components/1.1.18/plexus-components-1.1.18.pom
[bc08a5fa-13b7-457f-8b99-b922976e02ed/Java 1.8 NoCommons]   | [INFO] Downloaded from central: https://repo.maven.apache.org/maven2/org/codehaus/plexus/plexus-components/1.1.18/plexus-components-1.1.18.pom (5.4 kB at 765 kB/s)
[bc08a5fa-13b7-457f-8b99-b922976e02ed/Java 1.8 NoCommons]   | [INFO] Downloading from central: https://repo.maven.apache.org/maven2/org/codehaus/plexus/plexus/2.0.7/plexus-2.0.7.pom
[bc08a5fa-13b7-457f-8b99-b922976e02ed/Java 1.8 NoCommons]   | [INFO] Downloaded from central: https://repo.maven.apache.org/maven2/org/codehaus/plexus/plexus/2.0.7/plexus-2.0.7.pom (17 kB at 2.9 MB/s)
[bc08a5fa-13b7-457f-8b99-b922976e02ed/Java 1.8 NoCommons]   | [INFO] Downloading from central: https://repo.maven.apache.org/maven2/org/codehaus/plexus/plexus-utils/1.5.5/plexus-utils-1.5.5.pom
[bc08a5fa-13b7-457f-8b99-b922976e02ed/Java 1.8 NoCommons]   | [INFO] Downloaded from central: https://repo.maven.apache.org/maven2/org/codehaus/plexus/plexus-utils/1.5.5/plexus-utils-1.5.5.pom (5.1 kB at 735 kB/s)
[bc08a5fa-13b7-457f-8b99-b922976e02ed/Java 1.8 NoCommons]   | [INFO] Downloading from central: https://repo.maven.apache.org/maven2/org/codehaus/plexus/plexus-compiler-manager/1.8.1/plexus-compiler-manager-1.8.1.pom
[bc08a5fa-13b7-457f-8b99-b922976e02ed/Java 1.8 NoCommons]   | [INFO] Downloaded from central: https://repo.maven.apache.org/maven2/org/codehaus/plexus/plexus-compiler-manager/1.8.1/plexus-compiler-manager-1.8.1.pom (713 B at 89 kB/s)
[bc08a5fa-13b7-457f-8b99-b922976e02ed/Java 1.8 NoCommons]   | [INFO] Downloading from central: https://repo.maven.apache.org/maven2/org/codehaus/plexus/plexus-compiler-javac/1.8.1/plexus-compiler-javac-1.8.1.pom
[bc08a5fa-13b7-457f-8b99-b922976e02ed/Java 1.8 NoCommons]   | [INFO] Downloaded from central: https://repo.maven.apache.org/maven2/org/codehaus/plexus/plexus-compiler-javac/1.8.1/plexus-compiler-javac-1.8.1.pom (710 B at 118 kB/s)
[bc08a5fa-13b7-457f-8b99-b922976e02ed/Java 1.8 NoCommons]   | [INFO] Downloading from central: https://repo.maven.apache.org/maven2/org/codehaus/plexus/plexus-compilers/1.8.1/plexus-compilers-1.8.1.pom
[bc08a5fa-13b7-457f-8b99-b922976e02ed/Java 1.8 NoCommons]   | [INFO] Downloaded from central: https://repo.maven.apache.org/maven2/org/codehaus/plexus/plexus-compilers/1.8.1/plexus-compilers-1.8.1.pom (1.3 kB at 265 kB/s)
[bc08a5fa-13b7-457f-8b99-b922976e02ed/Java 1.8 NoCommons]   | [INFO] Downloading from central: https://repo.maven.apache.org/maven2/org/apache/maven/maven-toolchain/1.0/maven-toolchain-1.0.jar
[bc08a5fa-13b7-457f-8b99-b922976e02ed/Java 1.8 NoCommons]   | [INFO] Downloading from central: https://repo.maven.apache.org/maven2/org/codehaus/plexus/plexus-compiler-api/1.8.1/plexus-compiler-api-1.8.1.jar
[bc08a5fa-13b7-457f-8b99-b922976e02ed/Java 1.8 NoCommons]   | [INFO] Downloading from central: https://repo.maven.apache.org/maven2/org/codehaus/plexus/plexus-compiler-manager/1.8.1/plexus-compiler-manager-1.8.1.jar
[bc08a5fa-13b7-457f-8b99-b922976e02ed/Java 1.8 NoCommons]   | [INFO] Downloading from central: https://repo.maven.apache.org/maven2/org/codehaus/plexus/plexus-compiler-javac/1.8.1/plexus-compiler-javac-1.8.1.jar
[bc08a5fa-13b7-457f-8b99-b922976e02ed/Java 1.8 NoCommons]   | [INFO] Downloaded from central: https://repo.maven.apache.org/maven2/org/codehaus/plexus/plexus-compiler-api/1.8.1/plexus-compiler-api-1.8.1.jar (20 kB at 1.8 MB/s)
[bc08a5fa-13b7-457f-8b99-b922976e02ed/Java 1.8 NoCommons]   | [INFO] Downloaded from central: https://repo.maven.apache.org/maven2/org/apache/maven/maven-toolchain/1.0/maven-toolchain-1.0.jar (33 kB at 2.7 MB/s)
[bc08a5fa-13b7-457f-8b99-b922976e02ed/Java 1.8 NoCommons]   | [INFO] Downloaded from central: https://repo.maven.apache.org/maven2/org/codehaus/plexus/plexus-compiler-javac/1.8.1/plexus-compiler-javac-1.8.1.jar (13 kB at 1.6 MB/s)
[bc08a5fa-13b7-457f-8b99-b922976e02ed/Java 1.8 NoCommons]   | [INFO] Downloaded from central: https://repo.maven.apache.org/maven2/org/codehaus/plexus/plexus-compiler-manager/1.8.1/plexus-compiler-manager-1.8.1.jar (5.3 kB at 355 kB/s)
[bc08a5fa-13b7-457f-8b99-b922976e02ed/Java 1.8 NoCommons]   | [INFO] Compiling 24 source files to /tmp/b17a9e08-febf-4c1f-8829-beb0877db846/target/classes
[bc08a5fa-13b7-457f-8b99-b922976e02ed/Java 1.8 NoCommons]   | [INFO] 
[bc08a5fa-13b7-457f-8b99-b922976e02ed/Java 1.8 NoCommons]   | [INFO] --- maven-resources-plugin:2.6:testResources (default-testResources) @ nocommons ---
[bc08a5fa-13b7-457f-8b99-b922976e02ed/Java 1.8 NoCommons]   | [INFO] Using 'UTF-8' encoding to copy filtered resources.
[bc08a5fa-13b7-457f-8b99-b922976e02ed/Java 1.8 NoCommons]   | [INFO] Copying 2 resources
[bc08a5fa-13b7-457f-8b99-b922976e02ed/Java 1.8 NoCommons]   | [INFO] 
[bc08a5fa-13b7-457f-8b99-b922976e02ed/Java 1.8 NoCommons]   | [INFO] --- maven-compiler-plugin:2.3.2:testCompile (default-testCompile) @ nocommons ---
[bc08a5fa-13b7-457f-8b99-b922976e02ed/Java 1.8 NoCommons]   | [INFO] Compiling 18 source files to /tmp/b17a9e08-febf-4c1f-8829-beb0877db846/target/test-classes
[bc08a5fa-13b7-457f-8b99-b922976e02ed/Java 1.8 NoCommons]   | [INFO] 
[bc08a5fa-13b7-457f-8b99-b922976e02ed/Java 1.8 NoCommons]   | [INFO] --- maven-surefire-plugin:2.6:test (default-test) @ nocommons ---
[bc08a5fa-13b7-457f-8b99-b922976e02ed/Java 1.8 NoCommons]   | [INFO] Downloading from central: https://repo.maven.apache.org/maven2/org/apache/maven/surefire/surefire-booter/2.6/surefire-booter-2.6.pom
[bc08a5fa-13b7-457f-8b99-b922976e02ed/Java 1.8 NoCommons]   | [INFO] Downloaded from central: https://repo.maven.apache.org/maven2/org/apache/maven/surefire/surefire-booter/2.6/surefire-booter-2.6.pom (2.0 kB at 95 kB/s)
[bc08a5fa-13b7-457f-8b99-b922976e02ed/Java 1.8 NoCommons]   | [INFO] Downloading from central: https://repo.maven.apache.org/maven2/org/apache/maven/surefire/surefire-api/2.6/surefire-api-2.6.pom
[bc08a5fa-13b7-457f-8b99-b922976e02ed/Java 1.8 NoCommons]   | [INFO] Downloaded from central: https://repo.maven.apache.org/maven2/org/apache/maven/surefire/surefire-api/2.6/surefire-api-2.6.pom (2.1 kB at 160 kB/s)
[bc08a5fa-13b7-457f-8b99-b922976e02ed/Java 1.8 NoCommons]   | [INFO] Downloading from central: https://repo.maven.apache.org/maven2/org/apache/maven/surefire/maven-surefire-common/2.6/maven-surefire-common-2.6.pom
[bc08a5fa-13b7-457f-8b99-b922976e02ed/Java 1.8 NoCommons]   | [INFO] Downloaded from central: https://repo.maven.apache.org/maven2/org/apache/maven/surefire/maven-surefire-common/2.6/maven-surefire-common-2.6.pom (3.7 kB at 149 kB/s)
[bc08a5fa-13b7-457f-8b99-b922976e02ed/Java 1.8 NoCommons]   | [INFO] Downloading from central: https://repo.maven.apache.org/maven2/org/apache/maven/maven-toolchain/2.0.9/maven-toolchain-2.0.9.pom
[bc08a5fa-13b7-457f-8b99-b922976e02ed/Java 1.8 NoCommons]   | [INFO] Downloaded from central: https://repo.maven.apache.org/maven2/org/apache/maven/maven-toolchain/2.0.9/maven-toolchain-2.0.9.pom (3.5 kB at 497 kB/s)
[bc08a5fa-13b7-457f-8b99-b922976e02ed/Java 1.8 NoCommons]   | [INFO] Downloading from central: https://repo.maven.apache.org/maven2/org/apache/maven/maven-artifact/2.0.8/maven-artifact-2.0.8.pom
[bc08a5fa-13b7-457f-8b99-b922976e02ed/Java 1.8 NoCommons]   | [INFO] Downloaded from central: https://repo.maven.apache.org/maven2/org/apache/maven/maven-artifact/2.0.8/maven-artifact-2.0.8.pom (1.6 kB at 180 kB/s)
[bc08a5fa-13b7-457f-8b99-b922976e02ed/Java 1.8 NoCommons]   | [INFO] Downloading from central: https://repo.maven.apache.org/maven2/org/apache/maven/maven-project/2.0.8/maven-project-2.0.8.pom
[bc08a5fa-13b7-457f-8b99-b922976e02ed/Java 1.8 NoCommons]   | [INFO] Downloaded from central: https://repo.maven.apache.org/maven2/org/apache/maven/maven-project/2.0.8/maven-project-2.0.8.pom (2.7 kB at 452 kB/s)
[bc08a5fa-13b7-457f-8b99-b922976e02ed/Java 1.8 NoCommons]   | [INFO] Downloading from central: https://repo.maven.apache.org/maven2/org/apache/maven/maven-settings/2.0.8/maven-settings-2.0.8.pom
[bc08a5fa-13b7-457f-8b99-b922976e02ed/Java 1.8 NoCommons]   | [INFO] Downloaded from central: https://repo.maven.apache.org/maven2/org/apache/maven/maven-settings/2.0.8/maven-settings-2.0.8.pom (2.1 kB at 412 kB/s)
[bc08a5fa-13b7-457f-8b99-b922976e02ed/Java 1.8 NoCommons]   | [INFO] Downloading from central: https://repo.maven.apache.org/maven2/org/apache/maven/maven-profile/2.0.8/maven-profile-2.0.8.pom
[bc08a5fa-13b7-457f-8b99-b922976e02ed/Java 1.8 NoCommons]   | [INFO] Downloaded from central: https://repo.maven.apache.org/maven2/org/apache/maven/maven-profile/2.0.8/maven-profile-2.0.8.pom (2.0 kB at 340 kB/s)
[bc08a5fa-13b7-457f-8b99-b922976e02ed/Java 1.8 NoCommons]   | [INFO] Downloading from central: https://repo.maven.apache.org/maven2/org/apache/maven/maven-artifact-manager/2.0.8/maven-artifact-manager-2.0.8.pom
[bc08a5fa-13b7-457f-8b99-b922976e02ed/Java 1.8 NoCommons]   | [INFO] Downloaded from central: https://repo.maven.apache.org/maven2/org/apache/maven/maven-artifact-manager/2.0.8/maven-artifact-manager-2.0.8.pom (2.7 kB at 63 kB/s)
[bc08a5fa-13b7-457f-8b99-b922976e02ed/Java 1.8 NoCommons]   | [INFO] Downloading from central: https://repo.maven.apache.org/maven2/org/apache/maven/maven-repository-metadata/2.0.8/maven-repository-metadata-2.0.8.pom
[bc08a5fa-13b7-457f-8b99-b922976e02ed/Java 1.8 NoCommons]   | [INFO] Downloaded from central: https://repo.maven.apache.org/maven2/org/apache/maven/maven-repository-metadata/2.0.8/maven-repository-metadata-2.0.8.pom (1.9 kB at 6.3 kB/s)
[bc08a5fa-13b7-457f-8b99-b922976e02ed/Java 1.8 NoCommons]   | [INFO] Downloading from central: https://repo.maven.apache.org/maven2/org/apache/maven/maven-plugin-registry/2.0.8/maven-plugin-registry-2.0.8.pom
[bc08a5fa-13b7-457f-8b99-b922976e02ed/Java 1.8 NoCommons]   | [INFO] Downloaded from central: https://repo.maven.apache.org/maven2/org/apache/maven/maven-plugin-registry/2.0.8/maven-plugin-registry-2.0.8.pom (2.0 kB at 95 kB/s)
[bc08a5fa-13b7-457f-8b99-b922976e02ed/Java 1.8 NoCommons]   | [INFO] Downloading from central: https://repo.maven.apache.org/maven2/org/apache/maven/maven-plugin-api/2.0.8/maven-plugin-api-2.0.8.pom
[bc08a5fa-13b7-457f-8b99-b922976e02ed/Java 1.8 NoCommons]   | [INFO] Downloaded from central: https://repo.maven.apache.org/maven2/org/apache/maven/maven-plugin-api/2.0.8/maven-plugin-api-2.0.8.pom (1.5 kB at 44 kB/s)
[bc08a5fa-13b7-457f-8b99-b922976e02ed/Java 1.8 NoCommons]   | [INFO] Downloading from central: https://repo.maven.apache.org/maven2/org/apache/maven/surefire/surefire-booter/2.6/surefire-booter-2.6.jar
[bc08a5fa-13b7-457f-8b99-b922976e02ed/Java 1.8 NoCommons]   | [INFO] Downloading from central: https://repo.maven.apache.org/maven2/org/apache/maven/surefire/surefire-api/2.6/surefire-api-2.6.jar
[bc08a5fa-13b7-457f-8b99-b922976e02ed/Java 1.8 NoCommons]   | [INFO] Downloading from central: https://repo.maven.apache.org/maven2/org/apache/maven/maven-toolchain/2.0.9/maven-toolchain-2.0.9.jar
[bc08a5fa-13b7-457f-8b99-b922976e02ed/Java 1.8 NoCommons]   | [INFO] Downloading from central: https://repo.maven.apache.org/maven2/org/apache/maven/surefire/maven-surefire-common/2.6/maven-surefire-common-2.6.jar
[bc08a5fa-13b7-457f-8b99-b922976e02ed/Java 1.8 NoCommons]   | [INFO] Downloaded from central: https://repo.maven.apache.org/maven2/org/apache/maven/surefire/maven-surefire-common/2.6/maven-surefire-common-2.6.jar (22 kB at 698 kB/s)
[bc08a5fa-13b7-457f-8b99-b922976e02ed/Java 1.8 NoCommons]   | [INFO] Downloaded from central: https://repo.maven.apache.org/maven2/org/apache/maven/maven-toolchain/2.0.9/maven-toolchain-2.0.9.jar (38 kB at 883 kB/s)
[bc08a5fa-13b7-457f-8b99-b922976e02ed/Java 1.8 NoCommons]   | [INFO] Downloaded from central: https://repo.maven.apache.org/maven2/org/apache/maven/surefire/surefire-api/2.6/surefire-api-2.6.jar (531 kB at 742 kB/s)
[bc08a5fa-13b7-457f-8b99-b922976e02ed/Java 1.8 NoCommons]   | [INFO] Downloaded from central: https://repo.maven.apache.org/maven2/org/apache/maven/surefire/surefire-booter/2.6/surefire-booter-2.6.jar (277 kB at 182 kB/s)
[bc08a5fa-13b7-457f-8b99-b922976e02ed/Java 1.8 NoCommons]   | [INFO] Downloading from central: https://repo.maven.apache.org/maven2/org/apache/maven/surefire/surefire-junit4/2.6/surefire-junit4-2.6.pom
[bc08a5fa-13b7-457f-8b99-b922976e02ed/Java 1.8 NoCommons]   | [INFO] Downloaded from central: https://repo.maven.apache.org/maven2/org/apache/maven/surefire/surefire-junit4/2.6/surefire-junit4-2.6.pom (2.0 kB at 250 kB/s)
[bc08a5fa-13b7-457f-8b99-b922976e02ed/Java 1.8 NoCommons]   | [INFO] Downloading from central: https://repo.maven.apache.org/maven2/org/apache/maven/surefire/surefire-providers/2.6/surefire-providers-2.6.pom
[bc08a5fa-13b7-457f-8b99-b922976e02ed/Java 1.8 NoCommons]   | [INFO] Downloaded from central: https://repo.maven.apache.org/maven2/org/apache/maven/surefire/surefire-providers/2.6/surefire-providers-2.6.pom (1.8 kB at 117 kB/s)
[bc08a5fa-13b7-457f-8b99-b922976e02ed/Java 1.8 NoCommons]   | [INFO] Downloading from central: https://repo.maven.apache.org/maven2/org/apache/maven/surefire/surefire-junit4/2.6/surefire-junit4-2.6.jar
[bc08a5fa-13b7-457f-8b99-b922976e02ed/Java 1.8 NoCommons]   | [INFO] Downloaded from central: https://repo.maven.apache.org/maven2/org/apache/maven/surefire/surefire-junit4/2.6/surefire-junit4-2.6.jar (12 kB at 1.5 MB/s)
[bc08a5fa-13b7-457f-8b99-b922976e02ed/Java 1.8 NoCommons]   | [INFO] Surefire report directory: /tmp/b17a9e08-febf-4c1f-8829-beb0877db846/target/surefire-reports
[bc08a5fa-13b7-457f-8b99-b922976e02ed/Java 1.8 NoCommons]   | 
[bc08a5fa-13b7-457f-8b99-b922976e02ed/Java 1.8 NoCommons]   | -------------------------------------------------------
[bc08a5fa-13b7-457f-8b99-b922976e02ed/Java 1.8 NoCommons]   |  T E S T S
[bc08a5fa-13b7-457f-8b99-b922976e02ed/Java 1.8 NoCommons]   | -------------------------------------------------------
[bc08a5fa-13b7-457f-8b99-b922976e02ed/Java 1.8 NoCommons]   | Running no.bekk.bekkopen.mail.MailDataLoaderTest
[bc08a5fa-13b7-457f-8b99-b922976e02ed/Java 1.8 NoCommons]   | Tests run: 5, Failures: 0, Errors: 0, Skipped: 0, Time elapsed: 0.206 sec
[bc08a5fa-13b7-457f-8b99-b922976e02ed/Java 1.8 NoCommons]   | Running no.bekk.bekkopen.org.OrganisasjonsnummerTest
[bc08a5fa-13b7-457f-8b99-b922976e02ed/Java 1.8 NoCommons]   | Tests run: 2, Failures: 0, Errors: 0, Skipped: 0, Time elapsed: 0.004 sec
[bc08a5fa-13b7-457f-8b99-b922976e02ed/Java 1.8 NoCommons]   | Running no.bekk.bekkopen.person.FodselsnummerCalculatorTest
[bc08a5fa-13b7-457f-8b99-b922976e02ed/Java 1.8 NoCommons]   | Tests run: 7, Failures: 0, Errors: 0, Skipped: 0, Time elapsed: 0.182 sec
[bc08a5fa-13b7-457f-8b99-b922976e02ed/Java 1.8 NoCommons]   | Running no.bekk.bekkopen.banking.KontonummerTest
[bc08a5fa-13b7-457f-8b99-b922976e02ed/Java 1.8 NoCommons]   | Tests run: 6, Failures: 0, Errors: 0, Skipped: 0, Time elapsed: 0.008 sec
[bc08a5fa-13b7-457f-8b99-b922976e02ed/Java 1.8 NoCommons]   | Running no.bekk.bekkopen.banking.KontonummerCalculatorTest
[bc08a5fa-13b7-457f-8b99-b922976e02ed/Java 1.8 NoCommons]   | Tests run: 3, Failures: 0, Errors: 0, Skipped: 0, Time elapsed: 0.011 sec
[bc08a5fa-13b7-457f-8b99-b922976e02ed/Java 1.8 NoCommons]   | Running no.bekk.bekkopen.person.FodselsnummerTest
[bc08a5fa-13b7-457f-8b99-b922976e02ed/Java 1.8 NoCommons]   | Tests run: 19, Failures: 0, Errors: 0, Skipped: 0, Time elapsed: 0.034 sec
[bc08a5fa-13b7-457f-8b99-b922976e02ed/Java 1.8 NoCommons]   | Running no.bekk.bekkopen.org.OrganisasjonsnummerCalculatorTest
[bc08a5fa-13b7-457f-8b99-b922976e02ed/Java 1.8 NoCommons]   | Tests run: 1, Failures: 0, Errors: 0, Skipped: 0, Time elapsed: 0.007 sec
[bc08a5fa-13b7-457f-8b99-b922976e02ed/Java 1.8 NoCommons]   | Running no.bekk.bekkopen.person.PersonTest
[bc08a5fa-13b7-457f-8b99-b922976e02ed/Java 1.8 NoCommons]   | Tests run: 1, Failures: 0, Errors: 0, Skipped: 0, Time elapsed: 0.088 sec
[bc08a5fa-13b7-457f-8b99-b922976e02ed/Java 1.8 NoCommons]   | Running no.bekk.bekkopen.date.NorwegianDateUtilTest
[bc08a5fa-13b7-457f-8b99-b922976e02ed/Java 1.8 NoCommons]   | Tests run: 9, Failures: 1, Errors: 0, Skipped: 0, Time elapsed: 0.019 sec <<< FAILURE!
[bc08a5fa-13b7-457f-8b99-b922976e02ed/Java 1.8 NoCommons]   | Running no.bekk.bekkopen.person.FodselsnummerValidatorTest
[bc08a5fa-13b7-457f-8b99-b922976e02ed/Java 1.8 NoCommons]   | Tests run: 13, Failures: 0, Errors: 0, Skipped: 0, Time elapsed: 0.018 sec
[bc08a5fa-13b7-457f-8b99-b922976e02ed/Java 1.8 NoCommons]   | Running no.bekk.bekkopen.localization.TextParserTest
[bc08a5fa-13b7-457f-8b99-b922976e02ed/Java 1.8 NoCommons]   | Tests run: 1, Failures: 0, Errors: 0, Skipped: 0, Time elapsed: 0.003 sec
[bc08a5fa-13b7-457f-8b99-b922976e02ed/Java 1.8 NoCommons]   | Running no.bekk.bekkopen.mail.MailValidatorTest
[bc08a5fa-13b7-457f-8b99-b922976e02ed/Java 1.8 NoCommons]   | Tests run: 7, Failures: 0, Errors: 0, Skipped: 0, Time elapsed: 0.006 sec
[bc08a5fa-13b7-457f-8b99-b922976e02ed/Java 1.8 NoCommons]   | Running no.bekk.bekkopen.person.NavnGeneratorTest
[bc08a5fa-13b7-457f-8b99-b922976e02ed/Java 1.8 NoCommons]   | Tests run: 7, Failures: 0, Errors: 0, Skipped: 0, Time elapsed: 0.019 sec
[bc08a5fa-13b7-457f-8b99-b922976e02ed/Java 1.8 NoCommons]   | Running no.bekk.bekkopen.banking.KidnummerValidatorTest
[bc08a5fa-13b7-457f-8b99-b922976e02ed/Java 1.8 NoCommons]   | Tests run: 8, Failures: 0, Errors: 0, Skipped: 0, Time elapsed: 0.01 sec
[bc08a5fa-13b7-457f-8b99-b922976e02ed/Java 1.8 NoCommons]   | Running no.bekk.bekkopen.banking.KontonummerValidatorTest
[bc08a5fa-13b7-457f-8b99-b922976e02ed/Java 1.8 NoCommons]   | Tests run: 11, Failures: 0, Errors: 0, Skipped: 0, Time elapsed: 0.004 sec
[bc08a5fa-13b7-457f-8b99-b922976e02ed/Java 1.8 NoCommons]   | Running no.bekk.bekkopen.org.OrganisasjonsnummerValidatorTest
[bc08a5fa-13b7-457f-8b99-b922976e02ed/Java 1.8 NoCommons]   | Tests run: 5, Failures: 0, Errors: 0, Skipped: 0, Time elapsed: 0.002 sec
[bc08a5fa-13b7-457f-8b99-b922976e02ed/Java 1.8 NoCommons]   | Running no.bekk.bekkopen.person.NavnTest
[bc08a5fa-13b7-457f-8b99-b922976e02ed/Java 1.8 NoCommons]   | Tests run: 5, Failures: 0, Errors: 0, Skipped: 0, Time elapsed: 0.003 sec
[bc08a5fa-13b7-457f-8b99-b922976e02ed/Java 1.8 NoCommons]   | 
[bc08a5fa-13b7-457f-8b99-b922976e02ed/Java 1.8 NoCommons]   | Results :
[bc08a5fa-13b7-457f-8b99-b922976e02ed/Java 1.8 NoCommons]   | 
[bc08a5fa-13b7-457f-8b99-b922976e02ed/Java 1.8 NoCommons]   | Failed tests: 
[bc08a5fa-13b7-457f-8b99-b922976e02ed/Java 1.8 NoCommons]   |   testGetAllNorwegianHolidaysForYear(no.bekk.bekkopen.date.NorwegianDateUtilTest)
[bc08a5fa-13b7-457f-8b99-b922976e02ed/Java 1.8 NoCommons]   | 
[bc08a5fa-13b7-457f-8b99-b922976e02ed/Java 1.8 NoCommons]   | Tests run: 110, Failures: 1, Errors: 0, Skipped: 0
[bc08a5fa-13b7-457f-8b99-b922976e02ed/Java 1.8 NoCommons]   | 
[bc08a5fa-13b7-457f-8b99-b922976e02ed/Java 1.8 NoCommons]   | [INFO] ------------------------------------------------------------------------
[bc08a5fa-13b7-457f-8b99-b922976e02ed/Java 1.8 NoCommons]   | [INFO] BUILD FAILURE
[bc08a5fa-13b7-457f-8b99-b922976e02ed/Java 1.8 NoCommons]   | [INFO] ------------------------------------------------------------------------
[bc08a5fa-13b7-457f-8b99-b922976e02ed/Java 1.8 NoCommons]   | [INFO] Total time:  11.672 s
[bc08a5fa-13b7-457f-8b99-b922976e02ed/Java 1.8 NoCommons]   | [INFO] Finished at: 2023-07-12T04:59:31Z
[bc08a5fa-13b7-457f-8b99-b922976e02ed/Java 1.8 NoCommons]   | [INFO] ------------------------------------------------------------------------
[bc08a5fa-13b7-457f-8b99-b922976e02ed/Java 1.8 NoCommons]   | [ERROR] Failed to execute goal org.apache.maven.plugins:maven-surefire-plugin:2.6:test (default-test) on project nocommons: There are test failures.
[bc08a5fa-13b7-457f-8b99-b922976e02ed/Java 1.8 NoCommons]   | [ERROR] 
[bc08a5fa-13b7-457f-8b99-b922976e02ed/Java 1.8 NoCommons]   | [ERROR] Please refer to /tmp/b17a9e08-febf-4c1f-8829-beb0877db846/target/surefire-reports for the individual test results.
[bc08a5fa-13b7-457f-8b99-b922976e02ed/Java 1.8 NoCommons]   | [ERROR] -> [Help 1]
[bc08a5fa-13b7-457f-8b99-b922976e02ed/Java 1.8 NoCommons]   | [ERROR] 
[bc08a5fa-13b7-457f-8b99-b922976e02ed/Java 1.8 NoCommons]   | [ERROR] To see the full stack trace of the errors, re-run Maven with the -e switch.
[bc08a5fa-13b7-457f-8b99-b922976e02ed/Java 1.8 NoCommons]   | [ERROR] Re-run Maven using the -X switch to enable full debug logging.
[bc08a5fa-13b7-457f-8b99-b922976e02ed/Java 1.8 NoCommons]   | [ERROR] 
[bc08a5fa-13b7-457f-8b99-b922976e02ed/Java 1.8 NoCommons]   | [ERROR] For more information about the errors and possible solutions, please read the following articles:
[bc08a5fa-13b7-457f-8b99-b922976e02ed/Java 1.8 NoCommons]   | [ERROR] [Help 1] http://cwiki.apache.org/confluence/display/MAVEN/MojoFailureException
[bc08a5fa-13b7-457f-8b99-b922976e02ed/Java 1.8 NoCommons]   ‚ùå  Failure - Main Build with Maven
[bc08a5fa-13b7-457f-8b99-b922976e02ed/Java 1.8 NoCommons] exitcode '1': failure
[bc08a5fa-13b7-457f-8b99-b922976e02ed/Java 1.8 NoCommons] unable to get git ref: failed to identify reference (tag/branch) for the checked-out revision '658a872e9cf2380354093022238a441eb42ffc74'
[bc08a5fa-13b7-457f-8b99-b922976e02ed/Java 1.8 NoCommons] unable to get git ref: failed to identify reference (tag/branch) for the checked-out revision '658a872e9cf2380354093022238a441eb42ffc74'
[bc08a5fa-13b7-457f-8b99-b922976e02ed/Java 1.8 NoCommons] unable to get git ref: failed to identify reference (tag/branch) for the checked-out revision '658a872e9cf2380354093022238a441eb42ffc74'
[bc08a5fa-13b7-457f-8b99-b922976e02ed/Java 1.8 NoCommons] unable to get git ref: failed to identify reference (tag/branch) for the checked-out revision '658a872e9cf2380354093022238a441eb42ffc74'
[bc08a5fa-13b7-457f-8b99-b922976e02ed/Java 1.8 NoCommons] unable to get git ref: failed to identify reference (tag/branch) for the checked-out revision '658a872e9cf2380354093022238a441eb42ffc74'
[bc08a5fa-13b7-457f-8b99-b922976e02ed/Java 1.8 NoCommons] ‚≠ê Run Post Set up java
[bc08a5fa-13b7-457f-8b99-b922976e02ed/Java 1.8 NoCommons]   üê≥  docker exec cmd=[node /var/run/act/actions/actions-setup-java@v1/dist/cleanup/index.js] user= workdir=
[bc08a5fa-13b7-457f-8b99-b922976e02ed/Java 1.8 NoCommons]   ‚úÖ  Success - Post Set up java
[bc08a5fa-13b7-457f-8b99-b922976e02ed/Java 1.8 NoCommons] üèÅ  Job failed
[bc08a5fa-13b7-457f-8b99-b922976e02ed/Java 1.8 NoCommons] unable to get git ref: failed to identify reference (tag/branch) for the checked-out revision '658a872e9cf2380354093022238a441eb42ffc74'
