[25f49db0-0af8-47ad-9613-6de26753bd51/build] üöÄ  Start image=gitbugactions:latest
[25f49db0-0af8-47ad-9613-6de26753bd51/build]   üê≥  docker pull image=gitbugactions:latest platform= username= forcePull=false
[25f49db0-0af8-47ad-9613-6de26753bd51/build]   üê≥  docker create image=gitbugactions:latest platform= entrypoint=["tail" "-f" "/dev/null"] cmd=[]
[25f49db0-0af8-47ad-9613-6de26753bd51/build]   üê≥  docker run image=gitbugactions:latest platform= entrypoint=["tail" "-f" "/dev/null"] cmd=[]
[25f49db0-0af8-47ad-9613-6de26753bd51/build]   üê≥  docker exec cmd=[chown -R 1012:1013 /tmp/6e6bdca5-2c61-4df6-aa9d-e215375cac87] user=0 workdir=
[25f49db0-0af8-47ad-9613-6de26753bd51/build] unable to get git ref: failed to identify reference (tag/branch) for the checked-out revision '44dcebb6996b39b5a1a67a8633f95b6e4c1bd0f0'
[25f49db0-0af8-47ad-9613-6de26753bd51/build] unable to get git ref: failed to identify reference (tag/branch) for the checked-out revision '44dcebb6996b39b5a1a67a8633f95b6e4c1bd0f0'
[25f49db0-0af8-47ad-9613-6de26753bd51/build] unable to get git ref: failed to identify reference (tag/branch) for the checked-out revision '44dcebb6996b39b5a1a67a8633f95b6e4c1bd0f0'
[25f49db0-0af8-47ad-9613-6de26753bd51/build] unable to get git ref: failed to identify reference (tag/branch) for the checked-out revision '44dcebb6996b39b5a1a67a8633f95b6e4c1bd0f0'
[25f49db0-0af8-47ad-9613-6de26753bd51/build] unable to get git ref: failed to identify reference (tag/branch) for the checked-out revision '44dcebb6996b39b5a1a67a8633f95b6e4c1bd0f0'
[25f49db0-0af8-47ad-9613-6de26753bd51/build] unable to get git ref: failed to identify reference (tag/branch) for the checked-out revision '44dcebb6996b39b5a1a67a8633f95b6e4c1bd0f0'
[25f49db0-0af8-47ad-9613-6de26753bd51/build] unable to get git ref: failed to identify reference (tag/branch) for the checked-out revision '44dcebb6996b39b5a1a67a8633f95b6e4c1bd0f0'
[25f49db0-0af8-47ad-9613-6de26753bd51/build] unable to get git ref: failed to identify reference (tag/branch) for the checked-out revision '44dcebb6996b39b5a1a67a8633f95b6e4c1bd0f0'
[25f49db0-0af8-47ad-9613-6de26753bd51/build] unable to get git ref: failed to identify reference (tag/branch) for the checked-out revision '44dcebb6996b39b5a1a67a8633f95b6e4c1bd0f0'
[25f49db0-0af8-47ad-9613-6de26753bd51/build] ‚≠ê Run Main actions/checkout@v2
[25f49db0-0af8-47ad-9613-6de26753bd51/build] unable to get git ref: failed to identify reference (tag/branch) for the checked-out revision '44dcebb6996b39b5a1a67a8633f95b6e4c1bd0f0'
[25f49db0-0af8-47ad-9613-6de26753bd51/build] unable to get git ref: failed to identify reference (tag/branch) for the checked-out revision '44dcebb6996b39b5a1a67a8633f95b6e4c1bd0f0'
[25f49db0-0af8-47ad-9613-6de26753bd51/build]   üê≥  docker cp src=/tmp/6e6bdca5-2c61-4df6-aa9d-e215375cac87/. dst=/tmp/6e6bdca5-2c61-4df6-aa9d-e215375cac87
[25f49db0-0af8-47ad-9613-6de26753bd51/build]   üê≥  docker exec cmd=[chown -R 1012:1013 /tmp/6e6bdca5-2c61-4df6-aa9d-e215375cac87] user=0 workdir=
[25f49db0-0af8-47ad-9613-6de26753bd51/build]   ‚úÖ  Success - Main actions/checkout@v2
[25f49db0-0af8-47ad-9613-6de26753bd51/build] unable to get git ref: failed to identify reference (tag/branch) for the checked-out revision '44dcebb6996b39b5a1a67a8633f95b6e4c1bd0f0'
[25f49db0-0af8-47ad-9613-6de26753bd51/build] unable to get git ref: failed to identify reference (tag/branch) for the checked-out revision '44dcebb6996b39b5a1a67a8633f95b6e4c1bd0f0'
[25f49db0-0af8-47ad-9613-6de26753bd51/build] unable to get git ref: failed to identify reference (tag/branch) for the checked-out revision '44dcebb6996b39b5a1a67a8633f95b6e4c1bd0f0'
[25f49db0-0af8-47ad-9613-6de26753bd51/build] unable to get git ref: failed to identify reference (tag/branch) for the checked-out revision '44dcebb6996b39b5a1a67a8633f95b6e4c1bd0f0'
[25f49db0-0af8-47ad-9613-6de26753bd51/build] unable to get git ref: failed to identify reference (tag/branch) for the checked-out revision '44dcebb6996b39b5a1a67a8633f95b6e4c1bd0f0'
[25f49db0-0af8-47ad-9613-6de26753bd51/build] ‚≠ê Run Main Set up JDK 17
[25f49db0-0af8-47ad-9613-6de26753bd51/build] unable to get git ref: failed to identify reference (tag/branch) for the checked-out revision '44dcebb6996b39b5a1a67a8633f95b6e4c1bd0f0'
[25f49db0-0af8-47ad-9613-6de26753bd51/build] unable to get git ref: failed to identify reference (tag/branch) for the checked-out revision '44dcebb6996b39b5a1a67a8633f95b6e4c1bd0f0'
[25f49db0-0af8-47ad-9613-6de26753bd51/build] unable to get git ref: failed to identify reference (tag/branch) for the checked-out revision '44dcebb6996b39b5a1a67a8633f95b6e4c1bd0f0'
[25f49db0-0af8-47ad-9613-6de26753bd51/build]   üê≥  docker cp src=/tmp/act-cache/fbf6d1dd-6b80-4626-9633-dac92bd57da5/act/actions-setup-java@v2/ dst=/var/run/act/actions/actions-setup-java@v2/
[25f49db0-0af8-47ad-9613-6de26753bd51/build]   üê≥  docker exec cmd=[chown -R 1012:1013 /var/run/act/actions/actions-setup-java@v2/] user=0 workdir=
[25f49db0-0af8-47ad-9613-6de26753bd51/build]   üê≥  docker exec cmd=[node /var/run/act/actions/actions-setup-java@v2/dist/setup/index.js] user= workdir=
[25f49db0-0af8-47ad-9613-6de26753bd51/build]   | Trying to resolve the latest version from remote
[25f49db0-0af8-47ad-9613-6de26753bd51/build]   | Resolved latest version as 17.0.9+9
[25f49db0-0af8-47ad-9613-6de26753bd51/build]   | Trying to download...
[25f49db0-0af8-47ad-9613-6de26753bd51/build]   | Downloading Java 17.0.9+9 (Adopt-Hotspot) from https://github.com/adoptium/temurin17-binaries/releases/download/jdk-17.0.9%2B9/OpenJDK17U-jdk_x64_linux_hotspot_17.0.9_9.tar.gz ...
[25f49db0-0af8-47ad-9613-6de26753bd51/build]   üí¨  ::debug::Downloading https://github.com/adoptium/temurin17-binaries/releases/download/jdk-17.0.9%252B9/OpenJDK17U-jdk_x64_linux_hotspot_17.0.9_9.tar.gz
[25f49db0-0af8-47ad-9613-6de26753bd51/build]   üí¨  ::debug::Destination /tmp/37e2ba57-f9b1-4c23-b848-cc41e6a80ee0
[25f49db0-0af8-47ad-9613-6de26753bd51/build]   üí¨  ::debug::download complete
[25f49db0-0af8-47ad-9613-6de26753bd51/build]   | Extracting Java archive...
[25f49db0-0af8-47ad-9613-6de26753bd51/build]   üí¨  ::debug::Checking tar --version
[25f49db0-0af8-47ad-9613-6de26753bd51/build]   üí¨  ::debug::tar (GNU tar) 1.34%0ACopyright (C) 2021 Free Software Foundation, Inc.%0ALicense GPLv3+: GNU GPL version 3 or later <https://gnu.org/licenses/gpl.html>.%0AThis is free software: you are free to change and redistribute it.%0AThere is NO WARRANTY, to the extent permitted by law.%0A%0AWritten by John Gilmore and Jay Fenlason.
[25f49db0-0af8-47ad-9613-6de26753bd51/build]   | [command]/usr/bin/tar xz --warning=no-unknown-keyword -C /tmp/b67add5b-d257-416e-becc-2d17d0460775 -f /tmp/37e2ba57-f9b1-4c23-b848-cc41e6a80ee0
[25f49db0-0af8-47ad-9613-6de26753bd51/build]   üí¨  ::debug::Caching tool Java_Adopt_jdk 17.0.9-9 x64
[25f49db0-0af8-47ad-9613-6de26753bd51/build]   üí¨  ::debug::source dir: /tmp/b67add5b-d257-416e-becc-2d17d0460775/jdk-17.0.9+9
[25f49db0-0af8-47ad-9613-6de26753bd51/build]   üí¨  ::debug::destination /opt/hostedtoolcache/Java_Adopt_jdk/17.0.9-9/x64
[25f49db0-0af8-47ad-9613-6de26753bd51/build]   üí¨  ::debug::finished caching tool
[25f49db0-0af8-47ad-9613-6de26753bd51/build]   | Java 17.0.9+9 was downloaded
[25f49db0-0af8-47ad-9613-6de26753bd51/build]   | Setting Java 17.0.9+9 as the default
[25f49db0-0af8-47ad-9613-6de26753bd51/build]   | 
[25f49db0-0af8-47ad-9613-6de26753bd51/build]   | Java configuration:
[25f49db0-0af8-47ad-9613-6de26753bd51/build]   |   Distribution: adopt
[25f49db0-0af8-47ad-9613-6de26753bd51/build]   |   Version: 17.0.9+9
[25f49db0-0af8-47ad-9613-6de26753bd51/build]   |   Path: /opt/hostedtoolcache/Java_Adopt_jdk/17.0.9-9/x64
[25f49db0-0af8-47ad-9613-6de26753bd51/build]   | 
[25f49db0-0af8-47ad-9613-6de26753bd51/build]   ‚ùì add-matcher /run/act/actions/actions-setup-java@v2/.github/java.json
[25f49db0-0af8-47ad-9613-6de26753bd51/build]   | Creating settings.xml with server-id: github
[25f49db0-0af8-47ad-9613-6de26753bd51/build]   | Writing to /home/runner/.m2/settings.xml
[25f49db0-0af8-47ad-9613-6de26753bd51/build]   ‚úÖ  Success - Main Set up JDK 17
[25f49db0-0af8-47ad-9613-6de26753bd51/build]   ‚öô  ::set-env:: JAVA_HOME=/opt/hostedtoolcache/Java_Adopt_jdk/17.0.9-9/x64
[25f49db0-0af8-47ad-9613-6de26753bd51/build]   ‚öô  ::set-output:: distribution=Adopt-Hotspot
[25f49db0-0af8-47ad-9613-6de26753bd51/build]   ‚öô  ::set-output:: path=/opt/hostedtoolcache/Java_Adopt_jdk/17.0.9-9/x64
[25f49db0-0af8-47ad-9613-6de26753bd51/build]   ‚öô  ::set-output:: version=17.0.9+9
[25f49db0-0af8-47ad-9613-6de26753bd51/build]   ‚öô  ::add-path:: /opt/hostedtoolcache/Java_Adopt_jdk/17.0.9-9/x64/bin
[25f49db0-0af8-47ad-9613-6de26753bd51/build] unable to get git ref: failed to identify reference (tag/branch) for the checked-out revision '44dcebb6996b39b5a1a67a8633f95b6e4c1bd0f0'
[25f49db0-0af8-47ad-9613-6de26753bd51/build] unable to get git ref: failed to identify reference (tag/branch) for the checked-out revision '44dcebb6996b39b5a1a67a8633f95b6e4c1bd0f0'
[25f49db0-0af8-47ad-9613-6de26753bd51/build] unable to get git ref: failed to identify reference (tag/branch) for the checked-out revision '44dcebb6996b39b5a1a67a8633f95b6e4c1bd0f0'
[25f49db0-0af8-47ad-9613-6de26753bd51/build] unable to get git ref: failed to identify reference (tag/branch) for the checked-out revision '44dcebb6996b39b5a1a67a8633f95b6e4c1bd0f0'
[25f49db0-0af8-47ad-9613-6de26753bd51/build] unable to get git ref: failed to identify reference (tag/branch) for the checked-out revision '44dcebb6996b39b5a1a67a8633f95b6e4c1bd0f0'
[25f49db0-0af8-47ad-9613-6de26753bd51/build] ‚≠ê Run Main Build with Maven
[25f49db0-0af8-47ad-9613-6de26753bd51/build] unable to get git ref: failed to identify reference (tag/branch) for the checked-out revision '44dcebb6996b39b5a1a67a8633f95b6e4c1bd0f0'
[25f49db0-0af8-47ad-9613-6de26753bd51/build] unable to get git ref: failed to identify reference (tag/branch) for the checked-out revision '44dcebb6996b39b5a1a67a8633f95b6e4c1bd0f0'
[25f49db0-0af8-47ad-9613-6de26753bd51/build] unable to get git ref: failed to identify reference (tag/branch) for the checked-out revision '44dcebb6996b39b5a1a67a8633f95b6e4c1bd0f0'
[25f49db0-0af8-47ad-9613-6de26753bd51/build] unable to get git ref: failed to identify reference (tag/branch) for the checked-out revision '44dcebb6996b39b5a1a67a8633f95b6e4c1bd0f0'
[25f49db0-0af8-47ad-9613-6de26753bd51/build]   üê≥  docker exec cmd=[bash --noprofile --norc -e -o pipefail /var/run/act/workflow/2] user= workdir=
[25f49db0-0af8-47ad-9613-6de26753bd51/build]   | [INFO] Scanning for projects...
[25f49db0-0af8-47ad-9613-6de26753bd51/build]   | [INFO] Downloading from central: https://repo.maven.apache.org/maven2/org/junit/junit-bom/5.8.2/junit-bom-5.8.2.pom
[25f49db0-0af8-47ad-9613-6de26753bd51/build]   | [INFO] Downloaded from central: https://repo.maven.apache.org/maven2/org/junit/junit-bom/5.8.2/junit-bom-5.8.2.pom (5.6 kB at 24 kB/s)
[25f49db0-0af8-47ad-9613-6de26753bd51/build]   | [INFO] 
[25f49db0-0af8-47ad-9613-6de26753bd51/build]   | [INFO] -----------------------< com.thealgorithms:Java >-----------------------
[25f49db0-0af8-47ad-9613-6de26753bd51/build]   | [INFO] Building Java 1.0-SNAPSHOT
[25f49db0-0af8-47ad-9613-6de26753bd51/build]   | [INFO]   from pom.xml
[25f49db0-0af8-47ad-9613-6de26753bd51/build]   | [INFO] --------------------------------[ jar ]---------------------------------
[25f49db0-0af8-47ad-9613-6de26753bd51/build]   | [INFO] Downloading from central: https://repo.maven.apache.org/maven2/org/apache/maven/plugins/maven-resources-plugin/2.6/maven-resources-plugin-2.6.pom
[25f49db0-0af8-47ad-9613-6de26753bd51/build]   | [INFO] Downloaded from central: https://repo.maven.apache.org/maven2/org/apache/maven/plugins/maven-resources-plugin/2.6/maven-resources-plugin-2.6.pom (8.1 kB at 353 kB/s)
[25f49db0-0af8-47ad-9613-6de26753bd51/build]   | [INFO] Downloading from central: https://repo.maven.apache.org/maven2/org/apache/maven/plugins/maven-plugins/23/maven-plugins-23.pom
[25f49db0-0af8-47ad-9613-6de26753bd51/build]   | [INFO] Downloaded from central: https://repo.maven.apache.org/maven2/org/apache/maven/plugins/maven-plugins/23/maven-plugins-23.pom (9.2 kB at 541 kB/s)
[25f49db0-0af8-47ad-9613-6de26753bd51/build]   | [INFO] Downloading from central: https://repo.maven.apache.org/maven2/org/apache/maven/maven-parent/22/maven-parent-22.pom
[25f49db0-0af8-47ad-9613-6de26753bd51/build]   | [INFO] Downloaded from central: https://repo.maven.apache.org/maven2/org/apache/maven/maven-parent/22/maven-parent-22.pom (30 kB at 1.4 MB/s)
[25f49db0-0af8-47ad-9613-6de26753bd51/build]   | [INFO] Downloading from central: https://repo.maven.apache.org/maven2/org/apache/apache/11/apache-11.pom
[25f49db0-0af8-47ad-9613-6de26753bd51/build]   | [INFO] Downloaded from central: https://repo.maven.apache.org/maven2/org/apache/apache/11/apache-11.pom (15 kB at 705 kB/s)
[25f49db0-0af8-47ad-9613-6de26753bd51/build]   | [INFO] Downloading from central: https://repo.maven.apache.org/maven2/org/apache/maven/plugins/maven-resources-plugin/2.6/maven-resources-plugin-2.6.jar
[25f49db0-0af8-47ad-9613-6de26753bd51/build]   | [INFO] Downloaded from central: https://repo.maven.apache.org/maven2/org/apache/maven/plugins/maven-resources-plugin/2.6/maven-resources-plugin-2.6.jar (30 kB at 1.2 MB/s)
[25f49db0-0af8-47ad-9613-6de26753bd51/build]   | [INFO] Downloading from central: https://repo.maven.apache.org/maven2/org/apache/maven/plugins/maven-compiler-plugin/3.10.1/maven-compiler-plugin-3.10.1.pom
[25f49db0-0af8-47ad-9613-6de26753bd51/build]   | [INFO] Downloaded from central: https://repo.maven.apache.org/maven2/org/apache/maven/plugins/maven-compiler-plugin/3.10.1/maven-compiler-plugin-3.10.1.pom (13 kB at 664 kB/s)
[25f49db0-0af8-47ad-9613-6de26753bd51/build]   | [INFO] Downloading from central: https://repo.maven.apache.org/maven2/org/apache/maven/plugins/maven-plugins/34/maven-plugins-34.pom
[25f49db0-0af8-47ad-9613-6de26753bd51/build]   | [INFO] Downloaded from central: https://repo.maven.apache.org/maven2/org/apache/maven/plugins/maven-plugins/34/maven-plugins-34.pom (11 kB at 411 kB/s)
[25f49db0-0af8-47ad-9613-6de26753bd51/build]   | [INFO] Downloading from central: https://repo.maven.apache.org/maven2/org/apache/maven/maven-parent/34/maven-parent-34.pom
[25f49db0-0af8-47ad-9613-6de26753bd51/build]   | [INFO] Downloaded from central: https://repo.maven.apache.org/maven2/org/apache/maven/maven-parent/34/maven-parent-34.pom (43 kB at 1.6 MB/s)
[25f49db0-0af8-47ad-9613-6de26753bd51/build]   | [INFO] Downloading from central: https://repo.maven.apache.org/maven2/org/apache/apache/23/apache-23.pom
[25f49db0-0af8-47ad-9613-6de26753bd51/build]   | [INFO] Downloaded from central: https://repo.maven.apache.org/maven2/org/apache/apache/23/apache-23.pom (18 kB at 921 kB/s)
[25f49db0-0af8-47ad-9613-6de26753bd51/build]   | [INFO] Downloading from central: https://repo.maven.apache.org/maven2/org/apache/maven/plugins/maven-compiler-plugin/3.10.1/maven-compiler-plugin-3.10.1.jar
[25f49db0-0af8-47ad-9613-6de26753bd51/build]   | [INFO] Downloaded from central: https://repo.maven.apache.org/maven2/org/apache/maven/plugins/maven-compiler-plugin/3.10.1/maven-compiler-plugin-3.10.1.jar (62 kB at 1.8 MB/s)
[25f49db0-0af8-47ad-9613-6de26753bd51/build]   | [INFO] Downloading from central: https://repo.maven.apache.org/maven2/org/apache/maven/plugins/maven-surefire-plugin/2.22.2/maven-surefire-plugin-2.22.2.pom
[25f49db0-0af8-47ad-9613-6de26753bd51/build]   | [INFO] Downloaded from central: https://repo.maven.apache.org/maven2/org/apache/maven/plugins/maven-surefire-plugin/2.22.2/maven-surefire-plugin-2.22.2.pom (5.0 kB at 161 kB/s)
[25f49db0-0af8-47ad-9613-6de26753bd51/build]   | [INFO] Downloading from central: https://repo.maven.apache.org/maven2/org/apache/maven/surefire/surefire/2.22.2/surefire-2.22.2.pom
[25f49db0-0af8-47ad-9613-6de26753bd51/build]   | [INFO] Downloaded from central: https://repo.maven.apache.org/maven2/org/apache/maven/surefire/surefire/2.22.2/surefire-2.22.2.pom (26 kB at 956 kB/s)
[25f49db0-0af8-47ad-9613-6de26753bd51/build]   | [INFO] Downloading from central: https://repo.maven.apache.org/maven2/org/apache/maven/maven-parent/33/maven-parent-33.pom
[25f49db0-0af8-47ad-9613-6de26753bd51/build]   | [INFO] Downloaded from central: https://repo.maven.apache.org/maven2/org/apache/maven/maven-parent/33/maven-parent-33.pom (44 kB at 1.9 MB/s)
[25f49db0-0af8-47ad-9613-6de26753bd51/build]   | [INFO] Downloading from central: https://repo.maven.apache.org/maven2/org/apache/apache/21/apache-21.pom
[25f49db0-0af8-47ad-9613-6de26753bd51/build]   | [INFO] Downloaded from central: https://repo.maven.apache.org/maven2/org/apache/apache/21/apache-21.pom (17 kB at 950 kB/s)
[25f49db0-0af8-47ad-9613-6de26753bd51/build]   | [INFO] Downloading from central: https://repo.maven.apache.org/maven2/org/apache/maven/plugins/maven-surefire-plugin/2.22.2/maven-surefire-plugin-2.22.2.jar
[25f49db0-0af8-47ad-9613-6de26753bd51/build]   | [INFO] Downloaded from central: https://repo.maven.apache.org/maven2/org/apache/maven/plugins/maven-surefire-plugin/2.22.2/maven-surefire-plugin-2.22.2.jar (41 kB at 1.9 MB/s)
[25f49db0-0af8-47ad-9613-6de26753bd51/build]   | [INFO] Downloading from central: https://repo.maven.apache.org/maven2/org/apache/maven/plugins/maven-jar-plugin/2.4/maven-jar-plugin-2.4.pom
[25f49db0-0af8-47ad-9613-6de26753bd51/build]   | [INFO] Downloaded from central: https://repo.maven.apache.org/maven2/org/apache/maven/plugins/maven-jar-plugin/2.4/maven-jar-plugin-2.4.pom (5.8 kB at 365 kB/s)
[25f49db0-0af8-47ad-9613-6de26753bd51/build]   | [INFO] Downloading from central: https://repo.maven.apache.org/maven2/org/apache/maven/plugins/maven-plugins/22/maven-plugins-22.pom
[25f49db0-0af8-47ad-9613-6de26753bd51/build]   | [INFO] Downloaded from central: https://repo.maven.apache.org/maven2/org/apache/maven/plugins/maven-plugins/22/maven-plugins-22.pom (13 kB at 384 kB/s)
[25f49db0-0af8-47ad-9613-6de26753bd51/build]   | [INFO] Downloading from central: https://repo.maven.apache.org/maven2/org/apache/maven/maven-parent/21/maven-parent-21.pom
[25f49db0-0af8-47ad-9613-6de26753bd51/build]   | [INFO] Downloaded from central: https://repo.maven.apache.org/maven2/org/apache/maven/maven-parent/21/maven-parent-21.pom (26 kB at 659 kB/s)
[25f49db0-0af8-47ad-9613-6de26753bd51/build]   | [INFO] Downloading from central: https://repo.maven.apache.org/maven2/org/apache/apache/10/apache-10.pom
[25f49db0-0af8-47ad-9613-6de26753bd51/build]   | [INFO] Downloaded from central: https://repo.maven.apache.org/maven2/org/apache/apache/10/apache-10.pom (15 kB at 435 kB/s)
[25f49db0-0af8-47ad-9613-6de26753bd51/build]   | [INFO] Downloading from central: https://repo.maven.apache.org/maven2/org/apache/maven/plugins/maven-jar-plugin/2.4/maven-jar-plugin-2.4.jar
[25f49db0-0af8-47ad-9613-6de26753bd51/build]   | [INFO] Downloaded from central: https://repo.maven.apache.org/maven2/org/apache/maven/plugins/maven-jar-plugin/2.4/maven-jar-plugin-2.4.jar (34 kB at 773 kB/s)
[25f49db0-0af8-47ad-9613-6de26753bd51/build]   | [INFO] Downloading from central: https://repo.maven.apache.org/maven2/org/junit/jupiter/junit-jupiter/5.9.0/junit-jupiter-5.9.0.pom
[25f49db0-0af8-47ad-9613-6de26753bd51/build]   | [INFO] Downloaded from central: https://repo.maven.apache.org/maven2/org/junit/jupiter/junit-jupiter/5.9.0/junit-jupiter-5.9.0.pom (3.2 kB at 100 kB/s)
[25f49db0-0af8-47ad-9613-6de26753bd51/build]   | [INFO] Downloading from central: https://repo.maven.apache.org/maven2/org/junit/junit-bom/5.9.0/junit-bom-5.9.0.pom
[25f49db0-0af8-47ad-9613-6de26753bd51/build]   | [INFO] Downloaded from central: https://repo.maven.apache.org/maven2/org/junit/junit-bom/5.9.0/junit-bom-5.9.0.pom (5.6 kB at 161 kB/s)
[25f49db0-0af8-47ad-9613-6de26753bd51/build]   | [INFO] Downloading from central: https://repo.maven.apache.org/maven2/org/junit/jupiter/junit-jupiter-api/5.8.2/junit-jupiter-api-5.8.2.pom
[25f49db0-0af8-47ad-9613-6de26753bd51/build]   | [INFO] Downloaded from central: https://repo.maven.apache.org/maven2/org/junit/jupiter/junit-jupiter-api/5.8.2/junit-jupiter-api-5.8.2.pom (3.2 kB at 96 kB/s)
[25f49db0-0af8-47ad-9613-6de26753bd51/build]   | [INFO] Downloading from central: https://repo.maven.apache.org/maven2/org/opentest4j/opentest4j/1.2.0/opentest4j-1.2.0.pom
[25f49db0-0af8-47ad-9613-6de26753bd51/build]   | [INFO] Downloaded from central: https://repo.maven.apache.org/maven2/org/opentest4j/opentest4j/1.2.0/opentest4j-1.2.0.pom (1.7 kB at 54 kB/s)
[25f49db0-0af8-47ad-9613-6de26753bd51/build]   | [INFO] Downloading from central: https://repo.maven.apache.org/maven2/org/junit/platform/junit-platform-commons/1.8.2/junit-platform-commons-1.8.2.pom
[25f49db0-0af8-47ad-9613-6de26753bd51/build]   | [INFO] Downloaded from central: https://repo.maven.apache.org/maven2/org/junit/platform/junit-platform-commons/1.8.2/junit-platform-commons-1.8.2.pom (2.8 kB at 142 kB/s)
[25f49db0-0af8-47ad-9613-6de26753bd51/build]   | [INFO] Downloading from central: https://repo.maven.apache.org/maven2/org/apiguardian/apiguardian-api/1.1.2/apiguardian-api-1.1.2.pom
[25f49db0-0af8-47ad-9613-6de26753bd51/build]   | [INFO] Downloaded from central: https://repo.maven.apache.org/maven2/org/apiguardian/apiguardian-api/1.1.2/apiguardian-api-1.1.2.pom (1.5 kB at 80 kB/s)
[25f49db0-0af8-47ad-9613-6de26753bd51/build]   | [INFO] Downloading from central: https://repo.maven.apache.org/maven2/org/junit/jupiter/junit-jupiter-params/5.8.2/junit-jupiter-params-5.8.2.pom
[25f49db0-0af8-47ad-9613-6de26753bd51/build]   | [INFO] Downloaded from central: https://repo.maven.apache.org/maven2/org/junit/jupiter/junit-jupiter-params/5.8.2/junit-jupiter-params-5.8.2.pom (3.0 kB at 125 kB/s)
[25f49db0-0af8-47ad-9613-6de26753bd51/build]   | [INFO] Downloading from central: https://repo.maven.apache.org/maven2/org/junit/jupiter/junit-jupiter-engine/5.8.2/junit-jupiter-engine-5.8.2.pom
[25f49db0-0af8-47ad-9613-6de26753bd51/build]   | [INFO] Downloaded from central: https://repo.maven.apache.org/maven2/org/junit/jupiter/junit-jupiter-engine/5.8.2/junit-jupiter-engine-5.8.2.pom (3.2 kB at 139 kB/s)
[25f49db0-0af8-47ad-9613-6de26753bd51/build]   | [INFO] Downloading from central: https://repo.maven.apache.org/maven2/org/junit/platform/junit-platform-engine/1.8.2/junit-platform-engine-1.8.2.pom
[25f49db0-0af8-47ad-9613-6de26753bd51/build]   | [INFO] Downloaded from central: https://repo.maven.apache.org/maven2/org/junit/platform/junit-platform-engine/1.8.2/junit-platform-engine-1.8.2.pom (3.2 kB at 139 kB/s)
[25f49db0-0af8-47ad-9613-6de26753bd51/build]   | [INFO] Downloading from central: https://repo.maven.apache.org/maven2/org/assertj/assertj-core/3.23.1/assertj-core-3.23.1.pom
[25f49db0-0af8-47ad-9613-6de26753bd51/build]   | [INFO] Downloaded from central: https://repo.maven.apache.org/maven2/org/assertj/assertj-core/3.23.1/assertj-core-3.23.1.pom (24 kB at 786 kB/s)
[25f49db0-0af8-47ad-9613-6de26753bd51/build]   | [INFO] Downloading from central: https://repo.maven.apache.org/maven2/org/assertj/assertj-parent-pom/2.2.17/assertj-parent-pom-2.2.17.pom
[25f49db0-0af8-47ad-9613-6de26753bd51/build]   | [INFO] Downloaded from central: https://repo.maven.apache.org/maven2/org/assertj/assertj-parent-pom/2.2.17/assertj-parent-pom-2.2.17.pom (24 kB at 736 kB/s)
[25f49db0-0af8-47ad-9613-6de26753bd51/build]   | [INFO] Downloading from central: https://repo.maven.apache.org/maven2/org/mockito/mockito-bom/4.5.1/mockito-bom-4.5.1.pom
[25f49db0-0af8-47ad-9613-6de26753bd51/build]   | [INFO] Downloaded from central: https://repo.maven.apache.org/maven2/org/mockito/mockito-bom/4.5.1/mockito-bom-4.5.1.pom (3.0 kB at 124 kB/s)
[25f49db0-0af8-47ad-9613-6de26753bd51/build]   | [INFO] Downloading from central: https://repo.maven.apache.org/maven2/net/bytebuddy/byte-buddy/1.12.10/byte-buddy-1.12.10.pom
[25f49db0-0af8-47ad-9613-6de26753bd51/build]   | [INFO] Downloaded from central: https://repo.maven.apache.org/maven2/net/bytebuddy/byte-buddy/1.12.10/byte-buddy-1.12.10.pom (17 kB at 755 kB/s)
[25f49db0-0af8-47ad-9613-6de26753bd51/build]   | [INFO] Downloading from central: https://repo.maven.apache.org/maven2/net/bytebuddy/byte-buddy-parent/1.12.10/byte-buddy-parent-1.12.10.pom
[25f49db0-0af8-47ad-9613-6de26753bd51/build]   | [INFO] Downloaded from central: https://repo.maven.apache.org/maven2/net/bytebuddy/byte-buddy-parent/1.12.10/byte-buddy-parent-1.12.10.pom (45 kB at 1.5 MB/s)
[25f49db0-0af8-47ad-9613-6de26753bd51/build]   | [INFO] Downloading from central: https://repo.maven.apache.org/maven2/org/junit/jupiter/junit-jupiter-api/5.9.0/junit-jupiter-api-5.9.0.pom
[25f49db0-0af8-47ad-9613-6de26753bd51/build]   | [INFO] Downloaded from central: https://repo.maven.apache.org/maven2/org/junit/jupiter/junit-jupiter-api/5.9.0/junit-jupiter-api-5.9.0.pom (3.2 kB at 199 kB/s)
[25f49db0-0af8-47ad-9613-6de26753bd51/build]   | [INFO] Downloading from central: https://repo.maven.apache.org/maven2/org/junit/jupiter/junit-jupiter/5.9.0/junit-jupiter-5.9.0.jar
[25f49db0-0af8-47ad-9613-6de26753bd51/build]   | [INFO] Downloading from central: https://repo.maven.apache.org/maven2/org/junit/jupiter/junit-jupiter-params/5.8.2/junit-jupiter-params-5.8.2.jar
[25f49db0-0af8-47ad-9613-6de26753bd51/build]   | [INFO] Downloading from central: https://repo.maven.apache.org/maven2/org/junit/jupiter/junit-jupiter-engine/5.8.2/junit-jupiter-engine-5.8.2.jar
[25f49db0-0af8-47ad-9613-6de26753bd51/build]   | [INFO] Downloading from central: https://repo.maven.apache.org/maven2/org/junit/platform/junit-platform-engine/1.8.2/junit-platform-engine-1.8.2.jar
[25f49db0-0af8-47ad-9613-6de26753bd51/build]   | [INFO] Downloading from central: https://repo.maven.apache.org/maven2/org/assertj/assertj-core/3.23.1/assertj-core-3.23.1.jar
[25f49db0-0af8-47ad-9613-6de26753bd51/build]   | [INFO] Downloaded from central: https://repo.maven.apache.org/maven2/org/junit/jupiter/junit-jupiter/5.9.0/junit-jupiter-5.9.0.jar (6.4 kB at 151 kB/s)
[25f49db0-0af8-47ad-9613-6de26753bd51/build]   | [INFO] Downloading from central: https://repo.maven.apache.org/maven2/net/bytebuddy/byte-buddy/1.12.10/byte-buddy-1.12.10.jar
[25f49db0-0af8-47ad-9613-6de26753bd51/build]   | [INFO] Downloaded from central: https://repo.maven.apache.org/maven2/org/junit/platform/junit-platform-engine/1.8.2/junit-platform-engine-1.8.2.jar (186 kB at 1.7 MB/s)
[25f49db0-0af8-47ad-9613-6de26753bd51/build]   | [INFO] Downloading from central: https://repo.maven.apache.org/maven2/org/junit/jupiter/junit-jupiter-api/5.9.0/junit-jupiter-api-5.9.0.jar
[25f49db0-0af8-47ad-9613-6de26753bd51/build]   | [INFO] Downloaded from central: https://repo.maven.apache.org/maven2/org/junit/jupiter/junit-jupiter-engine/5.8.2/junit-jupiter-engine-5.8.2.jar (230 kB at 2.1 MB/s)
[25f49db0-0af8-47ad-9613-6de26753bd51/build]   | [INFO] Downloading from central: https://repo.maven.apache.org/maven2/org/opentest4j/opentest4j/1.2.0/opentest4j-1.2.0.jar
[25f49db0-0af8-47ad-9613-6de26753bd51/build]   | [INFO] Downloaded from central: https://repo.maven.apache.org/maven2/org/opentest4j/opentest4j/1.2.0/opentest4j-1.2.0.jar (7.7 kB at 52 kB/s)
[25f49db0-0af8-47ad-9613-6de26753bd51/build]   | [INFO] Downloading from central: https://repo.maven.apache.org/maven2/org/junit/platform/junit-platform-commons/1.8.2/junit-platform-commons-1.8.2.jar
[25f49db0-0af8-47ad-9613-6de26753bd51/build]   | [INFO] Downloaded from central: https://repo.maven.apache.org/maven2/org/junit/jupiter/junit-jupiter-api/5.9.0/junit-jupiter-api-5.9.0.jar (203 kB at 1.3 MB/s)
[25f49db0-0af8-47ad-9613-6de26753bd51/build]   | [INFO] Downloading from central: https://repo.maven.apache.org/maven2/org/apiguardian/apiguardian-api/1.1.2/apiguardian-api-1.1.2.jar
[25f49db0-0af8-47ad-9613-6de26753bd51/build]   | [INFO] Downloaded from central: https://repo.maven.apache.org/maven2/org/junit/jupiter/junit-jupiter-params/5.8.2/junit-jupiter-params-5.8.2.jar (577 kB at 3.5 MB/s)
[25f49db0-0af8-47ad-9613-6de26753bd51/build]   | [INFO] Downloaded from central: https://repo.maven.apache.org/maven2/org/apiguardian/apiguardian-api/1.1.2/apiguardian-api-1.1.2.jar (6.8 kB at 38 kB/s)
[25f49db0-0af8-47ad-9613-6de26753bd51/build]   | [INFO] Downloaded from central: https://repo.maven.apache.org/maven2/org/junit/platform/junit-platform-commons/1.8.2/junit-platform-commons-1.8.2.jar (100 kB at 537 kB/s)
[25f49db0-0af8-47ad-9613-6de26753bd51/build]   | [INFO] Downloaded from central: https://repo.maven.apache.org/maven2/org/assertj/assertj-core/3.23.1/assertj-core-3.23.1.jar (1.2 MB at 6.2 MB/s)
[25f49db0-0af8-47ad-9613-6de26753bd51/build]   | [INFO] Downloaded from central: https://repo.maven.apache.org/maven2/net/bytebuddy/byte-buddy/1.12.10/byte-buddy-1.12.10.jar (3.8 MB at 6.7 MB/s)
[25f49db0-0af8-47ad-9613-6de26753bd51/build]   | [INFO] 
[25f49db0-0af8-47ad-9613-6de26753bd51/build]   | [INFO] --- maven-resources-plugin:2.6:resources (default-resources) @ Java ---
[25f49db0-0af8-47ad-9613-6de26753bd51/build]   | [INFO] Downloading from central: https://repo.maven.apache.org/maven2/org/apache/maven/maven-plugin-api/2.0.6/maven-plugin-api-2.0.6.pom
[25f49db0-0af8-47ad-9613-6de26753bd51/build]   | [INFO] Downloaded from central: https://repo.maven.apache.org/maven2/org/apache/maven/maven-plugin-api/2.0.6/maven-plugin-api-2.0.6.pom (1.5 kB at 81 kB/s)
[25f49db0-0af8-47ad-9613-6de26753bd51/build]   | [INFO] Downloading from central: https://repo.maven.apache.org/maven2/org/apache/maven/maven/2.0.6/maven-2.0.6.pom
[25f49db0-0af8-47ad-9613-6de26753bd51/build]   | [INFO] Downloaded from central: https://repo.maven.apache.org/maven2/org/apache/maven/maven/2.0.6/maven-2.0.6.pom (9.0 kB at 232 kB/s)
[25f49db0-0af8-47ad-9613-6de26753bd51/build]   | [INFO] Downloading from central: https://repo.maven.apache.org/maven2/org/apache/maven/maven-parent/5/maven-parent-5.pom
[25f49db0-0af8-47ad-9613-6de26753bd51/build]   | [INFO] Downloaded from central: https://repo.maven.apache.org/maven2/org/apache/maven/maven-parent/5/maven-parent-5.pom (15 kB at 448 kB/s)
[25f49db0-0af8-47ad-9613-6de26753bd51/build]   | [INFO] Downloading from central: https://repo.maven.apache.org/maven2/org/apache/apache/3/apache-3.pom
[25f49db0-0af8-47ad-9613-6de26753bd51/build]   | [INFO] Downloaded from central: https://repo.maven.apache.org/maven2/org/apache/apache/3/apache-3.pom (3.4 kB at 114 kB/s)
[25f49db0-0af8-47ad-9613-6de26753bd51/build]   | [INFO] Downloading from central: https://repo.maven.apache.org/maven2/org/apache/maven/maven-project/2.0.6/maven-project-2.0.6.pom
[25f49db0-0af8-47ad-9613-6de26753bd51/build]   | [INFO] Downloaded from central: https://repo.maven.apache.org/maven2/org/apache/maven/maven-project/2.0.6/maven-project-2.0.6.pom (2.6 kB at 54 kB/s)
[25f49db0-0af8-47ad-9613-6de26753bd51/build]   | [INFO] Downloading from central: https://repo.maven.apache.org/maven2/org/apache/maven/maven-settings/2.0.6/maven-settings-2.0.6.pom
[25f49db0-0af8-47ad-9613-6de26753bd51/build]   | [INFO] Downloaded from central: https://repo.maven.apache.org/maven2/org/apache/maven/maven-settings/2.0.6/maven-settings-2.0.6.pom (2.0 kB at 56 kB/s)
[25f49db0-0af8-47ad-9613-6de26753bd51/build]   | [INFO] Downloading from central: https://repo.maven.apache.org/maven2/org/apache/maven/maven-model/2.0.6/maven-model-2.0.6.pom
[25f49db0-0af8-47ad-9613-6de26753bd51/build]   | [INFO] Downloaded from central: https://repo.maven.apache.org/maven2/org/apache/maven/maven-model/2.0.6/maven-model-2.0.6.pom (3.0 kB at 145 kB/s)
[25f49db0-0af8-47ad-9613-6de26753bd51/build]   | [INFO] Downloading from central: https://repo.maven.apache.org/maven2/org/codehaus/plexus/plexus-utils/1.4.1/plexus-utils-1.4.1.pom
[25f49db0-0af8-47ad-9613-6de26753bd51/build]   | [INFO] Downloaded from central: https://repo.maven.apache.org/maven2/org/codehaus/plexus/plexus-utils/1.4.1/plexus-utils-1.4.1.pom (1.9 kB at 87 kB/s)
[25f49db0-0af8-47ad-9613-6de26753bd51/build]   | [INFO] Downloading from central: https://repo.maven.apache.org/maven2/org/codehaus/plexus/plexus/1.0.11/plexus-1.0.11.pom
[25f49db0-0af8-47ad-9613-6de26753bd51/build]   | [INFO] Downloaded from central: https://repo.maven.apache.org/maven2/org/codehaus/plexus/plexus/1.0.11/plexus-1.0.11.pom (9.0 kB at 374 kB/s)
[25f49db0-0af8-47ad-9613-6de26753bd51/build]   | [INFO] Downloading from central: https://repo.maven.apache.org/maven2/org/codehaus/plexus/plexus-container-default/1.0-alpha-9-stable-1/plexus-container-default-1.0-alpha-9-stable-1.pom
[25f49db0-0af8-47ad-9613-6de26753bd51/build]   | [INFO] Downloaded from central: https://repo.maven.apache.org/maven2/org/codehaus/plexus/plexus-container-default/1.0-alpha-9-stable-1/plexus-container-default-1.0-alpha-9-stable-1.pom (3.9 kB at 188 kB/s)
[25f49db0-0af8-47ad-9613-6de26753bd51/build]   | [INFO] Downloading from central: https://repo.maven.apache.org/maven2/org/codehaus/plexus/plexus-containers/1.0.3/plexus-containers-1.0.3.pom
[25f49db0-0af8-47ad-9613-6de26753bd51/build]   | [INFO] Downloaded from central: https://repo.maven.apache.org/maven2/org/codehaus/plexus/plexus-containers/1.0.3/plexus-containers-1.0.3.pom (492 B at 21 kB/s)
[25f49db0-0af8-47ad-9613-6de26753bd51/build]   | [INFO] Downloading from central: https://repo.maven.apache.org/maven2/org/codehaus/plexus/plexus/1.0.4/plexus-1.0.4.pom
[25f49db0-0af8-47ad-9613-6de26753bd51/build]   | [INFO] Downloaded from central: https://repo.maven.apache.org/maven2/org/codehaus/plexus/plexus/1.0.4/plexus-1.0.4.pom (5.7 kB at 261 kB/s)
[25f49db0-0af8-47ad-9613-6de26753bd51/build]   | [INFO] Downloading from central: https://repo.maven.apache.org/maven2/junit/junit/3.8.1/junit-3.8.1.pom
[25f49db0-0af8-47ad-9613-6de26753bd51/build]   | [INFO] Downloaded from central: https://repo.maven.apache.org/maven2/junit/junit/3.8.1/junit-3.8.1.pom (998 B at 26 kB/s)
[25f49db0-0af8-47ad-9613-6de26753bd51/build]   | [INFO] Downloading from central: https://repo.maven.apache.org/maven2/org/codehaus/plexus/plexus-utils/1.0.4/plexus-utils-1.0.4.pom
[25f49db0-0af8-47ad-9613-6de26753bd51/build]   | [INFO] Downloaded from central: https://repo.maven.apache.org/maven2/org/codehaus/plexus/plexus-utils/1.0.4/plexus-utils-1.0.4.pom (6.9 kB at 312 kB/s)
[25f49db0-0af8-47ad-9613-6de26753bd51/build]   | [INFO] Downloading from central: https://repo.maven.apache.org/maven2/classworlds/classworlds/1.1-alpha-2/classworlds-1.1-alpha-2.pom
[25f49db0-0af8-47ad-9613-6de26753bd51/build]   | [INFO] Downloaded from central: https://repo.maven.apache.org/maven2/classworlds/classworlds/1.1-alpha-2/classworlds-1.1-alpha-2.pom (3.1 kB at 136 kB/s)
[25f49db0-0af8-47ad-9613-6de26753bd51/build]   | [INFO] Downloading from central: https://repo.maven.apache.org/maven2/org/apache/maven/maven-profile/2.0.6/maven-profile-2.0.6.pom
[25f49db0-0af8-47ad-9613-6de26753bd51/build]   | [INFO] Downloaded from central: https://repo.maven.apache.org/maven2/org/apache/maven/maven-profile/2.0.6/maven-profile-2.0.6.pom (2.0 kB at 86 kB/s)
[25f49db0-0af8-47ad-9613-6de26753bd51/build]   | [INFO] Downloading from central: https://repo.maven.apache.org/maven2/org/apache/maven/maven-artifact-manager/2.0.6/maven-artifact-manager-2.0.6.pom
[25f49db0-0af8-47ad-9613-6de26753bd51/build]   | [INFO] Downloaded from central: https://repo.maven.apache.org/maven2/org/apache/maven/maven-artifact-manager/2.0.6/maven-artifact-manager-2.0.6.pom (2.6 kB at 97 kB/s)
[25f49db0-0af8-47ad-9613-6de26753bd51/build]   | [INFO] Downloading from central: https://repo.maven.apache.org/maven2/org/apache/maven/maven-repository-metadata/2.0.6/maven-repository-metadata-2.0.6.pom
[25f49db0-0af8-47ad-9613-6de26753bd51/build]   | [INFO] Downloaded from central: https://repo.maven.apache.org/maven2/org/apache/maven/maven-repository-metadata/2.0.6/maven-repository-metadata-2.0.6.pom (1.9 kB at 69 kB/s)
[25f49db0-0af8-47ad-9613-6de26753bd51/build]   | [INFO] Downloading from central: https://repo.maven.apache.org/maven2/org/apache/maven/maven-artifact/2.0.6/maven-artifact-2.0.6.pom
[25f49db0-0af8-47ad-9613-6de26753bd51/build]   | [INFO] Downloaded from central: https://repo.maven.apache.org/maven2/org/apache/maven/maven-artifact/2.0.6/maven-artifact-2.0.6.pom (1.6 kB at 66 kB/s)
[25f49db0-0af8-47ad-9613-6de26753bd51/build]   | [INFO] Downloading from central: https://repo.maven.apache.org/maven2/org/apache/maven/maven-plugin-registry/2.0.6/maven-plugin-registry-2.0.6.pom
[25f49db0-0af8-47ad-9613-6de26753bd51/build]   | [INFO] Downloaded from central: https://repo.maven.apache.org/maven2/org/apache/maven/maven-plugin-registry/2.0.6/maven-plugin-registry-2.0.6.pom (1.9 kB at 70 kB/s)
[25f49db0-0af8-47ad-9613-6de26753bd51/build]   | [INFO] Downloading from central: https://repo.maven.apache.org/maven2/org/apache/maven/maven-core/2.0.6/maven-core-2.0.6.pom
[25f49db0-0af8-47ad-9613-6de26753bd51/build]   | [INFO] Downloaded from central: https://repo.maven.apache.org/maven2/org/apache/maven/maven-core/2.0.6/maven-core-2.0.6.pom (6.7 kB at 320 kB/s)
[25f49db0-0af8-47ad-9613-6de26753bd51/build]   | [INFO] Downloading from central: https://repo.maven.apache.org/maven2/org/apache/maven/maven-plugin-parameter-documenter/2.0.6/maven-plugin-parameter-documenter-2.0.6.pom
[25f49db0-0af8-47ad-9613-6de26753bd51/build]   | [INFO] Downloaded from central: https://repo.maven.apache.org/maven2/org/apache/maven/maven-plugin-parameter-documenter/2.0.6/maven-plugin-parameter-documenter-2.0.6.pom (1.9 kB at 87 kB/s)
[25f49db0-0af8-47ad-9613-6de26753bd51/build]   | [INFO] Downloading from central: https://repo.maven.apache.org/maven2/org/apache/maven/reporting/maven-reporting-api/2.0.6/maven-reporting-api-2.0.6.pom
[25f49db0-0af8-47ad-9613-6de26753bd51/build]   | [INFO] Downloaded from central: https://repo.maven.apache.org/maven2/org/apache/maven/reporting/maven-reporting-api/2.0.6/maven-reporting-api-2.0.6.pom (1.8 kB at 76 kB/s)
[25f49db0-0af8-47ad-9613-6de26753bd51/build]   | [INFO] Downloading from central: https://repo.maven.apache.org/maven2/org/apache/maven/reporting/maven-reporting/2.0.6/maven-reporting-2.0.6.pom
[25f49db0-0af8-47ad-9613-6de26753bd51/build]   | [INFO] Downloaded from central: https://repo.maven.apache.org/maven2/org/apache/maven/reporting/maven-reporting/2.0.6/maven-reporting-2.0.6.pom (1.4 kB at 76 kB/s)
[25f49db0-0af8-47ad-9613-6de26753bd51/build]   | [INFO] Downloading from central: https://repo.maven.apache.org/maven2/org/apache/maven/doxia/doxia-sink-api/1.0-alpha-7/doxia-sink-api-1.0-alpha-7.pom
[25f49db0-0af8-47ad-9613-6de26753bd51/build]   | [INFO] Downloaded from central: https://repo.maven.apache.org/maven2/org/apache/maven/doxia/doxia-sink-api/1.0-alpha-7/doxia-sink-api-1.0-alpha-7.pom (424 B at 20 kB/s)
[25f49db0-0af8-47ad-9613-6de26753bd51/build]   | [INFO] Downloading from central: https://repo.maven.apache.org/maven2/org/apache/maven/doxia/doxia/1.0-alpha-7/doxia-1.0-alpha-7.pom
[25f49db0-0af8-47ad-9613-6de26753bd51/build]   | [INFO] Downloaded from central: https://repo.maven.apache.org/maven2/org/apache/maven/doxia/doxia/1.0-alpha-7/doxia-1.0-alpha-7.pom (3.9 kB at 178 kB/s)
[25f49db0-0af8-47ad-9613-6de26753bd51/build]   | [INFO] Downloading from central: https://repo.maven.apache.org/maven2/org/apache/maven/maven-error-diagnostics/2.0.6/maven-error-diagnostics-2.0.6.pom
[25f49db0-0af8-47ad-9613-6de26753bd51/build]   | [INFO] Downloaded from central: https://repo.maven.apache.org/maven2/org/apache/maven/maven-error-diagnostics/2.0.6/maven-error-diagnostics-2.0.6.pom (1.7 kB at 46 kB/s)
[25f49db0-0af8-47ad-9613-6de26753bd51/build]   | [INFO] Downloading from central: https://repo.maven.apache.org/maven2/commons-cli/commons-cli/1.0/commons-cli-1.0.pom
[25f49db0-0af8-47ad-9613-6de26753bd51/build]   | [INFO] Downloaded from central: https://repo.maven.apache.org/maven2/commons-cli/commons-cli/1.0/commons-cli-1.0.pom (2.1 kB at 40 kB/s)
[25f49db0-0af8-47ad-9613-6de26753bd51/build]   | [INFO] Downloading from central: https://repo.maven.apache.org/maven2/org/apache/maven/maven-plugin-descriptor/2.0.6/maven-plugin-descriptor-2.0.6.pom
[25f49db0-0af8-47ad-9613-6de26753bd51/build]   | [INFO] Downloaded from central: https://repo.maven.apache.org/maven2/org/apache/maven/maven-plugin-descriptor/2.0.6/maven-plugin-descriptor-2.0.6.pom (2.0 kB at 56 kB/s)
[25f49db0-0af8-47ad-9613-6de26753bd51/build]   | [INFO] Downloading from central: https://repo.maven.apache.org/maven2/org/codehaus/plexus/plexus-interactivity-api/1.0-alpha-4/plexus-interactivity-api-1.0-alpha-4.pom
[25f49db0-0af8-47ad-9613-6de26753bd51/build]   | [INFO] Downloaded from central: https://repo.maven.apache.org/maven2/org/codehaus/plexus/plexus-interactivity-api/1.0-alpha-4/plexus-interactivity-api-1.0-alpha-4.pom (7.1 kB at 236 kB/s)
[25f49db0-0af8-47ad-9613-6de26753bd51/build]   | [INFO] Downloading from central: https://repo.maven.apache.org/maven2/org/apache/maven/maven-monitor/2.0.6/maven-monitor-2.0.6.pom
[25f49db0-0af8-47ad-9613-6de26753bd51/build]   | [INFO] Downloaded from central: https://repo.maven.apache.org/maven2/org/apache/maven/maven-monitor/2.0.6/maven-monitor-2.0.6.pom (1.3 kB at 40 kB/s)
[25f49db0-0af8-47ad-9613-6de26753bd51/build]   | [INFO] Downloading from central: https://repo.maven.apache.org/maven2/classworlds/classworlds/1.1/classworlds-1.1.pom
[25f49db0-0af8-47ad-9613-6de26753bd51/build]   | [INFO] Downloaded from central: https://repo.maven.apache.org/maven2/classworlds/classworlds/1.1/classworlds-1.1.pom (3.3 kB at 90 kB/s)
[25f49db0-0af8-47ad-9613-6de26753bd51/build]   | [INFO] Downloading from central: https://repo.maven.apache.org/maven2/org/codehaus/plexus/plexus-utils/2.0.5/plexus-utils-2.0.5.pom
[25f49db0-0af8-47ad-9613-6de26753bd51/build]   | [INFO] Downloaded from central: https://repo.maven.apache.org/maven2/org/codehaus/plexus/plexus-utils/2.0.5/plexus-utils-2.0.5.pom (3.3 kB at 119 kB/s)
[25f49db0-0af8-47ad-9613-6de26753bd51/build]   | [INFO] Downloading from central: https://repo.maven.apache.org/maven2/org/codehaus/plexus/plexus/2.0.6/plexus-2.0.6.pom
[25f49db0-0af8-47ad-9613-6de26753bd51/build]   | [INFO] Downloaded from central: https://repo.maven.apache.org/maven2/org/codehaus/plexus/plexus/2.0.6/plexus-2.0.6.pom (17 kB at 466 kB/s)
[25f49db0-0af8-47ad-9613-6de26753bd51/build]   | [INFO] Downloading from central: https://repo.maven.apache.org/maven2/org/apache/maven/shared/maven-filtering/1.1/maven-filtering-1.1.pom
[25f49db0-0af8-47ad-9613-6de26753bd51/build]   | [INFO] Downloaded from central: https://repo.maven.apache.org/maven2/org/apache/maven/shared/maven-filtering/1.1/maven-filtering-1.1.pom (5.8 kB at 232 kB/s)
[25f49db0-0af8-47ad-9613-6de26753bd51/build]   | [INFO] Downloading from central: https://repo.maven.apache.org/maven2/org/apache/maven/shared/maven-shared-components/17/maven-shared-components-17.pom
[25f49db0-0af8-47ad-9613-6de26753bd51/build]   | [INFO] Downloaded from central: https://repo.maven.apache.org/maven2/org/apache/maven/shared/maven-shared-components/17/maven-shared-components-17.pom (8.7 kB at 363 kB/s)
[25f49db0-0af8-47ad-9613-6de26753bd51/build]   | [INFO] Downloading from central: https://repo.maven.apache.org/maven2/org/codehaus/plexus/plexus-utils/1.5.15/plexus-utils-1.5.15.pom
[25f49db0-0af8-47ad-9613-6de26753bd51/build]   | [INFO] Downloaded from central: https://repo.maven.apache.org/maven2/org/codehaus/plexus/plexus-utils/1.5.15/plexus-utils-1.5.15.pom (6.8 kB at 254 kB/s)
[25f49db0-0af8-47ad-9613-6de26753bd51/build]   | [INFO] Downloading from central: https://repo.maven.apache.org/maven2/org/codehaus/plexus/plexus/2.0.2/plexus-2.0.2.pom
[25f49db0-0af8-47ad-9613-6de26753bd51/build]   | [INFO] Downloaded from central: https://repo.maven.apache.org/maven2/org/codehaus/plexus/plexus/2.0.2/plexus-2.0.2.pom (12 kB at 553 kB/s)
[25f49db0-0af8-47ad-9613-6de26753bd51/build]   | [INFO] Downloading from central: https://repo.maven.apache.org/maven2/org/codehaus/plexus/plexus-interpolation/1.12/plexus-interpolation-1.12.pom
[25f49db0-0af8-47ad-9613-6de26753bd51/build]   | [INFO] Downloaded from central: https://repo.maven.apache.org/maven2/org/codehaus/plexus/plexus-interpolation/1.12/plexus-interpolation-1.12.pom (889 B at 42 kB/s)
[25f49db0-0af8-47ad-9613-6de26753bd51/build]   | [INFO] Downloading from central: https://repo.maven.apache.org/maven2/org/codehaus/plexus/plexus-components/1.1.14/plexus-components-1.1.14.pom
[25f49db0-0af8-47ad-9613-6de26753bd51/build]   | [INFO] Downloaded from central: https://repo.maven.apache.org/maven2/org/codehaus/plexus/plexus-components/1.1.14/plexus-components-1.1.14.pom (5.8 kB at 234 kB/s)
[25f49db0-0af8-47ad-9613-6de26753bd51/build]   | [INFO] Downloading from central: https://repo.maven.apache.org/maven2/org/sonatype/plexus/plexus-build-api/0.0.4/plexus-build-api-0.0.4.pom
[25f49db0-0af8-47ad-9613-6de26753bd51/build]   | [INFO] Downloaded from central: https://repo.maven.apache.org/maven2/org/sonatype/plexus/plexus-build-api/0.0.4/plexus-build-api-0.0.4.pom (2.9 kB at 130 kB/s)
[25f49db0-0af8-47ad-9613-6de26753bd51/build]   | [INFO] Downloading from central: https://repo.maven.apache.org/maven2/org/sonatype/spice/spice-parent/10/spice-parent-10.pom
[25f49db0-0af8-47ad-9613-6de26753bd51/build]   | [INFO] Downloaded from central: https://repo.maven.apache.org/maven2/org/sonatype/spice/spice-parent/10/spice-parent-10.pom (3.0 kB at 144 kB/s)
[25f49db0-0af8-47ad-9613-6de26753bd51/build]   | [INFO] Downloading from central: https://repo.maven.apache.org/maven2/org/sonatype/forge/forge-parent/3/forge-parent-3.pom
[25f49db0-0af8-47ad-9613-6de26753bd51/build]   | [INFO] Downloaded from central: https://repo.maven.apache.org/maven2/org/sonatype/forge/forge-parent/3/forge-parent-3.pom (5.0 kB at 229 kB/s)
[25f49db0-0af8-47ad-9613-6de26753bd51/build]   | [INFO] Downloading from central: https://repo.maven.apache.org/maven2/org/codehaus/plexus/plexus-utils/1.5.8/plexus-utils-1.5.8.pom
[25f49db0-0af8-47ad-9613-6de26753bd51/build]   | [INFO] Downloaded from central: https://repo.maven.apache.org/maven2/org/codehaus/plexus/plexus-utils/1.5.8/plexus-utils-1.5.8.pom (8.1 kB at 366 kB/s)
[25f49db0-0af8-47ad-9613-6de26753bd51/build]   | [INFO] Downloading from central: https://repo.maven.apache.org/maven2/org/codehaus/plexus/plexus-interpolation/1.13/plexus-interpolation-1.13.pom
[25f49db0-0af8-47ad-9613-6de26753bd51/build]   | [INFO] Downloaded from central: https://repo.maven.apache.org/maven2/org/codehaus/plexus/plexus-interpolation/1.13/plexus-interpolation-1.13.pom (890 B at 40 kB/s)
[25f49db0-0af8-47ad-9613-6de26753bd51/build]   | [INFO] Downloading from central: https://repo.maven.apache.org/maven2/org/codehaus/plexus/plexus-components/1.1.15/plexus-components-1.1.15.pom
[25f49db0-0af8-47ad-9613-6de26753bd51/build]   | [INFO] Downloaded from central: https://repo.maven.apache.org/maven2/org/codehaus/plexus/plexus-components/1.1.15/plexus-components-1.1.15.pom (2.8 kB at 136 kB/s)
[25f49db0-0af8-47ad-9613-6de26753bd51/build]   | [INFO] Downloading from central: https://repo.maven.apache.org/maven2/org/codehaus/plexus/plexus/2.0.3/plexus-2.0.3.pom
[25f49db0-0af8-47ad-9613-6de26753bd51/build]   | [INFO] Downloaded from central: https://repo.maven.apache.org/maven2/org/codehaus/plexus/plexus/2.0.3/plexus-2.0.3.pom (15 kB at 672 kB/s)
[25f49db0-0af8-47ad-9613-6de26753bd51/build]   | [INFO] Downloading from central: https://repo.maven.apache.org/maven2/org/apache/maven/maven-plugin-api/2.0.6/maven-plugin-api-2.0.6.jar
[25f49db0-0af8-47ad-9613-6de26753bd51/build]   | [INFO] Downloading from central: https://repo.maven.apache.org/maven2/org/apache/maven/maven-project/2.0.6/maven-project-2.0.6.jar
[25f49db0-0af8-47ad-9613-6de26753bd51/build]   | [INFO] Downloading from central: https://repo.maven.apache.org/maven2/org/apache/maven/maven-profile/2.0.6/maven-profile-2.0.6.jar
[25f49db0-0af8-47ad-9613-6de26753bd51/build]   | [INFO] Downloading from central: https://repo.maven.apache.org/maven2/org/apache/maven/maven-artifact-manager/2.0.6/maven-artifact-manager-2.0.6.jar
[25f49db0-0af8-47ad-9613-6de26753bd51/build]   | [INFO] Downloading from central: https://repo.maven.apache.org/maven2/org/apache/maven/maven-plugin-registry/2.0.6/maven-plugin-registry-2.0.6.jar
[25f49db0-0af8-47ad-9613-6de26753bd51/build]   | [INFO] Downloaded from central: https://repo.maven.apache.org/maven2/org/apache/maven/maven-plugin-api/2.0.6/maven-plugin-api-2.0.6.jar (13 kB at 536 kB/s)
[25f49db0-0af8-47ad-9613-6de26753bd51/build]   | [INFO] Downloading from central: https://repo.maven.apache.org/maven2/org/apache/maven/maven-core/2.0.6/maven-core-2.0.6.jar
[25f49db0-0af8-47ad-9613-6de26753bd51/build]   | [INFO] Downloaded from central: https://repo.maven.apache.org/maven2/org/apache/maven/maven-profile/2.0.6/maven-profile-2.0.6.jar (35 kB at 1.4 MB/s)
[25f49db0-0af8-47ad-9613-6de26753bd51/build]   | [INFO] Downloading from central: https://repo.maven.apache.org/maven2/org/apache/maven/maven-plugin-parameter-documenter/2.0.6/maven-plugin-parameter-documenter-2.0.6.jar
[25f49db0-0af8-47ad-9613-6de26753bd51/build]   | [INFO] Downloaded from central: https://repo.maven.apache.org/maven2/org/apache/maven/maven-artifact-manager/2.0.6/maven-artifact-manager-2.0.6.jar (57 kB at 1.9 MB/s)
[25f49db0-0af8-47ad-9613-6de26753bd51/build]   | [INFO] Downloading from central: https://repo.maven.apache.org/maven2/org/apache/maven/reporting/maven-reporting-api/2.0.6/maven-reporting-api-2.0.6.jar
[25f49db0-0af8-47ad-9613-6de26753bd51/build]   | [INFO] Downloaded from central: https://repo.maven.apache.org/maven2/org/apache/maven/maven-plugin-registry/2.0.6/maven-plugin-registry-2.0.6.jar (29 kB at 742 kB/s)
[25f49db0-0af8-47ad-9613-6de26753bd51/build]   | [INFO] Downloading from central: https://repo.maven.apache.org/maven2/org/apache/maven/doxia/doxia-sink-api/1.0-alpha-7/doxia-sink-api-1.0-alpha-7.jar
[25f49db0-0af8-47ad-9613-6de26753bd51/build]   | [INFO] Downloaded from central: https://repo.maven.apache.org/maven2/org/apache/maven/maven-project/2.0.6/maven-project-2.0.6.jar (116 kB at 2.8 MB/s)
[25f49db0-0af8-47ad-9613-6de26753bd51/build]   | [INFO] Downloading from central: https://repo.maven.apache.org/maven2/org/apache/maven/maven-repository-metadata/2.0.6/maven-repository-metadata-2.0.6.jar
[25f49db0-0af8-47ad-9613-6de26753bd51/build]   | [INFO] Downloaded from central: https://repo.maven.apache.org/maven2/org/apache/maven/maven-plugin-parameter-documenter/2.0.6/maven-plugin-parameter-documenter-2.0.6.jar (21 kB at 472 kB/s)
[25f49db0-0af8-47ad-9613-6de26753bd51/build]   | [INFO] Downloading from central: https://repo.maven.apache.org/maven2/org/apache/maven/maven-error-diagnostics/2.0.6/maven-error-diagnostics-2.0.6.jar
[25f49db0-0af8-47ad-9613-6de26753bd51/build]   | [INFO] Downloaded from central: https://repo.maven.apache.org/maven2/org/apache/maven/reporting/maven-reporting-api/2.0.6/maven-reporting-api-2.0.6.jar (9.9 kB at 203 kB/s)
[25f49db0-0af8-47ad-9613-6de26753bd51/build]   | [INFO] Downloading from central: https://repo.maven.apache.org/maven2/commons-cli/commons-cli/1.0/commons-cli-1.0.jar
[25f49db0-0af8-47ad-9613-6de26753bd51/build]   | [INFO] Downloaded from central: https://repo.maven.apache.org/maven2/org/apache/maven/maven-core/2.0.6/maven-core-2.0.6.jar (152 kB at 2.7 MB/s)
[25f49db0-0af8-47ad-9613-6de26753bd51/build]   | [INFO] Downloading from central: https://repo.maven.apache.org/maven2/org/apache/maven/maven-plugin-descriptor/2.0.6/maven-plugin-descriptor-2.0.6.jar
[25f49db0-0af8-47ad-9613-6de26753bd51/build]   | [INFO] Downloaded from central: https://repo.maven.apache.org/maven2/org/apache/maven/doxia/doxia-sink-api/1.0-alpha-7/doxia-sink-api-1.0-alpha-7.jar (5.9 kB at 102 kB/s)
[25f49db0-0af8-47ad-9613-6de26753bd51/build]   | [INFO] Downloading from central: https://repo.maven.apache.org/maven2/org/codehaus/plexus/plexus-interactivity-api/1.0-alpha-4/plexus-interactivity-api-1.0-alpha-4.jar
[25f49db0-0af8-47ad-9613-6de26753bd51/build]   | [INFO] Downloaded from central: https://repo.maven.apache.org/maven2/org/apache/maven/maven-repository-metadata/2.0.6/maven-repository-metadata-2.0.6.jar (24 kB at 415 kB/s)
[25f49db0-0af8-47ad-9613-6de26753bd51/build]   | [INFO] Downloading from central: https://repo.maven.apache.org/maven2/classworlds/classworlds/1.1/classworlds-1.1.jar
[25f49db0-0af8-47ad-9613-6de26753bd51/build]   | [INFO] Downloaded from central: https://repo.maven.apache.org/maven2/org/apache/maven/maven-error-diagnostics/2.0.6/maven-error-diagnostics-2.0.6.jar (14 kB at 220 kB/s)
[25f49db0-0af8-47ad-9613-6de26753bd51/build]   | [INFO] Downloading from central: https://repo.maven.apache.org/maven2/org/apache/maven/maven-artifact/2.0.6/maven-artifact-2.0.6.jar
[25f49db0-0af8-47ad-9613-6de26753bd51/build]   | [INFO] Downloaded from central: https://repo.maven.apache.org/maven2/commons-cli/commons-cli/1.0/commons-cli-1.0.jar (30 kB at 450 kB/s)
[25f49db0-0af8-47ad-9613-6de26753bd51/build]   | [INFO] Downloading from central: https://repo.maven.apache.org/maven2/org/apache/maven/maven-settings/2.0.6/maven-settings-2.0.6.jar
[25f49db0-0af8-47ad-9613-6de26753bd51/build]   | [INFO] Downloaded from central: https://repo.maven.apache.org/maven2/org/codehaus/plexus/plexus-interactivity-api/1.0-alpha-4/plexus-interactivity-api-1.0-alpha-4.jar (13 kB at 174 kB/s)
[25f49db0-0af8-47ad-9613-6de26753bd51/build]   | [INFO] Downloading from central: https://repo.maven.apache.org/maven2/org/apache/maven/maven-model/2.0.6/maven-model-2.0.6.jar
[25f49db0-0af8-47ad-9613-6de26753bd51/build]   | [INFO] Downloaded from central: https://repo.maven.apache.org/maven2/org/apache/maven/maven-plugin-descriptor/2.0.6/maven-plugin-descriptor-2.0.6.jar (37 kB at 461 kB/s)
[25f49db0-0af8-47ad-9613-6de26753bd51/build]   | [INFO] Downloading from central: https://repo.maven.apache.org/maven2/org/apache/maven/maven-monitor/2.0.6/maven-monitor-2.0.6.jar
[25f49db0-0af8-47ad-9613-6de26753bd51/build]   | [INFO] Downloaded from central: https://repo.maven.apache.org/maven2/classworlds/classworlds/1.1/classworlds-1.1.jar (38 kB at 451 kB/s)
[25f49db0-0af8-47ad-9613-6de26753bd51/build]   | [INFO] Downloading from central: https://repo.maven.apache.org/maven2/org/codehaus/plexus/plexus-container-default/1.0-alpha-9-stable-1/plexus-container-default-1.0-alpha-9-stable-1.jar
[25f49db0-0af8-47ad-9613-6de26753bd51/build]   | [INFO] Downloaded from central: https://repo.maven.apache.org/maven2/org/apache/maven/maven-artifact/2.0.6/maven-artifact-2.0.6.jar (87 kB at 971 kB/s)
[25f49db0-0af8-47ad-9613-6de26753bd51/build]   | [INFO] Downloading from central: https://repo.maven.apache.org/maven2/junit/junit/3.8.1/junit-3.8.1.jar
[25f49db0-0af8-47ad-9613-6de26753bd51/build]   | [INFO] Downloaded from central: https://repo.maven.apache.org/maven2/org/apache/maven/maven-settings/2.0.6/maven-settings-2.0.6.jar (49 kB at 517 kB/s)
[25f49db0-0af8-47ad-9613-6de26753bd51/build]   | [INFO] Downloading from central: https://repo.maven.apache.org/maven2/org/codehaus/plexus/plexus-utils/2.0.5/plexus-utils-2.0.5.jar
[25f49db0-0af8-47ad-9613-6de26753bd51/build]   | [INFO] Downloaded from central: https://repo.maven.apache.org/maven2/org/apache/maven/maven-monitor/2.0.6/maven-monitor-2.0.6.jar (10 kB at 98 kB/s)
[25f49db0-0af8-47ad-9613-6de26753bd51/build]   | [INFO] Downloading from central: https://repo.maven.apache.org/maven2/org/apache/maven/shared/maven-filtering/1.1/maven-filtering-1.1.jar
[25f49db0-0af8-47ad-9613-6de26753bd51/build]   | [INFO] Downloaded from central: https://repo.maven.apache.org/maven2/org/apache/maven/maven-model/2.0.6/maven-model-2.0.6.jar (86 kB at 815 kB/s)
[25f49db0-0af8-47ad-9613-6de26753bd51/build]   | [INFO] Downloading from central: https://repo.maven.apache.org/maven2/org/sonatype/plexus/plexus-build-api/0.0.4/plexus-build-api-0.0.4.jar
[25f49db0-0af8-47ad-9613-6de26753bd51/build]   | [INFO] Downloaded from central: https://repo.maven.apache.org/maven2/org/sonatype/plexus/plexus-build-api/0.0.4/plexus-build-api-0.0.4.jar (6.8 kB at 54 kB/s)
[25f49db0-0af8-47ad-9613-6de26753bd51/build]   | [INFO] Downloading from central: https://repo.maven.apache.org/maven2/org/codehaus/plexus/plexus-interpolation/1.13/plexus-interpolation-1.13.jar
[25f49db0-0af8-47ad-9613-6de26753bd51/build]   | [INFO] Downloaded from central: https://repo.maven.apache.org/maven2/org/apache/maven/shared/maven-filtering/1.1/maven-filtering-1.1.jar (43 kB at 342 kB/s)
[25f49db0-0af8-47ad-9613-6de26753bd51/build]   | [INFO] Downloaded from central: https://repo.maven.apache.org/maven2/junit/junit/3.8.1/junit-3.8.1.jar (121 kB at 939 kB/s)
[25f49db0-0af8-47ad-9613-6de26753bd51/build]   | [INFO] Downloaded from central: https://repo.maven.apache.org/maven2/org/codehaus/plexus/plexus-container-default/1.0-alpha-9-stable-1/plexus-container-default-1.0-alpha-9-stable-1.jar (194 kB at 1.4 MB/s)
[25f49db0-0af8-47ad-9613-6de26753bd51/build]   | [INFO] Downloaded from central: https://repo.maven.apache.org/maven2/org/codehaus/plexus/plexus-utils/2.0.5/plexus-utils-2.0.5.jar (223 kB at 1.5 MB/s)
[25f49db0-0af8-47ad-9613-6de26753bd51/build]   | [INFO] Downloaded from central: https://repo.maven.apache.org/maven2/org/codehaus/plexus/plexus-interpolation/1.13/plexus-interpolation-1.13.jar (61 kB at 396 kB/s)
[25f49db0-0af8-47ad-9613-6de26753bd51/build]   | [INFO] Using 'UTF-8' encoding to copy filtered resources.
[25f49db0-0af8-47ad-9613-6de26753bd51/build]   | [INFO] skip non existing resourceDirectory /tmp/6e6bdca5-2c61-4df6-aa9d-e215375cac87/src/main/resources
[25f49db0-0af8-47ad-9613-6de26753bd51/build]   | [INFO] 
[25f49db0-0af8-47ad-9613-6de26753bd51/build]   | [INFO] --- maven-compiler-plugin:3.10.1:compile (default-compile) @ Java ---
[25f49db0-0af8-47ad-9613-6de26753bd51/build]   | [INFO] Downloading from central: https://repo.maven.apache.org/maven2/org/apache/maven/shared/maven-shared-utils/3.3.4/maven-shared-utils-3.3.4.pom
[25f49db0-0af8-47ad-9613-6de26753bd51/build]   | [INFO] Downloaded from central: https://repo.maven.apache.org/maven2/org/apache/maven/shared/maven-shared-utils/3.3.4/maven-shared-utils-3.3.4.pom (5.8 kB at 233 kB/s)
[25f49db0-0af8-47ad-9613-6de26753bd51/build]   | [INFO] Downloading from central: https://repo.maven.apache.org/maven2/org/apache/maven/shared/maven-shared-components/34/maven-shared-components-34.pom
[25f49db0-0af8-47ad-9613-6de26753bd51/build]   | [INFO] Downloaded from central: https://repo.maven.apache.org/maven2/org/apache/maven/shared/maven-shared-components/34/maven-shared-components-34.pom (5.1 kB at 189 kB/s)
[25f49db0-0af8-47ad-9613-6de26753bd51/build]   | [INFO] Downloading from central: https://repo.maven.apache.org/maven2/commons-io/commons-io/2.6/commons-io-2.6.pom
[25f49db0-0af8-47ad-9613-6de26753bd51/build]   | [INFO] Downloaded from central: https://repo.maven.apache.org/maven2/commons-io/commons-io/2.6/commons-io-2.6.pom (14 kB at 594 kB/s)
[25f49db0-0af8-47ad-9613-6de26753bd51/build]   | [INFO] Downloading from central: https://repo.maven.apache.org/maven2/org/apache/commons/commons-parent/42/commons-parent-42.pom
[25f49db0-0af8-47ad-9613-6de26753bd51/build]   | [INFO] Downloaded from central: https://repo.maven.apache.org/maven2/org/apache/commons/commons-parent/42/commons-parent-42.pom (68 kB at 1.4 MB/s)
[25f49db0-0af8-47ad-9613-6de26753bd51/build]   | [INFO] Downloading from central: https://repo.maven.apache.org/maven2/org/apache/apache/18/apache-18.pom
[25f49db0-0af8-47ad-9613-6de26753bd51/build]   | [INFO] Downloaded from central: https://repo.maven.apache.org/maven2/org/apache/apache/18/apache-18.pom (16 kB at 783 kB/s)
[25f49db0-0af8-47ad-9613-6de26753bd51/build]   | [INFO] Downloading from central: https://repo.maven.apache.org/maven2/org/apache/maven/shared/maven-shared-incremental/1.1/maven-shared-incremental-1.1.pom
[25f49db0-0af8-47ad-9613-6de26753bd51/build]   | [INFO] Downloaded from central: https://repo.maven.apache.org/maven2/org/apache/maven/shared/maven-shared-incremental/1.1/maven-shared-incremental-1.1.pom (4.7 kB at 226 kB/s)
[25f49db0-0af8-47ad-9613-6de26753bd51/build]   | [INFO] Downloading from central: https://repo.maven.apache.org/maven2/org/apache/maven/shared/maven-shared-components/19/maven-shared-components-19.pom
[25f49db0-0af8-47ad-9613-6de26753bd51/build]   | [INFO] Downloaded from central: https://repo.maven.apache.org/maven2/org/apache/maven/shared/maven-shared-components/19/maven-shared-components-19.pom (6.4 kB at 335 kB/s)
[25f49db0-0af8-47ad-9613-6de26753bd51/build]   | [INFO] Downloading from central: https://repo.maven.apache.org/maven2/org/apache/maven/maven-parent/23/maven-parent-23.pom
[25f49db0-0af8-47ad-9613-6de26753bd51/build]   | [INFO] Downloaded from central: https://repo.maven.apache.org/maven2/org/apache/maven/maven-parent/23/maven-parent-23.pom (33 kB at 741 kB/s)
[25f49db0-0af8-47ad-9613-6de26753bd51/build]   | [INFO] Downloading from central: https://repo.maven.apache.org/maven2/org/apache/apache/13/apache-13.pom
[25f49db0-0af8-47ad-9613-6de26753bd51/build]   | [INFO] Downloaded from central: https://repo.maven.apache.org/maven2/org/apache/apache/13/apache-13.pom (14 kB at 285 kB/s)
[25f49db0-0af8-47ad-9613-6de26753bd51/build]   | [INFO] Downloading from central: https://repo.maven.apache.org/maven2/org/codehaus/plexus/plexus-component-annotations/2.0.0/plexus-component-annotations-2.0.0.pom
[25f49db0-0af8-47ad-9613-6de26753bd51/build]   | [INFO] Downloaded from central: https://repo.maven.apache.org/maven2/org/codehaus/plexus/plexus-component-annotations/2.0.0/plexus-component-annotations-2.0.0.pom (750 B at 18 kB/s)
[25f49db0-0af8-47ad-9613-6de26753bd51/build]   | [INFO] Downloading from central: https://repo.maven.apache.org/maven2/org/codehaus/plexus/plexus-containers/2.0.0/plexus-containers-2.0.0.pom
[25f49db0-0af8-47ad-9613-6de26753bd51/build]   | [INFO] Downloaded from central: https://repo.maven.apache.org/maven2/org/codehaus/plexus/plexus-containers/2.0.0/plexus-containers-2.0.0.pom (4.8 kB at 107 kB/s)
[25f49db0-0af8-47ad-9613-6de26753bd51/build]   | [INFO] Downloading from central: https://repo.maven.apache.org/maven2/org/codehaus/plexus/plexus/5.1/plexus-5.1.pom
[25f49db0-0af8-47ad-9613-6de26753bd51/build]   | [INFO] Downloaded from central: https://repo.maven.apache.org/maven2/org/codehaus/plexus/plexus/5.1/plexus-5.1.pom (23 kB at 577 kB/s)
[25f49db0-0af8-47ad-9613-6de26753bd51/build]   | [INFO] Downloading from central: https://repo.maven.apache.org/maven2/org/codehaus/plexus/plexus-java/1.1.1/plexus-java-1.1.1.pom
[25f49db0-0af8-47ad-9613-6de26753bd51/build]   | [INFO] Downloaded from central: https://repo.maven.apache.org/maven2/org/codehaus/plexus/plexus-java/1.1.1/plexus-java-1.1.1.pom (5.0 kB at 171 kB/s)
[25f49db0-0af8-47ad-9613-6de26753bd51/build]   | [INFO] Downloading from central: https://repo.maven.apache.org/maven2/org/codehaus/plexus/plexus-languages/1.1.1/plexus-languages-1.1.1.pom
[25f49db0-0af8-47ad-9613-6de26753bd51/build]   | [INFO] Downloaded from central: https://repo.maven.apache.org/maven2/org/codehaus/plexus/plexus-languages/1.1.1/plexus-languages-1.1.1.pom (4.6 kB at 159 kB/s)
[25f49db0-0af8-47ad-9613-6de26753bd51/build]   | [INFO] Downloading from central: https://repo.maven.apache.org/maven2/org/codehaus/plexus/plexus/8/plexus-8.pom
[25f49db0-0af8-47ad-9613-6de26753bd51/build]   | [INFO] Downloaded from central: https://repo.maven.apache.org/maven2/org/codehaus/plexus/plexus/8/plexus-8.pom (25 kB at 530 kB/s)
[25f49db0-0af8-47ad-9613-6de26753bd51/build]   | [INFO] Downloading from central: https://repo.maven.apache.org/maven2/org/ow2/asm/asm/9.2/asm-9.2.pom
[25f49db0-0af8-47ad-9613-6de26753bd51/build]   | [INFO] Downloaded from central: https://repo.maven.apache.org/maven2/org/ow2/asm/asm/9.2/asm-9.2.pom (2.4 kB at 55 kB/s)
[25f49db0-0af8-47ad-9613-6de26753bd51/build]   | [INFO] Downloading from central: https://repo.maven.apache.org/maven2/org/ow2/ow2/1.5/ow2-1.5.pom
[25f49db0-0af8-47ad-9613-6de26753bd51/build]   | [INFO] Downloaded from central: https://repo.maven.apache.org/maven2/org/ow2/ow2/1.5/ow2-1.5.pom (11 kB at 281 kB/s)
[25f49db0-0af8-47ad-9613-6de26753bd51/build]   | [INFO] Downloading from central: https://repo.maven.apache.org/maven2/com/thoughtworks/qdox/qdox/2.0.1/qdox-2.0.1.pom
[25f49db0-0af8-47ad-9613-6de26753bd51/build]   | [INFO] Downloaded from central: https://repo.maven.apache.org/maven2/com/thoughtworks/qdox/qdox/2.0.1/qdox-2.0.1.pom (16 kB at 572 kB/s)
[25f49db0-0af8-47ad-9613-6de26753bd51/build]   | [INFO] Downloading from central: https://repo.maven.apache.org/maven2/org/sonatype/oss/oss-parent/9/oss-parent-9.pom
[25f49db0-0af8-47ad-9613-6de26753bd51/build]   | [INFO] Downloaded from central: https://repo.maven.apache.org/maven2/org/sonatype/oss/oss-parent/9/oss-parent-9.pom (6.6 kB at 274 kB/s)
[25f49db0-0af8-47ad-9613-6de26753bd51/build]   | [INFO] Downloading from central: https://repo.maven.apache.org/maven2/org/codehaus/plexus/plexus-compiler-api/2.11.1/plexus-compiler-api-2.11.1.pom
[25f49db0-0af8-47ad-9613-6de26753bd51/build]   | [INFO] Downloaded from central: https://repo.maven.apache.org/maven2/org/codehaus/plexus/plexus-compiler-api/2.11.1/plexus-compiler-api-2.11.1.pom (1.1 kB at 46 kB/s)
[25f49db0-0af8-47ad-9613-6de26753bd51/build]   | [INFO] Downloading from central: https://repo.maven.apache.org/maven2/org/codehaus/plexus/plexus-compiler/2.11.1/plexus-compiler-2.11.1.pom
[25f49db0-0af8-47ad-9613-6de26753bd51/build]   | [INFO] Downloaded from central: https://repo.maven.apache.org/maven2/org/codehaus/plexus/plexus-compiler/2.11.1/plexus-compiler-2.11.1.pom (8.1 kB at 301 kB/s)
[25f49db0-0af8-47ad-9613-6de26753bd51/build]   | [INFO] Downloading from central: https://repo.maven.apache.org/maven2/org/codehaus/plexus/plexus-components/6.6/plexus-components-6.6.pom
[25f49db0-0af8-47ad-9613-6de26753bd51/build]   | [INFO] Downloaded from central: https://repo.maven.apache.org/maven2/org/codehaus/plexus/plexus-components/6.6/plexus-components-6.6.pom (2.7 kB at 112 kB/s)
[25f49db0-0af8-47ad-9613-6de26753bd51/build]   | [INFO] Downloading from central: https://repo.maven.apache.org/maven2/org/codehaus/plexus/plexus-utils/3.4.1/plexus-utils-3.4.1.pom
[25f49db0-0af8-47ad-9613-6de26753bd51/build]   | [INFO] Downloaded from central: https://repo.maven.apache.org/maven2/org/codehaus/plexus/plexus-utils/3.4.1/plexus-utils-3.4.1.pom (8.0 kB at 379 kB/s)
[25f49db0-0af8-47ad-9613-6de26753bd51/build]   | [INFO] Downloading from central: https://repo.maven.apache.org/maven2/org/codehaus/plexus/plexus-compiler-manager/2.11.1/plexus-compiler-manager-2.11.1.pom
[25f49db0-0af8-47ad-9613-6de26753bd51/build]   | [INFO] Downloaded from central: https://repo.maven.apache.org/maven2/org/codehaus/plexus/plexus-compiler-manager/2.11.1/plexus-compiler-manager-2.11.1.pom (1.1 kB at 49 kB/s)
[25f49db0-0af8-47ad-9613-6de26753bd51/build]   | [INFO] Downloading from central: https://repo.maven.apache.org/maven2/org/codehaus/plexus/plexus-compiler-javac/2.11.1/plexus-compiler-javac-2.11.1.pom
[25f49db0-0af8-47ad-9613-6de26753bd51/build]   | [INFO] Downloaded from central: https://repo.maven.apache.org/maven2/org/codehaus/plexus/plexus-compiler-javac/2.11.1/plexus-compiler-javac-2.11.1.pom (1.2 kB at 50 kB/s)
[25f49db0-0af8-47ad-9613-6de26753bd51/build]   | [INFO] Downloading from central: https://repo.maven.apache.org/maven2/org/codehaus/plexus/plexus-compilers/2.11.1/plexus-compilers-2.11.1.pom
[25f49db0-0af8-47ad-9613-6de26753bd51/build]   | [INFO] Downloaded from central: https://repo.maven.apache.org/maven2/org/codehaus/plexus/plexus-compilers/2.11.1/plexus-compilers-2.11.1.pom (1.3 kB at 51 kB/s)
[25f49db0-0af8-47ad-9613-6de26753bd51/build]   | [INFO] Downloading from central: https://repo.maven.apache.org/maven2/org/apache/maven/shared/maven-shared-utils/3.3.4/maven-shared-utils-3.3.4.jar
[25f49db0-0af8-47ad-9613-6de26753bd51/build]   | [INFO] Downloading from central: https://repo.maven.apache.org/maven2/commons-io/commons-io/2.6/commons-io-2.6.jar
[25f49db0-0af8-47ad-9613-6de26753bd51/build]   | [INFO] Downloading from central: https://repo.maven.apache.org/maven2/org/apache/maven/shared/maven-shared-incremental/1.1/maven-shared-incremental-1.1.jar
[25f49db0-0af8-47ad-9613-6de26753bd51/build]   | [INFO] Downloading from central: https://repo.maven.apache.org/maven2/org/codehaus/plexus/plexus-component-annotations/2.0.0/plexus-component-annotations-2.0.0.jar
[25f49db0-0af8-47ad-9613-6de26753bd51/build]   | [INFO] Downloading from central: https://repo.maven.apache.org/maven2/org/codehaus/plexus/plexus-java/1.1.1/plexus-java-1.1.1.jar
[25f49db0-0af8-47ad-9613-6de26753bd51/build]   | [INFO] Downloaded from central: https://repo.maven.apache.org/maven2/org/apache/maven/shared/maven-shared-incremental/1.1/maven-shared-incremental-1.1.jar (14 kB at 589 kB/s)
[25f49db0-0af8-47ad-9613-6de26753bd51/build]   | [INFO] Downloading from central: https://repo.maven.apache.org/maven2/org/ow2/asm/asm/9.2/asm-9.2.jar
[25f49db0-0af8-47ad-9613-6de26753bd51/build]   | [INFO] Downloaded from central: https://repo.maven.apache.org/maven2/org/codehaus/plexus/plexus-component-annotations/2.0.0/plexus-component-annotations-2.0.0.jar (4.2 kB at 176 kB/s)
[25f49db0-0af8-47ad-9613-6de26753bd51/build]   | [INFO] Downloading from central: https://repo.maven.apache.org/maven2/com/thoughtworks/qdox/qdox/2.0.1/qdox-2.0.1.jar
[25f49db0-0af8-47ad-9613-6de26753bd51/build]   | [INFO] Downloaded from central: https://repo.maven.apache.org/maven2/org/codehaus/plexus/plexus-java/1.1.1/plexus-java-1.1.1.jar (54 kB at 1.2 MB/s)
[25f49db0-0af8-47ad-9613-6de26753bd51/build]   | [INFO] Downloading from central: https://repo.maven.apache.org/maven2/org/codehaus/plexus/plexus-compiler-api/2.11.1/plexus-compiler-api-2.11.1.jar
[25f49db0-0af8-47ad-9613-6de26753bd51/build]   | [INFO] Downloaded from central: https://repo.maven.apache.org/maven2/org/apache/maven/shared/maven-shared-utils/3.3.4/maven-shared-utils-3.3.4.jar (153 kB at 2.6 MB/s)
[25f49db0-0af8-47ad-9613-6de26753bd51/build]   | [INFO] Downloading from central: https://repo.maven.apache.org/maven2/org/codehaus/plexus/plexus-utils/3.4.1/plexus-utils-3.4.1.jar
[25f49db0-0af8-47ad-9613-6de26753bd51/build]   | [INFO] Downloaded from central: https://repo.maven.apache.org/maven2/commons-io/commons-io/2.6/commons-io-2.6.jar (215 kB at 3.5 MB/s)
[25f49db0-0af8-47ad-9613-6de26753bd51/build]   | [INFO] Downloading from central: https://repo.maven.apache.org/maven2/org/codehaus/plexus/plexus-compiler-manager/2.11.1/plexus-compiler-manager-2.11.1.jar
[25f49db0-0af8-47ad-9613-6de26753bd51/build]   | [INFO] Downloaded from central: https://repo.maven.apache.org/maven2/org/ow2/asm/asm/9.2/asm-9.2.jar (122 kB at 2.0 MB/s)
[25f49db0-0af8-47ad-9613-6de26753bd51/build]   | [INFO] Downloading from central: https://repo.maven.apache.org/maven2/org/codehaus/plexus/plexus-compiler-javac/2.11.1/plexus-compiler-javac-2.11.1.jar
[25f49db0-0af8-47ad-9613-6de26753bd51/build]   | [INFO] Downloaded from central: https://repo.maven.apache.org/maven2/org/codehaus/plexus/plexus-compiler-api/2.11.1/plexus-compiler-api-2.11.1.jar (27 kB at 402 kB/s)
[25f49db0-0af8-47ad-9613-6de26753bd51/build]   | [INFO] Downloaded from central: https://repo.maven.apache.org/maven2/org/codehaus/plexus/plexus-compiler-javac/2.11.1/plexus-compiler-javac-2.11.1.jar (23 kB at 282 kB/s)
[25f49db0-0af8-47ad-9613-6de26753bd51/build]   | [INFO] Downloaded from central: https://repo.maven.apache.org/maven2/org/codehaus/plexus/plexus-compiler-manager/2.11.1/plexus-compiler-manager-2.11.1.jar (4.7 kB at 56 kB/s)
[25f49db0-0af8-47ad-9613-6de26753bd51/build]   | [INFO] Downloaded from central: https://repo.maven.apache.org/maven2/com/thoughtworks/qdox/qdox/2.0.1/qdox-2.0.1.jar (334 kB at 3.2 MB/s)
[25f49db0-0af8-47ad-9613-6de26753bd51/build]   | [INFO] Downloaded from central: https://repo.maven.apache.org/maven2/org/codehaus/plexus/plexus-utils/3.4.1/plexus-utils-3.4.1.jar (264 kB at 2.2 MB/s)
[25f49db0-0af8-47ad-9613-6de26753bd51/build]   | [INFO] Changes detected - recompiling the module!
[25f49db0-0af8-47ad-9613-6de26753bd51/build]   | [INFO] Compiling 469 source files to /tmp/6e6bdca5-2c61-4df6-aa9d-e215375cac87/target/classes
[25f49db0-0af8-47ad-9613-6de26753bd51/build]   | [INFO] /tmp/6e6bdca5-2c61-4df6-aa9d-e215375cac87/src/main/java/com/thealgorithms/datastructures/lists/CursorLinkedList.java: Some input files use unchecked or unsafe operations.
[25f49db0-0af8-47ad-9613-6de26753bd51/build]   | [INFO] /tmp/6e6bdca5-2c61-4df6-aa9d-e215375cac87/src/main/java/com/thealgorithms/datastructures/lists/CursorLinkedList.java: Recompile with -Xlint:unchecked for details.
[25f49db0-0af8-47ad-9613-6de26753bd51/build]   | [INFO] 
[25f49db0-0af8-47ad-9613-6de26753bd51/build]   | [INFO] --- maven-resources-plugin:2.6:testResources (default-testResources) @ Java ---
[25f49db0-0af8-47ad-9613-6de26753bd51/build]   | [INFO] Using 'UTF-8' encoding to copy filtered resources.
[25f49db0-0af8-47ad-9613-6de26753bd51/build]   | [INFO] skip non existing resourceDirectory /tmp/6e6bdca5-2c61-4df6-aa9d-e215375cac87/src/test/resources
[25f49db0-0af8-47ad-9613-6de26753bd51/build]   | [INFO] 
[25f49db0-0af8-47ad-9613-6de26753bd51/build]   | [INFO] --- maven-compiler-plugin:3.10.1:testCompile (default-testCompile) @ Java ---
[25f49db0-0af8-47ad-9613-6de26753bd51/build]   | [INFO] Changes detected - recompiling the module!
[25f49db0-0af8-47ad-9613-6de26753bd51/build]   | [INFO] Compiling 234 source files to /tmp/6e6bdca5-2c61-4df6-aa9d-e215375cac87/target/test-classes
[25f49db0-0af8-47ad-9613-6de26753bd51/build]   | [INFO] 
[25f49db0-0af8-47ad-9613-6de26753bd51/build]   | [INFO] --- maven-surefire-plugin:2.22.2:test (default-test) @ Java ---
[25f49db0-0af8-47ad-9613-6de26753bd51/build]   | [INFO] Downloading from central: https://repo.maven.apache.org/maven2/org/apache/maven/surefire/maven-surefire-common/2.22.2/maven-surefire-common-2.22.2.pom
[25f49db0-0af8-47ad-9613-6de26753bd51/build]   | [INFO] Downloaded from central: https://repo.maven.apache.org/maven2/org/apache/maven/surefire/maven-surefire-common/2.22.2/maven-surefire-common-2.22.2.pom (11 kB at 157 kB/s)
[25f49db0-0af8-47ad-9613-6de26753bd51/build]   | [INFO] Downloading from central: https://repo.maven.apache.org/maven2/org/apache/maven/maven-plugin-api/2.2.1/maven-plugin-api-2.2.1.pom
[25f49db0-0af8-47ad-9613-6de26753bd51/build]   | [INFO] Downloaded from central: https://repo.maven.apache.org/maven2/org/apache/maven/maven-plugin-api/2.2.1/maven-plugin-api-2.2.1.pom (1.5 kB at 69 kB/s)
[25f49db0-0af8-47ad-9613-6de26753bd51/build]   | [INFO] Downloading from central: https://repo.maven.apache.org/maven2/org/apache/maven/maven/2.2.1/maven-2.2.1.pom
[25f49db0-0af8-47ad-9613-6de26753bd51/build]   | [INFO] Downloaded from central: https://repo.maven.apache.org/maven2/org/apache/maven/maven/2.2.1/maven-2.2.1.pom (22 kB at 862 kB/s)
[25f49db0-0af8-47ad-9613-6de26753bd51/build]   | [INFO] Downloading from central: https://repo.maven.apache.org/maven2/org/apache/maven/maven-parent/11/maven-parent-11.pom
[25f49db0-0af8-47ad-9613-6de26753bd51/build]   | [INFO] Downloaded from central: https://repo.maven.apache.org/maven2/org/apache/maven/maven-parent/11/maven-parent-11.pom (32 kB at 1.2 MB/s)
[25f49db0-0af8-47ad-9613-6de26753bd51/build]   | [INFO] Downloading from central: https://repo.maven.apache.org/maven2/org/apache/apache/5/apache-5.pom
[25f49db0-0af8-47ad-9613-6de26753bd51/build]   | [INFO] Downloaded from central: https://repo.maven.apache.org/maven2/org/apache/apache/5/apache-5.pom (4.1 kB at 178 kB/s)
[25f49db0-0af8-47ad-9613-6de26753bd51/build]   | [INFO] Downloading from central: https://repo.maven.apache.org/maven2/org/apache/maven/plugin-tools/maven-plugin-annotations/3.5.2/maven-plugin-annotations-3.5.2.pom
[25f49db0-0af8-47ad-9613-6de26753bd51/build]   | [INFO] Downloaded from central: https://repo.maven.apache.org/maven2/org/apache/maven/plugin-tools/maven-plugin-annotations/3.5.2/maven-plugin-annotations-3.5.2.pom (1.6 kB at 71 kB/s)
[25f49db0-0af8-47ad-9613-6de26753bd51/build]   | [INFO] Downloading from central: https://repo.maven.apache.org/maven2/org/apache/maven/plugin-tools/maven-plugin-tools/3.5.2/maven-plugin-tools-3.5.2.pom
[25f49db0-0af8-47ad-9613-6de26753bd51/build]   | [INFO] Downloaded from central: https://repo.maven.apache.org/maven2/org/apache/maven/plugin-tools/maven-plugin-tools/3.5.2/maven-plugin-tools-3.5.2.pom (15 kB at 698 kB/s)
[25f49db0-0af8-47ad-9613-6de26753bd51/build]   | [INFO] Downloading from central: https://repo.maven.apache.org/maven2/org/apache/maven/maven-parent/31/maven-parent-31.pom
[25f49db0-0af8-47ad-9613-6de26753bd51/build]   | [INFO] Downloaded from central: https://repo.maven.apache.org/maven2/org/apache/maven/maven-parent/31/maven-parent-31.pom (43 kB at 1.4 MB/s)
[25f49db0-0af8-47ad-9613-6de26753bd51/build]   | [INFO] Downloading from central: https://repo.maven.apache.org/maven2/org/apache/apache/19/apache-19.pom
[25f49db0-0af8-47ad-9613-6de26753bd51/build]   | [INFO] Downloaded from central: https://repo.maven.apache.org/maven2/org/apache/apache/19/apache-19.pom (15 kB at 704 kB/s)
[25f49db0-0af8-47ad-9613-6de26753bd51/build]   | [INFO] Downloading from central: https://repo.maven.apache.org/maven2/org/apache/maven/maven-artifact/2.2.1/maven-artifact-2.2.1.pom
[25f49db0-0af8-47ad-9613-6de26753bd51/build]   | [INFO] Downloaded from central: https://repo.maven.apache.org/maven2/org/apache/maven/maven-artifact/2.2.1/maven-artifact-2.2.1.pom (1.6 kB at 72 kB/s)
[25f49db0-0af8-47ad-9613-6de26753bd51/build]   | [INFO] Downloading from central: https://repo.maven.apache.org/maven2/org/apache/maven/surefire/surefire-api/2.22.2/surefire-api-2.22.2.pom
[25f49db0-0af8-47ad-9613-6de26753bd51/build]   | [INFO] Downloaded from central: https://repo.maven.apache.org/maven2/org/apache/maven/surefire/surefire-api/2.22.2/surefire-api-2.22.2.pom (3.5 kB at 154 kB/s)
[25f49db0-0af8-47ad-9613-6de26753bd51/build]   | [INFO] Downloading from central: https://repo.maven.apache.org/maven2/org/apache/maven/surefire/surefire-logger-api/2.22.2/surefire-logger-api-2.22.2.pom
[25f49db0-0af8-47ad-9613-6de26753bd51/build]   | [INFO] Downloaded from central: https://repo.maven.apache.org/maven2/org/apache/maven/surefire/surefire-logger-api/2.22.2/surefire-logger-api-2.22.2.pom (2.0 kB at 85 kB/s)
[25f49db0-0af8-47ad-9613-6de26753bd51/build]   | [INFO] Downloading from central: https://repo.maven.apache.org/maven2/org/apache/maven/surefire/surefire-booter/2.22.2/surefire-booter-2.22.2.pom
[25f49db0-0af8-47ad-9613-6de26753bd51/build]   | [INFO] Downloaded from central: https://repo.maven.apache.org/maven2/org/apache/maven/surefire/surefire-booter/2.22.2/surefire-booter-2.22.2.pom (7.5 kB at 373 kB/s)
[25f49db0-0af8-47ad-9613-6de26753bd51/build]   | [INFO] Downloading from central: https://repo.maven.apache.org/maven2/org/apache/maven/maven-plugin-descriptor/2.2.1/maven-plugin-descriptor-2.2.1.pom
[25f49db0-0af8-47ad-9613-6de26753bd51/build]   | [INFO] Downloaded from central: https://repo.maven.apache.org/maven2/org/apache/maven/maven-plugin-descriptor/2.2.1/maven-plugin-descriptor-2.2.1.pom (2.1 kB at 94 kB/s)
[25f49db0-0af8-47ad-9613-6de26753bd51/build]   | [INFO] Downloading from central: https://repo.maven.apache.org/maven2/junit/junit/4.12/junit-4.12.pom
[25f49db0-0af8-47ad-9613-6de26753bd51/build]   | [INFO] Downloaded from central: https://repo.maven.apache.org/maven2/junit/junit/4.12/junit-4.12.pom (24 kB at 846 kB/s)
[25f49db0-0af8-47ad-9613-6de26753bd51/build]   | [INFO] Downloading from central: https://repo.maven.apache.org/maven2/org/hamcrest/hamcrest-core/1.3/hamcrest-core-1.3.pom
[25f49db0-0af8-47ad-9613-6de26753bd51/build]   | [INFO] Downloaded from central: https://repo.maven.apache.org/maven2/org/hamcrest/hamcrest-core/1.3/hamcrest-core-1.3.pom (766 B at 27 kB/s)
[25f49db0-0af8-47ad-9613-6de26753bd51/build]   | [INFO] Downloading from central: https://repo.maven.apache.org/maven2/org/hamcrest/hamcrest-parent/1.3/hamcrest-parent-1.3.pom
[25f49db0-0af8-47ad-9613-6de26753bd51/build]   | [INFO] Downloaded from central: https://repo.maven.apache.org/maven2/org/hamcrest/hamcrest-parent/1.3/hamcrest-parent-1.3.pom (2.0 kB at 70 kB/s)
[25f49db0-0af8-47ad-9613-6de26753bd51/build]   | [INFO] Downloading from central: https://repo.maven.apache.org/maven2/org/apache/maven/maven-project/2.2.1/maven-project-2.2.1.pom
[25f49db0-0af8-47ad-9613-6de26753bd51/build]   | [INFO] Downloaded from central: https://repo.maven.apache.org/maven2/org/apache/maven/maven-project/2.2.1/maven-project-2.2.1.pom (2.8 kB at 121 kB/s)
[25f49db0-0af8-47ad-9613-6de26753bd51/build]   | [INFO] Downloading from central: https://repo.maven.apache.org/maven2/org/apache/maven/maven-settings/2.2.1/maven-settings-2.2.1.pom
[25f49db0-0af8-47ad-9613-6de26753bd51/build]   | [INFO] Downloaded from central: https://repo.maven.apache.org/maven2/org/apache/maven/maven-settings/2.2.1/maven-settings-2.2.1.pom (2.2 kB at 99 kB/s)
[25f49db0-0af8-47ad-9613-6de26753bd51/build]   | [INFO] Downloading from central: https://repo.maven.apache.org/maven2/org/apache/maven/maven-model/2.2.1/maven-model-2.2.1.pom
[25f49db0-0af8-47ad-9613-6de26753bd51/build]   | [INFO] Downloaded from central: https://repo.maven.apache.org/maven2/org/apache/maven/maven-model/2.2.1/maven-model-2.2.1.pom (3.2 kB at 90 kB/s)
[25f49db0-0af8-47ad-9613-6de26753bd51/build]   | [INFO] Downloading from central: https://repo.maven.apache.org/maven2/org/codehaus/plexus/plexus-interpolation/1.11/plexus-interpolation-1.11.pom
[25f49db0-0af8-47ad-9613-6de26753bd51/build]   | [INFO] Downloaded from central: https://repo.maven.apache.org/maven2/org/codehaus/plexus/plexus-interpolation/1.11/plexus-interpolation-1.11.pom (889 B at 22 kB/s)
[25f49db0-0af8-47ad-9613-6de26753bd51/build]   | [INFO] Downloading from central: https://repo.maven.apache.org/maven2/org/apache/maven/maven-profile/2.2.1/maven-profile-2.2.1.pom
[25f49db0-0af8-47ad-9613-6de26753bd51/build]   | [INFO] Downloaded from central: https://repo.maven.apache.org/maven2/org/apache/maven/maven-profile/2.2.1/maven-profile-2.2.1.pom (2.2 kB at 57 kB/s)
[25f49db0-0af8-47ad-9613-6de26753bd51/build]   | [INFO] Downloading from central: https://repo.maven.apache.org/maven2/org/apache/maven/maven-artifact-manager/2.2.1/maven-artifact-manager-2.2.1.pom
[25f49db0-0af8-47ad-9613-6de26753bd51/build]   | [INFO] Downloaded from central: https://repo.maven.apache.org/maven2/org/apache/maven/maven-artifact-manager/2.2.1/maven-artifact-manager-2.2.1.pom (3.1 kB at 135 kB/s)
[25f49db0-0af8-47ad-9613-6de26753bd51/build]   | [INFO] Downloading from central: https://repo.maven.apache.org/maven2/org/apache/maven/maven-repository-metadata/2.2.1/maven-repository-metadata-2.2.1.pom
[25f49db0-0af8-47ad-9613-6de26753bd51/build]   | [INFO] Downloaded from central: https://repo.maven.apache.org/maven2/org/apache/maven/maven-repository-metadata/2.2.1/maven-repository-metadata-2.2.1.pom (1.9 kB at 104 kB/s)
[25f49db0-0af8-47ad-9613-6de26753bd51/build]   | [INFO] Downloading from central: https://repo.maven.apache.org/maven2/backport-util-concurrent/backport-util-concurrent/3.1/backport-util-concurrent-3.1.pom
[25f49db0-0af8-47ad-9613-6de26753bd51/build]   | [INFO] Downloaded from central: https://repo.maven.apache.org/maven2/backport-util-concurrent/backport-util-concurrent/3.1/backport-util-concurrent-3.1.pom (880 B at 44 kB/s)
[25f49db0-0af8-47ad-9613-6de26753bd51/build]   | [INFO] Downloading from central: https://repo.maven.apache.org/maven2/org/apache/maven/maven-plugin-registry/2.2.1/maven-plugin-registry-2.2.1.pom
[25f49db0-0af8-47ad-9613-6de26753bd51/build]   | [INFO] Downloaded from central: https://repo.maven.apache.org/maven2/org/apache/maven/maven-plugin-registry/2.2.1/maven-plugin-registry-2.2.1.pom (1.9 kB at 102 kB/s)
[25f49db0-0af8-47ad-9613-6de26753bd51/build]   | [INFO] Downloading from central: https://repo.maven.apache.org/maven2/org/apache/maven/maven-core/2.2.1/maven-core-2.2.1.pom
[25f49db0-0af8-47ad-9613-6de26753bd51/build]   | [INFO] Downloaded from central: https://repo.maven.apache.org/maven2/org/apache/maven/maven-core/2.2.1/maven-core-2.2.1.pom (12 kB at 485 kB/s)
[25f49db0-0af8-47ad-9613-6de26753bd51/build]   | [INFO] Downloading from central: https://repo.maven.apache.org/maven2/org/apache/maven/maven-plugin-parameter-documenter/2.2.1/maven-plugin-parameter-documenter-2.2.1.pom
[25f49db0-0af8-47ad-9613-6de26753bd51/build]   | [INFO] Downloaded from central: https://repo.maven.apache.org/maven2/org/apache/maven/maven-plugin-parameter-documenter/2.2.1/maven-plugin-parameter-documenter-2.2.1.pom (2.0 kB at 98 kB/s)
[25f49db0-0af8-47ad-9613-6de26753bd51/build]   | [INFO] Downloading from central: https://repo.maven.apache.org/maven2/org/slf4j/slf4j-jdk14/1.5.6/slf4j-jdk14-1.5.6.pom
[25f49db0-0af8-47ad-9613-6de26753bd51/build]   | [INFO] Downloaded from central: https://repo.maven.apache.org/maven2/org/slf4j/slf4j-jdk14/1.5.6/slf4j-jdk14-1.5.6.pom (1.9 kB at 32 kB/s)
[25f49db0-0af8-47ad-9613-6de26753bd51/build]   | [INFO] Downloading from central: https://repo.maven.apache.org/maven2/org/slf4j/slf4j-parent/1.5.6/slf4j-parent-1.5.6.pom
[25f49db0-0af8-47ad-9613-6de26753bd51/build]   | [INFO] Downloaded from central: https://repo.maven.apache.org/maven2/org/slf4j/slf4j-parent/1.5.6/slf4j-parent-1.5.6.pom (7.9 kB at 137 kB/s)
[25f49db0-0af8-47ad-9613-6de26753bd51/build]   | [INFO] Downloading from central: https://repo.maven.apache.org/maven2/org/slf4j/slf4j-api/1.5.6/slf4j-api-1.5.6.pom
[25f49db0-0af8-47ad-9613-6de26753bd51/build]   | [INFO] Downloaded from central: https://repo.maven.apache.org/maven2/org/slf4j/slf4j-api/1.5.6/slf4j-api-1.5.6.pom (3.0 kB at 53 kB/s)
[25f49db0-0af8-47ad-9613-6de26753bd51/build]   | [INFO] Downloading from central: https://repo.maven.apache.org/maven2/org/slf4j/jcl-over-slf4j/1.5.6/jcl-over-slf4j-1.5.6.pom
[25f49db0-0af8-47ad-9613-6de26753bd51/build]   | [INFO] Downloaded from central: https://repo.maven.apache.org/maven2/org/slf4j/jcl-over-slf4j/1.5.6/jcl-over-slf4j-1.5.6.pom (2.2 kB at 47 kB/s)
[25f49db0-0af8-47ad-9613-6de26753bd51/build]   | [INFO] Downloading from central: https://repo.maven.apache.org/maven2/org/apache/maven/reporting/maven-reporting-api/3.0/maven-reporting-api-3.0.pom
[25f49db0-0af8-47ad-9613-6de26753bd51/build]   | [INFO] Downloaded from central: https://repo.maven.apache.org/maven2/org/apache/maven/reporting/maven-reporting-api/3.0/maven-reporting-api-3.0.pom (2.4 kB at 79 kB/s)
[25f49db0-0af8-47ad-9613-6de26753bd51/build]   | [INFO] Downloading from central: https://repo.maven.apache.org/maven2/org/apache/maven/shared/maven-shared-components/15/maven-shared-components-15.pom
[25f49db0-0af8-47ad-9613-6de26753bd51/build]   | [INFO] Downloaded from central: https://repo.maven.apache.org/maven2/org/apache/maven/shared/maven-shared-components/15/maven-shared-components-15.pom (9.3 kB at 445 kB/s)
[25f49db0-0af8-47ad-9613-6de26753bd51/build]   | [INFO] Downloading from central: https://repo.maven.apache.org/maven2/org/apache/maven/maven-parent/16/maven-parent-16.pom
[25f49db0-0af8-47ad-9613-6de26753bd51/build]   | [INFO] Downloaded from central: https://repo.maven.apache.org/maven2/org/apache/maven/maven-parent/16/maven-parent-16.pom (23 kB at 751 kB/s)
[25f49db0-0af8-47ad-9613-6de26753bd51/build]   | [INFO] Downloading from central: https://repo.maven.apache.org/maven2/org/apache/apache/7/apache-7.pom
[25f49db0-0af8-47ad-9613-6de26753bd51/build]   | [INFO] Downloaded from central: https://repo.maven.apache.org/maven2/org/apache/apache/7/apache-7.pom (14 kB at 687 kB/s)
[25f49db0-0af8-47ad-9613-6de26753bd51/build]   | [INFO] Downloading from central: https://repo.maven.apache.org/maven2/org/apache/maven/maven-error-diagnostics/2.2.1/maven-error-diagnostics-2.2.1.pom
[25f49db0-0af8-47ad-9613-6de26753bd51/build]   | [INFO] Downloaded from central: https://repo.maven.apache.org/maven2/org/apache/maven/maven-error-diagnostics/2.2.1/maven-error-diagnostics-2.2.1.pom (1.7 kB at 52 kB/s)
[25f49db0-0af8-47ad-9613-6de26753bd51/build]   | [INFO] Downloading from central: https://repo.maven.apache.org/maven2/org/apache/maven/maven-monitor/2.2.1/maven-monitor-2.2.1.pom
[25f49db0-0af8-47ad-9613-6de26753bd51/build]   | [INFO] Downloaded from central: https://repo.maven.apache.org/maven2/org/apache/maven/maven-monitor/2.2.1/maven-monitor-2.2.1.pom (1.3 kB at 20 kB/s)
[25f49db0-0af8-47ad-9613-6de26753bd51/build]   | [INFO] Downloading from central: https://repo.maven.apache.org/maven2/org/sonatype/plexus/plexus-sec-dispatcher/1.3/plexus-sec-dispatcher-1.3.pom
[25f49db0-0af8-47ad-9613-6de26753bd51/build]   | [INFO] Downloaded from central: https://repo.maven.apache.org/maven2/org/sonatype/plexus/plexus-sec-dispatcher/1.3/plexus-sec-dispatcher-1.3.pom (3.0 kB at 72 kB/s)
[25f49db0-0af8-47ad-9613-6de26753bd51/build]   | [INFO] Downloading from central: https://repo.maven.apache.org/maven2/org/sonatype/spice/spice-parent/12/spice-parent-12.pom
[25f49db0-0af8-47ad-9613-6de26753bd51/build]   | [INFO] Downloaded from central: https://repo.maven.apache.org/maven2/org/sonatype/spice/spice-parent/12/spice-parent-12.pom (6.8 kB at 340 kB/s)
[25f49db0-0af8-47ad-9613-6de26753bd51/build]   | [INFO] Downloading from central: https://repo.maven.apache.org/maven2/org/sonatype/forge/forge-parent/4/forge-parent-4.pom
[25f49db0-0af8-47ad-9613-6de26753bd51/build]   | [INFO] Downloaded from central: https://repo.maven.apache.org/maven2/org/sonatype/forge/forge-parent/4/forge-parent-4.pom (8.4 kB at 200 kB/s)
[25f49db0-0af8-47ad-9613-6de26753bd51/build]   | [INFO] Downloading from central: https://repo.maven.apache.org/maven2/org/codehaus/plexus/plexus-utils/1.5.5/plexus-utils-1.5.5.pom
[25f49db0-0af8-47ad-9613-6de26753bd51/build]   | [INFO] Downloaded from central: https://repo.maven.apache.org/maven2/org/codehaus/plexus/plexus-utils/1.5.5/plexus-utils-1.5.5.pom (5.1 kB at 214 kB/s)
[25f49db0-0af8-47ad-9613-6de26753bd51/build]   | [INFO] Downloading from central: https://repo.maven.apache.org/maven2/org/sonatype/plexus/plexus-cipher/1.4/plexus-cipher-1.4.pom
[25f49db0-0af8-47ad-9613-6de26753bd51/build]   | [INFO] Downloaded from central: https://repo.maven.apache.org/maven2/org/sonatype/plexus/plexus-cipher/1.4/plexus-cipher-1.4.pom (2.1 kB at 103 kB/s)
[25f49db0-0af8-47ad-9613-6de26753bd51/build]   | [INFO] Downloading from central: https://repo.maven.apache.org/maven2/org/apache/maven/maven-toolchain/2.2.1/maven-toolchain-2.2.1.pom
[25f49db0-0af8-47ad-9613-6de26753bd51/build]   | [INFO] Downloaded from central: https://repo.maven.apache.org/maven2/org/apache/maven/maven-toolchain/2.2.1/maven-toolchain-2.2.1.pom (3.3 kB at 152 kB/s)
[25f49db0-0af8-47ad-9613-6de26753bd51/build]   | [INFO] Downloading from central: https://repo.maven.apache.org/maven2/org/codehaus/plexus/plexus-java/0.9.10/plexus-java-0.9.10.pom
[25f49db0-0af8-47ad-9613-6de26753bd51/build]   | [INFO] Downloaded from central: https://repo.maven.apache.org/maven2/org/codehaus/plexus/plexus-java/0.9.10/plexus-java-0.9.10.pom (5.1 kB at 222 kB/s)
[25f49db0-0af8-47ad-9613-6de26753bd51/build]   | [INFO] Downloading from central: https://repo.maven.apache.org/maven2/org/codehaus/plexus/plexus-languages/0.9.10/plexus-languages-0.9.10.pom
[25f49db0-0af8-47ad-9613-6de26753bd51/build]   | [INFO] Downloaded from central: https://repo.maven.apache.org/maven2/org/codehaus/plexus/plexus-languages/0.9.10/plexus-languages-0.9.10.pom (4.1 kB at 207 kB/s)
[25f49db0-0af8-47ad-9613-6de26753bd51/build]   | [INFO] Downloading from central: https://repo.maven.apache.org/maven2/org/codehaus/plexus/plexus/4.0/plexus-4.0.pom
[25f49db0-0af8-47ad-9613-6de26753bd51/build]   | [INFO] Downloaded from central: https://repo.maven.apache.org/maven2/org/codehaus/plexus/plexus/4.0/plexus-4.0.pom (22 kB at 860 kB/s)
[25f49db0-0af8-47ad-9613-6de26753bd51/build]   | [INFO] Downloading from central: https://repo.maven.apache.org/maven2/org/sonatype/forge/forge-parent/10/forge-parent-10.pom
[25f49db0-0af8-47ad-9613-6de26753bd51/build]   | [INFO] Downloaded from central: https://repo.maven.apache.org/maven2/org/sonatype/forge/forge-parent/10/forge-parent-10.pom (14 kB at 616 kB/s)
[25f49db0-0af8-47ad-9613-6de26753bd51/build]   | [INFO] Downloading from central: https://repo.maven.apache.org/maven2/org/ow2/asm/asm/6.2/asm-6.2.pom
[25f49db0-0af8-47ad-9613-6de26753bd51/build]   | [INFO] Downloaded from central: https://repo.maven.apache.org/maven2/org/ow2/asm/asm/6.2/asm-6.2.pom (2.9 kB at 147 kB/s)
[25f49db0-0af8-47ad-9613-6de26753bd51/build]   | [INFO] Downloading from central: https://repo.maven.apache.org/maven2/com/thoughtworks/qdox/qdox/2.0-M8/qdox-2.0-M8.pom
[25f49db0-0af8-47ad-9613-6de26753bd51/build]   | [INFO] Downloaded from central: https://repo.maven.apache.org/maven2/com/thoughtworks/qdox/qdox/2.0-M8/qdox-2.0-M8.pom (16 kB at 754 kB/s)
[25f49db0-0af8-47ad-9613-6de26753bd51/build]   | [INFO] Downloading from central: https://repo.maven.apache.org/maven2/org/apache/maven/surefire/maven-surefire-common/2.22.2/maven-surefire-common-2.22.2.jar
[25f49db0-0af8-47ad-9613-6de26753bd51/build]   | [INFO] Downloading from central: https://repo.maven.apache.org/maven2/org/apache/maven/maven-plugin-api/2.2.1/maven-plugin-api-2.2.1.jar
[25f49db0-0af8-47ad-9613-6de26753bd51/build]   | [INFO] Downloading from central: https://repo.maven.apache.org/maven2/org/apache/maven/plugin-tools/maven-plugin-annotations/3.5.2/maven-plugin-annotations-3.5.2.jar
[25f49db0-0af8-47ad-9613-6de26753bd51/build]   | [INFO] Downloading from central: https://repo.maven.apache.org/maven2/org/apache/maven/surefire/surefire-api/2.22.2/surefire-api-2.22.2.jar
[25f49db0-0af8-47ad-9613-6de26753bd51/build]   | [INFO] Downloading from central: https://repo.maven.apache.org/maven2/org/apache/maven/surefire/surefire-logger-api/2.22.2/surefire-logger-api-2.22.2.jar
[25f49db0-0af8-47ad-9613-6de26753bd51/build]   | [INFO] Downloaded from central: https://repo.maven.apache.org/maven2/org/apache/maven/plugin-tools/maven-plugin-annotations/3.5.2/maven-plugin-annotations-3.5.2.jar (14 kB at 594 kB/s)
[25f49db0-0af8-47ad-9613-6de26753bd51/build]   | [INFO] Downloading from central: https://repo.maven.apache.org/maven2/org/apache/maven/surefire/surefire-booter/2.22.2/surefire-booter-2.22.2.jar
[25f49db0-0af8-47ad-9613-6de26753bd51/build]   | [INFO] Downloaded from central: https://repo.maven.apache.org/maven2/org/apache/maven/surefire/surefire-logger-api/2.22.2/surefire-logger-api-2.22.2.jar (13 kB at 556 kB/s)
[25f49db0-0af8-47ad-9613-6de26753bd51/build]   | [INFO] Downloading from central: https://repo.maven.apache.org/maven2/org/apache/maven/maven-artifact/2.2.1/maven-artifact-2.2.1.jar
[25f49db0-0af8-47ad-9613-6de26753bd51/build]   | [INFO] Downloaded from central: https://repo.maven.apache.org/maven2/org/apache/maven/maven-plugin-api/2.2.1/maven-plugin-api-2.2.1.jar (12 kB at 476 kB/s)
[25f49db0-0af8-47ad-9613-6de26753bd51/build]   | [INFO] Downloading from central: https://repo.maven.apache.org/maven2/org/codehaus/plexus/plexus-utils/1.5.15/plexus-utils-1.5.15.jar
[25f49db0-0af8-47ad-9613-6de26753bd51/build]   | [INFO] Downloaded from central: https://repo.maven.apache.org/maven2/org/apache/maven/maven-artifact/2.2.1/maven-artifact-2.2.1.jar (80 kB at 1.4 MB/s)
[25f49db0-0af8-47ad-9613-6de26753bd51/build]   | [INFO] Downloading from central: https://repo.maven.apache.org/maven2/org/apache/maven/maven-plugin-descriptor/2.2.1/maven-plugin-descriptor-2.2.1.jar
[25f49db0-0af8-47ad-9613-6de26753bd51/build]   | [INFO] Downloaded from central: https://repo.maven.apache.org/maven2/org/apache/maven/surefire/surefire-api/2.22.2/surefire-api-2.22.2.jar (186 kB at 2.5 MB/s)
[25f49db0-0af8-47ad-9613-6de26753bd51/build]   | [INFO] Downloading from central: https://repo.maven.apache.org/maven2/junit/junit/4.12/junit-4.12.jar
[25f49db0-0af8-47ad-9613-6de26753bd51/build]   | [INFO] Downloaded from central: https://repo.maven.apache.org/maven2/org/apache/maven/maven-plugin-descriptor/2.2.1/maven-plugin-descriptor-2.2.1.jar (39 kB at 504 kB/s)
[25f49db0-0af8-47ad-9613-6de26753bd51/build]   | [INFO] Downloading from central: https://repo.maven.apache.org/maven2/org/hamcrest/hamcrest-core/1.3/hamcrest-core-1.3.jar
[25f49db0-0af8-47ad-9613-6de26753bd51/build]   | [INFO] Downloaded from central: https://repo.maven.apache.org/maven2/org/codehaus/plexus/plexus-utils/1.5.15/plexus-utils-1.5.15.jar (228 kB at 2.8 MB/s)
[25f49db0-0af8-47ad-9613-6de26753bd51/build]   | [INFO] Downloading from central: https://repo.maven.apache.org/maven2/org/apache/maven/maven-project/2.2.1/maven-project-2.2.1.jar
[25f49db0-0af8-47ad-9613-6de26753bd51/build]   | [INFO] Downloaded from central: https://repo.maven.apache.org/maven2/org/apache/maven/surefire/surefire-booter/2.22.2/surefire-booter-2.22.2.jar (274 kB at 2.8 MB/s)
[25f49db0-0af8-47ad-9613-6de26753bd51/build]   | [INFO] Downloading from central: https://repo.maven.apache.org/maven2/org/apache/maven/maven-settings/2.2.1/maven-settings-2.2.1.jar
[25f49db0-0af8-47ad-9613-6de26753bd51/build]   | [INFO] Downloaded from central: https://repo.maven.apache.org/maven2/org/hamcrest/hamcrest-core/1.3/hamcrest-core-1.3.jar (45 kB at 455 kB/s)
[25f49db0-0af8-47ad-9613-6de26753bd51/build]   | [INFO] Downloading from central: https://repo.maven.apache.org/maven2/org/apache/maven/maven-profile/2.2.1/maven-profile-2.2.1.jar
[25f49db0-0af8-47ad-9613-6de26753bd51/build]   | [INFO] Downloaded from central: https://repo.maven.apache.org/maven2/org/apache/maven/maven-profile/2.2.1/maven-profile-2.2.1.jar (35 kB at 300 kB/s)
[25f49db0-0af8-47ad-9613-6de26753bd51/build]   | [INFO] Downloading from central: https://repo.maven.apache.org/maven2/org/apache/maven/maven-artifact-manager/2.2.1/maven-artifact-manager-2.2.1.jar
[25f49db0-0af8-47ad-9613-6de26753bd51/build]   | [INFO] Downloaded from central: https://repo.maven.apache.org/maven2/org/apache/maven/maven-settings/2.2.1/maven-settings-2.2.1.jar (49 kB at 409 kB/s)
[25f49db0-0af8-47ad-9613-6de26753bd51/build]   | [INFO] Downloading from central: https://repo.maven.apache.org/maven2/backport-util-concurrent/backport-util-concurrent/3.1/backport-util-concurrent-3.1.jar
[25f49db0-0af8-47ad-9613-6de26753bd51/build]   | [INFO] Downloaded from central: https://repo.maven.apache.org/maven2/org/apache/maven/maven-artifact-manager/2.2.1/maven-artifact-manager-2.2.1.jar (68 kB at 486 kB/s)
[25f49db0-0af8-47ad-9613-6de26753bd51/build]   | [INFO] Downloading from central: https://repo.maven.apache.org/maven2/org/apache/maven/maven-plugin-registry/2.2.1/maven-plugin-registry-2.2.1.jar
[25f49db0-0af8-47ad-9613-6de26753bd51/build]   | [INFO] Downloaded from central: https://repo.maven.apache.org/maven2/org/apache/maven/maven-project/2.2.1/maven-project-2.2.1.jar (156 kB at 1.1 MB/s)
[25f49db0-0af8-47ad-9613-6de26753bd51/build]   | [INFO] Downloading from central: https://repo.maven.apache.org/maven2/org/codehaus/plexus/plexus-interpolation/1.11/plexus-interpolation-1.11.jar
[25f49db0-0af8-47ad-9613-6de26753bd51/build]   | [INFO] Downloaded from central: https://repo.maven.apache.org/maven2/junit/junit/4.12/junit-4.12.jar (315 kB at 2.2 MB/s)
[25f49db0-0af8-47ad-9613-6de26753bd51/build]   | [INFO] Downloading from central: https://repo.maven.apache.org/maven2/org/apache/maven/maven-model/2.2.1/maven-model-2.2.1.jar
[25f49db0-0af8-47ad-9613-6de26753bd51/build]   | [INFO] Downloaded from central: https://repo.maven.apache.org/maven2/org/apache/maven/surefire/maven-surefire-common/2.22.2/maven-surefire-common-2.22.2.jar (528 kB at 3.6 MB/s)
[25f49db0-0af8-47ad-9613-6de26753bd51/build]   | [INFO] Downloading from central: https://repo.maven.apache.org/maven2/org/apache/maven/maven-core/2.2.1/maven-core-2.2.1.jar
[25f49db0-0af8-47ad-9613-6de26753bd51/build]   | [INFO] Downloaded from central: https://repo.maven.apache.org/maven2/org/apache/maven/maven-plugin-registry/2.2.1/maven-plugin-registry-2.2.1.jar (30 kB at 192 kB/s)
[25f49db0-0af8-47ad-9613-6de26753bd51/build]   | [INFO] Downloading from central: https://repo.maven.apache.org/maven2/org/apache/maven/maven-plugin-parameter-documenter/2.2.1/maven-plugin-parameter-documenter-2.2.1.jar
[25f49db0-0af8-47ad-9613-6de26753bd51/build]   | [INFO] Downloaded from central: https://repo.maven.apache.org/maven2/org/codehaus/plexus/plexus-interpolation/1.11/plexus-interpolation-1.11.jar (51 kB at 311 kB/s)
[25f49db0-0af8-47ad-9613-6de26753bd51/build]   | [INFO] Downloading from central: https://repo.maven.apache.org/maven2/org/slf4j/slf4j-jdk14/1.5.6/slf4j-jdk14-1.5.6.jar
[25f49db0-0af8-47ad-9613-6de26753bd51/build]   | [INFO] Downloaded from central: https://repo.maven.apache.org/maven2/org/apache/maven/maven-model/2.2.1/maven-model-2.2.1.jar (88 kB at 521 kB/s)
[25f49db0-0af8-47ad-9613-6de26753bd51/build]   | [INFO] Downloading from central: https://repo.maven.apache.org/maven2/org/slf4j/slf4j-api/1.5.6/slf4j-api-1.5.6.jar
[25f49db0-0af8-47ad-9613-6de26753bd51/build]   | [INFO] Downloaded from central: https://repo.maven.apache.org/maven2/org/apache/maven/maven-plugin-parameter-documenter/2.2.1/maven-plugin-parameter-documenter-2.2.1.jar (22 kB at 130 kB/s)
[25f49db0-0af8-47ad-9613-6de26753bd51/build]   | [INFO] Downloading from central: https://repo.maven.apache.org/maven2/org/slf4j/jcl-over-slf4j/1.5.6/jcl-over-slf4j-1.5.6.jar
[25f49db0-0af8-47ad-9613-6de26753bd51/build]   | [INFO] Downloaded from central: https://repo.maven.apache.org/maven2/org/slf4j/slf4j-jdk14/1.5.6/slf4j-jdk14-1.5.6.jar (8.8 kB at 49 kB/s)
[25f49db0-0af8-47ad-9613-6de26753bd51/build]   | [INFO] Downloading from central: https://repo.maven.apache.org/maven2/org/apache/maven/reporting/maven-reporting-api/3.0/maven-reporting-api-3.0.jar
[25f49db0-0af8-47ad-9613-6de26753bd51/build]   | [INFO] Downloaded from central: https://repo.maven.apache.org/maven2/org/slf4j/jcl-over-slf4j/1.5.6/jcl-over-slf4j-1.5.6.jar (17 kB at 89 kB/s)
[25f49db0-0af8-47ad-9613-6de26753bd51/build]   | [INFO] Downloading from central: https://repo.maven.apache.org/maven2/org/apache/maven/maven-repository-metadata/2.2.1/maven-repository-metadata-2.2.1.jar
[25f49db0-0af8-47ad-9613-6de26753bd51/build]   | [INFO] Downloaded from central: https://repo.maven.apache.org/maven2/org/slf4j/slf4j-api/1.5.6/slf4j-api-1.5.6.jar (22 kB at 118 kB/s)
[25f49db0-0af8-47ad-9613-6de26753bd51/build]   | [INFO] Downloading from central: https://repo.maven.apache.org/maven2/org/apache/maven/maven-error-diagnostics/2.2.1/maven-error-diagnostics-2.2.1.jar
[25f49db0-0af8-47ad-9613-6de26753bd51/build]   | [INFO] Downloaded from central: https://repo.maven.apache.org/maven2/backport-util-concurrent/backport-util-concurrent/3.1/backport-util-concurrent-3.1.jar (332 kB at 1.7 MB/s)
[25f49db0-0af8-47ad-9613-6de26753bd51/build]   | [INFO] Downloading from central: https://repo.maven.apache.org/maven2/org/apache/maven/maven-monitor/2.2.1/maven-monitor-2.2.1.jar
[25f49db0-0af8-47ad-9613-6de26753bd51/build]   | [INFO] Downloaded from central: https://repo.maven.apache.org/maven2/org/apache/maven/reporting/maven-reporting-api/3.0/maven-reporting-api-3.0.jar (11 kB at 57 kB/s)
[25f49db0-0af8-47ad-9613-6de26753bd51/build]   | [INFO] Downloading from central: https://repo.maven.apache.org/maven2/org/sonatype/plexus/plexus-sec-dispatcher/1.3/plexus-sec-dispatcher-1.3.jar
[25f49db0-0af8-47ad-9613-6de26753bd51/build]   | [INFO] Downloaded from central: https://repo.maven.apache.org/maven2/org/apache/maven/maven-core/2.2.1/maven-core-2.2.1.jar (178 kB at 908 kB/s)
[25f49db0-0af8-47ad-9613-6de26753bd51/build]   | [INFO] Downloading from central: https://repo.maven.apache.org/maven2/org/sonatype/plexus/plexus-cipher/1.4/plexus-cipher-1.4.jar
[25f49db0-0af8-47ad-9613-6de26753bd51/build]   | [INFO] Downloaded from central: https://repo.maven.apache.org/maven2/org/apache/maven/maven-error-diagnostics/2.2.1/maven-error-diagnostics-2.2.1.jar (13 kB at 63 kB/s)
[25f49db0-0af8-47ad-9613-6de26753bd51/build]   | [INFO] Downloading from central: https://repo.maven.apache.org/maven2/org/apache/maven/maven-toolchain/2.2.1/maven-toolchain-2.2.1.jar
[25f49db0-0af8-47ad-9613-6de26753bd51/build]   | [INFO] Downloaded from central: https://repo.maven.apache.org/maven2/org/apache/maven/maven-repository-metadata/2.2.1/maven-repository-metadata-2.2.1.jar (26 kB at 124 kB/s)
[25f49db0-0af8-47ad-9613-6de26753bd51/build]   | [INFO] Downloading from central: https://repo.maven.apache.org/maven2/org/codehaus/plexus/plexus-java/0.9.10/plexus-java-0.9.10.jar
[25f49db0-0af8-47ad-9613-6de26753bd51/build]   | [INFO] Downloaded from central: https://repo.maven.apache.org/maven2/org/apache/maven/maven-monitor/2.2.1/maven-monitor-2.2.1.jar (10 kB at 50 kB/s)
[25f49db0-0af8-47ad-9613-6de26753bd51/build]   | [INFO] Downloading from central: https://repo.maven.apache.org/maven2/org/ow2/asm/asm/6.2/asm-6.2.jar
[25f49db0-0af8-47ad-9613-6de26753bd51/build]   | [INFO] Downloaded from central: https://repo.maven.apache.org/maven2/org/sonatype/plexus/plexus-sec-dispatcher/1.3/plexus-sec-dispatcher-1.3.jar (29 kB at 136 kB/s)
[25f49db0-0af8-47ad-9613-6de26753bd51/build]   | [INFO] Downloading from central: https://repo.maven.apache.org/maven2/com/thoughtworks/qdox/qdox/2.0-M8/qdox-2.0-M8.jar
[25f49db0-0af8-47ad-9613-6de26753bd51/build]   | [INFO] Downloaded from central: https://repo.maven.apache.org/maven2/org/sonatype/plexus/plexus-cipher/1.4/plexus-cipher-1.4.jar (13 kB at 64 kB/s)
[25f49db0-0af8-47ad-9613-6de26753bd51/build]   | [INFO] Downloaded from central: https://repo.maven.apache.org/maven2/org/apache/maven/maven-toolchain/2.2.1/maven-toolchain-2.2.1.jar (38 kB at 167 kB/s)
[25f49db0-0af8-47ad-9613-6de26753bd51/build]   | [INFO] Downloaded from central: https://repo.maven.apache.org/maven2/org/codehaus/plexus/plexus-java/0.9.10/plexus-java-0.9.10.jar (39 kB at 174 kB/s)
[25f49db0-0af8-47ad-9613-6de26753bd51/build]   | [INFO] Downloaded from central: https://repo.maven.apache.org/maven2/org/ow2/asm/asm/6.2/asm-6.2.jar (111 kB at 454 kB/s)
[25f49db0-0af8-47ad-9613-6de26753bd51/build]   | [INFO] Downloaded from central: https://repo.maven.apache.org/maven2/com/thoughtworks/qdox/qdox/2.0-M8/qdox-2.0-M8.jar (316 kB at 1.2 MB/s)
[25f49db0-0af8-47ad-9613-6de26753bd51/build]   | [INFO] Downloading from central: https://repo.maven.apache.org/maven2/org/apache/maven/surefire/surefire-junit-platform/2.22.2/surefire-junit-platform-2.22.2.pom
[25f49db0-0af8-47ad-9613-6de26753bd51/build]   | [INFO] Downloaded from central: https://repo.maven.apache.org/maven2/org/apache/maven/surefire/surefire-junit-platform/2.22.2/surefire-junit-platform-2.22.2.pom (7.0 kB at 388 kB/s)
[25f49db0-0af8-47ad-9613-6de26753bd51/build]   | [INFO] Downloading from central: https://repo.maven.apache.org/maven2/org/apache/maven/surefire/surefire-providers/2.22.2/surefire-providers-2.22.2.pom
[25f49db0-0af8-47ad-9613-6de26753bd51/build]   | [INFO] Downloaded from central: https://repo.maven.apache.org/maven2/org/apache/maven/surefire/surefire-providers/2.22.2/surefire-providers-2.22.2.pom (2.5 kB at 146 kB/s)
[25f49db0-0af8-47ad-9613-6de26753bd51/build]   | [INFO] Downloading from central: https://repo.maven.apache.org/maven2/org/junit/platform/junit-platform-launcher/1.3.1/junit-platform-launcher-1.3.1.pom
[25f49db0-0af8-47ad-9613-6de26753bd51/build]   | [INFO] Downloaded from central: https://repo.maven.apache.org/maven2/org/junit/platform/junit-platform-launcher/1.3.1/junit-platform-launcher-1.3.1.pom (2.2 kB at 123 kB/s)
[25f49db0-0af8-47ad-9613-6de26753bd51/build]   | [INFO] Downloading from central: https://repo.maven.apache.org/maven2/org/apiguardian/apiguardian-api/1.0.0/apiguardian-api-1.0.0.pom
[25f49db0-0af8-47ad-9613-6de26753bd51/build]   | [INFO] Downloaded from central: https://repo.maven.apache.org/maven2/org/apiguardian/apiguardian-api/1.0.0/apiguardian-api-1.0.0.pom (1.2 kB at 58 kB/s)
[25f49db0-0af8-47ad-9613-6de26753bd51/build]   | [INFO] Downloading from central: https://repo.maven.apache.org/maven2/org/junit/platform/junit-platform-engine/1.3.1/junit-platform-engine-1.3.1.pom
[25f49db0-0af8-47ad-9613-6de26753bd51/build]   | [INFO] Downloaded from central: https://repo.maven.apache.org/maven2/org/junit/platform/junit-platform-engine/1.3.1/junit-platform-engine-1.3.1.pom (2.4 kB at 133 kB/s)
[25f49db0-0af8-47ad-9613-6de26753bd51/build]   | [INFO] Downloading from central: https://repo.maven.apache.org/maven2/org/junit/platform/junit-platform-commons/1.3.1/junit-platform-commons-1.3.1.pom
[25f49db0-0af8-47ad-9613-6de26753bd51/build]   | [INFO] Downloaded from central: https://repo.maven.apache.org/maven2/org/junit/platform/junit-platform-commons/1.3.1/junit-platform-commons-1.3.1.pom (2.0 kB at 88 kB/s)
[25f49db0-0af8-47ad-9613-6de26753bd51/build]   | [INFO] Downloading from central: https://repo.maven.apache.org/maven2/org/opentest4j/opentest4j/1.1.1/opentest4j-1.1.1.pom
[25f49db0-0af8-47ad-9613-6de26753bd51/build]   | [INFO] Downloaded from central: https://repo.maven.apache.org/maven2/org/opentest4j/opentest4j/1.1.1/opentest4j-1.1.1.pom (1.7 kB at 56 kB/s)
[25f49db0-0af8-47ad-9613-6de26753bd51/build]   | [INFO] Downloading from central: https://repo.maven.apache.org/maven2/org/junit/platform/junit-platform-commons/1.3.1/junit-platform-commons-1.3.1.jar
[25f49db0-0af8-47ad-9613-6de26753bd51/build]   | [INFO] Downloading from central: https://repo.maven.apache.org/maven2/org/apache/maven/surefire/surefire-junit-platform/2.22.2/surefire-junit-platform-2.22.2.jar
[25f49db0-0af8-47ad-9613-6de26753bd51/build]   | [INFO] Downloading from central: https://repo.maven.apache.org/maven2/org/junit/platform/junit-platform-engine/1.3.1/junit-platform-engine-1.3.1.jar
[25f49db0-0af8-47ad-9613-6de26753bd51/build]   | [INFO] Downloading from central: https://repo.maven.apache.org/maven2/org/junit/platform/junit-platform-launcher/1.3.1/junit-platform-launcher-1.3.1.jar
[25f49db0-0af8-47ad-9613-6de26753bd51/build]   | [INFO] Downloading from central: https://repo.maven.apache.org/maven2/org/apiguardian/apiguardian-api/1.0.0/apiguardian-api-1.0.0.jar
[25f49db0-0af8-47ad-9613-6de26753bd51/build]   | [INFO] Downloaded from central: https://repo.maven.apache.org/maven2/org/apiguardian/apiguardian-api/1.0.0/apiguardian-api-1.0.0.jar (2.2 kB at 103 kB/s)
[25f49db0-0af8-47ad-9613-6de26753bd51/build]   | [INFO] Downloading from central: https://repo.maven.apache.org/maven2/org/opentest4j/opentest4j/1.1.1/opentest4j-1.1.1.jar
[25f49db0-0af8-47ad-9613-6de26753bd51/build]   | [INFO] Downloaded from central: https://repo.maven.apache.org/maven2/org/junit/platform/junit-platform-commons/1.3.1/junit-platform-commons-1.3.1.jar (78 kB at 2.5 MB/s)
[25f49db0-0af8-47ad-9613-6de26753bd51/build]   | [INFO] Downloaded from central: https://repo.maven.apache.org/maven2/org/apache/maven/surefire/surefire-junit-platform/2.22.2/surefire-junit-platform-2.22.2.jar (66 kB at 2.0 MB/s)
[25f49db0-0af8-47ad-9613-6de26753bd51/build]   | [INFO] Downloaded from central: https://repo.maven.apache.org/maven2/org/junit/platform/junit-platform-launcher/1.3.1/junit-platform-launcher-1.3.1.jar (95 kB at 2.5 MB/s)
[25f49db0-0af8-47ad-9613-6de26753bd51/build]   | [INFO] Downloaded from central: https://repo.maven.apache.org/maven2/org/opentest4j/opentest4j/1.1.1/opentest4j-1.1.1.jar (7.1 kB at 356 kB/s)
[25f49db0-0af8-47ad-9613-6de26753bd51/build]   | [INFO] Downloaded from central: https://repo.maven.apache.org/maven2/org/junit/platform/junit-platform-engine/1.3.1/junit-platform-engine-1.3.1.jar (135 kB at 1.9 MB/s)
[25f49db0-0af8-47ad-9613-6de26753bd51/build]   | [INFO] 
[25f49db0-0af8-47ad-9613-6de26753bd51/build]   | [INFO] -------------------------------------------------------
[25f49db0-0af8-47ad-9613-6de26753bd51/build]   | [INFO]  T E S T S
[25f49db0-0af8-47ad-9613-6de26753bd51/build]   | [INFO] -------------------------------------------------------
[25f49db0-0af8-47ad-9613-6de26753bd51/build]   | [INFO] Running com.thealgorithms.geometry.GrahamScanTest
[25f49db0-0af8-47ad-9613-6de26753bd51/build]   | [INFO] Tests run: 1, Failures: 0, Errors: 0, Skipped: 0, Time elapsed: 0.068 s - in com.thealgorithms.geometry.GrahamScanTest
[25f49db0-0af8-47ad-9613-6de26753bd51/build]   | [INFO] Running com.thealgorithms.scheduling.RRSchedulingTest
[25f49db0-0af8-47ad-9613-6de26753bd51/build]   | [INFO] Tests run: 1, Failures: 0, Errors: 0, Skipped: 0, Time elapsed: 0 s - in com.thealgorithms.scheduling.RRSchedulingTest
[25f49db0-0af8-47ad-9613-6de26753bd51/build]   | [INFO] Running com.thealgorithms.scheduling.SJFSchedulingTest
[25f49db0-0af8-47ad-9613-6de26753bd51/build]   | [INFO] Tests run: 7, Failures: 0, Errors: 0, Skipped: 0, Time elapsed: 0.001 s - in com.thealgorithms.scheduling.SJFSchedulingTest
[25f49db0-0af8-47ad-9613-6de26753bd51/build]   | [INFO] Running com.thealgorithms.scheduling.FCFSSchedulingTest
[25f49db0-0af8-47ad-9613-6de26753bd51/build]   | [INFO] Tests run: 1, Failures: 0, Errors: 0, Skipped: 0, Time elapsed: 0 s - in com.thealgorithms.scheduling.FCFSSchedulingTest
[25f49db0-0af8-47ad-9613-6de26753bd51/build]   | [INFO] Running com.thealgorithms.divideandconquer.BinaryExponentiationTest
[25f49db0-0af8-47ad-9613-6de26753bd51/build]   | [INFO] Tests run: 2, Failures: 0, Errors: 0, Skipped: 0, Time elapsed: 0 s - in com.thealgorithms.divideandconquer.BinaryExponentiationTest
[25f49db0-0af8-47ad-9613-6de26753bd51/build]   | [INFO] Running com.thealgorithms.divideandconquer.StrassenMatrixMultiplicationTest
[25f49db0-0af8-47ad-9613-6de26753bd51/build]   | [INFO] Tests run: 3, Failures: 0, Errors: 0, Skipped: 0, Time elapsed: 0.001 s - in com.thealgorithms.divideandconquer.StrassenMatrixMultiplicationTest
[25f49db0-0af8-47ad-9613-6de26753bd51/build]   | [INFO] Running com.thealgorithms.dynamicprogramming.LevenshteinDistanceTests
[25f49db0-0af8-47ad-9613-6de26753bd51/build]   | [INFO] Tests run: 4, Failures: 0, Errors: 0, Skipped: 0, Time elapsed: 0.079 s - in com.thealgorithms.dynamicprogramming.LevenshteinDistanceTests
[25f49db0-0af8-47ad-9613-6de26753bd51/build]   | [INFO] Running com.thealgorithms.dynamicprogramming.SubsetCountTest
[25f49db0-0af8-47ad-9613-6de26753bd51/build]   | [INFO] Tests run: 4, Failures: 0, Errors: 0, Skipped: 0, Time elapsed: 0.002 s - in com.thealgorithms.dynamicprogramming.SubsetCountTest
[25f49db0-0af8-47ad-9613-6de26753bd51/build]   | [INFO] Running com.thealgorithms.dynamicprogramming.CatalanNumberTest
[25f49db0-0af8-47ad-9613-6de26753bd51/build]   | [INFO] Tests run: 1, Failures: 0, Errors: 0, Skipped: 0, Time elapsed: 0 s - in com.thealgorithms.dynamicprogramming.CatalanNumberTest
[25f49db0-0af8-47ad-9613-6de26753bd51/build]   | [INFO] Running com.thealgorithms.dynamicprogramming.PartitionProblemTest
[25f49db0-0af8-47ad-9613-6de26753bd51/build]   | [INFO] Tests run: 4, Failures: 0, Errors: 0, Skipped: 0, Time elapsed: 0.003 s - in com.thealgorithms.dynamicprogramming.PartitionProblemTest
[25f49db0-0af8-47ad-9613-6de26753bd51/build]   | [INFO] Running com.thealgorithms.dynamicprogramming.MinimumPathSumTest
[25f49db0-0af8-47ad-9613-6de26753bd51/build]   | [INFO] Tests run: 6, Failures: 0, Errors: 0, Skipped: 0, Time elapsed: 0.004 s - in com.thealgorithms.dynamicprogramming.MinimumPathSumTest
[25f49db0-0af8-47ad-9613-6de26753bd51/build]   | [INFO] Running com.thealgorithms.dynamicprogramming.climbStairsTest
[25f49db0-0af8-47ad-9613-6de26753bd51/build]   | [INFO] Tests run: 5, Failures: 0, Errors: 0, Skipped: 0, Time elapsed: 0.002 s - in com.thealgorithms.dynamicprogramming.climbStairsTest
[25f49db0-0af8-47ad-9613-6de26753bd51/build]   | [INFO] Running com.thealgorithms.dynamicprogramming.OptimalJobSchedulingTest
[25f49db0-0af8-47ad-9613-6de26753bd51/build]   | 5 1 3 2 
[25f49db0-0af8-47ad-9613-6de26753bd51/build]   | 6 3 4 5 
[25f49db0-0af8-47ad-9613-6de26753bd51/build]   | 5 8 6 6 
[25f49db0-0af8-47ad-9613-6de26753bd51/build]   | 7 9 10 8 
[25f49db0-0af8-47ad-9613-6de26753bd51/build]   | 8 9 12 9 
[25f49db0-0af8-47ad-9613-6de26753bd51/build]   | 
[25f49db0-0af8-47ad-9613-6de26753bd51/build]   | 5 1 3 
[25f49db0-0af8-47ad-9613-6de26753bd51/build]   | 6 3 4 
[25f49db0-0af8-47ad-9613-6de26753bd51/build]   | 5 8 6 
[25f49db0-0af8-47ad-9613-6de26753bd51/build]   | 
[25f49db0-0af8-47ad-9613-6de26753bd51/build]   | 5 1 3 2 
[25f49db0-0af8-47ad-9613-6de26753bd51/build]   | 6 3 4 3 
[25f49db0-0af8-47ad-9613-6de26753bd51/build]   | 5 8 6 9 
[25f49db0-0af8-47ad-9613-6de26753bd51/build]   | 6 7 8 9 
[25f49db0-0af8-47ad-9613-6de26753bd51/build]   | 8 8 12 13 
[25f49db0-0af8-47ad-9613-6de26753bd51/build]   | 11 10 12 12 
[25f49db0-0af8-47ad-9613-6de26753bd51/build]   | 
[25f49db0-0af8-47ad-9613-6de26753bd51/build]   | [INFO] Tests run: 3, Failures: 0, Errors: 0, Skipped: 0, Time elapsed: 0.006 s - in com.thealgorithms.dynamicprogramming.OptimalJobSchedulingTest
[25f49db0-0af8-47ad-9613-6de26753bd51/build]   | [INFO] Running com.thealgorithms.dynamicprogramming.KnapsackMemoizationTest
[25f49db0-0af8-47ad-9613-6de26753bd51/build]   | [INFO] Tests run: 3, Failures: 0, Errors: 0, Skipped: 0, Time elapsed: 0.002 s - in com.thealgorithms.dynamicprogramming.KnapsackMemoizationTest
[25f49db0-0af8-47ad-9613-6de26753bd51/build]   | [INFO] Running com.thealgorithms.dynamicprogramming.EggDroppingTest
[25f49db0-0af8-47ad-9613-6de26753bd51/build]   | [INFO] Tests run: 4, Failures: 0, Errors: 0, Skipped: 0, Time elapsed: 0.015 s - in com.thealgorithms.dynamicprogramming.EggDroppingTest
[25f49db0-0af8-47ad-9613-6de26753bd51/build]   | [INFO] Running com.thealgorithms.io.BufferedReaderTest
[25f49db0-0af8-47ad-9613-6de26753bd51/build]   | [cached intentional error]
[25f49db0-0af8-47ad-9613-6de26753bd51/build]   | [INFO] Tests run: 3, Failures: 0, Errors: 0, Skipped: 0, Time elapsed: 0.003 s - in com.thealgorithms.io.BufferedReaderTest
[25f49db0-0af8-47ad-9613-6de26753bd51/build]   | [INFO] Running com.thealgorithms.searches.sortOrderAgnosticBinarySearchTest
[25f49db0-0af8-47ad-9613-6de26753bd51/build]   | [INFO] Tests run: 2, Failures: 0, Errors: 0, Skipped: 0, Time elapsed: 0.001 s - in com.thealgorithms.searches.sortOrderAgnosticBinarySearchTest
[25f49db0-0af8-47ad-9613-6de26753bd51/build]   | [INFO] Running com.thealgorithms.searches.TestSearchInARowAndColWiseSortedMatrix
[25f49db0-0af8-47ad-9613-6de26753bd51/build]   | [INFO] Tests run: 2, Failures: 0, Errors: 0, Skipped: 0, Time elapsed: 0.001 s - in com.thealgorithms.searches.TestSearchInARowAndColWiseSortedMatrix
[25f49db0-0af8-47ad-9613-6de26753bd51/build]   | [INFO] Running com.thealgorithms.searches.OrderAgnosticBinarySearchTest
[25f49db0-0af8-47ad-9613-6de26753bd51/build]   | 4
[25f49db0-0af8-47ad-9613-6de26753bd51/build]   | 2
[25f49db0-0af8-47ad-9613-6de26753bd51/build]   | 4
[25f49db0-0af8-47ad-9613-6de26753bd51/build]   | 0
[25f49db0-0af8-47ad-9613-6de26753bd51/build]   | 0
[25f49db0-0af8-47ad-9613-6de26753bd51/build]   | -1
[25f49db0-0af8-47ad-9613-6de26753bd51/build]   | [INFO] Tests run: 6, Failures: 0, Errors: 0, Skipped: 0, Time elapsed: 0.004 s - in com.thealgorithms.searches.OrderAgnosticBinarySearchTest
[25f49db0-0af8-47ad-9613-6de26753bd51/build]   | [INFO] Running com.thealgorithms.searches.HowManyTimesRotatedTest
[25f49db0-0af8-47ad-9613-6de26753bd51/build]   | [INFO] Tests run: 1, Failures: 0, Errors: 0, Skipped: 0, Time elapsed: 0 s - in com.thealgorithms.searches.HowManyTimesRotatedTest
[25f49db0-0af8-47ad-9613-6de26753bd51/build]   | [INFO] Running com.thealgorithms.searches.RabinKarpAlgorithmTest
[25f49db0-0af8-47ad-9613-6de26753bd51/build]   | Pattern found at index 34
[25f49db0-0af8-47ad-9613-6de26753bd51/build]   | Pattern found at index 8
[25f49db0-0af8-47ad-9613-6de26753bd51/build]   | Pattern found at index 3
[25f49db0-0af8-47ad-9613-6de26753bd51/build]   | Pattern found at index 0
[25f49db0-0af8-47ad-9613-6de26753bd51/build]   | [INFO] Tests run: 5, Failures: 0, Errors: 0, Skipped: 0, Time elapsed: 0.008 s - in com.thealgorithms.searches.RabinKarpAlgorithmTest
[25f49db0-0af8-47ad-9613-6de26753bd51/build]   | [INFO] Running com.thealgorithms.searches.BinarySearch2dArrayTest
[25f49db0-0af8-47ad-9613-6de26753bd51/build]   | [1, 2]
[25f49db0-0af8-47ad-9613-6de26753bd51/build]   | [1, 3]
[25f49db0-0af8-47ad-9613-6de26753bd51/build]   | [2, 1]
[25f49db0-0af8-47ad-9613-6de26753bd51/build]   | [0, 1]
[25f49db0-0af8-47ad-9613-6de26753bd51/build]   | [1, 1]
[25f49db0-0af8-47ad-9613-6de26753bd51/build]   | [0, 1]
[25f49db0-0af8-47ad-9613-6de26753bd51/build]   | [-1, -1]
[25f49db0-0af8-47ad-9613-6de26753bd51/build]   | [2, 2]
[25f49db0-0af8-47ad-9613-6de26753bd51/build]   | [0, 2]
[25f49db0-0af8-47ad-9613-6de26753bd51/build]   | [0, 0]
[25f49db0-0af8-47ad-9613-6de26753bd51/build]   | [INFO] Tests run: 11, Failures: 0, Errors: 0, Skipped: 0, Time elapsed: 0.009 s - in com.thealgorithms.searches.BinarySearch2dArrayTest
[25f49db0-0af8-47ad-9613-6de26753bd51/build]   | [INFO] Running com.thealgorithms.searches.RowColumnWiseSorted2dArrayBinarySearchTest
[25f49db0-0af8-47ad-9613-6de26753bd51/build]   | [INFO] Tests run: 7, Failures: 0, Errors: 0, Skipped: 0, Time elapsed: 0.004 s - in com.thealgorithms.searches.RowColumnWiseSorted2dArrayBinarySearchTest
[25f49db0-0af8-47ad-9613-6de26753bd51/build]   | [INFO] Running com.thealgorithms.searches.BreadthFirstSearchTest
[25f49db0-0af8-47ad-9613-6de26753bd51/build]   | [INFO] Tests run: 3, Failures: 0, Errors: 0, Skipped: 0, Time elapsed: 0.002 s - in com.thealgorithms.searches.BreadthFirstSearchTest
[25f49db0-0af8-47ad-9613-6de26753bd51/build]   | [INFO] Running com.thealgorithms.searches.QuickSelectTest
[25f49db0-0af8-47ad-9613-6de26753bd51/build]   | [INFO] Tests run: 21, Failures: 0, Errors: 0, Skipped: 0, Time elapsed: 0.028 s - in com.thealgorithms.searches.QuickSelectTest
[25f49db0-0af8-47ad-9613-6de26753bd51/build]   | [INFO] Running com.thealgorithms.searches.KMPSearchTest
[25f49db0-0af8-47ad-9613-6de26753bd51/build]   | Found pattern at index 10
[25f49db0-0af8-47ad-9613-6de26753bd51/build]   | 10
[25f49db0-0af8-47ad-9613-6de26753bd51/build]   | No pattern found
[25f49db0-0af8-47ad-9613-6de26753bd51/build]   | -1
[25f49db0-0af8-47ad-9613-6de26753bd51/build]   | Found pattern at index 4
[25f49db0-0af8-47ad-9613-6de26753bd51/build]   | 4
[25f49db0-0af8-47ad-9613-6de26753bd51/build]   | Found pattern at index 0
[25f49db0-0af8-47ad-9613-6de26753bd51/build]   | 0
[25f49db0-0af8-47ad-9613-6de26753bd51/build]   | Found pattern at index 4
[25f49db0-0af8-47ad-9613-6de26753bd51/build]   | 4
[25f49db0-0af8-47ad-9613-6de26753bd51/build]   | [INFO] Tests run: 5, Failures: 0, Errors: 0, Skipped: 0, Time elapsed: 0.002 s - in com.thealgorithms.searches.KMPSearchTest
[25f49db0-0af8-47ad-9613-6de26753bd51/build]   | [INFO] Running com.thealgorithms.conversions.BinaryToHexadecimalTest
[25f49db0-0af8-47ad-9613-6de26753bd51/build]   | [INFO] Tests run: 1, Failures: 0, Errors: 0, Skipped: 0, Time elapsed: 0 s - in com.thealgorithms.conversions.BinaryToHexadecimalTest
[25f49db0-0af8-47ad-9613-6de26753bd51/build]   | [INFO] Running com.thealgorithms.conversions.BinaryToDecimalTest
[25f49db0-0af8-47ad-9613-6de26753bd51/build]   | [INFO] Tests run: 3, Failures: 0, Errors: 0, Skipped: 0, Time elapsed: 0.001 s - in com.thealgorithms.conversions.BinaryToDecimalTest
[25f49db0-0af8-47ad-9613-6de26753bd51/build]   | [INFO] Running com.thealgorithms.conversions.OctalToHexadecimalTest
[25f49db0-0af8-47ad-9613-6de26753bd51/build]   | [INFO] Tests run: 1, Failures: 0, Errors: 0, Skipped: 0, Time elapsed: 0.02 s - in com.thealgorithms.conversions.OctalToHexadecimalTest
[25f49db0-0af8-47ad-9613-6de26753bd51/build]   | [INFO] Running com.thealgorithms.conversions.HexaDecimalToBinaryTest
[25f49db0-0af8-47ad-9613-6de26753bd51/build]   | [INFO] Tests run: 1, Failures: 0, Errors: 0, Skipped: 0, Time elapsed: 0 s - in com.thealgorithms.conversions.HexaDecimalToBinaryTest
[25f49db0-0af8-47ad-9613-6de26753bd51/build]   | [INFO] Running com.thealgorithms.conversions.HexToOctTest
[25f49db0-0af8-47ad-9613-6de26753bd51/build]   | [INFO] Tests run: 1, Failures: 0, Errors: 0, Skipped: 0, Time elapsed: 0 s - in com.thealgorithms.conversions.HexToOctTest
[25f49db0-0af8-47ad-9613-6de26753bd51/build]   | [INFO] Running com.thealgorithms.conversions.BinaryToOctalTest
[25f49db0-0af8-47ad-9613-6de26753bd51/build]   | [INFO] Tests run: 1, Failures: 0, Errors: 0, Skipped: 0, Time elapsed: 0 s - in com.thealgorithms.conversions.BinaryToOctalTest
[25f49db0-0af8-47ad-9613-6de26753bd51/build]   | [INFO] Running com.thealgorithms.conversions.HexaDecimalToDecimalTest
[25f49db0-0af8-47ad-9613-6de26753bd51/build]   | [INFO] Tests run: 1, Failures: 0, Errors: 0, Skipped: 0, Time elapsed: 0 s - in com.thealgorithms.conversions.HexaDecimalToDecimalTest
[25f49db0-0af8-47ad-9613-6de26753bd51/build]   | [INFO] Running com.thealgorithms.conversions.OctalToBinaryTest
[25f49db0-0af8-47ad-9613-6de26753bd51/build]   | [INFO] Tests run: 1, Failures: 0, Errors: 0, Skipped: 0, Time elapsed: 0 s - in com.thealgorithms.conversions.OctalToBinaryTest
[25f49db0-0af8-47ad-9613-6de26753bd51/build]   | [INFO] Running com.thealgorithms.conversions.RomanToIntegerTest
[25f49db0-0af8-47ad-9613-6de26753bd51/build]   | [INFO] Tests run: 1, Failures: 0, Errors: 0, Skipped: 0, Time elapsed: 0 s - in com.thealgorithms.conversions.RomanToIntegerTest
[25f49db0-0af8-47ad-9613-6de26753bd51/build]   | [INFO] Running com.thealgorithms.conversions.IntegerToRomanTest
[25f49db0-0af8-47ad-9613-6de26753bd51/build]   | [INFO] Tests run: 1, Failures: 0, Errors: 0, Skipped: 0, Time elapsed: 0 s - in com.thealgorithms.conversions.IntegerToRomanTest
[25f49db0-0af8-47ad-9613-6de26753bd51/build]   | [INFO] Running com.thealgorithms.conversions.DecimalToHexaDecimalTest
[25f49db0-0af8-47ad-9613-6de26753bd51/build]   | [INFO] Tests run: 1, Failures: 0, Errors: 0, Skipped: 0, Time elapsed: 0 s - in com.thealgorithms.conversions.DecimalToHexaDecimalTest
[25f49db0-0af8-47ad-9613-6de26753bd51/build]   | [INFO] Running com.thealgorithms.conversions.OctalToDecimalTest
[25f49db0-0af8-47ad-9613-6de26753bd51/build]   | [INFO] Tests run: 1, Failures: 0, Errors: 0, Skipped: 0, Time elapsed: 0 s - in com.thealgorithms.conversions.OctalToDecimalTest
[25f49db0-0af8-47ad-9613-6de26753bd51/build]   | [INFO] Running com.thealgorithms.backtracking.AllPathsFromSourceToTargetTest
[25f49db0-0af8-47ad-9613-6de26753bd51/build]   | [INFO] Tests run: 4, Failures: 0, Errors: 0, Skipped: 0, Time elapsed: 0 s - in com.thealgorithms.backtracking.AllPathsFromSourceToTargetTest
[25f49db0-0af8-47ad-9613-6de26753bd51/build]   | [INFO] Running com.thealgorithms.backtracking.WordSearchTest
[25f49db0-0af8-47ad-9613-6de26753bd51/build]   | [INFO] Tests run: 3, Failures: 0, Errors: 0, Skipped: 0, Time elapsed: 0.001 s - in com.thealgorithms.backtracking.WordSearchTest
[25f49db0-0af8-47ad-9613-6de26753bd51/build]   | [INFO] Running com.thealgorithms.backtracking.CombinationTest
[25f49db0-0af8-47ad-9613-6de26753bd51/build]   | [INFO] Tests run: 3, Failures: 0, Errors: 0, Skipped: 0, Time elapsed: 0.001 s - in com.thealgorithms.backtracking.CombinationTest
[25f49db0-0af8-47ad-9613-6de26753bd51/build]   | [INFO] Running com.thealgorithms.backtracking.PowerSumTest
[25f49db0-0af8-47ad-9613-6de26753bd51/build]   | [INFO] Tests run: 3, Failures: 0, Errors: 0, Skipped: 0, Time elapsed: 0.001 s - in com.thealgorithms.backtracking.PowerSumTest
[25f49db0-0af8-47ad-9613-6de26753bd51/build]   | [INFO] Running com.thealgorithms.backtracking.MazeRecursionTest
[25f49db0-0af8-47ad-9613-6de26753bd51/build]   | [INFO] Tests run: 1, Failures: 0, Errors: 0, Skipped: 0, Time elapsed: 0 s - in com.thealgorithms.backtracking.MazeRecursionTest
[25f49db0-0af8-47ad-9613-6de26753bd51/build]   | [INFO] Running com.thealgorithms.backtracking.FloodFillTest
[25f49db0-0af8-47ad-9613-6de26753bd51/build]   | [INFO] Tests run: 5, Failures: 0, Errors: 0, Skipped: 0, Time elapsed: 0.002 s - in com.thealgorithms.backtracking.FloodFillTest
[25f49db0-0af8-47ad-9613-6de26753bd51/build]   | [INFO] Running com.thealgorithms.backtracking.PermutationTest
[25f49db0-0af8-47ad-9613-6de26753bd51/build]   | [INFO] Tests run: 3, Failures: 0, Errors: 0, Skipped: 0, Time elapsed: 0.001 s - in com.thealgorithms.backtracking.PermutationTest
[25f49db0-0af8-47ad-9613-6de26753bd51/build]   | [INFO] Running com.thealgorithms.backtracking.ArrayCombinationTest
[25f49db0-0af8-47ad-9613-6de26753bd51/build]   | [INFO] Tests run: 5, Failures: 0, Errors: 0, Skipped: 0, Time elapsed: 0.009 s - in com.thealgorithms.backtracking.ArrayCombinationTest
[25f49db0-0af8-47ad-9613-6de26753bd51/build]   | [INFO] Running com.thealgorithms.sorts.BucketSortTest
[25f49db0-0af8-47ad-9613-6de26753bd51/build]   | [INFO] Tests run: 5, Failures: 0, Errors: 0, Skipped: 0, Time elapsed: 0.001 s - in com.thealgorithms.sorts.BucketSortTest
[25f49db0-0af8-47ad-9613-6de26753bd51/build]   | [INFO] Running com.thealgorithms.sorts.SlowSortTest
[25f49db0-0af8-47ad-9613-6de26753bd51/build]   | [INFO] Tests run: 8, Failures: 0, Errors: 0, Skipped: 0, Time elapsed: 0.004 s - in com.thealgorithms.sorts.SlowSortTest
[25f49db0-0af8-47ad-9613-6de26753bd51/build]   | [INFO] Running com.thealgorithms.sorts.DutchNationalFlagSortTest
[25f49db0-0af8-47ad-9613-6de26753bd51/build]   | [INFO] Tests run: 8, Failures: 0, Errors: 0, Skipped: 0, Time elapsed: 0.003 s - in com.thealgorithms.sorts.DutchNationalFlagSortTest
[25f49db0-0af8-47ad-9613-6de26753bd51/build]   | [INFO] Running com.thealgorithms.sorts.MergeSortRecursiveTest
[25f49db0-0af8-47ad-9613-6de26753bd51/build]   | [INFO] Tests run: 2, Failures: 0, Errors: 0, Skipped: 0, Time elapsed: 0.002 s - in com.thealgorithms.sorts.MergeSortRecursiveTest
[25f49db0-0af8-47ad-9613-6de26753bd51/build]   | [INFO] Running com.thealgorithms.sorts.StrandSortTest
[25f49db0-0af8-47ad-9613-6de26753bd51/build]   | [INFO] Tests run: 2, Failures: 0, Errors: 0, Skipped: 0, Time elapsed: 0.001 s - in com.thealgorithms.sorts.StrandSortTest
[25f49db0-0af8-47ad-9613-6de26753bd51/build]   | [INFO] Running com.thealgorithms.sorts.CocktailShakerSortTest
[25f49db0-0af8-47ad-9613-6de26753bd51/build]   | [INFO] Tests run: 4, Failures: 0, Errors: 0, Skipped: 0, Time elapsed: 0.001 s - in com.thealgorithms.sorts.CocktailShakerSortTest
[25f49db0-0af8-47ad-9613-6de26753bd51/build]   | [INFO] Running com.thealgorithms.sorts.SortUtilsTest
[25f49db0-0af8-47ad-9613-6de26753bd51/build]   | [INFO] Tests run: 6, Failures: 0, Errors: 0, Skipped: 0, Time elapsed: 0.002 s - in com.thealgorithms.sorts.SortUtilsTest
[25f49db0-0af8-47ad-9613-6de26753bd51/build]   | [INFO] Running com.thealgorithms.sorts.ShellSortTest
[25f49db0-0af8-47ad-9613-6de26753bd51/build]   | [INFO] Tests run: 7, Failures: 0, Errors: 0, Skipped: 0, Time elapsed: 0.003 s - in com.thealgorithms.sorts.ShellSortTest
[25f49db0-0af8-47ad-9613-6de26753bd51/build]   | [INFO] Running com.thealgorithms.sorts.InsertionSortTest
[25f49db0-0af8-47ad-9613-6de26753bd51/build]   | [INFO] Tests run: 7, Failures: 0, Errors: 0, Skipped: 0, Time elapsed: 0.562 s - in com.thealgorithms.sorts.InsertionSortTest
[25f49db0-0af8-47ad-9613-6de26753bd51/build]   | [INFO] Running com.thealgorithms.sorts.TopologicalSortTest
[25f49db0-0af8-47ad-9613-6de26753bd51/build]   | [INFO] Tests run: 2, Failures: 0, Errors: 0, Skipped: 0, Time elapsed: 0.005 s - in com.thealgorithms.sorts.TopologicalSortTest
[25f49db0-0af8-47ad-9613-6de26753bd51/build]   | [INFO] Running com.thealgorithms.sorts.BogoSortTest
[25f49db0-0af8-47ad-9613-6de26753bd51/build]   | [INFO] Tests run: 7, Failures: 0, Errors: 0, Skipped: 0, Time elapsed: 0.011 s - in com.thealgorithms.sorts.BogoSortTest
[25f49db0-0af8-47ad-9613-6de26753bd51/build]   | [INFO] Running com.thealgorithms.sorts.TimSortTest
[25f49db0-0af8-47ad-9613-6de26753bd51/build]   | [INFO] Tests run: 16, Failures: 0, Errors: 0, Skipped: 0, Time elapsed: 0.015 s - in com.thealgorithms.sorts.TimSortTest
[25f49db0-0af8-47ad-9613-6de26753bd51/build]   | [INFO] Running com.thealgorithms.sorts.DualPivotQuickSortTest
[25f49db0-0af8-47ad-9613-6de26753bd51/build]   | [INFO] Tests run: 6, Failures: 0, Errors: 0, Skipped: 0, Time elapsed: 0.001 s - in com.thealgorithms.sorts.DualPivotQuickSortTest
[25f49db0-0af8-47ad-9613-6de26753bd51/build]   | [INFO] Running com.thealgorithms.sorts.SimpleSortTest
[25f49db0-0af8-47ad-9613-6de26753bd51/build]   | [INFO] Tests run: 7, Failures: 0, Errors: 0, Skipped: 0, Time elapsed: 0.002 s - in com.thealgorithms.sorts.SimpleSortTest
[25f49db0-0af8-47ad-9613-6de26753bd51/build]   | [INFO] Running com.thealgorithms.sorts.IntrospectiveSortTest
[25f49db0-0af8-47ad-9613-6de26753bd51/build]   | [INFO] Tests run: 7, Failures: 0, Errors: 0, Skipped: 0, Time elapsed: 0.002 s - in com.thealgorithms.sorts.IntrospectiveSortTest
[25f49db0-0af8-47ad-9613-6de26753bd51/build]   | [INFO] Running com.thealgorithms.sorts.BinaryInsertionSortTest
[25f49db0-0af8-47ad-9613-6de26753bd51/build]   | [INFO] Tests run: 2, Failures: 0, Errors: 0, Skipped: 0, Time elapsed: 0 s - in com.thealgorithms.sorts.BinaryInsertionSortTest
[25f49db0-0af8-47ad-9613-6de26753bd51/build]   | [INFO] Running com.thealgorithms.sorts.WiggleSortTest
[25f49db0-0af8-47ad-9613-6de26753bd51/build]   | [2, 5, 1, 2, 1, 2]
[25f49db0-0af8-47ad-9613-6de26753bd51/build]   | [INFO] Tests run: 7, Failures: 0, Errors: 0, Skipped: 0, Time elapsed: 0.003 s - in com.thealgorithms.sorts.WiggleSortTest
[25f49db0-0af8-47ad-9613-6de26753bd51/build]   | [INFO] Running com.thealgorithms.sorts.BubbleSortTest
[25f49db0-0af8-47ad-9613-6de26753bd51/build]   | [INFO] Tests run: 5, Failures: 0, Errors: 0, Skipped: 0, Time elapsed: 0.001 s - in com.thealgorithms.sorts.BubbleSortTest
[25f49db0-0af8-47ad-9613-6de26753bd51/build]   | [INFO] Running com.thealgorithms.sorts.HeapSortTest
[25f49db0-0af8-47ad-9613-6de26753bd51/build]   | [INFO] Tests run: 16, Failures: 0, Errors: 0, Skipped: 0, Time elapsed: 0.047 s - in com.thealgorithms.sorts.HeapSortTest
[25f49db0-0af8-47ad-9613-6de26753bd51/build]   | [INFO] Running com.thealgorithms.sorts.OddEvenSortTest
[25f49db0-0af8-47ad-9613-6de26753bd51/build]   | [INFO] Tests run: 3, Failures: 0, Errors: 0, Skipped: 0, Time elapsed: 0 s - in com.thealgorithms.sorts.OddEvenSortTest
[25f49db0-0af8-47ad-9613-6de26753bd51/build]   | [INFO] Running com.thealgorithms.sorts.BeadSortTest
[25f49db0-0af8-47ad-9613-6de26753bd51/build]   | [INFO] Tests run: 4, Failures: 0, Errors: 0, Skipped: 0, Time elapsed: 0 s - in com.thealgorithms.sorts.BeadSortTest
[25f49db0-0af8-47ad-9613-6de26753bd51/build]   | [INFO] Running com.thealgorithms.sorts.TreeSortTest
[25f49db0-0af8-47ad-9613-6de26753bd51/build]   | [INFO] Tests run: 5, Failures: 0, Errors: 0, Skipped: 0, Time elapsed: 0.001 s - in com.thealgorithms.sorts.TreeSortTest
[25f49db0-0af8-47ad-9613-6de26753bd51/build]   | [INFO] Running com.thealgorithms.sorts.MergeSortTest
[25f49db0-0af8-47ad-9613-6de26753bd51/build]   | [INFO] Tests run: 16, Failures: 0, Errors: 0, Skipped: 0, Time elapsed: 0.008 s - in com.thealgorithms.sorts.MergeSortTest
[25f49db0-0af8-47ad-9613-6de26753bd51/build]   | [INFO] Running com.thealgorithms.sorts.QuickSortTest
[25f49db0-0af8-47ad-9613-6de26753bd51/build]   | [INFO] Tests run: 16, Failures: 0, Errors: 0, Skipped: 0, Time elapsed: 0.021 s - in com.thealgorithms.sorts.QuickSortTest
[25f49db0-0af8-47ad-9613-6de26753bd51/build]   | [INFO] Running com.thealgorithms.sorts.SelectionSortTest
[25f49db0-0af8-47ad-9613-6de26753bd51/build]   | [INFO] Tests run: 3, Failures: 0, Errors: 0, Skipped: 0, Time elapsed: 0 s - in com.thealgorithms.sorts.SelectionSortTest
[25f49db0-0af8-47ad-9613-6de26753bd51/build]   | [INFO] Running com.thealgorithms.sorts.CombSortTest
[25f49db0-0af8-47ad-9613-6de26753bd51/build]   | [INFO] Tests run: 5, Failures: 0, Errors: 0, Skipped: 0, Time elapsed: 0.001 s - in com.thealgorithms.sorts.CombSortTest
[25f49db0-0af8-47ad-9613-6de26753bd51/build]   | [INFO] Running com.thealgorithms.sorts.SortUtilsRandomGeneratorTest
[25f49db0-0af8-47ad-9613-6de26753bd51/build]   | [INFO] Tests run: 2001, Failures: 0, Errors: 0, Skipped: 0, Time elapsed: 0.478 s - in com.thealgorithms.sorts.SortUtilsRandomGeneratorTest
[25f49db0-0af8-47ad-9613-6de26753bd51/build]   | [INFO] Running com.thealgorithms.others.CRCAlgorithmTest
[25f49db0-0af8-47ad-9613-6de26753bd51/build]   | [INFO] Tests run: 2, Failures: 0, Errors: 0, Skipped: 0, Time elapsed: 0 s - in com.thealgorithms.others.CRCAlgorithmTest
[25f49db0-0af8-47ad-9613-6de26753bd51/build]   | [INFO] Running com.thealgorithms.others.ConwayTest
[25f49db0-0af8-47ad-9613-6de26753bd51/build]   | [INFO] Tests run: 6, Failures: 0, Errors: 0, Skipped: 0, Time elapsed: 0.007 s - in com.thealgorithms.others.ConwayTest
[25f49db0-0af8-47ad-9613-6de26753bd51/build]   | [INFO] Running com.thealgorithms.others.EulersFunctionTest
[25f49db0-0af8-47ad-9613-6de26753bd51/build]   | [INFO] Tests run: 2, Failures: 0, Errors: 0, Skipped: 0, Time elapsed: 0.001 s - in com.thealgorithms.others.EulersFunctionTest
[25f49db0-0af8-47ad-9613-6de26753bd51/build]   | [INFO] Running com.thealgorithms.others.KadaneAlogrithmTest
[25f49db0-0af8-47ad-9613-6de26753bd51/build]   | [INFO] Tests run: 8, Failures: 0, Errors: 0, Skipped: 0, Time elapsed: 0 s - in com.thealgorithms.others.KadaneAlogrithmTest
[25f49db0-0af8-47ad-9613-6de26753bd51/build]   | [INFO] Running com.thealgorithms.others.PasswordGenTest
[25f49db0-0af8-47ad-9613-6de26753bd51/build]   | [INFO] Tests run: 4, Failures: 0, Errors: 0, Skipped: 0, Time elapsed: 0.006 s - in com.thealgorithms.others.PasswordGenTest
[25f49db0-0af8-47ad-9613-6de26753bd51/build]   | [INFO] Running com.thealgorithms.others.cn.HammingDistanceTest
[25f49db0-0af8-47ad-9613-6de26753bd51/build]   | [INFO] Tests run: 10, Failures: 0, Errors: 0, Skipped: 0, Time elapsed: 0.005 s - in com.thealgorithms.others.cn.HammingDistanceTest
[25f49db0-0af8-47ad-9613-6de26753bd51/build]   | [INFO] Running com.thealgorithms.others.ArrayLeftRotationTest
[25f49db0-0af8-47ad-9613-6de26753bd51/build]   | [INFO] Tests run: 5, Failures: 0, Errors: 0, Skipped: 0, Time elapsed: 0.001 s - in com.thealgorithms.others.ArrayLeftRotationTest
[25f49db0-0af8-47ad-9613-6de26753bd51/build]   | [INFO] Running com.thealgorithms.others.CountWordsTest
[25f49db0-0af8-47ad-9613-6de26753bd51/build]   | [INFO] Tests run: 2, Failures: 0, Errors: 0, Skipped: 0, Time elapsed: 0.001 s - in com.thealgorithms.others.CountWordsTest
[25f49db0-0af8-47ad-9613-6de26753bd51/build]   | [INFO] Running com.thealgorithms.others.SieveOfEratosthenesTest
[25f49db0-0af8-47ad-9613-6de26753bd51/build]   | [INFO] Tests run: 6, Failures: 0, Errors: 0, Skipped: 0, Time elapsed: 0.004 s - in com.thealgorithms.others.SieveOfEratosthenesTest
[25f49db0-0af8-47ad-9613-6de26753bd51/build]   | [INFO] Running com.thealgorithms.others.LowestBasePalindromeTest
[25f49db0-0af8-47ad-9613-6de26753bd51/build]   | [INFO] Tests run: 7, Failures: 0, Errors: 0, Skipped: 0, Time elapsed: 0.004 s - in com.thealgorithms.others.LowestBasePalindromeTest
[25f49db0-0af8-47ad-9613-6de26753bd51/build]   | [INFO] Running com.thealgorithms.others.WorstFitCPUTest
[25f49db0-0af8-47ad-9613-6de26753bd51/build]   | [INFO] Tests run: 6, Failures: 0, Errors: 0, Skipped: 0, Time elapsed: 0.001 s - in com.thealgorithms.others.WorstFitCPUTest
[25f49db0-0af8-47ad-9613-6de26753bd51/build]   | [INFO] Running com.thealgorithms.others.UniquePathsTests
[25f49db0-0af8-47ad-9613-6de26753bd51/build]   | [INFO] Tests run: 8, Failures: 0, Errors: 0, Skipped: 0, Time elapsed: 0 s - in com.thealgorithms.others.UniquePathsTests
[25f49db0-0af8-47ad-9613-6de26753bd51/build]   | [INFO] Running com.thealgorithms.others.BestFitCPUTest
[25f49db0-0af8-47ad-9613-6de26753bd51/build]   | [INFO] Tests run: 5, Failures: 0, Errors: 0, Skipped: 0, Time elapsed: 0 s - in com.thealgorithms.others.BestFitCPUTest
[25f49db0-0af8-47ad-9613-6de26753bd51/build]   | [INFO] Running com.thealgorithms.others.CalculateMaxOfMinTest
[25f49db0-0af8-47ad-9613-6de26753bd51/build]   | [INFO] Tests run: 7, Failures: 0, Errors: 0, Skipped: 0, Time elapsed: 0.001 s - in com.thealgorithms.others.CalculateMaxOfMinTest
[25f49db0-0af8-47ad-9613-6de26753bd51/build]   | [INFO] Running com.thealgorithms.others.TestPrintMatrixInSpiralOrder
[25f49db0-0af8-47ad-9613-6de26753bd51/build]   | [INFO] Tests run: 2, Failures: 0, Errors: 0, Skipped: 0, Time elapsed: 0.001 s - in com.thealgorithms.others.TestPrintMatrixInSpiralOrder
[25f49db0-0af8-47ad-9613-6de26753bd51/build]   | [INFO] Running com.thealgorithms.others.LineSweepTest
[25f49db0-0af8-47ad-9613-6de26753bd51/build]   | [INFO] Tests run: 4, Failures: 0, Errors: 0, Skipped: 0, Time elapsed: 0.001 s - in com.thealgorithms.others.LineSweepTest
[25f49db0-0af8-47ad-9613-6de26753bd51/build]   | [INFO] Running com.thealgorithms.others.StackPostfixNotationTest
[25f49db0-0af8-47ad-9613-6de26753bd51/build]   | [ERROR] Tests run: 6, Failures: 2, Errors: 0, Skipped: 0, Time elapsed: 0.02 s <<< FAILURE! - in com.thealgorithms.others.StackPostfixNotationTest
[25f49db0-0af8-47ad-9613-6de26753bd51/build]   | [ERROR] testIfEvaluateThrowsExceptionForInputWithTooFewArgsA  Time elapsed: 0.009 s  <<< FAILURE!
[25f49db0-0af8-47ad-9613-6de26753bd51/build]   | org.opentest4j.AssertionFailedError: Unexpected exception type thrown, expected: <java.lang.IllegalArgumentException> but was: <java.util.EmptyStackException>
[25f49db0-0af8-47ad-9613-6de26753bd51/build]   | 	at com.thealgorithms.others.StackPostfixNotationTest.testIfEvaluateThrowsExceptionForInputWithTooFewArgsA(StackPostfixNotationTest.java:36)
[25f49db0-0af8-47ad-9613-6de26753bd51/build]   | Caused by: java.util.EmptyStackException
[25f49db0-0af8-47ad-9613-6de26753bd51/build]   | 	at com.thealgorithms.others.StackPostfixNotationTest.lambda$testIfEvaluateThrowsExceptionForInputWithTooFewArgsA$3(StackPostfixNotationTest.java:36)
[25f49db0-0af8-47ad-9613-6de26753bd51/build]   | 	at com.thealgorithms.others.StackPostfixNotationTest.testIfEvaluateThrowsExceptionForInputWithTooFewArgsA(StackPostfixNotationTest.java:36)
[25f49db0-0af8-47ad-9613-6de26753bd51/build]   | 
[25f49db0-0af8-47ad-9613-6de26753bd51/build]   | [ERROR] testIfEvaluateThrowsExceptionForInputWithTooFewArgsB  Time elapsed: 0.003 s  <<< FAILURE!
[25f49db0-0af8-47ad-9613-6de26753bd51/build]   | org.opentest4j.AssertionFailedError: Unexpected exception type thrown, expected: <java.lang.IllegalArgumentException> but was: <java.util.EmptyStackException>
[25f49db0-0af8-47ad-9613-6de26753bd51/build]   | 	at com.thealgorithms.others.StackPostfixNotationTest.testIfEvaluateThrowsExceptionForInputWithTooFewArgsB(StackPostfixNotationTest.java:41)
[25f49db0-0af8-47ad-9613-6de26753bd51/build]   | Caused by: java.util.EmptyStackException
[25f49db0-0af8-47ad-9613-6de26753bd51/build]   | 	at com.thealgorithms.others.StackPostfixNotationTest.lambda$testIfEvaluateThrowsExceptionForInputWithTooFewArgsB$4(StackPostfixNotationTest.java:41)
[25f49db0-0af8-47ad-9613-6de26753bd51/build]   | 	at com.thealgorithms.others.StackPostfixNotationTest.testIfEvaluateThrowsExceptionForInputWithTooFewArgsB(StackPostfixNotationTest.java:41)
[25f49db0-0af8-47ad-9613-6de26753bd51/build]   | 
[25f49db0-0af8-47ad-9613-6de26753bd51/build]   | [INFO] Running com.thealgorithms.others.LinkListSortTest
[25f49db0-0af8-47ad-9613-6de26753bd51/build]   | [INFO] Tests run: 8, Failures: 0, Errors: 0, Skipped: 0, Time elapsed: 0.002 s - in com.thealgorithms.others.LinkListSortTest
[25f49db0-0af8-47ad-9613-6de26753bd51/build]   | [INFO] Running com.thealgorithms.others.countSetBitsTest
[25f49db0-0af8-47ad-9613-6de26753bd51/build]   | [INFO] Tests run: 1, Failures: 0, Errors: 0, Skipped: 0, Time elapsed: 0 s - in com.thealgorithms.others.countSetBitsTest
[25f49db0-0af8-47ad-9613-6de26753bd51/build]   | [INFO] Running com.thealgorithms.others.FirstFitCPUTest
[25f49db0-0af8-47ad-9613-6de26753bd51/build]   | [INFO] Tests run: 5, Failures: 0, Errors: 0, Skipped: 0, Time elapsed: 0 s - in com.thealgorithms.others.FirstFitCPUTest
[25f49db0-0af8-47ad-9613-6de26753bd51/build]   | [INFO] Running com.thealgorithms.others.NextFitCPUTest
[25f49db0-0af8-47ad-9613-6de26753bd51/build]   | [INFO] Tests run: 5, Failures: 0, Errors: 0, Skipped: 0, Time elapsed: 0 s - in com.thealgorithms.others.NextFitCPUTest
[25f49db0-0af8-47ad-9613-6de26753bd51/build]   | [INFO] Running com.thealgorithms.others.CountCharTest
[25f49db0-0af8-47ad-9613-6de26753bd51/build]   | [INFO] Tests run: 1, Failures: 0, Errors: 0, Skipped: 0, Time elapsed: 0 s - in com.thealgorithms.others.CountCharTest
[25f49db0-0af8-47ad-9613-6de26753bd51/build]   | [INFO] Running com.thealgorithms.others.NewManShanksPrimeTest
[25f49db0-0af8-47ad-9613-6de26753bd51/build]   | [INFO] Tests run: 8, Failures: 0, Errors: 0, Skipped: 0, Time elapsed: 0.001 s - in com.thealgorithms.others.NewManShanksPrimeTest
[25f49db0-0af8-47ad-9613-6de26753bd51/build]   | [INFO] Running com.thealgorithms.others.CountFriendsPairingTest
[25f49db0-0af8-47ad-9613-6de26753bd51/build]   | [INFO] Tests run: 8, Failures: 0, Errors: 0, Skipped: 0, Time elapsed: 0.001 s - in com.thealgorithms.others.CountFriendsPairingTest
[25f49db0-0af8-47ad-9613-6de26753bd51/build]   | [INFO] Running com.thealgorithms.others.CRC16Test
[25f49db0-0af8-47ad-9613-6de26753bd51/build]   | [INFO] Tests run: 1, Failures: 0, Errors: 0, Skipped: 0, Time elapsed: 0 s - in com.thealgorithms.others.CRC16Test
[25f49db0-0af8-47ad-9613-6de26753bd51/build]   | [INFO] Running com.thealgorithms.others.TwoPointersTest
[25f49db0-0af8-47ad-9613-6de26753bd51/build]   | [INFO] Tests run: 5, Failures: 0, Errors: 0, Skipped: 0, Time elapsed: 0 s - in com.thealgorithms.others.TwoPointersTest
[25f49db0-0af8-47ad-9613-6de26753bd51/build]   | [INFO] Running com.thealgorithms.strings.UpperTest
[25f49db0-0af8-47ad-9613-6de26753bd51/build]   | [INFO] Tests run: 1, Failures: 0, Errors: 0, Skipped: 0, Time elapsed: 0 s - in com.thealgorithms.strings.UpperTest
[25f49db0-0af8-47ad-9613-6de26753bd51/build]   | [INFO] Running com.thealgorithms.strings.HorspoolSearchTest
[25f49db0-0af8-47ad-9613-6de26753bd51/build]   | [INFO] Tests run: 13, Failures: 0, Errors: 0, Skipped: 0, Time elapsed: 0.002 s - in com.thealgorithms.strings.HorspoolSearchTest
[25f49db0-0af8-47ad-9613-6de26753bd51/build]   | [INFO] Running com.thealgorithms.strings.ReverseStringRecursiveTest
[25f49db0-0af8-47ad-9613-6de26753bd51/build]   | [INFO] Tests run: 3, Failures: 0, Errors: 0, Skipped: 0, Time elapsed: 0.001 s - in com.thealgorithms.strings.ReverseStringRecursiveTest
[25f49db0-0af8-47ad-9613-6de26753bd51/build]   | [INFO] Running com.thealgorithms.strings.WordLadderTest
[25f49db0-0af8-47ad-9613-6de26753bd51/build]   | [INFO] Tests run: 1, Failures: 0, Errors: 0, Skipped: 0, Time elapsed: 0 s - in com.thealgorithms.strings.WordLadderTest
[25f49db0-0af8-47ad-9613-6de26753bd51/build]   | [INFO] Running com.thealgorithms.strings.HammingDistanceTest
[25f49db0-0af8-47ad-9613-6de26753bd51/build]   | [INFO] Tests run: 2, Failures: 0, Errors: 0, Skipped: 0, Time elapsed: 0 s - in com.thealgorithms.strings.HammingDistanceTest
[25f49db0-0af8-47ad-9613-6de26753bd51/build]   | [INFO] Running com.thealgorithms.strings.PalindromeTest
[25f49db0-0af8-47ad-9613-6de26753bd51/build]   | [INFO] Tests run: 1, Failures: 0, Errors: 0, Skipped: 0, Time elapsed: 0 s - in com.thealgorithms.strings.PalindromeTest
[25f49db0-0af8-47ad-9613-6de26753bd51/build]   | [INFO] Running com.thealgorithms.strings.RotationTest
[25f49db0-0af8-47ad-9613-6de26753bd51/build]   | [INFO] Tests run: 1, Failures: 0, Errors: 0, Skipped: 0, Time elapsed: 0 s - in com.thealgorithms.strings.RotationTest
[25f49db0-0af8-47ad-9613-6de26753bd51/build]   | [INFO] Running com.thealgorithms.strings.CheckVowelsTest
[25f49db0-0af8-47ad-9613-6de26753bd51/build]   | [INFO] Tests run: 1, Failures: 0, Errors: 0, Skipped: 0, Time elapsed: 0 s - in com.thealgorithms.strings.CheckVowelsTest
[25f49db0-0af8-47ad-9613-6de26753bd51/build]   | [INFO] Running com.thealgorithms.strings.zigZagPattern.zigZagPatternTest
[25f49db0-0af8-47ad-9613-6de26753bd51/build]   | [INFO] Tests run: 1, Failures: 0, Errors: 0, Skipped: 0, Time elapsed: 0 s - in com.thealgorithms.strings.zigZagPattern.zigZagPatternTest
[25f49db0-0af8-47ad-9613-6de26753bd51/build]   | [INFO] Running com.thealgorithms.strings.ValidParenthesesTest
[25f49db0-0af8-47ad-9613-6de26753bd51/build]   | [INFO] Tests run: 3, Failures: 0, Errors: 0, Skipped: 0, Time elapsed: 0 s - in com.thealgorithms.strings.ValidParenthesesTest
[25f49db0-0af8-47ad-9613-6de26753bd51/build]   | [INFO] Running com.thealgorithms.strings.LowerTest
[25f49db0-0af8-47ad-9613-6de26753bd51/build]   | [INFO] Tests run: 1, Failures: 0, Errors: 0, Skipped: 0, Time elapsed: 0 s - in com.thealgorithms.strings.LowerTest
[25f49db0-0af8-47ad-9613-6de26753bd51/build]   | [INFO] Running com.thealgorithms.strings.ReverseStringTest
[25f49db0-0af8-47ad-9613-6de26753bd51/build]   | [INFO] Tests run: 1, Failures: 0, Errors: 0, Skipped: 0, Time elapsed: 0 s - in com.thealgorithms.strings.ReverseStringTest
[25f49db0-0af8-47ad-9613-6de26753bd51/build]   | [INFO] Running com.thealgorithms.strings.CheckAnagramsTest
[25f49db0-0af8-47ad-9613-6de26753bd51/build]   | [INFO] Tests run: 8, Failures: 0, Errors: 0, Skipped: 0, Time elapsed: 0.001 s - in com.thealgorithms.strings.CheckAnagramsTest
[25f49db0-0af8-47ad-9613-6de26753bd51/build]   | [INFO] Running com.thealgorithms.strings.PangramTest
[25f49db0-0af8-47ad-9613-6de26753bd51/build]   | [INFO] Tests run: 1, Failures: 0, Errors: 0, Skipped: 0, Time elapsed: 0 s - in com.thealgorithms.strings.PangramTest
[25f49db0-0af8-47ad-9613-6de26753bd51/build]   | [INFO] Running com.thealgorithms.strings.MyAtoiTest
[25f49db0-0af8-47ad-9613-6de26753bd51/build]   | [INFO] Tests run: 7, Failures: 0, Errors: 0, Skipped: 0, Time elapsed: 0.002 s - in com.thealgorithms.strings.MyAtoiTest
[25f49db0-0af8-47ad-9613-6de26753bd51/build]   | [INFO] Running com.thealgorithms.strings.LetterCombinationsOfPhoneNumberTest
[25f49db0-0af8-47ad-9613-6de26753bd51/build]   | [INFO] Tests run: 1, Failures: 0, Errors: 0, Skipped: 0, Time elapsed: 0.001 s - in com.thealgorithms.strings.LetterCombinationsOfPhoneNumberTest
[25f49db0-0af8-47ad-9613-6de26753bd51/build]   | [INFO] Running com.thealgorithms.strings.AnagramsTest
[25f49db0-0af8-47ad-9613-6de26753bd51/build]   | [INFO] Tests run: 1, Failures: 0, Errors: 0, Skipped: 0, Time elapsed: 0 s - in com.thealgorithms.strings.AnagramsTest
[25f49db0-0af8-47ad-9613-6de26753bd51/build]   | [INFO] Running com.thealgorithms.strings.StringCompressionTest
[25f49db0-0af8-47ad-9613-6de26753bd51/build]   | [INFO] Tests run: 4, Failures: 0, Errors: 0, Skipped: 0, Time elapsed: 0.007 s - in com.thealgorithms.strings.StringCompressionTest
[25f49db0-0af8-47ad-9613-6de26753bd51/build]   | [INFO] Running com.thealgorithms.strings.CharacterSameTest
[25f49db0-0af8-47ad-9613-6de26753bd51/build]   | [INFO] Tests run: 1, Failures: 0, Errors: 0, Skipped: 0, Time elapsed: 0 s - in com.thealgorithms.strings.CharacterSameTest
[25f49db0-0af8-47ad-9613-6de26753bd51/build]   | [INFO] Running com.thealgorithms.strings.longestNonRepeativeSubstringTest
[25f49db0-0af8-47ad-9613-6de26753bd51/build]   | [INFO] Tests run: 1, Failures: 0, Errors: 0, Skipped: 0, Time elapsed: 0 s - in com.thealgorithms.strings.longestNonRepeativeSubstringTest
[25f49db0-0af8-47ad-9613-6de26753bd51/build]   | [INFO] Running com.thealgorithms.strings.AlphabeticalTest
[25f49db0-0af8-47ad-9613-6de26753bd51/build]   | [INFO] Tests run: 1, Failures: 0, Errors: 0, Skipped: 0, Time elapsed: 0 s - in com.thealgorithms.strings.AlphabeticalTest
[25f49db0-0af8-47ad-9613-6de26753bd51/build]   | [INFO] Running com.thealgorithms.datastructures.heaps.FibonacciHeapTest
[25f49db0-0af8-47ad-9613-6de26753bd51/build]   | [INFO] Tests run: 1, Failures: 0, Errors: 0, Skipped: 0, Time elapsed: 0 s - in com.thealgorithms.datastructures.heaps.FibonacciHeapTest
[25f49db0-0af8-47ad-9613-6de26753bd51/build]   | [INFO] Running com.thealgorithms.datastructures.heaps.LeftistHeapTest
[25f49db0-0af8-47ad-9613-6de26753bd51/build]   | [INFO] Tests run: 1, Failures: 0, Errors: 0, Skipped: 0, Time elapsed: 0 s - in com.thealgorithms.datastructures.heaps.LeftistHeapTest
[25f49db0-0af8-47ad-9613-6de26753bd51/build]   | [INFO] Running com.thealgorithms.datastructures.bloomfilter.BloomFilterTest
[25f49db0-0af8-47ad-9613-6de26753bd51/build]   | [INFO] Tests run: 2, Failures: 0, Errors: 0, Skipped: 0, Time elapsed: 0.001 s - in com.thealgorithms.datastructures.bloomfilter.BloomFilterTest
[25f49db0-0af8-47ad-9613-6de26753bd51/build]   | [INFO] Running com.thealgorithms.datastructures.buffers.CircularBufferTest
[25f49db0-0af8-47ad-9613-6de26753bd51/build]   | [INFO] Tests run: 1004, Failures: 0, Errors: 0, Skipped: 0, Time elapsed: 1.019 s - in com.thealgorithms.datastructures.buffers.CircularBufferTest
[25f49db0-0af8-47ad-9613-6de26753bd51/build]   | [INFO] Running com.thealgorithms.datastructures.queues.PriorityQueuesTest
[25f49db0-0af8-47ad-9613-6de26753bd51/build]   | [INFO] Tests run: 3, Failures: 0, Errors: 0, Skipped: 0, Time elapsed: 0 s - in com.thealgorithms.datastructures.queues.PriorityQueuesTest
[25f49db0-0af8-47ad-9613-6de26753bd51/build]   | [INFO] Running com.thealgorithms.datastructures.queues.LinkedQueueTest
[25f49db0-0af8-47ad-9613-6de26753bd51/build]   | [INFO] Tests run: 1, Failures: 0, Errors: 0, Skipped: 0, Time elapsed: 0 s - in com.thealgorithms.datastructures.queues.LinkedQueueTest
[25f49db0-0af8-47ad-9613-6de26753bd51/build]   | [INFO] Running com.thealgorithms.datastructures.lists.SkipListTest
[25f49db0-0af8-47ad-9613-6de26753bd51/build]   | [ ] --- --- --- --- 
[25f49db0-0af8-47ad-9613-6de26753bd51/build]   | [ ] --- --- --- --- 
[25f49db0-0af8-47ad-9613-6de26753bd51/build]   | [ ] --- --- --- --- 
[25f49db0-0af8-47ad-9613-6de26753bd51/build]   | [ ] --- --- --- --- 
[25f49db0-0af8-47ad-9613-6de26753bd51/build]   | [ ] --- --- --- --- 
[25f49db0-0af8-47ad-9613-6de26753bd51/build]   | [ ] --- --- --- --- 
[25f49db0-0af8-47ad-9613-6de26753bd51/build]   | [ ] --- --- --- --- 
[25f49db0-0af8-47ad-9613-6de26753bd51/build]   | [ ] [ ] [ ] [ ] [ ] 
[25f49db0-0af8-47ad-9613-6de26753bd51/build]   |  H   0   1   2   3
[25f49db0-0af8-47ad-9613-6de26753bd51/build]   | 
[25f49db0-0af8-47ad-9613-6de26753bd51/build]   | [ ] --- --- --- --- --- --- --- --- --- --- --- 
[25f49db0-0af8-47ad-9613-6de26753bd51/build]   | [ ] --- --- --- --- --- --- --- --- --- --- --- 
[25f49db0-0af8-47ad-9613-6de26753bd51/build]   | [ ] --- [ ] --- --- --- --- --- --- --- --- --- 
[25f49db0-0af8-47ad-9613-6de26753bd51/build]   | [ ] --- [ ] --- --- --- --- --- --- --- --- --- 
[25f49db0-0af8-47ad-9613-6de26753bd51/build]   | [ ] --- [ ] --- --- --- --- [ ] --- --- --- [ ] 
[25f49db0-0af8-47ad-9613-6de26753bd51/build]   | [ ] --- [ ] --- --- --- --- [ ] --- --- --- [ ] 
[25f49db0-0af8-47ad-9613-6de26753bd51/build]   | [ ] [ ] [ ] [ ] --- --- [ ] [ ] [ ] --- [ ] [ ] 
[25f49db0-0af8-47ad-9613-6de26753bd51/build]   | [ ] [ ] [ ] [ ] [ ] [ ] [ ] [ ] [ ] [ ] [ ] [ ] 
[25f49db0-0af8-47ad-9613-6de26753bd51/build]   |  H   0   1   2   3   4   5   6   7   8   9  10
[25f49db0-0af8-47ad-9613-6de26753bd51/build]   | 
[25f49db0-0af8-47ad-9613-6de26753bd51/build]   | [ ] --- 
[25f49db0-0af8-47ad-9613-6de26753bd51/build]   | [ ] --- 
[25f49db0-0af8-47ad-9613-6de26753bd51/build]   | [ ] --- 
[25f49db0-0af8-47ad-9613-6de26753bd51/build]   | [ ] --- 
[25f49db0-0af8-47ad-9613-6de26753bd51/build]   | [ ] --- 
[25f49db0-0af8-47ad-9613-6de26753bd51/build]   | [ ] --- 
[25f49db0-0af8-47ad-9613-6de26753bd51/build]   | [ ] --- 
[25f49db0-0af8-47ad-9613-6de26753bd51/build]   | [ ] [ ] 
[25f49db0-0af8-47ad-9613-6de26753bd51/build]   |  H   0
[25f49db0-0af8-47ad-9613-6de26753bd51/build]   | 
[25f49db0-0af8-47ad-9613-6de26753bd51/build]   | [ ] --- 
[25f49db0-0af8-47ad-9613-6de26753bd51/build]   | [ ] --- 
[25f49db0-0af8-47ad-9613-6de26753bd51/build]   | [ ] --- 
[25f49db0-0af8-47ad-9613-6de26753bd51/build]   | [ ] --- 
[25f49db0-0af8-47ad-9613-6de26753bd51/build]   | [ ] --- 
[25f49db0-0af8-47ad-9613-6de26753bd51/build]   | [ ] --- 
[25f49db0-0af8-47ad-9613-6de26753bd51/build]   | [ ] --- 
[25f49db0-0af8-47ad-9613-6de26753bd51/build]   | [ ] [ ] 
[25f49db0-0af8-47ad-9613-6de26753bd51/build]   |  H   0
[25f49db0-0af8-47ad-9613-6de26753bd51/build]   | 
[25f49db0-0af8-47ad-9613-6de26753bd51/build]   | [ ] --- --- --- --- --- --- --- --- --- --- --- 
[25f49db0-0af8-47ad-9613-6de26753bd51/build]   | [ ] --- --- --- --- --- --- --- --- --- --- --- 
[25f49db0-0af8-47ad-9613-6de26753bd51/build]   | [ ] --- --- --- --- --- --- --- --- --- --- --- 
[25f49db0-0af8-47ad-9613-6de26753bd51/build]   | [ ] --- --- --- --- --- --- --- --- --- --- --- 
[25f49db0-0af8-47ad-9613-6de26753bd51/build]   | [ ] [ ] --- --- --- [ ] --- --- --- --- --- --- 
[25f49db0-0af8-47ad-9613-6de26753bd51/build]   | [ ] [ ] --- --- --- [ ] --- --- --- --- --- [ ] 
[25f49db0-0af8-47ad-9613-6de26753bd51/build]   | [ ] [ ] --- --- --- [ ] --- --- --- --- --- [ ] 
[25f49db0-0af8-47ad-9613-6de26753bd51/build]   | [ ] [ ] [ ] [ ] [ ] [ ] [ ] [ ] [ ] [ ] [ ] [ ] 
[25f49db0-0af8-47ad-9613-6de26753bd51/build]   |  H   0   1   2   3   4   5   6   7   8   9  10
[25f49db0-0af8-47ad-9613-6de26753bd51/build]   | 
[25f49db0-0af8-47ad-9613-6de26753bd51/build]   | [ ] --- --- --- --- --- --- --- --- --- --- 
[25f49db0-0af8-47ad-9613-6de26753bd51/build]   | [ ] --- --- --- --- --- --- --- --- --- --- 
[25f49db0-0af8-47ad-9613-6de26753bd51/build]   | [ ] --- --- --- --- --- --- --- --- --- --- 
[25f49db0-0af8-47ad-9613-6de26753bd51/build]   | [ ] --- --- --- --- --- --- --- --- --- --- 
[25f49db0-0af8-47ad-9613-6de26753bd51/build]   | [ ] --- --- --- [ ] --- --- --- --- --- --- 
[25f49db0-0af8-47ad-9613-6de26753bd51/build]   | [ ] --- --- --- [ ] --- --- --- --- --- [ ] 
[25f49db0-0af8-47ad-9613-6de26753bd51/build]   | [ ] --- --- --- [ ] --- --- --- --- --- [ ] 
[25f49db0-0af8-47ad-9613-6de26753bd51/build]   | [ ] [ ] [ ] [ ] [ ] [ ] [ ] [ ] [ ] [ ] [ ] 
[25f49db0-0af8-47ad-9613-6de26753bd51/build]   |  H   0   1   2   3   4   5   6   7   8   9
[25f49db0-0af8-47ad-9613-6de26753bd51/build]   | 
[25f49db0-0af8-47ad-9613-6de26753bd51/build]   | [ ] --- --- --- --- --- --- --- --- --- --- --- 
[25f49db0-0af8-47ad-9613-6de26753bd51/build]   | [ ] --- --- --- --- --- --- --- --- --- --- --- 
[25f49db0-0af8-47ad-9613-6de26753bd51/build]   | [ ] --- --- --- --- --- --- --- --- --- --- --- 
[25f49db0-0af8-47ad-9613-6de26753bd51/build]   | [ ] --- --- --- --- --- --- --- --- --- --- --- 
[25f49db0-0af8-47ad-9613-6de26753bd51/build]   | [ ] --- --- --- --- --- --- --- --- --- --- --- 
[25f49db0-0af8-47ad-9613-6de26753bd51/build]   | [ ] [ ] --- --- [ ] --- [ ] --- --- --- --- --- 
[25f49db0-0af8-47ad-9613-6de26753bd51/build]   | [ ] [ ] --- [ ] [ ] --- [ ] --- [ ] [ ] --- --- 
[25f49db0-0af8-47ad-9613-6de26753bd51/build]   | [ ] [ ] [ ] [ ] [ ] [ ] [ ] [ ] [ ] [ ] [ ] [ ] 
[25f49db0-0af8-47ad-9613-6de26753bd51/build]   |  H   0   1   2   3   4   5   6   7   8   9  10
[25f49db0-0af8-47ad-9613-6de26753bd51/build]   | 
[25f49db0-0af8-47ad-9613-6de26753bd51/build]   | [ ] --- --- --- --- --- --- --- --- --- --- 
[25f49db0-0af8-47ad-9613-6de26753bd51/build]   | [ ] --- --- --- --- --- --- --- --- --- --- 
[25f49db0-0af8-47ad-9613-6de26753bd51/build]   | [ ] --- --- --- --- --- --- --- --- --- --- 
[25f49db0-0af8-47ad-9613-6de26753bd51/build]   | [ ] --- --- --- --- --- --- --- --- --- --- 
[25f49db0-0af8-47ad-9613-6de26753bd51/build]   | [ ] --- --- --- --- --- --- --- --- --- --- 
[25f49db0-0af8-47ad-9613-6de26753bd51/build]   | [ ] [ ] --- --- [ ] --- [ ] --- --- --- --- 
[25f49db0-0af8-47ad-9613-6de26753bd51/build]   | [ ] [ ] --- [ ] [ ] --- [ ] --- [ ] [ ] --- 
[25f49db0-0af8-47ad-9613-6de26753bd51/build]   | [ ] [ ] [ ] [ ] [ ] [ ] [ ] [ ] [ ] [ ] [ ] 
[25f49db0-0af8-47ad-9613-6de26753bd51/build]   |  H   0   1   2   3   4   5   6   7   8   9
[25f49db0-0af8-47ad-9613-6de26753bd51/build]   | 
[25f49db0-0af8-47ad-9613-6de26753bd51/build]   | [INFO] Tests run: 6, Failures: 0, Errors: 0, Skipped: 0, Time elapsed: 0.001 s - in com.thealgorithms.datastructures.lists.SkipListTest
[25f49db0-0af8-47ad-9613-6de26753bd51/build]   | [INFO] Running com.thealgorithms.datastructures.lists.SinglyLinkedListTest
[25f49db0-0af8-47ad-9613-6de26753bd51/build]   | [INFO] Tests run: 9, Failures: 0, Errors: 0, Skipped: 0, Time elapsed: 0 s - in com.thealgorithms.datastructures.lists.SinglyLinkedListTest
[25f49db0-0af8-47ad-9613-6de26753bd51/build]   | [INFO] Running com.thealgorithms.datastructures.graphs.HamiltonianCycleTest
[25f49db0-0af8-47ad-9613-6de26753bd51/build]   | [INFO] Tests run: 2, Failures: 0, Errors: 0, Skipped: 0, Time elapsed: 0 s - in com.thealgorithms.datastructures.graphs.HamiltonianCycleTest
[25f49db0-0af8-47ad-9613-6de26753bd51/build]   | [INFO] Running com.thealgorithms.datastructures.graphs.TarjansAlgorithmTest
[25f49db0-0af8-47ad-9613-6de26753bd51/build]   | [INFO] Tests run: 2, Failures: 0, Errors: 0, Skipped: 0, Time elapsed: 0 s - in com.thealgorithms.datastructures.graphs.TarjansAlgorithmTest
[25f49db0-0af8-47ad-9613-6de26753bd51/build]   | [INFO] Running com.thealgorithms.datastructures.graphs.KosarajuTest
[25f49db0-0af8-47ad-9613-6de26753bd51/build]   | [INFO] Tests run: 2, Failures: 0, Errors: 0, Skipped: 0, Time elapsed: 0 s - in com.thealgorithms.datastructures.graphs.KosarajuTest
[25f49db0-0af8-47ad-9613-6de26753bd51/build]   | [INFO] Running com.thealgorithms.datastructures.hashmap.HashMapCuckooHashingTest
[25f49db0-0af8-47ad-9613-6de26753bd51/build]   | Infinite loop occurred, lengthening & rehashing table
[25f49db0-0af8-47ad-9613-6de26753bd51/build]   | Infinite loop occurred, lengthening & rehashing table
[25f49db0-0af8-47ad-9613-6de26753bd51/build]   | [INFO] Tests run: 8, Failures: 0, Errors: 0, Skipped: 0, Time elapsed: 0.001 s - in com.thealgorithms.datastructures.hashmap.HashMapCuckooHashingTest
[25f49db0-0af8-47ad-9613-6de26753bd51/build]   | [INFO] Running com.thealgorithms.datastructures.hashmap.hashing.GenericHashMapUsingArrayListTest
[25f49db0-0af8-47ad-9613-6de26753bd51/build]   | [INFO] Tests run: 3, Failures: 0, Errors: 0, Skipped: 0, Time elapsed: 0.001 s - in com.thealgorithms.datastructures.hashmap.hashing.GenericHashMapUsingArrayListTest
[25f49db0-0af8-47ad-9613-6de26753bd51/build]   | [INFO] Running com.thealgorithms.datastructures.hashmap.hashing.GenericHashMapUsingArrayTest
[25f49db0-0af8-47ad-9613-6de26753bd51/build]   | [INFO] Tests run: 3, Failures: 0, Errors: 0, Skipped: 0, Time elapsed: 0 s - in com.thealgorithms.datastructures.hashmap.hashing.GenericHashMapUsingArrayTest
[25f49db0-0af8-47ad-9613-6de26753bd51/build]   | [INFO] Running com.thealgorithms.datastructures.hashmap.hashing.LinearProbingHashMapTest
[25f49db0-0af8-47ad-9613-6de26753bd51/build]   | [INFO] Tests run: 7, Failures: 0, Errors: 0, Skipped: 0, Time elapsed: 0.002 s - in com.thealgorithms.datastructures.hashmap.hashing.LinearProbingHashMapTest
[25f49db0-0af8-47ad-9613-6de26753bd51/build]   | [INFO] Running com.thealgorithms.datastructures.hashmap.hashing.MajorityElementTest
[25f49db0-0af8-47ad-9613-6de26753bd51/build]   | [INFO] Tests run: 4, Failures: 0, Errors: 0, Skipped: 0, Time elapsed: 0 s - in com.thealgorithms.datastructures.hashmap.hashing.MajorityElementTest
[25f49db0-0af8-47ad-9613-6de26753bd51/build]   | [INFO] Running com.thealgorithms.datastructures.caches.MRUCacheTest
[25f49db0-0af8-47ad-9613-6de26753bd51/build]   | [INFO] Tests run: 4, Failures: 0, Errors: 0, Skipped: 0, Time elapsed: 0.001 s - in com.thealgorithms.datastructures.caches.MRUCacheTest
[25f49db0-0af8-47ad-9613-6de26753bd51/build]   | [INFO] Running com.thealgorithms.datastructures.caches.LFUCacheTest
[25f49db0-0af8-47ad-9613-6de26753bd51/build]   | [INFO] Tests run: 3, Failures: 0, Errors: 0, Skipped: 0, Time elapsed: 0.001 s - in com.thealgorithms.datastructures.caches.LFUCacheTest
[25f49db0-0af8-47ad-9613-6de26753bd51/build]   | [INFO] Running com.thealgorithms.datastructures.caches.LRUCacheTest
[25f49db0-0af8-47ad-9613-6de26753bd51/build]   | [INFO] Tests run: 4, Failures: 0, Errors: 0, Skipped: 0, Time elapsed: 0.001 s - in com.thealgorithms.datastructures.caches.LRUCacheTest
[25f49db0-0af8-47ad-9613-6de26753bd51/build]   | [INFO] Running com.thealgorithms.datastructures.trees.CheckTreeIsSymmetricTest
[25f49db0-0af8-47ad-9613-6de26753bd51/build]   | [INFO] Tests run: 4, Failures: 0, Errors: 0, Skipped: 0, Time elapsed: 0 s - in com.thealgorithms.datastructures.trees.CheckTreeIsSymmetricTest
[25f49db0-0af8-47ad-9613-6de26753bd51/build]   | [INFO] Running com.thealgorithms.datastructures.trees.LazySegmentTreeTest
[25f49db0-0af8-47ad-9613-6de26753bd51/build]   | [INFO] Tests run: 4, Failures: 0, Errors: 0, Skipped: 0, Time elapsed: 0.001 s - in com.thealgorithms.datastructures.trees.LazySegmentTreeTest
[25f49db0-0af8-47ad-9613-6de26753bd51/build]   | [INFO] Running com.thealgorithms.datastructures.trees.CeilInBinarySearchTreeTest
[25f49db0-0af8-47ad-9613-6de26753bd51/build]   | [INFO] Tests run: 7, Failures: 0, Errors: 0, Skipped: 0, Time elapsed: 0.001 s - in com.thealgorithms.datastructures.trees.CeilInBinarySearchTreeTest
[25f49db0-0af8-47ad-9613-6de26753bd51/build]   | [INFO] Running com.thealgorithms.datastructures.trees.BinaryTreeTest
[25f49db0-0af8-47ad-9613-6de26753bd51/build]   | 12 3 5 7 9 12 3 5 7 9 12 12 9 7 5 3 [INFO] Tests run: 4, Failures: 0, Errors: 0, Skipped: 0, Time elapsed: 0.001 s - in com.thealgorithms.datastructures.trees.BinaryTreeTest
[25f49db0-0af8-47ad-9613-6de26753bd51/build]   | [INFO] Running com.thealgorithms.datastructures.trees.VerticalOrderTraversalTest
[25f49db0-0af8-47ad-9613-6de26753bd51/build]   | [INFO] Tests run: 4, Failures: 0, Errors: 0, Skipped: 0, Time elapsed: 0 s - in com.thealgorithms.datastructures.trees.VerticalOrderTraversalTest
[25f49db0-0af8-47ad-9613-6de26753bd51/build]   | [INFO] Running com.thealgorithms.datastructures.trees.KDTreeTest
[25f49db0-0af8-47ad-9613-6de26753bd51/build]   | [INFO] Tests run: 3, Failures: 0, Errors: 0, Skipped: 0, Time elapsed: 0.002 s - in com.thealgorithms.datastructures.trees.KDTreeTest
[25f49db0-0af8-47ad-9613-6de26753bd51/build]   | [INFO] Running com.thealgorithms.datastructures.trees.InorderTraversalTest
[25f49db0-0af8-47ad-9613-6de26753bd51/build]   | [INFO] Tests run: 3, Failures: 0, Errors: 0, Skipped: 0, Time elapsed: 0 s - in com.thealgorithms.datastructures.trees.InorderTraversalTest
[25f49db0-0af8-47ad-9613-6de26753bd51/build]   | [INFO] Running com.thealgorithms.datastructures.trees.PostOrderTraversalTest
[25f49db0-0af8-47ad-9613-6de26753bd51/build]   | [INFO] Tests run: 3, Failures: 0, Errors: 0, Skipped: 0, Time elapsed: 0 s - in com.thealgorithms.datastructures.trees.PostOrderTraversalTest
[25f49db0-0af8-47ad-9613-6de26753bd51/build]   | [INFO] Running com.thealgorithms.datastructures.trees.BSTFromSortedArrayTest
[25f49db0-0af8-47ad-9613-6de26753bd51/build]   | [INFO] Tests run: 6, Failures: 0, Errors: 0, Skipped: 0, Time elapsed: 0 s - in com.thealgorithms.datastructures.trees.BSTFromSortedArrayTest
[25f49db0-0af8-47ad-9613-6de26753bd51/build]   | [INFO] Running com.thealgorithms.datastructures.trees.LevelOrderTraversalTest
[25f49db0-0af8-47ad-9613-6de26753bd51/build]   | [INFO] Tests run: 4, Failures: 0, Errors: 0, Skipped: 0, Time elapsed: 0 s - in com.thealgorithms.datastructures.trees.LevelOrderTraversalTest
[25f49db0-0af8-47ad-9613-6de26753bd51/build]   | [INFO] Running com.thealgorithms.datastructures.trees.ZigzagTraversalTest
[25f49db0-0af8-47ad-9613-6de26753bd51/build]   | [INFO] Tests run: 4, Failures: 0, Errors: 0, Skipped: 0, Time elapsed: 0 s - in com.thealgorithms.datastructures.trees.ZigzagTraversalTest
[25f49db0-0af8-47ad-9613-6de26753bd51/build]   | [INFO] Running com.thealgorithms.datastructures.trees.BSTRecursiveTest
[25f49db0-0af8-47ad-9613-6de26753bd51/build]   | [INFO] Tests run: 4, Failures: 0, Errors: 0, Skipped: 0, Time elapsed: 0 s - in com.thealgorithms.datastructures.trees.BSTRecursiveTest
[25f49db0-0af8-47ad-9613-6de26753bd51/build]   | [INFO] Running com.thealgorithms.datastructures.trees.SameTreesCheckTest
[25f49db0-0af8-47ad-9613-6de26753bd51/build]   | [INFO] Tests run: 6, Failures: 0, Errors: 0, Skipped: 0, Time elapsed: 0.001 s - in com.thealgorithms.datastructures.trees.SameTreesCheckTest
[25f49db0-0af8-47ad-9613-6de26753bd51/build]   | [INFO] Running com.thealgorithms.datastructures.trees.CheckIfBinaryTreeBalancedTest
[25f49db0-0af8-47ad-9613-6de26753bd51/build]   | [INFO] Tests run: 6, Failures: 0, Errors: 0, Skipped: 0, Time elapsed: 0 s - in com.thealgorithms.datastructures.trees.CheckIfBinaryTreeBalancedTest
[25f49db0-0af8-47ad-9613-6de26753bd51/build]   | [INFO] Running com.thealgorithms.datastructures.trees.PreOrderTraversalTest
[25f49db0-0af8-47ad-9613-6de26753bd51/build]   | [INFO] Tests run: 3, Failures: 0, Errors: 0, Skipped: 0, Time elapsed: 0 s - in com.thealgorithms.datastructures.trees.PreOrderTraversalTest
[25f49db0-0af8-47ad-9613-6de26753bd51/build]   | [INFO] Running com.thealgorithms.datastructures.trees.CreateBinaryTreeFromInorderPreorderTest
[25f49db0-0af8-47ad-9613-6de26753bd51/build]   | [INFO] Tests run: 6, Failures: 0, Errors: 0, Skipped: 0, Time elapsed: 0 s - in com.thealgorithms.datastructures.trees.CreateBinaryTreeFromInorderPreorderTest
[25f49db0-0af8-47ad-9613-6de26753bd51/build]   | [INFO] Running com.thealgorithms.datastructures.trees.BSTIterativeTest
[25f49db0-0af8-47ad-9613-6de26753bd51/build]   | [INFO] Tests run: 4, Failures: 0, Errors: 0, Skipped: 0, Time elapsed: 0 s - in com.thealgorithms.datastructures.trees.BSTIterativeTest
[25f49db0-0af8-47ad-9613-6de26753bd51/build]   | [INFO] Running com.thealgorithms.datastructures.trees.CheckBinaryTreeIsValidBSTTest
[25f49db0-0af8-47ad-9613-6de26753bd51/build]   | [INFO] Tests run: 5, Failures: 0, Errors: 0, Skipped: 0, Time elapsed: 0 s - in com.thealgorithms.datastructures.trees.CheckBinaryTreeIsValidBSTTest
[25f49db0-0af8-47ad-9613-6de26753bd51/build]   | [INFO] Running com.thealgorithms.ciphers.DESTest
[25f49db0-0af8-47ad-9613-6de26753bd51/build]   | [INFO] Tests run: 2, Failures: 0, Errors: 0, Skipped: 0, Time elapsed: 0.006 s - in com.thealgorithms.ciphers.DESTest
[25f49db0-0af8-47ad-9613-6de26753bd51/build]   | [INFO] Running com.thealgorithms.ciphers.CaesarTest
[25f49db0-0af8-47ad-9613-6de26753bd51/build]   | [INFO] Tests run: 3, Failures: 0, Errors: 0, Skipped: 0, Time elapsed: 0 s - in com.thealgorithms.ciphers.CaesarTest
[25f49db0-0af8-47ad-9613-6de26753bd51/build]   | [INFO] Running com.thealgorithms.ciphers.BlowfishTest
[25f49db0-0af8-47ad-9613-6de26753bd51/build]   | [INFO] Tests run: 2, Failures: 0, Errors: 0, Skipped: 0, Time elapsed: 0.013 s - in com.thealgorithms.ciphers.BlowfishTest
[25f49db0-0af8-47ad-9613-6de26753bd51/build]   | [INFO] Running com.thealgorithms.ciphers.RSATest
[25f49db0-0af8-47ad-9613-6de26753bd51/build]   | [INFO] Tests run: 1, Failures: 0, Errors: 0, Skipped: 0, Time elapsed: 0.134 s - in com.thealgorithms.ciphers.RSATest
[25f49db0-0af8-47ad-9613-6de26753bd51/build]   | [INFO] Running com.thealgorithms.ciphers.VigenereTest
[25f49db0-0af8-47ad-9613-6de26753bd51/build]   | [INFO] Tests run: 2, Failures: 0, Errors: 0, Skipped: 0, Time elapsed: 0.001 s - in com.thealgorithms.ciphers.VigenereTest
[25f49db0-0af8-47ad-9613-6de26753bd51/build]   | [INFO] Running com.thealgorithms.ciphers.SimpleSubstitutionCipherTest
[25f49db0-0af8-47ad-9613-6de26753bd51/build]   | [INFO] Tests run: 3, Failures: 0, Errors: 0, Skipped: 0, Time elapsed: 0 s - in com.thealgorithms.ciphers.SimpleSubstitutionCipherTest
[25f49db0-0af8-47ad-9613-6de26753bd51/build]   | [INFO] Running com.thealgorithms.ciphers.a5.LFSRTest
[25f49db0-0af8-47ad-9613-6de26753bd51/build]   | [INFO] Tests run: 3, Failures: 0, Errors: 0, Skipped: 0, Time elapsed: 0.004 s - in com.thealgorithms.ciphers.a5.LFSRTest
[25f49db0-0af8-47ad-9613-6de26753bd51/build]   | [INFO] Running com.thealgorithms.ciphers.PolybiusTest
[25f49db0-0af8-47ad-9613-6de26753bd51/build]   | [INFO] Tests run: 3, Failures: 0, Errors: 0, Skipped: 0, Time elapsed: 0.001 s - in com.thealgorithms.ciphers.PolybiusTest
[25f49db0-0af8-47ad-9613-6de26753bd51/build]   | [INFO] Running com.thealgorithms.ciphers.SimpleSubCipherTest
[25f49db0-0af8-47ad-9613-6de26753bd51/build]   | [INFO] Tests run: 2, Failures: 0, Errors: 0, Skipped: 0, Time elapsed: 0 s - in com.thealgorithms.ciphers.SimpleSubCipherTest
[25f49db0-0af8-47ad-9613-6de26753bd51/build]   | [INFO] Running com.thealgorithms.maths.PythagoreanTripleTest
[25f49db0-0af8-47ad-9613-6de26753bd51/build]   | [INFO] Tests run: 1, Failures: 0, Errors: 0, Skipped: 0, Time elapsed: 0.001 s - in com.thealgorithms.maths.PythagoreanTripleTest
[25f49db0-0af8-47ad-9613-6de26753bd51/build]   | [INFO] Running com.thealgorithms.maths.NthUglyNumberTest
[25f49db0-0af8-47ad-9613-6de26753bd51/build]   | [INFO] Tests run: 6, Failures: 0, Errors: 0, Skipped: 0, Time elapsed: 0.016 s - in com.thealgorithms.maths.NthUglyNumberTest
[25f49db0-0af8-47ad-9613-6de26753bd51/build]   | [INFO] Running com.thealgorithms.maths.JosephusProblemTest
[25f49db0-0af8-47ad-9613-6de26753bd51/build]   | [INFO] Tests run: 1, Failures: 0, Errors: 0, Skipped: 0, Time elapsed: 0 s - in com.thealgorithms.maths.JosephusProblemTest
[25f49db0-0af8-47ad-9613-6de26753bd51/build]   | [INFO] Running com.thealgorithms.maths.AliquotSumTest
[25f49db0-0af8-47ad-9613-6de26753bd51/build]   | [INFO] Tests run: 1, Failures: 0, Errors: 0, Skipped: 0, Time elapsed: 0.003 s - in com.thealgorithms.maths.AliquotSumTest
[25f49db0-0af8-47ad-9613-6de26753bd51/build]   | [INFO] Running com.thealgorithms.maths.BinaryPowTest
[25f49db0-0af8-47ad-9613-6de26753bd51/build]   | [INFO] Tests run: 1, Failures: 0, Errors: 0, Skipped: 0, Time elapsed: 0 s - in com.thealgorithms.maths.BinaryPowTest
[25f49db0-0af8-47ad-9613-6de26753bd51/build]   | [INFO] Running com.thealgorithms.maths.TwinPrimeTest
[25f49db0-0af8-47ad-9613-6de26753bd51/build]   | [INFO] Tests run: 4, Failures: 0, Errors: 0, Skipped: 0, Time elapsed: 0.001 s - in com.thealgorithms.maths.TwinPrimeTest
[25f49db0-0af8-47ad-9613-6de26753bd51/build]   | [INFO] Running com.thealgorithms.maths.PerfectNumberTest
[25f49db0-0af8-47ad-9613-6de26753bd51/build]   | [INFO] Tests run: 1, Failures: 0, Errors: 0, Skipped: 0, Time elapsed: 0.271 s - in com.thealgorithms.maths.PerfectNumberTest
[25f49db0-0af8-47ad-9613-6de26753bd51/build]   | [INFO] Running com.thealgorithms.maths.AutomorphicNumberTest
[25f49db0-0af8-47ad-9613-6de26753bd51/build]   | [INFO] Tests run: 1, Failures: 0, Errors: 0, Skipped: 0, Time elapsed: 0.001 s - in com.thealgorithms.maths.AutomorphicNumberTest
[25f49db0-0af8-47ad-9613-6de26753bd51/build]   | [INFO] Running com.thealgorithms.maths.ParseIntegerTest
[25f49db0-0af8-47ad-9613-6de26753bd51/build]   | [INFO] Tests run: 4, Failures: 0, Errors: 0, Skipped: 0, Time elapsed: 0.001 s - in com.thealgorithms.maths.ParseIntegerTest
[25f49db0-0af8-47ad-9613-6de26753bd51/build]   | [INFO] Running com.thealgorithms.maths.StandardDeviationTest
[25f49db0-0af8-47ad-9613-6de26753bd51/build]   | [INFO] Tests run: 4, Failures: 0, Errors: 0, Skipped: 0, Time elapsed: 0 s - in com.thealgorithms.maths.StandardDeviationTest
[25f49db0-0af8-47ad-9613-6de26753bd51/build]   | [INFO] Running com.thealgorithms.maths.GaussianTest
[25f49db0-0af8-47ad-9613-6de26753bd51/build]   | [INFO] Tests run: 1, Failures: 0, Errors: 0, Skipped: 0, Time elapsed: 0 s - in com.thealgorithms.maths.GaussianTest
[25f49db0-0af8-47ad-9613-6de26753bd51/build]   | [INFO] Running com.thealgorithms.maths.SquareRootwithBabylonianMethodTest
[25f49db0-0af8-47ad-9613-6de26753bd51/build]   | [INFO] Tests run: 4, Failures: 0, Errors: 0, Skipped: 0, Time elapsed: 0 s - in com.thealgorithms.maths.SquareRootwithBabylonianMethodTest
[25f49db0-0af8-47ad-9613-6de26753bd51/build]   | [INFO] Running com.thealgorithms.maths.PollardRhoTest
[25f49db0-0af8-47ad-9613-6de26753bd51/build]   | [INFO] Tests run: 3, Failures: 0, Errors: 0, Skipped: 0, Time elapsed: 0.001 s - in com.thealgorithms.maths.PollardRhoTest
[25f49db0-0af8-47ad-9613-6de26753bd51/build]   | [INFO] Running com.thealgorithms.maths.HeronsFormulaTest
[25f49db0-0af8-47ad-9613-6de26753bd51/build]   | [INFO] Tests run: 4, Failures: 0, Errors: 0, Skipped: 0, Time elapsed: 0 s - in com.thealgorithms.maths.HeronsFormulaTest
[25f49db0-0af8-47ad-9613-6de26753bd51/build]   | [INFO] Running com.thealgorithms.maths.FactorialTest
[25f49db0-0af8-47ad-9613-6de26753bd51/build]   | [INFO] Tests run: 1, Failures: 0, Errors: 0, Skipped: 0, Time elapsed: 0 s - in com.thealgorithms.maths.FactorialTest
[25f49db0-0af8-47ad-9613-6de26753bd51/build]   | [INFO] Running com.thealgorithms.maths.AmicableNumberTest
[25f49db0-0af8-47ad-9613-6de26753bd51/build]   | [INFO] Tests run: 1, Failures: 0, Errors: 0, Skipped: 0, Time elapsed: 0.001 s - in com.thealgorithms.maths.AmicableNumberTest
[25f49db0-0af8-47ad-9613-6de26753bd51/build]   | [INFO] Running com.thealgorithms.maths.SquareFreeIntegerTest
[25f49db0-0af8-47ad-9613-6de26753bd51/build]   | [INFO] Tests run: 3, Failures: 0, Errors: 0, Skipped: 0, Time elapsed: 0.029 s - in com.thealgorithms.maths.SquareFreeIntegerTest
[25f49db0-0af8-47ad-9613-6de26753bd51/build]   | [INFO] Running com.thealgorithms.maths.SumWithoutArithmeticOperatorsTest
[25f49db0-0af8-47ad-9613-6de26753bd51/build]   | [INFO] Tests run: 5, Failures: 0, Errors: 0, Skipped: 0, Time elapsed: 0 s - in com.thealgorithms.maths.SumWithoutArithmeticOperatorsTest
[25f49db0-0af8-47ad-9613-6de26753bd51/build]   | [INFO] Running com.thealgorithms.maths.PerfectCubeTest
[25f49db0-0af8-47ad-9613-6de26753bd51/build]   | [INFO] Tests run: 1, Failures: 0, Errors: 0, Skipped: 0, Time elapsed: 0 s - in com.thealgorithms.maths.PerfectCubeTest
[25f49db0-0af8-47ad-9613-6de26753bd51/build]   | [INFO] Running com.thealgorithms.maths.AbsoluteValueTest
[25f49db0-0af8-47ad-9613-6de26753bd51/build]   | [INFO] Tests run: 1, Failures: 0, Errors: 0, Skipped: 0, Time elapsed: 0.005 s - in com.thealgorithms.maths.AbsoluteValueTest
[25f49db0-0af8-47ad-9613-6de26753bd51/build]   | [INFO] Running com.thealgorithms.maths.GCDTest
[25f49db0-0af8-47ad-9613-6de26753bd51/build]   | [INFO] Tests run: 10, Failures: 0, Errors: 0, Skipped: 0, Time elapsed: 0.002 s - in com.thealgorithms.maths.GCDTest
[25f49db0-0af8-47ad-9613-6de26753bd51/build]   | [INFO] Running com.thealgorithms.maths.LiouvilleLambdaFunctionTest
[25f49db0-0af8-47ad-9613-6de26753bd51/build]   | [INFO] Tests run: 4, Failures: 0, Errors: 0, Skipped: 0, Time elapsed: 0.001 s - in com.thealgorithms.maths.LiouvilleLambdaFunctionTest
[25f49db0-0af8-47ad-9613-6de26753bd51/build]   | [INFO] Running com.thealgorithms.maths.PerimeterTest
[25f49db0-0af8-47ad-9613-6de26753bd51/build]   | [INFO] Tests run: 8, Failures: 0, Errors: 0, Skipped: 0, Time elapsed: 0.001 s - in com.thealgorithms.maths.PerimeterTest
[25f49db0-0af8-47ad-9613-6de26753bd51/build]   | [INFO] Running com.thealgorithms.maths.FastInverseSqrtTests
[25f49db0-0af8-47ad-9613-6de26753bd51/build]   | [INFO] Tests run: 8, Failures: 0, Errors: 0, Skipped: 0, Time elapsed: 0.001 s - in com.thealgorithms.maths.FastInverseSqrtTests
[25f49db0-0af8-47ad-9613-6de26753bd51/build]   | [INFO] Running com.thealgorithms.maths.AverageTest
[25f49db0-0af8-47ad-9613-6de26753bd51/build]   | [INFO] Tests run: 4, Failures: 0, Errors: 0, Skipped: 0, Time elapsed: 0 s - in com.thealgorithms.maths.AverageTest
[25f49db0-0af8-47ad-9613-6de26753bd51/build]   | [INFO] Running com.thealgorithms.maths.TestArmstrong
[25f49db0-0af8-47ad-9613-6de26753bd51/build]   | [INFO] Tests run: 1, Failures: 0, Errors: 0, Skipped: 0, Time elapsed: 0 s - in com.thealgorithms.maths.TestArmstrong
[25f49db0-0af8-47ad-9613-6de26753bd51/build]   | [INFO] Running com.thealgorithms.maths.BinomialCoefficientTest
[25f49db0-0af8-47ad-9613-6de26753bd51/build]   | [INFO] Tests run: 1, Failures: 0, Errors: 0, Skipped: 0, Time elapsed: 0.001 s - in com.thealgorithms.maths.BinomialCoefficientTest
[25f49db0-0af8-47ad-9613-6de26753bd51/build]   | [INFO] Running com.thealgorithms.maths.FindMinTest
[25f49db0-0af8-47ad-9613-6de26753bd51/build]   | [INFO] Tests run: 5, Failures: 0, Errors: 0, Skipped: 0, Time elapsed: 0.001 s - in com.thealgorithms.maths.FindMinTest
[25f49db0-0af8-47ad-9613-6de26753bd51/build]   | [INFO] Running com.thealgorithms.maths.PerfectSquareTest
[25f49db0-0af8-47ad-9613-6de26753bd51/build]   | [INFO] Tests run: 3, Failures: 0, Errors: 0, Skipped: 0, Time elapsed: 0 s - in com.thealgorithms.maths.PerfectSquareTest
[25f49db0-0af8-47ad-9613-6de26753bd51/build]   | [INFO] Running com.thealgorithms.maths.ArmstrongTest
[25f49db0-0af8-47ad-9613-6de26753bd51/build]   | [INFO] Tests run: 1, Failures: 0, Errors: 0, Skipped: 0, Time elapsed: 0 s - in com.thealgorithms.maths.ArmstrongTest
[25f49db0-0af8-47ad-9613-6de26753bd51/build]   | [INFO] Running com.thealgorithms.maths.PronicNumberTest
[25f49db0-0af8-47ad-9613-6de26753bd51/build]   | [INFO] Tests run: 2, Failures: 0, Errors: 0, Skipped: 0, Time elapsed: 0 s - in com.thealgorithms.maths.PronicNumberTest
[25f49db0-0af8-47ad-9613-6de26753bd51/build]   | [INFO] Running com.thealgorithms.maths.AbsoluteMaxTest
[25f49db0-0af8-47ad-9613-6de26753bd51/build]   | [INFO] Tests run: 2, Failures: 0, Errors: 0, Skipped: 0, Time elapsed: 0 s - in com.thealgorithms.maths.AbsoluteMaxTest
[25f49db0-0af8-47ad-9613-6de26753bd51/build]   | [INFO] Running com.thealgorithms.maths.LeastCommonMultipleTest
[25f49db0-0af8-47ad-9613-6de26753bd51/build]   | [INFO] Tests run: 2, Failures: 0, Errors: 0, Skipped: 0, Time elapsed: 0 s - in com.thealgorithms.maths.LeastCommonMultipleTest
[25f49db0-0af8-47ad-9613-6de26753bd51/build]   | [INFO] Running com.thealgorithms.maths.LeonardoNumberTest
[25f49db0-0af8-47ad-9613-6de26753bd51/build]   | [INFO] Tests run: 5, Failures: 0, Errors: 0, Skipped: 0, Time elapsed: 0 s - in com.thealgorithms.maths.LeonardoNumberTest
[25f49db0-0af8-47ad-9613-6de26753bd51/build]   | [INFO] Running com.thealgorithms.maths.PascalTriangleTest
[25f49db0-0af8-47ad-9613-6de26753bd51/build]   | [INFO] Tests run: 4, Failures: 0, Errors: 0, Skipped: 0, Time elapsed: 0 s - in com.thealgorithms.maths.PascalTriangleTest
[25f49db0-0af8-47ad-9613-6de26753bd51/build]   | [INFO] Running com.thealgorithms.maths.HarshadNumberTest
[25f49db0-0af8-47ad-9613-6de26753bd51/build]   | [INFO] Tests run: 1, Failures: 0, Errors: 0, Skipped: 0, Time elapsed: 0 s - in com.thealgorithms.maths.HarshadNumberTest
[25f49db0-0af8-47ad-9613-6de26753bd51/build]   | [INFO] Running com.thealgorithms.maths.PrimeCheckTest
[25f49db0-0af8-47ad-9613-6de26753bd51/build]   | [INFO] Tests run: 7, Failures: 0, Errors: 0, Skipped: 0, Time elapsed: 0.001 s - in com.thealgorithms.maths.PrimeCheckTest
[25f49db0-0af8-47ad-9613-6de26753bd51/build]   | [INFO] Running com.thealgorithms.maths.CombinationsTest
[25f49db0-0af8-47ad-9613-6de26753bd51/build]   | [INFO] Tests run: 2, Failures: 0, Errors: 0, Skipped: 0, Time elapsed: 0 s - in com.thealgorithms.maths.CombinationsTest
[25f49db0-0af8-47ad-9613-6de26753bd51/build]   | [INFO] Running com.thealgorithms.maths.AreaTest
[25f49db0-0af8-47ad-9613-6de26753bd51/build]   | [INFO] Tests run: 12, Failures: 0, Errors: 0, Skipped: 0, Time elapsed: 0.009 s - in com.thealgorithms.maths.AreaTest
[25f49db0-0af8-47ad-9613-6de26753bd51/build]   | [INFO] Running com.thealgorithms.maths.ReverseNumberTest
[25f49db0-0af8-47ad-9613-6de26753bd51/build]   | [INFO] Tests run: 2, Failures: 0, Errors: 0, Skipped: 0, Time elapsed: 0 s - in com.thealgorithms.maths.ReverseNumberTest
[25f49db0-0af8-47ad-9613-6de26753bd51/build]   | [INFO] Running com.thealgorithms.maths.LucasSeriesTest
[25f49db0-0af8-47ad-9613-6de26753bd51/build]   | [INFO] Tests run: 4, Failures: 0, Errors: 0, Skipped: 0, Time elapsed: 0 s - in com.thealgorithms.maths.LucasSeriesTest
[25f49db0-0af8-47ad-9613-6de26753bd51/build]   | [INFO] Running com.thealgorithms.maths.SumOfDigitsTest
[25f49db0-0af8-47ad-9613-6de26753bd51/build]   | [INFO] Tests run: 3, Failures: 0, Errors: 0, Skipped: 0, Time elapsed: 0 s - in com.thealgorithms.maths.SumOfDigitsTest
[25f49db0-0af8-47ad-9613-6de26753bd51/build]   | [INFO] Running com.thealgorithms.maths.AbsoluteMinTest
[25f49db0-0af8-47ad-9613-6de26753bd51/build]   | [INFO] Tests run: 2, Failures: 0, Errors: 0, Skipped: 0, Time elapsed: 0.002 s - in com.thealgorithms.maths.AbsoluteMinTest
[25f49db0-0af8-47ad-9613-6de26753bd51/build]   | [INFO] Running com.thealgorithms.maths.FrizzyNumberTest
[25f49db0-0af8-47ad-9613-6de26753bd51/build]   | [INFO] Tests run: 3, Failures: 0, Errors: 0, Skipped: 0, Time elapsed: 0 s - in com.thealgorithms.maths.FrizzyNumberTest
[25f49db0-0af8-47ad-9613-6de26753bd51/build]   | [INFO] Running com.thealgorithms.maths.CollatzConjectureTest
[25f49db0-0af8-47ad-9613-6de26753bd51/build]   | [INFO] Tests run: 4, Failures: 0, Errors: 0, Skipped: 0, Time elapsed: 0.002 s - in com.thealgorithms.maths.CollatzConjectureTest
[25f49db0-0af8-47ad-9613-6de26753bd51/build]   | [INFO] Running com.thealgorithms.maths.PrimeFactorizationTest
[25f49db0-0af8-47ad-9613-6de26753bd51/build]   | [INFO] Tests run: 2, Failures: 0, Errors: 0, Skipped: 0, Time elapsed: 0 s - in com.thealgorithms.maths.PrimeFactorizationTest
[25f49db0-0af8-47ad-9613-6de26753bd51/build]   | [INFO] Running com.thealgorithms.maths.DigitalRootTest
[25f49db0-0af8-47ad-9613-6de26753bd51/build]   | [INFO] Tests run: 1, Failures: 0, Errors: 0, Skipped: 0, Time elapsed: 0 s - in com.thealgorithms.maths.DigitalRootTest
[25f49db0-0af8-47ad-9613-6de26753bd51/build]   | [INFO] Running com.thealgorithms.maths.FindMaxTest
[25f49db0-0af8-47ad-9613-6de26753bd51/build]   | [INFO] Tests run: 4, Failures: 0, Errors: 0, Skipped: 0, Time elapsed: 0.001 s - in com.thealgorithms.maths.FindMaxTest
[25f49db0-0af8-47ad-9613-6de26753bd51/build]   | [INFO] Running com.thealgorithms.maths.DudeneyNumberTest
[25f49db0-0af8-47ad-9613-6de26753bd51/build]   | [INFO] Tests run: 1, Failures: 0, Errors: 0, Skipped: 0, Time elapsed: 0.002 s - in com.thealgorithms.maths.DudeneyNumberTest
[25f49db0-0af8-47ad-9613-6de26753bd51/build]   | [INFO] Running com.thealgorithms.maths.CeilTest
[25f49db0-0af8-47ad-9613-6de26753bd51/build]   | [INFO] Tests run: 1, Failures: 0, Errors: 0, Skipped: 0, Time elapsed: 0 s - in com.thealgorithms.maths.CeilTest
[25f49db0-0af8-47ad-9613-6de26753bd51/build]   | [INFO] Running com.thealgorithms.maths.DistanceFormulaTest
[25f49db0-0af8-47ad-9613-6de26753bd51/build]   | [INFO] Tests run: 13, Failures: 0, Errors: 0, Skipped: 0, Time elapsed: 0.002 s - in com.thealgorithms.maths.DistanceFormulaTest
[25f49db0-0af8-47ad-9613-6de26753bd51/build]   | [INFO] Running com.thealgorithms.maths.MobiusFunctionTest
[25f49db0-0af8-47ad-9613-6de26753bd51/build]   | [INFO] Tests run: 3, Failures: 0, Errors: 0, Skipped: 0, Time elapsed: 0.001 s - in com.thealgorithms.maths.MobiusFunctionTest
[25f49db0-0af8-47ad-9613-6de26753bd51/build]   | [INFO] Running com.thealgorithms.maths.LongDivisionTest
[25f49db0-0af8-47ad-9613-6de26753bd51/build]   | [INFO] Tests run: 7, Failures: 0, Errors: 0, Skipped: 0, Time elapsed: 0.001 s - in com.thealgorithms.maths.LongDivisionTest
[25f49db0-0af8-47ad-9613-6de26753bd51/build]   | [INFO] Running com.thealgorithms.maths.FibonacciJavaStreamsTest
[25f49db0-0af8-47ad-9613-6de26753bd51/build]   | [INFO] Tests run: 9, Failures: 0, Errors: 0, Skipped: 0, Time elapsed: 0.006 s - in com.thealgorithms.maths.FibonacciJavaStreamsTest
[25f49db0-0af8-47ad-9613-6de26753bd51/build]   | [INFO] Running com.thealgorithms.maths.VolumeTest
[25f49db0-0af8-47ad-9613-6de26753bd51/build]   | [INFO] Tests run: 1, Failures: 0, Errors: 0, Skipped: 0, Time elapsed: 0 s - in com.thealgorithms.maths.VolumeTest
[25f49db0-0af8-47ad-9613-6de26753bd51/build]   | [INFO] Running com.thealgorithms.maths.FibonacciNumberCheckTest
[25f49db0-0af8-47ad-9613-6de26753bd51/build]   | [INFO] Tests run: 2, Failures: 0, Errors: 0, Skipped: 0, Time elapsed: 0 s - in com.thealgorithms.maths.FibonacciNumberCheckTest
[25f49db0-0af8-47ad-9613-6de26753bd51/build]   | [INFO] Running com.thealgorithms.maths.StandardScoreTest
[25f49db0-0af8-47ad-9613-6de26753bd51/build]   | [INFO] Tests run: 4, Failures: 0, Errors: 0, Skipped: 0, Time elapsed: 0 s - in com.thealgorithms.maths.StandardScoreTest
[25f49db0-0af8-47ad-9613-6de26753bd51/build]   | [INFO] Running com.thealgorithms.maths.SumOfArithmeticSeriesTest
[25f49db0-0af8-47ad-9613-6de26753bd51/build]   | [INFO] Tests run: 9, Failures: 0, Errors: 0, Skipped: 0, Time elapsed: 0.001 s - in com.thealgorithms.maths.SumOfArithmeticSeriesTest
[25f49db0-0af8-47ad-9613-6de26753bd51/build]   | [INFO] Running com.thealgorithms.maths.ADTFractionTest
[25f49db0-0af8-47ad-9613-6de26753bd51/build]   | [INFO] Tests run: 7, Failures: 0, Errors: 0, Skipped: 0, Time elapsed: 0.005 s - in com.thealgorithms.maths.ADTFractionTest
[25f49db0-0af8-47ad-9613-6de26753bd51/build]   | [INFO] Running com.thealgorithms.maths.FFTTest
[25f49db0-0af8-47ad-9613-6de26753bd51/build]   | [INFO] Tests run: 12, Failures: 0, Errors: 0, Skipped: 0, Time elapsed: 0.002 s - in com.thealgorithms.maths.FFTTest
[25f49db0-0af8-47ad-9613-6de26753bd51/build]   | [INFO] Running com.thealgorithms.maths.MedianTest
[25f49db0-0af8-47ad-9613-6de26753bd51/build]   | [INFO] Tests run: 5, Failures: 0, Errors: 0, Skipped: 0, Time elapsed: 0 s - in com.thealgorithms.maths.MedianTest
[25f49db0-0af8-47ad-9613-6de26753bd51/build]   | [INFO] Running com.thealgorithms.maths.KaprekarNumbersTest
[25f49db0-0af8-47ad-9613-6de26753bd51/build]   | [INFO] Tests run: 9, Failures: 0, Errors: 0, Skipped: 0, Time elapsed: 0.449 s - in com.thealgorithms.maths.KaprekarNumbersTest
[25f49db0-0af8-47ad-9613-6de26753bd51/build]   | [INFO] Running com.thealgorithms.maths.PalindromeNumberTest
[25f49db0-0af8-47ad-9613-6de26753bd51/build]   | [INFO] Tests run: 3, Failures: 0, Errors: 0, Skipped: 0, Time elapsed: 0.001 s - in com.thealgorithms.maths.PalindromeNumberTest
[25f49db0-0af8-47ad-9613-6de26753bd51/build]   | [INFO] 
[25f49db0-0af8-47ad-9613-6de26753bd51/build]   | [INFO] Results:
[25f49db0-0af8-47ad-9613-6de26753bd51/build]   | [INFO] 
[25f49db0-0af8-47ad-9613-6de26753bd51/build]   | [ERROR] Failures: 
[25f49db0-0af8-47ad-9613-6de26753bd51/build]   | [ERROR]   StackPostfixNotationTest.testIfEvaluateThrowsExceptionForInputWithTooFewArgsA:36 Unexpected exception type thrown, expected: <java.lang.IllegalArgumentException> but was: <java.util.EmptyStackException>
[25f49db0-0af8-47ad-9613-6de26753bd51/build]   | [ERROR]   StackPostfixNotationTest.testIfEvaluateThrowsExceptionForInputWithTooFewArgsB:41 Unexpected exception type thrown, expected: <java.lang.IllegalArgumentException> but was: <java.util.EmptyStackException>
[25f49db0-0af8-47ad-9613-6de26753bd51/build]   | [INFO] 
[25f49db0-0af8-47ad-9613-6de26753bd51/build]   | [ERROR] Tests run: 3930, Failures: 2, Errors: 0, Skipped: 0
[25f49db0-0af8-47ad-9613-6de26753bd51/build]   | [INFO] 
[25f49db0-0af8-47ad-9613-6de26753bd51/build]   | [INFO] ------------------------------------------------------------------------
[25f49db0-0af8-47ad-9613-6de26753bd51/build]   | [INFO] BUILD FAILURE
[25f49db0-0af8-47ad-9613-6de26753bd51/build]   | [INFO] ------------------------------------------------------------------------
[25f49db0-0af8-47ad-9613-6de26753bd51/build]   | [INFO] Total time:  48.679 s
[25f49db0-0af8-47ad-9613-6de26753bd51/build]   | [INFO] Finished at: 2023-11-27T02:50:56Z
[25f49db0-0af8-47ad-9613-6de26753bd51/build]   | [INFO] ------------------------------------------------------------------------
[25f49db0-0af8-47ad-9613-6de26753bd51/build]   | [ERROR] Failed to execute goal org.apache.maven.plugins:maven-surefire-plugin:2.22.2:test (default-test) on project Java: There are test failures.
[25f49db0-0af8-47ad-9613-6de26753bd51/build]   | [ERROR] 
[25f49db0-0af8-47ad-9613-6de26753bd51/build]   | [ERROR] Please refer to /tmp/6e6bdca5-2c61-4df6-aa9d-e215375cac87/target/surefire-reports for the individual test results.
[25f49db0-0af8-47ad-9613-6de26753bd51/build]   | [ERROR] Please refer to dump files (if any exist) [date].dump, [date]-jvmRun[N].dump and [date].dumpstream.
[25f49db0-0af8-47ad-9613-6de26753bd51/build]   | [ERROR] -> [Help 1]
[25f49db0-0af8-47ad-9613-6de26753bd51/build]   | [ERROR] 
[25f49db0-0af8-47ad-9613-6de26753bd51/build]   | [ERROR] To see the full stack trace of the errors, re-run Maven with the -e switch.
[25f49db0-0af8-47ad-9613-6de26753bd51/build]   | [ERROR] Re-run Maven using the -X switch to enable full debug logging.
[25f49db0-0af8-47ad-9613-6de26753bd51/build]   | [ERROR] 
[25f49db0-0af8-47ad-9613-6de26753bd51/build]   | [ERROR] For more information about the errors and possible solutions, please read the following articles:
[25f49db0-0af8-47ad-9613-6de26753bd51/build]   | [ERROR] [Help 1] http://cwiki.apache.org/confluence/display/MAVEN/MojoFailureException
[25f49db0-0af8-47ad-9613-6de26753bd51/build]   ‚ùå  Failure - Main Build with Maven
[25f49db0-0af8-47ad-9613-6de26753bd51/build] exitcode '1': failure
[25f49db0-0af8-47ad-9613-6de26753bd51/build] unable to get git ref: failed to identify reference (tag/branch) for the checked-out revision '44dcebb6996b39b5a1a67a8633f95b6e4c1bd0f0'
[25f49db0-0af8-47ad-9613-6de26753bd51/build] unable to get git ref: failed to identify reference (tag/branch) for the checked-out revision '44dcebb6996b39b5a1a67a8633f95b6e4c1bd0f0'
[25f49db0-0af8-47ad-9613-6de26753bd51/build] unable to get git ref: failed to identify reference (tag/branch) for the checked-out revision '44dcebb6996b39b5a1a67a8633f95b6e4c1bd0f0'
[25f49db0-0af8-47ad-9613-6de26753bd51/build] unable to get git ref: failed to identify reference (tag/branch) for the checked-out revision '44dcebb6996b39b5a1a67a8633f95b6e4c1bd0f0'
[25f49db0-0af8-47ad-9613-6de26753bd51/build] unable to get git ref: failed to identify reference (tag/branch) for the checked-out revision '44dcebb6996b39b5a1a67a8633f95b6e4c1bd0f0'
[25f49db0-0af8-47ad-9613-6de26753bd51/build] ‚≠ê Run Post Set up JDK 17
[25f49db0-0af8-47ad-9613-6de26753bd51/build]   üê≥  docker exec cmd=[node /var/run/act/actions/actions-setup-java@v2/dist/cleanup/index.js] user= workdir=
[25f49db0-0af8-47ad-9613-6de26753bd51/build]   ‚úÖ  Success - Post Set up JDK 17
[25f49db0-0af8-47ad-9613-6de26753bd51/build] üèÅ  Job failed
[25f49db0-0af8-47ad-9613-6de26753bd51/build] unable to get git ref: failed to identify reference (tag/branch) for the checked-out revision '44dcebb6996b39b5a1a67a8633f95b6e4c1bd0f0'
