[6ab6bcc9-675f-4bef-9471-19b61a9fba38/run_tests] 🚀  Start image=gitbugactions:latest
[6ab6bcc9-675f-4bef-9471-19b61a9fba38/run_tests]   🐳  docker pull image=gitbugactions:latest platform= username= forcePull=false
[6ab6bcc9-675f-4bef-9471-19b61a9fba38/run_tests]   🐳  docker create image=gitbugactions:latest platform= entrypoint=["tail" "-f" "/dev/null"] cmd=[]
[6ab6bcc9-675f-4bef-9471-19b61a9fba38/run_tests]   🐳  docker run image=gitbugactions:latest platform= entrypoint=["tail" "-f" "/dev/null"] cmd=[]
[6ab6bcc9-675f-4bef-9471-19b61a9fba38/run_tests]   🐳  docker exec cmd=[chown -R 1012:1013 /tmp/8f50300a-0456-4519-85d3-ebf12f552732] user=0 workdir=
[6ab6bcc9-675f-4bef-9471-19b61a9fba38/run_tests] unable to get git ref: failed to identify reference (tag/branch) for the checked-out revision '65ea545567a680bc0062572f48500d9e061e1b35'
[6ab6bcc9-675f-4bef-9471-19b61a9fba38/run_tests] unable to get git ref: failed to identify reference (tag/branch) for the checked-out revision '65ea545567a680bc0062572f48500d9e061e1b35'
[6ab6bcc9-675f-4bef-9471-19b61a9fba38/run_tests] unable to get git ref: failed to identify reference (tag/branch) for the checked-out revision '65ea545567a680bc0062572f48500d9e061e1b35'
[6ab6bcc9-675f-4bef-9471-19b61a9fba38/run_tests] unable to get git ref: failed to identify reference (tag/branch) for the checked-out revision '65ea545567a680bc0062572f48500d9e061e1b35'
[6ab6bcc9-675f-4bef-9471-19b61a9fba38/run_tests] unable to get git ref: failed to identify reference (tag/branch) for the checked-out revision '65ea545567a680bc0062572f48500d9e061e1b35'
[6ab6bcc9-675f-4bef-9471-19b61a9fba38/run_tests] unable to get git ref: failed to identify reference (tag/branch) for the checked-out revision '65ea545567a680bc0062572f48500d9e061e1b35'
[6ab6bcc9-675f-4bef-9471-19b61a9fba38/run_tests] unable to get git ref: failed to identify reference (tag/branch) for the checked-out revision '65ea545567a680bc0062572f48500d9e061e1b35'
[6ab6bcc9-675f-4bef-9471-19b61a9fba38/run_tests] unable to get git ref: failed to identify reference (tag/branch) for the checked-out revision '65ea545567a680bc0062572f48500d9e061e1b35'
[6ab6bcc9-675f-4bef-9471-19b61a9fba38/run_tests] unable to get git ref: failed to identify reference (tag/branch) for the checked-out revision '65ea545567a680bc0062572f48500d9e061e1b35'
[6ab6bcc9-675f-4bef-9471-19b61a9fba38/run_tests] ⭐ Run Main Checkout the repository
[6ab6bcc9-675f-4bef-9471-19b61a9fba38/run_tests] unable to get git ref: failed to identify reference (tag/branch) for the checked-out revision '65ea545567a680bc0062572f48500d9e061e1b35'
[6ab6bcc9-675f-4bef-9471-19b61a9fba38/run_tests] unable to get git ref: failed to identify reference (tag/branch) for the checked-out revision '65ea545567a680bc0062572f48500d9e061e1b35'
[6ab6bcc9-675f-4bef-9471-19b61a9fba38/run_tests]   🐳  docker cp src=/tmp/8f50300a-0456-4519-85d3-ebf12f552732/. dst=/tmp/8f50300a-0456-4519-85d3-ebf12f552732
[6ab6bcc9-675f-4bef-9471-19b61a9fba38/run_tests]   🐳  docker exec cmd=[chown -R 1012:1013 /tmp/8f50300a-0456-4519-85d3-ebf12f552732] user=0 workdir=
[6ab6bcc9-675f-4bef-9471-19b61a9fba38/run_tests]   ✅  Success - Main Checkout the repository
[6ab6bcc9-675f-4bef-9471-19b61a9fba38/run_tests] unable to get git ref: failed to identify reference (tag/branch) for the checked-out revision '65ea545567a680bc0062572f48500d9e061e1b35'
[6ab6bcc9-675f-4bef-9471-19b61a9fba38/run_tests] unable to get git ref: failed to identify reference (tag/branch) for the checked-out revision '65ea545567a680bc0062572f48500d9e061e1b35'
[6ab6bcc9-675f-4bef-9471-19b61a9fba38/run_tests] unable to get git ref: failed to identify reference (tag/branch) for the checked-out revision '65ea545567a680bc0062572f48500d9e061e1b35'
[6ab6bcc9-675f-4bef-9471-19b61a9fba38/run_tests] unable to get git ref: failed to identify reference (tag/branch) for the checked-out revision '65ea545567a680bc0062572f48500d9e061e1b35'
[6ab6bcc9-675f-4bef-9471-19b61a9fba38/run_tests] unable to get git ref: failed to identify reference (tag/branch) for the checked-out revision '65ea545567a680bc0062572f48500d9e061e1b35'
[6ab6bcc9-675f-4bef-9471-19b61a9fba38/run_tests] ⭐ Run Main Set up JDK 17
[6ab6bcc9-675f-4bef-9471-19b61a9fba38/run_tests] unable to get git ref: failed to identify reference (tag/branch) for the checked-out revision '65ea545567a680bc0062572f48500d9e061e1b35'
[6ab6bcc9-675f-4bef-9471-19b61a9fba38/run_tests] unable to get git ref: failed to identify reference (tag/branch) for the checked-out revision '65ea545567a680bc0062572f48500d9e061e1b35'
[6ab6bcc9-675f-4bef-9471-19b61a9fba38/run_tests] unable to get git ref: failed to identify reference (tag/branch) for the checked-out revision '65ea545567a680bc0062572f48500d9e061e1b35'
[6ab6bcc9-675f-4bef-9471-19b61a9fba38/run_tests]   🐳  docker cp src=/tmp/act-cache/2c720674-79af-48bf-9c43-1dfcc903cc88/act/actions-setup-java@v1/ dst=/var/run/act/actions/actions-setup-java@v1/
[6ab6bcc9-675f-4bef-9471-19b61a9fba38/run_tests]   🐳  docker exec cmd=[chown -R 1012:1013 /var/run/act/actions/actions-setup-java@v1/] user=0 workdir=
[6ab6bcc9-675f-4bef-9471-19b61a9fba38/run_tests]   🐳  docker exec cmd=[node /var/run/act/actions/actions-setup-java@v1/dist/setup/index.js] user= workdir=
[6ab6bcc9-675f-4bef-9471-19b61a9fba38/run_tests]   💬  ::debug::isExplicit: 
[6ab6bcc9-675f-4bef-9471-19b61a9fba38/run_tests]   💬  ::debug::explicit? false
[6ab6bcc9-675f-4bef-9471-19b61a9fba38/run_tests]   💬  ::debug::evaluating 0 versions
[6ab6bcc9-675f-4bef-9471-19b61a9fba38/run_tests]   💬  ::debug::match not found
[6ab6bcc9-675f-4bef-9471-19b61a9fba38/run_tests]   💬  ::debug::Downloading JDK from Azul
[6ab6bcc9-675f-4bef-9471-19b61a9fba38/run_tests]   💬  ::debug::Searching for files with extension: -linux_x64.tar.gz
[6ab6bcc9-675f-4bef-9471-19b61a9fba38/run_tests]   💬  ::debug::Downloading https://static.azul.com/zulu/bin/zulu17.46.27_1-ca-crac-jdk17.0.9-linux_x64.tar.gz
[6ab6bcc9-675f-4bef-9471-19b61a9fba38/run_tests]   💬  ::debug::Downloading /tmp/c1945dba-4148-465d-bc00-a1a7d2e9934a
[6ab6bcc9-675f-4bef-9471-19b61a9fba38/run_tests]   💬  ::debug::download complete
[6ab6bcc9-675f-4bef-9471-19b61a9fba38/run_tests]   | [command]/usr/bin/tar --version
[6ab6bcc9-675f-4bef-9471-19b61a9fba38/run_tests]   | tar (GNU tar) 1.34
[6ab6bcc9-675f-4bef-9471-19b61a9fba38/run_tests]   | Copyright (C) 2021 Free Software Foundation, Inc.
[6ab6bcc9-675f-4bef-9471-19b61a9fba38/run_tests]   | License GPLv3+: GNU GPL version 3 or later <https://gnu.org/licenses/gpl.html>.
[6ab6bcc9-675f-4bef-9471-19b61a9fba38/run_tests]   | This is free software: you are free to change and redistribute it.
[6ab6bcc9-675f-4bef-9471-19b61a9fba38/run_tests]   | There is NO WARRANTY, to the extent permitted by law.
[6ab6bcc9-675f-4bef-9471-19b61a9fba38/run_tests]   | 
[6ab6bcc9-675f-4bef-9471-19b61a9fba38/run_tests]   | Written by John Gilmore and Jay Fenlason.
[6ab6bcc9-675f-4bef-9471-19b61a9fba38/run_tests]   | [command]/usr/bin/tar xz --warning=no-unknown-keyword -C /tmp/temp_1756115705 -f /tmp/c1945dba-4148-465d-bc00-a1a7d2e9934a
[6ab6bcc9-675f-4bef-9471-19b61a9fba38/run_tests]   💬  ::debug::jdk extracted to /tmp/temp_1756115705/zulu17.46.27_1-ca-crac-jdk17.0.9-linux_x64
[6ab6bcc9-675f-4bef-9471-19b61a9fba38/run_tests]   💬  ::debug::Caching tool jdk 17.0.9 x64
[6ab6bcc9-675f-4bef-9471-19b61a9fba38/run_tests]   💬  ::debug::source dir: /tmp/temp_1756115705/zulu17.46.27_1-ca-crac-jdk17.0.9-linux_x64
[6ab6bcc9-675f-4bef-9471-19b61a9fba38/run_tests]   💬  ::debug::destination /opt/hostedtoolcache/jdk/17.0.9/x64
[6ab6bcc9-675f-4bef-9471-19b61a9fba38/run_tests]   💬  ::debug::finished caching tool
[6ab6bcc9-675f-4bef-9471-19b61a9fba38/run_tests]   ❓ add-matcher /run/act/actions/actions-setup-java@v1/.github/java.json
[6ab6bcc9-675f-4bef-9471-19b61a9fba38/run_tests]   | creating settings.xml with server-id: github; environment variables: username=$GITHUB_ACTOR, password=$GITHUB_TOKEN, and gpg-passphrase=null
[6ab6bcc9-675f-4bef-9471-19b61a9fba38/run_tests]   💬  ::debug::created directory /home/runner/.m2
[6ab6bcc9-675f-4bef-9471-19b61a9fba38/run_tests]   | writing /home/runner/.m2/settings.xml
[6ab6bcc9-675f-4bef-9471-19b61a9fba38/run_tests]   ✅  Success - Main Set up JDK 17
[6ab6bcc9-675f-4bef-9471-19b61a9fba38/run_tests]   ⚙  ::set-env:: JAVA_HOME_17.0.9_x64=/opt/hostedtoolcache/jdk/17.0.9/x64
[6ab6bcc9-675f-4bef-9471-19b61a9fba38/run_tests]   ⚙  ::set-env:: JAVA_HOME=/opt/hostedtoolcache/jdk/17.0.9/x64
[6ab6bcc9-675f-4bef-9471-19b61a9fba38/run_tests]   ⚙  ::set-env:: JAVA_HOME_17_0_9_X64=/opt/hostedtoolcache/jdk/17.0.9/x64
[6ab6bcc9-675f-4bef-9471-19b61a9fba38/run_tests]   ⚙  ::set-output:: version=17.0.9
[6ab6bcc9-675f-4bef-9471-19b61a9fba38/run_tests]   ⚙  ::set-output:: path=/opt/hostedtoolcache/jdk/17.0.9/x64
[6ab6bcc9-675f-4bef-9471-19b61a9fba38/run_tests]   ⚙  ::add-path:: /opt/hostedtoolcache/jdk/17.0.9/x64/bin
[6ab6bcc9-675f-4bef-9471-19b61a9fba38/run_tests] unable to get git ref: failed to identify reference (tag/branch) for the checked-out revision '65ea545567a680bc0062572f48500d9e061e1b35'
[6ab6bcc9-675f-4bef-9471-19b61a9fba38/run_tests] unable to get git ref: failed to identify reference (tag/branch) for the checked-out revision '65ea545567a680bc0062572f48500d9e061e1b35'
[6ab6bcc9-675f-4bef-9471-19b61a9fba38/run_tests] unable to get git ref: failed to identify reference (tag/branch) for the checked-out revision '65ea545567a680bc0062572f48500d9e061e1b35'
[6ab6bcc9-675f-4bef-9471-19b61a9fba38/run_tests] unable to get git ref: failed to identify reference (tag/branch) for the checked-out revision '65ea545567a680bc0062572f48500d9e061e1b35'
[6ab6bcc9-675f-4bef-9471-19b61a9fba38/run_tests] unable to get git ref: failed to identify reference (tag/branch) for the checked-out revision '65ea545567a680bc0062572f48500d9e061e1b35'
[6ab6bcc9-675f-4bef-9471-19b61a9fba38/run_tests] ⭐ Run Main Run tests with Maven
[6ab6bcc9-675f-4bef-9471-19b61a9fba38/run_tests] unable to get git ref: failed to identify reference (tag/branch) for the checked-out revision '65ea545567a680bc0062572f48500d9e061e1b35'
[6ab6bcc9-675f-4bef-9471-19b61a9fba38/run_tests] unable to get git ref: failed to identify reference (tag/branch) for the checked-out revision '65ea545567a680bc0062572f48500d9e061e1b35'
[6ab6bcc9-675f-4bef-9471-19b61a9fba38/run_tests] unable to get git ref: failed to identify reference (tag/branch) for the checked-out revision '65ea545567a680bc0062572f48500d9e061e1b35'
[6ab6bcc9-675f-4bef-9471-19b61a9fba38/run_tests] unable to get git ref: failed to identify reference (tag/branch) for the checked-out revision '65ea545567a680bc0062572f48500d9e061e1b35'
[6ab6bcc9-675f-4bef-9471-19b61a9fba38/run_tests]   🐳  docker exec cmd=[bash --noprofile --norc -e -o pipefail /var/run/act/workflow/2] user= workdir=
[6ab6bcc9-675f-4bef-9471-19b61a9fba38/run_tests]   | [INFO] Scanning for projects...
[6ab6bcc9-675f-4bef-9471-19b61a9fba38/run_tests]   | [INFO] 
[6ab6bcc9-675f-4bef-9471-19b61a9fba38/run_tests]   | [INFO] ---------------------< org.byteskript:byteskript >----------------------
[6ab6bcc9-675f-4bef-9471-19b61a9fba38/run_tests]   | [INFO] Building ByteSkript 1.0.40
[6ab6bcc9-675f-4bef-9471-19b61a9fba38/run_tests]   | [INFO]   from pom.xml
[6ab6bcc9-675f-4bef-9471-19b61a9fba38/run_tests]   | [INFO] --------------------------------[ jar ]---------------------------------
[6ab6bcc9-675f-4bef-9471-19b61a9fba38/run_tests]   | [INFO] Downloading from central: https://repo.maven.apache.org/maven2/org/apache/maven/plugins/maven-resources-plugin/2.6/maven-resources-plugin-2.6.pom
[6ab6bcc9-675f-4bef-9471-19b61a9fba38/run_tests]   | [INFO] Downloaded from central: https://repo.maven.apache.org/maven2/org/apache/maven/plugins/maven-resources-plugin/2.6/maven-resources-plugin-2.6.pom (8.1 kB at 20 kB/s)
[6ab6bcc9-675f-4bef-9471-19b61a9fba38/run_tests]   | [INFO] Downloading from central: https://repo.maven.apache.org/maven2/org/apache/maven/plugins/maven-plugins/23/maven-plugins-23.pom
[6ab6bcc9-675f-4bef-9471-19b61a9fba38/run_tests]   | [INFO] Downloaded from central: https://repo.maven.apache.org/maven2/org/apache/maven/plugins/maven-plugins/23/maven-plugins-23.pom (9.2 kB at 438 kB/s)
[6ab6bcc9-675f-4bef-9471-19b61a9fba38/run_tests]   | [INFO] Downloading from central: https://repo.maven.apache.org/maven2/org/apache/maven/maven-parent/22/maven-parent-22.pom
[6ab6bcc9-675f-4bef-9471-19b61a9fba38/run_tests]   | [INFO] Downloaded from central: https://repo.maven.apache.org/maven2/org/apache/maven/maven-parent/22/maven-parent-22.pom (30 kB at 1.2 MB/s)
[6ab6bcc9-675f-4bef-9471-19b61a9fba38/run_tests]   | [INFO] Downloading from central: https://repo.maven.apache.org/maven2/org/apache/apache/11/apache-11.pom
[6ab6bcc9-675f-4bef-9471-19b61a9fba38/run_tests]   | [INFO] Downloaded from central: https://repo.maven.apache.org/maven2/org/apache/apache/11/apache-11.pom (15 kB at 926 kB/s)
[6ab6bcc9-675f-4bef-9471-19b61a9fba38/run_tests]   | [INFO] Downloading from central: https://repo.maven.apache.org/maven2/org/apache/maven/plugins/maven-resources-plugin/2.6/maven-resources-plugin-2.6.jar
[6ab6bcc9-675f-4bef-9471-19b61a9fba38/run_tests]   | [INFO] Downloaded from central: https://repo.maven.apache.org/maven2/org/apache/maven/plugins/maven-resources-plugin/2.6/maven-resources-plugin-2.6.jar (30 kB at 738 kB/s)
[6ab6bcc9-675f-4bef-9471-19b61a9fba38/run_tests]   | [INFO] Downloading from central: https://repo.maven.apache.org/maven2/org/apache/maven/plugins/maven-compiler-plugin/3.1/maven-compiler-plugin-3.1.pom
[6ab6bcc9-675f-4bef-9471-19b61a9fba38/run_tests]   | [INFO] Downloaded from central: https://repo.maven.apache.org/maven2/org/apache/maven/plugins/maven-compiler-plugin/3.1/maven-compiler-plugin-3.1.pom (10 kB at 729 kB/s)
[6ab6bcc9-675f-4bef-9471-19b61a9fba38/run_tests]   | [INFO] Downloading from central: https://repo.maven.apache.org/maven2/org/apache/maven/plugins/maven-plugins/24/maven-plugins-24.pom
[6ab6bcc9-675f-4bef-9471-19b61a9fba38/run_tests]   | [INFO] Downloaded from central: https://repo.maven.apache.org/maven2/org/apache/maven/plugins/maven-plugins/24/maven-plugins-24.pom (11 kB at 540 kB/s)
[6ab6bcc9-675f-4bef-9471-19b61a9fba38/run_tests]   | [INFO] Downloading from central: https://repo.maven.apache.org/maven2/org/apache/maven/maven-parent/23/maven-parent-23.pom
[6ab6bcc9-675f-4bef-9471-19b61a9fba38/run_tests]   | [INFO] Downloaded from central: https://repo.maven.apache.org/maven2/org/apache/maven/maven-parent/23/maven-parent-23.pom (33 kB at 3.0 MB/s)
[6ab6bcc9-675f-4bef-9471-19b61a9fba38/run_tests]   | [INFO] Downloading from central: https://repo.maven.apache.org/maven2/org/apache/apache/13/apache-13.pom
[6ab6bcc9-675f-4bef-9471-19b61a9fba38/run_tests]   | [INFO] Downloaded from central: https://repo.maven.apache.org/maven2/org/apache/apache/13/apache-13.pom (14 kB at 699 kB/s)
[6ab6bcc9-675f-4bef-9471-19b61a9fba38/run_tests]   | [INFO] Downloading from central: https://repo.maven.apache.org/maven2/org/apache/maven/plugins/maven-compiler-plugin/3.1/maven-compiler-plugin-3.1.jar
[6ab6bcc9-675f-4bef-9471-19b61a9fba38/run_tests]   | [INFO] Downloaded from central: https://repo.maven.apache.org/maven2/org/apache/maven/plugins/maven-compiler-plugin/3.1/maven-compiler-plugin-3.1.jar (43 kB at 3.3 MB/s)
[6ab6bcc9-675f-4bef-9471-19b61a9fba38/run_tests]   | [INFO] Downloading from central: https://repo.maven.apache.org/maven2/org/apache/maven/plugins/maven-surefire-plugin/2.12.4/maven-surefire-plugin-2.12.4.pom
[6ab6bcc9-675f-4bef-9471-19b61a9fba38/run_tests]   | [INFO] Downloaded from central: https://repo.maven.apache.org/maven2/org/apache/maven/plugins/maven-surefire-plugin/2.12.4/maven-surefire-plugin-2.12.4.pom (10 kB at 1.2 MB/s)
[6ab6bcc9-675f-4bef-9471-19b61a9fba38/run_tests]   | [INFO] Downloading from central: https://repo.maven.apache.org/maven2/org/apache/maven/surefire/surefire/2.12.4/surefire-2.12.4.pom
[6ab6bcc9-675f-4bef-9471-19b61a9fba38/run_tests]   | [INFO] Downloaded from central: https://repo.maven.apache.org/maven2/org/apache/maven/surefire/surefire/2.12.4/surefire-2.12.4.pom (14 kB at 1.5 MB/s)
[6ab6bcc9-675f-4bef-9471-19b61a9fba38/run_tests]   | [INFO] Downloading from central: https://repo.maven.apache.org/maven2/org/apache/maven/plugins/maven-surefire-plugin/2.12.4/maven-surefire-plugin-2.12.4.jar
[6ab6bcc9-675f-4bef-9471-19b61a9fba38/run_tests]   | [INFO] Downloaded from central: https://repo.maven.apache.org/maven2/org/apache/maven/plugins/maven-surefire-plugin/2.12.4/maven-surefire-plugin-2.12.4.jar (30 kB at 2.3 MB/s)
[6ab6bcc9-675f-4bef-9471-19b61a9fba38/run_tests]   | [INFO] Downloading from kenzie: https://repo.kenzie.mx/releases/mx/kenzie/foundation/1.1.7/foundation-1.1.7.pom
[6ab6bcc9-675f-4bef-9471-19b61a9fba38/run_tests]   | [INFO] Downloaded from kenzie: https://repo.kenzie.mx/releases/mx/kenzie/foundation/1.1.7/foundation-1.1.7.pom (2.8 kB at 11 kB/s)
[6ab6bcc9-675f-4bef-9471-19b61a9fba38/run_tests]   | [INFO] Downloading from kenzie: https://repo.kenzie.mx/releases/org/ow2/asm/asm/9.3/asm-9.3.pom
[6ab6bcc9-675f-4bef-9471-19b61a9fba38/run_tests]   | [INFO] Downloading from central: https://repo.maven.apache.org/maven2/org/ow2/asm/asm/9.3/asm-9.3.pom
[6ab6bcc9-675f-4bef-9471-19b61a9fba38/run_tests]   | [INFO] Downloaded from central: https://repo.maven.apache.org/maven2/org/ow2/asm/asm/9.3/asm-9.3.pom (2.4 kB at 296 kB/s)
[6ab6bcc9-675f-4bef-9471-19b61a9fba38/run_tests]   | [INFO] Downloading from kenzie: https://repo.kenzie.mx/releases/org/ow2/ow2/1.5/ow2-1.5.pom
[6ab6bcc9-675f-4bef-9471-19b61a9fba38/run_tests]   | [INFO] Downloading from central: https://repo.maven.apache.org/maven2/org/ow2/ow2/1.5/ow2-1.5.pom
[6ab6bcc9-675f-4bef-9471-19b61a9fba38/run_tests]   | [INFO] Downloaded from central: https://repo.maven.apache.org/maven2/org/ow2/ow2/1.5/ow2-1.5.pom (11 kB at 702 kB/s)
[6ab6bcc9-675f-4bef-9471-19b61a9fba38/run_tests]   | [INFO] Downloading from kenzie: https://repo.kenzie.mx/releases/mx/kenzie/mimic/1.0.0/mimic-1.0.0.pom
[6ab6bcc9-675f-4bef-9471-19b61a9fba38/run_tests]   | [INFO] Downloaded from kenzie: https://repo.kenzie.mx/releases/mx/kenzie/mimic/1.0.0/mimic-1.0.0.pom (1.7 kB at 13 kB/s)
[6ab6bcc9-675f-4bef-9471-19b61a9fba38/run_tests]   | [INFO] Downloading from kenzie: https://repo.kenzie.mx/releases/mx/kenzie/mirror/5.0.3/mirror-5.0.3.pom
[6ab6bcc9-675f-4bef-9471-19b61a9fba38/run_tests]   | [INFO] Downloaded from kenzie: https://repo.kenzie.mx/releases/mx/kenzie/mirror/5.0.3/mirror-5.0.3.pom (3.3 kB at 27 kB/s)
[6ab6bcc9-675f-4bef-9471-19b61a9fba38/run_tests]   | [INFO] Downloading from kenzie: https://repo.kenzie.mx/releases/org/ow2/asm/asm/9.2/asm-9.2.pom
[6ab6bcc9-675f-4bef-9471-19b61a9fba38/run_tests]   | [INFO] Downloading from central: https://repo.maven.apache.org/maven2/org/ow2/asm/asm/9.2/asm-9.2.pom
[6ab6bcc9-675f-4bef-9471-19b61a9fba38/run_tests]   | [INFO] Downloaded from central: https://repo.maven.apache.org/maven2/org/ow2/asm/asm/9.2/asm-9.2.pom (2.4 kB at 182 kB/s)
[6ab6bcc9-675f-4bef-9471-19b61a9fba38/run_tests]   | [INFO] Downloading from kenzie: https://repo.kenzie.mx/releases/mx/kenzie/jupiter/1.0.2/jupiter-1.0.2.pom
[6ab6bcc9-675f-4bef-9471-19b61a9fba38/run_tests]   | [INFO] Downloaded from kenzie: https://repo.kenzie.mx/releases/mx/kenzie/jupiter/1.0.2/jupiter-1.0.2.pom (1.6 kB at 12 kB/s)
[6ab6bcc9-675f-4bef-9471-19b61a9fba38/run_tests]   | [INFO] Downloading from kenzie: https://repo.kenzie.mx/releases/mx/kenzie/autodocs/1.0.2/autodocs-1.0.2.pom
[6ab6bcc9-675f-4bef-9471-19b61a9fba38/run_tests]   | [INFO] Downloaded from kenzie: https://repo.kenzie.mx/releases/mx/kenzie/autodocs/1.0.2/autodocs-1.0.2.pom (2.0 kB at 16 kB/s)
[6ab6bcc9-675f-4bef-9471-19b61a9fba38/run_tests]   | [INFO] Downloading from kenzie: https://repo.kenzie.mx/releases/org/commonmark/commonmark/0.18.1/commonmark-0.18.1.pom
[6ab6bcc9-675f-4bef-9471-19b61a9fba38/run_tests]   | [INFO] Downloading from central: https://repo.maven.apache.org/maven2/org/commonmark/commonmark/0.18.1/commonmark-0.18.1.pom
[6ab6bcc9-675f-4bef-9471-19b61a9fba38/run_tests]   | [INFO] Downloaded from central: https://repo.maven.apache.org/maven2/org/commonmark/commonmark/0.18.1/commonmark-0.18.1.pom (2.7 kB at 170 kB/s)
[6ab6bcc9-675f-4bef-9471-19b61a9fba38/run_tests]   | [INFO] Downloading from kenzie: https://repo.kenzie.mx/releases/org/commonmark/commonmark-parent/0.18.1/commonmark-parent-0.18.1.pom
[6ab6bcc9-675f-4bef-9471-19b61a9fba38/run_tests]   | [INFO] Downloading from central: https://repo.maven.apache.org/maven2/org/commonmark/commonmark-parent/0.18.1/commonmark-parent-0.18.1.pom
[6ab6bcc9-675f-4bef-9471-19b61a9fba38/run_tests]   | [INFO] Downloaded from central: https://repo.maven.apache.org/maven2/org/commonmark/commonmark-parent/0.18.1/commonmark-parent-0.18.1.pom (12 kB at 1.1 MB/s)
[6ab6bcc9-675f-4bef-9471-19b61a9fba38/run_tests]   | [INFO] Downloading from kenzie: https://repo.kenzie.mx/releases/org/jetbrains/annotations/23.0.0/annotations-23.0.0.pom
[6ab6bcc9-675f-4bef-9471-19b61a9fba38/run_tests]   | [INFO] Downloading from central: https://repo.maven.apache.org/maven2/org/jetbrains/annotations/23.0.0/annotations-23.0.0.pom
[6ab6bcc9-675f-4bef-9471-19b61a9fba38/run_tests]   | [INFO] Downloaded from central: https://repo.maven.apache.org/maven2/org/jetbrains/annotations/23.0.0/annotations-23.0.0.pom (1.4 kB at 80 kB/s)
[6ab6bcc9-675f-4bef-9471-19b61a9fba38/run_tests]   | [INFO] Downloading from kenzie: https://repo.kenzie.mx/releases/junit/junit/4.13.2/junit-4.13.2.pom
[6ab6bcc9-675f-4bef-9471-19b61a9fba38/run_tests]   | [INFO] Downloading from central: https://repo.maven.apache.org/maven2/junit/junit/4.13.2/junit-4.13.2.pom
[6ab6bcc9-675f-4bef-9471-19b61a9fba38/run_tests]   | [INFO] Downloaded from central: https://repo.maven.apache.org/maven2/junit/junit/4.13.2/junit-4.13.2.pom (27 kB at 2.3 MB/s)
[6ab6bcc9-675f-4bef-9471-19b61a9fba38/run_tests]   | [INFO] Downloading from kenzie: https://repo.kenzie.mx/releases/org/hamcrest/hamcrest-core/1.3/hamcrest-core-1.3.pom
[6ab6bcc9-675f-4bef-9471-19b61a9fba38/run_tests]   | [INFO] Downloading from central: https://repo.maven.apache.org/maven2/org/hamcrest/hamcrest-core/1.3/hamcrest-core-1.3.pom
[6ab6bcc9-675f-4bef-9471-19b61a9fba38/run_tests]   | [INFO] Downloaded from central: https://repo.maven.apache.org/maven2/org/hamcrest/hamcrest-core/1.3/hamcrest-core-1.3.pom (766 B at 85 kB/s)
[6ab6bcc9-675f-4bef-9471-19b61a9fba38/run_tests]   | [INFO] Downloading from kenzie: https://repo.kenzie.mx/releases/org/hamcrest/hamcrest-parent/1.3/hamcrest-parent-1.3.pom
[6ab6bcc9-675f-4bef-9471-19b61a9fba38/run_tests]   | [INFO] Downloading from central: https://repo.maven.apache.org/maven2/org/hamcrest/hamcrest-parent/1.3/hamcrest-parent-1.3.pom
[6ab6bcc9-675f-4bef-9471-19b61a9fba38/run_tests]   | [INFO] Downloaded from central: https://repo.maven.apache.org/maven2/org/hamcrest/hamcrest-parent/1.3/hamcrest-parent-1.3.pom (2.0 kB at 219 kB/s)
[6ab6bcc9-675f-4bef-9471-19b61a9fba38/run_tests]   | [INFO] Downloading from kenzie: https://repo.kenzie.mx/releases/mx/kenzie/foundation/1.1.7/foundation-1.1.7.jar
[6ab6bcc9-675f-4bef-9471-19b61a9fba38/run_tests]   | [INFO] Downloading from kenzie: https://repo.kenzie.mx/releases/org/ow2/asm/asm/9.3/asm-9.3.jar
[6ab6bcc9-675f-4bef-9471-19b61a9fba38/run_tests]   | [INFO] Downloading from kenzie: https://repo.kenzie.mx/releases/mx/kenzie/mimic/1.0.0/mimic-1.0.0.jar
[6ab6bcc9-675f-4bef-9471-19b61a9fba38/run_tests]   | [INFO] Downloading from kenzie: https://repo.kenzie.mx/releases/mx/kenzie/mirror/5.0.3/mirror-5.0.3.jar
[6ab6bcc9-675f-4bef-9471-19b61a9fba38/run_tests]   | [INFO] Downloading from kenzie: https://repo.kenzie.mx/releases/mx/kenzie/jupiter/1.0.2/jupiter-1.0.2.jar
[6ab6bcc9-675f-4bef-9471-19b61a9fba38/run_tests]   | [INFO] Downloading from kenzie: https://repo.kenzie.mx/releases/mx/kenzie/autodocs/1.0.2/autodocs-1.0.2.jar
[6ab6bcc9-675f-4bef-9471-19b61a9fba38/run_tests]   | [INFO] Downloaded from kenzie: https://repo.kenzie.mx/releases/mx/kenzie/mimic/1.0.0/mimic-1.0.0.jar (14 kB at 73 kB/s)
[6ab6bcc9-675f-4bef-9471-19b61a9fba38/run_tests]   | [INFO] Downloading from kenzie: https://repo.kenzie.mx/releases/org/commonmark/commonmark/0.18.1/commonmark-0.18.1.jar
[6ab6bcc9-675f-4bef-9471-19b61a9fba38/run_tests]   | [INFO] Downloading from kenzie: https://repo.kenzie.mx/releases/org/jetbrains/annotations/23.0.0/annotations-23.0.0.jar
[6ab6bcc9-675f-4bef-9471-19b61a9fba38/run_tests]   | [INFO] Downloaded from kenzie: https://repo.kenzie.mx/releases/mx/kenzie/foundation/1.1.7/foundation-1.1.7.jar (69 kB at 309 kB/s)
[6ab6bcc9-675f-4bef-9471-19b61a9fba38/run_tests]   | [INFO] Downloading from kenzie: https://repo.kenzie.mx/releases/junit/junit/4.13.2/junit-4.13.2.jar
[6ab6bcc9-675f-4bef-9471-19b61a9fba38/run_tests]   | [INFO] Downloading from kenzie: https://repo.kenzie.mx/releases/org/hamcrest/hamcrest-core/1.3/hamcrest-core-1.3.jar
[6ab6bcc9-675f-4bef-9471-19b61a9fba38/run_tests]   | [INFO] Downloaded from kenzie: https://repo.kenzie.mx/releases/mx/kenzie/autodocs/1.0.2/autodocs-1.0.2.jar (98 kB at 404 kB/s)
[6ab6bcc9-675f-4bef-9471-19b61a9fba38/run_tests]   | [INFO] Downloaded from kenzie: https://repo.kenzie.mx/releases/mx/kenzie/jupiter/1.0.2/jupiter-1.0.2.jar (34 kB at 131 kB/s)
[6ab6bcc9-675f-4bef-9471-19b61a9fba38/run_tests]   | [INFO] Downloaded from kenzie: https://repo.kenzie.mx/releases/mx/kenzie/mirror/5.0.3/mirror-5.0.3.jar (46 kB at 151 kB/s)
[6ab6bcc9-675f-4bef-9471-19b61a9fba38/run_tests]   | [INFO] Downloading from central: https://repo.maven.apache.org/maven2/org/ow2/asm/asm/9.3/asm-9.3.jar
[6ab6bcc9-675f-4bef-9471-19b61a9fba38/run_tests]   | [INFO] Downloading from central: https://repo.maven.apache.org/maven2/org/commonmark/commonmark/0.18.1/commonmark-0.18.1.jar
[6ab6bcc9-675f-4bef-9471-19b61a9fba38/run_tests]   | [INFO] Downloading from central: https://repo.maven.apache.org/maven2/org/jetbrains/annotations/23.0.0/annotations-23.0.0.jar
[6ab6bcc9-675f-4bef-9471-19b61a9fba38/run_tests]   | [INFO] Downloading from central: https://repo.maven.apache.org/maven2/junit/junit/4.13.2/junit-4.13.2.jar
[6ab6bcc9-675f-4bef-9471-19b61a9fba38/run_tests]   | [INFO] Downloading from central: https://repo.maven.apache.org/maven2/org/hamcrest/hamcrest-core/1.3/hamcrest-core-1.3.jar
[6ab6bcc9-675f-4bef-9471-19b61a9fba38/run_tests]   | [INFO] Downloaded from central: https://repo.maven.apache.org/maven2/org/commonmark/commonmark/0.18.1/commonmark-0.18.1.jar (168 kB at 2.2 MB/s)
[6ab6bcc9-675f-4bef-9471-19b61a9fba38/run_tests]   | [INFO] Downloaded from central: https://repo.maven.apache.org/maven2/org/hamcrest/hamcrest-core/1.3/hamcrest-core-1.3.jar (45 kB at 437 kB/s)
[6ab6bcc9-675f-4bef-9471-19b61a9fba38/run_tests]   | [INFO] Downloaded from central: https://repo.maven.apache.org/maven2/junit/junit/4.13.2/junit-4.13.2.jar (385 kB at 2.0 MB/s)
[6ab6bcc9-675f-4bef-9471-19b61a9fba38/run_tests]   | [INFO] Downloaded from central: https://repo.maven.apache.org/maven2/org/jetbrains/annotations/23.0.0/annotations-23.0.0.jar (29 kB at 151 kB/s)
[6ab6bcc9-675f-4bef-9471-19b61a9fba38/run_tests]   | [INFO] Downloaded from central: https://repo.maven.apache.org/maven2/org/ow2/asm/asm/9.3/asm-9.3.jar (122 kB at 590 kB/s)
[6ab6bcc9-675f-4bef-9471-19b61a9fba38/run_tests]   | [INFO] 
[6ab6bcc9-675f-4bef-9471-19b61a9fba38/run_tests]   | [INFO] --- maven-resources-plugin:2.6:resources (default-resources) @ byteskript ---
[6ab6bcc9-675f-4bef-9471-19b61a9fba38/run_tests]   | [INFO] Downloading from central: https://repo.maven.apache.org/maven2/org/apache/maven/maven-plugin-api/2.0.6/maven-plugin-api-2.0.6.pom
[6ab6bcc9-675f-4bef-9471-19b61a9fba38/run_tests]   | [INFO] Downloaded from central: https://repo.maven.apache.org/maven2/org/apache/maven/maven-plugin-api/2.0.6/maven-plugin-api-2.0.6.pom (1.5 kB at 48 kB/s)
[6ab6bcc9-675f-4bef-9471-19b61a9fba38/run_tests]   | [INFO] Downloading from central: https://repo.maven.apache.org/maven2/org/apache/maven/maven/2.0.6/maven-2.0.6.pom
[6ab6bcc9-675f-4bef-9471-19b61a9fba38/run_tests]   | [INFO] Downloaded from central: https://repo.maven.apache.org/maven2/org/apache/maven/maven/2.0.6/maven-2.0.6.pom (9.0 kB at 312 kB/s)
[6ab6bcc9-675f-4bef-9471-19b61a9fba38/run_tests]   | [INFO] Downloading from central: https://repo.maven.apache.org/maven2/org/apache/maven/maven-parent/5/maven-parent-5.pom
[6ab6bcc9-675f-4bef-9471-19b61a9fba38/run_tests]   | [INFO] Downloaded from central: https://repo.maven.apache.org/maven2/org/apache/maven/maven-parent/5/maven-parent-5.pom (15 kB at 635 kB/s)
[6ab6bcc9-675f-4bef-9471-19b61a9fba38/run_tests]   | [INFO] Downloading from central: https://repo.maven.apache.org/maven2/org/apache/apache/3/apache-3.pom
[6ab6bcc9-675f-4bef-9471-19b61a9fba38/run_tests]   | [INFO] Downloaded from central: https://repo.maven.apache.org/maven2/org/apache/apache/3/apache-3.pom (3.4 kB at 286 kB/s)
[6ab6bcc9-675f-4bef-9471-19b61a9fba38/run_tests]   | [INFO] Downloading from central: https://repo.maven.apache.org/maven2/org/apache/maven/maven-project/2.0.6/maven-project-2.0.6.pom
[6ab6bcc9-675f-4bef-9471-19b61a9fba38/run_tests]   | [INFO] Downloaded from central: https://repo.maven.apache.org/maven2/org/apache/maven/maven-project/2.0.6/maven-project-2.0.6.pom (2.6 kB at 146 kB/s)
[6ab6bcc9-675f-4bef-9471-19b61a9fba38/run_tests]   | [INFO] Downloading from central: https://repo.maven.apache.org/maven2/org/apache/maven/maven-settings/2.0.6/maven-settings-2.0.6.pom
[6ab6bcc9-675f-4bef-9471-19b61a9fba38/run_tests]   | [INFO] Downloaded from central: https://repo.maven.apache.org/maven2/org/apache/maven/maven-settings/2.0.6/maven-settings-2.0.6.pom (2.0 kB at 222 kB/s)
[6ab6bcc9-675f-4bef-9471-19b61a9fba38/run_tests]   | [INFO] Downloading from central: https://repo.maven.apache.org/maven2/org/apache/maven/maven-model/2.0.6/maven-model-2.0.6.pom
[6ab6bcc9-675f-4bef-9471-19b61a9fba38/run_tests]   | [INFO] Downloaded from central: https://repo.maven.apache.org/maven2/org/apache/maven/maven-model/2.0.6/maven-model-2.0.6.pom (3.0 kB at 339 kB/s)
[6ab6bcc9-675f-4bef-9471-19b61a9fba38/run_tests]   | [INFO] Downloading from central: https://repo.maven.apache.org/maven2/org/codehaus/plexus/plexus-utils/1.4.1/plexus-utils-1.4.1.pom
[6ab6bcc9-675f-4bef-9471-19b61a9fba38/run_tests]   | [INFO] Downloaded from central: https://repo.maven.apache.org/maven2/org/codehaus/plexus/plexus-utils/1.4.1/plexus-utils-1.4.1.pom (1.9 kB at 212 kB/s)
[6ab6bcc9-675f-4bef-9471-19b61a9fba38/run_tests]   | [INFO] Downloading from central: https://repo.maven.apache.org/maven2/org/codehaus/plexus/plexus/1.0.11/plexus-1.0.11.pom
[6ab6bcc9-675f-4bef-9471-19b61a9fba38/run_tests]   | [INFO] Downloaded from central: https://repo.maven.apache.org/maven2/org/codehaus/plexus/plexus/1.0.11/plexus-1.0.11.pom (9.0 kB at 528 kB/s)
[6ab6bcc9-675f-4bef-9471-19b61a9fba38/run_tests]   | [INFO] Downloading from central: https://repo.maven.apache.org/maven2/org/codehaus/plexus/plexus-container-default/1.0-alpha-9-stable-1/plexus-container-default-1.0-alpha-9-stable-1.pom
[6ab6bcc9-675f-4bef-9471-19b61a9fba38/run_tests]   | [INFO] Downloaded from central: https://repo.maven.apache.org/maven2/org/codehaus/plexus/plexus-container-default/1.0-alpha-9-stable-1/plexus-container-default-1.0-alpha-9-stable-1.pom (3.9 kB at 439 kB/s)
[6ab6bcc9-675f-4bef-9471-19b61a9fba38/run_tests]   | [INFO] Downloading from central: https://repo.maven.apache.org/maven2/org/codehaus/plexus/plexus-containers/1.0.3/plexus-containers-1.0.3.pom
[6ab6bcc9-675f-4bef-9471-19b61a9fba38/run_tests]   | [INFO] Downloaded from central: https://repo.maven.apache.org/maven2/org/codehaus/plexus/plexus-containers/1.0.3/plexus-containers-1.0.3.pom (492 B at 49 kB/s)
[6ab6bcc9-675f-4bef-9471-19b61a9fba38/run_tests]   | [INFO] Downloading from central: https://repo.maven.apache.org/maven2/org/codehaus/plexus/plexus/1.0.4/plexus-1.0.4.pom
[6ab6bcc9-675f-4bef-9471-19b61a9fba38/run_tests]   | [INFO] Downloaded from central: https://repo.maven.apache.org/maven2/org/codehaus/plexus/plexus/1.0.4/plexus-1.0.4.pom (5.7 kB at 717 kB/s)
[6ab6bcc9-675f-4bef-9471-19b61a9fba38/run_tests]   | [INFO] Downloading from central: https://repo.maven.apache.org/maven2/junit/junit/3.8.1/junit-3.8.1.pom
[6ab6bcc9-675f-4bef-9471-19b61a9fba38/run_tests]   | [INFO] Downloaded from central: https://repo.maven.apache.org/maven2/junit/junit/3.8.1/junit-3.8.1.pom (998 B at 67 kB/s)
[6ab6bcc9-675f-4bef-9471-19b61a9fba38/run_tests]   | [INFO] Downloading from central: https://repo.maven.apache.org/maven2/org/codehaus/plexus/plexus-utils/1.0.4/plexus-utils-1.0.4.pom
[6ab6bcc9-675f-4bef-9471-19b61a9fba38/run_tests]   | [INFO] Downloaded from central: https://repo.maven.apache.org/maven2/org/codehaus/plexus/plexus-utils/1.0.4/plexus-utils-1.0.4.pom (6.9 kB at 762 kB/s)
[6ab6bcc9-675f-4bef-9471-19b61a9fba38/run_tests]   | [INFO] Downloading from central: https://repo.maven.apache.org/maven2/classworlds/classworlds/1.1-alpha-2/classworlds-1.1-alpha-2.pom
[6ab6bcc9-675f-4bef-9471-19b61a9fba38/run_tests]   | [INFO] Downloaded from central: https://repo.maven.apache.org/maven2/classworlds/classworlds/1.1-alpha-2/classworlds-1.1-alpha-2.pom (3.1 kB at 348 kB/s)
[6ab6bcc9-675f-4bef-9471-19b61a9fba38/run_tests]   | [INFO] Downloading from central: https://repo.maven.apache.org/maven2/org/apache/maven/maven-profile/2.0.6/maven-profile-2.0.6.pom
[6ab6bcc9-675f-4bef-9471-19b61a9fba38/run_tests]   | [INFO] Downloaded from central: https://repo.maven.apache.org/maven2/org/apache/maven/maven-profile/2.0.6/maven-profile-2.0.6.pom (2.0 kB at 116 kB/s)
[6ab6bcc9-675f-4bef-9471-19b61a9fba38/run_tests]   | [INFO] Downloading from central: https://repo.maven.apache.org/maven2/org/apache/maven/maven-artifact-manager/2.0.6/maven-artifact-manager-2.0.6.pom
[6ab6bcc9-675f-4bef-9471-19b61a9fba38/run_tests]   | [INFO] Downloaded from central: https://repo.maven.apache.org/maven2/org/apache/maven/maven-artifact-manager/2.0.6/maven-artifact-manager-2.0.6.pom (2.6 kB at 202 kB/s)
[6ab6bcc9-675f-4bef-9471-19b61a9fba38/run_tests]   | [INFO] Downloading from central: https://repo.maven.apache.org/maven2/org/apache/maven/maven-repository-metadata/2.0.6/maven-repository-metadata-2.0.6.pom
[6ab6bcc9-675f-4bef-9471-19b61a9fba38/run_tests]   | [INFO] Downloaded from central: https://repo.maven.apache.org/maven2/org/apache/maven/maven-repository-metadata/2.0.6/maven-repository-metadata-2.0.6.pom (1.9 kB at 103 kB/s)
[6ab6bcc9-675f-4bef-9471-19b61a9fba38/run_tests]   | [INFO] Downloading from central: https://repo.maven.apache.org/maven2/org/apache/maven/maven-artifact/2.0.6/maven-artifact-2.0.6.pom
[6ab6bcc9-675f-4bef-9471-19b61a9fba38/run_tests]   | [INFO] Downloaded from central: https://repo.maven.apache.org/maven2/org/apache/maven/maven-artifact/2.0.6/maven-artifact-2.0.6.pom (1.6 kB at 113 kB/s)
[6ab6bcc9-675f-4bef-9471-19b61a9fba38/run_tests]   | [INFO] Downloading from central: https://repo.maven.apache.org/maven2/org/apache/maven/maven-plugin-registry/2.0.6/maven-plugin-registry-2.0.6.pom
[6ab6bcc9-675f-4bef-9471-19b61a9fba38/run_tests]   | [INFO] Downloaded from central: https://repo.maven.apache.org/maven2/org/apache/maven/maven-plugin-registry/2.0.6/maven-plugin-registry-2.0.6.pom (1.9 kB at 81 kB/s)
[6ab6bcc9-675f-4bef-9471-19b61a9fba38/run_tests]   | [INFO] Downloading from central: https://repo.maven.apache.org/maven2/org/apache/maven/maven-core/2.0.6/maven-core-2.0.6.pom
[6ab6bcc9-675f-4bef-9471-19b61a9fba38/run_tests]   | [INFO] Downloaded from central: https://repo.maven.apache.org/maven2/org/apache/maven/maven-core/2.0.6/maven-core-2.0.6.pom (6.7 kB at 280 kB/s)
[6ab6bcc9-675f-4bef-9471-19b61a9fba38/run_tests]   | [INFO] Downloading from central: https://repo.maven.apache.org/maven2/org/apache/maven/maven-plugin-parameter-documenter/2.0.6/maven-plugin-parameter-documenter-2.0.6.pom
[6ab6bcc9-675f-4bef-9471-19b61a9fba38/run_tests]   | [INFO] Downloaded from central: https://repo.maven.apache.org/maven2/org/apache/maven/maven-plugin-parameter-documenter/2.0.6/maven-plugin-parameter-documenter-2.0.6.pom (1.9 kB at 91 kB/s)
[6ab6bcc9-675f-4bef-9471-19b61a9fba38/run_tests]   | [INFO] Downloading from central: https://repo.maven.apache.org/maven2/org/apache/maven/reporting/maven-reporting-api/2.0.6/maven-reporting-api-2.0.6.pom
[6ab6bcc9-675f-4bef-9471-19b61a9fba38/run_tests]   | [INFO] Downloaded from central: https://repo.maven.apache.org/maven2/org/apache/maven/reporting/maven-reporting-api/2.0.6/maven-reporting-api-2.0.6.pom (1.8 kB at 146 kB/s)
[6ab6bcc9-675f-4bef-9471-19b61a9fba38/run_tests]   | [INFO] Downloading from central: https://repo.maven.apache.org/maven2/org/apache/maven/reporting/maven-reporting/2.0.6/maven-reporting-2.0.6.pom
[6ab6bcc9-675f-4bef-9471-19b61a9fba38/run_tests]   | [INFO] Downloaded from central: https://repo.maven.apache.org/maven2/org/apache/maven/reporting/maven-reporting/2.0.6/maven-reporting-2.0.6.pom (1.4 kB at 90 kB/s)
[6ab6bcc9-675f-4bef-9471-19b61a9fba38/run_tests]   | [INFO] Downloading from central: https://repo.maven.apache.org/maven2/org/apache/maven/doxia/doxia-sink-api/1.0-alpha-7/doxia-sink-api-1.0-alpha-7.pom
[6ab6bcc9-675f-4bef-9471-19b61a9fba38/run_tests]   | [INFO] Downloaded from central: https://repo.maven.apache.org/maven2/org/apache/maven/doxia/doxia-sink-api/1.0-alpha-7/doxia-sink-api-1.0-alpha-7.pom (424 B at 24 kB/s)
[6ab6bcc9-675f-4bef-9471-19b61a9fba38/run_tests]   | [INFO] Downloading from central: https://repo.maven.apache.org/maven2/org/apache/maven/doxia/doxia/1.0-alpha-7/doxia-1.0-alpha-7.pom
[6ab6bcc9-675f-4bef-9471-19b61a9fba38/run_tests]   | [INFO] Downloaded from central: https://repo.maven.apache.org/maven2/org/apache/maven/doxia/doxia/1.0-alpha-7/doxia-1.0-alpha-7.pom (3.9 kB at 261 kB/s)
[6ab6bcc9-675f-4bef-9471-19b61a9fba38/run_tests]   | [INFO] Downloading from central: https://repo.maven.apache.org/maven2/org/apache/maven/maven-error-diagnostics/2.0.6/maven-error-diagnostics-2.0.6.pom
[6ab6bcc9-675f-4bef-9471-19b61a9fba38/run_tests]   | [INFO] Downloaded from central: https://repo.maven.apache.org/maven2/org/apache/maven/maven-error-diagnostics/2.0.6/maven-error-diagnostics-2.0.6.pom (1.7 kB at 95 kB/s)
[6ab6bcc9-675f-4bef-9471-19b61a9fba38/run_tests]   | [INFO] Downloading from central: https://repo.maven.apache.org/maven2/commons-cli/commons-cli/1.0/commons-cli-1.0.pom
[6ab6bcc9-675f-4bef-9471-19b61a9fba38/run_tests]   | [INFO] Downloaded from central: https://repo.maven.apache.org/maven2/commons-cli/commons-cli/1.0/commons-cli-1.0.pom (2.1 kB at 100 kB/s)
[6ab6bcc9-675f-4bef-9471-19b61a9fba38/run_tests]   | [INFO] Downloading from central: https://repo.maven.apache.org/maven2/org/apache/maven/maven-plugin-descriptor/2.0.6/maven-plugin-descriptor-2.0.6.pom
[6ab6bcc9-675f-4bef-9471-19b61a9fba38/run_tests]   | [INFO] Downloaded from central: https://repo.maven.apache.org/maven2/org/apache/maven/maven-plugin-descriptor/2.0.6/maven-plugin-descriptor-2.0.6.pom (2.0 kB at 106 kB/s)
[6ab6bcc9-675f-4bef-9471-19b61a9fba38/run_tests]   | [INFO] Downloading from central: https://repo.maven.apache.org/maven2/org/codehaus/plexus/plexus-interactivity-api/1.0-alpha-4/plexus-interactivity-api-1.0-alpha-4.pom
[6ab6bcc9-675f-4bef-9471-19b61a9fba38/run_tests]   | [INFO] Downloaded from central: https://repo.maven.apache.org/maven2/org/codehaus/plexus/plexus-interactivity-api/1.0-alpha-4/plexus-interactivity-api-1.0-alpha-4.pom (7.1 kB at 222 kB/s)
[6ab6bcc9-675f-4bef-9471-19b61a9fba38/run_tests]   | [INFO] Downloading from central: https://repo.maven.apache.org/maven2/org/apache/maven/maven-monitor/2.0.6/maven-monitor-2.0.6.pom
[6ab6bcc9-675f-4bef-9471-19b61a9fba38/run_tests]   | [INFO] Downloaded from central: https://repo.maven.apache.org/maven2/org/apache/maven/maven-monitor/2.0.6/maven-monitor-2.0.6.pom (1.3 kB at 39 kB/s)
[6ab6bcc9-675f-4bef-9471-19b61a9fba38/run_tests]   | [INFO] Downloading from central: https://repo.maven.apache.org/maven2/classworlds/classworlds/1.1/classworlds-1.1.pom
[6ab6bcc9-675f-4bef-9471-19b61a9fba38/run_tests]   | [INFO] Downloaded from central: https://repo.maven.apache.org/maven2/classworlds/classworlds/1.1/classworlds-1.1.pom (3.3 kB at 302 kB/s)
[6ab6bcc9-675f-4bef-9471-19b61a9fba38/run_tests]   | [INFO] Downloading from central: https://repo.maven.apache.org/maven2/org/codehaus/plexus/plexus-utils/2.0.5/plexus-utils-2.0.5.pom
[6ab6bcc9-675f-4bef-9471-19b61a9fba38/run_tests]   | [INFO] Downloaded from central: https://repo.maven.apache.org/maven2/org/codehaus/plexus/plexus-utils/2.0.5/plexus-utils-2.0.5.pom (3.3 kB at 208 kB/s)
[6ab6bcc9-675f-4bef-9471-19b61a9fba38/run_tests]   | [INFO] Downloading from central: https://repo.maven.apache.org/maven2/org/codehaus/plexus/plexus/2.0.6/plexus-2.0.6.pom
[6ab6bcc9-675f-4bef-9471-19b61a9fba38/run_tests]   | [INFO] Downloaded from central: https://repo.maven.apache.org/maven2/org/codehaus/plexus/plexus/2.0.6/plexus-2.0.6.pom (17 kB at 798 kB/s)
[6ab6bcc9-675f-4bef-9471-19b61a9fba38/run_tests]   | [INFO] Downloading from central: https://repo.maven.apache.org/maven2/org/apache/maven/shared/maven-filtering/1.1/maven-filtering-1.1.pom
[6ab6bcc9-675f-4bef-9471-19b61a9fba38/run_tests]   | [INFO] Downloaded from central: https://repo.maven.apache.org/maven2/org/apache/maven/shared/maven-filtering/1.1/maven-filtering-1.1.pom (5.8 kB at 289 kB/s)
[6ab6bcc9-675f-4bef-9471-19b61a9fba38/run_tests]   | [INFO] Downloading from central: https://repo.maven.apache.org/maven2/org/apache/maven/shared/maven-shared-components/17/maven-shared-components-17.pom
[6ab6bcc9-675f-4bef-9471-19b61a9fba38/run_tests]   | [INFO] Downloaded from central: https://repo.maven.apache.org/maven2/org/apache/maven/shared/maven-shared-components/17/maven-shared-components-17.pom (8.7 kB at 458 kB/s)
[6ab6bcc9-675f-4bef-9471-19b61a9fba38/run_tests]   | [INFO] Downloading from central: https://repo.maven.apache.org/maven2/org/apache/maven/maven-parent/21/maven-parent-21.pom
[6ab6bcc9-675f-4bef-9471-19b61a9fba38/run_tests]   | [INFO] Downloaded from central: https://repo.maven.apache.org/maven2/org/apache/maven/maven-parent/21/maven-parent-21.pom (26 kB at 2.4 MB/s)
[6ab6bcc9-675f-4bef-9471-19b61a9fba38/run_tests]   | [INFO] Downloading from central: https://repo.maven.apache.org/maven2/org/apache/apache/10/apache-10.pom
[6ab6bcc9-675f-4bef-9471-19b61a9fba38/run_tests]   | [INFO] Downloaded from central: https://repo.maven.apache.org/maven2/org/apache/apache/10/apache-10.pom (15 kB at 1.1 MB/s)
[6ab6bcc9-675f-4bef-9471-19b61a9fba38/run_tests]   | [INFO] Downloading from central: https://repo.maven.apache.org/maven2/org/codehaus/plexus/plexus-utils/1.5.15/plexus-utils-1.5.15.pom
[6ab6bcc9-675f-4bef-9471-19b61a9fba38/run_tests]   | [INFO] Downloaded from central: https://repo.maven.apache.org/maven2/org/codehaus/plexus/plexus-utils/1.5.15/plexus-utils-1.5.15.pom (6.8 kB at 489 kB/s)
[6ab6bcc9-675f-4bef-9471-19b61a9fba38/run_tests]   | [INFO] Downloading from central: https://repo.maven.apache.org/maven2/org/codehaus/plexus/plexus/2.0.2/plexus-2.0.2.pom
[6ab6bcc9-675f-4bef-9471-19b61a9fba38/run_tests]   | [INFO] Downloaded from central: https://repo.maven.apache.org/maven2/org/codehaus/plexus/plexus/2.0.2/plexus-2.0.2.pom (12 kB at 829 kB/s)
[6ab6bcc9-675f-4bef-9471-19b61a9fba38/run_tests]   | [INFO] Downloading from central: https://repo.maven.apache.org/maven2/org/codehaus/plexus/plexus-interpolation/1.12/plexus-interpolation-1.12.pom
[6ab6bcc9-675f-4bef-9471-19b61a9fba38/run_tests]   | [INFO] Downloaded from central: https://repo.maven.apache.org/maven2/org/codehaus/plexus/plexus-interpolation/1.12/plexus-interpolation-1.12.pom (889 B at 36 kB/s)
[6ab6bcc9-675f-4bef-9471-19b61a9fba38/run_tests]   | [INFO] Downloading from central: https://repo.maven.apache.org/maven2/org/codehaus/plexus/plexus-components/1.1.14/plexus-components-1.1.14.pom
[6ab6bcc9-675f-4bef-9471-19b61a9fba38/run_tests]   | [INFO] Downloaded from central: https://repo.maven.apache.org/maven2/org/codehaus/plexus/plexus-components/1.1.14/plexus-components-1.1.14.pom (5.8 kB at 531 kB/s)
[6ab6bcc9-675f-4bef-9471-19b61a9fba38/run_tests]   | [INFO] Downloading from central: https://repo.maven.apache.org/maven2/org/sonatype/plexus/plexus-build-api/0.0.4/plexus-build-api-0.0.4.pom
[6ab6bcc9-675f-4bef-9471-19b61a9fba38/run_tests]   | [INFO] Downloaded from central: https://repo.maven.apache.org/maven2/org/sonatype/plexus/plexus-build-api/0.0.4/plexus-build-api-0.0.4.pom (2.9 kB at 260 kB/s)
[6ab6bcc9-675f-4bef-9471-19b61a9fba38/run_tests]   | [INFO] Downloading from central: https://repo.maven.apache.org/maven2/org/sonatype/spice/spice-parent/10/spice-parent-10.pom
[6ab6bcc9-675f-4bef-9471-19b61a9fba38/run_tests]   | [INFO] Downloaded from central: https://repo.maven.apache.org/maven2/org/sonatype/spice/spice-parent/10/spice-parent-10.pom (3.0 kB at 201 kB/s)
[6ab6bcc9-675f-4bef-9471-19b61a9fba38/run_tests]   | [INFO] Downloading from central: https://repo.maven.apache.org/maven2/org/sonatype/forge/forge-parent/3/forge-parent-3.pom
[6ab6bcc9-675f-4bef-9471-19b61a9fba38/run_tests]   | [INFO] Downloaded from central: https://repo.maven.apache.org/maven2/org/sonatype/forge/forge-parent/3/forge-parent-3.pom (5.0 kB at 559 kB/s)
[6ab6bcc9-675f-4bef-9471-19b61a9fba38/run_tests]   | [INFO] Downloading from central: https://repo.maven.apache.org/maven2/org/codehaus/plexus/plexus-utils/1.5.8/plexus-utils-1.5.8.pom
[6ab6bcc9-675f-4bef-9471-19b61a9fba38/run_tests]   | [INFO] Downloaded from central: https://repo.maven.apache.org/maven2/org/codehaus/plexus/plexus-utils/1.5.8/plexus-utils-1.5.8.pom (8.1 kB at 1.0 MB/s)
[6ab6bcc9-675f-4bef-9471-19b61a9fba38/run_tests]   | [INFO] Downloading from central: https://repo.maven.apache.org/maven2/org/codehaus/plexus/plexus-interpolation/1.13/plexus-interpolation-1.13.pom
[6ab6bcc9-675f-4bef-9471-19b61a9fba38/run_tests]   | [INFO] Downloaded from central: https://repo.maven.apache.org/maven2/org/codehaus/plexus/plexus-interpolation/1.13/plexus-interpolation-1.13.pom (890 B at 99 kB/s)
[6ab6bcc9-675f-4bef-9471-19b61a9fba38/run_tests]   | [INFO] Downloading from central: https://repo.maven.apache.org/maven2/org/codehaus/plexus/plexus-components/1.1.15/plexus-components-1.1.15.pom
[6ab6bcc9-675f-4bef-9471-19b61a9fba38/run_tests]   | [INFO] Downloaded from central: https://repo.maven.apache.org/maven2/org/codehaus/plexus/plexus-components/1.1.15/plexus-components-1.1.15.pom (2.8 kB at 150 kB/s)
[6ab6bcc9-675f-4bef-9471-19b61a9fba38/run_tests]   | [INFO] Downloading from central: https://repo.maven.apache.org/maven2/org/codehaus/plexus/plexus/2.0.3/plexus-2.0.3.pom
[6ab6bcc9-675f-4bef-9471-19b61a9fba38/run_tests]   | [INFO] Downloaded from central: https://repo.maven.apache.org/maven2/org/codehaus/plexus/plexus/2.0.3/plexus-2.0.3.pom (15 kB at 1.2 MB/s)
[6ab6bcc9-675f-4bef-9471-19b61a9fba38/run_tests]   | [INFO] Downloading from central: https://repo.maven.apache.org/maven2/org/apache/maven/maven-plugin-api/2.0.6/maven-plugin-api-2.0.6.jar
[6ab6bcc9-675f-4bef-9471-19b61a9fba38/run_tests]   | [INFO] Downloading from central: https://repo.maven.apache.org/maven2/org/apache/maven/maven-project/2.0.6/maven-project-2.0.6.jar
[6ab6bcc9-675f-4bef-9471-19b61a9fba38/run_tests]   | [INFO] Downloaded from central: https://repo.maven.apache.org/maven2/org/apache/maven/maven-plugin-api/2.0.6/maven-plugin-api-2.0.6.jar (13 kB at 643 kB/s)
[6ab6bcc9-675f-4bef-9471-19b61a9fba38/run_tests]   | [INFO] Downloading from central: https://repo.maven.apache.org/maven2/org/apache/maven/maven-profile/2.0.6/maven-profile-2.0.6.jar
[6ab6bcc9-675f-4bef-9471-19b61a9fba38/run_tests]   | [INFO] Downloading from central: https://repo.maven.apache.org/maven2/org/apache/maven/maven-artifact-manager/2.0.6/maven-artifact-manager-2.0.6.jar
[6ab6bcc9-675f-4bef-9471-19b61a9fba38/run_tests]   | [INFO] Downloading from central: https://repo.maven.apache.org/maven2/org/apache/maven/maven-core/2.0.6/maven-core-2.0.6.jar
[6ab6bcc9-675f-4bef-9471-19b61a9fba38/run_tests]   | [INFO] Downloading from central: https://repo.maven.apache.org/maven2/org/apache/maven/maven-plugin-registry/2.0.6/maven-plugin-registry-2.0.6.jar
[6ab6bcc9-675f-4bef-9471-19b61a9fba38/run_tests]   | [INFO] Downloaded from central: https://repo.maven.apache.org/maven2/org/apache/maven/maven-profile/2.0.6/maven-profile-2.0.6.jar (35 kB at 1.1 MB/s)
[6ab6bcc9-675f-4bef-9471-19b61a9fba38/run_tests]   | [INFO] Downloading from central: https://repo.maven.apache.org/maven2/org/apache/maven/maven-plugin-parameter-documenter/2.0.6/maven-plugin-parameter-documenter-2.0.6.jar
[6ab6bcc9-675f-4bef-9471-19b61a9fba38/run_tests]   | [INFO] Downloaded from central: https://repo.maven.apache.org/maven2/org/apache/maven/maven-project/2.0.6/maven-project-2.0.6.jar (116 kB at 2.8 MB/s)
[6ab6bcc9-675f-4bef-9471-19b61a9fba38/run_tests]   | [INFO] Downloading from central: https://repo.maven.apache.org/maven2/org/apache/maven/reporting/maven-reporting-api/2.0.6/maven-reporting-api-2.0.6.jar
[6ab6bcc9-675f-4bef-9471-19b61a9fba38/run_tests]   | [INFO] Downloaded from central: https://repo.maven.apache.org/maven2/org/apache/maven/maven-plugin-registry/2.0.6/maven-plugin-registry-2.0.6.jar (29 kB at 1.3 MB/s)
[6ab6bcc9-675f-4bef-9471-19b61a9fba38/run_tests]   | [INFO] Downloading from central: https://repo.maven.apache.org/maven2/org/apache/maven/doxia/doxia-sink-api/1.0-alpha-7/doxia-sink-api-1.0-alpha-7.jar
[6ab6bcc9-675f-4bef-9471-19b61a9fba38/run_tests]   | [INFO] Downloaded from central: https://repo.maven.apache.org/maven2/org/apache/maven/maven-artifact-manager/2.0.6/maven-artifact-manager-2.0.6.jar (57 kB at 1.3 MB/s)
[6ab6bcc9-675f-4bef-9471-19b61a9fba38/run_tests]   | [INFO] Downloading from central: https://repo.maven.apache.org/maven2/org/apache/maven/maven-repository-metadata/2.0.6/maven-repository-metadata-2.0.6.jar
[6ab6bcc9-675f-4bef-9471-19b61a9fba38/run_tests]   | [INFO] Downloaded from central: https://repo.maven.apache.org/maven2/org/apache/maven/maven-core/2.0.6/maven-core-2.0.6.jar (152 kB at 4.5 MB/s)
[6ab6bcc9-675f-4bef-9471-19b61a9fba38/run_tests]   | [INFO] Downloading from central: https://repo.maven.apache.org/maven2/org/apache/maven/maven-error-diagnostics/2.0.6/maven-error-diagnostics-2.0.6.jar
[6ab6bcc9-675f-4bef-9471-19b61a9fba38/run_tests]   | [INFO] Downloaded from central: https://repo.maven.apache.org/maven2/org/apache/maven/maven-plugin-parameter-documenter/2.0.6/maven-plugin-parameter-documenter-2.0.6.jar (21 kB at 593 kB/s)
[6ab6bcc9-675f-4bef-9471-19b61a9fba38/run_tests]   | [INFO] Downloading from central: https://repo.maven.apache.org/maven2/commons-cli/commons-cli/1.0/commons-cli-1.0.jar
[6ab6bcc9-675f-4bef-9471-19b61a9fba38/run_tests]   | [INFO] Downloaded from central: https://repo.maven.apache.org/maven2/org/apache/maven/reporting/maven-reporting-api/2.0.6/maven-reporting-api-2.0.6.jar (9.9 kB at 262 kB/s)
[6ab6bcc9-675f-4bef-9471-19b61a9fba38/run_tests]   | [INFO] Downloading from central: https://repo.maven.apache.org/maven2/org/apache/maven/maven-plugin-descriptor/2.0.6/maven-plugin-descriptor-2.0.6.jar
[6ab6bcc9-675f-4bef-9471-19b61a9fba38/run_tests]   | [INFO] Downloaded from central: https://repo.maven.apache.org/maven2/org/apache/maven/maven-error-diagnostics/2.0.6/maven-error-diagnostics-2.0.6.jar (14 kB at 340 kB/s)
[6ab6bcc9-675f-4bef-9471-19b61a9fba38/run_tests]   | [INFO] Downloading from central: https://repo.maven.apache.org/maven2/org/codehaus/plexus/plexus-interactivity-api/1.0-alpha-4/plexus-interactivity-api-1.0-alpha-4.jar
[6ab6bcc9-675f-4bef-9471-19b61a9fba38/run_tests]   | [INFO] Downloaded from central: https://repo.maven.apache.org/maven2/org/apache/maven/maven-repository-metadata/2.0.6/maven-repository-metadata-2.0.6.jar (24 kB at 569 kB/s)
[6ab6bcc9-675f-4bef-9471-19b61a9fba38/run_tests]   | [INFO] Downloading from central: https://repo.maven.apache.org/maven2/classworlds/classworlds/1.1/classworlds-1.1.jar
[6ab6bcc9-675f-4bef-9471-19b61a9fba38/run_tests]   | [INFO] Downloaded from central: https://repo.maven.apache.org/maven2/org/apache/maven/maven-plugin-descriptor/2.0.6/maven-plugin-descriptor-2.0.6.jar (37 kB at 802 kB/s)
[6ab6bcc9-675f-4bef-9471-19b61a9fba38/run_tests]   | [INFO] Downloading from central: https://repo.maven.apache.org/maven2/org/apache/maven/maven-artifact/2.0.6/maven-artifact-2.0.6.jar
[6ab6bcc9-675f-4bef-9471-19b61a9fba38/run_tests]   | [INFO] Downloaded from central: https://repo.maven.apache.org/maven2/org/codehaus/plexus/plexus-interactivity-api/1.0-alpha-4/plexus-interactivity-api-1.0-alpha-4.jar (13 kB at 279 kB/s)
[6ab6bcc9-675f-4bef-9471-19b61a9fba38/run_tests]   | [INFO] Downloaded from central: https://repo.maven.apache.org/maven2/commons-cli/commons-cli/1.0/commons-cli-1.0.jar (30 kB at 627 kB/s)
[6ab6bcc9-675f-4bef-9471-19b61a9fba38/run_tests]   | [INFO] Downloading from central: https://repo.maven.apache.org/maven2/org/apache/maven/maven-model/2.0.6/maven-model-2.0.6.jar
[6ab6bcc9-675f-4bef-9471-19b61a9fba38/run_tests]   | [INFO] Downloading from central: https://repo.maven.apache.org/maven2/org/apache/maven/maven-settings/2.0.6/maven-settings-2.0.6.jar
[6ab6bcc9-675f-4bef-9471-19b61a9fba38/run_tests]   | [INFO] Downloaded from central: https://repo.maven.apache.org/maven2/org/apache/maven/maven-artifact/2.0.6/maven-artifact-2.0.6.jar (87 kB at 1.6 MB/s)
[6ab6bcc9-675f-4bef-9471-19b61a9fba38/run_tests]   | [INFO] Downloading from central: https://repo.maven.apache.org/maven2/org/apache/maven/maven-monitor/2.0.6/maven-monitor-2.0.6.jar
[6ab6bcc9-675f-4bef-9471-19b61a9fba38/run_tests]   | [INFO] Downloaded from central: https://repo.maven.apache.org/maven2/org/apache/maven/doxia/doxia-sink-api/1.0-alpha-7/doxia-sink-api-1.0-alpha-7.jar (5.9 kB at 87 kB/s)
[6ab6bcc9-675f-4bef-9471-19b61a9fba38/run_tests]   | [INFO] Downloading from central: https://repo.maven.apache.org/maven2/org/codehaus/plexus/plexus-container-default/1.0-alpha-9-stable-1/plexus-container-default-1.0-alpha-9-stable-1.jar
[6ab6bcc9-675f-4bef-9471-19b61a9fba38/run_tests]   | [INFO] Downloaded from central: https://repo.maven.apache.org/maven2/org/apache/maven/maven-settings/2.0.6/maven-settings-2.0.6.jar (49 kB at 701 kB/s)
[6ab6bcc9-675f-4bef-9471-19b61a9fba38/run_tests]   | [INFO] Downloading from central: https://repo.maven.apache.org/maven2/junit/junit/3.8.1/junit-3.8.1.jar
[6ab6bcc9-675f-4bef-9471-19b61a9fba38/run_tests]   | [INFO] Downloaded from central: https://repo.maven.apache.org/maven2/org/apache/maven/maven-model/2.0.6/maven-model-2.0.6.jar (86 kB at 1.2 MB/s)
[6ab6bcc9-675f-4bef-9471-19b61a9fba38/run_tests]   | [INFO] Downloading from central: https://repo.maven.apache.org/maven2/org/codehaus/plexus/plexus-utils/2.0.5/plexus-utils-2.0.5.jar
[6ab6bcc9-675f-4bef-9471-19b61a9fba38/run_tests]   | [INFO] Downloaded from central: https://repo.maven.apache.org/maven2/org/apache/maven/maven-monitor/2.0.6/maven-monitor-2.0.6.jar (10 kB at 138 kB/s)
[6ab6bcc9-675f-4bef-9471-19b61a9fba38/run_tests]   | [INFO] Downloading from central: https://repo.maven.apache.org/maven2/org/apache/maven/shared/maven-filtering/1.1/maven-filtering-1.1.jar
[6ab6bcc9-675f-4bef-9471-19b61a9fba38/run_tests]   | [INFO] Downloaded from central: https://repo.maven.apache.org/maven2/classworlds/classworlds/1.1/classworlds-1.1.jar (38 kB at 492 kB/s)
[6ab6bcc9-675f-4bef-9471-19b61a9fba38/run_tests]   | [INFO] Downloading from central: https://repo.maven.apache.org/maven2/org/sonatype/plexus/plexus-build-api/0.0.4/plexus-build-api-0.0.4.jar
[6ab6bcc9-675f-4bef-9471-19b61a9fba38/run_tests]   | [INFO] Downloaded from central: https://repo.maven.apache.org/maven2/org/codehaus/plexus/plexus-utils/2.0.5/plexus-utils-2.0.5.jar (223 kB at 2.5 MB/s)
[6ab6bcc9-675f-4bef-9471-19b61a9fba38/run_tests]   | [INFO] Downloading from central: https://repo.maven.apache.org/maven2/org/codehaus/plexus/plexus-interpolation/1.13/plexus-interpolation-1.13.jar
[6ab6bcc9-675f-4bef-9471-19b61a9fba38/run_tests]   | [INFO] Downloaded from central: https://repo.maven.apache.org/maven2/junit/junit/3.8.1/junit-3.8.1.jar (121 kB at 1.2 MB/s)
[6ab6bcc9-675f-4bef-9471-19b61a9fba38/run_tests]   | [INFO] Downloaded from central: https://repo.maven.apache.org/maven2/org/apache/maven/shared/maven-filtering/1.1/maven-filtering-1.1.jar (43 kB at 435 kB/s)
[6ab6bcc9-675f-4bef-9471-19b61a9fba38/run_tests]   | [INFO] Downloaded from central: https://repo.maven.apache.org/maven2/org/sonatype/plexus/plexus-build-api/0.0.4/plexus-build-api-0.0.4.jar (6.8 kB at 65 kB/s)
[6ab6bcc9-675f-4bef-9471-19b61a9fba38/run_tests]   | [INFO] Downloaded from central: https://repo.maven.apache.org/maven2/org/codehaus/plexus/plexus-container-default/1.0-alpha-9-stable-1/plexus-container-default-1.0-alpha-9-stable-1.jar (194 kB at 1.8 MB/s)
[6ab6bcc9-675f-4bef-9471-19b61a9fba38/run_tests]   | [INFO] Downloaded from central: https://repo.maven.apache.org/maven2/org/codehaus/plexus/plexus-interpolation/1.13/plexus-interpolation-1.13.jar (61 kB at 513 kB/s)
[6ab6bcc9-675f-4bef-9471-19b61a9fba38/run_tests]   | [INFO] Using 'UTF-8' encoding to copy filtered resources.
[6ab6bcc9-675f-4bef-9471-19b61a9fba38/run_tests]   | [INFO] skip non existing resourceDirectory /tmp/8f50300a-0456-4519-85d3-ebf12f552732/src/main/resources
[6ab6bcc9-675f-4bef-9471-19b61a9fba38/run_tests]   | [INFO] 
[6ab6bcc9-675f-4bef-9471-19b61a9fba38/run_tests]   | [INFO] --- maven-compiler-plugin:3.1:compile (default-compile) @ byteskript ---
[6ab6bcc9-675f-4bef-9471-19b61a9fba38/run_tests]   | [INFO] Downloading from central: https://repo.maven.apache.org/maven2/org/apache/maven/maven-plugin-api/2.0.9/maven-plugin-api-2.0.9.pom
[6ab6bcc9-675f-4bef-9471-19b61a9fba38/run_tests]   | [INFO] Downloaded from central: https://repo.maven.apache.org/maven2/org/apache/maven/maven-plugin-api/2.0.9/maven-plugin-api-2.0.9.pom (1.5 kB at 75 kB/s)
[6ab6bcc9-675f-4bef-9471-19b61a9fba38/run_tests]   | [INFO] Downloading from central: https://repo.maven.apache.org/maven2/org/apache/maven/maven/2.0.9/maven-2.0.9.pom
[6ab6bcc9-675f-4bef-9471-19b61a9fba38/run_tests]   | [INFO] Downloaded from central: https://repo.maven.apache.org/maven2/org/apache/maven/maven/2.0.9/maven-2.0.9.pom (19 kB at 162 kB/s)
[6ab6bcc9-675f-4bef-9471-19b61a9fba38/run_tests]   | [INFO] Downloading from central: https://repo.maven.apache.org/maven2/org/apache/maven/maven-parent/8/maven-parent-8.pom
[6ab6bcc9-675f-4bef-9471-19b61a9fba38/run_tests]   | [INFO] Downloaded from central: https://repo.maven.apache.org/maven2/org/apache/maven/maven-parent/8/maven-parent-8.pom (24 kB at 804 kB/s)
[6ab6bcc9-675f-4bef-9471-19b61a9fba38/run_tests]   | [INFO] Downloading from central: https://repo.maven.apache.org/maven2/org/apache/apache/4/apache-4.pom
[6ab6bcc9-675f-4bef-9471-19b61a9fba38/run_tests]   | [INFO] Downloaded from central: https://repo.maven.apache.org/maven2/org/apache/apache/4/apache-4.pom (4.5 kB at 450 kB/s)
[6ab6bcc9-675f-4bef-9471-19b61a9fba38/run_tests]   | [INFO] Downloading from central: https://repo.maven.apache.org/maven2/org/apache/maven/maven-artifact/2.0.9/maven-artifact-2.0.9.pom
[6ab6bcc9-675f-4bef-9471-19b61a9fba38/run_tests]   | [INFO] Downloaded from central: https://repo.maven.apache.org/maven2/org/apache/maven/maven-artifact/2.0.9/maven-artifact-2.0.9.pom (1.6 kB at 67 kB/s)
[6ab6bcc9-675f-4bef-9471-19b61a9fba38/run_tests]   | [INFO] Downloading from central: https://repo.maven.apache.org/maven2/org/codehaus/plexus/plexus-utils/1.5.1/plexus-utils-1.5.1.pom
[6ab6bcc9-675f-4bef-9471-19b61a9fba38/run_tests]   | [INFO] Downloaded from central: https://repo.maven.apache.org/maven2/org/codehaus/plexus/plexus-utils/1.5.1/plexus-utils-1.5.1.pom (2.3 kB at 88 kB/s)
[6ab6bcc9-675f-4bef-9471-19b61a9fba38/run_tests]   | [INFO] Downloading from central: https://repo.maven.apache.org/maven2/org/apache/maven/maven-core/2.0.9/maven-core-2.0.9.pom
[6ab6bcc9-675f-4bef-9471-19b61a9fba38/run_tests]   | [INFO] Downloaded from central: https://repo.maven.apache.org/maven2/org/apache/maven/maven-core/2.0.9/maven-core-2.0.9.pom (7.8 kB at 288 kB/s)
[6ab6bcc9-675f-4bef-9471-19b61a9fba38/run_tests]   | [INFO] Downloading from central: https://repo.maven.apache.org/maven2/org/apache/maven/maven-settings/2.0.9/maven-settings-2.0.9.pom
[6ab6bcc9-675f-4bef-9471-19b61a9fba38/run_tests]   | [INFO] Downloaded from central: https://repo.maven.apache.org/maven2/org/apache/maven/maven-settings/2.0.9/maven-settings-2.0.9.pom (2.1 kB at 53 kB/s)
[6ab6bcc9-675f-4bef-9471-19b61a9fba38/run_tests]   | [INFO] Downloading from central: https://repo.maven.apache.org/maven2/org/apache/maven/maven-model/2.0.9/maven-model-2.0.9.pom
[6ab6bcc9-675f-4bef-9471-19b61a9fba38/run_tests]   | [INFO] Downloaded from central: https://repo.maven.apache.org/maven2/org/apache/maven/maven-model/2.0.9/maven-model-2.0.9.pom (3.1 kB at 285 kB/s)
[6ab6bcc9-675f-4bef-9471-19b61a9fba38/run_tests]   | [INFO] Downloading from central: https://repo.maven.apache.org/maven2/org/apache/maven/maven-plugin-parameter-documenter/2.0.9/maven-plugin-parameter-documenter-2.0.9.pom
[6ab6bcc9-675f-4bef-9471-19b61a9fba38/run_tests]   | [INFO] Downloaded from central: https://repo.maven.apache.org/maven2/org/apache/maven/maven-plugin-parameter-documenter/2.0.9/maven-plugin-parameter-documenter-2.0.9.pom (2.0 kB at 218 kB/s)
[6ab6bcc9-675f-4bef-9471-19b61a9fba38/run_tests]   | [INFO] Downloading from central: https://repo.maven.apache.org/maven2/org/apache/maven/maven-profile/2.0.9/maven-profile-2.0.9.pom
[6ab6bcc9-675f-4bef-9471-19b61a9fba38/run_tests]   | [INFO] Downloaded from central: https://repo.maven.apache.org/maven2/org/apache/maven/maven-profile/2.0.9/maven-profile-2.0.9.pom (2.0 kB at 68 kB/s)
[6ab6bcc9-675f-4bef-9471-19b61a9fba38/run_tests]   | [INFO] Downloading from central: https://repo.maven.apache.org/maven2/org/apache/maven/maven-repository-metadata/2.0.9/maven-repository-metadata-2.0.9.pom
[6ab6bcc9-675f-4bef-9471-19b61a9fba38/run_tests]   | [INFO] Downloaded from central: https://repo.maven.apache.org/maven2/org/apache/maven/maven-repository-metadata/2.0.9/maven-repository-metadata-2.0.9.pom (1.9 kB at 76 kB/s)
[6ab6bcc9-675f-4bef-9471-19b61a9fba38/run_tests]   | [INFO] Downloading from central: https://repo.maven.apache.org/maven2/org/apache/maven/maven-error-diagnostics/2.0.9/maven-error-diagnostics-2.0.9.pom
[6ab6bcc9-675f-4bef-9471-19b61a9fba38/run_tests]   | [INFO] Downloaded from central: https://repo.maven.apache.org/maven2/org/apache/maven/maven-error-diagnostics/2.0.9/maven-error-diagnostics-2.0.9.pom (1.7 kB at 109 kB/s)
[6ab6bcc9-675f-4bef-9471-19b61a9fba38/run_tests]   | [INFO] Downloading from central: https://repo.maven.apache.org/maven2/org/apache/maven/maven-project/2.0.9/maven-project-2.0.9.pom
[6ab6bcc9-675f-4bef-9471-19b61a9fba38/run_tests]   | [INFO] Downloaded from central: https://repo.maven.apache.org/maven2/org/apache/maven/maven-project/2.0.9/maven-project-2.0.9.pom (2.7 kB at 208 kB/s)
[6ab6bcc9-675f-4bef-9471-19b61a9fba38/run_tests]   | [INFO] Downloading from central: https://repo.maven.apache.org/maven2/org/apache/maven/maven-artifact-manager/2.0.9/maven-artifact-manager-2.0.9.pom
[6ab6bcc9-675f-4bef-9471-19b61a9fba38/run_tests]   | [INFO] Downloaded from central: https://repo.maven.apache.org/maven2/org/apache/maven/maven-artifact-manager/2.0.9/maven-artifact-manager-2.0.9.pom (2.7 kB at 100 kB/s)
[6ab6bcc9-675f-4bef-9471-19b61a9fba38/run_tests]   | [INFO] Downloading from central: https://repo.maven.apache.org/maven2/org/apache/maven/maven-plugin-registry/2.0.9/maven-plugin-registry-2.0.9.pom
[6ab6bcc9-675f-4bef-9471-19b61a9fba38/run_tests]   | [INFO] Downloaded from central: https://repo.maven.apache.org/maven2/org/apache/maven/maven-plugin-registry/2.0.9/maven-plugin-registry-2.0.9.pom (2.0 kB at 66 kB/s)
[6ab6bcc9-675f-4bef-9471-19b61a9fba38/run_tests]   | [INFO] Downloading from central: https://repo.maven.apache.org/maven2/org/apache/maven/maven-plugin-descriptor/2.0.9/maven-plugin-descriptor-2.0.9.pom
[6ab6bcc9-675f-4bef-9471-19b61a9fba38/run_tests]   | [INFO] Downloaded from central: https://repo.maven.apache.org/maven2/org/apache/maven/maven-plugin-descriptor/2.0.9/maven-plugin-descriptor-2.0.9.pom (2.1 kB at 94 kB/s)
[6ab6bcc9-675f-4bef-9471-19b61a9fba38/run_tests]   | [INFO] Downloading from central: https://repo.maven.apache.org/maven2/org/apache/maven/maven-monitor/2.0.9/maven-monitor-2.0.9.pom
[6ab6bcc9-675f-4bef-9471-19b61a9fba38/run_tests]   | [INFO] Downloaded from central: https://repo.maven.apache.org/maven2/org/apache/maven/maven-monitor/2.0.9/maven-monitor-2.0.9.pom (1.3 kB at 86 kB/s)
[6ab6bcc9-675f-4bef-9471-19b61a9fba38/run_tests]   | [INFO] Downloading from central: https://repo.maven.apache.org/maven2/org/apache/maven/maven-toolchain/1.0/maven-toolchain-1.0.pom
[6ab6bcc9-675f-4bef-9471-19b61a9fba38/run_tests]   | [INFO] Downloaded from central: https://repo.maven.apache.org/maven2/org/apache/maven/maven-toolchain/1.0/maven-toolchain-1.0.pom (3.4 kB at 190 kB/s)
[6ab6bcc9-675f-4bef-9471-19b61a9fba38/run_tests]   | [INFO] Downloading from central: https://repo.maven.apache.org/maven2/org/apache/maven/shared/maven-shared-utils/0.1/maven-shared-utils-0.1.pom
[6ab6bcc9-675f-4bef-9471-19b61a9fba38/run_tests]   | [INFO] Downloaded from central: https://repo.maven.apache.org/maven2/org/apache/maven/shared/maven-shared-utils/0.1/maven-shared-utils-0.1.pom (4.0 kB at 119 kB/s)
[6ab6bcc9-675f-4bef-9471-19b61a9fba38/run_tests]   | [INFO] Downloading from central: https://repo.maven.apache.org/maven2/org/apache/maven/shared/maven-shared-components/18/maven-shared-components-18.pom
[6ab6bcc9-675f-4bef-9471-19b61a9fba38/run_tests]   | [INFO] Downloaded from central: https://repo.maven.apache.org/maven2/org/apache/maven/shared/maven-shared-components/18/maven-shared-components-18.pom (4.9 kB at 329 kB/s)
[6ab6bcc9-675f-4bef-9471-19b61a9fba38/run_tests]   | [INFO] Downloading from central: https://repo.maven.apache.org/maven2/com/google/code/findbugs/jsr305/2.0.1/jsr305-2.0.1.pom
[6ab6bcc9-675f-4bef-9471-19b61a9fba38/run_tests]   | [INFO] Downloaded from central: https://repo.maven.apache.org/maven2/com/google/code/findbugs/jsr305/2.0.1/jsr305-2.0.1.pom (965 B at 48 kB/s)
[6ab6bcc9-675f-4bef-9471-19b61a9fba38/run_tests]   | [INFO] Downloading from central: https://repo.maven.apache.org/maven2/org/apache/maven/shared/maven-shared-incremental/1.1/maven-shared-incremental-1.1.pom
[6ab6bcc9-675f-4bef-9471-19b61a9fba38/run_tests]   | [INFO] Downloaded from central: https://repo.maven.apache.org/maven2/org/apache/maven/shared/maven-shared-incremental/1.1/maven-shared-incremental-1.1.pom (4.7 kB at 135 kB/s)
[6ab6bcc9-675f-4bef-9471-19b61a9fba38/run_tests]   | [INFO] Downloading from central: https://repo.maven.apache.org/maven2/org/apache/maven/shared/maven-shared-components/19/maven-shared-components-19.pom
[6ab6bcc9-675f-4bef-9471-19b61a9fba38/run_tests]   | [INFO] Downloaded from central: https://repo.maven.apache.org/maven2/org/apache/maven/shared/maven-shared-components/19/maven-shared-components-19.pom (6.4 kB at 374 kB/s)
[6ab6bcc9-675f-4bef-9471-19b61a9fba38/run_tests]   | [INFO] Downloading from central: https://repo.maven.apache.org/maven2/org/apache/maven/maven-plugin-api/2.2.1/maven-plugin-api-2.2.1.pom
[6ab6bcc9-675f-4bef-9471-19b61a9fba38/run_tests]   | [INFO] Downloaded from central: https://repo.maven.apache.org/maven2/org/apache/maven/maven-plugin-api/2.2.1/maven-plugin-api-2.2.1.pom (1.5 kB at 29 kB/s)
[6ab6bcc9-675f-4bef-9471-19b61a9fba38/run_tests]   | [INFO] Downloading from central: https://repo.maven.apache.org/maven2/org/apache/maven/maven/2.2.1/maven-2.2.1.pom
[6ab6bcc9-675f-4bef-9471-19b61a9fba38/run_tests]   | [INFO] Downloaded from central: https://repo.maven.apache.org/maven2/org/apache/maven/maven/2.2.1/maven-2.2.1.pom (22 kB at 439 kB/s)
[6ab6bcc9-675f-4bef-9471-19b61a9fba38/run_tests]   | [INFO] Downloading from central: https://repo.maven.apache.org/maven2/org/apache/maven/maven-parent/11/maven-parent-11.pom
[6ab6bcc9-675f-4bef-9471-19b61a9fba38/run_tests]   | [INFO] Downloaded from central: https://repo.maven.apache.org/maven2/org/apache/maven/maven-parent/11/maven-parent-11.pom (32 kB at 1.3 MB/s)
[6ab6bcc9-675f-4bef-9471-19b61a9fba38/run_tests]   | [INFO] Downloading from central: https://repo.maven.apache.org/maven2/org/apache/apache/5/apache-5.pom
[6ab6bcc9-675f-4bef-9471-19b61a9fba38/run_tests]   | [INFO] Downloaded from central: https://repo.maven.apache.org/maven2/org/apache/apache/5/apache-5.pom (4.1 kB at 273 kB/s)
[6ab6bcc9-675f-4bef-9471-19b61a9fba38/run_tests]   | [INFO] Downloading from central: https://repo.maven.apache.org/maven2/org/apache/maven/maven-core/2.2.1/maven-core-2.2.1.pom
[6ab6bcc9-675f-4bef-9471-19b61a9fba38/run_tests]   | [INFO] Downloaded from central: https://repo.maven.apache.org/maven2/org/apache/maven/maven-core/2.2.1/maven-core-2.2.1.pom (12 kB at 271 kB/s)
[6ab6bcc9-675f-4bef-9471-19b61a9fba38/run_tests]   | [INFO] Downloading from central: https://repo.maven.apache.org/maven2/org/apache/maven/maven-settings/2.2.1/maven-settings-2.2.1.pom
[6ab6bcc9-675f-4bef-9471-19b61a9fba38/run_tests]   | [INFO] Downloaded from central: https://repo.maven.apache.org/maven2/org/apache/maven/maven-settings/2.2.1/maven-settings-2.2.1.pom (2.2 kB at 109 kB/s)
[6ab6bcc9-675f-4bef-9471-19b61a9fba38/run_tests]   | [INFO] Downloading from central: https://repo.maven.apache.org/maven2/org/apache/maven/maven-model/2.2.1/maven-model-2.2.1.pom
[6ab6bcc9-675f-4bef-9471-19b61a9fba38/run_tests]   | [INFO] Downloaded from central: https://repo.maven.apache.org/maven2/org/apache/maven/maven-model/2.2.1/maven-model-2.2.1.pom (3.2 kB at 135 kB/s)
[6ab6bcc9-675f-4bef-9471-19b61a9fba38/run_tests]   | [INFO] Downloading from central: https://repo.maven.apache.org/maven2/org/codehaus/plexus/plexus-interpolation/1.11/plexus-interpolation-1.11.pom
[6ab6bcc9-675f-4bef-9471-19b61a9fba38/run_tests]   | [INFO] Downloaded from central: https://repo.maven.apache.org/maven2/org/codehaus/plexus/plexus-interpolation/1.11/plexus-interpolation-1.11.pom (889 B at 32 kB/s)
[6ab6bcc9-675f-4bef-9471-19b61a9fba38/run_tests]   | [INFO] Downloading from central: https://repo.maven.apache.org/maven2/org/apache/maven/maven-plugin-parameter-documenter/2.2.1/maven-plugin-parameter-documenter-2.2.1.pom
[6ab6bcc9-675f-4bef-9471-19b61a9fba38/run_tests]   | [INFO] Downloaded from central: https://repo.maven.apache.org/maven2/org/apache/maven/maven-plugin-parameter-documenter/2.2.1/maven-plugin-parameter-documenter-2.2.1.pom (2.0 kB at 63 kB/s)
[6ab6bcc9-675f-4bef-9471-19b61a9fba38/run_tests]   | [INFO] Downloading from central: https://repo.maven.apache.org/maven2/org/slf4j/slf4j-jdk14/1.5.6/slf4j-jdk14-1.5.6.pom
[6ab6bcc9-675f-4bef-9471-19b61a9fba38/run_tests]   | [INFO] Downloaded from central: https://repo.maven.apache.org/maven2/org/slf4j/slf4j-jdk14/1.5.6/slf4j-jdk14-1.5.6.pom (1.9 kB at 146 kB/s)
[6ab6bcc9-675f-4bef-9471-19b61a9fba38/run_tests]   | [INFO] Downloading from central: https://repo.maven.apache.org/maven2/org/slf4j/slf4j-parent/1.5.6/slf4j-parent-1.5.6.pom
[6ab6bcc9-675f-4bef-9471-19b61a9fba38/run_tests]   | [INFO] Downloaded from central: https://repo.maven.apache.org/maven2/org/slf4j/slf4j-parent/1.5.6/slf4j-parent-1.5.6.pom (7.9 kB at 330 kB/s)
[6ab6bcc9-675f-4bef-9471-19b61a9fba38/run_tests]   | [INFO] Downloading from central: https://repo.maven.apache.org/maven2/org/slf4j/slf4j-api/1.5.6/slf4j-api-1.5.6.pom
[6ab6bcc9-675f-4bef-9471-19b61a9fba38/run_tests]   | [INFO] Downloaded from central: https://repo.maven.apache.org/maven2/org/slf4j/slf4j-api/1.5.6/slf4j-api-1.5.6.pom (3.0 kB at 130 kB/s)
[6ab6bcc9-675f-4bef-9471-19b61a9fba38/run_tests]   | [INFO] Downloading from central: https://repo.maven.apache.org/maven2/org/slf4j/jcl-over-slf4j/1.5.6/jcl-over-slf4j-1.5.6.pom
[6ab6bcc9-675f-4bef-9471-19b61a9fba38/run_tests]   | [INFO] Downloaded from central: https://repo.maven.apache.org/maven2/org/slf4j/jcl-over-slf4j/1.5.6/jcl-over-slf4j-1.5.6.pom (2.2 kB at 362 kB/s)
[6ab6bcc9-675f-4bef-9471-19b61a9fba38/run_tests]   | [INFO] Downloading from central: https://repo.maven.apache.org/maven2/org/apache/maven/maven-profile/2.2.1/maven-profile-2.2.1.pom
[6ab6bcc9-675f-4bef-9471-19b61a9fba38/run_tests]   | [INFO] Downloaded from central: https://repo.maven.apache.org/maven2/org/apache/maven/maven-profile/2.2.1/maven-profile-2.2.1.pom (2.2 kB at 68 kB/s)
[6ab6bcc9-675f-4bef-9471-19b61a9fba38/run_tests]   | [INFO] Downloading from central: https://repo.maven.apache.org/maven2/org/apache/maven/maven-artifact/2.2.1/maven-artifact-2.2.1.pom
[6ab6bcc9-675f-4bef-9471-19b61a9fba38/run_tests]   | [INFO] Downloaded from central: https://repo.maven.apache.org/maven2/org/apache/maven/maven-artifact/2.2.1/maven-artifact-2.2.1.pom (1.6 kB at 144 kB/s)
[6ab6bcc9-675f-4bef-9471-19b61a9fba38/run_tests]   | [INFO] Downloading from central: https://repo.maven.apache.org/maven2/org/apache/maven/maven-repository-metadata/2.2.1/maven-repository-metadata-2.2.1.pom
[6ab6bcc9-675f-4bef-9471-19b61a9fba38/run_tests]   | [INFO] Downloaded from central: https://repo.maven.apache.org/maven2/org/apache/maven/maven-repository-metadata/2.2.1/maven-repository-metadata-2.2.1.pom (1.9 kB at 81 kB/s)
[6ab6bcc9-675f-4bef-9471-19b61a9fba38/run_tests]   | [INFO] Downloading from central: https://repo.maven.apache.org/maven2/org/apache/maven/maven-error-diagnostics/2.2.1/maven-error-diagnostics-2.2.1.pom
[6ab6bcc9-675f-4bef-9471-19b61a9fba38/run_tests]   | [INFO] Downloaded from central: https://repo.maven.apache.org/maven2/org/apache/maven/maven-error-diagnostics/2.2.1/maven-error-diagnostics-2.2.1.pom (1.7 kB at 142 kB/s)
[6ab6bcc9-675f-4bef-9471-19b61a9fba38/run_tests]   | [INFO] Downloading from central: https://repo.maven.apache.org/maven2/org/apache/maven/maven-project/2.2.1/maven-project-2.2.1.pom
[6ab6bcc9-675f-4bef-9471-19b61a9fba38/run_tests]   | [INFO] Downloaded from central: https://repo.maven.apache.org/maven2/org/apache/maven/maven-project/2.2.1/maven-project-2.2.1.pom (2.8 kB at 139 kB/s)
[6ab6bcc9-675f-4bef-9471-19b61a9fba38/run_tests]   | [INFO] Downloading from central: https://repo.maven.apache.org/maven2/org/apache/maven/maven-artifact-manager/2.2.1/maven-artifact-manager-2.2.1.pom
[6ab6bcc9-675f-4bef-9471-19b61a9fba38/run_tests]   | [INFO] Downloaded from central: https://repo.maven.apache.org/maven2/org/apache/maven/maven-artifact-manager/2.2.1/maven-artifact-manager-2.2.1.pom (3.1 kB at 62 kB/s)
[6ab6bcc9-675f-4bef-9471-19b61a9fba38/run_tests]   | [INFO] Downloading from central: https://repo.maven.apache.org/maven2/backport-util-concurrent/backport-util-concurrent/3.1/backport-util-concurrent-3.1.pom
[6ab6bcc9-675f-4bef-9471-19b61a9fba38/run_tests]   | [INFO] Downloaded from central: https://repo.maven.apache.org/maven2/backport-util-concurrent/backport-util-concurrent/3.1/backport-util-concurrent-3.1.pom (880 B at 20 kB/s)
[6ab6bcc9-675f-4bef-9471-19b61a9fba38/run_tests]   | [INFO] Downloading from central: https://repo.maven.apache.org/maven2/org/apache/maven/maven-plugin-registry/2.2.1/maven-plugin-registry-2.2.1.pom
[6ab6bcc9-675f-4bef-9471-19b61a9fba38/run_tests]   | [INFO] Downloaded from central: https://repo.maven.apache.org/maven2/org/apache/maven/maven-plugin-registry/2.2.1/maven-plugin-registry-2.2.1.pom (1.9 kB at 39 kB/s)
[6ab6bcc9-675f-4bef-9471-19b61a9fba38/run_tests]   | [INFO] Downloading from central: https://repo.maven.apache.org/maven2/org/apache/maven/maven-plugin-descriptor/2.2.1/maven-plugin-descriptor-2.2.1.pom
[6ab6bcc9-675f-4bef-9471-19b61a9fba38/run_tests]   | [INFO] Downloaded from central: https://repo.maven.apache.org/maven2/org/apache/maven/maven-plugin-descriptor/2.2.1/maven-plugin-descriptor-2.2.1.pom (2.1 kB at 28 kB/s)
[6ab6bcc9-675f-4bef-9471-19b61a9fba38/run_tests]   | [INFO] Downloading from central: https://repo.maven.apache.org/maven2/org/apache/maven/maven-monitor/2.2.1/maven-monitor-2.2.1.pom
[6ab6bcc9-675f-4bef-9471-19b61a9fba38/run_tests]   | [INFO] Downloaded from central: https://repo.maven.apache.org/maven2/org/apache/maven/maven-monitor/2.2.1/maven-monitor-2.2.1.pom (1.3 kB at 41 kB/s)
[6ab6bcc9-675f-4bef-9471-19b61a9fba38/run_tests]   | [INFO] Downloading from central: https://repo.maven.apache.org/maven2/org/sonatype/plexus/plexus-sec-dispatcher/1.3/plexus-sec-dispatcher-1.3.pom
[6ab6bcc9-675f-4bef-9471-19b61a9fba38/run_tests]   | [INFO] Downloaded from central: https://repo.maven.apache.org/maven2/org/sonatype/plexus/plexus-sec-dispatcher/1.3/plexus-sec-dispatcher-1.3.pom (3.0 kB at 85 kB/s)
[6ab6bcc9-675f-4bef-9471-19b61a9fba38/run_tests]   | [INFO] Downloading from central: https://repo.maven.apache.org/maven2/org/sonatype/spice/spice-parent/12/spice-parent-12.pom
[6ab6bcc9-675f-4bef-9471-19b61a9fba38/run_tests]   | [INFO] Downloaded from central: https://repo.maven.apache.org/maven2/org/sonatype/spice/spice-parent/12/spice-parent-12.pom (6.8 kB at 309 kB/s)
[6ab6bcc9-675f-4bef-9471-19b61a9fba38/run_tests]   | [INFO] Downloading from central: https://repo.maven.apache.org/maven2/org/sonatype/forge/forge-parent/4/forge-parent-4.pom
[6ab6bcc9-675f-4bef-9471-19b61a9fba38/run_tests]   | [INFO] Downloaded from central: https://repo.maven.apache.org/maven2/org/sonatype/forge/forge-parent/4/forge-parent-4.pom (8.4 kB at 525 kB/s)
[6ab6bcc9-675f-4bef-9471-19b61a9fba38/run_tests]   | [INFO] Downloading from central: https://repo.maven.apache.org/maven2/org/codehaus/plexus/plexus-utils/1.5.5/plexus-utils-1.5.5.pom
[6ab6bcc9-675f-4bef-9471-19b61a9fba38/run_tests]   | [INFO] Downloaded from central: https://repo.maven.apache.org/maven2/org/codehaus/plexus/plexus-utils/1.5.5/plexus-utils-1.5.5.pom (5.1 kB at 132 kB/s)
[6ab6bcc9-675f-4bef-9471-19b61a9fba38/run_tests]   | [INFO] Downloading from central: https://repo.maven.apache.org/maven2/org/sonatype/plexus/plexus-cipher/1.4/plexus-cipher-1.4.pom
[6ab6bcc9-675f-4bef-9471-19b61a9fba38/run_tests]   | [INFO] Downloaded from central: https://repo.maven.apache.org/maven2/org/sonatype/plexus/plexus-cipher/1.4/plexus-cipher-1.4.pom (2.1 kB at 47 kB/s)
[6ab6bcc9-675f-4bef-9471-19b61a9fba38/run_tests]   | [INFO] Downloading from central: https://repo.maven.apache.org/maven2/org/codehaus/plexus/plexus-component-annotations/1.5.5/plexus-component-annotations-1.5.5.pom
[6ab6bcc9-675f-4bef-9471-19b61a9fba38/run_tests]   | [INFO] Downloaded from central: https://repo.maven.apache.org/maven2/org/codehaus/plexus/plexus-component-annotations/1.5.5/plexus-component-annotations-1.5.5.pom (815 B at 30 kB/s)
[6ab6bcc9-675f-4bef-9471-19b61a9fba38/run_tests]   | [INFO] Downloading from central: https://repo.maven.apache.org/maven2/org/codehaus/plexus/plexus-containers/1.5.5/plexus-containers-1.5.5.pom
[6ab6bcc9-675f-4bef-9471-19b61a9fba38/run_tests]   | [INFO] Downloaded from central: https://repo.maven.apache.org/maven2/org/codehaus/plexus/plexus-containers/1.5.5/plexus-containers-1.5.5.pom (4.2 kB at 177 kB/s)
[6ab6bcc9-675f-4bef-9471-19b61a9fba38/run_tests]   | [INFO] Downloading from central: https://repo.maven.apache.org/maven2/org/codehaus/plexus/plexus/2.0.7/plexus-2.0.7.pom
[6ab6bcc9-675f-4bef-9471-19b61a9fba38/run_tests]   | [INFO] Downloaded from central: https://repo.maven.apache.org/maven2/org/codehaus/plexus/plexus/2.0.7/plexus-2.0.7.pom (17 kB at 721 kB/s)
[6ab6bcc9-675f-4bef-9471-19b61a9fba38/run_tests]   | [INFO] Downloading from central: https://repo.maven.apache.org/maven2/org/codehaus/plexus/plexus-compiler-api/2.2/plexus-compiler-api-2.2.pom
[6ab6bcc9-675f-4bef-9471-19b61a9fba38/run_tests]   | [INFO] Downloaded from central: https://repo.maven.apache.org/maven2/org/codehaus/plexus/plexus-compiler-api/2.2/plexus-compiler-api-2.2.pom (865 B at 25 kB/s)
[6ab6bcc9-675f-4bef-9471-19b61a9fba38/run_tests]   | [INFO] Downloading from central: https://repo.maven.apache.org/maven2/org/codehaus/plexus/plexus-compiler/2.2/plexus-compiler-2.2.pom
[6ab6bcc9-675f-4bef-9471-19b61a9fba38/run_tests]   | [INFO] Downloaded from central: https://repo.maven.apache.org/maven2/org/codehaus/plexus/plexus-compiler/2.2/plexus-compiler-2.2.pom (3.6 kB at 157 kB/s)
[6ab6bcc9-675f-4bef-9471-19b61a9fba38/run_tests]   | [INFO] Downloading from central: https://repo.maven.apache.org/maven2/org/codehaus/plexus/plexus-components/1.3.1/plexus-components-1.3.1.pom
[6ab6bcc9-675f-4bef-9471-19b61a9fba38/run_tests]   | [INFO] Downloaded from central: https://repo.maven.apache.org/maven2/org/codehaus/plexus/plexus-components/1.3.1/plexus-components-1.3.1.pom (3.1 kB at 204 kB/s)
[6ab6bcc9-675f-4bef-9471-19b61a9fba38/run_tests]   | [INFO] Downloading from central: https://repo.maven.apache.org/maven2/org/codehaus/plexus/plexus/3.3.1/plexus-3.3.1.pom
[6ab6bcc9-675f-4bef-9471-19b61a9fba38/run_tests]   | [INFO] Downloaded from central: https://repo.maven.apache.org/maven2/org/codehaus/plexus/plexus/3.3.1/plexus-3.3.1.pom (20 kB at 757 kB/s)
[6ab6bcc9-675f-4bef-9471-19b61a9fba38/run_tests]   | [INFO] Downloading from central: https://repo.maven.apache.org/maven2/org/sonatype/spice/spice-parent/17/spice-parent-17.pom
[6ab6bcc9-675f-4bef-9471-19b61a9fba38/run_tests]   | [INFO] Downloaded from central: https://repo.maven.apache.org/maven2/org/sonatype/spice/spice-parent/17/spice-parent-17.pom (6.8 kB at 233 kB/s)
[6ab6bcc9-675f-4bef-9471-19b61a9fba38/run_tests]   | [INFO] Downloading from central: https://repo.maven.apache.org/maven2/org/sonatype/forge/forge-parent/10/forge-parent-10.pom
[6ab6bcc9-675f-4bef-9471-19b61a9fba38/run_tests]   | [INFO] Downloaded from central: https://repo.maven.apache.org/maven2/org/sonatype/forge/forge-parent/10/forge-parent-10.pom (14 kB at 714 kB/s)
[6ab6bcc9-675f-4bef-9471-19b61a9fba38/run_tests]   | [INFO] Downloading from central: https://repo.maven.apache.org/maven2/org/codehaus/plexus/plexus-utils/3.0.8/plexus-utils-3.0.8.pom
[6ab6bcc9-675f-4bef-9471-19b61a9fba38/run_tests]   | [INFO] Downloaded from central: https://repo.maven.apache.org/maven2/org/codehaus/plexus/plexus-utils/3.0.8/plexus-utils-3.0.8.pom (3.1 kB at 175 kB/s)
[6ab6bcc9-675f-4bef-9471-19b61a9fba38/run_tests]   | [INFO] Downloading from central: https://repo.maven.apache.org/maven2/org/codehaus/plexus/plexus/3.2/plexus-3.2.pom
[6ab6bcc9-675f-4bef-9471-19b61a9fba38/run_tests]   | [INFO] Downloaded from central: https://repo.maven.apache.org/maven2/org/codehaus/plexus/plexus/3.2/plexus-3.2.pom (19 kB at 1.1 MB/s)
[6ab6bcc9-675f-4bef-9471-19b61a9fba38/run_tests]   | [INFO] Downloading from central: https://repo.maven.apache.org/maven2/org/codehaus/plexus/plexus-compiler-manager/2.2/plexus-compiler-manager-2.2.pom
[6ab6bcc9-675f-4bef-9471-19b61a9fba38/run_tests]   | [INFO] Downloaded from central: https://repo.maven.apache.org/maven2/org/codehaus/plexus/plexus-compiler-manager/2.2/plexus-compiler-manager-2.2.pom (690 B at 49 kB/s)
[6ab6bcc9-675f-4bef-9471-19b61a9fba38/run_tests]   | [INFO] Downloading from central: https://repo.maven.apache.org/maven2/org/codehaus/plexus/plexus-compiler-javac/2.2/plexus-compiler-javac-2.2.pom
[6ab6bcc9-675f-4bef-9471-19b61a9fba38/run_tests]   | [INFO] Downloaded from central: https://repo.maven.apache.org/maven2/org/codehaus/plexus/plexus-compiler-javac/2.2/plexus-compiler-javac-2.2.pom (769 B at 55 kB/s)
[6ab6bcc9-675f-4bef-9471-19b61a9fba38/run_tests]   | [INFO] Downloading from central: https://repo.maven.apache.org/maven2/org/codehaus/plexus/plexus-compilers/2.2/plexus-compilers-2.2.pom
[6ab6bcc9-675f-4bef-9471-19b61a9fba38/run_tests]   | [INFO] Downloaded from central: https://repo.maven.apache.org/maven2/org/codehaus/plexus/plexus-compilers/2.2/plexus-compilers-2.2.pom (1.2 kB at 48 kB/s)
[6ab6bcc9-675f-4bef-9471-19b61a9fba38/run_tests]   | [INFO] Downloading from central: https://repo.maven.apache.org/maven2/org/codehaus/plexus/plexus-container-default/1.5.5/plexus-container-default-1.5.5.pom
[6ab6bcc9-675f-4bef-9471-19b61a9fba38/run_tests]   | [INFO] Downloaded from central: https://repo.maven.apache.org/maven2/org/codehaus/plexus/plexus-container-default/1.5.5/plexus-container-default-1.5.5.pom (2.8 kB at 184 kB/s)
[6ab6bcc9-675f-4bef-9471-19b61a9fba38/run_tests]   | [INFO] Downloading from central: https://repo.maven.apache.org/maven2/org/codehaus/plexus/plexus-utils/1.4.5/plexus-utils-1.4.5.pom
[6ab6bcc9-675f-4bef-9471-19b61a9fba38/run_tests]   | [INFO] Downloaded from central: https://repo.maven.apache.org/maven2/org/codehaus/plexus/plexus-utils/1.4.5/plexus-utils-1.4.5.pom (2.3 kB at 151 kB/s)
[6ab6bcc9-675f-4bef-9471-19b61a9fba38/run_tests]   | [INFO] Downloading from central: https://repo.maven.apache.org/maven2/org/codehaus/plexus/plexus-classworlds/2.2.2/plexus-classworlds-2.2.2.pom
[6ab6bcc9-675f-4bef-9471-19b61a9fba38/run_tests]   | [INFO] Downloaded from central: https://repo.maven.apache.org/maven2/org/codehaus/plexus/plexus-classworlds/2.2.2/plexus-classworlds-2.2.2.pom (4.0 kB at 367 kB/s)
[6ab6bcc9-675f-4bef-9471-19b61a9fba38/run_tests]   | [INFO] Downloading from central: https://repo.maven.apache.org/maven2/org/apache/xbean/xbean-reflect/3.4/xbean-reflect-3.4.pom
[6ab6bcc9-675f-4bef-9471-19b61a9fba38/run_tests]   | [INFO] Downloaded from central: https://repo.maven.apache.org/maven2/org/apache/xbean/xbean-reflect/3.4/xbean-reflect-3.4.pom (2.8 kB at 216 kB/s)
[6ab6bcc9-675f-4bef-9471-19b61a9fba38/run_tests]   | [INFO] Downloading from central: https://repo.maven.apache.org/maven2/org/apache/xbean/xbean/3.4/xbean-3.4.pom
[6ab6bcc9-675f-4bef-9471-19b61a9fba38/run_tests]   | [INFO] Downloaded from central: https://repo.maven.apache.org/maven2/org/apache/xbean/xbean/3.4/xbean-3.4.pom (19 kB at 1.1 MB/s)
[6ab6bcc9-675f-4bef-9471-19b61a9fba38/run_tests]   | [INFO] Downloading from central: https://repo.maven.apache.org/maven2/log4j/log4j/1.2.12/log4j-1.2.12.pom
[6ab6bcc9-675f-4bef-9471-19b61a9fba38/run_tests]   | [INFO] Downloaded from central: https://repo.maven.apache.org/maven2/log4j/log4j/1.2.12/log4j-1.2.12.pom (145 B at 7.6 kB/s)
[6ab6bcc9-675f-4bef-9471-19b61a9fba38/run_tests]   | [INFO] Downloading from central: https://repo.maven.apache.org/maven2/commons-logging/commons-logging-api/1.1/commons-logging-api-1.1.pom
[6ab6bcc9-675f-4bef-9471-19b61a9fba38/run_tests]   | [INFO] Downloaded from central: https://repo.maven.apache.org/maven2/commons-logging/commons-logging-api/1.1/commons-logging-api-1.1.pom (5.3 kB at 382 kB/s)
[6ab6bcc9-675f-4bef-9471-19b61a9fba38/run_tests]   | [INFO] Downloading from central: https://repo.maven.apache.org/maven2/com/google/collections/google-collections/1.0/google-collections-1.0.pom
[6ab6bcc9-675f-4bef-9471-19b61a9fba38/run_tests]   | [INFO] Downloaded from central: https://repo.maven.apache.org/maven2/com/google/collections/google-collections/1.0/google-collections-1.0.pom (2.5 kB at 77 kB/s)
[6ab6bcc9-675f-4bef-9471-19b61a9fba38/run_tests]   | [INFO] Downloading from central: https://repo.maven.apache.org/maven2/com/google/google/1/google-1.pom
[6ab6bcc9-675f-4bef-9471-19b61a9fba38/run_tests]   | [INFO] Downloaded from central: https://repo.maven.apache.org/maven2/com/google/google/1/google-1.pom (1.6 kB at 71 kB/s)
[6ab6bcc9-675f-4bef-9471-19b61a9fba38/run_tests]   | [INFO] Downloading from central: https://repo.maven.apache.org/maven2/junit/junit/3.8.2/junit-3.8.2.pom
[6ab6bcc9-675f-4bef-9471-19b61a9fba38/run_tests]   | [INFO] Downloaded from central: https://repo.maven.apache.org/maven2/junit/junit/3.8.2/junit-3.8.2.pom (747 B at 42 kB/s)
[6ab6bcc9-675f-4bef-9471-19b61a9fba38/run_tests]   | [INFO] Downloading from central: https://repo.maven.apache.org/maven2/org/apache/maven/maven-plugin-api/2.0.9/maven-plugin-api-2.0.9.jar
[6ab6bcc9-675f-4bef-9471-19b61a9fba38/run_tests]   | [INFO] Downloading from central: https://repo.maven.apache.org/maven2/org/apache/maven/maven-artifact/2.0.9/maven-artifact-2.0.9.jar
[6ab6bcc9-675f-4bef-9471-19b61a9fba38/run_tests]   | [INFO] Downloading from central: https://repo.maven.apache.org/maven2/org/codehaus/plexus/plexus-utils/1.5.1/plexus-utils-1.5.1.jar
[6ab6bcc9-675f-4bef-9471-19b61a9fba38/run_tests]   | [INFO] Downloading from central: https://repo.maven.apache.org/maven2/org/apache/maven/maven-core/2.0.9/maven-core-2.0.9.jar
[6ab6bcc9-675f-4bef-9471-19b61a9fba38/run_tests]   | [INFO] Downloading from central: https://repo.maven.apache.org/maven2/org/apache/maven/maven-settings/2.0.9/maven-settings-2.0.9.jar
[6ab6bcc9-675f-4bef-9471-19b61a9fba38/run_tests]   | [INFO] Downloaded from central: https://repo.maven.apache.org/maven2/org/apache/maven/maven-plugin-api/2.0.9/maven-plugin-api-2.0.9.jar (13 kB at 496 kB/s)
[6ab6bcc9-675f-4bef-9471-19b61a9fba38/run_tests]   | [INFO] Downloading from central: https://repo.maven.apache.org/maven2/org/apache/maven/maven-plugin-parameter-documenter/2.0.9/maven-plugin-parameter-documenter-2.0.9.jar
[6ab6bcc9-675f-4bef-9471-19b61a9fba38/run_tests]   | [INFO] Downloaded from central: https://repo.maven.apache.org/maven2/org/codehaus/plexus/plexus-utils/1.5.1/plexus-utils-1.5.1.jar (211 kB at 5.0 MB/s)
[6ab6bcc9-675f-4bef-9471-19b61a9fba38/run_tests]   | [INFO] Downloaded from central: https://repo.maven.apache.org/maven2/org/apache/maven/maven-plugin-parameter-documenter/2.0.9/maven-plugin-parameter-documenter-2.0.9.jar (21 kB at 746 kB/s)
[6ab6bcc9-675f-4bef-9471-19b61a9fba38/run_tests]   | [INFO] Downloading from central: https://repo.maven.apache.org/maven2/org/apache/maven/maven-profile/2.0.9/maven-profile-2.0.9.jar
[6ab6bcc9-675f-4bef-9471-19b61a9fba38/run_tests]   | [INFO] Downloading from central: https://repo.maven.apache.org/maven2/org/apache/maven/maven-model/2.0.9/maven-model-2.0.9.jar
[6ab6bcc9-675f-4bef-9471-19b61a9fba38/run_tests]   | [INFO] Downloaded from central: https://repo.maven.apache.org/maven2/org/apache/maven/maven-artifact/2.0.9/maven-artifact-2.0.9.jar (89 kB at 1.8 MB/s)
[6ab6bcc9-675f-4bef-9471-19b61a9fba38/run_tests]   | [INFO] Downloading from central: https://repo.maven.apache.org/maven2/org/apache/maven/maven-repository-metadata/2.0.9/maven-repository-metadata-2.0.9.jar
[6ab6bcc9-675f-4bef-9471-19b61a9fba38/run_tests]   | [INFO] Downloaded from central: https://repo.maven.apache.org/maven2/org/apache/maven/maven-settings/2.0.9/maven-settings-2.0.9.jar (49 kB at 1.2 MB/s)
[6ab6bcc9-675f-4bef-9471-19b61a9fba38/run_tests]   | [INFO] Downloading from central: https://repo.maven.apache.org/maven2/org/apache/maven/maven-error-diagnostics/2.0.9/maven-error-diagnostics-2.0.9.jar
[6ab6bcc9-675f-4bef-9471-19b61a9fba38/run_tests]   | [INFO] Downloaded from central: https://repo.maven.apache.org/maven2/org/apache/maven/maven-core/2.0.9/maven-core-2.0.9.jar (160 kB at 2.9 MB/s)
[6ab6bcc9-675f-4bef-9471-19b61a9fba38/run_tests]   | [INFO] Downloading from central: https://repo.maven.apache.org/maven2/org/apache/maven/maven-project/2.0.9/maven-project-2.0.9.jar
[6ab6bcc9-675f-4bef-9471-19b61a9fba38/run_tests]   | [INFO] Downloaded from central: https://repo.maven.apache.org/maven2/org/apache/maven/maven-profile/2.0.9/maven-profile-2.0.9.jar (35 kB at 693 kB/s)
[6ab6bcc9-675f-4bef-9471-19b61a9fba38/run_tests]   | [INFO] Downloading from central: https://repo.maven.apache.org/maven2/org/apache/maven/maven-plugin-registry/2.0.9/maven-plugin-registry-2.0.9.jar
[6ab6bcc9-675f-4bef-9471-19b61a9fba38/run_tests]   | [INFO] Downloaded from central: https://repo.maven.apache.org/maven2/org/apache/maven/maven-model/2.0.9/maven-model-2.0.9.jar (87 kB at 1.7 MB/s)
[6ab6bcc9-675f-4bef-9471-19b61a9fba38/run_tests]   | [INFO] Downloading from central: https://repo.maven.apache.org/maven2/org/apache/maven/maven-plugin-descriptor/2.0.9/maven-plugin-descriptor-2.0.9.jar
[6ab6bcc9-675f-4bef-9471-19b61a9fba38/run_tests]   | [INFO] Downloaded from central: https://repo.maven.apache.org/maven2/org/apache/maven/maven-repository-metadata/2.0.9/maven-repository-metadata-2.0.9.jar (25 kB at 439 kB/s)
[6ab6bcc9-675f-4bef-9471-19b61a9fba38/run_tests]   | [INFO] Downloading from central: https://repo.maven.apache.org/maven2/org/apache/maven/maven-artifact-manager/2.0.9/maven-artifact-manager-2.0.9.jar
[6ab6bcc9-675f-4bef-9471-19b61a9fba38/run_tests]   | [INFO] Downloaded from central: https://repo.maven.apache.org/maven2/org/apache/maven/maven-error-diagnostics/2.0.9/maven-error-diagnostics-2.0.9.jar (14 kB at 215 kB/s)
[6ab6bcc9-675f-4bef-9471-19b61a9fba38/run_tests]   | [INFO] Downloading from central: https://repo.maven.apache.org/maven2/org/apache/maven/maven-monitor/2.0.9/maven-monitor-2.0.9.jar
[6ab6bcc9-675f-4bef-9471-19b61a9fba38/run_tests]   | [INFO] Downloaded from central: https://repo.maven.apache.org/maven2/org/apache/maven/maven-plugin-registry/2.0.9/maven-plugin-registry-2.0.9.jar (29 kB at 393 kB/s)
[6ab6bcc9-675f-4bef-9471-19b61a9fba38/run_tests]   | [INFO] Downloading from central: https://repo.maven.apache.org/maven2/org/apache/maven/maven-toolchain/1.0/maven-toolchain-1.0.jar
[6ab6bcc9-675f-4bef-9471-19b61a9fba38/run_tests]   | [INFO] Downloaded from central: https://repo.maven.apache.org/maven2/org/apache/maven/maven-project/2.0.9/maven-project-2.0.9.jar (122 kB at 1.6 MB/s)
[6ab6bcc9-675f-4bef-9471-19b61a9fba38/run_tests]   | [INFO] Downloading from central: https://repo.maven.apache.org/maven2/org/apache/maven/shared/maven-shared-utils/0.1/maven-shared-utils-0.1.jar
[6ab6bcc9-675f-4bef-9471-19b61a9fba38/run_tests]   | [INFO] Downloaded from central: https://repo.maven.apache.org/maven2/org/apache/maven/maven-artifact-manager/2.0.9/maven-artifact-manager-2.0.9.jar (58 kB at 732 kB/s)
[6ab6bcc9-675f-4bef-9471-19b61a9fba38/run_tests]   | [INFO] Downloading from central: https://repo.maven.apache.org/maven2/com/google/code/findbugs/jsr305/2.0.1/jsr305-2.0.1.jar
[6ab6bcc9-675f-4bef-9471-19b61a9fba38/run_tests]   | [INFO] Downloaded from central: https://repo.maven.apache.org/maven2/org/apache/maven/maven-monitor/2.0.9/maven-monitor-2.0.9.jar (10 kB at 120 kB/s)
[6ab6bcc9-675f-4bef-9471-19b61a9fba38/run_tests]   | [INFO] Downloading from central: https://repo.maven.apache.org/maven2/org/apache/maven/shared/maven-shared-incremental/1.1/maven-shared-incremental-1.1.jar
[6ab6bcc9-675f-4bef-9471-19b61a9fba38/run_tests]   | [INFO] Downloaded from central: https://repo.maven.apache.org/maven2/org/apache/maven/maven-plugin-descriptor/2.0.9/maven-plugin-descriptor-2.0.9.jar (37 kB at 431 kB/s)
[6ab6bcc9-675f-4bef-9471-19b61a9fba38/run_tests]   | [INFO] Downloading from central: https://repo.maven.apache.org/maven2/org/codehaus/plexus/plexus-component-annotations/1.5.5/plexus-component-annotations-1.5.5.jar
[6ab6bcc9-675f-4bef-9471-19b61a9fba38/run_tests]   | [INFO] Downloaded from central: https://repo.maven.apache.org/maven2/org/apache/maven/maven-toolchain/1.0/maven-toolchain-1.0.jar (33 kB at 346 kB/s)
[6ab6bcc9-675f-4bef-9471-19b61a9fba38/run_tests]   | [INFO] Downloading from central: https://repo.maven.apache.org/maven2/org/codehaus/plexus/plexus-compiler-api/2.2/plexus-compiler-api-2.2.jar
[6ab6bcc9-675f-4bef-9471-19b61a9fba38/run_tests]   | [INFO] Downloaded from central: https://repo.maven.apache.org/maven2/com/google/code/findbugs/jsr305/2.0.1/jsr305-2.0.1.jar (32 kB at 309 kB/s)
[6ab6bcc9-675f-4bef-9471-19b61a9fba38/run_tests]   | [INFO] Downloading from central: https://repo.maven.apache.org/maven2/org/codehaus/plexus/plexus-compiler-manager/2.2/plexus-compiler-manager-2.2.jar
[6ab6bcc9-675f-4bef-9471-19b61a9fba38/run_tests]   | [INFO] Downloaded from central: https://repo.maven.apache.org/maven2/org/apache/maven/shared/maven-shared-utils/0.1/maven-shared-utils-0.1.jar (155 kB at 1.5 MB/s)
[6ab6bcc9-675f-4bef-9471-19b61a9fba38/run_tests]   | [INFO] Downloading from central: https://repo.maven.apache.org/maven2/org/codehaus/plexus/plexus-compiler-javac/2.2/plexus-compiler-javac-2.2.jar
[6ab6bcc9-675f-4bef-9471-19b61a9fba38/run_tests]   | [INFO] Downloaded from central: https://repo.maven.apache.org/maven2/org/apache/maven/shared/maven-shared-incremental/1.1/maven-shared-incremental-1.1.jar (14 kB at 129 kB/s)
[6ab6bcc9-675f-4bef-9471-19b61a9fba38/run_tests]   | [INFO] Downloading from central: https://repo.maven.apache.org/maven2/org/codehaus/plexus/plexus-container-default/1.5.5/plexus-container-default-1.5.5.jar
[6ab6bcc9-675f-4bef-9471-19b61a9fba38/run_tests]   | [INFO] Downloaded from central: https://repo.maven.apache.org/maven2/org/codehaus/plexus/plexus-component-annotations/1.5.5/plexus-component-annotations-1.5.5.jar (4.2 kB at 39 kB/s)
[6ab6bcc9-675f-4bef-9471-19b61a9fba38/run_tests]   | [INFO] Downloading from central: https://repo.maven.apache.org/maven2/org/codehaus/plexus/plexus-classworlds/2.2.2/plexus-classworlds-2.2.2.jar
[6ab6bcc9-675f-4bef-9471-19b61a9fba38/run_tests]   | [INFO] Downloaded from central: https://repo.maven.apache.org/maven2/org/codehaus/plexus/plexus-compiler-api/2.2/plexus-compiler-api-2.2.jar (25 kB at 221 kB/s)
[6ab6bcc9-675f-4bef-9471-19b61a9fba38/run_tests]   | [INFO] Downloading from central: https://repo.maven.apache.org/maven2/org/apache/xbean/xbean-reflect/3.4/xbean-reflect-3.4.jar
[6ab6bcc9-675f-4bef-9471-19b61a9fba38/run_tests]   | [INFO] Downloaded from central: https://repo.maven.apache.org/maven2/org/codehaus/plexus/plexus-classworlds/2.2.2/plexus-classworlds-2.2.2.jar (46 kB at 372 kB/s)
[6ab6bcc9-675f-4bef-9471-19b61a9fba38/run_tests]   | [INFO] Downloading from central: https://repo.maven.apache.org/maven2/log4j/log4j/1.2.12/log4j-1.2.12.jar
[6ab6bcc9-675f-4bef-9471-19b61a9fba38/run_tests]   | [INFO] Downloaded from central: https://repo.maven.apache.org/maven2/org/codehaus/plexus/plexus-compiler-manager/2.2/plexus-compiler-manager-2.2.jar (4.6 kB at 35 kB/s)
[6ab6bcc9-675f-4bef-9471-19b61a9fba38/run_tests]   | [INFO] Downloaded from central: https://repo.maven.apache.org/maven2/org/codehaus/plexus/plexus-compiler-javac/2.2/plexus-compiler-javac-2.2.jar (19 kB at 146 kB/s)
[6ab6bcc9-675f-4bef-9471-19b61a9fba38/run_tests]   | [INFO] Downloading from central: https://repo.maven.apache.org/maven2/commons-logging/commons-logging-api/1.1/commons-logging-api-1.1.jar
[6ab6bcc9-675f-4bef-9471-19b61a9fba38/run_tests]   | [INFO] Downloaded from central: https://repo.maven.apache.org/maven2/org/codehaus/plexus/plexus-container-default/1.5.5/plexus-container-default-1.5.5.jar (217 kB at 1.7 MB/s)
[6ab6bcc9-675f-4bef-9471-19b61a9fba38/run_tests]   | [INFO] Downloading from central: https://repo.maven.apache.org/maven2/junit/junit/3.8.2/junit-3.8.2.jar
[6ab6bcc9-675f-4bef-9471-19b61a9fba38/run_tests]   | [INFO] Downloading from central: https://repo.maven.apache.org/maven2/com/google/collections/google-collections/1.0/google-collections-1.0.jar
[6ab6bcc9-675f-4bef-9471-19b61a9fba38/run_tests]   | [INFO] Downloaded from central: https://repo.maven.apache.org/maven2/org/apache/xbean/xbean-reflect/3.4/xbean-reflect-3.4.jar (134 kB at 936 kB/s)
[6ab6bcc9-675f-4bef-9471-19b61a9fba38/run_tests]   | [INFO] Downloaded from central: https://repo.maven.apache.org/maven2/commons-logging/commons-logging-api/1.1/commons-logging-api-1.1.jar (45 kB at 288 kB/s)
[6ab6bcc9-675f-4bef-9471-19b61a9fba38/run_tests]   | [INFO] Downloaded from central: https://repo.maven.apache.org/maven2/junit/junit/3.8.2/junit-3.8.2.jar (121 kB at 754 kB/s)
[6ab6bcc9-675f-4bef-9471-19b61a9fba38/run_tests]   | [INFO] Downloaded from central: https://repo.maven.apache.org/maven2/com/google/collections/google-collections/1.0/google-collections-1.0.jar (640 kB at 3.6 MB/s)
[6ab6bcc9-675f-4bef-9471-19b61a9fba38/run_tests]   | [INFO] Downloaded from central: https://repo.maven.apache.org/maven2/log4j/log4j/1.2.12/log4j-1.2.12.jar (358 kB at 2.0 MB/s)
[6ab6bcc9-675f-4bef-9471-19b61a9fba38/run_tests]   | [INFO] Changes detected - recompiling the module!
[6ab6bcc9-675f-4bef-9471-19b61a9fba38/run_tests]   | [INFO] Compiling 297 source files to /tmp/8f50300a-0456-4519-85d3-ebf12f552732/target/classes
[6ab6bcc9-675f-4bef-9471-19b61a9fba38/run_tests]   | [WARNING] /tmp/8f50300a-0456-4519-85d3-ebf12f552732/src/main/java/org/byteskript/skript/runtime/UnsafeAccessor.java:[11,16] sun.misc.Unsafe is internal proprietary API and may be removed in a future release
[6ab6bcc9-675f-4bef-9471-19b61a9fba38/run_tests]   | [WARNING] /tmp/8f50300a-0456-4519-85d3-ebf12f552732/src/main/java/org/byteskript/skript/runtime/UnsafeAccessor.java:[23,28] sun.misc.Unsafe is internal proprietary API and may be removed in a future release
[6ab6bcc9-675f-4bef-9471-19b61a9fba38/run_tests]   | [WARNING] /tmp/8f50300a-0456-4519-85d3-ebf12f552732/src/main/java/org/byteskript/skript/runtime/UnsafeAccessor.java:[27,93] sun.misc.Unsafe is internal proprietary API and may be removed in a future release
[6ab6bcc9-675f-4bef-9471-19b61a9fba38/run_tests]   | [WARNING] /tmp/8f50300a-0456-4519-85d3-ebf12f552732/src/main/java/org/byteskript/skript/runtime/UnsafeAccessor.java:[28,37] sun.misc.Unsafe is internal proprietary API and may be removed in a future release
[6ab6bcc9-675f-4bef-9471-19b61a9fba38/run_tests]   | [WARNING] /tmp/8f50300a-0456-4519-85d3-ebf12f552732/src/main/java/org/byteskript/skript/runtime/UnsafeAccessor.java:[30,25] sun.misc.Unsafe is internal proprietary API and may be removed in a future release
[6ab6bcc9-675f-4bef-9471-19b61a9fba38/run_tests]   | [WARNING] /tmp/8f50300a-0456-4519-85d3-ebf12f552732/src/main/java/org/byteskript/skript/runtime/UnsafeAccessor.java:[37,22] sun.misc.Unsafe is internal proprietary API and may be removed in a future release
[6ab6bcc9-675f-4bef-9471-19b61a9fba38/run_tests]   | [WARNING] /tmp/8f50300a-0456-4519-85d3-ebf12f552732/src/main/java/org/byteskript/skript/compiler/SkriptLangSpec.java: Some input files use or override a deprecated API.
[6ab6bcc9-675f-4bef-9471-19b61a9fba38/run_tests]   | [WARNING] /tmp/8f50300a-0456-4519-85d3-ebf12f552732/src/main/java/org/byteskript/skript/compiler/SkriptLangSpec.java: Recompile with -Xlint:deprecation for details.
[6ab6bcc9-675f-4bef-9471-19b61a9fba38/run_tests]   | [WARNING] /tmp/8f50300a-0456-4519-85d3-ebf12f552732/src/main/java/org/byteskript/skript/compiler/SkriptLangSpec.java: Some input files use or override a deprecated API that is marked for removal.
[6ab6bcc9-675f-4bef-9471-19b61a9fba38/run_tests]   | [WARNING] /tmp/8f50300a-0456-4519-85d3-ebf12f552732/src/main/java/org/byteskript/skript/compiler/SkriptLangSpec.java: Recompile with -Xlint:removal for details.
[6ab6bcc9-675f-4bef-9471-19b61a9fba38/run_tests]   | [WARNING] /tmp/8f50300a-0456-4519-85d3-ebf12f552732/src/main/java/org/byteskript/skript/compiler/ElementTree.java: Some input files use unchecked or unsafe operations.
[6ab6bcc9-675f-4bef-9471-19b61a9fba38/run_tests]   | [WARNING] /tmp/8f50300a-0456-4519-85d3-ebf12f552732/src/main/java/org/byteskript/skript/compiler/ElementTree.java: Recompile with -Xlint:unchecked for details.
[6ab6bcc9-675f-4bef-9471-19b61a9fba38/run_tests]   | [INFO] 
[6ab6bcc9-675f-4bef-9471-19b61a9fba38/run_tests]   | [INFO] --- maven-resources-plugin:2.6:testResources (default-testResources) @ byteskript ---
[6ab6bcc9-675f-4bef-9471-19b61a9fba38/run_tests]   | [INFO] Using 'UTF-8' encoding to copy filtered resources.
[6ab6bcc9-675f-4bef-9471-19b61a9fba38/run_tests]   | [INFO] Copying 99 resources
[6ab6bcc9-675f-4bef-9471-19b61a9fba38/run_tests]   | [INFO] 
[6ab6bcc9-675f-4bef-9471-19b61a9fba38/run_tests]   | [INFO] --- maven-compiler-plugin:3.1:testCompile (default-testCompile) @ byteskript ---
[6ab6bcc9-675f-4bef-9471-19b61a9fba38/run_tests]   | [INFO] Changes detected - recompiling the module!
[6ab6bcc9-675f-4bef-9471-19b61a9fba38/run_tests]   | [INFO] Compiling 11 source files to /tmp/8f50300a-0456-4519-85d3-ebf12f552732/target/test-classes
[6ab6bcc9-675f-4bef-9471-19b61a9fba38/run_tests]   | [INFO] 
[6ab6bcc9-675f-4bef-9471-19b61a9fba38/run_tests]   | [INFO] --- maven-surefire-plugin:2.12.4:test (default-test) @ byteskript ---
[6ab6bcc9-675f-4bef-9471-19b61a9fba38/run_tests]   | [INFO] Downloading from central: https://repo.maven.apache.org/maven2/org/apache/maven/surefire/surefire-booter/2.12.4/surefire-booter-2.12.4.pom
[6ab6bcc9-675f-4bef-9471-19b61a9fba38/run_tests]   | [INFO] Downloaded from central: https://repo.maven.apache.org/maven2/org/apache/maven/surefire/surefire-booter/2.12.4/surefire-booter-2.12.4.pom (3.0 kB at 253 kB/s)
[6ab6bcc9-675f-4bef-9471-19b61a9fba38/run_tests]   | [INFO] Downloading from central: https://repo.maven.apache.org/maven2/org/apache/maven/surefire/surefire-api/2.12.4/surefire-api-2.12.4.pom
[6ab6bcc9-675f-4bef-9471-19b61a9fba38/run_tests]   | [INFO] Downloaded from central: https://repo.maven.apache.org/maven2/org/apache/maven/surefire/surefire-api/2.12.4/surefire-api-2.12.4.pom (2.5 kB at 415 kB/s)
[6ab6bcc9-675f-4bef-9471-19b61a9fba38/run_tests]   | [INFO] Downloading from central: https://repo.maven.apache.org/maven2/org/apache/maven/surefire/maven-surefire-common/2.12.4/maven-surefire-common-2.12.4.pom
[6ab6bcc9-675f-4bef-9471-19b61a9fba38/run_tests]   | [INFO] Downloaded from central: https://repo.maven.apache.org/maven2/org/apache/maven/surefire/maven-surefire-common/2.12.4/maven-surefire-common-2.12.4.pom (5.5 kB at 790 kB/s)
[6ab6bcc9-675f-4bef-9471-19b61a9fba38/run_tests]   | [INFO] Downloading from central: https://repo.maven.apache.org/maven2/org/apache/maven/plugin-tools/maven-plugin-annotations/3.1/maven-plugin-annotations-3.1.pom
[6ab6bcc9-675f-4bef-9471-19b61a9fba38/run_tests]   | [INFO] Downloaded from central: https://repo.maven.apache.org/maven2/org/apache/maven/plugin-tools/maven-plugin-annotations/3.1/maven-plugin-annotations-3.1.pom (1.6 kB at 271 kB/s)
[6ab6bcc9-675f-4bef-9471-19b61a9fba38/run_tests]   | [INFO] Downloading from central: https://repo.maven.apache.org/maven2/org/apache/maven/plugin-tools/maven-plugin-tools/3.1/maven-plugin-tools-3.1.pom
[6ab6bcc9-675f-4bef-9471-19b61a9fba38/run_tests]   | [INFO] Downloaded from central: https://repo.maven.apache.org/maven2/org/apache/maven/plugin-tools/maven-plugin-tools/3.1/maven-plugin-tools-3.1.pom (16 kB at 2.7 MB/s)
[6ab6bcc9-675f-4bef-9471-19b61a9fba38/run_tests]   | [INFO] Downloading from central: https://repo.maven.apache.org/maven2/org/apache/maven/reporting/maven-reporting-api/2.0.9/maven-reporting-api-2.0.9.pom
[6ab6bcc9-675f-4bef-9471-19b61a9fba38/run_tests]   | [INFO] Downloaded from central: https://repo.maven.apache.org/maven2/org/apache/maven/reporting/maven-reporting-api/2.0.9/maven-reporting-api-2.0.9.pom (1.8 kB at 300 kB/s)
[6ab6bcc9-675f-4bef-9471-19b61a9fba38/run_tests]   | [INFO] Downloading from central: https://repo.maven.apache.org/maven2/org/apache/maven/reporting/maven-reporting/2.0.9/maven-reporting-2.0.9.pom
[6ab6bcc9-675f-4bef-9471-19b61a9fba38/run_tests]   | [INFO] Downloaded from central: https://repo.maven.apache.org/maven2/org/apache/maven/reporting/maven-reporting/2.0.9/maven-reporting-2.0.9.pom (1.5 kB at 246 kB/s)
[6ab6bcc9-675f-4bef-9471-19b61a9fba38/run_tests]   | [INFO] Downloading from central: https://repo.maven.apache.org/maven2/org/apache/maven/maven-toolchain/2.0.9/maven-toolchain-2.0.9.pom
[6ab6bcc9-675f-4bef-9471-19b61a9fba38/run_tests]   | [INFO] Downloaded from central: https://repo.maven.apache.org/maven2/org/apache/maven/maven-toolchain/2.0.9/maven-toolchain-2.0.9.pom (3.5 kB at 579 kB/s)
[6ab6bcc9-675f-4bef-9471-19b61a9fba38/run_tests]   | [INFO] Downloading from central: https://repo.maven.apache.org/maven2/org/apache/commons/commons-lang3/3.1/commons-lang3-3.1.pom
[6ab6bcc9-675f-4bef-9471-19b61a9fba38/run_tests]   | [INFO] Downloaded from central: https://repo.maven.apache.org/maven2/org/apache/commons/commons-lang3/3.1/commons-lang3-3.1.pom (17 kB at 2.8 MB/s)
[6ab6bcc9-675f-4bef-9471-19b61a9fba38/run_tests]   | [INFO] Downloading from central: https://repo.maven.apache.org/maven2/org/apache/commons/commons-parent/22/commons-parent-22.pom
[6ab6bcc9-675f-4bef-9471-19b61a9fba38/run_tests]   | [INFO] Downloaded from central: https://repo.maven.apache.org/maven2/org/apache/commons/commons-parent/22/commons-parent-22.pom (42 kB at 4.2 MB/s)
[6ab6bcc9-675f-4bef-9471-19b61a9fba38/run_tests]   | [INFO] Downloading from central: https://repo.maven.apache.org/maven2/org/apache/apache/9/apache-9.pom
[6ab6bcc9-675f-4bef-9471-19b61a9fba38/run_tests]   | [INFO] Downloaded from central: https://repo.maven.apache.org/maven2/org/apache/apache/9/apache-9.pom (15 kB at 1.9 MB/s)
[6ab6bcc9-675f-4bef-9471-19b61a9fba38/run_tests]   | [INFO] Downloading from central: https://repo.maven.apache.org/maven2/org/apache/maven/shared/maven-common-artifact-filters/1.3/maven-common-artifact-filters-1.3.pom
[6ab6bcc9-675f-4bef-9471-19b61a9fba38/run_tests]   | [INFO] Downloaded from central: https://repo.maven.apache.org/maven2/org/apache/maven/shared/maven-common-artifact-filters/1.3/maven-common-artifact-filters-1.3.pom (3.7 kB at 529 kB/s)
[6ab6bcc9-675f-4bef-9471-19b61a9fba38/run_tests]   | [INFO] Downloading from central: https://repo.maven.apache.org/maven2/org/apache/maven/shared/maven-shared-components/12/maven-shared-components-12.pom
[6ab6bcc9-675f-4bef-9471-19b61a9fba38/run_tests]   | [INFO] Downloaded from central: https://repo.maven.apache.org/maven2/org/apache/maven/shared/maven-shared-components/12/maven-shared-components-12.pom (9.3 kB at 1.3 MB/s)
[6ab6bcc9-675f-4bef-9471-19b61a9fba38/run_tests]   | [INFO] Downloading from central: https://repo.maven.apache.org/maven2/org/apache/maven/maven-parent/13/maven-parent-13.pom
[6ab6bcc9-675f-4bef-9471-19b61a9fba38/run_tests]   | [INFO] Downloaded from central: https://repo.maven.apache.org/maven2/org/apache/maven/maven-parent/13/maven-parent-13.pom (23 kB at 2.3 MB/s)
[6ab6bcc9-675f-4bef-9471-19b61a9fba38/run_tests]   | [INFO] Downloading from central: https://repo.maven.apache.org/maven2/org/apache/apache/6/apache-6.pom
[6ab6bcc9-675f-4bef-9471-19b61a9fba38/run_tests]   | [INFO] Downloaded from central: https://repo.maven.apache.org/maven2/org/apache/apache/6/apache-6.pom (13 kB at 1.4 MB/s)
[6ab6bcc9-675f-4bef-9471-19b61a9fba38/run_tests]   | [INFO] Downloading from central: https://repo.maven.apache.org/maven2/org/codehaus/plexus/plexus-container-default/1.0-alpha-9/plexus-container-default-1.0-alpha-9.pom
[6ab6bcc9-675f-4bef-9471-19b61a9fba38/run_tests]   | [INFO] Downloaded from central: https://repo.maven.apache.org/maven2/org/codehaus/plexus/plexus-container-default/1.0-alpha-9/plexus-container-default-1.0-alpha-9.pom (1.2 kB at 154 kB/s)
[6ab6bcc9-675f-4bef-9471-19b61a9fba38/run_tests]   | [INFO] Downloading from central: https://repo.maven.apache.org/maven2/org/apache/maven/surefire/surefire-booter/2.12.4/surefire-booter-2.12.4.jar
[6ab6bcc9-675f-4bef-9471-19b61a9fba38/run_tests]   | [INFO] Downloading from central: https://repo.maven.apache.org/maven2/org/apache/maven/surefire/surefire-api/2.12.4/surefire-api-2.12.4.jar
[6ab6bcc9-675f-4bef-9471-19b61a9fba38/run_tests]   | [INFO] Downloading from central: https://repo.maven.apache.org/maven2/org/apache/maven/surefire/maven-surefire-common/2.12.4/maven-surefire-common-2.12.4.jar
[6ab6bcc9-675f-4bef-9471-19b61a9fba38/run_tests]   | [INFO] Downloading from central: https://repo.maven.apache.org/maven2/org/apache/commons/commons-lang3/3.1/commons-lang3-3.1.jar
[6ab6bcc9-675f-4bef-9471-19b61a9fba38/run_tests]   | [INFO] Downloading from central: https://repo.maven.apache.org/maven2/org/apache/maven/shared/maven-common-artifact-filters/1.3/maven-common-artifact-filters-1.3.jar
[6ab6bcc9-675f-4bef-9471-19b61a9fba38/run_tests]   | [INFO] Downloaded from central: https://repo.maven.apache.org/maven2/org/apache/maven/surefire/surefire-booter/2.12.4/surefire-booter-2.12.4.jar (35 kB at 1.9 MB/s)
[6ab6bcc9-675f-4bef-9471-19b61a9fba38/run_tests]   | [INFO] Downloading from central: https://repo.maven.apache.org/maven2/org/codehaus/plexus/plexus-utils/3.0.8/plexus-utils-3.0.8.jar
[6ab6bcc9-675f-4bef-9471-19b61a9fba38/run_tests]   | [INFO] Downloaded from central: https://repo.maven.apache.org/maven2/org/apache/maven/surefire/surefire-api/2.12.4/surefire-api-2.12.4.jar (118 kB at 6.2 MB/s)
[6ab6bcc9-675f-4bef-9471-19b61a9fba38/run_tests]   | [INFO] Downloading from central: https://repo.maven.apache.org/maven2/org/apache/maven/reporting/maven-reporting-api/2.0.9/maven-reporting-api-2.0.9.jar
[6ab6bcc9-675f-4bef-9471-19b61a9fba38/run_tests]   | [INFO] Downloaded from central: https://repo.maven.apache.org/maven2/org/apache/maven/shared/maven-common-artifact-filters/1.3/maven-common-artifact-filters-1.3.jar (31 kB at 1.6 MB/s)
[6ab6bcc9-675f-4bef-9471-19b61a9fba38/run_tests]   | [INFO] Downloading from central: https://repo.maven.apache.org/maven2/org/apache/maven/maven-toolchain/2.0.9/maven-toolchain-2.0.9.jar
[6ab6bcc9-675f-4bef-9471-19b61a9fba38/run_tests]   | [INFO] Downloaded from central: https://repo.maven.apache.org/maven2/org/apache/maven/surefire/maven-surefire-common/2.12.4/maven-surefire-common-2.12.4.jar (263 kB at 9.4 MB/s)
[6ab6bcc9-675f-4bef-9471-19b61a9fba38/run_tests]   | [INFO] Downloading from central: https://repo.maven.apache.org/maven2/org/apache/maven/plugin-tools/maven-plugin-annotations/3.1/maven-plugin-annotations-3.1.jar
[6ab6bcc9-675f-4bef-9471-19b61a9fba38/run_tests]   | [INFO] Downloaded from central: https://repo.maven.apache.org/maven2/org/apache/commons/commons-lang3/3.1/commons-lang3-3.1.jar (316 kB at 10 MB/s)
[6ab6bcc9-675f-4bef-9471-19b61a9fba38/run_tests]   | [INFO] Downloaded from central: https://repo.maven.apache.org/maven2/org/apache/maven/maven-toolchain/2.0.9/maven-toolchain-2.0.9.jar (38 kB at 904 kB/s)
[6ab6bcc9-675f-4bef-9471-19b61a9fba38/run_tests]   | [INFO] Downloaded from central: https://repo.maven.apache.org/maven2/org/apache/maven/reporting/maven-reporting-api/2.0.9/maven-reporting-api-2.0.9.jar (10 kB at 241 kB/s)
[6ab6bcc9-675f-4bef-9471-19b61a9fba38/run_tests]   | [INFO] Downloaded from central: https://repo.maven.apache.org/maven2/org/codehaus/plexus/plexus-utils/3.0.8/plexus-utils-3.0.8.jar (232 kB at 4.1 MB/s)
[6ab6bcc9-675f-4bef-9471-19b61a9fba38/run_tests]   | [INFO] Downloaded from central: https://repo.maven.apache.org/maven2/org/apache/maven/plugin-tools/maven-plugin-annotations/3.1/maven-plugin-annotations-3.1.jar (14 kB at 250 kB/s)
[6ab6bcc9-675f-4bef-9471-19b61a9fba38/run_tests]   | [INFO] Surefire report directory: /tmp/8f50300a-0456-4519-85d3-ebf12f552732/target/surefire-reports
[6ab6bcc9-675f-4bef-9471-19b61a9fba38/run_tests]   | [INFO] Downloading from central: https://repo.maven.apache.org/maven2/org/apache/maven/surefire/surefire-junit4/2.12.4/surefire-junit4-2.12.4.pom
[6ab6bcc9-675f-4bef-9471-19b61a9fba38/run_tests]   | [INFO] Downloaded from central: https://repo.maven.apache.org/maven2/org/apache/maven/surefire/surefire-junit4/2.12.4/surefire-junit4-2.12.4.pom (2.4 kB at 65 kB/s)
[6ab6bcc9-675f-4bef-9471-19b61a9fba38/run_tests]   | [INFO] Downloading from central: https://repo.maven.apache.org/maven2/org/apache/maven/surefire/surefire-providers/2.12.4/surefire-providers-2.12.4.pom
[6ab6bcc9-675f-4bef-9471-19b61a9fba38/run_tests]   | [INFO] Downloaded from central: https://repo.maven.apache.org/maven2/org/apache/maven/surefire/surefire-providers/2.12.4/surefire-providers-2.12.4.pom (2.3 kB at 76 kB/s)
[6ab6bcc9-675f-4bef-9471-19b61a9fba38/run_tests]   | [INFO] Downloading from central: https://repo.maven.apache.org/maven2/org/apache/maven/surefire/surefire-junit4/2.12.4/surefire-junit4-2.12.4.jar
[6ab6bcc9-675f-4bef-9471-19b61a9fba38/run_tests]   | [INFO] Downloaded from central: https://repo.maven.apache.org/maven2/org/apache/maven/surefire/surefire-junit4/2.12.4/surefire-junit4-2.12.4.jar (37 kB at 1.8 MB/s)
[6ab6bcc9-675f-4bef-9471-19b61a9fba38/run_tests]   | 
[6ab6bcc9-675f-4bef-9471-19b61a9fba38/run_tests]   | -------------------------------------------------------
[6ab6bcc9-675f-4bef-9471-19b61a9fba38/run_tests]   |  T E S T S
[6ab6bcc9-675f-4bef-9471-19b61a9fba38/run_tests]   | -------------------------------------------------------
[6ab6bcc9-675f-4bef-9471-19b61a9fba38/run_tests]   | Running org.byteskript.skript.test.ConfigTest
[6ab6bcc9-675f-4bef-9471-19b61a9fba38/run_tests]   | Tests run: 2, Failures: 0, Errors: 0, Skipped: 0, Time elapsed: 0.05 sec
[6ab6bcc9-675f-4bef-9471-19b61a9fba38/run_tests]   | Running org.byteskript.skript.test.RecompileTest
[6ab6bcc9-675f-4bef-9471-19b61a9fba38/run_tests]   | Tests run: 1, Failures: 0, Errors: 0, Skipped: 0, Time elapsed: 0.177 sec
[6ab6bcc9-675f-4bef-9471-19b61a9fba38/run_tests]   | Running org.byteskript.skript.test.SyntaxTest
[6ab6bcc9-675f-4bef-9471-19b61a9fba38/run_tests]   | Running test 'addeffect':
[6ab6bcc9-675f-4bef-9471-19b61a9fba38/run_tests]   | 	✓ Parsed in 34 milliseconds.
[6ab6bcc9-675f-4bef-9471-19b61a9fba38/run_tests]   | 	✓ Run in 2 milliseconds.
[6ab6bcc9-675f-4bef-9471-19b61a9fba38/run_tests]   | Running test 'anyloadevent':
[6ab6bcc9-675f-4bef-9471-19b61a9fba38/run_tests]   | 	✓ Parsed in 15 milliseconds.
[6ab6bcc9-675f-4bef-9471-19b61a9fba38/run_tests]   | 	✓ Run in 1 milliseconds.
[6ab6bcc9-675f-4bef-9471-19b61a9fba38/run_tests]   | Running test 'asserteffect':
[6ab6bcc9-675f-4bef-9471-19b61a9fba38/run_tests]   | 	✓ Parsed in 4 milliseconds.
[6ab6bcc9-675f-4bef-9471-19b61a9fba38/run_tests]   | 	✓ Run in 0 milliseconds.
[6ab6bcc9-675f-4bef-9471-19b61a9fba38/run_tests]   | Running test 'atomicvariable':
[6ab6bcc9-675f-4bef-9471-19b61a9fba38/run_tests]   | 	✓ Parsed in 37 milliseconds.
[6ab6bcc9-675f-4bef-9471-19b61a9fba38/run_tests]   | 	✓ Run in 5 milliseconds.
[6ab6bcc9-675f-4bef-9471-19b61a9fba38/run_tests]   | Running test 'binaryotherwise':
[6ab6bcc9-675f-4bef-9471-19b61a9fba38/run_tests]   | 	✓ Parsed in 18 milliseconds.
[6ab6bcc9-675f-4bef-9471-19b61a9fba38/run_tests]   | 	✓ Run in 1 milliseconds.
[6ab6bcc9-675f-4bef-9471-19b61a9fba38/run_tests]   | Running test 'bracket':
[6ab6bcc9-675f-4bef-9471-19b61a9fba38/run_tests]   | 	✓ Parsed in 5 milliseconds.
[6ab6bcc9-675f-4bef-9471-19b61a9fba38/run_tests]   | 	✓ Run in 1 milliseconds.
[6ab6bcc9-675f-4bef-9471-19b61a9fba38/run_tests]   | Running test 'breakeffect':
[6ab6bcc9-675f-4bef-9471-19b61a9fba38/run_tests]   | 	✓ Parsed in 5 milliseconds.
[6ab6bcc9-675f-4bef-9471-19b61a9fba38/run_tests]   | 	✓ Run in 0 milliseconds.
[6ab6bcc9-675f-4bef-9471-19b61a9fba38/run_tests]   | Running test 'breakifeffect':
[6ab6bcc9-675f-4bef-9471-19b61a9fba38/run_tests]   | 	✓ Parsed in 4 milliseconds.
[6ab6bcc9-675f-4bef-9471-19b61a9fba38/run_tests]   | 	✓ Run in 0 milliseconds.
[6ab6bcc9-675f-4bef-9471-19b61a9fba38/run_tests]   | Running test 'breakloopeffect':
[6ab6bcc9-675f-4bef-9471-19b61a9fba38/run_tests]   | 	✓ Parsed in 9 milliseconds.
[6ab6bcc9-675f-4bef-9471-19b61a9fba38/run_tests]   | 	✓ Run in 1 milliseconds.
[6ab6bcc9-675f-4bef-9471-19b61a9fba38/run_tests]   | Running test 'clearlist':
[6ab6bcc9-675f-4bef-9471-19b61a9fba38/run_tests]   | 	✓ Parsed in 7 milliseconds.
[6ab6bcc9-675f-4bef-9471-19b61a9fba38/run_tests]   | 	✓ Run in 1 milliseconds.
[6ab6bcc9-675f-4bef-9471-19b61a9fba38/run_tests]   | Running test 'compiler':
[6ab6bcc9-675f-4bef-9471-19b61a9fba38/run_tests]   | 	✓ Parsed in 1 milliseconds.
[6ab6bcc9-675f-4bef-9471-19b61a9fba38/run_tests]   | 	✓ Run in 1 milliseconds.
[6ab6bcc9-675f-4bef-9471-19b61a9fba38/run_tests]   | Running test 'configcreator':
[6ab6bcc9-675f-4bef-9471-19b61a9fba38/run_tests]   | 	✓ Parsed in 4 milliseconds.
[6ab6bcc9-675f-4bef-9471-19b61a9fba38/run_tests]   | 	✓ Run in 0 milliseconds.
[6ab6bcc9-675f-4bef-9471-19b61a9fba38/run_tests]   | Running test 'configfile':
[6ab6bcc9-675f-4bef-9471-19b61a9fba38/run_tests]   | 	✓ Parsed in 8 milliseconds.
[6ab6bcc9-675f-4bef-9471-19b61a9fba38/run_tests]   | 	✓ Run in 2 milliseconds.
[6ab6bcc9-675f-4bef-9471-19b61a9fba38/run_tests]   | Running test 'contains':
[6ab6bcc9-675f-4bef-9471-19b61a9fba38/run_tests]   | 	✓ Parsed in 6 milliseconds.
[6ab6bcc9-675f-4bef-9471-19b61a9fba38/run_tests]   | 	✓ Run in 0 milliseconds.
[6ab6bcc9-675f-4bef-9471-19b61a9fba38/run_tests]   | Running test 'continueeffect':
[6ab6bcc9-675f-4bef-9471-19b61a9fba38/run_tests]   | 	✓ Parsed in 2 milliseconds.
[6ab6bcc9-675f-4bef-9471-19b61a9fba38/run_tests]   | 	✓ Run in 0 milliseconds.
[6ab6bcc9-675f-4bef-9471-19b61a9fba38/run_tests]   | Running test 'conversion':
[6ab6bcc9-675f-4bef-9471-19b61a9fba38/run_tests]   | 	✓ Parsed in 2 milliseconds.
[6ab6bcc9-675f-4bef-9471-19b61a9fba38/run_tests]   | 	✓ Run in 1 milliseconds.
[6ab6bcc9-675f-4bef-9471-19b61a9fba38/run_tests]   | Running test 'currentevent':
[6ab6bcc9-675f-4bef-9471-19b61a9fba38/run_tests]   | 	✓ Parsed in 6 milliseconds.
[6ab6bcc9-675f-4bef-9471-19b61a9fba38/run_tests]   | 	✓ Run in 0 milliseconds.
[6ab6bcc9-675f-4bef-9471-19b61a9fba38/run_tests]   | Running test 'currentscript':
[6ab6bcc9-675f-4bef-9471-19b61a9fba38/run_tests]   | 	✓ Parsed in 1 milliseconds.
[6ab6bcc9-675f-4bef-9471-19b61a9fba38/run_tests]   | 	✓ Run in 0 milliseconds.
[6ab6bcc9-675f-4bef-9471-19b61a9fba38/run_tests]   | Running test 'customsyntax':
[6ab6bcc9-675f-4bef-9471-19b61a9fba38/run_tests]   | 	✓ Parsed in 3 milliseconds.
[6ab6bcc9-675f-4bef-9471-19b61a9fba38/run_tests]   | 	✓ Run in 0 milliseconds.
[6ab6bcc9-675f-4bef-9471-19b61a9fba38/run_tests]   | Running test 'deleteeffect':
[6ab6bcc9-675f-4bef-9471-19b61a9fba38/run_tests]   | 	✓ Parsed in 3 milliseconds.
[6ab6bcc9-675f-4bef-9471-19b61a9fba38/run_tests]   | 	✓ Run in 1 milliseconds.
[6ab6bcc9-675f-4bef-9471-19b61a9fba38/run_tests]   | Running test 'dictionary':
[6ab6bcc9-675f-4bef-9471-19b61a9fba38/run_tests]   | 	✓ Parsed in 5 milliseconds.
[6ab6bcc9-675f-4bef-9471-19b61a9fba38/run_tests]   | 	✓ Run in 2 milliseconds.
[6ab6bcc9-675f-4bef-9471-19b61a9fba38/run_tests]   | Running test 'dynamicfunction':
[6ab6bcc9-675f-4bef-9471-19b61a9fba38/run_tests]   | 	✓ Parsed in 6 milliseconds.
[6ab6bcc9-675f-4bef-9471-19b61a9fba38/run_tests]   | 	✓ Run in 3 milliseconds.
[6ab6bcc9-675f-4bef-9471-19b61a9fba38/run_tests]   | Running test 'every':
[6ab6bcc9-675f-4bef-9471-19b61a9fba38/run_tests]   | 	✓ Parsed in 3 milliseconds.
[6ab6bcc9-675f-4bef-9471-19b61a9fba38/run_tests]   | 	✓ Run in 0 milliseconds.
[6ab6bcc9-675f-4bef-9471-19b61a9fba38/run_tests]   | Running test 'exists':
[6ab6bcc9-675f-4bef-9471-19b61a9fba38/run_tests]   | 	✓ Parsed in 4 milliseconds.
[6ab6bcc9-675f-4bef-9471-19b61a9fba38/run_tests]   | 	✓ Run in 1 milliseconds.
[6ab6bcc9-675f-4bef-9471-19b61a9fba38/run_tests]   | Running test 'extends':
[6ab6bcc9-675f-4bef-9471-19b61a9fba38/run_tests]   | 	✓ Parsed in 5 milliseconds.
[6ab6bcc9-675f-4bef-9471-19b61a9fba38/run_tests]   | 	✓ Run in 0 milliseconds.
[6ab6bcc9-675f-4bef-9471-19b61a9fba38/run_tests]   | Running test 'externalfunction':
[6ab6bcc9-675f-4bef-9471-19b61a9fba38/run_tests]   | 	✓ Parsed in 4 milliseconds.
[6ab6bcc9-675f-4bef-9471-19b61a9fba38/run_tests]   | 	✓ Run in 1 milliseconds.
[6ab6bcc9-675f-4bef-9471-19b61a9fba38/run_tests]   | Running test 'finalmember':
[6ab6bcc9-675f-4bef-9471-19b61a9fba38/run_tests]   | 	✓ Parsed in 5 milliseconds.
[6ab6bcc9-675f-4bef-9471-19b61a9fba38/run_tests]   | 	✓ Run in 3 milliseconds.
[6ab6bcc9-675f-4bef-9471-19b61a9fba38/run_tests]   | Running test 'functionexpression':
[6ab6bcc9-675f-4bef-9471-19b61a9fba38/run_tests]   | 	✓ Parsed in 4 milliseconds.
[6ab6bcc9-675f-4bef-9471-19b61a9fba38/run_tests]   | 	✓ Run in 2 milliseconds.
[6ab6bcc9-675f-4bef-9471-19b61a9fba38/run_tests]   | Running test 'functionmember':
[6ab6bcc9-675f-4bef-9471-19b61a9fba38/run_tests]   | 	✓ Parsed in 3 milliseconds.
[6ab6bcc9-675f-4bef-9471-19b61a9fba38/run_tests]   | 	✓ Run in 2 milliseconds.
[6ab6bcc9-675f-4bef-9471-19b61a9fba38/run_tests]   | Running test 'globalvariable':
[6ab6bcc9-675f-4bef-9471-19b61a9fba38/run_tests]   | 	✓ Parsed in 6 milliseconds.
[6ab6bcc9-675f-4bef-9471-19b61a9fba38/run_tests]   | 	✓ Run in 3 milliseconds.
[6ab6bcc9-675f-4bef-9471-19b61a9fba38/run_tests]   | Running test 'greaterthan':
[6ab6bcc9-675f-4bef-9471-19b61a9fba38/run_tests]   | 	✓ Parsed in 2 milliseconds.
[6ab6bcc9-675f-4bef-9471-19b61a9fba38/run_tests]   | 	✓ Run in 0 milliseconds.
[6ab6bcc9-675f-4bef-9471-19b61a9fba38/run_tests]   | Running test 'greaterthanequalto':
[6ab6bcc9-675f-4bef-9471-19b61a9fba38/run_tests]   | 	✓ Parsed in 3 milliseconds.
[6ab6bcc9-675f-4bef-9471-19b61a9fba38/run_tests]   | 	✓ Run in 1 milliseconds.
[6ab6bcc9-675f-4bef-9471-19b61a9fba38/run_tests]   | Running test 'if':
[6ab6bcc9-675f-4bef-9471-19b61a9fba38/run_tests]   | 	✓ Parsed in 5 milliseconds.
[6ab6bcc9-675f-4bef-9471-19b61a9fba38/run_tests]   | 	✓ Run in 1 milliseconds.
[6ab6bcc9-675f-4bef-9471-19b61a9fba38/run_tests]   | Running test 'implicitarray':
[6ab6bcc9-675f-4bef-9471-19b61a9fba38/run_tests]   | 	✓ Parsed in 2 milliseconds.
[6ab6bcc9-675f-4bef-9471-19b61a9fba38/run_tests]   | 	✓ Run in 1 milliseconds.
[6ab6bcc9-675f-4bef-9471-19b61a9fba38/run_tests]   | Running test 'importfunction':
[6ab6bcc9-675f-4bef-9471-19b61a9fba38/run_tests]   | 	✓ Parsed in 3 milliseconds.
[6ab6bcc9-675f-4bef-9471-19b61a9fba38/run_tests]   | 	✓ Run in 1 milliseconds.
[6ab6bcc9-675f-4bef-9471-19b61a9fba38/run_tests]   | Running test 'importtype':
[6ab6bcc9-675f-4bef-9471-19b61a9fba38/run_tests]   | 	✓ Parsed in 2 milliseconds.
[6ab6bcc9-675f-4bef-9471-19b61a9fba38/run_tests]   | 	✓ Run in 2 milliseconds.
[6ab6bcc9-675f-4bef-9471-19b61a9fba38/run_tests]   | Running test 'indexinlist':
[6ab6bcc9-675f-4bef-9471-19b61a9fba38/run_tests]   | 	✓ Parsed in 2 milliseconds.
[6ab6bcc9-675f-4bef-9471-19b61a9fba38/run_tests]   | 	✓ Run in 0 milliseconds.
[6ab6bcc9-675f-4bef-9471-19b61a9fba38/run_tests]   | Running test 'io':
[6ab6bcc9-675f-4bef-9471-19b61a9fba38/run_tests]   | 	✓ Parsed in 3 milliseconds.
[6ab6bcc9-675f-4bef-9471-19b61a9fba38/run_tests]   | 	✓ Run in 1 milliseconds.
[6ab6bcc9-675f-4bef-9471-19b61a9fba38/run_tests]   | Running test 'isarray':
[6ab6bcc9-675f-4bef-9471-19b61a9fba38/run_tests]   | 	✓ Parsed in 1 milliseconds.
[6ab6bcc9-675f-4bef-9471-19b61a9fba38/run_tests]   | 	✓ Run in 1 milliseconds.
[6ab6bcc9-675f-4bef-9471-19b61a9fba38/run_tests]   | Running test 'isequal':
[6ab6bcc9-675f-4bef-9471-19b61a9fba38/run_tests]   | 	✓ Parsed in 5 milliseconds.
[6ab6bcc9-675f-4bef-9471-19b61a9fba38/run_tests]   | 	✓ Run in 1 milliseconds.
[6ab6bcc9-675f-4bef-9471-19b61a9fba38/run_tests]   | Running test 'isoftype':
[6ab6bcc9-675f-4bef-9471-19b61a9fba38/run_tests]   | 	✓ Parsed in 5 milliseconds.
[6ab6bcc9-675f-4bef-9471-19b61a9fba38/run_tests]   | 	✓ Run in 1 milliseconds.
[6ab6bcc9-675f-4bef-9471-19b61a9fba38/run_tests]   | Running test 'javaversion':
[6ab6bcc9-675f-4bef-9471-19b61a9fba38/run_tests]   | 	✓ Parsed in 1 milliseconds.
[6ab6bcc9-675f-4bef-9471-19b61a9fba38/run_tests]   | 	✓ Run in 0 milliseconds.
[6ab6bcc9-675f-4bef-9471-19b61a9fba38/run_tests]   | Running test 'keyinconfig':
[6ab6bcc9-675f-4bef-9471-19b61a9fba38/run_tests]   | 	✓ Parsed in 2 milliseconds.
[6ab6bcc9-675f-4bef-9471-19b61a9fba38/run_tests]   | 	✓ Run in 1 milliseconds.
[6ab6bcc9-675f-4bef-9471-19b61a9fba38/run_tests]   | Running test 'keyinmap':
[6ab6bcc9-675f-4bef-9471-19b61a9fba38/run_tests]   | 	✓ Parsed in 2 milliseconds.
[6ab6bcc9-675f-4bef-9471-19b61a9fba38/run_tests]   | 	✓ Run in 1 milliseconds.
[6ab6bcc9-675f-4bef-9471-19b61a9fba38/run_tests]   | Running test 'lemma':
[6ab6bcc9-675f-4bef-9471-19b61a9fba38/run_tests]   | 	✓ Parsed in 1 milliseconds.
[6ab6bcc9-675f-4bef-9471-19b61a9fba38/run_tests]   | 	✓ Run in 1 milliseconds.
[6ab6bcc9-675f-4bef-9471-19b61a9fba38/run_tests]   | Running test 'lessthan':
[6ab6bcc9-675f-4bef-9471-19b61a9fba38/run_tests]   | 	✓ Parsed in 1 milliseconds.
[6ab6bcc9-675f-4bef-9471-19b61a9fba38/run_tests]   | 	✓ Run in 1 milliseconds.
[6ab6bcc9-675f-4bef-9471-19b61a9fba38/run_tests]   | Running test 'lessthanequalto':
[6ab6bcc9-675f-4bef-9471-19b61a9fba38/run_tests]   | 	✓ Parsed in 1 milliseconds.
[6ab6bcc9-675f-4bef-9471-19b61a9fba38/run_tests]   | 	✓ Run in 1 milliseconds.
[6ab6bcc9-675f-4bef-9471-19b61a9fba38/run_tests]   | Running test 'literals':
[6ab6bcc9-675f-4bef-9471-19b61a9fba38/run_tests]   | 	✓ Parsed in 4 milliseconds.
[6ab6bcc9-675f-4bef-9471-19b61a9fba38/run_tests]   | 	✓ Run in 0 milliseconds.
[6ab6bcc9-675f-4bef-9471-19b61a9fba38/run_tests]   | Running test 'loadedscripts':
[6ab6bcc9-675f-4bef-9471-19b61a9fba38/run_tests]   | 	✓ Parsed in 1 milliseconds.
[6ab6bcc9-675f-4bef-9471-19b61a9fba38/run_tests]   | 	✓ Run in 0 milliseconds.
[6ab6bcc9-675f-4bef-9471-19b61a9fba38/run_tests]   | Running test 'loadevent':
[6ab6bcc9-675f-4bef-9471-19b61a9fba38/run_tests]   | 	✓ Parsed in 2 milliseconds.
[6ab6bcc9-675f-4bef-9471-19b61a9fba38/run_tests]   | 	✓ Run in 5 milliseconds.
[6ab6bcc9-675f-4bef-9471-19b61a9fba38/run_tests]   | Running test 'loadscript':
[6ab6bcc9-675f-4bef-9471-19b61a9fba38/run_tests]   | 	✓ Parsed in 3 milliseconds.
[6ab6bcc9-675f-4bef-9471-19b61a9fba38/run_tests]   | 	✓ Run in 1 milliseconds.
[6ab6bcc9-675f-4bef-9471-19b61a9fba38/run_tests]   | Running test 'localmember':
[6ab6bcc9-675f-4bef-9471-19b61a9fba38/run_tests]   | 	✓ Parsed in 1 milliseconds.
[6ab6bcc9-675f-4bef-9471-19b61a9fba38/run_tests]   | 	✓ Run in 1 milliseconds.
[6ab6bcc9-675f-4bef-9471-19b61a9fba38/run_tests]   | Running test 'localvariable':
[6ab6bcc9-675f-4bef-9471-19b61a9fba38/run_tests]   | 	✓ Parsed in 1 milliseconds.
[6ab6bcc9-675f-4bef-9471-19b61a9fba38/run_tests]   | 	✓ Run in 0 milliseconds.
[6ab6bcc9-675f-4bef-9471-19b61a9fba38/run_tests]   | Running test 'loopin':
[6ab6bcc9-675f-4bef-9471-19b61a9fba38/run_tests]   | 	✓ Parsed in 4 milliseconds.
[6ab6bcc9-675f-4bef-9471-19b61a9fba38/run_tests]   | 	✓ Run in 1 milliseconds.
[6ab6bcc9-675f-4bef-9471-19b61a9fba38/run_tests]   | Running test 'looptimes':
[6ab6bcc9-675f-4bef-9471-19b61a9fba38/run_tests]   | 	✓ Parsed in 1 milliseconds.
[6ab6bcc9-675f-4bef-9471-19b61a9fba38/run_tests]   | 	✓ Run in 0 milliseconds.
[6ab6bcc9-675f-4bef-9471-19b61a9fba38/run_tests]   | Running test 'matches':
[6ab6bcc9-675f-4bef-9471-19b61a9fba38/run_tests]   | 	✓ Parsed in 2 milliseconds.
[6ab6bcc9-675f-4bef-9471-19b61a9fba38/run_tests]   | 	✓ Run in 1 milliseconds.
[6ab6bcc9-675f-4bef-9471-19b61a9fba38/run_tests]   | Running test 'maths':
[6ab6bcc9-675f-4bef-9471-19b61a9fba38/run_tests]   | 	✓ Parsed in 5 milliseconds.
[6ab6bcc9-675f-4bef-9471-19b61a9fba38/run_tests]   | 	✓ Run in 1 milliseconds.
[6ab6bcc9-675f-4bef-9471-19b61a9fba38/run_tests]   | Running test 'monitor':
[6ab6bcc9-675f-4bef-9471-19b61a9fba38/run_tests]   | 	✓ Parsed in 9 milliseconds.
[6ab6bcc9-675f-4bef-9471-19b61a9fba38/run_tests]   | 	✓ Run in 3 milliseconds.
[6ab6bcc9-675f-4bef-9471-19b61a9fba38/run_tests]   | Running test 'namespaceskript':
[6ab6bcc9-675f-4bef-9471-19b61a9fba38/run_tests]   | 	✓ Parsed in 13 milliseconds.
[6ab6bcc9-675f-4bef-9471-19b61a9fba38/run_tests]   | 	✓ Run in 26 milliseconds.
[6ab6bcc9-675f-4bef-9471-19b61a9fba38/run_tests]   | Running test 'newline':
[6ab6bcc9-675f-4bef-9471-19b61a9fba38/run_tests]   | 	✓ Parsed in 1 milliseconds.
[6ab6bcc9-675f-4bef-9471-19b61a9fba38/run_tests]   | 	✓ Run in 1 milliseconds.
[6ab6bcc9-675f-4bef-9471-19b61a9fba38/run_tests]   | Running test 'notequal':
[6ab6bcc9-675f-4bef-9471-19b61a9fba38/run_tests]   | 	✓ Parsed in 2 milliseconds.
[6ab6bcc9-675f-4bef-9471-19b61a9fba38/run_tests]   | 	✓ Run in 1 milliseconds.
[6ab6bcc9-675f-4bef-9471-19b61a9fba38/run_tests]   | Running test 'parameters':
[6ab6bcc9-675f-4bef-9471-19b61a9fba38/run_tests]   | 	✓ Parsed in 4 milliseconds.
[6ab6bcc9-675f-4bef-9471-19b61a9fba38/run_tests]   | 	✓ Run in 3 milliseconds.
[6ab6bcc9-675f-4bef-9471-19b61a9fba38/run_tests]   | Running test 'print':
[6ab6bcc9-675f-4bef-9471-19b61a9fba38/run_tests]   | 	✓ Parsed in 1 milliseconds.
[6ab6bcc9-675f-4bef-9471-19b61a9fba38/run_tests]   | 	✓ Run in 1 milliseconds.
[6ab6bcc9-675f-4bef-9471-19b61a9fba38/run_tests]   | Running test 'properties':
[6ab6bcc9-675f-4bef-9471-19b61a9fba38/run_tests]   | 	✓ Parsed in 10 milliseconds.
[6ab6bcc9-675f-4bef-9471-19b61a9fba38/run_tests]   | 	✓ Run in 19 milliseconds.
[6ab6bcc9-675f-4bef-9471-19b61a9fba38/run_tests]   | Running test 'propertyfunction':
[6ab6bcc9-675f-4bef-9471-19b61a9fba38/run_tests]   | 	✓ Parsed in 5 milliseconds.
[6ab6bcc9-675f-4bef-9471-19b61a9fba38/run_tests]   | 	✓ Run in 2 milliseconds.
[6ab6bcc9-675f-4bef-9471-19b61a9fba38/run_tests]   | Running test 'propertymember':
[6ab6bcc9-675f-4bef-9471-19b61a9fba38/run_tests]   | 	✓ Parsed in 2 milliseconds.
[6ab6bcc9-675f-4bef-9471-19b61a9fba38/run_tests]   | 	✓ Run in 2 milliseconds.
[6ab6bcc9-675f-4bef-9471-19b61a9fba38/run_tests]   | Running test 'removeeffect':
[6ab6bcc9-675f-4bef-9471-19b61a9fba38/run_tests]   | 	✓ Parsed in 3 milliseconds.
[6ab6bcc9-675f-4bef-9471-19b61a9fba38/run_tests]   | 	✓ Run in 2 milliseconds.
[6ab6bcc9-675f-4bef-9471-19b61a9fba38/run_tests]   | Running test 'resultof':
[6ab6bcc9-675f-4bef-9471-19b61a9fba38/run_tests]   | 	✓ Parsed in 3 milliseconds.
[6ab6bcc9-675f-4bef-9471-19b61a9fba38/run_tests]   | 	✓ Run in 2 milliseconds.
[6ab6bcc9-675f-4bef-9471-19b61a9fba38/run_tests]   | Running test 'returneffect':
[6ab6bcc9-675f-4bef-9471-19b61a9fba38/run_tests]   | 	✓ Parsed in 1 milliseconds.
[6ab6bcc9-675f-4bef-9471-19b61a9fba38/run_tests]   | 	✓ Run in 1 milliseconds.
[6ab6bcc9-675f-4bef-9471-19b61a9fba38/run_tests]   | Running test 'returntype':
[6ab6bcc9-675f-4bef-9471-19b61a9fba38/run_tests]   | 	✓ Parsed in 2 milliseconds.
[6ab6bcc9-675f-4bef-9471-19b61a9fba38/run_tests]   | 	✓ Run in 1 milliseconds.
[6ab6bcc9-675f-4bef-9471-19b61a9fba38/run_tests]   | Running test 'run':
[6ab6bcc9-675f-4bef-9471-19b61a9fba38/run_tests]   | 	✓ Parsed in 2 milliseconds.
[6ab6bcc9-675f-4bef-9471-19b61a9fba38/run_tests]   | 	✓ Run in 2 milliseconds.
[6ab6bcc9-675f-4bef-9471-19b61a9fba38/run_tests]   | Running test 'runasync':
[6ab6bcc9-675f-4bef-9471-19b61a9fba38/run_tests]   | 	✓ Parsed in 6 milliseconds.
[6ab6bcc9-675f-4bef-9471-19b61a9fba38/run_tests]   | 	✓ Run in 5 milliseconds.
[6ab6bcc9-675f-4bef-9471-19b61a9fba38/run_tests]   | Running test 'runnable':
[6ab6bcc9-675f-4bef-9471-19b61a9fba38/run_tests]   | 	✓ Parsed in 9 milliseconds.
[6ab6bcc9-675f-4bef-9471-19b61a9fba38/run_tests]   | 	✓ Run in 4 milliseconds.
[6ab6bcc9-675f-4bef-9471-19b61a9fba38/run_tests]   | Running test 'runwith':
[6ab6bcc9-675f-4bef-9471-19b61a9fba38/run_tests]   | 	✓ Parsed in 4 milliseconds.
[6ab6bcc9-675f-4bef-9471-19b61a9fba38/run_tests]   | 	✓ Run in 3 milliseconds.
[6ab6bcc9-675f-4bef-9471-19b61a9fba38/run_tests]   | Running test 'runwithasync':
[6ab6bcc9-675f-4bef-9471-19b61a9fba38/run_tests]   | 	✓ Parsed in 5 milliseconds.
[6ab6bcc9-675f-4bef-9471-19b61a9fba38/run_tests]   | 	✓ Run in 4 milliseconds.
[6ab6bcc9-675f-4bef-9471-19b61a9fba38/run_tests]   | Running test 'saveconfig':
[6ab6bcc9-675f-4bef-9471-19b61a9fba38/run_tests]   | 	✓ Parsed in 3 milliseconds.
[6ab6bcc9-675f-4bef-9471-19b61a9fba38/run_tests]   | 	✓ Run in 0 milliseconds.
[6ab6bcc9-675f-4bef-9471-19b61a9fba38/run_tests]   | Running test 'seteffect':
[6ab6bcc9-675f-4bef-9471-19b61a9fba38/run_tests]   | 	✓ Parsed in 2 milliseconds.
[6ab6bcc9-675f-4bef-9471-19b61a9fba38/run_tests]   | 	✓ Run in 2 milliseconds.
[6ab6bcc9-675f-4bef-9471-19b61a9fba38/run_tests]   | Running test 'sizeoflist':
[6ab6bcc9-675f-4bef-9471-19b61a9fba38/run_tests]   | 	✓ Parsed in 2 milliseconds.
[6ab6bcc9-675f-4bef-9471-19b61a9fba38/run_tests]   | 	✓ Run in 1 milliseconds.
[6ab6bcc9-675f-4bef-9471-19b61a9fba38/run_tests]   | Running test 'sleep':
[6ab6bcc9-675f-4bef-9471-19b61a9fba38/run_tests]   | 	✓ Parsed in 5 milliseconds.
[6ab6bcc9-675f-4bef-9471-19b61a9fba38/run_tests]   | 	✓ Run in 2 milliseconds.
[6ab6bcc9-675f-4bef-9471-19b61a9fba38/run_tests]   | Running test 'supplier':
[6ab6bcc9-675f-4bef-9471-19b61a9fba38/run_tests]   | 	✓ Parsed in 2 milliseconds.
[6ab6bcc9-675f-4bef-9471-19b61a9fba38/run_tests]   | 	✓ Run in 2 milliseconds.
[6ab6bcc9-675f-4bef-9471-19b61a9fba38/run_tests]   | Running test 'systemproperty':
[6ab6bcc9-675f-4bef-9471-19b61a9fba38/run_tests]   | 	✓ Parsed in 2 milliseconds.
[6ab6bcc9-675f-4bef-9471-19b61a9fba38/run_tests]   | 	✓ Run in 1 milliseconds.
[6ab6bcc9-675f-4bef-9471-19b61a9fba38/run_tests]   | Running test 'template':
[6ab6bcc9-675f-4bef-9471-19b61a9fba38/run_tests]   | 	✓ Parsed in 3 milliseconds.
[6ab6bcc9-675f-4bef-9471-19b61a9fba38/run_tests]   | 	✓ Run in 0 milliseconds.
[6ab6bcc9-675f-4bef-9471-19b61a9fba38/run_tests]   | Running test 'templatetype':
[6ab6bcc9-675f-4bef-9471-19b61a9fba38/run_tests]   | 	✓ Parsed in 2 milliseconds.
[6ab6bcc9-675f-4bef-9471-19b61a9fba38/run_tests]   | 	✓ Run in 5 milliseconds.
[6ab6bcc9-675f-4bef-9471-19b61a9fba38/run_tests]   | Running test 'ternaryotherwise':
[6ab6bcc9-675f-4bef-9471-19b61a9fba38/run_tests]   | 	✓ Parsed in 4 milliseconds.
[6ab6bcc9-675f-4bef-9471-19b61a9fba38/run_tests]   | 	✓ Run in 1 milliseconds.
[6ab6bcc9-675f-4bef-9471-19b61a9fba38/run_tests]   | Running test 'testeffect':
[6ab6bcc9-675f-4bef-9471-19b61a9fba38/run_tests]   | 	✓ Parsed in 2 milliseconds.
[6ab6bcc9-675f-4bef-9471-19b61a9fba38/run_tests]   | 	✓ Run in 1 milliseconds.
[6ab6bcc9-675f-4bef-9471-19b61a9fba38/run_tests]   | Running test 'threadexpression':
[6ab6bcc9-675f-4bef-9471-19b61a9fba38/run_tests]   | 	✓ Parsed in 3 milliseconds.
[6ab6bcc9-675f-4bef-9471-19b61a9fba38/run_tests]   | 	✓ Run in 3 milliseconds.
[6ab6bcc9-675f-4bef-9471-19b61a9fba38/run_tests]   | Running test 'threadvariable':
[6ab6bcc9-675f-4bef-9471-19b61a9fba38/run_tests]   | 	✓ Parsed in 4 milliseconds.
[6ab6bcc9-675f-4bef-9471-19b61a9fba38/run_tests]   | 	✓ Run in 3 milliseconds.
[6ab6bcc9-675f-4bef-9471-19b61a9fba38/run_tests]   | Running test 'timespans':
[6ab6bcc9-675f-4bef-9471-19b61a9fba38/run_tests]   | 	✓ Parsed in 6 milliseconds.
[6ab6bcc9-675f-4bef-9471-19b61a9fba38/run_tests]   | 	✓ Run in 1 milliseconds.
[6ab6bcc9-675f-4bef-9471-19b61a9fba38/run_tests]   | Running test 'trigger':
[6ab6bcc9-675f-4bef-9471-19b61a9fba38/run_tests]   | 	✓ Parsed in 2 milliseconds.
[6ab6bcc9-675f-4bef-9471-19b61a9fba38/run_tests]   | 	✓ Run in 3 milliseconds.
[6ab6bcc9-675f-4bef-9471-19b61a9fba38/run_tests]   | Running test 'trycatch':
[6ab6bcc9-675f-4bef-9471-19b61a9fba38/run_tests]   | 	✓ Parsed in 4 milliseconds.
[6ab6bcc9-675f-4bef-9471-19b61a9fba38/run_tests]   | 	✓ Run in 2 milliseconds.
[6ab6bcc9-675f-4bef-9471-19b61a9fba38/run_tests]   | Running test 'tryeffect':
[6ab6bcc9-675f-4bef-9471-19b61a9fba38/run_tests]   | 	✓ Parsed in 1 milliseconds.
[6ab6bcc9-675f-4bef-9471-19b61a9fba38/run_tests]   | 	✓ Run in 1 milliseconds.
[6ab6bcc9-675f-4bef-9471-19b61a9fba38/run_tests]   | Running test 'typecreator':
[6ab6bcc9-675f-4bef-9471-19b61a9fba38/run_tests]   | 	✓ Parsed in 2 milliseconds.
[6ab6bcc9-675f-4bef-9471-19b61a9fba38/run_tests]   | 	✓ Run in 3 milliseconds.
[6ab6bcc9-675f-4bef-9471-19b61a9fba38/run_tests]   | Running test 'typemember':
[6ab6bcc9-675f-4bef-9471-19b61a9fba38/run_tests]   | 	✓ Parsed in 13 milliseconds.
[6ab6bcc9-675f-4bef-9471-19b61a9fba38/run_tests]   | 	✓ Run in 24 milliseconds.
[6ab6bcc9-675f-4bef-9471-19b61a9fba38/run_tests]   | Running test 'unloadscript':
[6ab6bcc9-675f-4bef-9471-19b61a9fba38/run_tests]   | 	✓ Parsed in 3 milliseconds.
[6ab6bcc9-675f-4bef-9471-19b61a9fba38/run_tests]   | 	✓ Run in 1 milliseconds.
[6ab6bcc9-675f-4bef-9471-19b61a9fba38/run_tests]   | Running test 'verify':
[6ab6bcc9-675f-4bef-9471-19b61a9fba38/run_tests]   | 	✓ Parsed in 2 milliseconds.
[6ab6bcc9-675f-4bef-9471-19b61a9fba38/run_tests]   | 	✓ Run in 1 milliseconds.
[6ab6bcc9-675f-4bef-9471-19b61a9fba38/run_tests]   | Running test 'waitfor':
[6ab6bcc9-675f-4bef-9471-19b61a9fba38/run_tests]   | 	✓ Parsed in 5 milliseconds.
[6ab6bcc9-675f-4bef-9471-19b61a9fba38/run_tests]   | 	✓ Run in 5 milliseconds.
[6ab6bcc9-675f-4bef-9471-19b61a9fba38/run_tests]   | Running test 'wake':
[6ab6bcc9-675f-4bef-9471-19b61a9fba38/run_tests]   | 	✓ Parsed in 4 milliseconds.
[6ab6bcc9-675f-4bef-9471-19b61a9fba38/run_tests]   | 	✓ Run in 4 milliseconds.
[6ab6bcc9-675f-4bef-9471-19b61a9fba38/run_tests]   | Running test 'while':
[6ab6bcc9-675f-4bef-9471-19b61a9fba38/run_tests]   | 	✓ Parsed in 2 milliseconds.
[6ab6bcc9-675f-4bef-9471-19b61a9fba38/run_tests]   | 	✓ Run in 6 milliseconds.
[6ab6bcc9-675f-4bef-9471-19b61a9fba38/run_tests]   | Tests run: 1, Failures: 0, Errors: 0, Skipped: 0, Time elapsed: 1.048 sec
[6ab6bcc9-675f-4bef-9471-19b61a9fba38/run_tests]   | Running org.byteskript.skript.test.AsyncCompileTest
[6ab6bcc9-675f-4bef-9471-19b61a9fba38/run_tests]   | Tests run: 2, Failures: 0, Errors: 0, Skipped: 0, Time elapsed: 0.037 sec
[6ab6bcc9-675f-4bef-9471-19b61a9fba38/run_tests]   | Running org.byteskript.skript.test.SyntaxTreeTest
[6ab6bcc9-675f-4bef-9471-19b61a9fba38/run_tests]   | Tests run: 1, Failures: 1, Errors: 0, Skipped: 0, Time elapsed: 0.01 sec <<< FAILURE!
[6ab6bcc9-675f-4bef-9471-19b61a9fba38/run_tests]   | testRecompile(org.byteskript.skript.test.SyntaxTreeTest)  Time elapsed: 0.008 sec  <<< FAILURE!
[6ab6bcc9-675f-4bef-9471-19b61a9fba38/run_tests]   | java.lang.AssertionError: "
[6ab6bcc9-675f-4bef-9471-19b61a9fba38/run_tests]   | 
[6ab6bcc9-675f-4bef-9471-19b61a9fba38/run_tests]   | --test
[6ab6bcc9-675f-4bef-9471-19b61a9fba38/run_tests]   | 
[6ab6bcc9-675f-4bef-9471-19b61a9fba38/run_tests]   | MemberDictionary():
[6ab6bcc9-675f-4bef-9471-19b61a9fba38/run_tests]   | 	EffectImportType(ExprType(java/util/Objects))
[6ab6bcc9-675f-4bef-9471-19b61a9fba38/run_tests]   | 	EffectImportFunction(StringLiteral("equals"), ExprType(java/util/Objects))
[6ab6bcc9-675f-4bef-9471-19b61a9fba38/run_tests]   | 	EffectUseLibrary(unsafe)
[6ab6bcc9-675f-4bef-9471-19b61a9fba38/run_tests]   | 
[6ab6bcc9-675f-4bef-9471-19b61a9fba38/run_tests]   | MemberFunction(a, b):
[6ab6bcc9-675f-4bef-9471-19b61a9fba38/run_tests]   | 	EntryTriggerSection():
[6ab6bcc9-675f-4bef-9471-19b61a9fba38/run_tests]   | 		EffectPrint(ExprAdd(ExprVariable(a), ExprVariable(b)))
[6ab6bcc9-675f-4bef-9471-19b61a9fba38/run_tests]   | 		EffectLoopTimesSection(IntegerLiteral(5)):
[6ab6bcc9-675f-4bef-9471-19b61a9fba38/run_tests]   | 			EffectPrint(StringLiteral("hello"))
[6ab6bcc9-675f-4bef-9471-19b61a9fba38/run_tests]   | 
[6ab6bcc9-675f-4bef-9471-19b61a9fba38/run_tests]   | MemberFunctionNoArgs():
[6ab6bcc9-675f-4bef-9471-19b61a9fba38/run_tests]   | 	EntryReturn(string)
[6ab6bcc9-675f-4bef-9471-19b61a9fba38/run_tests]   | 	EntryTriggerSection():
[6ab6bcc9-675f-4bef-9471-19b61a9fba38/run_tests]   | 		EffectPrint(StringLiteral("hello"))
[6ab6bcc9-675f-4bef-9471-19b61a9fba38/run_tests]   | 
[6ab6bcc9-675f-4bef-9471-19b61a9fba38/run_tests]   | EventLoad():
[6ab6bcc9-675f-4bef-9471-19b61a9fba38/run_tests]   | 	EntryTriggerSection():
[6ab6bcc9-675f-4bef-9471-19b61a9fba38/run_tests]   | 		EffectPrint(StringLiteral("Foo"))"
[6ab6bcc9-675f-4bef-9471-19b61a9fba38/run_tests]   | 	at org.byteskript.skript.test.SyntaxTreeTest.testRecompile(SyntaxTreeTest.java:71)
[6ab6bcc9-675f-4bef-9471-19b61a9fba38/run_tests]   | 	at java.base/jdk.internal.reflect.NativeMethodAccessorImpl.invoke0(Native Method)
[6ab6bcc9-675f-4bef-9471-19b61a9fba38/run_tests]   | 	at java.base/jdk.internal.reflect.NativeMethodAccessorImpl.invoke(NativeMethodAccessorImpl.java:77)
[6ab6bcc9-675f-4bef-9471-19b61a9fba38/run_tests]   | 	at java.base/jdk.internal.reflect.DelegatingMethodAccessorImpl.invoke(DelegatingMethodAccessorImpl.java:43)
[6ab6bcc9-675f-4bef-9471-19b61a9fba38/run_tests]   | 	at java.base/java.lang.reflect.Method.invoke(Method.java:568)
[6ab6bcc9-675f-4bef-9471-19b61a9fba38/run_tests]   | 	at org.junit.runners.model.FrameworkMethod$1.runReflectiveCall(FrameworkMethod.java:59)
[6ab6bcc9-675f-4bef-9471-19b61a9fba38/run_tests]   | 	at org.junit.internal.runners.model.ReflectiveCallable.run(ReflectiveCallable.java:12)
[6ab6bcc9-675f-4bef-9471-19b61a9fba38/run_tests]   | 	at org.junit.runners.model.FrameworkMethod.invokeExplosively(FrameworkMethod.java:56)
[6ab6bcc9-675f-4bef-9471-19b61a9fba38/run_tests]   | 	at org.junit.internal.runners.statements.InvokeMethod.evaluate(InvokeMethod.java:17)
[6ab6bcc9-675f-4bef-9471-19b61a9fba38/run_tests]   | 	at org.junit.runners.ParentRunner$3.evaluate(ParentRunner.java:306)
[6ab6bcc9-675f-4bef-9471-19b61a9fba38/run_tests]   | 	at org.junit.runners.BlockJUnit4ClassRunner$1.evaluate(BlockJUnit4ClassRunner.java:100)
[6ab6bcc9-675f-4bef-9471-19b61a9fba38/run_tests]   | 	at org.junit.runners.ParentRunner.runLeaf(ParentRunner.java:366)
[6ab6bcc9-675f-4bef-9471-19b61a9fba38/run_tests]   | 	at org.junit.runners.BlockJUnit4ClassRunner.runChild(BlockJUnit4ClassRunner.java:103)
[6ab6bcc9-675f-4bef-9471-19b61a9fba38/run_tests]   | 	at org.junit.runners.BlockJUnit4ClassRunner.runChild(BlockJUnit4ClassRunner.java:63)
[6ab6bcc9-675f-4bef-9471-19b61a9fba38/run_tests]   | 	at org.junit.runners.ParentRunner$4.run(ParentRunner.java:331)
[6ab6bcc9-675f-4bef-9471-19b61a9fba38/run_tests]   | 	at org.junit.runners.ParentRunner$1.schedule(ParentRunner.java:79)
[6ab6bcc9-675f-4bef-9471-19b61a9fba38/run_tests]   | 	at org.junit.runners.ParentRunner.runChildren(ParentRunner.java:329)
[6ab6bcc9-675f-4bef-9471-19b61a9fba38/run_tests]   | 	at org.junit.runners.ParentRunner.access$100(ParentRunner.java:66)
[6ab6bcc9-675f-4bef-9471-19b61a9fba38/run_tests]   | 	at org.junit.runners.ParentRunner$2.evaluate(ParentRunner.java:293)
[6ab6bcc9-675f-4bef-9471-19b61a9fba38/run_tests]   | 	at org.junit.runners.ParentRunner$3.evaluate(ParentRunner.java:306)
[6ab6bcc9-675f-4bef-9471-19b61a9fba38/run_tests]   | 	at org.junit.runners.ParentRunner.run(ParentRunner.java:413)
[6ab6bcc9-675f-4bef-9471-19b61a9fba38/run_tests]   | 	at org.apache.maven.surefire.junit4.JUnit4Provider.execute(JUnit4Provider.java:252)
[6ab6bcc9-675f-4bef-9471-19b61a9fba38/run_tests]   | 	at org.apache.maven.surefire.junit4.JUnit4Provider.executeTestSet(JUnit4Provider.java:141)
[6ab6bcc9-675f-4bef-9471-19b61a9fba38/run_tests]   | 	at org.apache.maven.surefire.junit4.JUnit4Provider.invoke(JUnit4Provider.java:112)
[6ab6bcc9-675f-4bef-9471-19b61a9fba38/run_tests]   | 	at java.base/jdk.internal.reflect.NativeMethodAccessorImpl.invoke0(Native Method)
[6ab6bcc9-675f-4bef-9471-19b61a9fba38/run_tests]   | 	at java.base/jdk.internal.reflect.NativeMethodAccessorImpl.invoke(NativeMethodAccessorImpl.java:77)
[6ab6bcc9-675f-4bef-9471-19b61a9fba38/run_tests]   | 	at java.base/jdk.internal.reflect.DelegatingMethodAccessorImpl.invoke(DelegatingMethodAccessorImpl.java:43)
[6ab6bcc9-675f-4bef-9471-19b61a9fba38/run_tests]   | 	at java.base/java.lang.reflect.Method.invoke(Method.java:568)
[6ab6bcc9-675f-4bef-9471-19b61a9fba38/run_tests]   | 	at org.apache.maven.surefire.util.ReflectionUtils.invokeMethodWithArray(ReflectionUtils.java:189)
[6ab6bcc9-675f-4bef-9471-19b61a9fba38/run_tests]   | 	at org.apache.maven.surefire.booter.ProviderFactory$ProviderProxy.invoke(ProviderFactory.java:165)
[6ab6bcc9-675f-4bef-9471-19b61a9fba38/run_tests]   | 	at org.apache.maven.surefire.booter.ProviderFactory.invokeProvider(ProviderFactory.java:85)
[6ab6bcc9-675f-4bef-9471-19b61a9fba38/run_tests]   | 	at org.apache.maven.surefire.booter.ForkedBooter.runSuitesInProcess(ForkedBooter.java:115)
[6ab6bcc9-675f-4bef-9471-19b61a9fba38/run_tests]   | 	at org.apache.maven.surefire.booter.ForkedBooter.main(ForkedBooter.java:75)
[6ab6bcc9-675f-4bef-9471-19b61a9fba38/run_tests]   | 
[6ab6bcc9-675f-4bef-9471-19b61a9fba38/run_tests]   | Running org.byteskript.skript.test.ThreadingTest
[6ab6bcc9-675f-4bef-9471-19b61a9fba38/run_tests]   | Tests run: 1, Failures: 0, Errors: 0, Skipped: 0, Time elapsed: 0.01 sec
[6ab6bcc9-675f-4bef-9471-19b61a9fba38/run_tests]   | 
[6ab6bcc9-675f-4bef-9471-19b61a9fba38/run_tests]   | Results :
[6ab6bcc9-675f-4bef-9471-19b61a9fba38/run_tests]   | 
[6ab6bcc9-675f-4bef-9471-19b61a9fba38/run_tests]   | Failed tests:   testRecompile(org.byteskript.skript.test.SyntaxTreeTest): "(..)
[6ab6bcc9-675f-4bef-9471-19b61a9fba38/run_tests]   | 
[6ab6bcc9-675f-4bef-9471-19b61a9fba38/run_tests]   | Tests run: 8, Failures: 1, Errors: 0, Skipped: 0
[6ab6bcc9-675f-4bef-9471-19b61a9fba38/run_tests]   | 
[6ab6bcc9-675f-4bef-9471-19b61a9fba38/run_tests]   | [INFO] ------------------------------------------------------------------------
[6ab6bcc9-675f-4bef-9471-19b61a9fba38/run_tests]   | [INFO] BUILD FAILURE
[6ab6bcc9-675f-4bef-9471-19b61a9fba38/run_tests]   | [INFO] ------------------------------------------------------------------------
[6ab6bcc9-675f-4bef-9471-19b61a9fba38/run_tests]   | [INFO] Total time:  23.043 s
[6ab6bcc9-675f-4bef-9471-19b61a9fba38/run_tests]   | [INFO] Finished at: 2023-11-23T10:09:47Z
[6ab6bcc9-675f-4bef-9471-19b61a9fba38/run_tests]   | [INFO] ------------------------------------------------------------------------
[6ab6bcc9-675f-4bef-9471-19b61a9fba38/run_tests]   | [ERROR] Failed to execute goal org.apache.maven.plugins:maven-surefire-plugin:2.12.4:test (default-test) on project byteskript: There are test failures.
[6ab6bcc9-675f-4bef-9471-19b61a9fba38/run_tests]   | [ERROR] 
[6ab6bcc9-675f-4bef-9471-19b61a9fba38/run_tests]   | [ERROR] Please refer to /tmp/8f50300a-0456-4519-85d3-ebf12f552732/target/surefire-reports for the individual test results.
[6ab6bcc9-675f-4bef-9471-19b61a9fba38/run_tests]   | [ERROR] -> [Help 1]
[6ab6bcc9-675f-4bef-9471-19b61a9fba38/run_tests]   | [ERROR] 
[6ab6bcc9-675f-4bef-9471-19b61a9fba38/run_tests]   | [ERROR] To see the full stack trace of the errors, re-run Maven with the -e switch.
[6ab6bcc9-675f-4bef-9471-19b61a9fba38/run_tests]   | [ERROR] Re-run Maven using the -X switch to enable full debug logging.
[6ab6bcc9-675f-4bef-9471-19b61a9fba38/run_tests]   | [ERROR] 
[6ab6bcc9-675f-4bef-9471-19b61a9fba38/run_tests]   | [ERROR] For more information about the errors and possible solutions, please read the following articles:
[6ab6bcc9-675f-4bef-9471-19b61a9fba38/run_tests]   | [ERROR] [Help 1] http://cwiki.apache.org/confluence/display/MAVEN/MojoFailureException
[6ab6bcc9-675f-4bef-9471-19b61a9fba38/run_tests]   ❌  Failure - Main Run tests with Maven
[6ab6bcc9-675f-4bef-9471-19b61a9fba38/run_tests] exitcode '1': failure
[6ab6bcc9-675f-4bef-9471-19b61a9fba38/run_tests] unable to get git ref: failed to identify reference (tag/branch) for the checked-out revision '65ea545567a680bc0062572f48500d9e061e1b35'
[6ab6bcc9-675f-4bef-9471-19b61a9fba38/run_tests] unable to get git ref: failed to identify reference (tag/branch) for the checked-out revision '65ea545567a680bc0062572f48500d9e061e1b35'
[6ab6bcc9-675f-4bef-9471-19b61a9fba38/run_tests] unable to get git ref: failed to identify reference (tag/branch) for the checked-out revision '65ea545567a680bc0062572f48500d9e061e1b35'
[6ab6bcc9-675f-4bef-9471-19b61a9fba38/run_tests] unable to get git ref: failed to identify reference (tag/branch) for the checked-out revision '65ea545567a680bc0062572f48500d9e061e1b35'
[6ab6bcc9-675f-4bef-9471-19b61a9fba38/run_tests] unable to get git ref: failed to identify reference (tag/branch) for the checked-out revision '65ea545567a680bc0062572f48500d9e061e1b35'
[6ab6bcc9-675f-4bef-9471-19b61a9fba38/run_tests] ⭐ Run Post Set up JDK 17
[6ab6bcc9-675f-4bef-9471-19b61a9fba38/run_tests]   🐳  docker exec cmd=[node /var/run/act/actions/actions-setup-java@v1/dist/cleanup/index.js] user= workdir=
[6ab6bcc9-675f-4bef-9471-19b61a9fba38/run_tests]   ✅  Success - Post Set up JDK 17
[6ab6bcc9-675f-4bef-9471-19b61a9fba38/run_tests] 🏁  Job failed
[6ab6bcc9-675f-4bef-9471-19b61a9fba38/run_tests] unable to get git ref: failed to identify reference (tag/branch) for the checked-out revision '65ea545567a680bc0062572f48500d9e061e1b35'
