[64c9ea4a-5234-4968-aa9e-0ccdd40f93c0/build] üöÄ  Start image=gitbugactions:latest
[64c9ea4a-5234-4968-aa9e-0ccdd40f93c0/build]   üê≥  docker pull image=gitbugactions:latest platform= username= forcePull=false
[64c9ea4a-5234-4968-aa9e-0ccdd40f93c0/build]   üê≥  docker create image=gitbugactions:latest platform= entrypoint=["tail" "-f" "/dev/null"] cmd=[]
[64c9ea4a-5234-4968-aa9e-0ccdd40f93c0/build]   üê≥  docker run image=gitbugactions:latest platform= entrypoint=["tail" "-f" "/dev/null"] cmd=[]
[64c9ea4a-5234-4968-aa9e-0ccdd40f93c0/build]   üê≥  docker exec cmd=[chown -R 1012:1013 /tmp/8bf41f7b-52e5-42af-98af-fa2f98d23087] user=0 workdir=
[64c9ea4a-5234-4968-aa9e-0ccdd40f93c0/build] unable to get git ref: failed to identify reference (tag/branch) for the checked-out revision '4f1514980495c4daaae2eb060228a87e14cbae11'
[64c9ea4a-5234-4968-aa9e-0ccdd40f93c0/build] unable to get git ref: failed to identify reference (tag/branch) for the checked-out revision '4f1514980495c4daaae2eb060228a87e14cbae11'
[64c9ea4a-5234-4968-aa9e-0ccdd40f93c0/build] unable to get git ref: failed to identify reference (tag/branch) for the checked-out revision '4f1514980495c4daaae2eb060228a87e14cbae11'
[64c9ea4a-5234-4968-aa9e-0ccdd40f93c0/build] unable to get git ref: failed to identify reference (tag/branch) for the checked-out revision '4f1514980495c4daaae2eb060228a87e14cbae11'
[64c9ea4a-5234-4968-aa9e-0ccdd40f93c0/build] unable to get git ref: failed to identify reference (tag/branch) for the checked-out revision '4f1514980495c4daaae2eb060228a87e14cbae11'
[64c9ea4a-5234-4968-aa9e-0ccdd40f93c0/build] unable to get git ref: failed to identify reference (tag/branch) for the checked-out revision '4f1514980495c4daaae2eb060228a87e14cbae11'
[64c9ea4a-5234-4968-aa9e-0ccdd40f93c0/build] unable to get git ref: failed to identify reference (tag/branch) for the checked-out revision '4f1514980495c4daaae2eb060228a87e14cbae11'
[64c9ea4a-5234-4968-aa9e-0ccdd40f93c0/build] unable to get git ref: failed to identify reference (tag/branch) for the checked-out revision '4f1514980495c4daaae2eb060228a87e14cbae11'
[64c9ea4a-5234-4968-aa9e-0ccdd40f93c0/build] unable to get git ref: failed to identify reference (tag/branch) for the checked-out revision '4f1514980495c4daaae2eb060228a87e14cbae11'
[64c9ea4a-5234-4968-aa9e-0ccdd40f93c0/build] ‚≠ê Run Main actions/checkout@v2
[64c9ea4a-5234-4968-aa9e-0ccdd40f93c0/build] unable to get git ref: failed to identify reference (tag/branch) for the checked-out revision '4f1514980495c4daaae2eb060228a87e14cbae11'
[64c9ea4a-5234-4968-aa9e-0ccdd40f93c0/build] unable to get git ref: failed to identify reference (tag/branch) for the checked-out revision '4f1514980495c4daaae2eb060228a87e14cbae11'
[64c9ea4a-5234-4968-aa9e-0ccdd40f93c0/build]   üê≥  docker cp src=/tmp/8bf41f7b-52e5-42af-98af-fa2f98d23087/. dst=/tmp/8bf41f7b-52e5-42af-98af-fa2f98d23087
[64c9ea4a-5234-4968-aa9e-0ccdd40f93c0/build]   üê≥  docker exec cmd=[chown -R 1012:1013 /tmp/8bf41f7b-52e5-42af-98af-fa2f98d23087] user=0 workdir=
[64c9ea4a-5234-4968-aa9e-0ccdd40f93c0/build]   ‚úÖ  Success - Main actions/checkout@v2
[64c9ea4a-5234-4968-aa9e-0ccdd40f93c0/build] unable to get git ref: failed to identify reference (tag/branch) for the checked-out revision '4f1514980495c4daaae2eb060228a87e14cbae11'
[64c9ea4a-5234-4968-aa9e-0ccdd40f93c0/build] unable to get git ref: failed to identify reference (tag/branch) for the checked-out revision '4f1514980495c4daaae2eb060228a87e14cbae11'
[64c9ea4a-5234-4968-aa9e-0ccdd40f93c0/build] unable to get git ref: failed to identify reference (tag/branch) for the checked-out revision '4f1514980495c4daaae2eb060228a87e14cbae11'
[64c9ea4a-5234-4968-aa9e-0ccdd40f93c0/build] unable to get git ref: failed to identify reference (tag/branch) for the checked-out revision '4f1514980495c4daaae2eb060228a87e14cbae11'
[64c9ea4a-5234-4968-aa9e-0ccdd40f93c0/build] unable to get git ref: failed to identify reference (tag/branch) for the checked-out revision '4f1514980495c4daaae2eb060228a87e14cbae11'
[64c9ea4a-5234-4968-aa9e-0ccdd40f93c0/build] ‚≠ê Run Main Set up JDK 17
[64c9ea4a-5234-4968-aa9e-0ccdd40f93c0/build] unable to get git ref: failed to identify reference (tag/branch) for the checked-out revision '4f1514980495c4daaae2eb060228a87e14cbae11'
[64c9ea4a-5234-4968-aa9e-0ccdd40f93c0/build] unable to get git ref: failed to identify reference (tag/branch) for the checked-out revision '4f1514980495c4daaae2eb060228a87e14cbae11'
[64c9ea4a-5234-4968-aa9e-0ccdd40f93c0/build] unable to get git ref: failed to identify reference (tag/branch) for the checked-out revision '4f1514980495c4daaae2eb060228a87e14cbae11'
[64c9ea4a-5234-4968-aa9e-0ccdd40f93c0/build]   üê≥  docker cp src=/tmp/act-cache/f5fca6e3-3e47-4a0e-a23a-7466f0d6fe5a/act/actions-setup-java@v2/ dst=/var/run/act/actions/actions-setup-java@v2/
[64c9ea4a-5234-4968-aa9e-0ccdd40f93c0/build]   üê≥  docker exec cmd=[chown -R 1012:1013 /var/run/act/actions/actions-setup-java@v2/] user=0 workdir=
[64c9ea4a-5234-4968-aa9e-0ccdd40f93c0/build]   üê≥  docker exec cmd=[node /var/run/act/actions/actions-setup-java@v2/dist/setup/index.js] user= workdir=
[64c9ea4a-5234-4968-aa9e-0ccdd40f93c0/build]   | Trying to resolve the latest version from remote
[64c9ea4a-5234-4968-aa9e-0ccdd40f93c0/build]   | Resolved latest version as 17.0.9+9
[64c9ea4a-5234-4968-aa9e-0ccdd40f93c0/build]   | Trying to download...
[64c9ea4a-5234-4968-aa9e-0ccdd40f93c0/build]   | Downloading Java 17.0.9+9 (Adopt-Hotspot) from https://github.com/adoptium/temurin17-binaries/releases/download/jdk-17.0.9%2B9/OpenJDK17U-jdk_x64_linux_hotspot_17.0.9_9.tar.gz ...
[64c9ea4a-5234-4968-aa9e-0ccdd40f93c0/build]   üí¨  ::debug::Downloading https://github.com/adoptium/temurin17-binaries/releases/download/jdk-17.0.9%252B9/OpenJDK17U-jdk_x64_linux_hotspot_17.0.9_9.tar.gz
[64c9ea4a-5234-4968-aa9e-0ccdd40f93c0/build]   üí¨  ::debug::Destination /tmp/da448bd9-b43c-47e2-bfde-f3d22bef975c
[64c9ea4a-5234-4968-aa9e-0ccdd40f93c0/build]   üí¨  ::debug::download complete
[64c9ea4a-5234-4968-aa9e-0ccdd40f93c0/build]   | Extracting Java archive...
[64c9ea4a-5234-4968-aa9e-0ccdd40f93c0/build]   üí¨  ::debug::Checking tar --version
[64c9ea4a-5234-4968-aa9e-0ccdd40f93c0/build]   üí¨  ::debug::tar (GNU tar) 1.34%0ACopyright (C) 2021 Free Software Foundation, Inc.%0ALicense GPLv3+: GNU GPL version 3 or later <https://gnu.org/licenses/gpl.html>.%0AThis is free software: you are free to change and redistribute it.%0AThere is NO WARRANTY, to the extent permitted by law.%0A%0AWritten by John Gilmore and Jay Fenlason.
[64c9ea4a-5234-4968-aa9e-0ccdd40f93c0/build]   | [command]/usr/bin/tar xz --warning=no-unknown-keyword -C /tmp/d4ccccde-e2c4-47b7-901f-9900db01cbe7 -f /tmp/da448bd9-b43c-47e2-bfde-f3d22bef975c
[64c9ea4a-5234-4968-aa9e-0ccdd40f93c0/build]   üí¨  ::debug::Caching tool Java_Adopt_jdk 17.0.9-9 x64
[64c9ea4a-5234-4968-aa9e-0ccdd40f93c0/build]   üí¨  ::debug::source dir: /tmp/d4ccccde-e2c4-47b7-901f-9900db01cbe7/jdk-17.0.9+9
[64c9ea4a-5234-4968-aa9e-0ccdd40f93c0/build]   üí¨  ::debug::destination /opt/hostedtoolcache/Java_Adopt_jdk/17.0.9-9/x64
[64c9ea4a-5234-4968-aa9e-0ccdd40f93c0/build]   üí¨  ::debug::finished caching tool
[64c9ea4a-5234-4968-aa9e-0ccdd40f93c0/build]   | Java 17.0.9+9 was downloaded
[64c9ea4a-5234-4968-aa9e-0ccdd40f93c0/build]   | Setting Java 17.0.9+9 as the default
[64c9ea4a-5234-4968-aa9e-0ccdd40f93c0/build]   | 
[64c9ea4a-5234-4968-aa9e-0ccdd40f93c0/build]   | Java configuration:
[64c9ea4a-5234-4968-aa9e-0ccdd40f93c0/build]   |   Distribution: adopt
[64c9ea4a-5234-4968-aa9e-0ccdd40f93c0/build]   |   Version: 17.0.9+9
[64c9ea4a-5234-4968-aa9e-0ccdd40f93c0/build]   |   Path: /opt/hostedtoolcache/Java_Adopt_jdk/17.0.9-9/x64
[64c9ea4a-5234-4968-aa9e-0ccdd40f93c0/build]   | 
[64c9ea4a-5234-4968-aa9e-0ccdd40f93c0/build]   ‚ùì add-matcher /run/act/actions/actions-setup-java@v2/.github/java.json
[64c9ea4a-5234-4968-aa9e-0ccdd40f93c0/build]   | Creating settings.xml with server-id: github
[64c9ea4a-5234-4968-aa9e-0ccdd40f93c0/build]   | Writing to /home/runner/.m2/settings.xml
[64c9ea4a-5234-4968-aa9e-0ccdd40f93c0/build]   ‚úÖ  Success - Main Set up JDK 17
[64c9ea4a-5234-4968-aa9e-0ccdd40f93c0/build]   ‚öô  ::set-env:: JAVA_HOME=/opt/hostedtoolcache/Java_Adopt_jdk/17.0.9-9/x64
[64c9ea4a-5234-4968-aa9e-0ccdd40f93c0/build]   ‚öô  ::set-output:: distribution=Adopt-Hotspot
[64c9ea4a-5234-4968-aa9e-0ccdd40f93c0/build]   ‚öô  ::set-output:: path=/opt/hostedtoolcache/Java_Adopt_jdk/17.0.9-9/x64
[64c9ea4a-5234-4968-aa9e-0ccdd40f93c0/build]   ‚öô  ::set-output:: version=17.0.9+9
[64c9ea4a-5234-4968-aa9e-0ccdd40f93c0/build]   ‚öô  ::add-path:: /opt/hostedtoolcache/Java_Adopt_jdk/17.0.9-9/x64/bin
[64c9ea4a-5234-4968-aa9e-0ccdd40f93c0/build] unable to get git ref: failed to identify reference (tag/branch) for the checked-out revision '4f1514980495c4daaae2eb060228a87e14cbae11'
[64c9ea4a-5234-4968-aa9e-0ccdd40f93c0/build] unable to get git ref: failed to identify reference (tag/branch) for the checked-out revision '4f1514980495c4daaae2eb060228a87e14cbae11'
[64c9ea4a-5234-4968-aa9e-0ccdd40f93c0/build] unable to get git ref: failed to identify reference (tag/branch) for the checked-out revision '4f1514980495c4daaae2eb060228a87e14cbae11'
[64c9ea4a-5234-4968-aa9e-0ccdd40f93c0/build] unable to get git ref: failed to identify reference (tag/branch) for the checked-out revision '4f1514980495c4daaae2eb060228a87e14cbae11'
[64c9ea4a-5234-4968-aa9e-0ccdd40f93c0/build] unable to get git ref: failed to identify reference (tag/branch) for the checked-out revision '4f1514980495c4daaae2eb060228a87e14cbae11'
[64c9ea4a-5234-4968-aa9e-0ccdd40f93c0/build] ‚≠ê Run Main Build with Maven
[64c9ea4a-5234-4968-aa9e-0ccdd40f93c0/build] unable to get git ref: failed to identify reference (tag/branch) for the checked-out revision '4f1514980495c4daaae2eb060228a87e14cbae11'
[64c9ea4a-5234-4968-aa9e-0ccdd40f93c0/build] unable to get git ref: failed to identify reference (tag/branch) for the checked-out revision '4f1514980495c4daaae2eb060228a87e14cbae11'
[64c9ea4a-5234-4968-aa9e-0ccdd40f93c0/build] unable to get git ref: failed to identify reference (tag/branch) for the checked-out revision '4f1514980495c4daaae2eb060228a87e14cbae11'
[64c9ea4a-5234-4968-aa9e-0ccdd40f93c0/build] unable to get git ref: failed to identify reference (tag/branch) for the checked-out revision '4f1514980495c4daaae2eb060228a87e14cbae11'
[64c9ea4a-5234-4968-aa9e-0ccdd40f93c0/build]   üê≥  docker exec cmd=[bash --noprofile --norc -e -o pipefail /var/run/act/workflow/2] user= workdir=
[64c9ea4a-5234-4968-aa9e-0ccdd40f93c0/build]   | [INFO] Scanning for projects...
[64c9ea4a-5234-4968-aa9e-0ccdd40f93c0/build]   | [INFO] Downloading from central: https://repo.maven.apache.org/maven2/org/junit/junit-bom/5.8.2/junit-bom-5.8.2.pom
[64c9ea4a-5234-4968-aa9e-0ccdd40f93c0/build]   | [INFO] Downloaded from central: https://repo.maven.apache.org/maven2/org/junit/junit-bom/5.8.2/junit-bom-5.8.2.pom (5.6 kB at 18 kB/s)
[64c9ea4a-5234-4968-aa9e-0ccdd40f93c0/build]   | [INFO] 
[64c9ea4a-5234-4968-aa9e-0ccdd40f93c0/build]   | [INFO] -----------------------< com.thealgorithms:Java >-----------------------
[64c9ea4a-5234-4968-aa9e-0ccdd40f93c0/build]   | [INFO] Building Java 1.0-SNAPSHOT
[64c9ea4a-5234-4968-aa9e-0ccdd40f93c0/build]   | [INFO]   from pom.xml
[64c9ea4a-5234-4968-aa9e-0ccdd40f93c0/build]   | [INFO] --------------------------------[ jar ]---------------------------------
[64c9ea4a-5234-4968-aa9e-0ccdd40f93c0/build]   | [INFO] Downloading from central: https://repo.maven.apache.org/maven2/org/apache/maven/plugins/maven-resources-plugin/2.6/maven-resources-plugin-2.6.pom
[64c9ea4a-5234-4968-aa9e-0ccdd40f93c0/build]   | [INFO] Downloaded from central: https://repo.maven.apache.org/maven2/org/apache/maven/plugins/maven-resources-plugin/2.6/maven-resources-plugin-2.6.pom (8.1 kB at 386 kB/s)
[64c9ea4a-5234-4968-aa9e-0ccdd40f93c0/build]   | [INFO] Downloading from central: https://repo.maven.apache.org/maven2/org/apache/maven/plugins/maven-plugins/23/maven-plugins-23.pom
[64c9ea4a-5234-4968-aa9e-0ccdd40f93c0/build]   | [INFO] Downloaded from central: https://repo.maven.apache.org/maven2/org/apache/maven/plugins/maven-plugins/23/maven-plugins-23.pom (9.2 kB at 657 kB/s)
[64c9ea4a-5234-4968-aa9e-0ccdd40f93c0/build]   | [INFO] Downloading from central: https://repo.maven.apache.org/maven2/org/apache/maven/maven-parent/22/maven-parent-22.pom
[64c9ea4a-5234-4968-aa9e-0ccdd40f93c0/build]   | [INFO] Downloaded from central: https://repo.maven.apache.org/maven2/org/apache/maven/maven-parent/22/maven-parent-22.pom (30 kB at 1.4 MB/s)
[64c9ea4a-5234-4968-aa9e-0ccdd40f93c0/build]   | [INFO] Downloading from central: https://repo.maven.apache.org/maven2/org/apache/apache/11/apache-11.pom
[64c9ea4a-5234-4968-aa9e-0ccdd40f93c0/build]   | [INFO] Downloaded from central: https://repo.maven.apache.org/maven2/org/apache/apache/11/apache-11.pom (15 kB at 1.1 MB/s)
[64c9ea4a-5234-4968-aa9e-0ccdd40f93c0/build]   | [INFO] Downloading from central: https://repo.maven.apache.org/maven2/org/apache/maven/plugins/maven-resources-plugin/2.6/maven-resources-plugin-2.6.jar
[64c9ea4a-5234-4968-aa9e-0ccdd40f93c0/build]   | [INFO] Downloaded from central: https://repo.maven.apache.org/maven2/org/apache/maven/plugins/maven-resources-plugin/2.6/maven-resources-plugin-2.6.jar (30 kB at 1.8 MB/s)
[64c9ea4a-5234-4968-aa9e-0ccdd40f93c0/build]   | [INFO] Downloading from central: https://repo.maven.apache.org/maven2/org/apache/maven/plugins/maven-compiler-plugin/3.10.1/maven-compiler-plugin-3.10.1.pom
[64c9ea4a-5234-4968-aa9e-0ccdd40f93c0/build]   | [INFO] Downloaded from central: https://repo.maven.apache.org/maven2/org/apache/maven/plugins/maven-compiler-plugin/3.10.1/maven-compiler-plugin-3.10.1.pom (13 kB at 970 kB/s)
[64c9ea4a-5234-4968-aa9e-0ccdd40f93c0/build]   | [INFO] Downloading from central: https://repo.maven.apache.org/maven2/org/apache/maven/plugins/maven-plugins/34/maven-plugins-34.pom
[64c9ea4a-5234-4968-aa9e-0ccdd40f93c0/build]   | [INFO] Downloaded from central: https://repo.maven.apache.org/maven2/org/apache/maven/plugins/maven-plugins/34/maven-plugins-34.pom (11 kB at 712 kB/s)
[64c9ea4a-5234-4968-aa9e-0ccdd40f93c0/build]   | [INFO] Downloading from central: https://repo.maven.apache.org/maven2/org/apache/maven/maven-parent/34/maven-parent-34.pom
[64c9ea4a-5234-4968-aa9e-0ccdd40f93c0/build]   | [INFO] Downloaded from central: https://repo.maven.apache.org/maven2/org/apache/maven/maven-parent/34/maven-parent-34.pom (43 kB at 1.8 MB/s)
[64c9ea4a-5234-4968-aa9e-0ccdd40f93c0/build]   | [INFO] Downloading from central: https://repo.maven.apache.org/maven2/org/apache/apache/23/apache-23.pom
[64c9ea4a-5234-4968-aa9e-0ccdd40f93c0/build]   | [INFO] Downloaded from central: https://repo.maven.apache.org/maven2/org/apache/apache/23/apache-23.pom (18 kB at 2.0 MB/s)
[64c9ea4a-5234-4968-aa9e-0ccdd40f93c0/build]   | [INFO] Downloading from central: https://repo.maven.apache.org/maven2/org/apache/maven/plugins/maven-compiler-plugin/3.10.1/maven-compiler-plugin-3.10.1.jar
[64c9ea4a-5234-4968-aa9e-0ccdd40f93c0/build]   | [INFO] Downloaded from central: https://repo.maven.apache.org/maven2/org/apache/maven/plugins/maven-compiler-plugin/3.10.1/maven-compiler-plugin-3.10.1.jar (62 kB at 4.8 MB/s)
[64c9ea4a-5234-4968-aa9e-0ccdd40f93c0/build]   | [INFO] Downloading from central: https://repo.maven.apache.org/maven2/org/apache/maven/plugins/maven-surefire-plugin/2.22.2/maven-surefire-plugin-2.22.2.pom
[64c9ea4a-5234-4968-aa9e-0ccdd40f93c0/build]   | [INFO] Downloaded from central: https://repo.maven.apache.org/maven2/org/apache/maven/plugins/maven-surefire-plugin/2.22.2/maven-surefire-plugin-2.22.2.pom (5.0 kB at 384 kB/s)
[64c9ea4a-5234-4968-aa9e-0ccdd40f93c0/build]   | [INFO] Downloading from central: https://repo.maven.apache.org/maven2/org/apache/maven/surefire/surefire/2.22.2/surefire-2.22.2.pom
[64c9ea4a-5234-4968-aa9e-0ccdd40f93c0/build]   | [INFO] Downloaded from central: https://repo.maven.apache.org/maven2/org/apache/maven/surefire/surefire/2.22.2/surefire-2.22.2.pom (26 kB at 2.0 MB/s)
[64c9ea4a-5234-4968-aa9e-0ccdd40f93c0/build]   | [INFO] Downloading from central: https://repo.maven.apache.org/maven2/org/apache/maven/maven-parent/33/maven-parent-33.pom
[64c9ea4a-5234-4968-aa9e-0ccdd40f93c0/build]   | [INFO] Downloaded from central: https://repo.maven.apache.org/maven2/org/apache/maven/maven-parent/33/maven-parent-33.pom (44 kB at 2.9 MB/s)
[64c9ea4a-5234-4968-aa9e-0ccdd40f93c0/build]   | [INFO] Downloading from central: https://repo.maven.apache.org/maven2/org/apache/apache/21/apache-21.pom
[64c9ea4a-5234-4968-aa9e-0ccdd40f93c0/build]   | [INFO] Downloaded from central: https://repo.maven.apache.org/maven2/org/apache/apache/21/apache-21.pom (17 kB at 1.4 MB/s)
[64c9ea4a-5234-4968-aa9e-0ccdd40f93c0/build]   | [INFO] Downloading from central: https://repo.maven.apache.org/maven2/org/apache/maven/plugins/maven-surefire-plugin/2.22.2/maven-surefire-plugin-2.22.2.jar
[64c9ea4a-5234-4968-aa9e-0ccdd40f93c0/build]   | [INFO] Downloaded from central: https://repo.maven.apache.org/maven2/org/apache/maven/plugins/maven-surefire-plugin/2.22.2/maven-surefire-plugin-2.22.2.jar (41 kB at 3.4 MB/s)
[64c9ea4a-5234-4968-aa9e-0ccdd40f93c0/build]   | [INFO] Downloading from central: https://repo.maven.apache.org/maven2/org/apache/maven/plugins/maven-jar-plugin/2.4/maven-jar-plugin-2.4.pom
[64c9ea4a-5234-4968-aa9e-0ccdd40f93c0/build]   | [INFO] Downloaded from central: https://repo.maven.apache.org/maven2/org/apache/maven/plugins/maven-jar-plugin/2.4/maven-jar-plugin-2.4.pom (5.8 kB at 648 kB/s)
[64c9ea4a-5234-4968-aa9e-0ccdd40f93c0/build]   | [INFO] Downloading from central: https://repo.maven.apache.org/maven2/org/apache/maven/plugins/maven-plugins/22/maven-plugins-22.pom
[64c9ea4a-5234-4968-aa9e-0ccdd40f93c0/build]   | [INFO] Downloaded from central: https://repo.maven.apache.org/maven2/org/apache/maven/plugins/maven-plugins/22/maven-plugins-22.pom (13 kB at 1.3 MB/s)
[64c9ea4a-5234-4968-aa9e-0ccdd40f93c0/build]   | [INFO] Downloading from central: https://repo.maven.apache.org/maven2/org/apache/maven/maven-parent/21/maven-parent-21.pom
[64c9ea4a-5234-4968-aa9e-0ccdd40f93c0/build]   | [INFO] Downloaded from central: https://repo.maven.apache.org/maven2/org/apache/maven/maven-parent/21/maven-parent-21.pom (26 kB at 2.4 MB/s)
[64c9ea4a-5234-4968-aa9e-0ccdd40f93c0/build]   | [INFO] Downloading from central: https://repo.maven.apache.org/maven2/org/apache/apache/10/apache-10.pom
[64c9ea4a-5234-4968-aa9e-0ccdd40f93c0/build]   | [INFO] Downloaded from central: https://repo.maven.apache.org/maven2/org/apache/apache/10/apache-10.pom (15 kB at 1.8 MB/s)
[64c9ea4a-5234-4968-aa9e-0ccdd40f93c0/build]   | [INFO] Downloading from central: https://repo.maven.apache.org/maven2/org/apache/maven/plugins/maven-jar-plugin/2.4/maven-jar-plugin-2.4.jar
[64c9ea4a-5234-4968-aa9e-0ccdd40f93c0/build]   | [INFO] Downloaded from central: https://repo.maven.apache.org/maven2/org/apache/maven/plugins/maven-jar-plugin/2.4/maven-jar-plugin-2.4.jar (34 kB at 3.4 MB/s)
[64c9ea4a-5234-4968-aa9e-0ccdd40f93c0/build]   | [INFO] Downloading from central: https://repo.maven.apache.org/maven2/org/junit/jupiter/junit-jupiter/5.9.0/junit-jupiter-5.9.0.pom
[64c9ea4a-5234-4968-aa9e-0ccdd40f93c0/build]   | [INFO] Downloaded from central: https://repo.maven.apache.org/maven2/org/junit/jupiter/junit-jupiter/5.9.0/junit-jupiter-5.9.0.pom (3.2 kB at 188 kB/s)
[64c9ea4a-5234-4968-aa9e-0ccdd40f93c0/build]   | [INFO] Downloading from central: https://repo.maven.apache.org/maven2/org/junit/junit-bom/5.9.0/junit-bom-5.9.0.pom
[64c9ea4a-5234-4968-aa9e-0ccdd40f93c0/build]   | [INFO] Downloaded from central: https://repo.maven.apache.org/maven2/org/junit/junit-bom/5.9.0/junit-bom-5.9.0.pom (5.6 kB at 217 kB/s)
[64c9ea4a-5234-4968-aa9e-0ccdd40f93c0/build]   | [INFO] Downloading from central: https://repo.maven.apache.org/maven2/org/junit/jupiter/junit-jupiter-api/5.8.2/junit-jupiter-api-5.8.2.pom
[64c9ea4a-5234-4968-aa9e-0ccdd40f93c0/build]   | [INFO] Downloaded from central: https://repo.maven.apache.org/maven2/org/junit/jupiter/junit-jupiter-api/5.8.2/junit-jupiter-api-5.8.2.pom (3.2 kB at 318 kB/s)
[64c9ea4a-5234-4968-aa9e-0ccdd40f93c0/build]   | [INFO] Downloading from central: https://repo.maven.apache.org/maven2/org/opentest4j/opentest4j/1.2.0/opentest4j-1.2.0.pom
[64c9ea4a-5234-4968-aa9e-0ccdd40f93c0/build]   | [INFO] Downloaded from central: https://repo.maven.apache.org/maven2/org/opentest4j/opentest4j/1.2.0/opentest4j-1.2.0.pom (1.7 kB at 187 kB/s)
[64c9ea4a-5234-4968-aa9e-0ccdd40f93c0/build]   | [INFO] Downloading from central: https://repo.maven.apache.org/maven2/org/junit/platform/junit-platform-commons/1.8.2/junit-platform-commons-1.8.2.pom
[64c9ea4a-5234-4968-aa9e-0ccdd40f93c0/build]   | [INFO] Downloaded from central: https://repo.maven.apache.org/maven2/org/junit/platform/junit-platform-commons/1.8.2/junit-platform-commons-1.8.2.pom (2.8 kB at 113 kB/s)
[64c9ea4a-5234-4968-aa9e-0ccdd40f93c0/build]   | [INFO] Downloading from central: https://repo.maven.apache.org/maven2/org/apiguardian/apiguardian-api/1.1.2/apiguardian-api-1.1.2.pom
[64c9ea4a-5234-4968-aa9e-0ccdd40f93c0/build]   | [INFO] Downloaded from central: https://repo.maven.apache.org/maven2/org/apiguardian/apiguardian-api/1.1.2/apiguardian-api-1.1.2.pom (1.5 kB at 191 kB/s)
[64c9ea4a-5234-4968-aa9e-0ccdd40f93c0/build]   | [INFO] Downloading from central: https://repo.maven.apache.org/maven2/org/junit/jupiter/junit-jupiter-params/5.8.2/junit-jupiter-params-5.8.2.pom
[64c9ea4a-5234-4968-aa9e-0ccdd40f93c0/build]   | [INFO] Downloaded from central: https://repo.maven.apache.org/maven2/org/junit/jupiter/junit-jupiter-params/5.8.2/junit-jupiter-params-5.8.2.pom (3.0 kB at 430 kB/s)
[64c9ea4a-5234-4968-aa9e-0ccdd40f93c0/build]   | [INFO] Downloading from central: https://repo.maven.apache.org/maven2/org/junit/jupiter/junit-jupiter-engine/5.8.2/junit-jupiter-engine-5.8.2.pom
[64c9ea4a-5234-4968-aa9e-0ccdd40f93c0/build]   | [INFO] Downloaded from central: https://repo.maven.apache.org/maven2/org/junit/jupiter/junit-jupiter-engine/5.8.2/junit-jupiter-engine-5.8.2.pom (3.2 kB at 246 kB/s)
[64c9ea4a-5234-4968-aa9e-0ccdd40f93c0/build]   | [INFO] Downloading from central: https://repo.maven.apache.org/maven2/org/junit/platform/junit-platform-engine/1.8.2/junit-platform-engine-1.8.2.pom
[64c9ea4a-5234-4968-aa9e-0ccdd40f93c0/build]   | [INFO] Downloaded from central: https://repo.maven.apache.org/maven2/org/junit/platform/junit-platform-engine/1.8.2/junit-platform-engine-1.8.2.pom (3.2 kB at 291 kB/s)
[64c9ea4a-5234-4968-aa9e-0ccdd40f93c0/build]   | [INFO] Downloading from central: https://repo.maven.apache.org/maven2/org/assertj/assertj-core/3.23.1/assertj-core-3.23.1.pom
[64c9ea4a-5234-4968-aa9e-0ccdd40f93c0/build]   | [INFO] Downloaded from central: https://repo.maven.apache.org/maven2/org/assertj/assertj-core/3.23.1/assertj-core-3.23.1.pom (24 kB at 2.6 MB/s)
[64c9ea4a-5234-4968-aa9e-0ccdd40f93c0/build]   | [INFO] Downloading from central: https://repo.maven.apache.org/maven2/org/assertj/assertj-parent-pom/2.2.17/assertj-parent-pom-2.2.17.pom
[64c9ea4a-5234-4968-aa9e-0ccdd40f93c0/build]   | [INFO] Downloaded from central: https://repo.maven.apache.org/maven2/org/assertj/assertj-parent-pom/2.2.17/assertj-parent-pom-2.2.17.pom (24 kB at 1.9 MB/s)
[64c9ea4a-5234-4968-aa9e-0ccdd40f93c0/build]   | [INFO] Downloading from central: https://repo.maven.apache.org/maven2/org/mockito/mockito-bom/4.5.1/mockito-bom-4.5.1.pom
[64c9ea4a-5234-4968-aa9e-0ccdd40f93c0/build]   | [INFO] Downloaded from central: https://repo.maven.apache.org/maven2/org/mockito/mockito-bom/4.5.1/mockito-bom-4.5.1.pom (3.0 kB at 229 kB/s)
[64c9ea4a-5234-4968-aa9e-0ccdd40f93c0/build]   | [INFO] Downloading from central: https://repo.maven.apache.org/maven2/net/bytebuddy/byte-buddy/1.12.10/byte-buddy-1.12.10.pom
[64c9ea4a-5234-4968-aa9e-0ccdd40f93c0/build]   | [INFO] Downloaded from central: https://repo.maven.apache.org/maven2/net/bytebuddy/byte-buddy/1.12.10/byte-buddy-1.12.10.pom (17 kB at 1.3 MB/s)
[64c9ea4a-5234-4968-aa9e-0ccdd40f93c0/build]   | [INFO] Downloading from central: https://repo.maven.apache.org/maven2/net/bytebuddy/byte-buddy-parent/1.12.10/byte-buddy-parent-1.12.10.pom
[64c9ea4a-5234-4968-aa9e-0ccdd40f93c0/build]   | [INFO] Downloaded from central: https://repo.maven.apache.org/maven2/net/bytebuddy/byte-buddy-parent/1.12.10/byte-buddy-parent-1.12.10.pom (45 kB at 6.4 MB/s)
[64c9ea4a-5234-4968-aa9e-0ccdd40f93c0/build]   | [INFO] Downloading from central: https://repo.maven.apache.org/maven2/org/junit/jupiter/junit-jupiter-api/5.9.0/junit-jupiter-api-5.9.0.pom
[64c9ea4a-5234-4968-aa9e-0ccdd40f93c0/build]   | [INFO] Downloaded from central: https://repo.maven.apache.org/maven2/org/junit/jupiter/junit-jupiter-api/5.9.0/junit-jupiter-api-5.9.0.pom (3.2 kB at 353 kB/s)
[64c9ea4a-5234-4968-aa9e-0ccdd40f93c0/build]   | [INFO] Downloading from central: https://repo.maven.apache.org/maven2/org/junit/jupiter/junit-jupiter/5.9.0/junit-jupiter-5.9.0.jar
[64c9ea4a-5234-4968-aa9e-0ccdd40f93c0/build]   | [INFO] Downloading from central: https://repo.maven.apache.org/maven2/org/junit/jupiter/junit-jupiter-params/5.8.2/junit-jupiter-params-5.8.2.jar
[64c9ea4a-5234-4968-aa9e-0ccdd40f93c0/build]   | [INFO] Downloading from central: https://repo.maven.apache.org/maven2/org/junit/jupiter/junit-jupiter-engine/5.8.2/junit-jupiter-engine-5.8.2.jar
[64c9ea4a-5234-4968-aa9e-0ccdd40f93c0/build]   | [INFO] Downloading from central: https://repo.maven.apache.org/maven2/org/junit/platform/junit-platform-engine/1.8.2/junit-platform-engine-1.8.2.jar
[64c9ea4a-5234-4968-aa9e-0ccdd40f93c0/build]   | [INFO] Downloading from central: https://repo.maven.apache.org/maven2/org/assertj/assertj-core/3.23.1/assertj-core-3.23.1.jar
[64c9ea4a-5234-4968-aa9e-0ccdd40f93c0/build]   | [INFO] Downloaded from central: https://repo.maven.apache.org/maven2/org/junit/jupiter/junit-jupiter/5.9.0/junit-jupiter-5.9.0.jar (6.4 kB at 578 kB/s)
[64c9ea4a-5234-4968-aa9e-0ccdd40f93c0/build]   | [INFO] Downloading from central: https://repo.maven.apache.org/maven2/net/bytebuddy/byte-buddy/1.12.10/byte-buddy-1.12.10.jar
[64c9ea4a-5234-4968-aa9e-0ccdd40f93c0/build]   | [INFO] Downloaded from central: https://repo.maven.apache.org/maven2/org/junit/platform/junit-platform-engine/1.8.2/junit-platform-engine-1.8.2.jar (186 kB at 2.4 MB/s)
[64c9ea4a-5234-4968-aa9e-0ccdd40f93c0/build]   | [INFO] Downloading from central: https://repo.maven.apache.org/maven2/org/junit/jupiter/junit-jupiter-api/5.9.0/junit-jupiter-api-5.9.0.jar
[64c9ea4a-5234-4968-aa9e-0ccdd40f93c0/build]   | [INFO] Downloaded from central: https://repo.maven.apache.org/maven2/org/junit/jupiter/junit-jupiter-params/5.8.2/junit-jupiter-params-5.8.2.jar (577 kB at 7.1 MB/s)
[64c9ea4a-5234-4968-aa9e-0ccdd40f93c0/build]   | [INFO] Downloading from central: https://repo.maven.apache.org/maven2/org/opentest4j/opentest4j/1.2.0/opentest4j-1.2.0.jar
[64c9ea4a-5234-4968-aa9e-0ccdd40f93c0/build]   | [INFO] Downloaded from central: https://repo.maven.apache.org/maven2/org/junit/jupiter/junit-jupiter-engine/5.8.2/junit-jupiter-engine-5.8.2.jar (230 kB at 2.8 MB/s)
[64c9ea4a-5234-4968-aa9e-0ccdd40f93c0/build]   | [INFO] Downloading from central: https://repo.maven.apache.org/maven2/org/junit/platform/junit-platform-commons/1.8.2/junit-platform-commons-1.8.2.jar
[64c9ea4a-5234-4968-aa9e-0ccdd40f93c0/build]   | [INFO] Downloaded from central: https://repo.maven.apache.org/maven2/org/junit/jupiter/junit-jupiter-api/5.9.0/junit-jupiter-api-5.9.0.jar (203 kB at 2.2 MB/s)
[64c9ea4a-5234-4968-aa9e-0ccdd40f93c0/build]   | [INFO] Downloading from central: https://repo.maven.apache.org/maven2/org/apiguardian/apiguardian-api/1.1.2/apiguardian-api-1.1.2.jar
[64c9ea4a-5234-4968-aa9e-0ccdd40f93c0/build]   | [INFO] Downloaded from central: https://repo.maven.apache.org/maven2/org/junit/platform/junit-platform-commons/1.8.2/junit-platform-commons-1.8.2.jar (100 kB at 1.0 MB/s)
[64c9ea4a-5234-4968-aa9e-0ccdd40f93c0/build]   | [INFO] Downloaded from central: https://repo.maven.apache.org/maven2/org/assertj/assertj-core/3.23.1/assertj-core-3.23.1.jar (1.2 MB at 13 MB/s)
[64c9ea4a-5234-4968-aa9e-0ccdd40f93c0/build]   | [INFO] Downloaded from central: https://repo.maven.apache.org/maven2/org/opentest4j/opentest4j/1.2.0/opentest4j-1.2.0.jar (7.7 kB at 77 kB/s)
[64c9ea4a-5234-4968-aa9e-0ccdd40f93c0/build]   | [INFO] Downloaded from central: https://repo.maven.apache.org/maven2/org/apiguardian/apiguardian-api/1.1.2/apiguardian-api-1.1.2.jar (6.8 kB at 68 kB/s)
[64c9ea4a-5234-4968-aa9e-0ccdd40f93c0/build]   | [INFO] Downloaded from central: https://repo.maven.apache.org/maven2/net/bytebuddy/byte-buddy/1.12.10/byte-buddy-1.12.10.jar (3.8 MB at 33 MB/s)
[64c9ea4a-5234-4968-aa9e-0ccdd40f93c0/build]   | [INFO] 
[64c9ea4a-5234-4968-aa9e-0ccdd40f93c0/build]   | [INFO] --- maven-resources-plugin:2.6:resources (default-resources) @ Java ---
[64c9ea4a-5234-4968-aa9e-0ccdd40f93c0/build]   | [INFO] Downloading from central: https://repo.maven.apache.org/maven2/org/apache/maven/maven-plugin-api/2.0.6/maven-plugin-api-2.0.6.pom
[64c9ea4a-5234-4968-aa9e-0ccdd40f93c0/build]   | [INFO] Downloaded from central: https://repo.maven.apache.org/maven2/org/apache/maven/maven-plugin-api/2.0.6/maven-plugin-api-2.0.6.pom (1.5 kB at 132 kB/s)
[64c9ea4a-5234-4968-aa9e-0ccdd40f93c0/build]   | [INFO] Downloading from central: https://repo.maven.apache.org/maven2/org/apache/maven/maven/2.0.6/maven-2.0.6.pom
[64c9ea4a-5234-4968-aa9e-0ccdd40f93c0/build]   | [INFO] Downloaded from central: https://repo.maven.apache.org/maven2/org/apache/maven/maven/2.0.6/maven-2.0.6.pom (9.0 kB at 1.3 MB/s)
[64c9ea4a-5234-4968-aa9e-0ccdd40f93c0/build]   | [INFO] Downloading from central: https://repo.maven.apache.org/maven2/org/apache/maven/maven-parent/5/maven-parent-5.pom
[64c9ea4a-5234-4968-aa9e-0ccdd40f93c0/build]   | [INFO] Downloaded from central: https://repo.maven.apache.org/maven2/org/apache/maven/maven-parent/5/maven-parent-5.pom (15 kB at 250 kB/s)
[64c9ea4a-5234-4968-aa9e-0ccdd40f93c0/build]   | [INFO] Downloading from central: https://repo.maven.apache.org/maven2/org/apache/apache/3/apache-3.pom
[64c9ea4a-5234-4968-aa9e-0ccdd40f93c0/build]   | [INFO] Downloaded from central: https://repo.maven.apache.org/maven2/org/apache/apache/3/apache-3.pom (3.4 kB at 172 kB/s)
[64c9ea4a-5234-4968-aa9e-0ccdd40f93c0/build]   | [INFO] Downloading from central: https://repo.maven.apache.org/maven2/org/apache/maven/maven-project/2.0.6/maven-project-2.0.6.pom
[64c9ea4a-5234-4968-aa9e-0ccdd40f93c0/build]   | [INFO] Downloaded from central: https://repo.maven.apache.org/maven2/org/apache/maven/maven-project/2.0.6/maven-project-2.0.6.pom (2.6 kB at 176 kB/s)
[64c9ea4a-5234-4968-aa9e-0ccdd40f93c0/build]   | [INFO] Downloading from central: https://repo.maven.apache.org/maven2/org/apache/maven/maven-settings/2.0.6/maven-settings-2.0.6.pom
[64c9ea4a-5234-4968-aa9e-0ccdd40f93c0/build]   | [INFO] Downloaded from central: https://repo.maven.apache.org/maven2/org/apache/maven/maven-settings/2.0.6/maven-settings-2.0.6.pom (2.0 kB at 111 kB/s)
[64c9ea4a-5234-4968-aa9e-0ccdd40f93c0/build]   | [INFO] Downloading from central: https://repo.maven.apache.org/maven2/org/apache/maven/maven-model/2.0.6/maven-model-2.0.6.pom
[64c9ea4a-5234-4968-aa9e-0ccdd40f93c0/build]   | [INFO] Downloaded from central: https://repo.maven.apache.org/maven2/org/apache/maven/maven-model/2.0.6/maven-model-2.0.6.pom (3.0 kB at 218 kB/s)
[64c9ea4a-5234-4968-aa9e-0ccdd40f93c0/build]   | [INFO] Downloading from central: https://repo.maven.apache.org/maven2/org/codehaus/plexus/plexus-utils/1.4.1/plexus-utils-1.4.1.pom
[64c9ea4a-5234-4968-aa9e-0ccdd40f93c0/build]   | [INFO] Downloaded from central: https://repo.maven.apache.org/maven2/org/codehaus/plexus/plexus-utils/1.4.1/plexus-utils-1.4.1.pom (1.9 kB at 212 kB/s)
[64c9ea4a-5234-4968-aa9e-0ccdd40f93c0/build]   | [INFO] Downloading from central: https://repo.maven.apache.org/maven2/org/codehaus/plexus/plexus/1.0.11/plexus-1.0.11.pom
[64c9ea4a-5234-4968-aa9e-0ccdd40f93c0/build]   | [INFO] Downloaded from central: https://repo.maven.apache.org/maven2/org/codehaus/plexus/plexus/1.0.11/plexus-1.0.11.pom (9.0 kB at 1.3 MB/s)
[64c9ea4a-5234-4968-aa9e-0ccdd40f93c0/build]   | [INFO] Downloading from central: https://repo.maven.apache.org/maven2/org/codehaus/plexus/plexus-container-default/1.0-alpha-9-stable-1/plexus-container-default-1.0-alpha-9-stable-1.pom
[64c9ea4a-5234-4968-aa9e-0ccdd40f93c0/build]   | [INFO] Downloaded from central: https://repo.maven.apache.org/maven2/org/codehaus/plexus/plexus-container-default/1.0-alpha-9-stable-1/plexus-container-default-1.0-alpha-9-stable-1.pom (3.9 kB at 658 kB/s)
[64c9ea4a-5234-4968-aa9e-0ccdd40f93c0/build]   | [INFO] Downloading from central: https://repo.maven.apache.org/maven2/org/codehaus/plexus/plexus-containers/1.0.3/plexus-containers-1.0.3.pom
[64c9ea4a-5234-4968-aa9e-0ccdd40f93c0/build]   | [INFO] Downloaded from central: https://repo.maven.apache.org/maven2/org/codehaus/plexus/plexus-containers/1.0.3/plexus-containers-1.0.3.pom (492 B at 70 kB/s)
[64c9ea4a-5234-4968-aa9e-0ccdd40f93c0/build]   | [INFO] Downloading from central: https://repo.maven.apache.org/maven2/org/codehaus/plexus/plexus/1.0.4/plexus-1.0.4.pom
[64c9ea4a-5234-4968-aa9e-0ccdd40f93c0/build]   | [INFO] Downloaded from central: https://repo.maven.apache.org/maven2/org/codehaus/plexus/plexus/1.0.4/plexus-1.0.4.pom (5.7 kB at 956 kB/s)
[64c9ea4a-5234-4968-aa9e-0ccdd40f93c0/build]   | [INFO] Downloading from central: https://repo.maven.apache.org/maven2/junit/junit/3.8.1/junit-3.8.1.pom
[64c9ea4a-5234-4968-aa9e-0ccdd40f93c0/build]   | [INFO] Downloaded from central: https://repo.maven.apache.org/maven2/junit/junit/3.8.1/junit-3.8.1.pom (998 B at 166 kB/s)
[64c9ea4a-5234-4968-aa9e-0ccdd40f93c0/build]   | [INFO] Downloading from central: https://repo.maven.apache.org/maven2/org/codehaus/plexus/plexus-utils/1.0.4/plexus-utils-1.0.4.pom
[64c9ea4a-5234-4968-aa9e-0ccdd40f93c0/build]   | [INFO] Downloaded from central: https://repo.maven.apache.org/maven2/org/codehaus/plexus/plexus-utils/1.0.4/plexus-utils-1.0.4.pom (6.9 kB at 1.1 MB/s)
[64c9ea4a-5234-4968-aa9e-0ccdd40f93c0/build]   | [INFO] Downloading from central: https://repo.maven.apache.org/maven2/classworlds/classworlds/1.1-alpha-2/classworlds-1.1-alpha-2.pom
[64c9ea4a-5234-4968-aa9e-0ccdd40f93c0/build]   | [INFO] Downloaded from central: https://repo.maven.apache.org/maven2/classworlds/classworlds/1.1-alpha-2/classworlds-1.1-alpha-2.pom (3.1 kB at 447 kB/s)
[64c9ea4a-5234-4968-aa9e-0ccdd40f93c0/build]   | [INFO] Downloading from central: https://repo.maven.apache.org/maven2/org/apache/maven/maven-profile/2.0.6/maven-profile-2.0.6.pom
[64c9ea4a-5234-4968-aa9e-0ccdd40f93c0/build]   | [INFO] Downloaded from central: https://repo.maven.apache.org/maven2/org/apache/maven/maven-profile/2.0.6/maven-profile-2.0.6.pom (2.0 kB at 283 kB/s)
[64c9ea4a-5234-4968-aa9e-0ccdd40f93c0/build]   | [INFO] Downloading from central: https://repo.maven.apache.org/maven2/org/apache/maven/maven-artifact-manager/2.0.6/maven-artifact-manager-2.0.6.pom
[64c9ea4a-5234-4968-aa9e-0ccdd40f93c0/build]   | [INFO] Downloaded from central: https://repo.maven.apache.org/maven2/org/apache/maven/maven-artifact-manager/2.0.6/maven-artifact-manager-2.0.6.pom (2.6 kB at 238 kB/s)
[64c9ea4a-5234-4968-aa9e-0ccdd40f93c0/build]   | [INFO] Downloading from central: https://repo.maven.apache.org/maven2/org/apache/maven/maven-repository-metadata/2.0.6/maven-repository-metadata-2.0.6.pom
[64c9ea4a-5234-4968-aa9e-0ccdd40f93c0/build]   | [INFO] Downloaded from central: https://repo.maven.apache.org/maven2/org/apache/maven/maven-repository-metadata/2.0.6/maven-repository-metadata-2.0.6.pom (1.9 kB at 142 kB/s)
[64c9ea4a-5234-4968-aa9e-0ccdd40f93c0/build]   | [INFO] Downloading from central: https://repo.maven.apache.org/maven2/org/apache/maven/maven-artifact/2.0.6/maven-artifact-2.0.6.pom
[64c9ea4a-5234-4968-aa9e-0ccdd40f93c0/build]   | [INFO] Downloaded from central: https://repo.maven.apache.org/maven2/org/apache/maven/maven-artifact/2.0.6/maven-artifact-2.0.6.pom (1.6 kB at 197 kB/s)
[64c9ea4a-5234-4968-aa9e-0ccdd40f93c0/build]   | [INFO] Downloading from central: https://repo.maven.apache.org/maven2/org/apache/maven/maven-plugin-registry/2.0.6/maven-plugin-registry-2.0.6.pom
[64c9ea4a-5234-4968-aa9e-0ccdd40f93c0/build]   | [INFO] Downloaded from central: https://repo.maven.apache.org/maven2/org/apache/maven/maven-plugin-registry/2.0.6/maven-plugin-registry-2.0.6.pom (1.9 kB at 278 kB/s)
[64c9ea4a-5234-4968-aa9e-0ccdd40f93c0/build]   | [INFO] Downloading from central: https://repo.maven.apache.org/maven2/org/apache/maven/maven-core/2.0.6/maven-core-2.0.6.pom
[64c9ea4a-5234-4968-aa9e-0ccdd40f93c0/build]   | [INFO] Downloaded from central: https://repo.maven.apache.org/maven2/org/apache/maven/maven-core/2.0.6/maven-core-2.0.6.pom (6.7 kB at 1.1 MB/s)
[64c9ea4a-5234-4968-aa9e-0ccdd40f93c0/build]   | [INFO] Downloading from central: https://repo.maven.apache.org/maven2/org/apache/maven/maven-plugin-parameter-documenter/2.0.6/maven-plugin-parameter-documenter-2.0.6.pom
[64c9ea4a-5234-4968-aa9e-0ccdd40f93c0/build]   | [INFO] Downloaded from central: https://repo.maven.apache.org/maven2/org/apache/maven/maven-plugin-parameter-documenter/2.0.6/maven-plugin-parameter-documenter-2.0.6.pom (1.9 kB at 273 kB/s)
[64c9ea4a-5234-4968-aa9e-0ccdd40f93c0/build]   | [INFO] Downloading from central: https://repo.maven.apache.org/maven2/org/apache/maven/reporting/maven-reporting-api/2.0.6/maven-reporting-api-2.0.6.pom
[64c9ea4a-5234-4968-aa9e-0ccdd40f93c0/build]   | [INFO] Downloaded from central: https://repo.maven.apache.org/maven2/org/apache/maven/reporting/maven-reporting-api/2.0.6/maven-reporting-api-2.0.6.pom (1.8 kB at 250 kB/s)
[64c9ea4a-5234-4968-aa9e-0ccdd40f93c0/build]   | [INFO] Downloading from central: https://repo.maven.apache.org/maven2/org/apache/maven/reporting/maven-reporting/2.0.6/maven-reporting-2.0.6.pom
[64c9ea4a-5234-4968-aa9e-0ccdd40f93c0/build]   | [INFO] Downloaded from central: https://repo.maven.apache.org/maven2/org/apache/maven/reporting/maven-reporting/2.0.6/maven-reporting-2.0.6.pom (1.4 kB at 206 kB/s)
[64c9ea4a-5234-4968-aa9e-0ccdd40f93c0/build]   | [INFO] Downloading from central: https://repo.maven.apache.org/maven2/org/apache/maven/doxia/doxia-sink-api/1.0-alpha-7/doxia-sink-api-1.0-alpha-7.pom
[64c9ea4a-5234-4968-aa9e-0ccdd40f93c0/build]   | [INFO] Downloaded from central: https://repo.maven.apache.org/maven2/org/apache/maven/doxia/doxia-sink-api/1.0-alpha-7/doxia-sink-api-1.0-alpha-7.pom (424 B at 61 kB/s)
[64c9ea4a-5234-4968-aa9e-0ccdd40f93c0/build]   | [INFO] Downloading from central: https://repo.maven.apache.org/maven2/org/apache/maven/doxia/doxia/1.0-alpha-7/doxia-1.0-alpha-7.pom
[64c9ea4a-5234-4968-aa9e-0ccdd40f93c0/build]   | [INFO] Downloaded from central: https://repo.maven.apache.org/maven2/org/apache/maven/doxia/doxia/1.0-alpha-7/doxia-1.0-alpha-7.pom (3.9 kB at 391 kB/s)
[64c9ea4a-5234-4968-aa9e-0ccdd40f93c0/build]   | [INFO] Downloading from central: https://repo.maven.apache.org/maven2/org/apache/maven/maven-error-diagnostics/2.0.6/maven-error-diagnostics-2.0.6.pom
[64c9ea4a-5234-4968-aa9e-0ccdd40f93c0/build]   | [INFO] Downloaded from central: https://repo.maven.apache.org/maven2/org/apache/maven/maven-error-diagnostics/2.0.6/maven-error-diagnostics-2.0.6.pom (1.7 kB at 170 kB/s)
[64c9ea4a-5234-4968-aa9e-0ccdd40f93c0/build]   | [INFO] Downloading from central: https://repo.maven.apache.org/maven2/commons-cli/commons-cli/1.0/commons-cli-1.0.pom
[64c9ea4a-5234-4968-aa9e-0ccdd40f93c0/build]   | [INFO] Downloaded from central: https://repo.maven.apache.org/maven2/commons-cli/commons-cli/1.0/commons-cli-1.0.pom (2.1 kB at 263 kB/s)
[64c9ea4a-5234-4968-aa9e-0ccdd40f93c0/build]   | [INFO] Downloading from central: https://repo.maven.apache.org/maven2/org/apache/maven/maven-plugin-descriptor/2.0.6/maven-plugin-descriptor-2.0.6.pom
[64c9ea4a-5234-4968-aa9e-0ccdd40f93c0/build]   | [INFO] Downloaded from central: https://repo.maven.apache.org/maven2/org/apache/maven/maven-plugin-descriptor/2.0.6/maven-plugin-descriptor-2.0.6.pom (2.0 kB at 288 kB/s)
[64c9ea4a-5234-4968-aa9e-0ccdd40f93c0/build]   | [INFO] Downloading from central: https://repo.maven.apache.org/maven2/org/codehaus/plexus/plexus-interactivity-api/1.0-alpha-4/plexus-interactivity-api-1.0-alpha-4.pom
[64c9ea4a-5234-4968-aa9e-0ccdd40f93c0/build]   | [INFO] Downloaded from central: https://repo.maven.apache.org/maven2/org/codehaus/plexus/plexus-interactivity-api/1.0-alpha-4/plexus-interactivity-api-1.0-alpha-4.pom (7.1 kB at 788 kB/s)
[64c9ea4a-5234-4968-aa9e-0ccdd40f93c0/build]   | [INFO] Downloading from central: https://repo.maven.apache.org/maven2/org/apache/maven/maven-monitor/2.0.6/maven-monitor-2.0.6.pom
[64c9ea4a-5234-4968-aa9e-0ccdd40f93c0/build]   | [INFO] Downloaded from central: https://repo.maven.apache.org/maven2/org/apache/maven/maven-monitor/2.0.6/maven-monitor-2.0.6.pom (1.3 kB at 157 kB/s)
[64c9ea4a-5234-4968-aa9e-0ccdd40f93c0/build]   | [INFO] Downloading from central: https://repo.maven.apache.org/maven2/classworlds/classworlds/1.1/classworlds-1.1.pom
[64c9ea4a-5234-4968-aa9e-0ccdd40f93c0/build]   | [INFO] Downloaded from central: https://repo.maven.apache.org/maven2/classworlds/classworlds/1.1/classworlds-1.1.pom (3.3 kB at 554 kB/s)
[64c9ea4a-5234-4968-aa9e-0ccdd40f93c0/build]   | [INFO] Downloading from central: https://repo.maven.apache.org/maven2/org/codehaus/plexus/plexus-utils/2.0.5/plexus-utils-2.0.5.pom
[64c9ea4a-5234-4968-aa9e-0ccdd40f93c0/build]   | [INFO] Downloaded from central: https://repo.maven.apache.org/maven2/org/codehaus/plexus/plexus-utils/2.0.5/plexus-utils-2.0.5.pom (3.3 kB at 476 kB/s)
[64c9ea4a-5234-4968-aa9e-0ccdd40f93c0/build]   | [INFO] Downloading from central: https://repo.maven.apache.org/maven2/org/codehaus/plexus/plexus/2.0.6/plexus-2.0.6.pom
[64c9ea4a-5234-4968-aa9e-0ccdd40f93c0/build]   | [INFO] Downloaded from central: https://repo.maven.apache.org/maven2/org/codehaus/plexus/plexus/2.0.6/plexus-2.0.6.pom (17 kB at 2.4 MB/s)
[64c9ea4a-5234-4968-aa9e-0ccdd40f93c0/build]   | [INFO] Downloading from central: https://repo.maven.apache.org/maven2/org/apache/maven/shared/maven-filtering/1.1/maven-filtering-1.1.pom
[64c9ea4a-5234-4968-aa9e-0ccdd40f93c0/build]   | [INFO] Downloaded from central: https://repo.maven.apache.org/maven2/org/apache/maven/shared/maven-filtering/1.1/maven-filtering-1.1.pom (5.8 kB at 579 kB/s)
[64c9ea4a-5234-4968-aa9e-0ccdd40f93c0/build]   | [INFO] Downloading from central: https://repo.maven.apache.org/maven2/org/apache/maven/shared/maven-shared-components/17/maven-shared-components-17.pom
[64c9ea4a-5234-4968-aa9e-0ccdd40f93c0/build]   | [INFO] Downloaded from central: https://repo.maven.apache.org/maven2/org/apache/maven/shared/maven-shared-components/17/maven-shared-components-17.pom (8.7 kB at 1.2 MB/s)
[64c9ea4a-5234-4968-aa9e-0ccdd40f93c0/build]   | [INFO] Downloading from central: https://repo.maven.apache.org/maven2/org/codehaus/plexus/plexus-utils/1.5.15/plexus-utils-1.5.15.pom
[64c9ea4a-5234-4968-aa9e-0ccdd40f93c0/build]   | [INFO] Downloaded from central: https://repo.maven.apache.org/maven2/org/codehaus/plexus/plexus-utils/1.5.15/plexus-utils-1.5.15.pom (6.8 kB at 685 kB/s)
[64c9ea4a-5234-4968-aa9e-0ccdd40f93c0/build]   | [INFO] Downloading from central: https://repo.maven.apache.org/maven2/org/codehaus/plexus/plexus/2.0.2/plexus-2.0.2.pom
[64c9ea4a-5234-4968-aa9e-0ccdd40f93c0/build]   | [INFO] Downloaded from central: https://repo.maven.apache.org/maven2/org/codehaus/plexus/plexus/2.0.2/plexus-2.0.2.pom (12 kB at 1.7 MB/s)
[64c9ea4a-5234-4968-aa9e-0ccdd40f93c0/build]   | [INFO] Downloading from central: https://repo.maven.apache.org/maven2/org/codehaus/plexus/plexus-interpolation/1.12/plexus-interpolation-1.12.pom
[64c9ea4a-5234-4968-aa9e-0ccdd40f93c0/build]   | [INFO] Downloaded from central: https://repo.maven.apache.org/maven2/org/codehaus/plexus/plexus-interpolation/1.12/plexus-interpolation-1.12.pom (889 B at 178 kB/s)
[64c9ea4a-5234-4968-aa9e-0ccdd40f93c0/build]   | [INFO] Downloading from central: https://repo.maven.apache.org/maven2/org/codehaus/plexus/plexus-components/1.1.14/plexus-components-1.1.14.pom
[64c9ea4a-5234-4968-aa9e-0ccdd40f93c0/build]   | [INFO] Downloaded from central: https://repo.maven.apache.org/maven2/org/codehaus/plexus/plexus-components/1.1.14/plexus-components-1.1.14.pom (5.8 kB at 974 kB/s)
[64c9ea4a-5234-4968-aa9e-0ccdd40f93c0/build]   | [INFO] Downloading from central: https://repo.maven.apache.org/maven2/org/sonatype/plexus/plexus-build-api/0.0.4/plexus-build-api-0.0.4.pom
[64c9ea4a-5234-4968-aa9e-0ccdd40f93c0/build]   | [INFO] Downloaded from central: https://repo.maven.apache.org/maven2/org/sonatype/plexus/plexus-build-api/0.0.4/plexus-build-api-0.0.4.pom (2.9 kB at 260 kB/s)
[64c9ea4a-5234-4968-aa9e-0ccdd40f93c0/build]   | [INFO] Downloading from central: https://repo.maven.apache.org/maven2/org/sonatype/spice/spice-parent/10/spice-parent-10.pom
[64c9ea4a-5234-4968-aa9e-0ccdd40f93c0/build]   | [INFO] Downloaded from central: https://repo.maven.apache.org/maven2/org/sonatype/spice/spice-parent/10/spice-parent-10.pom (3.0 kB at 431 kB/s)
[64c9ea4a-5234-4968-aa9e-0ccdd40f93c0/build]   | [INFO] Downloading from central: https://repo.maven.apache.org/maven2/org/sonatype/forge/forge-parent/3/forge-parent-3.pom
[64c9ea4a-5234-4968-aa9e-0ccdd40f93c0/build]   | [INFO] Downloaded from central: https://repo.maven.apache.org/maven2/org/sonatype/forge/forge-parent/3/forge-parent-3.pom (5.0 kB at 719 kB/s)
[64c9ea4a-5234-4968-aa9e-0ccdd40f93c0/build]   | [INFO] Downloading from central: https://repo.maven.apache.org/maven2/org/codehaus/plexus/plexus-utils/1.5.8/plexus-utils-1.5.8.pom
[64c9ea4a-5234-4968-aa9e-0ccdd40f93c0/build]   | [INFO] Downloaded from central: https://repo.maven.apache.org/maven2/org/codehaus/plexus/plexus-utils/1.5.8/plexus-utils-1.5.8.pom (8.1 kB at 896 kB/s)
[64c9ea4a-5234-4968-aa9e-0ccdd40f93c0/build]   | [INFO] Downloading from central: https://repo.maven.apache.org/maven2/org/codehaus/plexus/plexus-interpolation/1.13/plexus-interpolation-1.13.pom
[64c9ea4a-5234-4968-aa9e-0ccdd40f93c0/build]   | [INFO] Downloaded from central: https://repo.maven.apache.org/maven2/org/codehaus/plexus/plexus-interpolation/1.13/plexus-interpolation-1.13.pom (890 B at 81 kB/s)
[64c9ea4a-5234-4968-aa9e-0ccdd40f93c0/build]   | [INFO] Downloading from central: https://repo.maven.apache.org/maven2/org/codehaus/plexus/plexus-components/1.1.15/plexus-components-1.1.15.pom
[64c9ea4a-5234-4968-aa9e-0ccdd40f93c0/build]   | [INFO] Downloaded from central: https://repo.maven.apache.org/maven2/org/codehaus/plexus/plexus-components/1.1.15/plexus-components-1.1.15.pom (2.8 kB at 407 kB/s)
[64c9ea4a-5234-4968-aa9e-0ccdd40f93c0/build]   | [INFO] Downloading from central: https://repo.maven.apache.org/maven2/org/codehaus/plexus/plexus/2.0.3/plexus-2.0.3.pom
[64c9ea4a-5234-4968-aa9e-0ccdd40f93c0/build]   | [INFO] Downloaded from central: https://repo.maven.apache.org/maven2/org/codehaus/plexus/plexus/2.0.3/plexus-2.0.3.pom (15 kB at 2.2 MB/s)
[64c9ea4a-5234-4968-aa9e-0ccdd40f93c0/build]   | [INFO] Downloading from central: https://repo.maven.apache.org/maven2/org/apache/maven/maven-plugin-api/2.0.6/maven-plugin-api-2.0.6.jar
[64c9ea4a-5234-4968-aa9e-0ccdd40f93c0/build]   | [INFO] Downloading from central: https://repo.maven.apache.org/maven2/org/apache/maven/maven-project/2.0.6/maven-project-2.0.6.jar
[64c9ea4a-5234-4968-aa9e-0ccdd40f93c0/build]   | [INFO] Downloading from central: https://repo.maven.apache.org/maven2/org/apache/maven/maven-profile/2.0.6/maven-profile-2.0.6.jar
[64c9ea4a-5234-4968-aa9e-0ccdd40f93c0/build]   | [INFO] Downloading from central: https://repo.maven.apache.org/maven2/org/apache/maven/maven-artifact-manager/2.0.6/maven-artifact-manager-2.0.6.jar
[64c9ea4a-5234-4968-aa9e-0ccdd40f93c0/build]   | [INFO] Downloading from central: https://repo.maven.apache.org/maven2/org/apache/maven/maven-plugin-registry/2.0.6/maven-plugin-registry-2.0.6.jar
[64c9ea4a-5234-4968-aa9e-0ccdd40f93c0/build]   | [INFO] Downloaded from central: https://repo.maven.apache.org/maven2/org/apache/maven/maven-plugin-api/2.0.6/maven-plugin-api-2.0.6.jar (13 kB at 1.8 MB/s)
[64c9ea4a-5234-4968-aa9e-0ccdd40f93c0/build]   | [INFO] Downloading from central: https://repo.maven.apache.org/maven2/org/apache/maven/maven-core/2.0.6/maven-core-2.0.6.jar
[64c9ea4a-5234-4968-aa9e-0ccdd40f93c0/build]   | [INFO] Downloaded from central: https://repo.maven.apache.org/maven2/org/apache/maven/maven-plugin-registry/2.0.6/maven-plugin-registry-2.0.6.jar (29 kB at 4.1 MB/s)
[64c9ea4a-5234-4968-aa9e-0ccdd40f93c0/build]   | [INFO] Downloading from central: https://repo.maven.apache.org/maven2/org/apache/maven/maven-plugin-parameter-documenter/2.0.6/maven-plugin-parameter-documenter-2.0.6.jar
[64c9ea4a-5234-4968-aa9e-0ccdd40f93c0/build]   | [INFO] Downloaded from central: https://repo.maven.apache.org/maven2/org/apache/maven/maven-profile/2.0.6/maven-profile-2.0.6.jar (35 kB at 3.2 MB/s)
[64c9ea4a-5234-4968-aa9e-0ccdd40f93c0/build]   | [INFO] Downloading from central: https://repo.maven.apache.org/maven2/org/apache/maven/reporting/maven-reporting-api/2.0.6/maven-reporting-api-2.0.6.jar
[64c9ea4a-5234-4968-aa9e-0ccdd40f93c0/build]   | [INFO] Downloaded from central: https://repo.maven.apache.org/maven2/org/apache/maven/maven-project/2.0.6/maven-project-2.0.6.jar (116 kB at 8.3 MB/s)
[64c9ea4a-5234-4968-aa9e-0ccdd40f93c0/build]   | [INFO] Downloading from central: https://repo.maven.apache.org/maven2/org/apache/maven/doxia/doxia-sink-api/1.0-alpha-7/doxia-sink-api-1.0-alpha-7.jar
[64c9ea4a-5234-4968-aa9e-0ccdd40f93c0/build]   | [INFO] Downloaded from central: https://repo.maven.apache.org/maven2/org/apache/maven/maven-plugin-parameter-documenter/2.0.6/maven-plugin-parameter-documenter-2.0.6.jar (21 kB at 1.6 MB/s)
[64c9ea4a-5234-4968-aa9e-0ccdd40f93c0/build]   | [INFO] Downloading from central: https://repo.maven.apache.org/maven2/org/apache/maven/maven-repository-metadata/2.0.6/maven-repository-metadata-2.0.6.jar
[64c9ea4a-5234-4968-aa9e-0ccdd40f93c0/build]   | [INFO] Downloaded from central: https://repo.maven.apache.org/maven2/org/apache/maven/maven-artifact-manager/2.0.6/maven-artifact-manager-2.0.6.jar (57 kB at 3.8 MB/s)
[64c9ea4a-5234-4968-aa9e-0ccdd40f93c0/build]   | [INFO] Downloading from central: https://repo.maven.apache.org/maven2/org/apache/maven/maven-error-diagnostics/2.0.6/maven-error-diagnostics-2.0.6.jar
[64c9ea4a-5234-4968-aa9e-0ccdd40f93c0/build]   | [INFO] Downloaded from central: https://repo.maven.apache.org/maven2/org/apache/maven/reporting/maven-reporting-api/2.0.6/maven-reporting-api-2.0.6.jar (9.9 kB at 621 kB/s)
[64c9ea4a-5234-4968-aa9e-0ccdd40f93c0/build]   | [INFO] Downloading from central: https://repo.maven.apache.org/maven2/commons-cli/commons-cli/1.0/commons-cli-1.0.jar
[64c9ea4a-5234-4968-aa9e-0ccdd40f93c0/build]   | [INFO] Downloaded from central: https://repo.maven.apache.org/maven2/org/apache/maven/maven-repository-metadata/2.0.6/maven-repository-metadata-2.0.6.jar (24 kB at 1.4 MB/s)
[64c9ea4a-5234-4968-aa9e-0ccdd40f93c0/build]   | [INFO] Downloading from central: https://repo.maven.apache.org/maven2/org/apache/maven/maven-plugin-descriptor/2.0.6/maven-plugin-descriptor-2.0.6.jar
[64c9ea4a-5234-4968-aa9e-0ccdd40f93c0/build]   | [INFO] Downloaded from central: https://repo.maven.apache.org/maven2/org/apache/maven/maven-core/2.0.6/maven-core-2.0.6.jar (152 kB at 7.2 MB/s)
[64c9ea4a-5234-4968-aa9e-0ccdd40f93c0/build]   | [INFO] Downloading from central: https://repo.maven.apache.org/maven2/org/codehaus/plexus/plexus-interactivity-api/1.0-alpha-4/plexus-interactivity-api-1.0-alpha-4.jar
[64c9ea4a-5234-4968-aa9e-0ccdd40f93c0/build]   | [INFO] Downloaded from central: https://repo.maven.apache.org/maven2/commons-cli/commons-cli/1.0/commons-cli-1.0.jar (30 kB at 1.2 MB/s)
[64c9ea4a-5234-4968-aa9e-0ccdd40f93c0/build]   | [INFO] Downloading from central: https://repo.maven.apache.org/maven2/classworlds/classworlds/1.1/classworlds-1.1.jar
[64c9ea4a-5234-4968-aa9e-0ccdd40f93c0/build]   | [INFO] Downloaded from central: https://repo.maven.apache.org/maven2/org/apache/maven/maven-plugin-descriptor/2.0.6/maven-plugin-descriptor-2.0.6.jar (37 kB at 1.4 MB/s)
[64c9ea4a-5234-4968-aa9e-0ccdd40f93c0/build]   | [INFO] Downloading from central: https://repo.maven.apache.org/maven2/org/apache/maven/maven-artifact/2.0.6/maven-artifact-2.0.6.jar
[64c9ea4a-5234-4968-aa9e-0ccdd40f93c0/build]   | [INFO] Downloaded from central: https://repo.maven.apache.org/maven2/org/apache/maven/doxia/doxia-sink-api/1.0-alpha-7/doxia-sink-api-1.0-alpha-7.jar (5.9 kB at 198 kB/s)
[64c9ea4a-5234-4968-aa9e-0ccdd40f93c0/build]   | [INFO] Downloading from central: https://repo.maven.apache.org/maven2/org/apache/maven/maven-settings/2.0.6/maven-settings-2.0.6.jar
[64c9ea4a-5234-4968-aa9e-0ccdd40f93c0/build]   | [INFO] Downloaded from central: https://repo.maven.apache.org/maven2/org/apache/maven/maven-error-diagnostics/2.0.6/maven-error-diagnostics-2.0.6.jar (14 kB at 454 kB/s)
[64c9ea4a-5234-4968-aa9e-0ccdd40f93c0/build]   | [INFO] Downloading from central: https://repo.maven.apache.org/maven2/org/apache/maven/maven-model/2.0.6/maven-model-2.0.6.jar
[64c9ea4a-5234-4968-aa9e-0ccdd40f93c0/build]   | [INFO] Downloaded from central: https://repo.maven.apache.org/maven2/classworlds/classworlds/1.1/classworlds-1.1.jar (38 kB at 1.2 MB/s)
[64c9ea4a-5234-4968-aa9e-0ccdd40f93c0/build]   | [INFO] Downloading from central: https://repo.maven.apache.org/maven2/org/apache/maven/maven-monitor/2.0.6/maven-monitor-2.0.6.jar
[64c9ea4a-5234-4968-aa9e-0ccdd40f93c0/build]   | [INFO] Downloaded from central: https://repo.maven.apache.org/maven2/org/codehaus/plexus/plexus-interactivity-api/1.0-alpha-4/plexus-interactivity-api-1.0-alpha-4.jar (13 kB at 432 kB/s)
[64c9ea4a-5234-4968-aa9e-0ccdd40f93c0/build]   | [INFO] Downloading from central: https://repo.maven.apache.org/maven2/org/codehaus/plexus/plexus-container-default/1.0-alpha-9-stable-1/plexus-container-default-1.0-alpha-9-stable-1.jar
[64c9ea4a-5234-4968-aa9e-0ccdd40f93c0/build]   | [INFO] Downloaded from central: https://repo.maven.apache.org/maven2/org/apache/maven/maven-artifact/2.0.6/maven-artifact-2.0.6.jar (87 kB at 2.7 MB/s)
[64c9ea4a-5234-4968-aa9e-0ccdd40f93c0/build]   | [INFO] Downloading from central: https://repo.maven.apache.org/maven2/junit/junit/3.8.1/junit-3.8.1.jar
[64c9ea4a-5234-4968-aa9e-0ccdd40f93c0/build]   | [INFO] Downloaded from central: https://repo.maven.apache.org/maven2/org/apache/maven/maven-monitor/2.0.6/maven-monitor-2.0.6.jar (10 kB at 284 kB/s)
[64c9ea4a-5234-4968-aa9e-0ccdd40f93c0/build]   | [INFO] Downloading from central: https://repo.maven.apache.org/maven2/org/codehaus/plexus/plexus-utils/2.0.5/plexus-utils-2.0.5.jar
[64c9ea4a-5234-4968-aa9e-0ccdd40f93c0/build]   | [INFO] Downloaded from central: https://repo.maven.apache.org/maven2/org/apache/maven/maven-model/2.0.6/maven-model-2.0.6.jar (86 kB at 2.1 MB/s)
[64c9ea4a-5234-4968-aa9e-0ccdd40f93c0/build]   | [INFO] Downloading from central: https://repo.maven.apache.org/maven2/org/apache/maven/shared/maven-filtering/1.1/maven-filtering-1.1.jar
[64c9ea4a-5234-4968-aa9e-0ccdd40f93c0/build]   | [INFO] Downloaded from central: https://repo.maven.apache.org/maven2/org/apache/maven/maven-settings/2.0.6/maven-settings-2.0.6.jar (49 kB at 1.1 MB/s)
[64c9ea4a-5234-4968-aa9e-0ccdd40f93c0/build]   | [INFO] Downloading from central: https://repo.maven.apache.org/maven2/org/sonatype/plexus/plexus-build-api/0.0.4/plexus-build-api-0.0.4.jar
[64c9ea4a-5234-4968-aa9e-0ccdd40f93c0/build]   | [INFO] Downloaded from central: https://repo.maven.apache.org/maven2/org/codehaus/plexus/plexus-utils/2.0.5/plexus-utils-2.0.5.jar (223 kB at 5.2 MB/s)
[64c9ea4a-5234-4968-aa9e-0ccdd40f93c0/build]   | [INFO] Downloading from central: https://repo.maven.apache.org/maven2/org/codehaus/plexus/plexus-interpolation/1.13/plexus-interpolation-1.13.jar
[64c9ea4a-5234-4968-aa9e-0ccdd40f93c0/build]   | [INFO] Downloaded from central: https://repo.maven.apache.org/maven2/junit/junit/3.8.1/junit-3.8.1.jar (121 kB at 2.5 MB/s)
[64c9ea4a-5234-4968-aa9e-0ccdd40f93c0/build]   | [INFO] Downloaded from central: https://repo.maven.apache.org/maven2/org/codehaus/plexus/plexus-interpolation/1.13/plexus-interpolation-1.13.jar (61 kB at 1.3 MB/s)
[64c9ea4a-5234-4968-aa9e-0ccdd40f93c0/build]   | [INFO] Downloaded from central: https://repo.maven.apache.org/maven2/org/apache/maven/shared/maven-filtering/1.1/maven-filtering-1.1.jar (43 kB at 880 kB/s)
[64c9ea4a-5234-4968-aa9e-0ccdd40f93c0/build]   | [INFO] Downloaded from central: https://repo.maven.apache.org/maven2/org/codehaus/plexus/plexus-container-default/1.0-alpha-9-stable-1/plexus-container-default-1.0-alpha-9-stable-1.jar (194 kB at 3.9 MB/s)
[64c9ea4a-5234-4968-aa9e-0ccdd40f93c0/build]   | [INFO] Downloaded from central: https://repo.maven.apache.org/maven2/org/sonatype/plexus/plexus-build-api/0.0.4/plexus-build-api-0.0.4.jar (6.8 kB at 136 kB/s)
[64c9ea4a-5234-4968-aa9e-0ccdd40f93c0/build]   | [INFO] Using 'UTF-8' encoding to copy filtered resources.
[64c9ea4a-5234-4968-aa9e-0ccdd40f93c0/build]   | [INFO] skip non existing resourceDirectory /tmp/8bf41f7b-52e5-42af-98af-fa2f98d23087/src/main/resources
[64c9ea4a-5234-4968-aa9e-0ccdd40f93c0/build]   | [INFO] 
[64c9ea4a-5234-4968-aa9e-0ccdd40f93c0/build]   | [INFO] --- maven-compiler-plugin:3.10.1:compile (default-compile) @ Java ---
[64c9ea4a-5234-4968-aa9e-0ccdd40f93c0/build]   | [INFO] Downloading from central: https://repo.maven.apache.org/maven2/org/apache/maven/shared/maven-shared-utils/3.3.4/maven-shared-utils-3.3.4.pom
[64c9ea4a-5234-4968-aa9e-0ccdd40f93c0/build]   | [INFO] Downloaded from central: https://repo.maven.apache.org/maven2/org/apache/maven/shared/maven-shared-utils/3.3.4/maven-shared-utils-3.3.4.pom (5.8 kB at 833 kB/s)
[64c9ea4a-5234-4968-aa9e-0ccdd40f93c0/build]   | [INFO] Downloading from central: https://repo.maven.apache.org/maven2/org/apache/maven/shared/maven-shared-components/34/maven-shared-components-34.pom
[64c9ea4a-5234-4968-aa9e-0ccdd40f93c0/build]   | [INFO] Downloaded from central: https://repo.maven.apache.org/maven2/org/apache/maven/shared/maven-shared-components/34/maven-shared-components-34.pom (5.1 kB at 463 kB/s)
[64c9ea4a-5234-4968-aa9e-0ccdd40f93c0/build]   | [INFO] Downloading from central: https://repo.maven.apache.org/maven2/commons-io/commons-io/2.6/commons-io-2.6.pom
[64c9ea4a-5234-4968-aa9e-0ccdd40f93c0/build]   | [INFO] Downloaded from central: https://repo.maven.apache.org/maven2/commons-io/commons-io/2.6/commons-io-2.6.pom (14 kB at 1.2 MB/s)
[64c9ea4a-5234-4968-aa9e-0ccdd40f93c0/build]   | [INFO] Downloading from central: https://repo.maven.apache.org/maven2/org/apache/commons/commons-parent/42/commons-parent-42.pom
[64c9ea4a-5234-4968-aa9e-0ccdd40f93c0/build]   | [INFO] Downloaded from central: https://repo.maven.apache.org/maven2/org/apache/commons/commons-parent/42/commons-parent-42.pom (68 kB at 4.0 MB/s)
[64c9ea4a-5234-4968-aa9e-0ccdd40f93c0/build]   | [INFO] Downloading from central: https://repo.maven.apache.org/maven2/org/apache/apache/18/apache-18.pom
[64c9ea4a-5234-4968-aa9e-0ccdd40f93c0/build]   | [INFO] Downloaded from central: https://repo.maven.apache.org/maven2/org/apache/apache/18/apache-18.pom (16 kB at 1.0 MB/s)
[64c9ea4a-5234-4968-aa9e-0ccdd40f93c0/build]   | [INFO] Downloading from central: https://repo.maven.apache.org/maven2/org/apache/maven/shared/maven-shared-incremental/1.1/maven-shared-incremental-1.1.pom
[64c9ea4a-5234-4968-aa9e-0ccdd40f93c0/build]   | [INFO] Downloaded from central: https://repo.maven.apache.org/maven2/org/apache/maven/shared/maven-shared-incremental/1.1/maven-shared-incremental-1.1.pom (4.7 kB at 226 kB/s)
[64c9ea4a-5234-4968-aa9e-0ccdd40f93c0/build]   | [INFO] Downloading from central: https://repo.maven.apache.org/maven2/org/apache/maven/shared/maven-shared-components/19/maven-shared-components-19.pom
[64c9ea4a-5234-4968-aa9e-0ccdd40f93c0/build]   | [INFO] Downloaded from central: https://repo.maven.apache.org/maven2/org/apache/maven/shared/maven-shared-components/19/maven-shared-components-19.pom (6.4 kB at 397 kB/s)
[64c9ea4a-5234-4968-aa9e-0ccdd40f93c0/build]   | [INFO] Downloading from central: https://repo.maven.apache.org/maven2/org/apache/maven/maven-parent/23/maven-parent-23.pom
[64c9ea4a-5234-4968-aa9e-0ccdd40f93c0/build]   | [INFO] Downloaded from central: https://repo.maven.apache.org/maven2/org/apache/maven/maven-parent/23/maven-parent-23.pom (33 kB at 1.2 MB/s)
[64c9ea4a-5234-4968-aa9e-0ccdd40f93c0/build]   | [INFO] Downloading from central: https://repo.maven.apache.org/maven2/org/apache/apache/13/apache-13.pom
[64c9ea4a-5234-4968-aa9e-0ccdd40f93c0/build]   | [INFO] Downloaded from central: https://repo.maven.apache.org/maven2/org/apache/apache/13/apache-13.pom (14 kB at 518 kB/s)
[64c9ea4a-5234-4968-aa9e-0ccdd40f93c0/build]   | [INFO] Downloading from central: https://repo.maven.apache.org/maven2/org/codehaus/plexus/plexus-component-annotations/2.0.0/plexus-component-annotations-2.0.0.pom
[64c9ea4a-5234-4968-aa9e-0ccdd40f93c0/build]   | [INFO] Downloaded from central: https://repo.maven.apache.org/maven2/org/codehaus/plexus/plexus-component-annotations/2.0.0/plexus-component-annotations-2.0.0.pom (750 B at 30 kB/s)
[64c9ea4a-5234-4968-aa9e-0ccdd40f93c0/build]   | [INFO] Downloading from central: https://repo.maven.apache.org/maven2/org/codehaus/plexus/plexus-containers/2.0.0/plexus-containers-2.0.0.pom
[64c9ea4a-5234-4968-aa9e-0ccdd40f93c0/build]   | [INFO] Downloaded from central: https://repo.maven.apache.org/maven2/org/codehaus/plexus/plexus-containers/2.0.0/plexus-containers-2.0.0.pom (4.8 kB at 218 kB/s)
[64c9ea4a-5234-4968-aa9e-0ccdd40f93c0/build]   | [INFO] Downloading from central: https://repo.maven.apache.org/maven2/org/codehaus/plexus/plexus/5.1/plexus-5.1.pom
[64c9ea4a-5234-4968-aa9e-0ccdd40f93c0/build]   | [INFO] Downloaded from central: https://repo.maven.apache.org/maven2/org/codehaus/plexus/plexus/5.1/plexus-5.1.pom (23 kB at 776 kB/s)
[64c9ea4a-5234-4968-aa9e-0ccdd40f93c0/build]   | [INFO] Downloading from central: https://repo.maven.apache.org/maven2/org/codehaus/plexus/plexus-java/1.1.1/plexus-java-1.1.1.pom
[64c9ea4a-5234-4968-aa9e-0ccdd40f93c0/build]   | [INFO] Downloaded from central: https://repo.maven.apache.org/maven2/org/codehaus/plexus/plexus-java/1.1.1/plexus-java-1.1.1.pom (5.0 kB at 160 kB/s)
[64c9ea4a-5234-4968-aa9e-0ccdd40f93c0/build]   | [INFO] Downloading from central: https://repo.maven.apache.org/maven2/org/codehaus/plexus/plexus-languages/1.1.1/plexus-languages-1.1.1.pom
[64c9ea4a-5234-4968-aa9e-0ccdd40f93c0/build]   | [INFO] Downloaded from central: https://repo.maven.apache.org/maven2/org/codehaus/plexus/plexus-languages/1.1.1/plexus-languages-1.1.1.pom (4.6 kB at 243 kB/s)
[64c9ea4a-5234-4968-aa9e-0ccdd40f93c0/build]   | [INFO] Downloading from central: https://repo.maven.apache.org/maven2/org/codehaus/plexus/plexus/8/plexus-8.pom
[64c9ea4a-5234-4968-aa9e-0ccdd40f93c0/build]   | [INFO] Downloaded from central: https://repo.maven.apache.org/maven2/org/codehaus/plexus/plexus/8/plexus-8.pom (25 kB at 1.2 MB/s)
[64c9ea4a-5234-4968-aa9e-0ccdd40f93c0/build]   | [INFO] Downloading from central: https://repo.maven.apache.org/maven2/org/ow2/asm/asm/9.2/asm-9.2.pom
[64c9ea4a-5234-4968-aa9e-0ccdd40f93c0/build]   | [INFO] Downloaded from central: https://repo.maven.apache.org/maven2/org/ow2/asm/asm/9.2/asm-9.2.pom (2.4 kB at 99 kB/s)
[64c9ea4a-5234-4968-aa9e-0ccdd40f93c0/build]   | [INFO] Downloading from central: https://repo.maven.apache.org/maven2/org/ow2/ow2/1.5/ow2-1.5.pom
[64c9ea4a-5234-4968-aa9e-0ccdd40f93c0/build]   | [INFO] Downloaded from central: https://repo.maven.apache.org/maven2/org/ow2/ow2/1.5/ow2-1.5.pom (11 kB at 535 kB/s)
[64c9ea4a-5234-4968-aa9e-0ccdd40f93c0/build]   | [INFO] Downloading from central: https://repo.maven.apache.org/maven2/com/thoughtworks/qdox/qdox/2.0.1/qdox-2.0.1.pom
[64c9ea4a-5234-4968-aa9e-0ccdd40f93c0/build]   | [INFO] Downloaded from central: https://repo.maven.apache.org/maven2/com/thoughtworks/qdox/qdox/2.0.1/qdox-2.0.1.pom (16 kB at 801 kB/s)
[64c9ea4a-5234-4968-aa9e-0ccdd40f93c0/build]   | [INFO] Downloading from central: https://repo.maven.apache.org/maven2/org/sonatype/oss/oss-parent/9/oss-parent-9.pom
[64c9ea4a-5234-4968-aa9e-0ccdd40f93c0/build]   | [INFO] Downloaded from central: https://repo.maven.apache.org/maven2/org/sonatype/oss/oss-parent/9/oss-parent-9.pom (6.6 kB at 346 kB/s)
[64c9ea4a-5234-4968-aa9e-0ccdd40f93c0/build]   | [INFO] Downloading from central: https://repo.maven.apache.org/maven2/org/codehaus/plexus/plexus-compiler-api/2.11.1/plexus-compiler-api-2.11.1.pom
[64c9ea4a-5234-4968-aa9e-0ccdd40f93c0/build]   | [INFO] Downloaded from central: https://repo.maven.apache.org/maven2/org/codehaus/plexus/plexus-compiler-api/2.11.1/plexus-compiler-api-2.11.1.pom (1.1 kB at 42 kB/s)
[64c9ea4a-5234-4968-aa9e-0ccdd40f93c0/build]   | [INFO] Downloading from central: https://repo.maven.apache.org/maven2/org/codehaus/plexus/plexus-compiler/2.11.1/plexus-compiler-2.11.1.pom
[64c9ea4a-5234-4968-aa9e-0ccdd40f93c0/build]   | [INFO] Downloaded from central: https://repo.maven.apache.org/maven2/org/codehaus/plexus/plexus-compiler/2.11.1/plexus-compiler-2.11.1.pom (8.1 kB at 312 kB/s)
[64c9ea4a-5234-4968-aa9e-0ccdd40f93c0/build]   | [INFO] Downloading from central: https://repo.maven.apache.org/maven2/org/codehaus/plexus/plexus-components/6.6/plexus-components-6.6.pom
[64c9ea4a-5234-4968-aa9e-0ccdd40f93c0/build]   | [INFO] Downloaded from central: https://repo.maven.apache.org/maven2/org/codehaus/plexus/plexus-components/6.6/plexus-components-6.6.pom (2.7 kB at 141 kB/s)
[64c9ea4a-5234-4968-aa9e-0ccdd40f93c0/build]   | [INFO] Downloading from central: https://repo.maven.apache.org/maven2/org/codehaus/plexus/plexus-utils/3.4.1/plexus-utils-3.4.1.pom
[64c9ea4a-5234-4968-aa9e-0ccdd40f93c0/build]   | [INFO] Downloaded from central: https://repo.maven.apache.org/maven2/org/codehaus/plexus/plexus-utils/3.4.1/plexus-utils-3.4.1.pom (8.0 kB at 379 kB/s)
[64c9ea4a-5234-4968-aa9e-0ccdd40f93c0/build]   | [INFO] Downloading from central: https://repo.maven.apache.org/maven2/org/codehaus/plexus/plexus-compiler-manager/2.11.1/plexus-compiler-manager-2.11.1.pom
[64c9ea4a-5234-4968-aa9e-0ccdd40f93c0/build]   | [INFO] Downloaded from central: https://repo.maven.apache.org/maven2/org/codehaus/plexus/plexus-compiler-manager/2.11.1/plexus-compiler-manager-2.11.1.pom (1.1 kB at 54 kB/s)
[64c9ea4a-5234-4968-aa9e-0ccdd40f93c0/build]   | [INFO] Downloading from central: https://repo.maven.apache.org/maven2/org/codehaus/plexus/plexus-compiler-javac/2.11.1/plexus-compiler-javac-2.11.1.pom
[64c9ea4a-5234-4968-aa9e-0ccdd40f93c0/build]   | [INFO] Downloaded from central: https://repo.maven.apache.org/maven2/org/codehaus/plexus/plexus-compiler-javac/2.11.1/plexus-compiler-javac-2.11.1.pom (1.2 kB at 57 kB/s)
[64c9ea4a-5234-4968-aa9e-0ccdd40f93c0/build]   | [INFO] Downloading from central: https://repo.maven.apache.org/maven2/org/codehaus/plexus/plexus-compilers/2.11.1/plexus-compilers-2.11.1.pom
[64c9ea4a-5234-4968-aa9e-0ccdd40f93c0/build]   | [INFO] Downloaded from central: https://repo.maven.apache.org/maven2/org/codehaus/plexus/plexus-compilers/2.11.1/plexus-compilers-2.11.1.pom (1.3 kB at 53 kB/s)
[64c9ea4a-5234-4968-aa9e-0ccdd40f93c0/build]   | [INFO] Downloading from central: https://repo.maven.apache.org/maven2/org/apache/maven/shared/maven-shared-utils/3.3.4/maven-shared-utils-3.3.4.jar
[64c9ea4a-5234-4968-aa9e-0ccdd40f93c0/build]   | [INFO] Downloading from central: https://repo.maven.apache.org/maven2/commons-io/commons-io/2.6/commons-io-2.6.jar
[64c9ea4a-5234-4968-aa9e-0ccdd40f93c0/build]   | [INFO] Downloading from central: https://repo.maven.apache.org/maven2/org/apache/maven/shared/maven-shared-incremental/1.1/maven-shared-incremental-1.1.jar
[64c9ea4a-5234-4968-aa9e-0ccdd40f93c0/build]   | [INFO] Downloading from central: https://repo.maven.apache.org/maven2/org/codehaus/plexus/plexus-component-annotations/2.0.0/plexus-component-annotations-2.0.0.jar
[64c9ea4a-5234-4968-aa9e-0ccdd40f93c0/build]   | [INFO] Downloading from central: https://repo.maven.apache.org/maven2/org/codehaus/plexus/plexus-java/1.1.1/plexus-java-1.1.1.jar
[64c9ea4a-5234-4968-aa9e-0ccdd40f93c0/build]   | [INFO] Downloaded from central: https://repo.maven.apache.org/maven2/org/apache/maven/shared/maven-shared-utils/3.3.4/maven-shared-utils-3.3.4.jar (153 kB at 4.9 MB/s)
[64c9ea4a-5234-4968-aa9e-0ccdd40f93c0/build]   | [INFO] Downloading from central: https://repo.maven.apache.org/maven2/org/ow2/asm/asm/9.2/asm-9.2.jar
[64c9ea4a-5234-4968-aa9e-0ccdd40f93c0/build]   | [INFO] Downloaded from central: https://repo.maven.apache.org/maven2/org/apache/maven/shared/maven-shared-incremental/1.1/maven-shared-incremental-1.1.jar (14 kB at 410 kB/s)
[64c9ea4a-5234-4968-aa9e-0ccdd40f93c0/build]   | [INFO] Downloading from central: https://repo.maven.apache.org/maven2/com/thoughtworks/qdox/qdox/2.0.1/qdox-2.0.1.jar
[64c9ea4a-5234-4968-aa9e-0ccdd40f93c0/build]   | [INFO] Downloaded from central: https://repo.maven.apache.org/maven2/org/codehaus/plexus/plexus-java/1.1.1/plexus-java-1.1.1.jar (54 kB at 1.5 MB/s)
[64c9ea4a-5234-4968-aa9e-0ccdd40f93c0/build]   | [INFO] Downloading from central: https://repo.maven.apache.org/maven2/org/codehaus/plexus/plexus-compiler-api/2.11.1/plexus-compiler-api-2.11.1.jar
[64c9ea4a-5234-4968-aa9e-0ccdd40f93c0/build]   | [INFO] Downloaded from central: https://repo.maven.apache.org/maven2/org/codehaus/plexus/plexus-component-annotations/2.0.0/plexus-component-annotations-2.0.0.jar (4.2 kB at 108 kB/s)
[64c9ea4a-5234-4968-aa9e-0ccdd40f93c0/build]   | [INFO] Downloading from central: https://repo.maven.apache.org/maven2/org/codehaus/plexus/plexus-utils/3.4.1/plexus-utils-3.4.1.jar
[64c9ea4a-5234-4968-aa9e-0ccdd40f93c0/build]   | [INFO] Downloaded from central: https://repo.maven.apache.org/maven2/commons-io/commons-io/2.6/commons-io-2.6.jar (215 kB at 4.9 MB/s)
[64c9ea4a-5234-4968-aa9e-0ccdd40f93c0/build]   | [INFO] Downloading from central: https://repo.maven.apache.org/maven2/org/codehaus/plexus/plexus-compiler-manager/2.11.1/plexus-compiler-manager-2.11.1.jar
[64c9ea4a-5234-4968-aa9e-0ccdd40f93c0/build]   | [INFO] Downloaded from central: https://repo.maven.apache.org/maven2/org/ow2/asm/asm/9.2/asm-9.2.jar (122 kB at 2.3 MB/s)
[64c9ea4a-5234-4968-aa9e-0ccdd40f93c0/build]   | [INFO] Downloading from central: https://repo.maven.apache.org/maven2/org/codehaus/plexus/plexus-compiler-javac/2.11.1/plexus-compiler-javac-2.11.1.jar
[64c9ea4a-5234-4968-aa9e-0ccdd40f93c0/build]   | [INFO] Downloaded from central: https://repo.maven.apache.org/maven2/org/codehaus/plexus/plexus-compiler-api/2.11.1/plexus-compiler-api-2.11.1.jar (27 kB at 434 kB/s)
[64c9ea4a-5234-4968-aa9e-0ccdd40f93c0/build]   | [INFO] Downloaded from central: https://repo.maven.apache.org/maven2/org/codehaus/plexus/plexus-compiler-manager/2.11.1/plexus-compiler-manager-2.11.1.jar (4.7 kB at 74 kB/s)
[64c9ea4a-5234-4968-aa9e-0ccdd40f93c0/build]   | [INFO] Downloaded from central: https://repo.maven.apache.org/maven2/com/thoughtworks/qdox/qdox/2.0.1/qdox-2.0.1.jar (334 kB at 4.7 MB/s)
[64c9ea4a-5234-4968-aa9e-0ccdd40f93c0/build]   | [INFO] Downloaded from central: https://repo.maven.apache.org/maven2/org/codehaus/plexus/plexus-utils/3.4.1/plexus-utils-3.4.1.jar (264 kB at 3.7 MB/s)
[64c9ea4a-5234-4968-aa9e-0ccdd40f93c0/build]   | [INFO] Downloaded from central: https://repo.maven.apache.org/maven2/org/codehaus/plexus/plexus-compiler-javac/2.11.1/plexus-compiler-javac-2.11.1.jar (23 kB at 313 kB/s)
[64c9ea4a-5234-4968-aa9e-0ccdd40f93c0/build]   | [INFO] Changes detected - recompiling the module!
[64c9ea4a-5234-4968-aa9e-0ccdd40f93c0/build]   | [INFO] Compiling 468 source files to /tmp/8bf41f7b-52e5-42af-98af-fa2f98d23087/target/classes
[64c9ea4a-5234-4968-aa9e-0ccdd40f93c0/build]   | [INFO] /tmp/8bf41f7b-52e5-42af-98af-fa2f98d23087/src/main/java/com/thealgorithms/sorts/PigeonholeSort.java: Some input files use unchecked or unsafe operations.
[64c9ea4a-5234-4968-aa9e-0ccdd40f93c0/build]   | [INFO] /tmp/8bf41f7b-52e5-42af-98af-fa2f98d23087/src/main/java/com/thealgorithms/sorts/PigeonholeSort.java: Recompile with -Xlint:unchecked for details.
[64c9ea4a-5234-4968-aa9e-0ccdd40f93c0/build]   | [INFO] 
[64c9ea4a-5234-4968-aa9e-0ccdd40f93c0/build]   | [INFO] --- maven-resources-plugin:2.6:testResources (default-testResources) @ Java ---
[64c9ea4a-5234-4968-aa9e-0ccdd40f93c0/build]   | [INFO] Using 'UTF-8' encoding to copy filtered resources.
[64c9ea4a-5234-4968-aa9e-0ccdd40f93c0/build]   | [INFO] skip non existing resourceDirectory /tmp/8bf41f7b-52e5-42af-98af-fa2f98d23087/src/test/resources
[64c9ea4a-5234-4968-aa9e-0ccdd40f93c0/build]   | [INFO] 
[64c9ea4a-5234-4968-aa9e-0ccdd40f93c0/build]   | [INFO] --- maven-compiler-plugin:3.10.1:testCompile (default-testCompile) @ Java ---
[64c9ea4a-5234-4968-aa9e-0ccdd40f93c0/build]   | [INFO] Changes detected - recompiling the module!
[64c9ea4a-5234-4968-aa9e-0ccdd40f93c0/build]   | [INFO] Compiling 219 source files to /tmp/8bf41f7b-52e5-42af-98af-fa2f98d23087/target/test-classes
[64c9ea4a-5234-4968-aa9e-0ccdd40f93c0/build]   | [INFO] 
[64c9ea4a-5234-4968-aa9e-0ccdd40f93c0/build]   | [INFO] --- maven-surefire-plugin:2.22.2:test (default-test) @ Java ---
[64c9ea4a-5234-4968-aa9e-0ccdd40f93c0/build]   | [INFO] Downloading from central: https://repo.maven.apache.org/maven2/org/apache/maven/surefire/maven-surefire-common/2.22.2/maven-surefire-common-2.22.2.pom
[64c9ea4a-5234-4968-aa9e-0ccdd40f93c0/build]   | [INFO] Downloaded from central: https://repo.maven.apache.org/maven2/org/apache/maven/surefire/maven-surefire-common/2.22.2/maven-surefire-common-2.22.2.pom (11 kB at 881 kB/s)
[64c9ea4a-5234-4968-aa9e-0ccdd40f93c0/build]   | [INFO] Downloading from central: https://repo.maven.apache.org/maven2/org/apache/maven/maven-plugin-api/2.2.1/maven-plugin-api-2.2.1.pom
[64c9ea4a-5234-4968-aa9e-0ccdd40f93c0/build]   | [INFO] Downloaded from central: https://repo.maven.apache.org/maven2/org/apache/maven/maven-plugin-api/2.2.1/maven-plugin-api-2.2.1.pom (1.5 kB at 182 kB/s)
[64c9ea4a-5234-4968-aa9e-0ccdd40f93c0/build]   | [INFO] Downloading from central: https://repo.maven.apache.org/maven2/org/apache/maven/maven/2.2.1/maven-2.2.1.pom
[64c9ea4a-5234-4968-aa9e-0ccdd40f93c0/build]   | [INFO] Downloaded from central: https://repo.maven.apache.org/maven2/org/apache/maven/maven/2.2.1/maven-2.2.1.pom (22 kB at 1.7 MB/s)
[64c9ea4a-5234-4968-aa9e-0ccdd40f93c0/build]   | [INFO] Downloading from central: https://repo.maven.apache.org/maven2/org/apache/maven/maven-parent/11/maven-parent-11.pom
[64c9ea4a-5234-4968-aa9e-0ccdd40f93c0/build]   | [INFO] Downloaded from central: https://repo.maven.apache.org/maven2/org/apache/maven/maven-parent/11/maven-parent-11.pom (32 kB at 2.0 MB/s)
[64c9ea4a-5234-4968-aa9e-0ccdd40f93c0/build]   | [INFO] Downloading from central: https://repo.maven.apache.org/maven2/org/apache/apache/5/apache-5.pom
[64c9ea4a-5234-4968-aa9e-0ccdd40f93c0/build]   | [INFO] Downloaded from central: https://repo.maven.apache.org/maven2/org/apache/apache/5/apache-5.pom (4.1 kB at 315 kB/s)
[64c9ea4a-5234-4968-aa9e-0ccdd40f93c0/build]   | [INFO] Downloading from central: https://repo.maven.apache.org/maven2/org/apache/maven/plugin-tools/maven-plugin-annotations/3.5.2/maven-plugin-annotations-3.5.2.pom
[64c9ea4a-5234-4968-aa9e-0ccdd40f93c0/build]   | [INFO] Downloaded from central: https://repo.maven.apache.org/maven2/org/apache/maven/plugin-tools/maven-plugin-annotations/3.5.2/maven-plugin-annotations-3.5.2.pom (1.6 kB at 233 kB/s)
[64c9ea4a-5234-4968-aa9e-0ccdd40f93c0/build]   | [INFO] Downloading from central: https://repo.maven.apache.org/maven2/org/apache/maven/plugin-tools/maven-plugin-tools/3.5.2/maven-plugin-tools-3.5.2.pom
[64c9ea4a-5234-4968-aa9e-0ccdd40f93c0/build]   | [INFO] Downloaded from central: https://repo.maven.apache.org/maven2/org/apache/maven/plugin-tools/maven-plugin-tools/3.5.2/maven-plugin-tools-3.5.2.pom (15 kB at 2.6 MB/s)
[64c9ea4a-5234-4968-aa9e-0ccdd40f93c0/build]   | [INFO] Downloading from central: https://repo.maven.apache.org/maven2/org/apache/maven/maven-parent/31/maven-parent-31.pom
[64c9ea4a-5234-4968-aa9e-0ccdd40f93c0/build]   | [INFO] Downloaded from central: https://repo.maven.apache.org/maven2/org/apache/maven/maven-parent/31/maven-parent-31.pom (43 kB at 6.2 MB/s)
[64c9ea4a-5234-4968-aa9e-0ccdd40f93c0/build]   | [INFO] Downloading from central: https://repo.maven.apache.org/maven2/org/apache/apache/19/apache-19.pom
[64c9ea4a-5234-4968-aa9e-0ccdd40f93c0/build]   | [INFO] Downloaded from central: https://repo.maven.apache.org/maven2/org/apache/apache/19/apache-19.pom (15 kB at 2.6 MB/s)
[64c9ea4a-5234-4968-aa9e-0ccdd40f93c0/build]   | [INFO] Downloading from central: https://repo.maven.apache.org/maven2/org/apache/maven/maven-artifact/2.2.1/maven-artifact-2.2.1.pom
[64c9ea4a-5234-4968-aa9e-0ccdd40f93c0/build]   | [INFO] Downloaded from central: https://repo.maven.apache.org/maven2/org/apache/maven/maven-artifact/2.2.1/maven-artifact-2.2.1.pom (1.6 kB at 264 kB/s)
[64c9ea4a-5234-4968-aa9e-0ccdd40f93c0/build]   | [INFO] Downloading from central: https://repo.maven.apache.org/maven2/org/apache/maven/surefire/surefire-api/2.22.2/surefire-api-2.22.2.pom
[64c9ea4a-5234-4968-aa9e-0ccdd40f93c0/build]   | [INFO] Downloaded from central: https://repo.maven.apache.org/maven2/org/apache/maven/surefire/surefire-api/2.22.2/surefire-api-2.22.2.pom (3.5 kB at 590 kB/s)
[64c9ea4a-5234-4968-aa9e-0ccdd40f93c0/build]   | [INFO] Downloading from central: https://repo.maven.apache.org/maven2/org/apache/maven/surefire/surefire-logger-api/2.22.2/surefire-logger-api-2.22.2.pom
[64c9ea4a-5234-4968-aa9e-0ccdd40f93c0/build]   | [INFO] Downloaded from central: https://repo.maven.apache.org/maven2/org/apache/maven/surefire/surefire-logger-api/2.22.2/surefire-logger-api-2.22.2.pom (2.0 kB at 280 kB/s)
[64c9ea4a-5234-4968-aa9e-0ccdd40f93c0/build]   | [INFO] Downloading from central: https://repo.maven.apache.org/maven2/org/apache/maven/surefire/surefire-booter/2.22.2/surefire-booter-2.22.2.pom
[64c9ea4a-5234-4968-aa9e-0ccdd40f93c0/build]   | [INFO] Downloaded from central: https://repo.maven.apache.org/maven2/org/apache/maven/surefire/surefire-booter/2.22.2/surefire-booter-2.22.2.pom (7.5 kB at 1.2 MB/s)
[64c9ea4a-5234-4968-aa9e-0ccdd40f93c0/build]   | [INFO] Downloading from central: https://repo.maven.apache.org/maven2/org/apache/maven/maven-plugin-descriptor/2.2.1/maven-plugin-descriptor-2.2.1.pom
[64c9ea4a-5234-4968-aa9e-0ccdd40f93c0/build]   | [INFO] Downloaded from central: https://repo.maven.apache.org/maven2/org/apache/maven/maven-plugin-descriptor/2.2.1/maven-plugin-descriptor-2.2.1.pom (2.1 kB at 295 kB/s)
[64c9ea4a-5234-4968-aa9e-0ccdd40f93c0/build]   | [INFO] Downloading from central: https://repo.maven.apache.org/maven2/junit/junit/4.12/junit-4.12.pom
[64c9ea4a-5234-4968-aa9e-0ccdd40f93c0/build]   | [INFO] Downloaded from central: https://repo.maven.apache.org/maven2/junit/junit/4.12/junit-4.12.pom (24 kB at 3.4 MB/s)
[64c9ea4a-5234-4968-aa9e-0ccdd40f93c0/build]   | [INFO] Downloading from central: https://repo.maven.apache.org/maven2/org/hamcrest/hamcrest-core/1.3/hamcrest-core-1.3.pom
[64c9ea4a-5234-4968-aa9e-0ccdd40f93c0/build]   | [INFO] Downloaded from central: https://repo.maven.apache.org/maven2/org/hamcrest/hamcrest-core/1.3/hamcrest-core-1.3.pom (766 B at 85 kB/s)
[64c9ea4a-5234-4968-aa9e-0ccdd40f93c0/build]   | [INFO] Downloading from central: https://repo.maven.apache.org/maven2/org/hamcrest/hamcrest-parent/1.3/hamcrest-parent-1.3.pom
[64c9ea4a-5234-4968-aa9e-0ccdd40f93c0/build]   | [INFO] Downloaded from central: https://repo.maven.apache.org/maven2/org/hamcrest/hamcrest-parent/1.3/hamcrest-parent-1.3.pom (2.0 kB at 282 kB/s)
[64c9ea4a-5234-4968-aa9e-0ccdd40f93c0/build]   | [INFO] Downloading from central: https://repo.maven.apache.org/maven2/org/apache/maven/maven-project/2.2.1/maven-project-2.2.1.pom
[64c9ea4a-5234-4968-aa9e-0ccdd40f93c0/build]   | [INFO] Downloaded from central: https://repo.maven.apache.org/maven2/org/apache/maven/maven-project/2.2.1/maven-project-2.2.1.pom (2.8 kB at 396 kB/s)
[64c9ea4a-5234-4968-aa9e-0ccdd40f93c0/build]   | [INFO] Downloading from central: https://repo.maven.apache.org/maven2/org/apache/maven/maven-settings/2.2.1/maven-settings-2.2.1.pom
[64c9ea4a-5234-4968-aa9e-0ccdd40f93c0/build]   | [INFO] Downloaded from central: https://repo.maven.apache.org/maven2/org/apache/maven/maven-settings/2.2.1/maven-settings-2.2.1.pom (2.2 kB at 363 kB/s)
[64c9ea4a-5234-4968-aa9e-0ccdd40f93c0/build]   | [INFO] Downloading from central: https://repo.maven.apache.org/maven2/org/apache/maven/maven-model/2.2.1/maven-model-2.2.1.pom
[64c9ea4a-5234-4968-aa9e-0ccdd40f93c0/build]   | [INFO] Downloaded from central: https://repo.maven.apache.org/maven2/org/apache/maven/maven-model/2.2.1/maven-model-2.2.1.pom (3.2 kB at 648 kB/s)
[64c9ea4a-5234-4968-aa9e-0ccdd40f93c0/build]   | [INFO] Downloading from central: https://repo.maven.apache.org/maven2/org/codehaus/plexus/plexus-interpolation/1.11/plexus-interpolation-1.11.pom
[64c9ea4a-5234-4968-aa9e-0ccdd40f93c0/build]   | [INFO] Downloaded from central: https://repo.maven.apache.org/maven2/org/codehaus/plexus/plexus-interpolation/1.11/plexus-interpolation-1.11.pom (889 B at 148 kB/s)
[64c9ea4a-5234-4968-aa9e-0ccdd40f93c0/build]   | [INFO] Downloading from central: https://repo.maven.apache.org/maven2/org/apache/maven/maven-profile/2.2.1/maven-profile-2.2.1.pom
[64c9ea4a-5234-4968-aa9e-0ccdd40f93c0/build]   | [INFO] Downloaded from central: https://repo.maven.apache.org/maven2/org/apache/maven/maven-profile/2.2.1/maven-profile-2.2.1.pom (2.2 kB at 362 kB/s)
[64c9ea4a-5234-4968-aa9e-0ccdd40f93c0/build]   | [INFO] Downloading from central: https://repo.maven.apache.org/maven2/org/apache/maven/maven-artifact-manager/2.2.1/maven-artifact-manager-2.2.1.pom
[64c9ea4a-5234-4968-aa9e-0ccdd40f93c0/build]   | [INFO] Downloaded from central: https://repo.maven.apache.org/maven2/org/apache/maven/maven-artifact-manager/2.2.1/maven-artifact-manager-2.2.1.pom (3.1 kB at 517 kB/s)
[64c9ea4a-5234-4968-aa9e-0ccdd40f93c0/build]   | [INFO] Downloading from central: https://repo.maven.apache.org/maven2/org/apache/maven/maven-repository-metadata/2.2.1/maven-repository-metadata-2.2.1.pom
[64c9ea4a-5234-4968-aa9e-0ccdd40f93c0/build]   | [INFO] Downloaded from central: https://repo.maven.apache.org/maven2/org/apache/maven/maven-repository-metadata/2.2.1/maven-repository-metadata-2.2.1.pom (1.9 kB at 374 kB/s)
[64c9ea4a-5234-4968-aa9e-0ccdd40f93c0/build]   | [INFO] Downloading from central: https://repo.maven.apache.org/maven2/backport-util-concurrent/backport-util-concurrent/3.1/backport-util-concurrent-3.1.pom
[64c9ea4a-5234-4968-aa9e-0ccdd40f93c0/build]   | [INFO] Downloaded from central: https://repo.maven.apache.org/maven2/backport-util-concurrent/backport-util-concurrent/3.1/backport-util-concurrent-3.1.pom (880 B at 147 kB/s)
[64c9ea4a-5234-4968-aa9e-0ccdd40f93c0/build]   | [INFO] Downloading from central: https://repo.maven.apache.org/maven2/org/apache/maven/maven-plugin-registry/2.2.1/maven-plugin-registry-2.2.1.pom
[64c9ea4a-5234-4968-aa9e-0ccdd40f93c0/build]   | [INFO] Downloaded from central: https://repo.maven.apache.org/maven2/org/apache/maven/maven-plugin-registry/2.2.1/maven-plugin-registry-2.2.1.pom (1.9 kB at 322 kB/s)
[64c9ea4a-5234-4968-aa9e-0ccdd40f93c0/build]   | [INFO] Downloading from central: https://repo.maven.apache.org/maven2/org/apache/maven/maven-core/2.2.1/maven-core-2.2.1.pom
[64c9ea4a-5234-4968-aa9e-0ccdd40f93c0/build]   | [INFO] Downloaded from central: https://repo.maven.apache.org/maven2/org/apache/maven/maven-core/2.2.1/maven-core-2.2.1.pom (12 kB at 1.9 MB/s)
[64c9ea4a-5234-4968-aa9e-0ccdd40f93c0/build]   | [INFO] Downloading from central: https://repo.maven.apache.org/maven2/org/apache/maven/maven-plugin-parameter-documenter/2.2.1/maven-plugin-parameter-documenter-2.2.1.pom
[64c9ea4a-5234-4968-aa9e-0ccdd40f93c0/build]   | [INFO] Downloaded from central: https://repo.maven.apache.org/maven2/org/apache/maven/maven-plugin-parameter-documenter/2.2.1/maven-plugin-parameter-documenter-2.2.1.pom (2.0 kB at 326 kB/s)
[64c9ea4a-5234-4968-aa9e-0ccdd40f93c0/build]   | [INFO] Downloading from central: https://repo.maven.apache.org/maven2/org/slf4j/slf4j-jdk14/1.5.6/slf4j-jdk14-1.5.6.pom
[64c9ea4a-5234-4968-aa9e-0ccdd40f93c0/build]   | [INFO] Downloaded from central: https://repo.maven.apache.org/maven2/org/slf4j/slf4j-jdk14/1.5.6/slf4j-jdk14-1.5.6.pom (1.9 kB at 271 kB/s)
[64c9ea4a-5234-4968-aa9e-0ccdd40f93c0/build]   | [INFO] Downloading from central: https://repo.maven.apache.org/maven2/org/slf4j/slf4j-parent/1.5.6/slf4j-parent-1.5.6.pom
[64c9ea4a-5234-4968-aa9e-0ccdd40f93c0/build]   | [INFO] Downloaded from central: https://repo.maven.apache.org/maven2/org/slf4j/slf4j-parent/1.5.6/slf4j-parent-1.5.6.pom (7.9 kB at 1.3 MB/s)
[64c9ea4a-5234-4968-aa9e-0ccdd40f93c0/build]   | [INFO] Downloading from central: https://repo.maven.apache.org/maven2/org/slf4j/slf4j-api/1.5.6/slf4j-api-1.5.6.pom
[64c9ea4a-5234-4968-aa9e-0ccdd40f93c0/build]   | [INFO] Downloaded from central: https://repo.maven.apache.org/maven2/org/slf4j/slf4j-api/1.5.6/slf4j-api-1.5.6.pom (3.0 kB at 597 kB/s)
[64c9ea4a-5234-4968-aa9e-0ccdd40f93c0/build]   | [INFO] Downloading from central: https://repo.maven.apache.org/maven2/org/slf4j/jcl-over-slf4j/1.5.6/jcl-over-slf4j-1.5.6.pom
[64c9ea4a-5234-4968-aa9e-0ccdd40f93c0/build]   | [INFO] Downloaded from central: https://repo.maven.apache.org/maven2/org/slf4j/jcl-over-slf4j/1.5.6/jcl-over-slf4j-1.5.6.pom (2.2 kB at 167 kB/s)
[64c9ea4a-5234-4968-aa9e-0ccdd40f93c0/build]   | [INFO] Downloading from central: https://repo.maven.apache.org/maven2/org/apache/maven/reporting/maven-reporting-api/3.0/maven-reporting-api-3.0.pom
[64c9ea4a-5234-4968-aa9e-0ccdd40f93c0/build]   | [INFO] Downloaded from central: https://repo.maven.apache.org/maven2/org/apache/maven/reporting/maven-reporting-api/3.0/maven-reporting-api-3.0.pom (2.4 kB at 396 kB/s)
[64c9ea4a-5234-4968-aa9e-0ccdd40f93c0/build]   | [INFO] Downloading from central: https://repo.maven.apache.org/maven2/org/apache/maven/shared/maven-shared-components/15/maven-shared-components-15.pom
[64c9ea4a-5234-4968-aa9e-0ccdd40f93c0/build]   | [INFO] Downloaded from central: https://repo.maven.apache.org/maven2/org/apache/maven/shared/maven-shared-components/15/maven-shared-components-15.pom (9.3 kB at 1.6 MB/s)
[64c9ea4a-5234-4968-aa9e-0ccdd40f93c0/build]   | [INFO] Downloading from central: https://repo.maven.apache.org/maven2/org/apache/maven/maven-parent/16/maven-parent-16.pom
[64c9ea4a-5234-4968-aa9e-0ccdd40f93c0/build]   | [INFO] Downloaded from central: https://repo.maven.apache.org/maven2/org/apache/maven/maven-parent/16/maven-parent-16.pom (23 kB at 3.9 MB/s)
[64c9ea4a-5234-4968-aa9e-0ccdd40f93c0/build]   | [INFO] Downloading from central: https://repo.maven.apache.org/maven2/org/apache/apache/7/apache-7.pom
[64c9ea4a-5234-4968-aa9e-0ccdd40f93c0/build]   | [INFO] Downloaded from central: https://repo.maven.apache.org/maven2/org/apache/apache/7/apache-7.pom (14 kB at 2.4 MB/s)
[64c9ea4a-5234-4968-aa9e-0ccdd40f93c0/build]   | [INFO] Downloading from central: https://repo.maven.apache.org/maven2/org/apache/maven/maven-error-diagnostics/2.2.1/maven-error-diagnostics-2.2.1.pom
[64c9ea4a-5234-4968-aa9e-0ccdd40f93c0/build]   | [INFO] Downloaded from central: https://repo.maven.apache.org/maven2/org/apache/maven/maven-error-diagnostics/2.2.1/maven-error-diagnostics-2.2.1.pom (1.7 kB at 107 kB/s)
[64c9ea4a-5234-4968-aa9e-0ccdd40f93c0/build]   | [INFO] Downloading from central: https://repo.maven.apache.org/maven2/org/apache/maven/maven-monitor/2.2.1/maven-monitor-2.2.1.pom
[64c9ea4a-5234-4968-aa9e-0ccdd40f93c0/build]   | [INFO] Downloaded from central: https://repo.maven.apache.org/maven2/org/apache/maven/maven-monitor/2.2.1/maven-monitor-2.2.1.pom (1.3 kB at 38 kB/s)
[64c9ea4a-5234-4968-aa9e-0ccdd40f93c0/build]   | [INFO] Downloading from central: https://repo.maven.apache.org/maven2/org/sonatype/plexus/plexus-sec-dispatcher/1.3/plexus-sec-dispatcher-1.3.pom
[64c9ea4a-5234-4968-aa9e-0ccdd40f93c0/build]   | [INFO] Downloaded from central: https://repo.maven.apache.org/maven2/org/sonatype/plexus/plexus-sec-dispatcher/1.3/plexus-sec-dispatcher-1.3.pom (3.0 kB at 494 kB/s)
[64c9ea4a-5234-4968-aa9e-0ccdd40f93c0/build]   | [INFO] Downloading from central: https://repo.maven.apache.org/maven2/org/sonatype/spice/spice-parent/12/spice-parent-12.pom
[64c9ea4a-5234-4968-aa9e-0ccdd40f93c0/build]   | [INFO] Downloaded from central: https://repo.maven.apache.org/maven2/org/sonatype/spice/spice-parent/12/spice-parent-12.pom (6.8 kB at 850 kB/s)
[64c9ea4a-5234-4968-aa9e-0ccdd40f93c0/build]   | [INFO] Downloading from central: https://repo.maven.apache.org/maven2/org/sonatype/forge/forge-parent/4/forge-parent-4.pom
[64c9ea4a-5234-4968-aa9e-0ccdd40f93c0/build]   | [INFO] Downloaded from central: https://repo.maven.apache.org/maven2/org/sonatype/forge/forge-parent/4/forge-parent-4.pom (8.4 kB at 1.7 MB/s)
[64c9ea4a-5234-4968-aa9e-0ccdd40f93c0/build]   | [INFO] Downloading from central: https://repo.maven.apache.org/maven2/org/codehaus/plexus/plexus-utils/1.5.5/plexus-utils-1.5.5.pom
[64c9ea4a-5234-4968-aa9e-0ccdd40f93c0/build]   | [INFO] Downloaded from central: https://repo.maven.apache.org/maven2/org/codehaus/plexus/plexus-utils/1.5.5/plexus-utils-1.5.5.pom (5.1 kB at 858 kB/s)
[64c9ea4a-5234-4968-aa9e-0ccdd40f93c0/build]   | [INFO] Downloading from central: https://repo.maven.apache.org/maven2/org/sonatype/plexus/plexus-cipher/1.4/plexus-cipher-1.4.pom
[64c9ea4a-5234-4968-aa9e-0ccdd40f93c0/build]   | [INFO] Downloaded from central: https://repo.maven.apache.org/maven2/org/sonatype/plexus/plexus-cipher/1.4/plexus-cipher-1.4.pom (2.1 kB at 344 kB/s)
[64c9ea4a-5234-4968-aa9e-0ccdd40f93c0/build]   | [INFO] Downloading from central: https://repo.maven.apache.org/maven2/org/apache/maven/maven-toolchain/2.2.1/maven-toolchain-2.2.1.pom
[64c9ea4a-5234-4968-aa9e-0ccdd40f93c0/build]   | [INFO] Downloaded from central: https://repo.maven.apache.org/maven2/org/apache/maven/maven-toolchain/2.2.1/maven-toolchain-2.2.1.pom (3.3 kB at 372 kB/s)
[64c9ea4a-5234-4968-aa9e-0ccdd40f93c0/build]   | [INFO] Downloading from central: https://repo.maven.apache.org/maven2/org/codehaus/plexus/plexus-java/0.9.10/plexus-java-0.9.10.pom
[64c9ea4a-5234-4968-aa9e-0ccdd40f93c0/build]   | [INFO] Downloaded from central: https://repo.maven.apache.org/maven2/org/codehaus/plexus/plexus-java/0.9.10/plexus-java-0.9.10.pom (5.1 kB at 393 kB/s)
[64c9ea4a-5234-4968-aa9e-0ccdd40f93c0/build]   | [INFO] Downloading from central: https://repo.maven.apache.org/maven2/org/codehaus/plexus/plexus-languages/0.9.10/plexus-languages-0.9.10.pom
[64c9ea4a-5234-4968-aa9e-0ccdd40f93c0/build]   | [INFO] Downloaded from central: https://repo.maven.apache.org/maven2/org/codehaus/plexus/plexus-languages/0.9.10/plexus-languages-0.9.10.pom (4.1 kB at 58 kB/s)
[64c9ea4a-5234-4968-aa9e-0ccdd40f93c0/build]   | [INFO] Downloading from central: https://repo.maven.apache.org/maven2/org/codehaus/plexus/plexus/4.0/plexus-4.0.pom
[64c9ea4a-5234-4968-aa9e-0ccdd40f93c0/build]   | [INFO] Downloaded from central: https://repo.maven.apache.org/maven2/org/codehaus/plexus/plexus/4.0/plexus-4.0.pom (22 kB at 1.3 MB/s)
[64c9ea4a-5234-4968-aa9e-0ccdd40f93c0/build]   | [INFO] Downloading from central: https://repo.maven.apache.org/maven2/org/sonatype/forge/forge-parent/10/forge-parent-10.pom
[64c9ea4a-5234-4968-aa9e-0ccdd40f93c0/build]   | [INFO] Downloaded from central: https://repo.maven.apache.org/maven2/org/sonatype/forge/forge-parent/10/forge-parent-10.pom (14 kB at 522 kB/s)
[64c9ea4a-5234-4968-aa9e-0ccdd40f93c0/build]   | [INFO] Downloading from central: https://repo.maven.apache.org/maven2/org/ow2/asm/asm/6.2/asm-6.2.pom
[64c9ea4a-5234-4968-aa9e-0ccdd40f93c0/build]   | [INFO] Downloaded from central: https://repo.maven.apache.org/maven2/org/ow2/asm/asm/6.2/asm-6.2.pom (2.9 kB at 92 kB/s)
[64c9ea4a-5234-4968-aa9e-0ccdd40f93c0/build]   | [INFO] Downloading from central: https://repo.maven.apache.org/maven2/com/thoughtworks/qdox/qdox/2.0-M8/qdox-2.0-M8.pom
[64c9ea4a-5234-4968-aa9e-0ccdd40f93c0/build]   | [INFO] Downloaded from central: https://repo.maven.apache.org/maven2/com/thoughtworks/qdox/qdox/2.0-M8/qdox-2.0-M8.pom (16 kB at 1.8 MB/s)
[64c9ea4a-5234-4968-aa9e-0ccdd40f93c0/build]   | [INFO] Downloading from central: https://repo.maven.apache.org/maven2/org/apache/maven/surefire/maven-surefire-common/2.22.2/maven-surefire-common-2.22.2.jar
[64c9ea4a-5234-4968-aa9e-0ccdd40f93c0/build]   | [INFO] Downloading from central: https://repo.maven.apache.org/maven2/org/apache/maven/maven-plugin-api/2.2.1/maven-plugin-api-2.2.1.jar
[64c9ea4a-5234-4968-aa9e-0ccdd40f93c0/build]   | [INFO] Downloading from central: https://repo.maven.apache.org/maven2/org/apache/maven/plugin-tools/maven-plugin-annotations/3.5.2/maven-plugin-annotations-3.5.2.jar
[64c9ea4a-5234-4968-aa9e-0ccdd40f93c0/build]   | [INFO] Downloading from central: https://repo.maven.apache.org/maven2/org/apache/maven/surefire/surefire-api/2.22.2/surefire-api-2.22.2.jar
[64c9ea4a-5234-4968-aa9e-0ccdd40f93c0/build]   | [INFO] Downloading from central: https://repo.maven.apache.org/maven2/org/apache/maven/surefire/surefire-logger-api/2.22.2/surefire-logger-api-2.22.2.jar
[64c9ea4a-5234-4968-aa9e-0ccdd40f93c0/build]   | [INFO] Downloaded from central: https://repo.maven.apache.org/maven2/org/apache/maven/maven-plugin-api/2.2.1/maven-plugin-api-2.2.1.jar (12 kB at 619 kB/s)
[64c9ea4a-5234-4968-aa9e-0ccdd40f93c0/build]   | [INFO] Downloading from central: https://repo.maven.apache.org/maven2/org/apache/maven/surefire/surefire-booter/2.22.2/surefire-booter-2.22.2.jar
[64c9ea4a-5234-4968-aa9e-0ccdd40f93c0/build]   | [INFO] Downloaded from central: https://repo.maven.apache.org/maven2/org/apache/maven/surefire/surefire-logger-api/2.22.2/surefire-logger-api-2.22.2.jar (13 kB at 580 kB/s)
[64c9ea4a-5234-4968-aa9e-0ccdd40f93c0/build]   | [INFO] Downloading from central: https://repo.maven.apache.org/maven2/org/apache/maven/maven-artifact/2.2.1/maven-artifact-2.2.1.jar
[64c9ea4a-5234-4968-aa9e-0ccdd40f93c0/build]   | [INFO] Downloaded from central: https://repo.maven.apache.org/maven2/org/apache/maven/plugin-tools/maven-plugin-annotations/3.5.2/maven-plugin-annotations-3.5.2.jar (14 kB at 549 kB/s)
[64c9ea4a-5234-4968-aa9e-0ccdd40f93c0/build]   | [INFO] Downloading from central: https://repo.maven.apache.org/maven2/org/codehaus/plexus/plexus-utils/1.5.15/plexus-utils-1.5.15.jar
[64c9ea4a-5234-4968-aa9e-0ccdd40f93c0/build]   | [INFO] Downloaded from central: https://repo.maven.apache.org/maven2/org/apache/maven/surefire/maven-surefire-common/2.22.2/maven-surefire-common-2.22.2.jar (528 kB at 20 MB/s)
[64c9ea4a-5234-4968-aa9e-0ccdd40f93c0/build]   | [INFO] Downloading from central: https://repo.maven.apache.org/maven2/org/apache/maven/maven-plugin-descriptor/2.2.1/maven-plugin-descriptor-2.2.1.jar
[64c9ea4a-5234-4968-aa9e-0ccdd40f93c0/build]   | [INFO] Downloaded from central: https://repo.maven.apache.org/maven2/org/apache/maven/surefire/surefire-api/2.22.2/surefire-api-2.22.2.jar (186 kB at 6.6 MB/s)
[64c9ea4a-5234-4968-aa9e-0ccdd40f93c0/build]   | [INFO] Downloading from central: https://repo.maven.apache.org/maven2/junit/junit/4.12/junit-4.12.jar
[64c9ea4a-5234-4968-aa9e-0ccdd40f93c0/build]   | [INFO] Downloaded from central: https://repo.maven.apache.org/maven2/org/apache/maven/maven-plugin-descriptor/2.2.1/maven-plugin-descriptor-2.2.1.jar (39 kB at 1.0 MB/s)
[64c9ea4a-5234-4968-aa9e-0ccdd40f93c0/build]   | [INFO] Downloading from central: https://repo.maven.apache.org/maven2/org/hamcrest/hamcrest-core/1.3/hamcrest-core-1.3.jar
[64c9ea4a-5234-4968-aa9e-0ccdd40f93c0/build]   | [INFO] Downloaded from central: https://repo.maven.apache.org/maven2/org/apache/maven/maven-artifact/2.2.1/maven-artifact-2.2.1.jar (80 kB at 2.0 MB/s)
[64c9ea4a-5234-4968-aa9e-0ccdd40f93c0/build]   | [INFO] Downloading from central: https://repo.maven.apache.org/maven2/org/apache/maven/maven-project/2.2.1/maven-project-2.2.1.jar
[64c9ea4a-5234-4968-aa9e-0ccdd40f93c0/build]   | [INFO] Downloaded from central: https://repo.maven.apache.org/maven2/junit/junit/4.12/junit-4.12.jar (315 kB at 7.3 MB/s)
[64c9ea4a-5234-4968-aa9e-0ccdd40f93c0/build]   | [INFO] Downloading from central: https://repo.maven.apache.org/maven2/org/apache/maven/maven-settings/2.2.1/maven-settings-2.2.1.jar
[64c9ea4a-5234-4968-aa9e-0ccdd40f93c0/build]   | [INFO] Downloaded from central: https://repo.maven.apache.org/maven2/org/apache/maven/surefire/surefire-booter/2.22.2/surefire-booter-2.22.2.jar (274 kB at 5.2 MB/s)
[64c9ea4a-5234-4968-aa9e-0ccdd40f93c0/build]   | [INFO] Downloading from central: https://repo.maven.apache.org/maven2/org/apache/maven/maven-profile/2.2.1/maven-profile-2.2.1.jar
[64c9ea4a-5234-4968-aa9e-0ccdd40f93c0/build]   | [INFO] Downloaded from central: https://repo.maven.apache.org/maven2/org/codehaus/plexus/plexus-utils/1.5.15/plexus-utils-1.5.15.jar (228 kB at 5.3 MB/s)
[64c9ea4a-5234-4968-aa9e-0ccdd40f93c0/build]   | [INFO] Downloading from central: https://repo.maven.apache.org/maven2/org/apache/maven/maven-artifact-manager/2.2.1/maven-artifact-manager-2.2.1.jar
[64c9ea4a-5234-4968-aa9e-0ccdd40f93c0/build]   | [INFO] Downloaded from central: https://repo.maven.apache.org/maven2/org/hamcrest/hamcrest-core/1.3/hamcrest-core-1.3.jar (45 kB at 919 kB/s)
[64c9ea4a-5234-4968-aa9e-0ccdd40f93c0/build]   | [INFO] Downloading from central: https://repo.maven.apache.org/maven2/backport-util-concurrent/backport-util-concurrent/3.1/backport-util-concurrent-3.1.jar
[64c9ea4a-5234-4968-aa9e-0ccdd40f93c0/build]   | [INFO] Downloaded from central: https://repo.maven.apache.org/maven2/org/apache/maven/maven-settings/2.2.1/maven-settings-2.2.1.jar (49 kB at 1.0 MB/s)
[64c9ea4a-5234-4968-aa9e-0ccdd40f93c0/build]   | [INFO] Downloading from central: https://repo.maven.apache.org/maven2/org/apache/maven/maven-plugin-registry/2.2.1/maven-plugin-registry-2.2.1.jar
[64c9ea4a-5234-4968-aa9e-0ccdd40f93c0/build]   | [INFO] Downloaded from central: https://repo.maven.apache.org/maven2/org/apache/maven/maven-profile/2.2.1/maven-profile-2.2.1.jar (35 kB at 707 kB/s)
[64c9ea4a-5234-4968-aa9e-0ccdd40f93c0/build]   | [INFO] Downloading from central: https://repo.maven.apache.org/maven2/org/codehaus/plexus/plexus-interpolation/1.11/plexus-interpolation-1.11.jar
[64c9ea4a-5234-4968-aa9e-0ccdd40f93c0/build]   | [INFO] Downloaded from central: https://repo.maven.apache.org/maven2/org/apache/maven/maven-project/2.2.1/maven-project-2.2.1.jar (156 kB at 3.0 MB/s)
[64c9ea4a-5234-4968-aa9e-0ccdd40f93c0/build]   | [INFO] Downloading from central: https://repo.maven.apache.org/maven2/org/apache/maven/maven-model/2.2.1/maven-model-2.2.1.jar
[64c9ea4a-5234-4968-aa9e-0ccdd40f93c0/build]   | [INFO] Downloaded from central: https://repo.maven.apache.org/maven2/org/apache/maven/maven-artifact-manager/2.2.1/maven-artifact-manager-2.2.1.jar (68 kB at 1.3 MB/s)
[64c9ea4a-5234-4968-aa9e-0ccdd40f93c0/build]   | [INFO] Downloading from central: https://repo.maven.apache.org/maven2/org/apache/maven/maven-core/2.2.1/maven-core-2.2.1.jar
[64c9ea4a-5234-4968-aa9e-0ccdd40f93c0/build]   | [INFO] Downloaded from central: https://repo.maven.apache.org/maven2/org/apache/maven/maven-plugin-registry/2.2.1/maven-plugin-registry-2.2.1.jar (30 kB at 521 kB/s)
[64c9ea4a-5234-4968-aa9e-0ccdd40f93c0/build]   | [INFO] Downloading from central: https://repo.maven.apache.org/maven2/org/apache/maven/maven-plugin-parameter-documenter/2.2.1/maven-plugin-parameter-documenter-2.2.1.jar
[64c9ea4a-5234-4968-aa9e-0ccdd40f93c0/build]   | [INFO] Downloaded from central: https://repo.maven.apache.org/maven2/org/codehaus/plexus/plexus-interpolation/1.11/plexus-interpolation-1.11.jar (51 kB at 878 kB/s)
[64c9ea4a-5234-4968-aa9e-0ccdd40f93c0/build]   | [INFO] Downloading from central: https://repo.maven.apache.org/maven2/org/slf4j/slf4j-jdk14/1.5.6/slf4j-jdk14-1.5.6.jar
[64c9ea4a-5234-4968-aa9e-0ccdd40f93c0/build]   | [INFO] Downloaded from central: https://repo.maven.apache.org/maven2/org/apache/maven/maven-core/2.2.1/maven-core-2.2.1.jar (178 kB at 2.9 MB/s)
[64c9ea4a-5234-4968-aa9e-0ccdd40f93c0/build]   | [INFO] Downloading from central: https://repo.maven.apache.org/maven2/org/slf4j/slf4j-api/1.5.6/slf4j-api-1.5.6.jar
[64c9ea4a-5234-4968-aa9e-0ccdd40f93c0/build]   | [INFO] Downloaded from central: https://repo.maven.apache.org/maven2/org/apache/maven/maven-plugin-parameter-documenter/2.2.1/maven-plugin-parameter-documenter-2.2.1.jar (22 kB at 358 kB/s)
[64c9ea4a-5234-4968-aa9e-0ccdd40f93c0/build]   | [INFO] Downloading from central: https://repo.maven.apache.org/maven2/org/slf4j/jcl-over-slf4j/1.5.6/jcl-over-slf4j-1.5.6.jar
[64c9ea4a-5234-4968-aa9e-0ccdd40f93c0/build]   | [INFO] Downloaded from central: https://repo.maven.apache.org/maven2/org/slf4j/slf4j-jdk14/1.5.6/slf4j-jdk14-1.5.6.jar (8.8 kB at 140 kB/s)
[64c9ea4a-5234-4968-aa9e-0ccdd40f93c0/build]   | [INFO] Downloading from central: https://repo.maven.apache.org/maven2/org/apache/maven/reporting/maven-reporting-api/3.0/maven-reporting-api-3.0.jar
[64c9ea4a-5234-4968-aa9e-0ccdd40f93c0/build]   | [INFO] Downloaded from central: https://repo.maven.apache.org/maven2/org/apache/maven/reporting/maven-reporting-api/3.0/maven-reporting-api-3.0.jar (11 kB at 161 kB/s)
[64c9ea4a-5234-4968-aa9e-0ccdd40f93c0/build]   | [INFO] Downloading from central: https://repo.maven.apache.org/maven2/org/apache/maven/maven-repository-metadata/2.2.1/maven-repository-metadata-2.2.1.jar
[64c9ea4a-5234-4968-aa9e-0ccdd40f93c0/build]   | [INFO] Downloaded from central: https://repo.maven.apache.org/maven2/org/slf4j/jcl-over-slf4j/1.5.6/jcl-over-slf4j-1.5.6.jar (17 kB at 242 kB/s)
[64c9ea4a-5234-4968-aa9e-0ccdd40f93c0/build]   | [INFO] Downloading from central: https://repo.maven.apache.org/maven2/org/apache/maven/maven-error-diagnostics/2.2.1/maven-error-diagnostics-2.2.1.jar
[64c9ea4a-5234-4968-aa9e-0ccdd40f93c0/build]   | [INFO] Downloaded from central: https://repo.maven.apache.org/maven2/org/slf4j/slf4j-api/1.5.6/slf4j-api-1.5.6.jar (22 kB at 315 kB/s)
[64c9ea4a-5234-4968-aa9e-0ccdd40f93c0/build]   | [INFO] Downloading from central: https://repo.maven.apache.org/maven2/org/apache/maven/maven-monitor/2.2.1/maven-monitor-2.2.1.jar
[64c9ea4a-5234-4968-aa9e-0ccdd40f93c0/build]   | [INFO] Downloaded from central: https://repo.maven.apache.org/maven2/org/apache/maven/maven-repository-metadata/2.2.1/maven-repository-metadata-2.2.1.jar (26 kB at 351 kB/s)
[64c9ea4a-5234-4968-aa9e-0ccdd40f93c0/build]   | [INFO] Downloading from central: https://repo.maven.apache.org/maven2/org/sonatype/plexus/plexus-sec-dispatcher/1.3/plexus-sec-dispatcher-1.3.jar
[64c9ea4a-5234-4968-aa9e-0ccdd40f93c0/build]   | [INFO] Downloaded from central: https://repo.maven.apache.org/maven2/org/apache/maven/maven-error-diagnostics/2.2.1/maven-error-diagnostics-2.2.1.jar (13 kB at 176 kB/s)
[64c9ea4a-5234-4968-aa9e-0ccdd40f93c0/build]   | [INFO] Downloading from central: https://repo.maven.apache.org/maven2/org/sonatype/plexus/plexus-cipher/1.4/plexus-cipher-1.4.jar
[64c9ea4a-5234-4968-aa9e-0ccdd40f93c0/build]   | [INFO] Downloaded from central: https://repo.maven.apache.org/maven2/org/apache/maven/maven-monitor/2.2.1/maven-monitor-2.2.1.jar (10 kB at 138 kB/s)
[64c9ea4a-5234-4968-aa9e-0ccdd40f93c0/build]   | [INFO] Downloading from central: https://repo.maven.apache.org/maven2/org/apache/maven/maven-toolchain/2.2.1/maven-toolchain-2.2.1.jar
[64c9ea4a-5234-4968-aa9e-0ccdd40f93c0/build]   | [INFO] Downloaded from central: https://repo.maven.apache.org/maven2/org/sonatype/plexus/plexus-sec-dispatcher/1.3/plexus-sec-dispatcher-1.3.jar (29 kB at 366 kB/s)
[64c9ea4a-5234-4968-aa9e-0ccdd40f93c0/build]   | [INFO] Downloading from central: https://repo.maven.apache.org/maven2/org/codehaus/plexus/plexus-java/0.9.10/plexus-java-0.9.10.jar
[64c9ea4a-5234-4968-aa9e-0ccdd40f93c0/build]   | [INFO] Downloaded from central: https://repo.maven.apache.org/maven2/org/sonatype/plexus/plexus-cipher/1.4/plexus-cipher-1.4.jar (13 kB at 171 kB/s)
[64c9ea4a-5234-4968-aa9e-0ccdd40f93c0/build]   | [INFO] Downloading from central: https://repo.maven.apache.org/maven2/org/ow2/asm/asm/6.2/asm-6.2.jar
[64c9ea4a-5234-4968-aa9e-0ccdd40f93c0/build]   | [INFO] Downloaded from central: https://repo.maven.apache.org/maven2/org/apache/maven/maven-toolchain/2.2.1/maven-toolchain-2.2.1.jar (38 kB at 459 kB/s)
[64c9ea4a-5234-4968-aa9e-0ccdd40f93c0/build]   | [INFO] Downloading from central: https://repo.maven.apache.org/maven2/com/thoughtworks/qdox/qdox/2.0-M8/qdox-2.0-M8.jar
[64c9ea4a-5234-4968-aa9e-0ccdd40f93c0/build]   | [INFO] Downloaded from central: https://repo.maven.apache.org/maven2/org/codehaus/plexus/plexus-java/0.9.10/plexus-java-0.9.10.jar (39 kB at 469 kB/s)
[64c9ea4a-5234-4968-aa9e-0ccdd40f93c0/build]   | [INFO] Downloaded from central: https://repo.maven.apache.org/maven2/org/ow2/asm/asm/6.2/asm-6.2.jar (111 kB at 1.3 MB/s)
[64c9ea4a-5234-4968-aa9e-0ccdd40f93c0/build]   | [INFO] Downloaded from central: https://repo.maven.apache.org/maven2/org/apache/maven/maven-model/2.2.1/maven-model-2.2.1.jar (88 kB at 894 kB/s)
[64c9ea4a-5234-4968-aa9e-0ccdd40f93c0/build]   | [INFO] Downloaded from central: https://repo.maven.apache.org/maven2/com/thoughtworks/qdox/qdox/2.0-M8/qdox-2.0-M8.jar (316 kB at 3.2 MB/s)
[64c9ea4a-5234-4968-aa9e-0ccdd40f93c0/build]   | [INFO] Downloaded from central: https://repo.maven.apache.org/maven2/backport-util-concurrent/backport-util-concurrent/3.1/backport-util-concurrent-3.1.jar (332 kB at 3.3 MB/s)
[64c9ea4a-5234-4968-aa9e-0ccdd40f93c0/build]   | [INFO] Downloading from central: https://repo.maven.apache.org/maven2/org/apache/maven/surefire/surefire-junit-platform/2.22.2/surefire-junit-platform-2.22.2.pom
[64c9ea4a-5234-4968-aa9e-0ccdd40f93c0/build]   | [INFO] Downloaded from central: https://repo.maven.apache.org/maven2/org/apache/maven/surefire/surefire-junit-platform/2.22.2/surefire-junit-platform-2.22.2.pom (7.0 kB at 349 kB/s)
[64c9ea4a-5234-4968-aa9e-0ccdd40f93c0/build]   | [INFO] Downloading from central: https://repo.maven.apache.org/maven2/org/apache/maven/surefire/surefire-providers/2.22.2/surefire-providers-2.22.2.pom
[64c9ea4a-5234-4968-aa9e-0ccdd40f93c0/build]   | [INFO] Downloaded from central: https://repo.maven.apache.org/maven2/org/apache/maven/surefire/surefire-providers/2.22.2/surefire-providers-2.22.2.pom (2.5 kB at 31 kB/s)
[64c9ea4a-5234-4968-aa9e-0ccdd40f93c0/build]   | [INFO] Downloading from central: https://repo.maven.apache.org/maven2/org/junit/platform/junit-platform-launcher/1.3.1/junit-platform-launcher-1.3.1.pom
[64c9ea4a-5234-4968-aa9e-0ccdd40f93c0/build]   | [INFO] Downloaded from central: https://repo.maven.apache.org/maven2/org/junit/platform/junit-platform-launcher/1.3.1/junit-platform-launcher-1.3.1.pom (2.2 kB at 370 kB/s)
[64c9ea4a-5234-4968-aa9e-0ccdd40f93c0/build]   | [INFO] Downloading from central: https://repo.maven.apache.org/maven2/org/apiguardian/apiguardian-api/1.0.0/apiguardian-api-1.0.0.pom
[64c9ea4a-5234-4968-aa9e-0ccdd40f93c0/build]   | [INFO] Downloaded from central: https://repo.maven.apache.org/maven2/org/apiguardian/apiguardian-api/1.0.0/apiguardian-api-1.0.0.pom (1.2 kB at 146 kB/s)
[64c9ea4a-5234-4968-aa9e-0ccdd40f93c0/build]   | [INFO] Downloading from central: https://repo.maven.apache.org/maven2/org/junit/platform/junit-platform-engine/1.3.1/junit-platform-engine-1.3.1.pom
[64c9ea4a-5234-4968-aa9e-0ccdd40f93c0/build]   | [INFO] Downloaded from central: https://repo.maven.apache.org/maven2/org/junit/platform/junit-platform-engine/1.3.1/junit-platform-engine-1.3.1.pom (2.4 kB at 299 kB/s)
[64c9ea4a-5234-4968-aa9e-0ccdd40f93c0/build]   | [INFO] Downloading from central: https://repo.maven.apache.org/maven2/org/junit/platform/junit-platform-commons/1.3.1/junit-platform-commons-1.3.1.pom
[64c9ea4a-5234-4968-aa9e-0ccdd40f93c0/build]   | [INFO] Downloaded from central: https://repo.maven.apache.org/maven2/org/junit/platform/junit-platform-commons/1.3.1/junit-platform-commons-1.3.1.pom (2.0 kB at 337 kB/s)
[64c9ea4a-5234-4968-aa9e-0ccdd40f93c0/build]   | [INFO] Downloading from central: https://repo.maven.apache.org/maven2/org/opentest4j/opentest4j/1.1.1/opentest4j-1.1.1.pom
[64c9ea4a-5234-4968-aa9e-0ccdd40f93c0/build]   | [INFO] Downloaded from central: https://repo.maven.apache.org/maven2/org/opentest4j/opentest4j/1.1.1/opentest4j-1.1.1.pom (1.7 kB at 240 kB/s)
[64c9ea4a-5234-4968-aa9e-0ccdd40f93c0/build]   | [INFO] Downloading from central: https://repo.maven.apache.org/maven2/org/apiguardian/apiguardian-api/1.0.0/apiguardian-api-1.0.0.jar
[64c9ea4a-5234-4968-aa9e-0ccdd40f93c0/build]   | [INFO] Downloading from central: https://repo.maven.apache.org/maven2/org/apache/maven/surefire/surefire-junit-platform/2.22.2/surefire-junit-platform-2.22.2.jar
[64c9ea4a-5234-4968-aa9e-0ccdd40f93c0/build]   | [INFO] Downloading from central: https://repo.maven.apache.org/maven2/org/junit/platform/junit-platform-commons/1.3.1/junit-platform-commons-1.3.1.jar
[64c9ea4a-5234-4968-aa9e-0ccdd40f93c0/build]   | [INFO] Downloading from central: https://repo.maven.apache.org/maven2/org/junit/platform/junit-platform-launcher/1.3.1/junit-platform-launcher-1.3.1.jar
[64c9ea4a-5234-4968-aa9e-0ccdd40f93c0/build]   | [INFO] Downloading from central: https://repo.maven.apache.org/maven2/org/junit/platform/junit-platform-engine/1.3.1/junit-platform-engine-1.3.1.jar
[64c9ea4a-5234-4968-aa9e-0ccdd40f93c0/build]   | [INFO] Downloaded from central: https://repo.maven.apache.org/maven2/org/apiguardian/apiguardian-api/1.0.0/apiguardian-api-1.0.0.jar (2.2 kB at 197 kB/s)
[64c9ea4a-5234-4968-aa9e-0ccdd40f93c0/build]   | [INFO] Downloaded from central: https://repo.maven.apache.org/maven2/org/apache/maven/surefire/surefire-junit-platform/2.22.2/surefire-junit-platform-2.22.2.jar (66 kB at 5.5 MB/s)
[64c9ea4a-5234-4968-aa9e-0ccdd40f93c0/build]   | [INFO] Downloaded from central: https://repo.maven.apache.org/maven2/org/junit/platform/junit-platform-engine/1.3.1/junit-platform-engine-1.3.1.jar (135 kB at 11 MB/s)
[64c9ea4a-5234-4968-aa9e-0ccdd40f93c0/build]   | [INFO] Downloaded from central: https://repo.maven.apache.org/maven2/org/junit/platform/junit-platform-commons/1.3.1/junit-platform-commons-1.3.1.jar (78 kB at 6.0 MB/s)
[64c9ea4a-5234-4968-aa9e-0ccdd40f93c0/build]   | [INFO] Downloaded from central: https://repo.maven.apache.org/maven2/org/junit/platform/junit-platform-launcher/1.3.1/junit-platform-launcher-1.3.1.jar (95 kB at 7.9 MB/s)
[64c9ea4a-5234-4968-aa9e-0ccdd40f93c0/build]   | [INFO] Downloading from central: https://repo.maven.apache.org/maven2/org/opentest4j/opentest4j/1.1.1/opentest4j-1.1.1.jar
[64c9ea4a-5234-4968-aa9e-0ccdd40f93c0/build]   | [INFO] Downloaded from central: https://repo.maven.apache.org/maven2/org/opentest4j/opentest4j/1.1.1/opentest4j-1.1.1.jar (7.1 kB at 297 kB/s)
[64c9ea4a-5234-4968-aa9e-0ccdd40f93c0/build]   | [INFO] 
[64c9ea4a-5234-4968-aa9e-0ccdd40f93c0/build]   | [INFO] -------------------------------------------------------
[64c9ea4a-5234-4968-aa9e-0ccdd40f93c0/build]   | [INFO]  T E S T S
[64c9ea4a-5234-4968-aa9e-0ccdd40f93c0/build]   | [INFO] -------------------------------------------------------
[64c9ea4a-5234-4968-aa9e-0ccdd40f93c0/build]   | [INFO] Running com.thealgorithms.geometry.GrahamScanTest
[64c9ea4a-5234-4968-aa9e-0ccdd40f93c0/build]   | [INFO] Tests run: 1, Failures: 0, Errors: 0, Skipped: 0, Time elapsed: 0.048 s - in com.thealgorithms.geometry.GrahamScanTest
[64c9ea4a-5234-4968-aa9e-0ccdd40f93c0/build]   | [INFO] Running com.thealgorithms.io.BufferedReaderTest
[64c9ea4a-5234-4968-aa9e-0ccdd40f93c0/build]   | [cached intentional error]
[64c9ea4a-5234-4968-aa9e-0ccdd40f93c0/build]   | [INFO] Tests run: 3, Failures: 0, Errors: 0, Skipped: 0, Time elapsed: 0 s - in com.thealgorithms.io.BufferedReaderTest
[64c9ea4a-5234-4968-aa9e-0ccdd40f93c0/build]   | [INFO] Running com.thealgorithms.scheduling.FCFSSchedulingTest
[64c9ea4a-5234-4968-aa9e-0ccdd40f93c0/build]   | [INFO] Tests run: 1, Failures: 0, Errors: 0, Skipped: 0, Time elapsed: 0 s - in com.thealgorithms.scheduling.FCFSSchedulingTest
[64c9ea4a-5234-4968-aa9e-0ccdd40f93c0/build]   | [INFO] Running com.thealgorithms.scheduling.SJFSchedulingTest
[64c9ea4a-5234-4968-aa9e-0ccdd40f93c0/build]   | [INFO] Tests run: 7, Failures: 0, Errors: 0, Skipped: 0, Time elapsed: 0 s - in com.thealgorithms.scheduling.SJFSchedulingTest
[64c9ea4a-5234-4968-aa9e-0ccdd40f93c0/build]   | [INFO] Running com.thealgorithms.scheduling.RRSchedulingTest
[64c9ea4a-5234-4968-aa9e-0ccdd40f93c0/build]   | [INFO] Tests run: 1, Failures: 0, Errors: 0, Skipped: 0, Time elapsed: 0 s - in com.thealgorithms.scheduling.RRSchedulingTest
[64c9ea4a-5234-4968-aa9e-0ccdd40f93c0/build]   | [INFO] Running com.thealgorithms.divideandconquer.StrassenMatrixMultiplicationTest
[64c9ea4a-5234-4968-aa9e-0ccdd40f93c0/build]   | [INFO] Tests run: 3, Failures: 0, Errors: 0, Skipped: 0, Time elapsed: 0.001 s - in com.thealgorithms.divideandconquer.StrassenMatrixMultiplicationTest
[64c9ea4a-5234-4968-aa9e-0ccdd40f93c0/build]   | [INFO] Running com.thealgorithms.divideandconquer.BinaryExponentiationTest
[64c9ea4a-5234-4968-aa9e-0ccdd40f93c0/build]   | [INFO] Tests run: 2, Failures: 0, Errors: 0, Skipped: 0, Time elapsed: 0 s - in com.thealgorithms.divideandconquer.BinaryExponentiationTest
[64c9ea4a-5234-4968-aa9e-0ccdd40f93c0/build]   | [INFO] Running com.thealgorithms.others.NextFitCPUTest
[64c9ea4a-5234-4968-aa9e-0ccdd40f93c0/build]   | [INFO] Tests run: 5, Failures: 0, Errors: 0, Skipped: 0, Time elapsed: 0.005 s - in com.thealgorithms.others.NextFitCPUTest
[64c9ea4a-5234-4968-aa9e-0ccdd40f93c0/build]   | [INFO] Running com.thealgorithms.others.NewManShanksPrimeTest
[64c9ea4a-5234-4968-aa9e-0ccdd40f93c0/build]   | [INFO] Tests run: 8, Failures: 0, Errors: 0, Skipped: 0, Time elapsed: 0.005 s - in com.thealgorithms.others.NewManShanksPrimeTest
[64c9ea4a-5234-4968-aa9e-0ccdd40f93c0/build]   | [INFO] Running com.thealgorithms.others.CalculateMaxOfMinTest
[64c9ea4a-5234-4968-aa9e-0ccdd40f93c0/build]   | [INFO] Tests run: 7, Failures: 0, Errors: 0, Skipped: 0, Time elapsed: 0.004 s - in com.thealgorithms.others.CalculateMaxOfMinTest
[64c9ea4a-5234-4968-aa9e-0ccdd40f93c0/build]   | [INFO] Running com.thealgorithms.others.WorstFitCPUTest
[64c9ea4a-5234-4968-aa9e-0ccdd40f93c0/build]   | [INFO] Tests run: 6, Failures: 0, Errors: 0, Skipped: 0, Time elapsed: 0.005 s - in com.thealgorithms.others.WorstFitCPUTest
[64c9ea4a-5234-4968-aa9e-0ccdd40f93c0/build]   | [INFO] Running com.thealgorithms.others.TestPrintMatrixInSpiralOrder
[64c9ea4a-5234-4968-aa9e-0ccdd40f93c0/build]   | [INFO] Tests run: 2, Failures: 0, Errors: 0, Skipped: 0, Time elapsed: 0.002 s - in com.thealgorithms.others.TestPrintMatrixInSpiralOrder
[64c9ea4a-5234-4968-aa9e-0ccdd40f93c0/build]   | [INFO] Running com.thealgorithms.others.CRCAlgorithmTest
[64c9ea4a-5234-4968-aa9e-0ccdd40f93c0/build]   | [INFO] Tests run: 2, Failures: 0, Errors: 0, Skipped: 0, Time elapsed: 0.001 s - in com.thealgorithms.others.CRCAlgorithmTest
[64c9ea4a-5234-4968-aa9e-0ccdd40f93c0/build]   | [INFO] Running com.thealgorithms.others.CountFriendsPairingTest
[64c9ea4a-5234-4968-aa9e-0ccdd40f93c0/build]   | [INFO] Tests run: 8, Failures: 0, Errors: 0, Skipped: 0, Time elapsed: 0.004 s - in com.thealgorithms.others.CountFriendsPairingTest
[64c9ea4a-5234-4968-aa9e-0ccdd40f93c0/build]   | [INFO] Running com.thealgorithms.others.ArrayLeftRotationTest
[64c9ea4a-5234-4968-aa9e-0ccdd40f93c0/build]   | [INFO] Tests run: 5, Failures: 0, Errors: 0, Skipped: 0, Time elapsed: 0.003 s - in com.thealgorithms.others.ArrayLeftRotationTest
[64c9ea4a-5234-4968-aa9e-0ccdd40f93c0/build]   | [INFO] Running com.thealgorithms.others.ConwayTest
[64c9ea4a-5234-4968-aa9e-0ccdd40f93c0/build]   | [INFO] Tests run: 6, Failures: 0, Errors: 0, Skipped: 0, Time elapsed: 0.047 s - in com.thealgorithms.others.ConwayTest
[64c9ea4a-5234-4968-aa9e-0ccdd40f93c0/build]   | [INFO] Running com.thealgorithms.others.UniquePathsTests
[64c9ea4a-5234-4968-aa9e-0ccdd40f93c0/build]   | [INFO] Tests run: 8, Failures: 0, Errors: 0, Skipped: 0, Time elapsed: 0.003 s - in com.thealgorithms.others.UniquePathsTests
[64c9ea4a-5234-4968-aa9e-0ccdd40f93c0/build]   | [INFO] Running com.thealgorithms.others.TwoPointersTest
[64c9ea4a-5234-4968-aa9e-0ccdd40f93c0/build]   | [INFO] Tests run: 5, Failures: 0, Errors: 0, Skipped: 0, Time elapsed: 0.002 s - in com.thealgorithms.others.TwoPointersTest
[64c9ea4a-5234-4968-aa9e-0ccdd40f93c0/build]   | [INFO] Running com.thealgorithms.others.CountCharTest
[64c9ea4a-5234-4968-aa9e-0ccdd40f93c0/build]   | [INFO] Tests run: 1, Failures: 0, Errors: 0, Skipped: 0, Time elapsed: 0 s - in com.thealgorithms.others.CountCharTest
[64c9ea4a-5234-4968-aa9e-0ccdd40f93c0/build]   | [INFO] Running com.thealgorithms.others.PasswordGenTest
[64c9ea4a-5234-4968-aa9e-0ccdd40f93c0/build]   | [INFO] Tests run: 4, Failures: 0, Errors: 0, Skipped: 0, Time elapsed: 0.013 s - in com.thealgorithms.others.PasswordGenTest
[64c9ea4a-5234-4968-aa9e-0ccdd40f93c0/build]   | [INFO] Running com.thealgorithms.others.countSetBitsTest
[64c9ea4a-5234-4968-aa9e-0ccdd40f93c0/build]   | [INFO] Tests run: 1, Failures: 0, Errors: 0, Skipped: 0, Time elapsed: 0 s - in com.thealgorithms.others.countSetBitsTest
[64c9ea4a-5234-4968-aa9e-0ccdd40f93c0/build]   | [INFO] Running com.thealgorithms.others.LinkListSortTest
[64c9ea4a-5234-4968-aa9e-0ccdd40f93c0/build]   | [INFO] Tests run: 8, Failures: 0, Errors: 0, Skipped: 0, Time elapsed: 0.004 s - in com.thealgorithms.others.LinkListSortTest
[64c9ea4a-5234-4968-aa9e-0ccdd40f93c0/build]   | [INFO] Running com.thealgorithms.others.FirstFitCPUTest
[64c9ea4a-5234-4968-aa9e-0ccdd40f93c0/build]   | [INFO] Tests run: 5, Failures: 0, Errors: 0, Skipped: 0, Time elapsed: 0.002 s - in com.thealgorithms.others.FirstFitCPUTest
[64c9ea4a-5234-4968-aa9e-0ccdd40f93c0/build]   | [INFO] Running com.thealgorithms.others.CRC16Test
[64c9ea4a-5234-4968-aa9e-0ccdd40f93c0/build]   | [INFO] Tests run: 1, Failures: 0, Errors: 0, Skipped: 0, Time elapsed: 0 s - in com.thealgorithms.others.CRC16Test
[64c9ea4a-5234-4968-aa9e-0ccdd40f93c0/build]   | [INFO] Running com.thealgorithms.others.BestFitCPUTest
[64c9ea4a-5234-4968-aa9e-0ccdd40f93c0/build]   | [INFO] Tests run: 5, Failures: 0, Errors: 0, Skipped: 0, Time elapsed: 0.003 s - in com.thealgorithms.others.BestFitCPUTest
[64c9ea4a-5234-4968-aa9e-0ccdd40f93c0/build]   | [INFO] Running com.thealgorithms.others.LineSweepTest
[64c9ea4a-5234-4968-aa9e-0ccdd40f93c0/build]   | [INFO] Tests run: 4, Failures: 0, Errors: 0, Skipped: 0, Time elapsed: 0.002 s - in com.thealgorithms.others.LineSweepTest
[64c9ea4a-5234-4968-aa9e-0ccdd40f93c0/build]   | [INFO] Running com.thealgorithms.others.KadaneAlogrithmTest
[64c9ea4a-5234-4968-aa9e-0ccdd40f93c0/build]   | [INFO] Tests run: 8, Failures: 0, Errors: 0, Skipped: 0, Time elapsed: 0.002 s - in com.thealgorithms.others.KadaneAlogrithmTest
[64c9ea4a-5234-4968-aa9e-0ccdd40f93c0/build]   | [INFO] Running com.thealgorithms.others.cn.HammingDistanceTest
[64c9ea4a-5234-4968-aa9e-0ccdd40f93c0/build]   | Total Error bit count 2
[64c9ea4a-5234-4968-aa9e-0ccdd40f93c0/build]   | Total Error bit count 7
[64c9ea4a-5234-4968-aa9e-0ccdd40f93c0/build]   | Total Error bit count 3
[64c9ea4a-5234-4968-aa9e-0ccdd40f93c0/build]   | No Error bit in data segments
[64c9ea4a-5234-4968-aa9e-0ccdd40f93c0/build]   | No Error bit in data segments
[64c9ea4a-5234-4968-aa9e-0ccdd40f93c0/build]   | [INFO] Tests run: 6, Failures: 0, Errors: 0, Skipped: 0, Time elapsed: 0.058 s - in com.thealgorithms.others.cn.HammingDistanceTest
[64c9ea4a-5234-4968-aa9e-0ccdd40f93c0/build]   | [INFO] Running com.thealgorithms.dynamicprogramming.EggDroppingTest
[64c9ea4a-5234-4968-aa9e-0ccdd40f93c0/build]   | [INFO] Tests run: 4, Failures: 0, Errors: 0, Skipped: 0, Time elapsed: 0.012 s - in com.thealgorithms.dynamicprogramming.EggDroppingTest
[64c9ea4a-5234-4968-aa9e-0ccdd40f93c0/build]   | [INFO] Running com.thealgorithms.dynamicprogramming.climbStairsTest
[64c9ea4a-5234-4968-aa9e-0ccdd40f93c0/build]   | [INFO] Tests run: 5, Failures: 0, Errors: 0, Skipped: 0, Time elapsed: 0.002 s - in com.thealgorithms.dynamicprogramming.climbStairsTest
[64c9ea4a-5234-4968-aa9e-0ccdd40f93c0/build]   | [INFO] Running com.thealgorithms.dynamicprogramming.CatalanNumberTest
[64c9ea4a-5234-4968-aa9e-0ccdd40f93c0/build]   | [INFO] Tests run: 1, Failures: 0, Errors: 0, Skipped: 0, Time elapsed: 0 s - in com.thealgorithms.dynamicprogramming.CatalanNumberTest
[64c9ea4a-5234-4968-aa9e-0ccdd40f93c0/build]   | [INFO] Running com.thealgorithms.dynamicprogramming.OptimalJobSchedulingTest
[64c9ea4a-5234-4968-aa9e-0ccdd40f93c0/build]   | 5 1 3 2 
[64c9ea4a-5234-4968-aa9e-0ccdd40f93c0/build]   | 6 3 4 5 
[64c9ea4a-5234-4968-aa9e-0ccdd40f93c0/build]   | 5 8 6 6 
[64c9ea4a-5234-4968-aa9e-0ccdd40f93c0/build]   | 7 9 10 8 
[64c9ea4a-5234-4968-aa9e-0ccdd40f93c0/build]   | 8 9 12 9 
[64c9ea4a-5234-4968-aa9e-0ccdd40f93c0/build]   | 
[64c9ea4a-5234-4968-aa9e-0ccdd40f93c0/build]   | 5 1 3 
[64c9ea4a-5234-4968-aa9e-0ccdd40f93c0/build]   | 6 3 4 
[64c9ea4a-5234-4968-aa9e-0ccdd40f93c0/build]   | 5 8 6 
[64c9ea4a-5234-4968-aa9e-0ccdd40f93c0/build]   | 
[64c9ea4a-5234-4968-aa9e-0ccdd40f93c0/build]   | 5 1 3 2 
[64c9ea4a-5234-4968-aa9e-0ccdd40f93c0/build]   | 6 3 4 3 
[64c9ea4a-5234-4968-aa9e-0ccdd40f93c0/build]   | 5 8 6 9 
[64c9ea4a-5234-4968-aa9e-0ccdd40f93c0/build]   | 6 7 8 9 
[64c9ea4a-5234-4968-aa9e-0ccdd40f93c0/build]   | 8 8 12 13 
[64c9ea4a-5234-4968-aa9e-0ccdd40f93c0/build]   | 11 10 12 12 
[64c9ea4a-5234-4968-aa9e-0ccdd40f93c0/build]   | 
[64c9ea4a-5234-4968-aa9e-0ccdd40f93c0/build]   | [INFO] Tests run: 3, Failures: 0, Errors: 0, Skipped: 0, Time elapsed: 0.004 s - in com.thealgorithms.dynamicprogramming.OptimalJobSchedulingTest
[64c9ea4a-5234-4968-aa9e-0ccdd40f93c0/build]   | [INFO] Running com.thealgorithms.dynamicprogramming.KnapsackMemoizationTest
[64c9ea4a-5234-4968-aa9e-0ccdd40f93c0/build]   | [INFO] Tests run: 3, Failures: 0, Errors: 0, Skipped: 0, Time elapsed: 0.001 s - in com.thealgorithms.dynamicprogramming.KnapsackMemoizationTest
[64c9ea4a-5234-4968-aa9e-0ccdd40f93c0/build]   | [INFO] Running com.thealgorithms.dynamicprogramming.LevenshteinDistanceTests
[64c9ea4a-5234-4968-aa9e-0ccdd40f93c0/build]   | [INFO] Tests run: 4, Failures: 0, Errors: 0, Skipped: 0, Time elapsed: 0.073 s - in com.thealgorithms.dynamicprogramming.LevenshteinDistanceTests
[64c9ea4a-5234-4968-aa9e-0ccdd40f93c0/build]   | [INFO] Running com.thealgorithms.dynamicprogramming.SubsetCountTest
[64c9ea4a-5234-4968-aa9e-0ccdd40f93c0/build]   | [INFO] Tests run: 4, Failures: 0, Errors: 0, Skipped: 0, Time elapsed: 0.001 s - in com.thealgorithms.dynamicprogramming.SubsetCountTest
[64c9ea4a-5234-4968-aa9e-0ccdd40f93c0/build]   | [INFO] Running com.thealgorithms.dynamicprogramming.PartitionProblemTest
[64c9ea4a-5234-4968-aa9e-0ccdd40f93c0/build]   | [INFO] Tests run: 4, Failures: 0, Errors: 0, Skipped: 0, Time elapsed: 0.002 s - in com.thealgorithms.dynamicprogramming.PartitionProblemTest
[64c9ea4a-5234-4968-aa9e-0ccdd40f93c0/build]   | [INFO] Running com.thealgorithms.strings.MyAtoiTest
[64c9ea4a-5234-4968-aa9e-0ccdd40f93c0/build]   | [INFO] Tests run: 7, Failures: 0, Errors: 0, Skipped: 0, Time elapsed: 0.013 s - in com.thealgorithms.strings.MyAtoiTest
[64c9ea4a-5234-4968-aa9e-0ccdd40f93c0/build]   | [INFO] Running com.thealgorithms.strings.WordLadderTest
[64c9ea4a-5234-4968-aa9e-0ccdd40f93c0/build]   | [INFO] Tests run: 1, Failures: 0, Errors: 0, Skipped: 0, Time elapsed: 0.001 s - in com.thealgorithms.strings.WordLadderTest
[64c9ea4a-5234-4968-aa9e-0ccdd40f93c0/build]   | [INFO] Running com.thealgorithms.strings.RotationTest
[64c9ea4a-5234-4968-aa9e-0ccdd40f93c0/build]   | [INFO] Tests run: 1, Failures: 0, Errors: 0, Skipped: 0, Time elapsed: 0.001 s - in com.thealgorithms.strings.RotationTest
[64c9ea4a-5234-4968-aa9e-0ccdd40f93c0/build]   | [INFO] Running com.thealgorithms.strings.ReverseStringRecursiveTest
[64c9ea4a-5234-4968-aa9e-0ccdd40f93c0/build]   | [INFO] Tests run: 3, Failures: 0, Errors: 0, Skipped: 0, Time elapsed: 0.001 s - in com.thealgorithms.strings.ReverseStringRecursiveTest
[64c9ea4a-5234-4968-aa9e-0ccdd40f93c0/build]   | [INFO] Running com.thealgorithms.strings.HorspoolSearchTest
[64c9ea4a-5234-4968-aa9e-0ccdd40f93c0/build]   | [INFO] Tests run: 13, Failures: 0, Errors: 0, Skipped: 0, Time elapsed: 0.007 s - in com.thealgorithms.strings.HorspoolSearchTest
[64c9ea4a-5234-4968-aa9e-0ccdd40f93c0/build]   | [INFO] Running com.thealgorithms.strings.longestNonRepeativeSubstringTest
[64c9ea4a-5234-4968-aa9e-0ccdd40f93c0/build]   | [INFO] Tests run: 1, Failures: 0, Errors: 0, Skipped: 0, Time elapsed: 0 s - in com.thealgorithms.strings.longestNonRepeativeSubstringTest
[64c9ea4a-5234-4968-aa9e-0ccdd40f93c0/build]   | [INFO] Running com.thealgorithms.strings.LetterCombinationsOfPhoneNumberTest
[64c9ea4a-5234-4968-aa9e-0ccdd40f93c0/build]   | [INFO] Tests run: 1, Failures: 0, Errors: 0, Skipped: 0, Time elapsed: 0 s - in com.thealgorithms.strings.LetterCombinationsOfPhoneNumberTest
[64c9ea4a-5234-4968-aa9e-0ccdd40f93c0/build]   | [INFO] Running com.thealgorithms.strings.ReverseStringTest
[64c9ea4a-5234-4968-aa9e-0ccdd40f93c0/build]   | [INFO] Tests run: 1, Failures: 0, Errors: 0, Skipped: 0, Time elapsed: 0 s - in com.thealgorithms.strings.ReverseStringTest
[64c9ea4a-5234-4968-aa9e-0ccdd40f93c0/build]   | [INFO] Running com.thealgorithms.strings.LowerTest
[64c9ea4a-5234-4968-aa9e-0ccdd40f93c0/build]   | [INFO] Tests run: 1, Failures: 0, Errors: 0, Skipped: 0, Time elapsed: 0 s - in com.thealgorithms.strings.LowerTest
[64c9ea4a-5234-4968-aa9e-0ccdd40f93c0/build]   | [INFO] Running com.thealgorithms.strings.UpperTest
[64c9ea4a-5234-4968-aa9e-0ccdd40f93c0/build]   | [INFO] Tests run: 1, Failures: 0, Errors: 0, Skipped: 0, Time elapsed: 0.001 s - in com.thealgorithms.strings.UpperTest
[64c9ea4a-5234-4968-aa9e-0ccdd40f93c0/build]   | [INFO] Running com.thealgorithms.strings.CheckVowelsTest
[64c9ea4a-5234-4968-aa9e-0ccdd40f93c0/build]   | [INFO] Tests run: 1, Failures: 0, Errors: 0, Skipped: 0, Time elapsed: 0 s - in com.thealgorithms.strings.CheckVowelsTest
[64c9ea4a-5234-4968-aa9e-0ccdd40f93c0/build]   | [INFO] Running com.thealgorithms.strings.CharacterSameTest
[64c9ea4a-5234-4968-aa9e-0ccdd40f93c0/build]   | [INFO] Tests run: 1, Failures: 0, Errors: 0, Skipped: 0, Time elapsed: 0 s - in com.thealgorithms.strings.CharacterSameTest
[64c9ea4a-5234-4968-aa9e-0ccdd40f93c0/build]   | [INFO] Running com.thealgorithms.strings.AnagramsTest
[64c9ea4a-5234-4968-aa9e-0ccdd40f93c0/build]   | [INFO] Tests run: 1, Failures: 0, Errors: 0, Skipped: 0, Time elapsed: 0 s - in com.thealgorithms.strings.AnagramsTest
[64c9ea4a-5234-4968-aa9e-0ccdd40f93c0/build]   | [INFO] Running com.thealgorithms.strings.StringCompressionTest
[64c9ea4a-5234-4968-aa9e-0ccdd40f93c0/build]   | [INFO] Tests run: 4, Failures: 0, Errors: 0, Skipped: 0, Time elapsed: 0.009 s - in com.thealgorithms.strings.StringCompressionTest
[64c9ea4a-5234-4968-aa9e-0ccdd40f93c0/build]   | [INFO] Running com.thealgorithms.strings.HammingDistanceTest
[64c9ea4a-5234-4968-aa9e-0ccdd40f93c0/build]   | [INFO] Tests run: 2, Failures: 0, Errors: 0, Skipped: 0, Time elapsed: 0.002 s - in com.thealgorithms.strings.HammingDistanceTest
[64c9ea4a-5234-4968-aa9e-0ccdd40f93c0/build]   | [INFO] Running com.thealgorithms.strings.ValidParenthesesTest
[64c9ea4a-5234-4968-aa9e-0ccdd40f93c0/build]   | [INFO] Tests run: 3, Failures: 0, Errors: 0, Skipped: 0, Time elapsed: 0.001 s - in com.thealgorithms.strings.ValidParenthesesTest
[64c9ea4a-5234-4968-aa9e-0ccdd40f93c0/build]   | [INFO] Running com.thealgorithms.strings.CheckAnagramsTest
[64c9ea4a-5234-4968-aa9e-0ccdd40f93c0/build]   | [INFO] Tests run: 4, Failures: 0, Errors: 0, Skipped: 0, Time elapsed: 0.001 s - in com.thealgorithms.strings.CheckAnagramsTest
[64c9ea4a-5234-4968-aa9e-0ccdd40f93c0/build]   | [INFO] Running com.thealgorithms.strings.PalindromeTest
[64c9ea4a-5234-4968-aa9e-0ccdd40f93c0/build]   | [INFO] Tests run: 1, Failures: 0, Errors: 0, Skipped: 0, Time elapsed: 0 s - in com.thealgorithms.strings.PalindromeTest
[64c9ea4a-5234-4968-aa9e-0ccdd40f93c0/build]   | [INFO] Running com.thealgorithms.strings.AlphabeticalTest
[64c9ea4a-5234-4968-aa9e-0ccdd40f93c0/build]   | [INFO] Tests run: 1, Failures: 0, Errors: 0, Skipped: 0, Time elapsed: 0 s - in com.thealgorithms.strings.AlphabeticalTest
[64c9ea4a-5234-4968-aa9e-0ccdd40f93c0/build]   | [INFO] Running com.thealgorithms.strings.zigZagPattern.zigZagPatternTest
[64c9ea4a-5234-4968-aa9e-0ccdd40f93c0/build]   | [INFO] Tests run: 1, Failures: 0, Errors: 0, Skipped: 0, Time elapsed: 0 s - in com.thealgorithms.strings.zigZagPattern.zigZagPatternTest
[64c9ea4a-5234-4968-aa9e-0ccdd40f93c0/build]   | [INFO] Running com.thealgorithms.strings.PangramTest
[64c9ea4a-5234-4968-aa9e-0ccdd40f93c0/build]   | [INFO] Tests run: 1, Failures: 0, Errors: 0, Skipped: 0, Time elapsed: 0.001 s - in com.thealgorithms.strings.PangramTest
[64c9ea4a-5234-4968-aa9e-0ccdd40f93c0/build]   | [INFO] Running com.thealgorithms.backtracking.ArrayCombinationTest
[64c9ea4a-5234-4968-aa9e-0ccdd40f93c0/build]   | [INFO] Tests run: 5, Failures: 0, Errors: 0, Skipped: 0, Time elapsed: 0.007 s - in com.thealgorithms.backtracking.ArrayCombinationTest
[64c9ea4a-5234-4968-aa9e-0ccdd40f93c0/build]   | [INFO] Running com.thealgorithms.backtracking.PermutationTest
[64c9ea4a-5234-4968-aa9e-0ccdd40f93c0/build]   | [INFO] Tests run: 3, Failures: 0, Errors: 0, Skipped: 0, Time elapsed: 0 s - in com.thealgorithms.backtracking.PermutationTest
[64c9ea4a-5234-4968-aa9e-0ccdd40f93c0/build]   | [INFO] Running com.thealgorithms.backtracking.CombinationTest
[64c9ea4a-5234-4968-aa9e-0ccdd40f93c0/build]   | [INFO] Tests run: 3, Failures: 0, Errors: 0, Skipped: 0, Time elapsed: 0.001 s - in com.thealgorithms.backtracking.CombinationTest
[64c9ea4a-5234-4968-aa9e-0ccdd40f93c0/build]   | [INFO] Running com.thealgorithms.backtracking.FloodFillTest
[64c9ea4a-5234-4968-aa9e-0ccdd40f93c0/build]   | [INFO] Tests run: 5, Failures: 0, Errors: 0, Skipped: 0, Time elapsed: 0.002 s - in com.thealgorithms.backtracking.FloodFillTest
[64c9ea4a-5234-4968-aa9e-0ccdd40f93c0/build]   | [INFO] Running com.thealgorithms.backtracking.WordSearchTest
[64c9ea4a-5234-4968-aa9e-0ccdd40f93c0/build]   | [INFO] Tests run: 3, Failures: 0, Errors: 0, Skipped: 0, Time elapsed: 0 s - in com.thealgorithms.backtracking.WordSearchTest
[64c9ea4a-5234-4968-aa9e-0ccdd40f93c0/build]   | [INFO] Running com.thealgorithms.backtracking.AllPathsFromSourceToTargetTest
[64c9ea4a-5234-4968-aa9e-0ccdd40f93c0/build]   | [INFO] Tests run: 4, Failures: 0, Errors: 0, Skipped: 0, Time elapsed: 0.002 s - in com.thealgorithms.backtracking.AllPathsFromSourceToTargetTest
[64c9ea4a-5234-4968-aa9e-0ccdd40f93c0/build]   | [INFO] Running com.thealgorithms.backtracking.PowerSumTest
[64c9ea4a-5234-4968-aa9e-0ccdd40f93c0/build]   | [INFO] Tests run: 3, Failures: 0, Errors: 0, Skipped: 0, Time elapsed: 0.004 s - in com.thealgorithms.backtracking.PowerSumTest
[64c9ea4a-5234-4968-aa9e-0ccdd40f93c0/build]   | [INFO] Running com.thealgorithms.backtracking.MazeRecursionTest
[64c9ea4a-5234-4968-aa9e-0ccdd40f93c0/build]   | [INFO] Tests run: 1, Failures: 0, Errors: 0, Skipped: 0, Time elapsed: 0 s - in com.thealgorithms.backtracking.MazeRecursionTest
[64c9ea4a-5234-4968-aa9e-0ccdd40f93c0/build]   | [INFO] Running com.thealgorithms.sorts.HeapSortTest
[64c9ea4a-5234-4968-aa9e-0ccdd40f93c0/build]   | [INFO] Tests run: 16, Failures: 0, Errors: 0, Skipped: 0, Time elapsed: 0.013 s - in com.thealgorithms.sorts.HeapSortTest
[64c9ea4a-5234-4968-aa9e-0ccdd40f93c0/build]   | [INFO] Running com.thealgorithms.sorts.DualPivotQuickSortTest
[64c9ea4a-5234-4968-aa9e-0ccdd40f93c0/build]   | [INFO] Tests run: 6, Failures: 0, Errors: 0, Skipped: 0, Time elapsed: 0.002 s - in com.thealgorithms.sorts.DualPivotQuickSortTest
[64c9ea4a-5234-4968-aa9e-0ccdd40f93c0/build]   | [INFO] Running com.thealgorithms.sorts.BeadSortTest
[64c9ea4a-5234-4968-aa9e-0ccdd40f93c0/build]   | [INFO] Tests run: 4, Failures: 0, Errors: 0, Skipped: 0, Time elapsed: 0.002 s - in com.thealgorithms.sorts.BeadSortTest
[64c9ea4a-5234-4968-aa9e-0ccdd40f93c0/build]   | [INFO] Running com.thealgorithms.sorts.StrandSortTest
[64c9ea4a-5234-4968-aa9e-0ccdd40f93c0/build]   | [INFO] Tests run: 2, Failures: 0, Errors: 0, Skipped: 0, Time elapsed: 0.001 s - in com.thealgorithms.sorts.StrandSortTest
[64c9ea4a-5234-4968-aa9e-0ccdd40f93c0/build]   | [INFO] Running com.thealgorithms.sorts.InsertionSortTest
[64c9ea4a-5234-4968-aa9e-0ccdd40f93c0/build]   | [INFO] Tests run: 7, Failures: 0, Errors: 0, Skipped: 0, Time elapsed: 0.277 s - in com.thealgorithms.sorts.InsertionSortTest
[64c9ea4a-5234-4968-aa9e-0ccdd40f93c0/build]   | [INFO] Running com.thealgorithms.sorts.IntrospectiveSortTest
[64c9ea4a-5234-4968-aa9e-0ccdd40f93c0/build]   | [INFO] Tests run: 7, Failures: 0, Errors: 0, Skipped: 0, Time elapsed: 0.002 s - in com.thealgorithms.sorts.IntrospectiveSortTest
[64c9ea4a-5234-4968-aa9e-0ccdd40f93c0/build]   | [INFO] Running com.thealgorithms.sorts.SimpleSortTest
[64c9ea4a-5234-4968-aa9e-0ccdd40f93c0/build]   | [INFO] Tests run: 7, Failures: 0, Errors: 0, Skipped: 0, Time elapsed: 0.002 s - in com.thealgorithms.sorts.SimpleSortTest
[64c9ea4a-5234-4968-aa9e-0ccdd40f93c0/build]   | [INFO] Running com.thealgorithms.sorts.BogoSortTest
[64c9ea4a-5234-4968-aa9e-0ccdd40f93c0/build]   | [INFO] Tests run: 7, Failures: 0, Errors: 0, Skipped: 0, Time elapsed: 0.006 s - in com.thealgorithms.sorts.BogoSortTest
[64c9ea4a-5234-4968-aa9e-0ccdd40f93c0/build]   | [INFO] Running com.thealgorithms.sorts.DutchNationalFlagSortTest
[64c9ea4a-5234-4968-aa9e-0ccdd40f93c0/build]   | [INFO] Tests run: 8, Failures: 0, Errors: 0, Skipped: 0, Time elapsed: 0.002 s - in com.thealgorithms.sorts.DutchNationalFlagSortTest
[64c9ea4a-5234-4968-aa9e-0ccdd40f93c0/build]   | [INFO] Running com.thealgorithms.sorts.BubbleSortTest
[64c9ea4a-5234-4968-aa9e-0ccdd40f93c0/build]   | [INFO] Tests run: 5, Failures: 0, Errors: 0, Skipped: 0, Time elapsed: 0 s - in com.thealgorithms.sorts.BubbleSortTest
[64c9ea4a-5234-4968-aa9e-0ccdd40f93c0/build]   | [INFO] Running com.thealgorithms.sorts.CombSortTest
[64c9ea4a-5234-4968-aa9e-0ccdd40f93c0/build]   | [INFO] Tests run: 5, Failures: 0, Errors: 0, Skipped: 0, Time elapsed: 0.003 s - in com.thealgorithms.sorts.CombSortTest
[64c9ea4a-5234-4968-aa9e-0ccdd40f93c0/build]   | [INFO] Running com.thealgorithms.sorts.TopologicalSortTest
[64c9ea4a-5234-4968-aa9e-0ccdd40f93c0/build]   | [INFO] Tests run: 2, Failures: 0, Errors: 0, Skipped: 0, Time elapsed: 0.008 s - in com.thealgorithms.sorts.TopologicalSortTest
[64c9ea4a-5234-4968-aa9e-0ccdd40f93c0/build]   | [INFO] Running com.thealgorithms.sorts.TreeSortTest
[64c9ea4a-5234-4968-aa9e-0ccdd40f93c0/build]   | [INFO] Tests run: 5, Failures: 0, Errors: 0, Skipped: 0, Time elapsed: 0.005 s - in com.thealgorithms.sorts.TreeSortTest
[64c9ea4a-5234-4968-aa9e-0ccdd40f93c0/build]   | [INFO] Running com.thealgorithms.sorts.BinaryInsertionSortTest
[64c9ea4a-5234-4968-aa9e-0ccdd40f93c0/build]   | [INFO] Tests run: 2, Failures: 0, Errors: 0, Skipped: 0, Time elapsed: 0 s - in com.thealgorithms.sorts.BinaryInsertionSortTest
[64c9ea4a-5234-4968-aa9e-0ccdd40f93c0/build]   | [INFO] Running com.thealgorithms.sorts.OddEvenSortTest
[64c9ea4a-5234-4968-aa9e-0ccdd40f93c0/build]   | [INFO] Tests run: 3, Failures: 0, Errors: 0, Skipped: 0, Time elapsed: 0 s - in com.thealgorithms.sorts.OddEvenSortTest
[64c9ea4a-5234-4968-aa9e-0ccdd40f93c0/build]   | [INFO] Running com.thealgorithms.sorts.SortUtilsRandomGeneratorTest
[64c9ea4a-5234-4968-aa9e-0ccdd40f93c0/build]   | [INFO] Tests run: 2001, Failures: 0, Errors: 0, Skipped: 0, Time elapsed: 0.457 s - in com.thealgorithms.sorts.SortUtilsRandomGeneratorTest
[64c9ea4a-5234-4968-aa9e-0ccdd40f93c0/build]   | [INFO] Running com.thealgorithms.sorts.TimSortTest
[64c9ea4a-5234-4968-aa9e-0ccdd40f93c0/build]   | [INFO] Tests run: 16, Failures: 0, Errors: 0, Skipped: 0, Time elapsed: 0 s - in com.thealgorithms.sorts.TimSortTest
[64c9ea4a-5234-4968-aa9e-0ccdd40f93c0/build]   | [INFO] Running com.thealgorithms.sorts.SortUtilsTest
[64c9ea4a-5234-4968-aa9e-0ccdd40f93c0/build]   | [INFO] Tests run: 6, Failures: 0, Errors: 0, Skipped: 0, Time elapsed: 0 s - in com.thealgorithms.sorts.SortUtilsTest
[64c9ea4a-5234-4968-aa9e-0ccdd40f93c0/build]   | [INFO] Running com.thealgorithms.sorts.SlowSortTest
[64c9ea4a-5234-4968-aa9e-0ccdd40f93c0/build]   | [INFO] Tests run: 8, Failures: 0, Errors: 0, Skipped: 0, Time elapsed: 0 s - in com.thealgorithms.sorts.SlowSortTest
[64c9ea4a-5234-4968-aa9e-0ccdd40f93c0/build]   | [INFO] Running com.thealgorithms.sorts.MergeSortRecursiveTest
[64c9ea4a-5234-4968-aa9e-0ccdd40f93c0/build]   | [INFO] Tests run: 2, Failures: 0, Errors: 0, Skipped: 0, Time elapsed: 0 s - in com.thealgorithms.sorts.MergeSortRecursiveTest
[64c9ea4a-5234-4968-aa9e-0ccdd40f93c0/build]   | [INFO] Running com.thealgorithms.sorts.WiggleSortTest
[64c9ea4a-5234-4968-aa9e-0ccdd40f93c0/build]   | [2, 5, 1, 2, 1, 2]
[64c9ea4a-5234-4968-aa9e-0ccdd40f93c0/build]   | [INFO] Tests run: 7, Failures: 0, Errors: 0, Skipped: 0, Time elapsed: 0.001 s - in com.thealgorithms.sorts.WiggleSortTest
[64c9ea4a-5234-4968-aa9e-0ccdd40f93c0/build]   | [INFO] Running com.thealgorithms.sorts.CocktailShakerSortTest
[64c9ea4a-5234-4968-aa9e-0ccdd40f93c0/build]   | [INFO] Tests run: 4, Failures: 0, Errors: 0, Skipped: 0, Time elapsed: 0 s - in com.thealgorithms.sorts.CocktailShakerSortTest
[64c9ea4a-5234-4968-aa9e-0ccdd40f93c0/build]   | [INFO] Running com.thealgorithms.sorts.BucketSortTest
[64c9ea4a-5234-4968-aa9e-0ccdd40f93c0/build]   | [INFO] Tests run: 5, Failures: 0, Errors: 0, Skipped: 0, Time elapsed: 0 s - in com.thealgorithms.sorts.BucketSortTest
[64c9ea4a-5234-4968-aa9e-0ccdd40f93c0/build]   | [INFO] Running com.thealgorithms.sorts.MergeSortTest
[64c9ea4a-5234-4968-aa9e-0ccdd40f93c0/build]   | [INFO] Tests run: 16, Failures: 0, Errors: 0, Skipped: 0, Time elapsed: 0 s - in com.thealgorithms.sorts.MergeSortTest
[64c9ea4a-5234-4968-aa9e-0ccdd40f93c0/build]   | [INFO] Running com.thealgorithms.sorts.ShellSortTest
[64c9ea4a-5234-4968-aa9e-0ccdd40f93c0/build]   | [INFO] Tests run: 7, Failures: 0, Errors: 0, Skipped: 0, Time elapsed: 0 s - in com.thealgorithms.sorts.ShellSortTest
[64c9ea4a-5234-4968-aa9e-0ccdd40f93c0/build]   | [INFO] Running com.thealgorithms.sorts.SelectionSortTest
[64c9ea4a-5234-4968-aa9e-0ccdd40f93c0/build]   | [INFO] Tests run: 3, Failures: 0, Errors: 0, Skipped: 0, Time elapsed: 0 s - in com.thealgorithms.sorts.SelectionSortTest
[64c9ea4a-5234-4968-aa9e-0ccdd40f93c0/build]   | [INFO] Running com.thealgorithms.sorts.QuickSortTest
[64c9ea4a-5234-4968-aa9e-0ccdd40f93c0/build]   | [INFO] Tests run: 16, Failures: 0, Errors: 0, Skipped: 0, Time elapsed: 0.009 s - in com.thealgorithms.sorts.QuickSortTest
[64c9ea4a-5234-4968-aa9e-0ccdd40f93c0/build]   | [INFO] Running com.thealgorithms.ciphers.DESTest
[64c9ea4a-5234-4968-aa9e-0ccdd40f93c0/build]   | [INFO] Tests run: 2, Failures: 0, Errors: 0, Skipped: 0, Time elapsed: 0.005 s - in com.thealgorithms.ciphers.DESTest
[64c9ea4a-5234-4968-aa9e-0ccdd40f93c0/build]   | [INFO] Running com.thealgorithms.ciphers.PolybiusTest
[64c9ea4a-5234-4968-aa9e-0ccdd40f93c0/build]   | [INFO] Tests run: 3, Failures: 0, Errors: 0, Skipped: 0, Time elapsed: 0 s - in com.thealgorithms.ciphers.PolybiusTest
[64c9ea4a-5234-4968-aa9e-0ccdd40f93c0/build]   | [INFO] Running com.thealgorithms.ciphers.RSATest
[64c9ea4a-5234-4968-aa9e-0ccdd40f93c0/build]   | [INFO] Tests run: 1, Failures: 0, Errors: 0, Skipped: 0, Time elapsed: 0.095 s - in com.thealgorithms.ciphers.RSATest
[64c9ea4a-5234-4968-aa9e-0ccdd40f93c0/build]   | [INFO] Running com.thealgorithms.ciphers.CaesarTest
[64c9ea4a-5234-4968-aa9e-0ccdd40f93c0/build]   | [INFO] Tests run: 3, Failures: 0, Errors: 0, Skipped: 0, Time elapsed: 0.002 s - in com.thealgorithms.ciphers.CaesarTest
[64c9ea4a-5234-4968-aa9e-0ccdd40f93c0/build]   | [INFO] Running com.thealgorithms.ciphers.a5.LFSRTest
[64c9ea4a-5234-4968-aa9e-0ccdd40f93c0/build]   | [INFO] Tests run: 3, Failures: 0, Errors: 0, Skipped: 0, Time elapsed: 0.004 s - in com.thealgorithms.ciphers.a5.LFSRTest
[64c9ea4a-5234-4968-aa9e-0ccdd40f93c0/build]   | [INFO] Running com.thealgorithms.ciphers.SimpleSubCipherTest
[64c9ea4a-5234-4968-aa9e-0ccdd40f93c0/build]   | [INFO] Tests run: 2, Failures: 0, Errors: 0, Skipped: 0, Time elapsed: 0.001 s - in com.thealgorithms.ciphers.SimpleSubCipherTest
[64c9ea4a-5234-4968-aa9e-0ccdd40f93c0/build]   | [INFO] Running com.thealgorithms.ciphers.BlowfishTest
[64c9ea4a-5234-4968-aa9e-0ccdd40f93c0/build]   | [INFO] Tests run: 2, Failures: 0, Errors: 0, Skipped: 0, Time elapsed: 0.009 s - in com.thealgorithms.ciphers.BlowfishTest
[64c9ea4a-5234-4968-aa9e-0ccdd40f93c0/build]   | [INFO] Running com.thealgorithms.ciphers.VigenereTest
[64c9ea4a-5234-4968-aa9e-0ccdd40f93c0/build]   | [INFO] Tests run: 2, Failures: 0, Errors: 0, Skipped: 0, Time elapsed: 0 s - in com.thealgorithms.ciphers.VigenereTest
[64c9ea4a-5234-4968-aa9e-0ccdd40f93c0/build]   | [INFO] Running com.thealgorithms.ciphers.SimpleSubstitutionCipherTest
[64c9ea4a-5234-4968-aa9e-0ccdd40f93c0/build]   | [INFO] Tests run: 3, Failures: 0, Errors: 0, Skipped: 0, Time elapsed: 0 s - in com.thealgorithms.ciphers.SimpleSubstitutionCipherTest
[64c9ea4a-5234-4968-aa9e-0ccdd40f93c0/build]   | [INFO] Running com.thealgorithms.maths.CeilTest
[64c9ea4a-5234-4968-aa9e-0ccdd40f93c0/build]   | [INFO] Tests run: 1, Failures: 0, Errors: 0, Skipped: 0, Time elapsed: 0 s - in com.thealgorithms.maths.CeilTest
[64c9ea4a-5234-4968-aa9e-0ccdd40f93c0/build]   | [INFO] Running com.thealgorithms.maths.PollardRhoTest
[64c9ea4a-5234-4968-aa9e-0ccdd40f93c0/build]   | [INFO] Tests run: 3, Failures: 0, Errors: 0, Skipped: 0, Time elapsed: 0.001 s - in com.thealgorithms.maths.PollardRhoTest
[64c9ea4a-5234-4968-aa9e-0ccdd40f93c0/build]   | [INFO] Running com.thealgorithms.maths.DistanceFormulaTest
[64c9ea4a-5234-4968-aa9e-0ccdd40f93c0/build]   | [INFO] Tests run: 13, Failures: 0, Errors: 0, Skipped: 0, Time elapsed: 0.001 s - in com.thealgorithms.maths.DistanceFormulaTest
[64c9ea4a-5234-4968-aa9e-0ccdd40f93c0/build]   | [INFO] Running com.thealgorithms.maths.LiouvilleLambdaFunctionTest
[64c9ea4a-5234-4968-aa9e-0ccdd40f93c0/build]   | [INFO] Tests run: 4, Failures: 0, Errors: 0, Skipped: 0, Time elapsed: 0.001 s - in com.thealgorithms.maths.LiouvilleLambdaFunctionTest
[64c9ea4a-5234-4968-aa9e-0ccdd40f93c0/build]   | [INFO] Running com.thealgorithms.maths.ADTFractionTest
[64c9ea4a-5234-4968-aa9e-0ccdd40f93c0/build]   | [INFO] Tests run: 7, Failures: 0, Errors: 0, Skipped: 0, Time elapsed: 0.004 s - in com.thealgorithms.maths.ADTFractionTest
[64c9ea4a-5234-4968-aa9e-0ccdd40f93c0/build]   | [INFO] Running com.thealgorithms.maths.LongDivisionTest
[64c9ea4a-5234-4968-aa9e-0ccdd40f93c0/build]   | [INFO] Tests run: 7, Failures: 0, Errors: 0, Skipped: 0, Time elapsed: 0.001 s - in com.thealgorithms.maths.LongDivisionTest
[64c9ea4a-5234-4968-aa9e-0ccdd40f93c0/build]   | [INFO] Running com.thealgorithms.maths.PerfectNumberTest
[64c9ea4a-5234-4968-aa9e-0ccdd40f93c0/build]   | [INFO] Tests run: 1, Failures: 0, Errors: 0, Skipped: 0, Time elapsed: 0.152 s - in com.thealgorithms.maths.PerfectNumberTest
[64c9ea4a-5234-4968-aa9e-0ccdd40f93c0/build]   | [INFO] Running com.thealgorithms.maths.PerimeterTest
[64c9ea4a-5234-4968-aa9e-0ccdd40f93c0/build]   | [INFO] Tests run: 8, Failures: 0, Errors: 0, Skipped: 0, Time elapsed: 0.001 s - in com.thealgorithms.maths.PerimeterTest
[64c9ea4a-5234-4968-aa9e-0ccdd40f93c0/build]   | [INFO] Running com.thealgorithms.maths.AbsoluteValueTest
[64c9ea4a-5234-4968-aa9e-0ccdd40f93c0/build]   | [INFO] Tests run: 1, Failures: 0, Errors: 0, Skipped: 0, Time elapsed: 0.003 s - in com.thealgorithms.maths.AbsoluteValueTest
[64c9ea4a-5234-4968-aa9e-0ccdd40f93c0/build]   | [INFO] Running com.thealgorithms.maths.AmicableNumberTest
[64c9ea4a-5234-4968-aa9e-0ccdd40f93c0/build]   | [INFO] Tests run: 1, Failures: 0, Errors: 0, Skipped: 0, Time elapsed: 0.001 s - in com.thealgorithms.maths.AmicableNumberTest
[64c9ea4a-5234-4968-aa9e-0ccdd40f93c0/build]   | [INFO] Running com.thealgorithms.maths.JosephusProblemTest
[64c9ea4a-5234-4968-aa9e-0ccdd40f93c0/build]   | [INFO] Tests run: 1, Failures: 0, Errors: 0, Skipped: 0, Time elapsed: 0 s - in com.thealgorithms.maths.JosephusProblemTest
[64c9ea4a-5234-4968-aa9e-0ccdd40f93c0/build]   | [INFO] Running com.thealgorithms.maths.PrimeCheckTest
[64c9ea4a-5234-4968-aa9e-0ccdd40f93c0/build]   | [INFO] Tests run: 7, Failures: 0, Errors: 0, Skipped: 0, Time elapsed: 0 s - in com.thealgorithms.maths.PrimeCheckTest
[64c9ea4a-5234-4968-aa9e-0ccdd40f93c0/build]   | [INFO] Running com.thealgorithms.maths.ArmstrongTest
[64c9ea4a-5234-4968-aa9e-0ccdd40f93c0/build]   | [INFO] Tests run: 1, Failures: 0, Errors: 0, Skipped: 0, Time elapsed: 0 s - in com.thealgorithms.maths.ArmstrongTest
[64c9ea4a-5234-4968-aa9e-0ccdd40f93c0/build]   | [INFO] Running com.thealgorithms.maths.HeronsFormulaTest
[64c9ea4a-5234-4968-aa9e-0ccdd40f93c0/build]   | [INFO] Tests run: 4, Failures: 0, Errors: 0, Skipped: 0, Time elapsed: 0.001 s - in com.thealgorithms.maths.HeronsFormulaTest
[64c9ea4a-5234-4968-aa9e-0ccdd40f93c0/build]   | [INFO] Running com.thealgorithms.maths.AbsoluteMaxTest
[64c9ea4a-5234-4968-aa9e-0ccdd40f93c0/build]   | [INFO] Tests run: 2, Failures: 0, Errors: 0, Skipped: 0, Time elapsed: 0 s - in com.thealgorithms.maths.AbsoluteMaxTest
[64c9ea4a-5234-4968-aa9e-0ccdd40f93c0/build]   | [INFO] Running com.thealgorithms.maths.PrimeFactorizationTest
[64c9ea4a-5234-4968-aa9e-0ccdd40f93c0/build]   | [INFO] Tests run: 2, Failures: 0, Errors: 0, Skipped: 0, Time elapsed: 0 s - in com.thealgorithms.maths.PrimeFactorizationTest
[64c9ea4a-5234-4968-aa9e-0ccdd40f93c0/build]   | [INFO] Running com.thealgorithms.maths.AutomorphicNumberTest
[64c9ea4a-5234-4968-aa9e-0ccdd40f93c0/build]   | [INFO] Tests run: 1, Failures: 0, Errors: 0, Skipped: 0, Time elapsed: 0 s - in com.thealgorithms.maths.AutomorphicNumberTest
[64c9ea4a-5234-4968-aa9e-0ccdd40f93c0/build]   | [INFO] Running com.thealgorithms.maths.KaprekarNumbersTest
[64c9ea4a-5234-4968-aa9e-0ccdd40f93c0/build]   | [INFO] Tests run: 9, Failures: 0, Errors: 0, Skipped: 0, Time elapsed: 0.326 s - in com.thealgorithms.maths.KaprekarNumbersTest
[64c9ea4a-5234-4968-aa9e-0ccdd40f93c0/build]   | [INFO] Running com.thealgorithms.maths.TestArmstrong
[64c9ea4a-5234-4968-aa9e-0ccdd40f93c0/build]   | [INFO] Tests run: 1, Failures: 0, Errors: 0, Skipped: 0, Time elapsed: 0 s - in com.thealgorithms.maths.TestArmstrong
[64c9ea4a-5234-4968-aa9e-0ccdd40f93c0/build]   | [INFO] Running com.thealgorithms.maths.FFTTest
[64c9ea4a-5234-4968-aa9e-0ccdd40f93c0/build]   | [INFO] Tests run: 12, Failures: 0, Errors: 0, Skipped: 0, Time elapsed: 0.002 s - in com.thealgorithms.maths.FFTTest
[64c9ea4a-5234-4968-aa9e-0ccdd40f93c0/build]   | [INFO] Running com.thealgorithms.maths.SquareFreeIntegerTest
[64c9ea4a-5234-4968-aa9e-0ccdd40f93c0/build]   | [INFO] Tests run: 3, Failures: 0, Errors: 0, Skipped: 0, Time elapsed: 0.023 s - in com.thealgorithms.maths.SquareFreeIntegerTest
[64c9ea4a-5234-4968-aa9e-0ccdd40f93c0/build]   | [INFO] Running com.thealgorithms.maths.FactorialTest
[64c9ea4a-5234-4968-aa9e-0ccdd40f93c0/build]   | [INFO] Tests run: 1, Failures: 0, Errors: 0, Skipped: 0, Time elapsed: 0 s - in com.thealgorithms.maths.FactorialTest
[64c9ea4a-5234-4968-aa9e-0ccdd40f93c0/build]   | [INFO] Running com.thealgorithms.maths.SquareRootwithBabylonianMethodTest
[64c9ea4a-5234-4968-aa9e-0ccdd40f93c0/build]   | [INFO] Tests run: 4, Failures: 0, Errors: 0, Skipped: 0, Time elapsed: 0 s - in com.thealgorithms.maths.SquareRootwithBabylonianMethodTest
[64c9ea4a-5234-4968-aa9e-0ccdd40f93c0/build]   | [INFO] Running com.thealgorithms.maths.LeonardoNumberTest
[64c9ea4a-5234-4968-aa9e-0ccdd40f93c0/build]   | [INFO] Tests run: 5, Failures: 0, Errors: 0, Skipped: 0, Time elapsed: 0.002 s - in com.thealgorithms.maths.LeonardoNumberTest
[64c9ea4a-5234-4968-aa9e-0ccdd40f93c0/build]   | [INFO] Running com.thealgorithms.maths.AverageTest
[64c9ea4a-5234-4968-aa9e-0ccdd40f93c0/build]   | [INFO] Tests run: 4, Failures: 0, Errors: 0, Skipped: 0, Time elapsed: 0 s - in com.thealgorithms.maths.AverageTest
[64c9ea4a-5234-4968-aa9e-0ccdd40f93c0/build]   | [INFO] Running com.thealgorithms.maths.PerfectSquareTest
[64c9ea4a-5234-4968-aa9e-0ccdd40f93c0/build]   | [INFO] Tests run: 3, Failures: 0, Errors: 0, Skipped: 0, Time elapsed: 0 s - in com.thealgorithms.maths.PerfectSquareTest
[64c9ea4a-5234-4968-aa9e-0ccdd40f93c0/build]   | [INFO] Running com.thealgorithms.maths.PerfectCubeTest
[64c9ea4a-5234-4968-aa9e-0ccdd40f93c0/build]   | [INFO] Tests run: 1, Failures: 0, Errors: 0, Skipped: 0, Time elapsed: 0 s - in com.thealgorithms.maths.PerfectCubeTest
[64c9ea4a-5234-4968-aa9e-0ccdd40f93c0/build]   | [INFO] Running com.thealgorithms.maths.PascalTriangleTest
[64c9ea4a-5234-4968-aa9e-0ccdd40f93c0/build]   | [INFO] Tests run: 4, Failures: 0, Errors: 0, Skipped: 0, Time elapsed: 0 s - in com.thealgorithms.maths.PascalTriangleTest
[64c9ea4a-5234-4968-aa9e-0ccdd40f93c0/build]   | [INFO] Running com.thealgorithms.maths.BinaryPowTest
[64c9ea4a-5234-4968-aa9e-0ccdd40f93c0/build]   | [INFO] Tests run: 1, Failures: 0, Errors: 0, Skipped: 0, Time elapsed: 0 s - in com.thealgorithms.maths.BinaryPowTest
[64c9ea4a-5234-4968-aa9e-0ccdd40f93c0/build]   | [INFO] Running com.thealgorithms.maths.TwinPrimeTest
[64c9ea4a-5234-4968-aa9e-0ccdd40f93c0/build]   | [INFO] Tests run: 4, Failures: 0, Errors: 0, Skipped: 0, Time elapsed: 0.001 s - in com.thealgorithms.maths.TwinPrimeTest
[64c9ea4a-5234-4968-aa9e-0ccdd40f93c0/build]   | [INFO] Running com.thealgorithms.maths.HarshadNumberTest
[64c9ea4a-5234-4968-aa9e-0ccdd40f93c0/build]   | [INFO] Tests run: 1, Failures: 0, Errors: 0, Skipped: 0, Time elapsed: 0 s - in com.thealgorithms.maths.HarshadNumberTest
[64c9ea4a-5234-4968-aa9e-0ccdd40f93c0/build]   | [INFO] Running com.thealgorithms.maths.FrizzyNumberTest
[64c9ea4a-5234-4968-aa9e-0ccdd40f93c0/build]   | [INFO] Tests run: 3, Failures: 0, Errors: 0, Skipped: 0, Time elapsed: 0 s - in com.thealgorithms.maths.FrizzyNumberTest
[64c9ea4a-5234-4968-aa9e-0ccdd40f93c0/build]   | [INFO] Running com.thealgorithms.maths.StandardDeviationTest
[64c9ea4a-5234-4968-aa9e-0ccdd40f93c0/build]   | [INFO] Tests run: 4, Failures: 0, Errors: 0, Skipped: 0, Time elapsed: 0 s - in com.thealgorithms.maths.StandardDeviationTest
[64c9ea4a-5234-4968-aa9e-0ccdd40f93c0/build]   | [INFO] Running com.thealgorithms.maths.MobiusFunctionTest
[64c9ea4a-5234-4968-aa9e-0ccdd40f93c0/build]   | [INFO] Tests run: 3, Failures: 0, Errors: 0, Skipped: 0, Time elapsed: 0.001 s - in com.thealgorithms.maths.MobiusFunctionTest
[64c9ea4a-5234-4968-aa9e-0ccdd40f93c0/build]   | [INFO] Running com.thealgorithms.maths.AbsoluteMinTest
[64c9ea4a-5234-4968-aa9e-0ccdd40f93c0/build]   | [INFO] Tests run: 2, Failures: 0, Errors: 0, Skipped: 0, Time elapsed: 0.003 s - in com.thealgorithms.maths.AbsoluteMinTest
[64c9ea4a-5234-4968-aa9e-0ccdd40f93c0/build]   | [INFO] Running com.thealgorithms.maths.CollatzConjectureTest
[64c9ea4a-5234-4968-aa9e-0ccdd40f93c0/build]   | [INFO] Tests run: 4, Failures: 0, Errors: 0, Skipped: 0, Time elapsed: 0.002 s - in com.thealgorithms.maths.CollatzConjectureTest
[64c9ea4a-5234-4968-aa9e-0ccdd40f93c0/build]   | [INFO] Running com.thealgorithms.maths.VolumeTest
[64c9ea4a-5234-4968-aa9e-0ccdd40f93c0/build]   | [INFO] Tests run: 1, Failures: 0, Errors: 0, Skipped: 0, Time elapsed: 0 s - in com.thealgorithms.maths.VolumeTest
[64c9ea4a-5234-4968-aa9e-0ccdd40f93c0/build]   | [INFO] Running com.thealgorithms.maths.FindMaxTest
[64c9ea4a-5234-4968-aa9e-0ccdd40f93c0/build]   | [ERROR] Tests run: 4, Failures: 1, Errors: 0, Skipped: 0, Time elapsed: 0.01 s <<< FAILURE! - in com.thealgorithms.maths.FindMaxTest
[64c9ea4a-5234-4968-aa9e-0ccdd40f93c0/build]   | [ERROR] testFindMaxThrowsExceptionForEmptyInput  Time elapsed: 0.009 s  <<< FAILURE!
[64c9ea4a-5234-4968-aa9e-0ccdd40f93c0/build]   | org.opentest4j.AssertionFailedError: Unexpected exception type thrown, expected: <java.lang.IllegalArgumentException> but was: <java.lang.ArrayIndexOutOfBoundsException>
[64c9ea4a-5234-4968-aa9e-0ccdd40f93c0/build]   | 	at com.thealgorithms.maths.FindMaxTest.testFindMaxThrowsExceptionForEmptyInput(FindMaxTest.java:36)
[64c9ea4a-5234-4968-aa9e-0ccdd40f93c0/build]   | Caused by: java.lang.ArrayIndexOutOfBoundsException: Index 0 out of bounds for length 0
[64c9ea4a-5234-4968-aa9e-0ccdd40f93c0/build]   | 	at com.thealgorithms.maths.FindMaxTest.lambda$testFindMaxThrowsExceptionForEmptyInput$0(FindMaxTest.java:38)
[64c9ea4a-5234-4968-aa9e-0ccdd40f93c0/build]   | 	at com.thealgorithms.maths.FindMaxTest.testFindMaxThrowsExceptionForEmptyInput(FindMaxTest.java:36)
[64c9ea4a-5234-4968-aa9e-0ccdd40f93c0/build]   | 
[64c9ea4a-5234-4968-aa9e-0ccdd40f93c0/build]   | [INFO] Running com.thealgorithms.maths.FindMinTest
[64c9ea4a-5234-4968-aa9e-0ccdd40f93c0/build]   | [INFO] Tests run: 5, Failures: 0, Errors: 0, Skipped: 0, Time elapsed: 0 s - in com.thealgorithms.maths.FindMinTest
[64c9ea4a-5234-4968-aa9e-0ccdd40f93c0/build]   | [INFO] Running com.thealgorithms.maths.DudeneyNumberTest
[64c9ea4a-5234-4968-aa9e-0ccdd40f93c0/build]   | [INFO] Tests run: 1, Failures: 0, Errors: 0, Skipped: 0, Time elapsed: 0.001 s - in com.thealgorithms.maths.DudeneyNumberTest
[64c9ea4a-5234-4968-aa9e-0ccdd40f93c0/build]   | [INFO] Running com.thealgorithms.maths.AliquotSumTest
[64c9ea4a-5234-4968-aa9e-0ccdd40f93c0/build]   | [INFO] Tests run: 1, Failures: 0, Errors: 0, Skipped: 0, Time elapsed: 0.002 s - in com.thealgorithms.maths.AliquotSumTest
[64c9ea4a-5234-4968-aa9e-0ccdd40f93c0/build]   | [INFO] Running com.thealgorithms.maths.GaussianTest
[64c9ea4a-5234-4968-aa9e-0ccdd40f93c0/build]   | [INFO] Tests run: 1, Failures: 0, Errors: 0, Skipped: 0, Time elapsed: 0 s - in com.thealgorithms.maths.GaussianTest
[64c9ea4a-5234-4968-aa9e-0ccdd40f93c0/build]   | [INFO] Running com.thealgorithms.maths.MedianTest
[64c9ea4a-5234-4968-aa9e-0ccdd40f93c0/build]   | [INFO] Tests run: 5, Failures: 0, Errors: 0, Skipped: 0, Time elapsed: 0.001 s - in com.thealgorithms.maths.MedianTest
[64c9ea4a-5234-4968-aa9e-0ccdd40f93c0/build]   | [INFO] Running com.thealgorithms.maths.SumOfDigitsTest
[64c9ea4a-5234-4968-aa9e-0ccdd40f93c0/build]   | [INFO] Tests run: 3, Failures: 0, Errors: 0, Skipped: 0, Time elapsed: 0.001 s - in com.thealgorithms.maths.SumOfDigitsTest
[64c9ea4a-5234-4968-aa9e-0ccdd40f93c0/build]   | [INFO] Running com.thealgorithms.maths.BinomialCoefficientTest
[64c9ea4a-5234-4968-aa9e-0ccdd40f93c0/build]   | [INFO] Tests run: 1, Failures: 0, Errors: 0, Skipped: 0, Time elapsed: 0 s - in com.thealgorithms.maths.BinomialCoefficientTest
[64c9ea4a-5234-4968-aa9e-0ccdd40f93c0/build]   | [INFO] Running com.thealgorithms.maths.CombinationsTest
[64c9ea4a-5234-4968-aa9e-0ccdd40f93c0/build]   | [INFO] Tests run: 2, Failures: 0, Errors: 0, Skipped: 0, Time elapsed: 0 s - in com.thealgorithms.maths.CombinationsTest
[64c9ea4a-5234-4968-aa9e-0ccdd40f93c0/build]   | [INFO] Running com.thealgorithms.maths.SumWithoutArithmeticOperatorsTest
[64c9ea4a-5234-4968-aa9e-0ccdd40f93c0/build]   | [INFO] Tests run: 5, Failures: 0, Errors: 0, Skipped: 0, Time elapsed: 0.001 s - in com.thealgorithms.maths.SumWithoutArithmeticOperatorsTest
[64c9ea4a-5234-4968-aa9e-0ccdd40f93c0/build]   | [INFO] Running com.thealgorithms.maths.AreaTest
[64c9ea4a-5234-4968-aa9e-0ccdd40f93c0/build]   | [INFO] Tests run: 12, Failures: 0, Errors: 0, Skipped: 0, Time elapsed: 0.009 s - in com.thealgorithms.maths.AreaTest
[64c9ea4a-5234-4968-aa9e-0ccdd40f93c0/build]   | [INFO] Running com.thealgorithms.maths.DigitalRootTest
[64c9ea4a-5234-4968-aa9e-0ccdd40f93c0/build]   | [INFO] Tests run: 1, Failures: 0, Errors: 0, Skipped: 0, Time elapsed: 0 s - in com.thealgorithms.maths.DigitalRootTest
[64c9ea4a-5234-4968-aa9e-0ccdd40f93c0/build]   | [INFO] Running com.thealgorithms.maths.GCDTest
[64c9ea4a-5234-4968-aa9e-0ccdd40f93c0/build]   | [INFO] Tests run: 10, Failures: 0, Errors: 0, Skipped: 0, Time elapsed: 0.001 s - in com.thealgorithms.maths.GCDTest
[64c9ea4a-5234-4968-aa9e-0ccdd40f93c0/build]   | [INFO] Running com.thealgorithms.maths.FastInverseSqrtTests
[64c9ea4a-5234-4968-aa9e-0ccdd40f93c0/build]   | [INFO] Tests run: 8, Failures: 0, Errors: 0, Skipped: 0, Time elapsed: 0.001 s - in com.thealgorithms.maths.FastInverseSqrtTests
[64c9ea4a-5234-4968-aa9e-0ccdd40f93c0/build]   | [INFO] Running com.thealgorithms.maths.StandardScoreTest
[64c9ea4a-5234-4968-aa9e-0ccdd40f93c0/build]   | [INFO] Tests run: 4, Failures: 0, Errors: 0, Skipped: 0, Time elapsed: 0 s - in com.thealgorithms.maths.StandardScoreTest
[64c9ea4a-5234-4968-aa9e-0ccdd40f93c0/build]   | [INFO] Running com.thealgorithms.maths.PythagoreanTripleTest
[64c9ea4a-5234-4968-aa9e-0ccdd40f93c0/build]   | [INFO] Tests run: 1, Failures: 0, Errors: 0, Skipped: 0, Time elapsed: 0 s - in com.thealgorithms.maths.PythagoreanTripleTest
[64c9ea4a-5234-4968-aa9e-0ccdd40f93c0/build]   | [INFO] Running com.thealgorithms.maths.LucasSeriesTest
[64c9ea4a-5234-4968-aa9e-0ccdd40f93c0/build]   | [INFO] Tests run: 4, Failures: 0, Errors: 0, Skipped: 0, Time elapsed: 0.001 s - in com.thealgorithms.maths.LucasSeriesTest
[64c9ea4a-5234-4968-aa9e-0ccdd40f93c0/build]   | [INFO] Running com.thealgorithms.maths.PronicNumberTest
[64c9ea4a-5234-4968-aa9e-0ccdd40f93c0/build]   | [INFO] Tests run: 2, Failures: 0, Errors: 0, Skipped: 0, Time elapsed: 0.001 s - in com.thealgorithms.maths.PronicNumberTest
[64c9ea4a-5234-4968-aa9e-0ccdd40f93c0/build]   | [INFO] Running com.thealgorithms.maths.LeastCommonMultipleTest
[64c9ea4a-5234-4968-aa9e-0ccdd40f93c0/build]   | [INFO] Tests run: 2, Failures: 0, Errors: 0, Skipped: 0, Time elapsed: 0 s - in com.thealgorithms.maths.LeastCommonMultipleTest
[64c9ea4a-5234-4968-aa9e-0ccdd40f93c0/build]   | [INFO] Running com.thealgorithms.conversions.DecimalToHexaDecimalTest
[64c9ea4a-5234-4968-aa9e-0ccdd40f93c0/build]   | [INFO] Tests run: 1, Failures: 0, Errors: 0, Skipped: 0, Time elapsed: 0 s - in com.thealgorithms.conversions.DecimalToHexaDecimalTest
[64c9ea4a-5234-4968-aa9e-0ccdd40f93c0/build]   | [INFO] Running com.thealgorithms.conversions.HexaDecimalToBinaryTest
[64c9ea4a-5234-4968-aa9e-0ccdd40f93c0/build]   | [INFO] Tests run: 1, Failures: 0, Errors: 0, Skipped: 0, Time elapsed: 0 s - in com.thealgorithms.conversions.HexaDecimalToBinaryTest
[64c9ea4a-5234-4968-aa9e-0ccdd40f93c0/build]   | [INFO] Running com.thealgorithms.conversions.OctalToDecimalTest
[64c9ea4a-5234-4968-aa9e-0ccdd40f93c0/build]   | [INFO] Tests run: 1, Failures: 0, Errors: 0, Skipped: 0, Time elapsed: 0 s - in com.thealgorithms.conversions.OctalToDecimalTest
[64c9ea4a-5234-4968-aa9e-0ccdd40f93c0/build]   | [INFO] Running com.thealgorithms.conversions.BinaryToDecimalTest
[64c9ea4a-5234-4968-aa9e-0ccdd40f93c0/build]   | [INFO] Tests run: 3, Failures: 0, Errors: 0, Skipped: 0, Time elapsed: 0 s - in com.thealgorithms.conversions.BinaryToDecimalTest
[64c9ea4a-5234-4968-aa9e-0ccdd40f93c0/build]   | [INFO] Running com.thealgorithms.conversions.BinaryToOctalTest
[64c9ea4a-5234-4968-aa9e-0ccdd40f93c0/build]   | [INFO] Tests run: 1, Failures: 0, Errors: 0, Skipped: 0, Time elapsed: 0.001 s - in com.thealgorithms.conversions.BinaryToOctalTest
[64c9ea4a-5234-4968-aa9e-0ccdd40f93c0/build]   | [INFO] Running com.thealgorithms.conversions.IntegerToRomanTest
[64c9ea4a-5234-4968-aa9e-0ccdd40f93c0/build]   | [INFO] Tests run: 1, Failures: 0, Errors: 0, Skipped: 0, Time elapsed: 0.001 s - in com.thealgorithms.conversions.IntegerToRomanTest
[64c9ea4a-5234-4968-aa9e-0ccdd40f93c0/build]   | [INFO] Running com.thealgorithms.conversions.HexToOctTest
[64c9ea4a-5234-4968-aa9e-0ccdd40f93c0/build]   | [INFO] Tests run: 1, Failures: 0, Errors: 0, Skipped: 0, Time elapsed: 0.001 s - in com.thealgorithms.conversions.HexToOctTest
[64c9ea4a-5234-4968-aa9e-0ccdd40f93c0/build]   | [INFO] Running com.thealgorithms.conversions.OctalToHexadecimalTest
[64c9ea4a-5234-4968-aa9e-0ccdd40f93c0/build]   | [INFO] Tests run: 1, Failures: 0, Errors: 0, Skipped: 0, Time elapsed: 0.001 s - in com.thealgorithms.conversions.OctalToHexadecimalTest
[64c9ea4a-5234-4968-aa9e-0ccdd40f93c0/build]   | [INFO] Running com.thealgorithms.conversions.HexaDecimalToDecimalTest
[64c9ea4a-5234-4968-aa9e-0ccdd40f93c0/build]   | [INFO] Tests run: 1, Failures: 0, Errors: 0, Skipped: 0, Time elapsed: 0 s - in com.thealgorithms.conversions.HexaDecimalToDecimalTest
[64c9ea4a-5234-4968-aa9e-0ccdd40f93c0/build]   | [INFO] Running com.thealgorithms.conversions.BinaryToHexadecimalTest
[64c9ea4a-5234-4968-aa9e-0ccdd40f93c0/build]   | [INFO] Tests run: 1, Failures: 0, Errors: 0, Skipped: 0, Time elapsed: 0.001 s - in com.thealgorithms.conversions.BinaryToHexadecimalTest
[64c9ea4a-5234-4968-aa9e-0ccdd40f93c0/build]   | [INFO] Running com.thealgorithms.conversions.RomanToIntegerTest
[64c9ea4a-5234-4968-aa9e-0ccdd40f93c0/build]   | [INFO] Tests run: 1, Failures: 0, Errors: 0, Skipped: 0, Time elapsed: 0.001 s - in com.thealgorithms.conversions.RomanToIntegerTest
[64c9ea4a-5234-4968-aa9e-0ccdd40f93c0/build]   | [INFO] Running com.thealgorithms.datastructures.bloomfilter.BloomFilterTest
[64c9ea4a-5234-4968-aa9e-0ccdd40f93c0/build]   | [INFO] Tests run: 2, Failures: 0, Errors: 0, Skipped: 0, Time elapsed: 0.001 s - in com.thealgorithms.datastructures.bloomfilter.BloomFilterTest
[64c9ea4a-5234-4968-aa9e-0ccdd40f93c0/build]   | [INFO] Running com.thealgorithms.datastructures.heaps.LeftistHeapTest
[64c9ea4a-5234-4968-aa9e-0ccdd40f93c0/build]   | [INFO] Tests run: 1, Failures: 0, Errors: 0, Skipped: 0, Time elapsed: 0.001 s - in com.thealgorithms.datastructures.heaps.LeftistHeapTest
[64c9ea4a-5234-4968-aa9e-0ccdd40f93c0/build]   | [INFO] Running com.thealgorithms.datastructures.heaps.FibonacciHeapTest
[64c9ea4a-5234-4968-aa9e-0ccdd40f93c0/build]   | [INFO] Tests run: 1, Failures: 0, Errors: 0, Skipped: 0, Time elapsed: 0.001 s - in com.thealgorithms.datastructures.heaps.FibonacciHeapTest
[64c9ea4a-5234-4968-aa9e-0ccdd40f93c0/build]   | [INFO] Running com.thealgorithms.datastructures.buffers.CircularBufferTest
[64c9ea4a-5234-4968-aa9e-0ccdd40f93c0/build]   | [INFO] Tests run: 1004, Failures: 0, Errors: 0, Skipped: 0, Time elapsed: 1.186 s - in com.thealgorithms.datastructures.buffers.CircularBufferTest
[64c9ea4a-5234-4968-aa9e-0ccdd40f93c0/build]   | [INFO] Running com.thealgorithms.datastructures.lists.SkipListTest
[64c9ea4a-5234-4968-aa9e-0ccdd40f93c0/build]   | [ ] --- --- --- --- 
[64c9ea4a-5234-4968-aa9e-0ccdd40f93c0/build]   | [ ] --- --- --- --- 
[64c9ea4a-5234-4968-aa9e-0ccdd40f93c0/build]   | [ ] --- --- --- --- 
[64c9ea4a-5234-4968-aa9e-0ccdd40f93c0/build]   | [ ] --- --- --- --- 
[64c9ea4a-5234-4968-aa9e-0ccdd40f93c0/build]   | [ ] --- --- [ ] [ ] 
[64c9ea4a-5234-4968-aa9e-0ccdd40f93c0/build]   | [ ] --- --- [ ] [ ] 
[64c9ea4a-5234-4968-aa9e-0ccdd40f93c0/build]   | [ ] [ ] [ ] [ ] [ ] 
[64c9ea4a-5234-4968-aa9e-0ccdd40f93c0/build]   | [ ] [ ] [ ] [ ] [ ] 
[64c9ea4a-5234-4968-aa9e-0ccdd40f93c0/build]   |  H   0   1   2   3
[64c9ea4a-5234-4968-aa9e-0ccdd40f93c0/build]   | 
[64c9ea4a-5234-4968-aa9e-0ccdd40f93c0/build]   | [ ] --- --- --- --- --- --- --- --- --- --- --- 
[64c9ea4a-5234-4968-aa9e-0ccdd40f93c0/build]   | [ ] --- --- --- --- --- --- --- --- --- --- --- 
[64c9ea4a-5234-4968-aa9e-0ccdd40f93c0/build]   | [ ] --- --- --- --- --- --- --- --- --- --- --- 
[64c9ea4a-5234-4968-aa9e-0ccdd40f93c0/build]   | [ ] --- --- --- --- --- --- --- --- [ ] --- --- 
[64c9ea4a-5234-4968-aa9e-0ccdd40f93c0/build]   | [ ] --- --- --- --- --- --- --- --- [ ] --- --- 
[64c9ea4a-5234-4968-aa9e-0ccdd40f93c0/build]   | [ ] --- --- --- --- --- --- --- --- [ ] --- --- 
[64c9ea4a-5234-4968-aa9e-0ccdd40f93c0/build]   | [ ] --- [ ] --- --- --- --- --- --- [ ] [ ] --- 
[64c9ea4a-5234-4968-aa9e-0ccdd40f93c0/build]   | [ ] [ ] [ ] [ ] [ ] [ ] [ ] [ ] [ ] [ ] [ ] [ ] 
[64c9ea4a-5234-4968-aa9e-0ccdd40f93c0/build]   |  H   0   1   2   3   4   5   6   7   8   9  10
[64c9ea4a-5234-4968-aa9e-0ccdd40f93c0/build]   | 
[64c9ea4a-5234-4968-aa9e-0ccdd40f93c0/build]   | [ ] --- 
[64c9ea4a-5234-4968-aa9e-0ccdd40f93c0/build]   | [ ] --- 
[64c9ea4a-5234-4968-aa9e-0ccdd40f93c0/build]   | [ ] --- 
[64c9ea4a-5234-4968-aa9e-0ccdd40f93c0/build]   | [ ] --- 
[64c9ea4a-5234-4968-aa9e-0ccdd40f93c0/build]   | [ ] --- 
[64c9ea4a-5234-4968-aa9e-0ccdd40f93c0/build]   | [ ] --- 
[64c9ea4a-5234-4968-aa9e-0ccdd40f93c0/build]   | [ ] --- 
[64c9ea4a-5234-4968-aa9e-0ccdd40f93c0/build]   | [ ] [ ] 
[64c9ea4a-5234-4968-aa9e-0ccdd40f93c0/build]   |  H   0
[64c9ea4a-5234-4968-aa9e-0ccdd40f93c0/build]   | 
[64c9ea4a-5234-4968-aa9e-0ccdd40f93c0/build]   | [ ] --- 
[64c9ea4a-5234-4968-aa9e-0ccdd40f93c0/build]   | [ ] --- 
[64c9ea4a-5234-4968-aa9e-0ccdd40f93c0/build]   | [ ] --- 
[64c9ea4a-5234-4968-aa9e-0ccdd40f93c0/build]   | [ ] --- 
[64c9ea4a-5234-4968-aa9e-0ccdd40f93c0/build]   | [ ] --- 
[64c9ea4a-5234-4968-aa9e-0ccdd40f93c0/build]   | [ ] --- 
[64c9ea4a-5234-4968-aa9e-0ccdd40f93c0/build]   | [ ] --- 
[64c9ea4a-5234-4968-aa9e-0ccdd40f93c0/build]   | [ ] [ ] 
[64c9ea4a-5234-4968-aa9e-0ccdd40f93c0/build]   |  H   0
[64c9ea4a-5234-4968-aa9e-0ccdd40f93c0/build]   | 
[64c9ea4a-5234-4968-aa9e-0ccdd40f93c0/build]   | [ ] --- --- --- --- --- --- --- --- --- --- --- 
[64c9ea4a-5234-4968-aa9e-0ccdd40f93c0/build]   | [ ] --- --- --- --- --- --- --- --- --- --- --- 
[64c9ea4a-5234-4968-aa9e-0ccdd40f93c0/build]   | [ ] --- --- --- --- --- --- --- --- --- --- --- 
[64c9ea4a-5234-4968-aa9e-0ccdd40f93c0/build]   | [ ] --- --- --- --- --- --- --- --- [ ] --- --- 
[64c9ea4a-5234-4968-aa9e-0ccdd40f93c0/build]   | [ ] --- --- --- --- --- --- --- --- [ ] --- --- 
[64c9ea4a-5234-4968-aa9e-0ccdd40f93c0/build]   | [ ] --- --- --- --- --- [ ] [ ] --- [ ] --- --- 
[64c9ea4a-5234-4968-aa9e-0ccdd40f93c0/build]   | [ ] [ ] --- --- --- [ ] [ ] [ ] [ ] [ ] --- [ ] 
[64c9ea4a-5234-4968-aa9e-0ccdd40f93c0/build]   | [ ] [ ] [ ] [ ] [ ] [ ] [ ] [ ] [ ] [ ] [ ] [ ] 
[64c9ea4a-5234-4968-aa9e-0ccdd40f93c0/build]   |  H   0   1   2   3   4   5   6   7   8   9  10
[64c9ea4a-5234-4968-aa9e-0ccdd40f93c0/build]   | 
[64c9ea4a-5234-4968-aa9e-0ccdd40f93c0/build]   | [ ] --- --- --- --- --- --- --- --- --- --- 
[64c9ea4a-5234-4968-aa9e-0ccdd40f93c0/build]   | [ ] --- --- --- --- --- --- --- --- --- --- 
[64c9ea4a-5234-4968-aa9e-0ccdd40f93c0/build]   | [ ] --- --- --- --- --- --- --- --- --- --- 
[64c9ea4a-5234-4968-aa9e-0ccdd40f93c0/build]   | [ ] --- --- --- --- --- --- --- [ ] --- --- 
[64c9ea4a-5234-4968-aa9e-0ccdd40f93c0/build]   | [ ] --- --- --- --- --- --- --- [ ] --- --- 
[64c9ea4a-5234-4968-aa9e-0ccdd40f93c0/build]   | [ ] --- --- --- --- [ ] [ ] --- [ ] --- --- 
[64c9ea4a-5234-4968-aa9e-0ccdd40f93c0/build]   | [ ] --- --- --- [ ] [ ] [ ] [ ] [ ] --- [ ] 
[64c9ea4a-5234-4968-aa9e-0ccdd40f93c0/build]   | [ ] [ ] [ ] [ ] [ ] [ ] [ ] [ ] [ ] [ ] [ ] 
[64c9ea4a-5234-4968-aa9e-0ccdd40f93c0/build]   |  H   0   1   2   3   4   5   6   7   8   9
[64c9ea4a-5234-4968-aa9e-0ccdd40f93c0/build]   | 
[64c9ea4a-5234-4968-aa9e-0ccdd40f93c0/build]   | [ ] --- --- --- --- --- --- --- --- --- --- --- 
[64c9ea4a-5234-4968-aa9e-0ccdd40f93c0/build]   | [ ] --- --- --- --- --- --- --- --- --- --- --- 
[64c9ea4a-5234-4968-aa9e-0ccdd40f93c0/build]   | [ ] --- --- --- --- --- --- --- --- --- --- --- 
[64c9ea4a-5234-4968-aa9e-0ccdd40f93c0/build]   | [ ] [ ] --- --- --- --- --- --- --- --- --- --- 
[64c9ea4a-5234-4968-aa9e-0ccdd40f93c0/build]   | [ ] [ ] --- --- --- [ ] --- --- --- --- --- --- 
[64c9ea4a-5234-4968-aa9e-0ccdd40f93c0/build]   | [ ] [ ] --- --- --- [ ] [ ] --- [ ] --- --- --- 
[64c9ea4a-5234-4968-aa9e-0ccdd40f93c0/build]   | [ ] [ ] [ ] [ ] [ ] [ ] [ ] --- [ ] --- --- --- 
[64c9ea4a-5234-4968-aa9e-0ccdd40f93c0/build]   | [ ] [ ] [ ] [ ] [ ] [ ] [ ] [ ] [ ] [ ] [ ] [ ] 
[64c9ea4a-5234-4968-aa9e-0ccdd40f93c0/build]   |  H   0   1   2   3   4   5   6   7   8   9  10
[64c9ea4a-5234-4968-aa9e-0ccdd40f93c0/build]   | 
[64c9ea4a-5234-4968-aa9e-0ccdd40f93c0/build]   | [ ] --- --- --- --- --- --- --- --- --- --- 
[64c9ea4a-5234-4968-aa9e-0ccdd40f93c0/build]   | [ ] --- --- --- --- --- --- --- --- --- --- 
[64c9ea4a-5234-4968-aa9e-0ccdd40f93c0/build]   | [ ] --- --- --- --- --- --- --- --- --- --- 
[64c9ea4a-5234-4968-aa9e-0ccdd40f93c0/build]   | [ ] [ ] --- --- --- --- --- --- --- --- --- 
[64c9ea4a-5234-4968-aa9e-0ccdd40f93c0/build]   | [ ] [ ] --- --- --- [ ] --- --- --- --- --- 
[64c9ea4a-5234-4968-aa9e-0ccdd40f93c0/build]   | [ ] [ ] --- --- --- [ ] [ ] --- [ ] --- --- 
[64c9ea4a-5234-4968-aa9e-0ccdd40f93c0/build]   | [ ] [ ] [ ] [ ] [ ] [ ] [ ] --- [ ] --- --- 
[64c9ea4a-5234-4968-aa9e-0ccdd40f93c0/build]   | [ ] [ ] [ ] [ ] [ ] [ ] [ ] [ ] [ ] [ ] [ ] 
[64c9ea4a-5234-4968-aa9e-0ccdd40f93c0/build]   |  H   0   1   2   3   4   5   6   7   8   9
[64c9ea4a-5234-4968-aa9e-0ccdd40f93c0/build]   | 
[64c9ea4a-5234-4968-aa9e-0ccdd40f93c0/build]   | [INFO] Tests run: 6, Failures: 0, Errors: 0, Skipped: 0, Time elapsed: 0.002 s - in com.thealgorithms.datastructures.lists.SkipListTest
[64c9ea4a-5234-4968-aa9e-0ccdd40f93c0/build]   | [INFO] Running com.thealgorithms.datastructures.lists.SinglyLinkedListTest
[64c9ea4a-5234-4968-aa9e-0ccdd40f93c0/build]   | [INFO] Tests run: 9, Failures: 0, Errors: 0, Skipped: 0, Time elapsed: 0 s - in com.thealgorithms.datastructures.lists.SinglyLinkedListTest
[64c9ea4a-5234-4968-aa9e-0ccdd40f93c0/build]   | [INFO] Running com.thealgorithms.datastructures.hashmap.HashMapCuckooHashingTest
[64c9ea4a-5234-4968-aa9e-0ccdd40f93c0/build]   | Infinite loop occurred, lengthening & rehashing table
[64c9ea4a-5234-4968-aa9e-0ccdd40f93c0/build]   | Infinite loop occurred, lengthening & rehashing table
[64c9ea4a-5234-4968-aa9e-0ccdd40f93c0/build]   | [INFO] Tests run: 8, Failures: 0, Errors: 0, Skipped: 0, Time elapsed: 0 s - in com.thealgorithms.datastructures.hashmap.HashMapCuckooHashingTest
[64c9ea4a-5234-4968-aa9e-0ccdd40f93c0/build]   | [INFO] Running com.thealgorithms.datastructures.hashmap.hashing.MajorityElementTest
[64c9ea4a-5234-4968-aa9e-0ccdd40f93c0/build]   | [INFO] Tests run: 4, Failures: 0, Errors: 0, Skipped: 0, Time elapsed: 0 s - in com.thealgorithms.datastructures.hashmap.hashing.MajorityElementTest
[64c9ea4a-5234-4968-aa9e-0ccdd40f93c0/build]   | [INFO] Running com.thealgorithms.datastructures.hashmap.hashing.LinearProbingHashMapTest
[64c9ea4a-5234-4968-aa9e-0ccdd40f93c0/build]   | [INFO] Tests run: 7, Failures: 0, Errors: 0, Skipped: 0, Time elapsed: 0 s - in com.thealgorithms.datastructures.hashmap.hashing.LinearProbingHashMapTest
[64c9ea4a-5234-4968-aa9e-0ccdd40f93c0/build]   | [INFO] Running com.thealgorithms.datastructures.hashmap.hashing.GenericHashMapUsingArrayListTest
[64c9ea4a-5234-4968-aa9e-0ccdd40f93c0/build]   | [INFO] Tests run: 3, Failures: 0, Errors: 0, Skipped: 0, Time elapsed: 0 s - in com.thealgorithms.datastructures.hashmap.hashing.GenericHashMapUsingArrayListTest
[64c9ea4a-5234-4968-aa9e-0ccdd40f93c0/build]   | [INFO] Running com.thealgorithms.datastructures.hashmap.hashing.GenericHashMapUsingArrayTest
[64c9ea4a-5234-4968-aa9e-0ccdd40f93c0/build]   | [INFO] Tests run: 3, Failures: 0, Errors: 0, Skipped: 0, Time elapsed: 0 s - in com.thealgorithms.datastructures.hashmap.hashing.GenericHashMapUsingArrayTest
[64c9ea4a-5234-4968-aa9e-0ccdd40f93c0/build]   | [INFO] Running com.thealgorithms.datastructures.queues.PriorityQueuesTest
[64c9ea4a-5234-4968-aa9e-0ccdd40f93c0/build]   | [INFO] Tests run: 3, Failures: 0, Errors: 0, Skipped: 0, Time elapsed: 0 s - in com.thealgorithms.datastructures.queues.PriorityQueuesTest
[64c9ea4a-5234-4968-aa9e-0ccdd40f93c0/build]   | [INFO] Running com.thealgorithms.datastructures.queues.LinkedQueueTest
[64c9ea4a-5234-4968-aa9e-0ccdd40f93c0/build]   | [INFO] Tests run: 1, Failures: 0, Errors: 0, Skipped: 0, Time elapsed: 0 s - in com.thealgorithms.datastructures.queues.LinkedQueueTest
[64c9ea4a-5234-4968-aa9e-0ccdd40f93c0/build]   | [INFO] Running com.thealgorithms.datastructures.caches.MRUCacheTest
[64c9ea4a-5234-4968-aa9e-0ccdd40f93c0/build]   | [INFO] Tests run: 4, Failures: 0, Errors: 0, Skipped: 0, Time elapsed: 0.001 s - in com.thealgorithms.datastructures.caches.MRUCacheTest
[64c9ea4a-5234-4968-aa9e-0ccdd40f93c0/build]   | [INFO] Running com.thealgorithms.datastructures.caches.LRUCacheTest
[64c9ea4a-5234-4968-aa9e-0ccdd40f93c0/build]   | [INFO] Tests run: 4, Failures: 0, Errors: 0, Skipped: 0, Time elapsed: 0.003 s - in com.thealgorithms.datastructures.caches.LRUCacheTest
[64c9ea4a-5234-4968-aa9e-0ccdd40f93c0/build]   | [INFO] Running com.thealgorithms.datastructures.caches.LFUCacheTest
[64c9ea4a-5234-4968-aa9e-0ccdd40f93c0/build]   | [INFO] Tests run: 3, Failures: 0, Errors: 0, Skipped: 0, Time elapsed: 0.001 s - in com.thealgorithms.datastructures.caches.LFUCacheTest
[64c9ea4a-5234-4968-aa9e-0ccdd40f93c0/build]   | [INFO] Running com.thealgorithms.datastructures.graphs.TarjansAlgorithmTest
[64c9ea4a-5234-4968-aa9e-0ccdd40f93c0/build]   | [INFO] Tests run: 2, Failures: 0, Errors: 0, Skipped: 0, Time elapsed: 0 s - in com.thealgorithms.datastructures.graphs.TarjansAlgorithmTest
[64c9ea4a-5234-4968-aa9e-0ccdd40f93c0/build]   | [INFO] Running com.thealgorithms.datastructures.graphs.HamiltonianCycleTest
[64c9ea4a-5234-4968-aa9e-0ccdd40f93c0/build]   | [INFO] Tests run: 2, Failures: 0, Errors: 0, Skipped: 0, Time elapsed: 0 s - in com.thealgorithms.datastructures.graphs.HamiltonianCycleTest
[64c9ea4a-5234-4968-aa9e-0ccdd40f93c0/build]   | [INFO] Running com.thealgorithms.datastructures.graphs.KosarajuTest
[64c9ea4a-5234-4968-aa9e-0ccdd40f93c0/build]   | [INFO] Tests run: 2, Failures: 0, Errors: 0, Skipped: 0, Time elapsed: 0.001 s - in com.thealgorithms.datastructures.graphs.KosarajuTest
[64c9ea4a-5234-4968-aa9e-0ccdd40f93c0/build]   | [INFO] Running com.thealgorithms.datastructures.trees.SameTreesCheckTest
[64c9ea4a-5234-4968-aa9e-0ccdd40f93c0/build]   | [INFO] Tests run: 6, Failures: 0, Errors: 0, Skipped: 0, Time elapsed: 0.001 s - in com.thealgorithms.datastructures.trees.SameTreesCheckTest
[64c9ea4a-5234-4968-aa9e-0ccdd40f93c0/build]   | [INFO] Running com.thealgorithms.datastructures.trees.CheckBinaryTreeIsValidBSTTest
[64c9ea4a-5234-4968-aa9e-0ccdd40f93c0/build]   | [INFO] Tests run: 5, Failures: 0, Errors: 0, Skipped: 0, Time elapsed: 0.001 s - in com.thealgorithms.datastructures.trees.CheckBinaryTreeIsValidBSTTest
[64c9ea4a-5234-4968-aa9e-0ccdd40f93c0/build]   | [INFO] Running com.thealgorithms.datastructures.trees.LazySegmentTreeTest
[64c9ea4a-5234-4968-aa9e-0ccdd40f93c0/build]   | [INFO] Tests run: 4, Failures: 0, Errors: 0, Skipped: 0, Time elapsed: 0.002 s - in com.thealgorithms.datastructures.trees.LazySegmentTreeTest
[64c9ea4a-5234-4968-aa9e-0ccdd40f93c0/build]   | [INFO] Running com.thealgorithms.datastructures.trees.KDTreeTest
[64c9ea4a-5234-4968-aa9e-0ccdd40f93c0/build]   | [INFO] Tests run: 3, Failures: 0, Errors: 0, Skipped: 0, Time elapsed: 0.004 s - in com.thealgorithms.datastructures.trees.KDTreeTest
[64c9ea4a-5234-4968-aa9e-0ccdd40f93c0/build]   | [INFO] Running com.thealgorithms.datastructures.trees.PostOrderTraversalTest
[64c9ea4a-5234-4968-aa9e-0ccdd40f93c0/build]   | [INFO] Tests run: 3, Failures: 0, Errors: 0, Skipped: 0, Time elapsed: 0.001 s - in com.thealgorithms.datastructures.trees.PostOrderTraversalTest
[64c9ea4a-5234-4968-aa9e-0ccdd40f93c0/build]   | [INFO] Running com.thealgorithms.datastructures.trees.BSTFromSortedArrayTest
[64c9ea4a-5234-4968-aa9e-0ccdd40f93c0/build]   | [INFO] Tests run: 6, Failures: 0, Errors: 0, Skipped: 0, Time elapsed: 0.001 s - in com.thealgorithms.datastructures.trees.BSTFromSortedArrayTest
[64c9ea4a-5234-4968-aa9e-0ccdd40f93c0/build]   | [INFO] Running com.thealgorithms.datastructures.trees.InorderTraversalTest
[64c9ea4a-5234-4968-aa9e-0ccdd40f93c0/build]   | [INFO] Tests run: 3, Failures: 0, Errors: 0, Skipped: 0, Time elapsed: 0 s - in com.thealgorithms.datastructures.trees.InorderTraversalTest
[64c9ea4a-5234-4968-aa9e-0ccdd40f93c0/build]   | [INFO] Running com.thealgorithms.datastructures.trees.BSTRecursiveTest
[64c9ea4a-5234-4968-aa9e-0ccdd40f93c0/build]   | [INFO] Tests run: 4, Failures: 0, Errors: 0, Skipped: 0, Time elapsed: 0 s - in com.thealgorithms.datastructures.trees.BSTRecursiveTest
[64c9ea4a-5234-4968-aa9e-0ccdd40f93c0/build]   | [INFO] Running com.thealgorithms.datastructures.trees.BSTIterativeTest
[64c9ea4a-5234-4968-aa9e-0ccdd40f93c0/build]   | [INFO] Tests run: 4, Failures: 0, Errors: 0, Skipped: 0, Time elapsed: 0 s - in com.thealgorithms.datastructures.trees.BSTIterativeTest
[64c9ea4a-5234-4968-aa9e-0ccdd40f93c0/build]   | [INFO] Running com.thealgorithms.datastructures.trees.VerticalOrderTraversalTest
[64c9ea4a-5234-4968-aa9e-0ccdd40f93c0/build]   | [INFO] Tests run: 4, Failures: 0, Errors: 0, Skipped: 0, Time elapsed: 0.001 s - in com.thealgorithms.datastructures.trees.VerticalOrderTraversalTest
[64c9ea4a-5234-4968-aa9e-0ccdd40f93c0/build]   | [INFO] Running com.thealgorithms.datastructures.trees.ZigzagTraversalTest
[64c9ea4a-5234-4968-aa9e-0ccdd40f93c0/build]   | [INFO] Tests run: 4, Failures: 0, Errors: 0, Skipped: 0, Time elapsed: 0.001 s - in com.thealgorithms.datastructures.trees.ZigzagTraversalTest
[64c9ea4a-5234-4968-aa9e-0ccdd40f93c0/build]   | [INFO] Running com.thealgorithms.datastructures.trees.CeilInBinarySearchTreeTest
[64c9ea4a-5234-4968-aa9e-0ccdd40f93c0/build]   | [INFO] Tests run: 7, Failures: 0, Errors: 0, Skipped: 0, Time elapsed: 0.001 s - in com.thealgorithms.datastructures.trees.CeilInBinarySearchTreeTest
[64c9ea4a-5234-4968-aa9e-0ccdd40f93c0/build]   | [INFO] Running com.thealgorithms.datastructures.trees.CheckTreeIsSymmetricTest
[64c9ea4a-5234-4968-aa9e-0ccdd40f93c0/build]   | [INFO] Tests run: 4, Failures: 0, Errors: 0, Skipped: 0, Time elapsed: 0 s - in com.thealgorithms.datastructures.trees.CheckTreeIsSymmetricTest
[64c9ea4a-5234-4968-aa9e-0ccdd40f93c0/build]   | [INFO] Running com.thealgorithms.datastructures.trees.BinaryTreeTest
[64c9ea4a-5234-4968-aa9e-0ccdd40f93c0/build]   | 12 3 5 7 9 12 3 5 7 9 12 12 9 7 5 3 [INFO] Tests run: 4, Failures: 0, Errors: 0, Skipped: 0, Time elapsed: 0.001 s - in com.thealgorithms.datastructures.trees.BinaryTreeTest
[64c9ea4a-5234-4968-aa9e-0ccdd40f93c0/build]   | [INFO] Running com.thealgorithms.datastructures.trees.LevelOrderTraversalTest
[64c9ea4a-5234-4968-aa9e-0ccdd40f93c0/build]   | [INFO] Tests run: 4, Failures: 0, Errors: 0, Skipped: 0, Time elapsed: 0.001 s - in com.thealgorithms.datastructures.trees.LevelOrderTraversalTest
[64c9ea4a-5234-4968-aa9e-0ccdd40f93c0/build]   | [INFO] Running com.thealgorithms.datastructures.trees.CreateBinaryTreeFromInorderPreorderTest
[64c9ea4a-5234-4968-aa9e-0ccdd40f93c0/build]   | [INFO] Tests run: 6, Failures: 0, Errors: 0, Skipped: 0, Time elapsed: 0.002 s - in com.thealgorithms.datastructures.trees.CreateBinaryTreeFromInorderPreorderTest
[64c9ea4a-5234-4968-aa9e-0ccdd40f93c0/build]   | [INFO] Running com.thealgorithms.datastructures.trees.PreOrderTraversalTest
[64c9ea4a-5234-4968-aa9e-0ccdd40f93c0/build]   | [INFO] Tests run: 3, Failures: 0, Errors: 0, Skipped: 0, Time elapsed: 0 s - in com.thealgorithms.datastructures.trees.PreOrderTraversalTest
[64c9ea4a-5234-4968-aa9e-0ccdd40f93c0/build]   | [INFO] Running com.thealgorithms.searches.BinarySearch2dArrayTest
[64c9ea4a-5234-4968-aa9e-0ccdd40f93c0/build]   | [1, 2]
[64c9ea4a-5234-4968-aa9e-0ccdd40f93c0/build]   | [1, 3]
[64c9ea4a-5234-4968-aa9e-0ccdd40f93c0/build]   | [2, 1]
[64c9ea4a-5234-4968-aa9e-0ccdd40f93c0/build]   | [0, 1]
[64c9ea4a-5234-4968-aa9e-0ccdd40f93c0/build]   | [1, 1]
[64c9ea4a-5234-4968-aa9e-0ccdd40f93c0/build]   | [0, 1]
[64c9ea4a-5234-4968-aa9e-0ccdd40f93c0/build]   | [-1, -1]
[64c9ea4a-5234-4968-aa9e-0ccdd40f93c0/build]   | [2, 2]
[64c9ea4a-5234-4968-aa9e-0ccdd40f93c0/build]   | [0, 2]
[64c9ea4a-5234-4968-aa9e-0ccdd40f93c0/build]   | [0, 0]
[64c9ea4a-5234-4968-aa9e-0ccdd40f93c0/build]   | [INFO] Tests run: 11, Failures: 0, Errors: 0, Skipped: 0, Time elapsed: 0.002 s - in com.thealgorithms.searches.BinarySearch2dArrayTest
[64c9ea4a-5234-4968-aa9e-0ccdd40f93c0/build]   | [INFO] Running com.thealgorithms.searches.QuickSelectTest
[64c9ea4a-5234-4968-aa9e-0ccdd40f93c0/build]   | [INFO] Tests run: 21, Failures: 0, Errors: 0, Skipped: 0, Time elapsed: 0.014 s - in com.thealgorithms.searches.QuickSelectTest
[64c9ea4a-5234-4968-aa9e-0ccdd40f93c0/build]   | [INFO] Running com.thealgorithms.searches.sortOrderAgnosticBinarySearchTest
[64c9ea4a-5234-4968-aa9e-0ccdd40f93c0/build]   | [INFO] Tests run: 2, Failures: 0, Errors: 0, Skipped: 0, Time elapsed: 0 s - in com.thealgorithms.searches.sortOrderAgnosticBinarySearchTest
[64c9ea4a-5234-4968-aa9e-0ccdd40f93c0/build]   | [INFO] Running com.thealgorithms.searches.KMPSearchTest
[64c9ea4a-5234-4968-aa9e-0ccdd40f93c0/build]   | Found pattern at index 10
[64c9ea4a-5234-4968-aa9e-0ccdd40f93c0/build]   | 10
[64c9ea4a-5234-4968-aa9e-0ccdd40f93c0/build]   | No pattern found
[64c9ea4a-5234-4968-aa9e-0ccdd40f93c0/build]   | -1
[64c9ea4a-5234-4968-aa9e-0ccdd40f93c0/build]   | Found pattern at index 4
[64c9ea4a-5234-4968-aa9e-0ccdd40f93c0/build]   | 4
[64c9ea4a-5234-4968-aa9e-0ccdd40f93c0/build]   | Found pattern at index 0
[64c9ea4a-5234-4968-aa9e-0ccdd40f93c0/build]   | 0
[64c9ea4a-5234-4968-aa9e-0ccdd40f93c0/build]   | Found pattern at index 4
[64c9ea4a-5234-4968-aa9e-0ccdd40f93c0/build]   | 4
[64c9ea4a-5234-4968-aa9e-0ccdd40f93c0/build]   | [INFO] Tests run: 5, Failures: 0, Errors: 0, Skipped: 0, Time elapsed: 0.001 s - in com.thealgorithms.searches.KMPSearchTest
[64c9ea4a-5234-4968-aa9e-0ccdd40f93c0/build]   | [INFO] Running com.thealgorithms.searches.RabinKarpAlgorithmTest
[64c9ea4a-5234-4968-aa9e-0ccdd40f93c0/build]   | Pattern found at index 34
[64c9ea4a-5234-4968-aa9e-0ccdd40f93c0/build]   | Pattern found at index 8
[64c9ea4a-5234-4968-aa9e-0ccdd40f93c0/build]   | Pattern found at index 3
[64c9ea4a-5234-4968-aa9e-0ccdd40f93c0/build]   | Pattern found at index 0
[64c9ea4a-5234-4968-aa9e-0ccdd40f93c0/build]   | [INFO] Tests run: 5, Failures: 0, Errors: 0, Skipped: 0, Time elapsed: 0.001 s - in com.thealgorithms.searches.RabinKarpAlgorithmTest
[64c9ea4a-5234-4968-aa9e-0ccdd40f93c0/build]   | [INFO] Running com.thealgorithms.searches.HowManyTimesRotatedTest
[64c9ea4a-5234-4968-aa9e-0ccdd40f93c0/build]   | [INFO] Tests run: 1, Failures: 0, Errors: 0, Skipped: 0, Time elapsed: 0 s - in com.thealgorithms.searches.HowManyTimesRotatedTest
[64c9ea4a-5234-4968-aa9e-0ccdd40f93c0/build]   | [INFO] Running com.thealgorithms.searches.BreadthFirstSearchTest
[64c9ea4a-5234-4968-aa9e-0ccdd40f93c0/build]   | [INFO] Tests run: 3, Failures: 0, Errors: 0, Skipped: 0, Time elapsed: 0.001 s - in com.thealgorithms.searches.BreadthFirstSearchTest
[64c9ea4a-5234-4968-aa9e-0ccdd40f93c0/build]   | [INFO] Running com.thealgorithms.searches.OrderAgnosticBinarySearchTest
[64c9ea4a-5234-4968-aa9e-0ccdd40f93c0/build]   | 4
[64c9ea4a-5234-4968-aa9e-0ccdd40f93c0/build]   | 2
[64c9ea4a-5234-4968-aa9e-0ccdd40f93c0/build]   | 4
[64c9ea4a-5234-4968-aa9e-0ccdd40f93c0/build]   | 0
[64c9ea4a-5234-4968-aa9e-0ccdd40f93c0/build]   | 0
[64c9ea4a-5234-4968-aa9e-0ccdd40f93c0/build]   | -1
[64c9ea4a-5234-4968-aa9e-0ccdd40f93c0/build]   | [INFO] Tests run: 6, Failures: 0, Errors: 0, Skipped: 0, Time elapsed: 0.001 s - in com.thealgorithms.searches.OrderAgnosticBinarySearchTest
[64c9ea4a-5234-4968-aa9e-0ccdd40f93c0/build]   | [INFO] Running com.thealgorithms.searches.RowColumnWiseSorted2dArrayBinarySearchTest
[64c9ea4a-5234-4968-aa9e-0ccdd40f93c0/build]   | [INFO] Tests run: 7, Failures: 0, Errors: 0, Skipped: 0, Time elapsed: 0.001 s - in com.thealgorithms.searches.RowColumnWiseSorted2dArrayBinarySearchTest
[64c9ea4a-5234-4968-aa9e-0ccdd40f93c0/build]   | [INFO] Running com.thealgorithms.searches.TestSearchInARowAndColWiseSortedMatrix
[64c9ea4a-5234-4968-aa9e-0ccdd40f93c0/build]   | [INFO] Tests run: 2, Failures: 0, Errors: 0, Skipped: 0, Time elapsed: 0 s - in com.thealgorithms.searches.TestSearchInARowAndColWiseSortedMatrix
[64c9ea4a-5234-4968-aa9e-0ccdd40f93c0/build]   | [INFO] 
[64c9ea4a-5234-4968-aa9e-0ccdd40f93c0/build]   | [INFO] Results:
[64c9ea4a-5234-4968-aa9e-0ccdd40f93c0/build]   | [INFO] 
[64c9ea4a-5234-4968-aa9e-0ccdd40f93c0/build]   | [ERROR] Failures: 
[64c9ea4a-5234-4968-aa9e-0ccdd40f93c0/build]   | [ERROR]   FindMaxTest.testFindMaxThrowsExceptionForEmptyInput:36 Unexpected exception type thrown, expected: <java.lang.IllegalArgumentException> but was: <java.lang.ArrayIndexOutOfBoundsException>
[64c9ea4a-5234-4968-aa9e-0ccdd40f93c0/build]   | [INFO] 
[64c9ea4a-5234-4968-aa9e-0ccdd40f93c0/build]   | [ERROR] Tests run: 3851, Failures: 1, Errors: 0, Skipped: 0
[64c9ea4a-5234-4968-aa9e-0ccdd40f93c0/build]   | [INFO] 
[64c9ea4a-5234-4968-aa9e-0ccdd40f93c0/build]   | [INFO] ------------------------------------------------------------------------
[64c9ea4a-5234-4968-aa9e-0ccdd40f93c0/build]   | [INFO] BUILD FAILURE
[64c9ea4a-5234-4968-aa9e-0ccdd40f93c0/build]   | [INFO] ------------------------------------------------------------------------
[64c9ea4a-5234-4968-aa9e-0ccdd40f93c0/build]   | [INFO] Total time:  46.466 s
[64c9ea4a-5234-4968-aa9e-0ccdd40f93c0/build]   | [INFO] Finished at: 2023-11-27T02:48:48Z
[64c9ea4a-5234-4968-aa9e-0ccdd40f93c0/build]   | [INFO] ------------------------------------------------------------------------
[64c9ea4a-5234-4968-aa9e-0ccdd40f93c0/build]   | [ERROR] Failed to execute goal org.apache.maven.plugins:maven-surefire-plugin:2.22.2:test (default-test) on project Java: There are test failures.
[64c9ea4a-5234-4968-aa9e-0ccdd40f93c0/build]   | [ERROR] 
[64c9ea4a-5234-4968-aa9e-0ccdd40f93c0/build]   | [ERROR] Please refer to /tmp/8bf41f7b-52e5-42af-98af-fa2f98d23087/target/surefire-reports for the individual test results.
[64c9ea4a-5234-4968-aa9e-0ccdd40f93c0/build]   | [ERROR] Please refer to dump files (if any exist) [date].dump, [date]-jvmRun[N].dump and [date].dumpstream.
[64c9ea4a-5234-4968-aa9e-0ccdd40f93c0/build]   | [ERROR] -> [Help 1]
[64c9ea4a-5234-4968-aa9e-0ccdd40f93c0/build]   | [ERROR] 
[64c9ea4a-5234-4968-aa9e-0ccdd40f93c0/build]   | [ERROR] To see the full stack trace of the errors, re-run Maven with the -e switch.
[64c9ea4a-5234-4968-aa9e-0ccdd40f93c0/build]   | [ERROR] Re-run Maven using the -X switch to enable full debug logging.
[64c9ea4a-5234-4968-aa9e-0ccdd40f93c0/build]   | [ERROR] 
[64c9ea4a-5234-4968-aa9e-0ccdd40f93c0/build]   | [ERROR] For more information about the errors and possible solutions, please read the following articles:
[64c9ea4a-5234-4968-aa9e-0ccdd40f93c0/build]   | [ERROR] [Help 1] http://cwiki.apache.org/confluence/display/MAVEN/MojoFailureException
[64c9ea4a-5234-4968-aa9e-0ccdd40f93c0/build]   ‚ùå  Failure - Main Build with Maven
[64c9ea4a-5234-4968-aa9e-0ccdd40f93c0/build] exitcode '1': failure
[64c9ea4a-5234-4968-aa9e-0ccdd40f93c0/build] unable to get git ref: failed to identify reference (tag/branch) for the checked-out revision '4f1514980495c4daaae2eb060228a87e14cbae11'
[64c9ea4a-5234-4968-aa9e-0ccdd40f93c0/build] unable to get git ref: failed to identify reference (tag/branch) for the checked-out revision '4f1514980495c4daaae2eb060228a87e14cbae11'
[64c9ea4a-5234-4968-aa9e-0ccdd40f93c0/build] unable to get git ref: failed to identify reference (tag/branch) for the checked-out revision '4f1514980495c4daaae2eb060228a87e14cbae11'
[64c9ea4a-5234-4968-aa9e-0ccdd40f93c0/build] unable to get git ref: failed to identify reference (tag/branch) for the checked-out revision '4f1514980495c4daaae2eb060228a87e14cbae11'
[64c9ea4a-5234-4968-aa9e-0ccdd40f93c0/build] unable to get git ref: failed to identify reference (tag/branch) for the checked-out revision '4f1514980495c4daaae2eb060228a87e14cbae11'
[64c9ea4a-5234-4968-aa9e-0ccdd40f93c0/build] ‚≠ê Run Post Set up JDK 17
[64c9ea4a-5234-4968-aa9e-0ccdd40f93c0/build]   üê≥  docker exec cmd=[node /var/run/act/actions/actions-setup-java@v2/dist/cleanup/index.js] user= workdir=
[64c9ea4a-5234-4968-aa9e-0ccdd40f93c0/build]   ‚úÖ  Success - Post Set up JDK 17
[64c9ea4a-5234-4968-aa9e-0ccdd40f93c0/build] üèÅ  Job failed
[64c9ea4a-5234-4968-aa9e-0ccdd40f93c0/build] unable to get git ref: failed to identify reference (tag/branch) for the checked-out revision '4f1514980495c4daaae2eb060228a87e14cbae11'
