[22039b98-607e-43d0-ac34-acb78fda275e/Build with JDK 8 on x64] üöÄ  Start image=gitbugactions:latest
[22039b98-607e-43d0-ac34-acb78fda275e/Build with JDK 8 on x64]   üê≥  docker pull image=gitbugactions:latest platform= username= forcePull=false
[22039b98-607e-43d0-ac34-acb78fda275e/Build with JDK 8 on x64]   üê≥  docker create image=gitbugactions:latest platform= entrypoint=["tail" "-f" "/dev/null"] cmd=[]
[22039b98-607e-43d0-ac34-acb78fda275e/Build with JDK 8 on x64]   üê≥  docker run image=gitbugactions:latest platform= entrypoint=["tail" "-f" "/dev/null"] cmd=[]
[22039b98-607e-43d0-ac34-acb78fda275e/Build with JDK 8 on x64]   üê≥  docker exec cmd=[chown -R 1012:1013 /tmp/bccab3d6-a845-47ee-8a88-dccb58014a85] user=0 workdir=
[22039b98-607e-43d0-ac34-acb78fda275e/Build with JDK 8 on x64] unable to get git ref: failed to identify reference (tag/branch) for the checked-out revision 'cd521160aae3675f8427d13b8e0db4b137dc3082'
[22039b98-607e-43d0-ac34-acb78fda275e/Build with JDK 8 on x64] unable to get git ref: failed to identify reference (tag/branch) for the checked-out revision 'cd521160aae3675f8427d13b8e0db4b137dc3082'
[22039b98-607e-43d0-ac34-acb78fda275e/Build with JDK 8 on x64] unable to get git ref: failed to identify reference (tag/branch) for the checked-out revision 'cd521160aae3675f8427d13b8e0db4b137dc3082'
[22039b98-607e-43d0-ac34-acb78fda275e/Build with JDK 8 on x64] üß™  Matrix: map[architecture:x64 java:8]
[22039b98-607e-43d0-ac34-acb78fda275e/Build with JDK 8 on x64] unable to get git ref: failed to identify reference (tag/branch) for the checked-out revision 'cd521160aae3675f8427d13b8e0db4b137dc3082'
[22039b98-607e-43d0-ac34-acb78fda275e/Build with JDK 8 on x64] unable to get git ref: failed to identify reference (tag/branch) for the checked-out revision 'cd521160aae3675f8427d13b8e0db4b137dc3082'
[22039b98-607e-43d0-ac34-acb78fda275e/Build with JDK 8 on x64] unable to get git ref: failed to identify reference (tag/branch) for the checked-out revision 'cd521160aae3675f8427d13b8e0db4b137dc3082'
[22039b98-607e-43d0-ac34-acb78fda275e/Build with JDK 8 on x64] unable to get git ref: failed to identify reference (tag/branch) for the checked-out revision 'cd521160aae3675f8427d13b8e0db4b137dc3082'
[22039b98-607e-43d0-ac34-acb78fda275e/Build with JDK 8 on x64] unable to get git ref: failed to identify reference (tag/branch) for the checked-out revision 'cd521160aae3675f8427d13b8e0db4b137dc3082'
[22039b98-607e-43d0-ac34-acb78fda275e/Build with JDK 8 on x64] unable to get git ref: failed to identify reference (tag/branch) for the checked-out revision 'cd521160aae3675f8427d13b8e0db4b137dc3082'
[22039b98-607e-43d0-ac34-acb78fda275e/Build with JDK 8 on x64] ‚≠ê Run Main actions/checkout@v3
[22039b98-607e-43d0-ac34-acb78fda275e/Build with JDK 8 on x64] unable to get git ref: failed to identify reference (tag/branch) for the checked-out revision 'cd521160aae3675f8427d13b8e0db4b137dc3082'
[22039b98-607e-43d0-ac34-acb78fda275e/Build with JDK 8 on x64] unable to get git ref: failed to identify reference (tag/branch) for the checked-out revision 'cd521160aae3675f8427d13b8e0db4b137dc3082'
[22039b98-607e-43d0-ac34-acb78fda275e/Build with JDK 8 on x64]   üê≥  docker cp src=/tmp/bccab3d6-a845-47ee-8a88-dccb58014a85/. dst=/tmp/bccab3d6-a845-47ee-8a88-dccb58014a85
[22039b98-607e-43d0-ac34-acb78fda275e/Build with JDK 8 on x64]   üê≥  docker exec cmd=[chown -R 1012:1013 /tmp/bccab3d6-a845-47ee-8a88-dccb58014a85] user=0 workdir=
[22039b98-607e-43d0-ac34-acb78fda275e/Build with JDK 8 on x64]   ‚úÖ  Success - Main actions/checkout@v3
[22039b98-607e-43d0-ac34-acb78fda275e/Build with JDK 8 on x64] unable to get git ref: failed to identify reference (tag/branch) for the checked-out revision 'cd521160aae3675f8427d13b8e0db4b137dc3082'
[22039b98-607e-43d0-ac34-acb78fda275e/Build with JDK 8 on x64] unable to get git ref: failed to identify reference (tag/branch) for the checked-out revision 'cd521160aae3675f8427d13b8e0db4b137dc3082'
[22039b98-607e-43d0-ac34-acb78fda275e/Build with JDK 8 on x64] unable to get git ref: failed to identify reference (tag/branch) for the checked-out revision 'cd521160aae3675f8427d13b8e0db4b137dc3082'
[22039b98-607e-43d0-ac34-acb78fda275e/Build with JDK 8 on x64] unable to get git ref: failed to identify reference (tag/branch) for the checked-out revision 'cd521160aae3675f8427d13b8e0db4b137dc3082'
[22039b98-607e-43d0-ac34-acb78fda275e/Build with JDK 8 on x64] unable to get git ref: failed to identify reference (tag/branch) for the checked-out revision 'cd521160aae3675f8427d13b8e0db4b137dc3082'
[22039b98-607e-43d0-ac34-acb78fda275e/Build with JDK 8 on x64] ‚≠ê Run Main Setup JDK
[22039b98-607e-43d0-ac34-acb78fda275e/Build with JDK 8 on x64] unable to get git ref: failed to identify reference (tag/branch) for the checked-out revision 'cd521160aae3675f8427d13b8e0db4b137dc3082'
[22039b98-607e-43d0-ac34-acb78fda275e/Build with JDK 8 on x64] unable to get git ref: failed to identify reference (tag/branch) for the checked-out revision 'cd521160aae3675f8427d13b8e0db4b137dc3082'
[22039b98-607e-43d0-ac34-acb78fda275e/Build with JDK 8 on x64] unable to get git ref: failed to identify reference (tag/branch) for the checked-out revision 'cd521160aae3675f8427d13b8e0db4b137dc3082'
[22039b98-607e-43d0-ac34-acb78fda275e/Build with JDK 8 on x64]   üê≥  docker cp src=/tmp/act-cache/62bc70ff-9746-495a-83b5-7d9f352fc8a3/act/actions-setup-java@v3/ dst=/var/run/act/actions/actions-setup-java@v3/
[22039b98-607e-43d0-ac34-acb78fda275e/Build with JDK 8 on x64]   üê≥  docker exec cmd=[chown -R 1012:1013 /var/run/act/actions/actions-setup-java@v3/] user=0 workdir=
[22039b98-607e-43d0-ac34-acb78fda275e/Build with JDK 8 on x64]   üê≥  docker exec cmd=[node /var/run/act/actions/actions-setup-java@v3/dist/setup/index.js] user= workdir=
[22039b98-607e-43d0-ac34-acb78fda275e/Build with JDK 8 on x64]   ‚ùì  ::group::Installed distributions
[22039b98-607e-43d0-ac34-acb78fda275e/Build with JDK 8 on x64]   | Trying to resolve the latest version from remote
[22039b98-607e-43d0-ac34-acb78fda275e/Build with JDK 8 on x64]   üí¨  ::debug::Gathering available versions from 'https://api.azul.com/zulu/download/community/v1.0/bundles/?os=linux&ext=tar.gz&bundle_type=jdk&javafx=false&arch=x86&hw_bitness=64&release_status=ga'
[22039b98-607e-43d0-ac34-acb78fda275e/Build with JDK 8 on x64]   | Resolved latest version as 8.0.392+8
[22039b98-607e-43d0-ac34-acb78fda275e/Build with JDK 8 on x64]   | Trying to download...
[22039b98-607e-43d0-ac34-acb78fda275e/Build with JDK 8 on x64]   | Downloading Java 8.0.392+8 (Zulu) from https://cdn.azul.com/zulu/bin/zulu8.74.0.17-ca-jdk8.0.392-linux_x64.tar.gz ...
[22039b98-607e-43d0-ac34-acb78fda275e/Build with JDK 8 on x64]   üí¨  ::debug::Downloading https://cdn.azul.com/zulu/bin/zulu8.74.0.17-ca-jdk8.0.392-linux_x64.tar.gz
[22039b98-607e-43d0-ac34-acb78fda275e/Build with JDK 8 on x64]   üí¨  ::debug::Destination /tmp/88f111b6-cd95-4368-b633-929cb89c8bf6
[22039b98-607e-43d0-ac34-acb78fda275e/Build with JDK 8 on x64]   üí¨  ::debug::download complete
[22039b98-607e-43d0-ac34-acb78fda275e/Build with JDK 8 on x64]   | Extracting Java archive...
[22039b98-607e-43d0-ac34-acb78fda275e/Build with JDK 8 on x64]   üí¨  ::debug::Checking tar --version
[22039b98-607e-43d0-ac34-acb78fda275e/Build with JDK 8 on x64]   üí¨  ::debug::tar (GNU tar) 1.34%0ACopyright (C) 2021 Free Software Foundation, Inc.%0ALicense GPLv3+: GNU GPL version 3 or later <https://gnu.org/licenses/gpl.html>.%0AThis is free software: you are free to change and redistribute it.%0AThere is NO WARRANTY, to the extent permitted by law.%0A%0AWritten by John Gilmore and Jay Fenlason.
[22039b98-607e-43d0-ac34-acb78fda275e/Build with JDK 8 on x64]   | [command]/usr/bin/tar xz --warning=no-unknown-keyword -C /tmp/318d2b84-a8c2-481f-94c0-3ee33aff9efa -f /tmp/88f111b6-cd95-4368-b633-929cb89c8bf6
[22039b98-607e-43d0-ac34-acb78fda275e/Build with JDK 8 on x64]   üí¨  ::debug::Caching tool Java_Zulu_jdk 8.0.392-8 x64
[22039b98-607e-43d0-ac34-acb78fda275e/Build with JDK 8 on x64]   üí¨  ::debug::source dir: /tmp/318d2b84-a8c2-481f-94c0-3ee33aff9efa/zulu8.74.0.17-ca-jdk8.0.392-linux_x64
[22039b98-607e-43d0-ac34-acb78fda275e/Build with JDK 8 on x64]   üí¨  ::debug::destination /opt/hostedtoolcache/Java_Zulu_jdk/8.0.392-8/x64
[22039b98-607e-43d0-ac34-acb78fda275e/Build with JDK 8 on x64]   üí¨  ::debug::finished caching tool
[22039b98-607e-43d0-ac34-acb78fda275e/Build with JDK 8 on x64]   | Java 8.0.392+8 was downloaded
[22039b98-607e-43d0-ac34-acb78fda275e/Build with JDK 8 on x64]   | Setting Java 8.0.392+8 as the default
[22039b98-607e-43d0-ac34-acb78fda275e/Build with JDK 8 on x64]   | Creating toolchains.xml for JDK version 8 from zulu
[22039b98-607e-43d0-ac34-acb78fda275e/Build with JDK 8 on x64]   | Writing to /home/runner/.m2/toolchains.xml
[22039b98-607e-43d0-ac34-acb78fda275e/Build with JDK 8 on x64]   | 
[22039b98-607e-43d0-ac34-acb78fda275e/Build with JDK 8 on x64]   | Java configuration:
[22039b98-607e-43d0-ac34-acb78fda275e/Build with JDK 8 on x64]   |   Distribution: zulu
[22039b98-607e-43d0-ac34-acb78fda275e/Build with JDK 8 on x64]   |   Version: 8.0.392+8
[22039b98-607e-43d0-ac34-acb78fda275e/Build with JDK 8 on x64]   |   Path: /opt/hostedtoolcache/Java_Zulu_jdk/8.0.392-8/x64
[22039b98-607e-43d0-ac34-acb78fda275e/Build with JDK 8 on x64]   | 
[22039b98-607e-43d0-ac34-acb78fda275e/Build with JDK 8 on x64]   ‚ùì  ::endgroup::
[22039b98-607e-43d0-ac34-acb78fda275e/Build with JDK 8 on x64]   ‚ùì add-matcher /run/act/actions/actions-setup-java@v3/.github/java.json
[22039b98-607e-43d0-ac34-acb78fda275e/Build with JDK 8 on x64]   | Creating settings.xml with server-id: github
[22039b98-607e-43d0-ac34-acb78fda275e/Build with JDK 8 on x64]   | Writing to /home/runner/.m2/settings.xml
[22039b98-607e-43d0-ac34-acb78fda275e/Build with JDK 8 on x64]   ‚úÖ  Success - Main Setup JDK
[22039b98-607e-43d0-ac34-acb78fda275e/Build with JDK 8 on x64]   ‚öô  ::set-env:: JAVA_HOME_8_X64=/opt/hostedtoolcache/Java_Zulu_jdk/8.0.392-8/x64
[22039b98-607e-43d0-ac34-acb78fda275e/Build with JDK 8 on x64]   ‚öô  ::set-env:: JAVA_HOME=/opt/hostedtoolcache/Java_Zulu_jdk/8.0.392-8/x64
[22039b98-607e-43d0-ac34-acb78fda275e/Build with JDK 8 on x64]   ‚öô  ::set-output:: path=/opt/hostedtoolcache/Java_Zulu_jdk/8.0.392-8/x64
[22039b98-607e-43d0-ac34-acb78fda275e/Build with JDK 8 on x64]   ‚öô  ::set-output:: version=8.0.392+8
[22039b98-607e-43d0-ac34-acb78fda275e/Build with JDK 8 on x64]   ‚öô  ::set-output:: distribution=Zulu
[22039b98-607e-43d0-ac34-acb78fda275e/Build with JDK 8 on x64]   ‚öô  ::add-path:: /opt/hostedtoolcache/Java_Zulu_jdk/8.0.392-8/x64/bin
[22039b98-607e-43d0-ac34-acb78fda275e/Build with JDK 8 on x64] unable to get git ref: failed to identify reference (tag/branch) for the checked-out revision 'cd521160aae3675f8427d13b8e0db4b137dc3082'
[22039b98-607e-43d0-ac34-acb78fda275e/Build with JDK 8 on x64] unable to get git ref: failed to identify reference (tag/branch) for the checked-out revision 'cd521160aae3675f8427d13b8e0db4b137dc3082'
[22039b98-607e-43d0-ac34-acb78fda275e/Build with JDK 8 on x64] unable to get git ref: failed to identify reference (tag/branch) for the checked-out revision 'cd521160aae3675f8427d13b8e0db4b137dc3082'
[22039b98-607e-43d0-ac34-acb78fda275e/Build with JDK 8 on x64] unable to get git ref: failed to identify reference (tag/branch) for the checked-out revision 'cd521160aae3675f8427d13b8e0db4b137dc3082'
[22039b98-607e-43d0-ac34-acb78fda275e/Build with JDK 8 on x64] unable to get git ref: failed to identify reference (tag/branch) for the checked-out revision 'cd521160aae3675f8427d13b8e0db4b137dc3082'
[22039b98-607e-43d0-ac34-acb78fda275e/Build with JDK 8 on x64] ‚≠ê Run Main Build with Maven
[22039b98-607e-43d0-ac34-acb78fda275e/Build with JDK 8 on x64] unable to get git ref: failed to identify reference (tag/branch) for the checked-out revision 'cd521160aae3675f8427d13b8e0db4b137dc3082'
[22039b98-607e-43d0-ac34-acb78fda275e/Build with JDK 8 on x64] unable to get git ref: failed to identify reference (tag/branch) for the checked-out revision 'cd521160aae3675f8427d13b8e0db4b137dc3082'
[22039b98-607e-43d0-ac34-acb78fda275e/Build with JDK 8 on x64] unable to get git ref: failed to identify reference (tag/branch) for the checked-out revision 'cd521160aae3675f8427d13b8e0db4b137dc3082'
[22039b98-607e-43d0-ac34-acb78fda275e/Build with JDK 8 on x64] unable to get git ref: failed to identify reference (tag/branch) for the checked-out revision 'cd521160aae3675f8427d13b8e0db4b137dc3082'
[22039b98-607e-43d0-ac34-acb78fda275e/Build with JDK 8 on x64]   üê≥  docker exec cmd=[bash --noprofile --norc -e -o pipefail /var/run/act/workflow/2] user= workdir=
[22039b98-607e-43d0-ac34-acb78fda275e/Build with JDK 8 on x64]   | [INFO] Scanning for projects...
[22039b98-607e-43d0-ac34-acb78fda275e/Build with JDK 8 on x64]   | [WARNING] 
[22039b98-607e-43d0-ac34-acb78fda275e/Build with JDK 8 on x64]   | [WARNING] Some problems were encountered while building the effective model for org.assertj:assertj-vavr:jar:0.4.3-SNAPSHOT
[22039b98-607e-43d0-ac34-acb78fda275e/Build with JDK 8 on x64]   | [WARNING] The expression ${inceptionYear} is deprecated. Please use ${project.inceptionYear} instead.
[22039b98-607e-43d0-ac34-acb78fda275e/Build with JDK 8 on x64]   | [WARNING] 
[22039b98-607e-43d0-ac34-acb78fda275e/Build with JDK 8 on x64]   | [WARNING] It is highly recommended to fix these problems because they threaten the stability of your build.
[22039b98-607e-43d0-ac34-acb78fda275e/Build with JDK 8 on x64]   | [WARNING] 
[22039b98-607e-43d0-ac34-acb78fda275e/Build with JDK 8 on x64]   | [WARNING] For this reason, future Maven versions might no longer support building such malformed projects.
[22039b98-607e-43d0-ac34-acb78fda275e/Build with JDK 8 on x64]   | [WARNING] 
[22039b98-607e-43d0-ac34-acb78fda275e/Build with JDK 8 on x64]   | [INFO] Inspecting build with total of 1 modules...
[22039b98-607e-43d0-ac34-acb78fda275e/Build with JDK 8 on x64]   | [INFO] Installing Nexus Staging features:
[22039b98-607e-43d0-ac34-acb78fda275e/Build with JDK 8 on x64]   | [INFO]   ... total of 1 executions of maven-deploy-plugin replaced with nexus-staging-maven-plugin
[22039b98-607e-43d0-ac34-acb78fda275e/Build with JDK 8 on x64]   | [INFO] 
[22039b98-607e-43d0-ac34-acb78fda275e/Build with JDK 8 on x64]   | [INFO] ----------------------< org.assertj:assertj-vavr >----------------------
[22039b98-607e-43d0-ac34-acb78fda275e/Build with JDK 8 on x64]   | [INFO] Building AssertJ fluent assertions for Vavr 0.4.3-SNAPSHOT
[22039b98-607e-43d0-ac34-acb78fda275e/Build with JDK 8 on x64]   | [INFO]   from pom.xml
[22039b98-607e-43d0-ac34-acb78fda275e/Build with JDK 8 on x64]   | [INFO] --------------------------------[ jar ]---------------------------------
[22039b98-607e-43d0-ac34-acb78fda275e/Build with JDK 8 on x64]   | [INFO] 
[22039b98-607e-43d0-ac34-acb78fda275e/Build with JDK 8 on x64]   | [INFO] --- maven-enforcer-plugin:3.0.0:enforce (enforce-maven) @ assertj-vavr ---
[22039b98-607e-43d0-ac34-acb78fda275e/Build with JDK 8 on x64]   | [INFO] 
[22039b98-607e-43d0-ac34-acb78fda275e/Build with JDK 8 on x64]   | [INFO] --- jacoco-maven-plugin:0.8.8:prepare-agent (prepare-agent) @ assertj-vavr ---
[22039b98-607e-43d0-ac34-acb78fda275e/Build with JDK 8 on x64]   | [INFO] argLine set to -javaagent:/home/runner/.m2/repository/org/jacoco/org.jacoco.agent/0.8.8/org.jacoco.agent-0.8.8-runtime.jar=destfile=/tmp/bccab3d6-a845-47ee-8a88-dccb58014a85/target/jacoco.exec
[22039b98-607e-43d0-ac34-acb78fda275e/Build with JDK 8 on x64]   | [INFO] 
[22039b98-607e-43d0-ac34-acb78fda275e/Build with JDK 8 on x64]   | [INFO] --- maven-resources-plugin:3.2.0:resources (default-resources) @ assertj-vavr ---
[22039b98-607e-43d0-ac34-acb78fda275e/Build with JDK 8 on x64]   | [INFO] Using 'UTF-8' encoding to copy filtered resources.
[22039b98-607e-43d0-ac34-acb78fda275e/Build with JDK 8 on x64]   | [INFO] Using 'UTF-8' encoding to copy filtered properties files.
[22039b98-607e-43d0-ac34-acb78fda275e/Build with JDK 8 on x64]   | [INFO] skip non existing resourceDirectory /tmp/bccab3d6-a845-47ee-8a88-dccb58014a85/src/main/resources
[22039b98-607e-43d0-ac34-acb78fda275e/Build with JDK 8 on x64]   | [INFO] 
[22039b98-607e-43d0-ac34-acb78fda275e/Build with JDK 8 on x64]   | [INFO] --- maven-compiler-plugin:3.10.1:compile (default-compile) @ assertj-vavr ---
[22039b98-607e-43d0-ac34-acb78fda275e/Build with JDK 8 on x64]   | [INFO] Changes detected - recompiling the module!
[22039b98-607e-43d0-ac34-acb78fda275e/Build with JDK 8 on x64]   | [INFO] Compiling 52 source files to /tmp/bccab3d6-a845-47ee-8a88-dccb58014a85/target/classes
[22039b98-607e-43d0-ac34-acb78fda275e/Build with JDK 8 on x64]   | [INFO] /tmp/bccab3d6-a845-47ee-8a88-dccb58014a85/src/main/java/org/assertj/vavr/api/AbstractEitherAssert.java: Some input files use or override a deprecated API.
[22039b98-607e-43d0-ac34-acb78fda275e/Build with JDK 8 on x64]   | [INFO] /tmp/bccab3d6-a845-47ee-8a88-dccb58014a85/src/main/java/org/assertj/vavr/api/AbstractEitherAssert.java: Recompile with -Xlint:deprecation for details.
[22039b98-607e-43d0-ac34-acb78fda275e/Build with JDK 8 on x64]   | [INFO] /tmp/bccab3d6-a845-47ee-8a88-dccb58014a85/src/main/java/org/assertj/vavr/api/AbstractSeqAssert.java: Some input files use unchecked or unsafe operations.
[22039b98-607e-43d0-ac34-acb78fda275e/Build with JDK 8 on x64]   | [INFO] /tmp/bccab3d6-a845-47ee-8a88-dccb58014a85/src/main/java/org/assertj/vavr/api/AbstractSeqAssert.java: Recompile with -Xlint:unchecked for details.
[22039b98-607e-43d0-ac34-acb78fda275e/Build with JDK 8 on x64]   | [INFO] 
[22039b98-607e-43d0-ac34-acb78fda275e/Build with JDK 8 on x64]   | [INFO] --- maven-resources-plugin:3.2.0:testResources (default-testResources) @ assertj-vavr ---
[22039b98-607e-43d0-ac34-acb78fda275e/Build with JDK 8 on x64]   | [INFO] Using 'UTF-8' encoding to copy filtered resources.
[22039b98-607e-43d0-ac34-acb78fda275e/Build with JDK 8 on x64]   | [INFO] Using 'UTF-8' encoding to copy filtered properties files.
[22039b98-607e-43d0-ac34-acb78fda275e/Build with JDK 8 on x64]   | [INFO] skip non existing resourceDirectory /tmp/bccab3d6-a845-47ee-8a88-dccb58014a85/src/test/resources
[22039b98-607e-43d0-ac34-acb78fda275e/Build with JDK 8 on x64]   | [INFO] 
[22039b98-607e-43d0-ac34-acb78fda275e/Build with JDK 8 on x64]   | [INFO] --- maven-compiler-plugin:3.10.1:testCompile (default-testCompile) @ assertj-vavr ---
[22039b98-607e-43d0-ac34-acb78fda275e/Build with JDK 8 on x64]   | [INFO] Changes detected - recompiling the module!
[22039b98-607e-43d0-ac34-acb78fda275e/Build with JDK 8 on x64]   | [INFO] Compiling 137 source files to /tmp/bccab3d6-a845-47ee-8a88-dccb58014a85/target/test-classes
[22039b98-607e-43d0-ac34-acb78fda275e/Build with JDK 8 on x64]   | [INFO] /tmp/bccab3d6-a845-47ee-8a88-dccb58014a85/src/test/java/org/assertj/vavr/api/soft/SoftVavrAssertionsHelper.java: Some input files use unchecked or unsafe operations.
[22039b98-607e-43d0-ac34-acb78fda275e/Build with JDK 8 on x64]   | [INFO] /tmp/bccab3d6-a845-47ee-8a88-dccb58014a85/src/test/java/org/assertj/vavr/api/soft/SoftVavrAssertionsHelper.java: Recompile with -Xlint:unchecked for details.
[22039b98-607e-43d0-ac34-acb78fda275e/Build with JDK 8 on x64]   | [INFO] 
[22039b98-607e-43d0-ac34-acb78fda275e/Build with JDK 8 on x64]   | [INFO] --- maven-surefire-plugin:2.22.2:test (default-test) @ assertj-vavr ---
[22039b98-607e-43d0-ac34-acb78fda275e/Build with JDK 8 on x64]   | [INFO] 
[22039b98-607e-43d0-ac34-acb78fda275e/Build with JDK 8 on x64]   | [INFO] -------------------------------------------------------
[22039b98-607e-43d0-ac34-acb78fda275e/Build with JDK 8 on x64]   | [INFO]  T E S T S
[22039b98-607e-43d0-ac34-acb78fda275e/Build with JDK 8 on x64]   | [INFO] -------------------------------------------------------
[22039b98-607e-43d0-ac34-acb78fda275e/Build with JDK 8 on x64]   | [INFO] Running org.assertj.vavr.api.MapAssert_contains_anyOf_entries_Test
[22039b98-607e-43d0-ac34-acb78fda275e/Build with JDK 8 on x64]   | [INFO] Tests run: 7, Failures: 0, Errors: 0, Skipped: 0, Time elapsed: 0.36 s - in org.assertj.vavr.api.MapAssert_contains_anyOf_entries_Test
[22039b98-607e-43d0-ac34-acb78fda275e/Build with JDK 8 on x64]   | [INFO] Running org.assertj.vavr.api.Map_assertion_methods_in_assumptions_Test
[22039b98-607e-43d0-ac34-acb78fda275e/Build with JDK 8 on x64]   | [INFO] Tests run: 34, Failures: 0, Errors: 0, Skipped: 0, Time elapsed: 1.89 s - in org.assertj.vavr.api.Map_assertion_methods_in_assumptions_Test
[22039b98-607e-43d0-ac34-acb78fda275e/Build with JDK 8 on x64]   | [INFO] Running org.assertj.vavr.api.MultimapAssert_containsExactly_Test
[22039b98-607e-43d0-ac34-acb78fda275e/Build with JDK 8 on x64]   | [INFO] Tests run: 9, Failures: 0, Errors: 0, Skipped: 0, Time elapsed: 0.044 s - in org.assertj.vavr.api.MultimapAssert_containsExactly_Test
[22039b98-607e-43d0-ac34-acb78fda275e/Build with JDK 8 on x64]   | [INFO] Running org.assertj.vavr.api.TryAssert_isSuccess_Test
[22039b98-607e-43d0-ac34-acb78fda275e/Build with JDK 8 on x64]   | [INFO] Tests run: 3, Failures: 0, Errors: 0, Skipped: 0, Time elapsed: 0.027 s - in org.assertj.vavr.api.TryAssert_isSuccess_Test
[22039b98-607e-43d0-ac34-acb78fda275e/Build with JDK 8 on x64]   | [INFO] Running org.assertj.vavr.api.EitherAssert_hasRightValueSatisfying_Test
[22039b98-607e-43d0-ac34-acb78fda275e/Build with JDK 8 on x64]   | [INFO] Tests run: 4, Failures: 0, Errors: 0, Skipped: 0, Time elapsed: 0.013 s - in org.assertj.vavr.api.EitherAssert_hasRightValueSatisfying_Test
[22039b98-607e-43d0-ac34-acb78fda275e/Build with JDK 8 on x64]   | [INFO] Running org.assertj.vavr.api.SeqAssert_isSortedAccordingTo_Test
[22039b98-607e-43d0-ac34-acb78fda275e/Build with JDK 8 on x64]   | [INFO] Tests run: 6, Failures: 0, Errors: 0, Skipped: 0, Time elapsed: 0.027 s - in org.assertj.vavr.api.SeqAssert_isSortedAccordingTo_Test
[22039b98-607e-43d0-ac34-acb78fda275e/Build with JDK 8 on x64]   | [INFO] Running org.assertj.vavr.api.MultimapAssert_containsValue_Test
[22039b98-607e-43d0-ac34-acb78fda275e/Build with JDK 8 on x64]   | [INFO] Tests run: 4, Failures: 0, Errors: 0, Skipped: 0, Time elapsed: 0.011 s - in org.assertj.vavr.api.MultimapAssert_containsValue_Test
[22039b98-607e-43d0-ac34-acb78fda275e/Build with JDK 8 on x64]   | [INFO] Running org.assertj.vavr.api.TryAssert_containsInstanceOf_Test
[22039b98-607e-43d0-ac34-acb78fda275e/Build with JDK 8 on x64]   | [INFO] Tests run: 4, Failures: 0, Errors: 0, Skipped: 0, Time elapsed: 0.01 s - in org.assertj.vavr.api.TryAssert_containsInstanceOf_Test
[22039b98-607e-43d0-ac34-acb78fda275e/Build with JDK 8 on x64]   | [INFO] Running org.assertj.vavr.api.MapAssert_doesNotContainKey_Test
[22039b98-607e-43d0-ac34-acb78fda275e/Build with JDK 8 on x64]   | [INFO] Tests run: 5, Failures: 0, Errors: 0, Skipped: 0, Time elapsed: 0.01 s - in org.assertj.vavr.api.MapAssert_doesNotContainKey_Test
[22039b98-607e-43d0-ac34-acb78fda275e/Build with JDK 8 on x64]   | [INFO] Running org.assertj.vavr.api.MapAssert_contains_entries_Test
[22039b98-607e-43d0-ac34-acb78fda275e/Build with JDK 8 on x64]   | [INFO] Tests run: 7, Failures: 0, Errors: 0, Skipped: 0, Time elapsed: 0.005 s - in org.assertj.vavr.api.MapAssert_contains_entries_Test
[22039b98-607e-43d0-ac34-acb78fda275e/Build with JDK 8 on x64]   | [INFO] Running org.assertj.vavr.api.ValidationAssert_containsInvalid_usingValueComparator_Test
[22039b98-607e-43d0-ac34-acb78fda275e/Build with JDK 8 on x64]   | [INFO] Tests run: 5, Failures: 0, Errors: 0, Skipped: 0, Time elapsed: 0.024 s - in org.assertj.vavr.api.ValidationAssert_containsInvalid_usingValueComparator_Test
[22039b98-607e-43d0-ac34-acb78fda275e/Build with JDK 8 on x64]   | [INFO] Running org.assertj.vavr.api.EitherAssert_isRight_Test
[22039b98-607e-43d0-ac34-acb78fda275e/Build with JDK 8 on x64]   | [INFO] Tests run: 3, Failures: 0, Errors: 0, Skipped: 0, Time elapsed: 0.005 s - in org.assertj.vavr.api.EitherAssert_isRight_Test
[22039b98-607e-43d0-ac34-acb78fda275e/Build with JDK 8 on x64]   | [INFO] Running org.assertj.vavr.api.SetAssert_hasSize_Test
[22039b98-607e-43d0-ac34-acb78fda275e/Build with JDK 8 on x64]   | [INFO] Tests run: 3, Failures: 0, Errors: 0, Skipped: 0, Time elapsed: 0.009 s - in org.assertj.vavr.api.SetAssert_hasSize_Test
[22039b98-607e-43d0-ac34-acb78fda275e/Build with JDK 8 on x64]   | [INFO] Running org.assertj.vavr.api.EitherAssert_containsLeftInstanceOf_Test
[22039b98-607e-43d0-ac34-acb78fda275e/Build with JDK 8 on x64]   | [INFO] Tests run: 5, Failures: 0, Errors: 0, Skipped: 0, Time elapsed: 0.001 s - in org.assertj.vavr.api.EitherAssert_containsLeftInstanceOf_Test
[22039b98-607e-43d0-ac34-acb78fda275e/Build with JDK 8 on x64]   | [INFO] Running org.assertj.vavr.api.ValidationAssert_containsValid_usingFieldByFieldValueComparator_Test
[22039b98-607e-43d0-ac34-acb78fda275e/Build with JDK 8 on x64]   | [INFO] Tests run: 4, Failures: 0, Errors: 0, Skipped: 0, Time elapsed: 0.018 s - in org.assertj.vavr.api.ValidationAssert_containsValid_usingFieldByFieldValueComparator_Test
[22039b98-607e-43d0-ac34-acb78fda275e/Build with JDK 8 on x64]   | [INFO] Running org.assertj.vavr.api.MultimapAssert_hasSizeLessThan_Test
[22039b98-607e-43d0-ac34-acb78fda275e/Build with JDK 8 on x64]   | [INFO] Tests run: 3, Failures: 0, Errors: 0, Skipped: 0, Time elapsed: 0.004 s - in org.assertj.vavr.api.MultimapAssert_hasSizeLessThan_Test
[22039b98-607e-43d0-ac34-acb78fda275e/Build with JDK 8 on x64]   | [INFO] Running org.assertj.vavr.api.LazyAssert_isEvaluated_Test
[22039b98-607e-43d0-ac34-acb78fda275e/Build with JDK 8 on x64]   | [INFO] Tests run: 3, Failures: 0, Errors: 0, Skipped: 0, Time elapsed: 0.006 s - in org.assertj.vavr.api.LazyAssert_isEvaluated_Test
[22039b98-607e-43d0-ac34-acb78fda275e/Build with JDK 8 on x64]   | [INFO] Running org.assertj.vavr.api.Lazy_assertion_methods_in_assumptions_Test
[22039b98-607e-43d0-ac34-acb78fda275e/Build with JDK 8 on x64]   | [INFO] Tests run: 4, Failures: 0, Errors: 0, Skipped: 0, Time elapsed: 0.213 s - in org.assertj.vavr.api.Lazy_assertion_methods_in_assumptions_Test
[22039b98-607e-43d0-ac34-acb78fda275e/Build with JDK 8 on x64]   | [INFO] Running org.assertj.vavr.api.TryAssert_failReasonHasMessage_Test
[22039b98-607e-43d0-ac34-acb78fda275e/Build with JDK 8 on x64]   | [INFO] Tests run: 4, Failures: 0, Errors: 0, Skipped: 0, Time elapsed: 0.025 s - in org.assertj.vavr.api.TryAssert_failReasonHasMessage_Test
[22039b98-607e-43d0-ac34-acb78fda275e/Build with JDK 8 on x64]   | [INFO] Running org.assertj.vavr.api.ValidationAssert_containsInvalid_Test
[22039b98-607e-43d0-ac34-acb78fda275e/Build with JDK 8 on x64]   | [INFO] Tests run: 5, Failures: 0, Errors: 0, Skipped: 0, Time elapsed: 0.004 s - in org.assertj.vavr.api.ValidationAssert_containsInvalid_Test
[22039b98-607e-43d0-ac34-acb78fda275e/Build with JDK 8 on x64]   | [INFO] Running org.assertj.vavr.api.MultimapAssert_contains_anyOf_entries_Test
[22039b98-607e-43d0-ac34-acb78fda275e/Build with JDK 8 on x64]   | [INFO] Tests run: 7, Failures: 0, Errors: 0, Skipped: 0, Time elapsed: 0.006 s - in org.assertj.vavr.api.MultimapAssert_contains_anyOf_entries_Test
[22039b98-607e-43d0-ac34-acb78fda275e/Build with JDK 8 on x64]   | [INFO] Running org.assertj.vavr.api.EitherAssert_containsRightSame_Test
[22039b98-607e-43d0-ac34-acb78fda275e/Build with JDK 8 on x64]   | [INFO] Tests run: 4, Failures: 0, Errors: 0, Skipped: 0, Time elapsed: 0.006 s - in org.assertj.vavr.api.EitherAssert_containsRightSame_Test
[22039b98-607e-43d0-ac34-acb78fda275e/Build with JDK 8 on x64]   | [INFO] Running org.assertj.vavr.api.ValidationAssert_containsInvalidSame_Test
[22039b98-607e-43d0-ac34-acb78fda275e/Build with JDK 8 on x64]   | [INFO] Tests run: 5, Failures: 0, Errors: 0, Skipped: 0, Time elapsed: 0.004 s - in org.assertj.vavr.api.ValidationAssert_containsInvalidSame_Test
[22039b98-607e-43d0-ac34-acb78fda275e/Build with JDK 8 on x64]   | [INFO] Running org.assertj.vavr.api.MapAssert_hasSameSizeAs_Array_Test
[22039b98-607e-43d0-ac34-acb78fda275e/Build with JDK 8 on x64]   | [INFO] Tests run: 5, Failures: 0, Errors: 0, Skipped: 0, Time elapsed: 0.005 s - in org.assertj.vavr.api.MapAssert_hasSameSizeAs_Array_Test
[22039b98-607e-43d0-ac34-acb78fda275e/Build with JDK 8 on x64]   | [INFO] Running org.assertj.vavr.api.Either_assertion_methods_in_assumptions_Test
[22039b98-607e-43d0-ac34-acb78fda275e/Build with JDK 8 on x64]   | [INFO] Tests run: 16, Failures: 0, Errors: 0, Skipped: 0, Time elapsed: 0.31 s - in org.assertj.vavr.api.Either_assertion_methods_in_assumptions_Test
[22039b98-607e-43d0-ac34-acb78fda275e/Build with JDK 8 on x64]   | [INFO] Running org.assertj.vavr.api.MultimapAssert_doesNotContainValues_Test
[22039b98-607e-43d0-ac34-acb78fda275e/Build with JDK 8 on x64]   | [INFO] Tests run: 4, Failures: 0, Errors: 0, Skipped: 0, Time elapsed: 0.005 s - in org.assertj.vavr.api.MultimapAssert_doesNotContainValues_Test
[22039b98-607e-43d0-ac34-acb78fda275e/Build with JDK 8 on x64]   | [INFO] Running org.assertj.vavr.api.OptionAssert_contains_usingFieldByFieldValueComparator_Test
[22039b98-607e-43d0-ac34-acb78fda275e/Build with JDK 8 on x64]   | [INFO] Tests run: 4, Failures: 0, Errors: 0, Skipped: 0, Time elapsed: 0.004 s - in org.assertj.vavr.api.OptionAssert_contains_usingFieldByFieldValueComparator_Test
[22039b98-607e-43d0-ac34-acb78fda275e/Build with JDK 8 on x64]   | [INFO] Running org.assertj.vavr.api.MultimapAssert_hasSize_Test
[22039b98-607e-43d0-ac34-acb78fda275e/Build with JDK 8 on x64]   | [INFO] Tests run: 3, Failures: 0, Errors: 0, Skipped: 0, Time elapsed: 0.001 s - in org.assertj.vavr.api.MultimapAssert_hasSize_Test
[22039b98-607e-43d0-ac34-acb78fda275e/Build with JDK 8 on x64]   | [INFO] Running org.assertj.vavr.api.SeqAssert_doesNotContain_atIndex_Test
[22039b98-607e-43d0-ac34-acb78fda275e/Build with JDK 8 on x64]   | [INFO] Tests run: 4, Failures: 0, Errors: 0, Skipped: 0, Time elapsed: 0.002 s - in org.assertj.vavr.api.SeqAssert_doesNotContain_atIndex_Test
[22039b98-607e-43d0-ac34-acb78fda275e/Build with JDK 8 on x64]   | [INFO] Running org.assertj.vavr.api.MultimapAssert_containsKeys_Test
[22039b98-607e-43d0-ac34-acb78fda275e/Build with JDK 8 on x64]   | [INFO] Tests run: 5, Failures: 0, Errors: 0, Skipped: 0, Time elapsed: 0.064 s - in org.assertj.vavr.api.MultimapAssert_containsKeys_Test
[22039b98-607e-43d0-ac34-acb78fda275e/Build with JDK 8 on x64]   | [INFO] Running org.assertj.vavr.api.MultimapAssert_doesNotContainValue_Test
[22039b98-607e-43d0-ac34-acb78fda275e/Build with JDK 8 on x64]   | [INFO] Tests run: 4, Failures: 0, Errors: 0, Skipped: 0, Time elapsed: 0.003 s - in org.assertj.vavr.api.MultimapAssert_doesNotContainValue_Test
[22039b98-607e-43d0-ac34-acb78fda275e/Build with JDK 8 on x64]   | [INFO] Running org.assertj.vavr.api.OptionAssert_map_Test
[22039b98-607e-43d0-ac34-acb78fda275e/Build with JDK 8 on x64]   | [INFO] Tests run: 3, Failures: 0, Errors: 0, Skipped: 0, Time elapsed: 0.056 s - in org.assertj.vavr.api.OptionAssert_map_Test
[22039b98-607e-43d0-ac34-acb78fda275e/Build with JDK 8 on x64]   | [INFO] Running org.assertj.vavr.api.SeqAssert_contains_atIndex_Test
[22039b98-607e-43d0-ac34-acb78fda275e/Build with JDK 8 on x64]   | [INFO] Tests run: 5, Failures: 0, Errors: 0, Skipped: 0, Time elapsed: 0.007 s - in org.assertj.vavr.api.SeqAssert_contains_atIndex_Test
[22039b98-607e-43d0-ac34-acb78fda275e/Build with JDK 8 on x64]   | [INFO] Running org.assertj.vavr.api.ValidationAssert_isValid_Test
[22039b98-607e-43d0-ac34-acb78fda275e/Build with JDK 8 on x64]   | [INFO] Tests run: 3, Failures: 0, Errors: 0, Skipped: 0, Time elapsed: 0.006 s - in org.assertj.vavr.api.ValidationAssert_isValid_Test
[22039b98-607e-43d0-ac34-acb78fda275e/Build with JDK 8 on x64]   | [INFO] Running org.assertj.vavr.api.TryAssert_hasValueSatisfying_Condition_Test
[22039b98-607e-43d0-ac34-acb78fda275e/Build with JDK 8 on x64]   | [INFO] Tests run: 4, Failures: 0, Errors: 0, Skipped: 0, Time elapsed: 0.005 s - in org.assertj.vavr.api.TryAssert_hasValueSatisfying_Condition_Test
[22039b98-607e-43d0-ac34-acb78fda275e/Build with JDK 8 on x64]   | [INFO] Running org.assertj.vavr.api.MapAssert_doesNotContainEntry_Test
[22039b98-607e-43d0-ac34-acb78fda275e/Build with JDK 8 on x64]   | [INFO] Tests run: 4, Failures: 0, Errors: 0, Skipped: 0, Time elapsed: 0.003 s - in org.assertj.vavr.api.MapAssert_doesNotContainEntry_Test
[22039b98-607e-43d0-ac34-acb78fda275e/Build with JDK 8 on x64]   | [INFO] Running org.assertj.vavr.api.EitherAssert_containsLeft_Test
[22039b98-607e-43d0-ac34-acb78fda275e/Build with JDK 8 on x64]   | [INFO] Tests run: 4, Failures: 0, Errors: 0, Skipped: 0, Time elapsed: 0.002 s - in org.assertj.vavr.api.EitherAssert_containsLeft_Test
[22039b98-607e-43d0-ac34-acb78fda275e/Build with JDK 8 on x64]   | [INFO] Running org.assertj.vavr.api.OptionAssert_isEmpty_Test
[22039b98-607e-43d0-ac34-acb78fda275e/Build with JDK 8 on x64]   | [INFO] Tests run: 3, Failures: 0, Errors: 0, Skipped: 0, Time elapsed: 0.001 s - in org.assertj.vavr.api.OptionAssert_isEmpty_Test
[22039b98-607e-43d0-ac34-acb78fda275e/Build with JDK 8 on x64]   | [INFO] Running org.assertj.vavr.api.ValidationAssert_containsValid_usingValueComparator_Test
[22039b98-607e-43d0-ac34-acb78fda275e/Build with JDK 8 on x64]   | [INFO] Tests run: 4, Failures: 0, Errors: 0, Skipped: 0, Time elapsed: 0.003 s - in org.assertj.vavr.api.ValidationAssert_containsValid_usingValueComparator_Test
[22039b98-607e-43d0-ac34-acb78fda275e/Build with JDK 8 on x64]   | [INFO] Running org.assertj.vavr.api.ValidationAssert_containsInvalid_usingFieldByFieldValueComparator_Test
[22039b98-607e-43d0-ac34-acb78fda275e/Build with JDK 8 on x64]   | [INFO] Tests run: 5, Failures: 0, Errors: 0, Skipped: 0, Time elapsed: 0.007 s - in org.assertj.vavr.api.ValidationAssert_containsInvalid_usingFieldByFieldValueComparator_Test
[22039b98-607e-43d0-ac34-acb78fda275e/Build with JDK 8 on x64]   | [INFO] Running org.assertj.vavr.api.Seq_assertion_methods_in_assumptions_Test
[22039b98-607e-43d0-ac34-acb78fda275e/Build with JDK 8 on x64]   | [INFO] Tests run: 10, Failures: 0, Errors: 0, Skipped: 0, Time elapsed: 0.279 s - in org.assertj.vavr.api.Seq_assertion_methods_in_assumptions_Test
[22039b98-607e-43d0-ac34-acb78fda275e/Build with JDK 8 on x64]   | [INFO] Running org.assertj.vavr.api.MultimapAssert_hasSizeGreaterThan_Test
[22039b98-607e-43d0-ac34-acb78fda275e/Build with JDK 8 on x64]   | [INFO] Tests run: 3, Failures: 0, Errors: 0, Skipped: 0, Time elapsed: 0.002 s - in org.assertj.vavr.api.MultimapAssert_hasSizeGreaterThan_Test
[22039b98-607e-43d0-ac34-acb78fda275e/Build with JDK 8 on x64]   | [INFO] Running org.assertj.vavr.api.MapAssert_doesNotContainValue_Test
[22039b98-607e-43d0-ac34-acb78fda275e/Build with JDK 8 on x64]   | [INFO] Tests run: 4, Failures: 0, Errors: 0, Skipped: 0, Time elapsed: 0.001 s - in org.assertj.vavr.api.MapAssert_doesNotContainValue_Test
[22039b98-607e-43d0-ac34-acb78fda275e/Build with JDK 8 on x64]   | [INFO] Running org.assertj.vavr.api.MapAssert_isEqualTo_Test
[22039b98-607e-43d0-ac34-acb78fda275e/Build with JDK 8 on x64]   | [INFO] Tests run: 3, Failures: 0, Errors: 0, Skipped: 0, Time elapsed: 0.007 s - in org.assertj.vavr.api.MapAssert_isEqualTo_Test
[22039b98-607e-43d0-ac34-acb78fda275e/Build with JDK 8 on x64]   | [INFO] Running org.assertj.vavr.api.EitherAssert_containsRightInstanceOf_Test
[22039b98-607e-43d0-ac34-acb78fda275e/Build with JDK 8 on x64]   | [INFO] Tests run: 5, Failures: 0, Errors: 0, Skipped: 0, Time elapsed: 0.003 s - in org.assertj.vavr.api.EitherAssert_containsRightInstanceOf_Test
[22039b98-607e-43d0-ac34-acb78fda275e/Build with JDK 8 on x64]   | [INFO] Running org.assertj.vavr.api.MapAssert_containsExactly_Test
[22039b98-607e-43d0-ac34-acb78fda275e/Build with JDK 8 on x64]   | [INFO] Tests run: 9, Failures: 0, Errors: 0, Skipped: 0, Time elapsed: 0.016 s - in org.assertj.vavr.api.MapAssert_containsExactly_Test
[22039b98-607e-43d0-ac34-acb78fda275e/Build with JDK 8 on x64]   | [INFO] Running org.assertj.vavr.api.MultimapAssert_containsValues_Test
[22039b98-607e-43d0-ac34-acb78fda275e/Build with JDK 8 on x64]   | [INFO] Tests run: 4, Failures: 0, Errors: 0, Skipped: 0, Time elapsed: 0.002 s - in org.assertj.vavr.api.MultimapAssert_containsValues_Test
[22039b98-607e-43d0-ac34-acb78fda275e/Build with JDK 8 on x64]   | [INFO] Running org.assertj.vavr.api.OptionAssert_flatMap_Test
[22039b98-607e-43d0-ac34-acb78fda275e/Build with JDK 8 on x64]   | [INFO] Tests run: 3, Failures: 0, Errors: 0, Skipped: 0, Time elapsed: 0.001 s - in org.assertj.vavr.api.OptionAssert_flatMap_Test
[22039b98-607e-43d0-ac34-acb78fda275e/Build with JDK 8 on x64]   | [INFO] Running org.assertj.vavr.api.SeqAssert_isSorted_Test
[22039b98-607e-43d0-ac34-acb78fda275e/Build with JDK 8 on x64]   | [INFO] Tests run: 7, Failures: 0, Errors: 0, Skipped: 0, Time elapsed: 0.005 s - in org.assertj.vavr.api.SeqAssert_isSorted_Test
[22039b98-607e-43d0-ac34-acb78fda275e/Build with JDK 8 on x64]   | [INFO] Running org.assertj.vavr.api.MapAssert_containsValues_Test
[22039b98-607e-43d0-ac34-acb78fda275e/Build with JDK 8 on x64]   | [INFO] Tests run: 4, Failures: 0, Errors: 0, Skipped: 0, Time elapsed: 0.004 s - in org.assertj.vavr.api.MapAssert_containsValues_Test
[22039b98-607e-43d0-ac34-acb78fda275e/Build with JDK 8 on x64]   | [INFO] Running org.assertj.vavr.api.ValidationAssert_containsValid_Test
[22039b98-607e-43d0-ac34-acb78fda275e/Build with JDK 8 on x64]   | [INFO] Tests run: 4, Failures: 0, Errors: 0, Skipped: 0, Time elapsed: 0.001 s - in org.assertj.vavr.api.ValidationAssert_containsValid_Test
[22039b98-607e-43d0-ac34-acb78fda275e/Build with JDK 8 on x64]   | [INFO] Running org.assertj.vavr.api.OptionAssert_isDefined_Test
[22039b98-607e-43d0-ac34-acb78fda275e/Build with JDK 8 on x64]   | [INFO] Tests run: 3, Failures: 0, Errors: 0, Skipped: 0, Time elapsed: 0.001 s - in org.assertj.vavr.api.OptionAssert_isDefined_Test
[22039b98-607e-43d0-ac34-acb78fda275e/Build with JDK 8 on x64]   | [INFO] Running org.assertj.vavr.api.MapAssert_hasSizeLessThan_Test
[22039b98-607e-43d0-ac34-acb78fda275e/Build with JDK 8 on x64]   | [INFO] Tests run: 3, Failures: 0, Errors: 0, Skipped: 0, Time elapsed: 0 s - in org.assertj.vavr.api.MapAssert_hasSizeLessThan_Test
[22039b98-607e-43d0-ac34-acb78fda275e/Build with JDK 8 on x64]   | [INFO] Running org.assertj.vavr.api.MapAssert_containsValue_Test
[22039b98-607e-43d0-ac34-acb78fda275e/Build with JDK 8 on x64]   | [INFO] Tests run: 4, Failures: 0, Errors: 0, Skipped: 0, Time elapsed: 0.001 s - in org.assertj.vavr.api.MapAssert_containsValue_Test
[22039b98-607e-43d0-ac34-acb78fda275e/Build with JDK 8 on x64]   | [INFO] Running org.assertj.vavr.api.MultimapAssert_doesNotContainKey_Test
[22039b98-607e-43d0-ac34-acb78fda275e/Build with JDK 8 on x64]   | [INFO] Tests run: 5, Failures: 0, Errors: 0, Skipped: 0, Time elapsed: 0.003 s - in org.assertj.vavr.api.MultimapAssert_doesNotContainKey_Test
[22039b98-607e-43d0-ac34-acb78fda275e/Build with JDK 8 on x64]   | [INFO] Running org.assertj.vavr.api.OptionAssert_containsSame_Test
[22039b98-607e-43d0-ac34-acb78fda275e/Build with JDK 8 on x64]   | [INFO] Tests run: 6, Failures: 0, Errors: 0, Skipped: 0, Time elapsed: 0.003 s - in org.assertj.vavr.api.OptionAssert_containsSame_Test
[22039b98-607e-43d0-ac34-acb78fda275e/Build with JDK 8 on x64]   | [INFO] Running org.assertj.vavr.api.EitherAssert_containsOnLeft_usingValueComparator_Test
[22039b98-607e-43d0-ac34-acb78fda275e/Build with JDK 8 on x64]   | [INFO] Tests run: 4, Failures: 0, Errors: 0, Skipped: 0, Time elapsed: 0.002 s - in org.assertj.vavr.api.EitherAssert_containsOnLeft_usingValueComparator_Test
[22039b98-607e-43d0-ac34-acb78fda275e/Build with JDK 8 on x64]   | [INFO] Running org.assertj.vavr.api.MultimapAssert_isNullOrEmpty_Test
[22039b98-607e-43d0-ac34-acb78fda275e/Build with JDK 8 on x64]   | [INFO] Tests run: 3, Failures: 0, Errors: 0, Skipped: 0, Time elapsed: 0.001 s - in org.assertj.vavr.api.MultimapAssert_isNullOrEmpty_Test
[22039b98-607e-43d0-ac34-acb78fda275e/Build with JDK 8 on x64]   | [INFO] Running org.assertj.vavr.api.Try_assertion_methods_in_assumptions_Test
[22039b98-607e-43d0-ac34-acb78fda275e/Build with JDK 8 on x64]   | [INFO] Tests run: 16, Failures: 0, Errors: 0, Skipped: 0, Time elapsed: 0.12 s - in org.assertj.vavr.api.Try_assertion_methods_in_assumptions_Test
[22039b98-607e-43d0-ac34-acb78fda275e/Build with JDK 8 on x64]   | [INFO] Running org.assertj.vavr.api.MapAssert_containsKey_Test
[22039b98-607e-43d0-ac34-acb78fda275e/Build with JDK 8 on x64]   | [INFO] Tests run: 5, Failures: 0, Errors: 0, Skipped: 0, Time elapsed: 0.002 s - in org.assertj.vavr.api.MapAssert_containsKey_Test
[22039b98-607e-43d0-ac34-acb78fda275e/Build with JDK 8 on x64]   | [INFO] Running org.assertj.vavr.api.SeqAssert_is_atIndex_Test
[22039b98-607e-43d0-ac34-acb78fda275e/Build with JDK 8 on x64]   | [INFO] Tests run: 5, Failures: 0, Errors: 0, Skipped: 0, Time elapsed: 0.002 s - in org.assertj.vavr.api.SeqAssert_is_atIndex_Test
[22039b98-607e-43d0-ac34-acb78fda275e/Build with JDK 8 on x64]   | [INFO] Running org.assertj.vavr.api.MultimapAssert_allSatisfy_Test
[22039b98-607e-43d0-ac34-acb78fda275e/Build with JDK 8 on x64]   | [INFO] Tests run: 5, Failures: 0, Errors: 0, Skipped: 0, Time elapsed: 0.003 s - in org.assertj.vavr.api.MultimapAssert_allSatisfy_Test
[22039b98-607e-43d0-ac34-acb78fda275e/Build with JDK 8 on x64]   | [INFO] Running org.assertj.vavr.api.MapAssert_containsOnly_Test
[22039b98-607e-43d0-ac34-acb78fda275e/Build with JDK 8 on x64]   | [INFO] Tests run: 7, Failures: 0, Errors: 0, Skipped: 0, Time elapsed: 0.001 s - in org.assertj.vavr.api.MapAssert_containsOnly_Test
[22039b98-607e-43d0-ac34-acb78fda275e/Build with JDK 8 on x64]   | [INFO] Running org.assertj.vavr.api.MapAssert_isNullOrEmpty_Test
[22039b98-607e-43d0-ac34-acb78fda275e/Build with JDK 8 on x64]   | [INFO] Tests run: 3, Failures: 0, Errors: 0, Skipped: 0, Time elapsed: 0.001 s - in org.assertj.vavr.api.MapAssert_isNullOrEmpty_Test
[22039b98-607e-43d0-ac34-acb78fda275e/Build with JDK 8 on x64]   | [INFO] Running org.assertj.vavr.api.ValidationAssert_containsValidSame_Test
[22039b98-607e-43d0-ac34-acb78fda275e/Build with JDK 8 on x64]   | [INFO] Tests run: 4, Failures: 0, Errors: 0, Skipped: 0, Time elapsed: 0.002 s - in org.assertj.vavr.api.ValidationAssert_containsValidSame_Test
[22039b98-607e-43d0-ac34-acb78fda275e/Build with JDK 8 on x64]   | [INFO] Running org.assertj.vavr.api.MapAssert_doesNotContainKeys_Test
[22039b98-607e-43d0-ac34-acb78fda275e/Build with JDK 8 on x64]   | [INFO] Tests run: 5, Failures: 0, Errors: 0, Skipped: 0, Time elapsed: 0.002 s - in org.assertj.vavr.api.MapAssert_doesNotContainKeys_Test
[22039b98-607e-43d0-ac34-acb78fda275e/Build with JDK 8 on x64]   | [INFO] Running org.assertj.vavr.api.MultimapAssert_containsKey_Test
[22039b98-607e-43d0-ac34-acb78fda275e/Build with JDK 8 on x64]   | [INFO] Tests run: 5, Failures: 0, Errors: 0, Skipped: 0, Time elapsed: 0.002 s - in org.assertj.vavr.api.MultimapAssert_containsKey_Test
[22039b98-607e-43d0-ac34-acb78fda275e/Build with JDK 8 on x64]   | [INFO] Running org.assertj.vavr.api.TryAssert_failBecauseOf_Test
[22039b98-607e-43d0-ac34-acb78fda275e/Build with JDK 8 on x64]   | [INFO] Tests run: 4, Failures: 0, Errors: 0, Skipped: 0, Time elapsed: 0 s - in org.assertj.vavr.api.TryAssert_failBecauseOf_Test
[22039b98-607e-43d0-ac34-acb78fda275e/Build with JDK 8 on x64]   | [INFO] Running org.assertj.vavr.api.MultimapAssert_doesNotContainKeys_Test
[22039b98-607e-43d0-ac34-acb78fda275e/Build with JDK 8 on x64]   | [INFO] Tests run: 5, Failures: 0, Errors: 0, Skipped: 0, Time elapsed: 0.002 s - in org.assertj.vavr.api.MultimapAssert_doesNotContainKeys_Test
[22039b98-607e-43d0-ac34-acb78fda275e/Build with JDK 8 on x64]   | [INFO] Running org.assertj.vavr.api.OptionAssert_hasValueSatisfying_Condition_Test
[22039b98-607e-43d0-ac34-acb78fda275e/Build with JDK 8 on x64]   | [INFO] Tests run: 5, Failures: 0, Errors: 0, Skipped: 0, Time elapsed: 0.002 s - in org.assertj.vavr.api.OptionAssert_hasValueSatisfying_Condition_Test
[22039b98-607e-43d0-ac34-acb78fda275e/Build with JDK 8 on x64]   | [INFO] Running org.assertj.vavr.api.TryAssert_contains_Test
[22039b98-607e-43d0-ac34-acb78fda275e/Build with JDK 8 on x64]   | [INFO] Tests run: 6, Failures: 0, Errors: 0, Skipped: 0, Time elapsed: 0.001 s - in org.assertj.vavr.api.TryAssert_contains_Test
[22039b98-607e-43d0-ac34-acb78fda275e/Build with JDK 8 on x64]   | [INFO] Running org.assertj.vavr.api.MultimapAssert_hasSameSizeAs_Iterable_Test
[22039b98-607e-43d0-ac34-acb78fda275e/Build with JDK 8 on x64]   | [INFO] Tests run: 4, Failures: 0, Errors: 0, Skipped: 0, Time elapsed: 0.001 s - in org.assertj.vavr.api.MultimapAssert_hasSameSizeAs_Iterable_Test
[22039b98-607e-43d0-ac34-acb78fda275e/Build with JDK 8 on x64]   | [INFO] Running org.assertj.vavr.api.MultimapAssert_doesNotContainEntry_Test
[22039b98-607e-43d0-ac34-acb78fda275e/Build with JDK 8 on x64]   | [INFO] Tests run: 4, Failures: 0, Errors: 0, Skipped: 0, Time elapsed: 0.001 s - in org.assertj.vavr.api.MultimapAssert_doesNotContainEntry_Test
[22039b98-607e-43d0-ac34-acb78fda275e/Build with JDK 8 on x64]   | [INFO] Running org.assertj.vavr.api.TryAssert_hasValueSatisfying_Test
[22039b98-607e-43d0-ac34-acb78fda275e/Build with JDK 8 on x64]   | [INFO] Tests run: 4, Failures: 0, Errors: 0, Skipped: 0, Time elapsed: 0.004 s - in org.assertj.vavr.api.TryAssert_hasValueSatisfying_Test
[22039b98-607e-43d0-ac34-acb78fda275e/Build with JDK 8 on x64]   | [INFO] Running org.assertj.vavr.api.MultimapAssert_isNotEmpty_Test
[22039b98-607e-43d0-ac34-acb78fda275e/Build with JDK 8 on x64]   | [INFO] Tests run: 3, Failures: 0, Errors: 0, Skipped: 0, Time elapsed: 0.007 s - in org.assertj.vavr.api.MultimapAssert_isNotEmpty_Test
[22039b98-607e-43d0-ac34-acb78fda275e/Build with JDK 8 on x64]   | [INFO] Running org.assertj.vavr.api.MapAssert_containsAllEntriesOf_Test
[22039b98-607e-43d0-ac34-acb78fda275e/Build with JDK 8 on x64]   | [INFO] Tests run: 7, Failures: 0, Errors: 0, Skipped: 0, Time elapsed: 0.003 s - in org.assertj.vavr.api.MapAssert_containsAllEntriesOf_Test
[22039b98-607e-43d0-ac34-acb78fda275e/Build with JDK 8 on x64]   | [INFO] Running org.assertj.vavr.api.MultimapAssert_containsEntry_Test
[22039b98-607e-43d0-ac34-acb78fda275e/Build with JDK 8 on x64]   | [INFO] Tests run: 3, Failures: 0, Errors: 0, Skipped: 0, Time elapsed: 0.001 s - in org.assertj.vavr.api.MultimapAssert_containsEntry_Test
[22039b98-607e-43d0-ac34-acb78fda275e/Build with JDK 8 on x64]   | [INFO] Running org.assertj.vavr.api.SetAssert_allSatisfy_Test
[22039b98-607e-43d0-ac34-acb78fda275e/Build with JDK 8 on x64]   | [INFO] Tests run: 5, Failures: 0, Errors: 0, Skipped: 0, Time elapsed: 0.004 s - in org.assertj.vavr.api.SetAssert_allSatisfy_Test
[22039b98-607e-43d0-ac34-acb78fda275e/Build with JDK 8 on x64]   | [INFO] Running org.assertj.vavr.api.SeqAssert_has_atIndex_Test
[22039b98-607e-43d0-ac34-acb78fda275e/Build with JDK 8 on x64]   | [INFO] Tests run: 5, Failures: 0, Errors: 0, Skipped: 0, Time elapsed: 0.001 s - in org.assertj.vavr.api.SeqAssert_has_atIndex_Test
[22039b98-607e-43d0-ac34-acb78fda275e/Build with JDK 8 on x64]   | [INFO] Running org.assertj.vavr.api.OptionAssert_containsInstanceOf_Test
[22039b98-607e-43d0-ac34-acb78fda275e/Build with JDK 8 on x64]   | [INFO] Tests run: 4, Failures: 0, Errors: 0, Skipped: 0, Time elapsed: 0 s - in org.assertj.vavr.api.OptionAssert_containsInstanceOf_Test
[22039b98-607e-43d0-ac34-acb78fda275e/Build with JDK 8 on x64]   | [INFO] Running org.assertj.vavr.api.EitherAssert_containsOnRight_usingValueComparator_Test
[22039b98-607e-43d0-ac34-acb78fda275e/Build with JDK 8 on x64]   | [INFO] Tests run: 4, Failures: 0, Errors: 0, Skipped: 0, Time elapsed: 0 s - in org.assertj.vavr.api.EitherAssert_containsOnRight_usingValueComparator_Test
[22039b98-607e-43d0-ac34-acb78fda275e/Build with JDK 8 on x64]   | [INFO] Running org.assertj.vavr.api.EitherAssert_containsLeftSame_Test
[22039b98-607e-43d0-ac34-acb78fda275e/Build with JDK 8 on x64]   | [INFO] Tests run: 4, Failures: 0, Errors: 0, Skipped: 0, Time elapsed: 0.001 s - in org.assertj.vavr.api.EitherAssert_containsLeftSame_Test
[22039b98-607e-43d0-ac34-acb78fda275e/Build with JDK 8 on x64]   | [INFO] Running org.assertj.vavr.api.MapAssert_containsEntry_Test
[22039b98-607e-43d0-ac34-acb78fda275e/Build with JDK 8 on x64]   | [INFO] Tests run: 3, Failures: 0, Errors: 0, Skipped: 0, Time elapsed: 0.002 s - in org.assertj.vavr.api.MapAssert_containsEntry_Test
[22039b98-607e-43d0-ac34-acb78fda275e/Build with JDK 8 on x64]   | [INFO] Running org.assertj.vavr.api.TryAssert_contains_usingFieldByFieldValueComparator_Test
[22039b98-607e-43d0-ac34-acb78fda275e/Build with JDK 8 on x64]   | [INFO] Tests run: 4, Failures: 0, Errors: 0, Skipped: 0, Time elapsed: 0 s - in org.assertj.vavr.api.TryAssert_contains_usingFieldByFieldValueComparator_Test
[22039b98-607e-43d0-ac34-acb78fda275e/Build with JDK 8 on x64]   | [INFO] Running org.assertj.vavr.api.TryAssert_contains_usingValueComparator_Test
[22039b98-607e-43d0-ac34-acb78fda275e/Build with JDK 8 on x64]   | [INFO] Tests run: 3, Failures: 0, Errors: 0, Skipped: 0, Time elapsed: 0.003 s - in org.assertj.vavr.api.TryAssert_contains_usingValueComparator_Test
[22039b98-607e-43d0-ac34-acb78fda275e/Build with JDK 8 on x64]   | [INFO] Running org.assertj.vavr.api.EitherAssert_containsRight_Test
[22039b98-607e-43d0-ac34-acb78fda275e/Build with JDK 8 on x64]   | [INFO] Tests run: 4, Failures: 0, Errors: 0, Skipped: 0, Time elapsed: 0 s - in org.assertj.vavr.api.EitherAssert_containsRight_Test
[22039b98-607e-43d0-ac34-acb78fda275e/Build with JDK 8 on x64]   | [INFO] Running org.assertj.vavr.api.EitherAssert_isLeft_Test
[22039b98-607e-43d0-ac34-acb78fda275e/Build with JDK 8 on x64]   | [INFO] Tests run: 3, Failures: 0, Errors: 0, Skipped: 0, Time elapsed: 0 s - in org.assertj.vavr.api.EitherAssert_isLeft_Test
[22039b98-607e-43d0-ac34-acb78fda275e/Build with JDK 8 on x64]   | [INFO] Running org.assertj.vavr.api.OptionAssert_contains_usingValueComparator_Test
[22039b98-607e-43d0-ac34-acb78fda275e/Build with JDK 8 on x64]   | [INFO] Tests run: 4, Failures: 0, Errors: 0, Skipped: 0, Time elapsed: 0.003 s - in org.assertj.vavr.api.OptionAssert_contains_usingValueComparator_Test
[22039b98-607e-43d0-ac34-acb78fda275e/Build with JDK 8 on x64]   | [INFO] Running org.assertj.vavr.api.MultiMapAssert_isEqualTo_Test
[22039b98-607e-43d0-ac34-acb78fda275e/Build with JDK 8 on x64]   | [INFO] Tests run: 3, Failures: 0, Errors: 0, Skipped: 0, Time elapsed: 0.002 s - in org.assertj.vavr.api.MultiMapAssert_isEqualTo_Test
[22039b98-607e-43d0-ac34-acb78fda275e/Build with JDK 8 on x64]   | [INFO] Running org.assertj.vavr.api.MultimapAssert_doesNotContain_entries_Test
[22039b98-607e-43d0-ac34-acb78fda275e/Build with JDK 8 on x64]   | [INFO] Tests run: 6, Failures: 0, Errors: 0, Skipped: 0, Time elapsed: 0.001 s - in org.assertj.vavr.api.MultimapAssert_doesNotContain_entries_Test
[22039b98-607e-43d0-ac34-acb78fda275e/Build with JDK 8 on x64]   | [INFO] Running org.assertj.vavr.api.Set_assertion_methods_in_assumptions_Test
[22039b98-607e-43d0-ac34-acb78fda275e/Build with JDK 8 on x64]   | [INFO] Tests run: 18, Failures: 0, Errors: 0, Skipped: 0, Time elapsed: 0.264 s - in org.assertj.vavr.api.Set_assertion_methods_in_assumptions_Test
[22039b98-607e-43d0-ac34-acb78fda275e/Build with JDK 8 on x64]   | [INFO] Running org.assertj.vavr.api.MapAssert_doesNotContain_entries_Test
[22039b98-607e-43d0-ac34-acb78fda275e/Build with JDK 8 on x64]   | [INFO] Tests run: 6, Failures: 0, Errors: 0, Skipped: 0, Time elapsed: 0.005 s - in org.assertj.vavr.api.MapAssert_doesNotContain_entries_Test
[22039b98-607e-43d0-ac34-acb78fda275e/Build with JDK 8 on x64]   | [INFO] Running org.assertj.vavr.api.MultimapAssert_containsOnlyKeys_Test
[22039b98-607e-43d0-ac34-acb78fda275e/Build with JDK 8 on x64]   | [INFO] Tests run: 6, Failures: 0, Errors: 0, Skipped: 0, Time elapsed: 0.002 s - in org.assertj.vavr.api.MultimapAssert_containsOnlyKeys_Test
[22039b98-607e-43d0-ac34-acb78fda275e/Build with JDK 8 on x64]   | [INFO] Running org.assertj.vavr.api.OptionAssert_hasValueSatisfying_Test
[22039b98-607e-43d0-ac34-acb78fda275e/Build with JDK 8 on x64]   | [INFO] Tests run: 4, Failures: 0, Errors: 0, Skipped: 0, Time elapsed: 0.07 s - in org.assertj.vavr.api.OptionAssert_hasValueSatisfying_Test
[22039b98-607e-43d0-ac34-acb78fda275e/Build with JDK 8 on x64]   | [INFO] Running org.assertj.vavr.api.MapAssert_containsOnlyKeys_Test
[22039b98-607e-43d0-ac34-acb78fda275e/Build with JDK 8 on x64]   | [INFO] Tests run: 6, Failures: 0, Errors: 0, Skipped: 0, Time elapsed: 0.006 s - in org.assertj.vavr.api.MapAssert_containsOnlyKeys_Test
[22039b98-607e-43d0-ac34-acb78fda275e/Build with JDK 8 on x64]   | [INFO] Running org.assertj.vavr.api.MapAssert_hasSameSizeAs_Iterable_Test
[22039b98-607e-43d0-ac34-acb78fda275e/Build with JDK 8 on x64]   | [INFO] Tests run: 4, Failures: 0, Errors: 0, Skipped: 0, Time elapsed: 0 s - in org.assertj.vavr.api.MapAssert_hasSameSizeAs_Iterable_Test
[22039b98-607e-43d0-ac34-acb78fda275e/Build with JDK 8 on x64]   | [INFO] Running org.assertj.vavr.api.MapAssert_isEmpty_Test
[22039b98-607e-43d0-ac34-acb78fda275e/Build with JDK 8 on x64]   | [INFO] Tests run: 3, Failures: 0, Errors: 0, Skipped: 0, Time elapsed: 0 s - in org.assertj.vavr.api.MapAssert_isEmpty_Test
[22039b98-607e-43d0-ac34-acb78fda275e/Build with JDK 8 on x64]   | [INFO] Running org.assertj.vavr.api.EitherAssert_hasLeftValueSatisfying_Test
[22039b98-607e-43d0-ac34-acb78fda275e/Build with JDK 8 on x64]   | [INFO] Tests run: 4, Failures: 0, Errors: 0, Skipped: 0, Time elapsed: 0 s - in org.assertj.vavr.api.EitherAssert_hasLeftValueSatisfying_Test
[22039b98-607e-43d0-ac34-acb78fda275e/Build with JDK 8 on x64]   | [INFO] Running org.assertj.vavr.api.SeqAssert_containsExactly_inAnyOrder_Test
[22039b98-607e-43d0-ac34-acb78fda275e/Build with JDK 8 on x64]   | [ERROR] Tests run: 6, Failures: 1, Errors: 0, Skipped: 0, Time elapsed: 0.014 s <<< FAILURE! - in org.assertj.vavr.api.SeqAssert_containsExactly_inAnyOrder_Test
[22039b98-607e-43d0-ac34-acb78fda275e/Build with JDK 8 on x64]   | [ERROR] should_pass_if_List_contains_exactly_elements_in_any_order_using_element_comparator  Time elapsed: 0.014 s  <<< FAILURE!
[22039b98-607e-43d0-ac34-acb78fda275e/Build with JDK 8 on x64]   | java.lang.AssertionError: 
[22039b98-607e-43d0-ac34-acb78fda275e/Build with JDK 8 on x64]   | 
[22039b98-607e-43d0-ac34-acb78fda275e/Build with JDK 8 on x64]   | Expecting actual:
[22039b98-607e-43d0-ac34-acb78fda275e/Build with JDK 8 on x64]   |   List(SOMETHING, ELSE, AND, OTHER)
[22039b98-607e-43d0-ac34-acb78fda275e/Build with JDK 8 on x64]   | to contain exactly in any order:
[22039b98-607e-43d0-ac34-acb78fda275e/Build with JDK 8 on x64]   |   ["other", "and", "else", "something"]
[22039b98-607e-43d0-ac34-acb78fda275e/Build with JDK 8 on x64]   | elements not found:
[22039b98-607e-43d0-ac34-acb78fda275e/Build with JDK 8 on x64]   |   ["other", "and", "else", "something"]
[22039b98-607e-43d0-ac34-acb78fda275e/Build with JDK 8 on x64]   | and elements not expected:
[22039b98-607e-43d0-ac34-acb78fda275e/Build with JDK 8 on x64]   |   ["SOMETHING", "ELSE", "AND", "OTHER"]
[22039b98-607e-43d0-ac34-acb78fda275e/Build with JDK 8 on x64]   | 
[22039b98-607e-43d0-ac34-acb78fda275e/Build with JDK 8 on x64]   | 
[22039b98-607e-43d0-ac34-acb78fda275e/Build with JDK 8 on x64]   | [INFO] Running org.assertj.vavr.api.Validation_assertion_methods_in_assumptions_Test
[22039b98-607e-43d0-ac34-acb78fda275e/Build with JDK 8 on x64]   | [INFO] Tests run: 16, Failures: 0, Errors: 0, Skipped: 0, Time elapsed: 0.177 s - in org.assertj.vavr.api.Validation_assertion_methods_in_assumptions_Test
[22039b98-607e-43d0-ac34-acb78fda275e/Build with JDK 8 on x64]   | [INFO] Running org.assertj.vavr.api.MapAssert_hasSizeGreaterThan_Test
[22039b98-607e-43d0-ac34-acb78fda275e/Build with JDK 8 on x64]   | [INFO] Tests run: 3, Failures: 0, Errors: 0, Skipped: 0, Time elapsed: 0.001 s - in org.assertj.vavr.api.MapAssert_hasSizeGreaterThan_Test
[22039b98-607e-43d0-ac34-acb78fda275e/Build with JDK 8 on x64]   | [INFO] Running org.assertj.vavr.api.MapAssert_isNotEmpty_Test
[22039b98-607e-43d0-ac34-acb78fda275e/Build with JDK 8 on x64]   | [INFO] Tests run: 3, Failures: 0, Errors: 0, Skipped: 0, Time elapsed: 0 s - in org.assertj.vavr.api.MapAssert_isNotEmpty_Test
[22039b98-607e-43d0-ac34-acb78fda275e/Build with JDK 8 on x64]   | [INFO] Running org.assertj.vavr.api.TryAssert_containsSame_Test
[22039b98-607e-43d0-ac34-acb78fda275e/Build with JDK 8 on x64]   | [INFO] Tests run: 7, Failures: 0, Errors: 0, Skipped: 0, Time elapsed: 0.003 s - in org.assertj.vavr.api.TryAssert_containsSame_Test
[22039b98-607e-43d0-ac34-acb78fda275e/Build with JDK 8 on x64]   | [INFO] Running org.assertj.vavr.api.MultimapAssert_containsAllEntriesOf_Test
[22039b98-607e-43d0-ac34-acb78fda275e/Build with JDK 8 on x64]   | [INFO] Tests run: 7, Failures: 0, Errors: 0, Skipped: 0, Time elapsed: 0.002 s - in org.assertj.vavr.api.MultimapAssert_containsAllEntriesOf_Test
[22039b98-607e-43d0-ac34-acb78fda275e/Build with JDK 8 on x64]   | [INFO] Running org.assertj.vavr.api.MultimapAssert_hasEntrySatisfying_Test
[22039b98-607e-43d0-ac34-acb78fda275e/Build with JDK 8 on x64]   | [INFO] Tests run: 6, Failures: 0, Errors: 0, Skipped: 0, Time elapsed: 0.003 s - in org.assertj.vavr.api.MultimapAssert_hasEntrySatisfying_Test
[22039b98-607e-43d0-ac34-acb78fda275e/Build with JDK 8 on x64]   | [INFO] Running org.assertj.vavr.api.ValidationAssert_isInvalid_Test
[22039b98-607e-43d0-ac34-acb78fda275e/Build with JDK 8 on x64]   | [INFO] Tests run: 3, Failures: 0, Errors: 0, Skipped: 0, Time elapsed: 0 s - in org.assertj.vavr.api.ValidationAssert_isInvalid_Test
[22039b98-607e-43d0-ac34-acb78fda275e/Build with JDK 8 on x64]   | [INFO] Running org.assertj.vavr.api.EitherAssert_containsOnRight_usingFieldByFieldValueComparator_Test
[22039b98-607e-43d0-ac34-acb78fda275e/Build with JDK 8 on x64]   | [INFO] Tests run: 4, Failures: 0, Errors: 0, Skipped: 0, Time elapsed: 0.001 s - in org.assertj.vavr.api.EitherAssert_containsOnRight_usingFieldByFieldValueComparator_Test
[22039b98-607e-43d0-ac34-acb78fda275e/Build with JDK 8 on x64]   | [INFO] Running org.assertj.vavr.api.Multimap_assertion_methods_in_assumptions_Test
[22039b98-607e-43d0-ac34-acb78fda275e/Build with JDK 8 on x64]   | [INFO] Tests run: 34, Failures: 0, Errors: 0, Skipped: 0, Time elapsed: 0.156 s - in org.assertj.vavr.api.Multimap_assertion_methods_in_assumptions_Test
[22039b98-607e-43d0-ac34-acb78fda275e/Build with JDK 8 on x64]   | [INFO] Running org.assertj.vavr.api.Option_assertion_methods_in_assumptions_Test
[22039b98-607e-43d0-ac34-acb78fda275e/Build with JDK 8 on x64]   | [INFO] Tests run: 14, Failures: 0, Errors: 0, Skipped: 0, Time elapsed: 0.085 s - in org.assertj.vavr.api.Option_assertion_methods_in_assumptions_Test
[22039b98-607e-43d0-ac34-acb78fda275e/Build with JDK 8 on x64]   | [INFO] Running org.assertj.vavr.api.SetAssert_isEmpty_Test
[22039b98-607e-43d0-ac34-acb78fda275e/Build with JDK 8 on x64]   | [INFO] Tests run: 3, Failures: 0, Errors: 0, Skipped: 0, Time elapsed: 0 s - in org.assertj.vavr.api.SetAssert_isEmpty_Test
[22039b98-607e-43d0-ac34-acb78fda275e/Build with JDK 8 on x64]   | [INFO] Running org.assertj.vavr.api.MapAssert_containsKeys_Test
[22039b98-607e-43d0-ac34-acb78fda275e/Build with JDK 8 on x64]   | [INFO] Tests run: 5, Failures: 0, Errors: 0, Skipped: 0, Time elapsed: 0.001 s - in org.assertj.vavr.api.MapAssert_containsKeys_Test
[22039b98-607e-43d0-ac34-acb78fda275e/Build with JDK 8 on x64]   | [INFO] Running org.assertj.vavr.api.OptionAssert_contains_Test
[22039b98-607e-43d0-ac34-acb78fda275e/Build with JDK 8 on x64]   | [INFO] Tests run: 4, Failures: 0, Errors: 0, Skipped: 0, Time elapsed: 0.001 s - in org.assertj.vavr.api.OptionAssert_contains_Test
[22039b98-607e-43d0-ac34-acb78fda275e/Build with JDK 8 on x64]   | [INFO] Running org.assertj.vavr.api.ValidationAssert_containsInvalidInstanceOf_Test
[22039b98-607e-43d0-ac34-acb78fda275e/Build with JDK 8 on x64]   | [INFO] Tests run: 5, Failures: 0, Errors: 0, Skipped: 0, Time elapsed: 0.001 s - in org.assertj.vavr.api.ValidationAssert_containsInvalidInstanceOf_Test
[22039b98-607e-43d0-ac34-acb78fda275e/Build with JDK 8 on x64]   | [INFO] Running org.assertj.vavr.api.TryAssert_isFailure_Test
[22039b98-607e-43d0-ac34-acb78fda275e/Build with JDK 8 on x64]   | [INFO] Tests run: 3, Failures: 0, Errors: 0, Skipped: 0, Time elapsed: 0.001 s - in org.assertj.vavr.api.TryAssert_isFailure_Test
[22039b98-607e-43d0-ac34-acb78fda275e/Build with JDK 8 on x64]   | [INFO] Running org.assertj.vavr.api.EitherAssert_containsOnLeft_usingFieldByFieldValueComparator_Test
[22039b98-607e-43d0-ac34-acb78fda275e/Build with JDK 8 on x64]   | [INFO] Tests run: 4, Failures: 0, Errors: 0, Skipped: 0, Time elapsed: 0.001 s - in org.assertj.vavr.api.EitherAssert_containsOnLeft_usingFieldByFieldValueComparator_Test
[22039b98-607e-43d0-ac34-acb78fda275e/Build with JDK 8 on x64]   | [INFO] Running org.assertj.vavr.api.MapAssert_hasEntrySatisfying_Test
[22039b98-607e-43d0-ac34-acb78fda275e/Build with JDK 8 on x64]   | [INFO] Tests run: 6, Failures: 0, Errors: 0, Skipped: 0, Time elapsed: 0.003 s - in org.assertj.vavr.api.MapAssert_hasEntrySatisfying_Test
[22039b98-607e-43d0-ac34-acb78fda275e/Build with JDK 8 on x64]   | [INFO] Running org.assertj.vavr.api.MapAssert_hasSize_Test
[22039b98-607e-43d0-ac34-acb78fda275e/Build with JDK 8 on x64]   | [INFO] Tests run: 3, Failures: 0, Errors: 0, Skipped: 0, Time elapsed: 0.001 s - in org.assertj.vavr.api.MapAssert_hasSize_Test
[22039b98-607e-43d0-ac34-acb78fda275e/Build with JDK 8 on x64]   | [INFO] Running org.assertj.vavr.api.LazyAssert_isNotEvaluated_Test
[22039b98-607e-43d0-ac34-acb78fda275e/Build with JDK 8 on x64]   | [INFO] Tests run: 3, Failures: 0, Errors: 0, Skipped: 0, Time elapsed: 0 s - in org.assertj.vavr.api.LazyAssert_isNotEvaluated_Test
[22039b98-607e-43d0-ac34-acb78fda275e/Build with JDK 8 on x64]   | [INFO] Running org.assertj.vavr.api.MapAssert_allSatisfy_Test
[22039b98-607e-43d0-ac34-acb78fda275e/Build with JDK 8 on x64]   | [INFO] Tests run: 5, Failures: 0, Errors: 0, Skipped: 0, Time elapsed: 0.002 s - in org.assertj.vavr.api.MapAssert_allSatisfy_Test
[22039b98-607e-43d0-ac34-acb78fda275e/Build with JDK 8 on x64]   | [INFO] Running org.assertj.vavr.api.MultiMapAssert_isNotEqualTo_Test
[22039b98-607e-43d0-ac34-acb78fda275e/Build with JDK 8 on x64]   | [INFO] Tests run: 3, Failures: 0, Errors: 0, Skipped: 0, Time elapsed: 0.001 s - in org.assertj.vavr.api.MultiMapAssert_isNotEqualTo_Test
[22039b98-607e-43d0-ac34-acb78fda275e/Build with JDK 8 on x64]   | [INFO] Running org.assertj.vavr.api.MapAssert_isNotEqualTo_Test
[22039b98-607e-43d0-ac34-acb78fda275e/Build with JDK 8 on x64]   | [INFO] Tests run: 3, Failures: 0, Errors: 0, Skipped: 0, Time elapsed: 0 s - in org.assertj.vavr.api.MapAssert_isNotEqualTo_Test
[22039b98-607e-43d0-ac34-acb78fda275e/Build with JDK 8 on x64]   | [INFO] Running org.assertj.vavr.api.MultimapAssert_isEmpty_Test
[22039b98-607e-43d0-ac34-acb78fda275e/Build with JDK 8 on x64]   | [INFO] Tests run: 3, Failures: 0, Errors: 0, Skipped: 0, Time elapsed: 0 s - in org.assertj.vavr.api.MultimapAssert_isEmpty_Test
[22039b98-607e-43d0-ac34-acb78fda275e/Build with JDK 8 on x64]   | [INFO] Running org.assertj.vavr.api.ValidationAssert_containsValidInstanceOf_Test
[22039b98-607e-43d0-ac34-acb78fda275e/Build with JDK 8 on x64]   | [INFO] Tests run: 5, Failures: 0, Errors: 0, Skipped: 0, Time elapsed: 0 s - in org.assertj.vavr.api.ValidationAssert_containsValidInstanceOf_Test
[22039b98-607e-43d0-ac34-acb78fda275e/Build with JDK 8 on x64]   | [INFO] Running org.assertj.vavr.api.MapAssert_doesNotContainValues_Test
[22039b98-607e-43d0-ac34-acb78fda275e/Build with JDK 8 on x64]   | [INFO] Tests run: 4, Failures: 0, Errors: 0, Skipped: 0, Time elapsed: 0 s - in org.assertj.vavr.api.MapAssert_doesNotContainValues_Test
[22039b98-607e-43d0-ac34-acb78fda275e/Build with JDK 8 on x64]   | [INFO] Running org.assertj.vavr.api.MultimapAssert_containsOnly_Test
[22039b98-607e-43d0-ac34-acb78fda275e/Build with JDK 8 on x64]   | [INFO] Tests run: 7, Failures: 0, Errors: 0, Skipped: 0, Time elapsed: 0.003 s - in org.assertj.vavr.api.MultimapAssert_containsOnly_Test
[22039b98-607e-43d0-ac34-acb78fda275e/Build with JDK 8 on x64]   | [INFO] Running org.assertj.vavr.api.MultimapAssert_contains_entries_Test
[22039b98-607e-43d0-ac34-acb78fda275e/Build with JDK 8 on x64]   | [INFO] Tests run: 7, Failures: 0, Errors: 0, Skipped: 0, Time elapsed: 0.002 s - in org.assertj.vavr.api.MultimapAssert_contains_entries_Test
[22039b98-607e-43d0-ac34-acb78fda275e/Build with JDK 8 on x64]   | [INFO] Running org.assertj.vavr.api.SeqAssert_satisfies_atIndex_Test
[22039b98-607e-43d0-ac34-acb78fda275e/Build with JDK 8 on x64]   | [INFO] Tests run: 5, Failures: 0, Errors: 0, Skipped: 0, Time elapsed: 0.002 s - in org.assertj.vavr.api.SeqAssert_satisfies_atIndex_Test
[22039b98-607e-43d0-ac34-acb78fda275e/Build with JDK 8 on x64]   | [INFO] Running org.assertj.vavr.api.soft.AutoCloseableSoftVavrAssertionsTest
[22039b98-607e-43d0-ac34-acb78fda275e/Build with JDK 8 on x64]   | [INFO] Tests run: 2, Failures: 0, Errors: 0, Skipped: 0, Time elapsed: 1.34 s - in org.assertj.vavr.api.soft.AutoCloseableSoftVavrAssertionsTest
[22039b98-607e-43d0-ac34-acb78fda275e/Build with JDK 8 on x64]   | [INFO] Running org.assertj.vavr.api.soft.SoftVavrAssertionsTest
[22039b98-607e-43d0-ac34-acb78fda275e/Build with JDK 8 on x64]   | [INFO] Tests run: 2, Failures: 0, Errors: 0, Skipped: 0, Time elapsed: 0.036 s - in org.assertj.vavr.api.soft.SoftVavrAssertionsTest
[22039b98-607e-43d0-ac34-acb78fda275e/Build with JDK 8 on x64]   | [INFO] Running org.assertj.vavr.api.MultimapAssert_hasSameSizeAs_Array_Test
[22039b98-607e-43d0-ac34-acb78fda275e/Build with JDK 8 on x64]   | [INFO] Tests run: 5, Failures: 0, Errors: 0, Skipped: 0, Time elapsed: 0.001 s - in org.assertj.vavr.api.MultimapAssert_hasSameSizeAs_Array_Test
[22039b98-607e-43d0-ac34-acb78fda275e/Build with JDK 8 on x64]   | [INFO] 
[22039b98-607e-43d0-ac34-acb78fda275e/Build with JDK 8 on x64]   | [INFO] Results:
[22039b98-607e-43d0-ac34-acb78fda275e/Build with JDK 8 on x64]   | [INFO] 
[22039b98-607e-43d0-ac34-acb78fda275e/Build with JDK 8 on x64]   | [ERROR] Failures: 
[22039b98-607e-43d0-ac34-acb78fda275e/Build with JDK 8 on x64]   | [ERROR]   SeqAssert_containsExactly_inAnyOrder_Test.should_pass_if_List_contains_exactly_elements_in_any_order_using_element_comparator 
[22039b98-607e-43d0-ac34-acb78fda275e/Build with JDK 8 on x64]   | Expecting actual:
[22039b98-607e-43d0-ac34-acb78fda275e/Build with JDK 8 on x64]   |   List(SOMETHING, ELSE, AND, OTHER)
[22039b98-607e-43d0-ac34-acb78fda275e/Build with JDK 8 on x64]   | to contain exactly in any order:
[22039b98-607e-43d0-ac34-acb78fda275e/Build with JDK 8 on x64]   |   ["other", "and", "else", "something"]
[22039b98-607e-43d0-ac34-acb78fda275e/Build with JDK 8 on x64]   | elements not found:
[22039b98-607e-43d0-ac34-acb78fda275e/Build with JDK 8 on x64]   |   ["other", "and", "else", "something"]
[22039b98-607e-43d0-ac34-acb78fda275e/Build with JDK 8 on x64]   | and elements not expected:
[22039b98-607e-43d0-ac34-acb78fda275e/Build with JDK 8 on x64]   |   ["SOMETHING", "ELSE", "AND", "OTHER"]
[22039b98-607e-43d0-ac34-acb78fda275e/Build with JDK 8 on x64]   | 
[22039b98-607e-43d0-ac34-acb78fda275e/Build with JDK 8 on x64]   | [INFO] 
[22039b98-607e-43d0-ac34-acb78fda275e/Build with JDK 8 on x64]   | [ERROR] Tests run: 695, Failures: 1, Errors: 0, Skipped: 0
[22039b98-607e-43d0-ac34-acb78fda275e/Build with JDK 8 on x64]   | [INFO] 
[22039b98-607e-43d0-ac34-acb78fda275e/Build with JDK 8 on x64]   | [INFO] ------------------------------------------------------------------------
[22039b98-607e-43d0-ac34-acb78fda275e/Build with JDK 8 on x64]   | [INFO] BUILD FAILURE
[22039b98-607e-43d0-ac34-acb78fda275e/Build with JDK 8 on x64]   | [INFO] ------------------------------------------------------------------------
[22039b98-607e-43d0-ac34-acb78fda275e/Build with JDK 8 on x64]   | [INFO] Total time:  42.019 s
[22039b98-607e-43d0-ac34-acb78fda275e/Build with JDK 8 on x64]   | [INFO] Finished at: 2023-11-24T14:02:01Z
[22039b98-607e-43d0-ac34-acb78fda275e/Build with JDK 8 on x64]   | [INFO] ------------------------------------------------------------------------
[22039b98-607e-43d0-ac34-acb78fda275e/Build with JDK 8 on x64]   | [ERROR] Failed to execute goal org.apache.maven.plugins:maven-surefire-plugin:2.22.2:test (default-test) on project assertj-vavr: There are test failures.
[22039b98-607e-43d0-ac34-acb78fda275e/Build with JDK 8 on x64]   | [ERROR] 
[22039b98-607e-43d0-ac34-acb78fda275e/Build with JDK 8 on x64]   | [ERROR] Please refer to /tmp/bccab3d6-a845-47ee-8a88-dccb58014a85/target/surefire-reports for the individual test results.
[22039b98-607e-43d0-ac34-acb78fda275e/Build with JDK 8 on x64]   | [ERROR] Please refer to dump files (if any exist) [date].dump, [date]-jvmRun[N].dump and [date].dumpstream.
[22039b98-607e-43d0-ac34-acb78fda275e/Build with JDK 8 on x64]   | [ERROR] -> [Help 1]
[22039b98-607e-43d0-ac34-acb78fda275e/Build with JDK 8 on x64]   | [ERROR] 
[22039b98-607e-43d0-ac34-acb78fda275e/Build with JDK 8 on x64]   | [ERROR] To see the full stack trace of the errors, re-run Maven with the -e switch.
[22039b98-607e-43d0-ac34-acb78fda275e/Build with JDK 8 on x64]   | [ERROR] Re-run Maven using the -X switch to enable full debug logging.
[22039b98-607e-43d0-ac34-acb78fda275e/Build with JDK 8 on x64]   | [ERROR] 
[22039b98-607e-43d0-ac34-acb78fda275e/Build with JDK 8 on x64]   | [ERROR] For more information about the errors and possible solutions, please read the following articles:
[22039b98-607e-43d0-ac34-acb78fda275e/Build with JDK 8 on x64]   | [ERROR] [Help 1] http://cwiki.apache.org/confluence/display/MAVEN/MojoFailureException
[22039b98-607e-43d0-ac34-acb78fda275e/Build with JDK 8 on x64]   ‚ùå  Failure - Main Build with Maven
[22039b98-607e-43d0-ac34-acb78fda275e/Build with JDK 8 on x64] exitcode '1': failure
[22039b98-607e-43d0-ac34-acb78fda275e/Build with JDK 8 on x64] unable to get git ref: failed to identify reference (tag/branch) for the checked-out revision 'cd521160aae3675f8427d13b8e0db4b137dc3082'
[22039b98-607e-43d0-ac34-acb78fda275e/Build with JDK 8 on x64] unable to get git ref: failed to identify reference (tag/branch) for the checked-out revision 'cd521160aae3675f8427d13b8e0db4b137dc3082'
[22039b98-607e-43d0-ac34-acb78fda275e/Build with JDK 8 on x64] unable to get git ref: failed to identify reference (tag/branch) for the checked-out revision 'cd521160aae3675f8427d13b8e0db4b137dc3082'
[22039b98-607e-43d0-ac34-acb78fda275e/Build with JDK 8 on x64] unable to get git ref: failed to identify reference (tag/branch) for the checked-out revision 'cd521160aae3675f8427d13b8e0db4b137dc3082'
[22039b98-607e-43d0-ac34-acb78fda275e/Build with JDK 8 on x64] unable to get git ref: failed to identify reference (tag/branch) for the checked-out revision 'cd521160aae3675f8427d13b8e0db4b137dc3082'
[22039b98-607e-43d0-ac34-acb78fda275e/Build with JDK 8 on x64] ‚≠ê Run Post Setup JDK
[22039b98-607e-43d0-ac34-acb78fda275e/Build with JDK 8 on x64]   üê≥  docker exec cmd=[node /var/run/act/actions/actions-setup-java@v3/dist/cleanup/index.js] user= workdir=
[22039b98-607e-43d0-ac34-acb78fda275e/Build with JDK 8 on x64]   ‚úÖ  Success - Post Setup JDK
[22039b98-607e-43d0-ac34-acb78fda275e/Build with JDK 8 on x64] üèÅ  Job failed
[22039b98-607e-43d0-ac34-acb78fda275e/Build with JDK 8 on x64] unable to get git ref: failed to identify reference (tag/branch) for the checked-out revision 'cd521160aae3675f8427d13b8e0db4b137dc3082'
