[4d31fdff-1ca5-4ac1-a712-ff3d77cf2b3b/build] üöÄ  Start image=crawlergpt:latest
[4d31fdff-1ca5-4ac1-a712-ff3d77cf2b3b/build]   üê≥  docker pull image=crawlergpt:latest platform= username= forcePull=false
[4d31fdff-1ca5-4ac1-a712-ff3d77cf2b3b/build]   üê≥  docker create image=crawlergpt:latest platform= entrypoint=["tail" "-f" "/dev/null"] cmd=[]
[4d31fdff-1ca5-4ac1-a712-ff3d77cf2b3b/build]   üê≥  docker run image=crawlergpt:latest platform= entrypoint=["tail" "-f" "/dev/null"] cmd=[]
[4d31fdff-1ca5-4ac1-a712-ff3d77cf2b3b/build]   üê≥  docker exec cmd=[chown -R 1012:1013 /tmp/026a1b48-6fca-49c8-82b6-bd8d1740c200] user=0 workdir=
[4d31fdff-1ca5-4ac1-a712-ff3d77cf2b3b/build] unable to get git ref: failed to identify reference (tag/branch) for the checked-out revision '8c50c43c5412f368808cd47675877515cf8d0330'
[4d31fdff-1ca5-4ac1-a712-ff3d77cf2b3b/build] unable to get git ref: failed to identify reference (tag/branch) for the checked-out revision '8c50c43c5412f368808cd47675877515cf8d0330'
[4d31fdff-1ca5-4ac1-a712-ff3d77cf2b3b/build] unable to get git ref: failed to identify reference (tag/branch) for the checked-out revision '8c50c43c5412f368808cd47675877515cf8d0330'
[4d31fdff-1ca5-4ac1-a712-ff3d77cf2b3b/build] unable to get git ref: failed to identify reference (tag/branch) for the checked-out revision '8c50c43c5412f368808cd47675877515cf8d0330'
[4d31fdff-1ca5-4ac1-a712-ff3d77cf2b3b/build] unable to get git ref: failed to identify reference (tag/branch) for the checked-out revision '8c50c43c5412f368808cd47675877515cf8d0330'
[4d31fdff-1ca5-4ac1-a712-ff3d77cf2b3b/build] unable to get git ref: failed to identify reference (tag/branch) for the checked-out revision '8c50c43c5412f368808cd47675877515cf8d0330'
[4d31fdff-1ca5-4ac1-a712-ff3d77cf2b3b/build] unable to get git ref: failed to identify reference (tag/branch) for the checked-out revision '8c50c43c5412f368808cd47675877515cf8d0330'
[4d31fdff-1ca5-4ac1-a712-ff3d77cf2b3b/build] unable to get git ref: failed to identify reference (tag/branch) for the checked-out revision '8c50c43c5412f368808cd47675877515cf8d0330'
[4d31fdff-1ca5-4ac1-a712-ff3d77cf2b3b/build] unable to get git ref: failed to identify reference (tag/branch) for the checked-out revision '8c50c43c5412f368808cd47675877515cf8d0330'
[4d31fdff-1ca5-4ac1-a712-ff3d77cf2b3b/build] ‚≠ê Run Main actions/checkout@v2
[4d31fdff-1ca5-4ac1-a712-ff3d77cf2b3b/build] unable to get git ref: failed to identify reference (tag/branch) for the checked-out revision '8c50c43c5412f368808cd47675877515cf8d0330'
[4d31fdff-1ca5-4ac1-a712-ff3d77cf2b3b/build]   ‚úÖ  Success - Main actions/checkout@v2
[4d31fdff-1ca5-4ac1-a712-ff3d77cf2b3b/build] unable to get git ref: failed to identify reference (tag/branch) for the checked-out revision '8c50c43c5412f368808cd47675877515cf8d0330'
[4d31fdff-1ca5-4ac1-a712-ff3d77cf2b3b/build] unable to get git ref: failed to identify reference (tag/branch) for the checked-out revision '8c50c43c5412f368808cd47675877515cf8d0330'
[4d31fdff-1ca5-4ac1-a712-ff3d77cf2b3b/build] unable to get git ref: failed to identify reference (tag/branch) for the checked-out revision '8c50c43c5412f368808cd47675877515cf8d0330'
[4d31fdff-1ca5-4ac1-a712-ff3d77cf2b3b/build] unable to get git ref: failed to identify reference (tag/branch) for the checked-out revision '8c50c43c5412f368808cd47675877515cf8d0330'
[4d31fdff-1ca5-4ac1-a712-ff3d77cf2b3b/build] unable to get git ref: failed to identify reference (tag/branch) for the checked-out revision '8c50c43c5412f368808cd47675877515cf8d0330'
[4d31fdff-1ca5-4ac1-a712-ff3d77cf2b3b/build] ‚≠ê Run Main Set up JDK 11
[4d31fdff-1ca5-4ac1-a712-ff3d77cf2b3b/build] unable to get git ref: failed to identify reference (tag/branch) for the checked-out revision '8c50c43c5412f368808cd47675877515cf8d0330'
[4d31fdff-1ca5-4ac1-a712-ff3d77cf2b3b/build] unable to get git ref: failed to identify reference (tag/branch) for the checked-out revision '8c50c43c5412f368808cd47675877515cf8d0330'
[4d31fdff-1ca5-4ac1-a712-ff3d77cf2b3b/build] unable to get git ref: failed to identify reference (tag/branch) for the checked-out revision '8c50c43c5412f368808cd47675877515cf8d0330'
[4d31fdff-1ca5-4ac1-a712-ff3d77cf2b3b/build]   üê≥  docker cp src=/tmp/act-cache/14564b63-4e3d-4844-bb1d-df6958610632/act/actions-setup-java@v1/ dst=/var/run/act/actions/actions-setup-java@v1/
[4d31fdff-1ca5-4ac1-a712-ff3d77cf2b3b/build]   üê≥  docker exec cmd=[chown -R 1012:1013 /var/run/act/actions/actions-setup-java@v1/] user=0 workdir=
[4d31fdff-1ca5-4ac1-a712-ff3d77cf2b3b/build]   üê≥  docker exec cmd=[node /var/run/act/actions/actions-setup-java@v1/dist/setup/index.js] user= workdir=
[4d31fdff-1ca5-4ac1-a712-ff3d77cf2b3b/build]   üí¨  ::debug::isExplicit: 
[4d31fdff-1ca5-4ac1-a712-ff3d77cf2b3b/build]   üí¨  ::debug::explicit? false
[4d31fdff-1ca5-4ac1-a712-ff3d77cf2b3b/build]   üí¨  ::debug::evaluating 0 versions
[4d31fdff-1ca5-4ac1-a712-ff3d77cf2b3b/build]   üí¨  ::debug::match not found
[4d31fdff-1ca5-4ac1-a712-ff3d77cf2b3b/build]   üí¨  ::debug::Downloading JDK from Azul
[4d31fdff-1ca5-4ac1-a712-ff3d77cf2b3b/build]   üí¨  ::debug::Searching for files with extension: -linux_x64.tar.gz
[4d31fdff-1ca5-4ac1-a712-ff3d77cf2b3b/build]   üí¨  ::debug::Downloading https://static.azul.com/zulu/bin/zulu11.64.19-ca-jdk11.0.19-linux_x64.tar.gz
[4d31fdff-1ca5-4ac1-a712-ff3d77cf2b3b/build]   üí¨  ::debug::Downloading /tmp/9aae8fc7-ccf7-4214-b4b5-bc891b2cc3fc
[4d31fdff-1ca5-4ac1-a712-ff3d77cf2b3b/build]   üí¨  ::debug::download complete
[4d31fdff-1ca5-4ac1-a712-ff3d77cf2b3b/build]   | [command]/usr/bin/tar --version
[4d31fdff-1ca5-4ac1-a712-ff3d77cf2b3b/build]   | tar (GNU tar) 1.30
[4d31fdff-1ca5-4ac1-a712-ff3d77cf2b3b/build]   | Copyright (C) 2017 Free Software Foundation, Inc.
[4d31fdff-1ca5-4ac1-a712-ff3d77cf2b3b/build]   | License GPLv3+: GNU GPL version 3 or later <https://gnu.org/licenses/gpl.html>.
[4d31fdff-1ca5-4ac1-a712-ff3d77cf2b3b/build]   | This is free software: you are free to change and redistribute it.
[4d31fdff-1ca5-4ac1-a712-ff3d77cf2b3b/build]   | There is NO WARRANTY, to the extent permitted by law.
[4d31fdff-1ca5-4ac1-a712-ff3d77cf2b3b/build]   | 
[4d31fdff-1ca5-4ac1-a712-ff3d77cf2b3b/build]   | Written by John Gilmore and Jay Fenlason.
[4d31fdff-1ca5-4ac1-a712-ff3d77cf2b3b/build]   | [command]/usr/bin/tar xz --warning=no-unknown-keyword -C /tmp/temp_575260169 -f /tmp/9aae8fc7-ccf7-4214-b4b5-bc891b2cc3fc
[4d31fdff-1ca5-4ac1-a712-ff3d77cf2b3b/build]   üí¨  ::debug::jdk extracted to /tmp/temp_575260169/zulu11.64.19-ca-jdk11.0.19-linux_x64
[4d31fdff-1ca5-4ac1-a712-ff3d77cf2b3b/build]   üí¨  ::debug::Caching tool jdk 11.0.19 x64
[4d31fdff-1ca5-4ac1-a712-ff3d77cf2b3b/build]   üí¨  ::debug::source dir: /tmp/temp_575260169/zulu11.64.19-ca-jdk11.0.19-linux_x64
[4d31fdff-1ca5-4ac1-a712-ff3d77cf2b3b/build]   üí¨  ::debug::destination /opt/hostedtoolcache/jdk/11.0.19/x64
[4d31fdff-1ca5-4ac1-a712-ff3d77cf2b3b/build]   üí¨  ::debug::finished caching tool
[4d31fdff-1ca5-4ac1-a712-ff3d77cf2b3b/build]   ‚ùì add-matcher /run/act/actions/actions-setup-java@v1/.github/java.json
[4d31fdff-1ca5-4ac1-a712-ff3d77cf2b3b/build]   | creating settings.xml with server-id: github; environment variables: username=$GITHUB_ACTOR, password=$GITHUB_TOKEN, and gpg-passphrase=null
[4d31fdff-1ca5-4ac1-a712-ff3d77cf2b3b/build]   üí¨  ::debug::created directory /home/runneradmin/.m2
[4d31fdff-1ca5-4ac1-a712-ff3d77cf2b3b/build]   | writing /home/runneradmin/.m2/settings.xml
[4d31fdff-1ca5-4ac1-a712-ff3d77cf2b3b/build]   ‚úÖ  Success - Main Set up JDK 11
[4d31fdff-1ca5-4ac1-a712-ff3d77cf2b3b/build]   ‚öô  ::set-env:: JAVA_HOME_11_0_19_X64=/opt/hostedtoolcache/jdk/11.0.19/x64
[4d31fdff-1ca5-4ac1-a712-ff3d77cf2b3b/build]   ‚öô  ::set-env:: JAVA_HOME_11.0.19_x64=/opt/hostedtoolcache/jdk/11.0.19/x64
[4d31fdff-1ca5-4ac1-a712-ff3d77cf2b3b/build]   ‚öô  ::set-env:: JAVA_HOME=/opt/hostedtoolcache/jdk/11.0.19/x64
[4d31fdff-1ca5-4ac1-a712-ff3d77cf2b3b/build]   ‚öô  ::set-output:: version=11.0.19
[4d31fdff-1ca5-4ac1-a712-ff3d77cf2b3b/build]   ‚öô  ::set-output:: path=/opt/hostedtoolcache/jdk/11.0.19/x64
[4d31fdff-1ca5-4ac1-a712-ff3d77cf2b3b/build]   ‚öô  ::add-path:: /opt/hostedtoolcache/jdk/11.0.19/x64/bin
[4d31fdff-1ca5-4ac1-a712-ff3d77cf2b3b/build] unable to get git ref: failed to identify reference (tag/branch) for the checked-out revision '8c50c43c5412f368808cd47675877515cf8d0330'
[4d31fdff-1ca5-4ac1-a712-ff3d77cf2b3b/build] unable to get git ref: failed to identify reference (tag/branch) for the checked-out revision '8c50c43c5412f368808cd47675877515cf8d0330'
[4d31fdff-1ca5-4ac1-a712-ff3d77cf2b3b/build] unable to get git ref: failed to identify reference (tag/branch) for the checked-out revision '8c50c43c5412f368808cd47675877515cf8d0330'
[4d31fdff-1ca5-4ac1-a712-ff3d77cf2b3b/build] unable to get git ref: failed to identify reference (tag/branch) for the checked-out revision '8c50c43c5412f368808cd47675877515cf8d0330'
[4d31fdff-1ca5-4ac1-a712-ff3d77cf2b3b/build] unable to get git ref: failed to identify reference (tag/branch) for the checked-out revision '8c50c43c5412f368808cd47675877515cf8d0330'
[4d31fdff-1ca5-4ac1-a712-ff3d77cf2b3b/build] ‚≠ê Run Main Build with Maven
[4d31fdff-1ca5-4ac1-a712-ff3d77cf2b3b/build] unable to get git ref: failed to identify reference (tag/branch) for the checked-out revision '8c50c43c5412f368808cd47675877515cf8d0330'
[4d31fdff-1ca5-4ac1-a712-ff3d77cf2b3b/build] unable to get git ref: failed to identify reference (tag/branch) for the checked-out revision '8c50c43c5412f368808cd47675877515cf8d0330'
[4d31fdff-1ca5-4ac1-a712-ff3d77cf2b3b/build] unable to get git ref: failed to identify reference (tag/branch) for the checked-out revision '8c50c43c5412f368808cd47675877515cf8d0330'
[4d31fdff-1ca5-4ac1-a712-ff3d77cf2b3b/build] unable to get git ref: failed to identify reference (tag/branch) for the checked-out revision '8c50c43c5412f368808cd47675877515cf8d0330'
[4d31fdff-1ca5-4ac1-a712-ff3d77cf2b3b/build]   üê≥  docker exec cmd=[bash --noprofile --norc -e -o pipefail /var/run/act/workflow/2] user= workdir=
[4d31fdff-1ca5-4ac1-a712-ff3d77cf2b3b/build]   | [INFO] Scanning for projects...
[4d31fdff-1ca5-4ac1-a712-ff3d77cf2b3b/build]   | [INFO] 
[4d31fdff-1ca5-4ac1-a712-ff3d77cf2b3b/build]   | [INFO] ------------------------< net.nodebox:nodebox >-------------------------
[4d31fdff-1ca5-4ac1-a712-ff3d77cf2b3b/build]   | [INFO] Building NodeBox 3.0-SNAPSHOT
[4d31fdff-1ca5-4ac1-a712-ff3d77cf2b3b/build]   | [INFO] --------------------------------[ jar ]---------------------------------
[4d31fdff-1ca5-4ac1-a712-ff3d77cf2b3b/build]   | [INFO] Downloading from central: https://repo.maven.apache.org/maven2/org/apache/maven/plugins/maven-resources-plugin/2.6/maven-resources-plugin-2.6.pom
[4d31fdff-1ca5-4ac1-a712-ff3d77cf2b3b/build]   | [INFO] Downloaded from central: https://repo.maven.apache.org/maven2/org/apache/maven/plugins/maven-resources-plugin/2.6/maven-resources-plugin-2.6.pom (8.1 kB at 26 kB/s)
[4d31fdff-1ca5-4ac1-a712-ff3d77cf2b3b/build]   | [INFO] Downloading from central: https://repo.maven.apache.org/maven2/org/apache/maven/plugins/maven-plugins/23/maven-plugins-23.pom
[4d31fdff-1ca5-4ac1-a712-ff3d77cf2b3b/build]   | [INFO] Downloaded from central: https://repo.maven.apache.org/maven2/org/apache/maven/plugins/maven-plugins/23/maven-plugins-23.pom (9.2 kB at 167 kB/s)
[4d31fdff-1ca5-4ac1-a712-ff3d77cf2b3b/build]   | [INFO] Downloading from central: https://repo.maven.apache.org/maven2/org/apache/maven/maven-parent/22/maven-parent-22.pom
[4d31fdff-1ca5-4ac1-a712-ff3d77cf2b3b/build]   | [INFO] Downloaded from central: https://repo.maven.apache.org/maven2/org/apache/maven/maven-parent/22/maven-parent-22.pom (30 kB at 763 kB/s)
[4d31fdff-1ca5-4ac1-a712-ff3d77cf2b3b/build]   | [INFO] Downloading from central: https://repo.maven.apache.org/maven2/org/apache/apache/11/apache-11.pom
[4d31fdff-1ca5-4ac1-a712-ff3d77cf2b3b/build]   | [INFO] Downloaded from central: https://repo.maven.apache.org/maven2/org/apache/apache/11/apache-11.pom (15 kB at 823 kB/s)
[4d31fdff-1ca5-4ac1-a712-ff3d77cf2b3b/build]   | [INFO] Downloading from central: https://repo.maven.apache.org/maven2/org/apache/maven/plugins/maven-resources-plugin/2.6/maven-resources-plugin-2.6.jar
[4d31fdff-1ca5-4ac1-a712-ff3d77cf2b3b/build]   | [INFO] Downloaded from central: https://repo.maven.apache.org/maven2/org/apache/maven/plugins/maven-resources-plugin/2.6/maven-resources-plugin-2.6.jar (30 kB at 1.2 MB/s)
[4d31fdff-1ca5-4ac1-a712-ff3d77cf2b3b/build]   | [INFO] Downloading from central: https://repo.maven.apache.org/maven2/org/apache/maven/plugins/maven-compiler-plugin/2.5.1/maven-compiler-plugin-2.5.1.pom
[4d31fdff-1ca5-4ac1-a712-ff3d77cf2b3b/build]   | [INFO] Downloaded from central: https://repo.maven.apache.org/maven2/org/apache/maven/plugins/maven-compiler-plugin/2.5.1/maven-compiler-plugin-2.5.1.pom (7.9 kB at 256 kB/s)
[4d31fdff-1ca5-4ac1-a712-ff3d77cf2b3b/build]   | [INFO] Downloading from central: https://repo.maven.apache.org/maven2/org/apache/maven/plugins/maven-plugins/22/maven-plugins-22.pom
[4d31fdff-1ca5-4ac1-a712-ff3d77cf2b3b/build]   | [INFO] Downloaded from central: https://repo.maven.apache.org/maven2/org/apache/maven/plugins/maven-plugins/22/maven-plugins-22.pom (13 kB at 192 kB/s)
[4d31fdff-1ca5-4ac1-a712-ff3d77cf2b3b/build]   | [INFO] Downloading from central: https://repo.maven.apache.org/maven2/org/apache/maven/maven-parent/21/maven-parent-21.pom
[4d31fdff-1ca5-4ac1-a712-ff3d77cf2b3b/build]   | [INFO] Downloaded from central: https://repo.maven.apache.org/maven2/org/apache/maven/maven-parent/21/maven-parent-21.pom (26 kB at 799 kB/s)
[4d31fdff-1ca5-4ac1-a712-ff3d77cf2b3b/build]   | [INFO] Downloading from central: https://repo.maven.apache.org/maven2/org/apache/apache/10/apache-10.pom
[4d31fdff-1ca5-4ac1-a712-ff3d77cf2b3b/build]   | [INFO] Downloaded from central: https://repo.maven.apache.org/maven2/org/apache/apache/10/apache-10.pom (15 kB at 548 kB/s)
[4d31fdff-1ca5-4ac1-a712-ff3d77cf2b3b/build]   | [INFO] Downloading from central: https://repo.maven.apache.org/maven2/org/apache/maven/plugins/maven-compiler-plugin/2.5.1/maven-compiler-plugin-2.5.1.jar
[4d31fdff-1ca5-4ac1-a712-ff3d77cf2b3b/build]   | [INFO] Downloaded from central: https://repo.maven.apache.org/maven2/org/apache/maven/plugins/maven-compiler-plugin/2.5.1/maven-compiler-plugin-2.5.1.jar (33 kB at 625 kB/s)
[4d31fdff-1ca5-4ac1-a712-ff3d77cf2b3b/build]   | [INFO] Downloading from central: https://repo.maven.apache.org/maven2/org/apache/maven/plugins/maven-surefire-plugin/2.12.4/maven-surefire-plugin-2.12.4.pom
[4d31fdff-1ca5-4ac1-a712-ff3d77cf2b3b/build]   | [INFO] Downloaded from central: https://repo.maven.apache.org/maven2/org/apache/maven/plugins/maven-surefire-plugin/2.12.4/maven-surefire-plugin-2.12.4.pom (10 kB at 436 kB/s)
[4d31fdff-1ca5-4ac1-a712-ff3d77cf2b3b/build]   | [INFO] Downloading from central: https://repo.maven.apache.org/maven2/org/apache/maven/surefire/surefire/2.12.4/surefire-2.12.4.pom
[4d31fdff-1ca5-4ac1-a712-ff3d77cf2b3b/build]   | [INFO] Downloaded from central: https://repo.maven.apache.org/maven2/org/apache/maven/surefire/surefire/2.12.4/surefire-2.12.4.pom (14 kB at 492 kB/s)
[4d31fdff-1ca5-4ac1-a712-ff3d77cf2b3b/build]   | [INFO] Downloading from central: https://repo.maven.apache.org/maven2/org/apache/maven/plugins/maven-surefire-plugin/2.12.4/maven-surefire-plugin-2.12.4.jar
[4d31fdff-1ca5-4ac1-a712-ff3d77cf2b3b/build]   | [INFO] Downloaded from central: https://repo.maven.apache.org/maven2/org/apache/maven/plugins/maven-surefire-plugin/2.12.4/maven-surefire-plugin-2.12.4.jar (30 kB at 1.1 MB/s)
[4d31fdff-1ca5-4ac1-a712-ff3d77cf2b3b/build]   | [INFO] Downloading from central: https://repo.maven.apache.org/maven2/org/apache/maven/plugins/maven-jar-plugin/2.4/maven-jar-plugin-2.4.pom
[4d31fdff-1ca5-4ac1-a712-ff3d77cf2b3b/build]   | [INFO] Downloaded from central: https://repo.maven.apache.org/maven2/org/apache/maven/plugins/maven-jar-plugin/2.4/maven-jar-plugin-2.4.pom (5.8 kB at 136 kB/s)
[4d31fdff-1ca5-4ac1-a712-ff3d77cf2b3b/build]   | [INFO] Downloading from central: https://repo.maven.apache.org/maven2/org/apache/maven/plugins/maven-jar-plugin/2.4/maven-jar-plugin-2.4.jar
[4d31fdff-1ca5-4ac1-a712-ff3d77cf2b3b/build]   | [INFO] Downloaded from central: https://repo.maven.apache.org/maven2/org/apache/maven/plugins/maven-jar-plugin/2.4/maven-jar-plugin-2.4.jar (34 kB at 1.4 MB/s)
[4d31fdff-1ca5-4ac1-a712-ff3d77cf2b3b/build]   | [INFO] Downloading from clojars.org: https://clojars.org/repo/org/clojure/clojure/1.6.0/clojure-1.6.0.pom
[4d31fdff-1ca5-4ac1-a712-ff3d77cf2b3b/build]   | [INFO] Downloading from central: https://repo.maven.apache.org/maven2/org/clojure/clojure/1.6.0/clojure-1.6.0.pom
[4d31fdff-1ca5-4ac1-a712-ff3d77cf2b3b/build]   | [INFO] Downloaded from central: https://repo.maven.apache.org/maven2/org/clojure/clojure/1.6.0/clojure-1.6.0.pom (7.8 kB at 215 kB/s)
[4d31fdff-1ca5-4ac1-a712-ff3d77cf2b3b/build]   | [INFO] Downloading from clojars.org: https://clojars.org/repo/org/sonatype/oss/oss-parent/7/oss-parent-7.pom
[4d31fdff-1ca5-4ac1-a712-ff3d77cf2b3b/build]   | [INFO] Downloading from central: https://repo.maven.apache.org/maven2/org/sonatype/oss/oss-parent/7/oss-parent-7.pom
[4d31fdff-1ca5-4ac1-a712-ff3d77cf2b3b/build]   | [INFO] Downloaded from central: https://repo.maven.apache.org/maven2/org/sonatype/oss/oss-parent/7/oss-parent-7.pom (4.8 kB at 186 kB/s)
[4d31fdff-1ca5-4ac1-a712-ff3d77cf2b3b/build]   | [INFO] Downloading from clojars.org: https://clojars.org/repo/com/google/guava/guava/18.0/guava-18.0.pom
[4d31fdff-1ca5-4ac1-a712-ff3d77cf2b3b/build]   | [INFO] Downloading from central: https://repo.maven.apache.org/maven2/com/google/guava/guava/18.0/guava-18.0.pom
[4d31fdff-1ca5-4ac1-a712-ff3d77cf2b3b/build]   | [INFO] Downloaded from central: https://repo.maven.apache.org/maven2/com/google/guava/guava/18.0/guava-18.0.pom (5.7 kB at 283 kB/s)
[4d31fdff-1ca5-4ac1-a712-ff3d77cf2b3b/build]   | [INFO] Downloading from clojars.org: https://clojars.org/repo/com/google/guava/guava-parent/18.0/guava-parent-18.0.pom
[4d31fdff-1ca5-4ac1-a712-ff3d77cf2b3b/build]   | [INFO] Downloading from central: https://repo.maven.apache.org/maven2/com/google/guava/guava-parent/18.0/guava-parent-18.0.pom
[4d31fdff-1ca5-4ac1-a712-ff3d77cf2b3b/build]   | [INFO] Downloaded from central: https://repo.maven.apache.org/maven2/com/google/guava/guava-parent/18.0/guava-parent-18.0.pom (7.7 kB at 427 kB/s)
[4d31fdff-1ca5-4ac1-a712-ff3d77cf2b3b/build]   | [INFO] Downloading from clojars.org: https://clojars.org/repo/org/apache/httpcomponents/httpclient/4.2.3/httpclient-4.2.3.pom
[4d31fdff-1ca5-4ac1-a712-ff3d77cf2b3b/build]   | [INFO] Downloading from central: https://repo.maven.apache.org/maven2/org/apache/httpcomponents/httpclient/4.2.3/httpclient-4.2.3.pom
[4d31fdff-1ca5-4ac1-a712-ff3d77cf2b3b/build]   | [INFO] Downloaded from central: https://repo.maven.apache.org/maven2/org/apache/httpcomponents/httpclient/4.2.3/httpclient-4.2.3.pom (5.9 kB at 169 kB/s)
[4d31fdff-1ca5-4ac1-a712-ff3d77cf2b3b/build]   | [INFO] Downloading from clojars.org: https://clojars.org/repo/org/apache/httpcomponents/httpcomponents-client/4.2.3/httpcomponents-client-4.2.3.pom
[4d31fdff-1ca5-4ac1-a712-ff3d77cf2b3b/build]   | [INFO] Downloading from central: https://repo.maven.apache.org/maven2/org/apache/httpcomponents/httpcomponents-client/4.2.3/httpcomponents-client-4.2.3.pom
[4d31fdff-1ca5-4ac1-a712-ff3d77cf2b3b/build]   | [INFO] Downloaded from central: https://repo.maven.apache.org/maven2/org/apache/httpcomponents/httpcomponents-client/4.2.3/httpcomponents-client-4.2.3.pom (15 kB at 340 kB/s)
[4d31fdff-1ca5-4ac1-a712-ff3d77cf2b3b/build]   | [INFO] Downloading from clojars.org: https://clojars.org/repo/org/apache/httpcomponents/project/6/project-6.pom
[4d31fdff-1ca5-4ac1-a712-ff3d77cf2b3b/build]   | [INFO] Downloading from central: https://repo.maven.apache.org/maven2/org/apache/httpcomponents/project/6/project-6.pom
[4d31fdff-1ca5-4ac1-a712-ff3d77cf2b3b/build]   | [INFO] Downloaded from central: https://repo.maven.apache.org/maven2/org/apache/httpcomponents/project/6/project-6.pom (24 kB at 827 kB/s)
[4d31fdff-1ca5-4ac1-a712-ff3d77cf2b3b/build]   | [INFO] Downloading from clojars.org: https://clojars.org/repo/org/apache/httpcomponents/httpcore/4.2.2/httpcore-4.2.2.pom
[4d31fdff-1ca5-4ac1-a712-ff3d77cf2b3b/build]   | [INFO] Downloading from central: https://repo.maven.apache.org/maven2/org/apache/httpcomponents/httpcore/4.2.2/httpcore-4.2.2.pom
[4d31fdff-1ca5-4ac1-a712-ff3d77cf2b3b/build]   | [INFO] Downloaded from central: https://repo.maven.apache.org/maven2/org/apache/httpcomponents/httpcore/4.2.2/httpcore-4.2.2.pom (5.7 kB at 87 kB/s)
[4d31fdff-1ca5-4ac1-a712-ff3d77cf2b3b/build]   | [INFO] Downloading from clojars.org: https://clojars.org/repo/org/apache/httpcomponents/httpcomponents-core/4.2.2/httpcomponents-core-4.2.2.pom
[4d31fdff-1ca5-4ac1-a712-ff3d77cf2b3b/build]   | [INFO] Downloading from central: https://repo.maven.apache.org/maven2/org/apache/httpcomponents/httpcomponents-core/4.2.2/httpcomponents-core-4.2.2.pom
[4d31fdff-1ca5-4ac1-a712-ff3d77cf2b3b/build]   | [INFO] Downloaded from central: https://repo.maven.apache.org/maven2/org/apache/httpcomponents/httpcomponents-core/4.2.2/httpcomponents-core-4.2.2.pom (11 kB at 425 kB/s)
[4d31fdff-1ca5-4ac1-a712-ff3d77cf2b3b/build]   | [INFO] Downloading from clojars.org: https://clojars.org/repo/commons-logging/commons-logging/1.1.1/commons-logging-1.1.1.pom
[4d31fdff-1ca5-4ac1-a712-ff3d77cf2b3b/build]   | [INFO] Downloading from central: https://repo.maven.apache.org/maven2/commons-logging/commons-logging/1.1.1/commons-logging-1.1.1.pom
[4d31fdff-1ca5-4ac1-a712-ff3d77cf2b3b/build]   | [INFO] Downloaded from central: https://repo.maven.apache.org/maven2/commons-logging/commons-logging/1.1.1/commons-logging-1.1.1.pom (18 kB at 798 kB/s)
[4d31fdff-1ca5-4ac1-a712-ff3d77cf2b3b/build]   | [INFO] Downloading from clojars.org: https://clojars.org/repo/org/apache/commons/commons-parent/5/commons-parent-5.pom
[4d31fdff-1ca5-4ac1-a712-ff3d77cf2b3b/build]   | [INFO] Downloading from central: https://repo.maven.apache.org/maven2/org/apache/commons/commons-parent/5/commons-parent-5.pom
[4d31fdff-1ca5-4ac1-a712-ff3d77cf2b3b/build]   | [INFO] Downloaded from central: https://repo.maven.apache.org/maven2/org/apache/commons/commons-parent/5/commons-parent-5.pom (16 kB at 486 kB/s)
[4d31fdff-1ca5-4ac1-a712-ff3d77cf2b3b/build]   | [INFO] Downloading from clojars.org: https://clojars.org/repo/org/apache/apache/4/apache-4.pom
[4d31fdff-1ca5-4ac1-a712-ff3d77cf2b3b/build]   | [INFO] Downloading from central: https://repo.maven.apache.org/maven2/org/apache/apache/4/apache-4.pom
[4d31fdff-1ca5-4ac1-a712-ff3d77cf2b3b/build]   | [INFO] Downloaded from central: https://repo.maven.apache.org/maven2/org/apache/apache/4/apache-4.pom (4.5 kB at 166 kB/s)
[4d31fdff-1ca5-4ac1-a712-ff3d77cf2b3b/build]   | [INFO] Downloading from clojars.org: https://clojars.org/repo/commons-codec/commons-codec/1.6/commons-codec-1.6.pom
[4d31fdff-1ca5-4ac1-a712-ff3d77cf2b3b/build]   | [INFO] Downloading from central: https://repo.maven.apache.org/maven2/commons-codec/commons-codec/1.6/commons-codec-1.6.pom
[4d31fdff-1ca5-4ac1-a712-ff3d77cf2b3b/build]   | [INFO] Downloaded from central: https://repo.maven.apache.org/maven2/commons-codec/commons-codec/1.6/commons-codec-1.6.pom (11 kB at 744 kB/s)
[4d31fdff-1ca5-4ac1-a712-ff3d77cf2b3b/build]   | [INFO] Downloading from clojars.org: https://clojars.org/repo/org/apache/commons/commons-parent/22/commons-parent-22.pom
[4d31fdff-1ca5-4ac1-a712-ff3d77cf2b3b/build]   | [INFO] Downloading from central: https://repo.maven.apache.org/maven2/org/apache/commons/commons-parent/22/commons-parent-22.pom
[4d31fdff-1ca5-4ac1-a712-ff3d77cf2b3b/build]   | [INFO] Downloaded from central: https://repo.maven.apache.org/maven2/org/apache/commons/commons-parent/22/commons-parent-22.pom (42 kB at 1.3 MB/s)
[4d31fdff-1ca5-4ac1-a712-ff3d77cf2b3b/build]   | [INFO] Downloading from clojars.org: https://clojars.org/repo/org/apache/apache/9/apache-9.pom
[4d31fdff-1ca5-4ac1-a712-ff3d77cf2b3b/build]   | [INFO] Downloading from central: https://repo.maven.apache.org/maven2/org/apache/apache/9/apache-9.pom
[4d31fdff-1ca5-4ac1-a712-ff3d77cf2b3b/build]   | [INFO] Downloaded from central: https://repo.maven.apache.org/maven2/org/apache/apache/9/apache-9.pom (15 kB at 798 kB/s)
[4d31fdff-1ca5-4ac1-a712-ff3d77cf2b3b/build]   | [INFO] Downloading from clojars.org: https://clojars.org/repo/com/itextpdf/itextpdf/5.5.0/itextpdf-5.5.0.pom
[4d31fdff-1ca5-4ac1-a712-ff3d77cf2b3b/build]   | [INFO] Downloading from central: https://repo.maven.apache.org/maven2/com/itextpdf/itextpdf/5.5.0/itextpdf-5.5.0.pom
[4d31fdff-1ca5-4ac1-a712-ff3d77cf2b3b/build]   | [INFO] Downloaded from central: https://repo.maven.apache.org/maven2/com/itextpdf/itextpdf/5.5.0/itextpdf-5.5.0.pom (9.8 kB at 351 kB/s)
[4d31fdff-1ca5-4ac1-a712-ff3d77cf2b3b/build]   | [INFO] Downloading from clojars.org: https://clojars.org/repo/com/itextpdf/itext-parent/1.0.0/itext-parent-1.0.0.pom
[4d31fdff-1ca5-4ac1-a712-ff3d77cf2b3b/build]   | [INFO] Downloading from central: https://repo.maven.apache.org/maven2/com/itextpdf/itext-parent/1.0.0/itext-parent-1.0.0.pom
[4d31fdff-1ca5-4ac1-a712-ff3d77cf2b3b/build]   | [INFO] Downloaded from central: https://repo.maven.apache.org/maven2/com/itextpdf/itext-parent/1.0.0/itext-parent-1.0.0.pom (3.6 kB at 200 kB/s)
[4d31fdff-1ca5-4ac1-a712-ff3d77cf2b3b/build]   | [INFO] Downloading from clojars.org: https://clojars.org/repo/net/java/dev/jna/jna/4.1.0/jna-4.1.0.pom
[4d31fdff-1ca5-4ac1-a712-ff3d77cf2b3b/build]   | [INFO] Downloading from central: https://repo.maven.apache.org/maven2/net/java/dev/jna/jna/4.1.0/jna-4.1.0.pom
[4d31fdff-1ca5-4ac1-a712-ff3d77cf2b3b/build]   | [INFO] Downloaded from central: https://repo.maven.apache.org/maven2/net/java/dev/jna/jna/4.1.0/jna-4.1.0.pom (1.3 kB at 32 kB/s)
[4d31fdff-1ca5-4ac1-a712-ff3d77cf2b3b/build]   | [INFO] Downloading from clojars.org: https://clojars.org/repo/com/jayway/jsonpath/json-path/0.8.1/json-path-0.8.1.pom
[4d31fdff-1ca5-4ac1-a712-ff3d77cf2b3b/build]   | [INFO] Downloading from central: https://repo.maven.apache.org/maven2/com/jayway/jsonpath/json-path/0.8.1/json-path-0.8.1.pom
[4d31fdff-1ca5-4ac1-a712-ff3d77cf2b3b/build]   | [INFO] Downloaded from central: https://repo.maven.apache.org/maven2/com/jayway/jsonpath/json-path/0.8.1/json-path-0.8.1.pom (2.5 kB at 178 kB/s)
[4d31fdff-1ca5-4ac1-a712-ff3d77cf2b3b/build]   | [INFO] Downloading from clojars.org: https://clojars.org/repo/com/jayway/jsonpath/json-path-parent/0.8.1/json-path-parent-0.8.1.pom
[4d31fdff-1ca5-4ac1-a712-ff3d77cf2b3b/build]   | [INFO] Downloading from central: https://repo.maven.apache.org/maven2/com/jayway/jsonpath/json-path-parent/0.8.1/json-path-parent-0.8.1.pom
[4d31fdff-1ca5-4ac1-a712-ff3d77cf2b3b/build]   | [INFO] Downloaded from central: https://repo.maven.apache.org/maven2/com/jayway/jsonpath/json-path-parent/0.8.1/json-path-parent-0.8.1.pom (8.9 kB at 469 kB/s)
[4d31fdff-1ca5-4ac1-a712-ff3d77cf2b3b/build]   | [INFO] Downloading from clojars.org: https://clojars.org/repo/org/sonatype/oss/oss-parent/5/oss-parent-5.pom
[4d31fdff-1ca5-4ac1-a712-ff3d77cf2b3b/build]   | [INFO] Downloading from central: https://repo.maven.apache.org/maven2/org/sonatype/oss/oss-parent/5/oss-parent-5.pom
[4d31fdff-1ca5-4ac1-a712-ff3d77cf2b3b/build]   | [INFO] Downloaded from central: https://repo.maven.apache.org/maven2/org/sonatype/oss/oss-parent/5/oss-parent-5.pom (4.1 kB at 163 kB/s)
[4d31fdff-1ca5-4ac1-a712-ff3d77cf2b3b/build]   | [INFO] Downloading from clojars.org: https://clojars.org/repo/net/minidev/json-smart/1.1.1/json-smart-1.1.1.pom
[4d31fdff-1ca5-4ac1-a712-ff3d77cf2b3b/build]   | [INFO] Downloading from central: https://repo.maven.apache.org/maven2/net/minidev/json-smart/1.1.1/json-smart-1.1.1.pom
[4d31fdff-1ca5-4ac1-a712-ff3d77cf2b3b/build]   | [INFO] Downloaded from central: https://repo.maven.apache.org/maven2/net/minidev/json-smart/1.1.1/json-smart-1.1.1.pom (1.4 kB at 68 kB/s)
[4d31fdff-1ca5-4ac1-a712-ff3d77cf2b3b/build]   | [INFO] Downloading from clojars.org: https://clojars.org/repo/net/minidev/parent/1.1.1/parent-1.1.1.pom
[4d31fdff-1ca5-4ac1-a712-ff3d77cf2b3b/build]   | [INFO] Downloading from central: https://repo.maven.apache.org/maven2/net/minidev/parent/1.1.1/parent-1.1.1.pom
[4d31fdff-1ca5-4ac1-a712-ff3d77cf2b3b/build]   | [INFO] Downloaded from central: https://repo.maven.apache.org/maven2/net/minidev/parent/1.1.1/parent-1.1.1.pom (11 kB at 543 kB/s)
[4d31fdff-1ca5-4ac1-a712-ff3d77cf2b3b/build]   | [INFO] Downloading from clojars.org: https://clojars.org/repo/commons-lang/commons-lang/2.6/commons-lang-2.6.pom
[4d31fdff-1ca5-4ac1-a712-ff3d77cf2b3b/build]   | [INFO] Downloading from central: https://repo.maven.apache.org/maven2/commons-lang/commons-lang/2.6/commons-lang-2.6.pom
[4d31fdff-1ca5-4ac1-a712-ff3d77cf2b3b/build]   | [INFO] Downloaded from central: https://repo.maven.apache.org/maven2/commons-lang/commons-lang/2.6/commons-lang-2.6.pom (17 kB at 833 kB/s)
[4d31fdff-1ca5-4ac1-a712-ff3d77cf2b3b/build]   | [INFO] Downloading from clojars.org: https://clojars.org/repo/org/apache/commons/commons-parent/17/commons-parent-17.pom
[4d31fdff-1ca5-4ac1-a712-ff3d77cf2b3b/build]   | [INFO] Downloading from central: https://repo.maven.apache.org/maven2/org/apache/commons/commons-parent/17/commons-parent-17.pom
[4d31fdff-1ca5-4ac1-a712-ff3d77cf2b3b/build]   | [INFO] Downloaded from central: https://repo.maven.apache.org/maven2/org/apache/commons/commons-parent/17/commons-parent-17.pom (31 kB at 1.4 MB/s)
[4d31fdff-1ca5-4ac1-a712-ff3d77cf2b3b/build]   | [INFO] Downloading from clojars.org: https://clojars.org/repo/org/apache/apache/7/apache-7.pom
[4d31fdff-1ca5-4ac1-a712-ff3d77cf2b3b/build]   | [INFO] Downloading from central: https://repo.maven.apache.org/maven2/org/apache/apache/7/apache-7.pom
[4d31fdff-1ca5-4ac1-a712-ff3d77cf2b3b/build]   | [INFO] Downloaded from central: https://repo.maven.apache.org/maven2/org/apache/apache/7/apache-7.pom (14 kB at 849 kB/s)
[4d31fdff-1ca5-4ac1-a712-ff3d77cf2b3b/build]   | [INFO] Downloading from clojars.org: https://clojars.org/repo/junit/junit/4.11/junit-4.11.pom
[4d31fdff-1ca5-4ac1-a712-ff3d77cf2b3b/build]   | [INFO] Downloading from central: https://repo.maven.apache.org/maven2/junit/junit/4.11/junit-4.11.pom
[4d31fdff-1ca5-4ac1-a712-ff3d77cf2b3b/build]   | [INFO] Downloaded from central: https://repo.maven.apache.org/maven2/junit/junit/4.11/junit-4.11.pom (2.3 kB at 130 kB/s)
[4d31fdff-1ca5-4ac1-a712-ff3d77cf2b3b/build]   | [INFO] Downloading from clojars.org: https://clojars.org/repo/org/hamcrest/hamcrest-core/1.3/hamcrest-core-1.3.pom
[4d31fdff-1ca5-4ac1-a712-ff3d77cf2b3b/build]   | [INFO] Downloading from central: https://repo.maven.apache.org/maven2/org/hamcrest/hamcrest-core/1.3/hamcrest-core-1.3.pom
[4d31fdff-1ca5-4ac1-a712-ff3d77cf2b3b/build]   | [INFO] Downloaded from central: https://repo.maven.apache.org/maven2/org/hamcrest/hamcrest-core/1.3/hamcrest-core-1.3.pom (766 B at 70 kB/s)
[4d31fdff-1ca5-4ac1-a712-ff3d77cf2b3b/build]   | [INFO] Downloading from clojars.org: https://clojars.org/repo/org/hamcrest/hamcrest-parent/1.3/hamcrest-parent-1.3.pom
[4d31fdff-1ca5-4ac1-a712-ff3d77cf2b3b/build]   | [INFO] Downloading from central: https://repo.maven.apache.org/maven2/org/hamcrest/hamcrest-parent/1.3/hamcrest-parent-1.3.pom
[4d31fdff-1ca5-4ac1-a712-ff3d77cf2b3b/build]   | [INFO] Downloaded from central: https://repo.maven.apache.org/maven2/org/hamcrest/hamcrest-parent/1.3/hamcrest-parent-1.3.pom (2.0 kB at 45 kB/s)
[4d31fdff-1ca5-4ac1-a712-ff3d77cf2b3b/build]   | [INFO] Downloading from clojars.org: https://clojars.org/repo/org/python/jython/2.7-b1/jython-2.7-b1.pom
[4d31fdff-1ca5-4ac1-a712-ff3d77cf2b3b/build]   | [INFO] Downloading from central: https://repo.maven.apache.org/maven2/org/python/jython/2.7-b1/jython-2.7-b1.pom
[4d31fdff-1ca5-4ac1-a712-ff3d77cf2b3b/build]   | [INFO] Downloaded from central: https://repo.maven.apache.org/maven2/org/python/jython/2.7-b1/jython-2.7-b1.pom (1.4 kB at 48 kB/s)
[4d31fdff-1ca5-4ac1-a712-ff3d77cf2b3b/build]   | [INFO] Downloading from clojars.org: https://clojars.org/repo/net/sf/opencsv/opencsv/2.3/opencsv-2.3.pom
[4d31fdff-1ca5-4ac1-a712-ff3d77cf2b3b/build]   | [INFO] Downloading from central: https://repo.maven.apache.org/maven2/net/sf/opencsv/opencsv/2.3/opencsv-2.3.pom
[4d31fdff-1ca5-4ac1-a712-ff3d77cf2b3b/build]   | [INFO] Downloaded from central: https://repo.maven.apache.org/maven2/net/sf/opencsv/opencsv/2.3/opencsv-2.3.pom (5.4 kB at 118 kB/s)
[4d31fdff-1ca5-4ac1-a712-ff3d77cf2b3b/build]   | [INFO] Downloading from clojars.org: https://clojars.org/repo/org/clojars/processing-core/org.processing.core/1.5.1/org.processing.core-1.5.1.pom
[4d31fdff-1ca5-4ac1-a712-ff3d77cf2b3b/build]   | [INFO] Downloaded from clojars.org: https://clojars.org/repo/org/clojars/processing-core/org.processing.core/1.5.1/org.processing.core-1.5.1.pom (910 B at 3.3 kB/s)
[4d31fdff-1ca5-4ac1-a712-ff3d77cf2b3b/build]   | [INFO] Downloading from clojars.org: https://clojars.org/repo/ddf/minim/ddf.minim/2.2.0/ddf.minim-2.2.0.pom
[4d31fdff-1ca5-4ac1-a712-ff3d77cf2b3b/build]   | [INFO] Downloaded from clojars.org: https://clojars.org/repo/ddf/minim/ddf.minim/2.2.0/ddf.minim-2.2.0.pom (3.9 kB at 14 kB/s)
[4d31fdff-1ca5-4ac1-a712-ff3d77cf2b3b/build]   | [INFO] Downloading from clojars.org: https://clojars.org/repo/org/clojure/clojure/1.5.1/clojure-1.5.1.pom
[4d31fdff-1ca5-4ac1-a712-ff3d77cf2b3b/build]   | [INFO] Downloading from central: https://repo.maven.apache.org/maven2/org/clojure/clojure/1.5.1/clojure-1.5.1.pom
[4d31fdff-1ca5-4ac1-a712-ff3d77cf2b3b/build]   | [INFO] Downloaded from central: https://repo.maven.apache.org/maven2/org/clojure/clojure/1.5.1/clojure-1.5.1.pom (6.2 kB at 176 kB/s)
[4d31fdff-1ca5-4ac1-a712-ff3d77cf2b3b/build]   | [INFO] Downloading from clojars.org: https://clojars.org/repo/org/clojars/automata/jl/1.0.0/jl-1.0.0.pom
[4d31fdff-1ca5-4ac1-a712-ff3d77cf2b3b/build]   | [INFO] Downloaded from clojars.org: https://clojars.org/repo/org/clojars/automata/jl/1.0.0/jl-1.0.0.pom (391 B at 1.3 kB/s)
[4d31fdff-1ca5-4ac1-a712-ff3d77cf2b3b/build]   | [INFO] Downloading from clojars.org: https://clojars.org/repo/org/clojars/automata/mp3spi/1.9.4/mp3spi-1.9.4.pom
[4d31fdff-1ca5-4ac1-a712-ff3d77cf2b3b/build]   | [INFO] Downloaded from clojars.org: https://clojars.org/repo/org/clojars/automata/mp3spi/1.9.4/mp3spi-1.9.4.pom (394 B at 1.4 kB/s)
[4d31fdff-1ca5-4ac1-a712-ff3d77cf2b3b/build]   | [INFO] Downloading from clojars.org: https://clojars.org/repo/org/clojars/automata/tritonus-aos/1.0.0/tritonus-aos-1.0.0.pom
[4d31fdff-1ca5-4ac1-a712-ff3d77cf2b3b/build]   | [INFO] Downloaded from clojars.org: https://clojars.org/repo/org/clojars/automata/tritonus-aos/1.0.0/tritonus-aos-1.0.0.pom (411 B at 1.5 kB/s)
[4d31fdff-1ca5-4ac1-a712-ff3d77cf2b3b/build]   | [INFO] Downloading from clojars.org: https://clojars.org/repo/org/clojars/automata/tritonus-share/1.0.0/tritonus-share-1.0.0.pom
[4d31fdff-1ca5-4ac1-a712-ff3d77cf2b3b/build]   | [INFO] Downloaded from clojars.org: https://clojars.org/repo/org/clojars/automata/tritonus-share/1.0.0/tritonus-share-1.0.0.pom (417 B at 1.5 kB/s)
[4d31fdff-1ca5-4ac1-a712-ff3d77cf2b3b/build]   | [INFO] Downloading from clojars.org: https://clojars.org/repo/de/sojamo/oscp5/0.9.8/oscp5-0.9.8.pom
[4d31fdff-1ca5-4ac1-a712-ff3d77cf2b3b/build]   | [INFO] Downloaded from clojars.org: https://clojars.org/repo/de/sojamo/oscp5/0.9.8/oscp5-0.9.8.pom (1.1 kB at 3.8 kB/s)
[4d31fdff-1ca5-4ac1-a712-ff3d77cf2b3b/build]   | [INFO] Downloading from clojars.org: https://clojars.org/repo/org/clojure/clojure/1.6.0/clojure-1.6.0.jar
[4d31fdff-1ca5-4ac1-a712-ff3d77cf2b3b/build]   | [INFO] Downloading from clojars.org: https://clojars.org/repo/com/google/guava/guava/18.0/guava-18.0.jar
[4d31fdff-1ca5-4ac1-a712-ff3d77cf2b3b/build]   | [INFO] Downloading from clojars.org: https://clojars.org/repo/org/apache/httpcomponents/httpclient/4.2.3/httpclient-4.2.3.jar
[4d31fdff-1ca5-4ac1-a712-ff3d77cf2b3b/build]   | [INFO] Downloading from clojars.org: https://clojars.org/repo/org/apache/httpcomponents/httpcore/4.2.2/httpcore-4.2.2.jar
[4d31fdff-1ca5-4ac1-a712-ff3d77cf2b3b/build]   | [INFO] Downloading from clojars.org: https://clojars.org/repo/commons-logging/commons-logging/1.1.1/commons-logging-1.1.1.jar
[4d31fdff-1ca5-4ac1-a712-ff3d77cf2b3b/build]   | [INFO] Downloading from clojars.org: https://clojars.org/repo/commons-codec/commons-codec/1.6/commons-codec-1.6.jar
[4d31fdff-1ca5-4ac1-a712-ff3d77cf2b3b/build]   | [INFO] Downloading from clojars.org: https://clojars.org/repo/com/itextpdf/itextpdf/5.5.0/itextpdf-5.5.0.jar
[4d31fdff-1ca5-4ac1-a712-ff3d77cf2b3b/build]   | [INFO] Downloading from clojars.org: https://clojars.org/repo/net/java/dev/jna/jna/4.1.0/jna-4.1.0.jar
[4d31fdff-1ca5-4ac1-a712-ff3d77cf2b3b/build]   | [INFO] Downloading from clojars.org: https://clojars.org/repo/com/jayway/jsonpath/json-path/0.8.1/json-path-0.8.1.jar
[4d31fdff-1ca5-4ac1-a712-ff3d77cf2b3b/build]   | [INFO] Downloading from clojars.org: https://clojars.org/repo/net/minidev/json-smart/1.1.1/json-smart-1.1.1.jar
[4d31fdff-1ca5-4ac1-a712-ff3d77cf2b3b/build]   | [INFO] Downloading from clojars.org: https://clojars.org/repo/commons-lang/commons-lang/2.6/commons-lang-2.6.jar
[4d31fdff-1ca5-4ac1-a712-ff3d77cf2b3b/build]   | [INFO] Downloading from clojars.org: https://clojars.org/repo/junit/junit/4.11/junit-4.11.jar
[4d31fdff-1ca5-4ac1-a712-ff3d77cf2b3b/build]   | [INFO] Downloading from clojars.org: https://clojars.org/repo/org/hamcrest/hamcrest-core/1.3/hamcrest-core-1.3.jar
[4d31fdff-1ca5-4ac1-a712-ff3d77cf2b3b/build]   | [INFO] Downloading from clojars.org: https://clojars.org/repo/org/python/jython/2.7-b1/jython-2.7-b1.jar
[4d31fdff-1ca5-4ac1-a712-ff3d77cf2b3b/build]   | [INFO] Downloading from clojars.org: https://clojars.org/repo/net/sf/opencsv/opencsv/2.3/opencsv-2.3.jar
[4d31fdff-1ca5-4ac1-a712-ff3d77cf2b3b/build]   | [INFO] Downloading from clojars.org: https://clojars.org/repo/org/clojars/processing-core/org.processing.core/1.5.1/org.processing.core-1.5.1.jar
[4d31fdff-1ca5-4ac1-a712-ff3d77cf2b3b/build]   | [INFO] Downloading from clojars.org: https://clojars.org/repo/ddf/minim/ddf.minim/2.2.0/ddf.minim-2.2.0.jar
[4d31fdff-1ca5-4ac1-a712-ff3d77cf2b3b/build]   | [INFO] Downloading from clojars.org: https://clojars.org/repo/org/clojars/automata/jl/1.0.0/jl-1.0.0.jar
[4d31fdff-1ca5-4ac1-a712-ff3d77cf2b3b/build]   | [INFO] Downloading from clojars.org: https://clojars.org/repo/org/clojars/automata/mp3spi/1.9.4/mp3spi-1.9.4.jar
[4d31fdff-1ca5-4ac1-a712-ff3d77cf2b3b/build]   | [INFO] Downloading from clojars.org: https://clojars.org/repo/org/clojars/automata/tritonus-aos/1.0.0/tritonus-aos-1.0.0.jar
[4d31fdff-1ca5-4ac1-a712-ff3d77cf2b3b/build]   | [INFO] Downloaded from clojars.org: https://clojars.org/repo/org/clojars/automata/jl/1.0.0/jl-1.0.0.jar (105 kB at 111 kB/s)
[4d31fdff-1ca5-4ac1-a712-ff3d77cf2b3b/build]   | [INFO] Downloading from clojars.org: https://clojars.org/repo/org/clojars/automata/tritonus-share/1.0.0/tritonus-share-1.0.0.jar
[4d31fdff-1ca5-4ac1-a712-ff3d77cf2b3b/build]   | [INFO] Downloaded from clojars.org: https://clojars.org/repo/org/clojars/automata/mp3spi/1.9.4/mp3spi-1.9.4.jar (25 kB at 25 kB/s)
[4d31fdff-1ca5-4ac1-a712-ff3d77cf2b3b/build]   | [INFO] Downloading from clojars.org: https://clojars.org/repo/de/sojamo/oscp5/0.9.8/oscp5-0.9.8.jar
[4d31fdff-1ca5-4ac1-a712-ff3d77cf2b3b/build]   | [INFO] Downloaded from clojars.org: https://clojars.org/repo/org/clojars/automata/tritonus-aos/1.0.0/tritonus-aos-1.0.0.jar (10 kB at 8.8 kB/s)
[4d31fdff-1ca5-4ac1-a712-ff3d77cf2b3b/build]   | [INFO] Downloaded from clojars.org: https://clojars.org/repo/org/clojars/processing-core/org.processing.core/1.5.1/org.processing.core-1.5.1.jar (183 kB at 153 kB/s)
[4d31fdff-1ca5-4ac1-a712-ff3d77cf2b3b/build]   | [INFO] Downloaded from clojars.org: https://clojars.org/repo/ddf/minim/ddf.minim/2.2.0/ddf.minim-2.2.0.jar (594 kB at 489 kB/s)
[4d31fdff-1ca5-4ac1-a712-ff3d77cf2b3b/build]   | [INFO] Downloaded from clojars.org: https://clojars.org/repo/de/sojamo/oscp5/0.9.8/oscp5-0.9.8.jar (73 kB at 58 kB/s)
[4d31fdff-1ca5-4ac1-a712-ff3d77cf2b3b/build]   | [INFO] Downloaded from clojars.org: https://clojars.org/repo/org/clojars/automata/tritonus-share/1.0.0/tritonus-share-1.0.0.jar (103 kB at 80 kB/s)
[4d31fdff-1ca5-4ac1-a712-ff3d77cf2b3b/build]   | [INFO] Downloading from central: https://repo.maven.apache.org/maven2/org/clojure/clojure/1.6.0/clojure-1.6.0.jar
[4d31fdff-1ca5-4ac1-a712-ff3d77cf2b3b/build]   | [INFO] Downloading from central: https://repo.maven.apache.org/maven2/com/google/guava/guava/18.0/guava-18.0.jar
[4d31fdff-1ca5-4ac1-a712-ff3d77cf2b3b/build]   | [INFO] Downloading from central: https://repo.maven.apache.org/maven2/org/apache/httpcomponents/httpclient/4.2.3/httpclient-4.2.3.jar
[4d31fdff-1ca5-4ac1-a712-ff3d77cf2b3b/build]   | [INFO] Downloading from central: https://repo.maven.apache.org/maven2/org/apache/httpcomponents/httpcore/4.2.2/httpcore-4.2.2.jar
[4d31fdff-1ca5-4ac1-a712-ff3d77cf2b3b/build]   | [INFO] Downloading from central: https://repo.maven.apache.org/maven2/commons-logging/commons-logging/1.1.1/commons-logging-1.1.1.jar
[4d31fdff-1ca5-4ac1-a712-ff3d77cf2b3b/build]   | [INFO] Downloaded from central: https://repo.maven.apache.org/maven2/commons-logging/commons-logging/1.1.1/commons-logging-1.1.1.jar (61 kB at 1.3 MB/s)
[4d31fdff-1ca5-4ac1-a712-ff3d77cf2b3b/build]   | [INFO] Downloading from central: https://repo.maven.apache.org/maven2/commons-codec/commons-codec/1.6/commons-codec-1.6.jar
[4d31fdff-1ca5-4ac1-a712-ff3d77cf2b3b/build]   | [INFO] Downloaded from central: https://repo.maven.apache.org/maven2/org/apache/httpcomponents/httpcore/4.2.2/httpcore-4.2.2.jar (224 kB at 2.3 MB/s)
[4d31fdff-1ca5-4ac1-a712-ff3d77cf2b3b/build]   | [INFO] Downloading from central: https://repo.maven.apache.org/maven2/com/itextpdf/itextpdf/5.5.0/itextpdf-5.5.0.jar
[4d31fdff-1ca5-4ac1-a712-ff3d77cf2b3b/build]   | [INFO] Downloaded from central: https://repo.maven.apache.org/maven2/commons-codec/commons-codec/1.6/commons-codec-1.6.jar (233 kB at 1.7 MB/s)
[4d31fdff-1ca5-4ac1-a712-ff3d77cf2b3b/build]   | [INFO] Downloading from central: https://repo.maven.apache.org/maven2/net/java/dev/jna/jna/4.1.0/jna-4.1.0.jar
[4d31fdff-1ca5-4ac1-a712-ff3d77cf2b3b/build]   | [INFO] Downloaded from central: https://repo.maven.apache.org/maven2/org/apache/httpcomponents/httpclient/4.2.3/httpclient-4.2.3.jar (433 kB at 2.9 MB/s)
[4d31fdff-1ca5-4ac1-a712-ff3d77cf2b3b/build]   | [INFO] Downloading from central: https://repo.maven.apache.org/maven2/com/jayway/jsonpath/json-path/0.8.1/json-path-0.8.1.jar
[4d31fdff-1ca5-4ac1-a712-ff3d77cf2b3b/build]   | [INFO] Downloaded from central: https://repo.maven.apache.org/maven2/com/jayway/jsonpath/json-path/0.8.1/json-path-0.8.1.jar (67 kB at 365 kB/s)
[4d31fdff-1ca5-4ac1-a712-ff3d77cf2b3b/build]   | [INFO] Downloading from central: https://repo.maven.apache.org/maven2/net/minidev/json-smart/1.1.1/json-smart-1.1.1.jar
[4d31fdff-1ca5-4ac1-a712-ff3d77cf2b3b/build]   | [INFO] Downloaded from central: https://repo.maven.apache.org/maven2/com/google/guava/guava/18.0/guava-18.0.jar (2.3 MB at 12 MB/s)
[4d31fdff-1ca5-4ac1-a712-ff3d77cf2b3b/build]   | [INFO] Downloading from central: https://repo.maven.apache.org/maven2/commons-lang/commons-lang/2.6/commons-lang-2.6.jar
[4d31fdff-1ca5-4ac1-a712-ff3d77cf2b3b/build]   | [INFO] Downloaded from central: https://repo.maven.apache.org/maven2/net/minidev/json-smart/1.1.1/json-smart-1.1.1.jar (51 kB at 232 kB/s)
[4d31fdff-1ca5-4ac1-a712-ff3d77cf2b3b/build]   | [INFO] Downloading from central: https://repo.maven.apache.org/maven2/junit/junit/4.11/junit-4.11.jar
[4d31fdff-1ca5-4ac1-a712-ff3d77cf2b3b/build]   | [INFO] Downloaded from central: https://repo.maven.apache.org/maven2/net/java/dev/jna/jna/4.1.0/jna-4.1.0.jar (915 kB at 3.6 MB/s)
[4d31fdff-1ca5-4ac1-a712-ff3d77cf2b3b/build]   | [INFO] Downloading from central: https://repo.maven.apache.org/maven2/org/hamcrest/hamcrest-core/1.3/hamcrest-core-1.3.jar
[4d31fdff-1ca5-4ac1-a712-ff3d77cf2b3b/build]   | [INFO] Downloaded from central: https://repo.maven.apache.org/maven2/commons-lang/commons-lang/2.6/commons-lang-2.6.jar (284 kB at 1.1 MB/s)
[4d31fdff-1ca5-4ac1-a712-ff3d77cf2b3b/build]   | [INFO] Downloading from central: https://repo.maven.apache.org/maven2/org/python/jython/2.7-b1/jython-2.7-b1.jar
[4d31fdff-1ca5-4ac1-a712-ff3d77cf2b3b/build]   | [INFO] Downloaded from central: https://repo.maven.apache.org/maven2/junit/junit/4.11/junit-4.11.jar (245 kB at 928 kB/s)
[4d31fdff-1ca5-4ac1-a712-ff3d77cf2b3b/build]   | [INFO] Downloading from central: https://repo.maven.apache.org/maven2/net/sf/opencsv/opencsv/2.3/opencsv-2.3.jar
[4d31fdff-1ca5-4ac1-a712-ff3d77cf2b3b/build]   | [INFO] Downloaded from central: https://repo.maven.apache.org/maven2/net/sf/opencsv/opencsv/2.3/opencsv-2.3.jar (20 kB at 73 kB/s)
[4d31fdff-1ca5-4ac1-a712-ff3d77cf2b3b/build]   | [INFO] Downloaded from central: https://repo.maven.apache.org/maven2/org/hamcrest/hamcrest-core/1.3/hamcrest-core-1.3.jar (45 kB at 164 kB/s)
[4d31fdff-1ca5-4ac1-a712-ff3d77cf2b3b/build]   | [INFO] Downloaded from central: https://repo.maven.apache.org/maven2/com/itextpdf/itextpdf/5.5.0/itextpdf-5.5.0.jar (2.1 MB at 5.3 MB/s)
[4d31fdff-1ca5-4ac1-a712-ff3d77cf2b3b/build]   | [INFO] Downloaded from central: https://repo.maven.apache.org/maven2/org/clojure/clojure/1.6.0/clojure-1.6.0.jar (3.7 MB at 7.6 MB/s)
[4d31fdff-1ca5-4ac1-a712-ff3d77cf2b3b/build]   | [INFO] Downloaded from central: https://repo.maven.apache.org/maven2/org/python/jython/2.7-b1/jython-2.7-b1.jar (11 MB at 17 MB/s)
[4d31fdff-1ca5-4ac1-a712-ff3d77cf2b3b/build]   | [INFO] 
[4d31fdff-1ca5-4ac1-a712-ff3d77cf2b3b/build]   | [INFO] --- maven-resources-plugin:2.6:resources (default-resources) @ nodebox ---
[4d31fdff-1ca5-4ac1-a712-ff3d77cf2b3b/build]   | [INFO] Downloading from central: https://repo.maven.apache.org/maven2/org/apache/maven/maven-plugin-api/2.0.6/maven-plugin-api-2.0.6.pom
[4d31fdff-1ca5-4ac1-a712-ff3d77cf2b3b/build]   | [INFO] Downloaded from central: https://repo.maven.apache.org/maven2/org/apache/maven/maven-plugin-api/2.0.6/maven-plugin-api-2.0.6.pom (1.5 kB at 97 kB/s)
[4d31fdff-1ca5-4ac1-a712-ff3d77cf2b3b/build]   | [INFO] Downloading from central: https://repo.maven.apache.org/maven2/org/apache/maven/maven/2.0.6/maven-2.0.6.pom
[4d31fdff-1ca5-4ac1-a712-ff3d77cf2b3b/build]   | [INFO] Downloaded from central: https://repo.maven.apache.org/maven2/org/apache/maven/maven/2.0.6/maven-2.0.6.pom (9.0 kB at 646 kB/s)
[4d31fdff-1ca5-4ac1-a712-ff3d77cf2b3b/build]   | [INFO] Downloading from central: https://repo.maven.apache.org/maven2/org/apache/maven/maven-parent/5/maven-parent-5.pom
[4d31fdff-1ca5-4ac1-a712-ff3d77cf2b3b/build]   | [INFO] Downloaded from central: https://repo.maven.apache.org/maven2/org/apache/maven/maven-parent/5/maven-parent-5.pom (15 kB at 2.2 MB/s)
[4d31fdff-1ca5-4ac1-a712-ff3d77cf2b3b/build]   | [INFO] Downloading from central: https://repo.maven.apache.org/maven2/org/apache/apache/3/apache-3.pom
[4d31fdff-1ca5-4ac1-a712-ff3d77cf2b3b/build]   | [INFO] Downloaded from central: https://repo.maven.apache.org/maven2/org/apache/apache/3/apache-3.pom (3.4 kB at 312 kB/s)
[4d31fdff-1ca5-4ac1-a712-ff3d77cf2b3b/build]   | [INFO] Downloading from central: https://repo.maven.apache.org/maven2/org/apache/maven/maven-project/2.0.6/maven-project-2.0.6.pom
[4d31fdff-1ca5-4ac1-a712-ff3d77cf2b3b/build]   | [INFO] Downloaded from central: https://repo.maven.apache.org/maven2/org/apache/maven/maven-project/2.0.6/maven-project-2.0.6.pom (2.6 kB at 220 kB/s)
[4d31fdff-1ca5-4ac1-a712-ff3d77cf2b3b/build]   | [INFO] Downloading from central: https://repo.maven.apache.org/maven2/org/apache/maven/maven-settings/2.0.6/maven-settings-2.0.6.pom
[4d31fdff-1ca5-4ac1-a712-ff3d77cf2b3b/build]   | [INFO] Downloaded from central: https://repo.maven.apache.org/maven2/org/apache/maven/maven-settings/2.0.6/maven-settings-2.0.6.pom (2.0 kB at 87 kB/s)
[4d31fdff-1ca5-4ac1-a712-ff3d77cf2b3b/build]   | [INFO] Downloading from central: https://repo.maven.apache.org/maven2/org/apache/maven/maven-model/2.0.6/maven-model-2.0.6.pom
[4d31fdff-1ca5-4ac1-a712-ff3d77cf2b3b/build]   | [INFO] Downloaded from central: https://repo.maven.apache.org/maven2/org/apache/maven/maven-model/2.0.6/maven-model-2.0.6.pom (3.0 kB at 160 kB/s)
[4d31fdff-1ca5-4ac1-a712-ff3d77cf2b3b/build]   | [INFO] Downloading from central: https://repo.maven.apache.org/maven2/org/codehaus/plexus/plexus-utils/1.4.1/plexus-utils-1.4.1.pom
[4d31fdff-1ca5-4ac1-a712-ff3d77cf2b3b/build]   | [INFO] Downloaded from central: https://repo.maven.apache.org/maven2/org/codehaus/plexus/plexus-utils/1.4.1/plexus-utils-1.4.1.pom (1.9 kB at 91 kB/s)
[4d31fdff-1ca5-4ac1-a712-ff3d77cf2b3b/build]   | [INFO] Downloading from central: https://repo.maven.apache.org/maven2/org/codehaus/plexus/plexus/1.0.11/plexus-1.0.11.pom
[4d31fdff-1ca5-4ac1-a712-ff3d77cf2b3b/build]   | [INFO] Downloaded from central: https://repo.maven.apache.org/maven2/org/codehaus/plexus/plexus/1.0.11/plexus-1.0.11.pom (9.0 kB at 408 kB/s)
[4d31fdff-1ca5-4ac1-a712-ff3d77cf2b3b/build]   | [INFO] Downloading from central: https://repo.maven.apache.org/maven2/org/codehaus/plexus/plexus-container-default/1.0-alpha-9-stable-1/plexus-container-default-1.0-alpha-9-stable-1.pom
[4d31fdff-1ca5-4ac1-a712-ff3d77cf2b3b/build]   | [INFO] Downloaded from central: https://repo.maven.apache.org/maven2/org/codehaus/plexus/plexus-container-default/1.0-alpha-9-stable-1/plexus-container-default-1.0-alpha-9-stable-1.pom (3.9 kB at 564 kB/s)
[4d31fdff-1ca5-4ac1-a712-ff3d77cf2b3b/build]   | [INFO] Downloading from central: https://repo.maven.apache.org/maven2/org/codehaus/plexus/plexus-containers/1.0.3/plexus-containers-1.0.3.pom
[4d31fdff-1ca5-4ac1-a712-ff3d77cf2b3b/build]   | [INFO] Downloaded from central: https://repo.maven.apache.org/maven2/org/codehaus/plexus/plexus-containers/1.0.3/plexus-containers-1.0.3.pom (492 B at 41 kB/s)
[4d31fdff-1ca5-4ac1-a712-ff3d77cf2b3b/build]   | [INFO] Downloading from central: https://repo.maven.apache.org/maven2/org/codehaus/plexus/plexus/1.0.4/plexus-1.0.4.pom
[4d31fdff-1ca5-4ac1-a712-ff3d77cf2b3b/build]   | [INFO] Downloaded from central: https://repo.maven.apache.org/maven2/org/codehaus/plexus/plexus/1.0.4/plexus-1.0.4.pom (5.7 kB at 1.1 MB/s)
[4d31fdff-1ca5-4ac1-a712-ff3d77cf2b3b/build]   | [INFO] Downloading from central: https://repo.maven.apache.org/maven2/junit/junit/3.8.1/junit-3.8.1.pom
[4d31fdff-1ca5-4ac1-a712-ff3d77cf2b3b/build]   | [INFO] Downloaded from central: https://repo.maven.apache.org/maven2/junit/junit/3.8.1/junit-3.8.1.pom (998 B at 166 kB/s)
[4d31fdff-1ca5-4ac1-a712-ff3d77cf2b3b/build]   | [INFO] Downloading from central: https://repo.maven.apache.org/maven2/org/codehaus/plexus/plexus-utils/1.0.4/plexus-utils-1.0.4.pom
[4d31fdff-1ca5-4ac1-a712-ff3d77cf2b3b/build]   | [INFO] Downloaded from central: https://repo.maven.apache.org/maven2/org/codehaus/plexus/plexus-utils/1.0.4/plexus-utils-1.0.4.pom (6.9 kB at 1.4 MB/s)
[4d31fdff-1ca5-4ac1-a712-ff3d77cf2b3b/build]   | [INFO] Downloading from central: https://repo.maven.apache.org/maven2/classworlds/classworlds/1.1-alpha-2/classworlds-1.1-alpha-2.pom
[4d31fdff-1ca5-4ac1-a712-ff3d77cf2b3b/build]   | [INFO] Downloaded from central: https://repo.maven.apache.org/maven2/classworlds/classworlds/1.1-alpha-2/classworlds-1.1-alpha-2.pom (3.1 kB at 184 kB/s)
[4d31fdff-1ca5-4ac1-a712-ff3d77cf2b3b/build]   | [INFO] Downloading from central: https://repo.maven.apache.org/maven2/org/apache/maven/maven-profile/2.0.6/maven-profile-2.0.6.pom
[4d31fdff-1ca5-4ac1-a712-ff3d77cf2b3b/build]   | [INFO] Downloaded from central: https://repo.maven.apache.org/maven2/org/apache/maven/maven-profile/2.0.6/maven-profile-2.0.6.pom (2.0 kB at 248 kB/s)
[4d31fdff-1ca5-4ac1-a712-ff3d77cf2b3b/build]   | [INFO] Downloading from central: https://repo.maven.apache.org/maven2/org/apache/maven/maven-artifact-manager/2.0.6/maven-artifact-manager-2.0.6.pom
[4d31fdff-1ca5-4ac1-a712-ff3d77cf2b3b/build]   | [INFO] Downloaded from central: https://repo.maven.apache.org/maven2/org/apache/maven/maven-artifact-manager/2.0.6/maven-artifact-manager-2.0.6.pom (2.6 kB at 119 kB/s)
[4d31fdff-1ca5-4ac1-a712-ff3d77cf2b3b/build]   | [INFO] Downloading from central: https://repo.maven.apache.org/maven2/org/apache/maven/maven-repository-metadata/2.0.6/maven-repository-metadata-2.0.6.pom
[4d31fdff-1ca5-4ac1-a712-ff3d77cf2b3b/build]   | [INFO] Downloaded from central: https://repo.maven.apache.org/maven2/org/apache/maven/maven-repository-metadata/2.0.6/maven-repository-metadata-2.0.6.pom (1.9 kB at 370 kB/s)
[4d31fdff-1ca5-4ac1-a712-ff3d77cf2b3b/build]   | [INFO] Downloading from central: https://repo.maven.apache.org/maven2/org/apache/maven/maven-artifact/2.0.6/maven-artifact-2.0.6.pom
[4d31fdff-1ca5-4ac1-a712-ff3d77cf2b3b/build]   | [INFO] Downloaded from central: https://repo.maven.apache.org/maven2/org/apache/maven/maven-artifact/2.0.6/maven-artifact-2.0.6.pom (1.6 kB at 315 kB/s)
[4d31fdff-1ca5-4ac1-a712-ff3d77cf2b3b/build]   | [INFO] Downloading from central: https://repo.maven.apache.org/maven2/org/apache/maven/maven-plugin-registry/2.0.6/maven-plugin-registry-2.0.6.pom
[4d31fdff-1ca5-4ac1-a712-ff3d77cf2b3b/build]   | [INFO] Downloaded from central: https://repo.maven.apache.org/maven2/org/apache/maven/maven-plugin-registry/2.0.6/maven-plugin-registry-2.0.6.pom (1.9 kB at 389 kB/s)
[4d31fdff-1ca5-4ac1-a712-ff3d77cf2b3b/build]   | [INFO] Downloading from central: https://repo.maven.apache.org/maven2/org/apache/maven/maven-core/2.0.6/maven-core-2.0.6.pom
[4d31fdff-1ca5-4ac1-a712-ff3d77cf2b3b/build]   | [INFO] Downloaded from central: https://repo.maven.apache.org/maven2/org/apache/maven/maven-core/2.0.6/maven-core-2.0.6.pom (6.7 kB at 1.3 MB/s)
[4d31fdff-1ca5-4ac1-a712-ff3d77cf2b3b/build]   | [INFO] Downloading from central: https://repo.maven.apache.org/maven2/org/apache/maven/maven-plugin-parameter-documenter/2.0.6/maven-plugin-parameter-documenter-2.0.6.pom
[4d31fdff-1ca5-4ac1-a712-ff3d77cf2b3b/build]   | [INFO] Downloaded from central: https://repo.maven.apache.org/maven2/org/apache/maven/maven-plugin-parameter-documenter/2.0.6/maven-plugin-parameter-documenter-2.0.6.pom (1.9 kB at 91 kB/s)
[4d31fdff-1ca5-4ac1-a712-ff3d77cf2b3b/build]   | [INFO] Downloading from central: https://repo.maven.apache.org/maven2/org/apache/maven/reporting/maven-reporting-api/2.0.6/maven-reporting-api-2.0.6.pom
[4d31fdff-1ca5-4ac1-a712-ff3d77cf2b3b/build]   | [INFO] Downloaded from central: https://repo.maven.apache.org/maven2/org/apache/maven/reporting/maven-reporting-api/2.0.6/maven-reporting-api-2.0.6.pom (1.8 kB at 97 kB/s)
[4d31fdff-1ca5-4ac1-a712-ff3d77cf2b3b/build]   | [INFO] Downloading from central: https://repo.maven.apache.org/maven2/org/apache/maven/reporting/maven-reporting/2.0.6/maven-reporting-2.0.6.pom
[4d31fdff-1ca5-4ac1-a712-ff3d77cf2b3b/build]   | [INFO] Downloaded from central: https://repo.maven.apache.org/maven2/org/apache/maven/reporting/maven-reporting/2.0.6/maven-reporting-2.0.6.pom (1.4 kB at 53 kB/s)
[4d31fdff-1ca5-4ac1-a712-ff3d77cf2b3b/build]   | [INFO] Downloading from central: https://repo.maven.apache.org/maven2/org/apache/maven/doxia/doxia-sink-api/1.0-alpha-7/doxia-sink-api-1.0-alpha-7.pom
[4d31fdff-1ca5-4ac1-a712-ff3d77cf2b3b/build]   | [INFO] Downloaded from central: https://repo.maven.apache.org/maven2/org/apache/maven/doxia/doxia-sink-api/1.0-alpha-7/doxia-sink-api-1.0-alpha-7.pom (424 B at 33 kB/s)
[4d31fdff-1ca5-4ac1-a712-ff3d77cf2b3b/build]   | [INFO] Downloading from central: https://repo.maven.apache.org/maven2/org/apache/maven/doxia/doxia/1.0-alpha-7/doxia-1.0-alpha-7.pom
[4d31fdff-1ca5-4ac1-a712-ff3d77cf2b3b/build]   | [INFO] Downloaded from central: https://repo.maven.apache.org/maven2/org/apache/maven/doxia/doxia/1.0-alpha-7/doxia-1.0-alpha-7.pom (3.9 kB at 652 kB/s)
[4d31fdff-1ca5-4ac1-a712-ff3d77cf2b3b/build]   | [INFO] Downloading from central: https://repo.maven.apache.org/maven2/org/apache/maven/maven-error-diagnostics/2.0.6/maven-error-diagnostics-2.0.6.pom
[4d31fdff-1ca5-4ac1-a712-ff3d77cf2b3b/build]   | [INFO] Downloaded from central: https://repo.maven.apache.org/maven2/org/apache/maven/maven-error-diagnostics/2.0.6/maven-error-diagnostics-2.0.6.pom (1.7 kB at 114 kB/s)
[4d31fdff-1ca5-4ac1-a712-ff3d77cf2b3b/build]   | [INFO] Downloading from central: https://repo.maven.apache.org/maven2/commons-cli/commons-cli/1.0/commons-cli-1.0.pom
[4d31fdff-1ca5-4ac1-a712-ff3d77cf2b3b/build]   | [INFO] Downloaded from central: https://repo.maven.apache.org/maven2/commons-cli/commons-cli/1.0/commons-cli-1.0.pom (2.1 kB at 263 kB/s)
[4d31fdff-1ca5-4ac1-a712-ff3d77cf2b3b/build]   | [INFO] Downloading from central: https://repo.maven.apache.org/maven2/org/apache/maven/maven-plugin-descriptor/2.0.6/maven-plugin-descriptor-2.0.6.pom
[4d31fdff-1ca5-4ac1-a712-ff3d77cf2b3b/build]   | [INFO] Downloaded from central: https://repo.maven.apache.org/maven2/org/apache/maven/maven-plugin-descriptor/2.0.6/maven-plugin-descriptor-2.0.6.pom (2.0 kB at 404 kB/s)
[4d31fdff-1ca5-4ac1-a712-ff3d77cf2b3b/build]   | [INFO] Downloading from central: https://repo.maven.apache.org/maven2/org/codehaus/plexus/plexus-interactivity-api/1.0-alpha-4/plexus-interactivity-api-1.0-alpha-4.pom
[4d31fdff-1ca5-4ac1-a712-ff3d77cf2b3b/build]   | [INFO] Downloaded from central: https://repo.maven.apache.org/maven2/org/codehaus/plexus/plexus-interactivity-api/1.0-alpha-4/plexus-interactivity-api-1.0-alpha-4.pom (7.1 kB at 1.2 MB/s)
[4d31fdff-1ca5-4ac1-a712-ff3d77cf2b3b/build]   | [INFO] Downloading from central: https://repo.maven.apache.org/maven2/org/apache/maven/maven-monitor/2.0.6/maven-monitor-2.0.6.pom
[4d31fdff-1ca5-4ac1-a712-ff3d77cf2b3b/build]   | [INFO] Downloaded from central: https://repo.maven.apache.org/maven2/org/apache/maven/maven-monitor/2.0.6/maven-monitor-2.0.6.pom (1.3 kB at 251 kB/s)
[4d31fdff-1ca5-4ac1-a712-ff3d77cf2b3b/build]   | [INFO] Downloading from central: https://repo.maven.apache.org/maven2/classworlds/classworlds/1.1/classworlds-1.1.pom
[4d31fdff-1ca5-4ac1-a712-ff3d77cf2b3b/build]   | [INFO] Downloaded from central: https://repo.maven.apache.org/maven2/classworlds/classworlds/1.1/classworlds-1.1.pom (3.3 kB at 475 kB/s)
[4d31fdff-1ca5-4ac1-a712-ff3d77cf2b3b/build]   | [INFO] Downloading from central: https://repo.maven.apache.org/maven2/org/codehaus/plexus/plexus-utils/2.0.5/plexus-utils-2.0.5.pom
[4d31fdff-1ca5-4ac1-a712-ff3d77cf2b3b/build]   | [INFO] Downloaded from central: https://repo.maven.apache.org/maven2/org/codehaus/plexus/plexus-utils/2.0.5/plexus-utils-2.0.5.pom (3.3 kB at 556 kB/s)
[4d31fdff-1ca5-4ac1-a712-ff3d77cf2b3b/build]   | [INFO] Downloading from central: https://repo.maven.apache.org/maven2/org/codehaus/plexus/plexus/2.0.6/plexus-2.0.6.pom
[4d31fdff-1ca5-4ac1-a712-ff3d77cf2b3b/build]   | [INFO] Downloaded from central: https://repo.maven.apache.org/maven2/org/codehaus/plexus/plexus/2.0.6/plexus-2.0.6.pom (17 kB at 2.4 MB/s)
[4d31fdff-1ca5-4ac1-a712-ff3d77cf2b3b/build]   | [INFO] Downloading from central: https://repo.maven.apache.org/maven2/org/apache/maven/shared/maven-filtering/1.1/maven-filtering-1.1.pom
[4d31fdff-1ca5-4ac1-a712-ff3d77cf2b3b/build]   | [INFO] Downloaded from central: https://repo.maven.apache.org/maven2/org/apache/maven/shared/maven-filtering/1.1/maven-filtering-1.1.pom (5.8 kB at 141 kB/s)
[4d31fdff-1ca5-4ac1-a712-ff3d77cf2b3b/build]   | [INFO] Downloading from central: https://repo.maven.apache.org/maven2/org/apache/maven/shared/maven-shared-components/17/maven-shared-components-17.pom
[4d31fdff-1ca5-4ac1-a712-ff3d77cf2b3b/build]   | [INFO] Downloaded from central: https://repo.maven.apache.org/maven2/org/apache/maven/shared/maven-shared-components/17/maven-shared-components-17.pom (8.7 kB at 622 kB/s)
[4d31fdff-1ca5-4ac1-a712-ff3d77cf2b3b/build]   | [INFO] Downloading from central: https://repo.maven.apache.org/maven2/org/codehaus/plexus/plexus-utils/1.5.15/plexus-utils-1.5.15.pom
[4d31fdff-1ca5-4ac1-a712-ff3d77cf2b3b/build]   | [INFO] Downloaded from central: https://repo.maven.apache.org/maven2/org/codehaus/plexus/plexus-utils/1.5.15/plexus-utils-1.5.15.pom (6.8 kB at 571 kB/s)
[4d31fdff-1ca5-4ac1-a712-ff3d77cf2b3b/build]   | [INFO] Downloading from central: https://repo.maven.apache.org/maven2/org/codehaus/plexus/plexus/2.0.2/plexus-2.0.2.pom
[4d31fdff-1ca5-4ac1-a712-ff3d77cf2b3b/build]   | [INFO] Downloaded from central: https://repo.maven.apache.org/maven2/org/codehaus/plexus/plexus/2.0.2/plexus-2.0.2.pom (12 kB at 2.3 MB/s)
[4d31fdff-1ca5-4ac1-a712-ff3d77cf2b3b/build]   | [INFO] Downloading from central: https://repo.maven.apache.org/maven2/org/codehaus/plexus/plexus-interpolation/1.12/plexus-interpolation-1.12.pom
[4d31fdff-1ca5-4ac1-a712-ff3d77cf2b3b/build]   | [INFO] Downloaded from central: https://repo.maven.apache.org/maven2/org/codehaus/plexus/plexus-interpolation/1.12/plexus-interpolation-1.12.pom (889 B at 178 kB/s)
[4d31fdff-1ca5-4ac1-a712-ff3d77cf2b3b/build]   | [INFO] Downloading from central: https://repo.maven.apache.org/maven2/org/codehaus/plexus/plexus-components/1.1.14/plexus-components-1.1.14.pom
[4d31fdff-1ca5-4ac1-a712-ff3d77cf2b3b/build]   | [INFO] Downloaded from central: https://repo.maven.apache.org/maven2/org/codehaus/plexus/plexus-components/1.1.14/plexus-components-1.1.14.pom (5.8 kB at 1.2 MB/s)
[4d31fdff-1ca5-4ac1-a712-ff3d77cf2b3b/build]   | [INFO] Downloading from central: https://repo.maven.apache.org/maven2/org/sonatype/plexus/plexus-build-api/0.0.4/plexus-build-api-0.0.4.pom
[4d31fdff-1ca5-4ac1-a712-ff3d77cf2b3b/build]   | [INFO] Downloaded from central: https://repo.maven.apache.org/maven2/org/sonatype/plexus/plexus-build-api/0.0.4/plexus-build-api-0.0.4.pom (2.9 kB at 573 kB/s)
[4d31fdff-1ca5-4ac1-a712-ff3d77cf2b3b/build]   | [INFO] Downloading from central: https://repo.maven.apache.org/maven2/org/sonatype/spice/spice-parent/10/spice-parent-10.pom
[4d31fdff-1ca5-4ac1-a712-ff3d77cf2b3b/build]   | [INFO] Downloaded from central: https://repo.maven.apache.org/maven2/org/sonatype/spice/spice-parent/10/spice-parent-10.pom (3.0 kB at 603 kB/s)
[4d31fdff-1ca5-4ac1-a712-ff3d77cf2b3b/build]   | [INFO] Downloading from central: https://repo.maven.apache.org/maven2/org/sonatype/forge/forge-parent/3/forge-parent-3.pom
[4d31fdff-1ca5-4ac1-a712-ff3d77cf2b3b/build]   | [INFO] Downloaded from central: https://repo.maven.apache.org/maven2/org/sonatype/forge/forge-parent/3/forge-parent-3.pom (5.0 kB at 1.0 MB/s)
[4d31fdff-1ca5-4ac1-a712-ff3d77cf2b3b/build]   | [INFO] Downloading from central: https://repo.maven.apache.org/maven2/org/codehaus/plexus/plexus-utils/1.5.8/plexus-utils-1.5.8.pom
[4d31fdff-1ca5-4ac1-a712-ff3d77cf2b3b/build]   | [INFO] Downloaded from central: https://repo.maven.apache.org/maven2/org/codehaus/plexus/plexus-utils/1.5.8/plexus-utils-1.5.8.pom (8.1 kB at 1.3 MB/s)
[4d31fdff-1ca5-4ac1-a712-ff3d77cf2b3b/build]   | [INFO] Downloading from central: https://repo.maven.apache.org/maven2/org/codehaus/plexus/plexus-interpolation/1.13/plexus-interpolation-1.13.pom
[4d31fdff-1ca5-4ac1-a712-ff3d77cf2b3b/build]   | [INFO] Downloaded from central: https://repo.maven.apache.org/maven2/org/codehaus/plexus/plexus-interpolation/1.13/plexus-interpolation-1.13.pom (890 B at 47 kB/s)
[4d31fdff-1ca5-4ac1-a712-ff3d77cf2b3b/build]   | [INFO] Downloading from central: https://repo.maven.apache.org/maven2/org/codehaus/plexus/plexus-components/1.1.15/plexus-components-1.1.15.pom
[4d31fdff-1ca5-4ac1-a712-ff3d77cf2b3b/build]   | [INFO] Downloaded from central: https://repo.maven.apache.org/maven2/org/codehaus/plexus/plexus-components/1.1.15/plexus-components-1.1.15.pom (2.8 kB at 407 kB/s)
[4d31fdff-1ca5-4ac1-a712-ff3d77cf2b3b/build]   | [INFO] Downloading from central: https://repo.maven.apache.org/maven2/org/codehaus/plexus/plexus/2.0.3/plexus-2.0.3.pom
[4d31fdff-1ca5-4ac1-a712-ff3d77cf2b3b/build]   | [INFO] Downloaded from central: https://repo.maven.apache.org/maven2/org/codehaus/plexus/plexus/2.0.3/plexus-2.0.3.pom (15 kB at 3.1 MB/s)
[4d31fdff-1ca5-4ac1-a712-ff3d77cf2b3b/build]   | [INFO] Downloading from central: https://repo.maven.apache.org/maven2/org/apache/maven/maven-plugin-api/2.0.6/maven-plugin-api-2.0.6.jar
[4d31fdff-1ca5-4ac1-a712-ff3d77cf2b3b/build]   | [INFO] Downloading from central: https://repo.maven.apache.org/maven2/org/apache/maven/maven-project/2.0.6/maven-project-2.0.6.jar
[4d31fdff-1ca5-4ac1-a712-ff3d77cf2b3b/build]   | [INFO] Downloading from central: https://repo.maven.apache.org/maven2/org/apache/maven/maven-profile/2.0.6/maven-profile-2.0.6.jar
[4d31fdff-1ca5-4ac1-a712-ff3d77cf2b3b/build]   | [INFO] Downloading from central: https://repo.maven.apache.org/maven2/org/apache/maven/maven-artifact-manager/2.0.6/maven-artifact-manager-2.0.6.jar
[4d31fdff-1ca5-4ac1-a712-ff3d77cf2b3b/build]   | [INFO] Downloading from central: https://repo.maven.apache.org/maven2/org/apache/maven/maven-plugin-registry/2.0.6/maven-plugin-registry-2.0.6.jar
[4d31fdff-1ca5-4ac1-a712-ff3d77cf2b3b/build]   | [INFO] Downloaded from central: https://repo.maven.apache.org/maven2/org/apache/maven/maven-artifact-manager/2.0.6/maven-artifact-manager-2.0.6.jar (57 kB at 8.1 MB/s)
[4d31fdff-1ca5-4ac1-a712-ff3d77cf2b3b/build]   | [INFO] Downloading from central: https://repo.maven.apache.org/maven2/org/apache/maven/maven-core/2.0.6/maven-core-2.0.6.jar
[4d31fdff-1ca5-4ac1-a712-ff3d77cf2b3b/build]   | [INFO] Downloaded from central: https://repo.maven.apache.org/maven2/org/apache/maven/maven-profile/2.0.6/maven-profile-2.0.6.jar (35 kB at 3.2 MB/s)
[4d31fdff-1ca5-4ac1-a712-ff3d77cf2b3b/build]   | [INFO] Downloading from central: https://repo.maven.apache.org/maven2/org/apache/maven/maven-plugin-parameter-documenter/2.0.6/maven-plugin-parameter-documenter-2.0.6.jar
[4d31fdff-1ca5-4ac1-a712-ff3d77cf2b3b/build]   | [INFO] Downloaded from central: https://repo.maven.apache.org/maven2/org/apache/maven/maven-plugin-api/2.0.6/maven-plugin-api-2.0.6.jar (13 kB at 989 kB/s)
[4d31fdff-1ca5-4ac1-a712-ff3d77cf2b3b/build]   | [INFO] Downloading from central: https://repo.maven.apache.org/maven2/org/apache/maven/reporting/maven-reporting-api/2.0.6/maven-reporting-api-2.0.6.jar
[4d31fdff-1ca5-4ac1-a712-ff3d77cf2b3b/build]   | [INFO] Downloaded from central: https://repo.maven.apache.org/maven2/org/apache/maven/maven-plugin-registry/2.0.6/maven-plugin-registry-2.0.6.jar (29 kB at 1.8 MB/s)
[4d31fdff-1ca5-4ac1-a712-ff3d77cf2b3b/build]   | [INFO] Downloading from central: https://repo.maven.apache.org/maven2/org/apache/maven/doxia/doxia-sink-api/1.0-alpha-7/doxia-sink-api-1.0-alpha-7.jar
[4d31fdff-1ca5-4ac1-a712-ff3d77cf2b3b/build]   | [INFO] Downloaded from central: https://repo.maven.apache.org/maven2/org/apache/maven/reporting/maven-reporting-api/2.0.6/maven-reporting-api-2.0.6.jar (9.9 kB at 473 kB/s)
[4d31fdff-1ca5-4ac1-a712-ff3d77cf2b3b/build]   | [INFO] Downloading from central: https://repo.maven.apache.org/maven2/org/apache/maven/maven-repository-metadata/2.0.6/maven-repository-metadata-2.0.6.jar
[4d31fdff-1ca5-4ac1-a712-ff3d77cf2b3b/build]   | [INFO] Downloaded from central: https://repo.maven.apache.org/maven2/org/apache/maven/maven-plugin-parameter-documenter/2.0.6/maven-plugin-parameter-documenter-2.0.6.jar (21 kB at 988 kB/s)
[4d31fdff-1ca5-4ac1-a712-ff3d77cf2b3b/build]   | [INFO] Downloading from central: https://repo.maven.apache.org/maven2/org/apache/maven/maven-error-diagnostics/2.0.6/maven-error-diagnostics-2.0.6.jar
[4d31fdff-1ca5-4ac1-a712-ff3d77cf2b3b/build]   | [INFO] Downloaded from central: https://repo.maven.apache.org/maven2/org/apache/maven/maven-project/2.0.6/maven-project-2.0.6.jar (116 kB at 3.9 MB/s)
[4d31fdff-1ca5-4ac1-a712-ff3d77cf2b3b/build]   | [INFO] Downloading from central: https://repo.maven.apache.org/maven2/commons-cli/commons-cli/1.0/commons-cli-1.0.jar
[4d31fdff-1ca5-4ac1-a712-ff3d77cf2b3b/build]   | [INFO] Downloaded from central: https://repo.maven.apache.org/maven2/org/apache/maven/maven-core/2.0.6/maven-core-2.0.6.jar (152 kB at 4.9 MB/s)
[4d31fdff-1ca5-4ac1-a712-ff3d77cf2b3b/build]   | [INFO] Downloading from central: https://repo.maven.apache.org/maven2/org/apache/maven/maven-plugin-descriptor/2.0.6/maven-plugin-descriptor-2.0.6.jar
[4d31fdff-1ca5-4ac1-a712-ff3d77cf2b3b/build]   | [INFO] Downloaded from central: https://repo.maven.apache.org/maven2/org/apache/maven/doxia/doxia-sink-api/1.0-alpha-7/doxia-sink-api-1.0-alpha-7.jar (5.9 kB at 186 kB/s)
[4d31fdff-1ca5-4ac1-a712-ff3d77cf2b3b/build]   | [INFO] Downloading from central: https://repo.maven.apache.org/maven2/org/codehaus/plexus/plexus-interactivity-api/1.0-alpha-4/plexus-interactivity-api-1.0-alpha-4.jar
[4d31fdff-1ca5-4ac1-a712-ff3d77cf2b3b/build]   | [INFO] Downloaded from central: https://repo.maven.apache.org/maven2/org/apache/maven/maven-error-diagnostics/2.0.6/maven-error-diagnostics-2.0.6.jar (14 kB at 389 kB/s)
[4d31fdff-1ca5-4ac1-a712-ff3d77cf2b3b/build]   | [INFO] Downloading from central: https://repo.maven.apache.org/maven2/classworlds/classworlds/1.1/classworlds-1.1.jar
[4d31fdff-1ca5-4ac1-a712-ff3d77cf2b3b/build]   | [INFO] Downloaded from central: https://repo.maven.apache.org/maven2/org/apache/maven/maven-repository-metadata/2.0.6/maven-repository-metadata-2.0.6.jar (24 kB at 661 kB/s)
[4d31fdff-1ca5-4ac1-a712-ff3d77cf2b3b/build]   | [INFO] Downloading from central: https://repo.maven.apache.org/maven2/org/apache/maven/maven-artifact/2.0.6/maven-artifact-2.0.6.jar
[4d31fdff-1ca5-4ac1-a712-ff3d77cf2b3b/build]   | [INFO] Downloaded from central: https://repo.maven.apache.org/maven2/commons-cli/commons-cli/1.0/commons-cli-1.0.jar (30 kB at 772 kB/s)
[4d31fdff-1ca5-4ac1-a712-ff3d77cf2b3b/build]   | [INFO] Downloading from central: https://repo.maven.apache.org/maven2/org/apache/maven/maven-settings/2.0.6/maven-settings-2.0.6.jar
[4d31fdff-1ca5-4ac1-a712-ff3d77cf2b3b/build]   | [INFO] Downloaded from central: https://repo.maven.apache.org/maven2/org/codehaus/plexus/plexus-interactivity-api/1.0-alpha-4/plexus-interactivity-api-1.0-alpha-4.jar (13 kB at 327 kB/s)
[4d31fdff-1ca5-4ac1-a712-ff3d77cf2b3b/build]   | [INFO] Downloading from central: https://repo.maven.apache.org/maven2/org/apache/maven/maven-model/2.0.6/maven-model-2.0.6.jar
[4d31fdff-1ca5-4ac1-a712-ff3d77cf2b3b/build]   | [INFO] Downloaded from central: https://repo.maven.apache.org/maven2/org/apache/maven/maven-plugin-descriptor/2.0.6/maven-plugin-descriptor-2.0.6.jar (37 kB at 838 kB/s)
[4d31fdff-1ca5-4ac1-a712-ff3d77cf2b3b/build]   | [INFO] Downloading from central: https://repo.maven.apache.org/maven2/org/apache/maven/maven-monitor/2.0.6/maven-monitor-2.0.6.jar
[4d31fdff-1ca5-4ac1-a712-ff3d77cf2b3b/build]   | [INFO] Downloaded from central: https://repo.maven.apache.org/maven2/org/apache/maven/maven-artifact/2.0.6/maven-artifact-2.0.6.jar (87 kB at 2.0 MB/s)
[4d31fdff-1ca5-4ac1-a712-ff3d77cf2b3b/build]   | [INFO] Downloading from central: https://repo.maven.apache.org/maven2/org/codehaus/plexus/plexus-container-default/1.0-alpha-9-stable-1/plexus-container-default-1.0-alpha-9-stable-1.jar
[4d31fdff-1ca5-4ac1-a712-ff3d77cf2b3b/build]   | [INFO] Downloaded from central: https://repo.maven.apache.org/maven2/org/apache/maven/maven-settings/2.0.6/maven-settings-2.0.6.jar (49 kB at 1.1 MB/s)
[4d31fdff-1ca5-4ac1-a712-ff3d77cf2b3b/build]   | [INFO] Downloading from central: https://repo.maven.apache.org/maven2/junit/junit/3.8.1/junit-3.8.1.jar
[4d31fdff-1ca5-4ac1-a712-ff3d77cf2b3b/build]   | [INFO] Downloaded from central: https://repo.maven.apache.org/maven2/org/apache/maven/maven-monitor/2.0.6/maven-monitor-2.0.6.jar (10 kB at 213 kB/s)
[4d31fdff-1ca5-4ac1-a712-ff3d77cf2b3b/build]   | [INFO] Downloading from central: https://repo.maven.apache.org/maven2/org/codehaus/plexus/plexus-utils/2.0.5/plexus-utils-2.0.5.jar
[4d31fdff-1ca5-4ac1-a712-ff3d77cf2b3b/build]   | [INFO] Downloaded from central: https://repo.maven.apache.org/maven2/classworlds/classworlds/1.1/classworlds-1.1.jar (38 kB at 701 kB/s)
[4d31fdff-1ca5-4ac1-a712-ff3d77cf2b3b/build]   | [INFO] Downloading from central: https://repo.maven.apache.org/maven2/org/apache/maven/shared/maven-filtering/1.1/maven-filtering-1.1.jar
[4d31fdff-1ca5-4ac1-a712-ff3d77cf2b3b/build]   | [INFO] Downloaded from central: https://repo.maven.apache.org/maven2/junit/junit/3.8.1/junit-3.8.1.jar (121 kB at 2.2 MB/s)
[4d31fdff-1ca5-4ac1-a712-ff3d77cf2b3b/build]   | [INFO] Downloading from central: https://repo.maven.apache.org/maven2/org/sonatype/plexus/plexus-build-api/0.0.4/plexus-build-api-0.0.4.jar
[4d31fdff-1ca5-4ac1-a712-ff3d77cf2b3b/build]   | [INFO] Downloaded from central: https://repo.maven.apache.org/maven2/org/codehaus/plexus/plexus-utils/2.0.5/plexus-utils-2.0.5.jar (223 kB at 3.8 MB/s)
[4d31fdff-1ca5-4ac1-a712-ff3d77cf2b3b/build]   | [INFO] Downloading from central: https://repo.maven.apache.org/maven2/org/codehaus/plexus/plexus-interpolation/1.13/plexus-interpolation-1.13.jar
[4d31fdff-1ca5-4ac1-a712-ff3d77cf2b3b/build]   | [INFO] Downloaded from central: https://repo.maven.apache.org/maven2/org/apache/maven/shared/maven-filtering/1.1/maven-filtering-1.1.jar (43 kB at 731 kB/s)
[4d31fdff-1ca5-4ac1-a712-ff3d77cf2b3b/build]   | [INFO] Downloaded from central: https://repo.maven.apache.org/maven2/org/apache/maven/maven-model/2.0.6/maven-model-2.0.6.jar (86 kB at 1.5 MB/s)
[4d31fdff-1ca5-4ac1-a712-ff3d77cf2b3b/build]   | [INFO] Downloaded from central: https://repo.maven.apache.org/maven2/org/codehaus/plexus/plexus-container-default/1.0-alpha-9-stable-1/plexus-container-default-1.0-alpha-9-stable-1.jar (194 kB at 3.1 MB/s)
[4d31fdff-1ca5-4ac1-a712-ff3d77cf2b3b/build]   | [INFO] Downloaded from central: https://repo.maven.apache.org/maven2/org/sonatype/plexus/plexus-build-api/0.0.4/plexus-build-api-0.0.4.jar (6.8 kB at 100 kB/s)
[4d31fdff-1ca5-4ac1-a712-ff3d77cf2b3b/build]   | [INFO] Downloaded from central: https://repo.maven.apache.org/maven2/org/codehaus/plexus/plexus-interpolation/1.13/plexus-interpolation-1.13.jar (61 kB at 848 kB/s)
[4d31fdff-1ca5-4ac1-a712-ff3d77cf2b3b/build]   | [INFO] Using 'UTF-8' encoding to copy filtered resources.
[4d31fdff-1ca5-4ac1-a712-ff3d77cf2b3b/build]   | [INFO] Copying 40 resources
[4d31fdff-1ca5-4ac1-a712-ff3d77cf2b3b/build]   | [INFO] 
[4d31fdff-1ca5-4ac1-a712-ff3d77cf2b3b/build]   | [INFO] --- maven-compiler-plugin:2.5.1:compile (default-compile) @ nodebox ---
[4d31fdff-1ca5-4ac1-a712-ff3d77cf2b3b/build]   | [INFO] Downloading from central: https://repo.maven.apache.org/maven2/org/apache/maven/maven-plugin-api/2.0.9/maven-plugin-api-2.0.9.pom
[4d31fdff-1ca5-4ac1-a712-ff3d77cf2b3b/build]   | [INFO] Downloaded from central: https://repo.maven.apache.org/maven2/org/apache/maven/maven-plugin-api/2.0.9/maven-plugin-api-2.0.9.pom (1.5 kB at 115 kB/s)
[4d31fdff-1ca5-4ac1-a712-ff3d77cf2b3b/build]   | [INFO] Downloading from central: https://repo.maven.apache.org/maven2/org/apache/maven/maven/2.0.9/maven-2.0.9.pom
[4d31fdff-1ca5-4ac1-a712-ff3d77cf2b3b/build]   | [INFO] Downloaded from central: https://repo.maven.apache.org/maven2/org/apache/maven/maven/2.0.9/maven-2.0.9.pom (19 kB at 1.5 MB/s)
[4d31fdff-1ca5-4ac1-a712-ff3d77cf2b3b/build]   | [INFO] Downloading from central: https://repo.maven.apache.org/maven2/org/apache/maven/maven-parent/8/maven-parent-8.pom
[4d31fdff-1ca5-4ac1-a712-ff3d77cf2b3b/build]   | [INFO] Downloaded from central: https://repo.maven.apache.org/maven2/org/apache/maven/maven-parent/8/maven-parent-8.pom (24 kB at 1.6 MB/s)
[4d31fdff-1ca5-4ac1-a712-ff3d77cf2b3b/build]   | [INFO] Downloading from central: https://repo.maven.apache.org/maven2/org/apache/maven/maven-artifact/2.0.9/maven-artifact-2.0.9.pom
[4d31fdff-1ca5-4ac1-a712-ff3d77cf2b3b/build]   | [INFO] Downloaded from central: https://repo.maven.apache.org/maven2/org/apache/maven/maven-artifact/2.0.9/maven-artifact-2.0.9.pom (1.6 kB at 180 kB/s)
[4d31fdff-1ca5-4ac1-a712-ff3d77cf2b3b/build]   | [INFO] Downloading from central: https://repo.maven.apache.org/maven2/org/codehaus/plexus/plexus-utils/1.5.1/plexus-utils-1.5.1.pom
[4d31fdff-1ca5-4ac1-a712-ff3d77cf2b3b/build]   | [INFO] Downloaded from central: https://repo.maven.apache.org/maven2/org/codehaus/plexus/plexus-utils/1.5.1/plexus-utils-1.5.1.pom (2.3 kB at 66 kB/s)
[4d31fdff-1ca5-4ac1-a712-ff3d77cf2b3b/build]   | [INFO] Downloading from central: https://repo.maven.apache.org/maven2/org/apache/maven/maven-core/2.0.9/maven-core-2.0.9.pom
[4d31fdff-1ca5-4ac1-a712-ff3d77cf2b3b/build]   | [INFO] Downloaded from central: https://repo.maven.apache.org/maven2/org/apache/maven/maven-core/2.0.9/maven-core-2.0.9.pom (7.8 kB at 458 kB/s)
[4d31fdff-1ca5-4ac1-a712-ff3d77cf2b3b/build]   | [INFO] Downloading from central: https://repo.maven.apache.org/maven2/org/apache/maven/maven-settings/2.0.9/maven-settings-2.0.9.pom
[4d31fdff-1ca5-4ac1-a712-ff3d77cf2b3b/build]   | [INFO] Downloaded from central: https://repo.maven.apache.org/maven2/org/apache/maven/maven-settings/2.0.9/maven-settings-2.0.9.pom (2.1 kB at 121 kB/s)
[4d31fdff-1ca5-4ac1-a712-ff3d77cf2b3b/build]   | [INFO] Downloading from central: https://repo.maven.apache.org/maven2/org/apache/maven/maven-model/2.0.9/maven-model-2.0.9.pom
[4d31fdff-1ca5-4ac1-a712-ff3d77cf2b3b/build]   | [INFO] Downloaded from central: https://repo.maven.apache.org/maven2/org/apache/maven/maven-model/2.0.9/maven-model-2.0.9.pom (3.1 kB at 143 kB/s)
[4d31fdff-1ca5-4ac1-a712-ff3d77cf2b3b/build]   | [INFO] Downloading from central: https://repo.maven.apache.org/maven2/org/apache/maven/maven-plugin-parameter-documenter/2.0.9/maven-plugin-parameter-documenter-2.0.9.pom
[4d31fdff-1ca5-4ac1-a712-ff3d77cf2b3b/build]   | [INFO] Downloaded from central: https://repo.maven.apache.org/maven2/org/apache/maven/maven-plugin-parameter-documenter/2.0.9/maven-plugin-parameter-documenter-2.0.9.pom (2.0 kB at 109 kB/s)
[4d31fdff-1ca5-4ac1-a712-ff3d77cf2b3b/build]   | [INFO] Downloading from central: https://repo.maven.apache.org/maven2/org/apache/maven/maven-profile/2.0.9/maven-profile-2.0.9.pom
[4d31fdff-1ca5-4ac1-a712-ff3d77cf2b3b/build]   | [INFO] Downloaded from central: https://repo.maven.apache.org/maven2/org/apache/maven/maven-profile/2.0.9/maven-profile-2.0.9.pom (2.0 kB at 89 kB/s)
[4d31fdff-1ca5-4ac1-a712-ff3d77cf2b3b/build]   | [INFO] Downloading from central: https://repo.maven.apache.org/maven2/org/apache/maven/maven-repository-metadata/2.0.9/maven-repository-metadata-2.0.9.pom
[4d31fdff-1ca5-4ac1-a712-ff3d77cf2b3b/build]   | [INFO] Downloaded from central: https://repo.maven.apache.org/maven2/org/apache/maven/maven-repository-metadata/2.0.9/maven-repository-metadata-2.0.9.pom (1.9 kB at 100 kB/s)
[4d31fdff-1ca5-4ac1-a712-ff3d77cf2b3b/build]   | [INFO] Downloading from central: https://repo.maven.apache.org/maven2/org/apache/maven/maven-error-diagnostics/2.0.9/maven-error-diagnostics-2.0.9.pom
[4d31fdff-1ca5-4ac1-a712-ff3d77cf2b3b/build]   | [INFO] Downloaded from central: https://repo.maven.apache.org/maven2/org/apache/maven/maven-error-diagnostics/2.0.9/maven-error-diagnostics-2.0.9.pom (1.7 kB at 109 kB/s)
[4d31fdff-1ca5-4ac1-a712-ff3d77cf2b3b/build]   | [INFO] Downloading from central: https://repo.maven.apache.org/maven2/org/apache/maven/maven-project/2.0.9/maven-project-2.0.9.pom
[4d31fdff-1ca5-4ac1-a712-ff3d77cf2b3b/build]   | [INFO] Downloaded from central: https://repo.maven.apache.org/maven2/org/apache/maven/maven-project/2.0.9/maven-project-2.0.9.pom (2.7 kB at 108 kB/s)
[4d31fdff-1ca5-4ac1-a712-ff3d77cf2b3b/build]   | [INFO] Downloading from central: https://repo.maven.apache.org/maven2/org/apache/maven/maven-artifact-manager/2.0.9/maven-artifact-manager-2.0.9.pom
[4d31fdff-1ca5-4ac1-a712-ff3d77cf2b3b/build]   | [INFO] Downloaded from central: https://repo.maven.apache.org/maven2/org/apache/maven/maven-artifact-manager/2.0.9/maven-artifact-manager-2.0.9.pom (2.7 kB at 112 kB/s)
[4d31fdff-1ca5-4ac1-a712-ff3d77cf2b3b/build]   | [INFO] Downloading from central: https://repo.maven.apache.org/maven2/org/apache/maven/maven-plugin-registry/2.0.9/maven-plugin-registry-2.0.9.pom
[4d31fdff-1ca5-4ac1-a712-ff3d77cf2b3b/build]   | [INFO] Downloaded from central: https://repo.maven.apache.org/maven2/org/apache/maven/maven-plugin-registry/2.0.9/maven-plugin-registry-2.0.9.pom (2.0 kB at 86 kB/s)
[4d31fdff-1ca5-4ac1-a712-ff3d77cf2b3b/build]   | [INFO] Downloading from central: https://repo.maven.apache.org/maven2/org/apache/maven/maven-plugin-descriptor/2.0.9/maven-plugin-descriptor-2.0.9.pom
[4d31fdff-1ca5-4ac1-a712-ff3d77cf2b3b/build]   | [INFO] Downloaded from central: https://repo.maven.apache.org/maven2/org/apache/maven/maven-plugin-descriptor/2.0.9/maven-plugin-descriptor-2.0.9.pom (2.1 kB at 173 kB/s)
[4d31fdff-1ca5-4ac1-a712-ff3d77cf2b3b/build]   | [INFO] Downloading from central: https://repo.maven.apache.org/maven2/org/apache/maven/maven-monitor/2.0.9/maven-monitor-2.0.9.pom
[4d31fdff-1ca5-4ac1-a712-ff3d77cf2b3b/build]   | [INFO] Downloaded from central: https://repo.maven.apache.org/maven2/org/apache/maven/maven-monitor/2.0.9/maven-monitor-2.0.9.pom (1.3 kB at 68 kB/s)
[4d31fdff-1ca5-4ac1-a712-ff3d77cf2b3b/build]   | [INFO] Downloading from central: https://repo.maven.apache.org/maven2/org/apache/maven/maven-toolchain/1.0/maven-toolchain-1.0.pom
[4d31fdff-1ca5-4ac1-a712-ff3d77cf2b3b/build]   | [INFO] Downloaded from central: https://repo.maven.apache.org/maven2/org/apache/maven/maven-toolchain/1.0/maven-toolchain-1.0.pom (3.4 kB at 310 kB/s)
[4d31fdff-1ca5-4ac1-a712-ff3d77cf2b3b/build]   | [INFO] Downloading from central: https://repo.maven.apache.org/maven2/org/codehaus/plexus/plexus-utils/3.0/plexus-utils-3.0.pom
[4d31fdff-1ca5-4ac1-a712-ff3d77cf2b3b/build]   | [INFO] Downloaded from central: https://repo.maven.apache.org/maven2/org/codehaus/plexus/plexus-utils/3.0/plexus-utils-3.0.pom (4.1 kB at 407 kB/s)
[4d31fdff-1ca5-4ac1-a712-ff3d77cf2b3b/build]   | [INFO] Downloading from central: https://repo.maven.apache.org/maven2/org/sonatype/spice/spice-parent/16/spice-parent-16.pom
[4d31fdff-1ca5-4ac1-a712-ff3d77cf2b3b/build]   | [INFO] Downloaded from central: https://repo.maven.apache.org/maven2/org/sonatype/spice/spice-parent/16/spice-parent-16.pom (8.4 kB at 696 kB/s)
[4d31fdff-1ca5-4ac1-a712-ff3d77cf2b3b/build]   | [INFO] Downloading from central: https://repo.maven.apache.org/maven2/org/sonatype/forge/forge-parent/5/forge-parent-5.pom
[4d31fdff-1ca5-4ac1-a712-ff3d77cf2b3b/build]   | [INFO] Downloaded from central: https://repo.maven.apache.org/maven2/org/sonatype/forge/forge-parent/5/forge-parent-5.pom (8.4 kB at 1.0 MB/s)
[4d31fdff-1ca5-4ac1-a712-ff3d77cf2b3b/build]   | [INFO] Downloading from central: https://repo.maven.apache.org/maven2/org/codehaus/plexus/plexus-compiler-api/1.9.1/plexus-compiler-api-1.9.1.pom
[4d31fdff-1ca5-4ac1-a712-ff3d77cf2b3b/build]   | [INFO] Downloaded from central: https://repo.maven.apache.org/maven2/org/codehaus/plexus/plexus-compiler-api/1.9.1/plexus-compiler-api-1.9.1.pom (867 B at 87 kB/s)
[4d31fdff-1ca5-4ac1-a712-ff3d77cf2b3b/build]   | [INFO] Downloading from central: https://repo.maven.apache.org/maven2/org/codehaus/plexus/plexus-compiler/1.9.1/plexus-compiler-1.9.1.pom
[4d31fdff-1ca5-4ac1-a712-ff3d77cf2b3b/build]   | [INFO] Downloaded from central: https://repo.maven.apache.org/maven2/org/codehaus/plexus/plexus-compiler/1.9.1/plexus-compiler-1.9.1.pom (3.8 kB at 295 kB/s)
[4d31fdff-1ca5-4ac1-a712-ff3d77cf2b3b/build]   | [INFO] Downloading from central: https://repo.maven.apache.org/maven2/org/codehaus/plexus/plexus-components/1.1.20/plexus-components-1.1.20.pom
[4d31fdff-1ca5-4ac1-a712-ff3d77cf2b3b/build]   | [INFO] Downloaded from central: https://repo.maven.apache.org/maven2/org/codehaus/plexus/plexus-components/1.1.20/plexus-components-1.1.20.pom (3.0 kB at 431 kB/s)
[4d31fdff-1ca5-4ac1-a712-ff3d77cf2b3b/build]   | [INFO] Downloading from central: https://repo.maven.apache.org/maven2/org/codehaus/plexus/plexus/3.1/plexus-3.1.pom
[4d31fdff-1ca5-4ac1-a712-ff3d77cf2b3b/build]   | [INFO] Downloaded from central: https://repo.maven.apache.org/maven2/org/codehaus/plexus/plexus/3.1/plexus-3.1.pom (19 kB at 1.1 MB/s)
[4d31fdff-1ca5-4ac1-a712-ff3d77cf2b3b/build]   | [INFO] Downloading from central: https://repo.maven.apache.org/maven2/org/sonatype/spice/spice-parent/17/spice-parent-17.pom
[4d31fdff-1ca5-4ac1-a712-ff3d77cf2b3b/build]   | [INFO] Downloaded from central: https://repo.maven.apache.org/maven2/org/sonatype/spice/spice-parent/17/spice-parent-17.pom (6.8 kB at 563 kB/s)
[4d31fdff-1ca5-4ac1-a712-ff3d77cf2b3b/build]   | [INFO] Downloading from central: https://repo.maven.apache.org/maven2/org/sonatype/forge/forge-parent/10/forge-parent-10.pom
[4d31fdff-1ca5-4ac1-a712-ff3d77cf2b3b/build]   | [INFO] Downloaded from central: https://repo.maven.apache.org/maven2/org/sonatype/forge/forge-parent/10/forge-parent-10.pom (14 kB at 969 kB/s)
[4d31fdff-1ca5-4ac1-a712-ff3d77cf2b3b/build]   | [INFO] Downloading from central: https://repo.maven.apache.org/maven2/org/codehaus/plexus/plexus-compiler-manager/1.9.1/plexus-compiler-manager-1.9.1.pom
[4d31fdff-1ca5-4ac1-a712-ff3d77cf2b3b/build]   | [INFO] Downloaded from central: https://repo.maven.apache.org/maven2/org/codehaus/plexus/plexus-compiler-manager/1.9.1/plexus-compiler-manager-1.9.1.pom (692 B at 69 kB/s)
[4d31fdff-1ca5-4ac1-a712-ff3d77cf2b3b/build]   | [INFO] Downloading from central: https://repo.maven.apache.org/maven2/org/codehaus/plexus/plexus-compiler-javac/1.9.1/plexus-compiler-javac-1.9.1.pom
[4d31fdff-1ca5-4ac1-a712-ff3d77cf2b3b/build]   | [INFO] Downloaded from central: https://repo.maven.apache.org/maven2/org/codehaus/plexus/plexus-compiler-javac/1.9.1/plexus-compiler-javac-1.9.1.pom (688 B at 76 kB/s)
[4d31fdff-1ca5-4ac1-a712-ff3d77cf2b3b/build]   | [INFO] Downloading from central: https://repo.maven.apache.org/maven2/org/codehaus/plexus/plexus-compilers/1.9.1/plexus-compilers-1.9.1.pom
[4d31fdff-1ca5-4ac1-a712-ff3d77cf2b3b/build]   | [INFO] Downloaded from central: https://repo.maven.apache.org/maven2/org/codehaus/plexus/plexus-compilers/1.9.1/plexus-compilers-1.9.1.pom (1.2 kB at 113 kB/s)
[4d31fdff-1ca5-4ac1-a712-ff3d77cf2b3b/build]   | [INFO] Downloading from central: https://repo.maven.apache.org/maven2/org/apache/maven/maven-plugin-api/2.0.9/maven-plugin-api-2.0.9.jar
[4d31fdff-1ca5-4ac1-a712-ff3d77cf2b3b/build]   | [INFO] Downloading from central: https://repo.maven.apache.org/maven2/org/apache/maven/maven-artifact/2.0.9/maven-artifact-2.0.9.jar
[4d31fdff-1ca5-4ac1-a712-ff3d77cf2b3b/build]   | [INFO] Downloading from central: https://repo.maven.apache.org/maven2/org/apache/maven/maven-core/2.0.9/maven-core-2.0.9.jar
[4d31fdff-1ca5-4ac1-a712-ff3d77cf2b3b/build]   | [INFO] Downloading from central: https://repo.maven.apache.org/maven2/org/apache/maven/maven-settings/2.0.9/maven-settings-2.0.9.jar
[4d31fdff-1ca5-4ac1-a712-ff3d77cf2b3b/build]   | [INFO] Downloading from central: https://repo.maven.apache.org/maven2/org/apache/maven/maven-plugin-parameter-documenter/2.0.9/maven-plugin-parameter-documenter-2.0.9.jar
[4d31fdff-1ca5-4ac1-a712-ff3d77cf2b3b/build]   | [INFO] Downloaded from central: https://repo.maven.apache.org/maven2/org/apache/maven/maven-settings/2.0.9/maven-settings-2.0.9.jar (49 kB at 4.9 MB/s)
[4d31fdff-1ca5-4ac1-a712-ff3d77cf2b3b/build]   | [INFO] Downloading from central: https://repo.maven.apache.org/maven2/org/apache/maven/maven-profile/2.0.9/maven-profile-2.0.9.jar
[4d31fdff-1ca5-4ac1-a712-ff3d77cf2b3b/build]   | [INFO] Downloaded from central: https://repo.maven.apache.org/maven2/org/apache/maven/maven-plugin-parameter-documenter/2.0.9/maven-plugin-parameter-documenter-2.0.9.jar (21 kB at 2.1 MB/s)
[4d31fdff-1ca5-4ac1-a712-ff3d77cf2b3b/build]   | [INFO] Downloading from central: https://repo.maven.apache.org/maven2/org/apache/maven/maven-model/2.0.9/maven-model-2.0.9.jar
[4d31fdff-1ca5-4ac1-a712-ff3d77cf2b3b/build]   | [INFO] Downloaded from central: https://repo.maven.apache.org/maven2/org/apache/maven/maven-artifact/2.0.9/maven-artifact-2.0.9.jar (89 kB at 5.2 MB/s)
[4d31fdff-1ca5-4ac1-a712-ff3d77cf2b3b/build]   | [INFO] Downloading from central: https://repo.maven.apache.org/maven2/org/apache/maven/maven-repository-metadata/2.0.9/maven-repository-metadata-2.0.9.jar
[4d31fdff-1ca5-4ac1-a712-ff3d77cf2b3b/build]   | [INFO] Downloaded from central: https://repo.maven.apache.org/maven2/org/apache/maven/maven-profile/2.0.9/maven-profile-2.0.9.jar (35 kB at 2.0 MB/s)
[4d31fdff-1ca5-4ac1-a712-ff3d77cf2b3b/build]   | [INFO] Downloading from central: https://repo.maven.apache.org/maven2/org/apache/maven/maven-error-diagnostics/2.0.9/maven-error-diagnostics-2.0.9.jar
[4d31fdff-1ca5-4ac1-a712-ff3d77cf2b3b/build]   | [INFO] Downloaded from central: https://repo.maven.apache.org/maven2/org/apache/maven/maven-plugin-api/2.0.9/maven-plugin-api-2.0.9.jar (13 kB at 561 kB/s)
[4d31fdff-1ca5-4ac1-a712-ff3d77cf2b3b/build]   | [INFO] Downloading from central: https://repo.maven.apache.org/maven2/org/apache/maven/maven-project/2.0.9/maven-project-2.0.9.jar
[4d31fdff-1ca5-4ac1-a712-ff3d77cf2b3b/build]   | [INFO] Downloaded from central: https://repo.maven.apache.org/maven2/org/apache/maven/maven-core/2.0.9/maven-core-2.0.9.jar (160 kB at 6.7 MB/s)
[4d31fdff-1ca5-4ac1-a712-ff3d77cf2b3b/build]   | [INFO] Downloading from central: https://repo.maven.apache.org/maven2/org/apache/maven/maven-plugin-registry/2.0.9/maven-plugin-registry-2.0.9.jar
[4d31fdff-1ca5-4ac1-a712-ff3d77cf2b3b/build]   | [INFO] Downloaded from central: https://repo.maven.apache.org/maven2/org/apache/maven/maven-repository-metadata/2.0.9/maven-repository-metadata-2.0.9.jar (25 kB at 982 kB/s)
[4d31fdff-1ca5-4ac1-a712-ff3d77cf2b3b/build]   | [INFO] Downloading from central: https://repo.maven.apache.org/maven2/org/apache/maven/maven-plugin-descriptor/2.0.9/maven-plugin-descriptor-2.0.9.jar
[4d31fdff-1ca5-4ac1-a712-ff3d77cf2b3b/build]   | [INFO] Downloaded from central: https://repo.maven.apache.org/maven2/org/apache/maven/maven-model/2.0.9/maven-model-2.0.9.jar (87 kB at 3.4 MB/s)
[4d31fdff-1ca5-4ac1-a712-ff3d77cf2b3b/build]   | [INFO] Downloading from central: https://repo.maven.apache.org/maven2/org/apache/maven/maven-artifact-manager/2.0.9/maven-artifact-manager-2.0.9.jar
[4d31fdff-1ca5-4ac1-a712-ff3d77cf2b3b/build]   | [INFO] Downloaded from central: https://repo.maven.apache.org/maven2/org/apache/maven/maven-error-diagnostics/2.0.9/maven-error-diagnostics-2.0.9.jar (14 kB at 492 kB/s)
[4d31fdff-1ca5-4ac1-a712-ff3d77cf2b3b/build]   | [INFO] Downloading from central: https://repo.maven.apache.org/maven2/org/apache/maven/maven-monitor/2.0.9/maven-monitor-2.0.9.jar
[4d31fdff-1ca5-4ac1-a712-ff3d77cf2b3b/build]   | [INFO] Downloaded from central: https://repo.maven.apache.org/maven2/org/apache/maven/maven-plugin-registry/2.0.9/maven-plugin-registry-2.0.9.jar (29 kB at 969 kB/s)
[4d31fdff-1ca5-4ac1-a712-ff3d77cf2b3b/build]   | [INFO] Downloaded from central: https://repo.maven.apache.org/maven2/org/apache/maven/maven-plugin-descriptor/2.0.9/maven-plugin-descriptor-2.0.9.jar (37 kB at 1.2 MB/s)
[4d31fdff-1ca5-4ac1-a712-ff3d77cf2b3b/build]   | [INFO] Downloading from central: https://repo.maven.apache.org/maven2/org/apache/maven/maven-toolchain/1.0/maven-toolchain-1.0.jar
[4d31fdff-1ca5-4ac1-a712-ff3d77cf2b3b/build]   | [INFO] Downloading from central: https://repo.maven.apache.org/maven2/org/codehaus/plexus/plexus-utils/3.0/plexus-utils-3.0.jar
[4d31fdff-1ca5-4ac1-a712-ff3d77cf2b3b/build]   | [INFO] Downloaded from central: https://repo.maven.apache.org/maven2/org/apache/maven/maven-project/2.0.9/maven-project-2.0.9.jar (122 kB at 3.8 MB/s)
[4d31fdff-1ca5-4ac1-a712-ff3d77cf2b3b/build]   | [INFO] Downloading from central: https://repo.maven.apache.org/maven2/org/codehaus/plexus/plexus-compiler-api/1.9.1/plexus-compiler-api-1.9.1.jar
[4d31fdff-1ca5-4ac1-a712-ff3d77cf2b3b/build]   | [INFO] Downloaded from central: https://repo.maven.apache.org/maven2/org/apache/maven/maven-artifact-manager/2.0.9/maven-artifact-manager-2.0.9.jar (58 kB at 1.8 MB/s)
[4d31fdff-1ca5-4ac1-a712-ff3d77cf2b3b/build]   | [INFO] Downloading from central: https://repo.maven.apache.org/maven2/org/codehaus/plexus/plexus-compiler-manager/1.9.1/plexus-compiler-manager-1.9.1.jar
[4d31fdff-1ca5-4ac1-a712-ff3d77cf2b3b/build]   | [INFO] Downloaded from central: https://repo.maven.apache.org/maven2/org/apache/maven/maven-monitor/2.0.9/maven-monitor-2.0.9.jar (10 kB at 302 kB/s)
[4d31fdff-1ca5-4ac1-a712-ff3d77cf2b3b/build]   | [INFO] Downloading from central: https://repo.maven.apache.org/maven2/org/codehaus/plexus/plexus-compiler-javac/1.9.1/plexus-compiler-javac-1.9.1.jar
[4d31fdff-1ca5-4ac1-a712-ff3d77cf2b3b/build]   | [INFO] Downloaded from central: https://repo.maven.apache.org/maven2/org/codehaus/plexus/plexus-compiler-javac/1.9.1/plexus-compiler-javac-1.9.1.jar (14 kB at 349 kB/s)
[4d31fdff-1ca5-4ac1-a712-ff3d77cf2b3b/build]   | [INFO] Downloading from central: https://repo.maven.apache.org/maven2/classworlds/classworlds/1.1-alpha-2/classworlds-1.1-alpha-2.jar
[4d31fdff-1ca5-4ac1-a712-ff3d77cf2b3b/build]   | [INFO] Downloaded from central: https://repo.maven.apache.org/maven2/org/apache/maven/maven-toolchain/1.0/maven-toolchain-1.0.jar (33 kB at 731 kB/s)
[4d31fdff-1ca5-4ac1-a712-ff3d77cf2b3b/build]   | [INFO] Downloaded from central: https://repo.maven.apache.org/maven2/org/codehaus/plexus/plexus-utils/3.0/plexus-utils-3.0.jar (226 kB at 5.0 MB/s)
[4d31fdff-1ca5-4ac1-a712-ff3d77cf2b3b/build]   | [INFO] Downloaded from central: https://repo.maven.apache.org/maven2/org/codehaus/plexus/plexus-compiler-api/1.9.1/plexus-compiler-api-1.9.1.jar (21 kB at 437 kB/s)
[4d31fdff-1ca5-4ac1-a712-ff3d77cf2b3b/build]   | [INFO] Downloaded from central: https://repo.maven.apache.org/maven2/org/codehaus/plexus/plexus-compiler-manager/1.9.1/plexus-compiler-manager-1.9.1.jar (4.6 kB at 91 kB/s)
[4d31fdff-1ca5-4ac1-a712-ff3d77cf2b3b/build]   | [INFO] Downloaded from central: https://repo.maven.apache.org/maven2/classworlds/classworlds/1.1-alpha-2/classworlds-1.1-alpha-2.jar (38 kB at 721 kB/s)
[4d31fdff-1ca5-4ac1-a712-ff3d77cf2b3b/build]   | [INFO] Nothing to compile - all classes are up to date
[4d31fdff-1ca5-4ac1-a712-ff3d77cf2b3b/build]   | [INFO] 
[4d31fdff-1ca5-4ac1-a712-ff3d77cf2b3b/build]   | [INFO] --- maven-resources-plugin:2.6:testResources (default-testResources) @ nodebox ---
[4d31fdff-1ca5-4ac1-a712-ff3d77cf2b3b/build]   | [INFO] Using 'UTF-8' encoding to copy filtered resources.
[4d31fdff-1ca5-4ac1-a712-ff3d77cf2b3b/build]   | [INFO] skip non existing resourceDirectory /tmp/026a1b48-6fca-49c8-82b6-bd8d1740c200/src/test/resources
[4d31fdff-1ca5-4ac1-a712-ff3d77cf2b3b/build]   | [INFO] 
[4d31fdff-1ca5-4ac1-a712-ff3d77cf2b3b/build]   | [INFO] --- maven-compiler-plugin:2.5.1:testCompile (default-testCompile) @ nodebox ---
[4d31fdff-1ca5-4ac1-a712-ff3d77cf2b3b/build]   | [INFO] Compiling 1 source file to /tmp/026a1b48-6fca-49c8-82b6-bd8d1740c200/target/test-classes
[4d31fdff-1ca5-4ac1-a712-ff3d77cf2b3b/build]   | [INFO] 
[4d31fdff-1ca5-4ac1-a712-ff3d77cf2b3b/build]   | [INFO] --- maven-surefire-plugin:2.12.4:test (default-test) @ nodebox ---
[4d31fdff-1ca5-4ac1-a712-ff3d77cf2b3b/build]   | [INFO] Downloading from central: https://repo.maven.apache.org/maven2/org/apache/maven/surefire/surefire-booter/2.12.4/surefire-booter-2.12.4.pom
[4d31fdff-1ca5-4ac1-a712-ff3d77cf2b3b/build]   | [INFO] Downloaded from central: https://repo.maven.apache.org/maven2/org/apache/maven/surefire/surefire-booter/2.12.4/surefire-booter-2.12.4.pom (3.0 kB at 105 kB/s)
[4d31fdff-1ca5-4ac1-a712-ff3d77cf2b3b/build]   | [INFO] Downloading from central: https://repo.maven.apache.org/maven2/org/apache/maven/surefire/surefire-api/2.12.4/surefire-api-2.12.4.pom
[4d31fdff-1ca5-4ac1-a712-ff3d77cf2b3b/build]   | [INFO] Downloaded from central: https://repo.maven.apache.org/maven2/org/apache/maven/surefire/surefire-api/2.12.4/surefire-api-2.12.4.pom (2.5 kB at 208 kB/s)
[4d31fdff-1ca5-4ac1-a712-ff3d77cf2b3b/build]   | [INFO] Downloading from central: https://repo.maven.apache.org/maven2/org/apache/maven/surefire/maven-surefire-common/2.12.4/maven-surefire-common-2.12.4.pom
[4d31fdff-1ca5-4ac1-a712-ff3d77cf2b3b/build]   | [INFO] Downloaded from central: https://repo.maven.apache.org/maven2/org/apache/maven/surefire/maven-surefire-common/2.12.4/maven-surefire-common-2.12.4.pom (5.5 kB at 307 kB/s)
[4d31fdff-1ca5-4ac1-a712-ff3d77cf2b3b/build]   | [INFO] Downloading from central: https://repo.maven.apache.org/maven2/org/apache/maven/plugin-tools/maven-plugin-annotations/3.1/maven-plugin-annotations-3.1.pom
[4d31fdff-1ca5-4ac1-a712-ff3d77cf2b3b/build]   | [INFO] Downloaded from central: https://repo.maven.apache.org/maven2/org/apache/maven/plugin-tools/maven-plugin-annotations/3.1/maven-plugin-annotations-3.1.pom (1.6 kB at 116 kB/s)
[4d31fdff-1ca5-4ac1-a712-ff3d77cf2b3b/build]   | [INFO] Downloading from central: https://repo.maven.apache.org/maven2/org/apache/maven/plugin-tools/maven-plugin-tools/3.1/maven-plugin-tools-3.1.pom
[4d31fdff-1ca5-4ac1-a712-ff3d77cf2b3b/build]   | [INFO] Downloaded from central: https://repo.maven.apache.org/maven2/org/apache/maven/plugin-tools/maven-plugin-tools/3.1/maven-plugin-tools-3.1.pom (16 kB at 1.3 MB/s)
[4d31fdff-1ca5-4ac1-a712-ff3d77cf2b3b/build]   | [INFO] Downloading from central: https://repo.maven.apache.org/maven2/org/codehaus/plexus/plexus-utils/3.0.8/plexus-utils-3.0.8.pom
[4d31fdff-1ca5-4ac1-a712-ff3d77cf2b3b/build]   | [INFO] Downloaded from central: https://repo.maven.apache.org/maven2/org/codehaus/plexus/plexus-utils/3.0.8/plexus-utils-3.0.8.pom (3.1 kB at 46 kB/s)
[4d31fdff-1ca5-4ac1-a712-ff3d77cf2b3b/build]   | [INFO] Downloading from central: https://repo.maven.apache.org/maven2/org/codehaus/plexus/plexus/3.2/plexus-3.2.pom
[4d31fdff-1ca5-4ac1-a712-ff3d77cf2b3b/build]   | [INFO] Downloaded from central: https://repo.maven.apache.org/maven2/org/codehaus/plexus/plexus/3.2/plexus-3.2.pom (19 kB at 1.1 MB/s)
[4d31fdff-1ca5-4ac1-a712-ff3d77cf2b3b/build]   | [INFO] Downloading from central: https://repo.maven.apache.org/maven2/org/apache/maven/reporting/maven-reporting-api/2.0.9/maven-reporting-api-2.0.9.pom
[4d31fdff-1ca5-4ac1-a712-ff3d77cf2b3b/build]   | [INFO] Downloaded from central: https://repo.maven.apache.org/maven2/org/apache/maven/reporting/maven-reporting-api/2.0.9/maven-reporting-api-2.0.9.pom (1.8 kB at 62 kB/s)
[4d31fdff-1ca5-4ac1-a712-ff3d77cf2b3b/build]   | [INFO] Downloading from central: https://repo.maven.apache.org/maven2/org/apache/maven/reporting/maven-reporting/2.0.9/maven-reporting-2.0.9.pom
[4d31fdff-1ca5-4ac1-a712-ff3d77cf2b3b/build]   | [INFO] Downloaded from central: https://repo.maven.apache.org/maven2/org/apache/maven/reporting/maven-reporting/2.0.9/maven-reporting-2.0.9.pom (1.5 kB at 98 kB/s)
[4d31fdff-1ca5-4ac1-a712-ff3d77cf2b3b/build]   | [INFO] Downloading from central: https://repo.maven.apache.org/maven2/org/apache/maven/maven-toolchain/2.0.9/maven-toolchain-2.0.9.pom
[4d31fdff-1ca5-4ac1-a712-ff3d77cf2b3b/build]   | [INFO] Downloaded from central: https://repo.maven.apache.org/maven2/org/apache/maven/maven-toolchain/2.0.9/maven-toolchain-2.0.9.pom (3.5 kB at 267 kB/s)
[4d31fdff-1ca5-4ac1-a712-ff3d77cf2b3b/build]   | [INFO] Downloading from central: https://repo.maven.apache.org/maven2/org/apache/commons/commons-lang3/3.1/commons-lang3-3.1.pom
[4d31fdff-1ca5-4ac1-a712-ff3d77cf2b3b/build]   | [INFO] Downloaded from central: https://repo.maven.apache.org/maven2/org/apache/commons/commons-lang3/3.1/commons-lang3-3.1.pom (17 kB at 1.0 MB/s)
[4d31fdff-1ca5-4ac1-a712-ff3d77cf2b3b/build]   | [INFO] Downloading from central: https://repo.maven.apache.org/maven2/org/apache/maven/shared/maven-common-artifact-filters/1.3/maven-common-artifact-filters-1.3.pom
[4d31fdff-1ca5-4ac1-a712-ff3d77cf2b3b/build]   | [INFO] Downloaded from central: https://repo.maven.apache.org/maven2/org/apache/maven/shared/maven-common-artifact-filters/1.3/maven-common-artifact-filters-1.3.pom (3.7 kB at 411 kB/s)
[4d31fdff-1ca5-4ac1-a712-ff3d77cf2b3b/build]   | [INFO] Downloading from central: https://repo.maven.apache.org/maven2/org/apache/maven/shared/maven-shared-components/12/maven-shared-components-12.pom
[4d31fdff-1ca5-4ac1-a712-ff3d77cf2b3b/build]   | [INFO] Downloaded from central: https://repo.maven.apache.org/maven2/org/apache/maven/shared/maven-shared-components/12/maven-shared-components-12.pom (9.3 kB at 1.2 MB/s)
[4d31fdff-1ca5-4ac1-a712-ff3d77cf2b3b/build]   | [INFO] Downloading from central: https://repo.maven.apache.org/maven2/org/apache/maven/maven-parent/13/maven-parent-13.pom
[4d31fdff-1ca5-4ac1-a712-ff3d77cf2b3b/build]   | [INFO] Downloaded from central: https://repo.maven.apache.org/maven2/org/apache/maven/maven-parent/13/maven-parent-13.pom (23 kB at 2.8 MB/s)
[4d31fdff-1ca5-4ac1-a712-ff3d77cf2b3b/build]   | [INFO] Downloading from central: https://repo.maven.apache.org/maven2/org/apache/apache/6/apache-6.pom
[4d31fdff-1ca5-4ac1-a712-ff3d77cf2b3b/build]   | [INFO] Downloaded from central: https://repo.maven.apache.org/maven2/org/apache/apache/6/apache-6.pom (13 kB at 853 kB/s)
[4d31fdff-1ca5-4ac1-a712-ff3d77cf2b3b/build]   | [INFO] Downloading from central: https://repo.maven.apache.org/maven2/org/codehaus/plexus/plexus-container-default/1.0-alpha-9/plexus-container-default-1.0-alpha-9.pom
[4d31fdff-1ca5-4ac1-a712-ff3d77cf2b3b/build]   | [INFO] Downloaded from central: https://repo.maven.apache.org/maven2/org/codehaus/plexus/plexus-container-default/1.0-alpha-9/plexus-container-default-1.0-alpha-9.pom (1.2 kB at 137 kB/s)
[4d31fdff-1ca5-4ac1-a712-ff3d77cf2b3b/build]   | [INFO] Downloading from central: https://repo.maven.apache.org/maven2/org/apache/maven/surefire/surefire-booter/2.12.4/surefire-booter-2.12.4.jar
[4d31fdff-1ca5-4ac1-a712-ff3d77cf2b3b/build]   | [INFO] Downloading from central: https://repo.maven.apache.org/maven2/org/apache/maven/surefire/surefire-api/2.12.4/surefire-api-2.12.4.jar
[4d31fdff-1ca5-4ac1-a712-ff3d77cf2b3b/build]   | [INFO] Downloading from central: https://repo.maven.apache.org/maven2/org/apache/maven/surefire/maven-surefire-common/2.12.4/maven-surefire-common-2.12.4.jar
[4d31fdff-1ca5-4ac1-a712-ff3d77cf2b3b/build]   | [INFO] Downloading from central: https://repo.maven.apache.org/maven2/org/apache/commons/commons-lang3/3.1/commons-lang3-3.1.jar
[4d31fdff-1ca5-4ac1-a712-ff3d77cf2b3b/build]   | [INFO] Downloading from central: https://repo.maven.apache.org/maven2/org/apache/maven/shared/maven-common-artifact-filters/1.3/maven-common-artifact-filters-1.3.jar
[4d31fdff-1ca5-4ac1-a712-ff3d77cf2b3b/build]   | [INFO] Downloaded from central: https://repo.maven.apache.org/maven2/org/apache/maven/shared/maven-common-artifact-filters/1.3/maven-common-artifact-filters-1.3.jar (31 kB at 2.8 MB/s)
[4d31fdff-1ca5-4ac1-a712-ff3d77cf2b3b/build]   | [INFO] Downloading from central: https://repo.maven.apache.org/maven2/org/codehaus/plexus/plexus-utils/3.0.8/plexus-utils-3.0.8.jar
[4d31fdff-1ca5-4ac1-a712-ff3d77cf2b3b/build]   | [INFO] Downloaded from central: https://repo.maven.apache.org/maven2/org/apache/maven/surefire/surefire-booter/2.12.4/surefire-booter-2.12.4.jar (35 kB at 2.3 MB/s)
[4d31fdff-1ca5-4ac1-a712-ff3d77cf2b3b/build]   | [INFO] Downloading from central: https://repo.maven.apache.org/maven2/org/apache/maven/reporting/maven-reporting-api/2.0.9/maven-reporting-api-2.0.9.jar
[4d31fdff-1ca5-4ac1-a712-ff3d77cf2b3b/build]   | [INFO] Downloaded from central: https://repo.maven.apache.org/maven2/org/apache/maven/reporting/maven-reporting-api/2.0.9/maven-reporting-api-2.0.9.jar (10 kB at 563 kB/s)
[4d31fdff-1ca5-4ac1-a712-ff3d77cf2b3b/build]   | [INFO] Downloading from central: https://repo.maven.apache.org/maven2/org/apache/maven/maven-toolchain/2.0.9/maven-toolchain-2.0.9.jar
[4d31fdff-1ca5-4ac1-a712-ff3d77cf2b3b/build]   | [INFO] Downloaded from central: https://repo.maven.apache.org/maven2/org/apache/maven/maven-toolchain/2.0.9/maven-toolchain-2.0.9.jar (38 kB at 1.6 MB/s)
[4d31fdff-1ca5-4ac1-a712-ff3d77cf2b3b/build]   | [INFO] Downloading from central: https://repo.maven.apache.org/maven2/org/apache/maven/plugin-tools/maven-plugin-annotations/3.1/maven-plugin-annotations-3.1.jar
[4d31fdff-1ca5-4ac1-a712-ff3d77cf2b3b/build]   | [INFO] Downloaded from central: https://repo.maven.apache.org/maven2/org/apache/maven/plugin-tools/maven-plugin-annotations/3.1/maven-plugin-annotations-3.1.jar (14 kB at 379 kB/s)
[4d31fdff-1ca5-4ac1-a712-ff3d77cf2b3b/build]   | [INFO] Downloaded from central: https://repo.maven.apache.org/maven2/org/apache/maven/surefire/surefire-api/2.12.4/surefire-api-2.12.4.jar (118 kB at 2.7 MB/s)
[4d31fdff-1ca5-4ac1-a712-ff3d77cf2b3b/build]   | [INFO] Downloaded from central: https://repo.maven.apache.org/maven2/org/apache/commons/commons-lang3/3.1/commons-lang3-3.1.jar (316 kB at 6.7 MB/s)
[4d31fdff-1ca5-4ac1-a712-ff3d77cf2b3b/build]   | [INFO] Downloaded from central: https://repo.maven.apache.org/maven2/org/codehaus/plexus/plexus-utils/3.0.8/plexus-utils-3.0.8.jar (232 kB at 5.0 MB/s)
[4d31fdff-1ca5-4ac1-a712-ff3d77cf2b3b/build]   | [INFO] Downloaded from central: https://repo.maven.apache.org/maven2/org/apache/maven/surefire/maven-surefire-common/2.12.4/maven-surefire-common-2.12.4.jar (263 kB at 5.5 MB/s)
[4d31fdff-1ca5-4ac1-a712-ff3d77cf2b3b/build]   | [INFO] Surefire report directory: /tmp/026a1b48-6fca-49c8-82b6-bd8d1740c200/target/surefire-reports
[4d31fdff-1ca5-4ac1-a712-ff3d77cf2b3b/build]   | [INFO] Downloading from central: https://repo.maven.apache.org/maven2/org/apache/maven/surefire/surefire-junit4/2.12.4/surefire-junit4-2.12.4.pom
[4d31fdff-1ca5-4ac1-a712-ff3d77cf2b3b/build]   | [INFO] Downloaded from central: https://repo.maven.apache.org/maven2/org/apache/maven/surefire/surefire-junit4/2.12.4/surefire-junit4-2.12.4.pom (2.4 kB at 151 kB/s)
[4d31fdff-1ca5-4ac1-a712-ff3d77cf2b3b/build]   | [INFO] Downloading from central: https://repo.maven.apache.org/maven2/org/apache/maven/surefire/surefire-providers/2.12.4/surefire-providers-2.12.4.pom
[4d31fdff-1ca5-4ac1-a712-ff3d77cf2b3b/build]   | [INFO] Downloaded from central: https://repo.maven.apache.org/maven2/org/apache/maven/surefire/surefire-providers/2.12.4/surefire-providers-2.12.4.pom (2.3 kB at 90 kB/s)
[4d31fdff-1ca5-4ac1-a712-ff3d77cf2b3b/build]   | [INFO] Downloading from central: https://repo.maven.apache.org/maven2/org/apache/maven/surefire/surefire-junit4/2.12.4/surefire-junit4-2.12.4.jar
[4d31fdff-1ca5-4ac1-a712-ff3d77cf2b3b/build]   | [INFO] Downloaded from central: https://repo.maven.apache.org/maven2/org/apache/maven/surefire/surefire-junit4/2.12.4/surefire-junit4-2.12.4.jar (37 kB at 605 kB/s)
[4d31fdff-1ca5-4ac1-a712-ff3d77cf2b3b/build]   | 
[4d31fdff-1ca5-4ac1-a712-ff3d77cf2b3b/build]   | -------------------------------------------------------
[4d31fdff-1ca5-4ac1-a712-ff3d77cf2b3b/build]   |  T E S T S
[4d31fdff-1ca5-4ac1-a712-ff3d77cf2b3b/build]   | -------------------------------------------------------
[4d31fdff-1ca5-4ac1-a712-ff3d77cf2b3b/build]   | Running nodebox.ui.ImageFormatTest
[4d31fdff-1ca5-4ac1-a712-ff3d77cf2b3b/build]   | Tests run: 1, Failures: 0, Errors: 0, Skipped: 0, Time elapsed: 0.049 sec
[4d31fdff-1ca5-4ac1-a712-ff3d77cf2b3b/build]   | Running nodebox.function.MathFunctionsTest
[4d31fdff-1ca5-4ac1-a712-ff3d77cf2b3b/build]   | Tests run: 14, Failures: 0, Errors: 0, Skipped: 0, Time elapsed: 0.261 sec
[4d31fdff-1ca5-4ac1-a712-ff3d77cf2b3b/build]   | Running nodebox.function.DataFunctionsTest
[4d31fdff-1ca5-4ac1-a712-ff3d77cf2b3b/build]   | Tests run: 13, Failures: 0, Errors: 0, Skipped: 0, Time elapsed: 0.008 sec
[4d31fdff-1ca5-4ac1-a712-ff3d77cf2b3b/build]   | Running nodebox.function.NetworkFunctionsTest
[4d31fdff-1ca5-4ac1-a712-ff3d77cf2b3b/build]   | Tests run: 1, Failures: 0, Errors: 0, Skipped: 0, Time elapsed: 0 sec
[4d31fdff-1ca5-4ac1-a712-ff3d77cf2b3b/build]   | Running nodebox.function.ListFunctionsTest
[4d31fdff-1ca5-4ac1-a712-ff3d77cf2b3b/build]   | Tests run: 20, Failures: 0, Errors: 0, Skipped: 0, Time elapsed: 0.006 sec
[4d31fdff-1ca5-4ac1-a712-ff3d77cf2b3b/build]   | Running nodebox.function.FunctionRepositoryTest
[4d31fdff-1ca5-4ac1-a712-ff3d77cf2b3b/build]   | Tests run: 1, Failures: 0, Errors: 0, Skipped: 0, Time elapsed: 0.012 sec
[4d31fdff-1ca5-4ac1-a712-ff3d77cf2b3b/build]   | Running nodebox.function.DeviceFunctionsTest
[4d31fdff-1ca5-4ac1-a712-ff3d77cf2b3b/build]   | Tests run: 8, Failures: 0, Errors: 0, Skipped: 0, Time elapsed: 0.028 sec
[4d31fdff-1ca5-4ac1-a712-ff3d77cf2b3b/build]   | Running nodebox.function.FunctionLibraryTest
[4d31fdff-1ca5-4ac1-a712-ff3d77cf2b3b/build]   | WARNING: An illegal reflective access operation has occurred
[4d31fdff-1ca5-4ac1-a712-ff3d77cf2b3b/build]   | WARNING: Illegal reflective access by org.python.core.PySystemState (file:/home/runneradmin/.m2/repository/org/python/jython/2.7-b1/jython-2.7-b1.jar) to method java.io.Console.encoding()
[4d31fdff-1ca5-4ac1-a712-ff3d77cf2b3b/build]   | WARNING: Please consider reporting this to the maintainers of org.python.core.PySystemState
[4d31fdff-1ca5-4ac1-a712-ff3d77cf2b3b/build]   | WARNING: Use --illegal-access=warn to enable warnings of further illegal reflective access operations
[4d31fdff-1ca5-4ac1-a712-ff3d77cf2b3b/build]   | WARNING: All illegal access operations will be denied in a future release
[4d31fdff-1ca5-4ac1-a712-ff3d77cf2b3b/build]   | *sys-package-mgr*: processing new jar, '/home/runneradmin/.m2/repository/org/clojure/clojure/1.6.0/clojure-1.6.0.jar'
[4d31fdff-1ca5-4ac1-a712-ff3d77cf2b3b/build]   | *sys-package-mgr*: processing new jar, '/home/runneradmin/.m2/repository/com/google/guava/guava/18.0/guava-18.0.jar'
[4d31fdff-1ca5-4ac1-a712-ff3d77cf2b3b/build]   | *sys-package-mgr*: processing new jar, '/home/runneradmin/.m2/repository/org/apache/httpcomponents/httpclient/4.2.3/httpclient-4.2.3.jar'
[4d31fdff-1ca5-4ac1-a712-ff3d77cf2b3b/build]   | *sys-package-mgr*: processing new jar, '/home/runneradmin/.m2/repository/org/apache/httpcomponents/httpcore/4.2.2/httpcore-4.2.2.jar'
[4d31fdff-1ca5-4ac1-a712-ff3d77cf2b3b/build]   | *sys-package-mgr*: processing new jar, '/home/runneradmin/.m2/repository/commons-logging/commons-logging/1.1.1/commons-logging-1.1.1.jar'
[4d31fdff-1ca5-4ac1-a712-ff3d77cf2b3b/build]   | *sys-package-mgr*: processing new jar, '/home/runneradmin/.m2/repository/commons-codec/commons-codec/1.6/commons-codec-1.6.jar'
[4d31fdff-1ca5-4ac1-a712-ff3d77cf2b3b/build]   | *sys-package-mgr*: processing new jar, '/home/runneradmin/.m2/repository/com/itextpdf/itextpdf/5.5.0/itextpdf-5.5.0.jar'
[4d31fdff-1ca5-4ac1-a712-ff3d77cf2b3b/build]   | *sys-package-mgr*: processing new jar, '/home/runneradmin/.m2/repository/net/java/dev/jna/jna/4.1.0/jna-4.1.0.jar'
[4d31fdff-1ca5-4ac1-a712-ff3d77cf2b3b/build]   | *sys-package-mgr*: processing new jar, '/home/runneradmin/.m2/repository/com/jayway/jsonpath/json-path/0.8.1/json-path-0.8.1.jar'
[4d31fdff-1ca5-4ac1-a712-ff3d77cf2b3b/build]   | *sys-package-mgr*: processing new jar, '/home/runneradmin/.m2/repository/net/minidev/json-smart/1.1.1/json-smart-1.1.1.jar'
[4d31fdff-1ca5-4ac1-a712-ff3d77cf2b3b/build]   | *sys-package-mgr*: processing new jar, '/home/runneradmin/.m2/repository/commons-lang/commons-lang/2.6/commons-lang-2.6.jar'
[4d31fdff-1ca5-4ac1-a712-ff3d77cf2b3b/build]   | *sys-package-mgr*: processing new jar, '/home/runneradmin/.m2/repository/junit/junit/4.11/junit-4.11.jar'
[4d31fdff-1ca5-4ac1-a712-ff3d77cf2b3b/build]   | *sys-package-mgr*: processing new jar, '/home/runneradmin/.m2/repository/org/hamcrest/hamcrest-core/1.3/hamcrest-core-1.3.jar'
[4d31fdff-1ca5-4ac1-a712-ff3d77cf2b3b/build]   | *sys-package-mgr*: processing new jar, '/home/runneradmin/.m2/repository/org/python/jython/2.7-b1/jython-2.7-b1.jar'
[4d31fdff-1ca5-4ac1-a712-ff3d77cf2b3b/build]   | *sys-package-mgr*: processing new jar, '/home/runneradmin/.m2/repository/net/sf/opencsv/opencsv/2.3/opencsv-2.3.jar'
[4d31fdff-1ca5-4ac1-a712-ff3d77cf2b3b/build]   | *sys-package-mgr*: processing new jar, '/home/runneradmin/.m2/repository/org/clojars/processing-core/org.processing.core/1.5.1/org.processing.core-1.5.1.jar'
[4d31fdff-1ca5-4ac1-a712-ff3d77cf2b3b/build]   | *sys-package-mgr*: processing new jar, '/home/runneradmin/.m2/repository/ddf/minim/ddf.minim/2.2.0/ddf.minim-2.2.0.jar'
[4d31fdff-1ca5-4ac1-a712-ff3d77cf2b3b/build]   | *sys-package-mgr*: processing new jar, '/home/runneradmin/.m2/repository/org/clojars/automata/jl/1.0.0/jl-1.0.0.jar'
[4d31fdff-1ca5-4ac1-a712-ff3d77cf2b3b/build]   | *sys-package-mgr*: processing new jar, '/home/runneradmin/.m2/repository/org/clojars/automata/mp3spi/1.9.4/mp3spi-1.9.4.jar'
[4d31fdff-1ca5-4ac1-a712-ff3d77cf2b3b/build]   | *sys-package-mgr*: processing new jar, '/home/runneradmin/.m2/repository/org/clojars/automata/tritonus-aos/1.0.0/tritonus-aos-1.0.0.jar'
[4d31fdff-1ca5-4ac1-a712-ff3d77cf2b3b/build]   | *sys-package-mgr*: processing new jar, '/home/runneradmin/.m2/repository/org/clojars/automata/tritonus-share/1.0.0/tritonus-share-1.0.0.jar'
[4d31fdff-1ca5-4ac1-a712-ff3d77cf2b3b/build]   | *sys-package-mgr*: processing new jar, '/home/runneradmin/.m2/repository/de/sojamo/oscp5/0.9.8/oscp5-0.9.8.jar'
[4d31fdff-1ca5-4ac1-a712-ff3d77cf2b3b/build]   | Tests run: 4, Failures: 0, Errors: 0, Skipped: 0, Time elapsed: 3.592 sec
[4d31fdff-1ca5-4ac1-a712-ff3d77cf2b3b/build]   | Running nodebox.function.PythonLibraryTest
[4d31fdff-1ca5-4ac1-a712-ff3d77cf2b3b/build]   | Tests run: 6, Failures: 0, Errors: 0, Skipped: 0, Time elapsed: 0.052 sec
[4d31fdff-1ca5-4ac1-a712-ff3d77cf2b3b/build]   | Running nodebox.function.StringFunctionsTest
[4d31fdff-1ca5-4ac1-a712-ff3d77cf2b3b/build]   | Tests run: 5, Failures: 0, Errors: 0, Skipped: 0, Time elapsed: 0.014 sec
[4d31fdff-1ca5-4ac1-a712-ff3d77cf2b3b/build]   | Running nodebox.function.ClojureLibraryTest
[4d31fdff-1ca5-4ac1-a712-ff3d77cf2b3b/build]   | Tests run: 3, Failures: 0, Errors: 0, Skipped: 0, Time elapsed: 0.095 sec
[4d31fdff-1ca5-4ac1-a712-ff3d77cf2b3b/build]   | Running nodebox.function.FunctionsTest
[4d31fdff-1ca5-4ac1-a712-ff3d77cf2b3b/build]   | Tests run: 1, Failures: 0, Errors: 0, Skipped: 0, Time elapsed: 0 sec
[4d31fdff-1ca5-4ac1-a712-ff3d77cf2b3b/build]   | Running nodebox.versioncheck.UpdaterTest
[4d31fdff-1ca5-4ac1-a712-ff3d77cf2b3b/build]   | Jul 12, 2023 2:50:06 AM java.util.prefs.FileSystemPreferences$1 run
[4d31fdff-1ca5-4ac1-a712-ff3d77cf2b3b/build]   | INFO: Created user preferences directory.
[4d31fdff-1ca5-4ac1-a712-ff3d77cf2b3b/build]   | Tests run: 4, Failures: 0, Errors: 0, Skipped: 0, Time elapsed: 0.307 sec
[4d31fdff-1ca5-4ac1-a712-ff3d77cf2b3b/build]   | Running nodebox.versioncheck.VersionTest
[4d31fdff-1ca5-4ac1-a712-ff3d77cf2b3b/build]   | Tests run: 1, Failures: 0, Errors: 0, Skipped: 0, Time elapsed: 0 sec
[4d31fdff-1ca5-4ac1-a712-ff3d77cf2b3b/build]   | Running nodebox.node.NodeLibraryTest
[4d31fdff-1ca5-4ac1-a712-ff3d77cf2b3b/build]   | Tests run: 47, Failures: 1, Errors: 0, Skipped: 0, Time elapsed: 1.101 sec <<< FAILURE!
[4d31fdff-1ca5-4ac1-a712-ff3d77cf2b3b/build]   | testPortRangeOverride(nodebox.node.NodeLibraryTest)  Time elapsed: 0.011 sec  <<< FAILURE!
[4d31fdff-1ca5-4ac1-a712-ff3d77cf2b3b/build]   | junit.framework.AssertionFailedError: expected:<VALUE> but was:<LIST>
[4d31fdff-1ca5-4ac1-a712-ff3d77cf2b3b/build]   | 	at junit.framework.Assert.fail(Assert.java:57)
[4d31fdff-1ca5-4ac1-a712-ff3d77cf2b3b/build]   | 	at junit.framework.Assert.failNotEquals(Assert.java:329)
[4d31fdff-1ca5-4ac1-a712-ff3d77cf2b3b/build]   | 	at junit.framework.Assert.assertEquals(Assert.java:78)
[4d31fdff-1ca5-4ac1-a712-ff3d77cf2b3b/build]   | 	at junit.framework.Assert.assertEquals(Assert.java:86)
[4d31fdff-1ca5-4ac1-a712-ff3d77cf2b3b/build]   | 	at junit.framework.TestCase.assertEquals(TestCase.java:253)
[4d31fdff-1ca5-4ac1-a712-ff3d77cf2b3b/build]   | 	at nodebox.node.NodeLibraryTest.testPortRangeOverride(NodeLibraryTest.java:200)
[4d31fdff-1ca5-4ac1-a712-ff3d77cf2b3b/build]   | 	at java.base/jdk.internal.reflect.NativeMethodAccessorImpl.invoke0(Native Method)
[4d31fdff-1ca5-4ac1-a712-ff3d77cf2b3b/build]   | 	at java.base/jdk.internal.reflect.NativeMethodAccessorImpl.invoke(NativeMethodAccessorImpl.java:62)
[4d31fdff-1ca5-4ac1-a712-ff3d77cf2b3b/build]   | 	at java.base/jdk.internal.reflect.DelegatingMethodAccessorImpl.invoke(DelegatingMethodAccessorImpl.java:43)
[4d31fdff-1ca5-4ac1-a712-ff3d77cf2b3b/build]   | 	at java.base/java.lang.reflect.Method.invoke(Method.java:566)
[4d31fdff-1ca5-4ac1-a712-ff3d77cf2b3b/build]   | 	at org.junit.runners.model.FrameworkMethod$1.runReflectiveCall(FrameworkMethod.java:47)
[4d31fdff-1ca5-4ac1-a712-ff3d77cf2b3b/build]   | 	at org.junit.internal.runners.model.ReflectiveCallable.run(ReflectiveCallable.java:12)
[4d31fdff-1ca5-4ac1-a712-ff3d77cf2b3b/build]   | 	at org.junit.runners.model.FrameworkMethod.invokeExplosively(FrameworkMethod.java:44)
[4d31fdff-1ca5-4ac1-a712-ff3d77cf2b3b/build]   | 	at org.junit.internal.runners.statements.InvokeMethod.evaluate(InvokeMethod.java:17)
[4d31fdff-1ca5-4ac1-a712-ff3d77cf2b3b/build]   | 	at org.junit.runners.ParentRunner.runLeaf(ParentRunner.java:271)
[4d31fdff-1ca5-4ac1-a712-ff3d77cf2b3b/build]   | 	at org.junit.runners.BlockJUnit4ClassRunner.runChild(BlockJUnit4ClassRunner.java:70)
[4d31fdff-1ca5-4ac1-a712-ff3d77cf2b3b/build]   | 	at org.junit.runners.BlockJUnit4ClassRunner.runChild(BlockJUnit4ClassRunner.java:50)
[4d31fdff-1ca5-4ac1-a712-ff3d77cf2b3b/build]   | 	at org.junit.runners.ParentRunner$3.run(ParentRunner.java:238)
[4d31fdff-1ca5-4ac1-a712-ff3d77cf2b3b/build]   | 	at org.junit.runners.ParentRunner$1.schedule(ParentRunner.java:63)
[4d31fdff-1ca5-4ac1-a712-ff3d77cf2b3b/build]   | 	at org.junit.runners.ParentRunner.runChildren(ParentRunner.java:236)
[4d31fdff-1ca5-4ac1-a712-ff3d77cf2b3b/build]   | 	at org.junit.runners.ParentRunner.access$000(ParentRunner.java:53)
[4d31fdff-1ca5-4ac1-a712-ff3d77cf2b3b/build]   | 	at org.junit.runners.ParentRunner$2.evaluate(ParentRunner.java:229)
[4d31fdff-1ca5-4ac1-a712-ff3d77cf2b3b/build]   | 	at org.junit.runners.ParentRunner.run(ParentRunner.java:309)
[4d31fdff-1ca5-4ac1-a712-ff3d77cf2b3b/build]   | 	at org.apache.maven.surefire.junit4.JUnit4Provider.execute(JUnit4Provider.java:252)
[4d31fdff-1ca5-4ac1-a712-ff3d77cf2b3b/build]   | 	at org.apache.maven.surefire.junit4.JUnit4Provider.executeTestSet(JUnit4Provider.java:141)
[4d31fdff-1ca5-4ac1-a712-ff3d77cf2b3b/build]   | 	at org.apache.maven.surefire.junit4.JUnit4Provider.invoke(JUnit4Provider.java:112)
[4d31fdff-1ca5-4ac1-a712-ff3d77cf2b3b/build]   | 	at java.base/jdk.internal.reflect.NativeMethodAccessorImpl.invoke0(Native Method)
[4d31fdff-1ca5-4ac1-a712-ff3d77cf2b3b/build]   | 	at java.base/jdk.internal.reflect.NativeMethodAccessorImpl.invoke(NativeMethodAccessorImpl.java:62)
[4d31fdff-1ca5-4ac1-a712-ff3d77cf2b3b/build]   | 	at java.base/jdk.internal.reflect.DelegatingMethodAccessorImpl.invoke(DelegatingMethodAccessorImpl.java:43)
[4d31fdff-1ca5-4ac1-a712-ff3d77cf2b3b/build]   | 	at java.base/java.lang.reflect.Method.invoke(Method.java:566)
[4d31fdff-1ca5-4ac1-a712-ff3d77cf2b3b/build]   | 	at org.apache.maven.surefire.util.ReflectionUtils.invokeMethodWithArray(ReflectionUtils.java:189)
[4d31fdff-1ca5-4ac1-a712-ff3d77cf2b3b/build]   | 	at org.apache.maven.surefire.booter.ProviderFactory$ProviderProxy.invoke(ProviderFactory.java:165)
[4d31fdff-1ca5-4ac1-a712-ff3d77cf2b3b/build]   | 	at org.apache.maven.surefire.booter.ProviderFactory.invokeProvider(ProviderFactory.java:85)
[4d31fdff-1ca5-4ac1-a712-ff3d77cf2b3b/build]   | 	at org.apache.maven.surefire.booter.ForkedBooter.runSuitesInProcess(ForkedBooter.java:115)
[4d31fdff-1ca5-4ac1-a712-ff3d77cf2b3b/build]   | 	at org.apache.maven.surefire.booter.ForkedBooter.main(ForkedBooter.java:75)
[4d31fdff-1ca5-4ac1-a712-ff3d77cf2b3b/build]   | 
[4d31fdff-1ca5-4ac1-a712-ff3d77cf2b3b/build]   | Running nodebox.node.ConnectionTest
[4d31fdff-1ca5-4ac1-a712-ff3d77cf2b3b/build]   | Tests run: 3, Failures: 0, Errors: 0, Skipped: 0, Time elapsed: 0 sec
[4d31fdff-1ca5-4ac1-a712-ff3d77cf2b3b/build]   | Running nodebox.node.polygraph.PolygonTest
[4d31fdff-1ca5-4ac1-a712-ff3d77cf2b3b/build]   | Tests run: 2, Failures: 0, Errors: 0, Skipped: 0, Time elapsed: 0.008 sec
[4d31fdff-1ca5-4ac1-a712-ff3d77cf2b3b/build]   | Running nodebox.node.NodeTest
[4d31fdff-1ca5-4ac1-a712-ff3d77cf2b3b/build]   | Tests run: 15, Failures: 0, Errors: 0, Skipped: 0, Time elapsed: 0.005 sec
[4d31fdff-1ca5-4ac1-a712-ff3d77cf2b3b/build]   | Running nodebox.node.PublishedPortTest
[4d31fdff-1ca5-4ac1-a712-ff3d77cf2b3b/build]   | Tests run: 7, Failures: 0, Errors: 0, Skipped: 0, Time elapsed: 0.018 sec
[4d31fdff-1ca5-4ac1-a712-ff3d77cf2b3b/build]   | Running nodebox.node.NodeContextTest
[4d31fdff-1ca5-4ac1-a712-ff3d77cf2b3b/build]   | Tests run: 33, Failures: 0, Errors: 0, Skipped: 0, Time elapsed: 0.037 sec
[4d31fdff-1ca5-4ac1-a712-ff3d77cf2b3b/build]   | Running nodebox.node.PortTest
[4d31fdff-1ca5-4ac1-a712-ff3d77cf2b3b/build]   | Tests run: 12, Failures: 0, Errors: 0, Skipped: 0, Time elapsed: 0.002 sec
[4d31fdff-1ca5-4ac1-a712-ff3d77cf2b3b/build]   | Running nodebox.node.TypeConversionsTest
[4d31fdff-1ca5-4ac1-a712-ff3d77cf2b3b/build]   | Tests run: 1, Failures: 0, Errors: 0, Skipped: 0, Time elapsed: 0 sec
[4d31fdff-1ca5-4ac1-a712-ff3d77cf2b3b/build]   | Running nodebox.node.VersionTest
[4d31fdff-1ca5-4ac1-a712-ff3d77cf2b3b/build]   | Tests run: 2, Failures: 0, Errors: 0, Skipped: 0, Time elapsed: 0.011 sec
[4d31fdff-1ca5-4ac1-a712-ff3d77cf2b3b/build]   | Running nodebox.node.NodeLibraryControllerTest
[4d31fdff-1ca5-4ac1-a712-ff3d77cf2b3b/build]   | *sys-package-mgr*: processing new jar, '/tmp/026a1b48-6fca-49c8-82b6-bd8d1740c200/lib/python.zip'
[4d31fdff-1ca5-4ac1-a712-ff3d77cf2b3b/build]   | Tests run: 31, Failures: 0, Errors: 0, Skipped: 0, Time elapsed: 0.033 sec
[4d31fdff-1ca5-4ac1-a712-ff3d77cf2b3b/build]   | Running nodebox.graphics.GraphicsContextTest
[4d31fdff-1ca5-4ac1-a712-ff3d77cf2b3b/build]   | Tests run: 3, Failures: 0, Errors: 0, Skipped: 0, Time elapsed: 0.255 sec
[4d31fdff-1ca5-4ac1-a712-ff3d77cf2b3b/build]   | Running nodebox.graphics.CanvasTest
[4d31fdff-1ca5-4ac1-a712-ff3d77cf2b3b/build]   | Tests run: 1, Failures: 0, Errors: 0, Skipped: 0, Time elapsed: 0 sec
[4d31fdff-1ca5-4ac1-a712-ff3d77cf2b3b/build]   | Running nodebox.graphics.GraphicsTestCase
[4d31fdff-1ca5-4ac1-a712-ff3d77cf2b3b/build]   | Tests run: 1, Failures: 0, Errors: 0, Skipped: 0, Time elapsed: 0.001 sec
[4d31fdff-1ca5-4ac1-a712-ff3d77cf2b3b/build]   | Running nodebox.graphics.ContourTest
[4d31fdff-1ca5-4ac1-a712-ff3d77cf2b3b/build]   | Tests run: 11, Failures: 0, Errors: 0, Skipped: 0, Time elapsed: 0.003 sec
[4d31fdff-1ca5-4ac1-a712-ff3d77cf2b3b/build]   | Running nodebox.graphics.GrobTest
[4d31fdff-1ca5-4ac1-a712-ff3d77cf2b3b/build]   | Tests run: 1, Failures: 0, Errors: 0, Skipped: 0, Time elapsed: 0 sec
[4d31fdff-1ca5-4ac1-a712-ff3d77cf2b3b/build]   | Running nodebox.graphics.TransformTest
[4d31fdff-1ca5-4ac1-a712-ff3d77cf2b3b/build]   | Tests run: 2, Failures: 0, Errors: 0, Skipped: 0, Time elapsed: 0 sec
[4d31fdff-1ca5-4ac1-a712-ff3d77cf2b3b/build]   | Running nodebox.graphics.PointTest
[4d31fdff-1ca5-4ac1-a712-ff3d77cf2b3b/build]   | Tests run: 1, Failures: 0, Errors: 0, Skipped: 0, Time elapsed: 0 sec
[4d31fdff-1ca5-4ac1-a712-ff3d77cf2b3b/build]   | Running nodebox.graphics.ColorTest
[4d31fdff-1ca5-4ac1-a712-ff3d77cf2b3b/build]   | Tests run: 2, Failures: 0, Errors: 0, Skipped: 0, Time elapsed: 0 sec
[4d31fdff-1ca5-4ac1-a712-ff3d77cf2b3b/build]   | Running nodebox.graphics.PathTest
[4d31fdff-1ca5-4ac1-a712-ff3d77cf2b3b/build]   | Tests run: 6, Failures: 0, Errors: 0, Skipped: 0, Time elapsed: 0.002 sec
[4d31fdff-1ca5-4ac1-a712-ff3d77cf2b3b/build]   | Running nodebox.graphics.SVGRendererTest
[4d31fdff-1ca5-4ac1-a712-ff3d77cf2b3b/build]   | Tests run: 3, Failures: 0, Errors: 0, Skipped: 0, Time elapsed: 0.015 sec
[4d31fdff-1ca5-4ac1-a712-ff3d77cf2b3b/build]   | Running nodebox.graphics.GeometryTest
[4d31fdff-1ca5-4ac1-a712-ff3d77cf2b3b/build]   | Tests run: 11, Failures: 0, Errors: 0, Skipped: 0, Time elapsed: 0.002 sec
[4d31fdff-1ca5-4ac1-a712-ff3d77cf2b3b/build]   | Running nodebox.graphics.RectTest
[4d31fdff-1ca5-4ac1-a712-ff3d77cf2b3b/build]   | Tests run: 4, Failures: 0, Errors: 0, Skipped: 0, Time elapsed: 0.001 sec
[4d31fdff-1ca5-4ac1-a712-ff3d77cf2b3b/build]   | Running nodebox.localhistory.RepositoryTest
[4d31fdff-1ca5-4ac1-a712-ff3d77cf2b3b/build]   | Tests run: 3, Failures: 0, Errors: 0, Skipped: 0, Time elapsed: 0.014 sec
[4d31fdff-1ca5-4ac1-a712-ff3d77cf2b3b/build]   | Running nodebox.util.WavesTest
[4d31fdff-1ca5-4ac1-a712-ff3d77cf2b3b/build]   | Tests run: 2, Failures: 0, Errors: 0, Skipped: 0, Time elapsed: 0 sec
[4d31fdff-1ca5-4ac1-a712-ff3d77cf2b3b/build]   | Running nodebox.util.FileUtilTest
[4d31fdff-1ca5-4ac1-a712-ff3d77cf2b3b/build]   | Tests run: 4, Failures: 0, Errors: 0, Skipped: 0, Time elapsed: 0.004 sec
[4d31fdff-1ca5-4ac1-a712-ff3d77cf2b3b/build]   | Running nodebox.util.ListUtilsTest
[4d31fdff-1ca5-4ac1-a712-ff3d77cf2b3b/build]   | Tests run: 1, Failures: 0, Errors: 0, Skipped: 0, Time elapsed: 0 sec
[4d31fdff-1ca5-4ac1-a712-ff3d77cf2b3b/build]   | 
[4d31fdff-1ca5-4ac1-a712-ff3d77cf2b3b/build]   | Results :
[4d31fdff-1ca5-4ac1-a712-ff3d77cf2b3b/build]   | 
[4d31fdff-1ca5-4ac1-a712-ff3d77cf2b3b/build]   | Failed tests:   testPortRangeOverride(nodebox.node.NodeLibraryTest): expected:<VALUE> but was:<LIST>
[4d31fdff-1ca5-4ac1-a712-ff3d77cf2b3b/build]   | 
[4d31fdff-1ca5-4ac1-a712-ff3d77cf2b3b/build]   | Tests run: 291, Failures: 1, Errors: 0, Skipped: 0
[4d31fdff-1ca5-4ac1-a712-ff3d77cf2b3b/build]   | 
[4d31fdff-1ca5-4ac1-a712-ff3d77cf2b3b/build]   | [INFO] ------------------------------------------------------------------------
[4d31fdff-1ca5-4ac1-a712-ff3d77cf2b3b/build]   | [INFO] BUILD FAILURE
[4d31fdff-1ca5-4ac1-a712-ff3d77cf2b3b/build]   | [INFO] ------------------------------------------------------------------------
[4d31fdff-1ca5-4ac1-a712-ff3d77cf2b3b/build]   | [INFO] Total time:  29.565 s
[4d31fdff-1ca5-4ac1-a712-ff3d77cf2b3b/build]   | [INFO] Finished at: 2023-07-12T02:50:08Z
[4d31fdff-1ca5-4ac1-a712-ff3d77cf2b3b/build]   | [INFO] ------------------------------------------------------------------------
[4d31fdff-1ca5-4ac1-a712-ff3d77cf2b3b/build]   | [ERROR] Failed to execute goal org.apache.maven.plugins:maven-surefire-plugin:2.12.4:test (default-test) on project nodebox: There are test failures.
[4d31fdff-1ca5-4ac1-a712-ff3d77cf2b3b/build]   | [ERROR] 
[4d31fdff-1ca5-4ac1-a712-ff3d77cf2b3b/build]   | [ERROR] Please refer to /tmp/026a1b48-6fca-49c8-82b6-bd8d1740c200/target/surefire-reports for the individual test results.
[4d31fdff-1ca5-4ac1-a712-ff3d77cf2b3b/build]   | [ERROR] -> [Help 1]
[4d31fdff-1ca5-4ac1-a712-ff3d77cf2b3b/build]   | [ERROR] 
[4d31fdff-1ca5-4ac1-a712-ff3d77cf2b3b/build]   | [ERROR] To see the full stack trace of the errors, re-run Maven with the -e switch.
[4d31fdff-1ca5-4ac1-a712-ff3d77cf2b3b/build]   | [ERROR] Re-run Maven using the -X switch to enable full debug logging.
[4d31fdff-1ca5-4ac1-a712-ff3d77cf2b3b/build]   | [ERROR] 
[4d31fdff-1ca5-4ac1-a712-ff3d77cf2b3b/build]   | [ERROR] For more information about the errors and possible solutions, please read the following articles:
[4d31fdff-1ca5-4ac1-a712-ff3d77cf2b3b/build]   | [ERROR] [Help 1] http://cwiki.apache.org/confluence/display/MAVEN/MojoFailureException
[4d31fdff-1ca5-4ac1-a712-ff3d77cf2b3b/build]   ‚ùå  Failure - Main Build with Maven
[4d31fdff-1ca5-4ac1-a712-ff3d77cf2b3b/build] exitcode '1': failure
[4d31fdff-1ca5-4ac1-a712-ff3d77cf2b3b/build] unable to get git ref: failed to identify reference (tag/branch) for the checked-out revision '8c50c43c5412f368808cd47675877515cf8d0330'
[4d31fdff-1ca5-4ac1-a712-ff3d77cf2b3b/build] unable to get git ref: failed to identify reference (tag/branch) for the checked-out revision '8c50c43c5412f368808cd47675877515cf8d0330'
[4d31fdff-1ca5-4ac1-a712-ff3d77cf2b3b/build] unable to get git ref: failed to identify reference (tag/branch) for the checked-out revision '8c50c43c5412f368808cd47675877515cf8d0330'
[4d31fdff-1ca5-4ac1-a712-ff3d77cf2b3b/build] unable to get git ref: failed to identify reference (tag/branch) for the checked-out revision '8c50c43c5412f368808cd47675877515cf8d0330'
[4d31fdff-1ca5-4ac1-a712-ff3d77cf2b3b/build] unable to get git ref: failed to identify reference (tag/branch) for the checked-out revision '8c50c43c5412f368808cd47675877515cf8d0330'
[4d31fdff-1ca5-4ac1-a712-ff3d77cf2b3b/build] ‚≠ê Run Post Set up JDK 11
[4d31fdff-1ca5-4ac1-a712-ff3d77cf2b3b/build]   üê≥  docker exec cmd=[node /var/run/act/actions/actions-setup-java@v1/dist/cleanup/index.js] user= workdir=
[4d31fdff-1ca5-4ac1-a712-ff3d77cf2b3b/build]   ‚úÖ  Success - Post Set up JDK 11
[4d31fdff-1ca5-4ac1-a712-ff3d77cf2b3b/build] üèÅ  Job failed
[4d31fdff-1ca5-4ac1-a712-ff3d77cf2b3b/build] unable to get git ref: failed to identify reference (tag/branch) for the checked-out revision '8c50c43c5412f368808cd47675877515cf8d0330'
