[432b6563-d1ed-4e96-bb03-03476d95fd97/build] üöÄ  Start image=crawlergpt:latest
[432b6563-d1ed-4e96-bb03-03476d95fd97/build]   üê≥  docker pull image=crawlergpt:latest platform= username= forcePull=false
[432b6563-d1ed-4e96-bb03-03476d95fd97/build]   üê≥  docker create image=crawlergpt:latest platform= entrypoint=["tail" "-f" "/dev/null"] cmd=[]
[432b6563-d1ed-4e96-bb03-03476d95fd97/build]   üê≥  docker run image=crawlergpt:latest platform= entrypoint=["tail" "-f" "/dev/null"] cmd=[]
[432b6563-d1ed-4e96-bb03-03476d95fd97/build]   üê≥  docker exec cmd=[chown -R 1012:1013 /tmp/74714d8e-6ec5-4d22-91d4-dc13019faf91] user=0 workdir=
[432b6563-d1ed-4e96-bb03-03476d95fd97/build] unable to get git ref: failed to identify reference (tag/branch) for the checked-out revision '7f2d79baf872b180202c59f41bd3355962a25053'
[432b6563-d1ed-4e96-bb03-03476d95fd97/build] unable to get git ref: failed to identify reference (tag/branch) for the checked-out revision '7f2d79baf872b180202c59f41bd3355962a25053'
[432b6563-d1ed-4e96-bb03-03476d95fd97/build] unable to get git ref: failed to identify reference (tag/branch) for the checked-out revision '7f2d79baf872b180202c59f41bd3355962a25053'
[432b6563-d1ed-4e96-bb03-03476d95fd97/build] unable to get git ref: failed to identify reference (tag/branch) for the checked-out revision '7f2d79baf872b180202c59f41bd3355962a25053'
[432b6563-d1ed-4e96-bb03-03476d95fd97/build] unable to get git ref: failed to identify reference (tag/branch) for the checked-out revision '7f2d79baf872b180202c59f41bd3355962a25053'
[432b6563-d1ed-4e96-bb03-03476d95fd97/build] unable to get git ref: failed to identify reference (tag/branch) for the checked-out revision '7f2d79baf872b180202c59f41bd3355962a25053'
[432b6563-d1ed-4e96-bb03-03476d95fd97/build] unable to get git ref: failed to identify reference (tag/branch) for the checked-out revision '7f2d79baf872b180202c59f41bd3355962a25053'
[432b6563-d1ed-4e96-bb03-03476d95fd97/build] unable to get git ref: failed to identify reference (tag/branch) for the checked-out revision '7f2d79baf872b180202c59f41bd3355962a25053'
[432b6563-d1ed-4e96-bb03-03476d95fd97/build] unable to get git ref: failed to identify reference (tag/branch) for the checked-out revision '7f2d79baf872b180202c59f41bd3355962a25053'
[432b6563-d1ed-4e96-bb03-03476d95fd97/build] ‚≠ê Run Main actions/checkout@v2
[432b6563-d1ed-4e96-bb03-03476d95fd97/build] unable to get git ref: failed to identify reference (tag/branch) for the checked-out revision '7f2d79baf872b180202c59f41bd3355962a25053'
[432b6563-d1ed-4e96-bb03-03476d95fd97/build]   ‚úÖ  Success - Main actions/checkout@v2
[432b6563-d1ed-4e96-bb03-03476d95fd97/build] unable to get git ref: failed to identify reference (tag/branch) for the checked-out revision '7f2d79baf872b180202c59f41bd3355962a25053'
[432b6563-d1ed-4e96-bb03-03476d95fd97/build] unable to get git ref: failed to identify reference (tag/branch) for the checked-out revision '7f2d79baf872b180202c59f41bd3355962a25053'
[432b6563-d1ed-4e96-bb03-03476d95fd97/build] unable to get git ref: failed to identify reference (tag/branch) for the checked-out revision '7f2d79baf872b180202c59f41bd3355962a25053'
[432b6563-d1ed-4e96-bb03-03476d95fd97/build] unable to get git ref: failed to identify reference (tag/branch) for the checked-out revision '7f2d79baf872b180202c59f41bd3355962a25053'
[432b6563-d1ed-4e96-bb03-03476d95fd97/build] unable to get git ref: failed to identify reference (tag/branch) for the checked-out revision '7f2d79baf872b180202c59f41bd3355962a25053'
[432b6563-d1ed-4e96-bb03-03476d95fd97/build] ‚≠ê Run Main Set up JDK 11
[432b6563-d1ed-4e96-bb03-03476d95fd97/build] unable to get git ref: failed to identify reference (tag/branch) for the checked-out revision '7f2d79baf872b180202c59f41bd3355962a25053'
[432b6563-d1ed-4e96-bb03-03476d95fd97/build] unable to get git ref: failed to identify reference (tag/branch) for the checked-out revision '7f2d79baf872b180202c59f41bd3355962a25053'
[432b6563-d1ed-4e96-bb03-03476d95fd97/build] unable to get git ref: failed to identify reference (tag/branch) for the checked-out revision '7f2d79baf872b180202c59f41bd3355962a25053'
[432b6563-d1ed-4e96-bb03-03476d95fd97/build]   üê≥  docker cp src=/tmp/act-cache/cd6893a3-9612-4ff7-bdcd-5067f17d07c4/act/actions-setup-java@v1/ dst=/var/run/act/actions/actions-setup-java@v1/
[432b6563-d1ed-4e96-bb03-03476d95fd97/build]   üê≥  docker exec cmd=[chown -R 1012:1013 /var/run/act/actions/actions-setup-java@v1/] user=0 workdir=
[432b6563-d1ed-4e96-bb03-03476d95fd97/build]   üê≥  docker exec cmd=[node /var/run/act/actions/actions-setup-java@v1/dist/setup/index.js] user= workdir=
[432b6563-d1ed-4e96-bb03-03476d95fd97/build]   üí¨  ::debug::isExplicit: 
[432b6563-d1ed-4e96-bb03-03476d95fd97/build]   üí¨  ::debug::explicit? false
[432b6563-d1ed-4e96-bb03-03476d95fd97/build]   üí¨  ::debug::evaluating 0 versions
[432b6563-d1ed-4e96-bb03-03476d95fd97/build]   üí¨  ::debug::match not found
[432b6563-d1ed-4e96-bb03-03476d95fd97/build]   üí¨  ::debug::Downloading JDK from Azul
[432b6563-d1ed-4e96-bb03-03476d95fd97/build]   üí¨  ::debug::Searching for files with extension: -linux_x64.tar.gz
[432b6563-d1ed-4e96-bb03-03476d95fd97/build]   üí¨  ::debug::Downloading https://static.azul.com/zulu/bin/zulu11.64.19-ca-jdk11.0.19-linux_x64.tar.gz
[432b6563-d1ed-4e96-bb03-03476d95fd97/build]   üí¨  ::debug::Downloading /tmp/17e1d2b9-18b7-4bc0-afb1-b32b32da6085
[432b6563-d1ed-4e96-bb03-03476d95fd97/build]   üí¨  ::debug::download complete
[432b6563-d1ed-4e96-bb03-03476d95fd97/build]   | [command]/usr/bin/tar --version
[432b6563-d1ed-4e96-bb03-03476d95fd97/build]   | tar (GNU tar) 1.30
[432b6563-d1ed-4e96-bb03-03476d95fd97/build]   | Copyright (C) 2017 Free Software Foundation, Inc.
[432b6563-d1ed-4e96-bb03-03476d95fd97/build]   | License GPLv3+: GNU GPL version 3 or later <https://gnu.org/licenses/gpl.html>.
[432b6563-d1ed-4e96-bb03-03476d95fd97/build]   | This is free software: you are free to change and redistribute it.
[432b6563-d1ed-4e96-bb03-03476d95fd97/build]   | There is NO WARRANTY, to the extent permitted by law.
[432b6563-d1ed-4e96-bb03-03476d95fd97/build]   | 
[432b6563-d1ed-4e96-bb03-03476d95fd97/build]   | Written by John Gilmore and Jay Fenlason.
[432b6563-d1ed-4e96-bb03-03476d95fd97/build]   | [command]/usr/bin/tar xz --warning=no-unknown-keyword -C /tmp/temp_1176102340 -f /tmp/17e1d2b9-18b7-4bc0-afb1-b32b32da6085
[432b6563-d1ed-4e96-bb03-03476d95fd97/build]   üí¨  ::debug::jdk extracted to /tmp/temp_1176102340/zulu11.64.19-ca-jdk11.0.19-linux_x64
[432b6563-d1ed-4e96-bb03-03476d95fd97/build]   üí¨  ::debug::Caching tool jdk 11.0.19 x64
[432b6563-d1ed-4e96-bb03-03476d95fd97/build]   üí¨  ::debug::source dir: /tmp/temp_1176102340/zulu11.64.19-ca-jdk11.0.19-linux_x64
[432b6563-d1ed-4e96-bb03-03476d95fd97/build]   üí¨  ::debug::destination /opt/hostedtoolcache/jdk/11.0.19/x64
[432b6563-d1ed-4e96-bb03-03476d95fd97/build]   üí¨  ::debug::finished caching tool
[432b6563-d1ed-4e96-bb03-03476d95fd97/build]   ‚ùì add-matcher /run/act/actions/actions-setup-java@v1/.github/java.json
[432b6563-d1ed-4e96-bb03-03476d95fd97/build]   | creating settings.xml with server-id: github; environment variables: username=$GITHUB_ACTOR, password=$GITHUB_TOKEN, and gpg-passphrase=null
[432b6563-d1ed-4e96-bb03-03476d95fd97/build]   üí¨  ::debug::created directory /home/runneradmin/.m2
[432b6563-d1ed-4e96-bb03-03476d95fd97/build]   | writing /home/runneradmin/.m2/settings.xml
[432b6563-d1ed-4e96-bb03-03476d95fd97/build]   ‚úÖ  Success - Main Set up JDK 11
[432b6563-d1ed-4e96-bb03-03476d95fd97/build]   ‚öô  ::set-env:: JAVA_HOME_11_0_19_X64=/opt/hostedtoolcache/jdk/11.0.19/x64
[432b6563-d1ed-4e96-bb03-03476d95fd97/build]   ‚öô  ::set-env:: JAVA_HOME_11.0.19_x64=/opt/hostedtoolcache/jdk/11.0.19/x64
[432b6563-d1ed-4e96-bb03-03476d95fd97/build]   ‚öô  ::set-env:: JAVA_HOME=/opt/hostedtoolcache/jdk/11.0.19/x64
[432b6563-d1ed-4e96-bb03-03476d95fd97/build]   ‚öô  ::set-output:: version=11.0.19
[432b6563-d1ed-4e96-bb03-03476d95fd97/build]   ‚öô  ::set-output:: path=/opt/hostedtoolcache/jdk/11.0.19/x64
[432b6563-d1ed-4e96-bb03-03476d95fd97/build]   ‚öô  ::add-path:: /opt/hostedtoolcache/jdk/11.0.19/x64/bin
[432b6563-d1ed-4e96-bb03-03476d95fd97/build] unable to get git ref: failed to identify reference (tag/branch) for the checked-out revision '7f2d79baf872b180202c59f41bd3355962a25053'
[432b6563-d1ed-4e96-bb03-03476d95fd97/build] unable to get git ref: failed to identify reference (tag/branch) for the checked-out revision '7f2d79baf872b180202c59f41bd3355962a25053'
[432b6563-d1ed-4e96-bb03-03476d95fd97/build] unable to get git ref: failed to identify reference (tag/branch) for the checked-out revision '7f2d79baf872b180202c59f41bd3355962a25053'
[432b6563-d1ed-4e96-bb03-03476d95fd97/build] unable to get git ref: failed to identify reference (tag/branch) for the checked-out revision '7f2d79baf872b180202c59f41bd3355962a25053'
[432b6563-d1ed-4e96-bb03-03476d95fd97/build] unable to get git ref: failed to identify reference (tag/branch) for the checked-out revision '7f2d79baf872b180202c59f41bd3355962a25053'
[432b6563-d1ed-4e96-bb03-03476d95fd97/build] ‚≠ê Run Main Build with Maven
[432b6563-d1ed-4e96-bb03-03476d95fd97/build] unable to get git ref: failed to identify reference (tag/branch) for the checked-out revision '7f2d79baf872b180202c59f41bd3355962a25053'
[432b6563-d1ed-4e96-bb03-03476d95fd97/build] unable to get git ref: failed to identify reference (tag/branch) for the checked-out revision '7f2d79baf872b180202c59f41bd3355962a25053'
[432b6563-d1ed-4e96-bb03-03476d95fd97/build] unable to get git ref: failed to identify reference (tag/branch) for the checked-out revision '7f2d79baf872b180202c59f41bd3355962a25053'
[432b6563-d1ed-4e96-bb03-03476d95fd97/build] unable to get git ref: failed to identify reference (tag/branch) for the checked-out revision '7f2d79baf872b180202c59f41bd3355962a25053'
[432b6563-d1ed-4e96-bb03-03476d95fd97/build]   üê≥  docker exec cmd=[bash --noprofile --norc -e -o pipefail /var/run/act/workflow/2] user= workdir=
[432b6563-d1ed-4e96-bb03-03476d95fd97/build]   | [INFO] Scanning for projects...
[432b6563-d1ed-4e96-bb03-03476d95fd97/build]   | [INFO] 
[432b6563-d1ed-4e96-bb03-03476d95fd97/build]   | [INFO] ------------------------< net.nodebox:nodebox >-------------------------
[432b6563-d1ed-4e96-bb03-03476d95fd97/build]   | [INFO] Building NodeBox 3.0-SNAPSHOT
[432b6563-d1ed-4e96-bb03-03476d95fd97/build]   | [INFO] --------------------------------[ jar ]---------------------------------
[432b6563-d1ed-4e96-bb03-03476d95fd97/build]   | [INFO] Downloading from central: https://repo.maven.apache.org/maven2/org/apache/maven/plugins/maven-resources-plugin/2.6/maven-resources-plugin-2.6.pom
[432b6563-d1ed-4e96-bb03-03476d95fd97/build]   | [INFO] Downloaded from central: https://repo.maven.apache.org/maven2/org/apache/maven/plugins/maven-resources-plugin/2.6/maven-resources-plugin-2.6.pom (8.1 kB at 6.3 kB/s)
[432b6563-d1ed-4e96-bb03-03476d95fd97/build]   | [INFO] Downloading from central: https://repo.maven.apache.org/maven2/org/apache/maven/plugins/maven-plugins/23/maven-plugins-23.pom
[432b6563-d1ed-4e96-bb03-03476d95fd97/build]   | [INFO] Downloaded from central: https://repo.maven.apache.org/maven2/org/apache/maven/plugins/maven-plugins/23/maven-plugins-23.pom (9.2 kB at 133 kB/s)
[432b6563-d1ed-4e96-bb03-03476d95fd97/build]   | [INFO] Downloading from central: https://repo.maven.apache.org/maven2/org/apache/maven/maven-parent/22/maven-parent-22.pom
[432b6563-d1ed-4e96-bb03-03476d95fd97/build]   | [INFO] Downloaded from central: https://repo.maven.apache.org/maven2/org/apache/maven/maven-parent/22/maven-parent-22.pom (30 kB at 402 kB/s)
[432b6563-d1ed-4e96-bb03-03476d95fd97/build]   | [INFO] Downloading from central: https://repo.maven.apache.org/maven2/org/apache/apache/11/apache-11.pom
[432b6563-d1ed-4e96-bb03-03476d95fd97/build]   | [INFO] Downloaded from central: https://repo.maven.apache.org/maven2/org/apache/apache/11/apache-11.pom (15 kB at 361 kB/s)
[432b6563-d1ed-4e96-bb03-03476d95fd97/build]   | [INFO] Downloading from central: https://repo.maven.apache.org/maven2/org/apache/maven/plugins/maven-resources-plugin/2.6/maven-resources-plugin-2.6.jar
[432b6563-d1ed-4e96-bb03-03476d95fd97/build]   | [INFO] Downloaded from central: https://repo.maven.apache.org/maven2/org/apache/maven/plugins/maven-resources-plugin/2.6/maven-resources-plugin-2.6.jar (30 kB at 469 kB/s)
[432b6563-d1ed-4e96-bb03-03476d95fd97/build]   | [INFO] Downloading from central: https://repo.maven.apache.org/maven2/org/apache/maven/plugins/maven-compiler-plugin/2.5.1/maven-compiler-plugin-2.5.1.pom
[432b6563-d1ed-4e96-bb03-03476d95fd97/build]   | [INFO] Downloaded from central: https://repo.maven.apache.org/maven2/org/apache/maven/plugins/maven-compiler-plugin/2.5.1/maven-compiler-plugin-2.5.1.pom (7.9 kB at 139 kB/s)
[432b6563-d1ed-4e96-bb03-03476d95fd97/build]   | [INFO] Downloading from central: https://repo.maven.apache.org/maven2/org/apache/maven/plugins/maven-plugins/22/maven-plugins-22.pom
[432b6563-d1ed-4e96-bb03-03476d95fd97/build]   | [INFO] Downloaded from central: https://repo.maven.apache.org/maven2/org/apache/maven/plugins/maven-plugins/22/maven-plugins-22.pom (13 kB at 318 kB/s)
[432b6563-d1ed-4e96-bb03-03476d95fd97/build]   | [INFO] Downloading from central: https://repo.maven.apache.org/maven2/org/apache/maven/maven-parent/21/maven-parent-21.pom
[432b6563-d1ed-4e96-bb03-03476d95fd97/build]   | [INFO] Downloaded from central: https://repo.maven.apache.org/maven2/org/apache/maven/maven-parent/21/maven-parent-21.pom (26 kB at 586 kB/s)
[432b6563-d1ed-4e96-bb03-03476d95fd97/build]   | [INFO] Downloading from central: https://repo.maven.apache.org/maven2/org/apache/apache/10/apache-10.pom
[432b6563-d1ed-4e96-bb03-03476d95fd97/build]   | [INFO] Downloaded from central: https://repo.maven.apache.org/maven2/org/apache/apache/10/apache-10.pom (15 kB at 477 kB/s)
[432b6563-d1ed-4e96-bb03-03476d95fd97/build]   | [INFO] Downloading from central: https://repo.maven.apache.org/maven2/org/apache/maven/plugins/maven-compiler-plugin/2.5.1/maven-compiler-plugin-2.5.1.jar
[432b6563-d1ed-4e96-bb03-03476d95fd97/build]   | [INFO] Downloaded from central: https://repo.maven.apache.org/maven2/org/apache/maven/plugins/maven-compiler-plugin/2.5.1/maven-compiler-plugin-2.5.1.jar (33 kB at 625 kB/s)
[432b6563-d1ed-4e96-bb03-03476d95fd97/build]   | [INFO] Downloading from central: https://repo.maven.apache.org/maven2/org/apache/maven/plugins/maven-surefire-plugin/2.12.4/maven-surefire-plugin-2.12.4.pom
[432b6563-d1ed-4e96-bb03-03476d95fd97/build]   | [INFO] Downloaded from central: https://repo.maven.apache.org/maven2/org/apache/maven/plugins/maven-surefire-plugin/2.12.4/maven-surefire-plugin-2.12.4.pom (10 kB at 361 kB/s)
[432b6563-d1ed-4e96-bb03-03476d95fd97/build]   | [INFO] Downloading from central: https://repo.maven.apache.org/maven2/org/apache/maven/surefire/surefire/2.12.4/surefire-2.12.4.pom
[432b6563-d1ed-4e96-bb03-03476d95fd97/build]   | [INFO] Downloaded from central: https://repo.maven.apache.org/maven2/org/apache/maven/surefire/surefire/2.12.4/surefire-2.12.4.pom (14 kB at 476 kB/s)
[432b6563-d1ed-4e96-bb03-03476d95fd97/build]   | [INFO] Downloading from central: https://repo.maven.apache.org/maven2/org/apache/maven/plugins/maven-surefire-plugin/2.12.4/maven-surefire-plugin-2.12.4.jar
[432b6563-d1ed-4e96-bb03-03476d95fd97/build]   | [INFO] Downloaded from central: https://repo.maven.apache.org/maven2/org/apache/maven/plugins/maven-surefire-plugin/2.12.4/maven-surefire-plugin-2.12.4.jar (30 kB at 564 kB/s)
[432b6563-d1ed-4e96-bb03-03476d95fd97/build]   | [INFO] Downloading from central: https://repo.maven.apache.org/maven2/org/apache/maven/plugins/maven-jar-plugin/2.4/maven-jar-plugin-2.4.pom
[432b6563-d1ed-4e96-bb03-03476d95fd97/build]   | [INFO] Downloaded from central: https://repo.maven.apache.org/maven2/org/apache/maven/plugins/maven-jar-plugin/2.4/maven-jar-plugin-2.4.pom (5.8 kB at 233 kB/s)
[432b6563-d1ed-4e96-bb03-03476d95fd97/build]   | [INFO] Downloading from central: https://repo.maven.apache.org/maven2/org/apache/maven/plugins/maven-jar-plugin/2.4/maven-jar-plugin-2.4.jar
[432b6563-d1ed-4e96-bb03-03476d95fd97/build]   | [INFO] Downloaded from central: https://repo.maven.apache.org/maven2/org/apache/maven/plugins/maven-jar-plugin/2.4/maven-jar-plugin-2.4.jar (34 kB at 724 kB/s)
[432b6563-d1ed-4e96-bb03-03476d95fd97/build]   | [INFO] Downloading from central: https://repo.maven.apache.org/maven2/org/clojure/clojure/1.4.0/clojure-1.4.0.pom
[432b6563-d1ed-4e96-bb03-03476d95fd97/build]   | [INFO] Downloaded from central: https://repo.maven.apache.org/maven2/org/clojure/clojure/1.4.0/clojure-1.4.0.pom (5.4 kB at 106 kB/s)
[432b6563-d1ed-4e96-bb03-03476d95fd97/build]   | [INFO] Downloading from central: https://repo.maven.apache.org/maven2/org/sonatype/oss/oss-parent/5/oss-parent-5.pom
[432b6563-d1ed-4e96-bb03-03476d95fd97/build]   | [INFO] Downloaded from central: https://repo.maven.apache.org/maven2/org/sonatype/oss/oss-parent/5/oss-parent-5.pom (4.1 kB at 124 kB/s)
[432b6563-d1ed-4e96-bb03-03476d95fd97/build]   | [INFO] Downloading from central: https://repo.maven.apache.org/maven2/com/google/guava/guava/13.0.1/guava-13.0.1.pom
[432b6563-d1ed-4e96-bb03-03476d95fd97/build]   | [INFO] Downloaded from central: https://repo.maven.apache.org/maven2/com/google/guava/guava/13.0.1/guava-13.0.1.pom (5.3 kB at 127 kB/s)
[432b6563-d1ed-4e96-bb03-03476d95fd97/build]   | [INFO] Downloading from central: https://repo.maven.apache.org/maven2/com/google/guava/guava-parent/13.0.1/guava-parent-13.0.1.pom
[432b6563-d1ed-4e96-bb03-03476d95fd97/build]   | [INFO] Downloaded from central: https://repo.maven.apache.org/maven2/com/google/guava/guava-parent/13.0.1/guava-parent-13.0.1.pom (2.6 kB at 44 kB/s)
[432b6563-d1ed-4e96-bb03-03476d95fd97/build]   | [INFO] Downloading from central: https://repo.maven.apache.org/maven2/org/sonatype/oss/oss-parent/7/oss-parent-7.pom
[432b6563-d1ed-4e96-bb03-03476d95fd97/build]   | [INFO] Downloaded from central: https://repo.maven.apache.org/maven2/org/sonatype/oss/oss-parent/7/oss-parent-7.pom (4.8 kB at 186 kB/s)
[432b6563-d1ed-4e96-bb03-03476d95fd97/build]   | [INFO] Downloading from central: https://repo.maven.apache.org/maven2/com/itextpdf/itextpdf/5.3.2/itextpdf-5.3.2.pom
[432b6563-d1ed-4e96-bb03-03476d95fd97/build]   | [INFO] Downloaded from central: https://repo.maven.apache.org/maven2/com/itextpdf/itextpdf/5.3.2/itextpdf-5.3.2.pom (5.5 kB at 197 kB/s)
[432b6563-d1ed-4e96-bb03-03476d95fd97/build]   | [INFO] Downloading from central: https://repo.maven.apache.org/maven2/com/itextpdf/itext-parent/1.0.0/itext-parent-1.0.0.pom
[432b6563-d1ed-4e96-bb03-03476d95fd97/build]   | [INFO] Downloaded from central: https://repo.maven.apache.org/maven2/com/itextpdf/itext-parent/1.0.0/itext-parent-1.0.0.pom (3.6 kB at 124 kB/s)
[432b6563-d1ed-4e96-bb03-03476d95fd97/build]   | [INFO] Downloading from central: https://repo.maven.apache.org/maven2/net/java/dev/jna/jna/3.4.0/jna-3.4.0.pom
[432b6563-d1ed-4e96-bb03-03476d95fd97/build]   | [INFO] Downloaded from central: https://repo.maven.apache.org/maven2/net/java/dev/jna/jna/3.4.0/jna-3.4.0.pom (2.2 kB at 55 kB/s)
[432b6563-d1ed-4e96-bb03-03476d95fd97/build]   | [INFO] Downloading from central: https://repo.maven.apache.org/maven2/junit/junit/4.10/junit-4.10.pom
[432b6563-d1ed-4e96-bb03-03476d95fd97/build]   | [INFO] Downloaded from central: https://repo.maven.apache.org/maven2/junit/junit/4.10/junit-4.10.pom (2.3 kB at 63 kB/s)
[432b6563-d1ed-4e96-bb03-03476d95fd97/build]   | [INFO] Downloading from central: https://repo.maven.apache.org/maven2/org/hamcrest/hamcrest-core/1.1/hamcrest-core-1.1.pom
[432b6563-d1ed-4e96-bb03-03476d95fd97/build]   | [INFO] Downloaded from central: https://repo.maven.apache.org/maven2/org/hamcrest/hamcrest-core/1.1/hamcrest-core-1.1.pom (481 B at 11 kB/s)
[432b6563-d1ed-4e96-bb03-03476d95fd97/build]   | [INFO] Downloading from central: https://repo.maven.apache.org/maven2/org/hamcrest/hamcrest-parent/1.1/hamcrest-parent-1.1.pom
[432b6563-d1ed-4e96-bb03-03476d95fd97/build]   | [INFO] Downloaded from central: https://repo.maven.apache.org/maven2/org/hamcrest/hamcrest-parent/1.1/hamcrest-parent-1.1.pom (5.9 kB at 168 kB/s)
[432b6563-d1ed-4e96-bb03-03476d95fd97/build]   | [INFO] Downloading from central: https://repo.maven.apache.org/maven2/org/python/jython/2.5.3/jython-2.5.3.pom
[432b6563-d1ed-4e96-bb03-03476d95fd97/build]   | [INFO] Downloaded from central: https://repo.maven.apache.org/maven2/org/python/jython/2.5.3/jython-2.5.3.pom (1.4 kB at 34 kB/s)
[432b6563-d1ed-4e96-bb03-03476d95fd97/build]   | [INFO] Downloading from central: https://repo.maven.apache.org/maven2/net/sf/opencsv/opencsv/2.3/opencsv-2.3.pom
[432b6563-d1ed-4e96-bb03-03476d95fd97/build]   | [INFO] Downloaded from central: https://repo.maven.apache.org/maven2/net/sf/opencsv/opencsv/2.3/opencsv-2.3.pom (5.4 kB at 109 kB/s)
[432b6563-d1ed-4e96-bb03-03476d95fd97/build]   | [INFO] Downloading from central: https://repo.maven.apache.org/maven2/org/piccolo2d/piccolo2d-core/1.3.1/piccolo2d-core-1.3.1.pom
[432b6563-d1ed-4e96-bb03-03476d95fd97/build]   | [INFO] Downloaded from central: https://repo.maven.apache.org/maven2/org/piccolo2d/piccolo2d-core/1.3.1/piccolo2d-core-1.3.1.pom (6.5 kB at 210 kB/s)
[432b6563-d1ed-4e96-bb03-03476d95fd97/build]   | [INFO] Downloading from central: https://repo.maven.apache.org/maven2/org/piccolo2d/piccolo2d-parent/1.3.1/piccolo2d-parent-1.3.1.pom
[432b6563-d1ed-4e96-bb03-03476d95fd97/build]   | [INFO] Downloaded from central: https://repo.maven.apache.org/maven2/org/piccolo2d/piccolo2d-parent/1.3.1/piccolo2d-parent-1.3.1.pom (13 kB at 257 kB/s)
[432b6563-d1ed-4e96-bb03-03476d95fd97/build]   | [INFO] Downloading from central: https://repo.maven.apache.org/maven2/xom/xom/1.2.5/xom-1.2.5.pom
[432b6563-d1ed-4e96-bb03-03476d95fd97/build]   | [INFO] Downloaded from central: https://repo.maven.apache.org/maven2/xom/xom/1.2.5/xom-1.2.5.pom (1.9 kB at 40 kB/s)
[432b6563-d1ed-4e96-bb03-03476d95fd97/build]   | [INFO] Downloading from central: https://repo.maven.apache.org/maven2/xml-apis/xml-apis/1.3.03/xml-apis-1.3.03.pom
[432b6563-d1ed-4e96-bb03-03476d95fd97/build]   | [INFO] Downloaded from central: https://repo.maven.apache.org/maven2/xml-apis/xml-apis/1.3.03/xml-apis-1.3.03.pom (738 B at 37 kB/s)
[432b6563-d1ed-4e96-bb03-03476d95fd97/build]   | [INFO] Downloading from central: https://repo.maven.apache.org/maven2/org/apache/apache/1/apache-1.pom
[432b6563-d1ed-4e96-bb03-03476d95fd97/build]   | [INFO] Downloaded from central: https://repo.maven.apache.org/maven2/org/apache/apache/1/apache-1.pom (3.4 kB at 107 kB/s)
[432b6563-d1ed-4e96-bb03-03476d95fd97/build]   | [INFO] Downloading from central: https://repo.maven.apache.org/maven2/xerces/xercesImpl/2.8.0/xercesImpl-2.8.0.pom
[432b6563-d1ed-4e96-bb03-03476d95fd97/build]   | [INFO] Downloaded from central: https://repo.maven.apache.org/maven2/xerces/xercesImpl/2.8.0/xercesImpl-2.8.0.pom (1.4 kB at 24 kB/s)
[432b6563-d1ed-4e96-bb03-03476d95fd97/build]   | [INFO] Downloading from central: https://repo.maven.apache.org/maven2/xalan/xalan/2.7.0/xalan-2.7.0.pom
[432b6563-d1ed-4e96-bb03-03476d95fd97/build]   | [INFO] Downloaded from central: https://repo.maven.apache.org/maven2/xalan/xalan/2.7.0/xalan-2.7.0.pom (491 B at 12 kB/s)
[432b6563-d1ed-4e96-bb03-03476d95fd97/build]   | [INFO] Downloading from central: https://repo.maven.apache.org/maven2/xml-apis/xml-apis/2.0.2/xml-apis-2.0.2.pom
[432b6563-d1ed-4e96-bb03-03476d95fd97/build]   | [INFO] Downloaded from central: https://repo.maven.apache.org/maven2/xml-apis/xml-apis/2.0.2/xml-apis-2.0.2.pom (346 B at 6.1 kB/s)
[432b6563-d1ed-4e96-bb03-03476d95fd97/build]   | [INFO] Downloading from central: https://repo.maven.apache.org/maven2/xml-apis/xml-apis/1.0.b2/xml-apis-1.0.b2.pom
[432b6563-d1ed-4e96-bb03-03476d95fd97/build]   | [INFO] Downloaded from central: https://repo.maven.apache.org/maven2/xml-apis/xml-apis/1.0.b2/xml-apis-1.0.b2.pom (2.2 kB at 64 kB/s)
[432b6563-d1ed-4e96-bb03-03476d95fd97/build]   | [INFO] Downloading from central: https://repo.maven.apache.org/maven2/org/clojure/clojure/1.4.0/clojure-1.4.0.jar
[432b6563-d1ed-4e96-bb03-03476d95fd97/build]   | [INFO] Downloading from central: https://repo.maven.apache.org/maven2/com/google/guava/guava/13.0.1/guava-13.0.1.jar
[432b6563-d1ed-4e96-bb03-03476d95fd97/build]   | [INFO] Downloading from central: https://repo.maven.apache.org/maven2/com/itextpdf/itextpdf/5.3.2/itextpdf-5.3.2.jar
[432b6563-d1ed-4e96-bb03-03476d95fd97/build]   | [INFO] Downloading from central: https://repo.maven.apache.org/maven2/net/java/dev/jna/jna/3.4.0/jna-3.4.0.jar
[432b6563-d1ed-4e96-bb03-03476d95fd97/build]   | [INFO] Downloading from central: https://repo.maven.apache.org/maven2/junit/junit/4.10/junit-4.10.jar
[432b6563-d1ed-4e96-bb03-03476d95fd97/build]   | [INFO] Downloaded from central: https://repo.maven.apache.org/maven2/junit/junit/4.10/junit-4.10.jar (253 kB at 3.5 MB/s)
[432b6563-d1ed-4e96-bb03-03476d95fd97/build]   | [INFO] Downloading from central: https://repo.maven.apache.org/maven2/org/hamcrest/hamcrest-core/1.1/hamcrest-core-1.1.jar
[432b6563-d1ed-4e96-bb03-03476d95fd97/build]   | [INFO] Downloaded from central: https://repo.maven.apache.org/maven2/org/hamcrest/hamcrest-core/1.1/hamcrest-core-1.1.jar (77 kB at 751 kB/s)
[432b6563-d1ed-4e96-bb03-03476d95fd97/build]   | [INFO] Downloading from central: https://repo.maven.apache.org/maven2/org/python/jython/2.5.3/jython-2.5.3.jar
[432b6563-d1ed-4e96-bb03-03476d95fd97/build]   | [INFO] Downloaded from central: https://repo.maven.apache.org/maven2/com/itextpdf/itextpdf/5.3.2/itextpdf-5.3.2.jar (1.8 MB at 11 MB/s)
[432b6563-d1ed-4e96-bb03-03476d95fd97/build]   | [INFO] Downloading from central: https://repo.maven.apache.org/maven2/net/sf/opencsv/opencsv/2.3/opencsv-2.3.jar
[432b6563-d1ed-4e96-bb03-03476d95fd97/build]   | [INFO] Downloaded from central: https://repo.maven.apache.org/maven2/net/sf/opencsv/opencsv/2.3/opencsv-2.3.jar (20 kB at 98 kB/s)
[432b6563-d1ed-4e96-bb03-03476d95fd97/build]   | [INFO] Downloading from central: https://repo.maven.apache.org/maven2/org/piccolo2d/piccolo2d-core/1.3.1/piccolo2d-core-1.3.1.jar
[432b6563-d1ed-4e96-bb03-03476d95fd97/build]   | [INFO] Downloaded from central: https://repo.maven.apache.org/maven2/org/piccolo2d/piccolo2d-core/1.3.1/piccolo2d-core-1.3.1.jar (121 kB at 490 kB/s)
[432b6563-d1ed-4e96-bb03-03476d95fd97/build]   | [INFO] Downloading from central: https://repo.maven.apache.org/maven2/xom/xom/1.2.5/xom-1.2.5.jar
[432b6563-d1ed-4e96-bb03-03476d95fd97/build]   | [INFO] Downloaded from central: https://repo.maven.apache.org/maven2/net/java/dev/jna/jna/3.4.0/jna-3.4.0.jar (1.0 MB at 3.1 MB/s)
[432b6563-d1ed-4e96-bb03-03476d95fd97/build]   | [INFO] Downloading from central: https://repo.maven.apache.org/maven2/xml-apis/xml-apis/1.3.03/xml-apis-1.3.03.jar
[432b6563-d1ed-4e96-bb03-03476d95fd97/build]   | [INFO] Downloaded from central: https://repo.maven.apache.org/maven2/xom/xom/1.2.5/xom-1.2.5.jar (309 kB at 930 kB/s)
[432b6563-d1ed-4e96-bb03-03476d95fd97/build]   | [INFO] Downloading from central: https://repo.maven.apache.org/maven2/xerces/xercesImpl/2.8.0/xercesImpl-2.8.0.jar
[432b6563-d1ed-4e96-bb03-03476d95fd97/build]   | [INFO] Downloaded from central: https://repo.maven.apache.org/maven2/xml-apis/xml-apis/1.3.03/xml-apis-1.3.03.jar (195 kB at 479 kB/s)
[432b6563-d1ed-4e96-bb03-03476d95fd97/build]   | [INFO] Downloading from central: https://repo.maven.apache.org/maven2/xalan/xalan/2.7.0/xalan-2.7.0.jar
[432b6563-d1ed-4e96-bb03-03476d95fd97/build]   | [INFO] Downloaded from central: https://repo.maven.apache.org/maven2/org/clojure/clojure/1.4.0/clojure-1.4.0.jar (3.4 MB at 8.2 MB/s)
[432b6563-d1ed-4e96-bb03-03476d95fd97/build]   | [INFO] Downloaded from central: https://repo.maven.apache.org/maven2/com/google/guava/guava/13.0.1/guava-13.0.1.jar (1.9 MB at 4.2 MB/s)
[432b6563-d1ed-4e96-bb03-03476d95fd97/build]   | [INFO] Downloaded from central: https://repo.maven.apache.org/maven2/xerces/xercesImpl/2.8.0/xercesImpl-2.8.0.jar (1.2 MB at 2.5 MB/s)
[432b6563-d1ed-4e96-bb03-03476d95fd97/build]   | [INFO] Downloaded from central: https://repo.maven.apache.org/maven2/org/python/jython/2.5.3/jython-2.5.3.jar (8.3 MB at 13 MB/s)
[432b6563-d1ed-4e96-bb03-03476d95fd97/build]   | [INFO] Downloaded from central: https://repo.maven.apache.org/maven2/xalan/xalan/2.7.0/xalan-2.7.0.jar (2.7 MB at 4.4 MB/s)
[432b6563-d1ed-4e96-bb03-03476d95fd97/build]   | [INFO] 
[432b6563-d1ed-4e96-bb03-03476d95fd97/build]   | [INFO] --- maven-resources-plugin:2.6:resources (default-resources) @ nodebox ---
[432b6563-d1ed-4e96-bb03-03476d95fd97/build]   | [INFO] Downloading from central: https://repo.maven.apache.org/maven2/org/apache/maven/maven-plugin-api/2.0.6/maven-plugin-api-2.0.6.pom
[432b6563-d1ed-4e96-bb03-03476d95fd97/build]   | [INFO] Downloaded from central: https://repo.maven.apache.org/maven2/org/apache/maven/maven-plugin-api/2.0.6/maven-plugin-api-2.0.6.pom (1.5 kB at 56 kB/s)
[432b6563-d1ed-4e96-bb03-03476d95fd97/build]   | [INFO] Downloading from central: https://repo.maven.apache.org/maven2/org/apache/maven/maven/2.0.6/maven-2.0.6.pom
[432b6563-d1ed-4e96-bb03-03476d95fd97/build]   | [INFO] Downloaded from central: https://repo.maven.apache.org/maven2/org/apache/maven/maven/2.0.6/maven-2.0.6.pom (9.0 kB at 312 kB/s)
[432b6563-d1ed-4e96-bb03-03476d95fd97/build]   | [INFO] Downloading from central: https://repo.maven.apache.org/maven2/org/apache/maven/maven-parent/5/maven-parent-5.pom
[432b6563-d1ed-4e96-bb03-03476d95fd97/build]   | [INFO] Downloaded from central: https://repo.maven.apache.org/maven2/org/apache/maven/maven-parent/5/maven-parent-5.pom (15 kB at 564 kB/s)
[432b6563-d1ed-4e96-bb03-03476d95fd97/build]   | [INFO] Downloading from central: https://repo.maven.apache.org/maven2/org/apache/apache/3/apache-3.pom
[432b6563-d1ed-4e96-bb03-03476d95fd97/build]   | [INFO] Downloaded from central: https://repo.maven.apache.org/maven2/org/apache/apache/3/apache-3.pom (3.4 kB at 122 kB/s)
[432b6563-d1ed-4e96-bb03-03476d95fd97/build]   | [INFO] Downloading from central: https://repo.maven.apache.org/maven2/org/apache/maven/maven-project/2.0.6/maven-project-2.0.6.pom
[432b6563-d1ed-4e96-bb03-03476d95fd97/build]   | [INFO] Downloaded from central: https://repo.maven.apache.org/maven2/org/apache/maven/maven-project/2.0.6/maven-project-2.0.6.pom (2.6 kB at 101 kB/s)
[432b6563-d1ed-4e96-bb03-03476d95fd97/build]   | [INFO] Downloading from central: https://repo.maven.apache.org/maven2/org/apache/maven/maven-settings/2.0.6/maven-settings-2.0.6.pom
[432b6563-d1ed-4e96-bb03-03476d95fd97/build]   | [INFO] Downloaded from central: https://repo.maven.apache.org/maven2/org/apache/maven/maven-settings/2.0.6/maven-settings-2.0.6.pom (2.0 kB at 74 kB/s)
[432b6563-d1ed-4e96-bb03-03476d95fd97/build]   | [INFO] Downloading from central: https://repo.maven.apache.org/maven2/org/apache/maven/maven-model/2.0.6/maven-model-2.0.6.pom
[432b6563-d1ed-4e96-bb03-03476d95fd97/build]   | [INFO] Downloaded from central: https://repo.maven.apache.org/maven2/org/apache/maven/maven-model/2.0.6/maven-model-2.0.6.pom (3.0 kB at 105 kB/s)
[432b6563-d1ed-4e96-bb03-03476d95fd97/build]   | [INFO] Downloading from central: https://repo.maven.apache.org/maven2/org/codehaus/plexus/plexus-utils/1.4.1/plexus-utils-1.4.1.pom
[432b6563-d1ed-4e96-bb03-03476d95fd97/build]   | [INFO] Downloaded from central: https://repo.maven.apache.org/maven2/org/codehaus/plexus/plexus-utils/1.4.1/plexus-utils-1.4.1.pom (1.9 kB at 47 kB/s)
[432b6563-d1ed-4e96-bb03-03476d95fd97/build]   | [INFO] Downloading from central: https://repo.maven.apache.org/maven2/org/codehaus/plexus/plexus/1.0.11/plexus-1.0.11.pom
[432b6563-d1ed-4e96-bb03-03476d95fd97/build]   | [INFO] Downloaded from central: https://repo.maven.apache.org/maven2/org/codehaus/plexus/plexus/1.0.11/plexus-1.0.11.pom (9.0 kB at 359 kB/s)
[432b6563-d1ed-4e96-bb03-03476d95fd97/build]   | [INFO] Downloading from central: https://repo.maven.apache.org/maven2/org/codehaus/plexus/plexus-container-default/1.0-alpha-9-stable-1/plexus-container-default-1.0-alpha-9-stable-1.pom
[432b6563-d1ed-4e96-bb03-03476d95fd97/build]   | [INFO] Downloaded from central: https://repo.maven.apache.org/maven2/org/codehaus/plexus/plexus-container-default/1.0-alpha-9-stable-1/plexus-container-default-1.0-alpha-9-stable-1.pom (3.9 kB at 180 kB/s)
[432b6563-d1ed-4e96-bb03-03476d95fd97/build]   | [INFO] Downloading from central: https://repo.maven.apache.org/maven2/org/codehaus/plexus/plexus-containers/1.0.3/plexus-containers-1.0.3.pom
[432b6563-d1ed-4e96-bb03-03476d95fd97/build]   | [INFO] Downloaded from central: https://repo.maven.apache.org/maven2/org/codehaus/plexus/plexus-containers/1.0.3/plexus-containers-1.0.3.pom (492 B at 11 kB/s)
[432b6563-d1ed-4e96-bb03-03476d95fd97/build]   | [INFO] Downloading from central: https://repo.maven.apache.org/maven2/org/codehaus/plexus/plexus/1.0.4/plexus-1.0.4.pom
[432b6563-d1ed-4e96-bb03-03476d95fd97/build]   | [INFO] Downloaded from central: https://repo.maven.apache.org/maven2/org/codehaus/plexus/plexus/1.0.4/plexus-1.0.4.pom (5.7 kB at 179 kB/s)
[432b6563-d1ed-4e96-bb03-03476d95fd97/build]   | [INFO] Downloading from central: https://repo.maven.apache.org/maven2/junit/junit/3.8.1/junit-3.8.1.pom
[432b6563-d1ed-4e96-bb03-03476d95fd97/build]   | [INFO] Downloaded from central: https://repo.maven.apache.org/maven2/junit/junit/3.8.1/junit-3.8.1.pom (998 B at 67 kB/s)
[432b6563-d1ed-4e96-bb03-03476d95fd97/build]   | [INFO] Downloading from central: https://repo.maven.apache.org/maven2/org/codehaus/plexus/plexus-utils/1.0.4/plexus-utils-1.0.4.pom
[432b6563-d1ed-4e96-bb03-03476d95fd97/build]   | [INFO] Downloaded from central: https://repo.maven.apache.org/maven2/org/codehaus/plexus/plexus-utils/1.0.4/plexus-utils-1.0.4.pom (6.9 kB at 208 kB/s)
[432b6563-d1ed-4e96-bb03-03476d95fd97/build]   | [INFO] Downloading from central: https://repo.maven.apache.org/maven2/classworlds/classworlds/1.1-alpha-2/classworlds-1.1-alpha-2.pom
[432b6563-d1ed-4e96-bb03-03476d95fd97/build]   | [INFO] Downloaded from central: https://repo.maven.apache.org/maven2/classworlds/classworlds/1.1-alpha-2/classworlds-1.1-alpha-2.pom (3.1 kB at 101 kB/s)
[432b6563-d1ed-4e96-bb03-03476d95fd97/build]   | [INFO] Downloading from central: https://repo.maven.apache.org/maven2/org/apache/maven/maven-profile/2.0.6/maven-profile-2.0.6.pom
[432b6563-d1ed-4e96-bb03-03476d95fd97/build]   | [INFO] Downloaded from central: https://repo.maven.apache.org/maven2/org/apache/maven/maven-profile/2.0.6/maven-profile-2.0.6.pom (2.0 kB at 86 kB/s)
[432b6563-d1ed-4e96-bb03-03476d95fd97/build]   | [INFO] Downloading from central: https://repo.maven.apache.org/maven2/org/apache/maven/maven-artifact-manager/2.0.6/maven-artifact-manager-2.0.6.pom
[432b6563-d1ed-4e96-bb03-03476d95fd97/build]   | [INFO] Downloaded from central: https://repo.maven.apache.org/maven2/org/apache/maven/maven-artifact-manager/2.0.6/maven-artifact-manager-2.0.6.pom (2.6 kB at 40 kB/s)
[432b6563-d1ed-4e96-bb03-03476d95fd97/build]   | [INFO] Downloading from central: https://repo.maven.apache.org/maven2/org/apache/maven/maven-repository-metadata/2.0.6/maven-repository-metadata-2.0.6.pom
[432b6563-d1ed-4e96-bb03-03476d95fd97/build]   | [INFO] Downloaded from central: https://repo.maven.apache.org/maven2/org/apache/maven/maven-repository-metadata/2.0.6/maven-repository-metadata-2.0.6.pom (1.9 kB at 62 kB/s)
[432b6563-d1ed-4e96-bb03-03476d95fd97/build]   | [INFO] Downloading from central: https://repo.maven.apache.org/maven2/org/apache/maven/maven-artifact/2.0.6/maven-artifact-2.0.6.pom
[432b6563-d1ed-4e96-bb03-03476d95fd97/build]   | [INFO] Downloaded from central: https://repo.maven.apache.org/maven2/org/apache/maven/maven-artifact/2.0.6/maven-artifact-2.0.6.pom (1.6 kB at 49 kB/s)
[432b6563-d1ed-4e96-bb03-03476d95fd97/build]   | [INFO] Downloading from central: https://repo.maven.apache.org/maven2/org/apache/maven/maven-plugin-registry/2.0.6/maven-plugin-registry-2.0.6.pom
[432b6563-d1ed-4e96-bb03-03476d95fd97/build]   | [INFO] Downloaded from central: https://repo.maven.apache.org/maven2/org/apache/maven/maven-plugin-registry/2.0.6/maven-plugin-registry-2.0.6.pom (1.9 kB at 53 kB/s)
[432b6563-d1ed-4e96-bb03-03476d95fd97/build]   | [INFO] Downloading from central: https://repo.maven.apache.org/maven2/org/apache/maven/maven-core/2.0.6/maven-core-2.0.6.pom
[432b6563-d1ed-4e96-bb03-03476d95fd97/build]   | [INFO] Downloaded from central: https://repo.maven.apache.org/maven2/org/apache/maven/maven-core/2.0.6/maven-core-2.0.6.pom (6.7 kB at 124 kB/s)
[432b6563-d1ed-4e96-bb03-03476d95fd97/build]   | [INFO] Downloading from central: https://repo.maven.apache.org/maven2/org/apache/maven/maven-plugin-parameter-documenter/2.0.6/maven-plugin-parameter-documenter-2.0.6.pom
[432b6563-d1ed-4e96-bb03-03476d95fd97/build]   | [INFO] Downloaded from central: https://repo.maven.apache.org/maven2/org/apache/maven/maven-plugin-parameter-documenter/2.0.6/maven-plugin-parameter-documenter-2.0.6.pom (1.9 kB at 40 kB/s)
[432b6563-d1ed-4e96-bb03-03476d95fd97/build]   | [INFO] Downloading from central: https://repo.maven.apache.org/maven2/org/apache/maven/reporting/maven-reporting-api/2.0.6/maven-reporting-api-2.0.6.pom
[432b6563-d1ed-4e96-bb03-03476d95fd97/build]   | [INFO] Downloaded from central: https://repo.maven.apache.org/maven2/org/apache/maven/reporting/maven-reporting-api/2.0.6/maven-reporting-api-2.0.6.pom (1.8 kB at 80 kB/s)
[432b6563-d1ed-4e96-bb03-03476d95fd97/build]   | [INFO] Downloading from central: https://repo.maven.apache.org/maven2/org/apache/maven/reporting/maven-reporting/2.0.6/maven-reporting-2.0.6.pom
[432b6563-d1ed-4e96-bb03-03476d95fd97/build]   | [INFO] Downloaded from central: https://repo.maven.apache.org/maven2/org/apache/maven/reporting/maven-reporting/2.0.6/maven-reporting-2.0.6.pom (1.4 kB at 103 kB/s)
[432b6563-d1ed-4e96-bb03-03476d95fd97/build]   | [INFO] Downloading from central: https://repo.maven.apache.org/maven2/org/apache/maven/doxia/doxia-sink-api/1.0-alpha-7/doxia-sink-api-1.0-alpha-7.pom
[432b6563-d1ed-4e96-bb03-03476d95fd97/build]   | [INFO] Downloaded from central: https://repo.maven.apache.org/maven2/org/apache/maven/doxia/doxia-sink-api/1.0-alpha-7/doxia-sink-api-1.0-alpha-7.pom (424 B at 16 kB/s)
[432b6563-d1ed-4e96-bb03-03476d95fd97/build]   | [INFO] Downloading from central: https://repo.maven.apache.org/maven2/org/apache/maven/doxia/doxia/1.0-alpha-7/doxia-1.0-alpha-7.pom
[432b6563-d1ed-4e96-bb03-03476d95fd97/build]   | [INFO] Downloaded from central: https://repo.maven.apache.org/maven2/org/apache/maven/doxia/doxia/1.0-alpha-7/doxia-1.0-alpha-7.pom (3.9 kB at 206 kB/s)
[432b6563-d1ed-4e96-bb03-03476d95fd97/build]   | [INFO] Downloading from central: https://repo.maven.apache.org/maven2/org/apache/maven/maven-error-diagnostics/2.0.6/maven-error-diagnostics-2.0.6.pom
[432b6563-d1ed-4e96-bb03-03476d95fd97/build]   | [INFO] Downloaded from central: https://repo.maven.apache.org/maven2/org/apache/maven/maven-error-diagnostics/2.0.6/maven-error-diagnostics-2.0.6.pom (1.7 kB at 59 kB/s)
[432b6563-d1ed-4e96-bb03-03476d95fd97/build]   | [INFO] Downloading from central: https://repo.maven.apache.org/maven2/commons-cli/commons-cli/1.0/commons-cli-1.0.pom
[432b6563-d1ed-4e96-bb03-03476d95fd97/build]   | [INFO] Downloaded from central: https://repo.maven.apache.org/maven2/commons-cli/commons-cli/1.0/commons-cli-1.0.pom (2.1 kB at 51 kB/s)
[432b6563-d1ed-4e96-bb03-03476d95fd97/build]   | [INFO] Downloading from central: https://repo.maven.apache.org/maven2/org/apache/maven/maven-plugin-descriptor/2.0.6/maven-plugin-descriptor-2.0.6.pom
[432b6563-d1ed-4e96-bb03-03476d95fd97/build]   | [INFO] Downloaded from central: https://repo.maven.apache.org/maven2/org/apache/maven/maven-plugin-descriptor/2.0.6/maven-plugin-descriptor-2.0.6.pom (2.0 kB at 84 kB/s)
[432b6563-d1ed-4e96-bb03-03476d95fd97/build]   | [INFO] Downloading from central: https://repo.maven.apache.org/maven2/org/codehaus/plexus/plexus-interactivity-api/1.0-alpha-4/plexus-interactivity-api-1.0-alpha-4.pom
[432b6563-d1ed-4e96-bb03-03476d95fd97/build]   | [INFO] Downloaded from central: https://repo.maven.apache.org/maven2/org/codehaus/plexus/plexus-interactivity-api/1.0-alpha-4/plexus-interactivity-api-1.0-alpha-4.pom (7.1 kB at 203 kB/s)
[432b6563-d1ed-4e96-bb03-03476d95fd97/build]   | [INFO] Downloading from central: https://repo.maven.apache.org/maven2/org/apache/maven/maven-monitor/2.0.6/maven-monitor-2.0.6.pom
[432b6563-d1ed-4e96-bb03-03476d95fd97/build]   | [INFO] Downloaded from central: https://repo.maven.apache.org/maven2/org/apache/maven/maven-monitor/2.0.6/maven-monitor-2.0.6.pom (1.3 kB at 38 kB/s)
[432b6563-d1ed-4e96-bb03-03476d95fd97/build]   | [INFO] Downloading from central: https://repo.maven.apache.org/maven2/classworlds/classworlds/1.1/classworlds-1.1.pom
[432b6563-d1ed-4e96-bb03-03476d95fd97/build]   | [INFO] Downloaded from central: https://repo.maven.apache.org/maven2/classworlds/classworlds/1.1/classworlds-1.1.pom (3.3 kB at 111 kB/s)
[432b6563-d1ed-4e96-bb03-03476d95fd97/build]   | [INFO] Downloading from central: https://repo.maven.apache.org/maven2/org/codehaus/plexus/plexus-utils/2.0.5/plexus-utils-2.0.5.pom
[432b6563-d1ed-4e96-bb03-03476d95fd97/build]   | [INFO] Downloaded from central: https://repo.maven.apache.org/maven2/org/codehaus/plexus/plexus-utils/2.0.5/plexus-utils-2.0.5.pom (3.3 kB at 74 kB/s)
[432b6563-d1ed-4e96-bb03-03476d95fd97/build]   | [INFO] Downloading from central: https://repo.maven.apache.org/maven2/org/codehaus/plexus/plexus/2.0.6/plexus-2.0.6.pom
[432b6563-d1ed-4e96-bb03-03476d95fd97/build]   | [INFO] Downloaded from central: https://repo.maven.apache.org/maven2/org/codehaus/plexus/plexus/2.0.6/plexus-2.0.6.pom (17 kB at 559 kB/s)
[432b6563-d1ed-4e96-bb03-03476d95fd97/build]   | [INFO] Downloading from central: https://repo.maven.apache.org/maven2/org/apache/maven/shared/maven-filtering/1.1/maven-filtering-1.1.pom
[432b6563-d1ed-4e96-bb03-03476d95fd97/build]   | [INFO] Downloaded from central: https://repo.maven.apache.org/maven2/org/apache/maven/shared/maven-filtering/1.1/maven-filtering-1.1.pom (5.8 kB at 252 kB/s)
[432b6563-d1ed-4e96-bb03-03476d95fd97/build]   | [INFO] Downloading from central: https://repo.maven.apache.org/maven2/org/apache/maven/shared/maven-shared-components/17/maven-shared-components-17.pom
[432b6563-d1ed-4e96-bb03-03476d95fd97/build]   | [INFO] Downloaded from central: https://repo.maven.apache.org/maven2/org/apache/maven/shared/maven-shared-components/17/maven-shared-components-17.pom (8.7 kB at 256 kB/s)
[432b6563-d1ed-4e96-bb03-03476d95fd97/build]   | [INFO] Downloading from central: https://repo.maven.apache.org/maven2/org/codehaus/plexus/plexus-utils/1.5.15/plexus-utils-1.5.15.pom
[432b6563-d1ed-4e96-bb03-03476d95fd97/build]   | [INFO] Downloaded from central: https://repo.maven.apache.org/maven2/org/codehaus/plexus/plexus-utils/1.5.15/plexus-utils-1.5.15.pom (6.8 kB at 403 kB/s)
[432b6563-d1ed-4e96-bb03-03476d95fd97/build]   | [INFO] Downloading from central: https://repo.maven.apache.org/maven2/org/codehaus/plexus/plexus/2.0.2/plexus-2.0.2.pom
[432b6563-d1ed-4e96-bb03-03476d95fd97/build]   | [INFO] Downloaded from central: https://repo.maven.apache.org/maven2/org/codehaus/plexus/plexus/2.0.2/plexus-2.0.2.pom (12 kB at 400 kB/s)
[432b6563-d1ed-4e96-bb03-03476d95fd97/build]   | [INFO] Downloading from central: https://repo.maven.apache.org/maven2/org/codehaus/plexus/plexus-interpolation/1.12/plexus-interpolation-1.12.pom
[432b6563-d1ed-4e96-bb03-03476d95fd97/build]   | [INFO] Downloaded from central: https://repo.maven.apache.org/maven2/org/codehaus/plexus/plexus-interpolation/1.12/plexus-interpolation-1.12.pom (889 B at 36 kB/s)
[432b6563-d1ed-4e96-bb03-03476d95fd97/build]   | [INFO] Downloading from central: https://repo.maven.apache.org/maven2/org/codehaus/plexus/plexus-components/1.1.14/plexus-components-1.1.14.pom
[432b6563-d1ed-4e96-bb03-03476d95fd97/build]   | [INFO] Downloaded from central: https://repo.maven.apache.org/maven2/org/codehaus/plexus/plexus-components/1.1.14/plexus-components-1.1.14.pom (5.8 kB at 216 kB/s)
[432b6563-d1ed-4e96-bb03-03476d95fd97/build]   | [INFO] Downloading from central: https://repo.maven.apache.org/maven2/org/sonatype/plexus/plexus-build-api/0.0.4/plexus-build-api-0.0.4.pom
[432b6563-d1ed-4e96-bb03-03476d95fd97/build]   | [INFO] Downloaded from central: https://repo.maven.apache.org/maven2/org/sonatype/plexus/plexus-build-api/0.0.4/plexus-build-api-0.0.4.pom (2.9 kB at 95 kB/s)
[432b6563-d1ed-4e96-bb03-03476d95fd97/build]   | [INFO] Downloading from central: https://repo.maven.apache.org/maven2/org/sonatype/spice/spice-parent/10/spice-parent-10.pom
[432b6563-d1ed-4e96-bb03-03476d95fd97/build]   | [INFO] Downloaded from central: https://repo.maven.apache.org/maven2/org/sonatype/spice/spice-parent/10/spice-parent-10.pom (3.0 kB at 86 kB/s)
[432b6563-d1ed-4e96-bb03-03476d95fd97/build]   | [INFO] Downloading from central: https://repo.maven.apache.org/maven2/org/sonatype/forge/forge-parent/3/forge-parent-3.pom
[432b6563-d1ed-4e96-bb03-03476d95fd97/build]   | [INFO] Downloaded from central: https://repo.maven.apache.org/maven2/org/sonatype/forge/forge-parent/3/forge-parent-3.pom (5.0 kB at 180 kB/s)
[432b6563-d1ed-4e96-bb03-03476d95fd97/build]   | [INFO] Downloading from central: https://repo.maven.apache.org/maven2/org/codehaus/plexus/plexus-utils/1.5.8/plexus-utils-1.5.8.pom
[432b6563-d1ed-4e96-bb03-03476d95fd97/build]   | [INFO] Downloaded from central: https://repo.maven.apache.org/maven2/org/codehaus/plexus/plexus-utils/1.5.8/plexus-utils-1.5.8.pom (8.1 kB at 230 kB/s)
[432b6563-d1ed-4e96-bb03-03476d95fd97/build]   | [INFO] Downloading from central: https://repo.maven.apache.org/maven2/org/codehaus/plexus/plexus-interpolation/1.13/plexus-interpolation-1.13.pom
[432b6563-d1ed-4e96-bb03-03476d95fd97/build]   | [INFO] Downloaded from central: https://repo.maven.apache.org/maven2/org/codehaus/plexus/plexus-interpolation/1.13/plexus-interpolation-1.13.pom (890 B at 34 kB/s)
[432b6563-d1ed-4e96-bb03-03476d95fd97/build]   | [INFO] Downloading from central: https://repo.maven.apache.org/maven2/org/codehaus/plexus/plexus-components/1.1.15/plexus-components-1.1.15.pom
[432b6563-d1ed-4e96-bb03-03476d95fd97/build]   | [INFO] Downloaded from central: https://repo.maven.apache.org/maven2/org/codehaus/plexus/plexus-components/1.1.15/plexus-components-1.1.15.pom (2.8 kB at 51 kB/s)
[432b6563-d1ed-4e96-bb03-03476d95fd97/build]   | [INFO] Downloading from central: https://repo.maven.apache.org/maven2/org/codehaus/plexus/plexus/2.0.3/plexus-2.0.3.pom
[432b6563-d1ed-4e96-bb03-03476d95fd97/build]   | [INFO] Downloaded from central: https://repo.maven.apache.org/maven2/org/codehaus/plexus/plexus/2.0.3/plexus-2.0.3.pom (15 kB at 218 kB/s)
[432b6563-d1ed-4e96-bb03-03476d95fd97/build]   | [INFO] Downloading from central: https://repo.maven.apache.org/maven2/org/apache/maven/maven-plugin-api/2.0.6/maven-plugin-api-2.0.6.jar
[432b6563-d1ed-4e96-bb03-03476d95fd97/build]   | [INFO] Downloading from central: https://repo.maven.apache.org/maven2/org/apache/maven/maven-project/2.0.6/maven-project-2.0.6.jar
[432b6563-d1ed-4e96-bb03-03476d95fd97/build]   | [INFO] Downloading from central: https://repo.maven.apache.org/maven2/org/apache/maven/maven-profile/2.0.6/maven-profile-2.0.6.jar
[432b6563-d1ed-4e96-bb03-03476d95fd97/build]   | [INFO] Downloading from central: https://repo.maven.apache.org/maven2/org/apache/maven/maven-artifact-manager/2.0.6/maven-artifact-manager-2.0.6.jar
[432b6563-d1ed-4e96-bb03-03476d95fd97/build]   | [INFO] Downloading from central: https://repo.maven.apache.org/maven2/org/apache/maven/maven-plugin-registry/2.0.6/maven-plugin-registry-2.0.6.jar
[432b6563-d1ed-4e96-bb03-03476d95fd97/build]   | [INFO] Downloaded from central: https://repo.maven.apache.org/maven2/org/apache/maven/maven-artifact-manager/2.0.6/maven-artifact-manager-2.0.6.jar (57 kB at 2.0 MB/s)
[432b6563-d1ed-4e96-bb03-03476d95fd97/build]   | [INFO] Downloading from central: https://repo.maven.apache.org/maven2/org/apache/maven/maven-core/2.0.6/maven-core-2.0.6.jar
[432b6563-d1ed-4e96-bb03-03476d95fd97/build]   | [INFO] Downloaded from central: https://repo.maven.apache.org/maven2/org/apache/maven/maven-plugin-api/2.0.6/maven-plugin-api-2.0.6.jar (13 kB at 429 kB/s)
[432b6563-d1ed-4e96-bb03-03476d95fd97/build]   | [INFO] Downloading from central: https://repo.maven.apache.org/maven2/org/apache/maven/maven-plugin-parameter-documenter/2.0.6/maven-plugin-parameter-documenter-2.0.6.jar
[432b6563-d1ed-4e96-bb03-03476d95fd97/build]   | [INFO] Downloaded from central: https://repo.maven.apache.org/maven2/org/apache/maven/maven-project/2.0.6/maven-project-2.0.6.jar (116 kB at 3.5 MB/s)
[432b6563-d1ed-4e96-bb03-03476d95fd97/build]   | [INFO] Downloaded from central: https://repo.maven.apache.org/maven2/org/apache/maven/maven-profile/2.0.6/maven-profile-2.0.6.jar (35 kB at 1.1 MB/s)
[432b6563-d1ed-4e96-bb03-03476d95fd97/build]   | [INFO] Downloading from central: https://repo.maven.apache.org/maven2/org/apache/maven/reporting/maven-reporting-api/2.0.6/maven-reporting-api-2.0.6.jar
[432b6563-d1ed-4e96-bb03-03476d95fd97/build]   | [INFO] Downloading from central: https://repo.maven.apache.org/maven2/org/apache/maven/doxia/doxia-sink-api/1.0-alpha-7/doxia-sink-api-1.0-alpha-7.jar
[432b6563-d1ed-4e96-bb03-03476d95fd97/build]   | [INFO] Downloaded from central: https://repo.maven.apache.org/maven2/org/apache/maven/maven-plugin-registry/2.0.6/maven-plugin-registry-2.0.6.jar (29 kB at 851 kB/s)
[432b6563-d1ed-4e96-bb03-03476d95fd97/build]   | [INFO] Downloading from central: https://repo.maven.apache.org/maven2/org/apache/maven/maven-repository-metadata/2.0.6/maven-repository-metadata-2.0.6.jar
[432b6563-d1ed-4e96-bb03-03476d95fd97/build]   | [INFO] Downloaded from central: https://repo.maven.apache.org/maven2/org/apache/maven/maven-core/2.0.6/maven-core-2.0.6.jar (152 kB at 2.7 MB/s)
[432b6563-d1ed-4e96-bb03-03476d95fd97/build]   | [INFO] Downloading from central: https://repo.maven.apache.org/maven2/org/apache/maven/maven-error-diagnostics/2.0.6/maven-error-diagnostics-2.0.6.jar
[432b6563-d1ed-4e96-bb03-03476d95fd97/build]   | [INFO] Downloaded from central: https://repo.maven.apache.org/maven2/org/apache/maven/doxia/doxia-sink-api/1.0-alpha-7/doxia-sink-api-1.0-alpha-7.jar (5.9 kB at 108 kB/s)
[432b6563-d1ed-4e96-bb03-03476d95fd97/build]   | [INFO] Downloading from central: https://repo.maven.apache.org/maven2/commons-cli/commons-cli/1.0/commons-cli-1.0.jar
[432b6563-d1ed-4e96-bb03-03476d95fd97/build]   | [INFO] Downloaded from central: https://repo.maven.apache.org/maven2/org/apache/maven/reporting/maven-reporting-api/2.0.6/maven-reporting-api-2.0.6.jar (9.9 kB at 168 kB/s)
[432b6563-d1ed-4e96-bb03-03476d95fd97/build]   | [INFO] Downloading from central: https://repo.maven.apache.org/maven2/org/apache/maven/maven-plugin-descriptor/2.0.6/maven-plugin-descriptor-2.0.6.jar
[432b6563-d1ed-4e96-bb03-03476d95fd97/build]   | [INFO] Downloaded from central: https://repo.maven.apache.org/maven2/org/apache/maven/maven-plugin-parameter-documenter/2.0.6/maven-plugin-parameter-documenter-2.0.6.jar (21 kB at 352 kB/s)
[432b6563-d1ed-4e96-bb03-03476d95fd97/build]   | [INFO] Downloading from central: https://repo.maven.apache.org/maven2/org/codehaus/plexus/plexus-interactivity-api/1.0-alpha-4/plexus-interactivity-api-1.0-alpha-4.jar
[432b6563-d1ed-4e96-bb03-03476d95fd97/build]   | [INFO] Downloaded from central: https://repo.maven.apache.org/maven2/org/apache/maven/maven-repository-metadata/2.0.6/maven-repository-metadata-2.0.6.jar (24 kB at 401 kB/s)
[432b6563-d1ed-4e96-bb03-03476d95fd97/build]   | [INFO] Downloading from central: https://repo.maven.apache.org/maven2/classworlds/classworlds/1.1/classworlds-1.1.jar
[432b6563-d1ed-4e96-bb03-03476d95fd97/build]   | [INFO] Downloaded from central: https://repo.maven.apache.org/maven2/commons-cli/commons-cli/1.0/commons-cli-1.0.jar (30 kB at 372 kB/s)
[432b6563-d1ed-4e96-bb03-03476d95fd97/build]   | [INFO] Downloading from central: https://repo.maven.apache.org/maven2/org/apache/maven/maven-artifact/2.0.6/maven-artifact-2.0.6.jar
[432b6563-d1ed-4e96-bb03-03476d95fd97/build]   | [INFO] Downloaded from central: https://repo.maven.apache.org/maven2/org/apache/maven/maven-error-diagnostics/2.0.6/maven-error-diagnostics-2.0.6.jar (14 kB at 156 kB/s)
[432b6563-d1ed-4e96-bb03-03476d95fd97/build]   | [INFO] Downloading from central: https://repo.maven.apache.org/maven2/org/apache/maven/maven-settings/2.0.6/maven-settings-2.0.6.jar
[432b6563-d1ed-4e96-bb03-03476d95fd97/build]   | [INFO] Downloaded from central: https://repo.maven.apache.org/maven2/classworlds/classworlds/1.1/classworlds-1.1.jar (38 kB at 421 kB/s)
[432b6563-d1ed-4e96-bb03-03476d95fd97/build]   | [INFO] Downloading from central: https://repo.maven.apache.org/maven2/org/apache/maven/maven-model/2.0.6/maven-model-2.0.6.jar
[432b6563-d1ed-4e96-bb03-03476d95fd97/build]   | [INFO] Downloaded from central: https://repo.maven.apache.org/maven2/org/codehaus/plexus/plexus-interactivity-api/1.0-alpha-4/plexus-interactivity-api-1.0-alpha-4.jar (13 kB at 143 kB/s)
[432b6563-d1ed-4e96-bb03-03476d95fd97/build]   | [INFO] Downloading from central: https://repo.maven.apache.org/maven2/org/apache/maven/maven-monitor/2.0.6/maven-monitor-2.0.6.jar
[432b6563-d1ed-4e96-bb03-03476d95fd97/build]   | [INFO] Downloaded from central: https://repo.maven.apache.org/maven2/org/apache/maven/maven-plugin-descriptor/2.0.6/maven-plugin-descriptor-2.0.6.jar (37 kB at 388 kB/s)
[432b6563-d1ed-4e96-bb03-03476d95fd97/build]   | [INFO] Downloading from central: https://repo.maven.apache.org/maven2/org/codehaus/plexus/plexus-container-default/1.0-alpha-9-stable-1/plexus-container-default-1.0-alpha-9-stable-1.jar
[432b6563-d1ed-4e96-bb03-03476d95fd97/build]   | [INFO] Downloaded from central: https://repo.maven.apache.org/maven2/org/apache/maven/maven-artifact/2.0.6/maven-artifact-2.0.6.jar (87 kB at 773 kB/s)
[432b6563-d1ed-4e96-bb03-03476d95fd97/build]   | [INFO] Downloaded from central: https://repo.maven.apache.org/maven2/org/apache/maven/maven-settings/2.0.6/maven-settings-2.0.6.jar (49 kB at 435 kB/s)
[432b6563-d1ed-4e96-bb03-03476d95fd97/build]   | [INFO] Downloading from central: https://repo.maven.apache.org/maven2/junit/junit/3.8.1/junit-3.8.1.jar
[432b6563-d1ed-4e96-bb03-03476d95fd97/build]   | [INFO] Downloading from central: https://repo.maven.apache.org/maven2/org/codehaus/plexus/plexus-utils/2.0.5/plexus-utils-2.0.5.jar
[432b6563-d1ed-4e96-bb03-03476d95fd97/build]   | [INFO] Downloaded from central: https://repo.maven.apache.org/maven2/org/apache/maven/maven-monitor/2.0.6/maven-monitor-2.0.6.jar (10 kB at 85 kB/s)
[432b6563-d1ed-4e96-bb03-03476d95fd97/build]   | [INFO] Downloading from central: https://repo.maven.apache.org/maven2/org/apache/maven/shared/maven-filtering/1.1/maven-filtering-1.1.jar
[432b6563-d1ed-4e96-bb03-03476d95fd97/build]   | [INFO] Downloaded from central: https://repo.maven.apache.org/maven2/org/apache/maven/maven-model/2.0.6/maven-model-2.0.6.jar (86 kB at 708 kB/s)
[432b6563-d1ed-4e96-bb03-03476d95fd97/build]   | [INFO] Downloading from central: https://repo.maven.apache.org/maven2/org/sonatype/plexus/plexus-build-api/0.0.4/plexus-build-api-0.0.4.jar
[432b6563-d1ed-4e96-bb03-03476d95fd97/build]   | [INFO] Downloaded from central: https://repo.maven.apache.org/maven2/org/codehaus/plexus/plexus-container-default/1.0-alpha-9-stable-1/plexus-container-default-1.0-alpha-9-stable-1.jar (194 kB at 1.6 MB/s)
[432b6563-d1ed-4e96-bb03-03476d95fd97/build]   | [INFO] Downloading from central: https://repo.maven.apache.org/maven2/org/codehaus/plexus/plexus-interpolation/1.13/plexus-interpolation-1.13.jar
[432b6563-d1ed-4e96-bb03-03476d95fd97/build]   | [INFO] Downloaded from central: https://repo.maven.apache.org/maven2/org/codehaus/plexus/plexus-interpolation/1.13/plexus-interpolation-1.13.jar (61 kB at 424 kB/s)
[432b6563-d1ed-4e96-bb03-03476d95fd97/build]   | [INFO] Downloaded from central: https://repo.maven.apache.org/maven2/org/sonatype/plexus/plexus-build-api/0.0.4/plexus-build-api-0.0.4.jar (6.8 kB at 47 kB/s)
[432b6563-d1ed-4e96-bb03-03476d95fd97/build]   | [INFO] Downloaded from central: https://repo.maven.apache.org/maven2/junit/junit/3.8.1/junit-3.8.1.jar (121 kB at 818 kB/s)
[432b6563-d1ed-4e96-bb03-03476d95fd97/build]   | [INFO] Downloaded from central: https://repo.maven.apache.org/maven2/org/apache/maven/shared/maven-filtering/1.1/maven-filtering-1.1.jar (43 kB at 291 kB/s)
[432b6563-d1ed-4e96-bb03-03476d95fd97/build]   | [INFO] Downloaded from central: https://repo.maven.apache.org/maven2/org/codehaus/plexus/plexus-utils/2.0.5/plexus-utils-2.0.5.jar (223 kB at 1.5 MB/s)
[432b6563-d1ed-4e96-bb03-03476d95fd97/build]   | [WARNING] Using platform encoding (UTF-8 actually) to copy filtered resources, i.e. build is platform dependent!
[432b6563-d1ed-4e96-bb03-03476d95fd97/build]   | [INFO] skip non existing resourceDirectory /tmp/74714d8e-6ec5-4d22-91d4-dc13019faf91/src/main/resources
[432b6563-d1ed-4e96-bb03-03476d95fd97/build]   | [INFO] 
[432b6563-d1ed-4e96-bb03-03476d95fd97/build]   | [INFO] --- maven-compiler-plugin:2.5.1:compile (default-compile) @ nodebox ---
[432b6563-d1ed-4e96-bb03-03476d95fd97/build]   | [INFO] Downloading from central: https://repo.maven.apache.org/maven2/org/apache/maven/maven-plugin-api/2.0.9/maven-plugin-api-2.0.9.pom
[432b6563-d1ed-4e96-bb03-03476d95fd97/build]   | [INFO] Downloaded from central: https://repo.maven.apache.org/maven2/org/apache/maven/maven-plugin-api/2.0.9/maven-plugin-api-2.0.9.pom (1.5 kB at 62 kB/s)
[432b6563-d1ed-4e96-bb03-03476d95fd97/build]   | [INFO] Downloading from central: https://repo.maven.apache.org/maven2/org/apache/maven/maven/2.0.9/maven-2.0.9.pom
[432b6563-d1ed-4e96-bb03-03476d95fd97/build]   | [INFO] Downloaded from central: https://repo.maven.apache.org/maven2/org/apache/maven/maven/2.0.9/maven-2.0.9.pom (19 kB at 756 kB/s)
[432b6563-d1ed-4e96-bb03-03476d95fd97/build]   | [INFO] Downloading from central: https://repo.maven.apache.org/maven2/org/apache/maven/maven-parent/8/maven-parent-8.pom
[432b6563-d1ed-4e96-bb03-03476d95fd97/build]   | [INFO] Downloaded from central: https://repo.maven.apache.org/maven2/org/apache/maven/maven-parent/8/maven-parent-8.pom (24 kB at 965 kB/s)
[432b6563-d1ed-4e96-bb03-03476d95fd97/build]   | [INFO] Downloading from central: https://repo.maven.apache.org/maven2/org/apache/apache/4/apache-4.pom
[432b6563-d1ed-4e96-bb03-03476d95fd97/build]   | [INFO] Downloaded from central: https://repo.maven.apache.org/maven2/org/apache/apache/4/apache-4.pom (4.5 kB at 128 kB/s)
[432b6563-d1ed-4e96-bb03-03476d95fd97/build]   | [INFO] Downloading from central: https://repo.maven.apache.org/maven2/org/apache/maven/maven-artifact/2.0.9/maven-artifact-2.0.9.pom
[432b6563-d1ed-4e96-bb03-03476d95fd97/build]   | [INFO] Downloaded from central: https://repo.maven.apache.org/maven2/org/apache/maven/maven-artifact/2.0.9/maven-artifact-2.0.9.pom (1.6 kB at 60 kB/s)
[432b6563-d1ed-4e96-bb03-03476d95fd97/build]   | [INFO] Downloading from central: https://repo.maven.apache.org/maven2/org/codehaus/plexus/plexus-utils/1.5.1/plexus-utils-1.5.1.pom
[432b6563-d1ed-4e96-bb03-03476d95fd97/build]   | [INFO] Downloaded from central: https://repo.maven.apache.org/maven2/org/codehaus/plexus/plexus-utils/1.5.1/plexus-utils-1.5.1.pom (2.3 kB at 66 kB/s)
[432b6563-d1ed-4e96-bb03-03476d95fd97/build]   | [INFO] Downloading from central: https://repo.maven.apache.org/maven2/org/apache/maven/maven-core/2.0.9/maven-core-2.0.9.pom
[432b6563-d1ed-4e96-bb03-03476d95fd97/build]   | [INFO] Downloaded from central: https://repo.maven.apache.org/maven2/org/apache/maven/maven-core/2.0.9/maven-core-2.0.9.pom (7.8 kB at 278 kB/s)
[432b6563-d1ed-4e96-bb03-03476d95fd97/build]   | [INFO] Downloading from central: https://repo.maven.apache.org/maven2/org/apache/maven/maven-settings/2.0.9/maven-settings-2.0.9.pom
[432b6563-d1ed-4e96-bb03-03476d95fd97/build]   | [INFO] Downloaded from central: https://repo.maven.apache.org/maven2/org/apache/maven/maven-settings/2.0.9/maven-settings-2.0.9.pom (2.1 kB at 56 kB/s)
[432b6563-d1ed-4e96-bb03-03476d95fd97/build]   | [INFO] Downloading from central: https://repo.maven.apache.org/maven2/org/apache/maven/maven-model/2.0.9/maven-model-2.0.9.pom
[432b6563-d1ed-4e96-bb03-03476d95fd97/build]   | [INFO] Downloaded from central: https://repo.maven.apache.org/maven2/org/apache/maven/maven-model/2.0.9/maven-model-2.0.9.pom (3.1 kB at 105 kB/s)
[432b6563-d1ed-4e96-bb03-03476d95fd97/build]   | [INFO] Downloading from central: https://repo.maven.apache.org/maven2/org/apache/maven/maven-plugin-parameter-documenter/2.0.9/maven-plugin-parameter-documenter-2.0.9.pom
[432b6563-d1ed-4e96-bb03-03476d95fd97/build]   | [INFO] Downloaded from central: https://repo.maven.apache.org/maven2/org/apache/maven/maven-plugin-parameter-documenter/2.0.9/maven-plugin-parameter-documenter-2.0.9.pom (2.0 kB at 76 kB/s)
[432b6563-d1ed-4e96-bb03-03476d95fd97/build]   | [INFO] Downloading from central: https://repo.maven.apache.org/maven2/org/apache/maven/maven-profile/2.0.9/maven-profile-2.0.9.pom
[432b6563-d1ed-4e96-bb03-03476d95fd97/build]   | [INFO] Downloaded from central: https://repo.maven.apache.org/maven2/org/apache/maven/maven-profile/2.0.9/maven-profile-2.0.9.pom (2.0 kB at 59 kB/s)
[432b6563-d1ed-4e96-bb03-03476d95fd97/build]   | [INFO] Downloading from central: https://repo.maven.apache.org/maven2/org/apache/maven/maven-repository-metadata/2.0.9/maven-repository-metadata-2.0.9.pom
[432b6563-d1ed-4e96-bb03-03476d95fd97/build]   | [INFO] Downloaded from central: https://repo.maven.apache.org/maven2/org/apache/maven/maven-repository-metadata/2.0.9/maven-repository-metadata-2.0.9.pom (1.9 kB at 79 kB/s)
[432b6563-d1ed-4e96-bb03-03476d95fd97/build]   | [INFO] Downloading from central: https://repo.maven.apache.org/maven2/org/apache/maven/maven-error-diagnostics/2.0.9/maven-error-diagnostics-2.0.9.pom
[432b6563-d1ed-4e96-bb03-03476d95fd97/build]   | [INFO] Downloaded from central: https://repo.maven.apache.org/maven2/org/apache/maven/maven-error-diagnostics/2.0.9/maven-error-diagnostics-2.0.9.pom (1.7 kB at 62 kB/s)
[432b6563-d1ed-4e96-bb03-03476d95fd97/build]   | [INFO] Downloading from central: https://repo.maven.apache.org/maven2/org/apache/maven/maven-project/2.0.9/maven-project-2.0.9.pom
[432b6563-d1ed-4e96-bb03-03476d95fd97/build]   | [INFO] Downloaded from central: https://repo.maven.apache.org/maven2/org/apache/maven/maven-project/2.0.9/maven-project-2.0.9.pom (2.7 kB at 33 kB/s)
[432b6563-d1ed-4e96-bb03-03476d95fd97/build]   | [INFO] Downloading from central: https://repo.maven.apache.org/maven2/org/apache/maven/maven-artifact-manager/2.0.9/maven-artifact-manager-2.0.9.pom
[432b6563-d1ed-4e96-bb03-03476d95fd97/build]   | [INFO] Downloaded from central: https://repo.maven.apache.org/maven2/org/apache/maven/maven-artifact-manager/2.0.9/maven-artifact-manager-2.0.9.pom (2.7 kB at 36 kB/s)
[432b6563-d1ed-4e96-bb03-03476d95fd97/build]   | [INFO] Downloading from central: https://repo.maven.apache.org/maven2/org/apache/maven/maven-plugin-registry/2.0.9/maven-plugin-registry-2.0.9.pom
[432b6563-d1ed-4e96-bb03-03476d95fd97/build]   | [INFO] Downloaded from central: https://repo.maven.apache.org/maven2/org/apache/maven/maven-plugin-registry/2.0.9/maven-plugin-registry-2.0.9.pom (2.0 kB at 58 kB/s)
[432b6563-d1ed-4e96-bb03-03476d95fd97/build]   | [INFO] Downloading from central: https://repo.maven.apache.org/maven2/org/apache/maven/maven-plugin-descriptor/2.0.9/maven-plugin-descriptor-2.0.9.pom
[432b6563-d1ed-4e96-bb03-03476d95fd97/build]   | [INFO] Downloaded from central: https://repo.maven.apache.org/maven2/org/apache/maven/maven-plugin-descriptor/2.0.9/maven-plugin-descriptor-2.0.9.pom (2.1 kB at 61 kB/s)
[432b6563-d1ed-4e96-bb03-03476d95fd97/build]   | [INFO] Downloading from central: https://repo.maven.apache.org/maven2/org/apache/maven/maven-monitor/2.0.9/maven-monitor-2.0.9.pom
[432b6563-d1ed-4e96-bb03-03476d95fd97/build]   | [INFO] Downloaded from central: https://repo.maven.apache.org/maven2/org/apache/maven/maven-monitor/2.0.9/maven-monitor-2.0.9.pom (1.3 kB at 46 kB/s)
[432b6563-d1ed-4e96-bb03-03476d95fd97/build]   | [INFO] Downloading from central: https://repo.maven.apache.org/maven2/org/apache/maven/maven-toolchain/1.0/maven-toolchain-1.0.pom
[432b6563-d1ed-4e96-bb03-03476d95fd97/build]   | [INFO] Downloaded from central: https://repo.maven.apache.org/maven2/org/apache/maven/maven-toolchain/1.0/maven-toolchain-1.0.pom (3.4 kB at 90 kB/s)
[432b6563-d1ed-4e96-bb03-03476d95fd97/build]   | [INFO] Downloading from central: https://repo.maven.apache.org/maven2/org/codehaus/plexus/plexus-utils/3.0/plexus-utils-3.0.pom
[432b6563-d1ed-4e96-bb03-03476d95fd97/build]   | [INFO] Downloaded from central: https://repo.maven.apache.org/maven2/org/codehaus/plexus/plexus-utils/3.0/plexus-utils-3.0.pom (4.1 kB at 104 kB/s)
[432b6563-d1ed-4e96-bb03-03476d95fd97/build]   | [INFO] Downloading from central: https://repo.maven.apache.org/maven2/org/sonatype/spice/spice-parent/16/spice-parent-16.pom
[432b6563-d1ed-4e96-bb03-03476d95fd97/build]   | [INFO] Downloaded from central: https://repo.maven.apache.org/maven2/org/sonatype/spice/spice-parent/16/spice-parent-16.pom (8.4 kB at 246 kB/s)
[432b6563-d1ed-4e96-bb03-03476d95fd97/build]   | [INFO] Downloading from central: https://repo.maven.apache.org/maven2/org/sonatype/forge/forge-parent/5/forge-parent-5.pom
[432b6563-d1ed-4e96-bb03-03476d95fd97/build]   | [INFO] Downloaded from central: https://repo.maven.apache.org/maven2/org/sonatype/forge/forge-parent/5/forge-parent-5.pom (8.4 kB at 178 kB/s)
[432b6563-d1ed-4e96-bb03-03476d95fd97/build]   | [INFO] Downloading from central: https://repo.maven.apache.org/maven2/org/codehaus/plexus/plexus-compiler-api/1.9.1/plexus-compiler-api-1.9.1.pom
[432b6563-d1ed-4e96-bb03-03476d95fd97/build]   | [INFO] Downloaded from central: https://repo.maven.apache.org/maven2/org/codehaus/plexus/plexus-compiler-api/1.9.1/plexus-compiler-api-1.9.1.pom (867 B at 23 kB/s)
[432b6563-d1ed-4e96-bb03-03476d95fd97/build]   | [INFO] Downloading from central: https://repo.maven.apache.org/maven2/org/codehaus/plexus/plexus-compiler/1.9.1/plexus-compiler-1.9.1.pom
[432b6563-d1ed-4e96-bb03-03476d95fd97/build]   | [INFO] Downloaded from central: https://repo.maven.apache.org/maven2/org/codehaus/plexus/plexus-compiler/1.9.1/plexus-compiler-1.9.1.pom (3.8 kB at 113 kB/s)
[432b6563-d1ed-4e96-bb03-03476d95fd97/build]   | [INFO] Downloading from central: https://repo.maven.apache.org/maven2/org/codehaus/plexus/plexus-components/1.1.20/plexus-components-1.1.20.pom
[432b6563-d1ed-4e96-bb03-03476d95fd97/build]   | [INFO] Downloaded from central: https://repo.maven.apache.org/maven2/org/codehaus/plexus/plexus-components/1.1.20/plexus-components-1.1.20.pom (3.0 kB at 64 kB/s)
[432b6563-d1ed-4e96-bb03-03476d95fd97/build]   | [INFO] Downloading from central: https://repo.maven.apache.org/maven2/org/codehaus/plexus/plexus/3.1/plexus-3.1.pom
[432b6563-d1ed-4e96-bb03-03476d95fd97/build]   | [INFO] Downloaded from central: https://repo.maven.apache.org/maven2/org/codehaus/plexus/plexus/3.1/plexus-3.1.pom (19 kB at 716 kB/s)
[432b6563-d1ed-4e96-bb03-03476d95fd97/build]   | [INFO] Downloading from central: https://repo.maven.apache.org/maven2/org/sonatype/spice/spice-parent/17/spice-parent-17.pom
[432b6563-d1ed-4e96-bb03-03476d95fd97/build]   | [INFO] Downloaded from central: https://repo.maven.apache.org/maven2/org/sonatype/spice/spice-parent/17/spice-parent-17.pom (6.8 kB at 241 kB/s)
[432b6563-d1ed-4e96-bb03-03476d95fd97/build]   | [INFO] Downloading from central: https://repo.maven.apache.org/maven2/org/sonatype/forge/forge-parent/10/forge-parent-10.pom
[432b6563-d1ed-4e96-bb03-03476d95fd97/build]   | [INFO] Downloaded from central: https://repo.maven.apache.org/maven2/org/sonatype/forge/forge-parent/10/forge-parent-10.pom (14 kB at 308 kB/s)
[432b6563-d1ed-4e96-bb03-03476d95fd97/build]   | [INFO] Downloading from central: https://repo.maven.apache.org/maven2/org/codehaus/plexus/plexus-compiler-manager/1.9.1/plexus-compiler-manager-1.9.1.pom
[432b6563-d1ed-4e96-bb03-03476d95fd97/build]   | [INFO] Downloaded from central: https://repo.maven.apache.org/maven2/org/codehaus/plexus/plexus-compiler-manager/1.9.1/plexus-compiler-manager-1.9.1.pom (692 B at 18 kB/s)
[432b6563-d1ed-4e96-bb03-03476d95fd97/build]   | [INFO] Downloading from central: https://repo.maven.apache.org/maven2/org/codehaus/plexus/plexus-compiler-javac/1.9.1/plexus-compiler-javac-1.9.1.pom
[432b6563-d1ed-4e96-bb03-03476d95fd97/build]   | [INFO] Downloaded from central: https://repo.maven.apache.org/maven2/org/codehaus/plexus/plexus-compiler-javac/1.9.1/plexus-compiler-javac-1.9.1.pom (688 B at 20 kB/s)
[432b6563-d1ed-4e96-bb03-03476d95fd97/build]   | [INFO] Downloading from central: https://repo.maven.apache.org/maven2/org/codehaus/plexus/plexus-compilers/1.9.1/plexus-compilers-1.9.1.pom
[432b6563-d1ed-4e96-bb03-03476d95fd97/build]   | [INFO] Downloaded from central: https://repo.maven.apache.org/maven2/org/codehaus/plexus/plexus-compilers/1.9.1/plexus-compilers-1.9.1.pom (1.2 kB at 20 kB/s)
[432b6563-d1ed-4e96-bb03-03476d95fd97/build]   | [INFO] Downloading from central: https://repo.maven.apache.org/maven2/org/apache/maven/maven-plugin-api/2.0.9/maven-plugin-api-2.0.9.jar
[432b6563-d1ed-4e96-bb03-03476d95fd97/build]   | [INFO] Downloading from central: https://repo.maven.apache.org/maven2/org/apache/maven/maven-artifact/2.0.9/maven-artifact-2.0.9.jar
[432b6563-d1ed-4e96-bb03-03476d95fd97/build]   | [INFO] Downloading from central: https://repo.maven.apache.org/maven2/org/apache/maven/maven-core/2.0.9/maven-core-2.0.9.jar
[432b6563-d1ed-4e96-bb03-03476d95fd97/build]   | [INFO] Downloading from central: https://repo.maven.apache.org/maven2/org/apache/maven/maven-settings/2.0.9/maven-settings-2.0.9.jar
[432b6563-d1ed-4e96-bb03-03476d95fd97/build]   | [INFO] Downloading from central: https://repo.maven.apache.org/maven2/org/apache/maven/maven-plugin-parameter-documenter/2.0.9/maven-plugin-parameter-documenter-2.0.9.jar
[432b6563-d1ed-4e96-bb03-03476d95fd97/build]   | [INFO] Downloaded from central: https://repo.maven.apache.org/maven2/org/apache/maven/maven-core/2.0.9/maven-core-2.0.9.jar (160 kB at 6.7 MB/s)
[432b6563-d1ed-4e96-bb03-03476d95fd97/build]   | [INFO] Downloading from central: https://repo.maven.apache.org/maven2/org/apache/maven/maven-profile/2.0.9/maven-profile-2.0.9.jar
[432b6563-d1ed-4e96-bb03-03476d95fd97/build]   | [INFO] Downloaded from central: https://repo.maven.apache.org/maven2/org/apache/maven/maven-plugin-api/2.0.9/maven-plugin-api-2.0.9.jar (13 kB at 496 kB/s)
[432b6563-d1ed-4e96-bb03-03476d95fd97/build]   | [INFO] Downloaded from central: https://repo.maven.apache.org/maven2/org/apache/maven/maven-artifact/2.0.9/maven-artifact-2.0.9.jar (89 kB at 3.4 MB/s)
[432b6563-d1ed-4e96-bb03-03476d95fd97/build]   | [INFO] Downloading from central: https://repo.maven.apache.org/maven2/org/apache/maven/maven-model/2.0.9/maven-model-2.0.9.jar
[432b6563-d1ed-4e96-bb03-03476d95fd97/build]   | [INFO] Downloading from central: https://repo.maven.apache.org/maven2/org/apache/maven/maven-repository-metadata/2.0.9/maven-repository-metadata-2.0.9.jar
[432b6563-d1ed-4e96-bb03-03476d95fd97/build]   | [INFO] Downloaded from central: https://repo.maven.apache.org/maven2/org/apache/maven/maven-settings/2.0.9/maven-settings-2.0.9.jar (49 kB at 1.1 MB/s)
[432b6563-d1ed-4e96-bb03-03476d95fd97/build]   | [INFO] Downloading from central: https://repo.maven.apache.org/maven2/org/apache/maven/maven-error-diagnostics/2.0.9/maven-error-diagnostics-2.0.9.jar
[432b6563-d1ed-4e96-bb03-03476d95fd97/build]   | [INFO] Downloaded from central: https://repo.maven.apache.org/maven2/org/apache/maven/maven-plugin-parameter-documenter/2.0.9/maven-plugin-parameter-documenter-2.0.9.jar (21 kB at 321 kB/s)
[432b6563-d1ed-4e96-bb03-03476d95fd97/build]   | [INFO] Downloading from central: https://repo.maven.apache.org/maven2/org/apache/maven/maven-project/2.0.9/maven-project-2.0.9.jar
[432b6563-d1ed-4e96-bb03-03476d95fd97/build]   | [INFO] Downloaded from central: https://repo.maven.apache.org/maven2/org/apache/maven/maven-model/2.0.9/maven-model-2.0.9.jar (87 kB at 1.1 MB/s)
[432b6563-d1ed-4e96-bb03-03476d95fd97/build]   | [INFO] Downloading from central: https://repo.maven.apache.org/maven2/org/apache/maven/maven-plugin-registry/2.0.9/maven-plugin-registry-2.0.9.jar
[432b6563-d1ed-4e96-bb03-03476d95fd97/build]   | [INFO] Downloaded from central: https://repo.maven.apache.org/maven2/org/apache/maven/maven-repository-metadata/2.0.9/maven-repository-metadata-2.0.9.jar (25 kB at 307 kB/s)
[432b6563-d1ed-4e96-bb03-03476d95fd97/build]   | [INFO] Downloaded from central: https://repo.maven.apache.org/maven2/org/apache/maven/maven-profile/2.0.9/maven-profile-2.0.9.jar (35 kB at 442 kB/s)
[432b6563-d1ed-4e96-bb03-03476d95fd97/build]   | [INFO] Downloading from central: https://repo.maven.apache.org/maven2/org/apache/maven/maven-plugin-descriptor/2.0.9/maven-plugin-descriptor-2.0.9.jar
[432b6563-d1ed-4e96-bb03-03476d95fd97/build]   | [INFO] Downloading from central: https://repo.maven.apache.org/maven2/org/apache/maven/maven-artifact-manager/2.0.9/maven-artifact-manager-2.0.9.jar
[432b6563-d1ed-4e96-bb03-03476d95fd97/build]   | [INFO] Downloaded from central: https://repo.maven.apache.org/maven2/org/apache/maven/maven-error-diagnostics/2.0.9/maven-error-diagnostics-2.0.9.jar (14 kB at 162 kB/s)
[432b6563-d1ed-4e96-bb03-03476d95fd97/build]   | [INFO] Downloading from central: https://repo.maven.apache.org/maven2/org/apache/maven/maven-monitor/2.0.9/maven-monitor-2.0.9.jar
[432b6563-d1ed-4e96-bb03-03476d95fd97/build]   | [INFO] Downloaded from central: https://repo.maven.apache.org/maven2/org/apache/maven/maven-project/2.0.9/maven-project-2.0.9.jar (122 kB at 1.4 MB/s)
[432b6563-d1ed-4e96-bb03-03476d95fd97/build]   | [INFO] Downloading from central: https://repo.maven.apache.org/maven2/org/apache/maven/maven-toolchain/1.0/maven-toolchain-1.0.jar
[432b6563-d1ed-4e96-bb03-03476d95fd97/build]   | [INFO] Downloaded from central: https://repo.maven.apache.org/maven2/org/apache/maven/maven-plugin-registry/2.0.9/maven-plugin-registry-2.0.9.jar (29 kB at 309 kB/s)
[432b6563-d1ed-4e96-bb03-03476d95fd97/build]   | [INFO] Downloading from central: https://repo.maven.apache.org/maven2/org/codehaus/plexus/plexus-utils/3.0/plexus-utils-3.0.jar
[432b6563-d1ed-4e96-bb03-03476d95fd97/build]   | [INFO] Downloaded from central: https://repo.maven.apache.org/maven2/org/apache/maven/maven-artifact-manager/2.0.9/maven-artifact-manager-2.0.9.jar (58 kB at 503 kB/s)
[432b6563-d1ed-4e96-bb03-03476d95fd97/build]   | [INFO] Downloading from central: https://repo.maven.apache.org/maven2/org/codehaus/plexus/plexus-compiler-api/1.9.1/plexus-compiler-api-1.9.1.jar
[432b6563-d1ed-4e96-bb03-03476d95fd97/build]   | [INFO] Downloaded from central: https://repo.maven.apache.org/maven2/org/apache/maven/maven-plugin-descriptor/2.0.9/maven-plugin-descriptor-2.0.9.jar (37 kB at 317 kB/s)
[432b6563-d1ed-4e96-bb03-03476d95fd97/build]   | [INFO] Downloading from central: https://repo.maven.apache.org/maven2/org/codehaus/plexus/plexus-compiler-manager/1.9.1/plexus-compiler-manager-1.9.1.jar
[432b6563-d1ed-4e96-bb03-03476d95fd97/build]   | [INFO] Downloaded from central: https://repo.maven.apache.org/maven2/org/apache/maven/maven-toolchain/1.0/maven-toolchain-1.0.jar (33 kB at 270 kB/s)
[432b6563-d1ed-4e96-bb03-03476d95fd97/build]   | [INFO] Downloaded from central: https://repo.maven.apache.org/maven2/org/apache/maven/maven-monitor/2.0.9/maven-monitor-2.0.9.jar (10 kB at 84 kB/s)
[432b6563-d1ed-4e96-bb03-03476d95fd97/build]   | [INFO] Downloading from central: https://repo.maven.apache.org/maven2/org/codehaus/plexus/plexus-compiler-javac/1.9.1/plexus-compiler-javac-1.9.1.jar
[432b6563-d1ed-4e96-bb03-03476d95fd97/build]   | [INFO] Downloading from central: https://repo.maven.apache.org/maven2/classworlds/classworlds/1.1-alpha-2/classworlds-1.1-alpha-2.jar
[432b6563-d1ed-4e96-bb03-03476d95fd97/build]   | [INFO] Downloaded from central: https://repo.maven.apache.org/maven2/org/codehaus/plexus/plexus-utils/3.0/plexus-utils-3.0.jar (226 kB at 1.7 MB/s)
[432b6563-d1ed-4e96-bb03-03476d95fd97/build]   | [INFO] Downloaded from central: https://repo.maven.apache.org/maven2/org/codehaus/plexus/plexus-compiler-manager/1.9.1/plexus-compiler-manager-1.9.1.jar (4.6 kB at 31 kB/s)
[432b6563-d1ed-4e96-bb03-03476d95fd97/build]   | [INFO] Downloaded from central: https://repo.maven.apache.org/maven2/classworlds/classworlds/1.1-alpha-2/classworlds-1.1-alpha-2.jar (38 kB at 253 kB/s)
[432b6563-d1ed-4e96-bb03-03476d95fd97/build]   | [INFO] Downloaded from central: https://repo.maven.apache.org/maven2/org/codehaus/plexus/plexus-compiler-api/1.9.1/plexus-compiler-api-1.9.1.jar (21 kB at 140 kB/s)
[432b6563-d1ed-4e96-bb03-03476d95fd97/build]   | [INFO] Downloaded from central: https://repo.maven.apache.org/maven2/org/codehaus/plexus/plexus-compiler-javac/1.9.1/plexus-compiler-javac-1.9.1.jar (14 kB at 91 kB/s)
[432b6563-d1ed-4e96-bb03-03476d95fd97/build]   | [WARNING] File encoding has not been set, using platform encoding UTF-8, i.e. build is platform dependent!
[432b6563-d1ed-4e96-bb03-03476d95fd97/build]   | [INFO] Compiling 235 source files to /tmp/74714d8e-6ec5-4d22-91d4-dc13019faf91/target/classes
[432b6563-d1ed-4e96-bb03-03476d95fd97/build]   | [INFO] 
[432b6563-d1ed-4e96-bb03-03476d95fd97/build]   | [INFO] --- maven-resources-plugin:2.6:testResources (default-testResources) @ nodebox ---
[432b6563-d1ed-4e96-bb03-03476d95fd97/build]   | [WARNING] Using platform encoding (UTF-8 actually) to copy filtered resources, i.e. build is platform dependent!
[432b6563-d1ed-4e96-bb03-03476d95fd97/build]   | [INFO] skip non existing resourceDirectory /tmp/74714d8e-6ec5-4d22-91d4-dc13019faf91/src/test/resources
[432b6563-d1ed-4e96-bb03-03476d95fd97/build]   | [INFO] 
[432b6563-d1ed-4e96-bb03-03476d95fd97/build]   | [INFO] --- maven-compiler-plugin:2.5.1:testCompile (default-testCompile) @ nodebox ---
[432b6563-d1ed-4e96-bb03-03476d95fd97/build]   | [WARNING] File encoding has not been set, using platform encoding UTF-8, i.e. build is platform dependent!
[432b6563-d1ed-4e96-bb03-03476d95fd97/build]   | [INFO] Compiling 46 source files to /tmp/74714d8e-6ec5-4d22-91d4-dc13019faf91/target/test-classes
[432b6563-d1ed-4e96-bb03-03476d95fd97/build]   | [INFO] 
[432b6563-d1ed-4e96-bb03-03476d95fd97/build]   | [INFO] --- maven-surefire-plugin:2.12.4:test (default-test) @ nodebox ---
[432b6563-d1ed-4e96-bb03-03476d95fd97/build]   | [INFO] Downloading from central: https://repo.maven.apache.org/maven2/org/apache/maven/surefire/surefire-booter/2.12.4/surefire-booter-2.12.4.pom
[432b6563-d1ed-4e96-bb03-03476d95fd97/build]   | [INFO] Downloaded from central: https://repo.maven.apache.org/maven2/org/apache/maven/surefire/surefire-booter/2.12.4/surefire-booter-2.12.4.pom (3.0 kB at 117 kB/s)
[432b6563-d1ed-4e96-bb03-03476d95fd97/build]   | [INFO] Downloading from central: https://repo.maven.apache.org/maven2/org/apache/maven/surefire/surefire-api/2.12.4/surefire-api-2.12.4.pom
[432b6563-d1ed-4e96-bb03-03476d95fd97/build]   | [INFO] Downloaded from central: https://repo.maven.apache.org/maven2/org/apache/maven/surefire/surefire-api/2.12.4/surefire-api-2.12.4.pom (2.5 kB at 178 kB/s)
[432b6563-d1ed-4e96-bb03-03476d95fd97/build]   | [INFO] Downloading from central: https://repo.maven.apache.org/maven2/org/apache/maven/surefire/maven-surefire-common/2.12.4/maven-surefire-common-2.12.4.pom
[432b6563-d1ed-4e96-bb03-03476d95fd97/build]   | [INFO] Downloaded from central: https://repo.maven.apache.org/maven2/org/apache/maven/surefire/maven-surefire-common/2.12.4/maven-surefire-common-2.12.4.pom (5.5 kB at 163 kB/s)
[432b6563-d1ed-4e96-bb03-03476d95fd97/build]   | [INFO] Downloading from central: https://repo.maven.apache.org/maven2/org/apache/maven/plugin-tools/maven-plugin-annotations/3.1/maven-plugin-annotations-3.1.pom
[432b6563-d1ed-4e96-bb03-03476d95fd97/build]   | [INFO] Downloaded from central: https://repo.maven.apache.org/maven2/org/apache/maven/plugin-tools/maven-plugin-annotations/3.1/maven-plugin-annotations-3.1.pom (1.6 kB at 96 kB/s)
[432b6563-d1ed-4e96-bb03-03476d95fd97/build]   | [INFO] Downloading from central: https://repo.maven.apache.org/maven2/org/apache/maven/plugin-tools/maven-plugin-tools/3.1/maven-plugin-tools-3.1.pom
[432b6563-d1ed-4e96-bb03-03476d95fd97/build]   | [INFO] Downloaded from central: https://repo.maven.apache.org/maven2/org/apache/maven/plugin-tools/maven-plugin-tools/3.1/maven-plugin-tools-3.1.pom (16 kB at 1.2 MB/s)
[432b6563-d1ed-4e96-bb03-03476d95fd97/build]   | [INFO] Downloading from central: https://repo.maven.apache.org/maven2/org/codehaus/plexus/plexus-utils/3.0.8/plexus-utils-3.0.8.pom
[432b6563-d1ed-4e96-bb03-03476d95fd97/build]   | [INFO] Downloaded from central: https://repo.maven.apache.org/maven2/org/codehaus/plexus/plexus-utils/3.0.8/plexus-utils-3.0.8.pom (3.1 kB at 157 kB/s)
[432b6563-d1ed-4e96-bb03-03476d95fd97/build]   | [INFO] Downloading from central: https://repo.maven.apache.org/maven2/org/codehaus/plexus/plexus/3.2/plexus-3.2.pom
[432b6563-d1ed-4e96-bb03-03476d95fd97/build]   | [INFO] Downloaded from central: https://repo.maven.apache.org/maven2/org/codehaus/plexus/plexus/3.2/plexus-3.2.pom (19 kB at 937 kB/s)
[432b6563-d1ed-4e96-bb03-03476d95fd97/build]   | [INFO] Downloading from central: https://repo.maven.apache.org/maven2/org/apache/maven/reporting/maven-reporting-api/2.0.9/maven-reporting-api-2.0.9.pom
[432b6563-d1ed-4e96-bb03-03476d95fd97/build]   | [INFO] Downloaded from central: https://repo.maven.apache.org/maven2/org/apache/maven/reporting/maven-reporting-api/2.0.9/maven-reporting-api-2.0.9.pom (1.8 kB at 180 kB/s)
[432b6563-d1ed-4e96-bb03-03476d95fd97/build]   | [INFO] Downloading from central: https://repo.maven.apache.org/maven2/org/apache/maven/reporting/maven-reporting/2.0.9/maven-reporting-2.0.9.pom
[432b6563-d1ed-4e96-bb03-03476d95fd97/build]   | [INFO] Downloaded from central: https://repo.maven.apache.org/maven2/org/apache/maven/reporting/maven-reporting/2.0.9/maven-reporting-2.0.9.pom (1.5 kB at 48 kB/s)
[432b6563-d1ed-4e96-bb03-03476d95fd97/build]   | [INFO] Downloading from central: https://repo.maven.apache.org/maven2/org/apache/maven/maven-toolchain/2.0.9/maven-toolchain-2.0.9.pom
[432b6563-d1ed-4e96-bb03-03476d95fd97/build]   | [INFO] Downloaded from central: https://repo.maven.apache.org/maven2/org/apache/maven/maven-toolchain/2.0.9/maven-toolchain-2.0.9.pom (3.5 kB at 193 kB/s)
[432b6563-d1ed-4e96-bb03-03476d95fd97/build]   | [INFO] Downloading from central: https://repo.maven.apache.org/maven2/org/apache/commons/commons-lang3/3.1/commons-lang3-3.1.pom
[432b6563-d1ed-4e96-bb03-03476d95fd97/build]   | [INFO] Downloaded from central: https://repo.maven.apache.org/maven2/org/apache/commons/commons-lang3/3.1/commons-lang3-3.1.pom (17 kB at 506 kB/s)
[432b6563-d1ed-4e96-bb03-03476d95fd97/build]   | [INFO] Downloading from central: https://repo.maven.apache.org/maven2/org/apache/commons/commons-parent/22/commons-parent-22.pom
[432b6563-d1ed-4e96-bb03-03476d95fd97/build]   | [INFO] Downloaded from central: https://repo.maven.apache.org/maven2/org/apache/commons/commons-parent/22/commons-parent-22.pom (42 kB at 2.3 MB/s)
[432b6563-d1ed-4e96-bb03-03476d95fd97/build]   | [INFO] Downloading from central: https://repo.maven.apache.org/maven2/org/apache/apache/9/apache-9.pom
[432b6563-d1ed-4e96-bb03-03476d95fd97/build]   | [INFO] Downloaded from central: https://repo.maven.apache.org/maven2/org/apache/apache/9/apache-9.pom (15 kB at 1.1 MB/s)
[432b6563-d1ed-4e96-bb03-03476d95fd97/build]   | [INFO] Downloading from central: https://repo.maven.apache.org/maven2/org/apache/maven/shared/maven-common-artifact-filters/1.3/maven-common-artifact-filters-1.3.pom
[432b6563-d1ed-4e96-bb03-03476d95fd97/build]   | [INFO] Downloaded from central: https://repo.maven.apache.org/maven2/org/apache/maven/shared/maven-common-artifact-filters/1.3/maven-common-artifact-filters-1.3.pom (3.7 kB at 185 kB/s)
[432b6563-d1ed-4e96-bb03-03476d95fd97/build]   | [INFO] Downloading from central: https://repo.maven.apache.org/maven2/org/apache/maven/shared/maven-shared-components/12/maven-shared-components-12.pom
[432b6563-d1ed-4e96-bb03-03476d95fd97/build]   | [INFO] Downloaded from central: https://repo.maven.apache.org/maven2/org/apache/maven/shared/maven-shared-components/12/maven-shared-components-12.pom (9.3 kB at 1.0 MB/s)
[432b6563-d1ed-4e96-bb03-03476d95fd97/build]   | [INFO] Downloading from central: https://repo.maven.apache.org/maven2/org/apache/maven/maven-parent/13/maven-parent-13.pom
[432b6563-d1ed-4e96-bb03-03476d95fd97/build]   | [INFO] Downloaded from central: https://repo.maven.apache.org/maven2/org/apache/maven/maven-parent/13/maven-parent-13.pom (23 kB at 1.1 MB/s)
[432b6563-d1ed-4e96-bb03-03476d95fd97/build]   | [INFO] Downloading from central: https://repo.maven.apache.org/maven2/org/apache/apache/6/apache-6.pom
[432b6563-d1ed-4e96-bb03-03476d95fd97/build]   | [INFO] Downloaded from central: https://repo.maven.apache.org/maven2/org/apache/apache/6/apache-6.pom (13 kB at 984 kB/s)
[432b6563-d1ed-4e96-bb03-03476d95fd97/build]   | [INFO] Downloading from central: https://repo.maven.apache.org/maven2/org/codehaus/plexus/plexus-container-default/1.0-alpha-9/plexus-container-default-1.0-alpha-9.pom
[432b6563-d1ed-4e96-bb03-03476d95fd97/build]   | [INFO] Downloaded from central: https://repo.maven.apache.org/maven2/org/codehaus/plexus/plexus-container-default/1.0-alpha-9/plexus-container-default-1.0-alpha-9.pom (1.2 kB at 62 kB/s)
[432b6563-d1ed-4e96-bb03-03476d95fd97/build]   | [INFO] Downloading from central: https://repo.maven.apache.org/maven2/org/apache/maven/surefire/surefire-booter/2.12.4/surefire-booter-2.12.4.jar
[432b6563-d1ed-4e96-bb03-03476d95fd97/build]   | [INFO] Downloading from central: https://repo.maven.apache.org/maven2/org/apache/maven/surefire/surefire-api/2.12.4/surefire-api-2.12.4.jar
[432b6563-d1ed-4e96-bb03-03476d95fd97/build]   | [INFO] Downloading from central: https://repo.maven.apache.org/maven2/org/apache/maven/surefire/maven-surefire-common/2.12.4/maven-surefire-common-2.12.4.jar
[432b6563-d1ed-4e96-bb03-03476d95fd97/build]   | [INFO] Downloading from central: https://repo.maven.apache.org/maven2/org/apache/commons/commons-lang3/3.1/commons-lang3-3.1.jar
[432b6563-d1ed-4e96-bb03-03476d95fd97/build]   | [INFO] Downloading from central: https://repo.maven.apache.org/maven2/org/apache/maven/shared/maven-common-artifact-filters/1.3/maven-common-artifact-filters-1.3.jar
[432b6563-d1ed-4e96-bb03-03476d95fd97/build]   | [INFO] Downloaded from central: https://repo.maven.apache.org/maven2/org/apache/maven/surefire/surefire-booter/2.12.4/surefire-booter-2.12.4.jar (35 kB at 2.0 MB/s)
[432b6563-d1ed-4e96-bb03-03476d95fd97/build]   | [INFO] Downloading from central: https://repo.maven.apache.org/maven2/org/codehaus/plexus/plexus-utils/3.0.8/plexus-utils-3.0.8.jar
[432b6563-d1ed-4e96-bb03-03476d95fd97/build]   | [INFO] Downloaded from central: https://repo.maven.apache.org/maven2/org/apache/maven/surefire/surefire-api/2.12.4/surefire-api-2.12.4.jar (118 kB at 5.9 MB/s)
[432b6563-d1ed-4e96-bb03-03476d95fd97/build]   | [INFO] Downloading from central: https://repo.maven.apache.org/maven2/org/apache/maven/reporting/maven-reporting-api/2.0.9/maven-reporting-api-2.0.9.jar
[432b6563-d1ed-4e96-bb03-03476d95fd97/build]   | [INFO] Downloaded from central: https://repo.maven.apache.org/maven2/org/apache/maven/shared/maven-common-artifact-filters/1.3/maven-common-artifact-filters-1.3.jar (31 kB at 1.4 MB/s)
[432b6563-d1ed-4e96-bb03-03476d95fd97/build]   | [INFO] Downloading from central: https://repo.maven.apache.org/maven2/org/apache/maven/maven-toolchain/2.0.9/maven-toolchain-2.0.9.jar
[432b6563-d1ed-4e96-bb03-03476d95fd97/build]   | [INFO] Downloaded from central: https://repo.maven.apache.org/maven2/org/apache/commons/commons-lang3/3.1/commons-lang3-3.1.jar (316 kB at 13 MB/s)
[432b6563-d1ed-4e96-bb03-03476d95fd97/build]   | [INFO] Downloading from central: https://repo.maven.apache.org/maven2/org/apache/maven/plugin-tools/maven-plugin-annotations/3.1/maven-plugin-annotations-3.1.jar
[432b6563-d1ed-4e96-bb03-03476d95fd97/build]   | [INFO] Downloaded from central: https://repo.maven.apache.org/maven2/org/codehaus/plexus/plexus-utils/3.0.8/plexus-utils-3.0.8.jar (232 kB at 8.0 MB/s)
[432b6563-d1ed-4e96-bb03-03476d95fd97/build]   | [INFO] Downloaded from central: https://repo.maven.apache.org/maven2/org/apache/maven/reporting/maven-reporting-api/2.0.9/maven-reporting-api-2.0.9.jar (10 kB at 307 kB/s)
[432b6563-d1ed-4e96-bb03-03476d95fd97/build]   | [INFO] Downloaded from central: https://repo.maven.apache.org/maven2/org/apache/maven/maven-toolchain/2.0.9/maven-toolchain-2.0.9.jar (38 kB at 1.1 MB/s)
[432b6563-d1ed-4e96-bb03-03476d95fd97/build]   | [INFO] Downloaded from central: https://repo.maven.apache.org/maven2/org/apache/maven/surefire/maven-surefire-common/2.12.4/maven-surefire-common-2.12.4.jar (263 kB at 6.3 MB/s)
[432b6563-d1ed-4e96-bb03-03476d95fd97/build]   | [INFO] Downloaded from central: https://repo.maven.apache.org/maven2/org/apache/maven/plugin-tools/maven-plugin-annotations/3.1/maven-plugin-annotations-3.1.jar (14 kB at 351 kB/s)
[432b6563-d1ed-4e96-bb03-03476d95fd97/build]   | [INFO] Surefire report directory: /tmp/74714d8e-6ec5-4d22-91d4-dc13019faf91/target/surefire-reports
[432b6563-d1ed-4e96-bb03-03476d95fd97/build]   | [INFO] Downloading from central: https://repo.maven.apache.org/maven2/org/apache/maven/surefire/surefire-junit4/2.12.4/surefire-junit4-2.12.4.pom
[432b6563-d1ed-4e96-bb03-03476d95fd97/build]   | [INFO] Downloaded from central: https://repo.maven.apache.org/maven2/org/apache/maven/surefire/surefire-junit4/2.12.4/surefire-junit4-2.12.4.pom (2.4 kB at 185 kB/s)
[432b6563-d1ed-4e96-bb03-03476d95fd97/build]   | [INFO] Downloading from central: https://repo.maven.apache.org/maven2/org/apache/maven/surefire/surefire-providers/2.12.4/surefire-providers-2.12.4.pom
[432b6563-d1ed-4e96-bb03-03476d95fd97/build]   | [INFO] Downloaded from central: https://repo.maven.apache.org/maven2/org/apache/maven/surefire/surefire-providers/2.12.4/surefire-providers-2.12.4.pom (2.3 kB at 261 kB/s)
[432b6563-d1ed-4e96-bb03-03476d95fd97/build]   | [INFO] Downloading from central: https://repo.maven.apache.org/maven2/org/apache/maven/surefire/surefire-junit4/2.12.4/surefire-junit4-2.12.4.jar
[432b6563-d1ed-4e96-bb03-03476d95fd97/build]   | [INFO] Downloaded from central: https://repo.maven.apache.org/maven2/org/apache/maven/surefire/surefire-junit4/2.12.4/surefire-junit4-2.12.4.jar (37 kB at 4.6 MB/s)
[432b6563-d1ed-4e96-bb03-03476d95fd97/build]   | 
[432b6563-d1ed-4e96-bb03-03476d95fd97/build]   | -------------------------------------------------------
[432b6563-d1ed-4e96-bb03-03476d95fd97/build]   |  T E S T S
[432b6563-d1ed-4e96-bb03-03476d95fd97/build]   | -------------------------------------------------------
[432b6563-d1ed-4e96-bb03-03476d95fd97/build]   | Running nodebox.ui.ImageFormatTest
[432b6563-d1ed-4e96-bb03-03476d95fd97/build]   | Tests run: 1, Failures: 0, Errors: 0, Skipped: 0, Time elapsed: 0.06 sec
[432b6563-d1ed-4e96-bb03-03476d95fd97/build]   | Running nodebox.function.MathFunctionsTest
[432b6563-d1ed-4e96-bb03-03476d95fd97/build]   | Tests run: 13, Failures: 0, Errors: 0, Skipped: 0, Time elapsed: 0.244 sec
[432b6563-d1ed-4e96-bb03-03476d95fd97/build]   | Running nodebox.function.DataFunctionsTest
[432b6563-d1ed-4e96-bb03-03476d95fd97/build]   | Tests run: 10, Failures: 0, Errors: 0, Skipped: 0, Time elapsed: 0.015 sec
[432b6563-d1ed-4e96-bb03-03476d95fd97/build]   | Running nodebox.function.ListFunctionsTest
[432b6563-d1ed-4e96-bb03-03476d95fd97/build]   | Tests run: 19, Failures: 0, Errors: 0, Skipped: 0, Time elapsed: 0.026 sec
[432b6563-d1ed-4e96-bb03-03476d95fd97/build]   | Running nodebox.function.FunctionRepositoryTest
[432b6563-d1ed-4e96-bb03-03476d95fd97/build]   | Tests run: 1, Failures: 0, Errors: 0, Skipped: 0, Time elapsed: 0.106 sec
[432b6563-d1ed-4e96-bb03-03476d95fd97/build]   | Running nodebox.function.FunctionLibraryTest
[432b6563-d1ed-4e96-bb03-03476d95fd97/build]   | WARNING: An illegal reflective access operation has occurred
[432b6563-d1ed-4e96-bb03-03476d95fd97/build]   | WARNING: Illegal reflective access by org.python.google.common.base.internal.Finalizer (file:/home/runneradmin/.m2/repository/org/python/jython/2.5.3/jython-2.5.3.jar) to field java.lang.Thread.inheritableThreadLocals
[432b6563-d1ed-4e96-bb03-03476d95fd97/build]   | WARNING: Please consider reporting this to the maintainers of org.python.google.common.base.internal.Finalizer
[432b6563-d1ed-4e96-bb03-03476d95fd97/build]   | WARNING: Use --illegal-access=warn to enable warnings of further illegal reflective access operations
[432b6563-d1ed-4e96-bb03-03476d95fd97/build]   | WARNING: All illegal access operations will be denied in a future release
[432b6563-d1ed-4e96-bb03-03476d95fd97/build]   | *sys-package-mgr*: processing new jar, '/home/runneradmin/.m2/repository/org/clojure/clojure/1.4.0/clojure-1.4.0.jar'
[432b6563-d1ed-4e96-bb03-03476d95fd97/build]   | *sys-package-mgr*: processing new jar, '/home/runneradmin/.m2/repository/com/google/guava/guava/13.0.1/guava-13.0.1.jar'
[432b6563-d1ed-4e96-bb03-03476d95fd97/build]   | *sys-package-mgr*: processing new jar, '/home/runneradmin/.m2/repository/com/itextpdf/itextpdf/5.3.2/itextpdf-5.3.2.jar'
[432b6563-d1ed-4e96-bb03-03476d95fd97/build]   | *sys-package-mgr*: processing new jar, '/home/runneradmin/.m2/repository/net/java/dev/jna/jna/3.4.0/jna-3.4.0.jar'
[432b6563-d1ed-4e96-bb03-03476d95fd97/build]   | *sys-package-mgr*: processing new jar, '/home/runneradmin/.m2/repository/junit/junit/4.10/junit-4.10.jar'
[432b6563-d1ed-4e96-bb03-03476d95fd97/build]   | *sys-package-mgr*: processing new jar, '/home/runneradmin/.m2/repository/org/hamcrest/hamcrest-core/1.1/hamcrest-core-1.1.jar'
[432b6563-d1ed-4e96-bb03-03476d95fd97/build]   | *sys-package-mgr*: processing new jar, '/home/runneradmin/.m2/repository/org/python/jython/2.5.3/jython-2.5.3.jar'
[432b6563-d1ed-4e96-bb03-03476d95fd97/build]   | *sys-package-mgr*: processing new jar, '/home/runneradmin/.m2/repository/net/sf/opencsv/opencsv/2.3/opencsv-2.3.jar'
[432b6563-d1ed-4e96-bb03-03476d95fd97/build]   | *sys-package-mgr*: processing new jar, '/home/runneradmin/.m2/repository/org/piccolo2d/piccolo2d-core/1.3.1/piccolo2d-core-1.3.1.jar'
[432b6563-d1ed-4e96-bb03-03476d95fd97/build]   | *sys-package-mgr*: processing new jar, '/home/runneradmin/.m2/repository/xom/xom/1.2.5/xom-1.2.5.jar'
[432b6563-d1ed-4e96-bb03-03476d95fd97/build]   | *sys-package-mgr*: processing new jar, '/home/runneradmin/.m2/repository/xml-apis/xml-apis/1.3.03/xml-apis-1.3.03.jar'
[432b6563-d1ed-4e96-bb03-03476d95fd97/build]   | *sys-package-mgr*: processing new jar, '/home/runneradmin/.m2/repository/xerces/xercesImpl/2.8.0/xercesImpl-2.8.0.jar'
[432b6563-d1ed-4e96-bb03-03476d95fd97/build]   | *sys-package-mgr*: processing new jar, '/home/runneradmin/.m2/repository/xalan/xalan/2.7.0/xalan-2.7.0.jar'
[432b6563-d1ed-4e96-bb03-03476d95fd97/build]   | Tests run: 4, Failures: 0, Errors: 0, Skipped: 0, Time elapsed: 2.926 sec
[432b6563-d1ed-4e96-bb03-03476d95fd97/build]   | Running nodebox.function.PythonLibraryTest
[432b6563-d1ed-4e96-bb03-03476d95fd97/build]   | Tests run: 6, Failures: 0, Errors: 0, Skipped: 0, Time elapsed: 0.035 sec
[432b6563-d1ed-4e96-bb03-03476d95fd97/build]   | Running nodebox.function.StringFunctionsTest
[432b6563-d1ed-4e96-bb03-03476d95fd97/build]   | Tests run: 4, Failures: 0, Errors: 0, Skipped: 0, Time elapsed: 0.005 sec
[432b6563-d1ed-4e96-bb03-03476d95fd97/build]   | Running nodebox.function.ClojureLibraryTest
[432b6563-d1ed-4e96-bb03-03476d95fd97/build]   | Tests run: 3, Failures: 0, Errors: 0, Skipped: 0, Time elapsed: 0.066 sec
[432b6563-d1ed-4e96-bb03-03476d95fd97/build]   | Running nodebox.versioncheck.UpdaterTest
[432b6563-d1ed-4e96-bb03-03476d95fd97/build]   | Jul 12, 2023 2:41:00 AM java.util.prefs.FileSystemPreferences$1 run
[432b6563-d1ed-4e96-bb03-03476d95fd97/build]   | INFO: Created user preferences directory.
[432b6563-d1ed-4e96-bb03-03476d95fd97/build]   | Tests run: 4, Failures: 1, Errors: 0, Skipped: 0, Time elapsed: 0.241 sec <<< FAILURE!
[432b6563-d1ed-4e96-bb03-03476d95fd97/build]   | testCheckForUpdates(nodebox.versioncheck.UpdaterTest)  Time elapsed: 0.07 sec  <<< FAILURE!
[432b6563-d1ed-4e96-bb03-03476d95fd97/build]   | junit.framework.AssertionFailedError
[432b6563-d1ed-4e96-bb03-03476d95fd97/build]   | 	at junit.framework.Assert.fail(Assert.java:48)
[432b6563-d1ed-4e96-bb03-03476d95fd97/build]   | 	at junit.framework.Assert.assertTrue(Assert.java:20)
[432b6563-d1ed-4e96-bb03-03476d95fd97/build]   | 	at junit.framework.Assert.assertTrue(Assert.java:27)
[432b6563-d1ed-4e96-bb03-03476d95fd97/build]   | 	at nodebox.versioncheck.UpdaterTest.testCheckForUpdates(UpdaterTest.java:40)
[432b6563-d1ed-4e96-bb03-03476d95fd97/build]   | 	at java.base/jdk.internal.reflect.NativeMethodAccessorImpl.invoke0(Native Method)
[432b6563-d1ed-4e96-bb03-03476d95fd97/build]   | 	at java.base/jdk.internal.reflect.NativeMethodAccessorImpl.invoke(NativeMethodAccessorImpl.java:62)
[432b6563-d1ed-4e96-bb03-03476d95fd97/build]   | 	at java.base/jdk.internal.reflect.DelegatingMethodAccessorImpl.invoke(DelegatingMethodAccessorImpl.java:43)
[432b6563-d1ed-4e96-bb03-03476d95fd97/build]   | 	at java.base/java.lang.reflect.Method.invoke(Method.java:566)
[432b6563-d1ed-4e96-bb03-03476d95fd97/build]   | 	at org.junit.runners.model.FrameworkMethod$1.runReflectiveCall(FrameworkMethod.java:45)
[432b6563-d1ed-4e96-bb03-03476d95fd97/build]   | 	at org.junit.internal.runners.model.ReflectiveCallable.run(ReflectiveCallable.java:15)
[432b6563-d1ed-4e96-bb03-03476d95fd97/build]   | 	at org.junit.runners.model.FrameworkMethod.invokeExplosively(FrameworkMethod.java:42)
[432b6563-d1ed-4e96-bb03-03476d95fd97/build]   | 	at org.junit.internal.runners.statements.InvokeMethod.evaluate(InvokeMethod.java:20)
[432b6563-d1ed-4e96-bb03-03476d95fd97/build]   | 	at org.junit.internal.runners.statements.RunBefores.evaluate(RunBefores.java:28)
[432b6563-d1ed-4e96-bb03-03476d95fd97/build]   | 	at org.junit.internal.runners.statements.RunAfters.evaluate(RunAfters.java:30)
[432b6563-d1ed-4e96-bb03-03476d95fd97/build]   | 	at org.junit.runners.ParentRunner.runLeaf(ParentRunner.java:263)
[432b6563-d1ed-4e96-bb03-03476d95fd97/build]   | 	at org.junit.runners.BlockJUnit4ClassRunner.runChild(BlockJUnit4ClassRunner.java:68)
[432b6563-d1ed-4e96-bb03-03476d95fd97/build]   | 	at org.junit.runners.BlockJUnit4ClassRunner.runChild(BlockJUnit4ClassRunner.java:47)
[432b6563-d1ed-4e96-bb03-03476d95fd97/build]   | 	at org.junit.runners.ParentRunner$3.run(ParentRunner.java:231)
[432b6563-d1ed-4e96-bb03-03476d95fd97/build]   | 	at org.junit.runners.ParentRunner$1.schedule(ParentRunner.java:60)
[432b6563-d1ed-4e96-bb03-03476d95fd97/build]   | 	at org.junit.runners.ParentRunner.runChildren(ParentRunner.java:229)
[432b6563-d1ed-4e96-bb03-03476d95fd97/build]   | 	at org.junit.runners.ParentRunner.access$000(ParentRunner.java:50)
[432b6563-d1ed-4e96-bb03-03476d95fd97/build]   | 	at org.junit.runners.ParentRunner$2.evaluate(ParentRunner.java:222)
[432b6563-d1ed-4e96-bb03-03476d95fd97/build]   | 	at org.junit.runners.ParentRunner.run(ParentRunner.java:300)
[432b6563-d1ed-4e96-bb03-03476d95fd97/build]   | 	at org.apache.maven.surefire.junit4.JUnit4Provider.execute(JUnit4Provider.java:252)
[432b6563-d1ed-4e96-bb03-03476d95fd97/build]   | 	at org.apache.maven.surefire.junit4.JUnit4Provider.executeTestSet(JUnit4Provider.java:141)
[432b6563-d1ed-4e96-bb03-03476d95fd97/build]   | 	at org.apache.maven.surefire.junit4.JUnit4Provider.invoke(JUnit4Provider.java:112)
[432b6563-d1ed-4e96-bb03-03476d95fd97/build]   | 	at java.base/jdk.internal.reflect.NativeMethodAccessorImpl.invoke0(Native Method)
[432b6563-d1ed-4e96-bb03-03476d95fd97/build]   | 	at java.base/jdk.internal.reflect.NativeMethodAccessorImpl.invoke(NativeMethodAccessorImpl.java:62)
[432b6563-d1ed-4e96-bb03-03476d95fd97/build]   | 	at java.base/jdk.internal.reflect.DelegatingMethodAccessorImpl.invoke(DelegatingMethodAccessorImpl.java:43)
[432b6563-d1ed-4e96-bb03-03476d95fd97/build]   | 	at java.base/java.lang.reflect.Method.invoke(Method.java:566)
[432b6563-d1ed-4e96-bb03-03476d95fd97/build]   | 	at org.apache.maven.surefire.util.ReflectionUtils.invokeMethodWithArray(ReflectionUtils.java:189)
[432b6563-d1ed-4e96-bb03-03476d95fd97/build]   | 	at org.apache.maven.surefire.booter.ProviderFactory$ProviderProxy.invoke(ProviderFactory.java:165)
[432b6563-d1ed-4e96-bb03-03476d95fd97/build]   | 	at org.apache.maven.surefire.booter.ProviderFactory.invokeProvider(ProviderFactory.java:85)
[432b6563-d1ed-4e96-bb03-03476d95fd97/build]   | 	at org.apache.maven.surefire.booter.ForkedBooter.runSuitesInProcess(ForkedBooter.java:115)
[432b6563-d1ed-4e96-bb03-03476d95fd97/build]   | 	at org.apache.maven.surefire.booter.ForkedBooter.main(ForkedBooter.java:75)
[432b6563-d1ed-4e96-bb03-03476d95fd97/build]   | 
[432b6563-d1ed-4e96-bb03-03476d95fd97/build]   | Running nodebox.versioncheck.VersionTest
[432b6563-d1ed-4e96-bb03-03476d95fd97/build]   | Tests run: 1, Failures: 0, Errors: 0, Skipped: 0, Time elapsed: 0 sec
[432b6563-d1ed-4e96-bb03-03476d95fd97/build]   | Running nodebox.node.NodeLibraryTest
[432b6563-d1ed-4e96-bb03-03476d95fd97/build]   | Tests run: 28, Failures: 0, Errors: 0, Skipped: 0, Time elapsed: 0.264 sec
[432b6563-d1ed-4e96-bb03-03476d95fd97/build]   | Running nodebox.node.ConnectionTest
[432b6563-d1ed-4e96-bb03-03476d95fd97/build]   | Tests run: 3, Failures: 0, Errors: 0, Skipped: 0, Time elapsed: 0.001 sec
[432b6563-d1ed-4e96-bb03-03476d95fd97/build]   | Running nodebox.node.polygraph.PolygonTest
[432b6563-d1ed-4e96-bb03-03476d95fd97/build]   | Tests run: 2, Failures: 0, Errors: 0, Skipped: 0, Time elapsed: 0.005 sec
[432b6563-d1ed-4e96-bb03-03476d95fd97/build]   | Running nodebox.node.NodeTest
[432b6563-d1ed-4e96-bb03-03476d95fd97/build]   | Tests run: 9, Failures: 0, Errors: 0, Skipped: 0, Time elapsed: 0.003 sec
[432b6563-d1ed-4e96-bb03-03476d95fd97/build]   | Running nodebox.node.PublishedPortTest
[432b6563-d1ed-4e96-bb03-03476d95fd97/build]   | Tests run: 7, Failures: 0, Errors: 0, Skipped: 0, Time elapsed: 0.002 sec
[432b6563-d1ed-4e96-bb03-03476d95fd97/build]   | Running nodebox.node.NodeContextTest
[432b6563-d1ed-4e96-bb03-03476d95fd97/build]   | Tests run: 30, Failures: 0, Errors: 0, Skipped: 0, Time elapsed: 0.028 sec
[432b6563-d1ed-4e96-bb03-03476d95fd97/build]   | Running nodebox.node.PortTest
[432b6563-d1ed-4e96-bb03-03476d95fd97/build]   | Tests run: 12, Failures: 0, Errors: 0, Skipped: 0, Time elapsed: 0.002 sec
[432b6563-d1ed-4e96-bb03-03476d95fd97/build]   | Running nodebox.node.VersionTest
[432b6563-d1ed-4e96-bb03-03476d95fd97/build]   | Tests run: 2, Failures: 0, Errors: 0, Skipped: 0, Time elapsed: 0.001 sec
[432b6563-d1ed-4e96-bb03-03476d95fd97/build]   | Running nodebox.node.NodeLibraryControllerTest
[432b6563-d1ed-4e96-bb03-03476d95fd97/build]   | Tests run: 30, Failures: 0, Errors: 0, Skipped: 0, Time elapsed: 0.016 sec
[432b6563-d1ed-4e96-bb03-03476d95fd97/build]   | Running nodebox.graphics.GraphicsContextTest
[432b6563-d1ed-4e96-bb03-03476d95fd97/build]   | Tests run: 3, Failures: 0, Errors: 0, Skipped: 0, Time elapsed: 0.193 sec
[432b6563-d1ed-4e96-bb03-03476d95fd97/build]   | Running nodebox.graphics.CanvasTest
[432b6563-d1ed-4e96-bb03-03476d95fd97/build]   | Tests run: 1, Failures: 0, Errors: 0, Skipped: 0, Time elapsed: 0 sec
[432b6563-d1ed-4e96-bb03-03476d95fd97/build]   | Running nodebox.graphics.GraphicsTestCase
[432b6563-d1ed-4e96-bb03-03476d95fd97/build]   | Tests run: 1, Failures: 0, Errors: 0, Skipped: 0, Time elapsed: 0 sec
[432b6563-d1ed-4e96-bb03-03476d95fd97/build]   | Running nodebox.graphics.ContourTest
[432b6563-d1ed-4e96-bb03-03476d95fd97/build]   | Tests run: 11, Failures: 0, Errors: 0, Skipped: 0, Time elapsed: 0.002 sec
[432b6563-d1ed-4e96-bb03-03476d95fd97/build]   | Running nodebox.graphics.GrobTest
[432b6563-d1ed-4e96-bb03-03476d95fd97/build]   | Tests run: 1, Failures: 0, Errors: 0, Skipped: 0, Time elapsed: 0 sec
[432b6563-d1ed-4e96-bb03-03476d95fd97/build]   | Running nodebox.graphics.TransformTest
[432b6563-d1ed-4e96-bb03-03476d95fd97/build]   | Tests run: 2, Failures: 0, Errors: 0, Skipped: 0, Time elapsed: 0.001 sec
[432b6563-d1ed-4e96-bb03-03476d95fd97/build]   | Running nodebox.graphics.PointTest
[432b6563-d1ed-4e96-bb03-03476d95fd97/build]   | Tests run: 1, Failures: 0, Errors: 0, Skipped: 0, Time elapsed: 0 sec
[432b6563-d1ed-4e96-bb03-03476d95fd97/build]   | Running nodebox.graphics.ColorTest
[432b6563-d1ed-4e96-bb03-03476d95fd97/build]   | Tests run: 1, Failures: 0, Errors: 0, Skipped: 0, Time elapsed: 0 sec
[432b6563-d1ed-4e96-bb03-03476d95fd97/build]   | Running nodebox.graphics.PathTest
[432b6563-d1ed-4e96-bb03-03476d95fd97/build]   | Tests run: 6, Failures: 0, Errors: 0, Skipped: 0, Time elapsed: 0.001 sec
[432b6563-d1ed-4e96-bb03-03476d95fd97/build]   | Running nodebox.graphics.GeometryTest
[432b6563-d1ed-4e96-bb03-03476d95fd97/build]   | Tests run: 11, Failures: 0, Errors: 0, Skipped: 0, Time elapsed: 0.003 sec
[432b6563-d1ed-4e96-bb03-03476d95fd97/build]   | Running nodebox.graphics.RectTest
[432b6563-d1ed-4e96-bb03-03476d95fd97/build]   | Tests run: 4, Failures: 0, Errors: 0, Skipped: 0, Time elapsed: 0.001 sec
[432b6563-d1ed-4e96-bb03-03476d95fd97/build]   | Running nodebox.localhistory.RepositoryTest
[432b6563-d1ed-4e96-bb03-03476d95fd97/build]   | Tests run: 3, Failures: 0, Errors: 0, Skipped: 0, Time elapsed: 0.018 sec
[432b6563-d1ed-4e96-bb03-03476d95fd97/build]   | Running nodebox.util.WavesTest
[432b6563-d1ed-4e96-bb03-03476d95fd97/build]   | Tests run: 2, Failures: 0, Errors: 0, Skipped: 0, Time elapsed: 0.001 sec
[432b6563-d1ed-4e96-bb03-03476d95fd97/build]   | Running nodebox.util.FileUtilTest
[432b6563-d1ed-4e96-bb03-03476d95fd97/build]   | Tests run: 4, Failures: 0, Errors: 0, Skipped: 0, Time elapsed: 0 sec
[432b6563-d1ed-4e96-bb03-03476d95fd97/build]   | Running nodebox.util.ListUtilsTest
[432b6563-d1ed-4e96-bb03-03476d95fd97/build]   | Tests run: 1, Failures: 0, Errors: 0, Skipped: 0, Time elapsed: 0 sec
[432b6563-d1ed-4e96-bb03-03476d95fd97/build]   | 
[432b6563-d1ed-4e96-bb03-03476d95fd97/build]   | Results :
[432b6563-d1ed-4e96-bb03-03476d95fd97/build]   | 
[432b6563-d1ed-4e96-bb03-03476d95fd97/build]   | Failed tests:   testCheckForUpdates(nodebox.versioncheck.UpdaterTest)
[432b6563-d1ed-4e96-bb03-03476d95fd97/build]   | 
[432b6563-d1ed-4e96-bb03-03476d95fd97/build]   | Tests run: 241, Failures: 1, Errors: 0, Skipped: 0
[432b6563-d1ed-4e96-bb03-03476d95fd97/build]   | 
[432b6563-d1ed-4e96-bb03-03476d95fd97/build]   | [INFO] ------------------------------------------------------------------------
[432b6563-d1ed-4e96-bb03-03476d95fd97/build]   | [INFO] BUILD FAILURE
[432b6563-d1ed-4e96-bb03-03476d95fd97/build]   | [INFO] ------------------------------------------------------------------------
[432b6563-d1ed-4e96-bb03-03476d95fd97/build]   | [INFO] Total time:  17.981 s
[432b6563-d1ed-4e96-bb03-03476d95fd97/build]   | [INFO] Finished at: 2023-07-12T02:41:01Z
[432b6563-d1ed-4e96-bb03-03476d95fd97/build]   | [INFO] ------------------------------------------------------------------------
[432b6563-d1ed-4e96-bb03-03476d95fd97/build]   | [ERROR] Failed to execute goal org.apache.maven.plugins:maven-surefire-plugin:2.12.4:test (default-test) on project nodebox: There are test failures.
[432b6563-d1ed-4e96-bb03-03476d95fd97/build]   | [ERROR] 
[432b6563-d1ed-4e96-bb03-03476d95fd97/build]   | [ERROR] Please refer to /tmp/74714d8e-6ec5-4d22-91d4-dc13019faf91/target/surefire-reports for the individual test results.
[432b6563-d1ed-4e96-bb03-03476d95fd97/build]   | [ERROR] -> [Help 1]
[432b6563-d1ed-4e96-bb03-03476d95fd97/build]   | [ERROR] 
[432b6563-d1ed-4e96-bb03-03476d95fd97/build]   | [ERROR] To see the full stack trace of the errors, re-run Maven with the -e switch.
[432b6563-d1ed-4e96-bb03-03476d95fd97/build]   | [ERROR] Re-run Maven using the -X switch to enable full debug logging.
[432b6563-d1ed-4e96-bb03-03476d95fd97/build]   | [ERROR] 
[432b6563-d1ed-4e96-bb03-03476d95fd97/build]   | [ERROR] For more information about the errors and possible solutions, please read the following articles:
[432b6563-d1ed-4e96-bb03-03476d95fd97/build]   | [ERROR] [Help 1] http://cwiki.apache.org/confluence/display/MAVEN/MojoFailureException
[432b6563-d1ed-4e96-bb03-03476d95fd97/build]   ‚ùå  Failure - Main Build with Maven
[432b6563-d1ed-4e96-bb03-03476d95fd97/build] exitcode '1': failure
[432b6563-d1ed-4e96-bb03-03476d95fd97/build] unable to get git ref: failed to identify reference (tag/branch) for the checked-out revision '7f2d79baf872b180202c59f41bd3355962a25053'
[432b6563-d1ed-4e96-bb03-03476d95fd97/build] unable to get git ref: failed to identify reference (tag/branch) for the checked-out revision '7f2d79baf872b180202c59f41bd3355962a25053'
[432b6563-d1ed-4e96-bb03-03476d95fd97/build] unable to get git ref: failed to identify reference (tag/branch) for the checked-out revision '7f2d79baf872b180202c59f41bd3355962a25053'
[432b6563-d1ed-4e96-bb03-03476d95fd97/build] unable to get git ref: failed to identify reference (tag/branch) for the checked-out revision '7f2d79baf872b180202c59f41bd3355962a25053'
[432b6563-d1ed-4e96-bb03-03476d95fd97/build] unable to get git ref: failed to identify reference (tag/branch) for the checked-out revision '7f2d79baf872b180202c59f41bd3355962a25053'
[432b6563-d1ed-4e96-bb03-03476d95fd97/build] ‚≠ê Run Post Set up JDK 11
[432b6563-d1ed-4e96-bb03-03476d95fd97/build]   üê≥  docker exec cmd=[node /var/run/act/actions/actions-setup-java@v1/dist/cleanup/index.js] user= workdir=
[432b6563-d1ed-4e96-bb03-03476d95fd97/build]   ‚úÖ  Success - Post Set up JDK 11
[432b6563-d1ed-4e96-bb03-03476d95fd97/build] üèÅ  Job failed
[432b6563-d1ed-4e96-bb03-03476d95fd97/build] unable to get git ref: failed to identify reference (tag/branch) for the checked-out revision '7f2d79baf872b180202c59f41bd3355962a25053'
