[11068c9d-9bad-4baf-932a-e18515619f49/build] üöÄ  Start image=crawlergpt:latest
[11068c9d-9bad-4baf-932a-e18515619f49/build]   üê≥  docker pull image=crawlergpt:latest platform= username= forcePull=false
[11068c9d-9bad-4baf-932a-e18515619f49/build]   üê≥  docker create image=crawlergpt:latest platform= entrypoint=["tail" "-f" "/dev/null"] cmd=[]
[11068c9d-9bad-4baf-932a-e18515619f49/build]   üê≥  docker run image=crawlergpt:latest platform= entrypoint=["tail" "-f" "/dev/null"] cmd=[]
[11068c9d-9bad-4baf-932a-e18515619f49/build]   üê≥  docker exec cmd=[chown -R 1012:1013 /tmp/89f316c9-c0fc-4cdd-9d81-e7660334720d] user=0 workdir=
[11068c9d-9bad-4baf-932a-e18515619f49/build] unable to get git ref: failed to identify reference (tag/branch) for the checked-out revision '83bbea4780e015475f1b3747df8810f55b9fe0aa'
[11068c9d-9bad-4baf-932a-e18515619f49/build] unable to get git ref: failed to identify reference (tag/branch) for the checked-out revision '83bbea4780e015475f1b3747df8810f55b9fe0aa'
[11068c9d-9bad-4baf-932a-e18515619f49/build] unable to get git ref: failed to identify reference (tag/branch) for the checked-out revision '83bbea4780e015475f1b3747df8810f55b9fe0aa'
[11068c9d-9bad-4baf-932a-e18515619f49/build] unable to get git ref: failed to identify reference (tag/branch) for the checked-out revision '83bbea4780e015475f1b3747df8810f55b9fe0aa'
[11068c9d-9bad-4baf-932a-e18515619f49/build] unable to get git ref: failed to identify reference (tag/branch) for the checked-out revision '83bbea4780e015475f1b3747df8810f55b9fe0aa'
[11068c9d-9bad-4baf-932a-e18515619f49/build] unable to get git ref: failed to identify reference (tag/branch) for the checked-out revision '83bbea4780e015475f1b3747df8810f55b9fe0aa'
[11068c9d-9bad-4baf-932a-e18515619f49/build] unable to get git ref: failed to identify reference (tag/branch) for the checked-out revision '83bbea4780e015475f1b3747df8810f55b9fe0aa'
[11068c9d-9bad-4baf-932a-e18515619f49/build] unable to get git ref: failed to identify reference (tag/branch) for the checked-out revision '83bbea4780e015475f1b3747df8810f55b9fe0aa'
[11068c9d-9bad-4baf-932a-e18515619f49/build] unable to get git ref: failed to identify reference (tag/branch) for the checked-out revision '83bbea4780e015475f1b3747df8810f55b9fe0aa'
[11068c9d-9bad-4baf-932a-e18515619f49/build] ‚≠ê Run Main actions/checkout@v2
[11068c9d-9bad-4baf-932a-e18515619f49/build] unable to get git ref: failed to identify reference (tag/branch) for the checked-out revision '83bbea4780e015475f1b3747df8810f55b9fe0aa'
[11068c9d-9bad-4baf-932a-e18515619f49/build]   ‚úÖ  Success - Main actions/checkout@v2
[11068c9d-9bad-4baf-932a-e18515619f49/build] unable to get git ref: failed to identify reference (tag/branch) for the checked-out revision '83bbea4780e015475f1b3747df8810f55b9fe0aa'
[11068c9d-9bad-4baf-932a-e18515619f49/build] unable to get git ref: failed to identify reference (tag/branch) for the checked-out revision '83bbea4780e015475f1b3747df8810f55b9fe0aa'
[11068c9d-9bad-4baf-932a-e18515619f49/build] unable to get git ref: failed to identify reference (tag/branch) for the checked-out revision '83bbea4780e015475f1b3747df8810f55b9fe0aa'
[11068c9d-9bad-4baf-932a-e18515619f49/build] unable to get git ref: failed to identify reference (tag/branch) for the checked-out revision '83bbea4780e015475f1b3747df8810f55b9fe0aa'
[11068c9d-9bad-4baf-932a-e18515619f49/build] unable to get git ref: failed to identify reference (tag/branch) for the checked-out revision '83bbea4780e015475f1b3747df8810f55b9fe0aa'
[11068c9d-9bad-4baf-932a-e18515619f49/build] ‚≠ê Run Main Set up JDK 1.8
[11068c9d-9bad-4baf-932a-e18515619f49/build] unable to get git ref: failed to identify reference (tag/branch) for the checked-out revision '83bbea4780e015475f1b3747df8810f55b9fe0aa'
[11068c9d-9bad-4baf-932a-e18515619f49/build] unable to get git ref: failed to identify reference (tag/branch) for the checked-out revision '83bbea4780e015475f1b3747df8810f55b9fe0aa'
[11068c9d-9bad-4baf-932a-e18515619f49/build] unable to get git ref: failed to identify reference (tag/branch) for the checked-out revision '83bbea4780e015475f1b3747df8810f55b9fe0aa'
[11068c9d-9bad-4baf-932a-e18515619f49/build]   üê≥  docker cp src=/tmp/act-cache/f13b3dfa-aa44-4578-876f-18abdfdda37c/act/actions-setup-java@v1/ dst=/var/run/act/actions/actions-setup-java@v1/
[11068c9d-9bad-4baf-932a-e18515619f49/build]   üê≥  docker exec cmd=[chown -R 1012:1013 /var/run/act/actions/actions-setup-java@v1/] user=0 workdir=
[11068c9d-9bad-4baf-932a-e18515619f49/build]   üê≥  docker exec cmd=[node /var/run/act/actions/actions-setup-java@v1/dist/setup/index.js] user= workdir=
[11068c9d-9bad-4baf-932a-e18515619f49/build]   üí¨  ::debug::isExplicit: 
[11068c9d-9bad-4baf-932a-e18515619f49/build]   üí¨  ::debug::explicit? false
[11068c9d-9bad-4baf-932a-e18515619f49/build]   üí¨  ::debug::evaluating 0 versions
[11068c9d-9bad-4baf-932a-e18515619f49/build]   üí¨  ::debug::match not found
[11068c9d-9bad-4baf-932a-e18515619f49/build]   üí¨  ::debug::Downloading JDK from Azul
[11068c9d-9bad-4baf-932a-e18515619f49/build]   üí¨  ::debug::Searching for files with extension: -linux_x64.tar.gz
[11068c9d-9bad-4baf-932a-e18515619f49/build]   üí¨  ::debug::Downloading https://static.azul.com/zulu/bin/zulu8.70.0.23-ca-jdk8.0.372-linux_x64.tar.gz
[11068c9d-9bad-4baf-932a-e18515619f49/build]   üí¨  ::debug::Downloading /tmp/f15f5d21-a3fd-47b0-aca2-d8b51654004d
[11068c9d-9bad-4baf-932a-e18515619f49/build]   üí¨  ::debug::download complete
[11068c9d-9bad-4baf-932a-e18515619f49/build]   | [command]/usr/bin/tar --version
[11068c9d-9bad-4baf-932a-e18515619f49/build]   | tar (GNU tar) 1.30
[11068c9d-9bad-4baf-932a-e18515619f49/build]   | Copyright (C) 2017 Free Software Foundation, Inc.
[11068c9d-9bad-4baf-932a-e18515619f49/build]   | License GPLv3+: GNU GPL version 3 or later <https://gnu.org/licenses/gpl.html>.
[11068c9d-9bad-4baf-932a-e18515619f49/build]   | This is free software: you are free to change and redistribute it.
[11068c9d-9bad-4baf-932a-e18515619f49/build]   | There is NO WARRANTY, to the extent permitted by law.
[11068c9d-9bad-4baf-932a-e18515619f49/build]   | 
[11068c9d-9bad-4baf-932a-e18515619f49/build]   | Written by John Gilmore and Jay Fenlason.
[11068c9d-9bad-4baf-932a-e18515619f49/build]   | [command]/usr/bin/tar xz --warning=no-unknown-keyword -C /tmp/temp_1343304629 -f /tmp/f15f5d21-a3fd-47b0-aca2-d8b51654004d
[11068c9d-9bad-4baf-932a-e18515619f49/build]   üí¨  ::debug::jdk extracted to /tmp/temp_1343304629/zulu8.70.0.23-ca-jdk8.0.372-linux_x64
[11068c9d-9bad-4baf-932a-e18515619f49/build]   üí¨  ::debug::Caching tool jdk 8.0.372 x64
[11068c9d-9bad-4baf-932a-e18515619f49/build]   üí¨  ::debug::source dir: /tmp/temp_1343304629/zulu8.70.0.23-ca-jdk8.0.372-linux_x64
[11068c9d-9bad-4baf-932a-e18515619f49/build]   üí¨  ::debug::destination /opt/hostedtoolcache/jdk/8.0.372/x64
[11068c9d-9bad-4baf-932a-e18515619f49/build]   üí¨  ::debug::finished caching tool
[11068c9d-9bad-4baf-932a-e18515619f49/build]   ‚ùì add-matcher /run/act/actions/actions-setup-java@v1/.github/java.json
[11068c9d-9bad-4baf-932a-e18515619f49/build]   | creating settings.xml with server-id: github; environment variables: username=$GITHUB_ACTOR, password=$GITHUB_TOKEN, and gpg-passphrase=null
[11068c9d-9bad-4baf-932a-e18515619f49/build]   üí¨  ::debug::created directory /home/runneradmin/.m2
[11068c9d-9bad-4baf-932a-e18515619f49/build]   | writing /home/runneradmin/.m2/settings.xml
[11068c9d-9bad-4baf-932a-e18515619f49/build]   ‚úÖ  Success - Main Set up JDK 1.8
[11068c9d-9bad-4baf-932a-e18515619f49/build]   ‚öô  ::set-env:: JAVA_HOME=/opt/hostedtoolcache/jdk/8.0.372/x64
[11068c9d-9bad-4baf-932a-e18515619f49/build]   ‚öô  ::set-env:: JAVA_HOME_8_0_372_X64=/opt/hostedtoolcache/jdk/8.0.372/x64
[11068c9d-9bad-4baf-932a-e18515619f49/build]   ‚öô  ::set-env:: JAVA_HOME_8.0.372_x64=/opt/hostedtoolcache/jdk/8.0.372/x64
[11068c9d-9bad-4baf-932a-e18515619f49/build]   ‚öô  ::set-output:: path=/opt/hostedtoolcache/jdk/8.0.372/x64
[11068c9d-9bad-4baf-932a-e18515619f49/build]   ‚öô  ::set-output:: version=8.0.372
[11068c9d-9bad-4baf-932a-e18515619f49/build]   ‚öô  ::add-path:: /opt/hostedtoolcache/jdk/8.0.372/x64/bin
[11068c9d-9bad-4baf-932a-e18515619f49/build] unable to get git ref: failed to identify reference (tag/branch) for the checked-out revision '83bbea4780e015475f1b3747df8810f55b9fe0aa'
[11068c9d-9bad-4baf-932a-e18515619f49/build] unable to get git ref: failed to identify reference (tag/branch) for the checked-out revision '83bbea4780e015475f1b3747df8810f55b9fe0aa'
[11068c9d-9bad-4baf-932a-e18515619f49/build] unable to get git ref: failed to identify reference (tag/branch) for the checked-out revision '83bbea4780e015475f1b3747df8810f55b9fe0aa'
[11068c9d-9bad-4baf-932a-e18515619f49/build] unable to get git ref: failed to identify reference (tag/branch) for the checked-out revision '83bbea4780e015475f1b3747df8810f55b9fe0aa'
[11068c9d-9bad-4baf-932a-e18515619f49/build] unable to get git ref: failed to identify reference (tag/branch) for the checked-out revision '83bbea4780e015475f1b3747df8810f55b9fe0aa'
[11068c9d-9bad-4baf-932a-e18515619f49/build] ‚≠ê Run Main Build with Maven
[11068c9d-9bad-4baf-932a-e18515619f49/build] unable to get git ref: failed to identify reference (tag/branch) for the checked-out revision '83bbea4780e015475f1b3747df8810f55b9fe0aa'
[11068c9d-9bad-4baf-932a-e18515619f49/build] unable to get git ref: failed to identify reference (tag/branch) for the checked-out revision '83bbea4780e015475f1b3747df8810f55b9fe0aa'
[11068c9d-9bad-4baf-932a-e18515619f49/build] unable to get git ref: failed to identify reference (tag/branch) for the checked-out revision '83bbea4780e015475f1b3747df8810f55b9fe0aa'
[11068c9d-9bad-4baf-932a-e18515619f49/build] unable to get git ref: failed to identify reference (tag/branch) for the checked-out revision '83bbea4780e015475f1b3747df8810f55b9fe0aa'
[11068c9d-9bad-4baf-932a-e18515619f49/build]   üê≥  docker exec cmd=[bash --noprofile --norc -e -o pipefail /var/run/act/workflow/2] user= workdir=
[11068c9d-9bad-4baf-932a-e18515619f49/build]   | [INFO] Scanning for projects...
[11068c9d-9bad-4baf-932a-e18515619f49/build]   | [INFO] 
[11068c9d-9bad-4baf-932a-e18515619f49/build]   | [INFO] ----------------< com.github.javadev:leetcode-in-java >-----------------
[11068c9d-9bad-4baf-932a-e18515619f49/build]   | [INFO] Building leetcode-in-java 1.1
[11068c9d-9bad-4baf-932a-e18515619f49/build]   | [INFO] --------------------------------[ jar ]---------------------------------
[11068c9d-9bad-4baf-932a-e18515619f49/build]   | [INFO] Downloading from central: https://repo.maven.apache.org/maven2/org/jacoco/jacoco-maven-plugin/0.8.4/jacoco-maven-plugin-0.8.4.pom
[11068c9d-9bad-4baf-932a-e18515619f49/build]   | [INFO] Downloaded from central: https://repo.maven.apache.org/maven2/org/jacoco/jacoco-maven-plugin/0.8.4/jacoco-maven-plugin-0.8.4.pom (4.4 kB at 6.5 kB/s)
[11068c9d-9bad-4baf-932a-e18515619f49/build]   | [INFO] Downloading from central: https://repo.maven.apache.org/maven2/org/jacoco/org.jacoco.build/0.8.4/org.jacoco.build-0.8.4.pom
[11068c9d-9bad-4baf-932a-e18515619f49/build]   | [INFO] Downloaded from central: https://repo.maven.apache.org/maven2/org/jacoco/org.jacoco.build/0.8.4/org.jacoco.build-0.8.4.pom (39 kB at 577 kB/s)
[11068c9d-9bad-4baf-932a-e18515619f49/build]   | [INFO] Downloading from central: https://repo.maven.apache.org/maven2/org/jacoco/jacoco-maven-plugin/0.8.4/jacoco-maven-plugin-0.8.4.jar
[11068c9d-9bad-4baf-932a-e18515619f49/build]   | [INFO] Downloaded from central: https://repo.maven.apache.org/maven2/org/jacoco/jacoco-maven-plugin/0.8.4/jacoco-maven-plugin-0.8.4.jar (53 kB at 1.3 MB/s)
[11068c9d-9bad-4baf-932a-e18515619f49/build]   | [INFO] Downloading from central: https://repo.maven.apache.org/maven2/org/apache/maven/plugins/maven-source-plugin/3.0.1/maven-source-plugin-3.0.1.pom
[11068c9d-9bad-4baf-932a-e18515619f49/build]   | [INFO] Downloaded from central: https://repo.maven.apache.org/maven2/org/apache/maven/plugins/maven-source-plugin/3.0.1/maven-source-plugin-3.0.1.pom (5.7 kB at 474 kB/s)
[11068c9d-9bad-4baf-932a-e18515619f49/build]   | [INFO] Downloading from central: https://repo.maven.apache.org/maven2/org/apache/maven/plugins/maven-plugins/30/maven-plugins-30.pom
[11068c9d-9bad-4baf-932a-e18515619f49/build]   | [INFO] Downloaded from central: https://repo.maven.apache.org/maven2/org/apache/maven/plugins/maven-plugins/30/maven-plugins-30.pom (10 kB at 782 kB/s)
[11068c9d-9bad-4baf-932a-e18515619f49/build]   | [INFO] Downloading from central: https://repo.maven.apache.org/maven2/org/apache/maven/maven-parent/30/maven-parent-30.pom
[11068c9d-9bad-4baf-932a-e18515619f49/build]   | [INFO] Downloaded from central: https://repo.maven.apache.org/maven2/org/apache/maven/maven-parent/30/maven-parent-30.pom (41 kB at 3.8 MB/s)
[11068c9d-9bad-4baf-932a-e18515619f49/build]   | [INFO] Downloading from central: https://repo.maven.apache.org/maven2/org/apache/apache/18/apache-18.pom
[11068c9d-9bad-4baf-932a-e18515619f49/build]   | [INFO] Downloaded from central: https://repo.maven.apache.org/maven2/org/apache/apache/18/apache-18.pom (16 kB at 1.6 MB/s)
[11068c9d-9bad-4baf-932a-e18515619f49/build]   | [INFO] Downloading from central: https://repo.maven.apache.org/maven2/org/apache/maven/plugins/maven-source-plugin/3.0.1/maven-source-plugin-3.0.1.jar
[11068c9d-9bad-4baf-932a-e18515619f49/build]   | [INFO] Downloaded from central: https://repo.maven.apache.org/maven2/org/apache/maven/plugins/maven-source-plugin/3.0.1/maven-source-plugin-3.0.1.jar (31 kB at 2.9 MB/s)
[11068c9d-9bad-4baf-932a-e18515619f49/build]   | [INFO] Downloading from central: https://repo.maven.apache.org/maven2/org/apache/maven/plugins/maven-javadoc-plugin/3.1.0/maven-javadoc-plugin-3.1.0.pom
[11068c9d-9bad-4baf-932a-e18515619f49/build]   | [INFO] Downloaded from central: https://repo.maven.apache.org/maven2/org/apache/maven/plugins/maven-javadoc-plugin/3.1.0/maven-javadoc-plugin-3.1.0.pom (19 kB at 1.4 MB/s)
[11068c9d-9bad-4baf-932a-e18515619f49/build]   | [INFO] Downloading from central: https://repo.maven.apache.org/maven2/org/apache/maven/plugins/maven-plugins/33/maven-plugins-33.pom
[11068c9d-9bad-4baf-932a-e18515619f49/build]   | [INFO] Downloaded from central: https://repo.maven.apache.org/maven2/org/apache/maven/plugins/maven-plugins/33/maven-plugins-33.pom (11 kB at 712 kB/s)
[11068c9d-9bad-4baf-932a-e18515619f49/build]   | [INFO] Downloading from central: https://repo.maven.apache.org/maven2/org/apache/maven/maven-parent/33/maven-parent-33.pom
[11068c9d-9bad-4baf-932a-e18515619f49/build]   | [INFO] Downloaded from central: https://repo.maven.apache.org/maven2/org/apache/maven/maven-parent/33/maven-parent-33.pom (44 kB at 4.4 MB/s)
[11068c9d-9bad-4baf-932a-e18515619f49/build]   | [INFO] Downloading from central: https://repo.maven.apache.org/maven2/org/apache/apache/21/apache-21.pom
[11068c9d-9bad-4baf-932a-e18515619f49/build]   | [INFO] Downloaded from central: https://repo.maven.apache.org/maven2/org/apache/apache/21/apache-21.pom (17 kB at 1.1 MB/s)
[11068c9d-9bad-4baf-932a-e18515619f49/build]   | [INFO] Downloading from central: https://repo.maven.apache.org/maven2/org/apache/maven/plugins/maven-javadoc-plugin/3.1.0/maven-javadoc-plugin-3.1.0.jar
[11068c9d-9bad-4baf-932a-e18515619f49/build]   | [INFO] Downloaded from central: https://repo.maven.apache.org/maven2/org/apache/maven/plugins/maven-javadoc-plugin/3.1.0/maven-javadoc-plugin-3.1.0.jar (481 kB at 8.7 MB/s)
[11068c9d-9bad-4baf-932a-e18515619f49/build]   | [INFO] Downloading from central: https://repo.maven.apache.org/maven2/org/apache/maven/plugins/maven-resources-plugin/2.6/maven-resources-plugin-2.6.pom
[11068c9d-9bad-4baf-932a-e18515619f49/build]   | [INFO] Downloaded from central: https://repo.maven.apache.org/maven2/org/apache/maven/plugins/maven-resources-plugin/2.6/maven-resources-plugin-2.6.pom (8.1 kB at 325 kB/s)
[11068c9d-9bad-4baf-932a-e18515619f49/build]   | [INFO] Downloading from central: https://repo.maven.apache.org/maven2/org/apache/maven/plugins/maven-plugins/23/maven-plugins-23.pom
[11068c9d-9bad-4baf-932a-e18515619f49/build]   | [INFO] Downloaded from central: https://repo.maven.apache.org/maven2/org/apache/maven/plugins/maven-plugins/23/maven-plugins-23.pom (9.2 kB at 279 kB/s)
[11068c9d-9bad-4baf-932a-e18515619f49/build]   | [INFO] Downloading from central: https://repo.maven.apache.org/maven2/org/apache/maven/maven-parent/22/maven-parent-22.pom
[11068c9d-9bad-4baf-932a-e18515619f49/build]   | [INFO] Downloaded from central: https://repo.maven.apache.org/maven2/org/apache/maven/maven-parent/22/maven-parent-22.pom (30 kB at 929 kB/s)
[11068c9d-9bad-4baf-932a-e18515619f49/build]   | [INFO] Downloading from central: https://repo.maven.apache.org/maven2/org/apache/apache/11/apache-11.pom
[11068c9d-9bad-4baf-932a-e18515619f49/build]   | [INFO] Downloaded from central: https://repo.maven.apache.org/maven2/org/apache/apache/11/apache-11.pom (15 kB at 549 kB/s)
[11068c9d-9bad-4baf-932a-e18515619f49/build]   | [INFO] Downloading from central: https://repo.maven.apache.org/maven2/org/apache/maven/plugins/maven-resources-plugin/2.6/maven-resources-plugin-2.6.jar
[11068c9d-9bad-4baf-932a-e18515619f49/build]   | [INFO] Downloaded from central: https://repo.maven.apache.org/maven2/org/apache/maven/plugins/maven-resources-plugin/2.6/maven-resources-plugin-2.6.jar (30 kB at 868 kB/s)
[11068c9d-9bad-4baf-932a-e18515619f49/build]   | [INFO] Downloading from central: https://repo.maven.apache.org/maven2/org/apache/maven/plugins/maven-compiler-plugin/3.8.0/maven-compiler-plugin-3.8.0.pom
[11068c9d-9bad-4baf-932a-e18515619f49/build]   | [INFO] Downloaded from central: https://repo.maven.apache.org/maven2/org/apache/maven/plugins/maven-compiler-plugin/3.8.0/maven-compiler-plugin-3.8.0.pom (12 kB at 1.4 MB/s)
[11068c9d-9bad-4baf-932a-e18515619f49/build]   | [INFO] Downloading from central: https://repo.maven.apache.org/maven2/org/apache/maven/plugins/maven-plugins/32/maven-plugins-32.pom
[11068c9d-9bad-4baf-932a-e18515619f49/build]   | [INFO] Downloaded from central: https://repo.maven.apache.org/maven2/org/apache/maven/plugins/maven-plugins/32/maven-plugins-32.pom (11 kB at 1.2 MB/s)
[11068c9d-9bad-4baf-932a-e18515619f49/build]   | [INFO] Downloading from central: https://repo.maven.apache.org/maven2/org/apache/maven/maven-parent/32/maven-parent-32.pom
[11068c9d-9bad-4baf-932a-e18515619f49/build]   | [INFO] Downloaded from central: https://repo.maven.apache.org/maven2/org/apache/maven/maven-parent/32/maven-parent-32.pom (43 kB at 4.3 MB/s)
[11068c9d-9bad-4baf-932a-e18515619f49/build]   | [INFO] Downloading from central: https://repo.maven.apache.org/maven2/org/apache/apache/20/apache-20.pom
[11068c9d-9bad-4baf-932a-e18515619f49/build]   | [INFO] Downloaded from central: https://repo.maven.apache.org/maven2/org/apache/apache/20/apache-20.pom (16 kB at 1.4 MB/s)
[11068c9d-9bad-4baf-932a-e18515619f49/build]   | [INFO] Downloading from central: https://repo.maven.apache.org/maven2/org/apache/maven/plugins/maven-compiler-plugin/3.8.0/maven-compiler-plugin-3.8.0.jar
[11068c9d-9bad-4baf-932a-e18515619f49/build]   | [INFO] Downloaded from central: https://repo.maven.apache.org/maven2/org/apache/maven/plugins/maven-compiler-plugin/3.8.0/maven-compiler-plugin-3.8.0.jar (62 kB at 6.9 MB/s)
[11068c9d-9bad-4baf-932a-e18515619f49/build]   | [INFO] Downloading from central: https://repo.maven.apache.org/maven2/org/apache/maven/plugins/maven-surefire-plugin/2.12.4/maven-surefire-plugin-2.12.4.pom
[11068c9d-9bad-4baf-932a-e18515619f49/build]   | [INFO] Downloaded from central: https://repo.maven.apache.org/maven2/org/apache/maven/plugins/maven-surefire-plugin/2.12.4/maven-surefire-plugin-2.12.4.pom (10 kB at 1.3 MB/s)
[11068c9d-9bad-4baf-932a-e18515619f49/build]   | [INFO] Downloading from central: https://repo.maven.apache.org/maven2/org/apache/maven/surefire/surefire/2.12.4/surefire-2.12.4.pom
[11068c9d-9bad-4baf-932a-e18515619f49/build]   | [INFO] Downloaded from central: https://repo.maven.apache.org/maven2/org/apache/maven/surefire/surefire/2.12.4/surefire-2.12.4.pom (14 kB at 1.4 MB/s)
[11068c9d-9bad-4baf-932a-e18515619f49/build]   | [INFO] Downloading from central: https://repo.maven.apache.org/maven2/org/apache/maven/plugins/maven-surefire-plugin/2.12.4/maven-surefire-plugin-2.12.4.jar
[11068c9d-9bad-4baf-932a-e18515619f49/build]   | [INFO] Downloaded from central: https://repo.maven.apache.org/maven2/org/apache/maven/plugins/maven-surefire-plugin/2.12.4/maven-surefire-plugin-2.12.4.jar (30 kB at 3.4 MB/s)
[11068c9d-9bad-4baf-932a-e18515619f49/build]   | [INFO] Downloading from central: https://repo.maven.apache.org/maven2/org/apache/maven/plugins/maven-jar-plugin/2.4/maven-jar-plugin-2.4.pom
[11068c9d-9bad-4baf-932a-e18515619f49/build]   | [INFO] Downloaded from central: https://repo.maven.apache.org/maven2/org/apache/maven/plugins/maven-jar-plugin/2.4/maven-jar-plugin-2.4.pom (5.8 kB at 583 kB/s)
[11068c9d-9bad-4baf-932a-e18515619f49/build]   | [INFO] Downloading from central: https://repo.maven.apache.org/maven2/org/apache/maven/plugins/maven-plugins/22/maven-plugins-22.pom
[11068c9d-9bad-4baf-932a-e18515619f49/build]   | [INFO] Downloaded from central: https://repo.maven.apache.org/maven2/org/apache/maven/plugins/maven-plugins/22/maven-plugins-22.pom (13 kB at 724 kB/s)
[11068c9d-9bad-4baf-932a-e18515619f49/build]   | [INFO] Downloading from central: https://repo.maven.apache.org/maven2/org/apache/maven/maven-parent/21/maven-parent-21.pom
[11068c9d-9bad-4baf-932a-e18515619f49/build]   | [INFO] Downloaded from central: https://repo.maven.apache.org/maven2/org/apache/maven/maven-parent/21/maven-parent-21.pom (26 kB at 1.9 MB/s)
[11068c9d-9bad-4baf-932a-e18515619f49/build]   | [INFO] Downloading from central: https://repo.maven.apache.org/maven2/org/apache/apache/10/apache-10.pom
[11068c9d-9bad-4baf-932a-e18515619f49/build]   | [INFO] Downloaded from central: https://repo.maven.apache.org/maven2/org/apache/apache/10/apache-10.pom (15 kB at 1.1 MB/s)
[11068c9d-9bad-4baf-932a-e18515619f49/build]   | [INFO] Downloading from central: https://repo.maven.apache.org/maven2/org/apache/maven/plugins/maven-jar-plugin/2.4/maven-jar-plugin-2.4.jar
[11068c9d-9bad-4baf-932a-e18515619f49/build]   | [INFO] Downloaded from central: https://repo.maven.apache.org/maven2/org/apache/maven/plugins/maven-jar-plugin/2.4/maven-jar-plugin-2.4.jar (34 kB at 3.4 MB/s)
[11068c9d-9bad-4baf-932a-e18515619f49/build]   | [INFO] Downloading from central: https://repo.maven.apache.org/maven2/junit/junit/4.13.1/junit-4.13.1.pom
[11068c9d-9bad-4baf-932a-e18515619f49/build]   | [INFO] Downloaded from central: https://repo.maven.apache.org/maven2/junit/junit/4.13.1/junit-4.13.1.pom (25 kB at 1.3 MB/s)
[11068c9d-9bad-4baf-932a-e18515619f49/build]   | [INFO] Downloading from central: https://repo.maven.apache.org/maven2/org/hamcrest/hamcrest-core/1.3/hamcrest-core-1.3.pom
[11068c9d-9bad-4baf-932a-e18515619f49/build]   | [INFO] Downloaded from central: https://repo.maven.apache.org/maven2/org/hamcrest/hamcrest-core/1.3/hamcrest-core-1.3.pom (766 B at 40 kB/s)
[11068c9d-9bad-4baf-932a-e18515619f49/build]   | [INFO] Downloading from central: https://repo.maven.apache.org/maven2/org/hamcrest/hamcrest-parent/1.3/hamcrest-parent-1.3.pom
[11068c9d-9bad-4baf-932a-e18515619f49/build]   | [INFO] Downloaded from central: https://repo.maven.apache.org/maven2/org/hamcrest/hamcrest-parent/1.3/hamcrest-parent-1.3.pom (2.0 kB at 86 kB/s)
[11068c9d-9bad-4baf-932a-e18515619f49/build]   | [INFO] Downloading from central: https://repo.maven.apache.org/maven2/junit/junit/4.13.1/junit-4.13.1.jar
[11068c9d-9bad-4baf-932a-e18515619f49/build]   | [INFO] Downloading from central: https://repo.maven.apache.org/maven2/org/hamcrest/hamcrest-core/1.3/hamcrest-core-1.3.jar
[11068c9d-9bad-4baf-932a-e18515619f49/build]   | [INFO] Downloaded from central: https://repo.maven.apache.org/maven2/org/hamcrest/hamcrest-core/1.3/hamcrest-core-1.3.jar (45 kB at 1.2 MB/s)
[11068c9d-9bad-4baf-932a-e18515619f49/build]   | [INFO] Downloaded from central: https://repo.maven.apache.org/maven2/junit/junit/4.13.1/junit-4.13.1.jar (383 kB at 8.3 MB/s)
[11068c9d-9bad-4baf-932a-e18515619f49/build]   | [INFO] 
[11068c9d-9bad-4baf-932a-e18515619f49/build]   | [INFO] --- jacoco-maven-plugin:0.8.4:prepare-agent (prepare-agent) @ leetcode-in-java ---
[11068c9d-9bad-4baf-932a-e18515619f49/build]   | [INFO] Downloading from central: https://repo.maven.apache.org/maven2/org/apache/maven/maven-plugin-api/3.0/maven-plugin-api-3.0.pom
[11068c9d-9bad-4baf-932a-e18515619f49/build]   | [INFO] Downloaded from central: https://repo.maven.apache.org/maven2/org/apache/maven/maven-plugin-api/3.0/maven-plugin-api-3.0.pom (2.3 kB at 286 kB/s)
[11068c9d-9bad-4baf-932a-e18515619f49/build]   | [INFO] Downloading from central: https://repo.maven.apache.org/maven2/org/apache/maven/maven/3.0/maven-3.0.pom
[11068c9d-9bad-4baf-932a-e18515619f49/build]   | [INFO] Downloaded from central: https://repo.maven.apache.org/maven2/org/apache/maven/maven/3.0/maven-3.0.pom (22 kB at 2.4 MB/s)
[11068c9d-9bad-4baf-932a-e18515619f49/build]   | [INFO] Downloading from central: https://repo.maven.apache.org/maven2/org/apache/maven/maven-parent/15/maven-parent-15.pom
[11068c9d-9bad-4baf-932a-e18515619f49/build]   | [INFO] Downloaded from central: https://repo.maven.apache.org/maven2/org/apache/maven/maven-parent/15/maven-parent-15.pom (24 kB at 3.0 MB/s)
[11068c9d-9bad-4baf-932a-e18515619f49/build]   | [INFO] Downloading from central: https://repo.maven.apache.org/maven2/org/apache/apache/6/apache-6.pom
[11068c9d-9bad-4baf-932a-e18515619f49/build]   | [INFO] Downloaded from central: https://repo.maven.apache.org/maven2/org/apache/apache/6/apache-6.pom (13 kB at 413 kB/s)
[11068c9d-9bad-4baf-932a-e18515619f49/build]   | [INFO] Downloading from central: https://repo.maven.apache.org/maven2/org/apache/maven/maven-model/3.0/maven-model-3.0.pom
[11068c9d-9bad-4baf-932a-e18515619f49/build]   | [INFO] Downloaded from central: https://repo.maven.apache.org/maven2/org/apache/maven/maven-model/3.0/maven-model-3.0.pom (3.9 kB at 278 kB/s)
[11068c9d-9bad-4baf-932a-e18515619f49/build]   | [INFO] Downloading from central: https://repo.maven.apache.org/maven2/org/codehaus/plexus/plexus-utils/2.0.4/plexus-utils-2.0.4.pom
[11068c9d-9bad-4baf-932a-e18515619f49/build]   | [INFO] Downloaded from central: https://repo.maven.apache.org/maven2/org/codehaus/plexus/plexus-utils/2.0.4/plexus-utils-2.0.4.pom (3.3 kB at 370 kB/s)
[11068c9d-9bad-4baf-932a-e18515619f49/build]   | [INFO] Downloading from central: https://repo.maven.apache.org/maven2/org/codehaus/plexus/plexus/2.0.6/plexus-2.0.6.pom
[11068c9d-9bad-4baf-932a-e18515619f49/build]   | [INFO] Downloaded from central: https://repo.maven.apache.org/maven2/org/codehaus/plexus/plexus/2.0.6/plexus-2.0.6.pom (17 kB at 1.7 MB/s)
[11068c9d-9bad-4baf-932a-e18515619f49/build]   | [INFO] Downloading from central: https://repo.maven.apache.org/maven2/org/apache/maven/maven-artifact/3.0/maven-artifact-3.0.pom
[11068c9d-9bad-4baf-932a-e18515619f49/build]   | [INFO] Downloaded from central: https://repo.maven.apache.org/maven2/org/apache/maven/maven-artifact/3.0/maven-artifact-3.0.pom (1.9 kB at 241 kB/s)
[11068c9d-9bad-4baf-932a-e18515619f49/build]   | [INFO] Downloading from central: https://repo.maven.apache.org/maven2/org/sonatype/sisu/sisu-inject-plexus/1.4.2/sisu-inject-plexus-1.4.2.pom
[11068c9d-9bad-4baf-932a-e18515619f49/build]   | [INFO] Downloaded from central: https://repo.maven.apache.org/maven2/org/sonatype/sisu/sisu-inject-plexus/1.4.2/sisu-inject-plexus-1.4.2.pom (5.4 kB at 671 kB/s)
[11068c9d-9bad-4baf-932a-e18515619f49/build]   | [INFO] Downloading from central: https://repo.maven.apache.org/maven2/org/sonatype/sisu/inject/guice-plexus/1.4.2/guice-plexus-1.4.2.pom
[11068c9d-9bad-4baf-932a-e18515619f49/build]   | [INFO] Downloaded from central: https://repo.maven.apache.org/maven2/org/sonatype/sisu/inject/guice-plexus/1.4.2/guice-plexus-1.4.2.pom (3.1 kB at 521 kB/s)
[11068c9d-9bad-4baf-932a-e18515619f49/build]   | [INFO] Downloading from central: https://repo.maven.apache.org/maven2/org/sonatype/sisu/inject/guice-bean/1.4.2/guice-bean-1.4.2.pom
[11068c9d-9bad-4baf-932a-e18515619f49/build]   | [INFO] Downloaded from central: https://repo.maven.apache.org/maven2/org/sonatype/sisu/inject/guice-bean/1.4.2/guice-bean-1.4.2.pom (2.6 kB at 372 kB/s)
[11068c9d-9bad-4baf-932a-e18515619f49/build]   | [INFO] Downloading from central: https://repo.maven.apache.org/maven2/org/sonatype/sisu/sisu-inject/1.4.2/sisu-inject-1.4.2.pom
[11068c9d-9bad-4baf-932a-e18515619f49/build]   | [INFO] Downloaded from central: https://repo.maven.apache.org/maven2/org/sonatype/sisu/sisu-inject/1.4.2/sisu-inject-1.4.2.pom (1.2 kB at 59 kB/s)
[11068c9d-9bad-4baf-932a-e18515619f49/build]   | [INFO] Downloading from central: https://repo.maven.apache.org/maven2/org/sonatype/sisu/sisu-parent/1.4.2/sisu-parent-1.4.2.pom
[11068c9d-9bad-4baf-932a-e18515619f49/build]   | [INFO] Downloaded from central: https://repo.maven.apache.org/maven2/org/sonatype/sisu/sisu-parent/1.4.2/sisu-parent-1.4.2.pom (7.8 kB at 1.3 MB/s)
[11068c9d-9bad-4baf-932a-e18515619f49/build]   | [INFO] Downloading from central: https://repo.maven.apache.org/maven2/org/sonatype/forge/forge-parent/6/forge-parent-6.pom
[11068c9d-9bad-4baf-932a-e18515619f49/build]   | [INFO] Downloaded from central: https://repo.maven.apache.org/maven2/org/sonatype/forge/forge-parent/6/forge-parent-6.pom (11 kB at 1.1 MB/s)
[11068c9d-9bad-4baf-932a-e18515619f49/build]   | [INFO] Downloading from central: https://repo.maven.apache.org/maven2/org/codehaus/plexus/plexus-component-annotations/1.5.4/plexus-component-annotations-1.5.4.pom
[11068c9d-9bad-4baf-932a-e18515619f49/build]   | [INFO] Downloaded from central: https://repo.maven.apache.org/maven2/org/codehaus/plexus/plexus-component-annotations/1.5.4/plexus-component-annotations-1.5.4.pom (815 B at 102 kB/s)
[11068c9d-9bad-4baf-932a-e18515619f49/build]   | [INFO] Downloading from central: https://repo.maven.apache.org/maven2/org/codehaus/plexus/plexus-containers/1.5.4/plexus-containers-1.5.4.pom
[11068c9d-9bad-4baf-932a-e18515619f49/build]   | [INFO] Downloaded from central: https://repo.maven.apache.org/maven2/org/codehaus/plexus/plexus-containers/1.5.4/plexus-containers-1.5.4.pom (4.2 kB at 530 kB/s)
[11068c9d-9bad-4baf-932a-e18515619f49/build]   | [INFO] Downloading from central: https://repo.maven.apache.org/maven2/org/codehaus/plexus/plexus/2.0.5/plexus-2.0.5.pom
[11068c9d-9bad-4baf-932a-e18515619f49/build]   | [INFO] Downloaded from central: https://repo.maven.apache.org/maven2/org/codehaus/plexus/plexus/2.0.5/plexus-2.0.5.pom (17 kB at 2.2 MB/s)
[11068c9d-9bad-4baf-932a-e18515619f49/build]   | [INFO] Downloading from central: https://repo.maven.apache.org/maven2/org/codehaus/plexus/plexus-classworlds/2.2.3/plexus-classworlds-2.2.3.pom
[11068c9d-9bad-4baf-932a-e18515619f49/build]   | [INFO] Downloaded from central: https://repo.maven.apache.org/maven2/org/codehaus/plexus/plexus-classworlds/2.2.3/plexus-classworlds-2.2.3.pom (4.0 kB at 571 kB/s)
[11068c9d-9bad-4baf-932a-e18515619f49/build]   | [INFO] Downloading from central: https://repo.maven.apache.org/maven2/org/codehaus/plexus/plexus-utils/2.0.5/plexus-utils-2.0.5.pom
[11068c9d-9bad-4baf-932a-e18515619f49/build]   | [INFO] Downloaded from central: https://repo.maven.apache.org/maven2/org/codehaus/plexus/plexus-utils/2.0.5/plexus-utils-2.0.5.pom (3.3 kB at 196 kB/s)
[11068c9d-9bad-4baf-932a-e18515619f49/build]   | [INFO] Downloading from central: https://repo.maven.apache.org/maven2/org/sonatype/sisu/sisu-inject-bean/1.4.2/sisu-inject-bean-1.4.2.pom
[11068c9d-9bad-4baf-932a-e18515619f49/build]   | [INFO] Downloaded from central: https://repo.maven.apache.org/maven2/org/sonatype/sisu/sisu-inject-bean/1.4.2/sisu-inject-bean-1.4.2.pom (5.5 kB at 496 kB/s)
[11068c9d-9bad-4baf-932a-e18515619f49/build]   | [INFO] Downloading from central: https://repo.maven.apache.org/maven2/org/sonatype/sisu/sisu-guice/2.1.7/sisu-guice-2.1.7.pom
[11068c9d-9bad-4baf-932a-e18515619f49/build]   | [INFO] Downloaded from central: https://repo.maven.apache.org/maven2/org/sonatype/sisu/sisu-guice/2.1.7/sisu-guice-2.1.7.pom (11 kB at 922 kB/s)
[11068c9d-9bad-4baf-932a-e18515619f49/build]   | [INFO] Downloading from central: https://repo.maven.apache.org/maven2/org/apache/maven/maven-core/3.0/maven-core-3.0.pom
[11068c9d-9bad-4baf-932a-e18515619f49/build]   | [INFO] Downloaded from central: https://repo.maven.apache.org/maven2/org/apache/maven/maven-core/3.0/maven-core-3.0.pom (6.6 kB at 442 kB/s)
[11068c9d-9bad-4baf-932a-e18515619f49/build]   | [INFO] Downloading from central: https://repo.maven.apache.org/maven2/org/apache/maven/maven-settings/3.0/maven-settings-3.0.pom
[11068c9d-9bad-4baf-932a-e18515619f49/build]   | [INFO] Downloaded from central: https://repo.maven.apache.org/maven2/org/apache/maven/maven-settings/3.0/maven-settings-3.0.pom (1.9 kB at 78 kB/s)
[11068c9d-9bad-4baf-932a-e18515619f49/build]   | [INFO] Downloading from central: https://repo.maven.apache.org/maven2/org/apache/maven/maven-settings-builder/3.0/maven-settings-builder-3.0.pom
[11068c9d-9bad-4baf-932a-e18515619f49/build]   | [INFO] Downloaded from central: https://repo.maven.apache.org/maven2/org/apache/maven/maven-settings-builder/3.0/maven-settings-builder-3.0.pom (2.2 kB at 123 kB/s)
[11068c9d-9bad-4baf-932a-e18515619f49/build]   | [INFO] Downloading from central: https://repo.maven.apache.org/maven2/org/codehaus/plexus/plexus-interpolation/1.14/plexus-interpolation-1.14.pom
[11068c9d-9bad-4baf-932a-e18515619f49/build]   | [INFO] Downloaded from central: https://repo.maven.apache.org/maven2/org/codehaus/plexus/plexus-interpolation/1.14/plexus-interpolation-1.14.pom (910 B at 21 kB/s)
[11068c9d-9bad-4baf-932a-e18515619f49/build]   | [INFO] Downloading from central: https://repo.maven.apache.org/maven2/org/codehaus/plexus/plexus-components/1.1.18/plexus-components-1.1.18.pom
[11068c9d-9bad-4baf-932a-e18515619f49/build]   | [INFO] Downloaded from central: https://repo.maven.apache.org/maven2/org/codehaus/plexus/plexus-components/1.1.18/plexus-components-1.1.18.pom (5.4 kB at 116 kB/s)
[11068c9d-9bad-4baf-932a-e18515619f49/build]   | [INFO] Downloading from central: https://repo.maven.apache.org/maven2/org/codehaus/plexus/plexus/2.0.7/plexus-2.0.7.pom
[11068c9d-9bad-4baf-932a-e18515619f49/build]   | [INFO] Downloaded from central: https://repo.maven.apache.org/maven2/org/codehaus/plexus/plexus/2.0.7/plexus-2.0.7.pom (17 kB at 1.7 MB/s)
[11068c9d-9bad-4baf-932a-e18515619f49/build]   | [INFO] Downloading from central: https://repo.maven.apache.org/maven2/org/codehaus/plexus/plexus-component-annotations/1.5.5/plexus-component-annotations-1.5.5.pom
[11068c9d-9bad-4baf-932a-e18515619f49/build]   | [INFO] Downloaded from central: https://repo.maven.apache.org/maven2/org/codehaus/plexus/plexus-component-annotations/1.5.5/plexus-component-annotations-1.5.5.pom (815 B at 43 kB/s)
[11068c9d-9bad-4baf-932a-e18515619f49/build]   | [INFO] Downloading from central: https://repo.maven.apache.org/maven2/org/codehaus/plexus/plexus-containers/1.5.5/plexus-containers-1.5.5.pom
[11068c9d-9bad-4baf-932a-e18515619f49/build]   | [INFO] Downloaded from central: https://repo.maven.apache.org/maven2/org/codehaus/plexus/plexus-containers/1.5.5/plexus-containers-1.5.5.pom (4.2 kB at 326 kB/s)
[11068c9d-9bad-4baf-932a-e18515619f49/build]   | [INFO] Downloading from central: https://repo.maven.apache.org/maven2/org/sonatype/plexus/plexus-sec-dispatcher/1.3/plexus-sec-dispatcher-1.3.pom
[11068c9d-9bad-4baf-932a-e18515619f49/build]   | [INFO] Downloaded from central: https://repo.maven.apache.org/maven2/org/sonatype/plexus/plexus-sec-dispatcher/1.3/plexus-sec-dispatcher-1.3.pom (3.0 kB at 329 kB/s)
[11068c9d-9bad-4baf-932a-e18515619f49/build]   | [INFO] Downloading from central: https://repo.maven.apache.org/maven2/org/sonatype/spice/spice-parent/12/spice-parent-12.pom
[11068c9d-9bad-4baf-932a-e18515619f49/build]   | [INFO] Downloaded from central: https://repo.maven.apache.org/maven2/org/sonatype/spice/spice-parent/12/spice-parent-12.pom (6.8 kB at 340 kB/s)
[11068c9d-9bad-4baf-932a-e18515619f49/build]   | [INFO] Downloading from central: https://repo.maven.apache.org/maven2/org/sonatype/forge/forge-parent/4/forge-parent-4.pom
[11068c9d-9bad-4baf-932a-e18515619f49/build]   | [INFO] Downloaded from central: https://repo.maven.apache.org/maven2/org/sonatype/forge/forge-parent/4/forge-parent-4.pom (8.4 kB at 420 kB/s)
[11068c9d-9bad-4baf-932a-e18515619f49/build]   | [INFO] Downloading from central: https://repo.maven.apache.org/maven2/org/codehaus/plexus/plexus-utils/1.5.5/plexus-utils-1.5.5.pom
[11068c9d-9bad-4baf-932a-e18515619f49/build]   | [INFO] Downloaded from central: https://repo.maven.apache.org/maven2/org/codehaus/plexus/plexus-utils/1.5.5/plexus-utils-1.5.5.pom (5.1 kB at 198 kB/s)
[11068c9d-9bad-4baf-932a-e18515619f49/build]   | [INFO] Downloading from central: https://repo.maven.apache.org/maven2/org/codehaus/plexus/plexus/1.0.11/plexus-1.0.11.pom
[11068c9d-9bad-4baf-932a-e18515619f49/build]   | [INFO] Downloaded from central: https://repo.maven.apache.org/maven2/org/codehaus/plexus/plexus/1.0.11/plexus-1.0.11.pom (9.0 kB at 1.3 MB/s)
[11068c9d-9bad-4baf-932a-e18515619f49/build]   | [INFO] Downloading from central: https://repo.maven.apache.org/maven2/org/sonatype/plexus/plexus-cipher/1.4/plexus-cipher-1.4.pom
[11068c9d-9bad-4baf-932a-e18515619f49/build]   | [INFO] Downloaded from central: https://repo.maven.apache.org/maven2/org/sonatype/plexus/plexus-cipher/1.4/plexus-cipher-1.4.pom (2.1 kB at 258 kB/s)
[11068c9d-9bad-4baf-932a-e18515619f49/build]   | [INFO] Downloading from central: https://repo.maven.apache.org/maven2/org/apache/maven/maven-repository-metadata/3.0/maven-repository-metadata-3.0.pom
[11068c9d-9bad-4baf-932a-e18515619f49/build]   | [INFO] Downloaded from central: https://repo.maven.apache.org/maven2/org/apache/maven/maven-repository-metadata/3.0/maven-repository-metadata-3.0.pom (1.9 kB at 276 kB/s)
[11068c9d-9bad-4baf-932a-e18515619f49/build]   | [INFO] Downloading from central: https://repo.maven.apache.org/maven2/org/apache/maven/maven-model-builder/3.0/maven-model-builder-3.0.pom
[11068c9d-9bad-4baf-932a-e18515619f49/build]   | [INFO] Downloaded from central: https://repo.maven.apache.org/maven2/org/apache/maven/maven-model-builder/3.0/maven-model-builder-3.0.pom (2.2 kB at 44 kB/s)
[11068c9d-9bad-4baf-932a-e18515619f49/build]   | [INFO] Downloading from central: https://repo.maven.apache.org/maven2/org/apache/maven/maven-aether-provider/3.0/maven-aether-provider-3.0.pom
[11068c9d-9bad-4baf-932a-e18515619f49/build]   | [INFO] Downloaded from central: https://repo.maven.apache.org/maven2/org/apache/maven/maven-aether-provider/3.0/maven-aether-provider-3.0.pom (2.5 kB at 154 kB/s)
[11068c9d-9bad-4baf-932a-e18515619f49/build]   | [INFO] Downloading from central: https://repo.maven.apache.org/maven2/org/sonatype/aether/aether-api/1.7/aether-api-1.7.pom
[11068c9d-9bad-4baf-932a-e18515619f49/build]   | [INFO] Downloaded from central: https://repo.maven.apache.org/maven2/org/sonatype/aether/aether-api/1.7/aether-api-1.7.pom (1.7 kB at 152 kB/s)
[11068c9d-9bad-4baf-932a-e18515619f49/build]   | [INFO] Downloading from central: https://repo.maven.apache.org/maven2/org/sonatype/aether/aether-parent/1.7/aether-parent-1.7.pom
[11068c9d-9bad-4baf-932a-e18515619f49/build]   | [INFO] Downloaded from central: https://repo.maven.apache.org/maven2/org/sonatype/aether/aether-parent/1.7/aether-parent-1.7.pom (7.7 kB at 858 kB/s)
[11068c9d-9bad-4baf-932a-e18515619f49/build]   | [INFO] Downloading from central: https://repo.maven.apache.org/maven2/org/sonatype/aether/aether-util/1.7/aether-util-1.7.pom
[11068c9d-9bad-4baf-932a-e18515619f49/build]   | [INFO] Downloaded from central: https://repo.maven.apache.org/maven2/org/sonatype/aether/aether-util/1.7/aether-util-1.7.pom (2.1 kB at 109 kB/s)
[11068c9d-9bad-4baf-932a-e18515619f49/build]   | [INFO] Downloading from central: https://repo.maven.apache.org/maven2/org/sonatype/aether/aether-impl/1.7/aether-impl-1.7.pom
[11068c9d-9bad-4baf-932a-e18515619f49/build]   | [INFO] Downloaded from central: https://repo.maven.apache.org/maven2/org/sonatype/aether/aether-impl/1.7/aether-impl-1.7.pom (3.7 kB at 217 kB/s)
[11068c9d-9bad-4baf-932a-e18515619f49/build]   | [INFO] Downloading from central: https://repo.maven.apache.org/maven2/org/sonatype/aether/aether-spi/1.7/aether-spi-1.7.pom
[11068c9d-9bad-4baf-932a-e18515619f49/build]   | [INFO] Downloaded from central: https://repo.maven.apache.org/maven2/org/sonatype/aether/aether-spi/1.7/aether-spi-1.7.pom (1.7 kB at 134 kB/s)
[11068c9d-9bad-4baf-932a-e18515619f49/build]   | [INFO] Downloading from central: https://repo.maven.apache.org/maven2/org/codehaus/plexus/plexus-utils/3.0.22/plexus-utils-3.0.22.pom
[11068c9d-9bad-4baf-932a-e18515619f49/build]   | [INFO] Downloaded from central: https://repo.maven.apache.org/maven2/org/codehaus/plexus/plexus-utils/3.0.22/plexus-utils-3.0.22.pom (3.8 kB at 202 kB/s)
[11068c9d-9bad-4baf-932a-e18515619f49/build]   | [INFO] Downloading from central: https://repo.maven.apache.org/maven2/org/codehaus/plexus/plexus/3.3.1/plexus-3.3.1.pom
[11068c9d-9bad-4baf-932a-e18515619f49/build]   | [INFO] Downloaded from central: https://repo.maven.apache.org/maven2/org/codehaus/plexus/plexus/3.3.1/plexus-3.3.1.pom (20 kB at 1.2 MB/s)
[11068c9d-9bad-4baf-932a-e18515619f49/build]   | [INFO] Downloading from central: https://repo.maven.apache.org/maven2/org/sonatype/spice/spice-parent/17/spice-parent-17.pom
[11068c9d-9bad-4baf-932a-e18515619f49/build]   | [INFO] Downloaded from central: https://repo.maven.apache.org/maven2/org/sonatype/spice/spice-parent/17/spice-parent-17.pom (6.8 kB at 1.1 MB/s)
[11068c9d-9bad-4baf-932a-e18515619f49/build]   | [INFO] Downloading from central: https://repo.maven.apache.org/maven2/org/sonatype/forge/forge-parent/10/forge-parent-10.pom
[11068c9d-9bad-4baf-932a-e18515619f49/build]   | [INFO] Downloaded from central: https://repo.maven.apache.org/maven2/org/sonatype/forge/forge-parent/10/forge-parent-10.pom (14 kB at 848 kB/s)
[11068c9d-9bad-4baf-932a-e18515619f49/build]   | [INFO] Downloading from central: https://repo.maven.apache.org/maven2/org/apache/maven/shared/file-management/1.2.1/file-management-1.2.1.pom
[11068c9d-9bad-4baf-932a-e18515619f49/build]   | [INFO] Downloaded from central: https://repo.maven.apache.org/maven2/org/apache/maven/shared/file-management/1.2.1/file-management-1.2.1.pom (3.9 kB at 259 kB/s)
[11068c9d-9bad-4baf-932a-e18515619f49/build]   | [INFO] Downloading from central: https://repo.maven.apache.org/maven2/org/apache/maven/shared/maven-shared-components/10/maven-shared-components-10.pom
[11068c9d-9bad-4baf-932a-e18515619f49/build]   | [INFO] Downloaded from central: https://repo.maven.apache.org/maven2/org/apache/maven/shared/maven-shared-components/10/maven-shared-components-10.pom (8.4 kB at 1.4 MB/s)
[11068c9d-9bad-4baf-932a-e18515619f49/build]   | [INFO] Downloading from central: https://repo.maven.apache.org/maven2/org/apache/maven/maven-parent/9/maven-parent-9.pom
[11068c9d-9bad-4baf-932a-e18515619f49/build]   | [INFO] Downloaded from central: https://repo.maven.apache.org/maven2/org/apache/maven/maven-parent/9/maven-parent-9.pom (33 kB at 4.1 MB/s)
[11068c9d-9bad-4baf-932a-e18515619f49/build]   | [INFO] Downloading from central: https://repo.maven.apache.org/maven2/org/apache/apache/4/apache-4.pom
[11068c9d-9bad-4baf-932a-e18515619f49/build]   | [INFO] Downloaded from central: https://repo.maven.apache.org/maven2/org/apache/apache/4/apache-4.pom (4.5 kB at 346 kB/s)
[11068c9d-9bad-4baf-932a-e18515619f49/build]   | [INFO] Downloading from central: https://repo.maven.apache.org/maven2/org/apache/maven/maven-plugin-api/2.0.6/maven-plugin-api-2.0.6.pom
[11068c9d-9bad-4baf-932a-e18515619f49/build]   | [INFO] Downloaded from central: https://repo.maven.apache.org/maven2/org/apache/maven/maven-plugin-api/2.0.6/maven-plugin-api-2.0.6.pom (1.5 kB at 61 kB/s)
[11068c9d-9bad-4baf-932a-e18515619f49/build]   | [INFO] Downloading from central: https://repo.maven.apache.org/maven2/org/apache/maven/maven/2.0.6/maven-2.0.6.pom
[11068c9d-9bad-4baf-932a-e18515619f49/build]   | [INFO] Downloaded from central: https://repo.maven.apache.org/maven2/org/apache/maven/maven/2.0.6/maven-2.0.6.pom (9.0 kB at 377 kB/s)
[11068c9d-9bad-4baf-932a-e18515619f49/build]   | [INFO] Downloading from central: https://repo.maven.apache.org/maven2/org/apache/maven/maven-parent/5/maven-parent-5.pom
[11068c9d-9bad-4baf-932a-e18515619f49/build]   | [INFO] Downloaded from central: https://repo.maven.apache.org/maven2/org/apache/maven/maven-parent/5/maven-parent-5.pom (15 kB at 1.5 MB/s)
[11068c9d-9bad-4baf-932a-e18515619f49/build]   | [INFO] Downloading from central: https://repo.maven.apache.org/maven2/org/apache/apache/3/apache-3.pom
[11068c9d-9bad-4baf-932a-e18515619f49/build]   | [INFO] Downloaded from central: https://repo.maven.apache.org/maven2/org/apache/apache/3/apache-3.pom (3.4 kB at 429 kB/s)
[11068c9d-9bad-4baf-932a-e18515619f49/build]   | [INFO] Downloading from central: https://repo.maven.apache.org/maven2/org/apache/maven/shared/maven-shared-io/1.1/maven-shared-io-1.1.pom
[11068c9d-9bad-4baf-932a-e18515619f49/build]   | [INFO] Downloaded from central: https://repo.maven.apache.org/maven2/org/apache/maven/shared/maven-shared-io/1.1/maven-shared-io-1.1.pom (4.1 kB at 119 kB/s)
[11068c9d-9bad-4baf-932a-e18515619f49/build]   | [INFO] Downloading from central: https://repo.maven.apache.org/maven2/org/apache/maven/shared/maven-shared-components/8/maven-shared-components-8.pom
[11068c9d-9bad-4baf-932a-e18515619f49/build]   | [INFO] Downloaded from central: https://repo.maven.apache.org/maven2/org/apache/maven/shared/maven-shared-components/8/maven-shared-components-8.pom (2.7 kB at 89 kB/s)
[11068c9d-9bad-4baf-932a-e18515619f49/build]   | [INFO] Downloading from central: https://repo.maven.apache.org/maven2/org/apache/maven/maven-parent/7/maven-parent-7.pom
[11068c9d-9bad-4baf-932a-e18515619f49/build]   | [INFO] Downloaded from central: https://repo.maven.apache.org/maven2/org/apache/maven/maven-parent/7/maven-parent-7.pom (21 kB at 1.4 MB/s)
[11068c9d-9bad-4baf-932a-e18515619f49/build]   | [INFO] Downloading from central: https://repo.maven.apache.org/maven2/org/apache/maven/maven-artifact/2.0.2/maven-artifact-2.0.2.pom
[11068c9d-9bad-4baf-932a-e18515619f49/build]   | [INFO] Downloaded from central: https://repo.maven.apache.org/maven2/org/apache/maven/maven-artifact/2.0.2/maven-artifact-2.0.2.pom (765 B at 109 kB/s)
[11068c9d-9bad-4baf-932a-e18515619f49/build]   | [INFO] Downloading from central: https://repo.maven.apache.org/maven2/org/apache/maven/maven/2.0.2/maven-2.0.2.pom
[11068c9d-9bad-4baf-932a-e18515619f49/build]   | [INFO] Downloaded from central: https://repo.maven.apache.org/maven2/org/apache/maven/maven/2.0.2/maven-2.0.2.pom (13 kB at 1.9 MB/s)
[11068c9d-9bad-4baf-932a-e18515619f49/build]   | [INFO] Downloading from central: https://repo.maven.apache.org/maven2/org/codehaus/plexus/plexus-utils/1.1/plexus-utils-1.1.pom
[11068c9d-9bad-4baf-932a-e18515619f49/build]   | [INFO] Downloaded from central: https://repo.maven.apache.org/maven2/org/codehaus/plexus/plexus-utils/1.1/plexus-utils-1.1.pom (767 B at 128 kB/s)
[11068c9d-9bad-4baf-932a-e18515619f49/build]   | [INFO] Downloading from central: https://repo.maven.apache.org/maven2/org/codehaus/plexus/plexus/1.0.4/plexus-1.0.4.pom
[11068c9d-9bad-4baf-932a-e18515619f49/build]   | [INFO] Downloaded from central: https://repo.maven.apache.org/maven2/org/codehaus/plexus/plexus/1.0.4/plexus-1.0.4.pom (5.7 kB at 956 kB/s)
[11068c9d-9bad-4baf-932a-e18515619f49/build]   | [INFO] Downloading from central: https://repo.maven.apache.org/maven2/org/apache/maven/maven-artifact-manager/2.0.2/maven-artifact-manager-2.0.2.pom
[11068c9d-9bad-4baf-932a-e18515619f49/build]   | [INFO] Downloaded from central: https://repo.maven.apache.org/maven2/org/apache/maven/maven-artifact-manager/2.0.2/maven-artifact-manager-2.0.2.pom (1.4 kB at 70 kB/s)
[11068c9d-9bad-4baf-932a-e18515619f49/build]   | [INFO] Downloading from central: https://repo.maven.apache.org/maven2/org/apache/maven/maven-repository-metadata/2.0.2/maven-repository-metadata-2.0.2.pom
[11068c9d-9bad-4baf-932a-e18515619f49/build]   | [INFO] Downloaded from central: https://repo.maven.apache.org/maven2/org/apache/maven/maven-repository-metadata/2.0.2/maven-repository-metadata-2.0.2.pom (1.3 kB at 218 kB/s)
[11068c9d-9bad-4baf-932a-e18515619f49/build]   | [INFO] Downloading from central: https://repo.maven.apache.org/maven2/org/codehaus/plexus/plexus-container-default/1.0-alpha-9/plexus-container-default-1.0-alpha-9.pom
[11068c9d-9bad-4baf-932a-e18515619f49/build]   | [INFO] Downloaded from central: https://repo.maven.apache.org/maven2/org/codehaus/plexus/plexus-container-default/1.0-alpha-9/plexus-container-default-1.0-alpha-9.pom (1.2 kB at 206 kB/s)
[11068c9d-9bad-4baf-932a-e18515619f49/build]   | [INFO] Downloading from central: https://repo.maven.apache.org/maven2/org/codehaus/plexus/plexus-containers/1.0.3/plexus-containers-1.0.3.pom
[11068c9d-9bad-4baf-932a-e18515619f49/build]   | [INFO] Downloaded from central: https://repo.maven.apache.org/maven2/org/codehaus/plexus/plexus-containers/1.0.3/plexus-containers-1.0.3.pom (492 B at 82 kB/s)
[11068c9d-9bad-4baf-932a-e18515619f49/build]   | [INFO] Downloading from central: https://repo.maven.apache.org/maven2/junit/junit/4.8.2/junit-4.8.2.pom
[11068c9d-9bad-4baf-932a-e18515619f49/build]   | [INFO] Downloaded from central: https://repo.maven.apache.org/maven2/junit/junit/4.8.2/junit-4.8.2.pom (1.5 kB at 212 kB/s)
[11068c9d-9bad-4baf-932a-e18515619f49/build]   | [INFO] Downloading from central: https://repo.maven.apache.org/maven2/org/codehaus/plexus/plexus-utils/1.0.4/plexus-utils-1.0.4.pom
[11068c9d-9bad-4baf-932a-e18515619f49/build]   | [INFO] Downloaded from central: https://repo.maven.apache.org/maven2/org/codehaus/plexus/plexus-utils/1.0.4/plexus-utils-1.0.4.pom (6.9 kB at 236 kB/s)
[11068c9d-9bad-4baf-932a-e18515619f49/build]   | [INFO] Downloading from central: https://repo.maven.apache.org/maven2/classworlds/classworlds/1.1-alpha-2/classworlds-1.1-alpha-2.pom
[11068c9d-9bad-4baf-932a-e18515619f49/build]   | [INFO] Downloaded from central: https://repo.maven.apache.org/maven2/classworlds/classworlds/1.1-alpha-2/classworlds-1.1-alpha-2.pom (3.1 kB at 149 kB/s)
[11068c9d-9bad-4baf-932a-e18515619f49/build]   | [INFO] Downloading from central: https://repo.maven.apache.org/maven2/org/apache/maven/wagon/wagon-provider-api/1.0-alpha-6/wagon-provider-api-1.0-alpha-6.pom
[11068c9d-9bad-4baf-932a-e18515619f49/build]   | [INFO] Downloaded from central: https://repo.maven.apache.org/maven2/org/apache/maven/wagon/wagon-provider-api/1.0-alpha-6/wagon-provider-api-1.0-alpha-6.pom (588 B at 98 kB/s)
[11068c9d-9bad-4baf-932a-e18515619f49/build]   | [INFO] Downloading from central: https://repo.maven.apache.org/maven2/org/apache/maven/wagon/wagon/1.0-alpha-6/wagon-1.0-alpha-6.pom
[11068c9d-9bad-4baf-932a-e18515619f49/build]   | [INFO] Downloaded from central: https://repo.maven.apache.org/maven2/org/apache/maven/wagon/wagon/1.0-alpha-6/wagon-1.0-alpha-6.pom (6.4 kB at 1.1 MB/s)
[11068c9d-9bad-4baf-932a-e18515619f49/build]   | [INFO] Downloading from central: https://repo.maven.apache.org/maven2/org/codehaus/plexus/plexus-utils/1.4.6/plexus-utils-1.4.6.pom
[11068c9d-9bad-4baf-932a-e18515619f49/build]   | [INFO] Downloaded from central: https://repo.maven.apache.org/maven2/org/codehaus/plexus/plexus-utils/1.4.6/plexus-utils-1.4.6.pom (2.3 kB at 60 kB/s)
[11068c9d-9bad-4baf-932a-e18515619f49/build]   | [INFO] Downloading from central: https://repo.maven.apache.org/maven2/org/codehaus/plexus/plexus-utils/1.5.6/plexus-utils-1.5.6.pom
[11068c9d-9bad-4baf-932a-e18515619f49/build]   | [INFO] Downloaded from central: https://repo.maven.apache.org/maven2/org/codehaus/plexus/plexus-utils/1.5.6/plexus-utils-1.5.6.pom (5.3 kB at 757 kB/s)
[11068c9d-9bad-4baf-932a-e18515619f49/build]   | [INFO] Downloading from central: https://repo.maven.apache.org/maven2/org/codehaus/plexus/plexus/1.0.12/plexus-1.0.12.pom
[11068c9d-9bad-4baf-932a-e18515619f49/build]   | [INFO] Downloaded from central: https://repo.maven.apache.org/maven2/org/codehaus/plexus/plexus/1.0.12/plexus-1.0.12.pom (9.8 kB at 1.2 MB/s)
[11068c9d-9bad-4baf-932a-e18515619f49/build]   | [INFO] Downloading from central: https://repo.maven.apache.org/maven2/org/apache/maven/reporting/maven-reporting-api/3.0/maven-reporting-api-3.0.pom
[11068c9d-9bad-4baf-932a-e18515619f49/build]   | [INFO] Downloaded from central: https://repo.maven.apache.org/maven2/org/apache/maven/reporting/maven-reporting-api/3.0/maven-reporting-api-3.0.pom (2.4 kB at 216 kB/s)
[11068c9d-9bad-4baf-932a-e18515619f49/build]   | [INFO] Downloading from central: https://repo.maven.apache.org/maven2/org/apache/maven/shared/maven-shared-components/15/maven-shared-components-15.pom
[11068c9d-9bad-4baf-932a-e18515619f49/build]   | [INFO] Downloaded from central: https://repo.maven.apache.org/maven2/org/apache/maven/shared/maven-shared-components/15/maven-shared-components-15.pom (9.3 kB at 373 kB/s)
[11068c9d-9bad-4baf-932a-e18515619f49/build]   | [INFO] Downloading from central: https://repo.maven.apache.org/maven2/org/apache/maven/maven-parent/16/maven-parent-16.pom
[11068c9d-9bad-4baf-932a-e18515619f49/build]   | [INFO] Downloaded from central: https://repo.maven.apache.org/maven2/org/apache/maven/maven-parent/16/maven-parent-16.pom (23 kB at 1.2 MB/s)
[11068c9d-9bad-4baf-932a-e18515619f49/build]   | [INFO] Downloading from central: https://repo.maven.apache.org/maven2/org/apache/apache/7/apache-7.pom
[11068c9d-9bad-4baf-932a-e18515619f49/build]   | [INFO] Downloaded from central: https://repo.maven.apache.org/maven2/org/apache/apache/7/apache-7.pom (14 kB at 687 kB/s)
[11068c9d-9bad-4baf-932a-e18515619f49/build]   | [INFO] Downloading from central: https://repo.maven.apache.org/maven2/org/apache/maven/doxia/doxia-sink-api/1.0/doxia-sink-api-1.0.pom
[11068c9d-9bad-4baf-932a-e18515619f49/build]   | [INFO] Downloaded from central: https://repo.maven.apache.org/maven2/org/apache/maven/doxia/doxia-sink-api/1.0/doxia-sink-api-1.0.pom (1.4 kB at 87 kB/s)
[11068c9d-9bad-4baf-932a-e18515619f49/build]   | [INFO] Downloading from central: https://repo.maven.apache.org/maven2/org/apache/maven/doxia/doxia/1.0/doxia-1.0.pom
[11068c9d-9bad-4baf-932a-e18515619f49/build]   | [INFO] Downloaded from central: https://repo.maven.apache.org/maven2/org/apache/maven/doxia/doxia/1.0/doxia-1.0.pom (9.6 kB at 438 kB/s)
[11068c9d-9bad-4baf-932a-e18515619f49/build]   | [INFO] Downloading from central: https://repo.maven.apache.org/maven2/org/apache/maven/maven-parent/10/maven-parent-10.pom
[11068c9d-9bad-4baf-932a-e18515619f49/build]   | [INFO] Downloaded from central: https://repo.maven.apache.org/maven2/org/apache/maven/maven-parent/10/maven-parent-10.pom (32 kB at 1.8 MB/s)
[11068c9d-9bad-4baf-932a-e18515619f49/build]   | [INFO] Downloading from central: https://repo.maven.apache.org/maven2/org/apache/maven/reporting/maven-reporting-impl/2.1/maven-reporting-impl-2.1.pom
[11068c9d-9bad-4baf-932a-e18515619f49/build]   | [INFO] Downloaded from central: https://repo.maven.apache.org/maven2/org/apache/maven/reporting/maven-reporting-impl/2.1/maven-reporting-impl-2.1.pom (4.5 kB at 181 kB/s)
[11068c9d-9bad-4baf-932a-e18515619f49/build]   | [INFO] Downloading from central: https://repo.maven.apache.org/maven2/org/apache/maven/maven-project/2.0.10/maven-project-2.0.10.pom
[11068c9d-9bad-4baf-932a-e18515619f49/build]   | [INFO] Downloaded from central: https://repo.maven.apache.org/maven2/org/apache/maven/maven-project/2.0.10/maven-project-2.0.10.pom (2.8 kB at 259 kB/s)
[11068c9d-9bad-4baf-932a-e18515619f49/build]   | [INFO] Downloading from central: https://repo.maven.apache.org/maven2/org/apache/maven/maven/2.0.10/maven-2.0.10.pom
[11068c9d-9bad-4baf-932a-e18515619f49/build]   | [INFO] Downloaded from central: https://repo.maven.apache.org/maven2/org/apache/maven/maven/2.0.10/maven-2.0.10.pom (24 kB at 1.1 MB/s)
[11068c9d-9bad-4baf-932a-e18515619f49/build]   | [INFO] Downloading from central: https://repo.maven.apache.org/maven2/org/apache/maven/maven-settings/2.0.10/maven-settings-2.0.10.pom
[11068c9d-9bad-4baf-932a-e18515619f49/build]   | [INFO] Downloaded from central: https://repo.maven.apache.org/maven2/org/apache/maven/maven-settings/2.0.10/maven-settings-2.0.10.pom (2.2 kB at 186 kB/s)
[11068c9d-9bad-4baf-932a-e18515619f49/build]   | [INFO] Downloading from central: https://repo.maven.apache.org/maven2/org/apache/maven/maven-model/2.0.10/maven-model-2.0.10.pom
[11068c9d-9bad-4baf-932a-e18515619f49/build]   | [INFO] Downloaded from central: https://repo.maven.apache.org/maven2/org/apache/maven/maven-model/2.0.10/maven-model-2.0.10.pom (3.3 kB at 556 kB/s)
[11068c9d-9bad-4baf-932a-e18515619f49/build]   | [INFO] Downloading from central: https://repo.maven.apache.org/maven2/org/codehaus/plexus/plexus-interpolation/1.1/plexus-interpolation-1.1.pom
[11068c9d-9bad-4baf-932a-e18515619f49/build]   | [INFO] Downloaded from central: https://repo.maven.apache.org/maven2/org/codehaus/plexus/plexus-interpolation/1.1/plexus-interpolation-1.1.pom (1.4 kB at 205 kB/s)
[11068c9d-9bad-4baf-932a-e18515619f49/build]   | [INFO] Downloading from central: https://repo.maven.apache.org/maven2/org/codehaus/plexus/plexus-container-default/1.0-alpha-9-stable-1/plexus-container-default-1.0-alpha-9-stable-1.pom
[11068c9d-9bad-4baf-932a-e18515619f49/build]   | [INFO] Downloaded from central: https://repo.maven.apache.org/maven2/org/codehaus/plexus/plexus-container-default/1.0-alpha-9-stable-1/plexus-container-default-1.0-alpha-9-stable-1.pom (3.9 kB at 152 kB/s)
[11068c9d-9bad-4baf-932a-e18515619f49/build]   | [INFO] Downloading from central: https://repo.maven.apache.org/maven2/org/apache/maven/maven-profile/2.0.10/maven-profile-2.0.10.pom
[11068c9d-9bad-4baf-932a-e18515619f49/build]   | [INFO] Downloaded from central: https://repo.maven.apache.org/maven2/org/apache/maven/maven-profile/2.0.10/maven-profile-2.0.10.pom (2.1 kB at 349 kB/s)
[11068c9d-9bad-4baf-932a-e18515619f49/build]   | [INFO] Downloading from central: https://repo.maven.apache.org/maven2/org/apache/maven/maven-artifact-manager/2.0.10/maven-artifact-manager-2.0.10.pom
[11068c9d-9bad-4baf-932a-e18515619f49/build]   | [INFO] Downloaded from central: https://repo.maven.apache.org/maven2/org/apache/maven/maven-artifact-manager/2.0.10/maven-artifact-manager-2.0.10.pom (2.7 kB at 386 kB/s)
[11068c9d-9bad-4baf-932a-e18515619f49/build]   | [INFO] Downloading from central: https://repo.maven.apache.org/maven2/org/apache/maven/maven-repository-metadata/2.0.10/maven-repository-metadata-2.0.10.pom
[11068c9d-9bad-4baf-932a-e18515619f49/build]   | [INFO] Downloaded from central: https://repo.maven.apache.org/maven2/org/apache/maven/maven-repository-metadata/2.0.10/maven-repository-metadata-2.0.10.pom (2.3 kB at 70 kB/s)
[11068c9d-9bad-4baf-932a-e18515619f49/build]   | [INFO] Downloading from central: https://repo.maven.apache.org/maven2/org/apache/maven/maven-artifact/2.0.10/maven-artifact-2.0.10.pom
[11068c9d-9bad-4baf-932a-e18515619f49/build]   | [INFO] Downloaded from central: https://repo.maven.apache.org/maven2/org/apache/maven/maven-artifact/2.0.10/maven-artifact-2.0.10.pom (1.6 kB at 162 kB/s)
[11068c9d-9bad-4baf-932a-e18515619f49/build]   | [INFO] Downloading from central: https://repo.maven.apache.org/maven2/org/apache/maven/maven-plugin-registry/2.0.10/maven-plugin-registry-2.0.10.pom
[11068c9d-9bad-4baf-932a-e18515619f49/build]   | [INFO] Downloaded from central: https://repo.maven.apache.org/maven2/org/apache/maven/maven-plugin-registry/2.0.10/maven-plugin-registry-2.0.10.pom (2.0 kB at 168 kB/s)
[11068c9d-9bad-4baf-932a-e18515619f49/build]   | [INFO] Downloading from central: https://repo.maven.apache.org/maven2/org/apache/maven/maven-plugin-api/2.0.10/maven-plugin-api-2.0.10.pom
[11068c9d-9bad-4baf-932a-e18515619f49/build]   | [INFO] Downloaded from central: https://repo.maven.apache.org/maven2/org/apache/maven/maven-plugin-api/2.0.10/maven-plugin-api-2.0.10.pom (1.5 kB at 53 kB/s)
[11068c9d-9bad-4baf-932a-e18515619f49/build]   | [INFO] Downloading from central: https://repo.maven.apache.org/maven2/org/apache/maven/doxia/doxia-sink-api/1.1.2/doxia-sink-api-1.1.2.pom
[11068c9d-9bad-4baf-932a-e18515619f49/build]   | [INFO] Downloaded from central: https://repo.maven.apache.org/maven2/org/apache/maven/doxia/doxia-sink-api/1.1.2/doxia-sink-api-1.1.2.pom (1.6 kB at 105 kB/s)
[11068c9d-9bad-4baf-932a-e18515619f49/build]   | [INFO] Downloading from central: https://repo.maven.apache.org/maven2/org/apache/maven/doxia/doxia/1.1.2/doxia-1.1.2.pom
[11068c9d-9bad-4baf-932a-e18515619f49/build]   | [INFO] Downloaded from central: https://repo.maven.apache.org/maven2/org/apache/maven/doxia/doxia/1.1.2/doxia-1.1.2.pom (18 kB at 1.0 MB/s)
[11068c9d-9bad-4baf-932a-e18515619f49/build]   | [INFO] Downloading from central: https://repo.maven.apache.org/maven2/org/apache/maven/doxia/doxia-logging-api/1.1.2/doxia-logging-api-1.1.2.pom
[11068c9d-9bad-4baf-932a-e18515619f49/build]   | [INFO] Downloaded from central: https://repo.maven.apache.org/maven2/org/apache/maven/doxia/doxia-logging-api/1.1.2/doxia-logging-api-1.1.2.pom (1.6 kB at 198 kB/s)
[11068c9d-9bad-4baf-932a-e18515619f49/build]   | [INFO] Downloading from central: https://repo.maven.apache.org/maven2/org/codehaus/plexus/plexus-container-default/1.0-alpha-30/plexus-container-default-1.0-alpha-30.pom
[11068c9d-9bad-4baf-932a-e18515619f49/build]   | [INFO] Downloaded from central: https://repo.maven.apache.org/maven2/org/codehaus/plexus/plexus-container-default/1.0-alpha-30/plexus-container-default-1.0-alpha-30.pom (3.5 kB at 580 kB/s)
[11068c9d-9bad-4baf-932a-e18515619f49/build]   | [INFO] Downloading from central: https://repo.maven.apache.org/maven2/org/codehaus/plexus/plexus-containers/1.0-alpha-30/plexus-containers-1.0-alpha-30.pom
[11068c9d-9bad-4baf-932a-e18515619f49/build]   | [INFO] Downloaded from central: https://repo.maven.apache.org/maven2/org/codehaus/plexus/plexus-containers/1.0-alpha-30/plexus-containers-1.0-alpha-30.pom (1.9 kB at 73 kB/s)
[11068c9d-9bad-4baf-932a-e18515619f49/build]   | [INFO] Downloading from central: https://repo.maven.apache.org/maven2/org/codehaus/plexus/plexus-utils/1.4.5/plexus-utils-1.4.5.pom
[11068c9d-9bad-4baf-932a-e18515619f49/build]   | [INFO] Downloaded from central: https://repo.maven.apache.org/maven2/org/codehaus/plexus/plexus-utils/1.4.5/plexus-utils-1.4.5.pom (2.3 kB at 324 kB/s)
[11068c9d-9bad-4baf-932a-e18515619f49/build]   | [INFO] Downloading from central: https://repo.maven.apache.org/maven2/org/codehaus/plexus/plexus-classworlds/1.2-alpha-9/plexus-classworlds-1.2-alpha-9.pom
[11068c9d-9bad-4baf-932a-e18515619f49/build]   | [INFO] Downloaded from central: https://repo.maven.apache.org/maven2/org/codehaus/plexus/plexus-classworlds/1.2-alpha-9/plexus-classworlds-1.2-alpha-9.pom (3.2 kB at 269 kB/s)
[11068c9d-9bad-4baf-932a-e18515619f49/build]   | [INFO] Downloading from central: https://repo.maven.apache.org/maven2/org/codehaus/plexus/plexus/1.0.10/plexus-1.0.10.pom
[11068c9d-9bad-4baf-932a-e18515619f49/build]   | [INFO] Downloaded from central: https://repo.maven.apache.org/maven2/org/codehaus/plexus/plexus/1.0.10/plexus-1.0.10.pom (8.2 kB at 550 kB/s)
[11068c9d-9bad-4baf-932a-e18515619f49/build]   | [INFO] Downloading from central: https://repo.maven.apache.org/maven2/org/apache/maven/doxia/doxia-core/1.1.2/doxia-core-1.1.2.pom
[11068c9d-9bad-4baf-932a-e18515619f49/build]   | [INFO] Downloaded from central: https://repo.maven.apache.org/maven2/org/apache/maven/doxia/doxia-core/1.1.2/doxia-core-1.1.2.pom (3.7 kB at 338 kB/s)
[11068c9d-9bad-4baf-932a-e18515619f49/build]   | [INFO] Downloading from central: https://repo.maven.apache.org/maven2/org/codehaus/plexus/plexus-utils/1.5.12/plexus-utils-1.5.12.pom
[11068c9d-9bad-4baf-932a-e18515619f49/build]   | [INFO] Downloaded from central: https://repo.maven.apache.org/maven2/org/codehaus/plexus/plexus-utils/1.5.12/plexus-utils-1.5.12.pom (5.6 kB at 805 kB/s)
[11068c9d-9bad-4baf-932a-e18515619f49/build]   | [INFO] Downloading from central: https://repo.maven.apache.org/maven2/org/codehaus/plexus/plexus/2.0.2/plexus-2.0.2.pom
[11068c9d-9bad-4baf-932a-e18515619f49/build]   | [INFO] Downloaded from central: https://repo.maven.apache.org/maven2/org/codehaus/plexus/plexus/2.0.2/plexus-2.0.2.pom (12 kB at 1.9 MB/s)
[11068c9d-9bad-4baf-932a-e18515619f49/build]   | [INFO] Downloading from central: https://repo.maven.apache.org/maven2/xerces/xercesImpl/2.8.1/xercesImpl-2.8.1.pom
[11068c9d-9bad-4baf-932a-e18515619f49/build]   | [INFO] Downloaded from central: https://repo.maven.apache.org/maven2/xerces/xercesImpl/2.8.1/xercesImpl-2.8.1.pom (2.2 kB at 368 kB/s)
[11068c9d-9bad-4baf-932a-e18515619f49/build]   | [INFO] Downloading from central: https://repo.maven.apache.org/maven2/xml-apis/xml-apis/1.3.03/xml-apis-1.3.03.pom
[11068c9d-9bad-4baf-932a-e18515619f49/build]   | [INFO] Downloaded from central: https://repo.maven.apache.org/maven2/xml-apis/xml-apis/1.3.03/xml-apis-1.3.03.pom (738 B at 123 kB/s)
[11068c9d-9bad-4baf-932a-e18515619f49/build]   | [INFO] Downloading from central: https://repo.maven.apache.org/maven2/org/apache/apache/1/apache-1.pom
[11068c9d-9bad-4baf-932a-e18515619f49/build]   | [INFO] Downloaded from central: https://repo.maven.apache.org/maven2/org/apache/apache/1/apache-1.pom (3.4 kB at 487 kB/s)
[11068c9d-9bad-4baf-932a-e18515619f49/build]   | [INFO] Downloading from central: https://repo.maven.apache.org/maven2/commons-lang/commons-lang/2.4/commons-lang-2.4.pom
[11068c9d-9bad-4baf-932a-e18515619f49/build]   | [INFO] Downloaded from central: https://repo.maven.apache.org/maven2/commons-lang/commons-lang/2.4/commons-lang-2.4.pom (14 kB at 2.0 MB/s)
[11068c9d-9bad-4baf-932a-e18515619f49/build]   | [INFO] Downloading from central: https://repo.maven.apache.org/maven2/org/apache/commons/commons-parent/9/commons-parent-9.pom
[11068c9d-9bad-4baf-932a-e18515619f49/build]   | [INFO] Downloaded from central: https://repo.maven.apache.org/maven2/org/apache/commons/commons-parent/9/commons-parent-9.pom (22 kB at 3.1 MB/s)
[11068c9d-9bad-4baf-932a-e18515619f49/build]   | [INFO] Downloading from central: https://repo.maven.apache.org/maven2/commons-httpclient/commons-httpclient/3.1/commons-httpclient-3.1.pom
[11068c9d-9bad-4baf-932a-e18515619f49/build]   | [INFO] Downloaded from central: https://repo.maven.apache.org/maven2/commons-httpclient/commons-httpclient/3.1/commons-httpclient-3.1.pom (7.8 kB at 1.1 MB/s)
[11068c9d-9bad-4baf-932a-e18515619f49/build]   | [INFO] Downloading from central: https://repo.maven.apache.org/maven2/commons-logging/commons-logging/1.0.4/commons-logging-1.0.4.pom
[11068c9d-9bad-4baf-932a-e18515619f49/build]   | [INFO] Downloaded from central: https://repo.maven.apache.org/maven2/commons-logging/commons-logging/1.0.4/commons-logging-1.0.4.pom (5.3 kB at 877 kB/s)
[11068c9d-9bad-4baf-932a-e18515619f49/build]   | [INFO] Downloading from central: https://repo.maven.apache.org/maven2/commons-codec/commons-codec/1.2/commons-codec-1.2.pom
[11068c9d-9bad-4baf-932a-e18515619f49/build]   | [INFO] Downloaded from central: https://repo.maven.apache.org/maven2/commons-codec/commons-codec/1.2/commons-codec-1.2.pom (3.8 kB at 478 kB/s)
[11068c9d-9bad-4baf-932a-e18515619f49/build]   | [INFO] Downloading from central: https://repo.maven.apache.org/maven2/org/apache/maven/doxia/doxia-site-renderer/1.1.2/doxia-site-renderer-1.1.2.pom
[11068c9d-9bad-4baf-932a-e18515619f49/build]   | [INFO] Downloaded from central: https://repo.maven.apache.org/maven2/org/apache/maven/doxia/doxia-site-renderer/1.1.2/doxia-site-renderer-1.1.2.pom (6.1 kB at 340 kB/s)
[11068c9d-9bad-4baf-932a-e18515619f49/build]   | [INFO] Downloading from central: https://repo.maven.apache.org/maven2/org/apache/maven/doxia/doxia-sitetools/1.1.2/doxia-sitetools-1.1.2.pom
[11068c9d-9bad-4baf-932a-e18515619f49/build]   | [INFO] Downloaded from central: https://repo.maven.apache.org/maven2/org/apache/maven/doxia/doxia-sitetools/1.1.2/doxia-sitetools-1.1.2.pom (15 kB at 1.9 MB/s)
[11068c9d-9bad-4baf-932a-e18515619f49/build]   | [INFO] Downloading from central: https://repo.maven.apache.org/maven2/org/apache/maven/doxia/doxia-decoration-model/1.1.2/doxia-decoration-model-1.1.2.pom
[11068c9d-9bad-4baf-932a-e18515619f49/build]   | [INFO] Downloaded from central: https://repo.maven.apache.org/maven2/org/apache/maven/doxia/doxia-decoration-model/1.1.2/doxia-decoration-model-1.1.2.pom (3.0 kB at 270 kB/s)
[11068c9d-9bad-4baf-932a-e18515619f49/build]   | [INFO] Downloading from central: https://repo.maven.apache.org/maven2/org/apache/maven/doxia/doxia-module-xhtml/1.1.2/doxia-module-xhtml-1.1.2.pom
[11068c9d-9bad-4baf-932a-e18515619f49/build]   | [INFO] Downloaded from central: https://repo.maven.apache.org/maven2/org/apache/maven/doxia/doxia-module-xhtml/1.1.2/doxia-module-xhtml-1.1.2.pom (1.6 kB at 229 kB/s)
[11068c9d-9bad-4baf-932a-e18515619f49/build]   | [INFO] Downloading from central: https://repo.maven.apache.org/maven2/org/apache/maven/doxia/doxia-modules/1.1.2/doxia-modules-1.1.2.pom
[11068c9d-9bad-4baf-932a-e18515619f49/build]   | [INFO] Downloaded from central: https://repo.maven.apache.org/maven2/org/apache/maven/doxia/doxia-modules/1.1.2/doxia-modules-1.1.2.pom (2.4 kB at 90 kB/s)
[11068c9d-9bad-4baf-932a-e18515619f49/build]   | [INFO] Downloading from central: https://repo.maven.apache.org/maven2/org/apache/maven/doxia/doxia-module-fml/1.1.2/doxia-module-fml-1.1.2.pom
[11068c9d-9bad-4baf-932a-e18515619f49/build]   | [INFO] Downloaded from central: https://repo.maven.apache.org/maven2/org/apache/maven/doxia/doxia-module-fml/1.1.2/doxia-module-fml-1.1.2.pom (5.5 kB at 275 kB/s)
[11068c9d-9bad-4baf-932a-e18515619f49/build]   | [INFO] Downloading from central: https://repo.maven.apache.org/maven2/org/codehaus/plexus/plexus-i18n/1.0-beta-7/plexus-i18n-1.0-beta-7.pom
[11068c9d-9bad-4baf-932a-e18515619f49/build]   | [INFO] Downloaded from central: https://repo.maven.apache.org/maven2/org/codehaus/plexus/plexus-i18n/1.0-beta-7/plexus-i18n-1.0-beta-7.pom (1.1 kB at 96 kB/s)
[11068c9d-9bad-4baf-932a-e18515619f49/build]   | [INFO] Downloading from central: https://repo.maven.apache.org/maven2/org/codehaus/plexus/plexus-components/1.1.12/plexus-components-1.1.12.pom
[11068c9d-9bad-4baf-932a-e18515619f49/build]   | [INFO] Downloaded from central: https://repo.maven.apache.org/maven2/org/codehaus/plexus/plexus-components/1.1.12/plexus-components-1.1.12.pom (3.0 kB at 72 kB/s)
[11068c9d-9bad-4baf-932a-e18515619f49/build]   | [INFO] Downloading from central: https://repo.maven.apache.org/maven2/org/codehaus/plexus/plexus-utils/1.4.1/plexus-utils-1.4.1.pom
[11068c9d-9bad-4baf-932a-e18515619f49/build]   | [INFO] Downloaded from central: https://repo.maven.apache.org/maven2/org/codehaus/plexus/plexus-utils/1.4.1/plexus-utils-1.4.1.pom (1.9 kB at 318 kB/s)
[11068c9d-9bad-4baf-932a-e18515619f49/build]   | [INFO] Downloading from central: https://repo.maven.apache.org/maven2/org/codehaus/plexus/plexus-velocity/1.1.7/plexus-velocity-1.1.7.pom
[11068c9d-9bad-4baf-932a-e18515619f49/build]   | [INFO] Downloaded from central: https://repo.maven.apache.org/maven2/org/codehaus/plexus/plexus-velocity/1.1.7/plexus-velocity-1.1.7.pom (2.0 kB at 25 kB/s)
[11068c9d-9bad-4baf-932a-e18515619f49/build]   | [INFO] Downloading from central: https://repo.maven.apache.org/maven2/org/codehaus/plexus/plexus-container-default/1.0-alpha-20/plexus-container-default-1.0-alpha-20.pom
[11068c9d-9bad-4baf-932a-e18515619f49/build]   | [INFO] Downloaded from central: https://repo.maven.apache.org/maven2/org/codehaus/plexus/plexus-container-default/1.0-alpha-20/plexus-container-default-1.0-alpha-20.pom (3.0 kB at 199 kB/s)
[11068c9d-9bad-4baf-932a-e18515619f49/build]   | [INFO] Downloading from central: https://repo.maven.apache.org/maven2/org/codehaus/plexus/plexus-containers/1.0-alpha-20/plexus-containers-1.0-alpha-20.pom
[11068c9d-9bad-4baf-932a-e18515619f49/build]   | [INFO] Downloaded from central: https://repo.maven.apache.org/maven2/org/codehaus/plexus/plexus-containers/1.0-alpha-20/plexus-containers-1.0-alpha-20.pom (1.9 kB at 40 kB/s)
[11068c9d-9bad-4baf-932a-e18515619f49/build]   | [INFO] Downloading from central: https://repo.maven.apache.org/maven2/org/codehaus/plexus/plexus-utils/1.3/plexus-utils-1.3.pom
[11068c9d-9bad-4baf-932a-e18515619f49/build]   | [INFO] Downloaded from central: https://repo.maven.apache.org/maven2/org/codehaus/plexus/plexus-utils/1.3/plexus-utils-1.3.pom (1.0 kB at 207 kB/s)
[11068c9d-9bad-4baf-932a-e18515619f49/build]   | [INFO] Downloading from central: https://repo.maven.apache.org/maven2/org/codehaus/plexus/plexus/1.0.8/plexus-1.0.8.pom
[11068c9d-9bad-4baf-932a-e18515619f49/build]   | [INFO] Downloaded from central: https://repo.maven.apache.org/maven2/org/codehaus/plexus/plexus/1.0.8/plexus-1.0.8.pom (7.2 kB at 1.2 MB/s)
[11068c9d-9bad-4baf-932a-e18515619f49/build]   | [INFO] Downloading from central: https://repo.maven.apache.org/maven2/org/codehaus/plexus/plexus-classworlds/1.2-alpha-7/plexus-classworlds-1.2-alpha-7.pom
[11068c9d-9bad-4baf-932a-e18515619f49/build]   | [INFO] Downloaded from central: https://repo.maven.apache.org/maven2/org/codehaus/plexus/plexus-classworlds/1.2-alpha-7/plexus-classworlds-1.2-alpha-7.pom (2.4 kB at 108 kB/s)
[11068c9d-9bad-4baf-932a-e18515619f49/build]   | [INFO] Downloading from central: https://repo.maven.apache.org/maven2/org/codehaus/plexus/plexus/1.0.9/plexus-1.0.9.pom
[11068c9d-9bad-4baf-932a-e18515619f49/build]   | [INFO] Downloaded from central: https://repo.maven.apache.org/maven2/org/codehaus/plexus/plexus/1.0.9/plexus-1.0.9.pom (7.7 kB at 384 kB/s)
[11068c9d-9bad-4baf-932a-e18515619f49/build]   | [INFO] Downloading from central: https://repo.maven.apache.org/maven2/org/apache/velocity/velocity/1.5/velocity-1.5.pom
[11068c9d-9bad-4baf-932a-e18515619f49/build]   | [INFO] Downloaded from central: https://repo.maven.apache.org/maven2/org/apache/velocity/velocity/1.5/velocity-1.5.pom (7.8 kB at 1.1 MB/s)
[11068c9d-9bad-4baf-932a-e18515619f49/build]   | [INFO] Downloading from central: https://repo.maven.apache.org/maven2/commons-collections/commons-collections/3.2.2/commons-collections-3.2.2.pom
[11068c9d-9bad-4baf-932a-e18515619f49/build]   | [INFO] Downloaded from central: https://repo.maven.apache.org/maven2/commons-collections/commons-collections/3.2.2/commons-collections-3.2.2.pom (12 kB at 1.4 MB/s)
[11068c9d-9bad-4baf-932a-e18515619f49/build]   | [INFO] Downloading from central: https://repo.maven.apache.org/maven2/org/apache/commons/commons-parent/39/commons-parent-39.pom
[11068c9d-9bad-4baf-932a-e18515619f49/build]   | [INFO] Downloaded from central: https://repo.maven.apache.org/maven2/org/apache/commons/commons-parent/39/commons-parent-39.pom (62 kB at 2.5 MB/s)
[11068c9d-9bad-4baf-932a-e18515619f49/build]   | [INFO] Downloading from central: https://repo.maven.apache.org/maven2/org/apache/apache/16/apache-16.pom
[11068c9d-9bad-4baf-932a-e18515619f49/build]   | [INFO] Downloaded from central: https://repo.maven.apache.org/maven2/org/apache/apache/16/apache-16.pom (15 kB at 3.1 MB/s)
[11068c9d-9bad-4baf-932a-e18515619f49/build]   | [INFO] Downloading from central: https://repo.maven.apache.org/maven2/commons-lang/commons-lang/2.1/commons-lang-2.1.pom
[11068c9d-9bad-4baf-932a-e18515619f49/build]   | [INFO] Downloaded from central: https://repo.maven.apache.org/maven2/commons-lang/commons-lang/2.1/commons-lang-2.1.pom (9.9 kB at 1.7 MB/s)
[11068c9d-9bad-4baf-932a-e18515619f49/build]   | [INFO] Downloading from central: https://repo.maven.apache.org/maven2/oro/oro/2.0.8/oro-2.0.8.pom
[11068c9d-9bad-4baf-932a-e18515619f49/build]   | [INFO] Downloaded from central: https://repo.maven.apache.org/maven2/oro/oro/2.0.8/oro-2.0.8.pom (140 B at 10 kB/s)
[11068c9d-9bad-4baf-932a-e18515619f49/build]   | [INFO] Downloading from central: https://repo.maven.apache.org/maven2/commons-validator/commons-validator/1.2.0/commons-validator-1.2.0.pom
[11068c9d-9bad-4baf-932a-e18515619f49/build]   | [INFO] Downloaded from central: https://repo.maven.apache.org/maven2/commons-validator/commons-validator/1.2.0/commons-validator-1.2.0.pom (9.1 kB at 1.3 MB/s)
[11068c9d-9bad-4baf-932a-e18515619f49/build]   | [INFO] Downloading from central: https://repo.maven.apache.org/maven2/commons-beanutils/commons-beanutils/1.7.0/commons-beanutils-1.7.0.pom
[11068c9d-9bad-4baf-932a-e18515619f49/build]   | [INFO] Downloaded from central: https://repo.maven.apache.org/maven2/commons-beanutils/commons-beanutils/1.7.0/commons-beanutils-1.7.0.pom (357 B at 36 kB/s)
[11068c9d-9bad-4baf-932a-e18515619f49/build]   | [INFO] Downloading from central: https://repo.maven.apache.org/maven2/commons-logging/commons-logging/1.0.3/commons-logging-1.0.3.pom
[11068c9d-9bad-4baf-932a-e18515619f49/build]   | [INFO] Downloaded from central: https://repo.maven.apache.org/maven2/commons-logging/commons-logging/1.0.3/commons-logging-1.0.3.pom (866 B at 144 kB/s)
[11068c9d-9bad-4baf-932a-e18515619f49/build]   | [INFO] Downloading from central: https://repo.maven.apache.org/maven2/commons-digester/commons-digester/1.6/commons-digester-1.6.pom
[11068c9d-9bad-4baf-932a-e18515619f49/build]   | [INFO] Downloaded from central: https://repo.maven.apache.org/maven2/commons-digester/commons-digester/1.6/commons-digester-1.6.pom (974 B at 195 kB/s)
[11068c9d-9bad-4baf-932a-e18515619f49/build]   | [INFO] Downloading from central: https://repo.maven.apache.org/maven2/commons-beanutils/commons-beanutils/1.6/commons-beanutils-1.6.pom
[11068c9d-9bad-4baf-932a-e18515619f49/build]   | [INFO] Downloaded from central: https://repo.maven.apache.org/maven2/commons-beanutils/commons-beanutils/1.6/commons-beanutils-1.6.pom (2.3 kB at 462 kB/s)
[11068c9d-9bad-4baf-932a-e18515619f49/build]   | [INFO] Downloading from central: https://repo.maven.apache.org/maven2/commons-logging/commons-logging/1.0/commons-logging-1.0.pom
[11068c9d-9bad-4baf-932a-e18515619f49/build]   | [INFO] Downloaded from central: https://repo.maven.apache.org/maven2/commons-logging/commons-logging/1.0/commons-logging-1.0.pom (163 B at 27 kB/s)
[11068c9d-9bad-4baf-932a-e18515619f49/build]   | [INFO] Downloading from central: https://repo.maven.apache.org/maven2/xml-apis/xml-apis/1.0.b2/xml-apis-1.0.b2.pom
[11068c9d-9bad-4baf-932a-e18515619f49/build]   | [INFO] Downloaded from central: https://repo.maven.apache.org/maven2/xml-apis/xml-apis/1.0.b2/xml-apis-1.0.b2.pom (2.2 kB at 375 kB/s)
[11068c9d-9bad-4baf-932a-e18515619f49/build]   | [INFO] Downloading from central: https://repo.maven.apache.org/maven2/xml-apis/xml-apis/2.0.2/xml-apis-2.0.2.pom
[11068c9d-9bad-4baf-932a-e18515619f49/build]   | [INFO] Downloaded from central: https://repo.maven.apache.org/maven2/xml-apis/xml-apis/2.0.2/xml-apis-2.0.2.pom (346 B at 25 kB/s)
[11068c9d-9bad-4baf-932a-e18515619f49/build]   | [INFO] Downloading from central: https://repo.maven.apache.org/maven2/org/codehaus/plexus/plexus-utils/1.5.8/plexus-utils-1.5.8.pom
[11068c9d-9bad-4baf-932a-e18515619f49/build]   | [INFO] Downloaded from central: https://repo.maven.apache.org/maven2/org/codehaus/plexus/plexus-utils/1.5.8/plexus-utils-1.5.8.pom (8.1 kB at 504 kB/s)
[11068c9d-9bad-4baf-932a-e18515619f49/build]   | [INFO] Downloading from central: https://repo.maven.apache.org/maven2/org/jacoco/org.jacoco.agent/0.8.4/org.jacoco.agent-0.8.4.pom
[11068c9d-9bad-4baf-932a-e18515619f49/build]   | [INFO] Downloaded from central: https://repo.maven.apache.org/maven2/org/jacoco/org.jacoco.agent/0.8.4/org.jacoco.agent-0.8.4.pom (3.5 kB at 196 kB/s)
[11068c9d-9bad-4baf-932a-e18515619f49/build]   | [INFO] Downloading from central: https://repo.maven.apache.org/maven2/org/jacoco/org.jacoco.core/0.8.4/org.jacoco.core-0.8.4.pom
[11068c9d-9bad-4baf-932a-e18515619f49/build]   | [INFO] Downloaded from central: https://repo.maven.apache.org/maven2/org/jacoco/org.jacoco.core/0.8.4/org.jacoco.core-0.8.4.pom (2.1 kB at 111 kB/s)
[11068c9d-9bad-4baf-932a-e18515619f49/build]   | [INFO] Downloading from central: https://repo.maven.apache.org/maven2/org/ow2/asm/asm/7.1/asm-7.1.pom
[11068c9d-9bad-4baf-932a-e18515619f49/build]   | [INFO] Downloaded from central: https://repo.maven.apache.org/maven2/org/ow2/asm/asm/7.1/asm-7.1.pom (2.9 kB at 140 kB/s)
[11068c9d-9bad-4baf-932a-e18515619f49/build]   | [INFO] Downloading from central: https://repo.maven.apache.org/maven2/org/ow2/ow2/1.5/ow2-1.5.pom
[11068c9d-9bad-4baf-932a-e18515619f49/build]   | [INFO] Downloaded from central: https://repo.maven.apache.org/maven2/org/ow2/ow2/1.5/ow2-1.5.pom (11 kB at 591 kB/s)
[11068c9d-9bad-4baf-932a-e18515619f49/build]   | [INFO] Downloading from central: https://repo.maven.apache.org/maven2/org/ow2/asm/asm-commons/7.1/asm-commons-7.1.pom
[11068c9d-9bad-4baf-932a-e18515619f49/build]   | [INFO] Downloaded from central: https://repo.maven.apache.org/maven2/org/ow2/asm/asm-commons/7.1/asm-commons-7.1.pom (3.7 kB at 174 kB/s)
[11068c9d-9bad-4baf-932a-e18515619f49/build]   | [INFO] Downloading from central: https://repo.maven.apache.org/maven2/org/ow2/asm/asm-tree/7.1/asm-tree-7.1.pom
[11068c9d-9bad-4baf-932a-e18515619f49/build]   | [INFO] Downloaded from central: https://repo.maven.apache.org/maven2/org/ow2/asm/asm-tree/7.1/asm-tree-7.1.pom (3.1 kB at 156 kB/s)
[11068c9d-9bad-4baf-932a-e18515619f49/build]   | [INFO] Downloading from central: https://repo.maven.apache.org/maven2/org/ow2/asm/asm-analysis/7.1/asm-analysis-7.1.pom
[11068c9d-9bad-4baf-932a-e18515619f49/build]   | [INFO] Downloaded from central: https://repo.maven.apache.org/maven2/org/ow2/asm/asm-analysis/7.1/asm-analysis-7.1.pom (3.2 kB at 197 kB/s)
[11068c9d-9bad-4baf-932a-e18515619f49/build]   | [INFO] Downloading from central: https://repo.maven.apache.org/maven2/org/jacoco/org.jacoco.report/0.8.4/org.jacoco.report-0.8.4.pom
[11068c9d-9bad-4baf-932a-e18515619f49/build]   | [INFO] Downloaded from central: https://repo.maven.apache.org/maven2/org/jacoco/org.jacoco.report/0.8.4/org.jacoco.report-0.8.4.pom (1.9 kB at 45 kB/s)
[11068c9d-9bad-4baf-932a-e18515619f49/build]   | [INFO] Downloading from central: https://repo.maven.apache.org/maven2/org/apache/maven/maven-plugin-api/3.0/maven-plugin-api-3.0.jar
[11068c9d-9bad-4baf-932a-e18515619f49/build]   | [INFO] Downloading from central: https://repo.maven.apache.org/maven2/org/apache/maven/maven-model/3.0/maven-model-3.0.jar
[11068c9d-9bad-4baf-932a-e18515619f49/build]   | [INFO] Downloading from central: https://repo.maven.apache.org/maven2/org/apache/maven/maven-artifact/3.0/maven-artifact-3.0.jar
[11068c9d-9bad-4baf-932a-e18515619f49/build]   | [INFO] Downloading from central: https://repo.maven.apache.org/maven2/org/sonatype/sisu/sisu-inject-plexus/1.4.2/sisu-inject-plexus-1.4.2.jar
[11068c9d-9bad-4baf-932a-e18515619f49/build]   | [INFO] Downloading from central: https://repo.maven.apache.org/maven2/org/sonatype/sisu/sisu-inject-bean/1.4.2/sisu-inject-bean-1.4.2.jar
[11068c9d-9bad-4baf-932a-e18515619f49/build]   | [INFO] Downloaded from central: https://repo.maven.apache.org/maven2/org/apache/maven/maven-plugin-api/3.0/maven-plugin-api-3.0.jar (49 kB at 3.1 MB/s)
[11068c9d-9bad-4baf-932a-e18515619f49/build]   | [INFO] Downloading from central: https://repo.maven.apache.org/maven2/org/sonatype/sisu/sisu-guice/2.1.7/sisu-guice-2.1.7-noaop.jar
[11068c9d-9bad-4baf-932a-e18515619f49/build]   | [INFO] Downloaded from central: https://repo.maven.apache.org/maven2/org/apache/maven/maven-artifact/3.0/maven-artifact-3.0.jar (52 kB at 1.2 MB/s)
[11068c9d-9bad-4baf-932a-e18515619f49/build]   | [INFO] Downloaded from central: https://repo.maven.apache.org/maven2/org/apache/maven/maven-model/3.0/maven-model-3.0.jar (165 kB at 3.7 MB/s)
[11068c9d-9bad-4baf-932a-e18515619f49/build]   | [INFO] Downloading from central: https://repo.maven.apache.org/maven2/org/apache/maven/maven-core/3.0/maven-core-3.0.jar
[11068c9d-9bad-4baf-932a-e18515619f49/build]   | [INFO] Downloading from central: https://repo.maven.apache.org/maven2/org/apache/maven/maven-settings/3.0/maven-settings-3.0.jar
[11068c9d-9bad-4baf-932a-e18515619f49/build]   | [INFO] Downloaded from central: https://repo.maven.apache.org/maven2/org/sonatype/sisu/sisu-guice/2.1.7/sisu-guice-2.1.7-noaop.jar (472 kB at 11 MB/s)
[11068c9d-9bad-4baf-932a-e18515619f49/build]   | [INFO] Downloading from central: https://repo.maven.apache.org/maven2/org/apache/maven/maven-settings-builder/3.0/maven-settings-builder-3.0.jar
[11068c9d-9bad-4baf-932a-e18515619f49/build]   | [INFO] Downloaded from central: https://repo.maven.apache.org/maven2/org/sonatype/sisu/sisu-inject-bean/1.4.2/sisu-inject-bean-1.4.2.jar (153 kB at 2.9 MB/s)
[11068c9d-9bad-4baf-932a-e18515619f49/build]   | [INFO] Downloading from central: https://repo.maven.apache.org/maven2/org/apache/maven/maven-repository-metadata/3.0/maven-repository-metadata-3.0.jar
[11068c9d-9bad-4baf-932a-e18515619f49/build]   | [INFO] Downloaded from central: https://repo.maven.apache.org/maven2/org/apache/maven/maven-settings-builder/3.0/maven-settings-builder-3.0.jar (38 kB at 663 kB/s)
[11068c9d-9bad-4baf-932a-e18515619f49/build]   | [INFO] Downloading from central: https://repo.maven.apache.org/maven2/org/apache/maven/maven-model-builder/3.0/maven-model-builder-3.0.jar
[11068c9d-9bad-4baf-932a-e18515619f49/build]   | [INFO] Downloaded from central: https://repo.maven.apache.org/maven2/org/apache/maven/maven-settings/3.0/maven-settings-3.0.jar (47 kB at 819 kB/s)
[11068c9d-9bad-4baf-932a-e18515619f49/build]   | [INFO] Downloading from central: https://repo.maven.apache.org/maven2/org/apache/maven/maven-aether-provider/3.0/maven-aether-provider-3.0.jar
[11068c9d-9bad-4baf-932a-e18515619f49/build]   | [INFO] Downloaded from central: https://repo.maven.apache.org/maven2/org/sonatype/sisu/sisu-inject-plexus/1.4.2/sisu-inject-plexus-1.4.2.jar (202 kB at 3.4 MB/s)
[11068c9d-9bad-4baf-932a-e18515619f49/build]   | [INFO] Downloading from central: https://repo.maven.apache.org/maven2/org/sonatype/aether/aether-impl/1.7/aether-impl-1.7.jar
[11068c9d-9bad-4baf-932a-e18515619f49/build]   | [INFO] Downloaded from central: https://repo.maven.apache.org/maven2/org/apache/maven/maven-repository-metadata/3.0/maven-repository-metadata-3.0.jar (30 kB at 501 kB/s)
[11068c9d-9bad-4baf-932a-e18515619f49/build]   | [INFO] Downloading from central: https://repo.maven.apache.org/maven2/org/sonatype/aether/aether-spi/1.7/aether-spi-1.7.jar
[11068c9d-9bad-4baf-932a-e18515619f49/build]   | [INFO] Downloaded from central: https://repo.maven.apache.org/maven2/org/apache/maven/maven-aether-provider/3.0/maven-aether-provider-3.0.jar (51 kB at 764 kB/s)
[11068c9d-9bad-4baf-932a-e18515619f49/build]   | [INFO] Downloading from central: https://repo.maven.apache.org/maven2/org/sonatype/aether/aether-api/1.7/aether-api-1.7.jar
[11068c9d-9bad-4baf-932a-e18515619f49/build]   | [INFO] Downloaded from central: https://repo.maven.apache.org/maven2/org/sonatype/aether/aether-spi/1.7/aether-spi-1.7.jar (14 kB at 186 kB/s)
[11068c9d-9bad-4baf-932a-e18515619f49/build]   | [INFO] Downloaded from central: https://repo.maven.apache.org/maven2/org/sonatype/aether/aether-impl/1.7/aether-impl-1.7.jar (106 kB at 1.5 MB/s)
[11068c9d-9bad-4baf-932a-e18515619f49/build]   | [INFO] Downloading from central: https://repo.maven.apache.org/maven2/org/sonatype/aether/aether-util/1.7/aether-util-1.7.jar
[11068c9d-9bad-4baf-932a-e18515619f49/build]   | [INFO] Downloading from central: https://repo.maven.apache.org/maven2/org/codehaus/plexus/plexus-interpolation/1.14/plexus-interpolation-1.14.jar
[11068c9d-9bad-4baf-932a-e18515619f49/build]   | [INFO] Downloaded from central: https://repo.maven.apache.org/maven2/org/apache/maven/maven-core/3.0/maven-core-3.0.jar (527 kB at 7.1 MB/s)
[11068c9d-9bad-4baf-932a-e18515619f49/build]   | [INFO] Downloaded from central: https://repo.maven.apache.org/maven2/org/apache/maven/maven-model-builder/3.0/maven-model-builder-3.0.jar (148 kB at 2.0 MB/s)
[11068c9d-9bad-4baf-932a-e18515619f49/build]   | [INFO] Downloading from central: https://repo.maven.apache.org/maven2/org/codehaus/plexus/plexus-classworlds/2.2.3/plexus-classworlds-2.2.3.jar
[11068c9d-9bad-4baf-932a-e18515619f49/build]   | [INFO] Downloading from central: https://repo.maven.apache.org/maven2/org/codehaus/plexus/plexus-component-annotations/1.5.5/plexus-component-annotations-1.5.5.jar
[11068c9d-9bad-4baf-932a-e18515619f49/build]   | [INFO] Downloaded from central: https://repo.maven.apache.org/maven2/org/sonatype/aether/aether-api/1.7/aether-api-1.7.jar (74 kB at 894 kB/s)
[11068c9d-9bad-4baf-932a-e18515619f49/build]   | [INFO] Downloaded from central: https://repo.maven.apache.org/maven2/org/codehaus/plexus/plexus-classworlds/2.2.3/plexus-classworlds-2.2.3.jar (46 kB at 555 kB/s)
[11068c9d-9bad-4baf-932a-e18515619f49/build]   | [INFO] Downloaded from central: https://repo.maven.apache.org/maven2/org/codehaus/plexus/plexus-component-annotations/1.5.5/plexus-component-annotations-1.5.5.jar (4.2 kB at 51 kB/s)
[11068c9d-9bad-4baf-932a-e18515619f49/build]   | [INFO] Downloaded from central: https://repo.maven.apache.org/maven2/org/codehaus/plexus/plexus-interpolation/1.14/plexus-interpolation-1.14.jar (61 kB at 736 kB/s)
[11068c9d-9bad-4baf-932a-e18515619f49/build]   | [INFO] Downloading from central: https://repo.maven.apache.org/maven2/org/sonatype/plexus/plexus-sec-dispatcher/1.3/plexus-sec-dispatcher-1.3.jar
[11068c9d-9bad-4baf-932a-e18515619f49/build]   | [INFO] Downloading from central: https://repo.maven.apache.org/maven2/org/apache/maven/shared/file-management/1.2.1/file-management-1.2.1.jar
[11068c9d-9bad-4baf-932a-e18515619f49/build]   | [INFO] Downloading from central: https://repo.maven.apache.org/maven2/org/codehaus/plexus/plexus-utils/3.0.22/plexus-utils-3.0.22.jar
[11068c9d-9bad-4baf-932a-e18515619f49/build]   | [INFO] Downloading from central: https://repo.maven.apache.org/maven2/org/sonatype/plexus/plexus-cipher/1.4/plexus-cipher-1.4.jar
[11068c9d-9bad-4baf-932a-e18515619f49/build]   | [INFO] Downloaded from central: https://repo.maven.apache.org/maven2/org/sonatype/plexus/plexus-cipher/1.4/plexus-cipher-1.4.jar (13 kB at 152 kB/s)
[11068c9d-9bad-4baf-932a-e18515619f49/build]   | [INFO] Downloading from central: https://repo.maven.apache.org/maven2/org/apache/maven/shared/maven-shared-io/1.1/maven-shared-io-1.1.jar
[11068c9d-9bad-4baf-932a-e18515619f49/build]   | [INFO] Downloaded from central: https://repo.maven.apache.org/maven2/org/apache/maven/shared/file-management/1.2.1/file-management-1.2.1.jar (38 kB at 418 kB/s)
[11068c9d-9bad-4baf-932a-e18515619f49/build]   | [INFO] Downloading from central: https://repo.maven.apache.org/maven2/org/apache/maven/maven-artifact-manager/2.0.2/maven-artifact-manager-2.0.2.jar
[11068c9d-9bad-4baf-932a-e18515619f49/build]   | [INFO] Downloaded from central: https://repo.maven.apache.org/maven2/org/sonatype/aether/aether-util/1.7/aether-util-1.7.jar (108 kB at 1.2 MB/s)
[11068c9d-9bad-4baf-932a-e18515619f49/build]   | [INFO] Downloading from central: https://repo.maven.apache.org/maven2/org/apache/maven/wagon/wagon-provider-api/1.0-alpha-6/wagon-provider-api-1.0-alpha-6.jar
[11068c9d-9bad-4baf-932a-e18515619f49/build]   | [INFO] Downloaded from central: https://repo.maven.apache.org/maven2/org/apache/maven/wagon/wagon-provider-api/1.0-alpha-6/wagon-provider-api-1.0-alpha-6.jar (43 kB at 427 kB/s)
[11068c9d-9bad-4baf-932a-e18515619f49/build]   | [INFO] Downloading from central: https://repo.maven.apache.org/maven2/org/codehaus/plexus/plexus-container-default/1.0-alpha-9/plexus-container-default-1.0-alpha-9.jar
[11068c9d-9bad-4baf-932a-e18515619f49/build]   | [INFO] Downloaded from central: https://repo.maven.apache.org/maven2/org/codehaus/plexus/plexus-utils/3.0.22/plexus-utils-3.0.22.jar (245 kB at 1.7 MB/s)
[11068c9d-9bad-4baf-932a-e18515619f49/build]   | [INFO] Downloaded from central: https://repo.maven.apache.org/maven2/org/sonatype/plexus/plexus-sec-dispatcher/1.3/plexus-sec-dispatcher-1.3.jar (29 kB at 203 kB/s)
[11068c9d-9bad-4baf-932a-e18515619f49/build]   | [INFO] Downloading from central: https://repo.maven.apache.org/maven2/junit/junit/4.8.2/junit-4.8.2.jar
[11068c9d-9bad-4baf-932a-e18515619f49/build]   | [INFO] Downloading from central: https://repo.maven.apache.org/maven2/classworlds/classworlds/1.1-alpha-2/classworlds-1.1-alpha-2.jar
[11068c9d-9bad-4baf-932a-e18515619f49/build]   | [INFO] Downloaded from central: https://repo.maven.apache.org/maven2/org/codehaus/plexus/plexus-container-default/1.0-alpha-9/plexus-container-default-1.0-alpha-9.jar (195 kB at 1.4 MB/s)
[11068c9d-9bad-4baf-932a-e18515619f49/build]   | [INFO] Downloading from central: https://repo.maven.apache.org/maven2/org/apache/maven/reporting/maven-reporting-api/3.0/maven-reporting-api-3.0.jar
[11068c9d-9bad-4baf-932a-e18515619f49/build]   | [INFO] Downloaded from central: https://repo.maven.apache.org/maven2/org/apache/maven/maven-artifact-manager/2.0.2/maven-artifact-manager-2.0.2.jar (49 kB at 344 kB/s)
[11068c9d-9bad-4baf-932a-e18515619f49/build]   | [INFO] Downloading from central: https://repo.maven.apache.org/maven2/org/apache/maven/doxia/doxia-sink-api/1.0/doxia-sink-api-1.0.jar
[11068c9d-9bad-4baf-932a-e18515619f49/build]   | [INFO] Downloaded from central: https://repo.maven.apache.org/maven2/org/apache/maven/shared/maven-shared-io/1.1/maven-shared-io-1.1.jar (39 kB at 269 kB/s)
[11068c9d-9bad-4baf-932a-e18515619f49/build]   | [INFO] Downloading from central: https://repo.maven.apache.org/maven2/org/apache/maven/reporting/maven-reporting-impl/2.1/maven-reporting-impl-2.1.jar
[11068c9d-9bad-4baf-932a-e18515619f49/build]   | [INFO] Downloaded from central: https://repo.maven.apache.org/maven2/org/apache/maven/reporting/maven-reporting-api/3.0/maven-reporting-api-3.0.jar (11 kB at 73 kB/s)
[11068c9d-9bad-4baf-932a-e18515619f49/build]   | [INFO] Downloading from central: https://repo.maven.apache.org/maven2/org/apache/maven/maven-project/2.0.10/maven-project-2.0.10.jar
[11068c9d-9bad-4baf-932a-e18515619f49/build]   | [INFO] Downloaded from central: https://repo.maven.apache.org/maven2/classworlds/classworlds/1.1-alpha-2/classworlds-1.1-alpha-2.jar (38 kB at 248 kB/s)
[11068c9d-9bad-4baf-932a-e18515619f49/build]   | [INFO] Downloading from central: https://repo.maven.apache.org/maven2/org/apache/maven/maven-profile/2.0.10/maven-profile-2.0.10.jar
[11068c9d-9bad-4baf-932a-e18515619f49/build]   | [INFO] Downloaded from central: https://repo.maven.apache.org/maven2/org/apache/maven/reporting/maven-reporting-impl/2.1/maven-reporting-impl-2.1.jar (17 kB at 104 kB/s)
[11068c9d-9bad-4baf-932a-e18515619f49/build]   | [INFO] Downloaded from central: https://repo.maven.apache.org/maven2/org/apache/maven/doxia/doxia-sink-api/1.0/doxia-sink-api-1.0.jar (10 kB at 63 kB/s)
[11068c9d-9bad-4baf-932a-e18515619f49/build]   | [INFO] Downloading from central: https://repo.maven.apache.org/maven2/org/apache/maven/maven-plugin-registry/2.0.10/maven-plugin-registry-2.0.10.jar
[11068c9d-9bad-4baf-932a-e18515619f49/build]   | [INFO] Downloading from central: https://repo.maven.apache.org/maven2/org/apache/maven/doxia/doxia-core/1.1.2/doxia-core-1.1.2.jar
[11068c9d-9bad-4baf-932a-e18515619f49/build]   | [INFO] Downloaded from central: https://repo.maven.apache.org/maven2/junit/junit/4.8.2/junit-4.8.2.jar (237 kB at 1.4 MB/s)
[11068c9d-9bad-4baf-932a-e18515619f49/build]   | [INFO] Downloading from central: https://repo.maven.apache.org/maven2/org/apache/maven/doxia/doxia-logging-api/1.1.2/doxia-logging-api-1.1.2.jar
[11068c9d-9bad-4baf-932a-e18515619f49/build]   | [INFO] Downloaded from central: https://repo.maven.apache.org/maven2/org/apache/maven/maven-plugin-registry/2.0.10/maven-plugin-registry-2.0.10.jar (30 kB at 176 kB/s)
[11068c9d-9bad-4baf-932a-e18515619f49/build]   | [INFO] Downloading from central: https://repo.maven.apache.org/maven2/xerces/xercesImpl/2.8.1/xercesImpl-2.8.1.jar
[11068c9d-9bad-4baf-932a-e18515619f49/build]   | [INFO] Downloaded from central: https://repo.maven.apache.org/maven2/org/apache/maven/maven-profile/2.0.10/maven-profile-2.0.10.jar (37 kB at 212 kB/s)
[11068c9d-9bad-4baf-932a-e18515619f49/build]   | [INFO] Downloading from central: https://repo.maven.apache.org/maven2/commons-lang/commons-lang/2.4/commons-lang-2.4.jar
[11068c9d-9bad-4baf-932a-e18515619f49/build]   | [INFO] Downloaded from central: https://repo.maven.apache.org/maven2/org/apache/maven/doxia/doxia-logging-api/1.1.2/doxia-logging-api-1.1.2.jar (11 kB at 63 kB/s)
[11068c9d-9bad-4baf-932a-e18515619f49/build]   | [INFO] Downloading from central: https://repo.maven.apache.org/maven2/commons-httpclient/commons-httpclient/3.1/commons-httpclient-3.1.jar
[11068c9d-9bad-4baf-932a-e18515619f49/build]   | [INFO] Downloaded from central: https://repo.maven.apache.org/maven2/org/apache/maven/maven-project/2.0.10/maven-project-2.0.10.jar (123 kB at 684 kB/s)
[11068c9d-9bad-4baf-932a-e18515619f49/build]   | [INFO] Downloading from central: https://repo.maven.apache.org/maven2/commons-codec/commons-codec/1.2/commons-codec-1.2.jar
[11068c9d-9bad-4baf-932a-e18515619f49/build]   | [INFO] Downloaded from central: https://repo.maven.apache.org/maven2/org/apache/maven/doxia/doxia-core/1.1.2/doxia-core-1.1.2.jar (158 kB at 851 kB/s)
[11068c9d-9bad-4baf-932a-e18515619f49/build]   | [INFO] Downloading from central: https://repo.maven.apache.org/maven2/org/apache/maven/doxia/doxia-site-renderer/1.1.2/doxia-site-renderer-1.1.2.jar
[11068c9d-9bad-4baf-932a-e18515619f49/build]   | [INFO] Downloaded from central: https://repo.maven.apache.org/maven2/commons-lang/commons-lang/2.4/commons-lang-2.4.jar (262 kB at 1.4 MB/s)
[11068c9d-9bad-4baf-932a-e18515619f49/build]   | [INFO] Downloading from central: https://repo.maven.apache.org/maven2/org/apache/maven/doxia/doxia-decoration-model/1.1.2/doxia-decoration-model-1.1.2.jar
[11068c9d-9bad-4baf-932a-e18515619f49/build]   | [INFO] Downloaded from central: https://repo.maven.apache.org/maven2/commons-codec/commons-codec/1.2/commons-codec-1.2.jar (30 kB at 153 kB/s)
[11068c9d-9bad-4baf-932a-e18515619f49/build]   | [INFO] Downloading from central: https://repo.maven.apache.org/maven2/org/apache/maven/doxia/doxia-module-xhtml/1.1.2/doxia-module-xhtml-1.1.2.jar
[11068c9d-9bad-4baf-932a-e18515619f49/build]   | [INFO] Downloaded from central: https://repo.maven.apache.org/maven2/commons-httpclient/commons-httpclient/3.1/commons-httpclient-3.1.jar (305 kB at 1.5 MB/s)
[11068c9d-9bad-4baf-932a-e18515619f49/build]   | [INFO] Downloading from central: https://repo.maven.apache.org/maven2/org/apache/maven/doxia/doxia-module-fml/1.1.2/doxia-module-fml-1.1.2.jar
[11068c9d-9bad-4baf-932a-e18515619f49/build]   | [INFO] Downloaded from central: https://repo.maven.apache.org/maven2/org/apache/maven/doxia/doxia-site-renderer/1.1.2/doxia-site-renderer-1.1.2.jar (50 kB at 246 kB/s)
[11068c9d-9bad-4baf-932a-e18515619f49/build]   | [INFO] Downloading from central: https://repo.maven.apache.org/maven2/org/codehaus/plexus/plexus-i18n/1.0-beta-7/plexus-i18n-1.0-beta-7.jar
[11068c9d-9bad-4baf-932a-e18515619f49/build]   | [INFO] Downloaded from central: https://repo.maven.apache.org/maven2/org/apache/maven/doxia/doxia-decoration-model/1.1.2/doxia-decoration-model-1.1.2.jar (52 kB at 254 kB/s)
[11068c9d-9bad-4baf-932a-e18515619f49/build]   | [INFO] Downloading from central: https://repo.maven.apache.org/maven2/org/codehaus/plexus/plexus-velocity/1.1.7/plexus-velocity-1.1.7.jar
[11068c9d-9bad-4baf-932a-e18515619f49/build]   | [INFO] Downloaded from central: https://repo.maven.apache.org/maven2/org/apache/maven/doxia/doxia-module-xhtml/1.1.2/doxia-module-xhtml-1.1.2.jar (15 kB at 70 kB/s)
[11068c9d-9bad-4baf-932a-e18515619f49/build]   | [INFO] Downloaded from central: https://repo.maven.apache.org/maven2/org/codehaus/plexus/plexus-velocity/1.1.7/plexus-velocity-1.1.7.jar (7.7 kB at 36 kB/s)
[11068c9d-9bad-4baf-932a-e18515619f49/build]   | [INFO] Downloaded from central: https://repo.maven.apache.org/maven2/org/codehaus/plexus/plexus-i18n/1.0-beta-7/plexus-i18n-1.0-beta-7.jar (11 kB at 49 kB/s)
[11068c9d-9bad-4baf-932a-e18515619f49/build]   | [INFO] Downloading from central: https://repo.maven.apache.org/maven2/commons-collections/commons-collections/3.2.2/commons-collections-3.2.2.jar
[11068c9d-9bad-4baf-932a-e18515619f49/build]   | [INFO] Downloading from central: https://repo.maven.apache.org/maven2/org/apache/velocity/velocity/1.5/velocity-1.5.jar
[11068c9d-9bad-4baf-932a-e18515619f49/build]   | [INFO] Downloading from central: https://repo.maven.apache.org/maven2/commons-validator/commons-validator/1.2.0/commons-validator-1.2.0.jar
[11068c9d-9bad-4baf-932a-e18515619f49/build]   | [INFO] Downloaded from central: https://repo.maven.apache.org/maven2/org/apache/maven/doxia/doxia-module-fml/1.1.2/doxia-module-fml-1.1.2.jar (37 kB at 172 kB/s)
[11068c9d-9bad-4baf-932a-e18515619f49/build]   | [INFO] Downloading from central: https://repo.maven.apache.org/maven2/commons-beanutils/commons-beanutils/1.7.0/commons-beanutils-1.7.0.jar
[11068c9d-9bad-4baf-932a-e18515619f49/build]   | [INFO] Downloaded from central: https://repo.maven.apache.org/maven2/xerces/xercesImpl/2.8.1/xercesImpl-2.8.1.jar (1.2 MB at 5.3 MB/s)
[11068c9d-9bad-4baf-932a-e18515619f49/build]   | [INFO] Downloading from central: https://repo.maven.apache.org/maven2/commons-digester/commons-digester/1.6/commons-digester-1.6.jar
[11068c9d-9bad-4baf-932a-e18515619f49/build]   | [INFO] Downloaded from central: https://repo.maven.apache.org/maven2/commons-beanutils/commons-beanutils/1.7.0/commons-beanutils-1.7.0.jar (189 kB at 764 kB/s)
[11068c9d-9bad-4baf-932a-e18515619f49/build]   | [INFO] Downloading from central: https://repo.maven.apache.org/maven2/commons-logging/commons-logging/1.0.4/commons-logging-1.0.4.jar
[11068c9d-9bad-4baf-932a-e18515619f49/build]   | [INFO] Downloaded from central: https://repo.maven.apache.org/maven2/commons-collections/commons-collections/3.2.2/commons-collections-3.2.2.jar (588 kB at 2.3 MB/s)
[11068c9d-9bad-4baf-932a-e18515619f49/build]   | [INFO] Downloading from central: https://repo.maven.apache.org/maven2/oro/oro/2.0.8/oro-2.0.8.jar
[11068c9d-9bad-4baf-932a-e18515619f49/build]   | [INFO] Downloaded from central: https://repo.maven.apache.org/maven2/commons-validator/commons-validator/1.2.0/commons-validator-1.2.0.jar (91 kB at 359 kB/s)
[11068c9d-9bad-4baf-932a-e18515619f49/build]   | [INFO] Downloading from central: https://repo.maven.apache.org/maven2/xml-apis/xml-apis/1.0.b2/xml-apis-1.0.b2.jar
[11068c9d-9bad-4baf-932a-e18515619f49/build]   | [INFO] Downloaded from central: https://repo.maven.apache.org/maven2/org/apache/velocity/velocity/1.5/velocity-1.5.jar (392 kB at 1.5 MB/s)
[11068c9d-9bad-4baf-932a-e18515619f49/build]   | [INFO] Downloading from central: https://repo.maven.apache.org/maven2/org/jacoco/org.jacoco.agent/0.8.4/org.jacoco.agent-0.8.4-runtime.jar
[11068c9d-9bad-4baf-932a-e18515619f49/build]   | [INFO] Downloaded from central: https://repo.maven.apache.org/maven2/commons-digester/commons-digester/1.6/commons-digester-1.6.jar (168 kB at 655 kB/s)
[11068c9d-9bad-4baf-932a-e18515619f49/build]   | [INFO] Downloading from central: https://repo.maven.apache.org/maven2/org/jacoco/org.jacoco.core/0.8.4/org.jacoco.core-0.8.4.jar
[11068c9d-9bad-4baf-932a-e18515619f49/build]   | [INFO] Downloaded from central: https://repo.maven.apache.org/maven2/commons-logging/commons-logging/1.0.4/commons-logging-1.0.4.jar (38 kB at 148 kB/s)
[11068c9d-9bad-4baf-932a-e18515619f49/build]   | [INFO] Downloading from central: https://repo.maven.apache.org/maven2/org/ow2/asm/asm/7.1/asm-7.1.jar
[11068c9d-9bad-4baf-932a-e18515619f49/build]   | [INFO] Downloaded from central: https://repo.maven.apache.org/maven2/oro/oro/2.0.8/oro-2.0.8.jar (65 kB at 247 kB/s)
[11068c9d-9bad-4baf-932a-e18515619f49/build]   | [INFO] Downloading from central: https://repo.maven.apache.org/maven2/org/ow2/asm/asm-commons/7.1/asm-commons-7.1.jar
[11068c9d-9bad-4baf-932a-e18515619f49/build]   | [INFO] Downloaded from central: https://repo.maven.apache.org/maven2/xml-apis/xml-apis/1.0.b2/xml-apis-1.0.b2.jar (109 kB at 400 kB/s)
[11068c9d-9bad-4baf-932a-e18515619f49/build]   | [INFO] Downloading from central: https://repo.maven.apache.org/maven2/org/ow2/asm/asm-analysis/7.1/asm-analysis-7.1.jar
[11068c9d-9bad-4baf-932a-e18515619f49/build]   | [INFO] Downloaded from central: https://repo.maven.apache.org/maven2/org/jacoco/org.jacoco.core/0.8.4/org.jacoco.core-0.8.4.jar (194 kB at 697 kB/s)
[11068c9d-9bad-4baf-932a-e18515619f49/build]   | [INFO] Downloading from central: https://repo.maven.apache.org/maven2/org/ow2/asm/asm-tree/7.1/asm-tree-7.1.jar
[11068c9d-9bad-4baf-932a-e18515619f49/build]   | [INFO] Downloaded from central: https://repo.maven.apache.org/maven2/org/ow2/asm/asm-commons/7.1/asm-commons-7.1.jar (70 kB at 251 kB/s)
[11068c9d-9bad-4baf-932a-e18515619f49/build]   | [INFO] Downloading from central: https://repo.maven.apache.org/maven2/org/jacoco/org.jacoco.report/0.8.4/org.jacoco.report-0.8.4.jar
[11068c9d-9bad-4baf-932a-e18515619f49/build]   | [INFO] Downloaded from central: https://repo.maven.apache.org/maven2/org/ow2/asm/asm-tree/7.1/asm-tree-7.1.jar (50 kB at 177 kB/s)
[11068c9d-9bad-4baf-932a-e18515619f49/build]   | [INFO] Downloaded from central: https://repo.maven.apache.org/maven2/org/ow2/asm/asm-analysis/7.1/asm-analysis-7.1.jar (33 kB at 113 kB/s)
[11068c9d-9bad-4baf-932a-e18515619f49/build]   | [INFO] Downloaded from central: https://repo.maven.apache.org/maven2/org/jacoco/org.jacoco.agent/0.8.4/org.jacoco.agent-0.8.4-runtime.jar (281 kB at 938 kB/s)
[11068c9d-9bad-4baf-932a-e18515619f49/build]   | [INFO] Downloaded from central: https://repo.maven.apache.org/maven2/org/jacoco/org.jacoco.report/0.8.4/org.jacoco.report-0.8.4.jar (129 kB at 429 kB/s)
[11068c9d-9bad-4baf-932a-e18515619f49/build]   | [INFO] Downloaded from central: https://repo.maven.apache.org/maven2/org/ow2/asm/asm/7.1/asm-7.1.jar (115 kB at 349 kB/s)
[11068c9d-9bad-4baf-932a-e18515619f49/build]   | [INFO] argLine set to -javaagent:/home/runneradmin/.m2/repository/org/jacoco/org.jacoco.agent/0.8.4/org.jacoco.agent-0.8.4-runtime.jar=destfile=/tmp/89f316c9-c0fc-4cdd-9d81-e7660334720d/target/jacoco.exec
[11068c9d-9bad-4baf-932a-e18515619f49/build]   | [INFO] 
[11068c9d-9bad-4baf-932a-e18515619f49/build]   | [INFO] --- maven-resources-plugin:2.6:resources (default-resources) @ leetcode-in-java ---
[11068c9d-9bad-4baf-932a-e18515619f49/build]   | [INFO] Downloading from central: https://repo.maven.apache.org/maven2/org/apache/maven/maven-project/2.0.6/maven-project-2.0.6.pom
[11068c9d-9bad-4baf-932a-e18515619f49/build]   | [INFO] Downloaded from central: https://repo.maven.apache.org/maven2/org/apache/maven/maven-project/2.0.6/maven-project-2.0.6.pom (2.6 kB at 240 kB/s)
[11068c9d-9bad-4baf-932a-e18515619f49/build]   | [INFO] Downloading from central: https://repo.maven.apache.org/maven2/org/apache/maven/maven-settings/2.0.6/maven-settings-2.0.6.pom
[11068c9d-9bad-4baf-932a-e18515619f49/build]   | [INFO] Downloaded from central: https://repo.maven.apache.org/maven2/org/apache/maven/maven-settings/2.0.6/maven-settings-2.0.6.pom (2.0 kB at 105 kB/s)
[11068c9d-9bad-4baf-932a-e18515619f49/build]   | [INFO] Downloading from central: https://repo.maven.apache.org/maven2/org/apache/maven/maven-model/2.0.6/maven-model-2.0.6.pom
[11068c9d-9bad-4baf-932a-e18515619f49/build]   | [INFO] Downloaded from central: https://repo.maven.apache.org/maven2/org/apache/maven/maven-model/2.0.6/maven-model-2.0.6.pom (3.0 kB at 305 kB/s)
[11068c9d-9bad-4baf-932a-e18515619f49/build]   | [INFO] Downloading from central: https://repo.maven.apache.org/maven2/junit/junit/3.8.1/junit-3.8.1.pom
[11068c9d-9bad-4baf-932a-e18515619f49/build]   | [INFO] Downloaded from central: https://repo.maven.apache.org/maven2/junit/junit/3.8.1/junit-3.8.1.pom (998 B at 71 kB/s)
[11068c9d-9bad-4baf-932a-e18515619f49/build]   | [INFO] Downloading from central: https://repo.maven.apache.org/maven2/org/apache/maven/maven-profile/2.0.6/maven-profile-2.0.6.pom
[11068c9d-9bad-4baf-932a-e18515619f49/build]   | [INFO] Downloaded from central: https://repo.maven.apache.org/maven2/org/apache/maven/maven-profile/2.0.6/maven-profile-2.0.6.pom (2.0 kB at 330 kB/s)
[11068c9d-9bad-4baf-932a-e18515619f49/build]   | [INFO] Downloading from central: https://repo.maven.apache.org/maven2/org/apache/maven/maven-artifact-manager/2.0.6/maven-artifact-manager-2.0.6.pom
[11068c9d-9bad-4baf-932a-e18515619f49/build]   | [INFO] Downloaded from central: https://repo.maven.apache.org/maven2/org/apache/maven/maven-artifact-manager/2.0.6/maven-artifact-manager-2.0.6.pom (2.6 kB at 90 kB/s)
[11068c9d-9bad-4baf-932a-e18515619f49/build]   | [INFO] Downloading from central: https://repo.maven.apache.org/maven2/org/apache/maven/maven-repository-metadata/2.0.6/maven-repository-metadata-2.0.6.pom
[11068c9d-9bad-4baf-932a-e18515619f49/build]   | [INFO] Downloaded from central: https://repo.maven.apache.org/maven2/org/apache/maven/maven-repository-metadata/2.0.6/maven-repository-metadata-2.0.6.pom (1.9 kB at 84 kB/s)
[11068c9d-9bad-4baf-932a-e18515619f49/build]   | [INFO] Downloading from central: https://repo.maven.apache.org/maven2/org/apache/maven/maven-artifact/2.0.6/maven-artifact-2.0.6.pom
[11068c9d-9bad-4baf-932a-e18515619f49/build]   | [INFO] Downloaded from central: https://repo.maven.apache.org/maven2/org/apache/maven/maven-artifact/2.0.6/maven-artifact-2.0.6.pom (1.6 kB at 121 kB/s)
[11068c9d-9bad-4baf-932a-e18515619f49/build]   | [INFO] Downloading from central: https://repo.maven.apache.org/maven2/org/apache/maven/maven-plugin-registry/2.0.6/maven-plugin-registry-2.0.6.pom
[11068c9d-9bad-4baf-932a-e18515619f49/build]   | [INFO] Downloaded from central: https://repo.maven.apache.org/maven2/org/apache/maven/maven-plugin-registry/2.0.6/maven-plugin-registry-2.0.6.pom (1.9 kB at 162 kB/s)
[11068c9d-9bad-4baf-932a-e18515619f49/build]   | [INFO] Downloading from central: https://repo.maven.apache.org/maven2/org/apache/maven/maven-core/2.0.6/maven-core-2.0.6.pom
[11068c9d-9bad-4baf-932a-e18515619f49/build]   | [INFO] Downloaded from central: https://repo.maven.apache.org/maven2/org/apache/maven/maven-core/2.0.6/maven-core-2.0.6.pom (6.7 kB at 559 kB/s)
[11068c9d-9bad-4baf-932a-e18515619f49/build]   | [INFO] Downloading from central: https://repo.maven.apache.org/maven2/org/apache/maven/maven-plugin-parameter-documenter/2.0.6/maven-plugin-parameter-documenter-2.0.6.pom
[11068c9d-9bad-4baf-932a-e18515619f49/build]   | [INFO] Downloaded from central: https://repo.maven.apache.org/maven2/org/apache/maven/maven-plugin-parameter-documenter/2.0.6/maven-plugin-parameter-documenter-2.0.6.pom (1.9 kB at 174 kB/s)
[11068c9d-9bad-4baf-932a-e18515619f49/build]   | [INFO] Downloading from central: https://repo.maven.apache.org/maven2/org/apache/maven/reporting/maven-reporting-api/2.0.6/maven-reporting-api-2.0.6.pom
[11068c9d-9bad-4baf-932a-e18515619f49/build]   | [INFO] Downloaded from central: https://repo.maven.apache.org/maven2/org/apache/maven/reporting/maven-reporting-api/2.0.6/maven-reporting-api-2.0.6.pom (1.8 kB at 117 kB/s)
[11068c9d-9bad-4baf-932a-e18515619f49/build]   | [INFO] Downloading from central: https://repo.maven.apache.org/maven2/org/apache/maven/reporting/maven-reporting/2.0.6/maven-reporting-2.0.6.pom
[11068c9d-9bad-4baf-932a-e18515619f49/build]   | [INFO] Downloaded from central: https://repo.maven.apache.org/maven2/org/apache/maven/reporting/maven-reporting/2.0.6/maven-reporting-2.0.6.pom (1.4 kB at 160 kB/s)
[11068c9d-9bad-4baf-932a-e18515619f49/build]   | [INFO] Downloading from central: https://repo.maven.apache.org/maven2/org/apache/maven/doxia/doxia-sink-api/1.0-alpha-7/doxia-sink-api-1.0-alpha-7.pom
[11068c9d-9bad-4baf-932a-e18515619f49/build]   | [INFO] Downloaded from central: https://repo.maven.apache.org/maven2/org/apache/maven/doxia/doxia-sink-api/1.0-alpha-7/doxia-sink-api-1.0-alpha-7.pom (424 B at 71 kB/s)
[11068c9d-9bad-4baf-932a-e18515619f49/build]   | [INFO] Downloading from central: https://repo.maven.apache.org/maven2/org/apache/maven/doxia/doxia/1.0-alpha-7/doxia-1.0-alpha-7.pom
[11068c9d-9bad-4baf-932a-e18515619f49/build]   | [INFO] Downloaded from central: https://repo.maven.apache.org/maven2/org/apache/maven/doxia/doxia/1.0-alpha-7/doxia-1.0-alpha-7.pom (3.9 kB at 489 kB/s)
[11068c9d-9bad-4baf-932a-e18515619f49/build]   | [INFO] Downloading from central: https://repo.maven.apache.org/maven2/org/apache/maven/maven-error-diagnostics/2.0.6/maven-error-diagnostics-2.0.6.pom
[11068c9d-9bad-4baf-932a-e18515619f49/build]   | [INFO] Downloaded from central: https://repo.maven.apache.org/maven2/org/apache/maven/maven-error-diagnostics/2.0.6/maven-error-diagnostics-2.0.6.pom (1.7 kB at 100 kB/s)
[11068c9d-9bad-4baf-932a-e18515619f49/build]   | [INFO] Downloading from central: https://repo.maven.apache.org/maven2/commons-cli/commons-cli/1.0/commons-cli-1.0.pom
[11068c9d-9bad-4baf-932a-e18515619f49/build]   | [INFO] Downloaded from central: https://repo.maven.apache.org/maven2/commons-cli/commons-cli/1.0/commons-cli-1.0.pom (2.1 kB at 162 kB/s)
[11068c9d-9bad-4baf-932a-e18515619f49/build]   | [INFO] Downloading from central: https://repo.maven.apache.org/maven2/org/apache/maven/maven-plugin-descriptor/2.0.6/maven-plugin-descriptor-2.0.6.pom
[11068c9d-9bad-4baf-932a-e18515619f49/build]   | [INFO] Downloaded from central: https://repo.maven.apache.org/maven2/org/apache/maven/maven-plugin-descriptor/2.0.6/maven-plugin-descriptor-2.0.6.pom (2.0 kB at 336 kB/s)
[11068c9d-9bad-4baf-932a-e18515619f49/build]   | [INFO] Downloading from central: https://repo.maven.apache.org/maven2/org/codehaus/plexus/plexus-interactivity-api/1.0-alpha-4/plexus-interactivity-api-1.0-alpha-4.pom
[11068c9d-9bad-4baf-932a-e18515619f49/build]   | [INFO] Downloaded from central: https://repo.maven.apache.org/maven2/org/codehaus/plexus/plexus-interactivity-api/1.0-alpha-4/plexus-interactivity-api-1.0-alpha-4.pom (7.1 kB at 545 kB/s)
[11068c9d-9bad-4baf-932a-e18515619f49/build]   | [INFO] Downloading from central: https://repo.maven.apache.org/maven2/org/apache/maven/maven-monitor/2.0.6/maven-monitor-2.0.6.pom
[11068c9d-9bad-4baf-932a-e18515619f49/build]   | [INFO] Downloaded from central: https://repo.maven.apache.org/maven2/org/apache/maven/maven-monitor/2.0.6/maven-monitor-2.0.6.pom (1.3 kB at 104 kB/s)
[11068c9d-9bad-4baf-932a-e18515619f49/build]   | [INFO] Downloading from central: https://repo.maven.apache.org/maven2/classworlds/classworlds/1.1/classworlds-1.1.pom
[11068c9d-9bad-4baf-932a-e18515619f49/build]   | [INFO] Downloaded from central: https://repo.maven.apache.org/maven2/classworlds/classworlds/1.1/classworlds-1.1.pom (3.3 kB at 554 kB/s)
[11068c9d-9bad-4baf-932a-e18515619f49/build]   | [INFO] Downloading from central: https://repo.maven.apache.org/maven2/org/apache/maven/shared/maven-filtering/1.1/maven-filtering-1.1.pom
[11068c9d-9bad-4baf-932a-e18515619f49/build]   | [INFO] Downloaded from central: https://repo.maven.apache.org/maven2/org/apache/maven/shared/maven-filtering/1.1/maven-filtering-1.1.pom (5.8 kB at 482 kB/s)
[11068c9d-9bad-4baf-932a-e18515619f49/build]   | [INFO] Downloading from central: https://repo.maven.apache.org/maven2/org/apache/maven/shared/maven-shared-components/17/maven-shared-components-17.pom
[11068c9d-9bad-4baf-932a-e18515619f49/build]   | [INFO] Downloaded from central: https://repo.maven.apache.org/maven2/org/apache/maven/shared/maven-shared-components/17/maven-shared-components-17.pom (8.7 kB at 1.1 MB/s)
[11068c9d-9bad-4baf-932a-e18515619f49/build]   | [INFO] Downloading from central: https://repo.maven.apache.org/maven2/org/codehaus/plexus/plexus-utils/1.5.15/plexus-utils-1.5.15.pom
[11068c9d-9bad-4baf-932a-e18515619f49/build]   | [INFO] Downloaded from central: https://repo.maven.apache.org/maven2/org/codehaus/plexus/plexus-utils/1.5.15/plexus-utils-1.5.15.pom (6.8 kB at 1.1 MB/s)
[11068c9d-9bad-4baf-932a-e18515619f49/build]   | [INFO] Downloading from central: https://repo.maven.apache.org/maven2/org/codehaus/plexus/plexus-interpolation/1.12/plexus-interpolation-1.12.pom
[11068c9d-9bad-4baf-932a-e18515619f49/build]   | [INFO] Downloaded from central: https://repo.maven.apache.org/maven2/org/codehaus/plexus/plexus-interpolation/1.12/plexus-interpolation-1.12.pom (889 B at 111 kB/s)
[11068c9d-9bad-4baf-932a-e18515619f49/build]   | [INFO] Downloading from central: https://repo.maven.apache.org/maven2/org/codehaus/plexus/plexus-components/1.1.14/plexus-components-1.1.14.pom
[11068c9d-9bad-4baf-932a-e18515619f49/build]   | [INFO] Downloaded from central: https://repo.maven.apache.org/maven2/org/codehaus/plexus/plexus-components/1.1.14/plexus-components-1.1.14.pom (5.8 kB at 974 kB/s)
[11068c9d-9bad-4baf-932a-e18515619f49/build]   | [INFO] Downloading from central: https://repo.maven.apache.org/maven2/org/sonatype/plexus/plexus-build-api/0.0.4/plexus-build-api-0.0.4.pom
[11068c9d-9bad-4baf-932a-e18515619f49/build]   | [INFO] Downloaded from central: https://repo.maven.apache.org/maven2/org/sonatype/plexus/plexus-build-api/0.0.4/plexus-build-api-0.0.4.pom (2.9 kB at 477 kB/s)
[11068c9d-9bad-4baf-932a-e18515619f49/build]   | [INFO] Downloading from central: https://repo.maven.apache.org/maven2/org/sonatype/spice/spice-parent/10/spice-parent-10.pom
[11068c9d-9bad-4baf-932a-e18515619f49/build]   | [INFO] Downloaded from central: https://repo.maven.apache.org/maven2/org/sonatype/spice/spice-parent/10/spice-parent-10.pom (3.0 kB at 603 kB/s)
[11068c9d-9bad-4baf-932a-e18515619f49/build]   | [INFO] Downloading from central: https://repo.maven.apache.org/maven2/org/sonatype/forge/forge-parent/3/forge-parent-3.pom
[11068c9d-9bad-4baf-932a-e18515619f49/build]   | [INFO] Downloaded from central: https://repo.maven.apache.org/maven2/org/sonatype/forge/forge-parent/3/forge-parent-3.pom (5.0 kB at 1.0 MB/s)
[11068c9d-9bad-4baf-932a-e18515619f49/build]   | [INFO] Downloading from central: https://repo.maven.apache.org/maven2/org/codehaus/plexus/plexus-interpolation/1.13/plexus-interpolation-1.13.pom
[11068c9d-9bad-4baf-932a-e18515619f49/build]   | [INFO] Downloaded from central: https://repo.maven.apache.org/maven2/org/codehaus/plexus/plexus-interpolation/1.13/plexus-interpolation-1.13.pom (890 B at 56 kB/s)
[11068c9d-9bad-4baf-932a-e18515619f49/build]   | [INFO] Downloading from central: https://repo.maven.apache.org/maven2/org/codehaus/plexus/plexus-components/1.1.15/plexus-components-1.1.15.pom
[11068c9d-9bad-4baf-932a-e18515619f49/build]   | [INFO] Downloaded from central: https://repo.maven.apache.org/maven2/org/codehaus/plexus/plexus-components/1.1.15/plexus-components-1.1.15.pom (2.8 kB at 168 kB/s)
[11068c9d-9bad-4baf-932a-e18515619f49/build]   | [INFO] Downloading from central: https://repo.maven.apache.org/maven2/org/codehaus/plexus/plexus/2.0.3/plexus-2.0.3.pom
[11068c9d-9bad-4baf-932a-e18515619f49/build]   | [INFO] Downloaded from central: https://repo.maven.apache.org/maven2/org/codehaus/plexus/plexus/2.0.3/plexus-2.0.3.pom (15 kB at 1.5 MB/s)
[11068c9d-9bad-4baf-932a-e18515619f49/build]   | [INFO] Downloading from central: https://repo.maven.apache.org/maven2/org/apache/maven/maven-plugin-api/2.0.6/maven-plugin-api-2.0.6.jar
[11068c9d-9bad-4baf-932a-e18515619f49/build]   | [INFO] Downloading from central: https://repo.maven.apache.org/maven2/org/apache/maven/maven-project/2.0.6/maven-project-2.0.6.jar
[11068c9d-9bad-4baf-932a-e18515619f49/build]   | [INFO] Downloading from central: https://repo.maven.apache.org/maven2/org/apache/maven/maven-profile/2.0.6/maven-profile-2.0.6.jar
[11068c9d-9bad-4baf-932a-e18515619f49/build]   | [INFO] Downloading from central: https://repo.maven.apache.org/maven2/org/apache/maven/maven-artifact-manager/2.0.6/maven-artifact-manager-2.0.6.jar
[11068c9d-9bad-4baf-932a-e18515619f49/build]   | [INFO] Downloading from central: https://repo.maven.apache.org/maven2/org/apache/maven/maven-plugin-registry/2.0.6/maven-plugin-registry-2.0.6.jar
[11068c9d-9bad-4baf-932a-e18515619f49/build]   | [INFO] Downloaded from central: https://repo.maven.apache.org/maven2/org/apache/maven/maven-plugin-registry/2.0.6/maven-plugin-registry-2.0.6.jar (29 kB at 1.6 MB/s)
[11068c9d-9bad-4baf-932a-e18515619f49/build]   | [INFO] Downloading from central: https://repo.maven.apache.org/maven2/org/apache/maven/maven-core/2.0.6/maven-core-2.0.6.jar
[11068c9d-9bad-4baf-932a-e18515619f49/build]   | [INFO] Downloaded from central: https://repo.maven.apache.org/maven2/org/apache/maven/maven-artifact-manager/2.0.6/maven-artifact-manager-2.0.6.jar (57 kB at 2.5 MB/s)
[11068c9d-9bad-4baf-932a-e18515619f49/build]   | [INFO] Downloaded from central: https://repo.maven.apache.org/maven2/org/apache/maven/maven-plugin-api/2.0.6/maven-plugin-api-2.0.6.jar (13 kB at 536 kB/s)
[11068c9d-9bad-4baf-932a-e18515619f49/build]   | [INFO] Downloading from central: https://repo.maven.apache.org/maven2/org/apache/maven/maven-plugin-parameter-documenter/2.0.6/maven-plugin-parameter-documenter-2.0.6.jar
[11068c9d-9bad-4baf-932a-e18515619f49/build]   | [INFO] Downloading from central: https://repo.maven.apache.org/maven2/org/apache/maven/reporting/maven-reporting-api/2.0.6/maven-reporting-api-2.0.6.jar
[11068c9d-9bad-4baf-932a-e18515619f49/build]   | [INFO] Downloaded from central: https://repo.maven.apache.org/maven2/org/apache/maven/maven-profile/2.0.6/maven-profile-2.0.6.jar (35 kB at 1.2 MB/s)
[11068c9d-9bad-4baf-932a-e18515619f49/build]   | [INFO] Downloading from central: https://repo.maven.apache.org/maven2/org/apache/maven/doxia/doxia-sink-api/1.0-alpha-7/doxia-sink-api-1.0-alpha-7.jar
[11068c9d-9bad-4baf-932a-e18515619f49/build]   | [INFO] Downloaded from central: https://repo.maven.apache.org/maven2/org/apache/maven/maven-project/2.0.6/maven-project-2.0.6.jar (116 kB at 3.6 MB/s)
[11068c9d-9bad-4baf-932a-e18515619f49/build]   | [INFO] Downloading from central: https://repo.maven.apache.org/maven2/org/apache/maven/maven-repository-metadata/2.0.6/maven-repository-metadata-2.0.6.jar
[11068c9d-9bad-4baf-932a-e18515619f49/build]   | [INFO] Downloaded from central: https://repo.maven.apache.org/maven2/org/apache/maven/maven-plugin-parameter-documenter/2.0.6/maven-plugin-parameter-documenter-2.0.6.jar (21 kB at 532 kB/s)
[11068c9d-9bad-4baf-932a-e18515619f49/build]   | [INFO] Downloading from central: https://repo.maven.apache.org/maven2/org/apache/maven/maven-error-diagnostics/2.0.6/maven-error-diagnostics-2.0.6.jar
[11068c9d-9bad-4baf-932a-e18515619f49/build]   | [INFO] Downloaded from central: https://repo.maven.apache.org/maven2/org/apache/maven/maven-core/2.0.6/maven-core-2.0.6.jar (152 kB at 3.9 MB/s)
[11068c9d-9bad-4baf-932a-e18515619f49/build]   | [INFO] Downloading from central: https://repo.maven.apache.org/maven2/commons-cli/commons-cli/1.0/commons-cli-1.0.jar
[11068c9d-9bad-4baf-932a-e18515619f49/build]   | [INFO] Downloaded from central: https://repo.maven.apache.org/maven2/org/apache/maven/reporting/maven-reporting-api/2.0.6/maven-reporting-api-2.0.6.jar (9.9 kB at 231 kB/s)
[11068c9d-9bad-4baf-932a-e18515619f49/build]   | [INFO] Downloading from central: https://repo.maven.apache.org/maven2/org/apache/maven/maven-plugin-descriptor/2.0.6/maven-plugin-descriptor-2.0.6.jar
[11068c9d-9bad-4baf-932a-e18515619f49/build]   | [INFO] Downloaded from central: https://repo.maven.apache.org/maven2/org/apache/maven/maven-repository-metadata/2.0.6/maven-repository-metadata-2.0.6.jar (24 kB at 499 kB/s)
[11068c9d-9bad-4baf-932a-e18515619f49/build]   | [INFO] Downloading from central: https://repo.maven.apache.org/maven2/org/codehaus/plexus/plexus-interactivity-api/1.0-alpha-4/plexus-interactivity-api-1.0-alpha-4.jar
[11068c9d-9bad-4baf-932a-e18515619f49/build]   | [INFO] Downloaded from central: https://repo.maven.apache.org/maven2/org/apache/maven/doxia/doxia-sink-api/1.0-alpha-7/doxia-sink-api-1.0-alpha-7.jar (5.9 kB at 121 kB/s)
[11068c9d-9bad-4baf-932a-e18515619f49/build]   | [INFO] Downloading from central: https://repo.maven.apache.org/maven2/classworlds/classworlds/1.1/classworlds-1.1.jar
[11068c9d-9bad-4baf-932a-e18515619f49/build]   | [INFO] Downloaded from central: https://repo.maven.apache.org/maven2/commons-cli/commons-cli/1.0/commons-cli-1.0.jar (30 kB at 538 kB/s)
[11068c9d-9bad-4baf-932a-e18515619f49/build]   | [INFO] Downloading from central: https://repo.maven.apache.org/maven2/org/apache/maven/maven-artifact/2.0.6/maven-artifact-2.0.6.jar
[11068c9d-9bad-4baf-932a-e18515619f49/build]   | [INFO] Downloaded from central: https://repo.maven.apache.org/maven2/org/apache/maven/maven-error-diagnostics/2.0.6/maven-error-diagnostics-2.0.6.jar (14 kB at 243 kB/s)
[11068c9d-9bad-4baf-932a-e18515619f49/build]   | [INFO] Downloading from central: https://repo.maven.apache.org/maven2/org/apache/maven/maven-settings/2.0.6/maven-settings-2.0.6.jar
[11068c9d-9bad-4baf-932a-e18515619f49/build]   | [INFO] Downloaded from central: https://repo.maven.apache.org/maven2/org/apache/maven/maven-plugin-descriptor/2.0.6/maven-plugin-descriptor-2.0.6.jar (37 kB at 559 kB/s)
[11068c9d-9bad-4baf-932a-e18515619f49/build]   | [INFO] Downloading from central: https://repo.maven.apache.org/maven2/org/apache/maven/maven-model/2.0.6/maven-model-2.0.6.jar
[11068c9d-9bad-4baf-932a-e18515619f49/build]   | [INFO] Downloaded from central: https://repo.maven.apache.org/maven2/org/codehaus/plexus/plexus-interactivity-api/1.0-alpha-4/plexus-interactivity-api-1.0-alpha-4.jar (13 kB at 197 kB/s)
[11068c9d-9bad-4baf-932a-e18515619f49/build]   | [INFO] Downloading from central: https://repo.maven.apache.org/maven2/org/apache/maven/maven-monitor/2.0.6/maven-monitor-2.0.6.jar
[11068c9d-9bad-4baf-932a-e18515619f49/build]   | [INFO] Downloaded from central: https://repo.maven.apache.org/maven2/classworlds/classworlds/1.1/classworlds-1.1.jar (38 kB at 549 kB/s)
[11068c9d-9bad-4baf-932a-e18515619f49/build]   | [INFO] Downloading from central: https://repo.maven.apache.org/maven2/org/codehaus/plexus/plexus-container-default/1.0-alpha-9-stable-1/plexus-container-default-1.0-alpha-9-stable-1.jar
[11068c9d-9bad-4baf-932a-e18515619f49/build]   | [INFO] Downloaded from central: https://repo.maven.apache.org/maven2/org/apache/maven/maven-settings/2.0.6/maven-settings-2.0.6.jar (49 kB at 701 kB/s)
[11068c9d-9bad-4baf-932a-e18515619f49/build]   | [INFO] Downloading from central: https://repo.maven.apache.org/maven2/junit/junit/3.8.1/junit-3.8.1.jar
[11068c9d-9bad-4baf-932a-e18515619f49/build]   | [INFO] Downloaded from central: https://repo.maven.apache.org/maven2/org/apache/maven/maven-artifact/2.0.6/maven-artifact-2.0.6.jar (87 kB at 1.2 MB/s)
[11068c9d-9bad-4baf-932a-e18515619f49/build]   | [INFO] Downloading from central: https://repo.maven.apache.org/maven2/org/codehaus/plexus/plexus-utils/2.0.5/plexus-utils-2.0.5.jar
[11068c9d-9bad-4baf-932a-e18515619f49/build]   | [INFO] Downloaded from central: https://repo.maven.apache.org/maven2/org/apache/maven/maven-model/2.0.6/maven-model-2.0.6.jar (86 kB at 1.2 MB/s)
[11068c9d-9bad-4baf-932a-e18515619f49/build]   | [INFO] Downloading from central: https://repo.maven.apache.org/maven2/org/apache/maven/shared/maven-filtering/1.1/maven-filtering-1.1.jar
[11068c9d-9bad-4baf-932a-e18515619f49/build]   | [INFO] Downloaded from central: https://repo.maven.apache.org/maven2/junit/junit/3.8.1/junit-3.8.1.jar (121 kB at 1.4 MB/s)
[11068c9d-9bad-4baf-932a-e18515619f49/build]   | [INFO] Downloading from central: https://repo.maven.apache.org/maven2/org/sonatype/plexus/plexus-build-api/0.0.4/plexus-build-api-0.0.4.jar
[11068c9d-9bad-4baf-932a-e18515619f49/build]   | [INFO] Downloaded from central: https://repo.maven.apache.org/maven2/org/apache/maven/maven-monitor/2.0.6/maven-monitor-2.0.6.jar (10 kB at 115 kB/s)
[11068c9d-9bad-4baf-932a-e18515619f49/build]   | [INFO] Downloading from central: https://repo.maven.apache.org/maven2/org/codehaus/plexus/plexus-interpolation/1.13/plexus-interpolation-1.13.jar
[11068c9d-9bad-4baf-932a-e18515619f49/build]   | [INFO] Downloaded from central: https://repo.maven.apache.org/maven2/org/codehaus/plexus/plexus-utils/2.0.5/plexus-utils-2.0.5.jar (223 kB at 2.5 MB/s)
[11068c9d-9bad-4baf-932a-e18515619f49/build]   | [INFO] Downloaded from central: https://repo.maven.apache.org/maven2/org/apache/maven/shared/maven-filtering/1.1/maven-filtering-1.1.jar (43 kB at 444 kB/s)
[11068c9d-9bad-4baf-932a-e18515619f49/build]   | [INFO] Downloaded from central: https://repo.maven.apache.org/maven2/org/codehaus/plexus/plexus-container-default/1.0-alpha-9-stable-1/plexus-container-default-1.0-alpha-9-stable-1.jar (194 kB at 2.0 MB/s)
[11068c9d-9bad-4baf-932a-e18515619f49/build]   | [INFO] Downloaded from central: https://repo.maven.apache.org/maven2/org/codehaus/plexus/plexus-interpolation/1.13/plexus-interpolation-1.13.jar (61 kB at 571 kB/s)
[11068c9d-9bad-4baf-932a-e18515619f49/build]   | [INFO] Downloaded from central: https://repo.maven.apache.org/maven2/org/sonatype/plexus/plexus-build-api/0.0.4/plexus-build-api-0.0.4.jar (6.8 kB at 64 kB/s)
[11068c9d-9bad-4baf-932a-e18515619f49/build]   | [INFO] Using 'UTF-8' encoding to copy filtered resources.
[11068c9d-9bad-4baf-932a-e18515619f49/build]   | [INFO] skip non existing resourceDirectory /tmp/89f316c9-c0fc-4cdd-9d81-e7660334720d/src/main/resources
[11068c9d-9bad-4baf-932a-e18515619f49/build]   | [INFO] 
[11068c9d-9bad-4baf-932a-e18515619f49/build]   | [INFO] --- maven-compiler-plugin:3.8.0:compile (default-compile) @ leetcode-in-java ---
[11068c9d-9bad-4baf-932a-e18515619f49/build]   | [INFO] Downloading from central: https://repo.maven.apache.org/maven2/org/codehaus/plexus/plexus-component-annotations/1.7.1/plexus-component-annotations-1.7.1.pom
[11068c9d-9bad-4baf-932a-e18515619f49/build]   | [INFO] Downloaded from central: https://repo.maven.apache.org/maven2/org/codehaus/plexus/plexus-component-annotations/1.7.1/plexus-component-annotations-1.7.1.pom (770 B at 154 kB/s)
[11068c9d-9bad-4baf-932a-e18515619f49/build]   | [INFO] Downloading from central: https://repo.maven.apache.org/maven2/org/codehaus/plexus/plexus-containers/1.7.1/plexus-containers-1.7.1.pom
[11068c9d-9bad-4baf-932a-e18515619f49/build]   | [INFO] Downloaded from central: https://repo.maven.apache.org/maven2/org/codehaus/plexus/plexus-containers/1.7.1/plexus-containers-1.7.1.pom (5.0 kB at 1.3 MB/s)
[11068c9d-9bad-4baf-932a-e18515619f49/build]   | [INFO] Downloading from central: https://repo.maven.apache.org/maven2/org/codehaus/plexus/plexus/4.0/plexus-4.0.pom
[11068c9d-9bad-4baf-932a-e18515619f49/build]   | [INFO] Downloaded from central: https://repo.maven.apache.org/maven2/org/codehaus/plexus/plexus/4.0/plexus-4.0.pom (22 kB at 2.1 MB/s)
[11068c9d-9bad-4baf-932a-e18515619f49/build]   | [INFO] Downloading from central: https://repo.maven.apache.org/maven2/org/apache/maven/shared/maven-shared-utils/3.2.1/maven-shared-utils-3.2.1.pom
[11068c9d-9bad-4baf-932a-e18515619f49/build]   | [INFO] Downloaded from central: https://repo.maven.apache.org/maven2/org/apache/maven/shared/maven-shared-utils/3.2.1/maven-shared-utils-3.2.1.pom (5.6 kB at 1.1 MB/s)
[11068c9d-9bad-4baf-932a-e18515619f49/build]   | [INFO] Downloading from central: https://repo.maven.apache.org/maven2/org/apache/maven/shared/maven-shared-components/30/maven-shared-components-30.pom
[11068c9d-9bad-4baf-932a-e18515619f49/build]   | [INFO] Downloaded from central: https://repo.maven.apache.org/maven2/org/apache/maven/shared/maven-shared-components/30/maven-shared-components-30.pom (4.6 kB at 917 kB/s)
[11068c9d-9bad-4baf-932a-e18515619f49/build]   | [INFO] Downloading from central: https://repo.maven.apache.org/maven2/commons-io/commons-io/2.5/commons-io-2.5.pom
[11068c9d-9bad-4baf-932a-e18515619f49/build]   | [INFO] Downloaded from central: https://repo.maven.apache.org/maven2/commons-io/commons-io/2.5/commons-io-2.5.pom (13 kB at 2.7 MB/s)
[11068c9d-9bad-4baf-932a-e18515619f49/build]   | [INFO] Downloading from central: https://repo.maven.apache.org/maven2/org/apache/maven/shared/maven-shared-incremental/1.1/maven-shared-incremental-1.1.pom
[11068c9d-9bad-4baf-932a-e18515619f49/build]   | [INFO] Downloaded from central: https://repo.maven.apache.org/maven2/org/apache/maven/shared/maven-shared-incremental/1.1/maven-shared-incremental-1.1.pom (4.7 kB at 948 kB/s)
[11068c9d-9bad-4baf-932a-e18515619f49/build]   | [INFO] Downloading from central: https://repo.maven.apache.org/maven2/org/apache/maven/shared/maven-shared-components/19/maven-shared-components-19.pom
[11068c9d-9bad-4baf-932a-e18515619f49/build]   | [INFO] Downloaded from central: https://repo.maven.apache.org/maven2/org/apache/maven/shared/maven-shared-components/19/maven-shared-components-19.pom (6.4 kB at 1.6 MB/s)
[11068c9d-9bad-4baf-932a-e18515619f49/build]   | [INFO] Downloading from central: https://repo.maven.apache.org/maven2/org/apache/maven/maven-parent/23/maven-parent-23.pom
[11068c9d-9bad-4baf-932a-e18515619f49/build]   | [INFO] Downloaded from central: https://repo.maven.apache.org/maven2/org/apache/maven/maven-parent/23/maven-parent-23.pom (33 kB at 4.7 MB/s)
[11068c9d-9bad-4baf-932a-e18515619f49/build]   | [INFO] Downloading from central: https://repo.maven.apache.org/maven2/org/apache/apache/13/apache-13.pom
[11068c9d-9bad-4baf-932a-e18515619f49/build]   | [INFO] Downloaded from central: https://repo.maven.apache.org/maven2/org/apache/apache/13/apache-13.pom (14 kB at 3.5 MB/s)
[11068c9d-9bad-4baf-932a-e18515619f49/build]   | [INFO] Downloading from central: https://repo.maven.apache.org/maven2/org/apache/maven/maven-plugin-api/2.2.1/maven-plugin-api-2.2.1.pom
[11068c9d-9bad-4baf-932a-e18515619f49/build]   | [INFO] Downloaded from central: https://repo.maven.apache.org/maven2/org/apache/maven/maven-plugin-api/2.2.1/maven-plugin-api-2.2.1.pom (1.5 kB at 365 kB/s)
[11068c9d-9bad-4baf-932a-e18515619f49/build]   | [INFO] Downloading from central: https://repo.maven.apache.org/maven2/org/apache/maven/maven/2.2.1/maven-2.2.1.pom
[11068c9d-9bad-4baf-932a-e18515619f49/build]   | [INFO] Downloaded from central: https://repo.maven.apache.org/maven2/org/apache/maven/maven/2.2.1/maven-2.2.1.pom (22 kB at 4.5 MB/s)
[11068c9d-9bad-4baf-932a-e18515619f49/build]   | [INFO] Downloading from central: https://repo.maven.apache.org/maven2/org/apache/maven/maven-parent/11/maven-parent-11.pom
[11068c9d-9bad-4baf-932a-e18515619f49/build]   | [INFO] Downloaded from central: https://repo.maven.apache.org/maven2/org/apache/maven/maven-parent/11/maven-parent-11.pom (32 kB at 6.5 MB/s)
[11068c9d-9bad-4baf-932a-e18515619f49/build]   | [INFO] Downloading from central: https://repo.maven.apache.org/maven2/org/apache/apache/5/apache-5.pom
[11068c9d-9bad-4baf-932a-e18515619f49/build]   | [INFO] Downloaded from central: https://repo.maven.apache.org/maven2/org/apache/apache/5/apache-5.pom (4.1 kB at 1.0 MB/s)
[11068c9d-9bad-4baf-932a-e18515619f49/build]   | [INFO] Downloading from central: https://repo.maven.apache.org/maven2/org/apache/maven/maven-core/2.2.1/maven-core-2.2.1.pom
[11068c9d-9bad-4baf-932a-e18515619f49/build]   | [INFO] Downloaded from central: https://repo.maven.apache.org/maven2/org/apache/maven/maven-core/2.2.1/maven-core-2.2.1.pom (12 kB at 2.3 MB/s)
[11068c9d-9bad-4baf-932a-e18515619f49/build]   | [INFO] Downloading from central: https://repo.maven.apache.org/maven2/org/apache/maven/maven-settings/2.2.1/maven-settings-2.2.1.pom
[11068c9d-9bad-4baf-932a-e18515619f49/build]   | [INFO] Downloaded from central: https://repo.maven.apache.org/maven2/org/apache/maven/maven-settings/2.2.1/maven-settings-2.2.1.pom (2.2 kB at 311 kB/s)
[11068c9d-9bad-4baf-932a-e18515619f49/build]   | [INFO] Downloading from central: https://repo.maven.apache.org/maven2/org/apache/maven/maven-model/2.2.1/maven-model-2.2.1.pom
[11068c9d-9bad-4baf-932a-e18515619f49/build]   | [INFO] Downloaded from central: https://repo.maven.apache.org/maven2/org/apache/maven/maven-model/2.2.1/maven-model-2.2.1.pom (3.2 kB at 360 kB/s)
[11068c9d-9bad-4baf-932a-e18515619f49/build]   | [INFO] Downloading from central: https://repo.maven.apache.org/maven2/org/codehaus/plexus/plexus-interpolation/1.11/plexus-interpolation-1.11.pom
[11068c9d-9bad-4baf-932a-e18515619f49/build]   | [INFO] Downloaded from central: https://repo.maven.apache.org/maven2/org/codehaus/plexus/plexus-interpolation/1.11/plexus-interpolation-1.11.pom (889 B at 127 kB/s)
[11068c9d-9bad-4baf-932a-e18515619f49/build]   | [INFO] Downloading from central: https://repo.maven.apache.org/maven2/org/apache/maven/maven-plugin-parameter-documenter/2.2.1/maven-plugin-parameter-documenter-2.2.1.pom
[11068c9d-9bad-4baf-932a-e18515619f49/build]   | [INFO] Downloaded from central: https://repo.maven.apache.org/maven2/org/apache/maven/maven-plugin-parameter-documenter/2.2.1/maven-plugin-parameter-documenter-2.2.1.pom (2.0 kB at 489 kB/s)
[11068c9d-9bad-4baf-932a-e18515619f49/build]   | [INFO] Downloading from central: https://repo.maven.apache.org/maven2/org/slf4j/slf4j-jdk14/1.5.6/slf4j-jdk14-1.5.6.pom
[11068c9d-9bad-4baf-932a-e18515619f49/build]   | [INFO] Downloaded from central: https://repo.maven.apache.org/maven2/org/slf4j/slf4j-jdk14/1.5.6/slf4j-jdk14-1.5.6.pom (1.9 kB at 474 kB/s)
[11068c9d-9bad-4baf-932a-e18515619f49/build]   | [INFO] Downloading from central: https://repo.maven.apache.org/maven2/org/slf4j/slf4j-parent/1.5.6/slf4j-parent-1.5.6.pom
[11068c9d-9bad-4baf-932a-e18515619f49/build]   | [INFO] Downloaded from central: https://repo.maven.apache.org/maven2/org/slf4j/slf4j-parent/1.5.6/slf4j-parent-1.5.6.pom (7.9 kB at 2.0 MB/s)
[11068c9d-9bad-4baf-932a-e18515619f49/build]   | [INFO] Downloading from central: https://repo.maven.apache.org/maven2/org/slf4j/slf4j-api/1.5.6/slf4j-api-1.5.6.pom
[11068c9d-9bad-4baf-932a-e18515619f49/build]   | [INFO] Downloaded from central: https://repo.maven.apache.org/maven2/org/slf4j/slf4j-api/1.5.6/slf4j-api-1.5.6.pom (3.0 kB at 597 kB/s)
[11068c9d-9bad-4baf-932a-e18515619f49/build]   | [INFO] Downloading from central: https://repo.maven.apache.org/maven2/org/slf4j/jcl-over-slf4j/1.5.6/jcl-over-slf4j-1.5.6.pom
[11068c9d-9bad-4baf-932a-e18515619f49/build]   | [INFO] Downloaded from central: https://repo.maven.apache.org/maven2/org/slf4j/jcl-over-slf4j/1.5.6/jcl-over-slf4j-1.5.6.pom (2.2 kB at 542 kB/s)
[11068c9d-9bad-4baf-932a-e18515619f49/build]   | [INFO] Downloading from central: https://repo.maven.apache.org/maven2/org/apache/maven/maven-profile/2.2.1/maven-profile-2.2.1.pom
[11068c9d-9bad-4baf-932a-e18515619f49/build]   | [INFO] Downloaded from central: https://repo.maven.apache.org/maven2/org/apache/maven/maven-profile/2.2.1/maven-profile-2.2.1.pom (2.2 kB at 543 kB/s)
[11068c9d-9bad-4baf-932a-e18515619f49/build]   | [INFO] Downloading from central: https://repo.maven.apache.org/maven2/org/apache/maven/maven-artifact/2.2.1/maven-artifact-2.2.1.pom
[11068c9d-9bad-4baf-932a-e18515619f49/build]   | [INFO] Downloaded from central: https://repo.maven.apache.org/maven2/org/apache/maven/maven-artifact/2.2.1/maven-artifact-2.2.1.pom (1.6 kB at 395 kB/s)
[11068c9d-9bad-4baf-932a-e18515619f49/build]   | [INFO] Downloading from central: https://repo.maven.apache.org/maven2/org/apache/maven/maven-repository-metadata/2.2.1/maven-repository-metadata-2.2.1.pom
[11068c9d-9bad-4baf-932a-e18515619f49/build]   | [INFO] Downloaded from central: https://repo.maven.apache.org/maven2/org/apache/maven/maven-repository-metadata/2.2.1/maven-repository-metadata-2.2.1.pom (1.9 kB at 468 kB/s)
[11068c9d-9bad-4baf-932a-e18515619f49/build]   | [INFO] Downloading from central: https://repo.maven.apache.org/maven2/org/apache/maven/maven-error-diagnostics/2.2.1/maven-error-diagnostics-2.2.1.pom
[11068c9d-9bad-4baf-932a-e18515619f49/build]   | [INFO] Downloaded from central: https://repo.maven.apache.org/maven2/org/apache/maven/maven-error-diagnostics/2.2.1/maven-error-diagnostics-2.2.1.pom (1.7 kB at 427 kB/s)
[11068c9d-9bad-4baf-932a-e18515619f49/build]   | [INFO] Downloading from central: https://repo.maven.apache.org/maven2/org/apache/maven/maven-project/2.2.1/maven-project-2.2.1.pom
[11068c9d-9bad-4baf-932a-e18515619f49/build]   | [INFO] Downloaded from central: https://repo.maven.apache.org/maven2/org/apache/maven/maven-project/2.2.1/maven-project-2.2.1.pom (2.8 kB at 693 kB/s)
[11068c9d-9bad-4baf-932a-e18515619f49/build]   | [INFO] Downloading from central: https://repo.maven.apache.org/maven2/org/apache/maven/maven-artifact-manager/2.2.1/maven-artifact-manager-2.2.1.pom
[11068c9d-9bad-4baf-932a-e18515619f49/build]   | [INFO] Downloaded from central: https://repo.maven.apache.org/maven2/org/apache/maven/maven-artifact-manager/2.2.1/maven-artifact-manager-2.2.1.pom (3.1 kB at 776 kB/s)
[11068c9d-9bad-4baf-932a-e18515619f49/build]   | [INFO] Downloading from central: https://repo.maven.apache.org/maven2/backport-util-concurrent/backport-util-concurrent/3.1/backport-util-concurrent-3.1.pom
[11068c9d-9bad-4baf-932a-e18515619f49/build]   | [INFO] Downloaded from central: https://repo.maven.apache.org/maven2/backport-util-concurrent/backport-util-concurrent/3.1/backport-util-concurrent-3.1.pom (880 B at 220 kB/s)
[11068c9d-9bad-4baf-932a-e18515619f49/build]   | [INFO] Downloading from central: https://repo.maven.apache.org/maven2/org/apache/maven/maven-plugin-registry/2.2.1/maven-plugin-registry-2.2.1.pom
[11068c9d-9bad-4baf-932a-e18515619f49/build]   | [INFO] Downloaded from central: https://repo.maven.apache.org/maven2/org/apache/maven/maven-plugin-registry/2.2.1/maven-plugin-registry-2.2.1.pom (1.9 kB at 482 kB/s)
[11068c9d-9bad-4baf-932a-e18515619f49/build]   | [INFO] Downloading from central: https://repo.maven.apache.org/maven2/org/apache/maven/maven-plugin-descriptor/2.2.1/maven-plugin-descriptor-2.2.1.pom
[11068c9d-9bad-4baf-932a-e18515619f49/build]   | [INFO] Downloaded from central: https://repo.maven.apache.org/maven2/org/apache/maven/maven-plugin-descriptor/2.2.1/maven-plugin-descriptor-2.2.1.pom (2.1 kB at 516 kB/s)
[11068c9d-9bad-4baf-932a-e18515619f49/build]   | [INFO] Downloading from central: https://repo.maven.apache.org/maven2/org/apache/maven/maven-monitor/2.2.1/maven-monitor-2.2.1.pom
[11068c9d-9bad-4baf-932a-e18515619f49/build]   | [INFO] Downloaded from central: https://repo.maven.apache.org/maven2/org/apache/maven/maven-monitor/2.2.1/maven-monitor-2.2.1.pom (1.3 kB at 419 kB/s)
[11068c9d-9bad-4baf-932a-e18515619f49/build]   | [INFO] Downloading from central: https://repo.maven.apache.org/maven2/org/apache/maven/shared/maven-shared-utils/0.1/maven-shared-utils-0.1.pom
[11068c9d-9bad-4baf-932a-e18515619f49/build]   | [INFO] Downloaded from central: https://repo.maven.apache.org/maven2/org/apache/maven/shared/maven-shared-utils/0.1/maven-shared-utils-0.1.pom (4.0 kB at 578 kB/s)
[11068c9d-9bad-4baf-932a-e18515619f49/build]   | [INFO] Downloading from central: https://repo.maven.apache.org/maven2/org/apache/maven/shared/maven-shared-components/18/maven-shared-components-18.pom
[11068c9d-9bad-4baf-932a-e18515619f49/build]   | [INFO] Downloaded from central: https://repo.maven.apache.org/maven2/org/apache/maven/shared/maven-shared-components/18/maven-shared-components-18.pom (4.9 kB at 987 kB/s)
[11068c9d-9bad-4baf-932a-e18515619f49/build]   | [INFO] Downloading from central: https://repo.maven.apache.org/maven2/com/google/code/findbugs/jsr305/2.0.1/jsr305-2.0.1.pom
[11068c9d-9bad-4baf-932a-e18515619f49/build]   | [INFO] Downloaded from central: https://repo.maven.apache.org/maven2/com/google/code/findbugs/jsr305/2.0.1/jsr305-2.0.1.pom (965 B at 193 kB/s)
[11068c9d-9bad-4baf-932a-e18515619f49/build]   | [INFO] Downloading from central: https://repo.maven.apache.org/maven2/org/codehaus/plexus/plexus-java/0.9.10/plexus-java-0.9.10.pom
[11068c9d-9bad-4baf-932a-e18515619f49/build]   | [INFO] Downloaded from central: https://repo.maven.apache.org/maven2/org/codehaus/plexus/plexus-java/0.9.10/plexus-java-0.9.10.pom (5.1 kB at 1.0 MB/s)
[11068c9d-9bad-4baf-932a-e18515619f49/build]   | [INFO] Downloading from central: https://repo.maven.apache.org/maven2/org/codehaus/plexus/plexus-languages/0.9.10/plexus-languages-0.9.10.pom
[11068c9d-9bad-4baf-932a-e18515619f49/build]   | [INFO] Downloaded from central: https://repo.maven.apache.org/maven2/org/codehaus/plexus/plexus-languages/0.9.10/plexus-languages-0.9.10.pom (4.1 kB at 318 kB/s)
[11068c9d-9bad-4baf-932a-e18515619f49/build]   | [INFO] Downloading from central: https://repo.maven.apache.org/maven2/org/ow2/asm/asm/6.2/asm-6.2.pom
[11068c9d-9bad-4baf-932a-e18515619f49/build]   | [INFO] Downloaded from central: https://repo.maven.apache.org/maven2/org/ow2/asm/asm/6.2/asm-6.2.pom (2.9 kB at 89 kB/s)
[11068c9d-9bad-4baf-932a-e18515619f49/build]   | [INFO] Downloading from central: https://repo.maven.apache.org/maven2/com/thoughtworks/qdox/qdox/2.0-M9/qdox-2.0-M9.pom
[11068c9d-9bad-4baf-932a-e18515619f49/build]   | [INFO] Downloaded from central: https://repo.maven.apache.org/maven2/com/thoughtworks/qdox/qdox/2.0-M9/qdox-2.0-M9.pom (16 kB at 3.2 MB/s)
[11068c9d-9bad-4baf-932a-e18515619f49/build]   | [INFO] Downloading from central: https://repo.maven.apache.org/maven2/org/sonatype/oss/oss-parent/9/oss-parent-9.pom
[11068c9d-9bad-4baf-932a-e18515619f49/build]   | [INFO] Downloaded from central: https://repo.maven.apache.org/maven2/org/sonatype/oss/oss-parent/9/oss-parent-9.pom (6.6 kB at 1.3 MB/s)
[11068c9d-9bad-4baf-932a-e18515619f49/build]   | [INFO] Downloading from central: https://repo.maven.apache.org/maven2/org/codehaus/plexus/plexus-compiler-api/2.8.4/plexus-compiler-api-2.8.4.pom
[11068c9d-9bad-4baf-932a-e18515619f49/build]   | [INFO] Downloaded from central: https://repo.maven.apache.org/maven2/org/codehaus/plexus/plexus-compiler-api/2.8.4/plexus-compiler-api-2.8.4.pom (867 B at 48 kB/s)
[11068c9d-9bad-4baf-932a-e18515619f49/build]   | [INFO] Downloading from central: https://repo.maven.apache.org/maven2/org/codehaus/plexus/plexus-compiler/2.8.4/plexus-compiler-2.8.4.pom
[11068c9d-9bad-4baf-932a-e18515619f49/build]   | [INFO] Downloaded from central: https://repo.maven.apache.org/maven2/org/codehaus/plexus/plexus-compiler/2.8.4/plexus-compiler-2.8.4.pom (6.0 kB at 1.5 MB/s)
[11068c9d-9bad-4baf-932a-e18515619f49/build]   | [INFO] Downloading from central: https://repo.maven.apache.org/maven2/org/codehaus/plexus/plexus-components/4.0/plexus-components-4.0.pom
[11068c9d-9bad-4baf-932a-e18515619f49/build]   | [INFO] Downloaded from central: https://repo.maven.apache.org/maven2/org/codehaus/plexus/plexus-components/4.0/plexus-components-4.0.pom (2.7 kB at 664 kB/s)
[11068c9d-9bad-4baf-932a-e18515619f49/build]   | [INFO] Downloading from central: https://repo.maven.apache.org/maven2/org/codehaus/plexus/plexus-compiler-manager/2.8.4/plexus-compiler-manager-2.8.4.pom
[11068c9d-9bad-4baf-932a-e18515619f49/build]   | [INFO] Downloaded from central: https://repo.maven.apache.org/maven2/org/codehaus/plexus/plexus-compiler-manager/2.8.4/plexus-compiler-manager-2.8.4.pom (692 B at 53 kB/s)
[11068c9d-9bad-4baf-932a-e18515619f49/build]   | [INFO] Downloading from central: https://repo.maven.apache.org/maven2/org/codehaus/plexus/plexus-compiler-javac/2.8.4/plexus-compiler-javac-2.8.4.pom
[11068c9d-9bad-4baf-932a-e18515619f49/build]   | [INFO] Downloaded from central: https://repo.maven.apache.org/maven2/org/codehaus/plexus/plexus-compiler-javac/2.8.4/plexus-compiler-javac-2.8.4.pom (771 B at 59 kB/s)
[11068c9d-9bad-4baf-932a-e18515619f49/build]   | [INFO] Downloading from central: https://repo.maven.apache.org/maven2/org/codehaus/plexus/plexus-compilers/2.8.4/plexus-compilers-2.8.4.pom
[11068c9d-9bad-4baf-932a-e18515619f49/build]   | [INFO] Downloaded from central: https://repo.maven.apache.org/maven2/org/codehaus/plexus/plexus-compilers/2.8.4/plexus-compilers-2.8.4.pom (1.3 kB at 268 kB/s)
[11068c9d-9bad-4baf-932a-e18515619f49/build]   | [INFO] Downloading from central: https://repo.maven.apache.org/maven2/org/codehaus/plexus/plexus-utils/2.0.4/plexus-utils-2.0.4.jar
[11068c9d-9bad-4baf-932a-e18515619f49/build]   | [INFO] Downloading from central: https://repo.maven.apache.org/maven2/org/codehaus/plexus/plexus-component-annotations/1.7.1/plexus-component-annotations-1.7.1.jar
[11068c9d-9bad-4baf-932a-e18515619f49/build]   | [INFO] Downloading from central: https://repo.maven.apache.org/maven2/org/apache/maven/shared/maven-shared-utils/3.2.1/maven-shared-utils-3.2.1.jar
[11068c9d-9bad-4baf-932a-e18515619f49/build]   | [INFO] Downloading from central: https://repo.maven.apache.org/maven2/commons-io/commons-io/2.5/commons-io-2.5.jar
[11068c9d-9bad-4baf-932a-e18515619f49/build]   | [INFO] Downloading from central: https://repo.maven.apache.org/maven2/org/apache/maven/shared/maven-shared-incremental/1.1/maven-shared-incremental-1.1.jar
[11068c9d-9bad-4baf-932a-e18515619f49/build]   | [INFO] Downloaded from central: https://repo.maven.apache.org/maven2/org/codehaus/plexus/plexus-component-annotations/1.7.1/plexus-component-annotations-1.7.1.jar (4.3 kB at 78 kB/s)
[11068c9d-9bad-4baf-932a-e18515619f49/build]   | [INFO] Downloading from central: https://repo.maven.apache.org/maven2/org/codehaus/plexus/plexus-java/0.9.10/plexus-java-0.9.10.jar
[11068c9d-9bad-4baf-932a-e18515619f49/build]   | [INFO] Downloaded from central: https://repo.maven.apache.org/maven2/org/codehaus/plexus/plexus-java/0.9.10/plexus-java-0.9.10.jar (39 kB at 499 kB/s)
[11068c9d-9bad-4baf-932a-e18515619f49/build]   | [INFO] Downloading from central: https://repo.maven.apache.org/maven2/org/ow2/asm/asm/6.2/asm-6.2.jar
[11068c9d-9bad-4baf-932a-e18515619f49/build]   | [INFO] Downloaded from central: https://repo.maven.apache.org/maven2/org/apache/maven/shared/maven-shared-utils/3.2.1/maven-shared-utils-3.2.1.jar (167 kB at 2.1 MB/s)
[11068c9d-9bad-4baf-932a-e18515619f49/build]   | [INFO] Downloading from central: https://repo.maven.apache.org/maven2/com/thoughtworks/qdox/qdox/2.0-M9/qdox-2.0-M9.jar
[11068c9d-9bad-4baf-932a-e18515619f49/build]   | [INFO] Downloaded from central: https://repo.maven.apache.org/maven2/commons-io/commons-io/2.5/commons-io-2.5.jar (209 kB at 2.5 MB/s)
[11068c9d-9bad-4baf-932a-e18515619f49/build]   | [INFO] Downloaded from central: https://repo.maven.apache.org/maven2/org/apache/maven/shared/maven-shared-incremental/1.1/maven-shared-incremental-1.1.jar (14 kB at 167 kB/s)
[11068c9d-9bad-4baf-932a-e18515619f49/build]   | [INFO] Downloading from central: https://repo.maven.apache.org/maven2/org/codehaus/plexus/plexus-compiler-api/2.8.4/plexus-compiler-api-2.8.4.jar
[11068c9d-9bad-4baf-932a-e18515619f49/build]   | [INFO] Downloading from central: https://repo.maven.apache.org/maven2/org/codehaus/plexus/plexus-compiler-manager/2.8.4/plexus-compiler-manager-2.8.4.jar
[11068c9d-9bad-4baf-932a-e18515619f49/build]   | [INFO] Downloaded from central: https://repo.maven.apache.org/maven2/org/codehaus/plexus/plexus-utils/2.0.4/plexus-utils-2.0.4.jar (222 kB at 1.7 MB/s)
[11068c9d-9bad-4baf-932a-e18515619f49/build]   | [INFO] Downloading from central: https://repo.maven.apache.org/maven2/org/codehaus/plexus/plexus-compiler-javac/2.8.4/plexus-compiler-javac-2.8.4.jar
[11068c9d-9bad-4baf-932a-e18515619f49/build]   | [INFO] Downloaded from central: https://repo.maven.apache.org/maven2/org/ow2/asm/asm/6.2/asm-6.2.jar (111 kB at 855 kB/s)
[11068c9d-9bad-4baf-932a-e18515619f49/build]   | [INFO] Downloaded from central: https://repo.maven.apache.org/maven2/org/codehaus/plexus/plexus-compiler-api/2.8.4/plexus-compiler-api-2.8.4.jar (27 kB at 208 kB/s)
[11068c9d-9bad-4baf-932a-e18515619f49/build]   | [INFO] Downloaded from central: https://repo.maven.apache.org/maven2/org/codehaus/plexus/plexus-compiler-manager/2.8.4/plexus-compiler-manager-2.8.4.jar (4.7 kB at 36 kB/s)
[11068c9d-9bad-4baf-932a-e18515619f49/build]   | [INFO] Downloaded from central: https://repo.maven.apache.org/maven2/com/thoughtworks/qdox/qdox/2.0-M9/qdox-2.0-M9.jar (317 kB at 2.4 MB/s)
[11068c9d-9bad-4baf-932a-e18515619f49/build]   | [INFO] Downloaded from central: https://repo.maven.apache.org/maven2/org/codehaus/plexus/plexus-compiler-javac/2.8.4/plexus-compiler-javac-2.8.4.jar (21 kB at 159 kB/s)
[11068c9d-9bad-4baf-932a-e18515619f49/build]   | [INFO] Changes detected - recompiling the module!
[11068c9d-9bad-4baf-932a-e18515619f49/build]   | [INFO] Compiling 24 source files to /tmp/89f316c9-c0fc-4cdd-9d81-e7660334720d/target/classes
[11068c9d-9bad-4baf-932a-e18515619f49/build]   | [INFO] 
[11068c9d-9bad-4baf-932a-e18515619f49/build]   | [INFO] --- maven-resources-plugin:2.6:testResources (default-testResources) @ leetcode-in-java ---
[11068c9d-9bad-4baf-932a-e18515619f49/build]   | [INFO] Using 'UTF-8' encoding to copy filtered resources.
[11068c9d-9bad-4baf-932a-e18515619f49/build]   | [INFO] skip non existing resourceDirectory /tmp/89f316c9-c0fc-4cdd-9d81-e7660334720d/src/test/resources
[11068c9d-9bad-4baf-932a-e18515619f49/build]   | [INFO] 
[11068c9d-9bad-4baf-932a-e18515619f49/build]   | [INFO] --- maven-compiler-plugin:3.8.0:testCompile (default-testCompile) @ leetcode-in-java ---
[11068c9d-9bad-4baf-932a-e18515619f49/build]   | [INFO] Changes detected - recompiling the module!
[11068c9d-9bad-4baf-932a-e18515619f49/build]   | [INFO] Compiling 22 source files to /tmp/89f316c9-c0fc-4cdd-9d81-e7660334720d/target/test-classes
[11068c9d-9bad-4baf-932a-e18515619f49/build]   | [INFO] 
[11068c9d-9bad-4baf-932a-e18515619f49/build]   | [INFO] --- maven-surefire-plugin:2.12.4:test (default-test) @ leetcode-in-java ---
[11068c9d-9bad-4baf-932a-e18515619f49/build]   | [INFO] Downloading from central: https://repo.maven.apache.org/maven2/org/apache/maven/maven-plugin-api/2.0.9/maven-plugin-api-2.0.9.pom
[11068c9d-9bad-4baf-932a-e18515619f49/build]   | [INFO] Downloaded from central: https://repo.maven.apache.org/maven2/org/apache/maven/maven-plugin-api/2.0.9/maven-plugin-api-2.0.9.pom (1.5 kB at 136 kB/s)
[11068c9d-9bad-4baf-932a-e18515619f49/build]   | [INFO] Downloading from central: https://repo.maven.apache.org/maven2/org/apache/maven/maven/2.0.9/maven-2.0.9.pom
[11068c9d-9bad-4baf-932a-e18515619f49/build]   | [INFO] Downloaded from central: https://repo.maven.apache.org/maven2/org/apache/maven/maven/2.0.9/maven-2.0.9.pom (19 kB at 1.7 MB/s)
[11068c9d-9bad-4baf-932a-e18515619f49/build]   | [INFO] Downloading from central: https://repo.maven.apache.org/maven2/org/apache/maven/maven-parent/8/maven-parent-8.pom
[11068c9d-9bad-4baf-932a-e18515619f49/build]   | [INFO] Downloaded from central: https://repo.maven.apache.org/maven2/org/apache/maven/maven-parent/8/maven-parent-8.pom (24 kB at 2.2 MB/s)
[11068c9d-9bad-4baf-932a-e18515619f49/build]   | [INFO] Downloading from central: https://repo.maven.apache.org/maven2/org/apache/maven/surefire/surefire-booter/2.12.4/surefire-booter-2.12.4.pom
[11068c9d-9bad-4baf-932a-e18515619f49/build]   | [INFO] Downloaded from central: https://repo.maven.apache.org/maven2/org/apache/maven/surefire/surefire-booter/2.12.4/surefire-booter-2.12.4.pom (3.0 kB at 12 kB/s)
[11068c9d-9bad-4baf-932a-e18515619f49/build]   | [INFO] Downloading from central: https://repo.maven.apache.org/maven2/org/apache/maven/surefire/surefire-api/2.12.4/surefire-api-2.12.4.pom
[11068c9d-9bad-4baf-932a-e18515619f49/build]   | [INFO] Downloaded from central: https://repo.maven.apache.org/maven2/org/apache/maven/surefire/surefire-api/2.12.4/surefire-api-2.12.4.pom (2.5 kB at 2.8 kB/s)
[11068c9d-9bad-4baf-932a-e18515619f49/build]   | [INFO] Downloading from central: https://repo.maven.apache.org/maven2/org/apache/maven/surefire/maven-surefire-common/2.12.4/maven-surefire-common-2.12.4.pom
[11068c9d-9bad-4baf-932a-e18515619f49/build]   | [INFO] Downloaded from central: https://repo.maven.apache.org/maven2/org/apache/maven/surefire/maven-surefire-common/2.12.4/maven-surefire-common-2.12.4.pom (5.5 kB at 12 kB/s)
[11068c9d-9bad-4baf-932a-e18515619f49/build]   | [INFO] Downloading from central: https://repo.maven.apache.org/maven2/org/apache/maven/plugin-tools/maven-plugin-annotations/3.1/maven-plugin-annotations-3.1.pom
[11068c9d-9bad-4baf-932a-e18515619f49/build]   | [INFO] Downloaded from central: https://repo.maven.apache.org/maven2/org/apache/maven/plugin-tools/maven-plugin-annotations/3.1/maven-plugin-annotations-3.1.pom (1.6 kB at 6.9 kB/s)
[11068c9d-9bad-4baf-932a-e18515619f49/build]   | [INFO] Downloading from central: https://repo.maven.apache.org/maven2/org/apache/maven/plugin-tools/maven-plugin-tools/3.1/maven-plugin-tools-3.1.pom
[11068c9d-9bad-4baf-932a-e18515619f49/build]   | [INFO] Downloaded from central: https://repo.maven.apache.org/maven2/org/apache/maven/plugin-tools/maven-plugin-tools/3.1/maven-plugin-tools-3.1.pom (16 kB at 154 kB/s)
[11068c9d-9bad-4baf-932a-e18515619f49/build]   | [INFO] Downloading from central: https://repo.maven.apache.org/maven2/org/apache/maven/maven-artifact/2.0.9/maven-artifact-2.0.9.pom
[11068c9d-9bad-4baf-932a-e18515619f49/build]   | [INFO] Downloaded from central: https://repo.maven.apache.org/maven2/org/apache/maven/maven-artifact/2.0.9/maven-artifact-2.0.9.pom (1.6 kB at 116 kB/s)
[11068c9d-9bad-4baf-932a-e18515619f49/build]   | [INFO] Downloading from central: https://repo.maven.apache.org/maven2/org/codehaus/plexus/plexus-utils/3.0.8/plexus-utils-3.0.8.pom
[11068c9d-9bad-4baf-932a-e18515619f49/build]   | [INFO] Downloaded from central: https://repo.maven.apache.org/maven2/org/codehaus/plexus/plexus-utils/3.0.8/plexus-utils-3.0.8.pom (3.1 kB at 150 kB/s)
[11068c9d-9bad-4baf-932a-e18515619f49/build]   | [INFO] Downloading from central: https://repo.maven.apache.org/maven2/org/codehaus/plexus/plexus/3.2/plexus-3.2.pom
[11068c9d-9bad-4baf-932a-e18515619f49/build]   | [INFO] Downloaded from central: https://repo.maven.apache.org/maven2/org/codehaus/plexus/plexus/3.2/plexus-3.2.pom (19 kB at 399 kB/s)
[11068c9d-9bad-4baf-932a-e18515619f49/build]   | [INFO] Downloading from central: https://repo.maven.apache.org/maven2/org/apache/maven/maven-project/2.0.9/maven-project-2.0.9.pom
[11068c9d-9bad-4baf-932a-e18515619f49/build]   | [INFO] Downloaded from central: https://repo.maven.apache.org/maven2/org/apache/maven/maven-project/2.0.9/maven-project-2.0.9.pom (2.7 kB at 10 kB/s)
[11068c9d-9bad-4baf-932a-e18515619f49/build]   | [INFO] Downloading from central: https://repo.maven.apache.org/maven2/org/apache/maven/maven-settings/2.0.9/maven-settings-2.0.9.pom
[11068c9d-9bad-4baf-932a-e18515619f49/build]   | [INFO] Downloaded from central: https://repo.maven.apache.org/maven2/org/apache/maven/maven-settings/2.0.9/maven-settings-2.0.9.pom (2.1 kB at 158 kB/s)
[11068c9d-9bad-4baf-932a-e18515619f49/build]   | [INFO] Downloading from central: https://repo.maven.apache.org/maven2/org/apache/maven/maven-model/2.0.9/maven-model-2.0.9.pom
[11068c9d-9bad-4baf-932a-e18515619f49/build]   | [INFO] Downloaded from central: https://repo.maven.apache.org/maven2/org/apache/maven/maven-model/2.0.9/maven-model-2.0.9.pom (3.1 kB at 67 kB/s)
[11068c9d-9bad-4baf-932a-e18515619f49/build]   | [INFO] Downloading from central: https://repo.maven.apache.org/maven2/org/apache/maven/maven-profile/2.0.9/maven-profile-2.0.9.pom
[11068c9d-9bad-4baf-932a-e18515619f49/build]   | [INFO] Downloaded from central: https://repo.maven.apache.org/maven2/org/apache/maven/maven-profile/2.0.9/maven-profile-2.0.9.pom (2.0 kB at 171 kB/s)
[11068c9d-9bad-4baf-932a-e18515619f49/build]   | [INFO] Downloading from central: https://repo.maven.apache.org/maven2/org/apache/maven/maven-artifact-manager/2.0.9/maven-artifact-manager-2.0.9.pom
[11068c9d-9bad-4baf-932a-e18515619f49/build]   | [INFO] Downloaded from central: https://repo.maven.apache.org/maven2/org/apache/maven/maven-artifact-manager/2.0.9/maven-artifact-manager-2.0.9.pom (2.7 kB at 159 kB/s)
[11068c9d-9bad-4baf-932a-e18515619f49/build]   | [INFO] Downloading from central: https://repo.maven.apache.org/maven2/org/apache/maven/maven-repository-metadata/2.0.9/maven-repository-metadata-2.0.9.pom
[11068c9d-9bad-4baf-932a-e18515619f49/build]   | [INFO] Downloaded from central: https://repo.maven.apache.org/maven2/org/apache/maven/maven-repository-metadata/2.0.9/maven-repository-metadata-2.0.9.pom (1.9 kB at 8.2 kB/s)
[11068c9d-9bad-4baf-932a-e18515619f49/build]   | [INFO] Downloading from central: https://repo.maven.apache.org/maven2/org/apache/maven/maven-plugin-registry/2.0.9/maven-plugin-registry-2.0.9.pom
[11068c9d-9bad-4baf-932a-e18515619f49/build]   | [INFO] Downloaded from central: https://repo.maven.apache.org/maven2/org/apache/maven/maven-plugin-registry/2.0.9/maven-plugin-registry-2.0.9.pom (2.0 kB at 164 kB/s)
[11068c9d-9bad-4baf-932a-e18515619f49/build]   | [INFO] Downloading from central: https://repo.maven.apache.org/maven2/org/apache/maven/maven-core/2.0.9/maven-core-2.0.9.pom
[11068c9d-9bad-4baf-932a-e18515619f49/build]   | [INFO] Downloaded from central: https://repo.maven.apache.org/maven2/org/apache/maven/maven-core/2.0.9/maven-core-2.0.9.pom (7.8 kB at 132 kB/s)
[11068c9d-9bad-4baf-932a-e18515619f49/build]   | [INFO] Downloading from central: https://repo.maven.apache.org/maven2/org/apache/maven/maven-plugin-parameter-documenter/2.0.9/maven-plugin-parameter-documenter-2.0.9.pom
[11068c9d-9bad-4baf-932a-e18515619f49/build]   | [INFO] Downloaded from central: https://repo.maven.apache.org/maven2/org/apache/maven/maven-plugin-parameter-documenter/2.0.9/maven-plugin-parameter-documenter-2.0.9.pom (2.0 kB at 123 kB/s)
[11068c9d-9bad-4baf-932a-e18515619f49/build]   | [INFO] Downloading from central: https://repo.maven.apache.org/maven2/org/apache/maven/reporting/maven-reporting-api/2.0.9/maven-reporting-api-2.0.9.pom
[11068c9d-9bad-4baf-932a-e18515619f49/build]   | [INFO] Downloaded from central: https://repo.maven.apache.org/maven2/org/apache/maven/reporting/maven-reporting-api/2.0.9/maven-reporting-api-2.0.9.pom (1.8 kB at 150 kB/s)
[11068c9d-9bad-4baf-932a-e18515619f49/build]   | [INFO] Downloading from central: https://repo.maven.apache.org/maven2/org/apache/maven/reporting/maven-reporting/2.0.9/maven-reporting-2.0.9.pom
[11068c9d-9bad-4baf-932a-e18515619f49/build]   | [INFO] Downloaded from central: https://repo.maven.apache.org/maven2/org/apache/maven/reporting/maven-reporting/2.0.9/maven-reporting-2.0.9.pom (1.5 kB at 5.9 kB/s)
[11068c9d-9bad-4baf-932a-e18515619f49/build]   | [INFO] Downloading from central: https://repo.maven.apache.org/maven2/org/apache/maven/maven-error-diagnostics/2.0.9/maven-error-diagnostics-2.0.9.pom
[11068c9d-9bad-4baf-932a-e18515619f49/build]   | [INFO] Downloaded from central: https://repo.maven.apache.org/maven2/org/apache/maven/maven-error-diagnostics/2.0.9/maven-error-diagnostics-2.0.9.pom (1.7 kB at 134 kB/s)
[11068c9d-9bad-4baf-932a-e18515619f49/build]   | [INFO] Downloading from central: https://repo.maven.apache.org/maven2/org/apache/maven/maven-plugin-descriptor/2.0.9/maven-plugin-descriptor-2.0.9.pom
[11068c9d-9bad-4baf-932a-e18515619f49/build]   | [INFO] Downloaded from central: https://repo.maven.apache.org/maven2/org/apache/maven/maven-plugin-descriptor/2.0.9/maven-plugin-descriptor-2.0.9.pom (2.1 kB at 189 kB/s)
[11068c9d-9bad-4baf-932a-e18515619f49/build]   | [INFO] Downloading from central: https://repo.maven.apache.org/maven2/org/apache/maven/maven-monitor/2.0.9/maven-monitor-2.0.9.pom
[11068c9d-9bad-4baf-932a-e18515619f49/build]   | [INFO] Downloaded from central: https://repo.maven.apache.org/maven2/org/apache/maven/maven-monitor/2.0.9/maven-monitor-2.0.9.pom (1.3 kB at 128 kB/s)
[11068c9d-9bad-4baf-932a-e18515619f49/build]   | [INFO] Downloading from central: https://repo.maven.apache.org/maven2/org/apache/maven/maven-toolchain/2.0.9/maven-toolchain-2.0.9.pom
[11068c9d-9bad-4baf-932a-e18515619f49/build]   | [INFO] Downloaded from central: https://repo.maven.apache.org/maven2/org/apache/maven/maven-toolchain/2.0.9/maven-toolchain-2.0.9.pom (3.5 kB at 348 kB/s)
[11068c9d-9bad-4baf-932a-e18515619f49/build]   | [INFO] Downloading from central: https://repo.maven.apache.org/maven2/org/apache/commons/commons-lang3/3.1/commons-lang3-3.1.pom
[11068c9d-9bad-4baf-932a-e18515619f49/build]   | [INFO] Downloaded from central: https://repo.maven.apache.org/maven2/org/apache/commons/commons-lang3/3.1/commons-lang3-3.1.pom (17 kB at 836 kB/s)
[11068c9d-9bad-4baf-932a-e18515619f49/build]   | [INFO] Downloading from central: https://repo.maven.apache.org/maven2/org/apache/commons/commons-parent/22/commons-parent-22.pom
[11068c9d-9bad-4baf-932a-e18515619f49/build]   | [INFO] Downloaded from central: https://repo.maven.apache.org/maven2/org/apache/commons/commons-parent/22/commons-parent-22.pom (42 kB at 1.4 MB/s)
[11068c9d-9bad-4baf-932a-e18515619f49/build]   | [INFO] Downloading from central: https://repo.maven.apache.org/maven2/org/apache/apache/9/apache-9.pom
[11068c9d-9bad-4baf-932a-e18515619f49/build]   | [INFO] Downloaded from central: https://repo.maven.apache.org/maven2/org/apache/apache/9/apache-9.pom (15 kB at 798 kB/s)
[11068c9d-9bad-4baf-932a-e18515619f49/build]   | [INFO] Downloading from central: https://repo.maven.apache.org/maven2/org/apache/maven/shared/maven-common-artifact-filters/1.3/maven-common-artifact-filters-1.3.pom
[11068c9d-9bad-4baf-932a-e18515619f49/build]   | [INFO] Downloaded from central: https://repo.maven.apache.org/maven2/org/apache/maven/shared/maven-common-artifact-filters/1.3/maven-common-artifact-filters-1.3.pom (3.7 kB at 740 kB/s)
[11068c9d-9bad-4baf-932a-e18515619f49/build]   | [INFO] Downloading from central: https://repo.maven.apache.org/maven2/org/apache/maven/shared/maven-shared-components/12/maven-shared-components-12.pom
[11068c9d-9bad-4baf-932a-e18515619f49/build]   | [INFO] Downloaded from central: https://repo.maven.apache.org/maven2/org/apache/maven/shared/maven-shared-components/12/maven-shared-components-12.pom (9.3 kB at 1.3 MB/s)
[11068c9d-9bad-4baf-932a-e18515619f49/build]   | [INFO] Downloading from central: https://repo.maven.apache.org/maven2/org/apache/maven/maven-parent/13/maven-parent-13.pom
[11068c9d-9bad-4baf-932a-e18515619f49/build]   | [INFO] Downloaded from central: https://repo.maven.apache.org/maven2/org/apache/maven/maven-parent/13/maven-parent-13.pom (23 kB at 2.3 MB/s)
[11068c9d-9bad-4baf-932a-e18515619f49/build]   | [INFO] Downloading from central: https://repo.maven.apache.org/maven2/org/apache/maven/maven-plugin-api/2.0.9/maven-plugin-api-2.0.9.jar
[11068c9d-9bad-4baf-932a-e18515619f49/build]   | [INFO] Downloading from central: https://repo.maven.apache.org/maven2/org/apache/maven/surefire/surefire-booter/2.12.4/surefire-booter-2.12.4.jar
[11068c9d-9bad-4baf-932a-e18515619f49/build]   | [INFO] Downloading from central: https://repo.maven.apache.org/maven2/org/apache/maven/surefire/surefire-api/2.12.4/surefire-api-2.12.4.jar
[11068c9d-9bad-4baf-932a-e18515619f49/build]   | [INFO] Downloading from central: https://repo.maven.apache.org/maven2/org/apache/maven/surefire/maven-surefire-common/2.12.4/maven-surefire-common-2.12.4.jar
[11068c9d-9bad-4baf-932a-e18515619f49/build]   | [INFO] Downloading from central: https://repo.maven.apache.org/maven2/org/apache/commons/commons-lang3/3.1/commons-lang3-3.1.jar
[11068c9d-9bad-4baf-932a-e18515619f49/build]   | [INFO] Downloaded from central: https://repo.maven.apache.org/maven2/org/apache/maven/maven-plugin-api/2.0.9/maven-plugin-api-2.0.9.jar (13 kB at 1.4 MB/s)
[11068c9d-9bad-4baf-932a-e18515619f49/build]   | [INFO] Downloading from central: https://repo.maven.apache.org/maven2/org/apache/maven/shared/maven-common-artifact-filters/1.3/maven-common-artifact-filters-1.3.jar
[11068c9d-9bad-4baf-932a-e18515619f49/build]   | [INFO] Downloaded from central: https://repo.maven.apache.org/maven2/org/apache/maven/surefire/surefire-api/2.12.4/surefire-api-2.12.4.jar (118 kB at 9.8 MB/s)
[11068c9d-9bad-4baf-932a-e18515619f49/build]   | [INFO] Downloading from central: https://repo.maven.apache.org/maven2/org/codehaus/plexus/plexus-utils/3.0.8/plexus-utils-3.0.8.jar
[11068c9d-9bad-4baf-932a-e18515619f49/build]   | [INFO] Downloaded from central: https://repo.maven.apache.org/maven2/org/apache/maven/surefire/maven-surefire-common/2.12.4/maven-surefire-common-2.12.4.jar (263 kB at 19 MB/s)
[11068c9d-9bad-4baf-932a-e18515619f49/build]   | [INFO] Downloading from central: https://repo.maven.apache.org/maven2/org/apache/maven/maven-artifact/2.0.9/maven-artifact-2.0.9.jar
[11068c9d-9bad-4baf-932a-e18515619f49/build]   | [INFO] Downloaded from central: https://repo.maven.apache.org/maven2/org/apache/maven/shared/maven-common-artifact-filters/1.3/maven-common-artifact-filters-1.3.jar (31 kB at 2.1 MB/s)
[11068c9d-9bad-4baf-932a-e18515619f49/build]   | [INFO] Downloading from central: https://repo.maven.apache.org/maven2/org/apache/maven/maven-project/2.0.9/maven-project-2.0.9.jar
[11068c9d-9bad-4baf-932a-e18515619f49/build]   | [INFO] Downloaded from central: https://repo.maven.apache.org/maven2/org/apache/maven/surefire/surefire-booter/2.12.4/surefire-booter-2.12.4.jar (35 kB at 2.0 MB/s)
[11068c9d-9bad-4baf-932a-e18515619f49/build]   | [INFO] Downloading from central: https://repo.maven.apache.org/maven2/org/apache/maven/maven-settings/2.0.9/maven-settings-2.0.9.jar
[11068c9d-9bad-4baf-932a-e18515619f49/build]   | [INFO] Downloaded from central: https://repo.maven.apache.org/maven2/org/apache/commons/commons-lang3/3.1/commons-lang3-3.1.jar (316 kB at 20 MB/s)
[11068c9d-9bad-4baf-932a-e18515619f49/build]   | [INFO] Downloading from central: https://repo.maven.apache.org/maven2/org/apache/maven/maven-profile/2.0.9/maven-profile-2.0.9.jar
[11068c9d-9bad-4baf-932a-e18515619f49/build]   | [INFO] Downloaded from central: https://repo.maven.apache.org/maven2/org/apache/maven/maven-settings/2.0.9/maven-settings-2.0.9.jar (49 kB at 2.3 MB/s)
[11068c9d-9bad-4baf-932a-e18515619f49/build]   | [INFO] Downloading from central: https://repo.maven.apache.org/maven2/org/apache/maven/maven-model/2.0.9/maven-model-2.0.9.jar
[11068c9d-9bad-4baf-932a-e18515619f49/build]   | [INFO] Downloaded from central: https://repo.maven.apache.org/maven2/org/apache/maven/maven-profile/2.0.9/maven-profile-2.0.9.jar (35 kB at 1.6 MB/s)
[11068c9d-9bad-4baf-932a-e18515619f49/build]   | [INFO] Downloading from central: https://repo.maven.apache.org/maven2/org/apache/maven/maven-artifact-manager/2.0.9/maven-artifact-manager-2.0.9.jar
[11068c9d-9bad-4baf-932a-e18515619f49/build]   | [INFO] Downloaded from central: https://repo.maven.apache.org/maven2/org/apache/maven/maven-artifact/2.0.9/maven-artifact-2.0.9.jar (89 kB at 4.0 MB/s)
[11068c9d-9bad-4baf-932a-e18515619f49/build]   | [INFO] Downloading from central: https://repo.maven.apache.org/maven2/org/apache/maven/maven-plugin-registry/2.0.9/maven-plugin-registry-2.0.9.jar
[11068c9d-9bad-4baf-932a-e18515619f49/build]   | [INFO] Downloaded from central: https://repo.maven.apache.org/maven2/org/codehaus/plexus/plexus-utils/3.0.8/plexus-utils-3.0.8.jar (232 kB at 8.6 MB/s)
[11068c9d-9bad-4baf-932a-e18515619f49/build]   | [INFO] Downloading from central: https://repo.maven.apache.org/maven2/org/apache/maven/maven-core/2.0.9/maven-core-2.0.9.jar
[11068c9d-9bad-4baf-932a-e18515619f49/build]   | [INFO] Downloaded from central: https://repo.maven.apache.org/maven2/org/apache/maven/maven-artifact-manager/2.0.9/maven-artifact-manager-2.0.9.jar (58 kB at 2.1 MB/s)
[11068c9d-9bad-4baf-932a-e18515619f49/build]   | [INFO] Downloading from central: https://repo.maven.apache.org/maven2/org/apache/maven/maven-plugin-parameter-documenter/2.0.9/maven-plugin-parameter-documenter-2.0.9.jar
[11068c9d-9bad-4baf-932a-e18515619f49/build]   | [INFO] Downloaded from central: https://repo.maven.apache.org/maven2/org/apache/maven/maven-project/2.0.9/maven-project-2.0.9.jar (122 kB at 3.9 MB/s)
[11068c9d-9bad-4baf-932a-e18515619f49/build]   | [INFO] Downloading from central: https://repo.maven.apache.org/maven2/org/apache/maven/reporting/maven-reporting-api/2.0.9/maven-reporting-api-2.0.9.jar
[11068c9d-9bad-4baf-932a-e18515619f49/build]   | [INFO] Downloaded from central: https://repo.maven.apache.org/maven2/org/apache/maven/maven-plugin-registry/2.0.9/maven-plugin-registry-2.0.9.jar (29 kB at 938 kB/s)
[11068c9d-9bad-4baf-932a-e18515619f49/build]   | [INFO] Downloaded from central: https://repo.maven.apache.org/maven2/org/apache/maven/maven-model/2.0.9/maven-model-2.0.9.jar (87 kB at 2.8 MB/s)
[11068c9d-9bad-4baf-932a-e18515619f49/build]   | [INFO] Downloading from central: https://repo.maven.apache.org/maven2/org/apache/maven/maven-repository-metadata/2.0.9/maven-repository-metadata-2.0.9.jar
[11068c9d-9bad-4baf-932a-e18515619f49/build]   | [INFO] Downloading from central: https://repo.maven.apache.org/maven2/org/apache/maven/maven-error-diagnostics/2.0.9/maven-error-diagnostics-2.0.9.jar
[11068c9d-9bad-4baf-932a-e18515619f49/build]   | [INFO] Downloaded from central: https://repo.maven.apache.org/maven2/org/apache/maven/maven-plugin-parameter-documenter/2.0.9/maven-plugin-parameter-documenter-2.0.9.jar (21 kB at 597 kB/s)
[11068c9d-9bad-4baf-932a-e18515619f49/build]   | [INFO] Downloading from central: https://repo.maven.apache.org/maven2/org/apache/maven/maven-plugin-descriptor/2.0.9/maven-plugin-descriptor-2.0.9.jar
[11068c9d-9bad-4baf-932a-e18515619f49/build]   | [INFO] Downloaded from central: https://repo.maven.apache.org/maven2/org/apache/maven/maven-core/2.0.9/maven-core-2.0.9.jar (160 kB at 4.3 MB/s)
[11068c9d-9bad-4baf-932a-e18515619f49/build]   | [INFO] Downloading from central: https://repo.maven.apache.org/maven2/org/apache/maven/maven-monitor/2.0.9/maven-monitor-2.0.9.jar
[11068c9d-9bad-4baf-932a-e18515619f49/build]   | [INFO] Downloaded from central: https://repo.maven.apache.org/maven2/org/apache/maven/maven-repository-metadata/2.0.9/maven-repository-metadata-2.0.9.jar (25 kB at 664 kB/s)
[11068c9d-9bad-4baf-932a-e18515619f49/build]   | [INFO] Downloading from central: https://repo.maven.apache.org/maven2/org/apache/maven/maven-toolchain/2.0.9/maven-toolchain-2.0.9.jar
[11068c9d-9bad-4baf-932a-e18515619f49/build]   | [INFO] Downloaded from central: https://repo.maven.apache.org/maven2/org/apache/maven/maven-error-diagnostics/2.0.9/maven-error-diagnostics-2.0.9.jar (14 kB at 363 kB/s)
[11068c9d-9bad-4baf-932a-e18515619f49/build]   | [INFO] Downloading from central: https://repo.maven.apache.org/maven2/org/apache/maven/plugin-tools/maven-plugin-annotations/3.1/maven-plugin-annotations-3.1.jar
[11068c9d-9bad-4baf-932a-e18515619f49/build]   | [INFO] Downloaded from central: https://repo.maven.apache.org/maven2/org/apache/maven/reporting/maven-reporting-api/2.0.9/maven-reporting-api-2.0.9.jar (10 kB at 247 kB/s)
[11068c9d-9bad-4baf-932a-e18515619f49/build]   | [INFO] Downloaded from central: https://repo.maven.apache.org/maven2/org/apache/maven/maven-plugin-descriptor/2.0.9/maven-plugin-descriptor-2.0.9.jar (37 kB at 882 kB/s)
[11068c9d-9bad-4baf-932a-e18515619f49/build]   | [INFO] Downloaded from central: https://repo.maven.apache.org/maven2/org/apache/maven/maven-monitor/2.0.9/maven-monitor-2.0.9.jar (10 kB at 245 kB/s)
[11068c9d-9bad-4baf-932a-e18515619f49/build]   | [INFO] Downloaded from central: https://repo.maven.apache.org/maven2/org/apache/maven/plugin-tools/maven-plugin-annotations/3.1/maven-plugin-annotations-3.1.jar (14 kB at 326 kB/s)
[11068c9d-9bad-4baf-932a-e18515619f49/build]   | [INFO] Downloaded from central: https://repo.maven.apache.org/maven2/org/apache/maven/maven-toolchain/2.0.9/maven-toolchain-2.0.9.jar (38 kB at 863 kB/s)
[11068c9d-9bad-4baf-932a-e18515619f49/build]   | [INFO] Surefire report directory: /tmp/89f316c9-c0fc-4cdd-9d81-e7660334720d/target/surefire-reports
[11068c9d-9bad-4baf-932a-e18515619f49/build]   | [INFO] Downloading from central: https://repo.maven.apache.org/maven2/org/apache/maven/surefire/surefire-junit4/2.12.4/surefire-junit4-2.12.4.pom
[11068c9d-9bad-4baf-932a-e18515619f49/build]   | [INFO] Downloaded from central: https://repo.maven.apache.org/maven2/org/apache/maven/surefire/surefire-junit4/2.12.4/surefire-junit4-2.12.4.pom (2.4 kB at 344 kB/s)
[11068c9d-9bad-4baf-932a-e18515619f49/build]   | [INFO] Downloading from central: https://repo.maven.apache.org/maven2/org/apache/maven/surefire/surefire-providers/2.12.4/surefire-providers-2.12.4.pom
[11068c9d-9bad-4baf-932a-e18515619f49/build]   | [INFO] Downloaded from central: https://repo.maven.apache.org/maven2/org/apache/maven/surefire/surefire-providers/2.12.4/surefire-providers-2.12.4.pom (2.3 kB at 470 kB/s)
[11068c9d-9bad-4baf-932a-e18515619f49/build]   | [INFO] Downloading from central: https://repo.maven.apache.org/maven2/org/apache/maven/surefire/surefire-junit4/2.12.4/surefire-junit4-2.12.4.jar
[11068c9d-9bad-4baf-932a-e18515619f49/build]   | [INFO] Downloaded from central: https://repo.maven.apache.org/maven2/org/apache/maven/surefire/surefire-junit4/2.12.4/surefire-junit4-2.12.4.jar (37 kB at 4.1 MB/s)
[11068c9d-9bad-4baf-932a-e18515619f49/build]   | 
[11068c9d-9bad-4baf-932a-e18515619f49/build]   | -------------------------------------------------------
[11068c9d-9bad-4baf-932a-e18515619f49/build]   |  T E S T S
[11068c9d-9bad-4baf-932a-e18515619f49/build]   | -------------------------------------------------------
[11068c9d-9bad-4baf-932a-e18515619f49/build]   | Running s0006.zigzag.conversion.SolutionTest
[11068c9d-9bad-4baf-932a-e18515619f49/build]   | Tests run: 1, Failures: 0, Errors: 0, Skipped: 0, Time elapsed: 0.115 sec
[11068c9d-9bad-4baf-932a-e18515619f49/build]   | Running s0010.regular.expression.matching.SolutionTest
[11068c9d-9bad-4baf-932a-e18515619f49/build]   | Tests run: 1, Failures: 0, Errors: 0, Skipped: 0, Time elapsed: 0 sec
[11068c9d-9bad-4baf-932a-e18515619f49/build]   | Running s0017.letter.combinations.of.a.phone.number.SolutionTest
[11068c9d-9bad-4baf-932a-e18515619f49/build]   | Tests run: 1, Failures: 0, Errors: 0, Skipped: 0, Time elapsed: 0 sec
[11068c9d-9bad-4baf-932a-e18515619f49/build]   | Running s0014.longest.common.prefix.SolutionTest
[11068c9d-9bad-4baf-932a-e18515619f49/build]   | Tests run: 1, Failures: 0, Errors: 0, Skipped: 0, Time elapsed: 0 sec
[11068c9d-9bad-4baf-932a-e18515619f49/build]   | Running s0012.integer.to.roman.SolutionTest
[11068c9d-9bad-4baf-932a-e18515619f49/build]   | Tests run: 1, Failures: 0, Errors: 0, Skipped: 0, Time elapsed: 0 sec
[11068c9d-9bad-4baf-932a-e18515619f49/build]   | Running s0007.reverse.integer.SolutionTest
[11068c9d-9bad-4baf-932a-e18515619f49/build]   | Tests run: 1, Failures: 0, Errors: 0, Skipped: 0, Time elapsed: 0.001 sec
[11068c9d-9bad-4baf-932a-e18515619f49/build]   | Running s0011.container.with.most.water.SolutionTest
[11068c9d-9bad-4baf-932a-e18515619f49/build]   | Tests run: 1, Failures: 0, Errors: 0, Skipped: 0, Time elapsed: 0 sec
[11068c9d-9bad-4baf-932a-e18515619f49/build]   | Running s0004.median.of.two.sorted.arrays.SolutionTest
[11068c9d-9bad-4baf-932a-e18515619f49/build]   | Tests run: 1, Failures: 0, Errors: 0, Skipped: 0, Time elapsed: 0 sec
[11068c9d-9bad-4baf-932a-e18515619f49/build]   | Running s0009.palindrome.number.SolutionTest
[11068c9d-9bad-4baf-932a-e18515619f49/build]   | Tests run: 1, Failures: 0, Errors: 0, Skipped: 0, Time elapsed: 0 sec
[11068c9d-9bad-4baf-932a-e18515619f49/build]   | Running s0273.integer.to.english.words.SolutionTest
[11068c9d-9bad-4baf-932a-e18515619f49/build]   | Tests run: 1, Failures: 0, Errors: 0, Skipped: 0, Time elapsed: 0.003 sec
[11068c9d-9bad-4baf-932a-e18515619f49/build]   | Running s0002.add.two.numbers.SolutionTest
[11068c9d-9bad-4baf-932a-e18515619f49/build]   | Tests run: 1, Failures: 0, Errors: 0, Skipped: 0, Time elapsed: 0.005 sec
[11068c9d-9bad-4baf-932a-e18515619f49/build]   | Running s0018.four.sum.SolutionTest
[11068c9d-9bad-4baf-932a-e18515619f49/build]   | Tests run: 1, Failures: 0, Errors: 0, Skipped: 0, Time elapsed: 0.002 sec
[11068c9d-9bad-4baf-932a-e18515619f49/build]   | Running s0003.longest.substring.without.repeating.characters.SolutionTest
[11068c9d-9bad-4baf-932a-e18515619f49/build]   | Tests run: 1, Failures: 0, Errors: 0, Skipped: 0, Time elapsed: 0.001 sec
[11068c9d-9bad-4baf-932a-e18515619f49/build]   | Running s0005.longest.palindromic.substring.SolutionTest
[11068c9d-9bad-4baf-932a-e18515619f49/build]   | Tests run: 1, Failures: 0, Errors: 0, Skipped: 0, Time elapsed: 0 sec
[11068c9d-9bad-4baf-932a-e18515619f49/build]   | Running s0019.remove.nth.node.from.end.of.list.SolutionTest
[11068c9d-9bad-4baf-932a-e18515619f49/build]   | Tests run: 1, Failures: 1, Errors: 0, Skipped: 0, Time elapsed: 0.015 sec <<< FAILURE!
[11068c9d-9bad-4baf-932a-e18515619f49/build]   | fourSum(s0019.remove.nth.node.from.end.of.list.SolutionTest)  Time elapsed: 0.014 sec  <<< FAILURE!
[11068c9d-9bad-4baf-932a-e18515619f49/build]   | java.lang.AssertionError: 
[11068c9d-9bad-4baf-932a-e18515619f49/build]   | Expected: "1, 2, 3, 5"
[11068c9d-9bad-4baf-932a-e18515619f49/build]   |      but: was ", 1, 2, 3"
[11068c9d-9bad-4baf-932a-e18515619f49/build]   | 	at org.hamcrest.MatcherAssert.assertThat(MatcherAssert.java:20)
[11068c9d-9bad-4baf-932a-e18515619f49/build]   | 	at org.hamcrest.MatcherAssert.assertThat(MatcherAssert.java:8)
[11068c9d-9bad-4baf-932a-e18515619f49/build]   | 	at s0019.remove.nth.node.from.end.of.list.SolutionTest.fourSum(SolutionTest.java:27)
[11068c9d-9bad-4baf-932a-e18515619f49/build]   | 	at sun.reflect.NativeMethodAccessorImpl.invoke0(Native Method)
[11068c9d-9bad-4baf-932a-e18515619f49/build]   | 	at sun.reflect.NativeMethodAccessorImpl.invoke(NativeMethodAccessorImpl.java:62)
[11068c9d-9bad-4baf-932a-e18515619f49/build]   | 	at sun.reflect.DelegatingMethodAccessorImpl.invoke(DelegatingMethodAccessorImpl.java:43)
[11068c9d-9bad-4baf-932a-e18515619f49/build]   | 	at java.lang.reflect.Method.invoke(Method.java:498)
[11068c9d-9bad-4baf-932a-e18515619f49/build]   | 	at org.junit.runners.model.FrameworkMethod$1.runReflectiveCall(FrameworkMethod.java:59)
[11068c9d-9bad-4baf-932a-e18515619f49/build]   | 	at org.junit.internal.runners.model.ReflectiveCallable.run(ReflectiveCallable.java:12)
[11068c9d-9bad-4baf-932a-e18515619f49/build]   | 	at org.junit.runners.model.FrameworkMethod.invokeExplosively(FrameworkMethod.java:56)
[11068c9d-9bad-4baf-932a-e18515619f49/build]   | 	at org.junit.internal.runners.statements.InvokeMethod.evaluate(InvokeMethod.java:17)
[11068c9d-9bad-4baf-932a-e18515619f49/build]   | 	at org.junit.runners.ParentRunner$3.evaluate(ParentRunner.java:306)
[11068c9d-9bad-4baf-932a-e18515619f49/build]   | 	at org.junit.runners.BlockJUnit4ClassRunner$1.evaluate(BlockJUnit4ClassRunner.java:100)
[11068c9d-9bad-4baf-932a-e18515619f49/build]   | 	at org.junit.runners.ParentRunner.runLeaf(ParentRunner.java:366)
[11068c9d-9bad-4baf-932a-e18515619f49/build]   | 	at org.junit.runners.BlockJUnit4ClassRunner.runChild(BlockJUnit4ClassRunner.java:103)
[11068c9d-9bad-4baf-932a-e18515619f49/build]   | 	at org.junit.runners.BlockJUnit4ClassRunner.runChild(BlockJUnit4ClassRunner.java:63)
[11068c9d-9bad-4baf-932a-e18515619f49/build]   | 	at org.junit.runners.ParentRunner$4.run(ParentRunner.java:331)
[11068c9d-9bad-4baf-932a-e18515619f49/build]   | 	at org.junit.runners.ParentRunner$1.schedule(ParentRunner.java:79)
[11068c9d-9bad-4baf-932a-e18515619f49/build]   | 	at org.junit.runners.ParentRunner.runChildren(ParentRunner.java:329)
[11068c9d-9bad-4baf-932a-e18515619f49/build]   | 	at org.junit.runners.ParentRunner.access$100(ParentRunner.java:66)
[11068c9d-9bad-4baf-932a-e18515619f49/build]   | 	at org.junit.runners.ParentRunner$2.evaluate(ParentRunner.java:293)
[11068c9d-9bad-4baf-932a-e18515619f49/build]   | 	at org.junit.runners.ParentRunner$3.evaluate(ParentRunner.java:306)
[11068c9d-9bad-4baf-932a-e18515619f49/build]   | 	at org.junit.runners.ParentRunner.run(ParentRunner.java:413)
[11068c9d-9bad-4baf-932a-e18515619f49/build]   | 	at org.apache.maven.surefire.junit4.JUnit4Provider.execute(JUnit4Provider.java:252)
[11068c9d-9bad-4baf-932a-e18515619f49/build]   | 	at org.apache.maven.surefire.junit4.JUnit4Provider.executeTestSet(JUnit4Provider.java:141)
[11068c9d-9bad-4baf-932a-e18515619f49/build]   | 	at org.apache.maven.surefire.junit4.JUnit4Provider.invoke(JUnit4Provider.java:112)
[11068c9d-9bad-4baf-932a-e18515619f49/build]   | 	at sun.reflect.NativeMethodAccessorImpl.invoke0(Native Method)
[11068c9d-9bad-4baf-932a-e18515619f49/build]   | 	at sun.reflect.NativeMethodAccessorImpl.invoke(NativeMethodAccessorImpl.java:62)
[11068c9d-9bad-4baf-932a-e18515619f49/build]   | 	at sun.reflect.DelegatingMethodAccessorImpl.invoke(DelegatingMethodAccessorImpl.java:43)
[11068c9d-9bad-4baf-932a-e18515619f49/build]   | 	at java.lang.reflect.Method.invoke(Method.java:498)
[11068c9d-9bad-4baf-932a-e18515619f49/build]   | 	at org.apache.maven.surefire.util.ReflectionUtils.invokeMethodWithArray(ReflectionUtils.java:189)
[11068c9d-9bad-4baf-932a-e18515619f49/build]   | 	at org.apache.maven.surefire.booter.ProviderFactory$ProviderProxy.invoke(ProviderFactory.java:165)
[11068c9d-9bad-4baf-932a-e18515619f49/build]   | 	at org.apache.maven.surefire.booter.ProviderFactory.invokeProvider(ProviderFactory.java:85)
[11068c9d-9bad-4baf-932a-e18515619f49/build]   | 	at org.apache.maven.surefire.booter.ForkedBooter.runSuitesInProcess(ForkedBooter.java:115)
[11068c9d-9bad-4baf-932a-e18515619f49/build]   | 	at org.apache.maven.surefire.booter.ForkedBooter.main(ForkedBooter.java:75)
[11068c9d-9bad-4baf-932a-e18515619f49/build]   | 
[11068c9d-9bad-4baf-932a-e18515619f49/build]   | Running s0016.three.sum.closest.SolutionTest
[11068c9d-9bad-4baf-932a-e18515619f49/build]   | Tests run: 1, Failures: 0, Errors: 0, Skipped: 0, Time elapsed: 0.002 sec
[11068c9d-9bad-4baf-932a-e18515619f49/build]   | Running s0008.string.to.integer.atoi.SolutionTest
[11068c9d-9bad-4baf-932a-e18515619f49/build]   | Tests run: 1, Failures: 0, Errors: 0, Skipped: 0, Time elapsed: 0.001 sec
[11068c9d-9bad-4baf-932a-e18515619f49/build]   | Running s0307.range.sum.query.mutable.NumArrayTest
[11068c9d-9bad-4baf-932a-e18515619f49/build]   | Tests run: 1, Failures: 0, Errors: 0, Skipped: 0, Time elapsed: 0.002 sec
[11068c9d-9bad-4baf-932a-e18515619f49/build]   | Running s0001.two.sum.SolutionTest
[11068c9d-9bad-4baf-932a-e18515619f49/build]   | Tests run: 1, Failures: 0, Errors: 0, Skipped: 0, Time elapsed: 0.001 sec
[11068c9d-9bad-4baf-932a-e18515619f49/build]   | Running s0030.substring.with.concatenation.of.all.words.SolutionTest
[11068c9d-9bad-4baf-932a-e18515619f49/build]   | Tests run: 1, Failures: 0, Errors: 0, Skipped: 0, Time elapsed: 0.002 sec
[11068c9d-9bad-4baf-932a-e18515619f49/build]   | Running s0015.three.sum.SolutionTest
[11068c9d-9bad-4baf-932a-e18515619f49/build]   | Tests run: 1, Failures: 0, Errors: 0, Skipped: 0, Time elapsed: 0.002 sec
[11068c9d-9bad-4baf-932a-e18515619f49/build]   | Running s0013.roman.to.integer.SolutionTest
[11068c9d-9bad-4baf-932a-e18515619f49/build]   | Tests run: 1, Failures: 0, Errors: 0, Skipped: 0, Time elapsed: 0.001 sec
[11068c9d-9bad-4baf-932a-e18515619f49/build]   | 
[11068c9d-9bad-4baf-932a-e18515619f49/build]   | Results :
[11068c9d-9bad-4baf-932a-e18515619f49/build]   | 
[11068c9d-9bad-4baf-932a-e18515619f49/build]   | Failed tests:   fourSum(s0019.remove.nth.node.from.end.of.list.SolutionTest): (..)
[11068c9d-9bad-4baf-932a-e18515619f49/build]   | 
[11068c9d-9bad-4baf-932a-e18515619f49/build]   | Tests run: 22, Failures: 1, Errors: 0, Skipped: 0
[11068c9d-9bad-4baf-932a-e18515619f49/build]   | 
[11068c9d-9bad-4baf-932a-e18515619f49/build]   | [INFO] ------------------------------------------------------------------------
[11068c9d-9bad-4baf-932a-e18515619f49/build]   | [INFO] BUILD FAILURE
[11068c9d-9bad-4baf-932a-e18515619f49/build]   | [INFO] ------------------------------------------------------------------------
[11068c9d-9bad-4baf-932a-e18515619f49/build]   | [INFO] Total time:  13.249 s
[11068c9d-9bad-4baf-932a-e18515619f49/build]   | [INFO] Finished at: 2023-07-12T02:51:15Z
[11068c9d-9bad-4baf-932a-e18515619f49/build]   | [INFO] ------------------------------------------------------------------------
[11068c9d-9bad-4baf-932a-e18515619f49/build]   | [ERROR] Failed to execute goal org.apache.maven.plugins:maven-surefire-plugin:2.12.4:test (default-test) on project leetcode-in-java: There are test failures.
[11068c9d-9bad-4baf-932a-e18515619f49/build]   | [ERROR] 
[11068c9d-9bad-4baf-932a-e18515619f49/build]   | [ERROR] Please refer to /tmp/89f316c9-c0fc-4cdd-9d81-e7660334720d/target/surefire-reports for the individual test results.
[11068c9d-9bad-4baf-932a-e18515619f49/build]   | [ERROR] -> [Help 1]
[11068c9d-9bad-4baf-932a-e18515619f49/build]   | [ERROR] 
[11068c9d-9bad-4baf-932a-e18515619f49/build]   | [ERROR] To see the full stack trace of the errors, re-run Maven with the -e switch.
[11068c9d-9bad-4baf-932a-e18515619f49/build]   | [ERROR] Re-run Maven using the -X switch to enable full debug logging.
[11068c9d-9bad-4baf-932a-e18515619f49/build]   | [ERROR] 
[11068c9d-9bad-4baf-932a-e18515619f49/build]   | [ERROR] For more information about the errors and possible solutions, please read the following articles:
[11068c9d-9bad-4baf-932a-e18515619f49/build]   | [ERROR] [Help 1] http://cwiki.apache.org/confluence/display/MAVEN/MojoFailureException
[11068c9d-9bad-4baf-932a-e18515619f49/build]   ‚ùå  Failure - Main Build with Maven
[11068c9d-9bad-4baf-932a-e18515619f49/build] exitcode '1': failure
[11068c9d-9bad-4baf-932a-e18515619f49/build] unable to get git ref: failed to identify reference (tag/branch) for the checked-out revision '83bbea4780e015475f1b3747df8810f55b9fe0aa'
[11068c9d-9bad-4baf-932a-e18515619f49/build] unable to get git ref: failed to identify reference (tag/branch) for the checked-out revision '83bbea4780e015475f1b3747df8810f55b9fe0aa'
[11068c9d-9bad-4baf-932a-e18515619f49/build] unable to get git ref: failed to identify reference (tag/branch) for the checked-out revision '83bbea4780e015475f1b3747df8810f55b9fe0aa'
[11068c9d-9bad-4baf-932a-e18515619f49/build] unable to get git ref: failed to identify reference (tag/branch) for the checked-out revision '83bbea4780e015475f1b3747df8810f55b9fe0aa'
[11068c9d-9bad-4baf-932a-e18515619f49/build] unable to get git ref: failed to identify reference (tag/branch) for the checked-out revision '83bbea4780e015475f1b3747df8810f55b9fe0aa'
[11068c9d-9bad-4baf-932a-e18515619f49/build] ‚≠ê Run Post Set up JDK 1.8
[11068c9d-9bad-4baf-932a-e18515619f49/build]   üê≥  docker exec cmd=[node /var/run/act/actions/actions-setup-java@v1/dist/cleanup/index.js] user= workdir=
[11068c9d-9bad-4baf-932a-e18515619f49/build]   ‚úÖ  Success - Post Set up JDK 1.8
[11068c9d-9bad-4baf-932a-e18515619f49/build] üèÅ  Job failed
[11068c9d-9bad-4baf-932a-e18515619f49/build] unable to get git ref: failed to identify reference (tag/branch) for the checked-out revision '83bbea4780e015475f1b3747df8810f55b9fe0aa'
