[835d2533-4758-49e6-91af-0cdbe69345b3/build] üöÄ  Start image=gitbugactions:latest
[835d2533-4758-49e6-91af-0cdbe69345b3/build]   üê≥  docker pull image=gitbugactions:latest platform= username= forcePull=false
[835d2533-4758-49e6-91af-0cdbe69345b3/build]   üê≥  docker create image=gitbugactions:latest platform= entrypoint=["tail" "-f" "/dev/null"] cmd=[]
[835d2533-4758-49e6-91af-0cdbe69345b3/build]   üê≥  docker run image=gitbugactions:latest platform= entrypoint=["tail" "-f" "/dev/null"] cmd=[]
[835d2533-4758-49e6-91af-0cdbe69345b3/build]   üê≥  docker exec cmd=[chown -R 1012:1013 /tmp/9a02aa7e-01a1-43a6-83f0-da3ea250e82d] user=0 workdir=
[835d2533-4758-49e6-91af-0cdbe69345b3/build] unable to get git ref: failed to identify reference (tag/branch) for the checked-out revision 'e14b30b88c0de95186fe1937f795b7d8fd3fa8aa'
[835d2533-4758-49e6-91af-0cdbe69345b3/build] unable to get git ref: failed to identify reference (tag/branch) for the checked-out revision 'e14b30b88c0de95186fe1937f795b7d8fd3fa8aa'
[835d2533-4758-49e6-91af-0cdbe69345b3/build] unable to get git ref: failed to identify reference (tag/branch) for the checked-out revision 'e14b30b88c0de95186fe1937f795b7d8fd3fa8aa'
[835d2533-4758-49e6-91af-0cdbe69345b3/build] unable to get git ref: failed to identify reference (tag/branch) for the checked-out revision 'e14b30b88c0de95186fe1937f795b7d8fd3fa8aa'
[835d2533-4758-49e6-91af-0cdbe69345b3/build] unable to get git ref: failed to identify reference (tag/branch) for the checked-out revision 'e14b30b88c0de95186fe1937f795b7d8fd3fa8aa'
[835d2533-4758-49e6-91af-0cdbe69345b3/build] unable to get git ref: failed to identify reference (tag/branch) for the checked-out revision 'e14b30b88c0de95186fe1937f795b7d8fd3fa8aa'
[835d2533-4758-49e6-91af-0cdbe69345b3/build] unable to get git ref: failed to identify reference (tag/branch) for the checked-out revision 'e14b30b88c0de95186fe1937f795b7d8fd3fa8aa'
[835d2533-4758-49e6-91af-0cdbe69345b3/build] unable to get git ref: failed to identify reference (tag/branch) for the checked-out revision 'e14b30b88c0de95186fe1937f795b7d8fd3fa8aa'
[835d2533-4758-49e6-91af-0cdbe69345b3/build] unable to get git ref: failed to identify reference (tag/branch) for the checked-out revision 'e14b30b88c0de95186fe1937f795b7d8fd3fa8aa'
[835d2533-4758-49e6-91af-0cdbe69345b3/build] ‚≠ê Run Main actions/checkout@v2
[835d2533-4758-49e6-91af-0cdbe69345b3/build] unable to get git ref: failed to identify reference (tag/branch) for the checked-out revision 'e14b30b88c0de95186fe1937f795b7d8fd3fa8aa'
[835d2533-4758-49e6-91af-0cdbe69345b3/build] unable to get git ref: failed to identify reference (tag/branch) for the checked-out revision 'e14b30b88c0de95186fe1937f795b7d8fd3fa8aa'
[835d2533-4758-49e6-91af-0cdbe69345b3/build]   üê≥  docker cp src=/tmp/9a02aa7e-01a1-43a6-83f0-da3ea250e82d/. dst=/tmp/9a02aa7e-01a1-43a6-83f0-da3ea250e82d
[835d2533-4758-49e6-91af-0cdbe69345b3/build]   üê≥  docker exec cmd=[chown -R 1012:1013 /tmp/9a02aa7e-01a1-43a6-83f0-da3ea250e82d] user=0 workdir=
[835d2533-4758-49e6-91af-0cdbe69345b3/build]   ‚úÖ  Success - Main actions/checkout@v2
[835d2533-4758-49e6-91af-0cdbe69345b3/build] unable to get git ref: failed to identify reference (tag/branch) for the checked-out revision 'e14b30b88c0de95186fe1937f795b7d8fd3fa8aa'
[835d2533-4758-49e6-91af-0cdbe69345b3/build] unable to get git ref: failed to identify reference (tag/branch) for the checked-out revision 'e14b30b88c0de95186fe1937f795b7d8fd3fa8aa'
[835d2533-4758-49e6-91af-0cdbe69345b3/build] unable to get git ref: failed to identify reference (tag/branch) for the checked-out revision 'e14b30b88c0de95186fe1937f795b7d8fd3fa8aa'
[835d2533-4758-49e6-91af-0cdbe69345b3/build] unable to get git ref: failed to identify reference (tag/branch) for the checked-out revision 'e14b30b88c0de95186fe1937f795b7d8fd3fa8aa'
[835d2533-4758-49e6-91af-0cdbe69345b3/build] unable to get git ref: failed to identify reference (tag/branch) for the checked-out revision 'e14b30b88c0de95186fe1937f795b7d8fd3fa8aa'
[835d2533-4758-49e6-91af-0cdbe69345b3/build] ‚≠ê Run Main Set up JDK 17
[835d2533-4758-49e6-91af-0cdbe69345b3/build] unable to get git ref: failed to identify reference (tag/branch) for the checked-out revision 'e14b30b88c0de95186fe1937f795b7d8fd3fa8aa'
[835d2533-4758-49e6-91af-0cdbe69345b3/build] unable to get git ref: failed to identify reference (tag/branch) for the checked-out revision 'e14b30b88c0de95186fe1937f795b7d8fd3fa8aa'
[835d2533-4758-49e6-91af-0cdbe69345b3/build] unable to get git ref: failed to identify reference (tag/branch) for the checked-out revision 'e14b30b88c0de95186fe1937f795b7d8fd3fa8aa'
[835d2533-4758-49e6-91af-0cdbe69345b3/build]   üê≥  docker cp src=/tmp/act-cache/279a65d3-a090-4e2c-aa88-00b40ef5dc4d/act/actions-setup-java@v2/ dst=/var/run/act/actions/actions-setup-java@v2/
[835d2533-4758-49e6-91af-0cdbe69345b3/build]   üê≥  docker exec cmd=[chown -R 1012:1013 /var/run/act/actions/actions-setup-java@v2/] user=0 workdir=
[835d2533-4758-49e6-91af-0cdbe69345b3/build]   üê≥  docker exec cmd=[node /var/run/act/actions/actions-setup-java@v2/dist/setup/index.js] user= workdir=
[835d2533-4758-49e6-91af-0cdbe69345b3/build]   | Trying to resolve the latest version from remote
[835d2533-4758-49e6-91af-0cdbe69345b3/build]   | Resolved latest version as 17.0.9+9
[835d2533-4758-49e6-91af-0cdbe69345b3/build]   | Trying to download...
[835d2533-4758-49e6-91af-0cdbe69345b3/build]   | Downloading Java 17.0.9+9 (Adopt-Hotspot) from https://github.com/adoptium/temurin17-binaries/releases/download/jdk-17.0.9%2B9/OpenJDK17U-jdk_x64_linux_hotspot_17.0.9_9.tar.gz ...
[835d2533-4758-49e6-91af-0cdbe69345b3/build]   üí¨  ::debug::Downloading https://github.com/adoptium/temurin17-binaries/releases/download/jdk-17.0.9%252B9/OpenJDK17U-jdk_x64_linux_hotspot_17.0.9_9.tar.gz
[835d2533-4758-49e6-91af-0cdbe69345b3/build]   üí¨  ::debug::Destination /tmp/c0ef308d-ad53-4faf-b104-b2b351e7d8b3
[835d2533-4758-49e6-91af-0cdbe69345b3/build]   üí¨  ::debug::download complete
[835d2533-4758-49e6-91af-0cdbe69345b3/build]   | Extracting Java archive...
[835d2533-4758-49e6-91af-0cdbe69345b3/build]   üí¨  ::debug::Checking tar --version
[835d2533-4758-49e6-91af-0cdbe69345b3/build]   üí¨  ::debug::tar (GNU tar) 1.34%0ACopyright (C) 2021 Free Software Foundation, Inc.%0ALicense GPLv3+: GNU GPL version 3 or later <https://gnu.org/licenses/gpl.html>.%0AThis is free software: you are free to change and redistribute it.%0AThere is NO WARRANTY, to the extent permitted by law.%0A%0AWritten by John Gilmore and Jay Fenlason.
[835d2533-4758-49e6-91af-0cdbe69345b3/build]   | [command]/usr/bin/tar xz --warning=no-unknown-keyword -C /tmp/ec2e5f92-76b1-44ef-8a01-d8b601544eb9 -f /tmp/c0ef308d-ad53-4faf-b104-b2b351e7d8b3
[835d2533-4758-49e6-91af-0cdbe69345b3/build]   üí¨  ::debug::Caching tool Java_Adopt_jdk 17.0.9-9 x64
[835d2533-4758-49e6-91af-0cdbe69345b3/build]   üí¨  ::debug::source dir: /tmp/ec2e5f92-76b1-44ef-8a01-d8b601544eb9/jdk-17.0.9+9
[835d2533-4758-49e6-91af-0cdbe69345b3/build]   üí¨  ::debug::destination /opt/hostedtoolcache/Java_Adopt_jdk/17.0.9-9/x64
[835d2533-4758-49e6-91af-0cdbe69345b3/build]   üí¨  ::debug::finished caching tool
[835d2533-4758-49e6-91af-0cdbe69345b3/build]   | Java 17.0.9+9 was downloaded
[835d2533-4758-49e6-91af-0cdbe69345b3/build]   | Setting Java 17.0.9+9 as the default
[835d2533-4758-49e6-91af-0cdbe69345b3/build]   | 
[835d2533-4758-49e6-91af-0cdbe69345b3/build]   | Java configuration:
[835d2533-4758-49e6-91af-0cdbe69345b3/build]   |   Distribution: adopt
[835d2533-4758-49e6-91af-0cdbe69345b3/build]   |   Version: 17.0.9+9
[835d2533-4758-49e6-91af-0cdbe69345b3/build]   |   Path: /opt/hostedtoolcache/Java_Adopt_jdk/17.0.9-9/x64
[835d2533-4758-49e6-91af-0cdbe69345b3/build]   | 
[835d2533-4758-49e6-91af-0cdbe69345b3/build]   ‚ùì add-matcher /run/act/actions/actions-setup-java@v2/.github/java.json
[835d2533-4758-49e6-91af-0cdbe69345b3/build]   | Creating settings.xml with server-id: github
[835d2533-4758-49e6-91af-0cdbe69345b3/build]   | Writing to /home/runner/.m2/settings.xml
[835d2533-4758-49e6-91af-0cdbe69345b3/build]   ‚úÖ  Success - Main Set up JDK 17
[835d2533-4758-49e6-91af-0cdbe69345b3/build]   ‚öô  ::set-env:: JAVA_HOME=/opt/hostedtoolcache/Java_Adopt_jdk/17.0.9-9/x64
[835d2533-4758-49e6-91af-0cdbe69345b3/build]   ‚öô  ::set-output:: distribution=Adopt-Hotspot
[835d2533-4758-49e6-91af-0cdbe69345b3/build]   ‚öô  ::set-output:: path=/opt/hostedtoolcache/Java_Adopt_jdk/17.0.9-9/x64
[835d2533-4758-49e6-91af-0cdbe69345b3/build]   ‚öô  ::set-output:: version=17.0.9+9
[835d2533-4758-49e6-91af-0cdbe69345b3/build]   ‚öô  ::add-path:: /opt/hostedtoolcache/Java_Adopt_jdk/17.0.9-9/x64/bin
[835d2533-4758-49e6-91af-0cdbe69345b3/build] unable to get git ref: failed to identify reference (tag/branch) for the checked-out revision 'e14b30b88c0de95186fe1937f795b7d8fd3fa8aa'
[835d2533-4758-49e6-91af-0cdbe69345b3/build] unable to get git ref: failed to identify reference (tag/branch) for the checked-out revision 'e14b30b88c0de95186fe1937f795b7d8fd3fa8aa'
[835d2533-4758-49e6-91af-0cdbe69345b3/build] unable to get git ref: failed to identify reference (tag/branch) for the checked-out revision 'e14b30b88c0de95186fe1937f795b7d8fd3fa8aa'
[835d2533-4758-49e6-91af-0cdbe69345b3/build] unable to get git ref: failed to identify reference (tag/branch) for the checked-out revision 'e14b30b88c0de95186fe1937f795b7d8fd3fa8aa'
[835d2533-4758-49e6-91af-0cdbe69345b3/build] unable to get git ref: failed to identify reference (tag/branch) for the checked-out revision 'e14b30b88c0de95186fe1937f795b7d8fd3fa8aa'
[835d2533-4758-49e6-91af-0cdbe69345b3/build] ‚≠ê Run Main Build with Maven
[835d2533-4758-49e6-91af-0cdbe69345b3/build] unable to get git ref: failed to identify reference (tag/branch) for the checked-out revision 'e14b30b88c0de95186fe1937f795b7d8fd3fa8aa'
[835d2533-4758-49e6-91af-0cdbe69345b3/build] unable to get git ref: failed to identify reference (tag/branch) for the checked-out revision 'e14b30b88c0de95186fe1937f795b7d8fd3fa8aa'
[835d2533-4758-49e6-91af-0cdbe69345b3/build] unable to get git ref: failed to identify reference (tag/branch) for the checked-out revision 'e14b30b88c0de95186fe1937f795b7d8fd3fa8aa'
[835d2533-4758-49e6-91af-0cdbe69345b3/build] unable to get git ref: failed to identify reference (tag/branch) for the checked-out revision 'e14b30b88c0de95186fe1937f795b7d8fd3fa8aa'
[835d2533-4758-49e6-91af-0cdbe69345b3/build]   üê≥  docker exec cmd=[bash --noprofile --norc -e -o pipefail /var/run/act/workflow/2] user= workdir=
[835d2533-4758-49e6-91af-0cdbe69345b3/build]   | [INFO] Scanning for projects...
[835d2533-4758-49e6-91af-0cdbe69345b3/build]   | [INFO] Downloading from central: https://repo.maven.apache.org/maven2/org/junit/junit-bom/5.8.2/junit-bom-5.8.2.pom
[835d2533-4758-49e6-91af-0cdbe69345b3/build]   | [INFO] Downloaded from central: https://repo.maven.apache.org/maven2/org/junit/junit-bom/5.8.2/junit-bom-5.8.2.pom (5.6 kB at 17 kB/s)
[835d2533-4758-49e6-91af-0cdbe69345b3/build]   | [INFO] 
[835d2533-4758-49e6-91af-0cdbe69345b3/build]   | [INFO] -----------------------< com.thealgorithms:Java >-----------------------
[835d2533-4758-49e6-91af-0cdbe69345b3/build]   | [INFO] Building Java 1.0-SNAPSHOT
[835d2533-4758-49e6-91af-0cdbe69345b3/build]   | [INFO]   from pom.xml
[835d2533-4758-49e6-91af-0cdbe69345b3/build]   | [INFO] --------------------------------[ jar ]---------------------------------
[835d2533-4758-49e6-91af-0cdbe69345b3/build]   | [INFO] Downloading from central: https://repo.maven.apache.org/maven2/org/apache/maven/plugins/maven-resources-plugin/2.6/maven-resources-plugin-2.6.pom
[835d2533-4758-49e6-91af-0cdbe69345b3/build]   | [INFO] Downloaded from central: https://repo.maven.apache.org/maven2/org/apache/maven/plugins/maven-resources-plugin/2.6/maven-resources-plugin-2.6.pom (8.1 kB at 239 kB/s)
[835d2533-4758-49e6-91af-0cdbe69345b3/build]   | [INFO] Downloading from central: https://repo.maven.apache.org/maven2/org/apache/maven/plugins/maven-plugins/23/maven-plugins-23.pom
[835d2533-4758-49e6-91af-0cdbe69345b3/build]   | [INFO] Downloaded from central: https://repo.maven.apache.org/maven2/org/apache/maven/plugins/maven-plugins/23/maven-plugins-23.pom (9.2 kB at 287 kB/s)
[835d2533-4758-49e6-91af-0cdbe69345b3/build]   | [INFO] Downloading from central: https://repo.maven.apache.org/maven2/org/apache/maven/maven-parent/22/maven-parent-22.pom
[835d2533-4758-49e6-91af-0cdbe69345b3/build]   | [INFO] Downloaded from central: https://repo.maven.apache.org/maven2/org/apache/maven/maven-parent/22/maven-parent-22.pom (30 kB at 725 kB/s)
[835d2533-4758-49e6-91af-0cdbe69345b3/build]   | [INFO] Downloading from central: https://repo.maven.apache.org/maven2/org/apache/apache/11/apache-11.pom
[835d2533-4758-49e6-91af-0cdbe69345b3/build]   | [INFO] Downloaded from central: https://repo.maven.apache.org/maven2/org/apache/apache/11/apache-11.pom (15 kB at 494 kB/s)
[835d2533-4758-49e6-91af-0cdbe69345b3/build]   | [INFO] Downloading from central: https://repo.maven.apache.org/maven2/org/apache/maven/plugins/maven-resources-plugin/2.6/maven-resources-plugin-2.6.jar
[835d2533-4758-49e6-91af-0cdbe69345b3/build]   | [INFO] Downloaded from central: https://repo.maven.apache.org/maven2/org/apache/maven/plugins/maven-resources-plugin/2.6/maven-resources-plugin-2.6.jar (30 kB at 843 kB/s)
[835d2533-4758-49e6-91af-0cdbe69345b3/build]   | [INFO] Downloading from central: https://repo.maven.apache.org/maven2/org/apache/maven/plugins/maven-compiler-plugin/3.10.1/maven-compiler-plugin-3.10.1.pom
[835d2533-4758-49e6-91af-0cdbe69345b3/build]   | [INFO] Downloaded from central: https://repo.maven.apache.org/maven2/org/apache/maven/plugins/maven-compiler-plugin/3.10.1/maven-compiler-plugin-3.10.1.pom (13 kB at 407 kB/s)
[835d2533-4758-49e6-91af-0cdbe69345b3/build]   | [INFO] Downloading from central: https://repo.maven.apache.org/maven2/org/apache/maven/plugins/maven-plugins/34/maven-plugins-34.pom
[835d2533-4758-49e6-91af-0cdbe69345b3/build]   | [INFO] Downloaded from central: https://repo.maven.apache.org/maven2/org/apache/maven/plugins/maven-plugins/34/maven-plugins-34.pom (11 kB at 411 kB/s)
[835d2533-4758-49e6-91af-0cdbe69345b3/build]   | [INFO] Downloading from central: https://repo.maven.apache.org/maven2/org/apache/maven/maven-parent/34/maven-parent-34.pom
[835d2533-4758-49e6-91af-0cdbe69345b3/build]   | [INFO] Downloaded from central: https://repo.maven.apache.org/maven2/org/apache/maven/maven-parent/34/maven-parent-34.pom (43 kB at 1.2 MB/s)
[835d2533-4758-49e6-91af-0cdbe69345b3/build]   | [INFO] Downloading from central: https://repo.maven.apache.org/maven2/org/apache/apache/23/apache-23.pom
[835d2533-4758-49e6-91af-0cdbe69345b3/build]   | [INFO] Downloaded from central: https://repo.maven.apache.org/maven2/org/apache/apache/23/apache-23.pom (18 kB at 512 kB/s)
[835d2533-4758-49e6-91af-0cdbe69345b3/build]   | [INFO] Downloading from central: https://repo.maven.apache.org/maven2/org/apache/maven/plugins/maven-compiler-plugin/3.10.1/maven-compiler-plugin-3.10.1.jar
[835d2533-4758-49e6-91af-0cdbe69345b3/build]   | [INFO] Downloaded from central: https://repo.maven.apache.org/maven2/org/apache/maven/plugins/maven-compiler-plugin/3.10.1/maven-compiler-plugin-3.10.1.jar (62 kB at 1.2 MB/s)
[835d2533-4758-49e6-91af-0cdbe69345b3/build]   | [INFO] Downloading from central: https://repo.maven.apache.org/maven2/org/apache/maven/plugins/maven-surefire-plugin/2.22.2/maven-surefire-plugin-2.22.2.pom
[835d2533-4758-49e6-91af-0cdbe69345b3/build]   | [INFO] Downloaded from central: https://repo.maven.apache.org/maven2/org/apache/maven/plugins/maven-surefire-plugin/2.22.2/maven-surefire-plugin-2.22.2.pom (5.0 kB at 185 kB/s)
[835d2533-4758-49e6-91af-0cdbe69345b3/build]   | [INFO] Downloading from central: https://repo.maven.apache.org/maven2/org/apache/maven/surefire/surefire/2.22.2/surefire-2.22.2.pom
[835d2533-4758-49e6-91af-0cdbe69345b3/build]   | [INFO] Downloaded from central: https://repo.maven.apache.org/maven2/org/apache/maven/surefire/surefire/2.22.2/surefire-2.22.2.pom (26 kB at 697 kB/s)
[835d2533-4758-49e6-91af-0cdbe69345b3/build]   | [INFO] Downloading from central: https://repo.maven.apache.org/maven2/org/apache/maven/maven-parent/33/maven-parent-33.pom
[835d2533-4758-49e6-91af-0cdbe69345b3/build]   | [INFO] Downloaded from central: https://repo.maven.apache.org/maven2/org/apache/maven/maven-parent/33/maven-parent-33.pom (44 kB at 669 kB/s)
[835d2533-4758-49e6-91af-0cdbe69345b3/build]   | [INFO] Downloading from central: https://repo.maven.apache.org/maven2/org/apache/apache/21/apache-21.pom
[835d2533-4758-49e6-91af-0cdbe69345b3/build]   | [INFO] Downloaded from central: https://repo.maven.apache.org/maven2/org/apache/apache/21/apache-21.pom (17 kB at 428 kB/s)
[835d2533-4758-49e6-91af-0cdbe69345b3/build]   | [INFO] Downloading from central: https://repo.maven.apache.org/maven2/org/apache/maven/plugins/maven-surefire-plugin/2.22.2/maven-surefire-plugin-2.22.2.jar
[835d2533-4758-49e6-91af-0cdbe69345b3/build]   | [INFO] Downloaded from central: https://repo.maven.apache.org/maven2/org/apache/maven/plugins/maven-surefire-plugin/2.22.2/maven-surefire-plugin-2.22.2.jar (41 kB at 794 kB/s)
[835d2533-4758-49e6-91af-0cdbe69345b3/build]   | [INFO] Downloading from central: https://repo.maven.apache.org/maven2/org/apache/maven/plugins/maven-jar-plugin/2.4/maven-jar-plugin-2.4.pom
[835d2533-4758-49e6-91af-0cdbe69345b3/build]   | [INFO] Downloaded from central: https://repo.maven.apache.org/maven2/org/apache/maven/plugins/maven-jar-plugin/2.4/maven-jar-plugin-2.4.pom (5.8 kB at 158 kB/s)
[835d2533-4758-49e6-91af-0cdbe69345b3/build]   | [INFO] Downloading from central: https://repo.maven.apache.org/maven2/org/apache/maven/plugins/maven-plugins/22/maven-plugins-22.pom
[835d2533-4758-49e6-91af-0cdbe69345b3/build]   | [INFO] Downloaded from central: https://repo.maven.apache.org/maven2/org/apache/maven/plugins/maven-plugins/22/maven-plugins-22.pom (13 kB at 450 kB/s)
[835d2533-4758-49e6-91af-0cdbe69345b3/build]   | [INFO] Downloading from central: https://repo.maven.apache.org/maven2/org/apache/maven/maven-parent/21/maven-parent-21.pom
[835d2533-4758-49e6-91af-0cdbe69345b3/build]   | [INFO] Downloaded from central: https://repo.maven.apache.org/maven2/org/apache/maven/maven-parent/21/maven-parent-21.pom (26 kB at 676 kB/s)
[835d2533-4758-49e6-91af-0cdbe69345b3/build]   | [INFO] Downloading from central: https://repo.maven.apache.org/maven2/org/apache/apache/10/apache-10.pom
[835d2533-4758-49e6-91af-0cdbe69345b3/build]   | [INFO] Downloaded from central: https://repo.maven.apache.org/maven2/org/apache/apache/10/apache-10.pom (15 kB at 411 kB/s)
[835d2533-4758-49e6-91af-0cdbe69345b3/build]   | [INFO] Downloading from central: https://repo.maven.apache.org/maven2/org/apache/maven/plugins/maven-jar-plugin/2.4/maven-jar-plugin-2.4.jar
[835d2533-4758-49e6-91af-0cdbe69345b3/build]   | [INFO] Downloaded from central: https://repo.maven.apache.org/maven2/org/apache/maven/plugins/maven-jar-plugin/2.4/maven-jar-plugin-2.4.jar (34 kB at 830 kB/s)
[835d2533-4758-49e6-91af-0cdbe69345b3/build]   | [INFO] Downloading from central: https://repo.maven.apache.org/maven2/org/junit/jupiter/junit-jupiter/5.9.0/junit-jupiter-5.9.0.pom
[835d2533-4758-49e6-91af-0cdbe69345b3/build]   | [INFO] Downloaded from central: https://repo.maven.apache.org/maven2/org/junit/jupiter/junit-jupiter/5.9.0/junit-jupiter-5.9.0.pom (3.2 kB at 91 kB/s)
[835d2533-4758-49e6-91af-0cdbe69345b3/build]   | [INFO] Downloading from central: https://repo.maven.apache.org/maven2/org/junit/junit-bom/5.9.0/junit-bom-5.9.0.pom
[835d2533-4758-49e6-91af-0cdbe69345b3/build]   | [INFO] Downloaded from central: https://repo.maven.apache.org/maven2/org/junit/junit-bom/5.9.0/junit-bom-5.9.0.pom (5.6 kB at 156 kB/s)
[835d2533-4758-49e6-91af-0cdbe69345b3/build]   | [INFO] Downloading from central: https://repo.maven.apache.org/maven2/org/junit/jupiter/junit-jupiter-api/5.8.2/junit-jupiter-api-5.8.2.pom
[835d2533-4758-49e6-91af-0cdbe69345b3/build]   | [INFO] Downloaded from central: https://repo.maven.apache.org/maven2/org/junit/jupiter/junit-jupiter-api/5.8.2/junit-jupiter-api-5.8.2.pom (3.2 kB at 127 kB/s)
[835d2533-4758-49e6-91af-0cdbe69345b3/build]   | [INFO] Downloading from central: https://repo.maven.apache.org/maven2/org/opentest4j/opentest4j/1.2.0/opentest4j-1.2.0.pom
[835d2533-4758-49e6-91af-0cdbe69345b3/build]   | [INFO] Downloaded from central: https://repo.maven.apache.org/maven2/org/opentest4j/opentest4j/1.2.0/opentest4j-1.2.0.pom (1.7 kB at 67 kB/s)
[835d2533-4758-49e6-91af-0cdbe69345b3/build]   | [INFO] Downloading from central: https://repo.maven.apache.org/maven2/org/junit/platform/junit-platform-commons/1.8.2/junit-platform-commons-1.8.2.pom
[835d2533-4758-49e6-91af-0cdbe69345b3/build]   | [INFO] Downloaded from central: https://repo.maven.apache.org/maven2/org/junit/platform/junit-platform-commons/1.8.2/junit-platform-commons-1.8.2.pom (2.8 kB at 105 kB/s)
[835d2533-4758-49e6-91af-0cdbe69345b3/build]   | [INFO] Downloading from central: https://repo.maven.apache.org/maven2/org/apiguardian/apiguardian-api/1.1.2/apiguardian-api-1.1.2.pom
[835d2533-4758-49e6-91af-0cdbe69345b3/build]   | [INFO] Downloaded from central: https://repo.maven.apache.org/maven2/org/apiguardian/apiguardian-api/1.1.2/apiguardian-api-1.1.2.pom (1.5 kB at 57 kB/s)
[835d2533-4758-49e6-91af-0cdbe69345b3/build]   | [INFO] Downloading from central: https://repo.maven.apache.org/maven2/org/junit/jupiter/junit-jupiter-params/5.8.2/junit-jupiter-params-5.8.2.pom
[835d2533-4758-49e6-91af-0cdbe69345b3/build]   | [INFO] Downloaded from central: https://repo.maven.apache.org/maven2/org/junit/jupiter/junit-jupiter-params/5.8.2/junit-jupiter-params-5.8.2.pom (3.0 kB at 81 kB/s)
[835d2533-4758-49e6-91af-0cdbe69345b3/build]   | [INFO] Downloading from central: https://repo.maven.apache.org/maven2/org/junit/jupiter/junit-jupiter-engine/5.8.2/junit-jupiter-engine-5.8.2.pom
[835d2533-4758-49e6-91af-0cdbe69345b3/build]   | [INFO] Downloaded from central: https://repo.maven.apache.org/maven2/org/junit/jupiter/junit-jupiter-engine/5.8.2/junit-jupiter-engine-5.8.2.pom (3.2 kB at 76 kB/s)
[835d2533-4758-49e6-91af-0cdbe69345b3/build]   | [INFO] Downloading from central: https://repo.maven.apache.org/maven2/org/junit/platform/junit-platform-engine/1.8.2/junit-platform-engine-1.8.2.pom
[835d2533-4758-49e6-91af-0cdbe69345b3/build]   | [INFO] Downloaded from central: https://repo.maven.apache.org/maven2/org/junit/platform/junit-platform-engine/1.8.2/junit-platform-engine-1.8.2.pom (3.2 kB at 62 kB/s)
[835d2533-4758-49e6-91af-0cdbe69345b3/build]   | [INFO] Downloading from central: https://repo.maven.apache.org/maven2/org/assertj/assertj-core/3.23.1/assertj-core-3.23.1.pom
[835d2533-4758-49e6-91af-0cdbe69345b3/build]   | [INFO] Downloaded from central: https://repo.maven.apache.org/maven2/org/assertj/assertj-core/3.23.1/assertj-core-3.23.1.pom (24 kB at 337 kB/s)
[835d2533-4758-49e6-91af-0cdbe69345b3/build]   | [INFO] Downloading from central: https://repo.maven.apache.org/maven2/org/assertj/assertj-parent-pom/2.2.17/assertj-parent-pom-2.2.17.pom
[835d2533-4758-49e6-91af-0cdbe69345b3/build]   | [INFO] Downloaded from central: https://repo.maven.apache.org/maven2/org/assertj/assertj-parent-pom/2.2.17/assertj-parent-pom-2.2.17.pom (24 kB at 608 kB/s)
[835d2533-4758-49e6-91af-0cdbe69345b3/build]   | [INFO] Downloading from central: https://repo.maven.apache.org/maven2/org/mockito/mockito-bom/4.5.1/mockito-bom-4.5.1.pom
[835d2533-4758-49e6-91af-0cdbe69345b3/build]   | [INFO] Downloaded from central: https://repo.maven.apache.org/maven2/org/mockito/mockito-bom/4.5.1/mockito-bom-4.5.1.pom (3.0 kB at 103 kB/s)
[835d2533-4758-49e6-91af-0cdbe69345b3/build]   | [INFO] Downloading from central: https://repo.maven.apache.org/maven2/net/bytebuddy/byte-buddy/1.12.10/byte-buddy-1.12.10.pom
[835d2533-4758-49e6-91af-0cdbe69345b3/build]   | [INFO] Downloaded from central: https://repo.maven.apache.org/maven2/net/bytebuddy/byte-buddy/1.12.10/byte-buddy-1.12.10.pom (17 kB at 536 kB/s)
[835d2533-4758-49e6-91af-0cdbe69345b3/build]   | [INFO] Downloading from central: https://repo.maven.apache.org/maven2/net/bytebuddy/byte-buddy-parent/1.12.10/byte-buddy-parent-1.12.10.pom
[835d2533-4758-49e6-91af-0cdbe69345b3/build]   | [INFO] Downloaded from central: https://repo.maven.apache.org/maven2/net/bytebuddy/byte-buddy-parent/1.12.10/byte-buddy-parent-1.12.10.pom (45 kB at 600 kB/s)
[835d2533-4758-49e6-91af-0cdbe69345b3/build]   | [INFO] Downloading from central: https://repo.maven.apache.org/maven2/org/junit/jupiter/junit-jupiter-api/5.9.0/junit-jupiter-api-5.9.0.pom
[835d2533-4758-49e6-91af-0cdbe69345b3/build]   | [INFO] Downloaded from central: https://repo.maven.apache.org/maven2/org/junit/jupiter/junit-jupiter-api/5.9.0/junit-jupiter-api-5.9.0.pom (3.2 kB at 46 kB/s)
[835d2533-4758-49e6-91af-0cdbe69345b3/build]   | [INFO] Downloading from central: https://repo.maven.apache.org/maven2/org/junit/jupiter/junit-jupiter/5.9.0/junit-jupiter-5.9.0.jar
[835d2533-4758-49e6-91af-0cdbe69345b3/build]   | [INFO] Downloading from central: https://repo.maven.apache.org/maven2/org/junit/jupiter/junit-jupiter-params/5.8.2/junit-jupiter-params-5.8.2.jar
[835d2533-4758-49e6-91af-0cdbe69345b3/build]   | [INFO] Downloading from central: https://repo.maven.apache.org/maven2/org/junit/jupiter/junit-jupiter-engine/5.8.2/junit-jupiter-engine-5.8.2.jar
[835d2533-4758-49e6-91af-0cdbe69345b3/build]   | [INFO] Downloading from central: https://repo.maven.apache.org/maven2/org/junit/platform/junit-platform-engine/1.8.2/junit-platform-engine-1.8.2.jar
[835d2533-4758-49e6-91af-0cdbe69345b3/build]   | [INFO] Downloading from central: https://repo.maven.apache.org/maven2/org/assertj/assertj-core/3.23.1/assertj-core-3.23.1.jar
[835d2533-4758-49e6-91af-0cdbe69345b3/build]   | [INFO] Downloaded from central: https://repo.maven.apache.org/maven2/org/junit/jupiter/junit-jupiter/5.9.0/junit-jupiter-5.9.0.jar (6.4 kB at 59 kB/s)
[835d2533-4758-49e6-91af-0cdbe69345b3/build]   | [INFO] Downloading from central: https://repo.maven.apache.org/maven2/net/bytebuddy/byte-buddy/1.12.10/byte-buddy-1.12.10.jar
[835d2533-4758-49e6-91af-0cdbe69345b3/build]   | [INFO] Downloaded from central: https://repo.maven.apache.org/maven2/org/junit/platform/junit-platform-engine/1.8.2/junit-platform-engine-1.8.2.jar (186 kB at 1.0 MB/s)
[835d2533-4758-49e6-91af-0cdbe69345b3/build]   | [INFO] Downloading from central: https://repo.maven.apache.org/maven2/org/junit/jupiter/junit-jupiter-api/5.9.0/junit-jupiter-api-5.9.0.jar
[835d2533-4758-49e6-91af-0cdbe69345b3/build]   | [INFO] Downloaded from central: https://repo.maven.apache.org/maven2/org/junit/jupiter/junit-jupiter-engine/5.8.2/junit-jupiter-engine-5.8.2.jar (230 kB at 1.2 MB/s)
[835d2533-4758-49e6-91af-0cdbe69345b3/build]   | [INFO] Downloading from central: https://repo.maven.apache.org/maven2/org/opentest4j/opentest4j/1.2.0/opentest4j-1.2.0.jar
[835d2533-4758-49e6-91af-0cdbe69345b3/build]   | [INFO] Downloaded from central: https://repo.maven.apache.org/maven2/org/junit/jupiter/junit-jupiter-params/5.8.2/junit-jupiter-params-5.8.2.jar (577 kB at 2.6 MB/s)
[835d2533-4758-49e6-91af-0cdbe69345b3/build]   | [INFO] Downloading from central: https://repo.maven.apache.org/maven2/org/junit/platform/junit-platform-commons/1.8.2/junit-platform-commons-1.8.2.jar
[835d2533-4758-49e6-91af-0cdbe69345b3/build]   | [INFO] Downloaded from central: https://repo.maven.apache.org/maven2/org/opentest4j/opentest4j/1.2.0/opentest4j-1.2.0.jar (7.7 kB at 28 kB/s)
[835d2533-4758-49e6-91af-0cdbe69345b3/build]   | [INFO] Downloading from central: https://repo.maven.apache.org/maven2/org/apiguardian/apiguardian-api/1.1.2/apiguardian-api-1.1.2.jar
[835d2533-4758-49e6-91af-0cdbe69345b3/build]   | [INFO] Downloaded from central: https://repo.maven.apache.org/maven2/org/junit/jupiter/junit-jupiter-api/5.9.0/junit-jupiter-api-5.9.0.jar (203 kB at 654 kB/s)
[835d2533-4758-49e6-91af-0cdbe69345b3/build]   | [INFO] Downloaded from central: https://repo.maven.apache.org/maven2/org/junit/platform/junit-platform-commons/1.8.2/junit-platform-commons-1.8.2.jar (100 kB at 310 kB/s)
[835d2533-4758-49e6-91af-0cdbe69345b3/build]   | [INFO] Downloaded from central: https://repo.maven.apache.org/maven2/org/apiguardian/apiguardian-api/1.1.2/apiguardian-api-1.1.2.jar (6.8 kB at 20 kB/s)
[835d2533-4758-49e6-91af-0cdbe69345b3/build]   | [INFO] Downloaded from central: https://repo.maven.apache.org/maven2/org/assertj/assertj-core/3.23.1/assertj-core-3.23.1.jar (1.2 MB at 3.2 MB/s)
[835d2533-4758-49e6-91af-0cdbe69345b3/build]   | [INFO] Downloaded from central: https://repo.maven.apache.org/maven2/net/bytebuddy/byte-buddy/1.12.10/byte-buddy-1.12.10.jar (3.8 MB at 2.7 MB/s)
[835d2533-4758-49e6-91af-0cdbe69345b3/build]   | [INFO] 
[835d2533-4758-49e6-91af-0cdbe69345b3/build]   | [INFO] --- maven-resources-plugin:2.6:resources (default-resources) @ Java ---
[835d2533-4758-49e6-91af-0cdbe69345b3/build]   | [INFO] Downloading from central: https://repo.maven.apache.org/maven2/org/apache/maven/maven-plugin-api/2.0.6/maven-plugin-api-2.0.6.pom
[835d2533-4758-49e6-91af-0cdbe69345b3/build]   | [INFO] Downloaded from central: https://repo.maven.apache.org/maven2/org/apache/maven/maven-plugin-api/2.0.6/maven-plugin-api-2.0.6.pom (1.5 kB at 40 kB/s)
[835d2533-4758-49e6-91af-0cdbe69345b3/build]   | [INFO] Downloading from central: https://repo.maven.apache.org/maven2/org/apache/maven/maven/2.0.6/maven-2.0.6.pom
[835d2533-4758-49e6-91af-0cdbe69345b3/build]   | [INFO] Downloaded from central: https://repo.maven.apache.org/maven2/org/apache/maven/maven/2.0.6/maven-2.0.6.pom (9.0 kB at 323 kB/s)
[835d2533-4758-49e6-91af-0cdbe69345b3/build]   | [INFO] Downloading from central: https://repo.maven.apache.org/maven2/org/apache/maven/maven-parent/5/maven-parent-5.pom
[835d2533-4758-49e6-91af-0cdbe69345b3/build]   | [INFO] Downloaded from central: https://repo.maven.apache.org/maven2/org/apache/maven/maven-parent/5/maven-parent-5.pom (15 kB at 435 kB/s)
[835d2533-4758-49e6-91af-0cdbe69345b3/build]   | [INFO] Downloading from central: https://repo.maven.apache.org/maven2/org/apache/apache/3/apache-3.pom
[835d2533-4758-49e6-91af-0cdbe69345b3/build]   | [INFO] Downloaded from central: https://repo.maven.apache.org/maven2/org/apache/apache/3/apache-3.pom (3.4 kB at 143 kB/s)
[835d2533-4758-49e6-91af-0cdbe69345b3/build]   | [INFO] Downloading from central: https://repo.maven.apache.org/maven2/org/apache/maven/maven-project/2.0.6/maven-project-2.0.6.pom
[835d2533-4758-49e6-91af-0cdbe69345b3/build]   | [INFO] Downloaded from central: https://repo.maven.apache.org/maven2/org/apache/maven/maven-project/2.0.6/maven-project-2.0.6.pom (2.6 kB at 31 kB/s)
[835d2533-4758-49e6-91af-0cdbe69345b3/build]   | [INFO] Downloading from central: https://repo.maven.apache.org/maven2/org/apache/maven/maven-settings/2.0.6/maven-settings-2.0.6.pom
[835d2533-4758-49e6-91af-0cdbe69345b3/build]   | [INFO] Downloaded from central: https://repo.maven.apache.org/maven2/org/apache/maven/maven-settings/2.0.6/maven-settings-2.0.6.pom (2.0 kB at 22 kB/s)
[835d2533-4758-49e6-91af-0cdbe69345b3/build]   | [INFO] Downloading from central: https://repo.maven.apache.org/maven2/org/apache/maven/maven-model/2.0.6/maven-model-2.0.6.pom
[835d2533-4758-49e6-91af-0cdbe69345b3/build]   | [INFO] Downloaded from central: https://repo.maven.apache.org/maven2/org/apache/maven/maven-model/2.0.6/maven-model-2.0.6.pom (3.0 kB at 33 kB/s)
[835d2533-4758-49e6-91af-0cdbe69345b3/build]   | [INFO] Downloading from central: https://repo.maven.apache.org/maven2/org/codehaus/plexus/plexus-utils/1.4.1/plexus-utils-1.4.1.pom
[835d2533-4758-49e6-91af-0cdbe69345b3/build]   | [INFO] Downloaded from central: https://repo.maven.apache.org/maven2/org/codehaus/plexus/plexus-utils/1.4.1/plexus-utils-1.4.1.pom (1.9 kB at 27 kB/s)
[835d2533-4758-49e6-91af-0cdbe69345b3/build]   | [INFO] Downloading from central: https://repo.maven.apache.org/maven2/org/codehaus/plexus/plexus/1.0.11/plexus-1.0.11.pom
[835d2533-4758-49e6-91af-0cdbe69345b3/build]   | [INFO] Downloaded from central: https://repo.maven.apache.org/maven2/org/codehaus/plexus/plexus/1.0.11/plexus-1.0.11.pom (9.0 kB at 163 kB/s)
[835d2533-4758-49e6-91af-0cdbe69345b3/build]   | [INFO] Downloading from central: https://repo.maven.apache.org/maven2/org/codehaus/plexus/plexus-container-default/1.0-alpha-9-stable-1/plexus-container-default-1.0-alpha-9-stable-1.pom
[835d2533-4758-49e6-91af-0cdbe69345b3/build]   | [INFO] Downloaded from central: https://repo.maven.apache.org/maven2/org/codehaus/plexus/plexus-container-default/1.0-alpha-9-stable-1/plexus-container-default-1.0-alpha-9-stable-1.pom (3.9 kB at 79 kB/s)
[835d2533-4758-49e6-91af-0cdbe69345b3/build]   | [INFO] Downloading from central: https://repo.maven.apache.org/maven2/org/codehaus/plexus/plexus-containers/1.0.3/plexus-containers-1.0.3.pom
[835d2533-4758-49e6-91af-0cdbe69345b3/build]   | [INFO] Downloaded from central: https://repo.maven.apache.org/maven2/org/codehaus/plexus/plexus-containers/1.0.3/plexus-containers-1.0.3.pom (492 B at 8.8 kB/s)
[835d2533-4758-49e6-91af-0cdbe69345b3/build]   | [INFO] Downloading from central: https://repo.maven.apache.org/maven2/org/codehaus/plexus/plexus/1.0.4/plexus-1.0.4.pom
[835d2533-4758-49e6-91af-0cdbe69345b3/build]   | [INFO] Downloaded from central: https://repo.maven.apache.org/maven2/org/codehaus/plexus/plexus/1.0.4/plexus-1.0.4.pom (5.7 kB at 88 kB/s)
[835d2533-4758-49e6-91af-0cdbe69345b3/build]   | [INFO] Downloading from central: https://repo.maven.apache.org/maven2/junit/junit/3.8.1/junit-3.8.1.pom
[835d2533-4758-49e6-91af-0cdbe69345b3/build]   | [INFO] Downloaded from central: https://repo.maven.apache.org/maven2/junit/junit/3.8.1/junit-3.8.1.pom (998 B at 21 kB/s)
[835d2533-4758-49e6-91af-0cdbe69345b3/build]   | [INFO] Downloading from central: https://repo.maven.apache.org/maven2/org/codehaus/plexus/plexus-utils/1.0.4/plexus-utils-1.0.4.pom
[835d2533-4758-49e6-91af-0cdbe69345b3/build]   | [INFO] Downloaded from central: https://repo.maven.apache.org/maven2/org/codehaus/plexus/plexus-utils/1.0.4/plexus-utils-1.0.4.pom (6.9 kB at 171 kB/s)
[835d2533-4758-49e6-91af-0cdbe69345b3/build]   | [INFO] Downloading from central: https://repo.maven.apache.org/maven2/classworlds/classworlds/1.1-alpha-2/classworlds-1.1-alpha-2.pom
[835d2533-4758-49e6-91af-0cdbe69345b3/build]   | [INFO] Downloaded from central: https://repo.maven.apache.org/maven2/classworlds/classworlds/1.1-alpha-2/classworlds-1.1-alpha-2.pom (3.1 kB at 64 kB/s)
[835d2533-4758-49e6-91af-0cdbe69345b3/build]   | [INFO] Downloading from central: https://repo.maven.apache.org/maven2/org/apache/maven/maven-profile/2.0.6/maven-profile-2.0.6.pom
[835d2533-4758-49e6-91af-0cdbe69345b3/build]   | [INFO] Downloaded from central: https://repo.maven.apache.org/maven2/org/apache/maven/maven-profile/2.0.6/maven-profile-2.0.6.pom (2.0 kB at 34 kB/s)
[835d2533-4758-49e6-91af-0cdbe69345b3/build]   | [INFO] Downloading from central: https://repo.maven.apache.org/maven2/org/apache/maven/maven-artifact-manager/2.0.6/maven-artifact-manager-2.0.6.pom
[835d2533-4758-49e6-91af-0cdbe69345b3/build]   | [INFO] Downloaded from central: https://repo.maven.apache.org/maven2/org/apache/maven/maven-artifact-manager/2.0.6/maven-artifact-manager-2.0.6.pom (2.6 kB at 105 kB/s)
[835d2533-4758-49e6-91af-0cdbe69345b3/build]   | [INFO] Downloading from central: https://repo.maven.apache.org/maven2/org/apache/maven/maven-repository-metadata/2.0.6/maven-repository-metadata-2.0.6.pom
[835d2533-4758-49e6-91af-0cdbe69345b3/build]   | [INFO] Downloaded from central: https://repo.maven.apache.org/maven2/org/apache/maven/maven-repository-metadata/2.0.6/maven-repository-metadata-2.0.6.pom (1.9 kB at 77 kB/s)
[835d2533-4758-49e6-91af-0cdbe69345b3/build]   | [INFO] Downloading from central: https://repo.maven.apache.org/maven2/org/apache/maven/maven-artifact/2.0.6/maven-artifact-2.0.6.pom
[835d2533-4758-49e6-91af-0cdbe69345b3/build]   | [INFO] Downloaded from central: https://repo.maven.apache.org/maven2/org/apache/maven/maven-artifact/2.0.6/maven-artifact-2.0.6.pom (1.6 kB at 69 kB/s)
[835d2533-4758-49e6-91af-0cdbe69345b3/build]   | [INFO] Downloading from central: https://repo.maven.apache.org/maven2/org/apache/maven/maven-plugin-registry/2.0.6/maven-plugin-registry-2.0.6.pom
[835d2533-4758-49e6-91af-0cdbe69345b3/build]   | [INFO] Downloaded from central: https://repo.maven.apache.org/maven2/org/apache/maven/maven-plugin-registry/2.0.6/maven-plugin-registry-2.0.6.pom (1.9 kB at 85 kB/s)
[835d2533-4758-49e6-91af-0cdbe69345b3/build]   | [INFO] Downloading from central: https://repo.maven.apache.org/maven2/org/apache/maven/maven-core/2.0.6/maven-core-2.0.6.pom
[835d2533-4758-49e6-91af-0cdbe69345b3/build]   | [INFO] Downloaded from central: https://repo.maven.apache.org/maven2/org/apache/maven/maven-core/2.0.6/maven-core-2.0.6.pom (6.7 kB at 122 kB/s)
[835d2533-4758-49e6-91af-0cdbe69345b3/build]   | [INFO] Downloading from central: https://repo.maven.apache.org/maven2/org/apache/maven/maven-plugin-parameter-documenter/2.0.6/maven-plugin-parameter-documenter-2.0.6.pom
[835d2533-4758-49e6-91af-0cdbe69345b3/build]   | [INFO] Downloaded from central: https://repo.maven.apache.org/maven2/org/apache/maven/maven-plugin-parameter-documenter/2.0.6/maven-plugin-parameter-documenter-2.0.6.pom (1.9 kB at 25 kB/s)
[835d2533-4758-49e6-91af-0cdbe69345b3/build]   | [INFO] Downloading from central: https://repo.maven.apache.org/maven2/org/apache/maven/reporting/maven-reporting-api/2.0.6/maven-reporting-api-2.0.6.pom
[835d2533-4758-49e6-91af-0cdbe69345b3/build]   | [INFO] Downloaded from central: https://repo.maven.apache.org/maven2/org/apache/maven/reporting/maven-reporting-api/2.0.6/maven-reporting-api-2.0.6.pom (1.8 kB at 21 kB/s)
[835d2533-4758-49e6-91af-0cdbe69345b3/build]   | [INFO] Downloading from central: https://repo.maven.apache.org/maven2/org/apache/maven/reporting/maven-reporting/2.0.6/maven-reporting-2.0.6.pom
[835d2533-4758-49e6-91af-0cdbe69345b3/build]   | [INFO] Downloaded from central: https://repo.maven.apache.org/maven2/org/apache/maven/reporting/maven-reporting/2.0.6/maven-reporting-2.0.6.pom (1.4 kB at 37 kB/s)
[835d2533-4758-49e6-91af-0cdbe69345b3/build]   | [INFO] Downloading from central: https://repo.maven.apache.org/maven2/org/apache/maven/doxia/doxia-sink-api/1.0-alpha-7/doxia-sink-api-1.0-alpha-7.pom
[835d2533-4758-49e6-91af-0cdbe69345b3/build]   | [INFO] Downloaded from central: https://repo.maven.apache.org/maven2/org/apache/maven/doxia/doxia-sink-api/1.0-alpha-7/doxia-sink-api-1.0-alpha-7.pom (424 B at 12 kB/s)
[835d2533-4758-49e6-91af-0cdbe69345b3/build]   | [INFO] Downloading from central: https://repo.maven.apache.org/maven2/org/apache/maven/doxia/doxia/1.0-alpha-7/doxia-1.0-alpha-7.pom
[835d2533-4758-49e6-91af-0cdbe69345b3/build]   | [INFO] Downloaded from central: https://repo.maven.apache.org/maven2/org/apache/maven/doxia/doxia/1.0-alpha-7/doxia-1.0-alpha-7.pom (3.9 kB at 135 kB/s)
[835d2533-4758-49e6-91af-0cdbe69345b3/build]   | [INFO] Downloading from central: https://repo.maven.apache.org/maven2/org/apache/maven/maven-error-diagnostics/2.0.6/maven-error-diagnostics-2.0.6.pom
[835d2533-4758-49e6-91af-0cdbe69345b3/build]   | [INFO] Downloaded from central: https://repo.maven.apache.org/maven2/org/apache/maven/maven-error-diagnostics/2.0.6/maven-error-diagnostics-2.0.6.pom (1.7 kB at 59 kB/s)
[835d2533-4758-49e6-91af-0cdbe69345b3/build]   | [INFO] Downloading from central: https://repo.maven.apache.org/maven2/commons-cli/commons-cli/1.0/commons-cli-1.0.pom
[835d2533-4758-49e6-91af-0cdbe69345b3/build]   | [INFO] Downloaded from central: https://repo.maven.apache.org/maven2/commons-cli/commons-cli/1.0/commons-cli-1.0.pom (2.1 kB at 75 kB/s)
[835d2533-4758-49e6-91af-0cdbe69345b3/build]   | [INFO] Downloading from central: https://repo.maven.apache.org/maven2/org/apache/maven/maven-plugin-descriptor/2.0.6/maven-plugin-descriptor-2.0.6.pom
[835d2533-4758-49e6-91af-0cdbe69345b3/build]   | [INFO] Downloaded from central: https://repo.maven.apache.org/maven2/org/apache/maven/maven-plugin-descriptor/2.0.6/maven-plugin-descriptor-2.0.6.pom (2.0 kB at 75 kB/s)
[835d2533-4758-49e6-91af-0cdbe69345b3/build]   | [INFO] Downloading from central: https://repo.maven.apache.org/maven2/org/codehaus/plexus/plexus-interactivity-api/1.0-alpha-4/plexus-interactivity-api-1.0-alpha-4.pom
[835d2533-4758-49e6-91af-0cdbe69345b3/build]   | [INFO] Downloaded from central: https://repo.maven.apache.org/maven2/org/codehaus/plexus/plexus-interactivity-api/1.0-alpha-4/plexus-interactivity-api-1.0-alpha-4.pom (7.1 kB at 209 kB/s)
[835d2533-4758-49e6-91af-0cdbe69345b3/build]   | [INFO] Downloading from central: https://repo.maven.apache.org/maven2/org/apache/maven/maven-monitor/2.0.6/maven-monitor-2.0.6.pom
[835d2533-4758-49e6-91af-0cdbe69345b3/build]   | [INFO] Downloaded from central: https://repo.maven.apache.org/maven2/org/apache/maven/maven-monitor/2.0.6/maven-monitor-2.0.6.pom (1.3 kB at 50 kB/s)
[835d2533-4758-49e6-91af-0cdbe69345b3/build]   | [INFO] Downloading from central: https://repo.maven.apache.org/maven2/classworlds/classworlds/1.1/classworlds-1.1.pom
[835d2533-4758-49e6-91af-0cdbe69345b3/build]   | [INFO] Downloaded from central: https://repo.maven.apache.org/maven2/classworlds/classworlds/1.1/classworlds-1.1.pom (3.3 kB at 107 kB/s)
[835d2533-4758-49e6-91af-0cdbe69345b3/build]   | [INFO] Downloading from central: https://repo.maven.apache.org/maven2/org/codehaus/plexus/plexus-utils/2.0.5/plexus-utils-2.0.5.pom
[835d2533-4758-49e6-91af-0cdbe69345b3/build]   | [INFO] Downloaded from central: https://repo.maven.apache.org/maven2/org/codehaus/plexus/plexus-utils/2.0.5/plexus-utils-2.0.5.pom (3.3 kB at 119 kB/s)
[835d2533-4758-49e6-91af-0cdbe69345b3/build]   | [INFO] Downloading from central: https://repo.maven.apache.org/maven2/org/codehaus/plexus/plexus/2.0.6/plexus-2.0.6.pom
[835d2533-4758-49e6-91af-0cdbe69345b3/build]   | [INFO] Downloaded from central: https://repo.maven.apache.org/maven2/org/codehaus/plexus/plexus/2.0.6/plexus-2.0.6.pom (17 kB at 154 kB/s)
[835d2533-4758-49e6-91af-0cdbe69345b3/build]   | [INFO] Downloading from central: https://repo.maven.apache.org/maven2/org/apache/maven/shared/maven-filtering/1.1/maven-filtering-1.1.pom
[835d2533-4758-49e6-91af-0cdbe69345b3/build]   | [INFO] Downloaded from central: https://repo.maven.apache.org/maven2/org/apache/maven/shared/maven-filtering/1.1/maven-filtering-1.1.pom (5.8 kB at 64 kB/s)
[835d2533-4758-49e6-91af-0cdbe69345b3/build]   | [INFO] Downloading from central: https://repo.maven.apache.org/maven2/org/apache/maven/shared/maven-shared-components/17/maven-shared-components-17.pom
[835d2533-4758-49e6-91af-0cdbe69345b3/build]   | [INFO] Downloaded from central: https://repo.maven.apache.org/maven2/org/apache/maven/shared/maven-shared-components/17/maven-shared-components-17.pom (8.7 kB at 223 kB/s)
[835d2533-4758-49e6-91af-0cdbe69345b3/build]   | [INFO] Downloading from central: https://repo.maven.apache.org/maven2/org/codehaus/plexus/plexus-utils/1.5.15/plexus-utils-1.5.15.pom
[835d2533-4758-49e6-91af-0cdbe69345b3/build]   | [INFO] Downloaded from central: https://repo.maven.apache.org/maven2/org/codehaus/plexus/plexus-utils/1.5.15/plexus-utils-1.5.15.pom (6.8 kB at 159 kB/s)
[835d2533-4758-49e6-91af-0cdbe69345b3/build]   | [INFO] Downloading from central: https://repo.maven.apache.org/maven2/org/codehaus/plexus/plexus/2.0.2/plexus-2.0.2.pom
[835d2533-4758-49e6-91af-0cdbe69345b3/build]   | [INFO] Downloaded from central: https://repo.maven.apache.org/maven2/org/codehaus/plexus/plexus/2.0.2/plexus-2.0.2.pom (12 kB at 375 kB/s)
[835d2533-4758-49e6-91af-0cdbe69345b3/build]   | [INFO] Downloading from central: https://repo.maven.apache.org/maven2/org/codehaus/plexus/plexus-interpolation/1.12/plexus-interpolation-1.12.pom
[835d2533-4758-49e6-91af-0cdbe69345b3/build]   | [INFO] Downloaded from central: https://repo.maven.apache.org/maven2/org/codehaus/plexus/plexus-interpolation/1.12/plexus-interpolation-1.12.pom (889 B at 37 kB/s)
[835d2533-4758-49e6-91af-0cdbe69345b3/build]   | [INFO] Downloading from central: https://repo.maven.apache.org/maven2/org/codehaus/plexus/plexus-components/1.1.14/plexus-components-1.1.14.pom
[835d2533-4758-49e6-91af-0cdbe69345b3/build]   | [INFO] Downloaded from central: https://repo.maven.apache.org/maven2/org/codehaus/plexus/plexus-components/1.1.14/plexus-components-1.1.14.pom (5.8 kB at 216 kB/s)
[835d2533-4758-49e6-91af-0cdbe69345b3/build]   | [INFO] Downloading from central: https://repo.maven.apache.org/maven2/org/sonatype/plexus/plexus-build-api/0.0.4/plexus-build-api-0.0.4.pom
[835d2533-4758-49e6-91af-0cdbe69345b3/build]   | [INFO] Downloaded from central: https://repo.maven.apache.org/maven2/org/sonatype/plexus/plexus-build-api/0.0.4/plexus-build-api-0.0.4.pom (2.9 kB at 130 kB/s)
[835d2533-4758-49e6-91af-0cdbe69345b3/build]   | [INFO] Downloading from central: https://repo.maven.apache.org/maven2/org/sonatype/spice/spice-parent/10/spice-parent-10.pom
[835d2533-4758-49e6-91af-0cdbe69345b3/build]   | [INFO] Downloaded from central: https://repo.maven.apache.org/maven2/org/sonatype/spice/spice-parent/10/spice-parent-10.pom (3.0 kB at 121 kB/s)
[835d2533-4758-49e6-91af-0cdbe69345b3/build]   | [INFO] Downloading from central: https://repo.maven.apache.org/maven2/org/sonatype/forge/forge-parent/3/forge-parent-3.pom
[835d2533-4758-49e6-91af-0cdbe69345b3/build]   | [INFO] Downloaded from central: https://repo.maven.apache.org/maven2/org/sonatype/forge/forge-parent/3/forge-parent-3.pom (5.0 kB at 50 kB/s)
[835d2533-4758-49e6-91af-0cdbe69345b3/build]   | [INFO] Downloading from central: https://repo.maven.apache.org/maven2/org/codehaus/plexus/plexus-utils/1.5.8/plexus-utils-1.5.8.pom
[835d2533-4758-49e6-91af-0cdbe69345b3/build]   | [INFO] Downloaded from central: https://repo.maven.apache.org/maven2/org/codehaus/plexus/plexus-utils/1.5.8/plexus-utils-1.5.8.pom (8.1 kB at 212 kB/s)
[835d2533-4758-49e6-91af-0cdbe69345b3/build]   | [INFO] Downloading from central: https://repo.maven.apache.org/maven2/org/codehaus/plexus/plexus-interpolation/1.13/plexus-interpolation-1.13.pom
[835d2533-4758-49e6-91af-0cdbe69345b3/build]   | [INFO] Downloaded from central: https://repo.maven.apache.org/maven2/org/codehaus/plexus/plexus-interpolation/1.13/plexus-interpolation-1.13.pom (890 B at 39 kB/s)
[835d2533-4758-49e6-91af-0cdbe69345b3/build]   | [INFO] Downloading from central: https://repo.maven.apache.org/maven2/org/codehaus/plexus/plexus-components/1.1.15/plexus-components-1.1.15.pom
[835d2533-4758-49e6-91af-0cdbe69345b3/build]   | [INFO] Downloaded from central: https://repo.maven.apache.org/maven2/org/codehaus/plexus/plexus-components/1.1.15/plexus-components-1.1.15.pom (2.8 kB at 110 kB/s)
[835d2533-4758-49e6-91af-0cdbe69345b3/build]   | [INFO] Downloading from central: https://repo.maven.apache.org/maven2/org/codehaus/plexus/plexus/2.0.3/plexus-2.0.3.pom
[835d2533-4758-49e6-91af-0cdbe69345b3/build]   | [INFO] Downloaded from central: https://repo.maven.apache.org/maven2/org/codehaus/plexus/plexus/2.0.3/plexus-2.0.3.pom (15 kB at 360 kB/s)
[835d2533-4758-49e6-91af-0cdbe69345b3/build]   | [INFO] Downloading from central: https://repo.maven.apache.org/maven2/org/apache/maven/maven-plugin-api/2.0.6/maven-plugin-api-2.0.6.jar
[835d2533-4758-49e6-91af-0cdbe69345b3/build]   | [INFO] Downloading from central: https://repo.maven.apache.org/maven2/org/apache/maven/maven-project/2.0.6/maven-project-2.0.6.jar
[835d2533-4758-49e6-91af-0cdbe69345b3/build]   | [INFO] Downloading from central: https://repo.maven.apache.org/maven2/org/apache/maven/maven-profile/2.0.6/maven-profile-2.0.6.jar
[835d2533-4758-49e6-91af-0cdbe69345b3/build]   | [INFO] Downloading from central: https://repo.maven.apache.org/maven2/org/apache/maven/maven-artifact-manager/2.0.6/maven-artifact-manager-2.0.6.jar
[835d2533-4758-49e6-91af-0cdbe69345b3/build]   | [INFO] Downloading from central: https://repo.maven.apache.org/maven2/org/apache/maven/maven-plugin-registry/2.0.6/maven-plugin-registry-2.0.6.jar
[835d2533-4758-49e6-91af-0cdbe69345b3/build]   | [INFO] Downloaded from central: https://repo.maven.apache.org/maven2/org/apache/maven/maven-plugin-registry/2.0.6/maven-plugin-registry-2.0.6.jar (29 kB at 826 kB/s)
[835d2533-4758-49e6-91af-0cdbe69345b3/build]   | [INFO] Downloading from central: https://repo.maven.apache.org/maven2/org/apache/maven/maven-core/2.0.6/maven-core-2.0.6.jar
[835d2533-4758-49e6-91af-0cdbe69345b3/build]   | [INFO] Downloaded from central: https://repo.maven.apache.org/maven2/org/apache/maven/maven-profile/2.0.6/maven-profile-2.0.6.jar (35 kB at 839 kB/s)
[835d2533-4758-49e6-91af-0cdbe69345b3/build]   | [INFO] Downloading from central: https://repo.maven.apache.org/maven2/org/apache/maven/maven-plugin-parameter-documenter/2.0.6/maven-plugin-parameter-documenter-2.0.6.jar
[835d2533-4758-49e6-91af-0cdbe69345b3/build]   | [INFO] Downloaded from central: https://repo.maven.apache.org/maven2/org/apache/maven/maven-artifact-manager/2.0.6/maven-artifact-manager-2.0.6.jar (57 kB at 1.3 MB/s)
[835d2533-4758-49e6-91af-0cdbe69345b3/build]   | [INFO] Downloading from central: https://repo.maven.apache.org/maven2/org/apache/maven/reporting/maven-reporting-api/2.0.6/maven-reporting-api-2.0.6.jar
[835d2533-4758-49e6-91af-0cdbe69345b3/build]   | [INFO] Downloaded from central: https://repo.maven.apache.org/maven2/org/apache/maven/maven-plugin-api/2.0.6/maven-plugin-api-2.0.6.jar (13 kB at 292 kB/s)
[835d2533-4758-49e6-91af-0cdbe69345b3/build]   | [INFO] Downloading from central: https://repo.maven.apache.org/maven2/org/apache/maven/doxia/doxia-sink-api/1.0-alpha-7/doxia-sink-api-1.0-alpha-7.jar
[835d2533-4758-49e6-91af-0cdbe69345b3/build]   | [INFO] Downloaded from central: https://repo.maven.apache.org/maven2/org/apache/maven/maven-project/2.0.6/maven-project-2.0.6.jar (116 kB at 2.4 MB/s)
[835d2533-4758-49e6-91af-0cdbe69345b3/build]   | [INFO] Downloading from central: https://repo.maven.apache.org/maven2/org/apache/maven/maven-repository-metadata/2.0.6/maven-repository-metadata-2.0.6.jar
[835d2533-4758-49e6-91af-0cdbe69345b3/build]   | [INFO] Downloaded from central: https://repo.maven.apache.org/maven2/org/apache/maven/doxia/doxia-sink-api/1.0-alpha-7/doxia-sink-api-1.0-alpha-7.jar (5.9 kB at 94 kB/s)
[835d2533-4758-49e6-91af-0cdbe69345b3/build]   | [INFO] Downloading from central: https://repo.maven.apache.org/maven2/org/apache/maven/maven-error-diagnostics/2.0.6/maven-error-diagnostics-2.0.6.jar
[835d2533-4758-49e6-91af-0cdbe69345b3/build]   | [INFO] Downloaded from central: https://repo.maven.apache.org/maven2/org/apache/maven/maven-plugin-parameter-documenter/2.0.6/maven-plugin-parameter-documenter-2.0.6.jar (21 kB at 329 kB/s)
[835d2533-4758-49e6-91af-0cdbe69345b3/build]   | [INFO] Downloading from central: https://repo.maven.apache.org/maven2/commons-cli/commons-cli/1.0/commons-cli-1.0.jar
[835d2533-4758-49e6-91af-0cdbe69345b3/build]   | [INFO] Downloaded from central: https://repo.maven.apache.org/maven2/org/apache/maven/reporting/maven-reporting-api/2.0.6/maven-reporting-api-2.0.6.jar (9.9 kB at 155 kB/s)
[835d2533-4758-49e6-91af-0cdbe69345b3/build]   | [INFO] Downloading from central: https://repo.maven.apache.org/maven2/org/apache/maven/maven-plugin-descriptor/2.0.6/maven-plugin-descriptor-2.0.6.jar
[835d2533-4758-49e6-91af-0cdbe69345b3/build]   | [INFO] Downloaded from central: https://repo.maven.apache.org/maven2/org/apache/maven/maven-repository-metadata/2.0.6/maven-repository-metadata-2.0.6.jar (24 kB at 345 kB/s)
[835d2533-4758-49e6-91af-0cdbe69345b3/build]   | [INFO] Downloading from central: https://repo.maven.apache.org/maven2/org/codehaus/plexus/plexus-interactivity-api/1.0-alpha-4/plexus-interactivity-api-1.0-alpha-4.jar
[835d2533-4758-49e6-91af-0cdbe69345b3/build]   | [INFO] Downloaded from central: https://repo.maven.apache.org/maven2/org/apache/maven/maven-error-diagnostics/2.0.6/maven-error-diagnostics-2.0.6.jar (14 kB at 160 kB/s)
[835d2533-4758-49e6-91af-0cdbe69345b3/build]   | [INFO] Downloading from central: https://repo.maven.apache.org/maven2/classworlds/classworlds/1.1/classworlds-1.1.jar
[835d2533-4758-49e6-91af-0cdbe69345b3/build]   | [INFO] Downloaded from central: https://repo.maven.apache.org/maven2/org/apache/maven/maven-plugin-descriptor/2.0.6/maven-plugin-descriptor-2.0.6.jar (37 kB at 414 kB/s)
[835d2533-4758-49e6-91af-0cdbe69345b3/build]   | [INFO] Downloading from central: https://repo.maven.apache.org/maven2/org/apache/maven/maven-artifact/2.0.6/maven-artifact-2.0.6.jar
[835d2533-4758-49e6-91af-0cdbe69345b3/build]   | [INFO] Downloaded from central: https://repo.maven.apache.org/maven2/commons-cli/commons-cli/1.0/commons-cli-1.0.jar (30 kB at 335 kB/s)
[835d2533-4758-49e6-91af-0cdbe69345b3/build]   | [INFO] Downloading from central: https://repo.maven.apache.org/maven2/org/apache/maven/maven-settings/2.0.6/maven-settings-2.0.6.jar
[835d2533-4758-49e6-91af-0cdbe69345b3/build]   | [INFO] Downloaded from central: https://repo.maven.apache.org/maven2/org/codehaus/plexus/plexus-interactivity-api/1.0-alpha-4/plexus-interactivity-api-1.0-alpha-4.jar (13 kB at 147 kB/s)
[835d2533-4758-49e6-91af-0cdbe69345b3/build]   | [INFO] Downloading from central: https://repo.maven.apache.org/maven2/org/apache/maven/maven-model/2.0.6/maven-model-2.0.6.jar
[835d2533-4758-49e6-91af-0cdbe69345b3/build]   | [INFO] Downloaded from central: https://repo.maven.apache.org/maven2/classworlds/classworlds/1.1/classworlds-1.1.jar (38 kB at 321 kB/s)
[835d2533-4758-49e6-91af-0cdbe69345b3/build]   | [INFO] Downloading from central: https://repo.maven.apache.org/maven2/org/apache/maven/maven-monitor/2.0.6/maven-monitor-2.0.6.jar
[835d2533-4758-49e6-91af-0cdbe69345b3/build]   | [INFO] Downloaded from central: https://repo.maven.apache.org/maven2/org/apache/maven/maven-settings/2.0.6/maven-settings-2.0.6.jar (49 kB at 396 kB/s)
[835d2533-4758-49e6-91af-0cdbe69345b3/build]   | [INFO] Downloading from central: https://repo.maven.apache.org/maven2/org/codehaus/plexus/plexus-container-default/1.0-alpha-9-stable-1/plexus-container-default-1.0-alpha-9-stable-1.jar
[835d2533-4758-49e6-91af-0cdbe69345b3/build]   | [INFO] Downloaded from central: https://repo.maven.apache.org/maven2/org/apache/maven/maven-artifact/2.0.6/maven-artifact-2.0.6.jar (87 kB at 693 kB/s)
[835d2533-4758-49e6-91af-0cdbe69345b3/build]   | [INFO] Downloading from central: https://repo.maven.apache.org/maven2/junit/junit/3.8.1/junit-3.8.1.jar
[835d2533-4758-49e6-91af-0cdbe69345b3/build]   | [INFO] Downloaded from central: https://repo.maven.apache.org/maven2/org/apache/maven/maven-model/2.0.6/maven-model-2.0.6.jar (86 kB at 686 kB/s)
[835d2533-4758-49e6-91af-0cdbe69345b3/build]   | [INFO] Downloading from central: https://repo.maven.apache.org/maven2/org/codehaus/plexus/plexus-utils/2.0.5/plexus-utils-2.0.5.jar
[835d2533-4758-49e6-91af-0cdbe69345b3/build]   | [INFO] Downloaded from central: https://repo.maven.apache.org/maven2/org/apache/maven/maven-monitor/2.0.6/maven-monitor-2.0.6.jar (10 kB at 66 kB/s)
[835d2533-4758-49e6-91af-0cdbe69345b3/build]   | [INFO] Downloading from central: https://repo.maven.apache.org/maven2/org/apache/maven/shared/maven-filtering/1.1/maven-filtering-1.1.jar
[835d2533-4758-49e6-91af-0cdbe69345b3/build]   | [INFO] Downloaded from central: https://repo.maven.apache.org/maven2/junit/junit/3.8.1/junit-3.8.1.jar (121 kB at 692 kB/s)
[835d2533-4758-49e6-91af-0cdbe69345b3/build]   | [INFO] Downloading from central: https://repo.maven.apache.org/maven2/org/sonatype/plexus/plexus-build-api/0.0.4/plexus-build-api-0.0.4.jar
[835d2533-4758-49e6-91af-0cdbe69345b3/build]   | [INFO] Downloaded from central: https://repo.maven.apache.org/maven2/org/apache/maven/shared/maven-filtering/1.1/maven-filtering-1.1.jar (43 kB at 231 kB/s)
[835d2533-4758-49e6-91af-0cdbe69345b3/build]   | [INFO] Downloading from central: https://repo.maven.apache.org/maven2/org/codehaus/plexus/plexus-interpolation/1.13/plexus-interpolation-1.13.jar
[835d2533-4758-49e6-91af-0cdbe69345b3/build]   | [INFO] Downloaded from central: https://repo.maven.apache.org/maven2/org/apache/maven/maven-core/2.0.6/maven-core-2.0.6.jar (152 kB at 778 kB/s)
[835d2533-4758-49e6-91af-0cdbe69345b3/build]   | [INFO] Downloaded from central: https://repo.maven.apache.org/maven2/org/sonatype/plexus/plexus-build-api/0.0.4/plexus-build-api-0.0.4.jar (6.8 kB at 35 kB/s)
[835d2533-4758-49e6-91af-0cdbe69345b3/build]   | [INFO] Downloaded from central: https://repo.maven.apache.org/maven2/org/codehaus/plexus/plexus-utils/2.0.5/plexus-utils-2.0.5.jar (223 kB at 1.1 MB/s)
[835d2533-4758-49e6-91af-0cdbe69345b3/build]   | [INFO] Downloaded from central: https://repo.maven.apache.org/maven2/org/codehaus/plexus/plexus-container-default/1.0-alpha-9-stable-1/plexus-container-default-1.0-alpha-9-stable-1.jar (194 kB at 966 kB/s)
[835d2533-4758-49e6-91af-0cdbe69345b3/build]   | [INFO] Downloaded from central: https://repo.maven.apache.org/maven2/org/codehaus/plexus/plexus-interpolation/1.13/plexus-interpolation-1.13.jar (61 kB at 279 kB/s)
[835d2533-4758-49e6-91af-0cdbe69345b3/build]   | [INFO] Using 'UTF-8' encoding to copy filtered resources.
[835d2533-4758-49e6-91af-0cdbe69345b3/build]   | [INFO] skip non existing resourceDirectory /tmp/9a02aa7e-01a1-43a6-83f0-da3ea250e82d/src/main/resources
[835d2533-4758-49e6-91af-0cdbe69345b3/build]   | [INFO] 
[835d2533-4758-49e6-91af-0cdbe69345b3/build]   | [INFO] --- maven-compiler-plugin:3.10.1:compile (default-compile) @ Java ---
[835d2533-4758-49e6-91af-0cdbe69345b3/build]   | [INFO] Downloading from central: https://repo.maven.apache.org/maven2/org/apache/maven/shared/maven-shared-utils/3.3.4/maven-shared-utils-3.3.4.pom
[835d2533-4758-49e6-91af-0cdbe69345b3/build]   | [INFO] Downloaded from central: https://repo.maven.apache.org/maven2/org/apache/maven/shared/maven-shared-utils/3.3.4/maven-shared-utils-3.3.4.pom (5.8 kB at 254 kB/s)
[835d2533-4758-49e6-91af-0cdbe69345b3/build]   | [INFO] Downloading from central: https://repo.maven.apache.org/maven2/org/apache/maven/shared/maven-shared-components/34/maven-shared-components-34.pom
[835d2533-4758-49e6-91af-0cdbe69345b3/build]   | [INFO] Downloaded from central: https://repo.maven.apache.org/maven2/org/apache/maven/shared/maven-shared-components/34/maven-shared-components-34.pom (5.1 kB at 232 kB/s)
[835d2533-4758-49e6-91af-0cdbe69345b3/build]   | [INFO] Downloading from central: https://repo.maven.apache.org/maven2/commons-io/commons-io/2.6/commons-io-2.6.pom
[835d2533-4758-49e6-91af-0cdbe69345b3/build]   | [INFO] Downloaded from central: https://repo.maven.apache.org/maven2/commons-io/commons-io/2.6/commons-io-2.6.pom (14 kB at 570 kB/s)
[835d2533-4758-49e6-91af-0cdbe69345b3/build]   | [INFO] Downloading from central: https://repo.maven.apache.org/maven2/org/apache/commons/commons-parent/42/commons-parent-42.pom
[835d2533-4758-49e6-91af-0cdbe69345b3/build]   | [INFO] Downloaded from central: https://repo.maven.apache.org/maven2/org/apache/commons/commons-parent/42/commons-parent-42.pom (68 kB at 1.8 MB/s)
[835d2533-4758-49e6-91af-0cdbe69345b3/build]   | [INFO] Downloading from central: https://repo.maven.apache.org/maven2/org/apache/apache/18/apache-18.pom
[835d2533-4758-49e6-91af-0cdbe69345b3/build]   | [INFO] Downloaded from central: https://repo.maven.apache.org/maven2/org/apache/apache/18/apache-18.pom (16 kB at 627 kB/s)
[835d2533-4758-49e6-91af-0cdbe69345b3/build]   | [INFO] Downloading from central: https://repo.maven.apache.org/maven2/org/apache/maven/shared/maven-shared-incremental/1.1/maven-shared-incremental-1.1.pom
[835d2533-4758-49e6-91af-0cdbe69345b3/build]   | [INFO] Downloaded from central: https://repo.maven.apache.org/maven2/org/apache/maven/shared/maven-shared-incremental/1.1/maven-shared-incremental-1.1.pom (4.7 kB at 216 kB/s)
[835d2533-4758-49e6-91af-0cdbe69345b3/build]   | [INFO] Downloading from central: https://repo.maven.apache.org/maven2/org/apache/maven/shared/maven-shared-components/19/maven-shared-components-19.pom
[835d2533-4758-49e6-91af-0cdbe69345b3/build]   | [INFO] Downloaded from central: https://repo.maven.apache.org/maven2/org/apache/maven/shared/maven-shared-components/19/maven-shared-components-19.pom (6.4 kB at 289 kB/s)
[835d2533-4758-49e6-91af-0cdbe69345b3/build]   | [INFO] Downloading from central: https://repo.maven.apache.org/maven2/org/apache/maven/maven-parent/23/maven-parent-23.pom
[835d2533-4758-49e6-91af-0cdbe69345b3/build]   | [INFO] Downloaded from central: https://repo.maven.apache.org/maven2/org/apache/maven/maven-parent/23/maven-parent-23.pom (33 kB at 1.2 MB/s)
[835d2533-4758-49e6-91af-0cdbe69345b3/build]   | [INFO] Downloading from central: https://repo.maven.apache.org/maven2/org/apache/apache/13/apache-13.pom
[835d2533-4758-49e6-91af-0cdbe69345b3/build]   | [INFO] Downloaded from central: https://repo.maven.apache.org/maven2/org/apache/apache/13/apache-13.pom (14 kB at 518 kB/s)
[835d2533-4758-49e6-91af-0cdbe69345b3/build]   | [INFO] Downloading from central: https://repo.maven.apache.org/maven2/org/codehaus/plexus/plexus-component-annotations/2.0.0/plexus-component-annotations-2.0.0.pom
[835d2533-4758-49e6-91af-0cdbe69345b3/build]   | [INFO] Downloaded from central: https://repo.maven.apache.org/maven2/org/codehaus/plexus/plexus-component-annotations/2.0.0/plexus-component-annotations-2.0.0.pom (750 B at 28 kB/s)
[835d2533-4758-49e6-91af-0cdbe69345b3/build]   | [INFO] Downloading from central: https://repo.maven.apache.org/maven2/org/codehaus/plexus/plexus-containers/2.0.0/plexus-containers-2.0.0.pom
[835d2533-4758-49e6-91af-0cdbe69345b3/build]   | [INFO] Downloaded from central: https://repo.maven.apache.org/maven2/org/codehaus/plexus/plexus-containers/2.0.0/plexus-containers-2.0.0.pom (4.8 kB at 209 kB/s)
[835d2533-4758-49e6-91af-0cdbe69345b3/build]   | [INFO] Downloading from central: https://repo.maven.apache.org/maven2/org/codehaus/plexus/plexus/5.1/plexus-5.1.pom
[835d2533-4758-49e6-91af-0cdbe69345b3/build]   | [INFO] Downloaded from central: https://repo.maven.apache.org/maven2/org/codehaus/plexus/plexus/5.1/plexus-5.1.pom (23 kB at 833 kB/s)
[835d2533-4758-49e6-91af-0cdbe69345b3/build]   | [INFO] Downloading from central: https://repo.maven.apache.org/maven2/org/codehaus/plexus/plexus-java/1.1.1/plexus-java-1.1.1.pom
[835d2533-4758-49e6-91af-0cdbe69345b3/build]   | [INFO] Downloaded from central: https://repo.maven.apache.org/maven2/org/codehaus/plexus/plexus-java/1.1.1/plexus-java-1.1.1.pom (5.0 kB at 207 kB/s)
[835d2533-4758-49e6-91af-0cdbe69345b3/build]   | [INFO] Downloading from central: https://repo.maven.apache.org/maven2/org/codehaus/plexus/plexus-languages/1.1.1/plexus-languages-1.1.1.pom
[835d2533-4758-49e6-91af-0cdbe69345b3/build]   | [INFO] Downloaded from central: https://repo.maven.apache.org/maven2/org/codehaus/plexus/plexus-languages/1.1.1/plexus-languages-1.1.1.pom (4.6 kB at 171 kB/s)
[835d2533-4758-49e6-91af-0cdbe69345b3/build]   | [INFO] Downloading from central: https://repo.maven.apache.org/maven2/org/codehaus/plexus/plexus/8/plexus-8.pom
[835d2533-4758-49e6-91af-0cdbe69345b3/build]   | [INFO] Downloaded from central: https://repo.maven.apache.org/maven2/org/codehaus/plexus/plexus/8/plexus-8.pom (25 kB at 942 kB/s)
[835d2533-4758-49e6-91af-0cdbe69345b3/build]   | [INFO] Downloading from central: https://repo.maven.apache.org/maven2/org/ow2/asm/asm/9.2/asm-9.2.pom
[835d2533-4758-49e6-91af-0cdbe69345b3/build]   | [INFO] Downloaded from central: https://repo.maven.apache.org/maven2/org/ow2/asm/asm/9.2/asm-9.2.pom (2.4 kB at 91 kB/s)
[835d2533-4758-49e6-91af-0cdbe69345b3/build]   | [INFO] Downloading from central: https://repo.maven.apache.org/maven2/org/ow2/ow2/1.5/ow2-1.5.pom
[835d2533-4758-49e6-91af-0cdbe69345b3/build]   | [INFO] Downloaded from central: https://repo.maven.apache.org/maven2/org/ow2/ow2/1.5/ow2-1.5.pom (11 kB at 488 kB/s)
[835d2533-4758-49e6-91af-0cdbe69345b3/build]   | [INFO] Downloading from central: https://repo.maven.apache.org/maven2/com/thoughtworks/qdox/qdox/2.0.1/qdox-2.0.1.pom
[835d2533-4758-49e6-91af-0cdbe69345b3/build]   | [INFO] Downloaded from central: https://repo.maven.apache.org/maven2/com/thoughtworks/qdox/qdox/2.0.1/qdox-2.0.1.pom (16 kB at 616 kB/s)
[835d2533-4758-49e6-91af-0cdbe69345b3/build]   | [INFO] Downloading from central: https://repo.maven.apache.org/maven2/org/sonatype/oss/oss-parent/9/oss-parent-9.pom
[835d2533-4758-49e6-91af-0cdbe69345b3/build]   | [INFO] Downloaded from central: https://repo.maven.apache.org/maven2/org/sonatype/oss/oss-parent/9/oss-parent-9.pom (6.6 kB at 227 kB/s)
[835d2533-4758-49e6-91af-0cdbe69345b3/build]   | [INFO] Downloading from central: https://repo.maven.apache.org/maven2/org/codehaus/plexus/plexus-compiler-api/2.11.1/plexus-compiler-api-2.11.1.pom
[835d2533-4758-49e6-91af-0cdbe69345b3/build]   | [INFO] Downloaded from central: https://repo.maven.apache.org/maven2/org/codehaus/plexus/plexus-compiler-api/2.11.1/plexus-compiler-api-2.11.1.pom (1.1 kB at 48 kB/s)
[835d2533-4758-49e6-91af-0cdbe69345b3/build]   | [INFO] Downloading from central: https://repo.maven.apache.org/maven2/org/codehaus/plexus/plexus-compiler/2.11.1/plexus-compiler-2.11.1.pom
[835d2533-4758-49e6-91af-0cdbe69345b3/build]   | [INFO] Downloaded from central: https://repo.maven.apache.org/maven2/org/codehaus/plexus/plexus-compiler/2.11.1/plexus-compiler-2.11.1.pom (8.1 kB at 353 kB/s)
[835d2533-4758-49e6-91af-0cdbe69345b3/build]   | [INFO] Downloading from central: https://repo.maven.apache.org/maven2/org/codehaus/plexus/plexus-components/6.6/plexus-components-6.6.pom
[835d2533-4758-49e6-91af-0cdbe69345b3/build]   | [INFO] Downloaded from central: https://repo.maven.apache.org/maven2/org/codehaus/plexus/plexus-components/6.6/plexus-components-6.6.pom (2.7 kB at 127 kB/s)
[835d2533-4758-49e6-91af-0cdbe69345b3/build]   | [INFO] Downloading from central: https://repo.maven.apache.org/maven2/org/codehaus/plexus/plexus-utils/3.4.1/plexus-utils-3.4.1.pom
[835d2533-4758-49e6-91af-0cdbe69345b3/build]   | [INFO] Downloaded from central: https://repo.maven.apache.org/maven2/org/codehaus/plexus/plexus-utils/3.4.1/plexus-utils-3.4.1.pom (8.0 kB at 265 kB/s)
[835d2533-4758-49e6-91af-0cdbe69345b3/build]   | [INFO] Downloading from central: https://repo.maven.apache.org/maven2/org/codehaus/plexus/plexus-compiler-manager/2.11.1/plexus-compiler-manager-2.11.1.pom
[835d2533-4758-49e6-91af-0cdbe69345b3/build]   | [INFO] Downloaded from central: https://repo.maven.apache.org/maven2/org/codehaus/plexus/plexus-compiler-manager/2.11.1/plexus-compiler-manager-2.11.1.pom (1.1 kB at 49 kB/s)
[835d2533-4758-49e6-91af-0cdbe69345b3/build]   | [INFO] Downloading from central: https://repo.maven.apache.org/maven2/org/codehaus/plexus/plexus-compiler-javac/2.11.1/plexus-compiler-javac-2.11.1.pom
[835d2533-4758-49e6-91af-0cdbe69345b3/build]   | [INFO] Downloaded from central: https://repo.maven.apache.org/maven2/org/codehaus/plexus/plexus-compiler-javac/2.11.1/plexus-compiler-javac-2.11.1.pom (1.2 kB at 57 kB/s)
[835d2533-4758-49e6-91af-0cdbe69345b3/build]   | [INFO] Downloading from central: https://repo.maven.apache.org/maven2/org/codehaus/plexus/plexus-compilers/2.11.1/plexus-compilers-2.11.1.pom
[835d2533-4758-49e6-91af-0cdbe69345b3/build]   | [INFO] Downloaded from central: https://repo.maven.apache.org/maven2/org/codehaus/plexus/plexus-compilers/2.11.1/plexus-compilers-2.11.1.pom (1.3 kB at 60 kB/s)
[835d2533-4758-49e6-91af-0cdbe69345b3/build]   | [INFO] Downloading from central: https://repo.maven.apache.org/maven2/org/apache/maven/shared/maven-shared-utils/3.3.4/maven-shared-utils-3.3.4.jar
[835d2533-4758-49e6-91af-0cdbe69345b3/build]   | [INFO] Downloading from central: https://repo.maven.apache.org/maven2/commons-io/commons-io/2.6/commons-io-2.6.jar
[835d2533-4758-49e6-91af-0cdbe69345b3/build]   | [INFO] Downloading from central: https://repo.maven.apache.org/maven2/org/apache/maven/shared/maven-shared-incremental/1.1/maven-shared-incremental-1.1.jar
[835d2533-4758-49e6-91af-0cdbe69345b3/build]   | [INFO] Downloading from central: https://repo.maven.apache.org/maven2/org/codehaus/plexus/plexus-component-annotations/2.0.0/plexus-component-annotations-2.0.0.jar
[835d2533-4758-49e6-91af-0cdbe69345b3/build]   | [INFO] Downloading from central: https://repo.maven.apache.org/maven2/org/codehaus/plexus/plexus-java/1.1.1/plexus-java-1.1.1.jar
[835d2533-4758-49e6-91af-0cdbe69345b3/build]   | [INFO] Downloaded from central: https://repo.maven.apache.org/maven2/org/codehaus/plexus/plexus-component-annotations/2.0.0/plexus-component-annotations-2.0.0.jar (4.2 kB at 169 kB/s)
[835d2533-4758-49e6-91af-0cdbe69345b3/build]   | [INFO] Downloading from central: https://repo.maven.apache.org/maven2/org/ow2/asm/asm/9.2/asm-9.2.jar
[835d2533-4758-49e6-91af-0cdbe69345b3/build]   | [INFO] Downloaded from central: https://repo.maven.apache.org/maven2/org/apache/maven/shared/maven-shared-incremental/1.1/maven-shared-incremental-1.1.jar (14 kB at 451 kB/s)
[835d2533-4758-49e6-91af-0cdbe69345b3/build]   | [INFO] Downloading from central: https://repo.maven.apache.org/maven2/com/thoughtworks/qdox/qdox/2.0.1/qdox-2.0.1.jar
[835d2533-4758-49e6-91af-0cdbe69345b3/build]   | [INFO] Downloaded from central: https://repo.maven.apache.org/maven2/org/codehaus/plexus/plexus-java/1.1.1/plexus-java-1.1.1.jar (54 kB at 1.0 MB/s)
[835d2533-4758-49e6-91af-0cdbe69345b3/build]   | [INFO] Downloading from central: https://repo.maven.apache.org/maven2/org/codehaus/plexus/plexus-compiler-api/2.11.1/plexus-compiler-api-2.11.1.jar
[835d2533-4758-49e6-91af-0cdbe69345b3/build]   | [INFO] Downloaded from central: https://repo.maven.apache.org/maven2/org/apache/maven/shared/maven-shared-utils/3.3.4/maven-shared-utils-3.3.4.jar (153 kB at 2.2 MB/s)
[835d2533-4758-49e6-91af-0cdbe69345b3/build]   | [INFO] Downloading from central: https://repo.maven.apache.org/maven2/org/codehaus/plexus/plexus-utils/3.4.1/plexus-utils-3.4.1.jar
[835d2533-4758-49e6-91af-0cdbe69345b3/build]   | [INFO] Downloaded from central: https://repo.maven.apache.org/maven2/commons-io/commons-io/2.6/commons-io-2.6.jar (215 kB at 3.0 MB/s)
[835d2533-4758-49e6-91af-0cdbe69345b3/build]   | [INFO] Downloaded from central: https://repo.maven.apache.org/maven2/org/ow2/asm/asm/9.2/asm-9.2.jar (122 kB at 1.7 MB/s)
[835d2533-4758-49e6-91af-0cdbe69345b3/build]   | [INFO] Downloading from central: https://repo.maven.apache.org/maven2/org/codehaus/plexus/plexus-compiler-manager/2.11.1/plexus-compiler-manager-2.11.1.jar
[835d2533-4758-49e6-91af-0cdbe69345b3/build]   | [INFO] Downloading from central: https://repo.maven.apache.org/maven2/org/codehaus/plexus/plexus-compiler-javac/2.11.1/plexus-compiler-javac-2.11.1.jar
[835d2533-4758-49e6-91af-0cdbe69345b3/build]   | [INFO] Downloaded from central: https://repo.maven.apache.org/maven2/org/codehaus/plexus/plexus-compiler-api/2.11.1/plexus-compiler-api-2.11.1.jar (27 kB at 306 kB/s)
[835d2533-4758-49e6-91af-0cdbe69345b3/build]   | [INFO] Downloaded from central: https://repo.maven.apache.org/maven2/org/codehaus/plexus/plexus-compiler-manager/2.11.1/plexus-compiler-manager-2.11.1.jar (4.7 kB at 47 kB/s)
[835d2533-4758-49e6-91af-0cdbe69345b3/build]   | [INFO] Downloaded from central: https://repo.maven.apache.org/maven2/org/codehaus/plexus/plexus-compiler-javac/2.11.1/plexus-compiler-javac-2.11.1.jar (23 kB at 222 kB/s)
[835d2533-4758-49e6-91af-0cdbe69345b3/build]   | [INFO] Downloaded from central: https://repo.maven.apache.org/maven2/org/codehaus/plexus/plexus-utils/3.4.1/plexus-utils-3.4.1.jar (264 kB at 1.8 MB/s)
[835d2533-4758-49e6-91af-0cdbe69345b3/build]   | [INFO] Downloaded from central: https://repo.maven.apache.org/maven2/com/thoughtworks/qdox/qdox/2.0.1/qdox-2.0.1.jar (334 kB at 2.2 MB/s)
[835d2533-4758-49e6-91af-0cdbe69345b3/build]   | [INFO] Changes detected - recompiling the module!
[835d2533-4758-49e6-91af-0cdbe69345b3/build]   | [INFO] Compiling 468 source files to /tmp/9a02aa7e-01a1-43a6-83f0-da3ea250e82d/target/classes
[835d2533-4758-49e6-91af-0cdbe69345b3/build]   | [INFO] /tmp/9a02aa7e-01a1-43a6-83f0-da3ea250e82d/src/main/java/com/thealgorithms/strings/WordLadder.java: Some input files use unchecked or unsafe operations.
[835d2533-4758-49e6-91af-0cdbe69345b3/build]   | [INFO] /tmp/9a02aa7e-01a1-43a6-83f0-da3ea250e82d/src/main/java/com/thealgorithms/strings/WordLadder.java: Recompile with -Xlint:unchecked for details.
[835d2533-4758-49e6-91af-0cdbe69345b3/build]   | [INFO] 
[835d2533-4758-49e6-91af-0cdbe69345b3/build]   | [INFO] --- maven-resources-plugin:2.6:testResources (default-testResources) @ Java ---
[835d2533-4758-49e6-91af-0cdbe69345b3/build]   | [INFO] Using 'UTF-8' encoding to copy filtered resources.
[835d2533-4758-49e6-91af-0cdbe69345b3/build]   | [INFO] skip non existing resourceDirectory /tmp/9a02aa7e-01a1-43a6-83f0-da3ea250e82d/src/test/resources
[835d2533-4758-49e6-91af-0cdbe69345b3/build]   | [INFO] 
[835d2533-4758-49e6-91af-0cdbe69345b3/build]   | [INFO] --- maven-compiler-plugin:3.10.1:testCompile (default-testCompile) @ Java ---
[835d2533-4758-49e6-91af-0cdbe69345b3/build]   | [INFO] Changes detected - recompiling the module!
[835d2533-4758-49e6-91af-0cdbe69345b3/build]   | [INFO] Compiling 219 source files to /tmp/9a02aa7e-01a1-43a6-83f0-da3ea250e82d/target/test-classes
[835d2533-4758-49e6-91af-0cdbe69345b3/build]   | [INFO] 
[835d2533-4758-49e6-91af-0cdbe69345b3/build]   | [INFO] --- maven-surefire-plugin:2.22.2:test (default-test) @ Java ---
[835d2533-4758-49e6-91af-0cdbe69345b3/build]   | [INFO] Downloading from central: https://repo.maven.apache.org/maven2/org/apache/maven/surefire/maven-surefire-common/2.22.2/maven-surefire-common-2.22.2.pom
[835d2533-4758-49e6-91af-0cdbe69345b3/build]   | [INFO] Downloaded from central: https://repo.maven.apache.org/maven2/org/apache/maven/surefire/maven-surefire-common/2.22.2/maven-surefire-common-2.22.2.pom (11 kB at 255 kB/s)
[835d2533-4758-49e6-91af-0cdbe69345b3/build]   | [INFO] Downloading from central: https://repo.maven.apache.org/maven2/org/apache/maven/maven-plugin-api/2.2.1/maven-plugin-api-2.2.1.pom
[835d2533-4758-49e6-91af-0cdbe69345b3/build]   | [INFO] Downloaded from central: https://repo.maven.apache.org/maven2/org/apache/maven/maven-plugin-api/2.2.1/maven-plugin-api-2.2.1.pom (1.5 kB at 26 kB/s)
[835d2533-4758-49e6-91af-0cdbe69345b3/build]   | [INFO] Downloading from central: https://repo.maven.apache.org/maven2/org/apache/maven/maven/2.2.1/maven-2.2.1.pom
[835d2533-4758-49e6-91af-0cdbe69345b3/build]   | [INFO] Downloaded from central: https://repo.maven.apache.org/maven2/org/apache/maven/maven/2.2.1/maven-2.2.1.pom (22 kB at 316 kB/s)
[835d2533-4758-49e6-91af-0cdbe69345b3/build]   | [INFO] Downloading from central: https://repo.maven.apache.org/maven2/org/apache/maven/maven-parent/11/maven-parent-11.pom
[835d2533-4758-49e6-91af-0cdbe69345b3/build]   | [INFO] Downloaded from central: https://repo.maven.apache.org/maven2/org/apache/maven/maven-parent/11/maven-parent-11.pom (32 kB at 400 kB/s)
[835d2533-4758-49e6-91af-0cdbe69345b3/build]   | [INFO] Downloading from central: https://repo.maven.apache.org/maven2/org/apache/apache/5/apache-5.pom
[835d2533-4758-49e6-91af-0cdbe69345b3/build]   | [INFO] Downloaded from central: https://repo.maven.apache.org/maven2/org/apache/apache/5/apache-5.pom (4.1 kB at 60 kB/s)
[835d2533-4758-49e6-91af-0cdbe69345b3/build]   | [INFO] Downloading from central: https://repo.maven.apache.org/maven2/org/apache/maven/plugin-tools/maven-plugin-annotations/3.5.2/maven-plugin-annotations-3.5.2.pom
[835d2533-4758-49e6-91af-0cdbe69345b3/build]   | [INFO] Downloaded from central: https://repo.maven.apache.org/maven2/org/apache/maven/plugin-tools/maven-plugin-annotations/3.5.2/maven-plugin-annotations-3.5.2.pom (1.6 kB at 24 kB/s)
[835d2533-4758-49e6-91af-0cdbe69345b3/build]   | [INFO] Downloading from central: https://repo.maven.apache.org/maven2/org/apache/maven/plugin-tools/maven-plugin-tools/3.5.2/maven-plugin-tools-3.5.2.pom
[835d2533-4758-49e6-91af-0cdbe69345b3/build]   | [INFO] Downloaded from central: https://repo.maven.apache.org/maven2/org/apache/maven/plugin-tools/maven-plugin-tools/3.5.2/maven-plugin-tools-3.5.2.pom (15 kB at 314 kB/s)
[835d2533-4758-49e6-91af-0cdbe69345b3/build]   | [INFO] Downloading from central: https://repo.maven.apache.org/maven2/org/apache/maven/maven-parent/31/maven-parent-31.pom
[835d2533-4758-49e6-91af-0cdbe69345b3/build]   | [INFO] Downloaded from central: https://repo.maven.apache.org/maven2/org/apache/maven/maven-parent/31/maven-parent-31.pom (43 kB at 775 kB/s)
[835d2533-4758-49e6-91af-0cdbe69345b3/build]   | [INFO] Downloading from central: https://repo.maven.apache.org/maven2/org/apache/apache/19/apache-19.pom
[835d2533-4758-49e6-91af-0cdbe69345b3/build]   | [INFO] Downloaded from central: https://repo.maven.apache.org/maven2/org/apache/apache/19/apache-19.pom (15 kB at 387 kB/s)
[835d2533-4758-49e6-91af-0cdbe69345b3/build]   | [INFO] Downloading from central: https://repo.maven.apache.org/maven2/org/apache/maven/maven-artifact/2.2.1/maven-artifact-2.2.1.pom
[835d2533-4758-49e6-91af-0cdbe69345b3/build]   | [INFO] Downloaded from central: https://repo.maven.apache.org/maven2/org/apache/maven/maven-artifact/2.2.1/maven-artifact-2.2.1.pom (1.6 kB at 42 kB/s)
[835d2533-4758-49e6-91af-0cdbe69345b3/build]   | [INFO] Downloading from central: https://repo.maven.apache.org/maven2/org/apache/maven/surefire/surefire-api/2.22.2/surefire-api-2.22.2.pom
[835d2533-4758-49e6-91af-0cdbe69345b3/build]   | [INFO] Downloaded from central: https://repo.maven.apache.org/maven2/org/apache/maven/surefire/surefire-api/2.22.2/surefire-api-2.22.2.pom (3.5 kB at 84 kB/s)
[835d2533-4758-49e6-91af-0cdbe69345b3/build]   | [INFO] Downloading from central: https://repo.maven.apache.org/maven2/org/apache/maven/surefire/surefire-logger-api/2.22.2/surefire-logger-api-2.22.2.pom
[835d2533-4758-49e6-91af-0cdbe69345b3/build]   | [INFO] Downloaded from central: https://repo.maven.apache.org/maven2/org/apache/maven/surefire/surefire-logger-api/2.22.2/surefire-logger-api-2.22.2.pom (2.0 kB at 46 kB/s)
[835d2533-4758-49e6-91af-0cdbe69345b3/build]   | [INFO] Downloading from central: https://repo.maven.apache.org/maven2/org/apache/maven/surefire/surefire-booter/2.22.2/surefire-booter-2.22.2.pom
[835d2533-4758-49e6-91af-0cdbe69345b3/build]   | [INFO] Downloaded from central: https://repo.maven.apache.org/maven2/org/apache/maven/surefire/surefire-booter/2.22.2/surefire-booter-2.22.2.pom (7.5 kB at 196 kB/s)
[835d2533-4758-49e6-91af-0cdbe69345b3/build]   | [INFO] Downloading from central: https://repo.maven.apache.org/maven2/org/apache/maven/maven-plugin-descriptor/2.2.1/maven-plugin-descriptor-2.2.1.pom
[835d2533-4758-49e6-91af-0cdbe69345b3/build]   | [INFO] Downloaded from central: https://repo.maven.apache.org/maven2/org/apache/maven/maven-plugin-descriptor/2.2.1/maven-plugin-descriptor-2.2.1.pom (2.1 kB at 61 kB/s)
[835d2533-4758-49e6-91af-0cdbe69345b3/build]   | [INFO] Downloading from central: https://repo.maven.apache.org/maven2/junit/junit/4.12/junit-4.12.pom
[835d2533-4758-49e6-91af-0cdbe69345b3/build]   | [INFO] Downloaded from central: https://repo.maven.apache.org/maven2/junit/junit/4.12/junit-4.12.pom (24 kB at 564 kB/s)
[835d2533-4758-49e6-91af-0cdbe69345b3/build]   | [INFO] Downloading from central: https://repo.maven.apache.org/maven2/org/hamcrest/hamcrest-core/1.3/hamcrest-core-1.3.pom
[835d2533-4758-49e6-91af-0cdbe69345b3/build]   | [INFO] Downloaded from central: https://repo.maven.apache.org/maven2/org/hamcrest/hamcrest-core/1.3/hamcrest-core-1.3.pom (766 B at 15 kB/s)
[835d2533-4758-49e6-91af-0cdbe69345b3/build]   | [INFO] Downloading from central: https://repo.maven.apache.org/maven2/org/hamcrest/hamcrest-parent/1.3/hamcrest-parent-1.3.pom
[835d2533-4758-49e6-91af-0cdbe69345b3/build]   | [INFO] Downloaded from central: https://repo.maven.apache.org/maven2/org/hamcrest/hamcrest-parent/1.3/hamcrest-parent-1.3.pom (2.0 kB at 44 kB/s)
[835d2533-4758-49e6-91af-0cdbe69345b3/build]   | [INFO] Downloading from central: https://repo.maven.apache.org/maven2/org/apache/maven/maven-project/2.2.1/maven-project-2.2.1.pom
[835d2533-4758-49e6-91af-0cdbe69345b3/build]   | [INFO] Downloaded from central: https://repo.maven.apache.org/maven2/org/apache/maven/maven-project/2.2.1/maven-project-2.2.1.pom (2.8 kB at 58 kB/s)
[835d2533-4758-49e6-91af-0cdbe69345b3/build]   | [INFO] Downloading from central: https://repo.maven.apache.org/maven2/org/apache/maven/maven-settings/2.2.1/maven-settings-2.2.1.pom
[835d2533-4758-49e6-91af-0cdbe69345b3/build]   | [INFO] Downloaded from central: https://repo.maven.apache.org/maven2/org/apache/maven/maven-settings/2.2.1/maven-settings-2.2.1.pom (2.2 kB at 52 kB/s)
[835d2533-4758-49e6-91af-0cdbe69345b3/build]   | [INFO] Downloading from central: https://repo.maven.apache.org/maven2/org/apache/maven/maven-model/2.2.1/maven-model-2.2.1.pom
[835d2533-4758-49e6-91af-0cdbe69345b3/build]   | [INFO] Downloaded from central: https://repo.maven.apache.org/maven2/org/apache/maven/maven-model/2.2.1/maven-model-2.2.1.pom (3.2 kB at 66 kB/s)
[835d2533-4758-49e6-91af-0cdbe69345b3/build]   | [INFO] Downloading from central: https://repo.maven.apache.org/maven2/org/codehaus/plexus/plexus-interpolation/1.11/plexus-interpolation-1.11.pom
[835d2533-4758-49e6-91af-0cdbe69345b3/build]   | [INFO] Downloaded from central: https://repo.maven.apache.org/maven2/org/codehaus/plexus/plexus-interpolation/1.11/plexus-interpolation-1.11.pom (889 B at 20 kB/s)
[835d2533-4758-49e6-91af-0cdbe69345b3/build]   | [INFO] Downloading from central: https://repo.maven.apache.org/maven2/org/apache/maven/maven-profile/2.2.1/maven-profile-2.2.1.pom
[835d2533-4758-49e6-91af-0cdbe69345b3/build]   | [INFO] Downloaded from central: https://repo.maven.apache.org/maven2/org/apache/maven/maven-profile/2.2.1/maven-profile-2.2.1.pom (2.2 kB at 59 kB/s)
[835d2533-4758-49e6-91af-0cdbe69345b3/build]   | [INFO] Downloading from central: https://repo.maven.apache.org/maven2/org/apache/maven/maven-artifact-manager/2.2.1/maven-artifact-manager-2.2.1.pom
[835d2533-4758-49e6-91af-0cdbe69345b3/build]   | [INFO] Downloaded from central: https://repo.maven.apache.org/maven2/org/apache/maven/maven-artifact-manager/2.2.1/maven-artifact-manager-2.2.1.pom (3.1 kB at 89 kB/s)
[835d2533-4758-49e6-91af-0cdbe69345b3/build]   | [INFO] Downloading from central: https://repo.maven.apache.org/maven2/org/apache/maven/maven-repository-metadata/2.2.1/maven-repository-metadata-2.2.1.pom
[835d2533-4758-49e6-91af-0cdbe69345b3/build]   | [INFO] Downloaded from central: https://repo.maven.apache.org/maven2/org/apache/maven/maven-repository-metadata/2.2.1/maven-repository-metadata-2.2.1.pom (1.9 kB at 55 kB/s)
[835d2533-4758-49e6-91af-0cdbe69345b3/build]   | [INFO] Downloading from central: https://repo.maven.apache.org/maven2/backport-util-concurrent/backport-util-concurrent/3.1/backport-util-concurrent-3.1.pom
[835d2533-4758-49e6-91af-0cdbe69345b3/build]   | [INFO] Downloaded from central: https://repo.maven.apache.org/maven2/backport-util-concurrent/backport-util-concurrent/3.1/backport-util-concurrent-3.1.pom (880 B at 20 kB/s)
[835d2533-4758-49e6-91af-0cdbe69345b3/build]   | [INFO] Downloading from central: https://repo.maven.apache.org/maven2/org/apache/maven/maven-plugin-registry/2.2.1/maven-plugin-registry-2.2.1.pom
[835d2533-4758-49e6-91af-0cdbe69345b3/build]   | [INFO] Downloaded from central: https://repo.maven.apache.org/maven2/org/apache/maven/maven-plugin-registry/2.2.1/maven-plugin-registry-2.2.1.pom (1.9 kB at 51 kB/s)
[835d2533-4758-49e6-91af-0cdbe69345b3/build]   | [INFO] Downloading from central: https://repo.maven.apache.org/maven2/org/apache/maven/maven-core/2.2.1/maven-core-2.2.1.pom
[835d2533-4758-49e6-91af-0cdbe69345b3/build]   | [INFO] Downloaded from central: https://repo.maven.apache.org/maven2/org/apache/maven/maven-core/2.2.1/maven-core-2.2.1.pom (12 kB at 259 kB/s)
[835d2533-4758-49e6-91af-0cdbe69345b3/build]   | [INFO] Downloading from central: https://repo.maven.apache.org/maven2/org/apache/maven/maven-plugin-parameter-documenter/2.2.1/maven-plugin-parameter-documenter-2.2.1.pom
[835d2533-4758-49e6-91af-0cdbe69345b3/build]   | [INFO] Downloaded from central: https://repo.maven.apache.org/maven2/org/apache/maven/maven-plugin-parameter-documenter/2.2.1/maven-plugin-parameter-documenter-2.2.1.pom (2.0 kB at 61 kB/s)
[835d2533-4758-49e6-91af-0cdbe69345b3/build]   | [INFO] Downloading from central: https://repo.maven.apache.org/maven2/org/slf4j/slf4j-jdk14/1.5.6/slf4j-jdk14-1.5.6.pom
[835d2533-4758-49e6-91af-0cdbe69345b3/build]   | [INFO] Downloaded from central: https://repo.maven.apache.org/maven2/org/slf4j/slf4j-jdk14/1.5.6/slf4j-jdk14-1.5.6.pom (1.9 kB at 40 kB/s)
[835d2533-4758-49e6-91af-0cdbe69345b3/build]   | [INFO] Downloading from central: https://repo.maven.apache.org/maven2/org/slf4j/slf4j-parent/1.5.6/slf4j-parent-1.5.6.pom
[835d2533-4758-49e6-91af-0cdbe69345b3/build]   | [INFO] Downloaded from central: https://repo.maven.apache.org/maven2/org/slf4j/slf4j-parent/1.5.6/slf4j-parent-1.5.6.pom (7.9 kB at 233 kB/s)
[835d2533-4758-49e6-91af-0cdbe69345b3/build]   | [INFO] Downloading from central: https://repo.maven.apache.org/maven2/org/slf4j/slf4j-api/1.5.6/slf4j-api-1.5.6.pom
[835d2533-4758-49e6-91af-0cdbe69345b3/build]   | [INFO] Downloaded from central: https://repo.maven.apache.org/maven2/org/slf4j/slf4j-api/1.5.6/slf4j-api-1.5.6.pom (3.0 kB at 88 kB/s)
[835d2533-4758-49e6-91af-0cdbe69345b3/build]   | [INFO] Downloading from central: https://repo.maven.apache.org/maven2/org/slf4j/jcl-over-slf4j/1.5.6/jcl-over-slf4j-1.5.6.pom
[835d2533-4758-49e6-91af-0cdbe69345b3/build]   | [INFO] Downloaded from central: https://repo.maven.apache.org/maven2/org/slf4j/jcl-over-slf4j/1.5.6/jcl-over-slf4j-1.5.6.pom (2.2 kB at 47 kB/s)
[835d2533-4758-49e6-91af-0cdbe69345b3/build]   | [INFO] Downloading from central: https://repo.maven.apache.org/maven2/org/apache/maven/reporting/maven-reporting-api/3.0/maven-reporting-api-3.0.pom
[835d2533-4758-49e6-91af-0cdbe69345b3/build]   | [INFO] Downloaded from central: https://repo.maven.apache.org/maven2/org/apache/maven/reporting/maven-reporting-api/3.0/maven-reporting-api-3.0.pom (2.4 kB at 74 kB/s)
[835d2533-4758-49e6-91af-0cdbe69345b3/build]   | [INFO] Downloading from central: https://repo.maven.apache.org/maven2/org/apache/maven/shared/maven-shared-components/15/maven-shared-components-15.pom
[835d2533-4758-49e6-91af-0cdbe69345b3/build]   | [INFO] Downloaded from central: https://repo.maven.apache.org/maven2/org/apache/maven/shared/maven-shared-components/15/maven-shared-components-15.pom (9.3 kB at 259 kB/s)
[835d2533-4758-49e6-91af-0cdbe69345b3/build]   | [INFO] Downloading from central: https://repo.maven.apache.org/maven2/org/apache/maven/maven-parent/16/maven-parent-16.pom
[835d2533-4758-49e6-91af-0cdbe69345b3/build]   | [INFO] Downloaded from central: https://repo.maven.apache.org/maven2/org/apache/maven/maven-parent/16/maven-parent-16.pom (23 kB at 582 kB/s)
[835d2533-4758-49e6-91af-0cdbe69345b3/build]   | [INFO] Downloading from central: https://repo.maven.apache.org/maven2/org/apache/apache/7/apache-7.pom
[835d2533-4758-49e6-91af-0cdbe69345b3/build]   | [INFO] Downloaded from central: https://repo.maven.apache.org/maven2/org/apache/apache/7/apache-7.pom (14 kB at 515 kB/s)
[835d2533-4758-49e6-91af-0cdbe69345b3/build]   | [INFO] Downloading from central: https://repo.maven.apache.org/maven2/org/apache/maven/maven-error-diagnostics/2.2.1/maven-error-diagnostics-2.2.1.pom
[835d2533-4758-49e6-91af-0cdbe69345b3/build]   | [INFO] Downloaded from central: https://repo.maven.apache.org/maven2/org/apache/maven/maven-error-diagnostics/2.2.1/maven-error-diagnostics-2.2.1.pom (1.7 kB at 50 kB/s)
[835d2533-4758-49e6-91af-0cdbe69345b3/build]   | [INFO] Downloading from central: https://repo.maven.apache.org/maven2/org/apache/maven/maven-monitor/2.2.1/maven-monitor-2.2.1.pom
[835d2533-4758-49e6-91af-0cdbe69345b3/build]   | [INFO] Downloaded from central: https://repo.maven.apache.org/maven2/org/apache/maven/maven-monitor/2.2.1/maven-monitor-2.2.1.pom (1.3 kB at 31 kB/s)
[835d2533-4758-49e6-91af-0cdbe69345b3/build]   | [INFO] Downloading from central: https://repo.maven.apache.org/maven2/org/sonatype/plexus/plexus-sec-dispatcher/1.3/plexus-sec-dispatcher-1.3.pom
[835d2533-4758-49e6-91af-0cdbe69345b3/build]   | [INFO] Downloaded from central: https://repo.maven.apache.org/maven2/org/sonatype/plexus/plexus-sec-dispatcher/1.3/plexus-sec-dispatcher-1.3.pom (3.0 kB at 114 kB/s)
[835d2533-4758-49e6-91af-0cdbe69345b3/build]   | [INFO] Downloading from central: https://repo.maven.apache.org/maven2/org/sonatype/spice/spice-parent/12/spice-parent-12.pom
[835d2533-4758-49e6-91af-0cdbe69345b3/build]   | [INFO] Downloaded from central: https://repo.maven.apache.org/maven2/org/sonatype/spice/spice-parent/12/spice-parent-12.pom (6.8 kB at 296 kB/s)
[835d2533-4758-49e6-91af-0cdbe69345b3/build]   | [INFO] Downloading from central: https://repo.maven.apache.org/maven2/org/sonatype/forge/forge-parent/4/forge-parent-4.pom
[835d2533-4758-49e6-91af-0cdbe69345b3/build]   | [INFO] Downloaded from central: https://repo.maven.apache.org/maven2/org/sonatype/forge/forge-parent/4/forge-parent-4.pom (8.4 kB at 280 kB/s)
[835d2533-4758-49e6-91af-0cdbe69345b3/build]   | [INFO] Downloading from central: https://repo.maven.apache.org/maven2/org/codehaus/plexus/plexus-utils/1.5.5/plexus-utils-1.5.5.pom
[835d2533-4758-49e6-91af-0cdbe69345b3/build]   | [INFO] Downloaded from central: https://repo.maven.apache.org/maven2/org/codehaus/plexus/plexus-utils/1.5.5/plexus-utils-1.5.5.pom (5.1 kB at 135 kB/s)
[835d2533-4758-49e6-91af-0cdbe69345b3/build]   | [INFO] Downloading from central: https://repo.maven.apache.org/maven2/org/sonatype/plexus/plexus-cipher/1.4/plexus-cipher-1.4.pom
[835d2533-4758-49e6-91af-0cdbe69345b3/build]   | [INFO] Downloaded from central: https://repo.maven.apache.org/maven2/org/sonatype/plexus/plexus-cipher/1.4/plexus-cipher-1.4.pom (2.1 kB at 56 kB/s)
[835d2533-4758-49e6-91af-0cdbe69345b3/build]   | [INFO] Downloading from central: https://repo.maven.apache.org/maven2/org/apache/maven/maven-toolchain/2.2.1/maven-toolchain-2.2.1.pom
[835d2533-4758-49e6-91af-0cdbe69345b3/build]   | [INFO] Downloaded from central: https://repo.maven.apache.org/maven2/org/apache/maven/maven-toolchain/2.2.1/maven-toolchain-2.2.1.pom (3.3 kB at 104 kB/s)
[835d2533-4758-49e6-91af-0cdbe69345b3/build]   | [INFO] Downloading from central: https://repo.maven.apache.org/maven2/org/codehaus/plexus/plexus-java/0.9.10/plexus-java-0.9.10.pom
[835d2533-4758-49e6-91af-0cdbe69345b3/build]   | [INFO] Downloaded from central: https://repo.maven.apache.org/maven2/org/codehaus/plexus/plexus-java/0.9.10/plexus-java-0.9.10.pom (5.1 kB at 204 kB/s)
[835d2533-4758-49e6-91af-0cdbe69345b3/build]   | [INFO] Downloading from central: https://repo.maven.apache.org/maven2/org/codehaus/plexus/plexus-languages/0.9.10/plexus-languages-0.9.10.pom
[835d2533-4758-49e6-91af-0cdbe69345b3/build]   | [INFO] Downloaded from central: https://repo.maven.apache.org/maven2/org/codehaus/plexus/plexus-languages/0.9.10/plexus-languages-0.9.10.pom (4.1 kB at 148 kB/s)
[835d2533-4758-49e6-91af-0cdbe69345b3/build]   | [INFO] Downloading from central: https://repo.maven.apache.org/maven2/org/codehaus/plexus/plexus/4.0/plexus-4.0.pom
[835d2533-4758-49e6-91af-0cdbe69345b3/build]   | [INFO] Downloaded from central: https://repo.maven.apache.org/maven2/org/codehaus/plexus/plexus/4.0/plexus-4.0.pom (22 kB at 717 kB/s)
[835d2533-4758-49e6-91af-0cdbe69345b3/build]   | [INFO] Downloading from central: https://repo.maven.apache.org/maven2/org/sonatype/forge/forge-parent/10/forge-parent-10.pom
[835d2533-4758-49e6-91af-0cdbe69345b3/build]   | [INFO] Downloaded from central: https://repo.maven.apache.org/maven2/org/sonatype/forge/forge-parent/10/forge-parent-10.pom (14 kB at 484 kB/s)
[835d2533-4758-49e6-91af-0cdbe69345b3/build]   | [INFO] Downloading from central: https://repo.maven.apache.org/maven2/org/ow2/asm/asm/6.2/asm-6.2.pom
[835d2533-4758-49e6-91af-0cdbe69345b3/build]   | [INFO] Downloaded from central: https://repo.maven.apache.org/maven2/org/ow2/asm/asm/6.2/asm-6.2.pom (2.9 kB at 51 kB/s)
[835d2533-4758-49e6-91af-0cdbe69345b3/build]   | [INFO] Downloading from central: https://repo.maven.apache.org/maven2/com/thoughtworks/qdox/qdox/2.0-M8/qdox-2.0-M8.pom
[835d2533-4758-49e6-91af-0cdbe69345b3/build]   | [INFO] Downloaded from central: https://repo.maven.apache.org/maven2/com/thoughtworks/qdox/qdox/2.0-M8/qdox-2.0-M8.pom (16 kB at 546 kB/s)
[835d2533-4758-49e6-91af-0cdbe69345b3/build]   | [INFO] Downloading from central: https://repo.maven.apache.org/maven2/org/apache/maven/surefire/maven-surefire-common/2.22.2/maven-surefire-common-2.22.2.jar
[835d2533-4758-49e6-91af-0cdbe69345b3/build]   | [INFO] Downloading from central: https://repo.maven.apache.org/maven2/org/apache/maven/maven-plugin-api/2.2.1/maven-plugin-api-2.2.1.jar
[835d2533-4758-49e6-91af-0cdbe69345b3/build]   | [INFO] Downloading from central: https://repo.maven.apache.org/maven2/org/apache/maven/plugin-tools/maven-plugin-annotations/3.5.2/maven-plugin-annotations-3.5.2.jar
[835d2533-4758-49e6-91af-0cdbe69345b3/build]   | [INFO] Downloading from central: https://repo.maven.apache.org/maven2/org/apache/maven/surefire/surefire-api/2.22.2/surefire-api-2.22.2.jar
[835d2533-4758-49e6-91af-0cdbe69345b3/build]   | [INFO] Downloading from central: https://repo.maven.apache.org/maven2/org/apache/maven/surefire/surefire-logger-api/2.22.2/surefire-logger-api-2.22.2.jar
[835d2533-4758-49e6-91af-0cdbe69345b3/build]   | [INFO] Downloaded from central: https://repo.maven.apache.org/maven2/org/apache/maven/maven-plugin-api/2.2.1/maven-plugin-api-2.2.1.jar (12 kB at 442 kB/s)
[835d2533-4758-49e6-91af-0cdbe69345b3/build]   | [INFO] Downloading from central: https://repo.maven.apache.org/maven2/org/apache/maven/surefire/surefire-booter/2.22.2/surefire-booter-2.22.2.jar
[835d2533-4758-49e6-91af-0cdbe69345b3/build]   | [INFO] Downloaded from central: https://repo.maven.apache.org/maven2/org/apache/maven/plugin-tools/maven-plugin-annotations/3.5.2/maven-plugin-annotations-3.5.2.jar (14 kB at 446 kB/s)
[835d2533-4758-49e6-91af-0cdbe69345b3/build]   | [INFO] Downloading from central: https://repo.maven.apache.org/maven2/org/apache/maven/maven-artifact/2.2.1/maven-artifact-2.2.1.jar
[835d2533-4758-49e6-91af-0cdbe69345b3/build]   | [INFO] Downloaded from central: https://repo.maven.apache.org/maven2/org/apache/maven/surefire/surefire-api/2.22.2/surefire-api-2.22.2.jar (186 kB at 4.1 MB/s)
[835d2533-4758-49e6-91af-0cdbe69345b3/build]   | [INFO] Downloading from central: https://repo.maven.apache.org/maven2/org/codehaus/plexus/plexus-utils/1.5.15/plexus-utils-1.5.15.jar
[835d2533-4758-49e6-91af-0cdbe69345b3/build]   | [INFO] Downloaded from central: https://repo.maven.apache.org/maven2/org/apache/maven/surefire/surefire-logger-api/2.22.2/surefire-logger-api-2.22.2.jar (13 kB at 238 kB/s)
[835d2533-4758-49e6-91af-0cdbe69345b3/build]   | [INFO] Downloading from central: https://repo.maven.apache.org/maven2/org/apache/maven/maven-plugin-descriptor/2.2.1/maven-plugin-descriptor-2.2.1.jar
[835d2533-4758-49e6-91af-0cdbe69345b3/build]   | [INFO] Downloaded from central: https://repo.maven.apache.org/maven2/org/apache/maven/surefire/surefire-booter/2.22.2/surefire-booter-2.22.2.jar (274 kB at 3.5 MB/s)
[835d2533-4758-49e6-91af-0cdbe69345b3/build]   | [INFO] Downloading from central: https://repo.maven.apache.org/maven2/junit/junit/4.12/junit-4.12.jar
[835d2533-4758-49e6-91af-0cdbe69345b3/build]   | [INFO] Downloaded from central: https://repo.maven.apache.org/maven2/org/apache/maven/maven-artifact/2.2.1/maven-artifact-2.2.1.jar (80 kB at 1.0 MB/s)
[835d2533-4758-49e6-91af-0cdbe69345b3/build]   | [INFO] Downloading from central: https://repo.maven.apache.org/maven2/org/hamcrest/hamcrest-core/1.3/hamcrest-core-1.3.jar
[835d2533-4758-49e6-91af-0cdbe69345b3/build]   | [INFO] Downloaded from central: https://repo.maven.apache.org/maven2/org/apache/maven/surefire/maven-surefire-common/2.22.2/maven-surefire-common-2.22.2.jar (528 kB at 6.1 MB/s)
[835d2533-4758-49e6-91af-0cdbe69345b3/build]   | [INFO] Downloading from central: https://repo.maven.apache.org/maven2/org/apache/maven/maven-project/2.2.1/maven-project-2.2.1.jar
[835d2533-4758-49e6-91af-0cdbe69345b3/build]   | [INFO] Downloaded from central: https://repo.maven.apache.org/maven2/org/codehaus/plexus/plexus-utils/1.5.15/plexus-utils-1.5.15.jar (228 kB at 2.5 MB/s)
[835d2533-4758-49e6-91af-0cdbe69345b3/build]   | [INFO] Downloading from central: https://repo.maven.apache.org/maven2/org/apache/maven/maven-settings/2.2.1/maven-settings-2.2.1.jar
[835d2533-4758-49e6-91af-0cdbe69345b3/build]   | [INFO] Downloaded from central: https://repo.maven.apache.org/maven2/org/apache/maven/maven-plugin-descriptor/2.2.1/maven-plugin-descriptor-2.2.1.jar (39 kB at 348 kB/s)
[835d2533-4758-49e6-91af-0cdbe69345b3/build]   | [INFO] Downloading from central: https://repo.maven.apache.org/maven2/org/apache/maven/maven-profile/2.2.1/maven-profile-2.2.1.jar
[835d2533-4758-49e6-91af-0cdbe69345b3/build]   | [INFO] Downloaded from central: https://repo.maven.apache.org/maven2/org/hamcrest/hamcrest-core/1.3/hamcrest-core-1.3.jar (45 kB at 385 kB/s)
[835d2533-4758-49e6-91af-0cdbe69345b3/build]   | [INFO] Downloading from central: https://repo.maven.apache.org/maven2/org/apache/maven/maven-artifact-manager/2.2.1/maven-artifact-manager-2.2.1.jar
[835d2533-4758-49e6-91af-0cdbe69345b3/build]   | [INFO] Downloaded from central: https://repo.maven.apache.org/maven2/junit/junit/4.12/junit-4.12.jar (315 kB at 2.6 MB/s)
[835d2533-4758-49e6-91af-0cdbe69345b3/build]   | [INFO] Downloading from central: https://repo.maven.apache.org/maven2/backport-util-concurrent/backport-util-concurrent/3.1/backport-util-concurrent-3.1.jar
[835d2533-4758-49e6-91af-0cdbe69345b3/build]   | [INFO] Downloaded from central: https://repo.maven.apache.org/maven2/org/apache/maven/maven-settings/2.2.1/maven-settings-2.2.1.jar (49 kB at 389 kB/s)
[835d2533-4758-49e6-91af-0cdbe69345b3/build]   | [INFO] Downloaded from central: https://repo.maven.apache.org/maven2/org/apache/maven/maven-project/2.2.1/maven-project-2.2.1.jar (156 kB at 1.2 MB/s)
[835d2533-4758-49e6-91af-0cdbe69345b3/build]   | [INFO] Downloading from central: https://repo.maven.apache.org/maven2/org/apache/maven/maven-plugin-registry/2.2.1/maven-plugin-registry-2.2.1.jar
[835d2533-4758-49e6-91af-0cdbe69345b3/build]   | [INFO] Downloading from central: https://repo.maven.apache.org/maven2/org/codehaus/plexus/plexus-interpolation/1.11/plexus-interpolation-1.11.jar
[835d2533-4758-49e6-91af-0cdbe69345b3/build]   | [INFO] Downloaded from central: https://repo.maven.apache.org/maven2/org/apache/maven/maven-profile/2.2.1/maven-profile-2.2.1.jar (35 kB at 251 kB/s)
[835d2533-4758-49e6-91af-0cdbe69345b3/build]   | [INFO] Downloading from central: https://repo.maven.apache.org/maven2/org/apache/maven/maven-model/2.2.1/maven-model-2.2.1.jar
[835d2533-4758-49e6-91af-0cdbe69345b3/build]   | [INFO] Downloaded from central: https://repo.maven.apache.org/maven2/org/apache/maven/maven-plugin-registry/2.2.1/maven-plugin-registry-2.2.1.jar (30 kB at 199 kB/s)
[835d2533-4758-49e6-91af-0cdbe69345b3/build]   | [INFO] Downloaded from central: https://repo.maven.apache.org/maven2/org/apache/maven/maven-artifact-manager/2.2.1/maven-artifact-manager-2.2.1.jar (68 kB at 454 kB/s)
[835d2533-4758-49e6-91af-0cdbe69345b3/build]   | [INFO] Downloading from central: https://repo.maven.apache.org/maven2/org/apache/maven/maven-core/2.2.1/maven-core-2.2.1.jar
[835d2533-4758-49e6-91af-0cdbe69345b3/build]   | [INFO] Downloading from central: https://repo.maven.apache.org/maven2/org/apache/maven/maven-plugin-parameter-documenter/2.2.1/maven-plugin-parameter-documenter-2.2.1.jar
[835d2533-4758-49e6-91af-0cdbe69345b3/build]   | [INFO] Downloaded from central: https://repo.maven.apache.org/maven2/org/codehaus/plexus/plexus-interpolation/1.11/plexus-interpolation-1.11.jar (51 kB at 337 kB/s)
[835d2533-4758-49e6-91af-0cdbe69345b3/build]   | [INFO] Downloading from central: https://repo.maven.apache.org/maven2/org/slf4j/slf4j-jdk14/1.5.6/slf4j-jdk14-1.5.6.jar
[835d2533-4758-49e6-91af-0cdbe69345b3/build]   | [INFO] Downloaded from central: https://repo.maven.apache.org/maven2/backport-util-concurrent/backport-util-concurrent/3.1/backport-util-concurrent-3.1.jar (332 kB at 2.0 MB/s)
[835d2533-4758-49e6-91af-0cdbe69345b3/build]   | [INFO] Downloading from central: https://repo.maven.apache.org/maven2/org/slf4j/slf4j-api/1.5.6/slf4j-api-1.5.6.jar
[835d2533-4758-49e6-91af-0cdbe69345b3/build]   | [INFO] Downloaded from central: https://repo.maven.apache.org/maven2/org/apache/maven/maven-model/2.2.1/maven-model-2.2.1.jar (88 kB at 521 kB/s)
[835d2533-4758-49e6-91af-0cdbe69345b3/build]   | [INFO] Downloading from central: https://repo.maven.apache.org/maven2/org/slf4j/jcl-over-slf4j/1.5.6/jcl-over-slf4j-1.5.6.jar
[835d2533-4758-49e6-91af-0cdbe69345b3/build]   | [INFO] Downloaded from central: https://repo.maven.apache.org/maven2/org/slf4j/slf4j-jdk14/1.5.6/slf4j-jdk14-1.5.6.jar (8.8 kB at 51 kB/s)
[835d2533-4758-49e6-91af-0cdbe69345b3/build]   | [INFO] Downloaded from central: https://repo.maven.apache.org/maven2/org/apache/maven/maven-plugin-parameter-documenter/2.2.1/maven-plugin-parameter-documenter-2.2.1.jar (22 kB at 128 kB/s)
[835d2533-4758-49e6-91af-0cdbe69345b3/build]   | [INFO] Downloading from central: https://repo.maven.apache.org/maven2/org/apache/maven/reporting/maven-reporting-api/3.0/maven-reporting-api-3.0.jar
[835d2533-4758-49e6-91af-0cdbe69345b3/build]   | [INFO] Downloading from central: https://repo.maven.apache.org/maven2/org/apache/maven/maven-repository-metadata/2.2.1/maven-repository-metadata-2.2.1.jar
[835d2533-4758-49e6-91af-0cdbe69345b3/build]   | [INFO] Downloaded from central: https://repo.maven.apache.org/maven2/org/apache/maven/maven-core/2.2.1/maven-core-2.2.1.jar (178 kB at 994 kB/s)
[835d2533-4758-49e6-91af-0cdbe69345b3/build]   | [INFO] Downloading from central: https://repo.maven.apache.org/maven2/org/apache/maven/maven-error-diagnostics/2.2.1/maven-error-diagnostics-2.2.1.jar
[835d2533-4758-49e6-91af-0cdbe69345b3/build]   | [INFO] Downloaded from central: https://repo.maven.apache.org/maven2/org/slf4j/slf4j-api/1.5.6/slf4j-api-1.5.6.jar (22 kB at 116 kB/s)
[835d2533-4758-49e6-91af-0cdbe69345b3/build]   | [INFO] Downloading from central: https://repo.maven.apache.org/maven2/org/apache/maven/maven-monitor/2.2.1/maven-monitor-2.2.1.jar
[835d2533-4758-49e6-91af-0cdbe69345b3/build]   | [INFO] Downloaded from central: https://repo.maven.apache.org/maven2/org/slf4j/jcl-over-slf4j/1.5.6/jcl-over-slf4j-1.5.6.jar (17 kB at 85 kB/s)
[835d2533-4758-49e6-91af-0cdbe69345b3/build]   | [INFO] Downloading from central: https://repo.maven.apache.org/maven2/org/sonatype/plexus/plexus-sec-dispatcher/1.3/plexus-sec-dispatcher-1.3.jar
[835d2533-4758-49e6-91af-0cdbe69345b3/build]   | [INFO] Downloaded from central: https://repo.maven.apache.org/maven2/org/apache/maven/reporting/maven-reporting-api/3.0/maven-reporting-api-3.0.jar (11 kB at 54 kB/s)
[835d2533-4758-49e6-91af-0cdbe69345b3/build]   | [INFO] Downloading from central: https://repo.maven.apache.org/maven2/org/sonatype/plexus/plexus-cipher/1.4/plexus-cipher-1.4.jar
[835d2533-4758-49e6-91af-0cdbe69345b3/build]   | [INFO] Downloaded from central: https://repo.maven.apache.org/maven2/org/apache/maven/maven-repository-metadata/2.2.1/maven-repository-metadata-2.2.1.jar (26 kB at 125 kB/s)
[835d2533-4758-49e6-91af-0cdbe69345b3/build]   | [INFO] Downloading from central: https://repo.maven.apache.org/maven2/org/apache/maven/maven-toolchain/2.2.1/maven-toolchain-2.2.1.jar
[835d2533-4758-49e6-91af-0cdbe69345b3/build]   | [INFO] Downloaded from central: https://repo.maven.apache.org/maven2/org/apache/maven/maven-error-diagnostics/2.2.1/maven-error-diagnostics-2.2.1.jar (13 kB at 61 kB/s)
[835d2533-4758-49e6-91af-0cdbe69345b3/build]   | [INFO] Downloading from central: https://repo.maven.apache.org/maven2/org/codehaus/plexus/plexus-java/0.9.10/plexus-java-0.9.10.jar
[835d2533-4758-49e6-91af-0cdbe69345b3/build]   | [INFO] Downloaded from central: https://repo.maven.apache.org/maven2/org/apache/maven/maven-monitor/2.2.1/maven-monitor-2.2.1.jar (10 kB at 46 kB/s)
[835d2533-4758-49e6-91af-0cdbe69345b3/build]   | [INFO] Downloading from central: https://repo.maven.apache.org/maven2/org/ow2/asm/asm/6.2/asm-6.2.jar
[835d2533-4758-49e6-91af-0cdbe69345b3/build]   | [INFO] Downloaded from central: https://repo.maven.apache.org/maven2/org/sonatype/plexus/plexus-sec-dispatcher/1.3/plexus-sec-dispatcher-1.3.jar (29 kB at 124 kB/s)
[835d2533-4758-49e6-91af-0cdbe69345b3/build]   | [INFO] Downloading from central: https://repo.maven.apache.org/maven2/com/thoughtworks/qdox/qdox/2.0-M8/qdox-2.0-M8.jar
[835d2533-4758-49e6-91af-0cdbe69345b3/build]   | [INFO] Downloaded from central: https://repo.maven.apache.org/maven2/org/sonatype/plexus/plexus-cipher/1.4/plexus-cipher-1.4.jar (13 kB at 57 kB/s)
[835d2533-4758-49e6-91af-0cdbe69345b3/build]   | [INFO] Downloaded from central: https://repo.maven.apache.org/maven2/org/apache/maven/maven-toolchain/2.2.1/maven-toolchain-2.2.1.jar (38 kB at 152 kB/s)
[835d2533-4758-49e6-91af-0cdbe69345b3/build]   | [INFO] Downloaded from central: https://repo.maven.apache.org/maven2/org/codehaus/plexus/plexus-java/0.9.10/plexus-java-0.9.10.jar (39 kB at 155 kB/s)
[835d2533-4758-49e6-91af-0cdbe69345b3/build]   | [INFO] Downloaded from central: https://repo.maven.apache.org/maven2/org/ow2/asm/asm/6.2/asm-6.2.jar (111 kB at 410 kB/s)
[835d2533-4758-49e6-91af-0cdbe69345b3/build]   | [INFO] Downloaded from central: https://repo.maven.apache.org/maven2/com/thoughtworks/qdox/qdox/2.0-M8/qdox-2.0-M8.jar (316 kB at 1.1 MB/s)
[835d2533-4758-49e6-91af-0cdbe69345b3/build]   | [INFO] Downloading from central: https://repo.maven.apache.org/maven2/org/apache/maven/surefire/surefire-junit-platform/2.22.2/surefire-junit-platform-2.22.2.pom
[835d2533-4758-49e6-91af-0cdbe69345b3/build]   | [INFO] Downloaded from central: https://repo.maven.apache.org/maven2/org/apache/maven/surefire/surefire-junit-platform/2.22.2/surefire-junit-platform-2.22.2.pom (7.0 kB at 194 kB/s)
[835d2533-4758-49e6-91af-0cdbe69345b3/build]   | [INFO] Downloading from central: https://repo.maven.apache.org/maven2/org/apache/maven/surefire/surefire-providers/2.22.2/surefire-providers-2.22.2.pom
[835d2533-4758-49e6-91af-0cdbe69345b3/build]   | [INFO] Downloaded from central: https://repo.maven.apache.org/maven2/org/apache/maven/surefire/surefire-providers/2.22.2/surefire-providers-2.22.2.pom (2.5 kB at 69 kB/s)
[835d2533-4758-49e6-91af-0cdbe69345b3/build]   | [INFO] Downloading from central: https://repo.maven.apache.org/maven2/org/junit/platform/junit-platform-launcher/1.3.1/junit-platform-launcher-1.3.1.pom
[835d2533-4758-49e6-91af-0cdbe69345b3/build]   | [INFO] Downloaded from central: https://repo.maven.apache.org/maven2/org/junit/platform/junit-platform-launcher/1.3.1/junit-platform-launcher-1.3.1.pom (2.2 kB at 43 kB/s)
[835d2533-4758-49e6-91af-0cdbe69345b3/build]   | [INFO] Downloading from central: https://repo.maven.apache.org/maven2/org/apiguardian/apiguardian-api/1.0.0/apiguardian-api-1.0.0.pom
[835d2533-4758-49e6-91af-0cdbe69345b3/build]   | [INFO] Downloaded from central: https://repo.maven.apache.org/maven2/org/apiguardian/apiguardian-api/1.0.0/apiguardian-api-1.0.0.pom (1.2 kB at 16 kB/s)
[835d2533-4758-49e6-91af-0cdbe69345b3/build]   | [INFO] Downloading from central: https://repo.maven.apache.org/maven2/org/junit/platform/junit-platform-engine/1.3.1/junit-platform-engine-1.3.1.pom
[835d2533-4758-49e6-91af-0cdbe69345b3/build]   | [INFO] Downloaded from central: https://repo.maven.apache.org/maven2/org/junit/platform/junit-platform-engine/1.3.1/junit-platform-engine-1.3.1.pom (2.4 kB at 85 kB/s)
[835d2533-4758-49e6-91af-0cdbe69345b3/build]   | [INFO] Downloading from central: https://repo.maven.apache.org/maven2/org/junit/platform/junit-platform-commons/1.3.1/junit-platform-commons-1.3.1.pom
[835d2533-4758-49e6-91af-0cdbe69345b3/build]   | [INFO] Downloaded from central: https://repo.maven.apache.org/maven2/org/junit/platform/junit-platform-commons/1.3.1/junit-platform-commons-1.3.1.pom (2.0 kB at 59 kB/s)
[835d2533-4758-49e6-91af-0cdbe69345b3/build]   | [INFO] Downloading from central: https://repo.maven.apache.org/maven2/org/opentest4j/opentest4j/1.1.1/opentest4j-1.1.1.pom
[835d2533-4758-49e6-91af-0cdbe69345b3/build]   | [INFO] Downloaded from central: https://repo.maven.apache.org/maven2/org/opentest4j/opentest4j/1.1.1/opentest4j-1.1.1.pom (1.7 kB at 56 kB/s)
[835d2533-4758-49e6-91af-0cdbe69345b3/build]   | [INFO] Downloading from central: https://repo.maven.apache.org/maven2/org/junit/platform/junit-platform-engine/1.3.1/junit-platform-engine-1.3.1.jar
[835d2533-4758-49e6-91af-0cdbe69345b3/build]   | [INFO] Downloading from central: https://repo.maven.apache.org/maven2/org/apache/maven/surefire/surefire-junit-platform/2.22.2/surefire-junit-platform-2.22.2.jar
[835d2533-4758-49e6-91af-0cdbe69345b3/build]   | [INFO] Downloading from central: https://repo.maven.apache.org/maven2/org/apiguardian/apiguardian-api/1.0.0/apiguardian-api-1.0.0.jar
[835d2533-4758-49e6-91af-0cdbe69345b3/build]   | [INFO] Downloading from central: https://repo.maven.apache.org/maven2/org/junit/platform/junit-platform-launcher/1.3.1/junit-platform-launcher-1.3.1.jar
[835d2533-4758-49e6-91af-0cdbe69345b3/build]   | [INFO] Downloading from central: https://repo.maven.apache.org/maven2/org/junit/platform/junit-platform-commons/1.3.1/junit-platform-commons-1.3.1.jar
[835d2533-4758-49e6-91af-0cdbe69345b3/build]   | [INFO] Downloaded from central: https://repo.maven.apache.org/maven2/org/apache/maven/surefire/surefire-junit-platform/2.22.2/surefire-junit-platform-2.22.2.jar (66 kB at 2.1 MB/s)
[835d2533-4758-49e6-91af-0cdbe69345b3/build]   | [INFO] Downloading from central: https://repo.maven.apache.org/maven2/org/opentest4j/opentest4j/1.1.1/opentest4j-1.1.1.jar
[835d2533-4758-49e6-91af-0cdbe69345b3/build]   | [INFO] Downloaded from central: https://repo.maven.apache.org/maven2/org/apiguardian/apiguardian-api/1.0.0/apiguardian-api-1.0.0.jar (2.2 kB at 64 kB/s)
[835d2533-4758-49e6-91af-0cdbe69345b3/build]   | [INFO] Downloaded from central: https://repo.maven.apache.org/maven2/org/junit/platform/junit-platform-launcher/1.3.1/junit-platform-launcher-1.3.1.jar (95 kB at 2.5 MB/s)
[835d2533-4758-49e6-91af-0cdbe69345b3/build]   | [INFO] Downloaded from central: https://repo.maven.apache.org/maven2/org/junit/platform/junit-platform-engine/1.3.1/junit-platform-engine-1.3.1.jar (135 kB at 3.6 MB/s)
[835d2533-4758-49e6-91af-0cdbe69345b3/build]   | [INFO] Downloaded from central: https://repo.maven.apache.org/maven2/org/junit/platform/junit-platform-commons/1.3.1/junit-platform-commons-1.3.1.jar (78 kB at 1.8 MB/s)
[835d2533-4758-49e6-91af-0cdbe69345b3/build]   | [INFO] Downloaded from central: https://repo.maven.apache.org/maven2/org/opentest4j/opentest4j/1.1.1/opentest4j-1.1.1.jar (7.1 kB at 274 kB/s)
[835d2533-4758-49e6-91af-0cdbe69345b3/build]   | [INFO] 
[835d2533-4758-49e6-91af-0cdbe69345b3/build]   | [INFO] -------------------------------------------------------
[835d2533-4758-49e6-91af-0cdbe69345b3/build]   | [INFO]  T E S T S
[835d2533-4758-49e6-91af-0cdbe69345b3/build]   | [INFO] -------------------------------------------------------
[835d2533-4758-49e6-91af-0cdbe69345b3/build]   | [INFO] Running com.thealgorithms.io.BufferedReaderTest
[835d2533-4758-49e6-91af-0cdbe69345b3/build]   | [cached intentional error]
[835d2533-4758-49e6-91af-0cdbe69345b3/build]   | [INFO] Tests run: 3, Failures: 0, Errors: 0, Skipped: 0, Time elapsed: 0.037 s - in com.thealgorithms.io.BufferedReaderTest
[835d2533-4758-49e6-91af-0cdbe69345b3/build]   | [INFO] Running com.thealgorithms.searches.sortOrderAgnosticBinarySearchTest
[835d2533-4758-49e6-91af-0cdbe69345b3/build]   | [INFO] Tests run: 2, Failures: 0, Errors: 0, Skipped: 0, Time elapsed: 0 s - in com.thealgorithms.searches.sortOrderAgnosticBinarySearchTest
[835d2533-4758-49e6-91af-0cdbe69345b3/build]   | [INFO] Running com.thealgorithms.searches.BinarySearch2dArrayTest
[835d2533-4758-49e6-91af-0cdbe69345b3/build]   | [1, 2]
[835d2533-4758-49e6-91af-0cdbe69345b3/build]   | [1, 3]
[835d2533-4758-49e6-91af-0cdbe69345b3/build]   | [2, 1]
[835d2533-4758-49e6-91af-0cdbe69345b3/build]   | [0, 1]
[835d2533-4758-49e6-91af-0cdbe69345b3/build]   | [1, 1]
[835d2533-4758-49e6-91af-0cdbe69345b3/build]   | [0, 1]
[835d2533-4758-49e6-91af-0cdbe69345b3/build]   | [-1, -1]
[835d2533-4758-49e6-91af-0cdbe69345b3/build]   | [2, 2]
[835d2533-4758-49e6-91af-0cdbe69345b3/build]   | [0, 2]
[835d2533-4758-49e6-91af-0cdbe69345b3/build]   | [0, 0]
[835d2533-4758-49e6-91af-0cdbe69345b3/build]   | [INFO] Tests run: 11, Failures: 0, Errors: 0, Skipped: 0, Time elapsed: 0.001 s - in com.thealgorithms.searches.BinarySearch2dArrayTest
[835d2533-4758-49e6-91af-0cdbe69345b3/build]   | [INFO] Running com.thealgorithms.searches.OrderAgnosticBinarySearchTest
[835d2533-4758-49e6-91af-0cdbe69345b3/build]   | 4
[835d2533-4758-49e6-91af-0cdbe69345b3/build]   | 2
[835d2533-4758-49e6-91af-0cdbe69345b3/build]   | 4
[835d2533-4758-49e6-91af-0cdbe69345b3/build]   | 0
[835d2533-4758-49e6-91af-0cdbe69345b3/build]   | 0
[835d2533-4758-49e6-91af-0cdbe69345b3/build]   | -1
[835d2533-4758-49e6-91af-0cdbe69345b3/build]   | [INFO] Tests run: 6, Failures: 0, Errors: 0, Skipped: 0, Time elapsed: 0 s - in com.thealgorithms.searches.OrderAgnosticBinarySearchTest
[835d2533-4758-49e6-91af-0cdbe69345b3/build]   | [INFO] Running com.thealgorithms.searches.RowColumnWiseSorted2dArrayBinarySearchTest
[835d2533-4758-49e6-91af-0cdbe69345b3/build]   | [INFO] Tests run: 7, Failures: 0, Errors: 0, Skipped: 0, Time elapsed: 0.001 s - in com.thealgorithms.searches.RowColumnWiseSorted2dArrayBinarySearchTest
[835d2533-4758-49e6-91af-0cdbe69345b3/build]   | [INFO] Running com.thealgorithms.searches.BreadthFirstSearchTest
[835d2533-4758-49e6-91af-0cdbe69345b3/build]   | [INFO] Tests run: 3, Failures: 0, Errors: 0, Skipped: 0, Time elapsed: 0.003 s - in com.thealgorithms.searches.BreadthFirstSearchTest
[835d2533-4758-49e6-91af-0cdbe69345b3/build]   | [INFO] Running com.thealgorithms.searches.KMPSearchTest
[835d2533-4758-49e6-91af-0cdbe69345b3/build]   | Found pattern at index 10
[835d2533-4758-49e6-91af-0cdbe69345b3/build]   | 10
[835d2533-4758-49e6-91af-0cdbe69345b3/build]   | No pattern found
[835d2533-4758-49e6-91af-0cdbe69345b3/build]   | -1
[835d2533-4758-49e6-91af-0cdbe69345b3/build]   | Found pattern at index 4
[835d2533-4758-49e6-91af-0cdbe69345b3/build]   | 4
[835d2533-4758-49e6-91af-0cdbe69345b3/build]   | Found pattern at index 0
[835d2533-4758-49e6-91af-0cdbe69345b3/build]   | 0
[835d2533-4758-49e6-91af-0cdbe69345b3/build]   | Found pattern at index 4
[835d2533-4758-49e6-91af-0cdbe69345b3/build]   | 4
[835d2533-4758-49e6-91af-0cdbe69345b3/build]   | [INFO] Tests run: 5, Failures: 0, Errors: 0, Skipped: 0, Time elapsed: 0.012 s - in com.thealgorithms.searches.KMPSearchTest
[835d2533-4758-49e6-91af-0cdbe69345b3/build]   | [INFO] Running com.thealgorithms.searches.HowManyTimesRotatedTest
[835d2533-4758-49e6-91af-0cdbe69345b3/build]   | [INFO] Tests run: 1, Failures: 0, Errors: 0, Skipped: 0, Time elapsed: 0 s - in com.thealgorithms.searches.HowManyTimesRotatedTest
[835d2533-4758-49e6-91af-0cdbe69345b3/build]   | [INFO] Running com.thealgorithms.searches.QuickSelectTest
[835d2533-4758-49e6-91af-0cdbe69345b3/build]   | [INFO] Tests run: 21, Failures: 0, Errors: 0, Skipped: 0, Time elapsed: 0.037 s - in com.thealgorithms.searches.QuickSelectTest
[835d2533-4758-49e6-91af-0cdbe69345b3/build]   | [INFO] Running com.thealgorithms.searches.TestSearchInARowAndColWiseSortedMatrix
[835d2533-4758-49e6-91af-0cdbe69345b3/build]   | [INFO] Tests run: 2, Failures: 0, Errors: 0, Skipped: 0, Time elapsed: 0.001 s - in com.thealgorithms.searches.TestSearchInARowAndColWiseSortedMatrix
[835d2533-4758-49e6-91af-0cdbe69345b3/build]   | [INFO] Running com.thealgorithms.searches.RabinKarpAlgorithmTest
[835d2533-4758-49e6-91af-0cdbe69345b3/build]   | Pattern found at index 34
[835d2533-4758-49e6-91af-0cdbe69345b3/build]   | Pattern found at index 8
[835d2533-4758-49e6-91af-0cdbe69345b3/build]   | Pattern found at index 3
[835d2533-4758-49e6-91af-0cdbe69345b3/build]   | Pattern found at index 0
[835d2533-4758-49e6-91af-0cdbe69345b3/build]   | [INFO] Tests run: 5, Failures: 0, Errors: 0, Skipped: 0, Time elapsed: 0.005 s - in com.thealgorithms.searches.RabinKarpAlgorithmTest
[835d2533-4758-49e6-91af-0cdbe69345b3/build]   | [INFO] Running com.thealgorithms.geometry.GrahamScanTest
[835d2533-4758-49e6-91af-0cdbe69345b3/build]   | [INFO] Tests run: 1, Failures: 0, Errors: 0, Skipped: 0, Time elapsed: 0.029 s - in com.thealgorithms.geometry.GrahamScanTest
[835d2533-4758-49e6-91af-0cdbe69345b3/build]   | [INFO] Running com.thealgorithms.others.WorstFitCPUTest
[835d2533-4758-49e6-91af-0cdbe69345b3/build]   | [INFO] Tests run: 6, Failures: 0, Errors: 0, Skipped: 0, Time elapsed: 0.007 s - in com.thealgorithms.others.WorstFitCPUTest
[835d2533-4758-49e6-91af-0cdbe69345b3/build]   | [INFO] Running com.thealgorithms.others.TestPrintMatrixInSpiralOrder
[835d2533-4758-49e6-91af-0cdbe69345b3/build]   | [INFO] Tests run: 2, Failures: 0, Errors: 0, Skipped: 0, Time elapsed: 0.002 s - in com.thealgorithms.others.TestPrintMatrixInSpiralOrder
[835d2533-4758-49e6-91af-0cdbe69345b3/build]   | [INFO] Running com.thealgorithms.others.ConwayTest
[835d2533-4758-49e6-91af-0cdbe69345b3/build]   | [INFO] Tests run: 6, Failures: 0, Errors: 0, Skipped: 0, Time elapsed: 0.054 s - in com.thealgorithms.others.ConwayTest
[835d2533-4758-49e6-91af-0cdbe69345b3/build]   | [INFO] Running com.thealgorithms.others.CountCharTest
[835d2533-4758-49e6-91af-0cdbe69345b3/build]   | [INFO] Tests run: 1, Failures: 0, Errors: 0, Skipped: 0, Time elapsed: 0 s - in com.thealgorithms.others.CountCharTest
[835d2533-4758-49e6-91af-0cdbe69345b3/build]   | [INFO] Running com.thealgorithms.others.KadaneAlogrithmTest
[835d2533-4758-49e6-91af-0cdbe69345b3/build]   | [INFO] Tests run: 8, Failures: 0, Errors: 0, Skipped: 0, Time elapsed: 0.005 s - in com.thealgorithms.others.KadaneAlogrithmTest
[835d2533-4758-49e6-91af-0cdbe69345b3/build]   | [INFO] Running com.thealgorithms.others.TwoPointersTest
[835d2533-4758-49e6-91af-0cdbe69345b3/build]   | [INFO] Tests run: 5, Failures: 0, Errors: 0, Skipped: 0, Time elapsed: 0.002 s - in com.thealgorithms.others.TwoPointersTest
[835d2533-4758-49e6-91af-0cdbe69345b3/build]   | [INFO] Running com.thealgorithms.others.LinkListSortTest
[835d2533-4758-49e6-91af-0cdbe69345b3/build]   | [INFO] Tests run: 8, Failures: 0, Errors: 0, Skipped: 0, Time elapsed: 0.007 s - in com.thealgorithms.others.LinkListSortTest
[835d2533-4758-49e6-91af-0cdbe69345b3/build]   | [INFO] Running com.thealgorithms.others.LineSweepTest
[835d2533-4758-49e6-91af-0cdbe69345b3/build]   | [INFO] Tests run: 4, Failures: 0, Errors: 0, Skipped: 0, Time elapsed: 0.002 s - in com.thealgorithms.others.LineSweepTest
[835d2533-4758-49e6-91af-0cdbe69345b3/build]   | [INFO] Running com.thealgorithms.others.CountFriendsPairingTest
[835d2533-4758-49e6-91af-0cdbe69345b3/build]   | [INFO] Tests run: 8, Failures: 0, Errors: 0, Skipped: 0, Time elapsed: 0.004 s - in com.thealgorithms.others.CountFriendsPairingTest
[835d2533-4758-49e6-91af-0cdbe69345b3/build]   | [INFO] Running com.thealgorithms.others.BestFitCPUTest
[835d2533-4758-49e6-91af-0cdbe69345b3/build]   | [INFO] Tests run: 5, Failures: 0, Errors: 0, Skipped: 0, Time elapsed: 0.002 s - in com.thealgorithms.others.BestFitCPUTest
[835d2533-4758-49e6-91af-0cdbe69345b3/build]   | [INFO] Running com.thealgorithms.others.countSetBitsTest
[835d2533-4758-49e6-91af-0cdbe69345b3/build]   | [INFO] Tests run: 1, Failures: 0, Errors: 0, Skipped: 0, Time elapsed: 0 s - in com.thealgorithms.others.countSetBitsTest
[835d2533-4758-49e6-91af-0cdbe69345b3/build]   | [INFO] Running com.thealgorithms.others.NewManShanksPrimeTest
[835d2533-4758-49e6-91af-0cdbe69345b3/build]   | [INFO] Tests run: 8, Failures: 0, Errors: 0, Skipped: 0, Time elapsed: 0.004 s - in com.thealgorithms.others.NewManShanksPrimeTest
[835d2533-4758-49e6-91af-0cdbe69345b3/build]   | [INFO] Running com.thealgorithms.others.UniquePathsTests
[835d2533-4758-49e6-91af-0cdbe69345b3/build]   | [INFO] Tests run: 8, Failures: 0, Errors: 0, Skipped: 0, Time elapsed: 0.003 s - in com.thealgorithms.others.UniquePathsTests
[835d2533-4758-49e6-91af-0cdbe69345b3/build]   | [INFO] Running com.thealgorithms.others.PasswordGenTest
[835d2533-4758-49e6-91af-0cdbe69345b3/build]   | [INFO] Tests run: 4, Failures: 0, Errors: 0, Skipped: 0, Time elapsed: 0.014 s - in com.thealgorithms.others.PasswordGenTest
[835d2533-4758-49e6-91af-0cdbe69345b3/build]   | [INFO] Running com.thealgorithms.others.FirstFitCPUTest
[835d2533-4758-49e6-91af-0cdbe69345b3/build]   | [INFO] Tests run: 5, Failures: 0, Errors: 0, Skipped: 0, Time elapsed: 0.004 s - in com.thealgorithms.others.FirstFitCPUTest
[835d2533-4758-49e6-91af-0cdbe69345b3/build]   | [INFO] Running com.thealgorithms.others.ArrayLeftRotationTest
[835d2533-4758-49e6-91af-0cdbe69345b3/build]   | [INFO] Tests run: 5, Failures: 0, Errors: 0, Skipped: 0, Time elapsed: 0.002 s - in com.thealgorithms.others.ArrayLeftRotationTest
[835d2533-4758-49e6-91af-0cdbe69345b3/build]   | [INFO] Running com.thealgorithms.others.NextFitCPUTest
[835d2533-4758-49e6-91af-0cdbe69345b3/build]   | [INFO] Tests run: 5, Failures: 0, Errors: 0, Skipped: 0, Time elapsed: 0.004 s - in com.thealgorithms.others.NextFitCPUTest
[835d2533-4758-49e6-91af-0cdbe69345b3/build]   | [INFO] Running com.thealgorithms.others.CRCAlgorithmTest
[835d2533-4758-49e6-91af-0cdbe69345b3/build]   | [INFO] Tests run: 2, Failures: 0, Errors: 0, Skipped: 0, Time elapsed: 0.001 s - in com.thealgorithms.others.CRCAlgorithmTest
[835d2533-4758-49e6-91af-0cdbe69345b3/build]   | [INFO] Running com.thealgorithms.others.cn.HammingDistanceTest
[835d2533-4758-49e6-91af-0cdbe69345b3/build]   | Total Error bit count 2
[835d2533-4758-49e6-91af-0cdbe69345b3/build]   | Total Error bit count 7
[835d2533-4758-49e6-91af-0cdbe69345b3/build]   | Total Error bit count 3
[835d2533-4758-49e6-91af-0cdbe69345b3/build]   | No Error bit in data segments
[835d2533-4758-49e6-91af-0cdbe69345b3/build]   | No Error bit in data segments
[835d2533-4758-49e6-91af-0cdbe69345b3/build]   | [INFO] Tests run: 6, Failures: 0, Errors: 0, Skipped: 0, Time elapsed: 0.093 s - in com.thealgorithms.others.cn.HammingDistanceTest
[835d2533-4758-49e6-91af-0cdbe69345b3/build]   | [INFO] Running com.thealgorithms.others.CalculateMaxOfMinTest
[835d2533-4758-49e6-91af-0cdbe69345b3/build]   | [INFO] Tests run: 7, Failures: 0, Errors: 0, Skipped: 0, Time elapsed: 0.001 s - in com.thealgorithms.others.CalculateMaxOfMinTest
[835d2533-4758-49e6-91af-0cdbe69345b3/build]   | [INFO] Running com.thealgorithms.others.CRC16Test
[835d2533-4758-49e6-91af-0cdbe69345b3/build]   | [INFO] Tests run: 1, Failures: 0, Errors: 0, Skipped: 0, Time elapsed: 0 s - in com.thealgorithms.others.CRC16Test
[835d2533-4758-49e6-91af-0cdbe69345b3/build]   | [INFO] Running com.thealgorithms.conversions.HexaDecimalToDecimalTest
[835d2533-4758-49e6-91af-0cdbe69345b3/build]   | [INFO] Tests run: 1, Failures: 0, Errors: 0, Skipped: 0, Time elapsed: 0 s - in com.thealgorithms.conversions.HexaDecimalToDecimalTest
[835d2533-4758-49e6-91af-0cdbe69345b3/build]   | [INFO] Running com.thealgorithms.conversions.HexToOctTest
[835d2533-4758-49e6-91af-0cdbe69345b3/build]   | [INFO] Tests run: 1, Failures: 0, Errors: 0, Skipped: 0, Time elapsed: 0 s - in com.thealgorithms.conversions.HexToOctTest
[835d2533-4758-49e6-91af-0cdbe69345b3/build]   | [INFO] Running com.thealgorithms.conversions.HexaDecimalToBinaryTest
[835d2533-4758-49e6-91af-0cdbe69345b3/build]   | [INFO] Tests run: 1, Failures: 0, Errors: 0, Skipped: 0, Time elapsed: 0.001 s - in com.thealgorithms.conversions.HexaDecimalToBinaryTest
[835d2533-4758-49e6-91af-0cdbe69345b3/build]   | [INFO] Running com.thealgorithms.conversions.OctalToHexadecimalTest
[835d2533-4758-49e6-91af-0cdbe69345b3/build]   | [INFO] Tests run: 1, Failures: 0, Errors: 0, Skipped: 0, Time elapsed: 0.001 s - in com.thealgorithms.conversions.OctalToHexadecimalTest
[835d2533-4758-49e6-91af-0cdbe69345b3/build]   | [INFO] Running com.thealgorithms.conversions.BinaryToHexadecimalTest
[835d2533-4758-49e6-91af-0cdbe69345b3/build]   | [INFO] Tests run: 1, Failures: 0, Errors: 0, Skipped: 0, Time elapsed: 0 s - in com.thealgorithms.conversions.BinaryToHexadecimalTest
[835d2533-4758-49e6-91af-0cdbe69345b3/build]   | [INFO] Running com.thealgorithms.conversions.RomanToIntegerTest
[835d2533-4758-49e6-91af-0cdbe69345b3/build]   | [INFO] Tests run: 1, Failures: 0, Errors: 0, Skipped: 0, Time elapsed: 0 s - in com.thealgorithms.conversions.RomanToIntegerTest
[835d2533-4758-49e6-91af-0cdbe69345b3/build]   | [INFO] Running com.thealgorithms.conversions.IntegerToRomanTest
[835d2533-4758-49e6-91af-0cdbe69345b3/build]   | [INFO] Tests run: 1, Failures: 0, Errors: 0, Skipped: 0, Time elapsed: 0.001 s - in com.thealgorithms.conversions.IntegerToRomanTest
[835d2533-4758-49e6-91af-0cdbe69345b3/build]   | [INFO] Running com.thealgorithms.conversions.DecimalToHexaDecimalTest
[835d2533-4758-49e6-91af-0cdbe69345b3/build]   | [INFO] Tests run: 1, Failures: 0, Errors: 0, Skipped: 0, Time elapsed: 0 s - in com.thealgorithms.conversions.DecimalToHexaDecimalTest
[835d2533-4758-49e6-91af-0cdbe69345b3/build]   | [INFO] Running com.thealgorithms.conversions.BinaryToOctalTest
[835d2533-4758-49e6-91af-0cdbe69345b3/build]   | [INFO] Tests run: 1, Failures: 0, Errors: 0, Skipped: 0, Time elapsed: 0 s - in com.thealgorithms.conversions.BinaryToOctalTest
[835d2533-4758-49e6-91af-0cdbe69345b3/build]   | [INFO] Running com.thealgorithms.conversions.OctalToDecimalTest
[835d2533-4758-49e6-91af-0cdbe69345b3/build]   | [INFO] Tests run: 1, Failures: 0, Errors: 0, Skipped: 0, Time elapsed: 0 s - in com.thealgorithms.conversions.OctalToDecimalTest
[835d2533-4758-49e6-91af-0cdbe69345b3/build]   | [INFO] Running com.thealgorithms.conversions.BinaryToDecimalTest
[835d2533-4758-49e6-91af-0cdbe69345b3/build]   | [INFO] Tests run: 3, Failures: 0, Errors: 0, Skipped: 0, Time elapsed: 0.001 s - in com.thealgorithms.conversions.BinaryToDecimalTest
[835d2533-4758-49e6-91af-0cdbe69345b3/build]   | [INFO] Running com.thealgorithms.ciphers.BlowfishTest
[835d2533-4758-49e6-91af-0cdbe69345b3/build]   | [INFO] Tests run: 2, Failures: 0, Errors: 0, Skipped: 0, Time elapsed: 0.021 s - in com.thealgorithms.ciphers.BlowfishTest
[835d2533-4758-49e6-91af-0cdbe69345b3/build]   | [INFO] Running com.thealgorithms.ciphers.a5.LFSRTest
[835d2533-4758-49e6-91af-0cdbe69345b3/build]   | [INFO] Tests run: 3, Failures: 0, Errors: 0, Skipped: 0, Time elapsed: 0.005 s - in com.thealgorithms.ciphers.a5.LFSRTest
[835d2533-4758-49e6-91af-0cdbe69345b3/build]   | [INFO] Running com.thealgorithms.ciphers.SimpleSubstitutionCipherTest
[835d2533-4758-49e6-91af-0cdbe69345b3/build]   | [INFO] Tests run: 3, Failures: 0, Errors: 0, Skipped: 0, Time elapsed: 0.002 s - in com.thealgorithms.ciphers.SimpleSubstitutionCipherTest
[835d2533-4758-49e6-91af-0cdbe69345b3/build]   | [INFO] Running com.thealgorithms.ciphers.DESTest
[835d2533-4758-49e6-91af-0cdbe69345b3/build]   | [INFO] Tests run: 2, Failures: 0, Errors: 0, Skipped: 0, Time elapsed: 0.009 s - in com.thealgorithms.ciphers.DESTest
[835d2533-4758-49e6-91af-0cdbe69345b3/build]   | [INFO] Running com.thealgorithms.ciphers.SimpleSubCipherTest
[835d2533-4758-49e6-91af-0cdbe69345b3/build]   | [INFO] Tests run: 2, Failures: 0, Errors: 0, Skipped: 0, Time elapsed: 0.001 s - in com.thealgorithms.ciphers.SimpleSubCipherTest
[835d2533-4758-49e6-91af-0cdbe69345b3/build]   | [INFO] Running com.thealgorithms.ciphers.RSATest
[835d2533-4758-49e6-91af-0cdbe69345b3/build]   | [INFO] Tests run: 1, Failures: 0, Errors: 0, Skipped: 0, Time elapsed: 0.135 s - in com.thealgorithms.ciphers.RSATest
[835d2533-4758-49e6-91af-0cdbe69345b3/build]   | [INFO] Running com.thealgorithms.ciphers.VigenereTest
[835d2533-4758-49e6-91af-0cdbe69345b3/build]   | [INFO] Tests run: 2, Failures: 0, Errors: 0, Skipped: 0, Time elapsed: 0.001 s - in com.thealgorithms.ciphers.VigenereTest
[835d2533-4758-49e6-91af-0cdbe69345b3/build]   | [INFO] Running com.thealgorithms.ciphers.PolybiusTest
[835d2533-4758-49e6-91af-0cdbe69345b3/build]   | [INFO] Tests run: 3, Failures: 0, Errors: 0, Skipped: 0, Time elapsed: 0.001 s - in com.thealgorithms.ciphers.PolybiusTest
[835d2533-4758-49e6-91af-0cdbe69345b3/build]   | [INFO] Running com.thealgorithms.ciphers.CaesarTest
[835d2533-4758-49e6-91af-0cdbe69345b3/build]   | [INFO] Tests run: 3, Failures: 0, Errors: 0, Skipped: 0, Time elapsed: 0.002 s - in com.thealgorithms.ciphers.CaesarTest
[835d2533-4758-49e6-91af-0cdbe69345b3/build]   | [INFO] Running com.thealgorithms.backtracking.WordSearchTest
[835d2533-4758-49e6-91af-0cdbe69345b3/build]   | [INFO] Tests run: 3, Failures: 0, Errors: 0, Skipped: 0, Time elapsed: 0.002 s - in com.thealgorithms.backtracking.WordSearchTest
[835d2533-4758-49e6-91af-0cdbe69345b3/build]   | [INFO] Running com.thealgorithms.backtracking.FloodFillTest
[835d2533-4758-49e6-91af-0cdbe69345b3/build]   | [INFO] Tests run: 5, Failures: 0, Errors: 0, Skipped: 0, Time elapsed: 0.002 s - in com.thealgorithms.backtracking.FloodFillTest
[835d2533-4758-49e6-91af-0cdbe69345b3/build]   | [INFO] Running com.thealgorithms.backtracking.AllPathsFromSourceToTargetTest
[835d2533-4758-49e6-91af-0cdbe69345b3/build]   | [INFO] Tests run: 4, Failures: 0, Errors: 0, Skipped: 0, Time elapsed: 0.002 s - in com.thealgorithms.backtracking.AllPathsFromSourceToTargetTest
[835d2533-4758-49e6-91af-0cdbe69345b3/build]   | [INFO] Running com.thealgorithms.backtracking.PermutationTest
[835d2533-4758-49e6-91af-0cdbe69345b3/build]   | [INFO] Tests run: 3, Failures: 0, Errors: 0, Skipped: 0, Time elapsed: 0.001 s - in com.thealgorithms.backtracking.PermutationTest
[835d2533-4758-49e6-91af-0cdbe69345b3/build]   | [INFO] Running com.thealgorithms.backtracking.ArrayCombinationTest
[835d2533-4758-49e6-91af-0cdbe69345b3/build]   | [INFO] Tests run: 5, Failures: 0, Errors: 0, Skipped: 0, Time elapsed: 0.01 s - in com.thealgorithms.backtracking.ArrayCombinationTest
[835d2533-4758-49e6-91af-0cdbe69345b3/build]   | [INFO] Running com.thealgorithms.backtracking.MazeRecursionTest
[835d2533-4758-49e6-91af-0cdbe69345b3/build]   | [INFO] Tests run: 1, Failures: 0, Errors: 0, Skipped: 0, Time elapsed: 0 s - in com.thealgorithms.backtracking.MazeRecursionTest
[835d2533-4758-49e6-91af-0cdbe69345b3/build]   | [INFO] Running com.thealgorithms.backtracking.CombinationTest
[835d2533-4758-49e6-91af-0cdbe69345b3/build]   | [INFO] Tests run: 3, Failures: 0, Errors: 0, Skipped: 0, Time elapsed: 0.001 s - in com.thealgorithms.backtracking.CombinationTest
[835d2533-4758-49e6-91af-0cdbe69345b3/build]   | [INFO] Running com.thealgorithms.backtracking.PowerSumTest
[835d2533-4758-49e6-91af-0cdbe69345b3/build]   | [INFO] Tests run: 3, Failures: 0, Errors: 0, Skipped: 0, Time elapsed: 0.002 s - in com.thealgorithms.backtracking.PowerSumTest
[835d2533-4758-49e6-91af-0cdbe69345b3/build]   | [INFO] Running com.thealgorithms.maths.SumWithoutArithmeticOperatorsTest
[835d2533-4758-49e6-91af-0cdbe69345b3/build]   | [INFO] Tests run: 5, Failures: 0, Errors: 0, Skipped: 0, Time elapsed: 0.002 s - in com.thealgorithms.maths.SumWithoutArithmeticOperatorsTest
[835d2533-4758-49e6-91af-0cdbe69345b3/build]   | [INFO] Running com.thealgorithms.maths.AbsoluteMinTest
[835d2533-4758-49e6-91af-0cdbe69345b3/build]   | [INFO] Tests run: 2, Failures: 0, Errors: 0, Skipped: 0, Time elapsed: 0.007 s - in com.thealgorithms.maths.AbsoluteMinTest
[835d2533-4758-49e6-91af-0cdbe69345b3/build]   | [INFO] Running com.thealgorithms.maths.BinomialCoefficientTest
[835d2533-4758-49e6-91af-0cdbe69345b3/build]   | [INFO] Tests run: 1, Failures: 0, Errors: 0, Skipped: 0, Time elapsed: 0.001 s - in com.thealgorithms.maths.BinomialCoefficientTest
[835d2533-4758-49e6-91af-0cdbe69345b3/build]   | [INFO] Running com.thealgorithms.maths.HeronsFormulaTest
[835d2533-4758-49e6-91af-0cdbe69345b3/build]   | [INFO] Tests run: 4, Failures: 0, Errors: 0, Skipped: 0, Time elapsed: 0.002 s - in com.thealgorithms.maths.HeronsFormulaTest
[835d2533-4758-49e6-91af-0cdbe69345b3/build]   | [INFO] Running com.thealgorithms.maths.JosephusProblemTest
[835d2533-4758-49e6-91af-0cdbe69345b3/build]   | [INFO] Tests run: 1, Failures: 0, Errors: 0, Skipped: 0, Time elapsed: 0 s - in com.thealgorithms.maths.JosephusProblemTest
[835d2533-4758-49e6-91af-0cdbe69345b3/build]   | [INFO] Running com.thealgorithms.maths.LucasSeriesTest
[835d2533-4758-49e6-91af-0cdbe69345b3/build]   | [INFO] Tests run: 4, Failures: 0, Errors: 0, Skipped: 0, Time elapsed: 0.002 s - in com.thealgorithms.maths.LucasSeriesTest
[835d2533-4758-49e6-91af-0cdbe69345b3/build]   | [INFO] Running com.thealgorithms.maths.BinaryPowTest
[835d2533-4758-49e6-91af-0cdbe69345b3/build]   | [INFO] Tests run: 1, Failures: 0, Errors: 0, Skipped: 0, Time elapsed: 0 s - in com.thealgorithms.maths.BinaryPowTest
[835d2533-4758-49e6-91af-0cdbe69345b3/build]   | [INFO] Running com.thealgorithms.maths.DudeneyNumberTest
[835d2533-4758-49e6-91af-0cdbe69345b3/build]   | [INFO] Tests run: 1, Failures: 0, Errors: 0, Skipped: 0, Time elapsed: 0.002 s - in com.thealgorithms.maths.DudeneyNumberTest
[835d2533-4758-49e6-91af-0cdbe69345b3/build]   | [INFO] Running com.thealgorithms.maths.FactorialTest
[835d2533-4758-49e6-91af-0cdbe69345b3/build]   | [INFO] Tests run: 1, Failures: 0, Errors: 0, Skipped: 0, Time elapsed: 0 s - in com.thealgorithms.maths.FactorialTest
[835d2533-4758-49e6-91af-0cdbe69345b3/build]   | [INFO] Running com.thealgorithms.maths.SumOfDigitsTest
[835d2533-4758-49e6-91af-0cdbe69345b3/build]   | [INFO] Tests run: 3, Failures: 0, Errors: 0, Skipped: 0, Time elapsed: 0.003 s - in com.thealgorithms.maths.SumOfDigitsTest
[835d2533-4758-49e6-91af-0cdbe69345b3/build]   | [INFO] Running com.thealgorithms.maths.TwinPrimeTest
[835d2533-4758-49e6-91af-0cdbe69345b3/build]   | [INFO] Tests run: 4, Failures: 0, Errors: 0, Skipped: 0, Time elapsed: 0.002 s - in com.thealgorithms.maths.TwinPrimeTest
[835d2533-4758-49e6-91af-0cdbe69345b3/build]   | [INFO] Running com.thealgorithms.maths.DigitalRootTest
[835d2533-4758-49e6-91af-0cdbe69345b3/build]   | [INFO] Tests run: 1, Failures: 0, Errors: 0, Skipped: 0, Time elapsed: 0 s - in com.thealgorithms.maths.DigitalRootTest
[835d2533-4758-49e6-91af-0cdbe69345b3/build]   | [INFO] Running com.thealgorithms.maths.CeilTest
[835d2533-4758-49e6-91af-0cdbe69345b3/build]   | [INFO] Tests run: 1, Failures: 0, Errors: 0, Skipped: 0, Time elapsed: 0 s - in com.thealgorithms.maths.CeilTest
[835d2533-4758-49e6-91af-0cdbe69345b3/build]   | [INFO] Running com.thealgorithms.maths.MobiusFunctionTest
[835d2533-4758-49e6-91af-0cdbe69345b3/build]   | [INFO] Tests run: 3, Failures: 0, Errors: 0, Skipped: 0, Time elapsed: 0.003 s - in com.thealgorithms.maths.MobiusFunctionTest
[835d2533-4758-49e6-91af-0cdbe69345b3/build]   | [INFO] Running com.thealgorithms.maths.PascalTriangleTest
[835d2533-4758-49e6-91af-0cdbe69345b3/build]   | [INFO] Tests run: 4, Failures: 0, Errors: 0, Skipped: 0, Time elapsed: 0.001 s - in com.thealgorithms.maths.PascalTriangleTest
[835d2533-4758-49e6-91af-0cdbe69345b3/build]   | [INFO] Running com.thealgorithms.maths.AreaTest
[835d2533-4758-49e6-91af-0cdbe69345b3/build]   | [INFO] Tests run: 12, Failures: 0, Errors: 0, Skipped: 0, Time elapsed: 0.014 s - in com.thealgorithms.maths.AreaTest
[835d2533-4758-49e6-91af-0cdbe69345b3/build]   | [INFO] Running com.thealgorithms.maths.CollatzConjectureTest
[835d2533-4758-49e6-91af-0cdbe69345b3/build]   | [INFO] Tests run: 4, Failures: 0, Errors: 0, Skipped: 0, Time elapsed: 0.004 s - in com.thealgorithms.maths.CollatzConjectureTest
[835d2533-4758-49e6-91af-0cdbe69345b3/build]   | [INFO] Running com.thealgorithms.maths.AliquotSumTest
[835d2533-4758-49e6-91af-0cdbe69345b3/build]   | [INFO] Tests run: 1, Failures: 0, Errors: 0, Skipped: 0, Time elapsed: 0.002 s - in com.thealgorithms.maths.AliquotSumTest
[835d2533-4758-49e6-91af-0cdbe69345b3/build]   | [INFO] Running com.thealgorithms.maths.ArmstrongTest
[835d2533-4758-49e6-91af-0cdbe69345b3/build]   | [INFO] Tests run: 1, Failures: 0, Errors: 0, Skipped: 0, Time elapsed: 0 s - in com.thealgorithms.maths.ArmstrongTest
[835d2533-4758-49e6-91af-0cdbe69345b3/build]   | [INFO] Running com.thealgorithms.maths.FastInverseSqrtTests
[835d2533-4758-49e6-91af-0cdbe69345b3/build]   | [INFO] Tests run: 8, Failures: 0, Errors: 0, Skipped: 0, Time elapsed: 0.002 s - in com.thealgorithms.maths.FastInverseSqrtTests
[835d2533-4758-49e6-91af-0cdbe69345b3/build]   | [INFO] Running com.thealgorithms.maths.AmicableNumberTest
[835d2533-4758-49e6-91af-0cdbe69345b3/build]   | [INFO] Tests run: 1, Failures: 0, Errors: 0, Skipped: 0, Time elapsed: 0 s - in com.thealgorithms.maths.AmicableNumberTest
[835d2533-4758-49e6-91af-0cdbe69345b3/build]   | [INFO] Running com.thealgorithms.maths.PerimeterTest
[835d2533-4758-49e6-91af-0cdbe69345b3/build]   | [INFO] Tests run: 8, Failures: 0, Errors: 0, Skipped: 0, Time elapsed: 0.004 s - in com.thealgorithms.maths.PerimeterTest
[835d2533-4758-49e6-91af-0cdbe69345b3/build]   | [INFO] Running com.thealgorithms.maths.PollardRhoTest
[835d2533-4758-49e6-91af-0cdbe69345b3/build]   | [INFO] Tests run: 3, Failures: 0, Errors: 0, Skipped: 0, Time elapsed: 0.001 s - in com.thealgorithms.maths.PollardRhoTest
[835d2533-4758-49e6-91af-0cdbe69345b3/build]   | [INFO] Running com.thealgorithms.maths.StandardScoreTest
[835d2533-4758-49e6-91af-0cdbe69345b3/build]   | [INFO] Tests run: 4, Failures: 0, Errors: 0, Skipped: 0, Time elapsed: 0.001 s - in com.thealgorithms.maths.StandardScoreTest
[835d2533-4758-49e6-91af-0cdbe69345b3/build]   | [INFO] Running com.thealgorithms.maths.FFTTest
[835d2533-4758-49e6-91af-0cdbe69345b3/build]   | [INFO] Tests run: 12, Failures: 0, Errors: 0, Skipped: 0, Time elapsed: 0.004 s - in com.thealgorithms.maths.FFTTest
[835d2533-4758-49e6-91af-0cdbe69345b3/build]   | [INFO] Running com.thealgorithms.maths.HarshadNumberTest
[835d2533-4758-49e6-91af-0cdbe69345b3/build]   | [INFO] Tests run: 1, Failures: 0, Errors: 0, Skipped: 0, Time elapsed: 0 s - in com.thealgorithms.maths.HarshadNumberTest
[835d2533-4758-49e6-91af-0cdbe69345b3/build]   | [INFO] Running com.thealgorithms.maths.ADTFractionTest
[835d2533-4758-49e6-91af-0cdbe69345b3/build]   | [INFO] Tests run: 7, Failures: 0, Errors: 0, Skipped: 0, Time elapsed: 0.005 s - in com.thealgorithms.maths.ADTFractionTest
[835d2533-4758-49e6-91af-0cdbe69345b3/build]   | [INFO] Running com.thealgorithms.maths.LongDivisionTest
[835d2533-4758-49e6-91af-0cdbe69345b3/build]   | [INFO] Tests run: 7, Failures: 0, Errors: 0, Skipped: 0, Time elapsed: 0.002 s - in com.thealgorithms.maths.LongDivisionTest
[835d2533-4758-49e6-91af-0cdbe69345b3/build]   | [INFO] Running com.thealgorithms.maths.LeonardoNumberTest
[835d2533-4758-49e6-91af-0cdbe69345b3/build]   | [INFO] Tests run: 5, Failures: 0, Errors: 0, Skipped: 0, Time elapsed: 0.002 s - in com.thealgorithms.maths.LeonardoNumberTest
[835d2533-4758-49e6-91af-0cdbe69345b3/build]   | [INFO] Running com.thealgorithms.maths.DistanceFormulaTest
[835d2533-4758-49e6-91af-0cdbe69345b3/build]   | [INFO] Tests run: 13, Failures: 0, Errors: 0, Skipped: 0, Time elapsed: 0.003 s - in com.thealgorithms.maths.DistanceFormulaTest
[835d2533-4758-49e6-91af-0cdbe69345b3/build]   | [INFO] Running com.thealgorithms.maths.PrimeCheckTest
[835d2533-4758-49e6-91af-0cdbe69345b3/build]   | [INFO] Tests run: 7, Failures: 0, Errors: 0, Skipped: 0, Time elapsed: 0.001 s - in com.thealgorithms.maths.PrimeCheckTest
[835d2533-4758-49e6-91af-0cdbe69345b3/build]   | [INFO] Running com.thealgorithms.maths.SquareFreeIntegerTest
[835d2533-4758-49e6-91af-0cdbe69345b3/build]   | [INFO] Tests run: 3, Failures: 0, Errors: 0, Skipped: 0, Time elapsed: 0.032 s - in com.thealgorithms.maths.SquareFreeIntegerTest
[835d2533-4758-49e6-91af-0cdbe69345b3/build]   | [INFO] Running com.thealgorithms.maths.KaprekarNumbersTest
[835d2533-4758-49e6-91af-0cdbe69345b3/build]   | [INFO] Tests run: 9, Failures: 0, Errors: 0, Skipped: 0, Time elapsed: 0.49 s - in com.thealgorithms.maths.KaprekarNumbersTest
[835d2533-4758-49e6-91af-0cdbe69345b3/build]   | [INFO] Running com.thealgorithms.maths.StandardDeviationTest
[835d2533-4758-49e6-91af-0cdbe69345b3/build]   | [INFO] Tests run: 4, Failures: 0, Errors: 0, Skipped: 0, Time elapsed: 0.001 s - in com.thealgorithms.maths.StandardDeviationTest
[835d2533-4758-49e6-91af-0cdbe69345b3/build]   | [INFO] Running com.thealgorithms.maths.TestArmstrong
[835d2533-4758-49e6-91af-0cdbe69345b3/build]   | [INFO] Tests run: 1, Failures: 0, Errors: 0, Skipped: 0, Time elapsed: 0 s - in com.thealgorithms.maths.TestArmstrong
[835d2533-4758-49e6-91af-0cdbe69345b3/build]   | [INFO] Running com.thealgorithms.maths.GaussianTest
[835d2533-4758-49e6-91af-0cdbe69345b3/build]   | [INFO] Tests run: 1, Failures: 0, Errors: 0, Skipped: 0, Time elapsed: 0 s - in com.thealgorithms.maths.GaussianTest
[835d2533-4758-49e6-91af-0cdbe69345b3/build]   | [INFO] Running com.thealgorithms.maths.LiouvilleLambdaFunctionTest
[835d2533-4758-49e6-91af-0cdbe69345b3/build]   | [INFO] Tests run: 4, Failures: 0, Errors: 0, Skipped: 0, Time elapsed: 0.003 s - in com.thealgorithms.maths.LiouvilleLambdaFunctionTest
[835d2533-4758-49e6-91af-0cdbe69345b3/build]   | [INFO] Running com.thealgorithms.maths.AutomorphicNumberTest
[835d2533-4758-49e6-91af-0cdbe69345b3/build]   | [INFO] Tests run: 1, Failures: 0, Errors: 0, Skipped: 0, Time elapsed: 0.001 s - in com.thealgorithms.maths.AutomorphicNumberTest
[835d2533-4758-49e6-91af-0cdbe69345b3/build]   | [INFO] Running com.thealgorithms.maths.SquareRootwithBabylonianMethodTest
[835d2533-4758-49e6-91af-0cdbe69345b3/build]   | [INFO] Tests run: 4, Failures: 0, Errors: 0, Skipped: 0, Time elapsed: 0.001 s - in com.thealgorithms.maths.SquareRootwithBabylonianMethodTest
[835d2533-4758-49e6-91af-0cdbe69345b3/build]   | [INFO] Running com.thealgorithms.maths.PerfectNumberTest
[835d2533-4758-49e6-91af-0cdbe69345b3/build]   | [INFO] Tests run: 1, Failures: 0, Errors: 0, Skipped: 0, Time elapsed: 0.272 s - in com.thealgorithms.maths.PerfectNumberTest
[835d2533-4758-49e6-91af-0cdbe69345b3/build]   | [INFO] Running com.thealgorithms.maths.GCDTest
[835d2533-4758-49e6-91af-0cdbe69345b3/build]   | [INFO] Tests run: 10, Failures: 0, Errors: 0, Skipped: 0, Time elapsed: 0.003 s - in com.thealgorithms.maths.GCDTest
[835d2533-4758-49e6-91af-0cdbe69345b3/build]   | [INFO] Running com.thealgorithms.maths.FindMaxTest
[835d2533-4758-49e6-91af-0cdbe69345b3/build]   | [INFO] Tests run: 1, Failures: 0, Errors: 0, Skipped: 0, Time elapsed: 0 s - in com.thealgorithms.maths.FindMaxTest
[835d2533-4758-49e6-91af-0cdbe69345b3/build]   | [INFO] Running com.thealgorithms.maths.PrimeFactorizationTest
[835d2533-4758-49e6-91af-0cdbe69345b3/build]   | [INFO] Tests run: 2, Failures: 0, Errors: 0, Skipped: 0, Time elapsed: 0.001 s - in com.thealgorithms.maths.PrimeFactorizationTest
[835d2533-4758-49e6-91af-0cdbe69345b3/build]   | [INFO] Running com.thealgorithms.maths.FrizzyNumberTest
[835d2533-4758-49e6-91af-0cdbe69345b3/build]   | [INFO] Tests run: 3, Failures: 0, Errors: 0, Skipped: 0, Time elapsed: 0.001 s - in com.thealgorithms.maths.FrizzyNumberTest
[835d2533-4758-49e6-91af-0cdbe69345b3/build]   | [INFO] Running com.thealgorithms.maths.LeastCommonMultipleTest
[835d2533-4758-49e6-91af-0cdbe69345b3/build]   | [INFO] Tests run: 2, Failures: 0, Errors: 0, Skipped: 0, Time elapsed: 0 s - in com.thealgorithms.maths.LeastCommonMultipleTest
[835d2533-4758-49e6-91af-0cdbe69345b3/build]   | [INFO] Running com.thealgorithms.maths.PythagoreanTripleTest
[835d2533-4758-49e6-91af-0cdbe69345b3/build]   | [INFO] Tests run: 1, Failures: 0, Errors: 0, Skipped: 0, Time elapsed: 0 s - in com.thealgorithms.maths.PythagoreanTripleTest
[835d2533-4758-49e6-91af-0cdbe69345b3/build]   | [INFO] Running com.thealgorithms.maths.PerfectSquareTest
[835d2533-4758-49e6-91af-0cdbe69345b3/build]   | [INFO] Tests run: 3, Failures: 0, Errors: 0, Skipped: 0, Time elapsed: 0.001 s - in com.thealgorithms.maths.PerfectSquareTest
[835d2533-4758-49e6-91af-0cdbe69345b3/build]   | [INFO] Running com.thealgorithms.maths.PerfectCubeTest
[835d2533-4758-49e6-91af-0cdbe69345b3/build]   | [INFO] Tests run: 1, Failures: 0, Errors: 0, Skipped: 0, Time elapsed: 0 s - in com.thealgorithms.maths.PerfectCubeTest
[835d2533-4758-49e6-91af-0cdbe69345b3/build]   | [INFO] Running com.thealgorithms.maths.CombinationsTest
[835d2533-4758-49e6-91af-0cdbe69345b3/build]   | [INFO] Tests run: 2, Failures: 0, Errors: 0, Skipped: 0, Time elapsed: 0.001 s - in com.thealgorithms.maths.CombinationsTest
[835d2533-4758-49e6-91af-0cdbe69345b3/build]   | [INFO] Running com.thealgorithms.maths.MedianTest
[835d2533-4758-49e6-91af-0cdbe69345b3/build]   | [INFO] Tests run: 5, Failures: 0, Errors: 0, Skipped: 0, Time elapsed: 0 s - in com.thealgorithms.maths.MedianTest
[835d2533-4758-49e6-91af-0cdbe69345b3/build]   | [INFO] Running com.thealgorithms.maths.AverageTest
[835d2533-4758-49e6-91af-0cdbe69345b3/build]   | [INFO] Tests run: 4, Failures: 0, Errors: 0, Skipped: 0, Time elapsed: 0.001 s - in com.thealgorithms.maths.AverageTest
[835d2533-4758-49e6-91af-0cdbe69345b3/build]   | [INFO] Running com.thealgorithms.maths.VolumeTest
[835d2533-4758-49e6-91af-0cdbe69345b3/build]   | [INFO] Tests run: 1, Failures: 0, Errors: 0, Skipped: 0, Time elapsed: 0.001 s - in com.thealgorithms.maths.VolumeTest
[835d2533-4758-49e6-91af-0cdbe69345b3/build]   | [INFO] Running com.thealgorithms.maths.AbsoluteValueTest
[835d2533-4758-49e6-91af-0cdbe69345b3/build]   | [INFO] Tests run: 1, Failures: 0, Errors: 0, Skipped: 0, Time elapsed: 0.004 s - in com.thealgorithms.maths.AbsoluteValueTest
[835d2533-4758-49e6-91af-0cdbe69345b3/build]   | [INFO] Running com.thealgorithms.maths.FindMinTest
[835d2533-4758-49e6-91af-0cdbe69345b3/build]   | [ERROR] Tests run: 5, Failures: 1, Errors: 0, Skipped: 0, Time elapsed: 0.011 s <<< FAILURE! - in com.thealgorithms.maths.FindMinTest
[835d2533-4758-49e6-91af-0cdbe69345b3/build]   | [ERROR] testFindMinThrowsExceptionForEmptyInput  Time elapsed: 0.011 s  <<< FAILURE!
[835d2533-4758-49e6-91af-0cdbe69345b3/build]   | org.opentest4j.AssertionFailedError: Unexpected exception type thrown, expected: <java.lang.IllegalArgumentException> but was: <java.lang.ArrayIndexOutOfBoundsException>
[835d2533-4758-49e6-91af-0cdbe69345b3/build]   | 	at com.thealgorithms.maths.FindMinTest.testFindMinThrowsExceptionForEmptyInput(FindMinTest.java:35)
[835d2533-4758-49e6-91af-0cdbe69345b3/build]   | Caused by: java.lang.ArrayIndexOutOfBoundsException: Index 0 out of bounds for length 0
[835d2533-4758-49e6-91af-0cdbe69345b3/build]   | 	at com.thealgorithms.maths.FindMinTest.lambda$testFindMinThrowsExceptionForEmptyInput$0(FindMinTest.java:37)
[835d2533-4758-49e6-91af-0cdbe69345b3/build]   | 	at com.thealgorithms.maths.FindMinTest.testFindMinThrowsExceptionForEmptyInput(FindMinTest.java:35)
[835d2533-4758-49e6-91af-0cdbe69345b3/build]   | 
[835d2533-4758-49e6-91af-0cdbe69345b3/build]   | [INFO] Running com.thealgorithms.maths.AbsoluteMaxTest
[835d2533-4758-49e6-91af-0cdbe69345b3/build]   | [INFO] Tests run: 2, Failures: 0, Errors: 0, Skipped: 0, Time elapsed: 0 s - in com.thealgorithms.maths.AbsoluteMaxTest
[835d2533-4758-49e6-91af-0cdbe69345b3/build]   | [INFO] Running com.thealgorithms.maths.PronicNumberTest
[835d2533-4758-49e6-91af-0cdbe69345b3/build]   | [INFO] Tests run: 2, Failures: 0, Errors: 0, Skipped: 0, Time elapsed: 0 s - in com.thealgorithms.maths.PronicNumberTest
[835d2533-4758-49e6-91af-0cdbe69345b3/build]   | [INFO] Running com.thealgorithms.scheduling.FCFSSchedulingTest
[835d2533-4758-49e6-91af-0cdbe69345b3/build]   | [INFO] Tests run: 1, Failures: 0, Errors: 0, Skipped: 0, Time elapsed: 0 s - in com.thealgorithms.scheduling.FCFSSchedulingTest
[835d2533-4758-49e6-91af-0cdbe69345b3/build]   | [INFO] Running com.thealgorithms.scheduling.RRSchedulingTest
[835d2533-4758-49e6-91af-0cdbe69345b3/build]   | [INFO] Tests run: 1, Failures: 0, Errors: 0, Skipped: 0, Time elapsed: 0 s - in com.thealgorithms.scheduling.RRSchedulingTest
[835d2533-4758-49e6-91af-0cdbe69345b3/build]   | [INFO] Running com.thealgorithms.scheduling.SJFSchedulingTest
[835d2533-4758-49e6-91af-0cdbe69345b3/build]   | [INFO] Tests run: 7, Failures: 0, Errors: 0, Skipped: 0, Time elapsed: 0 s - in com.thealgorithms.scheduling.SJFSchedulingTest
[835d2533-4758-49e6-91af-0cdbe69345b3/build]   | [INFO] Running com.thealgorithms.sorts.MergeSortRecursiveTest
[835d2533-4758-49e6-91af-0cdbe69345b3/build]   | [INFO] Tests run: 2, Failures: 0, Errors: 0, Skipped: 0, Time elapsed: 0.002 s - in com.thealgorithms.sorts.MergeSortRecursiveTest
[835d2533-4758-49e6-91af-0cdbe69345b3/build]   | [INFO] Running com.thealgorithms.sorts.SortUtilsRandomGeneratorTest
[835d2533-4758-49e6-91af-0cdbe69345b3/build]   | [INFO] Tests run: 2001, Failures: 0, Errors: 0, Skipped: 0, Time elapsed: 0.549 s - in com.thealgorithms.sorts.SortUtilsRandomGeneratorTest
[835d2533-4758-49e6-91af-0cdbe69345b3/build]   | [INFO] Running com.thealgorithms.sorts.BucketSortTest
[835d2533-4758-49e6-91af-0cdbe69345b3/build]   | [INFO] Tests run: 5, Failures: 0, Errors: 0, Skipped: 0, Time elapsed: 0 s - in com.thealgorithms.sorts.BucketSortTest
[835d2533-4758-49e6-91af-0cdbe69345b3/build]   | [INFO] Running com.thealgorithms.sorts.ShellSortTest
[835d2533-4758-49e6-91af-0cdbe69345b3/build]   | [INFO] Tests run: 7, Failures: 0, Errors: 0, Skipped: 0, Time elapsed: 0 s - in com.thealgorithms.sorts.ShellSortTest
[835d2533-4758-49e6-91af-0cdbe69345b3/build]   | [INFO] Running com.thealgorithms.sorts.TimSortTest
[835d2533-4758-49e6-91af-0cdbe69345b3/build]   | [INFO] Tests run: 16, Failures: 0, Errors: 0, Skipped: 0, Time elapsed: 0 s - in com.thealgorithms.sorts.TimSortTest
[835d2533-4758-49e6-91af-0cdbe69345b3/build]   | [INFO] Running com.thealgorithms.sorts.SortUtilsTest
[835d2533-4758-49e6-91af-0cdbe69345b3/build]   | [INFO] Tests run: 6, Failures: 0, Errors: 0, Skipped: 0, Time elapsed: 0 s - in com.thealgorithms.sorts.SortUtilsTest
[835d2533-4758-49e6-91af-0cdbe69345b3/build]   | [INFO] Running com.thealgorithms.sorts.CocktailShakerSortTest
[835d2533-4758-49e6-91af-0cdbe69345b3/build]   | [INFO] Tests run: 4, Failures: 0, Errors: 0, Skipped: 0, Time elapsed: 0 s - in com.thealgorithms.sorts.CocktailShakerSortTest
[835d2533-4758-49e6-91af-0cdbe69345b3/build]   | [INFO] Running com.thealgorithms.sorts.TreeSortTest
[835d2533-4758-49e6-91af-0cdbe69345b3/build]   | [INFO] Tests run: 5, Failures: 0, Errors: 0, Skipped: 0, Time elapsed: 0 s - in com.thealgorithms.sorts.TreeSortTest
[835d2533-4758-49e6-91af-0cdbe69345b3/build]   | [INFO] Running com.thealgorithms.sorts.InsertionSortTest
[835d2533-4758-49e6-91af-0cdbe69345b3/build]   | [INFO] Tests run: 7, Failures: 0, Errors: 0, Skipped: 0, Time elapsed: 0.099 s - in com.thealgorithms.sorts.InsertionSortTest
[835d2533-4758-49e6-91af-0cdbe69345b3/build]   | [INFO] Running com.thealgorithms.sorts.TopologicalSortTest
[835d2533-4758-49e6-91af-0cdbe69345b3/build]   | [INFO] Tests run: 2, Failures: 0, Errors: 0, Skipped: 0, Time elapsed: 0.003 s - in com.thealgorithms.sorts.TopologicalSortTest
[835d2533-4758-49e6-91af-0cdbe69345b3/build]   | [INFO] Running com.thealgorithms.sorts.OddEvenSortTest
[835d2533-4758-49e6-91af-0cdbe69345b3/build]   | [INFO] Tests run: 3, Failures: 0, Errors: 0, Skipped: 0, Time elapsed: 0 s - in com.thealgorithms.sorts.OddEvenSortTest
[835d2533-4758-49e6-91af-0cdbe69345b3/build]   | [INFO] Running com.thealgorithms.sorts.HeapSortTest
[835d2533-4758-49e6-91af-0cdbe69345b3/build]   | [INFO] Tests run: 16, Failures: 0, Errors: 0, Skipped: 0, Time elapsed: 0.024 s - in com.thealgorithms.sorts.HeapSortTest
[835d2533-4758-49e6-91af-0cdbe69345b3/build]   | [INFO] Running com.thealgorithms.sorts.SelectionSortTest
[835d2533-4758-49e6-91af-0cdbe69345b3/build]   | [INFO] Tests run: 3, Failures: 0, Errors: 0, Skipped: 0, Time elapsed: 0 s - in com.thealgorithms.sorts.SelectionSortTest
[835d2533-4758-49e6-91af-0cdbe69345b3/build]   | [INFO] Running com.thealgorithms.sorts.BubbleSortTest
[835d2533-4758-49e6-91af-0cdbe69345b3/build]   | [INFO] Tests run: 5, Failures: 0, Errors: 0, Skipped: 0, Time elapsed: 0 s - in com.thealgorithms.sorts.BubbleSortTest
[835d2533-4758-49e6-91af-0cdbe69345b3/build]   | [INFO] Running com.thealgorithms.sorts.BogoSortTest
[835d2533-4758-49e6-91af-0cdbe69345b3/build]   | [INFO] Tests run: 7, Failures: 0, Errors: 0, Skipped: 0, Time elapsed: 0.014 s - in com.thealgorithms.sorts.BogoSortTest
[835d2533-4758-49e6-91af-0cdbe69345b3/build]   | [INFO] Running com.thealgorithms.sorts.CombSortTest
[835d2533-4758-49e6-91af-0cdbe69345b3/build]   | [INFO] Tests run: 5, Failures: 0, Errors: 0, Skipped: 0, Time elapsed: 0 s - in com.thealgorithms.sorts.CombSortTest
[835d2533-4758-49e6-91af-0cdbe69345b3/build]   | [INFO] Running com.thealgorithms.sorts.BinaryInsertionSortTest
[835d2533-4758-49e6-91af-0cdbe69345b3/build]   | [INFO] Tests run: 2, Failures: 0, Errors: 0, Skipped: 0, Time elapsed: 0 s - in com.thealgorithms.sorts.BinaryInsertionSortTest
[835d2533-4758-49e6-91af-0cdbe69345b3/build]   | [INFO] Running com.thealgorithms.sorts.WiggleSortTest
[835d2533-4758-49e6-91af-0cdbe69345b3/build]   | [2, 5, 1, 2, 1, 2]
[835d2533-4758-49e6-91af-0cdbe69345b3/build]   | [INFO] Tests run: 7, Failures: 0, Errors: 0, Skipped: 0, Time elapsed: 0 s - in com.thealgorithms.sorts.WiggleSortTest
[835d2533-4758-49e6-91af-0cdbe69345b3/build]   | [INFO] Running com.thealgorithms.sorts.QuickSortTest
[835d2533-4758-49e6-91af-0cdbe69345b3/build]   | [INFO] Tests run: 16, Failures: 0, Errors: 0, Skipped: 0, Time elapsed: 0.015 s - in com.thealgorithms.sorts.QuickSortTest
[835d2533-4758-49e6-91af-0cdbe69345b3/build]   | [INFO] Running com.thealgorithms.sorts.MergeSortTest
[835d2533-4758-49e6-91af-0cdbe69345b3/build]   | [INFO] Tests run: 16, Failures: 0, Errors: 0, Skipped: 0, Time elapsed: 0.012 s - in com.thealgorithms.sorts.MergeSortTest
[835d2533-4758-49e6-91af-0cdbe69345b3/build]   | [INFO] Running com.thealgorithms.sorts.DutchNationalFlagSortTest
[835d2533-4758-49e6-91af-0cdbe69345b3/build]   | [INFO] Tests run: 8, Failures: 0, Errors: 0, Skipped: 0, Time elapsed: 0.001 s - in com.thealgorithms.sorts.DutchNationalFlagSortTest
[835d2533-4758-49e6-91af-0cdbe69345b3/build]   | [INFO] Running com.thealgorithms.sorts.BeadSortTest
[835d2533-4758-49e6-91af-0cdbe69345b3/build]   | [INFO] Tests run: 4, Failures: 0, Errors: 0, Skipped: 0, Time elapsed: 0 s - in com.thealgorithms.sorts.BeadSortTest
[835d2533-4758-49e6-91af-0cdbe69345b3/build]   | [INFO] Running com.thealgorithms.sorts.StrandSortTest
[835d2533-4758-49e6-91af-0cdbe69345b3/build]   | [INFO] Tests run: 2, Failures: 0, Errors: 0, Skipped: 0, Time elapsed: 0 s - in com.thealgorithms.sorts.StrandSortTest
[835d2533-4758-49e6-91af-0cdbe69345b3/build]   | [INFO] Running com.thealgorithms.sorts.IntrospectiveSortTest
[835d2533-4758-49e6-91af-0cdbe69345b3/build]   | [INFO] Tests run: 7, Failures: 0, Errors: 0, Skipped: 0, Time elapsed: 0 s - in com.thealgorithms.sorts.IntrospectiveSortTest
[835d2533-4758-49e6-91af-0cdbe69345b3/build]   | [INFO] Running com.thealgorithms.sorts.SimpleSortTest
[835d2533-4758-49e6-91af-0cdbe69345b3/build]   | [INFO] Tests run: 7, Failures: 0, Errors: 0, Skipped: 0, Time elapsed: 0 s - in com.thealgorithms.sorts.SimpleSortTest
[835d2533-4758-49e6-91af-0cdbe69345b3/build]   | [INFO] Running com.thealgorithms.sorts.DualPivotQuickSortTest
[835d2533-4758-49e6-91af-0cdbe69345b3/build]   | [INFO] Tests run: 6, Failures: 0, Errors: 0, Skipped: 0, Time elapsed: 0 s - in com.thealgorithms.sorts.DualPivotQuickSortTest
[835d2533-4758-49e6-91af-0cdbe69345b3/build]   | [INFO] Running com.thealgorithms.sorts.SlowSortTest
[835d2533-4758-49e6-91af-0cdbe69345b3/build]   | [INFO] Tests run: 8, Failures: 0, Errors: 0, Skipped: 0, Time elapsed: 0 s - in com.thealgorithms.sorts.SlowSortTest
[835d2533-4758-49e6-91af-0cdbe69345b3/build]   | [INFO] Running com.thealgorithms.divideandconquer.StrassenMatrixMultiplicationTest
[835d2533-4758-49e6-91af-0cdbe69345b3/build]   | [INFO] Tests run: 3, Failures: 0, Errors: 0, Skipped: 0, Time elapsed: 0 s - in com.thealgorithms.divideandconquer.StrassenMatrixMultiplicationTest
[835d2533-4758-49e6-91af-0cdbe69345b3/build]   | [INFO] Running com.thealgorithms.divideandconquer.BinaryExponentiationTest
[835d2533-4758-49e6-91af-0cdbe69345b3/build]   | [INFO] Tests run: 2, Failures: 0, Errors: 0, Skipped: 0, Time elapsed: 0 s - in com.thealgorithms.divideandconquer.BinaryExponentiationTest
[835d2533-4758-49e6-91af-0cdbe69345b3/build]   | [INFO] Running com.thealgorithms.strings.HammingDistanceTest
[835d2533-4758-49e6-91af-0cdbe69345b3/build]   | [INFO] Tests run: 2, Failures: 0, Errors: 0, Skipped: 0, Time elapsed: 0 s - in com.thealgorithms.strings.HammingDistanceTest
[835d2533-4758-49e6-91af-0cdbe69345b3/build]   | [INFO] Running com.thealgorithms.strings.WordLadderTest
[835d2533-4758-49e6-91af-0cdbe69345b3/build]   | [INFO] Tests run: 1, Failures: 0, Errors: 0, Skipped: 0, Time elapsed: 0 s - in com.thealgorithms.strings.WordLadderTest
[835d2533-4758-49e6-91af-0cdbe69345b3/build]   | [INFO] Running com.thealgorithms.strings.StringCompressionTest
[835d2533-4758-49e6-91af-0cdbe69345b3/build]   | [INFO] Tests run: 4, Failures: 0, Errors: 0, Skipped: 0, Time elapsed: 0.039 s - in com.thealgorithms.strings.StringCompressionTest
[835d2533-4758-49e6-91af-0cdbe69345b3/build]   | [INFO] Running com.thealgorithms.strings.CharacterSameTest
[835d2533-4758-49e6-91af-0cdbe69345b3/build]   | [INFO] Tests run: 1, Failures: 0, Errors: 0, Skipped: 0, Time elapsed: 0 s - in com.thealgorithms.strings.CharacterSameTest
[835d2533-4758-49e6-91af-0cdbe69345b3/build]   | [INFO] Running com.thealgorithms.strings.longestNonRepeativeSubstringTest
[835d2533-4758-49e6-91af-0cdbe69345b3/build]   | [INFO] Tests run: 1, Failures: 0, Errors: 0, Skipped: 0, Time elapsed: 0 s - in com.thealgorithms.strings.longestNonRepeativeSubstringTest
[835d2533-4758-49e6-91af-0cdbe69345b3/build]   | [INFO] Running com.thealgorithms.strings.RotationTest
[835d2533-4758-49e6-91af-0cdbe69345b3/build]   | [INFO] Tests run: 1, Failures: 0, Errors: 0, Skipped: 0, Time elapsed: 0 s - in com.thealgorithms.strings.RotationTest
[835d2533-4758-49e6-91af-0cdbe69345b3/build]   | [INFO] Running com.thealgorithms.strings.AnagramsTest
[835d2533-4758-49e6-91af-0cdbe69345b3/build]   | [INFO] Tests run: 1, Failures: 0, Errors: 0, Skipped: 0, Time elapsed: 0 s - in com.thealgorithms.strings.AnagramsTest
[835d2533-4758-49e6-91af-0cdbe69345b3/build]   | [INFO] Running com.thealgorithms.strings.MyAtoiTest
[835d2533-4758-49e6-91af-0cdbe69345b3/build]   | [INFO] Tests run: 7, Failures: 0, Errors: 0, Skipped: 0, Time elapsed: 0 s - in com.thealgorithms.strings.MyAtoiTest
[835d2533-4758-49e6-91af-0cdbe69345b3/build]   | [INFO] Running com.thealgorithms.strings.AlphabeticalTest
[835d2533-4758-49e6-91af-0cdbe69345b3/build]   | [INFO] Tests run: 1, Failures: 0, Errors: 0, Skipped: 0, Time elapsed: 0 s - in com.thealgorithms.strings.AlphabeticalTest
[835d2533-4758-49e6-91af-0cdbe69345b3/build]   | [INFO] Running com.thealgorithms.strings.LowerTest
[835d2533-4758-49e6-91af-0cdbe69345b3/build]   | [INFO] Tests run: 1, Failures: 0, Errors: 0, Skipped: 0, Time elapsed: 0 s - in com.thealgorithms.strings.LowerTest
[835d2533-4758-49e6-91af-0cdbe69345b3/build]   | [INFO] Running com.thealgorithms.strings.CheckAnagramsTest
[835d2533-4758-49e6-91af-0cdbe69345b3/build]   | [INFO] Tests run: 4, Failures: 0, Errors: 0, Skipped: 0, Time elapsed: 0 s - in com.thealgorithms.strings.CheckAnagramsTest
[835d2533-4758-49e6-91af-0cdbe69345b3/build]   | [INFO] Running com.thealgorithms.strings.ReverseStringRecursiveTest
[835d2533-4758-49e6-91af-0cdbe69345b3/build]   | [INFO] Tests run: 3, Failures: 0, Errors: 0, Skipped: 0, Time elapsed: 0.001 s - in com.thealgorithms.strings.ReverseStringRecursiveTest
[835d2533-4758-49e6-91af-0cdbe69345b3/build]   | [INFO] Running com.thealgorithms.strings.UpperTest
[835d2533-4758-49e6-91af-0cdbe69345b3/build]   | [INFO] Tests run: 1, Failures: 0, Errors: 0, Skipped: 0, Time elapsed: 0 s - in com.thealgorithms.strings.UpperTest
[835d2533-4758-49e6-91af-0cdbe69345b3/build]   | [INFO] Running com.thealgorithms.strings.LetterCombinationsOfPhoneNumberTest
[835d2533-4758-49e6-91af-0cdbe69345b3/build]   | [INFO] Tests run: 1, Failures: 0, Errors: 0, Skipped: 0, Time elapsed: 0 s - in com.thealgorithms.strings.LetterCombinationsOfPhoneNumberTest
[835d2533-4758-49e6-91af-0cdbe69345b3/build]   | [INFO] Running com.thealgorithms.strings.zigZagPattern.zigZagPatternTest
[835d2533-4758-49e6-91af-0cdbe69345b3/build]   | [INFO] Tests run: 1, Failures: 0, Errors: 0, Skipped: 0, Time elapsed: 0 s - in com.thealgorithms.strings.zigZagPattern.zigZagPatternTest
[835d2533-4758-49e6-91af-0cdbe69345b3/build]   | [INFO] Running com.thealgorithms.strings.ReverseStringTest
[835d2533-4758-49e6-91af-0cdbe69345b3/build]   | [INFO] Tests run: 1, Failures: 0, Errors: 0, Skipped: 0, Time elapsed: 0 s - in com.thealgorithms.strings.ReverseStringTest
[835d2533-4758-49e6-91af-0cdbe69345b3/build]   | [INFO] Running com.thealgorithms.strings.PalindromeTest
[835d2533-4758-49e6-91af-0cdbe69345b3/build]   | [INFO] Tests run: 1, Failures: 0, Errors: 0, Skipped: 0, Time elapsed: 0 s - in com.thealgorithms.strings.PalindromeTest
[835d2533-4758-49e6-91af-0cdbe69345b3/build]   | [INFO] Running com.thealgorithms.strings.PangramTest
[835d2533-4758-49e6-91af-0cdbe69345b3/build]   | [INFO] Tests run: 1, Failures: 0, Errors: 0, Skipped: 0, Time elapsed: 0 s - in com.thealgorithms.strings.PangramTest
[835d2533-4758-49e6-91af-0cdbe69345b3/build]   | [INFO] Running com.thealgorithms.strings.CheckVowelsTest
[835d2533-4758-49e6-91af-0cdbe69345b3/build]   | [INFO] Tests run: 1, Failures: 0, Errors: 0, Skipped: 0, Time elapsed: 0 s - in com.thealgorithms.strings.CheckVowelsTest
[835d2533-4758-49e6-91af-0cdbe69345b3/build]   | [INFO] Running com.thealgorithms.strings.ValidParenthesesTest
[835d2533-4758-49e6-91af-0cdbe69345b3/build]   | [INFO] Tests run: 3, Failures: 0, Errors: 0, Skipped: 0, Time elapsed: 0 s - in com.thealgorithms.strings.ValidParenthesesTest
[835d2533-4758-49e6-91af-0cdbe69345b3/build]   | [INFO] Running com.thealgorithms.strings.HorspoolSearchTest
[835d2533-4758-49e6-91af-0cdbe69345b3/build]   | [INFO] Tests run: 13, Failures: 0, Errors: 0, Skipped: 0, Time elapsed: 0 s - in com.thealgorithms.strings.HorspoolSearchTest
[835d2533-4758-49e6-91af-0cdbe69345b3/build]   | [INFO] Running com.thealgorithms.dynamicprogramming.PartitionProblemTest
[835d2533-4758-49e6-91af-0cdbe69345b3/build]   | [INFO] Tests run: 4, Failures: 0, Errors: 0, Skipped: 0, Time elapsed: 0 s - in com.thealgorithms.dynamicprogramming.PartitionProblemTest
[835d2533-4758-49e6-91af-0cdbe69345b3/build]   | [INFO] Running com.thealgorithms.dynamicprogramming.OptimalJobSchedulingTest
[835d2533-4758-49e6-91af-0cdbe69345b3/build]   | 5 1 3 2 
[835d2533-4758-49e6-91af-0cdbe69345b3/build]   | 6 3 4 5 
[835d2533-4758-49e6-91af-0cdbe69345b3/build]   | 5 8 6 6 
[835d2533-4758-49e6-91af-0cdbe69345b3/build]   | 7 9 10 8 
[835d2533-4758-49e6-91af-0cdbe69345b3/build]   | 8 9 12 9 
[835d2533-4758-49e6-91af-0cdbe69345b3/build]   | 
[835d2533-4758-49e6-91af-0cdbe69345b3/build]   | 5 1 3 
[835d2533-4758-49e6-91af-0cdbe69345b3/build]   | 6 3 4 
[835d2533-4758-49e6-91af-0cdbe69345b3/build]   | 5 8 6 
[835d2533-4758-49e6-91af-0cdbe69345b3/build]   | 
[835d2533-4758-49e6-91af-0cdbe69345b3/build]   | 5 1 3 2 
[835d2533-4758-49e6-91af-0cdbe69345b3/build]   | 6 3 4 3 
[835d2533-4758-49e6-91af-0cdbe69345b3/build]   | 5 8 6 9 
[835d2533-4758-49e6-91af-0cdbe69345b3/build]   | 6 7 8 9 
[835d2533-4758-49e6-91af-0cdbe69345b3/build]   | 8 8 12 13 
[835d2533-4758-49e6-91af-0cdbe69345b3/build]   | 11 10 12 12 
[835d2533-4758-49e6-91af-0cdbe69345b3/build]   | 
[835d2533-4758-49e6-91af-0cdbe69345b3/build]   | [INFO] Tests run: 3, Failures: 0, Errors: 0, Skipped: 0, Time elapsed: 0.002 s - in com.thealgorithms.dynamicprogramming.OptimalJobSchedulingTest
[835d2533-4758-49e6-91af-0cdbe69345b3/build]   | [INFO] Running com.thealgorithms.dynamicprogramming.LevenshteinDistanceTests
[835d2533-4758-49e6-91af-0cdbe69345b3/build]   | [INFO] Tests run: 4, Failures: 0, Errors: 0, Skipped: 0, Time elapsed: 0.003 s - in com.thealgorithms.dynamicprogramming.LevenshteinDistanceTests
[835d2533-4758-49e6-91af-0cdbe69345b3/build]   | [INFO] Running com.thealgorithms.dynamicprogramming.SubsetCountTest
[835d2533-4758-49e6-91af-0cdbe69345b3/build]   | [INFO] Tests run: 4, Failures: 0, Errors: 0, Skipped: 0, Time elapsed: 0 s - in com.thealgorithms.dynamicprogramming.SubsetCountTest
[835d2533-4758-49e6-91af-0cdbe69345b3/build]   | [INFO] Running com.thealgorithms.dynamicprogramming.climbStairsTest
[835d2533-4758-49e6-91af-0cdbe69345b3/build]   | [INFO] Tests run: 5, Failures: 0, Errors: 0, Skipped: 0, Time elapsed: 0.001 s - in com.thealgorithms.dynamicprogramming.climbStairsTest
[835d2533-4758-49e6-91af-0cdbe69345b3/build]   | [INFO] Running com.thealgorithms.dynamicprogramming.KnapsackMemoizationTest
[835d2533-4758-49e6-91af-0cdbe69345b3/build]   | [INFO] Tests run: 3, Failures: 0, Errors: 0, Skipped: 0, Time elapsed: 0.001 s - in com.thealgorithms.dynamicprogramming.KnapsackMemoizationTest
[835d2533-4758-49e6-91af-0cdbe69345b3/build]   | [INFO] Running com.thealgorithms.dynamicprogramming.EggDroppingTest
[835d2533-4758-49e6-91af-0cdbe69345b3/build]   | [INFO] Tests run: 4, Failures: 0, Errors: 0, Skipped: 0, Time elapsed: 0.009 s - in com.thealgorithms.dynamicprogramming.EggDroppingTest
[835d2533-4758-49e6-91af-0cdbe69345b3/build]   | [INFO] Running com.thealgorithms.dynamicprogramming.CatalanNumberTest
[835d2533-4758-49e6-91af-0cdbe69345b3/build]   | [INFO] Tests run: 1, Failures: 0, Errors: 0, Skipped: 0, Time elapsed: 0 s - in com.thealgorithms.dynamicprogramming.CatalanNumberTest
[835d2533-4758-49e6-91af-0cdbe69345b3/build]   | [INFO] Running com.thealgorithms.datastructures.buffers.CircularBufferTest
[835d2533-4758-49e6-91af-0cdbe69345b3/build]   | [INFO] Tests run: 1004, Failures: 0, Errors: 0, Skipped: 0, Time elapsed: 0.897 s - in com.thealgorithms.datastructures.buffers.CircularBufferTest
[835d2533-4758-49e6-91af-0cdbe69345b3/build]   | [INFO] Running com.thealgorithms.datastructures.lists.SinglyLinkedListTest
[835d2533-4758-49e6-91af-0cdbe69345b3/build]   | [INFO] Tests run: 9, Failures: 0, Errors: 0, Skipped: 0, Time elapsed: 0 s - in com.thealgorithms.datastructures.lists.SinglyLinkedListTest
[835d2533-4758-49e6-91af-0cdbe69345b3/build]   | [INFO] Running com.thealgorithms.datastructures.lists.SkipListTest
[835d2533-4758-49e6-91af-0cdbe69345b3/build]   | [ ] --- --- --- --- 
[835d2533-4758-49e6-91af-0cdbe69345b3/build]   | [ ] --- --- --- --- 
[835d2533-4758-49e6-91af-0cdbe69345b3/build]   | [ ] --- --- --- --- 
[835d2533-4758-49e6-91af-0cdbe69345b3/build]   | [ ] --- --- --- --- 
[835d2533-4758-49e6-91af-0cdbe69345b3/build]   | [ ] --- --- --- --- 
[835d2533-4758-49e6-91af-0cdbe69345b3/build]   | [ ] [ ] --- --- --- 
[835d2533-4758-49e6-91af-0cdbe69345b3/build]   | [ ] [ ] --- --- --- 
[835d2533-4758-49e6-91af-0cdbe69345b3/build]   | [ ] [ ] [ ] [ ] [ ] 
[835d2533-4758-49e6-91af-0cdbe69345b3/build]   |  H   0   1   2   3
[835d2533-4758-49e6-91af-0cdbe69345b3/build]   | 
[835d2533-4758-49e6-91af-0cdbe69345b3/build]   | [ ] --- --- --- --- --- --- --- --- --- --- --- 
[835d2533-4758-49e6-91af-0cdbe69345b3/build]   | [ ] --- --- --- --- --- --- --- --- --- --- --- 
[835d2533-4758-49e6-91af-0cdbe69345b3/build]   | [ ] --- --- --- --- --- --- --- --- --- --- --- 
[835d2533-4758-49e6-91af-0cdbe69345b3/build]   | [ ] --- --- --- --- --- --- --- [ ] --- --- --- 
[835d2533-4758-49e6-91af-0cdbe69345b3/build]   | [ ] --- --- [ ] --- --- [ ] --- [ ] --- --- --- 
[835d2533-4758-49e6-91af-0cdbe69345b3/build]   | [ ] --- [ ] [ ] --- --- [ ] --- [ ] --- --- [ ] 
[835d2533-4758-49e6-91af-0cdbe69345b3/build]   | [ ] --- [ ] [ ] --- --- [ ] --- [ ] --- --- [ ] 
[835d2533-4758-49e6-91af-0cdbe69345b3/build]   | [ ] [ ] [ ] [ ] [ ] [ ] [ ] [ ] [ ] [ ] [ ] [ ] 
[835d2533-4758-49e6-91af-0cdbe69345b3/build]   |  H   0   1   2   3   4   5   6   7   8   9  10
[835d2533-4758-49e6-91af-0cdbe69345b3/build]   | 
[835d2533-4758-49e6-91af-0cdbe69345b3/build]   | [ ] --- 
[835d2533-4758-49e6-91af-0cdbe69345b3/build]   | [ ] --- 
[835d2533-4758-49e6-91af-0cdbe69345b3/build]   | [ ] --- 
[835d2533-4758-49e6-91af-0cdbe69345b3/build]   | [ ] --- 
[835d2533-4758-49e6-91af-0cdbe69345b3/build]   | [ ] --- 
[835d2533-4758-49e6-91af-0cdbe69345b3/build]   | [ ] --- 
[835d2533-4758-49e6-91af-0cdbe69345b3/build]   | [ ] --- 
[835d2533-4758-49e6-91af-0cdbe69345b3/build]   | [ ] [ ] 
[835d2533-4758-49e6-91af-0cdbe69345b3/build]   |  H   0
[835d2533-4758-49e6-91af-0cdbe69345b3/build]   | 
[835d2533-4758-49e6-91af-0cdbe69345b3/build]   | [ ] --- 
[835d2533-4758-49e6-91af-0cdbe69345b3/build]   | [ ] --- 
[835d2533-4758-49e6-91af-0cdbe69345b3/build]   | [ ] --- 
[835d2533-4758-49e6-91af-0cdbe69345b3/build]   | [ ] --- 
[835d2533-4758-49e6-91af-0cdbe69345b3/build]   | [ ] --- 
[835d2533-4758-49e6-91af-0cdbe69345b3/build]   | [ ] --- 
[835d2533-4758-49e6-91af-0cdbe69345b3/build]   | [ ] [ ] 
[835d2533-4758-49e6-91af-0cdbe69345b3/build]   | [ ] [ ] 
[835d2533-4758-49e6-91af-0cdbe69345b3/build]   |  H   0
[835d2533-4758-49e6-91af-0cdbe69345b3/build]   | 
[835d2533-4758-49e6-91af-0cdbe69345b3/build]   | [ ] --- --- --- --- --- --- --- --- --- --- --- 
[835d2533-4758-49e6-91af-0cdbe69345b3/build]   | [ ] --- --- --- --- --- --- --- --- --- --- --- 
[835d2533-4758-49e6-91af-0cdbe69345b3/build]   | [ ] --- --- --- --- --- --- --- --- --- --- --- 
[835d2533-4758-49e6-91af-0cdbe69345b3/build]   | [ ] --- --- --- --- --- --- --- --- --- --- --- 
[835d2533-4758-49e6-91af-0cdbe69345b3/build]   | [ ] --- --- [ ] --- --- --- --- --- --- --- --- 
[835d2533-4758-49e6-91af-0cdbe69345b3/build]   | [ ] --- --- [ ] [ ] [ ] --- --- --- --- --- --- 
[835d2533-4758-49e6-91af-0cdbe69345b3/build]   | [ ] [ ] --- [ ] [ ] [ ] [ ] --- --- [ ] --- [ ] 
[835d2533-4758-49e6-91af-0cdbe69345b3/build]   | [ ] [ ] [ ] [ ] [ ] [ ] [ ] [ ] [ ] [ ] [ ] [ ] 
[835d2533-4758-49e6-91af-0cdbe69345b3/build]   |  H   0   1   2   3   4   5   6   7   8   9  10
[835d2533-4758-49e6-91af-0cdbe69345b3/build]   | 
[835d2533-4758-49e6-91af-0cdbe69345b3/build]   | [ ] --- --- --- --- --- --- --- --- --- --- 
[835d2533-4758-49e6-91af-0cdbe69345b3/build]   | [ ] --- --- --- --- --- --- --- --- --- --- 
[835d2533-4758-49e6-91af-0cdbe69345b3/build]   | [ ] --- --- --- --- --- --- --- --- --- --- 
[835d2533-4758-49e6-91af-0cdbe69345b3/build]   | [ ] --- --- --- --- --- --- --- --- --- --- 
[835d2533-4758-49e6-91af-0cdbe69345b3/build]   | [ ] --- [ ] --- --- --- --- --- --- --- --- 
[835d2533-4758-49e6-91af-0cdbe69345b3/build]   | [ ] --- [ ] [ ] [ ] --- --- --- --- --- --- 
[835d2533-4758-49e6-91af-0cdbe69345b3/build]   | [ ] --- [ ] [ ] [ ] [ ] --- --- [ ] --- [ ] 
[835d2533-4758-49e6-91af-0cdbe69345b3/build]   | [ ] [ ] [ ] [ ] [ ] [ ] [ ] [ ] [ ] [ ] [ ] 
[835d2533-4758-49e6-91af-0cdbe69345b3/build]   |  H   0   1   2   3   4   5   6   7   8   9
[835d2533-4758-49e6-91af-0cdbe69345b3/build]   | 
[835d2533-4758-49e6-91af-0cdbe69345b3/build]   | [ ] --- --- --- --- --- --- --- --- --- --- --- 
[835d2533-4758-49e6-91af-0cdbe69345b3/build]   | [ ] --- --- --- --- --- --- --- --- --- --- --- 
[835d2533-4758-49e6-91af-0cdbe69345b3/build]   | [ ] --- --- --- --- --- --- --- --- --- --- --- 
[835d2533-4758-49e6-91af-0cdbe69345b3/build]   | [ ] --- --- --- --- [ ] --- --- --- --- --- --- 
[835d2533-4758-49e6-91af-0cdbe69345b3/build]   | [ ] --- --- --- [ ] [ ] --- [ ] [ ] --- --- --- 
[835d2533-4758-49e6-91af-0cdbe69345b3/build]   | [ ] --- --- --- [ ] [ ] --- [ ] [ ] --- --- --- 
[835d2533-4758-49e6-91af-0cdbe69345b3/build]   | [ ] --- [ ] --- [ ] [ ] [ ] [ ] [ ] --- [ ] --- 
[835d2533-4758-49e6-91af-0cdbe69345b3/build]   | [ ] [ ] [ ] [ ] [ ] [ ] [ ] [ ] [ ] [ ] [ ] [ ] 
[835d2533-4758-49e6-91af-0cdbe69345b3/build]   |  H   0   1   2   3   4   5   6   7   8   9  10
[835d2533-4758-49e6-91af-0cdbe69345b3/build]   | 
[835d2533-4758-49e6-91af-0cdbe69345b3/build]   | [ ] --- --- --- --- --- --- --- --- --- --- 
[835d2533-4758-49e6-91af-0cdbe69345b3/build]   | [ ] --- --- --- --- --- --- --- --- --- --- 
[835d2533-4758-49e6-91af-0cdbe69345b3/build]   | [ ] --- --- --- --- --- --- --- --- --- --- 
[835d2533-4758-49e6-91af-0cdbe69345b3/build]   | [ ] --- --- --- --- [ ] --- --- --- --- --- 
[835d2533-4758-49e6-91af-0cdbe69345b3/build]   | [ ] --- --- --- [ ] [ ] --- [ ] [ ] --- --- 
[835d2533-4758-49e6-91af-0cdbe69345b3/build]   | [ ] --- --- --- [ ] [ ] --- [ ] [ ] --- --- 
[835d2533-4758-49e6-91af-0cdbe69345b3/build]   | [ ] --- [ ] --- [ ] [ ] [ ] [ ] [ ] --- [ ] 
[835d2533-4758-49e6-91af-0cdbe69345b3/build]   | [ ] [ ] [ ] [ ] [ ] [ ] [ ] [ ] [ ] [ ] [ ] 
[835d2533-4758-49e6-91af-0cdbe69345b3/build]   |  H   0   1   2   3   4   5   6   7   8   9
[835d2533-4758-49e6-91af-0cdbe69345b3/build]   | 
[835d2533-4758-49e6-91af-0cdbe69345b3/build]   | [INFO] Tests run: 6, Failures: 0, Errors: 0, Skipped: 0, Time elapsed: 0.001 s - in com.thealgorithms.datastructures.lists.SkipListTest
[835d2533-4758-49e6-91af-0cdbe69345b3/build]   | [INFO] Running com.thealgorithms.datastructures.bloomfilter.BloomFilterTest
[835d2533-4758-49e6-91af-0cdbe69345b3/build]   | [INFO] Tests run: 2, Failures: 0, Errors: 0, Skipped: 0, Time elapsed: 0 s - in com.thealgorithms.datastructures.bloomfilter.BloomFilterTest
[835d2533-4758-49e6-91af-0cdbe69345b3/build]   | [INFO] Running com.thealgorithms.datastructures.queues.PriorityQueuesTest
[835d2533-4758-49e6-91af-0cdbe69345b3/build]   | [INFO] Tests run: 3, Failures: 0, Errors: 0, Skipped: 0, Time elapsed: 0 s - in com.thealgorithms.datastructures.queues.PriorityQueuesTest
[835d2533-4758-49e6-91af-0cdbe69345b3/build]   | [INFO] Running com.thealgorithms.datastructures.queues.LinkedQueueTest
[835d2533-4758-49e6-91af-0cdbe69345b3/build]   | [INFO] Tests run: 1, Failures: 0, Errors: 0, Skipped: 0, Time elapsed: 0 s - in com.thealgorithms.datastructures.queues.LinkedQueueTest
[835d2533-4758-49e6-91af-0cdbe69345b3/build]   | [INFO] Running com.thealgorithms.datastructures.heaps.LeftistHeapTest
[835d2533-4758-49e6-91af-0cdbe69345b3/build]   | [INFO] Tests run: 1, Failures: 0, Errors: 0, Skipped: 0, Time elapsed: 0.001 s - in com.thealgorithms.datastructures.heaps.LeftistHeapTest
[835d2533-4758-49e6-91af-0cdbe69345b3/build]   | [INFO] Running com.thealgorithms.datastructures.heaps.FibonacciHeapTest
[835d2533-4758-49e6-91af-0cdbe69345b3/build]   | [INFO] Tests run: 1, Failures: 0, Errors: 0, Skipped: 0, Time elapsed: 0 s - in com.thealgorithms.datastructures.heaps.FibonacciHeapTest
[835d2533-4758-49e6-91af-0cdbe69345b3/build]   | [INFO] Running com.thealgorithms.datastructures.graphs.TarjansAlgorithmTest
[835d2533-4758-49e6-91af-0cdbe69345b3/build]   | [INFO] Tests run: 2, Failures: 0, Errors: 0, Skipped: 0, Time elapsed: 0 s - in com.thealgorithms.datastructures.graphs.TarjansAlgorithmTest
[835d2533-4758-49e6-91af-0cdbe69345b3/build]   | [INFO] Running com.thealgorithms.datastructures.graphs.KosarajuTest
[835d2533-4758-49e6-91af-0cdbe69345b3/build]   | [INFO] Tests run: 2, Failures: 0, Errors: 0, Skipped: 0, Time elapsed: 0 s - in com.thealgorithms.datastructures.graphs.KosarajuTest
[835d2533-4758-49e6-91af-0cdbe69345b3/build]   | [INFO] Running com.thealgorithms.datastructures.graphs.HamiltonianCycleTest
[835d2533-4758-49e6-91af-0cdbe69345b3/build]   | [INFO] Tests run: 2, Failures: 0, Errors: 0, Skipped: 0, Time elapsed: 0 s - in com.thealgorithms.datastructures.graphs.HamiltonianCycleTest
[835d2533-4758-49e6-91af-0cdbe69345b3/build]   | [INFO] Running com.thealgorithms.datastructures.caches.LFUCacheTest
[835d2533-4758-49e6-91af-0cdbe69345b3/build]   | [INFO] Tests run: 3, Failures: 0, Errors: 0, Skipped: 0, Time elapsed: 0 s - in com.thealgorithms.datastructures.caches.LFUCacheTest
[835d2533-4758-49e6-91af-0cdbe69345b3/build]   | [INFO] Running com.thealgorithms.datastructures.caches.LRUCacheTest
[835d2533-4758-49e6-91af-0cdbe69345b3/build]   | [INFO] Tests run: 4, Failures: 0, Errors: 0, Skipped: 0, Time elapsed: 0.001 s - in com.thealgorithms.datastructures.caches.LRUCacheTest
[835d2533-4758-49e6-91af-0cdbe69345b3/build]   | [INFO] Running com.thealgorithms.datastructures.caches.MRUCacheTest
[835d2533-4758-49e6-91af-0cdbe69345b3/build]   | [INFO] Tests run: 4, Failures: 0, Errors: 0, Skipped: 0, Time elapsed: 0.001 s - in com.thealgorithms.datastructures.caches.MRUCacheTest
[835d2533-4758-49e6-91af-0cdbe69345b3/build]   | [INFO] Running com.thealgorithms.datastructures.hashmap.HashMapCuckooHashingTest
[835d2533-4758-49e6-91af-0cdbe69345b3/build]   | Infinite loop occurred, lengthening & rehashing table
[835d2533-4758-49e6-91af-0cdbe69345b3/build]   | Infinite loop occurred, lengthening & rehashing table
[835d2533-4758-49e6-91af-0cdbe69345b3/build]   | [INFO] Tests run: 8, Failures: 0, Errors: 0, Skipped: 0, Time elapsed: 0.001 s - in com.thealgorithms.datastructures.hashmap.HashMapCuckooHashingTest
[835d2533-4758-49e6-91af-0cdbe69345b3/build]   | [INFO] Running com.thealgorithms.datastructures.hashmap.hashing.GenericHashMapUsingArrayListTest
[835d2533-4758-49e6-91af-0cdbe69345b3/build]   | [INFO] Tests run: 3, Failures: 0, Errors: 0, Skipped: 0, Time elapsed: 0.001 s - in com.thealgorithms.datastructures.hashmap.hashing.GenericHashMapUsingArrayListTest
[835d2533-4758-49e6-91af-0cdbe69345b3/build]   | [INFO] Running com.thealgorithms.datastructures.hashmap.hashing.MajorityElementTest
[835d2533-4758-49e6-91af-0cdbe69345b3/build]   | [INFO] Tests run: 4, Failures: 0, Errors: 0, Skipped: 0, Time elapsed: 0 s - in com.thealgorithms.datastructures.hashmap.hashing.MajorityElementTest
[835d2533-4758-49e6-91af-0cdbe69345b3/build]   | [INFO] Running com.thealgorithms.datastructures.hashmap.hashing.LinearProbingHashMapTest
[835d2533-4758-49e6-91af-0cdbe69345b3/build]   | [INFO] Tests run: 7, Failures: 0, Errors: 0, Skipped: 0, Time elapsed: 0.007 s - in com.thealgorithms.datastructures.hashmap.hashing.LinearProbingHashMapTest
[835d2533-4758-49e6-91af-0cdbe69345b3/build]   | [INFO] Running com.thealgorithms.datastructures.hashmap.hashing.GenericHashMapUsingArrayTest
[835d2533-4758-49e6-91af-0cdbe69345b3/build]   | [INFO] Tests run: 3, Failures: 0, Errors: 0, Skipped: 0, Time elapsed: 0 s - in com.thealgorithms.datastructures.hashmap.hashing.GenericHashMapUsingArrayTest
[835d2533-4758-49e6-91af-0cdbe69345b3/build]   | [INFO] Running com.thealgorithms.datastructures.trees.BSTFromSortedArrayTest
[835d2533-4758-49e6-91af-0cdbe69345b3/build]   | [INFO] Tests run: 6, Failures: 0, Errors: 0, Skipped: 0, Time elapsed: 0 s - in com.thealgorithms.datastructures.trees.BSTFromSortedArrayTest
[835d2533-4758-49e6-91af-0cdbe69345b3/build]   | [INFO] Running com.thealgorithms.datastructures.trees.KDTreeTest
[835d2533-4758-49e6-91af-0cdbe69345b3/build]   | [INFO] Tests run: 3, Failures: 0, Errors: 0, Skipped: 0, Time elapsed: 0.004 s - in com.thealgorithms.datastructures.trees.KDTreeTest
[835d2533-4758-49e6-91af-0cdbe69345b3/build]   | [INFO] Running com.thealgorithms.datastructures.trees.InorderTraversalTest
[835d2533-4758-49e6-91af-0cdbe69345b3/build]   | [INFO] Tests run: 3, Failures: 0, Errors: 0, Skipped: 0, Time elapsed: 0 s - in com.thealgorithms.datastructures.trees.InorderTraversalTest
[835d2533-4758-49e6-91af-0cdbe69345b3/build]   | [INFO] Running com.thealgorithms.datastructures.trees.PostOrderTraversalTest
[835d2533-4758-49e6-91af-0cdbe69345b3/build]   | [INFO] Tests run: 3, Failures: 0, Errors: 0, Skipped: 0, Time elapsed: 0 s - in com.thealgorithms.datastructures.trees.PostOrderTraversalTest
[835d2533-4758-49e6-91af-0cdbe69345b3/build]   | [INFO] Running com.thealgorithms.datastructures.trees.CeilInBinarySearchTreeTest
[835d2533-4758-49e6-91af-0cdbe69345b3/build]   | [INFO] Tests run: 7, Failures: 0, Errors: 0, Skipped: 0, Time elapsed: 0.001 s - in com.thealgorithms.datastructures.trees.CeilInBinarySearchTreeTest
[835d2533-4758-49e6-91af-0cdbe69345b3/build]   | [INFO] Running com.thealgorithms.datastructures.trees.LevelOrderTraversalTest
[835d2533-4758-49e6-91af-0cdbe69345b3/build]   | [INFO] Tests run: 4, Failures: 0, Errors: 0, Skipped: 0, Time elapsed: 0 s - in com.thealgorithms.datastructures.trees.LevelOrderTraversalTest
[835d2533-4758-49e6-91af-0cdbe69345b3/build]   | [INFO] Running com.thealgorithms.datastructures.trees.SameTreesCheckTest
[835d2533-4758-49e6-91af-0cdbe69345b3/build]   | [INFO] Tests run: 6, Failures: 0, Errors: 0, Skipped: 0, Time elapsed: 0 s - in com.thealgorithms.datastructures.trees.SameTreesCheckTest
[835d2533-4758-49e6-91af-0cdbe69345b3/build]   | [INFO] Running com.thealgorithms.datastructures.trees.CheckTreeIsSymmetricTest
[835d2533-4758-49e6-91af-0cdbe69345b3/build]   | [INFO] Tests run: 4, Failures: 0, Errors: 0, Skipped: 0, Time elapsed: 0 s - in com.thealgorithms.datastructures.trees.CheckTreeIsSymmetricTest
[835d2533-4758-49e6-91af-0cdbe69345b3/build]   | [INFO] Running com.thealgorithms.datastructures.trees.LazySegmentTreeTest
[835d2533-4758-49e6-91af-0cdbe69345b3/build]   | [INFO] Tests run: 4, Failures: 0, Errors: 0, Skipped: 0, Time elapsed: 0.002 s - in com.thealgorithms.datastructures.trees.LazySegmentTreeTest
[835d2533-4758-49e6-91af-0cdbe69345b3/build]   | [INFO] Running com.thealgorithms.datastructures.trees.BinaryTreeTest
[835d2533-4758-49e6-91af-0cdbe69345b3/build]   | 12 3 5 7 9 12 3 5 7 9 12 12 9 7 5 3 [INFO] Tests run: 4, Failures: 0, Errors: 0, Skipped: 0, Time elapsed: 0.001 s - in com.thealgorithms.datastructures.trees.BinaryTreeTest
[835d2533-4758-49e6-91af-0cdbe69345b3/build]   | [INFO] Running com.thealgorithms.datastructures.trees.VerticalOrderTraversalTest
[835d2533-4758-49e6-91af-0cdbe69345b3/build]   | [INFO] Tests run: 4, Failures: 0, Errors: 0, Skipped: 0, Time elapsed: 0 s - in com.thealgorithms.datastructures.trees.VerticalOrderTraversalTest
[835d2533-4758-49e6-91af-0cdbe69345b3/build]   | [INFO] Running com.thealgorithms.datastructures.trees.CreateBinaryTreeFromInorderPreorderTest
[835d2533-4758-49e6-91af-0cdbe69345b3/build]   | [INFO] Tests run: 6, Failures: 0, Errors: 0, Skipped: 0, Time elapsed: 0.001 s - in com.thealgorithms.datastructures.trees.CreateBinaryTreeFromInorderPreorderTest
[835d2533-4758-49e6-91af-0cdbe69345b3/build]   | [INFO] Running com.thealgorithms.datastructures.trees.CheckBinaryTreeIsValidBSTTest
[835d2533-4758-49e6-91af-0cdbe69345b3/build]   | [INFO] Tests run: 5, Failures: 0, Errors: 0, Skipped: 0, Time elapsed: 0 s - in com.thealgorithms.datastructures.trees.CheckBinaryTreeIsValidBSTTest
[835d2533-4758-49e6-91af-0cdbe69345b3/build]   | [INFO] Running com.thealgorithms.datastructures.trees.BSTIterativeTest
[835d2533-4758-49e6-91af-0cdbe69345b3/build]   | [INFO] Tests run: 4, Failures: 0, Errors: 0, Skipped: 0, Time elapsed: 0 s - in com.thealgorithms.datastructures.trees.BSTIterativeTest
[835d2533-4758-49e6-91af-0cdbe69345b3/build]   | [INFO] Running com.thealgorithms.datastructures.trees.PreOrderTraversalTest
[835d2533-4758-49e6-91af-0cdbe69345b3/build]   | [INFO] Tests run: 3, Failures: 0, Errors: 0, Skipped: 0, Time elapsed: 0 s - in com.thealgorithms.datastructures.trees.PreOrderTraversalTest
[835d2533-4758-49e6-91af-0cdbe69345b3/build]   | [INFO] Running com.thealgorithms.datastructures.trees.BSTRecursiveTest
[835d2533-4758-49e6-91af-0cdbe69345b3/build]   | [INFO] Tests run: 4, Failures: 0, Errors: 0, Skipped: 0, Time elapsed: 0 s - in com.thealgorithms.datastructures.trees.BSTRecursiveTest
[835d2533-4758-49e6-91af-0cdbe69345b3/build]   | [INFO] Running com.thealgorithms.datastructures.trees.ZigzagTraversalTest
[835d2533-4758-49e6-91af-0cdbe69345b3/build]   | [INFO] Tests run: 4, Failures: 0, Errors: 0, Skipped: 0, Time elapsed: 0 s - in com.thealgorithms.datastructures.trees.ZigzagTraversalTest
[835d2533-4758-49e6-91af-0cdbe69345b3/build]   | [INFO] 
[835d2533-4758-49e6-91af-0cdbe69345b3/build]   | [INFO] Results:
[835d2533-4758-49e6-91af-0cdbe69345b3/build]   | [INFO] 
[835d2533-4758-49e6-91af-0cdbe69345b3/build]   | [ERROR] Failures: 
[835d2533-4758-49e6-91af-0cdbe69345b3/build]   | [ERROR]   FindMinTest.testFindMinThrowsExceptionForEmptyInput:35 Unexpected exception type thrown, expected: <java.lang.IllegalArgumentException> but was: <java.lang.ArrayIndexOutOfBoundsException>
[835d2533-4758-49e6-91af-0cdbe69345b3/build]   | [INFO] 
[835d2533-4758-49e6-91af-0cdbe69345b3/build]   | [ERROR] Tests run: 3848, Failures: 1, Errors: 0, Skipped: 0
[835d2533-4758-49e6-91af-0cdbe69345b3/build]   | [INFO] 
[835d2533-4758-49e6-91af-0cdbe69345b3/build]   | [INFO] ------------------------------------------------------------------------
[835d2533-4758-49e6-91af-0cdbe69345b3/build]   | [INFO] BUILD FAILURE
[835d2533-4758-49e6-91af-0cdbe69345b3/build]   | [INFO] ------------------------------------------------------------------------
[835d2533-4758-49e6-91af-0cdbe69345b3/build]   | [INFO] Total time:  51.901 s
[835d2533-4758-49e6-91af-0cdbe69345b3/build]   | [INFO] Finished at: 2023-11-27T02:48:19Z
[835d2533-4758-49e6-91af-0cdbe69345b3/build]   | [INFO] ------------------------------------------------------------------------
[835d2533-4758-49e6-91af-0cdbe69345b3/build]   | [ERROR] Failed to execute goal org.apache.maven.plugins:maven-surefire-plugin:2.22.2:test (default-test) on project Java: There are test failures.
[835d2533-4758-49e6-91af-0cdbe69345b3/build]   | [ERROR] 
[835d2533-4758-49e6-91af-0cdbe69345b3/build]   | [ERROR] Please refer to /tmp/9a02aa7e-01a1-43a6-83f0-da3ea250e82d/target/surefire-reports for the individual test results.
[835d2533-4758-49e6-91af-0cdbe69345b3/build]   | [ERROR] Please refer to dump files (if any exist) [date].dump, [date]-jvmRun[N].dump and [date].dumpstream.
[835d2533-4758-49e6-91af-0cdbe69345b3/build]   | [ERROR] -> [Help 1]
[835d2533-4758-49e6-91af-0cdbe69345b3/build]   | [ERROR] 
[835d2533-4758-49e6-91af-0cdbe69345b3/build]   | [ERROR] To see the full stack trace of the errors, re-run Maven with the -e switch.
[835d2533-4758-49e6-91af-0cdbe69345b3/build]   | [ERROR] Re-run Maven using the -X switch to enable full debug logging.
[835d2533-4758-49e6-91af-0cdbe69345b3/build]   | [ERROR] 
[835d2533-4758-49e6-91af-0cdbe69345b3/build]   | [ERROR] For more information about the errors and possible solutions, please read the following articles:
[835d2533-4758-49e6-91af-0cdbe69345b3/build]   | [ERROR] [Help 1] http://cwiki.apache.org/confluence/display/MAVEN/MojoFailureException
[835d2533-4758-49e6-91af-0cdbe69345b3/build]   ‚ùå  Failure - Main Build with Maven
[835d2533-4758-49e6-91af-0cdbe69345b3/build] exitcode '1': failure
[835d2533-4758-49e6-91af-0cdbe69345b3/build] unable to get git ref: failed to identify reference (tag/branch) for the checked-out revision 'e14b30b88c0de95186fe1937f795b7d8fd3fa8aa'
[835d2533-4758-49e6-91af-0cdbe69345b3/build] unable to get git ref: failed to identify reference (tag/branch) for the checked-out revision 'e14b30b88c0de95186fe1937f795b7d8fd3fa8aa'
[835d2533-4758-49e6-91af-0cdbe69345b3/build] unable to get git ref: failed to identify reference (tag/branch) for the checked-out revision 'e14b30b88c0de95186fe1937f795b7d8fd3fa8aa'
[835d2533-4758-49e6-91af-0cdbe69345b3/build] unable to get git ref: failed to identify reference (tag/branch) for the checked-out revision 'e14b30b88c0de95186fe1937f795b7d8fd3fa8aa'
[835d2533-4758-49e6-91af-0cdbe69345b3/build] unable to get git ref: failed to identify reference (tag/branch) for the checked-out revision 'e14b30b88c0de95186fe1937f795b7d8fd3fa8aa'
[835d2533-4758-49e6-91af-0cdbe69345b3/build] ‚≠ê Run Post Set up JDK 17
[835d2533-4758-49e6-91af-0cdbe69345b3/build]   üê≥  docker exec cmd=[node /var/run/act/actions/actions-setup-java@v2/dist/cleanup/index.js] user= workdir=
[835d2533-4758-49e6-91af-0cdbe69345b3/build]   ‚úÖ  Success - Post Set up JDK 17
[835d2533-4758-49e6-91af-0cdbe69345b3/build] üèÅ  Job failed
[835d2533-4758-49e6-91af-0cdbe69345b3/build] unable to get git ref: failed to identify reference (tag/branch) for the checked-out revision 'e14b30b88c0de95186fe1937f795b7d8fd3fa8aa'
