[86c1c159-ca36-4cf1-9a04-2daacf0cccab/build] üöÄ  Start image=gitbugactions:latest
[86c1c159-ca36-4cf1-9a04-2daacf0cccab/build]   üê≥  docker pull image=gitbugactions:latest platform= username= forcePull=false
[86c1c159-ca36-4cf1-9a04-2daacf0cccab/build]   üê≥  docker create image=gitbugactions:latest platform= entrypoint=["tail" "-f" "/dev/null"] cmd=[]
[86c1c159-ca36-4cf1-9a04-2daacf0cccab/build]   üê≥  docker run image=gitbugactions:latest platform= entrypoint=["tail" "-f" "/dev/null"] cmd=[]
[86c1c159-ca36-4cf1-9a04-2daacf0cccab/build]   üê≥  docker exec cmd=[chown -R 1012:1013 /tmp/0bf5f083-fad1-4ead-80c4-77b66bca1b83] user=0 workdir=
[86c1c159-ca36-4cf1-9a04-2daacf0cccab/build] unable to get git ref: failed to identify reference (tag/branch) for the checked-out revision 'ed4e7940b8d4b01e85bc80a3a2bedd0cd1319c86'
[86c1c159-ca36-4cf1-9a04-2daacf0cccab/build] unable to get git ref: failed to identify reference (tag/branch) for the checked-out revision 'ed4e7940b8d4b01e85bc80a3a2bedd0cd1319c86'
[86c1c159-ca36-4cf1-9a04-2daacf0cccab/build] unable to get git ref: failed to identify reference (tag/branch) for the checked-out revision 'ed4e7940b8d4b01e85bc80a3a2bedd0cd1319c86'
[86c1c159-ca36-4cf1-9a04-2daacf0cccab/build] unable to get git ref: failed to identify reference (tag/branch) for the checked-out revision 'ed4e7940b8d4b01e85bc80a3a2bedd0cd1319c86'
[86c1c159-ca36-4cf1-9a04-2daacf0cccab/build] unable to get git ref: failed to identify reference (tag/branch) for the checked-out revision 'ed4e7940b8d4b01e85bc80a3a2bedd0cd1319c86'
[86c1c159-ca36-4cf1-9a04-2daacf0cccab/build] unable to get git ref: failed to identify reference (tag/branch) for the checked-out revision 'ed4e7940b8d4b01e85bc80a3a2bedd0cd1319c86'
[86c1c159-ca36-4cf1-9a04-2daacf0cccab/build] unable to get git ref: failed to identify reference (tag/branch) for the checked-out revision 'ed4e7940b8d4b01e85bc80a3a2bedd0cd1319c86'
[86c1c159-ca36-4cf1-9a04-2daacf0cccab/build] unable to get git ref: failed to identify reference (tag/branch) for the checked-out revision 'ed4e7940b8d4b01e85bc80a3a2bedd0cd1319c86'
[86c1c159-ca36-4cf1-9a04-2daacf0cccab/build] unable to get git ref: failed to identify reference (tag/branch) for the checked-out revision 'ed4e7940b8d4b01e85bc80a3a2bedd0cd1319c86'
[86c1c159-ca36-4cf1-9a04-2daacf0cccab/build] ‚≠ê Run Main actions/checkout@v2
[86c1c159-ca36-4cf1-9a04-2daacf0cccab/build] unable to get git ref: failed to identify reference (tag/branch) for the checked-out revision 'ed4e7940b8d4b01e85bc80a3a2bedd0cd1319c86'
[86c1c159-ca36-4cf1-9a04-2daacf0cccab/build] unable to get git ref: failed to identify reference (tag/branch) for the checked-out revision 'ed4e7940b8d4b01e85bc80a3a2bedd0cd1319c86'
[86c1c159-ca36-4cf1-9a04-2daacf0cccab/build]   üê≥  docker cp src=/tmp/0bf5f083-fad1-4ead-80c4-77b66bca1b83/. dst=/tmp/0bf5f083-fad1-4ead-80c4-77b66bca1b83
[86c1c159-ca36-4cf1-9a04-2daacf0cccab/build]   üê≥  docker exec cmd=[chown -R 1012:1013 /tmp/0bf5f083-fad1-4ead-80c4-77b66bca1b83] user=0 workdir=
[86c1c159-ca36-4cf1-9a04-2daacf0cccab/build]   ‚úÖ  Success - Main actions/checkout@v2
[86c1c159-ca36-4cf1-9a04-2daacf0cccab/build] unable to get git ref: failed to identify reference (tag/branch) for the checked-out revision 'ed4e7940b8d4b01e85bc80a3a2bedd0cd1319c86'
[86c1c159-ca36-4cf1-9a04-2daacf0cccab/build] unable to get git ref: failed to identify reference (tag/branch) for the checked-out revision 'ed4e7940b8d4b01e85bc80a3a2bedd0cd1319c86'
[86c1c159-ca36-4cf1-9a04-2daacf0cccab/build] unable to get git ref: failed to identify reference (tag/branch) for the checked-out revision 'ed4e7940b8d4b01e85bc80a3a2bedd0cd1319c86'
[86c1c159-ca36-4cf1-9a04-2daacf0cccab/build] unable to get git ref: failed to identify reference (tag/branch) for the checked-out revision 'ed4e7940b8d4b01e85bc80a3a2bedd0cd1319c86'
[86c1c159-ca36-4cf1-9a04-2daacf0cccab/build] unable to get git ref: failed to identify reference (tag/branch) for the checked-out revision 'ed4e7940b8d4b01e85bc80a3a2bedd0cd1319c86'
[86c1c159-ca36-4cf1-9a04-2daacf0cccab/build] ‚≠ê Run Main Set up JDK 11
[86c1c159-ca36-4cf1-9a04-2daacf0cccab/build] unable to get git ref: failed to identify reference (tag/branch) for the checked-out revision 'ed4e7940b8d4b01e85bc80a3a2bedd0cd1319c86'
[86c1c159-ca36-4cf1-9a04-2daacf0cccab/build] unable to get git ref: failed to identify reference (tag/branch) for the checked-out revision 'ed4e7940b8d4b01e85bc80a3a2bedd0cd1319c86'
[86c1c159-ca36-4cf1-9a04-2daacf0cccab/build] unable to get git ref: failed to identify reference (tag/branch) for the checked-out revision 'ed4e7940b8d4b01e85bc80a3a2bedd0cd1319c86'
[86c1c159-ca36-4cf1-9a04-2daacf0cccab/build]   üê≥  docker cp src=/tmp/act-cache/250f79b4-5b59-4472-b60c-d3be4ebede96/act/actions-setup-java@v2/ dst=/var/run/act/actions/actions-setup-java@v2/
[86c1c159-ca36-4cf1-9a04-2daacf0cccab/build]   üê≥  docker exec cmd=[chown -R 1012:1013 /var/run/act/actions/actions-setup-java@v2/] user=0 workdir=
[86c1c159-ca36-4cf1-9a04-2daacf0cccab/build]   üê≥  docker exec cmd=[node /var/run/act/actions/actions-setup-java@v2/dist/setup/index.js] user= workdir=
[86c1c159-ca36-4cf1-9a04-2daacf0cccab/build]   üí¨  ::debug::isExplicit: 11.0.20-1
[86c1c159-ca36-4cf1-9a04-2daacf0cccab/build]   üí¨  ::debug::explicit? true
[86c1c159-ca36-4cf1-9a04-2daacf0cccab/build]   üí¨  ::debug::isExplicit: 17.0.8-1
[86c1c159-ca36-4cf1-9a04-2daacf0cccab/build]   üí¨  ::debug::explicit? true
[86c1c159-ca36-4cf1-9a04-2daacf0cccab/build]   üí¨  ::debug::isExplicit: 21.0.0-35
[86c1c159-ca36-4cf1-9a04-2daacf0cccab/build]   üí¨  ::debug::explicit? true
[86c1c159-ca36-4cf1-9a04-2daacf0cccab/build]   üí¨  ::debug::isExplicit: 8.0.382-5
[86c1c159-ca36-4cf1-9a04-2daacf0cccab/build]   üí¨  ::debug::explicit? true
[86c1c159-ca36-4cf1-9a04-2daacf0cccab/build]   | Resolved Java 11.0.20+1 from tool-cache
[86c1c159-ca36-4cf1-9a04-2daacf0cccab/build]   | Setting Java 11.0.20+1 as the default
[86c1c159-ca36-4cf1-9a04-2daacf0cccab/build]   | 
[86c1c159-ca36-4cf1-9a04-2daacf0cccab/build]   | Java configuration:
[86c1c159-ca36-4cf1-9a04-2daacf0cccab/build]   |   Distribution: temurin
[86c1c159-ca36-4cf1-9a04-2daacf0cccab/build]   |   Version: 11.0.20+1
[86c1c159-ca36-4cf1-9a04-2daacf0cccab/build]   |   Path: /opt/hostedtoolcache/Java_Temurin-Hotspot_jdk/11.0.20-1/x64
[86c1c159-ca36-4cf1-9a04-2daacf0cccab/build]   | 
[86c1c159-ca36-4cf1-9a04-2daacf0cccab/build]   ‚ùì add-matcher /run/act/actions/actions-setup-java@v2/.github/java.json
[86c1c159-ca36-4cf1-9a04-2daacf0cccab/build]   | Creating settings.xml with server-id: github
[86c1c159-ca36-4cf1-9a04-2daacf0cccab/build]   | Writing to /home/runner/.m2/settings.xml
[86c1c159-ca36-4cf1-9a04-2daacf0cccab/build]   ‚úÖ  Success - Main Set up JDK 11
[86c1c159-ca36-4cf1-9a04-2daacf0cccab/build]   ‚öô  ::set-env:: JAVA_HOME=/opt/hostedtoolcache/Java_Temurin-Hotspot_jdk/11.0.20-1/x64
[86c1c159-ca36-4cf1-9a04-2daacf0cccab/build]   ‚öô  ::set-output:: distribution=Temurin-Hotspot
[86c1c159-ca36-4cf1-9a04-2daacf0cccab/build]   ‚öô  ::set-output:: path=/opt/hostedtoolcache/Java_Temurin-Hotspot_jdk/11.0.20-1/x64
[86c1c159-ca36-4cf1-9a04-2daacf0cccab/build]   ‚öô  ::set-output:: version=11.0.20+1
[86c1c159-ca36-4cf1-9a04-2daacf0cccab/build]   ‚öô  ::add-path:: /opt/hostedtoolcache/Java_Temurin-Hotspot_jdk/11.0.20-1/x64/bin
[86c1c159-ca36-4cf1-9a04-2daacf0cccab/build] unable to get git ref: failed to identify reference (tag/branch) for the checked-out revision 'ed4e7940b8d4b01e85bc80a3a2bedd0cd1319c86'
[86c1c159-ca36-4cf1-9a04-2daacf0cccab/build] unable to get git ref: failed to identify reference (tag/branch) for the checked-out revision 'ed4e7940b8d4b01e85bc80a3a2bedd0cd1319c86'
[86c1c159-ca36-4cf1-9a04-2daacf0cccab/build] unable to get git ref: failed to identify reference (tag/branch) for the checked-out revision 'ed4e7940b8d4b01e85bc80a3a2bedd0cd1319c86'
[86c1c159-ca36-4cf1-9a04-2daacf0cccab/build] unable to get git ref: failed to identify reference (tag/branch) for the checked-out revision 'ed4e7940b8d4b01e85bc80a3a2bedd0cd1319c86'
[86c1c159-ca36-4cf1-9a04-2daacf0cccab/build] unable to get git ref: failed to identify reference (tag/branch) for the checked-out revision 'ed4e7940b8d4b01e85bc80a3a2bedd0cd1319c86'
[86c1c159-ca36-4cf1-9a04-2daacf0cccab/build] ‚≠ê Run Main Build with Maven
[86c1c159-ca36-4cf1-9a04-2daacf0cccab/build] unable to get git ref: failed to identify reference (tag/branch) for the checked-out revision 'ed4e7940b8d4b01e85bc80a3a2bedd0cd1319c86'
[86c1c159-ca36-4cf1-9a04-2daacf0cccab/build] unable to get git ref: failed to identify reference (tag/branch) for the checked-out revision 'ed4e7940b8d4b01e85bc80a3a2bedd0cd1319c86'
[86c1c159-ca36-4cf1-9a04-2daacf0cccab/build] unable to get git ref: failed to identify reference (tag/branch) for the checked-out revision 'ed4e7940b8d4b01e85bc80a3a2bedd0cd1319c86'
[86c1c159-ca36-4cf1-9a04-2daacf0cccab/build] unable to get git ref: failed to identify reference (tag/branch) for the checked-out revision 'ed4e7940b8d4b01e85bc80a3a2bedd0cd1319c86'
[86c1c159-ca36-4cf1-9a04-2daacf0cccab/build]   üê≥  docker exec cmd=[bash --noprofile --norc -e -o pipefail /var/run/act/workflow/2] user= workdir=
[86c1c159-ca36-4cf1-9a04-2daacf0cccab/build]   | [INFO] Scanning for projects...
[86c1c159-ca36-4cf1-9a04-2daacf0cccab/build]   | [INFO] 
[86c1c159-ca36-4cf1-9a04-2daacf0cccab/build]   | [INFO] -----------------------< org.netpreserve:jwarc >------------------------
[86c1c159-ca36-4cf1-9a04-2daacf0cccab/build]   | [INFO] Building jwarc 0.28.0
[86c1c159-ca36-4cf1-9a04-2daacf0cccab/build]   | [INFO]   from pom.xml
[86c1c159-ca36-4cf1-9a04-2daacf0cccab/build]   | [INFO] --------------------------------[ jar ]---------------------------------
[86c1c159-ca36-4cf1-9a04-2daacf0cccab/build]   | [INFO] Downloading from central: https://repo.maven.apache.org/maven2/org/apache/maven/plugins/maven-resources-plugin/2.6/maven-resources-plugin-2.6.pom
[86c1c159-ca36-4cf1-9a04-2daacf0cccab/build]   | [INFO] Downloaded from central: https://repo.maven.apache.org/maven2/org/apache/maven/plugins/maven-resources-plugin/2.6/maven-resources-plugin-2.6.pom (8.1 kB at 28 kB/s)
[86c1c159-ca36-4cf1-9a04-2daacf0cccab/build]   | [INFO] Downloading from central: https://repo.maven.apache.org/maven2/org/apache/maven/plugins/maven-plugins/23/maven-plugins-23.pom
[86c1c159-ca36-4cf1-9a04-2daacf0cccab/build]   | [INFO] Downloaded from central: https://repo.maven.apache.org/maven2/org/apache/maven/plugins/maven-plugins/23/maven-plugins-23.pom (9.2 kB at 657 kB/s)
[86c1c159-ca36-4cf1-9a04-2daacf0cccab/build]   | [INFO] Downloading from central: https://repo.maven.apache.org/maven2/org/apache/maven/maven-parent/22/maven-parent-22.pom
[86c1c159-ca36-4cf1-9a04-2daacf0cccab/build]   | [INFO] Downloaded from central: https://repo.maven.apache.org/maven2/org/apache/maven/maven-parent/22/maven-parent-22.pom (30 kB at 1.7 MB/s)
[86c1c159-ca36-4cf1-9a04-2daacf0cccab/build]   | [INFO] Downloading from central: https://repo.maven.apache.org/maven2/org/apache/apache/11/apache-11.pom
[86c1c159-ca36-4cf1-9a04-2daacf0cccab/build]   | [INFO] Downloaded from central: https://repo.maven.apache.org/maven2/org/apache/apache/11/apache-11.pom (15 kB at 780 kB/s)
[86c1c159-ca36-4cf1-9a04-2daacf0cccab/build]   | [INFO] Downloading from central: https://repo.maven.apache.org/maven2/org/apache/maven/plugins/maven-resources-plugin/2.6/maven-resources-plugin-2.6.jar
[86c1c159-ca36-4cf1-9a04-2daacf0cccab/build]   | [INFO] Downloaded from central: https://repo.maven.apache.org/maven2/org/apache/maven/plugins/maven-resources-plugin/2.6/maven-resources-plugin-2.6.jar (30 kB at 2.1 MB/s)
[86c1c159-ca36-4cf1-9a04-2daacf0cccab/build]   | [INFO] Downloading from central: https://repo.maven.apache.org/maven2/org/apache/maven/plugins/maven-compiler-plugin/3.1/maven-compiler-plugin-3.1.pom
[86c1c159-ca36-4cf1-9a04-2daacf0cccab/build]   | [INFO] Downloaded from central: https://repo.maven.apache.org/maven2/org/apache/maven/plugins/maven-compiler-plugin/3.1/maven-compiler-plugin-3.1.pom (10 kB at 785 kB/s)
[86c1c159-ca36-4cf1-9a04-2daacf0cccab/build]   | [INFO] Downloading from central: https://repo.maven.apache.org/maven2/org/apache/maven/plugins/maven-plugins/24/maven-plugins-24.pom
[86c1c159-ca36-4cf1-9a04-2daacf0cccab/build]   | [INFO] Downloaded from central: https://repo.maven.apache.org/maven2/org/apache/maven/plugins/maven-plugins/24/maven-plugins-24.pom (11 kB at 982 kB/s)
[86c1c159-ca36-4cf1-9a04-2daacf0cccab/build]   | [INFO] Downloading from central: https://repo.maven.apache.org/maven2/org/apache/maven/maven-parent/23/maven-parent-23.pom
[86c1c159-ca36-4cf1-9a04-2daacf0cccab/build]   | [INFO] Downloaded from central: https://repo.maven.apache.org/maven2/org/apache/maven/maven-parent/23/maven-parent-23.pom (33 kB at 2.5 MB/s)
[86c1c159-ca36-4cf1-9a04-2daacf0cccab/build]   | [INFO] Downloading from central: https://repo.maven.apache.org/maven2/org/apache/apache/13/apache-13.pom
[86c1c159-ca36-4cf1-9a04-2daacf0cccab/build]   | [INFO] Downloaded from central: https://repo.maven.apache.org/maven2/org/apache/apache/13/apache-13.pom (14 kB at 1.4 MB/s)
[86c1c159-ca36-4cf1-9a04-2daacf0cccab/build]   | [INFO] Downloading from central: https://repo.maven.apache.org/maven2/org/apache/maven/plugins/maven-compiler-plugin/3.1/maven-compiler-plugin-3.1.jar
[86c1c159-ca36-4cf1-9a04-2daacf0cccab/build]   | [INFO] Downloaded from central: https://repo.maven.apache.org/maven2/org/apache/maven/plugins/maven-compiler-plugin/3.1/maven-compiler-plugin-3.1.jar (43 kB at 4.8 MB/s)
[86c1c159-ca36-4cf1-9a04-2daacf0cccab/build]   | [INFO] Downloading from central: https://repo.maven.apache.org/maven2/org/apache/maven/plugins/maven-surefire-plugin/2.12.4/maven-surefire-plugin-2.12.4.pom
[86c1c159-ca36-4cf1-9a04-2daacf0cccab/build]   | [INFO] Downloaded from central: https://repo.maven.apache.org/maven2/org/apache/maven/plugins/maven-surefire-plugin/2.12.4/maven-surefire-plugin-2.12.4.pom (10 kB at 1.0 MB/s)
[86c1c159-ca36-4cf1-9a04-2daacf0cccab/build]   | [INFO] Downloading from central: https://repo.maven.apache.org/maven2/org/apache/maven/surefire/surefire/2.12.4/surefire-2.12.4.pom
[86c1c159-ca36-4cf1-9a04-2daacf0cccab/build]   | [INFO] Downloaded from central: https://repo.maven.apache.org/maven2/org/apache/maven/surefire/surefire/2.12.4/surefire-2.12.4.pom (14 kB at 1.3 MB/s)
[86c1c159-ca36-4cf1-9a04-2daacf0cccab/build]   | [INFO] Downloading from central: https://repo.maven.apache.org/maven2/org/apache/maven/plugins/maven-surefire-plugin/2.12.4/maven-surefire-plugin-2.12.4.jar
[86c1c159-ca36-4cf1-9a04-2daacf0cccab/build]   | [INFO] Downloaded from central: https://repo.maven.apache.org/maven2/org/apache/maven/plugins/maven-surefire-plugin/2.12.4/maven-surefire-plugin-2.12.4.jar (30 kB at 2.0 MB/s)
[86c1c159-ca36-4cf1-9a04-2daacf0cccab/build]   | [INFO] Downloading from central: https://repo.maven.apache.org/maven2/org/apache/maven/plugins/maven-jar-plugin/3.2.2/maven-jar-plugin-3.2.2.pom
[86c1c159-ca36-4cf1-9a04-2daacf0cccab/build]   | [INFO] Downloaded from central: https://repo.maven.apache.org/maven2/org/apache/maven/plugins/maven-jar-plugin/3.2.2/maven-jar-plugin-3.2.2.pom (7.5 kB at 748 kB/s)
[86c1c159-ca36-4cf1-9a04-2daacf0cccab/build]   | [INFO] Downloading from central: https://repo.maven.apache.org/maven2/org/apache/maven/plugins/maven-plugins/34/maven-plugins-34.pom
[86c1c159-ca36-4cf1-9a04-2daacf0cccab/build]   | [INFO] Downloaded from central: https://repo.maven.apache.org/maven2/org/apache/maven/plugins/maven-plugins/34/maven-plugins-34.pom (11 kB at 972 kB/s)
[86c1c159-ca36-4cf1-9a04-2daacf0cccab/build]   | [INFO] Downloading from central: https://repo.maven.apache.org/maven2/org/apache/maven/maven-parent/34/maven-parent-34.pom
[86c1c159-ca36-4cf1-9a04-2daacf0cccab/build]   | [INFO] Downloaded from central: https://repo.maven.apache.org/maven2/org/apache/maven/maven-parent/34/maven-parent-34.pom (43 kB at 4.3 MB/s)
[86c1c159-ca36-4cf1-9a04-2daacf0cccab/build]   | [INFO] Downloading from central: https://repo.maven.apache.org/maven2/org/apache/apache/23/apache-23.pom
[86c1c159-ca36-4cf1-9a04-2daacf0cccab/build]   | [INFO] Downloaded from central: https://repo.maven.apache.org/maven2/org/apache/apache/23/apache-23.pom (18 kB at 2.3 MB/s)
[86c1c159-ca36-4cf1-9a04-2daacf0cccab/build]   | [INFO] Downloading from central: https://repo.maven.apache.org/maven2/org/apache/maven/plugins/maven-jar-plugin/3.2.2/maven-jar-plugin-3.2.2.jar
[86c1c159-ca36-4cf1-9a04-2daacf0cccab/build]   | [INFO] Downloaded from central: https://repo.maven.apache.org/maven2/org/apache/maven/plugins/maven-jar-plugin/3.2.2/maven-jar-plugin-3.2.2.jar (29 kB at 1.8 MB/s)
[86c1c159-ca36-4cf1-9a04-2daacf0cccab/build]   | [INFO] Downloading from central: https://repo.maven.apache.org/maven2/junit/junit/4.13.2/junit-4.13.2.pom
[86c1c159-ca36-4cf1-9a04-2daacf0cccab/build]   | [INFO] Downloaded from central: https://repo.maven.apache.org/maven2/junit/junit/4.13.2/junit-4.13.2.pom (27 kB at 2.7 MB/s)
[86c1c159-ca36-4cf1-9a04-2daacf0cccab/build]   | [INFO] Downloading from central: https://repo.maven.apache.org/maven2/org/hamcrest/hamcrest-core/1.3/hamcrest-core-1.3.pom
[86c1c159-ca36-4cf1-9a04-2daacf0cccab/build]   | [INFO] Downloaded from central: https://repo.maven.apache.org/maven2/org/hamcrest/hamcrest-core/1.3/hamcrest-core-1.3.pom (766 B at 59 kB/s)
[86c1c159-ca36-4cf1-9a04-2daacf0cccab/build]   | [INFO] Downloading from central: https://repo.maven.apache.org/maven2/org/hamcrest/hamcrest-parent/1.3/hamcrest-parent-1.3.pom
[86c1c159-ca36-4cf1-9a04-2daacf0cccab/build]   | [INFO] Downloaded from central: https://repo.maven.apache.org/maven2/org/hamcrest/hamcrest-parent/1.3/hamcrest-parent-1.3.pom (2.0 kB at 164 kB/s)
[86c1c159-ca36-4cf1-9a04-2daacf0cccab/build]   | [INFO] Downloading from central: https://repo.maven.apache.org/maven2/junit/junit/4.13.2/junit-4.13.2.jar
[86c1c159-ca36-4cf1-9a04-2daacf0cccab/build]   | [INFO] Downloading from central: https://repo.maven.apache.org/maven2/org/hamcrest/hamcrest-core/1.3/hamcrest-core-1.3.jar
[86c1c159-ca36-4cf1-9a04-2daacf0cccab/build]   | [INFO] Downloaded from central: https://repo.maven.apache.org/maven2/junit/junit/4.13.2/junit-4.13.2.jar (385 kB at 14 MB/s)
[86c1c159-ca36-4cf1-9a04-2daacf0cccab/build]   | [INFO] Downloaded from central: https://repo.maven.apache.org/maven2/org/hamcrest/hamcrest-core/1.3/hamcrest-core-1.3.jar (45 kB at 1.1 MB/s)
[86c1c159-ca36-4cf1-9a04-2daacf0cccab/build]   | [INFO] 
[86c1c159-ca36-4cf1-9a04-2daacf0cccab/build]   | [INFO] --- maven-resources-plugin:2.6:resources (default-resources) @ jwarc ---
[86c1c159-ca36-4cf1-9a04-2daacf0cccab/build]   | [INFO] Downloading from central: https://repo.maven.apache.org/maven2/org/apache/maven/maven-plugin-api/2.0.6/maven-plugin-api-2.0.6.pom
[86c1c159-ca36-4cf1-9a04-2daacf0cccab/build]   | [INFO] Downloaded from central: https://repo.maven.apache.org/maven2/org/apache/maven/maven-plugin-api/2.0.6/maven-plugin-api-2.0.6.pom (1.5 kB at 97 kB/s)
[86c1c159-ca36-4cf1-9a04-2daacf0cccab/build]   | [INFO] Downloading from central: https://repo.maven.apache.org/maven2/org/apache/maven/maven/2.0.6/maven-2.0.6.pom
[86c1c159-ca36-4cf1-9a04-2daacf0cccab/build]   | [INFO] Downloaded from central: https://repo.maven.apache.org/maven2/org/apache/maven/maven/2.0.6/maven-2.0.6.pom (9.0 kB at 1.1 MB/s)
[86c1c159-ca36-4cf1-9a04-2daacf0cccab/build]   | [INFO] Downloading from central: https://repo.maven.apache.org/maven2/org/apache/maven/maven-parent/5/maven-parent-5.pom
[86c1c159-ca36-4cf1-9a04-2daacf0cccab/build]   | [INFO] Downloaded from central: https://repo.maven.apache.org/maven2/org/apache/maven/maven-parent/5/maven-parent-5.pom (15 kB at 1.4 MB/s)
[86c1c159-ca36-4cf1-9a04-2daacf0cccab/build]   | [INFO] Downloading from central: https://repo.maven.apache.org/maven2/org/apache/apache/3/apache-3.pom
[86c1c159-ca36-4cf1-9a04-2daacf0cccab/build]   | [INFO] Downloaded from central: https://repo.maven.apache.org/maven2/org/apache/apache/3/apache-3.pom (3.4 kB at 286 kB/s)
[86c1c159-ca36-4cf1-9a04-2daacf0cccab/build]   | [INFO] Downloading from central: https://repo.maven.apache.org/maven2/org/apache/maven/maven-project/2.0.6/maven-project-2.0.6.pom
[86c1c159-ca36-4cf1-9a04-2daacf0cccab/build]   | [INFO] Downloaded from central: https://repo.maven.apache.org/maven2/org/apache/maven/maven-project/2.0.6/maven-project-2.0.6.pom (2.6 kB at 220 kB/s)
[86c1c159-ca36-4cf1-9a04-2daacf0cccab/build]   | [INFO] Downloading from central: https://repo.maven.apache.org/maven2/org/apache/maven/maven-settings/2.0.6/maven-settings-2.0.6.pom
[86c1c159-ca36-4cf1-9a04-2daacf0cccab/build]   | [INFO] Downloaded from central: https://repo.maven.apache.org/maven2/org/apache/maven/maven-settings/2.0.6/maven-settings-2.0.6.pom (2.0 kB at 200 kB/s)
[86c1c159-ca36-4cf1-9a04-2daacf0cccab/build]   | [INFO] Downloading from central: https://repo.maven.apache.org/maven2/org/apache/maven/maven-model/2.0.6/maven-model-2.0.6.pom
[86c1c159-ca36-4cf1-9a04-2daacf0cccab/build]   | [INFO] Downloaded from central: https://repo.maven.apache.org/maven2/org/apache/maven/maven-model/2.0.6/maven-model-2.0.6.pom (3.0 kB at 277 kB/s)
[86c1c159-ca36-4cf1-9a04-2daacf0cccab/build]   | [INFO] Downloading from central: https://repo.maven.apache.org/maven2/org/codehaus/plexus/plexus-utils/1.4.1/plexus-utils-1.4.1.pom
[86c1c159-ca36-4cf1-9a04-2daacf0cccab/build]   | [INFO] Downloaded from central: https://repo.maven.apache.org/maven2/org/codehaus/plexus/plexus-utils/1.4.1/plexus-utils-1.4.1.pom (1.9 kB at 106 kB/s)
[86c1c159-ca36-4cf1-9a04-2daacf0cccab/build]   | [INFO] Downloading from central: https://repo.maven.apache.org/maven2/org/codehaus/plexus/plexus/1.0.11/plexus-1.0.11.pom
[86c1c159-ca36-4cf1-9a04-2daacf0cccab/build]   | [INFO] Downloaded from central: https://repo.maven.apache.org/maven2/org/codehaus/plexus/plexus/1.0.11/plexus-1.0.11.pom (9.0 kB at 641 kB/s)
[86c1c159-ca36-4cf1-9a04-2daacf0cccab/build]   | [INFO] Downloading from central: https://repo.maven.apache.org/maven2/org/codehaus/plexus/plexus-container-default/1.0-alpha-9-stable-1/plexus-container-default-1.0-alpha-9-stable-1.pom
[86c1c159-ca36-4cf1-9a04-2daacf0cccab/build]   | [INFO] Downloaded from central: https://repo.maven.apache.org/maven2/org/codehaus/plexus/plexus-container-default/1.0-alpha-9-stable-1/plexus-container-default-1.0-alpha-9-stable-1.pom (3.9 kB at 247 kB/s)
[86c1c159-ca36-4cf1-9a04-2daacf0cccab/build]   | [INFO] Downloading from central: https://repo.maven.apache.org/maven2/org/codehaus/plexus/plexus-containers/1.0.3/plexus-containers-1.0.3.pom
[86c1c159-ca36-4cf1-9a04-2daacf0cccab/build]   | [INFO] Downloaded from central: https://repo.maven.apache.org/maven2/org/codehaus/plexus/plexus-containers/1.0.3/plexus-containers-1.0.3.pom (492 B at 49 kB/s)
[86c1c159-ca36-4cf1-9a04-2daacf0cccab/build]   | [INFO] Downloading from central: https://repo.maven.apache.org/maven2/org/codehaus/plexus/plexus/1.0.4/plexus-1.0.4.pom
[86c1c159-ca36-4cf1-9a04-2daacf0cccab/build]   | [INFO] Downloaded from central: https://repo.maven.apache.org/maven2/org/codehaus/plexus/plexus/1.0.4/plexus-1.0.4.pom (5.7 kB at 717 kB/s)
[86c1c159-ca36-4cf1-9a04-2daacf0cccab/build]   | [INFO] Downloading from central: https://repo.maven.apache.org/maven2/junit/junit/3.8.1/junit-3.8.1.pom
[86c1c159-ca36-4cf1-9a04-2daacf0cccab/build]   | [INFO] Downloaded from central: https://repo.maven.apache.org/maven2/junit/junit/3.8.1/junit-3.8.1.pom (998 B at 143 kB/s)
[86c1c159-ca36-4cf1-9a04-2daacf0cccab/build]   | [INFO] Downloading from central: https://repo.maven.apache.org/maven2/org/codehaus/plexus/plexus-utils/1.0.4/plexus-utils-1.0.4.pom
[86c1c159-ca36-4cf1-9a04-2daacf0cccab/build]   | [INFO] Downloaded from central: https://repo.maven.apache.org/maven2/org/codehaus/plexus/plexus-utils/1.0.4/plexus-utils-1.0.4.pom (6.9 kB at 857 kB/s)
[86c1c159-ca36-4cf1-9a04-2daacf0cccab/build]   | [INFO] Downloading from central: https://repo.maven.apache.org/maven2/classworlds/classworlds/1.1-alpha-2/classworlds-1.1-alpha-2.pom
[86c1c159-ca36-4cf1-9a04-2daacf0cccab/build]   | [INFO] Downloaded from central: https://repo.maven.apache.org/maven2/classworlds/classworlds/1.1-alpha-2/classworlds-1.1-alpha-2.pom (3.1 kB at 313 kB/s)
[86c1c159-ca36-4cf1-9a04-2daacf0cccab/build]   | [INFO] Downloading from central: https://repo.maven.apache.org/maven2/org/apache/maven/maven-profile/2.0.6/maven-profile-2.0.6.pom
[86c1c159-ca36-4cf1-9a04-2daacf0cccab/build]   | [INFO] Downloaded from central: https://repo.maven.apache.org/maven2/org/apache/maven/maven-profile/2.0.6/maven-profile-2.0.6.pom (2.0 kB at 165 kB/s)
[86c1c159-ca36-4cf1-9a04-2daacf0cccab/build]   | [INFO] Downloading from central: https://repo.maven.apache.org/maven2/org/apache/maven/maven-artifact-manager/2.0.6/maven-artifact-manager-2.0.6.pom
[86c1c159-ca36-4cf1-9a04-2daacf0cccab/build]   | [INFO] Downloaded from central: https://repo.maven.apache.org/maven2/org/apache/maven/maven-artifact-manager/2.0.6/maven-artifact-manager-2.0.6.pom (2.6 kB at 164 kB/s)
[86c1c159-ca36-4cf1-9a04-2daacf0cccab/build]   | [INFO] Downloading from central: https://repo.maven.apache.org/maven2/org/apache/maven/maven-repository-metadata/2.0.6/maven-repository-metadata-2.0.6.pom
[86c1c159-ca36-4cf1-9a04-2daacf0cccab/build]   | [INFO] Downloaded from central: https://repo.maven.apache.org/maven2/org/apache/maven/maven-repository-metadata/2.0.6/maven-repository-metadata-2.0.6.pom (1.9 kB at 231 kB/s)
[86c1c159-ca36-4cf1-9a04-2daacf0cccab/build]   | [INFO] Downloading from central: https://repo.maven.apache.org/maven2/org/apache/maven/maven-artifact/2.0.6/maven-artifact-2.0.6.pom
[86c1c159-ca36-4cf1-9a04-2daacf0cccab/build]   | [INFO] Downloaded from central: https://repo.maven.apache.org/maven2/org/apache/maven/maven-artifact/2.0.6/maven-artifact-2.0.6.pom (1.6 kB at 197 kB/s)
[86c1c159-ca36-4cf1-9a04-2daacf0cccab/build]   | [INFO] Downloading from central: https://repo.maven.apache.org/maven2/org/apache/maven/maven-plugin-registry/2.0.6/maven-plugin-registry-2.0.6.pom
[86c1c159-ca36-4cf1-9a04-2daacf0cccab/build]   | [INFO] Downloaded from central: https://repo.maven.apache.org/maven2/org/apache/maven/maven-plugin-registry/2.0.6/maven-plugin-registry-2.0.6.pom (1.9 kB at 216 kB/s)
[86c1c159-ca36-4cf1-9a04-2daacf0cccab/build]   | [INFO] Downloading from central: https://repo.maven.apache.org/maven2/org/apache/maven/maven-core/2.0.6/maven-core-2.0.6.pom
[86c1c159-ca36-4cf1-9a04-2daacf0cccab/build]   | [INFO] Downloaded from central: https://repo.maven.apache.org/maven2/org/apache/maven/maven-core/2.0.6/maven-core-2.0.6.pom (6.7 kB at 249 kB/s)
[86c1c159-ca36-4cf1-9a04-2daacf0cccab/build]   | [INFO] Downloading from central: https://repo.maven.apache.org/maven2/org/apache/maven/maven-plugin-parameter-documenter/2.0.6/maven-plugin-parameter-documenter-2.0.6.pom
[86c1c159-ca36-4cf1-9a04-2daacf0cccab/build]   | [INFO] Downloaded from central: https://repo.maven.apache.org/maven2/org/apache/maven/maven-plugin-parameter-documenter/2.0.6/maven-plugin-parameter-documenter-2.0.6.pom (1.9 kB at 239 kB/s)
[86c1c159-ca36-4cf1-9a04-2daacf0cccab/build]   | [INFO] Downloading from central: https://repo.maven.apache.org/maven2/org/apache/maven/reporting/maven-reporting-api/2.0.6/maven-reporting-api-2.0.6.pom
[86c1c159-ca36-4cf1-9a04-2daacf0cccab/build]   | [INFO] Downloaded from central: https://repo.maven.apache.org/maven2/org/apache/maven/reporting/maven-reporting-api/2.0.6/maven-reporting-api-2.0.6.pom (1.8 kB at 250 kB/s)
[86c1c159-ca36-4cf1-9a04-2daacf0cccab/build]   | [INFO] Downloading from central: https://repo.maven.apache.org/maven2/org/apache/maven/reporting/maven-reporting/2.0.6/maven-reporting-2.0.6.pom
[86c1c159-ca36-4cf1-9a04-2daacf0cccab/build]   | [INFO] Downloaded from central: https://repo.maven.apache.org/maven2/org/apache/maven/reporting/maven-reporting/2.0.6/maven-reporting-2.0.6.pom (1.4 kB at 103 kB/s)
[86c1c159-ca36-4cf1-9a04-2daacf0cccab/build]   | [INFO] Downloading from central: https://repo.maven.apache.org/maven2/org/apache/maven/doxia/doxia-sink-api/1.0-alpha-7/doxia-sink-api-1.0-alpha-7.pom
[86c1c159-ca36-4cf1-9a04-2daacf0cccab/build]   | [INFO] Downloaded from central: https://repo.maven.apache.org/maven2/org/apache/maven/doxia/doxia-sink-api/1.0-alpha-7/doxia-sink-api-1.0-alpha-7.pom (424 B at 47 kB/s)
[86c1c159-ca36-4cf1-9a04-2daacf0cccab/build]   | [INFO] Downloading from central: https://repo.maven.apache.org/maven2/org/apache/maven/doxia/doxia/1.0-alpha-7/doxia-1.0-alpha-7.pom
[86c1c159-ca36-4cf1-9a04-2daacf0cccab/build]   | [INFO] Downloaded from central: https://repo.maven.apache.org/maven2/org/apache/maven/doxia/doxia/1.0-alpha-7/doxia-1.0-alpha-7.pom (3.9 kB at 489 kB/s)
[86c1c159-ca36-4cf1-9a04-2daacf0cccab/build]   | [INFO] Downloading from central: https://repo.maven.apache.org/maven2/org/apache/maven/maven-error-diagnostics/2.0.6/maven-error-diagnostics-2.0.6.pom
[86c1c159-ca36-4cf1-9a04-2daacf0cccab/build]   | [INFO] Downloaded from central: https://repo.maven.apache.org/maven2/org/apache/maven/maven-error-diagnostics/2.0.6/maven-error-diagnostics-2.0.6.pom (1.7 kB at 213 kB/s)
[86c1c159-ca36-4cf1-9a04-2daacf0cccab/build]   | [INFO] Downloading from central: https://repo.maven.apache.org/maven2/commons-cli/commons-cli/1.0/commons-cli-1.0.pom
[86c1c159-ca36-4cf1-9a04-2daacf0cccab/build]   | [INFO] Downloaded from central: https://repo.maven.apache.org/maven2/commons-cli/commons-cli/1.0/commons-cli-1.0.pom (2.1 kB at 234 kB/s)
[86c1c159-ca36-4cf1-9a04-2daacf0cccab/build]   | [INFO] Downloading from central: https://repo.maven.apache.org/maven2/org/apache/maven/maven-plugin-descriptor/2.0.6/maven-plugin-descriptor-2.0.6.pom
[86c1c159-ca36-4cf1-9a04-2daacf0cccab/build]   | [INFO] Downloaded from central: https://repo.maven.apache.org/maven2/org/apache/maven/maven-plugin-descriptor/2.0.6/maven-plugin-descriptor-2.0.6.pom (2.0 kB at 112 kB/s)
[86c1c159-ca36-4cf1-9a04-2daacf0cccab/build]   | [INFO] Downloading from central: https://repo.maven.apache.org/maven2/org/codehaus/plexus/plexus-interactivity-api/1.0-alpha-4/plexus-interactivity-api-1.0-alpha-4.pom
[86c1c159-ca36-4cf1-9a04-2daacf0cccab/build]   | [INFO] Downloaded from central: https://repo.maven.apache.org/maven2/org/codehaus/plexus/plexus-interactivity-api/1.0-alpha-4/plexus-interactivity-api-1.0-alpha-4.pom (7.1 kB at 886 kB/s)
[86c1c159-ca36-4cf1-9a04-2daacf0cccab/build]   | [INFO] Downloading from central: https://repo.maven.apache.org/maven2/org/apache/maven/maven-monitor/2.0.6/maven-monitor-2.0.6.pom
[86c1c159-ca36-4cf1-9a04-2daacf0cccab/build]   | [INFO] Downloaded from central: https://repo.maven.apache.org/maven2/org/apache/maven/maven-monitor/2.0.6/maven-monitor-2.0.6.pom (1.3 kB at 90 kB/s)
[86c1c159-ca36-4cf1-9a04-2daacf0cccab/build]   | [INFO] Downloading from central: https://repo.maven.apache.org/maven2/classworlds/classworlds/1.1/classworlds-1.1.pom
[86c1c159-ca36-4cf1-9a04-2daacf0cccab/build]   | [INFO] Downloaded from central: https://repo.maven.apache.org/maven2/classworlds/classworlds/1.1/classworlds-1.1.pom (3.3 kB at 196 kB/s)
[86c1c159-ca36-4cf1-9a04-2daacf0cccab/build]   | [INFO] Downloading from central: https://repo.maven.apache.org/maven2/org/codehaus/plexus/plexus-utils/2.0.5/plexus-utils-2.0.5.pom
[86c1c159-ca36-4cf1-9a04-2daacf0cccab/build]   | [INFO] Downloaded from central: https://repo.maven.apache.org/maven2/org/codehaus/plexus/plexus-utils/2.0.5/plexus-utils-2.0.5.pom (3.3 kB at 167 kB/s)
[86c1c159-ca36-4cf1-9a04-2daacf0cccab/build]   | [INFO] Downloading from central: https://repo.maven.apache.org/maven2/org/codehaus/plexus/plexus/2.0.6/plexus-2.0.6.pom
[86c1c159-ca36-4cf1-9a04-2daacf0cccab/build]   | [INFO] Downloaded from central: https://repo.maven.apache.org/maven2/org/codehaus/plexus/plexus/2.0.6/plexus-2.0.6.pom (17 kB at 1.3 MB/s)
[86c1c159-ca36-4cf1-9a04-2daacf0cccab/build]   | [INFO] Downloading from central: https://repo.maven.apache.org/maven2/org/apache/maven/shared/maven-filtering/1.1/maven-filtering-1.1.pom
[86c1c159-ca36-4cf1-9a04-2daacf0cccab/build]   | [INFO] Downloaded from central: https://repo.maven.apache.org/maven2/org/apache/maven/shared/maven-filtering/1.1/maven-filtering-1.1.pom (5.8 kB at 445 kB/s)
[86c1c159-ca36-4cf1-9a04-2daacf0cccab/build]   | [INFO] Downloading from central: https://repo.maven.apache.org/maven2/org/apache/maven/shared/maven-shared-components/17/maven-shared-components-17.pom
[86c1c159-ca36-4cf1-9a04-2daacf0cccab/build]   | [INFO] Downloaded from central: https://repo.maven.apache.org/maven2/org/apache/maven/shared/maven-shared-components/17/maven-shared-components-17.pom (8.7 kB at 870 kB/s)
[86c1c159-ca36-4cf1-9a04-2daacf0cccab/build]   | [INFO] Downloading from central: https://repo.maven.apache.org/maven2/org/apache/maven/maven-parent/21/maven-parent-21.pom
[86c1c159-ca36-4cf1-9a04-2daacf0cccab/build]   | [INFO] Downloaded from central: https://repo.maven.apache.org/maven2/org/apache/maven/maven-parent/21/maven-parent-21.pom (26 kB at 1.1 MB/s)
[86c1c159-ca36-4cf1-9a04-2daacf0cccab/build]   | [INFO] Downloading from central: https://repo.maven.apache.org/maven2/org/apache/apache/10/apache-10.pom
[86c1c159-ca36-4cf1-9a04-2daacf0cccab/build]   | [INFO] Downloaded from central: https://repo.maven.apache.org/maven2/org/apache/apache/10/apache-10.pom (15 kB at 925 kB/s)
[86c1c159-ca36-4cf1-9a04-2daacf0cccab/build]   | [INFO] Downloading from central: https://repo.maven.apache.org/maven2/org/codehaus/plexus/plexus-utils/1.5.15/plexus-utils-1.5.15.pom
[86c1c159-ca36-4cf1-9a04-2daacf0cccab/build]   | [INFO] Downloaded from central: https://repo.maven.apache.org/maven2/org/codehaus/plexus/plexus-utils/1.5.15/plexus-utils-1.5.15.pom (6.8 kB at 527 kB/s)
[86c1c159-ca36-4cf1-9a04-2daacf0cccab/build]   | [INFO] Downloading from central: https://repo.maven.apache.org/maven2/org/codehaus/plexus/plexus/2.0.2/plexus-2.0.2.pom
[86c1c159-ca36-4cf1-9a04-2daacf0cccab/build]   | [INFO] Downloaded from central: https://repo.maven.apache.org/maven2/org/codehaus/plexus/plexus/2.0.2/plexus-2.0.2.pom (12 kB at 1.3 MB/s)
[86c1c159-ca36-4cf1-9a04-2daacf0cccab/build]   | [INFO] Downloading from central: https://repo.maven.apache.org/maven2/org/codehaus/plexus/plexus-interpolation/1.12/plexus-interpolation-1.12.pom
[86c1c159-ca36-4cf1-9a04-2daacf0cccab/build]   | [INFO] Downloaded from central: https://repo.maven.apache.org/maven2/org/codehaus/plexus/plexus-interpolation/1.12/plexus-interpolation-1.12.pom (889 B at 36 kB/s)
[86c1c159-ca36-4cf1-9a04-2daacf0cccab/build]   | [INFO] Downloading from central: https://repo.maven.apache.org/maven2/org/codehaus/plexus/plexus-components/1.1.14/plexus-components-1.1.14.pom
[86c1c159-ca36-4cf1-9a04-2daacf0cccab/build]   | [INFO] Downloaded from central: https://repo.maven.apache.org/maven2/org/codehaus/plexus/plexus-components/1.1.14/plexus-components-1.1.14.pom (5.8 kB at 201 kB/s)
[86c1c159-ca36-4cf1-9a04-2daacf0cccab/build]   | [INFO] Downloading from central: https://repo.maven.apache.org/maven2/org/sonatype/plexus/plexus-build-api/0.0.4/plexus-build-api-0.0.4.pom
[86c1c159-ca36-4cf1-9a04-2daacf0cccab/build]   | [INFO] Downloaded from central: https://repo.maven.apache.org/maven2/org/sonatype/plexus/plexus-build-api/0.0.4/plexus-build-api-0.0.4.pom (2.9 kB at 220 kB/s)
[86c1c159-ca36-4cf1-9a04-2daacf0cccab/build]   | [INFO] Downloading from central: https://repo.maven.apache.org/maven2/org/sonatype/spice/spice-parent/10/spice-parent-10.pom
[86c1c159-ca36-4cf1-9a04-2daacf0cccab/build]   | [INFO] Downloaded from central: https://repo.maven.apache.org/maven2/org/sonatype/spice/spice-parent/10/spice-parent-10.pom (3.0 kB at 116 kB/s)
[86c1c159-ca36-4cf1-9a04-2daacf0cccab/build]   | [INFO] Downloading from central: https://repo.maven.apache.org/maven2/org/sonatype/forge/forge-parent/3/forge-parent-3.pom
[86c1c159-ca36-4cf1-9a04-2daacf0cccab/build]   | [INFO] Downloaded from central: https://repo.maven.apache.org/maven2/org/sonatype/forge/forge-parent/3/forge-parent-3.pom (5.0 kB at 336 kB/s)
[86c1c159-ca36-4cf1-9a04-2daacf0cccab/build]   | [INFO] Downloading from central: https://repo.maven.apache.org/maven2/org/codehaus/plexus/plexus-utils/1.5.8/plexus-utils-1.5.8.pom
[86c1c159-ca36-4cf1-9a04-2daacf0cccab/build]   | [INFO] Downloaded from central: https://repo.maven.apache.org/maven2/org/codehaus/plexus/plexus-utils/1.5.8/plexus-utils-1.5.8.pom (8.1 kB at 896 kB/s)
[86c1c159-ca36-4cf1-9a04-2daacf0cccab/build]   | [INFO] Downloading from central: https://repo.maven.apache.org/maven2/org/codehaus/plexus/plexus-interpolation/1.13/plexus-interpolation-1.13.pom
[86c1c159-ca36-4cf1-9a04-2daacf0cccab/build]   | [INFO] Downloaded from central: https://repo.maven.apache.org/maven2/org/codehaus/plexus/plexus-interpolation/1.13/plexus-interpolation-1.13.pom (890 B at 111 kB/s)
[86c1c159-ca36-4cf1-9a04-2daacf0cccab/build]   | [INFO] Downloading from central: https://repo.maven.apache.org/maven2/org/codehaus/plexus/plexus-components/1.1.15/plexus-components-1.1.15.pom
[86c1c159-ca36-4cf1-9a04-2daacf0cccab/build]   | [INFO] Downloaded from central: https://repo.maven.apache.org/maven2/org/codehaus/plexus/plexus-components/1.1.15/plexus-components-1.1.15.pom (2.8 kB at 316 kB/s)
[86c1c159-ca36-4cf1-9a04-2daacf0cccab/build]   | [INFO] Downloading from central: https://repo.maven.apache.org/maven2/org/codehaus/plexus/plexus/2.0.3/plexus-2.0.3.pom
[86c1c159-ca36-4cf1-9a04-2daacf0cccab/build]   | [INFO] Downloaded from central: https://repo.maven.apache.org/maven2/org/codehaus/plexus/plexus/2.0.3/plexus-2.0.3.pom (15 kB at 2.6 MB/s)
[86c1c159-ca36-4cf1-9a04-2daacf0cccab/build]   | [INFO] Downloading from central: https://repo.maven.apache.org/maven2/org/apache/maven/maven-plugin-api/2.0.6/maven-plugin-api-2.0.6.jar
[86c1c159-ca36-4cf1-9a04-2daacf0cccab/build]   | [INFO] Downloading from central: https://repo.maven.apache.org/maven2/org/apache/maven/maven-project/2.0.6/maven-project-2.0.6.jar
[86c1c159-ca36-4cf1-9a04-2daacf0cccab/build]   | [INFO] Downloading from central: https://repo.maven.apache.org/maven2/org/apache/maven/maven-artifact-manager/2.0.6/maven-artifact-manager-2.0.6.jar
[86c1c159-ca36-4cf1-9a04-2daacf0cccab/build]   | [INFO] Downloading from central: https://repo.maven.apache.org/maven2/org/apache/maven/maven-plugin-registry/2.0.6/maven-plugin-registry-2.0.6.jar
[86c1c159-ca36-4cf1-9a04-2daacf0cccab/build]   | [INFO] Downloading from central: https://repo.maven.apache.org/maven2/org/apache/maven/maven-profile/2.0.6/maven-profile-2.0.6.jar
[86c1c159-ca36-4cf1-9a04-2daacf0cccab/build]   | [INFO] Downloaded from central: https://repo.maven.apache.org/maven2/org/apache/maven/maven-plugin-api/2.0.6/maven-plugin-api-2.0.6.jar (13 kB at 714 kB/s)
[86c1c159-ca36-4cf1-9a04-2daacf0cccab/build]   | [INFO] Downloading from central: https://repo.maven.apache.org/maven2/org/apache/maven/maven-core/2.0.6/maven-core-2.0.6.jar
[86c1c159-ca36-4cf1-9a04-2daacf0cccab/build]   | [INFO] Downloaded from central: https://repo.maven.apache.org/maven2/org/apache/maven/maven-project/2.0.6/maven-project-2.0.6.jar (116 kB at 5.3 MB/s)
[86c1c159-ca36-4cf1-9a04-2daacf0cccab/build]   | [INFO] Downloading from central: https://repo.maven.apache.org/maven2/org/apache/maven/maven-plugin-parameter-documenter/2.0.6/maven-plugin-parameter-documenter-2.0.6.jar
[86c1c159-ca36-4cf1-9a04-2daacf0cccab/build]   | [INFO] Downloaded from central: https://repo.maven.apache.org/maven2/org/apache/maven/maven-profile/2.0.6/maven-profile-2.0.6.jar (35 kB at 1.1 MB/s)
[86c1c159-ca36-4cf1-9a04-2daacf0cccab/build]   | [INFO] Downloading from central: https://repo.maven.apache.org/maven2/org/apache/maven/reporting/maven-reporting-api/2.0.6/maven-reporting-api-2.0.6.jar
[86c1c159-ca36-4cf1-9a04-2daacf0cccab/build]   | [INFO] Downloaded from central: https://repo.maven.apache.org/maven2/org/apache/maven/reporting/maven-reporting-api/2.0.6/maven-reporting-api-2.0.6.jar (9.9 kB at 382 kB/s)
[86c1c159-ca36-4cf1-9a04-2daacf0cccab/build]   | [INFO] Downloading from central: https://repo.maven.apache.org/maven2/org/apache/maven/doxia/doxia-sink-api/1.0-alpha-7/doxia-sink-api-1.0-alpha-7.jar
[86c1c159-ca36-4cf1-9a04-2daacf0cccab/build]   | [INFO] Downloaded from central: https://repo.maven.apache.org/maven2/org/apache/maven/doxia/doxia-sink-api/1.0-alpha-7/doxia-sink-api-1.0-alpha-7.jar (5.9 kB at 170 kB/s)
[86c1c159-ca36-4cf1-9a04-2daacf0cccab/build]   | [INFO] Downloading from central: https://repo.maven.apache.org/maven2/org/apache/maven/maven-repository-metadata/2.0.6/maven-repository-metadata-2.0.6.jar
[86c1c159-ca36-4cf1-9a04-2daacf0cccab/build]   | [INFO] Downloaded from central: https://repo.maven.apache.org/maven2/org/apache/maven/maven-artifact-manager/2.0.6/maven-artifact-manager-2.0.6.jar (57 kB at 1.2 MB/s)
[86c1c159-ca36-4cf1-9a04-2daacf0cccab/build]   | [INFO] Downloading from central: https://repo.maven.apache.org/maven2/org/apache/maven/maven-error-diagnostics/2.0.6/maven-error-diagnostics-2.0.6.jar
[86c1c159-ca36-4cf1-9a04-2daacf0cccab/build]   | [INFO] Downloaded from central: https://repo.maven.apache.org/maven2/org/apache/maven/maven-plugin-registry/2.0.6/maven-plugin-registry-2.0.6.jar (29 kB at 643 kB/s)
[86c1c159-ca36-4cf1-9a04-2daacf0cccab/build]   | [INFO] Downloading from central: https://repo.maven.apache.org/maven2/commons-cli/commons-cli/1.0/commons-cli-1.0.jar
[86c1c159-ca36-4cf1-9a04-2daacf0cccab/build]   | [INFO] Downloaded from central: https://repo.maven.apache.org/maven2/org/apache/maven/maven-plugin-parameter-documenter/2.0.6/maven-plugin-parameter-documenter-2.0.6.jar (21 kB at 384 kB/s)
[86c1c159-ca36-4cf1-9a04-2daacf0cccab/build]   | [INFO] Downloading from central: https://repo.maven.apache.org/maven2/org/apache/maven/maven-plugin-descriptor/2.0.6/maven-plugin-descriptor-2.0.6.jar
[86c1c159-ca36-4cf1-9a04-2daacf0cccab/build]   | [INFO] Downloaded from central: https://repo.maven.apache.org/maven2/org/apache/maven/maven-core/2.0.6/maven-core-2.0.6.jar (152 kB at 2.5 MB/s)
[86c1c159-ca36-4cf1-9a04-2daacf0cccab/build]   | [INFO] Downloading from central: https://repo.maven.apache.org/maven2/org/codehaus/plexus/plexus-interactivity-api/1.0-alpha-4/plexus-interactivity-api-1.0-alpha-4.jar
[86c1c159-ca36-4cf1-9a04-2daacf0cccab/build]   | [INFO] Downloaded from central: https://repo.maven.apache.org/maven2/org/apache/maven/maven-repository-metadata/2.0.6/maven-repository-metadata-2.0.6.jar (24 kB at 382 kB/s)
[86c1c159-ca36-4cf1-9a04-2daacf0cccab/build]   | [INFO] Downloading from central: https://repo.maven.apache.org/maven2/classworlds/classworlds/1.1/classworlds-1.1.jar
[86c1c159-ca36-4cf1-9a04-2daacf0cccab/build]   | [INFO] Downloaded from central: https://repo.maven.apache.org/maven2/commons-cli/commons-cli/1.0/commons-cli-1.0.jar (30 kB at 430 kB/s)
[86c1c159-ca36-4cf1-9a04-2daacf0cccab/build]   | [INFO] Downloading from central: https://repo.maven.apache.org/maven2/org/apache/maven/maven-artifact/2.0.6/maven-artifact-2.0.6.jar
[86c1c159-ca36-4cf1-9a04-2daacf0cccab/build]   | [INFO] Downloaded from central: https://repo.maven.apache.org/maven2/classworlds/classworlds/1.1/classworlds-1.1.jar (38 kB at 485 kB/s)
[86c1c159-ca36-4cf1-9a04-2daacf0cccab/build]   | [INFO] Downloading from central: https://repo.maven.apache.org/maven2/org/apache/maven/maven-settings/2.0.6/maven-settings-2.0.6.jar
[86c1c159-ca36-4cf1-9a04-2daacf0cccab/build]   | [INFO] Downloaded from central: https://repo.maven.apache.org/maven2/org/apache/maven/maven-error-diagnostics/2.0.6/maven-error-diagnostics-2.0.6.jar (14 kB at 170 kB/s)
[86c1c159-ca36-4cf1-9a04-2daacf0cccab/build]   | [INFO] Downloading from central: https://repo.maven.apache.org/maven2/org/apache/maven/maven-model/2.0.6/maven-model-2.0.6.jar
[86c1c159-ca36-4cf1-9a04-2daacf0cccab/build]   | [INFO] Downloaded from central: https://repo.maven.apache.org/maven2/org/codehaus/plexus/plexus-interactivity-api/1.0-alpha-4/plexus-interactivity-api-1.0-alpha-4.jar (13 kB at 166 kB/s)
[86c1c159-ca36-4cf1-9a04-2daacf0cccab/build]   | [INFO] Downloading from central: https://repo.maven.apache.org/maven2/org/apache/maven/maven-monitor/2.0.6/maven-monitor-2.0.6.jar
[86c1c159-ca36-4cf1-9a04-2daacf0cccab/build]   | [INFO] Downloaded from central: https://repo.maven.apache.org/maven2/org/apache/maven/maven-plugin-descriptor/2.0.6/maven-plugin-descriptor-2.0.6.jar (37 kB at 401 kB/s)
[86c1c159-ca36-4cf1-9a04-2daacf0cccab/build]   | [INFO] Downloaded from central: https://repo.maven.apache.org/maven2/org/apache/maven/maven-artifact/2.0.6/maven-artifact-2.0.6.jar (87 kB at 960 kB/s)
[86c1c159-ca36-4cf1-9a04-2daacf0cccab/build]   | [INFO] Downloading from central: https://repo.maven.apache.org/maven2/junit/junit/3.8.1/junit-3.8.1.jar
[86c1c159-ca36-4cf1-9a04-2daacf0cccab/build]   | [INFO] Downloading from central: https://repo.maven.apache.org/maven2/org/codehaus/plexus/plexus-container-default/1.0-alpha-9-stable-1/plexus-container-default-1.0-alpha-9-stable-1.jar
[86c1c159-ca36-4cf1-9a04-2daacf0cccab/build]   | [INFO] Downloaded from central: https://repo.maven.apache.org/maven2/org/apache/maven/maven-model/2.0.6/maven-model-2.0.6.jar (86 kB at 847 kB/s)
[86c1c159-ca36-4cf1-9a04-2daacf0cccab/build]   | [INFO] Downloading from central: https://repo.maven.apache.org/maven2/org/codehaus/plexus/plexus-utils/2.0.5/plexus-utils-2.0.5.jar
[86c1c159-ca36-4cf1-9a04-2daacf0cccab/build]   | [INFO] Downloaded from central: https://repo.maven.apache.org/maven2/org/apache/maven/maven-settings/2.0.6/maven-settings-2.0.6.jar (49 kB at 481 kB/s)
[86c1c159-ca36-4cf1-9a04-2daacf0cccab/build]   | [INFO] Downloading from central: https://repo.maven.apache.org/maven2/org/apache/maven/shared/maven-filtering/1.1/maven-filtering-1.1.jar
[86c1c159-ca36-4cf1-9a04-2daacf0cccab/build]   | [INFO] Downloaded from central: https://repo.maven.apache.org/maven2/org/apache/maven/maven-monitor/2.0.6/maven-monitor-2.0.6.jar (10 kB at 85 kB/s)
[86c1c159-ca36-4cf1-9a04-2daacf0cccab/build]   | [INFO] Downloaded from central: https://repo.maven.apache.org/maven2/junit/junit/3.8.1/junit-3.8.1.jar (121 kB at 1.0 MB/s)
[86c1c159-ca36-4cf1-9a04-2daacf0cccab/build]   | [INFO] Downloading from central: https://repo.maven.apache.org/maven2/org/sonatype/plexus/plexus-build-api/0.0.4/plexus-build-api-0.0.4.jar
[86c1c159-ca36-4cf1-9a04-2daacf0cccab/build]   | [INFO] Downloading from central: https://repo.maven.apache.org/maven2/org/codehaus/plexus/plexus-interpolation/1.13/plexus-interpolation-1.13.jar
[86c1c159-ca36-4cf1-9a04-2daacf0cccab/build]   | [INFO] Downloaded from central: https://repo.maven.apache.org/maven2/org/codehaus/plexus/plexus-utils/2.0.5/plexus-utils-2.0.5.jar (223 kB at 1.8 MB/s)
[86c1c159-ca36-4cf1-9a04-2daacf0cccab/build]   | [INFO] Downloaded from central: https://repo.maven.apache.org/maven2/org/sonatype/plexus/plexus-build-api/0.0.4/plexus-build-api-0.0.4.jar (6.8 kB at 51 kB/s)
[86c1c159-ca36-4cf1-9a04-2daacf0cccab/build]   | [INFO] Downloaded from central: https://repo.maven.apache.org/maven2/org/codehaus/plexus/plexus-container-default/1.0-alpha-9-stable-1/plexus-container-default-1.0-alpha-9-stable-1.jar (194 kB at 1.4 MB/s)
[86c1c159-ca36-4cf1-9a04-2daacf0cccab/build]   | [INFO] Downloaded from central: https://repo.maven.apache.org/maven2/org/codehaus/plexus/plexus-interpolation/1.13/plexus-interpolation-1.13.jar (61 kB at 430 kB/s)
[86c1c159-ca36-4cf1-9a04-2daacf0cccab/build]   | [INFO] Downloaded from central: https://repo.maven.apache.org/maven2/org/apache/maven/shared/maven-filtering/1.1/maven-filtering-1.1.jar (43 kB at 287 kB/s)
[86c1c159-ca36-4cf1-9a04-2daacf0cccab/build]   | [INFO] Using 'UTF-8' encoding to copy filtered resources.
[86c1c159-ca36-4cf1-9a04-2daacf0cccab/build]   | [INFO] Copying 2 resources
[86c1c159-ca36-4cf1-9a04-2daacf0cccab/build]   | [INFO] 
[86c1c159-ca36-4cf1-9a04-2daacf0cccab/build]   | [INFO] --- maven-compiler-plugin:3.1:compile (default-compile) @ jwarc ---
[86c1c159-ca36-4cf1-9a04-2daacf0cccab/build]   | [INFO] Downloading from central: https://repo.maven.apache.org/maven2/org/apache/maven/maven-plugin-api/2.0.9/maven-plugin-api-2.0.9.pom
[86c1c159-ca36-4cf1-9a04-2daacf0cccab/build]   | [INFO] Downloaded from central: https://repo.maven.apache.org/maven2/org/apache/maven/maven-plugin-api/2.0.9/maven-plugin-api-2.0.9.pom (1.5 kB at 115 kB/s)
[86c1c159-ca36-4cf1-9a04-2daacf0cccab/build]   | [INFO] Downloading from central: https://repo.maven.apache.org/maven2/org/apache/maven/maven/2.0.9/maven-2.0.9.pom
[86c1c159-ca36-4cf1-9a04-2daacf0cccab/build]   | [INFO] Downloaded from central: https://repo.maven.apache.org/maven2/org/apache/maven/maven/2.0.9/maven-2.0.9.pom (19 kB at 2.7 MB/s)
[86c1c159-ca36-4cf1-9a04-2daacf0cccab/build]   | [INFO] Downloading from central: https://repo.maven.apache.org/maven2/org/apache/maven/maven-parent/8/maven-parent-8.pom
[86c1c159-ca36-4cf1-9a04-2daacf0cccab/build]   | [INFO] Downloaded from central: https://repo.maven.apache.org/maven2/org/apache/maven/maven-parent/8/maven-parent-8.pom (24 kB at 1.5 MB/s)
[86c1c159-ca36-4cf1-9a04-2daacf0cccab/build]   | [INFO] Downloading from central: https://repo.maven.apache.org/maven2/org/apache/apache/4/apache-4.pom
[86c1c159-ca36-4cf1-9a04-2daacf0cccab/build]   | [INFO] Downloaded from central: https://repo.maven.apache.org/maven2/org/apache/apache/4/apache-4.pom (4.5 kB at 749 kB/s)
[86c1c159-ca36-4cf1-9a04-2daacf0cccab/build]   | [INFO] Downloading from central: https://repo.maven.apache.org/maven2/org/apache/maven/maven-artifact/2.0.9/maven-artifact-2.0.9.pom
[86c1c159-ca36-4cf1-9a04-2daacf0cccab/build]   | [INFO] Downloaded from central: https://repo.maven.apache.org/maven2/org/apache/maven/maven-artifact/2.0.9/maven-artifact-2.0.9.pom (1.6 kB at 202 kB/s)
[86c1c159-ca36-4cf1-9a04-2daacf0cccab/build]   | [INFO] Downloading from central: https://repo.maven.apache.org/maven2/org/codehaus/plexus/plexus-utils/1.5.1/plexus-utils-1.5.1.pom
[86c1c159-ca36-4cf1-9a04-2daacf0cccab/build]   | [INFO] Downloaded from central: https://repo.maven.apache.org/maven2/org/codehaus/plexus/plexus-utils/1.5.1/plexus-utils-1.5.1.pom (2.3 kB at 328 kB/s)
[86c1c159-ca36-4cf1-9a04-2daacf0cccab/build]   | [INFO] Downloading from central: https://repo.maven.apache.org/maven2/org/apache/maven/maven-core/2.0.9/maven-core-2.0.9.pom
[86c1c159-ca36-4cf1-9a04-2daacf0cccab/build]   | [INFO] Downloaded from central: https://repo.maven.apache.org/maven2/org/apache/maven/maven-core/2.0.9/maven-core-2.0.9.pom (7.8 kB at 708 kB/s)
[86c1c159-ca36-4cf1-9a04-2daacf0cccab/build]   | [INFO] Downloading from central: https://repo.maven.apache.org/maven2/org/apache/maven/maven-settings/2.0.9/maven-settings-2.0.9.pom
[86c1c159-ca36-4cf1-9a04-2daacf0cccab/build]   | [INFO] Downloaded from central: https://repo.maven.apache.org/maven2/org/apache/maven/maven-settings/2.0.9/maven-settings-2.0.9.pom (2.1 kB at 294 kB/s)
[86c1c159-ca36-4cf1-9a04-2daacf0cccab/build]   | [INFO] Downloading from central: https://repo.maven.apache.org/maven2/org/apache/maven/maven-model/2.0.9/maven-model-2.0.9.pom
[86c1c159-ca36-4cf1-9a04-2daacf0cccab/build]   | [INFO] Downloaded from central: https://repo.maven.apache.org/maven2/org/apache/maven/maven-model/2.0.9/maven-model-2.0.9.pom (3.1 kB at 449 kB/s)
[86c1c159-ca36-4cf1-9a04-2daacf0cccab/build]   | [INFO] Downloading from central: https://repo.maven.apache.org/maven2/org/apache/maven/maven-plugin-parameter-documenter/2.0.9/maven-plugin-parameter-documenter-2.0.9.pom
[86c1c159-ca36-4cf1-9a04-2daacf0cccab/build]   | [INFO] Downloaded from central: https://repo.maven.apache.org/maven2/org/apache/maven/maven-plugin-parameter-documenter/2.0.9/maven-plugin-parameter-documenter-2.0.9.pom (2.0 kB at 179 kB/s)
[86c1c159-ca36-4cf1-9a04-2daacf0cccab/build]   | [INFO] Downloading from central: https://repo.maven.apache.org/maven2/org/apache/maven/maven-profile/2.0.9/maven-profile-2.0.9.pom
[86c1c159-ca36-4cf1-9a04-2daacf0cccab/build]   | [INFO] Downloaded from central: https://repo.maven.apache.org/maven2/org/apache/maven/maven-profile/2.0.9/maven-profile-2.0.9.pom (2.0 kB at 293 kB/s)
[86c1c159-ca36-4cf1-9a04-2daacf0cccab/build]   | [INFO] Downloading from central: https://repo.maven.apache.org/maven2/org/apache/maven/maven-repository-metadata/2.0.9/maven-repository-metadata-2.0.9.pom
[86c1c159-ca36-4cf1-9a04-2daacf0cccab/build]   | [INFO] Downloaded from central: https://repo.maven.apache.org/maven2/org/apache/maven/maven-repository-metadata/2.0.9/maven-repository-metadata-2.0.9.pom (1.9 kB at 380 kB/s)
[86c1c159-ca36-4cf1-9a04-2daacf0cccab/build]   | [INFO] Downloading from central: https://repo.maven.apache.org/maven2/org/apache/maven/maven-error-diagnostics/2.0.9/maven-error-diagnostics-2.0.9.pom
[86c1c159-ca36-4cf1-9a04-2daacf0cccab/build]   | [INFO] Downloaded from central: https://repo.maven.apache.org/maven2/org/apache/maven/maven-error-diagnostics/2.0.9/maven-error-diagnostics-2.0.9.pom (1.7 kB at 349 kB/s)
[86c1c159-ca36-4cf1-9a04-2daacf0cccab/build]   | [INFO] Downloading from central: https://repo.maven.apache.org/maven2/org/apache/maven/maven-project/2.0.9/maven-project-2.0.9.pom
[86c1c159-ca36-4cf1-9a04-2daacf0cccab/build]   | [INFO] Downloaded from central: https://repo.maven.apache.org/maven2/org/apache/maven/maven-project/2.0.9/maven-project-2.0.9.pom (2.7 kB at 452 kB/s)
[86c1c159-ca36-4cf1-9a04-2daacf0cccab/build]   | [INFO] Downloading from central: https://repo.maven.apache.org/maven2/org/apache/maven/maven-artifact-manager/2.0.9/maven-artifact-manager-2.0.9.pom
[86c1c159-ca36-4cf1-9a04-2daacf0cccab/build]   | [INFO] Downloaded from central: https://repo.maven.apache.org/maven2/org/apache/maven/maven-artifact-manager/2.0.9/maven-artifact-manager-2.0.9.pom (2.7 kB at 193 kB/s)
[86c1c159-ca36-4cf1-9a04-2daacf0cccab/build]   | [INFO] Downloading from central: https://repo.maven.apache.org/maven2/org/apache/maven/maven-plugin-registry/2.0.9/maven-plugin-registry-2.0.9.pom
[86c1c159-ca36-4cf1-9a04-2daacf0cccab/build]   | [INFO] Downloaded from central: https://repo.maven.apache.org/maven2/org/apache/maven/maven-plugin-registry/2.0.9/maven-plugin-registry-2.0.9.pom (2.0 kB at 86 kB/s)
[86c1c159-ca36-4cf1-9a04-2daacf0cccab/build]   | [INFO] Downloading from central: https://repo.maven.apache.org/maven2/org/apache/maven/maven-plugin-descriptor/2.0.9/maven-plugin-descriptor-2.0.9.pom
[86c1c159-ca36-4cf1-9a04-2daacf0cccab/build]   | [INFO] Downloaded from central: https://repo.maven.apache.org/maven2/org/apache/maven/maven-plugin-descriptor/2.0.9/maven-plugin-descriptor-2.0.9.pom (2.1 kB at 160 kB/s)
[86c1c159-ca36-4cf1-9a04-2daacf0cccab/build]   | [INFO] Downloading from central: https://repo.maven.apache.org/maven2/org/apache/maven/maven-monitor/2.0.9/maven-monitor-2.0.9.pom
[86c1c159-ca36-4cf1-9a04-2daacf0cccab/build]   | [INFO] Downloaded from central: https://repo.maven.apache.org/maven2/org/apache/maven/maven-monitor/2.0.9/maven-monitor-2.0.9.pom (1.3 kB at 257 kB/s)
[86c1c159-ca36-4cf1-9a04-2daacf0cccab/build]   | [INFO] Downloading from central: https://repo.maven.apache.org/maven2/org/apache/maven/maven-toolchain/1.0/maven-toolchain-1.0.pom
[86c1c159-ca36-4cf1-9a04-2daacf0cccab/build]   | [INFO] Downloaded from central: https://repo.maven.apache.org/maven2/org/apache/maven/maven-toolchain/1.0/maven-toolchain-1.0.pom (3.4 kB at 310 kB/s)
[86c1c159-ca36-4cf1-9a04-2daacf0cccab/build]   | [INFO] Downloading from central: https://repo.maven.apache.org/maven2/org/apache/maven/shared/maven-shared-utils/0.1/maven-shared-utils-0.1.pom
[86c1c159-ca36-4cf1-9a04-2daacf0cccab/build]   | [INFO] Downloaded from central: https://repo.maven.apache.org/maven2/org/apache/maven/shared/maven-shared-utils/0.1/maven-shared-utils-0.1.pom (4.0 kB at 337 kB/s)
[86c1c159-ca36-4cf1-9a04-2daacf0cccab/build]   | [INFO] Downloading from central: https://repo.maven.apache.org/maven2/org/apache/maven/shared/maven-shared-components/18/maven-shared-components-18.pom
[86c1c159-ca36-4cf1-9a04-2daacf0cccab/build]   | [INFO] Downloaded from central: https://repo.maven.apache.org/maven2/org/apache/maven/shared/maven-shared-components/18/maven-shared-components-18.pom (4.9 kB at 822 kB/s)
[86c1c159-ca36-4cf1-9a04-2daacf0cccab/build]   | [INFO] Downloading from central: https://repo.maven.apache.org/maven2/com/google/code/findbugs/jsr305/2.0.1/jsr305-2.0.1.pom
[86c1c159-ca36-4cf1-9a04-2daacf0cccab/build]   | [INFO] Downloaded from central: https://repo.maven.apache.org/maven2/com/google/code/findbugs/jsr305/2.0.1/jsr305-2.0.1.pom (965 B at 64 kB/s)
[86c1c159-ca36-4cf1-9a04-2daacf0cccab/build]   | [INFO] Downloading from central: https://repo.maven.apache.org/maven2/org/apache/maven/shared/maven-shared-incremental/1.1/maven-shared-incremental-1.1.pom
[86c1c159-ca36-4cf1-9a04-2daacf0cccab/build]   | [INFO] Downloaded from central: https://repo.maven.apache.org/maven2/org/apache/maven/shared/maven-shared-incremental/1.1/maven-shared-incremental-1.1.pom (4.7 kB at 365 kB/s)
[86c1c159-ca36-4cf1-9a04-2daacf0cccab/build]   | [INFO] Downloading from central: https://repo.maven.apache.org/maven2/org/apache/maven/shared/maven-shared-components/19/maven-shared-components-19.pom
[86c1c159-ca36-4cf1-9a04-2daacf0cccab/build]   | [INFO] Downloaded from central: https://repo.maven.apache.org/maven2/org/apache/maven/shared/maven-shared-components/19/maven-shared-components-19.pom (6.4 kB at 636 kB/s)
[86c1c159-ca36-4cf1-9a04-2daacf0cccab/build]   | [INFO] Downloading from central: https://repo.maven.apache.org/maven2/org/apache/maven/maven-plugin-api/2.2.1/maven-plugin-api-2.2.1.pom
[86c1c159-ca36-4cf1-9a04-2daacf0cccab/build]   | [INFO] Downloaded from central: https://repo.maven.apache.org/maven2/org/apache/maven/maven-plugin-api/2.2.1/maven-plugin-api-2.2.1.pom (1.5 kB at 122 kB/s)
[86c1c159-ca36-4cf1-9a04-2daacf0cccab/build]   | [INFO] Downloading from central: https://repo.maven.apache.org/maven2/org/apache/maven/maven/2.2.1/maven-2.2.1.pom
[86c1c159-ca36-4cf1-9a04-2daacf0cccab/build]   | [INFO] Downloaded from central: https://repo.maven.apache.org/maven2/org/apache/maven/maven/2.2.1/maven-2.2.1.pom (22 kB at 1.9 MB/s)
[86c1c159-ca36-4cf1-9a04-2daacf0cccab/build]   | [INFO] Downloading from central: https://repo.maven.apache.org/maven2/org/apache/maven/maven-parent/11/maven-parent-11.pom
[86c1c159-ca36-4cf1-9a04-2daacf0cccab/build]   | [INFO] Downloaded from central: https://repo.maven.apache.org/maven2/org/apache/maven/maven-parent/11/maven-parent-11.pom (32 kB at 3.6 MB/s)
[86c1c159-ca36-4cf1-9a04-2daacf0cccab/build]   | [INFO] Downloading from central: https://repo.maven.apache.org/maven2/org/apache/apache/5/apache-5.pom
[86c1c159-ca36-4cf1-9a04-2daacf0cccab/build]   | [INFO] Downloaded from central: https://repo.maven.apache.org/maven2/org/apache/apache/5/apache-5.pom (4.1 kB at 819 kB/s)
[86c1c159-ca36-4cf1-9a04-2daacf0cccab/build]   | [INFO] Downloading from central: https://repo.maven.apache.org/maven2/org/apache/maven/maven-core/2.2.1/maven-core-2.2.1.pom
[86c1c159-ca36-4cf1-9a04-2daacf0cccab/build]   | [INFO] Downloaded from central: https://repo.maven.apache.org/maven2/org/apache/maven/maven-core/2.2.1/maven-core-2.2.1.pom (12 kB at 895 kB/s)
[86c1c159-ca36-4cf1-9a04-2daacf0cccab/build]   | [INFO] Downloading from central: https://repo.maven.apache.org/maven2/org/apache/maven/maven-settings/2.2.1/maven-settings-2.2.1.pom
[86c1c159-ca36-4cf1-9a04-2daacf0cccab/build]   | [INFO] Downloaded from central: https://repo.maven.apache.org/maven2/org/apache/maven/maven-settings/2.2.1/maven-settings-2.2.1.pom (2.2 kB at 436 kB/s)
[86c1c159-ca36-4cf1-9a04-2daacf0cccab/build]   | [INFO] Downloading from central: https://repo.maven.apache.org/maven2/org/apache/maven/maven-model/2.2.1/maven-model-2.2.1.pom
[86c1c159-ca36-4cf1-9a04-2daacf0cccab/build]   | [INFO] Downloaded from central: https://repo.maven.apache.org/maven2/org/apache/maven/maven-model/2.2.1/maven-model-2.2.1.pom (3.2 kB at 463 kB/s)
[86c1c159-ca36-4cf1-9a04-2daacf0cccab/build]   | [INFO] Downloading from central: https://repo.maven.apache.org/maven2/org/codehaus/plexus/plexus-interpolation/1.11/plexus-interpolation-1.11.pom
[86c1c159-ca36-4cf1-9a04-2daacf0cccab/build]   | [INFO] Downloaded from central: https://repo.maven.apache.org/maven2/org/codehaus/plexus/plexus-interpolation/1.11/plexus-interpolation-1.11.pom (889 B at 127 kB/s)
[86c1c159-ca36-4cf1-9a04-2daacf0cccab/build]   | [INFO] Downloading from central: https://repo.maven.apache.org/maven2/org/apache/maven/maven-plugin-parameter-documenter/2.2.1/maven-plugin-parameter-documenter-2.2.1.pom
[86c1c159-ca36-4cf1-9a04-2daacf0cccab/build]   | [INFO] Downloaded from central: https://repo.maven.apache.org/maven2/org/apache/maven/maven-plugin-parameter-documenter/2.2.1/maven-plugin-parameter-documenter-2.2.1.pom (2.0 kB at 326 kB/s)
[86c1c159-ca36-4cf1-9a04-2daacf0cccab/build]   | [INFO] Downloading from central: https://repo.maven.apache.org/maven2/org/slf4j/slf4j-jdk14/1.5.6/slf4j-jdk14-1.5.6.pom
[86c1c159-ca36-4cf1-9a04-2daacf0cccab/build]   | [INFO] Downloaded from central: https://repo.maven.apache.org/maven2/org/slf4j/slf4j-jdk14/1.5.6/slf4j-jdk14-1.5.6.pom (1.9 kB at 316 kB/s)
[86c1c159-ca36-4cf1-9a04-2daacf0cccab/build]   | [INFO] Downloading from central: https://repo.maven.apache.org/maven2/org/slf4j/slf4j-parent/1.5.6/slf4j-parent-1.5.6.pom
[86c1c159-ca36-4cf1-9a04-2daacf0cccab/build]   | [INFO] Downloaded from central: https://repo.maven.apache.org/maven2/org/slf4j/slf4j-parent/1.5.6/slf4j-parent-1.5.6.pom (7.9 kB at 1.3 MB/s)
[86c1c159-ca36-4cf1-9a04-2daacf0cccab/build]   | [INFO] Downloading from central: https://repo.maven.apache.org/maven2/org/slf4j/slf4j-api/1.5.6/slf4j-api-1.5.6.pom
[86c1c159-ca36-4cf1-9a04-2daacf0cccab/build]   | [INFO] Downloaded from central: https://repo.maven.apache.org/maven2/org/slf4j/slf4j-api/1.5.6/slf4j-api-1.5.6.pom (3.0 kB at 373 kB/s)
[86c1c159-ca36-4cf1-9a04-2daacf0cccab/build]   | [INFO] Downloading from central: https://repo.maven.apache.org/maven2/org/slf4j/jcl-over-slf4j/1.5.6/jcl-over-slf4j-1.5.6.pom
[86c1c159-ca36-4cf1-9a04-2daacf0cccab/build]   | [INFO] Downloaded from central: https://repo.maven.apache.org/maven2/org/slf4j/jcl-over-slf4j/1.5.6/jcl-over-slf4j-1.5.6.pom (2.2 kB at 434 kB/s)
[86c1c159-ca36-4cf1-9a04-2daacf0cccab/build]   | [INFO] Downloading from central: https://repo.maven.apache.org/maven2/org/apache/maven/maven-profile/2.2.1/maven-profile-2.2.1.pom
[86c1c159-ca36-4cf1-9a04-2daacf0cccab/build]   | [INFO] Downloaded from central: https://repo.maven.apache.org/maven2/org/apache/maven/maven-profile/2.2.1/maven-profile-2.2.1.pom (2.2 kB at 310 kB/s)
[86c1c159-ca36-4cf1-9a04-2daacf0cccab/build]   | [INFO] Downloading from central: https://repo.maven.apache.org/maven2/org/apache/maven/maven-artifact/2.2.1/maven-artifact-2.2.1.pom
[86c1c159-ca36-4cf1-9a04-2daacf0cccab/build]   | [INFO] Downloaded from central: https://repo.maven.apache.org/maven2/org/apache/maven/maven-artifact/2.2.1/maven-artifact-2.2.1.pom (1.6 kB at 264 kB/s)
[86c1c159-ca36-4cf1-9a04-2daacf0cccab/build]   | [INFO] Downloading from central: https://repo.maven.apache.org/maven2/org/apache/maven/maven-repository-metadata/2.2.1/maven-repository-metadata-2.2.1.pom
[86c1c159-ca36-4cf1-9a04-2daacf0cccab/build]   | [INFO] Downloaded from central: https://repo.maven.apache.org/maven2/org/apache/maven/maven-repository-metadata/2.2.1/maven-repository-metadata-2.2.1.pom (1.9 kB at 267 kB/s)
[86c1c159-ca36-4cf1-9a04-2daacf0cccab/build]   | [INFO] Downloading from central: https://repo.maven.apache.org/maven2/org/apache/maven/maven-error-diagnostics/2.2.1/maven-error-diagnostics-2.2.1.pom
[86c1c159-ca36-4cf1-9a04-2daacf0cccab/build]   | [INFO] Downloaded from central: https://repo.maven.apache.org/maven2/org/apache/maven/maven-error-diagnostics/2.2.1/maven-error-diagnostics-2.2.1.pom (1.7 kB at 131 kB/s)
[86c1c159-ca36-4cf1-9a04-2daacf0cccab/build]   | [INFO] Downloading from central: https://repo.maven.apache.org/maven2/org/apache/maven/maven-project/2.2.1/maven-project-2.2.1.pom
[86c1c159-ca36-4cf1-9a04-2daacf0cccab/build]   | [INFO] Downloaded from central: https://repo.maven.apache.org/maven2/org/apache/maven/maven-project/2.2.1/maven-project-2.2.1.pom (2.8 kB at 396 kB/s)
[86c1c159-ca36-4cf1-9a04-2daacf0cccab/build]   | [INFO] Downloading from central: https://repo.maven.apache.org/maven2/org/apache/maven/maven-artifact-manager/2.2.1/maven-artifact-manager-2.2.1.pom
[86c1c159-ca36-4cf1-9a04-2daacf0cccab/build]   | [INFO] Downloaded from central: https://repo.maven.apache.org/maven2/org/apache/maven/maven-artifact-manager/2.2.1/maven-artifact-manager-2.2.1.pom (3.1 kB at 172 kB/s)
[86c1c159-ca36-4cf1-9a04-2daacf0cccab/build]   | [INFO] Downloading from central: https://repo.maven.apache.org/maven2/backport-util-concurrent/backport-util-concurrent/3.1/backport-util-concurrent-3.1.pom
[86c1c159-ca36-4cf1-9a04-2daacf0cccab/build]   | [INFO] Downloaded from central: https://repo.maven.apache.org/maven2/backport-util-concurrent/backport-util-concurrent/3.1/backport-util-concurrent-3.1.pom (880 B at 49 kB/s)
[86c1c159-ca36-4cf1-9a04-2daacf0cccab/build]   | [INFO] Downloading from central: https://repo.maven.apache.org/maven2/org/apache/maven/maven-plugin-registry/2.2.1/maven-plugin-registry-2.2.1.pom
[86c1c159-ca36-4cf1-9a04-2daacf0cccab/build]   | [INFO] Downloaded from central: https://repo.maven.apache.org/maven2/org/apache/maven/maven-plugin-registry/2.2.1/maven-plugin-registry-2.2.1.pom (1.9 kB at 129 kB/s)
[86c1c159-ca36-4cf1-9a04-2daacf0cccab/build]   | [INFO] Downloading from central: https://repo.maven.apache.org/maven2/org/apache/maven/maven-plugin-descriptor/2.2.1/maven-plugin-descriptor-2.2.1.pom
[86c1c159-ca36-4cf1-9a04-2daacf0cccab/build]   | [INFO] Downloaded from central: https://repo.maven.apache.org/maven2/org/apache/maven/maven-plugin-descriptor/2.2.1/maven-plugin-descriptor-2.2.1.pom (2.1 kB at 159 kB/s)
[86c1c159-ca36-4cf1-9a04-2daacf0cccab/build]   | [INFO] Downloading from central: https://repo.maven.apache.org/maven2/org/apache/maven/maven-monitor/2.2.1/maven-monitor-2.2.1.pom
[86c1c159-ca36-4cf1-9a04-2daacf0cccab/build]   | [INFO] Downloaded from central: https://repo.maven.apache.org/maven2/org/apache/maven/maven-monitor/2.2.1/maven-monitor-2.2.1.pom (1.3 kB at 157 kB/s)
[86c1c159-ca36-4cf1-9a04-2daacf0cccab/build]   | [INFO] Downloading from central: https://repo.maven.apache.org/maven2/org/sonatype/plexus/plexus-sec-dispatcher/1.3/plexus-sec-dispatcher-1.3.pom
[86c1c159-ca36-4cf1-9a04-2daacf0cccab/build]   | [INFO] Downloaded from central: https://repo.maven.apache.org/maven2/org/sonatype/plexus/plexus-sec-dispatcher/1.3/plexus-sec-dispatcher-1.3.pom (3.0 kB at 423 kB/s)
[86c1c159-ca36-4cf1-9a04-2daacf0cccab/build]   | [INFO] Downloading from central: https://repo.maven.apache.org/maven2/org/sonatype/spice/spice-parent/12/spice-parent-12.pom
[86c1c159-ca36-4cf1-9a04-2daacf0cccab/build]   | [INFO] Downloaded from central: https://repo.maven.apache.org/maven2/org/sonatype/spice/spice-parent/12/spice-parent-12.pom (6.8 kB at 1.1 MB/s)
[86c1c159-ca36-4cf1-9a04-2daacf0cccab/build]   | [INFO] Downloading from central: https://repo.maven.apache.org/maven2/org/sonatype/forge/forge-parent/4/forge-parent-4.pom
[86c1c159-ca36-4cf1-9a04-2daacf0cccab/build]   | [INFO] Downloaded from central: https://repo.maven.apache.org/maven2/org/sonatype/forge/forge-parent/4/forge-parent-4.pom (8.4 kB at 1.2 MB/s)
[86c1c159-ca36-4cf1-9a04-2daacf0cccab/build]   | [INFO] Downloading from central: https://repo.maven.apache.org/maven2/org/codehaus/plexus/plexus-utils/1.5.5/plexus-utils-1.5.5.pom
[86c1c159-ca36-4cf1-9a04-2daacf0cccab/build]   | [INFO] Downloaded from central: https://repo.maven.apache.org/maven2/org/codehaus/plexus/plexus-utils/1.5.5/plexus-utils-1.5.5.pom (5.1 kB at 572 kB/s)
[86c1c159-ca36-4cf1-9a04-2daacf0cccab/build]   | [INFO] Downloading from central: https://repo.maven.apache.org/maven2/org/sonatype/plexus/plexus-cipher/1.4/plexus-cipher-1.4.pom
[86c1c159-ca36-4cf1-9a04-2daacf0cccab/build]   | [INFO] Downloaded from central: https://repo.maven.apache.org/maven2/org/sonatype/plexus/plexus-cipher/1.4/plexus-cipher-1.4.pom (2.1 kB at 172 kB/s)
[86c1c159-ca36-4cf1-9a04-2daacf0cccab/build]   | [INFO] Downloading from central: https://repo.maven.apache.org/maven2/org/codehaus/plexus/plexus-component-annotations/1.5.5/plexus-component-annotations-1.5.5.pom
[86c1c159-ca36-4cf1-9a04-2daacf0cccab/build]   | [INFO] Downloaded from central: https://repo.maven.apache.org/maven2/org/codehaus/plexus/plexus-component-annotations/1.5.5/plexus-component-annotations-1.5.5.pom (815 B at 116 kB/s)
[86c1c159-ca36-4cf1-9a04-2daacf0cccab/build]   | [INFO] Downloading from central: https://repo.maven.apache.org/maven2/org/codehaus/plexus/plexus-containers/1.5.5/plexus-containers-1.5.5.pom
[86c1c159-ca36-4cf1-9a04-2daacf0cccab/build]   | [INFO] Downloaded from central: https://repo.maven.apache.org/maven2/org/codehaus/plexus/plexus-containers/1.5.5/plexus-containers-1.5.5.pom (4.2 kB at 707 kB/s)
[86c1c159-ca36-4cf1-9a04-2daacf0cccab/build]   | [INFO] Downloading from central: https://repo.maven.apache.org/maven2/org/codehaus/plexus/plexus/2.0.7/plexus-2.0.7.pom
[86c1c159-ca36-4cf1-9a04-2daacf0cccab/build]   | [INFO] Downloaded from central: https://repo.maven.apache.org/maven2/org/codehaus/plexus/plexus/2.0.7/plexus-2.0.7.pom (17 kB at 2.9 MB/s)
[86c1c159-ca36-4cf1-9a04-2daacf0cccab/build]   | [INFO] Downloading from central: https://repo.maven.apache.org/maven2/org/codehaus/plexus/plexus-compiler-api/2.2/plexus-compiler-api-2.2.pom
[86c1c159-ca36-4cf1-9a04-2daacf0cccab/build]   | [INFO] Downloaded from central: https://repo.maven.apache.org/maven2/org/codehaus/plexus/plexus-compiler-api/2.2/plexus-compiler-api-2.2.pom (865 B at 144 kB/s)
[86c1c159-ca36-4cf1-9a04-2daacf0cccab/build]   | [INFO] Downloading from central: https://repo.maven.apache.org/maven2/org/codehaus/plexus/plexus-compiler/2.2/plexus-compiler-2.2.pom
[86c1c159-ca36-4cf1-9a04-2daacf0cccab/build]   | [INFO] Downloaded from central: https://repo.maven.apache.org/maven2/org/codehaus/plexus/plexus-compiler/2.2/plexus-compiler-2.2.pom (3.6 kB at 723 kB/s)
[86c1c159-ca36-4cf1-9a04-2daacf0cccab/build]   | [INFO] Downloading from central: https://repo.maven.apache.org/maven2/org/codehaus/plexus/plexus-components/1.3.1/plexus-components-1.3.1.pom
[86c1c159-ca36-4cf1-9a04-2daacf0cccab/build]   | [INFO] Downloaded from central: https://repo.maven.apache.org/maven2/org/codehaus/plexus/plexus-components/1.3.1/plexus-components-1.3.1.pom (3.1 kB at 511 kB/s)
[86c1c159-ca36-4cf1-9a04-2daacf0cccab/build]   | [INFO] Downloading from central: https://repo.maven.apache.org/maven2/org/codehaus/plexus/plexus/3.3.1/plexus-3.3.1.pom
[86c1c159-ca36-4cf1-9a04-2daacf0cccab/build]   | [INFO] Downloaded from central: https://repo.maven.apache.org/maven2/org/codehaus/plexus/plexus/3.3.1/plexus-3.3.1.pom (20 kB at 3.4 MB/s)
[86c1c159-ca36-4cf1-9a04-2daacf0cccab/build]   | [INFO] Downloading from central: https://repo.maven.apache.org/maven2/org/sonatype/spice/spice-parent/17/spice-parent-17.pom
[86c1c159-ca36-4cf1-9a04-2daacf0cccab/build]   | [INFO] Downloaded from central: https://repo.maven.apache.org/maven2/org/sonatype/spice/spice-parent/17/spice-parent-17.pom (6.8 kB at 1.1 MB/s)
[86c1c159-ca36-4cf1-9a04-2daacf0cccab/build]   | [INFO] Downloading from central: https://repo.maven.apache.org/maven2/org/sonatype/forge/forge-parent/10/forge-parent-10.pom
[86c1c159-ca36-4cf1-9a04-2daacf0cccab/build]   | [INFO] Downloaded from central: https://repo.maven.apache.org/maven2/org/sonatype/forge/forge-parent/10/forge-parent-10.pom (14 kB at 2.7 MB/s)
[86c1c159-ca36-4cf1-9a04-2daacf0cccab/build]   | [INFO] Downloading from central: https://repo.maven.apache.org/maven2/org/codehaus/plexus/plexus-utils/3.0.8/plexus-utils-3.0.8.pom
[86c1c159-ca36-4cf1-9a04-2daacf0cccab/build]   | [INFO] Downloaded from central: https://repo.maven.apache.org/maven2/org/codehaus/plexus/plexus-utils/3.0.8/plexus-utils-3.0.8.pom (3.1 kB at 242 kB/s)
[86c1c159-ca36-4cf1-9a04-2daacf0cccab/build]   | [INFO] Downloading from central: https://repo.maven.apache.org/maven2/org/codehaus/plexus/plexus/3.2/plexus-3.2.pom
[86c1c159-ca36-4cf1-9a04-2daacf0cccab/build]   | [INFO] Downloaded from central: https://repo.maven.apache.org/maven2/org/codehaus/plexus/plexus/3.2/plexus-3.2.pom (19 kB at 781 kB/s)
[86c1c159-ca36-4cf1-9a04-2daacf0cccab/build]   | [INFO] Downloading from central: https://repo.maven.apache.org/maven2/org/codehaus/plexus/plexus-compiler-manager/2.2/plexus-compiler-manager-2.2.pom
[86c1c159-ca36-4cf1-9a04-2daacf0cccab/build]   | [INFO] Downloaded from central: https://repo.maven.apache.org/maven2/org/codehaus/plexus/plexus-compiler-manager/2.2/plexus-compiler-manager-2.2.pom (690 B at 27 kB/s)
[86c1c159-ca36-4cf1-9a04-2daacf0cccab/build]   | [INFO] Downloading from central: https://repo.maven.apache.org/maven2/org/codehaus/plexus/plexus-compiler-javac/2.2/plexus-compiler-javac-2.2.pom
[86c1c159-ca36-4cf1-9a04-2daacf0cccab/build]   | [INFO] Downloaded from central: https://repo.maven.apache.org/maven2/org/codehaus/plexus/plexus-compiler-javac/2.2/plexus-compiler-javac-2.2.pom (769 B at 35 kB/s)
[86c1c159-ca36-4cf1-9a04-2daacf0cccab/build]   | [INFO] Downloading from central: https://repo.maven.apache.org/maven2/org/codehaus/plexus/plexus-compilers/2.2/plexus-compilers-2.2.pom
[86c1c159-ca36-4cf1-9a04-2daacf0cccab/build]   | [INFO] Downloaded from central: https://repo.maven.apache.org/maven2/org/codehaus/plexus/plexus-compilers/2.2/plexus-compilers-2.2.pom (1.2 kB at 50 kB/s)
[86c1c159-ca36-4cf1-9a04-2daacf0cccab/build]   | [INFO] Downloading from central: https://repo.maven.apache.org/maven2/org/codehaus/plexus/plexus-container-default/1.5.5/plexus-container-default-1.5.5.pom
[86c1c159-ca36-4cf1-9a04-2daacf0cccab/build]   | [INFO] Downloaded from central: https://repo.maven.apache.org/maven2/org/codehaus/plexus/plexus-container-default/1.5.5/plexus-container-default-1.5.5.pom (2.8 kB at 110 kB/s)
[86c1c159-ca36-4cf1-9a04-2daacf0cccab/build]   | [INFO] Downloading from central: https://repo.maven.apache.org/maven2/org/codehaus/plexus/plexus-utils/1.4.5/plexus-utils-1.4.5.pom
[86c1c159-ca36-4cf1-9a04-2daacf0cccab/build]   | [INFO] Downloaded from central: https://repo.maven.apache.org/maven2/org/codehaus/plexus/plexus-utils/1.4.5/plexus-utils-1.4.5.pom (2.3 kB at 58 kB/s)
[86c1c159-ca36-4cf1-9a04-2daacf0cccab/build]   | [INFO] Downloading from central: https://repo.maven.apache.org/maven2/org/codehaus/plexus/plexus-classworlds/2.2.2/plexus-classworlds-2.2.2.pom
[86c1c159-ca36-4cf1-9a04-2daacf0cccab/build]   | [INFO] Downloaded from central: https://repo.maven.apache.org/maven2/org/codehaus/plexus/plexus-classworlds/2.2.2/plexus-classworlds-2.2.2.pom (4.0 kB at 139 kB/s)
[86c1c159-ca36-4cf1-9a04-2daacf0cccab/build]   | [INFO] Downloading from central: https://repo.maven.apache.org/maven2/org/apache/xbean/xbean-reflect/3.4/xbean-reflect-3.4.pom
[86c1c159-ca36-4cf1-9a04-2daacf0cccab/build]   | [INFO] Downloaded from central: https://repo.maven.apache.org/maven2/org/apache/xbean/xbean-reflect/3.4/xbean-reflect-3.4.pom (2.8 kB at 255 kB/s)
[86c1c159-ca36-4cf1-9a04-2daacf0cccab/build]   | [INFO] Downloading from central: https://repo.maven.apache.org/maven2/org/apache/xbean/xbean/3.4/xbean-3.4.pom
[86c1c159-ca36-4cf1-9a04-2daacf0cccab/build]   | [INFO] Downloaded from central: https://repo.maven.apache.org/maven2/org/apache/xbean/xbean/3.4/xbean-3.4.pom (19 kB at 1.5 MB/s)
[86c1c159-ca36-4cf1-9a04-2daacf0cccab/build]   | [INFO] Downloading from central: https://repo.maven.apache.org/maven2/log4j/log4j/1.2.12/log4j-1.2.12.pom
[86c1c159-ca36-4cf1-9a04-2daacf0cccab/build]   | [INFO] Downloaded from central: https://repo.maven.apache.org/maven2/log4j/log4j/1.2.12/log4j-1.2.12.pom (145 B at 11 kB/s)
[86c1c159-ca36-4cf1-9a04-2daacf0cccab/build]   | [INFO] Downloading from central: https://repo.maven.apache.org/maven2/commons-logging/commons-logging-api/1.1/commons-logging-api-1.1.pom
[86c1c159-ca36-4cf1-9a04-2daacf0cccab/build]   | [INFO] Downloaded from central: https://repo.maven.apache.org/maven2/commons-logging/commons-logging-api/1.1/commons-logging-api-1.1.pom (5.3 kB at 594 kB/s)
[86c1c159-ca36-4cf1-9a04-2daacf0cccab/build]   | [INFO] Downloading from central: https://repo.maven.apache.org/maven2/com/google/collections/google-collections/1.0/google-collections-1.0.pom
[86c1c159-ca36-4cf1-9a04-2daacf0cccab/build]   | [INFO] Downloaded from central: https://repo.maven.apache.org/maven2/com/google/collections/google-collections/1.0/google-collections-1.0.pom (2.5 kB at 496 kB/s)
[86c1c159-ca36-4cf1-9a04-2daacf0cccab/build]   | [INFO] Downloading from central: https://repo.maven.apache.org/maven2/com/google/google/1/google-1.pom
[86c1c159-ca36-4cf1-9a04-2daacf0cccab/build]   | [INFO] Downloaded from central: https://repo.maven.apache.org/maven2/com/google/google/1/google-1.pom (1.6 kB at 259 kB/s)
[86c1c159-ca36-4cf1-9a04-2daacf0cccab/build]   | [INFO] Downloading from central: https://repo.maven.apache.org/maven2/junit/junit/3.8.2/junit-3.8.2.pom
[86c1c159-ca36-4cf1-9a04-2daacf0cccab/build]   | [INFO] Downloaded from central: https://repo.maven.apache.org/maven2/junit/junit/3.8.2/junit-3.8.2.pom (747 B at 107 kB/s)
[86c1c159-ca36-4cf1-9a04-2daacf0cccab/build]   | [INFO] Downloading from central: https://repo.maven.apache.org/maven2/org/apache/maven/maven-plugin-api/2.0.9/maven-plugin-api-2.0.9.jar
[86c1c159-ca36-4cf1-9a04-2daacf0cccab/build]   | [INFO] Downloading from central: https://repo.maven.apache.org/maven2/org/apache/maven/maven-artifact/2.0.9/maven-artifact-2.0.9.jar
[86c1c159-ca36-4cf1-9a04-2daacf0cccab/build]   | [INFO] Downloading from central: https://repo.maven.apache.org/maven2/org/codehaus/plexus/plexus-utils/1.5.1/plexus-utils-1.5.1.jar
[86c1c159-ca36-4cf1-9a04-2daacf0cccab/build]   | [INFO] Downloading from central: https://repo.maven.apache.org/maven2/org/apache/maven/maven-core/2.0.9/maven-core-2.0.9.jar
[86c1c159-ca36-4cf1-9a04-2daacf0cccab/build]   | [INFO] Downloading from central: https://repo.maven.apache.org/maven2/org/apache/maven/maven-settings/2.0.9/maven-settings-2.0.9.jar
[86c1c159-ca36-4cf1-9a04-2daacf0cccab/build]   | [INFO] Downloaded from central: https://repo.maven.apache.org/maven2/org/apache/maven/maven-plugin-api/2.0.9/maven-plugin-api-2.0.9.jar (13 kB at 314 kB/s)
[86c1c159-ca36-4cf1-9a04-2daacf0cccab/build]   | [INFO] Downloading from central: https://repo.maven.apache.org/maven2/org/apache/maven/maven-plugin-parameter-documenter/2.0.9/maven-plugin-parameter-documenter-2.0.9.jar
[86c1c159-ca36-4cf1-9a04-2daacf0cccab/build]   | [INFO] Downloaded from central: https://repo.maven.apache.org/maven2/org/apache/maven/maven-artifact/2.0.9/maven-artifact-2.0.9.jar (89 kB at 2.1 MB/s)
[86c1c159-ca36-4cf1-9a04-2daacf0cccab/build]   | [INFO] Downloaded from central: https://repo.maven.apache.org/maven2/org/apache/maven/maven-core/2.0.9/maven-core-2.0.9.jar (160 kB at 6.1 MB/s)
[86c1c159-ca36-4cf1-9a04-2daacf0cccab/build]   | [INFO] Downloading from central: https://repo.maven.apache.org/maven2/org/apache/maven/maven-profile/2.0.9/maven-profile-2.0.9.jar
[86c1c159-ca36-4cf1-9a04-2daacf0cccab/build]   | [INFO] Downloading from central: https://repo.maven.apache.org/maven2/org/apache/maven/maven-model/2.0.9/maven-model-2.0.9.jar
[86c1c159-ca36-4cf1-9a04-2daacf0cccab/build]   | [INFO] Downloaded from central: https://repo.maven.apache.org/maven2/org/apache/maven/maven-settings/2.0.9/maven-settings-2.0.9.jar (49 kB at 1.8 MB/s)
[86c1c159-ca36-4cf1-9a04-2daacf0cccab/build]   | [INFO] Downloading from central: https://repo.maven.apache.org/maven2/org/apache/maven/maven-repository-metadata/2.0.9/maven-repository-metadata-2.0.9.jar
[86c1c159-ca36-4cf1-9a04-2daacf0cccab/build]   | [INFO] Downloaded from central: https://repo.maven.apache.org/maven2/org/codehaus/plexus/plexus-utils/1.5.1/plexus-utils-1.5.1.jar (211 kB at 4.5 MB/s)
[86c1c159-ca36-4cf1-9a04-2daacf0cccab/build]   | [INFO] Downloading from central: https://repo.maven.apache.org/maven2/org/apache/maven/maven-error-diagnostics/2.0.9/maven-error-diagnostics-2.0.9.jar
[86c1c159-ca36-4cf1-9a04-2daacf0cccab/build]   | [INFO] Downloaded from central: https://repo.maven.apache.org/maven2/org/apache/maven/maven-plugin-parameter-documenter/2.0.9/maven-plugin-parameter-documenter-2.0.9.jar (21 kB at 614 kB/s)
[86c1c159-ca36-4cf1-9a04-2daacf0cccab/build]   | [INFO] Downloading from central: https://repo.maven.apache.org/maven2/org/apache/maven/maven-project/2.0.9/maven-project-2.0.9.jar
[86c1c159-ca36-4cf1-9a04-2daacf0cccab/build]   | [INFO] Downloaded from central: https://repo.maven.apache.org/maven2/org/apache/maven/maven-profile/2.0.9/maven-profile-2.0.9.jar (35 kB at 956 kB/s)
[86c1c159-ca36-4cf1-9a04-2daacf0cccab/build]   | [INFO] Downloading from central: https://repo.maven.apache.org/maven2/org/apache/maven/maven-plugin-registry/2.0.9/maven-plugin-registry-2.0.9.jar
[86c1c159-ca36-4cf1-9a04-2daacf0cccab/build]   | [INFO] Downloaded from central: https://repo.maven.apache.org/maven2/org/apache/maven/maven-model/2.0.9/maven-model-2.0.9.jar (87 kB at 2.4 MB/s)
[86c1c159-ca36-4cf1-9a04-2daacf0cccab/build]   | [INFO] Downloaded from central: https://repo.maven.apache.org/maven2/org/apache/maven/maven-repository-metadata/2.0.9/maven-repository-metadata-2.0.9.jar (25 kB at 682 kB/s)
[86c1c159-ca36-4cf1-9a04-2daacf0cccab/build]   | [INFO] Downloading from central: https://repo.maven.apache.org/maven2/org/apache/maven/maven-plugin-descriptor/2.0.9/maven-plugin-descriptor-2.0.9.jar
[86c1c159-ca36-4cf1-9a04-2daacf0cccab/build]   | [INFO] Downloading from central: https://repo.maven.apache.org/maven2/org/apache/maven/maven-artifact-manager/2.0.9/maven-artifact-manager-2.0.9.jar
[86c1c159-ca36-4cf1-9a04-2daacf0cccab/build]   | [INFO] Downloaded from central: https://repo.maven.apache.org/maven2/org/apache/maven/maven-error-diagnostics/2.0.9/maven-error-diagnostics-2.0.9.jar (14 kB at 373 kB/s)
[86c1c159-ca36-4cf1-9a04-2daacf0cccab/build]   | [INFO] Downloading from central: https://repo.maven.apache.org/maven2/org/apache/maven/maven-monitor/2.0.9/maven-monitor-2.0.9.jar
[86c1c159-ca36-4cf1-9a04-2daacf0cccab/build]   | [INFO] Downloaded from central: https://repo.maven.apache.org/maven2/org/apache/maven/maven-plugin-registry/2.0.9/maven-plugin-registry-2.0.9.jar (29 kB at 692 kB/s)
[86c1c159-ca36-4cf1-9a04-2daacf0cccab/build]   | [INFO] Downloading from central: https://repo.maven.apache.org/maven2/org/apache/maven/maven-toolchain/1.0/maven-toolchain-1.0.jar
[86c1c159-ca36-4cf1-9a04-2daacf0cccab/build]   | [INFO] Downloaded from central: https://repo.maven.apache.org/maven2/org/apache/maven/maven-project/2.0.9/maven-project-2.0.9.jar (122 kB at 2.8 MB/s)
[86c1c159-ca36-4cf1-9a04-2daacf0cccab/build]   | [INFO] Downloading from central: https://repo.maven.apache.org/maven2/org/apache/maven/shared/maven-shared-utils/0.1/maven-shared-utils-0.1.jar
[86c1c159-ca36-4cf1-9a04-2daacf0cccab/build]   | [INFO] Downloaded from central: https://repo.maven.apache.org/maven2/org/apache/maven/maven-monitor/2.0.9/maven-monitor-2.0.9.jar (10 kB at 239 kB/s)
[86c1c159-ca36-4cf1-9a04-2daacf0cccab/build]   | [INFO] Downloaded from central: https://repo.maven.apache.org/maven2/org/apache/maven/maven-plugin-descriptor/2.0.9/maven-plugin-descriptor-2.0.9.jar (37 kB at 861 kB/s)
[86c1c159-ca36-4cf1-9a04-2daacf0cccab/build]   | [INFO] Downloading from central: https://repo.maven.apache.org/maven2/com/google/code/findbugs/jsr305/2.0.1/jsr305-2.0.1.jar
[86c1c159-ca36-4cf1-9a04-2daacf0cccab/build]   | [INFO] Downloading from central: https://repo.maven.apache.org/maven2/org/apache/maven/shared/maven-shared-incremental/1.1/maven-shared-incremental-1.1.jar
[86c1c159-ca36-4cf1-9a04-2daacf0cccab/build]   | [INFO] Downloaded from central: https://repo.maven.apache.org/maven2/org/apache/maven/maven-toolchain/1.0/maven-toolchain-1.0.jar (33 kB at 700 kB/s)
[86c1c159-ca36-4cf1-9a04-2daacf0cccab/build]   | [INFO] Downloading from central: https://repo.maven.apache.org/maven2/org/codehaus/plexus/plexus-component-annotations/1.5.5/plexus-component-annotations-1.5.5.jar
[86c1c159-ca36-4cf1-9a04-2daacf0cccab/build]   | [INFO] Downloaded from central: https://repo.maven.apache.org/maven2/org/apache/maven/shared/maven-shared-incremental/1.1/maven-shared-incremental-1.1.jar (14 kB at 276 kB/s)
[86c1c159-ca36-4cf1-9a04-2daacf0cccab/build]   | [INFO] Downloaded from central: https://repo.maven.apache.org/maven2/com/google/code/findbugs/jsr305/2.0.1/jsr305-2.0.1.jar (32 kB at 650 kB/s)
[86c1c159-ca36-4cf1-9a04-2daacf0cccab/build]   | [INFO] Downloading from central: https://repo.maven.apache.org/maven2/org/codehaus/plexus/plexus-compiler-api/2.2/plexus-compiler-api-2.2.jar
[86c1c159-ca36-4cf1-9a04-2daacf0cccab/build]   | [INFO] Downloading from central: https://repo.maven.apache.org/maven2/org/codehaus/plexus/plexus-compiler-manager/2.2/plexus-compiler-manager-2.2.jar
[86c1c159-ca36-4cf1-9a04-2daacf0cccab/build]   | [INFO] Downloaded from central: https://repo.maven.apache.org/maven2/org/apache/maven/shared/maven-shared-utils/0.1/maven-shared-utils-0.1.jar (155 kB at 2.9 MB/s)
[86c1c159-ca36-4cf1-9a04-2daacf0cccab/build]   | [INFO] Downloading from central: https://repo.maven.apache.org/maven2/org/codehaus/plexus/plexus-compiler-javac/2.2/plexus-compiler-javac-2.2.jar
[86c1c159-ca36-4cf1-9a04-2daacf0cccab/build]   | [INFO] Downloaded from central: https://repo.maven.apache.org/maven2/org/codehaus/plexus/plexus-component-annotations/1.5.5/plexus-component-annotations-1.5.5.jar (4.2 kB at 78 kB/s)
[86c1c159-ca36-4cf1-9a04-2daacf0cccab/build]   | [INFO] Downloading from central: https://repo.maven.apache.org/maven2/org/codehaus/plexus/plexus-container-default/1.5.5/plexus-container-default-1.5.5.jar
[86c1c159-ca36-4cf1-9a04-2daacf0cccab/build]   | [INFO] Downloaded from central: https://repo.maven.apache.org/maven2/org/codehaus/plexus/plexus-compiler-manager/2.2/plexus-compiler-manager-2.2.jar (4.6 kB at 83 kB/s)
[86c1c159-ca36-4cf1-9a04-2daacf0cccab/build]   | [INFO] Downloading from central: https://repo.maven.apache.org/maven2/org/codehaus/plexus/plexus-classworlds/2.2.2/plexus-classworlds-2.2.2.jar
[86c1c159-ca36-4cf1-9a04-2daacf0cccab/build]   | [INFO] Downloaded from central: https://repo.maven.apache.org/maven2/org/apache/maven/maven-artifact-manager/2.0.9/maven-artifact-manager-2.0.9.jar (58 kB at 1.0 MB/s)
[86c1c159-ca36-4cf1-9a04-2daacf0cccab/build]   | [INFO] Downloading from central: https://repo.maven.apache.org/maven2/org/apache/xbean/xbean-reflect/3.4/xbean-reflect-3.4.jar
[86c1c159-ca36-4cf1-9a04-2daacf0cccab/build]   | [INFO] Downloaded from central: https://repo.maven.apache.org/maven2/org/codehaus/plexus/plexus-compiler-api/2.2/plexus-compiler-api-2.2.jar (25 kB at 438 kB/s)
[86c1c159-ca36-4cf1-9a04-2daacf0cccab/build]   | [INFO] Downloading from central: https://repo.maven.apache.org/maven2/log4j/log4j/1.2.12/log4j-1.2.12.jar
[86c1c159-ca36-4cf1-9a04-2daacf0cccab/build]   | [INFO] Downloaded from central: https://repo.maven.apache.org/maven2/org/codehaus/plexus/plexus-compiler-javac/2.2/plexus-compiler-javac-2.2.jar (19 kB at 311 kB/s)
[86c1c159-ca36-4cf1-9a04-2daacf0cccab/build]   | [INFO] Downloading from central: https://repo.maven.apache.org/maven2/commons-logging/commons-logging-api/1.1/commons-logging-api-1.1.jar
[86c1c159-ca36-4cf1-9a04-2daacf0cccab/build]   | [INFO] Downloaded from central: https://repo.maven.apache.org/maven2/org/codehaus/plexus/plexus-classworlds/2.2.2/plexus-classworlds-2.2.2.jar (46 kB at 732 kB/s)
[86c1c159-ca36-4cf1-9a04-2daacf0cccab/build]   | [INFO] Downloading from central: https://repo.maven.apache.org/maven2/com/google/collections/google-collections/1.0/google-collections-1.0.jar
[86c1c159-ca36-4cf1-9a04-2daacf0cccab/build]   | [INFO] Downloaded from central: https://repo.maven.apache.org/maven2/commons-logging/commons-logging-api/1.1/commons-logging-api-1.1.jar (45 kB at 587 kB/s)
[86c1c159-ca36-4cf1-9a04-2daacf0cccab/build]   | [INFO] Downloading from central: https://repo.maven.apache.org/maven2/junit/junit/3.8.2/junit-3.8.2.jar
[86c1c159-ca36-4cf1-9a04-2daacf0cccab/build]   | [INFO] Downloaded from central: https://repo.maven.apache.org/maven2/org/codehaus/plexus/plexus-container-default/1.5.5/plexus-container-default-1.5.5.jar (217 kB at 2.8 MB/s)
[86c1c159-ca36-4cf1-9a04-2daacf0cccab/build]   | [INFO] Downloaded from central: https://repo.maven.apache.org/maven2/org/apache/xbean/xbean-reflect/3.4/xbean-reflect-3.4.jar (134 kB at 1.7 MB/s)
[86c1c159-ca36-4cf1-9a04-2daacf0cccab/build]   | [INFO] Downloaded from central: https://repo.maven.apache.org/maven2/log4j/log4j/1.2.12/log4j-1.2.12.jar (358 kB at 4.3 MB/s)
[86c1c159-ca36-4cf1-9a04-2daacf0cccab/build]   | [INFO] Downloaded from central: https://repo.maven.apache.org/maven2/junit/junit/3.8.2/junit-3.8.2.jar (121 kB at 1.2 MB/s)
[86c1c159-ca36-4cf1-9a04-2daacf0cccab/build]   | [INFO] Downloaded from central: https://repo.maven.apache.org/maven2/com/google/collections/google-collections/1.0/google-collections-1.0.jar (640 kB at 6.2 MB/s)
[86c1c159-ca36-4cf1-9a04-2daacf0cccab/build]   | [INFO] Changes detected - recompiling the module!
[86c1c159-ca36-4cf1-9a04-2daacf0cccab/build]   | [INFO] Compiling 84 source files to /tmp/0bf5f083-fad1-4ead-80c4-77b66bca1b83/target/classes
[86c1c159-ca36-4cf1-9a04-2daacf0cccab/build]   | [INFO] 
[86c1c159-ca36-4cf1-9a04-2daacf0cccab/build]   | [INFO] --- maven-resources-plugin:2.6:testResources (default-testResources) @ jwarc ---
[86c1c159-ca36-4cf1-9a04-2daacf0cccab/build]   | [INFO] Using 'UTF-8' encoding to copy filtered resources.
[86c1c159-ca36-4cf1-9a04-2daacf0cccab/build]   | [INFO] Copying 2 resources
[86c1c159-ca36-4cf1-9a04-2daacf0cccab/build]   | [INFO] 
[86c1c159-ca36-4cf1-9a04-2daacf0cccab/build]   | [INFO] --- maven-compiler-plugin:3.1:testCompile (default-testCompile) @ jwarc ---
[86c1c159-ca36-4cf1-9a04-2daacf0cccab/build]   | [INFO] Changes detected - recompiling the module!
[86c1c159-ca36-4cf1-9a04-2daacf0cccab/build]   | [INFO] Compiling 34 source files to /tmp/0bf5f083-fad1-4ead-80c4-77b66bca1b83/target/test-classes
[86c1c159-ca36-4cf1-9a04-2daacf0cccab/build]   | [INFO] 
[86c1c159-ca36-4cf1-9a04-2daacf0cccab/build]   | [INFO] --- maven-surefire-plugin:2.12.4:test (default-test) @ jwarc ---
[86c1c159-ca36-4cf1-9a04-2daacf0cccab/build]   | [INFO] Downloading from central: https://repo.maven.apache.org/maven2/org/apache/maven/surefire/surefire-booter/2.12.4/surefire-booter-2.12.4.pom
[86c1c159-ca36-4cf1-9a04-2daacf0cccab/build]   | [INFO] Downloaded from central: https://repo.maven.apache.org/maven2/org/apache/maven/surefire/surefire-booter/2.12.4/surefire-booter-2.12.4.pom (3.0 kB at 87 kB/s)
[86c1c159-ca36-4cf1-9a04-2daacf0cccab/build]   | [INFO] Downloading from central: https://repo.maven.apache.org/maven2/org/apache/maven/surefire/surefire-api/2.12.4/surefire-api-2.12.4.pom
[86c1c159-ca36-4cf1-9a04-2daacf0cccab/build]   | [INFO] Downloaded from central: https://repo.maven.apache.org/maven2/org/apache/maven/surefire/surefire-api/2.12.4/surefire-api-2.12.4.pom (2.5 kB at 147 kB/s)
[86c1c159-ca36-4cf1-9a04-2daacf0cccab/build]   | [INFO] Downloading from central: https://repo.maven.apache.org/maven2/org/apache/maven/surefire/maven-surefire-common/2.12.4/maven-surefire-common-2.12.4.pom
[86c1c159-ca36-4cf1-9a04-2daacf0cccab/build]   | [INFO] Downloaded from central: https://repo.maven.apache.org/maven2/org/apache/maven/surefire/maven-surefire-common/2.12.4/maven-surefire-common-2.12.4.pom (5.5 kB at 221 kB/s)
[86c1c159-ca36-4cf1-9a04-2daacf0cccab/build]   | [INFO] Downloading from central: https://repo.maven.apache.org/maven2/org/apache/maven/plugin-tools/maven-plugin-annotations/3.1/maven-plugin-annotations-3.1.pom
[86c1c159-ca36-4cf1-9a04-2daacf0cccab/build]   | [INFO] Downloaded from central: https://repo.maven.apache.org/maven2/org/apache/maven/plugin-tools/maven-plugin-annotations/3.1/maven-plugin-annotations-3.1.pom (1.6 kB at 135 kB/s)
[86c1c159-ca36-4cf1-9a04-2daacf0cccab/build]   | [INFO] Downloading from central: https://repo.maven.apache.org/maven2/org/apache/maven/plugin-tools/maven-plugin-tools/3.1/maven-plugin-tools-3.1.pom
[86c1c159-ca36-4cf1-9a04-2daacf0cccab/build]   | [INFO] Downloaded from central: https://repo.maven.apache.org/maven2/org/apache/maven/plugin-tools/maven-plugin-tools/3.1/maven-plugin-tools-3.1.pom (16 kB at 704 kB/s)
[86c1c159-ca36-4cf1-9a04-2daacf0cccab/build]   | [INFO] Downloading from central: https://repo.maven.apache.org/maven2/org/apache/maven/reporting/maven-reporting-api/2.0.9/maven-reporting-api-2.0.9.pom
[86c1c159-ca36-4cf1-9a04-2daacf0cccab/build]   | [INFO] Downloaded from central: https://repo.maven.apache.org/maven2/org/apache/maven/reporting/maven-reporting-api/2.0.9/maven-reporting-api-2.0.9.pom (1.8 kB at 120 kB/s)
[86c1c159-ca36-4cf1-9a04-2daacf0cccab/build]   | [INFO] Downloading from central: https://repo.maven.apache.org/maven2/org/apache/maven/reporting/maven-reporting/2.0.9/maven-reporting-2.0.9.pom
[86c1c159-ca36-4cf1-9a04-2daacf0cccab/build]   | [INFO] Downloaded from central: https://repo.maven.apache.org/maven2/org/apache/maven/reporting/maven-reporting/2.0.9/maven-reporting-2.0.9.pom (1.5 kB at 164 kB/s)
[86c1c159-ca36-4cf1-9a04-2daacf0cccab/build]   | [INFO] Downloading from central: https://repo.maven.apache.org/maven2/org/apache/maven/maven-toolchain/2.0.9/maven-toolchain-2.0.9.pom
[86c1c159-ca36-4cf1-9a04-2daacf0cccab/build]   | [INFO] Downloaded from central: https://repo.maven.apache.org/maven2/org/apache/maven/maven-toolchain/2.0.9/maven-toolchain-2.0.9.pom (3.5 kB at 248 kB/s)
[86c1c159-ca36-4cf1-9a04-2daacf0cccab/build]   | [INFO] Downloading from central: https://repo.maven.apache.org/maven2/org/apache/commons/commons-lang3/3.1/commons-lang3-3.1.pom
[86c1c159-ca36-4cf1-9a04-2daacf0cccab/build]   | [INFO] Downloaded from central: https://repo.maven.apache.org/maven2/org/apache/commons/commons-lang3/3.1/commons-lang3-3.1.pom (17 kB at 1.3 MB/s)
[86c1c159-ca36-4cf1-9a04-2daacf0cccab/build]   | [INFO] Downloading from central: https://repo.maven.apache.org/maven2/org/apache/commons/commons-parent/22/commons-parent-22.pom
[86c1c159-ca36-4cf1-9a04-2daacf0cccab/build]   | [INFO] Downloaded from central: https://repo.maven.apache.org/maven2/org/apache/commons/commons-parent/22/commons-parent-22.pom (42 kB at 892 kB/s)
[86c1c159-ca36-4cf1-9a04-2daacf0cccab/build]   | [INFO] Downloading from central: https://repo.maven.apache.org/maven2/org/apache/apache/9/apache-9.pom
[86c1c159-ca36-4cf1-9a04-2daacf0cccab/build]   | [INFO] Downloaded from central: https://repo.maven.apache.org/maven2/org/apache/apache/9/apache-9.pom (15 kB at 758 kB/s)
[86c1c159-ca36-4cf1-9a04-2daacf0cccab/build]   | [INFO] Downloading from central: https://repo.maven.apache.org/maven2/org/apache/maven/shared/maven-common-artifact-filters/1.3/maven-common-artifact-filters-1.3.pom
[86c1c159-ca36-4cf1-9a04-2daacf0cccab/build]   | [INFO] Downloaded from central: https://repo.maven.apache.org/maven2/org/apache/maven/shared/maven-common-artifact-filters/1.3/maven-common-artifact-filters-1.3.pom (3.7 kB at 137 kB/s)
[86c1c159-ca36-4cf1-9a04-2daacf0cccab/build]   | [INFO] Downloading from central: https://repo.maven.apache.org/maven2/org/apache/maven/shared/maven-shared-components/12/maven-shared-components-12.pom
[86c1c159-ca36-4cf1-9a04-2daacf0cccab/build]   | [INFO] Downloaded from central: https://repo.maven.apache.org/maven2/org/apache/maven/shared/maven-shared-components/12/maven-shared-components-12.pom (9.3 kB at 406 kB/s)
[86c1c159-ca36-4cf1-9a04-2daacf0cccab/build]   | [INFO] Downloading from central: https://repo.maven.apache.org/maven2/org/apache/maven/maven-parent/13/maven-parent-13.pom
[86c1c159-ca36-4cf1-9a04-2daacf0cccab/build]   | [INFO] Downloaded from central: https://repo.maven.apache.org/maven2/org/apache/maven/maven-parent/13/maven-parent-13.pom (23 kB at 1.6 MB/s)
[86c1c159-ca36-4cf1-9a04-2daacf0cccab/build]   | [INFO] Downloading from central: https://repo.maven.apache.org/maven2/org/apache/apache/6/apache-6.pom
[86c1c159-ca36-4cf1-9a04-2daacf0cccab/build]   | [INFO] Downloaded from central: https://repo.maven.apache.org/maven2/org/apache/apache/6/apache-6.pom (13 kB at 1.1 MB/s)
[86c1c159-ca36-4cf1-9a04-2daacf0cccab/build]   | [INFO] Downloading from central: https://repo.maven.apache.org/maven2/org/codehaus/plexus/plexus-container-default/1.0-alpha-9/plexus-container-default-1.0-alpha-9.pom
[86c1c159-ca36-4cf1-9a04-2daacf0cccab/build]   | [INFO] Downloaded from central: https://repo.maven.apache.org/maven2/org/codehaus/plexus/plexus-container-default/1.0-alpha-9/plexus-container-default-1.0-alpha-9.pom (1.2 kB at 65 kB/s)
[86c1c159-ca36-4cf1-9a04-2daacf0cccab/build]   | [INFO] Downloading from central: https://repo.maven.apache.org/maven2/org/apache/maven/surefire/surefire-booter/2.12.4/surefire-booter-2.12.4.jar
[86c1c159-ca36-4cf1-9a04-2daacf0cccab/build]   | [INFO] Downloading from central: https://repo.maven.apache.org/maven2/org/apache/maven/surefire/surefire-api/2.12.4/surefire-api-2.12.4.jar
[86c1c159-ca36-4cf1-9a04-2daacf0cccab/build]   | [INFO] Downloading from central: https://repo.maven.apache.org/maven2/org/apache/maven/surefire/maven-surefire-common/2.12.4/maven-surefire-common-2.12.4.jar
[86c1c159-ca36-4cf1-9a04-2daacf0cccab/build]   | [INFO] Downloading from central: https://repo.maven.apache.org/maven2/org/apache/commons/commons-lang3/3.1/commons-lang3-3.1.jar
[86c1c159-ca36-4cf1-9a04-2daacf0cccab/build]   | [INFO] Downloading from central: https://repo.maven.apache.org/maven2/org/apache/maven/shared/maven-common-artifact-filters/1.3/maven-common-artifact-filters-1.3.jar
[86c1c159-ca36-4cf1-9a04-2daacf0cccab/build]   | [INFO] Downloaded from central: https://repo.maven.apache.org/maven2/org/apache/maven/surefire/surefire-booter/2.12.4/surefire-booter-2.12.4.jar (35 kB at 1.5 MB/s)
[86c1c159-ca36-4cf1-9a04-2daacf0cccab/build]   | [INFO] Downloading from central: https://repo.maven.apache.org/maven2/org/codehaus/plexus/plexus-utils/3.0.8/plexus-utils-3.0.8.jar
[86c1c159-ca36-4cf1-9a04-2daacf0cccab/build]   | [INFO] Downloaded from central: https://repo.maven.apache.org/maven2/org/apache/maven/surefire/maven-surefire-common/2.12.4/maven-surefire-common-2.12.4.jar (263 kB at 9.7 MB/s)
[86c1c159-ca36-4cf1-9a04-2daacf0cccab/build]   | [INFO] Downloading from central: https://repo.maven.apache.org/maven2/org/apache/maven/reporting/maven-reporting-api/2.0.9/maven-reporting-api-2.0.9.jar
[86c1c159-ca36-4cf1-9a04-2daacf0cccab/build]   | [INFO] Downloaded from central: https://repo.maven.apache.org/maven2/org/apache/maven/shared/maven-common-artifact-filters/1.3/maven-common-artifact-filters-1.3.jar (31 kB at 1.1 MB/s)
[86c1c159-ca36-4cf1-9a04-2daacf0cccab/build]   | [INFO] Downloading from central: https://repo.maven.apache.org/maven2/org/apache/maven/maven-toolchain/2.0.9/maven-toolchain-2.0.9.jar
[86c1c159-ca36-4cf1-9a04-2daacf0cccab/build]   | [INFO] Downloaded from central: https://repo.maven.apache.org/maven2/org/apache/maven/surefire/surefire-api/2.12.4/surefire-api-2.12.4.jar (118 kB at 3.8 MB/s)
[86c1c159-ca36-4cf1-9a04-2daacf0cccab/build]   | [INFO] Downloading from central: https://repo.maven.apache.org/maven2/org/apache/maven/plugin-tools/maven-plugin-annotations/3.1/maven-plugin-annotations-3.1.jar
[86c1c159-ca36-4cf1-9a04-2daacf0cccab/build]   | [INFO] Downloaded from central: https://repo.maven.apache.org/maven2/org/apache/commons/commons-lang3/3.1/commons-lang3-3.1.jar (316 kB at 11 MB/s)
[86c1c159-ca36-4cf1-9a04-2daacf0cccab/build]   | [INFO] Downloaded from central: https://repo.maven.apache.org/maven2/org/apache/maven/maven-toolchain/2.0.9/maven-toolchain-2.0.9.jar (38 kB at 644 kB/s)
[86c1c159-ca36-4cf1-9a04-2daacf0cccab/build]   | [INFO] Downloaded from central: https://repo.maven.apache.org/maven2/org/apache/maven/plugin-tools/maven-plugin-annotations/3.1/maven-plugin-annotations-3.1.jar (14 kB at 230 kB/s)
[86c1c159-ca36-4cf1-9a04-2daacf0cccab/build]   | [INFO] Downloaded from central: https://repo.maven.apache.org/maven2/org/apache/maven/reporting/maven-reporting-api/2.0.9/maven-reporting-api-2.0.9.jar (10 kB at 166 kB/s)
[86c1c159-ca36-4cf1-9a04-2daacf0cccab/build]   | [INFO] Downloaded from central: https://repo.maven.apache.org/maven2/org/codehaus/plexus/plexus-utils/3.0.8/plexus-utils-3.0.8.jar (232 kB at 3.7 MB/s)
[86c1c159-ca36-4cf1-9a04-2daacf0cccab/build]   | [INFO] Surefire report directory: /tmp/0bf5f083-fad1-4ead-80c4-77b66bca1b83/target/surefire-reports
[86c1c159-ca36-4cf1-9a04-2daacf0cccab/build]   | [INFO] Downloading from central: https://repo.maven.apache.org/maven2/org/apache/maven/surefire/surefire-junit4/2.12.4/surefire-junit4-2.12.4.pom
[86c1c159-ca36-4cf1-9a04-2daacf0cccab/build]   | [INFO] Downloaded from central: https://repo.maven.apache.org/maven2/org/apache/maven/surefire/surefire-junit4/2.12.4/surefire-junit4-2.12.4.pom (2.4 kB at 301 kB/s)
[86c1c159-ca36-4cf1-9a04-2daacf0cccab/build]   | [INFO] Downloading from central: https://repo.maven.apache.org/maven2/org/apache/maven/surefire/surefire-providers/2.12.4/surefire-providers-2.12.4.pom
[86c1c159-ca36-4cf1-9a04-2daacf0cccab/build]   | [INFO] Downloaded from central: https://repo.maven.apache.org/maven2/org/apache/maven/surefire/surefire-providers/2.12.4/surefire-providers-2.12.4.pom (2.3 kB at 335 kB/s)
[86c1c159-ca36-4cf1-9a04-2daacf0cccab/build]   | [INFO] Downloading from central: https://repo.maven.apache.org/maven2/org/apache/maven/surefire/surefire-junit4/2.12.4/surefire-junit4-2.12.4.jar
[86c1c159-ca36-4cf1-9a04-2daacf0cccab/build]   | [INFO] Downloaded from central: https://repo.maven.apache.org/maven2/org/apache/maven/surefire/surefire-junit4/2.12.4/surefire-junit4-2.12.4.jar (37 kB at 1.5 MB/s)
[86c1c159-ca36-4cf1-9a04-2daacf0cccab/build]   | 
[86c1c159-ca36-4cf1-9a04-2daacf0cccab/build]   | -------------------------------------------------------
[86c1c159-ca36-4cf1-9a04-2daacf0cccab/build]   |  T E S T S
[86c1c159-ca36-4cf1-9a04-2daacf0cccab/build]   | -------------------------------------------------------
[86c1c159-ca36-4cf1-9a04-2daacf0cccab/build]   | Running org.netpreserve.jwarc.GzipChannelTest
[86c1c159-ca36-4cf1-9a04-2daacf0cccab/build]   | Tests run: 4, Failures: 0, Errors: 0, Skipped: 0, Time elapsed: 0.088 sec
[86c1c159-ca36-4cf1-9a04-2daacf0cccab/build]   | Running org.netpreserve.jwarc.HttpRequestTest
[86c1c159-ca36-4cf1-9a04-2daacf0cccab/build]   | Tests run: 2, Failures: 0, Errors: 0, Skipped: 0, Time elapsed: 0.008 sec
[86c1c159-ca36-4cf1-9a04-2daacf0cccab/build]   | Running org.netpreserve.jwarc.WarcRecordTest
[86c1c159-ca36-4cf1-9a04-2daacf0cccab/build]   | Tests run: 2, Failures: 0, Errors: 0, Skipped: 0, Time elapsed: 0.037 sec
[86c1c159-ca36-4cf1-9a04-2daacf0cccab/build]   | Running org.netpreserve.jwarc.WarcDigestTest
[86c1c159-ca36-4cf1-9a04-2daacf0cccab/build]   | Tests run: 10, Failures: 0, Errors: 0, Skipped: 0, Time elapsed: 0.06 sec
[86c1c159-ca36-4cf1-9a04-2daacf0cccab/build]   | Running org.netpreserve.jwarc.WarcTargetRecordTest
[86c1c159-ca36-4cf1-9a04-2daacf0cccab/build]   | Tests run: 2, Failures: 0, Errors: 0, Skipped: 0, Time elapsed: 0.004 sec
[86c1c159-ca36-4cf1-9a04-2daacf0cccab/build]   | Running org.netpreserve.jwarc.HttpParserTest
[86c1c159-ca36-4cf1-9a04-2daacf0cccab/build]   | Tests run: 6, Failures: 0, Errors: 0, Skipped: 0, Time elapsed: 0.009 sec
[86c1c159-ca36-4cf1-9a04-2daacf0cccab/build]   | Running org.netpreserve.jwarc.net.WarcServerTest
[86c1c159-ca36-4cf1-9a04-2daacf0cccab/build]   | Tests run: 1, Failures: 0, Errors: 0, Skipped: 0, Time elapsed: 0.099 sec
[86c1c159-ca36-4cf1-9a04-2daacf0cccab/build]   | Running org.netpreserve.jwarc.WarcParserTest
[86c1c159-ca36-4cf1-9a04-2daacf0cccab/build]   | Tests run: 1, Failures: 0, Errors: 0, Skipped: 0, Time elapsed: 0.008 sec
[86c1c159-ca36-4cf1-9a04-2daacf0cccab/build]   | Running org.netpreserve.jwarc.URIsTest
[86c1c159-ca36-4cf1-9a04-2daacf0cccab/build]   | Tests run: 1, Failures: 0, Errors: 0, Skipped: 0, Time elapsed: 0.001 sec
[86c1c159-ca36-4cf1-9a04-2daacf0cccab/build]   | Running org.netpreserve.jwarc.MessageHeadersTest
[86c1c159-ca36-4cf1-9a04-2daacf0cccab/build]   | Tests run: 1, Failures: 0, Errors: 0, Skipped: 0, Time elapsed: 0.003 sec
[86c1c159-ca36-4cf1-9a04-2daacf0cccab/build]   | Running org.netpreserve.jwarc.ChunkedBodyTest
[86c1c159-ca36-4cf1-9a04-2daacf0cccab/build]   | Tests run: 6, Failures: 0, Errors: 0, Skipped: 0, Time elapsed: 0.008 sec
[86c1c159-ca36-4cf1-9a04-2daacf0cccab/build]   | Running org.netpreserve.jwarc.LengthedBodyTest
[86c1c159-ca36-4cf1-9a04-2daacf0cccab/build]   | Tests run: 1, Failures: 0, Errors: 0, Skipped: 0, Time elapsed: 0.008 sec
[86c1c159-ca36-4cf1-9a04-2daacf0cccab/build]   | Running org.netpreserve.jwarc.GunzipChannelTest
[86c1c159-ca36-4cf1-9a04-2daacf0cccab/build]   | Tests run: 6, Failures: 0, Errors: 0, Skipped: 1, Time elapsed: 0.01 sec
[86c1c159-ca36-4cf1-9a04-2daacf0cccab/build]   | Running org.netpreserve.jwarc.cdx.CdxReaderTest
[86c1c159-ca36-4cf1-9a04-2daacf0cccab/build]   | Tests run: 1, Failures: 0, Errors: 0, Skipped: 0, Time elapsed: 0.006 sec
[86c1c159-ca36-4cf1-9a04-2daacf0cccab/build]   | Running org.netpreserve.jwarc.cdx.JsonTokenizerTest
[86c1c159-ca36-4cf1-9a04-2daacf0cccab/build]   | Tests run: 1, Failures: 0, Errors: 0, Skipped: 0, Time elapsed: 0.003 sec
[86c1c159-ca36-4cf1-9a04-2daacf0cccab/build]   | Running org.netpreserve.jwarc.cdx.CdxFormatTest
[86c1c159-ca36-4cf1-9a04-2daacf0cccab/build]   | Tests run: 4, Failures: 0, Errors: 0, Skipped: 0, Time elapsed: 0.021 sec
[86c1c159-ca36-4cf1-9a04-2daacf0cccab/build]   | Running org.netpreserve.jwarc.cdx.CdxRequestEncoderTest
[86c1c159-ca36-4cf1-9a04-2daacf0cccab/build]   | Tests run: 2, Failures: 1, Errors: 0, Skipped: 1, Time elapsed: 0.042 sec <<< FAILURE!
[86c1c159-ca36-4cf1-9a04-2daacf0cccab/build]   | test(org.netpreserve.jwarc.cdx.CdxRequestEncoderTest)  Time elapsed: 0.023 sec  <<< FAILURE!
[86c1c159-ca36-4cf1-9a04-2daacf0cccab/build]   | org.junit.ComparisonFailure: Case 3 expected:<...method=POST&snowman=[%E2%98%83]> but was:<...method=POST&snowman=[‚òÉ]>
[86c1c159-ca36-4cf1-9a04-2daacf0cccab/build]   | 	at org.junit.Assert.assertEquals(Assert.java:117)
[86c1c159-ca36-4cf1-9a04-2daacf0cccab/build]   | 	at org.netpreserve.jwarc.cdx.CdxRequestEncoderTest.test(CdxRequestEncoderTest.java:113)
[86c1c159-ca36-4cf1-9a04-2daacf0cccab/build]   | 	at java.base/jdk.internal.reflect.NativeMethodAccessorImpl.invoke0(Native Method)
[86c1c159-ca36-4cf1-9a04-2daacf0cccab/build]   | 	at java.base/jdk.internal.reflect.NativeMethodAccessorImpl.invoke(NativeMethodAccessorImpl.java:62)
[86c1c159-ca36-4cf1-9a04-2daacf0cccab/build]   | 	at java.base/jdk.internal.reflect.DelegatingMethodAccessorImpl.invoke(DelegatingMethodAccessorImpl.java:43)
[86c1c159-ca36-4cf1-9a04-2daacf0cccab/build]   | 	at java.base/java.lang.reflect.Method.invoke(Method.java:566)
[86c1c159-ca36-4cf1-9a04-2daacf0cccab/build]   | 	at org.junit.runners.model.FrameworkMethod$1.runReflectiveCall(FrameworkMethod.java:59)
[86c1c159-ca36-4cf1-9a04-2daacf0cccab/build]   | 	at org.junit.internal.runners.model.ReflectiveCallable.run(ReflectiveCallable.java:12)
[86c1c159-ca36-4cf1-9a04-2daacf0cccab/build]   | 	at org.junit.runners.model.FrameworkMethod.invokeExplosively(FrameworkMethod.java:56)
[86c1c159-ca36-4cf1-9a04-2daacf0cccab/build]   | 	at org.junit.internal.runners.statements.InvokeMethod.evaluate(InvokeMethod.java:17)
[86c1c159-ca36-4cf1-9a04-2daacf0cccab/build]   | 	at org.junit.rules.ExternalResource$1.evaluate(ExternalResource.java:54)
[86c1c159-ca36-4cf1-9a04-2daacf0cccab/build]   | 	at org.junit.runners.ParentRunner$3.evaluate(ParentRunner.java:306)
[86c1c159-ca36-4cf1-9a04-2daacf0cccab/build]   | 	at org.junit.runners.BlockJUnit4ClassRunner$1.evaluate(BlockJUnit4ClassRunner.java:100)
[86c1c159-ca36-4cf1-9a04-2daacf0cccab/build]   | 	at org.junit.runners.ParentRunner.runLeaf(ParentRunner.java:366)
[86c1c159-ca36-4cf1-9a04-2daacf0cccab/build]   | 	at org.junit.runners.BlockJUnit4ClassRunner.runChild(BlockJUnit4ClassRunner.java:103)
[86c1c159-ca36-4cf1-9a04-2daacf0cccab/build]   | 	at org.junit.runners.BlockJUnit4ClassRunner.runChild(BlockJUnit4ClassRunner.java:63)
[86c1c159-ca36-4cf1-9a04-2daacf0cccab/build]   | 	at org.junit.runners.ParentRunner$4.run(ParentRunner.java:331)
[86c1c159-ca36-4cf1-9a04-2daacf0cccab/build]   | 	at org.junit.runners.ParentRunner$1.schedule(ParentRunner.java:79)
[86c1c159-ca36-4cf1-9a04-2daacf0cccab/build]   | 	at org.junit.runners.ParentRunner.runChildren(ParentRunner.java:329)
[86c1c159-ca36-4cf1-9a04-2daacf0cccab/build]   | 	at org.junit.runners.ParentRunner.access$100(ParentRunner.java:66)
[86c1c159-ca36-4cf1-9a04-2daacf0cccab/build]   | 	at org.junit.runners.ParentRunner$2.evaluate(ParentRunner.java:293)
[86c1c159-ca36-4cf1-9a04-2daacf0cccab/build]   | 	at org.junit.runners.ParentRunner$3.evaluate(ParentRunner.java:306)
[86c1c159-ca36-4cf1-9a04-2daacf0cccab/build]   | 	at org.junit.runners.ParentRunner.run(ParentRunner.java:413)
[86c1c159-ca36-4cf1-9a04-2daacf0cccab/build]   | 	at org.apache.maven.surefire.junit4.JUnit4Provider.execute(JUnit4Provider.java:252)
[86c1c159-ca36-4cf1-9a04-2daacf0cccab/build]   | 	at org.apache.maven.surefire.junit4.JUnit4Provider.executeTestSet(JUnit4Provider.java:141)
[86c1c159-ca36-4cf1-9a04-2daacf0cccab/build]   | 	at org.apache.maven.surefire.junit4.JUnit4Provider.invoke(JUnit4Provider.java:112)
[86c1c159-ca36-4cf1-9a04-2daacf0cccab/build]   | 	at java.base/jdk.internal.reflect.NativeMethodAccessorImpl.invoke0(Native Method)
[86c1c159-ca36-4cf1-9a04-2daacf0cccab/build]   | 	at java.base/jdk.internal.reflect.NativeMethodAccessorImpl.invoke(NativeMethodAccessorImpl.java:62)
[86c1c159-ca36-4cf1-9a04-2daacf0cccab/build]   | 	at java.base/jdk.internal.reflect.DelegatingMethodAccessorImpl.invoke(DelegatingMethodAccessorImpl.java:43)
[86c1c159-ca36-4cf1-9a04-2daacf0cccab/build]   | 	at java.base/java.lang.reflect.Method.invoke(Method.java:566)
[86c1c159-ca36-4cf1-9a04-2daacf0cccab/build]   | 	at org.apache.maven.surefire.util.ReflectionUtils.invokeMethodWithArray(ReflectionUtils.java:189)
[86c1c159-ca36-4cf1-9a04-2daacf0cccab/build]   | 	at org.apache.maven.surefire.booter.ProviderFactory$ProviderProxy.invoke(ProviderFactory.java:165)
[86c1c159-ca36-4cf1-9a04-2daacf0cccab/build]   | 	at org.apache.maven.surefire.booter.ProviderFactory.invokeProvider(ProviderFactory.java:85)
[86c1c159-ca36-4cf1-9a04-2daacf0cccab/build]   | 	at org.apache.maven.surefire.booter.ForkedBooter.runSuitesInProcess(ForkedBooter.java:115)
[86c1c159-ca36-4cf1-9a04-2daacf0cccab/build]   | 	at org.apache.maven.surefire.booter.ForkedBooter.main(ForkedBooter.java:75)
[86c1c159-ca36-4cf1-9a04-2daacf0cccab/build]   | 
[86c1c159-ca36-4cf1-9a04-2daacf0cccab/build]   | Running org.netpreserve.jwarc.cdx.CdxWriterTest
[86c1c159-ca36-4cf1-9a04-2daacf0cccab/build]   | Tests run: 1, Failures: 0, Errors: 0, Skipped: 0, Time elapsed: 0 sec
[86c1c159-ca36-4cf1-9a04-2daacf0cccab/build]   | Running org.netpreserve.jwarc.HttpResponseTest
[86c1c159-ca36-4cf1-9a04-2daacf0cccab/build]   | Tests run: 1, Failures: 0, Errors: 0, Skipped: 0, Time elapsed: 0.001 sec
[86c1c159-ca36-4cf1-9a04-2daacf0cccab/build]   | Running org.netpreserve.jwarc.apitests.MediaTypeTest
[86c1c159-ca36-4cf1-9a04-2daacf0cccab/build]   | Tests run: 1, Failures: 0, Errors: 0, Skipped: 0, Time elapsed: 0.002 sec
[86c1c159-ca36-4cf1-9a04-2daacf0cccab/build]   | Running org.netpreserve.jwarc.apitests.WarcWriterTest
[86c1c159-ca36-4cf1-9a04-2daacf0cccab/build]   | Tests run: 2, Failures: 0, Errors: 0, Skipped: 0, Time elapsed: 0.195 sec
[86c1c159-ca36-4cf1-9a04-2daacf0cccab/build]   | Running org.netpreserve.jwarc.apitests.WarcinfoTest
[86c1c159-ca36-4cf1-9a04-2daacf0cccab/build]   | Tests run: 2, Failures: 0, Errors: 0, Skipped: 0, Time elapsed: 0.003 sec
[86c1c159-ca36-4cf1-9a04-2daacf0cccab/build]   | Running org.netpreserve.jwarc.apitests.WarcContinuationTest
[86c1c159-ca36-4cf1-9a04-2daacf0cccab/build]   | Tests run: 2, Failures: 0, Errors: 0, Skipped: 0, Time elapsed: 0.006 sec
[86c1c159-ca36-4cf1-9a04-2daacf0cccab/build]   | Running org.netpreserve.jwarc.apitests.ArcTest
[86c1c159-ca36-4cf1-9a04-2daacf0cccab/build]   | Tests run: 1, Failures: 0, Errors: 0, Skipped: 0, Time elapsed: 0.007 sec
[86c1c159-ca36-4cf1-9a04-2daacf0cccab/build]   | Running org.netpreserve.jwarc.apitests.WarcResponseTest
[86c1c159-ca36-4cf1-9a04-2daacf0cccab/build]   | Tests run: 6, Failures: 0, Errors: 0, Skipped: 0, Time elapsed: 0.024 sec
[86c1c159-ca36-4cf1-9a04-2daacf0cccab/build]   | Running org.netpreserve.jwarc.apitests.WarcRequestTest
[86c1c159-ca36-4cf1-9a04-2daacf0cccab/build]   | Tests run: 4, Failures: 0, Errors: 0, Skipped: 0, Time elapsed: 0.022 sec
[86c1c159-ca36-4cf1-9a04-2daacf0cccab/build]   | Running org.netpreserve.jwarc.apitests.WarcRevisitTest
[86c1c159-ca36-4cf1-9a04-2daacf0cccab/build]   | Tests run: 3, Failures: 0, Errors: 0, Skipped: 0, Time elapsed: 0.007 sec
[86c1c159-ca36-4cf1-9a04-2daacf0cccab/build]   | Running org.netpreserve.jwarc.apitests.WarcConversionTest
[86c1c159-ca36-4cf1-9a04-2daacf0cccab/build]   | Tests run: 2, Failures: 0, Errors: 0, Skipped: 0, Time elapsed: 0.009 sec
[86c1c159-ca36-4cf1-9a04-2daacf0cccab/build]   | Running org.netpreserve.jwarc.apitests.WarcResourceTest
[86c1c159-ca36-4cf1-9a04-2daacf0cccab/build]   | Tests run: 1, Failures: 0, Errors: 0, Skipped: 0, Time elapsed: 0 sec
[86c1c159-ca36-4cf1-9a04-2daacf0cccab/build]   | Running org.netpreserve.jwarc.apitests.WarcFilterTest
[86c1c159-ca36-4cf1-9a04-2daacf0cccab/build]   | Tests run: 1, Failures: 0, Errors: 0, Skipped: 0, Time elapsed: 0.017 sec
[86c1c159-ca36-4cf1-9a04-2daacf0cccab/build]   | Running org.netpreserve.jwarc.apitests.MessageVersionTest
[86c1c159-ca36-4cf1-9a04-2daacf0cccab/build]   | Tests run: 1, Failures: 0, Errors: 0, Skipped: 0, Time elapsed: 0.001 sec
[86c1c159-ca36-4cf1-9a04-2daacf0cccab/build]   | Running org.netpreserve.jwarc.apitests.WarcMetadataTest
[86c1c159-ca36-4cf1-9a04-2daacf0cccab/build]   | Tests run: 2, Failures: 0, Errors: 0, Skipped: 0, Time elapsed: 0.004 sec
[86c1c159-ca36-4cf1-9a04-2daacf0cccab/build]   | Running org.netpreserve.jwarc.apitests.WarcReaderTest
[86c1c159-ca36-4cf1-9a04-2daacf0cccab/build]   | Failed testing pre-populated buffer of 736 bytes length
[86c1c159-ca36-4cf1-9a04-2daacf0cccab/build]   | Tests run: 9, Failures: 0, Errors: 0, Skipped: 1, Time elapsed: 0.817 sec
[86c1c159-ca36-4cf1-9a04-2daacf0cccab/build]   | 
[86c1c159-ca36-4cf1-9a04-2daacf0cccab/build]   | Results :
[86c1c159-ca36-4cf1-9a04-2daacf0cccab/build]   | 
[86c1c159-ca36-4cf1-9a04-2daacf0cccab/build]   | Failed tests:   test(org.netpreserve.jwarc.cdx.CdxRequestEncoderTest): Case 3 expected:<...method=POST&snowman=[%E2%98%83]> but was:<...method=POST&snowman=[‚òÉ]>
[86c1c159-ca36-4cf1-9a04-2daacf0cccab/build]   | 
[86c1c159-ca36-4cf1-9a04-2daacf0cccab/build]   | Tests run: 90, Failures: 1, Errors: 0, Skipped: 3
[86c1c159-ca36-4cf1-9a04-2daacf0cccab/build]   | 
[86c1c159-ca36-4cf1-9a04-2daacf0cccab/build]   | [INFO] ------------------------------------------------------------------------
[86c1c159-ca36-4cf1-9a04-2daacf0cccab/build]   | [INFO] BUILD FAILURE
[86c1c159-ca36-4cf1-9a04-2daacf0cccab/build]   | [INFO] ------------------------------------------------------------------------
[86c1c159-ca36-4cf1-9a04-2daacf0cccab/build]   | [INFO] Total time:  10.241 s
[86c1c159-ca36-4cf1-9a04-2daacf0cccab/build]   | [INFO] Finished at: 2023-11-24T13:59:39Z
[86c1c159-ca36-4cf1-9a04-2daacf0cccab/build]   | [INFO] ------------------------------------------------------------------------
[86c1c159-ca36-4cf1-9a04-2daacf0cccab/build]   | [ERROR] Failed to execute goal org.apache.maven.plugins:maven-surefire-plugin:2.12.4:test (default-test) on project jwarc: There are test failures.
[86c1c159-ca36-4cf1-9a04-2daacf0cccab/build]   | [ERROR] 
[86c1c159-ca36-4cf1-9a04-2daacf0cccab/build]   | [ERROR] Please refer to /tmp/0bf5f083-fad1-4ead-80c4-77b66bca1b83/target/surefire-reports for the individual test results.
[86c1c159-ca36-4cf1-9a04-2daacf0cccab/build]   | [ERROR] -> [Help 1]
[86c1c159-ca36-4cf1-9a04-2daacf0cccab/build]   | [ERROR] 
[86c1c159-ca36-4cf1-9a04-2daacf0cccab/build]   | [ERROR] To see the full stack trace of the errors, re-run Maven with the -e switch.
[86c1c159-ca36-4cf1-9a04-2daacf0cccab/build]   | [ERROR] Re-run Maven using the -X switch to enable full debug logging.
[86c1c159-ca36-4cf1-9a04-2daacf0cccab/build]   | [ERROR] 
[86c1c159-ca36-4cf1-9a04-2daacf0cccab/build]   | [ERROR] For more information about the errors and possible solutions, please read the following articles:
[86c1c159-ca36-4cf1-9a04-2daacf0cccab/build]   | [ERROR] [Help 1] http://cwiki.apache.org/confluence/display/MAVEN/MojoFailureException
[86c1c159-ca36-4cf1-9a04-2daacf0cccab/build]   ‚ùå  Failure - Main Build with Maven
[86c1c159-ca36-4cf1-9a04-2daacf0cccab/build] exitcode '1': failure
[86c1c159-ca36-4cf1-9a04-2daacf0cccab/build] unable to get git ref: failed to identify reference (tag/branch) for the checked-out revision 'ed4e7940b8d4b01e85bc80a3a2bedd0cd1319c86'
[86c1c159-ca36-4cf1-9a04-2daacf0cccab/build] unable to get git ref: failed to identify reference (tag/branch) for the checked-out revision 'ed4e7940b8d4b01e85bc80a3a2bedd0cd1319c86'
[86c1c159-ca36-4cf1-9a04-2daacf0cccab/build] unable to get git ref: failed to identify reference (tag/branch) for the checked-out revision 'ed4e7940b8d4b01e85bc80a3a2bedd0cd1319c86'
[86c1c159-ca36-4cf1-9a04-2daacf0cccab/build] unable to get git ref: failed to identify reference (tag/branch) for the checked-out revision 'ed4e7940b8d4b01e85bc80a3a2bedd0cd1319c86'
[86c1c159-ca36-4cf1-9a04-2daacf0cccab/build] unable to get git ref: failed to identify reference (tag/branch) for the checked-out revision 'ed4e7940b8d4b01e85bc80a3a2bedd0cd1319c86'
[86c1c159-ca36-4cf1-9a04-2daacf0cccab/build] ‚≠ê Run Post Set up JDK 11
[86c1c159-ca36-4cf1-9a04-2daacf0cccab/build]   üê≥  docker exec cmd=[node /var/run/act/actions/actions-setup-java@v2/dist/cleanup/index.js] user= workdir=
[86c1c159-ca36-4cf1-9a04-2daacf0cccab/build]   ‚úÖ  Success - Post Set up JDK 11
[86c1c159-ca36-4cf1-9a04-2daacf0cccab/build] üèÅ  Job failed
[86c1c159-ca36-4cf1-9a04-2daacf0cccab/build] unable to get git ref: failed to identify reference (tag/branch) for the checked-out revision 'ed4e7940b8d4b01e85bc80a3a2bedd0cd1319c86'
