[51550704-72d0-4801-8957-d544fe3a2a28/Java 8 on ubuntu-latest] üöÄ  Start image=crawlergpt:latest
[51550704-72d0-4801-8957-d544fe3a2a28/Java 8 on ubuntu-latest]   üê≥  docker pull image=crawlergpt:latest platform= username= forcePull=false
[51550704-72d0-4801-8957-d544fe3a2a28/Java 8 on ubuntu-latest]   üê≥  docker create image=crawlergpt:latest platform= entrypoint=["tail" "-f" "/dev/null"] cmd=[]
[51550704-72d0-4801-8957-d544fe3a2a28/Java 8 on ubuntu-latest]   üê≥  docker run image=crawlergpt:latest platform= entrypoint=["tail" "-f" "/dev/null"] cmd=[]
[51550704-72d0-4801-8957-d544fe3a2a28/Java 8 on ubuntu-latest]   üê≥  docker exec cmd=[chown -R 1012:1013 /tmp/f87c1611-0dfc-4db3-a56c-d3eb92cc42f4] user=0 workdir=
[51550704-72d0-4801-8957-d544fe3a2a28/Java 8 on ubuntu-latest] unable to get git ref: failed to identify reference (tag/branch) for the checked-out revision '2624a64346ccceb228c9927928c71714f921e014'
[51550704-72d0-4801-8957-d544fe3a2a28/Java 8 on ubuntu-latest] unable to get git ref: failed to identify reference (tag/branch) for the checked-out revision '2624a64346ccceb228c9927928c71714f921e014'
[51550704-72d0-4801-8957-d544fe3a2a28/Java 8 on ubuntu-latest] unable to get git ref: failed to identify reference (tag/branch) for the checked-out revision '2624a64346ccceb228c9927928c71714f921e014'
[51550704-72d0-4801-8957-d544fe3a2a28/Java 8 on ubuntu-latest] unable to get git ref: failed to identify reference (tag/branch) for the checked-out revision '2624a64346ccceb228c9927928c71714f921e014'
[51550704-72d0-4801-8957-d544fe3a2a28/Java 8 on ubuntu-latest] üß™  Matrix: map[java:8 os:ubuntu-latest]
[51550704-72d0-4801-8957-d544fe3a2a28/Java 8 on ubuntu-latest] unable to get git ref: failed to identify reference (tag/branch) for the checked-out revision '2624a64346ccceb228c9927928c71714f921e014'
[51550704-72d0-4801-8957-d544fe3a2a28/Java 8 on ubuntu-latest] unable to get git ref: failed to identify reference (tag/branch) for the checked-out revision '2624a64346ccceb228c9927928c71714f921e014'
[51550704-72d0-4801-8957-d544fe3a2a28/Java 8 on ubuntu-latest] unable to get git ref: failed to identify reference (tag/branch) for the checked-out revision '2624a64346ccceb228c9927928c71714f921e014'
[51550704-72d0-4801-8957-d544fe3a2a28/Java 8 on ubuntu-latest] unable to get git ref: failed to identify reference (tag/branch) for the checked-out revision '2624a64346ccceb228c9927928c71714f921e014'
[51550704-72d0-4801-8957-d544fe3a2a28/Java 8 on ubuntu-latest] unable to get git ref: failed to identify reference (tag/branch) for the checked-out revision '2624a64346ccceb228c9927928c71714f921e014'
[51550704-72d0-4801-8957-d544fe3a2a28/Java 8 on ubuntu-latest] unable to get git ref: failed to identify reference (tag/branch) for the checked-out revision '2624a64346ccceb228c9927928c71714f921e014'
[51550704-72d0-4801-8957-d544fe3a2a28/Java 8 on ubuntu-latest] ‚≠ê Run Main actions/checkout@v2
[51550704-72d0-4801-8957-d544fe3a2a28/Java 8 on ubuntu-latest] unable to get git ref: failed to identify reference (tag/branch) for the checked-out revision '2624a64346ccceb228c9927928c71714f921e014'
[51550704-72d0-4801-8957-d544fe3a2a28/Java 8 on ubuntu-latest]   ‚úÖ  Success - Main actions/checkout@v2
[51550704-72d0-4801-8957-d544fe3a2a28/Java 8 on ubuntu-latest] unable to get git ref: failed to identify reference (tag/branch) for the checked-out revision '2624a64346ccceb228c9927928c71714f921e014'
[51550704-72d0-4801-8957-d544fe3a2a28/Java 8 on ubuntu-latest] unable to get git ref: failed to identify reference (tag/branch) for the checked-out revision '2624a64346ccceb228c9927928c71714f921e014'
[51550704-72d0-4801-8957-d544fe3a2a28/Java 8 on ubuntu-latest] unable to get git ref: failed to identify reference (tag/branch) for the checked-out revision '2624a64346ccceb228c9927928c71714f921e014'
[51550704-72d0-4801-8957-d544fe3a2a28/Java 8 on ubuntu-latest] unable to get git ref: failed to identify reference (tag/branch) for the checked-out revision '2624a64346ccceb228c9927928c71714f921e014'
[51550704-72d0-4801-8957-d544fe3a2a28/Java 8 on ubuntu-latest] unable to get git ref: failed to identify reference (tag/branch) for the checked-out revision '2624a64346ccceb228c9927928c71714f921e014'
[51550704-72d0-4801-8957-d544fe3a2a28/Java 8 on ubuntu-latest] ‚≠ê Run Main Setup Java
[51550704-72d0-4801-8957-d544fe3a2a28/Java 8 on ubuntu-latest] unable to get git ref: failed to identify reference (tag/branch) for the checked-out revision '2624a64346ccceb228c9927928c71714f921e014'
[51550704-72d0-4801-8957-d544fe3a2a28/Java 8 on ubuntu-latest] unable to get git ref: failed to identify reference (tag/branch) for the checked-out revision '2624a64346ccceb228c9927928c71714f921e014'
[51550704-72d0-4801-8957-d544fe3a2a28/Java 8 on ubuntu-latest] unable to get git ref: failed to identify reference (tag/branch) for the checked-out revision '2624a64346ccceb228c9927928c71714f921e014'
[51550704-72d0-4801-8957-d544fe3a2a28/Java 8 on ubuntu-latest]   üê≥  docker cp src=/tmp/act-cache/43347392-7f7c-452c-b6d5-8e81a970fb15/act/actions-setup-java@v2/ dst=/var/run/act/actions/actions-setup-java@v2/
[51550704-72d0-4801-8957-d544fe3a2a28/Java 8 on ubuntu-latest]   üê≥  docker exec cmd=[chown -R 1012:1013 /var/run/act/actions/actions-setup-java@v2/] user=0 workdir=
[51550704-72d0-4801-8957-d544fe3a2a28/Java 8 on ubuntu-latest]   üê≥  docker exec cmd=[node /var/run/act/actions/actions-setup-java@v2/dist/setup/index.js] user= workdir=
[51550704-72d0-4801-8957-d544fe3a2a28/Java 8 on ubuntu-latest]   üí¨  ::debug::isExplicit: 11.0.11-9
[51550704-72d0-4801-8957-d544fe3a2a28/Java 8 on ubuntu-latest]   üí¨  ::debug::explicit? true
[51550704-72d0-4801-8957-d544fe3a2a28/Java 8 on ubuntu-latest]   üí¨  ::debug::isExplicit: 8.0.292-1
[51550704-72d0-4801-8957-d544fe3a2a28/Java 8 on ubuntu-latest]   üí¨  ::debug::explicit? true
[51550704-72d0-4801-8957-d544fe3a2a28/Java 8 on ubuntu-latest]   | Resolved Java 8.0.292+1 from tool-cache
[51550704-72d0-4801-8957-d544fe3a2a28/Java 8 on ubuntu-latest]   | Setting Java 8.0.292+1 as the default
[51550704-72d0-4801-8957-d544fe3a2a28/Java 8 on ubuntu-latest]   | 
[51550704-72d0-4801-8957-d544fe3a2a28/Java 8 on ubuntu-latest]   | Java configuration:
[51550704-72d0-4801-8957-d544fe3a2a28/Java 8 on ubuntu-latest]   |   Distribution: adopt
[51550704-72d0-4801-8957-d544fe3a2a28/Java 8 on ubuntu-latest]   |   Version: 8.0.292+1
[51550704-72d0-4801-8957-d544fe3a2a28/Java 8 on ubuntu-latest]   |   Path: /opt/hostedtoolcache/Java_Adopt_jdk/8.0.292-1/x64
[51550704-72d0-4801-8957-d544fe3a2a28/Java 8 on ubuntu-latest]   | 
[51550704-72d0-4801-8957-d544fe3a2a28/Java 8 on ubuntu-latest]   ‚ùì add-matcher /run/act/actions/actions-setup-java@v2/.github/java.json
[51550704-72d0-4801-8957-d544fe3a2a28/Java 8 on ubuntu-latest]   | Creating settings.xml with server-id: github
[51550704-72d0-4801-8957-d544fe3a2a28/Java 8 on ubuntu-latest]   | Writing to /home/runneradmin/.m2/settings.xml
[51550704-72d0-4801-8957-d544fe3a2a28/Java 8 on ubuntu-latest]   ‚úÖ  Success - Main Setup Java
[51550704-72d0-4801-8957-d544fe3a2a28/Java 8 on ubuntu-latest]   ‚öô  ::set-env:: JAVA_HOME=/opt/hostedtoolcache/Java_Adopt_jdk/8.0.292-1/x64
[51550704-72d0-4801-8957-d544fe3a2a28/Java 8 on ubuntu-latest]   ‚öô  ::set-output:: version=8.0.292+1
[51550704-72d0-4801-8957-d544fe3a2a28/Java 8 on ubuntu-latest]   ‚öô  ::set-output:: distribution=Adopt-Hotspot
[51550704-72d0-4801-8957-d544fe3a2a28/Java 8 on ubuntu-latest]   ‚öô  ::set-output:: path=/opt/hostedtoolcache/Java_Adopt_jdk/8.0.292-1/x64
[51550704-72d0-4801-8957-d544fe3a2a28/Java 8 on ubuntu-latest]   ‚öô  ::add-path:: /opt/hostedtoolcache/Java_Adopt_jdk/8.0.292-1/x64/bin
[51550704-72d0-4801-8957-d544fe3a2a28/Java 8 on ubuntu-latest] unable to get git ref: failed to identify reference (tag/branch) for the checked-out revision '2624a64346ccceb228c9927928c71714f921e014'
[51550704-72d0-4801-8957-d544fe3a2a28/Java 8 on ubuntu-latest] unable to get git ref: failed to identify reference (tag/branch) for the checked-out revision '2624a64346ccceb228c9927928c71714f921e014'
[51550704-72d0-4801-8957-d544fe3a2a28/Java 8 on ubuntu-latest] unable to get git ref: failed to identify reference (tag/branch) for the checked-out revision '2624a64346ccceb228c9927928c71714f921e014'
[51550704-72d0-4801-8957-d544fe3a2a28/Java 8 on ubuntu-latest] unable to get git ref: failed to identify reference (tag/branch) for the checked-out revision '2624a64346ccceb228c9927928c71714f921e014'
[51550704-72d0-4801-8957-d544fe3a2a28/Java 8 on ubuntu-latest] unable to get git ref: failed to identify reference (tag/branch) for the checked-out revision '2624a64346ccceb228c9927928c71714f921e014'
[51550704-72d0-4801-8957-d544fe3a2a28/Java 8 on ubuntu-latest] ‚≠ê Run Main Show version
[51550704-72d0-4801-8957-d544fe3a2a28/Java 8 on ubuntu-latest] unable to get git ref: failed to identify reference (tag/branch) for the checked-out revision '2624a64346ccceb228c9927928c71714f921e014'
[51550704-72d0-4801-8957-d544fe3a2a28/Java 8 on ubuntu-latest] unable to get git ref: failed to identify reference (tag/branch) for the checked-out revision '2624a64346ccceb228c9927928c71714f921e014'
[51550704-72d0-4801-8957-d544fe3a2a28/Java 8 on ubuntu-latest] unable to get git ref: failed to identify reference (tag/branch) for the checked-out revision '2624a64346ccceb228c9927928c71714f921e014'
[51550704-72d0-4801-8957-d544fe3a2a28/Java 8 on ubuntu-latest] unable to get git ref: failed to identify reference (tag/branch) for the checked-out revision '2624a64346ccceb228c9927928c71714f921e014'
[51550704-72d0-4801-8957-d544fe3a2a28/Java 8 on ubuntu-latest]   üê≥  docker exec cmd=[bash --noprofile --norc -e -o pipefail /var/run/act/workflow/2] user= workdir=
[51550704-72d0-4801-8957-d544fe3a2a28/Java 8 on ubuntu-latest]   | Apache Maven 3.8.2 (ea98e05a04480131370aa0c110b8c54cf726c06f)
[51550704-72d0-4801-8957-d544fe3a2a28/Java 8 on ubuntu-latest]   | Maven home: /usr/share/apache-maven-3.8.2
[51550704-72d0-4801-8957-d544fe3a2a28/Java 8 on ubuntu-latest]   | Java version: 1.8.0_292, vendor: AdoptOpenJDK, runtime: /usr/lib/jvm/adoptopenjdk-8-hotspot-amd64/jre
[51550704-72d0-4801-8957-d544fe3a2a28/Java 8 on ubuntu-latest]   | Default locale: en, platform encoding: UTF-8
[51550704-72d0-4801-8957-d544fe3a2a28/Java 8 on ubuntu-latest]   | OS name: "linux", version: "5.4.0-146-generic", arch: "amd64", family: "unix"
[51550704-72d0-4801-8957-d544fe3a2a28/Java 8 on ubuntu-latest]   ‚úÖ  Success - Main Show version
[51550704-72d0-4801-8957-d544fe3a2a28/Java 8 on ubuntu-latest] unable to get git ref: failed to identify reference (tag/branch) for the checked-out revision '2624a64346ccceb228c9927928c71714f921e014'
[51550704-72d0-4801-8957-d544fe3a2a28/Java 8 on ubuntu-latest] unable to get git ref: failed to identify reference (tag/branch) for the checked-out revision '2624a64346ccceb228c9927928c71714f921e014'
[51550704-72d0-4801-8957-d544fe3a2a28/Java 8 on ubuntu-latest] unable to get git ref: failed to identify reference (tag/branch) for the checked-out revision '2624a64346ccceb228c9927928c71714f921e014'
[51550704-72d0-4801-8957-d544fe3a2a28/Java 8 on ubuntu-latest] unable to get git ref: failed to identify reference (tag/branch) for the checked-out revision '2624a64346ccceb228c9927928c71714f921e014'
[51550704-72d0-4801-8957-d544fe3a2a28/Java 8 on ubuntu-latest] unable to get git ref: failed to identify reference (tag/branch) for the checked-out revision '2624a64346ccceb228c9927928c71714f921e014'
[51550704-72d0-4801-8957-d544fe3a2a28/Java 8 on ubuntu-latest] ‚≠ê Run Main Cache Maven packages
[51550704-72d0-4801-8957-d544fe3a2a28/Java 8 on ubuntu-latest] unable to get git ref: failed to identify reference (tag/branch) for the checked-out revision '2624a64346ccceb228c9927928c71714f921e014'
[51550704-72d0-4801-8957-d544fe3a2a28/Java 8 on ubuntu-latest] unable to get git ref: failed to identify reference (tag/branch) for the checked-out revision '2624a64346ccceb228c9927928c71714f921e014'
[51550704-72d0-4801-8957-d544fe3a2a28/Java 8 on ubuntu-latest] unable to get git ref: failed to identify reference (tag/branch) for the checked-out revision '2624a64346ccceb228c9927928c71714f921e014'
[51550704-72d0-4801-8957-d544fe3a2a28/Java 8 on ubuntu-latest]   üê≥  docker cp src=/tmp/act-cache/43347392-7f7c-452c-b6d5-8e81a970fb15/act/actions-cache@v1/ dst=/var/run/act/actions/actions-cache@v1/
[51550704-72d0-4801-8957-d544fe3a2a28/Java 8 on ubuntu-latest]   üê≥  docker exec cmd=[chown -R 1012:1013 /var/run/act/actions/actions-cache@v1/] user=0 workdir=
[51550704-72d0-4801-8957-d544fe3a2a28/Java 8 on ubuntu-latest]   üê≥  docker exec cmd=[node /var/run/act/actions/actions-cache@v1/dist/restore/index.js] user= workdir=
[51550704-72d0-4801-8957-d544fe3a2a28/Java 8 on ubuntu-latest]   üí¨  ::debug::Cache Path: /home/runneradmin/.m2/repository
[51550704-72d0-4801-8957-d544fe3a2a28/Java 8 on ubuntu-latest]   üí¨  ::debug::Resolved Keys:
[51550704-72d0-4801-8957-d544fe3a2a28/Java 8 on ubuntu-latest]   üí¨  ::debug::["Linux-m2","Linux-m2"]
[51550704-72d0-4801-8957-d544fe3a2a28/Java 8 on ubuntu-latest]   üí¨  ::debug::getCacheEntry - Attempt 1 of 2 failed with error: Cache Service Url not found, unable to restore cache.
[51550704-72d0-4801-8957-d544fe3a2a28/Java 8 on ubuntu-latest]   üí¨  ::debug::getCacheEntry - Attempt 2 of 2 failed with error: Cache Service Url not found, unable to restore cache.
[51550704-72d0-4801-8957-d544fe3a2a28/Java 8 on ubuntu-latest]   | [warning]getCacheEntry failed: Cache Service Url not found, unable to restore cache.
[51550704-72d0-4801-8957-d544fe3a2a28/Java 8 on ubuntu-latest]   ‚úÖ  Success - Main Cache Maven packages
[51550704-72d0-4801-8957-d544fe3a2a28/Java 8 on ubuntu-latest]   ‚öô  ::set-output:: cache-hit=false
[51550704-72d0-4801-8957-d544fe3a2a28/Java 8 on ubuntu-latest] unable to get git ref: failed to identify reference (tag/branch) for the checked-out revision '2624a64346ccceb228c9927928c71714f921e014'
[51550704-72d0-4801-8957-d544fe3a2a28/Java 8 on ubuntu-latest] unable to get git ref: failed to identify reference (tag/branch) for the checked-out revision '2624a64346ccceb228c9927928c71714f921e014'
[51550704-72d0-4801-8957-d544fe3a2a28/Java 8 on ubuntu-latest] unable to get git ref: failed to identify reference (tag/branch) for the checked-out revision '2624a64346ccceb228c9927928c71714f921e014'
[51550704-72d0-4801-8957-d544fe3a2a28/Java 8 on ubuntu-latest] unable to get git ref: failed to identify reference (tag/branch) for the checked-out revision '2624a64346ccceb228c9927928c71714f921e014'
[51550704-72d0-4801-8957-d544fe3a2a28/Java 8 on ubuntu-latest] unable to get git ref: failed to identify reference (tag/branch) for the checked-out revision '2624a64346ccceb228c9927928c71714f921e014'
[51550704-72d0-4801-8957-d544fe3a2a28/Java 8 on ubuntu-latest] ‚≠ê Run Main Test with Maven
[51550704-72d0-4801-8957-d544fe3a2a28/Java 8 on ubuntu-latest] unable to get git ref: failed to identify reference (tag/branch) for the checked-out revision '2624a64346ccceb228c9927928c71714f921e014'
[51550704-72d0-4801-8957-d544fe3a2a28/Java 8 on ubuntu-latest] unable to get git ref: failed to identify reference (tag/branch) for the checked-out revision '2624a64346ccceb228c9927928c71714f921e014'
[51550704-72d0-4801-8957-d544fe3a2a28/Java 8 on ubuntu-latest] unable to get git ref: failed to identify reference (tag/branch) for the checked-out revision '2624a64346ccceb228c9927928c71714f921e014'
[51550704-72d0-4801-8957-d544fe3a2a28/Java 8 on ubuntu-latest] unable to get git ref: failed to identify reference (tag/branch) for the checked-out revision '2624a64346ccceb228c9927928c71714f921e014'
[51550704-72d0-4801-8957-d544fe3a2a28/Java 8 on ubuntu-latest]   üê≥  docker exec cmd=[bash --noprofile --norc -e -o pipefail /var/run/act/workflow/4] user= workdir=
[51550704-72d0-4801-8957-d544fe3a2a28/Java 8 on ubuntu-latest]   | [INFO] Scanning for projects...
[51550704-72d0-4801-8957-d544fe3a2a28/Java 8 on ubuntu-latest]   | [INFO] 
[51550704-72d0-4801-8957-d544fe3a2a28/Java 8 on ubuntu-latest]   | [INFO] --------------------< org.reflections:reflections >---------------------
[51550704-72d0-4801-8957-d544fe3a2a28/Java 8 on ubuntu-latest]   | [INFO] Building Reflections 0.10-SNAPSHOT
[51550704-72d0-4801-8957-d544fe3a2a28/Java 8 on ubuntu-latest]   | [INFO] --------------------------------[ jar ]---------------------------------
[51550704-72d0-4801-8957-d544fe3a2a28/Java 8 on ubuntu-latest]   | [INFO] Downloading from central: https://repo.maven.apache.org/maven2/org/apache/maven/plugins/maven-clean-plugin/2.5/maven-clean-plugin-2.5.pom
[51550704-72d0-4801-8957-d544fe3a2a28/Java 8 on ubuntu-latest]   | [INFO] Downloaded from central: https://repo.maven.apache.org/maven2/org/apache/maven/plugins/maven-clean-plugin/2.5/maven-clean-plugin-2.5.pom (3.9 kB at 740 B/s)
[51550704-72d0-4801-8957-d544fe3a2a28/Java 8 on ubuntu-latest]   | [INFO] Downloading from central: https://repo.maven.apache.org/maven2/org/apache/maven/plugins/maven-plugins/22/maven-plugins-22.pom
[51550704-72d0-4801-8957-d544fe3a2a28/Java 8 on ubuntu-latest]   | [INFO] Downloaded from central: https://repo.maven.apache.org/maven2/org/apache/maven/plugins/maven-plugins/22/maven-plugins-22.pom (13 kB at 42 kB/s)
[51550704-72d0-4801-8957-d544fe3a2a28/Java 8 on ubuntu-latest]   | [INFO] Downloading from central: https://repo.maven.apache.org/maven2/org/apache/maven/maven-parent/21/maven-parent-21.pom
[51550704-72d0-4801-8957-d544fe3a2a28/Java 8 on ubuntu-latest]   | [INFO] Downloaded from central: https://repo.maven.apache.org/maven2/org/apache/maven/maven-parent/21/maven-parent-21.pom (26 kB at 141 kB/s)
[51550704-72d0-4801-8957-d544fe3a2a28/Java 8 on ubuntu-latest]   | [INFO] Downloading from central: https://repo.maven.apache.org/maven2/org/apache/apache/10/apache-10.pom
[51550704-72d0-4801-8957-d544fe3a2a28/Java 8 on ubuntu-latest]   | [INFO] Downloaded from central: https://repo.maven.apache.org/maven2/org/apache/apache/10/apache-10.pom (15 kB at 435 kB/s)
[51550704-72d0-4801-8957-d544fe3a2a28/Java 8 on ubuntu-latest]   | [INFO] Downloading from central: https://repo.maven.apache.org/maven2/org/apache/maven/plugins/maven-clean-plugin/2.5/maven-clean-plugin-2.5.jar
[51550704-72d0-4801-8957-d544fe3a2a28/Java 8 on ubuntu-latest]   | [INFO] Downloaded from central: https://repo.maven.apache.org/maven2/org/apache/maven/plugins/maven-clean-plugin/2.5/maven-clean-plugin-2.5.jar (25 kB at 724 kB/s)
[51550704-72d0-4801-8957-d544fe3a2a28/Java 8 on ubuntu-latest]   | [INFO] Downloading from central: https://repo.maven.apache.org/maven2/org/apache/maven/plugins/maven-resources-plugin/2.6/maven-resources-plugin-2.6.pom
[51550704-72d0-4801-8957-d544fe3a2a28/Java 8 on ubuntu-latest]   | [INFO] Downloaded from central: https://repo.maven.apache.org/maven2/org/apache/maven/plugins/maven-resources-plugin/2.6/maven-resources-plugin-2.6.pom (8.1 kB at 176 kB/s)
[51550704-72d0-4801-8957-d544fe3a2a28/Java 8 on ubuntu-latest]   | [INFO] Downloading from central: https://repo.maven.apache.org/maven2/org/apache/maven/plugins/maven-plugins/23/maven-plugins-23.pom
[51550704-72d0-4801-8957-d544fe3a2a28/Java 8 on ubuntu-latest]   | [INFO] Downloaded from central: https://repo.maven.apache.org/maven2/org/apache/maven/plugins/maven-plugins/23/maven-plugins-23.pom (9.2 kB at 263 kB/s)
[51550704-72d0-4801-8957-d544fe3a2a28/Java 8 on ubuntu-latest]   | [INFO] Downloading from central: https://repo.maven.apache.org/maven2/org/apache/maven/maven-parent/22/maven-parent-22.pom
[51550704-72d0-4801-8957-d544fe3a2a28/Java 8 on ubuntu-latest]   | [INFO] Downloaded from central: https://repo.maven.apache.org/maven2/org/apache/maven/maven-parent/22/maven-parent-22.pom (30 kB at 647 kB/s)
[51550704-72d0-4801-8957-d544fe3a2a28/Java 8 on ubuntu-latest]   | [INFO] Downloading from central: https://repo.maven.apache.org/maven2/org/apache/apache/11/apache-11.pom
[51550704-72d0-4801-8957-d544fe3a2a28/Java 8 on ubuntu-latest]   | [INFO] Downloaded from central: https://repo.maven.apache.org/maven2/org/apache/apache/11/apache-11.pom (15 kB at 449 kB/s)
[51550704-72d0-4801-8957-d544fe3a2a28/Java 8 on ubuntu-latest]   | [INFO] Downloading from central: https://repo.maven.apache.org/maven2/org/apache/maven/plugins/maven-resources-plugin/2.6/maven-resources-plugin-2.6.jar
[51550704-72d0-4801-8957-d544fe3a2a28/Java 8 on ubuntu-latest]   | [INFO] Downloaded from central: https://repo.maven.apache.org/maven2/org/apache/maven/plugins/maven-resources-plugin/2.6/maven-resources-plugin-2.6.jar (30 kB at 590 kB/s)
[51550704-72d0-4801-8957-d544fe3a2a28/Java 8 on ubuntu-latest]   | [INFO] Downloading from central: https://repo.maven.apache.org/maven2/org/apache/maven/plugins/maven-compiler-plugin/3.1/maven-compiler-plugin-3.1.pom
[51550704-72d0-4801-8957-d544fe3a2a28/Java 8 on ubuntu-latest]   | [INFO] Downloaded from central: https://repo.maven.apache.org/maven2/org/apache/maven/plugins/maven-compiler-plugin/3.1/maven-compiler-plugin-3.1.pom (10 kB at 37 kB/s)
[51550704-72d0-4801-8957-d544fe3a2a28/Java 8 on ubuntu-latest]   | [INFO] Downloading from central: https://repo.maven.apache.org/maven2/org/apache/maven/plugins/maven-plugins/24/maven-plugins-24.pom
[51550704-72d0-4801-8957-d544fe3a2a28/Java 8 on ubuntu-latest]   | [INFO] Downloaded from central: https://repo.maven.apache.org/maven2/org/apache/maven/plugins/maven-plugins/24/maven-plugins-24.pom (11 kB at 360 kB/s)
[51550704-72d0-4801-8957-d544fe3a2a28/Java 8 on ubuntu-latest]   | [INFO] Downloading from central: https://repo.maven.apache.org/maven2/org/apache/maven/maven-parent/23/maven-parent-23.pom
[51550704-72d0-4801-8957-d544fe3a2a28/Java 8 on ubuntu-latest]   | [INFO] Downloaded from central: https://repo.maven.apache.org/maven2/org/apache/maven/maven-parent/23/maven-parent-23.pom (33 kB at 724 kB/s)
[51550704-72d0-4801-8957-d544fe3a2a28/Java 8 on ubuntu-latest]   | [INFO] Downloading from central: https://repo.maven.apache.org/maven2/org/apache/apache/13/apache-13.pom
[51550704-72d0-4801-8957-d544fe3a2a28/Java 8 on ubuntu-latest]   | [INFO] Downloaded from central: https://repo.maven.apache.org/maven2/org/apache/apache/13/apache-13.pom (14 kB at 466 kB/s)
[51550704-72d0-4801-8957-d544fe3a2a28/Java 8 on ubuntu-latest]   | [INFO] Downloading from central: https://repo.maven.apache.org/maven2/org/apache/maven/plugins/maven-compiler-plugin/3.1/maven-compiler-plugin-3.1.jar
[51550704-72d0-4801-8957-d544fe3a2a28/Java 8 on ubuntu-latest]   | [INFO] Downloaded from central: https://repo.maven.apache.org/maven2/org/apache/maven/plugins/maven-compiler-plugin/3.1/maven-compiler-plugin-3.1.jar (43 kB at 511 kB/s)
[51550704-72d0-4801-8957-d544fe3a2a28/Java 8 on ubuntu-latest]   | [INFO] Downloading from central: https://repo.maven.apache.org/maven2/org/apache/maven/plugins/maven-surefire-plugin/2.12.4/maven-surefire-plugin-2.12.4.pom
[51550704-72d0-4801-8957-d544fe3a2a28/Java 8 on ubuntu-latest]   | [INFO] Downloaded from central: https://repo.maven.apache.org/maven2/org/apache/maven/plugins/maven-surefire-plugin/2.12.4/maven-surefire-plugin-2.12.4.pom (10 kB at 269 kB/s)
[51550704-72d0-4801-8957-d544fe3a2a28/Java 8 on ubuntu-latest]   | [INFO] Downloading from central: https://repo.maven.apache.org/maven2/org/apache/maven/surefire/surefire/2.12.4/surefire-2.12.4.pom
[51550704-72d0-4801-8957-d544fe3a2a28/Java 8 on ubuntu-latest]   | [INFO] Downloaded from central: https://repo.maven.apache.org/maven2/org/apache/maven/surefire/surefire/2.12.4/surefire-2.12.4.pom (14 kB at 690 kB/s)
[51550704-72d0-4801-8957-d544fe3a2a28/Java 8 on ubuntu-latest]   | [INFO] Downloading from central: https://repo.maven.apache.org/maven2/org/apache/maven/plugins/maven-surefire-plugin/2.12.4/maven-surefire-plugin-2.12.4.jar
[51550704-72d0-4801-8957-d544fe3a2a28/Java 8 on ubuntu-latest]   | [INFO] Downloaded from central: https://repo.maven.apache.org/maven2/org/apache/maven/plugins/maven-surefire-plugin/2.12.4/maven-surefire-plugin-2.12.4.jar (30 kB at 802 kB/s)
[51550704-72d0-4801-8957-d544fe3a2a28/Java 8 on ubuntu-latest]   | [INFO] Downloading from central: https://repo.maven.apache.org/maven2/org/apache/maven/plugins/maven-jar-plugin/2.4/maven-jar-plugin-2.4.pom
[51550704-72d0-4801-8957-d544fe3a2a28/Java 8 on ubuntu-latest]   | [INFO] Downloaded from central: https://repo.maven.apache.org/maven2/org/apache/maven/plugins/maven-jar-plugin/2.4/maven-jar-plugin-2.4.pom (5.8 kB at 417 kB/s)
[51550704-72d0-4801-8957-d544fe3a2a28/Java 8 on ubuntu-latest]   | [INFO] Downloading from central: https://repo.maven.apache.org/maven2/org/apache/maven/plugins/maven-jar-plugin/2.4/maven-jar-plugin-2.4.jar
[51550704-72d0-4801-8957-d544fe3a2a28/Java 8 on ubuntu-latest]   | [INFO] Downloaded from central: https://repo.maven.apache.org/maven2/org/apache/maven/plugins/maven-jar-plugin/2.4/maven-jar-plugin-2.4.jar (34 kB at 1.0 MB/s)
[51550704-72d0-4801-8957-d544fe3a2a28/Java 8 on ubuntu-latest]   | [INFO] Downloading from central: https://repo.maven.apache.org/maven2/com/google/guava/guava/15.0/guava-15.0.pom
[51550704-72d0-4801-8957-d544fe3a2a28/Java 8 on ubuntu-latest]   | [INFO] Downloaded from central: https://repo.maven.apache.org/maven2/com/google/guava/guava/15.0/guava-15.0.pom (6.3 kB at 313 kB/s)
[51550704-72d0-4801-8957-d544fe3a2a28/Java 8 on ubuntu-latest]   | [INFO] Downloading from central: https://repo.maven.apache.org/maven2/com/google/guava/guava-parent/15.0/guava-parent-15.0.pom
[51550704-72d0-4801-8957-d544fe3a2a28/Java 8 on ubuntu-latest]   | [INFO] Downloaded from central: https://repo.maven.apache.org/maven2/com/google/guava/guava-parent/15.0/guava-parent-15.0.pom (7.3 kB at 282 kB/s)
[51550704-72d0-4801-8957-d544fe3a2a28/Java 8 on ubuntu-latest]   | [INFO] Downloading from central: https://repo.maven.apache.org/maven2/org/sonatype/oss/oss-parent/7/oss-parent-7.pom
[51550704-72d0-4801-8957-d544fe3a2a28/Java 8 on ubuntu-latest]   | [INFO] Downloaded from central: https://repo.maven.apache.org/maven2/org/sonatype/oss/oss-parent/7/oss-parent-7.pom (4.8 kB at 345 kB/s)
[51550704-72d0-4801-8957-d544fe3a2a28/Java 8 on ubuntu-latest]   | [INFO] Downloading from central: https://repo.maven.apache.org/maven2/org/javassist/javassist/3.18.2-GA/javassist-3.18.2-GA.pom
[51550704-72d0-4801-8957-d544fe3a2a28/Java 8 on ubuntu-latest]   | [INFO] Downloaded from central: https://repo.maven.apache.org/maven2/org/javassist/javassist/3.18.2-GA/javassist-3.18.2-GA.pom (9.5 kB at 381 kB/s)
[51550704-72d0-4801-8957-d544fe3a2a28/Java 8 on ubuntu-latest]   | [INFO] Downloading from central: https://repo.maven.apache.org/maven2/com/google/code/findbugs/annotations/2.0.1/annotations-2.0.1.pom
[51550704-72d0-4801-8957-d544fe3a2a28/Java 8 on ubuntu-latest]   | [INFO] Downloaded from central: https://repo.maven.apache.org/maven2/com/google/code/findbugs/annotations/2.0.1/annotations-2.0.1.pom (764 B at 36 kB/s)
[51550704-72d0-4801-8957-d544fe3a2a28/Java 8 on ubuntu-latest]   | [INFO] Downloading from central: https://repo.maven.apache.org/maven2/org/slf4j/slf4j-api/1.6.1/slf4j-api-1.6.1.pom
[51550704-72d0-4801-8957-d544fe3a2a28/Java 8 on ubuntu-latest]   | [INFO] Downloaded from central: https://repo.maven.apache.org/maven2/org/slf4j/slf4j-api/1.6.1/slf4j-api-1.6.1.pom (3.0 kB at 136 kB/s)
[51550704-72d0-4801-8957-d544fe3a2a28/Java 8 on ubuntu-latest]   | [INFO] Downloading from central: https://repo.maven.apache.org/maven2/org/slf4j/slf4j-parent/1.6.1/slf4j-parent-1.6.1.pom
[51550704-72d0-4801-8957-d544fe3a2a28/Java 8 on ubuntu-latest]   | [INFO] Downloaded from central: https://repo.maven.apache.org/maven2/org/slf4j/slf4j-parent/1.6.1/slf4j-parent-1.6.1.pom (9.3 kB at 491 kB/s)
[51550704-72d0-4801-8957-d544fe3a2a28/Java 8 on ubuntu-latest]   | [INFO] Downloading from central: https://repo.maven.apache.org/maven2/dom4j/dom4j/1.6.1/dom4j-1.6.1.pom
[51550704-72d0-4801-8957-d544fe3a2a28/Java 8 on ubuntu-latest]   | [INFO] Downloaded from central: https://repo.maven.apache.org/maven2/dom4j/dom4j/1.6.1/dom4j-1.6.1.pom (6.8 kB at 251 kB/s)
[51550704-72d0-4801-8957-d544fe3a2a28/Java 8 on ubuntu-latest]   | [INFO] Downloading from central: https://repo.maven.apache.org/maven2/xml-apis/xml-apis/1.0.b2/xml-apis-1.0.b2.pom
[51550704-72d0-4801-8957-d544fe3a2a28/Java 8 on ubuntu-latest]   | [INFO] Downloaded from central: https://repo.maven.apache.org/maven2/xml-apis/xml-apis/1.0.b2/xml-apis-1.0.b2.pom (2.2 kB at 94 kB/s)
[51550704-72d0-4801-8957-d544fe3a2a28/Java 8 on ubuntu-latest]   | [INFO] Downloading from central: https://repo.maven.apache.org/maven2/com/google/code/gson/gson/1.4/gson-1.4.pom
[51550704-72d0-4801-8957-d544fe3a2a28/Java 8 on ubuntu-latest]   | [INFO] Downloaded from central: https://repo.maven.apache.org/maven2/com/google/code/gson/gson/1.4/gson-1.4.pom (8.1 kB at 813 kB/s)
[51550704-72d0-4801-8957-d544fe3a2a28/Java 8 on ubuntu-latest]   | [INFO] Downloading from central: https://repo.maven.apache.org/maven2/javax/servlet/servlet-api/2.5/servlet-api-2.5.pom
[51550704-72d0-4801-8957-d544fe3a2a28/Java 8 on ubuntu-latest]   | [INFO] Downloaded from central: https://repo.maven.apache.org/maven2/javax/servlet/servlet-api/2.5/servlet-api-2.5.pom (157 B at 13 kB/s)
[51550704-72d0-4801-8957-d544fe3a2a28/Java 8 on ubuntu-latest]   | [INFO] Downloading from central: https://repo.maven.apache.org/maven2/org/slf4j/slf4j-simple/1.6.1/slf4j-simple-1.6.1.pom
[51550704-72d0-4801-8957-d544fe3a2a28/Java 8 on ubuntu-latest]   | [INFO] Downloaded from central: https://repo.maven.apache.org/maven2/org/slf4j/slf4j-simple/1.6.1/slf4j-simple-1.6.1.pom (1.5 kB at 67 kB/s)
[51550704-72d0-4801-8957-d544fe3a2a28/Java 8 on ubuntu-latest]   | [INFO] Downloading from central: https://repo.maven.apache.org/maven2/junit/junit/4.5/junit-4.5.pom
[51550704-72d0-4801-8957-d544fe3a2a28/Java 8 on ubuntu-latest]   | [INFO] Downloaded from central: https://repo.maven.apache.org/maven2/junit/junit/4.5/junit-4.5.pom (1.2 kB at 53 kB/s)
[51550704-72d0-4801-8957-d544fe3a2a28/Java 8 on ubuntu-latest]   | [INFO] Downloading from central: https://repo.maven.apache.org/maven2/org/apache/commons/commons-vfs2/2.0/commons-vfs2-2.0.pom
[51550704-72d0-4801-8957-d544fe3a2a28/Java 8 on ubuntu-latest]   | [INFO] Downloaded from central: https://repo.maven.apache.org/maven2/org/apache/commons/commons-vfs2/2.0/commons-vfs2-2.0.pom (8.6 kB at 309 kB/s)
[51550704-72d0-4801-8957-d544fe3a2a28/Java 8 on ubuntu-latest]   | [INFO] Downloading from central: https://repo.maven.apache.org/maven2/org/apache/commons/commons-vfs2-project/2.0/commons-vfs2-project-2.0.pom
[51550704-72d0-4801-8957-d544fe3a2a28/Java 8 on ubuntu-latest]   | [INFO] Downloaded from central: https://repo.maven.apache.org/maven2/org/apache/commons/commons-vfs2-project/2.0/commons-vfs2-project-2.0.pom (16 kB at 676 kB/s)
[51550704-72d0-4801-8957-d544fe3a2a28/Java 8 on ubuntu-latest]   | [INFO] Downloading from central: https://repo.maven.apache.org/maven2/org/apache/commons/commons-parent/21/commons-parent-21.pom
[51550704-72d0-4801-8957-d544fe3a2a28/Java 8 on ubuntu-latest]   | [INFO] Downloaded from central: https://repo.maven.apache.org/maven2/org/apache/commons/commons-parent/21/commons-parent-21.pom (34 kB at 971 kB/s)
[51550704-72d0-4801-8957-d544fe3a2a28/Java 8 on ubuntu-latest]   | [INFO] Downloading from central: https://repo.maven.apache.org/maven2/org/apache/apache/9/apache-9.pom
[51550704-72d0-4801-8957-d544fe3a2a28/Java 8 on ubuntu-latest]   | [INFO] Downloaded from central: https://repo.maven.apache.org/maven2/org/apache/apache/9/apache-9.pom (15 kB at 379 kB/s)
[51550704-72d0-4801-8957-d544fe3a2a28/Java 8 on ubuntu-latest]   | [INFO] Downloading from central: https://repo.maven.apache.org/maven2/commons-logging/commons-logging/1.1.1/commons-logging-1.1.1.pom
[51550704-72d0-4801-8957-d544fe3a2a28/Java 8 on ubuntu-latest]   | [INFO] Downloaded from central: https://repo.maven.apache.org/maven2/commons-logging/commons-logging/1.1.1/commons-logging-1.1.1.pom (18 kB at 1.1 MB/s)
[51550704-72d0-4801-8957-d544fe3a2a28/Java 8 on ubuntu-latest]   | [INFO] Downloading from central: https://repo.maven.apache.org/maven2/org/apache/commons/commons-parent/5/commons-parent-5.pom
[51550704-72d0-4801-8957-d544fe3a2a28/Java 8 on ubuntu-latest]   | [INFO] Downloaded from central: https://repo.maven.apache.org/maven2/org/apache/commons/commons-parent/5/commons-parent-5.pom (16 kB at 594 kB/s)
[51550704-72d0-4801-8957-d544fe3a2a28/Java 8 on ubuntu-latest]   | [INFO] Downloading from central: https://repo.maven.apache.org/maven2/org/apache/apache/4/apache-4.pom
[51550704-72d0-4801-8957-d544fe3a2a28/Java 8 on ubuntu-latest]   | [INFO] Downloaded from central: https://repo.maven.apache.org/maven2/org/apache/apache/4/apache-4.pom (4.5 kB at 166 kB/s)
[51550704-72d0-4801-8957-d544fe3a2a28/Java 8 on ubuntu-latest]   | [INFO] Downloading from central: https://repo.maven.apache.org/maven2/org/apache/maven/scm/maven-scm-api/1.4/maven-scm-api-1.4.pom
[51550704-72d0-4801-8957-d544fe3a2a28/Java 8 on ubuntu-latest]   | [INFO] Downloaded from central: https://repo.maven.apache.org/maven2/org/apache/maven/scm/maven-scm-api/1.4/maven-scm-api-1.4.pom (1.6 kB at 56 kB/s)
[51550704-72d0-4801-8957-d544fe3a2a28/Java 8 on ubuntu-latest]   | [INFO] Downloading from central: https://repo.maven.apache.org/maven2/org/apache/maven/scm/maven-scm/1.4/maven-scm-1.4.pom
[51550704-72d0-4801-8957-d544fe3a2a28/Java 8 on ubuntu-latest]   | [INFO] Downloaded from central: https://repo.maven.apache.org/maven2/org/apache/maven/scm/maven-scm/1.4/maven-scm-1.4.pom (14 kB at 729 kB/s)
[51550704-72d0-4801-8957-d544fe3a2a28/Java 8 on ubuntu-latest]   | [INFO] Downloading from central: https://repo.maven.apache.org/maven2/org/apache/maven/maven-parent/16/maven-parent-16.pom
[51550704-72d0-4801-8957-d544fe3a2a28/Java 8 on ubuntu-latest]   | [INFO] Downloaded from central: https://repo.maven.apache.org/maven2/org/apache/maven/maven-parent/16/maven-parent-16.pom (23 kB at 646 kB/s)
[51550704-72d0-4801-8957-d544fe3a2a28/Java 8 on ubuntu-latest]   | [INFO] Downloading from central: https://repo.maven.apache.org/maven2/org/apache/apache/7/apache-7.pom
[51550704-72d0-4801-8957-d544fe3a2a28/Java 8 on ubuntu-latest]   | [INFO] Downloaded from central: https://repo.maven.apache.org/maven2/org/apache/apache/7/apache-7.pom (14 kB at 498 kB/s)
[51550704-72d0-4801-8957-d544fe3a2a28/Java 8 on ubuntu-latest]   | [INFO] Downloading from central: https://repo.maven.apache.org/maven2/org/codehaus/plexus/plexus-utils/1.5.6/plexus-utils-1.5.6.pom
[51550704-72d0-4801-8957-d544fe3a2a28/Java 8 on ubuntu-latest]   | [INFO] Downloaded from central: https://repo.maven.apache.org/maven2/org/codehaus/plexus/plexus-utils/1.5.6/plexus-utils-1.5.6.pom (5.3 kB at 331 kB/s)
[51550704-72d0-4801-8957-d544fe3a2a28/Java 8 on ubuntu-latest]   | [INFO] Downloading from central: https://repo.maven.apache.org/maven2/org/codehaus/plexus/plexus/1.0.12/plexus-1.0.12.pom
[51550704-72d0-4801-8957-d544fe3a2a28/Java 8 on ubuntu-latest]   | [INFO] Downloaded from central: https://repo.maven.apache.org/maven2/org/codehaus/plexus/plexus/1.0.12/plexus-1.0.12.pom (9.8 kB at 297 kB/s)
[51550704-72d0-4801-8957-d544fe3a2a28/Java 8 on ubuntu-latest]   | [INFO] Downloading from central: https://repo.maven.apache.org/maven2/org/apache/maven/scm/maven-scm-provider-svnexe/1.4/maven-scm-provider-svnexe-1.4.pom
[51550704-72d0-4801-8957-d544fe3a2a28/Java 8 on ubuntu-latest]   | [INFO] Downloaded from central: https://repo.maven.apache.org/maven2/org/apache/maven/scm/maven-scm-provider-svnexe/1.4/maven-scm-provider-svnexe-1.4.pom (2.4 kB at 133 kB/s)
[51550704-72d0-4801-8957-d544fe3a2a28/Java 8 on ubuntu-latest]   | [INFO] Downloading from central: https://repo.maven.apache.org/maven2/org/apache/maven/scm/maven-scm-providers-svn/1.4/maven-scm-providers-svn-1.4.pom
[51550704-72d0-4801-8957-d544fe3a2a28/Java 8 on ubuntu-latest]   | [INFO] Downloaded from central: https://repo.maven.apache.org/maven2/org/apache/maven/scm/maven-scm-providers-svn/1.4/maven-scm-providers-svn-1.4.pom (2.1 kB at 56 kB/s)
[51550704-72d0-4801-8957-d544fe3a2a28/Java 8 on ubuntu-latest]   | [INFO] Downloading from central: https://repo.maven.apache.org/maven2/org/apache/maven/scm/maven-scm-providers/1.4/maven-scm-providers-1.4.pom
[51550704-72d0-4801-8957-d544fe3a2a28/Java 8 on ubuntu-latest]   | [INFO] Downloaded from central: https://repo.maven.apache.org/maven2/org/apache/maven/scm/maven-scm-providers/1.4/maven-scm-providers-1.4.pom (3.6 kB at 260 kB/s)
[51550704-72d0-4801-8957-d544fe3a2a28/Java 8 on ubuntu-latest]   | [INFO] Downloading from central: https://repo.maven.apache.org/maven2/org/apache/maven/scm/maven-scm-provider-svn-commons/1.4/maven-scm-provider-svn-commons-1.4.pom
[51550704-72d0-4801-8957-d544fe3a2a28/Java 8 on ubuntu-latest]   | [INFO] Downloaded from central: https://repo.maven.apache.org/maven2/org/apache/maven/scm/maven-scm-provider-svn-commons/1.4/maven-scm-provider-svn-commons-1.4.pom (2.1 kB at 61 kB/s)
[51550704-72d0-4801-8957-d544fe3a2a28/Java 8 on ubuntu-latest]   | [INFO] Downloading from central: https://repo.maven.apache.org/maven2/regexp/regexp/1.3/regexp-1.3.pom
[51550704-72d0-4801-8957-d544fe3a2a28/Java 8 on ubuntu-latest]   | [INFO] Downloaded from central: https://repo.maven.apache.org/maven2/regexp/regexp/1.3/regexp-1.3.pom (145 B at 7.2 kB/s)
[51550704-72d0-4801-8957-d544fe3a2a28/Java 8 on ubuntu-latest]   | [INFO] Downloading from central: https://repo.maven.apache.org/maven2/com/google/guava/guava/15.0/guava-15.0.jar
[51550704-72d0-4801-8957-d544fe3a2a28/Java 8 on ubuntu-latest]   | [INFO] Downloading from central: https://repo.maven.apache.org/maven2/org/javassist/javassist/3.18.2-GA/javassist-3.18.2-GA.jar
[51550704-72d0-4801-8957-d544fe3a2a28/Java 8 on ubuntu-latest]   | [INFO] Downloading from central: https://repo.maven.apache.org/maven2/com/google/code/findbugs/annotations/2.0.1/annotations-2.0.1.jar
[51550704-72d0-4801-8957-d544fe3a2a28/Java 8 on ubuntu-latest]   | [INFO] Downloading from central: https://repo.maven.apache.org/maven2/org/slf4j/slf4j-api/1.6.1/slf4j-api-1.6.1.jar
[51550704-72d0-4801-8957-d544fe3a2a28/Java 8 on ubuntu-latest]   | [INFO] Downloading from central: https://repo.maven.apache.org/maven2/dom4j/dom4j/1.6.1/dom4j-1.6.1.jar
[51550704-72d0-4801-8957-d544fe3a2a28/Java 8 on ubuntu-latest]   | [INFO] Downloaded from central: https://repo.maven.apache.org/maven2/com/google/code/findbugs/annotations/2.0.1/annotations-2.0.1.jar (75 kB at 909 kB/s)
[51550704-72d0-4801-8957-d544fe3a2a28/Java 8 on ubuntu-latest]   | [INFO] Downloading from central: https://repo.maven.apache.org/maven2/xml-apis/xml-apis/1.0.b2/xml-apis-1.0.b2.jar
[51550704-72d0-4801-8957-d544fe3a2a28/Java 8 on ubuntu-latest]   | [INFO] Downloaded from central: https://repo.maven.apache.org/maven2/org/slf4j/slf4j-api/1.6.1/slf4j-api-1.6.1.jar (25 kB at 218 kB/s)
[51550704-72d0-4801-8957-d544fe3a2a28/Java 8 on ubuntu-latest]   | [INFO] Downloading from central: https://repo.maven.apache.org/maven2/com/google/code/gson/gson/1.4/gson-1.4.jar
[51550704-72d0-4801-8957-d544fe3a2a28/Java 8 on ubuntu-latest]   | [INFO] Downloaded from central: https://repo.maven.apache.org/maven2/xml-apis/xml-apis/1.0.b2/xml-apis-1.0.b2.jar (109 kB at 804 kB/s)
[51550704-72d0-4801-8957-d544fe3a2a28/Java 8 on ubuntu-latest]   | [INFO] Downloading from central: https://repo.maven.apache.org/maven2/javax/servlet/servlet-api/2.5/servlet-api-2.5.jar
[51550704-72d0-4801-8957-d544fe3a2a28/Java 8 on ubuntu-latest]   | [INFO] Downloaded from central: https://repo.maven.apache.org/maven2/dom4j/dom4j/1.6.1/dom4j-1.6.1.jar (314 kB at 2.2 MB/s)
[51550704-72d0-4801-8957-d544fe3a2a28/Java 8 on ubuntu-latest]   | [INFO] Downloading from central: https://repo.maven.apache.org/maven2/org/slf4j/slf4j-simple/1.6.1/slf4j-simple-1.6.1.jar
[51550704-72d0-4801-8957-d544fe3a2a28/Java 8 on ubuntu-latest]   | [INFO] Downloaded from central: https://repo.maven.apache.org/maven2/org/slf4j/slf4j-simple/1.6.1/slf4j-simple-1.6.1.jar (7.7 kB at 68 kB/s)
[51550704-72d0-4801-8957-d544fe3a2a28/Java 8 on ubuntu-latest]   | [INFO] Downloading from central: https://repo.maven.apache.org/maven2/junit/junit/4.5/junit-4.5.jar
[51550704-72d0-4801-8957-d544fe3a2a28/Java 8 on ubuntu-latest]   | [INFO] Downloaded from central: https://repo.maven.apache.org/maven2/javax/servlet/servlet-api/2.5/servlet-api-2.5.jar (105 kB at 594 kB/s)
[51550704-72d0-4801-8957-d544fe3a2a28/Java 8 on ubuntu-latest]   | [INFO] Downloading from central: https://repo.maven.apache.org/maven2/org/apache/commons/commons-vfs2/2.0/commons-vfs2-2.0.jar
[51550704-72d0-4801-8957-d544fe3a2a28/Java 8 on ubuntu-latest]   | [INFO] Downloaded from central: https://repo.maven.apache.org/maven2/org/javassist/javassist/3.18.2-GA/javassist-3.18.2-GA.jar (715 kB at 3.7 MB/s)
[51550704-72d0-4801-8957-d544fe3a2a28/Java 8 on ubuntu-latest]   | [INFO] Downloading from central: https://repo.maven.apache.org/maven2/commons-logging/commons-logging/1.1.1/commons-logging-1.1.1.jar
[51550704-72d0-4801-8957-d544fe3a2a28/Java 8 on ubuntu-latest]   | [INFO] Downloaded from central: https://repo.maven.apache.org/maven2/com/google/code/gson/gson/1.4/gson-1.4.jar (166 kB at 824 kB/s)
[51550704-72d0-4801-8957-d544fe3a2a28/Java 8 on ubuntu-latest]   | [INFO] Downloading from central: https://repo.maven.apache.org/maven2/org/apache/maven/scm/maven-scm-api/1.4/maven-scm-api-1.4.jar
[51550704-72d0-4801-8957-d544fe3a2a28/Java 8 on ubuntu-latest]   | [INFO] Downloaded from central: https://repo.maven.apache.org/maven2/commons-logging/commons-logging/1.1.1/commons-logging-1.1.1.jar (61 kB at 357 kB/s)
[51550704-72d0-4801-8957-d544fe3a2a28/Java 8 on ubuntu-latest]   | [INFO] Downloading from central: https://repo.maven.apache.org/maven2/org/codehaus/plexus/plexus-utils/1.5.6/plexus-utils-1.5.6.jar
[51550704-72d0-4801-8957-d544fe3a2a28/Java 8 on ubuntu-latest]   | [INFO] Downloaded from central: https://repo.maven.apache.org/maven2/org/apache/maven/scm/maven-scm-api/1.4/maven-scm-api-1.4.jar (94 kB at 546 kB/s)
[51550704-72d0-4801-8957-d544fe3a2a28/Java 8 on ubuntu-latest]   | [INFO] Downloading from central: https://repo.maven.apache.org/maven2/org/apache/maven/scm/maven-scm-provider-svnexe/1.4/maven-scm-provider-svnexe-1.4.jar
[51550704-72d0-4801-8957-d544fe3a2a28/Java 8 on ubuntu-latest]   | [INFO] Downloaded from central: https://repo.maven.apache.org/maven2/junit/junit/4.5/junit-4.5.jar (199 kB at 1.1 MB/s)
[51550704-72d0-4801-8957-d544fe3a2a28/Java 8 on ubuntu-latest]   | [INFO] Downloading from central: https://repo.maven.apache.org/maven2/org/apache/maven/scm/maven-scm-provider-svn-commons/1.4/maven-scm-provider-svn-commons-1.4.jar
[51550704-72d0-4801-8957-d544fe3a2a28/Java 8 on ubuntu-latest]   | [INFO] Downloaded from central: https://repo.maven.apache.org/maven2/org/codehaus/plexus/plexus-utils/1.5.6/plexus-utils-1.5.6.jar (251 kB at 1.2 MB/s)
[51550704-72d0-4801-8957-d544fe3a2a28/Java 8 on ubuntu-latest]   | [INFO] Downloading from central: https://repo.maven.apache.org/maven2/regexp/regexp/1.3/regexp-1.3.jar
[51550704-72d0-4801-8957-d544fe3a2a28/Java 8 on ubuntu-latest]   | [INFO] Downloaded from central: https://repo.maven.apache.org/maven2/org/apache/maven/scm/maven-scm-provider-svnexe/1.4/maven-scm-provider-svnexe-1.4.jar (70 kB at 282 kB/s)
[51550704-72d0-4801-8957-d544fe3a2a28/Java 8 on ubuntu-latest]   | [INFO] Downloaded from central: https://repo.maven.apache.org/maven2/org/apache/commons/commons-vfs2/2.0/commons-vfs2-2.0.jar (416 kB at 1.7 MB/s)
[51550704-72d0-4801-8957-d544fe3a2a28/Java 8 on ubuntu-latest]   | [INFO] Downloaded from central: https://repo.maven.apache.org/maven2/org/apache/maven/scm/maven-scm-provider-svn-commons/1.4/maven-scm-provider-svn-commons-1.4.jar (40 kB at 156 kB/s)
[51550704-72d0-4801-8957-d544fe3a2a28/Java 8 on ubuntu-latest]   | [INFO] Downloaded from central: https://repo.maven.apache.org/maven2/regexp/regexp/1.3/regexp-1.3.jar (25 kB at 90 kB/s)
[51550704-72d0-4801-8957-d544fe3a2a28/Java 8 on ubuntu-latest]   | [INFO] Downloaded from central: https://repo.maven.apache.org/maven2/com/google/guava/guava/15.0/guava-15.0.jar (2.2 MB at 570 kB/s)
[51550704-72d0-4801-8957-d544fe3a2a28/Java 8 on ubuntu-latest]   | [INFO] 
[51550704-72d0-4801-8957-d544fe3a2a28/Java 8 on ubuntu-latest]   | [INFO] --- maven-clean-plugin:2.5:clean (default-clean) @ reflections ---
[51550704-72d0-4801-8957-d544fe3a2a28/Java 8 on ubuntu-latest]   | [INFO] Downloading from central: https://repo.maven.apache.org/maven2/org/apache/maven/maven-plugin-api/2.0.6/maven-plugin-api-2.0.6.pom
[51550704-72d0-4801-8957-d544fe3a2a28/Java 8 on ubuntu-latest]   | [INFO] Downloaded from central: https://repo.maven.apache.org/maven2/org/apache/maven/maven-plugin-api/2.0.6/maven-plugin-api-2.0.6.pom (1.5 kB at 32 kB/s)
[51550704-72d0-4801-8957-d544fe3a2a28/Java 8 on ubuntu-latest]   | [INFO] Downloading from central: https://repo.maven.apache.org/maven2/org/apache/maven/maven/2.0.6/maven-2.0.6.pom
[51550704-72d0-4801-8957-d544fe3a2a28/Java 8 on ubuntu-latest]   | [INFO] Downloaded from central: https://repo.maven.apache.org/maven2/org/apache/maven/maven/2.0.6/maven-2.0.6.pom (9.0 kB at 84 kB/s)
[51550704-72d0-4801-8957-d544fe3a2a28/Java 8 on ubuntu-latest]   | [INFO] Downloading from central: https://repo.maven.apache.org/maven2/org/apache/maven/maven-parent/5/maven-parent-5.pom
[51550704-72d0-4801-8957-d544fe3a2a28/Java 8 on ubuntu-latest]   | [INFO] Downloaded from central: https://repo.maven.apache.org/maven2/org/apache/maven/maven-parent/5/maven-parent-5.pom (15 kB at 212 kB/s)
[51550704-72d0-4801-8957-d544fe3a2a28/Java 8 on ubuntu-latest]   | [INFO] Downloading from central: https://repo.maven.apache.org/maven2/org/apache/apache/3/apache-3.pom
[51550704-72d0-4801-8957-d544fe3a2a28/Java 8 on ubuntu-latest]   | [INFO] Downloaded from central: https://repo.maven.apache.org/maven2/org/apache/apache/3/apache-3.pom (3.4 kB at 93 kB/s)
[51550704-72d0-4801-8957-d544fe3a2a28/Java 8 on ubuntu-latest]   | [INFO] Downloading from central: https://repo.maven.apache.org/maven2/org/codehaus/plexus/plexus-utils/3.0/plexus-utils-3.0.pom
[51550704-72d0-4801-8957-d544fe3a2a28/Java 8 on ubuntu-latest]   | [INFO] Downloaded from central: https://repo.maven.apache.org/maven2/org/codehaus/plexus/plexus-utils/3.0/plexus-utils-3.0.pom (4.1 kB at 55 kB/s)
[51550704-72d0-4801-8957-d544fe3a2a28/Java 8 on ubuntu-latest]   | [INFO] Downloading from central: https://repo.maven.apache.org/maven2/org/sonatype/spice/spice-parent/16/spice-parent-16.pom
[51550704-72d0-4801-8957-d544fe3a2a28/Java 8 on ubuntu-latest]   | [INFO] Downloaded from central: https://repo.maven.apache.org/maven2/org/sonatype/spice/spice-parent/16/spice-parent-16.pom (8.4 kB at 182 kB/s)
[51550704-72d0-4801-8957-d544fe3a2a28/Java 8 on ubuntu-latest]   | [INFO] Downloading from central: https://repo.maven.apache.org/maven2/org/sonatype/forge/forge-parent/5/forge-parent-5.pom
[51550704-72d0-4801-8957-d544fe3a2a28/Java 8 on ubuntu-latest]   | [INFO] Downloaded from central: https://repo.maven.apache.org/maven2/org/sonatype/forge/forge-parent/5/forge-parent-5.pom (8.4 kB at 30 kB/s)
[51550704-72d0-4801-8957-d544fe3a2a28/Java 8 on ubuntu-latest]   | [INFO] Downloading from central: https://repo.maven.apache.org/maven2/org/apache/maven/maven-plugin-api/2.0.6/maven-plugin-api-2.0.6.jar
[51550704-72d0-4801-8957-d544fe3a2a28/Java 8 on ubuntu-latest]   | [INFO] Downloading from central: https://repo.maven.apache.org/maven2/org/codehaus/plexus/plexus-utils/3.0/plexus-utils-3.0.jar
[51550704-72d0-4801-8957-d544fe3a2a28/Java 8 on ubuntu-latest]   | [INFO] Downloaded from central: https://repo.maven.apache.org/maven2/org/apache/maven/maven-plugin-api/2.0.6/maven-plugin-api-2.0.6.jar (13 kB at 47 kB/s)
[51550704-72d0-4801-8957-d544fe3a2a28/Java 8 on ubuntu-latest]   | [INFO] Downloaded from central: https://repo.maven.apache.org/maven2/org/codehaus/plexus/plexus-utils/3.0/plexus-utils-3.0.jar (226 kB at 424 kB/s)
[51550704-72d0-4801-8957-d544fe3a2a28/Java 8 on ubuntu-latest]   | [INFO] Deleting /tmp/f87c1611-0dfc-4db3-a56c-d3eb92cc42f4/target
[51550704-72d0-4801-8957-d544fe3a2a28/Java 8 on ubuntu-latest]   | [INFO] 
[51550704-72d0-4801-8957-d544fe3a2a28/Java 8 on ubuntu-latest]   | [INFO] --- maven-resources-plugin:2.6:resources (default-resources) @ reflections ---
[51550704-72d0-4801-8957-d544fe3a2a28/Java 8 on ubuntu-latest]   | [INFO] Downloading from central: https://repo.maven.apache.org/maven2/org/apache/maven/maven-project/2.0.6/maven-project-2.0.6.pom
[51550704-72d0-4801-8957-d544fe3a2a28/Java 8 on ubuntu-latest]   | [INFO] Downloaded from central: https://repo.maven.apache.org/maven2/org/apache/maven/maven-project/2.0.6/maven-project-2.0.6.pom (2.6 kB at 41 kB/s)
[51550704-72d0-4801-8957-d544fe3a2a28/Java 8 on ubuntu-latest]   | [INFO] Downloading from central: https://repo.maven.apache.org/maven2/org/apache/maven/maven-settings/2.0.6/maven-settings-2.0.6.pom
[51550704-72d0-4801-8957-d544fe3a2a28/Java 8 on ubuntu-latest]   | [INFO] Downloaded from central: https://repo.maven.apache.org/maven2/org/apache/maven/maven-settings/2.0.6/maven-settings-2.0.6.pom (2.0 kB at 38 kB/s)
[51550704-72d0-4801-8957-d544fe3a2a28/Java 8 on ubuntu-latest]   | [INFO] Downloading from central: https://repo.maven.apache.org/maven2/org/apache/maven/maven-model/2.0.6/maven-model-2.0.6.pom
[51550704-72d0-4801-8957-d544fe3a2a28/Java 8 on ubuntu-latest]   | [INFO] Downloaded from central: https://repo.maven.apache.org/maven2/org/apache/maven/maven-model/2.0.6/maven-model-2.0.6.pom (3.0 kB at 35 kB/s)
[51550704-72d0-4801-8957-d544fe3a2a28/Java 8 on ubuntu-latest]   | [INFO] Downloading from central: https://repo.maven.apache.org/maven2/org/codehaus/plexus/plexus-utils/1.4.1/plexus-utils-1.4.1.pom
[51550704-72d0-4801-8957-d544fe3a2a28/Java 8 on ubuntu-latest]   | [INFO] Downloaded from central: https://repo.maven.apache.org/maven2/org/codehaus/plexus/plexus-utils/1.4.1/plexus-utils-1.4.1.pom (1.9 kB at 6.6 kB/s)
[51550704-72d0-4801-8957-d544fe3a2a28/Java 8 on ubuntu-latest]   | [INFO] Downloading from central: https://repo.maven.apache.org/maven2/org/codehaus/plexus/plexus/1.0.11/plexus-1.0.11.pom
[51550704-72d0-4801-8957-d544fe3a2a28/Java 8 on ubuntu-latest]   | [INFO] Downloaded from central: https://repo.maven.apache.org/maven2/org/codehaus/plexus/plexus/1.0.11/plexus-1.0.11.pom (9.0 kB at 125 kB/s)
[51550704-72d0-4801-8957-d544fe3a2a28/Java 8 on ubuntu-latest]   | [INFO] Downloading from central: https://repo.maven.apache.org/maven2/org/codehaus/plexus/plexus-container-default/1.0-alpha-9-stable-1/plexus-container-default-1.0-alpha-9-stable-1.pom
[51550704-72d0-4801-8957-d544fe3a2a28/Java 8 on ubuntu-latest]   | [INFO] Downloaded from central: https://repo.maven.apache.org/maven2/org/codehaus/plexus/plexus-container-default/1.0-alpha-9-stable-1/plexus-container-default-1.0-alpha-9-stable-1.pom (3.9 kB at 96 kB/s)
[51550704-72d0-4801-8957-d544fe3a2a28/Java 8 on ubuntu-latest]   | [INFO] Downloading from central: https://repo.maven.apache.org/maven2/org/codehaus/plexus/plexus-containers/1.0.3/plexus-containers-1.0.3.pom
[51550704-72d0-4801-8957-d544fe3a2a28/Java 8 on ubuntu-latest]   | [INFO] Downloaded from central: https://repo.maven.apache.org/maven2/org/codehaus/plexus/plexus-containers/1.0.3/plexus-containers-1.0.3.pom (492 B at 18 kB/s)
[51550704-72d0-4801-8957-d544fe3a2a28/Java 8 on ubuntu-latest]   | [INFO] Downloading from central: https://repo.maven.apache.org/maven2/org/codehaus/plexus/plexus/1.0.4/plexus-1.0.4.pom
[51550704-72d0-4801-8957-d544fe3a2a28/Java 8 on ubuntu-latest]   | [INFO] Downloaded from central: https://repo.maven.apache.org/maven2/org/codehaus/plexus/plexus/1.0.4/plexus-1.0.4.pom (5.7 kB at 174 kB/s)
[51550704-72d0-4801-8957-d544fe3a2a28/Java 8 on ubuntu-latest]   | [INFO] Downloading from central: https://repo.maven.apache.org/maven2/junit/junit/3.8.1/junit-3.8.1.pom
[51550704-72d0-4801-8957-d544fe3a2a28/Java 8 on ubuntu-latest]   | [INFO] Downloaded from central: https://repo.maven.apache.org/maven2/junit/junit/3.8.1/junit-3.8.1.pom (998 B at 17 kB/s)
[51550704-72d0-4801-8957-d544fe3a2a28/Java 8 on ubuntu-latest]   | [INFO] Downloading from central: https://repo.maven.apache.org/maven2/org/codehaus/plexus/plexus-utils/1.0.4/plexus-utils-1.0.4.pom
[51550704-72d0-4801-8957-d544fe3a2a28/Java 8 on ubuntu-latest]   | [INFO] Downloaded from central: https://repo.maven.apache.org/maven2/org/codehaus/plexus/plexus-utils/1.0.4/plexus-utils-1.0.4.pom (6.9 kB at 19 kB/s)
[51550704-72d0-4801-8957-d544fe3a2a28/Java 8 on ubuntu-latest]   | [INFO] Downloading from central: https://repo.maven.apache.org/maven2/classworlds/classworlds/1.1-alpha-2/classworlds-1.1-alpha-2.pom
[51550704-72d0-4801-8957-d544fe3a2a28/Java 8 on ubuntu-latest]   | [INFO] Downloaded from central: https://repo.maven.apache.org/maven2/classworlds/classworlds/1.1-alpha-2/classworlds-1.1-alpha-2.pom (3.1 kB at 35 kB/s)
[51550704-72d0-4801-8957-d544fe3a2a28/Java 8 on ubuntu-latest]   | [INFO] Downloading from central: https://repo.maven.apache.org/maven2/org/apache/maven/maven-profile/2.0.6/maven-profile-2.0.6.pom
[51550704-72d0-4801-8957-d544fe3a2a28/Java 8 on ubuntu-latest]   | [INFO] Downloaded from central: https://repo.maven.apache.org/maven2/org/apache/maven/maven-profile/2.0.6/maven-profile-2.0.6.pom (2.0 kB at 57 kB/s)
[51550704-72d0-4801-8957-d544fe3a2a28/Java 8 on ubuntu-latest]   | [INFO] Downloading from central: https://repo.maven.apache.org/maven2/org/apache/maven/maven-artifact-manager/2.0.6/maven-artifact-manager-2.0.6.pom
[51550704-72d0-4801-8957-d544fe3a2a28/Java 8 on ubuntu-latest]   | [INFO] Downloaded from central: https://repo.maven.apache.org/maven2/org/apache/maven/maven-artifact-manager/2.0.6/maven-artifact-manager-2.0.6.pom (2.6 kB at 51 kB/s)
[51550704-72d0-4801-8957-d544fe3a2a28/Java 8 on ubuntu-latest]   | [INFO] Downloading from central: https://repo.maven.apache.org/maven2/org/apache/maven/maven-repository-metadata/2.0.6/maven-repository-metadata-2.0.6.pom
[51550704-72d0-4801-8957-d544fe3a2a28/Java 8 on ubuntu-latest]   | [INFO] Downloaded from central: https://repo.maven.apache.org/maven2/org/apache/maven/maven-repository-metadata/2.0.6/maven-repository-metadata-2.0.6.pom (1.9 kB at 60 kB/s)
[51550704-72d0-4801-8957-d544fe3a2a28/Java 8 on ubuntu-latest]   | [INFO] Downloading from central: https://repo.maven.apache.org/maven2/org/apache/maven/maven-artifact/2.0.6/maven-artifact-2.0.6.pom
[51550704-72d0-4801-8957-d544fe3a2a28/Java 8 on ubuntu-latest]   | [INFO] Downloaded from central: https://repo.maven.apache.org/maven2/org/apache/maven/maven-artifact/2.0.6/maven-artifact-2.0.6.pom (1.6 kB at 44 kB/s)
[51550704-72d0-4801-8957-d544fe3a2a28/Java 8 on ubuntu-latest]   | [INFO] Downloading from central: https://repo.maven.apache.org/maven2/org/apache/maven/maven-plugin-registry/2.0.6/maven-plugin-registry-2.0.6.pom
[51550704-72d0-4801-8957-d544fe3a2a28/Java 8 on ubuntu-latest]   | [INFO] Downloaded from central: https://repo.maven.apache.org/maven2/org/apache/maven/maven-plugin-registry/2.0.6/maven-plugin-registry-2.0.6.pom (1.9 kB at 6.7 kB/s)
[51550704-72d0-4801-8957-d544fe3a2a28/Java 8 on ubuntu-latest]   | [INFO] Downloading from central: https://repo.maven.apache.org/maven2/org/apache/maven/maven-core/2.0.6/maven-core-2.0.6.pom
[51550704-72d0-4801-8957-d544fe3a2a28/Java 8 on ubuntu-latest]   | [INFO] Downloaded from central: https://repo.maven.apache.org/maven2/org/apache/maven/maven-core/2.0.6/maven-core-2.0.6.pom (6.7 kB at 96 kB/s)
[51550704-72d0-4801-8957-d544fe3a2a28/Java 8 on ubuntu-latest]   | [INFO] Downloading from central: https://repo.maven.apache.org/maven2/org/apache/maven/maven-plugin-parameter-documenter/2.0.6/maven-plugin-parameter-documenter-2.0.6.pom
[51550704-72d0-4801-8957-d544fe3a2a28/Java 8 on ubuntu-latest]   | [INFO] Downloaded from central: https://repo.maven.apache.org/maven2/org/apache/maven/maven-plugin-parameter-documenter/2.0.6/maven-plugin-parameter-documenter-2.0.6.pom (1.9 kB at 22 kB/s)
[51550704-72d0-4801-8957-d544fe3a2a28/Java 8 on ubuntu-latest]   | [INFO] Downloading from central: https://repo.maven.apache.org/maven2/org/apache/maven/reporting/maven-reporting-api/2.0.6/maven-reporting-api-2.0.6.pom
[51550704-72d0-4801-8957-d544fe3a2a28/Java 8 on ubuntu-latest]   | [INFO] Downloaded from central: https://repo.maven.apache.org/maven2/org/apache/maven/reporting/maven-reporting-api/2.0.6/maven-reporting-api-2.0.6.pom (1.8 kB at 76 kB/s)
[51550704-72d0-4801-8957-d544fe3a2a28/Java 8 on ubuntu-latest]   | [INFO] Downloading from central: https://repo.maven.apache.org/maven2/org/apache/maven/reporting/maven-reporting/2.0.6/maven-reporting-2.0.6.pom
[51550704-72d0-4801-8957-d544fe3a2a28/Java 8 on ubuntu-latest]   | [INFO] Downloaded from central: https://repo.maven.apache.org/maven2/org/apache/maven/reporting/maven-reporting/2.0.6/maven-reporting-2.0.6.pom (1.4 kB at 4.3 kB/s)
[51550704-72d0-4801-8957-d544fe3a2a28/Java 8 on ubuntu-latest]   | [INFO] Downloading from central: https://repo.maven.apache.org/maven2/org/apache/maven/doxia/doxia-sink-api/1.0-alpha-7/doxia-sink-api-1.0-alpha-7.pom
[51550704-72d0-4801-8957-d544fe3a2a28/Java 8 on ubuntu-latest]   | [INFO] Downloaded from central: https://repo.maven.apache.org/maven2/org/apache/maven/doxia/doxia-sink-api/1.0-alpha-7/doxia-sink-api-1.0-alpha-7.pom (424 B at 18 kB/s)
[51550704-72d0-4801-8957-d544fe3a2a28/Java 8 on ubuntu-latest]   | [INFO] Downloading from central: https://repo.maven.apache.org/maven2/org/apache/maven/doxia/doxia/1.0-alpha-7/doxia-1.0-alpha-7.pom
[51550704-72d0-4801-8957-d544fe3a2a28/Java 8 on ubuntu-latest]   | [INFO] Downloaded from central: https://repo.maven.apache.org/maven2/org/apache/maven/doxia/doxia/1.0-alpha-7/doxia-1.0-alpha-7.pom (3.9 kB at 80 kB/s)
[51550704-72d0-4801-8957-d544fe3a2a28/Java 8 on ubuntu-latest]   | [INFO] Downloading from central: https://repo.maven.apache.org/maven2/org/apache/maven/maven-error-diagnostics/2.0.6/maven-error-diagnostics-2.0.6.pom
[51550704-72d0-4801-8957-d544fe3a2a28/Java 8 on ubuntu-latest]   | [INFO] Downloaded from central: https://repo.maven.apache.org/maven2/org/apache/maven/maven-error-diagnostics/2.0.6/maven-error-diagnostics-2.0.6.pom (1.7 kB at 59 kB/s)
[51550704-72d0-4801-8957-d544fe3a2a28/Java 8 on ubuntu-latest]   | [INFO] Downloading from central: https://repo.maven.apache.org/maven2/commons-cli/commons-cli/1.0/commons-cli-1.0.pom
[51550704-72d0-4801-8957-d544fe3a2a28/Java 8 on ubuntu-latest]   | [INFO] Downloaded from central: https://repo.maven.apache.org/maven2/commons-cli/commons-cli/1.0/commons-cli-1.0.pom (2.1 kB at 75 kB/s)
[51550704-72d0-4801-8957-d544fe3a2a28/Java 8 on ubuntu-latest]   | [INFO] Downloading from central: https://repo.maven.apache.org/maven2/org/apache/maven/maven-plugin-descriptor/2.0.6/maven-plugin-descriptor-2.0.6.pom
[51550704-72d0-4801-8957-d544fe3a2a28/Java 8 on ubuntu-latest]   | [INFO] Downloaded from central: https://repo.maven.apache.org/maven2/org/apache/maven/maven-plugin-descriptor/2.0.6/maven-plugin-descriptor-2.0.6.pom (2.0 kB at 70 kB/s)
[51550704-72d0-4801-8957-d544fe3a2a28/Java 8 on ubuntu-latest]   | [INFO] Downloading from central: https://repo.maven.apache.org/maven2/org/codehaus/plexus/plexus-interactivity-api/1.0-alpha-4/plexus-interactivity-api-1.0-alpha-4.pom
[51550704-72d0-4801-8957-d544fe3a2a28/Java 8 on ubuntu-latest]   | [INFO] Downloaded from central: https://repo.maven.apache.org/maven2/org/codehaus/plexus/plexus-interactivity-api/1.0-alpha-4/plexus-interactivity-api-1.0-alpha-4.pom (7.1 kB at 74 kB/s)
[51550704-72d0-4801-8957-d544fe3a2a28/Java 8 on ubuntu-latest]   | [INFO] Downloading from central: https://repo.maven.apache.org/maven2/org/apache/maven/maven-monitor/2.0.6/maven-monitor-2.0.6.pom
[51550704-72d0-4801-8957-d544fe3a2a28/Java 8 on ubuntu-latest]   | [INFO] Downloaded from central: https://repo.maven.apache.org/maven2/org/apache/maven/maven-monitor/2.0.6/maven-monitor-2.0.6.pom (1.3 kB at 52 kB/s)
[51550704-72d0-4801-8957-d544fe3a2a28/Java 8 on ubuntu-latest]   | [INFO] Downloading from central: https://repo.maven.apache.org/maven2/classworlds/classworlds/1.1/classworlds-1.1.pom
[51550704-72d0-4801-8957-d544fe3a2a28/Java 8 on ubuntu-latest]   | [INFO] Downloaded from central: https://repo.maven.apache.org/maven2/classworlds/classworlds/1.1/classworlds-1.1.pom (3.3 kB at 87 kB/s)
[51550704-72d0-4801-8957-d544fe3a2a28/Java 8 on ubuntu-latest]   | [INFO] Downloading from central: https://repo.maven.apache.org/maven2/org/codehaus/plexus/plexus-utils/2.0.5/plexus-utils-2.0.5.pom
[51550704-72d0-4801-8957-d544fe3a2a28/Java 8 on ubuntu-latest]   | [INFO] Downloaded from central: https://repo.maven.apache.org/maven2/org/codehaus/plexus/plexus-utils/2.0.5/plexus-utils-2.0.5.pom (3.3 kB at 12 kB/s)
[51550704-72d0-4801-8957-d544fe3a2a28/Java 8 on ubuntu-latest]   | [INFO] Downloading from central: https://repo.maven.apache.org/maven2/org/codehaus/plexus/plexus/2.0.6/plexus-2.0.6.pom
[51550704-72d0-4801-8957-d544fe3a2a28/Java 8 on ubuntu-latest]   | [INFO] Downloaded from central: https://repo.maven.apache.org/maven2/org/codehaus/plexus/plexus/2.0.6/plexus-2.0.6.pom (17 kB at 54 kB/s)
[51550704-72d0-4801-8957-d544fe3a2a28/Java 8 on ubuntu-latest]   | [INFO] Downloading from central: https://repo.maven.apache.org/maven2/org/apache/maven/shared/maven-filtering/1.1/maven-filtering-1.1.pom
[51550704-72d0-4801-8957-d544fe3a2a28/Java 8 on ubuntu-latest]   | [INFO] Downloaded from central: https://repo.maven.apache.org/maven2/org/apache/maven/shared/maven-filtering/1.1/maven-filtering-1.1.pom (5.8 kB at 141 kB/s)
[51550704-72d0-4801-8957-d544fe3a2a28/Java 8 on ubuntu-latest]   | [INFO] Downloading from central: https://repo.maven.apache.org/maven2/org/apache/maven/shared/maven-shared-components/17/maven-shared-components-17.pom
[51550704-72d0-4801-8957-d544fe3a2a28/Java 8 on ubuntu-latest]   | [INFO] Downloaded from central: https://repo.maven.apache.org/maven2/org/apache/maven/shared/maven-shared-components/17/maven-shared-components-17.pom (8.7 kB at 109 kB/s)
[51550704-72d0-4801-8957-d544fe3a2a28/Java 8 on ubuntu-latest]   | [INFO] Downloading from central: https://repo.maven.apache.org/maven2/org/codehaus/plexus/plexus-utils/1.5.15/plexus-utils-1.5.15.pom
[51550704-72d0-4801-8957-d544fe3a2a28/Java 8 on ubuntu-latest]   | [INFO] Downloaded from central: https://repo.maven.apache.org/maven2/org/codehaus/plexus/plexus-utils/1.5.15/plexus-utils-1.5.15.pom (6.8 kB at 49 kB/s)
[51550704-72d0-4801-8957-d544fe3a2a28/Java 8 on ubuntu-latest]   | [INFO] Downloading from central: https://repo.maven.apache.org/maven2/org/codehaus/plexus/plexus/2.0.2/plexus-2.0.2.pom
[51550704-72d0-4801-8957-d544fe3a2a28/Java 8 on ubuntu-latest]   | [INFO] Downloaded from central: https://repo.maven.apache.org/maven2/org/codehaus/plexus/plexus/2.0.2/plexus-2.0.2.pom (12 kB at 121 kB/s)
[51550704-72d0-4801-8957-d544fe3a2a28/Java 8 on ubuntu-latest]   | [INFO] Downloading from central: https://repo.maven.apache.org/maven2/org/codehaus/plexus/plexus-interpolation/1.12/plexus-interpolation-1.12.pom
[51550704-72d0-4801-8957-d544fe3a2a28/Java 8 on ubuntu-latest]   | [INFO] Downloaded from central: https://repo.maven.apache.org/maven2/org/codehaus/plexus/plexus-interpolation/1.12/plexus-interpolation-1.12.pom (889 B at 31 kB/s)
[51550704-72d0-4801-8957-d544fe3a2a28/Java 8 on ubuntu-latest]   | [INFO] Downloading from central: https://repo.maven.apache.org/maven2/org/codehaus/plexus/plexus-components/1.1.14/plexus-components-1.1.14.pom
[51550704-72d0-4801-8957-d544fe3a2a28/Java 8 on ubuntu-latest]   | [INFO] Downloaded from central: https://repo.maven.apache.org/maven2/org/codehaus/plexus/plexus-components/1.1.14/plexus-components-1.1.14.pom (5.8 kB at 177 kB/s)
[51550704-72d0-4801-8957-d544fe3a2a28/Java 8 on ubuntu-latest]   | [INFO] Downloading from central: https://repo.maven.apache.org/maven2/org/sonatype/plexus/plexus-build-api/0.0.4/plexus-build-api-0.0.4.pom
[51550704-72d0-4801-8957-d544fe3a2a28/Java 8 on ubuntu-latest]   | [INFO] Downloaded from central: https://repo.maven.apache.org/maven2/org/sonatype/plexus/plexus-build-api/0.0.4/plexus-build-api-0.0.4.pom (2.9 kB at 58 kB/s)
[51550704-72d0-4801-8957-d544fe3a2a28/Java 8 on ubuntu-latest]   | [INFO] Downloading from central: https://repo.maven.apache.org/maven2/org/sonatype/spice/spice-parent/10/spice-parent-10.pom
[51550704-72d0-4801-8957-d544fe3a2a28/Java 8 on ubuntu-latest]   | [INFO] Downloaded from central: https://repo.maven.apache.org/maven2/org/sonatype/spice/spice-parent/10/spice-parent-10.pom (3.0 kB at 9.3 kB/s)
[51550704-72d0-4801-8957-d544fe3a2a28/Java 8 on ubuntu-latest]   | [INFO] Downloading from central: https://repo.maven.apache.org/maven2/org/sonatype/forge/forge-parent/3/forge-parent-3.pom
[51550704-72d0-4801-8957-d544fe3a2a28/Java 8 on ubuntu-latest]   | [INFO] Downloaded from central: https://repo.maven.apache.org/maven2/org/sonatype/forge/forge-parent/3/forge-parent-3.pom (5.0 kB at 75 kB/s)
[51550704-72d0-4801-8957-d544fe3a2a28/Java 8 on ubuntu-latest]   | [INFO] Downloading from central: https://repo.maven.apache.org/maven2/org/codehaus/plexus/plexus-utils/1.5.8/plexus-utils-1.5.8.pom
[51550704-72d0-4801-8957-d544fe3a2a28/Java 8 on ubuntu-latest]   | [INFO] Downloaded from central: https://repo.maven.apache.org/maven2/org/codehaus/plexus/plexus-utils/1.5.8/plexus-utils-1.5.8.pom (8.1 kB at 82 kB/s)
[51550704-72d0-4801-8957-d544fe3a2a28/Java 8 on ubuntu-latest]   | [INFO] Downloading from central: https://repo.maven.apache.org/maven2/org/codehaus/plexus/plexus-interpolation/1.13/plexus-interpolation-1.13.pom
[51550704-72d0-4801-8957-d544fe3a2a28/Java 8 on ubuntu-latest]   | [INFO] Downloaded from central: https://repo.maven.apache.org/maven2/org/codehaus/plexus/plexus-interpolation/1.13/plexus-interpolation-1.13.pom (890 B at 1.6 kB/s)
[51550704-72d0-4801-8957-d544fe3a2a28/Java 8 on ubuntu-latest]   | [INFO] Downloading from central: https://repo.maven.apache.org/maven2/org/codehaus/plexus/plexus-components/1.1.15/plexus-components-1.1.15.pom
[51550704-72d0-4801-8957-d544fe3a2a28/Java 8 on ubuntu-latest]   | [INFO] Downloaded from central: https://repo.maven.apache.org/maven2/org/codehaus/plexus/plexus-components/1.1.15/plexus-components-1.1.15.pom (2.8 kB at 1.7 kB/s)
[51550704-72d0-4801-8957-d544fe3a2a28/Java 8 on ubuntu-latest]   | [INFO] Downloading from central: https://repo.maven.apache.org/maven2/org/codehaus/plexus/plexus/2.0.3/plexus-2.0.3.pom
[51550704-72d0-4801-8957-d544fe3a2a28/Java 8 on ubuntu-latest]   | [INFO] Downloaded from central: https://repo.maven.apache.org/maven2/org/codehaus/plexus/plexus/2.0.3/plexus-2.0.3.pom (15 kB at 161 kB/s)
[51550704-72d0-4801-8957-d544fe3a2a28/Java 8 on ubuntu-latest]   | [INFO] Downloading from central: https://repo.maven.apache.org/maven2/org/apache/maven/maven-project/2.0.6/maven-project-2.0.6.jar
[51550704-72d0-4801-8957-d544fe3a2a28/Java 8 on ubuntu-latest]   | [INFO] Downloading from central: https://repo.maven.apache.org/maven2/org/apache/maven/maven-profile/2.0.6/maven-profile-2.0.6.jar
[51550704-72d0-4801-8957-d544fe3a2a28/Java 8 on ubuntu-latest]   | [INFO] Downloading from central: https://repo.maven.apache.org/maven2/org/apache/maven/maven-artifact-manager/2.0.6/maven-artifact-manager-2.0.6.jar
[51550704-72d0-4801-8957-d544fe3a2a28/Java 8 on ubuntu-latest]   | [INFO] Downloading from central: https://repo.maven.apache.org/maven2/org/apache/maven/maven-plugin-registry/2.0.6/maven-plugin-registry-2.0.6.jar
[51550704-72d0-4801-8957-d544fe3a2a28/Java 8 on ubuntu-latest]   | [INFO] Downloading from central: https://repo.maven.apache.org/maven2/org/apache/maven/maven-core/2.0.6/maven-core-2.0.6.jar
[51550704-72d0-4801-8957-d544fe3a2a28/Java 8 on ubuntu-latest]   | [INFO] Downloaded from central: https://repo.maven.apache.org/maven2/org/apache/maven/maven-profile/2.0.6/maven-profile-2.0.6.jar (35 kB at 200 kB/s)
[51550704-72d0-4801-8957-d544fe3a2a28/Java 8 on ubuntu-latest]   | [INFO] Downloading from central: https://repo.maven.apache.org/maven2/org/apache/maven/maven-plugin-parameter-documenter/2.0.6/maven-plugin-parameter-documenter-2.0.6.jar
[51550704-72d0-4801-8957-d544fe3a2a28/Java 8 on ubuntu-latest]   | [INFO] Downloaded from central: https://repo.maven.apache.org/maven2/org/apache/maven/maven-core/2.0.6/maven-core-2.0.6.jar (152 kB at 574 kB/s)
[51550704-72d0-4801-8957-d544fe3a2a28/Java 8 on ubuntu-latest]   | [INFO] Downloading from central: https://repo.maven.apache.org/maven2/org/apache/maven/reporting/maven-reporting-api/2.0.6/maven-reporting-api-2.0.6.jar
[51550704-72d0-4801-8957-d544fe3a2a28/Java 8 on ubuntu-latest]   | [INFO] Downloaded from central: https://repo.maven.apache.org/maven2/org/apache/maven/maven-artifact-manager/2.0.6/maven-artifact-manager-2.0.6.jar (57 kB at 188 kB/s)
[51550704-72d0-4801-8957-d544fe3a2a28/Java 8 on ubuntu-latest]   | [INFO] Downloading from central: https://repo.maven.apache.org/maven2/org/apache/maven/doxia/doxia-sink-api/1.0-alpha-7/doxia-sink-api-1.0-alpha-7.jar
[51550704-72d0-4801-8957-d544fe3a2a28/Java 8 on ubuntu-latest]   | [INFO] Downloaded from central: https://repo.maven.apache.org/maven2/org/apache/maven/doxia/doxia-sink-api/1.0-alpha-7/doxia-sink-api-1.0-alpha-7.jar (5.9 kB at 17 kB/s)
[51550704-72d0-4801-8957-d544fe3a2a28/Java 8 on ubuntu-latest]   | [INFO] Downloading from central: https://repo.maven.apache.org/maven2/org/apache/maven/maven-repository-metadata/2.0.6/maven-repository-metadata-2.0.6.jar
[51550704-72d0-4801-8957-d544fe3a2a28/Java 8 on ubuntu-latest]   | [INFO] Downloaded from central: https://repo.maven.apache.org/maven2/org/apache/maven/maven-repository-metadata/2.0.6/maven-repository-metadata-2.0.6.jar (24 kB at 48 kB/s)
[51550704-72d0-4801-8957-d544fe3a2a28/Java 8 on ubuntu-latest]   | [INFO] Downloading from central: https://repo.maven.apache.org/maven2/org/apache/maven/maven-error-diagnostics/2.0.6/maven-error-diagnostics-2.0.6.jar
[51550704-72d0-4801-8957-d544fe3a2a28/Java 8 on ubuntu-latest]   | [INFO] Downloaded from central: https://repo.maven.apache.org/maven2/org/apache/maven/maven-plugin-registry/2.0.6/maven-plugin-registry-2.0.6.jar (29 kB at 56 kB/s)
[51550704-72d0-4801-8957-d544fe3a2a28/Java 8 on ubuntu-latest]   | [INFO] Downloading from central: https://repo.maven.apache.org/maven2/commons-cli/commons-cli/1.0/commons-cli-1.0.jar
[51550704-72d0-4801-8957-d544fe3a2a28/Java 8 on ubuntu-latest]   | [INFO] Downloaded from central: https://repo.maven.apache.org/maven2/org/apache/maven/reporting/maven-reporting-api/2.0.6/maven-reporting-api-2.0.6.jar (9.9 kB at 19 kB/s)
[51550704-72d0-4801-8957-d544fe3a2a28/Java 8 on ubuntu-latest]   | [INFO] Downloading from central: https://repo.maven.apache.org/maven2/org/apache/maven/maven-plugin-descriptor/2.0.6/maven-plugin-descriptor-2.0.6.jar
[51550704-72d0-4801-8957-d544fe3a2a28/Java 8 on ubuntu-latest]   | [INFO] Downloaded from central: https://repo.maven.apache.org/maven2/org/apache/maven/maven-error-diagnostics/2.0.6/maven-error-diagnostics-2.0.6.jar (14 kB at 24 kB/s)
[51550704-72d0-4801-8957-d544fe3a2a28/Java 8 on ubuntu-latest]   | [INFO] Downloading from central: https://repo.maven.apache.org/maven2/org/codehaus/plexus/plexus-interactivity-api/1.0-alpha-4/plexus-interactivity-api-1.0-alpha-4.jar
[51550704-72d0-4801-8957-d544fe3a2a28/Java 8 on ubuntu-latest]   | [INFO] Downloaded from central: https://repo.maven.apache.org/maven2/org/apache/maven/maven-plugin-descriptor/2.0.6/maven-plugin-descriptor-2.0.6.jar (37 kB at 62 kB/s)
[51550704-72d0-4801-8957-d544fe3a2a28/Java 8 on ubuntu-latest]   | [INFO] Downloading from central: https://repo.maven.apache.org/maven2/classworlds/classworlds/1.1/classworlds-1.1.jar
[51550704-72d0-4801-8957-d544fe3a2a28/Java 8 on ubuntu-latest]   | [INFO] Downloaded from central: https://repo.maven.apache.org/maven2/commons-cli/commons-cli/1.0/commons-cli-1.0.jar (30 kB at 50 kB/s)
[51550704-72d0-4801-8957-d544fe3a2a28/Java 8 on ubuntu-latest]   | [INFO] Downloading from central: https://repo.maven.apache.org/maven2/org/apache/maven/maven-artifact/2.0.6/maven-artifact-2.0.6.jar
[51550704-72d0-4801-8957-d544fe3a2a28/Java 8 on ubuntu-latest]   | [INFO] Downloaded from central: https://repo.maven.apache.org/maven2/org/codehaus/plexus/plexus-interactivity-api/1.0-alpha-4/plexus-interactivity-api-1.0-alpha-4.jar (13 kB at 22 kB/s)
[51550704-72d0-4801-8957-d544fe3a2a28/Java 8 on ubuntu-latest]   | [INFO] Downloading from central: https://repo.maven.apache.org/maven2/org/apache/maven/maven-settings/2.0.6/maven-settings-2.0.6.jar
[51550704-72d0-4801-8957-d544fe3a2a28/Java 8 on ubuntu-latest]   | [INFO] Downloaded from central: https://repo.maven.apache.org/maven2/classworlds/classworlds/1.1/classworlds-1.1.jar (38 kB at 57 kB/s)
[51550704-72d0-4801-8957-d544fe3a2a28/Java 8 on ubuntu-latest]   | [INFO] Downloading from central: https://repo.maven.apache.org/maven2/org/apache/maven/maven-model/2.0.6/maven-model-2.0.6.jar
[51550704-72d0-4801-8957-d544fe3a2a28/Java 8 on ubuntu-latest]   | [INFO] Downloaded from central: https://repo.maven.apache.org/maven2/org/apache/maven/maven-settings/2.0.6/maven-settings-2.0.6.jar (49 kB at 64 kB/s)
[51550704-72d0-4801-8957-d544fe3a2a28/Java 8 on ubuntu-latest]   | [INFO] Downloading from central: https://repo.maven.apache.org/maven2/org/apache/maven/maven-monitor/2.0.6/maven-monitor-2.0.6.jar
[51550704-72d0-4801-8957-d544fe3a2a28/Java 8 on ubuntu-latest]   | [INFO] Downloaded from central: https://repo.maven.apache.org/maven2/org/apache/maven/maven-project/2.0.6/maven-project-2.0.6.jar (116 kB at 123 kB/s)
[51550704-72d0-4801-8957-d544fe3a2a28/Java 8 on ubuntu-latest]   | [INFO] Downloading from central: https://repo.maven.apache.org/maven2/org/codehaus/plexus/plexus-container-default/1.0-alpha-9-stable-1/plexus-container-default-1.0-alpha-9-stable-1.jar
[51550704-72d0-4801-8957-d544fe3a2a28/Java 8 on ubuntu-latest]   | [INFO] Downloaded from central: https://repo.maven.apache.org/maven2/org/apache/maven/maven-artifact/2.0.6/maven-artifact-2.0.6.jar (87 kB at 89 kB/s)
[51550704-72d0-4801-8957-d544fe3a2a28/Java 8 on ubuntu-latest]   | [INFO] Downloading from central: https://repo.maven.apache.org/maven2/junit/junit/3.8.1/junit-3.8.1.jar
[51550704-72d0-4801-8957-d544fe3a2a28/Java 8 on ubuntu-latest]   | [INFO] Downloaded from central: https://repo.maven.apache.org/maven2/org/apache/maven/maven-model/2.0.6/maven-model-2.0.6.jar (86 kB at 83 kB/s)
[51550704-72d0-4801-8957-d544fe3a2a28/Java 8 on ubuntu-latest]   | [INFO] Downloading from central: https://repo.maven.apache.org/maven2/org/codehaus/plexus/plexus-utils/2.0.5/plexus-utils-2.0.5.jar
[51550704-72d0-4801-8957-d544fe3a2a28/Java 8 on ubuntu-latest]   | [INFO] Downloaded from central: https://repo.maven.apache.org/maven2/org/apache/maven/maven-monitor/2.0.6/maven-monitor-2.0.6.jar (10 kB at 9.8 kB/s)
[51550704-72d0-4801-8957-d544fe3a2a28/Java 8 on ubuntu-latest]   | [INFO] Downloading from central: https://repo.maven.apache.org/maven2/org/apache/maven/shared/maven-filtering/1.1/maven-filtering-1.1.jar
[51550704-72d0-4801-8957-d544fe3a2a28/Java 8 on ubuntu-latest]   | [INFO] Downloaded from central: https://repo.maven.apache.org/maven2/org/codehaus/plexus/plexus-container-default/1.0-alpha-9-stable-1/plexus-container-default-1.0-alpha-9-stable-1.jar (194 kB at 174 kB/s)
[51550704-72d0-4801-8957-d544fe3a2a28/Java 8 on ubuntu-latest]   | [INFO] Downloading from central: https://repo.maven.apache.org/maven2/org/sonatype/plexus/plexus-build-api/0.0.4/plexus-build-api-0.0.4.jar
[51550704-72d0-4801-8957-d544fe3a2a28/Java 8 on ubuntu-latest]   | [INFO] Downloaded from central: https://repo.maven.apache.org/maven2/org/sonatype/plexus/plexus-build-api/0.0.4/plexus-build-api-0.0.4.jar (6.8 kB at 6.0 kB/s)
[51550704-72d0-4801-8957-d544fe3a2a28/Java 8 on ubuntu-latest]   | [INFO] Downloading from central: https://repo.maven.apache.org/maven2/org/codehaus/plexus/plexus-interpolation/1.13/plexus-interpolation-1.13.jar
[51550704-72d0-4801-8957-d544fe3a2a28/Java 8 on ubuntu-latest]   | [INFO] Downloaded from central: https://repo.maven.apache.org/maven2/org/apache/maven/maven-plugin-parameter-documenter/2.0.6/maven-plugin-parameter-documenter-2.0.6.jar (21 kB at 18 kB/s)
[51550704-72d0-4801-8957-d544fe3a2a28/Java 8 on ubuntu-latest]   | [INFO] Downloaded from central: https://repo.maven.apache.org/maven2/org/codehaus/plexus/plexus-interpolation/1.13/plexus-interpolation-1.13.jar (61 kB at 48 kB/s)
[51550704-72d0-4801-8957-d544fe3a2a28/Java 8 on ubuntu-latest]   | [INFO] Downloaded from central: https://repo.maven.apache.org/maven2/junit/junit/3.8.1/junit-3.8.1.jar (121 kB at 94 kB/s)
[51550704-72d0-4801-8957-d544fe3a2a28/Java 8 on ubuntu-latest]   | [INFO] Downloaded from central: https://repo.maven.apache.org/maven2/org/apache/maven/shared/maven-filtering/1.1/maven-filtering-1.1.jar (43 kB at 26 kB/s)
[51550704-72d0-4801-8957-d544fe3a2a28/Java 8 on ubuntu-latest]   | [INFO] Downloaded from central: https://repo.maven.apache.org/maven2/org/codehaus/plexus/plexus-utils/2.0.5/plexus-utils-2.0.5.jar (223 kB at 97 kB/s)
[51550704-72d0-4801-8957-d544fe3a2a28/Java 8 on ubuntu-latest]   | [WARNING] Using platform encoding (UTF-8 actually) to copy filtered resources, i.e. build is platform dependent!
[51550704-72d0-4801-8957-d544fe3a2a28/Java 8 on ubuntu-latest]   | [INFO] skip non existing resourceDirectory /tmp/f87c1611-0dfc-4db3-a56c-d3eb92cc42f4/src/main/resources
[51550704-72d0-4801-8957-d544fe3a2a28/Java 8 on ubuntu-latest]   | [INFO] 
[51550704-72d0-4801-8957-d544fe3a2a28/Java 8 on ubuntu-latest]   | [INFO] --- maven-compiler-plugin:3.1:compile (default-compile) @ reflections ---
[51550704-72d0-4801-8957-d544fe3a2a28/Java 8 on ubuntu-latest]   | [INFO] Downloading from central: https://repo.maven.apache.org/maven2/org/apache/maven/maven-plugin-api/2.0.9/maven-plugin-api-2.0.9.pom
[51550704-72d0-4801-8957-d544fe3a2a28/Java 8 on ubuntu-latest]   | [INFO] Downloaded from central: https://repo.maven.apache.org/maven2/org/apache/maven/maven-plugin-api/2.0.9/maven-plugin-api-2.0.9.pom (1.5 kB at 93 kB/s)
[51550704-72d0-4801-8957-d544fe3a2a28/Java 8 on ubuntu-latest]   | [INFO] Downloading from central: https://repo.maven.apache.org/maven2/org/apache/maven/maven/2.0.9/maven-2.0.9.pom
[51550704-72d0-4801-8957-d544fe3a2a28/Java 8 on ubuntu-latest]   | [INFO] Downloaded from central: https://repo.maven.apache.org/maven2/org/apache/maven/maven/2.0.9/maven-2.0.9.pom (19 kB at 788 kB/s)
[51550704-72d0-4801-8957-d544fe3a2a28/Java 8 on ubuntu-latest]   | [INFO] Downloading from central: https://repo.maven.apache.org/maven2/org/apache/maven/maven-parent/8/maven-parent-8.pom
[51550704-72d0-4801-8957-d544fe3a2a28/Java 8 on ubuntu-latest]   | [INFO] Downloaded from central: https://repo.maven.apache.org/maven2/org/apache/maven/maven-parent/8/maven-parent-8.pom (24 kB at 1.3 MB/s)
[51550704-72d0-4801-8957-d544fe3a2a28/Java 8 on ubuntu-latest]   | [INFO] Downloading from central: https://repo.maven.apache.org/maven2/org/apache/maven/maven-artifact/2.0.9/maven-artifact-2.0.9.pom
[51550704-72d0-4801-8957-d544fe3a2a28/Java 8 on ubuntu-latest]   | [INFO] Downloaded from central: https://repo.maven.apache.org/maven2/org/apache/maven/maven-artifact/2.0.9/maven-artifact-2.0.9.pom (1.6 kB at 70 kB/s)
[51550704-72d0-4801-8957-d544fe3a2a28/Java 8 on ubuntu-latest]   | [INFO] Downloading from central: https://repo.maven.apache.org/maven2/org/codehaus/plexus/plexus-utils/1.5.1/plexus-utils-1.5.1.pom
[51550704-72d0-4801-8957-d544fe3a2a28/Java 8 on ubuntu-latest]   | [INFO] Downloaded from central: https://repo.maven.apache.org/maven2/org/codehaus/plexus/plexus-utils/1.5.1/plexus-utils-1.5.1.pom (2.3 kB at 115 kB/s)
[51550704-72d0-4801-8957-d544fe3a2a28/Java 8 on ubuntu-latest]   | [INFO] Downloading from central: https://repo.maven.apache.org/maven2/org/apache/maven/maven-core/2.0.9/maven-core-2.0.9.pom
[51550704-72d0-4801-8957-d544fe3a2a28/Java 8 on ubuntu-latest]   | [INFO] Downloaded from central: https://repo.maven.apache.org/maven2/org/apache/maven/maven-core/2.0.9/maven-core-2.0.9.pom (7.8 kB at 299 kB/s)
[51550704-72d0-4801-8957-d544fe3a2a28/Java 8 on ubuntu-latest]   | [INFO] Downloading from central: https://repo.maven.apache.org/maven2/org/apache/maven/maven-settings/2.0.9/maven-settings-2.0.9.pom
[51550704-72d0-4801-8957-d544fe3a2a28/Java 8 on ubuntu-latest]   | [INFO] Downloaded from central: https://repo.maven.apache.org/maven2/org/apache/maven/maven-settings/2.0.9/maven-settings-2.0.9.pom (2.1 kB at 137 kB/s)
[51550704-72d0-4801-8957-d544fe3a2a28/Java 8 on ubuntu-latest]   | [INFO] Downloading from central: https://repo.maven.apache.org/maven2/org/apache/maven/maven-model/2.0.9/maven-model-2.0.9.pom
[51550704-72d0-4801-8957-d544fe3a2a28/Java 8 on ubuntu-latest]   | [INFO] Downloaded from central: https://repo.maven.apache.org/maven2/org/apache/maven/maven-model/2.0.9/maven-model-2.0.9.pom (3.1 kB at 67 kB/s)
[51550704-72d0-4801-8957-d544fe3a2a28/Java 8 on ubuntu-latest]   | [INFO] Downloading from central: https://repo.maven.apache.org/maven2/org/apache/maven/maven-plugin-parameter-documenter/2.0.9/maven-plugin-parameter-documenter-2.0.9.pom
[51550704-72d0-4801-8957-d544fe3a2a28/Java 8 on ubuntu-latest]   | [INFO] Downloaded from central: https://repo.maven.apache.org/maven2/org/apache/maven/maven-plugin-parameter-documenter/2.0.9/maven-plugin-parameter-documenter-2.0.9.pom (2.0 kB at 52 kB/s)
[51550704-72d0-4801-8957-d544fe3a2a28/Java 8 on ubuntu-latest]   | [INFO] Downloading from central: https://repo.maven.apache.org/maven2/org/apache/maven/maven-profile/2.0.9/maven-profile-2.0.9.pom
[51550704-72d0-4801-8957-d544fe3a2a28/Java 8 on ubuntu-latest]   | [INFO] Downloaded from central: https://repo.maven.apache.org/maven2/org/apache/maven/maven-profile/2.0.9/maven-profile-2.0.9.pom (2.0 kB at 98 kB/s)
[51550704-72d0-4801-8957-d544fe3a2a28/Java 8 on ubuntu-latest]   | [INFO] Downloading from central: https://repo.maven.apache.org/maven2/org/apache/maven/maven-repository-metadata/2.0.9/maven-repository-metadata-2.0.9.pom
[51550704-72d0-4801-8957-d544fe3a2a28/Java 8 on ubuntu-latest]   | [INFO] Downloaded from central: https://repo.maven.apache.org/maven2/org/apache/maven/maven-repository-metadata/2.0.9/maven-repository-metadata-2.0.9.pom (1.9 kB at 106 kB/s)
[51550704-72d0-4801-8957-d544fe3a2a28/Java 8 on ubuntu-latest]   | [INFO] Downloading from central: https://repo.maven.apache.org/maven2/org/apache/maven/maven-error-diagnostics/2.0.9/maven-error-diagnostics-2.0.9.pom
[51550704-72d0-4801-8957-d544fe3a2a28/Java 8 on ubuntu-latest]   | [INFO] Downloaded from central: https://repo.maven.apache.org/maven2/org/apache/maven/maven-error-diagnostics/2.0.9/maven-error-diagnostics-2.0.9.pom (1.7 kB at 103 kB/s)
[51550704-72d0-4801-8957-d544fe3a2a28/Java 8 on ubuntu-latest]   | [INFO] Downloading from central: https://repo.maven.apache.org/maven2/org/apache/maven/maven-project/2.0.9/maven-project-2.0.9.pom
[51550704-72d0-4801-8957-d544fe3a2a28/Java 8 on ubuntu-latest]   | [INFO] Downloaded from central: https://repo.maven.apache.org/maven2/org/apache/maven/maven-project/2.0.9/maven-project-2.0.9.pom (2.7 kB at 68 kB/s)
[51550704-72d0-4801-8957-d544fe3a2a28/Java 8 on ubuntu-latest]   | [INFO] Downloading from central: https://repo.maven.apache.org/maven2/org/apache/maven/maven-artifact-manager/2.0.9/maven-artifact-manager-2.0.9.pom
[51550704-72d0-4801-8957-d544fe3a2a28/Java 8 on ubuntu-latest]   | [INFO] Downloaded from central: https://repo.maven.apache.org/maven2/org/apache/maven/maven-artifact-manager/2.0.9/maven-artifact-manager-2.0.9.pom (2.7 kB at 159 kB/s)
[51550704-72d0-4801-8957-d544fe3a2a28/Java 8 on ubuntu-latest]   | [INFO] Downloading from central: https://repo.maven.apache.org/maven2/org/apache/maven/maven-plugin-registry/2.0.9/maven-plugin-registry-2.0.9.pom
[51550704-72d0-4801-8957-d544fe3a2a28/Java 8 on ubuntu-latest]   | [INFO] Downloaded from central: https://repo.maven.apache.org/maven2/org/apache/maven/maven-plugin-registry/2.0.9/maven-plugin-registry-2.0.9.pom (2.0 kB at 141 kB/s)
[51550704-72d0-4801-8957-d544fe3a2a28/Java 8 on ubuntu-latest]   | [INFO] Downloading from central: https://repo.maven.apache.org/maven2/org/apache/maven/maven-plugin-descriptor/2.0.9/maven-plugin-descriptor-2.0.9.pom
[51550704-72d0-4801-8957-d544fe3a2a28/Java 8 on ubuntu-latest]   | [INFO] Downloaded from central: https://repo.maven.apache.org/maven2/org/apache/maven/maven-plugin-descriptor/2.0.9/maven-plugin-descriptor-2.0.9.pom (2.1 kB at 138 kB/s)
[51550704-72d0-4801-8957-d544fe3a2a28/Java 8 on ubuntu-latest]   | [INFO] Downloading from central: https://repo.maven.apache.org/maven2/org/apache/maven/maven-monitor/2.0.9/maven-monitor-2.0.9.pom
[51550704-72d0-4801-8957-d544fe3a2a28/Java 8 on ubuntu-latest]   | [INFO] Downloaded from central: https://repo.maven.apache.org/maven2/org/apache/maven/maven-monitor/2.0.9/maven-monitor-2.0.9.pom (1.3 kB at 80 kB/s)
[51550704-72d0-4801-8957-d544fe3a2a28/Java 8 on ubuntu-latest]   | [INFO] Downloading from central: https://repo.maven.apache.org/maven2/org/apache/maven/maven-toolchain/1.0/maven-toolchain-1.0.pom
[51550704-72d0-4801-8957-d544fe3a2a28/Java 8 on ubuntu-latest]   | [INFO] Downloaded from central: https://repo.maven.apache.org/maven2/org/apache/maven/maven-toolchain/1.0/maven-toolchain-1.0.pom (3.4 kB at 61 kB/s)
[51550704-72d0-4801-8957-d544fe3a2a28/Java 8 on ubuntu-latest]   | [INFO] Downloading from central: https://repo.maven.apache.org/maven2/org/apache/maven/shared/maven-shared-utils/0.1/maven-shared-utils-0.1.pom
[51550704-72d0-4801-8957-d544fe3a2a28/Java 8 on ubuntu-latest]   | [INFO] Downloaded from central: https://repo.maven.apache.org/maven2/org/apache/maven/shared/maven-shared-utils/0.1/maven-shared-utils-0.1.pom (4.0 kB at 131 kB/s)
[51550704-72d0-4801-8957-d544fe3a2a28/Java 8 on ubuntu-latest]   | [INFO] Downloading from central: https://repo.maven.apache.org/maven2/org/apache/maven/shared/maven-shared-components/18/maven-shared-components-18.pom
[51550704-72d0-4801-8957-d544fe3a2a28/Java 8 on ubuntu-latest]   | [INFO] Downloaded from central: https://repo.maven.apache.org/maven2/org/apache/maven/shared/maven-shared-components/18/maven-shared-components-18.pom (4.9 kB at 170 kB/s)
[51550704-72d0-4801-8957-d544fe3a2a28/Java 8 on ubuntu-latest]   | [INFO] Downloading from central: https://repo.maven.apache.org/maven2/com/google/code/findbugs/jsr305/2.0.1/jsr305-2.0.1.pom
[51550704-72d0-4801-8957-d544fe3a2a28/Java 8 on ubuntu-latest]   | [INFO] Downloaded from central: https://repo.maven.apache.org/maven2/com/google/code/findbugs/jsr305/2.0.1/jsr305-2.0.1.pom (965 B at 32 kB/s)
[51550704-72d0-4801-8957-d544fe3a2a28/Java 8 on ubuntu-latest]   | [INFO] Downloading from central: https://repo.maven.apache.org/maven2/org/apache/maven/shared/maven-shared-incremental/1.1/maven-shared-incremental-1.1.pom
[51550704-72d0-4801-8957-d544fe3a2a28/Java 8 on ubuntu-latest]   | [INFO] Downloaded from central: https://repo.maven.apache.org/maven2/org/apache/maven/shared/maven-shared-incremental/1.1/maven-shared-incremental-1.1.pom (4.7 kB at 153 kB/s)
[51550704-72d0-4801-8957-d544fe3a2a28/Java 8 on ubuntu-latest]   | [INFO] Downloading from central: https://repo.maven.apache.org/maven2/org/apache/maven/shared/maven-shared-components/19/maven-shared-components-19.pom
[51550704-72d0-4801-8957-d544fe3a2a28/Java 8 on ubuntu-latest]   | [INFO] Downloaded from central: https://repo.maven.apache.org/maven2/org/apache/maven/shared/maven-shared-components/19/maven-shared-components-19.pom (6.4 kB at 489 kB/s)
[51550704-72d0-4801-8957-d544fe3a2a28/Java 8 on ubuntu-latest]   | [INFO] Downloading from central: https://repo.maven.apache.org/maven2/org/apache/maven/maven-plugin-api/2.2.1/maven-plugin-api-2.2.1.pom
[51550704-72d0-4801-8957-d544fe3a2a28/Java 8 on ubuntu-latest]   | [INFO] Downloaded from central: https://repo.maven.apache.org/maven2/org/apache/maven/maven-plugin-api/2.2.1/maven-plugin-api-2.2.1.pom (1.5 kB at 46 kB/s)
[51550704-72d0-4801-8957-d544fe3a2a28/Java 8 on ubuntu-latest]   | [INFO] Downloading from central: https://repo.maven.apache.org/maven2/org/apache/maven/maven/2.2.1/maven-2.2.1.pom
[51550704-72d0-4801-8957-d544fe3a2a28/Java 8 on ubuntu-latest]   | [INFO] Downloaded from central: https://repo.maven.apache.org/maven2/org/apache/maven/maven/2.2.1/maven-2.2.1.pom (22 kB at 747 kB/s)
[51550704-72d0-4801-8957-d544fe3a2a28/Java 8 on ubuntu-latest]   | [INFO] Downloading from central: https://repo.maven.apache.org/maven2/org/apache/maven/maven-parent/11/maven-parent-11.pom
[51550704-72d0-4801-8957-d544fe3a2a28/Java 8 on ubuntu-latest]   | [INFO] Downloaded from central: https://repo.maven.apache.org/maven2/org/apache/maven/maven-parent/11/maven-parent-11.pom (32 kB at 432 kB/s)
[51550704-72d0-4801-8957-d544fe3a2a28/Java 8 on ubuntu-latest]   | [INFO] Downloading from central: https://repo.maven.apache.org/maven2/org/apache/apache/5/apache-5.pom
[51550704-72d0-4801-8957-d544fe3a2a28/Java 8 on ubuntu-latest]   | [INFO] Downloaded from central: https://repo.maven.apache.org/maven2/org/apache/apache/5/apache-5.pom (4.1 kB at 171 kB/s)
[51550704-72d0-4801-8957-d544fe3a2a28/Java 8 on ubuntu-latest]   | [INFO] Downloading from central: https://repo.maven.apache.org/maven2/org/apache/maven/maven-core/2.2.1/maven-core-2.2.1.pom
[51550704-72d0-4801-8957-d544fe3a2a28/Java 8 on ubuntu-latest]   | [INFO] Downloaded from central: https://repo.maven.apache.org/maven2/org/apache/maven/maven-core/2.2.1/maven-core-2.2.1.pom (12 kB at 485 kB/s)
[51550704-72d0-4801-8957-d544fe3a2a28/Java 8 on ubuntu-latest]   | [INFO] Downloading from central: https://repo.maven.apache.org/maven2/org/apache/maven/maven-settings/2.2.1/maven-settings-2.2.1.pom
[51550704-72d0-4801-8957-d544fe3a2a28/Java 8 on ubuntu-latest]   | [INFO] Downloaded from central: https://repo.maven.apache.org/maven2/org/apache/maven/maven-settings/2.2.1/maven-settings-2.2.1.pom (2.2 kB at 33 kB/s)
[51550704-72d0-4801-8957-d544fe3a2a28/Java 8 on ubuntu-latest]   | [INFO] Downloading from central: https://repo.maven.apache.org/maven2/org/apache/maven/maven-model/2.2.1/maven-model-2.2.1.pom
[51550704-72d0-4801-8957-d544fe3a2a28/Java 8 on ubuntu-latest]   | [INFO] Downloaded from central: https://repo.maven.apache.org/maven2/org/apache/maven/maven-model/2.2.1/maven-model-2.2.1.pom (3.2 kB at 141 kB/s)
[51550704-72d0-4801-8957-d544fe3a2a28/Java 8 on ubuntu-latest]   | [INFO] Downloading from central: https://repo.maven.apache.org/maven2/org/codehaus/plexus/plexus-interpolation/1.11/plexus-interpolation-1.11.pom
[51550704-72d0-4801-8957-d544fe3a2a28/Java 8 on ubuntu-latest]   | [INFO] Downloaded from central: https://repo.maven.apache.org/maven2/org/codehaus/plexus/plexus-interpolation/1.11/plexus-interpolation-1.11.pom (889 B at 22 kB/s)
[51550704-72d0-4801-8957-d544fe3a2a28/Java 8 on ubuntu-latest]   | [INFO] Downloading from central: https://repo.maven.apache.org/maven2/org/apache/maven/maven-plugin-parameter-documenter/2.2.1/maven-plugin-parameter-documenter-2.2.1.pom
[51550704-72d0-4801-8957-d544fe3a2a28/Java 8 on ubuntu-latest]   | [INFO] Downloaded from central: https://repo.maven.apache.org/maven2/org/apache/maven/maven-plugin-parameter-documenter/2.2.1/maven-plugin-parameter-documenter-2.2.1.pom (2.0 kB at 59 kB/s)
[51550704-72d0-4801-8957-d544fe3a2a28/Java 8 on ubuntu-latest]   | [INFO] Downloading from central: https://repo.maven.apache.org/maven2/org/slf4j/slf4j-jdk14/1.5.6/slf4j-jdk14-1.5.6.pom
[51550704-72d0-4801-8957-d544fe3a2a28/Java 8 on ubuntu-latest]   | [INFO] Downloaded from central: https://repo.maven.apache.org/maven2/org/slf4j/slf4j-jdk14/1.5.6/slf4j-jdk14-1.5.6.pom (1.9 kB at 100 kB/s)
[51550704-72d0-4801-8957-d544fe3a2a28/Java 8 on ubuntu-latest]   | [INFO] Downloading from central: https://repo.maven.apache.org/maven2/org/slf4j/slf4j-parent/1.5.6/slf4j-parent-1.5.6.pom
[51550704-72d0-4801-8957-d544fe3a2a28/Java 8 on ubuntu-latest]   | [INFO] Downloaded from central: https://repo.maven.apache.org/maven2/org/slf4j/slf4j-parent/1.5.6/slf4j-parent-1.5.6.pom (7.9 kB at 417 kB/s)
[51550704-72d0-4801-8957-d544fe3a2a28/Java 8 on ubuntu-latest]   | [INFO] Downloading from central: https://repo.maven.apache.org/maven2/org/slf4j/slf4j-api/1.5.6/slf4j-api-1.5.6.pom
[51550704-72d0-4801-8957-d544fe3a2a28/Java 8 on ubuntu-latest]   | [INFO] Downloaded from central: https://repo.maven.apache.org/maven2/org/slf4j/slf4j-api/1.5.6/slf4j-api-1.5.6.pom (3.0 kB at 88 kB/s)
[51550704-72d0-4801-8957-d544fe3a2a28/Java 8 on ubuntu-latest]   | [INFO] Downloading from central: https://repo.maven.apache.org/maven2/org/slf4j/jcl-over-slf4j/1.5.6/jcl-over-slf4j-1.5.6.pom
[51550704-72d0-4801-8957-d544fe3a2a28/Java 8 on ubuntu-latest]   | [INFO] Downloaded from central: https://repo.maven.apache.org/maven2/org/slf4j/jcl-over-slf4j/1.5.6/jcl-over-slf4j-1.5.6.pom (2.2 kB at 66 kB/s)
[51550704-72d0-4801-8957-d544fe3a2a28/Java 8 on ubuntu-latest]   | [INFO] Downloading from central: https://repo.maven.apache.org/maven2/org/apache/maven/maven-profile/2.2.1/maven-profile-2.2.1.pom
[51550704-72d0-4801-8957-d544fe3a2a28/Java 8 on ubuntu-latest]   | [INFO] Downloaded from central: https://repo.maven.apache.org/maven2/org/apache/maven/maven-profile/2.2.1/maven-profile-2.2.1.pom (2.2 kB at 24 kB/s)
[51550704-72d0-4801-8957-d544fe3a2a28/Java 8 on ubuntu-latest]   | [INFO] Downloading from central: https://repo.maven.apache.org/maven2/org/apache/maven/maven-artifact/2.2.1/maven-artifact-2.2.1.pom
[51550704-72d0-4801-8957-d544fe3a2a28/Java 8 on ubuntu-latest]   | [INFO] Downloaded from central: https://repo.maven.apache.org/maven2/org/apache/maven/maven-artifact/2.2.1/maven-artifact-2.2.1.pom (1.6 kB at 46 kB/s)
[51550704-72d0-4801-8957-d544fe3a2a28/Java 8 on ubuntu-latest]   | [INFO] Downloading from central: https://repo.maven.apache.org/maven2/org/apache/maven/maven-repository-metadata/2.2.1/maven-repository-metadata-2.2.1.pom
[51550704-72d0-4801-8957-d544fe3a2a28/Java 8 on ubuntu-latest]   | [INFO] Downloaded from central: https://repo.maven.apache.org/maven2/org/apache/maven/maven-repository-metadata/2.2.1/maven-repository-metadata-2.2.1.pom (1.9 kB at 75 kB/s)
[51550704-72d0-4801-8957-d544fe3a2a28/Java 8 on ubuntu-latest]   | [INFO] Downloading from central: https://repo.maven.apache.org/maven2/org/apache/maven/maven-error-diagnostics/2.2.1/maven-error-diagnostics-2.2.1.pom
[51550704-72d0-4801-8957-d544fe3a2a28/Java 8 on ubuntu-latest]   | [INFO] Downloaded from central: https://repo.maven.apache.org/maven2/org/apache/maven/maven-error-diagnostics/2.2.1/maven-error-diagnostics-2.2.1.pom (1.7 kB at 90 kB/s)
[51550704-72d0-4801-8957-d544fe3a2a28/Java 8 on ubuntu-latest]   | [INFO] Downloading from central: https://repo.maven.apache.org/maven2/org/apache/maven/maven-project/2.2.1/maven-project-2.2.1.pom
[51550704-72d0-4801-8957-d544fe3a2a28/Java 8 on ubuntu-latest]   | [INFO] Downloaded from central: https://repo.maven.apache.org/maven2/org/apache/maven/maven-project/2.2.1/maven-project-2.2.1.pom (2.8 kB at 69 kB/s)
[51550704-72d0-4801-8957-d544fe3a2a28/Java 8 on ubuntu-latest]   | [INFO] Downloading from central: https://repo.maven.apache.org/maven2/org/apache/maven/maven-artifact-manager/2.2.1/maven-artifact-manager-2.2.1.pom
[51550704-72d0-4801-8957-d544fe3a2a28/Java 8 on ubuntu-latest]   | [INFO] Downloaded from central: https://repo.maven.apache.org/maven2/org/apache/maven/maven-artifact-manager/2.2.1/maven-artifact-manager-2.2.1.pom (3.1 kB at 172 kB/s)
[51550704-72d0-4801-8957-d544fe3a2a28/Java 8 on ubuntu-latest]   | [INFO] Downloading from central: https://repo.maven.apache.org/maven2/backport-util-concurrent/backport-util-concurrent/3.1/backport-util-concurrent-3.1.pom
[51550704-72d0-4801-8957-d544fe3a2a28/Java 8 on ubuntu-latest]   | [INFO] Downloaded from central: https://repo.maven.apache.org/maven2/backport-util-concurrent/backport-util-concurrent/3.1/backport-util-concurrent-3.1.pom (880 B at 55 kB/s)
[51550704-72d0-4801-8957-d544fe3a2a28/Java 8 on ubuntu-latest]   | [INFO] Downloading from central: https://repo.maven.apache.org/maven2/org/apache/maven/maven-plugin-registry/2.2.1/maven-plugin-registry-2.2.1.pom
[51550704-72d0-4801-8957-d544fe3a2a28/Java 8 on ubuntu-latest]   | [INFO] Downloaded from central: https://repo.maven.apache.org/maven2/org/apache/maven/maven-plugin-registry/2.2.1/maven-plugin-registry-2.2.1.pom (1.9 kB at 129 kB/s)
[51550704-72d0-4801-8957-d544fe3a2a28/Java 8 on ubuntu-latest]   | [INFO] Downloading from central: https://repo.maven.apache.org/maven2/org/apache/maven/maven-plugin-descriptor/2.2.1/maven-plugin-descriptor-2.2.1.pom
[51550704-72d0-4801-8957-d544fe3a2a28/Java 8 on ubuntu-latest]   | [INFO] Downloaded from central: https://repo.maven.apache.org/maven2/org/apache/maven/maven-plugin-descriptor/2.2.1/maven-plugin-descriptor-2.2.1.pom (2.1 kB at 109 kB/s)
[51550704-72d0-4801-8957-d544fe3a2a28/Java 8 on ubuntu-latest]   | [INFO] Downloading from central: https://repo.maven.apache.org/maven2/org/apache/maven/maven-monitor/2.2.1/maven-monitor-2.2.1.pom
[51550704-72d0-4801-8957-d544fe3a2a28/Java 8 on ubuntu-latest]   | [INFO] Downloaded from central: https://repo.maven.apache.org/maven2/org/apache/maven/maven-monitor/2.2.1/maven-monitor-2.2.1.pom (1.3 kB at 105 kB/s)
[51550704-72d0-4801-8957-d544fe3a2a28/Java 8 on ubuntu-latest]   | [INFO] Downloading from central: https://repo.maven.apache.org/maven2/org/sonatype/plexus/plexus-sec-dispatcher/1.3/plexus-sec-dispatcher-1.3.pom
[51550704-72d0-4801-8957-d544fe3a2a28/Java 8 on ubuntu-latest]   | [INFO] Downloaded from central: https://repo.maven.apache.org/maven2/org/sonatype/plexus/plexus-sec-dispatcher/1.3/plexus-sec-dispatcher-1.3.pom (3.0 kB at 141 kB/s)
[51550704-72d0-4801-8957-d544fe3a2a28/Java 8 on ubuntu-latest]   | [INFO] Downloading from central: https://repo.maven.apache.org/maven2/org/sonatype/spice/spice-parent/12/spice-parent-12.pom
[51550704-72d0-4801-8957-d544fe3a2a28/Java 8 on ubuntu-latest]   | [INFO] Downloaded from central: https://repo.maven.apache.org/maven2/org/sonatype/spice/spice-parent/12/spice-parent-12.pom (6.8 kB at 121 kB/s)
[51550704-72d0-4801-8957-d544fe3a2a28/Java 8 on ubuntu-latest]   | [INFO] Downloading from central: https://repo.maven.apache.org/maven2/org/sonatype/forge/forge-parent/4/forge-parent-4.pom
[51550704-72d0-4801-8957-d544fe3a2a28/Java 8 on ubuntu-latest]   | [INFO] Downloaded from central: https://repo.maven.apache.org/maven2/org/sonatype/forge/forge-parent/4/forge-parent-4.pom (8.4 kB at 175 kB/s)
[51550704-72d0-4801-8957-d544fe3a2a28/Java 8 on ubuntu-latest]   | [INFO] Downloading from central: https://repo.maven.apache.org/maven2/org/codehaus/plexus/plexus-utils/1.5.5/plexus-utils-1.5.5.pom
[51550704-72d0-4801-8957-d544fe3a2a28/Java 8 on ubuntu-latest]   | [INFO] Downloaded from central: https://repo.maven.apache.org/maven2/org/codehaus/plexus/plexus-utils/1.5.5/plexus-utils-1.5.5.pom (5.1 kB at 107 kB/s)
[51550704-72d0-4801-8957-d544fe3a2a28/Java 8 on ubuntu-latest]   | [INFO] Downloading from central: https://repo.maven.apache.org/maven2/org/sonatype/plexus/plexus-cipher/1.4/plexus-cipher-1.4.pom
[51550704-72d0-4801-8957-d544fe3a2a28/Java 8 on ubuntu-latest]   | [INFO] Downloaded from central: https://repo.maven.apache.org/maven2/org/sonatype/plexus/plexus-cipher/1.4/plexus-cipher-1.4.pom (2.1 kB at 86 kB/s)
[51550704-72d0-4801-8957-d544fe3a2a28/Java 8 on ubuntu-latest]   | [INFO] Downloading from central: https://repo.maven.apache.org/maven2/org/codehaus/plexus/plexus-component-annotations/1.5.5/plexus-component-annotations-1.5.5.pom
[51550704-72d0-4801-8957-d544fe3a2a28/Java 8 on ubuntu-latest]   | [INFO] Downloaded from central: https://repo.maven.apache.org/maven2/org/codehaus/plexus/plexus-component-annotations/1.5.5/plexus-component-annotations-1.5.5.pom (815 B at 31 kB/s)
[51550704-72d0-4801-8957-d544fe3a2a28/Java 8 on ubuntu-latest]   | [INFO] Downloading from central: https://repo.maven.apache.org/maven2/org/codehaus/plexus/plexus-containers/1.5.5/plexus-containers-1.5.5.pom
[51550704-72d0-4801-8957-d544fe3a2a28/Java 8 on ubuntu-latest]   | [INFO] Downloaded from central: https://repo.maven.apache.org/maven2/org/codehaus/plexus/plexus-containers/1.5.5/plexus-containers-1.5.5.pom (4.2 kB at 68 kB/s)
[51550704-72d0-4801-8957-d544fe3a2a28/Java 8 on ubuntu-latest]   | [INFO] Downloading from central: https://repo.maven.apache.org/maven2/org/codehaus/plexus/plexus/2.0.7/plexus-2.0.7.pom
[51550704-72d0-4801-8957-d544fe3a2a28/Java 8 on ubuntu-latest]   | [INFO] Downloaded from central: https://repo.maven.apache.org/maven2/org/codehaus/plexus/plexus/2.0.7/plexus-2.0.7.pom (17 kB at 455 kB/s)
[51550704-72d0-4801-8957-d544fe3a2a28/Java 8 on ubuntu-latest]   | [INFO] Downloading from central: https://repo.maven.apache.org/maven2/org/codehaus/plexus/plexus-compiler-api/2.2/plexus-compiler-api-2.2.pom
[51550704-72d0-4801-8957-d544fe3a2a28/Java 8 on ubuntu-latest]   | [INFO] Downloaded from central: https://repo.maven.apache.org/maven2/org/codehaus/plexus/plexus-compiler-api/2.2/plexus-compiler-api-2.2.pom (865 B at 38 kB/s)
[51550704-72d0-4801-8957-d544fe3a2a28/Java 8 on ubuntu-latest]   | [INFO] Downloading from central: https://repo.maven.apache.org/maven2/org/codehaus/plexus/plexus-compiler/2.2/plexus-compiler-2.2.pom
[51550704-72d0-4801-8957-d544fe3a2a28/Java 8 on ubuntu-latest]   | [INFO] Downloaded from central: https://repo.maven.apache.org/maven2/org/codehaus/plexus/plexus-compiler/2.2/plexus-compiler-2.2.pom (3.6 kB at 145 kB/s)
[51550704-72d0-4801-8957-d544fe3a2a28/Java 8 on ubuntu-latest]   | [INFO] Downloading from central: https://repo.maven.apache.org/maven2/org/codehaus/plexus/plexus-components/1.3.1/plexus-components-1.3.1.pom
[51550704-72d0-4801-8957-d544fe3a2a28/Java 8 on ubuntu-latest]   | [INFO] Downloaded from central: https://repo.maven.apache.org/maven2/org/codehaus/plexus/plexus-components/1.3.1/plexus-components-1.3.1.pom (3.1 kB at 85 kB/s)
[51550704-72d0-4801-8957-d544fe3a2a28/Java 8 on ubuntu-latest]   | [INFO] Downloading from central: https://repo.maven.apache.org/maven2/org/codehaus/plexus/plexus/3.3.1/plexus-3.3.1.pom
[51550704-72d0-4801-8957-d544fe3a2a28/Java 8 on ubuntu-latest]   | [INFO] Downloaded from central: https://repo.maven.apache.org/maven2/org/codehaus/plexus/plexus/3.3.1/plexus-3.3.1.pom (20 kB at 601 kB/s)
[51550704-72d0-4801-8957-d544fe3a2a28/Java 8 on ubuntu-latest]   | [INFO] Downloading from central: https://repo.maven.apache.org/maven2/org/sonatype/spice/spice-parent/17/spice-parent-17.pom
[51550704-72d0-4801-8957-d544fe3a2a28/Java 8 on ubuntu-latest]   | [INFO] Downloaded from central: https://repo.maven.apache.org/maven2/org/sonatype/spice/spice-parent/17/spice-parent-17.pom (6.8 kB at 99 kB/s)
[51550704-72d0-4801-8957-d544fe3a2a28/Java 8 on ubuntu-latest]   | [INFO] Downloading from central: https://repo.maven.apache.org/maven2/org/sonatype/forge/forge-parent/10/forge-parent-10.pom
[51550704-72d0-4801-8957-d544fe3a2a28/Java 8 on ubuntu-latest]   | [INFO] Downloaded from central: https://repo.maven.apache.org/maven2/org/sonatype/forge/forge-parent/10/forge-parent-10.pom (14 kB at 277 kB/s)
[51550704-72d0-4801-8957-d544fe3a2a28/Java 8 on ubuntu-latest]   | [INFO] Downloading from central: https://repo.maven.apache.org/maven2/org/codehaus/plexus/plexus-utils/3.0.8/plexus-utils-3.0.8.pom
[51550704-72d0-4801-8957-d544fe3a2a28/Java 8 on ubuntu-latest]   | [INFO] Downloaded from central: https://repo.maven.apache.org/maven2/org/codehaus/plexus/plexus-utils/3.0.8/plexus-utils-3.0.8.pom (3.1 kB at 131 kB/s)
[51550704-72d0-4801-8957-d544fe3a2a28/Java 8 on ubuntu-latest]   | [INFO] Downloading from central: https://repo.maven.apache.org/maven2/org/codehaus/plexus/plexus/3.2/plexus-3.2.pom
[51550704-72d0-4801-8957-d544fe3a2a28/Java 8 on ubuntu-latest]   | [INFO] Downloaded from central: https://repo.maven.apache.org/maven2/org/codehaus/plexus/plexus/3.2/plexus-3.2.pom (19 kB at 625 kB/s)
[51550704-72d0-4801-8957-d544fe3a2a28/Java 8 on ubuntu-latest]   | [INFO] Downloading from central: https://repo.maven.apache.org/maven2/org/codehaus/plexus/plexus-compiler-manager/2.2/plexus-compiler-manager-2.2.pom
[51550704-72d0-4801-8957-d544fe3a2a28/Java 8 on ubuntu-latest]   | [INFO] Downloaded from central: https://repo.maven.apache.org/maven2/org/codehaus/plexus/plexus-compiler-manager/2.2/plexus-compiler-manager-2.2.pom (690 B at 15 kB/s)
[51550704-72d0-4801-8957-d544fe3a2a28/Java 8 on ubuntu-latest]   | [INFO] Downloading from central: https://repo.maven.apache.org/maven2/org/codehaus/plexus/plexus-compiler-javac/2.2/plexus-compiler-javac-2.2.pom
[51550704-72d0-4801-8957-d544fe3a2a28/Java 8 on ubuntu-latest]   | [INFO] Downloaded from central: https://repo.maven.apache.org/maven2/org/codehaus/plexus/plexus-compiler-javac/2.2/plexus-compiler-javac-2.2.pom (769 B at 14 kB/s)
[51550704-72d0-4801-8957-d544fe3a2a28/Java 8 on ubuntu-latest]   | [INFO] Downloading from central: https://repo.maven.apache.org/maven2/org/codehaus/plexus/plexus-compilers/2.2/plexus-compilers-2.2.pom
[51550704-72d0-4801-8957-d544fe3a2a28/Java 8 on ubuntu-latest]   | [INFO] Downloaded from central: https://repo.maven.apache.org/maven2/org/codehaus/plexus/plexus-compilers/2.2/plexus-compilers-2.2.pom (1.2 kB at 69 kB/s)
[51550704-72d0-4801-8957-d544fe3a2a28/Java 8 on ubuntu-latest]   | [INFO] Downloading from central: https://repo.maven.apache.org/maven2/org/codehaus/plexus/plexus-container-default/1.5.5/plexus-container-default-1.5.5.pom
[51550704-72d0-4801-8957-d544fe3a2a28/Java 8 on ubuntu-latest]   | [INFO] Downloaded from central: https://repo.maven.apache.org/maven2/org/codehaus/plexus/plexus-container-default/1.5.5/plexus-container-default-1.5.5.pom (2.8 kB at 162 kB/s)
[51550704-72d0-4801-8957-d544fe3a2a28/Java 8 on ubuntu-latest]   | [INFO] Downloading from central: https://repo.maven.apache.org/maven2/org/codehaus/plexus/plexus-utils/1.4.5/plexus-utils-1.4.5.pom
[51550704-72d0-4801-8957-d544fe3a2a28/Java 8 on ubuntu-latest]   | [INFO] Downloaded from central: https://repo.maven.apache.org/maven2/org/codehaus/plexus/plexus-utils/1.4.5/plexus-utils-1.4.5.pom (2.3 kB at 37 kB/s)
[51550704-72d0-4801-8957-d544fe3a2a28/Java 8 on ubuntu-latest]   | [INFO] Downloading from central: https://repo.maven.apache.org/maven2/org/codehaus/plexus/plexus-classworlds/2.2.2/plexus-classworlds-2.2.2.pom
[51550704-72d0-4801-8957-d544fe3a2a28/Java 8 on ubuntu-latest]   | [INFO] Downloaded from central: https://repo.maven.apache.org/maven2/org/codehaus/plexus/plexus-classworlds/2.2.2/plexus-classworlds-2.2.2.pom (4.0 kB at 192 kB/s)
[51550704-72d0-4801-8957-d544fe3a2a28/Java 8 on ubuntu-latest]   | [INFO] Downloading from central: https://repo.maven.apache.org/maven2/org/apache/xbean/xbean-reflect/3.4/xbean-reflect-3.4.pom
[51550704-72d0-4801-8957-d544fe3a2a28/Java 8 on ubuntu-latest]   | [INFO] Downloaded from central: https://repo.maven.apache.org/maven2/org/apache/xbean/xbean-reflect/3.4/xbean-reflect-3.4.pom (2.8 kB at 128 kB/s)
[51550704-72d0-4801-8957-d544fe3a2a28/Java 8 on ubuntu-latest]   | [INFO] Downloading from central: https://repo.maven.apache.org/maven2/org/apache/xbean/xbean/3.4/xbean-3.4.pom
[51550704-72d0-4801-8957-d544fe3a2a28/Java 8 on ubuntu-latest]   | [INFO] Downloaded from central: https://repo.maven.apache.org/maven2/org/apache/xbean/xbean/3.4/xbean-3.4.pom (19 kB at 277 kB/s)
[51550704-72d0-4801-8957-d544fe3a2a28/Java 8 on ubuntu-latest]   | [INFO] Downloading from central: https://repo.maven.apache.org/maven2/log4j/log4j/1.2.12/log4j-1.2.12.pom
[51550704-72d0-4801-8957-d544fe3a2a28/Java 8 on ubuntu-latest]   | [INFO] Downloaded from central: https://repo.maven.apache.org/maven2/log4j/log4j/1.2.12/log4j-1.2.12.pom (145 B at 16 kB/s)
[51550704-72d0-4801-8957-d544fe3a2a28/Java 8 on ubuntu-latest]   | [INFO] Downloading from central: https://repo.maven.apache.org/maven2/commons-logging/commons-logging-api/1.1/commons-logging-api-1.1.pom
[51550704-72d0-4801-8957-d544fe3a2a28/Java 8 on ubuntu-latest]   | [INFO] Downloaded from central: https://repo.maven.apache.org/maven2/commons-logging/commons-logging-api/1.1/commons-logging-api-1.1.pom (5.3 kB at 85 kB/s)
[51550704-72d0-4801-8957-d544fe3a2a28/Java 8 on ubuntu-latest]   | [INFO] Downloading from central: https://repo.maven.apache.org/maven2/com/google/collections/google-collections/1.0/google-collections-1.0.pom
[51550704-72d0-4801-8957-d544fe3a2a28/Java 8 on ubuntu-latest]   | [INFO] Downloaded from central: https://repo.maven.apache.org/maven2/com/google/collections/google-collections/1.0/google-collections-1.0.pom (2.5 kB at 67 kB/s)
[51550704-72d0-4801-8957-d544fe3a2a28/Java 8 on ubuntu-latest]   | [INFO] Downloading from central: https://repo.maven.apache.org/maven2/com/google/google/1/google-1.pom
[51550704-72d0-4801-8957-d544fe3a2a28/Java 8 on ubuntu-latest]   | [INFO] Downloaded from central: https://repo.maven.apache.org/maven2/com/google/google/1/google-1.pom (1.6 kB at 97 kB/s)
[51550704-72d0-4801-8957-d544fe3a2a28/Java 8 on ubuntu-latest]   | [INFO] Downloading from central: https://repo.maven.apache.org/maven2/junit/junit/3.8.2/junit-3.8.2.pom
[51550704-72d0-4801-8957-d544fe3a2a28/Java 8 on ubuntu-latest]   | [INFO] Downloaded from central: https://repo.maven.apache.org/maven2/junit/junit/3.8.2/junit-3.8.2.pom (747 B at 36 kB/s)
[51550704-72d0-4801-8957-d544fe3a2a28/Java 8 on ubuntu-latest]   | [INFO] Downloading from central: https://repo.maven.apache.org/maven2/org/apache/maven/maven-plugin-api/2.0.9/maven-plugin-api-2.0.9.jar
[51550704-72d0-4801-8957-d544fe3a2a28/Java 8 on ubuntu-latest]   | [INFO] Downloading from central: https://repo.maven.apache.org/maven2/org/apache/maven/maven-artifact/2.0.9/maven-artifact-2.0.9.jar
[51550704-72d0-4801-8957-d544fe3a2a28/Java 8 on ubuntu-latest]   | [INFO] Downloading from central: https://repo.maven.apache.org/maven2/org/codehaus/plexus/plexus-utils/1.5.1/plexus-utils-1.5.1.jar
[51550704-72d0-4801-8957-d544fe3a2a28/Java 8 on ubuntu-latest]   | [INFO] Downloading from central: https://repo.maven.apache.org/maven2/org/apache/maven/maven-core/2.0.9/maven-core-2.0.9.jar
[51550704-72d0-4801-8957-d544fe3a2a28/Java 8 on ubuntu-latest]   | [INFO] Downloading from central: https://repo.maven.apache.org/maven2/org/apache/maven/maven-settings/2.0.9/maven-settings-2.0.9.jar
[51550704-72d0-4801-8957-d544fe3a2a28/Java 8 on ubuntu-latest]   | [INFO] Downloaded from central: https://repo.maven.apache.org/maven2/org/apache/maven/maven-settings/2.0.9/maven-settings-2.0.9.jar (49 kB at 599 kB/s)
[51550704-72d0-4801-8957-d544fe3a2a28/Java 8 on ubuntu-latest]   | [INFO] Downloading from central: https://repo.maven.apache.org/maven2/org/apache/maven/maven-plugin-parameter-documenter/2.0.9/maven-plugin-parameter-documenter-2.0.9.jar
[51550704-72d0-4801-8957-d544fe3a2a28/Java 8 on ubuntu-latest]   | [INFO] Downloaded from central: https://repo.maven.apache.org/maven2/org/apache/maven/maven-plugin-parameter-documenter/2.0.9/maven-plugin-parameter-documenter-2.0.9.jar (21 kB at 156 kB/s)
[51550704-72d0-4801-8957-d544fe3a2a28/Java 8 on ubuntu-latest]   | [INFO] Downloading from central: https://repo.maven.apache.org/maven2/org/apache/maven/maven-profile/2.0.9/maven-profile-2.0.9.jar
[51550704-72d0-4801-8957-d544fe3a2a28/Java 8 on ubuntu-latest]   | [INFO] Downloaded from central: https://repo.maven.apache.org/maven2/org/apache/maven/maven-plugin-api/2.0.9/maven-plugin-api-2.0.9.jar (13 kB at 94 kB/s)
[51550704-72d0-4801-8957-d544fe3a2a28/Java 8 on ubuntu-latest]   | [INFO] Downloading from central: https://repo.maven.apache.org/maven2/org/apache/maven/maven-model/2.0.9/maven-model-2.0.9.jar
[51550704-72d0-4801-8957-d544fe3a2a28/Java 8 on ubuntu-latest]   | [INFO] Downloaded from central: https://repo.maven.apache.org/maven2/org/apache/maven/maven-artifact/2.0.9/maven-artifact-2.0.9.jar (89 kB at 545 kB/s)
[51550704-72d0-4801-8957-d544fe3a2a28/Java 8 on ubuntu-latest]   | [INFO] Downloading from central: https://repo.maven.apache.org/maven2/org/apache/maven/maven-repository-metadata/2.0.9/maven-repository-metadata-2.0.9.jar
[51550704-72d0-4801-8957-d544fe3a2a28/Java 8 on ubuntu-latest]   | [INFO] Downloaded from central: https://repo.maven.apache.org/maven2/org/apache/maven/maven-profile/2.0.9/maven-profile-2.0.9.jar (35 kB at 159 kB/s)
[51550704-72d0-4801-8957-d544fe3a2a28/Java 8 on ubuntu-latest]   | [INFO] Downloading from central: https://repo.maven.apache.org/maven2/org/apache/maven/maven-error-diagnostics/2.0.9/maven-error-diagnostics-2.0.9.jar
[51550704-72d0-4801-8957-d544fe3a2a28/Java 8 on ubuntu-latest]   | [INFO] Downloaded from central: https://repo.maven.apache.org/maven2/org/apache/maven/maven-repository-metadata/2.0.9/maven-repository-metadata-2.0.9.jar (25 kB at 110 kB/s)
[51550704-72d0-4801-8957-d544fe3a2a28/Java 8 on ubuntu-latest]   | [INFO] Downloading from central: https://repo.maven.apache.org/maven2/org/apache/maven/maven-project/2.0.9/maven-project-2.0.9.jar
[51550704-72d0-4801-8957-d544fe3a2a28/Java 8 on ubuntu-latest]   | [INFO] Downloaded from central: https://repo.maven.apache.org/maven2/org/apache/maven/maven-core/2.0.9/maven-core-2.0.9.jar (160 kB at 646 kB/s)
[51550704-72d0-4801-8957-d544fe3a2a28/Java 8 on ubuntu-latest]   | [INFO] Downloading from central: https://repo.maven.apache.org/maven2/org/apache/maven/maven-plugin-registry/2.0.9/maven-plugin-registry-2.0.9.jar
[51550704-72d0-4801-8957-d544fe3a2a28/Java 8 on ubuntu-latest]   | [INFO] Downloaded from central: https://repo.maven.apache.org/maven2/org/apache/maven/maven-error-diagnostics/2.0.9/maven-error-diagnostics-2.0.9.jar (14 kB at 54 kB/s)
[51550704-72d0-4801-8957-d544fe3a2a28/Java 8 on ubuntu-latest]   | [INFO] Downloading from central: https://repo.maven.apache.org/maven2/org/apache/maven/maven-plugin-descriptor/2.0.9/maven-plugin-descriptor-2.0.9.jar
[51550704-72d0-4801-8957-d544fe3a2a28/Java 8 on ubuntu-latest]   | [INFO] Downloaded from central: https://repo.maven.apache.org/maven2/org/apache/maven/maven-plugin-registry/2.0.9/maven-plugin-registry-2.0.9.jar (29 kB at 100 kB/s)
[51550704-72d0-4801-8957-d544fe3a2a28/Java 8 on ubuntu-latest]   | [INFO] Downloading from central: https://repo.maven.apache.org/maven2/org/apache/maven/maven-artifact-manager/2.0.9/maven-artifact-manager-2.0.9.jar
[51550704-72d0-4801-8957-d544fe3a2a28/Java 8 on ubuntu-latest]   | [INFO] Downloaded from central: https://repo.maven.apache.org/maven2/org/apache/maven/maven-plugin-descriptor/2.0.9/maven-plugin-descriptor-2.0.9.jar (37 kB at 119 kB/s)
[51550704-72d0-4801-8957-d544fe3a2a28/Java 8 on ubuntu-latest]   | [INFO] Downloading from central: https://repo.maven.apache.org/maven2/org/apache/maven/maven-monitor/2.0.9/maven-monitor-2.0.9.jar
[51550704-72d0-4801-8957-d544fe3a2a28/Java 8 on ubuntu-latest]   | [INFO] Downloaded from central: https://repo.maven.apache.org/maven2/org/apache/maven/maven-model/2.0.9/maven-model-2.0.9.jar (87 kB at 280 kB/s)
[51550704-72d0-4801-8957-d544fe3a2a28/Java 8 on ubuntu-latest]   | [INFO] Downloading from central: https://repo.maven.apache.org/maven2/org/apache/maven/maven-toolchain/1.0/maven-toolchain-1.0.jar
[51550704-72d0-4801-8957-d544fe3a2a28/Java 8 on ubuntu-latest]   | [INFO] Downloaded from central: https://repo.maven.apache.org/maven2/org/apache/maven/maven-artifact-manager/2.0.9/maven-artifact-manager-2.0.9.jar (58 kB at 173 kB/s)
[51550704-72d0-4801-8957-d544fe3a2a28/Java 8 on ubuntu-latest]   | [INFO] Downloading from central: https://repo.maven.apache.org/maven2/org/apache/maven/shared/maven-shared-utils/0.1/maven-shared-utils-0.1.jar
[51550704-72d0-4801-8957-d544fe3a2a28/Java 8 on ubuntu-latest]   | [INFO] Downloaded from central: https://repo.maven.apache.org/maven2/org/apache/maven/maven-monitor/2.0.9/maven-monitor-2.0.9.jar (10 kB at 29 kB/s)
[51550704-72d0-4801-8957-d544fe3a2a28/Java 8 on ubuntu-latest]   | [INFO] Downloading from central: https://repo.maven.apache.org/maven2/com/google/code/findbugs/jsr305/2.0.1/jsr305-2.0.1.jar
[51550704-72d0-4801-8957-d544fe3a2a28/Java 8 on ubuntu-latest]   | [INFO] Downloaded from central: https://repo.maven.apache.org/maven2/org/apache/maven/maven-toolchain/1.0/maven-toolchain-1.0.jar (33 kB at 93 kB/s)
[51550704-72d0-4801-8957-d544fe3a2a28/Java 8 on ubuntu-latest]   | [INFO] Downloading from central: https://repo.maven.apache.org/maven2/org/apache/maven/shared/maven-shared-incremental/1.1/maven-shared-incremental-1.1.jar
[51550704-72d0-4801-8957-d544fe3a2a28/Java 8 on ubuntu-latest]   | [INFO] Downloaded from central: https://repo.maven.apache.org/maven2/com/google/code/findbugs/jsr305/2.0.1/jsr305-2.0.1.jar (32 kB at 88 kB/s)
[51550704-72d0-4801-8957-d544fe3a2a28/Java 8 on ubuntu-latest]   | [INFO] Downloading from central: https://repo.maven.apache.org/maven2/org/codehaus/plexus/plexus-component-annotations/1.5.5/plexus-component-annotations-1.5.5.jar
[51550704-72d0-4801-8957-d544fe3a2a28/Java 8 on ubuntu-latest]   | [INFO] Downloaded from central: https://repo.maven.apache.org/maven2/org/apache/maven/maven-project/2.0.9/maven-project-2.0.9.jar (122 kB at 321 kB/s)
[51550704-72d0-4801-8957-d544fe3a2a28/Java 8 on ubuntu-latest]   | [INFO] Downloading from central: https://repo.maven.apache.org/maven2/org/codehaus/plexus/plexus-compiler-api/2.2/plexus-compiler-api-2.2.jar
[51550704-72d0-4801-8957-d544fe3a2a28/Java 8 on ubuntu-latest]   | [INFO] Downloaded from central: https://repo.maven.apache.org/maven2/org/apache/maven/shared/maven-shared-incremental/1.1/maven-shared-incremental-1.1.jar (14 kB at 35 kB/s)
[51550704-72d0-4801-8957-d544fe3a2a28/Java 8 on ubuntu-latest]   | [INFO] Downloading from central: https://repo.maven.apache.org/maven2/org/codehaus/plexus/plexus-compiler-manager/2.2/plexus-compiler-manager-2.2.jar
[51550704-72d0-4801-8957-d544fe3a2a28/Java 8 on ubuntu-latest]   | [INFO] Downloaded from central: https://repo.maven.apache.org/maven2/org/codehaus/plexus/plexus-component-annotations/1.5.5/plexus-component-annotations-1.5.5.jar (4.2 kB at 11 kB/s)
[51550704-72d0-4801-8957-d544fe3a2a28/Java 8 on ubuntu-latest]   | [INFO] Downloading from central: https://repo.maven.apache.org/maven2/org/codehaus/plexus/plexus-compiler-javac/2.2/plexus-compiler-javac-2.2.jar
[51550704-72d0-4801-8957-d544fe3a2a28/Java 8 on ubuntu-latest]   | [INFO] Downloaded from central: https://repo.maven.apache.org/maven2/org/apache/maven/shared/maven-shared-utils/0.1/maven-shared-utils-0.1.jar (155 kB at 388 kB/s)
[51550704-72d0-4801-8957-d544fe3a2a28/Java 8 on ubuntu-latest]   | [INFO] Downloading from central: https://repo.maven.apache.org/maven2/org/codehaus/plexus/plexus-container-default/1.5.5/plexus-container-default-1.5.5.jar
[51550704-72d0-4801-8957-d544fe3a2a28/Java 8 on ubuntu-latest]   | [INFO] Downloaded from central: https://repo.maven.apache.org/maven2/org/codehaus/plexus/plexus-compiler-api/2.2/plexus-compiler-api-2.2.jar (25 kB at 62 kB/s)
[51550704-72d0-4801-8957-d544fe3a2a28/Java 8 on ubuntu-latest]   | [INFO] Downloading from central: https://repo.maven.apache.org/maven2/org/codehaus/plexus/plexus-classworlds/2.2.2/plexus-classworlds-2.2.2.jar
[51550704-72d0-4801-8957-d544fe3a2a28/Java 8 on ubuntu-latest]   | [INFO] Downloaded from central: https://repo.maven.apache.org/maven2/org/codehaus/plexus/plexus-compiler-manager/2.2/plexus-compiler-manager-2.2.jar (4.6 kB at 11 kB/s)
[51550704-72d0-4801-8957-d544fe3a2a28/Java 8 on ubuntu-latest]   | [INFO] Downloaded from central: https://repo.maven.apache.org/maven2/org/codehaus/plexus/plexus-compiler-javac/2.2/plexus-compiler-javac-2.2.jar (19 kB at 47 kB/s)
[51550704-72d0-4801-8957-d544fe3a2a28/Java 8 on ubuntu-latest]   | [INFO] Downloading from central: https://repo.maven.apache.org/maven2/org/apache/xbean/xbean-reflect/3.4/xbean-reflect-3.4.jar
[51550704-72d0-4801-8957-d544fe3a2a28/Java 8 on ubuntu-latest]   | [INFO] Downloading from central: https://repo.maven.apache.org/maven2/log4j/log4j/1.2.12/log4j-1.2.12.jar
[51550704-72d0-4801-8957-d544fe3a2a28/Java 8 on ubuntu-latest]   | [INFO] Downloaded from central: https://repo.maven.apache.org/maven2/org/codehaus/plexus/plexus-classworlds/2.2.2/plexus-classworlds-2.2.2.jar (46 kB at 105 kB/s)
[51550704-72d0-4801-8957-d544fe3a2a28/Java 8 on ubuntu-latest]   | [INFO] Downloaded from central: https://repo.maven.apache.org/maven2/org/codehaus/plexus/plexus-container-default/1.5.5/plexus-container-default-1.5.5.jar (217 kB at 493 kB/s)
[51550704-72d0-4801-8957-d544fe3a2a28/Java 8 on ubuntu-latest]   | [INFO] Downloading from central: https://repo.maven.apache.org/maven2/commons-logging/commons-logging-api/1.1/commons-logging-api-1.1.jar
[51550704-72d0-4801-8957-d544fe3a2a28/Java 8 on ubuntu-latest]   | [INFO] Downloading from central: https://repo.maven.apache.org/maven2/com/google/collections/google-collections/1.0/google-collections-1.0.jar
[51550704-72d0-4801-8957-d544fe3a2a28/Java 8 on ubuntu-latest]   | [INFO] Downloaded from central: https://repo.maven.apache.org/maven2/org/apache/xbean/xbean-reflect/3.4/xbean-reflect-3.4.jar (134 kB at 301 kB/s)
[51550704-72d0-4801-8957-d544fe3a2a28/Java 8 on ubuntu-latest]   | [INFO] Downloading from central: https://repo.maven.apache.org/maven2/junit/junit/3.8.2/junit-3.8.2.jar
[51550704-72d0-4801-8957-d544fe3a2a28/Java 8 on ubuntu-latest]   | [INFO] Downloaded from central: https://repo.maven.apache.org/maven2/log4j/log4j/1.2.12/log4j-1.2.12.jar (358 kB at 790 kB/s)
[51550704-72d0-4801-8957-d544fe3a2a28/Java 8 on ubuntu-latest]   | [INFO] Downloaded from central: https://repo.maven.apache.org/maven2/commons-logging/commons-logging-api/1.1/commons-logging-api-1.1.jar (45 kB at 97 kB/s)
[51550704-72d0-4801-8957-d544fe3a2a28/Java 8 on ubuntu-latest]   | [INFO] Downloaded from central: https://repo.maven.apache.org/maven2/junit/junit/3.8.2/junit-3.8.2.jar (121 kB at 256 kB/s)
[51550704-72d0-4801-8957-d544fe3a2a28/Java 8 on ubuntu-latest]   | [INFO] Downloaded from central: https://repo.maven.apache.org/maven2/org/codehaus/plexus/plexus-utils/1.5.1/plexus-utils-1.5.1.jar (211 kB at 397 kB/s)
[51550704-72d0-4801-8957-d544fe3a2a28/Java 8 on ubuntu-latest]   | [INFO] Downloaded from central: https://repo.maven.apache.org/maven2/com/google/collections/google-collections/1.0/google-collections-1.0.jar (640 kB at 971 kB/s)
[51550704-72d0-4801-8957-d544fe3a2a28/Java 8 on ubuntu-latest]   | [INFO] Changes detected - recompiling the module!
[51550704-72d0-4801-8957-d544fe3a2a28/Java 8 on ubuntu-latest]   | [WARNING] File encoding has not been set, using platform encoding UTF-8, i.e. build is platform dependent!
[51550704-72d0-4801-8957-d544fe3a2a28/Java 8 on ubuntu-latest]   | [INFO] Compiling 37 source files to /tmp/f87c1611-0dfc-4db3-a56c-d3eb92cc42f4/target/classes
[51550704-72d0-4801-8957-d544fe3a2a28/Java 8 on ubuntu-latest]   | [WARNING] /tmp/f87c1611-0dfc-4db3-a56c-d3eb92cc42f4/src/main/java/org/reflections/util/ClasspathHelper.java: /tmp/f87c1611-0dfc-4db3-a56c-d3eb92cc42f4/src/main/java/org/reflections/util/ClasspathHelper.java uses or overrides a deprecated API.
[51550704-72d0-4801-8957-d544fe3a2a28/Java 8 on ubuntu-latest]   | [WARNING] /tmp/f87c1611-0dfc-4db3-a56c-d3eb92cc42f4/src/main/java/org/reflections/util/ClasspathHelper.java: Recompile with -Xlint:deprecation for details.
[51550704-72d0-4801-8957-d544fe3a2a28/Java 8 on ubuntu-latest]   | [WARNING] /tmp/f87c1611-0dfc-4db3-a56c-d3eb92cc42f4/src/main/java/org/reflections/Reflections.java: Some input files use unchecked or unsafe operations.
[51550704-72d0-4801-8957-d544fe3a2a28/Java 8 on ubuntu-latest]   | [WARNING] /tmp/f87c1611-0dfc-4db3-a56c-d3eb92cc42f4/src/main/java/org/reflections/Reflections.java: Recompile with -Xlint:unchecked for details.
[51550704-72d0-4801-8957-d544fe3a2a28/Java 8 on ubuntu-latest]   | [INFO] 
[51550704-72d0-4801-8957-d544fe3a2a28/Java 8 on ubuntu-latest]   | [INFO] --- maven-resources-plugin:2.6:testResources (default-testResources) @ reflections ---
[51550704-72d0-4801-8957-d544fe3a2a28/Java 8 on ubuntu-latest]   | [WARNING] Using platform encoding (UTF-8 actually) to copy filtered resources, i.e. build is platform dependent!
[51550704-72d0-4801-8957-d544fe3a2a28/Java 8 on ubuntu-latest]   | [INFO] Copying 4 resources
[51550704-72d0-4801-8957-d544fe3a2a28/Java 8 on ubuntu-latest]   | [INFO] 
[51550704-72d0-4801-8957-d544fe3a2a28/Java 8 on ubuntu-latest]   | [INFO] --- maven-compiler-plugin:3.1:testCompile (default-testCompile) @ reflections ---
[51550704-72d0-4801-8957-d544fe3a2a28/Java 8 on ubuntu-latest]   | [INFO] Changes detected - recompiling the module!
[51550704-72d0-4801-8957-d544fe3a2a28/Java 8 on ubuntu-latest]   | [WARNING] File encoding has not been set, using platform encoding UTF-8, i.e. build is platform dependent!
[51550704-72d0-4801-8957-d544fe3a2a28/Java 8 on ubuntu-latest]   | [INFO] Compiling 9 source files to /tmp/f87c1611-0dfc-4db3-a56c-d3eb92cc42f4/target/test-classes
[51550704-72d0-4801-8957-d544fe3a2a28/Java 8 on ubuntu-latest]   | [WARNING] /tmp/f87c1611-0dfc-4db3-a56c-d3eb92cc42f4/src/test/java/org/reflections/VfsTest.java: /tmp/f87c1611-0dfc-4db3-a56c-d3eb92cc42f4/src/test/java/org/reflections/VfsTest.java uses or overrides a deprecated API.
[51550704-72d0-4801-8957-d544fe3a2a28/Java 8 on ubuntu-latest]   | [WARNING] /tmp/f87c1611-0dfc-4db3-a56c-d3eb92cc42f4/src/test/java/org/reflections/VfsTest.java: Recompile with -Xlint:deprecation for details.
[51550704-72d0-4801-8957-d544fe3a2a28/Java 8 on ubuntu-latest]   | [INFO] 
[51550704-72d0-4801-8957-d544fe3a2a28/Java 8 on ubuntu-latest]   | [INFO] --- maven-surefire-plugin:2.12.4:test (default-test) @ reflections ---
[51550704-72d0-4801-8957-d544fe3a2a28/Java 8 on ubuntu-latest]   | [INFO] Downloading from central: https://repo.maven.apache.org/maven2/org/apache/maven/surefire/surefire-booter/2.12.4/surefire-booter-2.12.4.pom
[51550704-72d0-4801-8957-d544fe3a2a28/Java 8 on ubuntu-latest]   | [INFO] Downloaded from central: https://repo.maven.apache.org/maven2/org/apache/maven/surefire/surefire-booter/2.12.4/surefire-booter-2.12.4.pom (3.0 kB at 82 kB/s)
[51550704-72d0-4801-8957-d544fe3a2a28/Java 8 on ubuntu-latest]   | [INFO] Downloading from central: https://repo.maven.apache.org/maven2/org/apache/maven/surefire/surefire-api/2.12.4/surefire-api-2.12.4.pom
[51550704-72d0-4801-8957-d544fe3a2a28/Java 8 on ubuntu-latest]   | [INFO] Downloaded from central: https://repo.maven.apache.org/maven2/org/apache/maven/surefire/surefire-api/2.12.4/surefire-api-2.12.4.pom (2.5 kB at 61 kB/s)
[51550704-72d0-4801-8957-d544fe3a2a28/Java 8 on ubuntu-latest]   | [INFO] Downloading from central: https://repo.maven.apache.org/maven2/org/apache/maven/surefire/maven-surefire-common/2.12.4/maven-surefire-common-2.12.4.pom
[51550704-72d0-4801-8957-d544fe3a2a28/Java 8 on ubuntu-latest]   | [INFO] Downloaded from central: https://repo.maven.apache.org/maven2/org/apache/maven/surefire/maven-surefire-common/2.12.4/maven-surefire-common-2.12.4.pom (5.5 kB at 173 kB/s)
[51550704-72d0-4801-8957-d544fe3a2a28/Java 8 on ubuntu-latest]   | [INFO] Downloading from central: https://repo.maven.apache.org/maven2/org/apache/maven/plugin-tools/maven-plugin-annotations/3.1/maven-plugin-annotations-3.1.pom
[51550704-72d0-4801-8957-d544fe3a2a28/Java 8 on ubuntu-latest]   | [INFO] Downloaded from central: https://repo.maven.apache.org/maven2/org/apache/maven/plugin-tools/maven-plugin-annotations/3.1/maven-plugin-annotations-3.1.pom (1.6 kB at 58 kB/s)
[51550704-72d0-4801-8957-d544fe3a2a28/Java 8 on ubuntu-latest]   | [INFO] Downloading from central: https://repo.maven.apache.org/maven2/org/apache/maven/plugin-tools/maven-plugin-tools/3.1/maven-plugin-tools-3.1.pom
[51550704-72d0-4801-8957-d544fe3a2a28/Java 8 on ubuntu-latest]   | [INFO] Downloaded from central: https://repo.maven.apache.org/maven2/org/apache/maven/plugin-tools/maven-plugin-tools/3.1/maven-plugin-tools-3.1.pom (16 kB at 522 kB/s)
[51550704-72d0-4801-8957-d544fe3a2a28/Java 8 on ubuntu-latest]   | [INFO] Downloading from central: https://repo.maven.apache.org/maven2/org/apache/maven/reporting/maven-reporting-api/2.0.9/maven-reporting-api-2.0.9.pom
[51550704-72d0-4801-8957-d544fe3a2a28/Java 8 on ubuntu-latest]   | [INFO] Downloaded from central: https://repo.maven.apache.org/maven2/org/apache/maven/reporting/maven-reporting-api/2.0.9/maven-reporting-api-2.0.9.pom (1.8 kB at 49 kB/s)
[51550704-72d0-4801-8957-d544fe3a2a28/Java 8 on ubuntu-latest]   | [INFO] Downloading from central: https://repo.maven.apache.org/maven2/org/apache/maven/reporting/maven-reporting/2.0.9/maven-reporting-2.0.9.pom
[51550704-72d0-4801-8957-d544fe3a2a28/Java 8 on ubuntu-latest]   | [INFO] Downloaded from central: https://repo.maven.apache.org/maven2/org/apache/maven/reporting/maven-reporting/2.0.9/maven-reporting-2.0.9.pom (1.5 kB at 64 kB/s)
[51550704-72d0-4801-8957-d544fe3a2a28/Java 8 on ubuntu-latest]   | [INFO] Downloading from central: https://repo.maven.apache.org/maven2/org/apache/maven/maven-toolchain/2.0.9/maven-toolchain-2.0.9.pom
[51550704-72d0-4801-8957-d544fe3a2a28/Java 8 on ubuntu-latest]   | [INFO] Downloaded from central: https://repo.maven.apache.org/maven2/org/apache/maven/maven-toolchain/2.0.9/maven-toolchain-2.0.9.pom (3.5 kB at 109 kB/s)
[51550704-72d0-4801-8957-d544fe3a2a28/Java 8 on ubuntu-latest]   | [INFO] Downloading from central: https://repo.maven.apache.org/maven2/org/apache/commons/commons-lang3/3.1/commons-lang3-3.1.pom
[51550704-72d0-4801-8957-d544fe3a2a28/Java 8 on ubuntu-latest]   | [INFO] Downloaded from central: https://repo.maven.apache.org/maven2/org/apache/commons/commons-lang3/3.1/commons-lang3-3.1.pom (17 kB at 491 kB/s)
[51550704-72d0-4801-8957-d544fe3a2a28/Java 8 on ubuntu-latest]   | [INFO] Downloading from central: https://repo.maven.apache.org/maven2/org/apache/commons/commons-parent/22/commons-parent-22.pom
[51550704-72d0-4801-8957-d544fe3a2a28/Java 8 on ubuntu-latest]   | [INFO] Downloaded from central: https://repo.maven.apache.org/maven2/org/apache/commons/commons-parent/22/commons-parent-22.pom (42 kB at 1.3 MB/s)
[51550704-72d0-4801-8957-d544fe3a2a28/Java 8 on ubuntu-latest]   | [INFO] Downloading from central: https://repo.maven.apache.org/maven2/org/apache/maven/shared/maven-common-artifact-filters/1.3/maven-common-artifact-filters-1.3.pom
[51550704-72d0-4801-8957-d544fe3a2a28/Java 8 on ubuntu-latest]   | [INFO] Downloaded from central: https://repo.maven.apache.org/maven2/org/apache/maven/shared/maven-common-artifact-filters/1.3/maven-common-artifact-filters-1.3.pom (3.7 kB at 142 kB/s)
[51550704-72d0-4801-8957-d544fe3a2a28/Java 8 on ubuntu-latest]   | [INFO] Downloading from central: https://repo.maven.apache.org/maven2/org/apache/maven/shared/maven-shared-components/12/maven-shared-components-12.pom
[51550704-72d0-4801-8957-d544fe3a2a28/Java 8 on ubuntu-latest]   | [INFO] Downloaded from central: https://repo.maven.apache.org/maven2/org/apache/maven/shared/maven-shared-components/12/maven-shared-components-12.pom (9.3 kB at 233 kB/s)
[51550704-72d0-4801-8957-d544fe3a2a28/Java 8 on ubuntu-latest]   | [INFO] Downloading from central: https://repo.maven.apache.org/maven2/org/apache/maven/maven-parent/13/maven-parent-13.pom
[51550704-72d0-4801-8957-d544fe3a2a28/Java 8 on ubuntu-latest]   | [INFO] Downloaded from central: https://repo.maven.apache.org/maven2/org/apache/maven/maven-parent/13/maven-parent-13.pom (23 kB at 596 kB/s)
[51550704-72d0-4801-8957-d544fe3a2a28/Java 8 on ubuntu-latest]   | [INFO] Downloading from central: https://repo.maven.apache.org/maven2/org/apache/apache/6/apache-6.pom
[51550704-72d0-4801-8957-d544fe3a2a28/Java 8 on ubuntu-latest]   | [INFO] Downloaded from central: https://repo.maven.apache.org/maven2/org/apache/apache/6/apache-6.pom (13 kB at 512 kB/s)
[51550704-72d0-4801-8957-d544fe3a2a28/Java 8 on ubuntu-latest]   | [INFO] Downloading from central: https://repo.maven.apache.org/maven2/org/codehaus/plexus/plexus-container-default/1.0-alpha-9/plexus-container-default-1.0-alpha-9.pom
[51550704-72d0-4801-8957-d544fe3a2a28/Java 8 on ubuntu-latest]   | [INFO] Downloaded from central: https://repo.maven.apache.org/maven2/org/codehaus/plexus/plexus-container-default/1.0-alpha-9/plexus-container-default-1.0-alpha-9.pom (1.2 kB at 56 kB/s)
[51550704-72d0-4801-8957-d544fe3a2a28/Java 8 on ubuntu-latest]   | [INFO] Downloading from central: https://repo.maven.apache.org/maven2/org/apache/maven/surefire/surefire-booter/2.12.4/surefire-booter-2.12.4.jar
[51550704-72d0-4801-8957-d544fe3a2a28/Java 8 on ubuntu-latest]   | [INFO] Downloading from central: https://repo.maven.apache.org/maven2/org/apache/maven/surefire/surefire-api/2.12.4/surefire-api-2.12.4.jar
[51550704-72d0-4801-8957-d544fe3a2a28/Java 8 on ubuntu-latest]   | [INFO] Downloading from central: https://repo.maven.apache.org/maven2/org/apache/maven/surefire/maven-surefire-common/2.12.4/maven-surefire-common-2.12.4.jar
[51550704-72d0-4801-8957-d544fe3a2a28/Java 8 on ubuntu-latest]   | [INFO] Downloading from central: https://repo.maven.apache.org/maven2/org/apache/commons/commons-lang3/3.1/commons-lang3-3.1.jar
[51550704-72d0-4801-8957-d544fe3a2a28/Java 8 on ubuntu-latest]   | [INFO] Downloading from central: https://repo.maven.apache.org/maven2/org/apache/maven/shared/maven-common-artifact-filters/1.3/maven-common-artifact-filters-1.3.jar
[51550704-72d0-4801-8957-d544fe3a2a28/Java 8 on ubuntu-latest]   | [INFO] Downloaded from central: https://repo.maven.apache.org/maven2/org/apache/maven/shared/maven-common-artifact-filters/1.3/maven-common-artifact-filters-1.3.jar (31 kB at 817 kB/s)
[51550704-72d0-4801-8957-d544fe3a2a28/Java 8 on ubuntu-latest]   | [INFO] Downloading from central: https://repo.maven.apache.org/maven2/org/codehaus/plexus/plexus-utils/3.0.8/plexus-utils-3.0.8.jar
[51550704-72d0-4801-8957-d544fe3a2a28/Java 8 on ubuntu-latest]   | [INFO] Downloaded from central: https://repo.maven.apache.org/maven2/org/apache/maven/surefire/surefire-api/2.12.4/surefire-api-2.12.4.jar (118 kB at 2.6 MB/s)
[51550704-72d0-4801-8957-d544fe3a2a28/Java 8 on ubuntu-latest]   | [INFO] Downloading from central: https://repo.maven.apache.org/maven2/org/apache/maven/reporting/maven-reporting-api/2.0.9/maven-reporting-api-2.0.9.jar
[51550704-72d0-4801-8957-d544fe3a2a28/Java 8 on ubuntu-latest]   | [INFO] Downloaded from central: https://repo.maven.apache.org/maven2/org/apache/maven/surefire/surefire-booter/2.12.4/surefire-booter-2.12.4.jar (35 kB at 680 kB/s)
[51550704-72d0-4801-8957-d544fe3a2a28/Java 8 on ubuntu-latest]   | [INFO] Downloading from central: https://repo.maven.apache.org/maven2/org/apache/maven/maven-toolchain/2.0.9/maven-toolchain-2.0.9.jar
[51550704-72d0-4801-8957-d544fe3a2a28/Java 8 on ubuntu-latest]   | [INFO] Downloaded from central: https://repo.maven.apache.org/maven2/org/apache/maven/reporting/maven-reporting-api/2.0.9/maven-reporting-api-2.0.9.jar (10 kB at 139 kB/s)
[51550704-72d0-4801-8957-d544fe3a2a28/Java 8 on ubuntu-latest]   | [INFO] Downloading from central: https://repo.maven.apache.org/maven2/org/apache/maven/plugin-tools/maven-plugin-annotations/3.1/maven-plugin-annotations-3.1.jar
[51550704-72d0-4801-8957-d544fe3a2a28/Java 8 on ubuntu-latest]   | [INFO] Downloaded from central: https://repo.maven.apache.org/maven2/org/apache/maven/maven-toolchain/2.0.9/maven-toolchain-2.0.9.jar (38 kB at 513 kB/s)
[51550704-72d0-4801-8957-d544fe3a2a28/Java 8 on ubuntu-latest]   | [INFO] Downloaded from central: https://repo.maven.apache.org/maven2/org/codehaus/plexus/plexus-utils/3.0.8/plexus-utils-3.0.8.jar (232 kB at 2.5 MB/s)
[51550704-72d0-4801-8957-d544fe3a2a28/Java 8 on ubuntu-latest]   | [INFO] Downloaded from central: https://repo.maven.apache.org/maven2/org/apache/maven/surefire/maven-surefire-common/2.12.4/maven-surefire-common-2.12.4.jar (263 kB at 2.6 MB/s)
[51550704-72d0-4801-8957-d544fe3a2a28/Java 8 on ubuntu-latest]   | [INFO] Downloaded from central: https://repo.maven.apache.org/maven2/org/apache/maven/plugin-tools/maven-plugin-annotations/3.1/maven-plugin-annotations-3.1.jar (14 kB at 131 kB/s)
[51550704-72d0-4801-8957-d544fe3a2a28/Java 8 on ubuntu-latest]   | [INFO] Downloaded from central: https://repo.maven.apache.org/maven2/org/apache/commons/commons-lang3/3.1/commons-lang3-3.1.jar (316 kB at 2.7 MB/s)
[51550704-72d0-4801-8957-d544fe3a2a28/Java 8 on ubuntu-latest]   | [INFO] Surefire report directory: /tmp/f87c1611-0dfc-4db3-a56c-d3eb92cc42f4/target/surefire-reports
[51550704-72d0-4801-8957-d544fe3a2a28/Java 8 on ubuntu-latest]   | [INFO] Downloading from central: https://repo.maven.apache.org/maven2/org/apache/maven/surefire/surefire-junit4/2.12.4/surefire-junit4-2.12.4.pom
[51550704-72d0-4801-8957-d544fe3a2a28/Java 8 on ubuntu-latest]   | [INFO] Downloaded from central: https://repo.maven.apache.org/maven2/org/apache/maven/surefire/surefire-junit4/2.12.4/surefire-junit4-2.12.4.pom (2.4 kB at 63 kB/s)
[51550704-72d0-4801-8957-d544fe3a2a28/Java 8 on ubuntu-latest]   | [INFO] Downloading from central: https://repo.maven.apache.org/maven2/org/apache/maven/surefire/surefire-providers/2.12.4/surefire-providers-2.12.4.pom
[51550704-72d0-4801-8957-d544fe3a2a28/Java 8 on ubuntu-latest]   | [INFO] Downloaded from central: https://repo.maven.apache.org/maven2/org/apache/maven/surefire/surefire-providers/2.12.4/surefire-providers-2.12.4.pom (2.3 kB at 98 kB/s)
[51550704-72d0-4801-8957-d544fe3a2a28/Java 8 on ubuntu-latest]   | [INFO] Downloading from central: https://repo.maven.apache.org/maven2/org/apache/maven/surefire/surefire-junit4/2.12.4/surefire-junit4-2.12.4.jar
[51550704-72d0-4801-8957-d544fe3a2a28/Java 8 on ubuntu-latest]   | [INFO] Downloaded from central: https://repo.maven.apache.org/maven2/org/apache/maven/surefire/surefire-junit4/2.12.4/surefire-junit4-2.12.4.jar (37 kB at 923 kB/s)
[51550704-72d0-4801-8957-d544fe3a2a28/Java 8 on ubuntu-latest]   | 
[51550704-72d0-4801-8957-d544fe3a2a28/Java 8 on ubuntu-latest]   | -------------------------------------------------------
[51550704-72d0-4801-8957-d544fe3a2a28/Java 8 on ubuntu-latest]   |  T E S T S
[51550704-72d0-4801-8957-d544fe3a2a28/Java 8 on ubuntu-latest]   | -------------------------------------------------------
[51550704-72d0-4801-8957-d544fe3a2a28/Java 8 on ubuntu-latest]   | Running org.reflections.VfsTest
[51550704-72d0-4801-8957-d544fe3a2a28/Java 8 on ubuntu-latest]   | testVfsDir(file:/tmp/f87c1611-0dfc-4db3-a56c-d3eb92cc42f4/target/test-classes/dir+with%20spaces)
[51550704-72d0-4801-8957-d544fe3a2a28/Java 8 on ubuntu-latest]   | testVfsDir(file:/usr/lib/jvm/adoptopenjdk-8-hotspot-amd64/jre/lib/ext/sunec.jar)
[51550704-72d0-4801-8957-d544fe3a2a28/Java 8 on ubuntu-latest]   | testVfsDir(file:/tmp/f87c1611-0dfc-4db3-a56c-d3eb92cc42f4/)
[51550704-72d0-4801-8957-d544fe3a2a28/Java 8 on ubuntu-latest]   | testVfsDir(jar:file:/usr/lib/jvm/adoptopenjdk-8-hotspot-amd64/jre/lib/ext/sunec.jar!/)
[51550704-72d0-4801-8957-d544fe3a2a28/Java 8 on ubuntu-latest]   | Tests run: 9, Failures: 0, Errors: 0, Skipped: 1, Time elapsed: 0.318 sec
[51550704-72d0-4801-8957-d544fe3a2a28/Java 8 on ubuntu-latest]   | Running org.reflections.ReflectionUtilsTest
[51550704-72d0-4801-8957-d544fe3a2a28/Java 8 on ubuntu-latest]   | 46 [main] INFO org.reflections.Reflections - Reflections took 33 ms to scan 1 urls, producing 1 keys and 2 values 
[51550704-72d0-4801-8957-d544fe3a2a28/Java 8 on ubuntu-latest]   | Tests run: 4, Failures: 0, Errors: 0, Skipped: 0, Time elapsed: 0.058 sec
[51550704-72d0-4801-8957-d544fe3a2a28/Java 8 on ubuntu-latest]   | Running org.reflections.ReflectionsParallelTest
[51550704-72d0-4801-8957-d544fe3a2a28/Java 8 on ubuntu-latest]   | 117 [main] INFO org.reflections.Reflections - Reflections took 35 ms to scan 1 urls, producing 50 keys and 152 values [using 128 cores]
[51550704-72d0-4801-8957-d544fe3a2a28/Java 8 on ubuntu-latest]   | 161 [main] INFO org.reflections.Reflections - Reflections took 4 ms to scan 1 urls, producing 2 keys and 2 values 
[51550704-72d0-4801-8957-d544fe3a2a28/Java 8 on ubuntu-latest]   | 169 [main] INFO org.reflections.Reflections - Reflections took 4 ms to scan 1 urls, producing 15 keys and 37 values 
[51550704-72d0-4801-8957-d544fe3a2a28/Java 8 on ubuntu-latest]   | Tests run: 11, Failures: 0, Errors: 0, Skipped: 0, Time elapsed: 0.098 sec
[51550704-72d0-4801-8957-d544fe3a2a28/Java 8 on ubuntu-latest]   | Running org.reflections.ReflectionsCollectTest
[51550704-72d0-4801-8957-d544fe3a2a28/Java 8 on ubuntu-latest]   | 184 [main] INFO org.reflections.Reflections - Reflections took 12 ms to scan 1 urls, producing 37 keys and 100 values 
[51550704-72d0-4801-8957-d544fe3a2a28/Java 8 on ubuntu-latest]   | 214 [main] INFO org.reflections.Reflections - Reflections successfully saved in /tmp/f87c1611-0dfc-4db3-a56c-d3eb92cc42f4/target/test-classes/META-INF/reflections/testModel-reflections.xml using XmlSerializer
[51550704-72d0-4801-8957-d544fe3a2a28/Java 8 on ubuntu-latest]   | 219 [main] INFO org.reflections.Reflections - Reflections took 5 ms to scan 1 urls, producing 12 keys and 50 values 
[51550704-72d0-4801-8957-d544fe3a2a28/Java 8 on ubuntu-latest]   | 278 [main] INFO org.reflections.Reflections - Reflections successfully saved in /tmp/f87c1611-0dfc-4db3-a56c-d3eb92cc42f4/target/test-classes/META-INF/reflections/testModel-reflections.json using JsonSerializer
[51550704-72d0-4801-8957-d544fe3a2a28/Java 8 on ubuntu-latest]   | 343 [main] INFO org.reflections.Reflections - Reflections took 65 ms to collect 1 url, producing 38 keys and 102 values [file:/tmp/f87c1611-0dfc-4db3-a56c-d3eb92cc42f4/target/test-classes/]
[51550704-72d0-4801-8957-d544fe3a2a28/Java 8 on ubuntu-latest]   | 362 [main] INFO org.reflections.Reflections - Reflections took 18 ms to collect 1 url, producing 12 keys and 50 values [file:/tmp/f87c1611-0dfc-4db3-a56c-d3eb92cc42f4/target/test-classes/]
[51550704-72d0-4801-8957-d544fe3a2a28/Java 8 on ubuntu-latest]   | 373 [main] INFO org.reflections.Reflections - Reflections took 8 ms to scan 1 urls, producing 4 keys and 4 values 
[51550704-72d0-4801-8957-d544fe3a2a28/Java 8 on ubuntu-latest]   | 397 [main] INFO org.reflections.Reflections - Reflections took 6 ms to scan 1 urls, producing 15 keys and 37 values 
[51550704-72d0-4801-8957-d544fe3a2a28/Java 8 on ubuntu-latest]   | Tests run: 11, Failures: 0, Errors: 0, Skipped: 0, Time elapsed: 0.227 sec
[51550704-72d0-4801-8957-d544fe3a2a28/Java 8 on ubuntu-latest]   | Running org.reflections.ReflectionsTest
[51550704-72d0-4801-8957-d544fe3a2a28/Java 8 on ubuntu-latest]   | 416 [main] INFO org.reflections.Reflections - Reflections took 17 ms to scan 1 urls, producing 50 keys and 152 values 
[51550704-72d0-4801-8957-d544fe3a2a28/Java 8 on ubuntu-latest]   | 439 [main] INFO org.reflections.Reflections - Reflections took 5 ms to scan 1 urls, producing 2 keys and 2 values 
[51550704-72d0-4801-8957-d544fe3a2a28/Java 8 on ubuntu-latest]   | 457 [main] INFO org.reflections.Reflections - Reflections took 9 ms to scan 1 urls, producing 15 keys and 37 values 
[51550704-72d0-4801-8957-d544fe3a2a28/Java 8 on ubuntu-latest]   | Tests run: 11, Failures: 0, Errors: 0, Skipped: 0, Time elapsed: 0.059 sec
[51550704-72d0-4801-8957-d544fe3a2a28/Java 8 on ubuntu-latest]   | Running org.reflections.FilterBuilderTest
[51550704-72d0-4801-8957-d544fe3a2a28/Java 8 on ubuntu-latest]   | Tests run: 17, Failures: 1, Errors: 0, Skipped: 0, Time elapsed: 0.01 sec <<< FAILURE!
[51550704-72d0-4801-8957-d544fe3a2a28/Java 8 on ubuntu-latest]   | test_includePackageMultiple(org.reflections.FilterBuilderTest)  Time elapsed: 0.004 sec  <<< FAILURE!
[51550704-72d0-4801-8957-d544fe3a2a28/Java 8 on ubuntu-latest]   | java.lang.AssertionError: 
[51550704-72d0-4801-8957-d544fe3a2a28/Java 8 on ubuntu-latest]   | 	at org.junit.Assert.fail(Assert.java:91)
[51550704-72d0-4801-8957-d544fe3a2a28/Java 8 on ubuntu-latest]   | 	at org.junit.Assert.assertTrue(Assert.java:43)
[51550704-72d0-4801-8957-d544fe3a2a28/Java 8 on ubuntu-latest]   | 	at org.junit.Assert.assertTrue(Assert.java:54)
[51550704-72d0-4801-8957-d544fe3a2a28/Java 8 on ubuntu-latest]   | 	at org.reflections.FilterBuilderTest.test_includePackageMultiple(FilterBuilderTest.java:35)
[51550704-72d0-4801-8957-d544fe3a2a28/Java 8 on ubuntu-latest]   | 	at sun.reflect.NativeMethodAccessorImpl.invoke0(Native Method)
[51550704-72d0-4801-8957-d544fe3a2a28/Java 8 on ubuntu-latest]   | 	at sun.reflect.NativeMethodAccessorImpl.invoke(NativeMethodAccessorImpl.java:62)
[51550704-72d0-4801-8957-d544fe3a2a28/Java 8 on ubuntu-latest]   | 	at sun.reflect.DelegatingMethodAccessorImpl.invoke(DelegatingMethodAccessorImpl.java:43)
[51550704-72d0-4801-8957-d544fe3a2a28/Java 8 on ubuntu-latest]   | 	at java.lang.reflect.Method.invoke(Method.java:498)
[51550704-72d0-4801-8957-d544fe3a2a28/Java 8 on ubuntu-latest]   | 	at org.junit.runners.model.FrameworkMethod$1.runReflectiveCall(FrameworkMethod.java:44)
[51550704-72d0-4801-8957-d544fe3a2a28/Java 8 on ubuntu-latest]   | 	at org.junit.internal.runners.model.ReflectiveCallable.run(ReflectiveCallable.java:15)
[51550704-72d0-4801-8957-d544fe3a2a28/Java 8 on ubuntu-latest]   | 	at org.junit.runners.model.FrameworkMethod.invokeExplosively(FrameworkMethod.java:41)
[51550704-72d0-4801-8957-d544fe3a2a28/Java 8 on ubuntu-latest]   | 	at org.junit.internal.runners.statements.InvokeMethod.evaluate(InvokeMethod.java:20)
[51550704-72d0-4801-8957-d544fe3a2a28/Java 8 on ubuntu-latest]   | 	at org.junit.internal.runners.statements.RunBefores.evaluate(RunBefores.java:28)
[51550704-72d0-4801-8957-d544fe3a2a28/Java 8 on ubuntu-latest]   | 	at org.junit.internal.runners.statements.RunAfters.evaluate(RunAfters.java:31)
[51550704-72d0-4801-8957-d544fe3a2a28/Java 8 on ubuntu-latest]   | 	at org.junit.runners.BlockJUnit4ClassRunner.runChild(BlockJUnit4ClassRunner.java:73)
[51550704-72d0-4801-8957-d544fe3a2a28/Java 8 on ubuntu-latest]   | 	at org.junit.runners.BlockJUnit4ClassRunner.runChild(BlockJUnit4ClassRunner.java:46)
[51550704-72d0-4801-8957-d544fe3a2a28/Java 8 on ubuntu-latest]   | 	at org.junit.runners.ParentRunner.runChildren(ParentRunner.java:180)
[51550704-72d0-4801-8957-d544fe3a2a28/Java 8 on ubuntu-latest]   | 	at org.junit.runners.ParentRunner.access$000(ParentRunner.java:41)
[51550704-72d0-4801-8957-d544fe3a2a28/Java 8 on ubuntu-latest]   | 	at org.junit.runners.ParentRunner$1.evaluate(ParentRunner.java:173)
[51550704-72d0-4801-8957-d544fe3a2a28/Java 8 on ubuntu-latest]   | 	at org.junit.internal.runners.statements.RunBefores.evaluate(RunBefores.java:28)
[51550704-72d0-4801-8957-d544fe3a2a28/Java 8 on ubuntu-latest]   | 	at org.junit.internal.runners.statements.RunAfters.evaluate(RunAfters.java:31)
[51550704-72d0-4801-8957-d544fe3a2a28/Java 8 on ubuntu-latest]   | 	at org.junit.runners.ParentRunner.run(ParentRunner.java:220)
[51550704-72d0-4801-8957-d544fe3a2a28/Java 8 on ubuntu-latest]   | 	at org.apache.maven.surefire.junit4.JUnit4Provider.execute(JUnit4Provider.java:252)
[51550704-72d0-4801-8957-d544fe3a2a28/Java 8 on ubuntu-latest]   | 	at org.apache.maven.surefire.junit4.JUnit4Provider.executeTestSet(JUnit4Provider.java:141)
[51550704-72d0-4801-8957-d544fe3a2a28/Java 8 on ubuntu-latest]   | 	at org.apache.maven.surefire.junit4.JUnit4Provider.invoke(JUnit4Provider.java:112)
[51550704-72d0-4801-8957-d544fe3a2a28/Java 8 on ubuntu-latest]   | 	at sun.reflect.NativeMethodAccessorImpl.invoke0(Native Method)
[51550704-72d0-4801-8957-d544fe3a2a28/Java 8 on ubuntu-latest]   | 	at sun.reflect.NativeMethodAccessorImpl.invoke(NativeMethodAccessorImpl.java:62)
[51550704-72d0-4801-8957-d544fe3a2a28/Java 8 on ubuntu-latest]   | 	at sun.reflect.DelegatingMethodAccessorImpl.invoke(DelegatingMethodAccessorImpl.java:43)
[51550704-72d0-4801-8957-d544fe3a2a28/Java 8 on ubuntu-latest]   | 	at java.lang.reflect.Method.invoke(Method.java:498)
[51550704-72d0-4801-8957-d544fe3a2a28/Java 8 on ubuntu-latest]   | 	at org.apache.maven.surefire.util.ReflectionUtils.invokeMethodWithArray(ReflectionUtils.java:189)
[51550704-72d0-4801-8957-d544fe3a2a28/Java 8 on ubuntu-latest]   | 	at org.apache.maven.surefire.booter.ProviderFactory$ProviderProxy.invoke(ProviderFactory.java:165)
[51550704-72d0-4801-8957-d544fe3a2a28/Java 8 on ubuntu-latest]   | 	at org.apache.maven.surefire.booter.ProviderFactory.invokeProvider(ProviderFactory.java:85)
[51550704-72d0-4801-8957-d544fe3a2a28/Java 8 on ubuntu-latest]   | 	at org.apache.maven.surefire.booter.ForkedBooter.runSuitesInProcess(ForkedBooter.java:115)
[51550704-72d0-4801-8957-d544fe3a2a28/Java 8 on ubuntu-latest]   | 	at org.apache.maven.surefire.booter.ForkedBooter.main(ForkedBooter.java:75)
[51550704-72d0-4801-8957-d544fe3a2a28/Java 8 on ubuntu-latest]   | 
[51550704-72d0-4801-8957-d544fe3a2a28/Java 8 on ubuntu-latest]   | Running org.reflections.JavaCodeSerializerTest
[51550704-72d0-4801-8957-d544fe3a2a28/Java 8 on ubuntu-latest]   | 474 [main] INFO org.reflections.Reflections - Reflections took 4 ms to scan 1 urls, producing 22 keys and 73 values 
[51550704-72d0-4801-8957-d544fe3a2a28/Java 8 on ubuntu-latest]   | 496 [main] INFO org.reflections.Reflections - Reflections successfully saved in /tmp/f87c1611-0dfc-4db3-a56c-d3eb92cc42f4/src/test/java/org/reflections/MyTestModelStore.java using JavaCodeSerializer
[51550704-72d0-4801-8957-d544fe3a2a28/Java 8 on ubuntu-latest]   | Tests run: 1, Failures: 0, Errors: 0, Skipped: 0, Time elapsed: 0.032 sec
[51550704-72d0-4801-8957-d544fe3a2a28/Java 8 on ubuntu-latest]   | 
[51550704-72d0-4801-8957-d544fe3a2a28/Java 8 on ubuntu-latest]   | Results :
[51550704-72d0-4801-8957-d544fe3a2a28/Java 8 on ubuntu-latest]   | 
[51550704-72d0-4801-8957-d544fe3a2a28/Java 8 on ubuntu-latest]   | Failed tests:   test_includePackageMultiple(org.reflections.FilterBuilderTest)
[51550704-72d0-4801-8957-d544fe3a2a28/Java 8 on ubuntu-latest]   | 
[51550704-72d0-4801-8957-d544fe3a2a28/Java 8 on ubuntu-latest]   | Tests run: 64, Failures: 1, Errors: 0, Skipped: 1
[51550704-72d0-4801-8957-d544fe3a2a28/Java 8 on ubuntu-latest]   | 
[51550704-72d0-4801-8957-d544fe3a2a28/Java 8 on ubuntu-latest]   | [INFO] ------------------------------------------------------------------------
[51550704-72d0-4801-8957-d544fe3a2a28/Java 8 on ubuntu-latest]   | [INFO] BUILD FAILURE
[51550704-72d0-4801-8957-d544fe3a2a28/Java 8 on ubuntu-latest]   | [INFO] ------------------------------------------------------------------------
[51550704-72d0-4801-8957-d544fe3a2a28/Java 8 on ubuntu-latest]   | [INFO] Total time:  30.212 s
[51550704-72d0-4801-8957-d544fe3a2a28/Java 8 on ubuntu-latest]   | [INFO] Finished at: 2023-07-12T15:26:08Z
[51550704-72d0-4801-8957-d544fe3a2a28/Java 8 on ubuntu-latest]   | [INFO] ------------------------------------------------------------------------
[51550704-72d0-4801-8957-d544fe3a2a28/Java 8 on ubuntu-latest]   | [ERROR] Failed to execute goal org.apache.maven.plugins:maven-surefire-plugin:2.12.4:test (default-test) on project reflections: There are test failures.
[51550704-72d0-4801-8957-d544fe3a2a28/Java 8 on ubuntu-latest]   | [ERROR] 
[51550704-72d0-4801-8957-d544fe3a2a28/Java 8 on ubuntu-latest]   | [ERROR] Please refer to /tmp/f87c1611-0dfc-4db3-a56c-d3eb92cc42f4/target/surefire-reports for the individual test results.
[51550704-72d0-4801-8957-d544fe3a2a28/Java 8 on ubuntu-latest]   | [ERROR] -> [Help 1]
[51550704-72d0-4801-8957-d544fe3a2a28/Java 8 on ubuntu-latest]   | [ERROR] 
[51550704-72d0-4801-8957-d544fe3a2a28/Java 8 on ubuntu-latest]   | [ERROR] To see the full stack trace of the errors, re-run Maven with the -e switch.
[51550704-72d0-4801-8957-d544fe3a2a28/Java 8 on ubuntu-latest]   | [ERROR] Re-run Maven using the -X switch to enable full debug logging.
[51550704-72d0-4801-8957-d544fe3a2a28/Java 8 on ubuntu-latest]   | [ERROR] 
[51550704-72d0-4801-8957-d544fe3a2a28/Java 8 on ubuntu-latest]   | [ERROR] For more information about the errors and possible solutions, please read the following articles:
[51550704-72d0-4801-8957-d544fe3a2a28/Java 8 on ubuntu-latest]   | [ERROR] [Help 1] http://cwiki.apache.org/confluence/display/MAVEN/MojoFailureException
[51550704-72d0-4801-8957-d544fe3a2a28/Java 8 on ubuntu-latest]   ‚ùå  Failure - Main Test with Maven
[51550704-72d0-4801-8957-d544fe3a2a28/Java 8 on ubuntu-latest] exitcode '1': failure
[51550704-72d0-4801-8957-d544fe3a2a28/Java 8 on ubuntu-latest] unable to get git ref: failed to identify reference (tag/branch) for the checked-out revision '2624a64346ccceb228c9927928c71714f921e014'
[51550704-72d0-4801-8957-d544fe3a2a28/Java 8 on ubuntu-latest] unable to get git ref: failed to identify reference (tag/branch) for the checked-out revision '2624a64346ccceb228c9927928c71714f921e014'
[51550704-72d0-4801-8957-d544fe3a2a28/Java 8 on ubuntu-latest] unable to get git ref: failed to identify reference (tag/branch) for the checked-out revision '2624a64346ccceb228c9927928c71714f921e014'
[51550704-72d0-4801-8957-d544fe3a2a28/Java 8 on ubuntu-latest] unable to get git ref: failed to identify reference (tag/branch) for the checked-out revision '2624a64346ccceb228c9927928c71714f921e014'
[51550704-72d0-4801-8957-d544fe3a2a28/Java 8 on ubuntu-latest] unable to get git ref: failed to identify reference (tag/branch) for the checked-out revision '2624a64346ccceb228c9927928c71714f921e014'
[51550704-72d0-4801-8957-d544fe3a2a28/Java 8 on ubuntu-latest] unable to get git ref: failed to identify reference (tag/branch) for the checked-out revision '2624a64346ccceb228c9927928c71714f921e014'
[51550704-72d0-4801-8957-d544fe3a2a28/Java 8 on ubuntu-latest] unable to get git ref: failed to identify reference (tag/branch) for the checked-out revision '2624a64346ccceb228c9927928c71714f921e014'
[51550704-72d0-4801-8957-d544fe3a2a28/Java 8 on ubuntu-latest] unable to get git ref: failed to identify reference (tag/branch) for the checked-out revision '2624a64346ccceb228c9927928c71714f921e014'
[51550704-72d0-4801-8957-d544fe3a2a28/Java 8 on ubuntu-latest] unable to get git ref: failed to identify reference (tag/branch) for the checked-out revision '2624a64346ccceb228c9927928c71714f921e014'
[51550704-72d0-4801-8957-d544fe3a2a28/Java 8 on ubuntu-latest] unable to get git ref: failed to identify reference (tag/branch) for the checked-out revision '2624a64346ccceb228c9927928c71714f921e014'
[51550704-72d0-4801-8957-d544fe3a2a28/Java 8 on ubuntu-latest] ‚≠ê Run Post Setup Java
[51550704-72d0-4801-8957-d544fe3a2a28/Java 8 on ubuntu-latest]   üê≥  docker exec cmd=[node /var/run/act/actions/actions-setup-java@v2/dist/cleanup/index.js] user= workdir=
[51550704-72d0-4801-8957-d544fe3a2a28/Java 8 on ubuntu-latest]   ‚úÖ  Success - Post Setup Java
[51550704-72d0-4801-8957-d544fe3a2a28/Java 8 on ubuntu-latest] üèÅ  Job failed
[51550704-72d0-4801-8957-d544fe3a2a28/Java 8 on ubuntu-latest] unable to get git ref: failed to identify reference (tag/branch) for the checked-out revision '2624a64346ccceb228c9927928c71714f921e014'
