[03a69270-171d-4716-aa53-9421d410e119/build] üöÄ  Start image=crawlergpt:latest
[03a69270-171d-4716-aa53-9421d410e119/build]   üê≥  docker pull image=crawlergpt:latest platform= username= forcePull=false
[03a69270-171d-4716-aa53-9421d410e119/build]   üê≥  docker create image=crawlergpt:latest platform= entrypoint=["tail" "-f" "/dev/null"] cmd=[]
[03a69270-171d-4716-aa53-9421d410e119/build]   üê≥  docker run image=crawlergpt:latest platform= entrypoint=["tail" "-f" "/dev/null"] cmd=[]
[03a69270-171d-4716-aa53-9421d410e119/build]   üê≥  docker exec cmd=[chown -R 1012:1013 /tmp/e52467a4-64fd-4ab2-bafd-2694a620318a] user=0 workdir=
[03a69270-171d-4716-aa53-9421d410e119/build] unable to get git ref: failed to identify reference (tag/branch) for the checked-out revision 'c9a819dc4741f053364b1ce88438f7dcf20c5bd0'
[03a69270-171d-4716-aa53-9421d410e119/build] unable to get git ref: failed to identify reference (tag/branch) for the checked-out revision 'c9a819dc4741f053364b1ce88438f7dcf20c5bd0'
[03a69270-171d-4716-aa53-9421d410e119/build] unable to get git ref: failed to identify reference (tag/branch) for the checked-out revision 'c9a819dc4741f053364b1ce88438f7dcf20c5bd0'
[03a69270-171d-4716-aa53-9421d410e119/build] unable to get git ref: failed to identify reference (tag/branch) for the checked-out revision 'c9a819dc4741f053364b1ce88438f7dcf20c5bd0'
[03a69270-171d-4716-aa53-9421d410e119/build] unable to get git ref: failed to identify reference (tag/branch) for the checked-out revision 'c9a819dc4741f053364b1ce88438f7dcf20c5bd0'
[03a69270-171d-4716-aa53-9421d410e119/build] unable to get git ref: failed to identify reference (tag/branch) for the checked-out revision 'c9a819dc4741f053364b1ce88438f7dcf20c5bd0'
[03a69270-171d-4716-aa53-9421d410e119/build] unable to get git ref: failed to identify reference (tag/branch) for the checked-out revision 'c9a819dc4741f053364b1ce88438f7dcf20c5bd0'
[03a69270-171d-4716-aa53-9421d410e119/build] unable to get git ref: failed to identify reference (tag/branch) for the checked-out revision 'c9a819dc4741f053364b1ce88438f7dcf20c5bd0'
[03a69270-171d-4716-aa53-9421d410e119/build] unable to get git ref: failed to identify reference (tag/branch) for the checked-out revision 'c9a819dc4741f053364b1ce88438f7dcf20c5bd0'
[03a69270-171d-4716-aa53-9421d410e119/build] ‚≠ê Run Main actions/checkout@v2
[03a69270-171d-4716-aa53-9421d410e119/build] unable to get git ref: failed to identify reference (tag/branch) for the checked-out revision 'c9a819dc4741f053364b1ce88438f7dcf20c5bd0'
[03a69270-171d-4716-aa53-9421d410e119/build]   ‚úÖ  Success - Main actions/checkout@v2
[03a69270-171d-4716-aa53-9421d410e119/build] unable to get git ref: failed to identify reference (tag/branch) for the checked-out revision 'c9a819dc4741f053364b1ce88438f7dcf20c5bd0'
[03a69270-171d-4716-aa53-9421d410e119/build] unable to get git ref: failed to identify reference (tag/branch) for the checked-out revision 'c9a819dc4741f053364b1ce88438f7dcf20c5bd0'
[03a69270-171d-4716-aa53-9421d410e119/build] unable to get git ref: failed to identify reference (tag/branch) for the checked-out revision 'c9a819dc4741f053364b1ce88438f7dcf20c5bd0'
[03a69270-171d-4716-aa53-9421d410e119/build] unable to get git ref: failed to identify reference (tag/branch) for the checked-out revision 'c9a819dc4741f053364b1ce88438f7dcf20c5bd0'
[03a69270-171d-4716-aa53-9421d410e119/build] unable to get git ref: failed to identify reference (tag/branch) for the checked-out revision 'c9a819dc4741f053364b1ce88438f7dcf20c5bd0'
[03a69270-171d-4716-aa53-9421d410e119/build] ‚≠ê Run Main Set up JDK 1.8
[03a69270-171d-4716-aa53-9421d410e119/build] unable to get git ref: failed to identify reference (tag/branch) for the checked-out revision 'c9a819dc4741f053364b1ce88438f7dcf20c5bd0'
[03a69270-171d-4716-aa53-9421d410e119/build] unable to get git ref: failed to identify reference (tag/branch) for the checked-out revision 'c9a819dc4741f053364b1ce88438f7dcf20c5bd0'
[03a69270-171d-4716-aa53-9421d410e119/build] unable to get git ref: failed to identify reference (tag/branch) for the checked-out revision 'c9a819dc4741f053364b1ce88438f7dcf20c5bd0'
[03a69270-171d-4716-aa53-9421d410e119/build]   üê≥  docker cp src=/tmp/act-cache/b23a3d76-3b65-4a67-b1bb-f4c97eeae260/act/actions-setup-java@v1/ dst=/var/run/act/actions/actions-setup-java@v1/
[03a69270-171d-4716-aa53-9421d410e119/build]   üê≥  docker exec cmd=[chown -R 1012:1013 /var/run/act/actions/actions-setup-java@v1/] user=0 workdir=
[03a69270-171d-4716-aa53-9421d410e119/build]   üê≥  docker exec cmd=[node /var/run/act/actions/actions-setup-java@v1/dist/setup/index.js] user= workdir=
[03a69270-171d-4716-aa53-9421d410e119/build]   üí¨  ::debug::isExplicit: 
[03a69270-171d-4716-aa53-9421d410e119/build]   üí¨  ::debug::explicit? false
[03a69270-171d-4716-aa53-9421d410e119/build]   üí¨  ::debug::evaluating 0 versions
[03a69270-171d-4716-aa53-9421d410e119/build]   üí¨  ::debug::match not found
[03a69270-171d-4716-aa53-9421d410e119/build]   üí¨  ::debug::Downloading JDK from Azul
[03a69270-171d-4716-aa53-9421d410e119/build]   üí¨  ::debug::Searching for files with extension: -linux_x64.tar.gz
[03a69270-171d-4716-aa53-9421d410e119/build]   üí¨  ::debug::Downloading https://static.azul.com/zulu/bin/zulu8.70.0.23-ca-jdk8.0.372-linux_x64.tar.gz
[03a69270-171d-4716-aa53-9421d410e119/build]   üí¨  ::debug::Downloading /tmp/c5413d28-7d05-4e01-9ac0-16ef035db8a1
[03a69270-171d-4716-aa53-9421d410e119/build]   üí¨  ::debug::download complete
[03a69270-171d-4716-aa53-9421d410e119/build]   | [command]/usr/bin/tar --version
[03a69270-171d-4716-aa53-9421d410e119/build]   | tar (GNU tar) 1.30
[03a69270-171d-4716-aa53-9421d410e119/build]   | Copyright (C) 2017 Free Software Foundation, Inc.
[03a69270-171d-4716-aa53-9421d410e119/build]   | License GPLv3+: GNU GPL version 3 or later <https://gnu.org/licenses/gpl.html>.
[03a69270-171d-4716-aa53-9421d410e119/build]   | This is free software: you are free to change and redistribute it.
[03a69270-171d-4716-aa53-9421d410e119/build]   | There is NO WARRANTY, to the extent permitted by law.
[03a69270-171d-4716-aa53-9421d410e119/build]   | 
[03a69270-171d-4716-aa53-9421d410e119/build]   | Written by John Gilmore and Jay Fenlason.
[03a69270-171d-4716-aa53-9421d410e119/build]   | [command]/usr/bin/tar xz --warning=no-unknown-keyword -C /tmp/temp_1254712532 -f /tmp/c5413d28-7d05-4e01-9ac0-16ef035db8a1
[03a69270-171d-4716-aa53-9421d410e119/build]   üí¨  ::debug::jdk extracted to /tmp/temp_1254712532/zulu8.70.0.23-ca-jdk8.0.372-linux_x64
[03a69270-171d-4716-aa53-9421d410e119/build]   üí¨  ::debug::Caching tool jdk 8.0.372 x64
[03a69270-171d-4716-aa53-9421d410e119/build]   üí¨  ::debug::source dir: /tmp/temp_1254712532/zulu8.70.0.23-ca-jdk8.0.372-linux_x64
[03a69270-171d-4716-aa53-9421d410e119/build]   üí¨  ::debug::destination /opt/hostedtoolcache/jdk/8.0.372/x64
[03a69270-171d-4716-aa53-9421d410e119/build]   üí¨  ::debug::finished caching tool
[03a69270-171d-4716-aa53-9421d410e119/build]   ‚ùì add-matcher /run/act/actions/actions-setup-java@v1/.github/java.json
[03a69270-171d-4716-aa53-9421d410e119/build]   | creating settings.xml with server-id: github; environment variables: username=$GITHUB_ACTOR, password=$GITHUB_TOKEN, and gpg-passphrase=null
[03a69270-171d-4716-aa53-9421d410e119/build]   üí¨  ::debug::created directory /home/runneradmin/.m2
[03a69270-171d-4716-aa53-9421d410e119/build]   | writing /home/runneradmin/.m2/settings.xml
[03a69270-171d-4716-aa53-9421d410e119/build]   ‚úÖ  Success - Main Set up JDK 1.8
[03a69270-171d-4716-aa53-9421d410e119/build]   ‚öô  ::set-env:: JAVA_HOME_8.0.372_x64=/opt/hostedtoolcache/jdk/8.0.372/x64
[03a69270-171d-4716-aa53-9421d410e119/build]   ‚öô  ::set-env:: JAVA_HOME=/opt/hostedtoolcache/jdk/8.0.372/x64
[03a69270-171d-4716-aa53-9421d410e119/build]   ‚öô  ::set-env:: JAVA_HOME_8_0_372_X64=/opt/hostedtoolcache/jdk/8.0.372/x64
[03a69270-171d-4716-aa53-9421d410e119/build]   ‚öô  ::set-output:: path=/opt/hostedtoolcache/jdk/8.0.372/x64
[03a69270-171d-4716-aa53-9421d410e119/build]   ‚öô  ::set-output:: version=8.0.372
[03a69270-171d-4716-aa53-9421d410e119/build]   ‚öô  ::add-path:: /opt/hostedtoolcache/jdk/8.0.372/x64/bin
[03a69270-171d-4716-aa53-9421d410e119/build] unable to get git ref: failed to identify reference (tag/branch) for the checked-out revision 'c9a819dc4741f053364b1ce88438f7dcf20c5bd0'
[03a69270-171d-4716-aa53-9421d410e119/build] unable to get git ref: failed to identify reference (tag/branch) for the checked-out revision 'c9a819dc4741f053364b1ce88438f7dcf20c5bd0'
[03a69270-171d-4716-aa53-9421d410e119/build] unable to get git ref: failed to identify reference (tag/branch) for the checked-out revision 'c9a819dc4741f053364b1ce88438f7dcf20c5bd0'
[03a69270-171d-4716-aa53-9421d410e119/build] unable to get git ref: failed to identify reference (tag/branch) for the checked-out revision 'c9a819dc4741f053364b1ce88438f7dcf20c5bd0'
[03a69270-171d-4716-aa53-9421d410e119/build] unable to get git ref: failed to identify reference (tag/branch) for the checked-out revision 'c9a819dc4741f053364b1ce88438f7dcf20c5bd0'
[03a69270-171d-4716-aa53-9421d410e119/build] ‚≠ê Run Main Build with Maven
[03a69270-171d-4716-aa53-9421d410e119/build] unable to get git ref: failed to identify reference (tag/branch) for the checked-out revision 'c9a819dc4741f053364b1ce88438f7dcf20c5bd0'
[03a69270-171d-4716-aa53-9421d410e119/build] unable to get git ref: failed to identify reference (tag/branch) for the checked-out revision 'c9a819dc4741f053364b1ce88438f7dcf20c5bd0'
[03a69270-171d-4716-aa53-9421d410e119/build] unable to get git ref: failed to identify reference (tag/branch) for the checked-out revision 'c9a819dc4741f053364b1ce88438f7dcf20c5bd0'
[03a69270-171d-4716-aa53-9421d410e119/build] unable to get git ref: failed to identify reference (tag/branch) for the checked-out revision 'c9a819dc4741f053364b1ce88438f7dcf20c5bd0'
[03a69270-171d-4716-aa53-9421d410e119/build]   üê≥  docker exec cmd=[bash --noprofile --norc -e -o pipefail /var/run/act/workflow/2] user= workdir=
[03a69270-171d-4716-aa53-9421d410e119/build]   | [INFO] Scanning for projects...
[03a69270-171d-4716-aa53-9421d410e119/build]   | [INFO] 
[03a69270-171d-4716-aa53-9421d410e119/build]   | [INFO] --------------< com.github.mvallim:java-fluent-validator >--------------
[03a69270-171d-4716-aa53-9421d410e119/build]   | [INFO] Building java-fluent-validator 1.7.5-SNAPSHOT
[03a69270-171d-4716-aa53-9421d410e119/build]   | [INFO] --------------------------------[ jar ]---------------------------------
[03a69270-171d-4716-aa53-9421d410e119/build]   | [INFO] Downloading from central: https://repo.maven.apache.org/maven2/org/jacoco/jacoco-maven-plugin/0.8.4/jacoco-maven-plugin-0.8.4.pom
[03a69270-171d-4716-aa53-9421d410e119/build]   | [INFO] Downloaded from central: https://repo.maven.apache.org/maven2/org/jacoco/jacoco-maven-plugin/0.8.4/jacoco-maven-plugin-0.8.4.pom (4.4 kB at 3.5 kB/s)
[03a69270-171d-4716-aa53-9421d410e119/build]   | [INFO] Downloading from central: https://repo.maven.apache.org/maven2/org/jacoco/org.jacoco.build/0.8.4/org.jacoco.build-0.8.4.pom
[03a69270-171d-4716-aa53-9421d410e119/build]   | [INFO] Downloaded from central: https://repo.maven.apache.org/maven2/org/jacoco/org.jacoco.build/0.8.4/org.jacoco.build-0.8.4.pom (39 kB at 348 kB/s)
[03a69270-171d-4716-aa53-9421d410e119/build]   | [INFO] Downloading from central: https://repo.maven.apache.org/maven2/org/jacoco/jacoco-maven-plugin/0.8.4/jacoco-maven-plugin-0.8.4.jar
[03a69270-171d-4716-aa53-9421d410e119/build]   | [INFO] Downloaded from central: https://repo.maven.apache.org/maven2/org/jacoco/jacoco-maven-plugin/0.8.4/jacoco-maven-plugin-0.8.4.jar (53 kB at 952 kB/s)
[03a69270-171d-4716-aa53-9421d410e119/build]   | [INFO] Downloading from central: https://repo.maven.apache.org/maven2/org/apache/maven/plugins/maven-source-plugin/2.2.1/maven-source-plugin-2.2.1.pom
[03a69270-171d-4716-aa53-9421d410e119/build]   | [INFO] Downloaded from central: https://repo.maven.apache.org/maven2/org/apache/maven/plugins/maven-source-plugin/2.2.1/maven-source-plugin-2.2.1.pom (6.7 kB at 238 kB/s)
[03a69270-171d-4716-aa53-9421d410e119/build]   | [INFO] Downloading from central: https://repo.maven.apache.org/maven2/org/apache/maven/plugins/maven-plugins/23/maven-plugins-23.pom
[03a69270-171d-4716-aa53-9421d410e119/build]   | [INFO] Downloaded from central: https://repo.maven.apache.org/maven2/org/apache/maven/plugins/maven-plugins/23/maven-plugins-23.pom (9.2 kB at 460 kB/s)
[03a69270-171d-4716-aa53-9421d410e119/build]   | [INFO] Downloading from central: https://repo.maven.apache.org/maven2/org/apache/maven/maven-parent/22/maven-parent-22.pom
[03a69270-171d-4716-aa53-9421d410e119/build]   | [INFO] Downloaded from central: https://repo.maven.apache.org/maven2/org/apache/maven/maven-parent/22/maven-parent-22.pom (30 kB at 488 kB/s)
[03a69270-171d-4716-aa53-9421d410e119/build]   | [INFO] Downloading from central: https://repo.maven.apache.org/maven2/org/apache/apache/11/apache-11.pom
[03a69270-171d-4716-aa53-9421d410e119/build]   | [INFO] Downloaded from central: https://repo.maven.apache.org/maven2/org/apache/apache/11/apache-11.pom (15 kB at 449 kB/s)
[03a69270-171d-4716-aa53-9421d410e119/build]   | [INFO] Downloading from central: https://repo.maven.apache.org/maven2/org/apache/maven/plugins/maven-source-plugin/2.2.1/maven-source-plugin-2.2.1.jar
[03a69270-171d-4716-aa53-9421d410e119/build]   | [INFO] Downloaded from central: https://repo.maven.apache.org/maven2/org/apache/maven/plugins/maven-source-plugin/2.2.1/maven-source-plugin-2.2.1.jar (30 kB at 1.2 MB/s)
[03a69270-171d-4716-aa53-9421d410e119/build]   | [INFO] Downloading from central: https://repo.maven.apache.org/maven2/org/apache/maven/plugins/maven-resources-plugin/3.0.2/maven-resources-plugin-3.0.2.pom
[03a69270-171d-4716-aa53-9421d410e119/build]   | [INFO] Downloaded from central: https://repo.maven.apache.org/maven2/org/apache/maven/plugins/maven-resources-plugin/3.0.2/maven-resources-plugin-3.0.2.pom (7.1 kB at 357 kB/s)
[03a69270-171d-4716-aa53-9421d410e119/build]   | [INFO] Downloading from central: https://repo.maven.apache.org/maven2/org/apache/maven/plugins/maven-plugins/30/maven-plugins-30.pom
[03a69270-171d-4716-aa53-9421d410e119/build]   | [INFO] Downloaded from central: https://repo.maven.apache.org/maven2/org/apache/maven/plugins/maven-plugins/30/maven-plugins-30.pom (10 kB at 636 kB/s)
[03a69270-171d-4716-aa53-9421d410e119/build]   | [INFO] Downloading from central: https://repo.maven.apache.org/maven2/org/apache/maven/maven-parent/30/maven-parent-30.pom
[03a69270-171d-4716-aa53-9421d410e119/build]   | [INFO] Downloaded from central: https://repo.maven.apache.org/maven2/org/apache/maven/maven-parent/30/maven-parent-30.pom (41 kB at 1.3 MB/s)
[03a69270-171d-4716-aa53-9421d410e119/build]   | [INFO] Downloading from central: https://repo.maven.apache.org/maven2/org/apache/apache/18/apache-18.pom
[03a69270-171d-4716-aa53-9421d410e119/build]   | [INFO] Downloaded from central: https://repo.maven.apache.org/maven2/org/apache/apache/18/apache-18.pom (16 kB at 870 kB/s)
[03a69270-171d-4716-aa53-9421d410e119/build]   | [INFO] Downloading from central: https://repo.maven.apache.org/maven2/org/apache/maven/plugins/maven-resources-plugin/3.0.2/maven-resources-plugin-3.0.2.jar
[03a69270-171d-4716-aa53-9421d410e119/build]   | [INFO] Downloaded from central: https://repo.maven.apache.org/maven2/org/apache/maven/plugins/maven-resources-plugin/3.0.2/maven-resources-plugin-3.0.2.jar (32 kB at 1.3 MB/s)
[03a69270-171d-4716-aa53-9421d410e119/build]   | [INFO] Downloading from central: https://repo.maven.apache.org/maven2/org/apache/maven/plugins/maven-compiler-plugin/3.7.0/maven-compiler-plugin-3.7.0.pom
[03a69270-171d-4716-aa53-9421d410e119/build]   | [INFO] Downloaded from central: https://repo.maven.apache.org/maven2/org/apache/maven/plugins/maven-compiler-plugin/3.7.0/maven-compiler-plugin-3.7.0.pom (11 kB at 670 kB/s)
[03a69270-171d-4716-aa53-9421d410e119/build]   | [INFO] Downloading from central: https://repo.maven.apache.org/maven2/org/apache/maven/plugins/maven-compiler-plugin/3.7.0/maven-compiler-plugin-3.7.0.jar
[03a69270-171d-4716-aa53-9421d410e119/build]   | [INFO] Downloaded from central: https://repo.maven.apache.org/maven2/org/apache/maven/plugins/maven-compiler-plugin/3.7.0/maven-compiler-plugin-3.7.0.jar (58 kB at 1.8 MB/s)
[03a69270-171d-4716-aa53-9421d410e119/build]   | [INFO] Downloading from central: https://repo.maven.apache.org/maven2/org/apache/maven/plugins/maven-surefire-plugin/2.12.4/maven-surefire-plugin-2.12.4.pom
[03a69270-171d-4716-aa53-9421d410e119/build]   | [INFO] Downloaded from central: https://repo.maven.apache.org/maven2/org/apache/maven/plugins/maven-surefire-plugin/2.12.4/maven-surefire-plugin-2.12.4.pom (10 kB at 283 kB/s)
[03a69270-171d-4716-aa53-9421d410e119/build]   | [INFO] Downloading from central: https://repo.maven.apache.org/maven2/org/apache/maven/surefire/surefire/2.12.4/surefire-2.12.4.pom
[03a69270-171d-4716-aa53-9421d410e119/build]   | [INFO] Downloaded from central: https://repo.maven.apache.org/maven2/org/apache/maven/surefire/surefire/2.12.4/surefire-2.12.4.pom (14 kB at 627 kB/s)
[03a69270-171d-4716-aa53-9421d410e119/build]   | [INFO] Downloading from central: https://repo.maven.apache.org/maven2/org/apache/maven/plugins/maven-surefire-plugin/2.12.4/maven-surefire-plugin-2.12.4.jar
[03a69270-171d-4716-aa53-9421d410e119/build]   | [INFO] Downloaded from central: https://repo.maven.apache.org/maven2/org/apache/maven/plugins/maven-surefire-plugin/2.12.4/maven-surefire-plugin-2.12.4.jar (30 kB at 1.1 MB/s)
[03a69270-171d-4716-aa53-9421d410e119/build]   | [INFO] Downloading from central: https://repo.maven.apache.org/maven2/org/apache/maven/plugins/maven-jar-plugin/2.4/maven-jar-plugin-2.4.pom
[03a69270-171d-4716-aa53-9421d410e119/build]   | [INFO] Downloaded from central: https://repo.maven.apache.org/maven2/org/apache/maven/plugins/maven-jar-plugin/2.4/maven-jar-plugin-2.4.pom (5.8 kB at 365 kB/s)
[03a69270-171d-4716-aa53-9421d410e119/build]   | [INFO] Downloading from central: https://repo.maven.apache.org/maven2/org/apache/maven/plugins/maven-plugins/22/maven-plugins-22.pom
[03a69270-171d-4716-aa53-9421d410e119/build]   | [INFO] Downloaded from central: https://repo.maven.apache.org/maven2/org/apache/maven/plugins/maven-plugins/22/maven-plugins-22.pom (13 kB at 869 kB/s)
[03a69270-171d-4716-aa53-9421d410e119/build]   | [INFO] Downloading from central: https://repo.maven.apache.org/maven2/org/apache/maven/maven-parent/21/maven-parent-21.pom
[03a69270-171d-4716-aa53-9421d410e119/build]   | [INFO] Downloaded from central: https://repo.maven.apache.org/maven2/org/apache/maven/maven-parent/21/maven-parent-21.pom (26 kB at 1.6 MB/s)
[03a69270-171d-4716-aa53-9421d410e119/build]   | [INFO] Downloading from central: https://repo.maven.apache.org/maven2/org/apache/apache/10/apache-10.pom
[03a69270-171d-4716-aa53-9421d410e119/build]   | [INFO] Downloaded from central: https://repo.maven.apache.org/maven2/org/apache/apache/10/apache-10.pom (15 kB at 1.1 MB/s)
[03a69270-171d-4716-aa53-9421d410e119/build]   | [INFO] Downloading from central: https://repo.maven.apache.org/maven2/org/apache/maven/plugins/maven-jar-plugin/2.4/maven-jar-plugin-2.4.jar
[03a69270-171d-4716-aa53-9421d410e119/build]   | [INFO] Downloaded from central: https://repo.maven.apache.org/maven2/org/apache/maven/plugins/maven-jar-plugin/2.4/maven-jar-plugin-2.4.jar (34 kB at 1.5 MB/s)
[03a69270-171d-4716-aa53-9421d410e119/build]   | [INFO] Downloading from central: https://repo.maven.apache.org/maven2/junit/junit/4.12/junit-4.12.pom
[03a69270-171d-4716-aa53-9421d410e119/build]   | [INFO] Downloaded from central: https://repo.maven.apache.org/maven2/junit/junit/4.12/junit-4.12.pom (24 kB at 1.2 MB/s)
[03a69270-171d-4716-aa53-9421d410e119/build]   | [INFO] Downloading from central: https://repo.maven.apache.org/maven2/org/hamcrest/hamcrest-core/1.3/hamcrest-core-1.3.pom
[03a69270-171d-4716-aa53-9421d410e119/build]   | [INFO] Downloaded from central: https://repo.maven.apache.org/maven2/org/hamcrest/hamcrest-core/1.3/hamcrest-core-1.3.pom (766 B at 48 kB/s)
[03a69270-171d-4716-aa53-9421d410e119/build]   | [INFO] Downloading from central: https://repo.maven.apache.org/maven2/org/hamcrest/hamcrest-parent/1.3/hamcrest-parent-1.3.pom
[03a69270-171d-4716-aa53-9421d410e119/build]   | [INFO] Downloaded from central: https://repo.maven.apache.org/maven2/org/hamcrest/hamcrest-parent/1.3/hamcrest-parent-1.3.pom (2.0 kB at 141 kB/s)
[03a69270-171d-4716-aa53-9421d410e119/build]   | [INFO] Downloading from central: https://repo.maven.apache.org/maven2/org/hamcrest/hamcrest-library/1.3/hamcrest-library-1.3.pom
[03a69270-171d-4716-aa53-9421d410e119/build]   | [INFO] Downloaded from central: https://repo.maven.apache.org/maven2/org/hamcrest/hamcrest-library/1.3/hamcrest-library-1.3.pom (820 B at 48 kB/s)
[03a69270-171d-4716-aa53-9421d410e119/build]   | [INFO] Downloading from central: https://repo.maven.apache.org/maven2/org/mockito/mockito-all/1.10.19/mockito-all-1.10.19.pom
[03a69270-171d-4716-aa53-9421d410e119/build]   | [INFO] Downloaded from central: https://repo.maven.apache.org/maven2/org/mockito/mockito-all/1.10.19/mockito-all-1.10.19.pom (930 B at 62 kB/s)
[03a69270-171d-4716-aa53-9421d410e119/build]   | [INFO] Downloading from central: https://repo.maven.apache.org/maven2/org/springframework/spring-context/5.1.2.RELEASE/spring-context-5.1.2.RELEASE.pom
[03a69270-171d-4716-aa53-9421d410e119/build]   | [INFO] Downloaded from central: https://repo.maven.apache.org/maven2/org/springframework/spring-context/5.1.2.RELEASE/spring-context-5.1.2.RELEASE.pom (5.7 kB at 379 kB/s)
[03a69270-171d-4716-aa53-9421d410e119/build]   | [INFO] Downloading from central: https://repo.maven.apache.org/maven2/org/springframework/spring-aop/5.1.2.RELEASE/spring-aop-5.1.2.RELEASE.pom
[03a69270-171d-4716-aa53-9421d410e119/build]   | [INFO] Downloaded from central: https://repo.maven.apache.org/maven2/org/springframework/spring-aop/5.1.2.RELEASE/spring-aop-5.1.2.RELEASE.pom (2.5 kB at 164 kB/s)
[03a69270-171d-4716-aa53-9421d410e119/build]   | [INFO] Downloading from central: https://repo.maven.apache.org/maven2/org/springframework/spring-beans/5.1.2.RELEASE/spring-beans-5.1.2.RELEASE.pom
[03a69270-171d-4716-aa53-9421d410e119/build]   | [INFO] Downloaded from central: https://repo.maven.apache.org/maven2/org/springframework/spring-beans/5.1.2.RELEASE/spring-beans-5.1.2.RELEASE.pom (2.7 kB at 59 kB/s)
[03a69270-171d-4716-aa53-9421d410e119/build]   | [INFO] Downloading from central: https://repo.maven.apache.org/maven2/org/springframework/spring-core/5.1.2.RELEASE/spring-core-5.1.2.RELEASE.pom
[03a69270-171d-4716-aa53-9421d410e119/build]   | [INFO] Downloaded from central: https://repo.maven.apache.org/maven2/org/springframework/spring-core/5.1.2.RELEASE/spring-core-5.1.2.RELEASE.pom (3.6 kB at 224 kB/s)
[03a69270-171d-4716-aa53-9421d410e119/build]   | [INFO] Downloading from central: https://repo.maven.apache.org/maven2/org/springframework/spring-jcl/5.1.2.RELEASE/spring-jcl-5.1.2.RELEASE.pom
[03a69270-171d-4716-aa53-9421d410e119/build]   | [INFO] Downloaded from central: https://repo.maven.apache.org/maven2/org/springframework/spring-jcl/5.1.2.RELEASE/spring-jcl-5.1.2.RELEASE.pom (1.9 kB at 148 kB/s)
[03a69270-171d-4716-aa53-9421d410e119/build]   | [INFO] Downloading from central: https://repo.maven.apache.org/maven2/org/springframework/spring-expression/5.1.2.RELEASE/spring-expression-5.1.2.RELEASE.pom
[03a69270-171d-4716-aa53-9421d410e119/build]   | [INFO] Downloaded from central: https://repo.maven.apache.org/maven2/org/springframework/spring-expression/5.1.2.RELEASE/spring-expression-5.1.2.RELEASE.pom (1.7 kB at 142 kB/s)
[03a69270-171d-4716-aa53-9421d410e119/build]   | [INFO] Downloading from central: https://repo.maven.apache.org/maven2/org/springframework/spring-test/5.1.2.RELEASE/spring-test-5.1.2.RELEASE.pom
[03a69270-171d-4716-aa53-9421d410e119/build]   | [INFO] Downloaded from central: https://repo.maven.apache.org/maven2/org/springframework/spring-test/5.1.2.RELEASE/spring-test-5.1.2.RELEASE.pom (9.9 kB at 310 kB/s)
[03a69270-171d-4716-aa53-9421d410e119/build]   | [INFO] Downloading from central: https://repo.maven.apache.org/maven2/org/slf4j/slf4j-log4j12/1.7.5/slf4j-log4j12-1.7.5.pom
[03a69270-171d-4716-aa53-9421d410e119/build]   | [INFO] Downloaded from central: https://repo.maven.apache.org/maven2/org/slf4j/slf4j-log4j12/1.7.5/slf4j-log4j12-1.7.5.pom (1.6 kB at 73 kB/s)
[03a69270-171d-4716-aa53-9421d410e119/build]   | [INFO] Downloading from central: https://repo.maven.apache.org/maven2/org/slf4j/slf4j-parent/1.7.5/slf4j-parent-1.7.5.pom
[03a69270-171d-4716-aa53-9421d410e119/build]   | [INFO] Downloaded from central: https://repo.maven.apache.org/maven2/org/slf4j/slf4j-parent/1.7.5/slf4j-parent-1.7.5.pom (12 kB at 656 kB/s)
[03a69270-171d-4716-aa53-9421d410e119/build]   | [INFO] Downloading from central: https://repo.maven.apache.org/maven2/org/slf4j/slf4j-api/1.7.5/slf4j-api-1.7.5.pom
[03a69270-171d-4716-aa53-9421d410e119/build]   | [INFO] Downloaded from central: https://repo.maven.apache.org/maven2/org/slf4j/slf4j-api/1.7.5/slf4j-api-1.7.5.pom (2.7 kB at 66 kB/s)
[03a69270-171d-4716-aa53-9421d410e119/build]   | [INFO] Downloading from central: https://repo.maven.apache.org/maven2/log4j/log4j/1.2.17/log4j-1.2.17.pom
[03a69270-171d-4716-aa53-9421d410e119/build]   | [INFO] Downloaded from central: https://repo.maven.apache.org/maven2/log4j/log4j/1.2.17/log4j-1.2.17.pom (22 kB at 805 kB/s)
[03a69270-171d-4716-aa53-9421d410e119/build]   | [INFO] Downloading from central: https://repo.maven.apache.org/maven2/org/assertj/assertj-core/3.11.1/assertj-core-3.11.1.pom
[03a69270-171d-4716-aa53-9421d410e119/build]   | [INFO] Downloaded from central: https://repo.maven.apache.org/maven2/org/assertj/assertj-core/3.11.1/assertj-core-3.11.1.pom (14 kB at 588 kB/s)
[03a69270-171d-4716-aa53-9421d410e119/build]   | [INFO] Downloading from central: https://repo.maven.apache.org/maven2/org/assertj/assertj-parent-pom/2.2.1/assertj-parent-pom-2.2.1.pom
[03a69270-171d-4716-aa53-9421d410e119/build]   | [INFO] Downloaded from central: https://repo.maven.apache.org/maven2/org/assertj/assertj-parent-pom/2.2.1/assertj-parent-pom-2.2.1.pom (15 kB at 404 kB/s)
[03a69270-171d-4716-aa53-9421d410e119/build]   | [INFO] Downloading from central: https://repo.maven.apache.org/maven2/org/junit/junit-bom/5.2.0/junit-bom-5.2.0.pom
[03a69270-171d-4716-aa53-9421d410e119/build]   | [INFO] Downloaded from central: https://repo.maven.apache.org/maven2/org/junit/junit-bom/5.2.0/junit-bom-5.2.0.pom (4.2 kB at 143 kB/s)
[03a69270-171d-4716-aa53-9421d410e119/build]   | [INFO] Downloading from central: https://repo.maven.apache.org/maven2/junit/junit/4.12/junit-4.12.jar
[03a69270-171d-4716-aa53-9421d410e119/build]   | [INFO] Downloading from central: https://repo.maven.apache.org/maven2/org/hamcrest/hamcrest-core/1.3/hamcrest-core-1.3.jar
[03a69270-171d-4716-aa53-9421d410e119/build]   | [INFO] Downloading from central: https://repo.maven.apache.org/maven2/org/hamcrest/hamcrest-library/1.3/hamcrest-library-1.3.jar
[03a69270-171d-4716-aa53-9421d410e119/build]   | [INFO] Downloading from central: https://repo.maven.apache.org/maven2/org/mockito/mockito-all/1.10.19/mockito-all-1.10.19.jar
[03a69270-171d-4716-aa53-9421d410e119/build]   | [INFO] Downloading from central: https://repo.maven.apache.org/maven2/org/springframework/spring-context/5.1.2.RELEASE/spring-context-5.1.2.RELEASE.jar
[03a69270-171d-4716-aa53-9421d410e119/build]   | [INFO] Downloaded from central: https://repo.maven.apache.org/maven2/org/hamcrest/hamcrest-library/1.3/hamcrest-library-1.3.jar (53 kB at 780 kB/s)
[03a69270-171d-4716-aa53-9421d410e119/build]   | [INFO] Downloading from central: https://repo.maven.apache.org/maven2/org/springframework/spring-aop/5.1.2.RELEASE/spring-aop-5.1.2.RELEASE.jar
[03a69270-171d-4716-aa53-9421d410e119/build]   | [INFO] Downloaded from central: https://repo.maven.apache.org/maven2/org/hamcrest/hamcrest-core/1.3/hamcrest-core-1.3.jar (45 kB at 450 kB/s)
[03a69270-171d-4716-aa53-9421d410e119/build]   | [INFO] Downloading from central: https://repo.maven.apache.org/maven2/org/springframework/spring-beans/5.1.2.RELEASE/spring-beans-5.1.2.RELEASE.jar
[03a69270-171d-4716-aa53-9421d410e119/build]   | [INFO] Downloaded from central: https://repo.maven.apache.org/maven2/org/springframework/spring-beans/5.1.2.RELEASE/spring-beans-5.1.2.RELEASE.jar (671 kB at 4.0 MB/s)
[03a69270-171d-4716-aa53-9421d410e119/build]   | [INFO] Downloading from central: https://repo.maven.apache.org/maven2/org/springframework/spring-core/5.1.2.RELEASE/spring-core-5.1.2.RELEASE.jar
[03a69270-171d-4716-aa53-9421d410e119/build]   | [INFO] Downloaded from central: https://repo.maven.apache.org/maven2/org/springframework/spring-aop/5.1.2.RELEASE/spring-aop-5.1.2.RELEASE.jar (369 kB at 2.2 MB/s)
[03a69270-171d-4716-aa53-9421d410e119/build]   | [INFO] Downloading from central: https://repo.maven.apache.org/maven2/org/springframework/spring-jcl/5.1.2.RELEASE/spring-jcl-5.1.2.RELEASE.jar
[03a69270-171d-4716-aa53-9421d410e119/build]   | [INFO] Downloaded from central: https://repo.maven.apache.org/maven2/junit/junit/4.12/junit-4.12.jar (315 kB at 1.8 MB/s)
[03a69270-171d-4716-aa53-9421d410e119/build]   | [INFO] Downloading from central: https://repo.maven.apache.org/maven2/org/springframework/spring-expression/5.1.2.RELEASE/spring-expression-5.1.2.RELEASE.jar
[03a69270-171d-4716-aa53-9421d410e119/build]   | [INFO] Downloaded from central: https://repo.maven.apache.org/maven2/org/springframework/spring-jcl/5.1.2.RELEASE/spring-jcl-5.1.2.RELEASE.jar (24 kB at 103 kB/s)
[03a69270-171d-4716-aa53-9421d410e119/build]   | [INFO] Downloading from central: https://repo.maven.apache.org/maven2/org/springframework/spring-test/5.1.2.RELEASE/spring-test-5.1.2.RELEASE.jar
[03a69270-171d-4716-aa53-9421d410e119/build]   | [INFO] Downloaded from central: https://repo.maven.apache.org/maven2/org/springframework/spring-expression/5.1.2.RELEASE/spring-expression-5.1.2.RELEASE.jar (280 kB at 1.1 MB/s)
[03a69270-171d-4716-aa53-9421d410e119/build]   | [INFO] Downloading from central: https://repo.maven.apache.org/maven2/org/slf4j/slf4j-log4j12/1.7.5/slf4j-log4j12-1.7.5.jar
[03a69270-171d-4716-aa53-9421d410e119/build]   | [INFO] Downloaded from central: https://repo.maven.apache.org/maven2/org/slf4j/slf4j-log4j12/1.7.5/slf4j-log4j12-1.7.5.jar (8.9 kB at 30 kB/s)
[03a69270-171d-4716-aa53-9421d410e119/build]   | [INFO] Downloading from central: https://repo.maven.apache.org/maven2/log4j/log4j/1.2.17/log4j-1.2.17.jar
[03a69270-171d-4716-aa53-9421d410e119/build]   | [INFO] Downloaded from central: https://repo.maven.apache.org/maven2/org/springframework/spring-context/5.1.2.RELEASE/spring-context-5.1.2.RELEASE.jar (1.1 MB at 3.6 MB/s)
[03a69270-171d-4716-aa53-9421d410e119/build]   | [INFO] Downloading from central: https://repo.maven.apache.org/maven2/org/slf4j/slf4j-api/1.7.5/slf4j-api-1.7.5.jar
[03a69270-171d-4716-aa53-9421d410e119/build]   | [INFO] Downloaded from central: https://repo.maven.apache.org/maven2/org/slf4j/slf4j-api/1.7.5/slf4j-api-1.7.5.jar (26 kB at 80 kB/s)
[03a69270-171d-4716-aa53-9421d410e119/build]   | [INFO] Downloading from central: https://repo.maven.apache.org/maven2/org/assertj/assertj-core/3.11.1/assertj-core-3.11.1.jar
[03a69270-171d-4716-aa53-9421d410e119/build]   | [INFO] Downloaded from central: https://repo.maven.apache.org/maven2/org/mockito/mockito-all/1.10.19/mockito-all-1.10.19.jar (1.2 MB at 3.3 MB/s)
[03a69270-171d-4716-aa53-9421d410e119/build]   | [INFO] Downloaded from central: https://repo.maven.apache.org/maven2/log4j/log4j/1.2.17/log4j-1.2.17.jar (490 kB at 1.3 MB/s)
[03a69270-171d-4716-aa53-9421d410e119/build]   | [INFO] Downloaded from central: https://repo.maven.apache.org/maven2/org/springframework/spring-test/5.1.2.RELEASE/spring-test-5.1.2.RELEASE.jar (619 kB at 1.4 MB/s)
[03a69270-171d-4716-aa53-9421d410e119/build]   | [INFO] Downloaded from central: https://repo.maven.apache.org/maven2/org/springframework/spring-core/5.1.2.RELEASE/spring-core-5.1.2.RELEASE.jar (1.3 MB at 2.2 MB/s)
[03a69270-171d-4716-aa53-9421d410e119/build]   | [INFO] Downloaded from central: https://repo.maven.apache.org/maven2/org/assertj/assertj-core/3.11.1/assertj-core-3.11.1.jar (4.1 MB at 2.2 MB/s)
[03a69270-171d-4716-aa53-9421d410e119/build]   | [INFO] 
[03a69270-171d-4716-aa53-9421d410e119/build]   | [INFO] --- jacoco-maven-plugin:0.8.4:prepare-agent (prepare-agent) @ java-fluent-validator ---
[03a69270-171d-4716-aa53-9421d410e119/build]   | [INFO] Downloading from central: https://repo.maven.apache.org/maven2/org/apache/maven/maven-plugin-api/3.0/maven-plugin-api-3.0.pom
[03a69270-171d-4716-aa53-9421d410e119/build]   | [INFO] Downloaded from central: https://repo.maven.apache.org/maven2/org/apache/maven/maven-plugin-api/3.0/maven-plugin-api-3.0.pom (2.3 kB at 76 kB/s)
[03a69270-171d-4716-aa53-9421d410e119/build]   | [INFO] Downloading from central: https://repo.maven.apache.org/maven2/org/apache/maven/maven/3.0/maven-3.0.pom
[03a69270-171d-4716-aa53-9421d410e119/build]   | [INFO] Downloaded from central: https://repo.maven.apache.org/maven2/org/apache/maven/maven/3.0/maven-3.0.pom (22 kB at 274 kB/s)
[03a69270-171d-4716-aa53-9421d410e119/build]   | [INFO] Downloading from central: https://repo.maven.apache.org/maven2/org/apache/maven/maven-parent/15/maven-parent-15.pom
[03a69270-171d-4716-aa53-9421d410e119/build]   | [INFO] Downloaded from central: https://repo.maven.apache.org/maven2/org/apache/maven/maven-parent/15/maven-parent-15.pom (24 kB at 572 kB/s)
[03a69270-171d-4716-aa53-9421d410e119/build]   | [INFO] Downloading from central: https://repo.maven.apache.org/maven2/org/apache/apache/6/apache-6.pom
[03a69270-171d-4716-aa53-9421d410e119/build]   | [INFO] Downloaded from central: https://repo.maven.apache.org/maven2/org/apache/apache/6/apache-6.pom (13 kB at 376 kB/s)
[03a69270-171d-4716-aa53-9421d410e119/build]   | [INFO] Downloading from central: https://repo.maven.apache.org/maven2/org/apache/maven/maven-model/3.0/maven-model-3.0.pom
[03a69270-171d-4716-aa53-9421d410e119/build]   | [INFO] Downloaded from central: https://repo.maven.apache.org/maven2/org/apache/maven/maven-model/3.0/maven-model-3.0.pom (3.9 kB at 79 kB/s)
[03a69270-171d-4716-aa53-9421d410e119/build]   | [INFO] Downloading from central: https://repo.maven.apache.org/maven2/org/codehaus/plexus/plexus-utils/2.0.4/plexus-utils-2.0.4.pom
[03a69270-171d-4716-aa53-9421d410e119/build]   | [INFO] Downloaded from central: https://repo.maven.apache.org/maven2/org/codehaus/plexus/plexus-utils/2.0.4/plexus-utils-2.0.4.pom (3.3 kB at 101 kB/s)
[03a69270-171d-4716-aa53-9421d410e119/build]   | [INFO] Downloading from central: https://repo.maven.apache.org/maven2/org/codehaus/plexus/plexus/2.0.6/plexus-2.0.6.pom
[03a69270-171d-4716-aa53-9421d410e119/build]   | [INFO] Downloaded from central: https://repo.maven.apache.org/maven2/org/codehaus/plexus/plexus/2.0.6/plexus-2.0.6.pom (17 kB at 381 kB/s)
[03a69270-171d-4716-aa53-9421d410e119/build]   | [INFO] Downloading from central: https://repo.maven.apache.org/maven2/org/apache/maven/maven-artifact/3.0/maven-artifact-3.0.pom
[03a69270-171d-4716-aa53-9421d410e119/build]   | [INFO] Downloaded from central: https://repo.maven.apache.org/maven2/org/apache/maven/maven-artifact/3.0/maven-artifact-3.0.pom (1.9 kB at 58 kB/s)
[03a69270-171d-4716-aa53-9421d410e119/build]   | [INFO] Downloading from central: https://repo.maven.apache.org/maven2/org/sonatype/sisu/sisu-inject-plexus/1.4.2/sisu-inject-plexus-1.4.2.pom
[03a69270-171d-4716-aa53-9421d410e119/build]   | [INFO] Downloaded from central: https://repo.maven.apache.org/maven2/org/sonatype/sisu/sisu-inject-plexus/1.4.2/sisu-inject-plexus-1.4.2.pom (5.4 kB at 179 kB/s)
[03a69270-171d-4716-aa53-9421d410e119/build]   | [INFO] Downloading from central: https://repo.maven.apache.org/maven2/org/sonatype/sisu/inject/guice-plexus/1.4.2/guice-plexus-1.4.2.pom
[03a69270-171d-4716-aa53-9421d410e119/build]   | [INFO] Downloaded from central: https://repo.maven.apache.org/maven2/org/sonatype/sisu/inject/guice-plexus/1.4.2/guice-plexus-1.4.2.pom (3.1 kB at 136 kB/s)
[03a69270-171d-4716-aa53-9421d410e119/build]   | [INFO] Downloading from central: https://repo.maven.apache.org/maven2/org/sonatype/sisu/inject/guice-bean/1.4.2/guice-bean-1.4.2.pom
[03a69270-171d-4716-aa53-9421d410e119/build]   | [INFO] Downloaded from central: https://repo.maven.apache.org/maven2/org/sonatype/sisu/inject/guice-bean/1.4.2/guice-bean-1.4.2.pom (2.6 kB at 69 kB/s)
[03a69270-171d-4716-aa53-9421d410e119/build]   | [INFO] Downloading from central: https://repo.maven.apache.org/maven2/org/sonatype/sisu/sisu-inject/1.4.2/sisu-inject-1.4.2.pom
[03a69270-171d-4716-aa53-9421d410e119/build]   | [INFO] Downloaded from central: https://repo.maven.apache.org/maven2/org/sonatype/sisu/sisu-inject/1.4.2/sisu-inject-1.4.2.pom (1.2 kB at 39 kB/s)
[03a69270-171d-4716-aa53-9421d410e119/build]   | [INFO] Downloading from central: https://repo.maven.apache.org/maven2/org/sonatype/sisu/sisu-parent/1.4.2/sisu-parent-1.4.2.pom
[03a69270-171d-4716-aa53-9421d410e119/build]   | [INFO] Downloaded from central: https://repo.maven.apache.org/maven2/org/sonatype/sisu/sisu-parent/1.4.2/sisu-parent-1.4.2.pom (7.8 kB at 216 kB/s)
[03a69270-171d-4716-aa53-9421d410e119/build]   | [INFO] Downloading from central: https://repo.maven.apache.org/maven2/org/sonatype/forge/forge-parent/6/forge-parent-6.pom
[03a69270-171d-4716-aa53-9421d410e119/build]   | [INFO] Downloaded from central: https://repo.maven.apache.org/maven2/org/sonatype/forge/forge-parent/6/forge-parent-6.pom (11 kB at 326 kB/s)
[03a69270-171d-4716-aa53-9421d410e119/build]   | [INFO] Downloading from central: https://repo.maven.apache.org/maven2/org/codehaus/plexus/plexus-component-annotations/1.5.4/plexus-component-annotations-1.5.4.pom
[03a69270-171d-4716-aa53-9421d410e119/build]   | [INFO] Downloaded from central: https://repo.maven.apache.org/maven2/org/codehaus/plexus/plexus-component-annotations/1.5.4/plexus-component-annotations-1.5.4.pom (815 B at 24 kB/s)
[03a69270-171d-4716-aa53-9421d410e119/build]   | [INFO] Downloading from central: https://repo.maven.apache.org/maven2/org/codehaus/plexus/plexus-containers/1.5.4/plexus-containers-1.5.4.pom
[03a69270-171d-4716-aa53-9421d410e119/build]   | [INFO] Downloaded from central: https://repo.maven.apache.org/maven2/org/codehaus/plexus/plexus-containers/1.5.4/plexus-containers-1.5.4.pom (4.2 kB at 177 kB/s)
[03a69270-171d-4716-aa53-9421d410e119/build]   | [INFO] Downloading from central: https://repo.maven.apache.org/maven2/org/codehaus/plexus/plexus/2.0.5/plexus-2.0.5.pom
[03a69270-171d-4716-aa53-9421d410e119/build]   | [INFO] Downloaded from central: https://repo.maven.apache.org/maven2/org/codehaus/plexus/plexus/2.0.5/plexus-2.0.5.pom (17 kB at 445 kB/s)
[03a69270-171d-4716-aa53-9421d410e119/build]   | [INFO] Downloading from central: https://repo.maven.apache.org/maven2/org/codehaus/plexus/plexus-classworlds/2.2.3/plexus-classworlds-2.2.3.pom
[03a69270-171d-4716-aa53-9421d410e119/build]   | [INFO] Downloaded from central: https://repo.maven.apache.org/maven2/org/codehaus/plexus/plexus-classworlds/2.2.3/plexus-classworlds-2.2.3.pom (4.0 kB at 174 kB/s)
[03a69270-171d-4716-aa53-9421d410e119/build]   | [INFO] Downloading from central: https://repo.maven.apache.org/maven2/org/codehaus/plexus/plexus-utils/2.0.5/plexus-utils-2.0.5.pom
[03a69270-171d-4716-aa53-9421d410e119/build]   | [INFO] Downloaded from central: https://repo.maven.apache.org/maven2/org/codehaus/plexus/plexus-utils/2.0.5/plexus-utils-2.0.5.pom (3.3 kB at 159 kB/s)
[03a69270-171d-4716-aa53-9421d410e119/build]   | [INFO] Downloading from central: https://repo.maven.apache.org/maven2/org/sonatype/sisu/sisu-inject-bean/1.4.2/sisu-inject-bean-1.4.2.pom
[03a69270-171d-4716-aa53-9421d410e119/build]   | [INFO] Downloaded from central: https://repo.maven.apache.org/maven2/org/sonatype/sisu/sisu-inject-bean/1.4.2/sisu-inject-bean-1.4.2.pom (5.5 kB at 156 kB/s)
[03a69270-171d-4716-aa53-9421d410e119/build]   | [INFO] Downloading from central: https://repo.maven.apache.org/maven2/org/sonatype/sisu/sisu-guice/2.1.7/sisu-guice-2.1.7.pom
[03a69270-171d-4716-aa53-9421d410e119/build]   | [INFO] Downloaded from central: https://repo.maven.apache.org/maven2/org/sonatype/sisu/sisu-guice/2.1.7/sisu-guice-2.1.7.pom (11 kB at 277 kB/s)
[03a69270-171d-4716-aa53-9421d410e119/build]   | [INFO] Downloading from central: https://repo.maven.apache.org/maven2/org/apache/maven/maven-core/3.0/maven-core-3.0.pom
[03a69270-171d-4716-aa53-9421d410e119/build]   | [INFO] Downloaded from central: https://repo.maven.apache.org/maven2/org/apache/maven/maven-core/3.0/maven-core-3.0.pom (6.6 kB at 138 kB/s)
[03a69270-171d-4716-aa53-9421d410e119/build]   | [INFO] Downloading from central: https://repo.maven.apache.org/maven2/org/apache/maven/maven-settings/3.0/maven-settings-3.0.pom
[03a69270-171d-4716-aa53-9421d410e119/build]   | [INFO] Downloaded from central: https://repo.maven.apache.org/maven2/org/apache/maven/maven-settings/3.0/maven-settings-3.0.pom (1.9 kB at 67 kB/s)
[03a69270-171d-4716-aa53-9421d410e119/build]   | [INFO] Downloading from central: https://repo.maven.apache.org/maven2/org/apache/maven/maven-settings-builder/3.0/maven-settings-builder-3.0.pom
[03a69270-171d-4716-aa53-9421d410e119/build]   | [INFO] Downloaded from central: https://repo.maven.apache.org/maven2/org/apache/maven/maven-settings-builder/3.0/maven-settings-builder-3.0.pom (2.2 kB at 67 kB/s)
[03a69270-171d-4716-aa53-9421d410e119/build]   | [INFO] Downloading from central: https://repo.maven.apache.org/maven2/org/codehaus/plexus/plexus-interpolation/1.14/plexus-interpolation-1.14.pom
[03a69270-171d-4716-aa53-9421d410e119/build]   | [INFO] Downloaded from central: https://repo.maven.apache.org/maven2/org/codehaus/plexus/plexus-interpolation/1.14/plexus-interpolation-1.14.pom (910 B at 38 kB/s)
[03a69270-171d-4716-aa53-9421d410e119/build]   | [INFO] Downloading from central: https://repo.maven.apache.org/maven2/org/codehaus/plexus/plexus-components/1.1.18/plexus-components-1.1.18.pom
[03a69270-171d-4716-aa53-9421d410e119/build]   | [INFO] Downloaded from central: https://repo.maven.apache.org/maven2/org/codehaus/plexus/plexus-components/1.1.18/plexus-components-1.1.18.pom (5.4 kB at 162 kB/s)
[03a69270-171d-4716-aa53-9421d410e119/build]   | [INFO] Downloading from central: https://repo.maven.apache.org/maven2/org/codehaus/plexus/plexus/2.0.7/plexus-2.0.7.pom
[03a69270-171d-4716-aa53-9421d410e119/build]   | [INFO] Downloaded from central: https://repo.maven.apache.org/maven2/org/codehaus/plexus/plexus/2.0.7/plexus-2.0.7.pom (17 kB at 384 kB/s)
[03a69270-171d-4716-aa53-9421d410e119/build]   | [INFO] Downloading from central: https://repo.maven.apache.org/maven2/org/codehaus/plexus/plexus-component-annotations/1.5.5/plexus-component-annotations-1.5.5.pom
[03a69270-171d-4716-aa53-9421d410e119/build]   | [INFO] Downloaded from central: https://repo.maven.apache.org/maven2/org/codehaus/plexus/plexus-component-annotations/1.5.5/plexus-component-annotations-1.5.5.pom (815 B at 13 kB/s)
[03a69270-171d-4716-aa53-9421d410e119/build]   | [INFO] Downloading from central: https://repo.maven.apache.org/maven2/org/codehaus/plexus/plexus-containers/1.5.5/plexus-containers-1.5.5.pom
[03a69270-171d-4716-aa53-9421d410e119/build]   | [INFO] Downloaded from central: https://repo.maven.apache.org/maven2/org/codehaus/plexus/plexus-containers/1.5.5/plexus-containers-1.5.5.pom (4.2 kB at 132 kB/s)
[03a69270-171d-4716-aa53-9421d410e119/build]   | [INFO] Downloading from central: https://repo.maven.apache.org/maven2/org/sonatype/plexus/plexus-sec-dispatcher/1.3/plexus-sec-dispatcher-1.3.pom
[03a69270-171d-4716-aa53-9421d410e119/build]   | [INFO] Downloaded from central: https://repo.maven.apache.org/maven2/org/sonatype/plexus/plexus-sec-dispatcher/1.3/plexus-sec-dispatcher-1.3.pom (3.0 kB at 60 kB/s)
[03a69270-171d-4716-aa53-9421d410e119/build]   | [INFO] Downloading from central: https://repo.maven.apache.org/maven2/org/sonatype/spice/spice-parent/12/spice-parent-12.pom
[03a69270-171d-4716-aa53-9421d410e119/build]   | [INFO] Downloaded from central: https://repo.maven.apache.org/maven2/org/sonatype/spice/spice-parent/12/spice-parent-12.pom (6.8 kB at 128 kB/s)
[03a69270-171d-4716-aa53-9421d410e119/build]   | [INFO] Downloading from central: https://repo.maven.apache.org/maven2/org/sonatype/forge/forge-parent/4/forge-parent-4.pom
[03a69270-171d-4716-aa53-9421d410e119/build]   | [INFO] Downloaded from central: https://repo.maven.apache.org/maven2/org/sonatype/forge/forge-parent/4/forge-parent-4.pom (8.4 kB at 210 kB/s)
[03a69270-171d-4716-aa53-9421d410e119/build]   | [INFO] Downloading from central: https://repo.maven.apache.org/maven2/org/codehaus/plexus/plexus-utils/1.5.5/plexus-utils-1.5.5.pom
[03a69270-171d-4716-aa53-9421d410e119/build]   | [INFO] Downloaded from central: https://repo.maven.apache.org/maven2/org/codehaus/plexus/plexus-utils/1.5.5/plexus-utils-1.5.5.pom (5.1 kB at 198 kB/s)
[03a69270-171d-4716-aa53-9421d410e119/build]   | [INFO] Downloading from central: https://repo.maven.apache.org/maven2/org/codehaus/plexus/plexus/1.0.11/plexus-1.0.11.pom
[03a69270-171d-4716-aa53-9421d410e119/build]   | [INFO] Downloaded from central: https://repo.maven.apache.org/maven2/org/codehaus/plexus/plexus/1.0.11/plexus-1.0.11.pom (9.0 kB at 219 kB/s)
[03a69270-171d-4716-aa53-9421d410e119/build]   | [INFO] Downloading from central: https://repo.maven.apache.org/maven2/org/sonatype/plexus/plexus-cipher/1.4/plexus-cipher-1.4.pom
[03a69270-171d-4716-aa53-9421d410e119/build]   | [INFO] Downloaded from central: https://repo.maven.apache.org/maven2/org/sonatype/plexus/plexus-cipher/1.4/plexus-cipher-1.4.pom (2.1 kB at 79 kB/s)
[03a69270-171d-4716-aa53-9421d410e119/build]   | [INFO] Downloading from central: https://repo.maven.apache.org/maven2/org/apache/maven/maven-repository-metadata/3.0/maven-repository-metadata-3.0.pom
[03a69270-171d-4716-aa53-9421d410e119/build]   | [INFO] Downloaded from central: https://repo.maven.apache.org/maven2/org/apache/maven/maven-repository-metadata/3.0/maven-repository-metadata-3.0.pom (1.9 kB at 28 kB/s)
[03a69270-171d-4716-aa53-9421d410e119/build]   | [INFO] Downloading from central: https://repo.maven.apache.org/maven2/org/apache/maven/maven-model-builder/3.0/maven-model-builder-3.0.pom
[03a69270-171d-4716-aa53-9421d410e119/build]   | [INFO] Downloaded from central: https://repo.maven.apache.org/maven2/org/apache/maven/maven-model-builder/3.0/maven-model-builder-3.0.pom (2.2 kB at 70 kB/s)
[03a69270-171d-4716-aa53-9421d410e119/build]   | [INFO] Downloading from central: https://repo.maven.apache.org/maven2/org/apache/maven/maven-aether-provider/3.0/maven-aether-provider-3.0.pom
[03a69270-171d-4716-aa53-9421d410e119/build]   | [INFO] Downloaded from central: https://repo.maven.apache.org/maven2/org/apache/maven/maven-aether-provider/3.0/maven-aether-provider-3.0.pom (2.5 kB at 50 kB/s)
[03a69270-171d-4716-aa53-9421d410e119/build]   | [INFO] Downloading from central: https://repo.maven.apache.org/maven2/org/sonatype/aether/aether-api/1.7/aether-api-1.7.pom
[03a69270-171d-4716-aa53-9421d410e119/build]   | [INFO] Downloaded from central: https://repo.maven.apache.org/maven2/org/sonatype/aether/aether-api/1.7/aether-api-1.7.pom (1.7 kB at 49 kB/s)
[03a69270-171d-4716-aa53-9421d410e119/build]   | [INFO] Downloading from central: https://repo.maven.apache.org/maven2/org/sonatype/aether/aether-parent/1.7/aether-parent-1.7.pom
[03a69270-171d-4716-aa53-9421d410e119/build]   | [INFO] Downloaded from central: https://repo.maven.apache.org/maven2/org/sonatype/aether/aether-parent/1.7/aether-parent-1.7.pom (7.7 kB at 146 kB/s)
[03a69270-171d-4716-aa53-9421d410e119/build]   | [INFO] Downloading from central: https://repo.maven.apache.org/maven2/org/sonatype/aether/aether-util/1.7/aether-util-1.7.pom
[03a69270-171d-4716-aa53-9421d410e119/build]   | [INFO] Downloaded from central: https://repo.maven.apache.org/maven2/org/sonatype/aether/aether-util/1.7/aether-util-1.7.pom (2.1 kB at 98 kB/s)
[03a69270-171d-4716-aa53-9421d410e119/build]   | [INFO] Downloading from central: https://repo.maven.apache.org/maven2/org/sonatype/aether/aether-impl/1.7/aether-impl-1.7.pom
[03a69270-171d-4716-aa53-9421d410e119/build]   | [INFO] Downloaded from central: https://repo.maven.apache.org/maven2/org/sonatype/aether/aether-impl/1.7/aether-impl-1.7.pom (3.7 kB at 119 kB/s)
[03a69270-171d-4716-aa53-9421d410e119/build]   | [INFO] Downloading from central: https://repo.maven.apache.org/maven2/org/sonatype/aether/aether-spi/1.7/aether-spi-1.7.pom
[03a69270-171d-4716-aa53-9421d410e119/build]   | [INFO] Downloaded from central: https://repo.maven.apache.org/maven2/org/sonatype/aether/aether-spi/1.7/aether-spi-1.7.pom (1.7 kB at 50 kB/s)
[03a69270-171d-4716-aa53-9421d410e119/build]   | [INFO] Downloading from central: https://repo.maven.apache.org/maven2/org/codehaus/plexus/plexus-utils/3.0.22/plexus-utils-3.0.22.pom
[03a69270-171d-4716-aa53-9421d410e119/build]   | [INFO] Downloaded from central: https://repo.maven.apache.org/maven2/org/codehaus/plexus/plexus-utils/3.0.22/plexus-utils-3.0.22.pom (3.8 kB at 101 kB/s)
[03a69270-171d-4716-aa53-9421d410e119/build]   | [INFO] Downloading from central: https://repo.maven.apache.org/maven2/org/codehaus/plexus/plexus/3.3.1/plexus-3.3.1.pom
[03a69270-171d-4716-aa53-9421d410e119/build]   | [INFO] Downloaded from central: https://repo.maven.apache.org/maven2/org/codehaus/plexus/plexus/3.3.1/plexus-3.3.1.pom (20 kB at 409 kB/s)
[03a69270-171d-4716-aa53-9421d410e119/build]   | [INFO] Downloading from central: https://repo.maven.apache.org/maven2/org/sonatype/spice/spice-parent/17/spice-parent-17.pom
[03a69270-171d-4716-aa53-9421d410e119/build]   | [INFO] Downloaded from central: https://repo.maven.apache.org/maven2/org/sonatype/spice/spice-parent/17/spice-parent-17.pom (6.8 kB at 121 kB/s)
[03a69270-171d-4716-aa53-9421d410e119/build]   | [INFO] Downloading from central: https://repo.maven.apache.org/maven2/org/sonatype/forge/forge-parent/10/forge-parent-10.pom
[03a69270-171d-4716-aa53-9421d410e119/build]   | [INFO] Downloaded from central: https://repo.maven.apache.org/maven2/org/sonatype/forge/forge-parent/10/forge-parent-10.pom (14 kB at 282 kB/s)
[03a69270-171d-4716-aa53-9421d410e119/build]   | [INFO] Downloading from central: https://repo.maven.apache.org/maven2/org/apache/maven/shared/file-management/1.2.1/file-management-1.2.1.pom
[03a69270-171d-4716-aa53-9421d410e119/build]   | [INFO] Downloaded from central: https://repo.maven.apache.org/maven2/org/apache/maven/shared/file-management/1.2.1/file-management-1.2.1.pom (3.9 kB at 118 kB/s)
[03a69270-171d-4716-aa53-9421d410e119/build]   | [INFO] Downloading from central: https://repo.maven.apache.org/maven2/org/apache/maven/shared/maven-shared-components/10/maven-shared-components-10.pom
[03a69270-171d-4716-aa53-9421d410e119/build]   | [INFO] Downloaded from central: https://repo.maven.apache.org/maven2/org/apache/maven/shared/maven-shared-components/10/maven-shared-components-10.pom (8.4 kB at 201 kB/s)
[03a69270-171d-4716-aa53-9421d410e119/build]   | [INFO] Downloading from central: https://repo.maven.apache.org/maven2/org/apache/maven/maven-parent/9/maven-parent-9.pom
[03a69270-171d-4716-aa53-9421d410e119/build]   | [INFO] Downloaded from central: https://repo.maven.apache.org/maven2/org/apache/maven/maven-parent/9/maven-parent-9.pom (33 kB at 547 kB/s)
[03a69270-171d-4716-aa53-9421d410e119/build]   | [INFO] Downloading from central: https://repo.maven.apache.org/maven2/org/apache/apache/4/apache-4.pom
[03a69270-171d-4716-aa53-9421d410e119/build]   | [INFO] Downloaded from central: https://repo.maven.apache.org/maven2/org/apache/apache/4/apache-4.pom (4.5 kB at 150 kB/s)
[03a69270-171d-4716-aa53-9421d410e119/build]   | [INFO] Downloading from central: https://repo.maven.apache.org/maven2/org/apache/maven/maven-plugin-api/2.0.6/maven-plugin-api-2.0.6.pom
[03a69270-171d-4716-aa53-9421d410e119/build]   | [INFO] Downloaded from central: https://repo.maven.apache.org/maven2/org/apache/maven/maven-plugin-api/2.0.6/maven-plugin-api-2.0.6.pom (1.5 kB at 56 kB/s)
[03a69270-171d-4716-aa53-9421d410e119/build]   | [INFO] Downloading from central: https://repo.maven.apache.org/maven2/org/apache/maven/maven/2.0.6/maven-2.0.6.pom
[03a69270-171d-4716-aa53-9421d410e119/build]   | [INFO] Downloaded from central: https://repo.maven.apache.org/maven2/org/apache/maven/maven/2.0.6/maven-2.0.6.pom (9.0 kB at 312 kB/s)
[03a69270-171d-4716-aa53-9421d410e119/build]   | [INFO] Downloading from central: https://repo.maven.apache.org/maven2/org/apache/maven/maven-parent/5/maven-parent-5.pom
[03a69270-171d-4716-aa53-9421d410e119/build]   | [INFO] Downloaded from central: https://repo.maven.apache.org/maven2/org/apache/maven/maven-parent/5/maven-parent-5.pom (15 kB at 282 kB/s)
[03a69270-171d-4716-aa53-9421d410e119/build]   | [INFO] Downloading from central: https://repo.maven.apache.org/maven2/org/apache/apache/3/apache-3.pom
[03a69270-171d-4716-aa53-9421d410e119/build]   | [INFO] Downloaded from central: https://repo.maven.apache.org/maven2/org/apache/apache/3/apache-3.pom (3.4 kB at 181 kB/s)
[03a69270-171d-4716-aa53-9421d410e119/build]   | [INFO] Downloading from central: https://repo.maven.apache.org/maven2/org/apache/maven/shared/maven-shared-io/1.1/maven-shared-io-1.1.pom
[03a69270-171d-4716-aa53-9421d410e119/build]   | [INFO] Downloaded from central: https://repo.maven.apache.org/maven2/org/apache/maven/shared/maven-shared-io/1.1/maven-shared-io-1.1.pom (4.1 kB at 140 kB/s)
[03a69270-171d-4716-aa53-9421d410e119/build]   | [INFO] Downloading from central: https://repo.maven.apache.org/maven2/org/apache/maven/shared/maven-shared-components/8/maven-shared-components-8.pom
[03a69270-171d-4716-aa53-9421d410e119/build]   | [INFO] Downloaded from central: https://repo.maven.apache.org/maven2/org/apache/maven/shared/maven-shared-components/8/maven-shared-components-8.pom (2.7 kB at 96 kB/s)
[03a69270-171d-4716-aa53-9421d410e119/build]   | [INFO] Downloading from central: https://repo.maven.apache.org/maven2/org/apache/maven/maven-parent/7/maven-parent-7.pom
[03a69270-171d-4716-aa53-9421d410e119/build]   | [INFO] Downloaded from central: https://repo.maven.apache.org/maven2/org/apache/maven/maven-parent/7/maven-parent-7.pom (21 kB at 360 kB/s)
[03a69270-171d-4716-aa53-9421d410e119/build]   | [INFO] Downloading from central: https://repo.maven.apache.org/maven2/org/apache/maven/maven-artifact/2.0.2/maven-artifact-2.0.2.pom
[03a69270-171d-4716-aa53-9421d410e119/build]   | [INFO] Downloaded from central: https://repo.maven.apache.org/maven2/org/apache/maven/maven-artifact/2.0.2/maven-artifact-2.0.2.pom (765 B at 22 kB/s)
[03a69270-171d-4716-aa53-9421d410e119/build]   | [INFO] Downloading from central: https://repo.maven.apache.org/maven2/org/apache/maven/maven/2.0.2/maven-2.0.2.pom
[03a69270-171d-4716-aa53-9421d410e119/build]   | [INFO] Downloaded from central: https://repo.maven.apache.org/maven2/org/apache/maven/maven/2.0.2/maven-2.0.2.pom (13 kB at 412 kB/s)
[03a69270-171d-4716-aa53-9421d410e119/build]   | [INFO] Downloading from central: https://repo.maven.apache.org/maven2/org/codehaus/plexus/plexus-utils/1.1/plexus-utils-1.1.pom
[03a69270-171d-4716-aa53-9421d410e119/build]   | [INFO] Downloaded from central: https://repo.maven.apache.org/maven2/org/codehaus/plexus/plexus-utils/1.1/plexus-utils-1.1.pom (767 B at 31 kB/s)
[03a69270-171d-4716-aa53-9421d410e119/build]   | [INFO] Downloading from central: https://repo.maven.apache.org/maven2/org/codehaus/plexus/plexus/1.0.4/plexus-1.0.4.pom
[03a69270-171d-4716-aa53-9421d410e119/build]   | [INFO] Downloaded from central: https://repo.maven.apache.org/maven2/org/codehaus/plexus/plexus/1.0.4/plexus-1.0.4.pom (5.7 kB at 212 kB/s)
[03a69270-171d-4716-aa53-9421d410e119/build]   | [INFO] Downloading from central: https://repo.maven.apache.org/maven2/org/apache/maven/maven-artifact-manager/2.0.2/maven-artifact-manager-2.0.2.pom
[03a69270-171d-4716-aa53-9421d410e119/build]   | [INFO] Downloaded from central: https://repo.maven.apache.org/maven2/org/apache/maven/maven-artifact-manager/2.0.2/maven-artifact-manager-2.0.2.pom (1.4 kB at 78 kB/s)
[03a69270-171d-4716-aa53-9421d410e119/build]   | [INFO] Downloading from central: https://repo.maven.apache.org/maven2/org/apache/maven/maven-repository-metadata/2.0.2/maven-repository-metadata-2.0.2.pom
[03a69270-171d-4716-aa53-9421d410e119/build]   | [INFO] Downloaded from central: https://repo.maven.apache.org/maven2/org/apache/maven/maven-repository-metadata/2.0.2/maven-repository-metadata-2.0.2.pom (1.3 kB at 30 kB/s)
[03a69270-171d-4716-aa53-9421d410e119/build]   | [INFO] Downloading from central: https://repo.maven.apache.org/maven2/org/codehaus/plexus/plexus-container-default/1.0-alpha-9/plexus-container-default-1.0-alpha-9.pom
[03a69270-171d-4716-aa53-9421d410e119/build]   | [INFO] Downloaded from central: https://repo.maven.apache.org/maven2/org/codehaus/plexus/plexus-container-default/1.0-alpha-9/plexus-container-default-1.0-alpha-9.pom (1.2 kB at 46 kB/s)
[03a69270-171d-4716-aa53-9421d410e119/build]   | [INFO] Downloading from central: https://repo.maven.apache.org/maven2/org/codehaus/plexus/plexus-containers/1.0.3/plexus-containers-1.0.3.pom
[03a69270-171d-4716-aa53-9421d410e119/build]   | [INFO] Downloaded from central: https://repo.maven.apache.org/maven2/org/codehaus/plexus/plexus-containers/1.0.3/plexus-containers-1.0.3.pom (492 B at 20 kB/s)
[03a69270-171d-4716-aa53-9421d410e119/build]   | [INFO] Downloading from central: https://repo.maven.apache.org/maven2/junit/junit/4.8.2/junit-4.8.2.pom
[03a69270-171d-4716-aa53-9421d410e119/build]   | [INFO] Downloaded from central: https://repo.maven.apache.org/maven2/junit/junit/4.8.2/junit-4.8.2.pom (1.5 kB at 62 kB/s)
[03a69270-171d-4716-aa53-9421d410e119/build]   | [INFO] Downloading from central: https://repo.maven.apache.org/maven2/org/codehaus/plexus/plexus-utils/1.0.4/plexus-utils-1.0.4.pom
[03a69270-171d-4716-aa53-9421d410e119/build]   | [INFO] Downloaded from central: https://repo.maven.apache.org/maven2/org/codehaus/plexus/plexus-utils/1.0.4/plexus-utils-1.0.4.pom (6.9 kB at 274 kB/s)
[03a69270-171d-4716-aa53-9421d410e119/build]   | [INFO] Downloading from central: https://repo.maven.apache.org/maven2/classworlds/classworlds/1.1-alpha-2/classworlds-1.1-alpha-2.pom
[03a69270-171d-4716-aa53-9421d410e119/build]   | [INFO] Downloaded from central: https://repo.maven.apache.org/maven2/classworlds/classworlds/1.1-alpha-2/classworlds-1.1-alpha-2.pom (3.1 kB at 101 kB/s)
[03a69270-171d-4716-aa53-9421d410e119/build]   | [INFO] Downloading from central: https://repo.maven.apache.org/maven2/org/apache/maven/wagon/wagon-provider-api/1.0-alpha-6/wagon-provider-api-1.0-alpha-6.pom
[03a69270-171d-4716-aa53-9421d410e119/build]   | [INFO] Downloaded from central: https://repo.maven.apache.org/maven2/org/apache/maven/wagon/wagon-provider-api/1.0-alpha-6/wagon-provider-api-1.0-alpha-6.pom (588 B at 18 kB/s)
[03a69270-171d-4716-aa53-9421d410e119/build]   | [INFO] Downloading from central: https://repo.maven.apache.org/maven2/org/apache/maven/wagon/wagon/1.0-alpha-6/wagon-1.0-alpha-6.pom
[03a69270-171d-4716-aa53-9421d410e119/build]   | [INFO] Downloaded from central: https://repo.maven.apache.org/maven2/org/apache/maven/wagon/wagon/1.0-alpha-6/wagon-1.0-alpha-6.pom (6.4 kB at 160 kB/s)
[03a69270-171d-4716-aa53-9421d410e119/build]   | [INFO] Downloading from central: https://repo.maven.apache.org/maven2/org/codehaus/plexus/plexus-utils/1.4.6/plexus-utils-1.4.6.pom
[03a69270-171d-4716-aa53-9421d410e119/build]   | [INFO] Downloaded from central: https://repo.maven.apache.org/maven2/org/codehaus/plexus/plexus-utils/1.4.6/plexus-utils-1.4.6.pom (2.3 kB at 113 kB/s)
[03a69270-171d-4716-aa53-9421d410e119/build]   | [INFO] Downloading from central: https://repo.maven.apache.org/maven2/org/codehaus/plexus/plexus-utils/1.5.6/plexus-utils-1.5.6.pom
[03a69270-171d-4716-aa53-9421d410e119/build]   | [INFO] Downloaded from central: https://repo.maven.apache.org/maven2/org/codehaus/plexus/plexus-utils/1.5.6/plexus-utils-1.5.6.pom (5.3 kB at 231 kB/s)
[03a69270-171d-4716-aa53-9421d410e119/build]   | [INFO] Downloading from central: https://repo.maven.apache.org/maven2/org/codehaus/plexus/plexus/1.0.12/plexus-1.0.12.pom
[03a69270-171d-4716-aa53-9421d410e119/build]   | [INFO] Downloaded from central: https://repo.maven.apache.org/maven2/org/codehaus/plexus/plexus/1.0.12/plexus-1.0.12.pom (9.8 kB at 350 kB/s)
[03a69270-171d-4716-aa53-9421d410e119/build]   | [INFO] Downloading from central: https://repo.maven.apache.org/maven2/org/apache/maven/reporting/maven-reporting-api/3.0/maven-reporting-api-3.0.pom
[03a69270-171d-4716-aa53-9421d410e119/build]   | [INFO] Downloaded from central: https://repo.maven.apache.org/maven2/org/apache/maven/reporting/maven-reporting-api/3.0/maven-reporting-api-3.0.pom (2.4 kB at 37 kB/s)
[03a69270-171d-4716-aa53-9421d410e119/build]   | [INFO] Downloading from central: https://repo.maven.apache.org/maven2/org/apache/maven/shared/maven-shared-components/15/maven-shared-components-15.pom
[03a69270-171d-4716-aa53-9421d410e119/build]   | [INFO] Downloaded from central: https://repo.maven.apache.org/maven2/org/apache/maven/shared/maven-shared-components/15/maven-shared-components-15.pom (9.3 kB at 346 kB/s)
[03a69270-171d-4716-aa53-9421d410e119/build]   | [INFO] Downloading from central: https://repo.maven.apache.org/maven2/org/apache/maven/maven-parent/16/maven-parent-16.pom
[03a69270-171d-4716-aa53-9421d410e119/build]   | [INFO] Downloaded from central: https://repo.maven.apache.org/maven2/org/apache/maven/maven-parent/16/maven-parent-16.pom (23 kB at 582 kB/s)
[03a69270-171d-4716-aa53-9421d410e119/build]   | [INFO] Downloading from central: https://repo.maven.apache.org/maven2/org/apache/apache/7/apache-7.pom
[03a69270-171d-4716-aa53-9421d410e119/build]   | [INFO] Downloaded from central: https://repo.maven.apache.org/maven2/org/apache/apache/7/apache-7.pom (14 kB at 498 kB/s)
[03a69270-171d-4716-aa53-9421d410e119/build]   | [INFO] Downloading from central: https://repo.maven.apache.org/maven2/org/apache/maven/doxia/doxia-sink-api/1.0/doxia-sink-api-1.0.pom
[03a69270-171d-4716-aa53-9421d410e119/build]   | [INFO] Downloaded from central: https://repo.maven.apache.org/maven2/org/apache/maven/doxia/doxia-sink-api/1.0/doxia-sink-api-1.0.pom (1.4 kB at 25 kB/s)
[03a69270-171d-4716-aa53-9421d410e119/build]   | [INFO] Downloading from central: https://repo.maven.apache.org/maven2/org/apache/maven/doxia/doxia/1.0/doxia-1.0.pom
[03a69270-171d-4716-aa53-9421d410e119/build]   | [INFO] Downloaded from central: https://repo.maven.apache.org/maven2/org/apache/maven/doxia/doxia/1.0/doxia-1.0.pom (9.6 kB at 235 kB/s)
[03a69270-171d-4716-aa53-9421d410e119/build]   | [INFO] Downloading from central: https://repo.maven.apache.org/maven2/org/apache/maven/maven-parent/10/maven-parent-10.pom
[03a69270-171d-4716-aa53-9421d410e119/build]   | [INFO] Downloaded from central: https://repo.maven.apache.org/maven2/org/apache/maven/maven-parent/10/maven-parent-10.pom (32 kB at 323 kB/s)
[03a69270-171d-4716-aa53-9421d410e119/build]   | [INFO] Downloading from central: https://repo.maven.apache.org/maven2/org/apache/maven/reporting/maven-reporting-impl/2.1/maven-reporting-impl-2.1.pom
[03a69270-171d-4716-aa53-9421d410e119/build]   | [INFO] Downloaded from central: https://repo.maven.apache.org/maven2/org/apache/maven/reporting/maven-reporting-impl/2.1/maven-reporting-impl-2.1.pom (4.5 kB at 113 kB/s)
[03a69270-171d-4716-aa53-9421d410e119/build]   | [INFO] Downloading from central: https://repo.maven.apache.org/maven2/org/apache/maven/maven-project/2.0.10/maven-project-2.0.10.pom
[03a69270-171d-4716-aa53-9421d410e119/build]   | [INFO] Downloaded from central: https://repo.maven.apache.org/maven2/org/apache/maven/maven-project/2.0.10/maven-project-2.0.10.pom (2.8 kB at 105 kB/s)
[03a69270-171d-4716-aa53-9421d410e119/build]   | [INFO] Downloading from central: https://repo.maven.apache.org/maven2/org/apache/maven/maven/2.0.10/maven-2.0.10.pom
[03a69270-171d-4716-aa53-9421d410e119/build]   | [INFO] Downloaded from central: https://repo.maven.apache.org/maven2/org/apache/maven/maven/2.0.10/maven-2.0.10.pom (24 kB at 467 kB/s)
[03a69270-171d-4716-aa53-9421d410e119/build]   | [INFO] Downloading from central: https://repo.maven.apache.org/maven2/org/apache/maven/maven-settings/2.0.10/maven-settings-2.0.10.pom
[03a69270-171d-4716-aa53-9421d410e119/build]   | [INFO] Downloaded from central: https://repo.maven.apache.org/maven2/org/apache/maven/maven-settings/2.0.10/maven-settings-2.0.10.pom (2.2 kB at 80 kB/s)
[03a69270-171d-4716-aa53-9421d410e119/build]   | [INFO] Downloading from central: https://repo.maven.apache.org/maven2/org/apache/maven/maven-model/2.0.10/maven-model-2.0.10.pom
[03a69270-171d-4716-aa53-9421d410e119/build]   | [INFO] Downloaded from central: https://repo.maven.apache.org/maven2/org/apache/maven/maven-model/2.0.10/maven-model-2.0.10.pom (3.3 kB at 176 kB/s)
[03a69270-171d-4716-aa53-9421d410e119/build]   | [INFO] Downloading from central: https://repo.maven.apache.org/maven2/org/codehaus/plexus/plexus-interpolation/1.1/plexus-interpolation-1.1.pom
[03a69270-171d-4716-aa53-9421d410e119/build]   | [INFO] Downloaded from central: https://repo.maven.apache.org/maven2/org/codehaus/plexus/plexus-interpolation/1.1/plexus-interpolation-1.1.pom (1.4 kB at 62 kB/s)
[03a69270-171d-4716-aa53-9421d410e119/build]   | [INFO] Downloading from central: https://repo.maven.apache.org/maven2/org/codehaus/plexus/plexus-container-default/1.0-alpha-9-stable-1/plexus-container-default-1.0-alpha-9-stable-1.pom
[03a69270-171d-4716-aa53-9421d410e119/build]   | [INFO] Downloaded from central: https://repo.maven.apache.org/maven2/org/codehaus/plexus/plexus-container-default/1.0-alpha-9-stable-1/plexus-container-default-1.0-alpha-9-stable-1.pom (3.9 kB at 180 kB/s)
[03a69270-171d-4716-aa53-9421d410e119/build]   | [INFO] Downloading from central: https://repo.maven.apache.org/maven2/org/apache/maven/maven-profile/2.0.10/maven-profile-2.0.10.pom
[03a69270-171d-4716-aa53-9421d410e119/build]   | [INFO] Downloaded from central: https://repo.maven.apache.org/maven2/org/apache/maven/maven-profile/2.0.10/maven-profile-2.0.10.pom (2.1 kB at 110 kB/s)
[03a69270-171d-4716-aa53-9421d410e119/build]   | [INFO] Downloading from central: https://repo.maven.apache.org/maven2/org/apache/maven/maven-artifact-manager/2.0.10/maven-artifact-manager-2.0.10.pom
[03a69270-171d-4716-aa53-9421d410e119/build]   | [INFO] Downloaded from central: https://repo.maven.apache.org/maven2/org/apache/maven/maven-artifact-manager/2.0.10/maven-artifact-manager-2.0.10.pom (2.7 kB at 108 kB/s)
[03a69270-171d-4716-aa53-9421d410e119/build]   | [INFO] Downloading from central: https://repo.maven.apache.org/maven2/org/apache/maven/maven-repository-metadata/2.0.10/maven-repository-metadata-2.0.10.pom
[03a69270-171d-4716-aa53-9421d410e119/build]   | [INFO] Downloaded from central: https://repo.maven.apache.org/maven2/org/apache/maven/maven-repository-metadata/2.0.10/maven-repository-metadata-2.0.10.pom (2.3 kB at 86 kB/s)
[03a69270-171d-4716-aa53-9421d410e119/build]   | [INFO] Downloading from central: https://repo.maven.apache.org/maven2/org/apache/maven/maven-artifact/2.0.10/maven-artifact-2.0.10.pom
[03a69270-171d-4716-aa53-9421d410e119/build]   | [INFO] Downloaded from central: https://repo.maven.apache.org/maven2/org/apache/maven/maven-artifact/2.0.10/maven-artifact-2.0.10.pom (1.6 kB at 56 kB/s)
[03a69270-171d-4716-aa53-9421d410e119/build]   | [INFO] Downloading from central: https://repo.maven.apache.org/maven2/org/apache/maven/maven-plugin-registry/2.0.10/maven-plugin-registry-2.0.10.pom
[03a69270-171d-4716-aa53-9421d410e119/build]   | [INFO] Downloaded from central: https://repo.maven.apache.org/maven2/org/apache/maven/maven-plugin-registry/2.0.10/maven-plugin-registry-2.0.10.pom (2.0 kB at 72 kB/s)
[03a69270-171d-4716-aa53-9421d410e119/build]   | [INFO] Downloading from central: https://repo.maven.apache.org/maven2/org/apache/maven/maven-plugin-api/2.0.10/maven-plugin-api-2.0.10.pom
[03a69270-171d-4716-aa53-9421d410e119/build]   | [INFO] Downloaded from central: https://repo.maven.apache.org/maven2/org/apache/maven/maven-plugin-api/2.0.10/maven-plugin-api-2.0.10.pom (1.5 kB at 30 kB/s)
[03a69270-171d-4716-aa53-9421d410e119/build]   | [INFO] Downloading from central: https://repo.maven.apache.org/maven2/org/apache/maven/doxia/doxia-sink-api/1.1.2/doxia-sink-api-1.1.2.pom
[03a69270-171d-4716-aa53-9421d410e119/build]   | [INFO] Downloaded from central: https://repo.maven.apache.org/maven2/org/apache/maven/doxia/doxia-sink-api/1.1.2/doxia-sink-api-1.1.2.pom (1.6 kB at 54 kB/s)
[03a69270-171d-4716-aa53-9421d410e119/build]   | [INFO] Downloading from central: https://repo.maven.apache.org/maven2/org/apache/maven/doxia/doxia/1.1.2/doxia-1.1.2.pom
[03a69270-171d-4716-aa53-9421d410e119/build]   | [INFO] Downloaded from central: https://repo.maven.apache.org/maven2/org/apache/maven/doxia/doxia/1.1.2/doxia-1.1.2.pom (18 kB at 403 kB/s)
[03a69270-171d-4716-aa53-9421d410e119/build]   | [INFO] Downloading from central: https://repo.maven.apache.org/maven2/org/apache/maven/doxia/doxia-logging-api/1.1.2/doxia-logging-api-1.1.2.pom
[03a69270-171d-4716-aa53-9421d410e119/build]   | [INFO] Downloaded from central: https://repo.maven.apache.org/maven2/org/apache/maven/doxia/doxia-logging-api/1.1.2/doxia-logging-api-1.1.2.pom (1.6 kB at 5.6 kB/s)
[03a69270-171d-4716-aa53-9421d410e119/build]   | [INFO] Downloading from central: https://repo.maven.apache.org/maven2/org/codehaus/plexus/plexus-container-default/1.0-alpha-30/plexus-container-default-1.0-alpha-30.pom
[03a69270-171d-4716-aa53-9421d410e119/build]   | [INFO] Downloaded from central: https://repo.maven.apache.org/maven2/org/codehaus/plexus/plexus-container-default/1.0-alpha-30/plexus-container-default-1.0-alpha-30.pom (3.5 kB at 116 kB/s)
[03a69270-171d-4716-aa53-9421d410e119/build]   | [INFO] Downloading from central: https://repo.maven.apache.org/maven2/org/codehaus/plexus/plexus-containers/1.0-alpha-30/plexus-containers-1.0-alpha-30.pom
[03a69270-171d-4716-aa53-9421d410e119/build]   | [INFO] Downloaded from central: https://repo.maven.apache.org/maven2/org/codehaus/plexus/plexus-containers/1.0-alpha-30/plexus-containers-1.0-alpha-30.pom (1.9 kB at 1.2 kB/s)
[03a69270-171d-4716-aa53-9421d410e119/build]   | [INFO] Downloading from central: https://repo.maven.apache.org/maven2/org/codehaus/plexus/plexus-utils/1.4.5/plexus-utils-1.4.5.pom
[03a69270-171d-4716-aa53-9421d410e119/build]   | [INFO] Downloaded from central: https://repo.maven.apache.org/maven2/org/codehaus/plexus/plexus-utils/1.4.5/plexus-utils-1.4.5.pom (2.3 kB at 103 kB/s)
[03a69270-171d-4716-aa53-9421d410e119/build]   | [INFO] Downloading from central: https://repo.maven.apache.org/maven2/org/codehaus/plexus/plexus-classworlds/1.2-alpha-9/plexus-classworlds-1.2-alpha-9.pom
[03a69270-171d-4716-aa53-9421d410e119/build]   | [INFO] Downloaded from central: https://repo.maven.apache.org/maven2/org/codehaus/plexus/plexus-classworlds/1.2-alpha-9/plexus-classworlds-1.2-alpha-9.pom (3.2 kB at 134 kB/s)
[03a69270-171d-4716-aa53-9421d410e119/build]   | [INFO] Downloading from central: https://repo.maven.apache.org/maven2/org/codehaus/plexus/plexus/1.0.10/plexus-1.0.10.pom
[03a69270-171d-4716-aa53-9421d410e119/build]   | [INFO] Downloaded from central: https://repo.maven.apache.org/maven2/org/codehaus/plexus/plexus/1.0.10/plexus-1.0.10.pom (8.2 kB at 104 kB/s)
[03a69270-171d-4716-aa53-9421d410e119/build]   | [INFO] Downloading from central: https://repo.maven.apache.org/maven2/org/apache/maven/doxia/doxia-core/1.1.2/doxia-core-1.1.2.pom
[03a69270-171d-4716-aa53-9421d410e119/build]   | [INFO] Downloaded from central: https://repo.maven.apache.org/maven2/org/apache/maven/doxia/doxia-core/1.1.2/doxia-core-1.1.2.pom (3.7 kB at 177 kB/s)
[03a69270-171d-4716-aa53-9421d410e119/build]   | [INFO] Downloading from central: https://repo.maven.apache.org/maven2/org/codehaus/plexus/plexus-utils/1.5.12/plexus-utils-1.5.12.pom
[03a69270-171d-4716-aa53-9421d410e119/build]   | [INFO] Downloaded from central: https://repo.maven.apache.org/maven2/org/codehaus/plexus/plexus-utils/1.5.12/plexus-utils-1.5.12.pom (5.6 kB at 256 kB/s)
[03a69270-171d-4716-aa53-9421d410e119/build]   | [INFO] Downloading from central: https://repo.maven.apache.org/maven2/org/codehaus/plexus/plexus/2.0.2/plexus-2.0.2.pom
[03a69270-171d-4716-aa53-9421d410e119/build]   | [INFO] Downloaded from central: https://repo.maven.apache.org/maven2/org/codehaus/plexus/plexus/2.0.2/plexus-2.0.2.pom (12 kB at 505 kB/s)
[03a69270-171d-4716-aa53-9421d410e119/build]   | [INFO] Downloading from central: https://repo.maven.apache.org/maven2/xerces/xercesImpl/2.8.1/xercesImpl-2.8.1.pom
[03a69270-171d-4716-aa53-9421d410e119/build]   | [INFO] Downloaded from central: https://repo.maven.apache.org/maven2/xerces/xercesImpl/2.8.1/xercesImpl-2.8.1.pom (2.2 kB at 55 kB/s)
[03a69270-171d-4716-aa53-9421d410e119/build]   | [INFO] Downloading from central: https://repo.maven.apache.org/maven2/xml-apis/xml-apis/1.3.03/xml-apis-1.3.03.pom
[03a69270-171d-4716-aa53-9421d410e119/build]   | [INFO] Downloaded from central: https://repo.maven.apache.org/maven2/xml-apis/xml-apis/1.3.03/xml-apis-1.3.03.pom (738 B at 15 kB/s)
[03a69270-171d-4716-aa53-9421d410e119/build]   | [INFO] Downloading from central: https://repo.maven.apache.org/maven2/org/apache/apache/1/apache-1.pom
[03a69270-171d-4716-aa53-9421d410e119/build]   | [INFO] Downloaded from central: https://repo.maven.apache.org/maven2/org/apache/apache/1/apache-1.pom (3.4 kB at 201 kB/s)
[03a69270-171d-4716-aa53-9421d410e119/build]   | [INFO] Downloading from central: https://repo.maven.apache.org/maven2/commons-lang/commons-lang/2.4/commons-lang-2.4.pom
[03a69270-171d-4716-aa53-9421d410e119/build]   | [INFO] Downloaded from central: https://repo.maven.apache.org/maven2/commons-lang/commons-lang/2.4/commons-lang-2.4.pom (14 kB at 206 kB/s)
[03a69270-171d-4716-aa53-9421d410e119/build]   | [INFO] Downloading from central: https://repo.maven.apache.org/maven2/org/apache/commons/commons-parent/9/commons-parent-9.pom
[03a69270-171d-4716-aa53-9421d410e119/build]   | [INFO] Downloaded from central: https://repo.maven.apache.org/maven2/org/apache/commons/commons-parent/9/commons-parent-9.pom (22 kB at 217 kB/s)
[03a69270-171d-4716-aa53-9421d410e119/build]   | [INFO] Downloading from central: https://repo.maven.apache.org/maven2/commons-httpclient/commons-httpclient/3.1/commons-httpclient-3.1.pom
[03a69270-171d-4716-aa53-9421d410e119/build]   | [INFO] Downloaded from central: https://repo.maven.apache.org/maven2/commons-httpclient/commons-httpclient/3.1/commons-httpclient-3.1.pom (7.8 kB at 288 kB/s)
[03a69270-171d-4716-aa53-9421d410e119/build]   | [INFO] Downloading from central: https://repo.maven.apache.org/maven2/commons-logging/commons-logging/1.0.4/commons-logging-1.0.4.pom
[03a69270-171d-4716-aa53-9421d410e119/build]   | [INFO] Downloaded from central: https://repo.maven.apache.org/maven2/commons-logging/commons-logging/1.0.4/commons-logging-1.0.4.pom (5.3 kB at 211 kB/s)
[03a69270-171d-4716-aa53-9421d410e119/build]   | [INFO] Downloading from central: https://repo.maven.apache.org/maven2/commons-codec/commons-codec/1.2/commons-codec-1.2.pom
[03a69270-171d-4716-aa53-9421d410e119/build]   | [INFO] Downloaded from central: https://repo.maven.apache.org/maven2/commons-codec/commons-codec/1.2/commons-codec-1.2.pom (3.8 kB at 166 kB/s)
[03a69270-171d-4716-aa53-9421d410e119/build]   | [INFO] Downloading from central: https://repo.maven.apache.org/maven2/org/apache/maven/doxia/doxia-site-renderer/1.1.2/doxia-site-renderer-1.1.2.pom
[03a69270-171d-4716-aa53-9421d410e119/build]   | [INFO] Downloaded from central: https://repo.maven.apache.org/maven2/org/apache/maven/doxia/doxia-site-renderer/1.1.2/doxia-site-renderer-1.1.2.pom (6.1 kB at 153 kB/s)
[03a69270-171d-4716-aa53-9421d410e119/build]   | [INFO] Downloading from central: https://repo.maven.apache.org/maven2/org/apache/maven/doxia/doxia-sitetools/1.1.2/doxia-sitetools-1.1.2.pom
[03a69270-171d-4716-aa53-9421d410e119/build]   | [INFO] Downloaded from central: https://repo.maven.apache.org/maven2/org/apache/maven/doxia/doxia-sitetools/1.1.2/doxia-sitetools-1.1.2.pom (15 kB at 546 kB/s)
[03a69270-171d-4716-aa53-9421d410e119/build]   | [INFO] Downloading from central: https://repo.maven.apache.org/maven2/org/apache/maven/doxia/doxia-decoration-model/1.1.2/doxia-decoration-model-1.1.2.pom
[03a69270-171d-4716-aa53-9421d410e119/build]   | [INFO] Downloaded from central: https://repo.maven.apache.org/maven2/org/apache/maven/doxia/doxia-decoration-model/1.1.2/doxia-decoration-model-1.1.2.pom (3.0 kB at 135 kB/s)
[03a69270-171d-4716-aa53-9421d410e119/build]   | [INFO] Downloading from central: https://repo.maven.apache.org/maven2/org/apache/maven/doxia/doxia-module-xhtml/1.1.2/doxia-module-xhtml-1.1.2.pom
[03a69270-171d-4716-aa53-9421d410e119/build]   | [INFO] Downloaded from central: https://repo.maven.apache.org/maven2/org/apache/maven/doxia/doxia-module-xhtml/1.1.2/doxia-module-xhtml-1.1.2.pom (1.6 kB at 80 kB/s)
[03a69270-171d-4716-aa53-9421d410e119/build]   | [INFO] Downloading from central: https://repo.maven.apache.org/maven2/org/apache/maven/doxia/doxia-modules/1.1.2/doxia-modules-1.1.2.pom
[03a69270-171d-4716-aa53-9421d410e119/build]   | [INFO] Downloaded from central: https://repo.maven.apache.org/maven2/org/apache/maven/doxia/doxia-modules/1.1.2/doxia-modules-1.1.2.pom (2.4 kB at 143 kB/s)
[03a69270-171d-4716-aa53-9421d410e119/build]   | [INFO] Downloading from central: https://repo.maven.apache.org/maven2/org/apache/maven/doxia/doxia-module-fml/1.1.2/doxia-module-fml-1.1.2.pom
[03a69270-171d-4716-aa53-9421d410e119/build]   | [INFO] Downloaded from central: https://repo.maven.apache.org/maven2/org/apache/maven/doxia/doxia-module-fml/1.1.2/doxia-module-fml-1.1.2.pom (5.5 kB at 18 kB/s)
[03a69270-171d-4716-aa53-9421d410e119/build]   | [INFO] Downloading from central: https://repo.maven.apache.org/maven2/org/codehaus/plexus/plexus-i18n/1.0-beta-7/plexus-i18n-1.0-beta-7.pom
[03a69270-171d-4716-aa53-9421d410e119/build]   | [INFO] Downloaded from central: https://repo.maven.apache.org/maven2/org/codehaus/plexus/plexus-i18n/1.0-beta-7/plexus-i18n-1.0-beta-7.pom (1.1 kB at 66 kB/s)
[03a69270-171d-4716-aa53-9421d410e119/build]   | [INFO] Downloading from central: https://repo.maven.apache.org/maven2/org/codehaus/plexus/plexus-components/1.1.12/plexus-components-1.1.12.pom
[03a69270-171d-4716-aa53-9421d410e119/build]   | [INFO] Downloaded from central: https://repo.maven.apache.org/maven2/org/codehaus/plexus/plexus-components/1.1.12/plexus-components-1.1.12.pom (3.0 kB at 125 kB/s)
[03a69270-171d-4716-aa53-9421d410e119/build]   | [INFO] Downloading from central: https://repo.maven.apache.org/maven2/org/codehaus/plexus/plexus-utils/1.4.1/plexus-utils-1.4.1.pom
[03a69270-171d-4716-aa53-9421d410e119/build]   | [INFO] Downloaded from central: https://repo.maven.apache.org/maven2/org/codehaus/plexus/plexus-utils/1.4.1/plexus-utils-1.4.1.pom (1.9 kB at 112 kB/s)
[03a69270-171d-4716-aa53-9421d410e119/build]   | [INFO] Downloading from central: https://repo.maven.apache.org/maven2/org/codehaus/plexus/plexus-velocity/1.1.7/plexus-velocity-1.1.7.pom
[03a69270-171d-4716-aa53-9421d410e119/build]   | [INFO] Downloaded from central: https://repo.maven.apache.org/maven2/org/codehaus/plexus/plexus-velocity/1.1.7/plexus-velocity-1.1.7.pom (2.0 kB at 53 kB/s)
[03a69270-171d-4716-aa53-9421d410e119/build]   | [INFO] Downloading from central: https://repo.maven.apache.org/maven2/org/codehaus/plexus/plexus-container-default/1.0-alpha-20/plexus-container-default-1.0-alpha-20.pom
[03a69270-171d-4716-aa53-9421d410e119/build]   | [INFO] Downloaded from central: https://repo.maven.apache.org/maven2/org/codehaus/plexus/plexus-container-default/1.0-alpha-20/plexus-container-default-1.0-alpha-20.pom (3.0 kB at 77 kB/s)
[03a69270-171d-4716-aa53-9421d410e119/build]   | [INFO] Downloading from central: https://repo.maven.apache.org/maven2/org/codehaus/plexus/plexus-containers/1.0-alpha-20/plexus-containers-1.0-alpha-20.pom
[03a69270-171d-4716-aa53-9421d410e119/build]   | [INFO] Downloaded from central: https://repo.maven.apache.org/maven2/org/codehaus/plexus/plexus-containers/1.0-alpha-20/plexus-containers-1.0-alpha-20.pom (1.9 kB at 157 kB/s)
[03a69270-171d-4716-aa53-9421d410e119/build]   | [INFO] Downloading from central: https://repo.maven.apache.org/maven2/org/codehaus/plexus/plexus-utils/1.3/plexus-utils-1.3.pom
[03a69270-171d-4716-aa53-9421d410e119/build]   | [INFO] Downloaded from central: https://repo.maven.apache.org/maven2/org/codehaus/plexus/plexus-utils/1.3/plexus-utils-1.3.pom (1.0 kB at 69 kB/s)
[03a69270-171d-4716-aa53-9421d410e119/build]   | [INFO] Downloading from central: https://repo.maven.apache.org/maven2/org/codehaus/plexus/plexus/1.0.8/plexus-1.0.8.pom
[03a69270-171d-4716-aa53-9421d410e119/build]   | [INFO] Downloaded from central: https://repo.maven.apache.org/maven2/org/codehaus/plexus/plexus/1.0.8/plexus-1.0.8.pom (7.2 kB at 289 kB/s)
[03a69270-171d-4716-aa53-9421d410e119/build]   | [INFO] Downloading from central: https://repo.maven.apache.org/maven2/org/codehaus/plexus/plexus-classworlds/1.2-alpha-7/plexus-classworlds-1.2-alpha-7.pom
[03a69270-171d-4716-aa53-9421d410e119/build]   | [INFO] Downloaded from central: https://repo.maven.apache.org/maven2/org/codehaus/plexus/plexus-classworlds/1.2-alpha-7/plexus-classworlds-1.2-alpha-7.pom (2.4 kB at 140 kB/s)
[03a69270-171d-4716-aa53-9421d410e119/build]   | [INFO] Downloading from central: https://repo.maven.apache.org/maven2/org/codehaus/plexus/plexus/1.0.9/plexus-1.0.9.pom
[03a69270-171d-4716-aa53-9421d410e119/build]   | [INFO] Downloaded from central: https://repo.maven.apache.org/maven2/org/codehaus/plexus/plexus/1.0.9/plexus-1.0.9.pom (7.7 kB at 366 kB/s)
[03a69270-171d-4716-aa53-9421d410e119/build]   | [INFO] Downloading from central: https://repo.maven.apache.org/maven2/org/apache/velocity/velocity/1.5/velocity-1.5.pom
[03a69270-171d-4716-aa53-9421d410e119/build]   | [INFO] Downloaded from central: https://repo.maven.apache.org/maven2/org/apache/velocity/velocity/1.5/velocity-1.5.pom (7.8 kB at 353 kB/s)
[03a69270-171d-4716-aa53-9421d410e119/build]   | [INFO] Downloading from central: https://repo.maven.apache.org/maven2/commons-collections/commons-collections/3.2.2/commons-collections-3.2.2.pom
[03a69270-171d-4716-aa53-9421d410e119/build]   | [INFO] Downloaded from central: https://repo.maven.apache.org/maven2/commons-collections/commons-collections/3.2.2/commons-collections-3.2.2.pom (12 kB at 428 kB/s)
[03a69270-171d-4716-aa53-9421d410e119/build]   | [INFO] Downloading from central: https://repo.maven.apache.org/maven2/org/apache/commons/commons-parent/39/commons-parent-39.pom
[03a69270-171d-4716-aa53-9421d410e119/build]   | [INFO] Downloaded from central: https://repo.maven.apache.org/maven2/org/apache/commons/commons-parent/39/commons-parent-39.pom (62 kB at 187 kB/s)
[03a69270-171d-4716-aa53-9421d410e119/build]   | [INFO] Downloading from central: https://repo.maven.apache.org/maven2/org/apache/apache/16/apache-16.pom
[03a69270-171d-4716-aa53-9421d410e119/build]   | [INFO] Downloaded from central: https://repo.maven.apache.org/maven2/org/apache/apache/16/apache-16.pom (15 kB at 531 kB/s)
[03a69270-171d-4716-aa53-9421d410e119/build]   | [INFO] Downloading from central: https://repo.maven.apache.org/maven2/commons-lang/commons-lang/2.1/commons-lang-2.1.pom
[03a69270-171d-4716-aa53-9421d410e119/build]   | [INFO] Downloaded from central: https://repo.maven.apache.org/maven2/commons-lang/commons-lang/2.1/commons-lang-2.1.pom (9.9 kB at 552 kB/s)
[03a69270-171d-4716-aa53-9421d410e119/build]   | [INFO] Downloading from central: https://repo.maven.apache.org/maven2/oro/oro/2.0.8/oro-2.0.8.pom
[03a69270-171d-4716-aa53-9421d410e119/build]   | [INFO] Downloaded from central: https://repo.maven.apache.org/maven2/oro/oro/2.0.8/oro-2.0.8.pom (140 B at 6.7 kB/s)
[03a69270-171d-4716-aa53-9421d410e119/build]   | [INFO] Downloading from central: https://repo.maven.apache.org/maven2/commons-validator/commons-validator/1.2.0/commons-validator-1.2.0.pom
[03a69270-171d-4716-aa53-9421d410e119/build]   | [INFO] Downloaded from central: https://repo.maven.apache.org/maven2/commons-validator/commons-validator/1.2.0/commons-validator-1.2.0.pom (9.1 kB at 138 kB/s)
[03a69270-171d-4716-aa53-9421d410e119/build]   | [INFO] Downloading from central: https://repo.maven.apache.org/maven2/commons-beanutils/commons-beanutils/1.7.0/commons-beanutils-1.7.0.pom
[03a69270-171d-4716-aa53-9421d410e119/build]   | [INFO] Downloaded from central: https://repo.maven.apache.org/maven2/commons-beanutils/commons-beanutils/1.7.0/commons-beanutils-1.7.0.pom (357 B at 21 kB/s)
[03a69270-171d-4716-aa53-9421d410e119/build]   | [INFO] Downloading from central: https://repo.maven.apache.org/maven2/commons-logging/commons-logging/1.0.3/commons-logging-1.0.3.pom
[03a69270-171d-4716-aa53-9421d410e119/build]   | [INFO] Downloaded from central: https://repo.maven.apache.org/maven2/commons-logging/commons-logging/1.0.3/commons-logging-1.0.3.pom (866 B at 43 kB/s)
[03a69270-171d-4716-aa53-9421d410e119/build]   | [INFO] Downloading from central: https://repo.maven.apache.org/maven2/commons-digester/commons-digester/1.6/commons-digester-1.6.pom
[03a69270-171d-4716-aa53-9421d410e119/build]   | [INFO] Downloaded from central: https://repo.maven.apache.org/maven2/commons-digester/commons-digester/1.6/commons-digester-1.6.pom (974 B at 57 kB/s)
[03a69270-171d-4716-aa53-9421d410e119/build]   | [INFO] Downloading from central: https://repo.maven.apache.org/maven2/commons-beanutils/commons-beanutils/1.6/commons-beanutils-1.6.pom
[03a69270-171d-4716-aa53-9421d410e119/build]   | [INFO] Downloaded from central: https://repo.maven.apache.org/maven2/commons-beanutils/commons-beanutils/1.6/commons-beanutils-1.6.pom (2.3 kB at 105 kB/s)
[03a69270-171d-4716-aa53-9421d410e119/build]   | [INFO] Downloading from central: https://repo.maven.apache.org/maven2/commons-logging/commons-logging/1.0/commons-logging-1.0.pom
[03a69270-171d-4716-aa53-9421d410e119/build]   | [INFO] Downloaded from central: https://repo.maven.apache.org/maven2/commons-logging/commons-logging/1.0/commons-logging-1.0.pom (163 B at 5.8 kB/s)
[03a69270-171d-4716-aa53-9421d410e119/build]   | [INFO] Downloading from central: https://repo.maven.apache.org/maven2/xml-apis/xml-apis/1.0.b2/xml-apis-1.0.b2.pom
[03a69270-171d-4716-aa53-9421d410e119/build]   | [INFO] Downloaded from central: https://repo.maven.apache.org/maven2/xml-apis/xml-apis/1.0.b2/xml-apis-1.0.b2.pom (2.2 kB at 70 kB/s)
[03a69270-171d-4716-aa53-9421d410e119/build]   | [INFO] Downloading from central: https://repo.maven.apache.org/maven2/xml-apis/xml-apis/2.0.2/xml-apis-2.0.2.pom
[03a69270-171d-4716-aa53-9421d410e119/build]   | [INFO] Downloaded from central: https://repo.maven.apache.org/maven2/xml-apis/xml-apis/2.0.2/xml-apis-2.0.2.pom (346 B at 6.9 kB/s)
[03a69270-171d-4716-aa53-9421d410e119/build]   | [INFO] Downloading from central: https://repo.maven.apache.org/maven2/org/codehaus/plexus/plexus-utils/1.5.8/plexus-utils-1.5.8.pom
[03a69270-171d-4716-aa53-9421d410e119/build]   | [INFO] Downloaded from central: https://repo.maven.apache.org/maven2/org/codehaus/plexus/plexus-utils/1.5.8/plexus-utils-1.5.8.pom (8.1 kB at 126 kB/s)
[03a69270-171d-4716-aa53-9421d410e119/build]   | [INFO] Downloading from central: https://repo.maven.apache.org/maven2/org/jacoco/org.jacoco.agent/0.8.4/org.jacoco.agent-0.8.4.pom
[03a69270-171d-4716-aa53-9421d410e119/build]   | [INFO] Downloaded from central: https://repo.maven.apache.org/maven2/org/jacoco/org.jacoco.agent/0.8.4/org.jacoco.agent-0.8.4.pom (3.5 kB at 131 kB/s)
[03a69270-171d-4716-aa53-9421d410e119/build]   | [INFO] Downloading from central: https://repo.maven.apache.org/maven2/org/jacoco/org.jacoco.core/0.8.4/org.jacoco.core-0.8.4.pom
[03a69270-171d-4716-aa53-9421d410e119/build]   | [INFO] Downloaded from central: https://repo.maven.apache.org/maven2/org/jacoco/org.jacoco.core/0.8.4/org.jacoco.core-0.8.4.pom (2.1 kB at 96 kB/s)
[03a69270-171d-4716-aa53-9421d410e119/build]   | [INFO] Downloading from central: https://repo.maven.apache.org/maven2/org/ow2/asm/asm/7.1/asm-7.1.pom
[03a69270-171d-4716-aa53-9421d410e119/build]   | [INFO] Downloaded from central: https://repo.maven.apache.org/maven2/org/ow2/asm/asm/7.1/asm-7.1.pom (2.9 kB at 147 kB/s)
[03a69270-171d-4716-aa53-9421d410e119/build]   | [INFO] Downloading from central: https://repo.maven.apache.org/maven2/org/ow2/ow2/1.5/ow2-1.5.pom
[03a69270-171d-4716-aa53-9421d410e119/build]   | [INFO] Downloaded from central: https://repo.maven.apache.org/maven2/org/ow2/ow2/1.5/ow2-1.5.pom (11 kB at 234 kB/s)
[03a69270-171d-4716-aa53-9421d410e119/build]   | [INFO] Downloading from central: https://repo.maven.apache.org/maven2/org/ow2/asm/asm-commons/7.1/asm-commons-7.1.pom
[03a69270-171d-4716-aa53-9421d410e119/build]   | [INFO] Downloaded from central: https://repo.maven.apache.org/maven2/org/ow2/asm/asm-commons/7.1/asm-commons-7.1.pom (3.7 kB at 40 kB/s)
[03a69270-171d-4716-aa53-9421d410e119/build]   | [INFO] Downloading from central: https://repo.maven.apache.org/maven2/org/ow2/asm/asm-tree/7.1/asm-tree-7.1.pom
[03a69270-171d-4716-aa53-9421d410e119/build]   | [INFO] Downloaded from central: https://repo.maven.apache.org/maven2/org/ow2/asm/asm-tree/7.1/asm-tree-7.1.pom (3.1 kB at 98 kB/s)
[03a69270-171d-4716-aa53-9421d410e119/build]   | [INFO] Downloading from central: https://repo.maven.apache.org/maven2/org/ow2/asm/asm-analysis/7.1/asm-analysis-7.1.pom
[03a69270-171d-4716-aa53-9421d410e119/build]   | [INFO] Downloaded from central: https://repo.maven.apache.org/maven2/org/ow2/asm/asm-analysis/7.1/asm-analysis-7.1.pom (3.2 kB at 47 kB/s)
[03a69270-171d-4716-aa53-9421d410e119/build]   | [INFO] Downloading from central: https://repo.maven.apache.org/maven2/org/jacoco/org.jacoco.report/0.8.4/org.jacoco.report-0.8.4.pom
[03a69270-171d-4716-aa53-9421d410e119/build]   | [INFO] Downloaded from central: https://repo.maven.apache.org/maven2/org/jacoco/org.jacoco.report/0.8.4/org.jacoco.report-0.8.4.pom (1.9 kB at 112 kB/s)
[03a69270-171d-4716-aa53-9421d410e119/build]   | [INFO] Downloading from central: https://repo.maven.apache.org/maven2/org/apache/maven/maven-plugin-api/3.0/maven-plugin-api-3.0.jar
[03a69270-171d-4716-aa53-9421d410e119/build]   | [INFO] Downloading from central: https://repo.maven.apache.org/maven2/org/apache/maven/maven-model/3.0/maven-model-3.0.jar
[03a69270-171d-4716-aa53-9421d410e119/build]   | [INFO] Downloading from central: https://repo.maven.apache.org/maven2/org/apache/maven/maven-artifact/3.0/maven-artifact-3.0.jar
[03a69270-171d-4716-aa53-9421d410e119/build]   | [INFO] Downloading from central: https://repo.maven.apache.org/maven2/org/sonatype/sisu/sisu-inject-plexus/1.4.2/sisu-inject-plexus-1.4.2.jar
[03a69270-171d-4716-aa53-9421d410e119/build]   | [INFO] Downloading from central: https://repo.maven.apache.org/maven2/org/sonatype/sisu/sisu-inject-bean/1.4.2/sisu-inject-bean-1.4.2.jar
[03a69270-171d-4716-aa53-9421d410e119/build]   | [INFO] Downloaded from central: https://repo.maven.apache.org/maven2/org/apache/maven/maven-artifact/3.0/maven-artifact-3.0.jar (52 kB at 752 kB/s)
[03a69270-171d-4716-aa53-9421d410e119/build]   | [INFO] Downloading from central: https://repo.maven.apache.org/maven2/org/sonatype/sisu/sisu-guice/2.1.7/sisu-guice-2.1.7-noaop.jar
[03a69270-171d-4716-aa53-9421d410e119/build]   | [INFO] Downloaded from central: https://repo.maven.apache.org/maven2/org/apache/maven/maven-plugin-api/3.0/maven-plugin-api-3.0.jar (49 kB at 661 kB/s)
[03a69270-171d-4716-aa53-9421d410e119/build]   | [INFO] Downloading from central: https://repo.maven.apache.org/maven2/org/apache/maven/maven-core/3.0/maven-core-3.0.jar
[03a69270-171d-4716-aa53-9421d410e119/build]   | [INFO] Downloaded from central: https://repo.maven.apache.org/maven2/org/sonatype/sisu/sisu-inject-plexus/1.4.2/sisu-inject-plexus-1.4.2.jar (202 kB at 2.4 MB/s)
[03a69270-171d-4716-aa53-9421d410e119/build]   | [INFO] Downloading from central: https://repo.maven.apache.org/maven2/org/apache/maven/maven-settings/3.0/maven-settings-3.0.jar
[03a69270-171d-4716-aa53-9421d410e119/build]   | [INFO] Downloaded from central: https://repo.maven.apache.org/maven2/org/apache/maven/maven-model/3.0/maven-model-3.0.jar (165 kB at 1.3 MB/s)
[03a69270-171d-4716-aa53-9421d410e119/build]   | [INFO] Downloading from central: https://repo.maven.apache.org/maven2/org/apache/maven/maven-settings-builder/3.0/maven-settings-builder-3.0.jar
[03a69270-171d-4716-aa53-9421d410e119/build]   | [INFO] Downloaded from central: https://repo.maven.apache.org/maven2/org/apache/maven/maven-settings/3.0/maven-settings-3.0.jar (47 kB at 370 kB/s)
[03a69270-171d-4716-aa53-9421d410e119/build]   | [INFO] Downloading from central: https://repo.maven.apache.org/maven2/org/apache/maven/maven-repository-metadata/3.0/maven-repository-metadata-3.0.jar
[03a69270-171d-4716-aa53-9421d410e119/build]   | [INFO] Downloaded from central: https://repo.maven.apache.org/maven2/org/apache/maven/maven-settings-builder/3.0/maven-settings-builder-3.0.jar (38 kB at 254 kB/s)
[03a69270-171d-4716-aa53-9421d410e119/build]   | [INFO] Downloading from central: https://repo.maven.apache.org/maven2/org/apache/maven/maven-model-builder/3.0/maven-model-builder-3.0.jar
[03a69270-171d-4716-aa53-9421d410e119/build]   | [INFO] Downloaded from central: https://repo.maven.apache.org/maven2/org/apache/maven/maven-repository-metadata/3.0/maven-repository-metadata-3.0.jar (30 kB at 190 kB/s)
[03a69270-171d-4716-aa53-9421d410e119/build]   | [INFO] Downloading from central: https://repo.maven.apache.org/maven2/org/apache/maven/maven-aether-provider/3.0/maven-aether-provider-3.0.jar
[03a69270-171d-4716-aa53-9421d410e119/build]   | [INFO] Downloaded from central: https://repo.maven.apache.org/maven2/org/sonatype/sisu/sisu-inject-bean/1.4.2/sisu-inject-bean-1.4.2.jar (153 kB at 950 kB/s)
[03a69270-171d-4716-aa53-9421d410e119/build]   | [INFO] Downloading from central: https://repo.maven.apache.org/maven2/org/sonatype/aether/aether-impl/1.7/aether-impl-1.7.jar
[03a69270-171d-4716-aa53-9421d410e119/build]   | [INFO] Downloaded from central: https://repo.maven.apache.org/maven2/org/sonatype/sisu/sisu-guice/2.1.7/sisu-guice-2.1.7-noaop.jar (472 kB at 2.9 MB/s)
[03a69270-171d-4716-aa53-9421d410e119/build]   | [INFO] Downloading from central: https://repo.maven.apache.org/maven2/org/sonatype/aether/aether-spi/1.7/aether-spi-1.7.jar
[03a69270-171d-4716-aa53-9421d410e119/build]   | [INFO] Downloaded from central: https://repo.maven.apache.org/maven2/org/sonatype/aether/aether-impl/1.7/aether-impl-1.7.jar (106 kB at 578 kB/s)
[03a69270-171d-4716-aa53-9421d410e119/build]   | [INFO] Downloading from central: https://repo.maven.apache.org/maven2/org/sonatype/aether/aether-api/1.7/aether-api-1.7.jar
[03a69270-171d-4716-aa53-9421d410e119/build]   | [INFO] Downloaded from central: https://repo.maven.apache.org/maven2/org/sonatype/aether/aether-spi/1.7/aether-spi-1.7.jar (14 kB at 72 kB/s)
[03a69270-171d-4716-aa53-9421d410e119/build]   | [INFO] Downloading from central: https://repo.maven.apache.org/maven2/org/sonatype/aether/aether-util/1.7/aether-util-1.7.jar
[03a69270-171d-4716-aa53-9421d410e119/build]   | [INFO] Downloaded from central: https://repo.maven.apache.org/maven2/org/apache/maven/maven-aether-provider/3.0/maven-aether-provider-3.0.jar (51 kB at 269 kB/s)
[03a69270-171d-4716-aa53-9421d410e119/build]   | [INFO] Downloading from central: https://repo.maven.apache.org/maven2/org/codehaus/plexus/plexus-interpolation/1.14/plexus-interpolation-1.14.jar
[03a69270-171d-4716-aa53-9421d410e119/build]   | [INFO] Downloaded from central: https://repo.maven.apache.org/maven2/org/codehaus/plexus/plexus-interpolation/1.14/plexus-interpolation-1.14.jar (61 kB at 296 kB/s)
[03a69270-171d-4716-aa53-9421d410e119/build]   | [INFO] Downloading from central: https://repo.maven.apache.org/maven2/org/codehaus/plexus/plexus-classworlds/2.2.3/plexus-classworlds-2.2.3.jar
[03a69270-171d-4716-aa53-9421d410e119/build]   | [INFO] Downloaded from central: https://repo.maven.apache.org/maven2/org/codehaus/plexus/plexus-classworlds/2.2.3/plexus-classworlds-2.2.3.jar (46 kB at 200 kB/s)
[03a69270-171d-4716-aa53-9421d410e119/build]   | [INFO] Downloaded from central: https://repo.maven.apache.org/maven2/org/sonatype/aether/aether-api/1.7/aether-api-1.7.jar (74 kB at 321 kB/s)
[03a69270-171d-4716-aa53-9421d410e119/build]   | [INFO] Downloading from central: https://repo.maven.apache.org/maven2/org/codehaus/plexus/plexus-component-annotations/1.5.5/plexus-component-annotations-1.5.5.jar
[03a69270-171d-4716-aa53-9421d410e119/build]   | [INFO] Downloading from central: https://repo.maven.apache.org/maven2/org/sonatype/plexus/plexus-sec-dispatcher/1.3/plexus-sec-dispatcher-1.3.jar
[03a69270-171d-4716-aa53-9421d410e119/build]   | [INFO] Downloaded from central: https://repo.maven.apache.org/maven2/org/apache/maven/maven-model-builder/3.0/maven-model-builder-3.0.jar (148 kB at 630 kB/s)
[03a69270-171d-4716-aa53-9421d410e119/build]   | [INFO] Downloading from central: https://repo.maven.apache.org/maven2/org/sonatype/plexus/plexus-cipher/1.4/plexus-cipher-1.4.jar
[03a69270-171d-4716-aa53-9421d410e119/build]   | [INFO] Downloaded from central: https://repo.maven.apache.org/maven2/org/apache/maven/maven-core/3.0/maven-core-3.0.jar (527 kB at 2.1 MB/s)
[03a69270-171d-4716-aa53-9421d410e119/build]   | [INFO] Downloaded from central: https://repo.maven.apache.org/maven2/org/codehaus/plexus/plexus-component-annotations/1.5.5/plexus-component-annotations-1.5.5.jar (4.2 kB at 17 kB/s)
[03a69270-171d-4716-aa53-9421d410e119/build]   | [INFO] Downloading from central: https://repo.maven.apache.org/maven2/org/codehaus/plexus/plexus-utils/3.0.22/plexus-utils-3.0.22.jar
[03a69270-171d-4716-aa53-9421d410e119/build]   | [INFO] Downloading from central: https://repo.maven.apache.org/maven2/org/apache/maven/shared/file-management/1.2.1/file-management-1.2.1.jar
[03a69270-171d-4716-aa53-9421d410e119/build]   | [INFO] Downloaded from central: https://repo.maven.apache.org/maven2/org/sonatype/plexus/plexus-sec-dispatcher/1.3/plexus-sec-dispatcher-1.3.jar (29 kB at 112 kB/s)
[03a69270-171d-4716-aa53-9421d410e119/build]   | [INFO] Downloading from central: https://repo.maven.apache.org/maven2/org/apache/maven/shared/maven-shared-io/1.1/maven-shared-io-1.1.jar
[03a69270-171d-4716-aa53-9421d410e119/build]   | [INFO] Downloaded from central: https://repo.maven.apache.org/maven2/org/sonatype/aether/aether-util/1.7/aether-util-1.7.jar (108 kB at 415 kB/s)
[03a69270-171d-4716-aa53-9421d410e119/build]   | [INFO] Downloading from central: https://repo.maven.apache.org/maven2/org/apache/maven/maven-artifact-manager/2.0.2/maven-artifact-manager-2.0.2.jar
[03a69270-171d-4716-aa53-9421d410e119/build]   | [INFO] Downloaded from central: https://repo.maven.apache.org/maven2/org/apache/maven/shared/maven-shared-io/1.1/maven-shared-io-1.1.jar (39 kB at 145 kB/s)
[03a69270-171d-4716-aa53-9421d410e119/build]   | [INFO] Downloading from central: https://repo.maven.apache.org/maven2/org/apache/maven/wagon/wagon-provider-api/1.0-alpha-6/wagon-provider-api-1.0-alpha-6.jar
[03a69270-171d-4716-aa53-9421d410e119/build]   | [INFO] Downloaded from central: https://repo.maven.apache.org/maven2/org/apache/maven/shared/file-management/1.2.1/file-management-1.2.1.jar (38 kB at 133 kB/s)
[03a69270-171d-4716-aa53-9421d410e119/build]   | [INFO] Downloading from central: https://repo.maven.apache.org/maven2/org/codehaus/plexus/plexus-container-default/1.0-alpha-9/plexus-container-default-1.0-alpha-9.jar
[03a69270-171d-4716-aa53-9421d410e119/build]   | [INFO] Downloaded from central: https://repo.maven.apache.org/maven2/org/apache/maven/maven-artifact-manager/2.0.2/maven-artifact-manager-2.0.2.jar (49 kB at 172 kB/s)
[03a69270-171d-4716-aa53-9421d410e119/build]   | [INFO] Downloading from central: https://repo.maven.apache.org/maven2/junit/junit/4.8.2/junit-4.8.2.jar
[03a69270-171d-4716-aa53-9421d410e119/build]   | [INFO] Downloaded from central: https://repo.maven.apache.org/maven2/org/codehaus/plexus/plexus-utils/3.0.22/plexus-utils-3.0.22.jar (245 kB at 825 kB/s)
[03a69270-171d-4716-aa53-9421d410e119/build]   | [INFO] Downloaded from central: https://repo.maven.apache.org/maven2/org/sonatype/plexus/plexus-cipher/1.4/plexus-cipher-1.4.jar (13 kB at 45 kB/s)
[03a69270-171d-4716-aa53-9421d410e119/build]   | [INFO] Downloading from central: https://repo.maven.apache.org/maven2/classworlds/classworlds/1.1-alpha-2/classworlds-1.1-alpha-2.jar
[03a69270-171d-4716-aa53-9421d410e119/build]   | [INFO] Downloading from central: https://repo.maven.apache.org/maven2/org/apache/maven/reporting/maven-reporting-api/3.0/maven-reporting-api-3.0.jar
[03a69270-171d-4716-aa53-9421d410e119/build]   | [INFO] Downloaded from central: https://repo.maven.apache.org/maven2/org/apache/maven/wagon/wagon-provider-api/1.0-alpha-6/wagon-provider-api-1.0-alpha-6.jar (43 kB at 143 kB/s)
[03a69270-171d-4716-aa53-9421d410e119/build]   | [INFO] Downloading from central: https://repo.maven.apache.org/maven2/org/apache/maven/doxia/doxia-sink-api/1.0/doxia-sink-api-1.0.jar
[03a69270-171d-4716-aa53-9421d410e119/build]   | [INFO] Downloaded from central: https://repo.maven.apache.org/maven2/org/apache/maven/reporting/maven-reporting-api/3.0/maven-reporting-api-3.0.jar (11 kB at 34 kB/s)
[03a69270-171d-4716-aa53-9421d410e119/build]   | [INFO] Downloading from central: https://repo.maven.apache.org/maven2/org/apache/maven/reporting/maven-reporting-impl/2.1/maven-reporting-impl-2.1.jar
[03a69270-171d-4716-aa53-9421d410e119/build]   | [INFO] Downloaded from central: https://repo.maven.apache.org/maven2/classworlds/classworlds/1.1-alpha-2/classworlds-1.1-alpha-2.jar (38 kB at 112 kB/s)
[03a69270-171d-4716-aa53-9421d410e119/build]   | [INFO] Downloading from central: https://repo.maven.apache.org/maven2/org/apache/maven/maven-project/2.0.10/maven-project-2.0.10.jar
[03a69270-171d-4716-aa53-9421d410e119/build]   | [INFO] Downloaded from central: https://repo.maven.apache.org/maven2/org/apache/maven/reporting/maven-reporting-impl/2.1/maven-reporting-impl-2.1.jar (17 kB at 48 kB/s)
[03a69270-171d-4716-aa53-9421d410e119/build]   | [INFO] Downloading from central: https://repo.maven.apache.org/maven2/org/apache/maven/maven-profile/2.0.10/maven-profile-2.0.10.jar
[03a69270-171d-4716-aa53-9421d410e119/build]   | [INFO] Downloaded from central: https://repo.maven.apache.org/maven2/org/apache/maven/doxia/doxia-sink-api/1.0/doxia-sink-api-1.0.jar (10 kB at 29 kB/s)
[03a69270-171d-4716-aa53-9421d410e119/build]   | [INFO] Downloading from central: https://repo.maven.apache.org/maven2/org/apache/maven/maven-plugin-registry/2.0.10/maven-plugin-registry-2.0.10.jar
[03a69270-171d-4716-aa53-9421d410e119/build]   | [INFO] Downloaded from central: https://repo.maven.apache.org/maven2/org/apache/maven/maven-plugin-registry/2.0.10/maven-plugin-registry-2.0.10.jar (30 kB at 84 kB/s)
[03a69270-171d-4716-aa53-9421d410e119/build]   | [INFO] Downloading from central: https://repo.maven.apache.org/maven2/org/apache/maven/doxia/doxia-core/1.1.2/doxia-core-1.1.2.jar
[03a69270-171d-4716-aa53-9421d410e119/build]   | [INFO] Downloaded from central: https://repo.maven.apache.org/maven2/org/apache/maven/maven-project/2.0.10/maven-project-2.0.10.jar (123 kB at 315 kB/s)
[03a69270-171d-4716-aa53-9421d410e119/build]   | [INFO] Downloading from central: https://repo.maven.apache.org/maven2/org/apache/maven/doxia/doxia-logging-api/1.1.2/doxia-logging-api-1.1.2.jar
[03a69270-171d-4716-aa53-9421d410e119/build]   | [INFO] Downloaded from central: https://repo.maven.apache.org/maven2/junit/junit/4.8.2/junit-4.8.2.jar (237 kB at 592 kB/s)
[03a69270-171d-4716-aa53-9421d410e119/build]   | [INFO] Downloaded from central: https://repo.maven.apache.org/maven2/org/apache/maven/maven-profile/2.0.10/maven-profile-2.0.10.jar (37 kB at 93 kB/s)
[03a69270-171d-4716-aa53-9421d410e119/build]   | [INFO] Downloading from central: https://repo.maven.apache.org/maven2/xerces/xercesImpl/2.8.1/xercesImpl-2.8.1.jar
[03a69270-171d-4716-aa53-9421d410e119/build]   | [INFO] Downloading from central: https://repo.maven.apache.org/maven2/commons-lang/commons-lang/2.4/commons-lang-2.4.jar
[03a69270-171d-4716-aa53-9421d410e119/build]   | [INFO] Downloaded from central: https://repo.maven.apache.org/maven2/org/apache/maven/doxia/doxia-core/1.1.2/doxia-core-1.1.2.jar (158 kB at 389 kB/s)
[03a69270-171d-4716-aa53-9421d410e119/build]   | [INFO] Downloading from central: https://repo.maven.apache.org/maven2/commons-httpclient/commons-httpclient/3.1/commons-httpclient-3.1.jar
[03a69270-171d-4716-aa53-9421d410e119/build]   | [INFO] Downloaded from central: https://repo.maven.apache.org/maven2/org/apache/maven/doxia/doxia-logging-api/1.1.2/doxia-logging-api-1.1.2.jar (11 kB at 27 kB/s)
[03a69270-171d-4716-aa53-9421d410e119/build]   | [INFO] Downloading from central: https://repo.maven.apache.org/maven2/commons-codec/commons-codec/1.2/commons-codec-1.2.jar
[03a69270-171d-4716-aa53-9421d410e119/build]   | [INFO] Downloaded from central: https://repo.maven.apache.org/maven2/org/codehaus/plexus/plexus-container-default/1.0-alpha-9/plexus-container-default-1.0-alpha-9.jar (195 kB at 436 kB/s)
[03a69270-171d-4716-aa53-9421d410e119/build]   | [INFO] Downloading from central: https://repo.maven.apache.org/maven2/org/apache/maven/doxia/doxia-site-renderer/1.1.2/doxia-site-renderer-1.1.2.jar
[03a69270-171d-4716-aa53-9421d410e119/build]   | [INFO] Downloaded from central: https://repo.maven.apache.org/maven2/commons-codec/commons-codec/1.2/commons-codec-1.2.jar (30 kB at 66 kB/s)
[03a69270-171d-4716-aa53-9421d410e119/build]   | [INFO] Downloading from central: https://repo.maven.apache.org/maven2/org/apache/maven/doxia/doxia-decoration-model/1.1.2/doxia-decoration-model-1.1.2.jar
[03a69270-171d-4716-aa53-9421d410e119/build]   | [INFO] Downloaded from central: https://repo.maven.apache.org/maven2/commons-lang/commons-lang/2.4/commons-lang-2.4.jar (262 kB at 542 kB/s)
[03a69270-171d-4716-aa53-9421d410e119/build]   | [INFO] Downloading from central: https://repo.maven.apache.org/maven2/org/apache/maven/doxia/doxia-module-xhtml/1.1.2/doxia-module-xhtml-1.1.2.jar
[03a69270-171d-4716-aa53-9421d410e119/build]   | [INFO] Downloaded from central: https://repo.maven.apache.org/maven2/org/apache/maven/doxia/doxia-decoration-model/1.1.2/doxia-decoration-model-1.1.2.jar (52 kB at 105 kB/s)
[03a69270-171d-4716-aa53-9421d410e119/build]   | [INFO] Downloading from central: https://repo.maven.apache.org/maven2/org/apache/maven/doxia/doxia-module-fml/1.1.2/doxia-module-fml-1.1.2.jar
[03a69270-171d-4716-aa53-9421d410e119/build]   | [INFO] Downloaded from central: https://repo.maven.apache.org/maven2/org/apache/maven/doxia/doxia-module-xhtml/1.1.2/doxia-module-xhtml-1.1.2.jar (15 kB at 30 kB/s)
[03a69270-171d-4716-aa53-9421d410e119/build]   | [INFO] Downloading from central: https://repo.maven.apache.org/maven2/org/codehaus/plexus/plexus-i18n/1.0-beta-7/plexus-i18n-1.0-beta-7.jar
[03a69270-171d-4716-aa53-9421d410e119/build]   | [INFO] Downloaded from central: https://repo.maven.apache.org/maven2/org/apache/maven/doxia/doxia-site-renderer/1.1.2/doxia-site-renderer-1.1.2.jar (50 kB at 99 kB/s)
[03a69270-171d-4716-aa53-9421d410e119/build]   | [INFO] Downloading from central: https://repo.maven.apache.org/maven2/org/codehaus/plexus/plexus-velocity/1.1.7/plexus-velocity-1.1.7.jar
[03a69270-171d-4716-aa53-9421d410e119/build]   | [INFO] Downloaded from central: https://repo.maven.apache.org/maven2/org/codehaus/plexus/plexus-i18n/1.0-beta-7/plexus-i18n-1.0-beta-7.jar (11 kB at 20 kB/s)
[03a69270-171d-4716-aa53-9421d410e119/build]   | [INFO] Downloading from central: https://repo.maven.apache.org/maven2/org/apache/velocity/velocity/1.5/velocity-1.5.jar
[03a69270-171d-4716-aa53-9421d410e119/build]   | [INFO] Downloaded from central: https://repo.maven.apache.org/maven2/org/codehaus/plexus/plexus-velocity/1.1.7/plexus-velocity-1.1.7.jar (7.7 kB at 14 kB/s)
[03a69270-171d-4716-aa53-9421d410e119/build]   | [INFO] Downloading from central: https://repo.maven.apache.org/maven2/commons-collections/commons-collections/3.2.2/commons-collections-3.2.2.jar
[03a69270-171d-4716-aa53-9421d410e119/build]   | [INFO] Downloaded from central: https://repo.maven.apache.org/maven2/commons-httpclient/commons-httpclient/3.1/commons-httpclient-3.1.jar (305 kB at 540 kB/s)
[03a69270-171d-4716-aa53-9421d410e119/build]   | [INFO] Downloading from central: https://repo.maven.apache.org/maven2/commons-validator/commons-validator/1.2.0/commons-validator-1.2.0.jar
[03a69270-171d-4716-aa53-9421d410e119/build]   | [INFO] Downloaded from central: https://repo.maven.apache.org/maven2/org/apache/maven/doxia/doxia-module-fml/1.1.2/doxia-module-fml-1.1.2.jar (37 kB at 65 kB/s)
[03a69270-171d-4716-aa53-9421d410e119/build]   | [INFO] Downloading from central: https://repo.maven.apache.org/maven2/commons-beanutils/commons-beanutils/1.7.0/commons-beanutils-1.7.0.jar
[03a69270-171d-4716-aa53-9421d410e119/build]   | [INFO] Downloaded from central: https://repo.maven.apache.org/maven2/commons-validator/commons-validator/1.2.0/commons-validator-1.2.0.jar (91 kB at 148 kB/s)
[03a69270-171d-4716-aa53-9421d410e119/build]   | [INFO] Downloading from central: https://repo.maven.apache.org/maven2/commons-digester/commons-digester/1.6/commons-digester-1.6.jar
[03a69270-171d-4716-aa53-9421d410e119/build]   | [INFO] Downloaded from central: https://repo.maven.apache.org/maven2/commons-beanutils/commons-beanutils/1.7.0/commons-beanutils-1.7.0.jar (189 kB at 276 kB/s)
[03a69270-171d-4716-aa53-9421d410e119/build]   | [INFO] Downloading from central: https://repo.maven.apache.org/maven2/commons-logging/commons-logging/1.0.4/commons-logging-1.0.4.jar
[03a69270-171d-4716-aa53-9421d410e119/build]   | [INFO] Downloaded from central: https://repo.maven.apache.org/maven2/commons-collections/commons-collections/3.2.2/commons-collections-3.2.2.jar (588 kB at 838 kB/s)
[03a69270-171d-4716-aa53-9421d410e119/build]   | [INFO] Downloading from central: https://repo.maven.apache.org/maven2/oro/oro/2.0.8/oro-2.0.8.jar
[03a69270-171d-4716-aa53-9421d410e119/build]   | [INFO] Downloaded from central: https://repo.maven.apache.org/maven2/commons-logging/commons-logging/1.0.4/commons-logging-1.0.4.jar (38 kB at 53 kB/s)
[03a69270-171d-4716-aa53-9421d410e119/build]   | [INFO] Downloading from central: https://repo.maven.apache.org/maven2/xml-apis/xml-apis/1.0.b2/xml-apis-1.0.b2.jar
[03a69270-171d-4716-aa53-9421d410e119/build]   | [INFO] Downloaded from central: https://repo.maven.apache.org/maven2/org/apache/velocity/velocity/1.5/velocity-1.5.jar (392 kB at 549 kB/s)
[03a69270-171d-4716-aa53-9421d410e119/build]   | [INFO] Downloading from central: https://repo.maven.apache.org/maven2/org/jacoco/org.jacoco.agent/0.8.4/org.jacoco.agent-0.8.4-runtime.jar
[03a69270-171d-4716-aa53-9421d410e119/build]   | [INFO] Downloaded from central: https://repo.maven.apache.org/maven2/commons-digester/commons-digester/1.6/commons-digester-1.6.jar (168 kB at 235 kB/s)
[03a69270-171d-4716-aa53-9421d410e119/build]   | [INFO] Downloading from central: https://repo.maven.apache.org/maven2/org/jacoco/org.jacoco.core/0.8.4/org.jacoco.core-0.8.4.jar
[03a69270-171d-4716-aa53-9421d410e119/build]   | [INFO] Downloaded from central: https://repo.maven.apache.org/maven2/oro/oro/2.0.8/oro-2.0.8.jar (65 kB at 87 kB/s)
[03a69270-171d-4716-aa53-9421d410e119/build]   | [INFO] Downloading from central: https://repo.maven.apache.org/maven2/org/ow2/asm/asm/7.1/asm-7.1.jar
[03a69270-171d-4716-aa53-9421d410e119/build]   | [INFO] Downloaded from central: https://repo.maven.apache.org/maven2/xml-apis/xml-apis/1.0.b2/xml-apis-1.0.b2.jar (109 kB at 141 kB/s)
[03a69270-171d-4716-aa53-9421d410e119/build]   | [INFO] Downloading from central: https://repo.maven.apache.org/maven2/org/ow2/asm/asm-commons/7.1/asm-commons-7.1.jar
[03a69270-171d-4716-aa53-9421d410e119/build]   | [INFO] Downloaded from central: https://repo.maven.apache.org/maven2/xerces/xercesImpl/2.8.1/xercesImpl-2.8.1.jar (1.2 MB at 1.5 MB/s)
[03a69270-171d-4716-aa53-9421d410e119/build]   | [INFO] Downloading from central: https://repo.maven.apache.org/maven2/org/ow2/asm/asm-analysis/7.1/asm-analysis-7.1.jar
[03a69270-171d-4716-aa53-9421d410e119/build]   | [INFO] Downloaded from central: https://repo.maven.apache.org/maven2/org/ow2/asm/asm/7.1/asm-7.1.jar (115 kB at 142 kB/s)
[03a69270-171d-4716-aa53-9421d410e119/build]   | [INFO] Downloading from central: https://repo.maven.apache.org/maven2/org/ow2/asm/asm-tree/7.1/asm-tree-7.1.jar
[03a69270-171d-4716-aa53-9421d410e119/build]   | [INFO] Downloaded from central: https://repo.maven.apache.org/maven2/org/ow2/asm/asm-commons/7.1/asm-commons-7.1.jar (70 kB at 84 kB/s)
[03a69270-171d-4716-aa53-9421d410e119/build]   | [INFO] Downloading from central: https://repo.maven.apache.org/maven2/org/jacoco/org.jacoco.report/0.8.4/org.jacoco.report-0.8.4.jar
[03a69270-171d-4716-aa53-9421d410e119/build]   | [INFO] Downloaded from central: https://repo.maven.apache.org/maven2/org/ow2/asm/asm-analysis/7.1/asm-analysis-7.1.jar (33 kB at 40 kB/s)
[03a69270-171d-4716-aa53-9421d410e119/build]   | [INFO] Downloaded from central: https://repo.maven.apache.org/maven2/org/jacoco/org.jacoco.core/0.8.4/org.jacoco.core-0.8.4.jar (194 kB at 230 kB/s)
[03a69270-171d-4716-aa53-9421d410e119/build]   | [INFO] Downloaded from central: https://repo.maven.apache.org/maven2/org/ow2/asm/asm-tree/7.1/asm-tree-7.1.jar (50 kB at 59 kB/s)
[03a69270-171d-4716-aa53-9421d410e119/build]   | [INFO] Downloaded from central: https://repo.maven.apache.org/maven2/org/jacoco/org.jacoco.agent/0.8.4/org.jacoco.agent-0.8.4-runtime.jar (281 kB at 322 kB/s)
[03a69270-171d-4716-aa53-9421d410e119/build]   | [INFO] Downloaded from central: https://repo.maven.apache.org/maven2/org/jacoco/org.jacoco.report/0.8.4/org.jacoco.report-0.8.4.jar (129 kB at 141 kB/s)
[03a69270-171d-4716-aa53-9421d410e119/build]   | [INFO] argLine set to -javaagent:/home/runneradmin/.m2/repository/org/jacoco/org.jacoco.agent/0.8.4/org.jacoco.agent-0.8.4-runtime.jar=destfile=/tmp/e52467a4-64fd-4ab2-bafd-2694a620318a/target/jacoco.exec
[03a69270-171d-4716-aa53-9421d410e119/build]   | [INFO] 
[03a69270-171d-4716-aa53-9421d410e119/build]   | [INFO] --- maven-resources-plugin:3.0.2:resources (default-resources) @ java-fluent-validator ---
[03a69270-171d-4716-aa53-9421d410e119/build]   | [INFO] Downloading from central: https://repo.maven.apache.org/maven2/org/codehaus/plexus/plexus-component-annotations/1.6/plexus-component-annotations-1.6.pom
[03a69270-171d-4716-aa53-9421d410e119/build]   | [INFO] Downloaded from central: https://repo.maven.apache.org/maven2/org/codehaus/plexus/plexus-component-annotations/1.6/plexus-component-annotations-1.6.pom (748 B at 3.0 kB/s)
[03a69270-171d-4716-aa53-9421d410e119/build]   | [INFO] Downloading from central: https://repo.maven.apache.org/maven2/org/codehaus/plexus/plexus-containers/1.6/plexus-containers-1.6.pom
[03a69270-171d-4716-aa53-9421d410e119/build]   | [INFO] Downloaded from central: https://repo.maven.apache.org/maven2/org/codehaus/plexus/plexus-containers/1.6/plexus-containers-1.6.pom (3.8 kB at 188 kB/s)
[03a69270-171d-4716-aa53-9421d410e119/build]   | [INFO] Downloading from central: https://repo.maven.apache.org/maven2/org/codehaus/plexus/plexus/3.3.2/plexus-3.3.2.pom
[03a69270-171d-4716-aa53-9421d410e119/build]   | [INFO] Downloaded from central: https://repo.maven.apache.org/maven2/org/codehaus/plexus/plexus/3.3.2/plexus-3.3.2.pom (22 kB at 828 kB/s)
[03a69270-171d-4716-aa53-9421d410e119/build]   | [INFO] Downloading from central: https://repo.maven.apache.org/maven2/org/codehaus/plexus/plexus-utils/3.0.24/plexus-utils-3.0.24.pom
[03a69270-171d-4716-aa53-9421d410e119/build]   | [INFO] Downloaded from central: https://repo.maven.apache.org/maven2/org/codehaus/plexus/plexus-utils/3.0.24/plexus-utils-3.0.24.pom (4.1 kB at 188 kB/s)
[03a69270-171d-4716-aa53-9421d410e119/build]   | [INFO] Downloading from central: https://repo.maven.apache.org/maven2/org/codehaus/plexus/plexus/4.0/plexus-4.0.pom
[03a69270-171d-4716-aa53-9421d410e119/build]   | [INFO] Downloaded from central: https://repo.maven.apache.org/maven2/org/codehaus/plexus/plexus/4.0/plexus-4.0.pom (22 kB at 717 kB/s)
[03a69270-171d-4716-aa53-9421d410e119/build]   | [INFO] Downloading from central: https://repo.maven.apache.org/maven2/org/apache/maven/shared/maven-filtering/3.1.1/maven-filtering-3.1.1.pom
[03a69270-171d-4716-aa53-9421d410e119/build]   | [INFO] Downloaded from central: https://repo.maven.apache.org/maven2/org/apache/maven/shared/maven-filtering/3.1.1/maven-filtering-3.1.1.pom (5.7 kB at 237 kB/s)
[03a69270-171d-4716-aa53-9421d410e119/build]   | [INFO] Downloading from central: https://repo.maven.apache.org/maven2/org/apache/maven/shared/maven-shared-components/30/maven-shared-components-30.pom
[03a69270-171d-4716-aa53-9421d410e119/build]   | [INFO] Downloaded from central: https://repo.maven.apache.org/maven2/org/apache/maven/shared/maven-shared-components/30/maven-shared-components-30.pom (4.6 kB at 218 kB/s)
[03a69270-171d-4716-aa53-9421d410e119/build]   | [INFO] Downloading from central: https://repo.maven.apache.org/maven2/org/apache/maven/shared/maven-shared-utils/3.0.0/maven-shared-utils-3.0.0.pom
[03a69270-171d-4716-aa53-9421d410e119/build]   | [INFO] Downloaded from central: https://repo.maven.apache.org/maven2/org/apache/maven/shared/maven-shared-utils/3.0.0/maven-shared-utils-3.0.0.pom (5.6 kB at 349 kB/s)
[03a69270-171d-4716-aa53-9421d410e119/build]   | [INFO] Downloading from central: https://repo.maven.apache.org/maven2/org/apache/maven/shared/maven-shared-components/21/maven-shared-components-21.pom
[03a69270-171d-4716-aa53-9421d410e119/build]   | [INFO] Downloaded from central: https://repo.maven.apache.org/maven2/org/apache/maven/shared/maven-shared-components/21/maven-shared-components-21.pom (5.1 kB at 189 kB/s)
[03a69270-171d-4716-aa53-9421d410e119/build]   | [INFO] Downloading from central: https://repo.maven.apache.org/maven2/org/apache/maven/maven-parent/25/maven-parent-25.pom
[03a69270-171d-4716-aa53-9421d410e119/build]   | [INFO] Downloaded from central: https://repo.maven.apache.org/maven2/org/apache/maven/maven-parent/25/maven-parent-25.pom (37 kB at 720 kB/s)
[03a69270-171d-4716-aa53-9421d410e119/build]   | [INFO] Downloading from central: https://repo.maven.apache.org/maven2/org/apache/apache/15/apache-15.pom
[03a69270-171d-4716-aa53-9421d410e119/build]   | [INFO] Downloaded from central: https://repo.maven.apache.org/maven2/org/apache/apache/15/apache-15.pom (15 kB at 324 kB/s)
[03a69270-171d-4716-aa53-9421d410e119/build]   | [INFO] Downloading from central: https://repo.maven.apache.org/maven2/commons-io/commons-io/2.4/commons-io-2.4.pom
[03a69270-171d-4716-aa53-9421d410e119/build]   | [INFO] Downloaded from central: https://repo.maven.apache.org/maven2/commons-io/commons-io/2.4/commons-io-2.4.pom (10 kB at 290 kB/s)
[03a69270-171d-4716-aa53-9421d410e119/build]   | [INFO] Downloading from central: https://repo.maven.apache.org/maven2/org/apache/commons/commons-parent/25/commons-parent-25.pom
[03a69270-171d-4716-aa53-9421d410e119/build]   | [INFO] Downloaded from central: https://repo.maven.apache.org/maven2/org/apache/commons/commons-parent/25/commons-parent-25.pom (48 kB at 863 kB/s)
[03a69270-171d-4716-aa53-9421d410e119/build]   | [INFO] Downloading from central: https://repo.maven.apache.org/maven2/org/apache/apache/9/apache-9.pom
[03a69270-171d-4716-aa53-9421d410e119/build]   | [INFO] Downloaded from central: https://repo.maven.apache.org/maven2/org/apache/apache/9/apache-9.pom (15 kB at 798 kB/s)
[03a69270-171d-4716-aa53-9421d410e119/build]   | [INFO] Downloading from central: https://repo.maven.apache.org/maven2/com/google/code/findbugs/jsr305/2.0.1/jsr305-2.0.1.pom
[03a69270-171d-4716-aa53-9421d410e119/build]   | [INFO] Downloaded from central: https://repo.maven.apache.org/maven2/com/google/code/findbugs/jsr305/2.0.1/jsr305-2.0.1.pom (965 B at 46 kB/s)
[03a69270-171d-4716-aa53-9421d410e119/build]   | [INFO] Downloading from central: https://repo.maven.apache.org/maven2/org/codehaus/plexus/plexus-interpolation/1.22/plexus-interpolation-1.22.pom
[03a69270-171d-4716-aa53-9421d410e119/build]   | [INFO] Downloaded from central: https://repo.maven.apache.org/maven2/org/codehaus/plexus/plexus-interpolation/1.22/plexus-interpolation-1.22.pom (1.5 kB at 110 kB/s)
[03a69270-171d-4716-aa53-9421d410e119/build]   | [INFO] Downloading from central: https://repo.maven.apache.org/maven2/org/codehaus/plexus/plexus-components/1.3.1/plexus-components-1.3.1.pom
[03a69270-171d-4716-aa53-9421d410e119/build]   | [INFO] Downloaded from central: https://repo.maven.apache.org/maven2/org/codehaus/plexus/plexus-components/1.3.1/plexus-components-1.3.1.pom (3.1 kB at 113 kB/s)
[03a69270-171d-4716-aa53-9421d410e119/build]   | [INFO] Downloading from central: https://repo.maven.apache.org/maven2/org/sonatype/plexus/plexus-build-api/0.0.7/plexus-build-api-0.0.7.pom
[03a69270-171d-4716-aa53-9421d410e119/build]   | [INFO] Downloaded from central: https://repo.maven.apache.org/maven2/org/sonatype/plexus/plexus-build-api/0.0.7/plexus-build-api-0.0.7.pom (3.2 kB at 160 kB/s)
[03a69270-171d-4716-aa53-9421d410e119/build]   | [INFO] Downloading from central: https://repo.maven.apache.org/maven2/org/sonatype/spice/spice-parent/15/spice-parent-15.pom
[03a69270-171d-4716-aa53-9421d410e119/build]   | [INFO] Downloaded from central: https://repo.maven.apache.org/maven2/org/sonatype/spice/spice-parent/15/spice-parent-15.pom (8.4 kB at 557 kB/s)
[03a69270-171d-4716-aa53-9421d410e119/build]   | [INFO] Downloading from central: https://repo.maven.apache.org/maven2/org/sonatype/forge/forge-parent/5/forge-parent-5.pom
[03a69270-171d-4716-aa53-9421d410e119/build]   | [INFO] Downloaded from central: https://repo.maven.apache.org/maven2/org/sonatype/forge/forge-parent/5/forge-parent-5.pom (8.4 kB at 398 kB/s)
[03a69270-171d-4716-aa53-9421d410e119/build]   | [INFO] Downloading from central: https://repo.maven.apache.org/maven2/commons-io/commons-io/2.5/commons-io-2.5.pom
[03a69270-171d-4716-aa53-9421d410e119/build]   | [INFO] Downloaded from central: https://repo.maven.apache.org/maven2/commons-io/commons-io/2.5/commons-io-2.5.pom (13 kB at 261 kB/s)
[03a69270-171d-4716-aa53-9421d410e119/build]   | [INFO] Downloading from central: https://repo.maven.apache.org/maven2/org/codehaus/plexus/plexus-interpolation/1.24/plexus-interpolation-1.24.pom
[03a69270-171d-4716-aa53-9421d410e119/build]   | [INFO] Downloaded from central: https://repo.maven.apache.org/maven2/org/codehaus/plexus/plexus-interpolation/1.24/plexus-interpolation-1.24.pom (2.6 kB at 125 kB/s)
[03a69270-171d-4716-aa53-9421d410e119/build]   | [INFO] Downloading from central: https://repo.maven.apache.org/maven2/org/codehaus/plexus/plexus-component-annotations/1.6/plexus-component-annotations-1.6.jar
[03a69270-171d-4716-aa53-9421d410e119/build]   | [INFO] Downloading from central: https://repo.maven.apache.org/maven2/org/codehaus/plexus/plexus-utils/3.0.24/plexus-utils-3.0.24.jar
[03a69270-171d-4716-aa53-9421d410e119/build]   | [INFO] Downloading from central: https://repo.maven.apache.org/maven2/org/apache/maven/shared/maven-filtering/3.1.1/maven-filtering-3.1.1.jar
[03a69270-171d-4716-aa53-9421d410e119/build]   | [INFO] Downloading from central: https://repo.maven.apache.org/maven2/org/apache/maven/shared/maven-shared-utils/3.0.0/maven-shared-utils-3.0.0.jar
[03a69270-171d-4716-aa53-9421d410e119/build]   | [INFO] Downloading from central: https://repo.maven.apache.org/maven2/com/google/code/findbugs/jsr305/2.0.1/jsr305-2.0.1.jar
[03a69270-171d-4716-aa53-9421d410e119/build]   | [INFO] Downloaded from central: https://repo.maven.apache.org/maven2/org/codehaus/plexus/plexus-component-annotations/1.6/plexus-component-annotations-1.6.jar (4.3 kB at 224 kB/s)
[03a69270-171d-4716-aa53-9421d410e119/build]   | [INFO] Downloading from central: https://repo.maven.apache.org/maven2/org/sonatype/plexus/plexus-build-api/0.0.7/plexus-build-api-0.0.7.jar
[03a69270-171d-4716-aa53-9421d410e119/build]   | [INFO] Downloaded from central: https://repo.maven.apache.org/maven2/org/sonatype/plexus/plexus-build-api/0.0.7/plexus-build-api-0.0.7.jar (8.5 kB at 353 kB/s)
[03a69270-171d-4716-aa53-9421d410e119/build]   | [INFO] Downloading from central: https://repo.maven.apache.org/maven2/commons-io/commons-io/2.5/commons-io-2.5.jar
[03a69270-171d-4716-aa53-9421d410e119/build]   | [INFO] Downloaded from central: https://repo.maven.apache.org/maven2/com/google/code/findbugs/jsr305/2.0.1/jsr305-2.0.1.jar (32 kB at 797 kB/s)
[03a69270-171d-4716-aa53-9421d410e119/build]   | [INFO] Downloading from central: https://repo.maven.apache.org/maven2/org/codehaus/plexus/plexus-interpolation/1.24/plexus-interpolation-1.24.jar
[03a69270-171d-4716-aa53-9421d410e119/build]   | [INFO] Downloaded from central: https://repo.maven.apache.org/maven2/org/apache/maven/shared/maven-filtering/3.1.1/maven-filtering-3.1.1.jar (51 kB at 736 kB/s)
[03a69270-171d-4716-aa53-9421d410e119/build]   | [INFO] Downloaded from central: https://repo.maven.apache.org/maven2/org/apache/maven/shared/maven-shared-utils/3.0.0/maven-shared-utils-3.0.0.jar (155 kB at 2.3 MB/s)
[03a69270-171d-4716-aa53-9421d410e119/build]   | [INFO] Downloaded from central: https://repo.maven.apache.org/maven2/commons-io/commons-io/2.5/commons-io-2.5.jar (209 kB at 2.1 MB/s)
[03a69270-171d-4716-aa53-9421d410e119/build]   | [INFO] Downloaded from central: https://repo.maven.apache.org/maven2/org/codehaus/plexus/plexus-interpolation/1.24/plexus-interpolation-1.24.jar (79 kB at 576 kB/s)
[03a69270-171d-4716-aa53-9421d410e119/build]   | [INFO] Downloaded from central: https://repo.maven.apache.org/maven2/org/codehaus/plexus/plexus-utils/3.0.24/plexus-utils-3.0.24.jar (247 kB at 1.6 MB/s)
[03a69270-171d-4716-aa53-9421d410e119/build]   | [INFO] Using 'UTF-8' encoding to copy filtered resources.
[03a69270-171d-4716-aa53-9421d410e119/build]   | [INFO] Copying 1 resource
[03a69270-171d-4716-aa53-9421d410e119/build]   | [INFO] 
[03a69270-171d-4716-aa53-9421d410e119/build]   | [INFO] --- maven-compiler-plugin:3.7.0:compile (default-compile) @ java-fluent-validator ---
[03a69270-171d-4716-aa53-9421d410e119/build]   | [INFO] Downloading from central: https://repo.maven.apache.org/maven2/org/apache/maven/shared/maven-shared-utils/3.1.0/maven-shared-utils-3.1.0.pom
[03a69270-171d-4716-aa53-9421d410e119/build]   | [INFO] Downloaded from central: https://repo.maven.apache.org/maven2/org/apache/maven/shared/maven-shared-utils/3.1.0/maven-shared-utils-3.1.0.pom (5.0 kB at 207 kB/s)
[03a69270-171d-4716-aa53-9421d410e119/build]   | [INFO] Downloading from central: https://repo.maven.apache.org/maven2/org/apache/maven/shared/maven-shared-incremental/1.1/maven-shared-incremental-1.1.pom
[03a69270-171d-4716-aa53-9421d410e119/build]   | [INFO] Downloaded from central: https://repo.maven.apache.org/maven2/org/apache/maven/shared/maven-shared-incremental/1.1/maven-shared-incremental-1.1.pom (4.7 kB at 190 kB/s)
[03a69270-171d-4716-aa53-9421d410e119/build]   | [INFO] Downloading from central: https://repo.maven.apache.org/maven2/org/apache/maven/shared/maven-shared-components/19/maven-shared-components-19.pom
[03a69270-171d-4716-aa53-9421d410e119/build]   | [INFO] Downloaded from central: https://repo.maven.apache.org/maven2/org/apache/maven/shared/maven-shared-components/19/maven-shared-components-19.pom (6.4 kB at 254 kB/s)
[03a69270-171d-4716-aa53-9421d410e119/build]   | [INFO] Downloading from central: https://repo.maven.apache.org/maven2/org/apache/maven/maven-parent/23/maven-parent-23.pom
[03a69270-171d-4716-aa53-9421d410e119/build]   | [INFO] Downloaded from central: https://repo.maven.apache.org/maven2/org/apache/maven/maven-parent/23/maven-parent-23.pom (33 kB at 665 kB/s)
[03a69270-171d-4716-aa53-9421d410e119/build]   | [INFO] Downloading from central: https://repo.maven.apache.org/maven2/org/apache/apache/13/apache-13.pom
[03a69270-171d-4716-aa53-9421d410e119/build]   | [INFO] Downloaded from central: https://repo.maven.apache.org/maven2/org/apache/apache/13/apache-13.pom (14 kB at 451 kB/s)
[03a69270-171d-4716-aa53-9421d410e119/build]   | [INFO] Downloading from central: https://repo.maven.apache.org/maven2/org/apache/maven/maven-plugin-api/2.2.1/maven-plugin-api-2.2.1.pom
[03a69270-171d-4716-aa53-9421d410e119/build]   | [INFO] Downloaded from central: https://repo.maven.apache.org/maven2/org/apache/maven/maven-plugin-api/2.2.1/maven-plugin-api-2.2.1.pom (1.5 kB at 66 kB/s)
[03a69270-171d-4716-aa53-9421d410e119/build]   | [INFO] Downloading from central: https://repo.maven.apache.org/maven2/org/apache/maven/maven/2.2.1/maven-2.2.1.pom
[03a69270-171d-4716-aa53-9421d410e119/build]   | [INFO] Downloaded from central: https://repo.maven.apache.org/maven2/org/apache/maven/maven/2.2.1/maven-2.2.1.pom (22 kB at 862 kB/s)
[03a69270-171d-4716-aa53-9421d410e119/build]   | [INFO] Downloading from central: https://repo.maven.apache.org/maven2/org/apache/maven/maven-parent/11/maven-parent-11.pom
[03a69270-171d-4716-aa53-9421d410e119/build]   | [INFO] Downloaded from central: https://repo.maven.apache.org/maven2/org/apache/maven/maven-parent/11/maven-parent-11.pom (32 kB at 1.2 MB/s)
[03a69270-171d-4716-aa53-9421d410e119/build]   | [INFO] Downloading from central: https://repo.maven.apache.org/maven2/org/apache/apache/5/apache-5.pom
[03a69270-171d-4716-aa53-9421d410e119/build]   | [INFO] Downloaded from central: https://repo.maven.apache.org/maven2/org/apache/apache/5/apache-5.pom (4.1 kB at 205 kB/s)
[03a69270-171d-4716-aa53-9421d410e119/build]   | [INFO] Downloading from central: https://repo.maven.apache.org/maven2/org/apache/maven/maven-core/2.2.1/maven-core-2.2.1.pom
[03a69270-171d-4716-aa53-9421d410e119/build]   | [INFO] Downloaded from central: https://repo.maven.apache.org/maven2/org/apache/maven/maven-core/2.2.1/maven-core-2.2.1.pom (12 kB at 415 kB/s)
[03a69270-171d-4716-aa53-9421d410e119/build]   | [INFO] Downloading from central: https://repo.maven.apache.org/maven2/org/apache/maven/maven-settings/2.2.1/maven-settings-2.2.1.pom
[03a69270-171d-4716-aa53-9421d410e119/build]   | [INFO] Downloaded from central: https://repo.maven.apache.org/maven2/org/apache/maven/maven-settings/2.2.1/maven-settings-2.2.1.pom (2.2 kB at 59 kB/s)
[03a69270-171d-4716-aa53-9421d410e119/build]   | [INFO] Downloading from central: https://repo.maven.apache.org/maven2/org/apache/maven/maven-model/2.2.1/maven-model-2.2.1.pom
[03a69270-171d-4716-aa53-9421d410e119/build]   | [INFO] Downloaded from central: https://repo.maven.apache.org/maven2/org/apache/maven/maven-model/2.2.1/maven-model-2.2.1.pom (3.2 kB at 116 kB/s)
[03a69270-171d-4716-aa53-9421d410e119/build]   | [INFO] Downloading from central: https://repo.maven.apache.org/maven2/org/codehaus/plexus/plexus-utils/1.5.15/plexus-utils-1.5.15.pom
[03a69270-171d-4716-aa53-9421d410e119/build]   | [INFO] Downloaded from central: https://repo.maven.apache.org/maven2/org/codehaus/plexus/plexus-utils/1.5.15/plexus-utils-1.5.15.pom (6.8 kB at 110 kB/s)
[03a69270-171d-4716-aa53-9421d410e119/build]   | [INFO] Downloading from central: https://repo.maven.apache.org/maven2/org/codehaus/plexus/plexus-interpolation/1.11/plexus-interpolation-1.11.pom
[03a69270-171d-4716-aa53-9421d410e119/build]   | [INFO] Downloaded from central: https://repo.maven.apache.org/maven2/org/codehaus/plexus/plexus-interpolation/1.11/plexus-interpolation-1.11.pom (889 B at 42 kB/s)
[03a69270-171d-4716-aa53-9421d410e119/build]   | [INFO] Downloading from central: https://repo.maven.apache.org/maven2/org/codehaus/plexus/plexus-components/1.1.14/plexus-components-1.1.14.pom
[03a69270-171d-4716-aa53-9421d410e119/build]   | [INFO] Downloaded from central: https://repo.maven.apache.org/maven2/org/codehaus/plexus/plexus-components/1.1.14/plexus-components-1.1.14.pom (5.8 kB at 234 kB/s)
[03a69270-171d-4716-aa53-9421d410e119/build]   | [INFO] Downloading from central: https://repo.maven.apache.org/maven2/org/apache/maven/maven-plugin-parameter-documenter/2.2.1/maven-plugin-parameter-documenter-2.2.1.pom
[03a69270-171d-4716-aa53-9421d410e119/build]   | [INFO] Downloaded from central: https://repo.maven.apache.org/maven2/org/apache/maven/maven-plugin-parameter-documenter/2.2.1/maven-plugin-parameter-documenter-2.2.1.pom (2.0 kB at 98 kB/s)
[03a69270-171d-4716-aa53-9421d410e119/build]   | [INFO] Downloading from central: https://repo.maven.apache.org/maven2/org/slf4j/slf4j-jdk14/1.5.6/slf4j-jdk14-1.5.6.pom
[03a69270-171d-4716-aa53-9421d410e119/build]   | [INFO] Downloaded from central: https://repo.maven.apache.org/maven2/org/slf4j/slf4j-jdk14/1.5.6/slf4j-jdk14-1.5.6.pom (1.9 kB at 33 kB/s)
[03a69270-171d-4716-aa53-9421d410e119/build]   | [INFO] Downloading from central: https://repo.maven.apache.org/maven2/org/slf4j/slf4j-parent/1.5.6/slf4j-parent-1.5.6.pom
[03a69270-171d-4716-aa53-9421d410e119/build]   | [INFO] Downloaded from central: https://repo.maven.apache.org/maven2/org/slf4j/slf4j-parent/1.5.6/slf4j-parent-1.5.6.pom (7.9 kB at 293 kB/s)
[03a69270-171d-4716-aa53-9421d410e119/build]   | [INFO] Downloading from central: https://repo.maven.apache.org/maven2/org/slf4j/slf4j-api/1.5.6/slf4j-api-1.5.6.pom
[03a69270-171d-4716-aa53-9421d410e119/build]   | [INFO] Downloaded from central: https://repo.maven.apache.org/maven2/org/slf4j/slf4j-api/1.5.6/slf4j-api-1.5.6.pom (3.0 kB at 115 kB/s)
[03a69270-171d-4716-aa53-9421d410e119/build]   | [INFO] Downloading from central: https://repo.maven.apache.org/maven2/org/slf4j/jcl-over-slf4j/1.5.6/jcl-over-slf4j-1.5.6.pom
[03a69270-171d-4716-aa53-9421d410e119/build]   | [INFO] Downloaded from central: https://repo.maven.apache.org/maven2/org/slf4j/jcl-over-slf4j/1.5.6/jcl-over-slf4j-1.5.6.pom (2.2 kB at 114 kB/s)
[03a69270-171d-4716-aa53-9421d410e119/build]   | [INFO] Downloading from central: https://repo.maven.apache.org/maven2/org/apache/maven/maven-profile/2.2.1/maven-profile-2.2.1.pom
[03a69270-171d-4716-aa53-9421d410e119/build]   | [INFO] Downloaded from central: https://repo.maven.apache.org/maven2/org/apache/maven/maven-profile/2.2.1/maven-profile-2.2.1.pom (2.2 kB at 34 kB/s)
[03a69270-171d-4716-aa53-9421d410e119/build]   | [INFO] Downloading from central: https://repo.maven.apache.org/maven2/org/apache/maven/maven-artifact/2.2.1/maven-artifact-2.2.1.pom
[03a69270-171d-4716-aa53-9421d410e119/build]   | [INFO] Downloaded from central: https://repo.maven.apache.org/maven2/org/apache/maven/maven-artifact/2.2.1/maven-artifact-2.2.1.pom (1.6 kB at 51 kB/s)
[03a69270-171d-4716-aa53-9421d410e119/build]   | [INFO] Downloading from central: https://repo.maven.apache.org/maven2/org/apache/maven/maven-repository-metadata/2.2.1/maven-repository-metadata-2.2.1.pom
[03a69270-171d-4716-aa53-9421d410e119/build]   | [INFO] Downloaded from central: https://repo.maven.apache.org/maven2/org/apache/maven/maven-repository-metadata/2.2.1/maven-repository-metadata-2.2.1.pom (1.9 kB at 94 kB/s)
[03a69270-171d-4716-aa53-9421d410e119/build]   | [INFO] Downloading from central: https://repo.maven.apache.org/maven2/org/apache/maven/maven-error-diagnostics/2.2.1/maven-error-diagnostics-2.2.1.pom
[03a69270-171d-4716-aa53-9421d410e119/build]   | [INFO] Downloaded from central: https://repo.maven.apache.org/maven2/org/apache/maven/maven-error-diagnostics/2.2.1/maven-error-diagnostics-2.2.1.pom (1.7 kB at 63 kB/s)
[03a69270-171d-4716-aa53-9421d410e119/build]   | [INFO] Downloading from central: https://repo.maven.apache.org/maven2/org/apache/maven/maven-project/2.2.1/maven-project-2.2.1.pom
[03a69270-171d-4716-aa53-9421d410e119/build]   | [INFO] Downloaded from central: https://repo.maven.apache.org/maven2/org/apache/maven/maven-project/2.2.1/maven-project-2.2.1.pom (2.8 kB at 63 kB/s)
[03a69270-171d-4716-aa53-9421d410e119/build]   | [INFO] Downloading from central: https://repo.maven.apache.org/maven2/org/apache/maven/maven-artifact-manager/2.2.1/maven-artifact-manager-2.2.1.pom
[03a69270-171d-4716-aa53-9421d410e119/build]   | [INFO] Downloaded from central: https://repo.maven.apache.org/maven2/org/apache/maven/maven-artifact-manager/2.2.1/maven-artifact-manager-2.2.1.pom (3.1 kB at 155 kB/s)
[03a69270-171d-4716-aa53-9421d410e119/build]   | [INFO] Downloading from central: https://repo.maven.apache.org/maven2/backport-util-concurrent/backport-util-concurrent/3.1/backport-util-concurrent-3.1.pom
[03a69270-171d-4716-aa53-9421d410e119/build]   | [INFO] Downloaded from central: https://repo.maven.apache.org/maven2/backport-util-concurrent/backport-util-concurrent/3.1/backport-util-concurrent-3.1.pom (880 B at 46 kB/s)
[03a69270-171d-4716-aa53-9421d410e119/build]   | [INFO] Downloading from central: https://repo.maven.apache.org/maven2/org/apache/maven/maven-plugin-registry/2.2.1/maven-plugin-registry-2.2.1.pom
[03a69270-171d-4716-aa53-9421d410e119/build]   | [INFO] Downloaded from central: https://repo.maven.apache.org/maven2/org/apache/maven/maven-plugin-registry/2.2.1/maven-plugin-registry-2.2.1.pom (1.9 kB at 77 kB/s)
[03a69270-171d-4716-aa53-9421d410e119/build]   | [INFO] Downloading from central: https://repo.maven.apache.org/maven2/org/apache/maven/maven-plugin-descriptor/2.2.1/maven-plugin-descriptor-2.2.1.pom
[03a69270-171d-4716-aa53-9421d410e119/build]   | [INFO] Downloaded from central: https://repo.maven.apache.org/maven2/org/apache/maven/maven-plugin-descriptor/2.2.1/maven-plugin-descriptor-2.2.1.pom (2.1 kB at 86 kB/s)
[03a69270-171d-4716-aa53-9421d410e119/build]   | [INFO] Downloading from central: https://repo.maven.apache.org/maven2/org/apache/maven/maven-monitor/2.2.1/maven-monitor-2.2.1.pom
[03a69270-171d-4716-aa53-9421d410e119/build]   | [INFO] Downloaded from central: https://repo.maven.apache.org/maven2/org/apache/maven/maven-monitor/2.2.1/maven-monitor-2.2.1.pom (1.3 kB at 39 kB/s)
[03a69270-171d-4716-aa53-9421d410e119/build]   | [INFO] Downloading from central: https://repo.maven.apache.org/maven2/org/apache/maven/shared/maven-shared-utils/0.1/maven-shared-utils-0.1.pom
[03a69270-171d-4716-aa53-9421d410e119/build]   | [INFO] Downloaded from central: https://repo.maven.apache.org/maven2/org/apache/maven/shared/maven-shared-utils/0.1/maven-shared-utils-0.1.pom (4.0 kB at 169 kB/s)
[03a69270-171d-4716-aa53-9421d410e119/build]   | [INFO] Downloading from central: https://repo.maven.apache.org/maven2/org/apache/maven/shared/maven-shared-components/18/maven-shared-components-18.pom
[03a69270-171d-4716-aa53-9421d410e119/build]   | [INFO] Downloaded from central: https://repo.maven.apache.org/maven2/org/apache/maven/shared/maven-shared-components/18/maven-shared-components-18.pom (4.9 kB at 190 kB/s)
[03a69270-171d-4716-aa53-9421d410e119/build]   | [INFO] Downloading from central: https://repo.maven.apache.org/maven2/org/codehaus/plexus/plexus-java/0.9.2/plexus-java-0.9.2.pom
[03a69270-171d-4716-aa53-9421d410e119/build]   | [INFO] Downloaded from central: https://repo.maven.apache.org/maven2/org/codehaus/plexus/plexus-java/0.9.2/plexus-java-0.9.2.pom (2.4 kB at 76 kB/s)
[03a69270-171d-4716-aa53-9421d410e119/build]   | [INFO] Downloading from central: https://repo.maven.apache.org/maven2/org/codehaus/plexus/plexus-languages/0.9.2/plexus-languages-0.9.2.pom
[03a69270-171d-4716-aa53-9421d410e119/build]   | [INFO] Downloaded from central: https://repo.maven.apache.org/maven2/org/codehaus/plexus/plexus-languages/0.9.2/plexus-languages-0.9.2.pom (2.3 kB at 67 kB/s)
[03a69270-171d-4716-aa53-9421d410e119/build]   | [INFO] Downloading from central: https://repo.maven.apache.org/maven2/org/ow2/asm/asm/6.0_BETA/asm-6.0_BETA.pom
[03a69270-171d-4716-aa53-9421d410e119/build]   | [INFO] Downloaded from central: https://repo.maven.apache.org/maven2/org/ow2/asm/asm/6.0_BETA/asm-6.0_BETA.pom (1.9 kB at 61 kB/s)
[03a69270-171d-4716-aa53-9421d410e119/build]   | [INFO] Downloading from central: https://repo.maven.apache.org/maven2/org/ow2/asm/asm-parent/6.0_BETA/asm-parent-6.0_BETA.pom
[03a69270-171d-4716-aa53-9421d410e119/build]   | [INFO] Downloaded from central: https://repo.maven.apache.org/maven2/org/ow2/asm/asm-parent/6.0_BETA/asm-parent-6.0_BETA.pom (5.5 kB at 122 kB/s)
[03a69270-171d-4716-aa53-9421d410e119/build]   | [INFO] Downloading from central: https://repo.maven.apache.org/maven2/org/ow2/ow2/1.3/ow2-1.3.pom
[03a69270-171d-4716-aa53-9421d410e119/build]   | [INFO] Downloaded from central: https://repo.maven.apache.org/maven2/org/ow2/ow2/1.3/ow2-1.3.pom (9.5 kB at 186 kB/s)
[03a69270-171d-4716-aa53-9421d410e119/build]   | [INFO] Downloading from central: https://repo.maven.apache.org/maven2/com/thoughtworks/qdox/qdox/2.0-M7/qdox-2.0-M7.pom
[03a69270-171d-4716-aa53-9421d410e119/build]   | [INFO] Downloaded from central: https://repo.maven.apache.org/maven2/com/thoughtworks/qdox/qdox/2.0-M7/qdox-2.0-M7.pom (16 kB at 288 kB/s)
[03a69270-171d-4716-aa53-9421d410e119/build]   | [INFO] Downloading from central: https://repo.maven.apache.org/maven2/org/sonatype/oss/oss-parent/9/oss-parent-9.pom
[03a69270-171d-4716-aa53-9421d410e119/build]   | [INFO] Downloaded from central: https://repo.maven.apache.org/maven2/org/sonatype/oss/oss-parent/9/oss-parent-9.pom (6.6 kB at 274 kB/s)
[03a69270-171d-4716-aa53-9421d410e119/build]   | [INFO] Downloading from central: https://repo.maven.apache.org/maven2/org/codehaus/plexus/plexus-compiler-api/2.8.2/plexus-compiler-api-2.8.2.pom
[03a69270-171d-4716-aa53-9421d410e119/build]   | [INFO] Downloaded from central: https://repo.maven.apache.org/maven2/org/codehaus/plexus/plexus-compiler-api/2.8.2/plexus-compiler-api-2.8.2.pom (867 B at 30 kB/s)
[03a69270-171d-4716-aa53-9421d410e119/build]   | [INFO] Downloading from central: https://repo.maven.apache.org/maven2/org/codehaus/plexus/plexus-compiler/2.8.2/plexus-compiler-2.8.2.pom
[03a69270-171d-4716-aa53-9421d410e119/build]   | [INFO] Downloaded from central: https://repo.maven.apache.org/maven2/org/codehaus/plexus/plexus-compiler/2.8.2/plexus-compiler-2.8.2.pom (4.9 kB at 157 kB/s)
[03a69270-171d-4716-aa53-9421d410e119/build]   | [INFO] Downloading from central: https://repo.maven.apache.org/maven2/org/codehaus/plexus/plexus-components/4.0/plexus-components-4.0.pom
[03a69270-171d-4716-aa53-9421d410e119/build]   | [INFO] Downloaded from central: https://repo.maven.apache.org/maven2/org/codehaus/plexus/plexus-components/4.0/plexus-components-4.0.pom (2.7 kB at 121 kB/s)
[03a69270-171d-4716-aa53-9421d410e119/build]   | [INFO] Downloading from central: https://repo.maven.apache.org/maven2/org/codehaus/plexus/plexus-compiler-manager/2.8.2/plexus-compiler-manager-2.8.2.pom
[03a69270-171d-4716-aa53-9421d410e119/build]   | [INFO] Downloaded from central: https://repo.maven.apache.org/maven2/org/codehaus/plexus/plexus-compiler-manager/2.8.2/plexus-compiler-manager-2.8.2.pom (692 B at 36 kB/s)
[03a69270-171d-4716-aa53-9421d410e119/build]   | [INFO] Downloading from central: https://repo.maven.apache.org/maven2/org/codehaus/plexus/plexus-compiler-javac/2.8.2/plexus-compiler-javac-2.8.2.pom
[03a69270-171d-4716-aa53-9421d410e119/build]   | [INFO] Downloaded from central: https://repo.maven.apache.org/maven2/org/codehaus/plexus/plexus-compiler-javac/2.8.2/plexus-compiler-javac-2.8.2.pom (771 B at 43 kB/s)
[03a69270-171d-4716-aa53-9421d410e119/build]   | [INFO] Downloading from central: https://repo.maven.apache.org/maven2/org/codehaus/plexus/plexus-compilers/2.8.2/plexus-compilers-2.8.2.pom
[03a69270-171d-4716-aa53-9421d410e119/build]   | [INFO] Downloaded from central: https://repo.maven.apache.org/maven2/org/codehaus/plexus/plexus-compilers/2.8.2/plexus-compilers-2.8.2.pom (1.3 kB at 74 kB/s)
[03a69270-171d-4716-aa53-9421d410e119/build]   | [INFO] Downloading from central: https://repo.maven.apache.org/maven2/org/codehaus/plexus/plexus-utils/2.0.4/plexus-utils-2.0.4.jar
[03a69270-171d-4716-aa53-9421d410e119/build]   | [INFO] Downloading from central: https://repo.maven.apache.org/maven2/org/apache/maven/shared/maven-shared-utils/3.1.0/maven-shared-utils-3.1.0.jar
[03a69270-171d-4716-aa53-9421d410e119/build]   | [INFO] Downloading from central: https://repo.maven.apache.org/maven2/org/apache/maven/shared/maven-shared-incremental/1.1/maven-shared-incremental-1.1.jar
[03a69270-171d-4716-aa53-9421d410e119/build]   | [INFO] Downloading from central: https://repo.maven.apache.org/maven2/org/codehaus/plexus/plexus-java/0.9.2/plexus-java-0.9.2.jar
[03a69270-171d-4716-aa53-9421d410e119/build]   | [INFO] Downloading from central: https://repo.maven.apache.org/maven2/org/ow2/asm/asm/6.0_BETA/asm-6.0_BETA.jar
[03a69270-171d-4716-aa53-9421d410e119/build]   | [INFO] Downloaded from central: https://repo.maven.apache.org/maven2/org/codehaus/plexus/plexus-java/0.9.2/plexus-java-0.9.2.jar (31 kB at 1.2 MB/s)
[03a69270-171d-4716-aa53-9421d410e119/build]   | [INFO] Downloading from central: https://repo.maven.apache.org/maven2/com/thoughtworks/qdox/qdox/2.0-M7/qdox-2.0-M7.jar
[03a69270-171d-4716-aa53-9421d410e119/build]   | [INFO] Downloaded from central: https://repo.maven.apache.org/maven2/org/apache/maven/shared/maven-shared-incremental/1.1/maven-shared-incremental-1.1.jar (14 kB at 467 kB/s)
[03a69270-171d-4716-aa53-9421d410e119/build]   | [INFO] Downloading from central: https://repo.maven.apache.org/maven2/org/codehaus/plexus/plexus-compiler-api/2.8.2/plexus-compiler-api-2.8.2.jar
[03a69270-171d-4716-aa53-9421d410e119/build]   | [INFO] Downloaded from central: https://repo.maven.apache.org/maven2/org/ow2/asm/asm/6.0_BETA/asm-6.0_BETA.jar (56 kB at 1.3 MB/s)
[03a69270-171d-4716-aa53-9421d410e119/build]   | [INFO] Downloading from central: https://repo.maven.apache.org/maven2/org/codehaus/plexus/plexus-compiler-manager/2.8.2/plexus-compiler-manager-2.8.2.jar
[03a69270-171d-4716-aa53-9421d410e119/build]   | [INFO] Downloaded from central: https://repo.maven.apache.org/maven2/org/codehaus/plexus/plexus-compiler-api/2.8.2/plexus-compiler-api-2.8.2.jar (26 kB at 455 kB/s)
[03a69270-171d-4716-aa53-9421d410e119/build]   | [INFO] Downloading from central: https://repo.maven.apache.org/maven2/org/codehaus/plexus/plexus-compiler-javac/2.8.2/plexus-compiler-javac-2.8.2.jar
[03a69270-171d-4716-aa53-9421d410e119/build]   | [INFO] Downloaded from central: https://repo.maven.apache.org/maven2/org/codehaus/plexus/plexus-compiler-manager/2.8.2/plexus-compiler-manager-2.8.2.jar (4.7 kB at 67 kB/s)
[03a69270-171d-4716-aa53-9421d410e119/build]   | [INFO] Downloaded from central: https://repo.maven.apache.org/maven2/org/codehaus/plexus/plexus-compiler-javac/2.8.2/plexus-compiler-javac-2.8.2.jar (20 kB at 251 kB/s)
[03a69270-171d-4716-aa53-9421d410e119/build]   | [INFO] Downloaded from central: https://repo.maven.apache.org/maven2/org/codehaus/plexus/plexus-utils/2.0.4/plexus-utils-2.0.4.jar (222 kB at 2.6 MB/s)
[03a69270-171d-4716-aa53-9421d410e119/build]   | [INFO] Downloaded from central: https://repo.maven.apache.org/maven2/org/apache/maven/shared/maven-shared-utils/3.1.0/maven-shared-utils-3.1.0.jar (164 kB at 1.2 MB/s)
[03a69270-171d-4716-aa53-9421d410e119/build]   | [INFO] Downloaded from central: https://repo.maven.apache.org/maven2/com/thoughtworks/qdox/qdox/2.0-M7/qdox-2.0-M7.jar (315 kB at 796 kB/s)
[03a69270-171d-4716-aa53-9421d410e119/build]   | [INFO] Nothing to compile - all classes are up to date
[03a69270-171d-4716-aa53-9421d410e119/build]   | [INFO] 
[03a69270-171d-4716-aa53-9421d410e119/build]   | [INFO] --- maven-resources-plugin:3.0.2:testResources (default-testResources) @ java-fluent-validator ---
[03a69270-171d-4716-aa53-9421d410e119/build]   | [INFO] Using 'UTF-8' encoding to copy filtered resources.
[03a69270-171d-4716-aa53-9421d410e119/build]   | [INFO] Copying 1 resource
[03a69270-171d-4716-aa53-9421d410e119/build]   | [INFO] 
[03a69270-171d-4716-aa53-9421d410e119/build]   | [INFO] --- maven-compiler-plugin:3.7.0:testCompile (default-testCompile) @ java-fluent-validator ---
[03a69270-171d-4716-aa53-9421d410e119/build]   | [INFO] Changes detected - recompiling the module!
[03a69270-171d-4716-aa53-9421d410e119/build]   | [INFO] Compiling 38 source files to /tmp/e52467a4-64fd-4ab2-bafd-2694a620318a/target/test-classes
[03a69270-171d-4716-aa53-9421d410e119/build]   | [INFO] 
[03a69270-171d-4716-aa53-9421d410e119/build]   | [INFO] --- maven-surefire-plugin:2.12.4:test (default-test) @ java-fluent-validator ---
[03a69270-171d-4716-aa53-9421d410e119/build]   | [INFO] Downloading from central: https://repo.maven.apache.org/maven2/org/apache/maven/maven-plugin-api/2.0.9/maven-plugin-api-2.0.9.pom
[03a69270-171d-4716-aa53-9421d410e119/build]   | [INFO] Downloaded from central: https://repo.maven.apache.org/maven2/org/apache/maven/maven-plugin-api/2.0.9/maven-plugin-api-2.0.9.pom (1.5 kB at 71 kB/s)
[03a69270-171d-4716-aa53-9421d410e119/build]   | [INFO] Downloading from central: https://repo.maven.apache.org/maven2/org/apache/maven/maven/2.0.9/maven-2.0.9.pom
[03a69270-171d-4716-aa53-9421d410e119/build]   | [INFO] Downloaded from central: https://repo.maven.apache.org/maven2/org/apache/maven/maven/2.0.9/maven-2.0.9.pom (19 kB at 556 kB/s)
[03a69270-171d-4716-aa53-9421d410e119/build]   | [INFO] Downloading from central: https://repo.maven.apache.org/maven2/org/apache/maven/maven-parent/8/maven-parent-8.pom
[03a69270-171d-4716-aa53-9421d410e119/build]   | [INFO] Downloaded from central: https://repo.maven.apache.org/maven2/org/apache/maven/maven-parent/8/maven-parent-8.pom (24 kB at 670 kB/s)
[03a69270-171d-4716-aa53-9421d410e119/build]   | [INFO] Downloading from central: https://repo.maven.apache.org/maven2/org/apache/maven/surefire/surefire-booter/2.12.4/surefire-booter-2.12.4.pom
[03a69270-171d-4716-aa53-9421d410e119/build]   | [INFO] Downloaded from central: https://repo.maven.apache.org/maven2/org/apache/maven/surefire/surefire-booter/2.12.4/surefire-booter-2.12.4.pom (3.0 kB at 168 kB/s)
[03a69270-171d-4716-aa53-9421d410e119/build]   | [INFO] Downloading from central: https://repo.maven.apache.org/maven2/org/apache/maven/surefire/surefire-api/2.12.4/surefire-api-2.12.4.pom
[03a69270-171d-4716-aa53-9421d410e119/build]   | [INFO] Downloaded from central: https://repo.maven.apache.org/maven2/org/apache/maven/surefire/surefire-api/2.12.4/surefire-api-2.12.4.pom (2.5 kB at 156 kB/s)
[03a69270-171d-4716-aa53-9421d410e119/build]   | [INFO] Downloading from central: https://repo.maven.apache.org/maven2/org/apache/maven/surefire/maven-surefire-common/2.12.4/maven-surefire-common-2.12.4.pom
[03a69270-171d-4716-aa53-9421d410e119/build]   | [INFO] Downloaded from central: https://repo.maven.apache.org/maven2/org/apache/maven/surefire/maven-surefire-common/2.12.4/maven-surefire-common-2.12.4.pom (5.5 kB at 307 kB/s)
[03a69270-171d-4716-aa53-9421d410e119/build]   | [INFO] Downloading from central: https://repo.maven.apache.org/maven2/org/apache/maven/plugin-tools/maven-plugin-annotations/3.1/maven-plugin-annotations-3.1.pom
[03a69270-171d-4716-aa53-9421d410e119/build]   | [INFO] Downloaded from central: https://repo.maven.apache.org/maven2/org/apache/maven/plugin-tools/maven-plugin-annotations/3.1/maven-plugin-annotations-3.1.pom (1.6 kB at 108 kB/s)
[03a69270-171d-4716-aa53-9421d410e119/build]   | [INFO] Downloading from central: https://repo.maven.apache.org/maven2/org/apache/maven/plugin-tools/maven-plugin-tools/3.1/maven-plugin-tools-3.1.pom
[03a69270-171d-4716-aa53-9421d410e119/build]   | [INFO] Downloaded from central: https://repo.maven.apache.org/maven2/org/apache/maven/plugin-tools/maven-plugin-tools/3.1/maven-plugin-tools-3.1.pom (16 kB at 599 kB/s)
[03a69270-171d-4716-aa53-9421d410e119/build]   | [INFO] Downloading from central: https://repo.maven.apache.org/maven2/org/apache/maven/maven-artifact/2.0.9/maven-artifact-2.0.9.pom
[03a69270-171d-4716-aa53-9421d410e119/build]   | [INFO] Downloaded from central: https://repo.maven.apache.org/maven2/org/apache/maven/maven-artifact/2.0.9/maven-artifact-2.0.9.pom (1.6 kB at 125 kB/s)
[03a69270-171d-4716-aa53-9421d410e119/build]   | [INFO] Downloading from central: https://repo.maven.apache.org/maven2/org/codehaus/plexus/plexus-utils/3.0.8/plexus-utils-3.0.8.pom
[03a69270-171d-4716-aa53-9421d410e119/build]   | [INFO] Downloaded from central: https://repo.maven.apache.org/maven2/org/codehaus/plexus/plexus-utils/3.0.8/plexus-utils-3.0.8.pom (3.1 kB at 224 kB/s)
[03a69270-171d-4716-aa53-9421d410e119/build]   | [INFO] Downloading from central: https://repo.maven.apache.org/maven2/org/codehaus/plexus/plexus/3.2/plexus-3.2.pom
[03a69270-171d-4716-aa53-9421d410e119/build]   | [INFO] Downloaded from central: https://repo.maven.apache.org/maven2/org/codehaus/plexus/plexus/3.2/plexus-3.2.pom (19 kB at 670 kB/s)
[03a69270-171d-4716-aa53-9421d410e119/build]   | [INFO] Downloading from central: https://repo.maven.apache.org/maven2/org/apache/maven/maven-project/2.0.9/maven-project-2.0.9.pom
[03a69270-171d-4716-aa53-9421d410e119/build]   | [INFO] Downloaded from central: https://repo.maven.apache.org/maven2/org/apache/maven/maven-project/2.0.9/maven-project-2.0.9.pom (2.7 kB at 108 kB/s)
[03a69270-171d-4716-aa53-9421d410e119/build]   | [INFO] Downloading from central: https://repo.maven.apache.org/maven2/org/apache/maven/maven-settings/2.0.9/maven-settings-2.0.9.pom
[03a69270-171d-4716-aa53-9421d410e119/build]   | [INFO] Downloaded from central: https://repo.maven.apache.org/maven2/org/apache/maven/maven-settings/2.0.9/maven-settings-2.0.9.pom (2.1 kB at 103 kB/s)
[03a69270-171d-4716-aa53-9421d410e119/build]   | [INFO] Downloading from central: https://repo.maven.apache.org/maven2/org/apache/maven/maven-model/2.0.9/maven-model-2.0.9.pom
[03a69270-171d-4716-aa53-9421d410e119/build]   | [INFO] Downloaded from central: https://repo.maven.apache.org/maven2/org/apache/maven/maven-model/2.0.9/maven-model-2.0.9.pom (3.1 kB at 137 kB/s)
[03a69270-171d-4716-aa53-9421d410e119/build]   | [INFO] Downloading from central: https://repo.maven.apache.org/maven2/junit/junit/3.8.1/junit-3.8.1.pom
[03a69270-171d-4716-aa53-9421d410e119/build]   | [INFO] Downloaded from central: https://repo.maven.apache.org/maven2/junit/junit/3.8.1/junit-3.8.1.pom (998 B at 59 kB/s)
[03a69270-171d-4716-aa53-9421d410e119/build]   | [INFO] Downloading from central: https://repo.maven.apache.org/maven2/org/apache/maven/maven-profile/2.0.9/maven-profile-2.0.9.pom
[03a69270-171d-4716-aa53-9421d410e119/build]   | [INFO] Downloaded from central: https://repo.maven.apache.org/maven2/org/apache/maven/maven-profile/2.0.9/maven-profile-2.0.9.pom (2.0 kB at 89 kB/s)
[03a69270-171d-4716-aa53-9421d410e119/build]   | [INFO] Downloading from central: https://repo.maven.apache.org/maven2/org/apache/maven/maven-artifact-manager/2.0.9/maven-artifact-manager-2.0.9.pom
[03a69270-171d-4716-aa53-9421d410e119/build]   | [INFO] Downloaded from central: https://repo.maven.apache.org/maven2/org/apache/maven/maven-artifact-manager/2.0.9/maven-artifact-manager-2.0.9.pom (2.7 kB at 245 kB/s)
[03a69270-171d-4716-aa53-9421d410e119/build]   | [INFO] Downloading from central: https://repo.maven.apache.org/maven2/org/apache/maven/maven-repository-metadata/2.0.9/maven-repository-metadata-2.0.9.pom
[03a69270-171d-4716-aa53-9421d410e119/build]   | [INFO] Downloaded from central: https://repo.maven.apache.org/maven2/org/apache/maven/maven-repository-metadata/2.0.9/maven-repository-metadata-2.0.9.pom (1.9 kB at 76 kB/s)
[03a69270-171d-4716-aa53-9421d410e119/build]   | [INFO] Downloading from central: https://repo.maven.apache.org/maven2/org/apache/maven/maven-plugin-registry/2.0.9/maven-plugin-registry-2.0.9.pom
[03a69270-171d-4716-aa53-9421d410e119/build]   | [INFO] Downloaded from central: https://repo.maven.apache.org/maven2/org/apache/maven/maven-plugin-registry/2.0.9/maven-plugin-registry-2.0.9.pom (2.0 kB at 51 kB/s)
[03a69270-171d-4716-aa53-9421d410e119/build]   | [INFO] Downloading from central: https://repo.maven.apache.org/maven2/org/apache/maven/maven-core/2.0.9/maven-core-2.0.9.pom
[03a69270-171d-4716-aa53-9421d410e119/build]   | [INFO] Downloaded from central: https://repo.maven.apache.org/maven2/org/apache/maven/maven-core/2.0.9/maven-core-2.0.9.pom (7.8 kB at 487 kB/s)
[03a69270-171d-4716-aa53-9421d410e119/build]   | [INFO] Downloading from central: https://repo.maven.apache.org/maven2/org/apache/maven/maven-plugin-parameter-documenter/2.0.9/maven-plugin-parameter-documenter-2.0.9.pom
[03a69270-171d-4716-aa53-9421d410e119/build]   | [INFO] Downloaded from central: https://repo.maven.apache.org/maven2/org/apache/maven/maven-plugin-parameter-documenter/2.0.9/maven-plugin-parameter-documenter-2.0.9.pom (2.0 kB at 47 kB/s)
[03a69270-171d-4716-aa53-9421d410e119/build]   | [INFO] Downloading from central: https://repo.maven.apache.org/maven2/org/apache/maven/reporting/maven-reporting-api/2.0.9/maven-reporting-api-2.0.9.pom
[03a69270-171d-4716-aa53-9421d410e119/build]   | [INFO] Downloaded from central: https://repo.maven.apache.org/maven2/org/apache/maven/reporting/maven-reporting-api/2.0.9/maven-reporting-api-2.0.9.pom (1.8 kB at 75 kB/s)
[03a69270-171d-4716-aa53-9421d410e119/build]   | [INFO] Downloading from central: https://repo.maven.apache.org/maven2/org/apache/maven/reporting/maven-reporting/2.0.9/maven-reporting-2.0.9.pom
[03a69270-171d-4716-aa53-9421d410e119/build]   | [INFO] Downloaded from central: https://repo.maven.apache.org/maven2/org/apache/maven/reporting/maven-reporting/2.0.9/maven-reporting-2.0.9.pom (1.5 kB at 55 kB/s)
[03a69270-171d-4716-aa53-9421d410e119/build]   | [INFO] Downloading from central: https://repo.maven.apache.org/maven2/org/apache/maven/maven-error-diagnostics/2.0.9/maven-error-diagnostics-2.0.9.pom
[03a69270-171d-4716-aa53-9421d410e119/build]   | [INFO] Downloaded from central: https://repo.maven.apache.org/maven2/org/apache/maven/maven-error-diagnostics/2.0.9/maven-error-diagnostics-2.0.9.pom (1.7 kB at 51 kB/s)
[03a69270-171d-4716-aa53-9421d410e119/build]   | [INFO] Downloading from central: https://repo.maven.apache.org/maven2/org/apache/maven/maven-plugin-descriptor/2.0.9/maven-plugin-descriptor-2.0.9.pom
[03a69270-171d-4716-aa53-9421d410e119/build]   | [INFO] Downloaded from central: https://repo.maven.apache.org/maven2/org/apache/maven/maven-plugin-descriptor/2.0.9/maven-plugin-descriptor-2.0.9.pom (2.1 kB at 80 kB/s)
[03a69270-171d-4716-aa53-9421d410e119/build]   | [INFO] Downloading from central: https://repo.maven.apache.org/maven2/org/apache/maven/maven-monitor/2.0.9/maven-monitor-2.0.9.pom
[03a69270-171d-4716-aa53-9421d410e119/build]   | [INFO] Downloaded from central: https://repo.maven.apache.org/maven2/org/apache/maven/maven-monitor/2.0.9/maven-monitor-2.0.9.pom (1.3 kB at 92 kB/s)
[03a69270-171d-4716-aa53-9421d410e119/build]   | [INFO] Downloading from central: https://repo.maven.apache.org/maven2/classworlds/classworlds/1.1/classworlds-1.1.pom
[03a69270-171d-4716-aa53-9421d410e119/build]   | [INFO] Downloaded from central: https://repo.maven.apache.org/maven2/classworlds/classworlds/1.1/classworlds-1.1.pom (3.3 kB at 145 kB/s)
[03a69270-171d-4716-aa53-9421d410e119/build]   | [INFO] Downloading from central: https://repo.maven.apache.org/maven2/org/apache/maven/maven-toolchain/2.0.9/maven-toolchain-2.0.9.pom
[03a69270-171d-4716-aa53-9421d410e119/build]   | [INFO] Downloaded from central: https://repo.maven.apache.org/maven2/org/apache/maven/maven-toolchain/2.0.9/maven-toolchain-2.0.9.pom (3.5 kB at 89 kB/s)
[03a69270-171d-4716-aa53-9421d410e119/build]   | [INFO] Downloading from central: https://repo.maven.apache.org/maven2/org/apache/commons/commons-lang3/3.1/commons-lang3-3.1.pom
[03a69270-171d-4716-aa53-9421d410e119/build]   | [INFO] Downloaded from central: https://repo.maven.apache.org/maven2/org/apache/commons/commons-lang3/3.1/commons-lang3-3.1.pom (17 kB at 341 kB/s)
[03a69270-171d-4716-aa53-9421d410e119/build]   | [INFO] Downloading from central: https://repo.maven.apache.org/maven2/org/apache/commons/commons-parent/22/commons-parent-22.pom
[03a69270-171d-4716-aa53-9421d410e119/build]   | [INFO] Downloaded from central: https://repo.maven.apache.org/maven2/org/apache/commons/commons-parent/22/commons-parent-22.pom (42 kB at 735 kB/s)
[03a69270-171d-4716-aa53-9421d410e119/build]   | [INFO] Downloading from central: https://repo.maven.apache.org/maven2/org/apache/maven/shared/maven-common-artifact-filters/1.3/maven-common-artifact-filters-1.3.pom
[03a69270-171d-4716-aa53-9421d410e119/build]   | [INFO] Downloaded from central: https://repo.maven.apache.org/maven2/org/apache/maven/shared/maven-common-artifact-filters/1.3/maven-common-artifact-filters-1.3.pom (3.7 kB at 247 kB/s)
[03a69270-171d-4716-aa53-9421d410e119/build]   | [INFO] Downloading from central: https://repo.maven.apache.org/maven2/org/apache/maven/shared/maven-shared-components/12/maven-shared-components-12.pom
[03a69270-171d-4716-aa53-9421d410e119/build]   | [INFO] Downloaded from central: https://repo.maven.apache.org/maven2/org/apache/maven/shared/maven-shared-components/12/maven-shared-components-12.pom (9.3 kB at 359 kB/s)
[03a69270-171d-4716-aa53-9421d410e119/build]   | [INFO] Downloading from central: https://repo.maven.apache.org/maven2/org/apache/maven/maven-parent/13/maven-parent-13.pom
[03a69270-171d-4716-aa53-9421d410e119/build]   | [INFO] Downloaded from central: https://repo.maven.apache.org/maven2/org/apache/maven/maven-parent/13/maven-parent-13.pom (23 kB at 647 kB/s)
[03a69270-171d-4716-aa53-9421d410e119/build]   | [INFO] Downloading from central: https://repo.maven.apache.org/maven2/org/apache/maven/maven-plugin-api/2.0.9/maven-plugin-api-2.0.9.jar
[03a69270-171d-4716-aa53-9421d410e119/build]   | [INFO] Downloading from central: https://repo.maven.apache.org/maven2/org/apache/maven/surefire/surefire-booter/2.12.4/surefire-booter-2.12.4.jar
[03a69270-171d-4716-aa53-9421d410e119/build]   | [INFO] Downloading from central: https://repo.maven.apache.org/maven2/org/apache/maven/surefire/surefire-api/2.12.4/surefire-api-2.12.4.jar
[03a69270-171d-4716-aa53-9421d410e119/build]   | [INFO] Downloading from central: https://repo.maven.apache.org/maven2/org/apache/maven/surefire/maven-surefire-common/2.12.4/maven-surefire-common-2.12.4.jar
[03a69270-171d-4716-aa53-9421d410e119/build]   | [INFO] Downloading from central: https://repo.maven.apache.org/maven2/org/apache/commons/commons-lang3/3.1/commons-lang3-3.1.jar
[03a69270-171d-4716-aa53-9421d410e119/build]   | [INFO] Downloaded from central: https://repo.maven.apache.org/maven2/org/apache/maven/surefire/surefire-booter/2.12.4/surefire-booter-2.12.4.jar (35 kB at 1.7 MB/s)
[03a69270-171d-4716-aa53-9421d410e119/build]   | [INFO] Downloading from central: https://repo.maven.apache.org/maven2/org/apache/maven/shared/maven-common-artifact-filters/1.3/maven-common-artifact-filters-1.3.jar
[03a69270-171d-4716-aa53-9421d410e119/build]   | [INFO] Downloaded from central: https://repo.maven.apache.org/maven2/org/apache/maven/maven-plugin-api/2.0.9/maven-plugin-api-2.0.9.jar (13 kB at 430 kB/s)
[03a69270-171d-4716-aa53-9421d410e119/build]   | [INFO] Downloading from central: https://repo.maven.apache.org/maven2/org/codehaus/plexus/plexus-utils/3.0.8/plexus-utils-3.0.8.jar
[03a69270-171d-4716-aa53-9421d410e119/build]   | [INFO] Downloaded from central: https://repo.maven.apache.org/maven2/org/apache/maven/shared/maven-common-artifact-filters/1.3/maven-common-artifact-filters-1.3.jar (31 kB at 887 kB/s)
[03a69270-171d-4716-aa53-9421d410e119/build]   | [INFO] Downloading from central: https://repo.maven.apache.org/maven2/org/apache/maven/maven-artifact/2.0.9/maven-artifact-2.0.9.jar
[03a69270-171d-4716-aa53-9421d410e119/build]   | [INFO] Downloaded from central: https://repo.maven.apache.org/maven2/org/apache/maven/maven-artifact/2.0.9/maven-artifact-2.0.9.jar (89 kB at 1.1 MB/s)
[03a69270-171d-4716-aa53-9421d410e119/build]   | [INFO] Downloading from central: https://repo.maven.apache.org/maven2/org/apache/maven/maven-project/2.0.9/maven-project-2.0.9.jar
[03a69270-171d-4716-aa53-9421d410e119/build]   | [INFO] Downloaded from central: https://repo.maven.apache.org/maven2/org/apache/maven/surefire/maven-surefire-common/2.12.4/maven-surefire-common-2.12.4.jar (263 kB at 3.1 MB/s)
[03a69270-171d-4716-aa53-9421d410e119/build]   | [INFO] Downloading from central: https://repo.maven.apache.org/maven2/org/apache/maven/maven-settings/2.0.9/maven-settings-2.0.9.jar
[03a69270-171d-4716-aa53-9421d410e119/build]   | [INFO] Downloaded from central: https://repo.maven.apache.org/maven2/org/apache/commons/commons-lang3/3.1/commons-lang3-3.1.jar (316 kB at 3.5 MB/s)
[03a69270-171d-4716-aa53-9421d410e119/build]   | [INFO] Downloading from central: https://repo.maven.apache.org/maven2/org/apache/maven/maven-profile/2.0.9/maven-profile-2.0.9.jar
[03a69270-171d-4716-aa53-9421d410e119/build]   | [INFO] Downloaded from central: https://repo.maven.apache.org/maven2/org/apache/maven/surefire/surefire-api/2.12.4/surefire-api-2.12.4.jar (118 kB at 1.2 MB/s)
[03a69270-171d-4716-aa53-9421d410e119/build]   | [INFO] Downloading from central: https://repo.maven.apache.org/maven2/org/apache/maven/maven-model/2.0.9/maven-model-2.0.9.jar
[03a69270-171d-4716-aa53-9421d410e119/build]   | [INFO] Downloaded from central: https://repo.maven.apache.org/maven2/org/apache/maven/maven-settings/2.0.9/maven-settings-2.0.9.jar (49 kB at 459 kB/s)
[03a69270-171d-4716-aa53-9421d410e119/build]   | [INFO] Downloading from central: https://repo.maven.apache.org/maven2/org/apache/maven/maven-artifact-manager/2.0.9/maven-artifact-manager-2.0.9.jar
[03a69270-171d-4716-aa53-9421d410e119/build]   | [INFO] Downloaded from central: https://repo.maven.apache.org/maven2/org/apache/maven/maven-project/2.0.9/maven-project-2.0.9.jar (122 kB at 1.1 MB/s)
[03a69270-171d-4716-aa53-9421d410e119/build]   | [INFO] Downloading from central: https://repo.maven.apache.org/maven2/org/apache/maven/maven-plugin-registry/2.0.9/maven-plugin-registry-2.0.9.jar
[03a69270-171d-4716-aa53-9421d410e119/build]   | [INFO] Downloaded from central: https://repo.maven.apache.org/maven2/org/apache/maven/maven-profile/2.0.9/maven-profile-2.0.9.jar (35 kB at 316 kB/s)
[03a69270-171d-4716-aa53-9421d410e119/build]   | [INFO] Downloading from central: https://repo.maven.apache.org/maven2/org/codehaus/plexus/plexus-container-default/1.0-alpha-9-stable-1/plexus-container-default-1.0-alpha-9-stable-1.jar
[03a69270-171d-4716-aa53-9421d410e119/build]   | [INFO] Downloaded from central: https://repo.maven.apache.org/maven2/org/apache/maven/maven-artifact-manager/2.0.9/maven-artifact-manager-2.0.9.jar (58 kB at 452 kB/s)
[03a69270-171d-4716-aa53-9421d410e119/build]   | [INFO] Downloading from central: https://repo.maven.apache.org/maven2/org/apache/maven/maven-core/2.0.9/maven-core-2.0.9.jar
[03a69270-171d-4716-aa53-9421d410e119/build]   | [INFO] Downloaded from central: https://repo.maven.apache.org/maven2/org/apache/maven/maven-plugin-registry/2.0.9/maven-plugin-registry-2.0.9.jar (29 kB at 222 kB/s)
[03a69270-171d-4716-aa53-9421d410e119/build]   | [INFO] Downloading from central: https://repo.maven.apache.org/maven2/org/apache/maven/maven-plugin-parameter-documenter/2.0.9/maven-plugin-parameter-documenter-2.0.9.jar
[03a69270-171d-4716-aa53-9421d410e119/build]   | [INFO] Downloaded from central: https://repo.maven.apache.org/maven2/org/apache/maven/maven-plugin-parameter-documenter/2.0.9/maven-plugin-parameter-documenter-2.0.9.jar (21 kB at 141 kB/s)
[03a69270-171d-4716-aa53-9421d410e119/build]   | [INFO] Downloading from central: https://repo.maven.apache.org/maven2/org/apache/maven/reporting/maven-reporting-api/2.0.9/maven-reporting-api-2.0.9.jar
[03a69270-171d-4716-aa53-9421d410e119/build]   | [INFO] Downloaded from central: https://repo.maven.apache.org/maven2/org/apache/maven/maven-model/2.0.9/maven-model-2.0.9.jar (87 kB at 560 kB/s)
[03a69270-171d-4716-aa53-9421d410e119/build]   | [INFO] Downloading from central: https://repo.maven.apache.org/maven2/org/apache/maven/maven-repository-metadata/2.0.9/maven-repository-metadata-2.0.9.jar
[03a69270-171d-4716-aa53-9421d410e119/build]   | [INFO] Downloaded from central: https://repo.maven.apache.org/maven2/org/apache/maven/reporting/maven-reporting-api/2.0.9/maven-reporting-api-2.0.9.jar (10 kB at 63 kB/s)
[03a69270-171d-4716-aa53-9421d410e119/build]   | [INFO] Downloading from central: https://repo.maven.apache.org/maven2/org/apache/maven/maven-error-diagnostics/2.0.9/maven-error-diagnostics-2.0.9.jar
[03a69270-171d-4716-aa53-9421d410e119/build]   | [INFO] Downloaded from central: https://repo.maven.apache.org/maven2/org/apache/maven/maven-error-diagnostics/2.0.9/maven-error-diagnostics-2.0.9.jar (14 kB at 78 kB/s)
[03a69270-171d-4716-aa53-9421d410e119/build]   | [INFO] Downloading from central: https://repo.maven.apache.org/maven2/org/apache/maven/maven-plugin-descriptor/2.0.9/maven-plugin-descriptor-2.0.9.jar
[03a69270-171d-4716-aa53-9421d410e119/build]   | [INFO] Downloaded from central: https://repo.maven.apache.org/maven2/org/apache/maven/maven-repository-metadata/2.0.9/maven-repository-metadata-2.0.9.jar (25 kB at 137 kB/s)
[03a69270-171d-4716-aa53-9421d410e119/build]   | [INFO] Downloading from central: https://repo.maven.apache.org/maven2/org/apache/maven/maven-monitor/2.0.9/maven-monitor-2.0.9.jar
[03a69270-171d-4716-aa53-9421d410e119/build]   | [INFO] Downloaded from central: https://repo.maven.apache.org/maven2/org/apache/maven/maven-core/2.0.9/maven-core-2.0.9.jar (160 kB at 868 kB/s)
[03a69270-171d-4716-aa53-9421d410e119/build]   | [INFO] Downloading from central: https://repo.maven.apache.org/maven2/classworlds/classworlds/1.1/classworlds-1.1.jar
[03a69270-171d-4716-aa53-9421d410e119/build]   | [INFO] Downloaded from central: https://repo.maven.apache.org/maven2/org/apache/maven/maven-plugin-descriptor/2.0.9/maven-plugin-descriptor-2.0.9.jar (37 kB at 187 kB/s)
[03a69270-171d-4716-aa53-9421d410e119/build]   | [INFO] Downloading from central: https://repo.maven.apache.org/maven2/org/apache/maven/maven-toolchain/2.0.9/maven-toolchain-2.0.9.jar
[03a69270-171d-4716-aa53-9421d410e119/build]   | [INFO] Downloaded from central: https://repo.maven.apache.org/maven2/org/apache/maven/maven-monitor/2.0.9/maven-monitor-2.0.9.jar (10 kB at 52 kB/s)
[03a69270-171d-4716-aa53-9421d410e119/build]   | [INFO] Downloading from central: https://repo.maven.apache.org/maven2/org/apache/maven/plugin-tools/maven-plugin-annotations/3.1/maven-plugin-annotations-3.1.jar
[03a69270-171d-4716-aa53-9421d410e119/build]   | [INFO] Downloaded from central: https://repo.maven.apache.org/maven2/org/codehaus/plexus/plexus-container-default/1.0-alpha-9-stable-1/plexus-container-default-1.0-alpha-9-stable-1.jar (194 kB at 966 kB/s)
[03a69270-171d-4716-aa53-9421d410e119/build]   | [INFO] Downloaded from central: https://repo.maven.apache.org/maven2/classworlds/classworlds/1.1/classworlds-1.1.jar (38 kB at 187 kB/s)
[03a69270-171d-4716-aa53-9421d410e119/build]   | [INFO] Downloaded from central: https://repo.maven.apache.org/maven2/org/codehaus/plexus/plexus-utils/3.0.8/plexus-utils-3.0.8.jar (232 kB at 1.1 MB/s)
[03a69270-171d-4716-aa53-9421d410e119/build]   | [INFO] Downloaded from central: https://repo.maven.apache.org/maven2/org/apache/maven/plugin-tools/maven-plugin-annotations/3.1/maven-plugin-annotations-3.1.jar (14 kB at 67 kB/s)
[03a69270-171d-4716-aa53-9421d410e119/build]   | [INFO] Downloaded from central: https://repo.maven.apache.org/maven2/org/apache/maven/maven-toolchain/2.0.9/maven-toolchain-2.0.9.jar (38 kB at 173 kB/s)
[03a69270-171d-4716-aa53-9421d410e119/build]   | [INFO] Surefire report directory: /tmp/e52467a4-64fd-4ab2-bafd-2694a620318a/target/surefire-reports
[03a69270-171d-4716-aa53-9421d410e119/build]   | [INFO] Downloading from central: https://repo.maven.apache.org/maven2/org/apache/maven/surefire/surefire-junit4/2.12.4/surefire-junit4-2.12.4.pom
[03a69270-171d-4716-aa53-9421d410e119/build]   | [INFO] Downloaded from central: https://repo.maven.apache.org/maven2/org/apache/maven/surefire/surefire-junit4/2.12.4/surefire-junit4-2.12.4.pom (2.4 kB at 105 kB/s)
[03a69270-171d-4716-aa53-9421d410e119/build]   | [INFO] Downloading from central: https://repo.maven.apache.org/maven2/org/apache/maven/surefire/surefire-providers/2.12.4/surefire-providers-2.12.4.pom
[03a69270-171d-4716-aa53-9421d410e119/build]   | [INFO] Downloaded from central: https://repo.maven.apache.org/maven2/org/apache/maven/surefire/surefire-providers/2.12.4/surefire-providers-2.12.4.pom (2.3 kB at 147 kB/s)
[03a69270-171d-4716-aa53-9421d410e119/build]   | [INFO] Downloading from central: https://repo.maven.apache.org/maven2/org/apache/maven/surefire/surefire-junit4/2.12.4/surefire-junit4-2.12.4.jar
[03a69270-171d-4716-aa53-9421d410e119/build]   | [INFO] Downloaded from central: https://repo.maven.apache.org/maven2/org/apache/maven/surefire/surefire-junit4/2.12.4/surefire-junit4-2.12.4.jar (37 kB at 1.3 MB/s)
[03a69270-171d-4716-aa53-9421d410e119/build]   | 
[03a69270-171d-4716-aa53-9421d410e119/build]   | -------------------------------------------------------
[03a69270-171d-4716-aa53-9421d410e119/build]   |  T E S T S
[03a69270-171d-4716-aa53-9421d410e119/build]   | -------------------------------------------------------
[03a69270-171d-4716-aa53-9421d410e119/build]   | Running br.com.fluentvalidator.context.ValidationResultTest
[03a69270-171d-4716-aa53-9421d410e119/build]   | Tests run: 1, Failures: 0, Errors: 0, Skipped: 0, Time elapsed: 0.307 sec
[03a69270-171d-4716-aa53-9421d410e119/build]   | Running br.com.fluentvalidator.transform.ValidationResultTransformTest
[03a69270-171d-4716-aa53-9421d410e119/build]   | Tests run: 4, Failures: 0, Errors: 0, Skipped: 0, Time elapsed: 4.984 sec
[03a69270-171d-4716-aa53-9421d410e119/build]   | Running br.com.fluentvalidator.predicate.ComparablePredicateTest
[03a69270-171d-4716-aa53-9421d410e119/build]   | Tests run: 46, Failures: 0, Errors: 0, Skipped: 0, Time elapsed: 0.037 sec
[03a69270-171d-4716-aa53-9421d410e119/build]   | Running br.com.fluentvalidator.predicate.ObjectPredicateTest
[03a69270-171d-4716-aa53-9421d410e119/build]   | Tests run: 10, Failures: 0, Errors: 0, Skipped: 0, Time elapsed: 0.001 sec
[03a69270-171d-4716-aa53-9421d410e119/build]   | Running br.com.fluentvalidator.predicate.CollectionPredicateTest
[03a69270-171d-4716-aa53-9421d410e119/build]   | Tests run: 20, Failures: 0, Errors: 0, Skipped: 0, Time elapsed: 0.001 sec
[03a69270-171d-4716-aa53-9421d410e119/build]   | Running br.com.fluentvalidator.predicate.StringPredicateTest
[03a69270-171d-4716-aa53-9421d410e119/build]   | Tests run: 69, Failures: 1, Errors: 0, Skipped: 0, Time elapsed: 0.059 sec <<< FAILURE!
[03a69270-171d-4716-aa53-9421d410e119/build]   | testIsDate(br.com.fluentvalidator.predicate.StringPredicateTest)  Time elapsed: 0.006 sec  <<< FAILURE!
[03a69270-171d-4716-aa53-9421d410e119/build]   | java.lang.AssertionError
[03a69270-171d-4716-aa53-9421d410e119/build]   | 	at org.junit.Assert.fail(Assert.java:86)
[03a69270-171d-4716-aa53-9421d410e119/build]   | 	at org.junit.Assert.assertTrue(Assert.java:41)
[03a69270-171d-4716-aa53-9421d410e119/build]   | 	at org.junit.Assert.assertFalse(Assert.java:64)
[03a69270-171d-4716-aa53-9421d410e119/build]   | 	at org.junit.Assert.assertFalse(Assert.java:74)
[03a69270-171d-4716-aa53-9421d410e119/build]   | 	at br.com.fluentvalidator.predicate.StringPredicateTest.testIsDate(StringPredicateTest.java:41)
[03a69270-171d-4716-aa53-9421d410e119/build]   | 	at sun.reflect.NativeMethodAccessorImpl.invoke0(Native Method)
[03a69270-171d-4716-aa53-9421d410e119/build]   | 	at sun.reflect.NativeMethodAccessorImpl.invoke(NativeMethodAccessorImpl.java:62)
[03a69270-171d-4716-aa53-9421d410e119/build]   | 	at sun.reflect.DelegatingMethodAccessorImpl.invoke(DelegatingMethodAccessorImpl.java:43)
[03a69270-171d-4716-aa53-9421d410e119/build]   | 	at java.lang.reflect.Method.invoke(Method.java:498)
[03a69270-171d-4716-aa53-9421d410e119/build]   | 	at org.junit.runners.model.FrameworkMethod$1.runReflectiveCall(FrameworkMethod.java:50)
[03a69270-171d-4716-aa53-9421d410e119/build]   | 	at org.junit.internal.runners.model.ReflectiveCallable.run(ReflectiveCallable.java:12)
[03a69270-171d-4716-aa53-9421d410e119/build]   | 	at org.junit.runners.model.FrameworkMethod.invokeExplosively(FrameworkMethod.java:47)
[03a69270-171d-4716-aa53-9421d410e119/build]   | 	at org.junit.internal.runners.statements.InvokeMethod.evaluate(InvokeMethod.java:17)
[03a69270-171d-4716-aa53-9421d410e119/build]   | 	at org.junit.runners.ParentRunner.runLeaf(ParentRunner.java:325)
[03a69270-171d-4716-aa53-9421d410e119/build]   | 	at org.junit.runners.BlockJUnit4ClassRunner.runChild(BlockJUnit4ClassRunner.java:78)
[03a69270-171d-4716-aa53-9421d410e119/build]   | 	at org.junit.runners.BlockJUnit4ClassRunner.runChild(BlockJUnit4ClassRunner.java:57)
[03a69270-171d-4716-aa53-9421d410e119/build]   | 	at org.junit.runners.ParentRunner$3.run(ParentRunner.java:290)
[03a69270-171d-4716-aa53-9421d410e119/build]   | 	at org.junit.runners.ParentRunner$1.schedule(ParentRunner.java:71)
[03a69270-171d-4716-aa53-9421d410e119/build]   | 	at org.junit.runners.ParentRunner.runChildren(ParentRunner.java:288)
[03a69270-171d-4716-aa53-9421d410e119/build]   | 	at org.junit.runners.ParentRunner.access$000(ParentRunner.java:58)
[03a69270-171d-4716-aa53-9421d410e119/build]   | 	at org.junit.runners.ParentRunner$2.evaluate(ParentRunner.java:268)
[03a69270-171d-4716-aa53-9421d410e119/build]   | 	at org.junit.runners.ParentRunner.run(ParentRunner.java:363)
[03a69270-171d-4716-aa53-9421d410e119/build]   | 	at org.apache.maven.surefire.junit4.JUnit4Provider.execute(JUnit4Provider.java:252)
[03a69270-171d-4716-aa53-9421d410e119/build]   | 	at org.apache.maven.surefire.junit4.JUnit4Provider.executeTestSet(JUnit4Provider.java:141)
[03a69270-171d-4716-aa53-9421d410e119/build]   | 	at org.apache.maven.surefire.junit4.JUnit4Provider.invoke(JUnit4Provider.java:112)
[03a69270-171d-4716-aa53-9421d410e119/build]   | 	at sun.reflect.NativeMethodAccessorImpl.invoke0(Native Method)
[03a69270-171d-4716-aa53-9421d410e119/build]   | 	at sun.reflect.NativeMethodAccessorImpl.invoke(NativeMethodAccessorImpl.java:62)
[03a69270-171d-4716-aa53-9421d410e119/build]   | 	at sun.reflect.DelegatingMethodAccessorImpl.invoke(DelegatingMethodAccessorImpl.java:43)
[03a69270-171d-4716-aa53-9421d410e119/build]   | 	at java.lang.reflect.Method.invoke(Method.java:498)
[03a69270-171d-4716-aa53-9421d410e119/build]   | 	at org.apache.maven.surefire.util.ReflectionUtils.invokeMethodWithArray(ReflectionUtils.java:189)
[03a69270-171d-4716-aa53-9421d410e119/build]   | 	at org.apache.maven.surefire.booter.ProviderFactory$ProviderProxy.invoke(ProviderFactory.java:165)
[03a69270-171d-4716-aa53-9421d410e119/build]   | 	at org.apache.maven.surefire.booter.ProviderFactory.invokeProvider(ProviderFactory.java:85)
[03a69270-171d-4716-aa53-9421d410e119/build]   | 	at org.apache.maven.surefire.booter.ForkedBooter.runSuitesInProcess(ForkedBooter.java:115)
[03a69270-171d-4716-aa53-9421d410e119/build]   | 	at org.apache.maven.surefire.booter.ForkedBooter.main(ForkedBooter.java:75)
[03a69270-171d-4716-aa53-9421d410e119/build]   | 
[03a69270-171d-4716-aa53-9421d410e119/build]   | Running br.com.fluentvalidator.predicate.TimePredicateTest
[03a69270-171d-4716-aa53-9421d410e119/build]   | Tests run: 37, Failures: 0, Errors: 0, Skipped: 0, Time elapsed: 0.796 sec
[03a69270-171d-4716-aa53-9421d410e119/build]   | Running br.com.fluentvalidator.predicate.DatePredicateTest
[03a69270-171d-4716-aa53-9421d410e119/build]   | Tests run: 37, Failures: 0, Errors: 0, Skipped: 0, Time elapsed: 0.86 sec
[03a69270-171d-4716-aa53-9421d410e119/build]   | Running br.com.fluentvalidator.predicate.LogicalPredicateTest
[03a69270-171d-4716-aa53-9421d410e119/build]   | Tests run: 1, Failures: 0, Errors: 0, Skipped: 0, Time elapsed: 0 sec
[03a69270-171d-4716-aa53-9421d410e119/build]   | Running br.com.fluentvalidator.predicate.DateTimePredicateTest
[03a69270-171d-4716-aa53-9421d410e119/build]   | Tests run: 37, Failures: 0, Errors: 0, Skipped: 0, Time elapsed: 0.654 sec
[03a69270-171d-4716-aa53-9421d410e119/build]   | Running br.com.fluentvalidator.spring.ValidatorSpringTest
[03a69270-171d-4716-aa53-9421d410e119/build]   | 2023-07-12 13:40:45,471  INFO [main] AbstractTestContextBootstrapper.getDefaultTestExecutionListenerClassNames(248) | Loaded default TestExecutionListener class names from location [META-INF/spring.factories]: [org.springframework.test.context.web.ServletTestExecutionListener, org.springframework.test.context.support.DirtiesContextBeforeModesTestExecutionListener, org.springframework.test.context.support.DependencyInjectionTestExecutionListener, org.springframework.test.context.support.DirtiesContextTestExecutionListener, org.springframework.test.context.transaction.TransactionalTestExecutionListener, org.springframework.test.context.jdbc.SqlScriptsTestExecutionListener]
[03a69270-171d-4716-aa53-9421d410e119/build]   | 2023-07-12 13:40:45,483  INFO [main] AbstractTestContextBootstrapper.getTestExecutionListeners(177) | Using TestExecutionListeners: [org.springframework.test.context.support.DirtiesContextBeforeModesTestExecutionListener@3a2e9f5b, org.springframework.test.context.support.DependencyInjectionTestExecutionListener@7da34b26, org.springframework.test.context.support.DirtiesContextTestExecutionListener@10c47c79]
[03a69270-171d-4716-aa53-9421d410e119/build]   | Tests run: 12, Failures: 0, Errors: 0, Skipped: 0, Time elapsed: 6.229 sec
[03a69270-171d-4716-aa53-9421d410e119/build]   | Running br.com.fluentvalidator.rule.RuleProcessorStrategyTest
[03a69270-171d-4716-aa53-9421d410e119/build]   | Tests run: 7, Failures: 0, Errors: 0, Skipped: 0, Time elapsed: 0 sec
[03a69270-171d-4716-aa53-9421d410e119/build]   | Running br.com.fluentvalidator.rule.RuleBuilderPropertyTest
[03a69270-171d-4716-aa53-9421d410e119/build]   | Tests run: 16, Failures: 0, Errors: 0, Skipped: 0, Time elapsed: 0 sec
[03a69270-171d-4716-aa53-9421d410e119/build]   | Running br.com.fluentvalidator.rule.RuleTest
[03a69270-171d-4716-aa53-9421d410e119/build]   | Tests run: 3, Failures: 0, Errors: 0, Skipped: 0, Time elapsed: 0.001 sec
[03a69270-171d-4716-aa53-9421d410e119/build]   | Running br.com.fluentvalidator.rule.RuleBuilderCollectionTest
[03a69270-171d-4716-aa53-9421d410e119/build]   | Tests run: 16, Failures: 0, Errors: 0, Skipped: 0, Time elapsed: 0 sec
[03a69270-171d-4716-aa53-9421d410e119/build]   | Running br.com.fluentvalidator.rule.ValidationRuleTest
[03a69270-171d-4716-aa53-9421d410e119/build]   | Tests run: 8, Failures: 0, Errors: 0, Skipped: 0, Time elapsed: 0 sec
[03a69270-171d-4716-aa53-9421d410e119/build]   | Running br.com.fluentvalidator.handler.HandlerInvalidFieldTest
[03a69270-171d-4716-aa53-9421d410e119/build]   | Tests run: 2, Failures: 0, Errors: 0, Skipped: 0, Time elapsed: 0 sec
[03a69270-171d-4716-aa53-9421d410e119/build]   | Running br.com.fluentvalidator.exception.ValidationExceptionTest
[03a69270-171d-4716-aa53-9421d410e119/build]   | Tests run: 2, Failures: 0, Errors: 0, Skipped: 0, Time elapsed: 0 sec
[03a69270-171d-4716-aa53-9421d410e119/build]   | Running br.com.fluentvalidator.ValidatorTest
[03a69270-171d-4716-aa53-9421d410e119/build]   | Tests run: 16, Failures: 0, Errors: 0, Skipped: 0, Time elapsed: 6.866 sec
[03a69270-171d-4716-aa53-9421d410e119/build]   | 
[03a69270-171d-4716-aa53-9421d410e119/build]   | Results :
[03a69270-171d-4716-aa53-9421d410e119/build]   | 
[03a69270-171d-4716-aa53-9421d410e119/build]   | Failed tests:   testIsDate(br.com.fluentvalidator.predicate.StringPredicateTest)
[03a69270-171d-4716-aa53-9421d410e119/build]   | 
[03a69270-171d-4716-aa53-9421d410e119/build]   | Tests run: 344, Failures: 1, Errors: 0, Skipped: 0
[03a69270-171d-4716-aa53-9421d410e119/build]   | 
[03a69270-171d-4716-aa53-9421d410e119/build]   | [INFO] ------------------------------------------------------------------------
[03a69270-171d-4716-aa53-9421d410e119/build]   | [INFO] BUILD FAILURE
[03a69270-171d-4716-aa53-9421d410e119/build]   | [INFO] ------------------------------------------------------------------------
[03a69270-171d-4716-aa53-9421d410e119/build]   | [INFO] Total time:  45.735 s
[03a69270-171d-4716-aa53-9421d410e119/build]   | [INFO] Finished at: 2023-07-12T13:40:59Z
[03a69270-171d-4716-aa53-9421d410e119/build]   | [INFO] ------------------------------------------------------------------------
[03a69270-171d-4716-aa53-9421d410e119/build]   | [ERROR] Failed to execute goal org.apache.maven.plugins:maven-surefire-plugin:2.12.4:test (default-test) on project java-fluent-validator: There are test failures.
[03a69270-171d-4716-aa53-9421d410e119/build]   | [ERROR] 
[03a69270-171d-4716-aa53-9421d410e119/build]   | [ERROR] Please refer to /tmp/e52467a4-64fd-4ab2-bafd-2694a620318a/target/surefire-reports for the individual test results.
[03a69270-171d-4716-aa53-9421d410e119/build]   | [ERROR] -> [Help 1]
[03a69270-171d-4716-aa53-9421d410e119/build]   | [ERROR] 
[03a69270-171d-4716-aa53-9421d410e119/build]   | [ERROR] To see the full stack trace of the errors, re-run Maven with the -e switch.
[03a69270-171d-4716-aa53-9421d410e119/build]   | [ERROR] Re-run Maven using the -X switch to enable full debug logging.
[03a69270-171d-4716-aa53-9421d410e119/build]   | [ERROR] 
[03a69270-171d-4716-aa53-9421d410e119/build]   | [ERROR] For more information about the errors and possible solutions, please read the following articles:
[03a69270-171d-4716-aa53-9421d410e119/build]   | [ERROR] [Help 1] http://cwiki.apache.org/confluence/display/MAVEN/MojoFailureException
[03a69270-171d-4716-aa53-9421d410e119/build]   ‚ùå  Failure - Main Build with Maven
[03a69270-171d-4716-aa53-9421d410e119/build] exitcode '1': failure
[03a69270-171d-4716-aa53-9421d410e119/build] unable to get git ref: failed to identify reference (tag/branch) for the checked-out revision 'c9a819dc4741f053364b1ce88438f7dcf20c5bd0'
[03a69270-171d-4716-aa53-9421d410e119/build] unable to get git ref: failed to identify reference (tag/branch) for the checked-out revision 'c9a819dc4741f053364b1ce88438f7dcf20c5bd0'
[03a69270-171d-4716-aa53-9421d410e119/build] unable to get git ref: failed to identify reference (tag/branch) for the checked-out revision 'c9a819dc4741f053364b1ce88438f7dcf20c5bd0'
[03a69270-171d-4716-aa53-9421d410e119/build] unable to get git ref: failed to identify reference (tag/branch) for the checked-out revision 'c9a819dc4741f053364b1ce88438f7dcf20c5bd0'
[03a69270-171d-4716-aa53-9421d410e119/build] unable to get git ref: failed to identify reference (tag/branch) for the checked-out revision 'c9a819dc4741f053364b1ce88438f7dcf20c5bd0'
[03a69270-171d-4716-aa53-9421d410e119/build] ‚≠ê Run Post Set up JDK 1.8
[03a69270-171d-4716-aa53-9421d410e119/build]   üê≥  docker exec cmd=[node /var/run/act/actions/actions-setup-java@v1/dist/cleanup/index.js] user= workdir=
[03a69270-171d-4716-aa53-9421d410e119/build]   ‚úÖ  Success - Post Set up JDK 1.8
[03a69270-171d-4716-aa53-9421d410e119/build] üèÅ  Job failed
[03a69270-171d-4716-aa53-9421d410e119/build] unable to get git ref: failed to identify reference (tag/branch) for the checked-out revision 'c9a819dc4741f053364b1ce88438f7dcf20c5bd0'
