[76e6f833-bba3-43fe-a2d3-556d80b7e78b/build] üöÄ  Start image=gitbugactions:latest
[76e6f833-bba3-43fe-a2d3-556d80b7e78b/build]   üê≥  docker pull image=gitbugactions:latest platform= username= forcePull=false
[76e6f833-bba3-43fe-a2d3-556d80b7e78b/build]   üê≥  docker create image=gitbugactions:latest platform= entrypoint=["tail" "-f" "/dev/null"] cmd=[]
[76e6f833-bba3-43fe-a2d3-556d80b7e78b/build]   üê≥  docker run image=gitbugactions:latest platform= entrypoint=["tail" "-f" "/dev/null"] cmd=[]
[76e6f833-bba3-43fe-a2d3-556d80b7e78b/build]   üê≥  docker exec cmd=[chown -R 1012:1013 /tmp/254a46a6-e79f-42c2-9394-a9c012e14999] user=0 workdir=
[76e6f833-bba3-43fe-a2d3-556d80b7e78b/build] unable to get git ref: failed to identify reference (tag/branch) for the checked-out revision '47840abce60c9773a19320beacaa958952f3b3e3'
[76e6f833-bba3-43fe-a2d3-556d80b7e78b/build] unable to get git ref: failed to identify reference (tag/branch) for the checked-out revision '47840abce60c9773a19320beacaa958952f3b3e3'
[76e6f833-bba3-43fe-a2d3-556d80b7e78b/build] unable to get git ref: failed to identify reference (tag/branch) for the checked-out revision '47840abce60c9773a19320beacaa958952f3b3e3'
[76e6f833-bba3-43fe-a2d3-556d80b7e78b/build] unable to get git ref: failed to identify reference (tag/branch) for the checked-out revision '47840abce60c9773a19320beacaa958952f3b3e3'
[76e6f833-bba3-43fe-a2d3-556d80b7e78b/build] unable to get git ref: failed to identify reference (tag/branch) for the checked-out revision '47840abce60c9773a19320beacaa958952f3b3e3'
[76e6f833-bba3-43fe-a2d3-556d80b7e78b/build] unable to get git ref: failed to identify reference (tag/branch) for the checked-out revision '47840abce60c9773a19320beacaa958952f3b3e3'
[76e6f833-bba3-43fe-a2d3-556d80b7e78b/build] unable to get git ref: failed to identify reference (tag/branch) for the checked-out revision '47840abce60c9773a19320beacaa958952f3b3e3'
[76e6f833-bba3-43fe-a2d3-556d80b7e78b/build] unable to get git ref: failed to identify reference (tag/branch) for the checked-out revision '47840abce60c9773a19320beacaa958952f3b3e3'
[76e6f833-bba3-43fe-a2d3-556d80b7e78b/build] unable to get git ref: failed to identify reference (tag/branch) for the checked-out revision '47840abce60c9773a19320beacaa958952f3b3e3'
[76e6f833-bba3-43fe-a2d3-556d80b7e78b/build] ‚≠ê Run Main actions/checkout@v2
[76e6f833-bba3-43fe-a2d3-556d80b7e78b/build] unable to get git ref: failed to identify reference (tag/branch) for the checked-out revision '47840abce60c9773a19320beacaa958952f3b3e3'
[76e6f833-bba3-43fe-a2d3-556d80b7e78b/build] unable to get git ref: failed to identify reference (tag/branch) for the checked-out revision '47840abce60c9773a19320beacaa958952f3b3e3'
[76e6f833-bba3-43fe-a2d3-556d80b7e78b/build]   üê≥  docker cp src=/tmp/254a46a6-e79f-42c2-9394-a9c012e14999/. dst=/tmp/254a46a6-e79f-42c2-9394-a9c012e14999
[76e6f833-bba3-43fe-a2d3-556d80b7e78b/build]   üê≥  docker exec cmd=[chown -R 1012:1013 /tmp/254a46a6-e79f-42c2-9394-a9c012e14999] user=0 workdir=
[76e6f833-bba3-43fe-a2d3-556d80b7e78b/build]   ‚úÖ  Success - Main actions/checkout@v2
[76e6f833-bba3-43fe-a2d3-556d80b7e78b/build] unable to get git ref: failed to identify reference (tag/branch) for the checked-out revision '47840abce60c9773a19320beacaa958952f3b3e3'
[76e6f833-bba3-43fe-a2d3-556d80b7e78b/build] unable to get git ref: failed to identify reference (tag/branch) for the checked-out revision '47840abce60c9773a19320beacaa958952f3b3e3'
[76e6f833-bba3-43fe-a2d3-556d80b7e78b/build] unable to get git ref: failed to identify reference (tag/branch) for the checked-out revision '47840abce60c9773a19320beacaa958952f3b3e3'
[76e6f833-bba3-43fe-a2d3-556d80b7e78b/build] unable to get git ref: failed to identify reference (tag/branch) for the checked-out revision '47840abce60c9773a19320beacaa958952f3b3e3'
[76e6f833-bba3-43fe-a2d3-556d80b7e78b/build] unable to get git ref: failed to identify reference (tag/branch) for the checked-out revision '47840abce60c9773a19320beacaa958952f3b3e3'
[76e6f833-bba3-43fe-a2d3-556d80b7e78b/build] ‚≠ê Run Main actions/setup-java@v3
[76e6f833-bba3-43fe-a2d3-556d80b7e78b/build] unable to get git ref: failed to identify reference (tag/branch) for the checked-out revision '47840abce60c9773a19320beacaa958952f3b3e3'
[76e6f833-bba3-43fe-a2d3-556d80b7e78b/build] unable to get git ref: failed to identify reference (tag/branch) for the checked-out revision '47840abce60c9773a19320beacaa958952f3b3e3'
[76e6f833-bba3-43fe-a2d3-556d80b7e78b/build] unable to get git ref: failed to identify reference (tag/branch) for the checked-out revision '47840abce60c9773a19320beacaa958952f3b3e3'
[76e6f833-bba3-43fe-a2d3-556d80b7e78b/build]   üê≥  docker cp src=/tmp/act-cache/250f79b4-5b59-4472-b60c-d3be4ebede96/act/actions-setup-java@v3/ dst=/var/run/act/actions/actions-setup-java@v3/
[76e6f833-bba3-43fe-a2d3-556d80b7e78b/build]   üê≥  docker exec cmd=[chown -R 1012:1013 /var/run/act/actions/actions-setup-java@v3/] user=0 workdir=
[76e6f833-bba3-43fe-a2d3-556d80b7e78b/build]   üê≥  docker exec cmd=[node /var/run/act/actions/actions-setup-java@v3/dist/setup/index.js] user= workdir=
[76e6f833-bba3-43fe-a2d3-556d80b7e78b/build]   ‚ùì  ::group::Installed distributions
[76e6f833-bba3-43fe-a2d3-556d80b7e78b/build]   | Trying to resolve the latest version from remote
[76e6f833-bba3-43fe-a2d3-556d80b7e78b/build]   | Resolved latest version as 11.0.21+9
[76e6f833-bba3-43fe-a2d3-556d80b7e78b/build]   | Trying to download...
[76e6f833-bba3-43fe-a2d3-556d80b7e78b/build]   | Downloading Java 11.0.21+9 (Adopt-Hotspot) from https://github.com/adoptium/temurin11-binaries/releases/download/jdk-11.0.21%2B9/OpenJDK11U-jdk_x64_linux_hotspot_11.0.21_9.tar.gz ...
[76e6f833-bba3-43fe-a2d3-556d80b7e78b/build]   üí¨  ::debug::Downloading https://github.com/adoptium/temurin11-binaries/releases/download/jdk-11.0.21%252B9/OpenJDK11U-jdk_x64_linux_hotspot_11.0.21_9.tar.gz
[76e6f833-bba3-43fe-a2d3-556d80b7e78b/build]   üí¨  ::debug::Destination /tmp/475eba1d-e162-4695-b907-7dcd4687a5a0
[76e6f833-bba3-43fe-a2d3-556d80b7e78b/build]   üí¨  ::debug::download complete
[76e6f833-bba3-43fe-a2d3-556d80b7e78b/build]   | Extracting Java archive...
[76e6f833-bba3-43fe-a2d3-556d80b7e78b/build]   üí¨  ::debug::Checking tar --version
[76e6f833-bba3-43fe-a2d3-556d80b7e78b/build]   üí¨  ::debug::tar (GNU tar) 1.34%0ACopyright (C) 2021 Free Software Foundation, Inc.%0ALicense GPLv3+: GNU GPL version 3 or later <https://gnu.org/licenses/gpl.html>.%0AThis is free software: you are free to change and redistribute it.%0AThere is NO WARRANTY, to the extent permitted by law.%0A%0AWritten by John Gilmore and Jay Fenlason.
[76e6f833-bba3-43fe-a2d3-556d80b7e78b/build]   | [command]/usr/bin/tar xz --warning=no-unknown-keyword -C /tmp/cdd60445-6804-40d6-affb-61807d05f31b -f /tmp/475eba1d-e162-4695-b907-7dcd4687a5a0
[76e6f833-bba3-43fe-a2d3-556d80b7e78b/build]   üí¨  ::debug::Caching tool Java_Adopt_jdk 11.0.21-9 x64
[76e6f833-bba3-43fe-a2d3-556d80b7e78b/build]   üí¨  ::debug::source dir: /tmp/cdd60445-6804-40d6-affb-61807d05f31b/jdk-11.0.21+9
[76e6f833-bba3-43fe-a2d3-556d80b7e78b/build]   üí¨  ::debug::destination /opt/hostedtoolcache/Java_Adopt_jdk/11.0.21-9/x64
[76e6f833-bba3-43fe-a2d3-556d80b7e78b/build]   üí¨  ::debug::finished caching tool
[76e6f833-bba3-43fe-a2d3-556d80b7e78b/build]   | Java 11.0.21+9 was downloaded
[76e6f833-bba3-43fe-a2d3-556d80b7e78b/build]   | Setting Java 11.0.21+9 as the default
[76e6f833-bba3-43fe-a2d3-556d80b7e78b/build]   | Creating toolchains.xml for JDK version 11 from adopt
[76e6f833-bba3-43fe-a2d3-556d80b7e78b/build]   | Writing to /home/runner/.m2/toolchains.xml
[76e6f833-bba3-43fe-a2d3-556d80b7e78b/build]   | 
[76e6f833-bba3-43fe-a2d3-556d80b7e78b/build]   | Java configuration:
[76e6f833-bba3-43fe-a2d3-556d80b7e78b/build]   |   Distribution: adopt
[76e6f833-bba3-43fe-a2d3-556d80b7e78b/build]   |   Version: 11.0.21+9
[76e6f833-bba3-43fe-a2d3-556d80b7e78b/build]   |   Path: /opt/hostedtoolcache/Java_Adopt_jdk/11.0.21-9/x64
[76e6f833-bba3-43fe-a2d3-556d80b7e78b/build]   | 
[76e6f833-bba3-43fe-a2d3-556d80b7e78b/build]   ‚ùì  ::endgroup::
[76e6f833-bba3-43fe-a2d3-556d80b7e78b/build]   ‚ùì add-matcher /run/act/actions/actions-setup-java@v3/.github/java.json
[76e6f833-bba3-43fe-a2d3-556d80b7e78b/build]   | Creating settings.xml with server-id: github
[76e6f833-bba3-43fe-a2d3-556d80b7e78b/build]   | Writing to /home/runner/.m2/settings.xml
[76e6f833-bba3-43fe-a2d3-556d80b7e78b/build]   ‚úÖ  Success - Main actions/setup-java@v3
[76e6f833-bba3-43fe-a2d3-556d80b7e78b/build]   ‚öô  ::set-env:: JAVA_HOME=/opt/hostedtoolcache/Java_Adopt_jdk/11.0.21-9/x64
[76e6f833-bba3-43fe-a2d3-556d80b7e78b/build]   ‚öô  ::set-env:: JAVA_HOME_11_X64=/opt/hostedtoolcache/Java_Adopt_jdk/11.0.21-9/x64
[76e6f833-bba3-43fe-a2d3-556d80b7e78b/build]   ‚öô  ::set-output:: distribution=Adopt-Hotspot
[76e6f833-bba3-43fe-a2d3-556d80b7e78b/build]   ‚öô  ::set-output:: path=/opt/hostedtoolcache/Java_Adopt_jdk/11.0.21-9/x64
[76e6f833-bba3-43fe-a2d3-556d80b7e78b/build]   ‚öô  ::set-output:: version=11.0.21+9
[76e6f833-bba3-43fe-a2d3-556d80b7e78b/build]   ‚öô  ::add-path:: /opt/hostedtoolcache/Java_Adopt_jdk/11.0.21-9/x64/bin
[76e6f833-bba3-43fe-a2d3-556d80b7e78b/build] unable to get git ref: failed to identify reference (tag/branch) for the checked-out revision '47840abce60c9773a19320beacaa958952f3b3e3'
[76e6f833-bba3-43fe-a2d3-556d80b7e78b/build] unable to get git ref: failed to identify reference (tag/branch) for the checked-out revision '47840abce60c9773a19320beacaa958952f3b3e3'
[76e6f833-bba3-43fe-a2d3-556d80b7e78b/build] unable to get git ref: failed to identify reference (tag/branch) for the checked-out revision '47840abce60c9773a19320beacaa958952f3b3e3'
[76e6f833-bba3-43fe-a2d3-556d80b7e78b/build] unable to get git ref: failed to identify reference (tag/branch) for the checked-out revision '47840abce60c9773a19320beacaa958952f3b3e3'
[76e6f833-bba3-43fe-a2d3-556d80b7e78b/build] unable to get git ref: failed to identify reference (tag/branch) for the checked-out revision '47840abce60c9773a19320beacaa958952f3b3e3'
[76e6f833-bba3-43fe-a2d3-556d80b7e78b/build] ‚≠ê Run Main Maven package
[76e6f833-bba3-43fe-a2d3-556d80b7e78b/build] unable to get git ref: failed to identify reference (tag/branch) for the checked-out revision '47840abce60c9773a19320beacaa958952f3b3e3'
[76e6f833-bba3-43fe-a2d3-556d80b7e78b/build] unable to get git ref: failed to identify reference (tag/branch) for the checked-out revision '47840abce60c9773a19320beacaa958952f3b3e3'
[76e6f833-bba3-43fe-a2d3-556d80b7e78b/build] unable to get git ref: failed to identify reference (tag/branch) for the checked-out revision '47840abce60c9773a19320beacaa958952f3b3e3'
[76e6f833-bba3-43fe-a2d3-556d80b7e78b/build] unable to get git ref: failed to identify reference (tag/branch) for the checked-out revision '47840abce60c9773a19320beacaa958952f3b3e3'
[76e6f833-bba3-43fe-a2d3-556d80b7e78b/build]   üê≥  docker exec cmd=[bash --noprofile --norc -e -o pipefail /var/run/act/workflow/2] user= workdir=
[76e6f833-bba3-43fe-a2d3-556d80b7e78b/build]   | [INFO] Scanning for projects...
[76e6f833-bba3-43fe-a2d3-556d80b7e78b/build]   | [INFO] 
[76e6f833-bba3-43fe-a2d3-556d80b7e78b/build]   | [INFO] ---------------------< com.github.wmixvideo:sped >----------------------
[76e6f833-bba3-43fe-a2d3-556d80b7e78b/build]   | [INFO] Building sped 1.0.2-SNAPSHOT
[76e6f833-bba3-43fe-a2d3-556d80b7e78b/build]   | [INFO]   from pom.xml
[76e6f833-bba3-43fe-a2d3-556d80b7e78b/build]   | [INFO] --------------------------------[ jar ]---------------------------------
[76e6f833-bba3-43fe-a2d3-556d80b7e78b/build]   | Downloading from central: https://repo.maven.apache.org/maven2/org/apache/maven/plugins/maven-clean-plugin/2.5/maven-clean-plugin-2.5.pom
[76e6f833-bba3-43fe-a2d3-556d80b7e78b/build]   | Progress (1): 2.8/3.9 kBProgress (1): 3.9 kB                        Downloaded from central: https://repo.maven.apache.org/maven2/org/apache/maven/plugins/maven-clean-plugin/2.5/maven-clean-plugin-2.5.pom (3.9 kB at 15 kB/s)
[76e6f833-bba3-43fe-a2d3-556d80b7e78b/build]   | Downloading from central: https://repo.maven.apache.org/maven2/org/apache/maven/plugins/maven-plugins/22/maven-plugins-22.pom
[76e6f833-bba3-43fe-a2d3-556d80b7e78b/build]   | Progress (1): 2.8/13 kBProgress (1): 5.5/13 kBProgress (1): 8.3/13 kBProgress (1): 11/13 kB Progress (1): 13 kB                      Downloaded from central: https://repo.maven.apache.org/maven2/org/apache/maven/plugins/maven-plugins/22/maven-plugins-22.pom (13 kB at 174 kB/s)
[76e6f833-bba3-43fe-a2d3-556d80b7e78b/build]   | Downloading from central: https://repo.maven.apache.org/maven2/org/apache/maven/maven-parent/21/maven-parent-21.pom
[76e6f833-bba3-43fe-a2d3-556d80b7e78b/build]   | Progress (1): 2.8/26 kBProgress (1): 5.5/26 kBProgress (1): 8.3/26 kBProgress (1): 11/26 kB Progress (1): 14/26 kBProgress (1): 17/26 kBProgress (1): 19/26 kBProgress (1): 22/26 kBProgress (1): 25/26 kBProgress (1): 26 kB                      Downloaded from central: https://repo.maven.apache.org/maven2/org/apache/maven/maven-parent/21/maven-parent-21.pom (26 kB at 342 kB/s)
[76e6f833-bba3-43fe-a2d3-556d80b7e78b/build]   | Downloading from central: https://repo.maven.apache.org/maven2/org/apache/apache/10/apache-10.pom
[76e6f833-bba3-43fe-a2d3-556d80b7e78b/build]   | Progress (1): 2.8/15 kBProgress (1): 5.5/15 kBProgress (1): 8.3/15 kBProgress (1): 11/15 kB Progress (1): 14/15 kBProgress (1): 15 kB                      Downloaded from central: https://repo.maven.apache.org/maven2/org/apache/apache/10/apache-10.pom (15 kB at 176 kB/s)
[76e6f833-bba3-43fe-a2d3-556d80b7e78b/build]   | Downloading from central: https://repo.maven.apache.org/maven2/org/apache/maven/plugins/maven-clean-plugin/2.5/maven-clean-plugin-2.5.jar
[76e6f833-bba3-43fe-a2d3-556d80b7e78b/build]   | Progress (1): 4.1/25 kBProgress (1): 8.2/25 kBProgress (1): 12/25 kB Progress (1): 16/25 kBProgress (1): 20/25 kBProgress (1): 25/25 kBProgress (1): 25 kB                      Downloaded from central: https://repo.maven.apache.org/maven2/org/apache/maven/plugins/maven-clean-plugin/2.5/maven-clean-plugin-2.5.jar (25 kB at 251 kB/s)
[76e6f833-bba3-43fe-a2d3-556d80b7e78b/build]   | Downloading from central: https://repo.maven.apache.org/maven2/org/apache/maven/plugins/maven-resources-plugin/2.6/maven-resources-plugin-2.6.pom
[76e6f833-bba3-43fe-a2d3-556d80b7e78b/build]   | Progress (1): 4.1/8.1 kBProgress (1): 8.1 kB                        Downloaded from central: https://repo.maven.apache.org/maven2/org/apache/maven/plugins/maven-resources-plugin/2.6/maven-resources-plugin-2.6.pom (8.1 kB at 85 kB/s)
[76e6f833-bba3-43fe-a2d3-556d80b7e78b/build]   | Downloading from central: https://repo.maven.apache.org/maven2/org/apache/maven/plugins/maven-plugins/23/maven-plugins-23.pom
[76e6f833-bba3-43fe-a2d3-556d80b7e78b/build]   | Progress (1): 4.1/9.2 kBProgress (1): 8.2/9.2 kBProgress (1): 9.2 kB                        Downloaded from central: https://repo.maven.apache.org/maven2/org/apache/maven/plugins/maven-plugins/23/maven-plugins-23.pom (9.2 kB at 87 kB/s)
[76e6f833-bba3-43fe-a2d3-556d80b7e78b/build]   | Downloading from central: https://repo.maven.apache.org/maven2/org/apache/maven/maven-parent/22/maven-parent-22.pom
[76e6f833-bba3-43fe-a2d3-556d80b7e78b/build]   | Progress (1): 4.1/30 kBProgress (1): 8.2/30 kBProgress (1): 12/30 kB Progress (1): 16/30 kBProgress (1): 20/30 kBProgress (1): 25/30 kBProgress (1): 29/30 kBProgress (1): 30 kB                      Downloaded from central: https://repo.maven.apache.org/maven2/org/apache/maven/maven-parent/22/maven-parent-22.pom (30 kB at 261 kB/s)
[76e6f833-bba3-43fe-a2d3-556d80b7e78b/build]   | Downloading from central: https://repo.maven.apache.org/maven2/org/apache/apache/11/apache-11.pom
[76e6f833-bba3-43fe-a2d3-556d80b7e78b/build]   | Progress (1): 4.1/15 kBProgress (1): 8.2/15 kBProgress (1): 12/15 kB Progress (1): 15 kB                      Downloaded from central: https://repo.maven.apache.org/maven2/org/apache/apache/11/apache-11.pom (15 kB at 127 kB/s)
[76e6f833-bba3-43fe-a2d3-556d80b7e78b/build]   | Downloading from central: https://repo.maven.apache.org/maven2/org/apache/maven/plugins/maven-resources-plugin/2.6/maven-resources-plugin-2.6.jar
[76e6f833-bba3-43fe-a2d3-556d80b7e78b/build]   | Progress (1): 4.1/30 kBProgress (1): 8.2/30 kBProgress (1): 12/30 kB Progress (1): 16/30 kBProgress (1): 20/30 kBProgress (1): 24/30 kBProgress (1): 28/30 kBProgress (1): 30 kB                      Downloaded from central: https://repo.maven.apache.org/maven2/org/apache/maven/plugins/maven-resources-plugin/2.6/maven-resources-plugin-2.6.jar (30 kB at 240 kB/s)
[76e6f833-bba3-43fe-a2d3-556d80b7e78b/build]   | Downloading from central: https://repo.maven.apache.org/maven2/org/apache/maven/plugins/maven-compiler-plugin/3.10.1/maven-compiler-plugin-3.10.1.pom
[76e6f833-bba3-43fe-a2d3-556d80b7e78b/build]   | Progress (1): 4.1/13 kBProgress (1): 8.2/13 kBProgress (1): 12/13 kB Progress (1): 13 kB                      Downloaded from central: https://repo.maven.apache.org/maven2/org/apache/maven/plugins/maven-compiler-plugin/3.10.1/maven-compiler-plugin-3.10.1.pom (13 kB at 136 kB/s)
[76e6f833-bba3-43fe-a2d3-556d80b7e78b/build]   | Downloading from central: https://repo.maven.apache.org/maven2/org/apache/maven/plugins/maven-plugins/34/maven-plugins-34.pom
[76e6f833-bba3-43fe-a2d3-556d80b7e78b/build]   | Progress (1): 4.1/11 kBProgress (1): 8.2/11 kBProgress (1): 11 kB                       Downloaded from central: https://repo.maven.apache.org/maven2/org/apache/maven/plugins/maven-plugins/34/maven-plugins-34.pom (11 kB at 102 kB/s)
[76e6f833-bba3-43fe-a2d3-556d80b7e78b/build]   | Downloading from central: https://repo.maven.apache.org/maven2/org/apache/maven/maven-parent/34/maven-parent-34.pom
[76e6f833-bba3-43fe-a2d3-556d80b7e78b/build]   | Progress (1): 4.1/43 kBProgress (1): 8.2/43 kBProgress (1): 12/43 kB Progress (1): 16/43 kBProgress (1): 20/43 kBProgress (1): 25/43 kBProgress (1): 29/43 kBProgress (1): 33/43 kBProgress (1): 37/43 kBProgress (1): 41/43 kBProgress (1): 43 kB                      Downloaded from central: https://repo.maven.apache.org/maven2/org/apache/maven/maven-parent/34/maven-parent-34.pom (43 kB at 471 kB/s)
[76e6f833-bba3-43fe-a2d3-556d80b7e78b/build]   | Downloading from central: https://repo.maven.apache.org/maven2/org/apache/apache/23/apache-23.pom
[76e6f833-bba3-43fe-a2d3-556d80b7e78b/build]   | Progress (1): 4.1/18 kBProgress (1): 8.2/18 kBProgress (1): 12/18 kB Progress (1): 16/18 kBProgress (1): 18 kB                      Downloaded from central: https://repo.maven.apache.org/maven2/org/apache/apache/23/apache-23.pom (18 kB at 200 kB/s)
[76e6f833-bba3-43fe-a2d3-556d80b7e78b/build]   | Downloading from central: https://repo.maven.apache.org/maven2/org/apache/maven/plugins/maven-compiler-plugin/3.10.1/maven-compiler-plugin-3.10.1.jar
[76e6f833-bba3-43fe-a2d3-556d80b7e78b/build]   | Progress (1): 4.1/62 kBProgress (1): 8.2/62 kBProgress (1): 12/62 kB Progress (1): 16/62 kBProgress (1): 20/62 kBProgress (1): 24/62 kBProgress (1): 28/62 kBProgress (1): 32/62 kBProgress (1): 36/62 kBProgress (1): 40/62 kBProgress (1): 44/62 kBProgress (1): 49/62 kBProgress (1): 53/62 kBProgress (1): 57/62 kBProgress (1): 61/62 kBProgress (1): 62 kB                      Downloaded from central: https://repo.maven.apache.org/maven2/org/apache/maven/plugins/maven-compiler-plugin/3.10.1/maven-compiler-plugin-3.10.1.jar (62 kB at 673 kB/s)
[76e6f833-bba3-43fe-a2d3-556d80b7e78b/build]   | Downloading from central: https://repo.maven.apache.org/maven2/org/apache/maven/plugins/maven-surefire-plugin/2.12.4/maven-surefire-plugin-2.12.4.pom
[76e6f833-bba3-43fe-a2d3-556d80b7e78b/build]   | Progress (1): 4.1/10 kBProgress (1): 8.2/10 kBProgress (1): 10 kB                       Downloaded from central: https://repo.maven.apache.org/maven2/org/apache/maven/plugins/maven-surefire-plugin/2.12.4/maven-surefire-plugin-2.12.4.pom (10 kB at 126 kB/s)
[76e6f833-bba3-43fe-a2d3-556d80b7e78b/build]   | Downloading from central: https://repo.maven.apache.org/maven2/org/apache/maven/surefire/surefire/2.12.4/surefire-2.12.4.pom
[76e6f833-bba3-43fe-a2d3-556d80b7e78b/build]   | Progress (1): 4.1/14 kBProgress (1): 8.2/14 kBProgress (1): 12/14 kB Progress (1): 14 kB                      Downloaded from central: https://repo.maven.apache.org/maven2/org/apache/maven/surefire/surefire/2.12.4/surefire-2.12.4.pom (14 kB at 160 kB/s)
[76e6f833-bba3-43fe-a2d3-556d80b7e78b/build]   | Downloading from central: https://repo.maven.apache.org/maven2/org/apache/maven/plugins/maven-surefire-plugin/2.12.4/maven-surefire-plugin-2.12.4.jar
[76e6f833-bba3-43fe-a2d3-556d80b7e78b/build]   | Progress (1): 4.1/30 kBProgress (1): 8.2/30 kBProgress (1): 12/30 kB Progress (1): 16/30 kBProgress (1): 20/30 kBProgress (1): 25/30 kBProgress (1): 29/30 kBProgress (1): 30 kB                      Downloaded from central: https://repo.maven.apache.org/maven2/org/apache/maven/plugins/maven-surefire-plugin/2.12.4/maven-surefire-plugin-2.12.4.jar (30 kB at 358 kB/s)
[76e6f833-bba3-43fe-a2d3-556d80b7e78b/build]   | Downloading from central: https://repo.maven.apache.org/maven2/org/apache/maven/plugins/maven-jar-plugin/2.4/maven-jar-plugin-2.4.pom
[76e6f833-bba3-43fe-a2d3-556d80b7e78b/build]   | Progress (1): 4.1/5.8 kBProgress (1): 5.8 kB                        Downloaded from central: https://repo.maven.apache.org/maven2/org/apache/maven/plugins/maven-jar-plugin/2.4/maven-jar-plugin-2.4.pom (5.8 kB at 72 kB/s)
[76e6f833-bba3-43fe-a2d3-556d80b7e78b/build]   | Downloading from central: https://repo.maven.apache.org/maven2/org/apache/maven/plugins/maven-jar-plugin/2.4/maven-jar-plugin-2.4.jar
[76e6f833-bba3-43fe-a2d3-556d80b7e78b/build]   | Progress (1): 4.1/34 kBProgress (1): 8.2/34 kBProgress (1): 12/34 kB Progress (1): 16/34 kBProgress (1): 20/34 kBProgress (1): 25/34 kBProgress (1): 29/34 kBProgress (1): 33/34 kBProgress (1): 34 kB                      Downloaded from central: https://repo.maven.apache.org/maven2/org/apache/maven/plugins/maven-jar-plugin/2.4/maven-jar-plugin-2.4.jar (34 kB at 410 kB/s)
[76e6f833-bba3-43fe-a2d3-556d80b7e78b/build]   | Downloading from central: https://repo.maven.apache.org/maven2/org/slf4j/slf4j-api/2.0.3/slf4j-api-2.0.3.pom
[76e6f833-bba3-43fe-a2d3-556d80b7e78b/build]   | Progress (1): 1.6 kB                    Downloaded from central: https://repo.maven.apache.org/maven2/org/slf4j/slf4j-api/2.0.3/slf4j-api-2.0.3.pom (1.6 kB at 18 kB/s)
[76e6f833-bba3-43fe-a2d3-556d80b7e78b/build]   | Downloading from central: https://repo.maven.apache.org/maven2/org/slf4j/slf4j-parent/2.0.3/slf4j-parent-2.0.3.pom
[76e6f833-bba3-43fe-a2d3-556d80b7e78b/build]   | Progress (1): 4.1/16 kBProgress (1): 8.2/16 kBProgress (1): 12/16 kB Progress (1): 16 kB                      Downloaded from central: https://repo.maven.apache.org/maven2/org/slf4j/slf4j-parent/2.0.3/slf4j-parent-2.0.3.pom (16 kB at 228 kB/s)
[76e6f833-bba3-43fe-a2d3-556d80b7e78b/build]   | Downloading from central: https://repo.maven.apache.org/maven2/junit/junit/4.13.2/junit-4.13.2.pom
[76e6f833-bba3-43fe-a2d3-556d80b7e78b/build]   | Progress (1): 4.1/27 kBProgress (1): 8.2/27 kBProgress (1): 12/27 kB Progress (1): 16/27 kBProgress (1): 20/27 kBProgress (1): 25/27 kBProgress (1): 27 kB                      Downloaded from central: https://repo.maven.apache.org/maven2/junit/junit/4.13.2/junit-4.13.2.pom (27 kB at 392 kB/s)
[76e6f833-bba3-43fe-a2d3-556d80b7e78b/build]   | Downloading from central: https://repo.maven.apache.org/maven2/org/hamcrest/hamcrest-core/1.3/hamcrest-core-1.3.pom
[76e6f833-bba3-43fe-a2d3-556d80b7e78b/build]   | Progress (1): 766 B                   Downloaded from central: https://repo.maven.apache.org/maven2/org/hamcrest/hamcrest-core/1.3/hamcrest-core-1.3.pom (766 B at 2.8 kB/s)
[76e6f833-bba3-43fe-a2d3-556d80b7e78b/build]   | Downloading from central: https://repo.maven.apache.org/maven2/org/hamcrest/hamcrest-parent/1.3/hamcrest-parent-1.3.pom
[76e6f833-bba3-43fe-a2d3-556d80b7e78b/build]   | Progress (1): 2.0 kB                    Downloaded from central: https://repo.maven.apache.org/maven2/org/hamcrest/hamcrest-parent/1.3/hamcrest-parent-1.3.pom (2.0 kB at 25 kB/s)
[76e6f833-bba3-43fe-a2d3-556d80b7e78b/build]   | Downloading from central: https://repo.maven.apache.org/maven2/org/slf4j/slf4j-api/2.0.3/slf4j-api-2.0.3.jar
[76e6f833-bba3-43fe-a2d3-556d80b7e78b/build]   | Downloading from central: https://repo.maven.apache.org/maven2/junit/junit/4.13.2/junit-4.13.2.jar
[76e6f833-bba3-43fe-a2d3-556d80b7e78b/build]   | Downloading from central: https://repo.maven.apache.org/maven2/org/hamcrest/hamcrest-core/1.3/hamcrest-core-1.3.jar
[76e6f833-bba3-43fe-a2d3-556d80b7e78b/build]   | Progress (1): 4.1/61 kBProgress (1): 8.2/61 kBProgress (1): 12/61 kB Progress (1): 16/61 kBProgress (1): 20/61 kBProgress (1): 24/61 kBProgress (1): 28/61 kBProgress (1): 32/61 kBProgress (1): 36/61 kBProgress (1): 40/61 kBProgress (1): 44/61 kBProgress (1): 49/61 kBProgress (1): 53/61 kBProgress (1): 57/61 kBProgress (1): 61/61 kBProgress (1): 61 kB   Progress (2): 61 kB | 2.8/45 kBProgress (2): 61 kB | 5.5/45 kBProgress (2): 61 kB | 8.3/45 kBProgress (2): 61 kB | 11/45 kB Progress (2): 61 kB | 14/45 kBProgress (2): 61 kB | 17/45 kBProgress (2): 61 kB | 19/45 kBProgress (2): 61 kB | 22/45 kBProgress (2): 61 kB | 25/45 kBProgress (2): 61 kB | 28/45 kBProgress (2): 61 kB | 30/45 kBProgress (2): 61 kB | 33/45 kBProgress (2): 61 kB | 36/45 kBProgress (2): 61 kB | 39/45 kBProgress (2): 61 kB | 41/45 kBProgress (2): 61 kB | 44/45 kBProgress (2): 61 kB | 45 kB   Progress (3): 61 kB | 45 kB | 4.1/385 kBProgress (3): 61 kB | 45 kB | 8.2/385 kBProgress (3): 61 kB | 45 kB | 12/385 kB Progress (3): 61 kB | 45 kB | 16/385 kBProgress (3): 61 kB | 45 kB | 20/385 kBProgress (3): 61 kB | 45 kB | 25/385 kBProgress (3): 61 kB | 45 kB | 29/385 kBProgress (3): 61 kB | 45 kB | 33/385 kBProgress (3): 61 kB | 45 kB | 37/385 kBProgress (3): 61 kB | 45 kB | 41/385 kBProgress (3): 61 kB | 45 kB | 45/385 kBProgress (3): 61 kB | 45 kB | 49/385 kBProgress (3): 61 kB | 45 kB | 53/385 kBProgress (3): 61 kB | 45 kB | 57/385 kBProgress (3): 61 kB | 45 kB | 61/385 kBProgress (3): 61 kB | 45 kB | 66/385 kBProgress (3): 61 kB | 45 kB | 70/385 kBProgress (3): 61 kB | 45 kB | 74/385 kBProgress (3): 61 kB | 45 kB | 78/385 kBProgress (3): 61 kB | 45 kB | 82/385 kBProgress (3): 61 kB | 45 kB | 86/385 kBProgress (3): 61 kB | 45 kB | 90/385 kBProgress (3): 61 kB | 45 kB | 94/385 kBProgress (3): 61 kB | 45 kB | 98/385 kBProgress (3): 61 kB | 45 kB | 102/385 kBProgress (3): 61 kB | 45 kB | 106/385 kBProgress (3): 61 kB | 45 kB | 111/385 kBProgress (3): 61 kB | 45 kB | 115/385 kBProgress (3): 61 kB | 45 kB | 119/385 kBProgress (3): 61 kB | 45 kB | 123/385 kBProgress (3): 61 kB | 45 kB | 127/385 kBProgress (3): 61 kB | 45 kB | 131/385 kBProgress (3): 61 kB | 45 kB | 135/385 kBProgress (3): 61 kB | 45 kB | 139/385 kBProgress (3): 61 kB | 45 kB | 143/385 kBProgress (3): 61 kB | 45 kB | 147/385 kBProgress (3): 61 kB | 45 kB | 152/385 kBProgress (3): 61 kB | 45 kB | 156/385 kBProgress (3): 61 kB | 45 kB | 160/385 kBProgress (3): 61 kB | 45 kB | 164/385 kBProgress (3): 61 kB | 45 kB | 168/385 kBProgress (3): 61 kB | 45 kB | 172/385 kBProgress (3): 61 kB | 45 kB | 176/385 kBProgress (3): 61 kB | 45 kB | 180/385 kBProgress (3): 61 kB | 45 kB | 184/385 kBProgress (3): 61 kB | 45 kB | 188/385 kBProgress (3): 61 kB | 45 kB | 193/385 kBProgress (3): 61 kB | 45 kB | 197/385 kBProgress (3): 61 kB | 45 kB | 201/385 kBProgress (3): 61 kB | 45 kB | 205/385 kBProgress (3): 61 kB | 45 kB | 209/385 kBProgress (3): 61 kB | 45 kB | 213/385 kBProgress (3): 61 kB | 45 kB | 217/385 kBProgress (3): 61 kB | 45 kB | 221/385 kBProgress (3): 61 kB | 45 kB | 225/385 kBProgress (3): 61 kB | 45 kB | 229/385 kBProgress (3): 61 kB | 45 kB | 233/385 kBProgress (3): 61 kB | 45 kB | 238/385 kBProgress (3): 61 kB | 45 kB | 242/385 kBProgress (3): 61 kB | 45 kB | 246/385 kBProgress (3): 61 kB | 45 kB | 250/385 kBProgress (3): 61 kB | 45 kB | 254/385 kBProgress (3): 61 kB | 45 kB | 258/385 kBProgress (3): 61 kB | 45 kB | 262/385 kBProgress (3): 61 kB | 45 kB | 266/385 kBProgress (3): 61 kB | 45 kB | 270/385 kBProgress (3): 61 kB | 45 kB | 274/385 kBProgress (3): 61 kB | 45 kB | 279/385 kBProgress (3): 61 kB | 45 kB | 283/385 kBProgress (3): 61 kB | 45 kB | 287/385 kBProgress (3): 61 kB | 45 kB | 291/385 kBProgress (3): 61 kB | 45 kB | 295/385 kBProgress (3): 61 kB | 45 kB | 299/385 kBProgress (3): 61 kB | 45 kB | 303/385 kBProgress (3): 61 kB | 45 kB | 307/385 kBProgress (3): 61 kB | 45 kB | 311/385 kBProgress (3): 61 kB | 45 kB | 315/385 kBProgress (3): 61 kB | 45 kB | 319/385 kBProgress (3): 61 kB | 45 kB | 324/385 kBProgress (3): 61 kB | 45 kB | 328/385 kBProgress (3): 61 kB | 45 kB | 332/385 kBProgress (3): 61 kB | 45 kB | 336/385 kBProgress (3): 61 kB | 45 kB | 340/385 kBProgress (3): 61 kB | 45 kB | 344/385 kBProgress (3): 61 kB | 45 kB | 348/385 kBProgress (3): 61 kB | 45 kB | 352/385 kBProgress (3): 61 kB | 45 kB | 356/385 kBProgress (3): 61 kB | 45 kB | 360/385 kBProgress (3): 61 kB | 45 kB | 365/385 kBProgress (3): 61 kB | 45 kB | 369/385 kBProgress (3): 61 kB | 45 kB | 373/385 kBProgress (3): 61 kB | 45 kB | 377/385 kBProgress (3): 61 kB | 45 kB | 381/385 kBProgress (3): 61 kB | 45 kB | 385 kB                                        Downloaded from central: https://repo.maven.apache.org/maven2/org/slf4j/slf4j-api/2.0.3/slf4j-api-2.0.3.jar (61 kB at 758 kB/s)
[76e6f833-bba3-43fe-a2d3-556d80b7e78b/build]   | Downloaded from central: https://repo.maven.apache.org/maven2/org/hamcrest/hamcrest-core/1.3/hamcrest-core-1.3.jar (45 kB at 484 kB/s)
[76e6f833-bba3-43fe-a2d3-556d80b7e78b/build]   | Downloaded from central: https://repo.maven.apache.org/maven2/junit/junit/4.13.2/junit-4.13.2.jar (385 kB at 3.3 MB/s)
[76e6f833-bba3-43fe-a2d3-556d80b7e78b/build]   | [INFO] 
[76e6f833-bba3-43fe-a2d3-556d80b7e78b/build]   | [INFO] --- maven-clean-plugin:2.5:clean (default-clean) @ sped ---
[76e6f833-bba3-43fe-a2d3-556d80b7e78b/build]   | Downloading from central: https://repo.maven.apache.org/maven2/org/apache/maven/maven-plugin-api/2.0.6/maven-plugin-api-2.0.6.pom
[76e6f833-bba3-43fe-a2d3-556d80b7e78b/build]   | Progress (1): 1.5 kB                    Downloaded from central: https://repo.maven.apache.org/maven2/org/apache/maven/maven-plugin-api/2.0.6/maven-plugin-api-2.0.6.pom (1.5 kB at 21 kB/s)
[76e6f833-bba3-43fe-a2d3-556d80b7e78b/build]   | Downloading from central: https://repo.maven.apache.org/maven2/org/apache/maven/maven/2.0.6/maven-2.0.6.pom
[76e6f833-bba3-43fe-a2d3-556d80b7e78b/build]   | Progress (1): 4.1/9.0 kBProgress (1): 8.2/9.0 kBProgress (1): 9.0 kB                        Downloaded from central: https://repo.maven.apache.org/maven2/org/apache/maven/maven/2.0.6/maven-2.0.6.pom (9.0 kB at 135 kB/s)
[76e6f833-bba3-43fe-a2d3-556d80b7e78b/build]   | Downloading from central: https://repo.maven.apache.org/maven2/org/apache/maven/maven-parent/5/maven-parent-5.pom
[76e6f833-bba3-43fe-a2d3-556d80b7e78b/build]   | Progress (1): 4.1/15 kBProgress (1): 8.2/15 kBProgress (1): 12/15 kB Progress (1): 15 kB                      Downloaded from central: https://repo.maven.apache.org/maven2/org/apache/maven/maven-parent/5/maven-parent-5.pom (15 kB at 149 kB/s)
[76e6f833-bba3-43fe-a2d3-556d80b7e78b/build]   | Downloading from central: https://repo.maven.apache.org/maven2/org/apache/apache/3/apache-3.pom
[76e6f833-bba3-43fe-a2d3-556d80b7e78b/build]   | Progress (1): 3.4 kB                    Downloaded from central: https://repo.maven.apache.org/maven2/org/apache/apache/3/apache-3.pom (3.4 kB at 53 kB/s)
[76e6f833-bba3-43fe-a2d3-556d80b7e78b/build]   | Downloading from central: https://repo.maven.apache.org/maven2/org/codehaus/plexus/plexus-utils/3.0/plexus-utils-3.0.pom
[76e6f833-bba3-43fe-a2d3-556d80b7e78b/build]   | Progress (1): 4.1 kB                    Downloaded from central: https://repo.maven.apache.org/maven2/org/codehaus/plexus/plexus-utils/3.0/plexus-utils-3.0.pom (4.1 kB at 54 kB/s)
[76e6f833-bba3-43fe-a2d3-556d80b7e78b/build]   | Downloading from central: https://repo.maven.apache.org/maven2/org/sonatype/spice/spice-parent/16/spice-parent-16.pom
[76e6f833-bba3-43fe-a2d3-556d80b7e78b/build]   | Progress (1): 4.1/8.4 kBProgress (1): 8.2/8.4 kBProgress (1): 8.4 kB                        Downloaded from central: https://repo.maven.apache.org/maven2/org/sonatype/spice/spice-parent/16/spice-parent-16.pom (8.4 kB at 113 kB/s)
[76e6f833-bba3-43fe-a2d3-556d80b7e78b/build]   | Downloading from central: https://repo.maven.apache.org/maven2/org/sonatype/forge/forge-parent/5/forge-parent-5.pom
[76e6f833-bba3-43fe-a2d3-556d80b7e78b/build]   | Progress (1): 4.1/8.4 kBProgress (1): 8.2/8.4 kBProgress (1): 8.4 kB                        Downloaded from central: https://repo.maven.apache.org/maven2/org/sonatype/forge/forge-parent/5/forge-parent-5.pom (8.4 kB at 121 kB/s)
[76e6f833-bba3-43fe-a2d3-556d80b7e78b/build]   | Downloading from central: https://repo.maven.apache.org/maven2/org/apache/maven/maven-plugin-api/2.0.6/maven-plugin-api-2.0.6.jar
[76e6f833-bba3-43fe-a2d3-556d80b7e78b/build]   | Downloading from central: https://repo.maven.apache.org/maven2/org/codehaus/plexus/plexus-utils/3.0/plexus-utils-3.0.jar
[76e6f833-bba3-43fe-a2d3-556d80b7e78b/build]   | Progress (1): 4.1/13 kBProgress (1): 8.2/13 kBProgress (1): 12/13 kB Progress (1): 13 kB   Progress (2): 13 kB | 2.8/226 kBProgress (2): 13 kB | 5.5/226 kBProgress (2): 13 kB | 8.3/226 kBProgress (2): 13 kB | 11/226 kB Progress (2): 13 kB | 14/226 kBProgress (2): 13 kB | 18/226 kBProgress (2): 13 kB | 22/226 kBProgress (2): 13 kB | 26/226 kBProgress (2): 13 kB | 30/226 kBProgress (2): 13 kB | 34/226 kBProgress (2): 13 kB | 38/226 kBProgress (2): 13 kB | 42/226 kBProgress (2): 13 kB | 47/226 kBProgress (2): 13 kB | 51/226 kBProgress (2): 13 kB | 55/226 kBProgress (2): 13 kB | 59/226 kBProgress (2): 13 kB | 63/226 kBProgress (2): 13 kB | 67/226 kBProgress (2): 13 kB | 71/226 kBProgress (2): 13 kB | 75/226 kBProgress (2): 13 kB | 79/226 kBProgress (2): 13 kB | 83/226 kBProgress (2): 13 kB | 88/226 kBProgress (2): 13 kB | 92/226 kBProgress (2): 13 kB | 96/226 kBProgress (2): 13 kB | 100/226 kBProgress (2): 13 kB | 104/226 kBProgress (2): 13 kB | 108/226 kBProgress (2): 13 kB | 112/226 kBProgress (2): 13 kB | 116/226 kBProgress (2): 13 kB | 120/226 kBProgress (2): 13 kB | 124/226 kBProgress (2): 13 kB | 128/226 kBProgress (2): 13 kB | 133/226 kBProgress (2): 13 kB | 137/226 kBProgress (2): 13 kB | 141/226 kBProgress (2): 13 kB | 145/226 kBProgress (2): 13 kB | 149/226 kBProgress (2): 13 kB | 153/226 kBProgress (2): 13 kB | 157/226 kBProgress (2): 13 kB | 161/226 kBProgress (2): 13 kB | 165/226 kBProgress (2): 13 kB | 169/226 kBProgress (2): 13 kB | 174/226 kBProgress (2): 13 kB | 178/226 kBProgress (2): 13 kB | 182/226 kBProgress (2): 13 kB | 186/226 kBProgress (2): 13 kB | 190/226 kBProgress (2): 13 kB | 194/226 kBProgress (2): 13 kB | 198/226 kBProgress (2): 13 kB | 202/226 kBProgress (2): 13 kB | 206/226 kBProgress (2): 13 kB | 210/226 kBProgress (2): 13 kB | 214/226 kBProgress (2): 13 kB | 219/226 kBProgress (2): 13 kB | 223/226 kBProgress (2): 13 kB | 226 kB                                Downloaded from central: https://repo.maven.apache.org/maven2/org/apache/maven/maven-plugin-api/2.0.6/maven-plugin-api-2.0.6.jar (13 kB at 165 kB/s)
[76e6f833-bba3-43fe-a2d3-556d80b7e78b/build]   | Downloaded from central: https://repo.maven.apache.org/maven2/org/codehaus/plexus/plexus-utils/3.0/plexus-utils-3.0.jar (226 kB at 2.3 MB/s)
[76e6f833-bba3-43fe-a2d3-556d80b7e78b/build]   | [INFO] 
[76e6f833-bba3-43fe-a2d3-556d80b7e78b/build]   | [INFO] --- maven-resources-plugin:2.6:resources (default-resources) @ sped ---
[76e6f833-bba3-43fe-a2d3-556d80b7e78b/build]   | Downloading from central: https://repo.maven.apache.org/maven2/org/apache/maven/maven-project/2.0.6/maven-project-2.0.6.pom
[76e6f833-bba3-43fe-a2d3-556d80b7e78b/build]   | Progress (1): 2.6 kB                    Downloaded from central: https://repo.maven.apache.org/maven2/org/apache/maven/maven-project/2.0.6/maven-project-2.0.6.pom (2.6 kB at 40 kB/s)
[76e6f833-bba3-43fe-a2d3-556d80b7e78b/build]   | Downloading from central: https://repo.maven.apache.org/maven2/org/apache/maven/maven-settings/2.0.6/maven-settings-2.0.6.pom
[76e6f833-bba3-43fe-a2d3-556d80b7e78b/build]   | Progress (1): 2.0 kB                    Downloaded from central: https://repo.maven.apache.org/maven2/org/apache/maven/maven-settings/2.0.6/maven-settings-2.0.6.pom (2.0 kB at 24 kB/s)
[76e6f833-bba3-43fe-a2d3-556d80b7e78b/build]   | Downloading from central: https://repo.maven.apache.org/maven2/org/apache/maven/maven-model/2.0.6/maven-model-2.0.6.pom
[76e6f833-bba3-43fe-a2d3-556d80b7e78b/build]   | Progress (1): 3.0 kB                    Downloaded from central: https://repo.maven.apache.org/maven2/org/apache/maven/maven-model/2.0.6/maven-model-2.0.6.pom (3.0 kB at 80 kB/s)
[76e6f833-bba3-43fe-a2d3-556d80b7e78b/build]   | Downloading from central: https://repo.maven.apache.org/maven2/org/codehaus/plexus/plexus-utils/1.4.1/plexus-utils-1.4.1.pom
[76e6f833-bba3-43fe-a2d3-556d80b7e78b/build]   | Progress (1): 1.9 kB                    Downloaded from central: https://repo.maven.apache.org/maven2/org/codehaus/plexus/plexus-utils/1.4.1/plexus-utils-1.4.1.pom (1.9 kB at 42 kB/s)
[76e6f833-bba3-43fe-a2d3-556d80b7e78b/build]   | Downloading from central: https://repo.maven.apache.org/maven2/org/codehaus/plexus/plexus/1.0.11/plexus-1.0.11.pom
[76e6f833-bba3-43fe-a2d3-556d80b7e78b/build]   | Progress (1): 4.1/9.0 kBProgress (1): 8.2/9.0 kBProgress (1): 9.0 kB                        Downloaded from central: https://repo.maven.apache.org/maven2/org/codehaus/plexus/plexus/1.0.11/plexus-1.0.11.pom (9.0 kB at 121 kB/s)
[76e6f833-bba3-43fe-a2d3-556d80b7e78b/build]   | Downloading from central: https://repo.maven.apache.org/maven2/org/codehaus/plexus/plexus-container-default/1.0-alpha-9-stable-1/plexus-container-default-1.0-alpha-9-stable-1.pom
[76e6f833-bba3-43fe-a2d3-556d80b7e78b/build]   | Progress (1): 3.9 kB                    Downloaded from central: https://repo.maven.apache.org/maven2/org/codehaus/plexus/plexus-container-default/1.0-alpha-9-stable-1/plexus-container-default-1.0-alpha-9-stable-1.pom (3.9 kB at 65 kB/s)
[76e6f833-bba3-43fe-a2d3-556d80b7e78b/build]   | Downloading from central: https://repo.maven.apache.org/maven2/org/codehaus/plexus/plexus-containers/1.0.3/plexus-containers-1.0.3.pom
[76e6f833-bba3-43fe-a2d3-556d80b7e78b/build]   | Progress (1): 492 B                   Downloaded from central: https://repo.maven.apache.org/maven2/org/codehaus/plexus/plexus-containers/1.0.3/plexus-containers-1.0.3.pom (492 B at 9.1 kB/s)
[76e6f833-bba3-43fe-a2d3-556d80b7e78b/build]   | Downloading from central: https://repo.maven.apache.org/maven2/org/codehaus/plexus/plexus/1.0.4/plexus-1.0.4.pom
[76e6f833-bba3-43fe-a2d3-556d80b7e78b/build]   | Progress (1): 4.1/5.7 kBProgress (1): 5.7 kB                        Downloaded from central: https://repo.maven.apache.org/maven2/org/codehaus/plexus/plexus/1.0.4/plexus-1.0.4.pom (5.7 kB at 130 kB/s)
[76e6f833-bba3-43fe-a2d3-556d80b7e78b/build]   | Downloading from central: https://repo.maven.apache.org/maven2/junit/junit/3.8.1/junit-3.8.1.pom
[76e6f833-bba3-43fe-a2d3-556d80b7e78b/build]   | Progress (1): 998 B                   Downloaded from central: https://repo.maven.apache.org/maven2/junit/junit/3.8.1/junit-3.8.1.pom (998 B at 18 kB/s)
[76e6f833-bba3-43fe-a2d3-556d80b7e78b/build]   | Downloading from central: https://repo.maven.apache.org/maven2/org/codehaus/plexus/plexus-utils/1.0.4/plexus-utils-1.0.4.pom
[76e6f833-bba3-43fe-a2d3-556d80b7e78b/build]   | Progress (1): 4.1/6.9 kBProgress (1): 6.9 kB                        Downloaded from central: https://repo.maven.apache.org/maven2/org/codehaus/plexus/plexus-utils/1.0.4/plexus-utils-1.0.4.pom (6.9 kB at 132 kB/s)
[76e6f833-bba3-43fe-a2d3-556d80b7e78b/build]   | Downloading from central: https://repo.maven.apache.org/maven2/classworlds/classworlds/1.1-alpha-2/classworlds-1.1-alpha-2.pom
[76e6f833-bba3-43fe-a2d3-556d80b7e78b/build]   | Progress (1): 3.1 kB                    Downloaded from central: https://repo.maven.apache.org/maven2/classworlds/classworlds/1.1-alpha-2/classworlds-1.1-alpha-2.pom (3.1 kB at 56 kB/s)
[76e6f833-bba3-43fe-a2d3-556d80b7e78b/build]   | Downloading from central: https://repo.maven.apache.org/maven2/org/apache/maven/maven-profile/2.0.6/maven-profile-2.0.6.pom
[76e6f833-bba3-43fe-a2d3-556d80b7e78b/build]   | Progress (1): 2.0 kB                    Downloaded from central: https://repo.maven.apache.org/maven2/org/apache/maven/maven-profile/2.0.6/maven-profile-2.0.6.pom (2.0 kB at 34 kB/s)
[76e6f833-bba3-43fe-a2d3-556d80b7e78b/build]   | Downloading from central: https://repo.maven.apache.org/maven2/org/apache/maven/maven-artifact-manager/2.0.6/maven-artifact-manager-2.0.6.pom
[76e6f833-bba3-43fe-a2d3-556d80b7e78b/build]   | Progress (1): 2.6 kB                    Downloaded from central: https://repo.maven.apache.org/maven2/org/apache/maven/maven-artifact-manager/2.0.6/maven-artifact-manager-2.0.6.pom (2.6 kB at 39 kB/s)
[76e6f833-bba3-43fe-a2d3-556d80b7e78b/build]   | Downloading from central: https://repo.maven.apache.org/maven2/org/apache/maven/maven-repository-metadata/2.0.6/maven-repository-metadata-2.0.6.pom
[76e6f833-bba3-43fe-a2d3-556d80b7e78b/build]   | Progress (1): 1.9 kB                    Downloaded from central: https://repo.maven.apache.org/maven2/org/apache/maven/maven-repository-metadata/2.0.6/maven-repository-metadata-2.0.6.pom (1.9 kB at 31 kB/s)
[76e6f833-bba3-43fe-a2d3-556d80b7e78b/build]   | Downloading from central: https://repo.maven.apache.org/maven2/org/apache/maven/maven-artifact/2.0.6/maven-artifact-2.0.6.pom
[76e6f833-bba3-43fe-a2d3-556d80b7e78b/build]   | Progress (1): 1.6 kB                    Downloaded from central: https://repo.maven.apache.org/maven2/org/apache/maven/maven-artifact/2.0.6/maven-artifact-2.0.6.pom (1.6 kB at 25 kB/s)
[76e6f833-bba3-43fe-a2d3-556d80b7e78b/build]   | Downloading from central: https://repo.maven.apache.org/maven2/org/apache/maven/maven-plugin-registry/2.0.6/maven-plugin-registry-2.0.6.pom
[76e6f833-bba3-43fe-a2d3-556d80b7e78b/build]   | Progress (1): 1.9 kB                    Downloaded from central: https://repo.maven.apache.org/maven2/org/apache/maven/maven-plugin-registry/2.0.6/maven-plugin-registry-2.0.6.pom (1.9 kB at 29 kB/s)
[76e6f833-bba3-43fe-a2d3-556d80b7e78b/build]   | Downloading from central: https://repo.maven.apache.org/maven2/org/apache/maven/maven-core/2.0.6/maven-core-2.0.6.pom
[76e6f833-bba3-43fe-a2d3-556d80b7e78b/build]   | Progress (1): 4.1/6.7 kBProgress (1): 6.7 kB                        Downloaded from central: https://repo.maven.apache.org/maven2/org/apache/maven/maven-core/2.0.6/maven-core-2.0.6.pom (6.7 kB at 99 kB/s)
[76e6f833-bba3-43fe-a2d3-556d80b7e78b/build]   | Downloading from central: https://repo.maven.apache.org/maven2/org/apache/maven/maven-plugin-parameter-documenter/2.0.6/maven-plugin-parameter-documenter-2.0.6.pom
[76e6f833-bba3-43fe-a2d3-556d80b7e78b/build]   | Progress (1): 1.9 kB                    Downloaded from central: https://repo.maven.apache.org/maven2/org/apache/maven/maven-plugin-parameter-documenter/2.0.6/maven-plugin-parameter-documenter-2.0.6.pom (1.9 kB at 25 kB/s)
[76e6f833-bba3-43fe-a2d3-556d80b7e78b/build]   | Downloading from central: https://repo.maven.apache.org/maven2/org/apache/maven/reporting/maven-reporting-api/2.0.6/maven-reporting-api-2.0.6.pom
[76e6f833-bba3-43fe-a2d3-556d80b7e78b/build]   | Progress (1): 1.8 kB                    Downloaded from central: https://repo.maven.apache.org/maven2/org/apache/maven/reporting/maven-reporting-api/2.0.6/maven-reporting-api-2.0.6.pom (1.8 kB at 25 kB/s)
[76e6f833-bba3-43fe-a2d3-556d80b7e78b/build]   | Downloading from central: https://repo.maven.apache.org/maven2/org/apache/maven/reporting/maven-reporting/2.0.6/maven-reporting-2.0.6.pom
[76e6f833-bba3-43fe-a2d3-556d80b7e78b/build]   | Progress (1): 1.4 kB                    Downloaded from central: https://repo.maven.apache.org/maven2/org/apache/maven/reporting/maven-reporting/2.0.6/maven-reporting-2.0.6.pom (1.4 kB at 18 kB/s)
[76e6f833-bba3-43fe-a2d3-556d80b7e78b/build]   | Downloading from central: https://repo.maven.apache.org/maven2/org/apache/maven/doxia/doxia-sink-api/1.0-alpha-7/doxia-sink-api-1.0-alpha-7.pom
[76e6f833-bba3-43fe-a2d3-556d80b7e78b/build]   | Progress (1): 424 B                   Downloaded from central: https://repo.maven.apache.org/maven2/org/apache/maven/doxia/doxia-sink-api/1.0-alpha-7/doxia-sink-api-1.0-alpha-7.pom (424 B at 6.1 kB/s)
[76e6f833-bba3-43fe-a2d3-556d80b7e78b/build]   | Downloading from central: https://repo.maven.apache.org/maven2/org/apache/maven/doxia/doxia/1.0-alpha-7/doxia-1.0-alpha-7.pom
[76e6f833-bba3-43fe-a2d3-556d80b7e78b/build]   | Progress (1): 3.9 kB                    Downloaded from central: https://repo.maven.apache.org/maven2/org/apache/maven/doxia/doxia/1.0-alpha-7/doxia-1.0-alpha-7.pom (3.9 kB at 66 kB/s)
[76e6f833-bba3-43fe-a2d3-556d80b7e78b/build]   | Downloading from central: https://repo.maven.apache.org/maven2/org/apache/maven/maven-error-diagnostics/2.0.6/maven-error-diagnostics-2.0.6.pom
[76e6f833-bba3-43fe-a2d3-556d80b7e78b/build]   | Progress (1): 1.7 kB                    Downloaded from central: https://repo.maven.apache.org/maven2/org/apache/maven/maven-error-diagnostics/2.0.6/maven-error-diagnostics-2.0.6.pom (1.7 kB at 23 kB/s)
[76e6f833-bba3-43fe-a2d3-556d80b7e78b/build]   | Downloading from central: https://repo.maven.apache.org/maven2/commons-cli/commons-cli/1.0/commons-cli-1.0.pom
[76e6f833-bba3-43fe-a2d3-556d80b7e78b/build]   | Progress (1): 2.1 kB                    Downloaded from central: https://repo.maven.apache.org/maven2/commons-cli/commons-cli/1.0/commons-cli-1.0.pom (2.1 kB at 42 kB/s)
[76e6f833-bba3-43fe-a2d3-556d80b7e78b/build]   | Downloading from central: https://repo.maven.apache.org/maven2/org/apache/maven/maven-plugin-descriptor/2.0.6/maven-plugin-descriptor-2.0.6.pom
[76e6f833-bba3-43fe-a2d3-556d80b7e78b/build]   | Progress (1): 2.0 kB                    Downloaded from central: https://repo.maven.apache.org/maven2/org/apache/maven/maven-plugin-descriptor/2.0.6/maven-plugin-descriptor-2.0.6.pom (2.0 kB at 29 kB/s)
[76e6f833-bba3-43fe-a2d3-556d80b7e78b/build]   | Downloading from central: https://repo.maven.apache.org/maven2/org/codehaus/plexus/plexus-interactivity-api/1.0-alpha-4/plexus-interactivity-api-1.0-alpha-4.pom
[76e6f833-bba3-43fe-a2d3-556d80b7e78b/build]   | Progress (1): 4.1/7.1 kBProgress (1): 7.1 kB                        Downloaded from central: https://repo.maven.apache.org/maven2/org/codehaus/plexus/plexus-interactivity-api/1.0-alpha-4/plexus-interactivity-api-1.0-alpha-4.pom (7.1 kB at 103 kB/s)
[76e6f833-bba3-43fe-a2d3-556d80b7e78b/build]   | Downloading from central: https://repo.maven.apache.org/maven2/org/apache/maven/maven-monitor/2.0.6/maven-monitor-2.0.6.pom
[76e6f833-bba3-43fe-a2d3-556d80b7e78b/build]   | Progress (1): 1.3 kB                    Downloaded from central: https://repo.maven.apache.org/maven2/org/apache/maven/maven-monitor/2.0.6/maven-monitor-2.0.6.pom (1.3 kB at 20 kB/s)
[76e6f833-bba3-43fe-a2d3-556d80b7e78b/build]   | Downloading from central: https://repo.maven.apache.org/maven2/classworlds/classworlds/1.1/classworlds-1.1.pom
[76e6f833-bba3-43fe-a2d3-556d80b7e78b/build]   | Progress (1): 3.3 kB                    Downloaded from central: https://repo.maven.apache.org/maven2/classworlds/classworlds/1.1/classworlds-1.1.pom (3.3 kB at 55 kB/s)
[76e6f833-bba3-43fe-a2d3-556d80b7e78b/build]   | Downloading from central: https://repo.maven.apache.org/maven2/org/codehaus/plexus/plexus-utils/2.0.5/plexus-utils-2.0.5.pom
[76e6f833-bba3-43fe-a2d3-556d80b7e78b/build]   | Progress (1): 3.3 kB                    Downloaded from central: https://repo.maven.apache.org/maven2/org/codehaus/plexus/plexus-utils/2.0.5/plexus-utils-2.0.5.pom (3.3 kB at 44 kB/s)
[76e6f833-bba3-43fe-a2d3-556d80b7e78b/build]   | Downloading from central: https://repo.maven.apache.org/maven2/org/codehaus/plexus/plexus/2.0.6/plexus-2.0.6.pom
[76e6f833-bba3-43fe-a2d3-556d80b7e78b/build]   | Progress (1): 4.1/17 kBProgress (1): 8.2/17 kBProgress (1): 12/17 kB Progress (1): 16/17 kBProgress (1): 17 kB                      Downloaded from central: https://repo.maven.apache.org/maven2/org/codehaus/plexus/plexus/2.0.6/plexus-2.0.6.pom (17 kB at 212 kB/s)
[76e6f833-bba3-43fe-a2d3-556d80b7e78b/build]   | Downloading from central: https://repo.maven.apache.org/maven2/org/apache/maven/shared/maven-filtering/1.1/maven-filtering-1.1.pom
[76e6f833-bba3-43fe-a2d3-556d80b7e78b/build]   | Progress (1): 4.1/5.8 kBProgress (1): 5.8 kB                        Downloaded from central: https://repo.maven.apache.org/maven2/org/apache/maven/shared/maven-filtering/1.1/maven-filtering-1.1.pom (5.8 kB at 95 kB/s)
[76e6f833-bba3-43fe-a2d3-556d80b7e78b/build]   | Downloading from central: https://repo.maven.apache.org/maven2/org/apache/maven/shared/maven-shared-components/17/maven-shared-components-17.pom
[76e6f833-bba3-43fe-a2d3-556d80b7e78b/build]   | Progress (1): 4.1/8.7 kBProgress (1): 8.2/8.7 kBProgress (1): 8.7 kB                        Downloaded from central: https://repo.maven.apache.org/maven2/org/apache/maven/shared/maven-shared-components/17/maven-shared-components-17.pom (8.7 kB at 109 kB/s)
[76e6f833-bba3-43fe-a2d3-556d80b7e78b/build]   | Downloading from central: https://repo.maven.apache.org/maven2/org/codehaus/plexus/plexus-utils/1.5.15/plexus-utils-1.5.15.pom
[76e6f833-bba3-43fe-a2d3-556d80b7e78b/build]   | Progress (1): 4.1/6.8 kBProgress (1): 6.8 kB                        Downloaded from central: https://repo.maven.apache.org/maven2/org/codehaus/plexus/plexus-utils/1.5.15/plexus-utils-1.5.15.pom (6.8 kB at 88 kB/s)
[76e6f833-bba3-43fe-a2d3-556d80b7e78b/build]   | Downloading from central: https://repo.maven.apache.org/maven2/org/codehaus/plexus/plexus/2.0.2/plexus-2.0.2.pom
[76e6f833-bba3-43fe-a2d3-556d80b7e78b/build]   | Progress (1): 4.1/12 kBProgress (1): 8.2/12 kBProgress (1): 12 kB                       Downloaded from central: https://repo.maven.apache.org/maven2/org/codehaus/plexus/plexus/2.0.2/plexus-2.0.2.pom (12 kB at 157 kB/s)
[76e6f833-bba3-43fe-a2d3-556d80b7e78b/build]   | Downloading from central: https://repo.maven.apache.org/maven2/org/codehaus/plexus/plexus-interpolation/1.12/plexus-interpolation-1.12.pom
[76e6f833-bba3-43fe-a2d3-556d80b7e78b/build]   | Progress (1): 889 B                   Downloaded from central: https://repo.maven.apache.org/maven2/org/codehaus/plexus/plexus-interpolation/1.12/plexus-interpolation-1.12.pom (889 B at 14 kB/s)
[76e6f833-bba3-43fe-a2d3-556d80b7e78b/build]   | Downloading from central: https://repo.maven.apache.org/maven2/org/codehaus/plexus/plexus-components/1.1.14/plexus-components-1.1.14.pom
[76e6f833-bba3-43fe-a2d3-556d80b7e78b/build]   | Progress (1): 4.1/5.8 kBProgress (1): 5.8 kB                        Downloaded from central: https://repo.maven.apache.org/maven2/org/codehaus/plexus/plexus-components/1.1.14/plexus-components-1.1.14.pom (5.8 kB at 89 kB/s)
[76e6f833-bba3-43fe-a2d3-556d80b7e78b/build]   | Downloading from central: https://repo.maven.apache.org/maven2/org/sonatype/plexus/plexus-build-api/0.0.4/plexus-build-api-0.0.4.pom
[76e6f833-bba3-43fe-a2d3-556d80b7e78b/build]   | Progress (1): 2.9 kB                    Downloaded from central: https://repo.maven.apache.org/maven2/org/sonatype/plexus/plexus-build-api/0.0.4/plexus-build-api-0.0.4.pom (2.9 kB at 49 kB/s)
[76e6f833-bba3-43fe-a2d3-556d80b7e78b/build]   | Downloading from central: https://repo.maven.apache.org/maven2/org/sonatype/spice/spice-parent/10/spice-parent-10.pom
[76e6f833-bba3-43fe-a2d3-556d80b7e78b/build]   | Progress (1): 3.0 kB                    Downloaded from central: https://repo.maven.apache.org/maven2/org/sonatype/spice/spice-parent/10/spice-parent-10.pom (3.0 kB at 52 kB/s)
[76e6f833-bba3-43fe-a2d3-556d80b7e78b/build]   | Downloading from central: https://repo.maven.apache.org/maven2/org/sonatype/forge/forge-parent/3/forge-parent-3.pom
[76e6f833-bba3-43fe-a2d3-556d80b7e78b/build]   | Progress (1): 4.1/5.0 kBProgress (1): 5.0 kB                        Downloaded from central: https://repo.maven.apache.org/maven2/org/sonatype/forge/forge-parent/3/forge-parent-3.pom (5.0 kB at 83 kB/s)
[76e6f833-bba3-43fe-a2d3-556d80b7e78b/build]   | Downloading from central: https://repo.maven.apache.org/maven2/org/codehaus/plexus/plexus-utils/1.5.8/plexus-utils-1.5.8.pom
[76e6f833-bba3-43fe-a2d3-556d80b7e78b/build]   | Progress (1): 4.1/8.1 kBProgress (1): 8.1 kB                        Downloaded from central: https://repo.maven.apache.org/maven2/org/codehaus/plexus/plexus-utils/1.5.8/plexus-utils-1.5.8.pom (8.1 kB at 139 kB/s)
[76e6f833-bba3-43fe-a2d3-556d80b7e78b/build]   | Downloading from central: https://repo.maven.apache.org/maven2/org/codehaus/plexus/plexus-interpolation/1.13/plexus-interpolation-1.13.pom
[76e6f833-bba3-43fe-a2d3-556d80b7e78b/build]   | Progress (1): 890 B                   Downloaded from central: https://repo.maven.apache.org/maven2/org/codehaus/plexus/plexus-interpolation/1.13/plexus-interpolation-1.13.pom (890 B at 14 kB/s)
[76e6f833-bba3-43fe-a2d3-556d80b7e78b/build]   | Downloading from central: https://repo.maven.apache.org/maven2/org/codehaus/plexus/plexus-components/1.1.15/plexus-components-1.1.15.pom
[76e6f833-bba3-43fe-a2d3-556d80b7e78b/build]   | Progress (1): 2.8 kB                    Downloaded from central: https://repo.maven.apache.org/maven2/org/codehaus/plexus/plexus-components/1.1.15/plexus-components-1.1.15.pom (2.8 kB at 54 kB/s)
[76e6f833-bba3-43fe-a2d3-556d80b7e78b/build]   | Downloading from central: https://repo.maven.apache.org/maven2/org/codehaus/plexus/plexus/2.0.3/plexus-2.0.3.pom
[76e6f833-bba3-43fe-a2d3-556d80b7e78b/build]   | Progress (1): 4.1/15 kBProgress (1): 8.2/15 kBProgress (1): 12/15 kB Progress (1): 15 kB                      Downloaded from central: https://repo.maven.apache.org/maven2/org/codehaus/plexus/plexus/2.0.3/plexus-2.0.3.pom (15 kB at 309 kB/s)
[76e6f833-bba3-43fe-a2d3-556d80b7e78b/build]   | Downloading from central: https://repo.maven.apache.org/maven2/org/apache/maven/maven-project/2.0.6/maven-project-2.0.6.jar
[76e6f833-bba3-43fe-a2d3-556d80b7e78b/build]   | Downloading from central: https://repo.maven.apache.org/maven2/org/apache/maven/maven-profile/2.0.6/maven-profile-2.0.6.jar
[76e6f833-bba3-43fe-a2d3-556d80b7e78b/build]   | Downloading from central: https://repo.maven.apache.org/maven2/org/apache/maven/maven-artifact-manager/2.0.6/maven-artifact-manager-2.0.6.jar
[76e6f833-bba3-43fe-a2d3-556d80b7e78b/build]   | Downloading from central: https://repo.maven.apache.org/maven2/org/apache/maven/maven-plugin-registry/2.0.6/maven-plugin-registry-2.0.6.jar
[76e6f833-bba3-43fe-a2d3-556d80b7e78b/build]   | Downloading from central: https://repo.maven.apache.org/maven2/org/apache/maven/maven-core/2.0.6/maven-core-2.0.6.jar
[76e6f833-bba3-43fe-a2d3-556d80b7e78b/build]   | Progress (1): 4.1/116 kBProgress (1): 8.2/116 kBProgress (1): 12/116 kB Progress (1): 16/116 kBProgress (1): 20/116 kBProgress (1): 25/116 kBProgress (1): 29/116 kBProgress (1): 33/116 kBProgress (1): 37/116 kBProgress (1): 41/116 kBProgress (1): 45/116 kBProgress (1): 49/116 kBProgress (1): 53/116 kBProgress (1): 57/116 kBProgress (1): 61/116 kBProgress (1): 66/116 kBProgress (1): 70/116 kBProgress (1): 74/116 kBProgress (1): 78/116 kBProgress (1): 82/116 kBProgress (1): 86/116 kBProgress (1): 90/116 kBProgress (1): 94/116 kBProgress (1): 98/116 kBProgress (2): 98/116 kB | 4.1/29 kBProgress (2): 102/116 kB | 4.1/29 kBProgress (3): 102/116 kB | 4.1/29 kB | 4.1/57 kBProgress (3): 106/116 kB | 4.1/29 kB | 4.1/57 kBProgress (3): 106/116 kB | 8.2/29 kB | 4.1/57 kBProgress (3): 106/116 kB | 8.2/29 kB | 8.2/57 kBProgress (3): 106/116 kB | 12/29 kB | 8.2/57 kB Progress (3): 111/116 kB | 12/29 kB | 8.2/57 kBProgress (3): 111/116 kB | 16/29 kB | 8.2/57 kBProgress (3): 111/116 kB | 16/29 kB | 12/57 kB Progress (3): 115/116 kB | 16/29 kB | 12/57 kBProgress (3): 115/116 kB | 16/29 kB | 16/57 kBProgress (3): 116 kB | 16/29 kB | 16/57 kB    Progress (3): 116 kB | 20/29 kB | 16/57 kBProgress (3): 116 kB | 20/29 kB | 20/57 kBProgress (3): 116 kB | 24/29 kB | 20/57 kBProgress (3): 116 kB | 24/29 kB | 25/57 kBProgress (3): 116 kB | 28/29 kB | 25/57 kBProgress (3): 116 kB | 28/29 kB | 29/57 kBProgress (3): 116 kB | 28/29 kB | 33/57 kBProgress (3): 116 kB | 29 kB | 33/57 kB   Progress (3): 116 kB | 29 kB | 37/57 kBProgress (3): 116 kB | 29 kB | 41/57 kBProgress (3): 116 kB | 29 kB | 45/57 kBProgress (3): 116 kB | 29 kB | 49/57 kBProgress (3): 116 kB | 29 kB | 53/57 kBProgress (3): 116 kB | 29 kB | 57 kB   Progress (4): 116 kB | 29 kB | 57 kB | 2.8/35 kBProgress (4): 116 kB | 29 kB | 57 kB | 5.5/35 kBProgress (4): 116 kB | 29 kB | 57 kB | 8.3/35 kBProgress (4): 116 kB | 29 kB | 57 kB | 11/35 kB Progress (5): 116 kB | 29 kB | 57 kB | 11/35 kB | 4.1/152 kBProgress (5): 116 kB | 29 kB | 57 kB | 14/35 kB | 4.1/152 kBProgress (5): 116 kB | 29 kB | 57 kB | 14/35 kB | 8.2/152 kBProgress (5): 116 kB | 29 kB | 57 kB | 17/35 kB | 8.2/152 kBProgress (5): 116 kB | 29 kB | 57 kB | 19/35 kB | 8.2/152 kBProgress (5): 116 kB | 29 kB | 57 kB | 22/35 kB | 8.2/152 kBProgress (5): 116 kB | 29 kB | 57 kB | 22/35 kB | 12/152 kB Progress (5): 116 kB | 29 kB | 57 kB | 25/35 kB | 12/152 kBProgress (5): 116 kB | 29 kB | 57 kB | 25/35 kB | 16/152 kBProgress (5): 116 kB | 29 kB | 57 kB | 28/35 kB | 16/152 kBProgress (5): 116 kB | 29 kB | 57 kB | 30/35 kB | 16/152 kBProgress (5): 116 kB | 29 kB | 57 kB | 30/35 kB | 20/152 kBProgress (5): 116 kB | 29 kB | 57 kB | 30/35 kB | 25/152 kBProgress (5): 116 kB | 29 kB | 57 kB | 33/35 kB | 25/152 kBProgress (5): 116 kB | 29 kB | 57 kB | 33/35 kB | 29/152 kBProgress (5): 116 kB | 29 kB | 57 kB | 33/35 kB | 33/152 kBProgress (5): 116 kB | 29 kB | 57 kB | 35 kB | 33/152 kB   Progress (5): 116 kB | 29 kB | 57 kB | 35 kB | 37/152 kBProgress (5): 116 kB | 29 kB | 57 kB | 35 kB | 41/152 kBProgress (5): 116 kB | 29 kB | 57 kB | 35 kB | 45/152 kBProgress (5): 116 kB | 29 kB | 57 kB | 35 kB | 49/152 kBProgress (5): 116 kB | 29 kB | 57 kB | 35 kB | 53/152 kBProgress (5): 116 kB | 29 kB | 57 kB | 35 kB | 57/152 kBProgress (5): 116 kB | 29 kB | 57 kB | 35 kB | 61/152 kBProgress (5): 116 kB | 29 kB | 57 kB | 35 kB | 66/152 kBProgress (5): 116 kB | 29 kB | 57 kB | 35 kB | 70/152 kBProgress (5): 116 kB | 29 kB | 57 kB | 35 kB | 74/152 kBProgress (5): 116 kB | 29 kB | 57 kB | 35 kB | 78/152 kBProgress (5): 116 kB | 29 kB | 57 kB | 35 kB | 82/152 kBProgress (5): 116 kB | 29 kB | 57 kB | 35 kB | 86/152 kBProgress (5): 116 kB | 29 kB | 57 kB | 35 kB | 90/152 kBProgress (5): 116 kB | 29 kB | 57 kB | 35 kB | 94/152 kBProgress (5): 116 kB | 29 kB | 57 kB | 35 kB | 98/152 kBProgress (5): 116 kB | 29 kB | 57 kB | 35 kB | 102/152 kBProgress (5): 116 kB | 29 kB | 57 kB | 35 kB | 106/152 kBProgress (5): 116 kB | 29 kB | 57 kB | 35 kB | 111/152 kBProgress (5): 116 kB | 29 kB | 57 kB | 35 kB | 115/152 kBProgress (5): 116 kB | 29 kB | 57 kB | 35 kB | 119/152 kBProgress (5): 116 kB | 29 kB | 57 kB | 35 kB | 123/152 kBProgress (5): 116 kB | 29 kB | 57 kB | 35 kB | 127/152 kBProgress (5): 116 kB | 29 kB | 57 kB | 35 kB | 131/152 kBProgress (5): 116 kB | 29 kB | 57 kB | 35 kB | 135/152 kBProgress (5): 116 kB | 29 kB | 57 kB | 35 kB | 139/152 kBProgress (5): 116 kB | 29 kB | 57 kB | 35 kB | 143/152 kBProgress (5): 116 kB | 29 kB | 57 kB | 35 kB | 147/152 kBProgress (5): 116 kB | 29 kB | 57 kB | 35 kB | 152/152 kBProgress (5): 116 kB | 29 kB | 57 kB | 35 kB | 152 kB                                                         Downloaded from central: https://repo.maven.apache.org/maven2/org/apache/maven/maven-plugin-registry/2.0.6/maven-plugin-registry-2.0.6.jar (29 kB at 567 kB/s)
[76e6f833-bba3-43fe-a2d3-556d80b7e78b/build]   | Downloaded from central: https://repo.maven.apache.org/maven2/org/apache/maven/maven-project/2.0.6/maven-project-2.0.6.jar (116 kB at 2.2 MB/s)
[76e6f833-bba3-43fe-a2d3-556d80b7e78b/build]   | Downloading from central: https://repo.maven.apache.org/maven2/org/apache/maven/maven-plugin-parameter-documenter/2.0.6/maven-plugin-parameter-documenter-2.0.6.jar
[76e6f833-bba3-43fe-a2d3-556d80b7e78b/build]   | Downloading from central: https://repo.maven.apache.org/maven2/org/apache/maven/reporting/maven-reporting-api/2.0.6/maven-reporting-api-2.0.6.jar
[76e6f833-bba3-43fe-a2d3-556d80b7e78b/build]   | Progress (4): 57 kB | 35 kB | 152 kB | 4.1/21 kBProgress (4): 57 kB | 35 kB | 152 kB | 8.2/21 kBProgress (4): 57 kB | 35 kB | 152 kB | 12/21 kB                                                Downloaded from central: https://repo.maven.apache.org/maven2/org/apache/maven/maven-core/2.0.6/maven-core-2.0.6.jar (152 kB at 2.8 MB/s)
[76e6f833-bba3-43fe-a2d3-556d80b7e78b/build]   | Progress (3): 57 kB | 35 kB | 16/21 kB                                      Downloading from central: https://repo.maven.apache.org/maven2/org/apache/maven/doxia/doxia-sink-api/1.0-alpha-7/doxia-sink-api-1.0-alpha-7.jar
[76e6f833-bba3-43fe-a2d3-556d80b7e78b/build]   | Progress (3): 57 kB | 35 kB | 20/21 kBProgress (3): 57 kB | 35 kB | 21 kB   Progress (4): 57 kB | 35 kB | 21 kB | 4.1/9.9 kBProgress (4): 57 kB | 35 kB | 21 kB | 8.2/9.9 kBProgress (4): 57 kB | 35 kB | 21 kB | 9.9 kB    Progress (5): 57 kB | 35 kB | 21 kB | 9.9 kB | 4.1/5.9 kBProgress (5): 57 kB | 35 kB | 21 kB | 9.9 kB | 5.9 kB                                                         Downloaded from central: https://repo.maven.apache.org/maven2/org/apache/maven/maven-profile/2.0.6/maven-profile-2.0.6.jar (35 kB at 578 kB/s)
[76e6f833-bba3-43fe-a2d3-556d80b7e78b/build]   | Downloading from central: https://repo.maven.apache.org/maven2/org/apache/maven/maven-repository-metadata/2.0.6/maven-repository-metadata-2.0.6.jar
[76e6f833-bba3-43fe-a2d3-556d80b7e78b/build]   | Downloaded from central: https://repo.maven.apache.org/maven2/org/apache/maven/maven-artifact-manager/2.0.6/maven-artifact-manager-2.0.6.jar (57 kB at 926 kB/s)
[76e6f833-bba3-43fe-a2d3-556d80b7e78b/build]   | Downloading from central: https://repo.maven.apache.org/maven2/org/apache/maven/maven-error-diagnostics/2.0.6/maven-error-diagnostics-2.0.6.jar
[76e6f833-bba3-43fe-a2d3-556d80b7e78b/build]   | Progress (4): 21 kB | 9.9 kB | 5.9 kB | 4.1/24 kBProgress (4): 21 kB | 9.9 kB | 5.9 kB | 8.2/24 kBProgress (4): 21 kB | 9.9 kB | 5.9 kB | 12/24 kB Progress (4): 21 kB | 9.9 kB | 5.9 kB | 16/24 kBProgress (5): 21 kB | 9.9 kB | 5.9 kB | 16/24 kB | 4.1/14 kBProgress (5): 21 kB | 9.9 kB | 5.9 kB | 20/24 kB | 4.1/14 kBProgress (5): 21 kB | 9.9 kB | 5.9 kB | 24/24 kB | 4.1/14 kBProgress (5): 21 kB | 9.9 kB | 5.9 kB | 24/24 kB | 8.2/14 kBProgress (5): 21 kB | 9.9 kB | 5.9 kB | 24 kB | 8.2/14 kB   Progress (5): 21 kB | 9.9 kB | 5.9 kB | 24 kB | 12/14 kB Progress (5): 21 kB | 9.9 kB | 5.9 kB | 24 kB | 14 kB                                                        Downloaded from central: https://repo.maven.apache.org/maven2/org/apache/maven/maven-plugin-parameter-documenter/2.0.6/maven-plugin-parameter-documenter-2.0.6.jar (21 kB at 263 kB/s)
[76e6f833-bba3-43fe-a2d3-556d80b7e78b/build]   | Downloading from central: https://repo.maven.apache.org/maven2/commons-cli/commons-cli/1.0/commons-cli-1.0.jar
[76e6f833-bba3-43fe-a2d3-556d80b7e78b/build]   | Downloaded from central: https://repo.maven.apache.org/maven2/org/apache/maven/reporting/maven-reporting-api/2.0.6/maven-reporting-api-2.0.6.jar (9.9 kB at 121 kB/s)
[76e6f833-bba3-43fe-a2d3-556d80b7e78b/build]   | Downloading from central: https://repo.maven.apache.org/maven2/org/apache/maven/maven-plugin-descriptor/2.0.6/maven-plugin-descriptor-2.0.6.jar
[76e6f833-bba3-43fe-a2d3-556d80b7e78b/build]   | Downloaded from central: https://repo.maven.apache.org/maven2/org/apache/maven/doxia/doxia-sink-api/1.0-alpha-7/doxia-sink-api-1.0-alpha-7.jar (5.9 kB at 71 kB/s)
[76e6f833-bba3-43fe-a2d3-556d80b7e78b/build]   | Downloading from central: https://repo.maven.apache.org/maven2/org/codehaus/plexus/plexus-interactivity-api/1.0-alpha-4/plexus-interactivity-api-1.0-alpha-4.jar
[76e6f833-bba3-43fe-a2d3-556d80b7e78b/build]   | Progress (3): 24 kB | 14 kB | 4.1/37 kBProgress (3): 24 kB | 14 kB | 8.2/37 kBProgress (3): 24 kB | 14 kB | 12/37 kB Progress (3): 24 kB | 14 kB | 16/37 kBProgress (3): 24 kB | 14 kB | 20/37 kBProgress (3): 24 kB | 14 kB | 25/37 kBProgress (3): 24 kB | 14 kB | 29/37 kB                                      Downloaded from central: https://repo.maven.apache.org/maven2/org/apache/maven/maven-repository-metadata/2.0.6/maven-repository-metadata-2.0.6.jar (24 kB at 285 kB/s)
[76e6f833-bba3-43fe-a2d3-556d80b7e78b/build]   | Progress (2): 14 kB | 33/37 kB                              Downloading from central: https://repo.maven.apache.org/maven2/classworlds/classworlds/1.1/classworlds-1.1.jar
[76e6f833-bba3-43fe-a2d3-556d80b7e78b/build]   | Progress (2): 14 kB | 37/37 kBProgress (2): 14 kB | 37 kB   Progress (3): 14 kB | 37 kB | 4.1/13 kBProgress (3): 14 kB | 37 kB | 8.2/13 kBProgress (3): 14 kB | 37 kB | 12/13 kB Progress (3): 14 kB | 37 kB | 13 kB   Progress (4): 14 kB | 37 kB | 13 kB | 4.1/38 kB                                               Downloaded from central: https://repo.maven.apache.org/maven2/org/apache/maven/maven-error-diagnostics/2.0.6/maven-error-diagnostics-2.0.6.jar (14 kB at 151 kB/s)
[76e6f833-bba3-43fe-a2d3-556d80b7e78b/build]   | Progress (3): 37 kB | 13 kB | 8.2/38 kB                                       Downloading from central: https://repo.maven.apache.org/maven2/org/apache/maven/maven-artifact/2.0.6/maven-artifact-2.0.6.jar
[76e6f833-bba3-43fe-a2d3-556d80b7e78b/build]   | Progress (3): 37 kB | 13 kB | 12/38 kBProgress (3): 37 kB | 13 kB | 16/38 kBProgress (3): 37 kB | 13 kB | 20/38 kBProgress (3): 37 kB | 13 kB | 25/38 kBProgress (3): 37 kB | 13 kB | 29/38 kBProgress (4): 37 kB | 13 kB | 29/38 kB | 4.1/30 kBProgress (4): 37 kB | 13 kB | 33/38 kB | 4.1/30 kBProgress (4): 37 kB | 13 kB | 33/38 kB | 8.2/30 kBProgress (4): 37 kB | 13 kB | 37/38 kB | 8.2/30 kBProgress (4): 37 kB | 13 kB | 37/38 kB | 12/30 kB Progress (4): 37 kB | 13 kB | 38 kB | 12/30 kB   Progress (4): 37 kB | 13 kB | 38 kB | 16/30 kBProgress (4): 37 kB | 13 kB | 38 kB | 20/30 kBProgress (4): 37 kB | 13 kB | 38 kB | 24/30 kBProgress (4): 37 kB | 13 kB | 38 kB | 28/30 kBProgress (4): 37 kB | 13 kB | 38 kB | 30 kB   Progress (5): 37 kB | 13 kB | 38 kB | 30 kB | 4.1/87 kBProgress (5): 37 kB | 13 kB | 38 kB | 30 kB | 8.2/87 kBProgress (5): 37 kB | 13 kB | 38 kB | 30 kB | 12/87 kB Progress (5): 37 kB | 13 kB | 38 kB | 30 kB | 16/87 kBProgress (5): 37 kB | 13 kB | 38 kB | 30 kB | 20/87 kBProgress (5): 37 kB | 13 kB | 38 kB | 30 kB | 25/87 kBProgress (5): 37 kB | 13 kB | 38 kB | 30 kB | 29/87 kBProgress (5): 37 kB | 13 kB | 38 kB | 30 kB | 33/87 kBProgress (5): 37 kB | 13 kB | 38 kB | 30 kB | 37/87 kBProgress (5): 37 kB | 13 kB | 38 kB | 30 kB | 41/87 kBProgress (5): 37 kB | 13 kB | 38 kB | 30 kB | 45/87 kBProgress (5): 37 kB | 13 kB | 38 kB | 30 kB | 49/87 kBProgress (5): 37 kB | 13 kB | 38 kB | 30 kB | 53/87 kBProgress (5): 37 kB | 13 kB | 38 kB | 30 kB | 57/87 kBProgress (5): 37 kB | 13 kB | 38 kB | 30 kB | 61/87 kBProgress (5): 37 kB | 13 kB | 38 kB | 30 kB | 66/87 kBProgress (5): 37 kB | 13 kB | 38 kB | 30 kB | 70/87 kBProgress (5): 37 kB | 13 kB | 38 kB | 30 kB | 74/87 kBProgress (5): 37 kB | 13 kB | 38 kB | 30 kB | 78/87 kBProgress (5): 37 kB | 13 kB | 38 kB | 30 kB | 82/87 kBProgress (5): 37 kB | 13 kB | 38 kB | 30 kB | 86/87 kBProgress (5): 37 kB | 13 kB | 38 kB | 30 kB | 87 kB                                                      Downloaded from central: https://repo.maven.apache.org/maven2/org/apache/maven/maven-plugin-descriptor/2.0.6/maven-plugin-descriptor-2.0.6.jar (37 kB at 315 kB/s)
[76e6f833-bba3-43fe-a2d3-556d80b7e78b/build]   | Downloading from central: https://repo.maven.apache.org/maven2/org/apache/maven/maven-settings/2.0.6/maven-settings-2.0.6.jar
[76e6f833-bba3-43fe-a2d3-556d80b7e78b/build]   | Downloaded from central: https://repo.maven.apache.org/maven2/org/codehaus/plexus/plexus-interactivity-api/1.0-alpha-4/plexus-interactivity-api-1.0-alpha-4.jar (13 kB at 114 kB/s)
[76e6f833-bba3-43fe-a2d3-556d80b7e78b/build]   | Downloading from central: https://repo.maven.apache.org/maven2/org/apache/maven/maven-model/2.0.6/maven-model-2.0.6.jar
[76e6f833-bba3-43fe-a2d3-556d80b7e78b/build]   | Progress (4): 38 kB | 30 kB | 87 kB | 4.1/49 kBProgress (4): 38 kB | 30 kB | 87 kB | 8.2/49 kBProgress (4): 38 kB | 30 kB | 87 kB | 12/49 kB Progress (4): 38 kB | 30 kB | 87 kB | 16/49 kBProgress (4): 38 kB | 30 kB | 87 kB | 20/49 kBProgress (4): 38 kB | 30 kB | 87 kB | 25/49 kBProgress (4): 38 kB | 30 kB | 87 kB | 29/49 kBProgress (4): 38 kB | 30 kB | 87 kB | 33/49 kBProgress (4): 38 kB | 30 kB | 87 kB | 37/49 kBProgress (5): 38 kB | 30 kB | 87 kB | 37/49 kB | 4.1/86 kBProgress (5): 38 kB | 30 kB | 87 kB | 41/49 kB | 4.1/86 kBProgress (5): 38 kB | 30 kB | 87 kB | 45/49 kB | 4.1/86 kBProgress (5): 38 kB | 30 kB | 87 kB | 45/49 kB | 8.2/86 kBProgress (5): 38 kB | 30 kB | 87 kB | 49 kB | 8.2/86 kB   Progress (5): 38 kB | 30 kB | 87 kB | 49 kB | 12/86 kB Progress (5): 38 kB | 30 kB | 87 kB | 49 kB | 16/86 kBProgress (5): 38 kB | 30 kB | 87 kB | 49 kB | 20/86 kBProgress (5): 38 kB | 30 kB | 87 kB | 49 kB | 24/86 kBProgress (5): 38 kB | 30 kB | 87 kB | 49 kB | 28/86 kBProgress (5): 38 kB | 30 kB | 87 kB | 49 kB | 32/86 kBProgress (5): 38 kB | 30 kB | 87 kB | 49 kB | 36/86 kBProgress (5): 38 kB | 30 kB | 87 kB | 49 kB | 40/86 kBProgress (5): 38 kB | 30 kB | 87 kB | 49 kB | 44/86 kBProgress (5): 38 kB | 30 kB | 87 kB | 49 kB | 49/86 kB                                                      Downloaded from central: https://repo.maven.apache.org/maven2/classworlds/classworlds/1.1/classworlds-1.1.jar (38 kB at 305 kB/s)
[76e6f833-bba3-43fe-a2d3-556d80b7e78b/build]   | Progress (4): 30 kB | 87 kB | 49 kB | 53/86 kB                                              Downloading from central: https://repo.maven.apache.org/maven2/org/apache/maven/maven-monitor/2.0.6/maven-monitor-2.0.6.jar
[76e6f833-bba3-43fe-a2d3-556d80b7e78b/build]   | Progress (4): 30 kB | 87 kB | 49 kB | 57/86 kBProgress (4): 30 kB | 87 kB | 49 kB | 61/86 kBProgress (4): 30 kB | 87 kB | 49 kB | 65/86 kBProgress (4): 30 kB | 87 kB | 49 kB | 69/86 kBProgress (4): 30 kB | 87 kB | 49 kB | 73/86 kBProgress (4): 30 kB | 87 kB | 49 kB | 77/86 kBProgress (4): 30 kB | 87 kB | 49 kB | 81/86 kBProgress (4): 30 kB | 87 kB | 49 kB | 85/86 kBProgress (4): 30 kB | 87 kB | 49 kB | 86 kB                                              Downloaded from central: https://repo.maven.apache.org/maven2/commons-cli/commons-cli/1.0/commons-cli-1.0.jar (30 kB at 239 kB/s)
[76e6f833-bba3-43fe-a2d3-556d80b7e78b/build]   | Downloading from central: https://repo.maven.apache.org/maven2/org/codehaus/plexus/plexus-container-default/1.0-alpha-9-stable-1/plexus-container-default-1.0-alpha-9-stable-1.jar
[76e6f833-bba3-43fe-a2d3-556d80b7e78b/build]   | Progress (4): 87 kB | 49 kB | 86 kB | 4.1/10 kBProgress (4): 87 kB | 49 kB | 86 kB | 8.2/10 kBProgress (4): 87 kB | 49 kB | 86 kB | 10 kB                                               Downloaded from central: https://repo.maven.apache.org/maven2/org/apache/maven/maven-artifact/2.0.6/maven-artifact-2.0.6.jar (87 kB at 682 kB/s)
[76e6f833-bba3-43fe-a2d3-556d80b7e78b/build]   | Downloading from central: https://repo.maven.apache.org/maven2/junit/junit/3.8.1/junit-3.8.1.jar
[76e6f833-bba3-43fe-a2d3-556d80b7e78b/build]   | Progress (4): 49 kB | 86 kB | 10 kB | 4.1/194 kBProgress (4): 49 kB | 86 kB | 10 kB | 8.2/194 kBProgress (4): 49 kB | 86 kB | 10 kB | 12/194 kB Progress (4): 49 kB | 86 kB | 10 kB | 16/194 kBProgress (4): 49 kB | 86 kB | 10 kB | 20/194 kBProgress (4): 49 kB | 86 kB | 10 kB | 24/194 kBProgress (4): 49 kB | 86 kB | 10 kB | 28/194 kBProgress (4): 49 kB | 86 kB | 10 kB | 32/194 kBProgress (4): 49 kB | 86 kB | 10 kB | 36/194 kBProgress (5): 49 kB | 86 kB | 10 kB | 36/194 kB | 4.1/121 kBProgress (5): 49 kB | 86 kB | 10 kB | 40/194 kB | 4.1/121 kBProgress (5): 49 kB | 86 kB | 10 kB | 40/194 kB | 8.2/121 kBProgress (5): 49 kB | 86 kB | 10 kB | 44/194 kB | 8.2/121 kBProgress (5): 49 kB | 86 kB | 10 kB | 44/194 kB | 12/121 kB Progress (5): 49 kB | 86 kB | 10 kB | 49/194 kB | 12/121 kBProgress (5): 49 kB | 86 kB | 10 kB | 49/194 kB | 16/121 kBProgress (5): 49 kB | 86 kB | 10 kB | 53/194 kB | 16/121 kBProgress (5): 49 kB | 86 kB | 10 kB | 53/194 kB | 20/121 kBProgress (5): 49 kB | 86 kB | 10 kB | 57/194 kB | 20/121 kBProgress (5): 49 kB | 86 kB | 10 kB | 57/194 kB | 25/121 kBProgress (5): 49 kB | 86 kB | 10 kB | 61/194 kB | 25/121 kBProgress (5): 49 kB | 86 kB | 10 kB | 61/194 kB | 29/121 kBProgress (5): 49 kB | 86 kB | 10 kB | 65/194 kB | 29/121 kBProgress (5): 49 kB | 86 kB | 10 kB | 65/194 kB | 33/121 kBProgress (5): 49 kB | 86 kB | 10 kB | 65/194 kB | 37/121 kBProgress (5): 49 kB | 86 kB | 10 kB | 69/194 kB | 37/121 kBProgress (5): 49 kB | 86 kB | 10 kB | 73/194 kB | 37/121 kBProgress (5): 49 kB | 86 kB | 10 kB | 77/194 kB | 37/121 kBProgress (5): 49 kB | 86 kB | 10 kB | 77/194 kB | 41/121 kBProgress (5): 49 kB | 86 kB | 10 kB | 81/194 kB | 41/121 kBProgress (5): 49 kB | 86 kB | 10 kB | 81/194 kB | 45/121 kBProgress (5): 49 kB | 86 kB | 10 kB | 81/194 kB | 49/121 kBProgress (5): 49 kB | 86 kB | 10 kB | 81/194 kB | 53/121 kBProgress (5): 49 kB | 86 kB | 10 kB | 85/194 kB | 53/121 kBProgress (5): 49 kB | 86 kB | 10 kB | 90/194 kB | 53/121 kBProgress (5): 49 kB | 86 kB | 10 kB | 94/194 kB | 53/121 kBProgress (5): 49 kB | 86 kB | 10 kB | 94/194 kB | 57/121 kBProgress (5): 49 kB | 86 kB | 10 kB | 98/194 kB | 57/121 kBProgress (5): 49 kB | 86 kB | 10 kB | 98/194 kB | 61/121 kBProgress (5): 49 kB | 86 kB | 10 kB | 98/194 kB | 65/121 kBProgress (5): 49 kB | 86 kB | 10 kB | 98/194 kB | 69/121 kBProgress (5): 49 kB | 86 kB | 10 kB | 102/194 kB | 69/121 kBProgress (5): 49 kB | 86 kB | 10 kB | 106/194 kB | 69/121 kBProgress (5): 49 kB | 86 kB | 10 kB | 110/194 kB | 69/121 kBProgress (5): 49 kB | 86 kB | 10 kB | 110/194 kB | 73/121 kBProgress (5): 49 kB | 86 kB | 10 kB | 114/194 kB | 73/121 kBProgress (5): 49 kB | 86 kB | 10 kB | 114/194 kB | 78/121 kBProgress (5): 49 kB | 86 kB | 10 kB | 114/194 kB | 82/121 kBProgress (5): 49 kB | 86 kB | 10 kB | 114/194 kB | 86/121 kBProgress (5): 49 kB | 86 kB | 10 kB | 118/194 kB | 86/121 kBProgress (5): 49 kB | 86 kB | 10 kB | 122/194 kB | 86/121 kBProgress (5): 49 kB | 86 kB | 10 kB | 126/194 kB | 86/121 kBProgress (5): 49 kB | 86 kB | 10 kB | 126/194 kB | 90/121 kBProgress (5): 49 kB | 86 kB | 10 kB | 130/194 kB | 90/121 kBProgress (5): 49 kB | 86 kB | 10 kB | 130/194 kB | 94/121 kBProgress (5): 49 kB | 86 kB | 10 kB | 130/194 kB | 98/121 kBProgress (5): 49 kB | 86 kB | 10 kB | 130/194 kB | 102/121 kBProgress (5): 49 kB | 86 kB | 10 kB | 135/194 kB | 102/121 kBProgress (5): 49 kB | 86 kB | 10 kB | 139/194 kB | 102/121 kBProgress (5): 49 kB | 86 kB | 10 kB | 143/194 kB | 102/121 kBProgress (5): 49 kB | 86 kB | 10 kB | 143/194 kB | 106/121 kBProgress (5): 49 kB | 86 kB | 10 kB | 147/194 kB | 106/121 kBProgress (5): 49 kB | 86 kB | 10 kB | 147/194 kB | 110/121 kBProgress (5): 49 kB | 86 kB | 10 kB | 147/194 kB | 114/121 kBProgress (5): 49 kB | 86 kB | 10 kB | 147/194 kB | 118/121 kBProgress (5): 49 kB | 86 kB | 10 kB | 151/194 kB | 118/121 kBProgress (5): 49 kB | 86 kB | 10 kB | 151/194 kB | 121 kB    Progress (5): 49 kB | 86 kB | 10 kB | 155/194 kB | 121 kBProgress (5): 49 kB | 86 kB | 10 kB | 159/194 kB | 121 kBProgress (5): 49 kB | 86 kB | 10 kB | 163/194 kB | 121 kBProgress (5): 49 kB | 86 kB | 10 kB | 167/194 kB | 121 kBProgress (5): 49 kB | 86 kB | 10 kB | 171/194 kB | 121 kBProgress (5): 49 kB | 86 kB | 10 kB | 176/194 kB | 121 kBProgress (5): 49 kB | 86 kB | 10 kB | 180/194 kB | 121 kBProgress (5): 49 kB | 86 kB | 10 kB | 184/194 kB | 121 kBProgress (5): 49 kB | 86 kB | 10 kB | 188/194 kB | 121 kBProgress (5): 49 kB | 86 kB | 10 kB | 192/194 kB | 121 kBProgress (5): 49 kB | 86 kB | 10 kB | 194 kB | 121 kB                                                         Downloaded from central: https://repo.maven.apache.org/maven2/org/apache/maven/maven-settings/2.0.6/maven-settings-2.0.6.jar (49 kB at 327 kB/s)
[76e6f833-bba3-43fe-a2d3-556d80b7e78b/build]   | Downloading from central: https://repo.maven.apache.org/maven2/org/codehaus/plexus/plexus-utils/2.0.5/plexus-utils-2.0.5.jar
[76e6f833-bba3-43fe-a2d3-556d80b7e78b/build]   | Downloaded from central: https://repo.maven.apache.org/maven2/org/apache/maven/maven-model/2.0.6/maven-model-2.0.6.jar (86 kB at 561 kB/s)
[76e6f833-bba3-43fe-a2d3-556d80b7e78b/build]   | Downloading from central: https://repo.maven.apache.org/maven2/org/apache/maven/shared/maven-filtering/1.1/maven-filtering-1.1.jar
[76e6f833-bba3-43fe-a2d3-556d80b7e78b/build]   | Progress (4): 10 kB | 194 kB | 121 kB | 4.1/223 kBProgress (4): 10 kB | 194 kB | 121 kB | 8.2/223 kBProgress (4): 10 kB | 194 kB | 121 kB | 12/223 kB Progress (4): 10 kB | 194 kB | 121 kB | 16/223 kBProgress (4): 10 kB | 194 kB | 121 kB | 20/223 kBProgress (4): 10 kB | 194 kB | 121 kB | 24/223 kBProgress (4): 10 kB | 194 kB | 121 kB | 28/223 kBProgress (4): 10 kB | 194 kB | 121 kB | 32/223 kBProgress (4): 10 kB | 194 kB | 121 kB | 36/223 kBProgress (4): 10 kB | 194 kB | 121 kB | 40/223 kBProgress (4): 10 kB | 194 kB | 121 kB | 44/223 kBProgress (4): 10 kB | 194 kB | 121 kB | 49/223 kBProgress (4): 10 kB | 194 kB | 121 kB | 53/223 kBProgress (4): 10 kB | 194 kB | 121 kB | 57/223 kBProgress (4): 10 kB | 194 kB | 121 kB | 61/223 kBProgress (4): 10 kB | 194 kB | 121 kB | 65/223 kBProgress (4): 10 kB | 194 kB | 121 kB | 69/223 kBProgress (5): 10 kB | 194 kB | 121 kB | 69/223 kB | 4.1/43 kBProgress (5): 10 kB | 194 kB | 121 kB | 73/223 kB | 4.1/43 kBProgress (5): 10 kB | 194 kB | 121 kB | 73/223 kB | 8.2/43 kBProgress (5): 10 kB | 194 kB | 121 kB | 77/223 kB | 8.2/43 kBProgress (5): 10 kB | 194 kB | 121 kB | 77/223 kB | 12/43 kB Progress (5): 10 kB | 194 kB | 121 kB | 81/223 kB | 12/43 kBProgress (5): 10 kB | 194 kB | 121 kB | 81/223 kB | 16/43 kBProgress (5): 10 kB | 194 kB | 121 kB | 85/223 kB | 16/43 kBProgress (5): 10 kB | 194 kB | 121 kB | 85/223 kB | 20/43 kBProgress (5): 10 kB | 194 kB | 121 kB | 90/223 kB | 20/43 kBProgress (5): 10 kB | 194 kB | 121 kB | 90/223 kB | 25/43 kBProgress (5): 10 kB | 194 kB | 121 kB | 94/223 kB | 25/43 kBProgress (5): 10 kB | 194 kB | 121 kB | 94/223 kB | 29/43 kBProgress (5): 10 kB | 194 kB | 121 kB | 98/223 kB | 29/43 kBProgress (5): 10 kB | 194 kB | 121 kB | 98/223 kB | 33/43 kBProgress (5): 10 kB | 194 kB | 121 kB | 98/223 kB | 37/43 kBProgress (5): 10 kB | 194 kB | 121 kB | 102/223 kB | 37/43 kBProgress (5): 10 kB | 194 kB | 121 kB | 102/223 kB | 41/43 kBProgress (5): 10 kB | 194 kB | 121 kB | 106/223 kB | 41/43 kBProgress (5): 10 kB | 194 kB | 121 kB | 106/223 kB | 43 kB   Progress (5): 10 kB | 194 kB | 121 kB | 110/223 kB | 43 kBProgress (5): 10 kB | 194 kB | 121 kB | 114/223 kB | 43 kBProgress (5): 10 kB | 194 kB | 121 kB | 118/223 kB | 43 kBProgress (5): 10 kB | 194 kB | 121 kB | 122/223 kB | 43 kBProgress (5): 10 kB | 194 kB | 121 kB | 126/223 kB | 43 kBProgress (5): 10 kB | 194 kB | 121 kB | 130/223 kB | 43 kB                                                          Downloaded from central: https://repo.maven.apache.org/maven2/org/apache/maven/maven-monitor/2.0.6/maven-monitor-2.0.6.jar (10 kB at 64 kB/s)
[76e6f833-bba3-43fe-a2d3-556d80b7e78b/build]   | Progress (4): 194 kB | 121 kB | 135/223 kB | 43 kB                                                  Downloading from central: https://repo.maven.apache.org/maven2/org/sonatype/plexus/plexus-build-api/0.0.4/plexus-build-api-0.0.4.jar
[76e6f833-bba3-43fe-a2d3-556d80b7e78b/build]   | Progress (4): 194 kB | 121 kB | 139/223 kB | 43 kBProgress (4): 194 kB | 121 kB | 143/223 kB | 43 kBProgress (4): 194 kB | 121 kB | 147/223 kB | 43 kBProgress (4): 194 kB | 121 kB | 151/223 kB | 43 kBProgress (4): 194 kB | 121 kB | 155/223 kB | 43 kBProgress (4): 194 kB | 121 kB | 159/223 kB | 43 kBProgress (4): 194 kB | 121 kB | 163/223 kB | 43 kBProgress (4): 194 kB | 121 kB | 167/223 kB | 43 kBProgress (4): 194 kB | 121 kB | 171/223 kB | 43 kBProgress (4): 194 kB | 121 kB | 176/223 kB | 43 kBProgress (4): 194 kB | 121 kB | 180/223 kB | 43 kBProgress (4): 194 kB | 121 kB | 184/223 kB | 43 kBProgress (4): 194 kB | 121 kB | 188/223 kB | 43 kBProgress (4): 194 kB | 121 kB | 192/223 kB | 43 kBProgress (4): 194 kB | 121 kB | 196/223 kB | 43 kBProgress (4): 194 kB | 121 kB | 200/223 kB | 43 kBProgress (4): 194 kB | 121 kB | 204/223 kB | 43 kBProgress (4): 194 kB | 121 kB | 208/223 kB | 43 kBProgress (4): 194 kB | 121 kB | 212/223 kB | 43 kBProgress (4): 194 kB | 121 kB | 217/223 kB | 43 kBProgress (4): 194 kB | 121 kB | 221/223 kB | 43 kBProgress (4): 194 kB | 121 kB | 223 kB | 43 kB    Progress (5): 194 kB | 121 kB | 223 kB | 43 kB | 4.1/6.8 kBProgress (5): 194 kB | 121 kB | 223 kB | 43 kB | 6.8 kB                                                           Downloaded from central: https://repo.maven.apache.org/maven2/org/codehaus/plexus/plexus-container-default/1.0-alpha-9-stable-1/plexus-container-default-1.0-alpha-9-stable-1.jar (194 kB at 1.2 MB/s)
[76e6f833-bba3-43fe-a2d3-556d80b7e78b/build]   | Downloading from central: https://repo.maven.apache.org/maven2/org/codehaus/plexus/plexus-interpolation/1.13/plexus-interpolation-1.13.jar
[76e6f833-bba3-43fe-a2d3-556d80b7e78b/build]   | Downloaded from central: https://repo.maven.apache.org/maven2/junit/junit/3.8.1/junit-3.8.1.jar (121 kB at 721 kB/s)
[76e6f833-bba3-43fe-a2d3-556d80b7e78b/build]   | Progress (4): 223 kB | 43 kB | 6.8 kB | 4.1/61 kBProgress (4): 223 kB | 43 kB | 6.8 kB | 8.2/61 kBProgress (4): 223 kB | 43 kB | 6.8 kB | 12/61 kB Progress (4): 223 kB | 43 kB | 6.8 kB | 16/61 kBProgress (4): 223 kB | 43 kB | 6.8 kB | 20/61 kBProgress (4): 223 kB | 43 kB | 6.8 kB | 25/61 kBProgress (4): 223 kB | 43 kB | 6.8 kB | 29/61 kBProgress (4): 223 kB | 43 kB | 6.8 kB | 33/61 kBProgress (4): 223 kB | 43 kB | 6.8 kB | 37/61 kBProgress (4): 223 kB | 43 kB | 6.8 kB | 41/61 kBProgress (4): 223 kB | 43 kB | 6.8 kB | 45/61 kBProgress (4): 223 kB | 43 kB | 6.8 kB | 49/61 kBProgress (4): 223 kB | 43 kB | 6.8 kB | 53/61 kBProgress (4): 223 kB | 43 kB | 6.8 kB | 57/61 kBProgress (4): 223 kB | 43 kB | 6.8 kB | 61 kB                                                Downloaded from central: https://repo.maven.apache.org/maven2/org/apache/maven/shared/maven-filtering/1.1/maven-filtering-1.1.jar (43 kB at 225 kB/s)
[76e6f833-bba3-43fe-a2d3-556d80b7e78b/build]   | Downloaded from central: https://repo.maven.apache.org/maven2/org/codehaus/plexus/plexus-utils/2.0.5/plexus-utils-2.0.5.jar (223 kB at 1.1 MB/s)
[76e6f833-bba3-43fe-a2d3-556d80b7e78b/build]   | Downloaded from central: https://repo.maven.apache.org/maven2/org/sonatype/plexus/plexus-build-api/0.0.4/plexus-build-api-0.0.4.jar (6.8 kB at 35 kB/s)
[76e6f833-bba3-43fe-a2d3-556d80b7e78b/build]   | Downloaded from central: https://repo.maven.apache.org/maven2/org/codehaus/plexus/plexus-interpolation/1.13/plexus-interpolation-1.13.jar (61 kB at 294 kB/s)
[76e6f833-bba3-43fe-a2d3-556d80b7e78b/build]   | [WARNING] Using platform encoding (UTF-8 actually) to copy filtered resources, i.e. build is platform dependent!
[76e6f833-bba3-43fe-a2d3-556d80b7e78b/build]   | [INFO] skip non existing resourceDirectory /tmp/254a46a6-e79f-42c2-9394-a9c012e14999/src/main/resources
[76e6f833-bba3-43fe-a2d3-556d80b7e78b/build]   | [INFO] 
[76e6f833-bba3-43fe-a2d3-556d80b7e78b/build]   | [INFO] --- maven-compiler-plugin:3.10.1:compile (default-compile) @ sped ---
[76e6f833-bba3-43fe-a2d3-556d80b7e78b/build]   | Downloading from central: https://repo.maven.apache.org/maven2/org/apache/maven/shared/maven-shared-utils/3.3.4/maven-shared-utils-3.3.4.pom
[76e6f833-bba3-43fe-a2d3-556d80b7e78b/build]   | Progress (1): 4.1/5.8 kBProgress (1): 5.8 kB                        Downloaded from central: https://repo.maven.apache.org/maven2/org/apache/maven/shared/maven-shared-utils/3.3.4/maven-shared-utils-3.3.4.pom (5.8 kB at 265 kB/s)
[76e6f833-bba3-43fe-a2d3-556d80b7e78b/build]   | Downloading from central: https://repo.maven.apache.org/maven2/org/apache/maven/shared/maven-shared-components/34/maven-shared-components-34.pom
[76e6f833-bba3-43fe-a2d3-556d80b7e78b/build]   | Progress (1): 4.1/5.1 kBProgress (1): 5.1 kB                        Downloaded from central: https://repo.maven.apache.org/maven2/org/apache/maven/shared/maven-shared-components/34/maven-shared-components-34.pom (5.1 kB at 243 kB/s)
[76e6f833-bba3-43fe-a2d3-556d80b7e78b/build]   | Downloading from central: https://repo.maven.apache.org/maven2/commons-io/commons-io/2.6/commons-io-2.6.pom
[76e6f833-bba3-43fe-a2d3-556d80b7e78b/build]   | Progress (1): 4.1/14 kBProgress (1): 8.2/14 kBProgress (1): 12/14 kB Progress (1): 14 kB                      Downloaded from central: https://repo.maven.apache.org/maven2/commons-io/commons-io/2.6/commons-io-2.6.pom (14 kB at 792 kB/s)
[76e6f833-bba3-43fe-a2d3-556d80b7e78b/build]   | Downloading from central: https://repo.maven.apache.org/maven2/org/apache/commons/commons-parent/42/commons-parent-42.pom
[76e6f833-bba3-43fe-a2d3-556d80b7e78b/build]   | Progress (1): 4.1/68 kBProgress (1): 8.2/68 kBProgress (1): 12/68 kB Progress (1): 16/68 kBProgress (1): 20/68 kBProgress (1): 24/68 kBProgress (1): 28/68 kBProgress (1): 32/68 kBProgress (1): 36/68 kBProgress (1): 40/68 kBProgress (1): 45/68 kBProgress (1): 49/68 kBProgress (1): 53/68 kBProgress (1): 57/68 kBProgress (1): 61/68 kBProgress (1): 65/68 kBProgress (1): 68 kB                      Downloaded from central: https://repo.maven.apache.org/maven2/org/apache/commons/commons-parent/42/commons-parent-42.pom (68 kB at 4.2 MB/s)
[76e6f833-bba3-43fe-a2d3-556d80b7e78b/build]   | Downloading from central: https://repo.maven.apache.org/maven2/org/apache/apache/18/apache-18.pom
[76e6f833-bba3-43fe-a2d3-556d80b7e78b/build]   | Progress (1): 4.1/16 kBProgress (1): 8.2/16 kBProgress (1): 12/16 kB Progress (1): 16 kB                      Downloaded from central: https://repo.maven.apache.org/maven2/org/apache/apache/18/apache-18.pom (16 kB at 783 kB/s)
[76e6f833-bba3-43fe-a2d3-556d80b7e78b/build]   | Downloading from central: https://repo.maven.apache.org/maven2/org/apache/maven/shared/maven-shared-incremental/1.1/maven-shared-incremental-1.1.pom
[76e6f833-bba3-43fe-a2d3-556d80b7e78b/build]   | Progress (1): 4.1/4.7 kBProgress (1): 4.7 kB                        Downloaded from central: https://repo.maven.apache.org/maven2/org/apache/maven/shared/maven-shared-incremental/1.1/maven-shared-incremental-1.1.pom (4.7 kB at 250 kB/s)
[76e6f833-bba3-43fe-a2d3-556d80b7e78b/build]   | Downloading from central: https://repo.maven.apache.org/maven2/org/apache/maven/shared/maven-shared-components/19/maven-shared-components-19.pom
[76e6f833-bba3-43fe-a2d3-556d80b7e78b/build]   | Progress (1): 4.1/6.4 kBProgress (1): 6.4 kB                        Downloaded from central: https://repo.maven.apache.org/maven2/org/apache/maven/shared/maven-shared-components/19/maven-shared-components-19.pom (6.4 kB at 193 kB/s)
[76e6f833-bba3-43fe-a2d3-556d80b7e78b/build]   | Downloading from central: https://repo.maven.apache.org/maven2/org/apache/maven/maven-parent/23/maven-parent-23.pom
[76e6f833-bba3-43fe-a2d3-556d80b7e78b/build]   | Progress (1): 4.1/33 kBProgress (1): 8.2/33 kBProgress (1): 12/33 kB Progress (1): 16/33 kBProgress (1): 20/33 kBProgress (1): 25/33 kBProgress (1): 29/33 kBProgress (1): 33 kB                      Downloaded from central: https://repo.maven.apache.org/maven2/org/apache/maven/maven-parent/23/maven-parent-23.pom (33 kB at 1.0 MB/s)
[76e6f833-bba3-43fe-a2d3-556d80b7e78b/build]   | Downloading from central: https://repo.maven.apache.org/maven2/org/apache/apache/13/apache-13.pom
[76e6f833-bba3-43fe-a2d3-556d80b7e78b/build]   | Progress (1): 4.1/14 kBProgress (1): 8.2/14 kBProgress (1): 12/14 kB Progress (1): 14 kB                      Downloaded from central: https://repo.maven.apache.org/maven2/org/apache/apache/13/apache-13.pom (14 kB at 932 kB/s)
[76e6f833-bba3-43fe-a2d3-556d80b7e78b/build]   | Downloading from central: https://repo.maven.apache.org/maven2/org/codehaus/plexus/plexus-component-annotations/2.0.0/plexus-component-annotations-2.0.0.pom
[76e6f833-bba3-43fe-a2d3-556d80b7e78b/build]   | Progress (1): 750 B                   Downloaded from central: https://repo.maven.apache.org/maven2/org/codehaus/plexus/plexus-component-annotations/2.0.0/plexus-component-annotations-2.0.0.pom (750 B at 44 kB/s)
[76e6f833-bba3-43fe-a2d3-556d80b7e78b/build]   | Downloading from central: https://repo.maven.apache.org/maven2/org/codehaus/plexus/plexus-containers/2.0.0/plexus-containers-2.0.0.pom
[76e6f833-bba3-43fe-a2d3-556d80b7e78b/build]   | Progress (1): 4.1/4.8 kBProgress (1): 4.8 kB                        Downloaded from central: https://repo.maven.apache.org/maven2/org/codehaus/plexus/plexus-containers/2.0.0/plexus-containers-2.0.0.pom (4.8 kB at 283 kB/s)
[76e6f833-bba3-43fe-a2d3-556d80b7e78b/build]   | Downloading from central: https://repo.maven.apache.org/maven2/org/codehaus/plexus/plexus/5.1/plexus-5.1.pom
[76e6f833-bba3-43fe-a2d3-556d80b7e78b/build]   | Progress (1): 4.1/23 kBProgress (1): 8.2/23 kBProgress (1): 12/23 kB Progress (1): 16/23 kBProgress (1): 20/23 kBProgress (1): 23 kB                      Downloaded from central: https://repo.maven.apache.org/maven2/org/codehaus/plexus/plexus/5.1/plexus-5.1.pom (23 kB at 1.5 MB/s)
[76e6f833-bba3-43fe-a2d3-556d80b7e78b/build]   | Downloading from central: https://repo.maven.apache.org/maven2/org/codehaus/plexus/plexus-java/1.1.1/plexus-java-1.1.1.pom
[76e6f833-bba3-43fe-a2d3-556d80b7e78b/build]   | Progress (1): 4.1/5.0 kBProgress (1): 5.0 kB                        Downloaded from central: https://repo.maven.apache.org/maven2/org/codehaus/plexus/plexus-java/1.1.1/plexus-java-1.1.1.pom (5.0 kB at 178 kB/s)
[76e6f833-bba3-43fe-a2d3-556d80b7e78b/build]   | Downloading from central: https://repo.maven.apache.org/maven2/org/codehaus/plexus/plexus-languages/1.1.1/plexus-languages-1.1.1.pom
[76e6f833-bba3-43fe-a2d3-556d80b7e78b/build]   | Progress (1): 4.1/4.6 kBProgress (1): 4.6 kB                        Downloaded from central: https://repo.maven.apache.org/maven2/org/codehaus/plexus/plexus-languages/1.1.1/plexus-languages-1.1.1.pom (4.6 kB at 128 kB/s)
[76e6f833-bba3-43fe-a2d3-556d80b7e78b/build]   | Downloading from central: https://repo.maven.apache.org/maven2/org/codehaus/plexus/plexus/8/plexus-8.pom
[76e6f833-bba3-43fe-a2d3-556d80b7e78b/build]   | Progress (1): 4.1/25 kBProgress (1): 8.2/25 kBProgress (1): 12/25 kB Progress (1): 16/25 kBProgress (1): 20/25 kBProgress (1): 24/25 kBProgress (1): 25 kB                      Downloaded from central: https://repo.maven.apache.org/maven2/org/codehaus/plexus/plexus/8/plexus-8.pom (25 kB at 821 kB/s)
[76e6f833-bba3-43fe-a2d3-556d80b7e78b/build]   | Downloading from central: https://repo.maven.apache.org/maven2/org/ow2/asm/asm/9.2/asm-9.2.pom
[76e6f833-bba3-43fe-a2d3-556d80b7e78b/build]   | Progress (1): 2.4 kB                    Downloaded from central: https://repo.maven.apache.org/maven2/org/ow2/asm/asm/9.2/asm-9.2.pom (2.4 kB at 182 kB/s)
[76e6f833-bba3-43fe-a2d3-556d80b7e78b/build]   | Downloading from central: https://repo.maven.apache.org/maven2/org/ow2/ow2/1.5/ow2-1.5.pom
[76e6f833-bba3-43fe-a2d3-556d80b7e78b/build]   | Progress (1): 4.1/11 kBProgress (1): 8.2/11 kBProgress (1): 11 kB                       Downloaded from central: https://repo.maven.apache.org/maven2/org/ow2/ow2/1.5/ow2-1.5.pom (11 kB at 864 kB/s)
[76e6f833-bba3-43fe-a2d3-556d80b7e78b/build]   | Downloading from central: https://repo.maven.apache.org/maven2/com/thoughtworks/qdox/qdox/2.0.1/qdox-2.0.1.pom
[76e6f833-bba3-43fe-a2d3-556d80b7e78b/build]   | Progress (1): 4.1/16 kBProgress (1): 8.2/16 kBProgress (1): 12/16 kB Progress (1): 16 kB                      Downloaded from central: https://repo.maven.apache.org/maven2/com/thoughtworks/qdox/qdox/2.0.1/qdox-2.0.1.pom (16 kB at 641 kB/s)
[76e6f833-bba3-43fe-a2d3-556d80b7e78b/build]   | Downloading from central: https://repo.maven.apache.org/maven2/org/sonatype/oss/oss-parent/9/oss-parent-9.pom
[76e6f833-bba3-43fe-a2d3-556d80b7e78b/build]   | Progress (1): 4.1/6.6 kBProgress (1): 6.6 kB                        Downloaded from central: https://repo.maven.apache.org/maven2/org/sonatype/oss/oss-parent/9/oss-parent-9.pom (6.6 kB at 597 kB/s)
[76e6f833-bba3-43fe-a2d3-556d80b7e78b/build]   | Downloading from central: https://repo.maven.apache.org/maven2/org/codehaus/plexus/plexus-compiler-api/2.11.1/plexus-compiler-api-2.11.1.pom
[76e6f833-bba3-43fe-a2d3-556d80b7e78b/build]   | Progress (1): 1.1 kB                    Downloaded from central: https://repo.maven.apache.org/maven2/org/codehaus/plexus/plexus-compiler-api/2.11.1/plexus-compiler-api-2.11.1.pom (1.1 kB at 70 kB/s)
[76e6f833-bba3-43fe-a2d3-556d80b7e78b/build]   | Downloading from central: https://repo.maven.apache.org/maven2/org/codehaus/plexus/plexus-compiler/2.11.1/plexus-compiler-2.11.1.pom
[76e6f833-bba3-43fe-a2d3-556d80b7e78b/build]   | Progress (1): 4.1/8.1 kBProgress (1): 8.1 kB                        Downloaded from central: https://repo.maven.apache.org/maven2/org/codehaus/plexus/plexus-compiler/2.11.1/plexus-compiler-2.11.1.pom (8.1 kB at 290 kB/s)
[76e6f833-bba3-43fe-a2d3-556d80b7e78b/build]   | Downloading from central: https://repo.maven.apache.org/maven2/org/codehaus/plexus/plexus-components/6.6/plexus-components-6.6.pom
[76e6f833-bba3-43fe-a2d3-556d80b7e78b/build]   | Progress (1): 2.7 kB                    Downloaded from central: https://repo.maven.apache.org/maven2/org/codehaus/plexus/plexus-components/6.6/plexus-components-6.6.pom (2.7 kB at 127 kB/s)
[76e6f833-bba3-43fe-a2d3-556d80b7e78b/build]   | Downloading from central: https://repo.maven.apache.org/maven2/org/junit/junit-bom/5.8.2/junit-bom-5.8.2.pom
[76e6f833-bba3-43fe-a2d3-556d80b7e78b/build]   | Progress (1): 4.1/5.6 kBProgress (1): 5.6 kB                        Downloaded from central: https://repo.maven.apache.org/maven2/org/junit/junit-bom/5.8.2/junit-bom-5.8.2.pom (5.6 kB at 201 kB/s)
[76e6f833-bba3-43fe-a2d3-556d80b7e78b/build]   | Downloading from central: https://repo.maven.apache.org/maven2/org/codehaus/plexus/plexus-utils/3.4.1/plexus-utils-3.4.1.pom
[76e6f833-bba3-43fe-a2d3-556d80b7e78b/build]   | Progress (1): 4.1/8.0 kBProgress (1): 8.0 kB                        Downloaded from central: https://repo.maven.apache.org/maven2/org/codehaus/plexus/plexus-utils/3.4.1/plexus-utils-3.4.1.pom (8.0 kB at 419 kB/s)
[76e6f833-bba3-43fe-a2d3-556d80b7e78b/build]   | Downloading from central: https://repo.maven.apache.org/maven2/org/codehaus/plexus/plexus-compiler-manager/2.11.1/plexus-compiler-manager-2.11.1.pom
[76e6f833-bba3-43fe-a2d3-556d80b7e78b/build]   | Progress (1): 1.1 kB                    Downloaded from central: https://repo.maven.apache.org/maven2/org/codehaus/plexus/plexus-compiler-manager/2.11.1/plexus-compiler-manager-2.11.1.pom (1.1 kB at 39 kB/s)
[76e6f833-bba3-43fe-a2d3-556d80b7e78b/build]   | Downloading from central: https://repo.maven.apache.org/maven2/org/codehaus/plexus/plexus-compiler-javac/2.11.1/plexus-compiler-javac-2.11.1.pom
[76e6f833-bba3-43fe-a2d3-556d80b7e78b/build]   | Progress (1): 1.2 kB                    Downloaded from central: https://repo.maven.apache.org/maven2/org/codehaus/plexus/plexus-compiler-javac/2.11.1/plexus-compiler-javac-2.11.1.pom (1.2 kB at 52 kB/s)
[76e6f833-bba3-43fe-a2d3-556d80b7e78b/build]   | Downloading from central: https://repo.maven.apache.org/maven2/org/codehaus/plexus/plexus-compilers/2.11.1/plexus-compilers-2.11.1.pom
[76e6f833-bba3-43fe-a2d3-556d80b7e78b/build]   | Progress (1): 1.3 kB                    Downloaded from central: https://repo.maven.apache.org/maven2/org/codehaus/plexus/plexus-compilers/2.11.1/plexus-compilers-2.11.1.pom (1.3 kB at 66 kB/s)
[76e6f833-bba3-43fe-a2d3-556d80b7e78b/build]   | Downloading from central: https://repo.maven.apache.org/maven2/org/apache/maven/shared/maven-shared-utils/3.3.4/maven-shared-utils-3.3.4.jar
[76e6f833-bba3-43fe-a2d3-556d80b7e78b/build]   | Downloading from central: https://repo.maven.apache.org/maven2/commons-io/commons-io/2.6/commons-io-2.6.jar
[76e6f833-bba3-43fe-a2d3-556d80b7e78b/build]   | Downloading from central: https://repo.maven.apache.org/maven2/org/apache/maven/shared/maven-shared-incremental/1.1/maven-shared-incremental-1.1.jar
[76e6f833-bba3-43fe-a2d3-556d80b7e78b/build]   | Downloading from central: https://repo.maven.apache.org/maven2/org/codehaus/plexus/plexus-component-annotations/2.0.0/plexus-component-annotations-2.0.0.jar
[76e6f833-bba3-43fe-a2d3-556d80b7e78b/build]   | Downloading from central: https://repo.maven.apache.org/maven2/org/codehaus/plexus/plexus-java/1.1.1/plexus-java-1.1.1.jar
[76e6f833-bba3-43fe-a2d3-556d80b7e78b/build]   | Progress (1): 4.1/14 kBProgress (2): 4.1/14 kB | 4.1/215 kBProgress (2): 8.2/14 kB | 4.1/215 kBProgress (2): 12/14 kB | 4.1/215 kB Progress (2): 12/14 kB | 8.2/215 kBProgress (2): 14 kB | 8.2/215 kB   Progress (2): 14 kB | 12/215 kB Progress (2): 14 kB | 16/215 kBProgress (3): 14 kB | 16/215 kB | 4.1/153 kBProgress (3): 14 kB | 16/215 kB | 8.2/153 kBProgress (3): 14 kB | 20/215 kB | 8.2/153 kBProgress (3): 14 kB | 20/215 kB | 12/153 kB Progress (3): 14 kB | 25/215 kB | 12/153 kBProgress (3): 14 kB | 25/215 kB | 16/153 kBProgress (3): 14 kB | 29/215 kB | 16/153 kBProgress (3): 14 kB | 33/215 kB | 16/153 kBProgress (3): 14 kB | 33/215 kB | 20/153 kBProgress (3): 14 kB | 33/215 kB | 25/153 kBProgress (3): 14 kB | 37/215 kB | 25/153 kBProgress (3): 14 kB | 37/215 kB | 29/153 kBProgress (3): 14 kB | 41/215 kB | 29/153 kBProgress (3): 14 kB | 41/215 kB | 33/153 kBProgress (3): 14 kB | 45/215 kB | 33/153 kBProgress (3): 14 kB | 49/215 kB | 33/153 kBProgress (3): 14 kB | 49/215 kB | 37/153 kBProgress (3): 14 kB | 53/215 kB | 37/153 kBProgress (3): 14 kB | 53/215 kB | 41/153 kBProgress (3): 14 kB | 57/215 kB | 41/153 kBProgress (3): 14 kB | 57/215 kB | 45/153 kBProgress (3): 14 kB | 61/215 kB | 45/153 kBProgress (3): 14 kB | 61/215 kB | 49/153 kBProgress (3): 14 kB | 66/215 kB | 49/153 kBProgress (3): 14 kB | 66/215 kB | 53/153 kBProgress (3): 14 kB | 66/215 kB | 57/153 kBProgress (3): 14 kB | 70/215 kB | 57/153 kBProgress (3): 14 kB | 70/215 kB | 61/153 kBProgress (3): 14 kB | 74/215 kB | 61/153 kBProgress (3): 14 kB | 74/215 kB | 66/153 kBProgress (3): 14 kB | 78/215 kB | 66/153 kBProgress (3): 14 kB | 82/215 kB | 66/153 kBProgress (3): 14 kB | 82/215 kB | 70/153 kBProgress (3): 14 kB | 86/215 kB | 70/153 kBProgress (3): 14 kB | 86/215 kB | 74/153 kBProgress (3): 14 kB | 90/215 kB | 74/153 kBProgress (3): 14 kB | 90/215 kB | 78/153 kBProgress (3): 14 kB | 94/215 kB | 78/153 kBProgress (3): 14 kB | 94/215 kB | 82/153 kBProgress (3): 14 kB | 98/215 kB | 82/153 kBProgress (3): 14 kB | 98/215 kB | 86/153 kBProgress (3): 14 kB | 102/215 kB | 86/153 kBProgress (3): 14 kB | 102/215 kB | 90/153 kBProgress (3): 14 kB | 106/215 kB | 90/153 kBProgress (3): 14 kB | 106/215 kB | 94/153 kBProgress (3): 14 kB | 111/215 kB | 94/153 kBProgress (3): 14 kB | 111/215 kB | 98/153 kBProgress (3): 14 kB | 115/215 kB | 98/153 kBProgress (3): 14 kB | 115/215 kB | 102/153 kBProgress (3): 14 kB | 115/215 kB | 106/153 kBProgress (3): 14 kB | 119/215 kB | 106/153 kBProgress (3): 14 kB | 119/215 kB | 111/153 kBProgress (3): 14 kB | 123/215 kB | 111/153 kBProgress (3): 14 kB | 127/215 kB | 111/153 kBProgress (4): 14 kB | 127/215 kB | 111/153 kB | 2.8/4.2 kBProgress (4): 14 kB | 131/215 kB | 111/153 kB | 2.8/4.2 kBProgress (5): 14 kB | 131/215 kB | 111/153 kB | 2.8/4.2 kB | 4.1/54 kBProgress (5): 14 kB | 131/215 kB | 115/153 kB | 2.8/4.2 kB | 4.1/54 kBProgress (5): 14 kB | 131/215 kB | 115/153 kB | 4.2 kB | 4.1/54 kB    Progress (5): 14 kB | 135/215 kB | 115/153 kB | 4.2 kB | 4.1/54 kBProgress (5): 14 kB | 135/215 kB | 119/153 kB | 4.2 kB | 4.1/54 kBProgress (5): 14 kB | 139/215 kB | 119/153 kB | 4.2 kB | 4.1/54 kBProgress (5): 14 kB | 139/215 kB | 123/153 kB | 4.2 kB | 4.1/54 kBProgress (5): 14 kB | 143/215 kB | 123/153 kB | 4.2 kB | 4.1/54 kBProgress (5): 14 kB | 143/215 kB | 127/153 kB | 4.2 kB | 4.1/54 kBProgress (5): 14 kB | 147/215 kB | 127/153 kB | 4.2 kB | 4.1/54 kBProgress (5): 14 kB | 147/215 kB | 131/153 kB | 4.2 kB | 4.1/54 kBProgress (5): 14 kB | 147/215 kB | 135/153 kB | 4.2 kB | 4.1/54 kBProgress (5): 14 kB | 152/215 kB | 135/153 kB | 4.2 kB | 4.1/54 kBProgress (5): 14 kB | 152/215 kB | 135/153 kB | 4.2 kB | 8.2/54 kBProgress (5): 14 kB | 152/215 kB | 139/153 kB | 4.2 kB | 8.2/54 kBProgress (5): 14 kB | 152/215 kB | 139/153 kB | 4.2 kB | 12/54 kB Progress (5): 14 kB | 156/215 kB | 139/153 kB | 4.2 kB | 12/54 kBProgress (5): 14 kB | 156/215 kB | 139/153 kB | 4.2 kB | 16/54 kBProgress (5): 14 kB | 160/215 kB | 139/153 kB | 4.2 kB | 16/54 kBProgress (5): 14 kB | 160/215 kB | 143/153 kB | 4.2 kB | 16/54 kBProgress (5): 14 kB | 164/215 kB | 143/153 kB | 4.2 kB | 16/54 kBProgress (5): 14 kB | 164/215 kB | 143/153 kB | 4.2 kB | 20/54 kBProgress (5): 14 kB | 164/215 kB | 147/153 kB | 4.2 kB | 20/54 kBProgress (5): 14 kB | 164/215 kB | 147/153 kB | 4.2 kB | 24/54 kBProgress (5): 14 kB | 168/215 kB | 147/153 kB | 4.2 kB | 24/54 kBProgress (5): 14 kB | 168/215 kB | 147/153 kB | 4.2 kB | 28/54 kBProgress (5): 14 kB | 168/215 kB | 152/153 kB | 4.2 kB | 28/54 kBProgress (5): 14 kB | 168/215 kB | 152/153 kB | 4.2 kB | 32/54 kBProgress (5): 14 kB | 172/215 kB | 152/153 kB | 4.2 kB | 32/54 kBProgress (5): 14 kB | 172/215 kB | 153 kB | 4.2 kB | 32/54 kB    Progress (5): 14 kB | 176/215 kB | 153 kB | 4.2 kB | 32/54 kBProgress (5): 14 kB | 180/215 kB | 153 kB | 4.2 kB | 32/54 kBProgress (5): 14 kB | 180/215 kB | 153 kB | 4.2 kB | 36/54 kBProgress (5): 14 kB | 180/215 kB | 153 kB | 4.2 kB | 40/54 kBProgress (5): 14 kB | 180/215 kB | 153 kB | 4.2 kB | 44/54 kBProgress (5): 14 kB | 184/215 kB | 153 kB | 4.2 kB | 44/54 kBProgress (5): 14 kB | 184/215 kB | 153 kB | 4.2 kB | 49/54 kBProgress (5): 14 kB | 188/215 kB | 153 kB | 4.2 kB | 49/54 kBProgress (5): 14 kB | 193/215 kB | 153 kB | 4.2 kB | 49/54 kBProgress (5): 14 kB | 193/215 kB | 153 kB | 4.2 kB | 53/54 kBProgress (5): 14 kB | 197/215 kB | 153 kB | 4.2 kB | 53/54 kBProgress (5): 14 kB | 197/215 kB | 153 kB | 4.2 kB | 54 kB   Progress (5): 14 kB | 201/215 kB | 153 kB | 4.2 kB | 54 kBProgress (5): 14 kB | 205/215 kB | 153 kB | 4.2 kB | 54 kBProgress (5): 14 kB | 209/215 kB | 153 kB | 4.2 kB | 54 kBProgress (5): 14 kB | 213/215 kB | 153 kB | 4.2 kB | 54 kBProgress (5): 14 kB | 215 kB | 153 kB | 4.2 kB | 54 kB                                                          Downloaded from central: https://repo.maven.apache.org/maven2/org/apache/maven/shared/maven-shared-incremental/1.1/maven-shared-incremental-1.1.jar (14 kB at 796 kB/s)
[76e6f833-bba3-43fe-a2d3-556d80b7e78b/build]   | Downloading from central: https://repo.maven.apache.org/maven2/org/ow2/asm/asm/9.2/asm-9.2.jar
[76e6f833-bba3-43fe-a2d3-556d80b7e78b/build]   | Progress (5): 215 kB | 153 kB | 4.2 kB | 54 kB | 4.1/122 kBProgress (5): 215 kB | 153 kB | 4.2 kB | 54 kB | 8.2/122 kBProgress (5): 215 kB | 153 kB | 4.2 kB | 54 kB | 12/122 kB Progress (5): 215 kB | 153 kB | 4.2 kB | 54 kB | 16/122 kBProgress (5): 215 kB | 153 kB | 4.2 kB | 54 kB | 20/122 kBProgress (5): 215 kB | 153 kB | 4.2 kB | 54 kB | 25/122 kBProgress (5): 215 kB | 153 kB | 4.2 kB | 54 kB | 29/122 kBProgress (5): 215 kB | 153 kB | 4.2 kB | 54 kB | 33/122 kBProgress (5): 215 kB | 153 kB | 4.2 kB | 54 kB | 37/122 kBProgress (5): 215 kB | 153 kB | 4.2 kB | 54 kB | 41/122 kBProgress (5): 215 kB | 153 kB | 4.2 kB | 54 kB | 45/122 kBProgress (5): 215 kB | 153 kB | 4.2 kB | 54 kB | 49/122 kBProgress (5): 215 kB | 153 kB | 4.2 kB | 54 kB | 53/122 kBProgress (5): 215 kB | 153 kB | 4.2 kB | 54 kB | 57/122 kBProgress (5): 215 kB | 153 kB | 4.2 kB | 54 kB | 61/122 kBProgress (5): 215 kB | 153 kB | 4.2 kB | 54 kB | 66/122 kBProgress (5): 215 kB | 153 kB | 4.2 kB | 54 kB | 70/122 kBProgress (5): 215 kB | 153 kB | 4.2 kB | 54 kB | 74/122 kB                                                          Downloaded from central: https://repo.maven.apache.org/maven2/org/codehaus/plexus/plexus-component-annotations/2.0.0/plexus-component-annotations-2.0.0.jar (4.2 kB at 176 kB/s)
[76e6f833-bba3-43fe-a2d3-556d80b7e78b/build]   | Progress (4): 215 kB | 153 kB | 54 kB | 78/122 kB                                                 Downloading from central: https://repo.maven.apache.org/maven2/com/thoughtworks/qdox/qdox/2.0.1/qdox-2.0.1.jar
[76e6f833-bba3-43fe-a2d3-556d80b7e78b/build]   | Progress (4): 215 kB | 153 kB | 54 kB | 82/122 kBProgress (4): 215 kB | 153 kB | 54 kB | 86/122 kBProgress (4): 215 kB | 153 kB | 54 kB | 90/122 kBProgress (4): 215 kB | 153 kB | 54 kB | 94/122 kBProgress (4): 215 kB | 153 kB | 54 kB | 98/122 kBProgress (4): 215 kB | 153 kB | 54 kB | 102/122 kBProgress (4): 215 kB | 153 kB | 54 kB | 106/122 kBProgress (4): 215 kB | 153 kB | 54 kB | 111/122 kBProgress (4): 215 kB | 153 kB | 54 kB | 115/122 kBProgress (4): 215 kB | 153 kB | 54 kB | 119/122 kBProgress (4): 215 kB | 153 kB | 54 kB | 122 kB                                                  Downloaded from central: https://repo.maven.apache.org/maven2/commons-io/commons-io/2.6/commons-io-2.6.jar (215 kB at 7.7 MB/s)
[76e6f833-bba3-43fe-a2d3-556d80b7e78b/build]   | Downloaded from central: https://repo.maven.apache.org/maven2/org/apache/maven/shared/maven-shared-utils/3.3.4/maven-shared-utils-3.3.4.jar (153 kB at 5.5 MB/s)
[76e6f833-bba3-43fe-a2d3-556d80b7e78b/build]   | Downloaded from central: https://repo.maven.apache.org/maven2/org/codehaus/plexus/plexus-java/1.1.1/plexus-java-1.1.1.jar (54 kB at 2.0 MB/s)
[76e6f833-bba3-43fe-a2d3-556d80b7e78b/build]   | Downloading from central: https://repo.maven.apache.org/maven2/org/codehaus/plexus/plexus-utils/3.4.1/plexus-utils-3.4.1.jar
[76e6f833-bba3-43fe-a2d3-556d80b7e78b/build]   | Downloading from central: https://repo.maven.apache.org/maven2/org/codehaus/plexus/plexus-compiler-manager/2.11.1/plexus-compiler-manager-2.11.1.jar
[76e6f833-bba3-43fe-a2d3-556d80b7e78b/build]   | Downloading from central: https://repo.maven.apache.org/maven2/org/codehaus/plexus/plexus-compiler-api/2.11.1/plexus-compiler-api-2.11.1.jar
[76e6f833-bba3-43fe-a2d3-556d80b7e78b/build]   | Progress (2): 122 kB | 4.1/27 kBProgress (3): 122 kB | 4.1/27 kB | 4.1/4.7 kBProgress (3): 122 kB | 8.2/27 kB | 4.1/4.7 kBProgress (3): 122 kB | 12/27 kB | 4.1/4.7 kB Progress (3): 122 kB | 16/27 kB | 4.1/4.7 kBProgress (3): 122 kB | 16/27 kB | 4.7 kB    Progress (3): 122 kB | 20/27 kB | 4.7 kBProgress (3): 122 kB | 25/27 kB | 4.7 kBProgress (3): 122 kB | 27 kB | 4.7 kB   Progress (4): 122 kB | 27 kB | 4.7 kB | 4.1/264 kBProgress (4): 122 kB | 27 kB | 4.7 kB | 8.2/264 kBProgress (4): 122 kB | 27 kB | 4.7 kB | 12/264 kB Progress (4): 122 kB | 27 kB | 4.7 kB | 16/264 kBProgress (4): 122 kB | 27 kB | 4.7 kB | 20/264 kBProgress (4): 122 kB | 27 kB | 4.7 kB | 25/264 kBProgress (4): 122 kB | 27 kB | 4.7 kB | 29/264 kBProgress (4): 122 kB | 27 kB | 4.7 kB | 33/264 kB                                                 Downloaded from central: https://repo.maven.apache.org/maven2/org/ow2/asm/asm/9.2/asm-9.2.jar (122 kB at 3.5 MB/s)
[76e6f833-bba3-43fe-a2d3-556d80b7e78b/build]   | Progress (3): 27 kB | 4.7 kB | 37/264 kB                                        Downloading from central: https://repo.maven.apache.org/maven2/org/codehaus/plexus/plexus-compiler-javac/2.11.1/plexus-compiler-javac-2.11.1.jar
[76e6f833-bba3-43fe-a2d3-556d80b7e78b/build]   | Progress (3): 27 kB | 4.7 kB | 41/264 kBProgress (3): 27 kB | 4.7 kB | 45/264 kBProgress (3): 27 kB | 4.7 kB | 49/264 kBProgress (3): 27 kB | 4.7 kB | 53/264 kBProgress (3): 27 kB | 4.7 kB | 57/264 kBProgress (3): 27 kB | 4.7 kB | 61/264 kBProgress (3): 27 kB | 4.7 kB | 66/264 kBProgress (3): 27 kB | 4.7 kB | 70/264 kBProgress (3): 27 kB | 4.7 kB | 74/264 kBProgress (3): 27 kB | 4.7 kB | 78/264 kBProgress (3): 27 kB | 4.7 kB | 82/264 kBProgress (3): 27 kB | 4.7 kB | 86/264 kBProgress (3): 27 kB | 4.7 kB | 90/264 kBProgress (3): 27 kB | 4.7 kB | 94/264 kBProgress (3): 27 kB | 4.7 kB | 98/264 kBProgress (3): 27 kB | 4.7 kB | 102/264 kBProgress (3): 27 kB | 4.7 kB | 106/264 kBProgress (3): 27 kB | 4.7 kB | 111/264 kBProgress (3): 27 kB | 4.7 kB | 115/264 kBProgress (3): 27 kB | 4.7 kB | 119/264 kBProgress (3): 27 kB | 4.7 kB | 123/264 kBProgress (3): 27 kB | 4.7 kB | 127/264 kBProgress (3): 27 kB | 4.7 kB | 131/264 kBProgress (3): 27 kB | 4.7 kB | 135/264 kBProgress (3): 27 kB | 4.7 kB | 139/264 kBProgress (3): 27 kB | 4.7 kB | 143/264 kBProgress (3): 27 kB | 4.7 kB | 147/264 kBProgress (3): 27 kB | 4.7 kB | 152/264 kBProgress (3): 27 kB | 4.7 kB | 156/264 kBProgress (3): 27 kB | 4.7 kB | 160/264 kBProgress (3): 27 kB | 4.7 kB | 164/264 kBProgress (3): 27 kB | 4.7 kB | 168/264 kBProgress (3): 27 kB | 4.7 kB | 172/264 kBProgress (3): 27 kB | 4.7 kB | 176/264 kBProgress (4): 27 kB | 4.7 kB | 176/264 kB | 4.1/23 kBProgress (4): 27 kB | 4.7 kB | 180/264 kB | 4.1/23 kBProgress (4): 27 kB | 4.7 kB | 180/264 kB | 8.2/23 kBProgress (4): 27 kB | 4.7 kB | 180/264 kB | 12/23 kB Progress (4): 27 kB | 4.7 kB | 180/264 kB | 16/23 kBProgress (4): 27 kB | 4.7 kB | 184/264 kB | 16/23 kBProgress (4): 27 kB | 4.7 kB | 184/264 kB | 20/23 kBProgress (4): 27 kB | 4.7 kB | 188/264 kB | 20/23 kBProgress (4): 27 kB | 4.7 kB | 188/264 kB | 23 kB   Progress (4): 27 kB | 4.7 kB | 193/264 kB | 23 kBProgress (4): 27 kB | 4.7 kB | 197/264 kB | 23 kBProgress (4): 27 kB | 4.7 kB | 201/264 kB | 23 kBProgress (4): 27 kB | 4.7 kB | 205/264 kB | 23 kBProgress (4): 27 kB | 4.7 kB | 209/264 kB | 23 kBProgress (4): 27 kB | 4.7 kB | 213/264 kB | 23 kBProgress (5): 27 kB | 4.7 kB | 213/264 kB | 23 kB | 4.1/334 kBProgress (5): 27 kB | 4.7 kB | 217/264 kB | 23 kB | 4.1/334 kBProgress (5): 27 kB | 4.7 kB | 221/264 kB | 23 kB | 4.1/334 kBProgress (5): 27 kB | 4.7 kB | 221/264 kB | 23 kB | 8.2/334 kBProgress (5): 27 kB | 4.7 kB | 225/264 kB | 23 kB | 8.2/334 kBProgress (5): 27 kB | 4.7 kB | 225/264 kB | 23 kB | 12/334 kB Progress (5): 27 kB | 4.7 kB | 229/264 kB | 23 kB | 12/334 kBProgress (5): 27 kB | 4.7 kB | 229/264 kB | 23 kB | 16/334 kBProgress (5): 27 kB | 4.7 kB | 233/264 kB | 23 kB | 16/334 kBProgress (5): 27 kB | 4.7 kB | 238/264 kB | 23 kB | 16/334 kBProgress (5): 27 kB | 4.7 kB | 238/264 kB | 23 kB | 20/334 kBProgress (5): 27 kB | 4.7 kB | 242/264 kB | 23 kB | 20/334 kBProgress (5): 27 kB | 4.7 kB | 242/264 kB | 23 kB | 25/334 kBProgress (5): 27 kB | 4.7 kB | 246/264 kB | 23 kB | 25/334 kBProgress (5): 27 kB | 4.7 kB | 246/264 kB | 23 kB | 29/334 kBProgress (5): 27 kB | 4.7 kB | 246/264 kB | 23 kB | 33/334 kBProgress (5): 27 kB | 4.7 kB | 250/264 kB | 23 kB | 33/334 kBProgress (5): 27 kB | 4.7 kB | 254/264 kB | 23 kB | 33/334 kBProgress (5): 27 kB | 4.7 kB | 254/264 kB | 23 kB | 37/334 kBProgress (5): 27 kB | 4.7 kB | 258/264 kB | 23 kB | 37/334 kBProgress (5): 27 kB | 4.7 kB | 258/264 kB | 23 kB | 41/334 kBProgress (5): 27 kB | 4.7 kB | 262/264 kB | 23 kB | 41/334 kBProgress (5): 27 kB | 4.7 kB | 262/264 kB | 23 kB | 45/334 kBProgress (5): 27 kB | 4.7 kB | 264 kB | 23 kB | 45/334 kB    Progress (5): 27 kB | 4.7 kB | 264 kB | 23 kB | 49/334 kBProgress (5): 27 kB | 4.7 kB | 264 kB | 23 kB | 53/334 kBProgress (5): 27 kB | 4.7 kB | 264 kB | 23 kB | 57/334 kBProgress (5): 27 kB | 4.7 kB | 264 kB | 23 kB | 61/334 kBProgress (5): 27 kB | 4.7 kB | 264 kB | 23 kB | 66/334 kBProgress (5): 27 kB | 4.7 kB | 264 kB | 23 kB | 70/334 kBProgress (5): 27 kB | 4.7 kB | 264 kB | 23 kB | 74/334 kBProgress (5): 27 kB | 4.7 kB | 264 kB | 23 kB | 78/334 kBProgress (5): 27 kB | 4.7 kB | 264 kB | 23 kB | 82/334 kBProgress (5): 27 kB | 4.7 kB | 264 kB | 23 kB | 86/334 kBProgress (5): 27 kB | 4.7 kB | 264 kB | 23 kB | 90/334 kBProgress (5): 27 kB | 4.7 kB | 264 kB | 23 kB | 94/334 kBProgress (5): 27 kB | 4.7 kB | 264 kB | 23 kB | 98/334 kBProgress (5): 27 kB | 4.7 kB | 264 kB | 23 kB | 102/334 kBProgress (5): 27 kB | 4.7 kB | 264 kB | 23 kB | 106/334 kBProgress (5): 27 kB | 4.7 kB | 264 kB | 23 kB | 111/334 kBProgress (5): 27 kB | 4.7 kB | 264 kB | 23 kB | 115/334 kBProgress (5): 27 kB | 4.7 kB | 264 kB | 23 kB | 119/334 kBProgress (5): 27 kB | 4.7 kB | 264 kB | 23 kB | 123/334 kBProgress (5): 27 kB | 4.7 kB | 264 kB | 23 kB | 127/334 kBProgress (5): 27 kB | 4.7 kB | 264 kB | 23 kB | 131/334 kBProgress (5): 27 kB | 4.7 kB | 264 kB | 23 kB | 135/334 kBProgress (5): 27 kB | 4.7 kB | 264 kB | 23 kB | 139/334 kBProgress (5): 27 kB | 4.7 kB | 264 kB | 23 kB | 143/334 kBProgress (5): 27 kB | 4.7 kB | 264 kB | 23 kB | 147/334 kBProgress (5): 27 kB | 4.7 kB | 264 kB | 23 kB | 152/334 kBProgress (5): 27 kB | 4.7 kB | 264 kB | 23 kB | 156/334 kBProgress (5): 27 kB | 4.7 kB | 264 kB | 23 kB | 160/334 kBProgress (5): 27 kB | 4.7 kB | 264 kB | 23 kB | 164/334 kBProgress (5): 27 kB | 4.7 kB | 264 kB | 23 kB | 168/334 kB                                                          Downloaded from central: https://repo.maven.apache.org/maven2/org/codehaus/plexus/plexus-compiler-api/2.11.1/plexus-compiler-api-2.11.1.jar (27 kB at 539 kB/s)
[76e6f833-bba3-43fe-a2d3-556d80b7e78b/build]   | Progress (4): 4.7 kB | 264 kB | 23 kB | 172/334 kB                                                  Downloaded from central: https://repo.maven.apache.org/maven2/org/codehaus/plexus/plexus-compiler-manager/2.11.1/plexus-compiler-manager-2.11.1.jar (4.7 kB at 93 kB/s)
[76e6f833-bba3-43fe-a2d3-556d80b7e78b/build]   | Progress (3): 264 kB | 23 kB | 176/334 kBProgress (3): 264 kB | 23 kB | 180/334 kBProgress (3): 264 kB | 23 kB | 184/334 kBProgress (3): 264 kB | 23 kB | 188/334 kBProgress (3): 264 kB | 23 kB | 193/334 kBProgress (3): 264 kB | 23 kB | 197/334 kBProgress (3): 264 kB | 23 kB | 201/334 kBProgress (3): 264 kB | 23 kB | 205/334 kBProgress (3): 264 kB | 23 kB | 209/334 kBProgress (3): 264 kB | 23 kB | 213/334 kBProgress (3): 264 kB | 23 kB | 217/334 kBProgress (3): 264 kB | 23 kB | 221/334 kBProgress (3): 264 kB | 23 kB | 225/334 kBProgress (3): 264 kB | 23 kB | 229/334 kBProgress (3): 264 kB | 23 kB | 233/334 kBProgress (3): 264 kB | 23 kB | 238/334 kBProgress (3): 264 kB | 23 kB | 242/334 kBProgress (3): 264 kB | 23 kB | 246/334 kBProgress (3): 264 kB | 23 kB | 250/334 kBProgress (3): 264 kB | 23 kB | 254/334 kBProgress (3): 264 kB | 23 kB | 258/334 kBProgress (3): 264 kB | 23 kB | 262/334 kBProgress (3): 264 kB | 23 kB | 266/334 kBProgress (3): 264 kB | 23 kB | 270/334 kBProgress (3): 264 kB | 23 kB | 274/334 kBProgress (3): 264 kB | 23 kB | 279/334 kBProgress (3): 264 kB | 23 kB | 283/334 kBProgress (3): 264 kB | 23 kB | 287/334 kBProgress (3): 264 kB | 23 kB | 291/334 kBProgress (3): 264 kB | 23 kB | 295/334 kB                                         Downloaded from central: https://repo.maven.apache.org/maven2/org/codehaus/plexus/plexus-compiler-javac/2.11.1/plexus-compiler-javac-2.11.1.jar (23 kB at 415 kB/s)
[76e6f833-bba3-43fe-a2d3-556d80b7e78b/build]   | Progress (2): 264 kB | 299/334 kBProgress (2): 264 kB | 303/334 kBProgress (2): 264 kB | 307/334 kBProgress (2): 264 kB | 311/334 kBProgress (2): 264 kB | 315/334 kBProgress (2): 264 kB | 319/334 kB                                 Downloaded from central: https://repo.maven.apache.org/maven2/org/codehaus/plexus/plexus-utils/3.4.1/plexus-utils-3.4.1.jar (264 kB at 4.7 MB/s)
[76e6f833-bba3-43fe-a2d3-556d80b7e78b/build]   | Progress (1): 324/334 kBProgress (1): 328/334 kBProgress (1): 332/334 kBProgress (1): 334 kB                        Downloaded from central: https://repo.maven.apache.org/maven2/com/thoughtworks/qdox/qdox/2.0.1/qdox-2.0.1.jar (334 kB at 5.1 MB/s)
[76e6f833-bba3-43fe-a2d3-556d80b7e78b/build]   | [INFO] Changes detected - recompiling the module!
[76e6f833-bba3-43fe-a2d3-556d80b7e78b/build]   | [INFO] Compiling 96 source files to /tmp/254a46a6-e79f-42c2-9394-a9c012e14999/target/classes
[76e6f833-bba3-43fe-a2d3-556d80b7e78b/build]   | [INFO] 
[76e6f833-bba3-43fe-a2d3-556d80b7e78b/build]   | [INFO] --- maven-resources-plugin:2.6:testResources (default-testResources) @ sped ---
[76e6f833-bba3-43fe-a2d3-556d80b7e78b/build]   | [WARNING] Using platform encoding (UTF-8 actually) to copy filtered resources, i.e. build is platform dependent!
[76e6f833-bba3-43fe-a2d3-556d80b7e78b/build]   | [INFO] skip non existing resourceDirectory /tmp/254a46a6-e79f-42c2-9394-a9c012e14999/src/test/resources
[76e6f833-bba3-43fe-a2d3-556d80b7e78b/build]   | [INFO] 
[76e6f833-bba3-43fe-a2d3-556d80b7e78b/build]   | [INFO] --- maven-compiler-plugin:3.10.1:testCompile (default-testCompile) @ sped ---
[76e6f833-bba3-43fe-a2d3-556d80b7e78b/build]   | [INFO] Changes detected - recompiling the module!
[76e6f833-bba3-43fe-a2d3-556d80b7e78b/build]   | [INFO] Compiling 55 source files to /tmp/254a46a6-e79f-42c2-9394-a9c012e14999/target/test-classes
[76e6f833-bba3-43fe-a2d3-556d80b7e78b/build]   | [INFO] 
[76e6f833-bba3-43fe-a2d3-556d80b7e78b/build]   | [INFO] --- maven-surefire-plugin:2.12.4:test (default-test) @ sped ---
[76e6f833-bba3-43fe-a2d3-556d80b7e78b/build]   | Downloading from central: https://repo.maven.apache.org/maven2/org/apache/maven/maven-plugin-api/2.0.9/maven-plugin-api-2.0.9.pom
[76e6f833-bba3-43fe-a2d3-556d80b7e78b/build]   | Progress (1): 1.5 kB                    Downloaded from central: https://repo.maven.apache.org/maven2/org/apache/maven/maven-plugin-api/2.0.9/maven-plugin-api-2.0.9.pom (1.5 kB at 38 kB/s)
[76e6f833-bba3-43fe-a2d3-556d80b7e78b/build]   | Downloading from central: https://repo.maven.apache.org/maven2/org/apache/maven/maven/2.0.9/maven-2.0.9.pom
[76e6f833-bba3-43fe-a2d3-556d80b7e78b/build]   | Progress (1): 4.1/19 kBProgress (1): 8.2/19 kBProgress (1): 12/19 kB Progress (1): 16/19 kBProgress (1): 19 kB                      Downloaded from central: https://repo.maven.apache.org/maven2/org/apache/maven/maven/2.0.9/maven-2.0.9.pom (19 kB at 473 kB/s)
[76e6f833-bba3-43fe-a2d3-556d80b7e78b/build]   | Downloading from central: https://repo.maven.apache.org/maven2/org/apache/maven/maven-parent/8/maven-parent-8.pom
[76e6f833-bba3-43fe-a2d3-556d80b7e78b/build]   | Progress (1): 4.1/24 kBProgress (1): 8.2/24 kBProgress (1): 12/24 kB Progress (1): 16/24 kBProgress (1): 20/24 kBProgress (1): 24/24 kBProgress (1): 24 kB                      Downloaded from central: https://repo.maven.apache.org/maven2/org/apache/maven/maven-parent/8/maven-parent-8.pom (24 kB at 652 kB/s)
[76e6f833-bba3-43fe-a2d3-556d80b7e78b/build]   | Downloading from central: https://repo.maven.apache.org/maven2/org/apache/apache/4/apache-4.pom
[76e6f833-bba3-43fe-a2d3-556d80b7e78b/build]   | Progress (1): 4.1/4.5 kBProgress (1): 4.5 kB                        Downloaded from central: https://repo.maven.apache.org/maven2/org/apache/apache/4/apache-4.pom (4.5 kB at 94 kB/s)
[76e6f833-bba3-43fe-a2d3-556d80b7e78b/build]   | Downloading from central: https://repo.maven.apache.org/maven2/org/apache/maven/surefire/surefire-booter/2.12.4/surefire-booter-2.12.4.pom
[76e6f833-bba3-43fe-a2d3-556d80b7e78b/build]   | Progress (1): 3.0 kB                    Downloaded from central: https://repo.maven.apache.org/maven2/org/apache/maven/surefire/surefire-booter/2.12.4/surefire-booter-2.12.4.pom (3.0 kB at 51 kB/s)
[76e6f833-bba3-43fe-a2d3-556d80b7e78b/build]   | Downloading from central: https://repo.maven.apache.org/maven2/org/apache/maven/surefire/surefire-api/2.12.4/surefire-api-2.12.4.pom
[76e6f833-bba3-43fe-a2d3-556d80b7e78b/build]   | Progress (1): 2.5 kB                    Downloaded from central: https://repo.maven.apache.org/maven2/org/apache/maven/surefire/surefire-api/2.12.4/surefire-api-2.12.4.pom (2.5 kB at 51 kB/s)
[76e6f833-bba3-43fe-a2d3-556d80b7e78b/build]   | Downloading from central: https://repo.maven.apache.org/maven2/org/apache/maven/surefire/maven-surefire-common/2.12.4/maven-surefire-common-2.12.4.pom
[76e6f833-bba3-43fe-a2d3-556d80b7e78b/build]   | Progress (1): 4.1/5.5 kBProgress (1): 5.5 kB                        Downloaded from central: https://repo.maven.apache.org/maven2/org/apache/maven/surefire/maven-surefire-common/2.12.4/maven-surefire-common-2.12.4.pom (5.5 kB at 120 kB/s)
[76e6f833-bba3-43fe-a2d3-556d80b7e78b/build]   | Downloading from central: https://repo.maven.apache.org/maven2/org/apache/maven/plugin-tools/maven-plugin-annotations/3.1/maven-plugin-annotations-3.1.pom
[76e6f833-bba3-43fe-a2d3-556d80b7e78b/build]   | Progress (1): 1.6 kB                    Downloaded from central: https://repo.maven.apache.org/maven2/org/apache/maven/plugin-tools/maven-plugin-annotations/3.1/maven-plugin-annotations-3.1.pom (1.6 kB at 17 kB/s)
[76e6f833-bba3-43fe-a2d3-556d80b7e78b/build]   | Downloading from central: https://repo.maven.apache.org/maven2/org/apache/maven/plugin-tools/maven-plugin-tools/3.1/maven-plugin-tools-3.1.pom
[76e6f833-bba3-43fe-a2d3-556d80b7e78b/build]   | Progress (1): 4.1/16 kBProgress (1): 8.2/16 kBProgress (1): 12/16 kB Progress (1): 16 kB                      Downloaded from central: https://repo.maven.apache.org/maven2/org/apache/maven/plugin-tools/maven-plugin-tools/3.1/maven-plugin-tools-3.1.pom (16 kB at 284 kB/s)
[76e6f833-bba3-43fe-a2d3-556d80b7e78b/build]   | Downloading from central: https://repo.maven.apache.org/maven2/org/apache/maven/maven-artifact/2.0.9/maven-artifact-2.0.9.pom
[76e6f833-bba3-43fe-a2d3-556d80b7e78b/build]   | Progress (1): 1.6 kB                    Downloaded from central: https://repo.maven.apache.org/maven2/org/apache/maven/maven-artifact/2.0.9/maven-artifact-2.0.9.pom (1.6 kB at 23 kB/s)
[76e6f833-bba3-43fe-a2d3-556d80b7e78b/build]   | Downloading from central: https://repo.maven.apache.org/maven2/org/codehaus/plexus/plexus-utils/3.0.8/plexus-utils-3.0.8.pom
[76e6f833-bba3-43fe-a2d3-556d80b7e78b/build]   | Progress (1): 3.1 kB                    Downloaded from central: https://repo.maven.apache.org/maven2/org/codehaus/plexus/plexus-utils/3.0.8/plexus-utils-3.0.8.pom (3.1 kB at 59 kB/s)
[76e6f833-bba3-43fe-a2d3-556d80b7e78b/build]   | Downloading from central: https://repo.maven.apache.org/maven2/org/codehaus/plexus/plexus/3.2/plexus-3.2.pom
[76e6f833-bba3-43fe-a2d3-556d80b7e78b/build]   | Progress (1): 4.1/19 kBProgress (1): 8.2/19 kBProgress (1): 12/19 kB Progress (1): 16/19 kBProgress (1): 19 kB                      Downloaded from central: https://repo.maven.apache.org/maven2/org/codehaus/plexus/plexus/3.2/plexus-3.2.pom (19 kB at 329 kB/s)
[76e6f833-bba3-43fe-a2d3-556d80b7e78b/build]   | Downloading from central: https://repo.maven.apache.org/maven2/org/sonatype/spice/spice-parent/17/spice-parent-17.pom
[76e6f833-bba3-43fe-a2d3-556d80b7e78b/build]   | Progress (1): 4.1/6.8 kBProgress (1): 6.8 kB                        Downloaded from central: https://repo.maven.apache.org/maven2/org/sonatype/spice/spice-parent/17/spice-parent-17.pom (6.8 kB at 106 kB/s)
[76e6f833-bba3-43fe-a2d3-556d80b7e78b/build]   | Downloading from central: https://repo.maven.apache.org/maven2/org/sonatype/forge/forge-parent/10/forge-parent-10.pom
[76e6f833-bba3-43fe-a2d3-556d80b7e78b/build]   | Progress (1): 4.1/14 kBProgress (1): 8.2/14 kBProgress (1): 12/14 kB Progress (1): 14 kB                      Downloaded from central: https://repo.maven.apache.org/maven2/org/sonatype/forge/forge-parent/10/forge-parent-10.pom (14 kB at 234 kB/s)
[76e6f833-bba3-43fe-a2d3-556d80b7e78b/build]   | Downloading from central: https://repo.maven.apache.org/maven2/org/apache/maven/maven-project/2.0.9/maven-project-2.0.9.pom
[76e6f833-bba3-43fe-a2d3-556d80b7e78b/build]   | Progress (1): 2.7 kB                    Downloaded from central: https://repo.maven.apache.org/maven2/org/apache/maven/maven-project/2.0.9/maven-project-2.0.9.pom (2.7 kB at 41 kB/s)
[76e6f833-bba3-43fe-a2d3-556d80b7e78b/build]   | Downloading from central: https://repo.maven.apache.org/maven2/org/apache/maven/maven-settings/2.0.9/maven-settings-2.0.9.pom
[76e6f833-bba3-43fe-a2d3-556d80b7e78b/build]   | Progress (1): 2.1 kB                    Downloaded from central: https://repo.maven.apache.org/maven2/org/apache/maven/maven-settings/2.0.9/maven-settings-2.0.9.pom (2.1 kB at 28 kB/s)
[76e6f833-bba3-43fe-a2d3-556d80b7e78b/build]   | Downloading from central: https://repo.maven.apache.org/maven2/org/apache/maven/maven-model/2.0.9/maven-model-2.0.9.pom
[76e6f833-bba3-43fe-a2d3-556d80b7e78b/build]   | Progress (1): 3.1 kB                    Downloaded from central: https://repo.maven.apache.org/maven2/org/apache/maven/maven-model/2.0.9/maven-model-2.0.9.pom (3.1 kB at 38 kB/s)
[76e6f833-bba3-43fe-a2d3-556d80b7e78b/build]   | Downloading from central: https://repo.maven.apache.org/maven2/org/apache/maven/maven-profile/2.0.9/maven-profile-2.0.9.pom
[76e6f833-bba3-43fe-a2d3-556d80b7e78b/build]   | Progress (1): 2.0 kB                    Downloaded from central: https://repo.maven.apache.org/maven2/org/apache/maven/maven-profile/2.0.9/maven-profile-2.0.9.pom (2.0 kB at 32 kB/s)
[76e6f833-bba3-43fe-a2d3-556d80b7e78b/build]   | Downloading from central: https://repo.maven.apache.org/maven2/org/apache/maven/maven-artifact-manager/2.0.9/maven-artifact-manager-2.0.9.pom
[76e6f833-bba3-43fe-a2d3-556d80b7e78b/build]   | Progress (1): 2.7 kB                    Downloaded from central: https://repo.maven.apache.org/maven2/org/apache/maven/maven-artifact-manager/2.0.9/maven-artifact-manager-2.0.9.pom (2.7 kB at 40 kB/s)
[76e6f833-bba3-43fe-a2d3-556d80b7e78b/build]   | Downloading from central: https://repo.maven.apache.org/maven2/org/apache/maven/maven-repository-metadata/2.0.9/maven-repository-metadata-2.0.9.pom
[76e6f833-bba3-43fe-a2d3-556d80b7e78b/build]   | Progress (1): 1.9 kB                    Downloaded from central: https://repo.maven.apache.org/maven2/org/apache/maven/maven-repository-metadata/2.0.9/maven-repository-metadata-2.0.9.pom (1.9 kB at 32 kB/s)
[76e6f833-bba3-43fe-a2d3-556d80b7e78b/build]   | Downloading from central: https://repo.maven.apache.org/maven2/org/apache/maven/maven-plugin-registry/2.0.9/maven-plugin-registry-2.0.9.pom
[76e6f833-bba3-43fe-a2d3-556d80b7e78b/build]   | Progress (1): 2.0 kB                    Downloaded from central: https://repo.maven.apache.org/maven2/org/apache/maven/maven-plugin-registry/2.0.9/maven-plugin-registry-2.0.9.pom (2.0 kB at 32 kB/s)
[76e6f833-bba3-43fe-a2d3-556d80b7e78b/build]   | Downloading from central: https://repo.maven.apache.org/maven2/org/apache/maven/maven-core/2.0.9/maven-core-2.0.9.pom
[76e6f833-bba3-43fe-a2d3-556d80b7e78b/build]   | Progress (1): 4.1/7.8 kBProgress (1): 7.8 kB                        Downloaded from central: https://repo.maven.apache.org/maven2/org/apache/maven/maven-core/2.0.9/maven-core-2.0.9.pom (7.8 kB at 118 kB/s)
[76e6f833-bba3-43fe-a2d3-556d80b7e78b/build]   | Downloading from central: https://repo.maven.apache.org/maven2/org/apache/maven/maven-plugin-parameter-documenter/2.0.9/maven-plugin-parameter-documenter-2.0.9.pom
[76e6f833-bba3-43fe-a2d3-556d80b7e78b/build]   | Progress (1): 2.0 kB                    Downloaded from central: https://repo.maven.apache.org/maven2/org/apache/maven/maven-plugin-parameter-documenter/2.0.9/maven-plugin-parameter-documenter-2.0.9.pom (2.0 kB at 28 kB/s)
[76e6f833-bba3-43fe-a2d3-556d80b7e78b/build]   | Downloading from central: https://repo.maven.apache.org/maven2/org/apache/maven/reporting/maven-reporting-api/2.0.9/maven-reporting-api-2.0.9.pom
[76e6f833-bba3-43fe-a2d3-556d80b7e78b/build]   | Progress (1): 1.8 kB                    Downloaded from central: https://repo.maven.apache.org/maven2/org/apache/maven/reporting/maven-reporting-api/2.0.9/maven-reporting-api-2.0.9.pom (1.8 kB at 12 kB/s)
[76e6f833-bba3-43fe-a2d3-556d80b7e78b/build]   | Downloading from central: https://repo.maven.apache.org/maven2/org/apache/maven/reporting/maven-reporting/2.0.9/maven-reporting-2.0.9.pom
[76e6f833-bba3-43fe-a2d3-556d80b7e78b/build]   | Progress (1): 1.5 kB                    Downloaded from central: https://repo.maven.apache.org/maven2/org/apache/maven/reporting/maven-reporting/2.0.9/maven-reporting-2.0.9.pom (1.5 kB at 16 kB/s)
[76e6f833-bba3-43fe-a2d3-556d80b7e78b/build]   | Downloading from central: https://repo.maven.apache.org/maven2/org/apache/maven/maven-error-diagnostics/2.0.9/maven-error-diagnostics-2.0.9.pom
[76e6f833-bba3-43fe-a2d3-556d80b7e78b/build]   | Progress (1): 1.7 kB                    Downloaded from central: https://repo.maven.apache.org/maven2/org/apache/maven/maven-error-diagnostics/2.0.9/maven-error-diagnostics-2.0.9.pom (1.7 kB at 28 kB/s)
[76e6f833-bba3-43fe-a2d3-556d80b7e78b/build]   | Downloading from central: https://repo.maven.apache.org/maven2/org/apache/maven/maven-plugin-descriptor/2.0.9/maven-plugin-descriptor-2.0.9.pom
[76e6f833-bba3-43fe-a2d3-556d80b7e78b/build]   | Progress (1): 2.1 kB                    Downloaded from central: https://repo.maven.apache.org/maven2/org/apache/maven/maven-plugin-descriptor/2.0.9/maven-plugin-descriptor-2.0.9.pom (2.1 kB at 33 kB/s)
[76e6f833-bba3-43fe-a2d3-556d80b7e78b/build]   | Downloading from central: https://repo.maven.apache.org/maven2/org/apache/maven/maven-monitor/2.0.9/maven-monitor-2.0.9.pom
[76e6f833-bba3-43fe-a2d3-556d80b7e78b/build]   | Progress (1): 1.3 kB                    Downloaded from central: https://repo.maven.apache.org/maven2/org/apache/maven/maven-monitor/2.0.9/maven-monitor-2.0.9.pom (1.3 kB at 26 kB/s)
[76e6f833-bba3-43fe-a2d3-556d80b7e78b/build]   | Downloading from central: https://repo.maven.apache.org/maven2/org/apache/maven/maven-toolchain/2.0.9/maven-toolchain-2.0.9.pom
[76e6f833-bba3-43fe-a2d3-556d80b7e78b/build]   | Progress (1): 3.5 kB                    Downloaded from central: https://repo.maven.apache.org/maven2/org/apache/maven/maven-toolchain/2.0.9/maven-toolchain-2.0.9.pom (3.5 kB at 66 kB/s)
[76e6f833-bba3-43fe-a2d3-556d80b7e78b/build]   | Downloading from central: https://repo.maven.apache.org/maven2/org/apache/commons/commons-lang3/3.1/commons-lang3-3.1.pom
[76e6f833-bba3-43fe-a2d3-556d80b7e78b/build]   | Progress (1): 4.1/17 kBProgress (1): 8.2/17 kBProgress (1): 12/17 kB Progress (1): 16/17 kBProgress (1): 17 kB                      Downloaded from central: https://repo.maven.apache.org/maven2/org/apache/commons/commons-lang3/3.1/commons-lang3-3.1.pom (17 kB at 298 kB/s)
[76e6f833-bba3-43fe-a2d3-556d80b7e78b/build]   | Downloading from central: https://repo.maven.apache.org/maven2/org/apache/commons/commons-parent/22/commons-parent-22.pom
[76e6f833-bba3-43fe-a2d3-556d80b7e78b/build]   | Progress (1): 4.1/42 kBProgress (1): 8.2/42 kBProgress (1): 12/42 kB Progress (1): 16/42 kBProgress (1): 20/42 kBProgress (1): 24/42 kBProgress (1): 28/42 kBProgress (1): 32/42 kBProgress (1): 36/42 kBProgress (1): 40/42 kBProgress (1): 42 kB                      Downloaded from central: https://repo.maven.apache.org/maven2/org/apache/commons/commons-parent/22/commons-parent-22.pom (42 kB at 626 kB/s)
[76e6f833-bba3-43fe-a2d3-556d80b7e78b/build]   | Downloading from central: https://repo.maven.apache.org/maven2/org/apache/apache/9/apache-9.pom
[76e6f833-bba3-43fe-a2d3-556d80b7e78b/build]   | Progress (1): 4.1/15 kBProgress (1): 8.2/15 kBProgress (1): 12/15 kB Progress (1): 15 kB                      Downloaded from central: https://repo.maven.apache.org/maven2/org/apache/apache/9/apache-9.pom (15 kB at 253 kB/s)
[76e6f833-bba3-43fe-a2d3-556d80b7e78b/build]   | Downloading from central: https://repo.maven.apache.org/maven2/org/apache/maven/shared/maven-common-artifact-filters/1.3/maven-common-artifact-filters-1.3.pom
[76e6f833-bba3-43fe-a2d3-556d80b7e78b/build]   | Progress (1): 3.7 kB                    Downloaded from central: https://repo.maven.apache.org/maven2/org/apache/maven/shared/maven-common-artifact-filters/1.3/maven-common-artifact-filters-1.3.pom (3.7 kB at 25 kB/s)
[76e6f833-bba3-43fe-a2d3-556d80b7e78b/build]   | Downloading from central: https://repo.maven.apache.org/maven2/org/apache/maven/shared/maven-shared-components/12/maven-shared-components-12.pom
[76e6f833-bba3-43fe-a2d3-556d80b7e78b/build]   | Progress (1): 4.1/9.3 kBProgress (1): 8.2/9.3 kBProgress (1): 9.3 kB                        Downloaded from central: https://repo.maven.apache.org/maven2/org/apache/maven/shared/maven-shared-components/12/maven-shared-components-12.pom (9.3 kB at 191 kB/s)
[76e6f833-bba3-43fe-a2d3-556d80b7e78b/build]   | Downloading from central: https://repo.maven.apache.org/maven2/org/apache/maven/maven-parent/13/maven-parent-13.pom
[76e6f833-bba3-43fe-a2d3-556d80b7e78b/build]   | Progress (1): 4.1/23 kBProgress (1): 8.2/23 kBProgress (1): 12/23 kB Progress (1): 16/23 kBProgress (1): 20/23 kBProgress (1): 23 kB                      Downloaded from central: https://repo.maven.apache.org/maven2/org/apache/maven/maven-parent/13/maven-parent-13.pom (23 kB at 503 kB/s)
[76e6f833-bba3-43fe-a2d3-556d80b7e78b/build]   | Downloading from central: https://repo.maven.apache.org/maven2/org/apache/apache/6/apache-6.pom
[76e6f833-bba3-43fe-a2d3-556d80b7e78b/build]   | Progress (1): 4.1/13 kBProgress (1): 8.2/13 kBProgress (1): 12/13 kB Progress (1): 13 kB                      Downloaded from central: https://repo.maven.apache.org/maven2/org/apache/apache/6/apache-6.pom (13 kB at 298 kB/s)
[76e6f833-bba3-43fe-a2d3-556d80b7e78b/build]   | Downloading from central: https://repo.maven.apache.org/maven2/org/codehaus/plexus/plexus-container-default/1.0-alpha-9/plexus-container-default-1.0-alpha-9.pom
[76e6f833-bba3-43fe-a2d3-556d80b7e78b/build]   | Progress (1): 1.2 kB                    Downloaded from central: https://repo.maven.apache.org/maven2/org/codehaus/plexus/plexus-container-default/1.0-alpha-9/plexus-container-default-1.0-alpha-9.pom (1.2 kB at 22 kB/s)
[76e6f833-bba3-43fe-a2d3-556d80b7e78b/build]   | Downloading from central: https://repo.maven.apache.org/maven2/org/apache/maven/maven-plugin-api/2.0.9/maven-plugin-api-2.0.9.jar
[76e6f833-bba3-43fe-a2d3-556d80b7e78b/build]   | Downloading from central: https://repo.maven.apache.org/maven2/org/apache/maven/surefire/surefire-booter/2.12.4/surefire-booter-2.12.4.jar
[76e6f833-bba3-43fe-a2d3-556d80b7e78b/build]   | Downloading from central: https://repo.maven.apache.org/maven2/org/apache/maven/surefire/surefire-api/2.12.4/surefire-api-2.12.4.jar
[76e6f833-bba3-43fe-a2d3-556d80b7e78b/build]   | Downloading from central: https://repo.maven.apache.org/maven2/org/apache/maven/surefire/maven-surefire-common/2.12.4/maven-surefire-common-2.12.4.jar
[76e6f833-bba3-43fe-a2d3-556d80b7e78b/build]   | Downloading from central: https://repo.maven.apache.org/maven2/org/apache/commons/commons-lang3/3.1/commons-lang3-3.1.jar
[76e6f833-bba3-43fe-a2d3-556d80b7e78b/build]   | Progress (1): 4.1/13 kBProgress (1): 8.2/13 kBProgress (1): 12/13 kB Progress (1): 13 kB   Progress (2): 13 kB | 4.1/316 kBProgress (2): 13 kB | 8.2/316 kBProgress (2): 13 kB | 12/316 kB Progress (2): 13 kB | 16/316 kBProgress (2): 13 kB | 20/316 kBProgress (2): 13 kB | 25/316 kBProgress (2): 13 kB | 29/316 kBProgress (2): 13 kB | 33/316 kBProgress (2): 13 kB | 37/316 kBProgress (2): 13 kB | 41/316 kBProgress (2): 13 kB | 45/316 kBProgress (2): 13 kB | 49/316 kBProgress (2): 13 kB | 53/316 kBProgress (2): 13 kB | 57/316 kBProgress (2): 13 kB | 61/316 kBProgress (2): 13 kB | 66/316 kBProgress (3): 13 kB | 66/316 kB | 4.1/35 kBProgress (3): 13 kB | 66/316 kB | 8.2/35 kBProgress (3): 13 kB | 66/316 kB | 12/35 kB Progress (3): 13 kB | 66/316 kB | 16/35 kBProgress (3): 13 kB | 66/316 kB | 20/35 kBProgress (3): 13 kB | 66/316 kB | 25/35 kBProgress (3): 13 kB | 66/316 kB | 29/35 kBProgress (3): 13 kB | 66/316 kB | 33/35 kBProgress (3): 13 kB | 66/316 kB | 35 kB   Progress (4): 13 kB | 66/316 kB | 35 kB | 4.1/263 kBProgress (4): 13 kB | 66/316 kB | 35 kB | 8.2/263 kBProgress (4): 13 kB | 66/316 kB | 35 kB | 12/263 kB Progress (4): 13 kB | 66/316 kB | 35 kB | 16/263 kBProgress (4): 13 kB | 66/316 kB | 35 kB | 20/263 kBProgress (4): 13 kB | 66/316 kB | 35 kB | 25/263 kBProgress (4): 13 kB | 66/316 kB | 35 kB | 29/263 kBProgress (4): 13 kB | 66/316 kB | 35 kB | 33/263 kBProgress (4): 13 kB | 66/316 kB | 35 kB | 37/263 kBProgress (4): 13 kB | 66/316 kB | 35 kB | 41/263 kBProgress (4): 13 kB | 66/316 kB | 35 kB | 45/263 kBProgress (4): 13 kB | 66/316 kB | 35 kB | 49/263 kBProgress (4): 13 kB | 66/316 kB | 35 kB | 53/263 kBProgress (4): 13 kB | 66/316 kB | 35 kB | 57/263 kBProgress (4): 13 kB | 66/316 kB | 35 kB | 61/263 kBProgress (4): 13 kB | 66/316 kB | 35 kB | 66/263 kBProgress (4): 13 kB | 66/316 kB | 35 kB | 70/263 kBProgress (4): 13 kB | 66/316 kB | 35 kB | 74/263 kBProgress (4): 13 kB | 66/316 kB | 35 kB | 78/263 kBProgress (4): 13 kB | 66/316 kB | 35 kB | 82/263 kBProgress (4): 13 kB | 66/316 kB | 35 kB | 86/263 kBProgress (4): 13 kB | 66/316 kB | 35 kB | 90/263 kBProgress (4): 13 kB | 66/316 kB | 35 kB | 94/263 kBProgress (4): 13 kB | 66/316 kB | 35 kB | 98/263 kBProgress (4): 13 kB | 66/316 kB | 35 kB | 102/263 kBProgress (4): 13 kB | 66/316 kB | 35 kB | 106/263 kBProgress (4): 13 kB | 66/316 kB | 35 kB | 111/263 kBProgress (4): 13 kB | 66/316 kB | 35 kB | 115/263 kBProgress (5): 13 kB | 66/316 kB | 35 kB | 115/263 kB | 4.1/118 kBProgress (5): 13 kB | 66/316 kB | 35 kB | 119/263 kB | 4.1/118 kBProgress (5): 13 kB | 66/316 kB | 35 kB | 123/263 kB | 4.1/118 kBProgress (5): 13 kB | 66/316 kB | 35 kB | 123/263 kB | 8.2/118 kBProgress (5): 13 kB | 66/316 kB | 35 kB | 127/263 kB | 8.2/118 kBProgress (5): 13 kB | 66/316 kB | 35 kB | 127/263 kB | 12/118 kB Progress (5): 13 kB | 66/316 kB | 35 kB | 131/263 kB | 12/118 kBProgress (5): 13 kB | 66/316 kB | 35 kB | 131/263 kB | 16/118 kBProgress (5): 13 kB | 66/316 kB | 35 kB | 131/263 kB | 20/118 kBProgress (5): 13 kB | 66/316 kB | 35 kB | 131/263 kB | 24/118 kBProgress (5): 13 kB | 66/316 kB | 35 kB | 131/263 kB | 28/118 kBProgress (5): 13 kB | 66/316 kB | 35 kB | 131/263 kB | 32/118 kBProgress (5): 13 kB | 66/316 kB | 35 kB | 131/263 kB | 36/118 kBProgress (5): 13 kB | 66/316 kB | 35 kB | 131/263 kB | 40/118 kBProgress (5): 13 kB | 66/316 kB | 35 kB | 131/263 kB | 44/118 kBProgress (5): 13 kB | 66/316 kB | 35 kB | 131/263 kB | 49/118 kBProgress (5): 13 kB | 66/316 kB | 35 kB | 131/263 kB | 53/118 kBProgress (5): 13 kB | 66/316 kB | 35 kB | 131/263 kB | 57/118 kBProgress (5): 13 kB | 66/316 kB | 35 kB | 135/263 kB | 57/118 kBProgress (5): 13 kB | 66/316 kB | 35 kB | 135/263 kB | 61/118 kBProgress (5): 13 kB | 66/316 kB | 35 kB | 139/263 kB | 61/118 kBProgress (5): 13 kB | 66/316 kB | 35 kB | 139/263 kB | 65/118 kBProgress (5): 13 kB | 66/316 kB | 35 kB | 143/263 kB | 65/118 kBProgress (5): 13 kB | 66/316 kB | 35 kB | 147/263 kB | 65/118 kBProgress (5): 13 kB | 66/316 kB | 35 kB | 147/263 kB | 69/118 kBProgress (5): 13 kB | 66/316 kB | 35 kB | 147/263 kB | 73/118 kBProgress (5): 13 kB | 66/316 kB | 35 kB | 147/263 kB | 77/118 kBProgress (5): 13 kB | 66/316 kB | 35 kB | 147/263 kB | 81/118 kBProgress (5): 13 kB | 70/316 kB | 35 kB | 147/263 kB | 81/118 kBProgress (5): 13 kB | 74/316 kB | 35 kB | 147/263 kB | 81/118 kBProgress (5): 13 kB | 74/316 kB | 35 kB | 147/263 kB | 85/118 kBProgress (5): 13 kB | 78/316 kB | 35 kB | 147/263 kB | 85/118 kBProgress (5): 13 kB | 78/316 kB | 35 kB | 147/263 kB | 90/118 kBProgress (5): 13 kB | 82/316 kB | 35 kB | 147/263 kB | 90/118 kBProgress (5): 13 kB | 82/316 kB | 35 kB | 147/263 kB | 94/118 kBProgress (5): 13 kB | 82/316 kB | 35 kB | 147/263 kB | 98/118 kBProgress (5): 13 kB | 86/316 kB | 35 kB | 147/263 kB | 98/118 kBProgress (5): 13 kB | 90/316 kB | 35 kB | 147/263 kB | 98/118 kBProgress (5): 13 kB | 90/316 kB | 35 kB | 147/263 kB | 102/118 kBProgress (5): 13 kB | 94/316 kB | 35 kB | 147/263 kB | 102/118 kBProgress (5): 13 kB | 94/316 kB | 35 kB | 147/263 kB | 106/118 kBProgress (5): 13 kB | 98/316 kB | 35 kB | 147/263 kB | 106/118 kBProgress (5): 13 kB | 98/316 kB | 35 kB | 147/263 kB | 110/118 kBProgress (5): 13 kB | 98/316 kB | 35 kB | 147/263 kB | 114/118 kBProgress (5): 13 kB | 102/316 kB | 35 kB | 147/263 kB | 114/118 kBProgress (5): 13 kB | 102/316 kB | 35 kB | 147/263 kB | 118 kB    Progress (5): 13 kB | 106/316 kB | 35 kB | 147/263 kB | 118 kBProgress (5): 13 kB | 111/316 kB | 35 kB | 147/263 kB | 118 kBProgress (5): 13 kB | 115/316 kB | 35 kB | 147/263 kB | 118 kBProgress (5): 13 kB | 119/316 kB | 35 kB | 147/263 kB | 118 kBProgress (5): 13 kB | 123/316 kB | 35 kB | 147/263 kB | 118 kBProgress (5): 13 kB | 127/316 kB | 35 kB | 147/263 kB | 118 kBProgress (5): 13 kB | 131/316 kB | 35 kB | 147/263 kB | 118 kBProgress (5): 13 kB | 131/316 kB | 35 kB | 152/263 kB | 118 kBProgress (5): 13 kB | 131/316 kB | 35 kB | 156/263 kB | 118 kBProgress (5): 13 kB | 135/316 kB | 35 kB | 156/263 kB | 118 kBProgress (5): 13 kB | 135/316 kB | 35 kB | 160/263 kB | 118 kBProgress (5): 13 kB | 139/316 kB | 35 kB | 160/263 kB | 118 kBProgress (5): 13 kB | 139/316 kB | 35 kB | 164/263 kB | 118 kBProgress (5): 13 kB | 143/316 kB | 35 kB | 164/263 kB | 118 kBProgress (5): 13 kB | 147/316 kB | 35 kB | 164/263 kB | 118 kBProgress (5): 13 kB | 147/316 kB | 35 kB | 168/263 kB | 118 kBProgress (5): 13 kB | 147/316 kB | 35 kB | 172/263 kB | 118 kBProgress (5): 13 kB | 152/316 kB | 35 kB | 172/263 kB | 118 kBProgress (5): 13 kB | 152/316 kB | 35 kB | 176/263 kB | 118 kBProgress (5): 13 kB | 156/316 kB | 35 kB | 176/263 kB | 118 kBProgress (5): 13 kB | 156/316 kB | 35 kB | 180/263 kB | 118 kBProgress (5): 13 kB | 160/316 kB | 35 kB | 180/263 kB | 118 kBProgress (5): 13 kB | 164/316 kB | 35 kB | 180/263 kB | 118 kBProgress (5): 13 kB | 164/316 kB | 35 kB | 184/263 kB | 118 kBProgress (5): 13 kB | 164/316 kB | 35 kB | 188/263 kB | 118 kBProgress (5): 13 kB | 164/316 kB | 35 kB | 193/263 kB | 118 kBProgress (5): 13 kB | 168/316 kB | 35 kB | 193/263 kB | 118 kBProgress (5): 13 kB | 168/316 kB | 35 kB | 197/263 kB | 118 kBProgress (5): 13 kB | 172/316 kB | 35 kB | 197/263 kB | 118 kBProgress (5): 13 kB | 176/316 kB | 35 kB | 197/263 kB | 118 kBProgress (5): 13 kB | 180/316 kB | 35 kB | 197/263 kB | 118 kBProgress (5): 13 kB | 180/316 kB | 35 kB | 201/263 kB | 118 kBProgress (5): 13 kB | 180/316 kB | 35 kB | 205/263 kB | 118 kBProgress (5): 13 kB | 180/316 kB | 35 kB | 209/263 kB | 118 kBProgress (5): 13 kB | 180/316 kB | 35 kB | 213/263 kB | 118 kBProgress (5): 13 kB | 180/316 kB | 35 kB | 217/263 kB | 118 kBProgress (5): 13 kB | 180/316 kB | 35 kB | 221/263 kB | 118 kBProgress (5): 13 kB | 180/316 kB | 35 kB | 225/263 kB | 118 kBProgress (5): 13 kB | 180/316 kB | 35 kB | 229/263 kB | 118 kBProgress (5): 13 kB | 180/316 kB | 35 kB | 233/263 kB | 118 kBProgress (5): 13 kB | 180/316 kB | 35 kB | 238/263 kB | 118 kBProgress (5): 13 kB | 180/316 kB | 35 kB | 242/263 kB | 118 kBProgress (5): 13 kB | 180/316 kB | 35 kB | 246/263 kB | 118 kBProgress (5): 13 kB | 180/316 kB | 35 kB | 250/263 kB | 118 kBProgress (5): 13 kB | 180/316 kB | 35 kB | 254/263 kB | 118 kBProgress (5): 13 kB | 180/316 kB | 35 kB | 258/263 kB | 118 kBProgress (5): 13 kB | 180/316 kB | 35 kB | 262/263 kB | 118 kBProgress (5): 13 kB | 180/316 kB | 35 kB | 263 kB | 118 kB    Progress (5): 13 kB | 184/316 kB | 35 kB | 263 kB | 118 kBProgress (5): 13 kB | 188/316 kB | 35 kB | 263 kB | 118 kBProgress (5): 13 kB | 193/316 kB | 35 kB | 263 kB | 118 kBProgress (5): 13 kB | 197/316 kB | 35 kB | 263 kB | 118 kBProgress (5): 13 kB | 201/316 kB | 35 kB | 263 kB | 118 kBProgress (5): 13 kB | 205/316 kB | 35 kB | 263 kB | 118 kBProgress (5): 13 kB | 209/316 kB | 35 kB | 263 kB | 118 kBProgress (5): 13 kB | 213/316 kB | 35 kB | 263 kB | 118 kBProgress (5): 13 kB | 217/316 kB | 35 kB | 263 kB | 118 kBProgress (5): 13 kB | 221/316 kB | 35 kB | 263 kB | 118 kBProgress (5): 13 kB | 225/316 kB | 35 kB | 263 kB | 118 kBProgress (5): 13 kB | 229/316 kB | 35 kB | 263 kB | 118 kBProgress (5): 13 kB | 233/316 kB | 35 kB | 263 kB | 118 kBProgress (5): 13 kB | 238/316 kB | 35 kB | 263 kB | 118 kBProgress (5): 13 kB | 242/316 kB | 35 kB | 263 kB | 118 kBProgress (5): 13 kB | 246/316 kB | 35 kB | 263 kB | 118 kBProgress (5): 13 kB | 250/316 kB | 35 kB | 263 kB | 118 kBProgress (5): 13 kB | 254/316 kB | 35 kB | 263 kB | 118 kBProgress (5): 13 kB | 258/316 kB | 35 kB | 263 kB | 118 kBProgress (5): 13 kB | 262/316 kB | 35 kB | 263 kB | 118 kBProgress (5): 13 kB | 266/316 kB | 35 kB | 263 kB | 118 kBProgress (5): 13 kB | 270/316 kB | 35 kB | 263 kB | 118 kBProgress (5): 13 kB | 274/316 kB | 35 kB | 263 kB | 118 kBProgress (5): 13 kB | 279/316 kB | 35 kB | 263 kB | 118 kBProgress (5): 13 kB | 283/316 kB | 35 kB | 263 kB | 118 kBProgress (5): 13 kB | 287/316 kB | 35 kB | 263 kB | 118 kBProgress (5): 13 kB | 291/316 kB | 35 kB | 263 kB | 118 kBProgress (5): 13 kB | 295/316 kB | 35 kB | 263 kB | 118 kBProgress (5): 13 kB | 299/316 kB | 35 kB | 263 kB | 118 kBProgress (5): 13 kB | 303/316 kB | 35 kB | 263 kB | 118 kBProgress (5): 13 kB | 307/316 kB | 35 kB | 263 kB | 118 kBProgress (5): 13 kB | 311/316 kB | 35 kB | 263 kB | 118 kBProgress (5): 13 kB | 315/316 kB | 35 kB | 263 kB | 118 kBProgress (5): 13 kB | 316 kB | 35 kB | 263 kB | 118 kB                                                          Downloaded from central: https://repo.maven.apache.org/maven2/org/apache/maven/maven-plugin-api/2.0.9/maven-plugin-api-2.0.9.jar (13 kB at 195 kB/s)
[76e6f833-bba3-43fe-a2d3-556d80b7e78b/build]   | Downloading from central: https://repo.maven.apache.org/maven2/org/apache/maven/shared/maven-common-artifact-filters/1.3/maven-common-artifact-filters-1.3.jar
[76e6f833-bba3-43fe-a2d3-556d80b7e78b/build]   | Progress (5): 316 kB | 35 kB | 263 kB | 118 kB | 4.1/31 kBProgress (5): 316 kB | 35 kB | 263 kB | 118 kB | 8.2/31 kBProgress (5): 316 kB | 35 kB | 263 kB | 118 kB | 12/31 kB Progress (5): 316 kB | 35 kB | 263 kB | 118 kB | 16/31 kBProgress (5): 316 kB | 35 kB | 263 kB | 118 kB | 20/31 kBProgress (5): 316 kB | 35 kB | 263 kB | 118 kB | 25/31 kBProgress (5): 316 kB | 35 kB | 263 kB | 118 kB | 29/31 kBProgress (5): 316 kB | 35 kB | 263 kB | 118 kB | 31 kB                                                         Downloaded from central: https://repo.maven.apache.org/maven2/org/apache/maven/surefire/surefire-booter/2.12.4/surefire-booter-2.12.4.jar (35 kB at 450 kB/s)
[76e6f833-bba3-43fe-a2d3-556d80b7e78b/build]   | Downloading from central: https://repo.maven.apache.org/maven2/org/codehaus/plexus/plexus-utils/3.0.8/plexus-utils-3.0.8.jar
[76e6f833-bba3-43fe-a2d3-556d80b7e78b/build]   | Downloaded from central: https://repo.maven.apache.org/maven2/org/apache/maven/surefire/maven-surefire-common/2.12.4/maven-surefire-common-2.12.4.jar (263 kB at 3.0 MB/s)
[76e6f833-bba3-43fe-a2d3-556d80b7e78b/build]   | Downloaded from central: https://repo.maven.apache.org/maven2/org/apache/maven/surefire/surefire-api/2.12.4/surefire-api-2.12.4.jar (118 kB at 1.3 MB/s)
[76e6f833-bba3-43fe-a2d3-556d80b7e78b/build]   | Downloading from central: https://repo.maven.apache.org/maven2/org/apache/maven/maven-artifact/2.0.9/maven-artifact-2.0.9.jar
[76e6f833-bba3-43fe-a2d3-556d80b7e78b/build]   | Downloading from central: https://repo.maven.apache.org/maven2/org/apache/maven/maven-project/2.0.9/maven-project-2.0.9.jar
[76e6f833-bba3-43fe-a2d3-556d80b7e78b/build]   | Progress (3): 316 kB | 31 kB | 4.1/232 kBProgress (3): 316 kB | 31 kB | 8.2/232 kBProgress (3): 316 kB | 31 kB | 12/232 kB Progress (3): 316 kB | 31 kB | 16/232 kBProgress (3): 316 kB | 31 kB | 20/232 kBProgress (3): 316 kB | 31 kB | 25/232 kBProgress (3): 316 kB | 31 kB | 29/232 kBProgress (3): 316 kB | 31 kB | 33/232 kBProgress (3): 316 kB | 31 kB | 37/232 kBProgress (3): 316 kB | 31 kB | 41/232 kBProgress (3): 316 kB | 31 kB | 45/232 kBProgress (3): 316 kB | 31 kB | 49/232 kBProgress (3): 316 kB | 31 kB | 53/232 kBProgress (3): 316 kB | 31 kB | 57/232 kBProgress (3): 316 kB | 31 kB | 61/232 kBProgress (3): 316 kB | 31 kB | 66/232 kBProgress (3): 316 kB | 31 kB | 70/232 kBProgress (3): 316 kB | 31 kB | 74/232 kBProgress (3): 316 kB | 31 kB | 78/232 kBProgress (3): 316 kB | 31 kB | 82/232 kBProgress (3): 316 kB | 31 kB | 86/232 kBProgress (3): 316 kB | 31 kB | 90/232 kBProgress (3): 316 kB | 31 kB | 94/232 kBProgress (3): 316 kB | 31 kB | 98/232 kBProgress (3): 316 kB | 31 kB | 102/232 kBProgress (3): 316 kB | 31 kB | 106/232 kBProgress (3): 316 kB | 31 kB | 111/232 kBProgress (3): 316 kB | 31 kB | 115/232 kB                                         Downloaded from central: https://repo.maven.apache.org/maven2/org/apache/commons/commons-lang3/3.1/commons-lang3-3.1.jar (316 kB at 3.3 MB/s)
[76e6f833-bba3-43fe-a2d3-556d80b7e78b/build]   | Downloading from central: https://repo.maven.apache.org/maven2/org/apache/maven/maven-settings/2.0.9/maven-settings-2.0.9.jar
[76e6f833-bba3-43fe-a2d3-556d80b7e78b/build]   | Progress (3): 31 kB | 115/232 kB | 4.1/122 kBProgress (3): 31 kB | 119/232 kB | 4.1/122 kBProgress (3): 31 kB | 123/232 kB | 4.1/122 kBProgress (3): 31 kB | 127/232 kB | 4.1/122 kBProgress (3): 31 kB | 131/232 kB | 4.1/122 kBProgress (3): 31 kB | 135/232 kB | 4.1/122 kBProgress (4): 31 kB | 135/232 kB | 4.1/122 kB | 4.1/89 kBProgress (4): 31 kB | 139/232 kB | 4.1/122 kB | 4.1/89 kBProgress (4): 31 kB | 143/232 kB | 4.1/122 kB | 4.1/89 kBProgress (4): 31 kB | 143/232 kB | 4.1/122 kB | 8.2/89 kBProgress (4): 31 kB | 147/232 kB | 4.1/122 kB | 8.2/89 kBProgress (4): 31 kB | 147/232 kB | 4.1/122 kB | 12/89 kB Progress (4): 31 kB | 147/232 kB | 4.1/122 kB | 16/89 kBProgress (4): 31 kB | 152/232 kB | 4.1/122 kB | 16/89 kBProgress (4): 31 kB | 156/232 kB | 4.1/122 kB | 16/89 kBProgress (4): 31 kB | 160/232 kB | 4.1/122 kB | 16/89 kBProgress (4): 31 kB | 164/232 kB | 4.1/122 kB | 16/89 kBProgress (4): 31 kB | 164/232 kB | 4.1/122 kB | 20/89 kBProgress (4): 31 kB | 164/232 kB | 8.2/122 kB | 20/89 kBProgress (4): 31 kB | 164/232 kB | 8.2/122 kB | 24/89 kBProgress (4): 31 kB | 164/232 kB | 12/122 kB | 24/89 kB Progress (4): 31 kB | 164/232 kB | 12/122 kB | 28/89 kBProgress (4): 31 kB | 164/232 kB | 16/122 kB | 28/89 kBProgress (4): 31 kB | 164/232 kB | 16/122 kB | 32/89 kBProgress (4): 31 kB | 168/232 kB | 16/122 kB | 32/89 kBProgress (4): 31 kB | 168/232 kB | 20/122 kB | 32/89 kBProgress (4): 31 kB | 172/232 kB | 20/122 kB | 32/89 kBProgress (4): 31 kB | 172/232 kB | 25/122 kB | 32/89 kBProgress (4): 31 kB | 172/232 kB | 25/122 kB | 36/89 kBProgress (4): 31 kB | 176/232 kB | 25/122 kB | 36/89 kBProgress (4): 31 kB | 176/232 kB | 29/122 kB | 36/89 kBProgress (4): 31 kB | 180/232 kB | 29/122 kB | 36/89 kBProgress (4): 31 kB | 180/232 kB | 33/122 kB | 36/89 kBProgress (4): 31 kB | 180/232 kB | 33/122 kB | 40/89 kBProgress (4): 31 kB | 180/232 kB | 33/122 kB | 44/89 kBProgress (4): 31 kB | 180/232 kB | 33/122 kB | 49/89 kBProgress (4): 31 kB | 180/232 kB | 37/122 kB | 49/89 kBProgress (4): 31 kB | 184/232 kB | 37/122 kB | 49/89 kBProgress (4): 31 kB | 184/232 kB | 41/122 kB | 49/89 kBProgress (4): 31 kB | 188/232 kB | 41/122 kB | 49/89 kBProgress (4): 31 kB | 188/232 kB | 45/122 kB | 49/89 kBProgress (4): 31 kB | 193/232 kB | 45/122 kB | 49/89 kBProgress (4): 31 kB | 193/232 kB | 49/122 kB | 49/89 kBProgress (4): 31 kB | 193/232 kB | 49/122 kB | 53/89 kBProgress (4): 31 kB | 197/232 kB | 49/122 kB | 53/89 kBProgress (4): 31 kB | 197/232 kB | 49/122 kB | 57/89 kBProgress (4): 31 kB | 197/232 kB | 49/122 kB | 61/89 kBProgress (4): 31 kB | 197/232 kB | 53/122 kB | 61/89 kBProgress (4): 31 kB | 197/232 kB | 53/122 kB | 65/89 kBProgress (4): 31 kB | 197/232 kB | 57/122 kB | 65/89 kBProgress (4): 31 kB | 201/232 kB | 57/122 kB | 65/89 kBProgress (4): 31 kB | 201/232 kB | 61/122 kB | 65/89 kBProgress (4): 31 kB | 205/232 kB | 61/122 kB | 65/89 kBProgress (4): 31 kB | 205/232 kB | 66/122 kB | 65/89 kBProgress (4): 31 kB | 205/232 kB | 66/122 kB | 69/89 kBProgress (4): 31 kB | 209/232 kB | 66/122 kB | 69/89 kBProgress (4): 31 kB | 209/232 kB | 66/122 kB | 73/89 kBProgress (4): 31 kB | 213/232 kB | 66/122 kB | 73/89 kBProgress (4): 31 kB | 213/232 kB | 66/122 kB | 77/89 kBProgress (4): 31 kB | 213/232 kB | 70/122 kB | 77/89 kBProgress (4): 31 kB | 213/232 kB | 70/122 kB | 81/89 kBProgress (4): 31 kB | 213/232 kB | 74/122 kB | 81/89 kBProgress (4): 31 kB | 213/232 kB | 78/122 kB | 81/89 kBProgress (4): 31 kB | 213/232 kB | 82/122 kB | 81/89 kBProgress (4): 31 kB | 217/232 kB | 82/122 kB | 81/89 kBProgress (4): 31 kB | 217/232 kB | 82/122 kB | 85/89 kBProgress (4): 31 kB | 221/232 kB | 82/122 kB | 85/89 kBProgress (4): 31 kB | 221/232 kB | 82/122 kB | 89 kB   Progress (4): 31 kB | 221/232 kB | 86/122 kB | 89 kBProgress (4): 31 kB | 225/232 kB | 86/122 kB | 89 kBProgress (4): 31 kB | 225/232 kB | 90/122 kB | 89 kBProgress (4): 31 kB | 229/232 kB | 90/122 kB | 89 kBProgress (4): 31 kB | 229/232 kB | 94/122 kB | 89 kBProgress (4): 31 kB | 229/232 kB | 98/122 kB | 89 kBProgress (4): 31 kB | 232 kB | 98/122 kB | 89 kB    Progress (4): 31 kB | 232 kB | 102/122 kB | 89 kBProgress (4): 31 kB | 232 kB | 106/122 kB | 89 kBProgress (4): 31 kB | 232 kB | 111/122 kB | 89 kBProgress (4): 31 kB | 232 kB | 115/122 kB | 89 kBProgress (4): 31 kB | 232 kB | 119/122 kB | 89 kBProgress (4): 31 kB | 232 kB | 122 kB | 89 kB    Progress (5): 31 kB | 232 kB | 122 kB | 89 kB | 4.1/49 kBProgress (5): 31 kB | 232 kB | 122 kB | 89 kB | 8.2/49 kBProgress (5): 31 kB | 232 kB | 122 kB | 89 kB | 12/49 kB Progress (5): 31 kB | 232 kB | 122 kB | 89 kB | 16/49 kBProgress (5): 31 kB | 232 kB | 122 kB | 89 kB | 20/49 kBProgress (5): 31 kB | 232 kB | 122 kB | 89 kB | 25/49 kBProgress (5): 31 kB | 232 kB | 122 kB | 89 kB | 29/49 kBProgress (5): 31 kB | 232 kB | 122 kB | 89 kB | 33/49 kBProgress (5): 31 kB | 232 kB | 122 kB | 89 kB | 37/49 kBProgress (5): 31 kB | 232 kB | 122 kB | 89 kB | 41/49 kBProgress (5): 31 kB | 232 kB | 122 kB | 89 kB | 45/49 kBProgress (5): 31 kB | 232 kB | 122 kB | 89 kB | 49 kB                                                        Downloaded from central: https://repo.maven.apache.org/maven2/org/apache/maven/shared/maven-common-artifact-filters/1.3/maven-common-artifact-filters-1.3.jar (31 kB at 237 kB/s)
[76e6f833-bba3-43fe-a2d3-556d80b7e78b/build]   | Downloading from central: https://repo.maven.apache.org/maven2/org/apache/maven/maven-profile/2.0.9/maven-profile-2.0.9.jar
[76e6f833-bba3-43fe-a2d3-556d80b7e78b/build]   | Progress (5): 232 kB | 122 kB | 89 kB | 49 kB | 4.1/35 kBProgress (5): 232 kB | 122 kB | 89 kB | 49 kB | 8.2/35 kBProgress (5): 232 kB | 122 kB | 89 kB | 49 kB | 12/35 kB Progress (5): 232 kB | 122 kB | 89 kB | 49 kB | 16/35 kBProgress (5): 232 kB | 122 kB | 89 kB | 49 kB | 20/35 kBProgress (5): 232 kB | 122 kB | 89 kB | 49 kB | 25/35 kBProgress (5): 232 kB | 122 kB | 89 kB | 49 kB | 29/35 kBProgress (5): 232 kB | 122 kB | 89 kB | 49 kB | 33/35 kBProgress (5): 232 kB | 122 kB | 89 kB | 49 kB | 35 kB                                                        Downloaded from central: https://repo.maven.apache.org/maven2/org/apache/maven/maven-artifact/2.0.9/maven-artifact-2.0.9.jar (89 kB at 577 kB/s)
[76e6f833-bba3-43fe-a2d3-556d80b7e78b/build]   | Downloaded from central: https://repo.maven.apache.org/maven2/org/codehaus/plexus/plexus-utils/3.0.8/plexus-utils-3.0.8.jar (232 kB at 1.5 MB/s)
[76e6f833-bba3-43fe-a2d3-556d80b7e78b/build]   | Downloading from central: https://repo.maven.apache.org/maven2/org/apache/maven/maven-model/2.0.9/maven-model-2.0.9.jar
[76e6f833-bba3-43fe-a2d3-556d80b7e78b/build]   | Downloading from central: https://repo.maven.apache.org/maven2/org/apache/maven/maven-artifact-manager/2.0.9/maven-artifact-manager-2.0.9.jar
[76e6f833-bba3-43fe-a2d3-556d80b7e78b/build]   | Downloaded from central: https://repo.maven.apache.org/maven2/org/apache/maven/maven-project/2.0.9/maven-project-2.0.9.jar (122 kB at 776 kB/s)
[76e6f833-bba3-43fe-a2d3-556d80b7e78b/build]   | Downloading from central: https://repo.maven.apache.org/maven2/org/apache/maven/maven-plugin-registry/2.0.9/maven-plugin-registry-2.0.9.jar
[76e6f833-bba3-43fe-a2d3-556d80b7e78b/build]   | Progress (3): 49 kB | 35 kB | 4.1/87 kBProgress (3): 49 kB | 35 kB | 8.2/87 kBProgress (3): 49 kB | 35 kB | 12/87 kB Progress (3): 49 kB | 35 kB | 16/87 kBProgress (3): 49 kB | 35 kB | 20/87 kBProgress (3): 49 kB | 35 kB | 25/87 kBProgress (4): 49 kB | 35 kB | 25/87 kB | 4.1/58 kBProgress (4): 49 kB | 35 kB | 29/87 kB | 4.1/58 kBProgress (4): 49 kB | 35 kB | 33/87 kB | 4.1/58 kBProgress (4): 49 kB | 35 kB | 33/87 kB | 8.2/58 kBProgress (4): 49 kB | 35 kB | 33/87 kB | 12/58 kB Progress (4): 49 kB | 35 kB | 33/87 kB | 16/58 kBProgress (4): 49 kB | 35 kB | 37/87 kB | 16/58 kBProgress (4): 49 kB | 35 kB | 41/87 kB | 16/58 kBProgress (4): 49 kB | 35 kB | 45/87 kB | 16/58 kBProgress (4): 49 kB | 35 kB | 49/87 kB | 16/58 kBProgress (4): 49 kB | 35 kB | 49/87 kB | 20/58 kBProgress (4): 49 kB | 35 kB | 49/87 kB | 25/58 kBProgress (4): 49 kB | 35 kB | 49/87 kB | 29/58 kBProgress (4): 49 kB | 35 kB | 49/87 kB | 33/58 kBProgress (4): 49 kB | 35 kB | 49/87 kB | 37/58 kBProgress (4): 49 kB | 35 kB | 49/87 kB | 41/58 kBProgress (4): 49 kB | 35 kB | 49/87 kB | 45/58 kBProgress (4): 49 kB | 35 kB | 49/87 kB | 49/58 kBProgress (4): 49 kB | 35 kB | 49/87 kB | 53/58 kBProgress (4): 49 kB | 35 kB | 49/87 kB | 57/58 kBProgress (4): 49 kB | 35 kB | 49/87 kB | 58 kB   Progress (4): 49 kB | 35 kB | 53/87 kB | 58 kBProgress (4): 49 kB | 35 kB | 57/87 kB | 58 kBProgress (4): 49 kB | 35 kB | 61/87 kB | 58 kBProgress (4): 49 kB | 35 kB | 66/87 kB | 58 kBProgress (4): 49 kB | 35 kB | 70/87 kB | 58 kBProgress (4): 49 kB | 35 kB | 74/87 kB | 58 kBProgress (4): 49 kB | 35 kB | 78/87 kB | 58 kBProgress (4): 49 kB | 35 kB | 82/87 kB | 58 kBProgress (5): 49 kB | 35 kB | 82/87 kB | 58 kB | 4.1/29 kBProgress (5): 49 kB | 35 kB | 86/87 kB | 58 kB | 4.1/29 kBProgress (5): 49 kB | 35 kB | 86/87 kB | 58 kB | 8.2/29 kBProgress (5): 49 kB | 35 kB | 87 kB | 58 kB | 8.2/29 kB   Progress (5): 49 kB | 35 kB | 87 kB | 58 kB | 12/29 kB Progress (5): 49 kB | 35 kB | 87 kB | 58 kB | 16/29 kBProgress (5): 49 kB | 35 kB | 87 kB | 58 kB | 20/29 kBProgress (5): 49 kB | 35 kB | 87 kB | 58 kB | 24/29 kBProgress (5): 49 kB | 35 kB | 87 kB | 58 kB | 28/29 kBProgress (5): 49 kB | 35 kB | 87 kB | 58 kB | 29 kB                                                      Downloaded from central: https://repo.maven.apache.org/maven2/org/apache/maven/maven-settings/2.0.9/maven-settings-2.0.9.jar (49 kB at 291 kB/s)
[76e6f833-bba3-43fe-a2d3-556d80b7e78b/build]   | Downloading from central: https://repo.maven.apache.org/maven2/org/apache/maven/maven-core/2.0.9/maven-core-2.0.9.jar
[76e6f833-bba3-43fe-a2d3-556d80b7e78b/build]   | Progress (5): 35 kB | 87 kB | 58 kB | 29 kB | 4.1/160 kBProgress (5): 35 kB | 87 kB | 58 kB | 29 kB | 8.2/160 kBProgress (5): 35 kB | 87 kB | 58 kB | 29 kB | 12/160 kB Progress (5): 35 kB | 87 kB | 58 kB | 29 kB | 16/160 kBProgress (5): 35 kB | 87 kB | 58 kB | 29 kB | 20/160 kBProgress (5): 35 kB | 87 kB | 58 kB | 29 kB | 25/160 kBProgress (5): 35 kB | 87 kB | 58 kB | 29 kB | 29/160 kBProgress (5): 35 kB | 87 kB | 58 kB | 29 kB | 33/160 kBProgress (5): 35 kB | 87 kB | 58 kB | 29 kB | 37/160 kBProgress (5): 35 kB | 87 kB | 58 kB | 29 kB | 41/160 kBProgress (5): 35 kB | 87 kB | 58 kB | 29 kB | 45/160 kBProgress (5): 35 kB | 87 kB | 58 kB | 29 kB | 49/160 kBProgress (5): 35 kB | 87 kB | 58 kB | 29 kB | 53/160 kBProgress (5): 35 kB | 87 kB | 58 kB | 29 kB | 57/160 kBProgress (5): 35 kB | 87 kB | 58 kB | 29 kB | 61/160 kBProgress (5): 35 kB | 87 kB | 58 kB | 29 kB | 66/160 kBProgress (5): 35 kB | 87 kB | 58 kB | 29 kB | 70/160 kBProgress (5): 35 kB | 87 kB | 58 kB | 29 kB | 74/160 kBProgress (5): 35 kB | 87 kB | 58 kB | 29 kB | 78/160 kBProgress (5): 35 kB | 87 kB | 58 kB | 29 kB | 82/160 kBProgress (5): 35 kB | 87 kB | 58 kB | 29 kB | 86/160 kBProgress (5): 35 kB | 87 kB | 58 kB | 29 kB | 90/160 kBProgress (5): 35 kB | 87 kB | 58 kB | 29 kB | 94/160 kBProgress (5): 35 kB | 87 kB | 58 kB | 29 kB | 98/160 kBProgress (5): 35 kB | 87 kB | 58 kB | 29 kB | 102/160 kBProgress (5): 35 kB | 87 kB | 58 kB | 29 kB | 106/160 kBProgress (5): 35 kB | 87 kB | 58 kB | 29 kB | 111/160 kBProgress (5): 35 kB | 87 kB | 58 kB | 29 kB | 115/160 kBProgress (5): 35 kB | 87 kB | 58 kB | 29 kB | 119/160 kBProgress (5): 35 kB | 87 kB | 58 kB | 29 kB | 123/160 kBProgress (5): 35 kB | 87 kB | 58 kB | 29 kB | 127/160 kBProgress (5): 35 kB | 87 kB | 58 kB | 29 kB | 131/160 kBProgress (5): 35 kB | 87 kB | 58 kB | 29 kB | 135/160 kBProgress (5): 35 kB | 87 kB | 58 kB | 29 kB | 139/160 kBProgress (5): 35 kB | 87 kB | 58 kB | 29 kB | 143/160 kBProgress (5): 35 kB | 87 kB | 58 kB | 29 kB | 147/160 kBProgress (5): 35 kB | 87 kB | 58 kB | 29 kB | 152/160 kBProgress (5): 35 kB | 87 kB | 58 kB | 29 kB | 156/160 kBProgress (5): 35 kB | 87 kB | 58 kB | 29 kB | 160 kB                                                        Downloaded from central: https://repo.maven.apache.org/maven2/org/apache/maven/maven-profile/2.0.9/maven-profile-2.0.9.jar (35 kB at 174 kB/s)
[76e6f833-bba3-43fe-a2d3-556d80b7e78b/build]   | Downloading from central: https://repo.maven.apache.org/maven2/org/apache/maven/maven-plugin-parameter-documenter/2.0.9/maven-plugin-parameter-documenter-2.0.9.jar
[76e6f833-bba3-43fe-a2d3-556d80b7e78b/build]   | Downloaded from central: https://repo.maven.apache.org/maven2/org/apache/maven/maven-artifact-manager/2.0.9/maven-artifact-manager-2.0.9.jar (58 kB at 273 kB/s)
[76e6f833-bba3-43fe-a2d3-556d80b7e78b/build]   | Downloading from central: https://repo.maven.apache.org/maven2/org/apache/maven/reporting/maven-reporting-api/2.0.9/maven-reporting-api-2.0.9.jar
[76e6f833-bba3-43fe-a2d3-556d80b7e78b/build]   | Progress (4): 87 kB | 29 kB | 160 kB | 4.1/21 kBProgress (4): 87 kB | 29 kB | 160 kB | 8.2/21 kBProgress (4): 87 kB | 29 kB | 160 kB | 12/21 kB Progress (4): 87 kB | 29 kB | 160 kB | 16/21 kBProgress (4): 87 kB | 29 kB | 160 kB | 20/21 kBProgress (4): 87 kB | 29 kB | 160 kB | 21 kB                                               Downloaded from central: https://repo.maven.apache.org/maven2/org/apache/maven/maven-model/2.0.9/maven-model-2.0.9.jar (87 kB at 404 kB/s)
[76e6f833-bba3-43fe-a2d3-556d80b7e78b/build]   | Downloading from central: https://repo.maven.apache.org/maven2/org/apache/maven/maven-repository-metadata/2.0.9/maven-repository-metadata-2.0.9.jar
[76e6f833-bba3-43fe-a2d3-556d80b7e78b/build]   | Downloaded from central: https://repo.maven.apache.org/maven2/org/apache/maven/maven-plugin-registry/2.0.9/maven-plugin-registry-2.0.9.jar (29 kB at 132 kB/s)
[76e6f833-bba3-43fe-a2d3-556d80b7e78b/build]   | Downloading from central: https://repo.maven.apache.org/maven2/org/apache/maven/maven-error-diagnostics/2.0.9/maven-error-diagnostics-2.0.9.jar
[76e6f833-bba3-43fe-a2d3-556d80b7e78b/build]   | Progress (3): 160 kB | 21 kB | 4.1/25 kBProgress (3): 160 kB | 21 kB | 8.2/25 kBProgress (3): 160 kB | 21 kB | 12/25 kB Progress (3): 160 kB | 21 kB | 16/25 kBProgress (3): 160 kB | 21 kB | 20/25 kBProgress (3): 160 kB | 21 kB | 24/25 kBProgress (3): 160 kB | 21 kB | 25 kB   Progress (4): 160 kB | 21 kB | 25 kB | 4.1/14 kBProgress (4): 160 kB | 21 kB | 25 kB | 8.2/14 kBProgress (4): 160 kB | 21 kB | 25 kB | 12/14 kB Progress (4): 160 kB | 21 kB | 25 kB | 14 kB                                               Downloaded from central: https://repo.maven.apache.org/maven2/org/apache/maven/maven-core/2.0.9/maven-core-2.0.9.jar (160 kB at 685 kB/s)
[76e6f833-bba3-43fe-a2d3-556d80b7e78b/build]   | Downloading from central: https://repo.maven.apache.org/maven2/org/apache/maven/maven-plugin-descriptor/2.0.9/maven-plugin-descriptor-2.0.9.jar
[76e6f833-bba3-43fe-a2d3-556d80b7e78b/build]   | Progress (4): 21 kB | 25 kB | 14 kB | 4.1/37 kBProgress (5): 21 kB | 25 kB | 14 kB | 4.1/37 kB | 4.1/10 kBProgress (5): 21 kB | 25 kB | 14 kB | 8.2/37 kB | 4.1/10 kBProgress (5): 21 kB | 25 kB | 14 kB | 12/37 kB | 4.1/10 kB Progress (5): 21 kB | 25 kB | 14 kB | 12/37 kB | 8.2/10 kBProgress (5): 21 kB | 25 kB | 14 kB | 16/37 kB | 8.2/10 kBProgress (5): 21 kB | 25 kB | 14 kB | 16/37 kB | 10 kB    Progress (5): 21 kB | 25 kB | 14 kB | 20/37 kB | 10 kBProgress (5): 21 kB | 25 kB | 14 kB | 24/37 kB | 10 kBProgress (5): 21 kB | 25 kB | 14 kB | 28/37 kB | 10 kBProgress (5): 21 kB | 25 kB | 14 kB | 32/37 kB | 10 kBProgress (5): 21 kB | 25 kB | 14 kB | 36/37 kB | 10 kBProgress (5): 21 kB | 25 kB | 14 kB | 37 kB | 10 kB                                                      Downloaded from central: https://repo.maven.apache.org/maven2/org/apache/maven/maven-plugin-parameter-documenter/2.0.9/maven-plugin-parameter-documenter-2.0.9.jar (21 kB at 81 kB/s)
[76e6f833-bba3-43fe-a2d3-556d80b7e78b/build]   | Downloading from central: https://repo.maven.apache.org/maven2/org/apache/maven/maven-monitor/2.0.9/maven-monitor-2.0.9.jar
[76e6f833-bba3-43fe-a2d3-556d80b7e78b/build]   | Downloaded from central: https://repo.maven.apache.org/maven2/org/apache/maven/maven-repository-metadata/2.0.9/maven-repository-metadata-2.0.9.jar (25 kB at 93 kB/s)
[76e6f833-bba3-43fe-a2d3-556d80b7e78b/build]   | Downloading from central: https://repo.maven.apache.org/maven2/org/apache/maven/maven-toolchain/2.0.9/maven-toolchain-2.0.9.jar
[76e6f833-bba3-43fe-a2d3-556d80b7e78b/build]   | Progress (4): 14 kB | 37 kB | 10 kB | 4.1/10 kBProgress (4): 14 kB | 37 kB | 10 kB | 8.2/10 kBProgress (4): 14 kB | 37 kB | 10 kB | 10 kB                                               Downloaded from central: https://repo.maven.apache.org/maven2/org/apache/maven/maven-error-diagnostics/2.0.9/maven-error-diagnostics-2.0.9.jar (14 kB at 50 kB/s)
[76e6f833-bba3-43fe-a2d3-556d80b7e78b/build]   | Downloading from central: https://repo.maven.apache.org/maven2/org/apache/maven/plugin-tools/maven-plugin-annotations/3.1/maven-plugin-annotations-3.1.jar
[76e6f833-bba3-43fe-a2d3-556d80b7e78b/build]   | Progress (4): 37 kB | 10 kB | 10 kB | 4.1/38 kBProgress (4): 37 kB | 10 kB | 10 kB | 8.2/38 kBProgress (4): 37 kB | 10 kB | 10 kB | 12/38 kB Progress (4): 37 kB | 10 kB | 10 kB | 16/38 kBProgress (4): 37 kB | 10 kB | 10 kB | 20/38 kBProgress (4): 37 kB | 10 kB | 10 kB | 25/38 kBProgress (4): 37 kB | 10 kB | 10 kB | 29/38 kBProgress (4): 37 kB | 10 kB | 10 kB | 33/38 kBProgress (4): 37 kB | 10 kB | 10 kB | 37/38 kBProgress (4): 37 kB | 10 kB | 10 kB | 38 kB                                              Downloaded from central: https://repo.maven.apache.org/maven2/org/apache/maven/maven-plugin-descriptor/2.0.9/maven-plugin-descriptor-2.0.9.jar (37 kB at 131 kB/s)
[76e6f833-bba3-43fe-a2d3-556d80b7e78b/build]   | Progress (4): 10 kB | 10 kB | 38 kB | 4.1/14 kBProgress (4): 10 kB | 10 kB | 38 kB | 8.2/14 kBProgress (4): 10 kB | 10 kB | 38 kB | 12/14 kB Progress (4): 10 kB | 10 kB | 38 kB | 14 kB                                              Downloaded from central: https://repo.maven.apache.org/maven2/org/apache/maven/reporting/maven-reporting-api/2.0.9/maven-reporting-api-2.0.9.jar (10 kB at 29 kB/s)
[76e6f833-bba3-43fe-a2d3-556d80b7e78b/build]   | Downloaded from central: https://repo.maven.apache.org/maven2/org/apache/maven/maven-toolchain/2.0.9/maven-toolchain-2.0.9.jar (38 kB at 105 kB/s)
[76e6f833-bba3-43fe-a2d3-556d80b7e78b/build]   | Downloaded from central: https://repo.maven.apache.org/maven2/org/apache/maven/plugin-tools/maven-plugin-annotations/3.1/maven-plugin-annotations-3.1.jar (14 kB at 39 kB/s)
[76e6f833-bba3-43fe-a2d3-556d80b7e78b/build]   | Downloaded from central: https://repo.maven.apache.org/maven2/org/apache/maven/maven-monitor/2.0.9/maven-monitor-2.0.9.jar (10 kB at 28 kB/s)
[76e6f833-bba3-43fe-a2d3-556d80b7e78b/build]   | [INFO] Surefire report directory: /tmp/254a46a6-e79f-42c2-9394-a9c012e14999/target/surefire-reports
[76e6f833-bba3-43fe-a2d3-556d80b7e78b/build]   | Downloading from central: https://repo.maven.apache.org/maven2/org/apache/maven/surefire/surefire-junit4/2.12.4/surefire-junit4-2.12.4.pom
[76e6f833-bba3-43fe-a2d3-556d80b7e78b/build]   | Progress (1): 2.4 kB                    Downloaded from central: https://repo.maven.apache.org/maven2/org/apache/maven/surefire/surefire-junit4/2.12.4/surefire-junit4-2.12.4.pom (2.4 kB at 48 kB/s)
[76e6f833-bba3-43fe-a2d3-556d80b7e78b/build]   | Downloading from central: https://repo.maven.apache.org/maven2/org/apache/maven/surefire/surefire-providers/2.12.4/surefire-providers-2.12.4.pom
[76e6f833-bba3-43fe-a2d3-556d80b7e78b/build]   | Progress (1): 2.3 kB                    Downloaded from central: https://repo.maven.apache.org/maven2/org/apache/maven/surefire/surefire-providers/2.12.4/surefire-providers-2.12.4.pom (2.3 kB at 43 kB/s)
[76e6f833-bba3-43fe-a2d3-556d80b7e78b/build]   | Downloading from central: https://repo.maven.apache.org/maven2/org/apache/maven/surefire/surefire-junit4/2.12.4/surefire-junit4-2.12.4.jar
[76e6f833-bba3-43fe-a2d3-556d80b7e78b/build]   | Progress (1): 4.1/37 kBProgress (1): 8.2/37 kBProgress (1): 12/37 kB Progress (1): 16/37 kBProgress (1): 20/37 kBProgress (1): 25/37 kBProgress (1): 29/37 kBProgress (1): 33/37 kBProgress (1): 37/37 kBProgress (1): 37 kB                      Downloaded from central: https://repo.maven.apache.org/maven2/org/apache/maven/surefire/surefire-junit4/2.12.4/surefire-junit4-2.12.4.jar (37 kB at 738 kB/s)
[76e6f833-bba3-43fe-a2d3-556d80b7e78b/build]   | 
[76e6f833-bba3-43fe-a2d3-556d80b7e78b/build]   | -------------------------------------------------------
[76e6f833-bba3-43fe-a2d3-556d80b7e78b/build]   |  T E S T S
[76e6f833-bba3-43fe-a2d3-556d80b7e78b/build]   | -------------------------------------------------------
[76e6f833-bba3-43fe-a2d3-556d80b7e78b/build]   | Running br.com.wmixvideo.sped.util.SFStringBuilderTest
[76e6f833-bba3-43fe-a2d3-556d80b7e78b/build]   | Tests run: 6, Failures: 0, Errors: 0, Skipped: 0, Time elapsed: 0.098 sec
[76e6f833-bba3-43fe-a2d3-556d80b7e78b/build]   | Running br.com.wmixvideo.sped.util.SFUtilTest
[76e6f833-bba3-43fe-a2d3-556d80b7e78b/build]   | Tests run: 5, Failures: 0, Errors: 0, Skipped: 0, Time elapsed: 0.013 sec
[76e6f833-bba3-43fe-a2d3-556d80b7e78b/build]   | Running br.com.wmixvideo.sped.util.SFReferenciaTest
[76e6f833-bba3-43fe-a2d3-556d80b7e78b/build]   | Tests run: 3, Failures: 0, Errors: 0, Skipped: 0, Time elapsed: 0.002 sec
[76e6f833-bba3-43fe-a2d3-556d80b7e78b/build]   | Running br.com.wmixvideo.sped.leiaute.SFEncerramentoBlocoTest
[76e6f833-bba3-43fe-a2d3-556d80b7e78b/build]   | Tests run: 1, Failures: 0, Errors: 0, Skipped: 0, Time elapsed: 0.002 sec
[76e6f833-bba3-43fe-a2d3-556d80b7e78b/build]   | Running br.com.wmixvideo.sped.leiaute.blocoh.SFH005TotaisInventarioTest
[76e6f833-bba3-43fe-a2d3-556d80b7e78b/build]   | Tests run: 1, Failures: 0, Errors: 0, Skipped: 0, Time elapsed: 0.015 sec
[76e6f833-bba3-43fe-a2d3-556d80b7e78b/build]   | Running br.com.wmixvideo.sped.leiaute.blocoh.SFH010InventarioTest
[76e6f833-bba3-43fe-a2d3-556d80b7e78b/build]   | Tests run: 1, Failures: 0, Errors: 0, Skipped: 0, Time elapsed: 0.003 sec
[76e6f833-bba3-43fe-a2d3-556d80b7e78b/build]   | Running br.com.wmixvideo.sped.leiaute.bloco1.SF1010ObrigatoriedadeRegistrosBloco1Test
[76e6f833-bba3-43fe-a2d3-556d80b7e78b/build]   | Tests run: 1, Failures: 1, Errors: 0, Skipped: 0, Time elapsed: 0.011 sec <<< FAILURE!
[76e6f833-bba3-43fe-a2d3-556d80b7e78b/build]   | deveGerarLinhaCompleta(br.com.wmixvideo.sped.leiaute.bloco1.SF1010ObrigatoriedadeRegistrosBloco1Test)  Time elapsed: 0.01 sec  <<< FAILURE!
[76e6f833-bba3-43fe-a2d3-556d80b7e78b/build]   | org.junit.ComparisonFailure: expected:<...0|N|N|N|N|N|N|N|N|N|[N|N|N|N|]> but was:<...0|N|N|N|N|N|N|N|N|N|[]>
[76e6f833-bba3-43fe-a2d3-556d80b7e78b/build]   | 	at org.junit.Assert.assertEquals(Assert.java:117)
[76e6f833-bba3-43fe-a2d3-556d80b7e78b/build]   | 	at org.junit.Assert.assertEquals(Assert.java:146)
[76e6f833-bba3-43fe-a2d3-556d80b7e78b/build]   | 	at br.com.wmixvideo.sped.leiaute.bloco1.SF1010ObrigatoriedadeRegistrosBloco1Test.deveGerarLinhaCompleta(SF1010ObrigatoriedadeRegistrosBloco1Test.java:10)
[76e6f833-bba3-43fe-a2d3-556d80b7e78b/build]   | 	at java.base/jdk.internal.reflect.NativeMethodAccessorImpl.invoke0(Native Method)
[76e6f833-bba3-43fe-a2d3-556d80b7e78b/build]   | 	at java.base/jdk.internal.reflect.NativeMethodAccessorImpl.invoke(NativeMethodAccessorImpl.java:62)
[76e6f833-bba3-43fe-a2d3-556d80b7e78b/build]   | 	at java.base/jdk.internal.reflect.DelegatingMethodAccessorImpl.invoke(DelegatingMethodAccessorImpl.java:43)
[76e6f833-bba3-43fe-a2d3-556d80b7e78b/build]   | 	at java.base/java.lang.reflect.Method.invoke(Method.java:566)
[76e6f833-bba3-43fe-a2d3-556d80b7e78b/build]   | 	at org.junit.runners.model.FrameworkMethod$1.runReflectiveCall(FrameworkMethod.java:59)
[76e6f833-bba3-43fe-a2d3-556d80b7e78b/build]   | 	at org.junit.internal.runners.model.ReflectiveCallable.run(ReflectiveCallable.java:12)
[76e6f833-bba3-43fe-a2d3-556d80b7e78b/build]   | 	at org.junit.runners.model.FrameworkMethod.invokeExplosively(FrameworkMethod.java:56)
[76e6f833-bba3-43fe-a2d3-556d80b7e78b/build]   | 	at org.junit.internal.runners.statements.InvokeMethod.evaluate(InvokeMethod.java:17)
[76e6f833-bba3-43fe-a2d3-556d80b7e78b/build]   | 	at org.junit.runners.ParentRunner$3.evaluate(ParentRunner.java:306)
[76e6f833-bba3-43fe-a2d3-556d80b7e78b/build]   | 	at org.junit.runners.BlockJUnit4ClassRunner$1.evaluate(BlockJUnit4ClassRunner.java:100)
[76e6f833-bba3-43fe-a2d3-556d80b7e78b/build]   | 	at org.junit.runners.ParentRunner.runLeaf(ParentRunner.java:366)
[76e6f833-bba3-43fe-a2d3-556d80b7e78b/build]   | 	at org.junit.runners.BlockJUnit4ClassRunner.runChild(BlockJUnit4ClassRunner.java:103)
[76e6f833-bba3-43fe-a2d3-556d80b7e78b/build]   | 	at org.junit.runners.BlockJUnit4ClassRunner.runChild(BlockJUnit4ClassRunner.java:63)
[76e6f833-bba3-43fe-a2d3-556d80b7e78b/build]   | 	at org.junit.runners.ParentRunner$4.run(ParentRunner.java:331)
[76e6f833-bba3-43fe-a2d3-556d80b7e78b/build]   | 	at org.junit.runners.ParentRunner$1.schedule(ParentRunner.java:79)
[76e6f833-bba3-43fe-a2d3-556d80b7e78b/build]   | 	at org.junit.runners.ParentRunner.runChildren(ParentRunner.java:329)
[76e6f833-bba3-43fe-a2d3-556d80b7e78b/build]   | 	at org.junit.runners.ParentRunner.access$100(ParentRunner.java:66)
[76e6f833-bba3-43fe-a2d3-556d80b7e78b/build]   | 	at org.junit.runners.ParentRunner$2.evaluate(ParentRunner.java:293)
[76e6f833-bba3-43fe-a2d3-556d80b7e78b/build]   | 	at org.junit.runners.ParentRunner$3.evaluate(ParentRunner.java:306)
[76e6f833-bba3-43fe-a2d3-556d80b7e78b/build]   | 	at org.junit.runners.ParentRunner.run(ParentRunner.java:413)
[76e6f833-bba3-43fe-a2d3-556d80b7e78b/build]   | 	at org.apache.maven.surefire.junit4.JUnit4Provider.execute(JUnit4Provider.java:252)
[76e6f833-bba3-43fe-a2d3-556d80b7e78b/build]   | 	at org.apache.maven.surefire.junit4.JUnit4Provider.executeTestSet(JUnit4Provider.java:141)
[76e6f833-bba3-43fe-a2d3-556d80b7e78b/build]   | 	at org.apache.maven.surefire.junit4.JUnit4Provider.invoke(JUnit4Provider.java:112)
[76e6f833-bba3-43fe-a2d3-556d80b7e78b/build]   | 	at java.base/jdk.internal.reflect.NativeMethodAccessorImpl.invoke0(Native Method)
[76e6f833-bba3-43fe-a2d3-556d80b7e78b/build]   | 	at java.base/jdk.internal.reflect.NativeMethodAccessorImpl.invoke(NativeMethodAccessorImpl.java:62)
[76e6f833-bba3-43fe-a2d3-556d80b7e78b/build]   | 	at java.base/jdk.internal.reflect.DelegatingMethodAccessorImpl.invoke(DelegatingMethodAccessorImpl.java:43)
[76e6f833-bba3-43fe-a2d3-556d80b7e78b/build]   | 	at java.base/java.lang.reflect.Method.invoke(Method.java:566)
[76e6f833-bba3-43fe-a2d3-556d80b7e78b/build]   | 	at org.apache.maven.surefire.util.ReflectionUtils.invokeMethodWithArray(ReflectionUtils.java:189)
[76e6f833-bba3-43fe-a2d3-556d80b7e78b/build]   | 	at org.apache.maven.surefire.booter.ProviderFactory$ProviderProxy.invoke(ProviderFactory.java:165)
[76e6f833-bba3-43fe-a2d3-556d80b7e78b/build]   | 	at org.apache.maven.surefire.booter.ProviderFactory.invokeProvider(ProviderFactory.java:85)
[76e6f833-bba3-43fe-a2d3-556d80b7e78b/build]   | 	at org.apache.maven.surefire.booter.ForkedBooter.runSuitesInProcess(ForkedBooter.java:115)
[76e6f833-bba3-43fe-a2d3-556d80b7e78b/build]   | 	at org.apache.maven.surefire.booter.ForkedBooter.main(ForkedBooter.java:75)
[76e6f833-bba3-43fe-a2d3-556d80b7e78b/build]   | 
[76e6f833-bba3-43fe-a2d3-556d80b7e78b/build]   | Running br.com.wmixvideo.sped.leiaute.blocod.SFD190RegistroAnaliticoTransporteTest
[76e6f833-bba3-43fe-a2d3-556d80b7e78b/build]   | Tests run: 1, Failures: 0, Errors: 0, Skipped: 0, Time elapsed: 0.002 sec
[76e6f833-bba3-43fe-a2d3-556d80b7e78b/build]   | Running br.com.wmixvideo.sped.leiaute.blocod.SFD100NotaFiscalTransporteTest
[76e6f833-bba3-43fe-a2d3-556d80b7e78b/build]   | Tests run: 1, Failures: 0, Errors: 0, Skipped: 0, Time elapsed: 0.006 sec
[76e6f833-bba3-43fe-a2d3-556d80b7e78b/build]   | Running br.com.wmixvideo.sped.leiaute.blocod.SFD101NotaFiscalTransporteInfoComplementarTest
[76e6f833-bba3-43fe-a2d3-556d80b7e78b/build]   | Tests run: 1, Failures: 0, Errors: 0, Skipped: 0, Time elapsed: 0.002 sec
[76e6f833-bba3-43fe-a2d3-556d80b7e78b/build]   | Running br.com.wmixvideo.sped.leiaute.bloco9.SF9999EncerramentoArquivoDigitalTest
[76e6f833-bba3-43fe-a2d3-556d80b7e78b/build]   | Tests run: 1, Failures: 0, Errors: 0, Skipped: 0, Time elapsed: 0.001 sec
[76e6f833-bba3-43fe-a2d3-556d80b7e78b/build]   | Running br.com.wmixvideo.sped.leiaute.bloco9.SF9900RegistrosArquivoTest
[76e6f833-bba3-43fe-a2d3-556d80b7e78b/build]   | Tests run: 1, Failures: 0, Errors: 0, Skipped: 0, Time elapsed: 0.002 sec
[76e6f833-bba3-43fe-a2d3-556d80b7e78b/build]   | Running br.com.wmixvideo.sped.leiaute.blocoa.SFA010IdentificacaoEstabelecimentoTest
[76e6f833-bba3-43fe-a2d3-556d80b7e78b/build]   | Tests run: 1, Failures: 0, Errors: 0, Skipped: 0, Time elapsed: 0.002 sec
[76e6f833-bba3-43fe-a2d3-556d80b7e78b/build]   | Running br.com.wmixvideo.sped.leiaute.blocoa.SFA110InformacaoComplementarNotaFiscalTest
[76e6f833-bba3-43fe-a2d3-556d80b7e78b/build]   | Tests run: 1, Failures: 0, Errors: 0, Skipped: 0, Time elapsed: 0.001 sec
[76e6f833-bba3-43fe-a2d3-556d80b7e78b/build]   | Running br.com.wmixvideo.sped.leiaute.blocoa.SFA170ItemDocumentoTest
[76e6f833-bba3-43fe-a2d3-556d80b7e78b/build]   | Tests run: 1, Failures: 0, Errors: 0, Skipped: 0, Time elapsed: 0.004 sec
[76e6f833-bba3-43fe-a2d3-556d80b7e78b/build]   | Running br.com.wmixvideo.sped.leiaute.blocoa.SFA100NotaFiscalServicoTest
[76e6f833-bba3-43fe-a2d3-556d80b7e78b/build]   | Tests run: 1, Failures: 0, Errors: 0, Skipped: 0, Time elapsed: 0.004 sec
[76e6f833-bba3-43fe-a2d3-556d80b7e78b/build]   | Running br.com.wmixvideo.sped.leiaute.blocoe.SFE116ObrigacoesICMSRecolherOperacoesPropriasTest
[76e6f833-bba3-43fe-a2d3-556d80b7e78b/build]   | Tests run: 1, Failures: 0, Errors: 0, Skipped: 0, Time elapsed: 0.002 sec
[76e6f833-bba3-43fe-a2d3-556d80b7e78b/build]   | Running br.com.wmixvideo.sped.leiaute.blocoe.SFE310ApuracaoFundoCombatePobrezaTest
[76e6f833-bba3-43fe-a2d3-556d80b7e78b/build]   | Tests run: 1, Failures: 0, Errors: 0, Skipped: 0, Time elapsed: 0.003 sec
[76e6f833-bba3-43fe-a2d3-556d80b7e78b/build]   | Running br.com.wmixvideo.sped.leiaute.blocoe.SFE200PeriodoApuracaoSTTest
[76e6f833-bba3-43fe-a2d3-556d80b7e78b/build]   | Tests run: 1, Failures: 0, Errors: 0, Skipped: 0, Time elapsed: 0.002 sec
[76e6f833-bba3-43fe-a2d3-556d80b7e78b/build]   | Running br.com.wmixvideo.sped.leiaute.blocoe.SFE110ApuracaoICMSOperacoesPropriasTest
[76e6f833-bba3-43fe-a2d3-556d80b7e78b/build]   | Tests run: 1, Failures: 0, Errors: 0, Skipped: 0, Time elapsed: 0.003 sec
[76e6f833-bba3-43fe-a2d3-556d80b7e78b/build]   | Running br.com.wmixvideo.sped.leiaute.blocoe.SFE250ObrigacoesICMSTest
[76e6f833-bba3-43fe-a2d3-556d80b7e78b/build]   | Tests run: 1, Failures: 0, Errors: 0, Skipped: 0, Time elapsed: 0.002 sec
[76e6f833-bba3-43fe-a2d3-556d80b7e78b/build]   | Running br.com.wmixvideo.sped.leiaute.blocoe.SFE316ObrigacoesFundoCombatePobrezaTest
[76e6f833-bba3-43fe-a2d3-556d80b7e78b/build]   | Tests run: 1, Failures: 0, Errors: 0, Skipped: 0, Time elapsed: 0.002 sec
[76e6f833-bba3-43fe-a2d3-556d80b7e78b/build]   | Running br.com.wmixvideo.sped.leiaute.blocoe.SFE220AjusteApuracaoSTTest
[76e6f833-bba3-43fe-a2d3-556d80b7e78b/build]   | Tests run: 1, Failures: 0, Errors: 0, Skipped: 0, Time elapsed: 0.002 sec
[76e6f833-bba3-43fe-a2d3-556d80b7e78b/build]   | Running br.com.wmixvideo.sped.leiaute.blocoe.SFE300PeriodoApuracaoFundoCombatePobrezaTest
[76e6f833-bba3-43fe-a2d3-556d80b7e78b/build]   | Tests run: 1, Failures: 0, Errors: 0, Skipped: 0, Time elapsed: 0.001 sec
[76e6f833-bba3-43fe-a2d3-556d80b7e78b/build]   | Running br.com.wmixvideo.sped.leiaute.blocoe.SFE210ApuracaoSTTest
[76e6f833-bba3-43fe-a2d3-556d80b7e78b/build]   | Tests run: 1, Failures: 0, Errors: 0, Skipped: 0, Time elapsed: 0.003 sec
[76e6f833-bba3-43fe-a2d3-556d80b7e78b/build]   | Running br.com.wmixvideo.sped.leiaute.blocoe.SFE100PeriodoApuracaoICMSTest
[76e6f833-bba3-43fe-a2d3-556d80b7e78b/build]   | Tests run: 1, Failures: 0, Errors: 0, Skipped: 0, Time elapsed: 0.001 sec
[76e6f833-bba3-43fe-a2d3-556d80b7e78b/build]   | Running br.com.wmixvideo.sped.leiaute.blocok.SFK200EstoqueEscrituradoTest
[76e6f833-bba3-43fe-a2d3-556d80b7e78b/build]   | Tests run: 1, Failures: 0, Errors: 0, Skipped: 0, Time elapsed: 0.002 sec
[76e6f833-bba3-43fe-a2d3-556d80b7e78b/build]   | Running br.com.wmixvideo.sped.leiaute.blocok.SFK100PeriodoApuracaoICMSIPITest
[76e6f833-bba3-43fe-a2d3-556d80b7e78b/build]   | Tests run: 1, Failures: 0, Errors: 0, Skipped: 0, Time elapsed: 0.001 sec
[76e6f833-bba3-43fe-a2d3-556d80b7e78b/build]   | Running br.com.wmixvideo.sped.leiaute.SFAberturaBlocoTest
[76e6f833-bba3-43fe-a2d3-556d80b7e78b/build]   | Tests run: 1, Failures: 0, Errors: 0, Skipped: 0, Time elapsed: 0.002 sec
[76e6f833-bba3-43fe-a2d3-556d80b7e78b/build]   | Running br.com.wmixvideo.sped.leiaute.blococ.SFC115LocalColetaEntregaTest
[76e6f833-bba3-43fe-a2d3-556d80b7e78b/build]   | Tests run: 1, Failures: 0, Errors: 0, Skipped: 0, Time elapsed: 0.002 sec
[76e6f833-bba3-43fe-a2d3-556d80b7e78b/build]   | Running br.com.wmixvideo.sped.leiaute.blococ.SFC190RegistroAnaliticoDocumentoTest
[76e6f833-bba3-43fe-a2d3-556d80b7e78b/build]   | Tests run: 1, Failures: 0, Errors: 0, Skipped: 0, Time elapsed: 0.003 sec
[76e6f833-bba3-43fe-a2d3-556d80b7e78b/build]   | Running br.com.wmixvideo.sped.leiaute.blococ.SFC195ObservacoesLancamentoFiscalTest
[76e6f833-bba3-43fe-a2d3-556d80b7e78b/build]   | Tests run: 1, Failures: 0, Errors: 0, Skipped: 0, Time elapsed: 0.002 sec
[76e6f833-bba3-43fe-a2d3-556d80b7e78b/build]   | Running br.com.wmixvideo.sped.leiaute.blococ.SFC111ProcessoReferenciadoTest
[76e6f833-bba3-43fe-a2d3-556d80b7e78b/build]   | Tests run: 1, Failures: 0, Errors: 0, Skipped: 0, Time elapsed: 0.002 sec
[76e6f833-bba3-43fe-a2d3-556d80b7e78b/build]   | Running br.com.wmixvideo.sped.leiaute.blococ.SFC100NotaFiscalTest
[76e6f833-bba3-43fe-a2d3-556d80b7e78b/build]   | Tests run: 1, Failures: 0, Errors: 0, Skipped: 0, Time elapsed: 0.005 sec
[76e6f833-bba3-43fe-a2d3-556d80b7e78b/build]   | Running br.com.wmixvideo.sped.leiaute.blococ.SFC510NotaFiscalEnergiaEletricaItemTest
[76e6f833-bba3-43fe-a2d3-556d80b7e78b/build]   | Tests run: 1, Failures: 0, Errors: 0, Skipped: 0, Time elapsed: 0.005 sec
[76e6f833-bba3-43fe-a2d3-556d80b7e78b/build]   | Running br.com.wmixvideo.sped.leiaute.blococ.SFC590RegistroAnaliticoDocumentoTest
[76e6f833-bba3-43fe-a2d3-556d80b7e78b/build]   | Tests run: 1, Failures: 0, Errors: 0, Skipped: 0, Time elapsed: 0.003 sec
[76e6f833-bba3-43fe-a2d3-556d80b7e78b/build]   | Running br.com.wmixvideo.sped.leiaute.blococ.SFC170ItemDocumentoTest
[76e6f833-bba3-43fe-a2d3-556d80b7e78b/build]   | Tests run: 1, Failures: 0, Errors: 0, Skipped: 0, Time elapsed: 0.006 sec
[76e6f833-bba3-43fe-a2d3-556d80b7e78b/build]   | Running br.com.wmixvideo.sped.leiaute.blococ.SFC110InformacaoComplementarNotaFiscalTest
[76e6f833-bba3-43fe-a2d3-556d80b7e78b/build]   | Tests run: 1, Failures: 0, Errors: 0, Skipped: 0, Time elapsed: 0.001 sec
[76e6f833-bba3-43fe-a2d3-556d80b7e78b/build]   | Running br.com.wmixvideo.sped.leiaute.blococ.SFC101NotaFiscalInformacaoComplementarTest
[76e6f833-bba3-43fe-a2d3-556d80b7e78b/build]   | Tests run: 1, Failures: 0, Errors: 0, Skipped: 0, Time elapsed: 0.002 sec
[76e6f833-bba3-43fe-a2d3-556d80b7e78b/build]   | Running br.com.wmixvideo.sped.leiaute.blococ.SFC197OutrasObrigacoesTributariasTest
[76e6f833-bba3-43fe-a2d3-556d80b7e78b/build]   | Tests run: 1, Failures: 0, Errors: 0, Skipped: 0, Time elapsed: 0.002 sec
[76e6f833-bba3-43fe-a2d3-556d80b7e78b/build]   | Running br.com.wmixvideo.sped.leiaute.blococ.SFC176RessarcimentoIcmsTest
[76e6f833-bba3-43fe-a2d3-556d80b7e78b/build]   | Tests run: 1, Failures: 0, Errors: 0, Skipped: 0, Time elapsed: 0.003 sec
[76e6f833-bba3-43fe-a2d3-556d80b7e78b/build]   | Running br.com.wmixvideo.sped.leiaute.blococ.SFC500NotaFiscalEnergiaEletricaTest
[76e6f833-bba3-43fe-a2d3-556d80b7e78b/build]   | Tests run: 1, Failures: 0, Errors: 0, Skipped: 0, Time elapsed: 0.004 sec
[76e6f833-bba3-43fe-a2d3-556d80b7e78b/build]   | Running br.com.wmixvideo.sped.leiaute.bloco0.SF0150CadastroParticipanteTest
[76e6f833-bba3-43fe-a2d3-556d80b7e78b/build]   | Tests run: 1, Failures: 0, Errors: 0, Skipped: 0, Time elapsed: 0.002 sec
[76e6f833-bba3-43fe-a2d3-556d80b7e78b/build]   | Running br.com.wmixvideo.sped.leiaute.bloco0.SF000AberturaArquivoDigitalTest
[76e6f833-bba3-43fe-a2d3-556d80b7e78b/build]   | Tests run: 1, Failures: 0, Errors: 0, Skipped: 0, Time elapsed: 0.003 sec
[76e6f833-bba3-43fe-a2d3-556d80b7e78b/build]   | Running br.com.wmixvideo.sped.leiaute.bloco0.SFEncerramentoBlocoTest
[76e6f833-bba3-43fe-a2d3-556d80b7e78b/build]   | Tests run: 1, Failures: 0, Errors: 0, Skipped: 0, Time elapsed: 0 sec
[76e6f833-bba3-43fe-a2d3-556d80b7e78b/build]   | Running br.com.wmixvideo.sped.leiaute.bloco0.SF0175AlteracaoCadastroParticipanteTest
[76e6f833-bba3-43fe-a2d3-556d80b7e78b/build]   | Tests run: 1, Failures: 0, Errors: 0, Skipped: 0, Time elapsed: 0.002 sec
[76e6f833-bba3-43fe-a2d3-556d80b7e78b/build]   | Running br.com.wmixvideo.sped.leiaute.bloco0.SF0460ObservacaoLancamentoFiscalTest
[76e6f833-bba3-43fe-a2d3-556d80b7e78b/build]   | Tests run: 1, Failures: 0, Errors: 0, Skipped: 0, Time elapsed: 0.001 sec
[76e6f833-bba3-43fe-a2d3-556d80b7e78b/build]   | Running br.com.wmixvideo.sped.leiaute.bloco0.SF0005DadosComplementaresEntidadeTest
[76e6f833-bba3-43fe-a2d3-556d80b7e78b/build]   | Tests run: 1, Failures: 0, Errors: 0, Skipped: 0, Time elapsed: 0.001 sec
[76e6f833-bba3-43fe-a2d3-556d80b7e78b/build]   | Running br.com.wmixvideo.sped.leiaute.bloco0.SF0205AlteracaoItemTest
[76e6f833-bba3-43fe-a2d3-556d80b7e78b/build]   | Tests run: 1, Failures: 0, Errors: 0, Skipped: 0, Time elapsed: 0.001 sec
[76e6f833-bba3-43fe-a2d3-556d80b7e78b/build]   | Running br.com.wmixvideo.sped.leiaute.bloco0.SF0100DadosContabilistaTest
[76e6f833-bba3-43fe-a2d3-556d80b7e78b/build]   | Tests run: 1, Failures: 0, Errors: 0, Skipped: 0, Time elapsed: 0.001 sec
[76e6f833-bba3-43fe-a2d3-556d80b7e78b/build]   | Running br.com.wmixvideo.sped.leiaute.bloco0.SF0450InformacaoComplementarDocumentoFiscalTest
[76e6f833-bba3-43fe-a2d3-556d80b7e78b/build]   | Tests run: 1, Failures: 0, Errors: 0, Skipped: 0, Time elapsed: 0.001 sec
[76e6f833-bba3-43fe-a2d3-556d80b7e78b/build]   | Running br.com.wmixvideo.sped.leiaute.bloco0.SF0200IdentificacaoItemTest
[76e6f833-bba3-43fe-a2d3-556d80b7e78b/build]   | Tests run: 1, Failures: 0, Errors: 0, Skipped: 0, Time elapsed: 0.002 sec
[76e6f833-bba3-43fe-a2d3-556d80b7e78b/build]   | Running br.com.wmixvideo.sped.leiaute.bloco0.SF0190IdentificacaoUnidadeMedidaTest
[76e6f833-bba3-43fe-a2d3-556d80b7e78b/build]   | Tests run: 1, Failures: 0, Errors: 0, Skipped: 0, Time elapsed: 0.001 sec
[76e6f833-bba3-43fe-a2d3-556d80b7e78b/build]   | Running br.com.wmixvideo.sped.leiaute.bloco0.SF0015DadosContribuinteSubstitutoOuResponsavelICMSDestinoTest
[76e6f833-bba3-43fe-a2d3-556d80b7e78b/build]   | Tests run: 2, Failures: 0, Errors: 0, Skipped: 0, Time elapsed: 0.001 sec
[76e6f833-bba3-43fe-a2d3-556d80b7e78b/build]   | Running br.com.wmixvideo.sped.leiaute.bloco0.SF0175ParticipanteAlteracaoTest
[76e6f833-bba3-43fe-a2d3-556d80b7e78b/build]   | Tests run: 3, Failures: 0, Errors: 0, Skipped: 0, Time elapsed: 0.001 sec
[76e6f833-bba3-43fe-a2d3-556d80b7e78b/build]   | 
[76e6f833-bba3-43fe-a2d3-556d80b7e78b/build]   | Results :
[76e6f833-bba3-43fe-a2d3-556d80b7e78b/build]   | 
[76e6f833-bba3-43fe-a2d3-556d80b7e78b/build]   | Failed tests:   deveGerarLinhaCompleta(br.com.wmixvideo.sped.leiaute.bloco1.SF1010ObrigatoriedadeRegistrosBloco1Test): expected:<...0|N|N|N|N|N|N|N|N|N|[N|N|N|N|]> but was:<...0|N|N|N|N|N|N|N|N|N|[]>
[76e6f833-bba3-43fe-a2d3-556d80b7e78b/build]   | 
[76e6f833-bba3-43fe-a2d3-556d80b7e78b/build]   | Tests run: 69, Failures: 1, Errors: 0, Skipped: 0
[76e6f833-bba3-43fe-a2d3-556d80b7e78b/build]   | 
[76e6f833-bba3-43fe-a2d3-556d80b7e78b/build]   | [INFO] ------------------------------------------------------------------------
[76e6f833-bba3-43fe-a2d3-556d80b7e78b/build]   | [INFO] BUILD FAILURE
[76e6f833-bba3-43fe-a2d3-556d80b7e78b/build]   | [INFO] ------------------------------------------------------------------------
[76e6f833-bba3-43fe-a2d3-556d80b7e78b/build]   | [INFO] Total time:  14.525 s
[76e6f833-bba3-43fe-a2d3-556d80b7e78b/build]   | [INFO] Finished at: 2023-11-24T19:36:43Z
[76e6f833-bba3-43fe-a2d3-556d80b7e78b/build]   | [INFO] ------------------------------------------------------------------------
[76e6f833-bba3-43fe-a2d3-556d80b7e78b/build]   | [ERROR] Failed to execute goal org.apache.maven.plugins:maven-surefire-plugin:2.12.4:test (default-test) on project sped: There are test failures.
[76e6f833-bba3-43fe-a2d3-556d80b7e78b/build]   | [ERROR] 
[76e6f833-bba3-43fe-a2d3-556d80b7e78b/build]   | [ERROR] Please refer to /tmp/254a46a6-e79f-42c2-9394-a9c012e14999/target/surefire-reports for the individual test results.
[76e6f833-bba3-43fe-a2d3-556d80b7e78b/build]   | [ERROR] -> [Help 1]
[76e6f833-bba3-43fe-a2d3-556d80b7e78b/build]   | [ERROR] 
[76e6f833-bba3-43fe-a2d3-556d80b7e78b/build]   | [ERROR] To see the full stack trace of the errors, re-run Maven with the -e switch.
[76e6f833-bba3-43fe-a2d3-556d80b7e78b/build]   | [ERROR] Re-run Maven using the -X switch to enable full debug logging.
[76e6f833-bba3-43fe-a2d3-556d80b7e78b/build]   | [ERROR] 
[76e6f833-bba3-43fe-a2d3-556d80b7e78b/build]   | [ERROR] For more information about the errors and possible solutions, please read the following articles:
[76e6f833-bba3-43fe-a2d3-556d80b7e78b/build]   | [ERROR] [Help 1] http://cwiki.apache.org/confluence/display/MAVEN/MojoFailureException
[76e6f833-bba3-43fe-a2d3-556d80b7e78b/build]   ‚ùå  Failure - Main Maven package
[76e6f833-bba3-43fe-a2d3-556d80b7e78b/build] exitcode '1': failure
[76e6f833-bba3-43fe-a2d3-556d80b7e78b/build] unable to get git ref: failed to identify reference (tag/branch) for the checked-out revision '47840abce60c9773a19320beacaa958952f3b3e3'
[76e6f833-bba3-43fe-a2d3-556d80b7e78b/build] unable to get git ref: failed to identify reference (tag/branch) for the checked-out revision '47840abce60c9773a19320beacaa958952f3b3e3'
[76e6f833-bba3-43fe-a2d3-556d80b7e78b/build] unable to get git ref: failed to identify reference (tag/branch) for the checked-out revision '47840abce60c9773a19320beacaa958952f3b3e3'
[76e6f833-bba3-43fe-a2d3-556d80b7e78b/build] unable to get git ref: failed to identify reference (tag/branch) for the checked-out revision '47840abce60c9773a19320beacaa958952f3b3e3'
[76e6f833-bba3-43fe-a2d3-556d80b7e78b/build] unable to get git ref: failed to identify reference (tag/branch) for the checked-out revision '47840abce60c9773a19320beacaa958952f3b3e3'
[76e6f833-bba3-43fe-a2d3-556d80b7e78b/build] ‚≠ê Run Post actions/setup-java@v3
[76e6f833-bba3-43fe-a2d3-556d80b7e78b/build]   üê≥  docker exec cmd=[node /var/run/act/actions/actions-setup-java@v3/dist/cleanup/index.js] user= workdir=
[76e6f833-bba3-43fe-a2d3-556d80b7e78b/build]   ‚úÖ  Success - Post actions/setup-java@v3
[76e6f833-bba3-43fe-a2d3-556d80b7e78b/build] üèÅ  Job failed
[76e6f833-bba3-43fe-a2d3-556d80b7e78b/build] unable to get git ref: failed to identify reference (tag/branch) for the checked-out revision '47840abce60c9773a19320beacaa958952f3b3e3'
