[067a9ff8-b2f4-4906-ac97-fbb1cb68cd8b/build] üöÄ  Start image=crawlergpt:latest
[067a9ff8-b2f4-4906-ac97-fbb1cb68cd8b/build]   üê≥  docker pull image=crawlergpt:latest platform= username= forcePull=false
[067a9ff8-b2f4-4906-ac97-fbb1cb68cd8b/build]   üê≥  docker create image=crawlergpt:latest platform= entrypoint=["tail" "-f" "/dev/null"] cmd=[]
[067a9ff8-b2f4-4906-ac97-fbb1cb68cd8b/build]   üê≥  docker run image=crawlergpt:latest platform= entrypoint=["tail" "-f" "/dev/null"] cmd=[]
[067a9ff8-b2f4-4906-ac97-fbb1cb68cd8b/build]   üê≥  docker exec cmd=[chown -R 1012:1013 /tmp/d3d1e61c-5da8-4abb-8123-d0e7c5ce58ac] user=0 workdir=
[067a9ff8-b2f4-4906-ac97-fbb1cb68cd8b/build] unable to get git ref: failed to identify reference (tag/branch) for the checked-out revision '27e594ce6113467a323ec48b0ebe309bbc844120'
[067a9ff8-b2f4-4906-ac97-fbb1cb68cd8b/build] unable to get git ref: failed to identify reference (tag/branch) for the checked-out revision '27e594ce6113467a323ec48b0ebe309bbc844120'
[067a9ff8-b2f4-4906-ac97-fbb1cb68cd8b/build] unable to get git ref: failed to identify reference (tag/branch) for the checked-out revision '27e594ce6113467a323ec48b0ebe309bbc844120'
[067a9ff8-b2f4-4906-ac97-fbb1cb68cd8b/build] unable to get git ref: failed to identify reference (tag/branch) for the checked-out revision '27e594ce6113467a323ec48b0ebe309bbc844120'
[067a9ff8-b2f4-4906-ac97-fbb1cb68cd8b/build] üß™  Matrix: map[java:8]
[067a9ff8-b2f4-4906-ac97-fbb1cb68cd8b/build] unable to get git ref: failed to identify reference (tag/branch) for the checked-out revision '27e594ce6113467a323ec48b0ebe309bbc844120'
[067a9ff8-b2f4-4906-ac97-fbb1cb68cd8b/build] unable to get git ref: failed to identify reference (tag/branch) for the checked-out revision '27e594ce6113467a323ec48b0ebe309bbc844120'
[067a9ff8-b2f4-4906-ac97-fbb1cb68cd8b/build] unable to get git ref: failed to identify reference (tag/branch) for the checked-out revision '27e594ce6113467a323ec48b0ebe309bbc844120'
[067a9ff8-b2f4-4906-ac97-fbb1cb68cd8b/build] unable to get git ref: failed to identify reference (tag/branch) for the checked-out revision '27e594ce6113467a323ec48b0ebe309bbc844120'
[067a9ff8-b2f4-4906-ac97-fbb1cb68cd8b/build] unable to get git ref: failed to identify reference (tag/branch) for the checked-out revision '27e594ce6113467a323ec48b0ebe309bbc844120'
[067a9ff8-b2f4-4906-ac97-fbb1cb68cd8b/build] unable to get git ref: failed to identify reference (tag/branch) for the checked-out revision '27e594ce6113467a323ec48b0ebe309bbc844120'
[067a9ff8-b2f4-4906-ac97-fbb1cb68cd8b/build] ‚≠ê Run Main actions/checkout@v2
[067a9ff8-b2f4-4906-ac97-fbb1cb68cd8b/build] unable to get git ref: failed to identify reference (tag/branch) for the checked-out revision '27e594ce6113467a323ec48b0ebe309bbc844120'
[067a9ff8-b2f4-4906-ac97-fbb1cb68cd8b/build]   ‚úÖ  Success - Main actions/checkout@v2
[067a9ff8-b2f4-4906-ac97-fbb1cb68cd8b/build] unable to get git ref: failed to identify reference (tag/branch) for the checked-out revision '27e594ce6113467a323ec48b0ebe309bbc844120'
[067a9ff8-b2f4-4906-ac97-fbb1cb68cd8b/build] unable to get git ref: failed to identify reference (tag/branch) for the checked-out revision '27e594ce6113467a323ec48b0ebe309bbc844120'
[067a9ff8-b2f4-4906-ac97-fbb1cb68cd8b/build] unable to get git ref: failed to identify reference (tag/branch) for the checked-out revision '27e594ce6113467a323ec48b0ebe309bbc844120'
[067a9ff8-b2f4-4906-ac97-fbb1cb68cd8b/build] unable to get git ref: failed to identify reference (tag/branch) for the checked-out revision '27e594ce6113467a323ec48b0ebe309bbc844120'
[067a9ff8-b2f4-4906-ac97-fbb1cb68cd8b/build] unable to get git ref: failed to identify reference (tag/branch) for the checked-out revision '27e594ce6113467a323ec48b0ebe309bbc844120'
[067a9ff8-b2f4-4906-ac97-fbb1cb68cd8b/build] ‚≠ê Run Main Set up JDK 8
[067a9ff8-b2f4-4906-ac97-fbb1cb68cd8b/build] unable to get git ref: failed to identify reference (tag/branch) for the checked-out revision '27e594ce6113467a323ec48b0ebe309bbc844120'
[067a9ff8-b2f4-4906-ac97-fbb1cb68cd8b/build] unable to get git ref: failed to identify reference (tag/branch) for the checked-out revision '27e594ce6113467a323ec48b0ebe309bbc844120'
[067a9ff8-b2f4-4906-ac97-fbb1cb68cd8b/build] unable to get git ref: failed to identify reference (tag/branch) for the checked-out revision '27e594ce6113467a323ec48b0ebe309bbc844120'
[067a9ff8-b2f4-4906-ac97-fbb1cb68cd8b/build]   üê≥  docker cp src=/tmp/act-cache/d39018bd-9970-40bd-9b3b-c87463d1d468/act/actions-setup-java@v2/ dst=/var/run/act/actions/actions-setup-java@v2/
[067a9ff8-b2f4-4906-ac97-fbb1cb68cd8b/build]   üê≥  docker exec cmd=[chown -R 1012:1013 /var/run/act/actions/actions-setup-java@v2/] user=0 workdir=
[067a9ff8-b2f4-4906-ac97-fbb1cb68cd8b/build]   üê≥  docker exec cmd=[node /var/run/act/actions/actions-setup-java@v2/dist/setup/index.js] user= workdir=
[067a9ff8-b2f4-4906-ac97-fbb1cb68cd8b/build]   üí¨  ::debug::isExplicit: 11.0.11-9
[067a9ff8-b2f4-4906-ac97-fbb1cb68cd8b/build]   üí¨  ::debug::explicit? true
[067a9ff8-b2f4-4906-ac97-fbb1cb68cd8b/build]   üí¨  ::debug::isExplicit: 8.0.292-1
[067a9ff8-b2f4-4906-ac97-fbb1cb68cd8b/build]   üí¨  ::debug::explicit? true
[067a9ff8-b2f4-4906-ac97-fbb1cb68cd8b/build]   | Resolved Java 8.0.292+1 from tool-cache
[067a9ff8-b2f4-4906-ac97-fbb1cb68cd8b/build]   | Setting Java 8.0.292+1 as the default
[067a9ff8-b2f4-4906-ac97-fbb1cb68cd8b/build]   | 
[067a9ff8-b2f4-4906-ac97-fbb1cb68cd8b/build]   | Java configuration:
[067a9ff8-b2f4-4906-ac97-fbb1cb68cd8b/build]   |   Distribution: adopt
[067a9ff8-b2f4-4906-ac97-fbb1cb68cd8b/build]   |   Version: 8.0.292+1
[067a9ff8-b2f4-4906-ac97-fbb1cb68cd8b/build]   |   Path: /opt/hostedtoolcache/Java_Adopt_jdk/8.0.292-1/x64
[067a9ff8-b2f4-4906-ac97-fbb1cb68cd8b/build]   | 
[067a9ff8-b2f4-4906-ac97-fbb1cb68cd8b/build]   ‚ùì add-matcher /run/act/actions/actions-setup-java@v2/.github/java.json
[067a9ff8-b2f4-4906-ac97-fbb1cb68cd8b/build]   | Creating settings.xml with server-id: github
[067a9ff8-b2f4-4906-ac97-fbb1cb68cd8b/build]   | Writing to /home/runneradmin/.m2/settings.xml
[067a9ff8-b2f4-4906-ac97-fbb1cb68cd8b/build]   ‚úÖ  Success - Main Set up JDK 8
[067a9ff8-b2f4-4906-ac97-fbb1cb68cd8b/build]   ‚öô  ::set-env:: JAVA_HOME=/opt/hostedtoolcache/Java_Adopt_jdk/8.0.292-1/x64
[067a9ff8-b2f4-4906-ac97-fbb1cb68cd8b/build]   ‚öô  ::set-output:: distribution=Adopt-Hotspot
[067a9ff8-b2f4-4906-ac97-fbb1cb68cd8b/build]   ‚öô  ::set-output:: path=/opt/hostedtoolcache/Java_Adopt_jdk/8.0.292-1/x64
[067a9ff8-b2f4-4906-ac97-fbb1cb68cd8b/build]   ‚öô  ::set-output:: version=8.0.292+1
[067a9ff8-b2f4-4906-ac97-fbb1cb68cd8b/build]   ‚öô  ::add-path:: /opt/hostedtoolcache/Java_Adopt_jdk/8.0.292-1/x64/bin
[067a9ff8-b2f4-4906-ac97-fbb1cb68cd8b/build] unable to get git ref: failed to identify reference (tag/branch) for the checked-out revision '27e594ce6113467a323ec48b0ebe309bbc844120'
[067a9ff8-b2f4-4906-ac97-fbb1cb68cd8b/build] unable to get git ref: failed to identify reference (tag/branch) for the checked-out revision '27e594ce6113467a323ec48b0ebe309bbc844120'
[067a9ff8-b2f4-4906-ac97-fbb1cb68cd8b/build] unable to get git ref: failed to identify reference (tag/branch) for the checked-out revision '27e594ce6113467a323ec48b0ebe309bbc844120'
[067a9ff8-b2f4-4906-ac97-fbb1cb68cd8b/build] unable to get git ref: failed to identify reference (tag/branch) for the checked-out revision '27e594ce6113467a323ec48b0ebe309bbc844120'
[067a9ff8-b2f4-4906-ac97-fbb1cb68cd8b/build] unable to get git ref: failed to identify reference (tag/branch) for the checked-out revision '27e594ce6113467a323ec48b0ebe309bbc844120'
[067a9ff8-b2f4-4906-ac97-fbb1cb68cd8b/build] ‚≠ê Run Main Build with Maven
[067a9ff8-b2f4-4906-ac97-fbb1cb68cd8b/build] unable to get git ref: failed to identify reference (tag/branch) for the checked-out revision '27e594ce6113467a323ec48b0ebe309bbc844120'
[067a9ff8-b2f4-4906-ac97-fbb1cb68cd8b/build] unable to get git ref: failed to identify reference (tag/branch) for the checked-out revision '27e594ce6113467a323ec48b0ebe309bbc844120'
[067a9ff8-b2f4-4906-ac97-fbb1cb68cd8b/build] unable to get git ref: failed to identify reference (tag/branch) for the checked-out revision '27e594ce6113467a323ec48b0ebe309bbc844120'
[067a9ff8-b2f4-4906-ac97-fbb1cb68cd8b/build] unable to get git ref: failed to identify reference (tag/branch) for the checked-out revision '27e594ce6113467a323ec48b0ebe309bbc844120'
[067a9ff8-b2f4-4906-ac97-fbb1cb68cd8b/build]   üê≥  docker exec cmd=[bash --noprofile --norc -e -o pipefail /var/run/act/workflow/2] user= workdir=
[067a9ff8-b2f4-4906-ac97-fbb1cb68cd8b/build]   | [INFO] Scanning for projects...
[067a9ff8-b2f4-4906-ac97-fbb1cb68cd8b/build]   | [INFO] Downloading from central: https://repo.maven.apache.org/maven2/org/sonatype/oss/oss-parent/9/oss-parent-9.pom
[067a9ff8-b2f4-4906-ac97-fbb1cb68cd8b/build]   | [INFO] Downloaded from central: https://repo.maven.apache.org/maven2/org/sonatype/oss/oss-parent/9/oss-parent-9.pom (6.6 kB at 4.3 kB/s)
[067a9ff8-b2f4-4906-ac97-fbb1cb68cd8b/build]   | [WARNING] 
[067a9ff8-b2f4-4906-ac97-fbb1cb68cd8b/build]   | [WARNING] Some problems were encountered while building the effective model for com.github.davidmoten:rtree:jar:0.1-SNAPSHOT
[067a9ff8-b2f4-4906-ac97-fbb1cb68cd8b/build]   | [WARNING] Reporting configuration should be done in <reporting> section, not in maven-site-plugin <configuration> as reportPlugins parameter. @ line 129, column 20
[067a9ff8-b2f4-4906-ac97-fbb1cb68cd8b/build]   | [WARNING] 
[067a9ff8-b2f4-4906-ac97-fbb1cb68cd8b/build]   | [WARNING] It is highly recommended to fix these problems because they threaten the stability of your build.
[067a9ff8-b2f4-4906-ac97-fbb1cb68cd8b/build]   | [WARNING] 
[067a9ff8-b2f4-4906-ac97-fbb1cb68cd8b/build]   | [WARNING] For this reason, future Maven versions might no longer support building such malformed projects.
[067a9ff8-b2f4-4906-ac97-fbb1cb68cd8b/build]   | [WARNING] 
[067a9ff8-b2f4-4906-ac97-fbb1cb68cd8b/build]   | [INFO] 
[067a9ff8-b2f4-4906-ac97-fbb1cb68cd8b/build]   | [INFO] --------------------< com.github.davidmoten:rtree >---------------------
[067a9ff8-b2f4-4906-ac97-fbb1cb68cd8b/build]   | [INFO] Building rtree 0.1-SNAPSHOT
[067a9ff8-b2f4-4906-ac97-fbb1cb68cd8b/build]   | [INFO] --------------------------------[ jar ]---------------------------------
[067a9ff8-b2f4-4906-ac97-fbb1cb68cd8b/build]   | [INFO] Downloading from central: https://repo.maven.apache.org/maven2/org/apache/maven/plugins/maven-enforcer-plugin/1.2/maven-enforcer-plugin-1.2.pom
[067a9ff8-b2f4-4906-ac97-fbb1cb68cd8b/build]   | [INFO] Downloaded from central: https://repo.maven.apache.org/maven2/org/apache/maven/plugins/maven-enforcer-plugin/1.2/maven-enforcer-plugin-1.2.pom (5.8 kB at 292 kB/s)
[067a9ff8-b2f4-4906-ac97-fbb1cb68cd8b/build]   | [INFO] Downloading from central: https://repo.maven.apache.org/maven2/org/apache/maven/enforcer/enforcer/1.2/enforcer-1.2.pom
[067a9ff8-b2f4-4906-ac97-fbb1cb68cd8b/build]   | [INFO] Downloaded from central: https://repo.maven.apache.org/maven2/org/apache/maven/enforcer/enforcer/1.2/enforcer-1.2.pom (11 kB at 366 kB/s)
[067a9ff8-b2f4-4906-ac97-fbb1cb68cd8b/build]   | [INFO] Downloading from central: https://repo.maven.apache.org/maven2/org/apache/maven/maven-parent/22/maven-parent-22.pom
[067a9ff8-b2f4-4906-ac97-fbb1cb68cd8b/build]   | [INFO] Downloaded from central: https://repo.maven.apache.org/maven2/org/apache/maven/maven-parent/22/maven-parent-22.pom (30 kB at 1.2 MB/s)
[067a9ff8-b2f4-4906-ac97-fbb1cb68cd8b/build]   | [INFO] Downloading from central: https://repo.maven.apache.org/maven2/org/apache/apache/11/apache-11.pom
[067a9ff8-b2f4-4906-ac97-fbb1cb68cd8b/build]   | [INFO] Downloaded from central: https://repo.maven.apache.org/maven2/org/apache/apache/11/apache-11.pom (15 kB at 353 kB/s)
[067a9ff8-b2f4-4906-ac97-fbb1cb68cd8b/build]   | [INFO] Downloading from central: https://repo.maven.apache.org/maven2/org/apache/maven/plugins/maven-enforcer-plugin/1.2/maven-enforcer-plugin-1.2.jar
[067a9ff8-b2f4-4906-ac97-fbb1cb68cd8b/build]   | [INFO] Downloaded from central: https://repo.maven.apache.org/maven2/org/apache/maven/plugins/maven-enforcer-plugin/1.2/maven-enforcer-plugin-1.2.jar (25 kB at 652 kB/s)
[067a9ff8-b2f4-4906-ac97-fbb1cb68cd8b/build]   | [INFO] Downloading from central: https://repo.maven.apache.org/maven2/org/apache/maven/plugins/maven-site-plugin/3.3/maven-site-plugin-3.3.pom
[067a9ff8-b2f4-4906-ac97-fbb1cb68cd8b/build]   | [INFO] Downloaded from central: https://repo.maven.apache.org/maven2/org/apache/maven/plugins/maven-site-plugin/3.3/maven-site-plugin-3.3.pom (21 kB at 1.2 MB/s)
[067a9ff8-b2f4-4906-ac97-fbb1cb68cd8b/build]   | [INFO] Downloading from central: https://repo.maven.apache.org/maven2/org/apache/maven/plugins/maven-plugins/24/maven-plugins-24.pom
[067a9ff8-b2f4-4906-ac97-fbb1cb68cd8b/build]   | [INFO] Downloaded from central: https://repo.maven.apache.org/maven2/org/apache/maven/plugins/maven-plugins/24/maven-plugins-24.pom (11 kB at 386 kB/s)
[067a9ff8-b2f4-4906-ac97-fbb1cb68cd8b/build]   | [INFO] Downloading from central: https://repo.maven.apache.org/maven2/org/apache/maven/maven-parent/23/maven-parent-23.pom
[067a9ff8-b2f4-4906-ac97-fbb1cb68cd8b/build]   | [INFO] Downloaded from central: https://repo.maven.apache.org/maven2/org/apache/maven/maven-parent/23/maven-parent-23.pom (33 kB at 708 kB/s)
[067a9ff8-b2f4-4906-ac97-fbb1cb68cd8b/build]   | [INFO] Downloading from central: https://repo.maven.apache.org/maven2/org/apache/apache/13/apache-13.pom
[067a9ff8-b2f4-4906-ac97-fbb1cb68cd8b/build]   | [INFO] Downloaded from central: https://repo.maven.apache.org/maven2/org/apache/apache/13/apache-13.pom (14 kB at 776 kB/s)
[067a9ff8-b2f4-4906-ac97-fbb1cb68cd8b/build]   | [INFO] Downloading from central: https://repo.maven.apache.org/maven2/org/apache/maven/plugins/maven-site-plugin/3.3/maven-site-plugin-3.3.jar
[067a9ff8-b2f4-4906-ac97-fbb1cb68cd8b/build]   | [INFO] Downloaded from central: https://repo.maven.apache.org/maven2/org/apache/maven/plugins/maven-site-plugin/3.3/maven-site-plugin-3.3.jar (124 kB at 3.9 MB/s)
[067a9ff8-b2f4-4906-ac97-fbb1cb68cd8b/build]   | [INFO] Downloading from central: https://repo.maven.apache.org/maven2/org/apache/maven/plugins/maven-resources-plugin/2.6/maven-resources-plugin-2.6.pom
[067a9ff8-b2f4-4906-ac97-fbb1cb68cd8b/build]   | [INFO] Downloaded from central: https://repo.maven.apache.org/maven2/org/apache/maven/plugins/maven-resources-plugin/2.6/maven-resources-plugin-2.6.pom (8.1 kB at 270 kB/s)
[067a9ff8-b2f4-4906-ac97-fbb1cb68cd8b/build]   | [INFO] Downloading from central: https://repo.maven.apache.org/maven2/org/apache/maven/plugins/maven-plugins/23/maven-plugins-23.pom
[067a9ff8-b2f4-4906-ac97-fbb1cb68cd8b/build]   | [INFO] Downloaded from central: https://repo.maven.apache.org/maven2/org/apache/maven/plugins/maven-plugins/23/maven-plugins-23.pom (9.2 kB at 613 kB/s)
[067a9ff8-b2f4-4906-ac97-fbb1cb68cd8b/build]   | [INFO] Downloading from central: https://repo.maven.apache.org/maven2/org/apache/maven/plugins/maven-resources-plugin/2.6/maven-resources-plugin-2.6.jar
[067a9ff8-b2f4-4906-ac97-fbb1cb68cd8b/build]   | [INFO] Downloaded from central: https://repo.maven.apache.org/maven2/org/apache/maven/plugins/maven-resources-plugin/2.6/maven-resources-plugin-2.6.jar (30 kB at 579 kB/s)
[067a9ff8-b2f4-4906-ac97-fbb1cb68cd8b/build]   | [INFO] Downloading from central: https://repo.maven.apache.org/maven2/org/apache/maven/plugins/maven-compiler-plugin/3.1/maven-compiler-plugin-3.1.pom
[067a9ff8-b2f4-4906-ac97-fbb1cb68cd8b/build]   | [INFO] Downloaded from central: https://repo.maven.apache.org/maven2/org/apache/maven/plugins/maven-compiler-plugin/3.1/maven-compiler-plugin-3.1.pom (10 kB at 444 kB/s)
[067a9ff8-b2f4-4906-ac97-fbb1cb68cd8b/build]   | [INFO] Downloading from central: https://repo.maven.apache.org/maven2/org/apache/maven/plugins/maven-compiler-plugin/3.1/maven-compiler-plugin-3.1.jar
[067a9ff8-b2f4-4906-ac97-fbb1cb68cd8b/build]   | [INFO] Downloaded from central: https://repo.maven.apache.org/maven2/org/apache/maven/plugins/maven-compiler-plugin/3.1/maven-compiler-plugin-3.1.jar (43 kB at 2.0 MB/s)
[067a9ff8-b2f4-4906-ac97-fbb1cb68cd8b/build]   | [INFO] Downloading from central: https://repo.maven.apache.org/maven2/org/apache/maven/plugins/maven-surefire-plugin/2.12.4/maven-surefire-plugin-2.12.4.pom
[067a9ff8-b2f4-4906-ac97-fbb1cb68cd8b/build]   | [INFO] Downloaded from central: https://repo.maven.apache.org/maven2/org/apache/maven/plugins/maven-surefire-plugin/2.12.4/maven-surefire-plugin-2.12.4.pom (10 kB at 403 kB/s)
[067a9ff8-b2f4-4906-ac97-fbb1cb68cd8b/build]   | [INFO] Downloading from central: https://repo.maven.apache.org/maven2/org/apache/maven/surefire/surefire/2.12.4/surefire-2.12.4.pom
[067a9ff8-b2f4-4906-ac97-fbb1cb68cd8b/build]   | [INFO] Downloaded from central: https://repo.maven.apache.org/maven2/org/apache/maven/surefire/surefire/2.12.4/surefire-2.12.4.pom (14 kB at 181 kB/s)
[067a9ff8-b2f4-4906-ac97-fbb1cb68cd8b/build]   | [INFO] Downloading from central: https://repo.maven.apache.org/maven2/org/apache/maven/plugins/maven-surefire-plugin/2.12.4/maven-surefire-plugin-2.12.4.jar
[067a9ff8-b2f4-4906-ac97-fbb1cb68cd8b/build]   | [INFO] Downloaded from central: https://repo.maven.apache.org/maven2/org/apache/maven/plugins/maven-surefire-plugin/2.12.4/maven-surefire-plugin-2.12.4.jar (30 kB at 609 kB/s)
[067a9ff8-b2f4-4906-ac97-fbb1cb68cd8b/build]   | [INFO] Downloading from central: https://repo.maven.apache.org/maven2/org/apache/maven/plugins/maven-jar-plugin/2.4/maven-jar-plugin-2.4.pom
[067a9ff8-b2f4-4906-ac97-fbb1cb68cd8b/build]   | [INFO] Downloaded from central: https://repo.maven.apache.org/maven2/org/apache/maven/plugins/maven-jar-plugin/2.4/maven-jar-plugin-2.4.pom (5.8 kB at 194 kB/s)
[067a9ff8-b2f4-4906-ac97-fbb1cb68cd8b/build]   | [INFO] Downloading from central: https://repo.maven.apache.org/maven2/org/apache/maven/plugins/maven-plugins/22/maven-plugins-22.pom
[067a9ff8-b2f4-4906-ac97-fbb1cb68cd8b/build]   | [INFO] Downloaded from central: https://repo.maven.apache.org/maven2/org/apache/maven/plugins/maven-plugins/22/maven-plugins-22.pom (13 kB at 543 kB/s)
[067a9ff8-b2f4-4906-ac97-fbb1cb68cd8b/build]   | [INFO] Downloading from central: https://repo.maven.apache.org/maven2/org/apache/maven/maven-parent/21/maven-parent-21.pom
[067a9ff8-b2f4-4906-ac97-fbb1cb68cd8b/build]   | [INFO] Downloaded from central: https://repo.maven.apache.org/maven2/org/apache/maven/maven-parent/21/maven-parent-21.pom (26 kB at 447 kB/s)
[067a9ff8-b2f4-4906-ac97-fbb1cb68cd8b/build]   | [INFO] Downloading from central: https://repo.maven.apache.org/maven2/org/apache/apache/10/apache-10.pom
[067a9ff8-b2f4-4906-ac97-fbb1cb68cd8b/build]   | [INFO] Downloaded from central: https://repo.maven.apache.org/maven2/org/apache/apache/10/apache-10.pom (15 kB at 617 kB/s)
[067a9ff8-b2f4-4906-ac97-fbb1cb68cd8b/build]   | [INFO] Downloading from central: https://repo.maven.apache.org/maven2/org/apache/maven/plugins/maven-jar-plugin/2.4/maven-jar-plugin-2.4.jar
[067a9ff8-b2f4-4906-ac97-fbb1cb68cd8b/build]   | [INFO] Downloaded from central: https://repo.maven.apache.org/maven2/org/apache/maven/plugins/maven-jar-plugin/2.4/maven-jar-plugin-2.4.jar (34 kB at 2.4 MB/s)
[067a9ff8-b2f4-4906-ac97-fbb1cb68cd8b/build]   | [INFO] Downloading from central: https://repo.maven.apache.org/maven2/com/google/guava/guava/18.0/guava-18.0.pom
[067a9ff8-b2f4-4906-ac97-fbb1cb68cd8b/build]   | [INFO] Downloaded from central: https://repo.maven.apache.org/maven2/com/google/guava/guava/18.0/guava-18.0.pom (5.7 kB at 138 kB/s)
[067a9ff8-b2f4-4906-ac97-fbb1cb68cd8b/build]   | [INFO] Downloading from central: https://repo.maven.apache.org/maven2/com/google/guava/guava-parent/18.0/guava-parent-18.0.pom
[067a9ff8-b2f4-4906-ac97-fbb1cb68cd8b/build]   | [INFO] Downloaded from central: https://repo.maven.apache.org/maven2/com/google/guava/guava-parent/18.0/guava-parent-18.0.pom (7.7 kB at 187 kB/s)
[067a9ff8-b2f4-4906-ac97-fbb1cb68cd8b/build]   | [INFO] Downloading from central: https://repo.maven.apache.org/maven2/org/sonatype/oss/oss-parent/7/oss-parent-7.pom
[067a9ff8-b2f4-4906-ac97-fbb1cb68cd8b/build]   | [INFO] Downloaded from central: https://repo.maven.apache.org/maven2/org/sonatype/oss/oss-parent/7/oss-parent-7.pom (4.8 kB at 172 kB/s)
[067a9ff8-b2f4-4906-ac97-fbb1cb68cd8b/build]   | [INFO] Downloading from central: https://repo.maven.apache.org/maven2/com/netflix/rxjava/rxjava-core/0.20.2/rxjava-core-0.20.2.pom
[067a9ff8-b2f4-4906-ac97-fbb1cb68cd8b/build]   | [INFO] Downloaded from central: https://repo.maven.apache.org/maven2/com/netflix/rxjava/rxjava-core/0.20.2/rxjava-core-0.20.2.pom (1.7 kB at 84 kB/s)
[067a9ff8-b2f4-4906-ac97-fbb1cb68cd8b/build]   | [INFO] Downloading from central: https://repo.maven.apache.org/maven2/junit/junit/4.11/junit-4.11.pom
[067a9ff8-b2f4-4906-ac97-fbb1cb68cd8b/build]   | [INFO] Downloaded from central: https://repo.maven.apache.org/maven2/junit/junit/4.11/junit-4.11.pom (2.3 kB at 78 kB/s)
[067a9ff8-b2f4-4906-ac97-fbb1cb68cd8b/build]   | [INFO] Downloading from central: https://repo.maven.apache.org/maven2/org/hamcrest/hamcrest-core/1.3/hamcrest-core-1.3.pom
[067a9ff8-b2f4-4906-ac97-fbb1cb68cd8b/build]   | [INFO] Downloaded from central: https://repo.maven.apache.org/maven2/org/hamcrest/hamcrest-core/1.3/hamcrest-core-1.3.pom (766 B at 32 kB/s)
[067a9ff8-b2f4-4906-ac97-fbb1cb68cd8b/build]   | [INFO] Downloading from central: https://repo.maven.apache.org/maven2/org/hamcrest/hamcrest-parent/1.3/hamcrest-parent-1.3.pom
[067a9ff8-b2f4-4906-ac97-fbb1cb68cd8b/build]   | [INFO] Downloaded from central: https://repo.maven.apache.org/maven2/org/hamcrest/hamcrest-parent/1.3/hamcrest-parent-1.3.pom (2.0 kB at 94 kB/s)
[067a9ff8-b2f4-4906-ac97-fbb1cb68cd8b/build]   | [INFO] Downloading from central: https://repo.maven.apache.org/maven2/com/google/guava/guava/18.0/guava-18.0.jar
[067a9ff8-b2f4-4906-ac97-fbb1cb68cd8b/build]   | [INFO] Downloading from central: https://repo.maven.apache.org/maven2/junit/junit/4.11/junit-4.11.jar
[067a9ff8-b2f4-4906-ac97-fbb1cb68cd8b/build]   | [INFO] Downloading from central: https://repo.maven.apache.org/maven2/com/netflix/rxjava/rxjava-core/0.20.2/rxjava-core-0.20.2.jar
[067a9ff8-b2f4-4906-ac97-fbb1cb68cd8b/build]   | [INFO] Downloading from central: https://repo.maven.apache.org/maven2/org/hamcrest/hamcrest-core/1.3/hamcrest-core-1.3.jar
[067a9ff8-b2f4-4906-ac97-fbb1cb68cd8b/build]   | [INFO] Downloaded from central: https://repo.maven.apache.org/maven2/org/hamcrest/hamcrest-core/1.3/hamcrest-core-1.3.jar (45 kB at 524 kB/s)
[067a9ff8-b2f4-4906-ac97-fbb1cb68cd8b/build]   | [INFO] Downloaded from central: https://repo.maven.apache.org/maven2/junit/junit/4.11/junit-4.11.jar (245 kB at 1.2 MB/s)
[067a9ff8-b2f4-4906-ac97-fbb1cb68cd8b/build]   | [INFO] Downloaded from central: https://repo.maven.apache.org/maven2/com/google/guava/guava/18.0/guava-18.0.jar (2.3 MB at 10 MB/s)
[067a9ff8-b2f4-4906-ac97-fbb1cb68cd8b/build]   | [INFO] Downloaded from central: https://repo.maven.apache.org/maven2/com/netflix/rxjava/rxjava-core/0.20.2/rxjava-core-0.20.2.jar (667 kB at 3.1 MB/s)
[067a9ff8-b2f4-4906-ac97-fbb1cb68cd8b/build]   | [INFO] 
[067a9ff8-b2f4-4906-ac97-fbb1cb68cd8b/build]   | [INFO] --- maven-enforcer-plugin:1.2:enforce (enforce-maven) @ rtree ---
[067a9ff8-b2f4-4906-ac97-fbb1cb68cd8b/build]   | [INFO] Downloading from central: https://repo.maven.apache.org/maven2/org/apache/maven/maven-artifact/2.0.9/maven-artifact-2.0.9.pom
[067a9ff8-b2f4-4906-ac97-fbb1cb68cd8b/build]   | [INFO] Downloaded from central: https://repo.maven.apache.org/maven2/org/apache/maven/maven-artifact/2.0.9/maven-artifact-2.0.9.pom (1.6 kB at 54 kB/s)
[067a9ff8-b2f4-4906-ac97-fbb1cb68cd8b/build]   | [INFO] Downloading from central: https://repo.maven.apache.org/maven2/org/apache/maven/maven/2.0.9/maven-2.0.9.pom
[067a9ff8-b2f4-4906-ac97-fbb1cb68cd8b/build]   | [INFO] Downloaded from central: https://repo.maven.apache.org/maven2/org/apache/maven/maven/2.0.9/maven-2.0.9.pom (19 kB at 525 kB/s)
[067a9ff8-b2f4-4906-ac97-fbb1cb68cd8b/build]   | [INFO] Downloading from central: https://repo.maven.apache.org/maven2/org/apache/maven/maven-parent/8/maven-parent-8.pom
[067a9ff8-b2f4-4906-ac97-fbb1cb68cd8b/build]   | [INFO] Downloaded from central: https://repo.maven.apache.org/maven2/org/apache/maven/maven-parent/8/maven-parent-8.pom (24 kB at 1.6 MB/s)
[067a9ff8-b2f4-4906-ac97-fbb1cb68cd8b/build]   | [INFO] Downloading from central: https://repo.maven.apache.org/maven2/org/apache/apache/4/apache-4.pom
[067a9ff8-b2f4-4906-ac97-fbb1cb68cd8b/build]   | [INFO] Downloaded from central: https://repo.maven.apache.org/maven2/org/apache/apache/4/apache-4.pom (4.5 kB at 107 kB/s)
[067a9ff8-b2f4-4906-ac97-fbb1cb68cd8b/build]   | [INFO] Downloading from central: https://repo.maven.apache.org/maven2/org/codehaus/plexus/plexus-utils/1.5.8/plexus-utils-1.5.8.pom
[067a9ff8-b2f4-4906-ac97-fbb1cb68cd8b/build]   | [INFO] Downloaded from central: https://repo.maven.apache.org/maven2/org/codehaus/plexus/plexus-utils/1.5.8/plexus-utils-1.5.8.pom (8.1 kB at 278 kB/s)
[067a9ff8-b2f4-4906-ac97-fbb1cb68cd8b/build]   | [INFO] Downloading from central: https://repo.maven.apache.org/maven2/org/codehaus/plexus/plexus/2.0.2/plexus-2.0.2.pom
[067a9ff8-b2f4-4906-ac97-fbb1cb68cd8b/build]   | [INFO] Downloaded from central: https://repo.maven.apache.org/maven2/org/codehaus/plexus/plexus/2.0.2/plexus-2.0.2.pom (12 kB at 223 kB/s)
[067a9ff8-b2f4-4906-ac97-fbb1cb68cd8b/build]   | [INFO] Downloading from central: https://repo.maven.apache.org/maven2/org/apache/maven/maven-plugin-api/2.0.9/maven-plugin-api-2.0.9.pom
[067a9ff8-b2f4-4906-ac97-fbb1cb68cd8b/build]   | [INFO] Downloaded from central: https://repo.maven.apache.org/maven2/org/apache/maven/maven-plugin-api/2.0.9/maven-plugin-api-2.0.9.pom (1.5 kB at 39 kB/s)
[067a9ff8-b2f4-4906-ac97-fbb1cb68cd8b/build]   | [INFO] Downloading from central: https://repo.maven.apache.org/maven2/org/apache/maven/maven-project/2.0.9/maven-project-2.0.9.pom
[067a9ff8-b2f4-4906-ac97-fbb1cb68cd8b/build]   | [INFO] Downloaded from central: https://repo.maven.apache.org/maven2/org/apache/maven/maven-project/2.0.9/maven-project-2.0.9.pom (2.7 kB at 51 kB/s)
[067a9ff8-b2f4-4906-ac97-fbb1cb68cd8b/build]   | [INFO] Downloading from central: https://repo.maven.apache.org/maven2/org/apache/maven/maven-settings/2.0.9/maven-settings-2.0.9.pom
[067a9ff8-b2f4-4906-ac97-fbb1cb68cd8b/build]   | [INFO] Downloaded from central: https://repo.maven.apache.org/maven2/org/apache/maven/maven-settings/2.0.9/maven-settings-2.0.9.pom (2.1 kB at 39 kB/s)
[067a9ff8-b2f4-4906-ac97-fbb1cb68cd8b/build]   | [INFO] Downloading from central: https://repo.maven.apache.org/maven2/org/apache/maven/maven-model/2.0.9/maven-model-2.0.9.pom
[067a9ff8-b2f4-4906-ac97-fbb1cb68cd8b/build]   | [INFO] Downloaded from central: https://repo.maven.apache.org/maven2/org/apache/maven/maven-model/2.0.9/maven-model-2.0.9.pom (3.1 kB at 174 kB/s)
[067a9ff8-b2f4-4906-ac97-fbb1cb68cd8b/build]   | [INFO] Downloading from central: https://repo.maven.apache.org/maven2/org/codehaus/plexus/plexus-container-default/1.0-alpha-9-stable-1/plexus-container-default-1.0-alpha-9-stable-1.pom
[067a9ff8-b2f4-4906-ac97-fbb1cb68cd8b/build]   | [INFO] Downloaded from central: https://repo.maven.apache.org/maven2/org/codehaus/plexus/plexus-container-default/1.0-alpha-9-stable-1/plexus-container-default-1.0-alpha-9-stable-1.pom (3.9 kB at 123 kB/s)
[067a9ff8-b2f4-4906-ac97-fbb1cb68cd8b/build]   | [INFO] Downloading from central: https://repo.maven.apache.org/maven2/org/codehaus/plexus/plexus-containers/1.0.3/plexus-containers-1.0.3.pom
[067a9ff8-b2f4-4906-ac97-fbb1cb68cd8b/build]   | [INFO] Downloaded from central: https://repo.maven.apache.org/maven2/org/codehaus/plexus/plexus-containers/1.0.3/plexus-containers-1.0.3.pom (492 B at 15 kB/s)
[067a9ff8-b2f4-4906-ac97-fbb1cb68cd8b/build]   | [INFO] Downloading from central: https://repo.maven.apache.org/maven2/org/codehaus/plexus/plexus/1.0.4/plexus-1.0.4.pom
[067a9ff8-b2f4-4906-ac97-fbb1cb68cd8b/build]   | [INFO] Downloaded from central: https://repo.maven.apache.org/maven2/org/codehaus/plexus/plexus/1.0.4/plexus-1.0.4.pom (5.7 kB at 191 kB/s)
[067a9ff8-b2f4-4906-ac97-fbb1cb68cd8b/build]   | [INFO] Downloading from central: https://repo.maven.apache.org/maven2/junit/junit/3.8.2/junit-3.8.2.pom
[067a9ff8-b2f4-4906-ac97-fbb1cb68cd8b/build]   | [INFO] Downloaded from central: https://repo.maven.apache.org/maven2/junit/junit/3.8.2/junit-3.8.2.pom (747 B at 15 kB/s)
[067a9ff8-b2f4-4906-ac97-fbb1cb68cd8b/build]   | [INFO] Downloading from central: https://repo.maven.apache.org/maven2/classworlds/classworlds/1.1-alpha-2/classworlds-1.1-alpha-2.pom
[067a9ff8-b2f4-4906-ac97-fbb1cb68cd8b/build]   | [INFO] Downloaded from central: https://repo.maven.apache.org/maven2/classworlds/classworlds/1.1-alpha-2/classworlds-1.1-alpha-2.pom (3.1 kB at 52 kB/s)
[067a9ff8-b2f4-4906-ac97-fbb1cb68cd8b/build]   | [INFO] Downloading from central: https://repo.maven.apache.org/maven2/org/apache/maven/maven-profile/2.0.9/maven-profile-2.0.9.pom
[067a9ff8-b2f4-4906-ac97-fbb1cb68cd8b/build]   | [INFO] Downloaded from central: https://repo.maven.apache.org/maven2/org/apache/maven/maven-profile/2.0.9/maven-profile-2.0.9.pom (2.0 kB at 79 kB/s)
[067a9ff8-b2f4-4906-ac97-fbb1cb68cd8b/build]   | [INFO] Downloading from central: https://repo.maven.apache.org/maven2/org/apache/maven/maven-artifact-manager/2.0.9/maven-artifact-manager-2.0.9.pom
[067a9ff8-b2f4-4906-ac97-fbb1cb68cd8b/build]   | [INFO] Downloaded from central: https://repo.maven.apache.org/maven2/org/apache/maven/maven-artifact-manager/2.0.9/maven-artifact-manager-2.0.9.pom (2.7 kB at 47 kB/s)
[067a9ff8-b2f4-4906-ac97-fbb1cb68cd8b/build]   | [INFO] Downloading from central: https://repo.maven.apache.org/maven2/org/apache/maven/maven-repository-metadata/2.0.9/maven-repository-metadata-2.0.9.pom
[067a9ff8-b2f4-4906-ac97-fbb1cb68cd8b/build]   | [INFO] Downloaded from central: https://repo.maven.apache.org/maven2/org/apache/maven/maven-repository-metadata/2.0.9/maven-repository-metadata-2.0.9.pom (1.9 kB at 136 kB/s)
[067a9ff8-b2f4-4906-ac97-fbb1cb68cd8b/build]   | [INFO] Downloading from central: https://repo.maven.apache.org/maven2/org/apache/maven/maven-plugin-registry/2.0.9/maven-plugin-registry-2.0.9.pom
[067a9ff8-b2f4-4906-ac97-fbb1cb68cd8b/build]   | [INFO] Downloaded from central: https://repo.maven.apache.org/maven2/org/apache/maven/maven-plugin-registry/2.0.9/maven-plugin-registry-2.0.9.pom (2.0 kB at 39 kB/s)
[067a9ff8-b2f4-4906-ac97-fbb1cb68cd8b/build]   | [INFO] Downloading from central: https://repo.maven.apache.org/maven2/org/apache/maven/maven-core/2.0.9/maven-core-2.0.9.pom
[067a9ff8-b2f4-4906-ac97-fbb1cb68cd8b/build]   | [INFO] Downloaded from central: https://repo.maven.apache.org/maven2/org/apache/maven/maven-core/2.0.9/maven-core-2.0.9.pom (7.8 kB at 599 kB/s)
[067a9ff8-b2f4-4906-ac97-fbb1cb68cd8b/build]   | [INFO] Downloading from central: https://repo.maven.apache.org/maven2/org/apache/maven/maven-plugin-parameter-documenter/2.0.9/maven-plugin-parameter-documenter-2.0.9.pom
[067a9ff8-b2f4-4906-ac97-fbb1cb68cd8b/build]   | [INFO] Downloaded from central: https://repo.maven.apache.org/maven2/org/apache/maven/maven-plugin-parameter-documenter/2.0.9/maven-plugin-parameter-documenter-2.0.9.pom (2.0 kB at 179 kB/s)
[067a9ff8-b2f4-4906-ac97-fbb1cb68cd8b/build]   | [INFO] Downloading from central: https://repo.maven.apache.org/maven2/org/apache/maven/reporting/maven-reporting-api/2.0.9/maven-reporting-api-2.0.9.pom
[067a9ff8-b2f4-4906-ac97-fbb1cb68cd8b/build]   | [INFO] Downloaded from central: https://repo.maven.apache.org/maven2/org/apache/maven/reporting/maven-reporting-api/2.0.9/maven-reporting-api-2.0.9.pom (1.8 kB at 33 kB/s)
[067a9ff8-b2f4-4906-ac97-fbb1cb68cd8b/build]   | [INFO] Downloading from central: https://repo.maven.apache.org/maven2/org/apache/maven/reporting/maven-reporting/2.0.9/maven-reporting-2.0.9.pom
[067a9ff8-b2f4-4906-ac97-fbb1cb68cd8b/build]   | [INFO] Downloaded from central: https://repo.maven.apache.org/maven2/org/apache/maven/reporting/maven-reporting/2.0.9/maven-reporting-2.0.9.pom (1.5 kB at 33 kB/s)
[067a9ff8-b2f4-4906-ac97-fbb1cb68cd8b/build]   | [INFO] Downloading from central: https://repo.maven.apache.org/maven2/org/apache/maven/doxia/doxia-sink-api/1.0-alpha-10/doxia-sink-api-1.0-alpha-10.pom
[067a9ff8-b2f4-4906-ac97-fbb1cb68cd8b/build]   | [INFO] Downloaded from central: https://repo.maven.apache.org/maven2/org/apache/maven/doxia/doxia-sink-api/1.0-alpha-10/doxia-sink-api-1.0-alpha-10.pom (1.3 kB at 43 kB/s)
[067a9ff8-b2f4-4906-ac97-fbb1cb68cd8b/build]   | [INFO] Downloading from central: https://repo.maven.apache.org/maven2/org/apache/maven/doxia/doxia/1.0-alpha-10/doxia-1.0-alpha-10.pom
[067a9ff8-b2f4-4906-ac97-fbb1cb68cd8b/build]   | [INFO] Downloaded from central: https://repo.maven.apache.org/maven2/org/apache/maven/doxia/doxia/1.0-alpha-10/doxia-1.0-alpha-10.pom (9.2 kB at 509 kB/s)
[067a9ff8-b2f4-4906-ac97-fbb1cb68cd8b/build]   | [INFO] Downloading from central: https://repo.maven.apache.org/maven2/org/apache/maven/maven-parent/6/maven-parent-6.pom
[067a9ff8-b2f4-4906-ac97-fbb1cb68cd8b/build]   | [INFO] Downloaded from central: https://repo.maven.apache.org/maven2/org/apache/maven/maven-parent/6/maven-parent-6.pom (20 kB at 364 kB/s)
[067a9ff8-b2f4-4906-ac97-fbb1cb68cd8b/build]   | [INFO] Downloading from central: https://repo.maven.apache.org/maven2/org/apache/maven/maven-error-diagnostics/2.0.9/maven-error-diagnostics-2.0.9.pom
[067a9ff8-b2f4-4906-ac97-fbb1cb68cd8b/build]   | [INFO] Downloaded from central: https://repo.maven.apache.org/maven2/org/apache/maven/maven-error-diagnostics/2.0.9/maven-error-diagnostics-2.0.9.pom (1.7 kB at 29 kB/s)
[067a9ff8-b2f4-4906-ac97-fbb1cb68cd8b/build]   | [INFO] Downloading from central: https://repo.maven.apache.org/maven2/commons-cli/commons-cli/1.0/commons-cli-1.0.pom
[067a9ff8-b2f4-4906-ac97-fbb1cb68cd8b/build]   | [INFO] Downloaded from central: https://repo.maven.apache.org/maven2/commons-cli/commons-cli/1.0/commons-cli-1.0.pom (2.1 kB at 84 kB/s)
[067a9ff8-b2f4-4906-ac97-fbb1cb68cd8b/build]   | [INFO] Downloading from central: https://repo.maven.apache.org/maven2/org/apache/maven/maven-plugin-descriptor/2.0.9/maven-plugin-descriptor-2.0.9.pom
[067a9ff8-b2f4-4906-ac97-fbb1cb68cd8b/build]   | [INFO] Downloaded from central: https://repo.maven.apache.org/maven2/org/apache/maven/maven-plugin-descriptor/2.0.9/maven-plugin-descriptor-2.0.9.pom (2.1 kB at 30 kB/s)
[067a9ff8-b2f4-4906-ac97-fbb1cb68cd8b/build]   | [INFO] Downloading from central: https://repo.maven.apache.org/maven2/org/codehaus/plexus/plexus-interactivity-api/1.0-alpha-4/plexus-interactivity-api-1.0-alpha-4.pom
[067a9ff8-b2f4-4906-ac97-fbb1cb68cd8b/build]   | [INFO] Downloaded from central: https://repo.maven.apache.org/maven2/org/codehaus/plexus/plexus-interactivity-api/1.0-alpha-4/plexus-interactivity-api-1.0-alpha-4.pom (7.1 kB at 139 kB/s)
[067a9ff8-b2f4-4906-ac97-fbb1cb68cd8b/build]   | [INFO] Downloading from central: https://repo.maven.apache.org/maven2/org/apache/maven/maven-monitor/2.0.9/maven-monitor-2.0.9.pom
[067a9ff8-b2f4-4906-ac97-fbb1cb68cd8b/build]   | [INFO] Downloaded from central: https://repo.maven.apache.org/maven2/org/apache/maven/maven-monitor/2.0.9/maven-monitor-2.0.9.pom (1.3 kB at 36 kB/s)
[067a9ff8-b2f4-4906-ac97-fbb1cb68cd8b/build]   | [INFO] Downloading from central: https://repo.maven.apache.org/maven2/classworlds/classworlds/1.1/classworlds-1.1.pom
[067a9ff8-b2f4-4906-ac97-fbb1cb68cd8b/build]   | [INFO] Downloaded from central: https://repo.maven.apache.org/maven2/classworlds/classworlds/1.1/classworlds-1.1.pom (3.3 kB at 302 kB/s)
[067a9ff8-b2f4-4906-ac97-fbb1cb68cd8b/build]   | [INFO] Downloading from central: https://repo.maven.apache.org/maven2/commons-lang/commons-lang/2.3/commons-lang-2.3.pom
[067a9ff8-b2f4-4906-ac97-fbb1cb68cd8b/build]   | [INFO] Downloaded from central: https://repo.maven.apache.org/maven2/commons-lang/commons-lang/2.3/commons-lang-2.3.pom (11 kB at 195 kB/s)
[067a9ff8-b2f4-4906-ac97-fbb1cb68cd8b/build]   | [INFO] Downloading from central: https://repo.maven.apache.org/maven2/org/apache/maven/enforcer/enforcer-api/1.2/enforcer-api-1.2.pom
[067a9ff8-b2f4-4906-ac97-fbb1cb68cd8b/build]   | [INFO] Downloaded from central: https://repo.maven.apache.org/maven2/org/apache/maven/enforcer/enforcer-api/1.2/enforcer-api-1.2.pom (2.9 kB at 204 kB/s)
[067a9ff8-b2f4-4906-ac97-fbb1cb68cd8b/build]   | [INFO] Downloading from central: https://repo.maven.apache.org/maven2/org/codehaus/plexus/plexus-container-default/1.0-alpha-9/plexus-container-default-1.0-alpha-9.pom
[067a9ff8-b2f4-4906-ac97-fbb1cb68cd8b/build]   | [INFO] Downloaded from central: https://repo.maven.apache.org/maven2/org/codehaus/plexus/plexus-container-default/1.0-alpha-9/plexus-container-default-1.0-alpha-9.pom (1.2 kB at 52 kB/s)
[067a9ff8-b2f4-4906-ac97-fbb1cb68cd8b/build]   | [INFO] Downloading from central: https://repo.maven.apache.org/maven2/org/apache/maven/enforcer/enforcer-rules/1.2/enforcer-rules-1.2.pom
[067a9ff8-b2f4-4906-ac97-fbb1cb68cd8b/build]   | [INFO] Downloaded from central: https://repo.maven.apache.org/maven2/org/apache/maven/enforcer/enforcer-rules/1.2/enforcer-rules-1.2.pom (3.7 kB at 217 kB/s)
[067a9ff8-b2f4-4906-ac97-fbb1cb68cd8b/build]   | [INFO] Downloading from central: https://repo.maven.apache.org/maven2/org/apache/maven/shared/maven-common-artifact-filters/1.2/maven-common-artifact-filters-1.2.pom
[067a9ff8-b2f4-4906-ac97-fbb1cb68cd8b/build]   | [INFO] Downloaded from central: https://repo.maven.apache.org/maven2/org/apache/maven/shared/maven-common-artifact-filters/1.2/maven-common-artifact-filters-1.2.pom (4.5 kB at 206 kB/s)
[067a9ff8-b2f4-4906-ac97-fbb1cb68cd8b/build]   | [INFO] Downloading from central: https://repo.maven.apache.org/maven2/org/apache/maven/shared/maven-shared-components/11/maven-shared-components-11.pom
[067a9ff8-b2f4-4906-ac97-fbb1cb68cd8b/build]   | [INFO] Downloaded from central: https://repo.maven.apache.org/maven2/org/apache/maven/shared/maven-shared-components/11/maven-shared-components-11.pom (8.3 kB at 417 kB/s)
[067a9ff8-b2f4-4906-ac97-fbb1cb68cd8b/build]   | [INFO] Downloading from central: https://repo.maven.apache.org/maven2/org/apache/maven/maven-parent/11/maven-parent-11.pom
[067a9ff8-b2f4-4906-ac97-fbb1cb68cd8b/build]   | [INFO] Downloaded from central: https://repo.maven.apache.org/maven2/org/apache/maven/maven-parent/11/maven-parent-11.pom (32 kB at 432 kB/s)
[067a9ff8-b2f4-4906-ac97-fbb1cb68cd8b/build]   | [INFO] Downloading from central: https://repo.maven.apache.org/maven2/org/apache/apache/5/apache-5.pom
[067a9ff8-b2f4-4906-ac97-fbb1cb68cd8b/build]   | [INFO] Downloaded from central: https://repo.maven.apache.org/maven2/org/apache/apache/5/apache-5.pom (4.1 kB at 455 kB/s)
[067a9ff8-b2f4-4906-ac97-fbb1cb68cd8b/build]   | [INFO] Downloading from central: https://repo.maven.apache.org/maven2/org/apache/maven/maven-model/2.0.8/maven-model-2.0.8.pom
[067a9ff8-b2f4-4906-ac97-fbb1cb68cd8b/build]   | [INFO] Downloaded from central: https://repo.maven.apache.org/maven2/org/apache/maven/maven-model/2.0.8/maven-model-2.0.8.pom (3.1 kB at 54 kB/s)
[067a9ff8-b2f4-4906-ac97-fbb1cb68cd8b/build]   | [INFO] Downloading from central: https://repo.maven.apache.org/maven2/org/apache/maven/maven/2.0.8/maven-2.0.8.pom
[067a9ff8-b2f4-4906-ac97-fbb1cb68cd8b/build]   | [INFO] Downloaded from central: https://repo.maven.apache.org/maven2/org/apache/maven/maven/2.0.8/maven-2.0.8.pom (12 kB at 756 kB/s)
[067a9ff8-b2f4-4906-ac97-fbb1cb68cd8b/build]   | [INFO] Downloading from central: https://repo.maven.apache.org/maven2/org/apache/maven/shared/maven-plugin-testing-harness/1.1/maven-plugin-testing-harness-1.1.pom
[067a9ff8-b2f4-4906-ac97-fbb1cb68cd8b/build]   | [INFO] Downloaded from central: https://repo.maven.apache.org/maven2/org/apache/maven/shared/maven-plugin-testing-harness/1.1/maven-plugin-testing-harness-1.1.pom (6.3 kB at 373 kB/s)
[067a9ff8-b2f4-4906-ac97-fbb1cb68cd8b/build]   | [INFO] Downloading from central: https://repo.maven.apache.org/maven2/org/apache/maven/shared/maven-shared-components/7/maven-shared-components-7.pom
[067a9ff8-b2f4-4906-ac97-fbb1cb68cd8b/build]   | [INFO] Downloaded from central: https://repo.maven.apache.org/maven2/org/apache/maven/shared/maven-shared-components/7/maven-shared-components-7.pom (2.6 kB at 35 kB/s)
[067a9ff8-b2f4-4906-ac97-fbb1cb68cd8b/build]   | [INFO] Downloading from central: https://repo.maven.apache.org/maven2/org/apache/maven/maven-parent/5/maven-parent-5.pom
[067a9ff8-b2f4-4906-ac97-fbb1cb68cd8b/build]   | [INFO] Downloaded from central: https://repo.maven.apache.org/maven2/org/apache/maven/maven-parent/5/maven-parent-5.pom (15 kB at 662 kB/s)
[067a9ff8-b2f4-4906-ac97-fbb1cb68cd8b/build]   | [INFO] Downloading from central: https://repo.maven.apache.org/maven2/org/apache/apache/3/apache-3.pom
[067a9ff8-b2f4-4906-ac97-fbb1cb68cd8b/build]   | [INFO] Downloaded from central: https://repo.maven.apache.org/maven2/org/apache/apache/3/apache-3.pom (3.4 kB at 137 kB/s)
[067a9ff8-b2f4-4906-ac97-fbb1cb68cd8b/build]   | [INFO] Downloading from central: https://repo.maven.apache.org/maven2/org/codehaus/plexus/plexus-archiver/1.0-alpha-7/plexus-archiver-1.0-alpha-7.pom
[067a9ff8-b2f4-4906-ac97-fbb1cb68cd8b/build]   | [INFO] Downloaded from central: https://repo.maven.apache.org/maven2/org/codehaus/plexus/plexus-archiver/1.0-alpha-7/plexus-archiver-1.0-alpha-7.pom (1.0 kB at 28 kB/s)
[067a9ff8-b2f4-4906-ac97-fbb1cb68cd8b/build]   | [INFO] Downloading from central: https://repo.maven.apache.org/maven2/org/codehaus/plexus/plexus-components/1.1.6/plexus-components-1.1.6.pom
[067a9ff8-b2f4-4906-ac97-fbb1cb68cd8b/build]   | [INFO] Downloaded from central: https://repo.maven.apache.org/maven2/org/codehaus/plexus/plexus-components/1.1.6/plexus-components-1.1.6.pom (1.9 kB at 90 kB/s)
[067a9ff8-b2f4-4906-ac97-fbb1cb68cd8b/build]   | [INFO] Downloading from central: https://repo.maven.apache.org/maven2/org/codehaus/plexus/plexus/1.0.8/plexus-1.0.8.pom
[067a9ff8-b2f4-4906-ac97-fbb1cb68cd8b/build]   | [INFO] Downloaded from central: https://repo.maven.apache.org/maven2/org/codehaus/plexus/plexus/1.0.8/plexus-1.0.8.pom (7.2 kB at 233 kB/s)
[067a9ff8-b2f4-4906-ac97-fbb1cb68cd8b/build]   | [INFO] Downloading from central: https://repo.maven.apache.org/maven2/org/codehaus/plexus/plexus-container-default/1.0-alpha-8/plexus-container-default-1.0-alpha-8.pom
[067a9ff8-b2f4-4906-ac97-fbb1cb68cd8b/build]   | [INFO] Downloaded from central: https://repo.maven.apache.org/maven2/org/codehaus/plexus/plexus-container-default/1.0-alpha-8/plexus-container-default-1.0-alpha-8.pom (7.3 kB at 303 kB/s)
[067a9ff8-b2f4-4906-ac97-fbb1cb68cd8b/build]   | [INFO] Downloading from central: https://repo.maven.apache.org/maven2/org/beanshell/bsh/2.0b4/bsh-2.0b4.pom
[067a9ff8-b2f4-4906-ac97-fbb1cb68cd8b/build]   | [INFO] Downloaded from central: https://repo.maven.apache.org/maven2/org/beanshell/bsh/2.0b4/bsh-2.0b4.pom (1.2 kB at 37 kB/s)
[067a9ff8-b2f4-4906-ac97-fbb1cb68cd8b/build]   | [INFO] Downloading from central: https://repo.maven.apache.org/maven2/org/beanshell/beanshell/2.0b4/beanshell-2.0b4.pom
[067a9ff8-b2f4-4906-ac97-fbb1cb68cd8b/build]   | [INFO] Downloaded from central: https://repo.maven.apache.org/maven2/org/beanshell/beanshell/2.0b4/beanshell-2.0b4.pom (1.4 kB at 74 kB/s)
[067a9ff8-b2f4-4906-ac97-fbb1cb68cd8b/build]   | [INFO] Downloading from central: https://repo.maven.apache.org/maven2/org/apache/maven/shared/maven-dependency-tree/2.0/maven-dependency-tree-2.0.pom
[067a9ff8-b2f4-4906-ac97-fbb1cb68cd8b/build]   | [INFO] Downloaded from central: https://repo.maven.apache.org/maven2/org/apache/maven/shared/maven-dependency-tree/2.0/maven-dependency-tree-2.0.pom (4.7 kB at 60 kB/s)
[067a9ff8-b2f4-4906-ac97-fbb1cb68cd8b/build]   | [INFO] Downloading from central: https://repo.maven.apache.org/maven2/org/apache/maven/shared/maven-shared-components/17/maven-shared-components-17.pom
[067a9ff8-b2f4-4906-ac97-fbb1cb68cd8b/build]   | [INFO] Downloaded from central: https://repo.maven.apache.org/maven2/org/apache/maven/shared/maven-shared-components/17/maven-shared-components-17.pom (8.7 kB at 512 kB/s)
[067a9ff8-b2f4-4906-ac97-fbb1cb68cd8b/build]   | [INFO] Downloading from central: https://repo.maven.apache.org/maven2/org/codehaus/plexus/plexus-component-annotations/1.5.5/plexus-component-annotations-1.5.5.pom
[067a9ff8-b2f4-4906-ac97-fbb1cb68cd8b/build]   | [INFO] Downloaded from central: https://repo.maven.apache.org/maven2/org/codehaus/plexus/plexus-component-annotations/1.5.5/plexus-component-annotations-1.5.5.pom (815 B at 18 kB/s)
[067a9ff8-b2f4-4906-ac97-fbb1cb68cd8b/build]   | [INFO] Downloading from central: https://repo.maven.apache.org/maven2/org/codehaus/plexus/plexus-containers/1.5.5/plexus-containers-1.5.5.pom
[067a9ff8-b2f4-4906-ac97-fbb1cb68cd8b/build]   | [INFO] Downloaded from central: https://repo.maven.apache.org/maven2/org/codehaus/plexus/plexus-containers/1.5.5/plexus-containers-1.5.5.pom (4.2 kB at 118 kB/s)
[067a9ff8-b2f4-4906-ac97-fbb1cb68cd8b/build]   | [INFO] Downloading from central: https://repo.maven.apache.org/maven2/org/codehaus/plexus/plexus/2.0.7/plexus-2.0.7.pom
[067a9ff8-b2f4-4906-ac97-fbb1cb68cd8b/build]   | [INFO] Downloaded from central: https://repo.maven.apache.org/maven2/org/codehaus/plexus/plexus/2.0.7/plexus-2.0.7.pom (17 kB at 641 kB/s)
[067a9ff8-b2f4-4906-ac97-fbb1cb68cd8b/build]   | [INFO] Downloading from central: https://repo.maven.apache.org/maven2/org/codehaus/plexus/plexus-i18n/1.0-beta-6/plexus-i18n-1.0-beta-6.pom
[067a9ff8-b2f4-4906-ac97-fbb1cb68cd8b/build]   | [INFO] Downloaded from central: https://repo.maven.apache.org/maven2/org/codehaus/plexus/plexus-i18n/1.0-beta-6/plexus-i18n-1.0-beta-6.pom (771 B at 11 kB/s)
[067a9ff8-b2f4-4906-ac97-fbb1cb68cd8b/build]   | [INFO] Downloading from central: https://repo.maven.apache.org/maven2/org/codehaus/plexus/plexus-components/1.1.4/plexus-components-1.1.4.pom
[067a9ff8-b2f4-4906-ac97-fbb1cb68cd8b/build]   | [INFO] Downloaded from central: https://repo.maven.apache.org/maven2/org/codehaus/plexus/plexus-components/1.1.4/plexus-components-1.1.4.pom (2.1 kB at 173 kB/s)
[067a9ff8-b2f4-4906-ac97-fbb1cb68cd8b/build]   | [INFO] Downloading from central: https://repo.maven.apache.org/maven2/org/apache/maven/maven-artifact/2.0.9/maven-artifact-2.0.9.jar
[067a9ff8-b2f4-4906-ac97-fbb1cb68cd8b/build]   | [INFO] Downloading from central: https://repo.maven.apache.org/maven2/org/apache/maven/maven-plugin-api/2.0.9/maven-plugin-api-2.0.9.jar
[067a9ff8-b2f4-4906-ac97-fbb1cb68cd8b/build]   | [INFO] Downloading from central: https://repo.maven.apache.org/maven2/org/apache/maven/maven-project/2.0.9/maven-project-2.0.9.jar
[067a9ff8-b2f4-4906-ac97-fbb1cb68cd8b/build]   | [INFO] Downloading from central: https://repo.maven.apache.org/maven2/org/apache/maven/maven-settings/2.0.9/maven-settings-2.0.9.jar
[067a9ff8-b2f4-4906-ac97-fbb1cb68cd8b/build]   | [INFO] Downloading from central: https://repo.maven.apache.org/maven2/org/apache/maven/maven-profile/2.0.9/maven-profile-2.0.9.jar
[067a9ff8-b2f4-4906-ac97-fbb1cb68cd8b/build]   | [INFO] Downloaded from central: https://repo.maven.apache.org/maven2/org/apache/maven/maven-artifact/2.0.9/maven-artifact-2.0.9.jar (89 kB at 1.3 MB/s)
[067a9ff8-b2f4-4906-ac97-fbb1cb68cd8b/build]   | [INFO] Downloaded from central: https://repo.maven.apache.org/maven2/org/apache/maven/maven-project/2.0.9/maven-project-2.0.9.jar (122 kB at 1.8 MB/s)
[067a9ff8-b2f4-4906-ac97-fbb1cb68cd8b/build]   | [INFO] Downloading from central: https://repo.maven.apache.org/maven2/org/apache/maven/maven-model/2.0.9/maven-model-2.0.9.jar
[067a9ff8-b2f4-4906-ac97-fbb1cb68cd8b/build]   | [INFO] Downloaded from central: https://repo.maven.apache.org/maven2/org/apache/maven/maven-profile/2.0.9/maven-profile-2.0.9.jar (35 kB at 552 kB/s)
[067a9ff8-b2f4-4906-ac97-fbb1cb68cd8b/build]   | [INFO] Downloading from central: https://repo.maven.apache.org/maven2/org/apache/maven/maven-artifact-manager/2.0.9/maven-artifact-manager-2.0.9.jar
[067a9ff8-b2f4-4906-ac97-fbb1cb68cd8b/build]   | [INFO] Downloading from central: https://repo.maven.apache.org/maven2/org/apache/maven/maven-plugin-registry/2.0.9/maven-plugin-registry-2.0.9.jar
[067a9ff8-b2f4-4906-ac97-fbb1cb68cd8b/build]   | [INFO] Downloaded from central: https://repo.maven.apache.org/maven2/org/apache/maven/maven-plugin-api/2.0.9/maven-plugin-api-2.0.9.jar (13 kB at 145 kB/s)
[067a9ff8-b2f4-4906-ac97-fbb1cb68cd8b/build]   | [INFO] Downloading from central: https://repo.maven.apache.org/maven2/org/codehaus/plexus/plexus-container-default/1.0-alpha-9-stable-1/plexus-container-default-1.0-alpha-9-stable-1.jar
[067a9ff8-b2f4-4906-ac97-fbb1cb68cd8b/build]   | [INFO] Downloaded from central: https://repo.maven.apache.org/maven2/org/apache/maven/maven-settings/2.0.9/maven-settings-2.0.9.jar (49 kB at 378 kB/s)
[067a9ff8-b2f4-4906-ac97-fbb1cb68cd8b/build]   | [INFO] Downloading from central: https://repo.maven.apache.org/maven2/org/apache/maven/maven-core/2.0.9/maven-core-2.0.9.jar
[067a9ff8-b2f4-4906-ac97-fbb1cb68cd8b/build]   | [INFO] Downloaded from central: https://repo.maven.apache.org/maven2/org/apache/maven/maven-artifact-manager/2.0.9/maven-artifact-manager-2.0.9.jar (58 kB at 445 kB/s)
[067a9ff8-b2f4-4906-ac97-fbb1cb68cd8b/build]   | [INFO] Downloading from central: https://repo.maven.apache.org/maven2/org/apache/maven/maven-plugin-parameter-documenter/2.0.9/maven-plugin-parameter-documenter-2.0.9.jar
[067a9ff8-b2f4-4906-ac97-fbb1cb68cd8b/build]   | [INFO] Downloaded from central: https://repo.maven.apache.org/maven2/org/apache/maven/maven-plugin-registry/2.0.9/maven-plugin-registry-2.0.9.jar (29 kB at 215 kB/s)
[067a9ff8-b2f4-4906-ac97-fbb1cb68cd8b/build]   | [INFO] Downloaded from central: https://repo.maven.apache.org/maven2/org/apache/maven/maven-model/2.0.9/maven-model-2.0.9.jar (87 kB at 647 kB/s)
[067a9ff8-b2f4-4906-ac97-fbb1cb68cd8b/build]   | [INFO] Downloading from central: https://repo.maven.apache.org/maven2/org/apache/maven/reporting/maven-reporting-api/2.0.9/maven-reporting-api-2.0.9.jar
[067a9ff8-b2f4-4906-ac97-fbb1cb68cd8b/build]   | [INFO] Downloading from central: https://repo.maven.apache.org/maven2/org/apache/maven/doxia/doxia-sink-api/1.0-alpha-10/doxia-sink-api-1.0-alpha-10.jar
[067a9ff8-b2f4-4906-ac97-fbb1cb68cd8b/build]   | [INFO] Downloaded from central: https://repo.maven.apache.org/maven2/org/apache/maven/maven-plugin-parameter-documenter/2.0.9/maven-plugin-parameter-documenter-2.0.9.jar (21 kB at 128 kB/s)
[067a9ff8-b2f4-4906-ac97-fbb1cb68cd8b/build]   | [INFO] Downloading from central: https://repo.maven.apache.org/maven2/org/apache/maven/maven-repository-metadata/2.0.9/maven-repository-metadata-2.0.9.jar
[067a9ff8-b2f4-4906-ac97-fbb1cb68cd8b/build]   | [INFO] Downloaded from central: https://repo.maven.apache.org/maven2/org/apache/maven/doxia/doxia-sink-api/1.0-alpha-10/doxia-sink-api-1.0-alpha-10.jar (9.9 kB at 59 kB/s)
[067a9ff8-b2f4-4906-ac97-fbb1cb68cd8b/build]   | [INFO] Downloaded from central: https://repo.maven.apache.org/maven2/org/codehaus/plexus/plexus-container-default/1.0-alpha-9-stable-1/plexus-container-default-1.0-alpha-9-stable-1.jar (194 kB at 1.1 MB/s)
[067a9ff8-b2f4-4906-ac97-fbb1cb68cd8b/build]   | [INFO] Downloading from central: https://repo.maven.apache.org/maven2/org/apache/maven/maven-error-diagnostics/2.0.9/maven-error-diagnostics-2.0.9.jar
[067a9ff8-b2f4-4906-ac97-fbb1cb68cd8b/build]   | [INFO] Downloading from central: https://repo.maven.apache.org/maven2/commons-cli/commons-cli/1.0/commons-cli-1.0.jar
[067a9ff8-b2f4-4906-ac97-fbb1cb68cd8b/build]   | [INFO] Downloaded from central: https://repo.maven.apache.org/maven2/org/apache/maven/maven-core/2.0.9/maven-core-2.0.9.jar (160 kB at 923 kB/s)
[067a9ff8-b2f4-4906-ac97-fbb1cb68cd8b/build]   | [INFO] Downloading from central: https://repo.maven.apache.org/maven2/org/apache/maven/maven-plugin-descriptor/2.0.9/maven-plugin-descriptor-2.0.9.jar
[067a9ff8-b2f4-4906-ac97-fbb1cb68cd8b/build]   | [INFO] Downloaded from central: https://repo.maven.apache.org/maven2/org/apache/maven/reporting/maven-reporting-api/2.0.9/maven-reporting-api-2.0.9.jar (10 kB at 51 kB/s)
[067a9ff8-b2f4-4906-ac97-fbb1cb68cd8b/build]   | [INFO] Downloading from central: https://repo.maven.apache.org/maven2/org/codehaus/plexus/plexus-interactivity-api/1.0-alpha-4/plexus-interactivity-api-1.0-alpha-4.jar
[067a9ff8-b2f4-4906-ac97-fbb1cb68cd8b/build]   | [INFO] Downloaded from central: https://repo.maven.apache.org/maven2/org/apache/maven/maven-repository-metadata/2.0.9/maven-repository-metadata-2.0.9.jar (25 kB at 122 kB/s)
[067a9ff8-b2f4-4906-ac97-fbb1cb68cd8b/build]   | [INFO] Downloading from central: https://repo.maven.apache.org/maven2/org/apache/maven/maven-monitor/2.0.9/maven-monitor-2.0.9.jar
[067a9ff8-b2f4-4906-ac97-fbb1cb68cd8b/build]   | [INFO] Downloaded from central: https://repo.maven.apache.org/maven2/commons-cli/commons-cli/1.0/commons-cli-1.0.jar (30 kB at 148 kB/s)
[067a9ff8-b2f4-4906-ac97-fbb1cb68cd8b/build]   | [INFO] Downloading from central: https://repo.maven.apache.org/maven2/classworlds/classworlds/1.1/classworlds-1.1.jar
[067a9ff8-b2f4-4906-ac97-fbb1cb68cd8b/build]   | [INFO] Downloaded from central: https://repo.maven.apache.org/maven2/org/apache/maven/maven-error-diagnostics/2.0.9/maven-error-diagnostics-2.0.9.jar (14 kB at 67 kB/s)
[067a9ff8-b2f4-4906-ac97-fbb1cb68cd8b/build]   | [INFO] Downloading from central: https://repo.maven.apache.org/maven2/org/codehaus/plexus/plexus-utils/1.5.8/plexus-utils-1.5.8.jar
[067a9ff8-b2f4-4906-ac97-fbb1cb68cd8b/build]   | [INFO] Downloaded from central: https://repo.maven.apache.org/maven2/org/apache/maven/maven-plugin-descriptor/2.0.9/maven-plugin-descriptor-2.0.9.jar (37 kB at 179 kB/s)
[067a9ff8-b2f4-4906-ac97-fbb1cb68cd8b/build]   | [INFO] Downloading from central: https://repo.maven.apache.org/maven2/commons-lang/commons-lang/2.3/commons-lang-2.3.jar
[067a9ff8-b2f4-4906-ac97-fbb1cb68cd8b/build]   | [INFO] Downloaded from central: https://repo.maven.apache.org/maven2/org/apache/maven/maven-monitor/2.0.9/maven-monitor-2.0.9.jar (10 kB at 48 kB/s)
[067a9ff8-b2f4-4906-ac97-fbb1cb68cd8b/build]   | [INFO] Downloading from central: https://repo.maven.apache.org/maven2/org/apache/maven/enforcer/enforcer-api/1.2/enforcer-api-1.2.jar
[067a9ff8-b2f4-4906-ac97-fbb1cb68cd8b/build]   | [INFO] Downloaded from central: https://repo.maven.apache.org/maven2/classworlds/classworlds/1.1/classworlds-1.1.jar (38 kB at 175 kB/s)
[067a9ff8-b2f4-4906-ac97-fbb1cb68cd8b/build]   | [INFO] Downloading from central: https://repo.maven.apache.org/maven2/org/apache/maven/enforcer/enforcer-rules/1.2/enforcer-rules-1.2.jar
[067a9ff8-b2f4-4906-ac97-fbb1cb68cd8b/build]   | [INFO] Downloaded from central: https://repo.maven.apache.org/maven2/org/apache/maven/enforcer/enforcer-api/1.2/enforcer-api-1.2.jar (9.8 kB at 44 kB/s)
[067a9ff8-b2f4-4906-ac97-fbb1cb68cd8b/build]   | [INFO] Downloading from central: https://repo.maven.apache.org/maven2/org/apache/maven/shared/maven-common-artifact-filters/1.2/maven-common-artifact-filters-1.2.jar
[067a9ff8-b2f4-4906-ac97-fbb1cb68cd8b/build]   | [INFO] Downloaded from central: https://repo.maven.apache.org/maven2/org/codehaus/plexus/plexus-interactivity-api/1.0-alpha-4/plexus-interactivity-api-1.0-alpha-4.jar (13 kB at 60 kB/s)
[067a9ff8-b2f4-4906-ac97-fbb1cb68cd8b/build]   | [INFO] Downloading from central: https://repo.maven.apache.org/maven2/org/beanshell/bsh/2.0b4/bsh-2.0b4.jar
[067a9ff8-b2f4-4906-ac97-fbb1cb68cd8b/build]   | [INFO] Downloaded from central: https://repo.maven.apache.org/maven2/org/apache/maven/enforcer/enforcer-rules/1.2/enforcer-rules-1.2.jar (76 kB at 211 kB/s)
[067a9ff8-b2f4-4906-ac97-fbb1cb68cd8b/build]   | [INFO] Downloading from central: https://repo.maven.apache.org/maven2/org/apache/maven/shared/maven-dependency-tree/2.0/maven-dependency-tree-2.0.jar
[067a9ff8-b2f4-4906-ac97-fbb1cb68cd8b/build]   | [INFO] Downloaded from central: https://repo.maven.apache.org/maven2/org/apache/maven/shared/maven-common-artifact-filters/1.2/maven-common-artifact-filters-1.2.jar (32 kB at 87 kB/s)
[067a9ff8-b2f4-4906-ac97-fbb1cb68cd8b/build]   | [INFO] Downloading from central: https://repo.maven.apache.org/maven2/org/codehaus/plexus/plexus-component-annotations/1.5.5/plexus-component-annotations-1.5.5.jar
[067a9ff8-b2f4-4906-ac97-fbb1cb68cd8b/build]   | [INFO] Downloaded from central: https://repo.maven.apache.org/maven2/commons-lang/commons-lang/2.3/commons-lang-2.3.jar (245 kB at 670 kB/s)
[067a9ff8-b2f4-4906-ac97-fbb1cb68cd8b/build]   | [INFO] Downloading from central: https://repo.maven.apache.org/maven2/org/codehaus/plexus/plexus-i18n/1.0-beta-6/plexus-i18n-1.0-beta-6.jar
[067a9ff8-b2f4-4906-ac97-fbb1cb68cd8b/build]   | [INFO] Downloaded from central: https://repo.maven.apache.org/maven2/org/beanshell/bsh/2.0b4/bsh-2.0b4.jar (282 kB at 770 kB/s)
[067a9ff8-b2f4-4906-ac97-fbb1cb68cd8b/build]   | [INFO] Downloaded from central: https://repo.maven.apache.org/maven2/org/codehaus/plexus/plexus-utils/1.5.8/plexus-utils-1.5.8.jar (268 kB at 726 kB/s)
[067a9ff8-b2f4-4906-ac97-fbb1cb68cd8b/build]   | [INFO] Downloaded from central: https://repo.maven.apache.org/maven2/org/codehaus/plexus/plexus-component-annotations/1.5.5/plexus-component-annotations-1.5.5.jar (4.2 kB at 11 kB/s)
[067a9ff8-b2f4-4906-ac97-fbb1cb68cd8b/build]   | [INFO] Downloaded from central: https://repo.maven.apache.org/maven2/org/apache/maven/shared/maven-dependency-tree/2.0/maven-dependency-tree-2.0.jar (56 kB at 149 kB/s)
[067a9ff8-b2f4-4906-ac97-fbb1cb68cd8b/build]   | [INFO] Downloaded from central: https://repo.maven.apache.org/maven2/org/codehaus/plexus/plexus-i18n/1.0-beta-6/plexus-i18n-1.0-beta-6.jar (12 kB at 31 kB/s)
[067a9ff8-b2f4-4906-ac97-fbb1cb68cd8b/build]   | [INFO] 
[067a9ff8-b2f4-4906-ac97-fbb1cb68cd8b/build]   | [INFO] --- maven-resources-plugin:2.6:resources (default-resources) @ rtree ---
[067a9ff8-b2f4-4906-ac97-fbb1cb68cd8b/build]   | [INFO] Downloading from central: https://repo.maven.apache.org/maven2/org/apache/maven/maven-plugin-api/2.0.6/maven-plugin-api-2.0.6.pom
[067a9ff8-b2f4-4906-ac97-fbb1cb68cd8b/build]   | [INFO] Downloaded from central: https://repo.maven.apache.org/maven2/org/apache/maven/maven-plugin-api/2.0.6/maven-plugin-api-2.0.6.pom (1.5 kB at 52 kB/s)
[067a9ff8-b2f4-4906-ac97-fbb1cb68cd8b/build]   | [INFO] Downloading from central: https://repo.maven.apache.org/maven2/org/apache/maven/maven/2.0.6/maven-2.0.6.pom
[067a9ff8-b2f4-4906-ac97-fbb1cb68cd8b/build]   | [INFO] Downloaded from central: https://repo.maven.apache.org/maven2/org/apache/maven/maven/2.0.6/maven-2.0.6.pom (9.0 kB at 1.0 MB/s)
[067a9ff8-b2f4-4906-ac97-fbb1cb68cd8b/build]   | [INFO] Downloading from central: https://repo.maven.apache.org/maven2/org/apache/maven/maven-project/2.0.6/maven-project-2.0.6.pom
[067a9ff8-b2f4-4906-ac97-fbb1cb68cd8b/build]   | [INFO] Downloaded from central: https://repo.maven.apache.org/maven2/org/apache/maven/maven-project/2.0.6/maven-project-2.0.6.pom (2.6 kB at 66 kB/s)
[067a9ff8-b2f4-4906-ac97-fbb1cb68cd8b/build]   | [INFO] Downloading from central: https://repo.maven.apache.org/maven2/org/apache/maven/maven-settings/2.0.6/maven-settings-2.0.6.pom
[067a9ff8-b2f4-4906-ac97-fbb1cb68cd8b/build]   | [INFO] Downloaded from central: https://repo.maven.apache.org/maven2/org/apache/maven/maven-settings/2.0.6/maven-settings-2.0.6.pom (2.0 kB at 133 kB/s)
[067a9ff8-b2f4-4906-ac97-fbb1cb68cd8b/build]   | [INFO] Downloading from central: https://repo.maven.apache.org/maven2/org/apache/maven/maven-model/2.0.6/maven-model-2.0.6.pom
[067a9ff8-b2f4-4906-ac97-fbb1cb68cd8b/build]   | [INFO] Downloaded from central: https://repo.maven.apache.org/maven2/org/apache/maven/maven-model/2.0.6/maven-model-2.0.6.pom (3.0 kB at 78 kB/s)
[067a9ff8-b2f4-4906-ac97-fbb1cb68cd8b/build]   | [INFO] Downloading from central: https://repo.maven.apache.org/maven2/org/codehaus/plexus/plexus-utils/1.4.1/plexus-utils-1.4.1.pom
[067a9ff8-b2f4-4906-ac97-fbb1cb68cd8b/build]   | [INFO] Downloaded from central: https://repo.maven.apache.org/maven2/org/codehaus/plexus/plexus-utils/1.4.1/plexus-utils-1.4.1.pom (1.9 kB at 73 kB/s)
[067a9ff8-b2f4-4906-ac97-fbb1cb68cd8b/build]   | [INFO] Downloading from central: https://repo.maven.apache.org/maven2/org/codehaus/plexus/plexus/1.0.11/plexus-1.0.11.pom
[067a9ff8-b2f4-4906-ac97-fbb1cb68cd8b/build]   | [INFO] Downloaded from central: https://repo.maven.apache.org/maven2/org/codehaus/plexus/plexus/1.0.11/plexus-1.0.11.pom (9.0 kB at 427 kB/s)
[067a9ff8-b2f4-4906-ac97-fbb1cb68cd8b/build]   | [INFO] Downloading from central: https://repo.maven.apache.org/maven2/junit/junit/3.8.1/junit-3.8.1.pom
[067a9ff8-b2f4-4906-ac97-fbb1cb68cd8b/build]   | [INFO] Downloaded from central: https://repo.maven.apache.org/maven2/junit/junit/3.8.1/junit-3.8.1.pom (998 B at 43 kB/s)
[067a9ff8-b2f4-4906-ac97-fbb1cb68cd8b/build]   | [INFO] Downloading from central: https://repo.maven.apache.org/maven2/org/codehaus/plexus/plexus-utils/1.0.4/plexus-utils-1.0.4.pom
[067a9ff8-b2f4-4906-ac97-fbb1cb68cd8b/build]   | [INFO] Downloaded from central: https://repo.maven.apache.org/maven2/org/codehaus/plexus/plexus-utils/1.0.4/plexus-utils-1.0.4.pom (6.9 kB at 527 kB/s)
[067a9ff8-b2f4-4906-ac97-fbb1cb68cd8b/build]   | [INFO] Downloading from central: https://repo.maven.apache.org/maven2/org/apache/maven/maven-profile/2.0.6/maven-profile-2.0.6.pom
[067a9ff8-b2f4-4906-ac97-fbb1cb68cd8b/build]   | [INFO] Downloaded from central: https://repo.maven.apache.org/maven2/org/apache/maven/maven-profile/2.0.6/maven-profile-2.0.6.pom (2.0 kB at 24 kB/s)
[067a9ff8-b2f4-4906-ac97-fbb1cb68cd8b/build]   | [INFO] Downloading from central: https://repo.maven.apache.org/maven2/org/apache/maven/maven-artifact-manager/2.0.6/maven-artifact-manager-2.0.6.pom
[067a9ff8-b2f4-4906-ac97-fbb1cb68cd8b/build]   | [INFO] Downloaded from central: https://repo.maven.apache.org/maven2/org/apache/maven/maven-artifact-manager/2.0.6/maven-artifact-manager-2.0.6.pom (2.6 kB at 73 kB/s)
[067a9ff8-b2f4-4906-ac97-fbb1cb68cd8b/build]   | [INFO] Downloading from central: https://repo.maven.apache.org/maven2/org/apache/maven/maven-repository-metadata/2.0.6/maven-repository-metadata-2.0.6.pom
[067a9ff8-b2f4-4906-ac97-fbb1cb68cd8b/build]   | [INFO] Downloaded from central: https://repo.maven.apache.org/maven2/org/apache/maven/maven-repository-metadata/2.0.6/maven-repository-metadata-2.0.6.pom (1.9 kB at 168 kB/s)
[067a9ff8-b2f4-4906-ac97-fbb1cb68cd8b/build]   | [INFO] Downloading from central: https://repo.maven.apache.org/maven2/org/apache/maven/maven-artifact/2.0.6/maven-artifact-2.0.6.pom
[067a9ff8-b2f4-4906-ac97-fbb1cb68cd8b/build]   | [INFO] Downloaded from central: https://repo.maven.apache.org/maven2/org/apache/maven/maven-artifact/2.0.6/maven-artifact-2.0.6.pom (1.6 kB at 29 kB/s)
[067a9ff8-b2f4-4906-ac97-fbb1cb68cd8b/build]   | [INFO] Downloading from central: https://repo.maven.apache.org/maven2/org/apache/maven/maven-plugin-registry/2.0.6/maven-plugin-registry-2.0.6.pom
[067a9ff8-b2f4-4906-ac97-fbb1cb68cd8b/build]   | [INFO] Downloaded from central: https://repo.maven.apache.org/maven2/org/apache/maven/maven-plugin-registry/2.0.6/maven-plugin-registry-2.0.6.pom (1.9 kB at 72 kB/s)
[067a9ff8-b2f4-4906-ac97-fbb1cb68cd8b/build]   | [INFO] Downloading from central: https://repo.maven.apache.org/maven2/org/apache/maven/maven-core/2.0.6/maven-core-2.0.6.pom
[067a9ff8-b2f4-4906-ac97-fbb1cb68cd8b/build]   | [INFO] Downloaded from central: https://repo.maven.apache.org/maven2/org/apache/maven/maven-core/2.0.6/maven-core-2.0.6.pom (6.7 kB at 224 kB/s)
[067a9ff8-b2f4-4906-ac97-fbb1cb68cd8b/build]   | [INFO] Downloading from central: https://repo.maven.apache.org/maven2/org/apache/maven/maven-plugin-parameter-documenter/2.0.6/maven-plugin-parameter-documenter-2.0.6.pom
[067a9ff8-b2f4-4906-ac97-fbb1cb68cd8b/build]   | [INFO] Downloaded from central: https://repo.maven.apache.org/maven2/org/apache/maven/maven-plugin-parameter-documenter/2.0.6/maven-plugin-parameter-documenter-2.0.6.pom (1.9 kB at 44 kB/s)
[067a9ff8-b2f4-4906-ac97-fbb1cb68cd8b/build]   | [INFO] Downloading from central: https://repo.maven.apache.org/maven2/org/apache/maven/reporting/maven-reporting-api/2.0.6/maven-reporting-api-2.0.6.pom
[067a9ff8-b2f4-4906-ac97-fbb1cb68cd8b/build]   | [INFO] Downloaded from central: https://repo.maven.apache.org/maven2/org/apache/maven/reporting/maven-reporting-api/2.0.6/maven-reporting-api-2.0.6.pom (1.8 kB at 117 kB/s)
[067a9ff8-b2f4-4906-ac97-fbb1cb68cd8b/build]   | [INFO] Downloading from central: https://repo.maven.apache.org/maven2/org/apache/maven/reporting/maven-reporting/2.0.6/maven-reporting-2.0.6.pom
[067a9ff8-b2f4-4906-ac97-fbb1cb68cd8b/build]   | [INFO] Downloaded from central: https://repo.maven.apache.org/maven2/org/apache/maven/reporting/maven-reporting/2.0.6/maven-reporting-2.0.6.pom (1.4 kB at 46 kB/s)
[067a9ff8-b2f4-4906-ac97-fbb1cb68cd8b/build]   | [INFO] Downloading from central: https://repo.maven.apache.org/maven2/org/apache/maven/doxia/doxia-sink-api/1.0-alpha-7/doxia-sink-api-1.0-alpha-7.pom
[067a9ff8-b2f4-4906-ac97-fbb1cb68cd8b/build]   | [INFO] Downloaded from central: https://repo.maven.apache.org/maven2/org/apache/maven/doxia/doxia-sink-api/1.0-alpha-7/doxia-sink-api-1.0-alpha-7.pom (424 B at 18 kB/s)
[067a9ff8-b2f4-4906-ac97-fbb1cb68cd8b/build]   | [INFO] Downloading from central: https://repo.maven.apache.org/maven2/org/apache/maven/doxia/doxia/1.0-alpha-7/doxia-1.0-alpha-7.pom
[067a9ff8-b2f4-4906-ac97-fbb1cb68cd8b/build]   | [INFO] Downloaded from central: https://repo.maven.apache.org/maven2/org/apache/maven/doxia/doxia/1.0-alpha-7/doxia-1.0-alpha-7.pom (3.9 kB at 186 kB/s)
[067a9ff8-b2f4-4906-ac97-fbb1cb68cd8b/build]   | [INFO] Downloading from central: https://repo.maven.apache.org/maven2/org/apache/maven/maven-error-diagnostics/2.0.6/maven-error-diagnostics-2.0.6.pom
[067a9ff8-b2f4-4906-ac97-fbb1cb68cd8b/build]   | [INFO] Downloaded from central: https://repo.maven.apache.org/maven2/org/apache/maven/maven-error-diagnostics/2.0.6/maven-error-diagnostics-2.0.6.pom (1.7 kB at 32 kB/s)
[067a9ff8-b2f4-4906-ac97-fbb1cb68cd8b/build]   | [INFO] Downloading from central: https://repo.maven.apache.org/maven2/org/apache/maven/maven-plugin-descriptor/2.0.6/maven-plugin-descriptor-2.0.6.pom
[067a9ff8-b2f4-4906-ac97-fbb1cb68cd8b/build]   | [INFO] Downloaded from central: https://repo.maven.apache.org/maven2/org/apache/maven/maven-plugin-descriptor/2.0.6/maven-plugin-descriptor-2.0.6.pom (2.0 kB at 28 kB/s)
[067a9ff8-b2f4-4906-ac97-fbb1cb68cd8b/build]   | [INFO] Downloading from central: https://repo.maven.apache.org/maven2/org/apache/maven/maven-monitor/2.0.6/maven-monitor-2.0.6.pom
[067a9ff8-b2f4-4906-ac97-fbb1cb68cd8b/build]   | [INFO] Downloaded from central: https://repo.maven.apache.org/maven2/org/apache/maven/maven-monitor/2.0.6/maven-monitor-2.0.6.pom (1.3 kB at 17 kB/s)
[067a9ff8-b2f4-4906-ac97-fbb1cb68cd8b/build]   | [INFO] Downloading from central: https://repo.maven.apache.org/maven2/org/codehaus/plexus/plexus-utils/2.0.5/plexus-utils-2.0.5.pom
[067a9ff8-b2f4-4906-ac97-fbb1cb68cd8b/build]   | [INFO] Downloaded from central: https://repo.maven.apache.org/maven2/org/codehaus/plexus/plexus-utils/2.0.5/plexus-utils-2.0.5.pom (3.3 kB at 238 kB/s)
[067a9ff8-b2f4-4906-ac97-fbb1cb68cd8b/build]   | [INFO] Downloading from central: https://repo.maven.apache.org/maven2/org/codehaus/plexus/plexus/2.0.6/plexus-2.0.6.pom
[067a9ff8-b2f4-4906-ac97-fbb1cb68cd8b/build]   | [INFO] Downloaded from central: https://repo.maven.apache.org/maven2/org/codehaus/plexus/plexus/2.0.6/plexus-2.0.6.pom (17 kB at 132 kB/s)
[067a9ff8-b2f4-4906-ac97-fbb1cb68cd8b/build]   | [INFO] Downloading from central: https://repo.maven.apache.org/maven2/org/apache/maven/shared/maven-filtering/1.1/maven-filtering-1.1.pom
[067a9ff8-b2f4-4906-ac97-fbb1cb68cd8b/build]   | [INFO] Downloaded from central: https://repo.maven.apache.org/maven2/org/apache/maven/shared/maven-filtering/1.1/maven-filtering-1.1.pom (5.8 kB at 305 kB/s)
[067a9ff8-b2f4-4906-ac97-fbb1cb68cd8b/build]   | [INFO] Downloading from central: https://repo.maven.apache.org/maven2/org/codehaus/plexus/plexus-utils/1.5.15/plexus-utils-1.5.15.pom
[067a9ff8-b2f4-4906-ac97-fbb1cb68cd8b/build]   | [INFO] Downloaded from central: https://repo.maven.apache.org/maven2/org/codehaus/plexus/plexus-utils/1.5.15/plexus-utils-1.5.15.pom (6.8 kB at 403 kB/s)
[067a9ff8-b2f4-4906-ac97-fbb1cb68cd8b/build]   | [INFO] Downloading from central: https://repo.maven.apache.org/maven2/org/codehaus/plexus/plexus-interpolation/1.12/plexus-interpolation-1.12.pom
[067a9ff8-b2f4-4906-ac97-fbb1cb68cd8b/build]   | [INFO] Downloaded from central: https://repo.maven.apache.org/maven2/org/codehaus/plexus/plexus-interpolation/1.12/plexus-interpolation-1.12.pom (889 B at 13 kB/s)
[067a9ff8-b2f4-4906-ac97-fbb1cb68cd8b/build]   | [INFO] Downloading from central: https://repo.maven.apache.org/maven2/org/codehaus/plexus/plexus-components/1.1.14/plexus-components-1.1.14.pom
[067a9ff8-b2f4-4906-ac97-fbb1cb68cd8b/build]   | [INFO] Downloaded from central: https://repo.maven.apache.org/maven2/org/codehaus/plexus/plexus-components/1.1.14/plexus-components-1.1.14.pom (5.8 kB at 254 kB/s)
[067a9ff8-b2f4-4906-ac97-fbb1cb68cd8b/build]   | [INFO] Downloading from central: https://repo.maven.apache.org/maven2/org/sonatype/plexus/plexus-build-api/0.0.4/plexus-build-api-0.0.4.pom
[067a9ff8-b2f4-4906-ac97-fbb1cb68cd8b/build]   | [INFO] Downloaded from central: https://repo.maven.apache.org/maven2/org/sonatype/plexus/plexus-build-api/0.0.4/plexus-build-api-0.0.4.pom (2.9 kB at 358 kB/s)
[067a9ff8-b2f4-4906-ac97-fbb1cb68cd8b/build]   | [INFO] Downloading from central: https://repo.maven.apache.org/maven2/org/sonatype/spice/spice-parent/10/spice-parent-10.pom
[067a9ff8-b2f4-4906-ac97-fbb1cb68cd8b/build]   | [INFO] Downloaded from central: https://repo.maven.apache.org/maven2/org/sonatype/spice/spice-parent/10/spice-parent-10.pom (3.0 kB at 58 kB/s)
[067a9ff8-b2f4-4906-ac97-fbb1cb68cd8b/build]   | [INFO] Downloading from central: https://repo.maven.apache.org/maven2/org/sonatype/forge/forge-parent/3/forge-parent-3.pom
[067a9ff8-b2f4-4906-ac97-fbb1cb68cd8b/build]   | [INFO] Downloaded from central: https://repo.maven.apache.org/maven2/org/sonatype/forge/forge-parent/3/forge-parent-3.pom (5.0 kB at 168 kB/s)
[067a9ff8-b2f4-4906-ac97-fbb1cb68cd8b/build]   | [INFO] Downloading from central: https://repo.maven.apache.org/maven2/org/codehaus/plexus/plexus-interpolation/1.13/plexus-interpolation-1.13.pom
[067a9ff8-b2f4-4906-ac97-fbb1cb68cd8b/build]   | [INFO] Downloaded from central: https://repo.maven.apache.org/maven2/org/codehaus/plexus/plexus-interpolation/1.13/plexus-interpolation-1.13.pom (890 B at 21 kB/s)
[067a9ff8-b2f4-4906-ac97-fbb1cb68cd8b/build]   | [INFO] Downloading from central: https://repo.maven.apache.org/maven2/org/codehaus/plexus/plexus-components/1.1.15/plexus-components-1.1.15.pom
[067a9ff8-b2f4-4906-ac97-fbb1cb68cd8b/build]   | [INFO] Downloaded from central: https://repo.maven.apache.org/maven2/org/codehaus/plexus/plexus-components/1.1.15/plexus-components-1.1.15.pom (2.8 kB at 73 kB/s)
[067a9ff8-b2f4-4906-ac97-fbb1cb68cd8b/build]   | [INFO] Downloading from central: https://repo.maven.apache.org/maven2/org/codehaus/plexus/plexus/2.0.3/plexus-2.0.3.pom
[067a9ff8-b2f4-4906-ac97-fbb1cb68cd8b/build]   | [INFO] Downloaded from central: https://repo.maven.apache.org/maven2/org/codehaus/plexus/plexus/2.0.3/plexus-2.0.3.pom (15 kB at 909 kB/s)
[067a9ff8-b2f4-4906-ac97-fbb1cb68cd8b/build]   | [INFO] Downloading from central: https://repo.maven.apache.org/maven2/org/apache/maven/maven-plugin-api/2.0.6/maven-plugin-api-2.0.6.jar
[067a9ff8-b2f4-4906-ac97-fbb1cb68cd8b/build]   | [INFO] Downloading from central: https://repo.maven.apache.org/maven2/org/apache/maven/maven-project/2.0.6/maven-project-2.0.6.jar
[067a9ff8-b2f4-4906-ac97-fbb1cb68cd8b/build]   | [INFO] Downloading from central: https://repo.maven.apache.org/maven2/org/apache/maven/maven-profile/2.0.6/maven-profile-2.0.6.jar
[067a9ff8-b2f4-4906-ac97-fbb1cb68cd8b/build]   | [INFO] Downloading from central: https://repo.maven.apache.org/maven2/org/apache/maven/maven-artifact-manager/2.0.6/maven-artifact-manager-2.0.6.jar
[067a9ff8-b2f4-4906-ac97-fbb1cb68cd8b/build]   | [INFO] Downloading from central: https://repo.maven.apache.org/maven2/org/apache/maven/maven-plugin-registry/2.0.6/maven-plugin-registry-2.0.6.jar
[067a9ff8-b2f4-4906-ac97-fbb1cb68cd8b/build]   | [INFO] Downloaded from central: https://repo.maven.apache.org/maven2/org/apache/maven/maven-plugin-registry/2.0.6/maven-plugin-registry-2.0.6.jar (29 kB at 2.4 MB/s)
[067a9ff8-b2f4-4906-ac97-fbb1cb68cd8b/build]   | [INFO] Downloading from central: https://repo.maven.apache.org/maven2/org/apache/maven/maven-core/2.0.6/maven-core-2.0.6.jar
[067a9ff8-b2f4-4906-ac97-fbb1cb68cd8b/build]   | [INFO] Downloaded from central: https://repo.maven.apache.org/maven2/org/apache/maven/maven-artifact-manager/2.0.6/maven-artifact-manager-2.0.6.jar (57 kB at 2.0 MB/s)
[067a9ff8-b2f4-4906-ac97-fbb1cb68cd8b/build]   | [INFO] Downloading from central: https://repo.maven.apache.org/maven2/org/apache/maven/maven-plugin-parameter-documenter/2.0.6/maven-plugin-parameter-documenter-2.0.6.jar
[067a9ff8-b2f4-4906-ac97-fbb1cb68cd8b/build]   | [INFO] Downloaded from central: https://repo.maven.apache.org/maven2/org/apache/maven/maven-plugin-api/2.0.6/maven-plugin-api-2.0.6.jar (13 kB at 268 kB/s)
[067a9ff8-b2f4-4906-ac97-fbb1cb68cd8b/build]   | [INFO] Downloading from central: https://repo.maven.apache.org/maven2/org/apache/maven/reporting/maven-reporting-api/2.0.6/maven-reporting-api-2.0.6.jar
[067a9ff8-b2f4-4906-ac97-fbb1cb68cd8b/build]   | [INFO] Downloaded from central: https://repo.maven.apache.org/maven2/org/apache/maven/maven-profile/2.0.6/maven-profile-2.0.6.jar (35 kB at 734 kB/s)
[067a9ff8-b2f4-4906-ac97-fbb1cb68cd8b/build]   | [INFO] Downloading from central: https://repo.maven.apache.org/maven2/org/apache/maven/doxia/doxia-sink-api/1.0-alpha-7/doxia-sink-api-1.0-alpha-7.jar
[067a9ff8-b2f4-4906-ac97-fbb1cb68cd8b/build]   | [INFO] Downloaded from central: https://repo.maven.apache.org/maven2/org/apache/maven/maven-project/2.0.6/maven-project-2.0.6.jar (116 kB at 2.3 MB/s)
[067a9ff8-b2f4-4906-ac97-fbb1cb68cd8b/build]   | [INFO] Downloading from central: https://repo.maven.apache.org/maven2/org/apache/maven/maven-repository-metadata/2.0.6/maven-repository-metadata-2.0.6.jar
[067a9ff8-b2f4-4906-ac97-fbb1cb68cd8b/build]   | [INFO] Downloaded from central: https://repo.maven.apache.org/maven2/org/apache/maven/maven-core/2.0.6/maven-core-2.0.6.jar (152 kB at 3.0 MB/s)
[067a9ff8-b2f4-4906-ac97-fbb1cb68cd8b/build]   | [INFO] Downloading from central: https://repo.maven.apache.org/maven2/org/apache/maven/maven-error-diagnostics/2.0.6/maven-error-diagnostics-2.0.6.jar
[067a9ff8-b2f4-4906-ac97-fbb1cb68cd8b/build]   | [INFO] Downloaded from central: https://repo.maven.apache.org/maven2/org/apache/maven/doxia/doxia-sink-api/1.0-alpha-7/doxia-sink-api-1.0-alpha-7.jar (5.9 kB at 102 kB/s)
[067a9ff8-b2f4-4906-ac97-fbb1cb68cd8b/build]   | [INFO] Downloaded from central: https://repo.maven.apache.org/maven2/org/apache/maven/reporting/maven-reporting-api/2.0.6/maven-reporting-api-2.0.6.jar (9.9 kB at 171 kB/s)
[067a9ff8-b2f4-4906-ac97-fbb1cb68cd8b/build]   | [INFO] Downloaded from central: https://repo.maven.apache.org/maven2/org/apache/maven/maven-plugin-parameter-documenter/2.0.6/maven-plugin-parameter-documenter-2.0.6.jar (21 kB at 358 kB/s)
[067a9ff8-b2f4-4906-ac97-fbb1cb68cd8b/build]   | [INFO] Downloading from central: https://repo.maven.apache.org/maven2/org/apache/maven/maven-artifact/2.0.6/maven-artifact-2.0.6.jar
[067a9ff8-b2f4-4906-ac97-fbb1cb68cd8b/build]   | [INFO] Downloading from central: https://repo.maven.apache.org/maven2/org/apache/maven/maven-plugin-descriptor/2.0.6/maven-plugin-descriptor-2.0.6.jar
[067a9ff8-b2f4-4906-ac97-fbb1cb68cd8b/build]   | [INFO] Downloading from central: https://repo.maven.apache.org/maven2/org/apache/maven/maven-settings/2.0.6/maven-settings-2.0.6.jar
[067a9ff8-b2f4-4906-ac97-fbb1cb68cd8b/build]   | [INFO] Downloaded from central: https://repo.maven.apache.org/maven2/org/apache/maven/maven-repository-metadata/2.0.6/maven-repository-metadata-2.0.6.jar (24 kB at 310 kB/s)
[067a9ff8-b2f4-4906-ac97-fbb1cb68cd8b/build]   | [INFO] Downloaded from central: https://repo.maven.apache.org/maven2/org/apache/maven/maven-artifact/2.0.6/maven-artifact-2.0.6.jar (87 kB at 1.1 MB/s)
[067a9ff8-b2f4-4906-ac97-fbb1cb68cd8b/build]   | [INFO] Downloading from central: https://repo.maven.apache.org/maven2/org/apache/maven/maven-model/2.0.6/maven-model-2.0.6.jar
[067a9ff8-b2f4-4906-ac97-fbb1cb68cd8b/build]   | [INFO] Downloading from central: https://repo.maven.apache.org/maven2/org/apache/maven/maven-monitor/2.0.6/maven-monitor-2.0.6.jar
[067a9ff8-b2f4-4906-ac97-fbb1cb68cd8b/build]   | [INFO] Downloaded from central: https://repo.maven.apache.org/maven2/org/apache/maven/maven-error-diagnostics/2.0.6/maven-error-diagnostics-2.0.6.jar (14 kB at 172 kB/s)
[067a9ff8-b2f4-4906-ac97-fbb1cb68cd8b/build]   | [INFO] Downloaded from central: https://repo.maven.apache.org/maven2/org/apache/maven/maven-settings/2.0.6/maven-settings-2.0.6.jar (49 kB at 622 kB/s)
[067a9ff8-b2f4-4906-ac97-fbb1cb68cd8b/build]   | [INFO] Downloading from central: https://repo.maven.apache.org/maven2/junit/junit/3.8.1/junit-3.8.1.jar
[067a9ff8-b2f4-4906-ac97-fbb1cb68cd8b/build]   | [INFO] Downloading from central: https://repo.maven.apache.org/maven2/org/codehaus/plexus/plexus-utils/2.0.5/plexus-utils-2.0.5.jar
[067a9ff8-b2f4-4906-ac97-fbb1cb68cd8b/build]   | [INFO] Downloaded from central: https://repo.maven.apache.org/maven2/org/apache/maven/maven-plugin-descriptor/2.0.6/maven-plugin-descriptor-2.0.6.jar (37 kB at 461 kB/s)
[067a9ff8-b2f4-4906-ac97-fbb1cb68cd8b/build]   | [INFO] Downloading from central: https://repo.maven.apache.org/maven2/org/apache/maven/shared/maven-filtering/1.1/maven-filtering-1.1.jar
[067a9ff8-b2f4-4906-ac97-fbb1cb68cd8b/build]   | [INFO] Downloaded from central: https://repo.maven.apache.org/maven2/org/apache/maven/maven-monitor/2.0.6/maven-monitor-2.0.6.jar (10 kB at 98 kB/s)
[067a9ff8-b2f4-4906-ac97-fbb1cb68cd8b/build]   | [INFO] Downloading from central: https://repo.maven.apache.org/maven2/org/sonatype/plexus/plexus-build-api/0.0.4/plexus-build-api-0.0.4.jar
[067a9ff8-b2f4-4906-ac97-fbb1cb68cd8b/build]   | [INFO] Downloaded from central: https://repo.maven.apache.org/maven2/org/apache/maven/shared/maven-filtering/1.1/maven-filtering-1.1.jar (43 kB at 403 kB/s)
[067a9ff8-b2f4-4906-ac97-fbb1cb68cd8b/build]   | [INFO] Downloading from central: https://repo.maven.apache.org/maven2/org/codehaus/plexus/plexus-interpolation/1.13/plexus-interpolation-1.13.jar
[067a9ff8-b2f4-4906-ac97-fbb1cb68cd8b/build]   | [INFO] Downloaded from central: https://repo.maven.apache.org/maven2/junit/junit/3.8.1/junit-3.8.1.jar (121 kB at 1.1 MB/s)
[067a9ff8-b2f4-4906-ac97-fbb1cb68cd8b/build]   | [INFO] Downloaded from central: https://repo.maven.apache.org/maven2/org/codehaus/plexus/plexus-utils/2.0.5/plexus-utils-2.0.5.jar (223 kB at 2.1 MB/s)
[067a9ff8-b2f4-4906-ac97-fbb1cb68cd8b/build]   | [INFO] Downloaded from central: https://repo.maven.apache.org/maven2/org/apache/maven/maven-model/2.0.6/maven-model-2.0.6.jar (86 kB at 800 kB/s)
[067a9ff8-b2f4-4906-ac97-fbb1cb68cd8b/build]   | [INFO] Downloaded from central: https://repo.maven.apache.org/maven2/org/sonatype/plexus/plexus-build-api/0.0.4/plexus-build-api-0.0.4.jar (6.8 kB at 61 kB/s)
[067a9ff8-b2f4-4906-ac97-fbb1cb68cd8b/build]   | [INFO] Downloaded from central: https://repo.maven.apache.org/maven2/org/codehaus/plexus/plexus-interpolation/1.13/plexus-interpolation-1.13.jar (61 kB at 526 kB/s)
[067a9ff8-b2f4-4906-ac97-fbb1cb68cd8b/build]   | [INFO] Using 'UTF-8' encoding to copy filtered resources.
[067a9ff8-b2f4-4906-ac97-fbb1cb68cd8b/build]   | [INFO] skip non existing resourceDirectory /tmp/d3d1e61c-5da8-4abb-8123-d0e7c5ce58ac/src/main/resources
[067a9ff8-b2f4-4906-ac97-fbb1cb68cd8b/build]   | [INFO] 
[067a9ff8-b2f4-4906-ac97-fbb1cb68cd8b/build]   | [INFO] --- maven-compiler-plugin:3.1:compile (default-compile) @ rtree ---
[067a9ff8-b2f4-4906-ac97-fbb1cb68cd8b/build]   | [INFO] Downloading from central: https://repo.maven.apache.org/maven2/org/codehaus/plexus/plexus-utils/1.5.1/plexus-utils-1.5.1.pom
[067a9ff8-b2f4-4906-ac97-fbb1cb68cd8b/build]   | [INFO] Downloaded from central: https://repo.maven.apache.org/maven2/org/codehaus/plexus/plexus-utils/1.5.1/plexus-utils-1.5.1.pom (2.3 kB at 96 kB/s)
[067a9ff8-b2f4-4906-ac97-fbb1cb68cd8b/build]   | [INFO] Downloading from central: https://repo.maven.apache.org/maven2/org/apache/maven/maven-toolchain/1.0/maven-toolchain-1.0.pom
[067a9ff8-b2f4-4906-ac97-fbb1cb68cd8b/build]   | [INFO] Downloaded from central: https://repo.maven.apache.org/maven2/org/apache/maven/maven-toolchain/1.0/maven-toolchain-1.0.pom (3.4 kB at 142 kB/s)
[067a9ff8-b2f4-4906-ac97-fbb1cb68cd8b/build]   | [INFO] Downloading from central: https://repo.maven.apache.org/maven2/org/apache/maven/shared/maven-shared-utils/0.1/maven-shared-utils-0.1.pom
[067a9ff8-b2f4-4906-ac97-fbb1cb68cd8b/build]   | [INFO] Downloaded from central: https://repo.maven.apache.org/maven2/org/apache/maven/shared/maven-shared-utils/0.1/maven-shared-utils-0.1.pom (4.0 kB at 116 kB/s)
[067a9ff8-b2f4-4906-ac97-fbb1cb68cd8b/build]   | [INFO] Downloading from central: https://repo.maven.apache.org/maven2/org/apache/maven/shared/maven-shared-components/18/maven-shared-components-18.pom
[067a9ff8-b2f4-4906-ac97-fbb1cb68cd8b/build]   | [INFO] Downloaded from central: https://repo.maven.apache.org/maven2/org/apache/maven/shared/maven-shared-components/18/maven-shared-components-18.pom (4.9 kB at 705 kB/s)
[067a9ff8-b2f4-4906-ac97-fbb1cb68cd8b/build]   | [INFO] Downloading from central: https://repo.maven.apache.org/maven2/com/google/code/findbugs/jsr305/2.0.1/jsr305-2.0.1.pom
[067a9ff8-b2f4-4906-ac97-fbb1cb68cd8b/build]   | [INFO] Downloaded from central: https://repo.maven.apache.org/maven2/com/google/code/findbugs/jsr305/2.0.1/jsr305-2.0.1.pom (965 B at 18 kB/s)
[067a9ff8-b2f4-4906-ac97-fbb1cb68cd8b/build]   | [INFO] Downloading from central: https://repo.maven.apache.org/maven2/org/apache/maven/shared/maven-shared-incremental/1.1/maven-shared-incremental-1.1.pom
[067a9ff8-b2f4-4906-ac97-fbb1cb68cd8b/build]   | [INFO] Downloaded from central: https://repo.maven.apache.org/maven2/org/apache/maven/shared/maven-shared-incremental/1.1/maven-shared-incremental-1.1.pom (4.7 kB at 677 kB/s)
[067a9ff8-b2f4-4906-ac97-fbb1cb68cd8b/build]   | [INFO] Downloading from central: https://repo.maven.apache.org/maven2/org/apache/maven/shared/maven-shared-components/19/maven-shared-components-19.pom
[067a9ff8-b2f4-4906-ac97-fbb1cb68cd8b/build]   | [INFO] Downloaded from central: https://repo.maven.apache.org/maven2/org/apache/maven/shared/maven-shared-components/19/maven-shared-components-19.pom (6.4 kB at 130 kB/s)
[067a9ff8-b2f4-4906-ac97-fbb1cb68cd8b/build]   | [INFO] Downloading from central: https://repo.maven.apache.org/maven2/org/apache/maven/maven-plugin-api/2.2.1/maven-plugin-api-2.2.1.pom
[067a9ff8-b2f4-4906-ac97-fbb1cb68cd8b/build]   | [INFO] Downloaded from central: https://repo.maven.apache.org/maven2/org/apache/maven/maven-plugin-api/2.2.1/maven-plugin-api-2.2.1.pom (1.5 kB at 32 kB/s)
[067a9ff8-b2f4-4906-ac97-fbb1cb68cd8b/build]   | [INFO] Downloading from central: https://repo.maven.apache.org/maven2/org/apache/maven/maven/2.2.1/maven-2.2.1.pom
[067a9ff8-b2f4-4906-ac97-fbb1cb68cd8b/build]   | [INFO] Downloaded from central: https://repo.maven.apache.org/maven2/org/apache/maven/maven/2.2.1/maven-2.2.1.pom (22 kB at 862 kB/s)
[067a9ff8-b2f4-4906-ac97-fbb1cb68cd8b/build]   | [INFO] Downloading from central: https://repo.maven.apache.org/maven2/org/apache/maven/maven-core/2.2.1/maven-core-2.2.1.pom
[067a9ff8-b2f4-4906-ac97-fbb1cb68cd8b/build]   | [INFO] Downloaded from central: https://repo.maven.apache.org/maven2/org/apache/maven/maven-core/2.2.1/maven-core-2.2.1.pom (12 kB at 323 kB/s)
[067a9ff8-b2f4-4906-ac97-fbb1cb68cd8b/build]   | [INFO] Downloading from central: https://repo.maven.apache.org/maven2/org/apache/maven/maven-settings/2.2.1/maven-settings-2.2.1.pom
[067a9ff8-b2f4-4906-ac97-fbb1cb68cd8b/build]   | [INFO] Downloaded from central: https://repo.maven.apache.org/maven2/org/apache/maven/maven-settings/2.2.1/maven-settings-2.2.1.pom (2.2 kB at 109 kB/s)
[067a9ff8-b2f4-4906-ac97-fbb1cb68cd8b/build]   | [INFO] Downloading from central: https://repo.maven.apache.org/maven2/org/apache/maven/maven-model/2.2.1/maven-model-2.2.1.pom
[067a9ff8-b2f4-4906-ac97-fbb1cb68cd8b/build]   | [INFO] Downloaded from central: https://repo.maven.apache.org/maven2/org/apache/maven/maven-model/2.2.1/maven-model-2.2.1.pom (3.2 kB at 360 kB/s)
[067a9ff8-b2f4-4906-ac97-fbb1cb68cd8b/build]   | [INFO] Downloading from central: https://repo.maven.apache.org/maven2/org/codehaus/plexus/plexus-interpolation/1.11/plexus-interpolation-1.11.pom
[067a9ff8-b2f4-4906-ac97-fbb1cb68cd8b/build]   | [INFO] Downloaded from central: https://repo.maven.apache.org/maven2/org/codehaus/plexus/plexus-interpolation/1.11/plexus-interpolation-1.11.pom (889 B at 68 kB/s)
[067a9ff8-b2f4-4906-ac97-fbb1cb68cd8b/build]   | [INFO] Downloading from central: https://repo.maven.apache.org/maven2/org/apache/maven/maven-plugin-parameter-documenter/2.2.1/maven-plugin-parameter-documenter-2.2.1.pom
[067a9ff8-b2f4-4906-ac97-fbb1cb68cd8b/build]   | [INFO] Downloaded from central: https://repo.maven.apache.org/maven2/org/apache/maven/maven-plugin-parameter-documenter/2.2.1/maven-plugin-parameter-documenter-2.2.1.pom (2.0 kB at 43 kB/s)
[067a9ff8-b2f4-4906-ac97-fbb1cb68cd8b/build]   | [INFO] Downloading from central: https://repo.maven.apache.org/maven2/org/slf4j/slf4j-jdk14/1.5.6/slf4j-jdk14-1.5.6.pom
[067a9ff8-b2f4-4906-ac97-fbb1cb68cd8b/build]   | [INFO] Downloaded from central: https://repo.maven.apache.org/maven2/org/slf4j/slf4j-jdk14/1.5.6/slf4j-jdk14-1.5.6.pom (1.9 kB at 237 kB/s)
[067a9ff8-b2f4-4906-ac97-fbb1cb68cd8b/build]   | [INFO] Downloading from central: https://repo.maven.apache.org/maven2/org/slf4j/slf4j-parent/1.5.6/slf4j-parent-1.5.6.pom
[067a9ff8-b2f4-4906-ac97-fbb1cb68cd8b/build]   | [INFO] Downloaded from central: https://repo.maven.apache.org/maven2/org/slf4j/slf4j-parent/1.5.6/slf4j-parent-1.5.6.pom (7.9 kB at 1.3 MB/s)
[067a9ff8-b2f4-4906-ac97-fbb1cb68cd8b/build]   | [INFO] Downloading from central: https://repo.maven.apache.org/maven2/org/slf4j/slf4j-api/1.5.6/slf4j-api-1.5.6.pom
[067a9ff8-b2f4-4906-ac97-fbb1cb68cd8b/build]   | [INFO] Downloaded from central: https://repo.maven.apache.org/maven2/org/slf4j/slf4j-api/1.5.6/slf4j-api-1.5.6.pom (3.0 kB at 497 kB/s)
[067a9ff8-b2f4-4906-ac97-fbb1cb68cd8b/build]   | [INFO] Downloading from central: https://repo.maven.apache.org/maven2/org/slf4j/jcl-over-slf4j/1.5.6/jcl-over-slf4j-1.5.6.pom
[067a9ff8-b2f4-4906-ac97-fbb1cb68cd8b/build]   | [INFO] Downloaded from central: https://repo.maven.apache.org/maven2/org/slf4j/jcl-over-slf4j/1.5.6/jcl-over-slf4j-1.5.6.pom (2.2 kB at 434 kB/s)
[067a9ff8-b2f4-4906-ac97-fbb1cb68cd8b/build]   | [INFO] Downloading from central: https://repo.maven.apache.org/maven2/org/apache/maven/maven-profile/2.2.1/maven-profile-2.2.1.pom
[067a9ff8-b2f4-4906-ac97-fbb1cb68cd8b/build]   | [INFO] Downloaded from central: https://repo.maven.apache.org/maven2/org/apache/maven/maven-profile/2.2.1/maven-profile-2.2.1.pom (2.2 kB at 167 kB/s)
[067a9ff8-b2f4-4906-ac97-fbb1cb68cd8b/build]   | [INFO] Downloading from central: https://repo.maven.apache.org/maven2/org/apache/maven/maven-artifact/2.2.1/maven-artifact-2.2.1.pom
[067a9ff8-b2f4-4906-ac97-fbb1cb68cd8b/build]   | [INFO] Downloaded from central: https://repo.maven.apache.org/maven2/org/apache/maven/maven-artifact/2.2.1/maven-artifact-2.2.1.pom (1.6 kB at 132 kB/s)
[067a9ff8-b2f4-4906-ac97-fbb1cb68cd8b/build]   | [INFO] Downloading from central: https://repo.maven.apache.org/maven2/org/apache/maven/maven-repository-metadata/2.2.1/maven-repository-metadata-2.2.1.pom
[067a9ff8-b2f4-4906-ac97-fbb1cb68cd8b/build]   | [INFO] Downloaded from central: https://repo.maven.apache.org/maven2/org/apache/maven/maven-repository-metadata/2.2.1/maven-repository-metadata-2.2.1.pom (1.9 kB at 117 kB/s)
[067a9ff8-b2f4-4906-ac97-fbb1cb68cd8b/build]   | [INFO] Downloading from central: https://repo.maven.apache.org/maven2/org/apache/maven/maven-error-diagnostics/2.2.1/maven-error-diagnostics-2.2.1.pom
[067a9ff8-b2f4-4906-ac97-fbb1cb68cd8b/build]   | [INFO] Downloaded from central: https://repo.maven.apache.org/maven2/org/apache/maven/maven-error-diagnostics/2.2.1/maven-error-diagnostics-2.2.1.pom (1.7 kB at 244 kB/s)
[067a9ff8-b2f4-4906-ac97-fbb1cb68cd8b/build]   | [INFO] Downloading from central: https://repo.maven.apache.org/maven2/org/apache/maven/maven-project/2.2.1/maven-project-2.2.1.pom
[067a9ff8-b2f4-4906-ac97-fbb1cb68cd8b/build]   | [INFO] Downloaded from central: https://repo.maven.apache.org/maven2/org/apache/maven/maven-project/2.2.1/maven-project-2.2.1.pom (2.8 kB at 277 kB/s)
[067a9ff8-b2f4-4906-ac97-fbb1cb68cd8b/build]   | [INFO] Downloading from central: https://repo.maven.apache.org/maven2/org/apache/maven/maven-artifact-manager/2.2.1/maven-artifact-manager-2.2.1.pom
[067a9ff8-b2f4-4906-ac97-fbb1cb68cd8b/build]   | [INFO] Downloaded from central: https://repo.maven.apache.org/maven2/org/apache/maven/maven-artifact-manager/2.2.1/maven-artifact-manager-2.2.1.pom (3.1 kB at 86 kB/s)
[067a9ff8-b2f4-4906-ac97-fbb1cb68cd8b/build]   | [INFO] Downloading from central: https://repo.maven.apache.org/maven2/backport-util-concurrent/backport-util-concurrent/3.1/backport-util-concurrent-3.1.pom
[067a9ff8-b2f4-4906-ac97-fbb1cb68cd8b/build]   | [INFO] Downloaded from central: https://repo.maven.apache.org/maven2/backport-util-concurrent/backport-util-concurrent/3.1/backport-util-concurrent-3.1.pom (880 B at 46 kB/s)
[067a9ff8-b2f4-4906-ac97-fbb1cb68cd8b/build]   | [INFO] Downloading from central: https://repo.maven.apache.org/maven2/org/apache/maven/maven-plugin-registry/2.2.1/maven-plugin-registry-2.2.1.pom
[067a9ff8-b2f4-4906-ac97-fbb1cb68cd8b/build]   | [INFO] Downloaded from central: https://repo.maven.apache.org/maven2/org/apache/maven/maven-plugin-registry/2.2.1/maven-plugin-registry-2.2.1.pom (1.9 kB at 322 kB/s)
[067a9ff8-b2f4-4906-ac97-fbb1cb68cd8b/build]   | [INFO] Downloading from central: https://repo.maven.apache.org/maven2/org/apache/maven/maven-plugin-descriptor/2.2.1/maven-plugin-descriptor-2.2.1.pom
[067a9ff8-b2f4-4906-ac97-fbb1cb68cd8b/build]   | [INFO] Downloaded from central: https://repo.maven.apache.org/maven2/org/apache/maven/maven-plugin-descriptor/2.2.1/maven-plugin-descriptor-2.2.1.pom (2.1 kB at 188 kB/s)
[067a9ff8-b2f4-4906-ac97-fbb1cb68cd8b/build]   | [INFO] Downloading from central: https://repo.maven.apache.org/maven2/org/apache/maven/maven-monitor/2.2.1/maven-monitor-2.2.1.pom
[067a9ff8-b2f4-4906-ac97-fbb1cb68cd8b/build]   | [INFO] Downloaded from central: https://repo.maven.apache.org/maven2/org/apache/maven/maven-monitor/2.2.1/maven-monitor-2.2.1.pom (1.3 kB at 31 kB/s)
[067a9ff8-b2f4-4906-ac97-fbb1cb68cd8b/build]   | [INFO] Downloading from central: https://repo.maven.apache.org/maven2/org/sonatype/plexus/plexus-sec-dispatcher/1.3/plexus-sec-dispatcher-1.3.pom
[067a9ff8-b2f4-4906-ac97-fbb1cb68cd8b/build]   | [INFO] Downloaded from central: https://repo.maven.apache.org/maven2/org/sonatype/plexus/plexus-sec-dispatcher/1.3/plexus-sec-dispatcher-1.3.pom (3.0 kB at 212 kB/s)
[067a9ff8-b2f4-4906-ac97-fbb1cb68cd8b/build]   | [INFO] Downloading from central: https://repo.maven.apache.org/maven2/org/sonatype/spice/spice-parent/12/spice-parent-12.pom
[067a9ff8-b2f4-4906-ac97-fbb1cb68cd8b/build]   | [INFO] Downloaded from central: https://repo.maven.apache.org/maven2/org/sonatype/spice/spice-parent/12/spice-parent-12.pom (6.8 kB at 179 kB/s)
[067a9ff8-b2f4-4906-ac97-fbb1cb68cd8b/build]   | [INFO] Downloading from central: https://repo.maven.apache.org/maven2/org/sonatype/forge/forge-parent/4/forge-parent-4.pom
[067a9ff8-b2f4-4906-ac97-fbb1cb68cd8b/build]   | [INFO] Downloaded from central: https://repo.maven.apache.org/maven2/org/sonatype/forge/forge-parent/4/forge-parent-4.pom (8.4 kB at 153 kB/s)
[067a9ff8-b2f4-4906-ac97-fbb1cb68cd8b/build]   | [INFO] Downloading from central: https://repo.maven.apache.org/maven2/org/codehaus/plexus/plexus-utils/1.5.5/plexus-utils-1.5.5.pom
[067a9ff8-b2f4-4906-ac97-fbb1cb68cd8b/build]   | [INFO] Downloaded from central: https://repo.maven.apache.org/maven2/org/codehaus/plexus/plexus-utils/1.5.5/plexus-utils-1.5.5.pom (5.1 kB at 206 kB/s)
[067a9ff8-b2f4-4906-ac97-fbb1cb68cd8b/build]   | [INFO] Downloading from central: https://repo.maven.apache.org/maven2/org/sonatype/plexus/plexus-cipher/1.4/plexus-cipher-1.4.pom
[067a9ff8-b2f4-4906-ac97-fbb1cb68cd8b/build]   | [INFO] Downloaded from central: https://repo.maven.apache.org/maven2/org/sonatype/plexus/plexus-cipher/1.4/plexus-cipher-1.4.pom (2.1 kB at 258 kB/s)
[067a9ff8-b2f4-4906-ac97-fbb1cb68cd8b/build]   | [INFO] Downloading from central: https://repo.maven.apache.org/maven2/org/codehaus/plexus/plexus-compiler-api/2.2/plexus-compiler-api-2.2.pom
[067a9ff8-b2f4-4906-ac97-fbb1cb68cd8b/build]   | [INFO] Downloaded from central: https://repo.maven.apache.org/maven2/org/codehaus/plexus/plexus-compiler-api/2.2/plexus-compiler-api-2.2.pom (865 B at 43 kB/s)
[067a9ff8-b2f4-4906-ac97-fbb1cb68cd8b/build]   | [INFO] Downloading from central: https://repo.maven.apache.org/maven2/org/codehaus/plexus/plexus-compiler/2.2/plexus-compiler-2.2.pom
[067a9ff8-b2f4-4906-ac97-fbb1cb68cd8b/build]   | [INFO] Downloaded from central: https://repo.maven.apache.org/maven2/org/codehaus/plexus/plexus-compiler/2.2/plexus-compiler-2.2.pom (3.6 kB at 151 kB/s)
[067a9ff8-b2f4-4906-ac97-fbb1cb68cd8b/build]   | [INFO] Downloading from central: https://repo.maven.apache.org/maven2/org/codehaus/plexus/plexus-components/1.3.1/plexus-components-1.3.1.pom
[067a9ff8-b2f4-4906-ac97-fbb1cb68cd8b/build]   | [INFO] Downloaded from central: https://repo.maven.apache.org/maven2/org/codehaus/plexus/plexus-components/1.3.1/plexus-components-1.3.1.pom (3.1 kB at 65 kB/s)
[067a9ff8-b2f4-4906-ac97-fbb1cb68cd8b/build]   | [INFO] Downloading from central: https://repo.maven.apache.org/maven2/org/codehaus/plexus/plexus/3.3.1/plexus-3.3.1.pom
[067a9ff8-b2f4-4906-ac97-fbb1cb68cd8b/build]   | [INFO] Downloaded from central: https://repo.maven.apache.org/maven2/org/codehaus/plexus/plexus/3.3.1/plexus-3.3.1.pom (20 kB at 974 kB/s)
[067a9ff8-b2f4-4906-ac97-fbb1cb68cd8b/build]   | [INFO] Downloading from central: https://repo.maven.apache.org/maven2/org/sonatype/spice/spice-parent/17/spice-parent-17.pom
[067a9ff8-b2f4-4906-ac97-fbb1cb68cd8b/build]   | [INFO] Downloaded from central: https://repo.maven.apache.org/maven2/org/sonatype/spice/spice-parent/17/spice-parent-17.pom (6.8 kB at 1.1 MB/s)
[067a9ff8-b2f4-4906-ac97-fbb1cb68cd8b/build]   | [INFO] Downloading from central: https://repo.maven.apache.org/maven2/org/sonatype/forge/forge-parent/10/forge-parent-10.pom
[067a9ff8-b2f4-4906-ac97-fbb1cb68cd8b/build]   | [INFO] Downloaded from central: https://repo.maven.apache.org/maven2/org/sonatype/forge/forge-parent/10/forge-parent-10.pom (14 kB at 1.9 MB/s)
[067a9ff8-b2f4-4906-ac97-fbb1cb68cd8b/build]   | [INFO] Downloading from central: https://repo.maven.apache.org/maven2/org/codehaus/plexus/plexus-utils/3.0.8/plexus-utils-3.0.8.pom
[067a9ff8-b2f4-4906-ac97-fbb1cb68cd8b/build]   | [INFO] Downloaded from central: https://repo.maven.apache.org/maven2/org/codehaus/plexus/plexus-utils/3.0.8/plexus-utils-3.0.8.pom (3.1 kB at 87 kB/s)
[067a9ff8-b2f4-4906-ac97-fbb1cb68cd8b/build]   | [INFO] Downloading from central: https://repo.maven.apache.org/maven2/org/codehaus/plexus/plexus/3.2/plexus-3.2.pom
[067a9ff8-b2f4-4906-ac97-fbb1cb68cd8b/build]   | [INFO] Downloaded from central: https://repo.maven.apache.org/maven2/org/codehaus/plexus/plexus/3.2/plexus-3.2.pom (19 kB at 2.1 MB/s)
[067a9ff8-b2f4-4906-ac97-fbb1cb68cd8b/build]   | [INFO] Downloading from central: https://repo.maven.apache.org/maven2/org/codehaus/plexus/plexus-compiler-manager/2.2/plexus-compiler-manager-2.2.pom
[067a9ff8-b2f4-4906-ac97-fbb1cb68cd8b/build]   | [INFO] Downloaded from central: https://repo.maven.apache.org/maven2/org/codehaus/plexus/plexus-compiler-manager/2.2/plexus-compiler-manager-2.2.pom (690 B at 99 kB/s)
[067a9ff8-b2f4-4906-ac97-fbb1cb68cd8b/build]   | [INFO] Downloading from central: https://repo.maven.apache.org/maven2/org/codehaus/plexus/plexus-compiler-javac/2.2/plexus-compiler-javac-2.2.pom
[067a9ff8-b2f4-4906-ac97-fbb1cb68cd8b/build]   | [INFO] Downloaded from central: https://repo.maven.apache.org/maven2/org/codehaus/plexus/plexus-compiler-javac/2.2/plexus-compiler-javac-2.2.pom (769 B at 154 kB/s)
[067a9ff8-b2f4-4906-ac97-fbb1cb68cd8b/build]   | [INFO] Downloading from central: https://repo.maven.apache.org/maven2/org/codehaus/plexus/plexus-compilers/2.2/plexus-compilers-2.2.pom
[067a9ff8-b2f4-4906-ac97-fbb1cb68cd8b/build]   | [INFO] Downloaded from central: https://repo.maven.apache.org/maven2/org/codehaus/plexus/plexus-compilers/2.2/plexus-compilers-2.2.pom (1.2 kB at 28 kB/s)
[067a9ff8-b2f4-4906-ac97-fbb1cb68cd8b/build]   | [INFO] Downloading from central: https://repo.maven.apache.org/maven2/org/codehaus/plexus/plexus-container-default/1.5.5/plexus-container-default-1.5.5.pom
[067a9ff8-b2f4-4906-ac97-fbb1cb68cd8b/build]   | [INFO] Downloaded from central: https://repo.maven.apache.org/maven2/org/codehaus/plexus/plexus-container-default/1.5.5/plexus-container-default-1.5.5.pom (2.8 kB at 230 kB/s)
[067a9ff8-b2f4-4906-ac97-fbb1cb68cd8b/build]   | [INFO] Downloading from central: https://repo.maven.apache.org/maven2/org/codehaus/plexus/plexus-utils/1.4.5/plexus-utils-1.4.5.pom
[067a9ff8-b2f4-4906-ac97-fbb1cb68cd8b/build]   | [INFO] Downloaded from central: https://repo.maven.apache.org/maven2/org/codehaus/plexus/plexus-utils/1.4.5/plexus-utils-1.4.5.pom (2.3 kB at 54 kB/s)
[067a9ff8-b2f4-4906-ac97-fbb1cb68cd8b/build]   | [INFO] Downloading from central: https://repo.maven.apache.org/maven2/org/codehaus/plexus/plexus-classworlds/2.2.2/plexus-classworlds-2.2.2.pom
[067a9ff8-b2f4-4906-ac97-fbb1cb68cd8b/build]   | [INFO] Downloaded from central: https://repo.maven.apache.org/maven2/org/codehaus/plexus/plexus-classworlds/2.2.2/plexus-classworlds-2.2.2.pom (4.0 kB at 101 kB/s)
[067a9ff8-b2f4-4906-ac97-fbb1cb68cd8b/build]   | [INFO] Downloading from central: https://repo.maven.apache.org/maven2/org/apache/xbean/xbean-reflect/3.4/xbean-reflect-3.4.pom
[067a9ff8-b2f4-4906-ac97-fbb1cb68cd8b/build]   | [INFO] Downloaded from central: https://repo.maven.apache.org/maven2/org/apache/xbean/xbean-reflect/3.4/xbean-reflect-3.4.pom (2.8 kB at 72 kB/s)
[067a9ff8-b2f4-4906-ac97-fbb1cb68cd8b/build]   | [INFO] Downloading from central: https://repo.maven.apache.org/maven2/org/apache/xbean/xbean/3.4/xbean-3.4.pom
[067a9ff8-b2f4-4906-ac97-fbb1cb68cd8b/build]   | [INFO] Downloaded from central: https://repo.maven.apache.org/maven2/org/apache/xbean/xbean/3.4/xbean-3.4.pom (19 kB at 378 kB/s)
[067a9ff8-b2f4-4906-ac97-fbb1cb68cd8b/build]   | [INFO] Downloading from central: https://repo.maven.apache.org/maven2/log4j/log4j/1.2.12/log4j-1.2.12.pom
[067a9ff8-b2f4-4906-ac97-fbb1cb68cd8b/build]   | [INFO] Downloaded from central: https://repo.maven.apache.org/maven2/log4j/log4j/1.2.12/log4j-1.2.12.pom (145 B at 4.1 kB/s)
[067a9ff8-b2f4-4906-ac97-fbb1cb68cd8b/build]   | [INFO] Downloading from central: https://repo.maven.apache.org/maven2/commons-logging/commons-logging-api/1.1/commons-logging-api-1.1.pom
[067a9ff8-b2f4-4906-ac97-fbb1cb68cd8b/build]   | [INFO] Downloaded from central: https://repo.maven.apache.org/maven2/commons-logging/commons-logging-api/1.1/commons-logging-api-1.1.pom (5.3 kB at 137 kB/s)
[067a9ff8-b2f4-4906-ac97-fbb1cb68cd8b/build]   | [INFO] Downloading from central: https://repo.maven.apache.org/maven2/com/google/collections/google-collections/1.0/google-collections-1.0.pom
[067a9ff8-b2f4-4906-ac97-fbb1cb68cd8b/build]   | [INFO] Downloaded from central: https://repo.maven.apache.org/maven2/com/google/collections/google-collections/1.0/google-collections-1.0.pom (2.5 kB at 310 kB/s)
[067a9ff8-b2f4-4906-ac97-fbb1cb68cd8b/build]   | [INFO] Downloading from central: https://repo.maven.apache.org/maven2/com/google/google/1/google-1.pom
[067a9ff8-b2f4-4906-ac97-fbb1cb68cd8b/build]   | [INFO] Downloaded from central: https://repo.maven.apache.org/maven2/com/google/google/1/google-1.pom (1.6 kB at 62 kB/s)
[067a9ff8-b2f4-4906-ac97-fbb1cb68cd8b/build]   | [INFO] Downloading from central: https://repo.maven.apache.org/maven2/org/codehaus/plexus/plexus-utils/1.5.1/plexus-utils-1.5.1.jar
[067a9ff8-b2f4-4906-ac97-fbb1cb68cd8b/build]   | [INFO] Downloading from central: https://repo.maven.apache.org/maven2/org/apache/maven/maven-toolchain/1.0/maven-toolchain-1.0.jar
[067a9ff8-b2f4-4906-ac97-fbb1cb68cd8b/build]   | [INFO] Downloading from central: https://repo.maven.apache.org/maven2/org/apache/maven/shared/maven-shared-utils/0.1/maven-shared-utils-0.1.jar
[067a9ff8-b2f4-4906-ac97-fbb1cb68cd8b/build]   | [INFO] Downloading from central: https://repo.maven.apache.org/maven2/org/apache/maven/shared/maven-shared-incremental/1.1/maven-shared-incremental-1.1.jar
[067a9ff8-b2f4-4906-ac97-fbb1cb68cd8b/build]   | [INFO] Downloading from central: https://repo.maven.apache.org/maven2/com/google/code/findbugs/jsr305/2.0.1/jsr305-2.0.1.jar
[067a9ff8-b2f4-4906-ac97-fbb1cb68cd8b/build]   | [INFO] Downloaded from central: https://repo.maven.apache.org/maven2/org/apache/maven/shared/maven-shared-utils/0.1/maven-shared-utils-0.1.jar (155 kB at 3.6 MB/s)
[067a9ff8-b2f4-4906-ac97-fbb1cb68cd8b/build]   | [INFO] Downloading from central: https://repo.maven.apache.org/maven2/org/codehaus/plexus/plexus-compiler-api/2.2/plexus-compiler-api-2.2.jar
[067a9ff8-b2f4-4906-ac97-fbb1cb68cd8b/build]   | [INFO] Downloaded from central: https://repo.maven.apache.org/maven2/org/apache/maven/shared/maven-shared-incremental/1.1/maven-shared-incremental-1.1.jar (14 kB at 315 kB/s)
[067a9ff8-b2f4-4906-ac97-fbb1cb68cd8b/build]   | [INFO] Downloading from central: https://repo.maven.apache.org/maven2/org/codehaus/plexus/plexus-compiler-manager/2.2/plexus-compiler-manager-2.2.jar
[067a9ff8-b2f4-4906-ac97-fbb1cb68cd8b/build]   | [INFO] Downloaded from central: https://repo.maven.apache.org/maven2/org/apache/maven/maven-toolchain/1.0/maven-toolchain-1.0.jar (33 kB at 731 kB/s)
[067a9ff8-b2f4-4906-ac97-fbb1cb68cd8b/build]   | [INFO] Downloaded from central: https://repo.maven.apache.org/maven2/org/codehaus/plexus/plexus-utils/1.5.1/plexus-utils-1.5.1.jar (211 kB at 4.6 MB/s)
[067a9ff8-b2f4-4906-ac97-fbb1cb68cd8b/build]   | [INFO] Downloading from central: https://repo.maven.apache.org/maven2/org/codehaus/plexus/plexus-compiler-javac/2.2/plexus-compiler-javac-2.2.jar
[067a9ff8-b2f4-4906-ac97-fbb1cb68cd8b/build]   | [INFO] Downloading from central: https://repo.maven.apache.org/maven2/org/codehaus/plexus/plexus-container-default/1.5.5/plexus-container-default-1.5.5.jar
[067a9ff8-b2f4-4906-ac97-fbb1cb68cd8b/build]   | [INFO] Downloaded from central: https://repo.maven.apache.org/maven2/com/google/code/findbugs/jsr305/2.0.1/jsr305-2.0.1.jar (32 kB at 664 kB/s)
[067a9ff8-b2f4-4906-ac97-fbb1cb68cd8b/build]   | [INFO] Downloading from central: https://repo.maven.apache.org/maven2/org/codehaus/plexus/plexus-classworlds/2.2.2/plexus-classworlds-2.2.2.jar
[067a9ff8-b2f4-4906-ac97-fbb1cb68cd8b/build]   | [INFO] Downloaded from central: https://repo.maven.apache.org/maven2/org/codehaus/plexus/plexus-compiler-javac/2.2/plexus-compiler-javac-2.2.jar (19 kB at 339 kB/s)
[067a9ff8-b2f4-4906-ac97-fbb1cb68cd8b/build]   | [INFO] Downloading from central: https://repo.maven.apache.org/maven2/org/apache/xbean/xbean-reflect/3.4/xbean-reflect-3.4.jar
[067a9ff8-b2f4-4906-ac97-fbb1cb68cd8b/build]   | [INFO] Downloaded from central: https://repo.maven.apache.org/maven2/org/codehaus/plexus/plexus-compiler-api/2.2/plexus-compiler-api-2.2.jar (25 kB at 446 kB/s)
[067a9ff8-b2f4-4906-ac97-fbb1cb68cd8b/build]   | [INFO] Downloading from central: https://repo.maven.apache.org/maven2/log4j/log4j/1.2.12/log4j-1.2.12.jar
[067a9ff8-b2f4-4906-ac97-fbb1cb68cd8b/build]   | [INFO] Downloaded from central: https://repo.maven.apache.org/maven2/org/codehaus/plexus/plexus-compiler-manager/2.2/plexus-compiler-manager-2.2.jar (4.6 kB at 74 kB/s)
[067a9ff8-b2f4-4906-ac97-fbb1cb68cd8b/build]   | [INFO] Downloading from central: https://repo.maven.apache.org/maven2/commons-logging/commons-logging-api/1.1/commons-logging-api-1.1.jar
[067a9ff8-b2f4-4906-ac97-fbb1cb68cd8b/build]   | [INFO] Downloaded from central: https://repo.maven.apache.org/maven2/org/codehaus/plexus/plexus-container-default/1.5.5/plexus-container-default-1.5.5.jar (217 kB at 3.4 MB/s)
[067a9ff8-b2f4-4906-ac97-fbb1cb68cd8b/build]   | [INFO] Downloading from central: https://repo.maven.apache.org/maven2/com/google/collections/google-collections/1.0/google-collections-1.0.jar
[067a9ff8-b2f4-4906-ac97-fbb1cb68cd8b/build]   | [INFO] Downloaded from central: https://repo.maven.apache.org/maven2/org/codehaus/plexus/plexus-classworlds/2.2.2/plexus-classworlds-2.2.2.jar (46 kB at 688 kB/s)
[067a9ff8-b2f4-4906-ac97-fbb1cb68cd8b/build]   | [INFO] Downloading from central: https://repo.maven.apache.org/maven2/junit/junit/3.8.2/junit-3.8.2.jar
[067a9ff8-b2f4-4906-ac97-fbb1cb68cd8b/build]   | [INFO] Downloaded from central: https://repo.maven.apache.org/maven2/commons-logging/commons-logging-api/1.1/commons-logging-api-1.1.jar (45 kB at 628 kB/s)
[067a9ff8-b2f4-4906-ac97-fbb1cb68cd8b/build]   | [INFO] Downloaded from central: https://repo.maven.apache.org/maven2/org/apache/xbean/xbean-reflect/3.4/xbean-reflect-3.4.jar (134 kB at 1.9 MB/s)
[067a9ff8-b2f4-4906-ac97-fbb1cb68cd8b/build]   | [INFO] Downloaded from central: https://repo.maven.apache.org/maven2/junit/junit/3.8.2/junit-3.8.2.jar (121 kB at 1.5 MB/s)
[067a9ff8-b2f4-4906-ac97-fbb1cb68cd8b/build]   | [INFO] Downloaded from central: https://repo.maven.apache.org/maven2/log4j/log4j/1.2.12/log4j-1.2.12.jar (358 kB at 4.5 MB/s)
[067a9ff8-b2f4-4906-ac97-fbb1cb68cd8b/build]   | [INFO] Downloaded from central: https://repo.maven.apache.org/maven2/com/google/collections/google-collections/1.0/google-collections-1.0.jar (640 kB at 5.2 MB/s)
[067a9ff8-b2f4-4906-ac97-fbb1cb68cd8b/build]   | [INFO] Nothing to compile - all classes are up to date
[067a9ff8-b2f4-4906-ac97-fbb1cb68cd8b/build]   | [INFO] 
[067a9ff8-b2f4-4906-ac97-fbb1cb68cd8b/build]   | [INFO] --- maven-resources-plugin:2.6:testResources (default-testResources) @ rtree ---
[067a9ff8-b2f4-4906-ac97-fbb1cb68cd8b/build]   | [INFO] Using 'UTF-8' encoding to copy filtered resources.
[067a9ff8-b2f4-4906-ac97-fbb1cb68cd8b/build]   | [INFO] skip non existing resourceDirectory /tmp/d3d1e61c-5da8-4abb-8123-d0e7c5ce58ac/src/test/resources
[067a9ff8-b2f4-4906-ac97-fbb1cb68cd8b/build]   | [INFO] 
[067a9ff8-b2f4-4906-ac97-fbb1cb68cd8b/build]   | [INFO] --- maven-compiler-plugin:3.1:testCompile (default-testCompile) @ rtree ---
[067a9ff8-b2f4-4906-ac97-fbb1cb68cd8b/build]   | [INFO] Changes detected - recompiling the module!
[067a9ff8-b2f4-4906-ac97-fbb1cb68cd8b/build]   | [INFO] Compiling 4 source files to /tmp/d3d1e61c-5da8-4abb-8123-d0e7c5ce58ac/target/test-classes
[067a9ff8-b2f4-4906-ac97-fbb1cb68cd8b/build]   | [INFO] 
[067a9ff8-b2f4-4906-ac97-fbb1cb68cd8b/build]   | [INFO] --- maven-surefire-plugin:2.12.4:test (default-test) @ rtree ---
[067a9ff8-b2f4-4906-ac97-fbb1cb68cd8b/build]   | [INFO] Downloading from central: https://repo.maven.apache.org/maven2/org/apache/maven/surefire/surefire-booter/2.12.4/surefire-booter-2.12.4.pom
[067a9ff8-b2f4-4906-ac97-fbb1cb68cd8b/build]   | [INFO] Downloaded from central: https://repo.maven.apache.org/maven2/org/apache/maven/surefire/surefire-booter/2.12.4/surefire-booter-2.12.4.pom (3.0 kB at 38 kB/s)
[067a9ff8-b2f4-4906-ac97-fbb1cb68cd8b/build]   | [INFO] Downloading from central: https://repo.maven.apache.org/maven2/org/apache/maven/surefire/surefire-api/2.12.4/surefire-api-2.12.4.pom
[067a9ff8-b2f4-4906-ac97-fbb1cb68cd8b/build]   | [INFO] Downloaded from central: https://repo.maven.apache.org/maven2/org/apache/maven/surefire/surefire-api/2.12.4/surefire-api-2.12.4.pom (2.5 kB at 249 kB/s)
[067a9ff8-b2f4-4906-ac97-fbb1cb68cd8b/build]   | [INFO] Downloading from central: https://repo.maven.apache.org/maven2/org/apache/maven/surefire/maven-surefire-common/2.12.4/maven-surefire-common-2.12.4.pom
[067a9ff8-b2f4-4906-ac97-fbb1cb68cd8b/build]   | [INFO] Downloaded from central: https://repo.maven.apache.org/maven2/org/apache/maven/surefire/maven-surefire-common/2.12.4/maven-surefire-common-2.12.4.pom (5.5 kB at 198 kB/s)
[067a9ff8-b2f4-4906-ac97-fbb1cb68cd8b/build]   | [INFO] Downloading from central: https://repo.maven.apache.org/maven2/org/apache/maven/plugin-tools/maven-plugin-annotations/3.1/maven-plugin-annotations-3.1.pom
[067a9ff8-b2f4-4906-ac97-fbb1cb68cd8b/build]   | [INFO] Downloaded from central: https://repo.maven.apache.org/maven2/org/apache/maven/plugin-tools/maven-plugin-annotations/3.1/maven-plugin-annotations-3.1.pom (1.6 kB at 51 kB/s)
[067a9ff8-b2f4-4906-ac97-fbb1cb68cd8b/build]   | [INFO] Downloading from central: https://repo.maven.apache.org/maven2/org/apache/maven/plugin-tools/maven-plugin-tools/3.1/maven-plugin-tools-3.1.pom
[067a9ff8-b2f4-4906-ac97-fbb1cb68cd8b/build]   | [INFO] Downloaded from central: https://repo.maven.apache.org/maven2/org/apache/maven/plugin-tools/maven-plugin-tools/3.1/maven-plugin-tools-3.1.pom (16 kB at 1.8 MB/s)
[067a9ff8-b2f4-4906-ac97-fbb1cb68cd8b/build]   | [INFO] Downloading from central: https://repo.maven.apache.org/maven2/org/apache/maven/maven-toolchain/2.0.9/maven-toolchain-2.0.9.pom
[067a9ff8-b2f4-4906-ac97-fbb1cb68cd8b/build]   | [INFO] Downloaded from central: https://repo.maven.apache.org/maven2/org/apache/maven/maven-toolchain/2.0.9/maven-toolchain-2.0.9.pom (3.5 kB at 112 kB/s)
[067a9ff8-b2f4-4906-ac97-fbb1cb68cd8b/build]   | [INFO] Downloading from central: https://repo.maven.apache.org/maven2/org/apache/commons/commons-lang3/3.1/commons-lang3-3.1.pom
[067a9ff8-b2f4-4906-ac97-fbb1cb68cd8b/build]   | [INFO] Downloaded from central: https://repo.maven.apache.org/maven2/org/apache/commons/commons-lang3/3.1/commons-lang3-3.1.pom (17 kB at 836 kB/s)
[067a9ff8-b2f4-4906-ac97-fbb1cb68cd8b/build]   | [INFO] Downloading from central: https://repo.maven.apache.org/maven2/org/apache/commons/commons-parent/22/commons-parent-22.pom
[067a9ff8-b2f4-4906-ac97-fbb1cb68cd8b/build]   | [INFO] Downloaded from central: https://repo.maven.apache.org/maven2/org/apache/commons/commons-parent/22/commons-parent-22.pom (42 kB at 998 kB/s)
[067a9ff8-b2f4-4906-ac97-fbb1cb68cd8b/build]   | [INFO] Downloading from central: https://repo.maven.apache.org/maven2/org/apache/apache/9/apache-9.pom
[067a9ff8-b2f4-4906-ac97-fbb1cb68cd8b/build]   | [INFO] Downloaded from central: https://repo.maven.apache.org/maven2/org/apache/apache/9/apache-9.pom (15 kB at 433 kB/s)
[067a9ff8-b2f4-4906-ac97-fbb1cb68cd8b/build]   | [INFO] Downloading from central: https://repo.maven.apache.org/maven2/org/apache/maven/shared/maven-common-artifact-filters/1.3/maven-common-artifact-filters-1.3.pom
[067a9ff8-b2f4-4906-ac97-fbb1cb68cd8b/build]   | [INFO] Downloaded from central: https://repo.maven.apache.org/maven2/org/apache/maven/shared/maven-common-artifact-filters/1.3/maven-common-artifact-filters-1.3.pom (3.7 kB at 77 kB/s)
[067a9ff8-b2f4-4906-ac97-fbb1cb68cd8b/build]   | [INFO] Downloading from central: https://repo.maven.apache.org/maven2/org/apache/maven/shared/maven-shared-components/12/maven-shared-components-12.pom
[067a9ff8-b2f4-4906-ac97-fbb1cb68cd8b/build]   | [INFO] Downloaded from central: https://repo.maven.apache.org/maven2/org/apache/maven/shared/maven-shared-components/12/maven-shared-components-12.pom (9.3 kB at 217 kB/s)
[067a9ff8-b2f4-4906-ac97-fbb1cb68cd8b/build]   | [INFO] Downloading from central: https://repo.maven.apache.org/maven2/org/apache/maven/maven-parent/13/maven-parent-13.pom
[067a9ff8-b2f4-4906-ac97-fbb1cb68cd8b/build]   | [INFO] Downloaded from central: https://repo.maven.apache.org/maven2/org/apache/maven/maven-parent/13/maven-parent-13.pom (23 kB at 905 kB/s)
[067a9ff8-b2f4-4906-ac97-fbb1cb68cd8b/build]   | [INFO] Downloading from central: https://repo.maven.apache.org/maven2/org/apache/apache/6/apache-6.pom
[067a9ff8-b2f4-4906-ac97-fbb1cb68cd8b/build]   | [INFO] Downloaded from central: https://repo.maven.apache.org/maven2/org/apache/apache/6/apache-6.pom (13 kB at 640 kB/s)
[067a9ff8-b2f4-4906-ac97-fbb1cb68cd8b/build]   | [INFO] Downloading from central: https://repo.maven.apache.org/maven2/org/apache/maven/surefire/surefire-booter/2.12.4/surefire-booter-2.12.4.jar
[067a9ff8-b2f4-4906-ac97-fbb1cb68cd8b/build]   | [INFO] Downloading from central: https://repo.maven.apache.org/maven2/org/apache/maven/surefire/surefire-api/2.12.4/surefire-api-2.12.4.jar
[067a9ff8-b2f4-4906-ac97-fbb1cb68cd8b/build]   | [INFO] Downloading from central: https://repo.maven.apache.org/maven2/org/apache/maven/surefire/maven-surefire-common/2.12.4/maven-surefire-common-2.12.4.jar
[067a9ff8-b2f4-4906-ac97-fbb1cb68cd8b/build]   | [INFO] Downloading from central: https://repo.maven.apache.org/maven2/org/apache/commons/commons-lang3/3.1/commons-lang3-3.1.jar
[067a9ff8-b2f4-4906-ac97-fbb1cb68cd8b/build]   | [INFO] Downloading from central: https://repo.maven.apache.org/maven2/org/apache/maven/shared/maven-common-artifact-filters/1.3/maven-common-artifact-filters-1.3.jar
[067a9ff8-b2f4-4906-ac97-fbb1cb68cd8b/build]   | [INFO] Downloaded from central: https://repo.maven.apache.org/maven2/org/apache/maven/surefire/surefire-api/2.12.4/surefire-api-2.12.4.jar (118 kB at 2.1 MB/s)
[067a9ff8-b2f4-4906-ac97-fbb1cb68cd8b/build]   | [INFO] Downloading from central: https://repo.maven.apache.org/maven2/org/codehaus/plexus/plexus-utils/3.0.8/plexus-utils-3.0.8.jar
[067a9ff8-b2f4-4906-ac97-fbb1cb68cd8b/build]   | [INFO] Downloaded from central: https://repo.maven.apache.org/maven2/org/apache/maven/shared/maven-common-artifact-filters/1.3/maven-common-artifact-filters-1.3.jar (31 kB at 565 kB/s)
[067a9ff8-b2f4-4906-ac97-fbb1cb68cd8b/build]   | [INFO] Downloading from central: https://repo.maven.apache.org/maven2/org/apache/maven/maven-toolchain/2.0.9/maven-toolchain-2.0.9.jar
[067a9ff8-b2f4-4906-ac97-fbb1cb68cd8b/build]   | [INFO] Downloaded from central: https://repo.maven.apache.org/maven2/org/apache/maven/surefire/surefire-booter/2.12.4/surefire-booter-2.12.4.jar (35 kB at 588 kB/s)
[067a9ff8-b2f4-4906-ac97-fbb1cb68cd8b/build]   | [INFO] Downloading from central: https://repo.maven.apache.org/maven2/org/apache/maven/plugin-tools/maven-plugin-annotations/3.1/maven-plugin-annotations-3.1.jar
[067a9ff8-b2f4-4906-ac97-fbb1cb68cd8b/build]   | [INFO] Downloaded from central: https://repo.maven.apache.org/maven2/org/apache/maven/surefire/maven-surefire-common/2.12.4/maven-surefire-common-2.12.4.jar (263 kB at 3.9 MB/s)
[067a9ff8-b2f4-4906-ac97-fbb1cb68cd8b/build]   | [INFO] Downloaded from central: https://repo.maven.apache.org/maven2/org/apache/maven/maven-toolchain/2.0.9/maven-toolchain-2.0.9.jar (38 kB at 567 kB/s)
[067a9ff8-b2f4-4906-ac97-fbb1cb68cd8b/build]   | [INFO] Downloaded from central: https://repo.maven.apache.org/maven2/org/apache/commons/commons-lang3/3.1/commons-lang3-3.1.jar (316 kB at 4.5 MB/s)
[067a9ff8-b2f4-4906-ac97-fbb1cb68cd8b/build]   | [INFO] Downloaded from central: https://repo.maven.apache.org/maven2/org/apache/maven/plugin-tools/maven-plugin-annotations/3.1/maven-plugin-annotations-3.1.jar (14 kB at 200 kB/s)
[067a9ff8-b2f4-4906-ac97-fbb1cb68cd8b/build]   | [INFO] Downloaded from central: https://repo.maven.apache.org/maven2/org/codehaus/plexus/plexus-utils/3.0.8/plexus-utils-3.0.8.jar (232 kB at 3.3 MB/s)
[067a9ff8-b2f4-4906-ac97-fbb1cb68cd8b/build]   | [INFO] Surefire report directory: /tmp/d3d1e61c-5da8-4abb-8123-d0e7c5ce58ac/target/surefire-reports
[067a9ff8-b2f4-4906-ac97-fbb1cb68cd8b/build]   | [INFO] Downloading from central: https://repo.maven.apache.org/maven2/org/apache/maven/surefire/surefire-junit4/2.12.4/surefire-junit4-2.12.4.pom
[067a9ff8-b2f4-4906-ac97-fbb1cb68cd8b/build]   | [INFO] Downloaded from central: https://repo.maven.apache.org/maven2/org/apache/maven/surefire/surefire-junit4/2.12.4/surefire-junit4-2.12.4.pom (2.4 kB at 185 kB/s)
[067a9ff8-b2f4-4906-ac97-fbb1cb68cd8b/build]   | [INFO] Downloading from central: https://repo.maven.apache.org/maven2/org/apache/maven/surefire/surefire-providers/2.12.4/surefire-providers-2.12.4.pom
[067a9ff8-b2f4-4906-ac97-fbb1cb68cd8b/build]   | [INFO] Downloaded from central: https://repo.maven.apache.org/maven2/org/apache/maven/surefire/surefire-providers/2.12.4/surefire-providers-2.12.4.pom (2.3 kB at 69 kB/s)
[067a9ff8-b2f4-4906-ac97-fbb1cb68cd8b/build]   | [INFO] Downloading from central: https://repo.maven.apache.org/maven2/org/apache/maven/surefire/surefire-junit4/2.12.4/surefire-junit4-2.12.4.jar
[067a9ff8-b2f4-4906-ac97-fbb1cb68cd8b/build]   | [INFO] Downloaded from central: https://repo.maven.apache.org/maven2/org/apache/maven/surefire/surefire-junit4/2.12.4/surefire-junit4-2.12.4.jar (37 kB at 1.7 MB/s)
[067a9ff8-b2f4-4906-ac97-fbb1cb68cd8b/build]   | 
[067a9ff8-b2f4-4906-ac97-fbb1cb68cd8b/build]   | -------------------------------------------------------
[067a9ff8-b2f4-4906-ac97-fbb1cb68cd8b/build]   |  T E S T S
[067a9ff8-b2f4-4906-ac97-fbb1cb68cd8b/build]   | -------------------------------------------------------
[067a9ff8-b2f4-4906-ac97-fbb1cb68cd8b/build]   | Running com.github.davidmoten.rtree.RectangleTest
[067a9ff8-b2f4-4906-ac97-fbb1cb68cd8b/build]   | Tests run: 5, Failures: 0, Errors: 0, Skipped: 0, Time elapsed: 0.057 sec
[067a9ff8-b2f4-4906-ac97-fbb1cb68cd8b/build]   | Running com.github.davidmoten.rtree.RTreeTest
[067a9ff8-b2f4-4906-ac97-fbb1cb68cd8b/build]   | entries=[Entry [object=java.lang.Object@77468bd9, geometry=Rectangle [x1=1.0, y1=1.0, x2=2.0, y2=2.0]]]
[067a9ff8-b2f4-4906-ac97-fbb1cb68cd8b/build]   | inserts/second = 37878.78787878787
[067a9ff8-b2f4-4906-ac97-fbb1cb68cd8b/build]   | found Entry [object=java.lang.Object@57829d67, geometry=Rectangle [x1=481.0, y1=346.0, x2=482.0, y2=347.0]]
[067a9ff8-b2f4-4906-ac97-fbb1cb68cd8b/build]   | time to get nearest with 10000 entries=2
[067a9ff8-b2f4-4906-ac97-fbb1cb68cd8b/build]   | Tests run: 10, Failures: 1, Errors: 0, Skipped: 0, Time elapsed: 0.859 sec <<< FAILURE!
[067a9ff8-b2f4-4906-ac97-fbb1cb68cd8b/build]   | testDeleteItemThatIsNotPresentDoesNothing(com.github.davidmoten.rtree.RTreeTest)  Time elapsed: 0.011 sec  <<< FAILURE!
[067a9ff8-b2f4-4906-ac97-fbb1cb68cd8b/build]   | java.lang.AssertionError: expected:<com.github.davidmoten.rtree.RTree@5ba23b66> but was:<com.github.davidmoten.rtree.RTree@2ff4f00f>
[067a9ff8-b2f4-4906-ac97-fbb1cb68cd8b/build]   | 	at org.junit.Assert.fail(Assert.java:88)
[067a9ff8-b2f4-4906-ac97-fbb1cb68cd8b/build]   | 	at org.junit.Assert.failNotEquals(Assert.java:743)
[067a9ff8-b2f4-4906-ac97-fbb1cb68cd8b/build]   | 	at org.junit.Assert.assertEquals(Assert.java:118)
[067a9ff8-b2f4-4906-ac97-fbb1cb68cd8b/build]   | 	at org.junit.Assert.assertEquals(Assert.java:144)
[067a9ff8-b2f4-4906-ac97-fbb1cb68cd8b/build]   | 	at com.github.davidmoten.rtree.RTreeTest.testDeleteItemThatIsNotPresentDoesNothing(RTreeTest.java:124)
[067a9ff8-b2f4-4906-ac97-fbb1cb68cd8b/build]   | 	at sun.reflect.NativeMethodAccessorImpl.invoke0(Native Method)
[067a9ff8-b2f4-4906-ac97-fbb1cb68cd8b/build]   | 	at sun.reflect.NativeMethodAccessorImpl.invoke(NativeMethodAccessorImpl.java:62)
[067a9ff8-b2f4-4906-ac97-fbb1cb68cd8b/build]   | 	at sun.reflect.DelegatingMethodAccessorImpl.invoke(DelegatingMethodAccessorImpl.java:43)
[067a9ff8-b2f4-4906-ac97-fbb1cb68cd8b/build]   | 	at java.lang.reflect.Method.invoke(Method.java:498)
[067a9ff8-b2f4-4906-ac97-fbb1cb68cd8b/build]   | 	at org.junit.runners.model.FrameworkMethod$1.runReflectiveCall(FrameworkMethod.java:47)
[067a9ff8-b2f4-4906-ac97-fbb1cb68cd8b/build]   | 	at org.junit.internal.runners.model.ReflectiveCallable.run(ReflectiveCallable.java:12)
[067a9ff8-b2f4-4906-ac97-fbb1cb68cd8b/build]   | 	at org.junit.runners.model.FrameworkMethod.invokeExplosively(FrameworkMethod.java:44)
[067a9ff8-b2f4-4906-ac97-fbb1cb68cd8b/build]   | 	at org.junit.internal.runners.statements.InvokeMethod.evaluate(InvokeMethod.java:17)
[067a9ff8-b2f4-4906-ac97-fbb1cb68cd8b/build]   | 	at org.junit.runners.ParentRunner.runLeaf(ParentRunner.java:271)
[067a9ff8-b2f4-4906-ac97-fbb1cb68cd8b/build]   | 	at org.junit.runners.BlockJUnit4ClassRunner.runChild(BlockJUnit4ClassRunner.java:70)
[067a9ff8-b2f4-4906-ac97-fbb1cb68cd8b/build]   | 	at org.junit.runners.BlockJUnit4ClassRunner.runChild(BlockJUnit4ClassRunner.java:50)
[067a9ff8-b2f4-4906-ac97-fbb1cb68cd8b/build]   | 	at org.junit.runners.ParentRunner$3.run(ParentRunner.java:238)
[067a9ff8-b2f4-4906-ac97-fbb1cb68cd8b/build]   | 	at org.junit.runners.ParentRunner$1.schedule(ParentRunner.java:63)
[067a9ff8-b2f4-4906-ac97-fbb1cb68cd8b/build]   | 	at org.junit.runners.ParentRunner.runChildren(ParentRunner.java:236)
[067a9ff8-b2f4-4906-ac97-fbb1cb68cd8b/build]   | 	at org.junit.runners.ParentRunner.access$000(ParentRunner.java:53)
[067a9ff8-b2f4-4906-ac97-fbb1cb68cd8b/build]   | 	at org.junit.runners.ParentRunner$2.evaluate(ParentRunner.java:229)
[067a9ff8-b2f4-4906-ac97-fbb1cb68cd8b/build]   | 	at org.junit.runners.ParentRunner.run(ParentRunner.java:309)
[067a9ff8-b2f4-4906-ac97-fbb1cb68cd8b/build]   | 	at org.apache.maven.surefire.junit4.JUnit4Provider.execute(JUnit4Provider.java:252)
[067a9ff8-b2f4-4906-ac97-fbb1cb68cd8b/build]   | 	at org.apache.maven.surefire.junit4.JUnit4Provider.executeTestSet(JUnit4Provider.java:141)
[067a9ff8-b2f4-4906-ac97-fbb1cb68cd8b/build]   | 	at org.apache.maven.surefire.junit4.JUnit4Provider.invoke(JUnit4Provider.java:112)
[067a9ff8-b2f4-4906-ac97-fbb1cb68cd8b/build]   | 	at sun.reflect.NativeMethodAccessorImpl.invoke0(Native Method)
[067a9ff8-b2f4-4906-ac97-fbb1cb68cd8b/build]   | 	at sun.reflect.NativeMethodAccessorImpl.invoke(NativeMethodAccessorImpl.java:62)
[067a9ff8-b2f4-4906-ac97-fbb1cb68cd8b/build]   | 	at sun.reflect.DelegatingMethodAccessorImpl.invoke(DelegatingMethodAccessorImpl.java:43)
[067a9ff8-b2f4-4906-ac97-fbb1cb68cd8b/build]   | 	at java.lang.reflect.Method.invoke(Method.java:498)
[067a9ff8-b2f4-4906-ac97-fbb1cb68cd8b/build]   | 	at org.apache.maven.surefire.util.ReflectionUtils.invokeMethodWithArray(ReflectionUtils.java:189)
[067a9ff8-b2f4-4906-ac97-fbb1cb68cd8b/build]   | 	at org.apache.maven.surefire.booter.ProviderFactory$ProviderProxy.invoke(ProviderFactory.java:165)
[067a9ff8-b2f4-4906-ac97-fbb1cb68cd8b/build]   | 	at org.apache.maven.surefire.booter.ProviderFactory.invokeProvider(ProviderFactory.java:85)
[067a9ff8-b2f4-4906-ac97-fbb1cb68cd8b/build]   | 	at org.apache.maven.surefire.booter.ForkedBooter.runSuitesInProcess(ForkedBooter.java:115)
[067a9ff8-b2f4-4906-ac97-fbb1cb68cd8b/build]   | 	at org.apache.maven.surefire.booter.ForkedBooter.main(ForkedBooter.java:75)
[067a9ff8-b2f4-4906-ac97-fbb1cb68cd8b/build]   | 
[067a9ff8-b2f4-4906-ac97-fbb1cb68cd8b/build]   | Running com.github.davidmoten.rtree.QuadraticSplitterTest
[067a9ff8-b2f4-4906-ac97-fbb1cb68cd8b/build]   | Tests run: 9, Failures: 0, Errors: 0, Skipped: 0, Time elapsed: 0.013 sec
[067a9ff8-b2f4-4906-ac97-fbb1cb68cd8b/build]   | 
[067a9ff8-b2f4-4906-ac97-fbb1cb68cd8b/build]   | Results :
[067a9ff8-b2f4-4906-ac97-fbb1cb68cd8b/build]   | 
[067a9ff8-b2f4-4906-ac97-fbb1cb68cd8b/build]   | Failed tests:   testDeleteItemThatIsNotPresentDoesNothing(com.github.davidmoten.rtree.RTreeTest): expected:<com.github.davidmoten.rtree.RTree@5ba23b66> but was:<com.github.davidmoten.rtree.RTree@2ff4f00f>
[067a9ff8-b2f4-4906-ac97-fbb1cb68cd8b/build]   | 
[067a9ff8-b2f4-4906-ac97-fbb1cb68cd8b/build]   | Tests run: 24, Failures: 1, Errors: 0, Skipped: 0
[067a9ff8-b2f4-4906-ac97-fbb1cb68cd8b/build]   | 
[067a9ff8-b2f4-4906-ac97-fbb1cb68cd8b/build]   | [INFO] ------------------------------------------------------------------------
[067a9ff8-b2f4-4906-ac97-fbb1cb68cd8b/build]   | [INFO] BUILD FAILURE
[067a9ff8-b2f4-4906-ac97-fbb1cb68cd8b/build]   | [INFO] ------------------------------------------------------------------------
[067a9ff8-b2f4-4906-ac97-fbb1cb68cd8b/build]   | [INFO] Total time:  12.830 s
[067a9ff8-b2f4-4906-ac97-fbb1cb68cd8b/build]   | [INFO] Finished at: 2023-07-11T21:14:06Z
[067a9ff8-b2f4-4906-ac97-fbb1cb68cd8b/build]   | [INFO] ------------------------------------------------------------------------
[067a9ff8-b2f4-4906-ac97-fbb1cb68cd8b/build]   | [ERROR] Failed to execute goal org.apache.maven.plugins:maven-surefire-plugin:2.12.4:test (default-test) on project rtree: There are test failures.
[067a9ff8-b2f4-4906-ac97-fbb1cb68cd8b/build]   | [ERROR] 
[067a9ff8-b2f4-4906-ac97-fbb1cb68cd8b/build]   | [ERROR] Please refer to /tmp/d3d1e61c-5da8-4abb-8123-d0e7c5ce58ac/target/surefire-reports for the individual test results.
[067a9ff8-b2f4-4906-ac97-fbb1cb68cd8b/build]   | [ERROR] -> [Help 1]
[067a9ff8-b2f4-4906-ac97-fbb1cb68cd8b/build]   | [ERROR] 
[067a9ff8-b2f4-4906-ac97-fbb1cb68cd8b/build]   | [ERROR] To see the full stack trace of the errors, re-run Maven with the -e switch.
[067a9ff8-b2f4-4906-ac97-fbb1cb68cd8b/build]   | [ERROR] Re-run Maven using the -X switch to enable full debug logging.
[067a9ff8-b2f4-4906-ac97-fbb1cb68cd8b/build]   | [ERROR] 
[067a9ff8-b2f4-4906-ac97-fbb1cb68cd8b/build]   | [ERROR] For more information about the errors and possible solutions, please read the following articles:
[067a9ff8-b2f4-4906-ac97-fbb1cb68cd8b/build]   | [ERROR] [Help 1] http://cwiki.apache.org/confluence/display/MAVEN/MojoFailureException
[067a9ff8-b2f4-4906-ac97-fbb1cb68cd8b/build]   ‚ùå  Failure - Main Build with Maven
[067a9ff8-b2f4-4906-ac97-fbb1cb68cd8b/build] exitcode '1': failure
[067a9ff8-b2f4-4906-ac97-fbb1cb68cd8b/build] unable to get git ref: failed to identify reference (tag/branch) for the checked-out revision '27e594ce6113467a323ec48b0ebe309bbc844120'
[067a9ff8-b2f4-4906-ac97-fbb1cb68cd8b/build] unable to get git ref: failed to identify reference (tag/branch) for the checked-out revision '27e594ce6113467a323ec48b0ebe309bbc844120'
[067a9ff8-b2f4-4906-ac97-fbb1cb68cd8b/build] unable to get git ref: failed to identify reference (tag/branch) for the checked-out revision '27e594ce6113467a323ec48b0ebe309bbc844120'
[067a9ff8-b2f4-4906-ac97-fbb1cb68cd8b/build] unable to get git ref: failed to identify reference (tag/branch) for the checked-out revision '27e594ce6113467a323ec48b0ebe309bbc844120'
[067a9ff8-b2f4-4906-ac97-fbb1cb68cd8b/build] unable to get git ref: failed to identify reference (tag/branch) for the checked-out revision '27e594ce6113467a323ec48b0ebe309bbc844120'
[067a9ff8-b2f4-4906-ac97-fbb1cb68cd8b/build] unable to get git ref: failed to identify reference (tag/branch) for the checked-out revision '27e594ce6113467a323ec48b0ebe309bbc844120'
[067a9ff8-b2f4-4906-ac97-fbb1cb68cd8b/build] unable to get git ref: failed to identify reference (tag/branch) for the checked-out revision '27e594ce6113467a323ec48b0ebe309bbc844120'
[067a9ff8-b2f4-4906-ac97-fbb1cb68cd8b/build] unable to get git ref: failed to identify reference (tag/branch) for the checked-out revision '27e594ce6113467a323ec48b0ebe309bbc844120'
[067a9ff8-b2f4-4906-ac97-fbb1cb68cd8b/build] unable to get git ref: failed to identify reference (tag/branch) for the checked-out revision '27e594ce6113467a323ec48b0ebe309bbc844120'
[067a9ff8-b2f4-4906-ac97-fbb1cb68cd8b/build] unable to get git ref: failed to identify reference (tag/branch) for the checked-out revision '27e594ce6113467a323ec48b0ebe309bbc844120'
[067a9ff8-b2f4-4906-ac97-fbb1cb68cd8b/build] ‚≠ê Run Post Set up JDK 8
[067a9ff8-b2f4-4906-ac97-fbb1cb68cd8b/build]   üê≥  docker exec cmd=[node /var/run/act/actions/actions-setup-java@v2/dist/cleanup/index.js] user= workdir=
[067a9ff8-b2f4-4906-ac97-fbb1cb68cd8b/build]   ‚úÖ  Success - Post Set up JDK 8
[067a9ff8-b2f4-4906-ac97-fbb1cb68cd8b/build] üèÅ  Job failed
[067a9ff8-b2f4-4906-ac97-fbb1cb68cd8b/build] unable to get git ref: failed to identify reference (tag/branch) for the checked-out revision '27e594ce6113467a323ec48b0ebe309bbc844120'
