[12d31cbd-27c5-425c-be86-788626ed9cf0/build] 🚀  Start image=gitbugactions:latest
[12d31cbd-27c5-425c-be86-788626ed9cf0/build]   🐳  docker pull image=gitbugactions:latest platform= username= forcePull=false
[12d31cbd-27c5-425c-be86-788626ed9cf0/build]   🐳  docker create image=gitbugactions:latest platform= entrypoint=["tail" "-f" "/dev/null"] cmd=[]
[12d31cbd-27c5-425c-be86-788626ed9cf0/build]   🐳  docker run image=gitbugactions:latest platform= entrypoint=["tail" "-f" "/dev/null"] cmd=[]
[12d31cbd-27c5-425c-be86-788626ed9cf0/build]   🐳  docker exec cmd=[chown -R 1012:1013 /tmp/7c89ba32-9821-4414-b02d-b9cbb015ffa7] user=0 workdir=
[12d31cbd-27c5-425c-be86-788626ed9cf0/build] unable to get git ref: failed to identify reference (tag/branch) for the checked-out revision '7a73ea56d05ff1f0fa085da259d02cb247b29db8'
[12d31cbd-27c5-425c-be86-788626ed9cf0/build] unable to get git ref: failed to identify reference (tag/branch) for the checked-out revision '7a73ea56d05ff1f0fa085da259d02cb247b29db8'
[12d31cbd-27c5-425c-be86-788626ed9cf0/build] unable to get git ref: failed to identify reference (tag/branch) for the checked-out revision '7a73ea56d05ff1f0fa085da259d02cb247b29db8'
[12d31cbd-27c5-425c-be86-788626ed9cf0/build] unable to get git ref: failed to identify reference (tag/branch) for the checked-out revision '7a73ea56d05ff1f0fa085da259d02cb247b29db8'
[12d31cbd-27c5-425c-be86-788626ed9cf0/build] unable to get git ref: failed to identify reference (tag/branch) for the checked-out revision '7a73ea56d05ff1f0fa085da259d02cb247b29db8'
[12d31cbd-27c5-425c-be86-788626ed9cf0/build] unable to get git ref: failed to identify reference (tag/branch) for the checked-out revision '7a73ea56d05ff1f0fa085da259d02cb247b29db8'
[12d31cbd-27c5-425c-be86-788626ed9cf0/build] unable to get git ref: failed to identify reference (tag/branch) for the checked-out revision '7a73ea56d05ff1f0fa085da259d02cb247b29db8'
[12d31cbd-27c5-425c-be86-788626ed9cf0/build] unable to get git ref: failed to identify reference (tag/branch) for the checked-out revision '7a73ea56d05ff1f0fa085da259d02cb247b29db8'
[12d31cbd-27c5-425c-be86-788626ed9cf0/build] unable to get git ref: failed to identify reference (tag/branch) for the checked-out revision '7a73ea56d05ff1f0fa085da259d02cb247b29db8'
[12d31cbd-27c5-425c-be86-788626ed9cf0/build] ⭐ Run Main Checkout code
[12d31cbd-27c5-425c-be86-788626ed9cf0/build] unable to get git ref: failed to identify reference (tag/branch) for the checked-out revision '7a73ea56d05ff1f0fa085da259d02cb247b29db8'
[12d31cbd-27c5-425c-be86-788626ed9cf0/build] unable to get git ref: failed to identify reference (tag/branch) for the checked-out revision '7a73ea56d05ff1f0fa085da259d02cb247b29db8'
[12d31cbd-27c5-425c-be86-788626ed9cf0/build]   🐳  docker cp src=/tmp/7c89ba32-9821-4414-b02d-b9cbb015ffa7/. dst=/tmp/7c89ba32-9821-4414-b02d-b9cbb015ffa7
[12d31cbd-27c5-425c-be86-788626ed9cf0/build]   🐳  docker exec cmd=[chown -R 1012:1013 /tmp/7c89ba32-9821-4414-b02d-b9cbb015ffa7] user=0 workdir=
[12d31cbd-27c5-425c-be86-788626ed9cf0/build]   ✅  Success - Main Checkout code
[12d31cbd-27c5-425c-be86-788626ed9cf0/build] unable to get git ref: failed to identify reference (tag/branch) for the checked-out revision '7a73ea56d05ff1f0fa085da259d02cb247b29db8'
[12d31cbd-27c5-425c-be86-788626ed9cf0/build] unable to get git ref: failed to identify reference (tag/branch) for the checked-out revision '7a73ea56d05ff1f0fa085da259d02cb247b29db8'
[12d31cbd-27c5-425c-be86-788626ed9cf0/build] unable to get git ref: failed to identify reference (tag/branch) for the checked-out revision '7a73ea56d05ff1f0fa085da259d02cb247b29db8'
[12d31cbd-27c5-425c-be86-788626ed9cf0/build] unable to get git ref: failed to identify reference (tag/branch) for the checked-out revision '7a73ea56d05ff1f0fa085da259d02cb247b29db8'
[12d31cbd-27c5-425c-be86-788626ed9cf0/build] unable to get git ref: failed to identify reference (tag/branch) for the checked-out revision '7a73ea56d05ff1f0fa085da259d02cb247b29db8'
[12d31cbd-27c5-425c-be86-788626ed9cf0/build] ⭐ Run Main Set up JDK
[12d31cbd-27c5-425c-be86-788626ed9cf0/build] unable to get git ref: failed to identify reference (tag/branch) for the checked-out revision '7a73ea56d05ff1f0fa085da259d02cb247b29db8'
[12d31cbd-27c5-425c-be86-788626ed9cf0/build] unable to get git ref: failed to identify reference (tag/branch) for the checked-out revision '7a73ea56d05ff1f0fa085da259d02cb247b29db8'
[12d31cbd-27c5-425c-be86-788626ed9cf0/build] unable to get git ref: failed to identify reference (tag/branch) for the checked-out revision '7a73ea56d05ff1f0fa085da259d02cb247b29db8'
[12d31cbd-27c5-425c-be86-788626ed9cf0/build]   🐳  docker cp src=/tmp/act-cache/e4b04cf7-4a55-49de-a912-145f3d16b8ca/act/actions-setup-java@v3/ dst=/var/run/act/actions/actions-setup-java@v3/
[12d31cbd-27c5-425c-be86-788626ed9cf0/build]   🐳  docker exec cmd=[chown -R 1012:1013 /var/run/act/actions/actions-setup-java@v3/] user=0 workdir=
[12d31cbd-27c5-425c-be86-788626ed9cf0/build]   🐳  docker exec cmd=[node /var/run/act/actions/actions-setup-java@v3/dist/setup/index.js] user= workdir=
[12d31cbd-27c5-425c-be86-788626ed9cf0/build]   ❓  ::group::Installed distributions
[12d31cbd-27c5-425c-be86-788626ed9cf0/build]   💬  ::debug::isExplicit: 11.0.20-1
[12d31cbd-27c5-425c-be86-788626ed9cf0/build]   💬  ::debug::explicit? true
[12d31cbd-27c5-425c-be86-788626ed9cf0/build]   💬  ::debug::isExplicit: 17.0.8-1
[12d31cbd-27c5-425c-be86-788626ed9cf0/build]   💬  ::debug::explicit? true
[12d31cbd-27c5-425c-be86-788626ed9cf0/build]   💬  ::debug::isExplicit: 21.0.0-35
[12d31cbd-27c5-425c-be86-788626ed9cf0/build]   💬  ::debug::explicit? true
[12d31cbd-27c5-425c-be86-788626ed9cf0/build]   💬  ::debug::isExplicit: 8.0.382-5
[12d31cbd-27c5-425c-be86-788626ed9cf0/build]   💬  ::debug::explicit? true
[12d31cbd-27c5-425c-be86-788626ed9cf0/build]   | Resolved Java 17.0.8+1 from tool-cache
[12d31cbd-27c5-425c-be86-788626ed9cf0/build]   | Setting Java 17.0.8+1 as the default
[12d31cbd-27c5-425c-be86-788626ed9cf0/build]   | Creating toolchains.xml for JDK version 17 from temurin
[12d31cbd-27c5-425c-be86-788626ed9cf0/build]   | Writing to /home/runner/.m2/toolchains.xml
[12d31cbd-27c5-425c-be86-788626ed9cf0/build]   | 
[12d31cbd-27c5-425c-be86-788626ed9cf0/build]   | Java configuration:
[12d31cbd-27c5-425c-be86-788626ed9cf0/build]   |   Distribution: temurin
[12d31cbd-27c5-425c-be86-788626ed9cf0/build]   |   Version: 17.0.8+1
[12d31cbd-27c5-425c-be86-788626ed9cf0/build]   |   Path: /opt/hostedtoolcache/Java_Temurin-Hotspot_jdk/17.0.8-1/x64
[12d31cbd-27c5-425c-be86-788626ed9cf0/build]   | 
[12d31cbd-27c5-425c-be86-788626ed9cf0/build]   ❓  ::endgroup::
[12d31cbd-27c5-425c-be86-788626ed9cf0/build]   ❓ add-matcher /run/act/actions/actions-setup-java@v3/.github/java.json
[12d31cbd-27c5-425c-be86-788626ed9cf0/build]   | Creating settings.xml with server-id: github
[12d31cbd-27c5-425c-be86-788626ed9cf0/build]   | Writing to /home/runner/.m2/settings.xml
[12d31cbd-27c5-425c-be86-788626ed9cf0/build]   ✅  Success - Main Set up JDK
[12d31cbd-27c5-425c-be86-788626ed9cf0/build]   ⚙  ::set-env:: JAVA_HOME=/opt/hostedtoolcache/Java_Temurin-Hotspot_jdk/17.0.8-1/x64
[12d31cbd-27c5-425c-be86-788626ed9cf0/build]   ⚙  ::set-env:: JAVA_HOME_17_X64=/opt/hostedtoolcache/Java_Temurin-Hotspot_jdk/17.0.8-1/x64
[12d31cbd-27c5-425c-be86-788626ed9cf0/build]   ⚙  ::set-output:: distribution=Temurin-Hotspot
[12d31cbd-27c5-425c-be86-788626ed9cf0/build]   ⚙  ::set-output:: path=/opt/hostedtoolcache/Java_Temurin-Hotspot_jdk/17.0.8-1/x64
[12d31cbd-27c5-425c-be86-788626ed9cf0/build]   ⚙  ::set-output:: version=17.0.8+1
[12d31cbd-27c5-425c-be86-788626ed9cf0/build]   ⚙  ::add-path:: /opt/hostedtoolcache/Java_Temurin-Hotspot_jdk/17.0.8-1/x64/bin
[12d31cbd-27c5-425c-be86-788626ed9cf0/build] unable to get git ref: failed to identify reference (tag/branch) for the checked-out revision '7a73ea56d05ff1f0fa085da259d02cb247b29db8'
[12d31cbd-27c5-425c-be86-788626ed9cf0/build] unable to get git ref: failed to identify reference (tag/branch) for the checked-out revision '7a73ea56d05ff1f0fa085da259d02cb247b29db8'
[12d31cbd-27c5-425c-be86-788626ed9cf0/build] unable to get git ref: failed to identify reference (tag/branch) for the checked-out revision '7a73ea56d05ff1f0fa085da259d02cb247b29db8'
[12d31cbd-27c5-425c-be86-788626ed9cf0/build] unable to get git ref: failed to identify reference (tag/branch) for the checked-out revision '7a73ea56d05ff1f0fa085da259d02cb247b29db8'
[12d31cbd-27c5-425c-be86-788626ed9cf0/build] unable to get git ref: failed to identify reference (tag/branch) for the checked-out revision '7a73ea56d05ff1f0fa085da259d02cb247b29db8'
[12d31cbd-27c5-425c-be86-788626ed9cf0/build] ⭐ Run Main Build with Maven
[12d31cbd-27c5-425c-be86-788626ed9cf0/build] unable to get git ref: failed to identify reference (tag/branch) for the checked-out revision '7a73ea56d05ff1f0fa085da259d02cb247b29db8'
[12d31cbd-27c5-425c-be86-788626ed9cf0/build] unable to get git ref: failed to identify reference (tag/branch) for the checked-out revision '7a73ea56d05ff1f0fa085da259d02cb247b29db8'
[12d31cbd-27c5-425c-be86-788626ed9cf0/build] unable to get git ref: failed to identify reference (tag/branch) for the checked-out revision '7a73ea56d05ff1f0fa085da259d02cb247b29db8'
[12d31cbd-27c5-425c-be86-788626ed9cf0/build] unable to get git ref: failed to identify reference (tag/branch) for the checked-out revision '7a73ea56d05ff1f0fa085da259d02cb247b29db8'
[12d31cbd-27c5-425c-be86-788626ed9cf0/build]   🐳  docker exec cmd=[bash --noprofile --norc -e -o pipefail /var/run/act/workflow/2] user= workdir=
[12d31cbd-27c5-425c-be86-788626ed9cf0/build]   | [INFO] Scanning for projects...
[12d31cbd-27c5-425c-be86-788626ed9cf0/build]   | [INFO] 
[12d31cbd-27c5-425c-be86-788626ed9cf0/build]   | [INFO] ----------< com.studyalgorithms.javasolutions:java-solutions >----------
[12d31cbd-27c5-425c-be86-788626ed9cf0/build]   | [INFO] Building java-solutions 1.0-SNAPSHOT
[12d31cbd-27c5-425c-be86-788626ed9cf0/build]   | [INFO]   from pom.xml
[12d31cbd-27c5-425c-be86-788626ed9cf0/build]   | [INFO] --------------------------------[ jar ]---------------------------------
[12d31cbd-27c5-425c-be86-788626ed9cf0/build]   | [INFO] Downloading from central: https://repo.maven.apache.org/maven2/org/apache/maven/plugins/maven-resources-plugin/3.0.2/maven-resources-plugin-3.0.2.pom
[12d31cbd-27c5-425c-be86-788626ed9cf0/build]   | [INFO] Downloaded from central: https://repo.maven.apache.org/maven2/org/apache/maven/plugins/maven-resources-plugin/3.0.2/maven-resources-plugin-3.0.2.pom (7.1 kB at 22 kB/s)
[12d31cbd-27c5-425c-be86-788626ed9cf0/build]   | [INFO] Downloading from central: https://repo.maven.apache.org/maven2/org/apache/maven/plugins/maven-plugins/30/maven-plugins-30.pom
[12d31cbd-27c5-425c-be86-788626ed9cf0/build]   | [INFO] Downloaded from central: https://repo.maven.apache.org/maven2/org/apache/maven/plugins/maven-plugins/30/maven-plugins-30.pom (10 kB at 363 kB/s)
[12d31cbd-27c5-425c-be86-788626ed9cf0/build]   | [INFO] Downloading from central: https://repo.maven.apache.org/maven2/org/apache/maven/maven-parent/30/maven-parent-30.pom
[12d31cbd-27c5-425c-be86-788626ed9cf0/build]   | [INFO] Downloaded from central: https://repo.maven.apache.org/maven2/org/apache/maven/maven-parent/30/maven-parent-30.pom (41 kB at 1.0 MB/s)
[12d31cbd-27c5-425c-be86-788626ed9cf0/build]   | [INFO] Downloading from central: https://repo.maven.apache.org/maven2/org/apache/apache/18/apache-18.pom
[12d31cbd-27c5-425c-be86-788626ed9cf0/build]   | [INFO] Downloaded from central: https://repo.maven.apache.org/maven2/org/apache/apache/18/apache-18.pom (16 kB at 922 kB/s)
[12d31cbd-27c5-425c-be86-788626ed9cf0/build]   | [INFO] Downloading from central: https://repo.maven.apache.org/maven2/org/apache/maven/plugins/maven-resources-plugin/3.0.2/maven-resources-plugin-3.0.2.jar
[12d31cbd-27c5-425c-be86-788626ed9cf0/build]   | [INFO] Downloaded from central: https://repo.maven.apache.org/maven2/org/apache/maven/plugins/maven-resources-plugin/3.0.2/maven-resources-plugin-3.0.2.jar (32 kB at 961 kB/s)
[12d31cbd-27c5-425c-be86-788626ed9cf0/build]   | [INFO] Downloading from central: https://repo.maven.apache.org/maven2/org/apache/maven/plugins/maven-compiler-plugin/3.8.0/maven-compiler-plugin-3.8.0.pom
[12d31cbd-27c5-425c-be86-788626ed9cf0/build]   | [INFO] Downloaded from central: https://repo.maven.apache.org/maven2/org/apache/maven/plugins/maven-compiler-plugin/3.8.0/maven-compiler-plugin-3.8.0.pom (12 kB at 592 kB/s)
[12d31cbd-27c5-425c-be86-788626ed9cf0/build]   | [INFO] Downloading from central: https://repo.maven.apache.org/maven2/org/apache/maven/plugins/maven-plugins/32/maven-plugins-32.pom
[12d31cbd-27c5-425c-be86-788626ed9cf0/build]   | [INFO] Downloaded from central: https://repo.maven.apache.org/maven2/org/apache/maven/plugins/maven-plugins/32/maven-plugins-32.pom (11 kB at 369 kB/s)
[12d31cbd-27c5-425c-be86-788626ed9cf0/build]   | [INFO] Downloading from central: https://repo.maven.apache.org/maven2/org/apache/maven/maven-parent/32/maven-parent-32.pom
[12d31cbd-27c5-425c-be86-788626ed9cf0/build]   | [INFO] Downloaded from central: https://repo.maven.apache.org/maven2/org/apache/maven/maven-parent/32/maven-parent-32.pom (43 kB at 1.5 MB/s)
[12d31cbd-27c5-425c-be86-788626ed9cf0/build]   | [INFO] Downloading from central: https://repo.maven.apache.org/maven2/org/apache/apache/20/apache-20.pom
[12d31cbd-27c5-425c-be86-788626ed9cf0/build]   | [INFO] Downloaded from central: https://repo.maven.apache.org/maven2/org/apache/apache/20/apache-20.pom (16 kB at 991 kB/s)
[12d31cbd-27c5-425c-be86-788626ed9cf0/build]   | [INFO] Downloading from central: https://repo.maven.apache.org/maven2/org/apache/maven/plugins/maven-compiler-plugin/3.8.0/maven-compiler-plugin-3.8.0.jar
[12d31cbd-27c5-425c-be86-788626ed9cf0/build]   | [INFO] Downloaded from central: https://repo.maven.apache.org/maven2/org/apache/maven/plugins/maven-compiler-plugin/3.8.0/maven-compiler-plugin-3.8.0.jar (62 kB at 3.1 MB/s)
[12d31cbd-27c5-425c-be86-788626ed9cf0/build]   | [INFO] Downloading from central: https://repo.maven.apache.org/maven2/org/apache/maven/plugins/maven-surefire-plugin/2.22.1/maven-surefire-plugin-2.22.1.pom
[12d31cbd-27c5-425c-be86-788626ed9cf0/build]   | [INFO] Downloaded from central: https://repo.maven.apache.org/maven2/org/apache/maven/plugins/maven-surefire-plugin/2.22.1/maven-surefire-plugin-2.22.1.pom (5.0 kB at 238 kB/s)
[12d31cbd-27c5-425c-be86-788626ed9cf0/build]   | [INFO] Downloading from central: https://repo.maven.apache.org/maven2/org/apache/maven/surefire/surefire/2.22.1/surefire-2.22.1.pom
[12d31cbd-27c5-425c-be86-788626ed9cf0/build]   | [INFO] Downloaded from central: https://repo.maven.apache.org/maven2/org/apache/maven/surefire/surefire/2.22.1/surefire-2.22.1.pom (26 kB at 1.4 MB/s)
[12d31cbd-27c5-425c-be86-788626ed9cf0/build]   | [INFO] Downloading from central: https://repo.maven.apache.org/maven2/org/apache/maven/maven-parent/33/maven-parent-33.pom
[12d31cbd-27c5-425c-be86-788626ed9cf0/build]   | [INFO] Downloaded from central: https://repo.maven.apache.org/maven2/org/apache/maven/maven-parent/33/maven-parent-33.pom (44 kB at 2.5 MB/s)
[12d31cbd-27c5-425c-be86-788626ed9cf0/build]   | [INFO] Downloading from central: https://repo.maven.apache.org/maven2/org/apache/apache/21/apache-21.pom
[12d31cbd-27c5-425c-be86-788626ed9cf0/build]   | [INFO] Downloaded from central: https://repo.maven.apache.org/maven2/org/apache/apache/21/apache-21.pom (17 kB at 1.1 MB/s)
[12d31cbd-27c5-425c-be86-788626ed9cf0/build]   | [INFO] Downloading from central: https://repo.maven.apache.org/maven2/org/apache/maven/plugins/maven-surefire-plugin/2.22.1/maven-surefire-plugin-2.22.1.jar
[12d31cbd-27c5-425c-be86-788626ed9cf0/build]   | [INFO] Downloaded from central: https://repo.maven.apache.org/maven2/org/apache/maven/plugins/maven-surefire-plugin/2.22.1/maven-surefire-plugin-2.22.1.jar (41 kB at 2.7 MB/s)
[12d31cbd-27c5-425c-be86-788626ed9cf0/build]   | [INFO] Downloading from central: https://repo.maven.apache.org/maven2/org/apache/maven/plugins/maven-jar-plugin/3.0.2/maven-jar-plugin-3.0.2.pom
[12d31cbd-27c5-425c-be86-788626ed9cf0/build]   | [INFO] Downloaded from central: https://repo.maven.apache.org/maven2/org/apache/maven/plugins/maven-jar-plugin/3.0.2/maven-jar-plugin-3.0.2.pom (6.2 kB at 182 kB/s)
[12d31cbd-27c5-425c-be86-788626ed9cf0/build]   | [INFO] Downloading from central: https://repo.maven.apache.org/maven2/org/apache/maven/plugins/maven-jar-plugin/3.0.2/maven-jar-plugin-3.0.2.jar
[12d31cbd-27c5-425c-be86-788626ed9cf0/build]   | [INFO] Downloaded from central: https://repo.maven.apache.org/maven2/org/apache/maven/plugins/maven-jar-plugin/3.0.2/maven-jar-plugin-3.0.2.jar (27 kB at 1.8 MB/s)
[12d31cbd-27c5-425c-be86-788626ed9cf0/build]   | [INFO] Downloading from central: https://repo.maven.apache.org/maven2/com/google/guava/guava/30.1.1-jre/guava-30.1.1-jre.pom
[12d31cbd-27c5-425c-be86-788626ed9cf0/build]   | [INFO] Downloaded from central: https://repo.maven.apache.org/maven2/com/google/guava/guava/30.1.1-jre/guava-30.1.1-jre.pom (12 kB at 643 kB/s)
[12d31cbd-27c5-425c-be86-788626ed9cf0/build]   | [INFO] Downloading from central: https://repo.maven.apache.org/maven2/com/google/guava/guava-parent/30.1.1-jre/guava-parent-30.1.1-jre.pom
[12d31cbd-27c5-425c-be86-788626ed9cf0/build]   | [INFO] Downloaded from central: https://repo.maven.apache.org/maven2/com/google/guava/guava-parent/30.1.1-jre/guava-parent-30.1.1-jre.pom (14 kB at 949 kB/s)
[12d31cbd-27c5-425c-be86-788626ed9cf0/build]   | [INFO] Downloading from central: https://repo.maven.apache.org/maven2/com/google/guava/failureaccess/1.0.1/failureaccess-1.0.1.pom
[12d31cbd-27c5-425c-be86-788626ed9cf0/build]   | [INFO] Downloaded from central: https://repo.maven.apache.org/maven2/com/google/guava/failureaccess/1.0.1/failureaccess-1.0.1.pom (2.4 kB at 172 kB/s)
[12d31cbd-27c5-425c-be86-788626ed9cf0/build]   | [INFO] Downloading from central: https://repo.maven.apache.org/maven2/com/google/guava/guava-parent/26.0-android/guava-parent-26.0-android.pom
[12d31cbd-27c5-425c-be86-788626ed9cf0/build]   | [INFO] Downloaded from central: https://repo.maven.apache.org/maven2/com/google/guava/guava-parent/26.0-android/guava-parent-26.0-android.pom (10 kB at 536 kB/s)
[12d31cbd-27c5-425c-be86-788626ed9cf0/build]   | [INFO] Downloading from central: https://repo.maven.apache.org/maven2/org/sonatype/oss/oss-parent/9/oss-parent-9.pom
[12d31cbd-27c5-425c-be86-788626ed9cf0/build]   | [INFO] Downloaded from central: https://repo.maven.apache.org/maven2/org/sonatype/oss/oss-parent/9/oss-parent-9.pom (6.6 kB at 365 kB/s)
[12d31cbd-27c5-425c-be86-788626ed9cf0/build]   | [INFO] Downloading from central: https://repo.maven.apache.org/maven2/com/google/guava/listenablefuture/9999.0-empty-to-avoid-conflict-with-guava/listenablefuture-9999.0-empty-to-avoid-conflict-with-guava.pom
[12d31cbd-27c5-425c-be86-788626ed9cf0/build]   | [INFO] Downloaded from central: https://repo.maven.apache.org/maven2/com/google/guava/listenablefuture/9999.0-empty-to-avoid-conflict-with-guava/listenablefuture-9999.0-empty-to-avoid-conflict-with-guava.pom (2.3 kB at 175 kB/s)
[12d31cbd-27c5-425c-be86-788626ed9cf0/build]   | [INFO] Downloading from central: https://repo.maven.apache.org/maven2/com/google/code/findbugs/jsr305/3.0.2/jsr305-3.0.2.pom
[12d31cbd-27c5-425c-be86-788626ed9cf0/build]   | [INFO] Downloaded from central: https://repo.maven.apache.org/maven2/com/google/code/findbugs/jsr305/3.0.2/jsr305-3.0.2.pom (4.3 kB at 357 kB/s)
[12d31cbd-27c5-425c-be86-788626ed9cf0/build]   | [INFO] Downloading from central: https://repo.maven.apache.org/maven2/org/sonatype/oss/oss-parent/7/oss-parent-7.pom
[12d31cbd-27c5-425c-be86-788626ed9cf0/build]   | [INFO] Downloaded from central: https://repo.maven.apache.org/maven2/org/sonatype/oss/oss-parent/7/oss-parent-7.pom (4.8 kB at 322 kB/s)
[12d31cbd-27c5-425c-be86-788626ed9cf0/build]   | [INFO] Downloading from central: https://repo.maven.apache.org/maven2/org/checkerframework/checker-qual/3.8.0/checker-qual-3.8.0.pom
[12d31cbd-27c5-425c-be86-788626ed9cf0/build]   | [INFO] Downloaded from central: https://repo.maven.apache.org/maven2/org/checkerframework/checker-qual/3.8.0/checker-qual-3.8.0.pom (2.2 kB at 70 kB/s)
[12d31cbd-27c5-425c-be86-788626ed9cf0/build]   | [INFO] Downloading from central: https://repo.maven.apache.org/maven2/com/google/errorprone/error_prone_annotations/2.5.1/error_prone_annotations-2.5.1.pom
[12d31cbd-27c5-425c-be86-788626ed9cf0/build]   | [INFO] Downloaded from central: https://repo.maven.apache.org/maven2/com/google/errorprone/error_prone_annotations/2.5.1/error_prone_annotations-2.5.1.pom (2.1 kB at 176 kB/s)
[12d31cbd-27c5-425c-be86-788626ed9cf0/build]   | [INFO] Downloading from central: https://repo.maven.apache.org/maven2/com/google/errorprone/error_prone_parent/2.5.1/error_prone_parent-2.5.1.pom
[12d31cbd-27c5-425c-be86-788626ed9cf0/build]   | [INFO] Downloaded from central: https://repo.maven.apache.org/maven2/com/google/errorprone/error_prone_parent/2.5.1/error_prone_parent-2.5.1.pom (7.0 kB at 349 kB/s)
[12d31cbd-27c5-425c-be86-788626ed9cf0/build]   | [INFO] Downloading from central: https://repo.maven.apache.org/maven2/com/google/j2objc/j2objc-annotations/1.3/j2objc-annotations-1.3.pom
[12d31cbd-27c5-425c-be86-788626ed9cf0/build]   | [INFO] Downloaded from central: https://repo.maven.apache.org/maven2/com/google/j2objc/j2objc-annotations/1.3/j2objc-annotations-1.3.pom (2.8 kB at 132 kB/s)
[12d31cbd-27c5-425c-be86-788626ed9cf0/build]   | [INFO] Downloading from central: https://repo.maven.apache.org/maven2/org/junit/jupiter/junit-jupiter-engine/5.1.0/junit-jupiter-engine-5.1.0.pom
[12d31cbd-27c5-425c-be86-788626ed9cf0/build]   | [INFO] Downloaded from central: https://repo.maven.apache.org/maven2/org/junit/jupiter/junit-jupiter-engine/5.1.0/junit-jupiter-engine-5.1.0.pom (2.4 kB at 201 kB/s)
[12d31cbd-27c5-425c-be86-788626ed9cf0/build]   | [INFO] Downloading from central: https://repo.maven.apache.org/maven2/org/apiguardian/apiguardian-api/1.0.0/apiguardian-api-1.0.0.pom
[12d31cbd-27c5-425c-be86-788626ed9cf0/build]   | [INFO] Downloaded from central: https://repo.maven.apache.org/maven2/org/apiguardian/apiguardian-api/1.0.0/apiguardian-api-1.0.0.pom (1.2 kB at 58 kB/s)
[12d31cbd-27c5-425c-be86-788626ed9cf0/build]   | [INFO] Downloading from central: https://repo.maven.apache.org/maven2/org/junit/platform/junit-platform-engine/1.1.0/junit-platform-engine-1.1.0.pom
[12d31cbd-27c5-425c-be86-788626ed9cf0/build]   | [INFO] Downloaded from central: https://repo.maven.apache.org/maven2/org/junit/platform/junit-platform-engine/1.1.0/junit-platform-engine-1.1.0.pom (2.4 kB at 150 kB/s)
[12d31cbd-27c5-425c-be86-788626ed9cf0/build]   | [INFO] Downloading from central: https://repo.maven.apache.org/maven2/org/junit/platform/junit-platform-commons/1.1.0/junit-platform-commons-1.1.0.pom
[12d31cbd-27c5-425c-be86-788626ed9cf0/build]   | [INFO] Downloaded from central: https://repo.maven.apache.org/maven2/org/junit/platform/junit-platform-commons/1.1.0/junit-platform-commons-1.1.0.pom (2.0 kB at 146 kB/s)
[12d31cbd-27c5-425c-be86-788626ed9cf0/build]   | [INFO] Downloading from central: https://repo.maven.apache.org/maven2/org/opentest4j/opentest4j/1.0.0/opentest4j-1.0.0.pom
[12d31cbd-27c5-425c-be86-788626ed9cf0/build]   | [INFO] Downloaded from central: https://repo.maven.apache.org/maven2/org/opentest4j/opentest4j/1.0.0/opentest4j-1.0.0.pom (1.7 kB at 112 kB/s)
[12d31cbd-27c5-425c-be86-788626ed9cf0/build]   | [INFO] Downloading from central: https://repo.maven.apache.org/maven2/org/junit/jupiter/junit-jupiter-api/5.1.0/junit-jupiter-api-5.1.0.pom
[12d31cbd-27c5-425c-be86-788626ed9cf0/build]   | [INFO] Downloaded from central: https://repo.maven.apache.org/maven2/org/junit/jupiter/junit-jupiter-api/5.1.0/junit-jupiter-api-5.1.0.pom (2.4 kB at 200 kB/s)
[12d31cbd-27c5-425c-be86-788626ed9cf0/build]   | [INFO] Downloading from central: https://repo.maven.apache.org/maven2/com/google/guava/guava/30.1.1-jre/guava-30.1.1-jre.jar
[12d31cbd-27c5-425c-be86-788626ed9cf0/build]   | [INFO] Downloading from central: https://repo.maven.apache.org/maven2/com/google/guava/listenablefuture/9999.0-empty-to-avoid-conflict-with-guava/listenablefuture-9999.0-empty-to-avoid-conflict-with-guava.jar
[12d31cbd-27c5-425c-be86-788626ed9cf0/build]   | [INFO] Downloading from central: https://repo.maven.apache.org/maven2/com/google/guava/failureaccess/1.0.1/failureaccess-1.0.1.jar
[12d31cbd-27c5-425c-be86-788626ed9cf0/build]   | [INFO] Downloading from central: https://repo.maven.apache.org/maven2/org/checkerframework/checker-qual/3.8.0/checker-qual-3.8.0.jar
[12d31cbd-27c5-425c-be86-788626ed9cf0/build]   | [INFO] Downloading from central: https://repo.maven.apache.org/maven2/com/google/code/findbugs/jsr305/3.0.2/jsr305-3.0.2.jar
[12d31cbd-27c5-425c-be86-788626ed9cf0/build]   | [INFO] Downloaded from central: https://repo.maven.apache.org/maven2/com/google/guava/failureaccess/1.0.1/failureaccess-1.0.1.jar (4.6 kB at 70 kB/s)
[12d31cbd-27c5-425c-be86-788626ed9cf0/build]   | [INFO] Downloading from central: https://repo.maven.apache.org/maven2/com/google/errorprone/error_prone_annotations/2.5.1/error_prone_annotations-2.5.1.jar
[12d31cbd-27c5-425c-be86-788626ed9cf0/build]   | [INFO] Downloaded from central: https://repo.maven.apache.org/maven2/com/google/guava/listenablefuture/9999.0-empty-to-avoid-conflict-with-guava/listenablefuture-9999.0-empty-to-avoid-conflict-with-guava.jar (2.2 kB at 32 kB/s)
[12d31cbd-27c5-425c-be86-788626ed9cf0/build]   | [INFO] Downloading from central: https://repo.maven.apache.org/maven2/com/google/j2objc/j2objc-annotations/1.3/j2objc-annotations-1.3.jar
[12d31cbd-27c5-425c-be86-788626ed9cf0/build]   | [INFO] Downloaded from central: https://repo.maven.apache.org/maven2/com/google/code/findbugs/jsr305/3.0.2/jsr305-3.0.2.jar (20 kB at 256 kB/s)
[12d31cbd-27c5-425c-be86-788626ed9cf0/build]   | [INFO] Downloading from central: https://repo.maven.apache.org/maven2/org/junit/jupiter/junit-jupiter-engine/5.1.0/junit-jupiter-engine-5.1.0.jar
[12d31cbd-27c5-425c-be86-788626ed9cf0/build]   | [INFO] Downloaded from central: https://repo.maven.apache.org/maven2/com/google/j2objc/j2objc-annotations/1.3/j2objc-annotations-1.3.jar (8.8 kB at 101 kB/s)
[12d31cbd-27c5-425c-be86-788626ed9cf0/build]   | [INFO] Downloading from central: https://repo.maven.apache.org/maven2/org/apiguardian/apiguardian-api/1.0.0/apiguardian-api-1.0.0.jar
[12d31cbd-27c5-425c-be86-788626ed9cf0/build]   | [INFO] Downloaded from central: https://repo.maven.apache.org/maven2/com/google/errorprone/error_prone_annotations/2.5.1/error_prone_annotations-2.5.1.jar (14 kB at 157 kB/s)
[12d31cbd-27c5-425c-be86-788626ed9cf0/build]   | [INFO] Downloading from central: https://repo.maven.apache.org/maven2/org/junit/platform/junit-platform-engine/1.1.0/junit-platform-engine-1.1.0.jar
[12d31cbd-27c5-425c-be86-788626ed9cf0/build]   | [INFO] Downloaded from central: https://repo.maven.apache.org/maven2/org/apiguardian/apiguardian-api/1.0.0/apiguardian-api-1.0.0.jar (2.2 kB at 19 kB/s)
[12d31cbd-27c5-425c-be86-788626ed9cf0/build]   | [INFO] Downloading from central: https://repo.maven.apache.org/maven2/org/junit/platform/junit-platform-commons/1.1.0/junit-platform-commons-1.1.0.jar
[12d31cbd-27c5-425c-be86-788626ed9cf0/build]   | [INFO] Downloaded from central: https://repo.maven.apache.org/maven2/org/junit/platform/junit-platform-engine/1.1.0/junit-platform-engine-1.1.0.jar (90 kB at 772 kB/s)
[12d31cbd-27c5-425c-be86-788626ed9cf0/build]   | [INFO] Downloading from central: https://repo.maven.apache.org/maven2/org/opentest4j/opentest4j/1.0.0/opentest4j-1.0.0.jar
[12d31cbd-27c5-425c-be86-788626ed9cf0/build]   | [INFO] Downloaded from central: https://repo.maven.apache.org/maven2/org/checkerframework/checker-qual/3.8.0/checker-qual-3.8.0.jar (231 kB at 2.0 MB/s)
[12d31cbd-27c5-425c-be86-788626ed9cf0/build]   | [INFO] Downloading from central: https://repo.maven.apache.org/maven2/org/junit/jupiter/junit-jupiter-api/5.1.0/junit-jupiter-api-5.1.0.jar
[12d31cbd-27c5-425c-be86-788626ed9cf0/build]   | [INFO] Downloaded from central: https://repo.maven.apache.org/maven2/org/junit/jupiter/junit-jupiter-engine/5.1.0/junit-jupiter-engine-5.1.0.jar (142 kB at 1.2 MB/s)
[12d31cbd-27c5-425c-be86-788626ed9cf0/build]   | [INFO] Downloaded from central: https://repo.maven.apache.org/maven2/com/google/guava/guava/30.1.1-jre/guava-30.1.1-jre.jar (2.9 MB at 23 MB/s)
[12d31cbd-27c5-425c-be86-788626ed9cf0/build]   | [INFO] Downloaded from central: https://repo.maven.apache.org/maven2/org/opentest4j/opentest4j/1.0.0/opentest4j-1.0.0.jar (6.6 kB at 52 kB/s)
[12d31cbd-27c5-425c-be86-788626ed9cf0/build]   | [INFO] Downloaded from central: https://repo.maven.apache.org/maven2/org/junit/platform/junit-platform-commons/1.1.0/junit-platform-commons-1.1.0.jar (77 kB at 598 kB/s)
[12d31cbd-27c5-425c-be86-788626ed9cf0/build]   | [INFO] Downloaded from central: https://repo.maven.apache.org/maven2/org/junit/jupiter/junit-jupiter-api/5.1.0/junit-jupiter-api-5.1.0.jar (106 kB at 799 kB/s)
[12d31cbd-27c5-425c-be86-788626ed9cf0/build]   | [INFO] 
[12d31cbd-27c5-425c-be86-788626ed9cf0/build]   | [INFO] --- maven-resources-plugin:3.0.2:resources (default-resources) @ java-solutions ---
[12d31cbd-27c5-425c-be86-788626ed9cf0/build]   | [INFO] Downloading from central: https://repo.maven.apache.org/maven2/org/apache/maven/maven-plugin-api/3.0/maven-plugin-api-3.0.pom
[12d31cbd-27c5-425c-be86-788626ed9cf0/build]   | [INFO] Downloaded from central: https://repo.maven.apache.org/maven2/org/apache/maven/maven-plugin-api/3.0/maven-plugin-api-3.0.pom (2.3 kB at 153 kB/s)
[12d31cbd-27c5-425c-be86-788626ed9cf0/build]   | [INFO] Downloading from central: https://repo.maven.apache.org/maven2/org/apache/maven/maven/3.0/maven-3.0.pom
[12d31cbd-27c5-425c-be86-788626ed9cf0/build]   | [INFO] Downloaded from central: https://repo.maven.apache.org/maven2/org/apache/maven/maven/3.0/maven-3.0.pom (22 kB at 2.0 MB/s)
[12d31cbd-27c5-425c-be86-788626ed9cf0/build]   | [INFO] Downloading from central: https://repo.maven.apache.org/maven2/org/apache/maven/maven-parent/15/maven-parent-15.pom
[12d31cbd-27c5-425c-be86-788626ed9cf0/build]   | [INFO] Downloaded from central: https://repo.maven.apache.org/maven2/org/apache/maven/maven-parent/15/maven-parent-15.pom (24 kB at 2.2 MB/s)
[12d31cbd-27c5-425c-be86-788626ed9cf0/build]   | [INFO] Downloading from central: https://repo.maven.apache.org/maven2/org/apache/apache/6/apache-6.pom
[12d31cbd-27c5-425c-be86-788626ed9cf0/build]   | [INFO] Downloaded from central: https://repo.maven.apache.org/maven2/org/apache/apache/6/apache-6.pom (13 kB at 224 kB/s)
[12d31cbd-27c5-425c-be86-788626ed9cf0/build]   | [INFO] Downloading from central: https://repo.maven.apache.org/maven2/org/apache/maven/maven-model/3.0/maven-model-3.0.pom
[12d31cbd-27c5-425c-be86-788626ed9cf0/build]   | [INFO] Downloaded from central: https://repo.maven.apache.org/maven2/org/apache/maven/maven-model/3.0/maven-model-3.0.pom (3.9 kB at 216 kB/s)
[12d31cbd-27c5-425c-be86-788626ed9cf0/build]   | [INFO] Downloading from central: https://repo.maven.apache.org/maven2/org/codehaus/plexus/plexus-utils/2.0.4/plexus-utils-2.0.4.pom
[12d31cbd-27c5-425c-be86-788626ed9cf0/build]   | [INFO] Downloaded from central: https://repo.maven.apache.org/maven2/org/codehaus/plexus/plexus-utils/2.0.4/plexus-utils-2.0.4.pom (3.3 kB at 159 kB/s)
[12d31cbd-27c5-425c-be86-788626ed9cf0/build]   | [INFO] Downloading from central: https://repo.maven.apache.org/maven2/org/codehaus/plexus/plexus/2.0.6/plexus-2.0.6.pom
[12d31cbd-27c5-425c-be86-788626ed9cf0/build]   | [INFO] Downloaded from central: https://repo.maven.apache.org/maven2/org/codehaus/plexus/plexus/2.0.6/plexus-2.0.6.pom (17 kB at 1.5 MB/s)
[12d31cbd-27c5-425c-be86-788626ed9cf0/build]   | [INFO] Downloading from central: https://repo.maven.apache.org/maven2/org/apache/maven/maven-artifact/3.0/maven-artifact-3.0.pom
[12d31cbd-27c5-425c-be86-788626ed9cf0/build]   | [INFO] Downloaded from central: https://repo.maven.apache.org/maven2/org/apache/maven/maven-artifact/3.0/maven-artifact-3.0.pom (1.9 kB at 193 kB/s)
[12d31cbd-27c5-425c-be86-788626ed9cf0/build]   | [INFO] Downloading from central: https://repo.maven.apache.org/maven2/org/sonatype/sisu/sisu-inject-plexus/1.4.2/sisu-inject-plexus-1.4.2.pom
[12d31cbd-27c5-425c-be86-788626ed9cf0/build]   | [INFO] Downloaded from central: https://repo.maven.apache.org/maven2/org/sonatype/sisu/sisu-inject-plexus/1.4.2/sisu-inject-plexus-1.4.2.pom (5.4 kB at 298 kB/s)
[12d31cbd-27c5-425c-be86-788626ed9cf0/build]   | [INFO] Downloading from central: https://repo.maven.apache.org/maven2/org/sonatype/sisu/inject/guice-plexus/1.4.2/guice-plexus-1.4.2.pom
[12d31cbd-27c5-425c-be86-788626ed9cf0/build]   | [INFO] Downloaded from central: https://repo.maven.apache.org/maven2/org/sonatype/sisu/inject/guice-plexus/1.4.2/guice-plexus-1.4.2.pom (3.1 kB at 136 kB/s)
[12d31cbd-27c5-425c-be86-788626ed9cf0/build]   | [INFO] Downloading from central: https://repo.maven.apache.org/maven2/org/sonatype/sisu/inject/guice-bean/1.4.2/guice-bean-1.4.2.pom
[12d31cbd-27c5-425c-be86-788626ed9cf0/build]   | [INFO] Downloaded from central: https://repo.maven.apache.org/maven2/org/sonatype/sisu/inject/guice-bean/1.4.2/guice-bean-1.4.2.pom (2.6 kB at 87 kB/s)
[12d31cbd-27c5-425c-be86-788626ed9cf0/build]   | [INFO] Downloading from central: https://repo.maven.apache.org/maven2/org/sonatype/sisu/sisu-inject/1.4.2/sisu-inject-1.4.2.pom
[12d31cbd-27c5-425c-be86-788626ed9cf0/build]   | [INFO] Downloaded from central: https://repo.maven.apache.org/maven2/org/sonatype/sisu/sisu-inject/1.4.2/sisu-inject-1.4.2.pom (1.2 kB at 139 kB/s)
[12d31cbd-27c5-425c-be86-788626ed9cf0/build]   | [INFO] Downloading from central: https://repo.maven.apache.org/maven2/org/sonatype/sisu/sisu-parent/1.4.2/sisu-parent-1.4.2.pom
[12d31cbd-27c5-425c-be86-788626ed9cf0/build]   | [INFO] Downloaded from central: https://repo.maven.apache.org/maven2/org/sonatype/sisu/sisu-parent/1.4.2/sisu-parent-1.4.2.pom (7.8 kB at 598 kB/s)
[12d31cbd-27c5-425c-be86-788626ed9cf0/build]   | [INFO] Downloading from central: https://repo.maven.apache.org/maven2/org/sonatype/forge/forge-parent/6/forge-parent-6.pom
[12d31cbd-27c5-425c-be86-788626ed9cf0/build]   | [INFO] Downloaded from central: https://repo.maven.apache.org/maven2/org/sonatype/forge/forge-parent/6/forge-parent-6.pom (11 kB at 1.2 MB/s)
[12d31cbd-27c5-425c-be86-788626ed9cf0/build]   | [INFO] Downloading from central: https://repo.maven.apache.org/maven2/org/codehaus/plexus/plexus-component-annotations/1.6/plexus-component-annotations-1.6.pom
[12d31cbd-27c5-425c-be86-788626ed9cf0/build]   | [INFO] Downloaded from central: https://repo.maven.apache.org/maven2/org/codehaus/plexus/plexus-component-annotations/1.6/plexus-component-annotations-1.6.pom (748 B at 47 kB/s)
[12d31cbd-27c5-425c-be86-788626ed9cf0/build]   | [INFO] Downloading from central: https://repo.maven.apache.org/maven2/org/codehaus/plexus/plexus-containers/1.6/plexus-containers-1.6.pom
[12d31cbd-27c5-425c-be86-788626ed9cf0/build]   | [INFO] Downloaded from central: https://repo.maven.apache.org/maven2/org/codehaus/plexus/plexus-containers/1.6/plexus-containers-1.6.pom (3.8 kB at 164 kB/s)
[12d31cbd-27c5-425c-be86-788626ed9cf0/build]   | [INFO] Downloading from central: https://repo.maven.apache.org/maven2/org/codehaus/plexus/plexus/3.3.2/plexus-3.3.2.pom
[12d31cbd-27c5-425c-be86-788626ed9cf0/build]   | [INFO] Downloaded from central: https://repo.maven.apache.org/maven2/org/codehaus/plexus/plexus/3.3.2/plexus-3.3.2.pom (22 kB at 979 kB/s)
[12d31cbd-27c5-425c-be86-788626ed9cf0/build]   | [INFO] Downloading from central: https://repo.maven.apache.org/maven2/org/sonatype/spice/spice-parent/17/spice-parent-17.pom
[12d31cbd-27c5-425c-be86-788626ed9cf0/build]   | [INFO] Downloaded from central: https://repo.maven.apache.org/maven2/org/sonatype/spice/spice-parent/17/spice-parent-17.pom (6.8 kB at 307 kB/s)
[12d31cbd-27c5-425c-be86-788626ed9cf0/build]   | [INFO] Downloading from central: https://repo.maven.apache.org/maven2/org/sonatype/forge/forge-parent/10/forge-parent-10.pom
[12d31cbd-27c5-425c-be86-788626ed9cf0/build]   | [INFO] Downloaded from central: https://repo.maven.apache.org/maven2/org/sonatype/forge/forge-parent/10/forge-parent-10.pom (14 kB at 616 kB/s)
[12d31cbd-27c5-425c-be86-788626ed9cf0/build]   | [INFO] Downloading from central: https://repo.maven.apache.org/maven2/org/codehaus/plexus/plexus-classworlds/2.2.3/plexus-classworlds-2.2.3.pom
[12d31cbd-27c5-425c-be86-788626ed9cf0/build]   | [INFO] Downloaded from central: https://repo.maven.apache.org/maven2/org/codehaus/plexus/plexus-classworlds/2.2.3/plexus-classworlds-2.2.3.pom (4.0 kB at 250 kB/s)
[12d31cbd-27c5-425c-be86-788626ed9cf0/build]   | [INFO] Downloading from central: https://repo.maven.apache.org/maven2/org/codehaus/plexus/plexus-utils/2.0.5/plexus-utils-2.0.5.pom
[12d31cbd-27c5-425c-be86-788626ed9cf0/build]   | [INFO] Downloaded from central: https://repo.maven.apache.org/maven2/org/codehaus/plexus/plexus-utils/2.0.5/plexus-utils-2.0.5.pom (3.3 kB at 185 kB/s)
[12d31cbd-27c5-425c-be86-788626ed9cf0/build]   | [INFO] Downloading from central: https://repo.maven.apache.org/maven2/org/sonatype/sisu/sisu-inject-bean/1.4.2/sisu-inject-bean-1.4.2.pom
[12d31cbd-27c5-425c-be86-788626ed9cf0/build]   | [INFO] Downloaded from central: https://repo.maven.apache.org/maven2/org/sonatype/sisu/sisu-inject-bean/1.4.2/sisu-inject-bean-1.4.2.pom (5.5 kB at 165 kB/s)
[12d31cbd-27c5-425c-be86-788626ed9cf0/build]   | [INFO] Downloading from central: https://repo.maven.apache.org/maven2/org/sonatype/sisu/sisu-guice/2.1.7/sisu-guice-2.1.7.pom
[12d31cbd-27c5-425c-be86-788626ed9cf0/build]   | [INFO] Downloaded from central: https://repo.maven.apache.org/maven2/org/sonatype/sisu/sisu-guice/2.1.7/sisu-guice-2.1.7.pom (11 kB at 425 kB/s)
[12d31cbd-27c5-425c-be86-788626ed9cf0/build]   | [INFO] Downloading from central: https://repo.maven.apache.org/maven2/org/apache/maven/maven-core/3.0/maven-core-3.0.pom
[12d31cbd-27c5-425c-be86-788626ed9cf0/build]   | [INFO] Downloaded from central: https://repo.maven.apache.org/maven2/org/apache/maven/maven-core/3.0/maven-core-3.0.pom (6.6 kB at 474 kB/s)
[12d31cbd-27c5-425c-be86-788626ed9cf0/build]   | [INFO] Downloading from central: https://repo.maven.apache.org/maven2/org/apache/maven/maven-settings/3.0/maven-settings-3.0.pom
[12d31cbd-27c5-425c-be86-788626ed9cf0/build]   | [INFO] Downloaded from central: https://repo.maven.apache.org/maven2/org/apache/maven/maven-settings/3.0/maven-settings-3.0.pom (1.9 kB at 99 kB/s)
[12d31cbd-27c5-425c-be86-788626ed9cf0/build]   | [INFO] Downloading from central: https://repo.maven.apache.org/maven2/org/apache/maven/maven-settings-builder/3.0/maven-settings-builder-3.0.pom
[12d31cbd-27c5-425c-be86-788626ed9cf0/build]   | [INFO] Downloaded from central: https://repo.maven.apache.org/maven2/org/apache/maven/maven-settings-builder/3.0/maven-settings-builder-3.0.pom (2.2 kB at 171 kB/s)
[12d31cbd-27c5-425c-be86-788626ed9cf0/build]   | [INFO] Downloading from central: https://repo.maven.apache.org/maven2/org/codehaus/plexus/plexus-interpolation/1.14/plexus-interpolation-1.14.pom
[12d31cbd-27c5-425c-be86-788626ed9cf0/build]   | [INFO] Downloaded from central: https://repo.maven.apache.org/maven2/org/codehaus/plexus/plexus-interpolation/1.14/plexus-interpolation-1.14.pom (910 B at 101 kB/s)
[12d31cbd-27c5-425c-be86-788626ed9cf0/build]   | [INFO] Downloading from central: https://repo.maven.apache.org/maven2/org/codehaus/plexus/plexus-components/1.1.18/plexus-components-1.1.18.pom
[12d31cbd-27c5-425c-be86-788626ed9cf0/build]   | [INFO] Downloaded from central: https://repo.maven.apache.org/maven2/org/codehaus/plexus/plexus-components/1.1.18/plexus-components-1.1.18.pom (5.4 kB at 536 kB/s)
[12d31cbd-27c5-425c-be86-788626ed9cf0/build]   | [INFO] Downloading from central: https://repo.maven.apache.org/maven2/org/codehaus/plexus/plexus/2.0.7/plexus-2.0.7.pom
[12d31cbd-27c5-425c-be86-788626ed9cf0/build]   | [INFO] Downloaded from central: https://repo.maven.apache.org/maven2/org/codehaus/plexus/plexus/2.0.7/plexus-2.0.7.pom (17 kB at 752 kB/s)
[12d31cbd-27c5-425c-be86-788626ed9cf0/build]   | [INFO] Downloading from central: https://repo.maven.apache.org/maven2/org/sonatype/plexus/plexus-sec-dispatcher/1.3/plexus-sec-dispatcher-1.3.pom
[12d31cbd-27c5-425c-be86-788626ed9cf0/build]   | [INFO] Downloaded from central: https://repo.maven.apache.org/maven2/org/sonatype/plexus/plexus-sec-dispatcher/1.3/plexus-sec-dispatcher-1.3.pom (3.0 kB at 164 kB/s)
[12d31cbd-27c5-425c-be86-788626ed9cf0/build]   | [INFO] Downloading from central: https://repo.maven.apache.org/maven2/org/sonatype/spice/spice-parent/12/spice-parent-12.pom
[12d31cbd-27c5-425c-be86-788626ed9cf0/build]   | [INFO] Downloaded from central: https://repo.maven.apache.org/maven2/org/sonatype/spice/spice-parent/12/spice-parent-12.pom (6.8 kB at 618 kB/s)
[12d31cbd-27c5-425c-be86-788626ed9cf0/build]   | [INFO] Downloading from central: https://repo.maven.apache.org/maven2/org/sonatype/forge/forge-parent/4/forge-parent-4.pom
[12d31cbd-27c5-425c-be86-788626ed9cf0/build]   | [INFO] Downloaded from central: https://repo.maven.apache.org/maven2/org/sonatype/forge/forge-parent/4/forge-parent-4.pom (8.4 kB at 700 kB/s)
[12d31cbd-27c5-425c-be86-788626ed9cf0/build]   | [INFO] Downloading from central: https://repo.maven.apache.org/maven2/org/codehaus/plexus/plexus-utils/1.5.5/plexus-utils-1.5.5.pom
[12d31cbd-27c5-425c-be86-788626ed9cf0/build]   | [INFO] Downloaded from central: https://repo.maven.apache.org/maven2/org/codehaus/plexus/plexus-utils/1.5.5/plexus-utils-1.5.5.pom (5.1 kB at 515 kB/s)
[12d31cbd-27c5-425c-be86-788626ed9cf0/build]   | [INFO] Downloading from central: https://repo.maven.apache.org/maven2/org/codehaus/plexus/plexus/1.0.11/plexus-1.0.11.pom
[12d31cbd-27c5-425c-be86-788626ed9cf0/build]   | [INFO] Downloaded from central: https://repo.maven.apache.org/maven2/org/codehaus/plexus/plexus/1.0.11/plexus-1.0.11.pom (9.0 kB at 390 kB/s)
[12d31cbd-27c5-425c-be86-788626ed9cf0/build]   | [INFO] Downloading from central: https://repo.maven.apache.org/maven2/org/sonatype/plexus/plexus-cipher/1.4/plexus-cipher-1.4.pom
[12d31cbd-27c5-425c-be86-788626ed9cf0/build]   | [INFO] Downloaded from central: https://repo.maven.apache.org/maven2/org/sonatype/plexus/plexus-cipher/1.4/plexus-cipher-1.4.pom (2.1 kB at 229 kB/s)
[12d31cbd-27c5-425c-be86-788626ed9cf0/build]   | [INFO] Downloading from central: https://repo.maven.apache.org/maven2/org/apache/maven/maven-repository-metadata/3.0/maven-repository-metadata-3.0.pom
[12d31cbd-27c5-425c-be86-788626ed9cf0/build]   | [INFO] Downloaded from central: https://repo.maven.apache.org/maven2/org/apache/maven/maven-repository-metadata/3.0/maven-repository-metadata-3.0.pom (1.9 kB at 214 kB/s)
[12d31cbd-27c5-425c-be86-788626ed9cf0/build]   | [INFO] Downloading from central: https://repo.maven.apache.org/maven2/org/apache/maven/maven-model-builder/3.0/maven-model-builder-3.0.pom
[12d31cbd-27c5-425c-be86-788626ed9cf0/build]   | [INFO] Downloaded from central: https://repo.maven.apache.org/maven2/org/apache/maven/maven-model-builder/3.0/maven-model-builder-3.0.pom (2.2 kB at 250 kB/s)
[12d31cbd-27c5-425c-be86-788626ed9cf0/build]   | [INFO] Downloading from central: https://repo.maven.apache.org/maven2/org/apache/maven/maven-aether-provider/3.0/maven-aether-provider-3.0.pom
[12d31cbd-27c5-425c-be86-788626ed9cf0/build]   | [INFO] Downloaded from central: https://repo.maven.apache.org/maven2/org/apache/maven/maven-aether-provider/3.0/maven-aether-provider-3.0.pom (2.5 kB at 190 kB/s)
[12d31cbd-27c5-425c-be86-788626ed9cf0/build]   | [INFO] Downloading from central: https://repo.maven.apache.org/maven2/org/sonatype/aether/aether-api/1.7/aether-api-1.7.pom
[12d31cbd-27c5-425c-be86-788626ed9cf0/build]   | [INFO] Downloaded from central: https://repo.maven.apache.org/maven2/org/sonatype/aether/aether-api/1.7/aether-api-1.7.pom (1.7 kB at 167 kB/s)
[12d31cbd-27c5-425c-be86-788626ed9cf0/build]   | [INFO] Downloading from central: https://repo.maven.apache.org/maven2/org/sonatype/aether/aether-parent/1.7/aether-parent-1.7.pom
[12d31cbd-27c5-425c-be86-788626ed9cf0/build]   | [INFO] Downloaded from central: https://repo.maven.apache.org/maven2/org/sonatype/aether/aether-parent/1.7/aether-parent-1.7.pom (7.7 kB at 594 kB/s)
[12d31cbd-27c5-425c-be86-788626ed9cf0/build]   | [INFO] Downloading from central: https://repo.maven.apache.org/maven2/org/sonatype/aether/aether-util/1.7/aether-util-1.7.pom
[12d31cbd-27c5-425c-be86-788626ed9cf0/build]   | [INFO] Downloaded from central: https://repo.maven.apache.org/maven2/org/sonatype/aether/aether-util/1.7/aether-util-1.7.pom (2.1 kB at 258 kB/s)
[12d31cbd-27c5-425c-be86-788626ed9cf0/build]   | [INFO] Downloading from central: https://repo.maven.apache.org/maven2/org/sonatype/aether/aether-impl/1.7/aether-impl-1.7.pom
[12d31cbd-27c5-425c-be86-788626ed9cf0/build]   | [INFO] Downloaded from central: https://repo.maven.apache.org/maven2/org/sonatype/aether/aether-impl/1.7/aether-impl-1.7.pom (3.7 kB at 462 kB/s)
[12d31cbd-27c5-425c-be86-788626ed9cf0/build]   | [INFO] Downloading from central: https://repo.maven.apache.org/maven2/org/sonatype/aether/aether-spi/1.7/aether-spi-1.7.pom
[12d31cbd-27c5-425c-be86-788626ed9cf0/build]   | [INFO] Downloaded from central: https://repo.maven.apache.org/maven2/org/sonatype/aether/aether-spi/1.7/aether-spi-1.7.pom (1.7 kB at 145 kB/s)
[12d31cbd-27c5-425c-be86-788626ed9cf0/build]   | [INFO] Downloading from central: https://repo.maven.apache.org/maven2/org/codehaus/plexus/plexus-utils/3.0.24/plexus-utils-3.0.24.pom
[12d31cbd-27c5-425c-be86-788626ed9cf0/build]   | [INFO] Downloaded from central: https://repo.maven.apache.org/maven2/org/codehaus/plexus/plexus-utils/3.0.24/plexus-utils-3.0.24.pom (4.1 kB at 459 kB/s)
[12d31cbd-27c5-425c-be86-788626ed9cf0/build]   | [INFO] Downloading from central: https://repo.maven.apache.org/maven2/org/codehaus/plexus/plexus/4.0/plexus-4.0.pom
[12d31cbd-27c5-425c-be86-788626ed9cf0/build]   | [INFO] Downloaded from central: https://repo.maven.apache.org/maven2/org/codehaus/plexus/plexus/4.0/plexus-4.0.pom (22 kB at 2.4 MB/s)
[12d31cbd-27c5-425c-be86-788626ed9cf0/build]   | [INFO] Downloading from central: https://repo.maven.apache.org/maven2/org/apache/maven/shared/maven-filtering/3.1.1/maven-filtering-3.1.1.pom
[12d31cbd-27c5-425c-be86-788626ed9cf0/build]   | [INFO] Downloaded from central: https://repo.maven.apache.org/maven2/org/apache/maven/shared/maven-filtering/3.1.1/maven-filtering-3.1.1.pom (5.7 kB at 812 kB/s)
[12d31cbd-27c5-425c-be86-788626ed9cf0/build]   | [INFO] Downloading from central: https://repo.maven.apache.org/maven2/org/apache/maven/shared/maven-shared-components/30/maven-shared-components-30.pom
[12d31cbd-27c5-425c-be86-788626ed9cf0/build]   | [INFO] Downloaded from central: https://repo.maven.apache.org/maven2/org/apache/maven/shared/maven-shared-components/30/maven-shared-components-30.pom (4.6 kB at 327 kB/s)
[12d31cbd-27c5-425c-be86-788626ed9cf0/build]   | [INFO] Downloading from central: https://repo.maven.apache.org/maven2/org/apache/maven/shared/maven-shared-utils/3.0.0/maven-shared-utils-3.0.0.pom
[12d31cbd-27c5-425c-be86-788626ed9cf0/build]   | [INFO] Downloaded from central: https://repo.maven.apache.org/maven2/org/apache/maven/shared/maven-shared-utils/3.0.0/maven-shared-utils-3.0.0.pom (5.6 kB at 508 kB/s)
[12d31cbd-27c5-425c-be86-788626ed9cf0/build]   | [INFO] Downloading from central: https://repo.maven.apache.org/maven2/org/apache/maven/shared/maven-shared-components/21/maven-shared-components-21.pom
[12d31cbd-27c5-425c-be86-788626ed9cf0/build]   | [INFO] Downloaded from central: https://repo.maven.apache.org/maven2/org/apache/maven/shared/maven-shared-components/21/maven-shared-components-21.pom (5.1 kB at 567 kB/s)
[12d31cbd-27c5-425c-be86-788626ed9cf0/build]   | [INFO] Downloading from central: https://repo.maven.apache.org/maven2/org/apache/maven/maven-parent/25/maven-parent-25.pom
[12d31cbd-27c5-425c-be86-788626ed9cf0/build]   | [INFO] Downloaded from central: https://repo.maven.apache.org/maven2/org/apache/maven/maven-parent/25/maven-parent-25.pom (37 kB at 2.2 MB/s)
[12d31cbd-27c5-425c-be86-788626ed9cf0/build]   | [INFO] Downloading from central: https://repo.maven.apache.org/maven2/org/apache/apache/15/apache-15.pom
[12d31cbd-27c5-425c-be86-788626ed9cf0/build]   | [INFO] Downloaded from central: https://repo.maven.apache.org/maven2/org/apache/apache/15/apache-15.pom (15 kB at 1.3 MB/s)
[12d31cbd-27c5-425c-be86-788626ed9cf0/build]   | [INFO] Downloading from central: https://repo.maven.apache.org/maven2/commons-io/commons-io/2.4/commons-io-2.4.pom
[12d31cbd-27c5-425c-be86-788626ed9cf0/build]   | [INFO] Downloaded from central: https://repo.maven.apache.org/maven2/commons-io/commons-io/2.4/commons-io-2.4.pom (10 kB at 847 kB/s)
[12d31cbd-27c5-425c-be86-788626ed9cf0/build]   | [INFO] Downloading from central: https://repo.maven.apache.org/maven2/org/apache/commons/commons-parent/25/commons-parent-25.pom
[12d31cbd-27c5-425c-be86-788626ed9cf0/build]   | [INFO] Downloaded from central: https://repo.maven.apache.org/maven2/org/apache/commons/commons-parent/25/commons-parent-25.pom (48 kB at 3.7 MB/s)
[12d31cbd-27c5-425c-be86-788626ed9cf0/build]   | [INFO] Downloading from central: https://repo.maven.apache.org/maven2/org/apache/apache/9/apache-9.pom
[12d31cbd-27c5-425c-be86-788626ed9cf0/build]   | [INFO] Downloaded from central: https://repo.maven.apache.org/maven2/org/apache/apache/9/apache-9.pom (15 kB at 892 kB/s)
[12d31cbd-27c5-425c-be86-788626ed9cf0/build]   | [INFO] Downloading from central: https://repo.maven.apache.org/maven2/com/google/code/findbugs/jsr305/2.0.1/jsr305-2.0.1.pom
[12d31cbd-27c5-425c-be86-788626ed9cf0/build]   | [INFO] Downloaded from central: https://repo.maven.apache.org/maven2/com/google/code/findbugs/jsr305/2.0.1/jsr305-2.0.1.pom (965 B at 51 kB/s)
[12d31cbd-27c5-425c-be86-788626ed9cf0/build]   | [INFO] Downloading from central: https://repo.maven.apache.org/maven2/org/codehaus/plexus/plexus-interpolation/1.22/plexus-interpolation-1.22.pom
[12d31cbd-27c5-425c-be86-788626ed9cf0/build]   | [INFO] Downloaded from central: https://repo.maven.apache.org/maven2/org/codehaus/plexus/plexus-interpolation/1.22/plexus-interpolation-1.22.pom (1.5 kB at 67 kB/s)
[12d31cbd-27c5-425c-be86-788626ed9cf0/build]   | [INFO] Downloading from central: https://repo.maven.apache.org/maven2/org/codehaus/plexus/plexus-components/1.3.1/plexus-components-1.3.1.pom
[12d31cbd-27c5-425c-be86-788626ed9cf0/build]   | [INFO] Downloaded from central: https://repo.maven.apache.org/maven2/org/codehaus/plexus/plexus-components/1.3.1/plexus-components-1.3.1.pom (3.1 kB at 306 kB/s)
[12d31cbd-27c5-425c-be86-788626ed9cf0/build]   | [INFO] Downloading from central: https://repo.maven.apache.org/maven2/org/codehaus/plexus/plexus/3.3.1/plexus-3.3.1.pom
[12d31cbd-27c5-425c-be86-788626ed9cf0/build]   | [INFO] Downloaded from central: https://repo.maven.apache.org/maven2/org/codehaus/plexus/plexus/3.3.1/plexus-3.3.1.pom (20 kB at 1.7 MB/s)
[12d31cbd-27c5-425c-be86-788626ed9cf0/build]   | [INFO] Downloading from central: https://repo.maven.apache.org/maven2/org/sonatype/plexus/plexus-build-api/0.0.7/plexus-build-api-0.0.7.pom
[12d31cbd-27c5-425c-be86-788626ed9cf0/build]   | [INFO] Downloaded from central: https://repo.maven.apache.org/maven2/org/sonatype/plexus/plexus-build-api/0.0.7/plexus-build-api-0.0.7.pom (3.2 kB at 214 kB/s)
[12d31cbd-27c5-425c-be86-788626ed9cf0/build]   | [INFO] Downloading from central: https://repo.maven.apache.org/maven2/org/sonatype/spice/spice-parent/15/spice-parent-15.pom
[12d31cbd-27c5-425c-be86-788626ed9cf0/build]   | [INFO] Downloaded from central: https://repo.maven.apache.org/maven2/org/sonatype/spice/spice-parent/15/spice-parent-15.pom (8.4 kB at 522 kB/s)
[12d31cbd-27c5-425c-be86-788626ed9cf0/build]   | [INFO] Downloading from central: https://repo.maven.apache.org/maven2/org/sonatype/forge/forge-parent/5/forge-parent-5.pom
[12d31cbd-27c5-425c-be86-788626ed9cf0/build]   | [INFO] Downloaded from central: https://repo.maven.apache.org/maven2/org/sonatype/forge/forge-parent/5/forge-parent-5.pom (8.4 kB at 558 kB/s)
[12d31cbd-27c5-425c-be86-788626ed9cf0/build]   | [INFO] Downloading from central: https://repo.maven.apache.org/maven2/org/codehaus/plexus/plexus-utils/1.5.8/plexus-utils-1.5.8.pom
[12d31cbd-27c5-425c-be86-788626ed9cf0/build]   | [INFO] Downloaded from central: https://repo.maven.apache.org/maven2/org/codehaus/plexus/plexus-utils/1.5.8/plexus-utils-1.5.8.pom (8.1 kB at 504 kB/s)
[12d31cbd-27c5-425c-be86-788626ed9cf0/build]   | [INFO] Downloading from central: https://repo.maven.apache.org/maven2/org/codehaus/plexus/plexus/2.0.2/plexus-2.0.2.pom
[12d31cbd-27c5-425c-be86-788626ed9cf0/build]   | [INFO] Downloaded from central: https://repo.maven.apache.org/maven2/org/codehaus/plexus/plexus/2.0.2/plexus-2.0.2.pom (12 kB at 774 kB/s)
[12d31cbd-27c5-425c-be86-788626ed9cf0/build]   | [INFO] Downloading from central: https://repo.maven.apache.org/maven2/commons-io/commons-io/2.5/commons-io-2.5.pom
[12d31cbd-27c5-425c-be86-788626ed9cf0/build]   | [INFO] Downloaded from central: https://repo.maven.apache.org/maven2/commons-io/commons-io/2.5/commons-io-2.5.pom (13 kB at 782 kB/s)
[12d31cbd-27c5-425c-be86-788626ed9cf0/build]   | [INFO] Downloading from central: https://repo.maven.apache.org/maven2/org/apache/commons/commons-parent/39/commons-parent-39.pom
[12d31cbd-27c5-425c-be86-788626ed9cf0/build]   | [INFO] Downloaded from central: https://repo.maven.apache.org/maven2/org/apache/commons/commons-parent/39/commons-parent-39.pom (62 kB at 3.3 MB/s)
[12d31cbd-27c5-425c-be86-788626ed9cf0/build]   | [INFO] Downloading from central: https://repo.maven.apache.org/maven2/org/apache/apache/16/apache-16.pom
[12d31cbd-27c5-425c-be86-788626ed9cf0/build]   | [INFO] Downloaded from central: https://repo.maven.apache.org/maven2/org/apache/apache/16/apache-16.pom (15 kB at 291 kB/s)
[12d31cbd-27c5-425c-be86-788626ed9cf0/build]   | [INFO] Downloading from central: https://repo.maven.apache.org/maven2/org/codehaus/plexus/plexus-interpolation/1.24/plexus-interpolation-1.24.pom
[12d31cbd-27c5-425c-be86-788626ed9cf0/build]   | [INFO] Downloaded from central: https://repo.maven.apache.org/maven2/org/codehaus/plexus/plexus-interpolation/1.24/plexus-interpolation-1.24.pom (2.6 kB at 154 kB/s)
[12d31cbd-27c5-425c-be86-788626ed9cf0/build]   | [INFO] Downloading from central: https://repo.maven.apache.org/maven2/org/apache/maven/maven-plugin-api/3.0/maven-plugin-api-3.0.jar
[12d31cbd-27c5-425c-be86-788626ed9cf0/build]   | [INFO] Downloading from central: https://repo.maven.apache.org/maven2/org/apache/maven/maven-artifact/3.0/maven-artifact-3.0.jar
[12d31cbd-27c5-425c-be86-788626ed9cf0/build]   | [INFO] Downloading from central: https://repo.maven.apache.org/maven2/org/sonatype/sisu/sisu-inject-plexus/1.4.2/sisu-inject-plexus-1.4.2.jar
[12d31cbd-27c5-425c-be86-788626ed9cf0/build]   | [INFO] Downloading from central: https://repo.maven.apache.org/maven2/org/sonatype/sisu/sisu-inject-bean/1.4.2/sisu-inject-bean-1.4.2.jar
[12d31cbd-27c5-425c-be86-788626ed9cf0/build]   | [INFO] Downloading from central: https://repo.maven.apache.org/maven2/org/sonatype/sisu/sisu-guice/2.1.7/sisu-guice-2.1.7-noaop.jar
[12d31cbd-27c5-425c-be86-788626ed9cf0/build]   | [INFO] Downloaded from central: https://repo.maven.apache.org/maven2/org/apache/maven/maven-artifact/3.0/maven-artifact-3.0.jar (52 kB at 2.6 MB/s)
[12d31cbd-27c5-425c-be86-788626ed9cf0/build]   | [INFO] Downloading from central: https://repo.maven.apache.org/maven2/org/apache/maven/maven-core/3.0/maven-core-3.0.jar
[12d31cbd-27c5-425c-be86-788626ed9cf0/build]   | [INFO] Downloaded from central: https://repo.maven.apache.org/maven2/org/apache/maven/maven-plugin-api/3.0/maven-plugin-api-3.0.jar (49 kB at 2.2 MB/s)
[12d31cbd-27c5-425c-be86-788626ed9cf0/build]   | [INFO] Downloading from central: https://repo.maven.apache.org/maven2/org/apache/maven/maven-settings/3.0/maven-settings-3.0.jar
[12d31cbd-27c5-425c-be86-788626ed9cf0/build]   | [INFO] Downloaded from central: https://repo.maven.apache.org/maven2/org/sonatype/sisu/sisu-inject-bean/1.4.2/sisu-inject-bean-1.4.2.jar (153 kB at 5.7 MB/s)
[12d31cbd-27c5-425c-be86-788626ed9cf0/build]   | [INFO] Downloading from central: https://repo.maven.apache.org/maven2/org/apache/maven/maven-settings-builder/3.0/maven-settings-builder-3.0.jar
[12d31cbd-27c5-425c-be86-788626ed9cf0/build]   | [INFO] Downloaded from central: https://repo.maven.apache.org/maven2/org/sonatype/sisu/sisu-inject-plexus/1.4.2/sisu-inject-plexus-1.4.2.jar (202 kB at 7.0 MB/s)
[12d31cbd-27c5-425c-be86-788626ed9cf0/build]   | [INFO] Downloading from central: https://repo.maven.apache.org/maven2/org/apache/maven/maven-repository-metadata/3.0/maven-repository-metadata-3.0.jar
[12d31cbd-27c5-425c-be86-788626ed9cf0/build]   | [INFO] Downloaded from central: https://repo.maven.apache.org/maven2/org/sonatype/sisu/sisu-guice/2.1.7/sisu-guice-2.1.7-noaop.jar (472 kB at 12 MB/s)
[12d31cbd-27c5-425c-be86-788626ed9cf0/build]   | [INFO] Downloading from central: https://repo.maven.apache.org/maven2/org/apache/maven/maven-model-builder/3.0/maven-model-builder-3.0.jar
[12d31cbd-27c5-425c-be86-788626ed9cf0/build]   | [INFO] Downloaded from central: https://repo.maven.apache.org/maven2/org/apache/maven/maven-core/3.0/maven-core-3.0.jar (527 kB at 14 MB/s)
[12d31cbd-27c5-425c-be86-788626ed9cf0/build]   | [INFO] Downloaded from central: https://repo.maven.apache.org/maven2/org/apache/maven/maven-settings/3.0/maven-settings-3.0.jar (47 kB at 1.2 MB/s)
[12d31cbd-27c5-425c-be86-788626ed9cf0/build]   | [INFO] Downloading from central: https://repo.maven.apache.org/maven2/org/sonatype/aether/aether-impl/1.7/aether-impl-1.7.jar
[12d31cbd-27c5-425c-be86-788626ed9cf0/build]   | [INFO] Downloading from central: https://repo.maven.apache.org/maven2/org/apache/maven/maven-aether-provider/3.0/maven-aether-provider-3.0.jar
[12d31cbd-27c5-425c-be86-788626ed9cf0/build]   | [INFO] Downloaded from central: https://repo.maven.apache.org/maven2/org/apache/maven/maven-repository-metadata/3.0/maven-repository-metadata-3.0.jar (30 kB at 752 kB/s)
[12d31cbd-27c5-425c-be86-788626ed9cf0/build]   | [INFO] Downloading from central: https://repo.maven.apache.org/maven2/org/sonatype/aether/aether-spi/1.7/aether-spi-1.7.jar
[12d31cbd-27c5-425c-be86-788626ed9cf0/build]   | [INFO] Downloaded from central: https://repo.maven.apache.org/maven2/org/apache/maven/maven-settings-builder/3.0/maven-settings-builder-3.0.jar (38 kB at 944 kB/s)
[12d31cbd-27c5-425c-be86-788626ed9cf0/build]   | [INFO] Downloading from central: https://repo.maven.apache.org/maven2/org/sonatype/aether/aether-api/1.7/aether-api-1.7.jar
[12d31cbd-27c5-425c-be86-788626ed9cf0/build]   | [INFO] Downloaded from central: https://repo.maven.apache.org/maven2/org/apache/maven/maven-aether-provider/3.0/maven-aether-provider-3.0.jar (51 kB at 966 kB/s)
[12d31cbd-27c5-425c-be86-788626ed9cf0/build]   | [INFO] Downloading from central: https://repo.maven.apache.org/maven2/org/sonatype/aether/aether-util/1.7/aether-util-1.7.jar
[12d31cbd-27c5-425c-be86-788626ed9cf0/build]   | [INFO] Downloaded from central: https://repo.maven.apache.org/maven2/org/sonatype/aether/aether-spi/1.7/aether-spi-1.7.jar (14 kB at 238 kB/s)
[12d31cbd-27c5-425c-be86-788626ed9cf0/build]   | [INFO] Downloading from central: https://repo.maven.apache.org/maven2/org/codehaus/plexus/plexus-classworlds/2.2.3/plexus-classworlds-2.2.3.jar
[12d31cbd-27c5-425c-be86-788626ed9cf0/build]   | [INFO] Downloaded from central: https://repo.maven.apache.org/maven2/org/sonatype/aether/aether-impl/1.7/aether-impl-1.7.jar (106 kB at 1.9 MB/s)
[12d31cbd-27c5-425c-be86-788626ed9cf0/build]   | [INFO] Downloading from central: https://repo.maven.apache.org/maven2/org/codehaus/plexus/plexus-component-annotations/1.6/plexus-component-annotations-1.6.jar
[12d31cbd-27c5-425c-be86-788626ed9cf0/build]   | [INFO] Downloaded from central: https://repo.maven.apache.org/maven2/org/sonatype/aether/aether-api/1.7/aether-api-1.7.jar (74 kB at 1.3 MB/s)
[12d31cbd-27c5-425c-be86-788626ed9cf0/build]   | [INFO] Downloading from central: https://repo.maven.apache.org/maven2/org/sonatype/plexus/plexus-sec-dispatcher/1.3/plexus-sec-dispatcher-1.3.jar
[12d31cbd-27c5-425c-be86-788626ed9cf0/build]   | [INFO] Downloaded from central: https://repo.maven.apache.org/maven2/org/apache/maven/maven-model-builder/3.0/maven-model-builder-3.0.jar (148 kB at 2.5 MB/s)
[12d31cbd-27c5-425c-be86-788626ed9cf0/build]   | [INFO] Downloading from central: https://repo.maven.apache.org/maven2/org/sonatype/plexus/plexus-cipher/1.4/plexus-cipher-1.4.jar
[12d31cbd-27c5-425c-be86-788626ed9cf0/build]   | [INFO] Downloaded from central: https://repo.maven.apache.org/maven2/org/codehaus/plexus/plexus-classworlds/2.2.3/plexus-classworlds-2.2.3.jar (46 kB at 640 kB/s)
[12d31cbd-27c5-425c-be86-788626ed9cf0/build]   | [INFO] Downloaded from central: https://repo.maven.apache.org/maven2/org/codehaus/plexus/plexus-component-annotations/1.6/plexus-component-annotations-1.6.jar (4.3 kB at 59 kB/s)
[12d31cbd-27c5-425c-be86-788626ed9cf0/build]   | [INFO] Downloading from central: https://repo.maven.apache.org/maven2/org/apache/maven/maven-model/3.0/maven-model-3.0.jar
[12d31cbd-27c5-425c-be86-788626ed9cf0/build]   | [INFO] Downloading from central: https://repo.maven.apache.org/maven2/org/codehaus/plexus/plexus-utils/3.0.24/plexus-utils-3.0.24.jar
[12d31cbd-27c5-425c-be86-788626ed9cf0/build]   | [INFO] Downloaded from central: https://repo.maven.apache.org/maven2/org/sonatype/plexus/plexus-sec-dispatcher/1.3/plexus-sec-dispatcher-1.3.jar (29 kB at 397 kB/s)
[12d31cbd-27c5-425c-be86-788626ed9cf0/build]   | [INFO] Downloading from central: https://repo.maven.apache.org/maven2/org/apache/maven/shared/maven-filtering/3.1.1/maven-filtering-3.1.1.jar
[12d31cbd-27c5-425c-be86-788626ed9cf0/build]   | [INFO] Downloaded from central: https://repo.maven.apache.org/maven2/org/sonatype/aether/aether-util/1.7/aether-util-1.7.jar (108 kB at 1.5 MB/s)
[12d31cbd-27c5-425c-be86-788626ed9cf0/build]   | [INFO] Downloading from central: https://repo.maven.apache.org/maven2/org/apache/maven/shared/maven-shared-utils/3.0.0/maven-shared-utils-3.0.0.jar
[12d31cbd-27c5-425c-be86-788626ed9cf0/build]   | [INFO] Downloaded from central: https://repo.maven.apache.org/maven2/org/sonatype/plexus/plexus-cipher/1.4/plexus-cipher-1.4.jar (13 kB at 180 kB/s)
[12d31cbd-27c5-425c-be86-788626ed9cf0/build]   | [INFO] Downloading from central: https://repo.maven.apache.org/maven2/com/google/code/findbugs/jsr305/2.0.1/jsr305-2.0.1.jar
[12d31cbd-27c5-425c-be86-788626ed9cf0/build]   | [INFO] Downloaded from central: https://repo.maven.apache.org/maven2/org/apache/maven/shared/maven-filtering/3.1.1/maven-filtering-3.1.1.jar (51 kB at 577 kB/s)
[12d31cbd-27c5-425c-be86-788626ed9cf0/build]   | [INFO] Downloading from central: https://repo.maven.apache.org/maven2/org/sonatype/plexus/plexus-build-api/0.0.7/plexus-build-api-0.0.7.jar
[12d31cbd-27c5-425c-be86-788626ed9cf0/build]   | [INFO] Downloaded from central: https://repo.maven.apache.org/maven2/com/google/code/findbugs/jsr305/2.0.1/jsr305-2.0.1.jar (32 kB at 339 kB/s)
[12d31cbd-27c5-425c-be86-788626ed9cf0/build]   | [INFO] Downloading from central: https://repo.maven.apache.org/maven2/commons-io/commons-io/2.5/commons-io-2.5.jar
[12d31cbd-27c5-425c-be86-788626ed9cf0/build]   | [INFO] Downloaded from central: https://repo.maven.apache.org/maven2/org/apache/maven/shared/maven-shared-utils/3.0.0/maven-shared-utils-3.0.0.jar (155 kB at 1.6 MB/s)
[12d31cbd-27c5-425c-be86-788626ed9cf0/build]   | [INFO] Downloading from central: https://repo.maven.apache.org/maven2/org/codehaus/plexus/plexus-interpolation/1.24/plexus-interpolation-1.24.jar
[12d31cbd-27c5-425c-be86-788626ed9cf0/build]   | [INFO] Downloaded from central: https://repo.maven.apache.org/maven2/org/codehaus/plexus/plexus-utils/3.0.24/plexus-utils-3.0.24.jar (247 kB at 2.5 MB/s)
[12d31cbd-27c5-425c-be86-788626ed9cf0/build]   | [INFO] Downloaded from central: https://repo.maven.apache.org/maven2/org/apache/maven/maven-model/3.0/maven-model-3.0.jar (165 kB at 1.6 MB/s)
[12d31cbd-27c5-425c-be86-788626ed9cf0/build]   | [INFO] Downloaded from central: https://repo.maven.apache.org/maven2/org/sonatype/plexus/plexus-build-api/0.0.7/plexus-build-api-0.0.7.jar (8.5 kB at 85 kB/s)
[12d31cbd-27c5-425c-be86-788626ed9cf0/build]   | [INFO] Downloaded from central: https://repo.maven.apache.org/maven2/org/codehaus/plexus/plexus-interpolation/1.24/plexus-interpolation-1.24.jar (79 kB at 698 kB/s)
[12d31cbd-27c5-425c-be86-788626ed9cf0/build]   | [INFO] Downloaded from central: https://repo.maven.apache.org/maven2/commons-io/commons-io/2.5/commons-io-2.5.jar (209 kB at 1.8 MB/s)
[12d31cbd-27c5-425c-be86-788626ed9cf0/build]   | [INFO] Using 'UTF-8' encoding to copy filtered resources.
[12d31cbd-27c5-425c-be86-788626ed9cf0/build]   | [INFO] skip non existing resourceDirectory /tmp/7c89ba32-9821-4414-b02d-b9cbb015ffa7/src/main/resources
[12d31cbd-27c5-425c-be86-788626ed9cf0/build]   | [INFO] 
[12d31cbd-27c5-425c-be86-788626ed9cf0/build]   | [INFO] --- maven-compiler-plugin:3.8.0:compile (default-compile) @ java-solutions ---
[12d31cbd-27c5-425c-be86-788626ed9cf0/build]   | [INFO] Downloading from central: https://repo.maven.apache.org/maven2/org/codehaus/plexus/plexus-component-annotations/1.7.1/plexus-component-annotations-1.7.1.pom
[12d31cbd-27c5-425c-be86-788626ed9cf0/build]   | [INFO] Downloaded from central: https://repo.maven.apache.org/maven2/org/codehaus/plexus/plexus-component-annotations/1.7.1/plexus-component-annotations-1.7.1.pom (770 B at 37 kB/s)
[12d31cbd-27c5-425c-be86-788626ed9cf0/build]   | [INFO] Downloading from central: https://repo.maven.apache.org/maven2/org/codehaus/plexus/plexus-containers/1.7.1/plexus-containers-1.7.1.pom
[12d31cbd-27c5-425c-be86-788626ed9cf0/build]   | [INFO] Downloaded from central: https://repo.maven.apache.org/maven2/org/codehaus/plexus/plexus-containers/1.7.1/plexus-containers-1.7.1.pom (5.0 kB at 296 kB/s)
[12d31cbd-27c5-425c-be86-788626ed9cf0/build]   | [INFO] Downloading from central: https://repo.maven.apache.org/maven2/org/apache/maven/shared/maven-shared-utils/3.2.1/maven-shared-utils-3.2.1.pom
[12d31cbd-27c5-425c-be86-788626ed9cf0/build]   | [INFO] Downloaded from central: https://repo.maven.apache.org/maven2/org/apache/maven/shared/maven-shared-utils/3.2.1/maven-shared-utils-3.2.1.pom (5.6 kB at 331 kB/s)
[12d31cbd-27c5-425c-be86-788626ed9cf0/build]   | [INFO] Downloading from central: https://repo.maven.apache.org/maven2/org/apache/maven/shared/maven-shared-incremental/1.1/maven-shared-incremental-1.1.pom
[12d31cbd-27c5-425c-be86-788626ed9cf0/build]   | [INFO] Downloaded from central: https://repo.maven.apache.org/maven2/org/apache/maven/shared/maven-shared-incremental/1.1/maven-shared-incremental-1.1.pom (4.7 kB at 182 kB/s)
[12d31cbd-27c5-425c-be86-788626ed9cf0/build]   | [INFO] Downloading from central: https://repo.maven.apache.org/maven2/org/apache/maven/shared/maven-shared-components/19/maven-shared-components-19.pom
[12d31cbd-27c5-425c-be86-788626ed9cf0/build]   | [INFO] Downloaded from central: https://repo.maven.apache.org/maven2/org/apache/maven/shared/maven-shared-components/19/maven-shared-components-19.pom (6.4 kB at 374 kB/s)
[12d31cbd-27c5-425c-be86-788626ed9cf0/build]   | [INFO] Downloading from central: https://repo.maven.apache.org/maven2/org/apache/maven/maven-parent/23/maven-parent-23.pom
[12d31cbd-27c5-425c-be86-788626ed9cf0/build]   | [INFO] Downloaded from central: https://repo.maven.apache.org/maven2/org/apache/maven/maven-parent/23/maven-parent-23.pom (33 kB at 1.5 MB/s)
[12d31cbd-27c5-425c-be86-788626ed9cf0/build]   | [INFO] Downloading from central: https://repo.maven.apache.org/maven2/org/apache/apache/13/apache-13.pom
[12d31cbd-27c5-425c-be86-788626ed9cf0/build]   | [INFO] Downloaded from central: https://repo.maven.apache.org/maven2/org/apache/apache/13/apache-13.pom (14 kB at 735 kB/s)
[12d31cbd-27c5-425c-be86-788626ed9cf0/build]   | [INFO] Downloading from central: https://repo.maven.apache.org/maven2/org/apache/maven/maven-plugin-api/2.2.1/maven-plugin-api-2.2.1.pom
[12d31cbd-27c5-425c-be86-788626ed9cf0/build]   | [INFO] Downloaded from central: https://repo.maven.apache.org/maven2/org/apache/maven/maven-plugin-api/2.2.1/maven-plugin-api-2.2.1.pom (1.5 kB at 49 kB/s)
[12d31cbd-27c5-425c-be86-788626ed9cf0/build]   | [INFO] Downloading from central: https://repo.maven.apache.org/maven2/org/apache/maven/maven/2.2.1/maven-2.2.1.pom
[12d31cbd-27c5-425c-be86-788626ed9cf0/build]   | [INFO] Downloaded from central: https://repo.maven.apache.org/maven2/org/apache/maven/maven/2.2.1/maven-2.2.1.pom (22 kB at 773 kB/s)
[12d31cbd-27c5-425c-be86-788626ed9cf0/build]   | [INFO] Downloading from central: https://repo.maven.apache.org/maven2/org/apache/maven/maven-parent/11/maven-parent-11.pom
[12d31cbd-27c5-425c-be86-788626ed9cf0/build]   | [INFO] Downloaded from central: https://repo.maven.apache.org/maven2/org/apache/maven/maven-parent/11/maven-parent-11.pom (32 kB at 1.5 MB/s)
[12d31cbd-27c5-425c-be86-788626ed9cf0/build]   | [INFO] Downloading from central: https://repo.maven.apache.org/maven2/org/apache/apache/5/apache-5.pom
[12d31cbd-27c5-425c-be86-788626ed9cf0/build]   | [INFO] Downloaded from central: https://repo.maven.apache.org/maven2/org/apache/apache/5/apache-5.pom (4.1 kB at 114 kB/s)
[12d31cbd-27c5-425c-be86-788626ed9cf0/build]   | [INFO] Downloading from central: https://repo.maven.apache.org/maven2/org/apache/maven/maven-core/2.2.1/maven-core-2.2.1.pom
[12d31cbd-27c5-425c-be86-788626ed9cf0/build]   | [INFO] Downloaded from central: https://repo.maven.apache.org/maven2/org/apache/maven/maven-core/2.2.1/maven-core-2.2.1.pom (12 kB at 332 kB/s)
[12d31cbd-27c5-425c-be86-788626ed9cf0/build]   | [INFO] Downloading from central: https://repo.maven.apache.org/maven2/org/apache/maven/maven-settings/2.2.1/maven-settings-2.2.1.pom
[12d31cbd-27c5-425c-be86-788626ed9cf0/build]   | [INFO] Downloaded from central: https://repo.maven.apache.org/maven2/org/apache/maven/maven-settings/2.2.1/maven-settings-2.2.1.pom (2.2 kB at 59 kB/s)
[12d31cbd-27c5-425c-be86-788626ed9cf0/build]   | [INFO] Downloading from central: https://repo.maven.apache.org/maven2/org/apache/maven/maven-model/2.2.1/maven-model-2.2.1.pom
[12d31cbd-27c5-425c-be86-788626ed9cf0/build]   | [INFO] Downloaded from central: https://repo.maven.apache.org/maven2/org/apache/maven/maven-model/2.2.1/maven-model-2.2.1.pom (3.2 kB at 83 kB/s)
[12d31cbd-27c5-425c-be86-788626ed9cf0/build]   | [INFO] Downloading from central: https://repo.maven.apache.org/maven2/org/codehaus/plexus/plexus-utils/1.5.15/plexus-utils-1.5.15.pom
[12d31cbd-27c5-425c-be86-788626ed9cf0/build]   | [INFO] Downloaded from central: https://repo.maven.apache.org/maven2/org/codehaus/plexus/plexus-utils/1.5.15/plexus-utils-1.5.15.pom (6.8 kB at 403 kB/s)
[12d31cbd-27c5-425c-be86-788626ed9cf0/build]   | [INFO] Downloading from central: https://repo.maven.apache.org/maven2/org/codehaus/plexus/plexus-interpolation/1.11/plexus-interpolation-1.11.pom
[12d31cbd-27c5-425c-be86-788626ed9cf0/build]   | [INFO] Downloaded from central: https://repo.maven.apache.org/maven2/org/codehaus/plexus/plexus-interpolation/1.11/plexus-interpolation-1.11.pom (889 B at 37 kB/s)
[12d31cbd-27c5-425c-be86-788626ed9cf0/build]   | [INFO] Downloading from central: https://repo.maven.apache.org/maven2/org/codehaus/plexus/plexus-components/1.1.14/plexus-components-1.1.14.pom
[12d31cbd-27c5-425c-be86-788626ed9cf0/build]   | [INFO] Downloaded from central: https://repo.maven.apache.org/maven2/org/codehaus/plexus/plexus-components/1.1.14/plexus-components-1.1.14.pom (5.8 kB at 389 kB/s)
[12d31cbd-27c5-425c-be86-788626ed9cf0/build]   | [INFO] Downloading from central: https://repo.maven.apache.org/maven2/org/apache/maven/maven-plugin-parameter-documenter/2.2.1/maven-plugin-parameter-documenter-2.2.1.pom
[12d31cbd-27c5-425c-be86-788626ed9cf0/build]   | [INFO] Downloaded from central: https://repo.maven.apache.org/maven2/org/apache/maven/maven-plugin-parameter-documenter/2.2.1/maven-plugin-parameter-documenter-2.2.1.pom (2.0 kB at 280 kB/s)
[12d31cbd-27c5-425c-be86-788626ed9cf0/build]   | [INFO] Downloading from central: https://repo.maven.apache.org/maven2/org/slf4j/slf4j-jdk14/1.5.6/slf4j-jdk14-1.5.6.pom
[12d31cbd-27c5-425c-be86-788626ed9cf0/build]   | [INFO] Downloaded from central: https://repo.maven.apache.org/maven2/org/slf4j/slf4j-jdk14/1.5.6/slf4j-jdk14-1.5.6.pom (1.9 kB at 136 kB/s)
[12d31cbd-27c5-425c-be86-788626ed9cf0/build]   | [INFO] Downloading from central: https://repo.maven.apache.org/maven2/org/slf4j/slf4j-parent/1.5.6/slf4j-parent-1.5.6.pom
[12d31cbd-27c5-425c-be86-788626ed9cf0/build]   | [INFO] Downloaded from central: https://repo.maven.apache.org/maven2/org/slf4j/slf4j-parent/1.5.6/slf4j-parent-1.5.6.pom (7.9 kB at 377 kB/s)
[12d31cbd-27c5-425c-be86-788626ed9cf0/build]   | [INFO] Downloading from central: https://repo.maven.apache.org/maven2/org/slf4j/slf4j-api/1.5.6/slf4j-api-1.5.6.pom
[12d31cbd-27c5-425c-be86-788626ed9cf0/build]   | [INFO] Downloaded from central: https://repo.maven.apache.org/maven2/org/slf4j/slf4j-api/1.5.6/slf4j-api-1.5.6.pom (3.0 kB at 332 kB/s)
[12d31cbd-27c5-425c-be86-788626ed9cf0/build]   | [INFO] Downloading from central: https://repo.maven.apache.org/maven2/org/slf4j/jcl-over-slf4j/1.5.6/jcl-over-slf4j-1.5.6.pom
[12d31cbd-27c5-425c-be86-788626ed9cf0/build]   | [INFO] Downloaded from central: https://repo.maven.apache.org/maven2/org/slf4j/jcl-over-slf4j/1.5.6/jcl-over-slf4j-1.5.6.pom (2.2 kB at 362 kB/s)
[12d31cbd-27c5-425c-be86-788626ed9cf0/build]   | [INFO] Downloading from central: https://repo.maven.apache.org/maven2/org/apache/maven/maven-profile/2.2.1/maven-profile-2.2.1.pom
[12d31cbd-27c5-425c-be86-788626ed9cf0/build]   | [INFO] Downloaded from central: https://repo.maven.apache.org/maven2/org/apache/maven/maven-profile/2.2.1/maven-profile-2.2.1.pom (2.2 kB at 310 kB/s)
[12d31cbd-27c5-425c-be86-788626ed9cf0/build]   | [INFO] Downloading from central: https://repo.maven.apache.org/maven2/org/apache/maven/maven-artifact/2.2.1/maven-artifact-2.2.1.pom
[12d31cbd-27c5-425c-be86-788626ed9cf0/build]   | [INFO] Downloaded from central: https://repo.maven.apache.org/maven2/org/apache/maven/maven-artifact/2.2.1/maven-artifact-2.2.1.pom (1.6 kB at 198 kB/s)
[12d31cbd-27c5-425c-be86-788626ed9cf0/build]   | [INFO] Downloading from central: https://repo.maven.apache.org/maven2/org/apache/maven/maven-repository-metadata/2.2.1/maven-repository-metadata-2.2.1.pom
[12d31cbd-27c5-425c-be86-788626ed9cf0/build]   | [INFO] Downloaded from central: https://repo.maven.apache.org/maven2/org/apache/maven/maven-repository-metadata/2.2.1/maven-repository-metadata-2.2.1.pom (1.9 kB at 267 kB/s)
[12d31cbd-27c5-425c-be86-788626ed9cf0/build]   | [INFO] Downloading from central: https://repo.maven.apache.org/maven2/org/apache/maven/maven-error-diagnostics/2.2.1/maven-error-diagnostics-2.2.1.pom
[12d31cbd-27c5-425c-be86-788626ed9cf0/build]   | [INFO] Downloaded from central: https://repo.maven.apache.org/maven2/org/apache/maven/maven-error-diagnostics/2.2.1/maven-error-diagnostics-2.2.1.pom (1.7 kB at 131 kB/s)
[12d31cbd-27c5-425c-be86-788626ed9cf0/build]   | [INFO] Downloading from central: https://repo.maven.apache.org/maven2/org/apache/maven/maven-project/2.2.1/maven-project-2.2.1.pom
[12d31cbd-27c5-425c-be86-788626ed9cf0/build]   | [INFO] Downloaded from central: https://repo.maven.apache.org/maven2/org/apache/maven/maven-project/2.2.1/maven-project-2.2.1.pom (2.8 kB at 252 kB/s)
[12d31cbd-27c5-425c-be86-788626ed9cf0/build]   | [INFO] Downloading from central: https://repo.maven.apache.org/maven2/org/apache/maven/maven-artifact-manager/2.2.1/maven-artifact-manager-2.2.1.pom
[12d31cbd-27c5-425c-be86-788626ed9cf0/build]   | [INFO] Downloaded from central: https://repo.maven.apache.org/maven2/org/apache/maven/maven-artifact-manager/2.2.1/maven-artifact-manager-2.2.1.pom (3.1 kB at 62 kB/s)
[12d31cbd-27c5-425c-be86-788626ed9cf0/build]   | [INFO] Downloading from central: https://repo.maven.apache.org/maven2/backport-util-concurrent/backport-util-concurrent/3.1/backport-util-concurrent-3.1.pom
[12d31cbd-27c5-425c-be86-788626ed9cf0/build]   | [INFO] Downloaded from central: https://repo.maven.apache.org/maven2/backport-util-concurrent/backport-util-concurrent/3.1/backport-util-concurrent-3.1.pom (880 B at 73 kB/s)
[12d31cbd-27c5-425c-be86-788626ed9cf0/build]   | [INFO] Downloading from central: https://repo.maven.apache.org/maven2/org/apache/maven/maven-plugin-registry/2.2.1/maven-plugin-registry-2.2.1.pom
[12d31cbd-27c5-425c-be86-788626ed9cf0/build]   | [INFO] Downloaded from central: https://repo.maven.apache.org/maven2/org/apache/maven/maven-plugin-registry/2.2.1/maven-plugin-registry-2.2.1.pom (1.9 kB at 175 kB/s)
[12d31cbd-27c5-425c-be86-788626ed9cf0/build]   | [INFO] Downloading from central: https://repo.maven.apache.org/maven2/org/apache/maven/maven-plugin-descriptor/2.2.1/maven-plugin-descriptor-2.2.1.pom
[12d31cbd-27c5-425c-be86-788626ed9cf0/build]   | [INFO] Downloaded from central: https://repo.maven.apache.org/maven2/org/apache/maven/maven-plugin-descriptor/2.2.1/maven-plugin-descriptor-2.2.1.pom (2.1 kB at 229 kB/s)
[12d31cbd-27c5-425c-be86-788626ed9cf0/build]   | [INFO] Downloading from central: https://repo.maven.apache.org/maven2/org/apache/maven/maven-monitor/2.2.1/maven-monitor-2.2.1.pom
[12d31cbd-27c5-425c-be86-788626ed9cf0/build]   | [INFO] Downloaded from central: https://repo.maven.apache.org/maven2/org/apache/maven/maven-monitor/2.2.1/maven-monitor-2.2.1.pom (1.3 kB at 126 kB/s)
[12d31cbd-27c5-425c-be86-788626ed9cf0/build]   | [INFO] Downloading from central: https://repo.maven.apache.org/maven2/org/apache/maven/shared/maven-shared-utils/0.1/maven-shared-utils-0.1.pom
[12d31cbd-27c5-425c-be86-788626ed9cf0/build]   | [INFO] Downloaded from central: https://repo.maven.apache.org/maven2/org/apache/maven/shared/maven-shared-utils/0.1/maven-shared-utils-0.1.pom (4.0 kB at 506 kB/s)
[12d31cbd-27c5-425c-be86-788626ed9cf0/build]   | [INFO] Downloading from central: https://repo.maven.apache.org/maven2/org/apache/maven/shared/maven-shared-components/18/maven-shared-components-18.pom
[12d31cbd-27c5-425c-be86-788626ed9cf0/build]   | [INFO] Downloaded from central: https://repo.maven.apache.org/maven2/org/apache/maven/shared/maven-shared-components/18/maven-shared-components-18.pom (4.9 kB at 548 kB/s)
[12d31cbd-27c5-425c-be86-788626ed9cf0/build]   | [INFO] Downloading from central: https://repo.maven.apache.org/maven2/org/apache/maven/maven-parent/22/maven-parent-22.pom
[12d31cbd-27c5-425c-be86-788626ed9cf0/build]   | [INFO] Downloaded from central: https://repo.maven.apache.org/maven2/org/apache/maven/maven-parent/22/maven-parent-22.pom (30 kB at 3.7 MB/s)
[12d31cbd-27c5-425c-be86-788626ed9cf0/build]   | [INFO] Downloading from central: https://repo.maven.apache.org/maven2/org/apache/apache/11/apache-11.pom
[12d31cbd-27c5-425c-be86-788626ed9cf0/build]   | [INFO] Downloaded from central: https://repo.maven.apache.org/maven2/org/apache/apache/11/apache-11.pom (15 kB at 1.9 MB/s)
[12d31cbd-27c5-425c-be86-788626ed9cf0/build]   | [INFO] Downloading from central: https://repo.maven.apache.org/maven2/org/codehaus/plexus/plexus-java/0.9.10/plexus-java-0.9.10.pom
[12d31cbd-27c5-425c-be86-788626ed9cf0/build]   | [INFO] Downloaded from central: https://repo.maven.apache.org/maven2/org/codehaus/plexus/plexus-java/0.9.10/plexus-java-0.9.10.pom (5.1 kB at 638 kB/s)
[12d31cbd-27c5-425c-be86-788626ed9cf0/build]   | [INFO] Downloading from central: https://repo.maven.apache.org/maven2/org/codehaus/plexus/plexus-languages/0.9.10/plexus-languages-0.9.10.pom
[12d31cbd-27c5-425c-be86-788626ed9cf0/build]   | [INFO] Downloaded from central: https://repo.maven.apache.org/maven2/org/codehaus/plexus/plexus-languages/0.9.10/plexus-languages-0.9.10.pom (4.1 kB at 690 kB/s)
[12d31cbd-27c5-425c-be86-788626ed9cf0/build]   | [INFO] Downloading from central: https://repo.maven.apache.org/maven2/org/ow2/asm/asm/6.2/asm-6.2.pom
[12d31cbd-27c5-425c-be86-788626ed9cf0/build]   | [INFO] Downloaded from central: https://repo.maven.apache.org/maven2/org/ow2/asm/asm/6.2/asm-6.2.pom (2.9 kB at 267 kB/s)
[12d31cbd-27c5-425c-be86-788626ed9cf0/build]   | [INFO] Downloading from central: https://repo.maven.apache.org/maven2/org/ow2/ow2/1.5/ow2-1.5.pom
[12d31cbd-27c5-425c-be86-788626ed9cf0/build]   | [INFO] Downloaded from central: https://repo.maven.apache.org/maven2/org/ow2/ow2/1.5/ow2-1.5.pom (11 kB at 702 kB/s)
[12d31cbd-27c5-425c-be86-788626ed9cf0/build]   | [INFO] Downloading from central: https://repo.maven.apache.org/maven2/com/thoughtworks/qdox/qdox/2.0-M9/qdox-2.0-M9.pom
[12d31cbd-27c5-425c-be86-788626ed9cf0/build]   | [INFO] Downloaded from central: https://repo.maven.apache.org/maven2/com/thoughtworks/qdox/qdox/2.0-M9/qdox-2.0-M9.pom (16 kB at 1.1 MB/s)
[12d31cbd-27c5-425c-be86-788626ed9cf0/build]   | [INFO] Downloading from central: https://repo.maven.apache.org/maven2/org/codehaus/plexus/plexus-compiler-api/2.8.4/plexus-compiler-api-2.8.4.pom
[12d31cbd-27c5-425c-be86-788626ed9cf0/build]   | [INFO] Downloaded from central: https://repo.maven.apache.org/maven2/org/codehaus/plexus/plexus-compiler-api/2.8.4/plexus-compiler-api-2.8.4.pom (867 B at 51 kB/s)
[12d31cbd-27c5-425c-be86-788626ed9cf0/build]   | [INFO] Downloading from central: https://repo.maven.apache.org/maven2/org/codehaus/plexus/plexus-compiler/2.8.4/plexus-compiler-2.8.4.pom
[12d31cbd-27c5-425c-be86-788626ed9cf0/build]   | [INFO] Downloaded from central: https://repo.maven.apache.org/maven2/org/codehaus/plexus/plexus-compiler/2.8.4/plexus-compiler-2.8.4.pom (6.0 kB at 355 kB/s)
[12d31cbd-27c5-425c-be86-788626ed9cf0/build]   | [INFO] Downloading from central: https://repo.maven.apache.org/maven2/org/codehaus/plexus/plexus-components/4.0/plexus-components-4.0.pom
[12d31cbd-27c5-425c-be86-788626ed9cf0/build]   | [INFO] Downloaded from central: https://repo.maven.apache.org/maven2/org/codehaus/plexus/plexus-components/4.0/plexus-components-4.0.pom (2.7 kB at 295 kB/s)
[12d31cbd-27c5-425c-be86-788626ed9cf0/build]   | [INFO] Downloading from central: https://repo.maven.apache.org/maven2/org/codehaus/plexus/plexus-utils/3.0.22/plexus-utils-3.0.22.pom
[12d31cbd-27c5-425c-be86-788626ed9cf0/build]   | [INFO] Downloaded from central: https://repo.maven.apache.org/maven2/org/codehaus/plexus/plexus-utils/3.0.22/plexus-utils-3.0.22.pom (3.8 kB at 295 kB/s)
[12d31cbd-27c5-425c-be86-788626ed9cf0/build]   | [INFO] Downloading from central: https://repo.maven.apache.org/maven2/org/codehaus/plexus/plexus-compiler-manager/2.8.4/plexus-compiler-manager-2.8.4.pom
[12d31cbd-27c5-425c-be86-788626ed9cf0/build]   | [INFO] Downloaded from central: https://repo.maven.apache.org/maven2/org/codehaus/plexus/plexus-compiler-manager/2.8.4/plexus-compiler-manager-2.8.4.pom (692 B at 28 kB/s)
[12d31cbd-27c5-425c-be86-788626ed9cf0/build]   | [INFO] Downloading from central: https://repo.maven.apache.org/maven2/org/codehaus/plexus/plexus-compiler-javac/2.8.4/plexus-compiler-javac-2.8.4.pom
[12d31cbd-27c5-425c-be86-788626ed9cf0/build]   | [INFO] Downloaded from central: https://repo.maven.apache.org/maven2/org/codehaus/plexus/plexus-compiler-javac/2.8.4/plexus-compiler-javac-2.8.4.pom (771 B at 55 kB/s)
[12d31cbd-27c5-425c-be86-788626ed9cf0/build]   | [INFO] Downloading from central: https://repo.maven.apache.org/maven2/org/codehaus/plexus/plexus-compilers/2.8.4/plexus-compilers-2.8.4.pom
[12d31cbd-27c5-425c-be86-788626ed9cf0/build]   | [INFO] Downloaded from central: https://repo.maven.apache.org/maven2/org/codehaus/plexus/plexus-compilers/2.8.4/plexus-compilers-2.8.4.pom (1.3 kB at 149 kB/s)
[12d31cbd-27c5-425c-be86-788626ed9cf0/build]   | [INFO] Downloading from central: https://repo.maven.apache.org/maven2/org/codehaus/plexus/plexus-utils/2.0.4/plexus-utils-2.0.4.jar
[12d31cbd-27c5-425c-be86-788626ed9cf0/build]   | [INFO] Downloading from central: https://repo.maven.apache.org/maven2/org/codehaus/plexus/plexus-interpolation/1.14/plexus-interpolation-1.14.jar
[12d31cbd-27c5-425c-be86-788626ed9cf0/build]   | [INFO] Downloading from central: https://repo.maven.apache.org/maven2/org/codehaus/plexus/plexus-component-annotations/1.7.1/plexus-component-annotations-1.7.1.jar
[12d31cbd-27c5-425c-be86-788626ed9cf0/build]   | [INFO] Downloading from central: https://repo.maven.apache.org/maven2/org/apache/maven/shared/maven-shared-utils/3.2.1/maven-shared-utils-3.2.1.jar
[12d31cbd-27c5-425c-be86-788626ed9cf0/build]   | [INFO] Downloading from central: https://repo.maven.apache.org/maven2/org/apache/maven/shared/maven-shared-incremental/1.1/maven-shared-incremental-1.1.jar
[12d31cbd-27c5-425c-be86-788626ed9cf0/build]   | [INFO] Downloaded from central: https://repo.maven.apache.org/maven2/org/apache/maven/shared/maven-shared-incremental/1.1/maven-shared-incremental-1.1.jar (14 kB at 338 kB/s)
[12d31cbd-27c5-425c-be86-788626ed9cf0/build]   | [INFO] Downloading from central: https://repo.maven.apache.org/maven2/org/codehaus/plexus/plexus-java/0.9.10/plexus-java-0.9.10.jar
[12d31cbd-27c5-425c-be86-788626ed9cf0/build]   | [INFO] Downloaded from central: https://repo.maven.apache.org/maven2/org/codehaus/plexus/plexus-component-annotations/1.7.1/plexus-component-annotations-1.7.1.jar (4.3 kB at 107 kB/s)
[12d31cbd-27c5-425c-be86-788626ed9cf0/build]   | [INFO] Downloading from central: https://repo.maven.apache.org/maven2/org/ow2/asm/asm/6.2/asm-6.2.jar
[12d31cbd-27c5-425c-be86-788626ed9cf0/build]   | [INFO] Downloaded from central: https://repo.maven.apache.org/maven2/org/codehaus/plexus/plexus-utils/2.0.4/plexus-utils-2.0.4.jar (222 kB at 5.6 MB/s)
[12d31cbd-27c5-425c-be86-788626ed9cf0/build]   | [INFO] Downloading from central: https://repo.maven.apache.org/maven2/com/thoughtworks/qdox/qdox/2.0-M9/qdox-2.0-M9.jar
[12d31cbd-27c5-425c-be86-788626ed9cf0/build]   | [INFO] Downloaded from central: https://repo.maven.apache.org/maven2/org/apache/maven/shared/maven-shared-utils/3.2.1/maven-shared-utils-3.2.1.jar (167 kB at 3.9 MB/s)
[12d31cbd-27c5-425c-be86-788626ed9cf0/build]   | [INFO] Downloading from central: https://repo.maven.apache.org/maven2/org/codehaus/plexus/plexus-compiler-api/2.8.4/plexus-compiler-api-2.8.4.jar
[12d31cbd-27c5-425c-be86-788626ed9cf0/build]   | [INFO] Downloaded from central: https://repo.maven.apache.org/maven2/org/codehaus/plexus/plexus-interpolation/1.14/plexus-interpolation-1.14.jar (61 kB at 969 kB/s)
[12d31cbd-27c5-425c-be86-788626ed9cf0/build]   | [INFO] Downloading from central: https://repo.maven.apache.org/maven2/org/codehaus/plexus/plexus-compiler-manager/2.8.4/plexus-compiler-manager-2.8.4.jar
[12d31cbd-27c5-425c-be86-788626ed9cf0/build]   | [INFO] Downloaded from central: https://repo.maven.apache.org/maven2/org/codehaus/plexus/plexus-java/0.9.10/plexus-java-0.9.10.jar (39 kB at 597 kB/s)
[12d31cbd-27c5-425c-be86-788626ed9cf0/build]   | [INFO] Downloading from central: https://repo.maven.apache.org/maven2/org/codehaus/plexus/plexus-compiler-javac/2.8.4/plexus-compiler-javac-2.8.4.jar
[12d31cbd-27c5-425c-be86-788626ed9cf0/build]   | [INFO] Downloaded from central: https://repo.maven.apache.org/maven2/org/ow2/asm/asm/6.2/asm-6.2.jar (111 kB at 1.7 MB/s)
[12d31cbd-27c5-425c-be86-788626ed9cf0/build]   | [INFO] Downloaded from central: https://repo.maven.apache.org/maven2/com/thoughtworks/qdox/qdox/2.0-M9/qdox-2.0-M9.jar (317 kB at 4.7 MB/s)
[12d31cbd-27c5-425c-be86-788626ed9cf0/build]   | [INFO] Downloaded from central: https://repo.maven.apache.org/maven2/org/codehaus/plexus/plexus-compiler-api/2.8.4/plexus-compiler-api-2.8.4.jar (27 kB at 398 kB/s)
[12d31cbd-27c5-425c-be86-788626ed9cf0/build]   | [INFO] Downloaded from central: https://repo.maven.apache.org/maven2/org/codehaus/plexus/plexus-compiler-manager/2.8.4/plexus-compiler-manager-2.8.4.jar (4.7 kB at 58 kB/s)
[12d31cbd-27c5-425c-be86-788626ed9cf0/build]   | [INFO] Downloaded from central: https://repo.maven.apache.org/maven2/org/codehaus/plexus/plexus-compiler-javac/2.8.4/plexus-compiler-javac-2.8.4.jar (21 kB at 259 kB/s)
[12d31cbd-27c5-425c-be86-788626ed9cf0/build]   | [INFO] Changes detected - recompiling the module!
[12d31cbd-27c5-425c-be86-788626ed9cf0/build]   | [INFO] Compiling 274 source files to /tmp/7c89ba32-9821-4414-b02d-b9cbb015ffa7/target/classes
[12d31cbd-27c5-425c-be86-788626ed9cf0/build]   | [INFO] /tmp/7c89ba32-9821-4414-b02d-b9cbb015ffa7/src/main/java/hackerrank/expedia/ReachableEmployees.java: Some input files use unchecked or unsafe operations.
[12d31cbd-27c5-425c-be86-788626ed9cf0/build]   | [INFO] /tmp/7c89ba32-9821-4414-b02d-b9cbb015ffa7/src/main/java/hackerrank/expedia/ReachableEmployees.java: Recompile with -Xlint:unchecked for details.
[12d31cbd-27c5-425c-be86-788626ed9cf0/build]   | [INFO] 
[12d31cbd-27c5-425c-be86-788626ed9cf0/build]   | [INFO] --- maven-resources-plugin:3.0.2:testResources (default-testResources) @ java-solutions ---
[12d31cbd-27c5-425c-be86-788626ed9cf0/build]   | [INFO] Using 'UTF-8' encoding to copy filtered resources.
[12d31cbd-27c5-425c-be86-788626ed9cf0/build]   | [INFO] skip non existing resourceDirectory /tmp/7c89ba32-9821-4414-b02d-b9cbb015ffa7/src/test/resources
[12d31cbd-27c5-425c-be86-788626ed9cf0/build]   | [INFO] 
[12d31cbd-27c5-425c-be86-788626ed9cf0/build]   | [INFO] --- maven-compiler-plugin:3.8.0:testCompile (default-testCompile) @ java-solutions ---
[12d31cbd-27c5-425c-be86-788626ed9cf0/build]   | [INFO] Changes detected - recompiling the module!
[12d31cbd-27c5-425c-be86-788626ed9cf0/build]   | [INFO] Compiling 144 source files to /tmp/7c89ba32-9821-4414-b02d-b9cbb015ffa7/target/test-classes
[12d31cbd-27c5-425c-be86-788626ed9cf0/build]   | [INFO] 
[12d31cbd-27c5-425c-be86-788626ed9cf0/build]   | [INFO] --- maven-surefire-plugin:2.22.1:test (default-test) @ java-solutions ---
[12d31cbd-27c5-425c-be86-788626ed9cf0/build]   | [INFO] Downloading from central: https://repo.maven.apache.org/maven2/org/apache/maven/surefire/maven-surefire-common/2.22.1/maven-surefire-common-2.22.1.pom
[12d31cbd-27c5-425c-be86-788626ed9cf0/build]   | [INFO] Downloaded from central: https://repo.maven.apache.org/maven2/org/apache/maven/surefire/maven-surefire-common/2.22.1/maven-surefire-common-2.22.1.pom (11 kB at 954 kB/s)
[12d31cbd-27c5-425c-be86-788626ed9cf0/build]   | [INFO] Downloading from central: https://repo.maven.apache.org/maven2/org/apache/maven/plugin-tools/maven-plugin-annotations/3.5.2/maven-plugin-annotations-3.5.2.pom
[12d31cbd-27c5-425c-be86-788626ed9cf0/build]   | [INFO] Downloaded from central: https://repo.maven.apache.org/maven2/org/apache/maven/plugin-tools/maven-plugin-annotations/3.5.2/maven-plugin-annotations-3.5.2.pom (1.6 kB at 109 kB/s)
[12d31cbd-27c5-425c-be86-788626ed9cf0/build]   | [INFO] Downloading from central: https://repo.maven.apache.org/maven2/org/apache/maven/plugin-tools/maven-plugin-tools/3.5.2/maven-plugin-tools-3.5.2.pom
[12d31cbd-27c5-425c-be86-788626ed9cf0/build]   | [INFO] Downloaded from central: https://repo.maven.apache.org/maven2/org/apache/maven/plugin-tools/maven-plugin-tools/3.5.2/maven-plugin-tools-3.5.2.pom (15 kB at 496 kB/s)
[12d31cbd-27c5-425c-be86-788626ed9cf0/build]   | [INFO] Downloading from central: https://repo.maven.apache.org/maven2/org/apache/maven/maven-parent/31/maven-parent-31.pom
[12d31cbd-27c5-425c-be86-788626ed9cf0/build]   | [INFO] Downloaded from central: https://repo.maven.apache.org/maven2/org/apache/maven/maven-parent/31/maven-parent-31.pom (43 kB at 1.4 MB/s)
[12d31cbd-27c5-425c-be86-788626ed9cf0/build]   | [INFO] Downloading from central: https://repo.maven.apache.org/maven2/org/apache/apache/19/apache-19.pom
[12d31cbd-27c5-425c-be86-788626ed9cf0/build]   | [INFO] Downloaded from central: https://repo.maven.apache.org/maven2/org/apache/apache/19/apache-19.pom (15 kB at 815 kB/s)
[12d31cbd-27c5-425c-be86-788626ed9cf0/build]   | [INFO] Downloading from central: https://repo.maven.apache.org/maven2/org/apache/maven/surefire/surefire-api/2.22.1/surefire-api-2.22.1.pom
[12d31cbd-27c5-425c-be86-788626ed9cf0/build]   | [INFO] Downloaded from central: https://repo.maven.apache.org/maven2/org/apache/maven/surefire/surefire-api/2.22.1/surefire-api-2.22.1.pom (3.5 kB at 208 kB/s)
[12d31cbd-27c5-425c-be86-788626ed9cf0/build]   | [INFO] Downloading from central: https://repo.maven.apache.org/maven2/org/apache/maven/surefire/surefire-logger-api/2.22.1/surefire-logger-api-2.22.1.pom
[12d31cbd-27c5-425c-be86-788626ed9cf0/build]   | [INFO] Downloaded from central: https://repo.maven.apache.org/maven2/org/apache/maven/surefire/surefire-logger-api/2.22.1/surefire-logger-api-2.22.1.pom (2.0 kB at 163 kB/s)
[12d31cbd-27c5-425c-be86-788626ed9cf0/build]   | [INFO] Downloading from central: https://repo.maven.apache.org/maven2/org/apache/maven/surefire/surefire-booter/2.22.1/surefire-booter-2.22.1.pom
[12d31cbd-27c5-425c-be86-788626ed9cf0/build]   | [INFO] Downloaded from central: https://repo.maven.apache.org/maven2/org/apache/maven/surefire/surefire-booter/2.22.1/surefire-booter-2.22.1.pom (7.5 kB at 248 kB/s)
[12d31cbd-27c5-425c-be86-788626ed9cf0/build]   | [INFO] Downloading from central: https://repo.maven.apache.org/maven2/org/codehaus/plexus/plexus-container-default/1.0-alpha-9-stable-1/plexus-container-default-1.0-alpha-9-stable-1.pom
[12d31cbd-27c5-425c-be86-788626ed9cf0/build]   | [INFO] Downloaded from central: https://repo.maven.apache.org/maven2/org/codehaus/plexus/plexus-container-default/1.0-alpha-9-stable-1/plexus-container-default-1.0-alpha-9-stable-1.pom (3.9 kB at 564 kB/s)
[12d31cbd-27c5-425c-be86-788626ed9cf0/build]   | [INFO] Downloading from central: https://repo.maven.apache.org/maven2/org/codehaus/plexus/plexus-containers/1.0.3/plexus-containers-1.0.3.pom
[12d31cbd-27c5-425c-be86-788626ed9cf0/build]   | [INFO] Downloaded from central: https://repo.maven.apache.org/maven2/org/codehaus/plexus/plexus-containers/1.0.3/plexus-containers-1.0.3.pom (492 B at 38 kB/s)
[12d31cbd-27c5-425c-be86-788626ed9cf0/build]   | [INFO] Downloading from central: https://repo.maven.apache.org/maven2/org/codehaus/plexus/plexus/1.0.4/plexus-1.0.4.pom
[12d31cbd-27c5-425c-be86-788626ed9cf0/build]   | [INFO] Downloaded from central: https://repo.maven.apache.org/maven2/org/codehaus/plexus/plexus/1.0.4/plexus-1.0.4.pom (5.7 kB at 717 kB/s)
[12d31cbd-27c5-425c-be86-788626ed9cf0/build]   | [INFO] Downloading from central: https://repo.maven.apache.org/maven2/junit/junit/4.12/junit-4.12.pom
[12d31cbd-27c5-425c-be86-788626ed9cf0/build]   | [INFO] Downloaded from central: https://repo.maven.apache.org/maven2/junit/junit/4.12/junit-4.12.pom (24 kB at 1.4 MB/s)
[12d31cbd-27c5-425c-be86-788626ed9cf0/build]   | [INFO] Downloading from central: https://repo.maven.apache.org/maven2/org/hamcrest/hamcrest-core/1.3/hamcrest-core-1.3.pom
[12d31cbd-27c5-425c-be86-788626ed9cf0/build]   | [INFO] Downloaded from central: https://repo.maven.apache.org/maven2/org/hamcrest/hamcrest-core/1.3/hamcrest-core-1.3.pom (766 B at 96 kB/s)
[12d31cbd-27c5-425c-be86-788626ed9cf0/build]   | [INFO] Downloading from central: https://repo.maven.apache.org/maven2/org/hamcrest/hamcrest-parent/1.3/hamcrest-parent-1.3.pom
[12d31cbd-27c5-425c-be86-788626ed9cf0/build]   | [INFO] Downloaded from central: https://repo.maven.apache.org/maven2/org/hamcrest/hamcrest-parent/1.3/hamcrest-parent-1.3.pom (2.0 kB at 282 kB/s)
[12d31cbd-27c5-425c-be86-788626ed9cf0/build]   | [INFO] Downloading from central: https://repo.maven.apache.org/maven2/org/codehaus/plexus/plexus-utils/1.0.4/plexus-utils-1.0.4.pom
[12d31cbd-27c5-425c-be86-788626ed9cf0/build]   | [INFO] Downloaded from central: https://repo.maven.apache.org/maven2/org/codehaus/plexus/plexus-utils/1.0.4/plexus-utils-1.0.4.pom (6.9 kB at 762 kB/s)
[12d31cbd-27c5-425c-be86-788626ed9cf0/build]   | [INFO] Downloading from central: https://repo.maven.apache.org/maven2/classworlds/classworlds/1.1-alpha-2/classworlds-1.1-alpha-2.pom
[12d31cbd-27c5-425c-be86-788626ed9cf0/build]   | [INFO] Downloaded from central: https://repo.maven.apache.org/maven2/classworlds/classworlds/1.1-alpha-2/classworlds-1.1-alpha-2.pom (3.1 kB at 521 kB/s)
[12d31cbd-27c5-425c-be86-788626ed9cf0/build]   | [INFO] Downloading from central: https://repo.maven.apache.org/maven2/org/apache/maven/reporting/maven-reporting-api/3.0/maven-reporting-api-3.0.pom
[12d31cbd-27c5-425c-be86-788626ed9cf0/build]   | [INFO] Downloaded from central: https://repo.maven.apache.org/maven2/org/apache/maven/reporting/maven-reporting-api/3.0/maven-reporting-api-3.0.pom (2.4 kB at 237 kB/s)
[12d31cbd-27c5-425c-be86-788626ed9cf0/build]   | [INFO] Downloading from central: https://repo.maven.apache.org/maven2/org/apache/maven/shared/maven-shared-components/15/maven-shared-components-15.pom
[12d31cbd-27c5-425c-be86-788626ed9cf0/build]   | [INFO] Downloaded from central: https://repo.maven.apache.org/maven2/org/apache/maven/shared/maven-shared-components/15/maven-shared-components-15.pom (9.3 kB at 934 kB/s)
[12d31cbd-27c5-425c-be86-788626ed9cf0/build]   | [INFO] Downloading from central: https://repo.maven.apache.org/maven2/org/apache/maven/maven-parent/16/maven-parent-16.pom
[12d31cbd-27c5-425c-be86-788626ed9cf0/build]   | [INFO] Downloaded from central: https://repo.maven.apache.org/maven2/org/apache/maven/maven-parent/16/maven-parent-16.pom (23 kB at 1.8 MB/s)
[12d31cbd-27c5-425c-be86-788626ed9cf0/build]   | [INFO] Downloading from central: https://repo.maven.apache.org/maven2/org/apache/apache/7/apache-7.pom
[12d31cbd-27c5-425c-be86-788626ed9cf0/build]   | [INFO] Downloaded from central: https://repo.maven.apache.org/maven2/org/apache/apache/7/apache-7.pom (14 kB at 2.1 MB/s)
[12d31cbd-27c5-425c-be86-788626ed9cf0/build]   | [INFO] Downloading from central: https://repo.maven.apache.org/maven2/classworlds/classworlds/1.1/classworlds-1.1.pom
[12d31cbd-27c5-425c-be86-788626ed9cf0/build]   | [INFO] Downloaded from central: https://repo.maven.apache.org/maven2/classworlds/classworlds/1.1/classworlds-1.1.pom (3.3 kB at 277 kB/s)
[12d31cbd-27c5-425c-be86-788626ed9cf0/build]   | [INFO] Downloading from central: https://repo.maven.apache.org/maven2/org/apache/maven/maven-toolchain/2.2.1/maven-toolchain-2.2.1.pom
[12d31cbd-27c5-425c-be86-788626ed9cf0/build]   | [INFO] Downloaded from central: https://repo.maven.apache.org/maven2/org/apache/maven/maven-toolchain/2.2.1/maven-toolchain-2.2.1.pom (3.3 kB at 334 kB/s)
[12d31cbd-27c5-425c-be86-788626ed9cf0/build]   | [INFO] Downloading from central: https://repo.maven.apache.org/maven2/com/thoughtworks/qdox/qdox/2.0-M8/qdox-2.0-M8.pom
[12d31cbd-27c5-425c-be86-788626ed9cf0/build]   | [INFO] Downloaded from central: https://repo.maven.apache.org/maven2/com/thoughtworks/qdox/qdox/2.0-M8/qdox-2.0-M8.pom (16 kB at 1.3 MB/s)
[12d31cbd-27c5-425c-be86-788626ed9cf0/build]   | [INFO] Downloading from central: https://repo.maven.apache.org/maven2/org/apache/maven/surefire/maven-surefire-common/2.22.1/maven-surefire-common-2.22.1.jar
[12d31cbd-27c5-425c-be86-788626ed9cf0/build]   | [INFO] Downloading from central: https://repo.maven.apache.org/maven2/org/apache/maven/maven-plugin-api/2.2.1/maven-plugin-api-2.2.1.jar
[12d31cbd-27c5-425c-be86-788626ed9cf0/build]   | [INFO] Downloading from central: https://repo.maven.apache.org/maven2/org/apache/maven/plugin-tools/maven-plugin-annotations/3.5.2/maven-plugin-annotations-3.5.2.jar
[12d31cbd-27c5-425c-be86-788626ed9cf0/build]   | [INFO] Downloading from central: https://repo.maven.apache.org/maven2/org/apache/maven/surefire/surefire-api/2.22.1/surefire-api-2.22.1.jar
[12d31cbd-27c5-425c-be86-788626ed9cf0/build]   | [INFO] Downloading from central: https://repo.maven.apache.org/maven2/org/apache/maven/surefire/surefire-logger-api/2.22.1/surefire-logger-api-2.22.1.jar
[12d31cbd-27c5-425c-be86-788626ed9cf0/build]   | [INFO] Downloaded from central: https://repo.maven.apache.org/maven2/org/apache/maven/maven-plugin-api/2.2.1/maven-plugin-api-2.2.1.jar (12 kB at 728 kB/s)
[12d31cbd-27c5-425c-be86-788626ed9cf0/build]   | [INFO] Downloading from central: https://repo.maven.apache.org/maven2/org/apache/maven/surefire/surefire-booter/2.22.1/surefire-booter-2.22.1.jar
[12d31cbd-27c5-425c-be86-788626ed9cf0/build]   | [INFO] Downloaded from central: https://repo.maven.apache.org/maven2/org/apache/maven/surefire/surefire-api/2.22.1/surefire-api-2.22.1.jar (186 kB at 12 MB/s)
[12d31cbd-27c5-425c-be86-788626ed9cf0/build]   | [INFO] Downloaded from central: https://repo.maven.apache.org/maven2/org/apache/maven/surefire/surefire-logger-api/2.22.1/surefire-logger-api-2.22.1.jar (13 kB at 835 kB/s)
[12d31cbd-27c5-425c-be86-788626ed9cf0/build]   | [INFO] Downloading from central: https://repo.maven.apache.org/maven2/org/apache/maven/maven-artifact/2.2.1/maven-artifact-2.2.1.jar
[12d31cbd-27c5-425c-be86-788626ed9cf0/build]   | [INFO] Downloading from central: https://repo.maven.apache.org/maven2/org/codehaus/plexus/plexus-utils/1.5.15/plexus-utils-1.5.15.jar
[12d31cbd-27c5-425c-be86-788626ed9cf0/build]   | [INFO] Downloaded from central: https://repo.maven.apache.org/maven2/org/apache/maven/plugin-tools/maven-plugin-annotations/3.5.2/maven-plugin-annotations-3.5.2.jar (14 kB at 839 kB/s)
[12d31cbd-27c5-425c-be86-788626ed9cf0/build]   | [INFO] Downloading from central: https://repo.maven.apache.org/maven2/org/apache/maven/maven-plugin-descriptor/2.2.1/maven-plugin-descriptor-2.2.1.jar
[12d31cbd-27c5-425c-be86-788626ed9cf0/build]   | [INFO] Downloaded from central: https://repo.maven.apache.org/maven2/org/apache/maven/surefire/maven-surefire-common/2.22.1/maven-surefire-common-2.22.1.jar (528 kB at 26 MB/s)
[12d31cbd-27c5-425c-be86-788626ed9cf0/build]   | [INFO] Downloading from central: https://repo.maven.apache.org/maven2/org/codehaus/plexus/plexus-container-default/1.0-alpha-9-stable-1/plexus-container-default-1.0-alpha-9-stable-1.jar
[12d31cbd-27c5-425c-be86-788626ed9cf0/build]   | [INFO] Downloaded from central: https://repo.maven.apache.org/maven2/org/apache/maven/maven-plugin-descriptor/2.2.1/maven-plugin-descriptor-2.2.1.jar (39 kB at 1.3 MB/s)
[12d31cbd-27c5-425c-be86-788626ed9cf0/build]   | [INFO] Downloading from central: https://repo.maven.apache.org/maven2/junit/junit/4.12/junit-4.12.jar
[12d31cbd-27c5-425c-be86-788626ed9cf0/build]   | [INFO] Downloaded from central: https://repo.maven.apache.org/maven2/org/codehaus/plexus/plexus-utils/1.5.15/plexus-utils-1.5.15.jar (228 kB at 7.4 MB/s)
[12d31cbd-27c5-425c-be86-788626ed9cf0/build]   | [INFO] Downloading from central: https://repo.maven.apache.org/maven2/org/hamcrest/hamcrest-core/1.3/hamcrest-core-1.3.jar
[12d31cbd-27c5-425c-be86-788626ed9cf0/build]   | [INFO] Downloaded from central: https://repo.maven.apache.org/maven2/org/apache/maven/surefire/surefire-booter/2.22.1/surefire-booter-2.22.1.jar (274 kB at 7.4 MB/s)
[12d31cbd-27c5-425c-be86-788626ed9cf0/build]   | [INFO] Downloaded from central: https://repo.maven.apache.org/maven2/org/apache/maven/maven-artifact/2.2.1/maven-artifact-2.2.1.jar (80 kB at 2.2 MB/s)
[12d31cbd-27c5-425c-be86-788626ed9cf0/build]   | [INFO] Downloading from central: https://repo.maven.apache.org/maven2/org/apache/maven/maven-project/2.2.1/maven-project-2.2.1.jar
[12d31cbd-27c5-425c-be86-788626ed9cf0/build]   | [INFO] Downloading from central: https://repo.maven.apache.org/maven2/org/apache/maven/maven-settings/2.2.1/maven-settings-2.2.1.jar
[12d31cbd-27c5-425c-be86-788626ed9cf0/build]   | [INFO] Downloaded from central: https://repo.maven.apache.org/maven2/org/codehaus/plexus/plexus-container-default/1.0-alpha-9-stable-1/plexus-container-default-1.0-alpha-9-stable-1.jar (194 kB at 5.0 MB/s)
[12d31cbd-27c5-425c-be86-788626ed9cf0/build]   | [INFO] Downloading from central: https://repo.maven.apache.org/maven2/org/apache/maven/maven-profile/2.2.1/maven-profile-2.2.1.jar
[12d31cbd-27c5-425c-be86-788626ed9cf0/build]   | [INFO] Downloaded from central: https://repo.maven.apache.org/maven2/org/hamcrest/hamcrest-core/1.3/hamcrest-core-1.3.jar (45 kB at 1.1 MB/s)
[12d31cbd-27c5-425c-be86-788626ed9cf0/build]   | [INFO] Downloading from central: https://repo.maven.apache.org/maven2/org/apache/maven/maven-artifact-manager/2.2.1/maven-artifact-manager-2.2.1.jar
[12d31cbd-27c5-425c-be86-788626ed9cf0/build]   | [INFO] Downloaded from central: https://repo.maven.apache.org/maven2/junit/junit/4.12/junit-4.12.jar (315 kB at 7.0 MB/s)
[12d31cbd-27c5-425c-be86-788626ed9cf0/build]   | [INFO] Downloading from central: https://repo.maven.apache.org/maven2/backport-util-concurrent/backport-util-concurrent/3.1/backport-util-concurrent-3.1.jar
[12d31cbd-27c5-425c-be86-788626ed9cf0/build]   | [INFO] Downloaded from central: https://repo.maven.apache.org/maven2/org/apache/maven/maven-settings/2.2.1/maven-settings-2.2.1.jar (49 kB at 1.1 MB/s)
[12d31cbd-27c5-425c-be86-788626ed9cf0/build]   | [INFO] Downloaded from central: https://repo.maven.apache.org/maven2/org/apache/maven/maven-project/2.2.1/maven-project-2.2.1.jar (156 kB at 3.4 MB/s)
[12d31cbd-27c5-425c-be86-788626ed9cf0/build]   | [INFO] Downloading from central: https://repo.maven.apache.org/maven2/org/apache/maven/maven-plugin-registry/2.2.1/maven-plugin-registry-2.2.1.jar
[12d31cbd-27c5-425c-be86-788626ed9cf0/build]   | [INFO] Downloading from central: https://repo.maven.apache.org/maven2/org/codehaus/plexus/plexus-interpolation/1.11/plexus-interpolation-1.11.jar
[12d31cbd-27c5-425c-be86-788626ed9cf0/build]   | [INFO] Downloaded from central: https://repo.maven.apache.org/maven2/org/apache/maven/maven-profile/2.2.1/maven-profile-2.2.1.jar (35 kB at 769 kB/s)
[12d31cbd-27c5-425c-be86-788626ed9cf0/build]   | [INFO] Downloading from central: https://repo.maven.apache.org/maven2/org/apache/maven/maven-model/2.2.1/maven-model-2.2.1.jar
[12d31cbd-27c5-425c-be86-788626ed9cf0/build]   | [INFO] Downloaded from central: https://repo.maven.apache.org/maven2/org/apache/maven/maven-artifact-manager/2.2.1/maven-artifact-manager-2.2.1.jar (68 kB at 1.3 MB/s)
[12d31cbd-27c5-425c-be86-788626ed9cf0/build]   | [INFO] Downloading from central: https://repo.maven.apache.org/maven2/org/apache/maven/maven-core/2.2.1/maven-core-2.2.1.jar
[12d31cbd-27c5-425c-be86-788626ed9cf0/build]   | [INFO] Downloaded from central: https://repo.maven.apache.org/maven2/org/apache/maven/maven-plugin-registry/2.2.1/maven-plugin-registry-2.2.1.jar (30 kB at 540 kB/s)
[12d31cbd-27c5-425c-be86-788626ed9cf0/build]   | [INFO] Downloading from central: https://repo.maven.apache.org/maven2/org/apache/maven/maven-plugin-parameter-documenter/2.2.1/maven-plugin-parameter-documenter-2.2.1.jar
[12d31cbd-27c5-425c-be86-788626ed9cf0/build]   | [INFO] Downloaded from central: https://repo.maven.apache.org/maven2/org/codehaus/plexus/plexus-interpolation/1.11/plexus-interpolation-1.11.jar (51 kB at 926 kB/s)
[12d31cbd-27c5-425c-be86-788626ed9cf0/build]   | [INFO] Downloading from central: https://repo.maven.apache.org/maven2/org/slf4j/slf4j-jdk14/1.5.6/slf4j-jdk14-1.5.6.jar
[12d31cbd-27c5-425c-be86-788626ed9cf0/build]   | [INFO] Downloaded from central: https://repo.maven.apache.org/maven2/org/apache/maven/maven-model/2.2.1/maven-model-2.2.1.jar (88 kB at 1.5 MB/s)
[12d31cbd-27c5-425c-be86-788626ed9cf0/build]   | [INFO] Downloading from central: https://repo.maven.apache.org/maven2/org/slf4j/slf4j-api/1.5.6/slf4j-api-1.5.6.jar
[12d31cbd-27c5-425c-be86-788626ed9cf0/build]   | [INFO] Downloaded from central: https://repo.maven.apache.org/maven2/org/apache/maven/maven-plugin-parameter-documenter/2.2.1/maven-plugin-parameter-documenter-2.2.1.jar (22 kB at 352 kB/s)
[12d31cbd-27c5-425c-be86-788626ed9cf0/build]   | [INFO] Downloading from central: https://repo.maven.apache.org/maven2/org/slf4j/jcl-over-slf4j/1.5.6/jcl-over-slf4j-1.5.6.jar
[12d31cbd-27c5-425c-be86-788626ed9cf0/build]   | [INFO] Downloaded from central: https://repo.maven.apache.org/maven2/org/slf4j/slf4j-jdk14/1.5.6/slf4j-jdk14-1.5.6.jar (8.8 kB at 138 kB/s)
[12d31cbd-27c5-425c-be86-788626ed9cf0/build]   | [INFO] Downloading from central: https://repo.maven.apache.org/maven2/org/apache/maven/reporting/maven-reporting-api/3.0/maven-reporting-api-3.0.jar
[12d31cbd-27c5-425c-be86-788626ed9cf0/build]   | [INFO] Downloaded from central: https://repo.maven.apache.org/maven2/backport-util-concurrent/backport-util-concurrent/3.1/backport-util-concurrent-3.1.jar (332 kB at 5.0 MB/s)
[12d31cbd-27c5-425c-be86-788626ed9cf0/build]   | [INFO] Downloading from central: https://repo.maven.apache.org/maven2/org/apache/maven/maven-repository-metadata/2.2.1/maven-repository-metadata-2.2.1.jar
[12d31cbd-27c5-425c-be86-788626ed9cf0/build]   | [INFO] Downloaded from central: https://repo.maven.apache.org/maven2/org/apache/maven/maven-core/2.2.1/maven-core-2.2.1.jar (178 kB at 2.6 MB/s)
[12d31cbd-27c5-425c-be86-788626ed9cf0/build]   | [INFO] Downloading from central: https://repo.maven.apache.org/maven2/org/apache/maven/maven-error-diagnostics/2.2.1/maven-error-diagnostics-2.2.1.jar
[12d31cbd-27c5-425c-be86-788626ed9cf0/build]   | [INFO] Downloaded from central: https://repo.maven.apache.org/maven2/org/slf4j/slf4j-api/1.5.6/slf4j-api-1.5.6.jar (22 kB at 324 kB/s)
[12d31cbd-27c5-425c-be86-788626ed9cf0/build]   | [INFO] Downloading from central: https://repo.maven.apache.org/maven2/org/apache/maven/maven-monitor/2.2.1/maven-monitor-2.2.1.jar
[12d31cbd-27c5-425c-be86-788626ed9cf0/build]   | [INFO] Downloaded from central: https://repo.maven.apache.org/maven2/org/slf4j/jcl-over-slf4j/1.5.6/jcl-over-slf4j-1.5.6.jar (17 kB at 232 kB/s)
[12d31cbd-27c5-425c-be86-788626ed9cf0/build]   | [INFO] Downloaded from central: https://repo.maven.apache.org/maven2/org/apache/maven/reporting/maven-reporting-api/3.0/maven-reporting-api-3.0.jar (11 kB at 152 kB/s)
[12d31cbd-27c5-425c-be86-788626ed9cf0/build]   | [INFO] Downloading from central: https://repo.maven.apache.org/maven2/classworlds/classworlds/1.1/classworlds-1.1.jar
[12d31cbd-27c5-425c-be86-788626ed9cf0/build]   | [INFO] Downloading from central: https://repo.maven.apache.org/maven2/org/apache/maven/maven-toolchain/2.2.1/maven-toolchain-2.2.1.jar
[12d31cbd-27c5-425c-be86-788626ed9cf0/build]   | [INFO] Downloaded from central: https://repo.maven.apache.org/maven2/org/apache/maven/maven-repository-metadata/2.2.1/maven-repository-metadata-2.2.1.jar (26 kB at 351 kB/s)
[12d31cbd-27c5-425c-be86-788626ed9cf0/build]   | [INFO] Downloading from central: https://repo.maven.apache.org/maven2/com/thoughtworks/qdox/qdox/2.0-M8/qdox-2.0-M8.jar
[12d31cbd-27c5-425c-be86-788626ed9cf0/build]   | [INFO] Downloaded from central: https://repo.maven.apache.org/maven2/org/apache/maven/maven-monitor/2.2.1/maven-monitor-2.2.1.jar (10 kB at 139 kB/s)
[12d31cbd-27c5-425c-be86-788626ed9cf0/build]   | [INFO] Downloaded from central: https://repo.maven.apache.org/maven2/org/apache/maven/maven-error-diagnostics/2.2.1/maven-error-diagnostics-2.2.1.jar (13 kB at 174 kB/s)
[12d31cbd-27c5-425c-be86-788626ed9cf0/build]   | [INFO] Downloaded from central: https://repo.maven.apache.org/maven2/classworlds/classworlds/1.1/classworlds-1.1.jar (38 kB at 479 kB/s)
[12d31cbd-27c5-425c-be86-788626ed9cf0/build]   | [INFO] Downloaded from central: https://repo.maven.apache.org/maven2/org/apache/maven/maven-toolchain/2.2.1/maven-toolchain-2.2.1.jar (38 kB at 476 kB/s)
[12d31cbd-27c5-425c-be86-788626ed9cf0/build]   | [INFO] Downloaded from central: https://repo.maven.apache.org/maven2/com/thoughtworks/qdox/qdox/2.0-M8/qdox-2.0-M8.jar (316 kB at 3.5 MB/s)
[12d31cbd-27c5-425c-be86-788626ed9cf0/build]   | [INFO] Downloading from central: https://repo.maven.apache.org/maven2/org/apache/maven/surefire/surefire-junit-platform/2.22.1/surefire-junit-platform-2.22.1.pom
[12d31cbd-27c5-425c-be86-788626ed9cf0/build]   | [INFO] Downloaded from central: https://repo.maven.apache.org/maven2/org/apache/maven/surefire/surefire-junit-platform/2.22.1/surefire-junit-platform-2.22.1.pom (7.0 kB at 332 kB/s)
[12d31cbd-27c5-425c-be86-788626ed9cf0/build]   | [INFO] Downloading from central: https://repo.maven.apache.org/maven2/org/apache/maven/surefire/surefire-providers/2.22.1/surefire-providers-2.22.1.pom
[12d31cbd-27c5-425c-be86-788626ed9cf0/build]   | [INFO] Downloaded from central: https://repo.maven.apache.org/maven2/org/apache/maven/surefire/surefire-providers/2.22.1/surefire-providers-2.22.1.pom (2.5 kB at 124 kB/s)
[12d31cbd-27c5-425c-be86-788626ed9cf0/build]   | [INFO] Downloading from central: https://repo.maven.apache.org/maven2/org/junit/platform/junit-platform-launcher/1.3.1/junit-platform-launcher-1.3.1.pom
[12d31cbd-27c5-425c-be86-788626ed9cf0/build]   | [INFO] Downloaded from central: https://repo.maven.apache.org/maven2/org/junit/platform/junit-platform-launcher/1.3.1/junit-platform-launcher-1.3.1.pom (2.2 kB at 222 kB/s)
[12d31cbd-27c5-425c-be86-788626ed9cf0/build]   | [INFO] Downloading from central: https://repo.maven.apache.org/maven2/org/junit/platform/junit-platform-engine/1.3.1/junit-platform-engine-1.3.1.pom
[12d31cbd-27c5-425c-be86-788626ed9cf0/build]   | [INFO] Downloaded from central: https://repo.maven.apache.org/maven2/org/junit/platform/junit-platform-engine/1.3.1/junit-platform-engine-1.3.1.pom (2.4 kB at 100 kB/s)
[12d31cbd-27c5-425c-be86-788626ed9cf0/build]   | [INFO] Downloading from central: https://repo.maven.apache.org/maven2/org/junit/platform/junit-platform-commons/1.3.1/junit-platform-commons-1.3.1.pom
[12d31cbd-27c5-425c-be86-788626ed9cf0/build]   | [INFO] Downloaded from central: https://repo.maven.apache.org/maven2/org/junit/platform/junit-platform-commons/1.3.1/junit-platform-commons-1.3.1.pom (2.0 kB at 337 kB/s)
[12d31cbd-27c5-425c-be86-788626ed9cf0/build]   | [INFO] Downloading from central: https://repo.maven.apache.org/maven2/org/opentest4j/opentest4j/1.1.1/opentest4j-1.1.1.pom
[12d31cbd-27c5-425c-be86-788626ed9cf0/build]   | [INFO] Downloaded from central: https://repo.maven.apache.org/maven2/org/opentest4j/opentest4j/1.1.1/opentest4j-1.1.1.pom (1.7 kB at 240 kB/s)
[12d31cbd-27c5-425c-be86-788626ed9cf0/build]   | [INFO] Downloading from central: https://repo.maven.apache.org/maven2/org/junit/platform/junit-platform-launcher/1.3.1/junit-platform-launcher-1.3.1.jar
[12d31cbd-27c5-425c-be86-788626ed9cf0/build]   | [INFO] Downloading from central: https://repo.maven.apache.org/maven2/org/junit/platform/junit-platform-commons/1.3.1/junit-platform-commons-1.3.1.jar
[12d31cbd-27c5-425c-be86-788626ed9cf0/build]   | [INFO] Downloading from central: https://repo.maven.apache.org/maven2/org/junit/platform/junit-platform-engine/1.3.1/junit-platform-engine-1.3.1.jar
[12d31cbd-27c5-425c-be86-788626ed9cf0/build]   | [INFO] Downloading from central: https://repo.maven.apache.org/maven2/org/opentest4j/opentest4j/1.1.1/opentest4j-1.1.1.jar
[12d31cbd-27c5-425c-be86-788626ed9cf0/build]   | [INFO] Downloading from central: https://repo.maven.apache.org/maven2/org/apache/maven/surefire/surefire-junit-platform/2.22.1/surefire-junit-platform-2.22.1.jar
[12d31cbd-27c5-425c-be86-788626ed9cf0/build]   | [INFO] Downloaded from central: https://repo.maven.apache.org/maven2/org/junit/platform/junit-platform-launcher/1.3.1/junit-platform-launcher-1.3.1.jar (95 kB at 7.9 MB/s)
[12d31cbd-27c5-425c-be86-788626ed9cf0/build]   | [INFO] Downloaded from central: https://repo.maven.apache.org/maven2/org/opentest4j/opentest4j/1.1.1/opentest4j-1.1.1.jar (7.1 kB at 593 kB/s)
[12d31cbd-27c5-425c-be86-788626ed9cf0/build]   | [INFO] Downloaded from central: https://repo.maven.apache.org/maven2/org/junit/platform/junit-platform-commons/1.3.1/junit-platform-commons-1.3.1.jar (78 kB at 6.0 MB/s)
[12d31cbd-27c5-425c-be86-788626ed9cf0/build]   | [INFO] Downloaded from central: https://repo.maven.apache.org/maven2/org/apache/maven/surefire/surefire-junit-platform/2.22.1/surefire-junit-platform-2.22.1.jar (66 kB at 4.7 MB/s)
[12d31cbd-27c5-425c-be86-788626ed9cf0/build]   | [INFO] Downloaded from central: https://repo.maven.apache.org/maven2/org/junit/platform/junit-platform-engine/1.3.1/junit-platform-engine-1.3.1.jar (135 kB at 5.6 MB/s)
[12d31cbd-27c5-425c-be86-788626ed9cf0/build]   | [INFO] 
[12d31cbd-27c5-425c-be86-788626ed9cf0/build]   | [INFO] -------------------------------------------------------
[12d31cbd-27c5-425c-be86-788626ed9cf0/build]   | [INFO]  T E S T S
[12d31cbd-27c5-425c-be86-788626ed9cf0/build]   | [INFO] -------------------------------------------------------
[12d31cbd-27c5-425c-be86-788626ed9cf0/build]   | [INFO] Running codility.ambitious.IdenticalPairOfIndicesTest
[12d31cbd-27c5-425c-be86-788626ed9cf0/build]   | [INFO] Tests run: 1, Failures: 0, Errors: 0, Skipped: 0, Time elapsed: 0.008 s - in codility.ambitious.IdenticalPairOfIndicesTest
[12d31cbd-27c5-425c-be86-788626ed9cf0/build]   | [INFO] Running codility.painless.BinaryGapTest
[12d31cbd-27c5-425c-be86-788626ed9cf0/build]   | [INFO] Tests run: 1, Failures: 0, Errors: 0, Skipped: 0, Time elapsed: 0 s - in codility.painless.BinaryGapTest
[12d31cbd-27c5-425c-be86-788626ed9cf0/build]   | [INFO] Running util.BinarySearchTest
[12d31cbd-27c5-425c-be86-788626ed9cf0/build]   | [INFO] Tests run: 2, Failures: 0, Errors: 0, Skipped: 0, Time elapsed: 0.001 s - in util.BinarySearchTest
[12d31cbd-27c5-425c-be86-788626ed9cf0/build]   | [INFO] Running util.BucketSortTest
[12d31cbd-27c5-425c-be86-788626ed9cf0/build]   | [INFO] Tests run: 3, Failures: 0, Errors: 0, Skipped: 0, Time elapsed: 0 s - in util.BucketSortTest
[12d31cbd-27c5-425c-be86-788626ed9cf0/build]   | [INFO] Running util.MergeSortTest
[12d31cbd-27c5-425c-be86-788626ed9cf0/build]   | [INFO] Tests run: 2, Failures: 0, Errors: 0, Skipped: 0, Time elapsed: 0 s - in util.MergeSortTest
[12d31cbd-27c5-425c-be86-788626ed9cf0/build]   | [INFO] Running util.QuickSortTest
[12d31cbd-27c5-425c-be86-788626ed9cf0/build]   | [INFO] Tests run: 2, Failures: 0, Errors: 0, Skipped: 0, Time elapsed: 0 s - in util.QuickSortTest
[12d31cbd-27c5-425c-be86-788626ed9cf0/build]   | [INFO] Running util.RadixSortTest
[12d31cbd-27c5-425c-be86-788626ed9cf0/build]   | [INFO] Tests run: 3, Failures: 0, Errors: 0, Skipped: 0, Time elapsed: 0.002 s - in util.RadixSortTest
[12d31cbd-27c5-425c-be86-788626ed9cf0/build]   | [INFO] Running util.CountingSortTest
[12d31cbd-27c5-425c-be86-788626ed9cf0/build]   | [INFO] Tests run: 2, Failures: 0, Errors: 0, Skipped: 0, Time elapsed: 0.001 s - in util.CountingSortTest
[12d31cbd-27c5-425c-be86-788626ed9cf0/build]   | [INFO] Running util.LinearSearchTest
[12d31cbd-27c5-425c-be86-788626ed9cf0/build]   | [INFO] Tests run: 2, Failures: 0, Errors: 0, Skipped: 0, Time elapsed: 0.001 s - in util.LinearSearchTest
[12d31cbd-27c5-425c-be86-788626ed9cf0/build]   | [INFO] Running hackerrank.datastructures.arrays.LeftRotationTest
[12d31cbd-27c5-425c-be86-788626ed9cf0/build]   | [INFO] Tests run: 4, Failures: 0, Errors: 0, Skipped: 0, Time elapsed: 0.002 s - in hackerrank.datastructures.arrays.LeftRotationTest
[12d31cbd-27c5-425c-be86-788626ed9cf0/build]   | [INFO] Running hackerrank.datastructures.queues.QueueUsingTwoStacksTest
[12d31cbd-27c5-425c-be86-788626ed9cf0/build]   | [INFO] Tests run: 1, Failures: 0, Errors: 0, Skipped: 0, Time elapsed: 0.001 s - in hackerrank.datastructures.queues.QueueUsingTwoStacksTest
[12d31cbd-27c5-425c-be86-788626ed9cf0/build]   | [INFO] Running hackerrank.datastructures.trees.IsBinarySearchTreeTest
[12d31cbd-27c5-425c-be86-788626ed9cf0/build]   | [INFO] Tests run: 3, Failures: 0, Errors: 0, Skipped: 0, Time elapsed: 0.002 s - in hackerrank.datastructures.trees.IsBinarySearchTreeTest
[12d31cbd-27c5-425c-be86-788626ed9cf0/build]   | [INFO] Running hackerrank.datastructures.trees.HeightOfABinaryTreeTest
[12d31cbd-27c5-425c-be86-788626ed9cf0/build]   | [INFO] Tests run: 3, Failures: 0, Errors: 0, Skipped: 0, Time elapsed: 0.001 s - in hackerrank.datastructures.trees.HeightOfABinaryTreeTest
[12d31cbd-27c5-425c-be86-788626ed9cf0/build]   | [INFO] Running hackerrank.datastructures.stacks.BalancedBracketsTest
[12d31cbd-27c5-425c-be86-788626ed9cf0/build]   | [INFO] Tests run: 2, Failures: 0, Errors: 0, Skipped: 0, Time elapsed: 0.002 s - in hackerrank.datastructures.stacks.BalancedBracketsTest
[12d31cbd-27c5-425c-be86-788626ed9cf0/build]   | [INFO] Running hackerrank.datastructures.stacks.GameOfTwoStacksTest
[12d31cbd-27c5-425c-be86-788626ed9cf0/build]   | [INFO] Tests run: 5, Failures: 0, Errors: 0, Skipped: 0, Time elapsed: 0.001 s - in hackerrank.datastructures.stacks.GameOfTwoStacksTest
[12d31cbd-27c5-425c-be86-788626ed9cf0/build]   | [INFO] Running hackerrank.datastructures.stacks.EqualStacksTest
[12d31cbd-27c5-425c-be86-788626ed9cf0/build]   | [INFO] Tests run: 5, Failures: 0, Errors: 0, Skipped: 0, Time elapsed: 0.002 s - in hackerrank.datastructures.stacks.EqualStacksTest
[12d31cbd-27c5-425c-be86-788626ed9cf0/build]   | [INFO] Running hackerrank.datastructures.linkedlists.PrintInReverseTest
[12d31cbd-27c5-425c-be86-788626ed9cf0/build]   | 16
[12d31cbd-27c5-425c-be86-788626ed9cf0/build]   | 15
[12d31cbd-27c5-425c-be86-788626ed9cf0/build]   | 8
[12d31cbd-27c5-425c-be86-788626ed9cf0/build]   | 4
[12d31cbd-27c5-425c-be86-788626ed9cf0/build]   | 15
[12d31cbd-27c5-425c-be86-788626ed9cf0/build]   | 8
[12d31cbd-27c5-425c-be86-788626ed9cf0/build]   | 4
[12d31cbd-27c5-425c-be86-788626ed9cf0/build]   | [INFO] Tests run: 2, Failures: 0, Errors: 0, Skipped: 0, Time elapsed: 0.002 s - in hackerrank.datastructures.linkedlists.PrintInReverseTest
[12d31cbd-27c5-425c-be86-788626ed9cf0/build]   | [INFO] Running hackerrank.datastructures.linkedlists.ReverseALinkedListTest
[12d31cbd-27c5-425c-be86-788626ed9cf0/build]   | [INFO] Tests run: 3, Failures: 0, Errors: 0, Skipped: 0, Time elapsed: 0.003 s - in hackerrank.datastructures.linkedlists.ReverseALinkedListTest
[12d31cbd-27c5-425c-be86-788626ed9cf0/build]   | [INFO] Running hackerrank.datastructures.linkedlists.RemoveDuplicatesTest
[12d31cbd-27c5-425c-be86-788626ed9cf0/build]   | [INFO] Tests run: 4, Failures: 0, Errors: 0, Skipped: 0, Time elapsed: 0.001 s - in hackerrank.datastructures.linkedlists.RemoveDuplicatesTest
[12d31cbd-27c5-425c-be86-788626ed9cf0/build]   | [INFO] Running hackerrank.datastructures.linkedlists.CycleDetectionTest
[12d31cbd-27c5-425c-be86-788626ed9cf0/build]   | [INFO] Tests run: 2, Failures: 0, Errors: 0, Skipped: 0, Time elapsed: 0.001 s - in hackerrank.datastructures.linkedlists.CycleDetectionTest
[12d31cbd-27c5-425c-be86-788626ed9cf0/build]   | [INFO] Running hackerrank.algorithms.dynamicprogramming.EqualTest
[12d31cbd-27c5-425c-be86-788626ed9cf0/build]   | [INFO] Tests run: 5, Failures: 0, Errors: 0, Skipped: 0, Time elapsed: 0.002 s - in hackerrank.algorithms.dynamicprogramming.EqualTest
[12d31cbd-27c5-425c-be86-788626ed9cf0/build]   | [INFO] Running hackerrank.algorithms.implementation.NumberLineJumpsTest
[12d31cbd-27c5-425c-be86-788626ed9cf0/build]   | [INFO] Tests run: 4, Failures: 0, Errors: 0, Skipped: 0, Time elapsed: 0 s - in hackerrank.algorithms.implementation.NumberLineJumpsTest
[12d31cbd-27c5-425c-be86-788626ed9cf0/build]   | [INFO] Running hackerrank.algorithms.implementation.RepeatedStringTest
[12d31cbd-27c5-425c-be86-788626ed9cf0/build]   | [INFO] Tests run: 3, Failures: 0, Errors: 0, Skipped: 0, Time elapsed: 0.001 s - in hackerrank.algorithms.implementation.RepeatedStringTest
[12d31cbd-27c5-425c-be86-788626ed9cf0/build]   | [INFO] Running hackerrank.algorithms.implementation.BetweenTwoSetsTest
[12d31cbd-27c5-425c-be86-788626ed9cf0/build]   | [INFO] Tests run: 4, Failures: 0, Errors: 0, Skipped: 0, Time elapsed: 0.001 s - in hackerrank.algorithms.implementation.BetweenTwoSetsTest
[12d31cbd-27c5-425c-be86-788626ed9cf0/build]   | [INFO] Running hackerrank.algorithms.warmup.BirthdayCakeCandlesTest
[12d31cbd-27c5-425c-be86-788626ed9cf0/build]   | [INFO] Tests run: 2, Failures: 0, Errors: 0, Skipped: 0, Time elapsed: 0.001 s - in hackerrank.algorithms.warmup.BirthdayCakeCandlesTest
[12d31cbd-27c5-425c-be86-788626ed9cf0/build]   | [INFO] Running hackerrank.algorithms.search.MissingNumbersTest
[12d31cbd-27c5-425c-be86-788626ed9cf0/build]   | [INFO] Tests run: 3, Failures: 0, Errors: 0, Skipped: 0, Time elapsed: 0.002 s - in hackerrank.algorithms.search.MissingNumbersTest
[12d31cbd-27c5-425c-be86-788626ed9cf0/build]   | [INFO] Running hackerrank.algorithms.search.PairsTest
[12d31cbd-27c5-425c-be86-788626ed9cf0/build]   | [INFO] Tests run: 3, Failures: 0, Errors: 0, Skipped: 0, Time elapsed: 0.001 s - in hackerrank.algorithms.search.PairsTest
[12d31cbd-27c5-425c-be86-788626ed9cf0/build]   | [INFO] Running hackerrank.algorithms.search.MinimumLossTest
[12d31cbd-27c5-425c-be86-788626ed9cf0/build]   | [INFO] Tests run: 3, Failures: 0, Errors: 0, Skipped: 0, Time elapsed: 0.003 s - in hackerrank.algorithms.search.MinimumLossTest
[12d31cbd-27c5-425c-be86-788626ed9cf0/build]   | [INFO] Running hackerrank.algorithms.strings.TwoStringsTest
[12d31cbd-27c5-425c-be86-788626ed9cf0/build]   | [INFO] Tests run: 4, Failures: 0, Errors: 0, Skipped: 0, Time elapsed: 0.001 s - in hackerrank.algorithms.strings.TwoStringsTest
[12d31cbd-27c5-425c-be86-788626ed9cf0/build]   | [INFO] Running hackerrank.algorithms.strings.MakeAnagramsTest
[12d31cbd-27c5-425c-be86-788626ed9cf0/build]   | [INFO] Tests run: 3, Failures: 0, Errors: 0, Skipped: 0, Time elapsed: 0.001 s - in hackerrank.algorithms.strings.MakeAnagramsTest
[12d31cbd-27c5-425c-be86-788626ed9cf0/build]   | [INFO] Running hackerrank.algorithms.strings.SherlockAndTheValidStringTest
[12d31cbd-27c5-425c-be86-788626ed9cf0/build]   | [INFO] Tests run: 7, Failures: 0, Errors: 0, Skipped: 0, Time elapsed: 0.002 s - in hackerrank.algorithms.strings.SherlockAndTheValidStringTest
[12d31cbd-27c5-425c-be86-788626ed9cf0/build]   | [INFO] Running hackerrank.algorithms.strings.CamelCaseTest
[12d31cbd-27c5-425c-be86-788626ed9cf0/build]   | [INFO] Tests run: 4, Failures: 0, Errors: 0, Skipped: 0, Time elapsed: 0.001 s - in hackerrank.algorithms.strings.CamelCaseTest
[12d31cbd-27c5-425c-be86-788626ed9cf0/build]   | [INFO] Running hackerrank.algorithms.strings.TwoCharactersTest
[12d31cbd-27c5-425c-be86-788626ed9cf0/build]   | [INFO] Tests run: 2, Failures: 0, Errors: 0, Skipped: 0, Time elapsed: 0.001 s - in hackerrank.algorithms.strings.TwoCharactersTest
[12d31cbd-27c5-425c-be86-788626ed9cf0/build]   | [INFO] Running hackerrank.algorithms.strings.SuperReducedStringTest
[12d31cbd-27c5-425c-be86-788626ed9cf0/build]   | [INFO] Tests run: 6, Failures: 0, Errors: 0, Skipped: 0, Time elapsed: 0.003 s - in hackerrank.algorithms.strings.SuperReducedStringTest
[12d31cbd-27c5-425c-be86-788626ed9cf0/build]   | [INFO] Running hackerrank.algorithms.strings.BetterCompressionTest
[12d31cbd-27c5-425c-be86-788626ed9cf0/build]   | [INFO] Tests run: 3, Failures: 0, Errors: 0, Skipped: 0, Time elapsed: 0.001 s - in hackerrank.algorithms.strings.BetterCompressionTest
[12d31cbd-27c5-425c-be86-788626ed9cf0/build]   | [INFO] Running leetcode.MissingNumberTest
[12d31cbd-27c5-425c-be86-788626ed9cf0/build]   | [INFO] Tests run: 3, Failures: 0, Errors: 0, Skipped: 0, Time elapsed: 0.001 s - in leetcode.MissingNumberTest
[12d31cbd-27c5-425c-be86-788626ed9cf0/build]   | [INFO] Running leetcode.easy.SameTreeTest
[12d31cbd-27c5-425c-be86-788626ed9cf0/build]   | [INFO] Tests run: 3, Failures: 0, Errors: 0, Skipped: 0, Time elapsed: 0.001 s - in leetcode.easy.SameTreeTest
[12d31cbd-27c5-425c-be86-788626ed9cf0/build]   | [INFO] Running leetcode.easy.NextGreaterElementITest
[12d31cbd-27c5-425c-be86-788626ed9cf0/build]   | [INFO] Tests run: 2, Failures: 0, Errors: 0, Skipped: 0, Time elapsed: 0.001 s - in leetcode.easy.NextGreaterElementITest
[12d31cbd-27c5-425c-be86-788626ed9cf0/build]   | [INFO] Running leetcode.easy.ReorderDataInLogFilesTest
[12d31cbd-27c5-425c-be86-788626ed9cf0/build]   | [INFO] Tests run: 1, Failures: 0, Errors: 0, Skipped: 0, Time elapsed: 0.001 s - in leetcode.easy.ReorderDataInLogFilesTest
[12d31cbd-27c5-425c-be86-788626ed9cf0/build]   | [INFO] Running leetcode.easy.ReverseWordsInAString3Test
[12d31cbd-27c5-425c-be86-788626ed9cf0/build]   | [INFO] Tests run: 1, Failures: 0, Errors: 0, Skipped: 0, Time elapsed: 0.001 s - in leetcode.easy.ReverseWordsInAString3Test
[12d31cbd-27c5-425c-be86-788626ed9cf0/build]   | [INFO] Running leetcode.easy.UglyNumberTest
[12d31cbd-27c5-425c-be86-788626ed9cf0/build]   | [INFO] Tests run: 1, Failures: 0, Errors: 0, Skipped: 0, Time elapsed: 0 s - in leetcode.easy.UglyNumberTest
[12d31cbd-27c5-425c-be86-788626ed9cf0/build]   | [INFO] Running leetcode.easy.BackspaceStringCompareTest
[12d31cbd-27c5-425c-be86-788626ed9cf0/build]   | [INFO] Tests run: 5, Failures: 0, Errors: 0, Skipped: 0, Time elapsed: 0.003 s - in leetcode.easy.BackspaceStringCompareTest
[12d31cbd-27c5-425c-be86-788626ed9cf0/build]   | [INFO] Running leetcode.easy.MaximumSubarrayTest
[12d31cbd-27c5-425c-be86-788626ed9cf0/build]   | [INFO] Tests run: 3, Failures: 0, Errors: 0, Skipped: 0, Time elapsed: 0 s - in leetcode.easy.MaximumSubarrayTest
[12d31cbd-27c5-425c-be86-788626ed9cf0/build]   | [INFO] Running leetcode.easy.MajorityElementTest
[12d31cbd-27c5-425c-be86-788626ed9cf0/build]   | [INFO] Tests run: 2, Failures: 0, Errors: 0, Skipped: 0, Time elapsed: 0 s - in leetcode.easy.MajorityElementTest
[12d31cbd-27c5-425c-be86-788626ed9cf0/build]   | [INFO] Running leetcode.easy.MergeTwoSortedListsTest
[12d31cbd-27c5-425c-be86-788626ed9cf0/build]   | [INFO] Tests run: 2, Failures: 0, Errors: 0, Skipped: 0, Time elapsed: 0 s - in leetcode.easy.MergeTwoSortedListsTest
[12d31cbd-27c5-425c-be86-788626ed9cf0/build]   | [INFO] Running leetcode.easy.PascalsTriangleTest
[12d31cbd-27c5-425c-be86-788626ed9cf0/build]   | [INFO] Tests run: 1, Failures: 0, Errors: 0, Skipped: 0, Time elapsed: 0 s - in leetcode.easy.PascalsTriangleTest
[12d31cbd-27c5-425c-be86-788626ed9cf0/build]   | [INFO] Running leetcode.easy.PalindromeLinkedListTest
[12d31cbd-27c5-425c-be86-788626ed9cf0/build]   | [INFO] Tests run: 4, Failures: 0, Errors: 0, Skipped: 0, Time elapsed: 0.001 s - in leetcode.easy.PalindromeLinkedListTest
[12d31cbd-27c5-425c-be86-788626ed9cf0/build]   | [INFO] Running leetcode.easy.IntersectionOfTwoArraysIITest
[12d31cbd-27c5-425c-be86-788626ed9cf0/build]   | [INFO] Tests run: 2, Failures: 0, Errors: 0, Skipped: 0, Time elapsed: 0 s - in leetcode.easy.IntersectionOfTwoArraysIITest
[12d31cbd-27c5-425c-be86-788626ed9cf0/build]   | [INFO] Running leetcode.easy.SortingTheSentenceTest
[12d31cbd-27c5-425c-be86-788626ed9cf0/build]   | [INFO] Tests run: 3, Failures: 0, Errors: 0, Skipped: 0, Time elapsed: 0 s - in leetcode.easy.SortingTheSentenceTest
[12d31cbd-27c5-425c-be86-788626ed9cf0/build]   | [INFO] Running leetcode.easy.BestTimeToBuyAndSellAStockTest
[12d31cbd-27c5-425c-be86-788626ed9cf0/build]   | [INFO] Tests run: 4, Failures: 0, Errors: 0, Skipped: 0, Time elapsed: 0.001 s - in leetcode.easy.BestTimeToBuyAndSellAStockTest
[12d31cbd-27c5-425c-be86-788626ed9cf0/build]   | [INFO] Running leetcode.easy.JewelsAndStonesTest
[12d31cbd-27c5-425c-be86-788626ed9cf0/build]   | [INFO] Tests run: 2, Failures: 0, Errors: 0, Skipped: 0, Time elapsed: 0.001 s - in leetcode.easy.JewelsAndStonesTest
[12d31cbd-27c5-425c-be86-788626ed9cf0/build]   | [INFO] Running leetcode.easy.MiddleOfTheLinkedListTest
[12d31cbd-27c5-425c-be86-788626ed9cf0/build]   | [INFO] Tests run: 2, Failures: 0, Errors: 0, Skipped: 0, Time elapsed: 0.001 s - in leetcode.easy.MiddleOfTheLinkedListTest
[12d31cbd-27c5-425c-be86-788626ed9cf0/build]   | [INFO] Running leetcode.easy.SingleNumberTest
[12d31cbd-27c5-425c-be86-788626ed9cf0/build]   | [INFO] Tests run: 2, Failures: 0, Errors: 0, Skipped: 0, Time elapsed: 0.001 s - in leetcode.easy.SingleNumberTest
[12d31cbd-27c5-425c-be86-788626ed9cf0/build]   | [INFO] Running leetcode.easy.TwoSumTest
[12d31cbd-27c5-425c-be86-788626ed9cf0/build]   | [INFO] Tests run: 2, Failures: 0, Errors: 0, Skipped: 0, Time elapsed: 0.001 s - in leetcode.easy.TwoSumTest
[12d31cbd-27c5-425c-be86-788626ed9cf0/build]   | [INFO] Running leetcode.easy.MoveZeroesTest
[12d31cbd-27c5-425c-be86-788626ed9cf0/build]   | [INFO] Tests run: 3, Failures: 0, Errors: 0, Skipped: 0, Time elapsed: 0.001 s - in leetcode.easy.MoveZeroesTest
[12d31cbd-27c5-425c-be86-788626ed9cf0/build]   | [INFO] Running leetcode.easy.ValidAnagramTest
[12d31cbd-27c5-425c-be86-788626ed9cf0/build]   | [INFO] Tests run: 5, Failures: 0, Errors: 0, Skipped: 0, Time elapsed: 0.001 s - in leetcode.easy.ValidAnagramTest
[12d31cbd-27c5-425c-be86-788626ed9cf0/build]   | [INFO] Running leetcode.easy.LengthOfLastWordTest
[12d31cbd-27c5-425c-be86-788626ed9cf0/build]   | [INFO] Tests run: 3, Failures: 0, Errors: 0, Skipped: 0, Time elapsed: 0 s - in leetcode.easy.LengthOfLastWordTest
[12d31cbd-27c5-425c-be86-788626ed9cf0/build]   | [INFO] Running leetcode.easy.InvertTreeTest
[12d31cbd-27c5-425c-be86-788626ed9cf0/build]   | [INFO] Tests run: 6, Failures: 0, Errors: 0, Skipped: 0, Time elapsed: 0.001 s - in leetcode.easy.InvertTreeTest
[12d31cbd-27c5-425c-be86-788626ed9cf0/build]   | [INFO] Running leetcode.easy.PathSumTest
[12d31cbd-27c5-425c-be86-788626ed9cf0/build]   | [INFO] Tests run: 2, Failures: 0, Errors: 0, Skipped: 0, Time elapsed: 0 s - in leetcode.easy.PathSumTest
[12d31cbd-27c5-425c-be86-788626ed9cf0/build]   | [INFO] Running leetcode.easy.HappyNumberTest
[12d31cbd-27c5-425c-be86-788626ed9cf0/build]   | [INFO] Tests run: 1, Failures: 0, Errors: 0, Skipped: 0, Time elapsed: 0 s - in leetcode.easy.HappyNumberTest
[12d31cbd-27c5-425c-be86-788626ed9cf0/build]   | [INFO] Running leetcode.easy.ClimbingStairsTest
[12d31cbd-27c5-425c-be86-788626ed9cf0/build]   | [INFO] Tests run: 1, Failures: 0, Errors: 0, Skipped: 0, Time elapsed: 0 s - in leetcode.easy.ClimbingStairsTest
[12d31cbd-27c5-425c-be86-788626ed9cf0/build]   | [INFO] Running leetcode.easy.NumberOf1BitsTest
[12d31cbd-27c5-425c-be86-788626ed9cf0/build]   | [INFO] Tests run: 1, Failures: 0, Errors: 0, Skipped: 0, Time elapsed: 0 s - in leetcode.easy.NumberOf1BitsTest
[12d31cbd-27c5-425c-be86-788626ed9cf0/build]   | [INFO] Running leetcode.easy.BestTimeToBuyAndSellAStockIITest
[12d31cbd-27c5-425c-be86-788626ed9cf0/build]   | [INFO] Tests run: 3, Failures: 0, Errors: 0, Skipped: 0, Time elapsed: 0 s - in leetcode.easy.BestTimeToBuyAndSellAStockIITest
[12d31cbd-27c5-425c-be86-788626ed9cf0/build]   | [INFO] Running leetcode.easy.ShuffleStringTest
[12d31cbd-27c5-425c-be86-788626ed9cf0/build]   | [INFO] Tests run: 2, Failures: 0, Errors: 0, Skipped: 0, Time elapsed: 0 s - in leetcode.easy.ShuffleStringTest
[12d31cbd-27c5-425c-be86-788626ed9cf0/build]   | [INFO] Running leetcode.easy.FirstUniqueCharacterInAStringTest
[12d31cbd-27c5-425c-be86-788626ed9cf0/build]   | [INFO] Tests run: 6, Failures: 0, Errors: 0, Skipped: 0, Time elapsed: 0.001 s - in leetcode.easy.FirstUniqueCharacterInAStringTest
[12d31cbd-27c5-425c-be86-788626ed9cf0/build]   | [INFO] Running leetcode.easy.MaximumDepthOfABinaryTreeTest
[12d31cbd-27c5-425c-be86-788626ed9cf0/build]   | [INFO] Tests run: 1, Failures: 0, Errors: 0, Skipped: 0, Time elapsed: 0 s - in leetcode.easy.MaximumDepthOfABinaryTreeTest
[12d31cbd-27c5-425c-be86-788626ed9cf0/build]   | [INFO] Running leetcode.easy.ContainsDuplicateIITest
[12d31cbd-27c5-425c-be86-788626ed9cf0/build]   | [INFO] Tests run: 3, Failures: 0, Errors: 0, Skipped: 0, Time elapsed: 0.001 s - in leetcode.easy.ContainsDuplicateIITest
[12d31cbd-27c5-425c-be86-788626ed9cf0/build]   | [INFO] Running leetcode.easy.NumberOfGoodPairsTest
[12d31cbd-27c5-425c-be86-788626ed9cf0/build]   | [INFO] Tests run: 3, Failures: 0, Errors: 0, Skipped: 0, Time elapsed: 0 s - in leetcode.easy.NumberOfGoodPairsTest
[12d31cbd-27c5-425c-be86-788626ed9cf0/build]   | [INFO] Running leetcode.easy.SquaresOfSortedArrayTest
[12d31cbd-27c5-425c-be86-788626ed9cf0/build]   | [INFO] Tests run: 3, Failures: 0, Errors: 0, Skipped: 0, Time elapsed: 0 s - in leetcode.easy.SquaresOfSortedArrayTest
[12d31cbd-27c5-425c-be86-788626ed9cf0/build]   | [INFO] Running leetcode.easy.RemoveLinkedListElementsTest
[12d31cbd-27c5-425c-be86-788626ed9cf0/build]   | [INFO] Tests run: 2, Failures: 0, Errors: 0, Skipped: 0, Time elapsed: 0 s - in leetcode.easy.RemoveLinkedListElementsTest
[12d31cbd-27c5-425c-be86-788626ed9cf0/build]   | [INFO] Running leetcode.easy.RangeSumOfBSTTest
[12d31cbd-27c5-425c-be86-788626ed9cf0/build]   | [INFO] Tests run: 3, Failures: 0, Errors: 0, Skipped: 0, Time elapsed: 0.002 s - in leetcode.easy.RangeSumOfBSTTest
[12d31cbd-27c5-425c-be86-788626ed9cf0/build]   | [INFO] Running leetcode.easy.IntersectionOfTwoLinkedListsTest
[12d31cbd-27c5-425c-be86-788626ed9cf0/build]   | [INFO] Tests run: 1, Failures: 0, Errors: 0, Skipped: 0, Time elapsed: 0 s - in leetcode.easy.IntersectionOfTwoLinkedListsTest
[12d31cbd-27c5-425c-be86-788626ed9cf0/build]   | [INFO] Running leetcode.easy.ContainsDuplicateTest
[12d31cbd-27c5-425c-be86-788626ed9cf0/build]   | [INFO] Tests run: 3, Failures: 0, Errors: 0, Skipped: 0, Time elapsed: 0 s - in leetcode.easy.ContainsDuplicateTest
[12d31cbd-27c5-425c-be86-788626ed9cf0/build]   | [INFO] Running leetcode.easy.AverageOfLevelsInBinaryTreeTest
[12d31cbd-27c5-425c-be86-788626ed9cf0/build]   | [INFO] Tests run: 2, Failures: 0, Errors: 0, Skipped: 0, Time elapsed: 0 s - in leetcode.easy.AverageOfLevelsInBinaryTreeTest
[12d31cbd-27c5-425c-be86-788626ed9cf0/build]   | [INFO] Running leetcode.easy.SymmetricTreeTest
[12d31cbd-27c5-425c-be86-788626ed9cf0/build]   | [INFO] Tests run: 2, Failures: 0, Errors: 0, Skipped: 0, Time elapsed: 0 s - in leetcode.easy.SymmetricTreeTest
[12d31cbd-27c5-425c-be86-788626ed9cf0/build]   | [INFO] Running leetcode.easy.MinimumDepthBinaryTreeTest
[12d31cbd-27c5-425c-be86-788626ed9cf0/build]   | [INFO] Tests run: 2, Failures: 0, Errors: 0, Skipped: 0, Time elapsed: 0 s - in leetcode.easy.MinimumDepthBinaryTreeTest
[12d31cbd-27c5-425c-be86-788626ed9cf0/build]   | [INFO] Running leetcode.easy.CheckIfPangramTest
[12d31cbd-27c5-425c-be86-788626ed9cf0/build]   | [INFO] Tests run: 2, Failures: 0, Errors: 0, Skipped: 0, Time elapsed: 0 s - in leetcode.easy.CheckIfPangramTest
[12d31cbd-27c5-425c-be86-788626ed9cf0/build]   | [INFO] Running leetcode.easy.DiameterOfABinaryTreeTest
[12d31cbd-27c5-425c-be86-788626ed9cf0/build]   | [INFO] Tests run: 2, Failures: 0, Errors: 0, Skipped: 0, Time elapsed: 0.001 s - in leetcode.easy.DiameterOfABinaryTreeTest
[12d31cbd-27c5-425c-be86-788626ed9cf0/build]   | [INFO] Running leetcode.easy.FindAllNumbersDisappearedInAnArrayTest
[12d31cbd-27c5-425c-be86-788626ed9cf0/build]   | [INFO] Tests run: 4, Failures: 0, Errors: 0, Skipped: 0, Time elapsed: 0.001 s - in leetcode.easy.FindAllNumbersDisappearedInAnArrayTest
[12d31cbd-27c5-425c-be86-788626ed9cf0/build]   | [INFO] Running leetcode.easy.SearchInsertPositionTest
[12d31cbd-27c5-425c-be86-788626ed9cf0/build]   | [INFO] Tests run: 3, Failures: 0, Errors: 0, Skipped: 0, Time elapsed: 0 s - in leetcode.easy.SearchInsertPositionTest
[12d31cbd-27c5-425c-be86-788626ed9cf0/build]   | [INFO] Running leetcode.easy.LongestCommonPrefixTest
[12d31cbd-27c5-425c-be86-788626ed9cf0/build]   | [INFO] Tests run: 3, Failures: 0, Errors: 0, Skipped: 0, Time elapsed: 0 s - in leetcode.easy.LongestCommonPrefixTest
[12d31cbd-27c5-425c-be86-788626ed9cf0/build]   | [INFO] Running leetcode.easy.NumbersSmallerThanTheCurrentNumberTest
[12d31cbd-27c5-425c-be86-788626ed9cf0/build]   | [INFO] Tests run: 4, Failures: 0, Errors: 0, Skipped: 0, Time elapsed: 0 s - in leetcode.easy.NumbersSmallerThanTheCurrentNumberTest
[12d31cbd-27c5-425c-be86-788626ed9cf0/build]   | [INFO] Running leetcode.easy.FindCommonCharactersTest
[12d31cbd-27c5-425c-be86-788626ed9cf0/build]   | [INFO] Tests run: 4, Failures: 0, Errors: 0, Skipped: 0, Time elapsed: 0 s - in leetcode.easy.FindCommonCharactersTest
[12d31cbd-27c5-425c-be86-788626ed9cf0/build]   | [INFO] Running leetcode.hard.SerializeAndDeserializeABinaryTreeTest
[12d31cbd-27c5-425c-be86-788626ed9cf0/build]   | [INFO] Tests run: 2, Failures: 0, Errors: 0, Skipped: 0, Time elapsed: 0 s - in leetcode.hard.SerializeAndDeserializeABinaryTreeTest
[12d31cbd-27c5-425c-be86-788626ed9cf0/build]   | [INFO] Running leetcode.hard.TrappingRainWaterIITest
[12d31cbd-27c5-425c-be86-788626ed9cf0/build]   | [INFO] Tests run: 2, Failures: 0, Errors: 0, Skipped: 0, Time elapsed: 0 s - in leetcode.hard.TrappingRainWaterIITest
[12d31cbd-27c5-425c-be86-788626ed9cf0/build]   | [INFO] Running leetcode.hard.TrappingRainWaterTest
[12d31cbd-27c5-425c-be86-788626ed9cf0/build]   | [INFO] Tests run: 5, Failures: 0, Errors: 0, Skipped: 0, Time elapsed: 0 s - in leetcode.hard.TrappingRainWaterTest
[12d31cbd-27c5-425c-be86-788626ed9cf0/build]   | [INFO] Running leetcode.hard.MedianOfTwoSortedArraysTest
[12d31cbd-27c5-425c-be86-788626ed9cf0/build]   | [INFO] Tests run: 3, Failures: 0, Errors: 0, Skipped: 0, Time elapsed: 0 s - in leetcode.hard.MedianOfTwoSortedArraysTest
[12d31cbd-27c5-425c-be86-788626ed9cf0/build]   | [INFO] Running leetcode.hard.LongestValidParenthesesTest
[12d31cbd-27c5-425c-be86-788626ed9cf0/build]   | [INFO] Tests run: 3, Failures: 0, Errors: 0, Skipped: 0, Time elapsed: 0 s - in leetcode.hard.LongestValidParenthesesTest
[12d31cbd-27c5-425c-be86-788626ed9cf0/build]   | [INFO] Running leetcode.hard.MinimumWindowSubstringTest
[12d31cbd-27c5-425c-be86-788626ed9cf0/build]   | [INFO] Tests run: 4, Failures: 0, Errors: 0, Skipped: 0, Time elapsed: 0.001 s - in leetcode.hard.MinimumWindowSubstringTest
[12d31cbd-27c5-425c-be86-788626ed9cf0/build]   | [INFO] Running leetcode.medium.SwapNodesInPairsTest
[12d31cbd-27c5-425c-be86-788626ed9cf0/build]   | [INFO] Tests run: 3, Failures: 0, Errors: 0, Skipped: 0, Time elapsed: 0.001 s - in leetcode.medium.SwapNodesInPairsTest
[12d31cbd-27c5-425c-be86-788626ed9cf0/build]   | [INFO] Running leetcode.medium.PartitionLabelsTest
[12d31cbd-27c5-425c-be86-788626ed9cf0/build]   | [INFO] Tests run: 3, Failures: 0, Errors: 0, Skipped: 0, Time elapsed: 0.002 s - in leetcode.medium.PartitionLabelsTest
[12d31cbd-27c5-425c-be86-788626ed9cf0/build]   | [INFO] Running leetcode.medium.PermutationsTest
[12d31cbd-27c5-425c-be86-788626ed9cf0/build]   | [INFO] Tests run: 2, Failures: 0, Errors: 0, Skipped: 0, Time elapsed: 0 s - in leetcode.medium.PermutationsTest
[12d31cbd-27c5-425c-be86-788626ed9cf0/build]   | [INFO] Running leetcode.medium.BinaryTreeZigzagLevelOrderTraversalTest
[12d31cbd-27c5-425c-be86-788626ed9cf0/build]   | [INFO] Tests run: 2, Failures: 0, Errors: 0, Skipped: 0, Time elapsed: 0 s - in leetcode.medium.BinaryTreeZigzagLevelOrderTraversalTest
[12d31cbd-27c5-425c-be86-788626ed9cf0/build]   | [INFO] Running leetcode.medium.SortColorsTest
[12d31cbd-27c5-425c-be86-788626ed9cf0/build]   | [INFO] Tests run: 3, Failures: 0, Errors: 0, Skipped: 0, Time elapsed: 0 s - in leetcode.medium.SortColorsTest
[12d31cbd-27c5-425c-be86-788626ed9cf0/build]   | [INFO] Running leetcode.medium.LongestConsecutiveSequenceTest
[12d31cbd-27c5-425c-be86-788626ed9cf0/build]   | [INFO] Tests run: 4, Failures: 0, Errors: 0, Skipped: 0, Time elapsed: 0 s - in leetcode.medium.LongestConsecutiveSequenceTest
[12d31cbd-27c5-425c-be86-788626ed9cf0/build]   | [INFO] Running leetcode.medium.ThreeSumClosestTest
[12d31cbd-27c5-425c-be86-788626ed9cf0/build]   | [INFO] Tests run: 3, Failures: 0, Errors: 0, Skipped: 0, Time elapsed: 0.002 s - in leetcode.medium.ThreeSumClosestTest
[12d31cbd-27c5-425c-be86-788626ed9cf0/build]   | [INFO] Running leetcode.medium.LRUCacheTest
[12d31cbd-27c5-425c-be86-788626ed9cf0/build]   | [INFO] Tests run: 1, Failures: 0, Errors: 0, Skipped: 0, Time elapsed: 0 s - in leetcode.medium.LRUCacheTest
[12d31cbd-27c5-425c-be86-788626ed9cf0/build]   | [INFO] Running leetcode.medium.IsomorphicStringsTest
[12d31cbd-27c5-425c-be86-788626ed9cf0/build]   | [INFO] Tests run: 4, Failures: 0, Errors: 0, Skipped: 0, Time elapsed: 0.001 s - in leetcode.medium.IsomorphicStringsTest
[12d31cbd-27c5-425c-be86-788626ed9cf0/build]   | [INFO] Running leetcode.medium.ValidTicTacToeStateTest
[12d31cbd-27c5-425c-be86-788626ed9cf0/build]   | [INFO] Tests run: 4, Failures: 0, Errors: 0, Skipped: 0, Time elapsed: 0 s - in leetcode.medium.ValidTicTacToeStateTest
[12d31cbd-27c5-425c-be86-788626ed9cf0/build]   | [INFO] Running leetcode.medium.FindTheDuplicateNumberTest
[12d31cbd-27c5-425c-be86-788626ed9cf0/build]   | [INFO] Tests run: 5, Failures: 0, Errors: 0, Skipped: 0, Time elapsed: 0.003 s - in leetcode.medium.FindTheDuplicateNumberTest
[12d31cbd-27c5-425c-be86-788626ed9cf0/build]   | [INFO] Running leetcode.medium.SubsetsIITest
[12d31cbd-27c5-425c-be86-788626ed9cf0/build]   | [INFO] Tests run: 1, Failures: 0, Errors: 0, Skipped: 0, Time elapsed: 0 s - in leetcode.medium.SubsetsIITest
[12d31cbd-27c5-425c-be86-788626ed9cf0/build]   | [INFO] Running leetcode.medium.SearchA2DMatrixTest
[12d31cbd-27c5-425c-be86-788626ed9cf0/build]   | [INFO] Tests run: 2, Failures: 0, Errors: 0, Skipped: 0, Time elapsed: 0 s - in leetcode.medium.SearchA2DMatrixTest
[12d31cbd-27c5-425c-be86-788626ed9cf0/build]   | [INFO] Running leetcode.medium.TopKFrequentWordsTest
[12d31cbd-27c5-425c-be86-788626ed9cf0/build]   | [INFO] Tests run: 2, Failures: 0, Errors: 0, Skipped: 0, Time elapsed: 0.002 s - in leetcode.medium.TopKFrequentWordsTest
[12d31cbd-27c5-425c-be86-788626ed9cf0/build]   | [INFO] Running leetcode.medium.LongestPalindromicSubstringTest
[12d31cbd-27c5-425c-be86-788626ed9cf0/build]   | [INFO] Tests run: 2, Failures: 0, Errors: 0, Skipped: 0, Time elapsed: 0.001 s - in leetcode.medium.LongestPalindromicSubstringTest
[12d31cbd-27c5-425c-be86-788626ed9cf0/build]   | [INFO] Running leetcode.medium.GenerateParanthesesTest
[12d31cbd-27c5-425c-be86-788626ed9cf0/build]   | [INFO] Tests run: 1, Failures: 0, Errors: 0, Skipped: 0, Time elapsed: 0 s - in leetcode.medium.GenerateParanthesesTest
[12d31cbd-27c5-425c-be86-788626ed9cf0/build]   | [INFO] Running leetcode.medium.HouseRobberIIITest
[12d31cbd-27c5-425c-be86-788626ed9cf0/build]   | [INFO] Tests run: 2, Failures: 0, Errors: 0, Skipped: 0, Time elapsed: 0 s - in leetcode.medium.HouseRobberIIITest
[12d31cbd-27c5-425c-be86-788626ed9cf0/build]   | [INFO] Running leetcode.medium.LongestCommonSubsequenceTest
[12d31cbd-27c5-425c-be86-788626ed9cf0/build]   | [INFO] Tests run: 4, Failures: 0, Errors: 0, Skipped: 0, Time elapsed: 0 s - in leetcode.medium.LongestCommonSubsequenceTest
[12d31cbd-27c5-425c-be86-788626ed9cf0/build]   | [INFO] Running leetcode.medium.PermutationsIITest
[12d31cbd-27c5-425c-be86-788626ed9cf0/build]   | [1, 1, 2]
[12d31cbd-27c5-425c-be86-788626ed9cf0/build]   | [1, 2, 1]
[12d31cbd-27c5-425c-be86-788626ed9cf0/build]   | [2, 1, 1]
[12d31cbd-27c5-425c-be86-788626ed9cf0/build]   | [INFO] Tests run: 2, Failures: 0, Errors: 0, Skipped: 0, Time elapsed: 0.001 s - in leetcode.medium.PermutationsIITest
[12d31cbd-27c5-425c-be86-788626ed9cf0/build]   | [INFO] Running leetcode.medium.MinimumDominoRotationsForEqualRowTest
[12d31cbd-27c5-425c-be86-788626ed9cf0/build]   | [INFO] Tests run: 2, Failures: 0, Errors: 0, Skipped: 0, Time elapsed: 0 s - in leetcode.medium.MinimumDominoRotationsForEqualRowTest
[12d31cbd-27c5-425c-be86-788626ed9cf0/build]   | [INFO] Running leetcode.medium.BinaryTreeFromPreorderInOrderTraversalTest
[12d31cbd-27c5-425c-be86-788626ed9cf0/build]   | [INFO] Tests run: 2, Failures: 0, Errors: 0, Skipped: 0, Time elapsed: 0 s - in leetcode.medium.BinaryTreeFromPreorderInOrderTraversalTest
[12d31cbd-27c5-425c-be86-788626ed9cf0/build]   | [INFO] Running leetcode.medium.RotateImageTest
[12d31cbd-27c5-425c-be86-788626ed9cf0/build]   | [INFO] Tests run: 4, Failures: 0, Errors: 0, Skipped: 0, Time elapsed: 0 s - in leetcode.medium.RotateImageTest
[12d31cbd-27c5-425c-be86-788626ed9cf0/build]   | [INFO] Running leetcode.medium.FindAllDuplicatesInAnArrayTest
[12d31cbd-27c5-425c-be86-788626ed9cf0/build]   | [INFO] Tests run: 3, Failures: 0, Errors: 0, Skipped: 0, Time elapsed: 0 s - in leetcode.medium.FindAllDuplicatesInAnArrayTest
[12d31cbd-27c5-425c-be86-788626ed9cf0/build]   | [INFO] Running leetcode.medium.OnlineStockSpanTest
[12d31cbd-27c5-425c-be86-788626ed9cf0/build]   | [ERROR] Tests run: 6, Failures: 1, Errors: 0, Skipped: 0, Time elapsed: 0.01 s <<< FAILURE! - in leetcode.medium.OnlineStockSpanTest
[12d31cbd-27c5-425c-be86-788626ed9cf0/build]   | [ERROR] testCalculateSpans6  Time elapsed: 0.009 s  <<< FAILURE!
[12d31cbd-27c5-425c-be86-788626ed9cf0/build]   | org.opentest4j.AssertionFailedError: array contents differ at index [1], expected: <1> but was: <2>
[12d31cbd-27c5-425c-be86-788626ed9cf0/build]   | 	at leetcode.medium.OnlineStockSpanTest.testCalculateSpans6(OnlineStockSpanTest.java:66)
[12d31cbd-27c5-425c-be86-788626ed9cf0/build]   | 
[12d31cbd-27c5-425c-be86-788626ed9cf0/build]   | [INFO] Running leetcode.medium.ThreeSumTest
[12d31cbd-27c5-425c-be86-788626ed9cf0/build]   | [INFO] Tests run: 3, Failures: 0, Errors: 0, Skipped: 0, Time elapsed: 0 s - in leetcode.medium.ThreeSumTest
[12d31cbd-27c5-425c-be86-788626ed9cf0/build]   | [INFO] Running leetcode.medium.HouseRobberTest
[12d31cbd-27c5-425c-be86-788626ed9cf0/build]   | [INFO] Tests run: 4, Failures: 0, Errors: 0, Skipped: 0, Time elapsed: 0 s - in leetcode.medium.HouseRobberTest
[12d31cbd-27c5-425c-be86-788626ed9cf0/build]   | [INFO] Running leetcode.medium.ProductOfArrayExceptSelfTest
[12d31cbd-27c5-425c-be86-788626ed9cf0/build]   | [INFO] Tests run: 3, Failures: 0, Errors: 0, Skipped: 0, Time elapsed: 0 s - in leetcode.medium.ProductOfArrayExceptSelfTest
[12d31cbd-27c5-425c-be86-788626ed9cf0/build]   | [INFO] Running leetcode.medium.LongestSubstringWithoutRepeatingCharactersTest
[12d31cbd-27c5-425c-be86-788626ed9cf0/build]   | [INFO] Tests run: 4, Failures: 0, Errors: 0, Skipped: 0, Time elapsed: 0 s - in leetcode.medium.LongestSubstringWithoutRepeatingCharactersTest
[12d31cbd-27c5-425c-be86-788626ed9cf0/build]   | [INFO] Running leetcode.medium.CountServersThatCommunicateTest
[12d31cbd-27c5-425c-be86-788626ed9cf0/build]   | [INFO] Tests run: 3, Failures: 0, Errors: 0, Skipped: 0, Time elapsed: 0 s - in leetcode.medium.CountServersThatCommunicateTest
[12d31cbd-27c5-425c-be86-788626ed9cf0/build]   | [INFO] Running leetcode.medium.SearchInRotatedSortedArrayTest
[12d31cbd-27c5-425c-be86-788626ed9cf0/build]   | [INFO] Tests run: 2, Failures: 0, Errors: 0, Skipped: 0, Time elapsed: 0 s - in leetcode.medium.SearchInRotatedSortedArrayTest
[12d31cbd-27c5-425c-be86-788626ed9cf0/build]   | [INFO] Running leetcode.medium.FirstAndLastPositionOfElementInSortedArrayTest
[12d31cbd-27c5-425c-be86-788626ed9cf0/build]   | [INFO] Tests run: 4, Failures: 0, Errors: 0, Skipped: 0, Time elapsed: 0 s - in leetcode.medium.FirstAndLastPositionOfElementInSortedArrayTest
[12d31cbd-27c5-425c-be86-788626ed9cf0/build]   | [INFO] Running leetcode.medium.SubsetsTest
[12d31cbd-27c5-425c-be86-788626ed9cf0/build]   | [INFO] Tests run: 2, Failures: 0, Errors: 0, Skipped: 0, Time elapsed: 0 s - in leetcode.medium.SubsetsTest
[12d31cbd-27c5-425c-be86-788626ed9cf0/build]   | [INFO] Running leetcode.medium.ValidSudokuTest
[12d31cbd-27c5-425c-be86-788626ed9cf0/build]   | [INFO] Tests run: 2, Failures: 0, Errors: 0, Skipped: 0, Time elapsed: 0 s - in leetcode.medium.ValidSudokuTest
[12d31cbd-27c5-425c-be86-788626ed9cf0/build]   | [INFO] Running leetcode.medium.ContainerWithMostWaterTest
[12d31cbd-27c5-425c-be86-788626ed9cf0/build]   | [INFO] Tests run: 4, Failures: 0, Errors: 0, Skipped: 0, Time elapsed: 0.001 s - in leetcode.medium.ContainerWithMostWaterTest
[12d31cbd-27c5-425c-be86-788626ed9cf0/build]   | [INFO] Running leetcode.medium.AddTwoNumbersTest
[12d31cbd-27c5-425c-be86-788626ed9cf0/build]   | [INFO] Tests run: 2, Failures: 0, Errors: 0, Skipped: 0, Time elapsed: 0.001 s - in leetcode.medium.AddTwoNumbersTest
[12d31cbd-27c5-425c-be86-788626ed9cf0/build]   | [INFO] Running leetcode.medium.AddTwoNumbersIITest
[12d31cbd-27c5-425c-be86-788626ed9cf0/build]   | [INFO] Tests run: 1, Failures: 0, Errors: 0, Skipped: 0, Time elapsed: 0 s - in leetcode.medium.AddTwoNumbersIITest
[12d31cbd-27c5-425c-be86-788626ed9cf0/build]   | [INFO] Running leetcode.medium.DailyTemperaturesTest
[12d31cbd-27c5-425c-be86-788626ed9cf0/build]   | [INFO] Tests run: 3, Failures: 0, Errors: 0, Skipped: 0, Time elapsed: 0 s - in leetcode.medium.DailyTemperaturesTest
[12d31cbd-27c5-425c-be86-788626ed9cf0/build]   | [INFO] Running leetcode.medium.EditDistanceTest
[12d31cbd-27c5-425c-be86-788626ed9cf0/build]   | [INFO] Tests run: 3, Failures: 0, Errors: 0, Skipped: 0, Time elapsed: 0 s - in leetcode.medium.EditDistanceTest
[12d31cbd-27c5-425c-be86-788626ed9cf0/build]   | [INFO] Running leetcode.medium.TriangleTest
[12d31cbd-27c5-425c-be86-788626ed9cf0/build]   | [INFO] Tests run: 3, Failures: 0, Errors: 0, Skipped: 0, Time elapsed: 0 s - in leetcode.medium.TriangleTest
[12d31cbd-27c5-425c-be86-788626ed9cf0/build]   | [INFO] Running leetcode.medium.TopKFrequentElementsTest
[12d31cbd-27c5-425c-be86-788626ed9cf0/build]   | [INFO] Tests run: 3, Failures: 0, Errors: 0, Skipped: 0, Time elapsed: 0.001 s - in leetcode.medium.TopKFrequentElementsTest
[12d31cbd-27c5-425c-be86-788626ed9cf0/build]   | [INFO] Running leetcode.medium.LowestCommonAncestorOfBinaryTreeTest
[12d31cbd-27c5-425c-be86-788626ed9cf0/build]   | [INFO] Tests run: 1, Failures: 0, Errors: 0, Skipped: 0, Time elapsed: 0 s - in leetcode.medium.LowestCommonAncestorOfBinaryTreeTest
[12d31cbd-27c5-425c-be86-788626ed9cf0/build]   | [INFO] Running leetcode.medium.CoinChangeTest
[12d31cbd-27c5-425c-be86-788626ed9cf0/build]   | [INFO] Tests run: 3, Failures: 0, Errors: 0, Skipped: 0, Time elapsed: 0.001 s - in leetcode.medium.CoinChangeTest
[12d31cbd-27c5-425c-be86-788626ed9cf0/build]   | [INFO] Running leetcode.medium.DecodeStringTest
[12d31cbd-27c5-425c-be86-788626ed9cf0/build]   | [INFO] Tests run: 6, Failures: 0, Errors: 0, Skipped: 0, Time elapsed: 0.002 s - in leetcode.medium.DecodeStringTest
[12d31cbd-27c5-425c-be86-788626ed9cf0/build]   | [INFO] Running leetcode.medium.OddEvenLinkedListTest
[12d31cbd-27c5-425c-be86-788626ed9cf0/build]   | [INFO] Tests run: 2, Failures: 0, Errors: 0, Skipped: 0, Time elapsed: 0 s - in leetcode.medium.OddEvenLinkedListTest
[12d31cbd-27c5-425c-be86-788626ed9cf0/build]   | [INFO] Running leetcode.medium.SetMatrixZeroesTest
[12d31cbd-27c5-425c-be86-788626ed9cf0/build]   | [INFO] Tests run: 2, Failures: 0, Errors: 0, Skipped: 0, Time elapsed: 0 s - in leetcode.medium.SetMatrixZeroesTest
[12d31cbd-27c5-425c-be86-788626ed9cf0/build]   | [INFO] Running leetcode.medium.MaximumBinaryTreeTest
[12d31cbd-27c5-425c-be86-788626ed9cf0/build]   | [INFO] Tests run: 1, Failures: 0, Errors: 0, Skipped: 0, Time elapsed: 0 s - in leetcode.medium.MaximumBinaryTreeTest
[12d31cbd-27c5-425c-be86-788626ed9cf0/build]   | [INFO] Running leetcode.medium.MergeIntervalsTest
[12d31cbd-27c5-425c-be86-788626ed9cf0/build]   | [INFO] Tests run: 3, Failures: 0, Errors: 0, Skipped: 0, Time elapsed: 0.001 s - in leetcode.medium.MergeIntervalsTest
[12d31cbd-27c5-425c-be86-788626ed9cf0/build]   | [INFO] Running leetcode.medium.GroupAnagramsTest
[12d31cbd-27c5-425c-be86-788626ed9cf0/build]   | [INFO] Tests run: 2, Failures: 0, Errors: 0, Skipped: 0, Time elapsed: 0.001 s - in leetcode.medium.GroupAnagramsTest
[12d31cbd-27c5-425c-be86-788626ed9cf0/build]   | [INFO] Running leetcode.medium.ReorganizeStringTest
[12d31cbd-27c5-425c-be86-788626ed9cf0/build]   | [INFO] Tests run: 3, Failures: 0, Errors: 0, Skipped: 0, Time elapsed: 0.001 s - in leetcode.medium.ReorganizeStringTest
[12d31cbd-27c5-425c-be86-788626ed9cf0/build]   | [INFO] Running leetcode.medium.MaximumProductSubarrayTest
[12d31cbd-27c5-425c-be86-788626ed9cf0/build]   | [INFO] Tests run: 4, Failures: 0, Errors: 0, Skipped: 0, Time elapsed: 0.001 s - in leetcode.medium.MaximumProductSubarrayTest
[12d31cbd-27c5-425c-be86-788626ed9cf0/build]   | [INFO] Running leetcode.medium.ReverseWordsInAStringTest
[12d31cbd-27c5-425c-be86-788626ed9cf0/build]   | [INFO] Tests run: 3, Failures: 0, Errors: 0, Skipped: 0, Time elapsed: 0.001 s - in leetcode.medium.ReverseWordsInAStringTest
[12d31cbd-27c5-425c-be86-788626ed9cf0/build]   | [INFO] Running leetcode.medium.SpiralMatrixTest
[12d31cbd-27c5-425c-be86-788626ed9cf0/build]   | [INFO] Tests run: 5, Failures: 0, Errors: 0, Skipped: 0, Time elapsed: 0.001 s - in leetcode.medium.SpiralMatrixTest
[12d31cbd-27c5-425c-be86-788626ed9cf0/build]   | [INFO] Running leetcode.medium.SubtreeOfAnotherTreeTest
[12d31cbd-27c5-425c-be86-788626ed9cf0/build]   | [INFO] Tests run: 2, Failures: 0, Errors: 0, Skipped: 0, Time elapsed: 0 s - in leetcode.medium.SubtreeOfAnotherTreeTest
[12d31cbd-27c5-425c-be86-788626ed9cf0/build]   | [INFO] Running leetcode.medium.TicTacToeTest
[12d31cbd-27c5-425c-be86-788626ed9cf0/build]   | [INFO] Tests run: 3, Failures: 0, Errors: 0, Skipped: 0, Time elapsed: 0.001 s - in leetcode.medium.TicTacToeTest
[12d31cbd-27c5-425c-be86-788626ed9cf0/build]   | [INFO] Running leetcode.medium.HouseRobberIITest
[12d31cbd-27c5-425c-be86-788626ed9cf0/build]   | [INFO] Tests run: 5, Failures: 0, Errors: 0, Skipped: 0, Time elapsed: 0 s - in leetcode.medium.HouseRobberIITest
[12d31cbd-27c5-425c-be86-788626ed9cf0/build]   | [INFO] 
[12d31cbd-27c5-425c-be86-788626ed9cf0/build]   | [INFO] Results:
[12d31cbd-27c5-425c-be86-788626ed9cf0/build]   | [INFO] 
[12d31cbd-27c5-425c-be86-788626ed9cf0/build]   | [ERROR] Failures: 
[12d31cbd-27c5-425c-be86-788626ed9cf0/build]   | [ERROR]   OnlineStockSpanTest.testCalculateSpans6:66 array contents differ at index [1], expected: <1> but was: <2>
[12d31cbd-27c5-425c-be86-788626ed9cf0/build]   | [INFO] 
[12d31cbd-27c5-425c-be86-788626ed9cf0/build]   | [ERROR] Tests run: 410, Failures: 1, Errors: 0, Skipped: 0
[12d31cbd-27c5-425c-be86-788626ed9cf0/build]   | [INFO] 
[12d31cbd-27c5-425c-be86-788626ed9cf0/build]   | [INFO] ------------------------------------------------------------------------
[12d31cbd-27c5-425c-be86-788626ed9cf0/build]   | [INFO] BUILD FAILURE
[12d31cbd-27c5-425c-be86-788626ed9cf0/build]   | [INFO] ------------------------------------------------------------------------
[12d31cbd-27c5-425c-be86-788626ed9cf0/build]   | [INFO] Total time:  10.914 s
[12d31cbd-27c5-425c-be86-788626ed9cf0/build]   | [INFO] Finished at: 2023-11-23T17:24:29Z
[12d31cbd-27c5-425c-be86-788626ed9cf0/build]   | [INFO] ------------------------------------------------------------------------
[12d31cbd-27c5-425c-be86-788626ed9cf0/build]   | [ERROR] Failed to execute goal org.apache.maven.plugins:maven-surefire-plugin:2.22.1:test (default-test) on project java-solutions: There are test failures.
[12d31cbd-27c5-425c-be86-788626ed9cf0/build]   | [ERROR] 
[12d31cbd-27c5-425c-be86-788626ed9cf0/build]   | [ERROR] Please refer to /tmp/7c89ba32-9821-4414-b02d-b9cbb015ffa7/target/surefire-reports for the individual test results.
[12d31cbd-27c5-425c-be86-788626ed9cf0/build]   | [ERROR] Please refer to dump files (if any exist) [date].dump, [date]-jvmRun[N].dump and [date].dumpstream.
[12d31cbd-27c5-425c-be86-788626ed9cf0/build]   | [ERROR] -> [Help 1]
[12d31cbd-27c5-425c-be86-788626ed9cf0/build]   | [ERROR] 
[12d31cbd-27c5-425c-be86-788626ed9cf0/build]   | [ERROR] To see the full stack trace of the errors, re-run Maven with the -e switch.
[12d31cbd-27c5-425c-be86-788626ed9cf0/build]   | [ERROR] Re-run Maven using the -X switch to enable full debug logging.
[12d31cbd-27c5-425c-be86-788626ed9cf0/build]   | [ERROR] 
[12d31cbd-27c5-425c-be86-788626ed9cf0/build]   | [ERROR] For more information about the errors and possible solutions, please read the following articles:
[12d31cbd-27c5-425c-be86-788626ed9cf0/build]   | [ERROR] [Help 1] http://cwiki.apache.org/confluence/display/MAVEN/MojoFailureException
[12d31cbd-27c5-425c-be86-788626ed9cf0/build]   ❌  Failure - Main Build with Maven
[12d31cbd-27c5-425c-be86-788626ed9cf0/build] exitcode '1': failure
[12d31cbd-27c5-425c-be86-788626ed9cf0/build] unable to get git ref: failed to identify reference (tag/branch) for the checked-out revision '7a73ea56d05ff1f0fa085da259d02cb247b29db8'
[12d31cbd-27c5-425c-be86-788626ed9cf0/build] unable to get git ref: failed to identify reference (tag/branch) for the checked-out revision '7a73ea56d05ff1f0fa085da259d02cb247b29db8'
[12d31cbd-27c5-425c-be86-788626ed9cf0/build] unable to get git ref: failed to identify reference (tag/branch) for the checked-out revision '7a73ea56d05ff1f0fa085da259d02cb247b29db8'
[12d31cbd-27c5-425c-be86-788626ed9cf0/build] unable to get git ref: failed to identify reference (tag/branch) for the checked-out revision '7a73ea56d05ff1f0fa085da259d02cb247b29db8'
[12d31cbd-27c5-425c-be86-788626ed9cf0/build] unable to get git ref: failed to identify reference (tag/branch) for the checked-out revision '7a73ea56d05ff1f0fa085da259d02cb247b29db8'
[12d31cbd-27c5-425c-be86-788626ed9cf0/build] ⭐ Run Post Set up JDK
[12d31cbd-27c5-425c-be86-788626ed9cf0/build]   🐳  docker exec cmd=[node /var/run/act/actions/actions-setup-java@v3/dist/cleanup/index.js] user= workdir=
[12d31cbd-27c5-425c-be86-788626ed9cf0/build]   ✅  Success - Post Set up JDK
[12d31cbd-27c5-425c-be86-788626ed9cf0/build] 🏁  Job failed
[12d31cbd-27c5-425c-be86-788626ed9cf0/build] unable to get git ref: failed to identify reference (tag/branch) for the checked-out revision '7a73ea56d05ff1f0fa085da259d02cb247b29db8'
