[1d0f13a1-6101-41a5-8a97-2fa456a59cb4/build] üöÄ  Start image=gitbugactions:latest
[1d0f13a1-6101-41a5-8a97-2fa456a59cb4/build]   üê≥  docker pull image=gitbugactions:latest platform= username= forcePull=false
[1d0f13a1-6101-41a5-8a97-2fa456a59cb4/build]   üê≥  docker create image=gitbugactions:latest platform= entrypoint=["tail" "-f" "/dev/null"] cmd=[]
[1d0f13a1-6101-41a5-8a97-2fa456a59cb4/build]   üê≥  docker run image=gitbugactions:latest platform= entrypoint=["tail" "-f" "/dev/null"] cmd=[]
[1d0f13a1-6101-41a5-8a97-2fa456a59cb4/build]   üê≥  docker exec cmd=[chown -R 1012:1013 /tmp/15a1b9d4-edb6-40f8-99d6-c205bed039ce] user=0 workdir=
[1d0f13a1-6101-41a5-8a97-2fa456a59cb4/build] unable to get git ref: failed to identify reference (tag/branch) for the checked-out revision 'cc9afea03634099f464c8115cca5afe21fec2781'
[1d0f13a1-6101-41a5-8a97-2fa456a59cb4/build] unable to get git ref: failed to identify reference (tag/branch) for the checked-out revision 'cc9afea03634099f464c8115cca5afe21fec2781'
[1d0f13a1-6101-41a5-8a97-2fa456a59cb4/build] unable to get git ref: failed to identify reference (tag/branch) for the checked-out revision 'cc9afea03634099f464c8115cca5afe21fec2781'
[1d0f13a1-6101-41a5-8a97-2fa456a59cb4/build] unable to get git ref: failed to identify reference (tag/branch) for the checked-out revision 'cc9afea03634099f464c8115cca5afe21fec2781'
[1d0f13a1-6101-41a5-8a97-2fa456a59cb4/build] unable to get git ref: failed to identify reference (tag/branch) for the checked-out revision 'cc9afea03634099f464c8115cca5afe21fec2781'
[1d0f13a1-6101-41a5-8a97-2fa456a59cb4/build] unable to get git ref: failed to identify reference (tag/branch) for the checked-out revision 'cc9afea03634099f464c8115cca5afe21fec2781'
[1d0f13a1-6101-41a5-8a97-2fa456a59cb4/build] unable to get git ref: failed to identify reference (tag/branch) for the checked-out revision 'cc9afea03634099f464c8115cca5afe21fec2781'
[1d0f13a1-6101-41a5-8a97-2fa456a59cb4/build] unable to get git ref: failed to identify reference (tag/branch) for the checked-out revision 'cc9afea03634099f464c8115cca5afe21fec2781'
[1d0f13a1-6101-41a5-8a97-2fa456a59cb4/build] unable to get git ref: failed to identify reference (tag/branch) for the checked-out revision 'cc9afea03634099f464c8115cca5afe21fec2781'
[1d0f13a1-6101-41a5-8a97-2fa456a59cb4/build] ‚≠ê Run Main actions/checkout@v2
[1d0f13a1-6101-41a5-8a97-2fa456a59cb4/build] unable to get git ref: failed to identify reference (tag/branch) for the checked-out revision 'cc9afea03634099f464c8115cca5afe21fec2781'
[1d0f13a1-6101-41a5-8a97-2fa456a59cb4/build] unable to get git ref: failed to identify reference (tag/branch) for the checked-out revision 'cc9afea03634099f464c8115cca5afe21fec2781'
[1d0f13a1-6101-41a5-8a97-2fa456a59cb4/build]   üê≥  docker cp src=/tmp/15a1b9d4-edb6-40f8-99d6-c205bed039ce/. dst=/tmp/15a1b9d4-edb6-40f8-99d6-c205bed039ce
[1d0f13a1-6101-41a5-8a97-2fa456a59cb4/build]   üê≥  docker exec cmd=[chown -R 1012:1013 /tmp/15a1b9d4-edb6-40f8-99d6-c205bed039ce] user=0 workdir=
[1d0f13a1-6101-41a5-8a97-2fa456a59cb4/build]   ‚úÖ  Success - Main actions/checkout@v2
[1d0f13a1-6101-41a5-8a97-2fa456a59cb4/build] unable to get git ref: failed to identify reference (tag/branch) for the checked-out revision 'cc9afea03634099f464c8115cca5afe21fec2781'
[1d0f13a1-6101-41a5-8a97-2fa456a59cb4/build] unable to get git ref: failed to identify reference (tag/branch) for the checked-out revision 'cc9afea03634099f464c8115cca5afe21fec2781'
[1d0f13a1-6101-41a5-8a97-2fa456a59cb4/build] unable to get git ref: failed to identify reference (tag/branch) for the checked-out revision 'cc9afea03634099f464c8115cca5afe21fec2781'
[1d0f13a1-6101-41a5-8a97-2fa456a59cb4/build] unable to get git ref: failed to identify reference (tag/branch) for the checked-out revision 'cc9afea03634099f464c8115cca5afe21fec2781'
[1d0f13a1-6101-41a5-8a97-2fa456a59cb4/build] unable to get git ref: failed to identify reference (tag/branch) for the checked-out revision 'cc9afea03634099f464c8115cca5afe21fec2781'
[1d0f13a1-6101-41a5-8a97-2fa456a59cb4/build] ‚≠ê Run Main Set up JDK 17
[1d0f13a1-6101-41a5-8a97-2fa456a59cb4/build] unable to get git ref: failed to identify reference (tag/branch) for the checked-out revision 'cc9afea03634099f464c8115cca5afe21fec2781'
[1d0f13a1-6101-41a5-8a97-2fa456a59cb4/build] unable to get git ref: failed to identify reference (tag/branch) for the checked-out revision 'cc9afea03634099f464c8115cca5afe21fec2781'
[1d0f13a1-6101-41a5-8a97-2fa456a59cb4/build] unable to get git ref: failed to identify reference (tag/branch) for the checked-out revision 'cc9afea03634099f464c8115cca5afe21fec2781'
[1d0f13a1-6101-41a5-8a97-2fa456a59cb4/build]   üê≥  docker cp src=/tmp/act-cache/80aca6b1-1cdc-490c-bd64-d0d90a7d42fb/act/actions-setup-java@v2/ dst=/var/run/act/actions/actions-setup-java@v2/
[1d0f13a1-6101-41a5-8a97-2fa456a59cb4/build]   üê≥  docker exec cmd=[chown -R 1012:1013 /var/run/act/actions/actions-setup-java@v2/] user=0 workdir=
[1d0f13a1-6101-41a5-8a97-2fa456a59cb4/build]   üê≥  docker exec cmd=[node /var/run/act/actions/actions-setup-java@v2/dist/setup/index.js] user= workdir=
[1d0f13a1-6101-41a5-8a97-2fa456a59cb4/build]   | Trying to resolve the latest version from remote
[1d0f13a1-6101-41a5-8a97-2fa456a59cb4/build]   | Resolved latest version as 17.0.9+9
[1d0f13a1-6101-41a5-8a97-2fa456a59cb4/build]   | Trying to download...
[1d0f13a1-6101-41a5-8a97-2fa456a59cb4/build]   | Downloading Java 17.0.9+9 (Adopt-Hotspot) from https://github.com/adoptium/temurin17-binaries/releases/download/jdk-17.0.9%2B9/OpenJDK17U-jdk_x64_linux_hotspot_17.0.9_9.tar.gz ...
[1d0f13a1-6101-41a5-8a97-2fa456a59cb4/build]   üí¨  ::debug::Downloading https://github.com/adoptium/temurin17-binaries/releases/download/jdk-17.0.9%252B9/OpenJDK17U-jdk_x64_linux_hotspot_17.0.9_9.tar.gz
[1d0f13a1-6101-41a5-8a97-2fa456a59cb4/build]   üí¨  ::debug::Destination /tmp/279b4cba-b20a-4086-855f-38be3609209f
[1d0f13a1-6101-41a5-8a97-2fa456a59cb4/build]   üí¨  ::debug::download complete
[1d0f13a1-6101-41a5-8a97-2fa456a59cb4/build]   | Extracting Java archive...
[1d0f13a1-6101-41a5-8a97-2fa456a59cb4/build]   üí¨  ::debug::Checking tar --version
[1d0f13a1-6101-41a5-8a97-2fa456a59cb4/build]   üí¨  ::debug::tar (GNU tar) 1.34%0ACopyright (C) 2021 Free Software Foundation, Inc.%0ALicense GPLv3+: GNU GPL version 3 or later <https://gnu.org/licenses/gpl.html>.%0AThis is free software: you are free to change and redistribute it.%0AThere is NO WARRANTY, to the extent permitted by law.%0A%0AWritten by John Gilmore and Jay Fenlason.
[1d0f13a1-6101-41a5-8a97-2fa456a59cb4/build]   | [command]/usr/bin/tar xz --warning=no-unknown-keyword -C /tmp/19ed3c32-2593-4863-be88-8f3f71e9e44d -f /tmp/279b4cba-b20a-4086-855f-38be3609209f
[1d0f13a1-6101-41a5-8a97-2fa456a59cb4/build]   üí¨  ::debug::Caching tool Java_Adopt_jdk 17.0.9-9 x64
[1d0f13a1-6101-41a5-8a97-2fa456a59cb4/build]   üí¨  ::debug::source dir: /tmp/19ed3c32-2593-4863-be88-8f3f71e9e44d/jdk-17.0.9+9
[1d0f13a1-6101-41a5-8a97-2fa456a59cb4/build]   üí¨  ::debug::destination /opt/hostedtoolcache/Java_Adopt_jdk/17.0.9-9/x64
[1d0f13a1-6101-41a5-8a97-2fa456a59cb4/build]   üí¨  ::debug::finished caching tool
[1d0f13a1-6101-41a5-8a97-2fa456a59cb4/build]   | Java 17.0.9+9 was downloaded
[1d0f13a1-6101-41a5-8a97-2fa456a59cb4/build]   | Setting Java 17.0.9+9 as the default
[1d0f13a1-6101-41a5-8a97-2fa456a59cb4/build]   | 
[1d0f13a1-6101-41a5-8a97-2fa456a59cb4/build]   | Java configuration:
[1d0f13a1-6101-41a5-8a97-2fa456a59cb4/build]   |   Distribution: adopt
[1d0f13a1-6101-41a5-8a97-2fa456a59cb4/build]   |   Version: 17.0.9+9
[1d0f13a1-6101-41a5-8a97-2fa456a59cb4/build]   |   Path: /opt/hostedtoolcache/Java_Adopt_jdk/17.0.9-9/x64
[1d0f13a1-6101-41a5-8a97-2fa456a59cb4/build]   | 
[1d0f13a1-6101-41a5-8a97-2fa456a59cb4/build]   ‚ùì add-matcher /run/act/actions/actions-setup-java@v2/.github/java.json
[1d0f13a1-6101-41a5-8a97-2fa456a59cb4/build]   | Creating settings.xml with server-id: github
[1d0f13a1-6101-41a5-8a97-2fa456a59cb4/build]   | Writing to /home/runner/.m2/settings.xml
[1d0f13a1-6101-41a5-8a97-2fa456a59cb4/build]   ‚úÖ  Success - Main Set up JDK 17
[1d0f13a1-6101-41a5-8a97-2fa456a59cb4/build]   ‚öô  ::set-env:: JAVA_HOME=/opt/hostedtoolcache/Java_Adopt_jdk/17.0.9-9/x64
[1d0f13a1-6101-41a5-8a97-2fa456a59cb4/build]   ‚öô  ::set-output:: distribution=Adopt-Hotspot
[1d0f13a1-6101-41a5-8a97-2fa456a59cb4/build]   ‚öô  ::set-output:: path=/opt/hostedtoolcache/Java_Adopt_jdk/17.0.9-9/x64
[1d0f13a1-6101-41a5-8a97-2fa456a59cb4/build]   ‚öô  ::set-output:: version=17.0.9+9
[1d0f13a1-6101-41a5-8a97-2fa456a59cb4/build]   ‚öô  ::add-path:: /opt/hostedtoolcache/Java_Adopt_jdk/17.0.9-9/x64/bin
[1d0f13a1-6101-41a5-8a97-2fa456a59cb4/build] unable to get git ref: failed to identify reference (tag/branch) for the checked-out revision 'cc9afea03634099f464c8115cca5afe21fec2781'
[1d0f13a1-6101-41a5-8a97-2fa456a59cb4/build] unable to get git ref: failed to identify reference (tag/branch) for the checked-out revision 'cc9afea03634099f464c8115cca5afe21fec2781'
[1d0f13a1-6101-41a5-8a97-2fa456a59cb4/build] unable to get git ref: failed to identify reference (tag/branch) for the checked-out revision 'cc9afea03634099f464c8115cca5afe21fec2781'
[1d0f13a1-6101-41a5-8a97-2fa456a59cb4/build] unable to get git ref: failed to identify reference (tag/branch) for the checked-out revision 'cc9afea03634099f464c8115cca5afe21fec2781'
[1d0f13a1-6101-41a5-8a97-2fa456a59cb4/build] unable to get git ref: failed to identify reference (tag/branch) for the checked-out revision 'cc9afea03634099f464c8115cca5afe21fec2781'
[1d0f13a1-6101-41a5-8a97-2fa456a59cb4/build] ‚≠ê Run Main Build with Maven
[1d0f13a1-6101-41a5-8a97-2fa456a59cb4/build] unable to get git ref: failed to identify reference (tag/branch) for the checked-out revision 'cc9afea03634099f464c8115cca5afe21fec2781'
[1d0f13a1-6101-41a5-8a97-2fa456a59cb4/build] unable to get git ref: failed to identify reference (tag/branch) for the checked-out revision 'cc9afea03634099f464c8115cca5afe21fec2781'
[1d0f13a1-6101-41a5-8a97-2fa456a59cb4/build] unable to get git ref: failed to identify reference (tag/branch) for the checked-out revision 'cc9afea03634099f464c8115cca5afe21fec2781'
[1d0f13a1-6101-41a5-8a97-2fa456a59cb4/build] unable to get git ref: failed to identify reference (tag/branch) for the checked-out revision 'cc9afea03634099f464c8115cca5afe21fec2781'
[1d0f13a1-6101-41a5-8a97-2fa456a59cb4/build]   üê≥  docker exec cmd=[bash --noprofile --norc -e -o pipefail /var/run/act/workflow/2] user= workdir=
[1d0f13a1-6101-41a5-8a97-2fa456a59cb4/build]   | [INFO] Scanning for projects...
[1d0f13a1-6101-41a5-8a97-2fa456a59cb4/build]   | [INFO] Downloading from central: https://repo.maven.apache.org/maven2/org/junit/junit-bom/5.8.2/junit-bom-5.8.2.pom
[1d0f13a1-6101-41a5-8a97-2fa456a59cb4/build]   | [INFO] Downloaded from central: https://repo.maven.apache.org/maven2/org/junit/junit-bom/5.8.2/junit-bom-5.8.2.pom (5.6 kB at 18 kB/s)
[1d0f13a1-6101-41a5-8a97-2fa456a59cb4/build]   | [INFO] 
[1d0f13a1-6101-41a5-8a97-2fa456a59cb4/build]   | [INFO] -----------------------< com.thealgorithms:Java >-----------------------
[1d0f13a1-6101-41a5-8a97-2fa456a59cb4/build]   | [INFO] Building Java 1.0-SNAPSHOT
[1d0f13a1-6101-41a5-8a97-2fa456a59cb4/build]   | [INFO]   from pom.xml
[1d0f13a1-6101-41a5-8a97-2fa456a59cb4/build]   | [INFO] --------------------------------[ jar ]---------------------------------
[1d0f13a1-6101-41a5-8a97-2fa456a59cb4/build]   | [INFO] Downloading from central: https://repo.maven.apache.org/maven2/org/apache/maven/plugins/maven-resources-plugin/2.6/maven-resources-plugin-2.6.pom
[1d0f13a1-6101-41a5-8a97-2fa456a59cb4/build]   | [INFO] Downloaded from central: https://repo.maven.apache.org/maven2/org/apache/maven/plugins/maven-resources-plugin/2.6/maven-resources-plugin-2.6.pom (8.1 kB at 166 kB/s)
[1d0f13a1-6101-41a5-8a97-2fa456a59cb4/build]   | [INFO] Downloading from central: https://repo.maven.apache.org/maven2/org/apache/maven/plugins/maven-plugins/23/maven-plugins-23.pom
[1d0f13a1-6101-41a5-8a97-2fa456a59cb4/build]   | [INFO] Downloaded from central: https://repo.maven.apache.org/maven2/org/apache/maven/plugins/maven-plugins/23/maven-plugins-23.pom (9.2 kB at 214 kB/s)
[1d0f13a1-6101-41a5-8a97-2fa456a59cb4/build]   | [INFO] Downloading from central: https://repo.maven.apache.org/maven2/org/apache/maven/maven-parent/22/maven-parent-22.pom
[1d0f13a1-6101-41a5-8a97-2fa456a59cb4/build]   | [INFO] Downloaded from central: https://repo.maven.apache.org/maven2/org/apache/maven/maven-parent/22/maven-parent-22.pom (30 kB at 783 kB/s)
[1d0f13a1-6101-41a5-8a97-2fa456a59cb4/build]   | [INFO] Downloading from central: https://repo.maven.apache.org/maven2/org/apache/apache/11/apache-11.pom
[1d0f13a1-6101-41a5-8a97-2fa456a59cb4/build]   | [INFO] Downloaded from central: https://repo.maven.apache.org/maven2/org/apache/apache/11/apache-11.pom (15 kB at 400 kB/s)
[1d0f13a1-6101-41a5-8a97-2fa456a59cb4/build]   | [INFO] Downloading from central: https://repo.maven.apache.org/maven2/org/apache/maven/plugins/maven-resources-plugin/2.6/maven-resources-plugin-2.6.jar
[1d0f13a1-6101-41a5-8a97-2fa456a59cb4/build]   | [INFO] Downloaded from central: https://repo.maven.apache.org/maven2/org/apache/maven/plugins/maven-resources-plugin/2.6/maven-resources-plugin-2.6.jar (30 kB at 777 kB/s)
[1d0f13a1-6101-41a5-8a97-2fa456a59cb4/build]   | [INFO] Downloading from central: https://repo.maven.apache.org/maven2/org/apache/maven/plugins/maven-compiler-plugin/3.10.1/maven-compiler-plugin-3.10.1.pom
[1d0f13a1-6101-41a5-8a97-2fa456a59cb4/build]   | [INFO] Downloaded from central: https://repo.maven.apache.org/maven2/org/apache/maven/plugins/maven-compiler-plugin/3.10.1/maven-compiler-plugin-3.10.1.pom (13 kB at 341 kB/s)
[1d0f13a1-6101-41a5-8a97-2fa456a59cb4/build]   | [INFO] Downloading from central: https://repo.maven.apache.org/maven2/org/apache/maven/plugins/maven-plugins/34/maven-plugins-34.pom
[1d0f13a1-6101-41a5-8a97-2fa456a59cb4/build]   | [INFO] Downloaded from central: https://repo.maven.apache.org/maven2/org/apache/maven/plugins/maven-plugins/34/maven-plugins-34.pom (11 kB at 274 kB/s)
[1d0f13a1-6101-41a5-8a97-2fa456a59cb4/build]   | [INFO] Downloading from central: https://repo.maven.apache.org/maven2/org/apache/maven/maven-parent/34/maven-parent-34.pom
[1d0f13a1-6101-41a5-8a97-2fa456a59cb4/build]   | [INFO] Downloaded from central: https://repo.maven.apache.org/maven2/org/apache/maven/maven-parent/34/maven-parent-34.pom (43 kB at 892 kB/s)
[1d0f13a1-6101-41a5-8a97-2fa456a59cb4/build]   | [INFO] Downloading from central: https://repo.maven.apache.org/maven2/org/apache/apache/23/apache-23.pom
[1d0f13a1-6101-41a5-8a97-2fa456a59cb4/build]   | [INFO] Downloaded from central: https://repo.maven.apache.org/maven2/org/apache/apache/23/apache-23.pom (18 kB at 472 kB/s)
[1d0f13a1-6101-41a5-8a97-2fa456a59cb4/build]   | [INFO] Downloading from central: https://repo.maven.apache.org/maven2/org/apache/maven/plugins/maven-compiler-plugin/3.10.1/maven-compiler-plugin-3.10.1.jar
[1d0f13a1-6101-41a5-8a97-2fa456a59cb4/build]   | [INFO] Downloaded from central: https://repo.maven.apache.org/maven2/org/apache/maven/plugins/maven-compiler-plugin/3.10.1/maven-compiler-plugin-3.10.1.jar (62 kB at 1.5 MB/s)
[1d0f13a1-6101-41a5-8a97-2fa456a59cb4/build]   | [INFO] Downloading from central: https://repo.maven.apache.org/maven2/org/apache/maven/plugins/maven-surefire-plugin/2.22.2/maven-surefire-plugin-2.22.2.pom
[1d0f13a1-6101-41a5-8a97-2fa456a59cb4/build]   | [INFO] Downloaded from central: https://repo.maven.apache.org/maven2/org/apache/maven/plugins/maven-surefire-plugin/2.22.2/maven-surefire-plugin-2.22.2.pom (5.0 kB at 166 kB/s)
[1d0f13a1-6101-41a5-8a97-2fa456a59cb4/build]   | [INFO] Downloading from central: https://repo.maven.apache.org/maven2/org/apache/maven/surefire/surefire/2.22.2/surefire-2.22.2.pom
[1d0f13a1-6101-41a5-8a97-2fa456a59cb4/build]   | [INFO] Downloaded from central: https://repo.maven.apache.org/maven2/org/apache/maven/surefire/surefire/2.22.2/surefire-2.22.2.pom (26 kB at 1.0 MB/s)
[1d0f13a1-6101-41a5-8a97-2fa456a59cb4/build]   | [INFO] Downloading from central: https://repo.maven.apache.org/maven2/org/apache/maven/maven-parent/33/maven-parent-33.pom
[1d0f13a1-6101-41a5-8a97-2fa456a59cb4/build]   | [INFO] Downloaded from central: https://repo.maven.apache.org/maven2/org/apache/maven/maven-parent/33/maven-parent-33.pom (44 kB at 1.3 MB/s)
[1d0f13a1-6101-41a5-8a97-2fa456a59cb4/build]   | [INFO] Downloading from central: https://repo.maven.apache.org/maven2/org/apache/apache/21/apache-21.pom
[1d0f13a1-6101-41a5-8a97-2fa456a59cb4/build]   | [INFO] Downloaded from central: https://repo.maven.apache.org/maven2/org/apache/apache/21/apache-21.pom (17 kB at 744 kB/s)
[1d0f13a1-6101-41a5-8a97-2fa456a59cb4/build]   | [INFO] Downloading from central: https://repo.maven.apache.org/maven2/org/apache/maven/plugins/maven-surefire-plugin/2.22.2/maven-surefire-plugin-2.22.2.jar
[1d0f13a1-6101-41a5-8a97-2fa456a59cb4/build]   | [INFO] Downloaded from central: https://repo.maven.apache.org/maven2/org/apache/maven/plugins/maven-surefire-plugin/2.22.2/maven-surefire-plugin-2.22.2.jar (41 kB at 1.6 MB/s)
[1d0f13a1-6101-41a5-8a97-2fa456a59cb4/build]   | [INFO] Downloading from central: https://repo.maven.apache.org/maven2/org/apache/maven/plugins/maven-jar-plugin/2.4/maven-jar-plugin-2.4.pom
[1d0f13a1-6101-41a5-8a97-2fa456a59cb4/build]   | [INFO] Downloaded from central: https://repo.maven.apache.org/maven2/org/apache/maven/plugins/maven-jar-plugin/2.4/maven-jar-plugin-2.4.pom (5.8 kB at 324 kB/s)
[1d0f13a1-6101-41a5-8a97-2fa456a59cb4/build]   | [INFO] Downloading from central: https://repo.maven.apache.org/maven2/org/apache/maven/plugins/maven-plugins/22/maven-plugins-22.pom
[1d0f13a1-6101-41a5-8a97-2fa456a59cb4/build]   | [INFO] Downloaded from central: https://repo.maven.apache.org/maven2/org/apache/maven/plugins/maven-plugins/22/maven-plugins-22.pom (13 kB at 686 kB/s)
[1d0f13a1-6101-41a5-8a97-2fa456a59cb4/build]   | [INFO] Downloading from central: https://repo.maven.apache.org/maven2/org/apache/maven/maven-parent/21/maven-parent-21.pom
[1d0f13a1-6101-41a5-8a97-2fa456a59cb4/build]   | [INFO] Downloaded from central: https://repo.maven.apache.org/maven2/org/apache/maven/maven-parent/21/maven-parent-21.pom (26 kB at 1.2 MB/s)
[1d0f13a1-6101-41a5-8a97-2fa456a59cb4/build]   | [INFO] Downloading from central: https://repo.maven.apache.org/maven2/org/apache/apache/10/apache-10.pom
[1d0f13a1-6101-41a5-8a97-2fa456a59cb4/build]   | [INFO] Downloaded from central: https://repo.maven.apache.org/maven2/org/apache/apache/10/apache-10.pom (15 kB at 569 kB/s)
[1d0f13a1-6101-41a5-8a97-2fa456a59cb4/build]   | [INFO] Downloading from central: https://repo.maven.apache.org/maven2/org/apache/maven/plugins/maven-jar-plugin/2.4/maven-jar-plugin-2.4.jar
[1d0f13a1-6101-41a5-8a97-2fa456a59cb4/build]   | [INFO] Downloaded from central: https://repo.maven.apache.org/maven2/org/apache/maven/plugins/maven-jar-plugin/2.4/maven-jar-plugin-2.4.jar (34 kB at 1.1 MB/s)
[1d0f13a1-6101-41a5-8a97-2fa456a59cb4/build]   | [INFO] Downloading from central: https://repo.maven.apache.org/maven2/org/junit/jupiter/junit-jupiter/5.9.0/junit-jupiter-5.9.0.pom
[1d0f13a1-6101-41a5-8a97-2fa456a59cb4/build]   | [INFO] Downloaded from central: https://repo.maven.apache.org/maven2/org/junit/jupiter/junit-jupiter/5.9.0/junit-jupiter-5.9.0.pom (3.2 kB at 119 kB/s)
[1d0f13a1-6101-41a5-8a97-2fa456a59cb4/build]   | [INFO] Downloading from central: https://repo.maven.apache.org/maven2/org/junit/junit-bom/5.9.0/junit-bom-5.9.0.pom
[1d0f13a1-6101-41a5-8a97-2fa456a59cb4/build]   | [INFO] Downloaded from central: https://repo.maven.apache.org/maven2/org/junit/junit-bom/5.9.0/junit-bom-5.9.0.pom (5.6 kB at 217 kB/s)
[1d0f13a1-6101-41a5-8a97-2fa456a59cb4/build]   | [INFO] Downloading from central: https://repo.maven.apache.org/maven2/org/junit/jupiter/junit-jupiter-api/5.8.2/junit-jupiter-api-5.8.2.pom
[1d0f13a1-6101-41a5-8a97-2fa456a59cb4/build]   | [INFO] Downloaded from central: https://repo.maven.apache.org/maven2/org/junit/jupiter/junit-jupiter-api/5.8.2/junit-jupiter-api-5.8.2.pom (3.2 kB at 106 kB/s)
[1d0f13a1-6101-41a5-8a97-2fa456a59cb4/build]   | [INFO] Downloading from central: https://repo.maven.apache.org/maven2/org/opentest4j/opentest4j/1.2.0/opentest4j-1.2.0.pom
[1d0f13a1-6101-41a5-8a97-2fa456a59cb4/build]   | [INFO] Downloaded from central: https://repo.maven.apache.org/maven2/org/opentest4j/opentest4j/1.2.0/opentest4j-1.2.0.pom (1.7 kB at 65 kB/s)
[1d0f13a1-6101-41a5-8a97-2fa456a59cb4/build]   | [INFO] Downloading from central: https://repo.maven.apache.org/maven2/org/junit/platform/junit-platform-commons/1.8.2/junit-platform-commons-1.8.2.pom
[1d0f13a1-6101-41a5-8a97-2fa456a59cb4/build]   | [INFO] Downloaded from central: https://repo.maven.apache.org/maven2/org/junit/platform/junit-platform-commons/1.8.2/junit-platform-commons-1.8.2.pom (2.8 kB at 79 kB/s)
[1d0f13a1-6101-41a5-8a97-2fa456a59cb4/build]   | [INFO] Downloading from central: https://repo.maven.apache.org/maven2/org/apiguardian/apiguardian-api/1.1.2/apiguardian-api-1.1.2.pom
[1d0f13a1-6101-41a5-8a97-2fa456a59cb4/build]   | [INFO] Downloaded from central: https://repo.maven.apache.org/maven2/org/apiguardian/apiguardian-api/1.1.2/apiguardian-api-1.1.2.pom (1.5 kB at 53 kB/s)
[1d0f13a1-6101-41a5-8a97-2fa456a59cb4/build]   | [INFO] Downloading from central: https://repo.maven.apache.org/maven2/org/junit/jupiter/junit-jupiter-params/5.8.2/junit-jupiter-params-5.8.2.pom
[1d0f13a1-6101-41a5-8a97-2fa456a59cb4/build]   | [INFO] Downloaded from central: https://repo.maven.apache.org/maven2/org/junit/jupiter/junit-jupiter-params/5.8.2/junit-jupiter-params-5.8.2.pom (3.0 kB at 107 kB/s)
[1d0f13a1-6101-41a5-8a97-2fa456a59cb4/build]   | [INFO] Downloading from central: https://repo.maven.apache.org/maven2/org/junit/jupiter/junit-jupiter-engine/5.8.2/junit-jupiter-engine-5.8.2.pom
[1d0f13a1-6101-41a5-8a97-2fa456a59cb4/build]   | [INFO] Downloaded from central: https://repo.maven.apache.org/maven2/org/junit/jupiter/junit-jupiter-engine/5.8.2/junit-jupiter-engine-5.8.2.pom (3.2 kB at 107 kB/s)
[1d0f13a1-6101-41a5-8a97-2fa456a59cb4/build]   | [INFO] Downloading from central: https://repo.maven.apache.org/maven2/org/junit/platform/junit-platform-engine/1.8.2/junit-platform-engine-1.8.2.pom
[1d0f13a1-6101-41a5-8a97-2fa456a59cb4/build]   | [INFO] Downloaded from central: https://repo.maven.apache.org/maven2/org/junit/platform/junit-platform-engine/1.8.2/junit-platform-engine-1.8.2.pom (3.2 kB at 107 kB/s)
[1d0f13a1-6101-41a5-8a97-2fa456a59cb4/build]   | [INFO] Downloading from central: https://repo.maven.apache.org/maven2/org/assertj/assertj-core/3.23.1/assertj-core-3.23.1.pom
[1d0f13a1-6101-41a5-8a97-2fa456a59cb4/build]   | [INFO] Downloaded from central: https://repo.maven.apache.org/maven2/org/assertj/assertj-core/3.23.1/assertj-core-3.23.1.pom (24 kB at 737 kB/s)
[1d0f13a1-6101-41a5-8a97-2fa456a59cb4/build]   | [INFO] Downloading from central: https://repo.maven.apache.org/maven2/org/assertj/assertj-parent-pom/2.2.17/assertj-parent-pom-2.2.17.pom
[1d0f13a1-6101-41a5-8a97-2fa456a59cb4/build]   | [INFO] Downloaded from central: https://repo.maven.apache.org/maven2/org/assertj/assertj-parent-pom/2.2.17/assertj-parent-pom-2.2.17.pom (24 kB at 715 kB/s)
[1d0f13a1-6101-41a5-8a97-2fa456a59cb4/build]   | [INFO] Downloading from central: https://repo.maven.apache.org/maven2/org/mockito/mockito-bom/4.5.1/mockito-bom-4.5.1.pom
[1d0f13a1-6101-41a5-8a97-2fa456a59cb4/build]   | [INFO] Downloaded from central: https://repo.maven.apache.org/maven2/org/mockito/mockito-bom/4.5.1/mockito-bom-4.5.1.pom (3.0 kB at 93 kB/s)
[1d0f13a1-6101-41a5-8a97-2fa456a59cb4/build]   | [INFO] Downloading from central: https://repo.maven.apache.org/maven2/net/bytebuddy/byte-buddy/1.12.10/byte-buddy-1.12.10.pom
[1d0f13a1-6101-41a5-8a97-2fa456a59cb4/build]   | [INFO] Downloaded from central: https://repo.maven.apache.org/maven2/net/bytebuddy/byte-buddy/1.12.10/byte-buddy-1.12.10.pom (17 kB at 488 kB/s)
[1d0f13a1-6101-41a5-8a97-2fa456a59cb4/build]   | [INFO] Downloading from central: https://repo.maven.apache.org/maven2/net/bytebuddy/byte-buddy-parent/1.12.10/byte-buddy-parent-1.12.10.pom
[1d0f13a1-6101-41a5-8a97-2fa456a59cb4/build]   | [INFO] Downloaded from central: https://repo.maven.apache.org/maven2/net/bytebuddy/byte-buddy-parent/1.12.10/byte-buddy-parent-1.12.10.pom (45 kB at 1.6 MB/s)
[1d0f13a1-6101-41a5-8a97-2fa456a59cb4/build]   | [INFO] Downloading from central: https://repo.maven.apache.org/maven2/org/junit/jupiter/junit-jupiter-api/5.9.0/junit-jupiter-api-5.9.0.pom
[1d0f13a1-6101-41a5-8a97-2fa456a59cb4/build]   | [INFO] Downloaded from central: https://repo.maven.apache.org/maven2/org/junit/jupiter/junit-jupiter-api/5.9.0/junit-jupiter-api-5.9.0.pom (3.2 kB at 110 kB/s)
[1d0f13a1-6101-41a5-8a97-2fa456a59cb4/build]   | [INFO] Downloading from central: https://repo.maven.apache.org/maven2/org/apache/commons/commons-lang3/3.12.0/commons-lang3-3.12.0.pom
[1d0f13a1-6101-41a5-8a97-2fa456a59cb4/build]   | [INFO] Downloaded from central: https://repo.maven.apache.org/maven2/org/apache/commons/commons-lang3/3.12.0/commons-lang3-3.12.0.pom (31 kB at 1.5 MB/s)
[1d0f13a1-6101-41a5-8a97-2fa456a59cb4/build]   | [INFO] Downloading from central: https://repo.maven.apache.org/maven2/org/apache/commons/commons-parent/52/commons-parent-52.pom
[1d0f13a1-6101-41a5-8a97-2fa456a59cb4/build]   | [INFO] Downloaded from central: https://repo.maven.apache.org/maven2/org/apache/commons/commons-parent/52/commons-parent-52.pom (79 kB at 2.6 MB/s)
[1d0f13a1-6101-41a5-8a97-2fa456a59cb4/build]   | [INFO] Downloading from central: https://repo.maven.apache.org/maven2/org/junit/junit-bom/5.7.1/junit-bom-5.7.1.pom
[1d0f13a1-6101-41a5-8a97-2fa456a59cb4/build]   | [INFO] Downloaded from central: https://repo.maven.apache.org/maven2/org/junit/junit-bom/5.7.1/junit-bom-5.7.1.pom (5.1 kB at 243 kB/s)
[1d0f13a1-6101-41a5-8a97-2fa456a59cb4/build]   | [INFO] Downloading from central: https://repo.maven.apache.org/maven2/org/junit/jupiter/junit-jupiter/5.9.0/junit-jupiter-5.9.0.jar
[1d0f13a1-6101-41a5-8a97-2fa456a59cb4/build]   | [INFO] Downloading from central: https://repo.maven.apache.org/maven2/org/junit/jupiter/junit-jupiter-params/5.8.2/junit-jupiter-params-5.8.2.jar
[1d0f13a1-6101-41a5-8a97-2fa456a59cb4/build]   | [INFO] Downloading from central: https://repo.maven.apache.org/maven2/org/junit/jupiter/junit-jupiter-engine/5.8.2/junit-jupiter-engine-5.8.2.jar
[1d0f13a1-6101-41a5-8a97-2fa456a59cb4/build]   | [INFO] Downloading from central: https://repo.maven.apache.org/maven2/org/junit/platform/junit-platform-engine/1.8.2/junit-platform-engine-1.8.2.jar
[1d0f13a1-6101-41a5-8a97-2fa456a59cb4/build]   | [INFO] Downloading from central: https://repo.maven.apache.org/maven2/org/assertj/assertj-core/3.23.1/assertj-core-3.23.1.jar
[1d0f13a1-6101-41a5-8a97-2fa456a59cb4/build]   | [INFO] Downloaded from central: https://repo.maven.apache.org/maven2/org/junit/jupiter/junit-jupiter/5.9.0/junit-jupiter-5.9.0.jar (6.4 kB at 116 kB/s)
[1d0f13a1-6101-41a5-8a97-2fa456a59cb4/build]   | [INFO] Downloading from central: https://repo.maven.apache.org/maven2/net/bytebuddy/byte-buddy/1.12.10/byte-buddy-1.12.10.jar
[1d0f13a1-6101-41a5-8a97-2fa456a59cb4/build]   | [INFO] Downloaded from central: https://repo.maven.apache.org/maven2/org/junit/platform/junit-platform-engine/1.8.2/junit-platform-engine-1.8.2.jar (186 kB at 1.8 MB/s)
[1d0f13a1-6101-41a5-8a97-2fa456a59cb4/build]   | [INFO] Downloading from central: https://repo.maven.apache.org/maven2/org/junit/jupiter/junit-jupiter-api/5.9.0/junit-jupiter-api-5.9.0.jar
[1d0f13a1-6101-41a5-8a97-2fa456a59cb4/build]   | [INFO] Downloaded from central: https://repo.maven.apache.org/maven2/org/junit/jupiter/junit-jupiter-engine/5.8.2/junit-jupiter-engine-5.8.2.jar (230 kB at 2.1 MB/s)
[1d0f13a1-6101-41a5-8a97-2fa456a59cb4/build]   | [INFO] Downloading from central: https://repo.maven.apache.org/maven2/org/opentest4j/opentest4j/1.2.0/opentest4j-1.2.0.jar
[1d0f13a1-6101-41a5-8a97-2fa456a59cb4/build]   | [INFO] Downloaded from central: https://repo.maven.apache.org/maven2/org/junit/jupiter/junit-jupiter-params/5.8.2/junit-jupiter-params-5.8.2.jar (577 kB at 3.1 MB/s)
[1d0f13a1-6101-41a5-8a97-2fa456a59cb4/build]   | [INFO] Downloading from central: https://repo.maven.apache.org/maven2/org/junit/platform/junit-platform-commons/1.8.2/junit-platform-commons-1.8.2.jar
[1d0f13a1-6101-41a5-8a97-2fa456a59cb4/build]   | [INFO] Downloaded from central: https://repo.maven.apache.org/maven2/org/assertj/assertj-core/3.23.1/assertj-core-3.23.1.jar (1.2 MB at 6.0 MB/s)
[1d0f13a1-6101-41a5-8a97-2fa456a59cb4/build]   | [INFO] Downloading from central: https://repo.maven.apache.org/maven2/org/apiguardian/apiguardian-api/1.1.2/apiguardian-api-1.1.2.jar
[1d0f13a1-6101-41a5-8a97-2fa456a59cb4/build]   | [INFO] Downloaded from central: https://repo.maven.apache.org/maven2/org/junit/jupiter/junit-jupiter-api/5.9.0/junit-jupiter-api-5.9.0.jar (203 kB at 959 kB/s)
[1d0f13a1-6101-41a5-8a97-2fa456a59cb4/build]   | [INFO] Downloaded from central: https://repo.maven.apache.org/maven2/org/opentest4j/opentest4j/1.2.0/opentest4j-1.2.0.jar (7.7 kB at 36 kB/s)
[1d0f13a1-6101-41a5-8a97-2fa456a59cb4/build]   | [INFO] Downloading from central: https://repo.maven.apache.org/maven2/org/apache/commons/commons-lang3/3.12.0/commons-lang3-3.12.0.jar
[1d0f13a1-6101-41a5-8a97-2fa456a59cb4/build]   | [INFO] Downloaded from central: https://repo.maven.apache.org/maven2/org/junit/platform/junit-platform-commons/1.8.2/junit-platform-commons-1.8.2.jar (100 kB at 443 kB/s)
[1d0f13a1-6101-41a5-8a97-2fa456a59cb4/build]   | [INFO] Downloaded from central: https://repo.maven.apache.org/maven2/org/apiguardian/apiguardian-api/1.1.2/apiguardian-api-1.1.2.jar (6.8 kB at 28 kB/s)
[1d0f13a1-6101-41a5-8a97-2fa456a59cb4/build]   | [INFO] Downloaded from central: https://repo.maven.apache.org/maven2/org/apache/commons/commons-lang3/3.12.0/commons-lang3-3.12.0.jar (587 kB at 2.2 MB/s)
[1d0f13a1-6101-41a5-8a97-2fa456a59cb4/build]   | [INFO] Downloaded from central: https://repo.maven.apache.org/maven2/net/bytebuddy/byte-buddy/1.12.10/byte-buddy-1.12.10.jar (3.8 MB at 12 MB/s)
[1d0f13a1-6101-41a5-8a97-2fa456a59cb4/build]   | [INFO] 
[1d0f13a1-6101-41a5-8a97-2fa456a59cb4/build]   | [INFO] --- maven-resources-plugin:2.6:resources (default-resources) @ Java ---
[1d0f13a1-6101-41a5-8a97-2fa456a59cb4/build]   | [INFO] Downloading from central: https://repo.maven.apache.org/maven2/org/apache/maven/maven-plugin-api/2.0.6/maven-plugin-api-2.0.6.pom
[1d0f13a1-6101-41a5-8a97-2fa456a59cb4/build]   | [INFO] Downloaded from central: https://repo.maven.apache.org/maven2/org/apache/maven/maven-plugin-api/2.0.6/maven-plugin-api-2.0.6.pom (1.5 kB at 43 kB/s)
[1d0f13a1-6101-41a5-8a97-2fa456a59cb4/build]   | [INFO] Downloading from central: https://repo.maven.apache.org/maven2/org/apache/maven/maven/2.0.6/maven-2.0.6.pom
[1d0f13a1-6101-41a5-8a97-2fa456a59cb4/build]   | [INFO] Downloaded from central: https://repo.maven.apache.org/maven2/org/apache/maven/maven/2.0.6/maven-2.0.6.pom (9.0 kB at 251 kB/s)
[1d0f13a1-6101-41a5-8a97-2fa456a59cb4/build]   | [INFO] Downloading from central: https://repo.maven.apache.org/maven2/org/apache/maven/maven-parent/5/maven-parent-5.pom
[1d0f13a1-6101-41a5-8a97-2fa456a59cb4/build]   | [INFO] Downloaded from central: https://repo.maven.apache.org/maven2/org/apache/maven/maven-parent/5/maven-parent-5.pom (15 kB at 162 kB/s)
[1d0f13a1-6101-41a5-8a97-2fa456a59cb4/build]   | [INFO] Downloading from central: https://repo.maven.apache.org/maven2/org/apache/apache/3/apache-3.pom
[1d0f13a1-6101-41a5-8a97-2fa456a59cb4/build]   | [INFO] Downloaded from central: https://repo.maven.apache.org/maven2/org/apache/apache/3/apache-3.pom (3.4 kB at 73 kB/s)
[1d0f13a1-6101-41a5-8a97-2fa456a59cb4/build]   | [INFO] Downloading from central: https://repo.maven.apache.org/maven2/org/apache/maven/maven-project/2.0.6/maven-project-2.0.6.pom
[1d0f13a1-6101-41a5-8a97-2fa456a59cb4/build]   | [INFO] Downloaded from central: https://repo.maven.apache.org/maven2/org/apache/maven/maven-project/2.0.6/maven-project-2.0.6.pom (2.6 kB at 46 kB/s)
[1d0f13a1-6101-41a5-8a97-2fa456a59cb4/build]   | [INFO] Downloading from central: https://repo.maven.apache.org/maven2/org/apache/maven/maven-settings/2.0.6/maven-settings-2.0.6.pom
[1d0f13a1-6101-41a5-8a97-2fa456a59cb4/build]   | [INFO] Downloaded from central: https://repo.maven.apache.org/maven2/org/apache/maven/maven-settings/2.0.6/maven-settings-2.0.6.pom (2.0 kB at 53 kB/s)
[1d0f13a1-6101-41a5-8a97-2fa456a59cb4/build]   | [INFO] Downloading from central: https://repo.maven.apache.org/maven2/org/apache/maven/maven-model/2.0.6/maven-model-2.0.6.pom
[1d0f13a1-6101-41a5-8a97-2fa456a59cb4/build]   | [INFO] Downloaded from central: https://repo.maven.apache.org/maven2/org/apache/maven/maven-model/2.0.6/maven-model-2.0.6.pom (3.0 kB at 76 kB/s)
[1d0f13a1-6101-41a5-8a97-2fa456a59cb4/build]   | [INFO] Downloading from central: https://repo.maven.apache.org/maven2/org/codehaus/plexus/plexus-utils/1.4.1/plexus-utils-1.4.1.pom
[1d0f13a1-6101-41a5-8a97-2fa456a59cb4/build]   | [INFO] Downloaded from central: https://repo.maven.apache.org/maven2/org/codehaus/plexus/plexus-utils/1.4.1/plexus-utils-1.4.1.pom (1.9 kB at 25 kB/s)
[1d0f13a1-6101-41a5-8a97-2fa456a59cb4/build]   | [INFO] Downloading from central: https://repo.maven.apache.org/maven2/org/codehaus/plexus/plexus/1.0.11/plexus-1.0.11.pom
[1d0f13a1-6101-41a5-8a97-2fa456a59cb4/build]   | [INFO] Downloaded from central: https://repo.maven.apache.org/maven2/org/codehaus/plexus/plexus/1.0.11/plexus-1.0.11.pom (9.0 kB at 72 kB/s)
[1d0f13a1-6101-41a5-8a97-2fa456a59cb4/build]   | [INFO] Downloading from central: https://repo.maven.apache.org/maven2/org/codehaus/plexus/plexus-container-default/1.0-alpha-9-stable-1/plexus-container-default-1.0-alpha-9-stable-1.pom
[1d0f13a1-6101-41a5-8a97-2fa456a59cb4/build]   | [INFO] Downloaded from central: https://repo.maven.apache.org/maven2/org/codehaus/plexus/plexus-container-default/1.0-alpha-9-stable-1/plexus-container-default-1.0-alpha-9-stable-1.pom (3.9 kB at 127 kB/s)
[1d0f13a1-6101-41a5-8a97-2fa456a59cb4/build]   | [INFO] Downloading from central: https://repo.maven.apache.org/maven2/org/codehaus/plexus/plexus-containers/1.0.3/plexus-containers-1.0.3.pom
[1d0f13a1-6101-41a5-8a97-2fa456a59cb4/build]   | [INFO] Downloaded from central: https://repo.maven.apache.org/maven2/org/codehaus/plexus/plexus-containers/1.0.3/plexus-containers-1.0.3.pom (492 B at 19 kB/s)
[1d0f13a1-6101-41a5-8a97-2fa456a59cb4/build]   | [INFO] Downloading from central: https://repo.maven.apache.org/maven2/org/codehaus/plexus/plexus/1.0.4/plexus-1.0.4.pom
[1d0f13a1-6101-41a5-8a97-2fa456a59cb4/build]   | [INFO] Downloaded from central: https://repo.maven.apache.org/maven2/org/codehaus/plexus/plexus/1.0.4/plexus-1.0.4.pom (5.7 kB at 198 kB/s)
[1d0f13a1-6101-41a5-8a97-2fa456a59cb4/build]   | [INFO] Downloading from central: https://repo.maven.apache.org/maven2/junit/junit/3.8.1/junit-3.8.1.pom
[1d0f13a1-6101-41a5-8a97-2fa456a59cb4/build]   | [INFO] Downloaded from central: https://repo.maven.apache.org/maven2/junit/junit/3.8.1/junit-3.8.1.pom (998 B at 38 kB/s)
[1d0f13a1-6101-41a5-8a97-2fa456a59cb4/build]   | [INFO] Downloading from central: https://repo.maven.apache.org/maven2/org/codehaus/plexus/plexus-utils/1.0.4/plexus-utils-1.0.4.pom
[1d0f13a1-6101-41a5-8a97-2fa456a59cb4/build]   | [INFO] Downloaded from central: https://repo.maven.apache.org/maven2/org/codehaus/plexus/plexus-utils/1.0.4/plexus-utils-1.0.4.pom (6.9 kB at 202 kB/s)
[1d0f13a1-6101-41a5-8a97-2fa456a59cb4/build]   | [INFO] Downloading from central: https://repo.maven.apache.org/maven2/classworlds/classworlds/1.1-alpha-2/classworlds-1.1-alpha-2.pom
[1d0f13a1-6101-41a5-8a97-2fa456a59cb4/build]   | [INFO] Downloaded from central: https://repo.maven.apache.org/maven2/classworlds/classworlds/1.1-alpha-2/classworlds-1.1-alpha-2.pom (3.1 kB at 104 kB/s)
[1d0f13a1-6101-41a5-8a97-2fa456a59cb4/build]   | [INFO] Downloading from central: https://repo.maven.apache.org/maven2/org/apache/maven/maven-profile/2.0.6/maven-profile-2.0.6.pom
[1d0f13a1-6101-41a5-8a97-2fa456a59cb4/build]   | [INFO] Downloaded from central: https://repo.maven.apache.org/maven2/org/apache/maven/maven-profile/2.0.6/maven-profile-2.0.6.pom (2.0 kB at 71 kB/s)
[1d0f13a1-6101-41a5-8a97-2fa456a59cb4/build]   | [INFO] Downloading from central: https://repo.maven.apache.org/maven2/org/apache/maven/maven-artifact-manager/2.0.6/maven-artifact-manager-2.0.6.pom
[1d0f13a1-6101-41a5-8a97-2fa456a59cb4/build]   | [INFO] Downloaded from central: https://repo.maven.apache.org/maven2/org/apache/maven/maven-artifact-manager/2.0.6/maven-artifact-manager-2.0.6.pom (2.6 kB at 75 kB/s)
[1d0f13a1-6101-41a5-8a97-2fa456a59cb4/build]   | [INFO] Downloading from central: https://repo.maven.apache.org/maven2/org/apache/maven/maven-repository-metadata/2.0.6/maven-repository-metadata-2.0.6.pom
[1d0f13a1-6101-41a5-8a97-2fa456a59cb4/build]   | [INFO] Downloaded from central: https://repo.maven.apache.org/maven2/org/apache/maven/maven-repository-metadata/2.0.6/maven-repository-metadata-2.0.6.pom (1.9 kB at 50 kB/s)
[1d0f13a1-6101-41a5-8a97-2fa456a59cb4/build]   | [INFO] Downloading from central: https://repo.maven.apache.org/maven2/org/apache/maven/maven-artifact/2.0.6/maven-artifact-2.0.6.pom
[1d0f13a1-6101-41a5-8a97-2fa456a59cb4/build]   | [INFO] Downloaded from central: https://repo.maven.apache.org/maven2/org/apache/maven/maven-artifact/2.0.6/maven-artifact-2.0.6.pom (1.6 kB at 42 kB/s)
[1d0f13a1-6101-41a5-8a97-2fa456a59cb4/build]   | [INFO] Downloading from central: https://repo.maven.apache.org/maven2/org/apache/maven/maven-plugin-registry/2.0.6/maven-plugin-registry-2.0.6.pom
[1d0f13a1-6101-41a5-8a97-2fa456a59cb4/build]   | [INFO] Downloaded from central: https://repo.maven.apache.org/maven2/org/apache/maven/maven-plugin-registry/2.0.6/maven-plugin-registry-2.0.6.pom (1.9 kB at 56 kB/s)
[1d0f13a1-6101-41a5-8a97-2fa456a59cb4/build]   | [INFO] Downloading from central: https://repo.maven.apache.org/maven2/org/apache/maven/maven-core/2.0.6/maven-core-2.0.6.pom
[1d0f13a1-6101-41a5-8a97-2fa456a59cb4/build]   | [INFO] Downloaded from central: https://repo.maven.apache.org/maven2/org/apache/maven/maven-core/2.0.6/maven-core-2.0.6.pom (6.7 kB at 216 kB/s)
[1d0f13a1-6101-41a5-8a97-2fa456a59cb4/build]   | [INFO] Downloading from central: https://repo.maven.apache.org/maven2/org/apache/maven/maven-plugin-parameter-documenter/2.0.6/maven-plugin-parameter-documenter-2.0.6.pom
[1d0f13a1-6101-41a5-8a97-2fa456a59cb4/build]   | [INFO] Downloaded from central: https://repo.maven.apache.org/maven2/org/apache/maven/maven-plugin-parameter-documenter/2.0.6/maven-plugin-parameter-documenter-2.0.6.pom (1.9 kB at 44 kB/s)
[1d0f13a1-6101-41a5-8a97-2fa456a59cb4/build]   | [INFO] Downloading from central: https://repo.maven.apache.org/maven2/org/apache/maven/reporting/maven-reporting-api/2.0.6/maven-reporting-api-2.0.6.pom
[1d0f13a1-6101-41a5-8a97-2fa456a59cb4/build]   | [INFO] Downloaded from central: https://repo.maven.apache.org/maven2/org/apache/maven/reporting/maven-reporting-api/2.0.6/maven-reporting-api-2.0.6.pom (1.8 kB at 46 kB/s)
[1d0f13a1-6101-41a5-8a97-2fa456a59cb4/build]   | [INFO] Downloading from central: https://repo.maven.apache.org/maven2/org/apache/maven/reporting/maven-reporting/2.0.6/maven-reporting-2.0.6.pom
[1d0f13a1-6101-41a5-8a97-2fa456a59cb4/build]   | [INFO] Downloaded from central: https://repo.maven.apache.org/maven2/org/apache/maven/reporting/maven-reporting/2.0.6/maven-reporting-2.0.6.pom (1.4 kB at 45 kB/s)
[1d0f13a1-6101-41a5-8a97-2fa456a59cb4/build]   | [INFO] Downloading from central: https://repo.maven.apache.org/maven2/org/apache/maven/doxia/doxia-sink-api/1.0-alpha-7/doxia-sink-api-1.0-alpha-7.pom
[1d0f13a1-6101-41a5-8a97-2fa456a59cb4/build]   | [INFO] Downloaded from central: https://repo.maven.apache.org/maven2/org/apache/maven/doxia/doxia-sink-api/1.0-alpha-7/doxia-sink-api-1.0-alpha-7.pom (424 B at 15 kB/s)
[1d0f13a1-6101-41a5-8a97-2fa456a59cb4/build]   | [INFO] Downloading from central: https://repo.maven.apache.org/maven2/org/apache/maven/doxia/doxia/1.0-alpha-7/doxia-1.0-alpha-7.pom
[1d0f13a1-6101-41a5-8a97-2fa456a59cb4/build]   | [INFO] Downloaded from central: https://repo.maven.apache.org/maven2/org/apache/maven/doxia/doxia/1.0-alpha-7/doxia-1.0-alpha-7.pom (3.9 kB at 157 kB/s)
[1d0f13a1-6101-41a5-8a97-2fa456a59cb4/build]   | [INFO] Downloading from central: https://repo.maven.apache.org/maven2/org/apache/maven/maven-error-diagnostics/2.0.6/maven-error-diagnostics-2.0.6.pom
[1d0f13a1-6101-41a5-8a97-2fa456a59cb4/build]   | [INFO] Downloaded from central: https://repo.maven.apache.org/maven2/org/apache/maven/maven-error-diagnostics/2.0.6/maven-error-diagnostics-2.0.6.pom (1.7 kB at 52 kB/s)
[1d0f13a1-6101-41a5-8a97-2fa456a59cb4/build]   | [INFO] Downloading from central: https://repo.maven.apache.org/maven2/commons-cli/commons-cli/1.0/commons-cli-1.0.pom
[1d0f13a1-6101-41a5-8a97-2fa456a59cb4/build]   | [INFO] Downloaded from central: https://repo.maven.apache.org/maven2/commons-cli/commons-cli/1.0/commons-cli-1.0.pom (2.1 kB at 78 kB/s)
[1d0f13a1-6101-41a5-8a97-2fa456a59cb4/build]   | [INFO] Downloading from central: https://repo.maven.apache.org/maven2/org/apache/maven/maven-plugin-descriptor/2.0.6/maven-plugin-descriptor-2.0.6.pom
[1d0f13a1-6101-41a5-8a97-2fa456a59cb4/build]   | [INFO] Downloaded from central: https://repo.maven.apache.org/maven2/org/apache/maven/maven-plugin-descriptor/2.0.6/maven-plugin-descriptor-2.0.6.pom (2.0 kB at 96 kB/s)
[1d0f13a1-6101-41a5-8a97-2fa456a59cb4/build]   | [INFO] Downloading from central: https://repo.maven.apache.org/maven2/org/codehaus/plexus/plexus-interactivity-api/1.0-alpha-4/plexus-interactivity-api-1.0-alpha-4.pom
[1d0f13a1-6101-41a5-8a97-2fa456a59cb4/build]   | [INFO] Downloaded from central: https://repo.maven.apache.org/maven2/org/codehaus/plexus/plexus-interactivity-api/1.0-alpha-4/plexus-interactivity-api-1.0-alpha-4.pom (7.1 kB at 308 kB/s)
[1d0f13a1-6101-41a5-8a97-2fa456a59cb4/build]   | [INFO] Downloading from central: https://repo.maven.apache.org/maven2/org/apache/maven/maven-monitor/2.0.6/maven-monitor-2.0.6.pom
[1d0f13a1-6101-41a5-8a97-2fa456a59cb4/build]   | [INFO] Downloaded from central: https://repo.maven.apache.org/maven2/org/apache/maven/maven-monitor/2.0.6/maven-monitor-2.0.6.pom (1.3 kB at 50 kB/s)
[1d0f13a1-6101-41a5-8a97-2fa456a59cb4/build]   | [INFO] Downloading from central: https://repo.maven.apache.org/maven2/classworlds/classworlds/1.1/classworlds-1.1.pom
[1d0f13a1-6101-41a5-8a97-2fa456a59cb4/build]   | [INFO] Downloaded from central: https://repo.maven.apache.org/maven2/classworlds/classworlds/1.1/classworlds-1.1.pom (3.3 kB at 133 kB/s)
[1d0f13a1-6101-41a5-8a97-2fa456a59cb4/build]   | [INFO] Downloading from central: https://repo.maven.apache.org/maven2/org/codehaus/plexus/plexus-utils/2.0.5/plexus-utils-2.0.5.pom
[1d0f13a1-6101-41a5-8a97-2fa456a59cb4/build]   | [INFO] Downloaded from central: https://repo.maven.apache.org/maven2/org/codehaus/plexus/plexus-utils/2.0.5/plexus-utils-2.0.5.pom (3.3 kB at 128 kB/s)
[1d0f13a1-6101-41a5-8a97-2fa456a59cb4/build]   | [INFO] Downloading from central: https://repo.maven.apache.org/maven2/org/codehaus/plexus/plexus/2.0.6/plexus-2.0.6.pom
[1d0f13a1-6101-41a5-8a97-2fa456a59cb4/build]   | [INFO] Downloaded from central: https://repo.maven.apache.org/maven2/org/codehaus/plexus/plexus/2.0.6/plexus-2.0.6.pom (17 kB at 578 kB/s)
[1d0f13a1-6101-41a5-8a97-2fa456a59cb4/build]   | [INFO] Downloading from central: https://repo.maven.apache.org/maven2/org/apache/maven/shared/maven-filtering/1.1/maven-filtering-1.1.pom
[1d0f13a1-6101-41a5-8a97-2fa456a59cb4/build]   | [INFO] Downloaded from central: https://repo.maven.apache.org/maven2/org/apache/maven/shared/maven-filtering/1.1/maven-filtering-1.1.pom (5.8 kB at 165 kB/s)
[1d0f13a1-6101-41a5-8a97-2fa456a59cb4/build]   | [INFO] Downloading from central: https://repo.maven.apache.org/maven2/org/apache/maven/shared/maven-shared-components/17/maven-shared-components-17.pom
[1d0f13a1-6101-41a5-8a97-2fa456a59cb4/build]   | [INFO] Downloaded from central: https://repo.maven.apache.org/maven2/org/apache/maven/shared/maven-shared-components/17/maven-shared-components-17.pom (8.7 kB at 300 kB/s)
[1d0f13a1-6101-41a5-8a97-2fa456a59cb4/build]   | [INFO] Downloading from central: https://repo.maven.apache.org/maven2/org/codehaus/plexus/plexus-utils/1.5.15/plexus-utils-1.5.15.pom
[1d0f13a1-6101-41a5-8a97-2fa456a59cb4/build]   | [INFO] Downloaded from central: https://repo.maven.apache.org/maven2/org/codehaus/plexus/plexus-utils/1.5.15/plexus-utils-1.5.15.pom (6.8 kB at 221 kB/s)
[1d0f13a1-6101-41a5-8a97-2fa456a59cb4/build]   | [INFO] Downloading from central: https://repo.maven.apache.org/maven2/org/codehaus/plexus/plexus/2.0.2/plexus-2.0.2.pom
[1d0f13a1-6101-41a5-8a97-2fa456a59cb4/build]   | [INFO] Downloaded from central: https://repo.maven.apache.org/maven2/org/codehaus/plexus/plexus/2.0.2/plexus-2.0.2.pom (12 kB at 464 kB/s)
[1d0f13a1-6101-41a5-8a97-2fa456a59cb4/build]   | [INFO] Downloading from central: https://repo.maven.apache.org/maven2/org/codehaus/plexus/plexus-interpolation/1.12/plexus-interpolation-1.12.pom
[1d0f13a1-6101-41a5-8a97-2fa456a59cb4/build]   | [INFO] Downloaded from central: https://repo.maven.apache.org/maven2/org/codehaus/plexus/plexus-interpolation/1.12/plexus-interpolation-1.12.pom (889 B at 34 kB/s)
[1d0f13a1-6101-41a5-8a97-2fa456a59cb4/build]   | [INFO] Downloading from central: https://repo.maven.apache.org/maven2/org/codehaus/plexus/plexus-components/1.1.14/plexus-components-1.1.14.pom
[1d0f13a1-6101-41a5-8a97-2fa456a59cb4/build]   | [INFO] Downloaded from central: https://repo.maven.apache.org/maven2/org/codehaus/plexus/plexus-components/1.1.14/plexus-components-1.1.14.pom (5.8 kB at 225 kB/s)
[1d0f13a1-6101-41a5-8a97-2fa456a59cb4/build]   | [INFO] Downloading from central: https://repo.maven.apache.org/maven2/org/sonatype/plexus/plexus-build-api/0.0.4/plexus-build-api-0.0.4.pom
[1d0f13a1-6101-41a5-8a97-2fa456a59cb4/build]   | [INFO] Downloaded from central: https://repo.maven.apache.org/maven2/org/sonatype/plexus/plexus-build-api/0.0.4/plexus-build-api-0.0.4.pom (2.9 kB at 75 kB/s)
[1d0f13a1-6101-41a5-8a97-2fa456a59cb4/build]   | [INFO] Downloading from central: https://repo.maven.apache.org/maven2/org/sonatype/spice/spice-parent/10/spice-parent-10.pom
[1d0f13a1-6101-41a5-8a97-2fa456a59cb4/build]   | [INFO] Downloaded from central: https://repo.maven.apache.org/maven2/org/sonatype/spice/spice-parent/10/spice-parent-10.pom (3.0 kB at 89 kB/s)
[1d0f13a1-6101-41a5-8a97-2fa456a59cb4/build]   | [INFO] Downloading from central: https://repo.maven.apache.org/maven2/org/sonatype/forge/forge-parent/3/forge-parent-3.pom
[1d0f13a1-6101-41a5-8a97-2fa456a59cb4/build]   | [INFO] Downloaded from central: https://repo.maven.apache.org/maven2/org/sonatype/forge/forge-parent/3/forge-parent-3.pom (5.0 kB at 140 kB/s)
[1d0f13a1-6101-41a5-8a97-2fa456a59cb4/build]   | [INFO] Downloading from central: https://repo.maven.apache.org/maven2/org/codehaus/plexus/plexus-utils/1.5.8/plexus-utils-1.5.8.pom
[1d0f13a1-6101-41a5-8a97-2fa456a59cb4/build]   | [INFO] Downloaded from central: https://repo.maven.apache.org/maven2/org/codehaus/plexus/plexus-utils/1.5.8/plexus-utils-1.5.8.pom (8.1 kB at 224 kB/s)
[1d0f13a1-6101-41a5-8a97-2fa456a59cb4/build]   | [INFO] Downloading from central: https://repo.maven.apache.org/maven2/org/codehaus/plexus/plexus-interpolation/1.13/plexus-interpolation-1.13.pom
[1d0f13a1-6101-41a5-8a97-2fa456a59cb4/build]   | [INFO] Downloaded from central: https://repo.maven.apache.org/maven2/org/codehaus/plexus/plexus-interpolation/1.13/plexus-interpolation-1.13.pom (890 B at 25 kB/s)
[1d0f13a1-6101-41a5-8a97-2fa456a59cb4/build]   | [INFO] Downloading from central: https://repo.maven.apache.org/maven2/org/codehaus/plexus/plexus-components/1.1.15/plexus-components-1.1.15.pom
[1d0f13a1-6101-41a5-8a97-2fa456a59cb4/build]   | [INFO] Downloaded from central: https://repo.maven.apache.org/maven2/org/codehaus/plexus/plexus-components/1.1.15/plexus-components-1.1.15.pom (2.8 kB at 92 kB/s)
[1d0f13a1-6101-41a5-8a97-2fa456a59cb4/build]   | [INFO] Downloading from central: https://repo.maven.apache.org/maven2/org/codehaus/plexus/plexus/2.0.3/plexus-2.0.3.pom
[1d0f13a1-6101-41a5-8a97-2fa456a59cb4/build]   | [INFO] Downloaded from central: https://repo.maven.apache.org/maven2/org/codehaus/plexus/plexus/2.0.3/plexus-2.0.3.pom (15 kB at 499 kB/s)
[1d0f13a1-6101-41a5-8a97-2fa456a59cb4/build]   | [INFO] Downloading from central: https://repo.maven.apache.org/maven2/org/apache/maven/maven-plugin-api/2.0.6/maven-plugin-api-2.0.6.jar
[1d0f13a1-6101-41a5-8a97-2fa456a59cb4/build]   | [INFO] Downloading from central: https://repo.maven.apache.org/maven2/org/apache/maven/maven-project/2.0.6/maven-project-2.0.6.jar
[1d0f13a1-6101-41a5-8a97-2fa456a59cb4/build]   | [INFO] Downloading from central: https://repo.maven.apache.org/maven2/org/apache/maven/maven-profile/2.0.6/maven-profile-2.0.6.jar
[1d0f13a1-6101-41a5-8a97-2fa456a59cb4/build]   | [INFO] Downloading from central: https://repo.maven.apache.org/maven2/org/apache/maven/maven-artifact-manager/2.0.6/maven-artifact-manager-2.0.6.jar
[1d0f13a1-6101-41a5-8a97-2fa456a59cb4/build]   | [INFO] Downloading from central: https://repo.maven.apache.org/maven2/org/apache/maven/maven-plugin-registry/2.0.6/maven-plugin-registry-2.0.6.jar
[1d0f13a1-6101-41a5-8a97-2fa456a59cb4/build]   | [INFO] Downloaded from central: https://repo.maven.apache.org/maven2/org/apache/maven/maven-artifact-manager/2.0.6/maven-artifact-manager-2.0.6.jar (57 kB at 2.1 MB/s)
[1d0f13a1-6101-41a5-8a97-2fa456a59cb4/build]   | [INFO] Downloaded from central: https://repo.maven.apache.org/maven2/org/apache/maven/maven-plugin-api/2.0.6/maven-plugin-api-2.0.6.jar (13 kB at 459 kB/s)
[1d0f13a1-6101-41a5-8a97-2fa456a59cb4/build]   | [INFO] Downloading from central: https://repo.maven.apache.org/maven2/org/apache/maven/maven-core/2.0.6/maven-core-2.0.6.jar
[1d0f13a1-6101-41a5-8a97-2fa456a59cb4/build]   | [INFO] Downloading from central: https://repo.maven.apache.org/maven2/org/apache/maven/maven-plugin-parameter-documenter/2.0.6/maven-plugin-parameter-documenter-2.0.6.jar
[1d0f13a1-6101-41a5-8a97-2fa456a59cb4/build]   | [INFO] Downloaded from central: https://repo.maven.apache.org/maven2/org/apache/maven/maven-profile/2.0.6/maven-profile-2.0.6.jar (35 kB at 1.3 MB/s)
[1d0f13a1-6101-41a5-8a97-2fa456a59cb4/build]   | [INFO] Downloaded from central: https://repo.maven.apache.org/maven2/org/apache/maven/maven-plugin-registry/2.0.6/maven-plugin-registry-2.0.6.jar (29 kB at 1.1 MB/s)
[1d0f13a1-6101-41a5-8a97-2fa456a59cb4/build]   | [INFO] Downloading from central: https://repo.maven.apache.org/maven2/org/apache/maven/reporting/maven-reporting-api/2.0.6/maven-reporting-api-2.0.6.jar
[1d0f13a1-6101-41a5-8a97-2fa456a59cb4/build]   | [INFO] Downloading from central: https://repo.maven.apache.org/maven2/org/apache/maven/doxia/doxia-sink-api/1.0-alpha-7/doxia-sink-api-1.0-alpha-7.jar
[1d0f13a1-6101-41a5-8a97-2fa456a59cb4/build]   | [INFO] Downloaded from central: https://repo.maven.apache.org/maven2/org/apache/maven/maven-project/2.0.6/maven-project-2.0.6.jar (116 kB at 3.3 MB/s)
[1d0f13a1-6101-41a5-8a97-2fa456a59cb4/build]   | [INFO] Downloading from central: https://repo.maven.apache.org/maven2/org/apache/maven/maven-repository-metadata/2.0.6/maven-repository-metadata-2.0.6.jar
[1d0f13a1-6101-41a5-8a97-2fa456a59cb4/build]   | [INFO] Downloaded from central: https://repo.maven.apache.org/maven2/org/apache/maven/reporting/maven-reporting-api/2.0.6/maven-reporting-api-2.0.6.jar (9.9 kB at 184 kB/s)
[1d0f13a1-6101-41a5-8a97-2fa456a59cb4/build]   | [INFO] Downloading from central: https://repo.maven.apache.org/maven2/org/apache/maven/maven-error-diagnostics/2.0.6/maven-error-diagnostics-2.0.6.jar
[1d0f13a1-6101-41a5-8a97-2fa456a59cb4/build]   | [INFO] Downloaded from central: https://repo.maven.apache.org/maven2/org/apache/maven/doxia/doxia-sink-api/1.0-alpha-7/doxia-sink-api-1.0-alpha-7.jar (5.9 kB at 104 kB/s)
[1d0f13a1-6101-41a5-8a97-2fa456a59cb4/build]   | [INFO] Downloading from central: https://repo.maven.apache.org/maven2/commons-cli/commons-cli/1.0/commons-cli-1.0.jar
[1d0f13a1-6101-41a5-8a97-2fa456a59cb4/build]   | [INFO] Downloaded from central: https://repo.maven.apache.org/maven2/org/apache/maven/maven-plugin-parameter-documenter/2.0.6/maven-plugin-parameter-documenter-2.0.6.jar (21 kB at 364 kB/s)
[1d0f13a1-6101-41a5-8a97-2fa456a59cb4/build]   | [INFO] Downloading from central: https://repo.maven.apache.org/maven2/org/apache/maven/maven-plugin-descriptor/2.0.6/maven-plugin-descriptor-2.0.6.jar
[1d0f13a1-6101-41a5-8a97-2fa456a59cb4/build]   | [INFO] Downloaded from central: https://repo.maven.apache.org/maven2/org/apache/maven/maven-core/2.0.6/maven-core-2.0.6.jar (152 kB at 2.5 MB/s)
[1d0f13a1-6101-41a5-8a97-2fa456a59cb4/build]   | [INFO] Downloading from central: https://repo.maven.apache.org/maven2/org/codehaus/plexus/plexus-interactivity-api/1.0-alpha-4/plexus-interactivity-api-1.0-alpha-4.jar
[1d0f13a1-6101-41a5-8a97-2fa456a59cb4/build]   | [INFO] Downloaded from central: https://repo.maven.apache.org/maven2/org/apache/maven/maven-repository-metadata/2.0.6/maven-repository-metadata-2.0.6.jar (24 kB at 355 kB/s)
[1d0f13a1-6101-41a5-8a97-2fa456a59cb4/build]   | [INFO] Downloading from central: https://repo.maven.apache.org/maven2/classworlds/classworlds/1.1/classworlds-1.1.jar
[1d0f13a1-6101-41a5-8a97-2fa456a59cb4/build]   | [INFO] Downloaded from central: https://repo.maven.apache.org/maven2/org/apache/maven/maven-error-diagnostics/2.0.6/maven-error-diagnostics-2.0.6.jar (14 kB at 168 kB/s)
[1d0f13a1-6101-41a5-8a97-2fa456a59cb4/build]   | [INFO] Downloading from central: https://repo.maven.apache.org/maven2/org/apache/maven/maven-artifact/2.0.6/maven-artifact-2.0.6.jar
[1d0f13a1-6101-41a5-8a97-2fa456a59cb4/build]   | [INFO] Downloaded from central: https://repo.maven.apache.org/maven2/org/codehaus/plexus/plexus-interactivity-api/1.0-alpha-4/plexus-interactivity-api-1.0-alpha-4.jar (13 kB at 158 kB/s)
[1d0f13a1-6101-41a5-8a97-2fa456a59cb4/build]   | [INFO] Downloaded from central: https://repo.maven.apache.org/maven2/org/apache/maven/maven-plugin-descriptor/2.0.6/maven-plugin-descriptor-2.0.6.jar (37 kB at 434 kB/s)
[1d0f13a1-6101-41a5-8a97-2fa456a59cb4/build]   | [INFO] Downloading from central: https://repo.maven.apache.org/maven2/org/apache/maven/maven-settings/2.0.6/maven-settings-2.0.6.jar
[1d0f13a1-6101-41a5-8a97-2fa456a59cb4/build]   | [INFO] Downloading from central: https://repo.maven.apache.org/maven2/org/apache/maven/maven-model/2.0.6/maven-model-2.0.6.jar
[1d0f13a1-6101-41a5-8a97-2fa456a59cb4/build]   | [INFO] Downloaded from central: https://repo.maven.apache.org/maven2/commons-cli/commons-cli/1.0/commons-cli-1.0.jar (30 kB at 350 kB/s)
[1d0f13a1-6101-41a5-8a97-2fa456a59cb4/build]   | [INFO] Downloading from central: https://repo.maven.apache.org/maven2/org/apache/maven/maven-monitor/2.0.6/maven-monitor-2.0.6.jar
[1d0f13a1-6101-41a5-8a97-2fa456a59cb4/build]   | [INFO] Downloaded from central: https://repo.maven.apache.org/maven2/classworlds/classworlds/1.1/classworlds-1.1.jar (38 kB at 403 kB/s)
[1d0f13a1-6101-41a5-8a97-2fa456a59cb4/build]   | [INFO] Downloading from central: https://repo.maven.apache.org/maven2/org/codehaus/plexus/plexus-container-default/1.0-alpha-9-stable-1/plexus-container-default-1.0-alpha-9-stable-1.jar
[1d0f13a1-6101-41a5-8a97-2fa456a59cb4/build]   | [INFO] Downloaded from central: https://repo.maven.apache.org/maven2/org/apache/maven/maven-artifact/2.0.6/maven-artifact-2.0.6.jar (87 kB at 794 kB/s)
[1d0f13a1-6101-41a5-8a97-2fa456a59cb4/build]   | [INFO] Downloading from central: https://repo.maven.apache.org/maven2/junit/junit/3.8.1/junit-3.8.1.jar
[1d0f13a1-6101-41a5-8a97-2fa456a59cb4/build]   | [INFO] Downloaded from central: https://repo.maven.apache.org/maven2/org/apache/maven/maven-monitor/2.0.6/maven-monitor-2.0.6.jar (10 kB at 89 kB/s)
[1d0f13a1-6101-41a5-8a97-2fa456a59cb4/build]   | [INFO] Downloaded from central: https://repo.maven.apache.org/maven2/org/apache/maven/maven-settings/2.0.6/maven-settings-2.0.6.jar (49 kB at 423 kB/s)
[1d0f13a1-6101-41a5-8a97-2fa456a59cb4/build]   | [INFO] Downloading from central: https://repo.maven.apache.org/maven2/org/codehaus/plexus/plexus-utils/2.0.5/plexus-utils-2.0.5.jar
[1d0f13a1-6101-41a5-8a97-2fa456a59cb4/build]   | [INFO] Downloading from central: https://repo.maven.apache.org/maven2/org/apache/maven/shared/maven-filtering/1.1/maven-filtering-1.1.jar
[1d0f13a1-6101-41a5-8a97-2fa456a59cb4/build]   | [INFO] Downloaded from central: https://repo.maven.apache.org/maven2/org/apache/maven/maven-model/2.0.6/maven-model-2.0.6.jar (86 kB at 708 kB/s)
[1d0f13a1-6101-41a5-8a97-2fa456a59cb4/build]   | [INFO] Downloading from central: https://repo.maven.apache.org/maven2/org/sonatype/plexus/plexus-build-api/0.0.4/plexus-build-api-0.0.4.jar
[1d0f13a1-6101-41a5-8a97-2fa456a59cb4/build]   | [INFO] Downloaded from central: https://repo.maven.apache.org/maven2/org/codehaus/plexus/plexus-container-default/1.0-alpha-9-stable-1/plexus-container-default-1.0-alpha-9-stable-1.jar (194 kB at 1.6 MB/s)
[1d0f13a1-6101-41a5-8a97-2fa456a59cb4/build]   | [INFO] Downloading from central: https://repo.maven.apache.org/maven2/org/codehaus/plexus/plexus-interpolation/1.13/plexus-interpolation-1.13.jar
[1d0f13a1-6101-41a5-8a97-2fa456a59cb4/build]   | [INFO] Downloaded from central: https://repo.maven.apache.org/maven2/junit/junit/3.8.1/junit-3.8.1.jar (121 kB at 859 kB/s)
[1d0f13a1-6101-41a5-8a97-2fa456a59cb4/build]   | [INFO] Downloaded from central: https://repo.maven.apache.org/maven2/org/apache/maven/shared/maven-filtering/1.1/maven-filtering-1.1.jar (43 kB at 299 kB/s)
[1d0f13a1-6101-41a5-8a97-2fa456a59cb4/build]   | [INFO] Downloaded from central: https://repo.maven.apache.org/maven2/org/codehaus/plexus/plexus-utils/2.0.5/plexus-utils-2.0.5.jar (223 kB at 1.5 MB/s)
[1d0f13a1-6101-41a5-8a97-2fa456a59cb4/build]   | [INFO] Downloaded from central: https://repo.maven.apache.org/maven2/org/sonatype/plexus/plexus-build-api/0.0.4/plexus-build-api-0.0.4.jar (6.8 kB at 46 kB/s)
[1d0f13a1-6101-41a5-8a97-2fa456a59cb4/build]   | [INFO] Downloaded from central: https://repo.maven.apache.org/maven2/org/codehaus/plexus/plexus-interpolation/1.13/plexus-interpolation-1.13.jar (61 kB at 402 kB/s)
[1d0f13a1-6101-41a5-8a97-2fa456a59cb4/build]   | [INFO] Using 'UTF-8' encoding to copy filtered resources.
[1d0f13a1-6101-41a5-8a97-2fa456a59cb4/build]   | [INFO] skip non existing resourceDirectory /tmp/15a1b9d4-edb6-40f8-99d6-c205bed039ce/src/main/resources
[1d0f13a1-6101-41a5-8a97-2fa456a59cb4/build]   | [INFO] 
[1d0f13a1-6101-41a5-8a97-2fa456a59cb4/build]   | [INFO] --- maven-compiler-plugin:3.10.1:compile (default-compile) @ Java ---
[1d0f13a1-6101-41a5-8a97-2fa456a59cb4/build]   | [INFO] Downloading from central: https://repo.maven.apache.org/maven2/org/apache/maven/shared/maven-shared-utils/3.3.4/maven-shared-utils-3.3.4.pom
[1d0f13a1-6101-41a5-8a97-2fa456a59cb4/build]   | [INFO] Downloaded from central: https://repo.maven.apache.org/maven2/org/apache/maven/shared/maven-shared-utils/3.3.4/maven-shared-utils-3.3.4.pom (5.8 kB at 188 kB/s)
[1d0f13a1-6101-41a5-8a97-2fa456a59cb4/build]   | [INFO] Downloading from central: https://repo.maven.apache.org/maven2/org/apache/maven/shared/maven-shared-components/34/maven-shared-components-34.pom
[1d0f13a1-6101-41a5-8a97-2fa456a59cb4/build]   | [INFO] Downloaded from central: https://repo.maven.apache.org/maven2/org/apache/maven/shared/maven-shared-components/34/maven-shared-components-34.pom (5.1 kB at 124 kB/s)
[1d0f13a1-6101-41a5-8a97-2fa456a59cb4/build]   | [INFO] Downloading from central: https://repo.maven.apache.org/maven2/commons-io/commons-io/2.6/commons-io-2.6.pom
[1d0f13a1-6101-41a5-8a97-2fa456a59cb4/build]   | [INFO] Downloaded from central: https://repo.maven.apache.org/maven2/commons-io/commons-io/2.6/commons-io-2.6.pom (14 kB at 385 kB/s)
[1d0f13a1-6101-41a5-8a97-2fa456a59cb4/build]   | [INFO] Downloading from central: https://repo.maven.apache.org/maven2/org/apache/commons/commons-parent/42/commons-parent-42.pom
[1d0f13a1-6101-41a5-8a97-2fa456a59cb4/build]   | [INFO] Downloaded from central: https://repo.maven.apache.org/maven2/org/apache/commons/commons-parent/42/commons-parent-42.pom (68 kB at 1.7 MB/s)
[1d0f13a1-6101-41a5-8a97-2fa456a59cb4/build]   | [INFO] Downloading from central: https://repo.maven.apache.org/maven2/org/apache/apache/18/apache-18.pom
[1d0f13a1-6101-41a5-8a97-2fa456a59cb4/build]   | [INFO] Downloaded from central: https://repo.maven.apache.org/maven2/org/apache/apache/18/apache-18.pom (16 kB at 461 kB/s)
[1d0f13a1-6101-41a5-8a97-2fa456a59cb4/build]   | [INFO] Downloading from central: https://repo.maven.apache.org/maven2/org/apache/maven/shared/maven-shared-incremental/1.1/maven-shared-incremental-1.1.pom
[1d0f13a1-6101-41a5-8a97-2fa456a59cb4/build]   | [INFO] Downloaded from central: https://repo.maven.apache.org/maven2/org/apache/maven/shared/maven-shared-incremental/1.1/maven-shared-incremental-1.1.pom (4.7 kB at 144 kB/s)
[1d0f13a1-6101-41a5-8a97-2fa456a59cb4/build]   | [INFO] Downloading from central: https://repo.maven.apache.org/maven2/org/apache/maven/shared/maven-shared-components/19/maven-shared-components-19.pom
[1d0f13a1-6101-41a5-8a97-2fa456a59cb4/build]   | [INFO] Downloaded from central: https://repo.maven.apache.org/maven2/org/apache/maven/shared/maven-shared-components/19/maven-shared-components-19.pom (6.4 kB at 187 kB/s)
[1d0f13a1-6101-41a5-8a97-2fa456a59cb4/build]   | [INFO] Downloading from central: https://repo.maven.apache.org/maven2/org/apache/maven/maven-parent/23/maven-parent-23.pom
[1d0f13a1-6101-41a5-8a97-2fa456a59cb4/build]   | [INFO] Downloaded from central: https://repo.maven.apache.org/maven2/org/apache/maven/maven-parent/23/maven-parent-23.pom (33 kB at 858 kB/s)
[1d0f13a1-6101-41a5-8a97-2fa456a59cb4/build]   | [INFO] Downloading from central: https://repo.maven.apache.org/maven2/org/apache/apache/13/apache-13.pom
[1d0f13a1-6101-41a5-8a97-2fa456a59cb4/build]   | [INFO] Downloaded from central: https://repo.maven.apache.org/maven2/org/apache/apache/13/apache-13.pom (14 kB at 368 kB/s)
[1d0f13a1-6101-41a5-8a97-2fa456a59cb4/build]   | [INFO] Downloading from central: https://repo.maven.apache.org/maven2/org/codehaus/plexus/plexus-component-annotations/2.0.0/plexus-component-annotations-2.0.0.pom
[1d0f13a1-6101-41a5-8a97-2fa456a59cb4/build]   | [INFO] Downloaded from central: https://repo.maven.apache.org/maven2/org/codehaus/plexus/plexus-component-annotations/2.0.0/plexus-component-annotations-2.0.0.pom (750 B at 20 kB/s)
[1d0f13a1-6101-41a5-8a97-2fa456a59cb4/build]   | [INFO] Downloading from central: https://repo.maven.apache.org/maven2/org/codehaus/plexus/plexus-containers/2.0.0/plexus-containers-2.0.0.pom
[1d0f13a1-6101-41a5-8a97-2fa456a59cb4/build]   | [INFO] Downloaded from central: https://repo.maven.apache.org/maven2/org/codehaus/plexus/plexus-containers/2.0.0/plexus-containers-2.0.0.pom (4.8 kB at 160 kB/s)
[1d0f13a1-6101-41a5-8a97-2fa456a59cb4/build]   | [INFO] Downloading from central: https://repo.maven.apache.org/maven2/org/codehaus/plexus/plexus/5.1/plexus-5.1.pom
[1d0f13a1-6101-41a5-8a97-2fa456a59cb4/build]   | [INFO] Downloaded from central: https://repo.maven.apache.org/maven2/org/codehaus/plexus/plexus/5.1/plexus-5.1.pom (23 kB at 523 kB/s)
[1d0f13a1-6101-41a5-8a97-2fa456a59cb4/build]   | [INFO] Downloading from central: https://repo.maven.apache.org/maven2/org/codehaus/plexus/plexus-java/1.1.1/plexus-java-1.1.1.pom
[1d0f13a1-6101-41a5-8a97-2fa456a59cb4/build]   | [INFO] Downloaded from central: https://repo.maven.apache.org/maven2/org/codehaus/plexus/plexus-java/1.1.1/plexus-java-1.1.1.pom (5.0 kB at 116 kB/s)
[1d0f13a1-6101-41a5-8a97-2fa456a59cb4/build]   | [INFO] Downloading from central: https://repo.maven.apache.org/maven2/org/codehaus/plexus/plexus-languages/1.1.1/plexus-languages-1.1.1.pom
[1d0f13a1-6101-41a5-8a97-2fa456a59cb4/build]   | [INFO] Downloaded from central: https://repo.maven.apache.org/maven2/org/codehaus/plexus/plexus-languages/1.1.1/plexus-languages-1.1.1.pom (4.6 kB at 121 kB/s)
[1d0f13a1-6101-41a5-8a97-2fa456a59cb4/build]   | [INFO] Downloading from central: https://repo.maven.apache.org/maven2/org/codehaus/plexus/plexus/8/plexus-8.pom
[1d0f13a1-6101-41a5-8a97-2fa456a59cb4/build]   | [INFO] Downloaded from central: https://repo.maven.apache.org/maven2/org/codehaus/plexus/plexus/8/plexus-8.pom (25 kB at 688 kB/s)
[1d0f13a1-6101-41a5-8a97-2fa456a59cb4/build]   | [INFO] Downloading from central: https://repo.maven.apache.org/maven2/org/ow2/asm/asm/9.2/asm-9.2.pom
[1d0f13a1-6101-41a5-8a97-2fa456a59cb4/build]   | [INFO] Downloaded from central: https://repo.maven.apache.org/maven2/org/ow2/asm/asm/9.2/asm-9.2.pom (2.4 kB at 46 kB/s)
[1d0f13a1-6101-41a5-8a97-2fa456a59cb4/build]   | [INFO] Downloading from central: https://repo.maven.apache.org/maven2/org/ow2/ow2/1.5/ow2-1.5.pom
[1d0f13a1-6101-41a5-8a97-2fa456a59cb4/build]   | [INFO] Downloaded from central: https://repo.maven.apache.org/maven2/org/ow2/ow2/1.5/ow2-1.5.pom (11 kB at 229 kB/s)
[1d0f13a1-6101-41a5-8a97-2fa456a59cb4/build]   | [INFO] Downloading from central: https://repo.maven.apache.org/maven2/com/thoughtworks/qdox/qdox/2.0.1/qdox-2.0.1.pom
[1d0f13a1-6101-41a5-8a97-2fa456a59cb4/build]   | [INFO] Downloaded from central: https://repo.maven.apache.org/maven2/com/thoughtworks/qdox/qdox/2.0.1/qdox-2.0.1.pom (16 kB at 286 kB/s)
[1d0f13a1-6101-41a5-8a97-2fa456a59cb4/build]   | [INFO] Downloading from central: https://repo.maven.apache.org/maven2/org/sonatype/oss/oss-parent/9/oss-parent-9.pom
[1d0f13a1-6101-41a5-8a97-2fa456a59cb4/build]   | [INFO] Downloaded from central: https://repo.maven.apache.org/maven2/org/sonatype/oss/oss-parent/9/oss-parent-9.pom (6.6 kB at 153 kB/s)
[1d0f13a1-6101-41a5-8a97-2fa456a59cb4/build]   | [INFO] Downloading from central: https://repo.maven.apache.org/maven2/org/codehaus/plexus/plexus-compiler-api/2.11.1/plexus-compiler-api-2.11.1.pom
[1d0f13a1-6101-41a5-8a97-2fa456a59cb4/build]   | [INFO] Downloaded from central: https://repo.maven.apache.org/maven2/org/codehaus/plexus/plexus-compiler-api/2.11.1/plexus-compiler-api-2.11.1.pom (1.1 kB at 25 kB/s)
[1d0f13a1-6101-41a5-8a97-2fa456a59cb4/build]   | [INFO] Downloading from central: https://repo.maven.apache.org/maven2/org/codehaus/plexus/plexus-compiler/2.11.1/plexus-compiler-2.11.1.pom
[1d0f13a1-6101-41a5-8a97-2fa456a59cb4/build]   | [INFO] Downloaded from central: https://repo.maven.apache.org/maven2/org/codehaus/plexus/plexus-compiler/2.11.1/plexus-compiler-2.11.1.pom (8.1 kB at 180 kB/s)
[1d0f13a1-6101-41a5-8a97-2fa456a59cb4/build]   | [INFO] Downloading from central: https://repo.maven.apache.org/maven2/org/codehaus/plexus/plexus-components/6.6/plexus-components-6.6.pom
[1d0f13a1-6101-41a5-8a97-2fa456a59cb4/build]   | [INFO] Downloaded from central: https://repo.maven.apache.org/maven2/org/codehaus/plexus/plexus-components/6.6/plexus-components-6.6.pom (2.7 kB at 62 kB/s)
[1d0f13a1-6101-41a5-8a97-2fa456a59cb4/build]   | [INFO] Downloading from central: https://repo.maven.apache.org/maven2/org/codehaus/plexus/plexus-utils/3.4.1/plexus-utils-3.4.1.pom
[1d0f13a1-6101-41a5-8a97-2fa456a59cb4/build]   | [INFO] Downloaded from central: https://repo.maven.apache.org/maven2/org/codehaus/plexus/plexus-utils/3.4.1/plexus-utils-3.4.1.pom (8.0 kB at 295 kB/s)
[1d0f13a1-6101-41a5-8a97-2fa456a59cb4/build]   | [INFO] Downloading from central: https://repo.maven.apache.org/maven2/org/codehaus/plexus/plexus-compiler-manager/2.11.1/plexus-compiler-manager-2.11.1.pom
[1d0f13a1-6101-41a5-8a97-2fa456a59cb4/build]   | [INFO] Downloaded from central: https://repo.maven.apache.org/maven2/org/codehaus/plexus/plexus-compiler-manager/2.11.1/plexus-compiler-manager-2.11.1.pom (1.1 kB at 26 kB/s)
[1d0f13a1-6101-41a5-8a97-2fa456a59cb4/build]   | [INFO] Downloading from central: https://repo.maven.apache.org/maven2/org/codehaus/plexus/plexus-compiler-javac/2.11.1/plexus-compiler-javac-2.11.1.pom
[1d0f13a1-6101-41a5-8a97-2fa456a59cb4/build]   | [INFO] Downloaded from central: https://repo.maven.apache.org/maven2/org/codehaus/plexus/plexus-compiler-javac/2.11.1/plexus-compiler-javac-2.11.1.pom (1.2 kB at 27 kB/s)
[1d0f13a1-6101-41a5-8a97-2fa456a59cb4/build]   | [INFO] Downloading from central: https://repo.maven.apache.org/maven2/org/codehaus/plexus/plexus-compilers/2.11.1/plexus-compilers-2.11.1.pom
[1d0f13a1-6101-41a5-8a97-2fa456a59cb4/build]   | [INFO] Downloaded from central: https://repo.maven.apache.org/maven2/org/codehaus/plexus/plexus-compilers/2.11.1/plexus-compilers-2.11.1.pom (1.3 kB at 31 kB/s)
[1d0f13a1-6101-41a5-8a97-2fa456a59cb4/build]   | [INFO] Downloading from central: https://repo.maven.apache.org/maven2/org/apache/maven/shared/maven-shared-utils/3.3.4/maven-shared-utils-3.3.4.jar
[1d0f13a1-6101-41a5-8a97-2fa456a59cb4/build]   | [INFO] Downloading from central: https://repo.maven.apache.org/maven2/commons-io/commons-io/2.6/commons-io-2.6.jar
[1d0f13a1-6101-41a5-8a97-2fa456a59cb4/build]   | [INFO] Downloading from central: https://repo.maven.apache.org/maven2/org/apache/maven/shared/maven-shared-incremental/1.1/maven-shared-incremental-1.1.jar
[1d0f13a1-6101-41a5-8a97-2fa456a59cb4/build]   | [INFO] Downloading from central: https://repo.maven.apache.org/maven2/org/codehaus/plexus/plexus-component-annotations/2.0.0/plexus-component-annotations-2.0.0.jar
[1d0f13a1-6101-41a5-8a97-2fa456a59cb4/build]   | [INFO] Downloading from central: https://repo.maven.apache.org/maven2/org/codehaus/plexus/plexus-java/1.1.1/plexus-java-1.1.1.jar
[1d0f13a1-6101-41a5-8a97-2fa456a59cb4/build]   | [INFO] Downloaded from central: https://repo.maven.apache.org/maven2/org/codehaus/plexus/plexus-component-annotations/2.0.0/plexus-component-annotations-2.0.0.jar (4.2 kB at 90 kB/s)
[1d0f13a1-6101-41a5-8a97-2fa456a59cb4/build]   | [INFO] Downloading from central: https://repo.maven.apache.org/maven2/org/ow2/asm/asm/9.2/asm-9.2.jar
[1d0f13a1-6101-41a5-8a97-2fa456a59cb4/build]   | [INFO] Downloaded from central: https://repo.maven.apache.org/maven2/org/apache/maven/shared/maven-shared-incremental/1.1/maven-shared-incremental-1.1.jar (14 kB at 288 kB/s)
[1d0f13a1-6101-41a5-8a97-2fa456a59cb4/build]   | [INFO] Downloading from central: https://repo.maven.apache.org/maven2/com/thoughtworks/qdox/qdox/2.0.1/qdox-2.0.1.jar
[1d0f13a1-6101-41a5-8a97-2fa456a59cb4/build]   | [INFO] Downloaded from central: https://repo.maven.apache.org/maven2/org/codehaus/plexus/plexus-java/1.1.1/plexus-java-1.1.1.jar (54 kB at 1.1 MB/s)
[1d0f13a1-6101-41a5-8a97-2fa456a59cb4/build]   | [INFO] Downloading from central: https://repo.maven.apache.org/maven2/org/codehaus/plexus/plexus-compiler-api/2.11.1/plexus-compiler-api-2.11.1.jar
[1d0f13a1-6101-41a5-8a97-2fa456a59cb4/build]   | [INFO] Downloaded from central: https://repo.maven.apache.org/maven2/org/apache/maven/shared/maven-shared-utils/3.3.4/maven-shared-utils-3.3.4.jar (153 kB at 2.7 MB/s)
[1d0f13a1-6101-41a5-8a97-2fa456a59cb4/build]   | [INFO] Downloaded from central: https://repo.maven.apache.org/maven2/commons-io/commons-io/2.6/commons-io-2.6.jar (215 kB at 3.8 MB/s)
[1d0f13a1-6101-41a5-8a97-2fa456a59cb4/build]   | [INFO] Downloading from central: https://repo.maven.apache.org/maven2/org/codehaus/plexus/plexus-utils/3.4.1/plexus-utils-3.4.1.jar
[1d0f13a1-6101-41a5-8a97-2fa456a59cb4/build]   | [INFO] Downloading from central: https://repo.maven.apache.org/maven2/org/codehaus/plexus/plexus-compiler-manager/2.11.1/plexus-compiler-manager-2.11.1.jar
[1d0f13a1-6101-41a5-8a97-2fa456a59cb4/build]   | [INFO] Downloaded from central: https://repo.maven.apache.org/maven2/org/ow2/asm/asm/9.2/asm-9.2.jar (122 kB at 1.5 MB/s)
[1d0f13a1-6101-41a5-8a97-2fa456a59cb4/build]   | [INFO] Downloading from central: https://repo.maven.apache.org/maven2/org/codehaus/plexus/plexus-compiler-javac/2.11.1/plexus-compiler-javac-2.11.1.jar
[1d0f13a1-6101-41a5-8a97-2fa456a59cb4/build]   | [INFO] Downloaded from central: https://repo.maven.apache.org/maven2/com/thoughtworks/qdox/qdox/2.0.1/qdox-2.0.1.jar (334 kB at 3.9 MB/s)
[1d0f13a1-6101-41a5-8a97-2fa456a59cb4/build]   | [INFO] Downloaded from central: https://repo.maven.apache.org/maven2/org/codehaus/plexus/plexus-compiler-api/2.11.1/plexus-compiler-api-2.11.1.jar (27 kB at 313 kB/s)
[1d0f13a1-6101-41a5-8a97-2fa456a59cb4/build]   | [INFO] Downloaded from central: https://repo.maven.apache.org/maven2/org/codehaus/plexus/plexus-utils/3.4.1/plexus-utils-3.4.1.jar (264 kB at 3.1 MB/s)
[1d0f13a1-6101-41a5-8a97-2fa456a59cb4/build]   | [INFO] Downloaded from central: https://repo.maven.apache.org/maven2/org/codehaus/plexus/plexus-compiler-manager/2.11.1/plexus-compiler-manager-2.11.1.jar (4.7 kB at 53 kB/s)
[1d0f13a1-6101-41a5-8a97-2fa456a59cb4/build]   | [INFO] Downloaded from central: https://repo.maven.apache.org/maven2/org/codehaus/plexus/plexus-compiler-javac/2.11.1/plexus-compiler-javac-2.11.1.jar (23 kB at 224 kB/s)
[1d0f13a1-6101-41a5-8a97-2fa456a59cb4/build]   | [INFO] Changes detected - recompiling the module!
[1d0f13a1-6101-41a5-8a97-2fa456a59cb4/build]   | [INFO] Compiling 469 source files to /tmp/15a1b9d4-edb6-40f8-99d6-c205bed039ce/target/classes
[1d0f13a1-6101-41a5-8a97-2fa456a59cb4/build]   | [INFO] /tmp/15a1b9d4-edb6-40f8-99d6-c205bed039ce/src/main/java/com/thealgorithms/backtracking/Combination.java: Some input files use unchecked or unsafe operations.
[1d0f13a1-6101-41a5-8a97-2fa456a59cb4/build]   | [INFO] /tmp/15a1b9d4-edb6-40f8-99d6-c205bed039ce/src/main/java/com/thealgorithms/backtracking/Combination.java: Recompile with -Xlint:unchecked for details.
[1d0f13a1-6101-41a5-8a97-2fa456a59cb4/build]   | [INFO] 
[1d0f13a1-6101-41a5-8a97-2fa456a59cb4/build]   | [INFO] --- maven-resources-plugin:2.6:testResources (default-testResources) @ Java ---
[1d0f13a1-6101-41a5-8a97-2fa456a59cb4/build]   | [INFO] Using 'UTF-8' encoding to copy filtered resources.
[1d0f13a1-6101-41a5-8a97-2fa456a59cb4/build]   | [INFO] skip non existing resourceDirectory /tmp/15a1b9d4-edb6-40f8-99d6-c205bed039ce/src/test/resources
[1d0f13a1-6101-41a5-8a97-2fa456a59cb4/build]   | [INFO] 
[1d0f13a1-6101-41a5-8a97-2fa456a59cb4/build]   | [INFO] --- maven-compiler-plugin:3.10.1:testCompile (default-testCompile) @ Java ---
[1d0f13a1-6101-41a5-8a97-2fa456a59cb4/build]   | [INFO] Changes detected - recompiling the module!
[1d0f13a1-6101-41a5-8a97-2fa456a59cb4/build]   | [INFO] Compiling 234 source files to /tmp/15a1b9d4-edb6-40f8-99d6-c205bed039ce/target/test-classes
[1d0f13a1-6101-41a5-8a97-2fa456a59cb4/build]   | [INFO] 
[1d0f13a1-6101-41a5-8a97-2fa456a59cb4/build]   | [INFO] --- maven-surefire-plugin:2.22.2:test (default-test) @ Java ---
[1d0f13a1-6101-41a5-8a97-2fa456a59cb4/build]   | [INFO] Downloading from central: https://repo.maven.apache.org/maven2/org/apache/maven/surefire/maven-surefire-common/2.22.2/maven-surefire-common-2.22.2.pom
[1d0f13a1-6101-41a5-8a97-2fa456a59cb4/build]   | [INFO] Downloaded from central: https://repo.maven.apache.org/maven2/org/apache/maven/surefire/maven-surefire-common/2.22.2/maven-surefire-common-2.22.2.pom (11 kB at 1.6 MB/s)
[1d0f13a1-6101-41a5-8a97-2fa456a59cb4/build]   | [INFO] Downloading from central: https://repo.maven.apache.org/maven2/org/apache/maven/maven-plugin-api/2.2.1/maven-plugin-api-2.2.1.pom
[1d0f13a1-6101-41a5-8a97-2fa456a59cb4/build]   | [INFO] Downloaded from central: https://repo.maven.apache.org/maven2/org/apache/maven/maven-plugin-api/2.2.1/maven-plugin-api-2.2.1.pom (1.5 kB at 292 kB/s)
[1d0f13a1-6101-41a5-8a97-2fa456a59cb4/build]   | [INFO] Downloading from central: https://repo.maven.apache.org/maven2/org/apache/maven/maven/2.2.1/maven-2.2.1.pom
[1d0f13a1-6101-41a5-8a97-2fa456a59cb4/build]   | [INFO] Downloaded from central: https://repo.maven.apache.org/maven2/org/apache/maven/maven/2.2.1/maven-2.2.1.pom (22 kB at 3.7 MB/s)
[1d0f13a1-6101-41a5-8a97-2fa456a59cb4/build]   | [INFO] Downloading from central: https://repo.maven.apache.org/maven2/org/apache/maven/maven-parent/11/maven-parent-11.pom
[1d0f13a1-6101-41a5-8a97-2fa456a59cb4/build]   | [INFO] Downloaded from central: https://repo.maven.apache.org/maven2/org/apache/maven/maven-parent/11/maven-parent-11.pom (32 kB at 6.5 MB/s)
[1d0f13a1-6101-41a5-8a97-2fa456a59cb4/build]   | [INFO] Downloading from central: https://repo.maven.apache.org/maven2/org/apache/apache/5/apache-5.pom
[1d0f13a1-6101-41a5-8a97-2fa456a59cb4/build]   | [INFO] Downloaded from central: https://repo.maven.apache.org/maven2/org/apache/apache/5/apache-5.pom (4.1 kB at 1.0 MB/s)
[1d0f13a1-6101-41a5-8a97-2fa456a59cb4/build]   | [INFO] Downloading from central: https://repo.maven.apache.org/maven2/org/apache/maven/plugin-tools/maven-plugin-annotations/3.5.2/maven-plugin-annotations-3.5.2.pom
[1d0f13a1-6101-41a5-8a97-2fa456a59cb4/build]   | [INFO] Downloaded from central: https://repo.maven.apache.org/maven2/org/apache/maven/plugin-tools/maven-plugin-annotations/3.5.2/maven-plugin-annotations-3.5.2.pom (1.6 kB at 272 kB/s)
[1d0f13a1-6101-41a5-8a97-2fa456a59cb4/build]   | [INFO] Downloading from central: https://repo.maven.apache.org/maven2/org/apache/maven/plugin-tools/maven-plugin-tools/3.5.2/maven-plugin-tools-3.5.2.pom
[1d0f13a1-6101-41a5-8a97-2fa456a59cb4/build]   | [INFO] Downloaded from central: https://repo.maven.apache.org/maven2/org/apache/maven/plugin-tools/maven-plugin-tools/3.5.2/maven-plugin-tools-3.5.2.pom (15 kB at 3.1 MB/s)
[1d0f13a1-6101-41a5-8a97-2fa456a59cb4/build]   | [INFO] Downloading from central: https://repo.maven.apache.org/maven2/org/apache/maven/maven-parent/31/maven-parent-31.pom
[1d0f13a1-6101-41a5-8a97-2fa456a59cb4/build]   | [INFO] Downloaded from central: https://repo.maven.apache.org/maven2/org/apache/maven/maven-parent/31/maven-parent-31.pom (43 kB at 8.7 MB/s)
[1d0f13a1-6101-41a5-8a97-2fa456a59cb4/build]   | [INFO] Downloading from central: https://repo.maven.apache.org/maven2/org/apache/apache/19/apache-19.pom
[1d0f13a1-6101-41a5-8a97-2fa456a59cb4/build]   | [INFO] Downloaded from central: https://repo.maven.apache.org/maven2/org/apache/apache/19/apache-19.pom (15 kB at 3.1 MB/s)
[1d0f13a1-6101-41a5-8a97-2fa456a59cb4/build]   | [INFO] Downloading from central: https://repo.maven.apache.org/maven2/org/apache/maven/maven-artifact/2.2.1/maven-artifact-2.2.1.pom
[1d0f13a1-6101-41a5-8a97-2fa456a59cb4/build]   | [INFO] Downloaded from central: https://repo.maven.apache.org/maven2/org/apache/maven/maven-artifact/2.2.1/maven-artifact-2.2.1.pom (1.6 kB at 395 kB/s)
[1d0f13a1-6101-41a5-8a97-2fa456a59cb4/build]   | [INFO] Downloading from central: https://repo.maven.apache.org/maven2/org/apache/maven/surefire/surefire-api/2.22.2/surefire-api-2.22.2.pom
[1d0f13a1-6101-41a5-8a97-2fa456a59cb4/build]   | [INFO] Downloaded from central: https://repo.maven.apache.org/maven2/org/apache/maven/surefire/surefire-api/2.22.2/surefire-api-2.22.2.pom (3.5 kB at 708 kB/s)
[1d0f13a1-6101-41a5-8a97-2fa456a59cb4/build]   | [INFO] Downloading from central: https://repo.maven.apache.org/maven2/org/apache/maven/surefire/surefire-logger-api/2.22.2/surefire-logger-api-2.22.2.pom
[1d0f13a1-6101-41a5-8a97-2fa456a59cb4/build]   | [INFO] Downloaded from central: https://repo.maven.apache.org/maven2/org/apache/maven/surefire/surefire-logger-api/2.22.2/surefire-logger-api-2.22.2.pom (2.0 kB at 392 kB/s)
[1d0f13a1-6101-41a5-8a97-2fa456a59cb4/build]   | [INFO] Downloading from central: https://repo.maven.apache.org/maven2/org/apache/maven/surefire/surefire-booter/2.22.2/surefire-booter-2.22.2.pom
[1d0f13a1-6101-41a5-8a97-2fa456a59cb4/build]   | [INFO] Downloaded from central: https://repo.maven.apache.org/maven2/org/apache/maven/surefire/surefire-booter/2.22.2/surefire-booter-2.22.2.pom (7.5 kB at 1.5 MB/s)
[1d0f13a1-6101-41a5-8a97-2fa456a59cb4/build]   | [INFO] Downloading from central: https://repo.maven.apache.org/maven2/org/apache/maven/maven-plugin-descriptor/2.2.1/maven-plugin-descriptor-2.2.1.pom
[1d0f13a1-6101-41a5-8a97-2fa456a59cb4/build]   | [INFO] Downloaded from central: https://repo.maven.apache.org/maven2/org/apache/maven/maven-plugin-descriptor/2.2.1/maven-plugin-descriptor-2.2.1.pom (2.1 kB at 516 kB/s)
[1d0f13a1-6101-41a5-8a97-2fa456a59cb4/build]   | [INFO] Downloading from central: https://repo.maven.apache.org/maven2/junit/junit/4.12/junit-4.12.pom
[1d0f13a1-6101-41a5-8a97-2fa456a59cb4/build]   | [INFO] Downloaded from central: https://repo.maven.apache.org/maven2/junit/junit/4.12/junit-4.12.pom (24 kB at 4.7 MB/s)
[1d0f13a1-6101-41a5-8a97-2fa456a59cb4/build]   | [INFO] Downloading from central: https://repo.maven.apache.org/maven2/org/hamcrest/hamcrest-core/1.3/hamcrest-core-1.3.pom
[1d0f13a1-6101-41a5-8a97-2fa456a59cb4/build]   | [INFO] Downloaded from central: https://repo.maven.apache.org/maven2/org/hamcrest/hamcrest-core/1.3/hamcrest-core-1.3.pom (766 B at 192 kB/s)
[1d0f13a1-6101-41a5-8a97-2fa456a59cb4/build]   | [INFO] Downloading from central: https://repo.maven.apache.org/maven2/org/hamcrest/hamcrest-parent/1.3/hamcrest-parent-1.3.pom
[1d0f13a1-6101-41a5-8a97-2fa456a59cb4/build]   | [INFO] Downloaded from central: https://repo.maven.apache.org/maven2/org/hamcrest/hamcrest-parent/1.3/hamcrest-parent-1.3.pom (2.0 kB at 394 kB/s)
[1d0f13a1-6101-41a5-8a97-2fa456a59cb4/build]   | [INFO] Downloading from central: https://repo.maven.apache.org/maven2/org/apache/maven/maven-project/2.2.1/maven-project-2.2.1.pom
[1d0f13a1-6101-41a5-8a97-2fa456a59cb4/build]   | [INFO] Downloaded from central: https://repo.maven.apache.org/maven2/org/apache/maven/maven-project/2.2.1/maven-project-2.2.1.pom (2.8 kB at 693 kB/s)
[1d0f13a1-6101-41a5-8a97-2fa456a59cb4/build]   | [INFO] Downloading from central: https://repo.maven.apache.org/maven2/org/apache/maven/maven-settings/2.2.1/maven-settings-2.2.1.pom
[1d0f13a1-6101-41a5-8a97-2fa456a59cb4/build]   | [INFO] Downloaded from central: https://repo.maven.apache.org/maven2/org/apache/maven/maven-settings/2.2.1/maven-settings-2.2.1.pom (2.2 kB at 545 kB/s)
[1d0f13a1-6101-41a5-8a97-2fa456a59cb4/build]   | [INFO] Downloading from central: https://repo.maven.apache.org/maven2/org/apache/maven/maven-model/2.2.1/maven-model-2.2.1.pom
[1d0f13a1-6101-41a5-8a97-2fa456a59cb4/build]   | [INFO] Downloaded from central: https://repo.maven.apache.org/maven2/org/apache/maven/maven-model/2.2.1/maven-model-2.2.1.pom (3.2 kB at 648 kB/s)
[1d0f13a1-6101-41a5-8a97-2fa456a59cb4/build]   | [INFO] Downloading from central: https://repo.maven.apache.org/maven2/org/codehaus/plexus/plexus-interpolation/1.11/plexus-interpolation-1.11.pom
[1d0f13a1-6101-41a5-8a97-2fa456a59cb4/build]   | [INFO] Downloaded from central: https://repo.maven.apache.org/maven2/org/codehaus/plexus/plexus-interpolation/1.11/plexus-interpolation-1.11.pom (889 B at 178 kB/s)
[1d0f13a1-6101-41a5-8a97-2fa456a59cb4/build]   | [INFO] Downloading from central: https://repo.maven.apache.org/maven2/org/apache/maven/maven-profile/2.2.1/maven-profile-2.2.1.pom
[1d0f13a1-6101-41a5-8a97-2fa456a59cb4/build]   | [INFO] Downloaded from central: https://repo.maven.apache.org/maven2/org/apache/maven/maven-profile/2.2.1/maven-profile-2.2.1.pom (2.2 kB at 543 kB/s)
[1d0f13a1-6101-41a5-8a97-2fa456a59cb4/build]   | [INFO] Downloading from central: https://repo.maven.apache.org/maven2/org/apache/maven/maven-artifact-manager/2.2.1/maven-artifact-manager-2.2.1.pom
[1d0f13a1-6101-41a5-8a97-2fa456a59cb4/build]   | [INFO] Downloaded from central: https://repo.maven.apache.org/maven2/org/apache/maven/maven-artifact-manager/2.2.1/maven-artifact-manager-2.2.1.pom (3.1 kB at 621 kB/s)
[1d0f13a1-6101-41a5-8a97-2fa456a59cb4/build]   | [INFO] Downloading from central: https://repo.maven.apache.org/maven2/org/apache/maven/maven-repository-metadata/2.2.1/maven-repository-metadata-2.2.1.pom
[1d0f13a1-6101-41a5-8a97-2fa456a59cb4/build]   | [INFO] Downloaded from central: https://repo.maven.apache.org/maven2/org/apache/maven/maven-repository-metadata/2.2.1/maven-repository-metadata-2.2.1.pom (1.9 kB at 374 kB/s)
[1d0f13a1-6101-41a5-8a97-2fa456a59cb4/build]   | [INFO] Downloading from central: https://repo.maven.apache.org/maven2/backport-util-concurrent/backport-util-concurrent/3.1/backport-util-concurrent-3.1.pom
[1d0f13a1-6101-41a5-8a97-2fa456a59cb4/build]   | [INFO] Downloaded from central: https://repo.maven.apache.org/maven2/backport-util-concurrent/backport-util-concurrent/3.1/backport-util-concurrent-3.1.pom (880 B at 176 kB/s)
[1d0f13a1-6101-41a5-8a97-2fa456a59cb4/build]   | [INFO] Downloading from central: https://repo.maven.apache.org/maven2/org/apache/maven/maven-plugin-registry/2.2.1/maven-plugin-registry-2.2.1.pom
[1d0f13a1-6101-41a5-8a97-2fa456a59cb4/build]   | [INFO] Downloaded from central: https://repo.maven.apache.org/maven2/org/apache/maven/maven-plugin-registry/2.2.1/maven-plugin-registry-2.2.1.pom (1.9 kB at 386 kB/s)
[1d0f13a1-6101-41a5-8a97-2fa456a59cb4/build]   | [INFO] Downloading from central: https://repo.maven.apache.org/maven2/org/apache/maven/maven-core/2.2.1/maven-core-2.2.1.pom
[1d0f13a1-6101-41a5-8a97-2fa456a59cb4/build]   | [INFO] Downloaded from central: https://repo.maven.apache.org/maven2/org/apache/maven/maven-core/2.2.1/maven-core-2.2.1.pom (12 kB at 2.3 MB/s)
[1d0f13a1-6101-41a5-8a97-2fa456a59cb4/build]   | [INFO] Downloading from central: https://repo.maven.apache.org/maven2/org/apache/maven/maven-plugin-parameter-documenter/2.2.1/maven-plugin-parameter-documenter-2.2.1.pom
[1d0f13a1-6101-41a5-8a97-2fa456a59cb4/build]   | [INFO] Downloaded from central: https://repo.maven.apache.org/maven2/org/apache/maven/maven-plugin-parameter-documenter/2.2.1/maven-plugin-parameter-documenter-2.2.1.pom (2.0 kB at 391 kB/s)
[1d0f13a1-6101-41a5-8a97-2fa456a59cb4/build]   | [INFO] Downloading from central: https://repo.maven.apache.org/maven2/org/slf4j/slf4j-jdk14/1.5.6/slf4j-jdk14-1.5.6.pom
[1d0f13a1-6101-41a5-8a97-2fa456a59cb4/build]   | [INFO] Downloaded from central: https://repo.maven.apache.org/maven2/org/slf4j/slf4j-jdk14/1.5.6/slf4j-jdk14-1.5.6.pom (1.9 kB at 380 kB/s)
[1d0f13a1-6101-41a5-8a97-2fa456a59cb4/build]   | [INFO] Downloading from central: https://repo.maven.apache.org/maven2/org/slf4j/slf4j-parent/1.5.6/slf4j-parent-1.5.6.pom
[1d0f13a1-6101-41a5-8a97-2fa456a59cb4/build]   | [INFO] Downloaded from central: https://repo.maven.apache.org/maven2/org/slf4j/slf4j-parent/1.5.6/slf4j-parent-1.5.6.pom (7.9 kB at 2.0 MB/s)
[1d0f13a1-6101-41a5-8a97-2fa456a59cb4/build]   | [INFO] Downloading from central: https://repo.maven.apache.org/maven2/org/slf4j/slf4j-api/1.5.6/slf4j-api-1.5.6.pom
[1d0f13a1-6101-41a5-8a97-2fa456a59cb4/build]   | [INFO] Downloaded from central: https://repo.maven.apache.org/maven2/org/slf4j/slf4j-api/1.5.6/slf4j-api-1.5.6.pom (3.0 kB at 746 kB/s)
[1d0f13a1-6101-41a5-8a97-2fa456a59cb4/build]   | [INFO] Downloading from central: https://repo.maven.apache.org/maven2/org/slf4j/jcl-over-slf4j/1.5.6/jcl-over-slf4j-1.5.6.pom
[1d0f13a1-6101-41a5-8a97-2fa456a59cb4/build]   | [INFO] Downloaded from central: https://repo.maven.apache.org/maven2/org/slf4j/jcl-over-slf4j/1.5.6/jcl-over-slf4j-1.5.6.pom (2.2 kB at 542 kB/s)
[1d0f13a1-6101-41a5-8a97-2fa456a59cb4/build]   | [INFO] Downloading from central: https://repo.maven.apache.org/maven2/org/apache/maven/reporting/maven-reporting-api/3.0/maven-reporting-api-3.0.pom
[1d0f13a1-6101-41a5-8a97-2fa456a59cb4/build]   | [INFO] Downloaded from central: https://repo.maven.apache.org/maven2/org/apache/maven/reporting/maven-reporting-api/3.0/maven-reporting-api-3.0.pom (2.4 kB at 264 kB/s)
[1d0f13a1-6101-41a5-8a97-2fa456a59cb4/build]   | [INFO] Downloading from central: https://repo.maven.apache.org/maven2/org/apache/maven/shared/maven-shared-components/15/maven-shared-components-15.pom
[1d0f13a1-6101-41a5-8a97-2fa456a59cb4/build]   | [INFO] Downloaded from central: https://repo.maven.apache.org/maven2/org/apache/maven/shared/maven-shared-components/15/maven-shared-components-15.pom (9.3 kB at 491 kB/s)
[1d0f13a1-6101-41a5-8a97-2fa456a59cb4/build]   | [INFO] Downloading from central: https://repo.maven.apache.org/maven2/org/apache/maven/maven-parent/16/maven-parent-16.pom
[1d0f13a1-6101-41a5-8a97-2fa456a59cb4/build]   | [INFO] Downloaded from central: https://repo.maven.apache.org/maven2/org/apache/maven/maven-parent/16/maven-parent-16.pom (23 kB at 3.9 MB/s)
[1d0f13a1-6101-41a5-8a97-2fa456a59cb4/build]   | [INFO] Downloading from central: https://repo.maven.apache.org/maven2/org/apache/apache/7/apache-7.pom
[1d0f13a1-6101-41a5-8a97-2fa456a59cb4/build]   | [INFO] Downloaded from central: https://repo.maven.apache.org/maven2/org/apache/apache/7/apache-7.pom (14 kB at 2.9 MB/s)
[1d0f13a1-6101-41a5-8a97-2fa456a59cb4/build]   | [INFO] Downloading from central: https://repo.maven.apache.org/maven2/org/apache/maven/maven-error-diagnostics/2.2.1/maven-error-diagnostics-2.2.1.pom
[1d0f13a1-6101-41a5-8a97-2fa456a59cb4/build]   | [INFO] Downloaded from central: https://repo.maven.apache.org/maven2/org/apache/maven/maven-error-diagnostics/2.2.1/maven-error-diagnostics-2.2.1.pom (1.7 kB at 342 kB/s)
[1d0f13a1-6101-41a5-8a97-2fa456a59cb4/build]   | [INFO] Downloading from central: https://repo.maven.apache.org/maven2/org/apache/maven/maven-monitor/2.2.1/maven-monitor-2.2.1.pom
[1d0f13a1-6101-41a5-8a97-2fa456a59cb4/build]   | [INFO] Downloaded from central: https://repo.maven.apache.org/maven2/org/apache/maven/maven-monitor/2.2.1/maven-monitor-2.2.1.pom (1.3 kB at 251 kB/s)
[1d0f13a1-6101-41a5-8a97-2fa456a59cb4/build]   | [INFO] Downloading from central: https://repo.maven.apache.org/maven2/org/sonatype/plexus/plexus-sec-dispatcher/1.3/plexus-sec-dispatcher-1.3.pom
[1d0f13a1-6101-41a5-8a97-2fa456a59cb4/build]   | [INFO] Downloaded from central: https://repo.maven.apache.org/maven2/org/sonatype/plexus/plexus-sec-dispatcher/1.3/plexus-sec-dispatcher-1.3.pom (3.0 kB at 740 kB/s)
[1d0f13a1-6101-41a5-8a97-2fa456a59cb4/build]   | [INFO] Downloading from central: https://repo.maven.apache.org/maven2/org/sonatype/spice/spice-parent/12/spice-parent-12.pom
[1d0f13a1-6101-41a5-8a97-2fa456a59cb4/build]   | [INFO] Downloaded from central: https://repo.maven.apache.org/maven2/org/sonatype/spice/spice-parent/12/spice-parent-12.pom (6.8 kB at 1.7 MB/s)
[1d0f13a1-6101-41a5-8a97-2fa456a59cb4/build]   | [INFO] Downloading from central: https://repo.maven.apache.org/maven2/org/sonatype/forge/forge-parent/4/forge-parent-4.pom
[1d0f13a1-6101-41a5-8a97-2fa456a59cb4/build]   | [INFO] Downloaded from central: https://repo.maven.apache.org/maven2/org/sonatype/forge/forge-parent/4/forge-parent-4.pom (8.4 kB at 1.7 MB/s)
[1d0f13a1-6101-41a5-8a97-2fa456a59cb4/build]   | [INFO] Downloading from central: https://repo.maven.apache.org/maven2/org/codehaus/plexus/plexus-utils/1.5.5/plexus-utils-1.5.5.pom
[1d0f13a1-6101-41a5-8a97-2fa456a59cb4/build]   | [INFO] Downloaded from central: https://repo.maven.apache.org/maven2/org/codehaus/plexus/plexus-utils/1.5.5/plexus-utils-1.5.5.pom (5.1 kB at 1.3 MB/s)
[1d0f13a1-6101-41a5-8a97-2fa456a59cb4/build]   | [INFO] Downloading from central: https://repo.maven.apache.org/maven2/org/sonatype/plexus/plexus-cipher/1.4/plexus-cipher-1.4.pom
[1d0f13a1-6101-41a5-8a97-2fa456a59cb4/build]   | [INFO] Downloaded from central: https://repo.maven.apache.org/maven2/org/sonatype/plexus/plexus-cipher/1.4/plexus-cipher-1.4.pom (2.1 kB at 516 kB/s)
[1d0f13a1-6101-41a5-8a97-2fa456a59cb4/build]   | [INFO] Downloading from central: https://repo.maven.apache.org/maven2/org/apache/maven/maven-toolchain/2.2.1/maven-toolchain-2.2.1.pom
[1d0f13a1-6101-41a5-8a97-2fa456a59cb4/build]   | [INFO] Downloaded from central: https://repo.maven.apache.org/maven2/org/apache/maven/maven-toolchain/2.2.1/maven-toolchain-2.2.1.pom (3.3 kB at 836 kB/s)
[1d0f13a1-6101-41a5-8a97-2fa456a59cb4/build]   | [INFO] Downloading from central: https://repo.maven.apache.org/maven2/org/codehaus/plexus/plexus-java/0.9.10/plexus-java-0.9.10.pom
[1d0f13a1-6101-41a5-8a97-2fa456a59cb4/build]   | [INFO] Downloaded from central: https://repo.maven.apache.org/maven2/org/codehaus/plexus/plexus-java/0.9.10/plexus-java-0.9.10.pom (5.1 kB at 1.0 MB/s)
[1d0f13a1-6101-41a5-8a97-2fa456a59cb4/build]   | [INFO] Downloading from central: https://repo.maven.apache.org/maven2/org/codehaus/plexus/plexus-languages/0.9.10/plexus-languages-0.9.10.pom
[1d0f13a1-6101-41a5-8a97-2fa456a59cb4/build]   | [INFO] Downloaded from central: https://repo.maven.apache.org/maven2/org/codehaus/plexus/plexus-languages/0.9.10/plexus-languages-0.9.10.pom (4.1 kB at 1.0 MB/s)
[1d0f13a1-6101-41a5-8a97-2fa456a59cb4/build]   | [INFO] Downloading from central: https://repo.maven.apache.org/maven2/org/codehaus/plexus/plexus/4.0/plexus-4.0.pom
[1d0f13a1-6101-41a5-8a97-2fa456a59cb4/build]   | [INFO] Downloaded from central: https://repo.maven.apache.org/maven2/org/codehaus/plexus/plexus/4.0/plexus-4.0.pom (22 kB at 4.3 MB/s)
[1d0f13a1-6101-41a5-8a97-2fa456a59cb4/build]   | [INFO] Downloading from central: https://repo.maven.apache.org/maven2/org/sonatype/forge/forge-parent/10/forge-parent-10.pom
[1d0f13a1-6101-41a5-8a97-2fa456a59cb4/build]   | [INFO] Downloaded from central: https://repo.maven.apache.org/maven2/org/sonatype/forge/forge-parent/10/forge-parent-10.pom (14 kB at 2.7 MB/s)
[1d0f13a1-6101-41a5-8a97-2fa456a59cb4/build]   | [INFO] Downloading from central: https://repo.maven.apache.org/maven2/org/ow2/asm/asm/6.2/asm-6.2.pom
[1d0f13a1-6101-41a5-8a97-2fa456a59cb4/build]   | [INFO] Downloaded from central: https://repo.maven.apache.org/maven2/org/ow2/asm/asm/6.2/asm-6.2.pom (2.9 kB at 587 kB/s)
[1d0f13a1-6101-41a5-8a97-2fa456a59cb4/build]   | [INFO] Downloading from central: https://repo.maven.apache.org/maven2/com/thoughtworks/qdox/qdox/2.0-M8/qdox-2.0-M8.pom
[1d0f13a1-6101-41a5-8a97-2fa456a59cb4/build]   | [INFO] Downloaded from central: https://repo.maven.apache.org/maven2/com/thoughtworks/qdox/qdox/2.0-M8/qdox-2.0-M8.pom (16 kB at 3.2 MB/s)
[1d0f13a1-6101-41a5-8a97-2fa456a59cb4/build]   | [INFO] Downloading from central: https://repo.maven.apache.org/maven2/org/apache/maven/surefire/maven-surefire-common/2.22.2/maven-surefire-common-2.22.2.jar
[1d0f13a1-6101-41a5-8a97-2fa456a59cb4/build]   | [INFO] Downloading from central: https://repo.maven.apache.org/maven2/org/apache/maven/maven-plugin-api/2.2.1/maven-plugin-api-2.2.1.jar
[1d0f13a1-6101-41a5-8a97-2fa456a59cb4/build]   | [INFO] Downloading from central: https://repo.maven.apache.org/maven2/org/apache/maven/plugin-tools/maven-plugin-annotations/3.5.2/maven-plugin-annotations-3.5.2.jar
[1d0f13a1-6101-41a5-8a97-2fa456a59cb4/build]   | [INFO] Downloading from central: https://repo.maven.apache.org/maven2/org/apache/maven/surefire/surefire-api/2.22.2/surefire-api-2.22.2.jar
[1d0f13a1-6101-41a5-8a97-2fa456a59cb4/build]   | [INFO] Downloading from central: https://repo.maven.apache.org/maven2/org/apache/maven/surefire/surefire-logger-api/2.22.2/surefire-logger-api-2.22.2.jar
[1d0f13a1-6101-41a5-8a97-2fa456a59cb4/build]   | [INFO] Downloaded from central: https://repo.maven.apache.org/maven2/org/apache/maven/surefire/surefire-logger-api/2.22.2/surefire-logger-api-2.22.2.jar (13 kB at 1.9 MB/s)
[1d0f13a1-6101-41a5-8a97-2fa456a59cb4/build]   | [INFO] Downloading from central: https://repo.maven.apache.org/maven2/org/apache/maven/surefire/surefire-booter/2.22.2/surefire-booter-2.22.2.jar
[1d0f13a1-6101-41a5-8a97-2fa456a59cb4/build]   | [INFO] Downloaded from central: https://repo.maven.apache.org/maven2/org/apache/maven/maven-plugin-api/2.2.1/maven-plugin-api-2.2.1.jar (12 kB at 1.8 MB/s)
[1d0f13a1-6101-41a5-8a97-2fa456a59cb4/build]   | [INFO] Downloading from central: https://repo.maven.apache.org/maven2/org/apache/maven/maven-artifact/2.2.1/maven-artifact-2.2.1.jar
[1d0f13a1-6101-41a5-8a97-2fa456a59cb4/build]   | [INFO] Downloaded from central: https://repo.maven.apache.org/maven2/org/apache/maven/plugin-tools/maven-plugin-annotations/3.5.2/maven-plugin-annotations-3.5.2.jar (14 kB at 1.8 MB/s)
[1d0f13a1-6101-41a5-8a97-2fa456a59cb4/build]   | [INFO] Downloading from central: https://repo.maven.apache.org/maven2/org/codehaus/plexus/plexus-utils/1.5.15/plexus-utils-1.5.15.jar
[1d0f13a1-6101-41a5-8a97-2fa456a59cb4/build]   | [INFO] Downloaded from central: https://repo.maven.apache.org/maven2/org/apache/maven/surefire/surefire-api/2.22.2/surefire-api-2.22.2.jar (186 kB at 23 MB/s)
[1d0f13a1-6101-41a5-8a97-2fa456a59cb4/build]   | [INFO] Downloading from central: https://repo.maven.apache.org/maven2/org/apache/maven/maven-plugin-descriptor/2.2.1/maven-plugin-descriptor-2.2.1.jar
[1d0f13a1-6101-41a5-8a97-2fa456a59cb4/build]   | [INFO] Downloaded from central: https://repo.maven.apache.org/maven2/org/apache/maven/maven-artifact/2.2.1/maven-artifact-2.2.1.jar (80 kB at 5.0 MB/s)
[1d0f13a1-6101-41a5-8a97-2fa456a59cb4/build]   | [INFO] Downloading from central: https://repo.maven.apache.org/maven2/junit/junit/4.12/junit-4.12.jar
[1d0f13a1-6101-41a5-8a97-2fa456a59cb4/build]   | [INFO] Downloaded from central: https://repo.maven.apache.org/maven2/org/apache/maven/maven-plugin-descriptor/2.2.1/maven-plugin-descriptor-2.2.1.jar (39 kB at 2.3 MB/s)
[1d0f13a1-6101-41a5-8a97-2fa456a59cb4/build]   | [INFO] Downloading from central: https://repo.maven.apache.org/maven2/org/hamcrest/hamcrest-core/1.3/hamcrest-core-1.3.jar
[1d0f13a1-6101-41a5-8a97-2fa456a59cb4/build]   | [INFO] Downloaded from central: https://repo.maven.apache.org/maven2/org/apache/maven/surefire/maven-surefire-common/2.22.2/maven-surefire-common-2.22.2.jar (528 kB at 29 MB/s)
[1d0f13a1-6101-41a5-8a97-2fa456a59cb4/build]   | [INFO] Downloading from central: https://repo.maven.apache.org/maven2/org/apache/maven/maven-project/2.2.1/maven-project-2.2.1.jar
[1d0f13a1-6101-41a5-8a97-2fa456a59cb4/build]   | [INFO] Downloaded from central: https://repo.maven.apache.org/maven2/org/apache/maven/surefire/surefire-booter/2.22.2/surefire-booter-2.22.2.jar (274 kB at 15 MB/s)
[1d0f13a1-6101-41a5-8a97-2fa456a59cb4/build]   | [INFO] Downloading from central: https://repo.maven.apache.org/maven2/org/apache/maven/maven-settings/2.2.1/maven-settings-2.2.1.jar
[1d0f13a1-6101-41a5-8a97-2fa456a59cb4/build]   | [INFO] Downloaded from central: https://repo.maven.apache.org/maven2/org/codehaus/plexus/plexus-utils/1.5.15/plexus-utils-1.5.15.jar (228 kB at 9.9 MB/s)
[1d0f13a1-6101-41a5-8a97-2fa456a59cb4/build]   | [INFO] Downloading from central: https://repo.maven.apache.org/maven2/org/apache/maven/maven-profile/2.2.1/maven-profile-2.2.1.jar
[1d0f13a1-6101-41a5-8a97-2fa456a59cb4/build]   | [INFO] Downloaded from central: https://repo.maven.apache.org/maven2/org/hamcrest/hamcrest-core/1.3/hamcrest-core-1.3.jar (45 kB at 2.0 MB/s)
[1d0f13a1-6101-41a5-8a97-2fa456a59cb4/build]   | [INFO] Downloading from central: https://repo.maven.apache.org/maven2/org/apache/maven/maven-artifact-manager/2.2.1/maven-artifact-manager-2.2.1.jar
[1d0f13a1-6101-41a5-8a97-2fa456a59cb4/build]   | [INFO] Downloaded from central: https://repo.maven.apache.org/maven2/org/apache/maven/maven-settings/2.2.1/maven-settings-2.2.1.jar (49 kB at 2.0 MB/s)
[1d0f13a1-6101-41a5-8a97-2fa456a59cb4/build]   | [INFO] Downloading from central: https://repo.maven.apache.org/maven2/backport-util-concurrent/backport-util-concurrent/3.1/backport-util-concurrent-3.1.jar
[1d0f13a1-6101-41a5-8a97-2fa456a59cb4/build]   | [INFO] Downloaded from central: https://repo.maven.apache.org/maven2/org/apache/maven/maven-project/2.2.1/maven-project-2.2.1.jar (156 kB at 6.3 MB/s)
[1d0f13a1-6101-41a5-8a97-2fa456a59cb4/build]   | [INFO] Downloading from central: https://repo.maven.apache.org/maven2/org/apache/maven/maven-plugin-registry/2.2.1/maven-plugin-registry-2.2.1.jar
[1d0f13a1-6101-41a5-8a97-2fa456a59cb4/build]   | [INFO] Downloaded from central: https://repo.maven.apache.org/maven2/junit/junit/4.12/junit-4.12.jar (315 kB at 12 MB/s)
[1d0f13a1-6101-41a5-8a97-2fa456a59cb4/build]   | [INFO] Downloading from central: https://repo.maven.apache.org/maven2/org/codehaus/plexus/plexus-interpolation/1.11/plexus-interpolation-1.11.jar
[1d0f13a1-6101-41a5-8a97-2fa456a59cb4/build]   | [INFO] Downloaded from central: https://repo.maven.apache.org/maven2/org/apache/maven/maven-profile/2.2.1/maven-profile-2.2.1.jar (35 kB at 1.3 MB/s)
[1d0f13a1-6101-41a5-8a97-2fa456a59cb4/build]   | [INFO] Downloading from central: https://repo.maven.apache.org/maven2/org/apache/maven/maven-model/2.2.1/maven-model-2.2.1.jar
[1d0f13a1-6101-41a5-8a97-2fa456a59cb4/build]   | [INFO] Downloaded from central: https://repo.maven.apache.org/maven2/org/apache/maven/maven-artifact-manager/2.2.1/maven-artifact-manager-2.2.1.jar (68 kB at 2.3 MB/s)
[1d0f13a1-6101-41a5-8a97-2fa456a59cb4/build]   | [INFO] Downloading from central: https://repo.maven.apache.org/maven2/org/apache/maven/maven-core/2.2.1/maven-core-2.2.1.jar
[1d0f13a1-6101-41a5-8a97-2fa456a59cb4/build]   | [INFO] Downloaded from central: https://repo.maven.apache.org/maven2/org/apache/maven/maven-plugin-registry/2.2.1/maven-plugin-registry-2.2.1.jar (30 kB at 990 kB/s)
[1d0f13a1-6101-41a5-8a97-2fa456a59cb4/build]   | [INFO] Downloading from central: https://repo.maven.apache.org/maven2/org/apache/maven/maven-plugin-parameter-documenter/2.2.1/maven-plugin-parameter-documenter-2.2.1.jar
[1d0f13a1-6101-41a5-8a97-2fa456a59cb4/build]   | [INFO] Downloaded from central: https://repo.maven.apache.org/maven2/org/codehaus/plexus/plexus-interpolation/1.11/plexus-interpolation-1.11.jar (51 kB at 1.6 MB/s)
[1d0f13a1-6101-41a5-8a97-2fa456a59cb4/build]   | [INFO] Downloading from central: https://repo.maven.apache.org/maven2/org/slf4j/slf4j-jdk14/1.5.6/slf4j-jdk14-1.5.6.jar
[1d0f13a1-6101-41a5-8a97-2fa456a59cb4/build]   | [INFO] Downloaded from central: https://repo.maven.apache.org/maven2/backport-util-concurrent/backport-util-concurrent/3.1/backport-util-concurrent-3.1.jar (332 kB at 10 MB/s)
[1d0f13a1-6101-41a5-8a97-2fa456a59cb4/build]   | [INFO] Downloading from central: https://repo.maven.apache.org/maven2/org/slf4j/slf4j-api/1.5.6/slf4j-api-1.5.6.jar
[1d0f13a1-6101-41a5-8a97-2fa456a59cb4/build]   | [INFO] Downloaded from central: https://repo.maven.apache.org/maven2/org/apache/maven/maven-model/2.2.1/maven-model-2.2.1.jar (88 kB at 2.6 MB/s)
[1d0f13a1-6101-41a5-8a97-2fa456a59cb4/build]   | [INFO] Downloading from central: https://repo.maven.apache.org/maven2/org/slf4j/jcl-over-slf4j/1.5.6/jcl-over-slf4j-1.5.6.jar
[1d0f13a1-6101-41a5-8a97-2fa456a59cb4/build]   | [INFO] Downloaded from central: https://repo.maven.apache.org/maven2/org/apache/maven/maven-core/2.2.1/maven-core-2.2.1.jar (178 kB at 4.9 MB/s)
[1d0f13a1-6101-41a5-8a97-2fa456a59cb4/build]   | [INFO] Downloading from central: https://repo.maven.apache.org/maven2/org/apache/maven/reporting/maven-reporting-api/3.0/maven-reporting-api-3.0.jar
[1d0f13a1-6101-41a5-8a97-2fa456a59cb4/build]   | [INFO] Downloaded from central: https://repo.maven.apache.org/maven2/org/apache/maven/maven-plugin-parameter-documenter/2.2.1/maven-plugin-parameter-documenter-2.2.1.jar (22 kB at 616 kB/s)
[1d0f13a1-6101-41a5-8a97-2fa456a59cb4/build]   | [INFO] Downloading from central: https://repo.maven.apache.org/maven2/org/apache/maven/maven-repository-metadata/2.2.1/maven-repository-metadata-2.2.1.jar
[1d0f13a1-6101-41a5-8a97-2fa456a59cb4/build]   | [INFO] Downloaded from central: https://repo.maven.apache.org/maven2/org/slf4j/slf4j-jdk14/1.5.6/slf4j-jdk14-1.5.6.jar (8.8 kB at 245 kB/s)
[1d0f13a1-6101-41a5-8a97-2fa456a59cb4/build]   | [INFO] Downloading from central: https://repo.maven.apache.org/maven2/org/apache/maven/maven-error-diagnostics/2.2.1/maven-error-diagnostics-2.2.1.jar
[1d0f13a1-6101-41a5-8a97-2fa456a59cb4/build]   | [INFO] Downloaded from central: https://repo.maven.apache.org/maven2/org/slf4j/slf4j-api/1.5.6/slf4j-api-1.5.6.jar (22 kB at 604 kB/s)
[1d0f13a1-6101-41a5-8a97-2fa456a59cb4/build]   | [INFO] Downloading from central: https://repo.maven.apache.org/maven2/org/apache/maven/maven-monitor/2.2.1/maven-monitor-2.2.1.jar
[1d0f13a1-6101-41a5-8a97-2fa456a59cb4/build]   | [INFO] Downloaded from central: https://repo.maven.apache.org/maven2/org/slf4j/jcl-over-slf4j/1.5.6/jcl-over-slf4j-1.5.6.jar (17 kB at 440 kB/s)
[1d0f13a1-6101-41a5-8a97-2fa456a59cb4/build]   | [INFO] Downloading from central: https://repo.maven.apache.org/maven2/org/sonatype/plexus/plexus-sec-dispatcher/1.3/plexus-sec-dispatcher-1.3.jar
[1d0f13a1-6101-41a5-8a97-2fa456a59cb4/build]   | [INFO] Downloaded from central: https://repo.maven.apache.org/maven2/org/apache/maven/reporting/maven-reporting-api/3.0/maven-reporting-api-3.0.jar (11 kB at 281 kB/s)
[1d0f13a1-6101-41a5-8a97-2fa456a59cb4/build]   | [INFO] Downloading from central: https://repo.maven.apache.org/maven2/org/sonatype/plexus/plexus-cipher/1.4/plexus-cipher-1.4.jar
[1d0f13a1-6101-41a5-8a97-2fa456a59cb4/build]   | [INFO] Downloaded from central: https://repo.maven.apache.org/maven2/org/apache/maven/maven-error-diagnostics/2.2.1/maven-error-diagnostics-2.2.1.jar (13 kB at 326 kB/s)
[1d0f13a1-6101-41a5-8a97-2fa456a59cb4/build]   | [INFO] Downloading from central: https://repo.maven.apache.org/maven2/org/apache/maven/maven-toolchain/2.2.1/maven-toolchain-2.2.1.jar
[1d0f13a1-6101-41a5-8a97-2fa456a59cb4/build]   | [INFO] Downloaded from central: https://repo.maven.apache.org/maven2/org/apache/maven/maven-repository-metadata/2.2.1/maven-repository-metadata-2.2.1.jar (26 kB at 641 kB/s)
[1d0f13a1-6101-41a5-8a97-2fa456a59cb4/build]   | [INFO] Downloading from central: https://repo.maven.apache.org/maven2/org/codehaus/plexus/plexus-java/0.9.10/plexus-java-0.9.10.jar
[1d0f13a1-6101-41a5-8a97-2fa456a59cb4/build]   | [INFO] Downloaded from central: https://repo.maven.apache.org/maven2/org/apache/maven/maven-monitor/2.2.1/maven-monitor-2.2.1.jar (10 kB at 255 kB/s)
[1d0f13a1-6101-41a5-8a97-2fa456a59cb4/build]   | [INFO] Downloading from central: https://repo.maven.apache.org/maven2/org/ow2/asm/asm/6.2/asm-6.2.jar
[1d0f13a1-6101-41a5-8a97-2fa456a59cb4/build]   | [INFO] Downloaded from central: https://repo.maven.apache.org/maven2/org/sonatype/plexus/plexus-sec-dispatcher/1.3/plexus-sec-dispatcher-1.3.jar (29 kB at 664 kB/s)
[1d0f13a1-6101-41a5-8a97-2fa456a59cb4/build]   | [INFO] Downloading from central: https://repo.maven.apache.org/maven2/com/thoughtworks/qdox/qdox/2.0-M8/qdox-2.0-M8.jar
[1d0f13a1-6101-41a5-8a97-2fa456a59cb4/build]   | [INFO] Downloaded from central: https://repo.maven.apache.org/maven2/org/sonatype/plexus/plexus-cipher/1.4/plexus-cipher-1.4.jar (13 kB at 307 kB/s)
[1d0f13a1-6101-41a5-8a97-2fa456a59cb4/build]   | [INFO] Downloaded from central: https://repo.maven.apache.org/maven2/org/apache/maven/maven-toolchain/2.2.1/maven-toolchain-2.2.1.jar (38 kB at 855 kB/s)
[1d0f13a1-6101-41a5-8a97-2fa456a59cb4/build]   | [INFO] Downloaded from central: https://repo.maven.apache.org/maven2/org/codehaus/plexus/plexus-java/0.9.10/plexus-java-0.9.10.jar (39 kB at 876 kB/s)
[1d0f13a1-6101-41a5-8a97-2fa456a59cb4/build]   | [INFO] Downloaded from central: https://repo.maven.apache.org/maven2/org/ow2/asm/asm/6.2/asm-6.2.jar (111 kB at 2.3 MB/s)
[1d0f13a1-6101-41a5-8a97-2fa456a59cb4/build]   | [INFO] Downloaded from central: https://repo.maven.apache.org/maven2/com/thoughtworks/qdox/qdox/2.0-M8/qdox-2.0-M8.jar (316 kB at 6.1 MB/s)
[1d0f13a1-6101-41a5-8a97-2fa456a59cb4/build]   | [INFO] Downloading from central: https://repo.maven.apache.org/maven2/org/apache/maven/surefire/surefire-junit-platform/2.22.2/surefire-junit-platform-2.22.2.pom
[1d0f13a1-6101-41a5-8a97-2fa456a59cb4/build]   | [INFO] Downloaded from central: https://repo.maven.apache.org/maven2/org/apache/maven/surefire/surefire-junit-platform/2.22.2/surefire-junit-platform-2.22.2.pom (7.0 kB at 537 kB/s)
[1d0f13a1-6101-41a5-8a97-2fa456a59cb4/build]   | [INFO] Downloading from central: https://repo.maven.apache.org/maven2/org/apache/maven/surefire/surefire-providers/2.22.2/surefire-providers-2.22.2.pom
[1d0f13a1-6101-41a5-8a97-2fa456a59cb4/build]   | [INFO] Downloaded from central: https://repo.maven.apache.org/maven2/org/apache/maven/surefire/surefire-providers/2.22.2/surefire-providers-2.22.2.pom (2.5 kB at 311 kB/s)
[1d0f13a1-6101-41a5-8a97-2fa456a59cb4/build]   | [INFO] Downloading from central: https://repo.maven.apache.org/maven2/org/junit/platform/junit-platform-launcher/1.3.1/junit-platform-launcher-1.3.1.pom
[1d0f13a1-6101-41a5-8a97-2fa456a59cb4/build]   | [INFO] Downloaded from central: https://repo.maven.apache.org/maven2/org/junit/platform/junit-platform-launcher/1.3.1/junit-platform-launcher-1.3.1.pom (2.2 kB at 554 kB/s)
[1d0f13a1-6101-41a5-8a97-2fa456a59cb4/build]   | [INFO] Downloading from central: https://repo.maven.apache.org/maven2/org/apiguardian/apiguardian-api/1.0.0/apiguardian-api-1.0.0.pom
[1d0f13a1-6101-41a5-8a97-2fa456a59cb4/build]   | [INFO] Downloaded from central: https://repo.maven.apache.org/maven2/org/apiguardian/apiguardian-api/1.0.0/apiguardian-api-1.0.0.pom (1.2 kB at 234 kB/s)
[1d0f13a1-6101-41a5-8a97-2fa456a59cb4/build]   | [INFO] Downloading from central: https://repo.maven.apache.org/maven2/org/junit/platform/junit-platform-engine/1.3.1/junit-platform-engine-1.3.1.pom
[1d0f13a1-6101-41a5-8a97-2fa456a59cb4/build]   | [INFO] Downloaded from central: https://repo.maven.apache.org/maven2/org/junit/platform/junit-platform-engine/1.3.1/junit-platform-engine-1.3.1.pom (2.4 kB at 479 kB/s)
[1d0f13a1-6101-41a5-8a97-2fa456a59cb4/build]   | [INFO] Downloading from central: https://repo.maven.apache.org/maven2/org/junit/platform/junit-platform-commons/1.3.1/junit-platform-commons-1.3.1.pom
[1d0f13a1-6101-41a5-8a97-2fa456a59cb4/build]   | [INFO] Downloaded from central: https://repo.maven.apache.org/maven2/org/junit/platform/junit-platform-commons/1.3.1/junit-platform-commons-1.3.1.pom (2.0 kB at 404 kB/s)
[1d0f13a1-6101-41a5-8a97-2fa456a59cb4/build]   | [INFO] Downloading from central: https://repo.maven.apache.org/maven2/org/opentest4j/opentest4j/1.1.1/opentest4j-1.1.1.pom
[1d0f13a1-6101-41a5-8a97-2fa456a59cb4/build]   | [INFO] Downloaded from central: https://repo.maven.apache.org/maven2/org/opentest4j/opentest4j/1.1.1/opentest4j-1.1.1.pom (1.7 kB at 337 kB/s)
[1d0f13a1-6101-41a5-8a97-2fa456a59cb4/build]   | [INFO] Downloading from central: https://repo.maven.apache.org/maven2/org/junit/platform/junit-platform-launcher/1.3.1/junit-platform-launcher-1.3.1.jar
[1d0f13a1-6101-41a5-8a97-2fa456a59cb4/build]   | [INFO] Downloading from central: https://repo.maven.apache.org/maven2/org/apache/maven/surefire/surefire-junit-platform/2.22.2/surefire-junit-platform-2.22.2.jar
[1d0f13a1-6101-41a5-8a97-2fa456a59cb4/build]   | [INFO] Downloading from central: https://repo.maven.apache.org/maven2/org/junit/platform/junit-platform-engine/1.3.1/junit-platform-engine-1.3.1.jar
[1d0f13a1-6101-41a5-8a97-2fa456a59cb4/build]   | [INFO] Downloading from central: https://repo.maven.apache.org/maven2/org/apiguardian/apiguardian-api/1.0.0/apiguardian-api-1.0.0.jar
[1d0f13a1-6101-41a5-8a97-2fa456a59cb4/build]   | [INFO] Downloading from central: https://repo.maven.apache.org/maven2/org/junit/platform/junit-platform-commons/1.3.1/junit-platform-commons-1.3.1.jar
[1d0f13a1-6101-41a5-8a97-2fa456a59cb4/build]   | [INFO] Downloaded from central: https://repo.maven.apache.org/maven2/org/apiguardian/apiguardian-api/1.0.0/apiguardian-api-1.0.0.jar (2.2 kB at 180 kB/s)
[1d0f13a1-6101-41a5-8a97-2fa456a59cb4/build]   | [INFO] Downloading from central: https://repo.maven.apache.org/maven2/org/opentest4j/opentest4j/1.1.1/opentest4j-1.1.1.jar
[1d0f13a1-6101-41a5-8a97-2fa456a59cb4/build]   | [INFO] Downloaded from central: https://repo.maven.apache.org/maven2/org/apache/maven/surefire/surefire-junit-platform/2.22.2/surefire-junit-platform-2.22.2.jar (66 kB at 4.4 MB/s)
[1d0f13a1-6101-41a5-8a97-2fa456a59cb4/build]   | [INFO] Downloaded from central: https://repo.maven.apache.org/maven2/org/junit/platform/junit-platform-commons/1.3.1/junit-platform-commons-1.3.1.jar (78 kB at 4.6 MB/s)
[1d0f13a1-6101-41a5-8a97-2fa456a59cb4/build]   | [INFO] Downloaded from central: https://repo.maven.apache.org/maven2/org/junit/platform/junit-platform-launcher/1.3.1/junit-platform-launcher-1.3.1.jar (95 kB at 5.3 MB/s)
[1d0f13a1-6101-41a5-8a97-2fa456a59cb4/build]   | [INFO] Downloaded from central: https://repo.maven.apache.org/maven2/org/junit/platform/junit-platform-engine/1.3.1/junit-platform-engine-1.3.1.jar (135 kB at 7.1 MB/s)
[1d0f13a1-6101-41a5-8a97-2fa456a59cb4/build]   | [INFO] Downloaded from central: https://repo.maven.apache.org/maven2/org/opentest4j/opentest4j/1.1.1/opentest4j-1.1.1.jar (7.1 kB at 593 kB/s)
[1d0f13a1-6101-41a5-8a97-2fa456a59cb4/build]   | [INFO] 
[1d0f13a1-6101-41a5-8a97-2fa456a59cb4/build]   | [INFO] -------------------------------------------------------
[1d0f13a1-6101-41a5-8a97-2fa456a59cb4/build]   | [INFO]  T E S T S
[1d0f13a1-6101-41a5-8a97-2fa456a59cb4/build]   | [INFO] -------------------------------------------------------
[1d0f13a1-6101-41a5-8a97-2fa456a59cb4/build]   | [INFO] Running com.thealgorithms.geometry.GrahamScanTest
[1d0f13a1-6101-41a5-8a97-2fa456a59cb4/build]   | [INFO] Tests run: 1, Failures: 0, Errors: 0, Skipped: 0, Time elapsed: 0.053 s - in com.thealgorithms.geometry.GrahamScanTest
[1d0f13a1-6101-41a5-8a97-2fa456a59cb4/build]   | [INFO] Running com.thealgorithms.dynamicprogramming.MinimumPathSumTest
[1d0f13a1-6101-41a5-8a97-2fa456a59cb4/build]   | [INFO] Tests run: 6, Failures: 0, Errors: 0, Skipped: 0, Time elapsed: 0.001 s - in com.thealgorithms.dynamicprogramming.MinimumPathSumTest
[1d0f13a1-6101-41a5-8a97-2fa456a59cb4/build]   | [INFO] Running com.thealgorithms.dynamicprogramming.LevenshteinDistanceTests
[1d0f13a1-6101-41a5-8a97-2fa456a59cb4/build]   | [INFO] Tests run: 4, Failures: 0, Errors: 0, Skipped: 0, Time elapsed: 0.053 s - in com.thealgorithms.dynamicprogramming.LevenshteinDistanceTests
[1d0f13a1-6101-41a5-8a97-2fa456a59cb4/build]   | [INFO] Running com.thealgorithms.dynamicprogramming.climbStairsTest
[1d0f13a1-6101-41a5-8a97-2fa456a59cb4/build]   | [INFO] Tests run: 5, Failures: 0, Errors: 0, Skipped: 0, Time elapsed: 0.002 s - in com.thealgorithms.dynamicprogramming.climbStairsTest
[1d0f13a1-6101-41a5-8a97-2fa456a59cb4/build]   | [INFO] Running com.thealgorithms.dynamicprogramming.CatalanNumberTest
[1d0f13a1-6101-41a5-8a97-2fa456a59cb4/build]   | [INFO] Tests run: 1, Failures: 0, Errors: 0, Skipped: 0, Time elapsed: 0 s - in com.thealgorithms.dynamicprogramming.CatalanNumberTest
[1d0f13a1-6101-41a5-8a97-2fa456a59cb4/build]   | [INFO] Running com.thealgorithms.dynamicprogramming.EggDroppingTest
[1d0f13a1-6101-41a5-8a97-2fa456a59cb4/build]   | [INFO] Tests run: 4, Failures: 0, Errors: 0, Skipped: 0, Time elapsed: 0.014 s - in com.thealgorithms.dynamicprogramming.EggDroppingTest
[1d0f13a1-6101-41a5-8a97-2fa456a59cb4/build]   | [INFO] Running com.thealgorithms.dynamicprogramming.KnapsackMemoizationTest
[1d0f13a1-6101-41a5-8a97-2fa456a59cb4/build]   | [INFO] Tests run: 3, Failures: 0, Errors: 0, Skipped: 0, Time elapsed: 0.003 s - in com.thealgorithms.dynamicprogramming.KnapsackMemoizationTest
[1d0f13a1-6101-41a5-8a97-2fa456a59cb4/build]   | [INFO] Running com.thealgorithms.dynamicprogramming.PartitionProblemTest
[1d0f13a1-6101-41a5-8a97-2fa456a59cb4/build]   | [INFO] Tests run: 4, Failures: 0, Errors: 0, Skipped: 0, Time elapsed: 0.003 s - in com.thealgorithms.dynamicprogramming.PartitionProblemTest
[1d0f13a1-6101-41a5-8a97-2fa456a59cb4/build]   | [INFO] Running com.thealgorithms.dynamicprogramming.SubsetCountTest
[1d0f13a1-6101-41a5-8a97-2fa456a59cb4/build]   | [INFO] Tests run: 4, Failures: 0, Errors: 0, Skipped: 0, Time elapsed: 0.003 s - in com.thealgorithms.dynamicprogramming.SubsetCountTest
[1d0f13a1-6101-41a5-8a97-2fa456a59cb4/build]   | [INFO] Running com.thealgorithms.dynamicprogramming.OptimalJobSchedulingTest
[1d0f13a1-6101-41a5-8a97-2fa456a59cb4/build]   | 5 1 3 2 
[1d0f13a1-6101-41a5-8a97-2fa456a59cb4/build]   | 6 3 4 5 
[1d0f13a1-6101-41a5-8a97-2fa456a59cb4/build]   | 5 8 6 6 
[1d0f13a1-6101-41a5-8a97-2fa456a59cb4/build]   | 7 9 10 8 
[1d0f13a1-6101-41a5-8a97-2fa456a59cb4/build]   | 8 9 12 9 
[1d0f13a1-6101-41a5-8a97-2fa456a59cb4/build]   | 
[1d0f13a1-6101-41a5-8a97-2fa456a59cb4/build]   | 5 1 3 
[1d0f13a1-6101-41a5-8a97-2fa456a59cb4/build]   | 6 3 4 
[1d0f13a1-6101-41a5-8a97-2fa456a59cb4/build]   | 5 8 6 
[1d0f13a1-6101-41a5-8a97-2fa456a59cb4/build]   | 
[1d0f13a1-6101-41a5-8a97-2fa456a59cb4/build]   | 5 1 3 2 
[1d0f13a1-6101-41a5-8a97-2fa456a59cb4/build]   | 6 3 4 3 
[1d0f13a1-6101-41a5-8a97-2fa456a59cb4/build]   | 5 8 6 9 
[1d0f13a1-6101-41a5-8a97-2fa456a59cb4/build]   | 6 7 8 9 
[1d0f13a1-6101-41a5-8a97-2fa456a59cb4/build]   | 8 8 12 13 
[1d0f13a1-6101-41a5-8a97-2fa456a59cb4/build]   | 11 10 12 12 
[1d0f13a1-6101-41a5-8a97-2fa456a59cb4/build]   | 
[1d0f13a1-6101-41a5-8a97-2fa456a59cb4/build]   | [INFO] Tests run: 3, Failures: 0, Errors: 0, Skipped: 0, Time elapsed: 0.004 s - in com.thealgorithms.dynamicprogramming.OptimalJobSchedulingTest
[1d0f13a1-6101-41a5-8a97-2fa456a59cb4/build]   | [INFO] Running com.thealgorithms.searches.RowColumnWiseSorted2dArrayBinarySearchTest
[1d0f13a1-6101-41a5-8a97-2fa456a59cb4/build]   | [INFO] Tests run: 7, Failures: 0, Errors: 0, Skipped: 0, Time elapsed: 0.006 s - in com.thealgorithms.searches.RowColumnWiseSorted2dArrayBinarySearchTest
[1d0f13a1-6101-41a5-8a97-2fa456a59cb4/build]   | [INFO] Running com.thealgorithms.searches.sortOrderAgnosticBinarySearchTest
[1d0f13a1-6101-41a5-8a97-2fa456a59cb4/build]   | [INFO] Tests run: 2, Failures: 0, Errors: 0, Skipped: 0, Time elapsed: 0 s - in com.thealgorithms.searches.sortOrderAgnosticBinarySearchTest
[1d0f13a1-6101-41a5-8a97-2fa456a59cb4/build]   | [INFO] Running com.thealgorithms.searches.KMPSearchTest
[1d0f13a1-6101-41a5-8a97-2fa456a59cb4/build]   | Found pattern at index 10
[1d0f13a1-6101-41a5-8a97-2fa456a59cb4/build]   | 10
[1d0f13a1-6101-41a5-8a97-2fa456a59cb4/build]   | No pattern found
[1d0f13a1-6101-41a5-8a97-2fa456a59cb4/build]   | -1
[1d0f13a1-6101-41a5-8a97-2fa456a59cb4/build]   | Found pattern at index 4
[1d0f13a1-6101-41a5-8a97-2fa456a59cb4/build]   | 4
[1d0f13a1-6101-41a5-8a97-2fa456a59cb4/build]   | Found pattern at index 0
[1d0f13a1-6101-41a5-8a97-2fa456a59cb4/build]   | 0
[1d0f13a1-6101-41a5-8a97-2fa456a59cb4/build]   | Found pattern at index 4
[1d0f13a1-6101-41a5-8a97-2fa456a59cb4/build]   | 4
[1d0f13a1-6101-41a5-8a97-2fa456a59cb4/build]   | [INFO] Tests run: 5, Failures: 0, Errors: 0, Skipped: 0, Time elapsed: 0.006 s - in com.thealgorithms.searches.KMPSearchTest
[1d0f13a1-6101-41a5-8a97-2fa456a59cb4/build]   | [INFO] Running com.thealgorithms.searches.HowManyTimesRotatedTest
[1d0f13a1-6101-41a5-8a97-2fa456a59cb4/build]   | [INFO] Tests run: 1, Failures: 0, Errors: 0, Skipped: 0, Time elapsed: 0.002 s - in com.thealgorithms.searches.HowManyTimesRotatedTest
[1d0f13a1-6101-41a5-8a97-2fa456a59cb4/build]   | [INFO] Running com.thealgorithms.searches.TestSearchInARowAndColWiseSortedMatrix
[1d0f13a1-6101-41a5-8a97-2fa456a59cb4/build]   | [INFO] Tests run: 2, Failures: 0, Errors: 0, Skipped: 0, Time elapsed: 0.002 s - in com.thealgorithms.searches.TestSearchInARowAndColWiseSortedMatrix
[1d0f13a1-6101-41a5-8a97-2fa456a59cb4/build]   | [INFO] Running com.thealgorithms.searches.QuickSelectTest
[1d0f13a1-6101-41a5-8a97-2fa456a59cb4/build]   | [INFO] Tests run: 21, Failures: 0, Errors: 0, Skipped: 0, Time elapsed: 0.028 s - in com.thealgorithms.searches.QuickSelectTest
[1d0f13a1-6101-41a5-8a97-2fa456a59cb4/build]   | [INFO] Running com.thealgorithms.searches.RabinKarpAlgorithmTest
[1d0f13a1-6101-41a5-8a97-2fa456a59cb4/build]   | Pattern found at index 34
[1d0f13a1-6101-41a5-8a97-2fa456a59cb4/build]   | Pattern found at index 8
[1d0f13a1-6101-41a5-8a97-2fa456a59cb4/build]   | Pattern found at index 3
[1d0f13a1-6101-41a5-8a97-2fa456a59cb4/build]   | Pattern found at index 0
[1d0f13a1-6101-41a5-8a97-2fa456a59cb4/build]   | [INFO] Tests run: 5, Failures: 0, Errors: 0, Skipped: 0, Time elapsed: 0 s - in com.thealgorithms.searches.RabinKarpAlgorithmTest
[1d0f13a1-6101-41a5-8a97-2fa456a59cb4/build]   | [INFO] Running com.thealgorithms.searches.OrderAgnosticBinarySearchTest
[1d0f13a1-6101-41a5-8a97-2fa456a59cb4/build]   | 4
[1d0f13a1-6101-41a5-8a97-2fa456a59cb4/build]   | 2
[1d0f13a1-6101-41a5-8a97-2fa456a59cb4/build]   | 4
[1d0f13a1-6101-41a5-8a97-2fa456a59cb4/build]   | 0
[1d0f13a1-6101-41a5-8a97-2fa456a59cb4/build]   | 0
[1d0f13a1-6101-41a5-8a97-2fa456a59cb4/build]   | -1
[1d0f13a1-6101-41a5-8a97-2fa456a59cb4/build]   | [INFO] Tests run: 6, Failures: 0, Errors: 0, Skipped: 0, Time elapsed: 0.004 s - in com.thealgorithms.searches.OrderAgnosticBinarySearchTest
[1d0f13a1-6101-41a5-8a97-2fa456a59cb4/build]   | [INFO] Running com.thealgorithms.searches.BinarySearch2dArrayTest
[1d0f13a1-6101-41a5-8a97-2fa456a59cb4/build]   | [1, 2]
[1d0f13a1-6101-41a5-8a97-2fa456a59cb4/build]   | [1, 3]
[1d0f13a1-6101-41a5-8a97-2fa456a59cb4/build]   | [2, 1]
[1d0f13a1-6101-41a5-8a97-2fa456a59cb4/build]   | [0, 1]
[1d0f13a1-6101-41a5-8a97-2fa456a59cb4/build]   | [1, 1]
[1d0f13a1-6101-41a5-8a97-2fa456a59cb4/build]   | [0, 1]
[1d0f13a1-6101-41a5-8a97-2fa456a59cb4/build]   | [-1, -1]
[1d0f13a1-6101-41a5-8a97-2fa456a59cb4/build]   | [2, 2]
[1d0f13a1-6101-41a5-8a97-2fa456a59cb4/build]   | [0, 2]
[1d0f13a1-6101-41a5-8a97-2fa456a59cb4/build]   | [0, 0]
[1d0f13a1-6101-41a5-8a97-2fa456a59cb4/build]   | [INFO] Tests run: 11, Failures: 0, Errors: 0, Skipped: 0, Time elapsed: 0.008 s - in com.thealgorithms.searches.BinarySearch2dArrayTest
[1d0f13a1-6101-41a5-8a97-2fa456a59cb4/build]   | [INFO] Running com.thealgorithms.searches.BreadthFirstSearchTest
[1d0f13a1-6101-41a5-8a97-2fa456a59cb4/build]   | [INFO] Tests run: 3, Failures: 0, Errors: 0, Skipped: 0, Time elapsed: 0.001 s - in com.thealgorithms.searches.BreadthFirstSearchTest
[1d0f13a1-6101-41a5-8a97-2fa456a59cb4/build]   | [INFO] Running com.thealgorithms.ciphers.PolybiusTest
[1d0f13a1-6101-41a5-8a97-2fa456a59cb4/build]   | [INFO] Tests run: 3, Failures: 0, Errors: 0, Skipped: 0, Time elapsed: 0.001 s - in com.thealgorithms.ciphers.PolybiusTest
[1d0f13a1-6101-41a5-8a97-2fa456a59cb4/build]   | [INFO] Running com.thealgorithms.ciphers.CaesarTest
[1d0f13a1-6101-41a5-8a97-2fa456a59cb4/build]   | [INFO] Tests run: 3, Failures: 0, Errors: 0, Skipped: 0, Time elapsed: 0.001 s - in com.thealgorithms.ciphers.CaesarTest
[1d0f13a1-6101-41a5-8a97-2fa456a59cb4/build]   | [INFO] Running com.thealgorithms.ciphers.DESTest
[1d0f13a1-6101-41a5-8a97-2fa456a59cb4/build]   | [INFO] Tests run: 2, Failures: 0, Errors: 0, Skipped: 0, Time elapsed: 0.015 s - in com.thealgorithms.ciphers.DESTest
[1d0f13a1-6101-41a5-8a97-2fa456a59cb4/build]   | [INFO] Running com.thealgorithms.ciphers.SimpleSubCipherTest
[1d0f13a1-6101-41a5-8a97-2fa456a59cb4/build]   | [INFO] Tests run: 2, Failures: 0, Errors: 0, Skipped: 0, Time elapsed: 0.001 s - in com.thealgorithms.ciphers.SimpleSubCipherTest
[1d0f13a1-6101-41a5-8a97-2fa456a59cb4/build]   | [INFO] Running com.thealgorithms.ciphers.RSATest
[1d0f13a1-6101-41a5-8a97-2fa456a59cb4/build]   | [INFO] Tests run: 1, Failures: 0, Errors: 0, Skipped: 0, Time elapsed: 0.134 s - in com.thealgorithms.ciphers.RSATest
[1d0f13a1-6101-41a5-8a97-2fa456a59cb4/build]   | [INFO] Running com.thealgorithms.ciphers.VigenereTest
[1d0f13a1-6101-41a5-8a97-2fa456a59cb4/build]   | [INFO] Tests run: 2, Failures: 0, Errors: 0, Skipped: 0, Time elapsed: 0.002 s - in com.thealgorithms.ciphers.VigenereTest
[1d0f13a1-6101-41a5-8a97-2fa456a59cb4/build]   | [INFO] Running com.thealgorithms.ciphers.a5.LFSRTest
[1d0f13a1-6101-41a5-8a97-2fa456a59cb4/build]   | [INFO] Tests run: 3, Failures: 0, Errors: 0, Skipped: 0, Time elapsed: 0.006 s - in com.thealgorithms.ciphers.a5.LFSRTest
[1d0f13a1-6101-41a5-8a97-2fa456a59cb4/build]   | [INFO] Running com.thealgorithms.ciphers.BlowfishTest
[1d0f13a1-6101-41a5-8a97-2fa456a59cb4/build]   | [INFO] Tests run: 2, Failures: 0, Errors: 0, Skipped: 0, Time elapsed: 0.023 s - in com.thealgorithms.ciphers.BlowfishTest
[1d0f13a1-6101-41a5-8a97-2fa456a59cb4/build]   | [INFO] Running com.thealgorithms.ciphers.SimpleSubstitutionCipherTest
[1d0f13a1-6101-41a5-8a97-2fa456a59cb4/build]   | [INFO] Tests run: 3, Failures: 0, Errors: 0, Skipped: 0, Time elapsed: 0.001 s - in com.thealgorithms.ciphers.SimpleSubstitutionCipherTest
[1d0f13a1-6101-41a5-8a97-2fa456a59cb4/build]   | [INFO] Running com.thealgorithms.scheduling.SJFSchedulingTest
[1d0f13a1-6101-41a5-8a97-2fa456a59cb4/build]   | [INFO] Tests run: 7, Failures: 0, Errors: 0, Skipped: 0, Time elapsed: 0.004 s - in com.thealgorithms.scheduling.SJFSchedulingTest
[1d0f13a1-6101-41a5-8a97-2fa456a59cb4/build]   | [INFO] Running com.thealgorithms.scheduling.FCFSSchedulingTest
[1d0f13a1-6101-41a5-8a97-2fa456a59cb4/build]   | [INFO] Tests run: 1, Failures: 0, Errors: 0, Skipped: 0, Time elapsed: 0.002 s - in com.thealgorithms.scheduling.FCFSSchedulingTest
[1d0f13a1-6101-41a5-8a97-2fa456a59cb4/build]   | [INFO] Running com.thealgorithms.scheduling.RRSchedulingTest
[1d0f13a1-6101-41a5-8a97-2fa456a59cb4/build]   | [INFO] Tests run: 1, Failures: 0, Errors: 0, Skipped: 0, Time elapsed: 0.001 s - in com.thealgorithms.scheduling.RRSchedulingTest
[1d0f13a1-6101-41a5-8a97-2fa456a59cb4/build]   | [INFO] Running com.thealgorithms.strings.PangramTest
[1d0f13a1-6101-41a5-8a97-2fa456a59cb4/build]   | [INFO] Tests run: 1, Failures: 0, Errors: 0, Skipped: 0, Time elapsed: 0 s - in com.thealgorithms.strings.PangramTest
[1d0f13a1-6101-41a5-8a97-2fa456a59cb4/build]   | [INFO] Running com.thealgorithms.strings.AlphabeticalTest
[1d0f13a1-6101-41a5-8a97-2fa456a59cb4/build]   | [INFO] Tests run: 1, Failures: 0, Errors: 0, Skipped: 0, Time elapsed: 0.001 s - in com.thealgorithms.strings.AlphabeticalTest
[1d0f13a1-6101-41a5-8a97-2fa456a59cb4/build]   | [INFO] Running com.thealgorithms.strings.ReverseStringTest
[1d0f13a1-6101-41a5-8a97-2fa456a59cb4/build]   | [INFO] Tests run: 1, Failures: 0, Errors: 0, Skipped: 0, Time elapsed: 0.001 s - in com.thealgorithms.strings.ReverseStringTest
[1d0f13a1-6101-41a5-8a97-2fa456a59cb4/build]   | [INFO] Running com.thealgorithms.strings.CheckVowelsTest
[1d0f13a1-6101-41a5-8a97-2fa456a59cb4/build]   | [INFO] Tests run: 1, Failures: 0, Errors: 0, Skipped: 0, Time elapsed: 0.001 s - in com.thealgorithms.strings.CheckVowelsTest
[1d0f13a1-6101-41a5-8a97-2fa456a59cb4/build]   | [INFO] Running com.thealgorithms.strings.CheckAnagramsTest
[1d0f13a1-6101-41a5-8a97-2fa456a59cb4/build]   | [INFO] Tests run: 8, Failures: 0, Errors: 0, Skipped: 0, Time elapsed: 0.005 s - in com.thealgorithms.strings.CheckAnagramsTest
[1d0f13a1-6101-41a5-8a97-2fa456a59cb4/build]   | [INFO] Running com.thealgorithms.strings.ValidParenthesesTest
[1d0f13a1-6101-41a5-8a97-2fa456a59cb4/build]   | [INFO] Tests run: 3, Failures: 0, Errors: 0, Skipped: 0, Time elapsed: 0.001 s - in com.thealgorithms.strings.ValidParenthesesTest
[1d0f13a1-6101-41a5-8a97-2fa456a59cb4/build]   | [INFO] Running com.thealgorithms.strings.StringCompressionTest
[1d0f13a1-6101-41a5-8a97-2fa456a59cb4/build]   | [INFO] Tests run: 4, Failures: 0, Errors: 0, Skipped: 0, Time elapsed: 0.012 s - in com.thealgorithms.strings.StringCompressionTest
[1d0f13a1-6101-41a5-8a97-2fa456a59cb4/build]   | [INFO] Running com.thealgorithms.strings.RotationTest
[1d0f13a1-6101-41a5-8a97-2fa456a59cb4/build]   | [INFO] Tests run: 1, Failures: 0, Errors: 0, Skipped: 0, Time elapsed: 0 s - in com.thealgorithms.strings.RotationTest
[1d0f13a1-6101-41a5-8a97-2fa456a59cb4/build]   | [INFO] Running com.thealgorithms.strings.PalindromeTest
[1d0f13a1-6101-41a5-8a97-2fa456a59cb4/build]   | [INFO] Tests run: 1, Failures: 0, Errors: 0, Skipped: 0, Time elapsed: 0 s - in com.thealgorithms.strings.PalindromeTest
[1d0f13a1-6101-41a5-8a97-2fa456a59cb4/build]   | [INFO] Running com.thealgorithms.strings.CharacterSameTest
[1d0f13a1-6101-41a5-8a97-2fa456a59cb4/build]   | [INFO] Tests run: 1, Failures: 0, Errors: 0, Skipped: 0, Time elapsed: 0 s - in com.thealgorithms.strings.CharacterSameTest
[1d0f13a1-6101-41a5-8a97-2fa456a59cb4/build]   | [INFO] Running com.thealgorithms.strings.MyAtoiTest
[1d0f13a1-6101-41a5-8a97-2fa456a59cb4/build]   | [INFO] Tests run: 7, Failures: 0, Errors: 0, Skipped: 0, Time elapsed: 0.001 s - in com.thealgorithms.strings.MyAtoiTest
[1d0f13a1-6101-41a5-8a97-2fa456a59cb4/build]   | [INFO] Running com.thealgorithms.strings.HammingDistanceTest
[1d0f13a1-6101-41a5-8a97-2fa456a59cb4/build]   | [INFO] Tests run: 2, Failures: 0, Errors: 0, Skipped: 0, Time elapsed: 0 s - in com.thealgorithms.strings.HammingDistanceTest
[1d0f13a1-6101-41a5-8a97-2fa456a59cb4/build]   | [INFO] Running com.thealgorithms.strings.AnagramsTest
[1d0f13a1-6101-41a5-8a97-2fa456a59cb4/build]   | [INFO] Tests run: 1, Failures: 0, Errors: 0, Skipped: 0, Time elapsed: 0 s - in com.thealgorithms.strings.AnagramsTest
[1d0f13a1-6101-41a5-8a97-2fa456a59cb4/build]   | [INFO] Running com.thealgorithms.strings.longestNonRepeativeSubstringTest
[1d0f13a1-6101-41a5-8a97-2fa456a59cb4/build]   | [INFO] Tests run: 1, Failures: 0, Errors: 0, Skipped: 0, Time elapsed: 0 s - in com.thealgorithms.strings.longestNonRepeativeSubstringTest
[1d0f13a1-6101-41a5-8a97-2fa456a59cb4/build]   | [INFO] Running com.thealgorithms.strings.HorspoolSearchTest
[1d0f13a1-6101-41a5-8a97-2fa456a59cb4/build]   | [INFO] Tests run: 13, Failures: 0, Errors: 0, Skipped: 0, Time elapsed: 0.004 s - in com.thealgorithms.strings.HorspoolSearchTest
[1d0f13a1-6101-41a5-8a97-2fa456a59cb4/build]   | [INFO] Running com.thealgorithms.strings.ReverseStringRecursiveTest
[1d0f13a1-6101-41a5-8a97-2fa456a59cb4/build]   | [INFO] Tests run: 3, Failures: 0, Errors: 0, Skipped: 0, Time elapsed: 0.001 s - in com.thealgorithms.strings.ReverseStringRecursiveTest
[1d0f13a1-6101-41a5-8a97-2fa456a59cb4/build]   | [INFO] Running com.thealgorithms.strings.WordLadderTest
[1d0f13a1-6101-41a5-8a97-2fa456a59cb4/build]   | [INFO] Tests run: 1, Failures: 0, Errors: 0, Skipped: 0, Time elapsed: 0 s - in com.thealgorithms.strings.WordLadderTest
[1d0f13a1-6101-41a5-8a97-2fa456a59cb4/build]   | [INFO] Running com.thealgorithms.strings.LowerTest
[1d0f13a1-6101-41a5-8a97-2fa456a59cb4/build]   | [INFO] Tests run: 1, Failures: 0, Errors: 0, Skipped: 0, Time elapsed: 0 s - in com.thealgorithms.strings.LowerTest
[1d0f13a1-6101-41a5-8a97-2fa456a59cb4/build]   | [INFO] Running com.thealgorithms.strings.UpperTest
[1d0f13a1-6101-41a5-8a97-2fa456a59cb4/build]   | [INFO] Tests run: 1, Failures: 0, Errors: 0, Skipped: 0, Time elapsed: 0 s - in com.thealgorithms.strings.UpperTest
[1d0f13a1-6101-41a5-8a97-2fa456a59cb4/build]   | [INFO] Running com.thealgorithms.strings.zigZagPattern.zigZagPatternTest
[1d0f13a1-6101-41a5-8a97-2fa456a59cb4/build]   | [INFO] Tests run: 1, Failures: 0, Errors: 0, Skipped: 0, Time elapsed: 0 s - in com.thealgorithms.strings.zigZagPattern.zigZagPatternTest
[1d0f13a1-6101-41a5-8a97-2fa456a59cb4/build]   | [INFO] Running com.thealgorithms.strings.LetterCombinationsOfPhoneNumberTest
[1d0f13a1-6101-41a5-8a97-2fa456a59cb4/build]   | [INFO] Tests run: 1, Failures: 0, Errors: 0, Skipped: 0, Time elapsed: 0.001 s - in com.thealgorithms.strings.LetterCombinationsOfPhoneNumberTest
[1d0f13a1-6101-41a5-8a97-2fa456a59cb4/build]   | [INFO] Running com.thealgorithms.datastructures.buffers.CircularBufferTest
[1d0f13a1-6101-41a5-8a97-2fa456a59cb4/build]   | [INFO] Tests run: 1004, Failures: 0, Errors: 0, Skipped: 0, Time elapsed: 1.026 s - in com.thealgorithms.datastructures.buffers.CircularBufferTest
[1d0f13a1-6101-41a5-8a97-2fa456a59cb4/build]   | [INFO] Running com.thealgorithms.datastructures.bloomfilter.BloomFilterTest
[1d0f13a1-6101-41a5-8a97-2fa456a59cb4/build]   | [INFO] Tests run: 2, Failures: 0, Errors: 0, Skipped: 0, Time elapsed: 0 s - in com.thealgorithms.datastructures.bloomfilter.BloomFilterTest
[1d0f13a1-6101-41a5-8a97-2fa456a59cb4/build]   | [INFO] Running com.thealgorithms.datastructures.caches.LRUCacheTest
[1d0f13a1-6101-41a5-8a97-2fa456a59cb4/build]   | [INFO] Tests run: 4, Failures: 0, Errors: 0, Skipped: 0, Time elapsed: 0 s - in com.thealgorithms.datastructures.caches.LRUCacheTest
[1d0f13a1-6101-41a5-8a97-2fa456a59cb4/build]   | [INFO] Running com.thealgorithms.datastructures.caches.MRUCacheTest
[1d0f13a1-6101-41a5-8a97-2fa456a59cb4/build]   | [INFO] Tests run: 4, Failures: 0, Errors: 0, Skipped: 0, Time elapsed: 0 s - in com.thealgorithms.datastructures.caches.MRUCacheTest
[1d0f13a1-6101-41a5-8a97-2fa456a59cb4/build]   | [INFO] Running com.thealgorithms.datastructures.caches.LFUCacheTest
[1d0f13a1-6101-41a5-8a97-2fa456a59cb4/build]   | [INFO] Tests run: 3, Failures: 0, Errors: 0, Skipped: 0, Time elapsed: 0 s - in com.thealgorithms.datastructures.caches.LFUCacheTest
[1d0f13a1-6101-41a5-8a97-2fa456a59cb4/build]   | [INFO] Running com.thealgorithms.datastructures.queues.LinkedQueueTest
[1d0f13a1-6101-41a5-8a97-2fa456a59cb4/build]   | [INFO] Tests run: 1, Failures: 0, Errors: 0, Skipped: 0, Time elapsed: 0 s - in com.thealgorithms.datastructures.queues.LinkedQueueTest
[1d0f13a1-6101-41a5-8a97-2fa456a59cb4/build]   | [INFO] Running com.thealgorithms.datastructures.queues.PriorityQueuesTest
[1d0f13a1-6101-41a5-8a97-2fa456a59cb4/build]   | [INFO] Tests run: 3, Failures: 0, Errors: 0, Skipped: 0, Time elapsed: 0 s - in com.thealgorithms.datastructures.queues.PriorityQueuesTest
[1d0f13a1-6101-41a5-8a97-2fa456a59cb4/build]   | [INFO] Running com.thealgorithms.datastructures.heaps.FibonacciHeapTest
[1d0f13a1-6101-41a5-8a97-2fa456a59cb4/build]   | [INFO] Tests run: 1, Failures: 0, Errors: 0, Skipped: 0, Time elapsed: 0 s - in com.thealgorithms.datastructures.heaps.FibonacciHeapTest
[1d0f13a1-6101-41a5-8a97-2fa456a59cb4/build]   | [INFO] Running com.thealgorithms.datastructures.heaps.LeftistHeapTest
[1d0f13a1-6101-41a5-8a97-2fa456a59cb4/build]   | [INFO] Tests run: 1, Failures: 0, Errors: 0, Skipped: 0, Time elapsed: 0 s - in com.thealgorithms.datastructures.heaps.LeftistHeapTest
[1d0f13a1-6101-41a5-8a97-2fa456a59cb4/build]   | [INFO] Running com.thealgorithms.datastructures.lists.SinglyLinkedListTest
[1d0f13a1-6101-41a5-8a97-2fa456a59cb4/build]   | [INFO] Tests run: 9, Failures: 0, Errors: 0, Skipped: 0, Time elapsed: 0 s - in com.thealgorithms.datastructures.lists.SinglyLinkedListTest
[1d0f13a1-6101-41a5-8a97-2fa456a59cb4/build]   | [INFO] Running com.thealgorithms.datastructures.lists.SkipListTest
[1d0f13a1-6101-41a5-8a97-2fa456a59cb4/build]   | [ ] --- --- --- --- 
[1d0f13a1-6101-41a5-8a97-2fa456a59cb4/build]   | [ ] --- --- --- --- 
[1d0f13a1-6101-41a5-8a97-2fa456a59cb4/build]   | [ ] --- --- --- --- 
[1d0f13a1-6101-41a5-8a97-2fa456a59cb4/build]   | [ ] --- --- --- --- 
[1d0f13a1-6101-41a5-8a97-2fa456a59cb4/build]   | [ ] --- --- --- --- 
[1d0f13a1-6101-41a5-8a97-2fa456a59cb4/build]   | [ ] [ ] --- --- --- 
[1d0f13a1-6101-41a5-8a97-2fa456a59cb4/build]   | [ ] [ ] --- --- [ ] 
[1d0f13a1-6101-41a5-8a97-2fa456a59cb4/build]   | [ ] [ ] [ ] [ ] [ ] 
[1d0f13a1-6101-41a5-8a97-2fa456a59cb4/build]   |  H   0   1   2   3
[1d0f13a1-6101-41a5-8a97-2fa456a59cb4/build]   | 
[1d0f13a1-6101-41a5-8a97-2fa456a59cb4/build]   | [ ] --- --- --- --- --- --- --- --- --- --- --- 
[1d0f13a1-6101-41a5-8a97-2fa456a59cb4/build]   | [ ] --- --- --- --- --- --- --- [ ] --- --- --- 
[1d0f13a1-6101-41a5-8a97-2fa456a59cb4/build]   | [ ] --- --- --- --- --- --- --- [ ] --- --- --- 
[1d0f13a1-6101-41a5-8a97-2fa456a59cb4/build]   | [ ] --- --- --- --- --- --- --- [ ] --- --- --- 
[1d0f13a1-6101-41a5-8a97-2fa456a59cb4/build]   | [ ] --- --- --- --- --- --- --- [ ] --- --- --- 
[1d0f13a1-6101-41a5-8a97-2fa456a59cb4/build]   | [ ] --- --- --- [ ] [ ] [ ] [ ] [ ] --- --- --- 
[1d0f13a1-6101-41a5-8a97-2fa456a59cb4/build]   | [ ] --- --- --- [ ] [ ] [ ] [ ] [ ] [ ] --- --- 
[1d0f13a1-6101-41a5-8a97-2fa456a59cb4/build]   | [ ] [ ] [ ] [ ] [ ] [ ] [ ] [ ] [ ] [ ] [ ] [ ] 
[1d0f13a1-6101-41a5-8a97-2fa456a59cb4/build]   |  H   0   1   2   3   4   5   6   7   8   9  10
[1d0f13a1-6101-41a5-8a97-2fa456a59cb4/build]   | 
[1d0f13a1-6101-41a5-8a97-2fa456a59cb4/build]   | [ ] --- 
[1d0f13a1-6101-41a5-8a97-2fa456a59cb4/build]   | [ ] --- 
[1d0f13a1-6101-41a5-8a97-2fa456a59cb4/build]   | [ ] --- 
[1d0f13a1-6101-41a5-8a97-2fa456a59cb4/build]   | [ ] --- 
[1d0f13a1-6101-41a5-8a97-2fa456a59cb4/build]   | [ ] --- 
[1d0f13a1-6101-41a5-8a97-2fa456a59cb4/build]   | [ ] --- 
[1d0f13a1-6101-41a5-8a97-2fa456a59cb4/build]   | [ ] [ ] 
[1d0f13a1-6101-41a5-8a97-2fa456a59cb4/build]   | [ ] [ ] 
[1d0f13a1-6101-41a5-8a97-2fa456a59cb4/build]   |  H   0
[1d0f13a1-6101-41a5-8a97-2fa456a59cb4/build]   | 
[1d0f13a1-6101-41a5-8a97-2fa456a59cb4/build]   | [ ] --- 
[1d0f13a1-6101-41a5-8a97-2fa456a59cb4/build]   | [ ] --- 
[1d0f13a1-6101-41a5-8a97-2fa456a59cb4/build]   | [ ] --- 
[1d0f13a1-6101-41a5-8a97-2fa456a59cb4/build]   | [ ] --- 
[1d0f13a1-6101-41a5-8a97-2fa456a59cb4/build]   | [ ] --- 
[1d0f13a1-6101-41a5-8a97-2fa456a59cb4/build]   | [ ] [ ] 
[1d0f13a1-6101-41a5-8a97-2fa456a59cb4/build]   | [ ] [ ] 
[1d0f13a1-6101-41a5-8a97-2fa456a59cb4/build]   | [ ] [ ] 
[1d0f13a1-6101-41a5-8a97-2fa456a59cb4/build]   |  H   0
[1d0f13a1-6101-41a5-8a97-2fa456a59cb4/build]   | 
[1d0f13a1-6101-41a5-8a97-2fa456a59cb4/build]   | [ ] --- --- --- --- --- --- --- --- --- --- --- 
[1d0f13a1-6101-41a5-8a97-2fa456a59cb4/build]   | [ ] --- --- --- --- --- --- --- --- --- --- --- 
[1d0f13a1-6101-41a5-8a97-2fa456a59cb4/build]   | [ ] --- --- --- --- --- --- --- --- --- --- --- 
[1d0f13a1-6101-41a5-8a97-2fa456a59cb4/build]   | [ ] --- --- --- --- --- --- --- --- --- --- --- 
[1d0f13a1-6101-41a5-8a97-2fa456a59cb4/build]   | [ ] --- --- --- --- --- --- --- --- --- --- --- 
[1d0f13a1-6101-41a5-8a97-2fa456a59cb4/build]   | [ ] --- --- --- --- --- --- --- --- --- --- --- 
[1d0f13a1-6101-41a5-8a97-2fa456a59cb4/build]   | [ ] [ ] [ ] --- --- --- --- [ ] [ ] --- --- --- 
[1d0f13a1-6101-41a5-8a97-2fa456a59cb4/build]   | [ ] [ ] [ ] [ ] [ ] [ ] [ ] [ ] [ ] [ ] [ ] [ ] 
[1d0f13a1-6101-41a5-8a97-2fa456a59cb4/build]   |  H   0   1   2   3   4   5   6   7   8   9  10
[1d0f13a1-6101-41a5-8a97-2fa456a59cb4/build]   | 
[1d0f13a1-6101-41a5-8a97-2fa456a59cb4/build]   | [ ] --- --- --- --- --- --- --- --- --- --- 
[1d0f13a1-6101-41a5-8a97-2fa456a59cb4/build]   | [ ] --- --- --- --- --- --- --- --- --- --- 
[1d0f13a1-6101-41a5-8a97-2fa456a59cb4/build]   | [ ] --- --- --- --- --- --- --- --- --- --- 
[1d0f13a1-6101-41a5-8a97-2fa456a59cb4/build]   | [ ] --- --- --- --- --- --- --- --- --- --- 
[1d0f13a1-6101-41a5-8a97-2fa456a59cb4/build]   | [ ] --- --- --- --- --- --- --- --- --- --- 
[1d0f13a1-6101-41a5-8a97-2fa456a59cb4/build]   | [ ] --- --- --- --- --- --- --- --- --- --- 
[1d0f13a1-6101-41a5-8a97-2fa456a59cb4/build]   | [ ] [ ] --- --- --- --- [ ] [ ] --- --- --- 
[1d0f13a1-6101-41a5-8a97-2fa456a59cb4/build]   | [ ] [ ] [ ] [ ] [ ] [ ] [ ] [ ] [ ] [ ] [ ] 
[1d0f13a1-6101-41a5-8a97-2fa456a59cb4/build]   |  H   0   1   2   3   4   5   6   7   8   9
[1d0f13a1-6101-41a5-8a97-2fa456a59cb4/build]   | 
[1d0f13a1-6101-41a5-8a97-2fa456a59cb4/build]   | [ ] --- --- --- --- --- --- --- --- --- --- --- 
[1d0f13a1-6101-41a5-8a97-2fa456a59cb4/build]   | [ ] --- --- --- --- --- --- --- --- --- --- --- 
[1d0f13a1-6101-41a5-8a97-2fa456a59cb4/build]   | [ ] --- --- --- --- --- --- --- --- --- [ ] --- 
[1d0f13a1-6101-41a5-8a97-2fa456a59cb4/build]   | [ ] --- --- --- --- --- --- --- --- --- [ ] --- 
[1d0f13a1-6101-41a5-8a97-2fa456a59cb4/build]   | [ ] --- --- --- --- --- --- --- [ ] --- [ ] --- 
[1d0f13a1-6101-41a5-8a97-2fa456a59cb4/build]   | [ ] --- --- --- --- [ ] --- [ ] [ ] --- [ ] --- 
[1d0f13a1-6101-41a5-8a97-2fa456a59cb4/build]   | [ ] --- --- --- --- [ ] --- [ ] [ ] --- [ ] --- 
[1d0f13a1-6101-41a5-8a97-2fa456a59cb4/build]   | [ ] [ ] [ ] [ ] [ ] [ ] [ ] [ ] [ ] [ ] [ ] [ ] 
[1d0f13a1-6101-41a5-8a97-2fa456a59cb4/build]   |  H   0   1   2   3   4   5   6   7   8   9  10
[1d0f13a1-6101-41a5-8a97-2fa456a59cb4/build]   | 
[1d0f13a1-6101-41a5-8a97-2fa456a59cb4/build]   | [ ] --- --- --- --- --- --- --- --- --- --- 
[1d0f13a1-6101-41a5-8a97-2fa456a59cb4/build]   | [ ] --- --- --- --- --- --- --- --- --- --- 
[1d0f13a1-6101-41a5-8a97-2fa456a59cb4/build]   | [ ] --- --- --- --- --- --- --- --- --- [ ] 
[1d0f13a1-6101-41a5-8a97-2fa456a59cb4/build]   | [ ] --- --- --- --- --- --- --- --- --- [ ] 
[1d0f13a1-6101-41a5-8a97-2fa456a59cb4/build]   | [ ] --- --- --- --- --- --- --- [ ] --- [ ] 
[1d0f13a1-6101-41a5-8a97-2fa456a59cb4/build]   | [ ] --- --- --- --- [ ] --- [ ] [ ] --- [ ] 
[1d0f13a1-6101-41a5-8a97-2fa456a59cb4/build]   | [ ] --- --- --- --- [ ] --- [ ] [ ] --- [ ] 
[1d0f13a1-6101-41a5-8a97-2fa456a59cb4/build]   | [ ] [ ] [ ] [ ] [ ] [ ] [ ] [ ] [ ] [ ] [ ] 
[1d0f13a1-6101-41a5-8a97-2fa456a59cb4/build]   |  H   0   1   2   3   4   5   6   7   8   9
[1d0f13a1-6101-41a5-8a97-2fa456a59cb4/build]   | 
[1d0f13a1-6101-41a5-8a97-2fa456a59cb4/build]   | [INFO] Tests run: 6, Failures: 0, Errors: 0, Skipped: 0, Time elapsed: 0.006 s - in com.thealgorithms.datastructures.lists.SkipListTest
[1d0f13a1-6101-41a5-8a97-2fa456a59cb4/build]   | [INFO] Running com.thealgorithms.datastructures.trees.SameTreesCheckTest
[1d0f13a1-6101-41a5-8a97-2fa456a59cb4/build]   | [INFO] Tests run: 6, Failures: 0, Errors: 0, Skipped: 0, Time elapsed: 0.002 s - in com.thealgorithms.datastructures.trees.SameTreesCheckTest
[1d0f13a1-6101-41a5-8a97-2fa456a59cb4/build]   | [INFO] Running com.thealgorithms.datastructures.trees.CheckBinaryTreeIsValidBSTTest
[1d0f13a1-6101-41a5-8a97-2fa456a59cb4/build]   | [INFO] Tests run: 5, Failures: 0, Errors: 0, Skipped: 0, Time elapsed: 0 s - in com.thealgorithms.datastructures.trees.CheckBinaryTreeIsValidBSTTest
[1d0f13a1-6101-41a5-8a97-2fa456a59cb4/build]   | [INFO] Running com.thealgorithms.datastructures.trees.PostOrderTraversalTest
[1d0f13a1-6101-41a5-8a97-2fa456a59cb4/build]   | [INFO] Tests run: 3, Failures: 0, Errors: 0, Skipped: 0, Time elapsed: 0.001 s - in com.thealgorithms.datastructures.trees.PostOrderTraversalTest
[1d0f13a1-6101-41a5-8a97-2fa456a59cb4/build]   | [INFO] Running com.thealgorithms.datastructures.trees.BSTFromSortedArrayTest
[1d0f13a1-6101-41a5-8a97-2fa456a59cb4/build]   | [INFO] Tests run: 6, Failures: 0, Errors: 0, Skipped: 0, Time elapsed: 0.001 s - in com.thealgorithms.datastructures.trees.BSTFromSortedArrayTest
[1d0f13a1-6101-41a5-8a97-2fa456a59cb4/build]   | [INFO] Running com.thealgorithms.datastructures.trees.BSTRecursiveTest
[1d0f13a1-6101-41a5-8a97-2fa456a59cb4/build]   | [INFO] Tests run: 4, Failures: 0, Errors: 0, Skipped: 0, Time elapsed: 0 s - in com.thealgorithms.datastructures.trees.BSTRecursiveTest
[1d0f13a1-6101-41a5-8a97-2fa456a59cb4/build]   | [INFO] Running com.thealgorithms.datastructures.trees.LevelOrderTraversalTest
[1d0f13a1-6101-41a5-8a97-2fa456a59cb4/build]   | [INFO] Tests run: 4, Failures: 0, Errors: 0, Skipped: 0, Time elapsed: 0.001 s - in com.thealgorithms.datastructures.trees.LevelOrderTraversalTest
[1d0f13a1-6101-41a5-8a97-2fa456a59cb4/build]   | [INFO] Running com.thealgorithms.datastructures.trees.InorderTraversalTest
[1d0f13a1-6101-41a5-8a97-2fa456a59cb4/build]   | [INFO] Tests run: 3, Failures: 0, Errors: 0, Skipped: 0, Time elapsed: 0.001 s - in com.thealgorithms.datastructures.trees.InorderTraversalTest
[1d0f13a1-6101-41a5-8a97-2fa456a59cb4/build]   | [INFO] Running com.thealgorithms.datastructures.trees.CheckTreeIsSymmetricTest
[1d0f13a1-6101-41a5-8a97-2fa456a59cb4/build]   | [INFO] Tests run: 4, Failures: 0, Errors: 0, Skipped: 0, Time elapsed: 0 s - in com.thealgorithms.datastructures.trees.CheckTreeIsSymmetricTest
[1d0f13a1-6101-41a5-8a97-2fa456a59cb4/build]   | [INFO] Running com.thealgorithms.datastructures.trees.PreOrderTraversalTest
[1d0f13a1-6101-41a5-8a97-2fa456a59cb4/build]   | [INFO] Tests run: 3, Failures: 0, Errors: 0, Skipped: 0, Time elapsed: 0 s - in com.thealgorithms.datastructures.trees.PreOrderTraversalTest
[1d0f13a1-6101-41a5-8a97-2fa456a59cb4/build]   | [INFO] Running com.thealgorithms.datastructures.trees.BinaryTreeTest
[1d0f13a1-6101-41a5-8a97-2fa456a59cb4/build]   | 12 3 5 7 9 12 3 5 7 9 12 12 9 7 5 3 [INFO] Tests run: 4, Failures: 0, Errors: 0, Skipped: 0, Time elapsed: 0.001 s - in com.thealgorithms.datastructures.trees.BinaryTreeTest
[1d0f13a1-6101-41a5-8a97-2fa456a59cb4/build]   | [INFO] Running com.thealgorithms.datastructures.trees.BSTIterativeTest
[1d0f13a1-6101-41a5-8a97-2fa456a59cb4/build]   | [INFO] Tests run: 4, Failures: 0, Errors: 0, Skipped: 0, Time elapsed: 0 s - in com.thealgorithms.datastructures.trees.BSTIterativeTest
[1d0f13a1-6101-41a5-8a97-2fa456a59cb4/build]   | [INFO] Running com.thealgorithms.datastructures.trees.CheckIfBinaryTreeBalancedTest
[1d0f13a1-6101-41a5-8a97-2fa456a59cb4/build]   | [INFO] Tests run: 6, Failures: 0, Errors: 0, Skipped: 0, Time elapsed: 0.01 s - in com.thealgorithms.datastructures.trees.CheckIfBinaryTreeBalancedTest
[1d0f13a1-6101-41a5-8a97-2fa456a59cb4/build]   | [INFO] Running com.thealgorithms.datastructures.trees.KDTreeTest
[1d0f13a1-6101-41a5-8a97-2fa456a59cb4/build]   | [INFO] Tests run: 3, Failures: 0, Errors: 0, Skipped: 0, Time elapsed: 0.004 s - in com.thealgorithms.datastructures.trees.KDTreeTest
[1d0f13a1-6101-41a5-8a97-2fa456a59cb4/build]   | [INFO] Running com.thealgorithms.datastructures.trees.CreateBinaryTreeFromInorderPreorderTest
[1d0f13a1-6101-41a5-8a97-2fa456a59cb4/build]   | [INFO] Tests run: 6, Failures: 0, Errors: 0, Skipped: 0, Time elapsed: 0.001 s - in com.thealgorithms.datastructures.trees.CreateBinaryTreeFromInorderPreorderTest
[1d0f13a1-6101-41a5-8a97-2fa456a59cb4/build]   | [INFO] Running com.thealgorithms.datastructures.trees.LazySegmentTreeTest
[1d0f13a1-6101-41a5-8a97-2fa456a59cb4/build]   | [INFO] Tests run: 4, Failures: 0, Errors: 0, Skipped: 0, Time elapsed: 0.002 s - in com.thealgorithms.datastructures.trees.LazySegmentTreeTest
[1d0f13a1-6101-41a5-8a97-2fa456a59cb4/build]   | [INFO] Running com.thealgorithms.datastructures.trees.VerticalOrderTraversalTest
[1d0f13a1-6101-41a5-8a97-2fa456a59cb4/build]   | [INFO] Tests run: 4, Failures: 0, Errors: 0, Skipped: 0, Time elapsed: 0.001 s - in com.thealgorithms.datastructures.trees.VerticalOrderTraversalTest
[1d0f13a1-6101-41a5-8a97-2fa456a59cb4/build]   | [INFO] Running com.thealgorithms.datastructures.trees.ZigzagTraversalTest
[1d0f13a1-6101-41a5-8a97-2fa456a59cb4/build]   | [INFO] Tests run: 4, Failures: 0, Errors: 0, Skipped: 0, Time elapsed: 0.001 s - in com.thealgorithms.datastructures.trees.ZigzagTraversalTest
[1d0f13a1-6101-41a5-8a97-2fa456a59cb4/build]   | [INFO] Running com.thealgorithms.datastructures.trees.CeilInBinarySearchTreeTest
[1d0f13a1-6101-41a5-8a97-2fa456a59cb4/build]   | [INFO] Tests run: 7, Failures: 0, Errors: 0, Skipped: 0, Time elapsed: 0.001 s - in com.thealgorithms.datastructures.trees.CeilInBinarySearchTreeTest
[1d0f13a1-6101-41a5-8a97-2fa456a59cb4/build]   | [INFO] Running com.thealgorithms.datastructures.graphs.HamiltonianCycleTest
[1d0f13a1-6101-41a5-8a97-2fa456a59cb4/build]   | [INFO] Tests run: 2, Failures: 0, Errors: 0, Skipped: 0, Time elapsed: 0.001 s - in com.thealgorithms.datastructures.graphs.HamiltonianCycleTest
[1d0f13a1-6101-41a5-8a97-2fa456a59cb4/build]   | [INFO] Running com.thealgorithms.datastructures.graphs.TarjansAlgorithmTest
[1d0f13a1-6101-41a5-8a97-2fa456a59cb4/build]   | [INFO] Tests run: 2, Failures: 0, Errors: 0, Skipped: 0, Time elapsed: 0 s - in com.thealgorithms.datastructures.graphs.TarjansAlgorithmTest
[1d0f13a1-6101-41a5-8a97-2fa456a59cb4/build]   | [INFO] Running com.thealgorithms.datastructures.graphs.KosarajuTest
[1d0f13a1-6101-41a5-8a97-2fa456a59cb4/build]   | [INFO] Tests run: 2, Failures: 0, Errors: 0, Skipped: 0, Time elapsed: 0 s - in com.thealgorithms.datastructures.graphs.KosarajuTest
[1d0f13a1-6101-41a5-8a97-2fa456a59cb4/build]   | [INFO] Running com.thealgorithms.datastructures.hashmap.hashing.GenericHashMapUsingArrayTest
[1d0f13a1-6101-41a5-8a97-2fa456a59cb4/build]   | [INFO] Tests run: 3, Failures: 0, Errors: 0, Skipped: 0, Time elapsed: 0.001 s - in com.thealgorithms.datastructures.hashmap.hashing.GenericHashMapUsingArrayTest
[1d0f13a1-6101-41a5-8a97-2fa456a59cb4/build]   | [INFO] Running com.thealgorithms.datastructures.hashmap.hashing.MajorityElementTest
[1d0f13a1-6101-41a5-8a97-2fa456a59cb4/build]   | [INFO] Tests run: 4, Failures: 0, Errors: 0, Skipped: 0, Time elapsed: 0.001 s - in com.thealgorithms.datastructures.hashmap.hashing.MajorityElementTest
[1d0f13a1-6101-41a5-8a97-2fa456a59cb4/build]   | [INFO] Running com.thealgorithms.datastructures.hashmap.hashing.LinearProbingHashMapTest
[1d0f13a1-6101-41a5-8a97-2fa456a59cb4/build]   | [INFO] Tests run: 7, Failures: 0, Errors: 0, Skipped: 0, Time elapsed: 0.009 s - in com.thealgorithms.datastructures.hashmap.hashing.LinearProbingHashMapTest
[1d0f13a1-6101-41a5-8a97-2fa456a59cb4/build]   | [INFO] Running com.thealgorithms.datastructures.hashmap.hashing.GenericHashMapUsingArrayListTest
[1d0f13a1-6101-41a5-8a97-2fa456a59cb4/build]   | [INFO] Tests run: 3, Failures: 0, Errors: 0, Skipped: 0, Time elapsed: 0.001 s - in com.thealgorithms.datastructures.hashmap.hashing.GenericHashMapUsingArrayListTest
[1d0f13a1-6101-41a5-8a97-2fa456a59cb4/build]   | [INFO] Running com.thealgorithms.datastructures.hashmap.HashMapCuckooHashingTest
[1d0f13a1-6101-41a5-8a97-2fa456a59cb4/build]   | Infinite loop occurred, lengthening & rehashing table
[1d0f13a1-6101-41a5-8a97-2fa456a59cb4/build]   | Infinite loop occurred, lengthening & rehashing table
[1d0f13a1-6101-41a5-8a97-2fa456a59cb4/build]   | [INFO] Tests run: 8, Failures: 0, Errors: 0, Skipped: 0, Time elapsed: 0.002 s - in com.thealgorithms.datastructures.hashmap.HashMapCuckooHashingTest
[1d0f13a1-6101-41a5-8a97-2fa456a59cb4/build]   | [INFO] Running com.thealgorithms.io.BufferedReaderTest
[1d0f13a1-6101-41a5-8a97-2fa456a59cb4/build]   | [cached intentional error]
[1d0f13a1-6101-41a5-8a97-2fa456a59cb4/build]   | [INFO] Tests run: 3, Failures: 0, Errors: 0, Skipped: 0, Time elapsed: 0.001 s - in com.thealgorithms.io.BufferedReaderTest
[1d0f13a1-6101-41a5-8a97-2fa456a59cb4/build]   | [INFO] Running com.thealgorithms.divideandconquer.StrassenMatrixMultiplicationTest
[1d0f13a1-6101-41a5-8a97-2fa456a59cb4/build]   | [INFO] Tests run: 3, Failures: 0, Errors: 0, Skipped: 0, Time elapsed: 0.001 s - in com.thealgorithms.divideandconquer.StrassenMatrixMultiplicationTest
[1d0f13a1-6101-41a5-8a97-2fa456a59cb4/build]   | [INFO] Running com.thealgorithms.divideandconquer.BinaryExponentiationTest
[1d0f13a1-6101-41a5-8a97-2fa456a59cb4/build]   | [INFO] Tests run: 2, Failures: 0, Errors: 0, Skipped: 0, Time elapsed: 0 s - in com.thealgorithms.divideandconquer.BinaryExponentiationTest
[1d0f13a1-6101-41a5-8a97-2fa456a59cb4/build]   | [INFO] Running com.thealgorithms.sorts.BubbleSortTest
[1d0f13a1-6101-41a5-8a97-2fa456a59cb4/build]   | [INFO] Tests run: 5, Failures: 0, Errors: 0, Skipped: 0, Time elapsed: 0.002 s - in com.thealgorithms.sorts.BubbleSortTest
[1d0f13a1-6101-41a5-8a97-2fa456a59cb4/build]   | [INFO] Running com.thealgorithms.sorts.BinaryInsertionSortTest
[1d0f13a1-6101-41a5-8a97-2fa456a59cb4/build]   | [INFO] Tests run: 2, Failures: 0, Errors: 0, Skipped: 0, Time elapsed: 0 s - in com.thealgorithms.sorts.BinaryInsertionSortTest
[1d0f13a1-6101-41a5-8a97-2fa456a59cb4/build]   | [INFO] Running com.thealgorithms.sorts.WiggleSortTest
[1d0f13a1-6101-41a5-8a97-2fa456a59cb4/build]   | [2, 5, 1, 2, 1, 2]
[1d0f13a1-6101-41a5-8a97-2fa456a59cb4/build]   | [INFO] Tests run: 7, Failures: 0, Errors: 0, Skipped: 0, Time elapsed: 0.002 s - in com.thealgorithms.sorts.WiggleSortTest
[1d0f13a1-6101-41a5-8a97-2fa456a59cb4/build]   | [INFO] Running com.thealgorithms.sorts.TreeSortTest
[1d0f13a1-6101-41a5-8a97-2fa456a59cb4/build]   | [INFO] Tests run: 5, Failures: 0, Errors: 0, Skipped: 0, Time elapsed: 0.002 s - in com.thealgorithms.sorts.TreeSortTest
[1d0f13a1-6101-41a5-8a97-2fa456a59cb4/build]   | [INFO] Running com.thealgorithms.sorts.SelectionSortTest
[1d0f13a1-6101-41a5-8a97-2fa456a59cb4/build]   | [INFO] Tests run: 3, Failures: 0, Errors: 0, Skipped: 0, Time elapsed: 0.001 s - in com.thealgorithms.sorts.SelectionSortTest
[1d0f13a1-6101-41a5-8a97-2fa456a59cb4/build]   | [INFO] Running com.thealgorithms.sorts.TimSortTest
[1d0f13a1-6101-41a5-8a97-2fa456a59cb4/build]   | [INFO] Tests run: 16, Failures: 0, Errors: 0, Skipped: 0, Time elapsed: 0.028 s - in com.thealgorithms.sorts.TimSortTest
[1d0f13a1-6101-41a5-8a97-2fa456a59cb4/build]   | [INFO] Running com.thealgorithms.sorts.IntrospectiveSortTest
[1d0f13a1-6101-41a5-8a97-2fa456a59cb4/build]   | [INFO] Tests run: 7, Failures: 0, Errors: 0, Skipped: 0, Time elapsed: 0.001 s - in com.thealgorithms.sorts.IntrospectiveSortTest
[1d0f13a1-6101-41a5-8a97-2fa456a59cb4/build]   | [INFO] Running com.thealgorithms.sorts.QuickSortTest
[1d0f13a1-6101-41a5-8a97-2fa456a59cb4/build]   | [INFO] Tests run: 16, Failures: 0, Errors: 0, Skipped: 0, Time elapsed: 0.015 s - in com.thealgorithms.sorts.QuickSortTest
[1d0f13a1-6101-41a5-8a97-2fa456a59cb4/build]   | [INFO] Running com.thealgorithms.sorts.StrandSortTest
[1d0f13a1-6101-41a5-8a97-2fa456a59cb4/build]   | [INFO] Tests run: 2, Failures: 0, Errors: 0, Skipped: 0, Time elapsed: 0 s - in com.thealgorithms.sorts.StrandSortTest
[1d0f13a1-6101-41a5-8a97-2fa456a59cb4/build]   | [INFO] Running com.thealgorithms.sorts.SlowSortTest
[1d0f13a1-6101-41a5-8a97-2fa456a59cb4/build]   | [INFO] Tests run: 8, Failures: 0, Errors: 0, Skipped: 0, Time elapsed: 0.001 s - in com.thealgorithms.sorts.SlowSortTest
[1d0f13a1-6101-41a5-8a97-2fa456a59cb4/build]   | [INFO] Running com.thealgorithms.sorts.TopologicalSortTest
[1d0f13a1-6101-41a5-8a97-2fa456a59cb4/build]   | [INFO] Tests run: 2, Failures: 0, Errors: 0, Skipped: 0, Time elapsed: 0.005 s - in com.thealgorithms.sorts.TopologicalSortTest
[1d0f13a1-6101-41a5-8a97-2fa456a59cb4/build]   | [INFO] Running com.thealgorithms.sorts.BucketSortTest
[1d0f13a1-6101-41a5-8a97-2fa456a59cb4/build]   | [INFO] Tests run: 5, Failures: 0, Errors: 0, Skipped: 0, Time elapsed: 0.002 s - in com.thealgorithms.sorts.BucketSortTest
[1d0f13a1-6101-41a5-8a97-2fa456a59cb4/build]   | [INFO] Running com.thealgorithms.sorts.CombSortTest
[1d0f13a1-6101-41a5-8a97-2fa456a59cb4/build]   | [INFO] Tests run: 5, Failures: 0, Errors: 0, Skipped: 0, Time elapsed: 0.001 s - in com.thealgorithms.sorts.CombSortTest
[1d0f13a1-6101-41a5-8a97-2fa456a59cb4/build]   | [INFO] Running com.thealgorithms.sorts.DualPivotQuickSortTest
[1d0f13a1-6101-41a5-8a97-2fa456a59cb4/build]   | [INFO] Tests run: 6, Failures: 0, Errors: 0, Skipped: 0, Time elapsed: 0.001 s - in com.thealgorithms.sorts.DualPivotQuickSortTest
[1d0f13a1-6101-41a5-8a97-2fa456a59cb4/build]   | [INFO] Running com.thealgorithms.sorts.InsertionSortTest
[1d0f13a1-6101-41a5-8a97-2fa456a59cb4/build]   | [INFO] Tests run: 7, Failures: 0, Errors: 0, Skipped: 0, Time elapsed: 0.133 s - in com.thealgorithms.sorts.InsertionSortTest
[1d0f13a1-6101-41a5-8a97-2fa456a59cb4/build]   | [INFO] Running com.thealgorithms.sorts.SimpleSortTest
[1d0f13a1-6101-41a5-8a97-2fa456a59cb4/build]   | [INFO] Tests run: 7, Failures: 0, Errors: 0, Skipped: 0, Time elapsed: 0.001 s - in com.thealgorithms.sorts.SimpleSortTest
[1d0f13a1-6101-41a5-8a97-2fa456a59cb4/build]   | [INFO] Running com.thealgorithms.sorts.HeapSortTest
[1d0f13a1-6101-41a5-8a97-2fa456a59cb4/build]   | [INFO] Tests run: 16, Failures: 0, Errors: 0, Skipped: 0, Time elapsed: 0.029 s - in com.thealgorithms.sorts.HeapSortTest
[1d0f13a1-6101-41a5-8a97-2fa456a59cb4/build]   | [INFO] Running com.thealgorithms.sorts.SortUtilsTest
[1d0f13a1-6101-41a5-8a97-2fa456a59cb4/build]   | [INFO] Tests run: 6, Failures: 0, Errors: 0, Skipped: 0, Time elapsed: 0 s - in com.thealgorithms.sorts.SortUtilsTest
[1d0f13a1-6101-41a5-8a97-2fa456a59cb4/build]   | [INFO] Running com.thealgorithms.sorts.OddEvenSortTest
[1d0f13a1-6101-41a5-8a97-2fa456a59cb4/build]   | [INFO] Tests run: 3, Failures: 0, Errors: 0, Skipped: 0, Time elapsed: 0.001 s - in com.thealgorithms.sorts.OddEvenSortTest
[1d0f13a1-6101-41a5-8a97-2fa456a59cb4/build]   | [INFO] Running com.thealgorithms.sorts.ShellSortTest
[1d0f13a1-6101-41a5-8a97-2fa456a59cb4/build]   | [INFO] Tests run: 7, Failures: 0, Errors: 0, Skipped: 0, Time elapsed: 0.001 s - in com.thealgorithms.sorts.ShellSortTest
[1d0f13a1-6101-41a5-8a97-2fa456a59cb4/build]   | [INFO] Running com.thealgorithms.sorts.MergeSortRecursiveTest
[1d0f13a1-6101-41a5-8a97-2fa456a59cb4/build]   | [INFO] Tests run: 2, Failures: 0, Errors: 0, Skipped: 0, Time elapsed: 0.002 s - in com.thealgorithms.sorts.MergeSortRecursiveTest
[1d0f13a1-6101-41a5-8a97-2fa456a59cb4/build]   | [INFO] Running com.thealgorithms.sorts.BeadSortTest
[1d0f13a1-6101-41a5-8a97-2fa456a59cb4/build]   | [INFO] Tests run: 4, Failures: 0, Errors: 0, Skipped: 0, Time elapsed: 0 s - in com.thealgorithms.sorts.BeadSortTest
[1d0f13a1-6101-41a5-8a97-2fa456a59cb4/build]   | [INFO] Running com.thealgorithms.sorts.CocktailShakerSortTest
[1d0f13a1-6101-41a5-8a97-2fa456a59cb4/build]   | [INFO] Tests run: 4, Failures: 0, Errors: 0, Skipped: 0, Time elapsed: 0 s - in com.thealgorithms.sorts.CocktailShakerSortTest
[1d0f13a1-6101-41a5-8a97-2fa456a59cb4/build]   | [INFO] Running com.thealgorithms.sorts.MergeSortTest
[1d0f13a1-6101-41a5-8a97-2fa456a59cb4/build]   | [INFO] Tests run: 16, Failures: 0, Errors: 0, Skipped: 0, Time elapsed: 0.008 s - in com.thealgorithms.sorts.MergeSortTest
[1d0f13a1-6101-41a5-8a97-2fa456a59cb4/build]   | [INFO] Running com.thealgorithms.sorts.DutchNationalFlagSortTest
[1d0f13a1-6101-41a5-8a97-2fa456a59cb4/build]   | [INFO] Tests run: 8, Failures: 0, Errors: 0, Skipped: 0, Time elapsed: 0.001 s - in com.thealgorithms.sorts.DutchNationalFlagSortTest
[1d0f13a1-6101-41a5-8a97-2fa456a59cb4/build]   | [INFO] Running com.thealgorithms.sorts.BogoSortTest
[1d0f13a1-6101-41a5-8a97-2fa456a59cb4/build]   | [INFO] Tests run: 7, Failures: 0, Errors: 0, Skipped: 0, Time elapsed: 0.013 s - in com.thealgorithms.sorts.BogoSortTest
[1d0f13a1-6101-41a5-8a97-2fa456a59cb4/build]   | [INFO] Running com.thealgorithms.sorts.SortUtilsRandomGeneratorTest
[1d0f13a1-6101-41a5-8a97-2fa456a59cb4/build]   | [INFO] Tests run: 2001, Failures: 0, Errors: 0, Skipped: 0, Time elapsed: 0.477 s - in com.thealgorithms.sorts.SortUtilsRandomGeneratorTest
[1d0f13a1-6101-41a5-8a97-2fa456a59cb4/build]   | [INFO] Running com.thealgorithms.backtracking.AllPathsFromSourceToTargetTest
[1d0f13a1-6101-41a5-8a97-2fa456a59cb4/build]   | [INFO] Tests run: 4, Failures: 0, Errors: 0, Skipped: 0, Time elapsed: 0.001 s - in com.thealgorithms.backtracking.AllPathsFromSourceToTargetTest
[1d0f13a1-6101-41a5-8a97-2fa456a59cb4/build]   | [INFO] Running com.thealgorithms.backtracking.MazeRecursionTest
[1d0f13a1-6101-41a5-8a97-2fa456a59cb4/build]   | [INFO] Tests run: 1, Failures: 0, Errors: 0, Skipped: 0, Time elapsed: 0 s - in com.thealgorithms.backtracking.MazeRecursionTest
[1d0f13a1-6101-41a5-8a97-2fa456a59cb4/build]   | [INFO] Running com.thealgorithms.backtracking.CombinationTest
[1d0f13a1-6101-41a5-8a97-2fa456a59cb4/build]   | [INFO] Tests run: 3, Failures: 0, Errors: 0, Skipped: 0, Time elapsed: 0 s - in com.thealgorithms.backtracking.CombinationTest
[1d0f13a1-6101-41a5-8a97-2fa456a59cb4/build]   | [INFO] Running com.thealgorithms.backtracking.ArrayCombinationTest
[1d0f13a1-6101-41a5-8a97-2fa456a59cb4/build]   | [INFO] Tests run: 5, Failures: 0, Errors: 0, Skipped: 0, Time elapsed: 0 s - in com.thealgorithms.backtracking.ArrayCombinationTest
[1d0f13a1-6101-41a5-8a97-2fa456a59cb4/build]   | [INFO] Running com.thealgorithms.backtracking.WordSearchTest
[1d0f13a1-6101-41a5-8a97-2fa456a59cb4/build]   | [INFO] Tests run: 3, Failures: 0, Errors: 0, Skipped: 0, Time elapsed: 0 s - in com.thealgorithms.backtracking.WordSearchTest
[1d0f13a1-6101-41a5-8a97-2fa456a59cb4/build]   | [INFO] Running com.thealgorithms.backtracking.PowerSumTest
[1d0f13a1-6101-41a5-8a97-2fa456a59cb4/build]   | [INFO] Tests run: 3, Failures: 0, Errors: 0, Skipped: 0, Time elapsed: 0 s - in com.thealgorithms.backtracking.PowerSumTest
[1d0f13a1-6101-41a5-8a97-2fa456a59cb4/build]   | [INFO] Running com.thealgorithms.backtracking.FloodFillTest
[1d0f13a1-6101-41a5-8a97-2fa456a59cb4/build]   | [INFO] Tests run: 5, Failures: 0, Errors: 0, Skipped: 0, Time elapsed: 0 s - in com.thealgorithms.backtracking.FloodFillTest
[1d0f13a1-6101-41a5-8a97-2fa456a59cb4/build]   | [INFO] Running com.thealgorithms.backtracking.PermutationTest
[1d0f13a1-6101-41a5-8a97-2fa456a59cb4/build]   | [INFO] Tests run: 3, Failures: 0, Errors: 0, Skipped: 0, Time elapsed: 0 s - in com.thealgorithms.backtracking.PermutationTest
[1d0f13a1-6101-41a5-8a97-2fa456a59cb4/build]   | [INFO] Running com.thealgorithms.conversions.BinaryToOctalTest
[1d0f13a1-6101-41a5-8a97-2fa456a59cb4/build]   | [INFO] Tests run: 1, Failures: 0, Errors: 0, Skipped: 0, Time elapsed: 0 s - in com.thealgorithms.conversions.BinaryToOctalTest
[1d0f13a1-6101-41a5-8a97-2fa456a59cb4/build]   | [INFO] Running com.thealgorithms.conversions.HexToOctTest
[1d0f13a1-6101-41a5-8a97-2fa456a59cb4/build]   | [INFO] Tests run: 1, Failures: 0, Errors: 0, Skipped: 0, Time elapsed: 0 s - in com.thealgorithms.conversions.HexToOctTest
[1d0f13a1-6101-41a5-8a97-2fa456a59cb4/build]   | [INFO] Running com.thealgorithms.conversions.HexaDecimalToDecimalTest
[1d0f13a1-6101-41a5-8a97-2fa456a59cb4/build]   | [INFO] Tests run: 1, Failures: 0, Errors: 0, Skipped: 0, Time elapsed: 0.001 s - in com.thealgorithms.conversions.HexaDecimalToDecimalTest
[1d0f13a1-6101-41a5-8a97-2fa456a59cb4/build]   | [INFO] Running com.thealgorithms.conversions.BinaryToHexadecimalTest
[1d0f13a1-6101-41a5-8a97-2fa456a59cb4/build]   | [INFO] Tests run: 1, Failures: 0, Errors: 0, Skipped: 0, Time elapsed: 0 s - in com.thealgorithms.conversions.BinaryToHexadecimalTest
[1d0f13a1-6101-41a5-8a97-2fa456a59cb4/build]   | [INFO] Running com.thealgorithms.conversions.RomanToIntegerTest
[1d0f13a1-6101-41a5-8a97-2fa456a59cb4/build]   | [INFO] Tests run: 1, Failures: 0, Errors: 0, Skipped: 0, Time elapsed: 0 s - in com.thealgorithms.conversions.RomanToIntegerTest
[1d0f13a1-6101-41a5-8a97-2fa456a59cb4/build]   | [INFO] Running com.thealgorithms.conversions.OctalToHexadecimalTest
[1d0f13a1-6101-41a5-8a97-2fa456a59cb4/build]   | [INFO] Tests run: 1, Failures: 0, Errors: 0, Skipped: 0, Time elapsed: 0 s - in com.thealgorithms.conversions.OctalToHexadecimalTest
[1d0f13a1-6101-41a5-8a97-2fa456a59cb4/build]   | [INFO] Running com.thealgorithms.conversions.HexaDecimalToBinaryTest
[1d0f13a1-6101-41a5-8a97-2fa456a59cb4/build]   | [INFO] Tests run: 1, Failures: 0, Errors: 0, Skipped: 0, Time elapsed: 0 s - in com.thealgorithms.conversions.HexaDecimalToBinaryTest
[1d0f13a1-6101-41a5-8a97-2fa456a59cb4/build]   | [INFO] Running com.thealgorithms.conversions.BinaryToDecimalTest
[1d0f13a1-6101-41a5-8a97-2fa456a59cb4/build]   | [INFO] Tests run: 3, Failures: 0, Errors: 0, Skipped: 0, Time elapsed: 0 s - in com.thealgorithms.conversions.BinaryToDecimalTest
[1d0f13a1-6101-41a5-8a97-2fa456a59cb4/build]   | [INFO] Running com.thealgorithms.conversions.OctalToBinaryTest
[1d0f13a1-6101-41a5-8a97-2fa456a59cb4/build]   | [INFO] Tests run: 1, Failures: 0, Errors: 0, Skipped: 0, Time elapsed: 0 s - in com.thealgorithms.conversions.OctalToBinaryTest
[1d0f13a1-6101-41a5-8a97-2fa456a59cb4/build]   | [INFO] Running com.thealgorithms.conversions.DecimalToHexaDecimalTest
[1d0f13a1-6101-41a5-8a97-2fa456a59cb4/build]   | [INFO] Tests run: 1, Failures: 0, Errors: 0, Skipped: 0, Time elapsed: 0 s - in com.thealgorithms.conversions.DecimalToHexaDecimalTest
[1d0f13a1-6101-41a5-8a97-2fa456a59cb4/build]   | [INFO] Running com.thealgorithms.conversions.OctalToDecimalTest
[1d0f13a1-6101-41a5-8a97-2fa456a59cb4/build]   | [INFO] Tests run: 1, Failures: 0, Errors: 0, Skipped: 0, Time elapsed: 0.001 s - in com.thealgorithms.conversions.OctalToDecimalTest
[1d0f13a1-6101-41a5-8a97-2fa456a59cb4/build]   | [INFO] Running com.thealgorithms.conversions.IntegerToRomanTest
[1d0f13a1-6101-41a5-8a97-2fa456a59cb4/build]   | [INFO] Tests run: 1, Failures: 0, Errors: 0, Skipped: 0, Time elapsed: 0 s - in com.thealgorithms.conversions.IntegerToRomanTest
[1d0f13a1-6101-41a5-8a97-2fa456a59cb4/build]   | [INFO] Running com.thealgorithms.others.LineSweepTest
[1d0f13a1-6101-41a5-8a97-2fa456a59cb4/build]   | [INFO] Tests run: 4, Failures: 0, Errors: 0, Skipped: 0, Time elapsed: 0 s - in com.thealgorithms.others.LineSweepTest
[1d0f13a1-6101-41a5-8a97-2fa456a59cb4/build]   | [INFO] Running com.thealgorithms.others.LowestBasePalindromeTest
[1d0f13a1-6101-41a5-8a97-2fa456a59cb4/build]   | [INFO] Tests run: 7, Failures: 0, Errors: 0, Skipped: 0, Time elapsed: 0 s - in com.thealgorithms.others.LowestBasePalindromeTest
[1d0f13a1-6101-41a5-8a97-2fa456a59cb4/build]   | [INFO] Running com.thealgorithms.others.NewManShanksPrimeTest
[1d0f13a1-6101-41a5-8a97-2fa456a59cb4/build]   | [INFO] Tests run: 8, Failures: 0, Errors: 0, Skipped: 0, Time elapsed: 0 s - in com.thealgorithms.others.NewManShanksPrimeTest
[1d0f13a1-6101-41a5-8a97-2fa456a59cb4/build]   | [INFO] Running com.thealgorithms.others.KadaneAlogrithmTest
[1d0f13a1-6101-41a5-8a97-2fa456a59cb4/build]   | [INFO] Tests run: 8, Failures: 0, Errors: 0, Skipped: 0, Time elapsed: 0 s - in com.thealgorithms.others.KadaneAlogrithmTest
[1d0f13a1-6101-41a5-8a97-2fa456a59cb4/build]   | [INFO] Running com.thealgorithms.others.TestPrintMatrixInSpiralOrder
[1d0f13a1-6101-41a5-8a97-2fa456a59cb4/build]   | [INFO] Tests run: 2, Failures: 0, Errors: 0, Skipped: 0, Time elapsed: 0 s - in com.thealgorithms.others.TestPrintMatrixInSpiralOrder
[1d0f13a1-6101-41a5-8a97-2fa456a59cb4/build]   | [INFO] Running com.thealgorithms.others.FirstFitCPUTest
[1d0f13a1-6101-41a5-8a97-2fa456a59cb4/build]   | [INFO] Tests run: 5, Failures: 0, Errors: 0, Skipped: 0, Time elapsed: 0 s - in com.thealgorithms.others.FirstFitCPUTest
[1d0f13a1-6101-41a5-8a97-2fa456a59cb4/build]   | [INFO] Running com.thealgorithms.others.CRCAlgorithmTest
[1d0f13a1-6101-41a5-8a97-2fa456a59cb4/build]   | [INFO] Tests run: 2, Failures: 0, Errors: 0, Skipped: 0, Time elapsed: 0 s - in com.thealgorithms.others.CRCAlgorithmTest
[1d0f13a1-6101-41a5-8a97-2fa456a59cb4/build]   | [INFO] Running com.thealgorithms.others.BestFitCPUTest
[1d0f13a1-6101-41a5-8a97-2fa456a59cb4/build]   | [INFO] Tests run: 5, Failures: 0, Errors: 0, Skipped: 0, Time elapsed: 0 s - in com.thealgorithms.others.BestFitCPUTest
[1d0f13a1-6101-41a5-8a97-2fa456a59cb4/build]   | [INFO] Running com.thealgorithms.others.CRC16Test
[1d0f13a1-6101-41a5-8a97-2fa456a59cb4/build]   | [INFO] Tests run: 1, Failures: 0, Errors: 0, Skipped: 0, Time elapsed: 0 s - in com.thealgorithms.others.CRC16Test
[1d0f13a1-6101-41a5-8a97-2fa456a59cb4/build]   | [INFO] Running com.thealgorithms.others.PasswordGenTest
[1d0f13a1-6101-41a5-8a97-2fa456a59cb4/build]   | [INFO] Tests run: 4, Failures: 0, Errors: 0, Skipped: 0, Time elapsed: 0 s - in com.thealgorithms.others.PasswordGenTest
[1d0f13a1-6101-41a5-8a97-2fa456a59cb4/build]   | [INFO] Running com.thealgorithms.others.SieveOfEratosthenesTest
[1d0f13a1-6101-41a5-8a97-2fa456a59cb4/build]   | [INFO] Tests run: 6, Failures: 0, Errors: 0, Skipped: 0, Time elapsed: 0 s - in com.thealgorithms.others.SieveOfEratosthenesTest
[1d0f13a1-6101-41a5-8a97-2fa456a59cb4/build]   | [INFO] Running com.thealgorithms.others.CalculateMaxOfMinTest
[1d0f13a1-6101-41a5-8a97-2fa456a59cb4/build]   | [INFO] Tests run: 7, Failures: 0, Errors: 0, Skipped: 0, Time elapsed: 0 s - in com.thealgorithms.others.CalculateMaxOfMinTest
[1d0f13a1-6101-41a5-8a97-2fa456a59cb4/build]   | [INFO] Running com.thealgorithms.others.CountWordsTest
[1d0f13a1-6101-41a5-8a97-2fa456a59cb4/build]   | [INFO] Tests run: 2, Failures: 0, Errors: 0, Skipped: 0, Time elapsed: 0.001 s - in com.thealgorithms.others.CountWordsTest
[1d0f13a1-6101-41a5-8a97-2fa456a59cb4/build]   | [INFO] Running com.thealgorithms.others.cn.HammingDistanceTest
[1d0f13a1-6101-41a5-8a97-2fa456a59cb4/build]   | [INFO] Tests run: 10, Failures: 0, Errors: 0, Skipped: 0, Time elapsed: 0.008 s - in com.thealgorithms.others.cn.HammingDistanceTest
[1d0f13a1-6101-41a5-8a97-2fa456a59cb4/build]   | [INFO] Running com.thealgorithms.others.NextFitCPUTest
[1d0f13a1-6101-41a5-8a97-2fa456a59cb4/build]   | [INFO] Tests run: 5, Failures: 0, Errors: 0, Skipped: 0, Time elapsed: 0 s - in com.thealgorithms.others.NextFitCPUTest
[1d0f13a1-6101-41a5-8a97-2fa456a59cb4/build]   | [INFO] Running com.thealgorithms.others.UniquePathsTests
[1d0f13a1-6101-41a5-8a97-2fa456a59cb4/build]   | [INFO] Tests run: 8, Failures: 0, Errors: 0, Skipped: 0, Time elapsed: 0.001 s - in com.thealgorithms.others.UniquePathsTests
[1d0f13a1-6101-41a5-8a97-2fa456a59cb4/build]   | [INFO] Running com.thealgorithms.others.LinkListSortTest
[1d0f13a1-6101-41a5-8a97-2fa456a59cb4/build]   | [INFO] Tests run: 8, Failures: 0, Errors: 0, Skipped: 0, Time elapsed: 0.004 s - in com.thealgorithms.others.LinkListSortTest
[1d0f13a1-6101-41a5-8a97-2fa456a59cb4/build]   | [INFO] Running com.thealgorithms.others.WorstFitCPUTest
[1d0f13a1-6101-41a5-8a97-2fa456a59cb4/build]   | [INFO] Tests run: 6, Failures: 0, Errors: 0, Skipped: 0, Time elapsed: 0 s - in com.thealgorithms.others.WorstFitCPUTest
[1d0f13a1-6101-41a5-8a97-2fa456a59cb4/build]   | [INFO] Running com.thealgorithms.others.countSetBitsTest
[1d0f13a1-6101-41a5-8a97-2fa456a59cb4/build]   | [INFO] Tests run: 1, Failures: 0, Errors: 0, Skipped: 0, Time elapsed: 0 s - in com.thealgorithms.others.countSetBitsTest
[1d0f13a1-6101-41a5-8a97-2fa456a59cb4/build]   | [INFO] Running com.thealgorithms.others.ArrayLeftRotationTest
[1d0f13a1-6101-41a5-8a97-2fa456a59cb4/build]   | [INFO] Tests run: 5, Failures: 0, Errors: 0, Skipped: 0, Time elapsed: 0.001 s - in com.thealgorithms.others.ArrayLeftRotationTest
[1d0f13a1-6101-41a5-8a97-2fa456a59cb4/build]   | [INFO] Running com.thealgorithms.others.CountCharTest
[1d0f13a1-6101-41a5-8a97-2fa456a59cb4/build]   | [INFO] Tests run: 1, Failures: 0, Errors: 0, Skipped: 0, Time elapsed: 0.001 s - in com.thealgorithms.others.CountCharTest
[1d0f13a1-6101-41a5-8a97-2fa456a59cb4/build]   | [INFO] Running com.thealgorithms.others.TwoPointersTest
[1d0f13a1-6101-41a5-8a97-2fa456a59cb4/build]   | [INFO] Tests run: 5, Failures: 0, Errors: 0, Skipped: 0, Time elapsed: 0.001 s - in com.thealgorithms.others.TwoPointersTest
[1d0f13a1-6101-41a5-8a97-2fa456a59cb4/build]   | [INFO] Running com.thealgorithms.others.ConwayTest
[1d0f13a1-6101-41a5-8a97-2fa456a59cb4/build]   | [INFO] Tests run: 6, Failures: 0, Errors: 0, Skipped: 0, Time elapsed: 0.034 s - in com.thealgorithms.others.ConwayTest
[1d0f13a1-6101-41a5-8a97-2fa456a59cb4/build]   | [INFO] Running com.thealgorithms.others.StackPostfixNotationTest
[1d0f13a1-6101-41a5-8a97-2fa456a59cb4/build]   | [INFO] Tests run: 6, Failures: 0, Errors: 0, Skipped: 0, Time elapsed: 0.019 s - in com.thealgorithms.others.StackPostfixNotationTest
[1d0f13a1-6101-41a5-8a97-2fa456a59cb4/build]   | [INFO] Running com.thealgorithms.others.EulersFunctionTest
[1d0f13a1-6101-41a5-8a97-2fa456a59cb4/build]   | [INFO] Tests run: 2, Failures: 0, Errors: 0, Skipped: 0, Time elapsed: 0.001 s - in com.thealgorithms.others.EulersFunctionTest
[1d0f13a1-6101-41a5-8a97-2fa456a59cb4/build]   | [INFO] Running com.thealgorithms.others.CountFriendsPairingTest
[1d0f13a1-6101-41a5-8a97-2fa456a59cb4/build]   | [INFO] Tests run: 8, Failures: 0, Errors: 0, Skipped: 0, Time elapsed: 0.001 s - in com.thealgorithms.others.CountFriendsPairingTest
[1d0f13a1-6101-41a5-8a97-2fa456a59cb4/build]   | [INFO] Running com.thealgorithms.maths.HeronsFormulaTest
[1d0f13a1-6101-41a5-8a97-2fa456a59cb4/build]   | [INFO] Tests run: 4, Failures: 0, Errors: 0, Skipped: 0, Time elapsed: 0 s - in com.thealgorithms.maths.HeronsFormulaTest
[1d0f13a1-6101-41a5-8a97-2fa456a59cb4/build]   | [INFO] Running com.thealgorithms.maths.SquareFreeIntegerTest
[1d0f13a1-6101-41a5-8a97-2fa456a59cb4/build]   | [INFO] Tests run: 3, Failures: 0, Errors: 0, Skipped: 0, Time elapsed: 0.032 s - in com.thealgorithms.maths.SquareFreeIntegerTest
[1d0f13a1-6101-41a5-8a97-2fa456a59cb4/build]   | [INFO] Running com.thealgorithms.maths.StandardDeviationTest
[1d0f13a1-6101-41a5-8a97-2fa456a59cb4/build]   | [INFO] Tests run: 4, Failures: 0, Errors: 0, Skipped: 0, Time elapsed: 0.001 s - in com.thealgorithms.maths.StandardDeviationTest
[1d0f13a1-6101-41a5-8a97-2fa456a59cb4/build]   | [INFO] Running com.thealgorithms.maths.PrimeFactorizationTest
[1d0f13a1-6101-41a5-8a97-2fa456a59cb4/build]   | [INFO] Tests run: 2, Failures: 0, Errors: 0, Skipped: 0, Time elapsed: 0 s - in com.thealgorithms.maths.PrimeFactorizationTest
[1d0f13a1-6101-41a5-8a97-2fa456a59cb4/build]   | [INFO] Running com.thealgorithms.maths.PrimeCheckTest
[1d0f13a1-6101-41a5-8a97-2fa456a59cb4/build]   | [INFO] Tests run: 7, Failures: 0, Errors: 0, Skipped: 0, Time elapsed: 0 s - in com.thealgorithms.maths.PrimeCheckTest
[1d0f13a1-6101-41a5-8a97-2fa456a59cb4/build]   | [INFO] Running com.thealgorithms.maths.SumOfArithmeticSeriesTest
[1d0f13a1-6101-41a5-8a97-2fa456a59cb4/build]   | [INFO] Tests run: 9, Failures: 0, Errors: 0, Skipped: 0, Time elapsed: 0.001 s - in com.thealgorithms.maths.SumOfArithmeticSeriesTest
[1d0f13a1-6101-41a5-8a97-2fa456a59cb4/build]   | [INFO] Running com.thealgorithms.maths.DudeneyNumberTest
[1d0f13a1-6101-41a5-8a97-2fa456a59cb4/build]   | [INFO] Tests run: 1, Failures: 0, Errors: 0, Skipped: 0, Time elapsed: 0.001 s - in com.thealgorithms.maths.DudeneyNumberTest
[1d0f13a1-6101-41a5-8a97-2fa456a59cb4/build]   | [INFO] Running com.thealgorithms.maths.TestArmstrong
[1d0f13a1-6101-41a5-8a97-2fa456a59cb4/build]   | [INFO] Tests run: 1, Failures: 0, Errors: 0, Skipped: 0, Time elapsed: 0 s - in com.thealgorithms.maths.TestArmstrong
[1d0f13a1-6101-41a5-8a97-2fa456a59cb4/build]   | [INFO] Running com.thealgorithms.maths.DistanceFormulaTest
[1d0f13a1-6101-41a5-8a97-2fa456a59cb4/build]   | [INFO] Tests run: 13, Failures: 0, Errors: 0, Skipped: 0, Time elapsed: 0.001 s - in com.thealgorithms.maths.DistanceFormulaTest
[1d0f13a1-6101-41a5-8a97-2fa456a59cb4/build]   | [INFO] Running com.thealgorithms.maths.KaprekarNumbersTest
[1d0f13a1-6101-41a5-8a97-2fa456a59cb4/build]   | [INFO] Tests run: 9, Failures: 0, Errors: 0, Skipped: 0, Time elapsed: 0.396 s - in com.thealgorithms.maths.KaprekarNumbersTest
[1d0f13a1-6101-41a5-8a97-2fa456a59cb4/build]   | [INFO] Running com.thealgorithms.maths.AbsoluteValueTest
[1d0f13a1-6101-41a5-8a97-2fa456a59cb4/build]   | [INFO] Tests run: 1, Failures: 0, Errors: 0, Skipped: 0, Time elapsed: 0.005 s - in com.thealgorithms.maths.AbsoluteValueTest
[1d0f13a1-6101-41a5-8a97-2fa456a59cb4/build]   | [INFO] Running com.thealgorithms.maths.PerimeterTest
[1d0f13a1-6101-41a5-8a97-2fa456a59cb4/build]   | [INFO] Tests run: 8, Failures: 0, Errors: 0, Skipped: 0, Time elapsed: 0.001 s - in com.thealgorithms.maths.PerimeterTest
[1d0f13a1-6101-41a5-8a97-2fa456a59cb4/build]   | [INFO] Running com.thealgorithms.maths.PalindromeNumberTest
[1d0f13a1-6101-41a5-8a97-2fa456a59cb4/build]   | [INFO] Tests run: 3, Failures: 0, Errors: 0, Skipped: 0, Time elapsed: 0 s - in com.thealgorithms.maths.PalindromeNumberTest
[1d0f13a1-6101-41a5-8a97-2fa456a59cb4/build]   | [INFO] Running com.thealgorithms.maths.ADTFractionTest
[1d0f13a1-6101-41a5-8a97-2fa456a59cb4/build]   | [INFO] Tests run: 7, Failures: 0, Errors: 0, Skipped: 0, Time elapsed: 0.005 s - in com.thealgorithms.maths.ADTFractionTest
[1d0f13a1-6101-41a5-8a97-2fa456a59cb4/build]   | [INFO] Running com.thealgorithms.maths.FindMinTest
[1d0f13a1-6101-41a5-8a97-2fa456a59cb4/build]   | [INFO] Tests run: 5, Failures: 0, Errors: 0, Skipped: 0, Time elapsed: 0.001 s - in com.thealgorithms.maths.FindMinTest
[1d0f13a1-6101-41a5-8a97-2fa456a59cb4/build]   | [INFO] Running com.thealgorithms.maths.AbsoluteMaxTest
[1d0f13a1-6101-41a5-8a97-2fa456a59cb4/build]   | [INFO] Tests run: 2, Failures: 0, Errors: 0, Skipped: 0, Time elapsed: 0 s - in com.thealgorithms.maths.AbsoluteMaxTest
[1d0f13a1-6101-41a5-8a97-2fa456a59cb4/build]   | [INFO] Running com.thealgorithms.maths.AverageTest
[1d0f13a1-6101-41a5-8a97-2fa456a59cb4/build]   | [INFO] Tests run: 4, Failures: 0, Errors: 0, Skipped: 0, Time elapsed: 0.001 s - in com.thealgorithms.maths.AverageTest
[1d0f13a1-6101-41a5-8a97-2fa456a59cb4/build]   | [INFO] Running com.thealgorithms.maths.AbsoluteMinTest
[1d0f13a1-6101-41a5-8a97-2fa456a59cb4/build]   | [INFO] Tests run: 2, Failures: 0, Errors: 0, Skipped: 0, Time elapsed: 0.004 s - in com.thealgorithms.maths.AbsoluteMinTest
[1d0f13a1-6101-41a5-8a97-2fa456a59cb4/build]   | [INFO] Running com.thealgorithms.maths.FindMaxTest
[1d0f13a1-6101-41a5-8a97-2fa456a59cb4/build]   | [INFO] Tests run: 4, Failures: 0, Errors: 0, Skipped: 0, Time elapsed: 0.001 s - in com.thealgorithms.maths.FindMaxTest
[1d0f13a1-6101-41a5-8a97-2fa456a59cb4/build]   | [INFO] Running com.thealgorithms.maths.FFTTest
[1d0f13a1-6101-41a5-8a97-2fa456a59cb4/build]   | [INFO] Tests run: 12, Failures: 0, Errors: 0, Skipped: 0, Time elapsed: 0.002 s - in com.thealgorithms.maths.FFTTest
[1d0f13a1-6101-41a5-8a97-2fa456a59cb4/build]   | [INFO] Running com.thealgorithms.maths.PronicNumberTest
[1d0f13a1-6101-41a5-8a97-2fa456a59cb4/build]   | [INFO] Tests run: 2, Failures: 0, Errors: 0, Skipped: 0, Time elapsed: 0 s - in com.thealgorithms.maths.PronicNumberTest
[1d0f13a1-6101-41a5-8a97-2fa456a59cb4/build]   | [INFO] Running com.thealgorithms.maths.GaussianTest
[1d0f13a1-6101-41a5-8a97-2fa456a59cb4/build]   | [INFO] Tests run: 1, Failures: 0, Errors: 0, Skipped: 0, Time elapsed: 0.001 s - in com.thealgorithms.maths.GaussianTest
[1d0f13a1-6101-41a5-8a97-2fa456a59cb4/build]   | [INFO] Running com.thealgorithms.maths.LucasSeriesTest
[1d0f13a1-6101-41a5-8a97-2fa456a59cb4/build]   | [INFO] Tests run: 4, Failures: 0, Errors: 0, Skipped: 0, Time elapsed: 0 s - in com.thealgorithms.maths.LucasSeriesTest
[1d0f13a1-6101-41a5-8a97-2fa456a59cb4/build]   | [INFO] Running com.thealgorithms.maths.SumOfDigitsTest
[1d0f13a1-6101-41a5-8a97-2fa456a59cb4/build]   | [INFO] Tests run: 3, Failures: 0, Errors: 0, Skipped: 0, Time elapsed: 0.001 s - in com.thealgorithms.maths.SumOfDigitsTest
[1d0f13a1-6101-41a5-8a97-2fa456a59cb4/build]   | [INFO] Running com.thealgorithms.maths.PascalTriangleTest
[1d0f13a1-6101-41a5-8a97-2fa456a59cb4/build]   | [INFO] Tests run: 4, Failures: 0, Errors: 0, Skipped: 0, Time elapsed: 0.001 s - in com.thealgorithms.maths.PascalTriangleTest
[1d0f13a1-6101-41a5-8a97-2fa456a59cb4/build]   | [INFO] Running com.thealgorithms.maths.MedianTest
[1d0f13a1-6101-41a5-8a97-2fa456a59cb4/build]   | [INFO] Tests run: 5, Failures: 0, Errors: 0, Skipped: 0, Time elapsed: 0.001 s - in com.thealgorithms.maths.MedianTest
[1d0f13a1-6101-41a5-8a97-2fa456a59cb4/build]   | [INFO] Running com.thealgorithms.maths.VolumeTest
[1d0f13a1-6101-41a5-8a97-2fa456a59cb4/build]   | [INFO] Tests run: 1, Failures: 0, Errors: 0, Skipped: 0, Time elapsed: 0 s - in com.thealgorithms.maths.VolumeTest
[1d0f13a1-6101-41a5-8a97-2fa456a59cb4/build]   | [INFO] Running com.thealgorithms.maths.FrizzyNumberTest
[1d0f13a1-6101-41a5-8a97-2fa456a59cb4/build]   | [INFO] Tests run: 3, Failures: 0, Errors: 0, Skipped: 0, Time elapsed: 0 s - in com.thealgorithms.maths.FrizzyNumberTest
[1d0f13a1-6101-41a5-8a97-2fa456a59cb4/build]   | [INFO] Running com.thealgorithms.maths.PythagoreanTripleTest
[1d0f13a1-6101-41a5-8a97-2fa456a59cb4/build]   | [INFO] Tests run: 1, Failures: 0, Errors: 0, Skipped: 0, Time elapsed: 0 s - in com.thealgorithms.maths.PythagoreanTripleTest
[1d0f13a1-6101-41a5-8a97-2fa456a59cb4/build]   | [INFO] Running com.thealgorithms.maths.NthUglyNumberTest
[1d0f13a1-6101-41a5-8a97-2fa456a59cb4/build]   | [INFO] Tests run: 6, Failures: 0, Errors: 0, Skipped: 0, Time elapsed: 0.011 s - in com.thealgorithms.maths.NthUglyNumberTest
[1d0f13a1-6101-41a5-8a97-2fa456a59cb4/build]   | [INFO] Running com.thealgorithms.maths.MobiusFunctionTest
[1d0f13a1-6101-41a5-8a97-2fa456a59cb4/build]   | [INFO] Tests run: 3, Failures: 0, Errors: 0, Skipped: 0, Time elapsed: 0.001 s - in com.thealgorithms.maths.MobiusFunctionTest
[1d0f13a1-6101-41a5-8a97-2fa456a59cb4/build]   | [INFO] Running com.thealgorithms.maths.DigitalRootTest
[1d0f13a1-6101-41a5-8a97-2fa456a59cb4/build]   | [INFO] Tests run: 1, Failures: 0, Errors: 0, Skipped: 0, Time elapsed: 0 s - in com.thealgorithms.maths.DigitalRootTest
[1d0f13a1-6101-41a5-8a97-2fa456a59cb4/build]   | [INFO] Running com.thealgorithms.maths.SquareRootwithBabylonianMethodTest
[1d0f13a1-6101-41a5-8a97-2fa456a59cb4/build]   | [INFO] Tests run: 4, Failures: 0, Errors: 0, Skipped: 0, Time elapsed: 0 s - in com.thealgorithms.maths.SquareRootwithBabylonianMethodTest
[1d0f13a1-6101-41a5-8a97-2fa456a59cb4/build]   | [INFO] Running com.thealgorithms.maths.CollatzConjectureTest
[1d0f13a1-6101-41a5-8a97-2fa456a59cb4/build]   | [INFO] Tests run: 4, Failures: 0, Errors: 0, Skipped: 0, Time elapsed: 0.002 s - in com.thealgorithms.maths.CollatzConjectureTest
[1d0f13a1-6101-41a5-8a97-2fa456a59cb4/build]   | [INFO] Running com.thealgorithms.maths.GCDTest
[1d0f13a1-6101-41a5-8a97-2fa456a59cb4/build]   | [INFO] Tests run: 10, Failures: 0, Errors: 0, Skipped: 0, Time elapsed: 0.001 s - in com.thealgorithms.maths.GCDTest
[1d0f13a1-6101-41a5-8a97-2fa456a59cb4/build]   | [INFO] Running com.thealgorithms.maths.CeilTest
[1d0f13a1-6101-41a5-8a97-2fa456a59cb4/build]   | [INFO] Tests run: 1, Failures: 0, Errors: 0, Skipped: 0, Time elapsed: 0 s - in com.thealgorithms.maths.CeilTest
[1d0f13a1-6101-41a5-8a97-2fa456a59cb4/build]   | [INFO] Running com.thealgorithms.maths.LiouvilleLambdaFunctionTest
[1d0f13a1-6101-41a5-8a97-2fa456a59cb4/build]   | [INFO] Tests run: 4, Failures: 0, Errors: 0, Skipped: 0, Time elapsed: 0 s - in com.thealgorithms.maths.LiouvilleLambdaFunctionTest
[1d0f13a1-6101-41a5-8a97-2fa456a59cb4/build]   | [INFO] Running com.thealgorithms.maths.PerfectCubeTest
[1d0f13a1-6101-41a5-8a97-2fa456a59cb4/build]   | [INFO] Tests run: 1, Failures: 0, Errors: 0, Skipped: 0, Time elapsed: 0 s - in com.thealgorithms.maths.PerfectCubeTest
[1d0f13a1-6101-41a5-8a97-2fa456a59cb4/build]   | [INFO] Running com.thealgorithms.maths.AreaTest
[1d0f13a1-6101-41a5-8a97-2fa456a59cb4/build]   | [INFO] Tests run: 12, Failures: 0, Errors: 0, Skipped: 0, Time elapsed: 0.006 s - in com.thealgorithms.maths.AreaTest
[1d0f13a1-6101-41a5-8a97-2fa456a59cb4/build]   | [INFO] Running com.thealgorithms.maths.SumWithoutArithmeticOperatorsTest
[1d0f13a1-6101-41a5-8a97-2fa456a59cb4/build]   | [INFO] Tests run: 5, Failures: 0, Errors: 0, Skipped: 0, Time elapsed: 0 s - in com.thealgorithms.maths.SumWithoutArithmeticOperatorsTest
[1d0f13a1-6101-41a5-8a97-2fa456a59cb4/build]   | [INFO] Running com.thealgorithms.maths.FactorialTest
[1d0f13a1-6101-41a5-8a97-2fa456a59cb4/build]   | [ERROR] Tests run: 2, Failures: 1, Errors: 0, Skipped: 0, Time elapsed: 0.007 s <<< FAILURE! - in com.thealgorithms.maths.FactorialTest
[1d0f13a1-6101-41a5-8a97-2fa456a59cb4/build]   | [ERROR] testWhenInvalidInoutProvidedShouldThrowException  Time elapsed: 0.007 s  <<< FAILURE!
[1d0f13a1-6101-41a5-8a97-2fa456a59cb4/build]   | org.opentest4j.AssertionFailedError: expected: <number is negative> but was: <Input number cannot be negative>
[1d0f13a1-6101-41a5-8a97-2fa456a59cb4/build]   | 	at com.thealgorithms.maths.FactorialTest.testWhenInvalidInoutProvidedShouldThrowException(FactorialTest.java:13)
[1d0f13a1-6101-41a5-8a97-2fa456a59cb4/build]   | 
[1d0f13a1-6101-41a5-8a97-2fa456a59cb4/build]   | [INFO] Running com.thealgorithms.maths.JosephusProblemTest
[1d0f13a1-6101-41a5-8a97-2fa456a59cb4/build]   | [INFO] Tests run: 1, Failures: 0, Errors: 0, Skipped: 0, Time elapsed: 0 s - in com.thealgorithms.maths.JosephusProblemTest
[1d0f13a1-6101-41a5-8a97-2fa456a59cb4/build]   | [INFO] Running com.thealgorithms.maths.LeonardoNumberTest
[1d0f13a1-6101-41a5-8a97-2fa456a59cb4/build]   | [INFO] Tests run: 5, Failures: 0, Errors: 0, Skipped: 0, Time elapsed: 0 s - in com.thealgorithms.maths.LeonardoNumberTest
[1d0f13a1-6101-41a5-8a97-2fa456a59cb4/build]   | [INFO] Running com.thealgorithms.maths.StandardScoreTest
[1d0f13a1-6101-41a5-8a97-2fa456a59cb4/build]   | [INFO] Tests run: 4, Failures: 0, Errors: 0, Skipped: 0, Time elapsed: 0.001 s - in com.thealgorithms.maths.StandardScoreTest
[1d0f13a1-6101-41a5-8a97-2fa456a59cb4/build]   | [INFO] Running com.thealgorithms.maths.ParseIntegerTest
[1d0f13a1-6101-41a5-8a97-2fa456a59cb4/build]   | [INFO] Tests run: 4, Failures: 0, Errors: 0, Skipped: 0, Time elapsed: 0.002 s - in com.thealgorithms.maths.ParseIntegerTest
[1d0f13a1-6101-41a5-8a97-2fa456a59cb4/build]   | [INFO] Running com.thealgorithms.maths.FibonacciNumberCheckTest
[1d0f13a1-6101-41a5-8a97-2fa456a59cb4/build]   | [INFO] Tests run: 2, Failures: 0, Errors: 0, Skipped: 0, Time elapsed: 0 s - in com.thealgorithms.maths.FibonacciNumberCheckTest
[1d0f13a1-6101-41a5-8a97-2fa456a59cb4/build]   | [INFO] Running com.thealgorithms.maths.FastInverseSqrtTests
[1d0f13a1-6101-41a5-8a97-2fa456a59cb4/build]   | [INFO] Tests run: 8, Failures: 0, Errors: 0, Skipped: 0, Time elapsed: 0.001 s - in com.thealgorithms.maths.FastInverseSqrtTests
[1d0f13a1-6101-41a5-8a97-2fa456a59cb4/build]   | [INFO] Running com.thealgorithms.maths.AliquotSumTest
[1d0f13a1-6101-41a5-8a97-2fa456a59cb4/build]   | [INFO] Tests run: 1, Failures: 0, Errors: 0, Skipped: 0, Time elapsed: 0.001 s - in com.thealgorithms.maths.AliquotSumTest
[1d0f13a1-6101-41a5-8a97-2fa456a59cb4/build]   | [INFO] Running com.thealgorithms.maths.PerfectSquareTest
[1d0f13a1-6101-41a5-8a97-2fa456a59cb4/build]   | [INFO] Tests run: 3, Failures: 0, Errors: 0, Skipped: 0, Time elapsed: 0.001 s - in com.thealgorithms.maths.PerfectSquareTest
[1d0f13a1-6101-41a5-8a97-2fa456a59cb4/build]   | [INFO] Running com.thealgorithms.maths.CombinationsTest
[1d0f13a1-6101-41a5-8a97-2fa456a59cb4/build]   | [INFO] Tests run: 2, Failures: 0, Errors: 0, Skipped: 0, Time elapsed: 0 s - in com.thealgorithms.maths.CombinationsTest
[1d0f13a1-6101-41a5-8a97-2fa456a59cb4/build]   | [INFO] Running com.thealgorithms.maths.PollardRhoTest
[1d0f13a1-6101-41a5-8a97-2fa456a59cb4/build]   | [INFO] Tests run: 3, Failures: 0, Errors: 0, Skipped: 0, Time elapsed: 0 s - in com.thealgorithms.maths.PollardRhoTest
[1d0f13a1-6101-41a5-8a97-2fa456a59cb4/build]   | [INFO] Running com.thealgorithms.maths.ArmstrongTest
[1d0f13a1-6101-41a5-8a97-2fa456a59cb4/build]   | [INFO] Tests run: 1, Failures: 0, Errors: 0, Skipped: 0, Time elapsed: 0 s - in com.thealgorithms.maths.ArmstrongTest
[1d0f13a1-6101-41a5-8a97-2fa456a59cb4/build]   | [INFO] Running com.thealgorithms.maths.HarshadNumberTest
[1d0f13a1-6101-41a5-8a97-2fa456a59cb4/build]   | [INFO] Tests run: 1, Failures: 0, Errors: 0, Skipped: 0, Time elapsed: 0 s - in com.thealgorithms.maths.HarshadNumberTest
[1d0f13a1-6101-41a5-8a97-2fa456a59cb4/build]   | [INFO] Running com.thealgorithms.maths.PerfectNumberTest
[1d0f13a1-6101-41a5-8a97-2fa456a59cb4/build]   | [INFO] Tests run: 1, Failures: 0, Errors: 0, Skipped: 0, Time elapsed: 0.173 s - in com.thealgorithms.maths.PerfectNumberTest
[1d0f13a1-6101-41a5-8a97-2fa456a59cb4/build]   | [INFO] Running com.thealgorithms.maths.AutomorphicNumberTest
[1d0f13a1-6101-41a5-8a97-2fa456a59cb4/build]   | [INFO] Tests run: 1, Failures: 0, Errors: 0, Skipped: 0, Time elapsed: 0.003 s - in com.thealgorithms.maths.AutomorphicNumberTest
[1d0f13a1-6101-41a5-8a97-2fa456a59cb4/build]   | [INFO] Running com.thealgorithms.maths.LeastCommonMultipleTest
[1d0f13a1-6101-41a5-8a97-2fa456a59cb4/build]   | [INFO] Tests run: 2, Failures: 0, Errors: 0, Skipped: 0, Time elapsed: 0.001 s - in com.thealgorithms.maths.LeastCommonMultipleTest
[1d0f13a1-6101-41a5-8a97-2fa456a59cb4/build]   | [INFO] Running com.thealgorithms.maths.LongDivisionTest
[1d0f13a1-6101-41a5-8a97-2fa456a59cb4/build]   | [INFO] Tests run: 7, Failures: 0, Errors: 0, Skipped: 0, Time elapsed: 0.001 s - in com.thealgorithms.maths.LongDivisionTest
[1d0f13a1-6101-41a5-8a97-2fa456a59cb4/build]   | [INFO] Running com.thealgorithms.maths.TwinPrimeTest
[1d0f13a1-6101-41a5-8a97-2fa456a59cb4/build]   | [INFO] Tests run: 4, Failures: 0, Errors: 0, Skipped: 0, Time elapsed: 0 s - in com.thealgorithms.maths.TwinPrimeTest
[1d0f13a1-6101-41a5-8a97-2fa456a59cb4/build]   | [INFO] Running com.thealgorithms.maths.BinomialCoefficientTest
[1d0f13a1-6101-41a5-8a97-2fa456a59cb4/build]   | [INFO] Tests run: 1, Failures: 0, Errors: 0, Skipped: 0, Time elapsed: 0 s - in com.thealgorithms.maths.BinomialCoefficientTest
[1d0f13a1-6101-41a5-8a97-2fa456a59cb4/build]   | [INFO] Running com.thealgorithms.maths.AmicableNumberTest
[1d0f13a1-6101-41a5-8a97-2fa456a59cb4/build]   | [INFO] Tests run: 4, Failures: 0, Errors: 0, Skipped: 0, Time elapsed: 26.93 s - in com.thealgorithms.maths.AmicableNumberTest
[1d0f13a1-6101-41a5-8a97-2fa456a59cb4/build]   | [INFO] Running com.thealgorithms.maths.FibonacciJavaStreamsTest
[1d0f13a1-6101-41a5-8a97-2fa456a59cb4/build]   | [INFO] Tests run: 9, Failures: 0, Errors: 0, Skipped: 0, Time elapsed: 0.004 s - in com.thealgorithms.maths.FibonacciJavaStreamsTest
[1d0f13a1-6101-41a5-8a97-2fa456a59cb4/build]   | [INFO] Running com.thealgorithms.maths.BinaryPowTest
[1d0f13a1-6101-41a5-8a97-2fa456a59cb4/build]   | [INFO] Tests run: 1, Failures: 0, Errors: 0, Skipped: 0, Time elapsed: 0 s - in com.thealgorithms.maths.BinaryPowTest
[1d0f13a1-6101-41a5-8a97-2fa456a59cb4/build]   | [INFO] Running com.thealgorithms.maths.ReverseNumberTest
[1d0f13a1-6101-41a5-8a97-2fa456a59cb4/build]   | [INFO] Tests run: 2, Failures: 0, Errors: 0, Skipped: 0, Time elapsed: 0 s - in com.thealgorithms.maths.ReverseNumberTest
[1d0f13a1-6101-41a5-8a97-2fa456a59cb4/build]   | [INFO] 
[1d0f13a1-6101-41a5-8a97-2fa456a59cb4/build]   | [INFO] Results:
[1d0f13a1-6101-41a5-8a97-2fa456a59cb4/build]   | [INFO] 
[1d0f13a1-6101-41a5-8a97-2fa456a59cb4/build]   | [ERROR] Failures: 
[1d0f13a1-6101-41a5-8a97-2fa456a59cb4/build]   | [ERROR]   FactorialTest.testWhenInvalidInoutProvidedShouldThrowException:13 expected: <number is negative> but was: <Input number cannot be negative>
[1d0f13a1-6101-41a5-8a97-2fa456a59cb4/build]   | [INFO] 
[1d0f13a1-6101-41a5-8a97-2fa456a59cb4/build]   | [ERROR] Tests run: 3934, Failures: 1, Errors: 0, Skipped: 0
[1d0f13a1-6101-41a5-8a97-2fa456a59cb4/build]   | [INFO] 
[1d0f13a1-6101-41a5-8a97-2fa456a59cb4/build]   | [INFO] ------------------------------------------------------------------------
[1d0f13a1-6101-41a5-8a97-2fa456a59cb4/build]   | [INFO] BUILD FAILURE
[1d0f13a1-6101-41a5-8a97-2fa456a59cb4/build]   | [INFO] ------------------------------------------------------------------------
[1d0f13a1-6101-41a5-8a97-2fa456a59cb4/build]   | [INFO] Total time:  01:14 min
[1d0f13a1-6101-41a5-8a97-2fa456a59cb4/build]   | [INFO] Finished at: 2023-11-27T02:51:42Z
[1d0f13a1-6101-41a5-8a97-2fa456a59cb4/build]   | [INFO] ------------------------------------------------------------------------
[1d0f13a1-6101-41a5-8a97-2fa456a59cb4/build]   | [ERROR] Failed to execute goal org.apache.maven.plugins:maven-surefire-plugin:2.22.2:test (default-test) on project Java: There are test failures.
[1d0f13a1-6101-41a5-8a97-2fa456a59cb4/build]   | [ERROR] 
[1d0f13a1-6101-41a5-8a97-2fa456a59cb4/build]   | [ERROR] Please refer to /tmp/15a1b9d4-edb6-40f8-99d6-c205bed039ce/target/surefire-reports for the individual test results.
[1d0f13a1-6101-41a5-8a97-2fa456a59cb4/build]   | [ERROR] Please refer to dump files (if any exist) [date].dump, [date]-jvmRun[N].dump and [date].dumpstream.
[1d0f13a1-6101-41a5-8a97-2fa456a59cb4/build]   | [ERROR] -> [Help 1]
[1d0f13a1-6101-41a5-8a97-2fa456a59cb4/build]   | [ERROR] 
[1d0f13a1-6101-41a5-8a97-2fa456a59cb4/build]   | [ERROR] To see the full stack trace of the errors, re-run Maven with the -e switch.
[1d0f13a1-6101-41a5-8a97-2fa456a59cb4/build]   | [ERROR] Re-run Maven using the -X switch to enable full debug logging.
[1d0f13a1-6101-41a5-8a97-2fa456a59cb4/build]   | [ERROR] 
[1d0f13a1-6101-41a5-8a97-2fa456a59cb4/build]   | [ERROR] For more information about the errors and possible solutions, please read the following articles:
[1d0f13a1-6101-41a5-8a97-2fa456a59cb4/build]   | [ERROR] [Help 1] http://cwiki.apache.org/confluence/display/MAVEN/MojoFailureException
[1d0f13a1-6101-41a5-8a97-2fa456a59cb4/build]   ‚ùå  Failure - Main Build with Maven
[1d0f13a1-6101-41a5-8a97-2fa456a59cb4/build] exitcode '1': failure
[1d0f13a1-6101-41a5-8a97-2fa456a59cb4/build] unable to get git ref: failed to identify reference (tag/branch) for the checked-out revision 'cc9afea03634099f464c8115cca5afe21fec2781'
[1d0f13a1-6101-41a5-8a97-2fa456a59cb4/build] unable to get git ref: failed to identify reference (tag/branch) for the checked-out revision 'cc9afea03634099f464c8115cca5afe21fec2781'
[1d0f13a1-6101-41a5-8a97-2fa456a59cb4/build] unable to get git ref: failed to identify reference (tag/branch) for the checked-out revision 'cc9afea03634099f464c8115cca5afe21fec2781'
[1d0f13a1-6101-41a5-8a97-2fa456a59cb4/build] unable to get git ref: failed to identify reference (tag/branch) for the checked-out revision 'cc9afea03634099f464c8115cca5afe21fec2781'
[1d0f13a1-6101-41a5-8a97-2fa456a59cb4/build] unable to get git ref: failed to identify reference (tag/branch) for the checked-out revision 'cc9afea03634099f464c8115cca5afe21fec2781'
[1d0f13a1-6101-41a5-8a97-2fa456a59cb4/build] ‚≠ê Run Post Set up JDK 17
[1d0f13a1-6101-41a5-8a97-2fa456a59cb4/build]   üê≥  docker exec cmd=[node /var/run/act/actions/actions-setup-java@v2/dist/cleanup/index.js] user= workdir=
[1d0f13a1-6101-41a5-8a97-2fa456a59cb4/build]   ‚úÖ  Success - Post Set up JDK 17
[1d0f13a1-6101-41a5-8a97-2fa456a59cb4/build] üèÅ  Job failed
[1d0f13a1-6101-41a5-8a97-2fa456a59cb4/build] unable to get git ref: failed to identify reference (tag/branch) for the checked-out revision 'cc9afea03634099f464c8115cca5afe21fec2781'
