[2f376cdd-3582-43de-b063-8caaffdb91df/build] üöÄ  Start image=gitbugactions:latest
[2f376cdd-3582-43de-b063-8caaffdb91df/build]   üê≥  docker pull image=gitbugactions:latest platform= username= forcePull=false
[2f376cdd-3582-43de-b063-8caaffdb91df/build]   üê≥  docker create image=gitbugactions:latest platform= entrypoint=["tail" "-f" "/dev/null"] cmd=[]
[2f376cdd-3582-43de-b063-8caaffdb91df/build]   üê≥  docker run image=gitbugactions:latest platform= entrypoint=["tail" "-f" "/dev/null"] cmd=[]
[2f376cdd-3582-43de-b063-8caaffdb91df/build]   üê≥  docker exec cmd=[chown -R 1012:1013 /tmp/e3cfa79b-6fcc-412e-a877-3bb0ec01b06b] user=0 workdir=
[2f376cdd-3582-43de-b063-8caaffdb91df/build] unable to get git ref: failed to identify reference (tag/branch) for the checked-out revision '97526078581d438edc5795d43dcd26633eb035c0'
[2f376cdd-3582-43de-b063-8caaffdb91df/build] unable to get git ref: failed to identify reference (tag/branch) for the checked-out revision '97526078581d438edc5795d43dcd26633eb035c0'
[2f376cdd-3582-43de-b063-8caaffdb91df/build] unable to get git ref: failed to identify reference (tag/branch) for the checked-out revision '97526078581d438edc5795d43dcd26633eb035c0'
[2f376cdd-3582-43de-b063-8caaffdb91df/build] unable to get git ref: failed to identify reference (tag/branch) for the checked-out revision '97526078581d438edc5795d43dcd26633eb035c0'
[2f376cdd-3582-43de-b063-8caaffdb91df/build] unable to get git ref: failed to identify reference (tag/branch) for the checked-out revision '97526078581d438edc5795d43dcd26633eb035c0'
[2f376cdd-3582-43de-b063-8caaffdb91df/build] unable to get git ref: failed to identify reference (tag/branch) for the checked-out revision '97526078581d438edc5795d43dcd26633eb035c0'
[2f376cdd-3582-43de-b063-8caaffdb91df/build] unable to get git ref: failed to identify reference (tag/branch) for the checked-out revision '97526078581d438edc5795d43dcd26633eb035c0'
[2f376cdd-3582-43de-b063-8caaffdb91df/build] unable to get git ref: failed to identify reference (tag/branch) for the checked-out revision '97526078581d438edc5795d43dcd26633eb035c0'
[2f376cdd-3582-43de-b063-8caaffdb91df/build] unable to get git ref: failed to identify reference (tag/branch) for the checked-out revision '97526078581d438edc5795d43dcd26633eb035c0'
[2f376cdd-3582-43de-b063-8caaffdb91df/build] ‚≠ê Run Main actions/checkout@v2
[2f376cdd-3582-43de-b063-8caaffdb91df/build] unable to get git ref: failed to identify reference (tag/branch) for the checked-out revision '97526078581d438edc5795d43dcd26633eb035c0'
[2f376cdd-3582-43de-b063-8caaffdb91df/build] unable to get git ref: failed to identify reference (tag/branch) for the checked-out revision '97526078581d438edc5795d43dcd26633eb035c0'
[2f376cdd-3582-43de-b063-8caaffdb91df/build]   üê≥  docker cp src=/tmp/e3cfa79b-6fcc-412e-a877-3bb0ec01b06b/. dst=/tmp/e3cfa79b-6fcc-412e-a877-3bb0ec01b06b
[2f376cdd-3582-43de-b063-8caaffdb91df/build]   üê≥  docker exec cmd=[chown -R 1012:1013 /tmp/e3cfa79b-6fcc-412e-a877-3bb0ec01b06b] user=0 workdir=
[2f376cdd-3582-43de-b063-8caaffdb91df/build]   ‚úÖ  Success - Main actions/checkout@v2
[2f376cdd-3582-43de-b063-8caaffdb91df/build] unable to get git ref: failed to identify reference (tag/branch) for the checked-out revision '97526078581d438edc5795d43dcd26633eb035c0'
[2f376cdd-3582-43de-b063-8caaffdb91df/build] unable to get git ref: failed to identify reference (tag/branch) for the checked-out revision '97526078581d438edc5795d43dcd26633eb035c0'
[2f376cdd-3582-43de-b063-8caaffdb91df/build] unable to get git ref: failed to identify reference (tag/branch) for the checked-out revision '97526078581d438edc5795d43dcd26633eb035c0'
[2f376cdd-3582-43de-b063-8caaffdb91df/build] unable to get git ref: failed to identify reference (tag/branch) for the checked-out revision '97526078581d438edc5795d43dcd26633eb035c0'
[2f376cdd-3582-43de-b063-8caaffdb91df/build] unable to get git ref: failed to identify reference (tag/branch) for the checked-out revision '97526078581d438edc5795d43dcd26633eb035c0'
[2f376cdd-3582-43de-b063-8caaffdb91df/build] ‚≠ê Run Main Set up JDK 11
[2f376cdd-3582-43de-b063-8caaffdb91df/build] unable to get git ref: failed to identify reference (tag/branch) for the checked-out revision '97526078581d438edc5795d43dcd26633eb035c0'
[2f376cdd-3582-43de-b063-8caaffdb91df/build] unable to get git ref: failed to identify reference (tag/branch) for the checked-out revision '97526078581d438edc5795d43dcd26633eb035c0'
[2f376cdd-3582-43de-b063-8caaffdb91df/build] unable to get git ref: failed to identify reference (tag/branch) for the checked-out revision '97526078581d438edc5795d43dcd26633eb035c0'
[2f376cdd-3582-43de-b063-8caaffdb91df/build]   üê≥  docker cp src=/tmp/act-cache/279a65d3-a090-4e2c-aa88-00b40ef5dc4d/act/actions-setup-java@v2/ dst=/var/run/act/actions/actions-setup-java@v2/
[2f376cdd-3582-43de-b063-8caaffdb91df/build]   üê≥  docker exec cmd=[chown -R 1012:1013 /var/run/act/actions/actions-setup-java@v2/] user=0 workdir=
[2f376cdd-3582-43de-b063-8caaffdb91df/build]   üê≥  docker exec cmd=[node /var/run/act/actions/actions-setup-java@v2/dist/setup/index.js] user= workdir=
[2f376cdd-3582-43de-b063-8caaffdb91df/build]   | Trying to resolve the latest version from remote
[2f376cdd-3582-43de-b063-8caaffdb91df/build]   | Resolved latest version as 11.0.21+9
[2f376cdd-3582-43de-b063-8caaffdb91df/build]   | Trying to download...
[2f376cdd-3582-43de-b063-8caaffdb91df/build]   | Downloading Java 11.0.21+9 (Adopt-Hotspot) from https://github.com/adoptium/temurin11-binaries/releases/download/jdk-11.0.21%2B9/OpenJDK11U-jdk_x64_linux_hotspot_11.0.21_9.tar.gz ...
[2f376cdd-3582-43de-b063-8caaffdb91df/build]   üí¨  ::debug::Downloading https://github.com/adoptium/temurin11-binaries/releases/download/jdk-11.0.21%252B9/OpenJDK11U-jdk_x64_linux_hotspot_11.0.21_9.tar.gz
[2f376cdd-3582-43de-b063-8caaffdb91df/build]   üí¨  ::debug::Destination /tmp/5210ec4d-55ec-433a-9fcd-3c897137c3c6
[2f376cdd-3582-43de-b063-8caaffdb91df/build]   üí¨  ::debug::download complete
[2f376cdd-3582-43de-b063-8caaffdb91df/build]   | Extracting Java archive...
[2f376cdd-3582-43de-b063-8caaffdb91df/build]   üí¨  ::debug::Checking tar --version
[2f376cdd-3582-43de-b063-8caaffdb91df/build]   üí¨  ::debug::tar (GNU tar) 1.34%0ACopyright (C) 2021 Free Software Foundation, Inc.%0ALicense GPLv3+: GNU GPL version 3 or later <https://gnu.org/licenses/gpl.html>.%0AThis is free software: you are free to change and redistribute it.%0AThere is NO WARRANTY, to the extent permitted by law.%0A%0AWritten by John Gilmore and Jay Fenlason.
[2f376cdd-3582-43de-b063-8caaffdb91df/build]   | [command]/usr/bin/tar xz --warning=no-unknown-keyword -C /tmp/417a8de8-bb7e-4503-91d0-72d2eec9658a -f /tmp/5210ec4d-55ec-433a-9fcd-3c897137c3c6
[2f376cdd-3582-43de-b063-8caaffdb91df/build]   üí¨  ::debug::Caching tool Java_Adopt_jdk 11.0.21-9 x64
[2f376cdd-3582-43de-b063-8caaffdb91df/build]   üí¨  ::debug::source dir: /tmp/417a8de8-bb7e-4503-91d0-72d2eec9658a/jdk-11.0.21+9
[2f376cdd-3582-43de-b063-8caaffdb91df/build]   üí¨  ::debug::destination /opt/hostedtoolcache/Java_Adopt_jdk/11.0.21-9/x64
[2f376cdd-3582-43de-b063-8caaffdb91df/build]   üí¨  ::debug::finished caching tool
[2f376cdd-3582-43de-b063-8caaffdb91df/build]   | Java 11.0.21+9 was downloaded
[2f376cdd-3582-43de-b063-8caaffdb91df/build]   | Setting Java 11.0.21+9 as the default
[2f376cdd-3582-43de-b063-8caaffdb91df/build]   | 
[2f376cdd-3582-43de-b063-8caaffdb91df/build]   | Java configuration:
[2f376cdd-3582-43de-b063-8caaffdb91df/build]   |   Distribution: adopt
[2f376cdd-3582-43de-b063-8caaffdb91df/build]   |   Version: 11.0.21+9
[2f376cdd-3582-43de-b063-8caaffdb91df/build]   |   Path: /opt/hostedtoolcache/Java_Adopt_jdk/11.0.21-9/x64
[2f376cdd-3582-43de-b063-8caaffdb91df/build]   | 
[2f376cdd-3582-43de-b063-8caaffdb91df/build]   ‚ùì add-matcher /run/act/actions/actions-setup-java@v2/.github/java.json
[2f376cdd-3582-43de-b063-8caaffdb91df/build]   | Creating settings.xml with server-id: github
[2f376cdd-3582-43de-b063-8caaffdb91df/build]   | Writing to /home/runner/.m2/settings.xml
[2f376cdd-3582-43de-b063-8caaffdb91df/build]   ‚úÖ  Success - Main Set up JDK 11
[2f376cdd-3582-43de-b063-8caaffdb91df/build]   ‚öô  ::set-env:: JAVA_HOME=/opt/hostedtoolcache/Java_Adopt_jdk/11.0.21-9/x64
[2f376cdd-3582-43de-b063-8caaffdb91df/build]   ‚öô  ::set-output:: path=/opt/hostedtoolcache/Java_Adopt_jdk/11.0.21-9/x64
[2f376cdd-3582-43de-b063-8caaffdb91df/build]   ‚öô  ::set-output:: version=11.0.21+9
[2f376cdd-3582-43de-b063-8caaffdb91df/build]   ‚öô  ::set-output:: distribution=Adopt-Hotspot
[2f376cdd-3582-43de-b063-8caaffdb91df/build]   ‚öô  ::add-path:: /opt/hostedtoolcache/Java_Adopt_jdk/11.0.21-9/x64/bin
[2f376cdd-3582-43de-b063-8caaffdb91df/build] unable to get git ref: failed to identify reference (tag/branch) for the checked-out revision '97526078581d438edc5795d43dcd26633eb035c0'
[2f376cdd-3582-43de-b063-8caaffdb91df/build] unable to get git ref: failed to identify reference (tag/branch) for the checked-out revision '97526078581d438edc5795d43dcd26633eb035c0'
[2f376cdd-3582-43de-b063-8caaffdb91df/build] unable to get git ref: failed to identify reference (tag/branch) for the checked-out revision '97526078581d438edc5795d43dcd26633eb035c0'
[2f376cdd-3582-43de-b063-8caaffdb91df/build] unable to get git ref: failed to identify reference (tag/branch) for the checked-out revision '97526078581d438edc5795d43dcd26633eb035c0'
[2f376cdd-3582-43de-b063-8caaffdb91df/build] unable to get git ref: failed to identify reference (tag/branch) for the checked-out revision '97526078581d438edc5795d43dcd26633eb035c0'
[2f376cdd-3582-43de-b063-8caaffdb91df/build] ‚≠ê Run Main Build with Maven
[2f376cdd-3582-43de-b063-8caaffdb91df/build] unable to get git ref: failed to identify reference (tag/branch) for the checked-out revision '97526078581d438edc5795d43dcd26633eb035c0'
[2f376cdd-3582-43de-b063-8caaffdb91df/build] unable to get git ref: failed to identify reference (tag/branch) for the checked-out revision '97526078581d438edc5795d43dcd26633eb035c0'
[2f376cdd-3582-43de-b063-8caaffdb91df/build] unable to get git ref: failed to identify reference (tag/branch) for the checked-out revision '97526078581d438edc5795d43dcd26633eb035c0'
[2f376cdd-3582-43de-b063-8caaffdb91df/build] unable to get git ref: failed to identify reference (tag/branch) for the checked-out revision '97526078581d438edc5795d43dcd26633eb035c0'
[2f376cdd-3582-43de-b063-8caaffdb91df/build]   üê≥  docker exec cmd=[bash --noprofile --norc -e -o pipefail /var/run/act/workflow/2] user= workdir=
[2f376cdd-3582-43de-b063-8caaffdb91df/build]   | [INFO] Scanning for projects...
[2f376cdd-3582-43de-b063-8caaffdb91df/build]   | [INFO] 
[2f376cdd-3582-43de-b063-8caaffdb91df/build]   | [INFO] --------------< com.github.bhlangonijr.chesslib:chesslib >--------------
[2f376cdd-3582-43de-b063-8caaffdb91df/build]   | [INFO] Building chesslib 1.3.3
[2f376cdd-3582-43de-b063-8caaffdb91df/build]   | [INFO]   from pom.xml
[2f376cdd-3582-43de-b063-8caaffdb91df/build]   | [INFO] --------------------------------[ jar ]---------------------------------
[2f376cdd-3582-43de-b063-8caaffdb91df/build]   | [INFO] Downloading from central: https://repo.maven.apache.org/maven2/org/apache/maven/plugins/maven-source-plugin/3.2.1/maven-source-plugin-3.2.1.pom
[2f376cdd-3582-43de-b063-8caaffdb91df/build]   | [INFO] Downloaded from central: https://repo.maven.apache.org/maven2/org/apache/maven/plugins/maven-source-plugin/3.2.1/maven-source-plugin-3.2.1.pom (6.9 kB at 31 kB/s)
[2f376cdd-3582-43de-b063-8caaffdb91df/build]   | [INFO] Downloading from central: https://repo.maven.apache.org/maven2/org/apache/maven/plugins/maven-plugins/33/maven-plugins-33.pom
[2f376cdd-3582-43de-b063-8caaffdb91df/build]   | [INFO] Downloaded from central: https://repo.maven.apache.org/maven2/org/apache/maven/plugins/maven-plugins/33/maven-plugins-33.pom (11 kB at 668 kB/s)
[2f376cdd-3582-43de-b063-8caaffdb91df/build]   | [INFO] Downloading from central: https://repo.maven.apache.org/maven2/org/apache/maven/maven-parent/33/maven-parent-33.pom
[2f376cdd-3582-43de-b063-8caaffdb91df/build]   | [INFO] Downloaded from central: https://repo.maven.apache.org/maven2/org/apache/maven/maven-parent/33/maven-parent-33.pom (44 kB at 2.5 MB/s)
[2f376cdd-3582-43de-b063-8caaffdb91df/build]   | [INFO] Downloading from central: https://repo.maven.apache.org/maven2/org/apache/apache/21/apache-21.pom
[2f376cdd-3582-43de-b063-8caaffdb91df/build]   | [INFO] Downloaded from central: https://repo.maven.apache.org/maven2/org/apache/apache/21/apache-21.pom (17 kB at 1.6 MB/s)
[2f376cdd-3582-43de-b063-8caaffdb91df/build]   | [INFO] Downloading from central: https://repo.maven.apache.org/maven2/org/apache/maven/plugins/maven-source-plugin/3.2.1/maven-source-plugin-3.2.1.jar
[2f376cdd-3582-43de-b063-8caaffdb91df/build]   | [INFO] Downloaded from central: https://repo.maven.apache.org/maven2/org/apache/maven/plugins/maven-source-plugin/3.2.1/maven-source-plugin-3.2.1.jar (32 kB at 2.5 MB/s)
[2f376cdd-3582-43de-b063-8caaffdb91df/build]   | [INFO] Downloading from central: https://repo.maven.apache.org/maven2/org/apache/maven/plugins/maven-javadoc-plugin/3.2.0/maven-javadoc-plugin-3.2.0.pom
[2f376cdd-3582-43de-b063-8caaffdb91df/build]   | [INFO] Downloaded from central: https://repo.maven.apache.org/maven2/org/apache/maven/plugins/maven-javadoc-plugin/3.2.0/maven-javadoc-plugin-3.2.0.pom (20 kB at 1.1 MB/s)
[2f376cdd-3582-43de-b063-8caaffdb91df/build]   | [INFO] Downloading from central: https://repo.maven.apache.org/maven2/org/apache/maven/plugins/maven-plugins/34/maven-plugins-34.pom
[2f376cdd-3582-43de-b063-8caaffdb91df/build]   | [INFO] Downloaded from central: https://repo.maven.apache.org/maven2/org/apache/maven/plugins/maven-plugins/34/maven-plugins-34.pom (11 kB at 763 kB/s)
[2f376cdd-3582-43de-b063-8caaffdb91df/build]   | [INFO] Downloading from central: https://repo.maven.apache.org/maven2/org/apache/maven/maven-parent/34/maven-parent-34.pom
[2f376cdd-3582-43de-b063-8caaffdb91df/build]   | [INFO] Downloaded from central: https://repo.maven.apache.org/maven2/org/apache/maven/maven-parent/34/maven-parent-34.pom (43 kB at 4.8 MB/s)
[2f376cdd-3582-43de-b063-8caaffdb91df/build]   | [INFO] Downloading from central: https://repo.maven.apache.org/maven2/org/apache/apache/23/apache-23.pom
[2f376cdd-3582-43de-b063-8caaffdb91df/build]   | [INFO] Downloaded from central: https://repo.maven.apache.org/maven2/org/apache/apache/23/apache-23.pom (18 kB at 1.8 MB/s)
[2f376cdd-3582-43de-b063-8caaffdb91df/build]   | [INFO] Downloading from central: https://repo.maven.apache.org/maven2/org/apache/maven/plugins/maven-javadoc-plugin/3.2.0/maven-javadoc-plugin-3.2.0.jar
[2f376cdd-3582-43de-b063-8caaffdb91df/build]   | [INFO] Downloaded from central: https://repo.maven.apache.org/maven2/org/apache/maven/plugins/maven-javadoc-plugin/3.2.0/maven-javadoc-plugin-3.2.0.jar (492 kB at 18 MB/s)
[2f376cdd-3582-43de-b063-8caaffdb91df/build]   | [INFO] Downloading from central: https://repo.maven.apache.org/maven2/org/apache/maven/plugins/maven-resources-plugin/2.6/maven-resources-plugin-2.6.pom
[2f376cdd-3582-43de-b063-8caaffdb91df/build]   | [INFO] Downloaded from central: https://repo.maven.apache.org/maven2/org/apache/maven/plugins/maven-resources-plugin/2.6/maven-resources-plugin-2.6.pom (8.1 kB at 1.0 MB/s)
[2f376cdd-3582-43de-b063-8caaffdb91df/build]   | [INFO] Downloading from central: https://repo.maven.apache.org/maven2/org/apache/maven/plugins/maven-plugins/23/maven-plugins-23.pom
[2f376cdd-3582-43de-b063-8caaffdb91df/build]   | [INFO] Downloaded from central: https://repo.maven.apache.org/maven2/org/apache/maven/plugins/maven-plugins/23/maven-plugins-23.pom (9.2 kB at 484 kB/s)
[2f376cdd-3582-43de-b063-8caaffdb91df/build]   | [INFO] Downloading from central: https://repo.maven.apache.org/maven2/org/apache/maven/maven-parent/22/maven-parent-22.pom
[2f376cdd-3582-43de-b063-8caaffdb91df/build]   | [INFO] Downloaded from central: https://repo.maven.apache.org/maven2/org/apache/maven/maven-parent/22/maven-parent-22.pom (30 kB at 1.2 MB/s)
[2f376cdd-3582-43de-b063-8caaffdb91df/build]   | [INFO] Downloading from central: https://repo.maven.apache.org/maven2/org/apache/apache/11/apache-11.pom
[2f376cdd-3582-43de-b063-8caaffdb91df/build]   | [INFO] Downloaded from central: https://repo.maven.apache.org/maven2/org/apache/apache/11/apache-11.pom (15 kB at 1.1 MB/s)
[2f376cdd-3582-43de-b063-8caaffdb91df/build]   | [INFO] Downloading from central: https://repo.maven.apache.org/maven2/org/apache/maven/plugins/maven-resources-plugin/2.6/maven-resources-plugin-2.6.jar
[2f376cdd-3582-43de-b063-8caaffdb91df/build]   | [INFO] Downloaded from central: https://repo.maven.apache.org/maven2/org/apache/maven/plugins/maven-resources-plugin/2.6/maven-resources-plugin-2.6.jar (30 kB at 1.7 MB/s)
[2f376cdd-3582-43de-b063-8caaffdb91df/build]   | [INFO] Downloading from central: https://repo.maven.apache.org/maven2/org/apache/maven/plugins/maven-compiler-plugin/3.8.1/maven-compiler-plugin-3.8.1.pom
[2f376cdd-3582-43de-b063-8caaffdb91df/build]   | [INFO] Downloaded from central: https://repo.maven.apache.org/maven2/org/apache/maven/plugins/maven-compiler-plugin/3.8.1/maven-compiler-plugin-3.8.1.pom (12 kB at 624 kB/s)
[2f376cdd-3582-43de-b063-8caaffdb91df/build]   | [INFO] Downloading from central: https://repo.maven.apache.org/maven2/org/apache/maven/plugins/maven-compiler-plugin/3.8.1/maven-compiler-plugin-3.8.1.jar
[2f376cdd-3582-43de-b063-8caaffdb91df/build]   | [INFO] Downloaded from central: https://repo.maven.apache.org/maven2/org/apache/maven/plugins/maven-compiler-plugin/3.8.1/maven-compiler-plugin-3.8.1.jar (62 kB at 4.4 MB/s)
[2f376cdd-3582-43de-b063-8caaffdb91df/build]   | [INFO] Downloading from central: https://repo.maven.apache.org/maven2/org/apache/maven/plugins/maven-surefire-plugin/2.12.4/maven-surefire-plugin-2.12.4.pom
[2f376cdd-3582-43de-b063-8caaffdb91df/build]   | [INFO] Downloaded from central: https://repo.maven.apache.org/maven2/org/apache/maven/plugins/maven-surefire-plugin/2.12.4/maven-surefire-plugin-2.12.4.pom (10 kB at 873 kB/s)
[2f376cdd-3582-43de-b063-8caaffdb91df/build]   | [INFO] Downloading from central: https://repo.maven.apache.org/maven2/org/apache/maven/surefire/surefire/2.12.4/surefire-2.12.4.pom
[2f376cdd-3582-43de-b063-8caaffdb91df/build]   | [INFO] Downloaded from central: https://repo.maven.apache.org/maven2/org/apache/maven/surefire/surefire/2.12.4/surefire-2.12.4.pom (14 kB at 1.4 MB/s)
[2f376cdd-3582-43de-b063-8caaffdb91df/build]   | [INFO] Downloading from central: https://repo.maven.apache.org/maven2/org/apache/maven/plugins/maven-surefire-plugin/2.12.4/maven-surefire-plugin-2.12.4.jar
[2f376cdd-3582-43de-b063-8caaffdb91df/build]   | [INFO] Downloaded from central: https://repo.maven.apache.org/maven2/org/apache/maven/plugins/maven-surefire-plugin/2.12.4/maven-surefire-plugin-2.12.4.jar (30 kB at 1.6 MB/s)
[2f376cdd-3582-43de-b063-8caaffdb91df/build]   | [INFO] Downloading from central: https://repo.maven.apache.org/maven2/org/apache/maven/plugins/maven-jar-plugin/2.4/maven-jar-plugin-2.4.pom
[2f376cdd-3582-43de-b063-8caaffdb91df/build]   | [INFO] Downloaded from central: https://repo.maven.apache.org/maven2/org/apache/maven/plugins/maven-jar-plugin/2.4/maven-jar-plugin-2.4.pom (5.8 kB at 530 kB/s)
[2f376cdd-3582-43de-b063-8caaffdb91df/build]   | [INFO] Downloading from central: https://repo.maven.apache.org/maven2/org/apache/maven/plugins/maven-plugins/22/maven-plugins-22.pom
[2f376cdd-3582-43de-b063-8caaffdb91df/build]   | [INFO] Downloaded from central: https://repo.maven.apache.org/maven2/org/apache/maven/plugins/maven-plugins/22/maven-plugins-22.pom (13 kB at 1.3 MB/s)
[2f376cdd-3582-43de-b063-8caaffdb91df/build]   | [INFO] Downloading from central: https://repo.maven.apache.org/maven2/org/apache/maven/maven-parent/21/maven-parent-21.pom
[2f376cdd-3582-43de-b063-8caaffdb91df/build]   | [INFO] Downloaded from central: https://repo.maven.apache.org/maven2/org/apache/maven/maven-parent/21/maven-parent-21.pom (26 kB at 2.0 MB/s)
[2f376cdd-3582-43de-b063-8caaffdb91df/build]   | [INFO] Downloading from central: https://repo.maven.apache.org/maven2/org/apache/apache/10/apache-10.pom
[2f376cdd-3582-43de-b063-8caaffdb91df/build]   | [INFO] Downloaded from central: https://repo.maven.apache.org/maven2/org/apache/apache/10/apache-10.pom (15 kB at 2.5 MB/s)
[2f376cdd-3582-43de-b063-8caaffdb91df/build]   | [INFO] Downloading from central: https://repo.maven.apache.org/maven2/org/apache/maven/plugins/maven-jar-plugin/2.4/maven-jar-plugin-2.4.jar
[2f376cdd-3582-43de-b063-8caaffdb91df/build]   | [INFO] Downloaded from central: https://repo.maven.apache.org/maven2/org/apache/maven/plugins/maven-jar-plugin/2.4/maven-jar-plugin-2.4.jar (34 kB at 3.4 MB/s)
[2f376cdd-3582-43de-b063-8caaffdb91df/build]   | [INFO] Downloading from central: https://repo.maven.apache.org/maven2/junit/junit/4.13.1/junit-4.13.1.pom
[2f376cdd-3582-43de-b063-8caaffdb91df/build]   | [INFO] Downloaded from central: https://repo.maven.apache.org/maven2/junit/junit/4.13.1/junit-4.13.1.pom (25 kB at 2.3 MB/s)
[2f376cdd-3582-43de-b063-8caaffdb91df/build]   | [INFO] Downloading from central: https://repo.maven.apache.org/maven2/org/hamcrest/hamcrest-core/1.3/hamcrest-core-1.3.pom
[2f376cdd-3582-43de-b063-8caaffdb91df/build]   | [INFO] Downloaded from central: https://repo.maven.apache.org/maven2/org/hamcrest/hamcrest-core/1.3/hamcrest-core-1.3.pom (766 B at 77 kB/s)
[2f376cdd-3582-43de-b063-8caaffdb91df/build]   | [INFO] Downloading from central: https://repo.maven.apache.org/maven2/org/hamcrest/hamcrest-parent/1.3/hamcrest-parent-1.3.pom
[2f376cdd-3582-43de-b063-8caaffdb91df/build]   | [INFO] Downloaded from central: https://repo.maven.apache.org/maven2/org/hamcrest/hamcrest-parent/1.3/hamcrest-parent-1.3.pom (2.0 kB at 246 kB/s)
[2f376cdd-3582-43de-b063-8caaffdb91df/build]   | [INFO] Downloading from central: https://repo.maven.apache.org/maven2/junit/junit/4.13.1/junit-4.13.1.jar
[2f376cdd-3582-43de-b063-8caaffdb91df/build]   | [INFO] Downloading from central: https://repo.maven.apache.org/maven2/org/hamcrest/hamcrest-core/1.3/hamcrest-core-1.3.jar
[2f376cdd-3582-43de-b063-8caaffdb91df/build]   | [INFO] Downloaded from central: https://repo.maven.apache.org/maven2/org/hamcrest/hamcrest-core/1.3/hamcrest-core-1.3.jar (45 kB at 4.1 MB/s)
[2f376cdd-3582-43de-b063-8caaffdb91df/build]   | [INFO] Downloaded from central: https://repo.maven.apache.org/maven2/junit/junit/4.13.1/junit-4.13.1.jar (383 kB at 5.5 MB/s)
[2f376cdd-3582-43de-b063-8caaffdb91df/build]   | [INFO] 
[2f376cdd-3582-43de-b063-8caaffdb91df/build]   | [INFO] --- maven-resources-plugin:2.6:resources (default-resources) @ chesslib ---
[2f376cdd-3582-43de-b063-8caaffdb91df/build]   | [INFO] Downloading from central: https://repo.maven.apache.org/maven2/org/apache/maven/maven-plugin-api/2.0.6/maven-plugin-api-2.0.6.pom
[2f376cdd-3582-43de-b063-8caaffdb91df/build]   | [INFO] Downloaded from central: https://repo.maven.apache.org/maven2/org/apache/maven/maven-plugin-api/2.0.6/maven-plugin-api-2.0.6.pom (1.5 kB at 208 kB/s)
[2f376cdd-3582-43de-b063-8caaffdb91df/build]   | [INFO] Downloading from central: https://repo.maven.apache.org/maven2/org/apache/maven/maven/2.0.6/maven-2.0.6.pom
[2f376cdd-3582-43de-b063-8caaffdb91df/build]   | [INFO] Downloaded from central: https://repo.maven.apache.org/maven2/org/apache/maven/maven/2.0.6/maven-2.0.6.pom (9.0 kB at 1.3 MB/s)
[2f376cdd-3582-43de-b063-8caaffdb91df/build]   | [INFO] Downloading from central: https://repo.maven.apache.org/maven2/org/apache/maven/maven-parent/5/maven-parent-5.pom
[2f376cdd-3582-43de-b063-8caaffdb91df/build]   | [INFO] Downloaded from central: https://repo.maven.apache.org/maven2/org/apache/maven/maven-parent/5/maven-parent-5.pom (15 kB at 1.5 MB/s)
[2f376cdd-3582-43de-b063-8caaffdb91df/build]   | [INFO] Downloading from central: https://repo.maven.apache.org/maven2/org/apache/apache/3/apache-3.pom
[2f376cdd-3582-43de-b063-8caaffdb91df/build]   | [INFO] Downloaded from central: https://repo.maven.apache.org/maven2/org/apache/apache/3/apache-3.pom (3.4 kB at 312 kB/s)
[2f376cdd-3582-43de-b063-8caaffdb91df/build]   | [INFO] Downloading from central: https://repo.maven.apache.org/maven2/org/apache/maven/maven-project/2.0.6/maven-project-2.0.6.pom
[2f376cdd-3582-43de-b063-8caaffdb91df/build]   | [INFO] Downloaded from central: https://repo.maven.apache.org/maven2/org/apache/maven/maven-project/2.0.6/maven-project-2.0.6.pom (2.6 kB at 52 kB/s)
[2f376cdd-3582-43de-b063-8caaffdb91df/build]   | [INFO] Downloading from central: https://repo.maven.apache.org/maven2/org/apache/maven/maven-settings/2.0.6/maven-settings-2.0.6.pom
[2f376cdd-3582-43de-b063-8caaffdb91df/build]   | [INFO] Downloaded from central: https://repo.maven.apache.org/maven2/org/apache/maven/maven-settings/2.0.6/maven-settings-2.0.6.pom (2.0 kB at 200 kB/s)
[2f376cdd-3582-43de-b063-8caaffdb91df/build]   | [INFO] Downloading from central: https://repo.maven.apache.org/maven2/org/apache/maven/maven-model/2.0.6/maven-model-2.0.6.pom
[2f376cdd-3582-43de-b063-8caaffdb91df/build]   | [INFO] Downloaded from central: https://repo.maven.apache.org/maven2/org/apache/maven/maven-model/2.0.6/maven-model-2.0.6.pom (3.0 kB at 305 kB/s)
[2f376cdd-3582-43de-b063-8caaffdb91df/build]   | [INFO] Downloading from central: https://repo.maven.apache.org/maven2/org/codehaus/plexus/plexus-utils/1.4.1/plexus-utils-1.4.1.pom
[2f376cdd-3582-43de-b063-8caaffdb91df/build]   | [INFO] Downloaded from central: https://repo.maven.apache.org/maven2/org/codehaus/plexus/plexus-utils/1.4.1/plexus-utils-1.4.1.pom (1.9 kB at 127 kB/s)
[2f376cdd-3582-43de-b063-8caaffdb91df/build]   | [INFO] Downloading from central: https://repo.maven.apache.org/maven2/org/codehaus/plexus/plexus/1.0.11/plexus-1.0.11.pom
[2f376cdd-3582-43de-b063-8caaffdb91df/build]   | [INFO] Downloaded from central: https://repo.maven.apache.org/maven2/org/codehaus/plexus/plexus/1.0.11/plexus-1.0.11.pom (9.0 kB at 690 kB/s)
[2f376cdd-3582-43de-b063-8caaffdb91df/build]   | [INFO] Downloading from central: https://repo.maven.apache.org/maven2/org/codehaus/plexus/plexus-container-default/1.0-alpha-9-stable-1/plexus-container-default-1.0-alpha-9-stable-1.pom
[2f376cdd-3582-43de-b063-8caaffdb91df/build]   | [INFO] Downloaded from central: https://repo.maven.apache.org/maven2/org/codehaus/plexus/plexus-container-default/1.0-alpha-9-stable-1/plexus-container-default-1.0-alpha-9-stable-1.pom (3.9 kB at 208 kB/s)
[2f376cdd-3582-43de-b063-8caaffdb91df/build]   | [INFO] Downloading from central: https://repo.maven.apache.org/maven2/org/codehaus/plexus/plexus-containers/1.0.3/plexus-containers-1.0.3.pom
[2f376cdd-3582-43de-b063-8caaffdb91df/build]   | [INFO] Downloaded from central: https://repo.maven.apache.org/maven2/org/codehaus/plexus/plexus-containers/1.0.3/plexus-containers-1.0.3.pom (492 B at 29 kB/s)
[2f376cdd-3582-43de-b063-8caaffdb91df/build]   | [INFO] Downloading from central: https://repo.maven.apache.org/maven2/org/codehaus/plexus/plexus/1.0.4/plexus-1.0.4.pom
[2f376cdd-3582-43de-b063-8caaffdb91df/build]   | [INFO] Downloaded from central: https://repo.maven.apache.org/maven2/org/codehaus/plexus/plexus/1.0.4/plexus-1.0.4.pom (5.7 kB at 441 kB/s)
[2f376cdd-3582-43de-b063-8caaffdb91df/build]   | [INFO] Downloading from central: https://repo.maven.apache.org/maven2/junit/junit/3.8.1/junit-3.8.1.pom
[2f376cdd-3582-43de-b063-8caaffdb91df/build]   | [INFO] Downloaded from central: https://repo.maven.apache.org/maven2/junit/junit/3.8.1/junit-3.8.1.pom (998 B at 143 kB/s)
[2f376cdd-3582-43de-b063-8caaffdb91df/build]   | [INFO] Downloading from central: https://repo.maven.apache.org/maven2/org/codehaus/plexus/plexus-utils/1.0.4/plexus-utils-1.0.4.pom
[2f376cdd-3582-43de-b063-8caaffdb91df/build]   | [INFO] Downloaded from central: https://repo.maven.apache.org/maven2/org/codehaus/plexus/plexus-utils/1.0.4/plexus-utils-1.0.4.pom (6.9 kB at 1.1 MB/s)
[2f376cdd-3582-43de-b063-8caaffdb91df/build]   | [INFO] Downloading from central: https://repo.maven.apache.org/maven2/classworlds/classworlds/1.1-alpha-2/classworlds-1.1-alpha-2.pom
[2f376cdd-3582-43de-b063-8caaffdb91df/build]   | [INFO] Downloaded from central: https://repo.maven.apache.org/maven2/classworlds/classworlds/1.1-alpha-2/classworlds-1.1-alpha-2.pom (3.1 kB at 447 kB/s)
[2f376cdd-3582-43de-b063-8caaffdb91df/build]   | [INFO] Downloading from central: https://repo.maven.apache.org/maven2/org/apache/maven/maven-profile/2.0.6/maven-profile-2.0.6.pom
[2f376cdd-3582-43de-b063-8caaffdb91df/build]   | [INFO] Downloaded from central: https://repo.maven.apache.org/maven2/org/apache/maven/maven-profile/2.0.6/maven-profile-2.0.6.pom (2.0 kB at 283 kB/s)
[2f376cdd-3582-43de-b063-8caaffdb91df/build]   | [INFO] Downloading from central: https://repo.maven.apache.org/maven2/org/apache/maven/maven-artifact-manager/2.0.6/maven-artifact-manager-2.0.6.pom
[2f376cdd-3582-43de-b063-8caaffdb91df/build]   | [INFO] Downloaded from central: https://repo.maven.apache.org/maven2/org/apache/maven/maven-artifact-manager/2.0.6/maven-artifact-manager-2.0.6.pom (2.6 kB at 291 kB/s)
[2f376cdd-3582-43de-b063-8caaffdb91df/build]   | [INFO] Downloading from central: https://repo.maven.apache.org/maven2/org/apache/maven/maven-repository-metadata/2.0.6/maven-repository-metadata-2.0.6.pom
[2f376cdd-3582-43de-b063-8caaffdb91df/build]   | [INFO] Downloaded from central: https://repo.maven.apache.org/maven2/org/apache/maven/maven-repository-metadata/2.0.6/maven-repository-metadata-2.0.6.pom (1.9 kB at 92 kB/s)
[2f376cdd-3582-43de-b063-8caaffdb91df/build]   | [INFO] Downloading from central: https://repo.maven.apache.org/maven2/org/apache/maven/maven-artifact/2.0.6/maven-artifact-2.0.6.pom
[2f376cdd-3582-43de-b063-8caaffdb91df/build]   | [INFO] Downloaded from central: https://repo.maven.apache.org/maven2/org/apache/maven/maven-artifact/2.0.6/maven-artifact-2.0.6.pom (1.6 kB at 105 kB/s)
[2f376cdd-3582-43de-b063-8caaffdb91df/build]   | [INFO] Downloading from central: https://repo.maven.apache.org/maven2/org/apache/maven/maven-plugin-registry/2.0.6/maven-plugin-registry-2.0.6.pom
[2f376cdd-3582-43de-b063-8caaffdb91df/build]   | [INFO] Downloaded from central: https://repo.maven.apache.org/maven2/org/apache/maven/maven-plugin-registry/2.0.6/maven-plugin-registry-2.0.6.pom (1.9 kB at 216 kB/s)
[2f376cdd-3582-43de-b063-8caaffdb91df/build]   | [INFO] Downloading from central: https://repo.maven.apache.org/maven2/org/apache/maven/maven-core/2.0.6/maven-core-2.0.6.pom
[2f376cdd-3582-43de-b063-8caaffdb91df/build]   | [INFO] Downloaded from central: https://repo.maven.apache.org/maven2/org/apache/maven/maven-core/2.0.6/maven-core-2.0.6.pom (6.7 kB at 559 kB/s)
[2f376cdd-3582-43de-b063-8caaffdb91df/build]   | [INFO] Downloading from central: https://repo.maven.apache.org/maven2/org/apache/maven/maven-plugin-parameter-documenter/2.0.6/maven-plugin-parameter-documenter-2.0.6.pom
[2f376cdd-3582-43de-b063-8caaffdb91df/build]   | [INFO] Downloaded from central: https://repo.maven.apache.org/maven2/org/apache/maven/maven-plugin-parameter-documenter/2.0.6/maven-plugin-parameter-documenter-2.0.6.pom (1.9 kB at 382 kB/s)
[2f376cdd-3582-43de-b063-8caaffdb91df/build]   | [INFO] Downloading from central: https://repo.maven.apache.org/maven2/org/apache/maven/reporting/maven-reporting-api/2.0.6/maven-reporting-api-2.0.6.pom
[2f376cdd-3582-43de-b063-8caaffdb91df/build]   | [INFO] Downloaded from central: https://repo.maven.apache.org/maven2/org/apache/maven/reporting/maven-reporting-api/2.0.6/maven-reporting-api-2.0.6.pom (1.8 kB at 350 kB/s)
[2f376cdd-3582-43de-b063-8caaffdb91df/build]   | [INFO] Downloading from central: https://repo.maven.apache.org/maven2/org/apache/maven/reporting/maven-reporting/2.0.6/maven-reporting-2.0.6.pom
[2f376cdd-3582-43de-b063-8caaffdb91df/build]   | [INFO] Downloaded from central: https://repo.maven.apache.org/maven2/org/apache/maven/reporting/maven-reporting/2.0.6/maven-reporting-2.0.6.pom (1.4 kB at 85 kB/s)
[2f376cdd-3582-43de-b063-8caaffdb91df/build]   | [INFO] Downloading from central: https://repo.maven.apache.org/maven2/org/apache/maven/doxia/doxia-sink-api/1.0-alpha-7/doxia-sink-api-1.0-alpha-7.pom
[2f376cdd-3582-43de-b063-8caaffdb91df/build]   | [INFO] Downloaded from central: https://repo.maven.apache.org/maven2/org/apache/maven/doxia/doxia-sink-api/1.0-alpha-7/doxia-sink-api-1.0-alpha-7.pom (424 B at 61 kB/s)
[2f376cdd-3582-43de-b063-8caaffdb91df/build]   | [INFO] Downloading from central: https://repo.maven.apache.org/maven2/org/apache/maven/doxia/doxia/1.0-alpha-7/doxia-1.0-alpha-7.pom
[2f376cdd-3582-43de-b063-8caaffdb91df/build]   | [INFO] Downloaded from central: https://repo.maven.apache.org/maven2/org/apache/maven/doxia/doxia/1.0-alpha-7/doxia-1.0-alpha-7.pom (3.9 kB at 559 kB/s)
[2f376cdd-3582-43de-b063-8caaffdb91df/build]   | [INFO] Downloading from central: https://repo.maven.apache.org/maven2/org/apache/maven/maven-error-diagnostics/2.0.6/maven-error-diagnostics-2.0.6.pom
[2f376cdd-3582-43de-b063-8caaffdb91df/build]   | [INFO] Downloaded from central: https://repo.maven.apache.org/maven2/org/apache/maven/maven-error-diagnostics/2.0.6/maven-error-diagnostics-2.0.6.pom (1.7 kB at 243 kB/s)
[2f376cdd-3582-43de-b063-8caaffdb91df/build]   | [INFO] Downloading from central: https://repo.maven.apache.org/maven2/commons-cli/commons-cli/1.0/commons-cli-1.0.pom
[2f376cdd-3582-43de-b063-8caaffdb91df/build]   | [INFO] Downloaded from central: https://repo.maven.apache.org/maven2/commons-cli/commons-cli/1.0/commons-cli-1.0.pom (2.1 kB at 111 kB/s)
[2f376cdd-3582-43de-b063-8caaffdb91df/build]   | [INFO] Downloading from central: https://repo.maven.apache.org/maven2/org/apache/maven/maven-plugin-descriptor/2.0.6/maven-plugin-descriptor-2.0.6.pom
[2f376cdd-3582-43de-b063-8caaffdb91df/build]   | [INFO] Downloaded from central: https://repo.maven.apache.org/maven2/org/apache/maven/maven-plugin-descriptor/2.0.6/maven-plugin-descriptor-2.0.6.pom (2.0 kB at 144 kB/s)
[2f376cdd-3582-43de-b063-8caaffdb91df/build]   | [INFO] Downloading from central: https://repo.maven.apache.org/maven2/org/codehaus/plexus/plexus-interactivity-api/1.0-alpha-4/plexus-interactivity-api-1.0-alpha-4.pom
[2f376cdd-3582-43de-b063-8caaffdb91df/build]   | [INFO] Downloaded from central: https://repo.maven.apache.org/maven2/org/codehaus/plexus/plexus-interactivity-api/1.0-alpha-4/plexus-interactivity-api-1.0-alpha-4.pom (7.1 kB at 886 kB/s)
[2f376cdd-3582-43de-b063-8caaffdb91df/build]   | [INFO] Downloading from central: https://repo.maven.apache.org/maven2/org/apache/maven/maven-monitor/2.0.6/maven-monitor-2.0.6.pom
[2f376cdd-3582-43de-b063-8caaffdb91df/build]   | [INFO] Downloaded from central: https://repo.maven.apache.org/maven2/org/apache/maven/maven-monitor/2.0.6/maven-monitor-2.0.6.pom (1.3 kB at 104 kB/s)
[2f376cdd-3582-43de-b063-8caaffdb91df/build]   | [INFO] Downloading from central: https://repo.maven.apache.org/maven2/classworlds/classworlds/1.1/classworlds-1.1.pom
[2f376cdd-3582-43de-b063-8caaffdb91df/build]   | [INFO] Downloaded from central: https://repo.maven.apache.org/maven2/classworlds/classworlds/1.1/classworlds-1.1.pom (3.3 kB at 554 kB/s)
[2f376cdd-3582-43de-b063-8caaffdb91df/build]   | [INFO] Downloading from central: https://repo.maven.apache.org/maven2/org/codehaus/plexus/plexus-utils/2.0.5/plexus-utils-2.0.5.pom
[2f376cdd-3582-43de-b063-8caaffdb91df/build]   | [INFO] Downloaded from central: https://repo.maven.apache.org/maven2/org/codehaus/plexus/plexus-utils/2.0.5/plexus-utils-2.0.5.pom (3.3 kB at 476 kB/s)
[2f376cdd-3582-43de-b063-8caaffdb91df/build]   | [INFO] Downloading from central: https://repo.maven.apache.org/maven2/org/codehaus/plexus/plexus/2.0.6/plexus-2.0.6.pom
[2f376cdd-3582-43de-b063-8caaffdb91df/build]   | [INFO] Downloaded from central: https://repo.maven.apache.org/maven2/org/codehaus/plexus/plexus/2.0.6/plexus-2.0.6.pom (17 kB at 1.4 MB/s)
[2f376cdd-3582-43de-b063-8caaffdb91df/build]   | [INFO] Downloading from central: https://repo.maven.apache.org/maven2/org/apache/maven/shared/maven-filtering/1.1/maven-filtering-1.1.pom
[2f376cdd-3582-43de-b063-8caaffdb91df/build]   | [INFO] Downloaded from central: https://repo.maven.apache.org/maven2/org/apache/maven/shared/maven-filtering/1.1/maven-filtering-1.1.pom (5.8 kB at 386 kB/s)
[2f376cdd-3582-43de-b063-8caaffdb91df/build]   | [INFO] Downloading from central: https://repo.maven.apache.org/maven2/org/apache/maven/shared/maven-shared-components/17/maven-shared-components-17.pom
[2f376cdd-3582-43de-b063-8caaffdb91df/build]   | [INFO] Downloaded from central: https://repo.maven.apache.org/maven2/org/apache/maven/shared/maven-shared-components/17/maven-shared-components-17.pom (8.7 kB at 1.1 MB/s)
[2f376cdd-3582-43de-b063-8caaffdb91df/build]   | [INFO] Downloading from central: https://repo.maven.apache.org/maven2/org/codehaus/plexus/plexus-utils/1.5.15/plexus-utils-1.5.15.pom
[2f376cdd-3582-43de-b063-8caaffdb91df/build]   | [INFO] Downloaded from central: https://repo.maven.apache.org/maven2/org/codehaus/plexus/plexus-utils/1.5.15/plexus-utils-1.5.15.pom (6.8 kB at 623 kB/s)
[2f376cdd-3582-43de-b063-8caaffdb91df/build]   | [INFO] Downloading from central: https://repo.maven.apache.org/maven2/org/codehaus/plexus/plexus/2.0.2/plexus-2.0.2.pom
[2f376cdd-3582-43de-b063-8caaffdb91df/build]   | [INFO] Downloaded from central: https://repo.maven.apache.org/maven2/org/codehaus/plexus/plexus/2.0.2/plexus-2.0.2.pom (12 kB at 1.9 MB/s)
[2f376cdd-3582-43de-b063-8caaffdb91df/build]   | [INFO] Downloading from central: https://repo.maven.apache.org/maven2/org/codehaus/plexus/plexus-interpolation/1.12/plexus-interpolation-1.12.pom
[2f376cdd-3582-43de-b063-8caaffdb91df/build]   | [INFO] Downloaded from central: https://repo.maven.apache.org/maven2/org/codehaus/plexus/plexus-interpolation/1.12/plexus-interpolation-1.12.pom (889 B at 148 kB/s)
[2f376cdd-3582-43de-b063-8caaffdb91df/build]   | [INFO] Downloading from central: https://repo.maven.apache.org/maven2/org/codehaus/plexus/plexus-components/1.1.14/plexus-components-1.1.14.pom
[2f376cdd-3582-43de-b063-8caaffdb91df/build]   | [INFO] Downloaded from central: https://repo.maven.apache.org/maven2/org/codehaus/plexus/plexus-components/1.1.14/plexus-components-1.1.14.pom (5.8 kB at 487 kB/s)
[2f376cdd-3582-43de-b063-8caaffdb91df/build]   | [INFO] Downloading from central: https://repo.maven.apache.org/maven2/org/sonatype/plexus/plexus-build-api/0.0.4/plexus-build-api-0.0.4.pom
[2f376cdd-3582-43de-b063-8caaffdb91df/build]   | [INFO] Downloaded from central: https://repo.maven.apache.org/maven2/org/sonatype/plexus/plexus-build-api/0.0.4/plexus-build-api-0.0.4.pom (2.9 kB at 477 kB/s)
[2f376cdd-3582-43de-b063-8caaffdb91df/build]   | [INFO] Downloading from central: https://repo.maven.apache.org/maven2/org/sonatype/spice/spice-parent/10/spice-parent-10.pom
[2f376cdd-3582-43de-b063-8caaffdb91df/build]   | [INFO] Downloaded from central: https://repo.maven.apache.org/maven2/org/sonatype/spice/spice-parent/10/spice-parent-10.pom (3.0 kB at 215 kB/s)
[2f376cdd-3582-43de-b063-8caaffdb91df/build]   | [INFO] Downloading from central: https://repo.maven.apache.org/maven2/org/sonatype/forge/forge-parent/3/forge-parent-3.pom
[2f376cdd-3582-43de-b063-8caaffdb91df/build]   | [INFO] Downloaded from central: https://repo.maven.apache.org/maven2/org/sonatype/forge/forge-parent/3/forge-parent-3.pom (5.0 kB at 503 kB/s)
[2f376cdd-3582-43de-b063-8caaffdb91df/build]   | [INFO] Downloading from central: https://repo.maven.apache.org/maven2/org/codehaus/plexus/plexus-utils/1.5.8/plexus-utils-1.5.8.pom
[2f376cdd-3582-43de-b063-8caaffdb91df/build]   | [INFO] Downloaded from central: https://repo.maven.apache.org/maven2/org/codehaus/plexus/plexus-utils/1.5.8/plexus-utils-1.5.8.pom (8.1 kB at 424 kB/s)
[2f376cdd-3582-43de-b063-8caaffdb91df/build]   | [INFO] Downloading from central: https://repo.maven.apache.org/maven2/org/codehaus/plexus/plexus-interpolation/1.13/plexus-interpolation-1.13.pom
[2f376cdd-3582-43de-b063-8caaffdb91df/build]   | [INFO] Downloaded from central: https://repo.maven.apache.org/maven2/org/codehaus/plexus/plexus-interpolation/1.13/plexus-interpolation-1.13.pom (890 B at 68 kB/s)
[2f376cdd-3582-43de-b063-8caaffdb91df/build]   | [INFO] Downloading from central: https://repo.maven.apache.org/maven2/org/codehaus/plexus/plexus-components/1.1.15/plexus-components-1.1.15.pom
[2f376cdd-3582-43de-b063-8caaffdb91df/build]   | [INFO] Downloaded from central: https://repo.maven.apache.org/maven2/org/codehaus/plexus/plexus-components/1.1.15/plexus-components-1.1.15.pom (2.8 kB at 237 kB/s)
[2f376cdd-3582-43de-b063-8caaffdb91df/build]   | [INFO] Downloading from central: https://repo.maven.apache.org/maven2/org/codehaus/plexus/plexus/2.0.3/plexus-2.0.3.pom
[2f376cdd-3582-43de-b063-8caaffdb91df/build]   | [INFO] Downloaded from central: https://repo.maven.apache.org/maven2/org/codehaus/plexus/plexus/2.0.3/plexus-2.0.3.pom (15 kB at 1.7 MB/s)
[2f376cdd-3582-43de-b063-8caaffdb91df/build]   | [INFO] Downloading from central: https://repo.maven.apache.org/maven2/org/apache/maven/maven-plugin-api/2.0.6/maven-plugin-api-2.0.6.jar
[2f376cdd-3582-43de-b063-8caaffdb91df/build]   | [INFO] Downloading from central: https://repo.maven.apache.org/maven2/org/apache/maven/maven-project/2.0.6/maven-project-2.0.6.jar
[2f376cdd-3582-43de-b063-8caaffdb91df/build]   | [INFO] Downloading from central: https://repo.maven.apache.org/maven2/org/apache/maven/maven-profile/2.0.6/maven-profile-2.0.6.jar
[2f376cdd-3582-43de-b063-8caaffdb91df/build]   | [INFO] Downloading from central: https://repo.maven.apache.org/maven2/org/apache/maven/maven-artifact-manager/2.0.6/maven-artifact-manager-2.0.6.jar
[2f376cdd-3582-43de-b063-8caaffdb91df/build]   | [INFO] Downloading from central: https://repo.maven.apache.org/maven2/org/apache/maven/maven-plugin-registry/2.0.6/maven-plugin-registry-2.0.6.jar
[2f376cdd-3582-43de-b063-8caaffdb91df/build]   | [INFO] Downloaded from central: https://repo.maven.apache.org/maven2/org/apache/maven/maven-plugin-registry/2.0.6/maven-plugin-registry-2.0.6.jar (29 kB at 2.6 MB/s)
[2f376cdd-3582-43de-b063-8caaffdb91df/build]   | [INFO] Downloading from central: https://repo.maven.apache.org/maven2/org/apache/maven/maven-core/2.0.6/maven-core-2.0.6.jar
[2f376cdd-3582-43de-b063-8caaffdb91df/build]   | [INFO] Downloaded from central: https://repo.maven.apache.org/maven2/org/apache/maven/maven-plugin-api/2.0.6/maven-plugin-api-2.0.6.jar (13 kB at 756 kB/s)
[2f376cdd-3582-43de-b063-8caaffdb91df/build]   | [INFO] Downloading from central: https://repo.maven.apache.org/maven2/org/apache/maven/maven-plugin-parameter-documenter/2.0.6/maven-plugin-parameter-documenter-2.0.6.jar
[2f376cdd-3582-43de-b063-8caaffdb91df/build]   | [INFO] Downloaded from central: https://repo.maven.apache.org/maven2/org/apache/maven/maven-plugin-parameter-documenter/2.0.6/maven-plugin-parameter-documenter-2.0.6.jar (21 kB at 716 kB/s)
[2f376cdd-3582-43de-b063-8caaffdb91df/build]   | [INFO] Downloading from central: https://repo.maven.apache.org/maven2/org/apache/maven/reporting/maven-reporting-api/2.0.6/maven-reporting-api-2.0.6.jar
[2f376cdd-3582-43de-b063-8caaffdb91df/build]   | [INFO] Downloaded from central: https://repo.maven.apache.org/maven2/org/apache/maven/maven-project/2.0.6/maven-project-2.0.6.jar (116 kB at 3.4 MB/s)
[2f376cdd-3582-43de-b063-8caaffdb91df/build]   | [INFO] Downloading from central: https://repo.maven.apache.org/maven2/org/apache/maven/doxia/doxia-sink-api/1.0-alpha-7/doxia-sink-api-1.0-alpha-7.jar
[2f376cdd-3582-43de-b063-8caaffdb91df/build]   | [INFO] Downloaded from central: https://repo.maven.apache.org/maven2/org/apache/maven/maven-artifact-manager/2.0.6/maven-artifact-manager-2.0.6.jar (57 kB at 1.6 MB/s)
[2f376cdd-3582-43de-b063-8caaffdb91df/build]   | [INFO] Downloading from central: https://repo.maven.apache.org/maven2/org/apache/maven/maven-repository-metadata/2.0.6/maven-repository-metadata-2.0.6.jar
[2f376cdd-3582-43de-b063-8caaffdb91df/build]   | [INFO] Downloaded from central: https://repo.maven.apache.org/maven2/org/apache/maven/reporting/maven-reporting-api/2.0.6/maven-reporting-api-2.0.6.jar (9.9 kB at 269 kB/s)
[2f376cdd-3582-43de-b063-8caaffdb91df/build]   | [INFO] Downloading from central: https://repo.maven.apache.org/maven2/org/apache/maven/maven-error-diagnostics/2.0.6/maven-error-diagnostics-2.0.6.jar
[2f376cdd-3582-43de-b063-8caaffdb91df/build]   | [INFO] Downloaded from central: https://repo.maven.apache.org/maven2/org/apache/maven/maven-core/2.0.6/maven-core-2.0.6.jar (152 kB at 3.9 MB/s)
[2f376cdd-3582-43de-b063-8caaffdb91df/build]   | [INFO] Downloading from central: https://repo.maven.apache.org/maven2/commons-cli/commons-cli/1.0/commons-cli-1.0.jar
[2f376cdd-3582-43de-b063-8caaffdb91df/build]   | [INFO] Downloaded from central: https://repo.maven.apache.org/maven2/org/apache/maven/doxia/doxia-sink-api/1.0-alpha-7/doxia-sink-api-1.0-alpha-7.jar (5.9 kB at 148 kB/s)
[2f376cdd-3582-43de-b063-8caaffdb91df/build]   | [INFO] Downloading from central: https://repo.maven.apache.org/maven2/org/apache/maven/maven-plugin-descriptor/2.0.6/maven-plugin-descriptor-2.0.6.jar
[2f376cdd-3582-43de-b063-8caaffdb91df/build]   | [INFO] Downloaded from central: https://repo.maven.apache.org/maven2/org/apache/maven/maven-profile/2.0.6/maven-profile-2.0.6.jar (35 kB at 678 kB/s)
[2f376cdd-3582-43de-b063-8caaffdb91df/build]   | [INFO] Downloaded from central: https://repo.maven.apache.org/maven2/org/apache/maven/maven-plugin-descriptor/2.0.6/maven-plugin-descriptor-2.0.6.jar (37 kB at 723 kB/s)
[2f376cdd-3582-43de-b063-8caaffdb91df/build]   | [INFO] Downloading from central: https://repo.maven.apache.org/maven2/org/codehaus/plexus/plexus-interactivity-api/1.0-alpha-4/plexus-interactivity-api-1.0-alpha-4.jar
[2f376cdd-3582-43de-b063-8caaffdb91df/build]   | [INFO] Downloading from central: https://repo.maven.apache.org/maven2/classworlds/classworlds/1.1/classworlds-1.1.jar
[2f376cdd-3582-43de-b063-8caaffdb91df/build]   | [INFO] Downloaded from central: https://repo.maven.apache.org/maven2/org/apache/maven/maven-repository-metadata/2.0.6/maven-repository-metadata-2.0.6.jar (24 kB at 462 kB/s)
[2f376cdd-3582-43de-b063-8caaffdb91df/build]   | [INFO] Downloading from central: https://repo.maven.apache.org/maven2/org/apache/maven/maven-artifact/2.0.6/maven-artifact-2.0.6.jar
[2f376cdd-3582-43de-b063-8caaffdb91df/build]   | [INFO] Downloaded from central: https://repo.maven.apache.org/maven2/org/apache/maven/maven-error-diagnostics/2.0.6/maven-error-diagnostics-2.0.6.jar (14 kB at 252 kB/s)
[2f376cdd-3582-43de-b063-8caaffdb91df/build]   | [INFO] Downloading from central: https://repo.maven.apache.org/maven2/org/apache/maven/maven-settings/2.0.6/maven-settings-2.0.6.jar
[2f376cdd-3582-43de-b063-8caaffdb91df/build]   | [INFO] Downloaded from central: https://repo.maven.apache.org/maven2/classworlds/classworlds/1.1/classworlds-1.1.jar (38 kB at 653 kB/s)
[2f376cdd-3582-43de-b063-8caaffdb91df/build]   | [INFO] Downloading from central: https://repo.maven.apache.org/maven2/org/apache/maven/maven-model/2.0.6/maven-model-2.0.6.jar
[2f376cdd-3582-43de-b063-8caaffdb91df/build]   | [INFO] Downloaded from central: https://repo.maven.apache.org/maven2/commons-cli/commons-cli/1.0/commons-cli-1.0.jar (30 kB at 502 kB/s)
[2f376cdd-3582-43de-b063-8caaffdb91df/build]   | [INFO] Downloading from central: https://repo.maven.apache.org/maven2/org/apache/maven/maven-monitor/2.0.6/maven-monitor-2.0.6.jar
[2f376cdd-3582-43de-b063-8caaffdb91df/build]   | [INFO] Downloaded from central: https://repo.maven.apache.org/maven2/org/apache/maven/maven-artifact/2.0.6/maven-artifact-2.0.6.jar (87 kB at 1.4 MB/s)
[2f376cdd-3582-43de-b063-8caaffdb91df/build]   | [INFO] Downloaded from central: https://repo.maven.apache.org/maven2/org/codehaus/plexus/plexus-interactivity-api/1.0-alpha-4/plexus-interactivity-api-1.0-alpha-4.jar (13 kB at 209 kB/s)
[2f376cdd-3582-43de-b063-8caaffdb91df/build]   | [INFO] Downloading from central: https://repo.maven.apache.org/maven2/org/codehaus/plexus/plexus-container-default/1.0-alpha-9-stable-1/plexus-container-default-1.0-alpha-9-stable-1.jar
[2f376cdd-3582-43de-b063-8caaffdb91df/build]   | [INFO] Downloading from central: https://repo.maven.apache.org/maven2/junit/junit/3.8.1/junit-3.8.1.jar
[2f376cdd-3582-43de-b063-8caaffdb91df/build]   | [INFO] Downloaded from central: https://repo.maven.apache.org/maven2/org/apache/maven/maven-settings/2.0.6/maven-settings-2.0.6.jar (49 kB at 767 kB/s)
[2f376cdd-3582-43de-b063-8caaffdb91df/build]   | [INFO] Downloading from central: https://repo.maven.apache.org/maven2/org/codehaus/plexus/plexus-utils/2.0.5/plexus-utils-2.0.5.jar
[2f376cdd-3582-43de-b063-8caaffdb91df/build]   | [INFO] Downloaded from central: https://repo.maven.apache.org/maven2/org/apache/maven/maven-monitor/2.0.6/maven-monitor-2.0.6.jar (10 kB at 155 kB/s)
[2f376cdd-3582-43de-b063-8caaffdb91df/build]   | [INFO] Downloading from central: https://repo.maven.apache.org/maven2/org/apache/maven/shared/maven-filtering/1.1/maven-filtering-1.1.jar
[2f376cdd-3582-43de-b063-8caaffdb91df/build]   | [INFO] Downloaded from central: https://repo.maven.apache.org/maven2/org/apache/maven/maven-model/2.0.6/maven-model-2.0.6.jar (86 kB at 1.1 MB/s)
[2f376cdd-3582-43de-b063-8caaffdb91df/build]   | [INFO] Downloading from central: https://repo.maven.apache.org/maven2/org/sonatype/plexus/plexus-build-api/0.0.4/plexus-build-api-0.0.4.jar
[2f376cdd-3582-43de-b063-8caaffdb91df/build]   | [INFO] Downloaded from central: https://repo.maven.apache.org/maven2/org/apache/maven/shared/maven-filtering/1.1/maven-filtering-1.1.jar (43 kB at 567 kB/s)
[2f376cdd-3582-43de-b063-8caaffdb91df/build]   | [INFO] Downloading from central: https://repo.maven.apache.org/maven2/org/codehaus/plexus/plexus-interpolation/1.13/plexus-interpolation-1.13.jar
[2f376cdd-3582-43de-b063-8caaffdb91df/build]   | [INFO] Downloaded from central: https://repo.maven.apache.org/maven2/org/codehaus/plexus/plexus-utils/2.0.5/plexus-utils-2.0.5.jar (223 kB at 2.8 MB/s)
[2f376cdd-3582-43de-b063-8caaffdb91df/build]   | [INFO] Downloaded from central: https://repo.maven.apache.org/maven2/org/codehaus/plexus/plexus-container-default/1.0-alpha-9-stable-1/plexus-container-default-1.0-alpha-9-stable-1.jar (194 kB at 2.4 MB/s)
[2f376cdd-3582-43de-b063-8caaffdb91df/build]   | [INFO] Downloaded from central: https://repo.maven.apache.org/maven2/junit/junit/3.8.1/junit-3.8.1.jar (121 kB at 1.5 MB/s)
[2f376cdd-3582-43de-b063-8caaffdb91df/build]   | [INFO] Downloaded from central: https://repo.maven.apache.org/maven2/org/sonatype/plexus/plexus-build-api/0.0.4/plexus-build-api-0.0.4.jar (6.8 kB at 81 kB/s)
[2f376cdd-3582-43de-b063-8caaffdb91df/build]   | [INFO] Downloaded from central: https://repo.maven.apache.org/maven2/org/codehaus/plexus/plexus-interpolation/1.13/plexus-interpolation-1.13.jar (61 kB at 686 kB/s)
[2f376cdd-3582-43de-b063-8caaffdb91df/build]   | [INFO] Using 'UTF-8' encoding to copy filtered resources.
[2f376cdd-3582-43de-b063-8caaffdb91df/build]   | [INFO] Copying 1 resource
[2f376cdd-3582-43de-b063-8caaffdb91df/build]   | [INFO] 
[2f376cdd-3582-43de-b063-8caaffdb91df/build]   | [INFO] --- maven-compiler-plugin:3.8.1:compile (default-compile) @ chesslib ---
[2f376cdd-3582-43de-b063-8caaffdb91df/build]   | [INFO] Downloading from central: https://repo.maven.apache.org/maven2/org/apache/maven/maven-plugin-api/3.0/maven-plugin-api-3.0.pom
[2f376cdd-3582-43de-b063-8caaffdb91df/build]   | [INFO] Downloaded from central: https://repo.maven.apache.org/maven2/org/apache/maven/maven-plugin-api/3.0/maven-plugin-api-3.0.pom (2.3 kB at 327 kB/s)
[2f376cdd-3582-43de-b063-8caaffdb91df/build]   | [INFO] Downloading from central: https://repo.maven.apache.org/maven2/org/apache/maven/maven/3.0/maven-3.0.pom
[2f376cdd-3582-43de-b063-8caaffdb91df/build]   | [INFO] Downloaded from central: https://repo.maven.apache.org/maven2/org/apache/maven/maven/3.0/maven-3.0.pom (22 kB at 3.6 MB/s)
[2f376cdd-3582-43de-b063-8caaffdb91df/build]   | [INFO] Downloading from central: https://repo.maven.apache.org/maven2/org/apache/maven/maven-parent/15/maven-parent-15.pom
[2f376cdd-3582-43de-b063-8caaffdb91df/build]   | [INFO] Downloaded from central: https://repo.maven.apache.org/maven2/org/apache/maven/maven-parent/15/maven-parent-15.pom (24 kB at 4.0 MB/s)
[2f376cdd-3582-43de-b063-8caaffdb91df/build]   | [INFO] Downloading from central: https://repo.maven.apache.org/maven2/org/apache/apache/6/apache-6.pom
[2f376cdd-3582-43de-b063-8caaffdb91df/build]   | [INFO] Downloaded from central: https://repo.maven.apache.org/maven2/org/apache/apache/6/apache-6.pom (13 kB at 2.1 MB/s)
[2f376cdd-3582-43de-b063-8caaffdb91df/build]   | [INFO] Downloading from central: https://repo.maven.apache.org/maven2/org/apache/maven/maven-model/3.0/maven-model-3.0.pom
[2f376cdd-3582-43de-b063-8caaffdb91df/build]   | [INFO] Downloaded from central: https://repo.maven.apache.org/maven2/org/apache/maven/maven-model/3.0/maven-model-3.0.pom (3.9 kB at 432 kB/s)
[2f376cdd-3582-43de-b063-8caaffdb91df/build]   | [INFO] Downloading from central: https://repo.maven.apache.org/maven2/org/codehaus/plexus/plexus-utils/2.0.4/plexus-utils-2.0.4.pom
[2f376cdd-3582-43de-b063-8caaffdb91df/build]   | [INFO] Downloaded from central: https://repo.maven.apache.org/maven2/org/codehaus/plexus/plexus-utils/2.0.4/plexus-utils-2.0.4.pom (3.3 kB at 303 kB/s)
[2f376cdd-3582-43de-b063-8caaffdb91df/build]   | [INFO] Downloading from central: https://repo.maven.apache.org/maven2/org/apache/maven/maven-artifact/3.0/maven-artifact-3.0.pom
[2f376cdd-3582-43de-b063-8caaffdb91df/build]   | [INFO] Downloaded from central: https://repo.maven.apache.org/maven2/org/apache/maven/maven-artifact/3.0/maven-artifact-3.0.pom (1.9 kB at 321 kB/s)
[2f376cdd-3582-43de-b063-8caaffdb91df/build]   | [INFO] Downloading from central: https://repo.maven.apache.org/maven2/org/sonatype/sisu/sisu-inject-plexus/1.4.2/sisu-inject-plexus-1.4.2.pom
[2f376cdd-3582-43de-b063-8caaffdb91df/build]   | [INFO] Downloaded from central: https://repo.maven.apache.org/maven2/org/sonatype/sisu/sisu-inject-plexus/1.4.2/sisu-inject-plexus-1.4.2.pom (5.4 kB at 537 kB/s)
[2f376cdd-3582-43de-b063-8caaffdb91df/build]   | [INFO] Downloading from central: https://repo.maven.apache.org/maven2/org/sonatype/sisu/inject/guice-plexus/1.4.2/guice-plexus-1.4.2.pom
[2f376cdd-3582-43de-b063-8caaffdb91df/build]   | [INFO] Downloaded from central: https://repo.maven.apache.org/maven2/org/sonatype/sisu/inject/guice-plexus/1.4.2/guice-plexus-1.4.2.pom (3.1 kB at 521 kB/s)
[2f376cdd-3582-43de-b063-8caaffdb91df/build]   | [INFO] Downloading from central: https://repo.maven.apache.org/maven2/org/sonatype/sisu/inject/guice-bean/1.4.2/guice-bean-1.4.2.pom
[2f376cdd-3582-43de-b063-8caaffdb91df/build]   | [INFO] Downloaded from central: https://repo.maven.apache.org/maven2/org/sonatype/sisu/inject/guice-bean/1.4.2/guice-bean-1.4.2.pom (2.6 kB at 434 kB/s)
[2f376cdd-3582-43de-b063-8caaffdb91df/build]   | [INFO] Downloading from central: https://repo.maven.apache.org/maven2/org/sonatype/sisu/sisu-inject/1.4.2/sisu-inject-1.4.2.pom
[2f376cdd-3582-43de-b063-8caaffdb91df/build]   | [INFO] Downloaded from central: https://repo.maven.apache.org/maven2/org/sonatype/sisu/sisu-inject/1.4.2/sisu-inject-1.4.2.pom (1.2 kB at 208 kB/s)
[2f376cdd-3582-43de-b063-8caaffdb91df/build]   | [INFO] Downloading from central: https://repo.maven.apache.org/maven2/org/sonatype/sisu/sisu-parent/1.4.2/sisu-parent-1.4.2.pom
[2f376cdd-3582-43de-b063-8caaffdb91df/build]   | [INFO] Downloaded from central: https://repo.maven.apache.org/maven2/org/sonatype/sisu/sisu-parent/1.4.2/sisu-parent-1.4.2.pom (7.8 kB at 864 kB/s)
[2f376cdd-3582-43de-b063-8caaffdb91df/build]   | [INFO] Downloading from central: https://repo.maven.apache.org/maven2/org/sonatype/forge/forge-parent/6/forge-parent-6.pom
[2f376cdd-3582-43de-b063-8caaffdb91df/build]   | [INFO] Downloaded from central: https://repo.maven.apache.org/maven2/org/sonatype/forge/forge-parent/6/forge-parent-6.pom (11 kB at 2.2 MB/s)
[2f376cdd-3582-43de-b063-8caaffdb91df/build]   | [INFO] Downloading from central: https://repo.maven.apache.org/maven2/org/codehaus/plexus/plexus-component-annotations/1.7.1/plexus-component-annotations-1.7.1.pom
[2f376cdd-3582-43de-b063-8caaffdb91df/build]   | [INFO] Downloaded from central: https://repo.maven.apache.org/maven2/org/codehaus/plexus/plexus-component-annotations/1.7.1/plexus-component-annotations-1.7.1.pom (770 B at 128 kB/s)
[2f376cdd-3582-43de-b063-8caaffdb91df/build]   | [INFO] Downloading from central: https://repo.maven.apache.org/maven2/org/codehaus/plexus/plexus-containers/1.7.1/plexus-containers-1.7.1.pom
[2f376cdd-3582-43de-b063-8caaffdb91df/build]   | [INFO] Downloaded from central: https://repo.maven.apache.org/maven2/org/codehaus/plexus/plexus-containers/1.7.1/plexus-containers-1.7.1.pom (5.0 kB at 559 kB/s)
[2f376cdd-3582-43de-b063-8caaffdb91df/build]   | [INFO] Downloading from central: https://repo.maven.apache.org/maven2/org/codehaus/plexus/plexus/4.0/plexus-4.0.pom
[2f376cdd-3582-43de-b063-8caaffdb91df/build]   | [INFO] Downloaded from central: https://repo.maven.apache.org/maven2/org/codehaus/plexus/plexus/4.0/plexus-4.0.pom (22 kB at 1.3 MB/s)
[2f376cdd-3582-43de-b063-8caaffdb91df/build]   | [INFO] Downloading from central: https://repo.maven.apache.org/maven2/org/sonatype/forge/forge-parent/10/forge-parent-10.pom
[2f376cdd-3582-43de-b063-8caaffdb91df/build]   | [INFO] Downloaded from central: https://repo.maven.apache.org/maven2/org/sonatype/forge/forge-parent/10/forge-parent-10.pom (14 kB at 1.9 MB/s)
[2f376cdd-3582-43de-b063-8caaffdb91df/build]   | [INFO] Downloading from central: https://repo.maven.apache.org/maven2/org/codehaus/plexus/plexus-classworlds/2.2.3/plexus-classworlds-2.2.3.pom
[2f376cdd-3582-43de-b063-8caaffdb91df/build]   | [INFO] Downloaded from central: https://repo.maven.apache.org/maven2/org/codehaus/plexus/plexus-classworlds/2.2.3/plexus-classworlds-2.2.3.pom (4.0 kB at 666 kB/s)
[2f376cdd-3582-43de-b063-8caaffdb91df/build]   | [INFO] Downloading from central: https://repo.maven.apache.org/maven2/org/sonatype/sisu/sisu-inject-bean/1.4.2/sisu-inject-bean-1.4.2.pom
[2f376cdd-3582-43de-b063-8caaffdb91df/build]   | [INFO] Downloaded from central: https://repo.maven.apache.org/maven2/org/sonatype/sisu/sisu-inject-bean/1.4.2/sisu-inject-bean-1.4.2.pom (5.5 kB at 780 kB/s)
[2f376cdd-3582-43de-b063-8caaffdb91df/build]   | [INFO] Downloading from central: https://repo.maven.apache.org/maven2/org/sonatype/sisu/sisu-guice/2.1.7/sisu-guice-2.1.7.pom
[2f376cdd-3582-43de-b063-8caaffdb91df/build]   | [INFO] Downloaded from central: https://repo.maven.apache.org/maven2/org/sonatype/sisu/sisu-guice/2.1.7/sisu-guice-2.1.7.pom (11 kB at 614 kB/s)
[2f376cdd-3582-43de-b063-8caaffdb91df/build]   | [INFO] Downloading from central: https://repo.maven.apache.org/maven2/org/apache/maven/maven-core/3.0/maven-core-3.0.pom
[2f376cdd-3582-43de-b063-8caaffdb91df/build]   | [INFO] Downloaded from central: https://repo.maven.apache.org/maven2/org/apache/maven/maven-core/3.0/maven-core-3.0.pom (6.6 kB at 829 kB/s)
[2f376cdd-3582-43de-b063-8caaffdb91df/build]   | [INFO] Downloading from central: https://repo.maven.apache.org/maven2/org/apache/maven/maven-settings/3.0/maven-settings-3.0.pom
[2f376cdd-3582-43de-b063-8caaffdb91df/build]   | [INFO] Downloaded from central: https://repo.maven.apache.org/maven2/org/apache/maven/maven-settings/3.0/maven-settings-3.0.pom (1.9 kB at 157 kB/s)
[2f376cdd-3582-43de-b063-8caaffdb91df/build]   | [INFO] Downloading from central: https://repo.maven.apache.org/maven2/org/apache/maven/maven-settings-builder/3.0/maven-settings-builder-3.0.pom
[2f376cdd-3582-43de-b063-8caaffdb91df/build]   | [INFO] Downloaded from central: https://repo.maven.apache.org/maven2/org/apache/maven/maven-settings-builder/3.0/maven-settings-builder-3.0.pom (2.2 kB at 317 kB/s)
[2f376cdd-3582-43de-b063-8caaffdb91df/build]   | [INFO] Downloading from central: https://repo.maven.apache.org/maven2/org/codehaus/plexus/plexus-interpolation/1.14/plexus-interpolation-1.14.pom
[2f376cdd-3582-43de-b063-8caaffdb91df/build]   | [INFO] Downloaded from central: https://repo.maven.apache.org/maven2/org/codehaus/plexus/plexus-interpolation/1.14/plexus-interpolation-1.14.pom (910 B at 130 kB/s)
[2f376cdd-3582-43de-b063-8caaffdb91df/build]   | [INFO] Downloading from central: https://repo.maven.apache.org/maven2/org/codehaus/plexus/plexus-components/1.1.18/plexus-components-1.1.18.pom
[2f376cdd-3582-43de-b063-8caaffdb91df/build]   | [INFO] Downloaded from central: https://repo.maven.apache.org/maven2/org/codehaus/plexus/plexus-components/1.1.18/plexus-components-1.1.18.pom (5.4 kB at 765 kB/s)
[2f376cdd-3582-43de-b063-8caaffdb91df/build]   | [INFO] Downloading from central: https://repo.maven.apache.org/maven2/org/codehaus/plexus/plexus/2.0.7/plexus-2.0.7.pom
[2f376cdd-3582-43de-b063-8caaffdb91df/build]   | [INFO] Downloaded from central: https://repo.maven.apache.org/maven2/org/codehaus/plexus/plexus/2.0.7/plexus-2.0.7.pom (17 kB at 2.2 MB/s)
[2f376cdd-3582-43de-b063-8caaffdb91df/build]   | [INFO] Downloading from central: https://repo.maven.apache.org/maven2/org/sonatype/plexus/plexus-sec-dispatcher/1.3/plexus-sec-dispatcher-1.3.pom
[2f376cdd-3582-43de-b063-8caaffdb91df/build]   | [INFO] Downloaded from central: https://repo.maven.apache.org/maven2/org/sonatype/plexus/plexus-sec-dispatcher/1.3/plexus-sec-dispatcher-1.3.pom (3.0 kB at 370 kB/s)
[2f376cdd-3582-43de-b063-8caaffdb91df/build]   | [INFO] Downloading from central: https://repo.maven.apache.org/maven2/org/sonatype/spice/spice-parent/12/spice-parent-12.pom
[2f376cdd-3582-43de-b063-8caaffdb91df/build]   | [INFO] Downloaded from central: https://repo.maven.apache.org/maven2/org/sonatype/spice/spice-parent/12/spice-parent-12.pom (6.8 kB at 971 kB/s)
[2f376cdd-3582-43de-b063-8caaffdb91df/build]   | [INFO] Downloading from central: https://repo.maven.apache.org/maven2/org/sonatype/forge/forge-parent/4/forge-parent-4.pom
[2f376cdd-3582-43de-b063-8caaffdb91df/build]   | [INFO] Downloaded from central: https://repo.maven.apache.org/maven2/org/sonatype/forge/forge-parent/4/forge-parent-4.pom (8.4 kB at 700 kB/s)
[2f376cdd-3582-43de-b063-8caaffdb91df/build]   | [INFO] Downloading from central: https://repo.maven.apache.org/maven2/org/codehaus/plexus/plexus-utils/1.5.5/plexus-utils-1.5.5.pom
[2f376cdd-3582-43de-b063-8caaffdb91df/build]   | [INFO] Downloaded from central: https://repo.maven.apache.org/maven2/org/codehaus/plexus/plexus-utils/1.5.5/plexus-utils-1.5.5.pom (5.1 kB at 643 kB/s)
[2f376cdd-3582-43de-b063-8caaffdb91df/build]   | [INFO] Downloading from central: https://repo.maven.apache.org/maven2/org/sonatype/plexus/plexus-cipher/1.4/plexus-cipher-1.4.pom
[2f376cdd-3582-43de-b063-8caaffdb91df/build]   | [INFO] Downloaded from central: https://repo.maven.apache.org/maven2/org/sonatype/plexus/plexus-cipher/1.4/plexus-cipher-1.4.pom (2.1 kB at 344 kB/s)
[2f376cdd-3582-43de-b063-8caaffdb91df/build]   | [INFO] Downloading from central: https://repo.maven.apache.org/maven2/org/apache/maven/maven-repository-metadata/3.0/maven-repository-metadata-3.0.pom
[2f376cdd-3582-43de-b063-8caaffdb91df/build]   | [INFO] Downloaded from central: https://repo.maven.apache.org/maven2/org/apache/maven/maven-repository-metadata/3.0/maven-repository-metadata-3.0.pom (1.9 kB at 276 kB/s)
[2f376cdd-3582-43de-b063-8caaffdb91df/build]   | [INFO] Downloading from central: https://repo.maven.apache.org/maven2/org/apache/maven/maven-model-builder/3.0/maven-model-builder-3.0.pom
[2f376cdd-3582-43de-b063-8caaffdb91df/build]   | [INFO] Downloaded from central: https://repo.maven.apache.org/maven2/org/apache/maven/maven-model-builder/3.0/maven-model-builder-3.0.pom (2.2 kB at 374 kB/s)
[2f376cdd-3582-43de-b063-8caaffdb91df/build]   | [INFO] Downloading from central: https://repo.maven.apache.org/maven2/org/apache/maven/maven-aether-provider/3.0/maven-aether-provider-3.0.pom
[2f376cdd-3582-43de-b063-8caaffdb91df/build]   | [INFO] Downloaded from central: https://repo.maven.apache.org/maven2/org/apache/maven/maven-aether-provider/3.0/maven-aether-provider-3.0.pom (2.5 kB at 309 kB/s)
[2f376cdd-3582-43de-b063-8caaffdb91df/build]   | [INFO] Downloading from central: https://repo.maven.apache.org/maven2/org/sonatype/aether/aether-api/1.7/aether-api-1.7.pom
[2f376cdd-3582-43de-b063-8caaffdb91df/build]   | [INFO] Downloaded from central: https://repo.maven.apache.org/maven2/org/sonatype/aether/aether-api/1.7/aether-api-1.7.pom (1.7 kB at 167 kB/s)
[2f376cdd-3582-43de-b063-8caaffdb91df/build]   | [INFO] Downloading from central: https://repo.maven.apache.org/maven2/org/sonatype/aether/aether-parent/1.7/aether-parent-1.7.pom
[2f376cdd-3582-43de-b063-8caaffdb91df/build]   | [INFO] Downloaded from central: https://repo.maven.apache.org/maven2/org/sonatype/aether/aether-parent/1.7/aether-parent-1.7.pom (7.7 kB at 772 kB/s)
[2f376cdd-3582-43de-b063-8caaffdb91df/build]   | [INFO] Downloading from central: https://repo.maven.apache.org/maven2/org/sonatype/aether/aether-util/1.7/aether-util-1.7.pom
[2f376cdd-3582-43de-b063-8caaffdb91df/build]   | [INFO] Downloaded from central: https://repo.maven.apache.org/maven2/org/sonatype/aether/aether-util/1.7/aether-util-1.7.pom (2.1 kB at 206 kB/s)
[2f376cdd-3582-43de-b063-8caaffdb91df/build]   | [INFO] Downloading from central: https://repo.maven.apache.org/maven2/org/sonatype/aether/aether-impl/1.7/aether-impl-1.7.pom
[2f376cdd-3582-43de-b063-8caaffdb91df/build]   | [INFO] Downloaded from central: https://repo.maven.apache.org/maven2/org/sonatype/aether/aether-impl/1.7/aether-impl-1.7.pom (3.7 kB at 616 kB/s)
[2f376cdd-3582-43de-b063-8caaffdb91df/build]   | [INFO] Downloading from central: https://repo.maven.apache.org/maven2/org/sonatype/aether/aether-spi/1.7/aether-spi-1.7.pom
[2f376cdd-3582-43de-b063-8caaffdb91df/build]   | [INFO] Downloaded from central: https://repo.maven.apache.org/maven2/org/sonatype/aether/aether-spi/1.7/aether-spi-1.7.pom (1.7 kB at 174 kB/s)
[2f376cdd-3582-43de-b063-8caaffdb91df/build]   | [INFO] Downloading from central: https://repo.maven.apache.org/maven2/org/apache/maven/shared/maven-shared-utils/3.2.1/maven-shared-utils-3.2.1.pom
[2f376cdd-3582-43de-b063-8caaffdb91df/build]   | [INFO] Downloaded from central: https://repo.maven.apache.org/maven2/org/apache/maven/shared/maven-shared-utils/3.2.1/maven-shared-utils-3.2.1.pom (5.6 kB at 626 kB/s)
[2f376cdd-3582-43de-b063-8caaffdb91df/build]   | [INFO] Downloading from central: https://repo.maven.apache.org/maven2/org/apache/maven/shared/maven-shared-components/30/maven-shared-components-30.pom
[2f376cdd-3582-43de-b063-8caaffdb91df/build]   | [INFO] Downloaded from central: https://repo.maven.apache.org/maven2/org/apache/maven/shared/maven-shared-components/30/maven-shared-components-30.pom (4.6 kB at 764 kB/s)
[2f376cdd-3582-43de-b063-8caaffdb91df/build]   | [INFO] Downloading from central: https://repo.maven.apache.org/maven2/org/apache/maven/maven-parent/30/maven-parent-30.pom
[2f376cdd-3582-43de-b063-8caaffdb91df/build]   | [INFO] Downloaded from central: https://repo.maven.apache.org/maven2/org/apache/maven/maven-parent/30/maven-parent-30.pom (41 kB at 5.9 MB/s)
[2f376cdd-3582-43de-b063-8caaffdb91df/build]   | [INFO] Downloading from central: https://repo.maven.apache.org/maven2/org/apache/apache/18/apache-18.pom
[2f376cdd-3582-43de-b063-8caaffdb91df/build]   | [INFO] Downloaded from central: https://repo.maven.apache.org/maven2/org/apache/apache/18/apache-18.pom (16 kB at 2.6 MB/s)
[2f376cdd-3582-43de-b063-8caaffdb91df/build]   | [INFO] Downloading from central: https://repo.maven.apache.org/maven2/commons-io/commons-io/2.5/commons-io-2.5.pom
[2f376cdd-3582-43de-b063-8caaffdb91df/build]   | [INFO] Downloaded from central: https://repo.maven.apache.org/maven2/commons-io/commons-io/2.5/commons-io-2.5.pom (13 kB at 1.9 MB/s)
[2f376cdd-3582-43de-b063-8caaffdb91df/build]   | [INFO] Downloading from central: https://repo.maven.apache.org/maven2/org/apache/commons/commons-parent/39/commons-parent-39.pom
[2f376cdd-3582-43de-b063-8caaffdb91df/build]   | [INFO] Downloaded from central: https://repo.maven.apache.org/maven2/org/apache/commons/commons-parent/39/commons-parent-39.pom (62 kB at 6.2 MB/s)
[2f376cdd-3582-43de-b063-8caaffdb91df/build]   | [INFO] Downloading from central: https://repo.maven.apache.org/maven2/org/apache/apache/16/apache-16.pom
[2f376cdd-3582-43de-b063-8caaffdb91df/build]   | [INFO] Downloaded from central: https://repo.maven.apache.org/maven2/org/apache/apache/16/apache-16.pom (15 kB at 2.6 MB/s)
[2f376cdd-3582-43de-b063-8caaffdb91df/build]   | [INFO] Downloading from central: https://repo.maven.apache.org/maven2/org/apache/maven/shared/maven-shared-incremental/1.1/maven-shared-incremental-1.1.pom
[2f376cdd-3582-43de-b063-8caaffdb91df/build]   | [INFO] Downloaded from central: https://repo.maven.apache.org/maven2/org/apache/maven/shared/maven-shared-incremental/1.1/maven-shared-incremental-1.1.pom (4.7 kB at 948 kB/s)
[2f376cdd-3582-43de-b063-8caaffdb91df/build]   | [INFO] Downloading from central: https://repo.maven.apache.org/maven2/org/apache/maven/shared/maven-shared-components/19/maven-shared-components-19.pom
[2f376cdd-3582-43de-b063-8caaffdb91df/build]   | [INFO] Downloaded from central: https://repo.maven.apache.org/maven2/org/apache/maven/shared/maven-shared-components/19/maven-shared-components-19.pom (6.4 kB at 1.6 MB/s)
[2f376cdd-3582-43de-b063-8caaffdb91df/build]   | [INFO] Downloading from central: https://repo.maven.apache.org/maven2/org/apache/maven/maven-parent/23/maven-parent-23.pom
[2f376cdd-3582-43de-b063-8caaffdb91df/build]   | [INFO] Downloaded from central: https://repo.maven.apache.org/maven2/org/apache/maven/maven-parent/23/maven-parent-23.pom (33 kB at 4.7 MB/s)
[2f376cdd-3582-43de-b063-8caaffdb91df/build]   | [INFO] Downloading from central: https://repo.maven.apache.org/maven2/org/apache/apache/13/apache-13.pom
[2f376cdd-3582-43de-b063-8caaffdb91df/build]   | [INFO] Downloaded from central: https://repo.maven.apache.org/maven2/org/apache/apache/13/apache-13.pom (14 kB at 2.3 MB/s)
[2f376cdd-3582-43de-b063-8caaffdb91df/build]   | [INFO] Downloading from central: https://repo.maven.apache.org/maven2/org/apache/maven/maven-plugin-api/2.2.1/maven-plugin-api-2.2.1.pom
[2f376cdd-3582-43de-b063-8caaffdb91df/build]   | [INFO] Downloaded from central: https://repo.maven.apache.org/maven2/org/apache/maven/maven-plugin-api/2.2.1/maven-plugin-api-2.2.1.pom (1.5 kB at 243 kB/s)
[2f376cdd-3582-43de-b063-8caaffdb91df/build]   | [INFO] Downloading from central: https://repo.maven.apache.org/maven2/org/apache/maven/maven/2.2.1/maven-2.2.1.pom
[2f376cdd-3582-43de-b063-8caaffdb91df/build]   | [INFO] Downloaded from central: https://repo.maven.apache.org/maven2/org/apache/maven/maven/2.2.1/maven-2.2.1.pom (22 kB at 3.2 MB/s)
[2f376cdd-3582-43de-b063-8caaffdb91df/build]   | [INFO] Downloading from central: https://repo.maven.apache.org/maven2/org/apache/maven/maven-parent/11/maven-parent-11.pom
[2f376cdd-3582-43de-b063-8caaffdb91df/build]   | [INFO] Downloaded from central: https://repo.maven.apache.org/maven2/org/apache/maven/maven-parent/11/maven-parent-11.pom (32 kB at 5.4 MB/s)
[2f376cdd-3582-43de-b063-8caaffdb91df/build]   | [INFO] Downloading from central: https://repo.maven.apache.org/maven2/org/apache/apache/5/apache-5.pom
[2f376cdd-3582-43de-b063-8caaffdb91df/build]   | [INFO] Downloaded from central: https://repo.maven.apache.org/maven2/org/apache/apache/5/apache-5.pom (4.1 kB at 819 kB/s)
[2f376cdd-3582-43de-b063-8caaffdb91df/build]   | [INFO] Downloading from central: https://repo.maven.apache.org/maven2/org/apache/maven/maven-core/2.2.1/maven-core-2.2.1.pom
[2f376cdd-3582-43de-b063-8caaffdb91df/build]   | [INFO] Downloaded from central: https://repo.maven.apache.org/maven2/org/apache/maven/maven-core/2.2.1/maven-core-2.2.1.pom (12 kB at 2.3 MB/s)
[2f376cdd-3582-43de-b063-8caaffdb91df/build]   | [INFO] Downloading from central: https://repo.maven.apache.org/maven2/org/apache/maven/maven-settings/2.2.1/maven-settings-2.2.1.pom
[2f376cdd-3582-43de-b063-8caaffdb91df/build]   | [INFO] Downloaded from central: https://repo.maven.apache.org/maven2/org/apache/maven/maven-settings/2.2.1/maven-settings-2.2.1.pom (2.2 kB at 545 kB/s)
[2f376cdd-3582-43de-b063-8caaffdb91df/build]   | [INFO] Downloading from central: https://repo.maven.apache.org/maven2/org/apache/maven/maven-model/2.2.1/maven-model-2.2.1.pom
[2f376cdd-3582-43de-b063-8caaffdb91df/build]   | [INFO] Downloaded from central: https://repo.maven.apache.org/maven2/org/apache/maven/maven-model/2.2.1/maven-model-2.2.1.pom (3.2 kB at 810 kB/s)
[2f376cdd-3582-43de-b063-8caaffdb91df/build]   | [INFO] Downloading from central: https://repo.maven.apache.org/maven2/org/codehaus/plexus/plexus-interpolation/1.11/plexus-interpolation-1.11.pom
[2f376cdd-3582-43de-b063-8caaffdb91df/build]   | [INFO] Downloaded from central: https://repo.maven.apache.org/maven2/org/codehaus/plexus/plexus-interpolation/1.11/plexus-interpolation-1.11.pom (889 B at 178 kB/s)
[2f376cdd-3582-43de-b063-8caaffdb91df/build]   | [INFO] Downloading from central: https://repo.maven.apache.org/maven2/org/apache/maven/maven-plugin-parameter-documenter/2.2.1/maven-plugin-parameter-documenter-2.2.1.pom
[2f376cdd-3582-43de-b063-8caaffdb91df/build]   | [INFO] Downloaded from central: https://repo.maven.apache.org/maven2/org/apache/maven/maven-plugin-parameter-documenter/2.2.1/maven-plugin-parameter-documenter-2.2.1.pom (2.0 kB at 391 kB/s)
[2f376cdd-3582-43de-b063-8caaffdb91df/build]   | [INFO] Downloading from central: https://repo.maven.apache.org/maven2/org/slf4j/slf4j-jdk14/1.5.6/slf4j-jdk14-1.5.6.pom
[2f376cdd-3582-43de-b063-8caaffdb91df/build]   | [INFO] Downloaded from central: https://repo.maven.apache.org/maven2/org/slf4j/slf4j-jdk14/1.5.6/slf4j-jdk14-1.5.6.pom (1.9 kB at 380 kB/s)
[2f376cdd-3582-43de-b063-8caaffdb91df/build]   | [INFO] Downloading from central: https://repo.maven.apache.org/maven2/org/slf4j/slf4j-parent/1.5.6/slf4j-parent-1.5.6.pom
[2f376cdd-3582-43de-b063-8caaffdb91df/build]   | [INFO] Downloaded from central: https://repo.maven.apache.org/maven2/org/slf4j/slf4j-parent/1.5.6/slf4j-parent-1.5.6.pom (7.9 kB at 1.6 MB/s)
[2f376cdd-3582-43de-b063-8caaffdb91df/build]   | [INFO] Downloading from central: https://repo.maven.apache.org/maven2/org/slf4j/slf4j-api/1.5.6/slf4j-api-1.5.6.pom
[2f376cdd-3582-43de-b063-8caaffdb91df/build]   | [INFO] Downloaded from central: https://repo.maven.apache.org/maven2/org/slf4j/slf4j-api/1.5.6/slf4j-api-1.5.6.pom (3.0 kB at 213 kB/s)
[2f376cdd-3582-43de-b063-8caaffdb91df/build]   | [INFO] Downloading from central: https://repo.maven.apache.org/maven2/org/slf4j/jcl-over-slf4j/1.5.6/jcl-over-slf4j-1.5.6.pom
[2f376cdd-3582-43de-b063-8caaffdb91df/build]   | [INFO] Downloaded from central: https://repo.maven.apache.org/maven2/org/slf4j/jcl-over-slf4j/1.5.6/jcl-over-slf4j-1.5.6.pom (2.2 kB at 434 kB/s)
[2f376cdd-3582-43de-b063-8caaffdb91df/build]   | [INFO] Downloading from central: https://repo.maven.apache.org/maven2/org/apache/maven/maven-profile/2.2.1/maven-profile-2.2.1.pom
[2f376cdd-3582-43de-b063-8caaffdb91df/build]   | [INFO] Downloaded from central: https://repo.maven.apache.org/maven2/org/apache/maven/maven-profile/2.2.1/maven-profile-2.2.1.pom (2.2 kB at 167 kB/s)
[2f376cdd-3582-43de-b063-8caaffdb91df/build]   | [INFO] Downloading from central: https://repo.maven.apache.org/maven2/org/apache/maven/maven-artifact/2.2.1/maven-artifact-2.2.1.pom
[2f376cdd-3582-43de-b063-8caaffdb91df/build]   | [INFO] Downloaded from central: https://repo.maven.apache.org/maven2/org/apache/maven/maven-artifact/2.2.1/maven-artifact-2.2.1.pom (1.6 kB at 158 kB/s)
[2f376cdd-3582-43de-b063-8caaffdb91df/build]   | [INFO] Downloading from central: https://repo.maven.apache.org/maven2/org/apache/maven/maven-repository-metadata/2.2.1/maven-repository-metadata-2.2.1.pom
[2f376cdd-3582-43de-b063-8caaffdb91df/build]   | [INFO] Downloaded from central: https://repo.maven.apache.org/maven2/org/apache/maven/maven-repository-metadata/2.2.1/maven-repository-metadata-2.2.1.pom (1.9 kB at 208 kB/s)
[2f376cdd-3582-43de-b063-8caaffdb91df/build]   | [INFO] Downloading from central: https://repo.maven.apache.org/maven2/org/apache/maven/maven-error-diagnostics/2.2.1/maven-error-diagnostics-2.2.1.pom
[2f376cdd-3582-43de-b063-8caaffdb91df/build]   | [INFO] Downloaded from central: https://repo.maven.apache.org/maven2/org/apache/maven/maven-error-diagnostics/2.2.1/maven-error-diagnostics-2.2.1.pom (1.7 kB at 244 kB/s)
[2f376cdd-3582-43de-b063-8caaffdb91df/build]   | [INFO] Downloading from central: https://repo.maven.apache.org/maven2/org/apache/maven/maven-project/2.2.1/maven-project-2.2.1.pom
[2f376cdd-3582-43de-b063-8caaffdb91df/build]   | [INFO] Downloaded from central: https://repo.maven.apache.org/maven2/org/apache/maven/maven-project/2.2.1/maven-project-2.2.1.pom (2.8 kB at 462 kB/s)
[2f376cdd-3582-43de-b063-8caaffdb91df/build]   | [INFO] Downloading from central: https://repo.maven.apache.org/maven2/org/apache/maven/maven-artifact-manager/2.2.1/maven-artifact-manager-2.2.1.pom
[2f376cdd-3582-43de-b063-8caaffdb91df/build]   | [INFO] Downloaded from central: https://repo.maven.apache.org/maven2/org/apache/maven/maven-artifact-manager/2.2.1/maven-artifact-manager-2.2.1.pom (3.1 kB at 517 kB/s)
[2f376cdd-3582-43de-b063-8caaffdb91df/build]   | [INFO] Downloading from central: https://repo.maven.apache.org/maven2/backport-util-concurrent/backport-util-concurrent/3.1/backport-util-concurrent-3.1.pom
[2f376cdd-3582-43de-b063-8caaffdb91df/build]   | [INFO] Downloaded from central: https://repo.maven.apache.org/maven2/backport-util-concurrent/backport-util-concurrent/3.1/backport-util-concurrent-3.1.pom (880 B at 220 kB/s)
[2f376cdd-3582-43de-b063-8caaffdb91df/build]   | [INFO] Downloading from central: https://repo.maven.apache.org/maven2/org/apache/maven/maven-plugin-registry/2.2.1/maven-plugin-registry-2.2.1.pom
[2f376cdd-3582-43de-b063-8caaffdb91df/build]   | [INFO] Downloaded from central: https://repo.maven.apache.org/maven2/org/apache/maven/maven-plugin-registry/2.2.1/maven-plugin-registry-2.2.1.pom (1.9 kB at 482 kB/s)
[2f376cdd-3582-43de-b063-8caaffdb91df/build]   | [INFO] Downloading from central: https://repo.maven.apache.org/maven2/org/apache/maven/maven-plugin-descriptor/2.2.1/maven-plugin-descriptor-2.2.1.pom
[2f376cdd-3582-43de-b063-8caaffdb91df/build]   | [INFO] Downloaded from central: https://repo.maven.apache.org/maven2/org/apache/maven/maven-plugin-descriptor/2.2.1/maven-plugin-descriptor-2.2.1.pom (2.1 kB at 413 kB/s)
[2f376cdd-3582-43de-b063-8caaffdb91df/build]   | [INFO] Downloading from central: https://repo.maven.apache.org/maven2/org/apache/maven/maven-monitor/2.2.1/maven-monitor-2.2.1.pom
[2f376cdd-3582-43de-b063-8caaffdb91df/build]   | [INFO] Downloaded from central: https://repo.maven.apache.org/maven2/org/apache/maven/maven-monitor/2.2.1/maven-monitor-2.2.1.pom (1.3 kB at 314 kB/s)
[2f376cdd-3582-43de-b063-8caaffdb91df/build]   | [INFO] Downloading from central: https://repo.maven.apache.org/maven2/org/apache/maven/shared/maven-shared-utils/0.1/maven-shared-utils-0.1.pom
[2f376cdd-3582-43de-b063-8caaffdb91df/build]   | [INFO] Downloaded from central: https://repo.maven.apache.org/maven2/org/apache/maven/shared/maven-shared-utils/0.1/maven-shared-utils-0.1.pom (4.0 kB at 1.0 MB/s)
[2f376cdd-3582-43de-b063-8caaffdb91df/build]   | [INFO] Downloading from central: https://repo.maven.apache.org/maven2/org/apache/maven/shared/maven-shared-components/18/maven-shared-components-18.pom
[2f376cdd-3582-43de-b063-8caaffdb91df/build]   | [INFO] Downloaded from central: https://repo.maven.apache.org/maven2/org/apache/maven/shared/maven-shared-components/18/maven-shared-components-18.pom (4.9 kB at 1.2 MB/s)
[2f376cdd-3582-43de-b063-8caaffdb91df/build]   | [INFO] Downloading from central: https://repo.maven.apache.org/maven2/com/google/code/findbugs/jsr305/2.0.1/jsr305-2.0.1.pom
[2f376cdd-3582-43de-b063-8caaffdb91df/build]   | [INFO] Downloaded from central: https://repo.maven.apache.org/maven2/com/google/code/findbugs/jsr305/2.0.1/jsr305-2.0.1.pom (965 B at 241 kB/s)
[2f376cdd-3582-43de-b063-8caaffdb91df/build]   | [INFO] Downloading from central: https://repo.maven.apache.org/maven2/org/codehaus/plexus/plexus-java/0.9.10/plexus-java-0.9.10.pom
[2f376cdd-3582-43de-b063-8caaffdb91df/build]   | [INFO] Downloaded from central: https://repo.maven.apache.org/maven2/org/codehaus/plexus/plexus-java/0.9.10/plexus-java-0.9.10.pom (5.1 kB at 1.3 MB/s)
[2f376cdd-3582-43de-b063-8caaffdb91df/build]   | [INFO] Downloading from central: https://repo.maven.apache.org/maven2/org/codehaus/plexus/plexus-languages/0.9.10/plexus-languages-0.9.10.pom
[2f376cdd-3582-43de-b063-8caaffdb91df/build]   | [INFO] Downloaded from central: https://repo.maven.apache.org/maven2/org/codehaus/plexus/plexus-languages/0.9.10/plexus-languages-0.9.10.pom (4.1 kB at 1.0 MB/s)
[2f376cdd-3582-43de-b063-8caaffdb91df/build]   | [INFO] Downloading from central: https://repo.maven.apache.org/maven2/org/ow2/asm/asm/6.2/asm-6.2.pom
[2f376cdd-3582-43de-b063-8caaffdb91df/build]   | [INFO] Downloaded from central: https://repo.maven.apache.org/maven2/org/ow2/asm/asm/6.2/asm-6.2.pom (2.9 kB at 587 kB/s)
[2f376cdd-3582-43de-b063-8caaffdb91df/build]   | [INFO] Downloading from central: https://repo.maven.apache.org/maven2/org/ow2/ow2/1.5/ow2-1.5.pom
[2f376cdd-3582-43de-b063-8caaffdb91df/build]   | [INFO] Downloaded from central: https://repo.maven.apache.org/maven2/org/ow2/ow2/1.5/ow2-1.5.pom (11 kB at 2.8 MB/s)
[2f376cdd-3582-43de-b063-8caaffdb91df/build]   | [INFO] Downloading from central: https://repo.maven.apache.org/maven2/com/thoughtworks/qdox/qdox/2.0-M9/qdox-2.0-M9.pom
[2f376cdd-3582-43de-b063-8caaffdb91df/build]   | [INFO] Downloaded from central: https://repo.maven.apache.org/maven2/com/thoughtworks/qdox/qdox/2.0-M9/qdox-2.0-M9.pom (16 kB at 3.2 MB/s)
[2f376cdd-3582-43de-b063-8caaffdb91df/build]   | [INFO] Downloading from central: https://repo.maven.apache.org/maven2/org/sonatype/oss/oss-parent/9/oss-parent-9.pom
[2f376cdd-3582-43de-b063-8caaffdb91df/build]   | [INFO] Downloaded from central: https://repo.maven.apache.org/maven2/org/sonatype/oss/oss-parent/9/oss-parent-9.pom (6.6 kB at 505 kB/s)
[2f376cdd-3582-43de-b063-8caaffdb91df/build]   | [INFO] Downloading from central: https://repo.maven.apache.org/maven2/org/codehaus/plexus/plexus-compiler-api/2.8.4/plexus-compiler-api-2.8.4.pom
[2f376cdd-3582-43de-b063-8caaffdb91df/build]   | [INFO] Downloaded from central: https://repo.maven.apache.org/maven2/org/codehaus/plexus/plexus-compiler-api/2.8.4/plexus-compiler-api-2.8.4.pom (867 B at 217 kB/s)
[2f376cdd-3582-43de-b063-8caaffdb91df/build]   | [INFO] Downloading from central: https://repo.maven.apache.org/maven2/org/codehaus/plexus/plexus-compiler/2.8.4/plexus-compiler-2.8.4.pom
[2f376cdd-3582-43de-b063-8caaffdb91df/build]   | [INFO] Downloaded from central: https://repo.maven.apache.org/maven2/org/codehaus/plexus/plexus-compiler/2.8.4/plexus-compiler-2.8.4.pom (6.0 kB at 1.5 MB/s)
[2f376cdd-3582-43de-b063-8caaffdb91df/build]   | [INFO] Downloading from central: https://repo.maven.apache.org/maven2/org/codehaus/plexus/plexus-components/4.0/plexus-components-4.0.pom
[2f376cdd-3582-43de-b063-8caaffdb91df/build]   | [INFO] Downloaded from central: https://repo.maven.apache.org/maven2/org/codehaus/plexus/plexus-components/4.0/plexus-components-4.0.pom (2.7 kB at 664 kB/s)
[2f376cdd-3582-43de-b063-8caaffdb91df/build]   | [INFO] Downloading from central: https://repo.maven.apache.org/maven2/org/codehaus/plexus/plexus-utils/3.0.22/plexus-utils-3.0.22.pom
[2f376cdd-3582-43de-b063-8caaffdb91df/build]   | [INFO] Downloaded from central: https://repo.maven.apache.org/maven2/org/codehaus/plexus/plexus-utils/3.0.22/plexus-utils-3.0.22.pom (3.8 kB at 766 kB/s)
[2f376cdd-3582-43de-b063-8caaffdb91df/build]   | [INFO] Downloading from central: https://repo.maven.apache.org/maven2/org/codehaus/plexus/plexus/3.3.1/plexus-3.3.1.pom
[2f376cdd-3582-43de-b063-8caaffdb91df/build]   | [INFO] Downloaded from central: https://repo.maven.apache.org/maven2/org/codehaus/plexus/plexus/3.3.1/plexus-3.3.1.pom (20 kB at 4.1 MB/s)
[2f376cdd-3582-43de-b063-8caaffdb91df/build]   | [INFO] Downloading from central: https://repo.maven.apache.org/maven2/org/sonatype/spice/spice-parent/17/spice-parent-17.pom
[2f376cdd-3582-43de-b063-8caaffdb91df/build]   | [INFO] Downloaded from central: https://repo.maven.apache.org/maven2/org/sonatype/spice/spice-parent/17/spice-parent-17.pom (6.8 kB at 1.7 MB/s)
[2f376cdd-3582-43de-b063-8caaffdb91df/build]   | [INFO] Downloading from central: https://repo.maven.apache.org/maven2/org/codehaus/plexus/plexus-compiler-manager/2.8.4/plexus-compiler-manager-2.8.4.pom
[2f376cdd-3582-43de-b063-8caaffdb91df/build]   | [INFO] Downloaded from central: https://repo.maven.apache.org/maven2/org/codehaus/plexus/plexus-compiler-manager/2.8.4/plexus-compiler-manager-2.8.4.pom (692 B at 173 kB/s)
[2f376cdd-3582-43de-b063-8caaffdb91df/build]   | [INFO] Downloading from central: https://repo.maven.apache.org/maven2/org/codehaus/plexus/plexus-compiler-javac/2.8.4/plexus-compiler-javac-2.8.4.pom
[2f376cdd-3582-43de-b063-8caaffdb91df/build]   | [INFO] Downloaded from central: https://repo.maven.apache.org/maven2/org/codehaus/plexus/plexus-compiler-javac/2.8.4/plexus-compiler-javac-2.8.4.pom (771 B at 154 kB/s)
[2f376cdd-3582-43de-b063-8caaffdb91df/build]   | [INFO] Downloading from central: https://repo.maven.apache.org/maven2/org/codehaus/plexus/plexus-compilers/2.8.4/plexus-compilers-2.8.4.pom
[2f376cdd-3582-43de-b063-8caaffdb91df/build]   | [INFO] Downloaded from central: https://repo.maven.apache.org/maven2/org/codehaus/plexus/plexus-compilers/2.8.4/plexus-compilers-2.8.4.pom (1.3 kB at 224 kB/s)
[2f376cdd-3582-43de-b063-8caaffdb91df/build]   | [INFO] Downloading from central: https://repo.maven.apache.org/maven2/org/apache/maven/maven-plugin-api/3.0/maven-plugin-api-3.0.jar
[2f376cdd-3582-43de-b063-8caaffdb91df/build]   | [INFO] Downloading from central: https://repo.maven.apache.org/maven2/org/apache/maven/maven-model/3.0/maven-model-3.0.jar
[2f376cdd-3582-43de-b063-8caaffdb91df/build]   | [INFO] Downloading from central: https://repo.maven.apache.org/maven2/org/sonatype/sisu/sisu-inject-plexus/1.4.2/sisu-inject-plexus-1.4.2.jar
[2f376cdd-3582-43de-b063-8caaffdb91df/build]   | [INFO] Downloading from central: https://repo.maven.apache.org/maven2/org/sonatype/sisu/sisu-inject-bean/1.4.2/sisu-inject-bean-1.4.2.jar
[2f376cdd-3582-43de-b063-8caaffdb91df/build]   | [INFO] Downloading from central: https://repo.maven.apache.org/maven2/org/sonatype/sisu/sisu-guice/2.1.7/sisu-guice-2.1.7-noaop.jar
[2f376cdd-3582-43de-b063-8caaffdb91df/build]   | [INFO] Downloaded from central: https://repo.maven.apache.org/maven2/org/apache/maven/maven-plugin-api/3.0/maven-plugin-api-3.0.jar (49 kB at 3.5 MB/s)
[2f376cdd-3582-43de-b063-8caaffdb91df/build]   | [INFO] Downloading from central: https://repo.maven.apache.org/maven2/org/apache/maven/maven-artifact/3.0/maven-artifact-3.0.jar
[2f376cdd-3582-43de-b063-8caaffdb91df/build]   | [INFO] Downloaded from central: https://repo.maven.apache.org/maven2/org/apache/maven/maven-model/3.0/maven-model-3.0.jar (165 kB at 9.1 MB/s)
[2f376cdd-3582-43de-b063-8caaffdb91df/build]   | [INFO] Downloading from central: https://repo.maven.apache.org/maven2/org/codehaus/plexus/plexus-utils/2.0.4/plexus-utils-2.0.4.jar
[2f376cdd-3582-43de-b063-8caaffdb91df/build]   | [INFO] Downloaded from central: https://repo.maven.apache.org/maven2/org/sonatype/sisu/sisu-guice/2.1.7/sisu-guice-2.1.7-noaop.jar (472 kB at 22 MB/s)
[2f376cdd-3582-43de-b063-8caaffdb91df/build]   | [INFO] Downloaded from central: https://repo.maven.apache.org/maven2/org/sonatype/sisu/sisu-inject-bean/1.4.2/sisu-inject-bean-1.4.2.jar (153 kB at 7.0 MB/s)
[2f376cdd-3582-43de-b063-8caaffdb91df/build]   | [INFO] Downloading from central: https://repo.maven.apache.org/maven2/org/apache/maven/maven-core/3.0/maven-core-3.0.jar
[2f376cdd-3582-43de-b063-8caaffdb91df/build]   | [INFO] Downloading from central: https://repo.maven.apache.org/maven2/org/apache/maven/maven-settings/3.0/maven-settings-3.0.jar
[2f376cdd-3582-43de-b063-8caaffdb91df/build]   | [INFO] Downloaded from central: https://repo.maven.apache.org/maven2/org/sonatype/sisu/sisu-inject-plexus/1.4.2/sisu-inject-plexus-1.4.2.jar (202 kB at 8.1 MB/s)
[2f376cdd-3582-43de-b063-8caaffdb91df/build]   | [INFO] Downloading from central: https://repo.maven.apache.org/maven2/org/apache/maven/maven-settings-builder/3.0/maven-settings-builder-3.0.jar
[2f376cdd-3582-43de-b063-8caaffdb91df/build]   | [INFO] Downloaded from central: https://repo.maven.apache.org/maven2/org/apache/maven/maven-artifact/3.0/maven-artifact-3.0.jar (52 kB at 1.7 MB/s)
[2f376cdd-3582-43de-b063-8caaffdb91df/build]   | [INFO] Downloading from central: https://repo.maven.apache.org/maven2/org/apache/maven/maven-repository-metadata/3.0/maven-repository-metadata-3.0.jar
[2f376cdd-3582-43de-b063-8caaffdb91df/build]   | [INFO] Downloaded from central: https://repo.maven.apache.org/maven2/org/apache/maven/maven-settings/3.0/maven-settings-3.0.jar (47 kB at 1.4 MB/s)
[2f376cdd-3582-43de-b063-8caaffdb91df/build]   | [INFO] Downloading from central: https://repo.maven.apache.org/maven2/org/apache/maven/maven-model-builder/3.0/maven-model-builder-3.0.jar
[2f376cdd-3582-43de-b063-8caaffdb91df/build]   | [INFO] Downloaded from central: https://repo.maven.apache.org/maven2/org/codehaus/plexus/plexus-utils/2.0.4/plexus-utils-2.0.4.jar (222 kB at 6.2 MB/s)
[2f376cdd-3582-43de-b063-8caaffdb91df/build]   | [INFO] Downloading from central: https://repo.maven.apache.org/maven2/org/apache/maven/maven-aether-provider/3.0/maven-aether-provider-3.0.jar
[2f376cdd-3582-43de-b063-8caaffdb91df/build]   | [INFO] Downloaded from central: https://repo.maven.apache.org/maven2/org/apache/maven/maven-settings-builder/3.0/maven-settings-builder-3.0.jar (38 kB at 994 kB/s)
[2f376cdd-3582-43de-b063-8caaffdb91df/build]   | [INFO] Downloading from central: https://repo.maven.apache.org/maven2/org/sonatype/aether/aether-impl/1.7/aether-impl-1.7.jar
[2f376cdd-3582-43de-b063-8caaffdb91df/build]   | [INFO] Downloaded from central: https://repo.maven.apache.org/maven2/org/apache/maven/maven-repository-metadata/3.0/maven-repository-metadata-3.0.jar (30 kB at 668 kB/s)
[2f376cdd-3582-43de-b063-8caaffdb91df/build]   | [INFO] Downloading from central: https://repo.maven.apache.org/maven2/org/sonatype/aether/aether-spi/1.7/aether-spi-1.7.jar
[2f376cdd-3582-43de-b063-8caaffdb91df/build]   | [INFO] Downloaded from central: https://repo.maven.apache.org/maven2/org/apache/maven/maven-aether-provider/3.0/maven-aether-provider-3.0.jar (51 kB at 1.1 MB/s)
[2f376cdd-3582-43de-b063-8caaffdb91df/build]   | [INFO] Downloading from central: https://repo.maven.apache.org/maven2/org/sonatype/aether/aether-api/1.7/aether-api-1.7.jar
[2f376cdd-3582-43de-b063-8caaffdb91df/build]   | [INFO] Downloaded from central: https://repo.maven.apache.org/maven2/org/sonatype/aether/aether-impl/1.7/aether-impl-1.7.jar (106 kB at 2.2 MB/s)
[2f376cdd-3582-43de-b063-8caaffdb91df/build]   | [INFO] Downloading from central: https://repo.maven.apache.org/maven2/org/sonatype/aether/aether-util/1.7/aether-util-1.7.jar
[2f376cdd-3582-43de-b063-8caaffdb91df/build]   | [INFO] Downloaded from central: https://repo.maven.apache.org/maven2/org/apache/maven/maven-model-builder/3.0/maven-model-builder-3.0.jar (148 kB at 3.0 MB/s)
[2f376cdd-3582-43de-b063-8caaffdb91df/build]   | [INFO] Downloading from central: https://repo.maven.apache.org/maven2/org/codehaus/plexus/plexus-interpolation/1.14/plexus-interpolation-1.14.jar
[2f376cdd-3582-43de-b063-8caaffdb91df/build]   | [INFO] Downloaded from central: https://repo.maven.apache.org/maven2/org/apache/maven/maven-core/3.0/maven-core-3.0.jar (527 kB at 10 MB/s)
[2f376cdd-3582-43de-b063-8caaffdb91df/build]   | [INFO] Downloading from central: https://repo.maven.apache.org/maven2/org/codehaus/plexus/plexus-classworlds/2.2.3/plexus-classworlds-2.2.3.jar
[2f376cdd-3582-43de-b063-8caaffdb91df/build]   | [INFO] Downloaded from central: https://repo.maven.apache.org/maven2/org/sonatype/aether/aether-spi/1.7/aether-spi-1.7.jar (14 kB at 256 kB/s)
[2f376cdd-3582-43de-b063-8caaffdb91df/build]   | [INFO] Downloading from central: https://repo.maven.apache.org/maven2/org/codehaus/plexus/plexus-component-annotations/1.7.1/plexus-component-annotations-1.7.1.jar
[2f376cdd-3582-43de-b063-8caaffdb91df/build]   | [INFO] Downloaded from central: https://repo.maven.apache.org/maven2/org/sonatype/aether/aether-api/1.7/aether-api-1.7.jar (74 kB at 1.3 MB/s)
[2f376cdd-3582-43de-b063-8caaffdb91df/build]   | [INFO] Downloading from central: https://repo.maven.apache.org/maven2/org/sonatype/plexus/plexus-sec-dispatcher/1.3/plexus-sec-dispatcher-1.3.jar
[2f376cdd-3582-43de-b063-8caaffdb91df/build]   | [INFO] Downloaded from central: https://repo.maven.apache.org/maven2/org/codehaus/plexus/plexus-classworlds/2.2.3/plexus-classworlds-2.2.3.jar (46 kB at 744 kB/s)
[2f376cdd-3582-43de-b063-8caaffdb91df/build]   | [INFO] Downloading from central: https://repo.maven.apache.org/maven2/org/sonatype/plexus/plexus-cipher/1.4/plexus-cipher-1.4.jar
[2f376cdd-3582-43de-b063-8caaffdb91df/build]   | [INFO] Downloaded from central: https://repo.maven.apache.org/maven2/org/codehaus/plexus/plexus-component-annotations/1.7.1/plexus-component-annotations-1.7.1.jar (4.3 kB at 68 kB/s)
[2f376cdd-3582-43de-b063-8caaffdb91df/build]   | [INFO] Downloading from central: https://repo.maven.apache.org/maven2/org/apache/maven/shared/maven-shared-utils/3.2.1/maven-shared-utils-3.2.1.jar
[2f376cdd-3582-43de-b063-8caaffdb91df/build]   | [INFO] Downloaded from central: https://repo.maven.apache.org/maven2/org/sonatype/aether/aether-util/1.7/aether-util-1.7.jar (108 kB at 1.7 MB/s)
[2f376cdd-3582-43de-b063-8caaffdb91df/build]   | [INFO] Downloading from central: https://repo.maven.apache.org/maven2/commons-io/commons-io/2.5/commons-io-2.5.jar
[2f376cdd-3582-43de-b063-8caaffdb91df/build]   | [INFO] Downloaded from central: https://repo.maven.apache.org/maven2/org/sonatype/plexus/plexus-sec-dispatcher/1.3/plexus-sec-dispatcher-1.3.jar (29 kB at 426 kB/s)
[2f376cdd-3582-43de-b063-8caaffdb91df/build]   | [INFO] Downloading from central: https://repo.maven.apache.org/maven2/org/apache/maven/shared/maven-shared-incremental/1.1/maven-shared-incremental-1.1.jar
[2f376cdd-3582-43de-b063-8caaffdb91df/build]   | [INFO] Downloaded from central: https://repo.maven.apache.org/maven2/org/sonatype/plexus/plexus-cipher/1.4/plexus-cipher-1.4.jar (13 kB at 185 kB/s)
[2f376cdd-3582-43de-b063-8caaffdb91df/build]   | [INFO] Downloading from central: https://repo.maven.apache.org/maven2/org/codehaus/plexus/plexus-java/0.9.10/plexus-java-0.9.10.jar
[2f376cdd-3582-43de-b063-8caaffdb91df/build]   | [INFO] Downloaded from central: https://repo.maven.apache.org/maven2/org/apache/maven/shared/maven-shared-utils/3.2.1/maven-shared-utils-3.2.1.jar (167 kB at 2.1 MB/s)
[2f376cdd-3582-43de-b063-8caaffdb91df/build]   | [INFO] Downloading from central: https://repo.maven.apache.org/maven2/org/ow2/asm/asm/6.2/asm-6.2.jar
[2f376cdd-3582-43de-b063-8caaffdb91df/build]   | [INFO] Downloaded from central: https://repo.maven.apache.org/maven2/org/apache/maven/shared/maven-shared-incremental/1.1/maven-shared-incremental-1.1.jar (14 kB at 169 kB/s)
[2f376cdd-3582-43de-b063-8caaffdb91df/build]   | [INFO] Downloading from central: https://repo.maven.apache.org/maven2/com/thoughtworks/qdox/qdox/2.0-M9/qdox-2.0-M9.jar
[2f376cdd-3582-43de-b063-8caaffdb91df/build]   | [INFO] Downloaded from central: https://repo.maven.apache.org/maven2/org/codehaus/plexus/plexus-java/0.9.10/plexus-java-0.9.10.jar (39 kB at 475 kB/s)
[2f376cdd-3582-43de-b063-8caaffdb91df/build]   | [INFO] Downloading from central: https://repo.maven.apache.org/maven2/org/codehaus/plexus/plexus-compiler-api/2.8.4/plexus-compiler-api-2.8.4.jar
[2f376cdd-3582-43de-b063-8caaffdb91df/build]   | [INFO] Downloaded from central: https://repo.maven.apache.org/maven2/commons-io/commons-io/2.5/commons-io-2.5.jar (209 kB at 2.3 MB/s)
[2f376cdd-3582-43de-b063-8caaffdb91df/build]   | [INFO] Downloading from central: https://repo.maven.apache.org/maven2/org/codehaus/plexus/plexus-compiler-manager/2.8.4/plexus-compiler-manager-2.8.4.jar
[2f376cdd-3582-43de-b063-8caaffdb91df/build]   | [INFO] Downloaded from central: https://repo.maven.apache.org/maven2/org/codehaus/plexus/plexus-interpolation/1.14/plexus-interpolation-1.14.jar (61 kB at 664 kB/s)
[2f376cdd-3582-43de-b063-8caaffdb91df/build]   | [INFO] Downloading from central: https://repo.maven.apache.org/maven2/org/codehaus/plexus/plexus-compiler-javac/2.8.4/plexus-compiler-javac-2.8.4.jar
[2f376cdd-3582-43de-b063-8caaffdb91df/build]   | [INFO] Downloaded from central: https://repo.maven.apache.org/maven2/org/ow2/asm/asm/6.2/asm-6.2.jar (111 kB at 1.2 MB/s)
[2f376cdd-3582-43de-b063-8caaffdb91df/build]   | [INFO] Downloaded from central: https://repo.maven.apache.org/maven2/org/codehaus/plexus/plexus-compiler-api/2.8.4/plexus-compiler-api-2.8.4.jar (27 kB at 288 kB/s)
[2f376cdd-3582-43de-b063-8caaffdb91df/build]   | [INFO] Downloaded from central: https://repo.maven.apache.org/maven2/com/thoughtworks/qdox/qdox/2.0-M9/qdox-2.0-M9.jar (317 kB at 3.3 MB/s)
[2f376cdd-3582-43de-b063-8caaffdb91df/build]   | [INFO] Downloaded from central: https://repo.maven.apache.org/maven2/org/codehaus/plexus/plexus-compiler-manager/2.8.4/plexus-compiler-manager-2.8.4.jar (4.7 kB at 47 kB/s)
[2f376cdd-3582-43de-b063-8caaffdb91df/build]   | [INFO] Downloaded from central: https://repo.maven.apache.org/maven2/org/codehaus/plexus/plexus-compiler-javac/2.8.4/plexus-compiler-javac-2.8.4.jar (21 kB at 205 kB/s)
[2f376cdd-3582-43de-b063-8caaffdb91df/build]   | [INFO] Changes detected - recompiling the module!
[2f376cdd-3582-43de-b063-8caaffdb91df/build]   | [INFO] Compiling 49 source files to /tmp/e3cfa79b-6fcc-412e-a877-3bb0ec01b06b/target/classes
[2f376cdd-3582-43de-b063-8caaffdb91df/build]   | [INFO] 
[2f376cdd-3582-43de-b063-8caaffdb91df/build]   | [INFO] --- maven-resources-plugin:2.6:testResources (default-testResources) @ chesslib ---
[2f376cdd-3582-43de-b063-8caaffdb91df/build]   | [INFO] Using 'UTF-8' encoding to copy filtered resources.
[2f376cdd-3582-43de-b063-8caaffdb91df/build]   | [INFO] Copying 27 resources
[2f376cdd-3582-43de-b063-8caaffdb91df/build]   | [INFO] 
[2f376cdd-3582-43de-b063-8caaffdb91df/build]   | [INFO] --- maven-compiler-plugin:3.8.1:testCompile (default-testCompile) @ chesslib ---
[2f376cdd-3582-43de-b063-8caaffdb91df/build]   | [INFO] Changes detected - recompiling the module!
[2f376cdd-3582-43de-b063-8caaffdb91df/build]   | [INFO] Compiling 10 source files to /tmp/e3cfa79b-6fcc-412e-a877-3bb0ec01b06b/target/test-classes
[2f376cdd-3582-43de-b063-8caaffdb91df/build]   | [INFO] /tmp/e3cfa79b-6fcc-412e-a877-3bb0ec01b06b/src/test/java/com/github/bhlangonijr/chesslib/PerftTest.java: Some input files use or override a deprecated API.
[2f376cdd-3582-43de-b063-8caaffdb91df/build]   | [INFO] /tmp/e3cfa79b-6fcc-412e-a877-3bb0ec01b06b/src/test/java/com/github/bhlangonijr/chesslib/PerftTest.java: Recompile with -Xlint:deprecation for details.
[2f376cdd-3582-43de-b063-8caaffdb91df/build]   | [INFO] 
[2f376cdd-3582-43de-b063-8caaffdb91df/build]   | [INFO] --- maven-surefire-plugin:2.12.4:test (default-test) @ chesslib ---
[2f376cdd-3582-43de-b063-8caaffdb91df/build]   | [INFO] Downloading from central: https://repo.maven.apache.org/maven2/org/apache/maven/maven-plugin-api/2.0.9/maven-plugin-api-2.0.9.pom
[2f376cdd-3582-43de-b063-8caaffdb91df/build]   | [INFO] Downloaded from central: https://repo.maven.apache.org/maven2/org/apache/maven/maven-plugin-api/2.0.9/maven-plugin-api-2.0.9.pom (1.5 kB at 83 kB/s)
[2f376cdd-3582-43de-b063-8caaffdb91df/build]   | [INFO] Downloading from central: https://repo.maven.apache.org/maven2/org/apache/maven/maven/2.0.9/maven-2.0.9.pom
[2f376cdd-3582-43de-b063-8caaffdb91df/build]   | [INFO] Downloaded from central: https://repo.maven.apache.org/maven2/org/apache/maven/maven/2.0.9/maven-2.0.9.pom (19 kB at 1.5 MB/s)
[2f376cdd-3582-43de-b063-8caaffdb91df/build]   | [INFO] Downloading from central: https://repo.maven.apache.org/maven2/org/apache/maven/maven-parent/8/maven-parent-8.pom
[2f376cdd-3582-43de-b063-8caaffdb91df/build]   | [INFO] Downloaded from central: https://repo.maven.apache.org/maven2/org/apache/maven/maven-parent/8/maven-parent-8.pom (24 kB at 1.9 MB/s)
[2f376cdd-3582-43de-b063-8caaffdb91df/build]   | [INFO] Downloading from central: https://repo.maven.apache.org/maven2/org/apache/apache/4/apache-4.pom
[2f376cdd-3582-43de-b063-8caaffdb91df/build]   | [INFO] Downloaded from central: https://repo.maven.apache.org/maven2/org/apache/apache/4/apache-4.pom (4.5 kB at 450 kB/s)
[2f376cdd-3582-43de-b063-8caaffdb91df/build]   | [INFO] Downloading from central: https://repo.maven.apache.org/maven2/org/apache/maven/surefire/surefire-booter/2.12.4/surefire-booter-2.12.4.pom
[2f376cdd-3582-43de-b063-8caaffdb91df/build]   | [INFO] Downloaded from central: https://repo.maven.apache.org/maven2/org/apache/maven/surefire/surefire-booter/2.12.4/surefire-booter-2.12.4.pom (3.0 kB at 253 kB/s)
[2f376cdd-3582-43de-b063-8caaffdb91df/build]   | [INFO] Downloading from central: https://repo.maven.apache.org/maven2/org/apache/maven/surefire/surefire-api/2.12.4/surefire-api-2.12.4.pom
[2f376cdd-3582-43de-b063-8caaffdb91df/build]   | [INFO] Downloaded from central: https://repo.maven.apache.org/maven2/org/apache/maven/surefire/surefire-api/2.12.4/surefire-api-2.12.4.pom (2.5 kB at 178 kB/s)
[2f376cdd-3582-43de-b063-8caaffdb91df/build]   | [INFO] Downloading from central: https://repo.maven.apache.org/maven2/org/apache/maven/surefire/maven-surefire-common/2.12.4/maven-surefire-common-2.12.4.pom
[2f376cdd-3582-43de-b063-8caaffdb91df/build]   | [INFO] Downloaded from central: https://repo.maven.apache.org/maven2/org/apache/maven/surefire/maven-surefire-common/2.12.4/maven-surefire-common-2.12.4.pom (5.5 kB at 503 kB/s)
[2f376cdd-3582-43de-b063-8caaffdb91df/build]   | [INFO] Downloading from central: https://repo.maven.apache.org/maven2/org/apache/maven/plugin-tools/maven-plugin-annotations/3.1/maven-plugin-annotations-3.1.pom
[2f376cdd-3582-43de-b063-8caaffdb91df/build]   | [INFO] Downloaded from central: https://repo.maven.apache.org/maven2/org/apache/maven/plugin-tools/maven-plugin-annotations/3.1/maven-plugin-annotations-3.1.pom (1.6 kB at 102 kB/s)
[2f376cdd-3582-43de-b063-8caaffdb91df/build]   | [INFO] Downloading from central: https://repo.maven.apache.org/maven2/org/apache/maven/plugin-tools/maven-plugin-tools/3.1/maven-plugin-tools-3.1.pom
[2f376cdd-3582-43de-b063-8caaffdb91df/build]   | [INFO] Downloaded from central: https://repo.maven.apache.org/maven2/org/apache/maven/plugin-tools/maven-plugin-tools/3.1/maven-plugin-tools-3.1.pom (16 kB at 1.5 MB/s)
[2f376cdd-3582-43de-b063-8caaffdb91df/build]   | [INFO] Downloading from central: https://repo.maven.apache.org/maven2/org/apache/maven/maven-artifact/2.0.9/maven-artifact-2.0.9.pom
[2f376cdd-3582-43de-b063-8caaffdb91df/build]   | [INFO] Downloaded from central: https://repo.maven.apache.org/maven2/org/apache/maven/maven-artifact/2.0.9/maven-artifact-2.0.9.pom (1.6 kB at 180 kB/s)
[2f376cdd-3582-43de-b063-8caaffdb91df/build]   | [INFO] Downloading from central: https://repo.maven.apache.org/maven2/org/codehaus/plexus/plexus-utils/3.0.8/plexus-utils-3.0.8.pom
[2f376cdd-3582-43de-b063-8caaffdb91df/build]   | [INFO] Downloaded from central: https://repo.maven.apache.org/maven2/org/codehaus/plexus/plexus-utils/3.0.8/plexus-utils-3.0.8.pom (3.1 kB at 314 kB/s)
[2f376cdd-3582-43de-b063-8caaffdb91df/build]   | [INFO] Downloading from central: https://repo.maven.apache.org/maven2/org/codehaus/plexus/plexus/3.2/plexus-3.2.pom
[2f376cdd-3582-43de-b063-8caaffdb91df/build]   | [INFO] Downloaded from central: https://repo.maven.apache.org/maven2/org/codehaus/plexus/plexus/3.2/plexus-3.2.pom (19 kB at 3.1 MB/s)
[2f376cdd-3582-43de-b063-8caaffdb91df/build]   | [INFO] Downloading from central: https://repo.maven.apache.org/maven2/org/apache/maven/maven-project/2.0.9/maven-project-2.0.9.pom
[2f376cdd-3582-43de-b063-8caaffdb91df/build]   | [INFO] Downloaded from central: https://repo.maven.apache.org/maven2/org/apache/maven/maven-project/2.0.9/maven-project-2.0.9.pom (2.7 kB at 452 kB/s)
[2f376cdd-3582-43de-b063-8caaffdb91df/build]   | [INFO] Downloading from central: https://repo.maven.apache.org/maven2/org/apache/maven/maven-settings/2.0.9/maven-settings-2.0.9.pom
[2f376cdd-3582-43de-b063-8caaffdb91df/build]   | [INFO] Downloaded from central: https://repo.maven.apache.org/maven2/org/apache/maven/maven-settings/2.0.9/maven-settings-2.0.9.pom (2.1 kB at 294 kB/s)
[2f376cdd-3582-43de-b063-8caaffdb91df/build]   | [INFO] Downloading from central: https://repo.maven.apache.org/maven2/org/apache/maven/maven-model/2.0.9/maven-model-2.0.9.pom
[2f376cdd-3582-43de-b063-8caaffdb91df/build]   | [INFO] Downloaded from central: https://repo.maven.apache.org/maven2/org/apache/maven/maven-model/2.0.9/maven-model-2.0.9.pom (3.1 kB at 523 kB/s)
[2f376cdd-3582-43de-b063-8caaffdb91df/build]   | [INFO] Downloading from central: https://repo.maven.apache.org/maven2/org/apache/maven/maven-profile/2.0.9/maven-profile-2.0.9.pom
[2f376cdd-3582-43de-b063-8caaffdb91df/build]   | [INFO] Downloaded from central: https://repo.maven.apache.org/maven2/org/apache/maven/maven-profile/2.0.9/maven-profile-2.0.9.pom (2.0 kB at 293 kB/s)
[2f376cdd-3582-43de-b063-8caaffdb91df/build]   | [INFO] Downloading from central: https://repo.maven.apache.org/maven2/org/apache/maven/maven-artifact-manager/2.0.9/maven-artifact-manager-2.0.9.pom
[2f376cdd-3582-43de-b063-8caaffdb91df/build]   | [INFO] Downloaded from central: https://repo.maven.apache.org/maven2/org/apache/maven/maven-artifact-manager/2.0.9/maven-artifact-manager-2.0.9.pom (2.7 kB at 450 kB/s)
[2f376cdd-3582-43de-b063-8caaffdb91df/build]   | [INFO] Downloading from central: https://repo.maven.apache.org/maven2/org/apache/maven/maven-repository-metadata/2.0.9/maven-repository-metadata-2.0.9.pom
[2f376cdd-3582-43de-b063-8caaffdb91df/build]   | [INFO] Downloaded from central: https://repo.maven.apache.org/maven2/org/apache/maven/maven-repository-metadata/2.0.9/maven-repository-metadata-2.0.9.pom (1.9 kB at 317 kB/s)
[2f376cdd-3582-43de-b063-8caaffdb91df/build]   | [INFO] Downloading from central: https://repo.maven.apache.org/maven2/org/apache/maven/maven-plugin-registry/2.0.9/maven-plugin-registry-2.0.9.pom
[2f376cdd-3582-43de-b063-8caaffdb91df/build]   | [INFO] Downloaded from central: https://repo.maven.apache.org/maven2/org/apache/maven/maven-plugin-registry/2.0.9/maven-plugin-registry-2.0.9.pom (2.0 kB at 394 kB/s)
[2f376cdd-3582-43de-b063-8caaffdb91df/build]   | [INFO] Downloading from central: https://repo.maven.apache.org/maven2/org/apache/maven/maven-core/2.0.9/maven-core-2.0.9.pom
[2f376cdd-3582-43de-b063-8caaffdb91df/build]   | [INFO] Downloaded from central: https://repo.maven.apache.org/maven2/org/apache/maven/maven-core/2.0.9/maven-core-2.0.9.pom (7.8 kB at 1.3 MB/s)
[2f376cdd-3582-43de-b063-8caaffdb91df/build]   | [INFO] Downloading from central: https://repo.maven.apache.org/maven2/org/apache/maven/maven-plugin-parameter-documenter/2.0.9/maven-plugin-parameter-documenter-2.0.9.pom
[2f376cdd-3582-43de-b063-8caaffdb91df/build]   | [INFO] Downloaded from central: https://repo.maven.apache.org/maven2/org/apache/maven/maven-plugin-parameter-documenter/2.0.9/maven-plugin-parameter-documenter-2.0.9.pom (2.0 kB at 327 kB/s)
[2f376cdd-3582-43de-b063-8caaffdb91df/build]   | [INFO] Downloading from central: https://repo.maven.apache.org/maven2/org/apache/maven/reporting/maven-reporting-api/2.0.9/maven-reporting-api-2.0.9.pom
[2f376cdd-3582-43de-b063-8caaffdb91df/build]   | [INFO] Downloaded from central: https://repo.maven.apache.org/maven2/org/apache/maven/reporting/maven-reporting-api/2.0.9/maven-reporting-api-2.0.9.pom (1.8 kB at 150 kB/s)
[2f376cdd-3582-43de-b063-8caaffdb91df/build]   | [INFO] Downloading from central: https://repo.maven.apache.org/maven2/org/apache/maven/reporting/maven-reporting/2.0.9/maven-reporting-2.0.9.pom
[2f376cdd-3582-43de-b063-8caaffdb91df/build]   | [INFO] Downloaded from central: https://repo.maven.apache.org/maven2/org/apache/maven/reporting/maven-reporting/2.0.9/maven-reporting-2.0.9.pom (1.5 kB at 211 kB/s)
[2f376cdd-3582-43de-b063-8caaffdb91df/build]   | [INFO] Downloading from central: https://repo.maven.apache.org/maven2/org/apache/maven/maven-error-diagnostics/2.0.9/maven-error-diagnostics-2.0.9.pom
[2f376cdd-3582-43de-b063-8caaffdb91df/build]   | [INFO] Downloaded from central: https://repo.maven.apache.org/maven2/org/apache/maven/maven-error-diagnostics/2.0.9/maven-error-diagnostics-2.0.9.pom (1.7 kB at 218 kB/s)
[2f376cdd-3582-43de-b063-8caaffdb91df/build]   | [INFO] Downloading from central: https://repo.maven.apache.org/maven2/org/apache/maven/maven-plugin-descriptor/2.0.9/maven-plugin-descriptor-2.0.9.pom
[2f376cdd-3582-43de-b063-8caaffdb91df/build]   | [INFO] Downloaded from central: https://repo.maven.apache.org/maven2/org/apache/maven/maven-plugin-descriptor/2.0.9/maven-plugin-descriptor-2.0.9.pom (2.1 kB at 346 kB/s)
[2f376cdd-3582-43de-b063-8caaffdb91df/build]   | [INFO] Downloading from central: https://repo.maven.apache.org/maven2/org/apache/maven/maven-monitor/2.0.9/maven-monitor-2.0.9.pom
[2f376cdd-3582-43de-b063-8caaffdb91df/build]   | [INFO] Downloaded from central: https://repo.maven.apache.org/maven2/org/apache/maven/maven-monitor/2.0.9/maven-monitor-2.0.9.pom (1.3 kB at 184 kB/s)
[2f376cdd-3582-43de-b063-8caaffdb91df/build]   | [INFO] Downloading from central: https://repo.maven.apache.org/maven2/org/apache/maven/maven-toolchain/2.0.9/maven-toolchain-2.0.9.pom
[2f376cdd-3582-43de-b063-8caaffdb91df/build]   | [INFO] Downloaded from central: https://repo.maven.apache.org/maven2/org/apache/maven/maven-toolchain/2.0.9/maven-toolchain-2.0.9.pom (3.5 kB at 497 kB/s)
[2f376cdd-3582-43de-b063-8caaffdb91df/build]   | [INFO] Downloading from central: https://repo.maven.apache.org/maven2/org/apache/commons/commons-lang3/3.1/commons-lang3-3.1.pom
[2f376cdd-3582-43de-b063-8caaffdb91df/build]   | [INFO] Downloaded from central: https://repo.maven.apache.org/maven2/org/apache/commons/commons-lang3/3.1/commons-lang3-3.1.pom (17 kB at 1.7 MB/s)
[2f376cdd-3582-43de-b063-8caaffdb91df/build]   | [INFO] Downloading from central: https://repo.maven.apache.org/maven2/org/apache/commons/commons-parent/22/commons-parent-22.pom
[2f376cdd-3582-43de-b063-8caaffdb91df/build]   | [INFO] Downloaded from central: https://repo.maven.apache.org/maven2/org/apache/commons/commons-parent/22/commons-parent-22.pom (42 kB at 3.0 MB/s)
[2f376cdd-3582-43de-b063-8caaffdb91df/build]   | [INFO] Downloading from central: https://repo.maven.apache.org/maven2/org/apache/apache/9/apache-9.pom
[2f376cdd-3582-43de-b063-8caaffdb91df/build]   | [INFO] Downloaded from central: https://repo.maven.apache.org/maven2/org/apache/apache/9/apache-9.pom (15 kB at 1.3 MB/s)
[2f376cdd-3582-43de-b063-8caaffdb91df/build]   | [INFO] Downloading from central: https://repo.maven.apache.org/maven2/org/apache/maven/shared/maven-common-artifact-filters/1.3/maven-common-artifact-filters-1.3.pom
[2f376cdd-3582-43de-b063-8caaffdb91df/build]   | [INFO] Downloaded from central: https://repo.maven.apache.org/maven2/org/apache/maven/shared/maven-common-artifact-filters/1.3/maven-common-artifact-filters-1.3.pom (3.7 kB at 168 kB/s)
[2f376cdd-3582-43de-b063-8caaffdb91df/build]   | [INFO] Downloading from central: https://repo.maven.apache.org/maven2/org/apache/maven/shared/maven-shared-components/12/maven-shared-components-12.pom
[2f376cdd-3582-43de-b063-8caaffdb91df/build]   | [INFO] Downloaded from central: https://repo.maven.apache.org/maven2/org/apache/maven/shared/maven-shared-components/12/maven-shared-components-12.pom (9.3 kB at 622 kB/s)
[2f376cdd-3582-43de-b063-8caaffdb91df/build]   | [INFO] Downloading from central: https://repo.maven.apache.org/maven2/org/apache/maven/maven-parent/13/maven-parent-13.pom
[2f376cdd-3582-43de-b063-8caaffdb91df/build]   | [INFO] Downloaded from central: https://repo.maven.apache.org/maven2/org/apache/maven/maven-parent/13/maven-parent-13.pom (23 kB at 808 kB/s)
[2f376cdd-3582-43de-b063-8caaffdb91df/build]   | [INFO] Downloading from central: https://repo.maven.apache.org/maven2/org/codehaus/plexus/plexus-container-default/1.0-alpha-9/plexus-container-default-1.0-alpha-9.pom
[2f376cdd-3582-43de-b063-8caaffdb91df/build]   | [INFO] Downloaded from central: https://repo.maven.apache.org/maven2/org/codehaus/plexus/plexus-container-default/1.0-alpha-9/plexus-container-default-1.0-alpha-9.pom (1.2 kB at 309 kB/s)
[2f376cdd-3582-43de-b063-8caaffdb91df/build]   | [INFO] Downloading from central: https://repo.maven.apache.org/maven2/org/apache/maven/maven-plugin-api/2.0.9/maven-plugin-api-2.0.9.jar
[2f376cdd-3582-43de-b063-8caaffdb91df/build]   | [INFO] Downloading from central: https://repo.maven.apache.org/maven2/org/apache/maven/surefire/surefire-booter/2.12.4/surefire-booter-2.12.4.jar
[2f376cdd-3582-43de-b063-8caaffdb91df/build]   | [INFO] Downloading from central: https://repo.maven.apache.org/maven2/org/apache/maven/surefire/surefire-api/2.12.4/surefire-api-2.12.4.jar
[2f376cdd-3582-43de-b063-8caaffdb91df/build]   | [INFO] Downloading from central: https://repo.maven.apache.org/maven2/org/apache/maven/surefire/maven-surefire-common/2.12.4/maven-surefire-common-2.12.4.jar
[2f376cdd-3582-43de-b063-8caaffdb91df/build]   | [INFO] Downloading from central: https://repo.maven.apache.org/maven2/org/apache/commons/commons-lang3/3.1/commons-lang3-3.1.jar
[2f376cdd-3582-43de-b063-8caaffdb91df/build]   | [INFO] Downloaded from central: https://repo.maven.apache.org/maven2/org/apache/maven/maven-plugin-api/2.0.9/maven-plugin-api-2.0.9.jar (13 kB at 1.8 MB/s)
[2f376cdd-3582-43de-b063-8caaffdb91df/build]   | [INFO] Downloading from central: https://repo.maven.apache.org/maven2/org/apache/maven/shared/maven-common-artifact-filters/1.3/maven-common-artifact-filters-1.3.jar
[2f376cdd-3582-43de-b063-8caaffdb91df/build]   | [INFO] Downloaded from central: https://repo.maven.apache.org/maven2/org/apache/maven/surefire/surefire-booter/2.12.4/surefire-booter-2.12.4.jar (35 kB at 2.7 MB/s)
[2f376cdd-3582-43de-b063-8caaffdb91df/build]   | [INFO] Downloading from central: https://repo.maven.apache.org/maven2/org/codehaus/plexus/plexus-utils/3.0.8/plexus-utils-3.0.8.jar
[2f376cdd-3582-43de-b063-8caaffdb91df/build]   | [INFO] Downloaded from central: https://repo.maven.apache.org/maven2/org/apache/maven/surefire/surefire-api/2.12.4/surefire-api-2.12.4.jar (118 kB at 7.8 MB/s)
[2f376cdd-3582-43de-b063-8caaffdb91df/build]   | [INFO] Downloading from central: https://repo.maven.apache.org/maven2/org/apache/maven/maven-artifact/2.0.9/maven-artifact-2.0.9.jar
[2f376cdd-3582-43de-b063-8caaffdb91df/build]   | [INFO] Downloaded from central: https://repo.maven.apache.org/maven2/org/apache/maven/shared/maven-common-artifact-filters/1.3/maven-common-artifact-filters-1.3.jar (31 kB at 2.2 MB/s)
[2f376cdd-3582-43de-b063-8caaffdb91df/build]   | [INFO] Downloading from central: https://repo.maven.apache.org/maven2/org/apache/maven/maven-project/2.0.9/maven-project-2.0.9.jar
[2f376cdd-3582-43de-b063-8caaffdb91df/build]   | [INFO] Downloaded from central: https://repo.maven.apache.org/maven2/org/apache/maven/surefire/maven-surefire-common/2.12.4/maven-surefire-common-2.12.4.jar (263 kB at 13 MB/s)
[2f376cdd-3582-43de-b063-8caaffdb91df/build]   | [INFO] Downloading from central: https://repo.maven.apache.org/maven2/org/apache/maven/maven-settings/2.0.9/maven-settings-2.0.9.jar
[2f376cdd-3582-43de-b063-8caaffdb91df/build]   | [INFO] Downloaded from central: https://repo.maven.apache.org/maven2/org/apache/commons/commons-lang3/3.1/commons-lang3-3.1.jar (316 kB at 16 MB/s)
[2f376cdd-3582-43de-b063-8caaffdb91df/build]   | [INFO] Downloading from central: https://repo.maven.apache.org/maven2/org/apache/maven/maven-profile/2.0.9/maven-profile-2.0.9.jar
[2f376cdd-3582-43de-b063-8caaffdb91df/build]   | [INFO] Downloaded from central: https://repo.maven.apache.org/maven2/org/apache/maven/maven-artifact/2.0.9/maven-artifact-2.0.9.jar (89 kB at 4.0 MB/s)
[2f376cdd-3582-43de-b063-8caaffdb91df/build]   | [INFO] Downloading from central: https://repo.maven.apache.org/maven2/org/apache/maven/maven-model/2.0.9/maven-model-2.0.9.jar
[2f376cdd-3582-43de-b063-8caaffdb91df/build]   | [INFO] Downloaded from central: https://repo.maven.apache.org/maven2/org/apache/maven/maven-project/2.0.9/maven-project-2.0.9.jar (122 kB at 5.3 MB/s)
[2f376cdd-3582-43de-b063-8caaffdb91df/build]   | [INFO] Downloading from central: https://repo.maven.apache.org/maven2/org/apache/maven/maven-artifact-manager/2.0.9/maven-artifact-manager-2.0.9.jar
[2f376cdd-3582-43de-b063-8caaffdb91df/build]   | [INFO] Downloaded from central: https://repo.maven.apache.org/maven2/org/codehaus/plexus/plexus-utils/3.0.8/plexus-utils-3.0.8.jar (232 kB at 9.7 MB/s)
[2f376cdd-3582-43de-b063-8caaffdb91df/build]   | [INFO] Downloading from central: https://repo.maven.apache.org/maven2/org/apache/maven/maven-plugin-registry/2.0.9/maven-plugin-registry-2.0.9.jar
[2f376cdd-3582-43de-b063-8caaffdb91df/build]   | [INFO] Downloaded from central: https://repo.maven.apache.org/maven2/org/apache/maven/maven-settings/2.0.9/maven-settings-2.0.9.jar (49 kB at 1.7 MB/s)
[2f376cdd-3582-43de-b063-8caaffdb91df/build]   | [INFO] Downloading from central: https://repo.maven.apache.org/maven2/org/apache/maven/maven-core/2.0.9/maven-core-2.0.9.jar
[2f376cdd-3582-43de-b063-8caaffdb91df/build]   | [INFO] Downloaded from central: https://repo.maven.apache.org/maven2/org/apache/maven/maven-profile/2.0.9/maven-profile-2.0.9.jar (35 kB at 1.2 MB/s)
[2f376cdd-3582-43de-b063-8caaffdb91df/build]   | [INFO] Downloading from central: https://repo.maven.apache.org/maven2/org/apache/maven/maven-plugin-parameter-documenter/2.0.9/maven-plugin-parameter-documenter-2.0.9.jar
[2f376cdd-3582-43de-b063-8caaffdb91df/build]   | [INFO] Downloaded from central: https://repo.maven.apache.org/maven2/org/apache/maven/maven-model/2.0.9/maven-model-2.0.9.jar (87 kB at 2.7 MB/s)
[2f376cdd-3582-43de-b063-8caaffdb91df/build]   | [INFO] Downloading from central: https://repo.maven.apache.org/maven2/org/apache/maven/reporting/maven-reporting-api/2.0.9/maven-reporting-api-2.0.9.jar
[2f376cdd-3582-43de-b063-8caaffdb91df/build]   | [INFO] Downloaded from central: https://repo.maven.apache.org/maven2/org/apache/maven/maven-artifact-manager/2.0.9/maven-artifact-manager-2.0.9.jar (58 kB at 1.7 MB/s)
[2f376cdd-3582-43de-b063-8caaffdb91df/build]   | [INFO] Downloading from central: https://repo.maven.apache.org/maven2/org/apache/maven/maven-repository-metadata/2.0.9/maven-repository-metadata-2.0.9.jar
[2f376cdd-3582-43de-b063-8caaffdb91df/build]   | [INFO] Downloaded from central: https://repo.maven.apache.org/maven2/org/apache/maven/maven-plugin-registry/2.0.9/maven-plugin-registry-2.0.9.jar (29 kB at 855 kB/s)
[2f376cdd-3582-43de-b063-8caaffdb91df/build]   | [INFO] Downloading from central: https://repo.maven.apache.org/maven2/org/apache/maven/maven-error-diagnostics/2.0.9/maven-error-diagnostics-2.0.9.jar
[2f376cdd-3582-43de-b063-8caaffdb91df/build]   | [INFO] Downloaded from central: https://repo.maven.apache.org/maven2/org/apache/maven/maven-plugin-parameter-documenter/2.0.9/maven-plugin-parameter-documenter-2.0.9.jar (21 kB at 522 kB/s)
[2f376cdd-3582-43de-b063-8caaffdb91df/build]   | [INFO] Downloading from central: https://repo.maven.apache.org/maven2/org/apache/maven/maven-plugin-descriptor/2.0.9/maven-plugin-descriptor-2.0.9.jar
[2f376cdd-3582-43de-b063-8caaffdb91df/build]   | [INFO] Downloaded from central: https://repo.maven.apache.org/maven2/org/apache/maven/reporting/maven-reporting-api/2.0.9/maven-reporting-api-2.0.9.jar (10 kB at 241 kB/s)
[2f376cdd-3582-43de-b063-8caaffdb91df/build]   | [INFO] Downloading from central: https://repo.maven.apache.org/maven2/org/apache/maven/maven-monitor/2.0.9/maven-monitor-2.0.9.jar
[2f376cdd-3582-43de-b063-8caaffdb91df/build]   | [INFO] Downloaded from central: https://repo.maven.apache.org/maven2/org/apache/maven/maven-repository-metadata/2.0.9/maven-repository-metadata-2.0.9.jar (25 kB at 571 kB/s)
[2f376cdd-3582-43de-b063-8caaffdb91df/build]   | [INFO] Downloaded from central: https://repo.maven.apache.org/maven2/org/apache/maven/maven-error-diagnostics/2.0.9/maven-error-diagnostics-2.0.9.jar (14 kB at 321 kB/s)
[2f376cdd-3582-43de-b063-8caaffdb91df/build]   | [INFO] Downloading from central: https://repo.maven.apache.org/maven2/org/apache/maven/maven-toolchain/2.0.9/maven-toolchain-2.0.9.jar
[2f376cdd-3582-43de-b063-8caaffdb91df/build]   | [INFO] Downloading from central: https://repo.maven.apache.org/maven2/org/apache/maven/plugin-tools/maven-plugin-annotations/3.1/maven-plugin-annotations-3.1.jar
[2f376cdd-3582-43de-b063-8caaffdb91df/build]   | [INFO] Downloaded from central: https://repo.maven.apache.org/maven2/org/apache/maven/maven-core/2.0.9/maven-core-2.0.9.jar (160 kB at 3.6 MB/s)
[2f376cdd-3582-43de-b063-8caaffdb91df/build]   | [INFO] Downloaded from central: https://repo.maven.apache.org/maven2/org/apache/maven/maven-plugin-descriptor/2.0.9/maven-plugin-descriptor-2.0.9.jar (37 kB at 805 kB/s)
[2f376cdd-3582-43de-b063-8caaffdb91df/build]   | [INFO] Downloaded from central: https://repo.maven.apache.org/maven2/org/apache/maven/maven-monitor/2.0.9/maven-monitor-2.0.9.jar (10 kB at 219 kB/s)
[2f376cdd-3582-43de-b063-8caaffdb91df/build]   | [INFO] Downloaded from central: https://repo.maven.apache.org/maven2/org/apache/maven/plugin-tools/maven-plugin-annotations/3.1/maven-plugin-annotations-3.1.jar (14 kB at 292 kB/s)
[2f376cdd-3582-43de-b063-8caaffdb91df/build]   | [INFO] Downloaded from central: https://repo.maven.apache.org/maven2/org/apache/maven/maven-toolchain/2.0.9/maven-toolchain-2.0.9.jar (38 kB at 745 kB/s)
[2f376cdd-3582-43de-b063-8caaffdb91df/build]   | [INFO] Surefire report directory: /tmp/e3cfa79b-6fcc-412e-a877-3bb0ec01b06b/target/surefire-reports
[2f376cdd-3582-43de-b063-8caaffdb91df/build]   | [INFO] Downloading from central: https://repo.maven.apache.org/maven2/org/apache/maven/surefire/surefire-junit4/2.12.4/surefire-junit4-2.12.4.pom
[2f376cdd-3582-43de-b063-8caaffdb91df/build]   | [INFO] Downloaded from central: https://repo.maven.apache.org/maven2/org/apache/maven/surefire/surefire-junit4/2.12.4/surefire-junit4-2.12.4.pom (2.4 kB at 172 kB/s)
[2f376cdd-3582-43de-b063-8caaffdb91df/build]   | [INFO] Downloading from central: https://repo.maven.apache.org/maven2/org/apache/maven/surefire/surefire-providers/2.12.4/surefire-providers-2.12.4.pom
[2f376cdd-3582-43de-b063-8caaffdb91df/build]   | [INFO] Downloaded from central: https://repo.maven.apache.org/maven2/org/apache/maven/surefire/surefire-providers/2.12.4/surefire-providers-2.12.4.pom (2.3 kB at 138 kB/s)
[2f376cdd-3582-43de-b063-8caaffdb91df/build]   | [INFO] Downloading from central: https://repo.maven.apache.org/maven2/org/apache/maven/surefire/surefire-junit4/2.12.4/surefire-junit4-2.12.4.jar
[2f376cdd-3582-43de-b063-8caaffdb91df/build]   | [INFO] Downloaded from central: https://repo.maven.apache.org/maven2/org/apache/maven/surefire/surefire-junit4/2.12.4/surefire-junit4-2.12.4.jar (37 kB at 2.3 MB/s)
[2f376cdd-3582-43de-b063-8caaffdb91df/build]   | 
[2f376cdd-3582-43de-b063-8caaffdb91df/build]   | -------------------------------------------------------
[2f376cdd-3582-43de-b063-8caaffdb91df/build]   |  T E S T S
[2f376cdd-3582-43de-b063-8caaffdb91df/build]   | -------------------------------------------------------
[2f376cdd-3582-43de-b063-8caaffdb91df/build]   | Running com.github.bhlangonijr.chesslib.PieceTypeTest
[2f376cdd-3582-43de-b063-8caaffdb91df/build]   | Tests run: 1, Failures: 0, Errors: 0, Skipped: 0, Time elapsed: 0.071 sec
[2f376cdd-3582-43de-b063-8caaffdb91df/build]   | Running com.github.bhlangonijr.chesslib.PgnIteratorTest
[2f376cdd-3582-43de-b063-8caaffdb91df/build]   | Tests run: 3, Failures: 1, Errors: 0, Skipped: 0, Time elapsed: 0.162 sec <<< FAILURE!
[2f376cdd-3582-43de-b063-8caaffdb91df/build]   | testPGNOrder(com.github.bhlangonijr.chesslib.PgnIteratorTest)  Time elapsed: 0.008 sec  <<< FAILURE!
[2f376cdd-3582-43de-b063-8caaffdb91df/build]   | java.lang.AssertionError: expected:<WHITE_WON> but was:<ONGOING>
[2f376cdd-3582-43de-b063-8caaffdb91df/build]   | 	at org.junit.Assert.fail(Assert.java:89)
[2f376cdd-3582-43de-b063-8caaffdb91df/build]   | 	at org.junit.Assert.failNotEquals(Assert.java:835)
[2f376cdd-3582-43de-b063-8caaffdb91df/build]   | 	at org.junit.Assert.assertEquals(Assert.java:120)
[2f376cdd-3582-43de-b063-8caaffdb91df/build]   | 	at org.junit.Assert.assertEquals(Assert.java:146)
[2f376cdd-3582-43de-b063-8caaffdb91df/build]   | 	at com.github.bhlangonijr.chesslib.PgnIteratorTest.testPGNOrder(PgnIteratorTest.java:33)
[2f376cdd-3582-43de-b063-8caaffdb91df/build]   | 	at java.base/jdk.internal.reflect.NativeMethodAccessorImpl.invoke0(Native Method)
[2f376cdd-3582-43de-b063-8caaffdb91df/build]   | 	at java.base/jdk.internal.reflect.NativeMethodAccessorImpl.invoke(NativeMethodAccessorImpl.java:62)
[2f376cdd-3582-43de-b063-8caaffdb91df/build]   | 	at java.base/jdk.internal.reflect.DelegatingMethodAccessorImpl.invoke(DelegatingMethodAccessorImpl.java:43)
[2f376cdd-3582-43de-b063-8caaffdb91df/build]   | 	at java.base/java.lang.reflect.Method.invoke(Method.java:566)
[2f376cdd-3582-43de-b063-8caaffdb91df/build]   | 	at org.junit.runners.model.FrameworkMethod$1.runReflectiveCall(FrameworkMethod.java:59)
[2f376cdd-3582-43de-b063-8caaffdb91df/build]   | 	at org.junit.internal.runners.model.ReflectiveCallable.run(ReflectiveCallable.java:12)
[2f376cdd-3582-43de-b063-8caaffdb91df/build]   | 	at org.junit.runners.model.FrameworkMethod.invokeExplosively(FrameworkMethod.java:56)
[2f376cdd-3582-43de-b063-8caaffdb91df/build]   | 	at org.junit.internal.runners.statements.InvokeMethod.evaluate(InvokeMethod.java:17)
[2f376cdd-3582-43de-b063-8caaffdb91df/build]   | 	at org.junit.runners.ParentRunner$3.evaluate(ParentRunner.java:306)
[2f376cdd-3582-43de-b063-8caaffdb91df/build]   | 	at org.junit.runners.BlockJUnit4ClassRunner$1.evaluate(BlockJUnit4ClassRunner.java:100)
[2f376cdd-3582-43de-b063-8caaffdb91df/build]   | 	at org.junit.runners.ParentRunner.runLeaf(ParentRunner.java:366)
[2f376cdd-3582-43de-b063-8caaffdb91df/build]   | 	at org.junit.runners.BlockJUnit4ClassRunner.runChild(BlockJUnit4ClassRunner.java:103)
[2f376cdd-3582-43de-b063-8caaffdb91df/build]   | 	at org.junit.runners.BlockJUnit4ClassRunner.runChild(BlockJUnit4ClassRunner.java:63)
[2f376cdd-3582-43de-b063-8caaffdb91df/build]   | 	at org.junit.runners.ParentRunner$4.run(ParentRunner.java:331)
[2f376cdd-3582-43de-b063-8caaffdb91df/build]   | 	at org.junit.runners.ParentRunner$1.schedule(ParentRunner.java:79)
[2f376cdd-3582-43de-b063-8caaffdb91df/build]   | 	at org.junit.runners.ParentRunner.runChildren(ParentRunner.java:329)
[2f376cdd-3582-43de-b063-8caaffdb91df/build]   | 	at org.junit.runners.ParentRunner.access$100(ParentRunner.java:66)
[2f376cdd-3582-43de-b063-8caaffdb91df/build]   | 	at org.junit.runners.ParentRunner$2.evaluate(ParentRunner.java:293)
[2f376cdd-3582-43de-b063-8caaffdb91df/build]   | 	at org.junit.runners.ParentRunner$3.evaluate(ParentRunner.java:306)
[2f376cdd-3582-43de-b063-8caaffdb91df/build]   | 	at org.junit.runners.ParentRunner.run(ParentRunner.java:413)
[2f376cdd-3582-43de-b063-8caaffdb91df/build]   | 	at org.apache.maven.surefire.junit4.JUnit4Provider.execute(JUnit4Provider.java:252)
[2f376cdd-3582-43de-b063-8caaffdb91df/build]   | 	at org.apache.maven.surefire.junit4.JUnit4Provider.executeTestSet(JUnit4Provider.java:141)
[2f376cdd-3582-43de-b063-8caaffdb91df/build]   | 	at org.apache.maven.surefire.junit4.JUnit4Provider.invoke(JUnit4Provider.java:112)
[2f376cdd-3582-43de-b063-8caaffdb91df/build]   | 	at java.base/jdk.internal.reflect.NativeMethodAccessorImpl.invoke0(Native Method)
[2f376cdd-3582-43de-b063-8caaffdb91df/build]   | 	at java.base/jdk.internal.reflect.NativeMethodAccessorImpl.invoke(NativeMethodAccessorImpl.java:62)
[2f376cdd-3582-43de-b063-8caaffdb91df/build]   | 	at java.base/jdk.internal.reflect.DelegatingMethodAccessorImpl.invoke(DelegatingMethodAccessorImpl.java:43)
[2f376cdd-3582-43de-b063-8caaffdb91df/build]   | 	at java.base/java.lang.reflect.Method.invoke(Method.java:566)
[2f376cdd-3582-43de-b063-8caaffdb91df/build]   | 	at org.apache.maven.surefire.util.ReflectionUtils.invokeMethodWithArray(ReflectionUtils.java:189)
[2f376cdd-3582-43de-b063-8caaffdb91df/build]   | 	at org.apache.maven.surefire.booter.ProviderFactory$ProviderProxy.invoke(ProviderFactory.java:165)
[2f376cdd-3582-43de-b063-8caaffdb91df/build]   | 	at org.apache.maven.surefire.booter.ProviderFactory.invokeProvider(ProviderFactory.java:85)
[2f376cdd-3582-43de-b063-8caaffdb91df/build]   | 	at org.apache.maven.surefire.booter.ForkedBooter.runSuitesInProcess(ForkedBooter.java:115)
[2f376cdd-3582-43de-b063-8caaffdb91df/build]   | 	at org.apache.maven.surefire.booter.ForkedBooter.main(ForkedBooter.java:75)
[2f376cdd-3582-43de-b063-8caaffdb91df/build]   | 
[2f376cdd-3582-43de-b063-8caaffdb91df/build]   | Running com.github.bhlangonijr.chesslib.bitboard.BitboardTest
[2f376cdd-3582-43de-b063-8caaffdb91df/build]   | Tests run: 1, Failures: 0, Errors: 0, Skipped: 0, Time elapsed: 0.001 sec
[2f376cdd-3582-43de-b063-8caaffdb91df/build]   | Running com.github.bhlangonijr.chesslib.unicode.UnicodePrinterTest
[2f376cdd-3582-43de-b063-8caaffdb91df/build]   | Tests run: 1, Failures: 0, Errors: 0, Skipped: 0, Time elapsed: 0.002 sec
[2f376cdd-3582-43de-b063-8caaffdb91df/build]   | Running com.github.bhlangonijr.chesslib.BoardTest
[2f376cdd-3582-43de-b063-8caaffdb91df/build]   | r1bqkb1r/pppp1ppp/2n2n2/1B2p3/4P3/5N2/PPPP1PPP/RNBQ1RK1 b kq - 5 4
[2f376cdd-3582-43de-b063-8caaffdb91df/build]   | new FEN after: e1g1: rnbqk2r/ppp1b1pp/5p1n/3p4/8/3B1N2/PPPP1PPP/RNBQ1RK1 b kq - 5 1
[2f376cdd-3582-43de-b063-8caaffdb91df/build]   | hash code is: 841730187
[2f376cdd-3582-43de-b063-8caaffdb91df/build]   | new FEN after: e8g8: rnbq1rk1/ppp1b1pp/5p1n/3p4/8/3B1N2/PPPP1PPP/RNBQ1RK1 w - - 6 2
[2f376cdd-3582-43de-b063-8caaffdb91df/build]   | hash code is: 1199523201
[2f376cdd-3582-43de-b063-8caaffdb91df/build]   | new FEN after: undo: rnbqk2r/ppp1b1pp/5p1n/3p4/8/3B1N2/PPPP1PPP/RNBQ1RK1 b kq - 5 1
[2f376cdd-3582-43de-b063-8caaffdb91df/build]   | hash code is: 841730187
[2f376cdd-3582-43de-b063-8caaffdb91df/build]   | new FEN after: e7e5: rnbqkbnr/pppp1ppp/8/4p3/4P3/8/PPPP1PPP/RNBQKBNR w KQkq e6 0 2
[2f376cdd-3582-43de-b063-8caaffdb91df/build]   | hash code is: -361884155
[2f376cdd-3582-43de-b063-8caaffdb91df/build]   | new FEN after: undo: rnbqkbnr/pppppppp/8/8/4P3/8/PPPP1PPP/RNBQKBNR b KQkq e3 0 1
[2f376cdd-3582-43de-b063-8caaffdb91df/build]   | hash code is: -280065720
[2f376cdd-3582-43de-b063-8caaffdb91df/build]   | new FEN after: d7d5: rnbqkbnr/ppp1pppp/8/3p4/4P3/8/PPPP1PPP/RNBQKBNR w KQkq d6 0 2
[2f376cdd-3582-43de-b063-8caaffdb91df/build]   | hash code is: -1844806708
[2f376cdd-3582-43de-b063-8caaffdb91df/build]   | new FEN after: e4e5: rnbqkbnr/ppp1pppp/8/3pP3/8/8/PPPP1PPP/RNBQKBNR b KQkq - 0 2
[2f376cdd-3582-43de-b063-8caaffdb91df/build]   | hash code is: -251614987
[2f376cdd-3582-43de-b063-8caaffdb91df/build]   | new FEN after: f7f5: rnbqkbnr/ppp1p1pp/8/3pPp2/8/8/PPPP1PPP/RNBQKBNR w KQkq f6 0 3
[2f376cdd-3582-43de-b063-8caaffdb91df/build]   | hash code is: 1110417270
[2f376cdd-3582-43de-b063-8caaffdb91df/build]   | new FEN after: e5f6: rnbqkbnr/ppp1p1pp/5P2/3p4/8/8/PPPP1PPP/RNBQKBNR b KQkq - 0 3
[2f376cdd-3582-43de-b063-8caaffdb91df/build]   | hash code is: -2003229841
[2f376cdd-3582-43de-b063-8caaffdb91df/build]   | new FEN after: e7f6: rnbqkbnr/ppp3pp/5p2/3p4/8/8/PPPP1PPP/RNBQKBNR w KQkq - 0 4
[2f376cdd-3582-43de-b063-8caaffdb91df/build]   | hash code is: 549137569
[2f376cdd-3582-43de-b063-8caaffdb91df/build]   | r.bqkbnr
[2f376cdd-3582-43de-b063-8caaffdb91df/build]   | pppppppp
[2f376cdd-3582-43de-b063-8caaffdb91df/build]   | ..n.....
[2f376cdd-3582-43de-b063-8caaffdb91df/build]   | ........
[2f376cdd-3582-43de-b063-8caaffdb91df/build]   | ..B.P...
[2f376cdd-3582-43de-b063-8caaffdb91df/build]   | ........
[2f376cdd-3582-43de-b063-8caaffdb91df/build]   | PPPP.PPP
[2f376cdd-3582-43de-b063-8caaffdb91df/build]   | RNBQK.NR
[2f376cdd-3582-43de-b063-8caaffdb91df/build]   | Side: BLACK
[2f376cdd-3582-43de-b063-8caaffdb91df/build]   | 3494082646737507219
[2f376cdd-3582-43de-b063-8caaffdb91df/build]   | 7756704916819034564
[2f376cdd-3582-43de-b063-8caaffdb91df/build]   | hash code is: 2141901675
[2f376cdd-3582-43de-b063-8caaffdb91df/build]   | hash code is: 2141901675
[2f376cdd-3582-43de-b063-8caaffdb91df/build]   | 2151371626546460885	 = g1f3
[2f376cdd-3582-43de-b063-8caaffdb91df/build]   |  = rnbqkbnr/pppppppp/8/8/8/5N2/PPPPPPPP/RNBQKB1R b KQkq - 1 1
[2f376cdd-3582-43de-b063-8caaffdb91df/build]   | 1444809208435460661	 = g8f6
[2f376cdd-3582-43de-b063-8caaffdb91df/build]   |  = rnbqkb1r/pppppppp/5n2/8/8/5N2/PPPPPPPP/RNBQKB1R w KQkq - 2 2
[2f376cdd-3582-43de-b063-8caaffdb91df/build]   | 1460141479071705617	 = c2c4
[2f376cdd-3582-43de-b063-8caaffdb91df/build]   |  = rnbqkb1r/pppppppp/5n2/8/2P5/5N2/PP1PPPPP/RNBQKB1R b KQkq c3 0 2
[2f376cdd-3582-43de-b063-8caaffdb91df/build]   | 540002481590076708	 = c7c5
[2f376cdd-3582-43de-b063-8caaffdb91df/build]   |  = rnbqkb1r/pp1ppppp/5n2/2p5/2P5/5N2/PP1PPPPP/RNBQKB1R w KQkq c6 0 3
[2f376cdd-3582-43de-b063-8caaffdb91df/build]   | 3078298542808550788	 = b2b3
[2f376cdd-3582-43de-b063-8caaffdb91df/build]   |  = rnbqkb1r/pp1ppppp/5n2/2p5/2P5/1P3N2/P2PPPPP/RNBQKB1R b KQkq - 0 3
[2f376cdd-3582-43de-b063-8caaffdb91df/build]   | 3740111219830539998	 = d7d6
[2f376cdd-3582-43de-b063-8caaffdb91df/build]   |  = rnbqkb1r/pp2pppp/3p1n2/2p5/2P5/1P3N2/P2PPPPP/RNBQKB1R w KQkq - 0 4
[2f376cdd-3582-43de-b063-8caaffdb91df/build]   | -6395112901570578577	 = d2d4
[2f376cdd-3582-43de-b063-8caaffdb91df/build]   |  = rnbqkb1r/pp2pppp/3p1n2/2p5/2PP4/1P3N2/P3PPPP/RNBQKB1R b KQkq d3 0 4
[2f376cdd-3582-43de-b063-8caaffdb91df/build]   | 1338917373201768279	 = c5d4
[2f376cdd-3582-43de-b063-8caaffdb91df/build]   |  = rnbqkb1r/pp2pppp/3p1n2/8/2Pp4/1P3N2/P3PPPP/RNBQKB1R w KQkq - 0 5
[2f376cdd-3582-43de-b063-8caaffdb91df/build]   | 951607811048012997	 = f3d4
[2f376cdd-3582-43de-b063-8caaffdb91df/build]   |  = rnbqkb1r/pp2pppp/3p1n2/8/2PN4/1P6/P3PPPP/RNBQKB1R b KQkq - 0 5
[2f376cdd-3582-43de-b063-8caaffdb91df/build]   | 4016738816921461640	 = e7e5
[2f376cdd-3582-43de-b063-8caaffdb91df/build]   |  = rnbqkb1r/pp3ppp/3p1n2/4p3/2PN4/1P6/P3PPPP/RNBQKB1R w KQkq e6 0 6
[2f376cdd-3582-43de-b063-8caaffdb91df/build]   | 8369000728852272266	 = d4b5
[2f376cdd-3582-43de-b063-8caaffdb91df/build]   |  = rnbqkb1r/pp3ppp/3p1n2/1N2p3/2P5/1P6/P3PPPP/RNBQKB1R b KQkq - 1 6
[2f376cdd-3582-43de-b063-8caaffdb91df/build]   | 534184192105272030	 = c8e6
[2f376cdd-3582-43de-b063-8caaffdb91df/build]   |  = rn1qkb1r/pp3ppp/3pbn2/1N2p3/2P5/1P6/P3PPPP/RNBQKB1R w KQkq - 2 7
[2f376cdd-3582-43de-b063-8caaffdb91df/build]   | 3759099742643025206	 = g2g3
[2f376cdd-3582-43de-b063-8caaffdb91df/build]   |  = rn1qkb1r/pp3ppp/3pbn2/1N2p3/2P5/1P4P1/P3PP1P/RNBQKB1R b KQkq - 0 7
[2f376cdd-3582-43de-b063-8caaffdb91df/build]   | 3565373134117513172	 = a7a6
[2f376cdd-3582-43de-b063-8caaffdb91df/build]   |  = rn1qkb1r/1p3ppp/p2pbn2/1N2p3/2P5/1P4P1/P3PP1P/RNBQKB1R w KQkq - 0 8
[2f376cdd-3582-43de-b063-8caaffdb91df/build]   | 5628513321331109649	 = b5c3
[2f376cdd-3582-43de-b063-8caaffdb91df/build]   |  = rn1qkb1r/1p3ppp/p2pbn2/4p3/2P5/1PN3P1/P3PP1P/RNBQKB1R b KQkq - 1 8
[2f376cdd-3582-43de-b063-8caaffdb91df/build]   | -3037953077428238711	 = d6d5
[2f376cdd-3582-43de-b063-8caaffdb91df/build]   |  = rn1qkb1r/1p3ppp/p3bn2/3pp3/2P5/1PN3P1/P3PP1P/RNBQKB1R w KQkq - 0 9
[2f376cdd-3582-43de-b063-8caaffdb91df/build]   | -5323556572456318558	 = c4d5
[2f376cdd-3582-43de-b063-8caaffdb91df/build]   |  = rn1qkb1r/1p3ppp/p3bn2/3Pp3/8/1PN3P1/P3PP1P/RNBQKB1R b KQkq - 0 9
[2f376cdd-3582-43de-b063-8caaffdb91df/build]   | 5736349413578185878	 = f6d5
[2f376cdd-3582-43de-b063-8caaffdb91df/build]   |  = rn1qkb1r/1p3ppp/p3b3/3np3/8/1PN3P1/P3PP1P/RNBQKB1R w KQkq - 0 10
[2f376cdd-3582-43de-b063-8caaffdb91df/build]   | -416300335409275953	 = f1g2
[2f376cdd-3582-43de-b063-8caaffdb91df/build]   |  = rn1qkb1r/1p3ppp/p3b3/3np3/8/1PN3P1/P3PPBP/RNBQK2R b KQkq - 1 10
[2f376cdd-3582-43de-b063-8caaffdb91df/build]   | 3920585241221147863	 = f8b4
[2f376cdd-3582-43de-b063-8caaffdb91df/build]   |  = rn1qk2r/1p3ppp/p3b3/3np3/1b6/1PN3P1/P3PPBP/RNBQK2R w KQkq - 2 11
[2f376cdd-3582-43de-b063-8caaffdb91df/build]   | -1871930962192893252	 = c1d2
[2f376cdd-3582-43de-b063-8caaffdb91df/build]   |  = rn1qk2r/1p3ppp/p3b3/3np3/1b6/1PN3P1/P2BPPBP/RN1QK2R b KQkq - 3 11
[2f376cdd-3582-43de-b063-8caaffdb91df/build]   | 276783626348052724	 = b8c6
[2f376cdd-3582-43de-b063-8caaffdb91df/build]   |  = r2qk2r/1p3ppp/p1n1b3/3np3/1b6/1PN3P1/P2BPPBP/RN1QK2R w KQkq - 4 12
[2f376cdd-3582-43de-b063-8caaffdb91df/build]   | 8752088040041601812	 = e1g1
[2f376cdd-3582-43de-b063-8caaffdb91df/build]   |  = r2qk2r/1p3ppp/p1n1b3/3np3/1b6/1PN3P1/P2BPPBP/RN1Q1RK1 b kq - 5 12
[2f376cdd-3582-43de-b063-8caaffdb91df/build]   | 3130521826544539166	 = e8g8
[2f376cdd-3582-43de-b063-8caaffdb91df/build]   |  = r2q1rk1/1p3ppp/p1n1b3/3np3/1b6/1PN3P1/P2BPPBP/RN1Q1RK1 w - - 6 13
[2f376cdd-3582-43de-b063-8caaffdb91df/build]   | 6268438450632675412	 = c3a4
[2f376cdd-3582-43de-b063-8caaffdb91df/build]   |  = r2q1rk1/1p3ppp/p1n1b3/3np3/Nb6/1P4P1/P2BPPBP/RN1Q1RK1 b - - 7 13
[2f376cdd-3582-43de-b063-8caaffdb91df/build]   | 3886499988873305552	 = a8c8
[2f376cdd-3582-43de-b063-8caaffdb91df/build]   |  = 2rq1rk1/1p3ppp/p1n1b3/3np3/Nb6/1P4P1/P2BPPBP/RN1Q1RK1 w - - 8 14
[2f376cdd-3582-43de-b063-8caaffdb91df/build]   | 4416040984093121911	 = a2a3
[2f376cdd-3582-43de-b063-8caaffdb91df/build]   |  = 2rq1rk1/1p3ppp/p1n1b3/3np3/Nb6/PP4P1/3BPPBP/RN1Q1RK1 b - - 0 14
[2f376cdd-3582-43de-b063-8caaffdb91df/build]   | 8086519610933724906	 = b4e7
[2f376cdd-3582-43de-b063-8caaffdb91df/build]   |  = 2rq1rk1/1p2bppp/p1n1b3/3np3/N7/PP4P1/3BPPBP/RN1Q1RK1 w - - 1 15
[2f376cdd-3582-43de-b063-8caaffdb91df/build]   | 6942017691813444002	 = e2e3
[2f376cdd-3582-43de-b063-8caaffdb91df/build]   |  = 2rq1rk1/1p2bppp/p1n1b3/3np3/N7/PP2P1P1/3B1PBP/RN1Q1RK1 b - - 0 15
[2f376cdd-3582-43de-b063-8caaffdb91df/build]   | 5511877886134679970	 = b7b5
[2f376cdd-3582-43de-b063-8caaffdb91df/build]   |  = 2rq1rk1/4bppp/p1n1b3/1p1np3/N7/PP2P1P1/3B1PBP/RN1Q1RK1 w - b6 0 16
[2f376cdd-3582-43de-b063-8caaffdb91df/build]   | 5806669445649149425	 = a4b2
[2f376cdd-3582-43de-b063-8caaffdb91df/build]   |  = 2rq1rk1/4bppp/p1n1b3/1p1np3/8/PP2P1P1/1N1B1PBP/RN1Q1RK1 b - - 1 16
[2f376cdd-3582-43de-b063-8caaffdb91df/build]   | -2842280463950178691	 = d8b6
[2f376cdd-3582-43de-b063-8caaffdb91df/build]   |  = 2r2rk1/4bppp/pqn1b3/1p1np3/8/PP2P1P1/1N1B1PBP/RN1Q1RK1 w - - 2 17
[2f376cdd-3582-43de-b063-8caaffdb91df/build]   | 7330065811767288136	 = b2d3
[2f376cdd-3582-43de-b063-8caaffdb91df/build]   |  = 2r2rk1/4bppp/pqn1b3/1p1np3/8/PP1NP1P1/3B1PBP/RN1Q1RK1 b - - 3 17
[2f376cdd-3582-43de-b063-8caaffdb91df/build]   | 1005166331808440528	 = f8d8
[2f376cdd-3582-43de-b063-8caaffdb91df/build]   |  = 2rr2k1/4bppp/pqn1b3/1p1np3/8/PP1NP1P1/3B1PBP/RN1Q1RK1 w - - 4 18
[2f376cdd-3582-43de-b063-8caaffdb91df/build]   | -6523747474547437923	 = d1e2
[2f376cdd-3582-43de-b063-8caaffdb91df/build]   |  = 2rr2k1/4bppp/pqn1b3/1p1np3/8/PP1NP1P1/3BQPBP/RN3RK1 b - - 5 18
[2f376cdd-3582-43de-b063-8caaffdb91df/build]   | 2856667383983642112	 = d5f6
[2f376cdd-3582-43de-b063-8caaffdb91df/build]   |  = 2rr2k1/4bppp/pqn1bn2/1p2p3/8/PP1NP1P1/3BQPBP/RN3RK1 w - - 6 19
[2f376cdd-3582-43de-b063-8caaffdb91df/build]   | 4660223202791915303	 = d3c1
[2f376cdd-3582-43de-b063-8caaffdb91df/build]   |  = 2rr2k1/4bppp/pqn1bn2/1p2p3/8/PP2P1P1/3BQPBP/RNN2RK1 b - - 7 19
[2f376cdd-3582-43de-b063-8caaffdb91df/build]   | -8134240597246054996	 = e5e4
[2f376cdd-3582-43de-b063-8caaffdb91df/build]   |  = 2rr2k1/4bppp/pqn1bn2/1p6/4p3/PP2P1P1/3BQPBP/RNN2RK1 w - - 0 20
[2f376cdd-3582-43de-b063-8caaffdb91df/build]   | -7732428668101022308	 = d2c3
[2f376cdd-3582-43de-b063-8caaffdb91df/build]   |  = 2rr2k1/4bppp/pqn1bn2/1p6/4p3/PPB1P1P1/4QPBP/RNN2RK1 b - - 1 20
[2f376cdd-3582-43de-b063-8caaffdb91df/build]   | 1613116590033679617	 = f6d5
[2f376cdd-3582-43de-b063-8caaffdb91df/build]   |  = 2rr2k1/4bppp/pqn1b3/1p1n4/4p3/PPB1P1P1/4QPBP/RNN2RK1 w - - 2 21
[2f376cdd-3582-43de-b063-8caaffdb91df/build]   | -728497306698758962	 = g2e4
[2f376cdd-3582-43de-b063-8caaffdb91df/build]   |  = 2rr2k1/4bppp/pqn1b3/1p1n4/4B3/PPB1P1P1/4QP1P/RNN2RK1 b - - 0 21
[2f376cdd-3582-43de-b063-8caaffdb91df/build]   | 2670445468681426363	 = d5c3
[2f376cdd-3582-43de-b063-8caaffdb91df/build]   |  = 2rr2k1/4bppp/pqn1b3/1p6/4B3/PPn1P1P1/4QP1P/RNN2RK1 w - - 0 22
[2f376cdd-3582-43de-b063-8caaffdb91df/build]   | 2919380828458586330	 = b1c3
[2f376cdd-3582-43de-b063-8caaffdb91df/build]   |  = 2rr2k1/4bppp/pqn1b3/1p6/4B3/PPN1P1P1/4QP1P/R1N2RK1 b - - 0 22
[2f376cdd-3582-43de-b063-8caaffdb91df/build]   | -4297831075801056617	 = c6a5
[2f376cdd-3582-43de-b063-8caaffdb91df/build]   |  = 2rr2k1/4bppp/pq2b3/np6/4B3/PPN1P1P1/4QP1P/R1N2RK1 w - - 1 23
[2f376cdd-3582-43de-b063-8caaffdb91df/build]   | -6975279927721078201	 = c1a2
[2f376cdd-3582-43de-b063-8caaffdb91df/build]   |  = 2rr2k1/4bppp/pq2b3/np6/4B3/PPN1P1P1/N3QP1P/R4RK1 b - - 2 23
[2f376cdd-3582-43de-b063-8caaffdb91df/build]   | -5651628512996131601	 = a5b3
[2f376cdd-3582-43de-b063-8caaffdb91df/build]   |  = 2rr2k1/4bppp/pq2b3/1p6/4B3/PnN1P1P1/N3QP1P/R4RK1 w - - 0 24
[2f376cdd-3582-43de-b063-8caaffdb91df/build]   | 1730095226985351168	 = a1d1
[2f376cdd-3582-43de-b063-8caaffdb91df/build]   |  = 2rr2k1/4bppp/pq2b3/1p6/4B3/PnN1P1P1/N3QP1P/3R1RK1 b - - 1 24
[2f376cdd-3582-43de-b063-8caaffdb91df/build]   | -4409768867524695916	 = e6c4
[2f376cdd-3582-43de-b063-8caaffdb91df/build]   |  = 2rr2k1/4bppp/pq6/1p6/2b1B3/PnN1P1P1/N3QP1P/3R1RK1 w - - 2 25
[2f376cdd-3582-43de-b063-8caaffdb91df/build]   | -7382098617907788710	 = e2f3
[2f376cdd-3582-43de-b063-8caaffdb91df/build]   |  = 2rr2k1/4bppp/pq6/1p6/2b1B3/PnN1PQP1/N4P1P/3R1RK1 b - - 3 25
[2f376cdd-3582-43de-b063-8caaffdb91df/build]   | 6026371615022628471	 = b6f6
[2f376cdd-3582-43de-b063-8caaffdb91df/build]   |  = 2rr2k1/4bppp/p4q2/1p6/2b1B3/PnN1PQP1/N4P1P/3R1RK1 w - - 4 26
[2f376cdd-3582-43de-b063-8caaffdb91df/build]   | 4092755812428017025	 = f3g4
[2f376cdd-3582-43de-b063-8caaffdb91df/build]   |  = 2rr2k1/4bppp/p4q2/1p6/2b1B1Q1/PnN1P1P1/N4P1P/3R1RK1 b - - 5 26
[2f376cdd-3582-43de-b063-8caaffdb91df/build]   | -2160688373055009515	 = c4e6
[2f376cdd-3582-43de-b063-8caaffdb91df/build]   |  = 2rr2k1/4bppp/p3bq2/1p6/4B1Q1/PnN1P1P1/N4P1P/3R1RK1 w - - 6 27
[2f376cdd-3582-43de-b063-8caaffdb91df/build]   | 7098909620663018091	 = g4e2
[2f376cdd-3582-43de-b063-8caaffdb91df/build]   |  = 2rr2k1/4bppp/p3bq2/1p6/4B3/PnN1P1P1/N3QP1P/3R1RK1 b - - 7 27
[2f376cdd-3582-43de-b063-8caaffdb91df/build]   | 6302881892168265148	 = c8c3
[2f376cdd-3582-43de-b063-8caaffdb91df/build]   |  = 3r2k1/4bppp/p3bq2/1p6/4B3/Pnr1P1P1/N3QP1P/3R1RK1 w - - 0 28
[2f376cdd-3582-43de-b063-8caaffdb91df/build]   | 5075136362660962942	 = a2c3
[2f376cdd-3582-43de-b063-8caaffdb91df/build]   |  = 3r2k1/4bppp/p3bq2/1p6/4B3/PnN1P1P1/4QP1P/3R1RK1 b - - 0 28
[2f376cdd-3582-43de-b063-8caaffdb91df/build]   | -6645369062157476746	 = f6c3
[2f376cdd-3582-43de-b063-8caaffdb91df/build]   |  = 3r2k1/4bppp/p3b3/1p6/4B3/Pnq1P1P1/4QP1P/3R1RK1 w - - 0 29
[2f376cdd-3582-43de-b063-8caaffdb91df/build]   | 7478381370136492571	 = d1d8
[2f376cdd-3582-43de-b063-8caaffdb91df/build]   |  = 3R2k1/4bppp/p3b3/1p6/4B3/Pnq1P1P1/4QP1P/5RK1 b - - 0 29
[2f376cdd-3582-43de-b063-8caaffdb91df/build]   | -6792808012596415977	 = e7d8
[2f376cdd-3582-43de-b063-8caaffdb91df/build]   |  = 3b2k1/5ppp/p3b3/1p6/4B3/Pnq1P1P1/4QP1P/5RK1 w - - 0 30
[2f376cdd-3582-43de-b063-8caaffdb91df/build]   | -5029418339112038089	 = f1d1
[2f376cdd-3582-43de-b063-8caaffdb91df/build]   |  = 3b2k1/5ppp/p3b3/1p6/4B3/Pnq1P1P1/4QP1P/3R2K1 b - - 1 30
[2f376cdd-3582-43de-b063-8caaffdb91df/build]   | 3749249205101071119	 = d8e7
[2f376cdd-3582-43de-b063-8caaffdb91df/build]   |  = 6k1/4bppp/p3b3/1p6/4B3/Pnq1P1P1/4QP1P/3R2K1 w - - 2 31
[2f376cdd-3582-43de-b063-8caaffdb91df/build]   | -2296826685534500076	 = e4b7
[2f376cdd-3582-43de-b063-8caaffdb91df/build]   |  = 6k1/1B2bppp/p3b3/1p6/8/Pnq1P1P1/4QP1P/3R2K1 b - - 3 31
[2f376cdd-3582-43de-b063-8caaffdb91df/build]   | -6870856741574813197	 = b3c5
[2f376cdd-3582-43de-b063-8caaffdb91df/build]   |  = 6k1/1B2bppp/p3b3/1pn5/8/P1q1P1P1/4QP1P/3R2K1 w - - 4 32
[2f376cdd-3582-43de-b063-8caaffdb91df/build]   | -295813926539709123	 = e2f3
[2f376cdd-3582-43de-b063-8caaffdb91df/build]   |  = 6k1/1B2bppp/p3b3/1pn5/8/P1q1PQP1/5P1P/3R2K1 b - - 5 32
[2f376cdd-3582-43de-b063-8caaffdb91df/build]   | -7368128314504445245	 = g7g6
[2f376cdd-3582-43de-b063-8caaffdb91df/build]   |  = 6k1/1B2bp1p/p3b1p1/1pn5/8/P1q1PQP1/5P1P/3R2K1 w - - 0 33
[2f376cdd-3582-43de-b063-8caaffdb91df/build]   | 5592357846719996767	 = b7d5
[2f376cdd-3582-43de-b063-8caaffdb91df/build]   |  = 6k1/4bp1p/p3b1p1/1pnB4/8/P1q1PQP1/5P1P/3R2K1 b - - 1 33
[2f376cdd-3582-43de-b063-8caaffdb91df/build]   | 2221177512435900383	 = e6d5
[2f376cdd-3582-43de-b063-8caaffdb91df/build]   |  = 6k1/4bp1p/p5p1/1pnb4/8/P1q1PQP1/5P1P/3R2K1 w - - 0 34
[2f376cdd-3582-43de-b063-8caaffdb91df/build]   | -7536605285318163424	 = f3d5
[2f376cdd-3582-43de-b063-8caaffdb91df/build]   |  = 6k1/4bp1p/p5p1/1pnQ4/8/P1q1P1P1/5P1P/3R2K1 b - - 0 34
[2f376cdd-3582-43de-b063-8caaffdb91df/build]   | -3041743981934055372	 = c3a3
[2f376cdd-3582-43de-b063-8caaffdb91df/build]   |  = 6k1/4bp1p/p5p1/1pnQ4/8/q3P1P1/5P1P/3R2K1 w - - 0 35
[2f376cdd-3582-43de-b063-8caaffdb91df/build]   | -8870049534836622971	 = d5e5
[2f376cdd-3582-43de-b063-8caaffdb91df/build]   |  = 6k1/4bp1p/p5p1/1pn1Q3/8/q3P1P1/5P1P/3R2K1 b - - 1 35
[2f376cdd-3582-43de-b063-8caaffdb91df/build]   | 8563155578445040879	 = c5e6
[2f376cdd-3582-43de-b063-8caaffdb91df/build]   |  = 6k1/4bp1p/p3n1p1/1p2Q3/8/q3P1P1/5P1P/3R2K1 w - - 2 36
[2f376cdd-3582-43de-b063-8caaffdb91df/build]   | -2358310467644557312	 = d1a1
[2f376cdd-3582-43de-b063-8caaffdb91df/build]   |  = 6k1/4bp1p/p3n1p1/1p2Q3/8/q3P1P1/5P1P/R5K1 b - - 3 36
[2f376cdd-3582-43de-b063-8caaffdb91df/build]   | 856372623161709311	 = a3d6
[2f376cdd-3582-43de-b063-8caaffdb91df/build]   |  = 6k1/4bp1p/p2qn1p1/1p2Q3/8/4P1P1/5P1P/R5K1 w - - 4 37
[2f376cdd-3582-43de-b063-8caaffdb91df/build]   | 499901993022411484	 = e5d6
[2f376cdd-3582-43de-b063-8caaffdb91df/build]   |  = 6k1/4bp1p/p2Qn1p1/1p6/8/4P1P1/5P1P/R5K1 b - - 0 37
[2f376cdd-3582-43de-b063-8caaffdb91df/build]   | -7466446384472616607	 = e7d6
[2f376cdd-3582-43de-b063-8caaffdb91df/build]   |  = 6k1/5p1p/p2bn1p1/1p6/8/4P1P1/5P1P/R5K1 w - - 0 38
[2f376cdd-3582-43de-b063-8caaffdb91df/build]   | 7813788642131910453	 = a1a6
[2f376cdd-3582-43de-b063-8caaffdb91df/build]   |  = 6k1/5p1p/R2bn1p1/1p6/8/4P1P1/5P1P/6K1 b - - 0 38
[2f376cdd-3582-43de-b063-8caaffdb91df/build]   | 548062567547406487	 = d6c5
[2f376cdd-3582-43de-b063-8caaffdb91df/build]   |  = 6k1/5p1p/R3n1p1/1pb5/8/4P1P1/5P1P/6K1 w - - 1 39
[2f376cdd-3582-43de-b063-8caaffdb91df/build]   | 4271070029531307434	 = g1f1
[2f376cdd-3582-43de-b063-8caaffdb91df/build]   |  = 6k1/5p1p/R3n1p1/1pb5/8/4P1P1/5P1P/5K2 b - - 2 39
[2f376cdd-3582-43de-b063-8caaffdb91df/build]   | 1830704449941774578	 = g8f8
[2f376cdd-3582-43de-b063-8caaffdb91df/build]   |  = 5k2/5p1p/R3n1p1/1pb5/8/4P1P1/5P1P/5K2 w - - 3 40
[2f376cdd-3582-43de-b063-8caaffdb91df/build]   | -7769123138040853889	 = f1e2
[2f376cdd-3582-43de-b063-8caaffdb91df/build]   |  = 5k2/5p1p/R3n1p1/1pb5/8/4P1P1/4KP1P/8 b - - 4 40
[2f376cdd-3582-43de-b063-8caaffdb91df/build]   | 3003121537766592324	 = f8e7
[2f376cdd-3582-43de-b063-8caaffdb91df/build]   |  = 8/4kp1p/R3n1p1/1pb5/8/4P1P1/4KP1P/8 w - - 5 41
[2f376cdd-3582-43de-b063-8caaffdb91df/build]   | 74876065116144225	 = e2d3
[2f376cdd-3582-43de-b063-8caaffdb91df/build]   |  = 8/4kp1p/R3n1p1/1pb5/8/3KP1P1/5P1P/8 b - - 6 41
[2f376cdd-3582-43de-b063-8caaffdb91df/build]   | 1922320226768812097	 = e7d7
[2f376cdd-3582-43de-b063-8caaffdb91df/build]   |  = 8/3k1p1p/R3n1p1/1pb5/8/3KP1P1/5P1P/8 w - - 7 42
[2f376cdd-3582-43de-b063-8caaffdb91df/build]   | -4673990452105557436	 = g3g4
[2f376cdd-3582-43de-b063-8caaffdb91df/build]   |  = 8/3k1p1p/R3n1p1/1pb5/6P1/3KP3/5P1P/8 b - - 0 42
[2f376cdd-3582-43de-b063-8caaffdb91df/build]   | -4361258606045450069	 = d7c7
[2f376cdd-3582-43de-b063-8caaffdb91df/build]   |  = 8/2k2p1p/R3n1p1/1pb5/6P1/3KP3/5P1P/8 w - - 1 43
[2f376cdd-3582-43de-b063-8caaffdb91df/build]   | -5171480277330667722	 = a6a8
[2f376cdd-3582-43de-b063-8caaffdb91df/build]   |  = R7/2k2p1p/4n1p1/1pb5/6P1/3KP3/5P1P/8 b - - 2 43
[2f376cdd-3582-43de-b063-8caaffdb91df/build]   | 9096085512508223002	 = c7c6
[2f376cdd-3582-43de-b063-8caaffdb91df/build]   |  = R7/5p1p/2k1n1p1/1pb5/6P1/3KP3/5P1P/8 w - - 3 44
[2f376cdd-3582-43de-b063-8caaffdb91df/build]   | 2323147197240163422	 = f2f4
[2f376cdd-3582-43de-b063-8caaffdb91df/build]   |  = R7/5p1p/2k1n1p1/1pb5/5PP1/3KP3/7P/8 b - f3 0 44
[2f376cdd-3582-43de-b063-8caaffdb91df/build]   | -3850309042805480294	 = c5e7
[2f376cdd-3582-43de-b063-8caaffdb91df/build]   |  = R7/4bp1p/2k1n1p1/1p6/5PP1/3KP3/7P/8 w - - 1 45
[2f376cdd-3582-43de-b063-8caaffdb91df/build]   | 7225196519749324090	 = a8c8
[2f376cdd-3582-43de-b063-8caaffdb91df/build]   |  = 2R5/4bp1p/2k1n1p1/1p6/5PP1/3KP3/7P/8 b - - 2 45
[2f376cdd-3582-43de-b063-8caaffdb91df/build]   | -7594230645046063733	 = c6d5
[2f376cdd-3582-43de-b063-8caaffdb91df/build]   |  = 2R5/4bp1p/4n1p1/1p1k4/5PP1/3KP3/7P/8 w - - 3 46
[2f376cdd-3582-43de-b063-8caaffdb91df/build]   | -3356510829408998033	 = c8e8
[2f376cdd-3582-43de-b063-8caaffdb91df/build]   |  = 4R3/4bp1p/4n1p1/1p1k4/5PP1/3KP3/7P/8 b - - 4 46
[2f376cdd-3582-43de-b063-8caaffdb91df/build]   | 7332237715717071195	 = d5d6
[2f376cdd-3582-43de-b063-8caaffdb91df/build]   |  = 4R3/4bp1p/3kn1p1/1p6/5PP1/3KP3/7P/8 w - - 5 47
[2f376cdd-3582-43de-b063-8caaffdb91df/build]   | -8676901125256051175	 = g4g5
[2f376cdd-3582-43de-b063-8caaffdb91df/build]   |  = 4R3/4bp1p/3kn1p1/1p4P1/5P2/3KP3/7P/8 b - - 0 47
[2f376cdd-3582-43de-b063-8caaffdb91df/build]   | 806548625663603098	 = f7f5
[2f376cdd-3582-43de-b063-8caaffdb91df/build]   |  = 4R3/4b2p/3kn1p1/1p3pP1/5P2/3KP3/7P/8 w - f6 0 48
[2f376cdd-3582-43de-b063-8caaffdb91df/build]   | -5334763456919258877	 = e8b8
[2f376cdd-3582-43de-b063-8caaffdb91df/build]   |  = 1R6/4b2p/3kn1p1/1p3pP1/5P2/3KP3/7P/8 b - - 1 48
[2f376cdd-3582-43de-b063-8caaffdb91df/build]   | 4839486916263765440	 = d6c6
[2f376cdd-3582-43de-b063-8caaffdb91df/build]   |  = 1R6/4b2p/2k1n1p1/1p3pP1/5P2/3KP3/7P/8 w - - 2 49
[2f376cdd-3582-43de-b063-8caaffdb91df/build]   | 5854240538985677756	 = b8e8
[2f376cdd-3582-43de-b063-8caaffdb91df/build]   |  = 4R3/4b2p/2k1n1p1/1p3pP1/5P2/3KP3/7P/8 b - - 3 49
[2f376cdd-3582-43de-b063-8caaffdb91df/build]   | -6350036356207206529	 = c6d6
[2f376cdd-3582-43de-b063-8caaffdb91df/build]   |  = 4R3/4b2p/3kn1p1/1p3pP1/5P2/3KP3/7P/8 w - - 4 50
[2f376cdd-3582-43de-b063-8caaffdb91df/build]   | -5334763456919258877	 = e8b8
[2f376cdd-3582-43de-b063-8caaffdb91df/build]   |  = 1R6/4b2p/3kn1p1/1p3pP1/5P2/3KP3/7P/8 b - - 5 50
[2f376cdd-3582-43de-b063-8caaffdb91df/build]   | 4839486916263765440	 = d6c6
[2f376cdd-3582-43de-b063-8caaffdb91df/build]   |  = 1R6/4b2p/2k1n1p1/1p3pP1/5P2/3KP3/7P/8 w - - 6 51
[2f376cdd-3582-43de-b063-8caaffdb91df/build]   | 5854240538985677756	 = b8e8
[2f376cdd-3582-43de-b063-8caaffdb91df/build]   |  = 4R3/4b2p/2k1n1p1/1p3pP1/5P2/3KP3/7P/8 b - - 7 51
[2f376cdd-3582-43de-b063-8caaffdb91df/build]   | -6350036356207206529	 = c6d6
[2f376cdd-3582-43de-b063-8caaffdb91df/build]   |  = 4R3/4b2p/3kn1p1/1p3pP1/5P2/3KP3/7P/8 w - - 8 52
[2f376cdd-3582-43de-b063-8caaffdb91df/build]   | 1898726323
[2f376cdd-3582-43de-b063-8caaffdb91df/build]   | Tests run: 36, Failures: 0, Errors: 0, Skipped: 0, Time elapsed: 0.096 sec
[2f376cdd-3582-43de-b063-8caaffdb91df/build]   | Running com.github.bhlangonijr.chesslib.PerftTest
[2f376cdd-3582-43de-b063-8caaffdb91df/build]   | b7b8q: 42706
[2f376cdd-3582-43de-b063-8caaffdb91df/build]   | b7b8r: 35072
[2f376cdd-3582-43de-b063-8caaffdb91df/build]   | b7b8b: 28044
[2f376cdd-3582-43de-b063-8caaffdb91df/build]   | b7b8n: 10703
[2f376cdd-3582-43de-b063-8caaffdb91df/build]   | a2a1: 13026
[2f376cdd-3582-43de-b063-8caaffdb91df/build]   | a2b1: 17666
[2f376cdd-3582-43de-b063-8caaffdb91df/build]   | a2b2: 25049
[2f376cdd-3582-43de-b063-8caaffdb91df/build]   | a2a3: 18885
[2f376cdd-3582-43de-b063-8caaffdb91df/build]   | a2b3: 26191
[2f376cdd-3582-43de-b063-8caaffdb91df/build]   | Node count: 217342
[2f376cdd-3582-43de-b063-8caaffdb91df/build]   | Time: 267
[2f376cdd-3582-43de-b063-8caaffdb91df/build]   | a7a8q: 19066
[2f376cdd-3582-43de-b063-8caaffdb91df/build]   | a7a8r: 17190
[2f376cdd-3582-43de-b063-8caaffdb91df/build]   | a7a8b: 18675
[2f376cdd-3582-43de-b063-8caaffdb91df/build]   | a7a8n: 6679
[2f376cdd-3582-43de-b063-8caaffdb91df/build]   | a6a5: 14506
[2f376cdd-3582-43de-b063-8caaffdb91df/build]   | a6b5: 16567
[2f376cdd-3582-43de-b063-8caaffdb91df/build]   | Node count: 92683
[2f376cdd-3582-43de-b063-8caaffdb91df/build]   | Time: 68
[2f376cdd-3582-43de-b063-8caaffdb91df/build]   | a6a7: 837
[2f376cdd-3582-43de-b063-8caaffdb91df/build]   | a8a7: 1380
[2f376cdd-3582-43de-b063-8caaffdb91df/build]   | Node count: 2217
[2f376cdd-3582-43de-b063-8caaffdb91df/build]   | Time: 1
[2f376cdd-3582-43de-b063-8caaffdb91df/build]   | c7c8q: 0
[2f376cdd-3582-43de-b063-8caaffdb91df/build]   | c7c8r: 52185
[2f376cdd-3582-43de-b063-8caaffdb91df/build]   | c7c8b: 57162
[2f376cdd-3582-43de-b063-8caaffdb91df/build]   | c7c8n: 44544
[2f376cdd-3582-43de-b063-8caaffdb91df/build]   | b5a4: 74272
[2f376cdd-3582-43de-b063-8caaffdb91df/build]   | b5b4: 108544
[2f376cdd-3582-43de-b063-8caaffdb91df/build]   | b5c4: 133887
[2f376cdd-3582-43de-b063-8caaffdb91df/build]   | b5a5: 18352
[2f376cdd-3582-43de-b063-8caaffdb91df/build]   | b5c5: 56683
[2f376cdd-3582-43de-b063-8caaffdb91df/build]   | b5c6: 21955
[2f376cdd-3582-43de-b063-8caaffdb91df/build]   | Node count: 567584
[2f376cdd-3582-43de-b063-8caaffdb91df/build]   | Time: 343
[2f376cdd-3582-43de-b063-8caaffdb91df/build]   | f4e2: 544
[2f376cdd-3582-43de-b063-8caaffdb91df/build]   | f4g2: 534
[2f376cdd-3582-43de-b063-8caaffdb91df/build]   | f4d3: 677
[2f376cdd-3582-43de-b063-8caaffdb91df/build]   | f4h3: 640
[2f376cdd-3582-43de-b063-8caaffdb91df/build]   | f4d5: 665
[2f376cdd-3582-43de-b063-8caaffdb91df/build]   | f4h5: 688
[2f376cdd-3582-43de-b063-8caaffdb91df/build]   | f4e6: 839
[2f376cdd-3582-43de-b063-8caaffdb91df/build]   | f4g6: 832
[2f376cdd-3582-43de-b063-8caaffdb91df/build]   | f5b1: 524
[2f376cdd-3582-43de-b063-8caaffdb91df/build]   | f5c2: 603
[2f376cdd-3582-43de-b063-8caaffdb91df/build]   | f5d3: 199
[2f376cdd-3582-43de-b063-8caaffdb91df/build]   | f5h3: 182
[2f376cdd-3582-43de-b063-8caaffdb91df/build]   | f5e4: 318
[2f376cdd-3582-43de-b063-8caaffdb91df/build]   | f5g4: 277
[2f376cdd-3582-43de-b063-8caaffdb91df/build]   | f5a5: 782
[2f376cdd-3582-43de-b063-8caaffdb91df/build]   | f5b5: 726
[2f376cdd-3582-43de-b063-8caaffdb91df/build]   | f5c5: 515
[2f376cdd-3582-43de-b063-8caaffdb91df/build]   | f5d5: 597
[2f376cdd-3582-43de-b063-8caaffdb91df/build]   | f5e5: 562
[2f376cdd-3582-43de-b063-8caaffdb91df/build]   | f5g5: 478
[2f376cdd-3582-43de-b063-8caaffdb91df/build]   | f5h5: 558
[2f376cdd-3582-43de-b063-8caaffdb91df/build]   | f5e6: 513
[2f376cdd-3582-43de-b063-8caaffdb91df/build]   | f5f6: 763
[2f376cdd-3582-43de-b063-8caaffdb91df/build]   | f5g6: 473
[2f376cdd-3582-43de-b063-8caaffdb91df/build]   | f5d7: 812
[2f376cdd-3582-43de-b063-8caaffdb91df/build]   | f5f7: 841
[2f376cdd-3582-43de-b063-8caaffdb91df/build]   | f5h7: 838
[2f376cdd-3582-43de-b063-8caaffdb91df/build]   | f5c8: 823
[2f376cdd-3582-43de-b063-8caaffdb91df/build]   | f5f8: 809
[2f376cdd-3582-43de-b063-8caaffdb91df/build]   | c6b5: 730
[2f376cdd-3582-43de-b063-8caaffdb91df/build]   | c6c5: 687
[2f376cdd-3582-43de-b063-8caaffdb91df/build]   | c6d5: 623
[2f376cdd-3582-43de-b063-8caaffdb91df/build]   | c6b6: 784
[2f376cdd-3582-43de-b063-8caaffdb91df/build]   | c6d6: 786
[2f376cdd-3582-43de-b063-8caaffdb91df/build]   | c6b7: 785
[2f376cdd-3582-43de-b063-8caaffdb91df/build]   | c6c7: 785
[2f376cdd-3582-43de-b063-8caaffdb91df/build]   | c6d7: 735
[2f376cdd-3582-43de-b063-8caaffdb91df/build]   | Node count: 23527
[2f376cdd-3582-43de-b063-8caaffdb91df/build]   | Time: 21
[2f376cdd-3582-43de-b063-8caaffdb91df/build]   | h6h5: 308855
[2f376cdd-3582-43de-b063-8caaffdb91df/build]   | b7b6: 331753
[2f376cdd-3582-43de-b063-8caaffdb91df/build]   | c7c5: 240760
[2f376cdd-3582-43de-b063-8caaffdb91df/build]   | c7c6: 286368
[2f376cdd-3582-43de-b063-8caaffdb91df/build]   | g7g5: 244926
[2f376cdd-3582-43de-b063-8caaffdb91df/build]   | g7g6: 261420
[2f376cdd-3582-43de-b063-8caaffdb91df/build]   | d5a2: 291533
[2f376cdd-3582-43de-b063-8caaffdb91df/build]   | d5b3: 265480
[2f376cdd-3582-43de-b063-8caaffdb91df/build]   | d5c4: 316179
[2f376cdd-3582-43de-b063-8caaffdb91df/build]   | d5c6: 276024
[2f376cdd-3582-43de-b063-8caaffdb91df/build]   | f6h4: 305276
[2f376cdd-3582-43de-b063-8caaffdb91df/build]   | f6g5: 304916
[2f376cdd-3582-43de-b063-8caaffdb91df/build]   | f6g6: 241213
[2f376cdd-3582-43de-b063-8caaffdb91df/build]   | f6e7: 386224
[2f376cdd-3582-43de-b063-8caaffdb91df/build]   | f6f7: 335622
[2f376cdd-3582-43de-b063-8caaffdb91df/build]   | f6d8: 448488
[2f376cdd-3582-43de-b063-8caaffdb91df/build]   | f6f8: 452793
[2f376cdd-3582-43de-b063-8caaffdb91df/build]   | f5g4: 387273
[2f376cdd-3582-43de-b063-8caaffdb91df/build]   | f5g5: 359243
[2f376cdd-3582-43de-b063-8caaffdb91df/build]   | f5g6: 377168
[2f376cdd-3582-43de-b063-8caaffdb91df/build]   | Node count: 6421514
[2f376cdd-3582-43de-b063-8caaffdb91df/build]   | Time: 2405
[2f376cdd-3582-43de-b063-8caaffdb91df/build]   | a2a3: 181046
[2f376cdd-3582-43de-b063-8caaffdb91df/build]   | a2a4: 217832
[2f376cdd-3582-43de-b063-8caaffdb91df/build]   | b2b3: 215255
[2f376cdd-3582-43de-b063-8caaffdb91df/build]   | b2b4: 216145
[2f376cdd-3582-43de-b063-8caaffdb91df/build]   | c2c3: 222861
[2f376cdd-3582-43de-b063-8caaffdb91df/build]   | c2c4: 240082
[2f376cdd-3582-43de-b063-8caaffdb91df/build]   | d2d3: 328511
[2f376cdd-3582-43de-b063-8caaffdb91df/build]   | d2d4: 361790
[2f376cdd-3582-43de-b063-8caaffdb91df/build]   | e2e3: 402988
[2f376cdd-3582-43de-b063-8caaffdb91df/build]   | e2e4: 405385
[2f376cdd-3582-43de-b063-8caaffdb91df/build]   | f2f3: 178889
[2f376cdd-3582-43de-b063-8caaffdb91df/build]   | f2f4: 198473
[2f376cdd-3582-43de-b063-8caaffdb91df/build]   | g2g3: 217210
[2f376cdd-3582-43de-b063-8caaffdb91df/build]   | g2g4: 214048
[2f376cdd-3582-43de-b063-8caaffdb91df/build]   | h2h3: 181044
[2f376cdd-3582-43de-b063-8caaffdb91df/build]   | h2h4: 218829
[2f376cdd-3582-43de-b063-8caaffdb91df/build]   | b1a3: 198572
[2f376cdd-3582-43de-b063-8caaffdb91df/build]   | b1c3: 234656
[2f376cdd-3582-43de-b063-8caaffdb91df/build]   | g1f3: 233491
[2f376cdd-3582-43de-b063-8caaffdb91df/build]   | g1h3: 198502
[2f376cdd-3582-43de-b063-8caaffdb91df/build]   | Node count: 4865609
[2f376cdd-3582-43de-b063-8caaffdb91df/build]   | Time: 1960
[2f376cdd-3582-43de-b063-8caaffdb91df/build]   | d7c8q: 44226
[2f376cdd-3582-43de-b063-8caaffdb91df/build]   | d7c8r: 38077
[2f376cdd-3582-43de-b063-8caaffdb91df/build]   | d7c8b: 65053
[2f376cdd-3582-43de-b063-8caaffdb91df/build]   | d7c8n: 62009
[2f376cdd-3582-43de-b063-8caaffdb91df/build]   | a2a3: 46833
[2f376cdd-3582-43de-b063-8caaffdb91df/build]   | a2a4: 48882
[2f376cdd-3582-43de-b063-8caaffdb91df/build]   | b2b3: 46497
[2f376cdd-3582-43de-b063-8caaffdb91df/build]   | b2b4: 46696
[2f376cdd-3582-43de-b063-8caaffdb91df/build]   | c2c3: 49406
[2f376cdd-3582-43de-b063-8caaffdb91df/build]   | g2g3: 44509
[2f376cdd-3582-43de-b063-8caaffdb91df/build]   | g2g4: 45506
[2f376cdd-3582-43de-b063-8caaffdb91df/build]   | h2h3: 46762
[2f376cdd-3582-43de-b063-8caaffdb91df/build]   | h2h4: 47811
[2f376cdd-3582-43de-b063-8caaffdb91df/build]   | b1d2: 40560
[2f376cdd-3582-43de-b063-8caaffdb91df/build]   | b1a3: 44378
[2f376cdd-3582-43de-b063-8caaffdb91df/build]   | b1c3: 50303
[2f376cdd-3582-43de-b063-8caaffdb91df/build]   | e2g1: 48844
[2f376cdd-3582-43de-b063-8caaffdb91df/build]   | e2c3: 54792
[2f376cdd-3582-43de-b063-8caaffdb91df/build]   | e2g3: 51892
[2f376cdd-3582-43de-b063-8caaffdb91df/build]   | e2d4: 52109
[2f376cdd-3582-43de-b063-8caaffdb91df/build]   | e2f4: 51127
[2f376cdd-3582-43de-b063-8caaffdb91df/build]   | c1d2: 46881
[2f376cdd-3582-43de-b063-8caaffdb91df/build]   | c1e3: 53637
[2f376cdd-3582-43de-b063-8caaffdb91df/build]   | c1f4: 52350
[2f376cdd-3582-43de-b063-8caaffdb91df/build]   | c1g5: 45601
[2f376cdd-3582-43de-b063-8caaffdb91df/build]   | c1h6: 40913
[2f376cdd-3582-43de-b063-8caaffdb91df/build]   | c4b3: 43453
[2f376cdd-3582-43de-b063-8caaffdb91df/build]   | c4d3: 43565
[2f376cdd-3582-43de-b063-8caaffdb91df/build]   | c4b5: 45559
[2f376cdd-3582-43de-b063-8caaffdb91df/build]   | c4d5: 48002
[2f376cdd-3582-43de-b063-8caaffdb91df/build]   | c4a6: 41884
[2f376cdd-3582-43de-b063-8caaffdb91df/build]   | c4e6: 49872
[2f376cdd-3582-43de-b063-8caaffdb91df/build]   | c4f7: 43289
[2f376cdd-3582-43de-b063-8caaffdb91df/build]   | h1f1: 46101
[2f376cdd-3582-43de-b063-8caaffdb91df/build]   | h1g1: 44668
[2f376cdd-3582-43de-b063-8caaffdb91df/build]   | d1d2: 48843
[2f376cdd-3582-43de-b063-8caaffdb91df/build]   | d1d3: 57153
[2f376cdd-3582-43de-b063-8caaffdb91df/build]   | d1d4: 57744
[2f376cdd-3582-43de-b063-8caaffdb91df/build]   | d1d5: 56899
[2f376cdd-3582-43de-b063-8caaffdb91df/build]   | d1d6: 43766
[2f376cdd-3582-43de-b063-8caaffdb91df/build]   | e1f1: 49775
[2f376cdd-3582-43de-b063-8caaffdb91df/build]   | e1d2: 33423
[2f376cdd-3582-43de-b063-8caaffdb91df/build]   | e1f2: 36783
[2f376cdd-3582-43de-b063-8caaffdb91df/build]   | e1g1: 47054
[2f376cdd-3582-43de-b063-8caaffdb91df/build]   | Node count: 2103487
[2f376cdd-3582-43de-b063-8caaffdb91df/build]   | Time: 933
[2f376cdd-3582-43de-b063-8caaffdb91df/build]   | b2b3: 83959
[2f376cdd-3582-43de-b063-8caaffdb91df/build]   | b2b4: 85907
[2f376cdd-3582-43de-b063-8caaffdb91df/build]   | g2g3: 89798
[2f376cdd-3582-43de-b063-8caaffdb91df/build]   | h2h3: 93404
[2f376cdd-3582-43de-b063-8caaffdb91df/build]   | h2h4: 87792
[2f376cdd-3582-43de-b063-8caaffdb91df/build]   | a3a4: 89719
[2f376cdd-3582-43de-b063-8caaffdb91df/build]   | d3d4: 93464
[2f376cdd-3582-43de-b063-8caaffdb91df/build]   | c3b1: 74196
[2f376cdd-3582-43de-b063-8caaffdb91df/build]   | c3d1: 72167
[2f376cdd-3582-43de-b063-8caaffdb91df/build]   | c3a2: 81990
[2f376cdd-3582-43de-b063-8caaffdb91df/build]   | c3a4: 83785
[2f376cdd-3582-43de-b063-8caaffdb91df/build]   | c3b5: 86102
[2f376cdd-3582-43de-b063-8caaffdb91df/build]   | c3d5: 84310
[2f376cdd-3582-43de-b063-8caaffdb91df/build]   | f3e1: 77246
[2f376cdd-3582-43de-b063-8caaffdb91df/build]   | f3d2: 87558
[2f376cdd-3582-43de-b063-8caaffdb91df/build]   | f3d4: 98744
[2f376cdd-3582-43de-b063-8caaffdb91df/build]   | f3h4: 89355
[2f376cdd-3582-43de-b063-8caaffdb91df/build]   | f3e5: 111761
[2f376cdd-3582-43de-b063-8caaffdb91df/build]   | c4a2: 83990
[2f376cdd-3582-43de-b063-8caaffdb91df/build]   | c4b3: 84078
[2f376cdd-3582-43de-b063-8caaffdb91df/build]   | c4b5: 84686
[2f376cdd-3582-43de-b063-8caaffdb91df/build]   | c4d5: 82111
[2f376cdd-3582-43de-b063-8caaffdb91df/build]   | c4a6: 87691
[2f376cdd-3582-43de-b063-8caaffdb91df/build]   | c4e6: 88890
[2f376cdd-3582-43de-b063-8caaffdb91df/build]   | c4f7: 8203
[2f376cdd-3582-43de-b063-8caaffdb91df/build]   | g5c1: 81175
[2f376cdd-3582-43de-b063-8caaffdb91df/build]   | g5d2: 89433
[2f376cdd-3582-43de-b063-8caaffdb91df/build]   | g5e3: 91743
[2f376cdd-3582-43de-b063-8caaffdb91df/build]   | g5f4: 99547
[2f376cdd-3582-43de-b063-8caaffdb91df/build]   | g5h4: 83607
[2f376cdd-3582-43de-b063-8caaffdb91df/build]   | g5f6: 79097
[2f376cdd-3582-43de-b063-8caaffdb91df/build]   | g5h6: 89238
[2f376cdd-3582-43de-b063-8caaffdb91df/build]   | a1b1: 83917
[2f376cdd-3582-43de-b063-8caaffdb91df/build]   | a1c1: 81943
[2f376cdd-3582-43de-b063-8caaffdb91df/build]   | a1d1: 79961
[2f376cdd-3582-43de-b063-8caaffdb91df/build]   | a1e1: 76017
[2f376cdd-3582-43de-b063-8caaffdb91df/build]   | a1a2: 80000
[2f376cdd-3582-43de-b063-8caaffdb91df/build]   | f1b1: 83966
[2f376cdd-3582-43de-b063-8caaffdb91df/build]   | f1c1: 85946
[2f376cdd-3582-43de-b063-8caaffdb91df/build]   | f1d1: 87918
[2f376cdd-3582-43de-b063-8caaffdb91df/build]   | f1e1: 87928
[2f376cdd-3582-43de-b063-8caaffdb91df/build]   | e2d1: 82176
[2f376cdd-3582-43de-b063-8caaffdb91df/build]   | e2e1: 84117
[2f376cdd-3582-43de-b063-8caaffdb91df/build]   | e2d2: 89961
[2f376cdd-3582-43de-b063-8caaffdb91df/build]   | e2e3: 90128
[2f376cdd-3582-43de-b063-8caaffdb91df/build]   | g1h1: 95870
[2f376cdd-3582-43de-b063-8caaffdb91df/build]   | Node count: 3894594
[2f376cdd-3582-43de-b063-8caaffdb91df/build]   | Time: 1352
[2f376cdd-3582-43de-b063-8caaffdb91df/build]   | g2h3: 82759
[2f376cdd-3582-43de-b063-8caaffdb91df/build]   | d5e6: 97464
[2f376cdd-3582-43de-b063-8caaffdb91df/build]   | a2a3: 94405
[2f376cdd-3582-43de-b063-8caaffdb91df/build]   | a2a4: 90978
[2f376cdd-3582-43de-b063-8caaffdb91df/build]   | b2b3: 81066
[2f376cdd-3582-43de-b063-8caaffdb91df/build]   | g2g3: 77468
[2f376cdd-3582-43de-b063-8caaffdb91df/build]   | g2g4: 75677
[2f376cdd-3582-43de-b063-8caaffdb91df/build]   | d5d6: 79551
[2f376cdd-3582-43de-b063-8caaffdb91df/build]   | c3b1: 84773
[2f376cdd-3582-43de-b063-8caaffdb91df/build]   | c3d1: 84782
[2f376cdd-3582-43de-b063-8caaffdb91df/build]   | c3a4: 91447
[2f376cdd-3582-43de-b063-8caaffdb91df/build]   | c3b5: 81498
[2f376cdd-3582-43de-b063-8caaffdb91df/build]   | e5d3: 77431
[2f376cdd-3582-43de-b063-8caaffdb91df/build]   | e5c4: 77752
[2f376cdd-3582-43de-b063-8caaffdb91df/build]   | e5g4: 79912
[2f376cdd-3582-43de-b063-8caaffdb91df/build]   | e5c6: 83885
[2f376cdd-3582-43de-b063-8caaffdb91df/build]   | e5g6: 83866
[2f376cdd-3582-43de-b063-8caaffdb91df/build]   | e5d7: 93913
[2f376cdd-3582-43de-b063-8caaffdb91df/build]   | e5f7: 88799
[2f376cdd-3582-43de-b063-8caaffdb91df/build]   | d2c1: 83037
[2f376cdd-3582-43de-b063-8caaffdb91df/build]   | d2e3: 90274
[2f376cdd-3582-43de-b063-8caaffdb91df/build]   | d2f4: 84869
[2f376cdd-3582-43de-b063-8caaffdb91df/build]   | d2g5: 87951
[2f376cdd-3582-43de-b063-8caaffdb91df/build]   | d2h6: 82323
[2f376cdd-3582-43de-b063-8caaffdb91df/build]   | e2d1: 74963
[2f376cdd-3582-43de-b063-8caaffdb91df/build]   | e2f1: 88728
[2f376cdd-3582-43de-b063-8caaffdb91df/build]   | e2d3: 85119
[2f376cdd-3582-43de-b063-8caaffdb91df/build]   | e2c4: 84835
[2f376cdd-3582-43de-b063-8caaffdb91df/build]   | e2b5: 79739
[2f376cdd-3582-43de-b063-8caaffdb91df/build]   | e2a6: 69334
[2f376cdd-3582-43de-b063-8caaffdb91df/build]   | a1b1: 83348
[2f376cdd-3582-43de-b063-8caaffdb91df/build]   | a1c1: 83263
[2f376cdd-3582-43de-b063-8caaffdb91df/build]   | a1d1: 79695
[2f376cdd-3582-43de-b063-8caaffdb91df/build]   | h1f1: 81563
[2f376cdd-3582-43de-b063-8caaffdb91df/build]   | h1g1: 84876
[2f376cdd-3582-43de-b063-8caaffdb91df/build]   | f3d3: 83727
[2f376cdd-3582-43de-b063-8caaffdb91df/build]   | f3e3: 92505
[2f376cdd-3582-43de-b063-8caaffdb91df/build]   | f3g3: 94461
[2f376cdd-3582-43de-b063-8caaffdb91df/build]   | f3h3: 98524
[2f376cdd-3582-43de-b063-8caaffdb91df/build]   | f3f4: 90488
[2f376cdd-3582-43de-b063-8caaffdb91df/build]   | f3g4: 92037
[2f376cdd-3582-43de-b063-8caaffdb91df/build]   | f3f5: 104992
[2f376cdd-3582-43de-b063-8caaffdb91df/build]   | f3h5: 95034
[2f376cdd-3582-43de-b063-8caaffdb91df/build]   | f3f6: 77838
[2f376cdd-3582-43de-b063-8caaffdb91df/build]   | e1d1: 79989
[2f376cdd-3582-43de-b063-8caaffdb91df/build]   | e1f1: 77887
[2f376cdd-3582-43de-b063-8caaffdb91df/build]   | e1g1: 86975
[2f376cdd-3582-43de-b063-8caaffdb91df/build]   | e1c1: 79803
[2f376cdd-3582-43de-b063-8caaffdb91df/build]   | Node count: 4085603
[2f376cdd-3582-43de-b063-8caaffdb91df/build]   | Time: 2782
[2f376cdd-3582-43de-b063-8caaffdb91df/build]   | d7c8q: 44226
[2f376cdd-3582-43de-b063-8caaffdb91df/build]   | d7c8r: 38077
[2f376cdd-3582-43de-b063-8caaffdb91df/build]   | d7c8b: 65053
[2f376cdd-3582-43de-b063-8caaffdb91df/build]   | d7c8n: 62009
[2f376cdd-3582-43de-b063-8caaffdb91df/build]   | a2a3: 46833
[2f376cdd-3582-43de-b063-8caaffdb91df/build]   | a2a4: 48882
[2f376cdd-3582-43de-b063-8caaffdb91df/build]   | b2b3: 46497
[2f376cdd-3582-43de-b063-8caaffdb91df/build]   | b2b4: 46696
[2f376cdd-3582-43de-b063-8caaffdb91df/build]   | c2c3: 49406
[2f376cdd-3582-43de-b063-8caaffdb91df/build]   | g2g3: 44509
[2f376cdd-3582-43de-b063-8caaffdb91df/build]   | g2g4: 45506
[2f376cdd-3582-43de-b063-8caaffdb91df/build]   | h2h3: 46762
[2f376cdd-3582-43de-b063-8caaffdb91df/build]   | h2h4: 47811
[2f376cdd-3582-43de-b063-8caaffdb91df/build]   | b1d2: 40560
[2f376cdd-3582-43de-b063-8caaffdb91df/build]   | b1a3: 44378
[2f376cdd-3582-43de-b063-8caaffdb91df/build]   | b1c3: 50303
[2f376cdd-3582-43de-b063-8caaffdb91df/build]   | e2g1: 48844
[2f376cdd-3582-43de-b063-8caaffdb91df/build]   | e2c3: 54792
[2f376cdd-3582-43de-b063-8caaffdb91df/build]   | e2g3: 51892
[2f376cdd-3582-43de-b063-8caaffdb91df/build]   | e2d4: 52109
[2f376cdd-3582-43de-b063-8caaffdb91df/build]   | e2f4: 51127
[2f376cdd-3582-43de-b063-8caaffdb91df/build]   | c1d2: 46881
[2f376cdd-3582-43de-b063-8caaffdb91df/build]   | c1e3: 53637
[2f376cdd-3582-43de-b063-8caaffdb91df/build]   | c1f4: 52350
[2f376cdd-3582-43de-b063-8caaffdb91df/build]   | c1g5: 45601
[2f376cdd-3582-43de-b063-8caaffdb91df/build]   | c1h6: 40913
[2f376cdd-3582-43de-b063-8caaffdb91df/build]   | c4b3: 43453
[2f376cdd-3582-43de-b063-8caaffdb91df/build]   | c4d3: 43565
[2f376cdd-3582-43de-b063-8caaffdb91df/build]   | c4b5: 45559
[2f376cdd-3582-43de-b063-8caaffdb91df/build]   | c4d5: 48002
[2f376cdd-3582-43de-b063-8caaffdb91df/build]   | c4a6: 41884
[2f376cdd-3582-43de-b063-8caaffdb91df/build]   | c4e6: 49872
[2f376cdd-3582-43de-b063-8caaffdb91df/build]   | c4f7: 43289
[2f376cdd-3582-43de-b063-8caaffdb91df/build]   | h1f1: 46101
[2f376cdd-3582-43de-b063-8caaffdb91df/build]   | h1g1: 44668
[2f376cdd-3582-43de-b063-8caaffdb91df/build]   | d1d2: 48843
[2f376cdd-3582-43de-b063-8caaffdb91df/build]   | d1d3: 57153
[2f376cdd-3582-43de-b063-8caaffdb91df/build]   | d1d4: 57744
[2f376cdd-3582-43de-b063-8caaffdb91df/build]   | d1d5: 56899
[2f376cdd-3582-43de-b063-8caaffdb91df/build]   | d1d6: 43766
[2f376cdd-3582-43de-b063-8caaffdb91df/build]   | e1f1: 49775
[2f376cdd-3582-43de-b063-8caaffdb91df/build]   | e1d2: 33423
[2f376cdd-3582-43de-b063-8caaffdb91df/build]   | e1f2: 36783
[2f376cdd-3582-43de-b063-8caaffdb91df/build]   | e1g1: 47054
[2f376cdd-3582-43de-b063-8caaffdb91df/build]   | Node count: 2103487
[2f376cdd-3582-43de-b063-8caaffdb91df/build]   | Time: 1252
[2f376cdd-3582-43de-b063-8caaffdb91df/build]   | d2d4: 72051
[2f376cdd-3582-43de-b063-8caaffdb91df/build]   | c4c5: 60769
[2f376cdd-3582-43de-b063-8caaffdb91df/build]   | f3d4: 75736
[2f376cdd-3582-43de-b063-8caaffdb91df/build]   | b4c5: 58167
[2f376cdd-3582-43de-b063-8caaffdb91df/build]   | f1f2: 73972
[2f376cdd-3582-43de-b063-8caaffdb91df/build]   | g1h1: 81638
[2f376cdd-3582-43de-b063-8caaffdb91df/build]   | Node count: 422333
[2f376cdd-3582-43de-b063-8caaffdb91df/build]   | Time: 163
[2f376cdd-3582-43de-b063-8caaffdb91df/build]   | h2g1: 55333
[2f376cdd-3582-43de-b063-8caaffdb91df/build]   | h2g3: 62626
[2f376cdd-3582-43de-b063-8caaffdb91df/build]   | h2f4: 69053
[2f376cdd-3582-43de-b063-8caaffdb91df/build]   | h2e5: 59135
[2f376cdd-3582-43de-b063-8caaffdb91df/build]   | h2d6: 61097
[2f376cdd-3582-43de-b063-8caaffdb91df/build]   | h2c7: 60199
[2f376cdd-3582-43de-b063-8caaffdb91df/build]   | h2b8: 54752
[2f376cdd-3582-43de-b063-8caaffdb91df/build]   | a1b1: 47958
[2f376cdd-3582-43de-b063-8caaffdb91df/build]   | a1c1: 47557
[2f376cdd-3582-43de-b063-8caaffdb91df/build]   | a1d1: 42247
[2f376cdd-3582-43de-b063-8caaffdb91df/build]   | a1a2: 50325
[2f376cdd-3582-43de-b063-8caaffdb91df/build]   | a1a3: 50836
[2f376cdd-3582-43de-b063-8caaffdb91df/build]   | a1a4: 49150
[2f376cdd-3582-43de-b063-8caaffdb91df/build]   | a1a5: 47033
[2f376cdd-3582-43de-b063-8caaffdb91df/build]   | a1a6: 44730
[2f376cdd-3582-43de-b063-8caaffdb91df/build]   | a1a7: 35744
[2f376cdd-3582-43de-b063-8caaffdb91df/build]   | a1a8: 4427
[2f376cdd-3582-43de-b063-8caaffdb91df/build]   | h1f1: 50602
[2f376cdd-3582-43de-b063-8caaffdb91df/build]   | h1g1: 55938
[2f376cdd-3582-43de-b063-8caaffdb91df/build]   | e1d1: 39985
[2f376cdd-3582-43de-b063-8caaffdb91df/build]   | e1f1: 39070
[2f376cdd-3582-43de-b063-8caaffdb91df/build]   | e1d2: 53401
[2f376cdd-3582-43de-b063-8caaffdb91df/build]   | e1e2: 57805
[2f376cdd-3582-43de-b063-8caaffdb91df/build]   | e1f2: 55433
[2f376cdd-3582-43de-b063-8caaffdb91df/build]   | e1g1: 46811
[2f376cdd-3582-43de-b063-8caaffdb91df/build]   | e1c1: 32959
[2f376cdd-3582-43de-b063-8caaffdb91df/build]   | Node count: 1274206
[2f376cdd-3582-43de-b063-8caaffdb91df/build]   | Time: 466
[2f376cdd-3582-43de-b063-8caaffdb91df/build]   | a8a1: 1980
[2f376cdd-3582-43de-b063-8caaffdb91df/build]   | a8a2: 40544
[2f376cdd-3582-43de-b063-8caaffdb91df/build]   | a8a3: 41303
[2f376cdd-3582-43de-b063-8caaffdb91df/build]   | a8a4: 47961
[2f376cdd-3582-43de-b063-8caaffdb91df/build]   | a8a5: 50431
[2f376cdd-3582-43de-b063-8caaffdb91df/build]   | a8a6: 49811
[2f376cdd-3582-43de-b063-8caaffdb91df/build]   | a8a7: 55332
[2f376cdd-3582-43de-b063-8caaffdb91df/build]   | a8b8: 54262
[2f376cdd-3582-43de-b063-8caaffdb91df/build]   | a8c8: 54887
[2f376cdd-3582-43de-b063-8caaffdb91df/build]   | a8d8: 49727
[2f376cdd-3582-43de-b063-8caaffdb91df/build]   | h8h1: 1352
[2f376cdd-3582-43de-b063-8caaffdb91df/build]   | h8h2: 39991
[2f376cdd-3582-43de-b063-8caaffdb91df/build]   | h8h3: 38539
[2f376cdd-3582-43de-b063-8caaffdb91df/build]   | h8h4: 47637
[2f376cdd-3582-43de-b063-8caaffdb91df/build]   | h8h5: 48797
[2f376cdd-3582-43de-b063-8caaffdb91df/build]   | h8h6: 49692
[2f376cdd-3582-43de-b063-8caaffdb91df/build]   | h8h7: 55134
[2f376cdd-3582-43de-b063-8caaffdb91df/build]   | h8f8: 46570
[2f376cdd-3582-43de-b063-8caaffdb91df/build]   | h8g8: 52640
[2f376cdd-3582-43de-b063-8caaffdb91df/build]   | f3d1: 3782
[2f376cdd-3582-43de-b063-8caaffdb91df/build]   | f3f1: 3126
[2f376cdd-3582-43de-b063-8caaffdb91df/build]   | f3h1: 3553
[2f376cdd-3582-43de-b063-8caaffdb91df/build]   | f3e2: 1009
[2f376cdd-3582-43de-b063-8caaffdb91df/build]   | f3f2: 2386
[2f376cdd-3582-43de-b063-8caaffdb91df/build]   | f3g2: 50810
[2f376cdd-3582-43de-b063-8caaffdb91df/build]   | f3a3: 43980
[2f376cdd-3582-43de-b063-8caaffdb91df/build]   | f3b3: 61216
[2f376cdd-3582-43de-b063-8caaffdb91df/build]   | f3c3: 7646
[2f376cdd-3582-43de-b063-8caaffdb91df/build]   | f3d3: 46225
[2f376cdd-3582-43de-b063-8caaffdb91df/build]   | f3e3: 2870
[2f376cdd-3582-43de-b063-8caaffdb91df/build]   | f3g3: 6834
[2f376cdd-3582-43de-b063-8caaffdb91df/build]   | f3h3: 45034
[2f376cdd-3582-43de-b063-8caaffdb91df/build]   | f3e4: 6298
[2f376cdd-3582-43de-b063-8caaffdb91df/build]   | f3f4: 47066
[2f376cdd-3582-43de-b063-8caaffdb91df/build]   | f3g4: 55830
[2f376cdd-3582-43de-b063-8caaffdb91df/build]   | f3d5: 52949
[2f376cdd-3582-43de-b063-8caaffdb91df/build]   | f3f5: 62753
[2f376cdd-3582-43de-b063-8caaffdb91df/build]   | f3h5: 43743
[2f376cdd-3582-43de-b063-8caaffdb91df/build]   | f3c6: 58992
[2f376cdd-3582-43de-b063-8caaffdb91df/build]   | f3f6: 54394
[2f376cdd-3582-43de-b063-8caaffdb91df/build]   | f3b7: 68331
[2f376cdd-3582-43de-b063-8caaffdb91df/build]   | f3f7: 62015
[2f376cdd-3582-43de-b063-8caaffdb91df/build]   | f3f8: 45984
[2f376cdd-3582-43de-b063-8caaffdb91df/build]   | e8f7: 57060
[2f376cdd-3582-43de-b063-8caaffdb91df/build]   | Node count: 1720476
[2f376cdd-3582-43de-b063-8caaffdb91df/build]   | Time: 621
[2f376cdd-3582-43de-b063-8caaffdb91df/build]   | c4b2: 30626
[2f376cdd-3582-43de-b063-8caaffdb91df/build]   | c4d2: 33151
[2f376cdd-3582-43de-b063-8caaffdb91df/build]   | c4a3: 32124
[2f376cdd-3582-43de-b063-8caaffdb91df/build]   | c4e3: 27112
[2f376cdd-3582-43de-b063-8caaffdb91df/build]   | c4a5: 30993
[2f376cdd-3582-43de-b063-8caaffdb91df/build]   | c4e5: 27378
[2f376cdd-3582-43de-b063-8caaffdb91df/build]   | c4b6: 25466
[2f376cdd-3582-43de-b063-8caaffdb91df/build]   | c4d6: 27429
[2f376cdd-3582-43de-b063-8caaffdb91df/build]   | b3b1: 35096
[2f376cdd-3582-43de-b063-8caaffdb91df/build]   | b3d1: 31676
[2f376cdd-3582-43de-b063-8caaffdb91df/build]   | b3a2: 42340
[2f376cdd-3582-43de-b063-8caaffdb91df/build]   | b3b2: 41247
[2f376cdd-3582-43de-b063-8caaffdb91df/build]   | b3c2: 39534
[2f376cdd-3582-43de-b063-8caaffdb91df/build]   | b3a3: 40996
[2f376cdd-3582-43de-b063-8caaffdb91df/build]   | b3c3: 41432
[2f376cdd-3582-43de-b063-8caaffdb91df/build]   | b3d3: 28068
[2f376cdd-3582-43de-b063-8caaffdb91df/build]   | b3e3: 29254
[2f376cdd-3582-43de-b063-8caaffdb91df/build]   | b3f3: 21754
[2f376cdd-3582-43de-b063-8caaffdb91df/build]   | b3g3: 47132
[2f376cdd-3582-43de-b063-8caaffdb91df/build]   | b3h3: 24663
[2f376cdd-3582-43de-b063-8caaffdb91df/build]   | b3a4: 34477
[2f376cdd-3582-43de-b063-8caaffdb91df/build]   | b3b4: 32808
[2f376cdd-3582-43de-b063-8caaffdb91df/build]   | b3b5: 23059
[2f376cdd-3582-43de-b063-8caaffdb91df/build]   | b3b6: 24326
[2f376cdd-3582-43de-b063-8caaffdb91df/build]   | f1e1: 42228
[2f376cdd-3582-43de-b063-8caaffdb91df/build]   | f1g1: 42353
[2f376cdd-3582-43de-b063-8caaffdb91df/build]   | f1e2: 48873
[2f376cdd-3582-43de-b063-8caaffdb91df/build]   | f1f2: 49517
[2f376cdd-3582-43de-b063-8caaffdb91df/build]   | f1g2: 49546
[2f376cdd-3582-43de-b063-8caaffdb91df/build]   | Node count: 1004658
[2f376cdd-3582-43de-b063-8caaffdb91df/build]   | Time: 559
[2f376cdd-3582-43de-b063-8caaffdb91df/build]   | Tests run: 15, Failures: 0, Errors: 0, Skipped: 0, Time elapsed: 13.205 sec
[2f376cdd-3582-43de-b063-8caaffdb91df/build]   | Running com.github.bhlangonijr.chesslib.PieceTest
[2f376cdd-3582-43de-b063-8caaffdb91df/build]   | Tests run: 6, Failures: 0, Errors: 0, Skipped: 0, Time elapsed: 0.002 sec
[2f376cdd-3582-43de-b063-8caaffdb91df/build]   | Running com.github.bhlangonijr.chesslib.move.MoveGeneratorTest
[2f376cdd-3582-43de-b063-8caaffdb91df/build]   | Tests run: 4, Failures: 0, Errors: 0, Skipped: 0, Time elapsed: 0.002 sec
[2f376cdd-3582-43de-b063-8caaffdb91df/build]   | Running com.github.bhlangonijr.chesslib.move.MoveListTest
[2f376cdd-3582-43de-b063-8caaffdb91df/build]   | Tests run: 12, Failures: 0, Errors: 0, Skipped: 0, Time elapsed: 0.017 sec
[2f376cdd-3582-43de-b063-8caaffdb91df/build]   | Running com.github.bhlangonijr.chesslib.PgnHolderTest
[2f376cdd-3582-43de-b063-8caaffdb91df/build]   | Tests run: 26, Failures: 0, Errors: 0, Skipped: 0, Time elapsed: 6.424 sec
[2f376cdd-3582-43de-b063-8caaffdb91df/build]   | 
[2f376cdd-3582-43de-b063-8caaffdb91df/build]   | Results :
[2f376cdd-3582-43de-b063-8caaffdb91df/build]   | 
[2f376cdd-3582-43de-b063-8caaffdb91df/build]   | Failed tests:   testPGNOrder(com.github.bhlangonijr.chesslib.PgnIteratorTest): expected:<WHITE_WON> but was:<ONGOING>
[2f376cdd-3582-43de-b063-8caaffdb91df/build]   | 
[2f376cdd-3582-43de-b063-8caaffdb91df/build]   | Tests run: 105, Failures: 1, Errors: 0, Skipped: 0
[2f376cdd-3582-43de-b063-8caaffdb91df/build]   | 
[2f376cdd-3582-43de-b063-8caaffdb91df/build]   | [INFO] ------------------------------------------------------------------------
[2f376cdd-3582-43de-b063-8caaffdb91df/build]   | [INFO] BUILD FAILURE
[2f376cdd-3582-43de-b063-8caaffdb91df/build]   | [INFO] ------------------------------------------------------------------------
[2f376cdd-3582-43de-b063-8caaffdb91df/build]   | [INFO] Total time:  26.845 s
[2f376cdd-3582-43de-b063-8caaffdb91df/build]   | [INFO] Finished at: 2023-11-24T14:48:34Z
[2f376cdd-3582-43de-b063-8caaffdb91df/build]   | [INFO] ------------------------------------------------------------------------
[2f376cdd-3582-43de-b063-8caaffdb91df/build]   | [ERROR] Failed to execute goal org.apache.maven.plugins:maven-surefire-plugin:2.12.4:test (default-test) on project chesslib: There are test failures.
[2f376cdd-3582-43de-b063-8caaffdb91df/build]   | [ERROR] 
[2f376cdd-3582-43de-b063-8caaffdb91df/build]   | [ERROR] Please refer to /tmp/e3cfa79b-6fcc-412e-a877-3bb0ec01b06b/target/surefire-reports for the individual test results.
[2f376cdd-3582-43de-b063-8caaffdb91df/build]   | [ERROR] -> [Help 1]
[2f376cdd-3582-43de-b063-8caaffdb91df/build]   | [ERROR] 
[2f376cdd-3582-43de-b063-8caaffdb91df/build]   | [ERROR] To see the full stack trace of the errors, re-run Maven with the -e switch.
[2f376cdd-3582-43de-b063-8caaffdb91df/build]   | [ERROR] Re-run Maven using the -X switch to enable full debug logging.
[2f376cdd-3582-43de-b063-8caaffdb91df/build]   | [ERROR] 
[2f376cdd-3582-43de-b063-8caaffdb91df/build]   | [ERROR] For more information about the errors and possible solutions, please read the following articles:
[2f376cdd-3582-43de-b063-8caaffdb91df/build]   | [ERROR] [Help 1] http://cwiki.apache.org/confluence/display/MAVEN/MojoFailureException
[2f376cdd-3582-43de-b063-8caaffdb91df/build]   ‚ùå  Failure - Main Build with Maven
[2f376cdd-3582-43de-b063-8caaffdb91df/build] exitcode '1': failure
[2f376cdd-3582-43de-b063-8caaffdb91df/build] unable to get git ref: failed to identify reference (tag/branch) for the checked-out revision '97526078581d438edc5795d43dcd26633eb035c0'
[2f376cdd-3582-43de-b063-8caaffdb91df/build] unable to get git ref: failed to identify reference (tag/branch) for the checked-out revision '97526078581d438edc5795d43dcd26633eb035c0'
[2f376cdd-3582-43de-b063-8caaffdb91df/build] unable to get git ref: failed to identify reference (tag/branch) for the checked-out revision '97526078581d438edc5795d43dcd26633eb035c0'
[2f376cdd-3582-43de-b063-8caaffdb91df/build] unable to get git ref: failed to identify reference (tag/branch) for the checked-out revision '97526078581d438edc5795d43dcd26633eb035c0'
[2f376cdd-3582-43de-b063-8caaffdb91df/build] unable to get git ref: failed to identify reference (tag/branch) for the checked-out revision '97526078581d438edc5795d43dcd26633eb035c0'
[2f376cdd-3582-43de-b063-8caaffdb91df/build] ‚≠ê Run Post Set up JDK 11
[2f376cdd-3582-43de-b063-8caaffdb91df/build]   üê≥  docker exec cmd=[node /var/run/act/actions/actions-setup-java@v2/dist/cleanup/index.js] user= workdir=
[2f376cdd-3582-43de-b063-8caaffdb91df/build]   ‚úÖ  Success - Post Set up JDK 11
[2f376cdd-3582-43de-b063-8caaffdb91df/build] üèÅ  Job failed
[2f376cdd-3582-43de-b063-8caaffdb91df/build] unable to get git ref: failed to identify reference (tag/branch) for the checked-out revision '97526078581d438edc5795d43dcd26633eb035c0'
