[bc2f533f-1211-4227-8f1f-629af813c58f/build] üöÄ  Start image=crawlergpt:latest
[bc2f533f-1211-4227-8f1f-629af813c58f/build]   üê≥  docker pull image=crawlergpt:latest platform= username= forcePull=false
[bc2f533f-1211-4227-8f1f-629af813c58f/build]   üê≥  docker create image=crawlergpt:latest platform= entrypoint=["tail" "-f" "/dev/null"] cmd=[]
[bc2f533f-1211-4227-8f1f-629af813c58f/build]   üê≥  docker run image=crawlergpt:latest platform= entrypoint=["tail" "-f" "/dev/null"] cmd=[]
[bc2f533f-1211-4227-8f1f-629af813c58f/build]   üê≥  docker exec cmd=[chown -R 1012:1013 /tmp/f7baf3ce-9adb-4632-aeb3-b775f6ef6c39] user=0 workdir=
[bc2f533f-1211-4227-8f1f-629af813c58f/build] unable to get git ref: failed to identify reference (tag/branch) for the checked-out revision '591d1f8dd418f6bf1fd3947f427bc026549652a4'
[bc2f533f-1211-4227-8f1f-629af813c58f/build] unable to get git ref: failed to identify reference (tag/branch) for the checked-out revision '591d1f8dd418f6bf1fd3947f427bc026549652a4'
[bc2f533f-1211-4227-8f1f-629af813c58f/build] unable to get git ref: failed to identify reference (tag/branch) for the checked-out revision '591d1f8dd418f6bf1fd3947f427bc026549652a4'
[bc2f533f-1211-4227-8f1f-629af813c58f/build] unable to get git ref: failed to identify reference (tag/branch) for the checked-out revision '591d1f8dd418f6bf1fd3947f427bc026549652a4'
[bc2f533f-1211-4227-8f1f-629af813c58f/build] unable to get git ref: failed to identify reference (tag/branch) for the checked-out revision '591d1f8dd418f6bf1fd3947f427bc026549652a4'
[bc2f533f-1211-4227-8f1f-629af813c58f/build] unable to get git ref: failed to identify reference (tag/branch) for the checked-out revision '591d1f8dd418f6bf1fd3947f427bc026549652a4'
[bc2f533f-1211-4227-8f1f-629af813c58f/build] unable to get git ref: failed to identify reference (tag/branch) for the checked-out revision '591d1f8dd418f6bf1fd3947f427bc026549652a4'
[bc2f533f-1211-4227-8f1f-629af813c58f/build] unable to get git ref: failed to identify reference (tag/branch) for the checked-out revision '591d1f8dd418f6bf1fd3947f427bc026549652a4'
[bc2f533f-1211-4227-8f1f-629af813c58f/build] unable to get git ref: failed to identify reference (tag/branch) for the checked-out revision '591d1f8dd418f6bf1fd3947f427bc026549652a4'
[bc2f533f-1211-4227-8f1f-629af813c58f/build] ‚≠ê Run Main actions/checkout@v2
[bc2f533f-1211-4227-8f1f-629af813c58f/build] unable to get git ref: failed to identify reference (tag/branch) for the checked-out revision '591d1f8dd418f6bf1fd3947f427bc026549652a4'
[bc2f533f-1211-4227-8f1f-629af813c58f/build]   ‚úÖ  Success - Main actions/checkout@v2
[bc2f533f-1211-4227-8f1f-629af813c58f/build] unable to get git ref: failed to identify reference (tag/branch) for the checked-out revision '591d1f8dd418f6bf1fd3947f427bc026549652a4'
[bc2f533f-1211-4227-8f1f-629af813c58f/build] unable to get git ref: failed to identify reference (tag/branch) for the checked-out revision '591d1f8dd418f6bf1fd3947f427bc026549652a4'
[bc2f533f-1211-4227-8f1f-629af813c58f/build] unable to get git ref: failed to identify reference (tag/branch) for the checked-out revision '591d1f8dd418f6bf1fd3947f427bc026549652a4'
[bc2f533f-1211-4227-8f1f-629af813c58f/build] unable to get git ref: failed to identify reference (tag/branch) for the checked-out revision '591d1f8dd418f6bf1fd3947f427bc026549652a4'
[bc2f533f-1211-4227-8f1f-629af813c58f/build] unable to get git ref: failed to identify reference (tag/branch) for the checked-out revision '591d1f8dd418f6bf1fd3947f427bc026549652a4'
[bc2f533f-1211-4227-8f1f-629af813c58f/build] ‚≠ê Run Main Set up JDK 1.8
[bc2f533f-1211-4227-8f1f-629af813c58f/build] unable to get git ref: failed to identify reference (tag/branch) for the checked-out revision '591d1f8dd418f6bf1fd3947f427bc026549652a4'
[bc2f533f-1211-4227-8f1f-629af813c58f/build] unable to get git ref: failed to identify reference (tag/branch) for the checked-out revision '591d1f8dd418f6bf1fd3947f427bc026549652a4'
[bc2f533f-1211-4227-8f1f-629af813c58f/build] unable to get git ref: failed to identify reference (tag/branch) for the checked-out revision '591d1f8dd418f6bf1fd3947f427bc026549652a4'
[bc2f533f-1211-4227-8f1f-629af813c58f/build]   üê≥  docker cp src=/tmp/act-cache/ac2b90e7-1fd9-4808-8a76-f6cb0d4606b0/act/actions-setup-java@v1/ dst=/var/run/act/actions/actions-setup-java@v1/
[bc2f533f-1211-4227-8f1f-629af813c58f/build]   üê≥  docker exec cmd=[chown -R 1012:1013 /var/run/act/actions/actions-setup-java@v1/] user=0 workdir=
[bc2f533f-1211-4227-8f1f-629af813c58f/build]   üê≥  docker exec cmd=[node /var/run/act/actions/actions-setup-java@v1/dist/setup/index.js] user= workdir=
[bc2f533f-1211-4227-8f1f-629af813c58f/build]   üí¨  ::debug::isExplicit: 
[bc2f533f-1211-4227-8f1f-629af813c58f/build]   üí¨  ::debug::explicit? false
[bc2f533f-1211-4227-8f1f-629af813c58f/build]   üí¨  ::debug::evaluating 0 versions
[bc2f533f-1211-4227-8f1f-629af813c58f/build]   üí¨  ::debug::match not found
[bc2f533f-1211-4227-8f1f-629af813c58f/build]   üí¨  ::debug::Downloading JDK from Azul
[bc2f533f-1211-4227-8f1f-629af813c58f/build]   üí¨  ::debug::Searching for files with extension: -linux_x64.tar.gz
[bc2f533f-1211-4227-8f1f-629af813c58f/build]   üí¨  ::debug::Downloading https://static.azul.com/zulu/bin/zulu8.70.0.23-ca-jdk8.0.372-linux_x64.tar.gz
[bc2f533f-1211-4227-8f1f-629af813c58f/build]   üí¨  ::debug::Downloading /tmp/3c9dca13-b19c-4960-9f54-8df8f9f3bc9a
[bc2f533f-1211-4227-8f1f-629af813c58f/build]   üí¨  ::debug::download complete
[bc2f533f-1211-4227-8f1f-629af813c58f/build]   | [command]/usr/bin/tar --version
[bc2f533f-1211-4227-8f1f-629af813c58f/build]   | tar (GNU tar) 1.30
[bc2f533f-1211-4227-8f1f-629af813c58f/build]   | Copyright (C) 2017 Free Software Foundation, Inc.
[bc2f533f-1211-4227-8f1f-629af813c58f/build]   | License GPLv3+: GNU GPL version 3 or later <https://gnu.org/licenses/gpl.html>.
[bc2f533f-1211-4227-8f1f-629af813c58f/build]   | This is free software: you are free to change and redistribute it.
[bc2f533f-1211-4227-8f1f-629af813c58f/build]   | There is NO WARRANTY, to the extent permitted by law.
[bc2f533f-1211-4227-8f1f-629af813c58f/build]   | 
[bc2f533f-1211-4227-8f1f-629af813c58f/build]   | Written by John Gilmore and Jay Fenlason.
[bc2f533f-1211-4227-8f1f-629af813c58f/build]   | [command]/usr/bin/tar xz --warning=no-unknown-keyword -C /tmp/temp_1296714005 -f /tmp/3c9dca13-b19c-4960-9f54-8df8f9f3bc9a
[bc2f533f-1211-4227-8f1f-629af813c58f/build]   üí¨  ::debug::jdk extracted to /tmp/temp_1296714005/zulu8.70.0.23-ca-jdk8.0.372-linux_x64
[bc2f533f-1211-4227-8f1f-629af813c58f/build]   üí¨  ::debug::Caching tool jdk 8.0.372 x64
[bc2f533f-1211-4227-8f1f-629af813c58f/build]   üí¨  ::debug::source dir: /tmp/temp_1296714005/zulu8.70.0.23-ca-jdk8.0.372-linux_x64
[bc2f533f-1211-4227-8f1f-629af813c58f/build]   üí¨  ::debug::destination /opt/hostedtoolcache/jdk/8.0.372/x64
[bc2f533f-1211-4227-8f1f-629af813c58f/build]   üí¨  ::debug::finished caching tool
[bc2f533f-1211-4227-8f1f-629af813c58f/build]   ‚ùì add-matcher /run/act/actions/actions-setup-java@v1/.github/java.json
[bc2f533f-1211-4227-8f1f-629af813c58f/build]   | creating settings.xml with server-id: github; environment variables: username=$GITHUB_ACTOR, password=$GITHUB_TOKEN, and gpg-passphrase=null
[bc2f533f-1211-4227-8f1f-629af813c58f/build]   üí¨  ::debug::created directory /home/runneradmin/.m2
[bc2f533f-1211-4227-8f1f-629af813c58f/build]   | writing /home/runneradmin/.m2/settings.xml
[bc2f533f-1211-4227-8f1f-629af813c58f/build]   ‚úÖ  Success - Main Set up JDK 1.8
[bc2f533f-1211-4227-8f1f-629af813c58f/build]   ‚öô  ::set-env:: JAVA_HOME_8.0.372_x64=/opt/hostedtoolcache/jdk/8.0.372/x64
[bc2f533f-1211-4227-8f1f-629af813c58f/build]   ‚öô  ::set-env:: JAVA_HOME=/opt/hostedtoolcache/jdk/8.0.372/x64
[bc2f533f-1211-4227-8f1f-629af813c58f/build]   ‚öô  ::set-env:: JAVA_HOME_8_0_372_X64=/opt/hostedtoolcache/jdk/8.0.372/x64
[bc2f533f-1211-4227-8f1f-629af813c58f/build]   ‚öô  ::set-output:: path=/opt/hostedtoolcache/jdk/8.0.372/x64
[bc2f533f-1211-4227-8f1f-629af813c58f/build]   ‚öô  ::set-output:: version=8.0.372
[bc2f533f-1211-4227-8f1f-629af813c58f/build]   ‚öô  ::add-path:: /opt/hostedtoolcache/jdk/8.0.372/x64/bin
[bc2f533f-1211-4227-8f1f-629af813c58f/build] unable to get git ref: failed to identify reference (tag/branch) for the checked-out revision '591d1f8dd418f6bf1fd3947f427bc026549652a4'
[bc2f533f-1211-4227-8f1f-629af813c58f/build] unable to get git ref: failed to identify reference (tag/branch) for the checked-out revision '591d1f8dd418f6bf1fd3947f427bc026549652a4'
[bc2f533f-1211-4227-8f1f-629af813c58f/build] unable to get git ref: failed to identify reference (tag/branch) for the checked-out revision '591d1f8dd418f6bf1fd3947f427bc026549652a4'
[bc2f533f-1211-4227-8f1f-629af813c58f/build] unable to get git ref: failed to identify reference (tag/branch) for the checked-out revision '591d1f8dd418f6bf1fd3947f427bc026549652a4'
[bc2f533f-1211-4227-8f1f-629af813c58f/build] unable to get git ref: failed to identify reference (tag/branch) for the checked-out revision '591d1f8dd418f6bf1fd3947f427bc026549652a4'
[bc2f533f-1211-4227-8f1f-629af813c58f/build] ‚≠ê Run Main Build with Maven
[bc2f533f-1211-4227-8f1f-629af813c58f/build] unable to get git ref: failed to identify reference (tag/branch) for the checked-out revision '591d1f8dd418f6bf1fd3947f427bc026549652a4'
[bc2f533f-1211-4227-8f1f-629af813c58f/build] unable to get git ref: failed to identify reference (tag/branch) for the checked-out revision '591d1f8dd418f6bf1fd3947f427bc026549652a4'
[bc2f533f-1211-4227-8f1f-629af813c58f/build] unable to get git ref: failed to identify reference (tag/branch) for the checked-out revision '591d1f8dd418f6bf1fd3947f427bc026549652a4'
[bc2f533f-1211-4227-8f1f-629af813c58f/build] unable to get git ref: failed to identify reference (tag/branch) for the checked-out revision '591d1f8dd418f6bf1fd3947f427bc026549652a4'
[bc2f533f-1211-4227-8f1f-629af813c58f/build]   üê≥  docker exec cmd=[bash --noprofile --norc -e -o pipefail /var/run/act/workflow/2] user= workdir=
[bc2f533f-1211-4227-8f1f-629af813c58f/build]   | [INFO] Scanning for projects...
[bc2f533f-1211-4227-8f1f-629af813c58f/build]   | [INFO] Downloading from central: https://repo.maven.apache.org/maven2/com/walmartlabs/walmartlabs-pom/1/walmartlabs-pom-1.pom
[bc2f533f-1211-4227-8f1f-629af813c58f/build]   | [INFO] Downloaded from central: https://repo.maven.apache.org/maven2/com/walmartlabs/walmartlabs-pom/1/walmartlabs-pom-1.pom (2.6 kB at 1.3 kB/s)
[bc2f533f-1211-4227-8f1f-629af813c58f/build]   | [INFO] Downloading from central: https://repo.maven.apache.org/maven2/io/takari/takari/26/takari-26.pom
[bc2f533f-1211-4227-8f1f-629af813c58f/build]   | [INFO] Downloaded from central: https://repo.maven.apache.org/maven2/io/takari/takari/26/takari-26.pom (14 kB at 185 kB/s)
[bc2f533f-1211-4227-8f1f-629af813c58f/build]   | [INFO] Downloading from central: https://repo.maven.apache.org/maven2/io/takari/maven/plugins/takari-lifecycle-plugin/1.13.4/takari-lifecycle-plugin-1.13.4.pom
[bc2f533f-1211-4227-8f1f-629af813c58f/build]   | [INFO] Downloaded from central: https://repo.maven.apache.org/maven2/io/takari/maven/plugins/takari-lifecycle-plugin/1.13.4/takari-lifecycle-plugin-1.13.4.pom (11 kB at 299 kB/s)
[bc2f533f-1211-4227-8f1f-629af813c58f/build]   | [INFO] Downloading from central: https://repo.maven.apache.org/maven2/io/takari/maven/plugins/takari-lifecycle/1.13.4/takari-lifecycle-1.13.4.pom
[bc2f533f-1211-4227-8f1f-629af813c58f/build]   | [INFO] Downloaded from central: https://repo.maven.apache.org/maven2/io/takari/maven/plugins/takari-lifecycle/1.13.4/takari-lifecycle-1.13.4.pom (4.0 kB at 101 kB/s)
[bc2f533f-1211-4227-8f1f-629af813c58f/build]   | [INFO] Downloading from central: https://repo.maven.apache.org/maven2/io/takari/takari/25/takari-25.pom
[bc2f533f-1211-4227-8f1f-629af813c58f/build]   | [INFO] Downloaded from central: https://repo.maven.apache.org/maven2/io/takari/takari/25/takari-25.pom (14 kB at 356 kB/s)
[bc2f533f-1211-4227-8f1f-629af813c58f/build]   | [INFO] Downloading from central: https://repo.maven.apache.org/maven2/org/codehaus/plexus/plexus-utils/3.0.20/plexus-utils-3.0.20.pom
[bc2f533f-1211-4227-8f1f-629af813c58f/build]   | [INFO] Downloaded from central: https://repo.maven.apache.org/maven2/org/codehaus/plexus/plexus-utils/3.0.20/plexus-utils-3.0.20.pom (3.8 kB at 131 kB/s)
[bc2f533f-1211-4227-8f1f-629af813c58f/build]   | [INFO] Downloading from central: https://repo.maven.apache.org/maven2/org/codehaus/plexus/plexus/3.3.1/plexus-3.3.1.pom
[bc2f533f-1211-4227-8f1f-629af813c58f/build]   | [INFO] Downloaded from central: https://repo.maven.apache.org/maven2/org/codehaus/plexus/plexus/3.3.1/plexus-3.3.1.pom (20 kB at 511 kB/s)
[bc2f533f-1211-4227-8f1f-629af813c58f/build]   | [INFO] Downloading from central: https://repo.maven.apache.org/maven2/org/sonatype/spice/spice-parent/17/spice-parent-17.pom
[bc2f533f-1211-4227-8f1f-629af813c58f/build]   | [INFO] Downloaded from central: https://repo.maven.apache.org/maven2/org/sonatype/spice/spice-parent/17/spice-parent-17.pom (6.8 kB at 250 kB/s)
[bc2f533f-1211-4227-8f1f-629af813c58f/build]   | [INFO] Downloading from central: https://repo.maven.apache.org/maven2/org/sonatype/forge/forge-parent/10/forge-parent-10.pom
[bc2f533f-1211-4227-8f1f-629af813c58f/build]   | [INFO] Downloaded from central: https://repo.maven.apache.org/maven2/org/sonatype/forge/forge-parent/10/forge-parent-10.pom (14 kB at 289 kB/s)
[bc2f533f-1211-4227-8f1f-629af813c58f/build]   | [INFO] Downloading from central: https://repo.maven.apache.org/maven2/org/apache/maven/plugin-tools/maven-plugin-annotations/3.3/maven-plugin-annotations-3.3.pom
[bc2f533f-1211-4227-8f1f-629af813c58f/build]   | [INFO] Downloaded from central: https://repo.maven.apache.org/maven2/org/apache/maven/plugin-tools/maven-plugin-annotations/3.3/maven-plugin-annotations-3.3.pom (1.6 kB at 25 kB/s)
[bc2f533f-1211-4227-8f1f-629af813c58f/build]   | [INFO] Downloading from central: https://repo.maven.apache.org/maven2/org/apache/maven/plugin-tools/maven-plugin-tools/3.3/maven-plugin-tools-3.3.pom
[bc2f533f-1211-4227-8f1f-629af813c58f/build]   | [INFO] Downloaded from central: https://repo.maven.apache.org/maven2/org/apache/maven/plugin-tools/maven-plugin-tools/3.3/maven-plugin-tools-3.3.pom (13 kB at 903 kB/s)
[bc2f533f-1211-4227-8f1f-629af813c58f/build]   | [INFO] Downloading from central: https://repo.maven.apache.org/maven2/org/apache/maven/maven-parent/24/maven-parent-24.pom
[bc2f533f-1211-4227-8f1f-629af813c58f/build]   | [INFO] Downloaded from central: https://repo.maven.apache.org/maven2/org/apache/maven/maven-parent/24/maven-parent-24.pom (37 kB at 1.9 MB/s)
[bc2f533f-1211-4227-8f1f-629af813c58f/build]   | [INFO] Downloading from central: https://repo.maven.apache.org/maven2/org/apache/apache/14/apache-14.pom
[bc2f533f-1211-4227-8f1f-629af813c58f/build]   | [INFO] Downloaded from central: https://repo.maven.apache.org/maven2/org/apache/apache/14/apache-14.pom (15 kB at 386 kB/s)
[bc2f533f-1211-4227-8f1f-629af813c58f/build]   | [INFO] Downloading from central: https://repo.maven.apache.org/maven2/org/apache/maven/maven-artifact/3.0/maven-artifact-3.0.pom
[bc2f533f-1211-4227-8f1f-629af813c58f/build]   | [INFO] Downloaded from central: https://repo.maven.apache.org/maven2/org/apache/maven/maven-artifact/3.0/maven-artifact-3.0.pom (1.9 kB at 39 kB/s)
[bc2f533f-1211-4227-8f1f-629af813c58f/build]   | [INFO] Downloading from central: https://repo.maven.apache.org/maven2/org/apache/maven/maven/3.0/maven-3.0.pom
[bc2f533f-1211-4227-8f1f-629af813c58f/build]   | [INFO] Downloaded from central: https://repo.maven.apache.org/maven2/org/apache/maven/maven/3.0/maven-3.0.pom (22 kB at 2.2 MB/s)
[bc2f533f-1211-4227-8f1f-629af813c58f/build]   | [INFO] Downloading from central: https://repo.maven.apache.org/maven2/org/apache/maven/maven-parent/15/maven-parent-15.pom
[bc2f533f-1211-4227-8f1f-629af813c58f/build]   | [INFO] Downloaded from central: https://repo.maven.apache.org/maven2/org/apache/maven/maven-parent/15/maven-parent-15.pom (24 kB at 1.4 MB/s)
[bc2f533f-1211-4227-8f1f-629af813c58f/build]   | [INFO] Downloading from central: https://repo.maven.apache.org/maven2/org/apache/apache/6/apache-6.pom
[bc2f533f-1211-4227-8f1f-629af813c58f/build]   | [INFO] Downloaded from central: https://repo.maven.apache.org/maven2/org/apache/apache/6/apache-6.pom (13 kB at 237 kB/s)
[bc2f533f-1211-4227-8f1f-629af813c58f/build]   | [INFO] Downloading from central: https://repo.maven.apache.org/maven2/org/codehaus/plexus/plexus-utils/2.0.4/plexus-utils-2.0.4.pom
[bc2f533f-1211-4227-8f1f-629af813c58f/build]   | [INFO] Downloaded from central: https://repo.maven.apache.org/maven2/org/codehaus/plexus/plexus-utils/2.0.4/plexus-utils-2.0.4.pom (3.3 kB at 238 kB/s)
[bc2f533f-1211-4227-8f1f-629af813c58f/build]   | [INFO] Downloading from central: https://repo.maven.apache.org/maven2/org/codehaus/plexus/plexus/2.0.6/plexus-2.0.6.pom
[bc2f533f-1211-4227-8f1f-629af813c58f/build]   | [INFO] Downloaded from central: https://repo.maven.apache.org/maven2/org/codehaus/plexus/plexus/2.0.6/plexus-2.0.6.pom (17 kB at 399 kB/s)
[bc2f533f-1211-4227-8f1f-629af813c58f/build]   | [INFO] Downloading from central: https://repo.maven.apache.org/maven2/org/eclipse/aether/aether-api/1.0.2.v20150114/aether-api-1.0.2.v20150114.pom
[bc2f533f-1211-4227-8f1f-629af813c58f/build]   | [INFO] Downloaded from central: https://repo.maven.apache.org/maven2/org/eclipse/aether/aether-api/1.0.2.v20150114/aether-api-1.0.2.v20150114.pom (1.8 kB at 35 kB/s)
[bc2f533f-1211-4227-8f1f-629af813c58f/build]   | [INFO] Downloading from central: https://repo.maven.apache.org/maven2/org/eclipse/aether/aether/1.0.2.v20150114/aether-1.0.2.v20150114.pom
[bc2f533f-1211-4227-8f1f-629af813c58f/build]   | [INFO] Downloaded from central: https://repo.maven.apache.org/maven2/org/eclipse/aether/aether/1.0.2.v20150114/aether-1.0.2.v20150114.pom (29 kB at 889 kB/s)
[bc2f533f-1211-4227-8f1f-629af813c58f/build]   | [INFO] Downloading from central: https://repo.maven.apache.org/maven2/org/eclipse/aether/aether-util/1.0.2.v20150114/aether-util-1.0.2.v20150114.pom
[bc2f533f-1211-4227-8f1f-629af813c58f/build]   | [INFO] Downloaded from central: https://repo.maven.apache.org/maven2/org/eclipse/aether/aether-util/1.0.2.v20150114/aether-util-1.0.2.v20150114.pom (2.1 kB at 19 kB/s)
[bc2f533f-1211-4227-8f1f-629af813c58f/build]   | [INFO] Downloading from central: https://repo.maven.apache.org/maven2/io/takari/incrementalbuild/0.20.6/incrementalbuild-0.20.6.pom
[bc2f533f-1211-4227-8f1f-629af813c58f/build]   | [INFO] Downloaded from central: https://repo.maven.apache.org/maven2/io/takari/incrementalbuild/0.20.6/incrementalbuild-0.20.6.pom (3.6 kB at 63 kB/s)
[bc2f533f-1211-4227-8f1f-629af813c58f/build]   | [INFO] Downloading from central: https://repo.maven.apache.org/maven2/io/takari/io.takari.incrementalbuild/0.20.6/io.takari.incrementalbuild-0.20.6.pom
[bc2f533f-1211-4227-8f1f-629af813c58f/build]   | [INFO] Downloaded from central: https://repo.maven.apache.org/maven2/io/takari/io.takari.incrementalbuild/0.20.6/io.takari.incrementalbuild-0.20.6.pom (11 kB at 205 kB/s)
[bc2f533f-1211-4227-8f1f-629af813c58f/build]   | [INFO] Downloading from central: https://repo.maven.apache.org/maven2/io/takari/takari/24/takari-24.pom
[bc2f533f-1211-4227-8f1f-629af813c58f/build]   | [INFO] Downloaded from central: https://repo.maven.apache.org/maven2/io/takari/takari/24/takari-24.pom (14 kB at 250 kB/s)
[bc2f533f-1211-4227-8f1f-629af813c58f/build]   | [INFO] Downloading from central: https://repo.maven.apache.org/maven2/io/takari/incrementalbuild-workspace/0.20.5/incrementalbuild-workspace-0.20.5.pom
[bc2f533f-1211-4227-8f1f-629af813c58f/build]   | [INFO] Downloaded from central: https://repo.maven.apache.org/maven2/io/takari/incrementalbuild-workspace/0.20.5/incrementalbuild-workspace-0.20.5.pom (3.9 kB at 37 kB/s)
[bc2f533f-1211-4227-8f1f-629af813c58f/build]   | [INFO] Downloading from central: https://repo.maven.apache.org/maven2/io/takari/io.takari.incrementalbuild/0.20.5/io.takari.incrementalbuild-0.20.5.pom
[bc2f533f-1211-4227-8f1f-629af813c58f/build]   | [INFO] Downloaded from central: https://repo.maven.apache.org/maven2/io/takari/io.takari.incrementalbuild/0.20.5/io.takari.incrementalbuild-0.20.5.pom (11 kB at 285 kB/s)
[bc2f533f-1211-4227-8f1f-629af813c58f/build]   | [INFO] Downloading from central: https://repo.maven.apache.org/maven2/io/takari/builder/takari-builder-common/0.20.6/takari-builder-common-0.20.6.pom
[bc2f533f-1211-4227-8f1f-629af813c58f/build]   | [INFO] Downloaded from central: https://repo.maven.apache.org/maven2/io/takari/builder/takari-builder-common/0.20.6/takari-builder-common-0.20.6.pom (1.3 kB at 61 kB/s)
[bc2f533f-1211-4227-8f1f-629af813c58f/build]   | [INFO] Downloading from central: https://repo.maven.apache.org/maven2/javax/inject/javax.inject/1/javax.inject-1.pom
[bc2f533f-1211-4227-8f1f-629af813c58f/build]   | [INFO] Downloaded from central: https://repo.maven.apache.org/maven2/javax/inject/javax.inject/1/javax.inject-1.pom (612 B at 20 kB/s)
[bc2f533f-1211-4227-8f1f-629af813c58f/build]   | [INFO] Downloading from central: https://repo.maven.apache.org/maven2/org/slf4j/slf4j-api/1.7.5/slf4j-api-1.7.5.pom
[bc2f533f-1211-4227-8f1f-629af813c58f/build]   | [INFO] Downloaded from central: https://repo.maven.apache.org/maven2/org/slf4j/slf4j-api/1.7.5/slf4j-api-1.7.5.pom (2.7 kB at 100 kB/s)
[bc2f533f-1211-4227-8f1f-629af813c58f/build]   | [INFO] Downloading from central: https://repo.maven.apache.org/maven2/org/slf4j/slf4j-parent/1.7.5/slf4j-parent-1.7.5.pom
[bc2f533f-1211-4227-8f1f-629af813c58f/build]   | [INFO] Downloaded from central: https://repo.maven.apache.org/maven2/org/slf4j/slf4j-parent/1.7.5/slf4j-parent-1.7.5.pom (12 kB at 843 kB/s)
[bc2f533f-1211-4227-8f1f-629af813c58f/build]   | [INFO] Downloading from central: https://repo.maven.apache.org/maven2/org/eclipse/tycho/org.eclipse.jdt.core/3.14.0.v20171206-0802/org.eclipse.jdt.core-3.14.0.v20171206-0802.pom
[bc2f533f-1211-4227-8f1f-629af813c58f/build]   | [INFO] Downloaded from central: https://repo.maven.apache.org/maven2/org/eclipse/tycho/org.eclipse.jdt.core/3.14.0.v20171206-0802/org.eclipse.jdt.core-3.14.0.v20171206-0802.pom (1.0 kB at 38 kB/s)
[bc2f533f-1211-4227-8f1f-629af813c58f/build]   | [INFO] Downloading from central: https://repo.maven.apache.org/maven2/org/eclipse/tycho/org.eclipse.jdt.compiler.apt/1.3.100.v20171130-1050/org.eclipse.jdt.compiler.apt-1.3.100.v20171130-1050.pom
[bc2f533f-1211-4227-8f1f-629af813c58f/build]   | [INFO] Downloaded from central: https://repo.maven.apache.org/maven2/org/eclipse/tycho/org.eclipse.jdt.compiler.apt/1.3.100.v20171130-1050/org.eclipse.jdt.compiler.apt-1.3.100.v20171130-1050.pom (1.1 kB at 55 kB/s)
[bc2f533f-1211-4227-8f1f-629af813c58f/build]   | [INFO] Downloading from central: https://repo.maven.apache.org/maven2/org/eclipse/tycho/org.eclipse.osgi/3.13.0.v20171204-1916/org.eclipse.osgi-3.13.0.v20171204-1916.pom
[bc2f533f-1211-4227-8f1f-629af813c58f/build]   | [INFO] Downloaded from central: https://repo.maven.apache.org/maven2/org/eclipse/tycho/org.eclipse.osgi/3.13.0.v20171204-1916/org.eclipse.osgi-3.13.0.v20171204-1916.pom (1.0 kB at 15 kB/s)
[bc2f533f-1211-4227-8f1f-629af813c58f/build]   | [INFO] Downloading from central: https://repo.maven.apache.org/maven2/com/github/spullara/mustache/java/compiler/0.8.17/compiler-0.8.17.pom
[bc2f533f-1211-4227-8f1f-629af813c58f/build]   | [INFO] Downloaded from central: https://repo.maven.apache.org/maven2/com/github/spullara/mustache/java/compiler/0.8.17/compiler-0.8.17.pom (4.2 kB at 74 kB/s)
[bc2f533f-1211-4227-8f1f-629af813c58f/build]   | [INFO] Downloading from central: https://repo.maven.apache.org/maven2/com/github/spullara/mustache/java/mustache.java/0.8.17/mustache.java-0.8.17.pom
[bc2f533f-1211-4227-8f1f-629af813c58f/build]   | [INFO] Downloaded from central: https://repo.maven.apache.org/maven2/com/github/spullara/mustache/java/mustache.java/0.8.17/mustache.java-0.8.17.pom (3.7 kB at 108 kB/s)
[bc2f533f-1211-4227-8f1f-629af813c58f/build]   | [INFO] Downloading from central: https://repo.maven.apache.org/maven2/com/google/guava/guava/16.0.1/guava-16.0.1.pom
[bc2f533f-1211-4227-8f1f-629af813c58f/build]   | [INFO] Downloaded from central: https://repo.maven.apache.org/maven2/com/google/guava/guava/16.0.1/guava-16.0.1.pom (6.1 kB at 139 kB/s)
[bc2f533f-1211-4227-8f1f-629af813c58f/build]   | [INFO] Downloading from central: https://repo.maven.apache.org/maven2/com/google/guava/guava-parent/16.0.1/guava-parent-16.0.1.pom
[bc2f533f-1211-4227-8f1f-629af813c58f/build]   | [INFO] Downloaded from central: https://repo.maven.apache.org/maven2/com/google/guava/guava-parent/16.0.1/guava-parent-16.0.1.pom (7.3 kB at 489 kB/s)
[bc2f533f-1211-4227-8f1f-629af813c58f/build]   | [INFO] Downloading from central: https://repo.maven.apache.org/maven2/org/sonatype/oss/oss-parent/7/oss-parent-7.pom
[bc2f533f-1211-4227-8f1f-629af813c58f/build]   | [INFO] Downloaded from central: https://repo.maven.apache.org/maven2/org/sonatype/oss/oss-parent/7/oss-parent-7.pom (4.8 kB at 302 kB/s)
[bc2f533f-1211-4227-8f1f-629af813c58f/build]   | [INFO] Downloading from central: https://repo.maven.apache.org/maven2/com/google/guava/guava/18.0/guava-18.0.pom
[bc2f533f-1211-4227-8f1f-629af813c58f/build]   | [INFO] Downloaded from central: https://repo.maven.apache.org/maven2/com/google/guava/guava/18.0/guava-18.0.pom (5.7 kB at 405 kB/s)
[bc2f533f-1211-4227-8f1f-629af813c58f/build]   | [INFO] Downloading from central: https://repo.maven.apache.org/maven2/com/google/guava/guava-parent/18.0/guava-parent-18.0.pom
[bc2f533f-1211-4227-8f1f-629af813c58f/build]   | [INFO] Downloaded from central: https://repo.maven.apache.org/maven2/com/google/guava/guava-parent/18.0/guava-parent-18.0.pom (7.7 kB at 265 kB/s)
[bc2f533f-1211-4227-8f1f-629af813c58f/build]   | [INFO] Downloading from central: https://repo.maven.apache.org/maven2/io/takari/takari-archiver/0.1.11/takari-archiver-0.1.11.pom
[bc2f533f-1211-4227-8f1f-629af813c58f/build]   | [INFO] Downloaded from central: https://repo.maven.apache.org/maven2/io/takari/takari-archiver/0.1.11/takari-archiver-0.1.11.pom (1.8 kB at 15 kB/s)
[bc2f533f-1211-4227-8f1f-629af813c58f/build]   | [INFO] Downloading from central: https://repo.maven.apache.org/maven2/io/takari/takari/17/takari-17.pom
[bc2f533f-1211-4227-8f1f-629af813c58f/build]   | [INFO] Downloaded from central: https://repo.maven.apache.org/maven2/io/takari/takari/17/takari-17.pom (14 kB at 337 kB/s)
[bc2f533f-1211-4227-8f1f-629af813c58f/build]   | [INFO] Downloading from central: https://repo.maven.apache.org/maven2/com/google/guava/guava/14.0.1/guava-14.0.1.pom
[bc2f533f-1211-4227-8f1f-629af813c58f/build]   | [INFO] Downloaded from central: https://repo.maven.apache.org/maven2/com/google/guava/guava/14.0.1/guava-14.0.1.pom (5.4 kB at 358 kB/s)
[bc2f533f-1211-4227-8f1f-629af813c58f/build]   | [INFO] Downloading from central: https://repo.maven.apache.org/maven2/com/google/guava/guava-parent/14.0.1/guava-parent-14.0.1.pom
[bc2f533f-1211-4227-8f1f-629af813c58f/build]   | [INFO] Downloaded from central: https://repo.maven.apache.org/maven2/com/google/guava/guava-parent/14.0.1/guava-parent-14.0.1.pom (2.6 kB at 41 kB/s)
[bc2f533f-1211-4227-8f1f-629af813c58f/build]   | [INFO] Downloading from central: https://repo.maven.apache.org/maven2/org/apache/commons/commons-compress/1.8.1/commons-compress-1.8.1.pom
[bc2f533f-1211-4227-8f1f-629af813c58f/build]   | [INFO] Downloaded from central: https://repo.maven.apache.org/maven2/org/apache/commons/commons-compress/1.8.1/commons-compress-1.8.1.pom (11 kB at 254 kB/s)
[bc2f533f-1211-4227-8f1f-629af813c58f/build]   | [INFO] Downloading from central: https://repo.maven.apache.org/maven2/org/apache/commons/commons-parent/33/commons-parent-33.pom
[bc2f533f-1211-4227-8f1f-629af813c58f/build]   | [INFO] Downloaded from central: https://repo.maven.apache.org/maven2/org/apache/commons/commons-parent/33/commons-parent-33.pom (53 kB at 2.3 MB/s)
[bc2f533f-1211-4227-8f1f-629af813c58f/build]   | [INFO] Downloading from central: https://repo.maven.apache.org/maven2/org/apache/apache/13/apache-13.pom
[bc2f533f-1211-4227-8f1f-629af813c58f/build]   | [INFO] Downloaded from central: https://repo.maven.apache.org/maven2/org/apache/apache/13/apache-13.pom (14 kB at 1.2 MB/s)
[bc2f533f-1211-4227-8f1f-629af813c58f/build]   | [INFO] Downloading from central: https://repo.maven.apache.org/maven2/org/codehaus/plexus/plexus-utils/3.0.15/plexus-utils-3.0.15.pom
[bc2f533f-1211-4227-8f1f-629af813c58f/build]   | [INFO] Downloaded from central: https://repo.maven.apache.org/maven2/org/codehaus/plexus/plexus-utils/3.0.15/plexus-utils-3.0.15.pom (3.1 kB at 315 kB/s)
[bc2f533f-1211-4227-8f1f-629af813c58f/build]   | [INFO] Downloading from central: https://repo.maven.apache.org/maven2/com/google/code/gson/gson/2.2.4/gson-2.2.4.pom
[bc2f533f-1211-4227-8f1f-629af813c58f/build]   | [INFO] Downloaded from central: https://repo.maven.apache.org/maven2/com/google/code/gson/gson/2.2.4/gson-2.2.4.pom (8.0 kB at 473 kB/s)
[bc2f533f-1211-4227-8f1f-629af813c58f/build]   | [INFO] Downloading from central: https://repo.maven.apache.org/maven2/org/slf4j/slf4j-api/1.7.4/slf4j-api-1.7.4.pom
[bc2f533f-1211-4227-8f1f-629af813c58f/build]   | [INFO] Downloaded from central: https://repo.maven.apache.org/maven2/org/slf4j/slf4j-api/1.7.4/slf4j-api-1.7.4.pom (2.7 kB at 142 kB/s)
[bc2f533f-1211-4227-8f1f-629af813c58f/build]   | [INFO] Downloading from central: https://repo.maven.apache.org/maven2/org/slf4j/slf4j-parent/1.7.4/slf4j-parent-1.7.4.pom
[bc2f533f-1211-4227-8f1f-629af813c58f/build]   | [INFO] Downloaded from central: https://repo.maven.apache.org/maven2/org/slf4j/slf4j-parent/1.7.4/slf4j-parent-1.7.4.pom (12 kB at 694 kB/s)
[bc2f533f-1211-4227-8f1f-629af813c58f/build]   | [INFO] Downloading from central: https://repo.maven.apache.org/maven2/org/apache/commons/commons-exec/1.2/commons-exec-1.2.pom
[bc2f533f-1211-4227-8f1f-629af813c58f/build]   | [INFO] Downloaded from central: https://repo.maven.apache.org/maven2/org/apache/commons/commons-exec/1.2/commons-exec-1.2.pom (11 kB at 331 kB/s)
[bc2f533f-1211-4227-8f1f-629af813c58f/build]   | [INFO] Downloading from central: https://repo.maven.apache.org/maven2/org/apache/commons/commons-parent/32/commons-parent-32.pom
[bc2f533f-1211-4227-8f1f-629af813c58f/build]   | [INFO] Downloaded from central: https://repo.maven.apache.org/maven2/org/apache/commons/commons-parent/32/commons-parent-32.pom (53 kB at 2.9 MB/s)
[bc2f533f-1211-4227-8f1f-629af813c58f/build]   | [INFO] Downloading from central: https://repo.maven.apache.org/maven2/io/takari/m2e/workspace/org.eclipse.m2e.workspace.cli/0.4.0/org.eclipse.m2e.workspace.cli-0.4.0.pom
[bc2f533f-1211-4227-8f1f-629af813c58f/build]   | [INFO] Downloaded from central: https://repo.maven.apache.org/maven2/io/takari/m2e/workspace/org.eclipse.m2e.workspace.cli/0.4.0/org.eclipse.m2e.workspace.cli-0.4.0.pom (9.5 kB at 451 kB/s)
[bc2f533f-1211-4227-8f1f-629af813c58f/build]   | [INFO] Downloading from central: https://repo.maven.apache.org/maven2/org/codehaus/plexus/plexus-component-annotations/1.5.5/plexus-component-annotations-1.5.5.pom
[bc2f533f-1211-4227-8f1f-629af813c58f/build]   | [INFO] Downloaded from central: https://repo.maven.apache.org/maven2/org/codehaus/plexus/plexus-component-annotations/1.5.5/plexus-component-annotations-1.5.5.pom (815 B at 74 kB/s)
[bc2f533f-1211-4227-8f1f-629af813c58f/build]   | [INFO] Downloading from central: https://repo.maven.apache.org/maven2/org/codehaus/plexus/plexus-containers/1.5.5/plexus-containers-1.5.5.pom
[bc2f533f-1211-4227-8f1f-629af813c58f/build]   | [INFO] Downloaded from central: https://repo.maven.apache.org/maven2/org/codehaus/plexus/plexus-containers/1.5.5/plexus-containers-1.5.5.pom (4.2 kB at 137 kB/s)
[bc2f533f-1211-4227-8f1f-629af813c58f/build]   | [INFO] Downloading from central: https://repo.maven.apache.org/maven2/org/codehaus/plexus/plexus/2.0.7/plexus-2.0.7.pom
[bc2f533f-1211-4227-8f1f-629af813c58f/build]   | [INFO] Downloaded from central: https://repo.maven.apache.org/maven2/org/codehaus/plexus/plexus/2.0.7/plexus-2.0.7.pom (17 kB at 1.3 MB/s)
[bc2f533f-1211-4227-8f1f-629af813c58f/build]   | [INFO] Downloading from central: https://repo.maven.apache.org/maven2/xmlunit/xmlunit/1.5/xmlunit-1.5.pom
[bc2f533f-1211-4227-8f1f-629af813c58f/build]   | [INFO] Downloaded from central: https://repo.maven.apache.org/maven2/xmlunit/xmlunit/1.5/xmlunit-1.5.pom (3.0 kB at 277 kB/s)
[bc2f533f-1211-4227-8f1f-629af813c58f/build]   | [INFO] Downloading from central: https://repo.maven.apache.org/maven2/io/takari/maven/plugins/takari-lifecycle-plugin/1.13.4/takari-lifecycle-plugin-1.13.4.jar
[bc2f533f-1211-4227-8f1f-629af813c58f/build]   | [INFO] Downloading from central: https://repo.maven.apache.org/maven2/org/apache/maven/maven-artifact/3.0/maven-artifact-3.0.jar
[bc2f533f-1211-4227-8f1f-629af813c58f/build]   | [INFO] Downloading from central: https://repo.maven.apache.org/maven2/org/codehaus/plexus/plexus-utils/3.0.20/plexus-utils-3.0.20.jar
[bc2f533f-1211-4227-8f1f-629af813c58f/build]   | [INFO] Downloading from central: https://repo.maven.apache.org/maven2/org/eclipse/aether/aether-api/1.0.2.v20150114/aether-api-1.0.2.v20150114.jar
[bc2f533f-1211-4227-8f1f-629af813c58f/build]   | [INFO] Downloading from central: https://repo.maven.apache.org/maven2/org/apache/maven/plugin-tools/maven-plugin-annotations/3.3/maven-plugin-annotations-3.3.jar
[bc2f533f-1211-4227-8f1f-629af813c58f/build]   | [INFO] Downloaded from central: https://repo.maven.apache.org/maven2/org/apache/maven/plugin-tools/maven-plugin-annotations/3.3/maven-plugin-annotations-3.3.jar (14 kB at 187 kB/s)
[bc2f533f-1211-4227-8f1f-629af813c58f/build]   | [INFO] Downloading from central: https://repo.maven.apache.org/maven2/org/eclipse/aether/aether-util/1.0.2.v20150114/aether-util-1.0.2.v20150114.jar
[bc2f533f-1211-4227-8f1f-629af813c58f/build]   | [INFO] Downloaded from central: https://repo.maven.apache.org/maven2/io/takari/maven/plugins/takari-lifecycle-plugin/1.13.4/takari-lifecycle-plugin-1.13.4.jar (291 kB at 3.6 MB/s)
[bc2f533f-1211-4227-8f1f-629af813c58f/build]   | [INFO] Downloading from central: https://repo.maven.apache.org/maven2/io/takari/incrementalbuild/0.20.6/incrementalbuild-0.20.6.jar
[bc2f533f-1211-4227-8f1f-629af813c58f/build]   | [INFO] Downloaded from central: https://repo.maven.apache.org/maven2/org/apache/maven/maven-artifact/3.0/maven-artifact-3.0.jar (52 kB at 625 kB/s)
[bc2f533f-1211-4227-8f1f-629af813c58f/build]   | [INFO] Downloading from central: https://repo.maven.apache.org/maven2/io/takari/incrementalbuild-workspace/0.20.5/incrementalbuild-workspace-0.20.5.jar
[bc2f533f-1211-4227-8f1f-629af813c58f/build]   | [INFO] Downloaded from central: https://repo.maven.apache.org/maven2/org/eclipse/aether/aether-api/1.0.2.v20150114/aether-api-1.0.2.v20150114.jar (136 kB at 1.4 MB/s)
[bc2f533f-1211-4227-8f1f-629af813c58f/build]   | [INFO] Downloading from central: https://repo.maven.apache.org/maven2/io/takari/builder/takari-builder-common/0.20.6/takari-builder-common-0.20.6.jar
[bc2f533f-1211-4227-8f1f-629af813c58f/build]   | [INFO] Downloaded from central: https://repo.maven.apache.org/maven2/io/takari/incrementalbuild-workspace/0.20.5/incrementalbuild-workspace-0.20.5.jar (7.1 kB at 76 kB/s)
[bc2f533f-1211-4227-8f1f-629af813c58f/build]   | [INFO] Downloading from central: https://repo.maven.apache.org/maven2/org/eclipse/tycho/org.eclipse.jdt.core/3.14.0.v20171206-0802/org.eclipse.jdt.core-3.14.0.v20171206-0802.jar
[bc2f533f-1211-4227-8f1f-629af813c58f/build]   | [INFO] Downloaded from central: https://repo.maven.apache.org/maven2/org/codehaus/plexus/plexus-utils/3.0.20/plexus-utils-3.0.20.jar (243 kB at 2.1 MB/s)
[bc2f533f-1211-4227-8f1f-629af813c58f/build]   | [INFO] Downloading from central: https://repo.maven.apache.org/maven2/org/eclipse/tycho/org.eclipse.jdt.compiler.apt/1.3.100.v20171130-1050/org.eclipse.jdt.compiler.apt-1.3.100.v20171130-1050.jar
[bc2f533f-1211-4227-8f1f-629af813c58f/build]   | [INFO] Downloaded from central: https://repo.maven.apache.org/maven2/io/takari/builder/takari-builder-common/0.20.6/takari-builder-common-0.20.6.jar (48 kB at 388 kB/s)
[bc2f533f-1211-4227-8f1f-629af813c58f/build]   | [INFO] Downloading from central: https://repo.maven.apache.org/maven2/org/eclipse/tycho/org.eclipse.osgi/3.13.0.v20171204-1916/org.eclipse.osgi-3.13.0.v20171204-1916.jar
[bc2f533f-1211-4227-8f1f-629af813c58f/build]   | [INFO] Downloaded from central: https://repo.maven.apache.org/maven2/org/eclipse/aether/aether-util/1.0.2.v20150114/aether-util-1.0.2.v20150114.jar (147 kB at 830 kB/s)
[bc2f533f-1211-4227-8f1f-629af813c58f/build]   | [INFO] Downloading from central: https://repo.maven.apache.org/maven2/com/github/spullara/mustache/java/compiler/0.8.17/compiler-0.8.17.jar
[bc2f533f-1211-4227-8f1f-629af813c58f/build]   | [INFO] Downloaded from central: https://repo.maven.apache.org/maven2/io/takari/incrementalbuild/0.20.6/incrementalbuild-0.20.6.jar (96 kB at 253 kB/s)
[bc2f533f-1211-4227-8f1f-629af813c58f/build]   | [INFO] Downloading from central: https://repo.maven.apache.org/maven2/com/google/guava/guava/18.0/guava-18.0.jar
[bc2f533f-1211-4227-8f1f-629af813c58f/build]   | [INFO] Downloaded from central: https://repo.maven.apache.org/maven2/com/google/guava/guava/18.0/guava-18.0.jar (2.3 MB at 4.6 MB/s)
[bc2f533f-1211-4227-8f1f-629af813c58f/build]   | [INFO] Downloading from central: https://repo.maven.apache.org/maven2/io/takari/takari-archiver/0.1.11/takari-archiver-0.1.11.jar
[bc2f533f-1211-4227-8f1f-629af813c58f/build]   | [INFO] Downloaded from central: https://repo.maven.apache.org/maven2/io/takari/takari-archiver/0.1.11/takari-archiver-0.1.11.jar (44 kB at 87 kB/s)
[bc2f533f-1211-4227-8f1f-629af813c58f/build]   | [INFO] Downloading from central: https://repo.maven.apache.org/maven2/org/apache/commons/commons-compress/1.8.1/commons-compress-1.8.1.jar
[bc2f533f-1211-4227-8f1f-629af813c58f/build]   | [INFO] Downloaded from central: https://repo.maven.apache.org/maven2/com/github/spullara/mustache/java/compiler/0.8.17/compiler-0.8.17.jar (116 kB at 223 kB/s)
[bc2f533f-1211-4227-8f1f-629af813c58f/build]   | [INFO] Downloading from central: https://repo.maven.apache.org/maven2/javax/inject/javax.inject/1/javax.inject-1.jar
[bc2f533f-1211-4227-8f1f-629af813c58f/build]   | [INFO] Downloaded from central: https://repo.maven.apache.org/maven2/javax/inject/javax.inject/1/javax.inject-1.jar (2.5 kB at 4.7 kB/s)
[bc2f533f-1211-4227-8f1f-629af813c58f/build]   | [INFO] Downloading from central: https://repo.maven.apache.org/maven2/com/google/code/gson/gson/2.2.4/gson-2.2.4.jar
[bc2f533f-1211-4227-8f1f-629af813c58f/build]   | [INFO] Downloaded from central: https://repo.maven.apache.org/maven2/org/apache/commons/commons-compress/1.8.1/commons-compress-1.8.1.jar (366 kB at 691 kB/s)
[bc2f533f-1211-4227-8f1f-629af813c58f/build]   | [INFO] Downloading from central: https://repo.maven.apache.org/maven2/org/slf4j/slf4j-api/1.7.4/slf4j-api-1.7.4.jar
[bc2f533f-1211-4227-8f1f-629af813c58f/build]   | [INFO] Downloaded from central: https://repo.maven.apache.org/maven2/org/eclipse/tycho/org.eclipse.osgi/3.13.0.v20171204-1916/org.eclipse.osgi-3.13.0.v20171204-1916.jar (1.4 MB at 2.7 MB/s)
[bc2f533f-1211-4227-8f1f-629af813c58f/build]   | [INFO] Downloading from central: https://repo.maven.apache.org/maven2/org/apache/commons/commons-exec/1.2/commons-exec-1.2.jar
[bc2f533f-1211-4227-8f1f-629af813c58f/build]   | [INFO] Downloaded from central: https://repo.maven.apache.org/maven2/org/slf4j/slf4j-api/1.7.4/slf4j-api-1.7.4.jar (26 kB at 47 kB/s)
[bc2f533f-1211-4227-8f1f-629af813c58f/build]   | [INFO] Downloading from central: https://repo.maven.apache.org/maven2/io/takari/m2e/workspace/org.eclipse.m2e.workspace.cli/0.4.0/org.eclipse.m2e.workspace.cli-0.4.0.jar
[bc2f533f-1211-4227-8f1f-629af813c58f/build]   | [INFO] Downloaded from central: https://repo.maven.apache.org/maven2/com/google/code/gson/gson/2.2.4/gson-2.2.4.jar (190 kB at 335 kB/s)
[bc2f533f-1211-4227-8f1f-629af813c58f/build]   | [INFO] Downloading from central: https://repo.maven.apache.org/maven2/org/codehaus/plexus/plexus-component-annotations/1.5.5/plexus-component-annotations-1.5.5.jar
[bc2f533f-1211-4227-8f1f-629af813c58f/build]   | [INFO] Downloaded from central: https://repo.maven.apache.org/maven2/org/eclipse/tycho/org.eclipse.jdt.compiler.apt/1.3.100.v20171130-1050/org.eclipse.jdt.compiler.apt-1.3.100.v20171130-1050.jar (214 kB at 371 kB/s)
[bc2f533f-1211-4227-8f1f-629af813c58f/build]   | [INFO] Downloading from central: https://repo.maven.apache.org/maven2/xmlunit/xmlunit/1.5/xmlunit-1.5.jar
[bc2f533f-1211-4227-8f1f-629af813c58f/build]   | [INFO] Downloaded from central: https://repo.maven.apache.org/maven2/org/apache/commons/commons-exec/1.2/commons-exec-1.2.jar (54 kB at 93 kB/s)
[bc2f533f-1211-4227-8f1f-629af813c58f/build]   | [INFO] Downloaded from central: https://repo.maven.apache.org/maven2/org/codehaus/plexus/plexus-component-annotations/1.5.5/plexus-component-annotations-1.5.5.jar (4.2 kB at 7.2 kB/s)
[bc2f533f-1211-4227-8f1f-629af813c58f/build]   | [INFO] Downloaded from central: https://repo.maven.apache.org/maven2/io/takari/m2e/workspace/org.eclipse.m2e.workspace.cli/0.4.0/org.eclipse.m2e.workspace.cli-0.4.0.jar (18 kB at 30 kB/s)
[bc2f533f-1211-4227-8f1f-629af813c58f/build]   | [INFO] Downloaded from central: https://repo.maven.apache.org/maven2/xmlunit/xmlunit/1.5/xmlunit-1.5.jar (98 kB at 158 kB/s)
[bc2f533f-1211-4227-8f1f-629af813c58f/build]   | [INFO] Downloaded from central: https://repo.maven.apache.org/maven2/org/eclipse/tycho/org.eclipse.jdt.core/3.14.0.v20171206-0802/org.eclipse.jdt.core-3.14.0.v20171206-0802.jar (6.7 MB at 5.9 MB/s)
[bc2f533f-1211-4227-8f1f-629af813c58f/build]   | [INFO] 
[bc2f533f-1211-4227-8f1f-629af813c58f/build]   | [INFO] ---------------------< com.walmartlabs.x12:gozer >----------------------
[bc2f533f-1211-4227-8f1f-629af813c58f/build]   | [INFO] Building gozer 0.1.2-SNAPSHOT
[bc2f533f-1211-4227-8f1f-629af813c58f/build]   | [INFO] -----------------------------[ takari-jar ]-----------------------------
[bc2f533f-1211-4227-8f1f-629af813c58f/build]   | [INFO] Downloading from central: https://repo.maven.apache.org/maven2/org/apache/maven/plugins/maven-surefire-plugin/2.21.0/maven-surefire-plugin-2.21.0.pom
[bc2f533f-1211-4227-8f1f-629af813c58f/build]   | [INFO] Downloaded from central: https://repo.maven.apache.org/maven2/org/apache/maven/plugins/maven-surefire-plugin/2.21.0/maven-surefire-plugin-2.21.0.pom (5.2 kB at 180 kB/s)
[bc2f533f-1211-4227-8f1f-629af813c58f/build]   | [INFO] Downloading from central: https://repo.maven.apache.org/maven2/org/apache/maven/surefire/surefire/2.21.0/surefire-2.21.0.pom
[bc2f533f-1211-4227-8f1f-629af813c58f/build]   | [INFO] Downloaded from central: https://repo.maven.apache.org/maven2/org/apache/maven/surefire/surefire/2.21.0/surefire-2.21.0.pom (28 kB at 1.2 MB/s)
[bc2f533f-1211-4227-8f1f-629af813c58f/build]   | [INFO] Downloading from central: https://repo.maven.apache.org/maven2/org/apache/maven/maven-parent/30/maven-parent-30.pom
[bc2f533f-1211-4227-8f1f-629af813c58f/build]   | [INFO] Downloaded from central: https://repo.maven.apache.org/maven2/org/apache/maven/maven-parent/30/maven-parent-30.pom (41 kB at 1.7 MB/s)
[bc2f533f-1211-4227-8f1f-629af813c58f/build]   | [INFO] Downloading from central: https://repo.maven.apache.org/maven2/org/apache/apache/18/apache-18.pom
[bc2f533f-1211-4227-8f1f-629af813c58f/build]   | [INFO] Downloaded from central: https://repo.maven.apache.org/maven2/org/apache/apache/18/apache-18.pom (16 kB at 270 kB/s)
[bc2f533f-1211-4227-8f1f-629af813c58f/build]   | [INFO] Downloading from central: https://repo.maven.apache.org/maven2/org/apache/maven/plugins/maven-surefire-plugin/2.21.0/maven-surefire-plugin-2.21.0.jar
[bc2f533f-1211-4227-8f1f-629af813c58f/build]   | [INFO] Downloaded from central: https://repo.maven.apache.org/maven2/org/apache/maven/plugins/maven-surefire-plugin/2.21.0/maven-surefire-plugin-2.21.0.jar (40 kB at 359 kB/s)
[bc2f533f-1211-4227-8f1f-629af813c58f/build]   | [INFO] Downloading from central: https://repo.maven.apache.org/maven2/org/springframework/spring-core/4.3.12.RELEASE/spring-core-4.3.12.RELEASE.pom
[bc2f533f-1211-4227-8f1f-629af813c58f/build]   | [INFO] Downloaded from central: https://repo.maven.apache.org/maven2/org/springframework/spring-core/4.3.12.RELEASE/spring-core-4.3.12.RELEASE.pom (2.5 kB at 69 kB/s)
[bc2f533f-1211-4227-8f1f-629af813c58f/build]   | [INFO] Downloading from central: https://repo.maven.apache.org/maven2/commons-logging/commons-logging/1.2/commons-logging-1.2.pom
[bc2f533f-1211-4227-8f1f-629af813c58f/build]   | [INFO] Downloaded from central: https://repo.maven.apache.org/maven2/commons-logging/commons-logging/1.2/commons-logging-1.2.pom (19 kB at 915 kB/s)
[bc2f533f-1211-4227-8f1f-629af813c58f/build]   | [INFO] Downloading from central: https://repo.maven.apache.org/maven2/org/apache/commons/commons-parent/34/commons-parent-34.pom
[bc2f533f-1211-4227-8f1f-629af813c58f/build]   | [INFO] Downloaded from central: https://repo.maven.apache.org/maven2/org/apache/commons/commons-parent/34/commons-parent-34.pom (56 kB at 2.8 MB/s)
[bc2f533f-1211-4227-8f1f-629af813c58f/build]   | [INFO] Downloading from central: https://repo.maven.apache.org/maven2/org/slf4j/slf4j-api/1.7.21/slf4j-api-1.7.21.pom
[bc2f533f-1211-4227-8f1f-629af813c58f/build]   | [INFO] Downloaded from central: https://repo.maven.apache.org/maven2/org/slf4j/slf4j-api/1.7.21/slf4j-api-1.7.21.pom (2.8 kB at 173 kB/s)
[bc2f533f-1211-4227-8f1f-629af813c58f/build]   | [INFO] Downloading from central: https://repo.maven.apache.org/maven2/org/slf4j/slf4j-parent/1.7.21/slf4j-parent-1.7.21.pom
[bc2f533f-1211-4227-8f1f-629af813c58f/build]   | [INFO] Downloaded from central: https://repo.maven.apache.org/maven2/org/slf4j/slf4j-parent/1.7.21/slf4j-parent-1.7.21.pom (14 kB at 711 kB/s)
[bc2f533f-1211-4227-8f1f-629af813c58f/build]   | [INFO] Downloading from central: https://repo.maven.apache.org/maven2/org/slf4j/jcl-over-slf4j/1.7.21/jcl-over-slf4j-1.7.21.pom
[bc2f533f-1211-4227-8f1f-629af813c58f/build]   | [INFO] Downloaded from central: https://repo.maven.apache.org/maven2/org/slf4j/jcl-over-slf4j/1.7.21/jcl-over-slf4j-1.7.21.pom (963 B at 28 kB/s)
[bc2f533f-1211-4227-8f1f-629af813c58f/build]   | [INFO] Downloading from central: https://repo.maven.apache.org/maven2/ch/qos/logback/logback-classic/1.1.7/logback-classic-1.1.7.pom
[bc2f533f-1211-4227-8f1f-629af813c58f/build]   | [INFO] Downloaded from central: https://repo.maven.apache.org/maven2/ch/qos/logback/logback-classic/1.1.7/logback-classic-1.1.7.pom (13 kB at 1.2 MB/s)
[bc2f533f-1211-4227-8f1f-629af813c58f/build]   | [INFO] Downloading from central: https://repo.maven.apache.org/maven2/ch/qos/logback/logback-parent/1.1.7/logback-parent-1.1.7.pom
[bc2f533f-1211-4227-8f1f-629af813c58f/build]   | [INFO] Downloaded from central: https://repo.maven.apache.org/maven2/ch/qos/logback/logback-parent/1.1.7/logback-parent-1.1.7.pom (17 kB at 1.3 MB/s)
[bc2f533f-1211-4227-8f1f-629af813c58f/build]   | [INFO] Downloading from central: https://repo.maven.apache.org/maven2/ch/qos/logback/logback-core/1.1.7/logback-core-1.1.7.pom
[bc2f533f-1211-4227-8f1f-629af813c58f/build]   | [INFO] Downloaded from central: https://repo.maven.apache.org/maven2/ch/qos/logback/logback-core/1.1.7/logback-core-1.1.7.pom (4.4 kB at 294 kB/s)
[bc2f533f-1211-4227-8f1f-629af813c58f/build]   | [INFO] Downloading from central: https://repo.maven.apache.org/maven2/org/slf4j/slf4j-api/1.7.20/slf4j-api-1.7.20.pom
[bc2f533f-1211-4227-8f1f-629af813c58f/build]   | [INFO] Downloaded from central: https://repo.maven.apache.org/maven2/org/slf4j/slf4j-api/1.7.20/slf4j-api-1.7.20.pom (2.8 kB at 308 kB/s)
[bc2f533f-1211-4227-8f1f-629af813c58f/build]   | [INFO] Downloading from central: https://repo.maven.apache.org/maven2/org/slf4j/slf4j-parent/1.7.20/slf4j-parent-1.7.20.pom
[bc2f533f-1211-4227-8f1f-629af813c58f/build]   | [INFO] Downloaded from central: https://repo.maven.apache.org/maven2/org/slf4j/slf4j-parent/1.7.20/slf4j-parent-1.7.20.pom (14 kB at 1.4 MB/s)
[bc2f533f-1211-4227-8f1f-629af813c58f/build]   | [INFO] Downloading from central: https://repo.maven.apache.org/maven2/junit/junit/4.12/junit-4.12.pom
[bc2f533f-1211-4227-8f1f-629af813c58f/build]   | [INFO] Downloaded from central: https://repo.maven.apache.org/maven2/junit/junit/4.12/junit-4.12.pom (24 kB at 2.2 MB/s)
[bc2f533f-1211-4227-8f1f-629af813c58f/build]   | [INFO] Downloading from central: https://repo.maven.apache.org/maven2/org/hamcrest/hamcrest-core/1.3/hamcrest-core-1.3.pom
[bc2f533f-1211-4227-8f1f-629af813c58f/build]   | [INFO] Downloaded from central: https://repo.maven.apache.org/maven2/org/hamcrest/hamcrest-core/1.3/hamcrest-core-1.3.pom (766 B at 96 kB/s)
[bc2f533f-1211-4227-8f1f-629af813c58f/build]   | [INFO] Downloading from central: https://repo.maven.apache.org/maven2/org/hamcrest/hamcrest-parent/1.3/hamcrest-parent-1.3.pom
[bc2f533f-1211-4227-8f1f-629af813c58f/build]   | [INFO] Downloaded from central: https://repo.maven.apache.org/maven2/org/hamcrest/hamcrest-parent/1.3/hamcrest-parent-1.3.pom (2.0 kB at 164 kB/s)
[bc2f533f-1211-4227-8f1f-629af813c58f/build]   | [INFO] Downloading from central: https://repo.maven.apache.org/maven2/org/springframework/spring-core/4.3.12.RELEASE/spring-core-4.3.12.RELEASE.jar
[bc2f533f-1211-4227-8f1f-629af813c58f/build]   | [INFO] Downloading from central: https://repo.maven.apache.org/maven2/org/slf4j/slf4j-api/1.7.21/slf4j-api-1.7.21.jar
[bc2f533f-1211-4227-8f1f-629af813c58f/build]   | [INFO] Downloading from central: https://repo.maven.apache.org/maven2/commons-logging/commons-logging/1.2/commons-logging-1.2.jar
[bc2f533f-1211-4227-8f1f-629af813c58f/build]   | [INFO] Downloading from central: https://repo.maven.apache.org/maven2/org/slf4j/jcl-over-slf4j/1.7.21/jcl-over-slf4j-1.7.21.jar
[bc2f533f-1211-4227-8f1f-629af813c58f/build]   | [INFO] Downloading from central: https://repo.maven.apache.org/maven2/ch/qos/logback/logback-classic/1.1.7/logback-classic-1.1.7.jar
[bc2f533f-1211-4227-8f1f-629af813c58f/build]   | [INFO] Downloaded from central: https://repo.maven.apache.org/maven2/org/slf4j/slf4j-api/1.7.21/slf4j-api-1.7.21.jar (41 kB at 2.4 MB/s)
[bc2f533f-1211-4227-8f1f-629af813c58f/build]   | [INFO] Downloading from central: https://repo.maven.apache.org/maven2/ch/qos/logback/logback-core/1.1.7/logback-core-1.1.7.jar
[bc2f533f-1211-4227-8f1f-629af813c58f/build]   | [INFO] Downloaded from central: https://repo.maven.apache.org/maven2/org/slf4j/jcl-over-slf4j/1.7.21/jcl-over-slf4j-1.7.21.jar (16 kB at 865 kB/s)
[bc2f533f-1211-4227-8f1f-629af813c58f/build]   | [INFO] Downloading from central: https://repo.maven.apache.org/maven2/junit/junit/4.12/junit-4.12.jar
[bc2f533f-1211-4227-8f1f-629af813c58f/build]   | [INFO] Downloaded from central: https://repo.maven.apache.org/maven2/commons-logging/commons-logging/1.2/commons-logging-1.2.jar (62 kB at 1.4 MB/s)
[bc2f533f-1211-4227-8f1f-629af813c58f/build]   | [INFO] Downloading from central: https://repo.maven.apache.org/maven2/org/hamcrest/hamcrest-core/1.3/hamcrest-core-1.3.jar
[bc2f533f-1211-4227-8f1f-629af813c58f/build]   | [INFO] Downloaded from central: https://repo.maven.apache.org/maven2/junit/junit/4.12/junit-4.12.jar (315 kB at 5.7 MB/s)
[bc2f533f-1211-4227-8f1f-629af813c58f/build]   | [INFO] Downloaded from central: https://repo.maven.apache.org/maven2/ch/qos/logback/logback-classic/1.1.7/logback-classic-1.1.7.jar (304 kB at 4.2 MB/s)
[bc2f533f-1211-4227-8f1f-629af813c58f/build]   | [INFO] Downloaded from central: https://repo.maven.apache.org/maven2/org/hamcrest/hamcrest-core/1.3/hamcrest-core-1.3.jar (45 kB at 570 kB/s)
[bc2f533f-1211-4227-8f1f-629af813c58f/build]   | [INFO] Downloaded from central: https://repo.maven.apache.org/maven2/ch/qos/logback/logback-core/1.1.7/logback-core-1.1.7.jar (471 kB at 4.5 MB/s)
[bc2f533f-1211-4227-8f1f-629af813c58f/build]   | [INFO] Downloaded from central: https://repo.maven.apache.org/maven2/org/springframework/spring-core/4.3.12.RELEASE/spring-core-4.3.12.RELEASE.jar (1.1 MB at 4.8 MB/s)
[bc2f533f-1211-4227-8f1f-629af813c58f/build]   | [INFO] 
[bc2f533f-1211-4227-8f1f-629af813c58f/build]   | [INFO] --- takari-lifecycle-plugin:1.13.4:update-check (default-update-check) @ gozer ---
[bc2f533f-1211-4227-8f1f-629af813c58f/build]   | Jul 12, 2023 8:09:06 PM java.util.prefs.FileSystemPreferences$1 run
[bc2f533f-1211-4227-8f1f-629af813c58f/build]   | INFO: Created user preferences directory.
[bc2f533f-1211-4227-8f1f-629af813c58f/build]   | [INFO] 
[bc2f533f-1211-4227-8f1f-629af813c58f/build]   | [INFO] --- takari-lifecycle-plugin:1.13.4:process-resources (default-process-resources) @ gozer ---
[bc2f533f-1211-4227-8f1f-629af813c58f/build]   | [INFO] 
[bc2f533f-1211-4227-8f1f-629af813c58f/build]   | [INFO] --- takari-lifecycle-plugin:1.13.4:compile (default-compile) @ gozer ---
[bc2f533f-1211-4227-8f1f-629af813c58f/build]   | [INFO] Performing incremental build
[bc2f533f-1211-4227-8f1f-629af813c58f/build]   | [INFO] Skipped compilation, all 18 classes are up to date
[bc2f533f-1211-4227-8f1f-629af813c58f/build]   | [INFO] Replaying recorded messages...
[bc2f533f-1211-4227-8f1f-629af813c58f/build]   | [WARNING] /tmp/f7baf3ce-9adb-4632-aeb3-b775f6ef6c39/src/main/java/com/walmartlabs/x12/dex/dx894/DefaultDex894Parser.java:[84,12] Type safety: The return type Dex894 for parse(String) from the type DefaultDex894Parser needs unchecked conversion to conform to T from the type X12Parser
[bc2f533f-1211-4227-8f1f-629af813c58f/build]   | [WARNING] /tmp/f7baf3ce-9adb-4632-aeb3-b775f6ef6c39/src/main/java/com/walmartlabs/x12/exceptions/X12ParserException.java:[21,14] The serializable class X12ParserException does not declare a static final serialVersionUID field of type long
[bc2f533f-1211-4227-8f1f-629af813c58f/build]   | [INFO] 
[bc2f533f-1211-4227-8f1f-629af813c58f/build]   | [INFO] --- takari-lifecycle-plugin:1.13.4:export-package (default-export-package) @ gozer ---
[bc2f533f-1211-4227-8f1f-629af813c58f/build]   | [INFO] Performing incremental build
[bc2f533f-1211-4227-8f1f-629af813c58f/build]   | [INFO] 
[bc2f533f-1211-4227-8f1f-629af813c58f/build]   | [INFO] --- takari-lifecycle-plugin:1.13.4:process-test-resources (default-process-test-resources) @ gozer ---
[bc2f533f-1211-4227-8f1f-629af813c58f/build]   | [INFO] Performing incremental build
[bc2f533f-1211-4227-8f1f-629af813c58f/build]   | [INFO] 
[bc2f533f-1211-4227-8f1f-629af813c58f/build]   | [INFO] --- takari-lifecycle-plugin:1.13.4:testCompile (default-testCompile) @ gozer ---
[bc2f533f-1211-4227-8f1f-629af813c58f/build]   | [INFO] Performing incremental build
[bc2f533f-1211-4227-8f1f-629af813c58f/build]   | [INFO] Compiling 11 sources to /tmp/f7baf3ce-9adb-4632-aeb3-b775f6ef6c39/target/test-classes
[bc2f533f-1211-4227-8f1f-629af813c58f/build]   | [parsing    /tmp/f7baf3ce-9adb-4632-aeb3-b775f6ef6c39/src/test/java/com/walmartlabs/x12/dex/dx894/DefaultDex894ValidatorTest.java - #1/1]
[bc2f533f-1211-4227-8f1f-629af813c58f/build]   | [reading    java/lang/Object.class]
[bc2f533f-1211-4227-8f1f-629af813c58f/build]   | [analyzing  /tmp/f7baf3ce-9adb-4632-aeb3-b775f6ef6c39/src/test/java/com/walmartlabs/x12/dex/dx894/DefaultDex894ValidatorTest.java - #1/1]
[bc2f533f-1211-4227-8f1f-629af813c58f/build]   | [reading    com/walmartlabs/x12/exceptions/X12ErrorDetail.class]
[bc2f533f-1211-4227-8f1f-629af813c58f/build]   | [reading    org/junit/Before.class]
[bc2f533f-1211-4227-8f1f-629af813c58f/build]   | [reading    org/junit/Test.class]
[bc2f533f-1211-4227-8f1f-629af813c58f/build]   | [reading    java/math/BigDecimal.class]
[bc2f533f-1211-4227-8f1f-629af813c58f/build]   | [reading    java/util/ArrayList.class]
[bc2f533f-1211-4227-8f1f-629af813c58f/build]   | [reading    java/util/List.class]
[bc2f533f-1211-4227-8f1f-629af813c58f/build]   | [reading    java/util/Set.class]
[bc2f533f-1211-4227-8f1f-629af813c58f/build]   | [reading    java/util/stream/Collectors.class]
[bc2f533f-1211-4227-8f1f-629af813c58f/build]   | [reading    org/junit/Assert.class]
[bc2f533f-1211-4227-8f1f-629af813c58f/build]   | [reading    java/lang/String.class]
[bc2f533f-1211-4227-8f1f-629af813c58f/build]   | [reading    com/walmartlabs/x12/dex/dx894/DefaultDex894Validator.class]
[bc2f533f-1211-4227-8f1f-629af813c58f/build]   | [reading    com/walmartlabs/x12/dex/dx894/UnitMeasure.class]
[bc2f533f-1211-4227-8f1f-629af813c58f/build]   | [reading    com/walmartlabs/x12/dex/dx894/Dex894Item.class]
[bc2f533f-1211-4227-8f1f-629af813c58f/build]   | [reading    com/walmartlabs/x12/dex/dx894/Dex894TransactionSet.class]
[bc2f533f-1211-4227-8f1f-629af813c58f/build]   | [reading    java/lang/Class.class]
[bc2f533f-1211-4227-8f1f-629af813c58f/build]   | [reading    java/lang/Class$ReflectionData.class]
[bc2f533f-1211-4227-8f1f-629af813c58f/build]   | [reading    java/lang/Throwable.class]
[bc2f533f-1211-4227-8f1f-629af813c58f/build]   | [reading    com/walmartlabs/x12/dex/dx894/Dex894.class]
[bc2f533f-1211-4227-8f1f-629af813c58f/build]   | [reading    java/lang/Integer.class]
[bc2f533f-1211-4227-8f1f-629af813c58f/build]   | [reading    java/util/Collection.class]
[bc2f533f-1211-4227-8f1f-629af813c58f/build]   | [reading    java/lang/Iterable.class]
[bc2f533f-1211-4227-8f1f-629af813c58f/build]   | [reading    java/util/stream/Stream.class]
[bc2f533f-1211-4227-8f1f-629af813c58f/build]   | [reading    java/util/stream/Stream$Builder.class]
[bc2f533f-1211-4227-8f1f-629af813c58f/build]   | [reading    java/util/Optional.class]
[bc2f533f-1211-4227-8f1f-629af813c58f/build]   | [reading    java/util/Comparator.class]
[bc2f533f-1211-4227-8f1f-629af813c58f/build]   | [reading    java/util/stream/BaseStream.class]
[bc2f533f-1211-4227-8f1f-629af813c58f/build]   | [reading    java/lang/AutoCloseable.class]
[bc2f533f-1211-4227-8f1f-629af813c58f/build]   | [reading    java/util/function/ToLongFunction.class]
[bc2f533f-1211-4227-8f1f-629af813c58f/build]   | [reading    java/util/function/ToIntFunction.class]
[bc2f533f-1211-4227-8f1f-629af813c58f/build]   | [reading    java/util/function/ToDoubleFunction.class]
[bc2f533f-1211-4227-8f1f-629af813c58f/build]   | [reading    java/util/function/Function.class]
[bc2f533f-1211-4227-8f1f-629af813c58f/build]   | [reading    java/lang/Comparable.class]
[bc2f533f-1211-4227-8f1f-629af813c58f/build]   | [reading    java/util/stream/Collector.class]
[bc2f533f-1211-4227-8f1f-629af813c58f/build]   | [reading    java/util/function/BiConsumer.class]
[bc2f533f-1211-4227-8f1f-629af813c58f/build]   | [reading    java/util/function/Supplier.class]
[bc2f533f-1211-4227-8f1f-629af813c58f/build]   | [reading    com/walmartlabs/x12/X12Validator.class]
[bc2f533f-1211-4227-8f1f-629af813c58f/build]   | [reading    com/walmartlabs/x12/dex/dx894/ProductQualifier.class]
[bc2f533f-1211-4227-8f1f-629af813c58f/build]   | [reading    com/walmartlabs/x12/dex/dx894/Dex894Allowance.class]
[bc2f533f-1211-4227-8f1f-629af813c58f/build]   | [reading    java/math/BigInteger.class]
[bc2f533f-1211-4227-8f1f-629af813c58f/build]   | [reading    java/io/Serializable.class]
[bc2f533f-1211-4227-8f1f-629af813c58f/build]   | [reading    java/lang/Cloneable.class]
[bc2f533f-1211-4227-8f1f-629af813c58f/build]   | [reading    java/util/RandomAccess.class]
[bc2f533f-1211-4227-8f1f-629af813c58f/build]   | [reading    java/util/AbstractList.class]
[bc2f533f-1211-4227-8f1f-629af813c58f/build]   | [reading    java/util/AbstractCollection.class]
[bc2f533f-1211-4227-8f1f-629af813c58f/build]   | [reading    java/io/ObjectOutputStream.class]
[bc2f533f-1211-4227-8f1f-629af813c58f/build]   | [reading    java/io/IOException.class]
[bc2f533f-1211-4227-8f1f-629af813c58f/build]   | [reading    java/util/Spliterator.class]
[bc2f533f-1211-4227-8f1f-629af813c58f/build]   | [reading    java/util/function/UnaryOperator.class]
[bc2f533f-1211-4227-8f1f-629af813c58f/build]   | [reading    java/util/function/Predicate.class]
[bc2f533f-1211-4227-8f1f-629af813c58f/build]   | [reading    java/io/ObjectInputStream.class]
[bc2f533f-1211-4227-8f1f-629af813c58f/build]   | [reading    java/lang/ClassNotFoundException.class]
[bc2f533f-1211-4227-8f1f-629af813c58f/build]   | [reading    java/util/ListIterator.class]
[bc2f533f-1211-4227-8f1f-629af813c58f/build]   | [reading    java/util/Iterator.class]
[bc2f533f-1211-4227-8f1f-629af813c58f/build]   | [reading    java/util/function/Consumer.class]
[bc2f533f-1211-4227-8f1f-629af813c58f/build]   | [reading    java/lang/Enum.class]
[bc2f533f-1211-4227-8f1f-629af813c58f/build]   | [reading    java/lang/CharSequence.class]
[bc2f533f-1211-4227-8f1f-629af813c58f/build]   | [reading    java/lang/Number.class]
[bc2f533f-1211-4227-8f1f-629af813c58f/build]   | [reading    java/lang/invoke/MethodHandles.class]
[bc2f533f-1211-4227-8f1f-629af813c58f/build]   | [reading    java/lang/invoke/MethodHandles$Lookup.class]
[bc2f533f-1211-4227-8f1f-629af813c58f/build]   | [reading    java/lang/invoke/LambdaMetafactory.class]
[bc2f533f-1211-4227-8f1f-629af813c58f/build]   | [completed  /tmp/f7baf3ce-9adb-4632-aeb3-b775f6ef6c39/src/test/java/com/walmartlabs/x12/dex/dx894/DefaultDex894ValidatorTest.java - #1/1]
[bc2f533f-1211-4227-8f1f-629af813c58f/build]   | [1 unit compiled]
[bc2f533f-1211-4227-8f1f-629af813c58f/build]   | [INFO] Compiled 1 out of 11 sources (860 ms)
[bc2f533f-1211-4227-8f1f-629af813c58f/build]   | [INFO] 
[bc2f533f-1211-4227-8f1f-629af813c58f/build]   | [INFO] --- maven-surefire-plugin:2.21.0:test (default-test) @ gozer ---
[bc2f533f-1211-4227-8f1f-629af813c58f/build]   | [INFO] Downloading from central: https://repo.maven.apache.org/maven2/org/apache/maven/surefire/maven-surefire-common/2.21.0/maven-surefire-common-2.21.0.pom
[bc2f533f-1211-4227-8f1f-629af813c58f/build]   | [INFO] Downloaded from central: https://repo.maven.apache.org/maven2/org/apache/maven/surefire/maven-surefire-common/2.21.0/maven-surefire-common-2.21.0.pom (11 kB at 668 kB/s)
[bc2f533f-1211-4227-8f1f-629af813c58f/build]   | [INFO] Downloading from central: https://repo.maven.apache.org/maven2/org/apache/maven/maven-plugin-api/2.2.1/maven-plugin-api-2.2.1.pom
[bc2f533f-1211-4227-8f1f-629af813c58f/build]   | [INFO] Downloaded from central: https://repo.maven.apache.org/maven2/org/apache/maven/maven-plugin-api/2.2.1/maven-plugin-api-2.2.1.pom (1.5 kB at 73 kB/s)
[bc2f533f-1211-4227-8f1f-629af813c58f/build]   | [INFO] Downloading from central: https://repo.maven.apache.org/maven2/org/apache/maven/maven/2.2.1/maven-2.2.1.pom
[bc2f533f-1211-4227-8f1f-629af813c58f/build]   | [INFO] Downloaded from central: https://repo.maven.apache.org/maven2/org/apache/maven/maven/2.2.1/maven-2.2.1.pom (22 kB at 2.8 MB/s)
[bc2f533f-1211-4227-8f1f-629af813c58f/build]   | [INFO] Downloading from central: https://repo.maven.apache.org/maven2/org/apache/maven/maven-parent/11/maven-parent-11.pom
[bc2f533f-1211-4227-8f1f-629af813c58f/build]   | [INFO] Downloaded from central: https://repo.maven.apache.org/maven2/org/apache/maven/maven-parent/11/maven-parent-11.pom (32 kB at 1.3 MB/s)
[bc2f533f-1211-4227-8f1f-629af813c58f/build]   | [INFO] Downloading from central: https://repo.maven.apache.org/maven2/org/apache/apache/5/apache-5.pom
[bc2f533f-1211-4227-8f1f-629af813c58f/build]   | [INFO] Downloaded from central: https://repo.maven.apache.org/maven2/org/apache/apache/5/apache-5.pom (4.1 kB at 512 kB/s)
[bc2f533f-1211-4227-8f1f-629af813c58f/build]   | [INFO] Downloading from central: https://repo.maven.apache.org/maven2/org/apache/maven/plugin-tools/maven-plugin-annotations/3.5/maven-plugin-annotations-3.5.pom
[bc2f533f-1211-4227-8f1f-629af813c58f/build]   | [INFO] Downloaded from central: https://repo.maven.apache.org/maven2/org/apache/maven/plugin-tools/maven-plugin-annotations/3.5/maven-plugin-annotations-3.5.pom (1.7 kB at 64 kB/s)
[bc2f533f-1211-4227-8f1f-629af813c58f/build]   | [INFO] Downloading from central: https://repo.maven.apache.org/maven2/org/apache/maven/plugin-tools/maven-plugin-tools/3.5/maven-plugin-tools-3.5.pom
[bc2f533f-1211-4227-8f1f-629af813c58f/build]   | [INFO] Downloaded from central: https://repo.maven.apache.org/maven2/org/apache/maven/plugin-tools/maven-plugin-tools/3.5/maven-plugin-tools-3.5.pom (16 kB at 463 kB/s)
[bc2f533f-1211-4227-8f1f-629af813c58f/build]   | [INFO] Downloading from central: https://repo.maven.apache.org/maven2/org/apache/maven/maven-artifact/2.2.1/maven-artifact-2.2.1.pom
[bc2f533f-1211-4227-8f1f-629af813c58f/build]   | [INFO] Downloaded from central: https://repo.maven.apache.org/maven2/org/apache/maven/maven-artifact/2.2.1/maven-artifact-2.2.1.pom (1.6 kB at 122 kB/s)
[bc2f533f-1211-4227-8f1f-629af813c58f/build]   | [INFO] Downloading from central: https://repo.maven.apache.org/maven2/org/codehaus/plexus/plexus-utils/1.5.15/plexus-utils-1.5.15.pom
[bc2f533f-1211-4227-8f1f-629af813c58f/build]   | [INFO] Downloaded from central: https://repo.maven.apache.org/maven2/org/codehaus/plexus/plexus-utils/1.5.15/plexus-utils-1.5.15.pom (6.8 kB at 1.1 MB/s)
[bc2f533f-1211-4227-8f1f-629af813c58f/build]   | [INFO] Downloading from central: https://repo.maven.apache.org/maven2/org/codehaus/plexus/plexus/2.0.2/plexus-2.0.2.pom
[bc2f533f-1211-4227-8f1f-629af813c58f/build]   | [INFO] Downloaded from central: https://repo.maven.apache.org/maven2/org/codehaus/plexus/plexus/2.0.2/plexus-2.0.2.pom (12 kB at 1.1 MB/s)
[bc2f533f-1211-4227-8f1f-629af813c58f/build]   | [INFO] Downloading from central: https://repo.maven.apache.org/maven2/org/apache/maven/surefire/surefire-api/2.21.0/surefire-api-2.21.0.pom
[bc2f533f-1211-4227-8f1f-629af813c58f/build]   | [INFO] Downloaded from central: https://repo.maven.apache.org/maven2/org/apache/maven/surefire/surefire-api/2.21.0/surefire-api-2.21.0.pom (3.5 kB at 236 kB/s)
[bc2f533f-1211-4227-8f1f-629af813c58f/build]   | [INFO] Downloading from central: https://repo.maven.apache.org/maven2/org/apache/maven/surefire/surefire-logger-api/2.21.0/surefire-logger-api-2.21.0.pom
[bc2f533f-1211-4227-8f1f-629af813c58f/build]   | [INFO] Downloaded from central: https://repo.maven.apache.org/maven2/org/apache/maven/surefire/surefire-logger-api/2.21.0/surefire-logger-api-2.21.0.pom (2.0 kB at 72 kB/s)
[bc2f533f-1211-4227-8f1f-629af813c58f/build]   | [INFO] Downloading from central: https://repo.maven.apache.org/maven2/org/apache/maven/surefire/surefire-booter/2.21.0/surefire-booter-2.21.0.pom
[bc2f533f-1211-4227-8f1f-629af813c58f/build]   | [INFO] Downloaded from central: https://repo.maven.apache.org/maven2/org/apache/maven/surefire/surefire-booter/2.21.0/surefire-booter-2.21.0.pom (7.4 kB at 157 kB/s)
[bc2f533f-1211-4227-8f1f-629af813c58f/build]   | [INFO] Downloading from central: https://repo.maven.apache.org/maven2/org/apache/maven/maven-plugin-descriptor/2.2.1/maven-plugin-descriptor-2.2.1.pom
[bc2f533f-1211-4227-8f1f-629af813c58f/build]   | [INFO] Downloaded from central: https://repo.maven.apache.org/maven2/org/apache/maven/maven-plugin-descriptor/2.2.1/maven-plugin-descriptor-2.2.1.pom (2.1 kB at 138 kB/s)
[bc2f533f-1211-4227-8f1f-629af813c58f/build]   | [INFO] Downloading from central: https://repo.maven.apache.org/maven2/org/codehaus/plexus/plexus-container-default/1.0-alpha-9-stable-1/plexus-container-default-1.0-alpha-9-stable-1.pom
[bc2f533f-1211-4227-8f1f-629af813c58f/build]   | [INFO] Downloaded from central: https://repo.maven.apache.org/maven2/org/codehaus/plexus/plexus-container-default/1.0-alpha-9-stable-1/plexus-container-default-1.0-alpha-9-stable-1.pom (3.9 kB at 180 kB/s)
[bc2f533f-1211-4227-8f1f-629af813c58f/build]   | [INFO] Downloading from central: https://repo.maven.apache.org/maven2/org/codehaus/plexus/plexus-containers/1.0.3/plexus-containers-1.0.3.pom
[bc2f533f-1211-4227-8f1f-629af813c58f/build]   | [INFO] Downloaded from central: https://repo.maven.apache.org/maven2/org/codehaus/plexus/plexus-containers/1.0.3/plexus-containers-1.0.3.pom (492 B at 29 kB/s)
[bc2f533f-1211-4227-8f1f-629af813c58f/build]   | [INFO] Downloading from central: https://repo.maven.apache.org/maven2/org/codehaus/plexus/plexus/1.0.4/plexus-1.0.4.pom
[bc2f533f-1211-4227-8f1f-629af813c58f/build]   | [INFO] Downloaded from central: https://repo.maven.apache.org/maven2/org/codehaus/plexus/plexus/1.0.4/plexus-1.0.4.pom (5.7 kB at 637 kB/s)
[bc2f533f-1211-4227-8f1f-629af813c58f/build]   | [INFO] Downloading from central: https://repo.maven.apache.org/maven2/org/codehaus/plexus/plexus-utils/1.0.4/plexus-utils-1.0.4.pom
[bc2f533f-1211-4227-8f1f-629af813c58f/build]   | [INFO] Downloaded from central: https://repo.maven.apache.org/maven2/org/codehaus/plexus/plexus-utils/1.0.4/plexus-utils-1.0.4.pom (6.9 kB at 298 kB/s)
[bc2f533f-1211-4227-8f1f-629af813c58f/build]   | [INFO] Downloading from central: https://repo.maven.apache.org/maven2/classworlds/classworlds/1.1-alpha-2/classworlds-1.1-alpha-2.pom
[bc2f533f-1211-4227-8f1f-629af813c58f/build]   | [INFO] Downloaded from central: https://repo.maven.apache.org/maven2/classworlds/classworlds/1.1-alpha-2/classworlds-1.1-alpha-2.pom (3.1 kB at 136 kB/s)
[bc2f533f-1211-4227-8f1f-629af813c58f/build]   | [INFO] Downloading from central: https://repo.maven.apache.org/maven2/org/apache/maven/maven-project/2.2.1/maven-project-2.2.1.pom
[bc2f533f-1211-4227-8f1f-629af813c58f/build]   | [INFO] Downloaded from central: https://repo.maven.apache.org/maven2/org/apache/maven/maven-project/2.2.1/maven-project-2.2.1.pom (2.8 kB at 79 kB/s)
[bc2f533f-1211-4227-8f1f-629af813c58f/build]   | [INFO] Downloading from central: https://repo.maven.apache.org/maven2/org/apache/maven/maven-settings/2.2.1/maven-settings-2.2.1.pom
[bc2f533f-1211-4227-8f1f-629af813c58f/build]   | [INFO] Downloaded from central: https://repo.maven.apache.org/maven2/org/apache/maven/maven-settings/2.2.1/maven-settings-2.2.1.pom (2.2 kB at 66 kB/s)
[bc2f533f-1211-4227-8f1f-629af813c58f/build]   | [INFO] Downloading from central: https://repo.maven.apache.org/maven2/org/apache/maven/maven-model/2.2.1/maven-model-2.2.1.pom
[bc2f533f-1211-4227-8f1f-629af813c58f/build]   | [INFO] Downloaded from central: https://repo.maven.apache.org/maven2/org/apache/maven/maven-model/2.2.1/maven-model-2.2.1.pom (3.2 kB at 324 kB/s)
[bc2f533f-1211-4227-8f1f-629af813c58f/build]   | [INFO] Downloading from central: https://repo.maven.apache.org/maven2/org/codehaus/plexus/plexus-interpolation/1.11/plexus-interpolation-1.11.pom
[bc2f533f-1211-4227-8f1f-629af813c58f/build]   | [INFO] Downloaded from central: https://repo.maven.apache.org/maven2/org/codehaus/plexus/plexus-interpolation/1.11/plexus-interpolation-1.11.pom (889 B at 74 kB/s)
[bc2f533f-1211-4227-8f1f-629af813c58f/build]   | [INFO] Downloading from central: https://repo.maven.apache.org/maven2/org/codehaus/plexus/plexus-components/1.1.14/plexus-components-1.1.14.pom
[bc2f533f-1211-4227-8f1f-629af813c58f/build]   | [INFO] Downloaded from central: https://repo.maven.apache.org/maven2/org/codehaus/plexus/plexus-components/1.1.14/plexus-components-1.1.14.pom (5.8 kB at 201 kB/s)
[bc2f533f-1211-4227-8f1f-629af813c58f/build]   | [INFO] Downloading from central: https://repo.maven.apache.org/maven2/org/apache/maven/maven-profile/2.2.1/maven-profile-2.2.1.pom
[bc2f533f-1211-4227-8f1f-629af813c58f/build]   | [INFO] Downloaded from central: https://repo.maven.apache.org/maven2/org/apache/maven/maven-profile/2.2.1/maven-profile-2.2.1.pom (2.2 kB at 145 kB/s)
[bc2f533f-1211-4227-8f1f-629af813c58f/build]   | [INFO] Downloading from central: https://repo.maven.apache.org/maven2/org/apache/maven/maven-artifact-manager/2.2.1/maven-artifact-manager-2.2.1.pom
[bc2f533f-1211-4227-8f1f-629af813c58f/build]   | [INFO] Downloaded from central: https://repo.maven.apache.org/maven2/org/apache/maven/maven-artifact-manager/2.2.1/maven-artifact-manager-2.2.1.pom (3.1 kB at 84 kB/s)
[bc2f533f-1211-4227-8f1f-629af813c58f/build]   | [INFO] Downloading from central: https://repo.maven.apache.org/maven2/org/apache/maven/maven-repository-metadata/2.2.1/maven-repository-metadata-2.2.1.pom
[bc2f533f-1211-4227-8f1f-629af813c58f/build]   | [INFO] Downloaded from central: https://repo.maven.apache.org/maven2/org/apache/maven/maven-repository-metadata/2.2.1/maven-repository-metadata-2.2.1.pom (1.9 kB at 49 kB/s)
[bc2f533f-1211-4227-8f1f-629af813c58f/build]   | [INFO] Downloading from central: https://repo.maven.apache.org/maven2/backport-util-concurrent/backport-util-concurrent/3.1/backport-util-concurrent-3.1.pom
[bc2f533f-1211-4227-8f1f-629af813c58f/build]   | [INFO] Downloaded from central: https://repo.maven.apache.org/maven2/backport-util-concurrent/backport-util-concurrent/3.1/backport-util-concurrent-3.1.pom (880 B at 68 kB/s)
[bc2f533f-1211-4227-8f1f-629af813c58f/build]   | [INFO] Downloading from central: https://repo.maven.apache.org/maven2/org/apache/maven/maven-plugin-registry/2.2.1/maven-plugin-registry-2.2.1.pom
[bc2f533f-1211-4227-8f1f-629af813c58f/build]   | [INFO] Downloaded from central: https://repo.maven.apache.org/maven2/org/apache/maven/maven-plugin-registry/2.2.1/maven-plugin-registry-2.2.1.pom (1.9 kB at 77 kB/s)
[bc2f533f-1211-4227-8f1f-629af813c58f/build]   | [INFO] Downloading from central: https://repo.maven.apache.org/maven2/org/apache/maven/maven-core/2.2.1/maven-core-2.2.1.pom
[bc2f533f-1211-4227-8f1f-629af813c58f/build]   | [INFO] Downloaded from central: https://repo.maven.apache.org/maven2/org/apache/maven/maven-core/2.2.1/maven-core-2.2.1.pom (12 kB at 1.5 MB/s)
[bc2f533f-1211-4227-8f1f-629af813c58f/build]   | [INFO] Downloading from central: https://repo.maven.apache.org/maven2/org/apache/maven/maven-plugin-parameter-documenter/2.2.1/maven-plugin-parameter-documenter-2.2.1.pom
[bc2f533f-1211-4227-8f1f-629af813c58f/build]   | [INFO] Downloaded from central: https://repo.maven.apache.org/maven2/org/apache/maven/maven-plugin-parameter-documenter/2.2.1/maven-plugin-parameter-documenter-2.2.1.pom (2.0 kB at 39 kB/s)
[bc2f533f-1211-4227-8f1f-629af813c58f/build]   | [INFO] Downloading from central: https://repo.maven.apache.org/maven2/org/slf4j/slf4j-jdk14/1.5.6/slf4j-jdk14-1.5.6.pom
[bc2f533f-1211-4227-8f1f-629af813c58f/build]   | [INFO] Downloaded from central: https://repo.maven.apache.org/maven2/org/slf4j/slf4j-jdk14/1.5.6/slf4j-jdk14-1.5.6.pom (1.9 kB at 79 kB/s)
[bc2f533f-1211-4227-8f1f-629af813c58f/build]   | [INFO] Downloading from central: https://repo.maven.apache.org/maven2/org/slf4j/slf4j-parent/1.5.6/slf4j-parent-1.5.6.pom
[bc2f533f-1211-4227-8f1f-629af813c58f/build]   | [INFO] Downloaded from central: https://repo.maven.apache.org/maven2/org/slf4j/slf4j-parent/1.5.6/slf4j-parent-1.5.6.pom (7.9 kB at 1.1 MB/s)
[bc2f533f-1211-4227-8f1f-629af813c58f/build]   | [INFO] Downloading from central: https://repo.maven.apache.org/maven2/org/slf4j/slf4j-api/1.5.6/slf4j-api-1.5.6.pom
[bc2f533f-1211-4227-8f1f-629af813c58f/build]   | [INFO] Downloaded from central: https://repo.maven.apache.org/maven2/org/slf4j/slf4j-api/1.5.6/slf4j-api-1.5.6.pom (3.0 kB at 373 kB/s)
[bc2f533f-1211-4227-8f1f-629af813c58f/build]   | [INFO] Downloading from central: https://repo.maven.apache.org/maven2/org/slf4j/jcl-over-slf4j/1.5.6/jcl-over-slf4j-1.5.6.pom
[bc2f533f-1211-4227-8f1f-629af813c58f/build]   | [INFO] Downloaded from central: https://repo.maven.apache.org/maven2/org/slf4j/jcl-over-slf4j/1.5.6/jcl-over-slf4j-1.5.6.pom (2.2 kB at 310 kB/s)
[bc2f533f-1211-4227-8f1f-629af813c58f/build]   | [INFO] Downloading from central: https://repo.maven.apache.org/maven2/org/apache/maven/reporting/maven-reporting-api/3.0/maven-reporting-api-3.0.pom
[bc2f533f-1211-4227-8f1f-629af813c58f/build]   | [INFO] Downloaded from central: https://repo.maven.apache.org/maven2/org/apache/maven/reporting/maven-reporting-api/3.0/maven-reporting-api-3.0.pom (2.4 kB at 29 kB/s)
[bc2f533f-1211-4227-8f1f-629af813c58f/build]   | [INFO] Downloading from central: https://repo.maven.apache.org/maven2/org/apache/maven/shared/maven-shared-components/15/maven-shared-components-15.pom
[bc2f533f-1211-4227-8f1f-629af813c58f/build]   | [INFO] Downloaded from central: https://repo.maven.apache.org/maven2/org/apache/maven/shared/maven-shared-components/15/maven-shared-components-15.pom (9.3 kB at 1.0 MB/s)
[bc2f533f-1211-4227-8f1f-629af813c58f/build]   | [INFO] Downloading from central: https://repo.maven.apache.org/maven2/org/apache/maven/maven-parent/16/maven-parent-16.pom
[bc2f533f-1211-4227-8f1f-629af813c58f/build]   | [INFO] Downloaded from central: https://repo.maven.apache.org/maven2/org/apache/maven/maven-parent/16/maven-parent-16.pom (23 kB at 3.3 MB/s)
[bc2f533f-1211-4227-8f1f-629af813c58f/build]   | [INFO] Downloading from central: https://repo.maven.apache.org/maven2/org/apache/apache/7/apache-7.pom
[bc2f533f-1211-4227-8f1f-629af813c58f/build]   | [INFO] Downloaded from central: https://repo.maven.apache.org/maven2/org/apache/apache/7/apache-7.pom (14 kB at 2.1 MB/s)
[bc2f533f-1211-4227-8f1f-629af813c58f/build]   | [INFO] Downloading from central: https://repo.maven.apache.org/maven2/org/apache/maven/maven-error-diagnostics/2.2.1/maven-error-diagnostics-2.2.1.pom
[bc2f533f-1211-4227-8f1f-629af813c58f/build]   | [INFO] Downloaded from central: https://repo.maven.apache.org/maven2/org/apache/maven/maven-error-diagnostics/2.2.1/maven-error-diagnostics-2.2.1.pom (1.7 kB at 285 kB/s)
[bc2f533f-1211-4227-8f1f-629af813c58f/build]   | [INFO] Downloading from central: https://repo.maven.apache.org/maven2/org/apache/maven/maven-monitor/2.2.1/maven-monitor-2.2.1.pom
[bc2f533f-1211-4227-8f1f-629af813c58f/build]   | [INFO] Downloaded from central: https://repo.maven.apache.org/maven2/org/apache/maven/maven-monitor/2.2.1/maven-monitor-2.2.1.pom (1.3 kB at 105 kB/s)
[bc2f533f-1211-4227-8f1f-629af813c58f/build]   | [INFO] Downloading from central: https://repo.maven.apache.org/maven2/classworlds/classworlds/1.1/classworlds-1.1.pom
[bc2f533f-1211-4227-8f1f-629af813c58f/build]   | [INFO] Downloaded from central: https://repo.maven.apache.org/maven2/classworlds/classworlds/1.1/classworlds-1.1.pom (3.3 kB at 62 kB/s)
[bc2f533f-1211-4227-8f1f-629af813c58f/build]   | [INFO] Downloading from central: https://repo.maven.apache.org/maven2/org/sonatype/plexus/plexus-sec-dispatcher/1.3/plexus-sec-dispatcher-1.3.pom
[bc2f533f-1211-4227-8f1f-629af813c58f/build]   | [INFO] Downloaded from central: https://repo.maven.apache.org/maven2/org/sonatype/plexus/plexus-sec-dispatcher/1.3/plexus-sec-dispatcher-1.3.pom (3.0 kB at 67 kB/s)
[bc2f533f-1211-4227-8f1f-629af813c58f/build]   | [INFO] Downloading from central: https://repo.maven.apache.org/maven2/org/sonatype/spice/spice-parent/12/spice-parent-12.pom
[bc2f533f-1211-4227-8f1f-629af813c58f/build]   | [INFO] Downloaded from central: https://repo.maven.apache.org/maven2/org/sonatype/spice/spice-parent/12/spice-parent-12.pom (6.8 kB at 755 kB/s)
[bc2f533f-1211-4227-8f1f-629af813c58f/build]   | [INFO] Downloading from central: https://repo.maven.apache.org/maven2/org/sonatype/forge/forge-parent/4/forge-parent-4.pom
[bc2f533f-1211-4227-8f1f-629af813c58f/build]   | [INFO] Downloaded from central: https://repo.maven.apache.org/maven2/org/sonatype/forge/forge-parent/4/forge-parent-4.pom (8.4 kB at 933 kB/s)
[bc2f533f-1211-4227-8f1f-629af813c58f/build]   | [INFO] Downloading from central: https://repo.maven.apache.org/maven2/org/codehaus/plexus/plexus-utils/1.5.5/plexus-utils-1.5.5.pom
[bc2f533f-1211-4227-8f1f-629af813c58f/build]   | [INFO] Downloaded from central: https://repo.maven.apache.org/maven2/org/codehaus/plexus/plexus-utils/1.5.5/plexus-utils-1.5.5.pom (5.1 kB at 429 kB/s)
[bc2f533f-1211-4227-8f1f-629af813c58f/build]   | [INFO] Downloading from central: https://repo.maven.apache.org/maven2/org/codehaus/plexus/plexus/1.0.11/plexus-1.0.11.pom
[bc2f533f-1211-4227-8f1f-629af813c58f/build]   | [INFO] Downloaded from central: https://repo.maven.apache.org/maven2/org/codehaus/plexus/plexus/1.0.11/plexus-1.0.11.pom (9.0 kB at 897 kB/s)
[bc2f533f-1211-4227-8f1f-629af813c58f/build]   | [INFO] Downloading from central: https://repo.maven.apache.org/maven2/org/sonatype/plexus/plexus-cipher/1.4/plexus-cipher-1.4.pom
[bc2f533f-1211-4227-8f1f-629af813c58f/build]   | [INFO] Downloaded from central: https://repo.maven.apache.org/maven2/org/sonatype/plexus/plexus-cipher/1.4/plexus-cipher-1.4.pom (2.1 kB at 63 kB/s)
[bc2f533f-1211-4227-8f1f-629af813c58f/build]   | [INFO] Downloading from central: https://repo.maven.apache.org/maven2/org/apache/maven/maven-toolchain/2.2.1/maven-toolchain-2.2.1.pom
[bc2f533f-1211-4227-8f1f-629af813c58f/build]   | [INFO] Downloaded from central: https://repo.maven.apache.org/maven2/org/apache/maven/maven-toolchain/2.2.1/maven-toolchain-2.2.1.pom (3.3 kB at 145 kB/s)
[bc2f533f-1211-4227-8f1f-629af813c58f/build]   | [INFO] Downloading from central: https://repo.maven.apache.org/maven2/org/codehaus/plexus/plexus-java/0.9.3/plexus-java-0.9.3.pom
[bc2f533f-1211-4227-8f1f-629af813c58f/build]   | [INFO] Downloaded from central: https://repo.maven.apache.org/maven2/org/codehaus/plexus/plexus-java/0.9.3/plexus-java-0.9.3.pom (2.4 kB at 67 kB/s)
[bc2f533f-1211-4227-8f1f-629af813c58f/build]   | [INFO] Downloading from central: https://repo.maven.apache.org/maven2/org/codehaus/plexus/plexus-languages/0.9.3/plexus-languages-0.9.3.pom
[bc2f533f-1211-4227-8f1f-629af813c58f/build]   | [INFO] Downloaded from central: https://repo.maven.apache.org/maven2/org/codehaus/plexus/plexus-languages/0.9.3/plexus-languages-0.9.3.pom (2.2 kB at 122 kB/s)
[bc2f533f-1211-4227-8f1f-629af813c58f/build]   | [INFO] Downloading from central: https://repo.maven.apache.org/maven2/org/codehaus/plexus/plexus/4.0/plexus-4.0.pom
[bc2f533f-1211-4227-8f1f-629af813c58f/build]   | [INFO] Downloaded from central: https://repo.maven.apache.org/maven2/org/codehaus/plexus/plexus/4.0/plexus-4.0.pom (22 kB at 448 kB/s)
[bc2f533f-1211-4227-8f1f-629af813c58f/build]   | [INFO] Downloading from central: https://repo.maven.apache.org/maven2/org/ow2/asm/asm/6.0_BETA/asm-6.0_BETA.pom
[bc2f533f-1211-4227-8f1f-629af813c58f/build]   | [INFO] Downloaded from central: https://repo.maven.apache.org/maven2/org/ow2/asm/asm/6.0_BETA/asm-6.0_BETA.pom (1.9 kB at 81 kB/s)
[bc2f533f-1211-4227-8f1f-629af813c58f/build]   | [INFO] Downloading from central: https://repo.maven.apache.org/maven2/org/ow2/asm/asm-parent/6.0_BETA/asm-parent-6.0_BETA.pom
[bc2f533f-1211-4227-8f1f-629af813c58f/build]   | [INFO] Downloaded from central: https://repo.maven.apache.org/maven2/org/ow2/asm/asm-parent/6.0_BETA/asm-parent-6.0_BETA.pom (5.5 kB at 323 kB/s)
[bc2f533f-1211-4227-8f1f-629af813c58f/build]   | [INFO] Downloading from central: https://repo.maven.apache.org/maven2/org/ow2/ow2/1.3/ow2-1.3.pom
[bc2f533f-1211-4227-8f1f-629af813c58f/build]   | [INFO] Downloaded from central: https://repo.maven.apache.org/maven2/org/ow2/ow2/1.3/ow2-1.3.pom (9.5 kB at 176 kB/s)
[bc2f533f-1211-4227-8f1f-629af813c58f/build]   | [INFO] Downloading from central: https://repo.maven.apache.org/maven2/com/thoughtworks/qdox/qdox/2.0-M7/qdox-2.0-M7.pom
[bc2f533f-1211-4227-8f1f-629af813c58f/build]   | [INFO] Downloaded from central: https://repo.maven.apache.org/maven2/com/thoughtworks/qdox/qdox/2.0-M7/qdox-2.0-M7.pom (16 kB at 288 kB/s)
[bc2f533f-1211-4227-8f1f-629af813c58f/build]   | [INFO] Downloading from central: https://repo.maven.apache.org/maven2/org/sonatype/oss/oss-parent/9/oss-parent-9.pom
[bc2f533f-1211-4227-8f1f-629af813c58f/build]   | [INFO] Downloaded from central: https://repo.maven.apache.org/maven2/org/sonatype/oss/oss-parent/9/oss-parent-9.pom (6.6 kB at 235 kB/s)
[bc2f533f-1211-4227-8f1f-629af813c58f/build]   | [INFO] Downloading from central: https://repo.maven.apache.org/maven2/org/apache/maven/surefire/maven-surefire-common/2.21.0/maven-surefire-common-2.21.0.jar
[bc2f533f-1211-4227-8f1f-629af813c58f/build]   | [INFO] Downloading from central: https://repo.maven.apache.org/maven2/org/apache/maven/maven-plugin-api/2.2.1/maven-plugin-api-2.2.1.jar
[bc2f533f-1211-4227-8f1f-629af813c58f/build]   | [INFO] Downloading from central: https://repo.maven.apache.org/maven2/org/apache/maven/plugin-tools/maven-plugin-annotations/3.5/maven-plugin-annotations-3.5.jar
[bc2f533f-1211-4227-8f1f-629af813c58f/build]   | [INFO] Downloading from central: https://repo.maven.apache.org/maven2/org/apache/maven/surefire/surefire-api/2.21.0/surefire-api-2.21.0.jar
[bc2f533f-1211-4227-8f1f-629af813c58f/build]   | [INFO] Downloading from central: https://repo.maven.apache.org/maven2/org/apache/maven/surefire/surefire-logger-api/2.21.0/surefire-logger-api-2.21.0.jar
[bc2f533f-1211-4227-8f1f-629af813c58f/build]   | [INFO] Downloaded from central: https://repo.maven.apache.org/maven2/org/apache/maven/maven-plugin-api/2.2.1/maven-plugin-api-2.2.1.jar (12 kB at 354 kB/s)
[bc2f533f-1211-4227-8f1f-629af813c58f/build]   | [INFO] Downloading from central: https://repo.maven.apache.org/maven2/org/apache/maven/surefire/surefire-booter/2.21.0/surefire-booter-2.21.0.jar
[bc2f533f-1211-4227-8f1f-629af813c58f/build]   | [INFO] Downloaded from central: https://repo.maven.apache.org/maven2/org/apache/maven/plugin-tools/maven-plugin-annotations/3.5/maven-plugin-annotations-3.5.jar (14 kB at 270 kB/s)
[bc2f533f-1211-4227-8f1f-629af813c58f/build]   | [INFO] Downloading from central: https://repo.maven.apache.org/maven2/org/apache/maven/maven-artifact/2.2.1/maven-artifact-2.2.1.jar
[bc2f533f-1211-4227-8f1f-629af813c58f/build]   | [INFO] Downloaded from central: https://repo.maven.apache.org/maven2/org/apache/maven/surefire/surefire-logger-api/2.21.0/surefire-logger-api-2.21.0.jar (13 kB at 235 kB/s)
[bc2f533f-1211-4227-8f1f-629af813c58f/build]   | [INFO] Downloading from central: https://repo.maven.apache.org/maven2/org/codehaus/plexus/plexus-utils/1.5.15/plexus-utils-1.5.15.jar
[bc2f533f-1211-4227-8f1f-629af813c58f/build]   | [INFO] Downloaded from central: https://repo.maven.apache.org/maven2/org/apache/maven/surefire/surefire-api/2.21.0/surefire-api-2.21.0.jar (185 kB at 1.8 MB/s)
[bc2f533f-1211-4227-8f1f-629af813c58f/build]   | [INFO] Downloading from central: https://repo.maven.apache.org/maven2/org/apache/maven/maven-plugin-descriptor/2.2.1/maven-plugin-descriptor-2.2.1.jar
[bc2f533f-1211-4227-8f1f-629af813c58f/build]   | [INFO] Downloaded from central: https://repo.maven.apache.org/maven2/org/apache/maven/maven-artifact/2.2.1/maven-artifact-2.2.1.jar (80 kB at 811 kB/s)
[bc2f533f-1211-4227-8f1f-629af813c58f/build]   | [INFO] Downloading from central: https://repo.maven.apache.org/maven2/org/codehaus/plexus/plexus-container-default/1.0-alpha-9-stable-1/plexus-container-default-1.0-alpha-9-stable-1.jar
[bc2f533f-1211-4227-8f1f-629af813c58f/build]   | [INFO] Downloaded from central: https://repo.maven.apache.org/maven2/org/apache/maven/surefire/maven-surefire-common/2.21.0/maven-surefire-common-2.21.0.jar (521 kB at 4.4 MB/s)
[bc2f533f-1211-4227-8f1f-629af813c58f/build]   | [INFO] Downloading from central: https://repo.maven.apache.org/maven2/org/apache/maven/maven-project/2.2.1/maven-project-2.2.1.jar
[bc2f533f-1211-4227-8f1f-629af813c58f/build]   | [INFO] Downloaded from central: https://repo.maven.apache.org/maven2/org/apache/maven/surefire/surefire-booter/2.21.0/surefire-booter-2.21.0.jar (273 kB at 2.2 MB/s)
[bc2f533f-1211-4227-8f1f-629af813c58f/build]   | [INFO] Downloading from central: https://repo.maven.apache.org/maven2/org/apache/maven/maven-settings/2.2.1/maven-settings-2.2.1.jar
[bc2f533f-1211-4227-8f1f-629af813c58f/build]   | [INFO] Downloaded from central: https://repo.maven.apache.org/maven2/org/codehaus/plexus/plexus-utils/1.5.15/plexus-utils-1.5.15.jar (228 kB at 1.8 MB/s)
[bc2f533f-1211-4227-8f1f-629af813c58f/build]   | [INFO] Downloading from central: https://repo.maven.apache.org/maven2/org/apache/maven/maven-profile/2.2.1/maven-profile-2.2.1.jar
[bc2f533f-1211-4227-8f1f-629af813c58f/build]   | [INFO] Downloaded from central: https://repo.maven.apache.org/maven2/org/apache/maven/maven-plugin-descriptor/2.2.1/maven-plugin-descriptor-2.2.1.jar (39 kB at 260 kB/s)
[bc2f533f-1211-4227-8f1f-629af813c58f/build]   | [INFO] Downloading from central: https://repo.maven.apache.org/maven2/org/apache/maven/maven-artifact-manager/2.2.1/maven-artifact-manager-2.2.1.jar
[bc2f533f-1211-4227-8f1f-629af813c58f/build]   | [INFO] Downloaded from central: https://repo.maven.apache.org/maven2/org/codehaus/plexus/plexus-container-default/1.0-alpha-9-stable-1/plexus-container-default-1.0-alpha-9-stable-1.jar (194 kB at 1.2 MB/s)
[bc2f533f-1211-4227-8f1f-629af813c58f/build]   | [INFO] Downloading from central: https://repo.maven.apache.org/maven2/backport-util-concurrent/backport-util-concurrent/3.1/backport-util-concurrent-3.1.jar
[bc2f533f-1211-4227-8f1f-629af813c58f/build]   | [INFO] Downloaded from central: https://repo.maven.apache.org/maven2/org/apache/maven/maven-profile/2.2.1/maven-profile-2.2.1.jar (35 kB at 225 kB/s)
[bc2f533f-1211-4227-8f1f-629af813c58f/build]   | [INFO] Downloading from central: https://repo.maven.apache.org/maven2/org/apache/maven/maven-plugin-registry/2.2.1/maven-plugin-registry-2.2.1.jar
[bc2f533f-1211-4227-8f1f-629af813c58f/build]   | [INFO] Downloaded from central: https://repo.maven.apache.org/maven2/org/apache/maven/maven-settings/2.2.1/maven-settings-2.2.1.jar (49 kB at 305 kB/s)
[bc2f533f-1211-4227-8f1f-629af813c58f/build]   | [INFO] Downloading from central: https://repo.maven.apache.org/maven2/org/codehaus/plexus/plexus-interpolation/1.11/plexus-interpolation-1.11.jar
[bc2f533f-1211-4227-8f1f-629af813c58f/build]   | [INFO] Downloaded from central: https://repo.maven.apache.org/maven2/org/apache/maven/maven-artifact-manager/2.2.1/maven-artifact-manager-2.2.1.jar (68 kB at 410 kB/s)
[bc2f533f-1211-4227-8f1f-629af813c58f/build]   | [INFO] Downloading from central: https://repo.maven.apache.org/maven2/org/apache/maven/maven-model/2.2.1/maven-model-2.2.1.jar
[bc2f533f-1211-4227-8f1f-629af813c58f/build]   | [INFO] Downloaded from central: https://repo.maven.apache.org/maven2/org/apache/maven/maven-plugin-registry/2.2.1/maven-plugin-registry-2.2.1.jar (30 kB at 142 kB/s)
[bc2f533f-1211-4227-8f1f-629af813c58f/build]   | [INFO] Downloading from central: https://repo.maven.apache.org/maven2/org/apache/maven/maven-core/2.2.1/maven-core-2.2.1.jar
[bc2f533f-1211-4227-8f1f-629af813c58f/build]   | [INFO] Downloaded from central: https://repo.maven.apache.org/maven2/org/codehaus/plexus/plexus-interpolation/1.11/plexus-interpolation-1.11.jar (51 kB at 240 kB/s)
[bc2f533f-1211-4227-8f1f-629af813c58f/build]   | [INFO] Downloading from central: https://repo.maven.apache.org/maven2/org/apache/maven/maven-plugin-parameter-documenter/2.2.1/maven-plugin-parameter-documenter-2.2.1.jar
[bc2f533f-1211-4227-8f1f-629af813c58f/build]   | [INFO] Downloaded from central: https://repo.maven.apache.org/maven2/org/apache/maven/maven-project/2.2.1/maven-project-2.2.1.jar (156 kB at 737 kB/s)
[bc2f533f-1211-4227-8f1f-629af813c58f/build]   | [INFO] Downloading from central: https://repo.maven.apache.org/maven2/org/slf4j/slf4j-jdk14/1.5.6/slf4j-jdk14-1.5.6.jar
[bc2f533f-1211-4227-8f1f-629af813c58f/build]   | [INFO] Downloaded from central: https://repo.maven.apache.org/maven2/backport-util-concurrent/backport-util-concurrent/3.1/backport-util-concurrent-3.1.jar (332 kB at 1.5 MB/s)
[bc2f533f-1211-4227-8f1f-629af813c58f/build]   | [INFO] Downloading from central: https://repo.maven.apache.org/maven2/org/slf4j/slf4j-api/1.5.6/slf4j-api-1.5.6.jar
[bc2f533f-1211-4227-8f1f-629af813c58f/build]   | [INFO] Downloaded from central: https://repo.maven.apache.org/maven2/org/apache/maven/maven-model/2.2.1/maven-model-2.2.1.jar (88 kB at 398 kB/s)
[bc2f533f-1211-4227-8f1f-629af813c58f/build]   | [INFO] Downloading from central: https://repo.maven.apache.org/maven2/org/slf4j/jcl-over-slf4j/1.5.6/jcl-over-slf4j-1.5.6.jar
[bc2f533f-1211-4227-8f1f-629af813c58f/build]   | [INFO] Downloaded from central: https://repo.maven.apache.org/maven2/org/slf4j/slf4j-jdk14/1.5.6/slf4j-jdk14-1.5.6.jar (8.8 kB at 40 kB/s)
[bc2f533f-1211-4227-8f1f-629af813c58f/build]   | [INFO] Downloading from central: https://repo.maven.apache.org/maven2/org/apache/maven/reporting/maven-reporting-api/3.0/maven-reporting-api-3.0.jar
[bc2f533f-1211-4227-8f1f-629af813c58f/build]   | [INFO] Downloaded from central: https://repo.maven.apache.org/maven2/org/apache/maven/maven-plugin-parameter-documenter/2.2.1/maven-plugin-parameter-documenter-2.2.1.jar (22 kB at 91 kB/s)
[bc2f533f-1211-4227-8f1f-629af813c58f/build]   | [INFO] Downloading from central: https://repo.maven.apache.org/maven2/org/apache/maven/maven-repository-metadata/2.2.1/maven-repository-metadata-2.2.1.jar
[bc2f533f-1211-4227-8f1f-629af813c58f/build]   | [INFO] Downloaded from central: https://repo.maven.apache.org/maven2/org/slf4j/jcl-over-slf4j/1.5.6/jcl-over-slf4j-1.5.6.jar (17 kB at 68 kB/s)
[bc2f533f-1211-4227-8f1f-629af813c58f/build]   | [INFO] Downloading from central: https://repo.maven.apache.org/maven2/org/apache/maven/maven-error-diagnostics/2.2.1/maven-error-diagnostics-2.2.1.jar
[bc2f533f-1211-4227-8f1f-629af813c58f/build]   | [INFO] Downloaded from central: https://repo.maven.apache.org/maven2/org/slf4j/slf4j-api/1.5.6/slf4j-api-1.5.6.jar (22 kB at 90 kB/s)
[bc2f533f-1211-4227-8f1f-629af813c58f/build]   | [INFO] Downloaded from central: https://repo.maven.apache.org/maven2/org/apache/maven/reporting/maven-reporting-api/3.0/maven-reporting-api-3.0.jar (11 kB at 44 kB/s)
[bc2f533f-1211-4227-8f1f-629af813c58f/build]   | [INFO] Downloading from central: https://repo.maven.apache.org/maven2/org/apache/maven/maven-monitor/2.2.1/maven-monitor-2.2.1.jar
[bc2f533f-1211-4227-8f1f-629af813c58f/build]   | [INFO] Downloading from central: https://repo.maven.apache.org/maven2/classworlds/classworlds/1.1/classworlds-1.1.jar
[bc2f533f-1211-4227-8f1f-629af813c58f/build]   | [INFO] Downloaded from central: https://repo.maven.apache.org/maven2/org/apache/maven/maven-core/2.2.1/maven-core-2.2.1.jar (178 kB at 647 kB/s)
[bc2f533f-1211-4227-8f1f-629af813c58f/build]   | [INFO] Downloading from central: https://repo.maven.apache.org/maven2/org/sonatype/plexus/plexus-sec-dispatcher/1.3/plexus-sec-dispatcher-1.3.jar
[bc2f533f-1211-4227-8f1f-629af813c58f/build]   | [INFO] Downloaded from central: https://repo.maven.apache.org/maven2/org/apache/maven/maven-repository-metadata/2.2.1/maven-repository-metadata-2.2.1.jar (26 kB at 93 kB/s)
[bc2f533f-1211-4227-8f1f-629af813c58f/build]   | [INFO] Downloading from central: https://repo.maven.apache.org/maven2/org/sonatype/plexus/plexus-cipher/1.4/plexus-cipher-1.4.jar
[bc2f533f-1211-4227-8f1f-629af813c58f/build]   | [INFO] Downloaded from central: https://repo.maven.apache.org/maven2/org/apache/maven/maven-monitor/2.2.1/maven-monitor-2.2.1.jar (10 kB at 37 kB/s)
[bc2f533f-1211-4227-8f1f-629af813c58f/build]   | [INFO] Downloaded from central: https://repo.maven.apache.org/maven2/classworlds/classworlds/1.1/classworlds-1.1.jar (38 kB at 134 kB/s)
[bc2f533f-1211-4227-8f1f-629af813c58f/build]   | [INFO] Downloading from central: https://repo.maven.apache.org/maven2/org/apache/maven/maven-toolchain/2.2.1/maven-toolchain-2.2.1.jar
[bc2f533f-1211-4227-8f1f-629af813c58f/build]   | [INFO] Downloading from central: https://repo.maven.apache.org/maven2/org/codehaus/plexus/plexus-java/0.9.3/plexus-java-0.9.3.jar
[bc2f533f-1211-4227-8f1f-629af813c58f/build]   | [INFO] Downloaded from central: https://repo.maven.apache.org/maven2/org/apache/maven/maven-error-diagnostics/2.2.1/maven-error-diagnostics-2.2.1.jar (13 kB at 46 kB/s)
[bc2f533f-1211-4227-8f1f-629af813c58f/build]   | [INFO] Downloading from central: https://repo.maven.apache.org/maven2/org/ow2/asm/asm/6.0_BETA/asm-6.0_BETA.jar
[bc2f533f-1211-4227-8f1f-629af813c58f/build]   | [INFO] Downloaded from central: https://repo.maven.apache.org/maven2/org/sonatype/plexus/plexus-sec-dispatcher/1.3/plexus-sec-dispatcher-1.3.jar (29 kB at 100 kB/s)
[bc2f533f-1211-4227-8f1f-629af813c58f/build]   | [INFO] Downloading from central: https://repo.maven.apache.org/maven2/com/thoughtworks/qdox/qdox/2.0-M7/qdox-2.0-M7.jar
[bc2f533f-1211-4227-8f1f-629af813c58f/build]   | [INFO] Downloaded from central: https://repo.maven.apache.org/maven2/org/sonatype/plexus/plexus-cipher/1.4/plexus-cipher-1.4.jar (13 kB at 44 kB/s)
[bc2f533f-1211-4227-8f1f-629af813c58f/build]   | [INFO] Downloaded from central: https://repo.maven.apache.org/maven2/org/apache/maven/maven-toolchain/2.2.1/maven-toolchain-2.2.1.jar (38 kB at 114 kB/s)
[bc2f533f-1211-4227-8f1f-629af813c58f/build]   | [INFO] Downloaded from central: https://repo.maven.apache.org/maven2/org/ow2/asm/asm/6.0_BETA/asm-6.0_BETA.jar (56 kB at 171 kB/s)
[bc2f533f-1211-4227-8f1f-629af813c58f/build]   | [INFO] Downloaded from central: https://repo.maven.apache.org/maven2/org/codehaus/plexus/plexus-java/0.9.3/plexus-java-0.9.3.jar (32 kB at 96 kB/s)
[bc2f533f-1211-4227-8f1f-629af813c58f/build]   | [INFO] Downloaded from central: https://repo.maven.apache.org/maven2/com/thoughtworks/qdox/qdox/2.0-M7/qdox-2.0-M7.jar (315 kB at 885 kB/s)
[bc2f533f-1211-4227-8f1f-629af813c58f/build]   | [INFO] Downloading from central: https://repo.maven.apache.org/maven2/org/apache/maven/surefire/surefire-junit4/2.21.0/surefire-junit4-2.21.0.pom
[bc2f533f-1211-4227-8f1f-629af813c58f/build]   | [INFO] Downloaded from central: https://repo.maven.apache.org/maven2/org/apache/maven/surefire/surefire-junit4/2.21.0/surefire-junit4-2.21.0.pom (3.1 kB at 58 kB/s)
[bc2f533f-1211-4227-8f1f-629af813c58f/build]   | [INFO] Downloading from central: https://repo.maven.apache.org/maven2/org/apache/maven/surefire/surefire-providers/2.21.0/surefire-providers-2.21.0.pom
[bc2f533f-1211-4227-8f1f-629af813c58f/build]   | [INFO] Downloaded from central: https://repo.maven.apache.org/maven2/org/apache/maven/surefire/surefire-providers/2.21.0/surefire-providers-2.21.0.pom (2.5 kB at 90 kB/s)
[bc2f533f-1211-4227-8f1f-629af813c58f/build]   | [INFO] Downloading from central: https://repo.maven.apache.org/maven2/org/apache/maven/surefire/surefire-junit4/2.21.0/surefire-junit4-2.21.0.jar
[bc2f533f-1211-4227-8f1f-629af813c58f/build]   | [INFO] Downloaded from central: https://repo.maven.apache.org/maven2/org/apache/maven/surefire/surefire-junit4/2.21.0/surefire-junit4-2.21.0.jar (85 kB at 1.5 MB/s)
[bc2f533f-1211-4227-8f1f-629af813c58f/build]   | [INFO] 
[bc2f533f-1211-4227-8f1f-629af813c58f/build]   | [INFO] -------------------------------------------------------
[bc2f533f-1211-4227-8f1f-629af813c58f/build]   | [INFO]  T E S T S
[bc2f533f-1211-4227-8f1f-629af813c58f/build]   | [INFO] -------------------------------------------------------
[bc2f533f-1211-4227-8f1f-629af813c58f/build]   | [INFO] Running com.walmartlabs.x12.checksum.LuhnMod10ChecksumTest
[bc2f533f-1211-4227-8f1f-629af813c58f/build]   | [INFO] Tests run: 7, Failures: 0, Errors: 0, Skipped: 0, Time elapsed: 0.052 s - in com.walmartlabs.x12.checksum.LuhnMod10ChecksumTest
[bc2f533f-1211-4227-8f1f-629af813c58f/build]   | [INFO] Running com.walmartlabs.x12.checksum.BarCodeMod10ChecksumTest
[bc2f533f-1211-4227-8f1f-629af813c58f/build]   | [INFO] Tests run: 7, Failures: 0, Errors: 0, Skipped: 0, Time elapsed: 0.002 s - in com.walmartlabs.x12.checksum.BarCodeMod10ChecksumTest
[bc2f533f-1211-4227-8f1f-629af813c58f/build]   | [INFO] Running com.walmartlabs.x12.dex.dx894.DefaultDex894ParserTest
[bc2f533f-1211-4227-8f1f-629af813c58f/build]   | 20:09:42.417 [main] DEBUG com.walmartlabs.x12.dex.dx894.DefaultDex894Parser - DXS
[bc2f533f-1211-4227-8f1f-629af813c58f/build]   | 20:09:42.422 [main] DEBUG com.walmartlabs.x12.dex.dx894.DefaultDex894Parser - parseDexTransaction:1
[bc2f533f-1211-4227-8f1f-629af813c58f/build]   | 20:09:42.422 [main] DEBUG com.walmartlabs.x12.dex.dx894.DefaultDex894Parser - ST
[bc2f533f-1211-4227-8f1f-629af813c58f/build]   | 20:09:42.422 [main] DEBUG com.walmartlabs.x12.dex.dx894.DefaultDex894Parser - G82
[bc2f533f-1211-4227-8f1f-629af813c58f/build]   | 20:09:42.423 [main] DEBUG com.walmartlabs.x12.dex.dx894.DefaultDex894Parser - parseDexTransactionLoop:3
[bc2f533f-1211-4227-8f1f-629af813c58f/build]   | 20:09:42.423 [main] DEBUG com.walmartlabs.x12.dex.dx894.DefaultDex894Parser - LS
[bc2f533f-1211-4227-8f1f-629af813c58f/build]   | 20:09:42.423 [main] DEBUG com.walmartlabs.x12.dex.dx894.DefaultDex894Parser - parseDexItem:4
[bc2f533f-1211-4227-8f1f-629af813c58f/build]   | 20:09:42.423 [main] DEBUG com.walmartlabs.x12.dex.dx894.DefaultDex894Parser - G83
[bc2f533f-1211-4227-8f1f-629af813c58f/build]   | 20:09:42.424 [main] DEBUG com.walmartlabs.x12.dex.dx894.DefaultDex894Parser - G72
[bc2f533f-1211-4227-8f1f-629af813c58f/build]   | 20:09:42.425 [main] DEBUG com.walmartlabs.x12.dex.dx894.DefaultDex894Parser - LE
[bc2f533f-1211-4227-8f1f-629af813c58f/build]   | 20:09:42.425 [main] DEBUG com.walmartlabs.x12.dex.dx894.DefaultDex894Parser - G84
[bc2f533f-1211-4227-8f1f-629af813c58f/build]   | 20:09:42.425 [main] DEBUG com.walmartlabs.x12.dex.dx894.DefaultDex894Parser - G86
[bc2f533f-1211-4227-8f1f-629af813c58f/build]   | 20:09:42.425 [main] DEBUG com.walmartlabs.x12.dex.dx894.DefaultDex894Parser - ST
[bc2f533f-1211-4227-8f1f-629af813c58f/build]   | [INFO] Tests run: 17, Failures: 0, Errors: 0, Skipped: 0, Time elapsed: 0.062 s - in com.walmartlabs.x12.dex.dx894.DefaultDex894ParserTest
[bc2f533f-1211-4227-8f1f-629af813c58f/build]   | [INFO] Running com.walmartlabs.x12.dex.dx894.UnitMeasureTest
[bc2f533f-1211-4227-8f1f-629af813c58f/build]   | [INFO] Tests run: 4, Failures: 0, Errors: 0, Skipped: 0, Time elapsed: 0 s - in com.walmartlabs.x12.dex.dx894.UnitMeasureTest
[bc2f533f-1211-4227-8f1f-629af813c58f/build]   | [INFO] Running com.walmartlabs.x12.dex.dx894.DefaultDex894ParserTransactionTest
[bc2f533f-1211-4227-8f1f-629af813c58f/build]   | 20:09:42.436 [main] DEBUG com.walmartlabs.x12.dex.dx894.DefaultDex894Parser - SE
[bc2f533f-1211-4227-8f1f-629af813c58f/build]   | 20:09:42.437 [main] DEBUG com.walmartlabs.x12.dex.dx894.DefaultDex894Parser - XX
[bc2f533f-1211-4227-8f1f-629af813c58f/build]   | 20:09:42.437 [main] DEBUG com.walmartlabs.x12.dex.dx894.DefaultDex894Parser - G82
[bc2f533f-1211-4227-8f1f-629af813c58f/build]   | 20:09:42.438 [main] DEBUG com.walmartlabs.x12.dex.dx894.DefaultDex894Parser - G89
[bc2f533f-1211-4227-8f1f-629af813c58f/build]   | 20:09:42.438 [main] DEBUG com.walmartlabs.x12.dex.dx894.DefaultDex894Parser - XX
[bc2f533f-1211-4227-8f1f-629af813c58f/build]   | 20:09:42.438 [main] DEBUG com.walmartlabs.x12.dex.dx894.DefaultDex894Parser - SE
[bc2f533f-1211-4227-8f1f-629af813c58f/build]   | 20:09:42.439 [main] DEBUG com.walmartlabs.x12.dex.dx894.DefaultDex894Parser - G83
[bc2f533f-1211-4227-8f1f-629af813c58f/build]   | 20:09:42.439 [main] DEBUG com.walmartlabs.x12.dex.dx894.DefaultDex894Parser - XX
[bc2f533f-1211-4227-8f1f-629af813c58f/build]   | 20:09:42.440 [main] DEBUG com.walmartlabs.x12.dex.dx894.DefaultDex894Parser - G83
[bc2f533f-1211-4227-8f1f-629af813c58f/build]   | 20:09:42.440 [main] DEBUG com.walmartlabs.x12.dex.dx894.DefaultDex894Parser - ST
[bc2f533f-1211-4227-8f1f-629af813c58f/build]   | 20:09:42.440 [main] DEBUG com.walmartlabs.x12.dex.dx894.DefaultDex894Parser - G83
[bc2f533f-1211-4227-8f1f-629af813c58f/build]   | 20:09:42.441 [main] DEBUG com.walmartlabs.x12.dex.dx894.DefaultDex894Parser - XX
[bc2f533f-1211-4227-8f1f-629af813c58f/build]   | 20:09:42.441 [main] DEBUG com.walmartlabs.x12.dex.dx894.DefaultDex894Parser - SE
[bc2f533f-1211-4227-8f1f-629af813c58f/build]   | 20:09:42.441 [main] DEBUG com.walmartlabs.x12.dex.dx894.DefaultDex894Parser - XX
[bc2f533f-1211-4227-8f1f-629af813c58f/build]   | 20:09:42.442 [main] DEBUG com.walmartlabs.x12.dex.dx894.DefaultDex894Parser - ST
[bc2f533f-1211-4227-8f1f-629af813c58f/build]   | 20:09:42.444 [main] DEBUG com.walmartlabs.x12.dex.dx894.DefaultDex894Parser - G82
[bc2f533f-1211-4227-8f1f-629af813c58f/build]   | 20:09:42.444 [main] DEBUG com.walmartlabs.x12.dex.dx894.DefaultDex894Parser - ST
[bc2f533f-1211-4227-8f1f-629af813c58f/build]   | 20:09:42.445 [main] DEBUG com.walmartlabs.x12.dex.dx894.DefaultDex894Parser - SE
[bc2f533f-1211-4227-8f1f-629af813c58f/build]   | 20:09:42.445 [main] DEBUG com.walmartlabs.x12.dex.dx894.DefaultDex894Parser - G82
[bc2f533f-1211-4227-8f1f-629af813c58f/build]   | 20:09:42.446 [main] DEBUG com.walmartlabs.x12.dex.dx894.DefaultDex894Parser - G85
[bc2f533f-1211-4227-8f1f-629af813c58f/build]   | 20:09:42.446 [main] DEBUG com.walmartlabs.x12.dex.dx894.DefaultDex894Parser - G86
[bc2f533f-1211-4227-8f1f-629af813c58f/build]   | 20:09:42.446 [main] DEBUG com.walmartlabs.x12.dex.dx894.DefaultDex894Parser - G82
[bc2f533f-1211-4227-8f1f-629af813c58f/build]   | [INFO] Tests run: 22, Failures: 0, Errors: 0, Skipped: 0, Time elapsed: 0.001 s - in com.walmartlabs.x12.dex.dx894.DefaultDex894ParserTransactionTest
[bc2f533f-1211-4227-8f1f-629af813c58f/build]   | [INFO] Running com.walmartlabs.x12.dex.dx894.DefaultDex894ValidatorTest
[bc2f533f-1211-4227-8f1f-629af813c58f/build]   | [ERROR] Tests run: 60, Failures: 35, Errors: 0, Skipped: 0, Time elapsed: 0.08 s <<< FAILURE! - in com.walmartlabs.x12.dex.dx894.DefaultDex894ValidatorTest
[bc2f533f-1211-4227-8f1f-629af813c58f/build]   | [ERROR] test_validateItems_empty_product_id_5010(com.walmartlabs.x12.dex.dx894.DefaultDex894ValidatorTest)  Time elapsed: 0.001 s  <<< FAILURE!
[bc2f533f-1211-4227-8f1f-629af813c58f/build]   | org.junit.ComparisonFailure: expected:<[M]issing consumer UPC> but was:<[m]issing consumer UPC>
[bc2f533f-1211-4227-8f1f-629af813c58f/build]   | 	at com.walmartlabs.x12.dex.dx894.DefaultDex894ValidatorTest.test_validateItems_empty_product_id_5010(DefaultDex894ValidatorTest.java:650)
[bc2f533f-1211-4227-8f1f-629af813c58f/build]   | 
[bc2f533f-1211-4227-8f1f-629af813c58f/build]   | [ERROR] test_validateTransactions_null_supplier_number_4010(com.walmartlabs.x12.dex.dx894.DefaultDex894ValidatorTest)  Time elapsed: 0 s  <<< FAILURE!
[bc2f533f-1211-4227-8f1f-629af813c58f/build]   | org.junit.ComparisonFailure: expected:<[M]issing supplier numb...> but was:<[m]issing supplier numb...>
[bc2f533f-1211-4227-8f1f-629af813c58f/build]   | 	at com.walmartlabs.x12.dex.dx894.DefaultDex894ValidatorTest.test_validateTransactions_null_supplier_number_4010(DefaultDex894ValidatorTest.java:301)
[bc2f533f-1211-4227-8f1f-629af813c58f/build]   | 
[bc2f533f-1211-4227-8f1f-629af813c58f/build]   | [ERROR] test_validateTransactions_null_supplier_number_5010(com.walmartlabs.x12.dex.dx894.DefaultDex894ValidatorTest)  Time elapsed: 0 s  <<< FAILURE!
[bc2f533f-1211-4227-8f1f-629af813c58f/build]   | org.junit.ComparisonFailure: expected:<[M]issing supplier numb...> but was:<[m]issing supplier numb...>
[bc2f533f-1211-4227-8f1f-629af813c58f/build]   | 	at com.walmartlabs.x12.dex.dx894.DefaultDex894ValidatorTest.test_validateTransactions_null_supplier_number_5010(DefaultDex894ValidatorTest.java:316)
[bc2f533f-1211-4227-8f1f-629af813c58f/build]   | 
[bc2f533f-1211-4227-8f1f-629af813c58f/build]   | [ERROR] test_validateTransactions_invalid_supplier_date_4010(com.walmartlabs.x12.dex.dx894.DefaultDex894ValidatorTest)  Time elapsed: 0 s  <<< FAILURE!
[bc2f533f-1211-4227-8f1f-629af813c58f/build]   | org.junit.ComparisonFailure: expected:<[D]ate must be in YYYYM...> but was:<[d]ate must be in YYYYM...>
[bc2f533f-1211-4227-8f1f-629af813c58f/build]   | 	at com.walmartlabs.x12.dex.dx894.DefaultDex894ValidatorTest.test_validateTransactions_invalid_supplier_date_4010(DefaultDex894ValidatorTest.java:421)
[bc2f533f-1211-4227-8f1f-629af813c58f/build]   | 
[bc2f533f-1211-4227-8f1f-629af813c58f/build]   | [ERROR] test_validateTransactions_invalid_supplier_date_5010(com.walmartlabs.x12.dex.dx894.DefaultDex894ValidatorTest)  Time elapsed: 0 s  <<< FAILURE!
[bc2f533f-1211-4227-8f1f-629af813c58f/build]   | org.junit.ComparisonFailure: expected:<[D]ate must be in YYYYM...> but was:<[d]ate must be in YYYYM...>
[bc2f533f-1211-4227-8f1f-629af813c58f/build]   | 	at com.walmartlabs.x12.dex.dx894.DefaultDex894ValidatorTest.test_validateTransactions_invalid_supplier_date_5010(DefaultDex894ValidatorTest.java:436)
[bc2f533f-1211-4227-8f1f-629af813c58f/build]   | 
[bc2f533f-1211-4227-8f1f-629af813c58f/build]   | [ERROR] test_validateItems_unknown_uom_4010(com.walmartlabs.x12.dex.dx894.DefaultDex894ValidatorTest)  Time elapsed: 0 s  <<< FAILURE!
[bc2f533f-1211-4227-8f1f-629af813c58f/build]   | org.junit.ComparisonFailure: expected:<[M]issing/unknown unit ...> but was:<[m]issing/unknown unit ...>
[bc2f533f-1211-4227-8f1f-629af813c58f/build]   | 	at com.walmartlabs.x12.dex.dx894.DefaultDex894ValidatorTest.test_validateItems_unknown_uom_4010(DefaultDex894ValidatorTest.java:569)
[bc2f533f-1211-4227-8f1f-629af813c58f/build]   | 
[bc2f533f-1211-4227-8f1f-629af813c58f/build]   | [ERROR] test_validateItems_unknown_uom_5010(com.walmartlabs.x12.dex.dx894.DefaultDex894ValidatorTest)  Time elapsed: 0 s  <<< FAILURE!
[bc2f533f-1211-4227-8f1f-629af813c58f/build]   | org.junit.ComparisonFailure: expected:<[M]issing/unknown unit ...> but was:<[m]issing/unknown unit ...>
[bc2f533f-1211-4227-8f1f-629af813c58f/build]   | 	at com.walmartlabs.x12.dex.dx894.DefaultDex894ValidatorTest.test_validateItems_unknown_uom_5010(DefaultDex894ValidatorTest.java:585)
[bc2f533f-1211-4227-8f1f-629af813c58f/build]   | 
[bc2f533f-1211-4227-8f1f-629af813c58f/build]   | [ERROR] test_validateItems_null_upc_4010(com.walmartlabs.x12.dex.dx894.DefaultDex894ValidatorTest)  Time elapsed: 0 s  <<< FAILURE!
[bc2f533f-1211-4227-8f1f-629af813c58f/build]   | org.junit.ComparisonFailure: expected:<[M]issing consumer UPC> but was:<[m]issing consumer UPC>
[bc2f533f-1211-4227-8f1f-629af813c58f/build]   | 	at com.walmartlabs.x12.dex.dx894.DefaultDex894ValidatorTest.test_validateItems_null_upc_4010(DefaultDex894ValidatorTest.java:602)
[bc2f533f-1211-4227-8f1f-629af813c58f/build]   | 
[bc2f533f-1211-4227-8f1f-629af813c58f/build]   | [ERROR] test_validateItems_with_case_upc_missing_pack_count_4010(com.walmartlabs.x12.dex.dx894.DefaultDex894ValidatorTest)  Time elapsed: 0 s  <<< FAILURE!
[bc2f533f-1211-4227-8f1f-629af813c58f/build]   | org.junit.ComparisonFailure: expected:<[M]issing case count> but was:<[m]issing case count>
[bc2f533f-1211-4227-8f1f-629af813c58f/build]   | 	at com.walmartlabs.x12.dex.dx894.DefaultDex894ValidatorTest.test_validateItems_with_case_upc_missing_pack_count_4010(DefaultDex894ValidatorTest.java:718)
[bc2f533f-1211-4227-8f1f-629af813c58f/build]   | 
[bc2f533f-1211-4227-8f1f-629af813c58f/build]   | [ERROR] test_validateItems_with_case_upc_missing_pack_count_5010(com.walmartlabs.x12.dex.dx894.DefaultDex894ValidatorTest)  Time elapsed: 0.001 s  <<< FAILURE!
[bc2f533f-1211-4227-8f1f-629af813c58f/build]   | org.junit.ComparisonFailure: expected:<[M]issing case count> but was:<[m]issing case count>
[bc2f533f-1211-4227-8f1f-629af813c58f/build]   | 	at com.walmartlabs.x12.dex.dx894.DefaultDex894ValidatorTest.test_validateItems_with_case_upc_missing_pack_count_5010(DefaultDex894ValidatorTest.java:802)
[bc2f533f-1211-4227-8f1f-629af813c58f/build]   | 
[bc2f533f-1211-4227-8f1f-629af813c58f/build]   | [ERROR] test_validateAllowance_MissingAllowanceCode(com.walmartlabs.x12.dex.dx894.DefaultDex894ValidatorTest)  Time elapsed: 0.001 s  <<< FAILURE!
[bc2f533f-1211-4227-8f1f-629af813c58f/build]   | org.junit.ComparisonFailure: expected:<[M]issing allowance cod...> but was:<[m]issing allowance cod...>
[bc2f533f-1211-4227-8f1f-629af813c58f/build]   | 	at com.walmartlabs.x12.dex.dx894.DefaultDex894ValidatorTest.test_validateAllowance_MissingAllowanceCode(DefaultDex894ValidatorTest.java:883)
[bc2f533f-1211-4227-8f1f-629af813c58f/build]   | 
[bc2f533f-1211-4227-8f1f-629af813c58f/build]   | [ERROR] test_checkForDuplicateInvoiceNumbersWithDuplicate(com.walmartlabs.x12.dex.dx894.DefaultDex894ValidatorTest)  Time elapsed: 0.001 s  <<< FAILURE!
[bc2f533f-1211-4227-8f1f-629af813c58f/build]   | org.junit.ComparisonFailure: expected:<[D]uplicate invoice num...> but was:<[d]uplicate invoice num...>
[bc2f533f-1211-4227-8f1f-629af813c58f/build]   | 	at com.walmartlabs.x12.dex.dx894.DefaultDex894ValidatorTest.test_checkForDuplicateInvoiceNumbersWithDuplicate(DefaultDex894ValidatorTest.java:247)
[bc2f533f-1211-4227-8f1f-629af813c58f/build]   | 
[bc2f533f-1211-4227-8f1f-629af813c58f/build]   | [ERROR] test_validateTransactions_missing_supplier_date_4010(com.walmartlabs.x12.dex.dx894.DefaultDex894ValidatorTest)  Time elapsed: 0.001 s  <<< FAILURE!
[bc2f533f-1211-4227-8f1f-629af813c58f/build]   | org.junit.ComparisonFailure: expected:<[M]issing supplier date> but was:<[m]issing supplier date>
[bc2f533f-1211-4227-8f1f-629af813c58f/build]   | 	at com.walmartlabs.x12.dex.dx894.DefaultDex894ValidatorTest.test_validateTransactions_missing_supplier_date_4010(DefaultDex894ValidatorTest.java:391)
[bc2f533f-1211-4227-8f1f-629af813c58f/build]   | 
[bc2f533f-1211-4227-8f1f-629af813c58f/build]   | [ERROR] test_validateTransactions_missing_supplier_date_5010(com.walmartlabs.x12.dex.dx894.DefaultDex894ValidatorTest)  Time elapsed: 0.001 s  <<< FAILURE!
[bc2f533f-1211-4227-8f1f-629af813c58f/build]   | org.junit.ComparisonFailure: expected:<[M]issing supplier date> but was:<[m]issing supplier date>
[bc2f533f-1211-4227-8f1f-629af813c58f/build]   | 	at com.walmartlabs.x12.dex.dx894.DefaultDex894ValidatorTest.test_validateTransactions_missing_supplier_date_5010(DefaultDex894ValidatorTest.java:406)
[bc2f533f-1211-4227-8f1f-629af813c58f/build]   | 
[bc2f533f-1211-4227-8f1f-629af813c58f/build]   | [ERROR] test_validateTransactions_null_supplier_date_4010(com.walmartlabs.x12.dex.dx894.DefaultDex894ValidatorTest)  Time elapsed: 0 s  <<< FAILURE!
[bc2f533f-1211-4227-8f1f-629af813c58f/build]   | org.junit.ComparisonFailure: expected:<[M]issing supplier date> but was:<[m]issing supplier date>
[bc2f533f-1211-4227-8f1f-629af813c58f/build]   | 	at com.walmartlabs.x12.dex.dx894.DefaultDex894ValidatorTest.test_validateTransactions_null_supplier_date_4010(DefaultDex894ValidatorTest.java:361)
[bc2f533f-1211-4227-8f1f-629af813c58f/build]   | 
[bc2f533f-1211-4227-8f1f-629af813c58f/build]   | [ERROR] test_validateTransactions_null_supplier_date_5010(com.walmartlabs.x12.dex.dx894.DefaultDex894ValidatorTest)  Time elapsed: 0 s  <<< FAILURE!
[bc2f533f-1211-4227-8f1f-629af813c58f/build]   | org.junit.ComparisonFailure: expected:<[M]issing supplier date> but was:<[m]issing supplier date>
[bc2f533f-1211-4227-8f1f-629af813c58f/build]   | 	at com.walmartlabs.x12.dex.dx894.DefaultDex894ValidatorTest.test_validateTransactions_null_supplier_date_5010(DefaultDex894ValidatorTest.java:376)
[bc2f533f-1211-4227-8f1f-629af813c58f/build]   | 
[bc2f533f-1211-4227-8f1f-629af813c58f/build]   | [ERROR] test_validateItems_missing_quantity_4010(com.walmartlabs.x12.dex.dx894.DefaultDex894ValidatorTest)  Time elapsed: 0 s  <<< FAILURE!
[bc2f533f-1211-4227-8f1f-629af813c58f/build]   | org.junit.ComparisonFailure: expected:<[M]issing quantity> but was:<[m]issing quantity>
[bc2f533f-1211-4227-8f1f-629af813c58f/build]   | 	at com.walmartlabs.x12.dex.dx894.DefaultDex894ValidatorTest.test_validateItems_missing_quantity_4010(DefaultDex894ValidatorTest.java:472)
[bc2f533f-1211-4227-8f1f-629af813c58f/build]   | 
[bc2f533f-1211-4227-8f1f-629af813c58f/build]   | [ERROR] test_validateItems_missing_quantity_5010(com.walmartlabs.x12.dex.dx894.DefaultDex894ValidatorTest)  Time elapsed: 0.001 s  <<< FAILURE!
[bc2f533f-1211-4227-8f1f-629af813c58f/build]   | org.junit.ComparisonFailure: expected:<[M]issing quantity> but was:<[m]issing quantity>
[bc2f533f-1211-4227-8f1f-629af813c58f/build]   | 	at com.walmartlabs.x12.dex.dx894.DefaultDex894ValidatorTest.test_validateItems_missing_quantity_5010(DefaultDex894ValidatorTest.java:488)
[bc2f533f-1211-4227-8f1f-629af813c58f/build]   | 
[bc2f533f-1211-4227-8f1f-629af813c58f/build]   | [ERROR] test_validateItems_negative_quantity_4010(com.walmartlabs.x12.dex.dx894.DefaultDex894ValidatorTest)  Time elapsed: 0.001 s  <<< FAILURE!
[bc2f533f-1211-4227-8f1f-629af813c58f/build]   | org.junit.ComparisonFailure: expected:<[Q]uantity must be posi...> but was:<[q]uantity must be posi...>
[bc2f533f-1211-4227-8f1f-629af813c58f/build]   | 	at com.walmartlabs.x12.dex.dx894.DefaultDex894ValidatorTest.test_validateItems_negative_quantity_4010(DefaultDex894ValidatorTest.java:504)
[bc2f533f-1211-4227-8f1f-629af813c58f/build]   | 
[bc2f533f-1211-4227-8f1f-629af813c58f/build]   | [ERROR] test_validateItems_negative_quantity_5010(com.walmartlabs.x12.dex.dx894.DefaultDex894ValidatorTest)  Time elapsed: 0.001 s  <<< FAILURE!
[bc2f533f-1211-4227-8f1f-629af813c58f/build]   | org.junit.ComparisonFailure: expected:<[Q]uantity must be posi...> but was:<[q]uantity must be posi...>
[bc2f533f-1211-4227-8f1f-629af813c58f/build]   | 	at com.walmartlabs.x12.dex.dx894.DefaultDex894ValidatorTest.test_validateItems_negative_quantity_5010(DefaultDex894ValidatorTest.java:520)
[bc2f533f-1211-4227-8f1f-629af813c58f/build]   | 
[bc2f533f-1211-4227-8f1f-629af813c58f/build]   | [ERROR] test_validateAllowance_MissingAmount(com.walmartlabs.x12.dex.dx894.DefaultDex894ValidatorTest)  Time elapsed: 0.001 s  <<< FAILURE!
[bc2f533f-1211-4227-8f1f-629af813c58f/build]   | org.junit.ComparisonFailure: expected:<[M]ust have allowance r...> but was:<[m]ust have allowance r...>
[bc2f533f-1211-4227-8f1f-629af813c58f/build]   | 	at com.walmartlabs.x12.dex.dx894.DefaultDex894ValidatorTest.test_validateAllowance_MissingAmount(DefaultDex894ValidatorTest.java:915)
[bc2f533f-1211-4227-8f1f-629af813c58f/build]   | 
[bc2f533f-1211-4227-8f1f-629af813c58f/build]   | [ERROR] test_validateAllowance_empty(com.walmartlabs.x12.dex.dx894.DefaultDex894ValidatorTest)  Time elapsed: 0.006 s  <<< FAILURE!
[bc2f533f-1211-4227-8f1f-629af813c58f/build]   | org.junit.ComparisonFailure: expected:<[M]issing allowance cod...> but was:<[m]issing allowance cod...>
[bc2f533f-1211-4227-8f1f-629af813c58f/build]   | 	at com.walmartlabs.x12.dex.dx894.DefaultDex894ValidatorTest.test_validateAllowance_empty(DefaultDex894ValidatorTest.java:857)
[bc2f533f-1211-4227-8f1f-629af813c58f/build]   | 
[bc2f533f-1211-4227-8f1f-629af813c58f/build]   | [ERROR] test_validateItems_empty_upc_4010(com.walmartlabs.x12.dex.dx894.DefaultDex894ValidatorTest)  Time elapsed: 0.001 s  <<< FAILURE!
[bc2f533f-1211-4227-8f1f-629af813c58f/build]   | org.junit.ComparisonFailure: expected:<[M]issing consumer UPC> but was:<[m]issing consumer UPC>
[bc2f533f-1211-4227-8f1f-629af813c58f/build]   | 	at com.walmartlabs.x12.dex.dx894.DefaultDex894ValidatorTest.test_validateItems_empty_upc_4010(DefaultDex894ValidatorTest.java:618)
[bc2f533f-1211-4227-8f1f-629af813c58f/build]   | 
[bc2f533f-1211-4227-8f1f-629af813c58f/build]   | [ERROR] test_validateItems_with_case_upc_missing_4010(com.walmartlabs.x12.dex.dx894.DefaultDex894ValidatorTest)  Time elapsed: 0.001 s  <<< FAILURE!
[bc2f533f-1211-4227-8f1f-629af813c58f/build]   | org.junit.ComparisonFailure: expected:<[M]issing case UPC> but was:<[m]issing case UPC>
[bc2f533f-1211-4227-8f1f-629af813c58f/build]   | 	at com.walmartlabs.x12.dex.dx894.DefaultDex894ValidatorTest.test_validateItems_with_case_upc_missing_4010(DefaultDex894ValidatorTest.java:699)
[bc2f533f-1211-4227-8f1f-629af813c58f/build]   | 
[bc2f533f-1211-4227-8f1f-629af813c58f/build]   | [ERROR] test_validateItems_with_case_upc_missing_5010(com.walmartlabs.x12.dex.dx894.DefaultDex894ValidatorTest)  Time elapsed: 0.001 s  <<< FAILURE!
[bc2f533f-1211-4227-8f1f-629af813c58f/build]   | org.junit.ComparisonFailure: expected:<[M]issing case UPC> but was:<[m]issing case UPC>
[bc2f533f-1211-4227-8f1f-629af813c58f/build]   | 	at com.walmartlabs.x12.dex.dx894.DefaultDex894ValidatorTest.test_validateItems_with_case_upc_missing_5010(DefaultDex894ValidatorTest.java:756)
[bc2f533f-1211-4227-8f1f-629af813c58f/build]   | 
[bc2f533f-1211-4227-8f1f-629af813c58f/build]   | [ERROR] test_validateItems_missing_product_type_5010(com.walmartlabs.x12.dex.dx894.DefaultDex894ValidatorTest)  Time elapsed: 0 s  <<< FAILURE!
[bc2f533f-1211-4227-8f1f-629af813c58f/build]   | org.junit.ComparisonFailure: expected:<[M]issing consumer qual...> but was:<[m]issing consumer qual...>
[bc2f533f-1211-4227-8f1f-629af813c58f/build]   | 	at com.walmartlabs.x12.dex.dx894.DefaultDex894ValidatorTest.test_validateItems_missing_product_type_5010(DefaultDex894ValidatorTest.java:666)
[bc2f533f-1211-4227-8f1f-629af813c58f/build]   | 
[bc2f533f-1211-4227-8f1f-629af813c58f/build]   | [ERROR] test_validateItems_with_case_upc_qualifier_missing_5010(com.walmartlabs.x12.dex.dx894.DefaultDex894ValidatorTest)  Time elapsed: 0.001 s  <<< FAILURE!
[bc2f533f-1211-4227-8f1f-629af813c58f/build]   | org.junit.ComparisonFailure: expected:<[M]issing case qualifie...> but was:<[m]issing case qualifie...>
[bc2f533f-1211-4227-8f1f-629af813c58f/build]   | 	at com.walmartlabs.x12.dex.dx894.DefaultDex894ValidatorTest.test_validateItems_with_case_upc_qualifier_missing_5010(DefaultDex894ValidatorTest.java:779)
[bc2f533f-1211-4227-8f1f-629af813c58f/build]   | 
[bc2f533f-1211-4227-8f1f-629af813c58f/build]   | [ERROR] test_validateTransactions_missing_supplier_number_4010(com.walmartlabs.x12.dex.dx894.DefaultDex894ValidatorTest)  Time elapsed: 0 s  <<< FAILURE!
[bc2f533f-1211-4227-8f1f-629af813c58f/build]   | org.junit.ComparisonFailure: expected:<[M]issing supplier numb...> but was:<[m]issing supplier numb...>
[bc2f533f-1211-4227-8f1f-629af813c58f/build]   | 	at com.walmartlabs.x12.dex.dx894.DefaultDex894ValidatorTest.test_validateTransactions_missing_supplier_number_4010(DefaultDex894ValidatorTest.java:331)
[bc2f533f-1211-4227-8f1f-629af813c58f/build]   | 
[bc2f533f-1211-4227-8f1f-629af813c58f/build]   | [ERROR] test_validateTransactions_missing_supplier_number_5010(com.walmartlabs.x12.dex.dx894.DefaultDex894ValidatorTest)  Time elapsed: 0 s  <<< FAILURE!
[bc2f533f-1211-4227-8f1f-629af813c58f/build]   | org.junit.ComparisonFailure: expected:<[M]issing supplier numb...> but was:<[m]issing supplier numb...>
[bc2f533f-1211-4227-8f1f-629af813c58f/build]   | 	at com.walmartlabs.x12.dex.dx894.DefaultDex894ValidatorTest.test_validateTransactions_missing_supplier_number_5010(DefaultDex894ValidatorTest.java:346)
[bc2f533f-1211-4227-8f1f-629af813c58f/build]   | 
[bc2f533f-1211-4227-8f1f-629af813c58f/build]   | [ERROR] test_validateItems_with_case_upc_missing_pack_count_5010_with_4010_data(com.walmartlabs.x12.dex.dx894.DefaultDex894ValidatorTest)  Time elapsed: 0.008 s  <<< FAILURE!
[bc2f533f-1211-4227-8f1f-629af813c58f/build]   | org.junit.ComparisonFailure: expected:<[M]issing consumer qual...> but was:<[m]issing consumer qual...>
[bc2f533f-1211-4227-8f1f-629af813c58f/build]   | 	at com.walmartlabs.x12.dex.dx894.DefaultDex894ValidatorTest.test_validateItems_with_case_upc_missing_pack_count_5010_with_4010_data(DefaultDex894ValidatorTest.java:824)
[bc2f533f-1211-4227-8f1f-629af813c58f/build]   | 
[bc2f533f-1211-4227-8f1f-629af813c58f/build]   | [ERROR] test_validateItems_null_product_id_5010(com.walmartlabs.x12.dex.dx894.DefaultDex894ValidatorTest)  Time elapsed: 0.001 s  <<< FAILURE!
[bc2f533f-1211-4227-8f1f-629af813c58f/build]   | org.junit.ComparisonFailure: expected:<[M]issing consumer UPC> but was:<[m]issing consumer UPC>
[bc2f533f-1211-4227-8f1f-629af813c58f/build]   | 	at com.walmartlabs.x12.dex.dx894.DefaultDex894ValidatorTest.test_validateItems_null_product_id_5010(DefaultDex894ValidatorTest.java:634)
[bc2f533f-1211-4227-8f1f-629af813c58f/build]   | 
[bc2f533f-1211-4227-8f1f-629af813c58f/build]   | [ERROR] test_validateItems_missing_uom_4010(com.walmartlabs.x12.dex.dx894.DefaultDex894ValidatorTest)  Time elapsed: 0 s  <<< FAILURE!
[bc2f533f-1211-4227-8f1f-629af813c58f/build]   | org.junit.ComparisonFailure: expected:<[M]issing/unknown unit ...> but was:<[m]issing/unknown unit ...>
[bc2f533f-1211-4227-8f1f-629af813c58f/build]   | 	at com.walmartlabs.x12.dex.dx894.DefaultDex894ValidatorTest.test_validateItems_missing_uom_4010(DefaultDex894ValidatorTest.java:537)
[bc2f533f-1211-4227-8f1f-629af813c58f/build]   | 
[bc2f533f-1211-4227-8f1f-629af813c58f/build]   | [ERROR] test_validateItems_missing_uom_5010(com.walmartlabs.x12.dex.dx894.DefaultDex894ValidatorTest)  Time elapsed: 0.003 s  <<< FAILURE!
[bc2f533f-1211-4227-8f1f-629af813c58f/build]   | org.junit.ComparisonFailure: expected:<[M]issing/unknown unit ...> but was:<[m]issing/unknown unit ...>
[bc2f533f-1211-4227-8f1f-629af813c58f/build]   | 	at com.walmartlabs.x12.dex.dx894.DefaultDex894ValidatorTest.test_validateItems_missing_uom_5010(DefaultDex894ValidatorTest.java:553)
[bc2f533f-1211-4227-8f1f-629af813c58f/build]   | 
[bc2f533f-1211-4227-8f1f-629af813c58f/build]   | [ERROR] test_validateAllowance_MissingMethodHandling(com.walmartlabs.x12.dex.dx894.DefaultDex894ValidatorTest)  Time elapsed: 0 s  <<< FAILURE!
[bc2f533f-1211-4227-8f1f-629af813c58f/build]   | org.junit.ComparisonFailure: expected:<[M]issing method of han...> but was:<[m]issing method of han...>
[bc2f533f-1211-4227-8f1f-629af813c58f/build]   | 	at com.walmartlabs.x12.dex.dx894.DefaultDex894ValidatorTest.test_validateAllowance_MissingMethodHandling(DefaultDex894ValidatorTest.java:899)
[bc2f533f-1211-4227-8f1f-629af813c58f/build]   | 
[bc2f533f-1211-4227-8f1f-629af813c58f/build]   | [ERROR] test_validate_missingSupplierNumber_and_duplicates(com.walmartlabs.x12.dex.dx894.DefaultDex894ValidatorTest)  Time elapsed: 0 s  <<< FAILURE!
[bc2f533f-1211-4227-8f1f-629af813c58f/build]   | org.junit.ComparisonFailure: expected:<[D]uplicate invoice num...> but was:<[d]uplicate invoice num...>
[bc2f533f-1211-4227-8f1f-629af813c58f/build]   | 	at com.walmartlabs.x12.dex.dx894.DefaultDex894ValidatorTest.test_validate_missingSupplierNumber_and_duplicates(DefaultDex894ValidatorTest.java:98)
[bc2f533f-1211-4227-8f1f-629af813c58f/build]   | 
[bc2f533f-1211-4227-8f1f-629af813c58f/build]   | [INFO] Running com.walmartlabs.x12.dex.dx894.ProductQualifierTest
[bc2f533f-1211-4227-8f1f-629af813c58f/build]   | [INFO] Tests run: 4, Failures: 0, Errors: 0, Skipped: 0, Time elapsed: 0 s - in com.walmartlabs.x12.dex.dx894.ProductQualifierTest
[bc2f533f-1211-4227-8f1f-629af813c58f/build]   | [INFO] Running com.walmartlabs.x12.dex.dx894.DefaultDex894ParseValidateTest
[bc2f533f-1211-4227-8f1f-629af813c58f/build]   | 20:09:42.581 [main] DEBUG com.walmartlabs.x12.dex.dx894.DefaultDex894Parser - DXS
[bc2f533f-1211-4227-8f1f-629af813c58f/build]   | 20:09:42.582 [main] DEBUG com.walmartlabs.x12.dex.dx894.DefaultDex894Parser - parseDexTransaction:1
[bc2f533f-1211-4227-8f1f-629af813c58f/build]   | 20:09:42.582 [main] DEBUG com.walmartlabs.x12.dex.dx894.DefaultDex894Parser - ST
[bc2f533f-1211-4227-8f1f-629af813c58f/build]   | 20:09:42.582 [main] DEBUG com.walmartlabs.x12.dex.dx894.DefaultDex894Parser - G82
[bc2f533f-1211-4227-8f1f-629af813c58f/build]   | 20:09:42.582 [main] DEBUG com.walmartlabs.x12.dex.dx894.DefaultDex894Parser - parseDexTransactionLoop:3
[bc2f533f-1211-4227-8f1f-629af813c58f/build]   | 20:09:42.582 [main] DEBUG com.walmartlabs.x12.dex.dx894.DefaultDex894Parser - LS
[bc2f533f-1211-4227-8f1f-629af813c58f/build]   | 20:09:42.582 [main] DEBUG com.walmartlabs.x12.dex.dx894.DefaultDex894Parser - parseDexItem:4
[bc2f533f-1211-4227-8f1f-629af813c58f/build]   | 20:09:42.582 [main] DEBUG com.walmartlabs.x12.dex.dx894.DefaultDex894Parser - G83
[bc2f533f-1211-4227-8f1f-629af813c58f/build]   | 20:09:42.582 [main] DEBUG com.walmartlabs.x12.dex.dx894.DefaultDex894Parser - G72
[bc2f533f-1211-4227-8f1f-629af813c58f/build]   | 20:09:42.582 [main] DEBUG com.walmartlabs.x12.dex.dx894.DefaultDex894Parser - LE
[bc2f533f-1211-4227-8f1f-629af813c58f/build]   | 20:09:42.582 [main] DEBUG com.walmartlabs.x12.dex.dx894.DefaultDex894Parser - G84
[bc2f533f-1211-4227-8f1f-629af813c58f/build]   | 20:09:42.583 [main] DEBUG com.walmartlabs.x12.dex.dx894.DefaultDex894Parser - G86
[bc2f533f-1211-4227-8f1f-629af813c58f/build]   | 20:09:42.583 [main] DEBUG com.walmartlabs.x12.dex.dx894.DefaultDex894Parser - G85
[bc2f533f-1211-4227-8f1f-629af813c58f/build]   | 20:09:42.583 [main] DEBUG com.walmartlabs.x12.dex.dx894.DefaultDex894Parser - SE
[bc2f533f-1211-4227-8f1f-629af813c58f/build]   | 20:09:42.583 [main] DEBUG com.walmartlabs.x12.dex.dx894.DefaultDex894Parser - parseDexTransaction:11
[bc2f533f-1211-4227-8f1f-629af813c58f/build]   | 20:09:42.583 [main] DEBUG com.walmartlabs.x12.dex.dx894.DefaultDex894Parser - ST
[bc2f533f-1211-4227-8f1f-629af813c58f/build]   | 20:09:42.583 [main] DEBUG com.walmartlabs.x12.dex.dx894.DefaultDex894Parser - G82
[bc2f533f-1211-4227-8f1f-629af813c58f/build]   | 20:09:42.583 [main] DEBUG com.walmartlabs.x12.dex.dx894.DefaultDex894Parser - parseDexTransactionLoop:13
[bc2f533f-1211-4227-8f1f-629af813c58f/build]   | 20:09:42.583 [main] DEBUG com.walmartlabs.x12.dex.dx894.DefaultDex894Parser - LS
[bc2f533f-1211-4227-8f1f-629af813c58f/build]   | 20:09:42.583 [main] DEBUG com.walmartlabs.x12.dex.dx894.DefaultDex894Parser - parseDexItem:14
[bc2f533f-1211-4227-8f1f-629af813c58f/build]   | 20:09:42.583 [main] DEBUG com.walmartlabs.x12.dex.dx894.DefaultDex894Parser - G83
[bc2f533f-1211-4227-8f1f-629af813c58f/build]   | 20:09:42.584 [main] DEBUG com.walmartlabs.x12.dex.dx894.DefaultDex894Parser - G72
[bc2f533f-1211-4227-8f1f-629af813c58f/build]   | 20:09:42.584 [main] DEBUG com.walmartlabs.x12.dex.dx894.DefaultDex894Parser - LE
[bc2f533f-1211-4227-8f1f-629af813c58f/build]   | 20:09:42.584 [main] DEBUG com.walmartlabs.x12.dex.dx894.DefaultDex894Parser - G84
[bc2f533f-1211-4227-8f1f-629af813c58f/build]   | 20:09:42.584 [main] DEBUG com.walmartlabs.x12.dex.dx894.DefaultDex894Parser - G86
[bc2f533f-1211-4227-8f1f-629af813c58f/build]   | 20:09:42.584 [main] DEBUG com.walmartlabs.x12.dex.dx894.DefaultDex894Parser - G85
[bc2f533f-1211-4227-8f1f-629af813c58f/build]   | 20:09:42.584 [main] DEBUG com.walmartlabs.x12.dex.dx894.DefaultDex894Parser - SE
[bc2f533f-1211-4227-8f1f-629af813c58f/build]   | 20:09:42.584 [main] DEBUG com.walmartlabs.x12.dex.dx894.DefaultDex894Parser - DXE
[bc2f533f-1211-4227-8f1f-629af813c58f/build]   | 20:09:42.586 [main] DEBUG com.walmartlabs.x12.dex.dx894.DefaultDex894Parser - DXS
[bc2f533f-1211-4227-8f1f-629af813c58f/build]   | 20:09:42.586 [main] DEBUG com.walmartlabs.x12.dex.dx894.DefaultDex894Parser - parseDexTransaction:1
[bc2f533f-1211-4227-8f1f-629af813c58f/build]   | 20:09:42.586 [main] DEBUG com.walmartlabs.x12.dex.dx894.DefaultDex894Parser - ST
[bc2f533f-1211-4227-8f1f-629af813c58f/build]   | 20:09:42.586 [main] DEBUG com.walmartlabs.x12.dex.dx894.DefaultDex894Parser - G82
[bc2f533f-1211-4227-8f1f-629af813c58f/build]   | 20:09:42.586 [main] DEBUG com.walmartlabs.x12.dex.dx894.DefaultDex894Parser - parseDexTransactionLoop:3
[bc2f533f-1211-4227-8f1f-629af813c58f/build]   | 20:09:42.586 [main] DEBUG com.walmartlabs.x12.dex.dx894.DefaultDex894Parser - LS
[bc2f533f-1211-4227-8f1f-629af813c58f/build]   | 20:09:42.586 [main] DEBUG com.walmartlabs.x12.dex.dx894.DefaultDex894Parser - parseDexItem:4
[bc2f533f-1211-4227-8f1f-629af813c58f/build]   | 20:09:42.587 [main] DEBUG com.walmartlabs.x12.dex.dx894.DefaultDex894Parser - G83
[bc2f533f-1211-4227-8f1f-629af813c58f/build]   | 20:09:42.587 [main] DEBUG com.walmartlabs.x12.dex.dx894.DefaultDex894Parser - G72
[bc2f533f-1211-4227-8f1f-629af813c58f/build]   | 20:09:42.587 [main] DEBUG com.walmartlabs.x12.dex.dx894.DefaultDex894Parser - parseDexItem:6
[bc2f533f-1211-4227-8f1f-629af813c58f/build]   | 20:09:42.587 [main] DEBUG com.walmartlabs.x12.dex.dx894.DefaultDex894Parser - G83
[bc2f533f-1211-4227-8f1f-629af813c58f/build]   | 20:09:42.587 [main] DEBUG com.walmartlabs.x12.dex.dx894.DefaultDex894Parser - G72
[bc2f533f-1211-4227-8f1f-629af813c58f/build]   | 20:09:42.587 [main] DEBUG com.walmartlabs.x12.dex.dx894.DefaultDex894Parser - parseDexItem:8
[bc2f533f-1211-4227-8f1f-629af813c58f/build]   | 20:09:42.587 [main] DEBUG com.walmartlabs.x12.dex.dx894.DefaultDex894Parser - G83
[bc2f533f-1211-4227-8f1f-629af813c58f/build]   | 20:09:42.587 [main] DEBUG com.walmartlabs.x12.dex.dx894.DefaultDex894Parser - G72
[bc2f533f-1211-4227-8f1f-629af813c58f/build]   | 20:09:42.587 [main] DEBUG com.walmartlabs.x12.dex.dx894.DefaultDex894Parser - parseDexItem:10
[bc2f533f-1211-4227-8f1f-629af813c58f/build]   | 20:09:42.587 [main] DEBUG com.walmartlabs.x12.dex.dx894.DefaultDex894Parser - G83
[bc2f533f-1211-4227-8f1f-629af813c58f/build]   | 20:09:42.587 [main] DEBUG com.walmartlabs.x12.dex.dx894.DefaultDex894Parser - G72
[bc2f533f-1211-4227-8f1f-629af813c58f/build]   | 20:09:42.587 [main] DEBUG com.walmartlabs.x12.dex.dx894.DefaultDex894Parser - parseDexItem:12
[bc2f533f-1211-4227-8f1f-629af813c58f/build]   | 20:09:42.587 [main] DEBUG com.walmartlabs.x12.dex.dx894.DefaultDex894Parser - G83
[bc2f533f-1211-4227-8f1f-629af813c58f/build]   | 20:09:42.587 [main] DEBUG com.walmartlabs.x12.dex.dx894.DefaultDex894Parser - G72
[bc2f533f-1211-4227-8f1f-629af813c58f/build]   | 20:09:42.588 [main] DEBUG com.walmartlabs.x12.dex.dx894.DefaultDex894Parser - parseDexItem:14
[bc2f533f-1211-4227-8f1f-629af813c58f/build]   | 20:09:42.588 [main] DEBUG com.walmartlabs.x12.dex.dx894.DefaultDex894Parser - G83
[bc2f533f-1211-4227-8f1f-629af813c58f/build]   | 20:09:42.588 [main] DEBUG com.walmartlabs.x12.dex.dx894.DefaultDex894Parser - G72
[bc2f533f-1211-4227-8f1f-629af813c58f/build]   | 20:09:42.588 [main] DEBUG com.walmartlabs.x12.dex.dx894.DefaultDex894Parser - parseDexItem:16
[bc2f533f-1211-4227-8f1f-629af813c58f/build]   | 20:09:42.588 [main] DEBUG com.walmartlabs.x12.dex.dx894.DefaultDex894Parser - G83
[bc2f533f-1211-4227-8f1f-629af813c58f/build]   | 20:09:42.588 [main] DEBUG com.walmartlabs.x12.dex.dx894.DefaultDex894Parser - G72
[bc2f533f-1211-4227-8f1f-629af813c58f/build]   | 20:09:42.588 [main] DEBUG com.walmartlabs.x12.dex.dx894.DefaultDex894Parser - parseDexItem:18
[bc2f533f-1211-4227-8f1f-629af813c58f/build]   | 20:09:42.588 [main] DEBUG com.walmartlabs.x12.dex.dx894.DefaultDex894Parser - G83
[bc2f533f-1211-4227-8f1f-629af813c58f/build]   | 20:09:42.588 [main] DEBUG com.walmartlabs.x12.dex.dx894.DefaultDex894Parser - G72
[bc2f533f-1211-4227-8f1f-629af813c58f/build]   | 20:09:42.588 [main] DEBUG com.walmartlabs.x12.dex.dx894.DefaultDex894Parser - parseDexItem:20
[bc2f533f-1211-4227-8f1f-629af813c58f/build]   | 20:09:42.588 [main] DEBUG com.walmartlabs.x12.dex.dx894.DefaultDex894Parser - G83
[bc2f533f-1211-4227-8f1f-629af813c58f/build]   | 20:09:42.588 [main] DEBUG com.walmartlabs.x12.dex.dx894.DefaultDex894Parser - parseDexItem:21
[bc2f533f-1211-4227-8f1f-629af813c58f/build]   | 20:09:42.588 [main] DEBUG com.walmartlabs.x12.dex.dx894.DefaultDex894Parser - G83
[bc2f533f-1211-4227-8f1f-629af813c58f/build]   | 20:09:42.589 [main] DEBUG com.walmartlabs.x12.dex.dx894.DefaultDex894Parser - parseDexItem:22
[bc2f533f-1211-4227-8f1f-629af813c58f/build]   | 20:09:42.589 [main] DEBUG com.walmartlabs.x12.dex.dx894.DefaultDex894Parser - G83
[bc2f533f-1211-4227-8f1f-629af813c58f/build]   | 20:09:42.589 [main] DEBUG com.walmartlabs.x12.dex.dx894.DefaultDex894Parser - parseDexItem:23
[bc2f533f-1211-4227-8f1f-629af813c58f/build]   | 20:09:42.589 [main] DEBUG com.walmartlabs.x12.dex.dx894.DefaultDex894Parser - G83
[bc2f533f-1211-4227-8f1f-629af813c58f/build]   | 20:09:42.589 [main] DEBUG com.walmartlabs.x12.dex.dx894.DefaultDex894Parser - G72
[bc2f533f-1211-4227-8f1f-629af813c58f/build]   | 20:09:42.589 [main] DEBUG com.walmartlabs.x12.dex.dx894.DefaultDex894Parser - parseDexItem:25
[bc2f533f-1211-4227-8f1f-629af813c58f/build]   | 20:09:42.589 [main] DEBUG com.walmartlabs.x12.dex.dx894.DefaultDex894Parser - G83
[bc2f533f-1211-4227-8f1f-629af813c58f/build]   | 20:09:42.589 [main] DEBUG com.walmartlabs.x12.dex.dx894.DefaultDex894Parser - parseDexItem:26
[bc2f533f-1211-4227-8f1f-629af813c58f/build]   | 20:09:42.589 [main] DEBUG com.walmartlabs.x12.dex.dx894.DefaultDex894Parser - G83
[bc2f533f-1211-4227-8f1f-629af813c58f/build]   | 20:09:42.589 [main] DEBUG com.walmartlabs.x12.dex.dx894.DefaultDex894Parser - G72
[bc2f533f-1211-4227-8f1f-629af813c58f/build]   | 20:09:42.589 [main] DEBUG com.walmartlabs.x12.dex.dx894.DefaultDex894Parser - parseDexItem:28
[bc2f533f-1211-4227-8f1f-629af813c58f/build]   | 20:09:42.589 [main] DEBUG com.walmartlabs.x12.dex.dx894.DefaultDex894Parser - G83
[bc2f533f-1211-4227-8f1f-629af813c58f/build]   | 20:09:42.589 [main] DEBUG com.walmartlabs.x12.dex.dx894.DefaultDex894Parser - G72
[bc2f533f-1211-4227-8f1f-629af813c58f/build]   | 20:09:42.590 [main] DEBUG com.walmartlabs.x12.dex.dx894.DefaultDex894Parser - parseDexItem:30
[bc2f533f-1211-4227-8f1f-629af813c58f/build]   | 20:09:42.590 [main] DEBUG com.walmartlabs.x12.dex.dx894.DefaultDex894Parser - G83
[bc2f533f-1211-4227-8f1f-629af813c58f/build]   | 20:09:42.590 [main] DEBUG com.walmartlabs.x12.dex.dx894.DefaultDex894Parser - G72
[bc2f533f-1211-4227-8f1f-629af813c58f/build]   | 20:09:42.590 [main] DEBUG com.walmartlabs.x12.dex.dx894.DefaultDex894Parser - parseDexItem:32
[bc2f533f-1211-4227-8f1f-629af813c58f/build]   | 20:09:42.590 [main] DEBUG com.walmartlabs.x12.dex.dx894.DefaultDex894Parser - G83
[bc2f533f-1211-4227-8f1f-629af813c58f/build]   | 20:09:42.590 [main] DEBUG com.walmartlabs.x12.dex.dx894.DefaultDex894Parser - G72
[bc2f533f-1211-4227-8f1f-629af813c58f/build]   | 20:09:42.590 [main] DEBUG com.walmartlabs.x12.dex.dx894.DefaultDex894Parser - parseDexItem:34
[bc2f533f-1211-4227-8f1f-629af813c58f/build]   | 20:09:42.590 [main] DEBUG com.walmartlabs.x12.dex.dx894.DefaultDex894Parser - G83
[bc2f533f-1211-4227-8f1f-629af813c58f/build]   | 20:09:42.590 [main] DEBUG com.walmartlabs.x12.dex.dx894.DefaultDex894Parser - G72
[bc2f533f-1211-4227-8f1f-629af813c58f/build]   | 20:09:42.590 [main] DEBUG com.walmartlabs.x12.dex.dx894.DefaultDex894Parser - parseDexItem:36
[bc2f533f-1211-4227-8f1f-629af813c58f/build]   | 20:09:42.590 [main] DEBUG com.walmartlabs.x12.dex.dx894.DefaultDex894Parser - G83
[bc2f533f-1211-4227-8f1f-629af813c58f/build]   | 20:09:42.590 [main] DEBUG com.walmartlabs.x12.dex.dx894.DefaultDex894Parser - G72
[bc2f533f-1211-4227-8f1f-629af813c58f/build]   | 20:09:42.590 [main] DEBUG com.walmartlabs.x12.dex.dx894.DefaultDex894Parser - LE
[bc2f533f-1211-4227-8f1f-629af813c58f/build]   | 20:09:42.591 [main] DEBUG com.walmartlabs.x12.dex.dx894.DefaultDex894Parser - G84
[bc2f533f-1211-4227-8f1f-629af813c58f/build]   | 20:09:42.591 [main] DEBUG com.walmartlabs.x12.dex.dx894.DefaultDex894Parser - G86
[bc2f533f-1211-4227-8f1f-629af813c58f/build]   | 20:09:42.591 [main] DEBUG com.walmartlabs.x12.dex.dx894.DefaultDex894Parser - G85
[bc2f533f-1211-4227-8f1f-629af813c58f/build]   | 20:09:42.591 [main] DEBUG com.walmartlabs.x12.dex.dx894.DefaultDex894Parser - SE
[bc2f533f-1211-4227-8f1f-629af813c58f/build]   | 20:09:42.591 [main] DEBUG com.walmartlabs.x12.dex.dx894.DefaultDex894Parser - DXE
[bc2f533f-1211-4227-8f1f-629af813c58f/build]   | 20:09:42.593 [main] DEBUG com.walmartlabs.x12.dex.dx894.DefaultDex894Parser - DXS
[bc2f533f-1211-4227-8f1f-629af813c58f/build]   | 20:09:42.593 [main] DEBUG com.walmartlabs.x12.dex.dx894.DefaultDex894Parser - parseDexTransaction:1
[bc2f533f-1211-4227-8f1f-629af813c58f/build]   | 20:09:42.593 [main] DEBUG com.walmartlabs.x12.dex.dx894.DefaultDex894Parser - ST
[bc2f533f-1211-4227-8f1f-629af813c58f/build]   | 20:09:42.593 [main] DEBUG com.walmartlabs.x12.dex.dx894.DefaultDex894Parser - G82
[bc2f533f-1211-4227-8f1f-629af813c58f/build]   | 20:09:42.593 [main] DEBUG com.walmartlabs.x12.dex.dx894.DefaultDex894Parser - parseDexTransactionLoop:3
[bc2f533f-1211-4227-8f1f-629af813c58f/build]   | 20:09:42.593 [main] DEBUG com.walmartlabs.x12.dex.dx894.DefaultDex894Parser - LS
[bc2f533f-1211-4227-8f1f-629af813c58f/build]   | 20:09:42.593 [main] DEBUG com.walmartlabs.x12.dex.dx894.DefaultDex894Parser - parseDexItem:4
[bc2f533f-1211-4227-8f1f-629af813c58f/build]   | 20:09:42.593 [main] DEBUG com.walmartlabs.x12.dex.dx894.DefaultDex894Parser - G83
[bc2f533f-1211-4227-8f1f-629af813c58f/build]   | 20:09:42.593 [main] DEBUG com.walmartlabs.x12.dex.dx894.DefaultDex894Parser - LE
[bc2f533f-1211-4227-8f1f-629af813c58f/build]   | 20:09:42.593 [main] DEBUG com.walmartlabs.x12.dex.dx894.DefaultDex894Parser - G84
[bc2f533f-1211-4227-8f1f-629af813c58f/build]   | 20:09:42.593 [main] DEBUG com.walmartlabs.x12.dex.dx894.DefaultDex894Parser - G86
[bc2f533f-1211-4227-8f1f-629af813c58f/build]   | 20:09:42.594 [main] DEBUG com.walmartlabs.x12.dex.dx894.DefaultDex894Parser - G85
[bc2f533f-1211-4227-8f1f-629af813c58f/build]   | 20:09:42.594 [main] DEBUG com.walmartlabs.x12.dex.dx894.DefaultDex894Parser - SE
[bc2f533f-1211-4227-8f1f-629af813c58f/build]   | 20:09:42.594 [main] DEBUG com.walmartlabs.x12.dex.dx894.DefaultDex894Parser - DXE
[bc2f533f-1211-4227-8f1f-629af813c58f/build]   | 20:09:42.595 [main] DEBUG com.walmartlabs.x12.dex.dx894.DefaultDex894Parser - DXS
[bc2f533f-1211-4227-8f1f-629af813c58f/build]   | 20:09:42.595 [main] DEBUG com.walmartlabs.x12.dex.dx894.DefaultDex894Parser - parseDexTransaction:1
[bc2f533f-1211-4227-8f1f-629af813c58f/build]   | 20:09:42.595 [main] DEBUG com.walmartlabs.x12.dex.dx894.DefaultDex894Parser - ST
[bc2f533f-1211-4227-8f1f-629af813c58f/build]   | 20:09:42.595 [main] DEBUG com.walmartlabs.x12.dex.dx894.DefaultDex894Parser - G82
[bc2f533f-1211-4227-8f1f-629af813c58f/build]   | 20:09:42.595 [main] DEBUG com.walmartlabs.x12.dex.dx894.DefaultDex894Parser - parseDexTransactionLoop:3
[bc2f533f-1211-4227-8f1f-629af813c58f/build]   | 20:09:42.595 [main] DEBUG com.walmartlabs.x12.dex.dx894.DefaultDex894Parser - LS
[bc2f533f-1211-4227-8f1f-629af813c58f/build]   | 20:09:42.595 [main] DEBUG com.walmartlabs.x12.dex.dx894.DefaultDex894Parser - parseDexItem:4
[bc2f533f-1211-4227-8f1f-629af813c58f/build]   | 20:09:42.595 [main] DEBUG com.walmartlabs.x12.dex.dx894.DefaultDex894Parser - G83
[bc2f533f-1211-4227-8f1f-629af813c58f/build]   | 20:09:42.595 [main] DEBUG com.walmartlabs.x12.dex.dx894.DefaultDex894Parser - G22
[bc2f533f-1211-4227-8f1f-629af813c58f/build]   | 20:09:42.595 [main] DEBUG com.walmartlabs.x12.dex.dx894.DefaultDex894Parser - G72
[bc2f533f-1211-4227-8f1f-629af813c58f/build]   | 20:09:42.595 [main] DEBUG com.walmartlabs.x12.dex.dx894.DefaultDex894Parser - parseDexItem:7
[bc2f533f-1211-4227-8f1f-629af813c58f/build]   | 20:09:42.595 [main] DEBUG com.walmartlabs.x12.dex.dx894.DefaultDex894Parser - G83
[bc2f533f-1211-4227-8f1f-629af813c58f/build]   | 20:09:42.595 [main] DEBUG com.walmartlabs.x12.dex.dx894.DefaultDex894Parser - G22
[bc2f533f-1211-4227-8f1f-629af813c58f/build]   | 20:09:42.595 [main] DEBUG com.walmartlabs.x12.dex.dx894.DefaultDex894Parser - LE
[bc2f533f-1211-4227-8f1f-629af813c58f/build]   | 20:09:42.595 [main] DEBUG com.walmartlabs.x12.dex.dx894.DefaultDex894Parser - G84
[bc2f533f-1211-4227-8f1f-629af813c58f/build]   | 20:09:42.596 [main] DEBUG com.walmartlabs.x12.dex.dx894.DefaultDex894Parser - G86
[bc2f533f-1211-4227-8f1f-629af813c58f/build]   | 20:09:42.596 [main] DEBUG com.walmartlabs.x12.dex.dx894.DefaultDex894Parser - G85
[bc2f533f-1211-4227-8f1f-629af813c58f/build]   | 20:09:42.596 [main] DEBUG com.walmartlabs.x12.dex.dx894.DefaultDex894Parser - SE
[bc2f533f-1211-4227-8f1f-629af813c58f/build]   | 20:09:42.596 [main] DEBUG com.walmartlabs.x12.dex.dx894.DefaultDex894Parser - DXE
[bc2f533f-1211-4227-8f1f-629af813c58f/build]   | 20:09:42.597 [main] DEBUG com.walmartlabs.x12.dex.dx894.DefaultDex894Parser - DXS
[bc2f533f-1211-4227-8f1f-629af813c58f/build]   | 20:09:42.597 [main] DEBUG com.walmartlabs.x12.dex.dx894.DefaultDex894Parser - parseDexTransaction:1
[bc2f533f-1211-4227-8f1f-629af813c58f/build]   | 20:09:42.597 [main] DEBUG com.walmartlabs.x12.dex.dx894.DefaultDex894Parser - ST
[bc2f533f-1211-4227-8f1f-629af813c58f/build]   | 20:09:42.597 [main] DEBUG com.walmartlabs.x12.dex.dx894.DefaultDex894Parser - G82
[bc2f533f-1211-4227-8f1f-629af813c58f/build]   | 20:09:42.597 [main] DEBUG com.walmartlabs.x12.dex.dx894.DefaultDex894Parser - parseDexTransactionLoop:3
[bc2f533f-1211-4227-8f1f-629af813c58f/build]   | 20:09:42.597 [main] DEBUG com.walmartlabs.x12.dex.dx894.DefaultDex894Parser - LS
[bc2f533f-1211-4227-8f1f-629af813c58f/build]   | 20:09:42.597 [main] DEBUG com.walmartlabs.x12.dex.dx894.DefaultDex894Parser - parseDexItem:4
[bc2f533f-1211-4227-8f1f-629af813c58f/build]   | 20:09:42.597 [main] DEBUG com.walmartlabs.x12.dex.dx894.DefaultDex894Parser - G83
[bc2f533f-1211-4227-8f1f-629af813c58f/build]   | 20:09:42.597 [main] DEBUG com.walmartlabs.x12.dex.dx894.DefaultDex894Parser - LE
[bc2f533f-1211-4227-8f1f-629af813c58f/build]   | 20:09:42.597 [main] DEBUG com.walmartlabs.x12.dex.dx894.DefaultDex894Parser - G84
[bc2f533f-1211-4227-8f1f-629af813c58f/build]   | 20:09:42.601 [main] DEBUG com.walmartlabs.x12.dex.dx894.DefaultDex894Parser - G86
[bc2f533f-1211-4227-8f1f-629af813c58f/build]   | 20:09:42.601 [main] DEBUG com.walmartlabs.x12.dex.dx894.DefaultDex894Parser - G85
[bc2f533f-1211-4227-8f1f-629af813c58f/build]   | 20:09:42.601 [main] DEBUG com.walmartlabs.x12.dex.dx894.DefaultDex894Parser - SE
[bc2f533f-1211-4227-8f1f-629af813c58f/build]   | 20:09:42.601 [main] DEBUG com.walmartlabs.x12.dex.dx894.DefaultDex894Parser - DXE
[bc2f533f-1211-4227-8f1f-629af813c58f/build]   | [INFO] Tests run: 5, Failures: 0, Errors: 0, Skipped: 0, Time elapsed: 0.004 s - in com.walmartlabs.x12.dex.dx894.DefaultDex894ParseValidateTest
[bc2f533f-1211-4227-8f1f-629af813c58f/build]   | [INFO] Running com.walmartlabs.x12.dex.dx894.DefaultDex894ParserDxsSegmentTest
[bc2f533f-1211-4227-8f1f-629af813c58f/build]   | 20:09:42.605 [main] DEBUG com.walmartlabs.x12.dex.dx894.DefaultDex894Parser - DXE
[bc2f533f-1211-4227-8f1f-629af813c58f/build]   | 20:09:42.605 [main] DEBUG com.walmartlabs.x12.dex.dx894.DefaultDex894Parser - DXS
[bc2f533f-1211-4227-8f1f-629af813c58f/build]   | 20:09:42.606 [main] DEBUG com.walmartlabs.x12.dex.dx894.DefaultDex894Parser - DXE
[bc2f533f-1211-4227-8f1f-629af813c58f/build]   | 20:09:42.607 [main] DEBUG com.walmartlabs.x12.dex.dx894.DefaultDex894Parser - DXE
[bc2f533f-1211-4227-8f1f-629af813c58f/build]   | 20:09:42.607 [main] DEBUG com.walmartlabs.x12.dex.dx894.DefaultDex894Parser - DXS
[bc2f533f-1211-4227-8f1f-629af813c58f/build]   | 20:09:42.608 [main] DEBUG com.walmartlabs.x12.dex.dx894.DefaultDex894Parser - DXS
[bc2f533f-1211-4227-8f1f-629af813c58f/build]   | 20:09:42.608 [main] DEBUG com.walmartlabs.x12.dex.dx894.DefaultDex894Parser - DXS
[bc2f533f-1211-4227-8f1f-629af813c58f/build]   | 20:09:42.608 [main] DEBUG com.walmartlabs.x12.dex.dx894.DefaultDex894Parser - DXS
[bc2f533f-1211-4227-8f1f-629af813c58f/build]   | [INFO] Tests run: 8, Failures: 0, Errors: 0, Skipped: 0, Time elapsed: 0 s - in com.walmartlabs.x12.dex.dx894.DefaultDex894ParserDxsSegmentTest
[bc2f533f-1211-4227-8f1f-629af813c58f/build]   | [INFO] Running com.walmartlabs.x12.util.RetailSellingUnitUtilTest
[bc2f533f-1211-4227-8f1f-629af813c58f/build]   | [INFO] Tests run: 20, Failures: 0, Errors: 0, Skipped: 0, Time elapsed: 0.001 s - in com.walmartlabs.x12.util.RetailSellingUnitUtilTest
[bc2f533f-1211-4227-8f1f-629af813c58f/build]   | [INFO] Running com.walmartlabs.x12.util.VersionUtilTest
[bc2f533f-1211-4227-8f1f-629af813c58f/build]   | [INFO] Tests run: 3, Failures: 0, Errors: 0, Skipped: 0, Time elapsed: 0 s - in com.walmartlabs.x12.util.VersionUtilTest
[bc2f533f-1211-4227-8f1f-629af813c58f/build]   | [INFO] 
[bc2f533f-1211-4227-8f1f-629af813c58f/build]   | [INFO] Results:
[bc2f533f-1211-4227-8f1f-629af813c58f/build]   | [INFO] 
[bc2f533f-1211-4227-8f1f-629af813c58f/build]   | [ERROR] Failures: 
[bc2f533f-1211-4227-8f1f-629af813c58f/build]   | [ERROR]   DefaultDex894ValidatorTest.test_checkForDuplicateInvoiceNumbersWithDuplicate:247 expected:<[D]uplicate invoice num...> but was:<[d]uplicate invoice num...>
[bc2f533f-1211-4227-8f1f-629af813c58f/build]   | [ERROR]   DefaultDex894ValidatorTest.test_validateAllowance_MissingAllowanceCode:883 expected:<[M]issing allowance cod...> but was:<[m]issing allowance cod...>
[bc2f533f-1211-4227-8f1f-629af813c58f/build]   | [ERROR]   DefaultDex894ValidatorTest.test_validateAllowance_MissingAmount:915 expected:<[M]ust have allowance r...> but was:<[m]ust have allowance r...>
[bc2f533f-1211-4227-8f1f-629af813c58f/build]   | [ERROR]   DefaultDex894ValidatorTest.test_validateAllowance_MissingMethodHandling:899 expected:<[M]issing method of han...> but was:<[m]issing method of han...>
[bc2f533f-1211-4227-8f1f-629af813c58f/build]   | [ERROR]   DefaultDex894ValidatorTest.test_validateAllowance_empty:857 expected:<[M]issing allowance cod...> but was:<[m]issing allowance cod...>
[bc2f533f-1211-4227-8f1f-629af813c58f/build]   | [ERROR]   DefaultDex894ValidatorTest.test_validateItems_empty_product_id_5010:650 expected:<[M]issing consumer UPC> but was:<[m]issing consumer UPC>
[bc2f533f-1211-4227-8f1f-629af813c58f/build]   | [ERROR]   DefaultDex894ValidatorTest.test_validateItems_empty_upc_4010:618 expected:<[M]issing consumer UPC> but was:<[m]issing consumer UPC>
[bc2f533f-1211-4227-8f1f-629af813c58f/build]   | [ERROR]   DefaultDex894ValidatorTest.test_validateItems_missing_product_type_5010:666 expected:<[M]issing consumer qual...> but was:<[m]issing consumer qual...>
[bc2f533f-1211-4227-8f1f-629af813c58f/build]   | [ERROR]   DefaultDex894ValidatorTest.test_validateItems_missing_quantity_4010:472 expected:<[M]issing quantity> but was:<[m]issing quantity>
[bc2f533f-1211-4227-8f1f-629af813c58f/build]   | [ERROR]   DefaultDex894ValidatorTest.test_validateItems_missing_quantity_5010:488 expected:<[M]issing quantity> but was:<[m]issing quantity>
[bc2f533f-1211-4227-8f1f-629af813c58f/build]   | [ERROR]   DefaultDex894ValidatorTest.test_validateItems_missing_uom_4010:537 expected:<[M]issing/unknown unit ...> but was:<[m]issing/unknown unit ...>
[bc2f533f-1211-4227-8f1f-629af813c58f/build]   | [ERROR]   DefaultDex894ValidatorTest.test_validateItems_missing_uom_5010:553 expected:<[M]issing/unknown unit ...> but was:<[m]issing/unknown unit ...>
[bc2f533f-1211-4227-8f1f-629af813c58f/build]   | [ERROR]   DefaultDex894ValidatorTest.test_validateItems_negative_quantity_4010:504 expected:<[Q]uantity must be posi...> but was:<[q]uantity must be posi...>
[bc2f533f-1211-4227-8f1f-629af813c58f/build]   | [ERROR]   DefaultDex894ValidatorTest.test_validateItems_negative_quantity_5010:520 expected:<[Q]uantity must be posi...> but was:<[q]uantity must be posi...>
[bc2f533f-1211-4227-8f1f-629af813c58f/build]   | [ERROR]   DefaultDex894ValidatorTest.test_validateItems_null_product_id_5010:634 expected:<[M]issing consumer UPC> but was:<[m]issing consumer UPC>
[bc2f533f-1211-4227-8f1f-629af813c58f/build]   | [ERROR]   DefaultDex894ValidatorTest.test_validateItems_null_upc_4010:602 expected:<[M]issing consumer UPC> but was:<[m]issing consumer UPC>
[bc2f533f-1211-4227-8f1f-629af813c58f/build]   | [ERROR]   DefaultDex894ValidatorTest.test_validateItems_unknown_uom_4010:569 expected:<[M]issing/unknown unit ...> but was:<[m]issing/unknown unit ...>
[bc2f533f-1211-4227-8f1f-629af813c58f/build]   | [ERROR]   DefaultDex894ValidatorTest.test_validateItems_unknown_uom_5010:585 expected:<[M]issing/unknown unit ...> but was:<[m]issing/unknown unit ...>
[bc2f533f-1211-4227-8f1f-629af813c58f/build]   | [ERROR]   DefaultDex894ValidatorTest.test_validateItems_with_case_upc_missing_4010:699 expected:<[M]issing case UPC> but was:<[m]issing case UPC>
[bc2f533f-1211-4227-8f1f-629af813c58f/build]   | [ERROR]   DefaultDex894ValidatorTest.test_validateItems_with_case_upc_missing_5010:756 expected:<[M]issing case UPC> but was:<[m]issing case UPC>
[bc2f533f-1211-4227-8f1f-629af813c58f/build]   | [ERROR]   DefaultDex894ValidatorTest.test_validateItems_with_case_upc_missing_pack_count_4010:718 expected:<[M]issing case count> but was:<[m]issing case count>
[bc2f533f-1211-4227-8f1f-629af813c58f/build]   | [ERROR]   DefaultDex894ValidatorTest.test_validateItems_with_case_upc_missing_pack_count_5010:802 expected:<[M]issing case count> but was:<[m]issing case count>
[bc2f533f-1211-4227-8f1f-629af813c58f/build]   | [ERROR]   DefaultDex894ValidatorTest.test_validateItems_with_case_upc_missing_pack_count_5010_with_4010_data:824 expected:<[M]issing consumer qual...> but was:<[m]issing consumer qual...>
[bc2f533f-1211-4227-8f1f-629af813c58f/build]   | [ERROR]   DefaultDex894ValidatorTest.test_validateItems_with_case_upc_qualifier_missing_5010:779 expected:<[M]issing case qualifie...> but was:<[m]issing case qualifie...>
[bc2f533f-1211-4227-8f1f-629af813c58f/build]   | [ERROR]   DefaultDex894ValidatorTest.test_validateTransactions_invalid_supplier_date_4010:421 expected:<[D]ate must be in YYYYM...> but was:<[d]ate must be in YYYYM...>
[bc2f533f-1211-4227-8f1f-629af813c58f/build]   | [ERROR]   DefaultDex894ValidatorTest.test_validateTransactions_invalid_supplier_date_5010:436 expected:<[D]ate must be in YYYYM...> but was:<[d]ate must be in YYYYM...>
[bc2f533f-1211-4227-8f1f-629af813c58f/build]   | [ERROR]   DefaultDex894ValidatorTest.test_validateTransactions_missing_supplier_date_4010:391 expected:<[M]issing supplier date> but was:<[m]issing supplier date>
[bc2f533f-1211-4227-8f1f-629af813c58f/build]   | [ERROR]   DefaultDex894ValidatorTest.test_validateTransactions_missing_supplier_date_5010:406 expected:<[M]issing supplier date> but was:<[m]issing supplier date>
[bc2f533f-1211-4227-8f1f-629af813c58f/build]   | [ERROR]   DefaultDex894ValidatorTest.test_validateTransactions_missing_supplier_number_4010:331 expected:<[M]issing supplier numb...> but was:<[m]issing supplier numb...>
[bc2f533f-1211-4227-8f1f-629af813c58f/build]   | [ERROR]   DefaultDex894ValidatorTest.test_validateTransactions_missing_supplier_number_5010:346 expected:<[M]issing supplier numb...> but was:<[m]issing supplier numb...>
[bc2f533f-1211-4227-8f1f-629af813c58f/build]   | [ERROR]   DefaultDex894ValidatorTest.test_validateTransactions_null_supplier_date_4010:361 expected:<[M]issing supplier date> but was:<[m]issing supplier date>
[bc2f533f-1211-4227-8f1f-629af813c58f/build]   | [ERROR]   DefaultDex894ValidatorTest.test_validateTransactions_null_supplier_date_5010:376 expected:<[M]issing supplier date> but was:<[m]issing supplier date>
[bc2f533f-1211-4227-8f1f-629af813c58f/build]   | [ERROR]   DefaultDex894ValidatorTest.test_validateTransactions_null_supplier_number_4010:301 expected:<[M]issing supplier numb...> but was:<[m]issing supplier numb...>
[bc2f533f-1211-4227-8f1f-629af813c58f/build]   | [ERROR]   DefaultDex894ValidatorTest.test_validateTransactions_null_supplier_number_5010:316 expected:<[M]issing supplier numb...> but was:<[m]issing supplier numb...>
[bc2f533f-1211-4227-8f1f-629af813c58f/build]   | [ERROR]   DefaultDex894ValidatorTest.test_validate_missingSupplierNumber_and_duplicates:98 expected:<[D]uplicate invoice num...> but was:<[d]uplicate invoice num...>
[bc2f533f-1211-4227-8f1f-629af813c58f/build]   | [INFO] 
[bc2f533f-1211-4227-8f1f-629af813c58f/build]   | [ERROR] Tests run: 157, Failures: 35, Errors: 0, Skipped: 0
[bc2f533f-1211-4227-8f1f-629af813c58f/build]   | [INFO] 
[bc2f533f-1211-4227-8f1f-629af813c58f/build]   | [INFO] ------------------------------------------------------------------------
[bc2f533f-1211-4227-8f1f-629af813c58f/build]   | [INFO] BUILD FAILURE
[bc2f533f-1211-4227-8f1f-629af813c58f/build]   | [INFO] ------------------------------------------------------------------------
[bc2f533f-1211-4227-8f1f-629af813c58f/build]   | [INFO] Total time:  44.022 s
[bc2f533f-1211-4227-8f1f-629af813c58f/build]   | [INFO] Finished at: 2023-07-12T20:09:43Z
[bc2f533f-1211-4227-8f1f-629af813c58f/build]   | [INFO] ------------------------------------------------------------------------
[bc2f533f-1211-4227-8f1f-629af813c58f/build]   | [ERROR] Failed to execute goal org.apache.maven.plugins:maven-surefire-plugin:2.21.0:test (default-test) on project gozer: There are test failures.
[bc2f533f-1211-4227-8f1f-629af813c58f/build]   | [ERROR] 
[bc2f533f-1211-4227-8f1f-629af813c58f/build]   | [ERROR] Please refer to /tmp/f7baf3ce-9adb-4632-aeb3-b775f6ef6c39/target/surefire-reports for the individual test results.
[bc2f533f-1211-4227-8f1f-629af813c58f/build]   | [ERROR] Please refer to dump files (if any exist) [date]-jvmRun[N].dump, [date].dumpstream and [date]-jvmRun[N].dumpstream.
[bc2f533f-1211-4227-8f1f-629af813c58f/build]   | [ERROR] -> [Help 1]
[bc2f533f-1211-4227-8f1f-629af813c58f/build]   | [ERROR] 
[bc2f533f-1211-4227-8f1f-629af813c58f/build]   | [ERROR] To see the full stack trace of the errors, re-run Maven with the -e switch.
[bc2f533f-1211-4227-8f1f-629af813c58f/build]   | [ERROR] Re-run Maven using the -X switch to enable full debug logging.
[bc2f533f-1211-4227-8f1f-629af813c58f/build]   | [ERROR] 
[bc2f533f-1211-4227-8f1f-629af813c58f/build]   | [ERROR] For more information about the errors and possible solutions, please read the following articles:
[bc2f533f-1211-4227-8f1f-629af813c58f/build]   | [ERROR] [Help 1] http://cwiki.apache.org/confluence/display/MAVEN/MojoFailureException
[bc2f533f-1211-4227-8f1f-629af813c58f/build]   ‚ùå  Failure - Main Build with Maven
[bc2f533f-1211-4227-8f1f-629af813c58f/build] exitcode '1': failure
[bc2f533f-1211-4227-8f1f-629af813c58f/build] unable to get git ref: failed to identify reference (tag/branch) for the checked-out revision '591d1f8dd418f6bf1fd3947f427bc026549652a4'
[bc2f533f-1211-4227-8f1f-629af813c58f/build] unable to get git ref: failed to identify reference (tag/branch) for the checked-out revision '591d1f8dd418f6bf1fd3947f427bc026549652a4'
[bc2f533f-1211-4227-8f1f-629af813c58f/build] unable to get git ref: failed to identify reference (tag/branch) for the checked-out revision '591d1f8dd418f6bf1fd3947f427bc026549652a4'
[bc2f533f-1211-4227-8f1f-629af813c58f/build] unable to get git ref: failed to identify reference (tag/branch) for the checked-out revision '591d1f8dd418f6bf1fd3947f427bc026549652a4'
[bc2f533f-1211-4227-8f1f-629af813c58f/build] unable to get git ref: failed to identify reference (tag/branch) for the checked-out revision '591d1f8dd418f6bf1fd3947f427bc026549652a4'
[bc2f533f-1211-4227-8f1f-629af813c58f/build] ‚≠ê Run Post Set up JDK 1.8
[bc2f533f-1211-4227-8f1f-629af813c58f/build]   üê≥  docker exec cmd=[node /var/run/act/actions/actions-setup-java@v1/dist/cleanup/index.js] user= workdir=
[bc2f533f-1211-4227-8f1f-629af813c58f/build]   ‚úÖ  Success - Post Set up JDK 1.8
[bc2f533f-1211-4227-8f1f-629af813c58f/build] üèÅ  Job failed
[bc2f533f-1211-4227-8f1f-629af813c58f/build] unable to get git ref: failed to identify reference (tag/branch) for the checked-out revision '591d1f8dd418f6bf1fd3947f427bc026549652a4'
