[837708c3-5cc2-4a88-885b-bf739b893908/Java 8 compile] üöÄ  Start image=gitbugactions:latest
[837708c3-5cc2-4a88-885b-bf739b893908/Java 8 compile]   üê≥  docker pull image=gitbugactions:latest platform= username= forcePull=false
[837708c3-5cc2-4a88-885b-bf739b893908/Java 8 compile]   üê≥  docker create image=gitbugactions:latest platform= entrypoint=["tail" "-f" "/dev/null"] cmd=[]
[837708c3-5cc2-4a88-885b-bf739b893908/Java 8 compile]   üê≥  docker run image=gitbugactions:latest platform= entrypoint=["tail" "-f" "/dev/null"] cmd=[]
[837708c3-5cc2-4a88-885b-bf739b893908/Java 8 compile]   üê≥  docker exec cmd=[chown -R 1012:1013 /tmp/2a192c7f-b64d-464a-a69d-c134c4865681] user=0 workdir=
[837708c3-5cc2-4a88-885b-bf739b893908/Java 8 compile] unable to get git ref: failed to identify reference (tag/branch) for the checked-out revision 'b80e5e252a53248c8db0d042fce90065eede0ab0'
[837708c3-5cc2-4a88-885b-bf739b893908/Java 8 compile] unable to get git ref: failed to identify reference (tag/branch) for the checked-out revision 'b80e5e252a53248c8db0d042fce90065eede0ab0'
[837708c3-5cc2-4a88-885b-bf739b893908/Java 8 compile] unable to get git ref: failed to identify reference (tag/branch) for the checked-out revision 'b80e5e252a53248c8db0d042fce90065eede0ab0'
[837708c3-5cc2-4a88-885b-bf739b893908/Java 8 compile] üß™  Matrix: map[java-version:8]
[837708c3-5cc2-4a88-885b-bf739b893908/Java 8 compile] unable to get git ref: failed to identify reference (tag/branch) for the checked-out revision 'b80e5e252a53248c8db0d042fce90065eede0ab0'
[837708c3-5cc2-4a88-885b-bf739b893908/Java 8 compile] unable to get git ref: failed to identify reference (tag/branch) for the checked-out revision 'b80e5e252a53248c8db0d042fce90065eede0ab0'
[837708c3-5cc2-4a88-885b-bf739b893908/Java 8 compile] unable to get git ref: failed to identify reference (tag/branch) for the checked-out revision 'b80e5e252a53248c8db0d042fce90065eede0ab0'
[837708c3-5cc2-4a88-885b-bf739b893908/Java 8 compile] unable to get git ref: failed to identify reference (tag/branch) for the checked-out revision 'b80e5e252a53248c8db0d042fce90065eede0ab0'
[837708c3-5cc2-4a88-885b-bf739b893908/Java 8 compile] unable to get git ref: failed to identify reference (tag/branch) for the checked-out revision 'b80e5e252a53248c8db0d042fce90065eede0ab0'
[837708c3-5cc2-4a88-885b-bf739b893908/Java 8 compile] unable to get git ref: failed to identify reference (tag/branch) for the checked-out revision 'b80e5e252a53248c8db0d042fce90065eede0ab0'
[837708c3-5cc2-4a88-885b-bf739b893908/Java 8 compile] ‚≠ê Run Main Checkout
[837708c3-5cc2-4a88-885b-bf739b893908/Java 8 compile] unable to get git ref: failed to identify reference (tag/branch) for the checked-out revision 'b80e5e252a53248c8db0d042fce90065eede0ab0'
[837708c3-5cc2-4a88-885b-bf739b893908/Java 8 compile] unable to get git ref: failed to identify reference (tag/branch) for the checked-out revision 'b80e5e252a53248c8db0d042fce90065eede0ab0'
[837708c3-5cc2-4a88-885b-bf739b893908/Java 8 compile]   üê≥  docker cp src=/tmp/2a192c7f-b64d-464a-a69d-c134c4865681/. dst=/tmp/2a192c7f-b64d-464a-a69d-c134c4865681
[837708c3-5cc2-4a88-885b-bf739b893908/Java 8 compile]   üê≥  docker exec cmd=[chown -R 1012:1013 /tmp/2a192c7f-b64d-464a-a69d-c134c4865681] user=0 workdir=
[837708c3-5cc2-4a88-885b-bf739b893908/Java 8 compile]   ‚úÖ  Success - Main Checkout
[837708c3-5cc2-4a88-885b-bf739b893908/Java 8 compile] unable to get git ref: failed to identify reference (tag/branch) for the checked-out revision 'b80e5e252a53248c8db0d042fce90065eede0ab0'
[837708c3-5cc2-4a88-885b-bf739b893908/Java 8 compile] unable to get git ref: failed to identify reference (tag/branch) for the checked-out revision 'b80e5e252a53248c8db0d042fce90065eede0ab0'
[837708c3-5cc2-4a88-885b-bf739b893908/Java 8 compile] unable to get git ref: failed to identify reference (tag/branch) for the checked-out revision 'b80e5e252a53248c8db0d042fce90065eede0ab0'
[837708c3-5cc2-4a88-885b-bf739b893908/Java 8 compile] unable to get git ref: failed to identify reference (tag/branch) for the checked-out revision 'b80e5e252a53248c8db0d042fce90065eede0ab0'
[837708c3-5cc2-4a88-885b-bf739b893908/Java 8 compile] unable to get git ref: failed to identify reference (tag/branch) for the checked-out revision 'b80e5e252a53248c8db0d042fce90065eede0ab0'
[837708c3-5cc2-4a88-885b-bf739b893908/Java 8 compile] ‚≠ê Run Main Set up Java
[837708c3-5cc2-4a88-885b-bf739b893908/Java 8 compile] unable to get git ref: failed to identify reference (tag/branch) for the checked-out revision 'b80e5e252a53248c8db0d042fce90065eede0ab0'
[837708c3-5cc2-4a88-885b-bf739b893908/Java 8 compile] unable to get git ref: failed to identify reference (tag/branch) for the checked-out revision 'b80e5e252a53248c8db0d042fce90065eede0ab0'
[837708c3-5cc2-4a88-885b-bf739b893908/Java 8 compile] unable to get git ref: failed to identify reference (tag/branch) for the checked-out revision 'b80e5e252a53248c8db0d042fce90065eede0ab0'
[837708c3-5cc2-4a88-885b-bf739b893908/Java 8 compile]   üê≥  docker cp src=/tmp/act-cache/3c7f50a5-98c4-45df-b392-4b52f8183502/act/actions-setup-java@v2/ dst=/var/run/act/actions/actions-setup-java@v2/
[837708c3-5cc2-4a88-885b-bf739b893908/Java 8 compile]   üê≥  docker exec cmd=[chown -R 1012:1013 /var/run/act/actions/actions-setup-java@v2/] user=0 workdir=
[837708c3-5cc2-4a88-885b-bf739b893908/Java 8 compile]   üê≥  docker exec cmd=[node /var/run/act/actions/actions-setup-java@v2/dist/setup/index.js] user= workdir=
[837708c3-5cc2-4a88-885b-bf739b893908/Java 8 compile]   | Trying to resolve the latest version from remote
[837708c3-5cc2-4a88-885b-bf739b893908/Java 8 compile]   | Resolved latest version as 8.0.392+8
[837708c3-5cc2-4a88-885b-bf739b893908/Java 8 compile]   | Trying to download...
[837708c3-5cc2-4a88-885b-bf739b893908/Java 8 compile]   | Downloading Java 8.0.392+8 (Adopt-Hotspot) from https://github.com/adoptium/temurin8-binaries/releases/download/jdk8u392-b08/OpenJDK8U-jdk_x64_linux_hotspot_8u392b08.tar.gz ...
[837708c3-5cc2-4a88-885b-bf739b893908/Java 8 compile]   üí¨  ::debug::Downloading https://github.com/adoptium/temurin8-binaries/releases/download/jdk8u392-b08/OpenJDK8U-jdk_x64_linux_hotspot_8u392b08.tar.gz
[837708c3-5cc2-4a88-885b-bf739b893908/Java 8 compile]   üí¨  ::debug::Destination /tmp/c1d071cc-3706-4821-97c9-18d44ca6ee94
[837708c3-5cc2-4a88-885b-bf739b893908/Java 8 compile]   üí¨  ::debug::download complete
[837708c3-5cc2-4a88-885b-bf739b893908/Java 8 compile]   | Extracting Java archive...
[837708c3-5cc2-4a88-885b-bf739b893908/Java 8 compile]   üí¨  ::debug::Checking tar --version
[837708c3-5cc2-4a88-885b-bf739b893908/Java 8 compile]   üí¨  ::debug::tar (GNU tar) 1.34%0ACopyright (C) 2021 Free Software Foundation, Inc.%0ALicense GPLv3+: GNU GPL version 3 or later <https://gnu.org/licenses/gpl.html>.%0AThis is free software: you are free to change and redistribute it.%0AThere is NO WARRANTY, to the extent permitted by law.%0A%0AWritten by John Gilmore and Jay Fenlason.
[837708c3-5cc2-4a88-885b-bf739b893908/Java 8 compile]   | [command]/usr/bin/tar xz --warning=no-unknown-keyword -C /tmp/58bbecfc-0377-4ddc-b4e2-ee8532cb28d7 -f /tmp/c1d071cc-3706-4821-97c9-18d44ca6ee94
[837708c3-5cc2-4a88-885b-bf739b893908/Java 8 compile]   üí¨  ::debug::Caching tool Java_Adopt_jdk 8.0.392-8 x64
[837708c3-5cc2-4a88-885b-bf739b893908/Java 8 compile]   üí¨  ::debug::source dir: /tmp/58bbecfc-0377-4ddc-b4e2-ee8532cb28d7/jdk8u392-b08
[837708c3-5cc2-4a88-885b-bf739b893908/Java 8 compile]   üí¨  ::debug::destination /opt/hostedtoolcache/Java_Adopt_jdk/8.0.392-8/x64
[837708c3-5cc2-4a88-885b-bf739b893908/Java 8 compile]   üí¨  ::debug::finished caching tool
[837708c3-5cc2-4a88-885b-bf739b893908/Java 8 compile]   | Java 8.0.392+8 was downloaded
[837708c3-5cc2-4a88-885b-bf739b893908/Java 8 compile]   | Setting Java 8.0.392+8 as the default
[837708c3-5cc2-4a88-885b-bf739b893908/Java 8 compile]   | 
[837708c3-5cc2-4a88-885b-bf739b893908/Java 8 compile]   | Java configuration:
[837708c3-5cc2-4a88-885b-bf739b893908/Java 8 compile]   |   Distribution: adopt
[837708c3-5cc2-4a88-885b-bf739b893908/Java 8 compile]   |   Version: 8.0.392+8
[837708c3-5cc2-4a88-885b-bf739b893908/Java 8 compile]   |   Path: /opt/hostedtoolcache/Java_Adopt_jdk/8.0.392-8/x64
[837708c3-5cc2-4a88-885b-bf739b893908/Java 8 compile]   | 
[837708c3-5cc2-4a88-885b-bf739b893908/Java 8 compile]   ‚ùì add-matcher /run/act/actions/actions-setup-java@v2/.github/java.json
[837708c3-5cc2-4a88-885b-bf739b893908/Java 8 compile]   | Creating settings.xml with server-id: github
[837708c3-5cc2-4a88-885b-bf739b893908/Java 8 compile]   | Writing to /home/runner/.m2/settings.xml
[837708c3-5cc2-4a88-885b-bf739b893908/Java 8 compile]   ‚úÖ  Success - Main Set up Java
[837708c3-5cc2-4a88-885b-bf739b893908/Java 8 compile]   ‚öô  ::set-env:: JAVA_HOME=/opt/hostedtoolcache/Java_Adopt_jdk/8.0.392-8/x64
[837708c3-5cc2-4a88-885b-bf739b893908/Java 8 compile]   ‚öô  ::set-output:: distribution=Adopt-Hotspot
[837708c3-5cc2-4a88-885b-bf739b893908/Java 8 compile]   ‚öô  ::set-output:: path=/opt/hostedtoolcache/Java_Adopt_jdk/8.0.392-8/x64
[837708c3-5cc2-4a88-885b-bf739b893908/Java 8 compile]   ‚öô  ::set-output:: version=8.0.392+8
[837708c3-5cc2-4a88-885b-bf739b893908/Java 8 compile]   ‚öô  ::add-path:: /opt/hostedtoolcache/Java_Adopt_jdk/8.0.392-8/x64/bin
[837708c3-5cc2-4a88-885b-bf739b893908/Java 8 compile] unable to get git ref: failed to identify reference (tag/branch) for the checked-out revision 'b80e5e252a53248c8db0d042fce90065eede0ab0'
[837708c3-5cc2-4a88-885b-bf739b893908/Java 8 compile] unable to get git ref: failed to identify reference (tag/branch) for the checked-out revision 'b80e5e252a53248c8db0d042fce90065eede0ab0'
[837708c3-5cc2-4a88-885b-bf739b893908/Java 8 compile] unable to get git ref: failed to identify reference (tag/branch) for the checked-out revision 'b80e5e252a53248c8db0d042fce90065eede0ab0'
[837708c3-5cc2-4a88-885b-bf739b893908/Java 8 compile] unable to get git ref: failed to identify reference (tag/branch) for the checked-out revision 'b80e5e252a53248c8db0d042fce90065eede0ab0'
[837708c3-5cc2-4a88-885b-bf739b893908/Java 8 compile] unable to get git ref: failed to identify reference (tag/branch) for the checked-out revision 'b80e5e252a53248c8db0d042fce90065eede0ab0'
[837708c3-5cc2-4a88-885b-bf739b893908/Java 8 compile] ‚≠ê Run Main Integration test
[837708c3-5cc2-4a88-885b-bf739b893908/Java 8 compile] unable to get git ref: failed to identify reference (tag/branch) for the checked-out revision 'b80e5e252a53248c8db0d042fce90065eede0ab0'
[837708c3-5cc2-4a88-885b-bf739b893908/Java 8 compile] unable to get git ref: failed to identify reference (tag/branch) for the checked-out revision 'b80e5e252a53248c8db0d042fce90065eede0ab0'
[837708c3-5cc2-4a88-885b-bf739b893908/Java 8 compile] unable to get git ref: failed to identify reference (tag/branch) for the checked-out revision 'b80e5e252a53248c8db0d042fce90065eede0ab0'
[837708c3-5cc2-4a88-885b-bf739b893908/Java 8 compile] unable to get git ref: failed to identify reference (tag/branch) for the checked-out revision 'b80e5e252a53248c8db0d042fce90065eede0ab0'
[837708c3-5cc2-4a88-885b-bf739b893908/Java 8 compile]   üê≥  docker exec cmd=[bash --noprofile --norc -e -o pipefail /var/run/act/workflow/2] user= workdir=
[837708c3-5cc2-4a88-885b-bf739b893908/Java 8 compile]   | [INFO] Scanning for projects...
[837708c3-5cc2-4a88-885b-bf739b893908/Java 8 compile]   | [INFO] 
[837708c3-5cc2-4a88-885b-bf739b893908/Java 8 compile]   | [INFO] -----------------------< de.slub-dresden:urnlib >-----------------------
[837708c3-5cc2-4a88-885b-bf739b893908/Java 8 compile]   | [INFO] Building URN Library 2.0.1
[837708c3-5cc2-4a88-885b-bf739b893908/Java 8 compile]   | [INFO]   from pom.xml
[837708c3-5cc2-4a88-885b-bf739b893908/Java 8 compile]   | [INFO] --------------------------------[ jar ]---------------------------------
[837708c3-5cc2-4a88-885b-bf739b893908/Java 8 compile]   | [INFO] Downloading from central: https://repo.maven.apache.org/maven2/org/apache/maven/plugins/maven-javadoc-plugin/2.10.3/maven-javadoc-plugin-2.10.3.pom
[837708c3-5cc2-4a88-885b-bf739b893908/Java 8 compile]   | [INFO] Downloaded from central: https://repo.maven.apache.org/maven2/org/apache/maven/plugins/maven-javadoc-plugin/2.10.3/maven-javadoc-plugin-2.10.3.pom (16 kB at 12 kB/s)
[837708c3-5cc2-4a88-885b-bf739b893908/Java 8 compile]   | [INFO] Downloading from central: https://repo.maven.apache.org/maven2/org/apache/maven/plugins/maven-plugins/27/maven-plugins-27.pom
[837708c3-5cc2-4a88-885b-bf739b893908/Java 8 compile]   | [INFO] Downloaded from central: https://repo.maven.apache.org/maven2/org/apache/maven/plugins/maven-plugins/27/maven-plugins-27.pom (11 kB at 291 kB/s)
[837708c3-5cc2-4a88-885b-bf739b893908/Java 8 compile]   | [INFO] Downloading from central: https://repo.maven.apache.org/maven2/org/apache/maven/maven-parent/26/maven-parent-26.pom
[837708c3-5cc2-4a88-885b-bf739b893908/Java 8 compile]   | [INFO] Downloaded from central: https://repo.maven.apache.org/maven2/org/apache/maven/maven-parent/26/maven-parent-26.pom (40 kB at 311 kB/s)
[837708c3-5cc2-4a88-885b-bf739b893908/Java 8 compile]   | [INFO] Downloading from central: https://repo.maven.apache.org/maven2/org/apache/apache/16/apache-16.pom
[837708c3-5cc2-4a88-885b-bf739b893908/Java 8 compile]   | [INFO] Downloaded from central: https://repo.maven.apache.org/maven2/org/apache/apache/16/apache-16.pom (15 kB at 467 kB/s)
[837708c3-5cc2-4a88-885b-bf739b893908/Java 8 compile]   | [INFO] Downloading from central: https://repo.maven.apache.org/maven2/org/apache/maven/plugins/maven-javadoc-plugin/2.10.3/maven-javadoc-plugin-2.10.3.jar
[837708c3-5cc2-4a88-885b-bf739b893908/Java 8 compile]   | [INFO] Downloaded from central: https://repo.maven.apache.org/maven2/org/apache/maven/plugins/maven-javadoc-plugin/2.10.3/maven-javadoc-plugin-2.10.3.jar (405 kB at 2.6 MB/s)
[837708c3-5cc2-4a88-885b-bf739b893908/Java 8 compile]   | [INFO] Downloading from central: https://repo.maven.apache.org/maven2/org/apache/maven/plugins/maven-source-plugin/2.4/maven-source-plugin-2.4.pom
[837708c3-5cc2-4a88-885b-bf739b893908/Java 8 compile]   | [INFO] Downloaded from central: https://repo.maven.apache.org/maven2/org/apache/maven/plugins/maven-source-plugin/2.4/maven-source-plugin-2.4.pom (6.6 kB at 175 kB/s)
[837708c3-5cc2-4a88-885b-bf739b893908/Java 8 compile]   | [INFO] Downloading from central: https://repo.maven.apache.org/maven2/org/apache/maven/plugins/maven-plugins/25/maven-plugins-25.pom
[837708c3-5cc2-4a88-885b-bf739b893908/Java 8 compile]   | [INFO] Downloaded from central: https://repo.maven.apache.org/maven2/org/apache/maven/plugins/maven-plugins/25/maven-plugins-25.pom (9.6 kB at 562 kB/s)
[837708c3-5cc2-4a88-885b-bf739b893908/Java 8 compile]   | [INFO] Downloading from central: https://repo.maven.apache.org/maven2/org/apache/maven/maven-parent/24/maven-parent-24.pom
[837708c3-5cc2-4a88-885b-bf739b893908/Java 8 compile]   | [INFO] Downloaded from central: https://repo.maven.apache.org/maven2/org/apache/maven/maven-parent/24/maven-parent-24.pom (37 kB at 1.3 MB/s)
[837708c3-5cc2-4a88-885b-bf739b893908/Java 8 compile]   | [INFO] Downloading from central: https://repo.maven.apache.org/maven2/org/apache/apache/14/apache-14.pom
[837708c3-5cc2-4a88-885b-bf739b893908/Java 8 compile]   | [INFO] Downloaded from central: https://repo.maven.apache.org/maven2/org/apache/apache/14/apache-14.pom (15 kB at 864 kB/s)
[837708c3-5cc2-4a88-885b-bf739b893908/Java 8 compile]   | [INFO] Downloading from central: https://repo.maven.apache.org/maven2/org/apache/maven/plugins/maven-source-plugin/2.4/maven-source-plugin-2.4.jar
[837708c3-5cc2-4a88-885b-bf739b893908/Java 8 compile]   | [INFO] Downloaded from central: https://repo.maven.apache.org/maven2/org/apache/maven/plugins/maven-source-plugin/2.4/maven-source-plugin-2.4.jar (31 kB at 1.3 MB/s)
[837708c3-5cc2-4a88-885b-bf739b893908/Java 8 compile]   | [INFO] Downloading from central: https://repo.maven.apache.org/maven2/org/apache/maven/plugins/maven-resources-plugin/2.6/maven-resources-plugin-2.6.pom
[837708c3-5cc2-4a88-885b-bf739b893908/Java 8 compile]   | [INFO] Downloaded from central: https://repo.maven.apache.org/maven2/org/apache/maven/plugins/maven-resources-plugin/2.6/maven-resources-plugin-2.6.pom (8.1 kB at 386 kB/s)
[837708c3-5cc2-4a88-885b-bf739b893908/Java 8 compile]   | [INFO] Downloading from central: https://repo.maven.apache.org/maven2/org/apache/maven/plugins/maven-plugins/23/maven-plugins-23.pom
[837708c3-5cc2-4a88-885b-bf739b893908/Java 8 compile]   | [INFO] Downloaded from central: https://repo.maven.apache.org/maven2/org/apache/maven/plugins/maven-plugins/23/maven-plugins-23.pom (9.2 kB at 613 kB/s)
[837708c3-5cc2-4a88-885b-bf739b893908/Java 8 compile]   | [INFO] Downloading from central: https://repo.maven.apache.org/maven2/org/apache/maven/maven-parent/22/maven-parent-22.pom
[837708c3-5cc2-4a88-885b-bf739b893908/Java 8 compile]   | [INFO] Downloaded from central: https://repo.maven.apache.org/maven2/org/apache/maven/maven-parent/22/maven-parent-22.pom (30 kB at 480 kB/s)
[837708c3-5cc2-4a88-885b-bf739b893908/Java 8 compile]   | [INFO] Downloading from central: https://repo.maven.apache.org/maven2/org/apache/apache/11/apache-11.pom
[837708c3-5cc2-4a88-885b-bf739b893908/Java 8 compile]   | [INFO] Downloaded from central: https://repo.maven.apache.org/maven2/org/apache/apache/11/apache-11.pom (15 kB at 549 kB/s)
[837708c3-5cc2-4a88-885b-bf739b893908/Java 8 compile]   | [INFO] Downloading from central: https://repo.maven.apache.org/maven2/org/apache/maven/plugins/maven-resources-plugin/2.6/maven-resources-plugin-2.6.jar
[837708c3-5cc2-4a88-885b-bf739b893908/Java 8 compile]   | [INFO] Downloaded from central: https://repo.maven.apache.org/maven2/org/apache/maven/plugins/maven-resources-plugin/2.6/maven-resources-plugin-2.6.jar (30 kB at 686 kB/s)
[837708c3-5cc2-4a88-885b-bf739b893908/Java 8 compile]   | [INFO] Downloading from central: https://repo.maven.apache.org/maven2/org/apache/maven/plugins/maven-compiler-plugin/3.3/maven-compiler-plugin-3.3.pom
[837708c3-5cc2-4a88-885b-bf739b893908/Java 8 compile]   | [INFO] Downloaded from central: https://repo.maven.apache.org/maven2/org/apache/maven/plugins/maven-compiler-plugin/3.3/maven-compiler-plugin-3.3.pom (11 kB at 539 kB/s)
[837708c3-5cc2-4a88-885b-bf739b893908/Java 8 compile]   | [INFO] Downloading from central: https://repo.maven.apache.org/maven2/org/apache/maven/plugins/maven-compiler-plugin/3.3/maven-compiler-plugin-3.3.jar
[837708c3-5cc2-4a88-885b-bf739b893908/Java 8 compile]   | [INFO] Downloaded from central: https://repo.maven.apache.org/maven2/org/apache/maven/plugins/maven-compiler-plugin/3.3/maven-compiler-plugin-3.3.jar (46 kB at 1.7 MB/s)
[837708c3-5cc2-4a88-885b-bf739b893908/Java 8 compile]   | [INFO] Downloading from central: https://repo.maven.apache.org/maven2/org/apache/maven/plugins/maven-surefire-plugin/2.12.4/maven-surefire-plugin-2.12.4.pom
[837708c3-5cc2-4a88-885b-bf739b893908/Java 8 compile]   | [INFO] Downloaded from central: https://repo.maven.apache.org/maven2/org/apache/maven/plugins/maven-surefire-plugin/2.12.4/maven-surefire-plugin-2.12.4.pom (10 kB at 1.0 MB/s)
[837708c3-5cc2-4a88-885b-bf739b893908/Java 8 compile]   | [INFO] Downloading from central: https://repo.maven.apache.org/maven2/org/apache/maven/surefire/surefire/2.12.4/surefire-2.12.4.pom
[837708c3-5cc2-4a88-885b-bf739b893908/Java 8 compile]   | [INFO] Downloaded from central: https://repo.maven.apache.org/maven2/org/apache/maven/surefire/surefire/2.12.4/surefire-2.12.4.pom (14 kB at 1.5 MB/s)
[837708c3-5cc2-4a88-885b-bf739b893908/Java 8 compile]   | [INFO] Downloading from central: https://repo.maven.apache.org/maven2/org/apache/maven/plugins/maven-surefire-plugin/2.12.4/maven-surefire-plugin-2.12.4.jar
[837708c3-5cc2-4a88-885b-bf739b893908/Java 8 compile]   | [INFO] Downloaded from central: https://repo.maven.apache.org/maven2/org/apache/maven/plugins/maven-surefire-plugin/2.12.4/maven-surefire-plugin-2.12.4.jar (30 kB at 1.7 MB/s)
[837708c3-5cc2-4a88-885b-bf739b893908/Java 8 compile]   | [INFO] Downloading from central: https://repo.maven.apache.org/maven2/org/apache/maven/plugins/maven-jar-plugin/2.4/maven-jar-plugin-2.4.pom
[837708c3-5cc2-4a88-885b-bf739b893908/Java 8 compile]   | [INFO] Downloaded from central: https://repo.maven.apache.org/maven2/org/apache/maven/plugins/maven-jar-plugin/2.4/maven-jar-plugin-2.4.pom (5.8 kB at 343 kB/s)
[837708c3-5cc2-4a88-885b-bf739b893908/Java 8 compile]   | [INFO] Downloading from central: https://repo.maven.apache.org/maven2/org/apache/maven/plugins/maven-plugins/22/maven-plugins-22.pom
[837708c3-5cc2-4a88-885b-bf739b893908/Java 8 compile]   | [INFO] Downloaded from central: https://repo.maven.apache.org/maven2/org/apache/maven/plugins/maven-plugins/22/maven-plugins-22.pom (13 kB at 1.6 MB/s)
[837708c3-5cc2-4a88-885b-bf739b893908/Java 8 compile]   | [INFO] Downloading from central: https://repo.maven.apache.org/maven2/org/apache/maven/maven-parent/21/maven-parent-21.pom
[837708c3-5cc2-4a88-885b-bf739b893908/Java 8 compile]   | [INFO] Downloaded from central: https://repo.maven.apache.org/maven2/org/apache/maven/maven-parent/21/maven-parent-21.pom (26 kB at 3.3 MB/s)
[837708c3-5cc2-4a88-885b-bf739b893908/Java 8 compile]   | [INFO] Downloading from central: https://repo.maven.apache.org/maven2/org/apache/apache/10/apache-10.pom
[837708c3-5cc2-4a88-885b-bf739b893908/Java 8 compile]   | [INFO] Downloaded from central: https://repo.maven.apache.org/maven2/org/apache/apache/10/apache-10.pom (15 kB at 987 kB/s)
[837708c3-5cc2-4a88-885b-bf739b893908/Java 8 compile]   | [INFO] Downloading from central: https://repo.maven.apache.org/maven2/org/apache/maven/plugins/maven-jar-plugin/2.4/maven-jar-plugin-2.4.jar
[837708c3-5cc2-4a88-885b-bf739b893908/Java 8 compile]   | [INFO] Downloaded from central: https://repo.maven.apache.org/maven2/org/apache/maven/plugins/maven-jar-plugin/2.4/maven-jar-plugin-2.4.jar (34 kB at 2.1 MB/s)
[837708c3-5cc2-4a88-885b-bf739b893908/Java 8 compile]   | [INFO] Downloading from central: https://repo.maven.apache.org/maven2/junit/junit/4.13.1/junit-4.13.1.pom
[837708c3-5cc2-4a88-885b-bf739b893908/Java 8 compile]   | [INFO] Downloaded from central: https://repo.maven.apache.org/maven2/junit/junit/4.13.1/junit-4.13.1.pom (25 kB at 2.1 MB/s)
[837708c3-5cc2-4a88-885b-bf739b893908/Java 8 compile]   | [INFO] Downloading from central: https://repo.maven.apache.org/maven2/org/hamcrest/hamcrest-core/1.3/hamcrest-core-1.3.pom
[837708c3-5cc2-4a88-885b-bf739b893908/Java 8 compile]   | [INFO] Downloaded from central: https://repo.maven.apache.org/maven2/org/hamcrest/hamcrest-core/1.3/hamcrest-core-1.3.pom (766 B at 85 kB/s)
[837708c3-5cc2-4a88-885b-bf739b893908/Java 8 compile]   | [INFO] Downloading from central: https://repo.maven.apache.org/maven2/org/hamcrest/hamcrest-parent/1.3/hamcrest-parent-1.3.pom
[837708c3-5cc2-4a88-885b-bf739b893908/Java 8 compile]   | [INFO] Downloaded from central: https://repo.maven.apache.org/maven2/org/hamcrest/hamcrest-parent/1.3/hamcrest-parent-1.3.pom (2.0 kB at 68 kB/s)
[837708c3-5cc2-4a88-885b-bf739b893908/Java 8 compile]   | [INFO] Downloading from central: https://repo.maven.apache.org/maven2/junit/junit/4.13.1/junit-4.13.1.jar
[837708c3-5cc2-4a88-885b-bf739b893908/Java 8 compile]   | [INFO] Downloading from central: https://repo.maven.apache.org/maven2/org/hamcrest/hamcrest-core/1.3/hamcrest-core-1.3.jar
[837708c3-5cc2-4a88-885b-bf739b893908/Java 8 compile]   | [INFO] Downloaded from central: https://repo.maven.apache.org/maven2/junit/junit/4.13.1/junit-4.13.1.jar (383 kB at 12 MB/s)
[837708c3-5cc2-4a88-885b-bf739b893908/Java 8 compile]   | [INFO] Downloaded from central: https://repo.maven.apache.org/maven2/org/hamcrest/hamcrest-core/1.3/hamcrest-core-1.3.jar (45 kB at 883 kB/s)
[837708c3-5cc2-4a88-885b-bf739b893908/Java 8 compile]   | [INFO] 
[837708c3-5cc2-4a88-885b-bf739b893908/Java 8 compile]   | [INFO] --- maven-resources-plugin:2.6:resources (default-resources) @ urnlib ---
[837708c3-5cc2-4a88-885b-bf739b893908/Java 8 compile]   | [INFO] Downloading from central: https://repo.maven.apache.org/maven2/org/apache/maven/maven-plugin-api/2.0.6/maven-plugin-api-2.0.6.pom
[837708c3-5cc2-4a88-885b-bf739b893908/Java 8 compile]   | [INFO] Downloaded from central: https://repo.maven.apache.org/maven2/org/apache/maven/maven-plugin-api/2.0.6/maven-plugin-api-2.0.6.pom (1.5 kB at 182 kB/s)
[837708c3-5cc2-4a88-885b-bf739b893908/Java 8 compile]   | [INFO] Downloading from central: https://repo.maven.apache.org/maven2/org/apache/maven/maven/2.0.6/maven-2.0.6.pom
[837708c3-5cc2-4a88-885b-bf739b893908/Java 8 compile]   | [INFO] Downloaded from central: https://repo.maven.apache.org/maven2/org/apache/maven/maven/2.0.6/maven-2.0.6.pom (9.0 kB at 565 kB/s)
[837708c3-5cc2-4a88-885b-bf739b893908/Java 8 compile]   | [INFO] Downloading from central: https://repo.maven.apache.org/maven2/org/apache/maven/maven-parent/5/maven-parent-5.pom
[837708c3-5cc2-4a88-885b-bf739b893908/Java 8 compile]   | [INFO] Downloaded from central: https://repo.maven.apache.org/maven2/org/apache/maven/maven-parent/5/maven-parent-5.pom (15 kB at 846 kB/s)
[837708c3-5cc2-4a88-885b-bf739b893908/Java 8 compile]   | [INFO] Downloading from central: https://repo.maven.apache.org/maven2/org/apache/apache/3/apache-3.pom
[837708c3-5cc2-4a88-885b-bf739b893908/Java 8 compile]   | [INFO] Downloaded from central: https://repo.maven.apache.org/maven2/org/apache/apache/3/apache-3.pom (3.4 kB at 202 kB/s)
[837708c3-5cc2-4a88-885b-bf739b893908/Java 8 compile]   | [INFO] Downloading from central: https://repo.maven.apache.org/maven2/org/apache/maven/maven-project/2.0.6/maven-project-2.0.6.pom
[837708c3-5cc2-4a88-885b-bf739b893908/Java 8 compile]   | [INFO] Downloaded from central: https://repo.maven.apache.org/maven2/org/apache/maven/maven-project/2.0.6/maven-project-2.0.6.pom (2.6 kB at 176 kB/s)
[837708c3-5cc2-4a88-885b-bf739b893908/Java 8 compile]   | [INFO] Downloading from central: https://repo.maven.apache.org/maven2/org/apache/maven/maven-settings/2.0.6/maven-settings-2.0.6.pom
[837708c3-5cc2-4a88-885b-bf739b893908/Java 8 compile]   | [INFO] Downloaded from central: https://repo.maven.apache.org/maven2/org/apache/maven/maven-settings/2.0.6/maven-settings-2.0.6.pom (2.0 kB at 154 kB/s)
[837708c3-5cc2-4a88-885b-bf739b893908/Java 8 compile]   | [INFO] Downloading from central: https://repo.maven.apache.org/maven2/org/apache/maven/maven-model/2.0.6/maven-model-2.0.6.pom
[837708c3-5cc2-4a88-885b-bf739b893908/Java 8 compile]   | [INFO] Downloaded from central: https://repo.maven.apache.org/maven2/org/apache/maven/maven-model/2.0.6/maven-model-2.0.6.pom (3.0 kB at 254 kB/s)
[837708c3-5cc2-4a88-885b-bf739b893908/Java 8 compile]   | [INFO] Downloading from central: https://repo.maven.apache.org/maven2/org/codehaus/plexus/plexus-utils/1.4.1/plexus-utils-1.4.1.pom
[837708c3-5cc2-4a88-885b-bf739b893908/Java 8 compile]   | [INFO] Downloaded from central: https://repo.maven.apache.org/maven2/org/codehaus/plexus/plexus-utils/1.4.1/plexus-utils-1.4.1.pom (1.9 kB at 174 kB/s)
[837708c3-5cc2-4a88-885b-bf739b893908/Java 8 compile]   | [INFO] Downloading from central: https://repo.maven.apache.org/maven2/org/codehaus/plexus/plexus/1.0.11/plexus-1.0.11.pom
[837708c3-5cc2-4a88-885b-bf739b893908/Java 8 compile]   | [INFO] Downloaded from central: https://repo.maven.apache.org/maven2/org/codehaus/plexus/plexus/1.0.11/plexus-1.0.11.pom (9.0 kB at 897 kB/s)
[837708c3-5cc2-4a88-885b-bf739b893908/Java 8 compile]   | [INFO] Downloading from central: https://repo.maven.apache.org/maven2/org/codehaus/plexus/plexus-container-default/1.0-alpha-9-stable-1/plexus-container-default-1.0-alpha-9-stable-1.pom
[837708c3-5cc2-4a88-885b-bf739b893908/Java 8 compile]   | [INFO] Downloaded from central: https://repo.maven.apache.org/maven2/org/codehaus/plexus/plexus-container-default/1.0-alpha-9-stable-1/plexus-container-default-1.0-alpha-9-stable-1.pom (3.9 kB at 494 kB/s)
[837708c3-5cc2-4a88-885b-bf739b893908/Java 8 compile]   | [INFO] Downloading from central: https://repo.maven.apache.org/maven2/org/codehaus/plexus/plexus-containers/1.0.3/plexus-containers-1.0.3.pom
[837708c3-5cc2-4a88-885b-bf739b893908/Java 8 compile]   | [INFO] Downloaded from central: https://repo.maven.apache.org/maven2/org/codehaus/plexus/plexus-containers/1.0.3/plexus-containers-1.0.3.pom (492 B at 70 kB/s)
[837708c3-5cc2-4a88-885b-bf739b893908/Java 8 compile]   | [INFO] Downloading from central: https://repo.maven.apache.org/maven2/org/codehaus/plexus/plexus/1.0.4/plexus-1.0.4.pom
[837708c3-5cc2-4a88-885b-bf739b893908/Java 8 compile]   | [INFO] Downloaded from central: https://repo.maven.apache.org/maven2/org/codehaus/plexus/plexus/1.0.4/plexus-1.0.4.pom (5.7 kB at 820 kB/s)
[837708c3-5cc2-4a88-885b-bf739b893908/Java 8 compile]   | [INFO] Downloading from central: https://repo.maven.apache.org/maven2/junit/junit/3.8.1/junit-3.8.1.pom
[837708c3-5cc2-4a88-885b-bf739b893908/Java 8 compile]   | [INFO] Downloaded from central: https://repo.maven.apache.org/maven2/junit/junit/3.8.1/junit-3.8.1.pom (998 B at 125 kB/s)
[837708c3-5cc2-4a88-885b-bf739b893908/Java 8 compile]   | [INFO] Downloading from central: https://repo.maven.apache.org/maven2/org/codehaus/plexus/plexus-utils/1.0.4/plexus-utils-1.0.4.pom
[837708c3-5cc2-4a88-885b-bf739b893908/Java 8 compile]   | [INFO] Downloaded from central: https://repo.maven.apache.org/maven2/org/codehaus/plexus/plexus-utils/1.0.4/plexus-utils-1.0.4.pom (6.9 kB at 979 kB/s)
[837708c3-5cc2-4a88-885b-bf739b893908/Java 8 compile]   | [INFO] Downloading from central: https://repo.maven.apache.org/maven2/classworlds/classworlds/1.1-alpha-2/classworlds-1.1-alpha-2.pom
[837708c3-5cc2-4a88-885b-bf739b893908/Java 8 compile]   | [INFO] Downloaded from central: https://repo.maven.apache.org/maven2/classworlds/classworlds/1.1-alpha-2/classworlds-1.1-alpha-2.pom (3.1 kB at 284 kB/s)
[837708c3-5cc2-4a88-885b-bf739b893908/Java 8 compile]   | [INFO] Downloading from central: https://repo.maven.apache.org/maven2/org/apache/maven/maven-profile/2.0.6/maven-profile-2.0.6.pom
[837708c3-5cc2-4a88-885b-bf739b893908/Java 8 compile]   | [INFO] Downloaded from central: https://repo.maven.apache.org/maven2/org/apache/maven/maven-profile/2.0.6/maven-profile-2.0.6.pom (2.0 kB at 330 kB/s)
[837708c3-5cc2-4a88-885b-bf739b893908/Java 8 compile]   | [INFO] Downloading from central: https://repo.maven.apache.org/maven2/org/apache/maven/maven-artifact-manager/2.0.6/maven-artifact-manager-2.0.6.pom
[837708c3-5cc2-4a88-885b-bf739b893908/Java 8 compile]   | [INFO] Downloaded from central: https://repo.maven.apache.org/maven2/org/apache/maven/maven-artifact-manager/2.0.6/maven-artifact-manager-2.0.6.pom (2.6 kB at 328 kB/s)
[837708c3-5cc2-4a88-885b-bf739b893908/Java 8 compile]   | [INFO] Downloading from central: https://repo.maven.apache.org/maven2/org/apache/maven/maven-repository-metadata/2.0.6/maven-repository-metadata-2.0.6.pom
[837708c3-5cc2-4a88-885b-bf739b893908/Java 8 compile]   | [INFO] Downloaded from central: https://repo.maven.apache.org/maven2/org/apache/maven/maven-repository-metadata/2.0.6/maven-repository-metadata-2.0.6.pom (1.9 kB at 103 kB/s)
[837708c3-5cc2-4a88-885b-bf739b893908/Java 8 compile]   | [INFO] Downloading from central: https://repo.maven.apache.org/maven2/org/apache/maven/maven-artifact/2.0.6/maven-artifact-2.0.6.pom
[837708c3-5cc2-4a88-885b-bf739b893908/Java 8 compile]   | [INFO] Downloaded from central: https://repo.maven.apache.org/maven2/org/apache/maven/maven-artifact/2.0.6/maven-artifact-2.0.6.pom (1.6 kB at 113 kB/s)
[837708c3-5cc2-4a88-885b-bf739b893908/Java 8 compile]   | [INFO] Downloading from central: https://repo.maven.apache.org/maven2/org/apache/maven/maven-plugin-registry/2.0.6/maven-plugin-registry-2.0.6.pom
[837708c3-5cc2-4a88-885b-bf739b893908/Java 8 compile]   | [INFO] Downloaded from central: https://repo.maven.apache.org/maven2/org/apache/maven/maven-plugin-registry/2.0.6/maven-plugin-registry-2.0.6.pom (1.9 kB at 195 kB/s)
[837708c3-5cc2-4a88-885b-bf739b893908/Java 8 compile]   | [INFO] Downloading from central: https://repo.maven.apache.org/maven2/org/apache/maven/maven-core/2.0.6/maven-core-2.0.6.pom
[837708c3-5cc2-4a88-885b-bf739b893908/Java 8 compile]   | [INFO] Downloaded from central: https://repo.maven.apache.org/maven2/org/apache/maven/maven-core/2.0.6/maven-core-2.0.6.pom (6.7 kB at 419 kB/s)
[837708c3-5cc2-4a88-885b-bf739b893908/Java 8 compile]   | [INFO] Downloading from central: https://repo.maven.apache.org/maven2/org/apache/maven/maven-plugin-parameter-documenter/2.0.6/maven-plugin-parameter-documenter-2.0.6.pom
[837708c3-5cc2-4a88-885b-bf739b893908/Java 8 compile]   | [INFO] Downloaded from central: https://repo.maven.apache.org/maven2/org/apache/maven/maven-plugin-parameter-documenter/2.0.6/maven-plugin-parameter-documenter-2.0.6.pom (1.9 kB at 159 kB/s)
[837708c3-5cc2-4a88-885b-bf739b893908/Java 8 compile]   | [INFO] Downloading from central: https://repo.maven.apache.org/maven2/org/apache/maven/reporting/maven-reporting-api/2.0.6/maven-reporting-api-2.0.6.pom
[837708c3-5cc2-4a88-885b-bf739b893908/Java 8 compile]   | [INFO] Downloaded from central: https://repo.maven.apache.org/maven2/org/apache/maven/reporting/maven-reporting-api/2.0.6/maven-reporting-api-2.0.6.pom (1.8 kB at 88 kB/s)
[837708c3-5cc2-4a88-885b-bf739b893908/Java 8 compile]   | [INFO] Downloading from central: https://repo.maven.apache.org/maven2/org/apache/maven/reporting/maven-reporting/2.0.6/maven-reporting-2.0.6.pom
[837708c3-5cc2-4a88-885b-bf739b893908/Java 8 compile]   | [INFO] Downloaded from central: https://repo.maven.apache.org/maven2/org/apache/maven/reporting/maven-reporting/2.0.6/maven-reporting-2.0.6.pom (1.4 kB at 180 kB/s)
[837708c3-5cc2-4a88-885b-bf739b893908/Java 8 compile]   | [INFO] Downloading from central: https://repo.maven.apache.org/maven2/org/apache/maven/doxia/doxia-sink-api/1.0-alpha-7/doxia-sink-api-1.0-alpha-7.pom
[837708c3-5cc2-4a88-885b-bf739b893908/Java 8 compile]   | [INFO] Downloaded from central: https://repo.maven.apache.org/maven2/org/apache/maven/doxia/doxia-sink-api/1.0-alpha-7/doxia-sink-api-1.0-alpha-7.pom (424 B at 61 kB/s)
[837708c3-5cc2-4a88-885b-bf739b893908/Java 8 compile]   | [INFO] Downloading from central: https://repo.maven.apache.org/maven2/org/apache/maven/doxia/doxia/1.0-alpha-7/doxia-1.0-alpha-7.pom
[837708c3-5cc2-4a88-885b-bf739b893908/Java 8 compile]   | [INFO] Downloaded from central: https://repo.maven.apache.org/maven2/org/apache/maven/doxia/doxia/1.0-alpha-7/doxia-1.0-alpha-7.pom (3.9 kB at 435 kB/s)
[837708c3-5cc2-4a88-885b-bf739b893908/Java 8 compile]   | [INFO] Downloading from central: https://repo.maven.apache.org/maven2/org/apache/maven/maven-error-diagnostics/2.0.6/maven-error-diagnostics-2.0.6.pom
[837708c3-5cc2-4a88-885b-bf739b893908/Java 8 compile]   | [INFO] Downloaded from central: https://repo.maven.apache.org/maven2/org/apache/maven/maven-error-diagnostics/2.0.6/maven-error-diagnostics-2.0.6.pom (1.7 kB at 213 kB/s)
[837708c3-5cc2-4a88-885b-bf739b893908/Java 8 compile]   | [INFO] Downloading from central: https://repo.maven.apache.org/maven2/commons-cli/commons-cli/1.0/commons-cli-1.0.pom
[837708c3-5cc2-4a88-885b-bf739b893908/Java 8 compile]   | [INFO] Downloaded from central: https://repo.maven.apache.org/maven2/commons-cli/commons-cli/1.0/commons-cli-1.0.pom (2.1 kB at 351 kB/s)
[837708c3-5cc2-4a88-885b-bf739b893908/Java 8 compile]   | [INFO] Downloading from central: https://repo.maven.apache.org/maven2/org/apache/maven/maven-plugin-descriptor/2.0.6/maven-plugin-descriptor-2.0.6.pom
[837708c3-5cc2-4a88-885b-bf739b893908/Java 8 compile]   | [INFO] Downloaded from central: https://repo.maven.apache.org/maven2/org/apache/maven/maven-plugin-descriptor/2.0.6/maven-plugin-descriptor-2.0.6.pom (2.0 kB at 288 kB/s)
[837708c3-5cc2-4a88-885b-bf739b893908/Java 8 compile]   | [INFO] Downloading from central: https://repo.maven.apache.org/maven2/org/codehaus/plexus/plexus-interactivity-api/1.0-alpha-4/plexus-interactivity-api-1.0-alpha-4.pom
[837708c3-5cc2-4a88-885b-bf739b893908/Java 8 compile]   | [INFO] Downloaded from central: https://repo.maven.apache.org/maven2/org/codehaus/plexus/plexus-interactivity-api/1.0-alpha-4/plexus-interactivity-api-1.0-alpha-4.pom (7.1 kB at 788 kB/s)
[837708c3-5cc2-4a88-885b-bf739b893908/Java 8 compile]   | [INFO] Downloading from central: https://repo.maven.apache.org/maven2/org/apache/maven/maven-monitor/2.0.6/maven-monitor-2.0.6.pom
[837708c3-5cc2-4a88-885b-bf739b893908/Java 8 compile]   | [INFO] Downloaded from central: https://repo.maven.apache.org/maven2/org/apache/maven/maven-monitor/2.0.6/maven-monitor-2.0.6.pom (1.3 kB at 157 kB/s)
[837708c3-5cc2-4a88-885b-bf739b893908/Java 8 compile]   | [INFO] Downloading from central: https://repo.maven.apache.org/maven2/classworlds/classworlds/1.1/classworlds-1.1.pom
[837708c3-5cc2-4a88-885b-bf739b893908/Java 8 compile]   | [INFO] Downloaded from central: https://repo.maven.apache.org/maven2/classworlds/classworlds/1.1/classworlds-1.1.pom (3.3 kB at 475 kB/s)
[837708c3-5cc2-4a88-885b-bf739b893908/Java 8 compile]   | [INFO] Downloading from central: https://repo.maven.apache.org/maven2/org/codehaus/plexus/plexus-utils/2.0.5/plexus-utils-2.0.5.pom
[837708c3-5cc2-4a88-885b-bf739b893908/Java 8 compile]   | [INFO] Downloaded from central: https://repo.maven.apache.org/maven2/org/codehaus/plexus/plexus-utils/2.0.5/plexus-utils-2.0.5.pom (3.3 kB at 556 kB/s)
[837708c3-5cc2-4a88-885b-bf739b893908/Java 8 compile]   | [INFO] Downloading from central: https://repo.maven.apache.org/maven2/org/codehaus/plexus/plexus/2.0.6/plexus-2.0.6.pom
[837708c3-5cc2-4a88-885b-bf739b893908/Java 8 compile]   | [INFO] Downloaded from central: https://repo.maven.apache.org/maven2/org/codehaus/plexus/plexus/2.0.6/plexus-2.0.6.pom (17 kB at 2.1 MB/s)
[837708c3-5cc2-4a88-885b-bf739b893908/Java 8 compile]   | [INFO] Downloading from central: https://repo.maven.apache.org/maven2/org/apache/maven/shared/maven-filtering/1.1/maven-filtering-1.1.pom
[837708c3-5cc2-4a88-885b-bf739b893908/Java 8 compile]   | [INFO] Downloaded from central: https://repo.maven.apache.org/maven2/org/apache/maven/shared/maven-filtering/1.1/maven-filtering-1.1.pom (5.8 kB at 827 kB/s)
[837708c3-5cc2-4a88-885b-bf739b893908/Java 8 compile]   | [INFO] Downloading from central: https://repo.maven.apache.org/maven2/org/apache/maven/shared/maven-shared-components/17/maven-shared-components-17.pom
[837708c3-5cc2-4a88-885b-bf739b893908/Java 8 compile]   | [INFO] Downloaded from central: https://repo.maven.apache.org/maven2/org/apache/maven/shared/maven-shared-components/17/maven-shared-components-17.pom (8.7 kB at 1.5 MB/s)
[837708c3-5cc2-4a88-885b-bf739b893908/Java 8 compile]   | [INFO] Downloading from central: https://repo.maven.apache.org/maven2/org/codehaus/plexus/plexus-utils/1.5.15/plexus-utils-1.5.15.pom
[837708c3-5cc2-4a88-885b-bf739b893908/Java 8 compile]   | [INFO] Downloaded from central: https://repo.maven.apache.org/maven2/org/codehaus/plexus/plexus-utils/1.5.15/plexus-utils-1.5.15.pom (6.8 kB at 978 kB/s)
[837708c3-5cc2-4a88-885b-bf739b893908/Java 8 compile]   | [INFO] Downloading from central: https://repo.maven.apache.org/maven2/org/codehaus/plexus/plexus/2.0.2/plexus-2.0.2.pom
[837708c3-5cc2-4a88-885b-bf739b893908/Java 8 compile]   | [INFO] Downloaded from central: https://repo.maven.apache.org/maven2/org/codehaus/plexus/plexus/2.0.2/plexus-2.0.2.pom (12 kB at 1.9 MB/s)
[837708c3-5cc2-4a88-885b-bf739b893908/Java 8 compile]   | [INFO] Downloading from central: https://repo.maven.apache.org/maven2/org/codehaus/plexus/plexus-interpolation/1.12/plexus-interpolation-1.12.pom
[837708c3-5cc2-4a88-885b-bf739b893908/Java 8 compile]   | [INFO] Downloaded from central: https://repo.maven.apache.org/maven2/org/codehaus/plexus/plexus-interpolation/1.12/plexus-interpolation-1.12.pom (889 B at 178 kB/s)
[837708c3-5cc2-4a88-885b-bf739b893908/Java 8 compile]   | [INFO] Downloading from central: https://repo.maven.apache.org/maven2/org/codehaus/plexus/plexus-components/1.1.14/plexus-components-1.1.14.pom
[837708c3-5cc2-4a88-885b-bf739b893908/Java 8 compile]   | [INFO] Downloaded from central: https://repo.maven.apache.org/maven2/org/codehaus/plexus/plexus-components/1.1.14/plexus-components-1.1.14.pom (5.8 kB at 974 kB/s)
[837708c3-5cc2-4a88-885b-bf739b893908/Java 8 compile]   | [INFO] Downloading from central: https://repo.maven.apache.org/maven2/org/sonatype/plexus/plexus-build-api/0.0.4/plexus-build-api-0.0.4.pom
[837708c3-5cc2-4a88-885b-bf739b893908/Java 8 compile]   | [INFO] Downloaded from central: https://repo.maven.apache.org/maven2/org/sonatype/plexus/plexus-build-api/0.0.4/plexus-build-api-0.0.4.pom (2.9 kB at 477 kB/s)
[837708c3-5cc2-4a88-885b-bf739b893908/Java 8 compile]   | [INFO] Downloading from central: https://repo.maven.apache.org/maven2/org/sonatype/spice/spice-parent/10/spice-parent-10.pom
[837708c3-5cc2-4a88-885b-bf739b893908/Java 8 compile]   | [INFO] Downloaded from central: https://repo.maven.apache.org/maven2/org/sonatype/spice/spice-parent/10/spice-parent-10.pom (3.0 kB at 431 kB/s)
[837708c3-5cc2-4a88-885b-bf739b893908/Java 8 compile]   | [INFO] Downloading from central: https://repo.maven.apache.org/maven2/org/sonatype/forge/forge-parent/3/forge-parent-3.pom
[837708c3-5cc2-4a88-885b-bf739b893908/Java 8 compile]   | [INFO] Downloaded from central: https://repo.maven.apache.org/maven2/org/sonatype/forge/forge-parent/3/forge-parent-3.pom (5.0 kB at 387 kB/s)
[837708c3-5cc2-4a88-885b-bf739b893908/Java 8 compile]   | [INFO] Downloading from central: https://repo.maven.apache.org/maven2/org/codehaus/plexus/plexus-utils/1.5.8/plexus-utils-1.5.8.pom
[837708c3-5cc2-4a88-885b-bf739b893908/Java 8 compile]   | [INFO] Downloaded from central: https://repo.maven.apache.org/maven2/org/codehaus/plexus/plexus-utils/1.5.8/plexus-utils-1.5.8.pom (8.1 kB at 1.3 MB/s)
[837708c3-5cc2-4a88-885b-bf739b893908/Java 8 compile]   | [INFO] Downloading from central: https://repo.maven.apache.org/maven2/org/codehaus/plexus/plexus-interpolation/1.13/plexus-interpolation-1.13.pom
[837708c3-5cc2-4a88-885b-bf739b893908/Java 8 compile]   | [INFO] Downloaded from central: https://repo.maven.apache.org/maven2/org/codehaus/plexus/plexus-interpolation/1.13/plexus-interpolation-1.13.pom (890 B at 148 kB/s)
[837708c3-5cc2-4a88-885b-bf739b893908/Java 8 compile]   | [INFO] Downloading from central: https://repo.maven.apache.org/maven2/org/codehaus/plexus/plexus-components/1.1.15/plexus-components-1.1.15.pom
[837708c3-5cc2-4a88-885b-bf739b893908/Java 8 compile]   | [INFO] Downloaded from central: https://repo.maven.apache.org/maven2/org/codehaus/plexus/plexus-components/1.1.15/plexus-components-1.1.15.pom (2.8 kB at 356 kB/s)
[837708c3-5cc2-4a88-885b-bf739b893908/Java 8 compile]   | [INFO] Downloading from central: https://repo.maven.apache.org/maven2/org/codehaus/plexus/plexus/2.0.3/plexus-2.0.3.pom
[837708c3-5cc2-4a88-885b-bf739b893908/Java 8 compile]   | [INFO] Downloaded from central: https://repo.maven.apache.org/maven2/org/codehaus/plexus/plexus/2.0.3/plexus-2.0.3.pom (15 kB at 1.3 MB/s)
[837708c3-5cc2-4a88-885b-bf739b893908/Java 8 compile]   | [INFO] Downloading from central: https://repo.maven.apache.org/maven2/org/apache/maven/maven-plugin-api/2.0.6/maven-plugin-api-2.0.6.jar
[837708c3-5cc2-4a88-885b-bf739b893908/Java 8 compile]   | [INFO] Downloading from central: https://repo.maven.apache.org/maven2/org/apache/maven/maven-project/2.0.6/maven-project-2.0.6.jar
[837708c3-5cc2-4a88-885b-bf739b893908/Java 8 compile]   | [INFO] Downloading from central: https://repo.maven.apache.org/maven2/org/apache/maven/maven-profile/2.0.6/maven-profile-2.0.6.jar
[837708c3-5cc2-4a88-885b-bf739b893908/Java 8 compile]   | [INFO] Downloading from central: https://repo.maven.apache.org/maven2/org/apache/maven/maven-artifact-manager/2.0.6/maven-artifact-manager-2.0.6.jar
[837708c3-5cc2-4a88-885b-bf739b893908/Java 8 compile]   | [INFO] Downloading from central: https://repo.maven.apache.org/maven2/org/apache/maven/maven-plugin-registry/2.0.6/maven-plugin-registry-2.0.6.jar
[837708c3-5cc2-4a88-885b-bf739b893908/Java 8 compile]   | [INFO] Downloaded from central: https://repo.maven.apache.org/maven2/org/apache/maven/maven-profile/2.0.6/maven-profile-2.0.6.jar (35 kB at 1.0 MB/s)
[837708c3-5cc2-4a88-885b-bf739b893908/Java 8 compile]   | [INFO] Downloading from central: https://repo.maven.apache.org/maven2/org/apache/maven/maven-core/2.0.6/maven-core-2.0.6.jar
[837708c3-5cc2-4a88-885b-bf739b893908/Java 8 compile]   | [INFO] Downloaded from central: https://repo.maven.apache.org/maven2/org/apache/maven/maven-project/2.0.6/maven-project-2.0.6.jar (116 kB at 2.9 MB/s)
[837708c3-5cc2-4a88-885b-bf739b893908/Java 8 compile]   | [INFO] Downloading from central: https://repo.maven.apache.org/maven2/org/apache/maven/maven-plugin-parameter-documenter/2.0.6/maven-plugin-parameter-documenter-2.0.6.jar
[837708c3-5cc2-4a88-885b-bf739b893908/Java 8 compile]   | [INFO] Downloaded from central: https://repo.maven.apache.org/maven2/org/apache/maven/maven-core/2.0.6/maven-core-2.0.6.jar (152 kB at 3.2 MB/s)
[837708c3-5cc2-4a88-885b-bf739b893908/Java 8 compile]   | [INFO] Downloading from central: https://repo.maven.apache.org/maven2/org/apache/maven/reporting/maven-reporting-api/2.0.6/maven-reporting-api-2.0.6.jar
[837708c3-5cc2-4a88-885b-bf739b893908/Java 8 compile]   | [INFO] Downloaded from central: https://repo.maven.apache.org/maven2/org/apache/maven/reporting/maven-reporting-api/2.0.6/maven-reporting-api-2.0.6.jar (9.9 kB at 171 kB/s)
[837708c3-5cc2-4a88-885b-bf739b893908/Java 8 compile]   | [INFO] Downloading from central: https://repo.maven.apache.org/maven2/org/apache/maven/doxia/doxia-sink-api/1.0-alpha-7/doxia-sink-api-1.0-alpha-7.jar
[837708c3-5cc2-4a88-885b-bf739b893908/Java 8 compile]   | [INFO] Downloaded from central: https://repo.maven.apache.org/maven2/org/apache/maven/maven-artifact-manager/2.0.6/maven-artifact-manager-2.0.6.jar (57 kB at 753 kB/s)
[837708c3-5cc2-4a88-885b-bf739b893908/Java 8 compile]   | [INFO] Downloading from central: https://repo.maven.apache.org/maven2/org/apache/maven/maven-repository-metadata/2.0.6/maven-repository-metadata-2.0.6.jar
[837708c3-5cc2-4a88-885b-bf739b893908/Java 8 compile]   | [INFO] Downloaded from central: https://repo.maven.apache.org/maven2/org/apache/maven/maven-plugin-registry/2.0.6/maven-plugin-registry-2.0.6.jar (29 kB at 348 kB/s)
[837708c3-5cc2-4a88-885b-bf739b893908/Java 8 compile]   | [INFO] Downloading from central: https://repo.maven.apache.org/maven2/org/apache/maven/maven-error-diagnostics/2.0.6/maven-error-diagnostics-2.0.6.jar
[837708c3-5cc2-4a88-885b-bf739b893908/Java 8 compile]   | [INFO] Downloaded from central: https://repo.maven.apache.org/maven2/org/apache/maven/maven-error-diagnostics/2.0.6/maven-error-diagnostics-2.0.6.jar (14 kB at 155 kB/s)
[837708c3-5cc2-4a88-885b-bf739b893908/Java 8 compile]   | [INFO] Downloading from central: https://repo.maven.apache.org/maven2/commons-cli/commons-cli/1.0/commons-cli-1.0.jar
[837708c3-5cc2-4a88-885b-bf739b893908/Java 8 compile]   | [INFO] Downloaded from central: https://repo.maven.apache.org/maven2/org/apache/maven/maven-plugin-api/2.0.6/maven-plugin-api-2.0.6.jar (13 kB at 114 kB/s)
[837708c3-5cc2-4a88-885b-bf739b893908/Java 8 compile]   | [INFO] Downloaded from central: https://repo.maven.apache.org/maven2/org/apache/maven/doxia/doxia-sink-api/1.0-alpha-7/doxia-sink-api-1.0-alpha-7.jar (5.9 kB at 59 kB/s)
[837708c3-5cc2-4a88-885b-bf739b893908/Java 8 compile]   | [INFO] Downloading from central: https://repo.maven.apache.org/maven2/org/apache/maven/maven-plugin-descriptor/2.0.6/maven-plugin-descriptor-2.0.6.jar
[837708c3-5cc2-4a88-885b-bf739b893908/Java 8 compile]   | [INFO] Downloading from central: https://repo.maven.apache.org/maven2/org/codehaus/plexus/plexus-interactivity-api/1.0-alpha-4/plexus-interactivity-api-1.0-alpha-4.jar
[837708c3-5cc2-4a88-885b-bf739b893908/Java 8 compile]   | [INFO] Downloaded from central: https://repo.maven.apache.org/maven2/commons-cli/commons-cli/1.0/commons-cli-1.0.jar (30 kB at 295 kB/s)
[837708c3-5cc2-4a88-885b-bf739b893908/Java 8 compile]   | [INFO] Downloading from central: https://repo.maven.apache.org/maven2/classworlds/classworlds/1.1/classworlds-1.1.jar
[837708c3-5cc2-4a88-885b-bf739b893908/Java 8 compile]   | [INFO] Downloaded from central: https://repo.maven.apache.org/maven2/org/apache/maven/maven-plugin-descriptor/2.0.6/maven-plugin-descriptor-2.0.6.jar (37 kB at 335 kB/s)
[837708c3-5cc2-4a88-885b-bf739b893908/Java 8 compile]   | [INFO] Downloading from central: https://repo.maven.apache.org/maven2/org/apache/maven/maven-artifact/2.0.6/maven-artifact-2.0.6.jar
[837708c3-5cc2-4a88-885b-bf739b893908/Java 8 compile]   | [INFO] Downloaded from central: https://repo.maven.apache.org/maven2/org/apache/maven/maven-repository-metadata/2.0.6/maven-repository-metadata-2.0.6.jar (24 kB at 215 kB/s)
[837708c3-5cc2-4a88-885b-bf739b893908/Java 8 compile]   | [INFO] Downloading from central: https://repo.maven.apache.org/maven2/org/apache/maven/maven-settings/2.0.6/maven-settings-2.0.6.jar
[837708c3-5cc2-4a88-885b-bf739b893908/Java 8 compile]   | [INFO] Downloaded from central: https://repo.maven.apache.org/maven2/org/codehaus/plexus/plexus-interactivity-api/1.0-alpha-4/plexus-interactivity-api-1.0-alpha-4.jar (13 kB at 114 kB/s)
[837708c3-5cc2-4a88-885b-bf739b893908/Java 8 compile]   | [INFO] Downloading from central: https://repo.maven.apache.org/maven2/org/apache/maven/maven-model/2.0.6/maven-model-2.0.6.jar
[837708c3-5cc2-4a88-885b-bf739b893908/Java 8 compile]   | [INFO] Downloaded from central: https://repo.maven.apache.org/maven2/classworlds/classworlds/1.1/classworlds-1.1.jar (38 kB at 310 kB/s)
[837708c3-5cc2-4a88-885b-bf739b893908/Java 8 compile]   | [INFO] Downloading from central: https://repo.maven.apache.org/maven2/org/apache/maven/maven-monitor/2.0.6/maven-monitor-2.0.6.jar
[837708c3-5cc2-4a88-885b-bf739b893908/Java 8 compile]   | [INFO] Downloaded from central: https://repo.maven.apache.org/maven2/org/apache/maven/maven-artifact/2.0.6/maven-artifact-2.0.6.jar (87 kB at 705 kB/s)
[837708c3-5cc2-4a88-885b-bf739b893908/Java 8 compile]   | [INFO] Downloading from central: https://repo.maven.apache.org/maven2/org/codehaus/plexus/plexus-container-default/1.0-alpha-9-stable-1/plexus-container-default-1.0-alpha-9-stable-1.jar
[837708c3-5cc2-4a88-885b-bf739b893908/Java 8 compile]   | [INFO] Downloaded from central: https://repo.maven.apache.org/maven2/org/apache/maven/maven-settings/2.0.6/maven-settings-2.0.6.jar (49 kB at 390 kB/s)
[837708c3-5cc2-4a88-885b-bf739b893908/Java 8 compile]   | [INFO] Downloading from central: https://repo.maven.apache.org/maven2/junit/junit/3.8.1/junit-3.8.1.jar
[837708c3-5cc2-4a88-885b-bf739b893908/Java 8 compile]   | [INFO] Downloaded from central: https://repo.maven.apache.org/maven2/org/apache/maven/maven-monitor/2.0.6/maven-monitor-2.0.6.jar (10 kB at 81 kB/s)
[837708c3-5cc2-4a88-885b-bf739b893908/Java 8 compile]   | [INFO] Downloading from central: https://repo.maven.apache.org/maven2/org/codehaus/plexus/plexus-utils/2.0.5/plexus-utils-2.0.5.jar
[837708c3-5cc2-4a88-885b-bf739b893908/Java 8 compile]   | [INFO] Downloaded from central: https://repo.maven.apache.org/maven2/org/apache/maven/maven-plugin-parameter-documenter/2.0.6/maven-plugin-parameter-documenter-2.0.6.jar (21 kB at 135 kB/s)
[837708c3-5cc2-4a88-885b-bf739b893908/Java 8 compile]   | [INFO] Downloading from central: https://repo.maven.apache.org/maven2/org/apache/maven/shared/maven-filtering/1.1/maven-filtering-1.1.jar
[837708c3-5cc2-4a88-885b-bf739b893908/Java 8 compile]   | [INFO] Downloaded from central: https://repo.maven.apache.org/maven2/org/apache/maven/shared/maven-filtering/1.1/maven-filtering-1.1.jar (43 kB at 269 kB/s)
[837708c3-5cc2-4a88-885b-bf739b893908/Java 8 compile]   | [INFO] Downloading from central: https://repo.maven.apache.org/maven2/org/sonatype/plexus/plexus-build-api/0.0.4/plexus-build-api-0.0.4.jar
[837708c3-5cc2-4a88-885b-bf739b893908/Java 8 compile]   | [INFO] Downloaded from central: https://repo.maven.apache.org/maven2/org/apache/maven/maven-model/2.0.6/maven-model-2.0.6.jar (86 kB at 533 kB/s)
[837708c3-5cc2-4a88-885b-bf739b893908/Java 8 compile]   | [INFO] Downloading from central: https://repo.maven.apache.org/maven2/org/codehaus/plexus/plexus-interpolation/1.13/plexus-interpolation-1.13.jar
[837708c3-5cc2-4a88-885b-bf739b893908/Java 8 compile]   | [INFO] Downloaded from central: https://repo.maven.apache.org/maven2/junit/junit/3.8.1/junit-3.8.1.jar (121 kB at 738 kB/s)
[837708c3-5cc2-4a88-885b-bf739b893908/Java 8 compile]   | [INFO] Downloaded from central: https://repo.maven.apache.org/maven2/org/codehaus/plexus/plexus-container-default/1.0-alpha-9-stable-1/plexus-container-default-1.0-alpha-9-stable-1.jar (194 kB at 1.2 MB/s)
[837708c3-5cc2-4a88-885b-bf739b893908/Java 8 compile]   | [INFO] Downloaded from central: https://repo.maven.apache.org/maven2/org/sonatype/plexus/plexus-build-api/0.0.4/plexus-build-api-0.0.4.jar (6.8 kB at 37 kB/s)
[837708c3-5cc2-4a88-885b-bf739b893908/Java 8 compile]   | [INFO] Downloaded from central: https://repo.maven.apache.org/maven2/org/codehaus/plexus/plexus-interpolation/1.13/plexus-interpolation-1.13.jar (61 kB at 332 kB/s)
[837708c3-5cc2-4a88-885b-bf739b893908/Java 8 compile]   | [INFO] Downloaded from central: https://repo.maven.apache.org/maven2/org/codehaus/plexus/plexus-utils/2.0.5/plexus-utils-2.0.5.jar (223 kB at 1.2 MB/s)
[837708c3-5cc2-4a88-885b-bf739b893908/Java 8 compile]   | [INFO] Using 'UTF-8' encoding to copy filtered resources.
[837708c3-5cc2-4a88-885b-bf739b893908/Java 8 compile]   | [INFO] skip non existing resourceDirectory /tmp/2a192c7f-b64d-464a-a69d-c134c4865681/src/main/resources
[837708c3-5cc2-4a88-885b-bf739b893908/Java 8 compile]   | [INFO] 
[837708c3-5cc2-4a88-885b-bf739b893908/Java 8 compile]   | [INFO] --- maven-compiler-plugin:3.3:compile (default-compile) @ urnlib ---
[837708c3-5cc2-4a88-885b-bf739b893908/Java 8 compile]   | [INFO] Downloading from central: https://repo.maven.apache.org/maven2/org/apache/maven/maven-plugin-api/2.2.1/maven-plugin-api-2.2.1.pom
[837708c3-5cc2-4a88-885b-bf739b893908/Java 8 compile]   | [INFO] Downloaded from central: https://repo.maven.apache.org/maven2/org/apache/maven/maven-plugin-api/2.2.1/maven-plugin-api-2.2.1.pom (1.5 kB at 182 kB/s)
[837708c3-5cc2-4a88-885b-bf739b893908/Java 8 compile]   | [INFO] Downloading from central: https://repo.maven.apache.org/maven2/org/apache/maven/maven/2.2.1/maven-2.2.1.pom
[837708c3-5cc2-4a88-885b-bf739b893908/Java 8 compile]   | [INFO] Downloaded from central: https://repo.maven.apache.org/maven2/org/apache/maven/maven/2.2.1/maven-2.2.1.pom (22 kB at 2.8 MB/s)
[837708c3-5cc2-4a88-885b-bf739b893908/Java 8 compile]   | [INFO] Downloading from central: https://repo.maven.apache.org/maven2/org/apache/maven/maven-parent/11/maven-parent-11.pom
[837708c3-5cc2-4a88-885b-bf739b893908/Java 8 compile]   | [INFO] Downloaded from central: https://repo.maven.apache.org/maven2/org/apache/maven/maven-parent/11/maven-parent-11.pom (32 kB at 4.6 MB/s)
[837708c3-5cc2-4a88-885b-bf739b893908/Java 8 compile]   | [INFO] Downloading from central: https://repo.maven.apache.org/maven2/org/apache/apache/5/apache-5.pom
[837708c3-5cc2-4a88-885b-bf739b893908/Java 8 compile]   | [INFO] Downloaded from central: https://repo.maven.apache.org/maven2/org/apache/apache/5/apache-5.pom (4.1 kB at 819 kB/s)
[837708c3-5cc2-4a88-885b-bf739b893908/Java 8 compile]   | [INFO] Downloading from central: https://repo.maven.apache.org/maven2/org/apache/maven/maven-artifact/2.2.1/maven-artifact-2.2.1.pom
[837708c3-5cc2-4a88-885b-bf739b893908/Java 8 compile]   | [INFO] Downloaded from central: https://repo.maven.apache.org/maven2/org/apache/maven/maven-artifact/2.2.1/maven-artifact-2.2.1.pom (1.6 kB at 264 kB/s)
[837708c3-5cc2-4a88-885b-bf739b893908/Java 8 compile]   | [INFO] Downloading from central: https://repo.maven.apache.org/maven2/org/apache/maven/maven-core/2.2.1/maven-core-2.2.1.pom
[837708c3-5cc2-4a88-885b-bf739b893908/Java 8 compile]   | [INFO] Downloaded from central: https://repo.maven.apache.org/maven2/org/apache/maven/maven-core/2.2.1/maven-core-2.2.1.pom (12 kB at 1.7 MB/s)
[837708c3-5cc2-4a88-885b-bf739b893908/Java 8 compile]   | [INFO] Downloading from central: https://repo.maven.apache.org/maven2/org/apache/maven/maven-settings/2.2.1/maven-settings-2.2.1.pom
[837708c3-5cc2-4a88-885b-bf739b893908/Java 8 compile]   | [INFO] Downloaded from central: https://repo.maven.apache.org/maven2/org/apache/maven/maven-settings/2.2.1/maven-settings-2.2.1.pom (2.2 kB at 436 kB/s)
[837708c3-5cc2-4a88-885b-bf739b893908/Java 8 compile]   | [INFO] Downloading from central: https://repo.maven.apache.org/maven2/org/apache/maven/maven-model/2.2.1/maven-model-2.2.1.pom
[837708c3-5cc2-4a88-885b-bf739b893908/Java 8 compile]   | [INFO] Downloaded from central: https://repo.maven.apache.org/maven2/org/apache/maven/maven-model/2.2.1/maven-model-2.2.1.pom (3.2 kB at 540 kB/s)
[837708c3-5cc2-4a88-885b-bf739b893908/Java 8 compile]   | [INFO] Downloading from central: https://repo.maven.apache.org/maven2/org/codehaus/plexus/plexus-interpolation/1.11/plexus-interpolation-1.11.pom
[837708c3-5cc2-4a88-885b-bf739b893908/Java 8 compile]   | [INFO] Downloaded from central: https://repo.maven.apache.org/maven2/org/codehaus/plexus/plexus-interpolation/1.11/plexus-interpolation-1.11.pom (889 B at 148 kB/s)
[837708c3-5cc2-4a88-885b-bf739b893908/Java 8 compile]   | [INFO] Downloading from central: https://repo.maven.apache.org/maven2/org/apache/maven/maven-plugin-parameter-documenter/2.2.1/maven-plugin-parameter-documenter-2.2.1.pom
[837708c3-5cc2-4a88-885b-bf739b893908/Java 8 compile]   | [INFO] Downloaded from central: https://repo.maven.apache.org/maven2/org/apache/maven/maven-plugin-parameter-documenter/2.2.1/maven-plugin-parameter-documenter-2.2.1.pom (2.0 kB at 326 kB/s)
[837708c3-5cc2-4a88-885b-bf739b893908/Java 8 compile]   | [INFO] Downloading from central: https://repo.maven.apache.org/maven2/org/slf4j/slf4j-jdk14/1.5.6/slf4j-jdk14-1.5.6.pom
[837708c3-5cc2-4a88-885b-bf739b893908/Java 8 compile]   | [INFO] Downloaded from central: https://repo.maven.apache.org/maven2/org/slf4j/slf4j-jdk14/1.5.6/slf4j-jdk14-1.5.6.pom (1.9 kB at 271 kB/s)
[837708c3-5cc2-4a88-885b-bf739b893908/Java 8 compile]   | [INFO] Downloading from central: https://repo.maven.apache.org/maven2/org/slf4j/slf4j-parent/1.5.6/slf4j-parent-1.5.6.pom
[837708c3-5cc2-4a88-885b-bf739b893908/Java 8 compile]   | [INFO] Downloaded from central: https://repo.maven.apache.org/maven2/org/slf4j/slf4j-parent/1.5.6/slf4j-parent-1.5.6.pom (7.9 kB at 1.3 MB/s)
[837708c3-5cc2-4a88-885b-bf739b893908/Java 8 compile]   | [INFO] Downloading from central: https://repo.maven.apache.org/maven2/org/slf4j/slf4j-api/1.5.6/slf4j-api-1.5.6.pom
[837708c3-5cc2-4a88-885b-bf739b893908/Java 8 compile]   | [INFO] Downloaded from central: https://repo.maven.apache.org/maven2/org/slf4j/slf4j-api/1.5.6/slf4j-api-1.5.6.pom (3.0 kB at 497 kB/s)
[837708c3-5cc2-4a88-885b-bf739b893908/Java 8 compile]   | [INFO] Downloading from central: https://repo.maven.apache.org/maven2/org/slf4j/jcl-over-slf4j/1.5.6/jcl-over-slf4j-1.5.6.pom
[837708c3-5cc2-4a88-885b-bf739b893908/Java 8 compile]   | [INFO] Downloaded from central: https://repo.maven.apache.org/maven2/org/slf4j/jcl-over-slf4j/1.5.6/jcl-over-slf4j-1.5.6.pom (2.2 kB at 362 kB/s)
[837708c3-5cc2-4a88-885b-bf739b893908/Java 8 compile]   | [INFO] Downloading from central: https://repo.maven.apache.org/maven2/org/apache/maven/maven-profile/2.2.1/maven-profile-2.2.1.pom
[837708c3-5cc2-4a88-885b-bf739b893908/Java 8 compile]   | [INFO] Downloaded from central: https://repo.maven.apache.org/maven2/org/apache/maven/maven-profile/2.2.1/maven-profile-2.2.1.pom (2.2 kB at 362 kB/s)
[837708c3-5cc2-4a88-885b-bf739b893908/Java 8 compile]   | [INFO] Downloading from central: https://repo.maven.apache.org/maven2/org/apache/maven/maven-repository-metadata/2.2.1/maven-repository-metadata-2.2.1.pom
[837708c3-5cc2-4a88-885b-bf739b893908/Java 8 compile]   | [INFO] Downloaded from central: https://repo.maven.apache.org/maven2/org/apache/maven/maven-repository-metadata/2.2.1/maven-repository-metadata-2.2.1.pom (1.9 kB at 267 kB/s)
[837708c3-5cc2-4a88-885b-bf739b893908/Java 8 compile]   | [INFO] Downloading from central: https://repo.maven.apache.org/maven2/org/apache/maven/maven-error-diagnostics/2.2.1/maven-error-diagnostics-2.2.1.pom
[837708c3-5cc2-4a88-885b-bf739b893908/Java 8 compile]   | [INFO] Downloaded from central: https://repo.maven.apache.org/maven2/org/apache/maven/maven-error-diagnostics/2.2.1/maven-error-diagnostics-2.2.1.pom (1.7 kB at 244 kB/s)
[837708c3-5cc2-4a88-885b-bf739b893908/Java 8 compile]   | [INFO] Downloading from central: https://repo.maven.apache.org/maven2/org/apache/maven/maven-project/2.2.1/maven-project-2.2.1.pom
[837708c3-5cc2-4a88-885b-bf739b893908/Java 8 compile]   | [INFO] Downloaded from central: https://repo.maven.apache.org/maven2/org/apache/maven/maven-project/2.2.1/maven-project-2.2.1.pom (2.8 kB at 462 kB/s)
[837708c3-5cc2-4a88-885b-bf739b893908/Java 8 compile]   | [INFO] Downloading from central: https://repo.maven.apache.org/maven2/org/apache/maven/maven-artifact-manager/2.2.1/maven-artifact-manager-2.2.1.pom
[837708c3-5cc2-4a88-885b-bf739b893908/Java 8 compile]   | [INFO] Downloaded from central: https://repo.maven.apache.org/maven2/org/apache/maven/maven-artifact-manager/2.2.1/maven-artifact-manager-2.2.1.pom (3.1 kB at 621 kB/s)
[837708c3-5cc2-4a88-885b-bf739b893908/Java 8 compile]   | [INFO] Downloading from central: https://repo.maven.apache.org/maven2/backport-util-concurrent/backport-util-concurrent/3.1/backport-util-concurrent-3.1.pom
[837708c3-5cc2-4a88-885b-bf739b893908/Java 8 compile]   | [INFO] Downloaded from central: https://repo.maven.apache.org/maven2/backport-util-concurrent/backport-util-concurrent/3.1/backport-util-concurrent-3.1.pom (880 B at 73 kB/s)
[837708c3-5cc2-4a88-885b-bf739b893908/Java 8 compile]   | [INFO] Downloading from central: https://repo.maven.apache.org/maven2/org/apache/maven/maven-plugin-registry/2.2.1/maven-plugin-registry-2.2.1.pom
[837708c3-5cc2-4a88-885b-bf739b893908/Java 8 compile]   | [INFO] Downloaded from central: https://repo.maven.apache.org/maven2/org/apache/maven/maven-plugin-registry/2.2.1/maven-plugin-registry-2.2.1.pom (1.9 kB at 161 kB/s)
[837708c3-5cc2-4a88-885b-bf739b893908/Java 8 compile]   | [INFO] Downloading from central: https://repo.maven.apache.org/maven2/org/apache/maven/maven-plugin-descriptor/2.2.1/maven-plugin-descriptor-2.2.1.pom
[837708c3-5cc2-4a88-885b-bf739b893908/Java 8 compile]   | [INFO] Downloaded from central: https://repo.maven.apache.org/maven2/org/apache/maven/maven-plugin-descriptor/2.2.1/maven-plugin-descriptor-2.2.1.pom (2.1 kB at 172 kB/s)
[837708c3-5cc2-4a88-885b-bf739b893908/Java 8 compile]   | [INFO] Downloading from central: https://repo.maven.apache.org/maven2/org/apache/maven/maven-monitor/2.2.1/maven-monitor-2.2.1.pom
[837708c3-5cc2-4a88-885b-bf739b893908/Java 8 compile]   | [INFO] Downloaded from central: https://repo.maven.apache.org/maven2/org/apache/maven/maven-monitor/2.2.1/maven-monitor-2.2.1.pom (1.3 kB at 140 kB/s)
[837708c3-5cc2-4a88-885b-bf739b893908/Java 8 compile]   | [INFO] Downloading from central: https://repo.maven.apache.org/maven2/org/sonatype/plexus/plexus-sec-dispatcher/1.3/plexus-sec-dispatcher-1.3.pom
[837708c3-5cc2-4a88-885b-bf739b893908/Java 8 compile]   | [INFO] Downloaded from central: https://repo.maven.apache.org/maven2/org/sonatype/plexus/plexus-sec-dispatcher/1.3/plexus-sec-dispatcher-1.3.pom (3.0 kB at 296 kB/s)
[837708c3-5cc2-4a88-885b-bf739b893908/Java 8 compile]   | [INFO] Downloading from central: https://repo.maven.apache.org/maven2/org/sonatype/spice/spice-parent/12/spice-parent-12.pom
[837708c3-5cc2-4a88-885b-bf739b893908/Java 8 compile]   | [INFO] Downloaded from central: https://repo.maven.apache.org/maven2/org/sonatype/spice/spice-parent/12/spice-parent-12.pom (6.8 kB at 174 kB/s)
[837708c3-5cc2-4a88-885b-bf739b893908/Java 8 compile]   | [INFO] Downloading from central: https://repo.maven.apache.org/maven2/org/sonatype/forge/forge-parent/4/forge-parent-4.pom
[837708c3-5cc2-4a88-885b-bf739b893908/Java 8 compile]   | [INFO] Downloaded from central: https://repo.maven.apache.org/maven2/org/sonatype/forge/forge-parent/4/forge-parent-4.pom (8.4 kB at 1.0 MB/s)
[837708c3-5cc2-4a88-885b-bf739b893908/Java 8 compile]   | [INFO] Downloading from central: https://repo.maven.apache.org/maven2/org/codehaus/plexus/plexus-utils/1.5.5/plexus-utils-1.5.5.pom
[837708c3-5cc2-4a88-885b-bf739b893908/Java 8 compile]   | [INFO] Downloaded from central: https://repo.maven.apache.org/maven2/org/codehaus/plexus/plexus-utils/1.5.5/plexus-utils-1.5.5.pom (5.1 kB at 858 kB/s)
[837708c3-5cc2-4a88-885b-bf739b893908/Java 8 compile]   | [INFO] Downloading from central: https://repo.maven.apache.org/maven2/org/sonatype/plexus/plexus-cipher/1.4/plexus-cipher-1.4.pom
[837708c3-5cc2-4a88-885b-bf739b893908/Java 8 compile]   | [INFO] Downloaded from central: https://repo.maven.apache.org/maven2/org/sonatype/plexus/plexus-cipher/1.4/plexus-cipher-1.4.pom (2.1 kB at 344 kB/s)
[837708c3-5cc2-4a88-885b-bf739b893908/Java 8 compile]   | [INFO] Downloading from central: https://repo.maven.apache.org/maven2/org/apache/maven/maven-toolchain/2.2.1/maven-toolchain-2.2.1.pom
[837708c3-5cc2-4a88-885b-bf739b893908/Java 8 compile]   | [INFO] Downloaded from central: https://repo.maven.apache.org/maven2/org/apache/maven/maven-toolchain/2.2.1/maven-toolchain-2.2.1.pom (3.3 kB at 372 kB/s)
[837708c3-5cc2-4a88-885b-bf739b893908/Java 8 compile]   | [INFO] Downloading from central: https://repo.maven.apache.org/maven2/org/apache/maven/reporting/maven-reporting-api/2.2.1/maven-reporting-api-2.2.1.pom
[837708c3-5cc2-4a88-885b-bf739b893908/Java 8 compile]   | [INFO] Downloaded from central: https://repo.maven.apache.org/maven2/org/apache/maven/reporting/maven-reporting-api/2.2.1/maven-reporting-api-2.2.1.pom (1.9 kB at 232 kB/s)
[837708c3-5cc2-4a88-885b-bf739b893908/Java 8 compile]   | [INFO] Downloading from central: https://repo.maven.apache.org/maven2/org/apache/maven/reporting/maven-reporting/2.2.1/maven-reporting-2.2.1.pom
[837708c3-5cc2-4a88-885b-bf739b893908/Java 8 compile]   | [INFO] Downloaded from central: https://repo.maven.apache.org/maven2/org/apache/maven/reporting/maven-reporting/2.2.1/maven-reporting-2.2.1.pom (1.4 kB at 180 kB/s)
[837708c3-5cc2-4a88-885b-bf739b893908/Java 8 compile]   | [INFO] Downloading from central: https://repo.maven.apache.org/maven2/org/apache/maven/doxia/doxia-sink-api/1.1/doxia-sink-api-1.1.pom
[837708c3-5cc2-4a88-885b-bf739b893908/Java 8 compile]   | [INFO] Downloaded from central: https://repo.maven.apache.org/maven2/org/apache/maven/doxia/doxia-sink-api/1.1/doxia-sink-api-1.1.pom (2.0 kB at 340 kB/s)
[837708c3-5cc2-4a88-885b-bf739b893908/Java 8 compile]   | [INFO] Downloading from central: https://repo.maven.apache.org/maven2/org/apache/maven/doxia/doxia/1.1/doxia-1.1.pom
[837708c3-5cc2-4a88-885b-bf739b893908/Java 8 compile]   | [INFO] Downloaded from central: https://repo.maven.apache.org/maven2/org/apache/maven/doxia/doxia/1.1/doxia-1.1.pom (15 kB at 1.3 MB/s)
[837708c3-5cc2-4a88-885b-bf739b893908/Java 8 compile]   | [INFO] Downloading from central: https://repo.maven.apache.org/maven2/org/apache/maven/doxia/doxia-logging-api/1.1/doxia-logging-api-1.1.pom
[837708c3-5cc2-4a88-885b-bf739b893908/Java 8 compile]   | [INFO] Downloaded from central: https://repo.maven.apache.org/maven2/org/apache/maven/doxia/doxia-logging-api/1.1/doxia-logging-api-1.1.pom (1.6 kB at 11 kB/s)
[837708c3-5cc2-4a88-885b-bf739b893908/Java 8 compile]   | [INFO] Downloading from central: https://repo.maven.apache.org/maven2/org/codehaus/plexus/plexus-container-default/1.0-alpha-30/plexus-container-default-1.0-alpha-30.pom
[837708c3-5cc2-4a88-885b-bf739b893908/Java 8 compile]   | [INFO] Downloaded from central: https://repo.maven.apache.org/maven2/org/codehaus/plexus/plexus-container-default/1.0-alpha-30/plexus-container-default-1.0-alpha-30.pom (3.5 kB at 580 kB/s)
[837708c3-5cc2-4a88-885b-bf739b893908/Java 8 compile]   | [INFO] Downloading from central: https://repo.maven.apache.org/maven2/org/codehaus/plexus/plexus-containers/1.0-alpha-30/plexus-containers-1.0-alpha-30.pom
[837708c3-5cc2-4a88-885b-bf739b893908/Java 8 compile]   | [INFO] Downloaded from central: https://repo.maven.apache.org/maven2/org/codehaus/plexus/plexus-containers/1.0-alpha-30/plexus-containers-1.0-alpha-30.pom (1.9 kB at 316 kB/s)
[837708c3-5cc2-4a88-885b-bf739b893908/Java 8 compile]   | [INFO] Downloading from central: https://repo.maven.apache.org/maven2/org/codehaus/plexus/plexus-utils/1.4.5/plexus-utils-1.4.5.pom
[837708c3-5cc2-4a88-885b-bf739b893908/Java 8 compile]   | [INFO] Downloaded from central: https://repo.maven.apache.org/maven2/org/codehaus/plexus/plexus-utils/1.4.5/plexus-utils-1.4.5.pom (2.3 kB at 453 kB/s)
[837708c3-5cc2-4a88-885b-bf739b893908/Java 8 compile]   | [INFO] Downloading from central: https://repo.maven.apache.org/maven2/org/codehaus/plexus/plexus-classworlds/1.2-alpha-9/plexus-classworlds-1.2-alpha-9.pom
[837708c3-5cc2-4a88-885b-bf739b893908/Java 8 compile]   | [INFO] Downloaded from central: https://repo.maven.apache.org/maven2/org/codehaus/plexus/plexus-classworlds/1.2-alpha-9/plexus-classworlds-1.2-alpha-9.pom (3.2 kB at 537 kB/s)
[837708c3-5cc2-4a88-885b-bf739b893908/Java 8 compile]   | [INFO] Downloading from central: https://repo.maven.apache.org/maven2/org/codehaus/plexus/plexus/1.0.10/plexus-1.0.10.pom
[837708c3-5cc2-4a88-885b-bf739b893908/Java 8 compile]   | [INFO] Downloaded from central: https://repo.maven.apache.org/maven2/org/codehaus/plexus/plexus/1.0.10/plexus-1.0.10.pom (8.2 kB at 1.6 MB/s)
[837708c3-5cc2-4a88-885b-bf739b893908/Java 8 compile]   | [INFO] Downloading from central: https://repo.maven.apache.org/maven2/commons-cli/commons-cli/1.2/commons-cli-1.2.pom
[837708c3-5cc2-4a88-885b-bf739b893908/Java 8 compile]   | [INFO] Downloaded from central: https://repo.maven.apache.org/maven2/commons-cli/commons-cli/1.2/commons-cli-1.2.pom (8.0 kB at 887 kB/s)
[837708c3-5cc2-4a88-885b-bf739b893908/Java 8 compile]   | [INFO] Downloading from central: https://repo.maven.apache.org/maven2/org/apache/commons/commons-parent/11/commons-parent-11.pom
[837708c3-5cc2-4a88-885b-bf739b893908/Java 8 compile]   | [INFO] Downloaded from central: https://repo.maven.apache.org/maven2/org/apache/commons/commons-parent/11/commons-parent-11.pom (25 kB at 2.1 MB/s)
[837708c3-5cc2-4a88-885b-bf739b893908/Java 8 compile]   | [INFO] Downloading from central: https://repo.maven.apache.org/maven2/org/apache/apache/4/apache-4.pom
[837708c3-5cc2-4a88-885b-bf739b893908/Java 8 compile]   | [INFO] Downloaded from central: https://repo.maven.apache.org/maven2/org/apache/apache/4/apache-4.pom (4.5 kB at 899 kB/s)
[837708c3-5cc2-4a88-885b-bf739b893908/Java 8 compile]   | [INFO] Downloading from central: https://repo.maven.apache.org/maven2/org/apache/maven/shared/maven-shared-utils/0.7/maven-shared-utils-0.7.pom
[837708c3-5cc2-4a88-885b-bf739b893908/Java 8 compile]   | [INFO] Downloaded from central: https://repo.maven.apache.org/maven2/org/apache/maven/shared/maven-shared-utils/0.7/maven-shared-utils-0.7.pom (5.0 kB at 1.0 MB/s)
[837708c3-5cc2-4a88-885b-bf739b893908/Java 8 compile]   | [INFO] Downloading from central: https://repo.maven.apache.org/maven2/org/apache/maven/shared/maven-shared-components/20/maven-shared-components-20.pom
[837708c3-5cc2-4a88-885b-bf739b893908/Java 8 compile]   | [INFO] Downloaded from central: https://repo.maven.apache.org/maven2/org/apache/maven/shared/maven-shared-components/20/maven-shared-components-20.pom (5.1 kB at 851 kB/s)
[837708c3-5cc2-4a88-885b-bf739b893908/Java 8 compile]   | [INFO] Downloading from central: https://repo.maven.apache.org/maven2/com/google/code/findbugs/jsr305/2.0.1/jsr305-2.0.1.pom
[837708c3-5cc2-4a88-885b-bf739b893908/Java 8 compile]   | [INFO] Downloaded from central: https://repo.maven.apache.org/maven2/com/google/code/findbugs/jsr305/2.0.1/jsr305-2.0.1.pom (965 B at 96 kB/s)
[837708c3-5cc2-4a88-885b-bf739b893908/Java 8 compile]   | [INFO] Downloading from central: https://repo.maven.apache.org/maven2/org/apache/maven/shared/maven-shared-incremental/1.1/maven-shared-incremental-1.1.pom
[837708c3-5cc2-4a88-885b-bf739b893908/Java 8 compile]   | [INFO] Downloaded from central: https://repo.maven.apache.org/maven2/org/apache/maven/shared/maven-shared-incremental/1.1/maven-shared-incremental-1.1.pom (4.7 kB at 279 kB/s)
[837708c3-5cc2-4a88-885b-bf739b893908/Java 8 compile]   | [INFO] Downloading from central: https://repo.maven.apache.org/maven2/org/apache/maven/shared/maven-shared-components/19/maven-shared-components-19.pom
[837708c3-5cc2-4a88-885b-bf739b893908/Java 8 compile]   | [INFO] Downloaded from central: https://repo.maven.apache.org/maven2/org/apache/maven/shared/maven-shared-components/19/maven-shared-components-19.pom (6.4 kB at 489 kB/s)
[837708c3-5cc2-4a88-885b-bf739b893908/Java 8 compile]   | [INFO] Downloading from central: https://repo.maven.apache.org/maven2/org/apache/maven/maven-parent/23/maven-parent-23.pom
[837708c3-5cc2-4a88-885b-bf739b893908/Java 8 compile]   | [INFO] Downloaded from central: https://repo.maven.apache.org/maven2/org/apache/maven/maven-parent/23/maven-parent-23.pom (33 kB at 3.3 MB/s)
[837708c3-5cc2-4a88-885b-bf739b893908/Java 8 compile]   | [INFO] Downloading from central: https://repo.maven.apache.org/maven2/org/apache/apache/13/apache-13.pom
[837708c3-5cc2-4a88-885b-bf739b893908/Java 8 compile]   | [INFO] Downloaded from central: https://repo.maven.apache.org/maven2/org/apache/apache/13/apache-13.pom (14 kB at 635 kB/s)
[837708c3-5cc2-4a88-885b-bf739b893908/Java 8 compile]   | [INFO] Downloading from central: https://repo.maven.apache.org/maven2/org/apache/maven/shared/maven-shared-utils/0.1/maven-shared-utils-0.1.pom
[837708c3-5cc2-4a88-885b-bf739b893908/Java 8 compile]   | [INFO] Downloaded from central: https://repo.maven.apache.org/maven2/org/apache/maven/shared/maven-shared-utils/0.1/maven-shared-utils-0.1.pom (4.0 kB at 506 kB/s)
[837708c3-5cc2-4a88-885b-bf739b893908/Java 8 compile]   | [INFO] Downloading from central: https://repo.maven.apache.org/maven2/org/apache/maven/shared/maven-shared-components/18/maven-shared-components-18.pom
[837708c3-5cc2-4a88-885b-bf739b893908/Java 8 compile]   | [INFO] Downloaded from central: https://repo.maven.apache.org/maven2/org/apache/maven/shared/maven-shared-components/18/maven-shared-components-18.pom (4.9 kB at 548 kB/s)
[837708c3-5cc2-4a88-885b-bf739b893908/Java 8 compile]   | [INFO] Downloading from central: https://repo.maven.apache.org/maven2/org/codehaus/plexus/plexus-component-annotations/1.5.5/plexus-component-annotations-1.5.5.pom
[837708c3-5cc2-4a88-885b-bf739b893908/Java 8 compile]   | [INFO] Downloaded from central: https://repo.maven.apache.org/maven2/org/codehaus/plexus/plexus-component-annotations/1.5.5/plexus-component-annotations-1.5.5.pom (815 B at 91 kB/s)
[837708c3-5cc2-4a88-885b-bf739b893908/Java 8 compile]   | [INFO] Downloading from central: https://repo.maven.apache.org/maven2/org/codehaus/plexus/plexus-containers/1.5.5/plexus-containers-1.5.5.pom
[837708c3-5cc2-4a88-885b-bf739b893908/Java 8 compile]   | [INFO] Downloaded from central: https://repo.maven.apache.org/maven2/org/codehaus/plexus/plexus-containers/1.5.5/plexus-containers-1.5.5.pom (4.2 kB at 530 kB/s)
[837708c3-5cc2-4a88-885b-bf739b893908/Java 8 compile]   | [INFO] Downloading from central: https://repo.maven.apache.org/maven2/org/codehaus/plexus/plexus/2.0.7/plexus-2.0.7.pom
[837708c3-5cc2-4a88-885b-bf739b893908/Java 8 compile]   | [INFO] Downloaded from central: https://repo.maven.apache.org/maven2/org/codehaus/plexus/plexus/2.0.7/plexus-2.0.7.pom (17 kB at 2.5 MB/s)
[837708c3-5cc2-4a88-885b-bf739b893908/Java 8 compile]   | [INFO] Downloading from central: https://repo.maven.apache.org/maven2/org/codehaus/plexus/plexus-compiler-api/2.5/plexus-compiler-api-2.5.pom
[837708c3-5cc2-4a88-885b-bf739b893908/Java 8 compile]   | [INFO] Downloaded from central: https://repo.maven.apache.org/maven2/org/codehaus/plexus/plexus-compiler-api/2.5/plexus-compiler-api-2.5.pom (865 B at 51 kB/s)
[837708c3-5cc2-4a88-885b-bf739b893908/Java 8 compile]   | [INFO] Downloading from central: https://repo.maven.apache.org/maven2/org/codehaus/plexus/plexus-compiler/2.5/plexus-compiler-2.5.pom
[837708c3-5cc2-4a88-885b-bf739b893908/Java 8 compile]   | [INFO] Downloaded from central: https://repo.maven.apache.org/maven2/org/codehaus/plexus/plexus-compiler/2.5/plexus-compiler-2.5.pom (5.3 kB at 591 kB/s)
[837708c3-5cc2-4a88-885b-bf739b893908/Java 8 compile]   | [INFO] Downloading from central: https://repo.maven.apache.org/maven2/org/codehaus/plexus/plexus-components/1.3.1/plexus-components-1.3.1.pom
[837708c3-5cc2-4a88-885b-bf739b893908/Java 8 compile]   | [INFO] Downloaded from central: https://repo.maven.apache.org/maven2/org/codehaus/plexus/plexus-components/1.3.1/plexus-components-1.3.1.pom (3.1 kB at 438 kB/s)
[837708c3-5cc2-4a88-885b-bf739b893908/Java 8 compile]   | [INFO] Downloading from central: https://repo.maven.apache.org/maven2/org/codehaus/plexus/plexus/3.3.1/plexus-3.3.1.pom
[837708c3-5cc2-4a88-885b-bf739b893908/Java 8 compile]   | [INFO] Downloaded from central: https://repo.maven.apache.org/maven2/org/codehaus/plexus/plexus/3.3.1/plexus-3.3.1.pom (20 kB at 2.6 MB/s)
[837708c3-5cc2-4a88-885b-bf739b893908/Java 8 compile]   | [INFO] Downloading from central: https://repo.maven.apache.org/maven2/org/sonatype/spice/spice-parent/17/spice-parent-17.pom
[837708c3-5cc2-4a88-885b-bf739b893908/Java 8 compile]   | [INFO] Downloaded from central: https://repo.maven.apache.org/maven2/org/sonatype/spice/spice-parent/17/spice-parent-17.pom (6.8 kB at 845 kB/s)
[837708c3-5cc2-4a88-885b-bf739b893908/Java 8 compile]   | [INFO] Downloading from central: https://repo.maven.apache.org/maven2/org/sonatype/forge/forge-parent/10/forge-parent-10.pom
[837708c3-5cc2-4a88-885b-bf739b893908/Java 8 compile]   | [INFO] Downloaded from central: https://repo.maven.apache.org/maven2/org/sonatype/forge/forge-parent/10/forge-parent-10.pom (14 kB at 1.9 MB/s)
[837708c3-5cc2-4a88-885b-bf739b893908/Java 8 compile]   | [INFO] Downloading from central: https://repo.maven.apache.org/maven2/org/codehaus/plexus/plexus-utils/3.0.10/plexus-utils-3.0.10.pom
[837708c3-5cc2-4a88-885b-bf739b893908/Java 8 compile]   | [INFO] Downloaded from central: https://repo.maven.apache.org/maven2/org/codehaus/plexus/plexus-utils/3.0.10/plexus-utils-3.0.10.pom (3.1 kB at 242 kB/s)
[837708c3-5cc2-4a88-885b-bf739b893908/Java 8 compile]   | [INFO] Downloading from central: https://repo.maven.apache.org/maven2/org/codehaus/plexus/plexus/3.3/plexus-3.3.pom
[837708c3-5cc2-4a88-885b-bf739b893908/Java 8 compile]   | [INFO] Downloaded from central: https://repo.maven.apache.org/maven2/org/codehaus/plexus/plexus/3.3/plexus-3.3.pom (20 kB at 1.8 MB/s)
[837708c3-5cc2-4a88-885b-bf739b893908/Java 8 compile]   | [INFO] Downloading from central: https://repo.maven.apache.org/maven2/org/codehaus/plexus/plexus-compiler-manager/2.5/plexus-compiler-manager-2.5.pom
[837708c3-5cc2-4a88-885b-bf739b893908/Java 8 compile]   | [INFO] Downloaded from central: https://repo.maven.apache.org/maven2/org/codehaus/plexus/plexus-compiler-manager/2.5/plexus-compiler-manager-2.5.pom (690 B at 58 kB/s)
[837708c3-5cc2-4a88-885b-bf739b893908/Java 8 compile]   | [INFO] Downloading from central: https://repo.maven.apache.org/maven2/org/codehaus/plexus/plexus-compiler-javac/2.5/plexus-compiler-javac-2.5.pom
[837708c3-5cc2-4a88-885b-bf739b893908/Java 8 compile]   | [INFO] Downloaded from central: https://repo.maven.apache.org/maven2/org/codehaus/plexus/plexus-compiler-javac/2.5/plexus-compiler-javac-2.5.pom (769 B at 33 kB/s)
[837708c3-5cc2-4a88-885b-bf739b893908/Java 8 compile]   | [INFO] Downloading from central: https://repo.maven.apache.org/maven2/org/codehaus/plexus/plexus-compilers/2.5/plexus-compilers-2.5.pom
[837708c3-5cc2-4a88-885b-bf739b893908/Java 8 compile]   | [INFO] Downloaded from central: https://repo.maven.apache.org/maven2/org/codehaus/plexus/plexus-compilers/2.5/plexus-compilers-2.5.pom (1.3 kB at 72 kB/s)
[837708c3-5cc2-4a88-885b-bf739b893908/Java 8 compile]   | [INFO] Downloading from central: https://repo.maven.apache.org/maven2/org/codehaus/plexus/plexus-container-default/1.5.5/plexus-container-default-1.5.5.pom
[837708c3-5cc2-4a88-885b-bf739b893908/Java 8 compile]   | [INFO] Downloaded from central: https://repo.maven.apache.org/maven2/org/codehaus/plexus/plexus-container-default/1.5.5/plexus-container-default-1.5.5.pom (2.8 kB at 250 kB/s)
[837708c3-5cc2-4a88-885b-bf739b893908/Java 8 compile]   | [INFO] Downloading from central: https://repo.maven.apache.org/maven2/org/codehaus/plexus/plexus-classworlds/2.2.2/plexus-classworlds-2.2.2.pom
[837708c3-5cc2-4a88-885b-bf739b893908/Java 8 compile]   | [INFO] Downloaded from central: https://repo.maven.apache.org/maven2/org/codehaus/plexus/plexus-classworlds/2.2.2/plexus-classworlds-2.2.2.pom (4.0 kB at 310 kB/s)
[837708c3-5cc2-4a88-885b-bf739b893908/Java 8 compile]   | [INFO] Downloading from central: https://repo.maven.apache.org/maven2/org/apache/xbean/xbean-reflect/3.4/xbean-reflect-3.4.pom
[837708c3-5cc2-4a88-885b-bf739b893908/Java 8 compile]   | [INFO] Downloaded from central: https://repo.maven.apache.org/maven2/org/apache/xbean/xbean-reflect/3.4/xbean-reflect-3.4.pom (2.8 kB at 255 kB/s)
[837708c3-5cc2-4a88-885b-bf739b893908/Java 8 compile]   | [INFO] Downloading from central: https://repo.maven.apache.org/maven2/org/apache/xbean/xbean/3.4/xbean-3.4.pom
[837708c3-5cc2-4a88-885b-bf739b893908/Java 8 compile]   | [INFO] Downloaded from central: https://repo.maven.apache.org/maven2/org/apache/xbean/xbean/3.4/xbean-3.4.pom (19 kB at 3.1 MB/s)
[837708c3-5cc2-4a88-885b-bf739b893908/Java 8 compile]   | [INFO] Downloading from central: https://repo.maven.apache.org/maven2/log4j/log4j/1.2.12/log4j-1.2.12.pom
[837708c3-5cc2-4a88-885b-bf739b893908/Java 8 compile]   | [INFO] Downloaded from central: https://repo.maven.apache.org/maven2/log4j/log4j/1.2.12/log4j-1.2.12.pom (145 B at 24 kB/s)
[837708c3-5cc2-4a88-885b-bf739b893908/Java 8 compile]   | [INFO] Downloading from central: https://repo.maven.apache.org/maven2/commons-logging/commons-logging-api/1.1/commons-logging-api-1.1.pom
[837708c3-5cc2-4a88-885b-bf739b893908/Java 8 compile]   | [INFO] Downloaded from central: https://repo.maven.apache.org/maven2/commons-logging/commons-logging-api/1.1/commons-logging-api-1.1.pom (5.3 kB at 891 kB/s)
[837708c3-5cc2-4a88-885b-bf739b893908/Java 8 compile]   | [INFO] Downloading from central: https://repo.maven.apache.org/maven2/com/google/collections/google-collections/1.0/google-collections-1.0.pom
[837708c3-5cc2-4a88-885b-bf739b893908/Java 8 compile]   | [INFO] Downloaded from central: https://repo.maven.apache.org/maven2/com/google/collections/google-collections/1.0/google-collections-1.0.pom (2.5 kB at 206 kB/s)
[837708c3-5cc2-4a88-885b-bf739b893908/Java 8 compile]   | [INFO] Downloading from central: https://repo.maven.apache.org/maven2/com/google/google/1/google-1.pom
[837708c3-5cc2-4a88-885b-bf739b893908/Java 8 compile]   | [INFO] Downloaded from central: https://repo.maven.apache.org/maven2/com/google/google/1/google-1.pom (1.6 kB at 222 kB/s)
[837708c3-5cc2-4a88-885b-bf739b893908/Java 8 compile]   | [INFO] Downloading from central: https://repo.maven.apache.org/maven2/junit/junit/3.8.2/junit-3.8.2.pom
[837708c3-5cc2-4a88-885b-bf739b893908/Java 8 compile]   | [INFO] Downloaded from central: https://repo.maven.apache.org/maven2/junit/junit/3.8.2/junit-3.8.2.pom (747 B at 107 kB/s)
[837708c3-5cc2-4a88-885b-bf739b893908/Java 8 compile]   | [INFO] Downloading from central: https://repo.maven.apache.org/maven2/org/apache/maven/maven-plugin-api/2.2.1/maven-plugin-api-2.2.1.jar
[837708c3-5cc2-4a88-885b-bf739b893908/Java 8 compile]   | [INFO] Downloading from central: https://repo.maven.apache.org/maven2/org/apache/maven/maven-artifact/2.2.1/maven-artifact-2.2.1.jar
[837708c3-5cc2-4a88-885b-bf739b893908/Java 8 compile]   | [INFO] Downloading from central: https://repo.maven.apache.org/maven2/org/apache/maven/maven-core/2.2.1/maven-core-2.2.1.jar
[837708c3-5cc2-4a88-885b-bf739b893908/Java 8 compile]   | [INFO] Downloading from central: https://repo.maven.apache.org/maven2/org/apache/maven/maven-settings/2.2.1/maven-settings-2.2.1.jar
[837708c3-5cc2-4a88-885b-bf739b893908/Java 8 compile]   | [INFO] Downloading from central: https://repo.maven.apache.org/maven2/org/codehaus/plexus/plexus-utils/1.5.15/plexus-utils-1.5.15.jar
[837708c3-5cc2-4a88-885b-bf739b893908/Java 8 compile]   | [INFO] Downloaded from central: https://repo.maven.apache.org/maven2/org/apache/maven/maven-plugin-api/2.2.1/maven-plugin-api-2.2.1.jar (12 kB at 952 kB/s)
[837708c3-5cc2-4a88-885b-bf739b893908/Java 8 compile]   | [INFO] Downloading from central: https://repo.maven.apache.org/maven2/org/codehaus/plexus/plexus-interpolation/1.11/plexus-interpolation-1.11.jar
[837708c3-5cc2-4a88-885b-bf739b893908/Java 8 compile]   | [INFO] Downloaded from central: https://repo.maven.apache.org/maven2/org/apache/maven/maven-artifact/2.2.1/maven-artifact-2.2.1.jar (80 kB at 5.0 MB/s)
[837708c3-5cc2-4a88-885b-bf739b893908/Java 8 compile]   | [INFO] Downloading from central: https://repo.maven.apache.org/maven2/org/apache/maven/maven-plugin-parameter-documenter/2.2.1/maven-plugin-parameter-documenter-2.2.1.jar
[837708c3-5cc2-4a88-885b-bf739b893908/Java 8 compile]   | [INFO] Downloaded from central: https://repo.maven.apache.org/maven2/org/apache/maven/maven-settings/2.2.1/maven-settings-2.2.1.jar (49 kB at 3.8 MB/s)
[837708c3-5cc2-4a88-885b-bf739b893908/Java 8 compile]   | [INFO] Downloading from central: https://repo.maven.apache.org/maven2/org/slf4j/slf4j-jdk14/1.5.6/slf4j-jdk14-1.5.6.jar
[837708c3-5cc2-4a88-885b-bf739b893908/Java 8 compile]   | [INFO] Downloaded from central: https://repo.maven.apache.org/maven2/org/codehaus/plexus/plexus-interpolation/1.11/plexus-interpolation-1.11.jar (51 kB at 3.6 MB/s)
[837708c3-5cc2-4a88-885b-bf739b893908/Java 8 compile]   | [INFO] Downloading from central: https://repo.maven.apache.org/maven2/org/slf4j/slf4j-api/1.5.6/slf4j-api-1.5.6.jar
[837708c3-5cc2-4a88-885b-bf739b893908/Java 8 compile]   | [INFO] Downloaded from central: https://repo.maven.apache.org/maven2/org/apache/maven/maven-plugin-parameter-documenter/2.2.1/maven-plugin-parameter-documenter-2.2.1.jar (22 kB at 1.0 MB/s)
[837708c3-5cc2-4a88-885b-bf739b893908/Java 8 compile]   | [INFO] Downloading from central: https://repo.maven.apache.org/maven2/org/slf4j/jcl-over-slf4j/1.5.6/jcl-over-slf4j-1.5.6.jar
[837708c3-5cc2-4a88-885b-bf739b893908/Java 8 compile]   | [INFO] Downloaded from central: https://repo.maven.apache.org/maven2/org/codehaus/plexus/plexus-utils/1.5.15/plexus-utils-1.5.15.jar (228 kB at 6.7 MB/s)
[837708c3-5cc2-4a88-885b-bf739b893908/Java 8 compile]   | [INFO] Downloading from central: https://repo.maven.apache.org/maven2/org/apache/maven/maven-profile/2.2.1/maven-profile-2.2.1.jar
[837708c3-5cc2-4a88-885b-bf739b893908/Java 8 compile]   | [INFO] Downloaded from central: https://repo.maven.apache.org/maven2/org/slf4j/slf4j-jdk14/1.5.6/slf4j-jdk14-1.5.6.jar (8.8 kB at 226 kB/s)
[837708c3-5cc2-4a88-885b-bf739b893908/Java 8 compile]   | [INFO] Downloading from central: https://repo.maven.apache.org/maven2/org/apache/maven/maven-model/2.2.1/maven-model-2.2.1.jar
[837708c3-5cc2-4a88-885b-bf739b893908/Java 8 compile]   | [INFO] Downloaded from central: https://repo.maven.apache.org/maven2/org/slf4j/slf4j-api/1.5.6/slf4j-api-1.5.6.jar (22 kB at 532 kB/s)
[837708c3-5cc2-4a88-885b-bf739b893908/Java 8 compile]   | [INFO] Downloading from central: https://repo.maven.apache.org/maven2/org/apache/maven/maven-repository-metadata/2.2.1/maven-repository-metadata-2.2.1.jar
[837708c3-5cc2-4a88-885b-bf739b893908/Java 8 compile]   | [INFO] Downloaded from central: https://repo.maven.apache.org/maven2/org/apache/maven/maven-profile/2.2.1/maven-profile-2.2.1.jar (35 kB at 707 kB/s)
[837708c3-5cc2-4a88-885b-bf739b893908/Java 8 compile]   | [INFO] Downloading from central: https://repo.maven.apache.org/maven2/org/apache/maven/maven-error-diagnostics/2.2.1/maven-error-diagnostics-2.2.1.jar
[837708c3-5cc2-4a88-885b-bf739b893908/Java 8 compile]   | [INFO] Downloaded from central: https://repo.maven.apache.org/maven2/org/slf4j/jcl-over-slf4j/1.5.6/jcl-over-slf4j-1.5.6.jar (17 kB at 293 kB/s)
[837708c3-5cc2-4a88-885b-bf739b893908/Java 8 compile]   | [INFO] Downloading from central: https://repo.maven.apache.org/maven2/org/apache/maven/maven-project/2.2.1/maven-project-2.2.1.jar
[837708c3-5cc2-4a88-885b-bf739b893908/Java 8 compile]   | [INFO] Downloaded from central: https://repo.maven.apache.org/maven2/org/apache/maven/maven-model/2.2.1/maven-model-2.2.1.jar (88 kB at 1.4 MB/s)
[837708c3-5cc2-4a88-885b-bf739b893908/Java 8 compile]   | [INFO] Downloading from central: https://repo.maven.apache.org/maven2/org/apache/maven/maven-plugin-registry/2.2.1/maven-plugin-registry-2.2.1.jar
[837708c3-5cc2-4a88-885b-bf739b893908/Java 8 compile]   | [INFO] Downloaded from central: https://repo.maven.apache.org/maven2/org/apache/maven/maven-core/2.2.1/maven-core-2.2.1.jar (178 kB at 2.3 MB/s)
[837708c3-5cc2-4a88-885b-bf739b893908/Java 8 compile]   | [INFO] Downloading from central: https://repo.maven.apache.org/maven2/org/apache/maven/maven-plugin-descriptor/2.2.1/maven-plugin-descriptor-2.2.1.jar
[837708c3-5cc2-4a88-885b-bf739b893908/Java 8 compile]   | [INFO] Downloaded from central: https://repo.maven.apache.org/maven2/org/apache/maven/maven-plugin-registry/2.2.1/maven-plugin-registry-2.2.1.jar (30 kB at 407 kB/s)
[837708c3-5cc2-4a88-885b-bf739b893908/Java 8 compile]   | [INFO] Downloaded from central: https://repo.maven.apache.org/maven2/org/apache/maven/maven-error-diagnostics/2.2.1/maven-error-diagnostics-2.2.1.jar (13 kB at 178 kB/s)
[837708c3-5cc2-4a88-885b-bf739b893908/Java 8 compile]   | [INFO] Downloading from central: https://repo.maven.apache.org/maven2/backport-util-concurrent/backport-util-concurrent/3.1/backport-util-concurrent-3.1.jar
[837708c3-5cc2-4a88-885b-bf739b893908/Java 8 compile]   | [INFO] Downloading from central: https://repo.maven.apache.org/maven2/org/apache/maven/maven-artifact-manager/2.2.1/maven-artifact-manager-2.2.1.jar
[837708c3-5cc2-4a88-885b-bf739b893908/Java 8 compile]   | [INFO] Downloaded from central: https://repo.maven.apache.org/maven2/org/apache/maven/maven-plugin-descriptor/2.2.1/maven-plugin-descriptor-2.2.1.jar (39 kB at 504 kB/s)
[837708c3-5cc2-4a88-885b-bf739b893908/Java 8 compile]   | [INFO] Downloading from central: https://repo.maven.apache.org/maven2/org/apache/maven/maven-monitor/2.2.1/maven-monitor-2.2.1.jar
[837708c3-5cc2-4a88-885b-bf739b893908/Java 8 compile]   | [INFO] Downloaded from central: https://repo.maven.apache.org/maven2/org/apache/maven/maven-repository-metadata/2.2.1/maven-repository-metadata-2.2.1.jar (26 kB at 321 kB/s)
[837708c3-5cc2-4a88-885b-bf739b893908/Java 8 compile]   | [INFO] Downloading from central: https://repo.maven.apache.org/maven2/org/sonatype/plexus/plexus-sec-dispatcher/1.3/plexus-sec-dispatcher-1.3.jar
[837708c3-5cc2-4a88-885b-bf739b893908/Java 8 compile]   | [INFO] Downloaded from central: https://repo.maven.apache.org/maven2/org/apache/maven/maven-monitor/2.2.1/maven-monitor-2.2.1.jar (10 kB at 124 kB/s)
[837708c3-5cc2-4a88-885b-bf739b893908/Java 8 compile]   | [INFO] Downloading from central: https://repo.maven.apache.org/maven2/org/sonatype/plexus/plexus-cipher/1.4/plexus-cipher-1.4.jar
[837708c3-5cc2-4a88-885b-bf739b893908/Java 8 compile]   | [INFO] Downloaded from central: https://repo.maven.apache.org/maven2/org/apache/maven/maven-artifact-manager/2.2.1/maven-artifact-manager-2.2.1.jar (68 kB at 614 kB/s)
[837708c3-5cc2-4a88-885b-bf739b893908/Java 8 compile]   | [INFO] Downloading from central: https://repo.maven.apache.org/maven2/org/apache/maven/maven-toolchain/2.2.1/maven-toolchain-2.2.1.jar
[837708c3-5cc2-4a88-885b-bf739b893908/Java 8 compile]   | [INFO] Downloaded from central: https://repo.maven.apache.org/maven2/org/sonatype/plexus/plexus-cipher/1.4/plexus-cipher-1.4.jar (13 kB at 120 kB/s)
[837708c3-5cc2-4a88-885b-bf739b893908/Java 8 compile]   | [INFO] Downloading from central: https://repo.maven.apache.org/maven2/org/apache/maven/shared/maven-shared-utils/0.7/maven-shared-utils-0.7.jar
[837708c3-5cc2-4a88-885b-bf739b893908/Java 8 compile]   | [INFO] Downloaded from central: https://repo.maven.apache.org/maven2/backport-util-concurrent/backport-util-concurrent/3.1/backport-util-concurrent-3.1.jar (332 kB at 2.9 MB/s)
[837708c3-5cc2-4a88-885b-bf739b893908/Java 8 compile]   | [INFO] Downloading from central: https://repo.maven.apache.org/maven2/com/google/code/findbugs/jsr305/2.0.1/jsr305-2.0.1.jar
[837708c3-5cc2-4a88-885b-bf739b893908/Java 8 compile]   | [INFO] Downloaded from central: https://repo.maven.apache.org/maven2/org/sonatype/plexus/plexus-sec-dispatcher/1.3/plexus-sec-dispatcher-1.3.jar (29 kB at 253 kB/s)
[837708c3-5cc2-4a88-885b-bf739b893908/Java 8 compile]   | [INFO] Downloading from central: https://repo.maven.apache.org/maven2/org/apache/maven/shared/maven-shared-incremental/1.1/maven-shared-incremental-1.1.jar
[837708c3-5cc2-4a88-885b-bf739b893908/Java 8 compile]   | [INFO] Downloaded from central: https://repo.maven.apache.org/maven2/org/apache/maven/maven-project/2.2.1/maven-project-2.2.1.jar (156 kB at 2.0 MB/s)
[837708c3-5cc2-4a88-885b-bf739b893908/Java 8 compile]   | [INFO] Downloading from central: https://repo.maven.apache.org/maven2/org/codehaus/plexus/plexus-component-annotations/1.5.5/plexus-component-annotations-1.5.5.jar
[837708c3-5cc2-4a88-885b-bf739b893908/Java 8 compile]   | [INFO] Downloaded from central: https://repo.maven.apache.org/maven2/org/apache/maven/maven-toolchain/2.2.1/maven-toolchain-2.2.1.jar (38 kB at 287 kB/s)
[837708c3-5cc2-4a88-885b-bf739b893908/Java 8 compile]   | [INFO] Downloading from central: https://repo.maven.apache.org/maven2/org/codehaus/plexus/plexus-compiler-api/2.5/plexus-compiler-api-2.5.jar
[837708c3-5cc2-4a88-885b-bf739b893908/Java 8 compile]   | [INFO] Downloaded from central: https://repo.maven.apache.org/maven2/org/apache/maven/shared/maven-shared-incremental/1.1/maven-shared-incremental-1.1.jar (14 kB at 104 kB/s)
[837708c3-5cc2-4a88-885b-bf739b893908/Java 8 compile]   | [INFO] Downloading from central: https://repo.maven.apache.org/maven2/org/codehaus/plexus/plexus-compiler-manager/2.5/plexus-compiler-manager-2.5.jar
[837708c3-5cc2-4a88-885b-bf739b893908/Java 8 compile]   | [INFO] Downloaded from central: https://repo.maven.apache.org/maven2/org/codehaus/plexus/plexus-component-annotations/1.5.5/plexus-component-annotations-1.5.5.jar (4.2 kB at 32 kB/s)
[837708c3-5cc2-4a88-885b-bf739b893908/Java 8 compile]   | [INFO] Downloading from central: https://repo.maven.apache.org/maven2/org/codehaus/plexus/plexus-compiler-javac/2.5/plexus-compiler-javac-2.5.jar
[837708c3-5cc2-4a88-885b-bf739b893908/Java 8 compile]   | [INFO] Downloaded from central: https://repo.maven.apache.org/maven2/com/google/code/findbugs/jsr305/2.0.1/jsr305-2.0.1.jar (32 kB at 240 kB/s)
[837708c3-5cc2-4a88-885b-bf739b893908/Java 8 compile]   | [INFO] Downloaded from central: https://repo.maven.apache.org/maven2/org/apache/maven/shared/maven-shared-utils/0.7/maven-shared-utils-0.7.jar (170 kB at 1.3 MB/s)
[837708c3-5cc2-4a88-885b-bf739b893908/Java 8 compile]   | [INFO] Downloading from central: https://repo.maven.apache.org/maven2/org/codehaus/plexus/plexus-container-default/1.5.5/plexus-container-default-1.5.5.jar
[837708c3-5cc2-4a88-885b-bf739b893908/Java 8 compile]   | [INFO] Downloading from central: https://repo.maven.apache.org/maven2/org/codehaus/plexus/plexus-classworlds/2.2.2/plexus-classworlds-2.2.2.jar
[837708c3-5cc2-4a88-885b-bf739b893908/Java 8 compile]   | [INFO] Downloaded from central: https://repo.maven.apache.org/maven2/org/codehaus/plexus/plexus-compiler-javac/2.5/plexus-compiler-javac-2.5.jar (19 kB at 133 kB/s)
[837708c3-5cc2-4a88-885b-bf739b893908/Java 8 compile]   | [INFO] Downloading from central: https://repo.maven.apache.org/maven2/org/apache/xbean/xbean-reflect/3.4/xbean-reflect-3.4.jar
[837708c3-5cc2-4a88-885b-bf739b893908/Java 8 compile]   | [INFO] Downloaded from central: https://repo.maven.apache.org/maven2/org/codehaus/plexus/plexus-compiler-api/2.5/plexus-compiler-api-2.5.jar (25 kB at 174 kB/s)
[837708c3-5cc2-4a88-885b-bf739b893908/Java 8 compile]   | [INFO] Downloading from central: https://repo.maven.apache.org/maven2/log4j/log4j/1.2.12/log4j-1.2.12.jar
[837708c3-5cc2-4a88-885b-bf739b893908/Java 8 compile]   | [INFO] Downloaded from central: https://repo.maven.apache.org/maven2/org/codehaus/plexus/plexus-compiler-manager/2.5/plexus-compiler-manager-2.5.jar (4.6 kB at 30 kB/s)
[837708c3-5cc2-4a88-885b-bf739b893908/Java 8 compile]   | [INFO] Downloading from central: https://repo.maven.apache.org/maven2/commons-logging/commons-logging-api/1.1/commons-logging-api-1.1.jar
[837708c3-5cc2-4a88-885b-bf739b893908/Java 8 compile]   | [INFO] Downloaded from central: https://repo.maven.apache.org/maven2/org/codehaus/plexus/plexus-container-default/1.5.5/plexus-container-default-1.5.5.jar (217 kB at 1.4 MB/s)
[837708c3-5cc2-4a88-885b-bf739b893908/Java 8 compile]   | [INFO] Downloading from central: https://repo.maven.apache.org/maven2/com/google/collections/google-collections/1.0/google-collections-1.0.jar
[837708c3-5cc2-4a88-885b-bf739b893908/Java 8 compile]   | [INFO] Downloaded from central: https://repo.maven.apache.org/maven2/org/apache/xbean/xbean-reflect/3.4/xbean-reflect-3.4.jar (134 kB at 797 kB/s)
[837708c3-5cc2-4a88-885b-bf739b893908/Java 8 compile]   | [INFO] Downloading from central: https://repo.maven.apache.org/maven2/junit/junit/3.8.2/junit-3.8.2.jar
[837708c3-5cc2-4a88-885b-bf739b893908/Java 8 compile]   | [INFO] Downloaded from central: https://repo.maven.apache.org/maven2/org/codehaus/plexus/plexus-classworlds/2.2.2/plexus-classworlds-2.2.2.jar (46 kB at 271 kB/s)
[837708c3-5cc2-4a88-885b-bf739b893908/Java 8 compile]   | [INFO] Downloaded from central: https://repo.maven.apache.org/maven2/commons-logging/commons-logging-api/1.1/commons-logging-api-1.1.jar (45 kB at 261 kB/s)
[837708c3-5cc2-4a88-885b-bf739b893908/Java 8 compile]   | [INFO] Downloaded from central: https://repo.maven.apache.org/maven2/log4j/log4j/1.2.12/log4j-1.2.12.jar (358 kB at 2.0 MB/s)
[837708c3-5cc2-4a88-885b-bf739b893908/Java 8 compile]   | [INFO] Downloaded from central: https://repo.maven.apache.org/maven2/junit/junit/3.8.2/junit-3.8.2.jar (121 kB at 670 kB/s)
[837708c3-5cc2-4a88-885b-bf739b893908/Java 8 compile]   | [INFO] Downloaded from central: https://repo.maven.apache.org/maven2/com/google/collections/google-collections/1.0/google-collections-1.0.jar (640 kB at 3.4 MB/s)
[837708c3-5cc2-4a88-885b-bf739b893908/Java 8 compile]   | [INFO] Changes detected - recompiling the module!
[837708c3-5cc2-4a88-885b-bf739b893908/Java 8 compile]   | [INFO] Compiling 18 source files to /tmp/2a192c7f-b64d-464a-a69d-c134c4865681/target/classes
[837708c3-5cc2-4a88-885b-bf739b893908/Java 8 compile]   | [INFO] /tmp/2a192c7f-b64d-464a-a69d-c134c4865681/src/main/java/de/slub/urn/RQF_RFC8141.java: /tmp/2a192c7f-b64d-464a-a69d-c134c4865681/src/main/java/de/slub/urn/RQF_RFC8141.java uses unchecked or unsafe operations.
[837708c3-5cc2-4a88-885b-bf739b893908/Java 8 compile]   | [INFO] /tmp/2a192c7f-b64d-464a-a69d-c134c4865681/src/main/java/de/slub/urn/RQF_RFC8141.java: Recompile with -Xlint:unchecked for details.
[837708c3-5cc2-4a88-885b-bf739b893908/Java 8 compile]   | [INFO] 
[837708c3-5cc2-4a88-885b-bf739b893908/Java 8 compile]   | [INFO] --- maven-resources-plugin:2.6:testResources (default-testResources) @ urnlib ---
[837708c3-5cc2-4a88-885b-bf739b893908/Java 8 compile]   | [INFO] Using 'UTF-8' encoding to copy filtered resources.
[837708c3-5cc2-4a88-885b-bf739b893908/Java 8 compile]   | [INFO] skip non existing resourceDirectory /tmp/2a192c7f-b64d-464a-a69d-c134c4865681/src/test/resources
[837708c3-5cc2-4a88-885b-bf739b893908/Java 8 compile]   | [INFO] 
[837708c3-5cc2-4a88-885b-bf739b893908/Java 8 compile]   | [INFO] --- maven-compiler-plugin:3.3:testCompile (default-testCompile) @ urnlib ---
[837708c3-5cc2-4a88-885b-bf739b893908/Java 8 compile]   | [INFO] Changes detected - recompiling the module!
[837708c3-5cc2-4a88-885b-bf739b893908/Java 8 compile]   | [INFO] Compiling 17 source files to /tmp/2a192c7f-b64d-464a-a69d-c134c4865681/target/test-classes
[837708c3-5cc2-4a88-885b-bf739b893908/Java 8 compile]   | [INFO] /tmp/2a192c7f-b64d-464a-a69d-c134c4865681/src/test/java/de/slub/urn/RQFRFC8141Test.java: Some input files use unchecked or unsafe operations.
[837708c3-5cc2-4a88-885b-bf739b893908/Java 8 compile]   | [INFO] /tmp/2a192c7f-b64d-464a-a69d-c134c4865681/src/test/java/de/slub/urn/RQFRFC8141Test.java: Recompile with -Xlint:unchecked for details.
[837708c3-5cc2-4a88-885b-bf739b893908/Java 8 compile]   | [INFO] 
[837708c3-5cc2-4a88-885b-bf739b893908/Java 8 compile]   | [INFO] --- maven-surefire-plugin:2.12.4:test (default-test) @ urnlib ---
[837708c3-5cc2-4a88-885b-bf739b893908/Java 8 compile]   | [INFO] Downloading from central: https://repo.maven.apache.org/maven2/org/apache/maven/maven-plugin-api/2.0.9/maven-plugin-api-2.0.9.pom
[837708c3-5cc2-4a88-885b-bf739b893908/Java 8 compile]   | [INFO] Downloaded from central: https://repo.maven.apache.org/maven2/org/apache/maven/maven-plugin-api/2.0.9/maven-plugin-api-2.0.9.pom (1.5 kB at 187 kB/s)
[837708c3-5cc2-4a88-885b-bf739b893908/Java 8 compile]   | [INFO] Downloading from central: https://repo.maven.apache.org/maven2/org/apache/maven/maven/2.0.9/maven-2.0.9.pom
[837708c3-5cc2-4a88-885b-bf739b893908/Java 8 compile]   | [INFO] Downloaded from central: https://repo.maven.apache.org/maven2/org/apache/maven/maven/2.0.9/maven-2.0.9.pom (19 kB at 1.6 MB/s)
[837708c3-5cc2-4a88-885b-bf739b893908/Java 8 compile]   | [INFO] Downloading from central: https://repo.maven.apache.org/maven2/org/apache/maven/maven-parent/8/maven-parent-8.pom
[837708c3-5cc2-4a88-885b-bf739b893908/Java 8 compile]   | [INFO] Downloaded from central: https://repo.maven.apache.org/maven2/org/apache/maven/maven-parent/8/maven-parent-8.pom (24 kB at 3.4 MB/s)
[837708c3-5cc2-4a88-885b-bf739b893908/Java 8 compile]   | [INFO] Downloading from central: https://repo.maven.apache.org/maven2/org/apache/maven/surefire/surefire-booter/2.12.4/surefire-booter-2.12.4.pom
[837708c3-5cc2-4a88-885b-bf739b893908/Java 8 compile]   | [INFO] Downloaded from central: https://repo.maven.apache.org/maven2/org/apache/maven/surefire/surefire-booter/2.12.4/surefire-booter-2.12.4.pom (3.0 kB at 337 kB/s)
[837708c3-5cc2-4a88-885b-bf739b893908/Java 8 compile]   | [INFO] Downloading from central: https://repo.maven.apache.org/maven2/org/apache/maven/surefire/surefire-api/2.12.4/surefire-api-2.12.4.pom
[837708c3-5cc2-4a88-885b-bf739b893908/Java 8 compile]   | [INFO] Downloaded from central: https://repo.maven.apache.org/maven2/org/apache/maven/surefire/surefire-api/2.12.4/surefire-api-2.12.4.pom (2.5 kB at 192 kB/s)
[837708c3-5cc2-4a88-885b-bf739b893908/Java 8 compile]   | [INFO] Downloading from central: https://repo.maven.apache.org/maven2/org/apache/maven/surefire/maven-surefire-common/2.12.4/maven-surefire-common-2.12.4.pom
[837708c3-5cc2-4a88-885b-bf739b893908/Java 8 compile]   | [INFO] Downloaded from central: https://repo.maven.apache.org/maven2/org/apache/maven/surefire/maven-surefire-common/2.12.4/maven-surefire-common-2.12.4.pom (5.5 kB at 790 kB/s)
[837708c3-5cc2-4a88-885b-bf739b893908/Java 8 compile]   | [INFO] Downloading from central: https://repo.maven.apache.org/maven2/org/apache/maven/plugin-tools/maven-plugin-annotations/3.1/maven-plugin-annotations-3.1.pom
[837708c3-5cc2-4a88-885b-bf739b893908/Java 8 compile]   | [INFO] Downloaded from central: https://repo.maven.apache.org/maven2/org/apache/maven/plugin-tools/maven-plugin-annotations/3.1/maven-plugin-annotations-3.1.pom (1.6 kB at 135 kB/s)
[837708c3-5cc2-4a88-885b-bf739b893908/Java 8 compile]   | [INFO] Downloading from central: https://repo.maven.apache.org/maven2/org/apache/maven/plugin-tools/maven-plugin-tools/3.1/maven-plugin-tools-3.1.pom
[837708c3-5cc2-4a88-885b-bf739b893908/Java 8 compile]   | [INFO] Downloaded from central: https://repo.maven.apache.org/maven2/org/apache/maven/plugin-tools/maven-plugin-tools/3.1/maven-plugin-tools-3.1.pom (16 kB at 2.0 MB/s)
[837708c3-5cc2-4a88-885b-bf739b893908/Java 8 compile]   | [INFO] Downloading from central: https://repo.maven.apache.org/maven2/org/apache/maven/maven-artifact/2.0.9/maven-artifact-2.0.9.pom
[837708c3-5cc2-4a88-885b-bf739b893908/Java 8 compile]   | [INFO] Downloaded from central: https://repo.maven.apache.org/maven2/org/apache/maven/maven-artifact/2.0.9/maven-artifact-2.0.9.pom (1.6 kB at 231 kB/s)
[837708c3-5cc2-4a88-885b-bf739b893908/Java 8 compile]   | [INFO] Downloading from central: https://repo.maven.apache.org/maven2/org/codehaus/plexus/plexus-utils/3.0.8/plexus-utils-3.0.8.pom
[837708c3-5cc2-4a88-885b-bf739b893908/Java 8 compile]   | [INFO] Downloaded from central: https://repo.maven.apache.org/maven2/org/codehaus/plexus/plexus-utils/3.0.8/plexus-utils-3.0.8.pom (3.1 kB at 393 kB/s)
[837708c3-5cc2-4a88-885b-bf739b893908/Java 8 compile]   | [INFO] Downloading from central: https://repo.maven.apache.org/maven2/org/codehaus/plexus/plexus/3.2/plexus-3.2.pom
[837708c3-5cc2-4a88-885b-bf739b893908/Java 8 compile]   | [INFO] Downloaded from central: https://repo.maven.apache.org/maven2/org/codehaus/plexus/plexus/3.2/plexus-3.2.pom (19 kB at 2.7 MB/s)
[837708c3-5cc2-4a88-885b-bf739b893908/Java 8 compile]   | [INFO] Downloading from central: https://repo.maven.apache.org/maven2/org/apache/maven/maven-project/2.0.9/maven-project-2.0.9.pom
[837708c3-5cc2-4a88-885b-bf739b893908/Java 8 compile]   | [INFO] Downloaded from central: https://repo.maven.apache.org/maven2/org/apache/maven/maven-project/2.0.9/maven-project-2.0.9.pom (2.7 kB at 452 kB/s)
[837708c3-5cc2-4a88-885b-bf739b893908/Java 8 compile]   | [INFO] Downloading from central: https://repo.maven.apache.org/maven2/org/apache/maven/maven-settings/2.0.9/maven-settings-2.0.9.pom
[837708c3-5cc2-4a88-885b-bf739b893908/Java 8 compile]   | [INFO] Downloaded from central: https://repo.maven.apache.org/maven2/org/apache/maven/maven-settings/2.0.9/maven-settings-2.0.9.pom (2.1 kB at 343 kB/s)
[837708c3-5cc2-4a88-885b-bf739b893908/Java 8 compile]   | [INFO] Downloading from central: https://repo.maven.apache.org/maven2/org/apache/maven/maven-model/2.0.9/maven-model-2.0.9.pom
[837708c3-5cc2-4a88-885b-bf739b893908/Java 8 compile]   | [INFO] Downloaded from central: https://repo.maven.apache.org/maven2/org/apache/maven/maven-model/2.0.9/maven-model-2.0.9.pom (3.1 kB at 349 kB/s)
[837708c3-5cc2-4a88-885b-bf739b893908/Java 8 compile]   | [INFO] Downloading from central: https://repo.maven.apache.org/maven2/org/apache/maven/maven-profile/2.0.9/maven-profile-2.0.9.pom
[837708c3-5cc2-4a88-885b-bf739b893908/Java 8 compile]   | [INFO] Downloaded from central: https://repo.maven.apache.org/maven2/org/apache/maven/maven-profile/2.0.9/maven-profile-2.0.9.pom (2.0 kB at 342 kB/s)
[837708c3-5cc2-4a88-885b-bf739b893908/Java 8 compile]   | [INFO] Downloading from central: https://repo.maven.apache.org/maven2/org/apache/maven/maven-artifact-manager/2.0.9/maven-artifact-manager-2.0.9.pom
[837708c3-5cc2-4a88-885b-bf739b893908/Java 8 compile]   | [INFO] Downloaded from central: https://repo.maven.apache.org/maven2/org/apache/maven/maven-artifact-manager/2.0.9/maven-artifact-manager-2.0.9.pom (2.7 kB at 450 kB/s)
[837708c3-5cc2-4a88-885b-bf739b893908/Java 8 compile]   | [INFO] Downloading from central: https://repo.maven.apache.org/maven2/org/apache/maven/maven-repository-metadata/2.0.9/maven-repository-metadata-2.0.9.pom
[837708c3-5cc2-4a88-885b-bf739b893908/Java 8 compile]   | [INFO] Downloaded from central: https://repo.maven.apache.org/maven2/org/apache/maven/maven-repository-metadata/2.0.9/maven-repository-metadata-2.0.9.pom (1.9 kB at 317 kB/s)
[837708c3-5cc2-4a88-885b-bf739b893908/Java 8 compile]   | [INFO] Downloading from central: https://repo.maven.apache.org/maven2/org/apache/maven/maven-plugin-registry/2.0.9/maven-plugin-registry-2.0.9.pom
[837708c3-5cc2-4a88-885b-bf739b893908/Java 8 compile]   | [INFO] Downloaded from central: https://repo.maven.apache.org/maven2/org/apache/maven/maven-plugin-registry/2.0.9/maven-plugin-registry-2.0.9.pom (2.0 kB at 394 kB/s)
[837708c3-5cc2-4a88-885b-bf739b893908/Java 8 compile]   | [INFO] Downloading from central: https://repo.maven.apache.org/maven2/org/apache/maven/maven-core/2.0.9/maven-core-2.0.9.pom
[837708c3-5cc2-4a88-885b-bf739b893908/Java 8 compile]   | [INFO] Downloaded from central: https://repo.maven.apache.org/maven2/org/apache/maven/maven-core/2.0.9/maven-core-2.0.9.pom (7.8 kB at 1.1 MB/s)
[837708c3-5cc2-4a88-885b-bf739b893908/Java 8 compile]   | [INFO] Downloading from central: https://repo.maven.apache.org/maven2/org/apache/maven/maven-plugin-parameter-documenter/2.0.9/maven-plugin-parameter-documenter-2.0.9.pom
[837708c3-5cc2-4a88-885b-bf739b893908/Java 8 compile]   | [INFO] Downloaded from central: https://repo.maven.apache.org/maven2/org/apache/maven/maven-plugin-parameter-documenter/2.0.9/maven-plugin-parameter-documenter-2.0.9.pom (2.0 kB at 327 kB/s)
[837708c3-5cc2-4a88-885b-bf739b893908/Java 8 compile]   | [INFO] Downloading from central: https://repo.maven.apache.org/maven2/org/apache/maven/reporting/maven-reporting-api/2.0.9/maven-reporting-api-2.0.9.pom
[837708c3-5cc2-4a88-885b-bf739b893908/Java 8 compile]   | [INFO] Downloaded from central: https://repo.maven.apache.org/maven2/org/apache/maven/reporting/maven-reporting-api/2.0.9/maven-reporting-api-2.0.9.pom (1.8 kB at 300 kB/s)
[837708c3-5cc2-4a88-885b-bf739b893908/Java 8 compile]   | [INFO] Downloading from central: https://repo.maven.apache.org/maven2/org/apache/maven/reporting/maven-reporting/2.0.9/maven-reporting-2.0.9.pom
[837708c3-5cc2-4a88-885b-bf739b893908/Java 8 compile]   | [INFO] Downloaded from central: https://repo.maven.apache.org/maven2/org/apache/maven/reporting/maven-reporting/2.0.9/maven-reporting-2.0.9.pom (1.5 kB at 211 kB/s)
[837708c3-5cc2-4a88-885b-bf739b893908/Java 8 compile]   | [INFO] Downloading from central: https://repo.maven.apache.org/maven2/org/apache/maven/maven-error-diagnostics/2.0.9/maven-error-diagnostics-2.0.9.pom
[837708c3-5cc2-4a88-885b-bf739b893908/Java 8 compile]   | [INFO] Downloaded from central: https://repo.maven.apache.org/maven2/org/apache/maven/maven-error-diagnostics/2.0.9/maven-error-diagnostics-2.0.9.pom (1.7 kB at 249 kB/s)
[837708c3-5cc2-4a88-885b-bf739b893908/Java 8 compile]   | [INFO] Downloading from central: https://repo.maven.apache.org/maven2/org/apache/maven/maven-plugin-descriptor/2.0.9/maven-plugin-descriptor-2.0.9.pom
[837708c3-5cc2-4a88-885b-bf739b893908/Java 8 compile]   | [INFO] Downloaded from central: https://repo.maven.apache.org/maven2/org/apache/maven/maven-plugin-descriptor/2.0.9/maven-plugin-descriptor-2.0.9.pom (2.1 kB at 346 kB/s)
[837708c3-5cc2-4a88-885b-bf739b893908/Java 8 compile]   | [INFO] Downloading from central: https://repo.maven.apache.org/maven2/org/apache/maven/maven-monitor/2.0.9/maven-monitor-2.0.9.pom
[837708c3-5cc2-4a88-885b-bf739b893908/Java 8 compile]   | [INFO] Downloaded from central: https://repo.maven.apache.org/maven2/org/apache/maven/maven-monitor/2.0.9/maven-monitor-2.0.9.pom (1.3 kB at 214 kB/s)
[837708c3-5cc2-4a88-885b-bf739b893908/Java 8 compile]   | [INFO] Downloading from central: https://repo.maven.apache.org/maven2/org/apache/maven/maven-toolchain/2.0.9/maven-toolchain-2.0.9.pom
[837708c3-5cc2-4a88-885b-bf739b893908/Java 8 compile]   | [INFO] Downloaded from central: https://repo.maven.apache.org/maven2/org/apache/maven/maven-toolchain/2.0.9/maven-toolchain-2.0.9.pom (3.5 kB at 267 kB/s)
[837708c3-5cc2-4a88-885b-bf739b893908/Java 8 compile]   | [INFO] Downloading from central: https://repo.maven.apache.org/maven2/org/apache/commons/commons-lang3/3.1/commons-lang3-3.1.pom
[837708c3-5cc2-4a88-885b-bf739b893908/Java 8 compile]   | [INFO] Downloaded from central: https://repo.maven.apache.org/maven2/org/apache/commons/commons-lang3/3.1/commons-lang3-3.1.pom (17 kB at 2.1 MB/s)
[837708c3-5cc2-4a88-885b-bf739b893908/Java 8 compile]   | [INFO] Downloading from central: https://repo.maven.apache.org/maven2/org/apache/commons/commons-parent/22/commons-parent-22.pom
[837708c3-5cc2-4a88-885b-bf739b893908/Java 8 compile]   | [INFO] Downloaded from central: https://repo.maven.apache.org/maven2/org/apache/commons/commons-parent/22/commons-parent-22.pom (42 kB at 5.2 MB/s)
[837708c3-5cc2-4a88-885b-bf739b893908/Java 8 compile]   | [INFO] Downloading from central: https://repo.maven.apache.org/maven2/org/apache/apache/9/apache-9.pom
[837708c3-5cc2-4a88-885b-bf739b893908/Java 8 compile]   | [INFO] Downloaded from central: https://repo.maven.apache.org/maven2/org/apache/apache/9/apache-9.pom (15 kB at 842 kB/s)
[837708c3-5cc2-4a88-885b-bf739b893908/Java 8 compile]   | [INFO] Downloading from central: https://repo.maven.apache.org/maven2/org/apache/maven/shared/maven-common-artifact-filters/1.3/maven-common-artifact-filters-1.3.pom
[837708c3-5cc2-4a88-885b-bf739b893908/Java 8 compile]   | [INFO] Downloaded from central: https://repo.maven.apache.org/maven2/org/apache/maven/shared/maven-common-artifact-filters/1.3/maven-common-artifact-filters-1.3.pom (3.7 kB at 370 kB/s)
[837708c3-5cc2-4a88-885b-bf739b893908/Java 8 compile]   | [INFO] Downloading from central: https://repo.maven.apache.org/maven2/org/apache/maven/shared/maven-shared-components/12/maven-shared-components-12.pom
[837708c3-5cc2-4a88-885b-bf739b893908/Java 8 compile]   | [INFO] Downloaded from central: https://repo.maven.apache.org/maven2/org/apache/maven/shared/maven-shared-components/12/maven-shared-components-12.pom (9.3 kB at 934 kB/s)
[837708c3-5cc2-4a88-885b-bf739b893908/Java 8 compile]   | [INFO] Downloading from central: https://repo.maven.apache.org/maven2/org/apache/maven/maven-parent/13/maven-parent-13.pom
[837708c3-5cc2-4a88-885b-bf739b893908/Java 8 compile]   | [INFO] Downloaded from central: https://repo.maven.apache.org/maven2/org/apache/maven/maven-parent/13/maven-parent-13.pom (23 kB at 2.3 MB/s)
[837708c3-5cc2-4a88-885b-bf739b893908/Java 8 compile]   | [INFO] Downloading from central: https://repo.maven.apache.org/maven2/org/apache/apache/6/apache-6.pom
[837708c3-5cc2-4a88-885b-bf739b893908/Java 8 compile]   | [INFO] Downloaded from central: https://repo.maven.apache.org/maven2/org/apache/apache/6/apache-6.pom (13 kB at 711 kB/s)
[837708c3-5cc2-4a88-885b-bf739b893908/Java 8 compile]   | [INFO] Downloading from central: https://repo.maven.apache.org/maven2/org/codehaus/plexus/plexus-container-default/1.0-alpha-9/plexus-container-default-1.0-alpha-9.pom
[837708c3-5cc2-4a88-885b-bf739b893908/Java 8 compile]   | [INFO] Downloaded from central: https://repo.maven.apache.org/maven2/org/codehaus/plexus/plexus-container-default/1.0-alpha-9/plexus-container-default-1.0-alpha-9.pom (1.2 kB at 77 kB/s)
[837708c3-5cc2-4a88-885b-bf739b893908/Java 8 compile]   | [INFO] Downloading from central: https://repo.maven.apache.org/maven2/org/apache/maven/maven-plugin-api/2.0.9/maven-plugin-api-2.0.9.jar
[837708c3-5cc2-4a88-885b-bf739b893908/Java 8 compile]   | [INFO] Downloading from central: https://repo.maven.apache.org/maven2/org/apache/maven/surefire/surefire-booter/2.12.4/surefire-booter-2.12.4.jar
[837708c3-5cc2-4a88-885b-bf739b893908/Java 8 compile]   | [INFO] Downloading from central: https://repo.maven.apache.org/maven2/org/apache/maven/surefire/surefire-api/2.12.4/surefire-api-2.12.4.jar
[837708c3-5cc2-4a88-885b-bf739b893908/Java 8 compile]   | [INFO] Downloading from central: https://repo.maven.apache.org/maven2/org/apache/maven/surefire/maven-surefire-common/2.12.4/maven-surefire-common-2.12.4.jar
[837708c3-5cc2-4a88-885b-bf739b893908/Java 8 compile]   | [INFO] Downloading from central: https://repo.maven.apache.org/maven2/org/apache/commons/commons-lang3/3.1/commons-lang3-3.1.jar
[837708c3-5cc2-4a88-885b-bf739b893908/Java 8 compile]   | [INFO] Downloaded from central: https://repo.maven.apache.org/maven2/org/apache/maven/maven-plugin-api/2.0.9/maven-plugin-api-2.0.9.jar (13 kB at 477 kB/s)
[837708c3-5cc2-4a88-885b-bf739b893908/Java 8 compile]   | [INFO] Downloading from central: https://repo.maven.apache.org/maven2/org/apache/maven/shared/maven-common-artifact-filters/1.3/maven-common-artifact-filters-1.3.jar
[837708c3-5cc2-4a88-885b-bf739b893908/Java 8 compile]   | [INFO] Downloaded from central: https://repo.maven.apache.org/maven2/org/apache/maven/surefire/surefire-booter/2.12.4/surefire-booter-2.12.4.jar (35 kB at 1.4 MB/s)
[837708c3-5cc2-4a88-885b-bf739b893908/Java 8 compile]   | [INFO] Downloading from central: https://repo.maven.apache.org/maven2/org/codehaus/plexus/plexus-utils/3.0.8/plexus-utils-3.0.8.jar
[837708c3-5cc2-4a88-885b-bf739b893908/Java 8 compile]   | [INFO] Downloaded from central: https://repo.maven.apache.org/maven2/org/apache/maven/surefire/surefire-api/2.12.4/surefire-api-2.12.4.jar (118 kB at 2.4 MB/s)
[837708c3-5cc2-4a88-885b-bf739b893908/Java 8 compile]   | [INFO] Downloading from central: https://repo.maven.apache.org/maven2/org/apache/maven/maven-artifact/2.0.9/maven-artifact-2.0.9.jar
[837708c3-5cc2-4a88-885b-bf739b893908/Java 8 compile]   | [INFO] Downloaded from central: https://repo.maven.apache.org/maven2/org/apache/commons/commons-lang3/3.1/commons-lang3-3.1.jar (316 kB at 6.4 MB/s)
[837708c3-5cc2-4a88-885b-bf739b893908/Java 8 compile]   | [INFO] Downloading from central: https://repo.maven.apache.org/maven2/org/apache/maven/maven-project/2.0.9/maven-project-2.0.9.jar
[837708c3-5cc2-4a88-885b-bf739b893908/Java 8 compile]   | [INFO] Downloaded from central: https://repo.maven.apache.org/maven2/org/apache/maven/shared/maven-common-artifact-filters/1.3/maven-common-artifact-filters-1.3.jar (31 kB at 634 kB/s)
[837708c3-5cc2-4a88-885b-bf739b893908/Java 8 compile]   | [INFO] Downloading from central: https://repo.maven.apache.org/maven2/org/apache/maven/maven-settings/2.0.9/maven-settings-2.0.9.jar
[837708c3-5cc2-4a88-885b-bf739b893908/Java 8 compile]   | [INFO] Downloaded from central: https://repo.maven.apache.org/maven2/org/apache/maven/maven-settings/2.0.9/maven-settings-2.0.9.jar (49 kB at 847 kB/s)
[837708c3-5cc2-4a88-885b-bf739b893908/Java 8 compile]   | [INFO] Downloading from central: https://repo.maven.apache.org/maven2/org/apache/maven/maven-profile/2.0.9/maven-profile-2.0.9.jar
[837708c3-5cc2-4a88-885b-bf739b893908/Java 8 compile]   | [INFO] Downloaded from central: https://repo.maven.apache.org/maven2/org/apache/maven/surefire/maven-surefire-common/2.12.4/maven-surefire-common-2.12.4.jar (263 kB at 3.0 MB/s)
[837708c3-5cc2-4a88-885b-bf739b893908/Java 8 compile]   | [INFO] Downloading from central: https://repo.maven.apache.org/maven2/org/apache/maven/maven-model/2.0.9/maven-model-2.0.9.jar
[837708c3-5cc2-4a88-885b-bf739b893908/Java 8 compile]   | [INFO] Downloaded from central: https://repo.maven.apache.org/maven2/org/apache/maven/maven-artifact/2.0.9/maven-artifact-2.0.9.jar (89 kB at 889 kB/s)
[837708c3-5cc2-4a88-885b-bf739b893908/Java 8 compile]   | [INFO] Downloading from central: https://repo.maven.apache.org/maven2/org/apache/maven/maven-artifact-manager/2.0.9/maven-artifact-manager-2.0.9.jar
[837708c3-5cc2-4a88-885b-bf739b893908/Java 8 compile]   | [INFO] Downloaded from central: https://repo.maven.apache.org/maven2/org/apache/maven/maven-profile/2.0.9/maven-profile-2.0.9.jar (35 kB at 327 kB/s)
[837708c3-5cc2-4a88-885b-bf739b893908/Java 8 compile]   | [INFO] Downloaded from central: https://repo.maven.apache.org/maven2/org/apache/maven/maven-project/2.0.9/maven-project-2.0.9.jar (122 kB at 1.1 MB/s)
[837708c3-5cc2-4a88-885b-bf739b893908/Java 8 compile]   | [INFO] Downloading from central: https://repo.maven.apache.org/maven2/org/apache/maven/maven-core/2.0.9/maven-core-2.0.9.jar
[837708c3-5cc2-4a88-885b-bf739b893908/Java 8 compile]   | [INFO] Downloading from central: https://repo.maven.apache.org/maven2/org/apache/maven/maven-plugin-registry/2.0.9/maven-plugin-registry-2.0.9.jar
[837708c3-5cc2-4a88-885b-bf739b893908/Java 8 compile]   | [INFO] Downloaded from central: https://repo.maven.apache.org/maven2/org/apache/maven/maven-plugin-registry/2.0.9/maven-plugin-registry-2.0.9.jar (29 kB at 246 kB/s)
[837708c3-5cc2-4a88-885b-bf739b893908/Java 8 compile]   | [INFO] Downloading from central: https://repo.maven.apache.org/maven2/org/apache/maven/maven-plugin-parameter-documenter/2.0.9/maven-plugin-parameter-documenter-2.0.9.jar
[837708c3-5cc2-4a88-885b-bf739b893908/Java 8 compile]   | [INFO] Downloaded from central: https://repo.maven.apache.org/maven2/org/apache/maven/maven-artifact-manager/2.0.9/maven-artifact-manager-2.0.9.jar (58 kB at 482 kB/s)
[837708c3-5cc2-4a88-885b-bf739b893908/Java 8 compile]   | [INFO] Downloading from central: https://repo.maven.apache.org/maven2/org/apache/maven/reporting/maven-reporting-api/2.0.9/maven-reporting-api-2.0.9.jar
[837708c3-5cc2-4a88-885b-bf739b893908/Java 8 compile]   | [INFO] Downloaded from central: https://repo.maven.apache.org/maven2/org/apache/maven/maven-core/2.0.9/maven-core-2.0.9.jar (160 kB at 1.3 MB/s)
[837708c3-5cc2-4a88-885b-bf739b893908/Java 8 compile]   | [INFO] Downloading from central: https://repo.maven.apache.org/maven2/org/apache/maven/maven-repository-metadata/2.0.9/maven-repository-metadata-2.0.9.jar
[837708c3-5cc2-4a88-885b-bf739b893908/Java 8 compile]   | [INFO] Downloaded from central: https://repo.maven.apache.org/maven2/org/codehaus/plexus/plexus-utils/3.0.8/plexus-utils-3.0.8.jar (232 kB at 1.9 MB/s)
[837708c3-5cc2-4a88-885b-bf739b893908/Java 8 compile]   | [INFO] Downloading from central: https://repo.maven.apache.org/maven2/org/apache/maven/maven-error-diagnostics/2.0.9/maven-error-diagnostics-2.0.9.jar
[837708c3-5cc2-4a88-885b-bf739b893908/Java 8 compile]   | [INFO] Downloaded from central: https://repo.maven.apache.org/maven2/org/apache/maven/reporting/maven-reporting-api/2.0.9/maven-reporting-api-2.0.9.jar (10 kB at 80 kB/s)
[837708c3-5cc2-4a88-885b-bf739b893908/Java 8 compile]   | [INFO] Downloading from central: https://repo.maven.apache.org/maven2/org/apache/maven/maven-plugin-descriptor/2.0.9/maven-plugin-descriptor-2.0.9.jar
[837708c3-5cc2-4a88-885b-bf739b893908/Java 8 compile]   | [INFO] Downloaded from central: https://repo.maven.apache.org/maven2/org/apache/maven/maven-repository-metadata/2.0.9/maven-repository-metadata-2.0.9.jar (25 kB at 196 kB/s)
[837708c3-5cc2-4a88-885b-bf739b893908/Java 8 compile]   | [INFO] Downloading from central: https://repo.maven.apache.org/maven2/org/apache/maven/maven-monitor/2.0.9/maven-monitor-2.0.9.jar
[837708c3-5cc2-4a88-885b-bf739b893908/Java 8 compile]   | [INFO] Downloaded from central: https://repo.maven.apache.org/maven2/org/apache/maven/maven-plugin-parameter-documenter/2.0.9/maven-plugin-parameter-documenter-2.0.9.jar (21 kB at 161 kB/s)
[837708c3-5cc2-4a88-885b-bf739b893908/Java 8 compile]   | [INFO] Downloading from central: https://repo.maven.apache.org/maven2/org/apache/maven/maven-toolchain/2.0.9/maven-toolchain-2.0.9.jar
[837708c3-5cc2-4a88-885b-bf739b893908/Java 8 compile]   | [INFO] Downloaded from central: https://repo.maven.apache.org/maven2/org/apache/maven/maven-error-diagnostics/2.0.9/maven-error-diagnostics-2.0.9.jar (14 kB at 106 kB/s)
[837708c3-5cc2-4a88-885b-bf739b893908/Java 8 compile]   | [INFO] Downloading from central: https://repo.maven.apache.org/maven2/org/apache/maven/plugin-tools/maven-plugin-annotations/3.1/maven-plugin-annotations-3.1.jar
[837708c3-5cc2-4a88-885b-bf739b893908/Java 8 compile]   | [INFO] Downloaded from central: https://repo.maven.apache.org/maven2/org/apache/maven/maven-plugin-descriptor/2.0.9/maven-plugin-descriptor-2.0.9.jar (37 kB at 283 kB/s)
[837708c3-5cc2-4a88-885b-bf739b893908/Java 8 compile]   | [INFO] Downloaded from central: https://repo.maven.apache.org/maven2/org/apache/maven/maven-monitor/2.0.9/maven-monitor-2.0.9.jar (10 kB at 78 kB/s)
[837708c3-5cc2-4a88-885b-bf739b893908/Java 8 compile]   | [INFO] Downloaded from central: https://repo.maven.apache.org/maven2/org/apache/maven/maven-toolchain/2.0.9/maven-toolchain-2.0.9.jar (38 kB at 279 kB/s)
[837708c3-5cc2-4a88-885b-bf739b893908/Java 8 compile]   | [INFO] Downloaded from central: https://repo.maven.apache.org/maven2/org/apache/maven/plugin-tools/maven-plugin-annotations/3.1/maven-plugin-annotations-3.1.jar (14 kB at 103 kB/s)
[837708c3-5cc2-4a88-885b-bf739b893908/Java 8 compile]   | [INFO] Downloaded from central: https://repo.maven.apache.org/maven2/org/apache/maven/maven-model/2.0.9/maven-model-2.0.9.jar (87 kB at 611 kB/s)
[837708c3-5cc2-4a88-885b-bf739b893908/Java 8 compile]   | [INFO] Surefire report directory: /tmp/2a192c7f-b64d-464a-a69d-c134c4865681/target/surefire-reports
[837708c3-5cc2-4a88-885b-bf739b893908/Java 8 compile]   | [INFO] Downloading from central: https://repo.maven.apache.org/maven2/org/apache/maven/surefire/surefire-junit4/2.12.4/surefire-junit4-2.12.4.pom
[837708c3-5cc2-4a88-885b-bf739b893908/Java 8 compile]   | [INFO] Downloaded from central: https://repo.maven.apache.org/maven2/org/apache/maven/surefire/surefire-junit4/2.12.4/surefire-junit4-2.12.4.pom (2.4 kB at 482 kB/s)
[837708c3-5cc2-4a88-885b-bf739b893908/Java 8 compile]   | [INFO] Downloading from central: https://repo.maven.apache.org/maven2/org/apache/maven/surefire/surefire-providers/2.12.4/surefire-providers-2.12.4.pom
[837708c3-5cc2-4a88-885b-bf739b893908/Java 8 compile]   | [INFO] Downloaded from central: https://repo.maven.apache.org/maven2/org/apache/maven/surefire/surefire-providers/2.12.4/surefire-providers-2.12.4.pom (2.3 kB at 181 kB/s)
[837708c3-5cc2-4a88-885b-bf739b893908/Java 8 compile]   | [INFO] Downloading from central: https://repo.maven.apache.org/maven2/org/apache/maven/surefire/surefire-junit4/2.12.4/surefire-junit4-2.12.4.jar
[837708c3-5cc2-4a88-885b-bf739b893908/Java 8 compile]   | [INFO] Downloaded from central: https://repo.maven.apache.org/maven2/org/apache/maven/surefire/surefire-junit4/2.12.4/surefire-junit4-2.12.4.jar (37 kB at 2.3 MB/s)
[837708c3-5cc2-4a88-885b-bf739b893908/Java 8 compile]   | 
[837708c3-5cc2-4a88-885b-bf739b893908/Java 8 compile]   | -------------------------------------------------------
[837708c3-5cc2-4a88-885b-bf739b893908/Java 8 compile]   |  T E S T S
[837708c3-5cc2-4a88-885b-bf739b893908/Java 8 compile]   | -------------------------------------------------------
[837708c3-5cc2-4a88-885b-bf739b893908/Java 8 compile]   | Running de.slub.urn.URN_8141Test
[837708c3-5cc2-4a88-885b-bf739b893908/Java 8 compile]   | Tests run: 17, Failures: 0, Errors: 0, Skipped: 0, Time elapsed: 0.071 sec
[837708c3-5cc2-4a88-885b-bf739b893908/Java 8 compile]   | Running de.slub.urn.NID_RFC2141Test
[837708c3-5cc2-4a88-885b-bf739b893908/Java 8 compile]   | Tests run: 16, Failures: 0, Errors: 0, Skipped: 0, Time elapsed: 0.03 sec
[837708c3-5cc2-4a88-885b-bf739b893908/Java 8 compile]   | Running de.slub.urn.URNSyntaxErrorTest
[837708c3-5cc2-4a88-885b-bf739b893908/Java 8 compile]   | Tests run: 4, Failures: 0, Errors: 0, Skipped: 0, Time elapsed: 0.003 sec
[837708c3-5cc2-4a88-885b-bf739b893908/Java 8 compile]   | Running de.slub.urn.NSS_RFC8141Test
[837708c3-5cc2-4a88-885b-bf739b893908/Java 8 compile]   | Tests run: 21, Failures: 0, Errors: 0, Skipped: 0, Time elapsed: 0.022 sec
[837708c3-5cc2-4a88-885b-bf739b893908/Java 8 compile]   | Running de.slub.urn.NID_RFC8141Test
[837708c3-5cc2-4a88-885b-bf739b893908/Java 8 compile]   | Tests run: 22, Failures: 0, Errors: 0, Skipped: 0, Time elapsed: 0.011 sec
[837708c3-5cc2-4a88-885b-bf739b893908/Java 8 compile]   | Running de.slub.urn.RFC2141ParserTest
[837708c3-5cc2-4a88-885b-bf739b893908/Java 8 compile]   | Tests run: 11, Failures: 0, Errors: 0, Skipped: 0, Time elapsed: 0.009 sec
[837708c3-5cc2-4a88-885b-bf739b893908/Java 8 compile]   | Running de.slub.urn.RFCTest
[837708c3-5cc2-4a88-885b-bf739b893908/Java 8 compile]   | Tests run: 4, Failures: 0, Errors: 0, Skipped: 0, Time elapsed: 0.001 sec
[837708c3-5cc2-4a88-885b-bf739b893908/Java 8 compile]   | Running de.slub.urn.URNResolverDemoTest
[837708c3-5cc2-4a88-885b-bf739b893908/Java 8 compile]   | Tests run: 2, Failures: 0, Errors: 0, Skipped: 0, Time elapsed: 0.015 sec
[837708c3-5cc2-4a88-885b-bf739b893908/Java 8 compile]   | Running de.slub.urn.NSS_RFC2141Test
[837708c3-5cc2-4a88-885b-bf739b893908/Java 8 compile]   | Tests run: 17, Failures: 0, Errors: 0, Skipped: 0, Time elapsed: 0.007 sec
[837708c3-5cc2-4a88-885b-bf739b893908/Java 8 compile]   | Running de.slub.urn.RQFRFC8141Test
[837708c3-5cc2-4a88-885b-bf739b893908/Java 8 compile]   | Tests run: 9, Failures: 1, Errors: 0, Skipped: 0, Time elapsed: 0.018 sec <<< FAILURE!
[837708c3-5cc2-4a88-885b-bf739b893908/Java 8 compile]   | ToString_With_Parameters_And_Fragment(de.slub.urn.RQFRFC8141Test)  Time elapsed: 0.005 sec  <<< FAILURE!
[837708c3-5cc2-4a88-885b-bf739b893908/Java 8 compile]   | org.junit.ComparisonFailure: expected:<...utionParameter1=foo1[resolutionParameter0=foo0?=queryParameter0=bar0]queryParameters1=bar...> but was:<...utionParameter1=foo1[&resolutionParameter0=foo0?=queryParameter0=bar0&]queryParameters1=bar...>
[837708c3-5cc2-4a88-885b-bf739b893908/Java 8 compile]   | 	at org.junit.Assert.assertEquals(Assert.java:117)
[837708c3-5cc2-4a88-885b-bf739b893908/Java 8 compile]   | 	at org.junit.Assert.assertEquals(Assert.java:146)
[837708c3-5cc2-4a88-885b-bf739b893908/Java 8 compile]   | 	at de.slub.urn.RQFRFC8141Test.ToString_With_Parameters_And_Fragment(RQFRFC8141Test.java:85)
[837708c3-5cc2-4a88-885b-bf739b893908/Java 8 compile]   | 	at sun.reflect.NativeMethodAccessorImpl.invoke0(Native Method)
[837708c3-5cc2-4a88-885b-bf739b893908/Java 8 compile]   | 	at sun.reflect.NativeMethodAccessorImpl.invoke(NativeMethodAccessorImpl.java:62)
[837708c3-5cc2-4a88-885b-bf739b893908/Java 8 compile]   | 	at sun.reflect.DelegatingMethodAccessorImpl.invoke(DelegatingMethodAccessorImpl.java:43)
[837708c3-5cc2-4a88-885b-bf739b893908/Java 8 compile]   | 	at java.lang.reflect.Method.invoke(Method.java:498)
[837708c3-5cc2-4a88-885b-bf739b893908/Java 8 compile]   | 	at org.junit.runners.model.FrameworkMethod$1.runReflectiveCall(FrameworkMethod.java:59)
[837708c3-5cc2-4a88-885b-bf739b893908/Java 8 compile]   | 	at org.junit.internal.runners.model.ReflectiveCallable.run(ReflectiveCallable.java:12)
[837708c3-5cc2-4a88-885b-bf739b893908/Java 8 compile]   | 	at org.junit.runners.model.FrameworkMethod.invokeExplosively(FrameworkMethod.java:56)
[837708c3-5cc2-4a88-885b-bf739b893908/Java 8 compile]   | 	at org.junit.internal.runners.statements.InvokeMethod.evaluate(InvokeMethod.java:17)
[837708c3-5cc2-4a88-885b-bf739b893908/Java 8 compile]   | 	at org.junit.runners.ParentRunner$3.evaluate(ParentRunner.java:306)
[837708c3-5cc2-4a88-885b-bf739b893908/Java 8 compile]   | 	at org.junit.runners.BlockJUnit4ClassRunner$1.evaluate(BlockJUnit4ClassRunner.java:100)
[837708c3-5cc2-4a88-885b-bf739b893908/Java 8 compile]   | 	at org.junit.runners.ParentRunner.runLeaf(ParentRunner.java:366)
[837708c3-5cc2-4a88-885b-bf739b893908/Java 8 compile]   | 	at org.junit.runners.BlockJUnit4ClassRunner.runChild(BlockJUnit4ClassRunner.java:103)
[837708c3-5cc2-4a88-885b-bf739b893908/Java 8 compile]   | 	at org.junit.runners.BlockJUnit4ClassRunner.runChild(BlockJUnit4ClassRunner.java:63)
[837708c3-5cc2-4a88-885b-bf739b893908/Java 8 compile]   | 	at org.junit.runners.ParentRunner$4.run(ParentRunner.java:331)
[837708c3-5cc2-4a88-885b-bf739b893908/Java 8 compile]   | 	at org.junit.runners.ParentRunner$1.schedule(ParentRunner.java:79)
[837708c3-5cc2-4a88-885b-bf739b893908/Java 8 compile]   | 	at org.junit.runners.ParentRunner.runChildren(ParentRunner.java:329)
[837708c3-5cc2-4a88-885b-bf739b893908/Java 8 compile]   | 	at org.junit.runners.ParentRunner.access$100(ParentRunner.java:66)
[837708c3-5cc2-4a88-885b-bf739b893908/Java 8 compile]   | 	at org.junit.runners.ParentRunner$2.evaluate(ParentRunner.java:293)
[837708c3-5cc2-4a88-885b-bf739b893908/Java 8 compile]   | 	at org.junit.runners.ParentRunner$3.evaluate(ParentRunner.java:306)
[837708c3-5cc2-4a88-885b-bf739b893908/Java 8 compile]   | 	at org.junit.runners.ParentRunner.run(ParentRunner.java:413)
[837708c3-5cc2-4a88-885b-bf739b893908/Java 8 compile]   | 	at org.apache.maven.surefire.junit4.JUnit4Provider.execute(JUnit4Provider.java:252)
[837708c3-5cc2-4a88-885b-bf739b893908/Java 8 compile]   | 	at org.apache.maven.surefire.junit4.JUnit4Provider.executeTestSet(JUnit4Provider.java:141)
[837708c3-5cc2-4a88-885b-bf739b893908/Java 8 compile]   | 	at org.apache.maven.surefire.junit4.JUnit4Provider.invoke(JUnit4Provider.java:112)
[837708c3-5cc2-4a88-885b-bf739b893908/Java 8 compile]   | 	at sun.reflect.NativeMethodAccessorImpl.invoke0(Native Method)
[837708c3-5cc2-4a88-885b-bf739b893908/Java 8 compile]   | 	at sun.reflect.NativeMethodAccessorImpl.invoke(NativeMethodAccessorImpl.java:62)
[837708c3-5cc2-4a88-885b-bf739b893908/Java 8 compile]   | 	at sun.reflect.DelegatingMethodAccessorImpl.invoke(DelegatingMethodAccessorImpl.java:43)
[837708c3-5cc2-4a88-885b-bf739b893908/Java 8 compile]   | 	at java.lang.reflect.Method.invoke(Method.java:498)
[837708c3-5cc2-4a88-885b-bf739b893908/Java 8 compile]   | 	at org.apache.maven.surefire.util.ReflectionUtils.invokeMethodWithArray(ReflectionUtils.java:189)
[837708c3-5cc2-4a88-885b-bf739b893908/Java 8 compile]   | 	at org.apache.maven.surefire.booter.ProviderFactory$ProviderProxy.invoke(ProviderFactory.java:165)
[837708c3-5cc2-4a88-885b-bf739b893908/Java 8 compile]   | 	at org.apache.maven.surefire.booter.ProviderFactory.invokeProvider(ProviderFactory.java:85)
[837708c3-5cc2-4a88-885b-bf739b893908/Java 8 compile]   | 	at org.apache.maven.surefire.booter.ForkedBooter.runSuitesInProcess(ForkedBooter.java:115)
[837708c3-5cc2-4a88-885b-bf739b893908/Java 8 compile]   | 	at org.apache.maven.surefire.booter.ForkedBooter.main(ForkedBooter.java:75)
[837708c3-5cc2-4a88-885b-bf739b893908/Java 8 compile]   | 
[837708c3-5cc2-4a88-885b-bf739b893908/Java 8 compile]   | Running de.slub.urn.URNResolvingErrorTest
[837708c3-5cc2-4a88-885b-bf739b893908/Java 8 compile]   | Tests run: 3, Failures: 0, Errors: 0, Skipped: 0, Time elapsed: 0 sec
[837708c3-5cc2-4a88-885b-bf739b893908/Java 8 compile]   | Running de.slub.urn.URN_2141Test
[837708c3-5cc2-4a88-885b-bf739b893908/Java 8 compile]   | Tests run: 13, Failures: 0, Errors: 0, Skipped: 0, Time elapsed: 0 sec
[837708c3-5cc2-4a88-885b-bf739b893908/Java 8 compile]   | Running de.slub.urn.RFC8141ParserTest
[837708c3-5cc2-4a88-885b-bf739b893908/Java 8 compile]   | Tests run: 24, Failures: 0, Errors: 0, Skipped: 0, Time elapsed: 0.013 sec
[837708c3-5cc2-4a88-885b-bf739b893908/Java 8 compile]   | 
[837708c3-5cc2-4a88-885b-bf739b893908/Java 8 compile]   | Results :
[837708c3-5cc2-4a88-885b-bf739b893908/Java 8 compile]   | 
[837708c3-5cc2-4a88-885b-bf739b893908/Java 8 compile]   | Failed tests:   ToString_With_Parameters_And_Fragment(de.slub.urn.RQFRFC8141Test): expected:<...utionParameter1=foo1[resolutionParameter0=foo0?=queryParameter0=bar0]queryParameters1=bar...> but was:<...utionParameter1=foo1[&resolutionParameter0=foo0?=queryParameter0=bar0&]queryParameters1=bar...>
[837708c3-5cc2-4a88-885b-bf739b893908/Java 8 compile]   | 
[837708c3-5cc2-4a88-885b-bf739b893908/Java 8 compile]   | Tests run: 163, Failures: 1, Errors: 0, Skipped: 0
[837708c3-5cc2-4a88-885b-bf739b893908/Java 8 compile]   | 
[837708c3-5cc2-4a88-885b-bf739b893908/Java 8 compile]   | [INFO] ------------------------------------------------------------------------
[837708c3-5cc2-4a88-885b-bf739b893908/Java 8 compile]   | [INFO] BUILD FAILURE
[837708c3-5cc2-4a88-885b-bf739b893908/Java 8 compile]   | [INFO] ------------------------------------------------------------------------
[837708c3-5cc2-4a88-885b-bf739b893908/Java 8 compile]   | [INFO] Total time:  9.126 s
[837708c3-5cc2-4a88-885b-bf739b893908/Java 8 compile]   | [INFO] Finished at: 2023-11-23T23:54:05Z
[837708c3-5cc2-4a88-885b-bf739b893908/Java 8 compile]   | [INFO] ------------------------------------------------------------------------
[837708c3-5cc2-4a88-885b-bf739b893908/Java 8 compile]   | [ERROR] Failed to execute goal org.apache.maven.plugins:maven-surefire-plugin:2.12.4:test (default-test) on project urnlib: There are test failures.
[837708c3-5cc2-4a88-885b-bf739b893908/Java 8 compile]   | [ERROR] 
[837708c3-5cc2-4a88-885b-bf739b893908/Java 8 compile]   | [ERROR] Please refer to /tmp/2a192c7f-b64d-464a-a69d-c134c4865681/target/surefire-reports for the individual test results.
[837708c3-5cc2-4a88-885b-bf739b893908/Java 8 compile]   | [ERROR] -> [Help 1]
[837708c3-5cc2-4a88-885b-bf739b893908/Java 8 compile]   | [ERROR] 
[837708c3-5cc2-4a88-885b-bf739b893908/Java 8 compile]   | [ERROR] To see the full stack trace of the errors, re-run Maven with the -e switch.
[837708c3-5cc2-4a88-885b-bf739b893908/Java 8 compile]   | [ERROR] Re-run Maven using the -X switch to enable full debug logging.
[837708c3-5cc2-4a88-885b-bf739b893908/Java 8 compile]   | [ERROR] 
[837708c3-5cc2-4a88-885b-bf739b893908/Java 8 compile]   | [ERROR] For more information about the errors and possible solutions, please read the following articles:
[837708c3-5cc2-4a88-885b-bf739b893908/Java 8 compile]   | [ERROR] [Help 1] http://cwiki.apache.org/confluence/display/MAVEN/MojoFailureException
[837708c3-5cc2-4a88-885b-bf739b893908/Java 8 compile]   ‚ùå  Failure - Main Integration test
[837708c3-5cc2-4a88-885b-bf739b893908/Java 8 compile] exitcode '1': failure
[837708c3-5cc2-4a88-885b-bf739b893908/Java 8 compile] unable to get git ref: failed to identify reference (tag/branch) for the checked-out revision 'b80e5e252a53248c8db0d042fce90065eede0ab0'
[837708c3-5cc2-4a88-885b-bf739b893908/Java 8 compile] unable to get git ref: failed to identify reference (tag/branch) for the checked-out revision 'b80e5e252a53248c8db0d042fce90065eede0ab0'
[837708c3-5cc2-4a88-885b-bf739b893908/Java 8 compile] unable to get git ref: failed to identify reference (tag/branch) for the checked-out revision 'b80e5e252a53248c8db0d042fce90065eede0ab0'
[837708c3-5cc2-4a88-885b-bf739b893908/Java 8 compile] unable to get git ref: failed to identify reference (tag/branch) for the checked-out revision 'b80e5e252a53248c8db0d042fce90065eede0ab0'
[837708c3-5cc2-4a88-885b-bf739b893908/Java 8 compile] unable to get git ref: failed to identify reference (tag/branch) for the checked-out revision 'b80e5e252a53248c8db0d042fce90065eede0ab0'
[837708c3-5cc2-4a88-885b-bf739b893908/Java 8 compile] ‚≠ê Run Post Set up Java
[837708c3-5cc2-4a88-885b-bf739b893908/Java 8 compile]   üê≥  docker exec cmd=[node /var/run/act/actions/actions-setup-java@v2/dist/cleanup/index.js] user= workdir=
[837708c3-5cc2-4a88-885b-bf739b893908/Java 8 compile]   ‚úÖ  Success - Post Set up Java
[837708c3-5cc2-4a88-885b-bf739b893908/Java 8 compile] üèÅ  Job failed
[837708c3-5cc2-4a88-885b-bf739b893908/Java 8 compile] unable to get git ref: failed to identify reference (tag/branch) for the checked-out revision 'b80e5e252a53248c8db0d042fce90065eede0ab0'
