[a350e678-823a-46c1-a3d6-a8e2e0d48718/build] üöÄ  Start image=gitbugactions:latest
[a350e678-823a-46c1-a3d6-a8e2e0d48718/build]   üê≥  docker pull image=gitbugactions:latest platform= username= forcePull=false
[a350e678-823a-46c1-a3d6-a8e2e0d48718/build]   üê≥  docker create image=gitbugactions:latest platform= entrypoint=["tail" "-f" "/dev/null"] cmd=[]
[a350e678-823a-46c1-a3d6-a8e2e0d48718/build]   üê≥  docker run image=gitbugactions:latest platform= entrypoint=["tail" "-f" "/dev/null"] cmd=[]
[a350e678-823a-46c1-a3d6-a8e2e0d48718/build]   üê≥  docker exec cmd=[chown -R 1012:1013 /tmp/b27d3e94-8342-4ce0-a325-bdd68d2aec88] user=0 workdir=
[a350e678-823a-46c1-a3d6-a8e2e0d48718/build] unable to get git ref: failed to identify reference (tag/branch) for the checked-out revision 'b6e5f7d58726e61a80751cc4bdf984239c5c498d'
[a350e678-823a-46c1-a3d6-a8e2e0d48718/build] unable to get git ref: failed to identify reference (tag/branch) for the checked-out revision 'b6e5f7d58726e61a80751cc4bdf984239c5c498d'
[a350e678-823a-46c1-a3d6-a8e2e0d48718/build] unable to get git ref: failed to identify reference (tag/branch) for the checked-out revision 'b6e5f7d58726e61a80751cc4bdf984239c5c498d'
[a350e678-823a-46c1-a3d6-a8e2e0d48718/build] unable to get git ref: failed to identify reference (tag/branch) for the checked-out revision 'b6e5f7d58726e61a80751cc4bdf984239c5c498d'
[a350e678-823a-46c1-a3d6-a8e2e0d48718/build] unable to get git ref: failed to identify reference (tag/branch) for the checked-out revision 'b6e5f7d58726e61a80751cc4bdf984239c5c498d'
[a350e678-823a-46c1-a3d6-a8e2e0d48718/build] unable to get git ref: failed to identify reference (tag/branch) for the checked-out revision 'b6e5f7d58726e61a80751cc4bdf984239c5c498d'
[a350e678-823a-46c1-a3d6-a8e2e0d48718/build] unable to get git ref: failed to identify reference (tag/branch) for the checked-out revision 'b6e5f7d58726e61a80751cc4bdf984239c5c498d'
[a350e678-823a-46c1-a3d6-a8e2e0d48718/build] unable to get git ref: failed to identify reference (tag/branch) for the checked-out revision 'b6e5f7d58726e61a80751cc4bdf984239c5c498d'
[a350e678-823a-46c1-a3d6-a8e2e0d48718/build] unable to get git ref: failed to identify reference (tag/branch) for the checked-out revision 'b6e5f7d58726e61a80751cc4bdf984239c5c498d'
[a350e678-823a-46c1-a3d6-a8e2e0d48718/build] unable to get git ref: failed to identify reference (tag/branch) for the checked-out revision 'b6e5f7d58726e61a80751cc4bdf984239c5c498d'
[a350e678-823a-46c1-a3d6-a8e2e0d48718/build] ‚≠ê Run Main actions/checkout@v3
[a350e678-823a-46c1-a3d6-a8e2e0d48718/build] unable to get git ref: failed to identify reference (tag/branch) for the checked-out revision 'b6e5f7d58726e61a80751cc4bdf984239c5c498d'
[a350e678-823a-46c1-a3d6-a8e2e0d48718/build] unable to get git ref: failed to identify reference (tag/branch) for the checked-out revision 'b6e5f7d58726e61a80751cc4bdf984239c5c498d'
[a350e678-823a-46c1-a3d6-a8e2e0d48718/build]   üê≥  docker cp src=/tmp/b27d3e94-8342-4ce0-a325-bdd68d2aec88/. dst=/tmp/b27d3e94-8342-4ce0-a325-bdd68d2aec88
[a350e678-823a-46c1-a3d6-a8e2e0d48718/build]   üê≥  docker exec cmd=[chown -R 1012:1013 /tmp/b27d3e94-8342-4ce0-a325-bdd68d2aec88] user=0 workdir=
[a350e678-823a-46c1-a3d6-a8e2e0d48718/build]   ‚úÖ  Success - Main actions/checkout@v3
[a350e678-823a-46c1-a3d6-a8e2e0d48718/build] unable to get git ref: failed to identify reference (tag/branch) for the checked-out revision 'b6e5f7d58726e61a80751cc4bdf984239c5c498d'
[a350e678-823a-46c1-a3d6-a8e2e0d48718/build] unable to get git ref: failed to identify reference (tag/branch) for the checked-out revision 'b6e5f7d58726e61a80751cc4bdf984239c5c498d'
[a350e678-823a-46c1-a3d6-a8e2e0d48718/build] unable to get git ref: failed to identify reference (tag/branch) for the checked-out revision 'b6e5f7d58726e61a80751cc4bdf984239c5c498d'
[a350e678-823a-46c1-a3d6-a8e2e0d48718/build] unable to get git ref: failed to identify reference (tag/branch) for the checked-out revision 'b6e5f7d58726e61a80751cc4bdf984239c5c498d'
[a350e678-823a-46c1-a3d6-a8e2e0d48718/build] unable to get git ref: failed to identify reference (tag/branch) for the checked-out revision 'b6e5f7d58726e61a80751cc4bdf984239c5c498d'
[a350e678-823a-46c1-a3d6-a8e2e0d48718/build] ‚≠ê Run Main Set up JDK 17
[a350e678-823a-46c1-a3d6-a8e2e0d48718/build] unable to get git ref: failed to identify reference (tag/branch) for the checked-out revision 'b6e5f7d58726e61a80751cc4bdf984239c5c498d'
[a350e678-823a-46c1-a3d6-a8e2e0d48718/build] unable to get git ref: failed to identify reference (tag/branch) for the checked-out revision 'b6e5f7d58726e61a80751cc4bdf984239c5c498d'
[a350e678-823a-46c1-a3d6-a8e2e0d48718/build] unable to get git ref: failed to identify reference (tag/branch) for the checked-out revision 'b6e5f7d58726e61a80751cc4bdf984239c5c498d'
[a350e678-823a-46c1-a3d6-a8e2e0d48718/build]   üê≥  docker cp src=/tmp/act-cache/279a65d3-a090-4e2c-aa88-00b40ef5dc4d/act/actions-setup-java@v3/ dst=/var/run/act/actions/actions-setup-java@v3/
[a350e678-823a-46c1-a3d6-a8e2e0d48718/build]   üê≥  docker exec cmd=[chown -R 1012:1013 /var/run/act/actions/actions-setup-java@v3/] user=0 workdir=
[a350e678-823a-46c1-a3d6-a8e2e0d48718/build]   üê≥  docker exec cmd=[node /var/run/act/actions/actions-setup-java@v3/dist/setup/index.js] user= workdir=
[a350e678-823a-46c1-a3d6-a8e2e0d48718/build]   ‚ùì  ::group::Installed distributions
[a350e678-823a-46c1-a3d6-a8e2e0d48718/build]   üí¨  ::debug::isExplicit: 11.0.20-1
[a350e678-823a-46c1-a3d6-a8e2e0d48718/build]   üí¨  ::debug::explicit? true
[a350e678-823a-46c1-a3d6-a8e2e0d48718/build]   üí¨  ::debug::isExplicit: 17.0.8-1
[a350e678-823a-46c1-a3d6-a8e2e0d48718/build]   üí¨  ::debug::explicit? true
[a350e678-823a-46c1-a3d6-a8e2e0d48718/build]   üí¨  ::debug::isExplicit: 21.0.0-35
[a350e678-823a-46c1-a3d6-a8e2e0d48718/build]   üí¨  ::debug::explicit? true
[a350e678-823a-46c1-a3d6-a8e2e0d48718/build]   üí¨  ::debug::isExplicit: 8.0.382-5
[a350e678-823a-46c1-a3d6-a8e2e0d48718/build]   üí¨  ::debug::explicit? true
[a350e678-823a-46c1-a3d6-a8e2e0d48718/build]   | Resolved Java 17.0.8+1 from tool-cache
[a350e678-823a-46c1-a3d6-a8e2e0d48718/build]   | Setting Java 17.0.8+1 as the default
[a350e678-823a-46c1-a3d6-a8e2e0d48718/build]   | Creating toolchains.xml for JDK version 17 from temurin
[a350e678-823a-46c1-a3d6-a8e2e0d48718/build]   | Writing to /home/runner/.m2/toolchains.xml
[a350e678-823a-46c1-a3d6-a8e2e0d48718/build]   | 
[a350e678-823a-46c1-a3d6-a8e2e0d48718/build]   | Java configuration:
[a350e678-823a-46c1-a3d6-a8e2e0d48718/build]   |   Distribution: temurin
[a350e678-823a-46c1-a3d6-a8e2e0d48718/build]   |   Version: 17.0.8+1
[a350e678-823a-46c1-a3d6-a8e2e0d48718/build]   |   Path: /opt/hostedtoolcache/Java_Temurin-Hotspot_jdk/17.0.8-1/x64
[a350e678-823a-46c1-a3d6-a8e2e0d48718/build]   | 
[a350e678-823a-46c1-a3d6-a8e2e0d48718/build]   ‚ùì  ::endgroup::
[a350e678-823a-46c1-a3d6-a8e2e0d48718/build]   ‚ùì add-matcher /run/act/actions/actions-setup-java@v3/.github/java.json
[a350e678-823a-46c1-a3d6-a8e2e0d48718/build]   | Creating settings.xml with server-id: github
[a350e678-823a-46c1-a3d6-a8e2e0d48718/build]   | Writing to /home/runner/.m2/settings.xml
[a350e678-823a-46c1-a3d6-a8e2e0d48718/build]   ‚úÖ  Success - Main Set up JDK 17
[a350e678-823a-46c1-a3d6-a8e2e0d48718/build]   ‚öô  ::set-env:: JAVA_HOME=/opt/hostedtoolcache/Java_Temurin-Hotspot_jdk/17.0.8-1/x64
[a350e678-823a-46c1-a3d6-a8e2e0d48718/build]   ‚öô  ::set-env:: JAVA_HOME_17_X64=/opt/hostedtoolcache/Java_Temurin-Hotspot_jdk/17.0.8-1/x64
[a350e678-823a-46c1-a3d6-a8e2e0d48718/build]   ‚öô  ::set-output:: version=17.0.8+1
[a350e678-823a-46c1-a3d6-a8e2e0d48718/build]   ‚öô  ::set-output:: distribution=Temurin-Hotspot
[a350e678-823a-46c1-a3d6-a8e2e0d48718/build]   ‚öô  ::set-output:: path=/opt/hostedtoolcache/Java_Temurin-Hotspot_jdk/17.0.8-1/x64
[a350e678-823a-46c1-a3d6-a8e2e0d48718/build]   ‚öô  ::add-path:: /opt/hostedtoolcache/Java_Temurin-Hotspot_jdk/17.0.8-1/x64/bin
[a350e678-823a-46c1-a3d6-a8e2e0d48718/build] unable to get git ref: failed to identify reference (tag/branch) for the checked-out revision 'b6e5f7d58726e61a80751cc4bdf984239c5c498d'
[a350e678-823a-46c1-a3d6-a8e2e0d48718/build] unable to get git ref: failed to identify reference (tag/branch) for the checked-out revision 'b6e5f7d58726e61a80751cc4bdf984239c5c498d'
[a350e678-823a-46c1-a3d6-a8e2e0d48718/build] unable to get git ref: failed to identify reference (tag/branch) for the checked-out revision 'b6e5f7d58726e61a80751cc4bdf984239c5c498d'
[a350e678-823a-46c1-a3d6-a8e2e0d48718/build] unable to get git ref: failed to identify reference (tag/branch) for the checked-out revision 'b6e5f7d58726e61a80751cc4bdf984239c5c498d'
[a350e678-823a-46c1-a3d6-a8e2e0d48718/build] unable to get git ref: failed to identify reference (tag/branch) for the checked-out revision 'b6e5f7d58726e61a80751cc4bdf984239c5c498d'
[a350e678-823a-46c1-a3d6-a8e2e0d48718/build] ‚≠ê Run Main Build with Maven
[a350e678-823a-46c1-a3d6-a8e2e0d48718/build] unable to get git ref: failed to identify reference (tag/branch) for the checked-out revision 'b6e5f7d58726e61a80751cc4bdf984239c5c498d'
[a350e678-823a-46c1-a3d6-a8e2e0d48718/build] unable to get git ref: failed to identify reference (tag/branch) for the checked-out revision 'b6e5f7d58726e61a80751cc4bdf984239c5c498d'
[a350e678-823a-46c1-a3d6-a8e2e0d48718/build] unable to get git ref: failed to identify reference (tag/branch) for the checked-out revision 'b6e5f7d58726e61a80751cc4bdf984239c5c498d'
[a350e678-823a-46c1-a3d6-a8e2e0d48718/build] unable to get git ref: failed to identify reference (tag/branch) for the checked-out revision 'b6e5f7d58726e61a80751cc4bdf984239c5c498d'
[a350e678-823a-46c1-a3d6-a8e2e0d48718/build]   üê≥  docker exec cmd=[bash --noprofile --norc -e -o pipefail /var/run/act/workflow/2] user= workdir=
[a350e678-823a-46c1-a3d6-a8e2e0d48718/build]   | [INFO] Scanning for projects...
[a350e678-823a-46c1-a3d6-a8e2e0d48718/build]   | [INFO] 
[a350e678-823a-46c1-a3d6-a8e2e0d48718/build]   | [INFO] ------------< com.whatsapp.api:whatsapp-business-java-api >-------------
[a350e678-823a-46c1-a3d6-a8e2e0d48718/build]   | [INFO] Building whatsapp-business-sdk v0.2.0
[a350e678-823a-46c1-a3d6-a8e2e0d48718/build]   | [INFO]   from pom.xml
[a350e678-823a-46c1-a3d6-a8e2e0d48718/build]   | [INFO] --------------------------------[ jar ]---------------------------------
[a350e678-823a-46c1-a3d6-a8e2e0d48718/build]   | [INFO] Downloading from central: https://repo.maven.apache.org/maven2/org/jacoco/jacoco-maven-plugin/0.8.8/jacoco-maven-plugin-0.8.8.pom
[a350e678-823a-46c1-a3d6-a8e2e0d48718/build]   | [INFO] Downloaded from central: https://repo.maven.apache.org/maven2/org/jacoco/jacoco-maven-plugin/0.8.8/jacoco-maven-plugin-0.8.8.pom (3.8 kB at 2.8 kB/s)
[a350e678-823a-46c1-a3d6-a8e2e0d48718/build]   | [INFO] Downloading from central: https://repo.maven.apache.org/maven2/org/jacoco/org.jacoco.build/0.8.8/org.jacoco.build-0.8.8.pom
[a350e678-823a-46c1-a3d6-a8e2e0d48718/build]   | [INFO] Downloaded from central: https://repo.maven.apache.org/maven2/org/jacoco/org.jacoco.build/0.8.8/org.jacoco.build-0.8.8.pom (44 kB at 105 kB/s)
[a350e678-823a-46c1-a3d6-a8e2e0d48718/build]   | [INFO] Downloading from central: https://repo.maven.apache.org/maven2/org/jacoco/jacoco-maven-plugin/0.8.8/jacoco-maven-plugin-0.8.8.jar
[a350e678-823a-46c1-a3d6-a8e2e0d48718/build]   | [INFO] Downloaded from central: https://repo.maven.apache.org/maven2/org/jacoco/jacoco-maven-plugin/0.8.8/jacoco-maven-plugin-0.8.8.jar (56 kB at 554 kB/s)
[a350e678-823a-46c1-a3d6-a8e2e0d48718/build]   | [INFO] Downloading from central: https://repo.maven.apache.org/maven2/org/apache/maven/plugins/maven-resources-plugin/2.6/maven-resources-plugin-2.6.pom
[a350e678-823a-46c1-a3d6-a8e2e0d48718/build]   | [INFO] Downloaded from central: https://repo.maven.apache.org/maven2/org/apache/maven/plugins/maven-resources-plugin/2.6/maven-resources-plugin-2.6.pom (8.1 kB at 129 kB/s)
[a350e678-823a-46c1-a3d6-a8e2e0d48718/build]   | [INFO] Downloading from central: https://repo.maven.apache.org/maven2/org/apache/maven/plugins/maven-plugins/23/maven-plugins-23.pom
[a350e678-823a-46c1-a3d6-a8e2e0d48718/build]   | [INFO] Downloaded from central: https://repo.maven.apache.org/maven2/org/apache/maven/plugins/maven-plugins/23/maven-plugins-23.pom (9.2 kB at 200 kB/s)
[a350e678-823a-46c1-a3d6-a8e2e0d48718/build]   | [INFO] Downloading from central: https://repo.maven.apache.org/maven2/org/apache/maven/maven-parent/22/maven-parent-22.pom
[a350e678-823a-46c1-a3d6-a8e2e0d48718/build]   | [INFO] Downloaded from central: https://repo.maven.apache.org/maven2/org/apache/maven/maven-parent/22/maven-parent-22.pom (30 kB at 480 kB/s)
[a350e678-823a-46c1-a3d6-a8e2e0d48718/build]   | [INFO] Downloading from central: https://repo.maven.apache.org/maven2/org/apache/apache/11/apache-11.pom
[a350e678-823a-46c1-a3d6-a8e2e0d48718/build]   | [INFO] Downloaded from central: https://repo.maven.apache.org/maven2/org/apache/apache/11/apache-11.pom (15 kB at 337 kB/s)
[a350e678-823a-46c1-a3d6-a8e2e0d48718/build]   | [INFO] Downloading from central: https://repo.maven.apache.org/maven2/org/apache/maven/plugins/maven-resources-plugin/2.6/maven-resources-plugin-2.6.jar
[a350e678-823a-46c1-a3d6-a8e2e0d48718/build]   | [INFO] Downloaded from central: https://repo.maven.apache.org/maven2/org/apache/maven/plugins/maven-resources-plugin/2.6/maven-resources-plugin-2.6.jar (30 kB at 476 kB/s)
[a350e678-823a-46c1-a3d6-a8e2e0d48718/build]   | [INFO] Downloading from central: https://repo.maven.apache.org/maven2/org/apache/maven/plugins/maven-compiler-plugin/3.11.0/maven-compiler-plugin-3.11.0.pom
[a350e678-823a-46c1-a3d6-a8e2e0d48718/build]   | [INFO] Downloaded from central: https://repo.maven.apache.org/maven2/org/apache/maven/plugins/maven-compiler-plugin/3.11.0/maven-compiler-plugin-3.11.0.pom (9.8 kB at 258 kB/s)
[a350e678-823a-46c1-a3d6-a8e2e0d48718/build]   | [INFO] Downloading from central: https://repo.maven.apache.org/maven2/org/apache/maven/plugins/maven-plugins/39/maven-plugins-39.pom
[a350e678-823a-46c1-a3d6-a8e2e0d48718/build]   | [INFO] Downloaded from central: https://repo.maven.apache.org/maven2/org/apache/maven/plugins/maven-plugins/39/maven-plugins-39.pom (8.1 kB at 405 kB/s)
[a350e678-823a-46c1-a3d6-a8e2e0d48718/build]   | [INFO] Downloading from central: https://repo.maven.apache.org/maven2/org/apache/maven/maven-parent/39/maven-parent-39.pom
[a350e678-823a-46c1-a3d6-a8e2e0d48718/build]   | [INFO] Downloaded from central: https://repo.maven.apache.org/maven2/org/apache/maven/maven-parent/39/maven-parent-39.pom (48 kB at 1.7 MB/s)
[a350e678-823a-46c1-a3d6-a8e2e0d48718/build]   | [INFO] Downloading from central: https://repo.maven.apache.org/maven2/org/apache/apache/29/apache-29.pom
[a350e678-823a-46c1-a3d6-a8e2e0d48718/build]   | [INFO] Downloaded from central: https://repo.maven.apache.org/maven2/org/apache/apache/29/apache-29.pom (21 kB at 1.2 MB/s)
[a350e678-823a-46c1-a3d6-a8e2e0d48718/build]   | [INFO] Downloading from central: https://repo.maven.apache.org/maven2/org/apache/maven/plugins/maven-compiler-plugin/3.11.0/maven-compiler-plugin-3.11.0.jar
[a350e678-823a-46c1-a3d6-a8e2e0d48718/build]   | [INFO] Downloaded from central: https://repo.maven.apache.org/maven2/org/apache/maven/plugins/maven-compiler-plugin/3.11.0/maven-compiler-plugin-3.11.0.jar (66 kB at 2.3 MB/s)
[a350e678-823a-46c1-a3d6-a8e2e0d48718/build]   | [INFO] Downloading from central: https://repo.maven.apache.org/maven2/org/apache/maven/plugins/maven-surefire-plugin/3.0.0/maven-surefire-plugin-3.0.0.pom
[a350e678-823a-46c1-a3d6-a8e2e0d48718/build]   | [INFO] Downloaded from central: https://repo.maven.apache.org/maven2/org/apache/maven/plugins/maven-surefire-plugin/3.0.0/maven-surefire-plugin-3.0.0.pom (5.9 kB at 370 kB/s)
[a350e678-823a-46c1-a3d6-a8e2e0d48718/build]   | [INFO] Downloading from central: https://repo.maven.apache.org/maven2/org/apache/maven/surefire/surefire/3.0.0/surefire-3.0.0.pom
[a350e678-823a-46c1-a3d6-a8e2e0d48718/build]   | [INFO] Downloaded from central: https://repo.maven.apache.org/maven2/org/apache/maven/surefire/surefire/3.0.0/surefire-3.0.0.pom (22 kB at 660 kB/s)
[a350e678-823a-46c1-a3d6-a8e2e0d48718/build]   | [INFO] Downloading from central: https://repo.maven.apache.org/maven2/org/apache/maven/plugins/maven-surefire-plugin/3.0.0/maven-surefire-plugin-3.0.0.jar
[a350e678-823a-46c1-a3d6-a8e2e0d48718/build]   | [INFO] Downloaded from central: https://repo.maven.apache.org/maven2/org/apache/maven/plugins/maven-surefire-plugin/3.0.0/maven-surefire-plugin-3.0.0.jar (43 kB at 1.4 MB/s)
[a350e678-823a-46c1-a3d6-a8e2e0d48718/build]   | [INFO] Downloading from central: https://repo.maven.apache.org/maven2/org/apache/maven/plugins/maven-jar-plugin/2.4/maven-jar-plugin-2.4.pom
[a350e678-823a-46c1-a3d6-a8e2e0d48718/build]   | [INFO] Downloaded from central: https://repo.maven.apache.org/maven2/org/apache/maven/plugins/maven-jar-plugin/2.4/maven-jar-plugin-2.4.pom (5.8 kB at 530 kB/s)
[a350e678-823a-46c1-a3d6-a8e2e0d48718/build]   | [INFO] Downloading from central: https://repo.maven.apache.org/maven2/org/apache/maven/plugins/maven-plugins/22/maven-plugins-22.pom
[a350e678-823a-46c1-a3d6-a8e2e0d48718/build]   | [INFO] Downloaded from central: https://repo.maven.apache.org/maven2/org/apache/maven/plugins/maven-plugins/22/maven-plugins-22.pom (13 kB at 1.3 MB/s)
[a350e678-823a-46c1-a3d6-a8e2e0d48718/build]   | [INFO] Downloading from central: https://repo.maven.apache.org/maven2/org/apache/maven/maven-parent/21/maven-parent-21.pom
[a350e678-823a-46c1-a3d6-a8e2e0d48718/build]   | [INFO] Downloaded from central: https://repo.maven.apache.org/maven2/org/apache/maven/maven-parent/21/maven-parent-21.pom (26 kB at 2.0 MB/s)
[a350e678-823a-46c1-a3d6-a8e2e0d48718/build]   | [INFO] Downloading from central: https://repo.maven.apache.org/maven2/org/apache/apache/10/apache-10.pom
[a350e678-823a-46c1-a3d6-a8e2e0d48718/build]   | [INFO] Downloaded from central: https://repo.maven.apache.org/maven2/org/apache/apache/10/apache-10.pom (15 kB at 1.6 MB/s)
[a350e678-823a-46c1-a3d6-a8e2e0d48718/build]   | [INFO] Downloading from central: https://repo.maven.apache.org/maven2/org/apache/maven/plugins/maven-jar-plugin/2.4/maven-jar-plugin-2.4.jar
[a350e678-823a-46c1-a3d6-a8e2e0d48718/build]   | [INFO] Downloaded from central: https://repo.maven.apache.org/maven2/org/apache/maven/plugins/maven-jar-plugin/2.4/maven-jar-plugin-2.4.jar (34 kB at 3.1 MB/s)
[a350e678-823a-46c1-a3d6-a8e2e0d48718/build]   | [INFO] Downloading from central: https://repo.maven.apache.org/maven2/com/squareup/retrofit2/retrofit/2.9.0/retrofit-2.9.0.pom
[a350e678-823a-46c1-a3d6-a8e2e0d48718/build]   | [INFO] Downloaded from central: https://repo.maven.apache.org/maven2/com/squareup/retrofit2/retrofit/2.9.0/retrofit-2.9.0.pom (2.6 kB at 216 kB/s)
[a350e678-823a-46c1-a3d6-a8e2e0d48718/build]   | [INFO] Downloading from central: https://repo.maven.apache.org/maven2/com/squareup/okhttp3/okhttp/3.14.9/okhttp-3.14.9.pom
[a350e678-823a-46c1-a3d6-a8e2e0d48718/build]   | [INFO] Downloaded from central: https://repo.maven.apache.org/maven2/com/squareup/okhttp3/okhttp/3.14.9/okhttp-3.14.9.pom (2.5 kB at 273 kB/s)
[a350e678-823a-46c1-a3d6-a8e2e0d48718/build]   | [INFO] Downloading from central: https://repo.maven.apache.org/maven2/com/squareup/okhttp3/parent/3.14.9/parent-3.14.9.pom
[a350e678-823a-46c1-a3d6-a8e2e0d48718/build]   | [INFO] Downloaded from central: https://repo.maven.apache.org/maven2/com/squareup/okhttp3/parent/3.14.9/parent-3.14.9.pom (21 kB at 2.4 MB/s)
[a350e678-823a-46c1-a3d6-a8e2e0d48718/build]   | [INFO] Downloading from central: https://repo.maven.apache.org/maven2/org/sonatype/oss/oss-parent/7/oss-parent-7.pom
[a350e678-823a-46c1-a3d6-a8e2e0d48718/build]   | [INFO] Downloaded from central: https://repo.maven.apache.org/maven2/org/sonatype/oss/oss-parent/7/oss-parent-7.pom (4.8 kB at 402 kB/s)
[a350e678-823a-46c1-a3d6-a8e2e0d48718/build]   | [INFO] Downloading from central: https://repo.maven.apache.org/maven2/com/squareup/okio/okio/1.17.2/okio-1.17.2.pom
[a350e678-823a-46c1-a3d6-a8e2e0d48718/build]   | [INFO] Downloaded from central: https://repo.maven.apache.org/maven2/com/squareup/okio/okio/1.17.2/okio-1.17.2.pom (2.0 kB at 220 kB/s)
[a350e678-823a-46c1-a3d6-a8e2e0d48718/build]   | [INFO] Downloading from central: https://repo.maven.apache.org/maven2/com/squareup/okio/okio-parent/1.17.2/okio-parent-1.17.2.pom
[a350e678-823a-46c1-a3d6-a8e2e0d48718/build]   | [INFO] Downloaded from central: https://repo.maven.apache.org/maven2/com/squareup/okio/okio-parent/1.17.2/okio-parent-1.17.2.pom (4.9 kB at 486 kB/s)
[a350e678-823a-46c1-a3d6-a8e2e0d48718/build]   | [INFO] Downloading from central: https://repo.maven.apache.org/maven2/com/squareup/retrofit2/converter-jackson/2.9.0/converter-jackson-2.9.0.pom
[a350e678-823a-46c1-a3d6-a8e2e0d48718/build]   | [INFO] Downloaded from central: https://repo.maven.apache.org/maven2/com/squareup/retrofit2/converter-jackson/2.9.0/converter-jackson-2.9.0.pom (2.1 kB at 232 kB/s)
[a350e678-823a-46c1-a3d6-a8e2e0d48718/build]   | [INFO] Downloading from central: https://repo.maven.apache.org/maven2/com/fasterxml/jackson/core/jackson-databind/2.10.1/jackson-databind-2.10.1.pom
[a350e678-823a-46c1-a3d6-a8e2e0d48718/build]   | [INFO] Downloaded from central: https://repo.maven.apache.org/maven2/com/fasterxml/jackson/core/jackson-databind/2.10.1/jackson-databind-2.10.1.pom (6.9 kB at 689 kB/s)
[a350e678-823a-46c1-a3d6-a8e2e0d48718/build]   | [INFO] Downloading from central: https://repo.maven.apache.org/maven2/com/fasterxml/jackson/jackson-base/2.10.1/jackson-base-2.10.1.pom
[a350e678-823a-46c1-a3d6-a8e2e0d48718/build]   | [INFO] Downloaded from central: https://repo.maven.apache.org/maven2/com/fasterxml/jackson/jackson-base/2.10.1/jackson-base-2.10.1.pom (7.2 kB at 803 kB/s)
[a350e678-823a-46c1-a3d6-a8e2e0d48718/build]   | [INFO] Downloading from central: https://repo.maven.apache.org/maven2/com/fasterxml/jackson/jackson-bom/2.10.1/jackson-bom-2.10.1.pom
[a350e678-823a-46c1-a3d6-a8e2e0d48718/build]   | [INFO] Downloaded from central: https://repo.maven.apache.org/maven2/com/fasterxml/jackson/jackson-bom/2.10.1/jackson-bom-2.10.1.pom (13 kB at 1.3 MB/s)
[a350e678-823a-46c1-a3d6-a8e2e0d48718/build]   | [INFO] Downloading from central: https://repo.maven.apache.org/maven2/com/fasterxml/jackson/jackson-parent/2.10/jackson-parent-2.10.pom
[a350e678-823a-46c1-a3d6-a8e2e0d48718/build]   | [INFO] Downloaded from central: https://repo.maven.apache.org/maven2/com/fasterxml/jackson/jackson-parent/2.10/jackson-parent-2.10.pom (8.3 kB at 635 kB/s)
[a350e678-823a-46c1-a3d6-a8e2e0d48718/build]   | [INFO] Downloading from central: https://repo.maven.apache.org/maven2/com/fasterxml/oss-parent/38/oss-parent-38.pom
[a350e678-823a-46c1-a3d6-a8e2e0d48718/build]   | [INFO] Downloaded from central: https://repo.maven.apache.org/maven2/com/fasterxml/oss-parent/38/oss-parent-38.pom (23 kB at 2.6 MB/s)
[a350e678-823a-46c1-a3d6-a8e2e0d48718/build]   | [INFO] Downloading from central: https://repo.maven.apache.org/maven2/com/fasterxml/jackson/core/jackson-annotations/2.10.1/jackson-annotations-2.10.1.pom
[a350e678-823a-46c1-a3d6-a8e2e0d48718/build]   | [INFO] Downloaded from central: https://repo.maven.apache.org/maven2/com/fasterxml/jackson/core/jackson-annotations/2.10.1/jackson-annotations-2.10.1.pom (3.4 kB at 312 kB/s)
[a350e678-823a-46c1-a3d6-a8e2e0d48718/build]   | [INFO] Downloading from central: https://repo.maven.apache.org/maven2/com/fasterxml/jackson/core/jackson-core/2.10.1/jackson-core-2.10.1.pom
[a350e678-823a-46c1-a3d6-a8e2e0d48718/build]   | [INFO] Downloaded from central: https://repo.maven.apache.org/maven2/com/fasterxml/jackson/core/jackson-core/2.10.1/jackson-core-2.10.1.pom (4.6 kB at 387 kB/s)
[a350e678-823a-46c1-a3d6-a8e2e0d48718/build]   | [INFO] Downloading from central: https://repo.maven.apache.org/maven2/com/squareup/okhttp3/okhttp/5.0.0-alpha.11/okhttp-5.0.0-alpha.11.pom
[a350e678-823a-46c1-a3d6-a8e2e0d48718/build]   | [INFO] Downloaded from central: https://repo.maven.apache.org/maven2/com/squareup/okhttp3/okhttp/5.0.0-alpha.11/okhttp-5.0.0-alpha.11.pom (1.7 kB at 81 kB/s)
[a350e678-823a-46c1-a3d6-a8e2e0d48718/build]   | [INFO] Downloading from central: https://repo.maven.apache.org/maven2/com/squareup/okhttp3/okhttp-jvm/5.0.0-alpha.11/okhttp-jvm-5.0.0-alpha.11.pom
[a350e678-823a-46c1-a3d6-a8e2e0d48718/build]   | [INFO] Downloaded from central: https://repo.maven.apache.org/maven2/com/squareup/okhttp3/okhttp-jvm/5.0.0-alpha.11/okhttp-jvm-5.0.0-alpha.11.pom (2.1 kB at 115 kB/s)
[a350e678-823a-46c1-a3d6-a8e2e0d48718/build]   | [INFO] Downloading from central: https://repo.maven.apache.org/maven2/com/squareup/okio/okio-jvm/3.2.0/okio-jvm-3.2.0.pom
[a350e678-823a-46c1-a3d6-a8e2e0d48718/build]   | [INFO] Downloaded from central: https://repo.maven.apache.org/maven2/com/squareup/okio/okio-jvm/3.2.0/okio-jvm-3.2.0.pom (1.9 kB at 206 kB/s)
[a350e678-823a-46c1-a3d6-a8e2e0d48718/build]   | [INFO] Downloading from central: https://repo.maven.apache.org/maven2/org/jetbrains/kotlin/kotlin-stdlib-jdk8/1.6.20/kotlin-stdlib-jdk8-1.6.20.pom
[a350e678-823a-46c1-a3d6-a8e2e0d48718/build]   | [INFO] Downloaded from central: https://repo.maven.apache.org/maven2/org/jetbrains/kotlin/kotlin-stdlib-jdk8/1.6.20/kotlin-stdlib-jdk8-1.6.20.pom (1.6 kB at 122 kB/s)
[a350e678-823a-46c1-a3d6-a8e2e0d48718/build]   | [INFO] Downloading from central: https://repo.maven.apache.org/maven2/org/jetbrains/kotlin/kotlin-stdlib/1.6.20/kotlin-stdlib-1.6.20.pom
[a350e678-823a-46c1-a3d6-a8e2e0d48718/build]   | [INFO] Downloaded from central: https://repo.maven.apache.org/maven2/org/jetbrains/kotlin/kotlin-stdlib/1.6.20/kotlin-stdlib-1.6.20.pom (1.6 kB at 104 kB/s)
[a350e678-823a-46c1-a3d6-a8e2e0d48718/build]   | [INFO] Downloading from central: https://repo.maven.apache.org/maven2/org/jetbrains/kotlin/kotlin-stdlib-common/1.6.20/kotlin-stdlib-common-1.6.20.pom
[a350e678-823a-46c1-a3d6-a8e2e0d48718/build]   | [INFO] Downloaded from central: https://repo.maven.apache.org/maven2/org/jetbrains/kotlin/kotlin-stdlib-common/1.6.20/kotlin-stdlib-common-1.6.20.pom (1.2 kB at 106 kB/s)
[a350e678-823a-46c1-a3d6-a8e2e0d48718/build]   | [INFO] Downloading from central: https://repo.maven.apache.org/maven2/org/jetbrains/annotations/13.0/annotations-13.0.pom
[a350e678-823a-46c1-a3d6-a8e2e0d48718/build]   | [INFO] Downloaded from central: https://repo.maven.apache.org/maven2/org/jetbrains/annotations/13.0/annotations-13.0.pom (4.9 kB at 290 kB/s)
[a350e678-823a-46c1-a3d6-a8e2e0d48718/build]   | [INFO] Downloading from central: https://repo.maven.apache.org/maven2/org/jetbrains/kotlin/kotlin-stdlib-jdk7/1.6.20/kotlin-stdlib-jdk7-1.6.20.pom
[a350e678-823a-46c1-a3d6-a8e2e0d48718/build]   | [INFO] Downloaded from central: https://repo.maven.apache.org/maven2/org/jetbrains/kotlin/kotlin-stdlib-jdk7/1.6.20/kotlin-stdlib-jdk7-1.6.20.pom (1.4 kB at 56 kB/s)
[a350e678-823a-46c1-a3d6-a8e2e0d48718/build]   | [INFO] Downloading from central: https://repo.maven.apache.org/maven2/org/jetbrains/kotlin/kotlin-stdlib/1.7.10/kotlin-stdlib-1.7.10.pom
[a350e678-823a-46c1-a3d6-a8e2e0d48718/build]   | [INFO] Downloaded from central: https://repo.maven.apache.org/maven2/org/jetbrains/kotlin/kotlin-stdlib/1.7.10/kotlin-stdlib-1.7.10.pom (1.6 kB at 71 kB/s)
[a350e678-823a-46c1-a3d6-a8e2e0d48718/build]   | [INFO] Downloading from central: https://repo.maven.apache.org/maven2/org/jetbrains/kotlin/kotlin-stdlib-common/1.7.10/kotlin-stdlib-common-1.7.10.pom
[a350e678-823a-46c1-a3d6-a8e2e0d48718/build]   | [INFO] Downloaded from central: https://repo.maven.apache.org/maven2/org/jetbrains/kotlin/kotlin-stdlib-common/1.7.10/kotlin-stdlib-common-1.7.10.pom (1.2 kB at 51 kB/s)
[a350e678-823a-46c1-a3d6-a8e2e0d48718/build]   | [INFO] Downloading from central: https://repo.maven.apache.org/maven2/org/junit/jupiter/junit-jupiter-api/5.9.2/junit-jupiter-api-5.9.2.pom
[a350e678-823a-46c1-a3d6-a8e2e0d48718/build]   | [INFO] Downloaded from central: https://repo.maven.apache.org/maven2/org/junit/jupiter/junit-jupiter-api/5.9.2/junit-jupiter-api-5.9.2.pom (3.2 kB at 159 kB/s)
[a350e678-823a-46c1-a3d6-a8e2e0d48718/build]   | [INFO] Downloading from central: https://repo.maven.apache.org/maven2/org/junit/junit-bom/5.9.2/junit-bom-5.9.2.pom
[a350e678-823a-46c1-a3d6-a8e2e0d48718/build]   | [INFO] Downloaded from central: https://repo.maven.apache.org/maven2/org/junit/junit-bom/5.9.2/junit-bom-5.9.2.pom (5.6 kB at 225 kB/s)
[a350e678-823a-46c1-a3d6-a8e2e0d48718/build]   | [INFO] Downloading from central: https://repo.maven.apache.org/maven2/org/opentest4j/opentest4j/1.2.0/opentest4j-1.2.0.pom
[a350e678-823a-46c1-a3d6-a8e2e0d48718/build]   | [INFO] Downloaded from central: https://repo.maven.apache.org/maven2/org/opentest4j/opentest4j/1.2.0/opentest4j-1.2.0.pom (1.7 kB at 80 kB/s)
[a350e678-823a-46c1-a3d6-a8e2e0d48718/build]   | [INFO] Downloading from central: https://repo.maven.apache.org/maven2/org/junit/platform/junit-platform-commons/1.9.2/junit-platform-commons-1.9.2.pom
[a350e678-823a-46c1-a3d6-a8e2e0d48718/build]   | [INFO] Downloaded from central: https://repo.maven.apache.org/maven2/org/junit/platform/junit-platform-commons/1.9.2/junit-platform-commons-1.9.2.pom (2.8 kB at 109 kB/s)
[a350e678-823a-46c1-a3d6-a8e2e0d48718/build]   | [INFO] Downloading from central: https://repo.maven.apache.org/maven2/org/apiguardian/apiguardian-api/1.1.2/apiguardian-api-1.1.2.pom
[a350e678-823a-46c1-a3d6-a8e2e0d48718/build]   | [INFO] Downloaded from central: https://repo.maven.apache.org/maven2/org/apiguardian/apiguardian-api/1.1.2/apiguardian-api-1.1.2.pom (1.5 kB at 61 kB/s)
[a350e678-823a-46c1-a3d6-a8e2e0d48718/build]   | [INFO] Downloading from central: https://repo.maven.apache.org/maven2/org/junit/jupiter/junit-jupiter-engine/5.9.2/junit-jupiter-engine-5.9.2.pom
[a350e678-823a-46c1-a3d6-a8e2e0d48718/build]   | [INFO] Downloaded from central: https://repo.maven.apache.org/maven2/org/junit/jupiter/junit-jupiter-engine/5.9.2/junit-jupiter-engine-5.9.2.pom (3.2 kB at 145 kB/s)
[a350e678-823a-46c1-a3d6-a8e2e0d48718/build]   | [INFO] Downloading from central: https://repo.maven.apache.org/maven2/org/junit/platform/junit-platform-engine/1.9.2/junit-platform-engine-1.9.2.pom
[a350e678-823a-46c1-a3d6-a8e2e0d48718/build]   | [INFO] Downloaded from central: https://repo.maven.apache.org/maven2/org/junit/platform/junit-platform-engine/1.9.2/junit-platform-engine-1.9.2.pom (3.2 kB at 91 kB/s)
[a350e678-823a-46c1-a3d6-a8e2e0d48718/build]   | [INFO] Downloading from central: https://repo.maven.apache.org/maven2/org/mockito/mockito-junit-jupiter/5.2.0/mockito-junit-jupiter-5.2.0.pom
[a350e678-823a-46c1-a3d6-a8e2e0d48718/build]   | [INFO] Downloaded from central: https://repo.maven.apache.org/maven2/org/mockito/mockito-junit-jupiter/5.2.0/mockito-junit-jupiter-5.2.0.pom (2.3 kB at 92 kB/s)
[a350e678-823a-46c1-a3d6-a8e2e0d48718/build]   | [INFO] Downloading from central: https://repo.maven.apache.org/maven2/org/mockito/mockito-core/5.2.0/mockito-core-5.2.0.pom
[a350e678-823a-46c1-a3d6-a8e2e0d48718/build]   | [INFO] Downloaded from central: https://repo.maven.apache.org/maven2/org/mockito/mockito-core/5.2.0/mockito-core-5.2.0.pom (2.5 kB at 119 kB/s)
[a350e678-823a-46c1-a3d6-a8e2e0d48718/build]   | [INFO] Downloading from central: https://repo.maven.apache.org/maven2/net/bytebuddy/byte-buddy/1.14.1/byte-buddy-1.14.1.pom
[a350e678-823a-46c1-a3d6-a8e2e0d48718/build]   | [INFO] Downloaded from central: https://repo.maven.apache.org/maven2/net/bytebuddy/byte-buddy/1.14.1/byte-buddy-1.14.1.pom (16 kB at 660 kB/s)
[a350e678-823a-46c1-a3d6-a8e2e0d48718/build]   | [INFO] Downloading from central: https://repo.maven.apache.org/maven2/net/bytebuddy/byte-buddy-parent/1.14.1/byte-buddy-parent-1.14.1.pom
[a350e678-823a-46c1-a3d6-a8e2e0d48718/build]   | [INFO] Downloaded from central: https://repo.maven.apache.org/maven2/net/bytebuddy/byte-buddy-parent/1.14.1/byte-buddy-parent-1.14.1.pom (58 kB at 719 kB/s)
[a350e678-823a-46c1-a3d6-a8e2e0d48718/build]   | [INFO] Downloading from central: https://repo.maven.apache.org/maven2/net/bytebuddy/byte-buddy-agent/1.14.1/byte-buddy-agent-1.14.1.pom
[a350e678-823a-46c1-a3d6-a8e2e0d48718/build]   | [INFO] Downloaded from central: https://repo.maven.apache.org/maven2/net/bytebuddy/byte-buddy-agent/1.14.1/byte-buddy-agent-1.14.1.pom (10 kB at 174 kB/s)
[a350e678-823a-46c1-a3d6-a8e2e0d48718/build]   | [INFO] Downloading from central: https://repo.maven.apache.org/maven2/org/objenesis/objenesis/3.3/objenesis-3.3.pom
[a350e678-823a-46c1-a3d6-a8e2e0d48718/build]   | [INFO] Downloaded from central: https://repo.maven.apache.org/maven2/org/objenesis/objenesis/3.3/objenesis-3.3.pom (3.0 kB at 33 kB/s)
[a350e678-823a-46c1-a3d6-a8e2e0d48718/build]   | [INFO] Downloading from central: https://repo.maven.apache.org/maven2/org/objenesis/objenesis-parent/3.3/objenesis-parent-3.3.pom
[a350e678-823a-46c1-a3d6-a8e2e0d48718/build]   | [INFO] Downloaded from central: https://repo.maven.apache.org/maven2/org/objenesis/objenesis-parent/3.3/objenesis-parent-3.3.pom (19 kB at 325 kB/s)
[a350e678-823a-46c1-a3d6-a8e2e0d48718/build]   | [INFO] Downloading from central: https://repo.maven.apache.org/maven2/org/mockito/mockito-inline/5.2.0/mockito-inline-5.2.0.pom
[a350e678-823a-46c1-a3d6-a8e2e0d48718/build]   | [INFO] Downloaded from central: https://repo.maven.apache.org/maven2/org/mockito/mockito-inline/5.2.0/mockito-inline-5.2.0.pom (2.2 kB at 65 kB/s)
[a350e678-823a-46c1-a3d6-a8e2e0d48718/build]   | [INFO] Downloading from central: https://repo.maven.apache.org/maven2/com/squareup/okhttp3/mockwebserver3/5.0.0-alpha.11/mockwebserver3-5.0.0-alpha.11.pom
[a350e678-823a-46c1-a3d6-a8e2e0d48718/build]   | [INFO] Downloaded from central: https://repo.maven.apache.org/maven2/com/squareup/okhttp3/mockwebserver3/5.0.0-alpha.11/mockwebserver3-5.0.0-alpha.11.pom (1.9 kB at 6.6 kB/s)
[a350e678-823a-46c1-a3d6-a8e2e0d48718/build]   | [INFO] Downloading from central: https://repo.maven.apache.org/maven2/org/jetbrains/kotlin/kotlin-stdlib-jdk8/1.7.10/kotlin-stdlib-jdk8-1.7.10.pom
[a350e678-823a-46c1-a3d6-a8e2e0d48718/build]   | [INFO] Downloaded from central: https://repo.maven.apache.org/maven2/org/jetbrains/kotlin/kotlin-stdlib-jdk8/1.7.10/kotlin-stdlib-jdk8-1.7.10.pom (1.6 kB at 55 kB/s)
[a350e678-823a-46c1-a3d6-a8e2e0d48718/build]   | [INFO] Downloading from central: https://repo.maven.apache.org/maven2/org/jetbrains/kotlin/kotlin-stdlib-jdk7/1.7.10/kotlin-stdlib-jdk7-1.7.10.pom
[a350e678-823a-46c1-a3d6-a8e2e0d48718/build]   | [INFO] Downloaded from central: https://repo.maven.apache.org/maven2/org/jetbrains/kotlin/kotlin-stdlib-jdk7/1.7.10/kotlin-stdlib-jdk7-1.7.10.pom (1.4 kB at 24 kB/s)
[a350e678-823a-46c1-a3d6-a8e2e0d48718/build]   | [INFO] Downloading from central: https://repo.maven.apache.org/maven2/org/skyscreamer/jsonassert/1.5.1/jsonassert-1.5.1.pom
[a350e678-823a-46c1-a3d6-a8e2e0d48718/build]   | [INFO] Downloaded from central: https://repo.maven.apache.org/maven2/org/skyscreamer/jsonassert/1.5.1/jsonassert-1.5.1.pom (5.2 kB at 74 kB/s)
[a350e678-823a-46c1-a3d6-a8e2e0d48718/build]   | [INFO] Downloading from central: https://repo.maven.apache.org/maven2/com/vaadin/external/google/android-json/0.0.20131108.vaadin1/android-json-0.0.20131108.vaadin1.pom
[a350e678-823a-46c1-a3d6-a8e2e0d48718/build]   | [INFO] Downloaded from central: https://repo.maven.apache.org/maven2/com/vaadin/external/google/android-json/0.0.20131108.vaadin1/android-json-0.0.20131108.vaadin1.pom (2.8 kB at 58 kB/s)
[a350e678-823a-46c1-a3d6-a8e2e0d48718/build]   | [INFO] Downloading from central: https://repo.maven.apache.org/maven2/com/squareup/retrofit2/retrofit/2.9.0/retrofit-2.9.0.jar
[a350e678-823a-46c1-a3d6-a8e2e0d48718/build]   | [INFO] Downloading from central: https://repo.maven.apache.org/maven2/com/squareup/retrofit2/converter-jackson/2.9.0/converter-jackson-2.9.0.jar
[a350e678-823a-46c1-a3d6-a8e2e0d48718/build]   | [INFO] Downloading from central: https://repo.maven.apache.org/maven2/com/fasterxml/jackson/core/jackson-databind/2.10.1/jackson-databind-2.10.1.jar
[a350e678-823a-46c1-a3d6-a8e2e0d48718/build]   | [INFO] Downloading from central: https://repo.maven.apache.org/maven2/com/fasterxml/jackson/core/jackson-annotations/2.10.1/jackson-annotations-2.10.1.jar
[a350e678-823a-46c1-a3d6-a8e2e0d48718/build]   | [INFO] Downloading from central: https://repo.maven.apache.org/maven2/com/fasterxml/jackson/core/jackson-core/2.10.1/jackson-core-2.10.1.jar
[a350e678-823a-46c1-a3d6-a8e2e0d48718/build]   | [INFO] Downloaded from central: https://repo.maven.apache.org/maven2/com/squareup/retrofit2/converter-jackson/2.9.0/converter-jackson-2.9.0.jar (4.1 kB at 37 kB/s)
[a350e678-823a-46c1-a3d6-a8e2e0d48718/build]   | [INFO] Downloading from central: https://repo.maven.apache.org/maven2/com/squareup/okhttp3/okhttp/5.0.0-alpha.11/okhttp-5.0.0-alpha.11.jar
[a350e678-823a-46c1-a3d6-a8e2e0d48718/build]   | [INFO] Downloaded from central: https://repo.maven.apache.org/maven2/com/squareup/okhttp3/okhttp/5.0.0-alpha.11/okhttp-5.0.0-alpha.11.jar (13 kB at 80 kB/s)
[a350e678-823a-46c1-a3d6-a8e2e0d48718/build]   | [INFO] Downloading from central: https://repo.maven.apache.org/maven2/com/squareup/okhttp3/okhttp-jvm/5.0.0-alpha.11/okhttp-jvm-5.0.0-alpha.11.jar
[a350e678-823a-46c1-a3d6-a8e2e0d48718/build]   | [INFO] Downloaded from central: https://repo.maven.apache.org/maven2/com/squareup/retrofit2/retrofit/2.9.0/retrofit-2.9.0.jar (125 kB at 742 kB/s)
[a350e678-823a-46c1-a3d6-a8e2e0d48718/build]   | [INFO] Downloading from central: https://repo.maven.apache.org/maven2/com/squareup/okio/okio-jvm/3.2.0/okio-jvm-3.2.0.jar
[a350e678-823a-46c1-a3d6-a8e2e0d48718/build]   | [INFO] Downloaded from central: https://repo.maven.apache.org/maven2/com/squareup/okio/okio-jvm/3.2.0/okio-jvm-3.2.0.jar (345 kB at 1.3 MB/s)
[a350e678-823a-46c1-a3d6-a8e2e0d48718/build]   | [INFO] Downloading from central: https://repo.maven.apache.org/maven2/org/jetbrains/kotlin/kotlin-stdlib/1.7.10/kotlin-stdlib-1.7.10.jar
[a350e678-823a-46c1-a3d6-a8e2e0d48718/build]   | [INFO] Downloaded from central: https://repo.maven.apache.org/maven2/com/fasterxml/jackson/core/jackson-core/2.10.1/jackson-core-2.10.1.jar (349 kB at 1.3 MB/s)
[a350e678-823a-46c1-a3d6-a8e2e0d48718/build]   | [INFO] Downloading from central: https://repo.maven.apache.org/maven2/org/jetbrains/annotations/13.0/annotations-13.0.jar
[a350e678-823a-46c1-a3d6-a8e2e0d48718/build]   | [INFO] Downloaded from central: https://repo.maven.apache.org/maven2/org/jetbrains/annotations/13.0/annotations-13.0.jar (18 kB at 61 kB/s)
[a350e678-823a-46c1-a3d6-a8e2e0d48718/build]   | [INFO] Downloading from central: https://repo.maven.apache.org/maven2/org/jetbrains/kotlin/kotlin-stdlib-common/1.7.10/kotlin-stdlib-common-1.7.10.jar
[a350e678-823a-46c1-a3d6-a8e2e0d48718/build]   | [INFO] Downloaded from central: https://repo.maven.apache.org/maven2/com/fasterxml/jackson/core/jackson-annotations/2.10.1/jackson-annotations-2.10.1.jar (68 kB at 213 kB/s)
[a350e678-823a-46c1-a3d6-a8e2e0d48718/build]   | [INFO] Downloading from central: https://repo.maven.apache.org/maven2/org/junit/jupiter/junit-jupiter-api/5.9.2/junit-jupiter-api-5.9.2.jar
[a350e678-823a-46c1-a3d6-a8e2e0d48718/build]   | [INFO] Downloaded from central: https://repo.maven.apache.org/maven2/org/jetbrains/kotlin/kotlin-stdlib-common/1.7.10/kotlin-stdlib-common-1.7.10.jar (199 kB at 532 kB/s)
[a350e678-823a-46c1-a3d6-a8e2e0d48718/build]   | [INFO] Downloading from central: https://repo.maven.apache.org/maven2/org/opentest4j/opentest4j/1.2.0/opentest4j-1.2.0.jar
[a350e678-823a-46c1-a3d6-a8e2e0d48718/build]   | [INFO] Downloaded from central: https://repo.maven.apache.org/maven2/org/opentest4j/opentest4j/1.2.0/opentest4j-1.2.0.jar (7.7 kB at 19 kB/s)
[a350e678-823a-46c1-a3d6-a8e2e0d48718/build]   | [INFO] Downloading from central: https://repo.maven.apache.org/maven2/org/junit/platform/junit-platform-commons/1.9.2/junit-platform-commons-1.9.2.jar
[a350e678-823a-46c1-a3d6-a8e2e0d48718/build]   | [INFO] Downloaded from central: https://repo.maven.apache.org/maven2/org/junit/jupiter/junit-jupiter-api/5.9.2/junit-jupiter-api-5.9.2.jar (208 kB at 504 kB/s)
[a350e678-823a-46c1-a3d6-a8e2e0d48718/build]   | [INFO] Downloading from central: https://repo.maven.apache.org/maven2/org/apiguardian/apiguardian-api/1.1.2/apiguardian-api-1.1.2.jar
[a350e678-823a-46c1-a3d6-a8e2e0d48718/build]   | [INFO] Downloaded from central: https://repo.maven.apache.org/maven2/org/apiguardian/apiguardian-api/1.1.2/apiguardian-api-1.1.2.jar (6.8 kB at 15 kB/s)
[a350e678-823a-46c1-a3d6-a8e2e0d48718/build]   | [INFO] Downloading from central: https://repo.maven.apache.org/maven2/org/junit/jupiter/junit-jupiter-engine/5.9.2/junit-jupiter-engine-5.9.2.jar
[a350e678-823a-46c1-a3d6-a8e2e0d48718/build]   | [INFO] Downloaded from central: https://repo.maven.apache.org/maven2/com/squareup/okhttp3/okhttp-jvm/5.0.0-alpha.11/okhttp-jvm-5.0.0-alpha.11.jar (854 kB at 1.9 MB/s)
[a350e678-823a-46c1-a3d6-a8e2e0d48718/build]   | [INFO] Downloading from central: https://repo.maven.apache.org/maven2/org/junit/platform/junit-platform-engine/1.9.2/junit-platform-engine-1.9.2.jar
[a350e678-823a-46c1-a3d6-a8e2e0d48718/build]   | [INFO] Downloaded from central: https://repo.maven.apache.org/maven2/org/junit/platform/junit-platform-commons/1.9.2/junit-platform-commons-1.9.2.jar (103 kB at 227 kB/s)
[a350e678-823a-46c1-a3d6-a8e2e0d48718/build]   | [INFO] Downloading from central: https://repo.maven.apache.org/maven2/org/mockito/mockito-junit-jupiter/5.2.0/mockito-junit-jupiter-5.2.0.jar
[a350e678-823a-46c1-a3d6-a8e2e0d48718/build]   | [INFO] Downloaded from central: https://repo.maven.apache.org/maven2/com/fasterxml/jackson/core/jackson-databind/2.10.1/jackson-databind-2.10.1.jar (1.4 MB at 3.1 MB/s)
[a350e678-823a-46c1-a3d6-a8e2e0d48718/build]   | [INFO] Downloading from central: https://repo.maven.apache.org/maven2/org/mockito/mockito-core/5.2.0/mockito-core-5.2.0.jar
[a350e678-823a-46c1-a3d6-a8e2e0d48718/build]   | [INFO] Downloaded from central: https://repo.maven.apache.org/maven2/org/mockito/mockito-junit-jupiter/5.2.0/mockito-junit-jupiter-5.2.0.jar (5.5 kB at 11 kB/s)
[a350e678-823a-46c1-a3d6-a8e2e0d48718/build]   | [INFO] Downloading from central: https://repo.maven.apache.org/maven2/net/bytebuddy/byte-buddy/1.14.1/byte-buddy-1.14.1.jar
[a350e678-823a-46c1-a3d6-a8e2e0d48718/build]   | [INFO] Downloaded from central: https://repo.maven.apache.org/maven2/org/junit/platform/junit-platform-engine/1.9.2/junit-platform-engine-1.9.2.jar (189 kB at 370 kB/s)
[a350e678-823a-46c1-a3d6-a8e2e0d48718/build]   | [INFO] Downloading from central: https://repo.maven.apache.org/maven2/net/bytebuddy/byte-buddy-agent/1.14.1/byte-buddy-agent-1.14.1.jar
[a350e678-823a-46c1-a3d6-a8e2e0d48718/build]   | [INFO] Downloaded from central: https://repo.maven.apache.org/maven2/org/jetbrains/kotlin/kotlin-stdlib/1.7.10/kotlin-stdlib-1.7.10.jar (1.5 MB at 2.8 MB/s)
[a350e678-823a-46c1-a3d6-a8e2e0d48718/build]   | [INFO] Downloading from central: https://repo.maven.apache.org/maven2/org/objenesis/objenesis/3.3/objenesis-3.3.jar
[a350e678-823a-46c1-a3d6-a8e2e0d48718/build]   | [INFO] Downloaded from central: https://repo.maven.apache.org/maven2/org/junit/jupiter/junit-jupiter-engine/5.9.2/junit-jupiter-engine-5.9.2.jar (247 kB at 445 kB/s)
[a350e678-823a-46c1-a3d6-a8e2e0d48718/build]   | [INFO] Downloading from central: https://repo.maven.apache.org/maven2/org/mockito/mockito-inline/5.2.0/mockito-inline-5.2.0.jar
[a350e678-823a-46c1-a3d6-a8e2e0d48718/build]   | [INFO] Downloaded from central: https://repo.maven.apache.org/maven2/org/objenesis/objenesis/3.3/objenesis-3.3.jar (49 kB at 86 kB/s)
[a350e678-823a-46c1-a3d6-a8e2e0d48718/build]   | [INFO] Downloading from central: https://repo.maven.apache.org/maven2/com/squareup/okhttp3/mockwebserver3/5.0.0-alpha.11/mockwebserver3-5.0.0-alpha.11.jar
[a350e678-823a-46c1-a3d6-a8e2e0d48718/build]   | [INFO] Downloaded from central: https://repo.maven.apache.org/maven2/org/mockito/mockito-inline/5.2.0/mockito-inline-5.2.0.jar (1.5 kB at 2.6 kB/s)
[a350e678-823a-46c1-a3d6-a8e2e0d48718/build]   | [INFO] Downloading from central: https://repo.maven.apache.org/maven2/org/jetbrains/kotlin/kotlin-stdlib-jdk8/1.7.10/kotlin-stdlib-jdk8-1.7.10.jar
[a350e678-823a-46c1-a3d6-a8e2e0d48718/build]   | [INFO] Downloaded from central: https://repo.maven.apache.org/maven2/net/bytebuddy/byte-buddy-agent/1.14.1/byte-buddy-agent-1.14.1.jar (257 kB at 436 kB/s)
[a350e678-823a-46c1-a3d6-a8e2e0d48718/build]   | [INFO] Downloading from central: https://repo.maven.apache.org/maven2/org/jetbrains/kotlin/kotlin-stdlib-jdk7/1.7.10/kotlin-stdlib-jdk7-1.7.10.jar
[a350e678-823a-46c1-a3d6-a8e2e0d48718/build]   | [INFO] Downloaded from central: https://repo.maven.apache.org/maven2/org/jetbrains/kotlin/kotlin-stdlib-jdk8/1.7.10/kotlin-stdlib-jdk8-1.7.10.jar (20 kB at 33 kB/s)
[a350e678-823a-46c1-a3d6-a8e2e0d48718/build]   | [INFO] Downloading from central: https://repo.maven.apache.org/maven2/org/skyscreamer/jsonassert/1.5.1/jsonassert-1.5.1.jar
[a350e678-823a-46c1-a3d6-a8e2e0d48718/build]   | [INFO] Downloaded from central: https://repo.maven.apache.org/maven2/com/squareup/okhttp3/mockwebserver3/5.0.0-alpha.11/mockwebserver3-5.0.0-alpha.11.jar (74 kB at 119 kB/s)
[a350e678-823a-46c1-a3d6-a8e2e0d48718/build]   | [INFO] Downloading from central: https://repo.maven.apache.org/maven2/com/vaadin/external/google/android-json/0.0.20131108.vaadin1/android-json-0.0.20131108.vaadin1.jar
[a350e678-823a-46c1-a3d6-a8e2e0d48718/build]   | [INFO] Downloaded from central: https://repo.maven.apache.org/maven2/org/skyscreamer/jsonassert/1.5.1/jsonassert-1.5.1.jar (31 kB at 48 kB/s)
[a350e678-823a-46c1-a3d6-a8e2e0d48718/build]   | [INFO] Downloaded from central: https://repo.maven.apache.org/maven2/org/mockito/mockito-core/5.2.0/mockito-core-5.2.0.jar (687 kB at 1.1 MB/s)
[a350e678-823a-46c1-a3d6-a8e2e0d48718/build]   | [INFO] Downloaded from central: https://repo.maven.apache.org/maven2/com/vaadin/external/google/android-json/0.0.20131108.vaadin1/android-json-0.0.20131108.vaadin1.jar (18 kB at 28 kB/s)
[a350e678-823a-46c1-a3d6-a8e2e0d48718/build]   | [INFO] Downloaded from central: https://repo.maven.apache.org/maven2/org/jetbrains/kotlin/kotlin-stdlib-jdk7/1.7.10/kotlin-stdlib-jdk7-1.7.10.jar (24 kB at 36 kB/s)
[a350e678-823a-46c1-a3d6-a8e2e0d48718/build]   | [INFO] Downloaded from central: https://repo.maven.apache.org/maven2/net/bytebuddy/byte-buddy/1.14.1/byte-buddy-1.14.1.jar (4.2 MB at 4.5 MB/s)
[a350e678-823a-46c1-a3d6-a8e2e0d48718/build]   | [INFO] 
[a350e678-823a-46c1-a3d6-a8e2e0d48718/build]   | [INFO] --- jacoco-maven-plugin:0.8.8:prepare-agent (default) @ whatsapp-business-java-api ---
[a350e678-823a-46c1-a3d6-a8e2e0d48718/build]   | [INFO] Downloading from central: https://repo.maven.apache.org/maven2/org/codehaus/plexus/plexus-utils/3.0.22/plexus-utils-3.0.22.pom
[a350e678-823a-46c1-a3d6-a8e2e0d48718/build]   | [INFO] Downloaded from central: https://repo.maven.apache.org/maven2/org/codehaus/plexus/plexus-utils/3.0.22/plexus-utils-3.0.22.pom (3.8 kB at 426 kB/s)
[a350e678-823a-46c1-a3d6-a8e2e0d48718/build]   | [INFO] Downloading from central: https://repo.maven.apache.org/maven2/org/codehaus/plexus/plexus/3.3.1/plexus-3.3.1.pom
[a350e678-823a-46c1-a3d6-a8e2e0d48718/build]   | [INFO] Downloaded from central: https://repo.maven.apache.org/maven2/org/codehaus/plexus/plexus/3.3.1/plexus-3.3.1.pom (20 kB at 2.6 MB/s)
[a350e678-823a-46c1-a3d6-a8e2e0d48718/build]   | [INFO] Downloading from central: https://repo.maven.apache.org/maven2/org/sonatype/spice/spice-parent/17/spice-parent-17.pom
[a350e678-823a-46c1-a3d6-a8e2e0d48718/build]   | [INFO] Downloaded from central: https://repo.maven.apache.org/maven2/org/sonatype/spice/spice-parent/17/spice-parent-17.pom (6.8 kB at 676 kB/s)
[a350e678-823a-46c1-a3d6-a8e2e0d48718/build]   | [INFO] Downloading from central: https://repo.maven.apache.org/maven2/org/sonatype/forge/forge-parent/10/forge-parent-10.pom
[a350e678-823a-46c1-a3d6-a8e2e0d48718/build]   | [INFO] Downloaded from central: https://repo.maven.apache.org/maven2/org/sonatype/forge/forge-parent/10/forge-parent-10.pom (14 kB at 1.5 MB/s)
[a350e678-823a-46c1-a3d6-a8e2e0d48718/build]   | [INFO] Downloading from central: https://repo.maven.apache.org/maven2/org/apache/maven/shared/file-management/1.2.1/file-management-1.2.1.pom
[a350e678-823a-46c1-a3d6-a8e2e0d48718/build]   | [INFO] Downloaded from central: https://repo.maven.apache.org/maven2/org/apache/maven/shared/file-management/1.2.1/file-management-1.2.1.pom (3.9 kB at 277 kB/s)
[a350e678-823a-46c1-a3d6-a8e2e0d48718/build]   | [INFO] Downloading from central: https://repo.maven.apache.org/maven2/org/apache/maven/shared/maven-shared-components/10/maven-shared-components-10.pom
[a350e678-823a-46c1-a3d6-a8e2e0d48718/build]   | [INFO] Downloaded from central: https://repo.maven.apache.org/maven2/org/apache/maven/shared/maven-shared-components/10/maven-shared-components-10.pom (8.4 kB at 468 kB/s)
[a350e678-823a-46c1-a3d6-a8e2e0d48718/build]   | [INFO] Downloading from central: https://repo.maven.apache.org/maven2/org/apache/maven/maven-parent/9/maven-parent-9.pom
[a350e678-823a-46c1-a3d6-a8e2e0d48718/build]   | [INFO] Downloaded from central: https://repo.maven.apache.org/maven2/org/apache/maven/maven-parent/9/maven-parent-9.pom (33 kB at 2.1 MB/s)
[a350e678-823a-46c1-a3d6-a8e2e0d48718/build]   | [INFO] Downloading from central: https://repo.maven.apache.org/maven2/org/apache/apache/4/apache-4.pom
[a350e678-823a-46c1-a3d6-a8e2e0d48718/build]   | [INFO] Downloaded from central: https://repo.maven.apache.org/maven2/org/apache/apache/4/apache-4.pom (4.5 kB at 300 kB/s)
[a350e678-823a-46c1-a3d6-a8e2e0d48718/build]   | [INFO] Downloading from central: https://repo.maven.apache.org/maven2/org/apache/maven/maven-plugin-api/2.0.6/maven-plugin-api-2.0.6.pom
[a350e678-823a-46c1-a3d6-a8e2e0d48718/build]   | [INFO] Downloaded from central: https://repo.maven.apache.org/maven2/org/apache/maven/maven-plugin-api/2.0.6/maven-plugin-api-2.0.6.pom (1.5 kB at 146 kB/s)
[a350e678-823a-46c1-a3d6-a8e2e0d48718/build]   | [INFO] Downloading from central: https://repo.maven.apache.org/maven2/org/apache/maven/maven/2.0.6/maven-2.0.6.pom
[a350e678-823a-46c1-a3d6-a8e2e0d48718/build]   | [INFO] Downloaded from central: https://repo.maven.apache.org/maven2/org/apache/maven/maven/2.0.6/maven-2.0.6.pom (9.0 kB at 754 kB/s)
[a350e678-823a-46c1-a3d6-a8e2e0d48718/build]   | [INFO] Downloading from central: https://repo.maven.apache.org/maven2/org/apache/maven/maven-parent/5/maven-parent-5.pom
[a350e678-823a-46c1-a3d6-a8e2e0d48718/build]   | [INFO] Downloaded from central: https://repo.maven.apache.org/maven2/org/apache/maven/maven-parent/5/maven-parent-5.pom (15 kB at 1.7 MB/s)
[a350e678-823a-46c1-a3d6-a8e2e0d48718/build]   | [INFO] Downloading from central: https://repo.maven.apache.org/maven2/org/apache/apache/3/apache-3.pom
[a350e678-823a-46c1-a3d6-a8e2e0d48718/build]   | [INFO] Downloaded from central: https://repo.maven.apache.org/maven2/org/apache/apache/3/apache-3.pom (3.4 kB at 312 kB/s)
[a350e678-823a-46c1-a3d6-a8e2e0d48718/build]   | [INFO] Downloading from central: https://repo.maven.apache.org/maven2/org/apache/maven/shared/maven-shared-io/1.1/maven-shared-io-1.1.pom
[a350e678-823a-46c1-a3d6-a8e2e0d48718/build]   | [INFO] Downloaded from central: https://repo.maven.apache.org/maven2/org/apache/maven/shared/maven-shared-io/1.1/maven-shared-io-1.1.pom (4.1 kB at 451 kB/s)
[a350e678-823a-46c1-a3d6-a8e2e0d48718/build]   | [INFO] Downloading from central: https://repo.maven.apache.org/maven2/org/apache/maven/shared/maven-shared-components/8/maven-shared-components-8.pom
[a350e678-823a-46c1-a3d6-a8e2e0d48718/build]   | [INFO] Downloaded from central: https://repo.maven.apache.org/maven2/org/apache/maven/shared/maven-shared-components/8/maven-shared-components-8.pom (2.7 kB at 334 kB/s)
[a350e678-823a-46c1-a3d6-a8e2e0d48718/build]   | [INFO] Downloading from central: https://repo.maven.apache.org/maven2/org/apache/maven/maven-parent/7/maven-parent-7.pom
[a350e678-823a-46c1-a3d6-a8e2e0d48718/build]   | [INFO] Downloaded from central: https://repo.maven.apache.org/maven2/org/apache/maven/maven-parent/7/maven-parent-7.pom (21 kB at 2.1 MB/s)
[a350e678-823a-46c1-a3d6-a8e2e0d48718/build]   | [INFO] Downloading from central: https://repo.maven.apache.org/maven2/org/apache/maven/maven-artifact/2.0.2/maven-artifact-2.0.2.pom
[a350e678-823a-46c1-a3d6-a8e2e0d48718/build]   | [INFO] Downloaded from central: https://repo.maven.apache.org/maven2/org/apache/maven/maven-artifact/2.0.2/maven-artifact-2.0.2.pom (765 B at 85 kB/s)
[a350e678-823a-46c1-a3d6-a8e2e0d48718/build]   | [INFO] Downloading from central: https://repo.maven.apache.org/maven2/org/apache/maven/maven/2.0.2/maven-2.0.2.pom
[a350e678-823a-46c1-a3d6-a8e2e0d48718/build]   | [INFO] Downloaded from central: https://repo.maven.apache.org/maven2/org/apache/maven/maven/2.0.2/maven-2.0.2.pom (13 kB at 1.5 MB/s)
[a350e678-823a-46c1-a3d6-a8e2e0d48718/build]   | [INFO] Downloading from central: https://repo.maven.apache.org/maven2/org/codehaus/plexus/plexus-utils/1.1/plexus-utils-1.1.pom
[a350e678-823a-46c1-a3d6-a8e2e0d48718/build]   | [INFO] Downloaded from central: https://repo.maven.apache.org/maven2/org/codehaus/plexus/plexus-utils/1.1/plexus-utils-1.1.pom (767 B at 96 kB/s)
[a350e678-823a-46c1-a3d6-a8e2e0d48718/build]   | [INFO] Downloading from central: https://repo.maven.apache.org/maven2/org/codehaus/plexus/plexus/1.0.4/plexus-1.0.4.pom
[a350e678-823a-46c1-a3d6-a8e2e0d48718/build]   | [INFO] Downloaded from central: https://repo.maven.apache.org/maven2/org/codehaus/plexus/plexus/1.0.4/plexus-1.0.4.pom (5.7 kB at 717 kB/s)
[a350e678-823a-46c1-a3d6-a8e2e0d48718/build]   | [INFO] Downloading from central: https://repo.maven.apache.org/maven2/org/apache/maven/maven-artifact-manager/2.0.2/maven-artifact-manager-2.0.2.pom
[a350e678-823a-46c1-a3d6-a8e2e0d48718/build]   | [INFO] Downloaded from central: https://repo.maven.apache.org/maven2/org/apache/maven/maven-artifact-manager/2.0.2/maven-artifact-manager-2.0.2.pom (1.4 kB at 140 kB/s)
[a350e678-823a-46c1-a3d6-a8e2e0d48718/build]   | [INFO] Downloading from central: https://repo.maven.apache.org/maven2/org/apache/maven/maven-repository-metadata/2.0.2/maven-repository-metadata-2.0.2.pom
[a350e678-823a-46c1-a3d6-a8e2e0d48718/build]   | [INFO] Downloaded from central: https://repo.maven.apache.org/maven2/org/apache/maven/maven-repository-metadata/2.0.2/maven-repository-metadata-2.0.2.pom (1.3 kB at 164 kB/s)
[a350e678-823a-46c1-a3d6-a8e2e0d48718/build]   | [INFO] Downloading from central: https://repo.maven.apache.org/maven2/org/codehaus/plexus/plexus-container-default/1.0-alpha-9/plexus-container-default-1.0-alpha-9.pom
[a350e678-823a-46c1-a3d6-a8e2e0d48718/build]   | [INFO] Downloaded from central: https://repo.maven.apache.org/maven2/org/codehaus/plexus/plexus-container-default/1.0-alpha-9/plexus-container-default-1.0-alpha-9.pom (1.2 kB at 154 kB/s)
[a350e678-823a-46c1-a3d6-a8e2e0d48718/build]   | [INFO] Downloading from central: https://repo.maven.apache.org/maven2/org/codehaus/plexus/plexus-containers/1.0.3/plexus-containers-1.0.3.pom
[a350e678-823a-46c1-a3d6-a8e2e0d48718/build]   | [INFO] Downloaded from central: https://repo.maven.apache.org/maven2/org/codehaus/plexus/plexus-containers/1.0.3/plexus-containers-1.0.3.pom (492 B at 62 kB/s)
[a350e678-823a-46c1-a3d6-a8e2e0d48718/build]   | [INFO] Downloading from central: https://repo.maven.apache.org/maven2/junit/junit/4.13.1/junit-4.13.1.pom
[a350e678-823a-46c1-a3d6-a8e2e0d48718/build]   | [INFO] Downloaded from central: https://repo.maven.apache.org/maven2/junit/junit/4.13.1/junit-4.13.1.pom (25 kB at 3.1 MB/s)
[a350e678-823a-46c1-a3d6-a8e2e0d48718/build]   | [INFO] Downloading from central: https://repo.maven.apache.org/maven2/org/hamcrest/hamcrest-core/1.3/hamcrest-core-1.3.pom
[a350e678-823a-46c1-a3d6-a8e2e0d48718/build]   | [INFO] Downloaded from central: https://repo.maven.apache.org/maven2/org/hamcrest/hamcrest-core/1.3/hamcrest-core-1.3.pom (766 B at 109 kB/s)
[a350e678-823a-46c1-a3d6-a8e2e0d48718/build]   | [INFO] Downloading from central: https://repo.maven.apache.org/maven2/org/hamcrest/hamcrest-parent/1.3/hamcrest-parent-1.3.pom
[a350e678-823a-46c1-a3d6-a8e2e0d48718/build]   | [INFO] Downloaded from central: https://repo.maven.apache.org/maven2/org/hamcrest/hamcrest-parent/1.3/hamcrest-parent-1.3.pom (2.0 kB at 329 kB/s)
[a350e678-823a-46c1-a3d6-a8e2e0d48718/build]   | [INFO] Downloading from central: https://repo.maven.apache.org/maven2/org/codehaus/plexus/plexus-utils/1.0.4/plexus-utils-1.0.4.pom
[a350e678-823a-46c1-a3d6-a8e2e0d48718/build]   | [INFO] Downloaded from central: https://repo.maven.apache.org/maven2/org/codehaus/plexus/plexus-utils/1.0.4/plexus-utils-1.0.4.pom (6.9 kB at 979 kB/s)
[a350e678-823a-46c1-a3d6-a8e2e0d48718/build]   | [INFO] Downloading from central: https://repo.maven.apache.org/maven2/classworlds/classworlds/1.1-alpha-2/classworlds-1.1-alpha-2.pom
[a350e678-823a-46c1-a3d6-a8e2e0d48718/build]   | [INFO] Downloaded from central: https://repo.maven.apache.org/maven2/classworlds/classworlds/1.1-alpha-2/classworlds-1.1-alpha-2.pom (3.1 kB at 348 kB/s)
[a350e678-823a-46c1-a3d6-a8e2e0d48718/build]   | [INFO] Downloading from central: https://repo.maven.apache.org/maven2/org/apache/maven/wagon/wagon-provider-api/1.0-alpha-6/wagon-provider-api-1.0-alpha-6.pom
[a350e678-823a-46c1-a3d6-a8e2e0d48718/build]   | [INFO] Downloaded from central: https://repo.maven.apache.org/maven2/org/apache/maven/wagon/wagon-provider-api/1.0-alpha-6/wagon-provider-api-1.0-alpha-6.pom (588 B at 74 kB/s)
[a350e678-823a-46c1-a3d6-a8e2e0d48718/build]   | [INFO] Downloading from central: https://repo.maven.apache.org/maven2/org/apache/maven/wagon/wagon/1.0-alpha-6/wagon-1.0-alpha-6.pom
[a350e678-823a-46c1-a3d6-a8e2e0d48718/build]   | [INFO] Downloaded from central: https://repo.maven.apache.org/maven2/org/apache/maven/wagon/wagon/1.0-alpha-6/wagon-1.0-alpha-6.pom (6.4 kB at 457 kB/s)
[a350e678-823a-46c1-a3d6-a8e2e0d48718/build]   | [INFO] Downloading from central: https://repo.maven.apache.org/maven2/org/codehaus/plexus/plexus-utils/1.4.6/plexus-utils-1.4.6.pom
[a350e678-823a-46c1-a3d6-a8e2e0d48718/build]   | [INFO] Downloaded from central: https://repo.maven.apache.org/maven2/org/codehaus/plexus/plexus-utils/1.4.6/plexus-utils-1.4.6.pom (2.3 kB at 283 kB/s)
[a350e678-823a-46c1-a3d6-a8e2e0d48718/build]   | [INFO] Downloading from central: https://repo.maven.apache.org/maven2/org/codehaus/plexus/plexus/1.0.11/plexus-1.0.11.pom
[a350e678-823a-46c1-a3d6-a8e2e0d48718/build]   | [INFO] Downloaded from central: https://repo.maven.apache.org/maven2/org/codehaus/plexus/plexus/1.0.11/plexus-1.0.11.pom (9.0 kB at 897 kB/s)
[a350e678-823a-46c1-a3d6-a8e2e0d48718/build]   | [INFO] Downloading from central: https://repo.maven.apache.org/maven2/org/codehaus/plexus/plexus-utils/1.5.6/plexus-utils-1.5.6.pom
[a350e678-823a-46c1-a3d6-a8e2e0d48718/build]   | [INFO] Downloaded from central: https://repo.maven.apache.org/maven2/org/codehaus/plexus/plexus-utils/1.5.6/plexus-utils-1.5.6.pom (5.3 kB at 408 kB/s)
[a350e678-823a-46c1-a3d6-a8e2e0d48718/build]   | [INFO] Downloading from central: https://repo.maven.apache.org/maven2/org/codehaus/plexus/plexus/1.0.12/plexus-1.0.12.pom
[a350e678-823a-46c1-a3d6-a8e2e0d48718/build]   | [INFO] Downloaded from central: https://repo.maven.apache.org/maven2/org/codehaus/plexus/plexus/1.0.12/plexus-1.0.12.pom (9.8 kB at 980 kB/s)
[a350e678-823a-46c1-a3d6-a8e2e0d48718/build]   | [INFO] Downloading from central: https://repo.maven.apache.org/maven2/org/apache/maven/reporting/maven-reporting-api/3.0/maven-reporting-api-3.0.pom
[a350e678-823a-46c1-a3d6-a8e2e0d48718/build]   | [INFO] Downloaded from central: https://repo.maven.apache.org/maven2/org/apache/maven/reporting/maven-reporting-api/3.0/maven-reporting-api-3.0.pom (2.4 kB at 264 kB/s)
[a350e678-823a-46c1-a3d6-a8e2e0d48718/build]   | [INFO] Downloading from central: https://repo.maven.apache.org/maven2/org/apache/maven/shared/maven-shared-components/15/maven-shared-components-15.pom
[a350e678-823a-46c1-a3d6-a8e2e0d48718/build]   | [INFO] Downloaded from central: https://repo.maven.apache.org/maven2/org/apache/maven/shared/maven-shared-components/15/maven-shared-components-15.pom (9.3 kB at 778 kB/s)
[a350e678-823a-46c1-a3d6-a8e2e0d48718/build]   | [INFO] Downloading from central: https://repo.maven.apache.org/maven2/org/apache/maven/maven-parent/16/maven-parent-16.pom
[a350e678-823a-46c1-a3d6-a8e2e0d48718/build]   | [INFO] Downloaded from central: https://repo.maven.apache.org/maven2/org/apache/maven/maven-parent/16/maven-parent-16.pom (23 kB at 3.3 MB/s)
[a350e678-823a-46c1-a3d6-a8e2e0d48718/build]   | [INFO] Downloading from central: https://repo.maven.apache.org/maven2/org/apache/apache/7/apache-7.pom
[a350e678-823a-46c1-a3d6-a8e2e0d48718/build]   | [INFO] Downloaded from central: https://repo.maven.apache.org/maven2/org/apache/apache/7/apache-7.pom (14 kB at 1.2 MB/s)
[a350e678-823a-46c1-a3d6-a8e2e0d48718/build]   | [INFO] Downloading from central: https://repo.maven.apache.org/maven2/org/apache/maven/doxia/doxia-sink-api/1.0/doxia-sink-api-1.0.pom
[a350e678-823a-46c1-a3d6-a8e2e0d48718/build]   | [INFO] Downloaded from central: https://repo.maven.apache.org/maven2/org/apache/maven/doxia/doxia-sink-api/1.0/doxia-sink-api-1.0.pom (1.4 kB at 173 kB/s)
[a350e678-823a-46c1-a3d6-a8e2e0d48718/build]   | [INFO] Downloading from central: https://repo.maven.apache.org/maven2/org/apache/maven/doxia/doxia/1.0/doxia-1.0.pom
[a350e678-823a-46c1-a3d6-a8e2e0d48718/build]   | [INFO] Downloaded from central: https://repo.maven.apache.org/maven2/org/apache/maven/doxia/doxia/1.0/doxia-1.0.pom (9.6 kB at 1.4 MB/s)
[a350e678-823a-46c1-a3d6-a8e2e0d48718/build]   | [INFO] Downloading from central: https://repo.maven.apache.org/maven2/org/apache/maven/maven-parent/10/maven-parent-10.pom
[a350e678-823a-46c1-a3d6-a8e2e0d48718/build]   | [INFO] Downloaded from central: https://repo.maven.apache.org/maven2/org/apache/maven/maven-parent/10/maven-parent-10.pom (32 kB at 3.5 MB/s)
[a350e678-823a-46c1-a3d6-a8e2e0d48718/build]   | [INFO] Downloading from central: https://repo.maven.apache.org/maven2/org/jacoco/org.jacoco.agent/0.8.8/org.jacoco.agent-0.8.8.pom
[a350e678-823a-46c1-a3d6-a8e2e0d48718/build]   | [INFO] Downloaded from central: https://repo.maven.apache.org/maven2/org/jacoco/org.jacoco.agent/0.8.8/org.jacoco.agent-0.8.8.pom (3.5 kB at 318 kB/s)
[a350e678-823a-46c1-a3d6-a8e2e0d48718/build]   | [INFO] Downloading from central: https://repo.maven.apache.org/maven2/org/jacoco/org.jacoco.core/0.8.8/org.jacoco.core-0.8.8.pom
[a350e678-823a-46c1-a3d6-a8e2e0d48718/build]   | [INFO] Downloaded from central: https://repo.maven.apache.org/maven2/org/jacoco/org.jacoco.core/0.8.8/org.jacoco.core-0.8.8.pom (2.1 kB at 298 kB/s)
[a350e678-823a-46c1-a3d6-a8e2e0d48718/build]   | [INFO] Downloading from central: https://repo.maven.apache.org/maven2/org/ow2/asm/asm/9.2/asm-9.2.pom
[a350e678-823a-46c1-a3d6-a8e2e0d48718/build]   | [INFO] Downloaded from central: https://repo.maven.apache.org/maven2/org/ow2/asm/asm/9.2/asm-9.2.pom (2.4 kB at 237 kB/s)
[a350e678-823a-46c1-a3d6-a8e2e0d48718/build]   | [INFO] Downloading from central: https://repo.maven.apache.org/maven2/org/ow2/ow2/1.5/ow2-1.5.pom
[a350e678-823a-46c1-a3d6-a8e2e0d48718/build]   | [INFO] Downloaded from central: https://repo.maven.apache.org/maven2/org/ow2/ow2/1.5/ow2-1.5.pom (11 kB at 1.4 MB/s)
[a350e678-823a-46c1-a3d6-a8e2e0d48718/build]   | [INFO] Downloading from central: https://repo.maven.apache.org/maven2/org/ow2/asm/asm-commons/9.2/asm-commons-9.2.pom
[a350e678-823a-46c1-a3d6-a8e2e0d48718/build]   | [INFO] Downloaded from central: https://repo.maven.apache.org/maven2/org/ow2/asm/asm-commons/9.2/asm-commons-9.2.pom (3.0 kB at 247 kB/s)
[a350e678-823a-46c1-a3d6-a8e2e0d48718/build]   | [INFO] Downloading from central: https://repo.maven.apache.org/maven2/org/ow2/asm/asm-tree/9.2/asm-tree-9.2.pom
[a350e678-823a-46c1-a3d6-a8e2e0d48718/build]   | [INFO] Downloaded from central: https://repo.maven.apache.org/maven2/org/ow2/asm/asm-tree/9.2/asm-tree-9.2.pom (2.6 kB at 288 kB/s)
[a350e678-823a-46c1-a3d6-a8e2e0d48718/build]   | [INFO] Downloading from central: https://repo.maven.apache.org/maven2/org/ow2/asm/asm-analysis/9.2/asm-analysis-9.2.pom
[a350e678-823a-46c1-a3d6-a8e2e0d48718/build]   | [INFO] Downloaded from central: https://repo.maven.apache.org/maven2/org/ow2/asm/asm-analysis/9.2/asm-analysis-9.2.pom (2.6 kB at 218 kB/s)
[a350e678-823a-46c1-a3d6-a8e2e0d48718/build]   | [INFO] Downloading from central: https://repo.maven.apache.org/maven2/org/jacoco/org.jacoco.report/0.8.8/org.jacoco.report-0.8.8.pom
[a350e678-823a-46c1-a3d6-a8e2e0d48718/build]   | [INFO] Downloaded from central: https://repo.maven.apache.org/maven2/org/jacoco/org.jacoco.report/0.8.8/org.jacoco.report-0.8.8.pom (1.9 kB at 188 kB/s)
[a350e678-823a-46c1-a3d6-a8e2e0d48718/build]   | [INFO] Downloading from central: https://repo.maven.apache.org/maven2/org/apache/maven/shared/file-management/1.2.1/file-management-1.2.1.jar
[a350e678-823a-46c1-a3d6-a8e2e0d48718/build]   | [INFO] Downloading from central: https://repo.maven.apache.org/maven2/org/apache/maven/maven-plugin-api/2.0.6/maven-plugin-api-2.0.6.jar
[a350e678-823a-46c1-a3d6-a8e2e0d48718/build]   | [INFO] Downloading from central: https://repo.maven.apache.org/maven2/org/codehaus/plexus/plexus-utils/3.0.22/plexus-utils-3.0.22.jar
[a350e678-823a-46c1-a3d6-a8e2e0d48718/build]   | [INFO] Downloading from central: https://repo.maven.apache.org/maven2/org/apache/maven/shared/maven-shared-io/1.1/maven-shared-io-1.1.jar
[a350e678-823a-46c1-a3d6-a8e2e0d48718/build]   | [INFO] Downloading from central: https://repo.maven.apache.org/maven2/org/apache/maven/maven-artifact/2.0.2/maven-artifact-2.0.2.jar
[a350e678-823a-46c1-a3d6-a8e2e0d48718/build]   | [INFO] Downloaded from central: https://repo.maven.apache.org/maven2/org/apache/maven/maven-plugin-api/2.0.6/maven-plugin-api-2.0.6.jar (13 kB at 1.6 MB/s)
[a350e678-823a-46c1-a3d6-a8e2e0d48718/build]   | [INFO] Downloading from central: https://repo.maven.apache.org/maven2/org/apache/maven/maven-artifact-manager/2.0.2/maven-artifact-manager-2.0.2.jar
[a350e678-823a-46c1-a3d6-a8e2e0d48718/build]   | [INFO] Downloaded from central: https://repo.maven.apache.org/maven2/org/apache/maven/maven-artifact-manager/2.0.2/maven-artifact-manager-2.0.2.jar (49 kB at 3.5 MB/s)
[a350e678-823a-46c1-a3d6-a8e2e0d48718/build]   | [INFO] Downloading from central: https://repo.maven.apache.org/maven2/org/apache/maven/maven-repository-metadata/2.0.2/maven-repository-metadata-2.0.2.jar
[a350e678-823a-46c1-a3d6-a8e2e0d48718/build]   | [INFO] Downloaded from central: https://repo.maven.apache.org/maven2/org/apache/maven/shared/maven-shared-io/1.1/maven-shared-io-1.1.jar (39 kB at 2.5 MB/s)
[a350e678-823a-46c1-a3d6-a8e2e0d48718/build]   | [INFO] Downloading from central: https://repo.maven.apache.org/maven2/org/apache/maven/wagon/wagon-provider-api/1.0-alpha-6/wagon-provider-api-1.0-alpha-6.jar
[a350e678-823a-46c1-a3d6-a8e2e0d48718/build]   | [INFO] Downloaded from central: https://repo.maven.apache.org/maven2/org/apache/maven/shared/file-management/1.2.1/file-management-1.2.1.jar (38 kB at 2.2 MB/s)
[a350e678-823a-46c1-a3d6-a8e2e0d48718/build]   | [INFO] Downloading from central: https://repo.maven.apache.org/maven2/org/codehaus/plexus/plexus-container-default/1.0-alpha-9/plexus-container-default-1.0-alpha-9.jar
[a350e678-823a-46c1-a3d6-a8e2e0d48718/build]   | [INFO] Downloaded from central: https://repo.maven.apache.org/maven2/org/apache/maven/maven-artifact/2.0.2/maven-artifact-2.0.2.jar (78 kB at 3.9 MB/s)
[a350e678-823a-46c1-a3d6-a8e2e0d48718/build]   | [INFO] Downloading from central: https://repo.maven.apache.org/maven2/junit/junit/4.13.1/junit-4.13.1.jar
[a350e678-823a-46c1-a3d6-a8e2e0d48718/build]   | [INFO] Downloaded from central: https://repo.maven.apache.org/maven2/org/apache/maven/maven-repository-metadata/2.0.2/maven-repository-metadata-2.0.2.jar (20 kB at 856 kB/s)
[a350e678-823a-46c1-a3d6-a8e2e0d48718/build]   | [INFO] Downloading from central: https://repo.maven.apache.org/maven2/org/hamcrest/hamcrest-core/1.3/hamcrest-core-1.3.jar
[a350e678-823a-46c1-a3d6-a8e2e0d48718/build]   | [INFO] Downloaded from central: https://repo.maven.apache.org/maven2/org/apache/maven/wagon/wagon-provider-api/1.0-alpha-6/wagon-provider-api-1.0-alpha-6.jar (43 kB at 1.6 MB/s)
[a350e678-823a-46c1-a3d6-a8e2e0d48718/build]   | [INFO] Downloading from central: https://repo.maven.apache.org/maven2/classworlds/classworlds/1.1-alpha-2/classworlds-1.1-alpha-2.jar
[a350e678-823a-46c1-a3d6-a8e2e0d48718/build]   | [INFO] Downloaded from central: https://repo.maven.apache.org/maven2/org/codehaus/plexus/plexus-container-default/1.0-alpha-9/plexus-container-default-1.0-alpha-9.jar (195 kB at 7.2 MB/s)
[a350e678-823a-46c1-a3d6-a8e2e0d48718/build]   | [INFO] Downloading from central: https://repo.maven.apache.org/maven2/org/apache/maven/reporting/maven-reporting-api/3.0/maven-reporting-api-3.0.jar
[a350e678-823a-46c1-a3d6-a8e2e0d48718/build]   | [INFO] Downloaded from central: https://repo.maven.apache.org/maven2/org/hamcrest/hamcrest-core/1.3/hamcrest-core-1.3.jar (45 kB at 1.5 MB/s)
[a350e678-823a-46c1-a3d6-a8e2e0d48718/build]   | [INFO] Downloading from central: https://repo.maven.apache.org/maven2/org/apache/maven/doxia/doxia-sink-api/1.0/doxia-sink-api-1.0.jar
[a350e678-823a-46c1-a3d6-a8e2e0d48718/build]   | [INFO] Downloaded from central: https://repo.maven.apache.org/maven2/org/codehaus/plexus/plexus-utils/3.0.22/plexus-utils-3.0.22.jar (245 kB at 7.2 MB/s)
[a350e678-823a-46c1-a3d6-a8e2e0d48718/build]   | [INFO] Downloading from central: https://repo.maven.apache.org/maven2/org/jacoco/org.jacoco.agent/0.8.8/org.jacoco.agent-0.8.8-runtime.jar
[a350e678-823a-46c1-a3d6-a8e2e0d48718/build]   | [INFO] Downloaded from central: https://repo.maven.apache.org/maven2/org/apache/maven/reporting/maven-reporting-api/3.0/maven-reporting-api-3.0.jar (11 kB at 313 kB/s)
[a350e678-823a-46c1-a3d6-a8e2e0d48718/build]   | [INFO] Downloading from central: https://repo.maven.apache.org/maven2/org/jacoco/org.jacoco.core/0.8.8/org.jacoco.core-0.8.8.jar
[a350e678-823a-46c1-a3d6-a8e2e0d48718/build]   | [INFO] Downloaded from central: https://repo.maven.apache.org/maven2/org/apache/maven/doxia/doxia-sink-api/1.0/doxia-sink-api-1.0.jar (10 kB at 265 kB/s)
[a350e678-823a-46c1-a3d6-a8e2e0d48718/build]   | [INFO] Downloading from central: https://repo.maven.apache.org/maven2/org/ow2/asm/asm/9.2/asm-9.2.jar
[a350e678-823a-46c1-a3d6-a8e2e0d48718/build]   | [INFO] Downloaded from central: https://repo.maven.apache.org/maven2/classworlds/classworlds/1.1-alpha-2/classworlds-1.1-alpha-2.jar (38 kB at 938 kB/s)
[a350e678-823a-46c1-a3d6-a8e2e0d48718/build]   | [INFO] Downloading from central: https://repo.maven.apache.org/maven2/org/ow2/asm/asm-commons/9.2/asm-commons-9.2.jar
[a350e678-823a-46c1-a3d6-a8e2e0d48718/build]   | [INFO] Downloaded from central: https://repo.maven.apache.org/maven2/org/ow2/asm/asm-commons/9.2/asm-commons-9.2.jar (73 kB at 1.5 MB/s)
[a350e678-823a-46c1-a3d6-a8e2e0d48718/build]   | [INFO] Downloading from central: https://repo.maven.apache.org/maven2/org/ow2/asm/asm-analysis/9.2/asm-analysis-9.2.jar
[a350e678-823a-46c1-a3d6-a8e2e0d48718/build]   | [INFO] Downloaded from central: https://repo.maven.apache.org/maven2/org/jacoco/org.jacoco.core/0.8.8/org.jacoco.core-0.8.8.jar (203 kB at 3.8 MB/s)
[a350e678-823a-46c1-a3d6-a8e2e0d48718/build]   | [INFO] Downloading from central: https://repo.maven.apache.org/maven2/org/ow2/asm/asm-tree/9.2/asm-tree-9.2.jar
[a350e678-823a-46c1-a3d6-a8e2e0d48718/build]   | [INFO] Downloaded from central: https://repo.maven.apache.org/maven2/junit/junit/4.13.1/junit-4.13.1.jar (383 kB at 7.0 MB/s)
[a350e678-823a-46c1-a3d6-a8e2e0d48718/build]   | [INFO] Downloaded from central: https://repo.maven.apache.org/maven2/org/ow2/asm/asm/9.2/asm-9.2.jar (122 kB at 2.2 MB/s)
[a350e678-823a-46c1-a3d6-a8e2e0d48718/build]   | [INFO] Downloading from central: https://repo.maven.apache.org/maven2/org/jacoco/org.jacoco.report/0.8.8/org.jacoco.report-0.8.8.jar
[a350e678-823a-46c1-a3d6-a8e2e0d48718/build]   | [INFO] Downloaded from central: https://repo.maven.apache.org/maven2/org/jacoco/org.jacoco.agent/0.8.8/org.jacoco.agent-0.8.8-runtime.jar (293 kB at 5.2 MB/s)
[a350e678-823a-46c1-a3d6-a8e2e0d48718/build]   | [INFO] Downloaded from central: https://repo.maven.apache.org/maven2/org/ow2/asm/asm-tree/9.2/asm-tree-9.2.jar (53 kB at 849 kB/s)
[a350e678-823a-46c1-a3d6-a8e2e0d48718/build]   | [INFO] Downloaded from central: https://repo.maven.apache.org/maven2/org/ow2/asm/asm-analysis/9.2/asm-analysis-9.2.jar (34 kB at 511 kB/s)
[a350e678-823a-46c1-a3d6-a8e2e0d48718/build]   | [INFO] Downloaded from central: https://repo.maven.apache.org/maven2/org/jacoco/org.jacoco.report/0.8.8/org.jacoco.report-0.8.8.jar (129 kB at 1.9 MB/s)
[a350e678-823a-46c1-a3d6-a8e2e0d48718/build]   | [INFO] argLine set to -javaagent:/home/runner/.m2/repository/org/jacoco/org.jacoco.agent/0.8.8/org.jacoco.agent-0.8.8-runtime.jar=destfile=/tmp/b27d3e94-8342-4ce0-a325-bdd68d2aec88/target/jacoco.exec
[a350e678-823a-46c1-a3d6-a8e2e0d48718/build]   | [INFO] 
[a350e678-823a-46c1-a3d6-a8e2e0d48718/build]   | [INFO] --- maven-resources-plugin:2.6:resources (default-resources) @ whatsapp-business-java-api ---
[a350e678-823a-46c1-a3d6-a8e2e0d48718/build]   | [INFO] Downloading from central: https://repo.maven.apache.org/maven2/org/apache/maven/maven-project/2.0.6/maven-project-2.0.6.pom
[a350e678-823a-46c1-a3d6-a8e2e0d48718/build]   | [INFO] Downloaded from central: https://repo.maven.apache.org/maven2/org/apache/maven/maven-project/2.0.6/maven-project-2.0.6.pom (2.6 kB at 377 kB/s)
[a350e678-823a-46c1-a3d6-a8e2e0d48718/build]   | [INFO] Downloading from central: https://repo.maven.apache.org/maven2/org/apache/maven/maven-settings/2.0.6/maven-settings-2.0.6.pom
[a350e678-823a-46c1-a3d6-a8e2e0d48718/build]   | [INFO] Downloaded from central: https://repo.maven.apache.org/maven2/org/apache/maven/maven-settings/2.0.6/maven-settings-2.0.6.pom (2.0 kB at 250 kB/s)
[a350e678-823a-46c1-a3d6-a8e2e0d48718/build]   | [INFO] Downloading from central: https://repo.maven.apache.org/maven2/org/apache/maven/maven-model/2.0.6/maven-model-2.0.6.pom
[a350e678-823a-46c1-a3d6-a8e2e0d48718/build]   | [INFO] Downloaded from central: https://repo.maven.apache.org/maven2/org/apache/maven/maven-model/2.0.6/maven-model-2.0.6.pom (3.0 kB at 339 kB/s)
[a350e678-823a-46c1-a3d6-a8e2e0d48718/build]   | [INFO] Downloading from central: https://repo.maven.apache.org/maven2/org/codehaus/plexus/plexus-utils/1.4.1/plexus-utils-1.4.1.pom
[a350e678-823a-46c1-a3d6-a8e2e0d48718/build]   | [INFO] Downloaded from central: https://repo.maven.apache.org/maven2/org/codehaus/plexus/plexus-utils/1.4.1/plexus-utils-1.4.1.pom (1.9 kB at 159 kB/s)
[a350e678-823a-46c1-a3d6-a8e2e0d48718/build]   | [INFO] Downloading from central: https://repo.maven.apache.org/maven2/org/codehaus/plexus/plexus-container-default/1.0-alpha-9-stable-1/plexus-container-default-1.0-alpha-9-stable-1.pom
[a350e678-823a-46c1-a3d6-a8e2e0d48718/build]   | [INFO] Downloaded from central: https://repo.maven.apache.org/maven2/org/codehaus/plexus/plexus-container-default/1.0-alpha-9-stable-1/plexus-container-default-1.0-alpha-9-stable-1.pom (3.9 kB at 494 kB/s)
[a350e678-823a-46c1-a3d6-a8e2e0d48718/build]   | [INFO] Downloading from central: https://repo.maven.apache.org/maven2/junit/junit/3.8.1/junit-3.8.1.pom
[a350e678-823a-46c1-a3d6-a8e2e0d48718/build]   | [INFO] Downloaded from central: https://repo.maven.apache.org/maven2/junit/junit/3.8.1/junit-3.8.1.pom (998 B at 125 kB/s)
[a350e678-823a-46c1-a3d6-a8e2e0d48718/build]   | [INFO] Downloading from central: https://repo.maven.apache.org/maven2/org/apache/maven/maven-profile/2.0.6/maven-profile-2.0.6.pom
[a350e678-823a-46c1-a3d6-a8e2e0d48718/build]   | [INFO] Downloaded from central: https://repo.maven.apache.org/maven2/org/apache/maven/maven-profile/2.0.6/maven-profile-2.0.6.pom (2.0 kB at 283 kB/s)
[a350e678-823a-46c1-a3d6-a8e2e0d48718/build]   | [INFO] Downloading from central: https://repo.maven.apache.org/maven2/org/apache/maven/maven-artifact-manager/2.0.6/maven-artifact-manager-2.0.6.pom
[a350e678-823a-46c1-a3d6-a8e2e0d48718/build]   | [INFO] Downloaded from central: https://repo.maven.apache.org/maven2/org/apache/maven/maven-artifact-manager/2.0.6/maven-artifact-manager-2.0.6.pom (2.6 kB at 262 kB/s)
[a350e678-823a-46c1-a3d6-a8e2e0d48718/build]   | [INFO] Downloading from central: https://repo.maven.apache.org/maven2/org/apache/maven/maven-repository-metadata/2.0.6/maven-repository-metadata-2.0.6.pom
[a350e678-823a-46c1-a3d6-a8e2e0d48718/build]   | [INFO] Downloaded from central: https://repo.maven.apache.org/maven2/org/apache/maven/maven-repository-metadata/2.0.6/maven-repository-metadata-2.0.6.pom (1.9 kB at 370 kB/s)
[a350e678-823a-46c1-a3d6-a8e2e0d48718/build]   | [INFO] Downloading from central: https://repo.maven.apache.org/maven2/org/apache/maven/maven-artifact/2.0.6/maven-artifact-2.0.6.pom
[a350e678-823a-46c1-a3d6-a8e2e0d48718/build]   | [INFO] Downloaded from central: https://repo.maven.apache.org/maven2/org/apache/maven/maven-artifact/2.0.6/maven-artifact-2.0.6.pom (1.6 kB at 197 kB/s)
[a350e678-823a-46c1-a3d6-a8e2e0d48718/build]   | [INFO] Downloading from central: https://repo.maven.apache.org/maven2/org/apache/maven/maven-plugin-registry/2.0.6/maven-plugin-registry-2.0.6.pom
[a350e678-823a-46c1-a3d6-a8e2e0d48718/build]   | [INFO] Downloaded from central: https://repo.maven.apache.org/maven2/org/apache/maven/maven-plugin-registry/2.0.6/maven-plugin-registry-2.0.6.pom (1.9 kB at 324 kB/s)
[a350e678-823a-46c1-a3d6-a8e2e0d48718/build]   | [INFO] Downloading from central: https://repo.maven.apache.org/maven2/org/apache/maven/maven-core/2.0.6/maven-core-2.0.6.pom
[a350e678-823a-46c1-a3d6-a8e2e0d48718/build]   | [INFO] Downloaded from central: https://repo.maven.apache.org/maven2/org/apache/maven/maven-core/2.0.6/maven-core-2.0.6.pom (6.7 kB at 959 kB/s)
[a350e678-823a-46c1-a3d6-a8e2e0d48718/build]   | [INFO] Downloading from central: https://repo.maven.apache.org/maven2/org/apache/maven/maven-plugin-parameter-documenter/2.0.6/maven-plugin-parameter-documenter-2.0.6.pom
[a350e678-823a-46c1-a3d6-a8e2e0d48718/build]   | [INFO] Downloaded from central: https://repo.maven.apache.org/maven2/org/apache/maven/maven-plugin-parameter-documenter/2.0.6/maven-plugin-parameter-documenter-2.0.6.pom (1.9 kB at 119 kB/s)
[a350e678-823a-46c1-a3d6-a8e2e0d48718/build]   | [INFO] Downloading from central: https://repo.maven.apache.org/maven2/org/apache/maven/reporting/maven-reporting-api/2.0.6/maven-reporting-api-2.0.6.pom
[a350e678-823a-46c1-a3d6-a8e2e0d48718/build]   | [INFO] Downloaded from central: https://repo.maven.apache.org/maven2/org/apache/maven/reporting/maven-reporting-api/2.0.6/maven-reporting-api-2.0.6.pom (1.8 kB at 159 kB/s)
[a350e678-823a-46c1-a3d6-a8e2e0d48718/build]   | [INFO] Downloading from central: https://repo.maven.apache.org/maven2/org/apache/maven/reporting/maven-reporting/2.0.6/maven-reporting-2.0.6.pom
[a350e678-823a-46c1-a3d6-a8e2e0d48718/build]   | [INFO] Downloaded from central: https://repo.maven.apache.org/maven2/org/apache/maven/reporting/maven-reporting/2.0.6/maven-reporting-2.0.6.pom (1.4 kB at 103 kB/s)
[a350e678-823a-46c1-a3d6-a8e2e0d48718/build]   | [INFO] Downloading from central: https://repo.maven.apache.org/maven2/org/apache/maven/doxia/doxia-sink-api/1.0-alpha-7/doxia-sink-api-1.0-alpha-7.pom
[a350e678-823a-46c1-a3d6-a8e2e0d48718/build]   | [INFO] Downloaded from central: https://repo.maven.apache.org/maven2/org/apache/maven/doxia/doxia-sink-api/1.0-alpha-7/doxia-sink-api-1.0-alpha-7.pom (424 B at 39 kB/s)
[a350e678-823a-46c1-a3d6-a8e2e0d48718/build]   | [INFO] Downloading from central: https://repo.maven.apache.org/maven2/org/apache/maven/doxia/doxia/1.0-alpha-7/doxia-1.0-alpha-7.pom
[a350e678-823a-46c1-a3d6-a8e2e0d48718/build]   | [INFO] Downloaded from central: https://repo.maven.apache.org/maven2/org/apache/maven/doxia/doxia/1.0-alpha-7/doxia-1.0-alpha-7.pom (3.9 kB at 559 kB/s)
[a350e678-823a-46c1-a3d6-a8e2e0d48718/build]   | [INFO] Downloading from central: https://repo.maven.apache.org/maven2/org/apache/maven/maven-error-diagnostics/2.0.6/maven-error-diagnostics-2.0.6.pom
[a350e678-823a-46c1-a3d6-a8e2e0d48718/build]   | [INFO] Downloaded from central: https://repo.maven.apache.org/maven2/org/apache/maven/maven-error-diagnostics/2.0.6/maven-error-diagnostics-2.0.6.pom (1.7 kB at 243 kB/s)
[a350e678-823a-46c1-a3d6-a8e2e0d48718/build]   | [INFO] Downloading from central: https://repo.maven.apache.org/maven2/commons-cli/commons-cli/1.0/commons-cli-1.0.pom
[a350e678-823a-46c1-a3d6-a8e2e0d48718/build]   | [INFO] Downloaded from central: https://repo.maven.apache.org/maven2/commons-cli/commons-cli/1.0/commons-cli-1.0.pom (2.1 kB at 162 kB/s)
[a350e678-823a-46c1-a3d6-a8e2e0d48718/build]   | [INFO] Downloading from central: https://repo.maven.apache.org/maven2/org/apache/maven/maven-plugin-descriptor/2.0.6/maven-plugin-descriptor-2.0.6.pom
[a350e678-823a-46c1-a3d6-a8e2e0d48718/build]   | [INFO] Downloaded from central: https://repo.maven.apache.org/maven2/org/apache/maven/maven-plugin-descriptor/2.0.6/maven-plugin-descriptor-2.0.6.pom (2.0 kB at 288 kB/s)
[a350e678-823a-46c1-a3d6-a8e2e0d48718/build]   | [INFO] Downloading from central: https://repo.maven.apache.org/maven2/org/codehaus/plexus/plexus-interactivity-api/1.0-alpha-4/plexus-interactivity-api-1.0-alpha-4.pom
[a350e678-823a-46c1-a3d6-a8e2e0d48718/build]   | [INFO] Downloaded from central: https://repo.maven.apache.org/maven2/org/codehaus/plexus/plexus-interactivity-api/1.0-alpha-4/plexus-interactivity-api-1.0-alpha-4.pom (7.1 kB at 886 kB/s)
[a350e678-823a-46c1-a3d6-a8e2e0d48718/build]   | [INFO] Downloading from central: https://repo.maven.apache.org/maven2/org/apache/maven/maven-monitor/2.0.6/maven-monitor-2.0.6.pom
[a350e678-823a-46c1-a3d6-a8e2e0d48718/build]   | [INFO] Downloaded from central: https://repo.maven.apache.org/maven2/org/apache/maven/maven-monitor/2.0.6/maven-monitor-2.0.6.pom (1.3 kB at 179 kB/s)
[a350e678-823a-46c1-a3d6-a8e2e0d48718/build]   | [INFO] Downloading from central: https://repo.maven.apache.org/maven2/classworlds/classworlds/1.1/classworlds-1.1.pom
[a350e678-823a-46c1-a3d6-a8e2e0d48718/build]   | [INFO] Downloaded from central: https://repo.maven.apache.org/maven2/classworlds/classworlds/1.1/classworlds-1.1.pom (3.3 kB at 332 kB/s)
[a350e678-823a-46c1-a3d6-a8e2e0d48718/build]   | [INFO] Downloading from central: https://repo.maven.apache.org/maven2/org/codehaus/plexus/plexus-utils/2.0.5/plexus-utils-2.0.5.pom
[a350e678-823a-46c1-a3d6-a8e2e0d48718/build]   | [INFO] Downloaded from central: https://repo.maven.apache.org/maven2/org/codehaus/plexus/plexus-utils/2.0.5/plexus-utils-2.0.5.pom (3.3 kB at 175 kB/s)
[a350e678-823a-46c1-a3d6-a8e2e0d48718/build]   | [INFO] Downloading from central: https://repo.maven.apache.org/maven2/org/codehaus/plexus/plexus/2.0.6/plexus-2.0.6.pom
[a350e678-823a-46c1-a3d6-a8e2e0d48718/build]   | [INFO] Downloaded from central: https://repo.maven.apache.org/maven2/org/codehaus/plexus/plexus/2.0.6/plexus-2.0.6.pom (17 kB at 1.1 MB/s)
[a350e678-823a-46c1-a3d6-a8e2e0d48718/build]   | [INFO] Downloading from central: https://repo.maven.apache.org/maven2/org/apache/maven/shared/maven-filtering/1.1/maven-filtering-1.1.pom
[a350e678-823a-46c1-a3d6-a8e2e0d48718/build]   | [INFO] Downloaded from central: https://repo.maven.apache.org/maven2/org/apache/maven/shared/maven-filtering/1.1/maven-filtering-1.1.pom (5.8 kB at 252 kB/s)
[a350e678-823a-46c1-a3d6-a8e2e0d48718/build]   | [INFO] Downloading from central: https://repo.maven.apache.org/maven2/org/apache/maven/shared/maven-shared-components/17/maven-shared-components-17.pom
[a350e678-823a-46c1-a3d6-a8e2e0d48718/build]   | [INFO] Downloaded from central: https://repo.maven.apache.org/maven2/org/apache/maven/shared/maven-shared-components/17/maven-shared-components-17.pom (8.7 kB at 669 kB/s)
[a350e678-823a-46c1-a3d6-a8e2e0d48718/build]   | [INFO] Downloading from central: https://repo.maven.apache.org/maven2/org/codehaus/plexus/plexus-utils/1.5.15/plexus-utils-1.5.15.pom
[a350e678-823a-46c1-a3d6-a8e2e0d48718/build]   | [INFO] Downloaded from central: https://repo.maven.apache.org/maven2/org/codehaus/plexus/plexus-utils/1.5.15/plexus-utils-1.5.15.pom (6.8 kB at 457 kB/s)
[a350e678-823a-46c1-a3d6-a8e2e0d48718/build]   | [INFO] Downloading from central: https://repo.maven.apache.org/maven2/org/codehaus/plexus/plexus/2.0.2/plexus-2.0.2.pom
[a350e678-823a-46c1-a3d6-a8e2e0d48718/build]   | [INFO] Downloaded from central: https://repo.maven.apache.org/maven2/org/codehaus/plexus/plexus/2.0.2/plexus-2.0.2.pom (12 kB at 829 kB/s)
[a350e678-823a-46c1-a3d6-a8e2e0d48718/build]   | [INFO] Downloading from central: https://repo.maven.apache.org/maven2/org/codehaus/plexus/plexus-interpolation/1.12/plexus-interpolation-1.12.pom
[a350e678-823a-46c1-a3d6-a8e2e0d48718/build]   | [INFO] Downloaded from central: https://repo.maven.apache.org/maven2/org/codehaus/plexus/plexus-interpolation/1.12/plexus-interpolation-1.12.pom (889 B at 64 kB/s)
[a350e678-823a-46c1-a3d6-a8e2e0d48718/build]   | [INFO] Downloading from central: https://repo.maven.apache.org/maven2/org/codehaus/plexus/plexus-components/1.1.14/plexus-components-1.1.14.pom
[a350e678-823a-46c1-a3d6-a8e2e0d48718/build]   | [INFO] Downloaded from central: https://repo.maven.apache.org/maven2/org/codehaus/plexus/plexus-components/1.1.14/plexus-components-1.1.14.pom (5.8 kB at 584 kB/s)
[a350e678-823a-46c1-a3d6-a8e2e0d48718/build]   | [INFO] Downloading from central: https://repo.maven.apache.org/maven2/org/sonatype/plexus/plexus-build-api/0.0.4/plexus-build-api-0.0.4.pom
[a350e678-823a-46c1-a3d6-a8e2e0d48718/build]   | [INFO] Downloaded from central: https://repo.maven.apache.org/maven2/org/sonatype/plexus/plexus-build-api/0.0.4/plexus-build-api-0.0.4.pom (2.9 kB at 260 kB/s)
[a350e678-823a-46c1-a3d6-a8e2e0d48718/build]   | [INFO] Downloading from central: https://repo.maven.apache.org/maven2/org/sonatype/spice/spice-parent/10/spice-parent-10.pom
[a350e678-823a-46c1-a3d6-a8e2e0d48718/build]   | [INFO] Downloaded from central: https://repo.maven.apache.org/maven2/org/sonatype/spice/spice-parent/10/spice-parent-10.pom (3.0 kB at 177 kB/s)
[a350e678-823a-46c1-a3d6-a8e2e0d48718/build]   | [INFO] Downloading from central: https://repo.maven.apache.org/maven2/org/sonatype/forge/forge-parent/3/forge-parent-3.pom
[a350e678-823a-46c1-a3d6-a8e2e0d48718/build]   | [INFO] Downloaded from central: https://repo.maven.apache.org/maven2/org/sonatype/forge/forge-parent/3/forge-parent-3.pom (5.0 kB at 240 kB/s)
[a350e678-823a-46c1-a3d6-a8e2e0d48718/build]   | [INFO] Downloading from central: https://repo.maven.apache.org/maven2/org/codehaus/plexus/plexus-utils/1.5.8/plexus-utils-1.5.8.pom
[a350e678-823a-46c1-a3d6-a8e2e0d48718/build]   | [INFO] Downloaded from central: https://repo.maven.apache.org/maven2/org/codehaus/plexus/plexus-utils/1.5.8/plexus-utils-1.5.8.pom (8.1 kB at 733 kB/s)
[a350e678-823a-46c1-a3d6-a8e2e0d48718/build]   | [INFO] Downloading from central: https://repo.maven.apache.org/maven2/org/codehaus/plexus/plexus-interpolation/1.13/plexus-interpolation-1.13.pom
[a350e678-823a-46c1-a3d6-a8e2e0d48718/build]   | [INFO] Downloaded from central: https://repo.maven.apache.org/maven2/org/codehaus/plexus/plexus-interpolation/1.13/plexus-interpolation-1.13.pom (890 B at 49 kB/s)
[a350e678-823a-46c1-a3d6-a8e2e0d48718/build]   | [INFO] Downloading from central: https://repo.maven.apache.org/maven2/org/codehaus/plexus/plexus-components/1.1.15/plexus-components-1.1.15.pom
[a350e678-823a-46c1-a3d6-a8e2e0d48718/build]   | [INFO] Downloaded from central: https://repo.maven.apache.org/maven2/org/codehaus/plexus/plexus-components/1.1.15/plexus-components-1.1.15.pom (2.8 kB at 219 kB/s)
[a350e678-823a-46c1-a3d6-a8e2e0d48718/build]   | [INFO] Downloading from central: https://repo.maven.apache.org/maven2/org/codehaus/plexus/plexus/2.0.3/plexus-2.0.3.pom
[a350e678-823a-46c1-a3d6-a8e2e0d48718/build]   | [INFO] Downloaded from central: https://repo.maven.apache.org/maven2/org/codehaus/plexus/plexus/2.0.3/plexus-2.0.3.pom (15 kB at 1.4 MB/s)
[a350e678-823a-46c1-a3d6-a8e2e0d48718/build]   | [INFO] Downloading from central: https://repo.maven.apache.org/maven2/org/apache/maven/maven-project/2.0.6/maven-project-2.0.6.jar
[a350e678-823a-46c1-a3d6-a8e2e0d48718/build]   | [INFO] Downloading from central: https://repo.maven.apache.org/maven2/org/apache/maven/maven-profile/2.0.6/maven-profile-2.0.6.jar
[a350e678-823a-46c1-a3d6-a8e2e0d48718/build]   | [INFO] Downloading from central: https://repo.maven.apache.org/maven2/org/apache/maven/maven-artifact-manager/2.0.6/maven-artifact-manager-2.0.6.jar
[a350e678-823a-46c1-a3d6-a8e2e0d48718/build]   | [INFO] Downloading from central: https://repo.maven.apache.org/maven2/org/apache/maven/maven-plugin-registry/2.0.6/maven-plugin-registry-2.0.6.jar
[a350e678-823a-46c1-a3d6-a8e2e0d48718/build]   | [INFO] Downloading from central: https://repo.maven.apache.org/maven2/org/apache/maven/maven-core/2.0.6/maven-core-2.0.6.jar
[a350e678-823a-46c1-a3d6-a8e2e0d48718/build]   | [INFO] Downloaded from central: https://repo.maven.apache.org/maven2/org/apache/maven/maven-profile/2.0.6/maven-profile-2.0.6.jar (35 kB at 3.5 MB/s)
[a350e678-823a-46c1-a3d6-a8e2e0d48718/build]   | [INFO] Downloading from central: https://repo.maven.apache.org/maven2/org/apache/maven/maven-plugin-parameter-documenter/2.0.6/maven-plugin-parameter-documenter-2.0.6.jar
[a350e678-823a-46c1-a3d6-a8e2e0d48718/build]   | [INFO] Downloaded from central: https://repo.maven.apache.org/maven2/org/apache/maven/maven-project/2.0.6/maven-project-2.0.6.jar (116 kB at 12 MB/s)
[a350e678-823a-46c1-a3d6-a8e2e0d48718/build]   | [INFO] Downloaded from central: https://repo.maven.apache.org/maven2/org/apache/maven/maven-plugin-registry/2.0.6/maven-plugin-registry-2.0.6.jar (29 kB at 3.2 MB/s)
[a350e678-823a-46c1-a3d6-a8e2e0d48718/build]   | [INFO] Downloading from central: https://repo.maven.apache.org/maven2/org/apache/maven/reporting/maven-reporting-api/2.0.6/maven-reporting-api-2.0.6.jar
[a350e678-823a-46c1-a3d6-a8e2e0d48718/build]   | [INFO] Downloading from central: https://repo.maven.apache.org/maven2/org/apache/maven/doxia/doxia-sink-api/1.0-alpha-7/doxia-sink-api-1.0-alpha-7.jar
[a350e678-823a-46c1-a3d6-a8e2e0d48718/build]   | [INFO] Downloaded from central: https://repo.maven.apache.org/maven2/org/apache/maven/maven-artifact-manager/2.0.6/maven-artifact-manager-2.0.6.jar (57 kB at 6.3 MB/s)
[a350e678-823a-46c1-a3d6-a8e2e0d48718/build]   | [INFO] Downloading from central: https://repo.maven.apache.org/maven2/org/apache/maven/maven-repository-metadata/2.0.6/maven-repository-metadata-2.0.6.jar
[a350e678-823a-46c1-a3d6-a8e2e0d48718/build]   | [INFO] Downloaded from central: https://repo.maven.apache.org/maven2/org/apache/maven/doxia/doxia-sink-api/1.0-alpha-7/doxia-sink-api-1.0-alpha-7.jar (5.9 kB at 349 kB/s)
[a350e678-823a-46c1-a3d6-a8e2e0d48718/build]   | [INFO] Downloading from central: https://repo.maven.apache.org/maven2/org/apache/maven/maven-error-diagnostics/2.0.6/maven-error-diagnostics-2.0.6.jar
[a350e678-823a-46c1-a3d6-a8e2e0d48718/build]   | [INFO] Downloaded from central: https://repo.maven.apache.org/maven2/org/apache/maven/maven-plugin-parameter-documenter/2.0.6/maven-plugin-parameter-documenter-2.0.6.jar (21 kB at 1.2 MB/s)
[a350e678-823a-46c1-a3d6-a8e2e0d48718/build]   | [INFO] Downloaded from central: https://repo.maven.apache.org/maven2/org/apache/maven/maven-repository-metadata/2.0.6/maven-repository-metadata-2.0.6.jar (24 kB at 1.4 MB/s)
[a350e678-823a-46c1-a3d6-a8e2e0d48718/build]   | [INFO] Downloading from central: https://repo.maven.apache.org/maven2/commons-cli/commons-cli/1.0/commons-cli-1.0.jar
[a350e678-823a-46c1-a3d6-a8e2e0d48718/build]   | [INFO] Downloading from central: https://repo.maven.apache.org/maven2/org/apache/maven/maven-plugin-descriptor/2.0.6/maven-plugin-descriptor-2.0.6.jar
[a350e678-823a-46c1-a3d6-a8e2e0d48718/build]   | [INFO] Downloaded from central: https://repo.maven.apache.org/maven2/org/apache/maven/maven-core/2.0.6/maven-core-2.0.6.jar (152 kB at 8.4 MB/s)
[a350e678-823a-46c1-a3d6-a8e2e0d48718/build]   | [INFO] Downloading from central: https://repo.maven.apache.org/maven2/org/codehaus/plexus/plexus-interactivity-api/1.0-alpha-4/plexus-interactivity-api-1.0-alpha-4.jar
[a350e678-823a-46c1-a3d6-a8e2e0d48718/build]   | [INFO] Downloaded from central: https://repo.maven.apache.org/maven2/org/apache/maven/reporting/maven-reporting-api/2.0.6/maven-reporting-api-2.0.6.jar (9.9 kB at 552 kB/s)
[a350e678-823a-46c1-a3d6-a8e2e0d48718/build]   | [INFO] Downloading from central: https://repo.maven.apache.org/maven2/classworlds/classworlds/1.1/classworlds-1.1.jar
[a350e678-823a-46c1-a3d6-a8e2e0d48718/build]   | [INFO] Downloaded from central: https://repo.maven.apache.org/maven2/classworlds/classworlds/1.1/classworlds-1.1.jar (38 kB at 805 kB/s)
[a350e678-823a-46c1-a3d6-a8e2e0d48718/build]   | [INFO] Downloading from central: https://repo.maven.apache.org/maven2/org/apache/maven/maven-artifact/2.0.6/maven-artifact-2.0.6.jar
[a350e678-823a-46c1-a3d6-a8e2e0d48718/build]   | [INFO] Downloaded from central: https://repo.maven.apache.org/maven2/org/apache/maven/maven-error-diagnostics/2.0.6/maven-error-diagnostics-2.0.6.jar (14 kB at 278 kB/s)
[a350e678-823a-46c1-a3d6-a8e2e0d48718/build]   | [INFO] Downloading from central: https://repo.maven.apache.org/maven2/org/apache/maven/maven-settings/2.0.6/maven-settings-2.0.6.jar
[a350e678-823a-46c1-a3d6-a8e2e0d48718/build]   | [INFO] Downloaded from central: https://repo.maven.apache.org/maven2/org/apache/maven/maven-plugin-descriptor/2.0.6/maven-plugin-descriptor-2.0.6.jar (37 kB at 752 kB/s)
[a350e678-823a-46c1-a3d6-a8e2e0d48718/build]   | [INFO] Downloaded from central: https://repo.maven.apache.org/maven2/org/codehaus/plexus/plexus-interactivity-api/1.0-alpha-4/plexus-interactivity-api-1.0-alpha-4.jar (13 kB at 274 kB/s)
[a350e678-823a-46c1-a3d6-a8e2e0d48718/build]   | [INFO] Downloading from central: https://repo.maven.apache.org/maven2/org/apache/maven/maven-model/2.0.6/maven-model-2.0.6.jar
[a350e678-823a-46c1-a3d6-a8e2e0d48718/build]   | [INFO] Downloading from central: https://repo.maven.apache.org/maven2/org/apache/maven/maven-monitor/2.0.6/maven-monitor-2.0.6.jar
[a350e678-823a-46c1-a3d6-a8e2e0d48718/build]   | [INFO] Downloaded from central: https://repo.maven.apache.org/maven2/commons-cli/commons-cli/1.0/commons-cli-1.0.jar (30 kB at 558 kB/s)
[a350e678-823a-46c1-a3d6-a8e2e0d48718/build]   | [INFO] Downloading from central: https://repo.maven.apache.org/maven2/org/codehaus/plexus/plexus-container-default/1.0-alpha-9-stable-1/plexus-container-default-1.0-alpha-9-stable-1.jar
[a350e678-823a-46c1-a3d6-a8e2e0d48718/build]   | [INFO] Downloaded from central: https://repo.maven.apache.org/maven2/org/apache/maven/maven-artifact/2.0.6/maven-artifact-2.0.6.jar (87 kB at 1.6 MB/s)
[a350e678-823a-46c1-a3d6-a8e2e0d48718/build]   | [INFO] Downloaded from central: https://repo.maven.apache.org/maven2/org/apache/maven/maven-monitor/2.0.6/maven-monitor-2.0.6.jar (10 kB at 183 kB/s)
[a350e678-823a-46c1-a3d6-a8e2e0d48718/build]   | [INFO] Downloading from central: https://repo.maven.apache.org/maven2/junit/junit/3.8.1/junit-3.8.1.jar
[a350e678-823a-46c1-a3d6-a8e2e0d48718/build]   | [INFO] Downloading from central: https://repo.maven.apache.org/maven2/org/codehaus/plexus/plexus-utils/2.0.5/plexus-utils-2.0.5.jar
[a350e678-823a-46c1-a3d6-a8e2e0d48718/build]   | [INFO] Downloaded from central: https://repo.maven.apache.org/maven2/org/apache/maven/maven-settings/2.0.6/maven-settings-2.0.6.jar (49 kB at 847 kB/s)
[a350e678-823a-46c1-a3d6-a8e2e0d48718/build]   | [INFO] Downloading from central: https://repo.maven.apache.org/maven2/org/apache/maven/shared/maven-filtering/1.1/maven-filtering-1.1.jar
[a350e678-823a-46c1-a3d6-a8e2e0d48718/build]   | [INFO] Downloaded from central: https://repo.maven.apache.org/maven2/org/apache/maven/maven-model/2.0.6/maven-model-2.0.6.jar (86 kB at 1.5 MB/s)
[a350e678-823a-46c1-a3d6-a8e2e0d48718/build]   | [INFO] Downloading from central: https://repo.maven.apache.org/maven2/org/sonatype/plexus/plexus-build-api/0.0.4/plexus-build-api-0.0.4.jar
[a350e678-823a-46c1-a3d6-a8e2e0d48718/build]   | [INFO] Downloaded from central: https://repo.maven.apache.org/maven2/org/codehaus/plexus/plexus-container-default/1.0-alpha-9-stable-1/plexus-container-default-1.0-alpha-9-stable-1.jar (194 kB at 2.8 MB/s)
[a350e678-823a-46c1-a3d6-a8e2e0d48718/build]   | [INFO] Downloaded from central: https://repo.maven.apache.org/maven2/org/apache/maven/shared/maven-filtering/1.1/maven-filtering-1.1.jar (43 kB at 634 kB/s)
[a350e678-823a-46c1-a3d6-a8e2e0d48718/build]   | [INFO] Downloaded from central: https://repo.maven.apache.org/maven2/org/sonatype/plexus/plexus-build-api/0.0.4/plexus-build-api-0.0.4.jar (6.8 kB at 100 kB/s)
[a350e678-823a-46c1-a3d6-a8e2e0d48718/build]   | [INFO] Downloading from central: https://repo.maven.apache.org/maven2/org/codehaus/plexus/plexus-interpolation/1.13/plexus-interpolation-1.13.jar
[a350e678-823a-46c1-a3d6-a8e2e0d48718/build]   | [INFO] Downloaded from central: https://repo.maven.apache.org/maven2/junit/junit/3.8.1/junit-3.8.1.jar (121 kB at 1.8 MB/s)
[a350e678-823a-46c1-a3d6-a8e2e0d48718/build]   | [INFO] Downloaded from central: https://repo.maven.apache.org/maven2/org/codehaus/plexus/plexus-utils/2.0.5/plexus-utils-2.0.5.jar (223 kB at 3.2 MB/s)
[a350e678-823a-46c1-a3d6-a8e2e0d48718/build]   | [INFO] Downloaded from central: https://repo.maven.apache.org/maven2/org/codehaus/plexus/plexus-interpolation/1.13/plexus-interpolation-1.13.jar (61 kB at 793 kB/s)
[a350e678-823a-46c1-a3d6-a8e2e0d48718/build]   | [INFO] Using 'UTF-8' encoding to copy filtered resources.
[a350e678-823a-46c1-a3d6-a8e2e0d48718/build]   | [INFO] skip non existing resourceDirectory /tmp/b27d3e94-8342-4ce0-a325-bdd68d2aec88/src/main/resources
[a350e678-823a-46c1-a3d6-a8e2e0d48718/build]   | [INFO] 
[a350e678-823a-46c1-a3d6-a8e2e0d48718/build]   | [INFO] --- maven-compiler-plugin:3.11.0:compile (default-compile) @ whatsapp-business-java-api ---
[a350e678-823a-46c1-a3d6-a8e2e0d48718/build]   | [INFO] Downloading from central: https://repo.maven.apache.org/maven2/org/apache/maven/shared/maven-shared-utils/3.3.4/maven-shared-utils-3.3.4.pom
[a350e678-823a-46c1-a3d6-a8e2e0d48718/build]   | [INFO] Downloaded from central: https://repo.maven.apache.org/maven2/org/apache/maven/shared/maven-shared-utils/3.3.4/maven-shared-utils-3.3.4.pom (5.8 kB at 833 kB/s)
[a350e678-823a-46c1-a3d6-a8e2e0d48718/build]   | [INFO] Downloading from central: https://repo.maven.apache.org/maven2/org/apache/maven/shared/maven-shared-components/34/maven-shared-components-34.pom
[a350e678-823a-46c1-a3d6-a8e2e0d48718/build]   | [INFO] Downloaded from central: https://repo.maven.apache.org/maven2/org/apache/maven/shared/maven-shared-components/34/maven-shared-components-34.pom (5.1 kB at 1.0 MB/s)
[a350e678-823a-46c1-a3d6-a8e2e0d48718/build]   | [INFO] Downloading from central: https://repo.maven.apache.org/maven2/org/apache/maven/maven-parent/34/maven-parent-34.pom
[a350e678-823a-46c1-a3d6-a8e2e0d48718/build]   | [INFO] Downloaded from central: https://repo.maven.apache.org/maven2/org/apache/maven/maven-parent/34/maven-parent-34.pom (43 kB at 5.4 MB/s)
[a350e678-823a-46c1-a3d6-a8e2e0d48718/build]   | [INFO] Downloading from central: https://repo.maven.apache.org/maven2/org/apache/apache/23/apache-23.pom
[a350e678-823a-46c1-a3d6-a8e2e0d48718/build]   | [INFO] Downloaded from central: https://repo.maven.apache.org/maven2/org/apache/apache/23/apache-23.pom (18 kB at 1.4 MB/s)
[a350e678-823a-46c1-a3d6-a8e2e0d48718/build]   | [INFO] Downloading from central: https://repo.maven.apache.org/maven2/commons-io/commons-io/2.6/commons-io-2.6.pom
[a350e678-823a-46c1-a3d6-a8e2e0d48718/build]   | [INFO] Downloaded from central: https://repo.maven.apache.org/maven2/commons-io/commons-io/2.6/commons-io-2.6.pom (14 kB at 1.4 MB/s)
[a350e678-823a-46c1-a3d6-a8e2e0d48718/build]   | [INFO] Downloading from central: https://repo.maven.apache.org/maven2/org/apache/commons/commons-parent/42/commons-parent-42.pom
[a350e678-823a-46c1-a3d6-a8e2e0d48718/build]   | [INFO] Downloaded from central: https://repo.maven.apache.org/maven2/org/apache/commons/commons-parent/42/commons-parent-42.pom (68 kB at 819 kB/s)
[a350e678-823a-46c1-a3d6-a8e2e0d48718/build]   | [INFO] Downloading from central: https://repo.maven.apache.org/maven2/org/apache/apache/18/apache-18.pom
[a350e678-823a-46c1-a3d6-a8e2e0d48718/build]   | [INFO] Downloaded from central: https://repo.maven.apache.org/maven2/org/apache/apache/18/apache-18.pom (16 kB at 1.4 MB/s)
[a350e678-823a-46c1-a3d6-a8e2e0d48718/build]   | [INFO] Downloading from central: https://repo.maven.apache.org/maven2/org/apache/maven/shared/maven-shared-incremental/1.1/maven-shared-incremental-1.1.pom
[a350e678-823a-46c1-a3d6-a8e2e0d48718/build]   | [INFO] Downloaded from central: https://repo.maven.apache.org/maven2/org/apache/maven/shared/maven-shared-incremental/1.1/maven-shared-incremental-1.1.pom (4.7 kB at 593 kB/s)
[a350e678-823a-46c1-a3d6-a8e2e0d48718/build]   | [INFO] Downloading from central: https://repo.maven.apache.org/maven2/org/apache/maven/shared/maven-shared-components/19/maven-shared-components-19.pom
[a350e678-823a-46c1-a3d6-a8e2e0d48718/build]   | [INFO] Downloaded from central: https://repo.maven.apache.org/maven2/org/apache/maven/shared/maven-shared-components/19/maven-shared-components-19.pom (6.4 kB at 795 kB/s)
[a350e678-823a-46c1-a3d6-a8e2e0d48718/build]   | [INFO] Downloading from central: https://repo.maven.apache.org/maven2/org/apache/maven/maven-parent/23/maven-parent-23.pom
[a350e678-823a-46c1-a3d6-a8e2e0d48718/build]   | [INFO] Downloaded from central: https://repo.maven.apache.org/maven2/org/apache/maven/maven-parent/23/maven-parent-23.pom (33 kB at 3.3 MB/s)
[a350e678-823a-46c1-a3d6-a8e2e0d48718/build]   | [INFO] Downloading from central: https://repo.maven.apache.org/maven2/org/apache/apache/13/apache-13.pom
[a350e678-823a-46c1-a3d6-a8e2e0d48718/build]   | [INFO] Downloaded from central: https://repo.maven.apache.org/maven2/org/apache/apache/13/apache-13.pom (14 kB at 2.3 MB/s)
[a350e678-823a-46c1-a3d6-a8e2e0d48718/build]   | [INFO] Downloading from central: https://repo.maven.apache.org/maven2/org/codehaus/plexus/plexus-component-annotations/1.5.5/plexus-component-annotations-1.5.5.pom
[a350e678-823a-46c1-a3d6-a8e2e0d48718/build]   | [INFO] Downloaded from central: https://repo.maven.apache.org/maven2/org/codehaus/plexus/plexus-component-annotations/1.5.5/plexus-component-annotations-1.5.5.pom (815 B at 136 kB/s)
[a350e678-823a-46c1-a3d6-a8e2e0d48718/build]   | [INFO] Downloading from central: https://repo.maven.apache.org/maven2/org/codehaus/plexus/plexus-containers/1.5.5/plexus-containers-1.5.5.pom
[a350e678-823a-46c1-a3d6-a8e2e0d48718/build]   | [INFO] Downloaded from central: https://repo.maven.apache.org/maven2/org/codehaus/plexus/plexus-containers/1.5.5/plexus-containers-1.5.5.pom (4.2 kB at 707 kB/s)
[a350e678-823a-46c1-a3d6-a8e2e0d48718/build]   | [INFO] Downloading from central: https://repo.maven.apache.org/maven2/org/codehaus/plexus/plexus/2.0.7/plexus-2.0.7.pom
[a350e678-823a-46c1-a3d6-a8e2e0d48718/build]   | [INFO] Downloaded from central: https://repo.maven.apache.org/maven2/org/codehaus/plexus/plexus/2.0.7/plexus-2.0.7.pom (17 kB at 2.9 MB/s)
[a350e678-823a-46c1-a3d6-a8e2e0d48718/build]   | [INFO] Downloading from central: https://repo.maven.apache.org/maven2/org/codehaus/plexus/plexus-java/1.1.2/plexus-java-1.1.2.pom
[a350e678-823a-46c1-a3d6-a8e2e0d48718/build]   | [INFO] Downloaded from central: https://repo.maven.apache.org/maven2/org/codehaus/plexus/plexus-java/1.1.2/plexus-java-1.1.2.pom (5.0 kB at 710 kB/s)
[a350e678-823a-46c1-a3d6-a8e2e0d48718/build]   | [INFO] Downloading from central: https://repo.maven.apache.org/maven2/org/codehaus/plexus/plexus-languages/1.1.2/plexus-languages-1.1.2.pom
[a350e678-823a-46c1-a3d6-a8e2e0d48718/build]   | [INFO] Downloaded from central: https://repo.maven.apache.org/maven2/org/codehaus/plexus/plexus-languages/1.1.2/plexus-languages-1.1.2.pom (4.1 kB at 592 kB/s)
[a350e678-823a-46c1-a3d6-a8e2e0d48718/build]   | [INFO] Downloading from central: https://repo.maven.apache.org/maven2/org/codehaus/plexus/plexus/10/plexus-10.pom
[a350e678-823a-46c1-a3d6-a8e2e0d48718/build]   | [INFO] Downloaded from central: https://repo.maven.apache.org/maven2/org/codehaus/plexus/plexus/10/plexus-10.pom (25 kB at 3.2 MB/s)
[a350e678-823a-46c1-a3d6-a8e2e0d48718/build]   | [INFO] Downloading from central: https://repo.maven.apache.org/maven2/org/ow2/asm/asm/9.4/asm-9.4.pom
[a350e678-823a-46c1-a3d6-a8e2e0d48718/build]   | [INFO] Downloaded from central: https://repo.maven.apache.org/maven2/org/ow2/asm/asm/9.4/asm-9.4.pom (2.4 kB at 395 kB/s)
[a350e678-823a-46c1-a3d6-a8e2e0d48718/build]   | [INFO] Downloading from central: https://repo.maven.apache.org/maven2/org/ow2/ow2/1.5.1/ow2-1.5.1.pom
[a350e678-823a-46c1-a3d6-a8e2e0d48718/build]   | [INFO] Downloaded from central: https://repo.maven.apache.org/maven2/org/ow2/ow2/1.5.1/ow2-1.5.1.pom (11 kB at 1.9 MB/s)
[a350e678-823a-46c1-a3d6-a8e2e0d48718/build]   | [INFO] Downloading from central: https://repo.maven.apache.org/maven2/com/thoughtworks/qdox/qdox/2.0.3/qdox-2.0.3.pom
[a350e678-823a-46c1-a3d6-a8e2e0d48718/build]   | [INFO] Downloaded from central: https://repo.maven.apache.org/maven2/com/thoughtworks/qdox/qdox/2.0.3/qdox-2.0.3.pom (17 kB at 2.9 MB/s)
[a350e678-823a-46c1-a3d6-a8e2e0d48718/build]   | [INFO] Downloading from central: https://repo.maven.apache.org/maven2/org/sonatype/oss/oss-parent/9/oss-parent-9.pom
[a350e678-823a-46c1-a3d6-a8e2e0d48718/build]   | [INFO] Downloaded from central: https://repo.maven.apache.org/maven2/org/sonatype/oss/oss-parent/9/oss-parent-9.pom (6.6 kB at 938 kB/s)
[a350e678-823a-46c1-a3d6-a8e2e0d48718/build]   | [INFO] Downloading from central: https://repo.maven.apache.org/maven2/org/codehaus/plexus/plexus-compiler-api/2.13.0/plexus-compiler-api-2.13.0.pom
[a350e678-823a-46c1-a3d6-a8e2e0d48718/build]   | [INFO] Downloaded from central: https://repo.maven.apache.org/maven2/org/codehaus/plexus/plexus-compiler-api/2.13.0/plexus-compiler-api-2.13.0.pom (1.1 kB at 117 kB/s)
[a350e678-823a-46c1-a3d6-a8e2e0d48718/build]   | [INFO] Downloading from central: https://repo.maven.apache.org/maven2/org/codehaus/plexus/plexus-compiler/2.13.0/plexus-compiler-2.13.0.pom
[a350e678-823a-46c1-a3d6-a8e2e0d48718/build]   | [INFO] Downloaded from central: https://repo.maven.apache.org/maven2/org/codehaus/plexus/plexus-compiler/2.13.0/plexus-compiler-2.13.0.pom (8.4 kB at 493 kB/s)
[a350e678-823a-46c1-a3d6-a8e2e0d48718/build]   | [INFO] Downloading from central: https://repo.maven.apache.org/maven2/org/codehaus/plexus/plexus-components/10.0/plexus-components-10.0.pom
[a350e678-823a-46c1-a3d6-a8e2e0d48718/build]   | [INFO] Downloaded from central: https://repo.maven.apache.org/maven2/org/codehaus/plexus/plexus-components/10.0/plexus-components-10.0.pom (2.7 kB at 116 kB/s)
[a350e678-823a-46c1-a3d6-a8e2e0d48718/build]   | [INFO] Downloading from central: https://repo.maven.apache.org/maven2/org/junit/junit-bom/5.9.1/junit-bom-5.9.1.pom
[a350e678-823a-46c1-a3d6-a8e2e0d48718/build]   | [INFO] Downloaded from central: https://repo.maven.apache.org/maven2/org/junit/junit-bom/5.9.1/junit-bom-5.9.1.pom (5.6 kB at 626 kB/s)
[a350e678-823a-46c1-a3d6-a8e2e0d48718/build]   | [INFO] Downloading from central: https://repo.maven.apache.org/maven2/org/codehaus/plexus/plexus-utils/3.5.0/plexus-utils-3.5.0.pom
[a350e678-823a-46c1-a3d6-a8e2e0d48718/build]   | [INFO] Downloaded from central: https://repo.maven.apache.org/maven2/org/codehaus/plexus/plexus-utils/3.5.0/plexus-utils-3.5.0.pom (8.0 kB at 1.3 MB/s)
[a350e678-823a-46c1-a3d6-a8e2e0d48718/build]   | [INFO] Downloading from central: https://repo.maven.apache.org/maven2/org/codehaus/plexus/plexus-compiler-manager/2.13.0/plexus-compiler-manager-2.13.0.pom
[a350e678-823a-46c1-a3d6-a8e2e0d48718/build]   | [INFO] Downloaded from central: https://repo.maven.apache.org/maven2/org/codehaus/plexus/plexus-compiler-manager/2.13.0/plexus-compiler-manager-2.13.0.pom (1.1 kB at 190 kB/s)
[a350e678-823a-46c1-a3d6-a8e2e0d48718/build]   | [INFO] Downloading from central: https://repo.maven.apache.org/maven2/org/codehaus/plexus/plexus-component-annotations/2.1.1/plexus-component-annotations-2.1.1.pom
[a350e678-823a-46c1-a3d6-a8e2e0d48718/build]   | [INFO] Downloaded from central: https://repo.maven.apache.org/maven2/org/codehaus/plexus/plexus-component-annotations/2.1.1/plexus-component-annotations-2.1.1.pom (770 B at 128 kB/s)
[a350e678-823a-46c1-a3d6-a8e2e0d48718/build]   | [INFO] Downloading from central: https://repo.maven.apache.org/maven2/org/codehaus/plexus/plexus-containers/2.1.1/plexus-containers-2.1.1.pom
[a350e678-823a-46c1-a3d6-a8e2e0d48718/build]   | [INFO] Downloaded from central: https://repo.maven.apache.org/maven2/org/codehaus/plexus/plexus-containers/2.1.1/plexus-containers-2.1.1.pom (6.0 kB at 549 kB/s)
[a350e678-823a-46c1-a3d6-a8e2e0d48718/build]   | [INFO] Downloading from central: https://repo.maven.apache.org/maven2/org/codehaus/plexus/plexus/6.5/plexus-6.5.pom
[a350e678-823a-46c1-a3d6-a8e2e0d48718/build]   | [INFO] Downloaded from central: https://repo.maven.apache.org/maven2/org/codehaus/plexus/plexus/6.5/plexus-6.5.pom (26 kB at 4.3 MB/s)
[a350e678-823a-46c1-a3d6-a8e2e0d48718/build]   | [INFO] Downloading from central: https://repo.maven.apache.org/maven2/org/codehaus/plexus/plexus-compiler-javac/2.13.0/plexus-compiler-javac-2.13.0.pom
[a350e678-823a-46c1-a3d6-a8e2e0d48718/build]   | [INFO] Downloaded from central: https://repo.maven.apache.org/maven2/org/codehaus/plexus/plexus-compiler-javac/2.13.0/plexus-compiler-javac-2.13.0.pom (1.2 kB at 100 kB/s)
[a350e678-823a-46c1-a3d6-a8e2e0d48718/build]   | [INFO] Downloading from central: https://repo.maven.apache.org/maven2/org/codehaus/plexus/plexus-compilers/2.13.0/plexus-compilers-2.13.0.pom
[a350e678-823a-46c1-a3d6-a8e2e0d48718/build]   | [INFO] Downloaded from central: https://repo.maven.apache.org/maven2/org/codehaus/plexus/plexus-compilers/2.13.0/plexus-compilers-2.13.0.pom (1.3 kB at 147 kB/s)
[a350e678-823a-46c1-a3d6-a8e2e0d48718/build]   | [INFO] Downloading from central: https://repo.maven.apache.org/maven2/org/apache/maven/shared/maven-shared-utils/3.3.4/maven-shared-utils-3.3.4.jar
[a350e678-823a-46c1-a3d6-a8e2e0d48718/build]   | [INFO] Downloading from central: https://repo.maven.apache.org/maven2/commons-io/commons-io/2.6/commons-io-2.6.jar
[a350e678-823a-46c1-a3d6-a8e2e0d48718/build]   | [INFO] Downloading from central: https://repo.maven.apache.org/maven2/org/apache/maven/shared/maven-shared-incremental/1.1/maven-shared-incremental-1.1.jar
[a350e678-823a-46c1-a3d6-a8e2e0d48718/build]   | [INFO] Downloading from central: https://repo.maven.apache.org/maven2/org/codehaus/plexus/plexus-component-annotations/1.5.5/plexus-component-annotations-1.5.5.jar
[a350e678-823a-46c1-a3d6-a8e2e0d48718/build]   | [INFO] Downloading from central: https://repo.maven.apache.org/maven2/org/codehaus/plexus/plexus-java/1.1.2/plexus-java-1.1.2.jar
[a350e678-823a-46c1-a3d6-a8e2e0d48718/build]   | [INFO] Downloaded from central: https://repo.maven.apache.org/maven2/org/apache/maven/shared/maven-shared-incremental/1.1/maven-shared-incremental-1.1.jar (14 kB at 1.5 MB/s)
[a350e678-823a-46c1-a3d6-a8e2e0d48718/build]   | [INFO] Downloading from central: https://repo.maven.apache.org/maven2/org/ow2/asm/asm/9.4/asm-9.4.jar
[a350e678-823a-46c1-a3d6-a8e2e0d48718/build]   | [INFO] Downloaded from central: https://repo.maven.apache.org/maven2/org/codehaus/plexus/plexus-java/1.1.2/plexus-java-1.1.2.jar (55 kB at 5.5 MB/s)
[a350e678-823a-46c1-a3d6-a8e2e0d48718/build]   | [INFO] Downloading from central: https://repo.maven.apache.org/maven2/com/thoughtworks/qdox/qdox/2.0.3/qdox-2.0.3.jar
[a350e678-823a-46c1-a3d6-a8e2e0d48718/build]   | [INFO] Downloaded from central: https://repo.maven.apache.org/maven2/org/apache/maven/shared/maven-shared-utils/3.3.4/maven-shared-utils-3.3.4.jar (153 kB at 14 MB/s)
[a350e678-823a-46c1-a3d6-a8e2e0d48718/build]   | [INFO] Downloading from central: https://repo.maven.apache.org/maven2/org/codehaus/plexus/plexus-compiler-api/2.13.0/plexus-compiler-api-2.13.0.jar
[a350e678-823a-46c1-a3d6-a8e2e0d48718/build]   | [INFO] Downloaded from central: https://repo.maven.apache.org/maven2/org/codehaus/plexus/plexus-component-annotations/1.5.5/plexus-component-annotations-1.5.5.jar (4.2 kB at 421 kB/s)
[a350e678-823a-46c1-a3d6-a8e2e0d48718/build]   | [INFO] Downloading from central: https://repo.maven.apache.org/maven2/org/codehaus/plexus/plexus-utils/3.5.0/plexus-utils-3.5.0.jar
[a350e678-823a-46c1-a3d6-a8e2e0d48718/build]   | [INFO] Downloaded from central: https://repo.maven.apache.org/maven2/commons-io/commons-io/2.6/commons-io-2.6.jar (215 kB at 15 MB/s)
[a350e678-823a-46c1-a3d6-a8e2e0d48718/build]   | [INFO] Downloading from central: https://repo.maven.apache.org/maven2/org/codehaus/plexus/plexus-compiler-manager/2.13.0/plexus-compiler-manager-2.13.0.jar
[a350e678-823a-46c1-a3d6-a8e2e0d48718/build]   | [INFO] Downloaded from central: https://repo.maven.apache.org/maven2/org/codehaus/plexus/plexus-compiler-api/2.13.0/plexus-compiler-api-2.13.0.jar (27 kB at 1.7 MB/s)
[a350e678-823a-46c1-a3d6-a8e2e0d48718/build]   | [INFO] Downloading from central: https://repo.maven.apache.org/maven2/org/codehaus/plexus/plexus-compiler-javac/2.13.0/plexus-compiler-javac-2.13.0.jar
[a350e678-823a-46c1-a3d6-a8e2e0d48718/build]   | [INFO] Downloaded from central: https://repo.maven.apache.org/maven2/org/ow2/asm/asm/9.4/asm-9.4.jar (122 kB at 6.1 MB/s)
[a350e678-823a-46c1-a3d6-a8e2e0d48718/build]   | [INFO] Downloaded from central: https://repo.maven.apache.org/maven2/org/codehaus/plexus/plexus-compiler-manager/2.13.0/plexus-compiler-manager-2.13.0.jar (4.7 kB at 222 kB/s)
[a350e678-823a-46c1-a3d6-a8e2e0d48718/build]   | [INFO] Downloaded from central: https://repo.maven.apache.org/maven2/org/codehaus/plexus/plexus-compiler-javac/2.13.0/plexus-compiler-javac-2.13.0.jar (23 kB at 950 kB/s)
[a350e678-823a-46c1-a3d6-a8e2e0d48718/build]   | [INFO] Downloaded from central: https://repo.maven.apache.org/maven2/com/thoughtworks/qdox/qdox/2.0.3/qdox-2.0.3.jar (334 kB at 13 MB/s)
[a350e678-823a-46c1-a3d6-a8e2e0d48718/build]   | [INFO] Downloaded from central: https://repo.maven.apache.org/maven2/org/codehaus/plexus/plexus-utils/3.5.0/plexus-utils-3.5.0.jar (267 kB at 8.6 MB/s)
[a350e678-823a-46c1-a3d6-a8e2e0d48718/build]   | [INFO] Changes detected - recompiling the module! :dependency
[a350e678-823a-46c1-a3d6-a8e2e0d48718/build]   | [INFO] Compiling 156 source files with javac [debug release 17] to target/classes
[a350e678-823a-46c1-a3d6-a8e2e0d48718/build]   | [INFO] 
[a350e678-823a-46c1-a3d6-a8e2e0d48718/build]   | [INFO] --- maven-resources-plugin:2.6:testResources (default-testResources) @ whatsapp-business-java-api ---
[a350e678-823a-46c1-a3d6-a8e2e0d48718/build]   | [INFO] Using 'UTF-8' encoding to copy filtered resources.
[a350e678-823a-46c1-a3d6-a8e2e0d48718/build]   | [INFO] Copying 61 resources
[a350e678-823a-46c1-a3d6-a8e2e0d48718/build]   | [INFO] 
[a350e678-823a-46c1-a3d6-a8e2e0d48718/build]   | [INFO] --- maven-compiler-plugin:3.11.0:testCompile (default-testCompile) @ whatsapp-business-java-api ---
[a350e678-823a-46c1-a3d6-a8e2e0d48718/build]   | [INFO] Changes detected - recompiling the module! :dependency
[a350e678-823a-46c1-a3d6-a8e2e0d48718/build]   | [INFO] Compiling 48 source files with javac [debug release 17] to target/test-classes
[a350e678-823a-46c1-a3d6-a8e2e0d48718/build]   | [WARNING] /tmp/b27d3e94-8342-4ce0-a325-bdd68d2aec88/src/test/java/com/whatsapp/api/examples/SendContactMessageExample.java:[34,41] addPhones(com.whatsapp.api.domain.messages.Phone) in com.whatsapp.api.domain.messages.Contact has been deprecated and marked for removal
[a350e678-823a-46c1-a3d6-a8e2e0d48718/build]   | [WARNING] /tmp/b27d3e94-8342-4ce0-a325-bdd68d2aec88/src/test/java/com/whatsapp/api/examples/SendContactMessageExample.java:[44,41] addEmails(com.whatsapp.api.domain.messages.Email) in com.whatsapp.api.domain.messages.Contact has been deprecated and marked for removal
[a350e678-823a-46c1-a3d6-a8e2e0d48718/build]   | [WARNING] /tmp/b27d3e94-8342-4ce0-a325-bdd68d2aec88/src/test/java/com/whatsapp/api/examples/SendContactMessageExample.java:[48,41] addAddresses(com.whatsapp.api.domain.messages.Address) in com.whatsapp.api.domain.messages.Contact has been deprecated and marked for removal
[a350e678-823a-46c1-a3d6-a8e2e0d48718/build]   | [WARNING] /tmp/b27d3e94-8342-4ce0-a325-bdd68d2aec88/src/test/java/com/whatsapp/api/examples/SendContactMessageExample.java:[58,41] addUrls(com.whatsapp.api.domain.messages.Url) in com.whatsapp.api.domain.messages.Contact has been deprecated and marked for removal
[a350e678-823a-46c1-a3d6-a8e2e0d48718/build]   | [WARNING] /tmp/b27d3e94-8342-4ce0-a325-bdd68d2aec88/src/test/java/com/whatsapp/api/exception/utils/FormatterTest.java:[13,32] com.whatsapp.api.exception.utils.Formatter in com.whatsapp.api.exception.utils has been deprecated and marked for removal
[a350e678-823a-46c1-a3d6-a8e2e0d48718/build]   | [WARNING] /tmp/b27d3e94-8342-4ce0-a325-bdd68d2aec88/src/test/java/com/whatsapp/api/exception/utils/FormatterTest.java:[21,32] com.whatsapp.api.exception.utils.Formatter in com.whatsapp.api.exception.utils has been deprecated and marked for removal
[a350e678-823a-46c1-a3d6-a8e2e0d48718/build]   | [WARNING] /tmp/b27d3e94-8342-4ce0-a325-bdd68d2aec88/src/test/java/com/whatsapp/api/exception/utils/FormatterTest.java:[29,32] com.whatsapp.api.exception.utils.Formatter in com.whatsapp.api.exception.utils has been deprecated and marked for removal
[a350e678-823a-46c1-a3d6-a8e2e0d48718/build]   | [WARNING] /tmp/b27d3e94-8342-4ce0-a325-bdd68d2aec88/src/test/java/com/whatsapp/api/exception/utils/FormatterTest.java:[37,36] com.whatsapp.api.exception.utils.Formatter in com.whatsapp.api.exception.utils has been deprecated and marked for removal
[a350e678-823a-46c1-a3d6-a8e2e0d48718/build]   | [WARNING] /tmp/b27d3e94-8342-4ce0-a325-bdd68d2aec88/src/test/java/com/whatsapp/api/impl/WhatsappBusinessCloudApiTest.java:[166,33] addPhones(com.whatsapp.api.domain.messages.Phone) in com.whatsapp.api.domain.messages.Contact has been deprecated and marked for removal
[a350e678-823a-46c1-a3d6-a8e2e0d48718/build]   | [WARNING] /tmp/b27d3e94-8342-4ce0-a325-bdd68d2aec88/src/test/java/com/whatsapp/api/impl/WhatsappBusinessCloudApiTest.java:[176,33] addEmails(com.whatsapp.api.domain.messages.Email) in com.whatsapp.api.domain.messages.Contact has been deprecated and marked for removal
[a350e678-823a-46c1-a3d6-a8e2e0d48718/build]   | [WARNING] /tmp/b27d3e94-8342-4ce0-a325-bdd68d2aec88/src/test/java/com/whatsapp/api/impl/WhatsappBusinessCloudApiTest.java:[179,34] addAddresses(com.whatsapp.api.domain.messages.Address) in com.whatsapp.api.domain.messages.Contact has been deprecated and marked for removal
[a350e678-823a-46c1-a3d6-a8e2e0d48718/build]   | [WARNING] /tmp/b27d3e94-8342-4ce0-a325-bdd68d2aec88/src/test/java/com/whatsapp/api/impl/WhatsappBusinessCloudApiTest.java:[187,60] addUrls(com.whatsapp.api.domain.messages.Url) in com.whatsapp.api.domain.messages.Contact has been deprecated and marked for removal
[a350e678-823a-46c1-a3d6-a8e2e0d48718/build]   | [INFO] /tmp/b27d3e94-8342-4ce0-a325-bdd68d2aec88/src/test/java/com/whatsapp/api/impl/WhatsappBusinessManagementApiTest.java: Some input files use or override a deprecated API.
[a350e678-823a-46c1-a3d6-a8e2e0d48718/build]   | [INFO] /tmp/b27d3e94-8342-4ce0-a325-bdd68d2aec88/src/test/java/com/whatsapp/api/impl/WhatsappBusinessManagementApiTest.java: Recompile with -Xlint:deprecation for details.
[a350e678-823a-46c1-a3d6-a8e2e0d48718/build]   | [INFO] 
[a350e678-823a-46c1-a3d6-a8e2e0d48718/build]   | [INFO] --- maven-surefire-plugin:3.0.0:test (default-test) @ whatsapp-business-java-api ---
[a350e678-823a-46c1-a3d6-a8e2e0d48718/build]   | [INFO] Downloading from central: https://repo.maven.apache.org/maven2/org/apache/maven/surefire/maven-surefire-common/3.0.0/maven-surefire-common-3.0.0.pom
[a350e678-823a-46c1-a3d6-a8e2e0d48718/build]   | [INFO] Downloaded from central: https://repo.maven.apache.org/maven2/org/apache/maven/surefire/maven-surefire-common/3.0.0/maven-surefire-common-3.0.0.pom (5.9 kB at 657 kB/s)
[a350e678-823a-46c1-a3d6-a8e2e0d48718/build]   | [INFO] Downloading from central: https://repo.maven.apache.org/maven2/org/apache/maven/surefire/surefire-api/3.0.0/surefire-api-3.0.0.pom
[a350e678-823a-46c1-a3d6-a8e2e0d48718/build]   | [INFO] Downloaded from central: https://repo.maven.apache.org/maven2/org/apache/maven/surefire/surefire-api/3.0.0/surefire-api-3.0.0.pom (3.4 kB at 491 kB/s)
[a350e678-823a-46c1-a3d6-a8e2e0d48718/build]   | [INFO] Downloading from central: https://repo.maven.apache.org/maven2/org/apache/maven/surefire/surefire-logger-api/3.0.0/surefire-logger-api-3.0.0.pom
[a350e678-823a-46c1-a3d6-a8e2e0d48718/build]   | [INFO] Downloaded from central: https://repo.maven.apache.org/maven2/org/apache/maven/surefire/surefire-logger-api/3.0.0/surefire-logger-api-3.0.0.pom (3.2 kB at 633 kB/s)
[a350e678-823a-46c1-a3d6-a8e2e0d48718/build]   | [INFO] Downloading from central: https://repo.maven.apache.org/maven2/org/apache/maven/surefire/surefire-shared-utils/3.0.0/surefire-shared-utils-3.0.0.pom
[a350e678-823a-46c1-a3d6-a8e2e0d48718/build]   | [INFO] Downloaded from central: https://repo.maven.apache.org/maven2/org/apache/maven/surefire/surefire-shared-utils/3.0.0/surefire-shared-utils-3.0.0.pom (4.1 kB at 507 kB/s)
[a350e678-823a-46c1-a3d6-a8e2e0d48718/build]   | [INFO] Downloading from central: https://repo.maven.apache.org/maven2/org/apache/maven/surefire/surefire-extensions-api/3.0.0/surefire-extensions-api-3.0.0.pom
[a350e678-823a-46c1-a3d6-a8e2e0d48718/build]   | [INFO] Downloaded from central: https://repo.maven.apache.org/maven2/org/apache/maven/surefire/surefire-extensions-api/3.0.0/surefire-extensions-api-3.0.0.pom (3.2 kB at 536 kB/s)
[a350e678-823a-46c1-a3d6-a8e2e0d48718/build]   | [INFO] Downloading from central: https://repo.maven.apache.org/maven2/org/apache/maven/surefire/surefire-booter/3.0.0/surefire-booter-3.0.0.pom
[a350e678-823a-46c1-a3d6-a8e2e0d48718/build]   | [INFO] Downloaded from central: https://repo.maven.apache.org/maven2/org/apache/maven/surefire/surefire-booter/3.0.0/surefire-booter-3.0.0.pom (4.3 kB at 481 kB/s)
[a350e678-823a-46c1-a3d6-a8e2e0d48718/build]   | [INFO] Downloading from central: https://repo.maven.apache.org/maven2/org/apache/maven/surefire/surefire-extensions-spi/3.0.0/surefire-extensions-spi-3.0.0.pom
[a350e678-823a-46c1-a3d6-a8e2e0d48718/build]   | [INFO] Downloaded from central: https://repo.maven.apache.org/maven2/org/apache/maven/surefire/surefire-extensions-spi/3.0.0/surefire-extensions-spi-3.0.0.pom (1.7 kB at 245 kB/s)
[a350e678-823a-46c1-a3d6-a8e2e0d48718/build]   | [INFO] Downloading from central: https://repo.maven.apache.org/maven2/org/eclipse/aether/aether-util/1.0.0.v20140518/aether-util-1.0.0.v20140518.pom
[a350e678-823a-46c1-a3d6-a8e2e0d48718/build]   | [INFO] Downloaded from central: https://repo.maven.apache.org/maven2/org/eclipse/aether/aether-util/1.0.0.v20140518/aether-util-1.0.0.v20140518.pom (2.2 kB at 313 kB/s)
[a350e678-823a-46c1-a3d6-a8e2e0d48718/build]   | [INFO] Downloading from central: https://repo.maven.apache.org/maven2/org/eclipse/aether/aether/1.0.0.v20140518/aether-1.0.0.v20140518.pom
[a350e678-823a-46c1-a3d6-a8e2e0d48718/build]   | [INFO] Downloaded from central: https://repo.maven.apache.org/maven2/org/eclipse/aether/aether/1.0.0.v20140518/aether-1.0.0.v20140518.pom (30 kB at 2.2 MB/s)
[a350e678-823a-46c1-a3d6-a8e2e0d48718/build]   | [INFO] Downloading from central: https://repo.maven.apache.org/maven2/org/eclipse/aether/aether-api/1.0.0.v20140518/aether-api-1.0.0.v20140518.pom
[a350e678-823a-46c1-a3d6-a8e2e0d48718/build]   | [INFO] Downloaded from central: https://repo.maven.apache.org/maven2/org/eclipse/aether/aether-api/1.0.0.v20140518/aether-api-1.0.0.v20140518.pom (1.9 kB at 73 kB/s)
[a350e678-823a-46c1-a3d6-a8e2e0d48718/build]   | [INFO] Downloading from central: https://repo.maven.apache.org/maven2/org/apache/maven/shared/maven-common-artifact-filters/3.1.1/maven-common-artifact-filters-3.1.1.pom
[a350e678-823a-46c1-a3d6-a8e2e0d48718/build]   | [INFO] Downloaded from central: https://repo.maven.apache.org/maven2/org/apache/maven/shared/maven-common-artifact-filters/3.1.1/maven-common-artifact-filters-3.1.1.pom (5.8 kB at 966 kB/s)
[a350e678-823a-46c1-a3d6-a8e2e0d48718/build]   | [INFO] Downloading from central: https://repo.maven.apache.org/maven2/org/apache/maven/maven-artifact/3.2.5/maven-artifact-3.2.5.pom
[a350e678-823a-46c1-a3d6-a8e2e0d48718/build]   | [INFO] Downloaded from central: https://repo.maven.apache.org/maven2/org/apache/maven/maven-artifact/3.2.5/maven-artifact-3.2.5.pom (2.3 kB at 294 kB/s)
[a350e678-823a-46c1-a3d6-a8e2e0d48718/build]   | [INFO] Downloading from central: https://repo.maven.apache.org/maven2/org/apache/maven/maven/3.2.5/maven-3.2.5.pom
[a350e678-823a-46c1-a3d6-a8e2e0d48718/build]   | [INFO] Downloaded from central: https://repo.maven.apache.org/maven2/org/apache/maven/maven/3.2.5/maven-3.2.5.pom (22 kB at 3.7 MB/s)
[a350e678-823a-46c1-a3d6-a8e2e0d48718/build]   | [INFO] Downloading from central: https://repo.maven.apache.org/maven2/org/apache/maven/maven-parent/25/maven-parent-25.pom
[a350e678-823a-46c1-a3d6-a8e2e0d48718/build]   | [INFO] Downloaded from central: https://repo.maven.apache.org/maven2/org/apache/maven/maven-parent/25/maven-parent-25.pom (37 kB at 5.3 MB/s)
[a350e678-823a-46c1-a3d6-a8e2e0d48718/build]   | [INFO] Downloading from central: https://repo.maven.apache.org/maven2/org/apache/apache/15/apache-15.pom
[a350e678-823a-46c1-a3d6-a8e2e0d48718/build]   | [INFO] Downloaded from central: https://repo.maven.apache.org/maven2/org/apache/apache/15/apache-15.pom (15 kB at 2.5 MB/s)
[a350e678-823a-46c1-a3d6-a8e2e0d48718/build]   | [INFO] Downloading from central: https://repo.maven.apache.org/maven2/org/apache/maven/maven-core/3.2.5/maven-core-3.2.5.pom
[a350e678-823a-46c1-a3d6-a8e2e0d48718/build]   | [INFO] Downloaded from central: https://repo.maven.apache.org/maven2/org/apache/maven/maven-core/3.2.5/maven-core-3.2.5.pom (8.1 kB at 896 kB/s)
[a350e678-823a-46c1-a3d6-a8e2e0d48718/build]   | [INFO] Downloading from central: https://repo.maven.apache.org/maven2/org/apache/maven/maven-settings/3.2.5/maven-settings-3.2.5.pom
[a350e678-823a-46c1-a3d6-a8e2e0d48718/build]   | [INFO] Downloaded from central: https://repo.maven.apache.org/maven2/org/apache/maven/maven-settings/3.2.5/maven-settings-3.2.5.pom (2.2 kB at 362 kB/s)
[a350e678-823a-46c1-a3d6-a8e2e0d48718/build]   | [INFO] Downloading from central: https://repo.maven.apache.org/maven2/org/apache/maven/maven-settings-builder/3.2.5/maven-settings-builder-3.2.5.pom
[a350e678-823a-46c1-a3d6-a8e2e0d48718/build]   | [INFO] Downloaded from central: https://repo.maven.apache.org/maven2/org/apache/maven/maven-settings-builder/3.2.5/maven-settings-builder-3.2.5.pom (2.6 kB at 324 kB/s)
[a350e678-823a-46c1-a3d6-a8e2e0d48718/build]   | [INFO] Downloading from central: https://repo.maven.apache.org/maven2/org/codehaus/plexus/plexus-interpolation/1.21/plexus-interpolation-1.21.pom
[a350e678-823a-46c1-a3d6-a8e2e0d48718/build]   | [INFO] Downloaded from central: https://repo.maven.apache.org/maven2/org/codehaus/plexus/plexus-interpolation/1.21/plexus-interpolation-1.21.pom (1.5 kB at 192 kB/s)
[a350e678-823a-46c1-a3d6-a8e2e0d48718/build]   | [INFO] Downloading from central: https://repo.maven.apache.org/maven2/org/codehaus/plexus/plexus-components/1.3.1/plexus-components-1.3.1.pom
[a350e678-823a-46c1-a3d6-a8e2e0d48718/build]   | [INFO] Downloaded from central: https://repo.maven.apache.org/maven2/org/codehaus/plexus/plexus-components/1.3.1/plexus-components-1.3.1.pom (3.1 kB at 438 kB/s)
[a350e678-823a-46c1-a3d6-a8e2e0d48718/build]   | [INFO] Downloading from central: https://repo.maven.apache.org/maven2/org/sonatype/plexus/plexus-sec-dispatcher/1.3/plexus-sec-dispatcher-1.3.pom
[a350e678-823a-46c1-a3d6-a8e2e0d48718/build]   | [INFO] Downloaded from central: https://repo.maven.apache.org/maven2/org/sonatype/plexus/plexus-sec-dispatcher/1.3/plexus-sec-dispatcher-1.3.pom (3.0 kB at 370 kB/s)
[a350e678-823a-46c1-a3d6-a8e2e0d48718/build]   | [INFO] Downloading from central: https://repo.maven.apache.org/maven2/org/sonatype/spice/spice-parent/12/spice-parent-12.pom
[a350e678-823a-46c1-a3d6-a8e2e0d48718/build]   | [INFO] Downloaded from central: https://repo.maven.apache.org/maven2/org/sonatype/spice/spice-parent/12/spice-parent-12.pom (6.8 kB at 425 kB/s)
[a350e678-823a-46c1-a3d6-a8e2e0d48718/build]   | [INFO] Downloading from central: https://repo.maven.apache.org/maven2/org/sonatype/forge/forge-parent/4/forge-parent-4.pom
[a350e678-823a-46c1-a3d6-a8e2e0d48718/build]   | [INFO] Downloaded from central: https://repo.maven.apache.org/maven2/org/sonatype/forge/forge-parent/4/forge-parent-4.pom (8.4 kB at 382 kB/s)
[a350e678-823a-46c1-a3d6-a8e2e0d48718/build]   | [INFO] Downloading from central: https://repo.maven.apache.org/maven2/org/sonatype/plexus/plexus-cipher/1.4/plexus-cipher-1.4.pom
[a350e678-823a-46c1-a3d6-a8e2e0d48718/build]   | [INFO] Downloaded from central: https://repo.maven.apache.org/maven2/org/sonatype/plexus/plexus-cipher/1.4/plexus-cipher-1.4.pom (2.1 kB at 138 kB/s)
[a350e678-823a-46c1-a3d6-a8e2e0d48718/build]   | [INFO] Downloading from central: https://repo.maven.apache.org/maven2/org/apache/maven/maven-repository-metadata/3.2.5/maven-repository-metadata-3.2.5.pom
[a350e678-823a-46c1-a3d6-a8e2e0d48718/build]   | [INFO] Downloaded from central: https://repo.maven.apache.org/maven2/org/apache/maven/maven-repository-metadata/3.2.5/maven-repository-metadata-3.2.5.pom (2.2 kB at 318 kB/s)
[a350e678-823a-46c1-a3d6-a8e2e0d48718/build]   | [INFO] Downloading from central: https://repo.maven.apache.org/maven2/org/apache/maven/maven-plugin-api/3.2.5/maven-plugin-api-3.2.5.pom
[a350e678-823a-46c1-a3d6-a8e2e0d48718/build]   | [INFO] Downloaded from central: https://repo.maven.apache.org/maven2/org/apache/maven/maven-plugin-api/3.2.5/maven-plugin-api-3.2.5.pom (3.0 kB at 138 kB/s)
[a350e678-823a-46c1-a3d6-a8e2e0d48718/build]   | [INFO] Downloading from central: https://repo.maven.apache.org/maven2/org/eclipse/sisu/org.eclipse.sisu.plexus/0.3.5/org.eclipse.sisu.plexus-0.3.5.pom
[a350e678-823a-46c1-a3d6-a8e2e0d48718/build]   | [INFO] Downloaded from central: https://repo.maven.apache.org/maven2/org/eclipse/sisu/org.eclipse.sisu.plexus/0.3.5/org.eclipse.sisu.plexus-0.3.5.pom (4.3 kB at 171 kB/s)
[a350e678-823a-46c1-a3d6-a8e2e0d48718/build]   | [INFO] Downloading from central: https://repo.maven.apache.org/maven2/org/eclipse/sisu/sisu-plexus/0.3.5/sisu-plexus-0.3.5.pom
[a350e678-823a-46c1-a3d6-a8e2e0d48718/build]   | [INFO] Downloaded from central: https://repo.maven.apache.org/maven2/org/eclipse/sisu/sisu-plexus/0.3.5/sisu-plexus-0.3.5.pom (14 kB at 54 kB/s)
[a350e678-823a-46c1-a3d6-a8e2e0d48718/build]   | [INFO] Downloading from central: https://repo.maven.apache.org/maven2/javax/annotation/javax.annotation-api/1.2/javax.annotation-api-1.2.pom
[a350e678-823a-46c1-a3d6-a8e2e0d48718/build]   | [INFO] Downloaded from central: https://repo.maven.apache.org/maven2/javax/annotation/javax.annotation-api/1.2/javax.annotation-api-1.2.pom (13 kB at 373 kB/s)
[a350e678-823a-46c1-a3d6-a8e2e0d48718/build]   | [INFO] Downloading from central: https://repo.maven.apache.org/maven2/net/java/jvnet-parent/3/jvnet-parent-3.pom
[a350e678-823a-46c1-a3d6-a8e2e0d48718/build]   | [INFO] Downloaded from central: https://repo.maven.apache.org/maven2/net/java/jvnet-parent/3/jvnet-parent-3.pom (4.8 kB at 299 kB/s)
[a350e678-823a-46c1-a3d6-a8e2e0d48718/build]   | [INFO] Downloading from central: https://repo.maven.apache.org/maven2/javax/enterprise/cdi-api/1.2/cdi-api-1.2.pom
[a350e678-823a-46c1-a3d6-a8e2e0d48718/build]   | [INFO] Downloaded from central: https://repo.maven.apache.org/maven2/javax/enterprise/cdi-api/1.2/cdi-api-1.2.pom (6.3 kB at 483 kB/s)
[a350e678-823a-46c1-a3d6-a8e2e0d48718/build]   | [INFO] Downloading from central: https://repo.maven.apache.org/maven2/org/jboss/weld/weld-parent/26/weld-parent-26.pom
[a350e678-823a-46c1-a3d6-a8e2e0d48718/build]   | [INFO] Downloaded from central: https://repo.maven.apache.org/maven2/org/jboss/weld/weld-parent/26/weld-parent-26.pom (32 kB at 1.1 MB/s)
[a350e678-823a-46c1-a3d6-a8e2e0d48718/build]   | [INFO] Downloading from central: https://repo.maven.apache.org/maven2/javax/inject/javax.inject/1/javax.inject-1.pom
[a350e678-823a-46c1-a3d6-a8e2e0d48718/build]   | [INFO] Downloaded from central: https://repo.maven.apache.org/maven2/javax/inject/javax.inject/1/javax.inject-1.pom (612 B at 31 kB/s)
[a350e678-823a-46c1-a3d6-a8e2e0d48718/build]   | [INFO] Downloading from central: https://repo.maven.apache.org/maven2/org/eclipse/sisu/org.eclipse.sisu.inject/0.3.5/org.eclipse.sisu.inject-0.3.5.pom
[a350e678-823a-46c1-a3d6-a8e2e0d48718/build]   | [INFO] Downloaded from central: https://repo.maven.apache.org/maven2/org/eclipse/sisu/org.eclipse.sisu.inject/0.3.5/org.eclipse.sisu.inject-0.3.5.pom (2.6 kB at 146 kB/s)
[a350e678-823a-46c1-a3d6-a8e2e0d48718/build]   | [INFO] Downloading from central: https://repo.maven.apache.org/maven2/org/eclipse/sisu/sisu-inject/0.3.5/sisu-inject-0.3.5.pom
[a350e678-823a-46c1-a3d6-a8e2e0d48718/build]   | [INFO] Downloaded from central: https://repo.maven.apache.org/maven2/org/eclipse/sisu/sisu-inject/0.3.5/sisu-inject-0.3.5.pom (14 kB at 686 kB/s)
[a350e678-823a-46c1-a3d6-a8e2e0d48718/build]   | [INFO] Downloading from central: https://repo.maven.apache.org/maven2/org/codehaus/plexus/plexus-classworlds/2.5.2/plexus-classworlds-2.5.2.pom
[a350e678-823a-46c1-a3d6-a8e2e0d48718/build]   | [INFO] Downloaded from central: https://repo.maven.apache.org/maven2/org/codehaus/plexus/plexus-classworlds/2.5.2/plexus-classworlds-2.5.2.pom (7.3 kB at 292 kB/s)
[a350e678-823a-46c1-a3d6-a8e2e0d48718/build]   | [INFO] Downloading from central: https://repo.maven.apache.org/maven2/org/apache/maven/maven-model-builder/3.2.5/maven-model-builder-3.2.5.pom
[a350e678-823a-46c1-a3d6-a8e2e0d48718/build]   | [INFO] Downloaded from central: https://repo.maven.apache.org/maven2/org/apache/maven/maven-model-builder/3.2.5/maven-model-builder-3.2.5.pom (3.0 kB at 136 kB/s)
[a350e678-823a-46c1-a3d6-a8e2e0d48718/build]   | [INFO] Downloading from central: https://repo.maven.apache.org/maven2/org/apache/maven/maven-aether-provider/3.2.5/maven-aether-provider-3.2.5.pom
[a350e678-823a-46c1-a3d6-a8e2e0d48718/build]   | [INFO] Downloaded from central: https://repo.maven.apache.org/maven2/org/apache/maven/maven-aether-provider/3.2.5/maven-aether-provider-3.2.5.pom (4.2 kB at 152 kB/s)
[a350e678-823a-46c1-a3d6-a8e2e0d48718/build]   | [INFO] Downloading from central: https://repo.maven.apache.org/maven2/org/eclipse/aether/aether-spi/1.0.0.v20140518/aether-spi-1.0.0.v20140518.pom
[a350e678-823a-46c1-a3d6-a8e2e0d48718/build]   | [INFO] Downloaded from central: https://repo.maven.apache.org/maven2/org/eclipse/aether/aether-spi/1.0.0.v20140518/aether-spi-1.0.0.v20140518.pom (2.1 kB at 59 kB/s)
[a350e678-823a-46c1-a3d6-a8e2e0d48718/build]   | [INFO] Downloading from central: https://repo.maven.apache.org/maven2/org/eclipse/aether/aether-impl/1.0.0.v20140518/aether-impl-1.0.0.v20140518.pom
[a350e678-823a-46c1-a3d6-a8e2e0d48718/build]   | [INFO] Downloaded from central: https://repo.maven.apache.org/maven2/org/eclipse/aether/aether-impl/1.0.0.v20140518/aether-impl-1.0.0.v20140518.pom (3.5 kB at 109 kB/s)
[a350e678-823a-46c1-a3d6-a8e2e0d48718/build]   | [INFO] Downloading from central: https://repo.maven.apache.org/maven2/org/sonatype/sisu/sisu-guice/3.2.3/sisu-guice-3.2.3.pom
[a350e678-823a-46c1-a3d6-a8e2e0d48718/build]   | [INFO] Downloaded from central: https://repo.maven.apache.org/maven2/org/sonatype/sisu/sisu-guice/3.2.3/sisu-guice-3.2.3.pom (11 kB at 280 kB/s)
[a350e678-823a-46c1-a3d6-a8e2e0d48718/build]   | [INFO] Downloading from central: https://repo.maven.apache.org/maven2/org/sonatype/sisu/inject/guice-parent/3.2.3/guice-parent-3.2.3.pom
[a350e678-823a-46c1-a3d6-a8e2e0d48718/build]   | [INFO] Downloaded from central: https://repo.maven.apache.org/maven2/org/sonatype/sisu/inject/guice-parent/3.2.3/guice-parent-3.2.3.pom (13 kB at 396 kB/s)
[a350e678-823a-46c1-a3d6-a8e2e0d48718/build]   | [INFO] Downloading from central: https://repo.maven.apache.org/maven2/org/sonatype/forge/forge-parent/38/forge-parent-38.pom
[a350e678-823a-46c1-a3d6-a8e2e0d48718/build]   | [INFO] Downloaded from central: https://repo.maven.apache.org/maven2/org/sonatype/forge/forge-parent/38/forge-parent-38.pom (19 kB at 354 kB/s)
[a350e678-823a-46c1-a3d6-a8e2e0d48718/build]   | [INFO] Downloading from central: https://repo.maven.apache.org/maven2/aopalliance/aopalliance/1.0/aopalliance-1.0.pom
[a350e678-823a-46c1-a3d6-a8e2e0d48718/build]   | [INFO] Downloaded from central: https://repo.maven.apache.org/maven2/aopalliance/aopalliance/1.0/aopalliance-1.0.pom (363 B at 10 kB/s)
[a350e678-823a-46c1-a3d6-a8e2e0d48718/build]   | [INFO] Downloading from central: https://repo.maven.apache.org/maven2/com/google/guava/guava/16.0.1/guava-16.0.1.pom
[a350e678-823a-46c1-a3d6-a8e2e0d48718/build]   | [INFO] Downloaded from central: https://repo.maven.apache.org/maven2/com/google/guava/guava/16.0.1/guava-16.0.1.pom (6.1 kB at 174 kB/s)
[a350e678-823a-46c1-a3d6-a8e2e0d48718/build]   | [INFO] Downloading from central: https://repo.maven.apache.org/maven2/com/google/guava/guava-parent/16.0.1/guava-parent-16.0.1.pom
[a350e678-823a-46c1-a3d6-a8e2e0d48718/build]   | [INFO] Downloaded from central: https://repo.maven.apache.org/maven2/com/google/guava/guava-parent/16.0.1/guava-parent-16.0.1.pom (7.3 kB at 198 kB/s)
[a350e678-823a-46c1-a3d6-a8e2e0d48718/build]   | [INFO] Downloading from central: https://repo.maven.apache.org/maven2/commons-io/commons-io/2.11.0/commons-io-2.11.0.pom
[a350e678-823a-46c1-a3d6-a8e2e0d48718/build]   | [INFO] Downloaded from central: https://repo.maven.apache.org/maven2/commons-io/commons-io/2.11.0/commons-io-2.11.0.pom (20 kB at 533 kB/s)
[a350e678-823a-46c1-a3d6-a8e2e0d48718/build]   | [INFO] Downloading from central: https://repo.maven.apache.org/maven2/org/apache/commons/commons-parent/52/commons-parent-52.pom
[a350e678-823a-46c1-a3d6-a8e2e0d48718/build]   | [INFO] Downloaded from central: https://repo.maven.apache.org/maven2/org/apache/commons/commons-parent/52/commons-parent-52.pom (79 kB at 785 kB/s)
[a350e678-823a-46c1-a3d6-a8e2e0d48718/build]   | [INFO] Downloading from central: https://repo.maven.apache.org/maven2/org/junit/junit-bom/5.7.2/junit-bom-5.7.2.pom
[a350e678-823a-46c1-a3d6-a8e2e0d48718/build]   | [INFO] Downloaded from central: https://repo.maven.apache.org/maven2/org/junit/junit-bom/5.7.2/junit-bom-5.7.2.pom (5.1 kB at 94 kB/s)
[a350e678-823a-46c1-a3d6-a8e2e0d48718/build]   | [INFO] Downloading from central: https://repo.maven.apache.org/maven2/org/apache/maven/surefire/maven-surefire-common/3.0.0/maven-surefire-common-3.0.0.jar
[a350e678-823a-46c1-a3d6-a8e2e0d48718/build]   | [INFO] Downloading from central: https://repo.maven.apache.org/maven2/org/apache/maven/surefire/surefire-api/3.0.0/surefire-api-3.0.0.jar
[a350e678-823a-46c1-a3d6-a8e2e0d48718/build]   | [INFO] Downloading from central: https://repo.maven.apache.org/maven2/org/apache/maven/surefire/surefire-logger-api/3.0.0/surefire-logger-api-3.0.0.jar
[a350e678-823a-46c1-a3d6-a8e2e0d48718/build]   | [INFO] Downloading from central: https://repo.maven.apache.org/maven2/org/apache/maven/surefire/surefire-extensions-api/3.0.0/surefire-extensions-api-3.0.0.jar
[a350e678-823a-46c1-a3d6-a8e2e0d48718/build]   | [INFO] Downloading from central: https://repo.maven.apache.org/maven2/org/apache/maven/surefire/surefire-booter/3.0.0/surefire-booter-3.0.0.jar
[a350e678-823a-46c1-a3d6-a8e2e0d48718/build]   | [INFO] Downloaded from central: https://repo.maven.apache.org/maven2/org/apache/maven/surefire/surefire-logger-api/3.0.0/surefire-logger-api-3.0.0.jar (14 kB at 376 kB/s)
[a350e678-823a-46c1-a3d6-a8e2e0d48718/build]   | [INFO] Downloading from central: https://repo.maven.apache.org/maven2/org/apache/maven/surefire/surefire-extensions-spi/3.0.0/surefire-extensions-spi-3.0.0.jar
[a350e678-823a-46c1-a3d6-a8e2e0d48718/build]   | [INFO] Downloaded from central: https://repo.maven.apache.org/maven2/org/apache/maven/surefire/surefire-extensions-api/3.0.0/surefire-extensions-api-3.0.0.jar (26 kB at 544 kB/s)
[a350e678-823a-46c1-a3d6-a8e2e0d48718/build]   | [INFO] Downloading from central: https://repo.maven.apache.org/maven2/org/eclipse/aether/aether-util/1.0.0.v20140518/aether-util-1.0.0.v20140518.jar
[a350e678-823a-46c1-a3d6-a8e2e0d48718/build]   | [INFO] Downloaded from central: https://repo.maven.apache.org/maven2/org/apache/maven/surefire/surefire-extensions-spi/3.0.0/surefire-extensions-spi-3.0.0.jar (8.2 kB at 98 kB/s)
[a350e678-823a-46c1-a3d6-a8e2e0d48718/build]   | [INFO] Downloading from central: https://repo.maven.apache.org/maven2/org/eclipse/aether/aether-api/1.0.0.v20140518/aether-api-1.0.0.v20140518.jar
[a350e678-823a-46c1-a3d6-a8e2e0d48718/build]   | [INFO] Downloaded from central: https://repo.maven.apache.org/maven2/org/apache/maven/surefire/surefire-booter/3.0.0/surefire-booter-3.0.0.jar (118 kB at 1.4 MB/s)
[a350e678-823a-46c1-a3d6-a8e2e0d48718/build]   | [INFO] Downloading from central: https://repo.maven.apache.org/maven2/org/apache/maven/shared/maven-common-artifact-filters/3.1.1/maven-common-artifact-filters-3.1.1.jar
[a350e678-823a-46c1-a3d6-a8e2e0d48718/build]   | [INFO] Downloaded from central: https://repo.maven.apache.org/maven2/org/apache/maven/surefire/surefire-api/3.0.0/surefire-api-3.0.0.jar (171 kB at 1.3 MB/s)
[a350e678-823a-46c1-a3d6-a8e2e0d48718/build]   | [INFO] Downloading from central: https://repo.maven.apache.org/maven2/commons-io/commons-io/2.11.0/commons-io-2.11.0.jar
[a350e678-823a-46c1-a3d6-a8e2e0d48718/build]   | [INFO] Downloaded from central: https://repo.maven.apache.org/maven2/org/eclipse/aether/aether-util/1.0.0.v20140518/aether-util-1.0.0.v20140518.jar (146 kB at 1.1 MB/s)
[a350e678-823a-46c1-a3d6-a8e2e0d48718/build]   | [INFO] Downloading from central: https://repo.maven.apache.org/maven2/org/apache/maven/surefire/surefire-shared-utils/3.0.0/surefire-shared-utils-3.0.0.jar
[a350e678-823a-46c1-a3d6-a8e2e0d48718/build]   | [INFO] Downloaded from central: https://repo.maven.apache.org/maven2/org/apache/maven/shared/maven-common-artifact-filters/3.1.1/maven-common-artifact-filters-3.1.1.jar (61 kB at 457 kB/s)
[a350e678-823a-46c1-a3d6-a8e2e0d48718/build]   | [INFO] Downloaded from central: https://repo.maven.apache.org/maven2/org/eclipse/aether/aether-api/1.0.0.v20140518/aether-api-1.0.0.v20140518.jar (136 kB at 874 kB/s)
[a350e678-823a-46c1-a3d6-a8e2e0d48718/build]   | [INFO] Downloaded from central: https://repo.maven.apache.org/maven2/commons-io/commons-io/2.11.0/commons-io-2.11.0.jar (327 kB at 1.2 MB/s)
[a350e678-823a-46c1-a3d6-a8e2e0d48718/build]   | [INFO] Downloaded from central: https://repo.maven.apache.org/maven2/org/apache/maven/surefire/maven-surefire-common/3.0.0/maven-surefire-common-3.0.0.jar (308 kB at 982 kB/s)
[a350e678-823a-46c1-a3d6-a8e2e0d48718/build]   | [INFO] Downloaded from central: https://repo.maven.apache.org/maven2/org/apache/maven/surefire/surefire-shared-utils/3.0.0/surefire-shared-utils-3.0.0.jar (2.1 MB at 4.5 MB/s)
[a350e678-823a-46c1-a3d6-a8e2e0d48718/build]   | [INFO] Using auto detected provider org.apache.maven.surefire.junitplatform.JUnitPlatformProvider
[a350e678-823a-46c1-a3d6-a8e2e0d48718/build]   | [INFO] Downloading from central: https://repo.maven.apache.org/maven2/org/apache/maven/surefire/surefire-junit-platform/3.0.0/surefire-junit-platform-3.0.0.pom
[a350e678-823a-46c1-a3d6-a8e2e0d48718/build]   | [INFO] Downloaded from central: https://repo.maven.apache.org/maven2/org/apache/maven/surefire/surefire-junit-platform/3.0.0/surefire-junit-platform-3.0.0.pom (4.5 kB at 119 kB/s)
[a350e678-823a-46c1-a3d6-a8e2e0d48718/build]   | [INFO] Downloading from central: https://repo.maven.apache.org/maven2/org/apache/maven/surefire/surefire-providers/3.0.0/surefire-providers-3.0.0.pom
[a350e678-823a-46c1-a3d6-a8e2e0d48718/build]   | [INFO] Downloaded from central: https://repo.maven.apache.org/maven2/org/apache/maven/surefire/surefire-providers/3.0.0/surefire-providers-3.0.0.pom (2.5 kB at 102 kB/s)
[a350e678-823a-46c1-a3d6-a8e2e0d48718/build]   | [INFO] Downloading from central: https://repo.maven.apache.org/maven2/org/apache/maven/surefire/common-java5/3.0.0/common-java5-3.0.0.pom
[a350e678-823a-46c1-a3d6-a8e2e0d48718/build]   | [INFO] Downloaded from central: https://repo.maven.apache.org/maven2/org/apache/maven/surefire/common-java5/3.0.0/common-java5-3.0.0.pom (2.7 kB at 124 kB/s)
[a350e678-823a-46c1-a3d6-a8e2e0d48718/build]   | [INFO] Downloading from central: https://repo.maven.apache.org/maven2/org/junit/platform/junit-platform-launcher/1.3.2/junit-platform-launcher-1.3.2.pom
[a350e678-823a-46c1-a3d6-a8e2e0d48718/build]   | [INFO] Downloaded from central: https://repo.maven.apache.org/maven2/org/junit/platform/junit-platform-launcher/1.3.2/junit-platform-launcher-1.3.2.pom (2.2 kB at 111 kB/s)
[a350e678-823a-46c1-a3d6-a8e2e0d48718/build]   | [INFO] Downloading from central: https://repo.maven.apache.org/maven2/org/apiguardian/apiguardian-api/1.0.0/apiguardian-api-1.0.0.pom
[a350e678-823a-46c1-a3d6-a8e2e0d48718/build]   | [INFO] Downloaded from central: https://repo.maven.apache.org/maven2/org/apiguardian/apiguardian-api/1.0.0/apiguardian-api-1.0.0.pom (1.2 kB at 51 kB/s)
[a350e678-823a-46c1-a3d6-a8e2e0d48718/build]   | [INFO] Downloading from central: https://repo.maven.apache.org/maven2/org/junit/platform/junit-platform-engine/1.3.2/junit-platform-engine-1.3.2.pom
[a350e678-823a-46c1-a3d6-a8e2e0d48718/build]   | [INFO] Downloaded from central: https://repo.maven.apache.org/maven2/org/junit/platform/junit-platform-engine/1.3.2/junit-platform-engine-1.3.2.pom (2.4 kB at 109 kB/s)
[a350e678-823a-46c1-a3d6-a8e2e0d48718/build]   | [INFO] Downloading from central: https://repo.maven.apache.org/maven2/org/junit/platform/junit-platform-commons/1.3.2/junit-platform-commons-1.3.2.pom
[a350e678-823a-46c1-a3d6-a8e2e0d48718/build]   | [INFO] Downloaded from central: https://repo.maven.apache.org/maven2/org/junit/platform/junit-platform-commons/1.3.2/junit-platform-commons-1.3.2.pom (2.0 kB at 96 kB/s)
[a350e678-823a-46c1-a3d6-a8e2e0d48718/build]   | [INFO] Downloading from central: https://repo.maven.apache.org/maven2/org/opentest4j/opentest4j/1.1.1/opentest4j-1.1.1.pom
[a350e678-823a-46c1-a3d6-a8e2e0d48718/build]   | [INFO] Downloaded from central: https://repo.maven.apache.org/maven2/org/opentest4j/opentest4j/1.1.1/opentest4j-1.1.1.pom (1.7 kB at 26 kB/s)
[a350e678-823a-46c1-a3d6-a8e2e0d48718/build]   | [INFO] Downloading from central: https://repo.maven.apache.org/maven2/org/apache/maven/surefire/surefire-junit-platform/3.0.0/surefire-junit-platform-3.0.0.jar
[a350e678-823a-46c1-a3d6-a8e2e0d48718/build]   | [INFO] Downloading from central: https://repo.maven.apache.org/maven2/org/apache/maven/surefire/common-java5/3.0.0/common-java5-3.0.0.jar
[a350e678-823a-46c1-a3d6-a8e2e0d48718/build]   | [INFO] Downloading from central: https://repo.maven.apache.org/maven2/org/junit/platform/junit-platform-launcher/1.3.2/junit-platform-launcher-1.3.2.jar
[a350e678-823a-46c1-a3d6-a8e2e0d48718/build]   | [INFO] Downloading from central: https://repo.maven.apache.org/maven2/org/apiguardian/apiguardian-api/1.0.0/apiguardian-api-1.0.0.jar
[a350e678-823a-46c1-a3d6-a8e2e0d48718/build]   | [INFO] Downloading from central: https://repo.maven.apache.org/maven2/org/junit/platform/junit-platform-engine/1.3.2/junit-platform-engine-1.3.2.jar
[a350e678-823a-46c1-a3d6-a8e2e0d48718/build]   | [INFO] Downloaded from central: https://repo.maven.apache.org/maven2/org/apiguardian/apiguardian-api/1.0.0/apiguardian-api-1.0.0.jar (2.2 kB at 46 kB/s)
[a350e678-823a-46c1-a3d6-a8e2e0d48718/build]   | [INFO] Downloading from central: https://repo.maven.apache.org/maven2/org/junit/platform/junit-platform-commons/1.3.2/junit-platform-commons-1.3.2.jar
[a350e678-823a-46c1-a3d6-a8e2e0d48718/build]   | [INFO] Downloaded from central: https://repo.maven.apache.org/maven2/org/apache/maven/surefire/surefire-junit-platform/3.0.0/surefire-junit-platform-3.0.0.jar (27 kB at 513 kB/s)
[a350e678-823a-46c1-a3d6-a8e2e0d48718/build]   | [INFO] Downloading from central: https://repo.maven.apache.org/maven2/org/opentest4j/opentest4j/1.1.1/opentest4j-1.1.1.jar
[a350e678-823a-46c1-a3d6-a8e2e0d48718/build]   | [INFO] Downloaded from central: https://repo.maven.apache.org/maven2/org/apache/maven/surefire/common-java5/3.0.0/common-java5-3.0.0.jar (18 kB at 338 kB/s)
[a350e678-823a-46c1-a3d6-a8e2e0d48718/build]   | [INFO] Downloaded from central: https://repo.maven.apache.org/maven2/org/junit/platform/junit-platform-launcher/1.3.2/junit-platform-launcher-1.3.2.jar (95 kB at 1.6 MB/s)
[a350e678-823a-46c1-a3d6-a8e2e0d48718/build]   | [INFO] Downloaded from central: https://repo.maven.apache.org/maven2/org/opentest4j/opentest4j/1.1.1/opentest4j-1.1.1.jar (7.1 kB at 60 kB/s)
[a350e678-823a-46c1-a3d6-a8e2e0d48718/build]   | [INFO] Downloaded from central: https://repo.maven.apache.org/maven2/org/junit/platform/junit-platform-commons/1.3.2/junit-platform-commons-1.3.2.jar (78 kB at 580 kB/s)
[a350e678-823a-46c1-a3d6-a8e2e0d48718/build]   | [INFO] Downloaded from central: https://repo.maven.apache.org/maven2/org/junit/platform/junit-platform-engine/1.3.2/junit-platform-engine-1.3.2.jar (138 kB at 961 kB/s)
[a350e678-823a-46c1-a3d6-a8e2e0d48718/build]   | [INFO] Downloading from central: https://repo.maven.apache.org/maven2/org/junit/platform/junit-platform-launcher/1.9.2/junit-platform-launcher-1.9.2.pom
[a350e678-823a-46c1-a3d6-a8e2e0d48718/build]   | [INFO] Downloaded from central: https://repo.maven.apache.org/maven2/org/junit/platform/junit-platform-launcher/1.9.2/junit-platform-launcher-1.9.2.pom (3.0 kB at 112 kB/s)
[a350e678-823a-46c1-a3d6-a8e2e0d48718/build]   | [INFO] Downloading from central: https://repo.maven.apache.org/maven2/org/junit/platform/junit-platform-launcher/1.9.2/junit-platform-launcher-1.9.2.jar
[a350e678-823a-46c1-a3d6-a8e2e0d48718/build]   | [INFO] Downloaded from central: https://repo.maven.apache.org/maven2/org/junit/platform/junit-platform-launcher/1.9.2/junit-platform-launcher-1.9.2.jar (169 kB at 1.8 MB/s)
[a350e678-823a-46c1-a3d6-a8e2e0d48718/build]   | [INFO] 
[a350e678-823a-46c1-a3d6-a8e2e0d48718/build]   | [INFO] -------------------------------------------------------
[a350e678-823a-46c1-a3d6-a8e2e0d48718/build]   | [INFO]  T E S T S
[a350e678-823a-46c1-a3d6-a8e2e0d48718/build]   | [INFO] -------------------------------------------------------
[a350e678-823a-46c1-a3d6-a8e2e0d48718/build]   | [INFO] Running com.whatsapp.api.WhatsappApiFactoryTest
[a350e678-823a-46c1-a3d6-a8e2e0d48718/build]   | [INFO] Tests run: 3, Failures: 0, Errors: 0, Skipped: 0, Time elapsed: 1.44 s - in com.whatsapp.api.WhatsappApiFactoryTest
[a350e678-823a-46c1-a3d6-a8e2e0d48718/build]   | [INFO] Running com.whatsapp.api.utils.FormatterTest
[a350e678-823a-46c1-a3d6-a8e2e0d48718/build]   | [INFO] Tests run: 4, Failures: 0, Errors: 0, Skipped: 0, Time elapsed: 0.044 s - in com.whatsapp.api.utils.FormatterTest
[a350e678-823a-46c1-a3d6-a8e2e0d48718/build]   | [INFO] Running com.whatsapp.api.interceptor.AuthenticationInterceptorTest
[a350e678-823a-46c1-a3d6-a8e2e0d48718/build]   | [INFO] Tests run: 1, Failures: 0, Errors: 0, Skipped: 0, Time elapsed: 0.004 s - in com.whatsapp.api.interceptor.AuthenticationInterceptorTest
[a350e678-823a-46c1-a3d6-a8e2e0d48718/build]   | [INFO] Running com.whatsapp.api.domain.webhook.WebHookPayloadTest
[a350e678-823a-46c1-a3d6-a8e2e0d48718/build]   | [INFO] Tests run: 24, Failures: 0, Errors: 0, Skipped: 0, Time elapsed: 0.298 s - in com.whatsapp.api.domain.webhook.WebHookPayloadTest
[a350e678-823a-46c1-a3d6-a8e2e0d48718/build]   | [INFO] Running com.whatsapp.api.exception.WhatsappApiExceptionTest
[a350e678-823a-46c1-a3d6-a8e2e0d48718/build]   | [INFO] Tests run: 4, Failures: 0, Errors: 0, Skipped: 0, Time elapsed: 0.006 s - in com.whatsapp.api.exception.WhatsappApiExceptionTest
[a350e678-823a-46c1-a3d6-a8e2e0d48718/build]   | [INFO] Running com.whatsapp.api.exception.utils.FormatterTest
[a350e678-823a-46c1-a3d6-a8e2e0d48718/build]   | [INFO] Tests run: 4, Failures: 0, Errors: 0, Skipped: 0, Time elapsed: 0.011 s - in com.whatsapp.api.exception.utils.FormatterTest
[a350e678-823a-46c1-a3d6-a8e2e0d48718/build]   | [INFO] Running com.whatsapp.api.impl.WhatsappBusinessCloudApiTest
[a350e678-823a-46c1-a3d6-a8e2e0d48718/build]   | OpenJDK 64-Bit Server VM warning: Sharing is only supported for boot loader classes because bootstrap classpath has been appended
[a350e678-823a-46c1-a3d6-a8e2e0d48718/build]   | [INFO] Tests run: 27, Failures: 0, Errors: 0, Skipped: 0, Time elapsed: 2.097 s - in com.whatsapp.api.impl.WhatsappBusinessCloudApiTest
[a350e678-823a-46c1-a3d6-a8e2e0d48718/build]   | [INFO] Running com.whatsapp.api.impl.WhatsappBusinessManagementApiTest
[a350e678-823a-46c1-a3d6-a8e2e0d48718/build]   | [ERROR] Tests run: 21, Failures: 1, Errors: 0, Skipped: 0, Time elapsed: 0.394 s <<< FAILURE! - in com.whatsapp.api.impl.WhatsappBusinessManagementApiTest
[a350e678-823a-46c1-a3d6-a8e2e0d48718/build]   | [ERROR] com.whatsapp.api.impl.WhatsappBusinessManagementApiTest.testRetrieveMessageTemplate1  Time elapsed: 0.048 s  <<< FAILURE!
[a350e678-823a-46c1-a3d6-a8e2e0d48718/build]   | java.lang.AssertionError: 
[a350e678-823a-46c1-a3d6-a8e2e0d48718/build]   | data[1].components[3].buttons[0]
[a350e678-823a-46c1-a3d6-a8e2e0d48718/build]   | Expected: type
[a350e678-823a-46c1-a3d6-a8e2e0d48718/build]   |      but none found
[a350e678-823a-46c1-a3d6-a8e2e0d48718/build]   |  ; data[1].components[3].buttons[1]
[a350e678-823a-46c1-a3d6-a8e2e0d48718/build]   | Expected: type
[a350e678-823a-46c1-a3d6-a8e2e0d48718/build]   |      but none found
[a350e678-823a-46c1-a3d6-a8e2e0d48718/build]   |  ; data[2].components[3].buttons[0]
[a350e678-823a-46c1-a3d6-a8e2e0d48718/build]   | Expected: type
[a350e678-823a-46c1-a3d6-a8e2e0d48718/build]   |      but none found
[a350e678-823a-46c1-a3d6-a8e2e0d48718/build]   |  ; data[2].components[3].buttons[1]
[a350e678-823a-46c1-a3d6-a8e2e0d48718/build]   | Expected: type
[a350e678-823a-46c1-a3d6-a8e2e0d48718/build]   |      but none found
[a350e678-823a-46c1-a3d6-a8e2e0d48718/build]   |  ; data[2].components[3].buttons[2]
[a350e678-823a-46c1-a3d6-a8e2e0d48718/build]   | Expected: type
[a350e678-823a-46c1-a3d6-a8e2e0d48718/build]   |      but none found
[a350e678-823a-46c1-a3d6-a8e2e0d48718/build]   |  ; data[5].components[3].buttons[0]
[a350e678-823a-46c1-a3d6-a8e2e0d48718/build]   | Expected: type
[a350e678-823a-46c1-a3d6-a8e2e0d48718/build]   |      but none found
[a350e678-823a-46c1-a3d6-a8e2e0d48718/build]   | 
[a350e678-823a-46c1-a3d6-a8e2e0d48718/build]   | 	at org.skyscreamer.jsonassert.JSONAssert.assertEquals(JSONAssert.java:417)
[a350e678-823a-46c1-a3d6-a8e2e0d48718/build]   | 	at org.skyscreamer.jsonassert.JSONAssert.assertEquals(JSONAssert.java:394)
[a350e678-823a-46c1-a3d6-a8e2e0d48718/build]   | 	at com.whatsapp.api.impl.WhatsappBusinessManagementApiTest.testRetrieveMessageTemplate1(WhatsappBusinessManagementApiTest.java:457)
[a350e678-823a-46c1-a3d6-a8e2e0d48718/build]   | 	at java.base/jdk.internal.reflect.NativeMethodAccessorImpl.invoke0(Native Method)
[a350e678-823a-46c1-a3d6-a8e2e0d48718/build]   | 	at java.base/jdk.internal.reflect.NativeMethodAccessorImpl.invoke(NativeMethodAccessorImpl.java:77)
[a350e678-823a-46c1-a3d6-a8e2e0d48718/build]   | 	at java.base/jdk.internal.reflect.DelegatingMethodAccessorImpl.invoke(DelegatingMethodAccessorImpl.java:43)
[a350e678-823a-46c1-a3d6-a8e2e0d48718/build]   | 	at java.base/java.lang.reflect.Method.invoke(Method.java:568)
[a350e678-823a-46c1-a3d6-a8e2e0d48718/build]   | 	at org.junit.platform.commons.util.ReflectionUtils.invokeMethod(ReflectionUtils.java:727)
[a350e678-823a-46c1-a3d6-a8e2e0d48718/build]   | 	at org.junit.jupiter.engine.execution.MethodInvocation.proceed(MethodInvocation.java:60)
[a350e678-823a-46c1-a3d6-a8e2e0d48718/build]   | 	at org.junit.jupiter.engine.execution.InvocationInterceptorChain$ValidatingInvocation.proceed(InvocationInterceptorChain.java:131)
[a350e678-823a-46c1-a3d6-a8e2e0d48718/build]   | 	at org.junit.jupiter.engine.extension.TimeoutExtension.intercept(TimeoutExtension.java:156)
[a350e678-823a-46c1-a3d6-a8e2e0d48718/build]   | 	at org.junit.jupiter.engine.extension.TimeoutExtension.interceptTestableMethod(TimeoutExtension.java:147)
[a350e678-823a-46c1-a3d6-a8e2e0d48718/build]   | 	at org.junit.jupiter.engine.extension.TimeoutExtension.interceptTestMethod(TimeoutExtension.java:86)
[a350e678-823a-46c1-a3d6-a8e2e0d48718/build]   | 	at org.junit.jupiter.engine.execution.InterceptingExecutableInvoker$ReflectiveInterceptorCall.lambda$ofVoidMethod$0(InterceptingExecutableInvoker.java:103)
[a350e678-823a-46c1-a3d6-a8e2e0d48718/build]   | 	at org.junit.jupiter.engine.execution.InterceptingExecutableInvoker.lambda$invoke$0(InterceptingExecutableInvoker.java:93)
[a350e678-823a-46c1-a3d6-a8e2e0d48718/build]   | 	at org.junit.jupiter.engine.execution.InvocationInterceptorChain$InterceptedInvocation.proceed(InvocationInterceptorChain.java:106)
[a350e678-823a-46c1-a3d6-a8e2e0d48718/build]   | 	at org.junit.jupiter.engine.execution.InvocationInterceptorChain.proceed(InvocationInterceptorChain.java:64)
[a350e678-823a-46c1-a3d6-a8e2e0d48718/build]   | 	at org.junit.jupiter.engine.execution.InvocationInterceptorChain.chainAndInvoke(InvocationInterceptorChain.java:45)
[a350e678-823a-46c1-a3d6-a8e2e0d48718/build]   | 	at org.junit.jupiter.engine.execution.InvocationInterceptorChain.invoke(InvocationInterceptorChain.java:37)
[a350e678-823a-46c1-a3d6-a8e2e0d48718/build]   | 	at org.junit.jupiter.engine.execution.InterceptingExecutableInvoker.invoke(InterceptingExecutableInvoker.java:92)
[a350e678-823a-46c1-a3d6-a8e2e0d48718/build]   | 	at org.junit.jupiter.engine.execution.InterceptingExecutableInvoker.invoke(InterceptingExecutableInvoker.java:86)
[a350e678-823a-46c1-a3d6-a8e2e0d48718/build]   | 	at org.junit.jupiter.engine.descriptor.TestMethodTestDescriptor.lambda$invokeTestMethod$7(TestMethodTestDescriptor.java:217)
[a350e678-823a-46c1-a3d6-a8e2e0d48718/build]   | 	at org.junit.platform.engine.support.hierarchical.ThrowableCollector.execute(ThrowableCollector.java:73)
[a350e678-823a-46c1-a3d6-a8e2e0d48718/build]   | 	at org.junit.jupiter.engine.descriptor.TestMethodTestDescriptor.invokeTestMethod(TestMethodTestDescriptor.java:213)
[a350e678-823a-46c1-a3d6-a8e2e0d48718/build]   | 	at org.junit.jupiter.engine.descriptor.TestMethodTestDescriptor.execute(TestMethodTestDescriptor.java:138)
[a350e678-823a-46c1-a3d6-a8e2e0d48718/build]   | 	at org.junit.jupiter.engine.descriptor.TestMethodTestDescriptor.execute(TestMethodTestDescriptor.java:68)
[a350e678-823a-46c1-a3d6-a8e2e0d48718/build]   | 	at org.junit.platform.engine.support.hierarchical.NodeTestTask.lambda$executeRecursively$6(NodeTestTask.java:151)
[a350e678-823a-46c1-a3d6-a8e2e0d48718/build]   | 	at org.junit.platform.engine.support.hierarchical.ThrowableCollector.execute(ThrowableCollector.java:73)
[a350e678-823a-46c1-a3d6-a8e2e0d48718/build]   | 	at org.junit.platform.engine.support.hierarchical.NodeTestTask.lambda$executeRecursively$8(NodeTestTask.java:141)
[a350e678-823a-46c1-a3d6-a8e2e0d48718/build]   | 	at org.junit.platform.engine.support.hierarchical.Node.around(Node.java:137)
[a350e678-823a-46c1-a3d6-a8e2e0d48718/build]   | 	at org.junit.platform.engine.support.hierarchical.NodeTestTask.lambda$executeRecursively$9(NodeTestTask.java:139)
[a350e678-823a-46c1-a3d6-a8e2e0d48718/build]   | 	at org.junit.platform.engine.support.hierarchical.ThrowableCollector.execute(ThrowableCollector.java:73)
[a350e678-823a-46c1-a3d6-a8e2e0d48718/build]   | 	at org.junit.platform.engine.support.hierarchical.NodeTestTask.executeRecursively(NodeTestTask.java:138)
[a350e678-823a-46c1-a3d6-a8e2e0d48718/build]   | 	at org.junit.platform.engine.support.hierarchical.NodeTestTask.execute(NodeTestTask.java:95)
[a350e678-823a-46c1-a3d6-a8e2e0d48718/build]   | 	at java.base/java.util.ArrayList.forEach(ArrayList.java:1511)
[a350e678-823a-46c1-a3d6-a8e2e0d48718/build]   | 	at org.junit.platform.engine.support.hierarchical.SameThreadHierarchicalTestExecutorService.invokeAll(SameThreadHierarchicalTestExecutorService.java:41)
[a350e678-823a-46c1-a3d6-a8e2e0d48718/build]   | 	at org.junit.platform.engine.support.hierarchical.NodeTestTask.lambda$executeRecursively$6(NodeTestTask.java:155)
[a350e678-823a-46c1-a3d6-a8e2e0d48718/build]   | 	at org.junit.platform.engine.support.hierarchical.ThrowableCollector.execute(ThrowableCollector.java:73)
[a350e678-823a-46c1-a3d6-a8e2e0d48718/build]   | 	at org.junit.platform.engine.support.hierarchical.NodeTestTask.lambda$executeRecursively$8(NodeTestTask.java:141)
[a350e678-823a-46c1-a3d6-a8e2e0d48718/build]   | 	at org.junit.platform.engine.support.hierarchical.Node.around(Node.java:137)
[a350e678-823a-46c1-a3d6-a8e2e0d48718/build]   | 	at org.junit.platform.engine.support.hierarchical.NodeTestTask.lambda$executeRecursively$9(NodeTestTask.java:139)
[a350e678-823a-46c1-a3d6-a8e2e0d48718/build]   | 	at org.junit.platform.engine.support.hierarchical.ThrowableCollector.execute(ThrowableCollector.java:73)
[a350e678-823a-46c1-a3d6-a8e2e0d48718/build]   | 	at org.junit.platform.engine.support.hierarchical.NodeTestTask.executeRecursively(NodeTestTask.java:138)
[a350e678-823a-46c1-a3d6-a8e2e0d48718/build]   | 	at org.junit.platform.engine.support.hierarchical.NodeTestTask.execute(NodeTestTask.java:95)
[a350e678-823a-46c1-a3d6-a8e2e0d48718/build]   | 	at java.base/java.util.ArrayList.forEach(ArrayList.java:1511)
[a350e678-823a-46c1-a3d6-a8e2e0d48718/build]   | 	at org.junit.platform.engine.support.hierarchical.SameThreadHierarchicalTestExecutorService.invokeAll(SameThreadHierarchicalTestExecutorService.java:41)
[a350e678-823a-46c1-a3d6-a8e2e0d48718/build]   | 	at org.junit.platform.engine.support.hierarchical.NodeTestTask.lambda$executeRecursively$6(NodeTestTask.java:155)
[a350e678-823a-46c1-a3d6-a8e2e0d48718/build]   | 	at org.junit.platform.engine.support.hierarchical.ThrowableCollector.execute(ThrowableCollector.java:73)
[a350e678-823a-46c1-a3d6-a8e2e0d48718/build]   | 	at org.junit.platform.engine.support.hierarchical.NodeTestTask.lambda$executeRecursively$8(NodeTestTask.java:141)
[a350e678-823a-46c1-a3d6-a8e2e0d48718/build]   | 	at org.junit.platform.engine.support.hierarchical.Node.around(Node.java:137)
[a350e678-823a-46c1-a3d6-a8e2e0d48718/build]   | 	at org.junit.platform.engine.support.hierarchical.NodeTestTask.lambda$executeRecursively$9(NodeTestTask.java:139)
[a350e678-823a-46c1-a3d6-a8e2e0d48718/build]   | 	at org.junit.platform.engine.support.hierarchical.ThrowableCollector.execute(ThrowableCollector.java:73)
[a350e678-823a-46c1-a3d6-a8e2e0d48718/build]   | 	at org.junit.platform.engine.support.hierarchical.NodeTestTask.executeRecursively(NodeTestTask.java:138)
[a350e678-823a-46c1-a3d6-a8e2e0d48718/build]   | 	at org.junit.platform.engine.support.hierarchical.NodeTestTask.execute(NodeTestTask.java:95)
[a350e678-823a-46c1-a3d6-a8e2e0d48718/build]   | 	at org.junit.platform.engine.support.hierarchical.SameThreadHierarchicalTestExecutorService.submit(SameThreadHierarchicalTestExecutorService.java:35)
[a350e678-823a-46c1-a3d6-a8e2e0d48718/build]   | 	at org.junit.platform.engine.support.hierarchical.HierarchicalTestExecutor.execute(HierarchicalTestExecutor.java:57)
[a350e678-823a-46c1-a3d6-a8e2e0d48718/build]   | 	at org.junit.platform.engine.support.hierarchical.HierarchicalTestEngine.execute(HierarchicalTestEngine.java:54)
[a350e678-823a-46c1-a3d6-a8e2e0d48718/build]   | 	at org.junit.platform.launcher.core.EngineExecutionOrchestrator.execute(EngineExecutionOrchestrator.java:147)
[a350e678-823a-46c1-a3d6-a8e2e0d48718/build]   | 	at org.junit.platform.launcher.core.EngineExecutionOrchestrator.execute(EngineExecutionOrchestrator.java:127)
[a350e678-823a-46c1-a3d6-a8e2e0d48718/build]   | 	at org.junit.platform.launcher.core.EngineExecutionOrchestrator.execute(EngineExecutionOrchestrator.java:90)
[a350e678-823a-46c1-a3d6-a8e2e0d48718/build]   | 	at org.junit.platform.launcher.core.EngineExecutionOrchestrator.lambda$execute$0(EngineExecutionOrchestrator.java:55)
[a350e678-823a-46c1-a3d6-a8e2e0d48718/build]   | 	at org.junit.platform.launcher.core.EngineExecutionOrchestrator.withInterceptedStreams(EngineExecutionOrchestrator.java:102)
[a350e678-823a-46c1-a3d6-a8e2e0d48718/build]   | 	at org.junit.platform.launcher.core.EngineExecutionOrchestrator.execute(EngineExecutionOrchestrator.java:54)
[a350e678-823a-46c1-a3d6-a8e2e0d48718/build]   | 	at org.junit.platform.launcher.core.DefaultLauncher.execute(DefaultLauncher.java:114)
[a350e678-823a-46c1-a3d6-a8e2e0d48718/build]   | 	at org.junit.platform.launcher.core.DefaultLauncher.execute(DefaultLauncher.java:86)
[a350e678-823a-46c1-a3d6-a8e2e0d48718/build]   | 	at org.junit.platform.launcher.core.DefaultLauncherSession$DelegatingLauncher.execute(DefaultLauncherSession.java:86)
[a350e678-823a-46c1-a3d6-a8e2e0d48718/build]   | 	at org.apache.maven.surefire.junitplatform.LazyLauncher.execute(LazyLauncher.java:50)
[a350e678-823a-46c1-a3d6-a8e2e0d48718/build]   | 	at org.apache.maven.surefire.junitplatform.JUnitPlatformProvider.execute(JUnitPlatformProvider.java:184)
[a350e678-823a-46c1-a3d6-a8e2e0d48718/build]   | 	at org.apache.maven.surefire.junitplatform.JUnitPlatformProvider.invokeAllTests(JUnitPlatformProvider.java:148)
[a350e678-823a-46c1-a3d6-a8e2e0d48718/build]   | 	at org.apache.maven.surefire.junitplatform.JUnitPlatformProvider.invoke(JUnitPlatformProvider.java:122)
[a350e678-823a-46c1-a3d6-a8e2e0d48718/build]   | 	at org.apache.maven.surefire.booter.ForkedBooter.runSuitesInProcess(ForkedBooter.java:385)
[a350e678-823a-46c1-a3d6-a8e2e0d48718/build]   | 	at org.apache.maven.surefire.booter.ForkedBooter.execute(ForkedBooter.java:162)
[a350e678-823a-46c1-a3d6-a8e2e0d48718/build]   | 	at org.apache.maven.surefire.booter.ForkedBooter.run(ForkedBooter.java:507)
[a350e678-823a-46c1-a3d6-a8e2e0d48718/build]   | 	at org.apache.maven.surefire.booter.ForkedBooter.main(ForkedBooter.java:495)
[a350e678-823a-46c1-a3d6-a8e2e0d48718/build]   | 
[a350e678-823a-46c1-a3d6-a8e2e0d48718/build]   | [INFO] 
[a350e678-823a-46c1-a3d6-a8e2e0d48718/build]   | [INFO] Results:
[a350e678-823a-46c1-a3d6-a8e2e0d48718/build]   | [INFO] 
[a350e678-823a-46c1-a3d6-a8e2e0d48718/build]   | [ERROR] Failures: 
[a350e678-823a-46c1-a3d6-a8e2e0d48718/build]   | [ERROR]   WhatsappBusinessManagementApiTest.testRetrieveMessageTemplate1:457 data[1].components[3].buttons[0]
[a350e678-823a-46c1-a3d6-a8e2e0d48718/build]   | Expected: type
[a350e678-823a-46c1-a3d6-a8e2e0d48718/build]   |      but none found
[a350e678-823a-46c1-a3d6-a8e2e0d48718/build]   |  ; data[1].components[3].buttons[1]
[a350e678-823a-46c1-a3d6-a8e2e0d48718/build]   | Expected: type
[a350e678-823a-46c1-a3d6-a8e2e0d48718/build]   |      but none found
[a350e678-823a-46c1-a3d6-a8e2e0d48718/build]   |  ; data[2].components[3].buttons[0]
[a350e678-823a-46c1-a3d6-a8e2e0d48718/build]   | Expected: type
[a350e678-823a-46c1-a3d6-a8e2e0d48718/build]   |      but none found
[a350e678-823a-46c1-a3d6-a8e2e0d48718/build]   |  ; data[2].components[3].buttons[1]
[a350e678-823a-46c1-a3d6-a8e2e0d48718/build]   | Expected: type
[a350e678-823a-46c1-a3d6-a8e2e0d48718/build]   |      but none found
[a350e678-823a-46c1-a3d6-a8e2e0d48718/build]   |  ; data[2].components[3].buttons[2]
[a350e678-823a-46c1-a3d6-a8e2e0d48718/build]   | Expected: type
[a350e678-823a-46c1-a3d6-a8e2e0d48718/build]   |      but none found
[a350e678-823a-46c1-a3d6-a8e2e0d48718/build]   |  ; data[5].components[3].buttons[0]
[a350e678-823a-46c1-a3d6-a8e2e0d48718/build]   | Expected: type
[a350e678-823a-46c1-a3d6-a8e2e0d48718/build]   |      but none found
[a350e678-823a-46c1-a3d6-a8e2e0d48718/build]   | 
[a350e678-823a-46c1-a3d6-a8e2e0d48718/build]   | [INFO] 
[a350e678-823a-46c1-a3d6-a8e2e0d48718/build]   | [ERROR] Tests run: 88, Failures: 1, Errors: 0, Skipped: 0
[a350e678-823a-46c1-a3d6-a8e2e0d48718/build]   | [INFO] 
[a350e678-823a-46c1-a3d6-a8e2e0d48718/build]   | [INFO] ------------------------------------------------------------------------
[a350e678-823a-46c1-a3d6-a8e2e0d48718/build]   | [INFO] BUILD FAILURE
[a350e678-823a-46c1-a3d6-a8e2e0d48718/build]   | [INFO] ------------------------------------------------------------------------
[a350e678-823a-46c1-a3d6-a8e2e0d48718/build]   | [INFO] Total time:  21.733 s
[a350e678-823a-46c1-a3d6-a8e2e0d48718/build]   | [INFO] Finished at: 2023-11-24T16:26:50Z
[a350e678-823a-46c1-a3d6-a8e2e0d48718/build]   | [INFO] ------------------------------------------------------------------------
[a350e678-823a-46c1-a3d6-a8e2e0d48718/build]   | [ERROR] Failed to execute goal org.apache.maven.plugins:maven-surefire-plugin:3.0.0:test (default-test) on project whatsapp-business-java-api: There are test failures.
[a350e678-823a-46c1-a3d6-a8e2e0d48718/build]   | [ERROR] 
[a350e678-823a-46c1-a3d6-a8e2e0d48718/build]   | [ERROR] Please refer to /tmp/b27d3e94-8342-4ce0-a325-bdd68d2aec88/target/surefire-reports for the individual test results.
[a350e678-823a-46c1-a3d6-a8e2e0d48718/build]   | [ERROR] Please refer to dump files (if any exist) [date].dump, [date]-jvmRun[N].dump and [date].dumpstream.
[a350e678-823a-46c1-a3d6-a8e2e0d48718/build]   | [ERROR] -> [Help 1]
[a350e678-823a-46c1-a3d6-a8e2e0d48718/build]   | [ERROR] 
[a350e678-823a-46c1-a3d6-a8e2e0d48718/build]   | [ERROR] To see the full stack trace of the errors, re-run Maven with the -e switch.
[a350e678-823a-46c1-a3d6-a8e2e0d48718/build]   | [ERROR] Re-run Maven using the -X switch to enable full debug logging.
[a350e678-823a-46c1-a3d6-a8e2e0d48718/build]   | [ERROR] 
[a350e678-823a-46c1-a3d6-a8e2e0d48718/build]   | [ERROR] For more information about the errors and possible solutions, please read the following articles:
[a350e678-823a-46c1-a3d6-a8e2e0d48718/build]   | [ERROR] [Help 1] http://cwiki.apache.org/confluence/display/MAVEN/MojoFailureException
[a350e678-823a-46c1-a3d6-a8e2e0d48718/build]   ‚ùå  Failure - Main Build with Maven
[a350e678-823a-46c1-a3d6-a8e2e0d48718/build] exitcode '1': failure
[a350e678-823a-46c1-a3d6-a8e2e0d48718/build] unable to get git ref: failed to identify reference (tag/branch) for the checked-out revision 'b6e5f7d58726e61a80751cc4bdf984239c5c498d'
[a350e678-823a-46c1-a3d6-a8e2e0d48718/build] unable to get git ref: failed to identify reference (tag/branch) for the checked-out revision 'b6e5f7d58726e61a80751cc4bdf984239c5c498d'
[a350e678-823a-46c1-a3d6-a8e2e0d48718/build] unable to get git ref: failed to identify reference (tag/branch) for the checked-out revision 'b6e5f7d58726e61a80751cc4bdf984239c5c498d'
[a350e678-823a-46c1-a3d6-a8e2e0d48718/build] unable to get git ref: failed to identify reference (tag/branch) for the checked-out revision 'b6e5f7d58726e61a80751cc4bdf984239c5c498d'
[a350e678-823a-46c1-a3d6-a8e2e0d48718/build] unable to get git ref: failed to identify reference (tag/branch) for the checked-out revision 'b6e5f7d58726e61a80751cc4bdf984239c5c498d'
[a350e678-823a-46c1-a3d6-a8e2e0d48718/build] unable to get git ref: failed to identify reference (tag/branch) for the checked-out revision 'b6e5f7d58726e61a80751cc4bdf984239c5c498d'
[a350e678-823a-46c1-a3d6-a8e2e0d48718/build] unable to get git ref: failed to identify reference (tag/branch) for the checked-out revision 'b6e5f7d58726e61a80751cc4bdf984239c5c498d'
[a350e678-823a-46c1-a3d6-a8e2e0d48718/build] unable to get git ref: failed to identify reference (tag/branch) for the checked-out revision 'b6e5f7d58726e61a80751cc4bdf984239c5c498d'
[a350e678-823a-46c1-a3d6-a8e2e0d48718/build] unable to get git ref: failed to identify reference (tag/branch) for the checked-out revision 'b6e5f7d58726e61a80751cc4bdf984239c5c498d'
[a350e678-823a-46c1-a3d6-a8e2e0d48718/build] unable to get git ref: failed to identify reference (tag/branch) for the checked-out revision 'b6e5f7d58726e61a80751cc4bdf984239c5c498d'
[a350e678-823a-46c1-a3d6-a8e2e0d48718/build] ‚≠ê Run Post Set up JDK 17
[a350e678-823a-46c1-a3d6-a8e2e0d48718/build]   üê≥  docker exec cmd=[node /var/run/act/actions/actions-setup-java@v3/dist/cleanup/index.js] user= workdir=
[a350e678-823a-46c1-a3d6-a8e2e0d48718/build]   ‚úÖ  Success - Post Set up JDK 17
[a350e678-823a-46c1-a3d6-a8e2e0d48718/build] üèÅ  Job failed
[a350e678-823a-46c1-a3d6-a8e2e0d48718/build] unable to get git ref: failed to identify reference (tag/branch) for the checked-out revision 'b6e5f7d58726e61a80751cc4bdf984239c5c498d'
