[59ca51de-398a-432d-b387-477561bd7cd9/build] üöÄ  Start image=crawlergpt:latest
[59ca51de-398a-432d-b387-477561bd7cd9/build]   üê≥  docker pull image=crawlergpt:latest platform= username= forcePull=false
[59ca51de-398a-432d-b387-477561bd7cd9/build]   üê≥  docker create image=crawlergpt:latest platform= entrypoint=["tail" "-f" "/dev/null"] cmd=[]
[59ca51de-398a-432d-b387-477561bd7cd9/build]   üê≥  docker run image=crawlergpt:latest platform= entrypoint=["tail" "-f" "/dev/null"] cmd=[]
[59ca51de-398a-432d-b387-477561bd7cd9/build]   üê≥  docker exec cmd=[chown -R 1012:1013 /tmp/2c06e922-f9ce-408b-8e35-959b42fbaeb3] user=0 workdir=
[59ca51de-398a-432d-b387-477561bd7cd9/build] unable to get git ref: failed to identify reference (tag/branch) for the checked-out revision 'be801ddc33f38b9d34b10bec7b201d89b2f00fdc'
[59ca51de-398a-432d-b387-477561bd7cd9/build] unable to get git ref: failed to identify reference (tag/branch) for the checked-out revision 'be801ddc33f38b9d34b10bec7b201d89b2f00fdc'
[59ca51de-398a-432d-b387-477561bd7cd9/build] unable to get git ref: failed to identify reference (tag/branch) for the checked-out revision 'be801ddc33f38b9d34b10bec7b201d89b2f00fdc'
[59ca51de-398a-432d-b387-477561bd7cd9/build] unable to get git ref: failed to identify reference (tag/branch) for the checked-out revision 'be801ddc33f38b9d34b10bec7b201d89b2f00fdc'
[59ca51de-398a-432d-b387-477561bd7cd9/build] unable to get git ref: failed to identify reference (tag/branch) for the checked-out revision 'be801ddc33f38b9d34b10bec7b201d89b2f00fdc'
[59ca51de-398a-432d-b387-477561bd7cd9/build] unable to get git ref: failed to identify reference (tag/branch) for the checked-out revision 'be801ddc33f38b9d34b10bec7b201d89b2f00fdc'
[59ca51de-398a-432d-b387-477561bd7cd9/build] unable to get git ref: failed to identify reference (tag/branch) for the checked-out revision 'be801ddc33f38b9d34b10bec7b201d89b2f00fdc'
[59ca51de-398a-432d-b387-477561bd7cd9/build] unable to get git ref: failed to identify reference (tag/branch) for the checked-out revision 'be801ddc33f38b9d34b10bec7b201d89b2f00fdc'
[59ca51de-398a-432d-b387-477561bd7cd9/build] unable to get git ref: failed to identify reference (tag/branch) for the checked-out revision 'be801ddc33f38b9d34b10bec7b201d89b2f00fdc'
[59ca51de-398a-432d-b387-477561bd7cd9/build] ‚≠ê Run Main actions/checkout@v3
[59ca51de-398a-432d-b387-477561bd7cd9/build] unable to get git ref: failed to identify reference (tag/branch) for the checked-out revision 'be801ddc33f38b9d34b10bec7b201d89b2f00fdc'
[59ca51de-398a-432d-b387-477561bd7cd9/build]   ‚úÖ  Success - Main actions/checkout@v3
[59ca51de-398a-432d-b387-477561bd7cd9/build] unable to get git ref: failed to identify reference (tag/branch) for the checked-out revision 'be801ddc33f38b9d34b10bec7b201d89b2f00fdc'
[59ca51de-398a-432d-b387-477561bd7cd9/build] unable to get git ref: failed to identify reference (tag/branch) for the checked-out revision 'be801ddc33f38b9d34b10bec7b201d89b2f00fdc'
[59ca51de-398a-432d-b387-477561bd7cd9/build] unable to get git ref: failed to identify reference (tag/branch) for the checked-out revision 'be801ddc33f38b9d34b10bec7b201d89b2f00fdc'
[59ca51de-398a-432d-b387-477561bd7cd9/build] unable to get git ref: failed to identify reference (tag/branch) for the checked-out revision 'be801ddc33f38b9d34b10bec7b201d89b2f00fdc'
[59ca51de-398a-432d-b387-477561bd7cd9/build] unable to get git ref: failed to identify reference (tag/branch) for the checked-out revision 'be801ddc33f38b9d34b10bec7b201d89b2f00fdc'
[59ca51de-398a-432d-b387-477561bd7cd9/build] ‚≠ê Run Main Set up JDK 11
[59ca51de-398a-432d-b387-477561bd7cd9/build] unable to get git ref: failed to identify reference (tag/branch) for the checked-out revision 'be801ddc33f38b9d34b10bec7b201d89b2f00fdc'
[59ca51de-398a-432d-b387-477561bd7cd9/build] unable to get git ref: failed to identify reference (tag/branch) for the checked-out revision 'be801ddc33f38b9d34b10bec7b201d89b2f00fdc'
[59ca51de-398a-432d-b387-477561bd7cd9/build] unable to get git ref: failed to identify reference (tag/branch) for the checked-out revision 'be801ddc33f38b9d34b10bec7b201d89b2f00fdc'
[59ca51de-398a-432d-b387-477561bd7cd9/build]   üê≥  docker cp src=/tmp/act-cache/10f0f006-dfc0-4de1-bb05-eb660ce52cfe/act/actions-setup-java@v3/ dst=/var/run/act/actions/actions-setup-java@v3/
[59ca51de-398a-432d-b387-477561bd7cd9/build]   üê≥  docker exec cmd=[chown -R 1012:1013 /var/run/act/actions/actions-setup-java@v3/] user=0 workdir=
[59ca51de-398a-432d-b387-477561bd7cd9/build]   üê≥  docker exec cmd=[node /var/run/act/actions/actions-setup-java@v3/dist/setup/index.js] user= workdir=
[59ca51de-398a-432d-b387-477561bd7cd9/build]   ‚ùì  ::group::Installed distributions
[59ca51de-398a-432d-b387-477561bd7cd9/build]   | Trying to resolve the latest version from remote
[59ca51de-398a-432d-b387-477561bd7cd9/build]   | Resolved latest version as 11.0.19+7
[59ca51de-398a-432d-b387-477561bd7cd9/build]   | Trying to download...
[59ca51de-398a-432d-b387-477561bd7cd9/build]   | Downloading Java 11.0.19+7 (Temurin-Hotspot) from https://github.com/adoptium/temurin11-binaries/releases/download/jdk-11.0.19%2B7/OpenJDK11U-jdk_x64_linux_hotspot_11.0.19_7.tar.gz ...
[59ca51de-398a-432d-b387-477561bd7cd9/build]   üí¨  ::debug::Downloading https://github.com/adoptium/temurin11-binaries/releases/download/jdk-11.0.19%252B7/OpenJDK11U-jdk_x64_linux_hotspot_11.0.19_7.tar.gz
[59ca51de-398a-432d-b387-477561bd7cd9/build]   üí¨  ::debug::Destination /tmp/18113384-8f19-4822-a19a-2622c883cc83
[59ca51de-398a-432d-b387-477561bd7cd9/build]   üí¨  ::debug::download complete
[59ca51de-398a-432d-b387-477561bd7cd9/build]   | Extracting Java archive...
[59ca51de-398a-432d-b387-477561bd7cd9/build]   üí¨  ::debug::Checking tar --version
[59ca51de-398a-432d-b387-477561bd7cd9/build]   üí¨  ::debug::tar (GNU tar) 1.30%0ACopyright (C) 2017 Free Software Foundation, Inc.%0ALicense GPLv3+: GNU GPL version 3 or later <https://gnu.org/licenses/gpl.html>.%0AThis is free software: you are free to change and redistribute it.%0AThere is NO WARRANTY, to the extent permitted by law.%0A%0AWritten by John Gilmore and Jay Fenlason.
[59ca51de-398a-432d-b387-477561bd7cd9/build]   | [command]/usr/bin/tar xz --warning=no-unknown-keyword -C /tmp/9a9ebf94-cb1d-4dc9-92e8-b42688119e9d -f /tmp/18113384-8f19-4822-a19a-2622c883cc83
[59ca51de-398a-432d-b387-477561bd7cd9/build]   üí¨  ::debug::Caching tool Java_Temurin-Hotspot_jdk 11.0.19-7 x64
[59ca51de-398a-432d-b387-477561bd7cd9/build]   üí¨  ::debug::source dir: /tmp/9a9ebf94-cb1d-4dc9-92e8-b42688119e9d/jdk-11.0.19+7
[59ca51de-398a-432d-b387-477561bd7cd9/build]   üí¨  ::debug::destination /opt/hostedtoolcache/Java_Temurin-Hotspot_jdk/11.0.19-7/x64
[59ca51de-398a-432d-b387-477561bd7cd9/build]   üí¨  ::debug::finished caching tool
[59ca51de-398a-432d-b387-477561bd7cd9/build]   | Java 11.0.19+7 was downloaded
[59ca51de-398a-432d-b387-477561bd7cd9/build]   | Setting Java 11.0.19+7 as the default
[59ca51de-398a-432d-b387-477561bd7cd9/build]   | Creating toolchains.xml for JDK version 11 from temurin
[59ca51de-398a-432d-b387-477561bd7cd9/build]   | Writing to /home/runneradmin/.m2/toolchains.xml
[59ca51de-398a-432d-b387-477561bd7cd9/build]   | 
[59ca51de-398a-432d-b387-477561bd7cd9/build]   | Java configuration:
[59ca51de-398a-432d-b387-477561bd7cd9/build]   |   Distribution: temurin
[59ca51de-398a-432d-b387-477561bd7cd9/build]   |   Version: 11.0.19+7
[59ca51de-398a-432d-b387-477561bd7cd9/build]   |   Path: /opt/hostedtoolcache/Java_Temurin-Hotspot_jdk/11.0.19-7/x64
[59ca51de-398a-432d-b387-477561bd7cd9/build]   | 
[59ca51de-398a-432d-b387-477561bd7cd9/build]   ‚ùì  ::endgroup::
[59ca51de-398a-432d-b387-477561bd7cd9/build]   ‚ùì add-matcher /run/act/actions/actions-setup-java@v3/.github/java.json
[59ca51de-398a-432d-b387-477561bd7cd9/build]   | Creating settings.xml with server-id: github
[59ca51de-398a-432d-b387-477561bd7cd9/build]   | Writing to /home/runneradmin/.m2/settings.xml
[59ca51de-398a-432d-b387-477561bd7cd9/build]   üöß  ::warning::The runner was not able to contact the cache service. Caching will be skipped
[59ca51de-398a-432d-b387-477561bd7cd9/build]   ‚úÖ  Success - Main Set up JDK 11
[59ca51de-398a-432d-b387-477561bd7cd9/build]   ‚öô  ::set-env:: JAVA_HOME=/opt/hostedtoolcache/Java_Temurin-Hotspot_jdk/11.0.19-7/x64
[59ca51de-398a-432d-b387-477561bd7cd9/build]   ‚öô  ::set-env:: JAVA_HOME_11_X64=/opt/hostedtoolcache/Java_Temurin-Hotspot_jdk/11.0.19-7/x64
[59ca51de-398a-432d-b387-477561bd7cd9/build]   ‚öô  ::set-output:: version=11.0.19+7
[59ca51de-398a-432d-b387-477561bd7cd9/build]   ‚öô  ::set-output:: distribution=Temurin-Hotspot
[59ca51de-398a-432d-b387-477561bd7cd9/build]   ‚öô  ::set-output:: path=/opt/hostedtoolcache/Java_Temurin-Hotspot_jdk/11.0.19-7/x64
[59ca51de-398a-432d-b387-477561bd7cd9/build]   ‚öô  ::add-path:: /opt/hostedtoolcache/Java_Temurin-Hotspot_jdk/11.0.19-7/x64/bin
[59ca51de-398a-432d-b387-477561bd7cd9/build] unable to get git ref: failed to identify reference (tag/branch) for the checked-out revision 'be801ddc33f38b9d34b10bec7b201d89b2f00fdc'
[59ca51de-398a-432d-b387-477561bd7cd9/build] unable to get git ref: failed to identify reference (tag/branch) for the checked-out revision 'be801ddc33f38b9d34b10bec7b201d89b2f00fdc'
[59ca51de-398a-432d-b387-477561bd7cd9/build] unable to get git ref: failed to identify reference (tag/branch) for the checked-out revision 'be801ddc33f38b9d34b10bec7b201d89b2f00fdc'
[59ca51de-398a-432d-b387-477561bd7cd9/build] unable to get git ref: failed to identify reference (tag/branch) for the checked-out revision 'be801ddc33f38b9d34b10bec7b201d89b2f00fdc'
[59ca51de-398a-432d-b387-477561bd7cd9/build] unable to get git ref: failed to identify reference (tag/branch) for the checked-out revision 'be801ddc33f38b9d34b10bec7b201d89b2f00fdc'
[59ca51de-398a-432d-b387-477561bd7cd9/build] ‚≠ê Run Main Build with Maven
[59ca51de-398a-432d-b387-477561bd7cd9/build] unable to get git ref: failed to identify reference (tag/branch) for the checked-out revision 'be801ddc33f38b9d34b10bec7b201d89b2f00fdc'
[59ca51de-398a-432d-b387-477561bd7cd9/build] unable to get git ref: failed to identify reference (tag/branch) for the checked-out revision 'be801ddc33f38b9d34b10bec7b201d89b2f00fdc'
[59ca51de-398a-432d-b387-477561bd7cd9/build] unable to get git ref: failed to identify reference (tag/branch) for the checked-out revision 'be801ddc33f38b9d34b10bec7b201d89b2f00fdc'
[59ca51de-398a-432d-b387-477561bd7cd9/build] unable to get git ref: failed to identify reference (tag/branch) for the checked-out revision 'be801ddc33f38b9d34b10bec7b201d89b2f00fdc'
[59ca51de-398a-432d-b387-477561bd7cd9/build]   üê≥  docker exec cmd=[bash --noprofile --norc -e -o pipefail /var/run/act/workflow/2] user= workdir=
[59ca51de-398a-432d-b387-477561bd7cd9/build]   | [INFO] Scanning for projects...
[59ca51de-398a-432d-b387-477561bd7cd9/build]   | [INFO] Downloading from central: https://repo.maven.apache.org/maven2/org/sonatype/oss/oss-parent/7/oss-parent-7.pom
[59ca51de-398a-432d-b387-477561bd7cd9/build]   | [INFO] Downloaded from central: https://repo.maven.apache.org/maven2/org/sonatype/oss/oss-parent/7/oss-parent-7.pom (4.8 kB at 12 kB/s)
[59ca51de-398a-432d-b387-477561bd7cd9/build]   | [INFO] Downloading from central: https://repo.maven.apache.org/maven2/org/apache/maven/wagon/wagon-webdav/maven-metadata.xml
[59ca51de-398a-432d-b387-477561bd7cd9/build]   | [INFO] Downloaded from central: https://repo.maven.apache.org/maven2/org/apache/maven/wagon/wagon-webdav/maven-metadata.xml (392 B at 8.3 kB/s)
[59ca51de-398a-432d-b387-477561bd7cd9/build]   | [INFO] Downloading from central: https://repo.maven.apache.org/maven2/org/apache/maven/wagon/wagon-webdav/1.0-beta-2/wagon-webdav-1.0-beta-2.pom
[59ca51de-398a-432d-b387-477561bd7cd9/build]   | [INFO] Downloaded from central: https://repo.maven.apache.org/maven2/org/apache/maven/wagon/wagon-webdav/1.0-beta-2/wagon-webdav-1.0-beta-2.pom (1.5 kB at 15 kB/s)
[59ca51de-398a-432d-b387-477561bd7cd9/build]   | [INFO] Downloading from central: https://repo.maven.apache.org/maven2/org/apache/maven/wagon/wagon-providers/1.0-beta-2/wagon-providers-1.0-beta-2.pom
[59ca51de-398a-432d-b387-477561bd7cd9/build]   | [INFO] Downloaded from central: https://repo.maven.apache.org/maven2/org/apache/maven/wagon/wagon-providers/1.0-beta-2/wagon-providers-1.0-beta-2.pom (1.8 kB at 33 kB/s)
[59ca51de-398a-432d-b387-477561bd7cd9/build]   | [INFO] Downloading from central: https://repo.maven.apache.org/maven2/org/apache/maven/wagon/wagon/1.0-beta-2/wagon-1.0-beta-2.pom
[59ca51de-398a-432d-b387-477561bd7cd9/build]   | [INFO] Downloaded from central: https://repo.maven.apache.org/maven2/org/apache/maven/wagon/wagon/1.0-beta-2/wagon-1.0-beta-2.pom (5.9 kB at 128 kB/s)
[59ca51de-398a-432d-b387-477561bd7cd9/build]   | [INFO] Downloading from central: https://repo.maven.apache.org/maven2/org/apache/maven/maven-parent/4/maven-parent-4.pom
[59ca51de-398a-432d-b387-477561bd7cd9/build]   | [INFO] Downloaded from central: https://repo.maven.apache.org/maven2/org/apache/maven/maven-parent/4/maven-parent-4.pom (10.0 kB at 357 kB/s)
[59ca51de-398a-432d-b387-477561bd7cd9/build]   | [INFO] Downloading from central: https://repo.maven.apache.org/maven2/org/apache/apache/3/apache-3.pom
[59ca51de-398a-432d-b387-477561bd7cd9/build]   | [INFO] Downloaded from central: https://repo.maven.apache.org/maven2/org/apache/apache/3/apache-3.pom (3.4 kB at 49 kB/s)
[59ca51de-398a-432d-b387-477561bd7cd9/build]   | [INFO] Downloading from central: https://repo.maven.apache.org/maven2/org/apache/maven/wagon/wagon-webdav/1.0-beta-2/wagon-webdav-1.0-beta-2.jar
[59ca51de-398a-432d-b387-477561bd7cd9/build]   | [INFO] Downloaded from central: https://repo.maven.apache.org/maven2/org/apache/maven/wagon/wagon-webdav/1.0-beta-2/wagon-webdav-1.0-beta-2.jar (17 kB at 376 kB/s)
[59ca51de-398a-432d-b387-477561bd7cd9/build]   | [INFO] Downloading from central: https://repo.maven.apache.org/maven2/slide/slide-webdavlib/2.1/slide-webdavlib-2.1.pom
[59ca51de-398a-432d-b387-477561bd7cd9/build]   | [INFO] Downloaded from central: https://repo.maven.apache.org/maven2/slide/slide-webdavlib/2.1/slide-webdavlib-2.1.pom (648 B at 20 kB/s)
[59ca51de-398a-432d-b387-477561bd7cd9/build]   | [INFO] Downloading from central: https://repo.maven.apache.org/maven2/commons-httpclient/commons-httpclient/2.0.2/commons-httpclient-2.0.2.pom
[59ca51de-398a-432d-b387-477561bd7cd9/build]   | [INFO] Downloaded from central: https://repo.maven.apache.org/maven2/commons-httpclient/commons-httpclient/2.0.2/commons-httpclient-2.0.2.pom (7.1 kB at 151 kB/s)
[59ca51de-398a-432d-b387-477561bd7cd9/build]   | [INFO] Downloading from central: https://repo.maven.apache.org/maven2/commons-logging/commons-logging/1.0.3/commons-logging-1.0.3.pom
[59ca51de-398a-432d-b387-477561bd7cd9/build]   | [INFO] Downloaded from central: https://repo.maven.apache.org/maven2/commons-logging/commons-logging/1.0.3/commons-logging-1.0.3.pom (866 B at 43 kB/s)
[59ca51de-398a-432d-b387-477561bd7cd9/build]   | [INFO] Downloading from central: https://repo.maven.apache.org/maven2/jdom/jdom/1.0/jdom-1.0.pom
[59ca51de-398a-432d-b387-477561bd7cd9/build]   | [INFO] Downloaded from central: https://repo.maven.apache.org/maven2/jdom/jdom/1.0/jdom-1.0.pom (1.2 kB at 22 kB/s)
[59ca51de-398a-432d-b387-477561bd7cd9/build]   | [INFO] Downloading from central: https://repo.maven.apache.org/maven2/de/zeigermann/xml/xml-im-exporter/1.1/xml-im-exporter-1.1.pom
[59ca51de-398a-432d-b387-477561bd7cd9/build]   | [INFO] Downloaded from central: https://repo.maven.apache.org/maven2/de/zeigermann/xml/xml-im-exporter/1.1/xml-im-exporter-1.1.pom (248 B at 3.4 kB/s)
[59ca51de-398a-432d-b387-477561bd7cd9/build]   | [INFO] Downloading from central: https://repo.maven.apache.org/maven2/commons-logging/commons-logging/1.0.4/commons-logging-1.0.4.pom
[59ca51de-398a-432d-b387-477561bd7cd9/build]   | [INFO] Downloaded from central: https://repo.maven.apache.org/maven2/commons-logging/commons-logging/1.0.4/commons-logging-1.0.4.pom (5.3 kB at 125 kB/s)
[59ca51de-398a-432d-b387-477561bd7cd9/build]   | [INFO] Downloading from central: https://repo.maven.apache.org/maven2/org/apache/maven/wagon/wagon-provider-api/1.0-beta-2/wagon-provider-api-1.0-beta-2.pom
[59ca51de-398a-432d-b387-477561bd7cd9/build]   | [INFO] Downloaded from central: https://repo.maven.apache.org/maven2/org/apache/maven/wagon/wagon-provider-api/1.0-beta-2/wagon-provider-api-1.0-beta-2.pom (680 B at 12 kB/s)
[59ca51de-398a-432d-b387-477561bd7cd9/build]   | [INFO] Downloading from central: https://repo.maven.apache.org/maven2/org/codehaus/plexus/plexus-utils/1.0.4/plexus-utils-1.0.4.pom
[59ca51de-398a-432d-b387-477561bd7cd9/build]   | [INFO] Downloaded from central: https://repo.maven.apache.org/maven2/org/codehaus/plexus/plexus-utils/1.0.4/plexus-utils-1.0.4.pom (6.9 kB at 381 kB/s)
[59ca51de-398a-432d-b387-477561bd7cd9/build]   | [INFO] Downloading from central: https://repo.maven.apache.org/maven2/slide/slide-webdavlib/2.1/slide-webdavlib-2.1.jar
[59ca51de-398a-432d-b387-477561bd7cd9/build]   | [INFO] Downloading from central: https://repo.maven.apache.org/maven2/commons-httpclient/commons-httpclient/2.0.2/commons-httpclient-2.0.2.jar
[59ca51de-398a-432d-b387-477561bd7cd9/build]   | [INFO] Downloading from central: https://repo.maven.apache.org/maven2/jdom/jdom/1.0/jdom-1.0.jar
[59ca51de-398a-432d-b387-477561bd7cd9/build]   | [INFO] Downloading from central: https://repo.maven.apache.org/maven2/de/zeigermann/xml/xml-im-exporter/1.1/xml-im-exporter-1.1.jar
[59ca51de-398a-432d-b387-477561bd7cd9/build]   | [INFO] Downloading from central: https://repo.maven.apache.org/maven2/commons-logging/commons-logging/1.0.4/commons-logging-1.0.4.jar
[59ca51de-398a-432d-b387-477561bd7cd9/build]   | [INFO] Downloaded from central: https://repo.maven.apache.org/maven2/commons-httpclient/commons-httpclient/2.0.2/commons-httpclient-2.0.2.jar (225 kB at 3.6 MB/s)
[59ca51de-398a-432d-b387-477561bd7cd9/build]   | [INFO] Downloading from central: https://repo.maven.apache.org/maven2/org/apache/maven/wagon/wagon-provider-api/1.0-beta-2/wagon-provider-api-1.0-beta-2.jar
[59ca51de-398a-432d-b387-477561bd7cd9/build]   | [INFO] Downloaded from central: https://repo.maven.apache.org/maven2/jdom/jdom/1.0/jdom-1.0.jar (153 kB at 1.4 MB/s)
[59ca51de-398a-432d-b387-477561bd7cd9/build]   | [INFO] Downloading from central: https://repo.maven.apache.org/maven2/org/codehaus/plexus/plexus-utils/1.0.4/plexus-utils-1.0.4.jar
[59ca51de-398a-432d-b387-477561bd7cd9/build]   | [INFO] Downloaded from central: https://repo.maven.apache.org/maven2/org/apache/maven/wagon/wagon-provider-api/1.0-beta-2/wagon-provider-api-1.0-beta-2.jar (46 kB at 406 kB/s)
[59ca51de-398a-432d-b387-477561bd7cd9/build]   | [INFO] Downloaded from central: https://repo.maven.apache.org/maven2/slide/slide-webdavlib/2.1/slide-webdavlib-2.1.jar (173 kB at 900 kB/s)
[59ca51de-398a-432d-b387-477561bd7cd9/build]   | [INFO] Downloaded from central: https://repo.maven.apache.org/maven2/org/codehaus/plexus/plexus-utils/1.0.4/plexus-utils-1.0.4.jar (164 kB at 715 kB/s)
[59ca51de-398a-432d-b387-477561bd7cd9/build]   | [INFO] Downloaded from central: https://repo.maven.apache.org/maven2/de/zeigermann/xml/xml-im-exporter/1.1/xml-im-exporter-1.1.jar (24 kB at 89 kB/s)
[59ca51de-398a-432d-b387-477561bd7cd9/build]   | [INFO] Downloaded from central: https://repo.maven.apache.org/maven2/commons-logging/commons-logging/1.0.4/commons-logging-1.0.4.jar (38 kB at 111 kB/s)
[59ca51de-398a-432d-b387-477561bd7cd9/build]   | [INFO] 
[59ca51de-398a-432d-b387-477561bd7cd9/build]   | [INFO] ------------------------< org.jruby.joni:joni >-------------------------
[59ca51de-398a-432d-b387-477561bd7cd9/build]   | [INFO] Building Joni 2.1.26-SNAPSHOT
[59ca51de-398a-432d-b387-477561bd7cd9/build]   | [INFO] --------------------------------[ jar ]---------------------------------
[59ca51de-398a-432d-b387-477561bd7cd9/build]   | [INFO] Downloading from central: https://repo.maven.apache.org/maven2/org/apache/maven/plugins/maven-enforcer-plugin/1.0/maven-enforcer-plugin-1.0.pom
[59ca51de-398a-432d-b387-477561bd7cd9/build]   | [INFO] Downloaded from central: https://repo.maven.apache.org/maven2/org/apache/maven/plugins/maven-enforcer-plugin/1.0/maven-enforcer-plugin-1.0.pom (6.7 kB at 217 kB/s)
[59ca51de-398a-432d-b387-477561bd7cd9/build]   | [INFO] Downloading from central: https://repo.maven.apache.org/maven2/org/apache/maven/enforcer/enforcer/1.0/enforcer-1.0.pom
[59ca51de-398a-432d-b387-477561bd7cd9/build]   | [INFO] Downloaded from central: https://repo.maven.apache.org/maven2/org/apache/maven/enforcer/enforcer/1.0/enforcer-1.0.pom (12 kB at 311 kB/s)
[59ca51de-398a-432d-b387-477561bd7cd9/build]   | [INFO] Downloading from central: https://repo.maven.apache.org/maven2/org/apache/maven/maven-parent/17/maven-parent-17.pom
[59ca51de-398a-432d-b387-477561bd7cd9/build]   | [INFO] Downloaded from central: https://repo.maven.apache.org/maven2/org/apache/maven/maven-parent/17/maven-parent-17.pom (25 kB at 755 kB/s)
[59ca51de-398a-432d-b387-477561bd7cd9/build]   | [INFO] Downloading from central: https://repo.maven.apache.org/maven2/org/apache/apache/7/apache-7.pom
[59ca51de-398a-432d-b387-477561bd7cd9/build]   | [INFO] Downloaded from central: https://repo.maven.apache.org/maven2/org/apache/apache/7/apache-7.pom (14 kB at 1.4 MB/s)
[59ca51de-398a-432d-b387-477561bd7cd9/build]   | [INFO] Downloading from central: https://repo.maven.apache.org/maven2/org/apache/maven/plugins/maven-enforcer-plugin/1.0/maven-enforcer-plugin-1.0.jar
[59ca51de-398a-432d-b387-477561bd7cd9/build]   | [INFO] Downloaded from central: https://repo.maven.apache.org/maven2/org/apache/maven/plugins/maven-enforcer-plugin/1.0/maven-enforcer-plugin-1.0.jar (22 kB at 514 kB/s)
[59ca51de-398a-432d-b387-477561bd7cd9/build]   | [INFO] Downloading from central: https://repo.maven.apache.org/maven2/org/apache/maven/plugins/maven-compiler-plugin/3.8.0/maven-compiler-plugin-3.8.0.pom
[59ca51de-398a-432d-b387-477561bd7cd9/build]   | [INFO] Downloaded from central: https://repo.maven.apache.org/maven2/org/apache/maven/plugins/maven-compiler-plugin/3.8.0/maven-compiler-plugin-3.8.0.pom (12 kB at 303 kB/s)
[59ca51de-398a-432d-b387-477561bd7cd9/build]   | [INFO] Downloading from central: https://repo.maven.apache.org/maven2/org/apache/maven/plugins/maven-plugins/32/maven-plugins-32.pom
[59ca51de-398a-432d-b387-477561bd7cd9/build]   | [INFO] Downloaded from central: https://repo.maven.apache.org/maven2/org/apache/maven/plugins/maven-plugins/32/maven-plugins-32.pom (11 kB at 509 kB/s)
[59ca51de-398a-432d-b387-477561bd7cd9/build]   | [INFO] Downloading from central: https://repo.maven.apache.org/maven2/org/apache/maven/maven-parent/32/maven-parent-32.pom
[59ca51de-398a-432d-b387-477561bd7cd9/build]   | [INFO] Downloaded from central: https://repo.maven.apache.org/maven2/org/apache/maven/maven-parent/32/maven-parent-32.pom (43 kB at 963 kB/s)
[59ca51de-398a-432d-b387-477561bd7cd9/build]   | [INFO] Downloading from central: https://repo.maven.apache.org/maven2/org/apache/apache/20/apache-20.pom
[59ca51de-398a-432d-b387-477561bd7cd9/build]   | [INFO] Downloaded from central: https://repo.maven.apache.org/maven2/org/apache/apache/20/apache-20.pom (16 kB at 660 kB/s)
[59ca51de-398a-432d-b387-477561bd7cd9/build]   | [INFO] Downloading from central: https://repo.maven.apache.org/maven2/org/apache/maven/plugins/maven-compiler-plugin/3.8.0/maven-compiler-plugin-3.8.0.jar
[59ca51de-398a-432d-b387-477561bd7cd9/build]   | [INFO] Downloaded from central: https://repo.maven.apache.org/maven2/org/apache/maven/plugins/maven-compiler-plugin/3.8.0/maven-compiler-plugin-3.8.0.jar (62 kB at 1.1 MB/s)
[59ca51de-398a-432d-b387-477561bd7cd9/build]   | [INFO] Downloading from central: https://repo.maven.apache.org/maven2/org/apache/maven/plugins/maven-source-plugin/2.2.1/maven-source-plugin-2.2.1.pom
[59ca51de-398a-432d-b387-477561bd7cd9/build]   | [INFO] Downloaded from central: https://repo.maven.apache.org/maven2/org/apache/maven/plugins/maven-source-plugin/2.2.1/maven-source-plugin-2.2.1.pom (6.7 kB at 334 kB/s)
[59ca51de-398a-432d-b387-477561bd7cd9/build]   | [INFO] Downloading from central: https://repo.maven.apache.org/maven2/org/apache/maven/plugins/maven-plugins/23/maven-plugins-23.pom
[59ca51de-398a-432d-b387-477561bd7cd9/build]   | [INFO] Downloaded from central: https://repo.maven.apache.org/maven2/org/apache/maven/plugins/maven-plugins/23/maven-plugins-23.pom (9.2 kB at 836 kB/s)
[59ca51de-398a-432d-b387-477561bd7cd9/build]   | [INFO] Downloading from central: https://repo.maven.apache.org/maven2/org/apache/maven/maven-parent/22/maven-parent-22.pom
[59ca51de-398a-432d-b387-477561bd7cd9/build]   | [INFO] Downloaded from central: https://repo.maven.apache.org/maven2/org/apache/maven/maven-parent/22/maven-parent-22.pom (30 kB at 1.6 MB/s)
[59ca51de-398a-432d-b387-477561bd7cd9/build]   | [INFO] Downloading from central: https://repo.maven.apache.org/maven2/org/apache/apache/11/apache-11.pom
[59ca51de-398a-432d-b387-477561bd7cd9/build]   | [INFO] Downloaded from central: https://repo.maven.apache.org/maven2/org/apache/apache/11/apache-11.pom (15 kB at 1.3 MB/s)
[59ca51de-398a-432d-b387-477561bd7cd9/build]   | [INFO] Downloading from central: https://repo.maven.apache.org/maven2/org/apache/maven/plugins/maven-source-plugin/2.2.1/maven-source-plugin-2.2.1.jar
[59ca51de-398a-432d-b387-477561bd7cd9/build]   | [INFO] Downloaded from central: https://repo.maven.apache.org/maven2/org/apache/maven/plugins/maven-source-plugin/2.2.1/maven-source-plugin-2.2.1.jar (30 kB at 1.0 MB/s)
[59ca51de-398a-432d-b387-477561bd7cd9/build]   | [INFO] Downloading from central: https://repo.maven.apache.org/maven2/org/apache/maven/plugins/maven-javadoc-plugin/3.0.1/maven-javadoc-plugin-3.0.1.pom
[59ca51de-398a-432d-b387-477561bd7cd9/build]   | [INFO] Downloaded from central: https://repo.maven.apache.org/maven2/org/apache/maven/plugins/maven-javadoc-plugin/3.0.1/maven-javadoc-plugin-3.0.1.pom (19 kB at 946 kB/s)
[59ca51de-398a-432d-b387-477561bd7cd9/build]   | [INFO] Downloading from central: https://repo.maven.apache.org/maven2/org/apache/maven/plugins/maven-plugins/31/maven-plugins-31.pom
[59ca51de-398a-432d-b387-477561bd7cd9/build]   | [INFO] Downloaded from central: https://repo.maven.apache.org/maven2/org/apache/maven/plugins/maven-plugins/31/maven-plugins-31.pom (10 kB at 945 kB/s)
[59ca51de-398a-432d-b387-477561bd7cd9/build]   | [INFO] Downloading from central: https://repo.maven.apache.org/maven2/org/apache/maven/maven-parent/31/maven-parent-31.pom
[59ca51de-398a-432d-b387-477561bd7cd9/build]   | [INFO] Downloaded from central: https://repo.maven.apache.org/maven2/org/apache/maven/maven-parent/31/maven-parent-31.pom (43 kB at 2.1 MB/s)
[59ca51de-398a-432d-b387-477561bd7cd9/build]   | [INFO] Downloading from central: https://repo.maven.apache.org/maven2/org/apache/apache/19/apache-19.pom
[59ca51de-398a-432d-b387-477561bd7cd9/build]   | [INFO] Downloaded from central: https://repo.maven.apache.org/maven2/org/apache/apache/19/apache-19.pom (15 kB at 58 kB/s)
[59ca51de-398a-432d-b387-477561bd7cd9/build]   | [INFO] Downloading from central: https://repo.maven.apache.org/maven2/org/apache/maven/plugins/maven-javadoc-plugin/3.0.1/maven-javadoc-plugin-3.0.1.jar
[59ca51de-398a-432d-b387-477561bd7cd9/build]   | [INFO] Downloaded from central: https://repo.maven.apache.org/maven2/org/apache/maven/plugins/maven-javadoc-plugin/3.0.1/maven-javadoc-plugin-3.0.1.jar (421 kB at 2.5 MB/s)
[59ca51de-398a-432d-b387-477561bd7cd9/build]   | [INFO] Downloading from central: https://repo.maven.apache.org/maven2/org/apache/maven/plugins/maven-resources-plugin/2.6/maven-resources-plugin-2.6.pom
[59ca51de-398a-432d-b387-477561bd7cd9/build]   | [INFO] Downloaded from central: https://repo.maven.apache.org/maven2/org/apache/maven/plugins/maven-resources-plugin/2.6/maven-resources-plugin-2.6.pom (8.1 kB at 541 kB/s)
[59ca51de-398a-432d-b387-477561bd7cd9/build]   | [INFO] Downloading from central: https://repo.maven.apache.org/maven2/org/apache/maven/plugins/maven-resources-plugin/2.6/maven-resources-plugin-2.6.jar
[59ca51de-398a-432d-b387-477561bd7cd9/build]   | [INFO] Downloaded from central: https://repo.maven.apache.org/maven2/org/apache/maven/plugins/maven-resources-plugin/2.6/maven-resources-plugin-2.6.jar (30 kB at 1.3 MB/s)
[59ca51de-398a-432d-b387-477561bd7cd9/build]   | [INFO] Downloading from central: https://repo.maven.apache.org/maven2/org/apache/maven/plugins/maven-surefire-plugin/2.22.0/maven-surefire-plugin-2.22.0.pom
[59ca51de-398a-432d-b387-477561bd7cd9/build]   | [INFO] Downloaded from central: https://repo.maven.apache.org/maven2/org/apache/maven/plugins/maven-surefire-plugin/2.22.0/maven-surefire-plugin-2.22.0.pom (5.0 kB at 240 kB/s)
[59ca51de-398a-432d-b387-477561bd7cd9/build]   | [INFO] Downloading from central: https://repo.maven.apache.org/maven2/org/apache/maven/surefire/surefire/2.22.0/surefire-2.22.0.pom
[59ca51de-398a-432d-b387-477561bd7cd9/build]   | [INFO] Downloaded from central: https://repo.maven.apache.org/maven2/org/apache/maven/surefire/surefire/2.22.0/surefire-2.22.0.pom (27 kB at 828 kB/s)
[59ca51de-398a-432d-b387-477561bd7cd9/build]   | [INFO] Downloading from central: https://repo.maven.apache.org/maven2/org/apache/maven/plugins/maven-surefire-plugin/2.22.0/maven-surefire-plugin-2.22.0.jar
[59ca51de-398a-432d-b387-477561bd7cd9/build]   | [INFO] Downloaded from central: https://repo.maven.apache.org/maven2/org/apache/maven/plugins/maven-surefire-plugin/2.22.0/maven-surefire-plugin-2.22.0.jar (41 kB at 617 kB/s)
[59ca51de-398a-432d-b387-477561bd7cd9/build]   | [INFO] Downloading from central: https://repo.maven.apache.org/maven2/org/apache/maven/plugins/maven-jar-plugin/2.2/maven-jar-plugin-2.2.pom
[59ca51de-398a-432d-b387-477561bd7cd9/build]   | [INFO] Downloaded from central: https://repo.maven.apache.org/maven2/org/apache/maven/plugins/maven-jar-plugin/2.2/maven-jar-plugin-2.2.pom (8.6 kB at 357 kB/s)
[59ca51de-398a-432d-b387-477561bd7cd9/build]   | [INFO] Downloading from central: https://repo.maven.apache.org/maven2/org/apache/maven/plugins/maven-plugins/10/maven-plugins-10.pom
[59ca51de-398a-432d-b387-477561bd7cd9/build]   | [INFO] Downloaded from central: https://repo.maven.apache.org/maven2/org/apache/maven/plugins/maven-plugins/10/maven-plugins-10.pom (7.5 kB at 324 kB/s)
[59ca51de-398a-432d-b387-477561bd7cd9/build]   | [INFO] Downloading from central: https://repo.maven.apache.org/maven2/org/apache/maven/maven-parent/7/maven-parent-7.pom
[59ca51de-398a-432d-b387-477561bd7cd9/build]   | [INFO] Downloaded from central: https://repo.maven.apache.org/maven2/org/apache/maven/maven-parent/7/maven-parent-7.pom (21 kB at 159 kB/s)
[59ca51de-398a-432d-b387-477561bd7cd9/build]   | [INFO] Downloading from central: https://repo.maven.apache.org/maven2/org/apache/apache/4/apache-4.pom
[59ca51de-398a-432d-b387-477561bd7cd9/build]   | [INFO] Downloaded from central: https://repo.maven.apache.org/maven2/org/apache/apache/4/apache-4.pom (4.5 kB at 166 kB/s)
[59ca51de-398a-432d-b387-477561bd7cd9/build]   | [INFO] Downloading from central: https://repo.maven.apache.org/maven2/org/apache/maven/plugins/maven-jar-plugin/2.2/maven-jar-plugin-2.2.jar
[59ca51de-398a-432d-b387-477561bd7cd9/build]   | [INFO] Downloaded from central: https://repo.maven.apache.org/maven2/org/apache/maven/plugins/maven-jar-plugin/2.2/maven-jar-plugin-2.2.jar (27 kB at 232 kB/s)
[59ca51de-398a-432d-b387-477561bd7cd9/build]   | [INFO] Downloading from central: https://repo.maven.apache.org/maven2/org/jruby/jcodings/jcodings/1.0.43/jcodings-1.0.43.pom
[59ca51de-398a-432d-b387-477561bd7cd9/build]   | [INFO] Downloaded from central: https://repo.maven.apache.org/maven2/org/jruby/jcodings/jcodings/1.0.43/jcodings-1.0.43.pom (5.1 kB at 21 kB/s)
[59ca51de-398a-432d-b387-477561bd7cd9/build]   | [INFO] Downloading from central: https://repo.maven.apache.org/maven2/junit/junit/4.12/junit-4.12.pom
[59ca51de-398a-432d-b387-477561bd7cd9/build]   | [INFO] Downloaded from central: https://repo.maven.apache.org/maven2/junit/junit/4.12/junit-4.12.pom (24 kB at 32 kB/s)
[59ca51de-398a-432d-b387-477561bd7cd9/build]   | [INFO] Downloading from central: https://repo.maven.apache.org/maven2/org/hamcrest/hamcrest-core/1.3/hamcrest-core-1.3.pom
[59ca51de-398a-432d-b387-477561bd7cd9/build]   | [INFO] Downloaded from central: https://repo.maven.apache.org/maven2/org/hamcrest/hamcrest-core/1.3/hamcrest-core-1.3.pom (766 B at 17 kB/s)
[59ca51de-398a-432d-b387-477561bd7cd9/build]   | [INFO] Downloading from central: https://repo.maven.apache.org/maven2/org/hamcrest/hamcrest-parent/1.3/hamcrest-parent-1.3.pom
[59ca51de-398a-432d-b387-477561bd7cd9/build]   | [INFO] Downloaded from central: https://repo.maven.apache.org/maven2/org/hamcrest/hamcrest-parent/1.3/hamcrest-parent-1.3.pom (2.0 kB at 6.2 kB/s)
[59ca51de-398a-432d-b387-477561bd7cd9/build]   | [INFO] Downloading from central: https://repo.maven.apache.org/maven2/org/ow2/asm/asm/6.2.1/asm-6.2.1.pom
[59ca51de-398a-432d-b387-477561bd7cd9/build]   | [INFO] Downloaded from central: https://repo.maven.apache.org/maven2/org/ow2/asm/asm/6.2.1/asm-6.2.1.pom (2.9 kB at 74 kB/s)
[59ca51de-398a-432d-b387-477561bd7cd9/build]   | [INFO] Downloading from central: https://repo.maven.apache.org/maven2/org/ow2/ow2/1.5/ow2-1.5.pom
[59ca51de-398a-432d-b387-477561bd7cd9/build]   | [INFO] Downloaded from central: https://repo.maven.apache.org/maven2/org/ow2/ow2/1.5/ow2-1.5.pom (11 kB at 212 kB/s)
[59ca51de-398a-432d-b387-477561bd7cd9/build]   | [INFO] Downloading from central: https://repo.maven.apache.org/maven2/org/jruby/jcodings/jcodings/1.0.43/jcodings-1.0.43.jar
[59ca51de-398a-432d-b387-477561bd7cd9/build]   | [INFO] Downloading from central: https://repo.maven.apache.org/maven2/junit/junit/4.12/junit-4.12.jar
[59ca51de-398a-432d-b387-477561bd7cd9/build]   | [INFO] Downloading from central: https://repo.maven.apache.org/maven2/org/hamcrest/hamcrest-core/1.3/hamcrest-core-1.3.jar
[59ca51de-398a-432d-b387-477561bd7cd9/build]   | [INFO] Downloading from central: https://repo.maven.apache.org/maven2/org/ow2/asm/asm/6.2.1/asm-6.2.1.jar
[59ca51de-398a-432d-b387-477561bd7cd9/build]   | [INFO] Downloaded from central: https://repo.maven.apache.org/maven2/org/hamcrest/hamcrest-core/1.3/hamcrest-core-1.3.jar (45 kB at 127 kB/s)
[59ca51de-398a-432d-b387-477561bd7cd9/build]   | [INFO] Downloaded from central: https://repo.maven.apache.org/maven2/org/ow2/asm/asm/6.2.1/asm-6.2.1.jar (113 kB at 112 kB/s)
[59ca51de-398a-432d-b387-477561bd7cd9/build]   | [INFO] Downloaded from central: https://repo.maven.apache.org/maven2/junit/junit/4.12/junit-4.12.jar (315 kB at 66 kB/s)
[59ca51de-398a-432d-b387-477561bd7cd9/build]   | [INFO] Downloaded from central: https://repo.maven.apache.org/maven2/org/jruby/jcodings/jcodings/1.0.43/jcodings-1.0.43.jar (1.7 MB at 242 kB/s)
[59ca51de-398a-432d-b387-477561bd7cd9/build]   | [INFO] 
[59ca51de-398a-432d-b387-477561bd7cd9/build]   | [INFO] --- maven-enforcer-plugin:1.0:enforce (enforce-maven) @ joni ---
[59ca51de-398a-432d-b387-477561bd7cd9/build]   | [INFO] Downloading from central: https://repo.maven.apache.org/maven2/org/apache/maven/maven-artifact/2.0.9/maven-artifact-2.0.9.pom
[59ca51de-398a-432d-b387-477561bd7cd9/build]   | [INFO] Downloaded from central: https://repo.maven.apache.org/maven2/org/apache/maven/maven-artifact/2.0.9/maven-artifact-2.0.9.pom (1.6 kB at 30 kB/s)
[59ca51de-398a-432d-b387-477561bd7cd9/build]   | [INFO] Downloading from central: https://repo.maven.apache.org/maven2/org/apache/maven/maven/2.0.9/maven-2.0.9.pom
[59ca51de-398a-432d-b387-477561bd7cd9/build]   | [INFO] Downloaded from central: https://repo.maven.apache.org/maven2/org/apache/maven/maven/2.0.9/maven-2.0.9.pom (19 kB at 210 kB/s)
[59ca51de-398a-432d-b387-477561bd7cd9/build]   | [INFO] Downloading from central: https://repo.maven.apache.org/maven2/org/apache/maven/maven-parent/8/maven-parent-8.pom
[59ca51de-398a-432d-b387-477561bd7cd9/build]   | [INFO] Downloaded from central: https://repo.maven.apache.org/maven2/org/apache/maven/maven-parent/8/maven-parent-8.pom (24 kB at 214 kB/s)
[59ca51de-398a-432d-b387-477561bd7cd9/build]   | [INFO] Downloading from central: https://repo.maven.apache.org/maven2/org/codehaus/plexus/plexus-utils/1.5.8/plexus-utils-1.5.8.pom
[59ca51de-398a-432d-b387-477561bd7cd9/build]   | [INFO] Downloaded from central: https://repo.maven.apache.org/maven2/org/codehaus/plexus/plexus-utils/1.5.8/plexus-utils-1.5.8.pom (8.1 kB at 197 kB/s)
[59ca51de-398a-432d-b387-477561bd7cd9/build]   | [INFO] Downloading from central: https://repo.maven.apache.org/maven2/org/codehaus/plexus/plexus/2.0.2/plexus-2.0.2.pom
[59ca51de-398a-432d-b387-477561bd7cd9/build]   | [INFO] Downloaded from central: https://repo.maven.apache.org/maven2/org/codehaus/plexus/plexus/2.0.2/plexus-2.0.2.pom (12 kB at 204 kB/s)
[59ca51de-398a-432d-b387-477561bd7cd9/build]   | [INFO] Downloading from central: https://repo.maven.apache.org/maven2/org/apache/maven/maven-plugin-api/2.0.9/maven-plugin-api-2.0.9.pom
[59ca51de-398a-432d-b387-477561bd7cd9/build]   | [INFO] Downloaded from central: https://repo.maven.apache.org/maven2/org/apache/maven/maven-plugin-api/2.0.9/maven-plugin-api-2.0.9.pom (1.5 kB at 47 kB/s)
[59ca51de-398a-432d-b387-477561bd7cd9/build]   | [INFO] Downloading from central: https://repo.maven.apache.org/maven2/org/apache/maven/maven-project/2.0.9/maven-project-2.0.9.pom
[59ca51de-398a-432d-b387-477561bd7cd9/build]   | [INFO] Downloaded from central: https://repo.maven.apache.org/maven2/org/apache/maven/maven-project/2.0.9/maven-project-2.0.9.pom (2.7 kB at 48 kB/s)
[59ca51de-398a-432d-b387-477561bd7cd9/build]   | [INFO] Downloading from central: https://repo.maven.apache.org/maven2/org/apache/maven/maven-settings/2.0.9/maven-settings-2.0.9.pom
[59ca51de-398a-432d-b387-477561bd7cd9/build]   | [INFO] Downloaded from central: https://repo.maven.apache.org/maven2/org/apache/maven/maven-settings/2.0.9/maven-settings-2.0.9.pom (2.1 kB at 6.0 kB/s)
[59ca51de-398a-432d-b387-477561bd7cd9/build]   | [INFO] Downloading from central: https://repo.maven.apache.org/maven2/org/apache/maven/maven-model/2.0.9/maven-model-2.0.9.pom
[59ca51de-398a-432d-b387-477561bd7cd9/build]   | [INFO] Downloaded from central: https://repo.maven.apache.org/maven2/org/apache/maven/maven-model/2.0.9/maven-model-2.0.9.pom (3.1 kB at 46 kB/s)
[59ca51de-398a-432d-b387-477561bd7cd9/build]   | [INFO] Downloading from central: https://repo.maven.apache.org/maven2/org/codehaus/plexus/plexus-container-default/1.0-alpha-9-stable-1/plexus-container-default-1.0-alpha-9-stable-1.pom
[59ca51de-398a-432d-b387-477561bd7cd9/build]   | [INFO] Downloaded from central: https://repo.maven.apache.org/maven2/org/codehaus/plexus/plexus-container-default/1.0-alpha-9-stable-1/plexus-container-default-1.0-alpha-9-stable-1.pom (3.9 kB at 107 kB/s)
[59ca51de-398a-432d-b387-477561bd7cd9/build]   | [INFO] Downloading from central: https://repo.maven.apache.org/maven2/org/codehaus/plexus/plexus-containers/1.0.3/plexus-containers-1.0.3.pom
[59ca51de-398a-432d-b387-477561bd7cd9/build]   | [INFO] Downloaded from central: https://repo.maven.apache.org/maven2/org/codehaus/plexus/plexus-containers/1.0.3/plexus-containers-1.0.3.pom (492 B at 25 kB/s)
[59ca51de-398a-432d-b387-477561bd7cd9/build]   | [INFO] Downloading from central: https://repo.maven.apache.org/maven2/org/codehaus/plexus/plexus/1.0.4/plexus-1.0.4.pom
[59ca51de-398a-432d-b387-477561bd7cd9/build]   | [INFO] Downloaded from central: https://repo.maven.apache.org/maven2/org/codehaus/plexus/plexus/1.0.4/plexus-1.0.4.pom (5.7 kB at 44 kB/s)
[59ca51de-398a-432d-b387-477561bd7cd9/build]   | [INFO] Downloading from central: https://repo.maven.apache.org/maven2/junit/junit/3.8.2/junit-3.8.2.pom
[59ca51de-398a-432d-b387-477561bd7cd9/build]   | [INFO] Downloaded from central: https://repo.maven.apache.org/maven2/junit/junit/3.8.2/junit-3.8.2.pom (747 B at 28 kB/s)
[59ca51de-398a-432d-b387-477561bd7cd9/build]   | [INFO] Downloading from central: https://repo.maven.apache.org/maven2/classworlds/classworlds/1.1-alpha-2/classworlds-1.1-alpha-2.pom
[59ca51de-398a-432d-b387-477561bd7cd9/build]   | [INFO] Downloaded from central: https://repo.maven.apache.org/maven2/classworlds/classworlds/1.1-alpha-2/classworlds-1.1-alpha-2.pom (3.1 kB at 46 kB/s)
[59ca51de-398a-432d-b387-477561bd7cd9/build]   | [INFO] Downloading from central: https://repo.maven.apache.org/maven2/org/apache/maven/maven-profile/2.0.9/maven-profile-2.0.9.pom
[59ca51de-398a-432d-b387-477561bd7cd9/build]   | [INFO] Downloaded from central: https://repo.maven.apache.org/maven2/org/apache/maven/maven-profile/2.0.9/maven-profile-2.0.9.pom (2.0 kB at 82 kB/s)
[59ca51de-398a-432d-b387-477561bd7cd9/build]   | [INFO] Downloading from central: https://repo.maven.apache.org/maven2/org/apache/maven/maven-artifact-manager/2.0.9/maven-artifact-manager-2.0.9.pom
[59ca51de-398a-432d-b387-477561bd7cd9/build]   | [INFO] Downloaded from central: https://repo.maven.apache.org/maven2/org/apache/maven/maven-artifact-manager/2.0.9/maven-artifact-manager-2.0.9.pom (2.7 kB at 104 kB/s)
[59ca51de-398a-432d-b387-477561bd7cd9/build]   | [INFO] Downloading from central: https://repo.maven.apache.org/maven2/org/apache/maven/maven-repository-metadata/2.0.9/maven-repository-metadata-2.0.9.pom
[59ca51de-398a-432d-b387-477561bd7cd9/build]   | [INFO] Downloaded from central: https://repo.maven.apache.org/maven2/org/apache/maven/maven-repository-metadata/2.0.9/maven-repository-metadata-2.0.9.pom (1.9 kB at 79 kB/s)
[59ca51de-398a-432d-b387-477561bd7cd9/build]   | [INFO] Downloading from central: https://repo.maven.apache.org/maven2/org/apache/maven/maven-plugin-registry/2.0.9/maven-plugin-registry-2.0.9.pom
[59ca51de-398a-432d-b387-477561bd7cd9/build]   | [INFO] Downloaded from central: https://repo.maven.apache.org/maven2/org/apache/maven/maven-plugin-registry/2.0.9/maven-plugin-registry-2.0.9.pom (2.0 kB at 68 kB/s)
[59ca51de-398a-432d-b387-477561bd7cd9/build]   | [INFO] Downloading from central: https://repo.maven.apache.org/maven2/org/apache/maven/maven-core/2.0.9/maven-core-2.0.9.pom
[59ca51de-398a-432d-b387-477561bd7cd9/build]   | [INFO] Downloaded from central: https://repo.maven.apache.org/maven2/org/apache/maven/maven-core/2.0.9/maven-core-2.0.9.pom (7.8 kB at 222 kB/s)
[59ca51de-398a-432d-b387-477561bd7cd9/build]   | [INFO] Downloading from central: https://repo.maven.apache.org/maven2/org/apache/maven/maven-plugin-parameter-documenter/2.0.9/maven-plugin-parameter-documenter-2.0.9.pom
[59ca51de-398a-432d-b387-477561bd7cd9/build]   | [INFO] Downloaded from central: https://repo.maven.apache.org/maven2/org/apache/maven/maven-plugin-parameter-documenter/2.0.9/maven-plugin-parameter-documenter-2.0.9.pom (2.0 kB at 76 kB/s)
[59ca51de-398a-432d-b387-477561bd7cd9/build]   | [INFO] Downloading from central: https://repo.maven.apache.org/maven2/org/apache/maven/reporting/maven-reporting-api/2.0.9/maven-reporting-api-2.0.9.pom
[59ca51de-398a-432d-b387-477561bd7cd9/build]   | [INFO] Downloaded from central: https://repo.maven.apache.org/maven2/org/apache/maven/reporting/maven-reporting-api/2.0.9/maven-reporting-api-2.0.9.pom (1.8 kB at 75 kB/s)
[59ca51de-398a-432d-b387-477561bd7cd9/build]   | [INFO] Downloading from central: https://repo.maven.apache.org/maven2/org/apache/maven/reporting/maven-reporting/2.0.9/maven-reporting-2.0.9.pom
[59ca51de-398a-432d-b387-477561bd7cd9/build]   | [INFO] Downloaded from central: https://repo.maven.apache.org/maven2/org/apache/maven/reporting/maven-reporting/2.0.9/maven-reporting-2.0.9.pom (1.5 kB at 18 kB/s)
[59ca51de-398a-432d-b387-477561bd7cd9/build]   | [INFO] Downloading from central: https://repo.maven.apache.org/maven2/org/apache/maven/doxia/doxia-sink-api/1.0-alpha-10/doxia-sink-api-1.0-alpha-10.pom
[59ca51de-398a-432d-b387-477561bd7cd9/build]   | [INFO] Downloaded from central: https://repo.maven.apache.org/maven2/org/apache/maven/doxia/doxia-sink-api/1.0-alpha-10/doxia-sink-api-1.0-alpha-10.pom (1.3 kB at 43 kB/s)
[59ca51de-398a-432d-b387-477561bd7cd9/build]   | [INFO] Downloading from central: https://repo.maven.apache.org/maven2/org/apache/maven/doxia/doxia/1.0-alpha-10/doxia-1.0-alpha-10.pom
[59ca51de-398a-432d-b387-477561bd7cd9/build]   | [INFO] Downloaded from central: https://repo.maven.apache.org/maven2/org/apache/maven/doxia/doxia/1.0-alpha-10/doxia-1.0-alpha-10.pom (9.2 kB at 218 kB/s)
[59ca51de-398a-432d-b387-477561bd7cd9/build]   | [INFO] Downloading from central: https://repo.maven.apache.org/maven2/org/apache/maven/maven-parent/6/maven-parent-6.pom
[59ca51de-398a-432d-b387-477561bd7cd9/build]   | [INFO] Downloaded from central: https://repo.maven.apache.org/maven2/org/apache/maven/maven-parent/6/maven-parent-6.pom (20 kB at 166 kB/s)
[59ca51de-398a-432d-b387-477561bd7cd9/build]   | [INFO] Downloading from central: https://repo.maven.apache.org/maven2/org/apache/maven/maven-error-diagnostics/2.0.9/maven-error-diagnostics-2.0.9.pom
[59ca51de-398a-432d-b387-477561bd7cd9/build]   | [INFO] Downloaded from central: https://repo.maven.apache.org/maven2/org/apache/maven/maven-error-diagnostics/2.0.9/maven-error-diagnostics-2.0.9.pom (1.7 kB at 32 kB/s)
[59ca51de-398a-432d-b387-477561bd7cd9/build]   | [INFO] Downloading from central: https://repo.maven.apache.org/maven2/commons-cli/commons-cli/1.0/commons-cli-1.0.pom
[59ca51de-398a-432d-b387-477561bd7cd9/build]   | [INFO] Downloaded from central: https://repo.maven.apache.org/maven2/commons-cli/commons-cli/1.0/commons-cli-1.0.pom (2.1 kB at 111 kB/s)
[59ca51de-398a-432d-b387-477561bd7cd9/build]   | [INFO] Downloading from central: https://repo.maven.apache.org/maven2/org/apache/maven/maven-plugin-descriptor/2.0.9/maven-plugin-descriptor-2.0.9.pom
[59ca51de-398a-432d-b387-477561bd7cd9/build]   | [INFO] Downloaded from central: https://repo.maven.apache.org/maven2/org/apache/maven/maven-plugin-descriptor/2.0.9/maven-plugin-descriptor-2.0.9.pom (2.1 kB at 80 kB/s)
[59ca51de-398a-432d-b387-477561bd7cd9/build]   | [INFO] Downloading from central: https://repo.maven.apache.org/maven2/org/codehaus/plexus/plexus-interactivity-api/1.0-alpha-4/plexus-interactivity-api-1.0-alpha-4.pom
[59ca51de-398a-432d-b387-477561bd7cd9/build]   | [INFO] Downloaded from central: https://repo.maven.apache.org/maven2/org/codehaus/plexus/plexus-interactivity-api/1.0-alpha-4/plexus-interactivity-api-1.0-alpha-4.pom (7.1 kB at 209 kB/s)
[59ca51de-398a-432d-b387-477561bd7cd9/build]   | [INFO] Downloading from central: https://repo.maven.apache.org/maven2/org/apache/maven/maven-monitor/2.0.9/maven-monitor-2.0.9.pom
[59ca51de-398a-432d-b387-477561bd7cd9/build]   | [INFO] Downloaded from central: https://repo.maven.apache.org/maven2/org/apache/maven/maven-monitor/2.0.9/maven-monitor-2.0.9.pom (1.3 kB at 56 kB/s)
[59ca51de-398a-432d-b387-477561bd7cd9/build]   | [INFO] Downloading from central: https://repo.maven.apache.org/maven2/classworlds/classworlds/1.1/classworlds-1.1.pom
[59ca51de-398a-432d-b387-477561bd7cd9/build]   | [INFO] Downloaded from central: https://repo.maven.apache.org/maven2/classworlds/classworlds/1.1/classworlds-1.1.pom (3.3 kB at 39 kB/s)
[59ca51de-398a-432d-b387-477561bd7cd9/build]   | [INFO] Downloading from central: https://repo.maven.apache.org/maven2/commons-lang/commons-lang/2.3/commons-lang-2.3.pom
[59ca51de-398a-432d-b387-477561bd7cd9/build]   | [INFO] Downloaded from central: https://repo.maven.apache.org/maven2/commons-lang/commons-lang/2.3/commons-lang-2.3.pom (11 kB at 198 kB/s)
[59ca51de-398a-432d-b387-477561bd7cd9/build]   | [INFO] Downloading from central: https://repo.maven.apache.org/maven2/org/apache/maven/enforcer/enforcer-api/1.0/enforcer-api-1.0.pom
[59ca51de-398a-432d-b387-477561bd7cd9/build]   | [INFO] Downloaded from central: https://repo.maven.apache.org/maven2/org/apache/maven/enforcer/enforcer-api/1.0/enforcer-api-1.0.pom (3.3 kB at 121 kB/s)
[59ca51de-398a-432d-b387-477561bd7cd9/build]   | [INFO] Downloading from central: https://repo.maven.apache.org/maven2/org/codehaus/plexus/plexus-container-default/1.0-alpha-9/plexus-container-default-1.0-alpha-9.pom
[59ca51de-398a-432d-b387-477561bd7cd9/build]   | [INFO] Downloaded from central: https://repo.maven.apache.org/maven2/org/codehaus/plexus/plexus-container-default/1.0-alpha-9/plexus-container-default-1.0-alpha-9.pom (1.2 kB at 46 kB/s)
[59ca51de-398a-432d-b387-477561bd7cd9/build]   | [INFO] Downloading from central: https://repo.maven.apache.org/maven2/org/apache/maven/enforcer/enforcer-rules/1.0/enforcer-rules-1.0.pom
[59ca51de-398a-432d-b387-477561bd7cd9/build]   | [INFO] Downloaded from central: https://repo.maven.apache.org/maven2/org/apache/maven/enforcer/enforcer-rules/1.0/enforcer-rules-1.0.pom (4.1 kB at 106 kB/s)
[59ca51de-398a-432d-b387-477561bd7cd9/build]   | [INFO] Downloading from central: https://repo.maven.apache.org/maven2/org/apache/maven/shared/maven-common-artifact-filters/1.2/maven-common-artifact-filters-1.2.pom
[59ca51de-398a-432d-b387-477561bd7cd9/build]   | [INFO] Downloaded from central: https://repo.maven.apache.org/maven2/org/apache/maven/shared/maven-common-artifact-filters/1.2/maven-common-artifact-filters-1.2.pom (4.5 kB at 63 kB/s)
[59ca51de-398a-432d-b387-477561bd7cd9/build]   | [INFO] Downloading from central: https://repo.maven.apache.org/maven2/org/apache/maven/shared/maven-shared-components/11/maven-shared-components-11.pom
[59ca51de-398a-432d-b387-477561bd7cd9/build]   | [INFO] Downloaded from central: https://repo.maven.apache.org/maven2/org/apache/maven/shared/maven-shared-components/11/maven-shared-components-11.pom (8.3 kB at 174 kB/s)
[59ca51de-398a-432d-b387-477561bd7cd9/build]   | [INFO] Downloading from central: https://repo.maven.apache.org/maven2/org/apache/maven/maven-parent/11/maven-parent-11.pom
[59ca51de-398a-432d-b387-477561bd7cd9/build]   | [INFO] Downloaded from central: https://repo.maven.apache.org/maven2/org/apache/maven/maven-parent/11/maven-parent-11.pom (32 kB at 623 kB/s)
[59ca51de-398a-432d-b387-477561bd7cd9/build]   | [INFO] Downloading from central: https://repo.maven.apache.org/maven2/org/apache/apache/5/apache-5.pom
[59ca51de-398a-432d-b387-477561bd7cd9/build]   | [INFO] Downloaded from central: https://repo.maven.apache.org/maven2/org/apache/apache/5/apache-5.pom (4.1 kB at 80 kB/s)
[59ca51de-398a-432d-b387-477561bd7cd9/build]   | [INFO] Downloading from central: https://repo.maven.apache.org/maven2/org/apache/maven/maven-model/2.0.8/maven-model-2.0.8.pom
[59ca51de-398a-432d-b387-477561bd7cd9/build]   | [INFO] Downloaded from central: https://repo.maven.apache.org/maven2/org/apache/maven/maven-model/2.0.8/maven-model-2.0.8.pom (3.1 kB at 126 kB/s)
[59ca51de-398a-432d-b387-477561bd7cd9/build]   | [INFO] Downloading from central: https://repo.maven.apache.org/maven2/org/apache/maven/maven/2.0.8/maven-2.0.8.pom
[59ca51de-398a-432d-b387-477561bd7cd9/build]   | [INFO] Downloaded from central: https://repo.maven.apache.org/maven2/org/apache/maven/maven/2.0.8/maven-2.0.8.pom (12 kB at 367 kB/s)
[59ca51de-398a-432d-b387-477561bd7cd9/build]   | [INFO] Downloading from central: https://repo.maven.apache.org/maven2/org/apache/maven/shared/maven-plugin-testing-harness/1.1/maven-plugin-testing-harness-1.1.pom
[59ca51de-398a-432d-b387-477561bd7cd9/build]   | [INFO] Downloaded from central: https://repo.maven.apache.org/maven2/org/apache/maven/shared/maven-plugin-testing-harness/1.1/maven-plugin-testing-harness-1.1.pom (6.3 kB at 317 kB/s)
[59ca51de-398a-432d-b387-477561bd7cd9/build]   | [INFO] Downloading from central: https://repo.maven.apache.org/maven2/org/apache/maven/shared/maven-shared-components/7/maven-shared-components-7.pom
[59ca51de-398a-432d-b387-477561bd7cd9/build]   | [INFO] Downloaded from central: https://repo.maven.apache.org/maven2/org/apache/maven/shared/maven-shared-components/7/maven-shared-components-7.pom (2.6 kB at 113 kB/s)
[59ca51de-398a-432d-b387-477561bd7cd9/build]   | [INFO] Downloading from central: https://repo.maven.apache.org/maven2/org/apache/maven/maven-parent/5/maven-parent-5.pom
[59ca51de-398a-432d-b387-477561bd7cd9/build]   | [INFO] Downloaded from central: https://repo.maven.apache.org/maven2/org/apache/maven/maven-parent/5/maven-parent-5.pom (15 kB at 363 kB/s)
[59ca51de-398a-432d-b387-477561bd7cd9/build]   | [INFO] Downloading from central: https://repo.maven.apache.org/maven2/org/codehaus/plexus/plexus-archiver/1.0-alpha-7/plexus-archiver-1.0-alpha-7.pom
[59ca51de-398a-432d-b387-477561bd7cd9/build]   | [INFO] Downloaded from central: https://repo.maven.apache.org/maven2/org/codehaus/plexus/plexus-archiver/1.0-alpha-7/plexus-archiver-1.0-alpha-7.pom (1.0 kB at 47 kB/s)
[59ca51de-398a-432d-b387-477561bd7cd9/build]   | [INFO] Downloading from central: https://repo.maven.apache.org/maven2/org/codehaus/plexus/plexus-components/1.1.6/plexus-components-1.1.6.pom
[59ca51de-398a-432d-b387-477561bd7cd9/build]   | [INFO] Downloaded from central: https://repo.maven.apache.org/maven2/org/codehaus/plexus/plexus-components/1.1.6/plexus-components-1.1.6.pom (1.9 kB at 135 kB/s)
[59ca51de-398a-432d-b387-477561bd7cd9/build]   | [INFO] Downloading from central: https://repo.maven.apache.org/maven2/org/codehaus/plexus/plexus/1.0.8/plexus-1.0.8.pom
[59ca51de-398a-432d-b387-477561bd7cd9/build]   | [INFO] Downloaded from central: https://repo.maven.apache.org/maven2/org/codehaus/plexus/plexus/1.0.8/plexus-1.0.8.pom (7.2 kB at 362 kB/s)
[59ca51de-398a-432d-b387-477561bd7cd9/build]   | [INFO] Downloading from central: https://repo.maven.apache.org/maven2/org/codehaus/plexus/plexus-container-default/1.0-alpha-8/plexus-container-default-1.0-alpha-8.pom
[59ca51de-398a-432d-b387-477561bd7cd9/build]   | [INFO] Downloaded from central: https://repo.maven.apache.org/maven2/org/codehaus/plexus/plexus-container-default/1.0-alpha-8/plexus-container-default-1.0-alpha-8.pom (7.3 kB at 250 kB/s)
[59ca51de-398a-432d-b387-477561bd7cd9/build]   | [INFO] Downloading from central: https://repo.maven.apache.org/maven2/org/beanshell/bsh/2.0b4/bsh-2.0b4.pom
[59ca51de-398a-432d-b387-477561bd7cd9/build]   | [INFO] Downloaded from central: https://repo.maven.apache.org/maven2/org/beanshell/bsh/2.0b4/bsh-2.0b4.pom (1.2 kB at 50 kB/s)
[59ca51de-398a-432d-b387-477561bd7cd9/build]   | [INFO] Downloading from central: https://repo.maven.apache.org/maven2/org/beanshell/beanshell/2.0b4/beanshell-2.0b4.pom
[59ca51de-398a-432d-b387-477561bd7cd9/build]   | [INFO] Downloaded from central: https://repo.maven.apache.org/maven2/org/beanshell/beanshell/2.0b4/beanshell-2.0b4.pom (1.4 kB at 83 kB/s)
[59ca51de-398a-432d-b387-477561bd7cd9/build]   | [INFO] Downloading from central: https://repo.maven.apache.org/maven2/org/apache/maven/shared/maven-dependency-tree/1.2/maven-dependency-tree-1.2.pom
[59ca51de-398a-432d-b387-477561bd7cd9/build]   | [INFO] Downloaded from central: https://repo.maven.apache.org/maven2/org/apache/maven/shared/maven-dependency-tree/1.2/maven-dependency-tree-1.2.pom (3.6 kB at 190 kB/s)
[59ca51de-398a-432d-b387-477561bd7cd9/build]   | [INFO] Downloading from central: https://repo.maven.apache.org/maven2/org/apache/maven/shared/maven-shared-components/9/maven-shared-components-9.pom
[59ca51de-398a-432d-b387-477561bd7cd9/build]   | [INFO] Downloaded from central: https://repo.maven.apache.org/maven2/org/apache/maven/shared/maven-shared-components/9/maven-shared-components-9.pom (3.5 kB at 184 kB/s)
[59ca51de-398a-432d-b387-477561bd7cd9/build]   | [INFO] Downloading from central: https://repo.maven.apache.org/maven2/org/codehaus/plexus/plexus-i18n/1.0-beta-6/plexus-i18n-1.0-beta-6.pom
[59ca51de-398a-432d-b387-477561bd7cd9/build]   | [INFO] Downloaded from central: https://repo.maven.apache.org/maven2/org/codehaus/plexus/plexus-i18n/1.0-beta-6/plexus-i18n-1.0-beta-6.pom (771 B at 41 kB/s)
[59ca51de-398a-432d-b387-477561bd7cd9/build]   | [INFO] Downloading from central: https://repo.maven.apache.org/maven2/org/codehaus/plexus/plexus-components/1.1.4/plexus-components-1.1.4.pom
[59ca51de-398a-432d-b387-477561bd7cd9/build]   | [INFO] Downloaded from central: https://repo.maven.apache.org/maven2/org/codehaus/plexus/plexus-components/1.1.4/plexus-components-1.1.4.pom (2.1 kB at 115 kB/s)
[59ca51de-398a-432d-b387-477561bd7cd9/build]   | [INFO] Downloading from central: https://repo.maven.apache.org/maven2/org/apache/maven/maven-artifact/2.0.9/maven-artifact-2.0.9.jar
[59ca51de-398a-432d-b387-477561bd7cd9/build]   | [INFO] Downloading from central: https://repo.maven.apache.org/maven2/org/apache/maven/maven-plugin-api/2.0.9/maven-plugin-api-2.0.9.jar
[59ca51de-398a-432d-b387-477561bd7cd9/build]   | [INFO] Downloading from central: https://repo.maven.apache.org/maven2/org/apache/maven/maven-project/2.0.9/maven-project-2.0.9.jar
[59ca51de-398a-432d-b387-477561bd7cd9/build]   | [INFO] Downloading from central: https://repo.maven.apache.org/maven2/org/apache/maven/maven-settings/2.0.9/maven-settings-2.0.9.jar
[59ca51de-398a-432d-b387-477561bd7cd9/build]   | [INFO] Downloading from central: https://repo.maven.apache.org/maven2/org/apache/maven/maven-profile/2.0.9/maven-profile-2.0.9.jar
[59ca51de-398a-432d-b387-477561bd7cd9/build]   | [INFO] Downloaded from central: https://repo.maven.apache.org/maven2/org/apache/maven/maven-profile/2.0.9/maven-profile-2.0.9.jar (35 kB at 1.1 MB/s)
[59ca51de-398a-432d-b387-477561bd7cd9/build]   | [INFO] Downloading from central: https://repo.maven.apache.org/maven2/org/apache/maven/maven-model/2.0.9/maven-model-2.0.9.jar
[59ca51de-398a-432d-b387-477561bd7cd9/build]   | [INFO] Downloaded from central: https://repo.maven.apache.org/maven2/org/apache/maven/maven-project/2.0.9/maven-project-2.0.9.jar (122 kB at 3.2 MB/s)
[59ca51de-398a-432d-b387-477561bd7cd9/build]   | [INFO] Downloading from central: https://repo.maven.apache.org/maven2/org/apache/maven/maven-artifact-manager/2.0.9/maven-artifact-manager-2.0.9.jar
[59ca51de-398a-432d-b387-477561bd7cd9/build]   | [INFO] Downloaded from central: https://repo.maven.apache.org/maven2/org/apache/maven/maven-plugin-api/2.0.9/maven-plugin-api-2.0.9.jar (13 kB at 331 kB/s)
[59ca51de-398a-432d-b387-477561bd7cd9/build]   | [INFO] Downloading from central: https://repo.maven.apache.org/maven2/org/apache/maven/maven-plugin-registry/2.0.9/maven-plugin-registry-2.0.9.jar
[59ca51de-398a-432d-b387-477561bd7cd9/build]   | [INFO] Downloaded from central: https://repo.maven.apache.org/maven2/org/apache/maven/maven-artifact/2.0.9/maven-artifact-2.0.9.jar (89 kB at 1.8 MB/s)
[59ca51de-398a-432d-b387-477561bd7cd9/build]   | [INFO] Downloading from central: https://repo.maven.apache.org/maven2/org/codehaus/plexus/plexus-container-default/1.0-alpha-9-stable-1/plexus-container-default-1.0-alpha-9-stable-1.jar
[59ca51de-398a-432d-b387-477561bd7cd9/build]   | [INFO] Downloaded from central: https://repo.maven.apache.org/maven2/org/apache/maven/maven-model/2.0.9/maven-model-2.0.9.jar (87 kB at 1.4 MB/s)
[59ca51de-398a-432d-b387-477561bd7cd9/build]   | [INFO] Downloaded from central: https://repo.maven.apache.org/maven2/org/apache/maven/maven-artifact-manager/2.0.9/maven-artifact-manager-2.0.9.jar (58 kB at 904 kB/s)
[59ca51de-398a-432d-b387-477561bd7cd9/build]   | [INFO] Downloading from central: https://repo.maven.apache.org/maven2/org/apache/maven/maven-core/2.0.9/maven-core-2.0.9.jar
[59ca51de-398a-432d-b387-477561bd7cd9/build]   | [INFO] Downloading from central: https://repo.maven.apache.org/maven2/org/apache/maven/maven-plugin-parameter-documenter/2.0.9/maven-plugin-parameter-documenter-2.0.9.jar
[59ca51de-398a-432d-b387-477561bd7cd9/build]   | [INFO] Downloaded from central: https://repo.maven.apache.org/maven2/org/codehaus/plexus/plexus-container-default/1.0-alpha-9-stable-1/plexus-container-default-1.0-alpha-9-stable-1.jar (194 kB at 2.7 MB/s)
[59ca51de-398a-432d-b387-477561bd7cd9/build]   | [INFO] Downloading from central: https://repo.maven.apache.org/maven2/org/apache/maven/reporting/maven-reporting-api/2.0.9/maven-reporting-api-2.0.9.jar
[59ca51de-398a-432d-b387-477561bd7cd9/build]   | [INFO] Downloaded from central: https://repo.maven.apache.org/maven2/org/apache/maven/maven-plugin-registry/2.0.9/maven-plugin-registry-2.0.9.jar (29 kB at 388 kB/s)
[59ca51de-398a-432d-b387-477561bd7cd9/build]   | [INFO] Downloading from central: https://repo.maven.apache.org/maven2/org/apache/maven/doxia/doxia-sink-api/1.0-alpha-10/doxia-sink-api-1.0-alpha-10.jar
[59ca51de-398a-432d-b387-477561bd7cd9/build]   | [INFO] Downloaded from central: https://repo.maven.apache.org/maven2/org/apache/maven/maven-settings/2.0.9/maven-settings-2.0.9.jar (49 kB at 638 kB/s)
[59ca51de-398a-432d-b387-477561bd7cd9/build]   | [INFO] Downloading from central: https://repo.maven.apache.org/maven2/org/apache/maven/maven-repository-metadata/2.0.9/maven-repository-metadata-2.0.9.jar
[59ca51de-398a-432d-b387-477561bd7cd9/build]   | [INFO] Downloaded from central: https://repo.maven.apache.org/maven2/org/apache/maven/maven-plugin-parameter-documenter/2.0.9/maven-plugin-parameter-documenter-2.0.9.jar (21 kB at 243 kB/s)
[59ca51de-398a-432d-b387-477561bd7cd9/build]   | [INFO] Downloading from central: https://repo.maven.apache.org/maven2/org/apache/maven/maven-error-diagnostics/2.0.9/maven-error-diagnostics-2.0.9.jar
[59ca51de-398a-432d-b387-477561bd7cd9/build]   | [INFO] Downloaded from central: https://repo.maven.apache.org/maven2/org/apache/maven/doxia/doxia-sink-api/1.0-alpha-10/doxia-sink-api-1.0-alpha-10.jar (9.9 kB at 104 kB/s)
[59ca51de-398a-432d-b387-477561bd7cd9/build]   | [INFO] Downloading from central: https://repo.maven.apache.org/maven2/commons-cli/commons-cli/1.0/commons-cli-1.0.jar
[59ca51de-398a-432d-b387-477561bd7cd9/build]   | [INFO] Downloaded from central: https://repo.maven.apache.org/maven2/org/apache/maven/maven-error-diagnostics/2.0.9/maven-error-diagnostics-2.0.9.jar (14 kB at 119 kB/s)
[59ca51de-398a-432d-b387-477561bd7cd9/build]   | [INFO] Downloading from central: https://repo.maven.apache.org/maven2/org/apache/maven/maven-plugin-descriptor/2.0.9/maven-plugin-descriptor-2.0.9.jar
[59ca51de-398a-432d-b387-477561bd7cd9/build]   | [INFO] Downloaded from central: https://repo.maven.apache.org/maven2/org/apache/maven/reporting/maven-reporting-api/2.0.9/maven-reporting-api-2.0.9.jar (10 kB at 78 kB/s)
[59ca51de-398a-432d-b387-477561bd7cd9/build]   | [INFO] Downloading from central: https://repo.maven.apache.org/maven2/org/codehaus/plexus/plexus-interactivity-api/1.0-alpha-4/plexus-interactivity-api-1.0-alpha-4.jar
[59ca51de-398a-432d-b387-477561bd7cd9/build]   | [INFO] Downloaded from central: https://repo.maven.apache.org/maven2/org/apache/maven/maven-core/2.0.9/maven-core-2.0.9.jar (160 kB at 1.2 MB/s)
[59ca51de-398a-432d-b387-477561bd7cd9/build]   | [INFO] Downloading from central: https://repo.maven.apache.org/maven2/org/apache/maven/maven-monitor/2.0.9/maven-monitor-2.0.9.jar
[59ca51de-398a-432d-b387-477561bd7cd9/build]   | [INFO] Downloaded from central: https://repo.maven.apache.org/maven2/org/apache/maven/maven-plugin-descriptor/2.0.9/maven-plugin-descriptor-2.0.9.jar (37 kB at 263 kB/s)
[59ca51de-398a-432d-b387-477561bd7cd9/build]   | [INFO] Downloading from central: https://repo.maven.apache.org/maven2/classworlds/classworlds/1.1/classworlds-1.1.jar
[59ca51de-398a-432d-b387-477561bd7cd9/build]   | [INFO] Downloaded from central: https://repo.maven.apache.org/maven2/commons-cli/commons-cli/1.0/commons-cli-1.0.jar (30 kB at 211 kB/s)
[59ca51de-398a-432d-b387-477561bd7cd9/build]   | [INFO] Downloading from central: https://repo.maven.apache.org/maven2/org/codehaus/plexus/plexus-utils/1.5.8/plexus-utils-1.5.8.jar
[59ca51de-398a-432d-b387-477561bd7cd9/build]   | [INFO] Downloaded from central: https://repo.maven.apache.org/maven2/org/apache/maven/maven-monitor/2.0.9/maven-monitor-2.0.9.jar (10 kB at 67 kB/s)
[59ca51de-398a-432d-b387-477561bd7cd9/build]   | [INFO] Downloaded from central: https://repo.maven.apache.org/maven2/org/codehaus/plexus/plexus-interactivity-api/1.0-alpha-4/plexus-interactivity-api-1.0-alpha-4.jar (13 kB at 88 kB/s)
[59ca51de-398a-432d-b387-477561bd7cd9/build]   | [INFO] Downloading from central: https://repo.maven.apache.org/maven2/commons-lang/commons-lang/2.3/commons-lang-2.3.jar
[59ca51de-398a-432d-b387-477561bd7cd9/build]   | [INFO] Downloading from central: https://repo.maven.apache.org/maven2/org/apache/maven/enforcer/enforcer-api/1.0/enforcer-api-1.0.jar
[59ca51de-398a-432d-b387-477561bd7cd9/build]   | [INFO] Downloaded from central: https://repo.maven.apache.org/maven2/org/apache/maven/maven-repository-metadata/2.0.9/maven-repository-metadata-2.0.9.jar (25 kB at 158 kB/s)
[59ca51de-398a-432d-b387-477561bd7cd9/build]   | [INFO] Downloading from central: https://repo.maven.apache.org/maven2/org/apache/maven/enforcer/enforcer-rules/1.0/enforcer-rules-1.0.jar
[59ca51de-398a-432d-b387-477561bd7cd9/build]   | [INFO] Downloaded from central: https://repo.maven.apache.org/maven2/org/apache/maven/enforcer/enforcer-api/1.0/enforcer-api-1.0.jar (9.8 kB at 57 kB/s)
[59ca51de-398a-432d-b387-477561bd7cd9/build]   | [INFO] Downloading from central: https://repo.maven.apache.org/maven2/org/apache/maven/shared/maven-common-artifact-filters/1.2/maven-common-artifact-filters-1.2.jar
[59ca51de-398a-432d-b387-477561bd7cd9/build]   | [INFO] Downloaded from central: https://repo.maven.apache.org/maven2/org/codehaus/plexus/plexus-utils/1.5.8/plexus-utils-1.5.8.jar (268 kB at 1.5 MB/s)
[59ca51de-398a-432d-b387-477561bd7cd9/build]   | [INFO] Downloading from central: https://repo.maven.apache.org/maven2/org/beanshell/bsh/2.0b4/bsh-2.0b4.jar
[59ca51de-398a-432d-b387-477561bd7cd9/build]   | [INFO] Downloaded from central: https://repo.maven.apache.org/maven2/classworlds/classworlds/1.1/classworlds-1.1.jar (38 kB at 214 kB/s)
[59ca51de-398a-432d-b387-477561bd7cd9/build]   | [INFO] Downloading from central: https://repo.maven.apache.org/maven2/org/apache/maven/shared/maven-dependency-tree/1.2/maven-dependency-tree-1.2.jar
[59ca51de-398a-432d-b387-477561bd7cd9/build]   | [INFO] Downloaded from central: https://repo.maven.apache.org/maven2/org/beanshell/bsh/2.0b4/bsh-2.0b4.jar (282 kB at 1.2 MB/s)
[59ca51de-398a-432d-b387-477561bd7cd9/build]   | [INFO] Downloading from central: https://repo.maven.apache.org/maven2/org/codehaus/plexus/plexus-i18n/1.0-beta-6/plexus-i18n-1.0-beta-6.jar
[59ca51de-398a-432d-b387-477561bd7cd9/build]   | [INFO] Downloaded from central: https://repo.maven.apache.org/maven2/org/apache/maven/shared/maven-common-artifact-filters/1.2/maven-common-artifact-filters-1.2.jar (32 kB at 130 kB/s)
[59ca51de-398a-432d-b387-477561bd7cd9/build]   | [INFO] Downloaded from central: https://repo.maven.apache.org/maven2/commons-lang/commons-lang/2.3/commons-lang-2.3.jar (245 kB at 997 kB/s)
[59ca51de-398a-432d-b387-477561bd7cd9/build]   | [INFO] Downloaded from central: https://repo.maven.apache.org/maven2/org/apache/maven/shared/maven-dependency-tree/1.2/maven-dependency-tree-1.2.jar (35 kB at 138 kB/s)
[59ca51de-398a-432d-b387-477561bd7cd9/build]   | [INFO] Downloaded from central: https://repo.maven.apache.org/maven2/org/apache/maven/enforcer/enforcer-rules/1.0/enforcer-rules-1.0.jar (61 kB at 237 kB/s)
[59ca51de-398a-432d-b387-477561bd7cd9/build]   | [INFO] Downloaded from central: https://repo.maven.apache.org/maven2/org/codehaus/plexus/plexus-i18n/1.0-beta-6/plexus-i18n-1.0-beta-6.jar (12 kB at 43 kB/s)
[59ca51de-398a-432d-b387-477561bd7cd9/build]   | [INFO] 
[59ca51de-398a-432d-b387-477561bd7cd9/build]   | [INFO] --- maven-resources-plugin:2.6:resources (default-resources) @ joni ---
[59ca51de-398a-432d-b387-477561bd7cd9/build]   | [INFO] Downloading from central: https://repo.maven.apache.org/maven2/org/apache/maven/maven-plugin-api/2.0.6/maven-plugin-api-2.0.6.pom
[59ca51de-398a-432d-b387-477561bd7cd9/build]   | [INFO] Downloaded from central: https://repo.maven.apache.org/maven2/org/apache/maven/maven-plugin-api/2.0.6/maven-plugin-api-2.0.6.pom (1.5 kB at 31 kB/s)
[59ca51de-398a-432d-b387-477561bd7cd9/build]   | [INFO] Downloading from central: https://repo.maven.apache.org/maven2/org/apache/maven/maven/2.0.6/maven-2.0.6.pom
[59ca51de-398a-432d-b387-477561bd7cd9/build]   | [INFO] Downloaded from central: https://repo.maven.apache.org/maven2/org/apache/maven/maven/2.0.6/maven-2.0.6.pom (9.0 kB at 348 kB/s)
[59ca51de-398a-432d-b387-477561bd7cd9/build]   | [INFO] Downloading from central: https://repo.maven.apache.org/maven2/org/apache/maven/maven-project/2.0.6/maven-project-2.0.6.pom
[59ca51de-398a-432d-b387-477561bd7cd9/build]   | [INFO] Downloaded from central: https://repo.maven.apache.org/maven2/org/apache/maven/maven-project/2.0.6/maven-project-2.0.6.pom (2.6 kB at 165 kB/s)
[59ca51de-398a-432d-b387-477561bd7cd9/build]   | [INFO] Downloading from central: https://repo.maven.apache.org/maven2/org/apache/maven/maven-settings/2.0.6/maven-settings-2.0.6.pom
[59ca51de-398a-432d-b387-477561bd7cd9/build]   | [INFO] Downloaded from central: https://repo.maven.apache.org/maven2/org/apache/maven/maven-settings/2.0.6/maven-settings-2.0.6.pom (2.0 kB at 125 kB/s)
[59ca51de-398a-432d-b387-477561bd7cd9/build]   | [INFO] Downloading from central: https://repo.maven.apache.org/maven2/org/apache/maven/maven-model/2.0.6/maven-model-2.0.6.pom
[59ca51de-398a-432d-b387-477561bd7cd9/build]   | [INFO] Downloaded from central: https://repo.maven.apache.org/maven2/org/apache/maven/maven-model/2.0.6/maven-model-2.0.6.pom (3.0 kB at 138 kB/s)
[59ca51de-398a-432d-b387-477561bd7cd9/build]   | [INFO] Downloading from central: https://repo.maven.apache.org/maven2/org/codehaus/plexus/plexus-utils/1.4.1/plexus-utils-1.4.1.pom
[59ca51de-398a-432d-b387-477561bd7cd9/build]   | [INFO] Downloaded from central: https://repo.maven.apache.org/maven2/org/codehaus/plexus/plexus-utils/1.4.1/plexus-utils-1.4.1.pom (1.9 kB at 91 kB/s)
[59ca51de-398a-432d-b387-477561bd7cd9/build]   | [INFO] Downloading from central: https://repo.maven.apache.org/maven2/org/codehaus/plexus/plexus/1.0.11/plexus-1.0.11.pom
[59ca51de-398a-432d-b387-477561bd7cd9/build]   | [INFO] Downloaded from central: https://repo.maven.apache.org/maven2/org/codehaus/plexus/plexus/1.0.11/plexus-1.0.11.pom (9.0 kB at 448 kB/s)
[59ca51de-398a-432d-b387-477561bd7cd9/build]   | [INFO] Downloading from central: https://repo.maven.apache.org/maven2/junit/junit/3.8.1/junit-3.8.1.pom
[59ca51de-398a-432d-b387-477561bd7cd9/build]   | [INFO] Downloaded from central: https://repo.maven.apache.org/maven2/junit/junit/3.8.1/junit-3.8.1.pom (998 B at 42 kB/s)
[59ca51de-398a-432d-b387-477561bd7cd9/build]   | [INFO] Downloading from central: https://repo.maven.apache.org/maven2/org/apache/maven/maven-profile/2.0.6/maven-profile-2.0.6.pom
[59ca51de-398a-432d-b387-477561bd7cd9/build]   | [INFO] Downloaded from central: https://repo.maven.apache.org/maven2/org/apache/maven/maven-profile/2.0.6/maven-profile-2.0.6.pom (2.0 kB at 124 kB/s)
[59ca51de-398a-432d-b387-477561bd7cd9/build]   | [INFO] Downloading from central: https://repo.maven.apache.org/maven2/org/apache/maven/maven-artifact-manager/2.0.6/maven-artifact-manager-2.0.6.pom
[59ca51de-398a-432d-b387-477561bd7cd9/build]   | [INFO] Downloaded from central: https://repo.maven.apache.org/maven2/org/apache/maven/maven-artifact-manager/2.0.6/maven-artifact-manager-2.0.6.pom (2.6 kB at 187 kB/s)
[59ca51de-398a-432d-b387-477561bd7cd9/build]   | [INFO] Downloading from central: https://repo.maven.apache.org/maven2/org/apache/maven/maven-repository-metadata/2.0.6/maven-repository-metadata-2.0.6.pom
[59ca51de-398a-432d-b387-477561bd7cd9/build]   | [INFO] Downloaded from central: https://repo.maven.apache.org/maven2/org/apache/maven/maven-repository-metadata/2.0.6/maven-repository-metadata-2.0.6.pom (1.9 kB at 116 kB/s)
[59ca51de-398a-432d-b387-477561bd7cd9/build]   | [INFO] Downloading from central: https://repo.maven.apache.org/maven2/org/apache/maven/maven-artifact/2.0.6/maven-artifact-2.0.6.pom
[59ca51de-398a-432d-b387-477561bd7cd9/build]   | [INFO] Downloaded from central: https://repo.maven.apache.org/maven2/org/apache/maven/maven-artifact/2.0.6/maven-artifact-2.0.6.pom (1.6 kB at 83 kB/s)
[59ca51de-398a-432d-b387-477561bd7cd9/build]   | [INFO] Downloading from central: https://repo.maven.apache.org/maven2/org/apache/maven/maven-plugin-registry/2.0.6/maven-plugin-registry-2.0.6.pom
[59ca51de-398a-432d-b387-477561bd7cd9/build]   | [INFO] Downloaded from central: https://repo.maven.apache.org/maven2/org/apache/maven/maven-plugin-registry/2.0.6/maven-plugin-registry-2.0.6.pom (1.9 kB at 114 kB/s)
[59ca51de-398a-432d-b387-477561bd7cd9/build]   | [INFO] Downloading from central: https://repo.maven.apache.org/maven2/org/apache/maven/maven-core/2.0.6/maven-core-2.0.6.pom
[59ca51de-398a-432d-b387-477561bd7cd9/build]   | [INFO] Downloaded from central: https://repo.maven.apache.org/maven2/org/apache/maven/maven-core/2.0.6/maven-core-2.0.6.pom (6.7 kB at 292 kB/s)
[59ca51de-398a-432d-b387-477561bd7cd9/build]   | [INFO] Downloading from central: https://repo.maven.apache.org/maven2/org/apache/maven/maven-plugin-parameter-documenter/2.0.6/maven-plugin-parameter-documenter-2.0.6.pom
[59ca51de-398a-432d-b387-477561bd7cd9/build]   | [INFO] Downloaded from central: https://repo.maven.apache.org/maven2/org/apache/maven/maven-plugin-parameter-documenter/2.0.6/maven-plugin-parameter-documenter-2.0.6.pom (1.9 kB at 96 kB/s)
[59ca51de-398a-432d-b387-477561bd7cd9/build]   | [INFO] Downloading from central: https://repo.maven.apache.org/maven2/org/apache/maven/reporting/maven-reporting-api/2.0.6/maven-reporting-api-2.0.6.pom
[59ca51de-398a-432d-b387-477561bd7cd9/build]   | [INFO] Downloaded from central: https://repo.maven.apache.org/maven2/org/apache/maven/reporting/maven-reporting-api/2.0.6/maven-reporting-api-2.0.6.pom (1.8 kB at 76 kB/s)
[59ca51de-398a-432d-b387-477561bd7cd9/build]   | [INFO] Downloading from central: https://repo.maven.apache.org/maven2/org/apache/maven/reporting/maven-reporting/2.0.6/maven-reporting-2.0.6.pom
[59ca51de-398a-432d-b387-477561bd7cd9/build]   | [INFO] Downloaded from central: https://repo.maven.apache.org/maven2/org/apache/maven/reporting/maven-reporting/2.0.6/maven-reporting-2.0.6.pom (1.4 kB at 24 kB/s)
[59ca51de-398a-432d-b387-477561bd7cd9/build]   | [INFO] Downloading from central: https://repo.maven.apache.org/maven2/org/apache/maven/doxia/doxia-sink-api/1.0-alpha-7/doxia-sink-api-1.0-alpha-7.pom
[59ca51de-398a-432d-b387-477561bd7cd9/build]   | [INFO] Downloaded from central: https://repo.maven.apache.org/maven2/org/apache/maven/doxia/doxia-sink-api/1.0-alpha-7/doxia-sink-api-1.0-alpha-7.pom (424 B at 18 kB/s)
[59ca51de-398a-432d-b387-477561bd7cd9/build]   | [INFO] Downloading from central: https://repo.maven.apache.org/maven2/org/apache/maven/doxia/doxia/1.0-alpha-7/doxia-1.0-alpha-7.pom
[59ca51de-398a-432d-b387-477561bd7cd9/build]   | [INFO] Downloaded from central: https://repo.maven.apache.org/maven2/org/apache/maven/doxia/doxia/1.0-alpha-7/doxia-1.0-alpha-7.pom (3.9 kB at 85 kB/s)
[59ca51de-398a-432d-b387-477561bd7cd9/build]   | [INFO] Downloading from central: https://repo.maven.apache.org/maven2/org/apache/maven/maven-error-diagnostics/2.0.6/maven-error-diagnostics-2.0.6.pom
[59ca51de-398a-432d-b387-477561bd7cd9/build]   | [INFO] Downloaded from central: https://repo.maven.apache.org/maven2/org/apache/maven/maven-error-diagnostics/2.0.6/maven-error-diagnostics-2.0.6.pom (1.7 kB at 53 kB/s)
[59ca51de-398a-432d-b387-477561bd7cd9/build]   | [INFO] Downloading from central: https://repo.maven.apache.org/maven2/org/apache/maven/maven-plugin-descriptor/2.0.6/maven-plugin-descriptor-2.0.6.pom
[59ca51de-398a-432d-b387-477561bd7cd9/build]   | [INFO] Downloaded from central: https://repo.maven.apache.org/maven2/org/apache/maven/maven-plugin-descriptor/2.0.6/maven-plugin-descriptor-2.0.6.pom (2.0 kB at 70 kB/s)
[59ca51de-398a-432d-b387-477561bd7cd9/build]   | [INFO] Downloading from central: https://repo.maven.apache.org/maven2/org/apache/maven/maven-monitor/2.0.6/maven-monitor-2.0.6.pom
[59ca51de-398a-432d-b387-477561bd7cd9/build]   | [INFO] Downloaded from central: https://repo.maven.apache.org/maven2/org/apache/maven/maven-monitor/2.0.6/maven-monitor-2.0.6.pom (1.3 kB at 38 kB/s)
[59ca51de-398a-432d-b387-477561bd7cd9/build]   | [INFO] Downloading from central: https://repo.maven.apache.org/maven2/org/codehaus/plexus/plexus-utils/2.0.5/plexus-utils-2.0.5.pom
[59ca51de-398a-432d-b387-477561bd7cd9/build]   | [INFO] Downloaded from central: https://repo.maven.apache.org/maven2/org/codehaus/plexus/plexus-utils/2.0.5/plexus-utils-2.0.5.pom (3.3 kB at 111 kB/s)
[59ca51de-398a-432d-b387-477561bd7cd9/build]   | [INFO] Downloading from central: https://repo.maven.apache.org/maven2/org/codehaus/plexus/plexus/2.0.6/plexus-2.0.6.pom
[59ca51de-398a-432d-b387-477561bd7cd9/build]   | [INFO] Downloaded from central: https://repo.maven.apache.org/maven2/org/codehaus/plexus/plexus/2.0.6/plexus-2.0.6.pom (17 kB at 430 kB/s)
[59ca51de-398a-432d-b387-477561bd7cd9/build]   | [INFO] Downloading from central: https://repo.maven.apache.org/maven2/org/apache/maven/shared/maven-filtering/1.1/maven-filtering-1.1.pom
[59ca51de-398a-432d-b387-477561bd7cd9/build]   | [INFO] Downloaded from central: https://repo.maven.apache.org/maven2/org/apache/maven/shared/maven-filtering/1.1/maven-filtering-1.1.pom (5.8 kB at 88 kB/s)
[59ca51de-398a-432d-b387-477561bd7cd9/build]   | [INFO] Downloading from central: https://repo.maven.apache.org/maven2/org/apache/maven/shared/maven-shared-components/17/maven-shared-components-17.pom
[59ca51de-398a-432d-b387-477561bd7cd9/build]   | [INFO] Downloaded from central: https://repo.maven.apache.org/maven2/org/apache/maven/shared/maven-shared-components/17/maven-shared-components-17.pom (8.7 kB at 249 kB/s)
[59ca51de-398a-432d-b387-477561bd7cd9/build]   | [INFO] Downloading from central: https://repo.maven.apache.org/maven2/org/apache/maven/maven-parent/21/maven-parent-21.pom
[59ca51de-398a-432d-b387-477561bd7cd9/build]   | [INFO] Downloaded from central: https://repo.maven.apache.org/maven2/org/apache/maven/maven-parent/21/maven-parent-21.pom (26 kB at 462 kB/s)
[59ca51de-398a-432d-b387-477561bd7cd9/build]   | [INFO] Downloading from central: https://repo.maven.apache.org/maven2/org/apache/apache/10/apache-10.pom
[59ca51de-398a-432d-b387-477561bd7cd9/build]   | [INFO] Downloaded from central: https://repo.maven.apache.org/maven2/org/apache/apache/10/apache-10.pom (15 kB at 329 kB/s)
[59ca51de-398a-432d-b387-477561bd7cd9/build]   | [INFO] Downloading from central: https://repo.maven.apache.org/maven2/org/codehaus/plexus/plexus-utils/1.5.15/plexus-utils-1.5.15.pom
[59ca51de-398a-432d-b387-477561bd7cd9/build]   | [INFO] Downloaded from central: https://repo.maven.apache.org/maven2/org/codehaus/plexus/plexus-utils/1.5.15/plexus-utils-1.5.15.pom (6.8 kB at 245 kB/s)
[59ca51de-398a-432d-b387-477561bd7cd9/build]   | [INFO] Downloading from central: https://repo.maven.apache.org/maven2/org/codehaus/plexus/plexus-interpolation/1.12/plexus-interpolation-1.12.pom
[59ca51de-398a-432d-b387-477561bd7cd9/build]   | [INFO] Downloaded from central: https://repo.maven.apache.org/maven2/org/codehaus/plexus/plexus-interpolation/1.12/plexus-interpolation-1.12.pom (889 B at 25 kB/s)
[59ca51de-398a-432d-b387-477561bd7cd9/build]   | [INFO] Downloading from central: https://repo.maven.apache.org/maven2/org/codehaus/plexus/plexus-components/1.1.14/plexus-components-1.1.14.pom
[59ca51de-398a-432d-b387-477561bd7cd9/build]   | [INFO] Downloaded from central: https://repo.maven.apache.org/maven2/org/codehaus/plexus/plexus-components/1.1.14/plexus-components-1.1.14.pom (5.8 kB at 209 kB/s)
[59ca51de-398a-432d-b387-477561bd7cd9/build]   | [INFO] Downloading from central: https://repo.maven.apache.org/maven2/org/sonatype/plexus/plexus-build-api/0.0.4/plexus-build-api-0.0.4.pom
[59ca51de-398a-432d-b387-477561bd7cd9/build]   | [INFO] Downloaded from central: https://repo.maven.apache.org/maven2/org/sonatype/plexus/plexus-build-api/0.0.4/plexus-build-api-0.0.4.pom (2.9 kB at 119 kB/s)
[59ca51de-398a-432d-b387-477561bd7cd9/build]   | [INFO] Downloading from central: https://repo.maven.apache.org/maven2/org/sonatype/spice/spice-parent/10/spice-parent-10.pom
[59ca51de-398a-432d-b387-477561bd7cd9/build]   | [INFO] Downloaded from central: https://repo.maven.apache.org/maven2/org/sonatype/spice/spice-parent/10/spice-parent-10.pom (3.0 kB at 60 kB/s)
[59ca51de-398a-432d-b387-477561bd7cd9/build]   | [INFO] Downloading from central: https://repo.maven.apache.org/maven2/org/sonatype/forge/forge-parent/3/forge-parent-3.pom
[59ca51de-398a-432d-b387-477561bd7cd9/build]   | [INFO] Downloaded from central: https://repo.maven.apache.org/maven2/org/sonatype/forge/forge-parent/3/forge-parent-3.pom (5.0 kB at 265 kB/s)
[59ca51de-398a-432d-b387-477561bd7cd9/build]   | [INFO] Downloading from central: https://repo.maven.apache.org/maven2/org/codehaus/plexus/plexus-interpolation/1.13/plexus-interpolation-1.13.pom
[59ca51de-398a-432d-b387-477561bd7cd9/build]   | [INFO] Downloaded from central: https://repo.maven.apache.org/maven2/org/codehaus/plexus/plexus-interpolation/1.13/plexus-interpolation-1.13.pom (890 B at 47 kB/s)
[59ca51de-398a-432d-b387-477561bd7cd9/build]   | [INFO] Downloading from central: https://repo.maven.apache.org/maven2/org/codehaus/plexus/plexus-components/1.1.15/plexus-components-1.1.15.pom
[59ca51de-398a-432d-b387-477561bd7cd9/build]   | [INFO] Downloaded from central: https://repo.maven.apache.org/maven2/org/codehaus/plexus/plexus-components/1.1.15/plexus-components-1.1.15.pom (2.8 kB at 168 kB/s)
[59ca51de-398a-432d-b387-477561bd7cd9/build]   | [INFO] Downloading from central: https://repo.maven.apache.org/maven2/org/codehaus/plexus/plexus/2.0.3/plexus-2.0.3.pom
[59ca51de-398a-432d-b387-477561bd7cd9/build]   | [INFO] Downloaded from central: https://repo.maven.apache.org/maven2/org/codehaus/plexus/plexus/2.0.3/plexus-2.0.3.pom (15 kB at 618 kB/s)
[59ca51de-398a-432d-b387-477561bd7cd9/build]   | [INFO] Downloading from central: https://repo.maven.apache.org/maven2/org/apache/maven/maven-plugin-api/2.0.6/maven-plugin-api-2.0.6.jar
[59ca51de-398a-432d-b387-477561bd7cd9/build]   | [INFO] Downloading from central: https://repo.maven.apache.org/maven2/org/apache/maven/maven-project/2.0.6/maven-project-2.0.6.jar
[59ca51de-398a-432d-b387-477561bd7cd9/build]   | [INFO] Downloading from central: https://repo.maven.apache.org/maven2/org/apache/maven/maven-profile/2.0.6/maven-profile-2.0.6.jar
[59ca51de-398a-432d-b387-477561bd7cd9/build]   | [INFO] Downloading from central: https://repo.maven.apache.org/maven2/org/apache/maven/maven-artifact-manager/2.0.6/maven-artifact-manager-2.0.6.jar
[59ca51de-398a-432d-b387-477561bd7cd9/build]   | [INFO] Downloading from central: https://repo.maven.apache.org/maven2/org/apache/maven/maven-plugin-registry/2.0.6/maven-plugin-registry-2.0.6.jar
[59ca51de-398a-432d-b387-477561bd7cd9/build]   | [INFO] Downloaded from central: https://repo.maven.apache.org/maven2/org/apache/maven/maven-project/2.0.6/maven-project-2.0.6.jar (116 kB at 2.8 MB/s)
[59ca51de-398a-432d-b387-477561bd7cd9/build]   | [INFO] Downloading from central: https://repo.maven.apache.org/maven2/org/apache/maven/maven-core/2.0.6/maven-core-2.0.6.jar
[59ca51de-398a-432d-b387-477561bd7cd9/build]   | [INFO] Downloaded from central: https://repo.maven.apache.org/maven2/org/apache/maven/maven-plugin-api/2.0.6/maven-plugin-api-2.0.6.jar (13 kB at 286 kB/s)
[59ca51de-398a-432d-b387-477561bd7cd9/build]   | [INFO] Downloading from central: https://repo.maven.apache.org/maven2/org/apache/maven/maven-plugin-parameter-documenter/2.0.6/maven-plugin-parameter-documenter-2.0.6.jar
[59ca51de-398a-432d-b387-477561bd7cd9/build]   | [INFO] Downloaded from central: https://repo.maven.apache.org/maven2/org/apache/maven/maven-plugin-registry/2.0.6/maven-plugin-registry-2.0.6.jar (29 kB at 643 kB/s)
[59ca51de-398a-432d-b387-477561bd7cd9/build]   | [INFO] Downloading from central: https://repo.maven.apache.org/maven2/org/apache/maven/reporting/maven-reporting-api/2.0.6/maven-reporting-api-2.0.6.jar
[59ca51de-398a-432d-b387-477561bd7cd9/build]   | [INFO] Downloaded from central: https://repo.maven.apache.org/maven2/org/apache/maven/maven-profile/2.0.6/maven-profile-2.0.6.jar (35 kB at 608 kB/s)
[59ca51de-398a-432d-b387-477561bd7cd9/build]   | [INFO] Downloading from central: https://repo.maven.apache.org/maven2/org/apache/maven/doxia/doxia-sink-api/1.0-alpha-7/doxia-sink-api-1.0-alpha-7.jar
[59ca51de-398a-432d-b387-477561bd7cd9/build]   | [INFO] Downloaded from central: https://repo.maven.apache.org/maven2/org/apache/maven/reporting/maven-reporting-api/2.0.6/maven-reporting-api-2.0.6.jar (9.9 kB at 136 kB/s)
[59ca51de-398a-432d-b387-477561bd7cd9/build]   | [INFO] Downloading from central: https://repo.maven.apache.org/maven2/org/apache/maven/maven-repository-metadata/2.0.6/maven-repository-metadata-2.0.6.jar
[59ca51de-398a-432d-b387-477561bd7cd9/build]   | [INFO] Downloaded from central: https://repo.maven.apache.org/maven2/org/apache/maven/doxia/doxia-sink-api/1.0-alpha-7/doxia-sink-api-1.0-alpha-7.jar (5.9 kB at 69 kB/s)
[59ca51de-398a-432d-b387-477561bd7cd9/build]   | [INFO] Downloading from central: https://repo.maven.apache.org/maven2/org/apache/maven/maven-error-diagnostics/2.0.6/maven-error-diagnostics-2.0.6.jar
[59ca51de-398a-432d-b387-477561bd7cd9/build]   | [INFO] Downloaded from central: https://repo.maven.apache.org/maven2/org/apache/maven/maven-repository-metadata/2.0.6/maven-repository-metadata-2.0.6.jar (24 kB at 238 kB/s)
[59ca51de-398a-432d-b387-477561bd7cd9/build]   | [INFO] Downloading from central: https://repo.maven.apache.org/maven2/org/apache/maven/maven-plugin-descriptor/2.0.6/maven-plugin-descriptor-2.0.6.jar
[59ca51de-398a-432d-b387-477561bd7cd9/build]   | [INFO] Downloaded from central: https://repo.maven.apache.org/maven2/org/apache/maven/maven-error-diagnostics/2.0.6/maven-error-diagnostics-2.0.6.jar (14 kB at 124 kB/s)
[59ca51de-398a-432d-b387-477561bd7cd9/build]   | [INFO] Downloading from central: https://repo.maven.apache.org/maven2/org/apache/maven/maven-artifact/2.0.6/maven-artifact-2.0.6.jar
[59ca51de-398a-432d-b387-477561bd7cd9/build]   | [INFO] Downloaded from central: https://repo.maven.apache.org/maven2/org/apache/maven/maven-core/2.0.6/maven-core-2.0.6.jar (152 kB at 1.2 MB/s)
[59ca51de-398a-432d-b387-477561bd7cd9/build]   | [INFO] Downloading from central: https://repo.maven.apache.org/maven2/org/apache/maven/maven-settings/2.0.6/maven-settings-2.0.6.jar
[59ca51de-398a-432d-b387-477561bd7cd9/build]   | [INFO] Downloaded from central: https://repo.maven.apache.org/maven2/org/apache/maven/maven-plugin-parameter-documenter/2.0.6/maven-plugin-parameter-documenter-2.0.6.jar (21 kB at 155 kB/s)
[59ca51de-398a-432d-b387-477561bd7cd9/build]   | [INFO] Downloading from central: https://repo.maven.apache.org/maven2/org/apache/maven/maven-model/2.0.6/maven-model-2.0.6.jar
[59ca51de-398a-432d-b387-477561bd7cd9/build]   | [INFO] Downloaded from central: https://repo.maven.apache.org/maven2/org/apache/maven/maven-artifact/2.0.6/maven-artifact-2.0.6.jar (87 kB at 638 kB/s)
[59ca51de-398a-432d-b387-477561bd7cd9/build]   | [INFO] Downloading from central: https://repo.maven.apache.org/maven2/org/apache/maven/maven-monitor/2.0.6/maven-monitor-2.0.6.jar
[59ca51de-398a-432d-b387-477561bd7cd9/build]   | [INFO] Downloaded from central: https://repo.maven.apache.org/maven2/org/apache/maven/maven-plugin-descriptor/2.0.6/maven-plugin-descriptor-2.0.6.jar (37 kB at 258 kB/s)
[59ca51de-398a-432d-b387-477561bd7cd9/build]   | [INFO] Downloading from central: https://repo.maven.apache.org/maven2/junit/junit/3.8.1/junit-3.8.1.jar
[59ca51de-398a-432d-b387-477561bd7cd9/build]   | [INFO] Downloaded from central: https://repo.maven.apache.org/maven2/org/apache/maven/maven-settings/2.0.6/maven-settings-2.0.6.jar (49 kB at 284 kB/s)
[59ca51de-398a-432d-b387-477561bd7cd9/build]   | [INFO] Downloading from central: https://repo.maven.apache.org/maven2/org/codehaus/plexus/plexus-utils/2.0.5/plexus-utils-2.0.5.jar
[59ca51de-398a-432d-b387-477561bd7cd9/build]   | [INFO] Downloaded from central: https://repo.maven.apache.org/maven2/org/apache/maven/maven-monitor/2.0.6/maven-monitor-2.0.6.jar (10 kB at 54 kB/s)
[59ca51de-398a-432d-b387-477561bd7cd9/build]   | [INFO] Downloading from central: https://repo.maven.apache.org/maven2/org/apache/maven/shared/maven-filtering/1.1/maven-filtering-1.1.jar
[59ca51de-398a-432d-b387-477561bd7cd9/build]   | [INFO] Downloaded from central: https://repo.maven.apache.org/maven2/org/apache/maven/maven-model/2.0.6/maven-model-2.0.6.jar (86 kB at 441 kB/s)
[59ca51de-398a-432d-b387-477561bd7cd9/build]   | [INFO] Downloading from central: https://repo.maven.apache.org/maven2/org/sonatype/plexus/plexus-build-api/0.0.4/plexus-build-api-0.0.4.jar
[59ca51de-398a-432d-b387-477561bd7cd9/build]   | [INFO] Downloaded from central: https://repo.maven.apache.org/maven2/org/codehaus/plexus/plexus-utils/2.0.5/plexus-utils-2.0.5.jar (223 kB at 1.0 MB/s)
[59ca51de-398a-432d-b387-477561bd7cd9/build]   | [INFO] Downloading from central: https://repo.maven.apache.org/maven2/org/codehaus/plexus/plexus-interpolation/1.13/plexus-interpolation-1.13.jar
[59ca51de-398a-432d-b387-477561bd7cd9/build]   | [INFO] Downloaded from central: https://repo.maven.apache.org/maven2/org/sonatype/plexus/plexus-build-api/0.0.4/plexus-build-api-0.0.4.jar (6.8 kB at 30 kB/s)
[59ca51de-398a-432d-b387-477561bd7cd9/build]   | [INFO] Downloaded from central: https://repo.maven.apache.org/maven2/junit/junit/3.8.1/junit-3.8.1.jar (121 kB at 509 kB/s)
[59ca51de-398a-432d-b387-477561bd7cd9/build]   | [INFO] Downloaded from central: https://repo.maven.apache.org/maven2/org/apache/maven/maven-artifact-manager/2.0.6/maven-artifact-manager-2.0.6.jar (57 kB at 217 kB/s)
[59ca51de-398a-432d-b387-477561bd7cd9/build]   | [INFO] Downloaded from central: https://repo.maven.apache.org/maven2/org/codehaus/plexus/plexus-interpolation/1.13/plexus-interpolation-1.13.jar (61 kB at 236 kB/s)
[59ca51de-398a-432d-b387-477561bd7cd9/build]   | [INFO] Downloaded from central: https://repo.maven.apache.org/maven2/org/apache/maven/shared/maven-filtering/1.1/maven-filtering-1.1.jar (43 kB at 140 kB/s)
[59ca51de-398a-432d-b387-477561bd7cd9/build]   | [INFO] Using 'UTF-8' encoding to copy filtered resources.
[59ca51de-398a-432d-b387-477561bd7cd9/build]   | [INFO] skip non existing resourceDirectory /tmp/2c06e922-f9ce-408b-8e35-959b42fbaeb3/src/main/resources
[59ca51de-398a-432d-b387-477561bd7cd9/build]   | [INFO] 
[59ca51de-398a-432d-b387-477561bd7cd9/build]   | [INFO] --- maven-compiler-plugin:3.8.0:compile (default-compile) @ joni ---
[59ca51de-398a-432d-b387-477561bd7cd9/build]   | [INFO] Downloading from central: https://repo.maven.apache.org/maven2/org/apache/maven/maven-plugin-api/3.0/maven-plugin-api-3.0.pom
[59ca51de-398a-432d-b387-477561bd7cd9/build]   | [INFO] Downloaded from central: https://repo.maven.apache.org/maven2/org/apache/maven/maven-plugin-api/3.0/maven-plugin-api-3.0.pom (2.3 kB at 67 kB/s)
[59ca51de-398a-432d-b387-477561bd7cd9/build]   | [INFO] Downloading from central: https://repo.maven.apache.org/maven2/org/apache/maven/maven/3.0/maven-3.0.pom
[59ca51de-398a-432d-b387-477561bd7cd9/build]   | [INFO] Downloaded from central: https://repo.maven.apache.org/maven2/org/apache/maven/maven/3.0/maven-3.0.pom (22 kB at 322 kB/s)
[59ca51de-398a-432d-b387-477561bd7cd9/build]   | [INFO] Downloading from central: https://repo.maven.apache.org/maven2/org/apache/maven/maven-parent/15/maven-parent-15.pom
[59ca51de-398a-432d-b387-477561bd7cd9/build]   | [INFO] Downloaded from central: https://repo.maven.apache.org/maven2/org/apache/maven/maven-parent/15/maven-parent-15.pom (24 kB at 444 kB/s)
[59ca51de-398a-432d-b387-477561bd7cd9/build]   | [INFO] Downloading from central: https://repo.maven.apache.org/maven2/org/apache/apache/6/apache-6.pom
[59ca51de-398a-432d-b387-477561bd7cd9/build]   | [INFO] Downloaded from central: https://repo.maven.apache.org/maven2/org/apache/apache/6/apache-6.pom (13 kB at 413 kB/s)
[59ca51de-398a-432d-b387-477561bd7cd9/build]   | [INFO] Downloading from central: https://repo.maven.apache.org/maven2/org/apache/maven/maven-model/3.0/maven-model-3.0.pom
[59ca51de-398a-432d-b387-477561bd7cd9/build]   | [INFO] Downloaded from central: https://repo.maven.apache.org/maven2/org/apache/maven/maven-model/3.0/maven-model-3.0.pom (3.9 kB at 144 kB/s)
[59ca51de-398a-432d-b387-477561bd7cd9/build]   | [INFO] Downloading from central: https://repo.maven.apache.org/maven2/org/codehaus/plexus/plexus-utils/2.0.4/plexus-utils-2.0.4.pom
[59ca51de-398a-432d-b387-477561bd7cd9/build]   | [INFO] Downloaded from central: https://repo.maven.apache.org/maven2/org/codehaus/plexus/plexus-utils/2.0.4/plexus-utils-2.0.4.pom (3.3 kB at 54 kB/s)
[59ca51de-398a-432d-b387-477561bd7cd9/build]   | [INFO] Downloading from central: https://repo.maven.apache.org/maven2/org/apache/maven/maven-artifact/3.0/maven-artifact-3.0.pom
[59ca51de-398a-432d-b387-477561bd7cd9/build]   | [INFO] Downloaded from central: https://repo.maven.apache.org/maven2/org/apache/maven/maven-artifact/3.0/maven-artifact-3.0.pom (1.9 kB at 88 kB/s)
[59ca51de-398a-432d-b387-477561bd7cd9/build]   | [INFO] Downloading from central: https://repo.maven.apache.org/maven2/org/sonatype/sisu/sisu-inject-plexus/1.4.2/sisu-inject-plexus-1.4.2.pom
[59ca51de-398a-432d-b387-477561bd7cd9/build]   | [INFO] Downloaded from central: https://repo.maven.apache.org/maven2/org/sonatype/sisu/sisu-inject-plexus/1.4.2/sisu-inject-plexus-1.4.2.pom (5.4 kB at 153 kB/s)
[59ca51de-398a-432d-b387-477561bd7cd9/build]   | [INFO] Downloading from central: https://repo.maven.apache.org/maven2/org/sonatype/sisu/inject/guice-plexus/1.4.2/guice-plexus-1.4.2.pom
[59ca51de-398a-432d-b387-477561bd7cd9/build]   | [INFO] Downloaded from central: https://repo.maven.apache.org/maven2/org/sonatype/sisu/inject/guice-plexus/1.4.2/guice-plexus-1.4.2.pom (3.1 kB at 98 kB/s)
[59ca51de-398a-432d-b387-477561bd7cd9/build]   | [INFO] Downloading from central: https://repo.maven.apache.org/maven2/org/sonatype/sisu/inject/guice-bean/1.4.2/guice-bean-1.4.2.pom
[59ca51de-398a-432d-b387-477561bd7cd9/build]   | [INFO] Downloaded from central: https://repo.maven.apache.org/maven2/org/sonatype/sisu/inject/guice-bean/1.4.2/guice-bean-1.4.2.pom (2.6 kB at 37 kB/s)
[59ca51de-398a-432d-b387-477561bd7cd9/build]   | [INFO] Downloading from central: https://repo.maven.apache.org/maven2/org/sonatype/sisu/sisu-inject/1.4.2/sisu-inject-1.4.2.pom
[59ca51de-398a-432d-b387-477561bd7cd9/build]   | [INFO] Downloaded from central: https://repo.maven.apache.org/maven2/org/sonatype/sisu/sisu-inject/1.4.2/sisu-inject-1.4.2.pom (1.2 kB at 50 kB/s)
[59ca51de-398a-432d-b387-477561bd7cd9/build]   | [INFO] Downloading from central: https://repo.maven.apache.org/maven2/org/sonatype/sisu/sisu-parent/1.4.2/sisu-parent-1.4.2.pom
[59ca51de-398a-432d-b387-477561bd7cd9/build]   | [INFO] Downloaded from central: https://repo.maven.apache.org/maven2/org/sonatype/sisu/sisu-parent/1.4.2/sisu-parent-1.4.2.pom (7.8 kB at 88 kB/s)
[59ca51de-398a-432d-b387-477561bd7cd9/build]   | [INFO] Downloading from central: https://repo.maven.apache.org/maven2/org/sonatype/forge/forge-parent/6/forge-parent-6.pom
[59ca51de-398a-432d-b387-477561bd7cd9/build]   | [INFO] Downloaded from central: https://repo.maven.apache.org/maven2/org/sonatype/forge/forge-parent/6/forge-parent-6.pom (11 kB at 179 kB/s)
[59ca51de-398a-432d-b387-477561bd7cd9/build]   | [INFO] Downloading from central: https://repo.maven.apache.org/maven2/org/codehaus/plexus/plexus-component-annotations/1.7.1/plexus-component-annotations-1.7.1.pom
[59ca51de-398a-432d-b387-477561bd7cd9/build]   | [INFO] Downloaded from central: https://repo.maven.apache.org/maven2/org/codehaus/plexus/plexus-component-annotations/1.7.1/plexus-component-annotations-1.7.1.pom (770 B at 15 kB/s)
[59ca51de-398a-432d-b387-477561bd7cd9/build]   | [INFO] Downloading from central: https://repo.maven.apache.org/maven2/org/codehaus/plexus/plexus-containers/1.7.1/plexus-containers-1.7.1.pom
[59ca51de-398a-432d-b387-477561bd7cd9/build]   | [INFO] Downloaded from central: https://repo.maven.apache.org/maven2/org/codehaus/plexus/plexus-containers/1.7.1/plexus-containers-1.7.1.pom (5.0 kB at 114 kB/s)
[59ca51de-398a-432d-b387-477561bd7cd9/build]   | [INFO] Downloading from central: https://repo.maven.apache.org/maven2/org/codehaus/plexus/plexus/4.0/plexus-4.0.pom
[59ca51de-398a-432d-b387-477561bd7cd9/build]   | [INFO] Downloaded from central: https://repo.maven.apache.org/maven2/org/codehaus/plexus/plexus/4.0/plexus-4.0.pom (22 kB at 279 kB/s)
[59ca51de-398a-432d-b387-477561bd7cd9/build]   | [INFO] Downloading from central: https://repo.maven.apache.org/maven2/org/sonatype/forge/forge-parent/10/forge-parent-10.pom
[59ca51de-398a-432d-b387-477561bd7cd9/build]   | [INFO] Downloaded from central: https://repo.maven.apache.org/maven2/org/sonatype/forge/forge-parent/10/forge-parent-10.pom (14 kB at 271 kB/s)
[59ca51de-398a-432d-b387-477561bd7cd9/build]   | [INFO] Downloading from central: https://repo.maven.apache.org/maven2/org/codehaus/plexus/plexus-classworlds/2.2.3/plexus-classworlds-2.2.3.pom
[59ca51de-398a-432d-b387-477561bd7cd9/build]   | [INFO] Downloaded from central: https://repo.maven.apache.org/maven2/org/codehaus/plexus/plexus-classworlds/2.2.3/plexus-classworlds-2.2.3.pom (4.0 kB at 60 kB/s)
[59ca51de-398a-432d-b387-477561bd7cd9/build]   | [INFO] Downloading from central: https://repo.maven.apache.org/maven2/org/sonatype/sisu/sisu-inject-bean/1.4.2/sisu-inject-bean-1.4.2.pom
[59ca51de-398a-432d-b387-477561bd7cd9/build]   | [INFO] Downloaded from central: https://repo.maven.apache.org/maven2/org/sonatype/sisu/sisu-inject-bean/1.4.2/sisu-inject-bean-1.4.2.pom (5.5 kB at 133 kB/s)
[59ca51de-398a-432d-b387-477561bd7cd9/build]   | [INFO] Downloading from central: https://repo.maven.apache.org/maven2/org/sonatype/sisu/sisu-guice/2.1.7/sisu-guice-2.1.7.pom
[59ca51de-398a-432d-b387-477561bd7cd9/build]   | [INFO] Downloaded from central: https://repo.maven.apache.org/maven2/org/sonatype/sisu/sisu-guice/2.1.7/sisu-guice-2.1.7.pom (11 kB at 184 kB/s)
[59ca51de-398a-432d-b387-477561bd7cd9/build]   | [INFO] Downloading from central: https://repo.maven.apache.org/maven2/org/apache/maven/maven-core/3.0/maven-core-3.0.pom
[59ca51de-398a-432d-b387-477561bd7cd9/build]   | [INFO] Downloaded from central: https://repo.maven.apache.org/maven2/org/apache/maven/maven-core/3.0/maven-core-3.0.pom (6.6 kB at 166 kB/s)
[59ca51de-398a-432d-b387-477561bd7cd9/build]   | [INFO] Downloading from central: https://repo.maven.apache.org/maven2/org/apache/maven/maven-settings/3.0/maven-settings-3.0.pom
[59ca51de-398a-432d-b387-477561bd7cd9/build]   | [INFO] Downloaded from central: https://repo.maven.apache.org/maven2/org/apache/maven/maven-settings/3.0/maven-settings-3.0.pom (1.9 kB at 63 kB/s)
[59ca51de-398a-432d-b387-477561bd7cd9/build]   | [INFO] Downloading from central: https://repo.maven.apache.org/maven2/org/apache/maven/maven-settings-builder/3.0/maven-settings-builder-3.0.pom
[59ca51de-398a-432d-b387-477561bd7cd9/build]   | [INFO] Downloaded from central: https://repo.maven.apache.org/maven2/org/apache/maven/maven-settings-builder/3.0/maven-settings-builder-3.0.pom (2.2 kB at 101 kB/s)
[59ca51de-398a-432d-b387-477561bd7cd9/build]   | [INFO] Downloading from central: https://repo.maven.apache.org/maven2/org/codehaus/plexus/plexus-interpolation/1.14/plexus-interpolation-1.14.pom
[59ca51de-398a-432d-b387-477561bd7cd9/build]   | [INFO] Downloaded from central: https://repo.maven.apache.org/maven2/org/codehaus/plexus/plexus-interpolation/1.14/plexus-interpolation-1.14.pom (910 B at 46 kB/s)
[59ca51de-398a-432d-b387-477561bd7cd9/build]   | [INFO] Downloading from central: https://repo.maven.apache.org/maven2/org/codehaus/plexus/plexus-components/1.1.18/plexus-components-1.1.18.pom
[59ca51de-398a-432d-b387-477561bd7cd9/build]   | [INFO] Downloaded from central: https://repo.maven.apache.org/maven2/org/codehaus/plexus/plexus-components/1.1.18/plexus-components-1.1.18.pom (5.4 kB at 173 kB/s)
[59ca51de-398a-432d-b387-477561bd7cd9/build]   | [INFO] Downloading from central: https://repo.maven.apache.org/maven2/org/codehaus/plexus/plexus/2.0.7/plexus-2.0.7.pom
[59ca51de-398a-432d-b387-477561bd7cd9/build]   | [INFO] Downloaded from central: https://repo.maven.apache.org/maven2/org/codehaus/plexus/plexus/2.0.7/plexus-2.0.7.pom (17 kB at 467 kB/s)
[59ca51de-398a-432d-b387-477561bd7cd9/build]   | [INFO] Downloading from central: https://repo.maven.apache.org/maven2/org/sonatype/plexus/plexus-sec-dispatcher/1.3/plexus-sec-dispatcher-1.3.pom
[59ca51de-398a-432d-b387-477561bd7cd9/build]   | [INFO] Downloaded from central: https://repo.maven.apache.org/maven2/org/sonatype/plexus/plexus-sec-dispatcher/1.3/plexus-sec-dispatcher-1.3.pom (3.0 kB at 123 kB/s)
[59ca51de-398a-432d-b387-477561bd7cd9/build]   | [INFO] Downloading from central: https://repo.maven.apache.org/maven2/org/sonatype/spice/spice-parent/12/spice-parent-12.pom
[59ca51de-398a-432d-b387-477561bd7cd9/build]   | [INFO] Downloaded from central: https://repo.maven.apache.org/maven2/org/sonatype/spice/spice-parent/12/spice-parent-12.pom (6.8 kB at 124 kB/s)
[59ca51de-398a-432d-b387-477561bd7cd9/build]   | [INFO] Downloading from central: https://repo.maven.apache.org/maven2/org/sonatype/forge/forge-parent/4/forge-parent-4.pom
[59ca51de-398a-432d-b387-477561bd7cd9/build]   | [INFO] Downloaded from central: https://repo.maven.apache.org/maven2/org/sonatype/forge/forge-parent/4/forge-parent-4.pom (8.4 kB at 168 kB/s)
[59ca51de-398a-432d-b387-477561bd7cd9/build]   | [INFO] Downloading from central: https://repo.maven.apache.org/maven2/org/codehaus/plexus/plexus-utils/1.5.5/plexus-utils-1.5.5.pom
[59ca51de-398a-432d-b387-477561bd7cd9/build]   | [INFO] Downloaded from central: https://repo.maven.apache.org/maven2/org/codehaus/plexus/plexus-utils/1.5.5/plexus-utils-1.5.5.pom (5.1 kB at 132 kB/s)
[59ca51de-398a-432d-b387-477561bd7cd9/build]   | [INFO] Downloading from central: https://repo.maven.apache.org/maven2/org/sonatype/plexus/plexus-cipher/1.4/plexus-cipher-1.4.pom
[59ca51de-398a-432d-b387-477561bd7cd9/build]   | [INFO] Downloaded from central: https://repo.maven.apache.org/maven2/org/sonatype/plexus/plexus-cipher/1.4/plexus-cipher-1.4.pom (2.1 kB at 59 kB/s)
[59ca51de-398a-432d-b387-477561bd7cd9/build]   | [INFO] Downloading from central: https://repo.maven.apache.org/maven2/org/apache/maven/maven-repository-metadata/3.0/maven-repository-metadata-3.0.pom
[59ca51de-398a-432d-b387-477561bd7cd9/build]   | [INFO] Downloaded from central: https://repo.maven.apache.org/maven2/org/apache/maven/maven-repository-metadata/3.0/maven-repository-metadata-3.0.pom (1.9 kB at 37 kB/s)
[59ca51de-398a-432d-b387-477561bd7cd9/build]   | [INFO] Downloading from central: https://repo.maven.apache.org/maven2/org/apache/maven/maven-model-builder/3.0/maven-model-builder-3.0.pom
[59ca51de-398a-432d-b387-477561bd7cd9/build]   | [INFO] Downloaded from central: https://repo.maven.apache.org/maven2/org/apache/maven/maven-model-builder/3.0/maven-model-builder-3.0.pom (2.2 kB at 56 kB/s)
[59ca51de-398a-432d-b387-477561bd7cd9/build]   | [INFO] Downloading from central: https://repo.maven.apache.org/maven2/org/apache/maven/maven-aether-provider/3.0/maven-aether-provider-3.0.pom
[59ca51de-398a-432d-b387-477561bd7cd9/build]   | [INFO] Downloaded from central: https://repo.maven.apache.org/maven2/org/apache/maven/maven-aether-provider/3.0/maven-aether-provider-3.0.pom (2.5 kB at 63 kB/s)
[59ca51de-398a-432d-b387-477561bd7cd9/build]   | [INFO] Downloading from central: https://repo.maven.apache.org/maven2/org/sonatype/aether/aether-api/1.7/aether-api-1.7.pom
[59ca51de-398a-432d-b387-477561bd7cd9/build]   | [INFO] Downloaded from central: https://repo.maven.apache.org/maven2/org/sonatype/aether/aether-api/1.7/aether-api-1.7.pom (1.7 kB at 22 kB/s)
[59ca51de-398a-432d-b387-477561bd7cd9/build]   | [INFO] Downloading from central: https://repo.maven.apache.org/maven2/org/sonatype/aether/aether-parent/1.7/aether-parent-1.7.pom
[59ca51de-398a-432d-b387-477561bd7cd9/build]   | [INFO] Downloaded from central: https://repo.maven.apache.org/maven2/org/sonatype/aether/aether-parent/1.7/aether-parent-1.7.pom (7.7 kB at 149 kB/s)
[59ca51de-398a-432d-b387-477561bd7cd9/build]   | [INFO] Downloading from central: https://repo.maven.apache.org/maven2/org/sonatype/aether/aether-util/1.7/aether-util-1.7.pom
[59ca51de-398a-432d-b387-477561bd7cd9/build]   | [INFO] Downloaded from central: https://repo.maven.apache.org/maven2/org/sonatype/aether/aether-util/1.7/aether-util-1.7.pom (2.1 kB at 36 kB/s)
[59ca51de-398a-432d-b387-477561bd7cd9/build]   | [INFO] Downloading from central: https://repo.maven.apache.org/maven2/org/sonatype/aether/aether-impl/1.7/aether-impl-1.7.pom
[59ca51de-398a-432d-b387-477561bd7cd9/build]   | [INFO] Downloaded from central: https://repo.maven.apache.org/maven2/org/sonatype/aether/aether-impl/1.7/aether-impl-1.7.pom (3.7 kB at 55 kB/s)
[59ca51de-398a-432d-b387-477561bd7cd9/build]   | [INFO] Downloading from central: https://repo.maven.apache.org/maven2/org/sonatype/aether/aether-spi/1.7/aether-spi-1.7.pom
[59ca51de-398a-432d-b387-477561bd7cd9/build]   | [INFO] Downloaded from central: https://repo.maven.apache.org/maven2/org/sonatype/aether/aether-spi/1.7/aether-spi-1.7.pom (1.7 kB at 31 kB/s)
[59ca51de-398a-432d-b387-477561bd7cd9/build]   | [INFO] Downloading from central: https://repo.maven.apache.org/maven2/org/apache/maven/shared/maven-shared-utils/3.2.1/maven-shared-utils-3.2.1.pom
[59ca51de-398a-432d-b387-477561bd7cd9/build]   | [INFO] Downloaded from central: https://repo.maven.apache.org/maven2/org/apache/maven/shared/maven-shared-utils/3.2.1/maven-shared-utils-3.2.1.pom (5.6 kB at 87 kB/s)
[59ca51de-398a-432d-b387-477561bd7cd9/build]   | [INFO] Downloading from central: https://repo.maven.apache.org/maven2/org/apache/maven/shared/maven-shared-components/30/maven-shared-components-30.pom
[59ca51de-398a-432d-b387-477561bd7cd9/build]   | [INFO] Downloaded from central: https://repo.maven.apache.org/maven2/org/apache/maven/shared/maven-shared-components/30/maven-shared-components-30.pom (4.6 kB at 92 kB/s)
[59ca51de-398a-432d-b387-477561bd7cd9/build]   | [INFO] Downloading from central: https://repo.maven.apache.org/maven2/org/apache/maven/maven-parent/30/maven-parent-30.pom
[59ca51de-398a-432d-b387-477561bd7cd9/build]   | [INFO] Downloaded from central: https://repo.maven.apache.org/maven2/org/apache/maven/maven-parent/30/maven-parent-30.pom (41 kB at 780 kB/s)
[59ca51de-398a-432d-b387-477561bd7cd9/build]   | [INFO] Downloading from central: https://repo.maven.apache.org/maven2/org/apache/apache/18/apache-18.pom
[59ca51de-398a-432d-b387-477561bd7cd9/build]   | [INFO] Downloaded from central: https://repo.maven.apache.org/maven2/org/apache/apache/18/apache-18.pom (16 kB at 163 kB/s)
[59ca51de-398a-432d-b387-477561bd7cd9/build]   | [INFO] Downloading from central: https://repo.maven.apache.org/maven2/commons-io/commons-io/2.5/commons-io-2.5.pom
[59ca51de-398a-432d-b387-477561bd7cd9/build]   | [INFO] Downloaded from central: https://repo.maven.apache.org/maven2/commons-io/commons-io/2.5/commons-io-2.5.pom (13 kB at 195 kB/s)
[59ca51de-398a-432d-b387-477561bd7cd9/build]   | [INFO] Downloading from central: https://repo.maven.apache.org/maven2/org/apache/commons/commons-parent/39/commons-parent-39.pom
[59ca51de-398a-432d-b387-477561bd7cd9/build]   | [INFO] Downloaded from central: https://repo.maven.apache.org/maven2/org/apache/commons/commons-parent/39/commons-parent-39.pom (62 kB at 1.1 MB/s)
[59ca51de-398a-432d-b387-477561bd7cd9/build]   | [INFO] Downloading from central: https://repo.maven.apache.org/maven2/org/apache/apache/16/apache-16.pom
[59ca51de-398a-432d-b387-477561bd7cd9/build]   | [INFO] Downloaded from central: https://repo.maven.apache.org/maven2/org/apache/apache/16/apache-16.pom (15 kB at 188 kB/s)
[59ca51de-398a-432d-b387-477561bd7cd9/build]   | [INFO] Downloading from central: https://repo.maven.apache.org/maven2/org/apache/maven/shared/maven-shared-incremental/1.1/maven-shared-incremental-1.1.pom
[59ca51de-398a-432d-b387-477561bd7cd9/build]   | [INFO] Downloaded from central: https://repo.maven.apache.org/maven2/org/apache/maven/shared/maven-shared-incremental/1.1/maven-shared-incremental-1.1.pom (4.7 kB at 263 kB/s)
[59ca51de-398a-432d-b387-477561bd7cd9/build]   | [INFO] Downloading from central: https://repo.maven.apache.org/maven2/org/apache/maven/shared/maven-shared-components/19/maven-shared-components-19.pom
[59ca51de-398a-432d-b387-477561bd7cd9/build]   | [INFO] Downloaded from central: https://repo.maven.apache.org/maven2/org/apache/maven/shared/maven-shared-components/19/maven-shared-components-19.pom (6.4 kB at 219 kB/s)
[59ca51de-398a-432d-b387-477561bd7cd9/build]   | [INFO] Downloading from central: https://repo.maven.apache.org/maven2/org/apache/maven/maven-parent/23/maven-parent-23.pom
[59ca51de-398a-432d-b387-477561bd7cd9/build]   | [INFO] Downloaded from central: https://repo.maven.apache.org/maven2/org/apache/maven/maven-parent/23/maven-parent-23.pom (33 kB at 1.1 MB/s)
[59ca51de-398a-432d-b387-477561bd7cd9/build]   | [INFO] Downloading from central: https://repo.maven.apache.org/maven2/org/apache/apache/13/apache-13.pom
[59ca51de-398a-432d-b387-477561bd7cd9/build]   | [INFO] Downloaded from central: https://repo.maven.apache.org/maven2/org/apache/apache/13/apache-13.pom (14 kB at 399 kB/s)
[59ca51de-398a-432d-b387-477561bd7cd9/build]   | [INFO] Downloading from central: https://repo.maven.apache.org/maven2/org/apache/maven/maven-plugin-api/2.2.1/maven-plugin-api-2.2.1.pom
[59ca51de-398a-432d-b387-477561bd7cd9/build]   | [INFO] Downloaded from central: https://repo.maven.apache.org/maven2/org/apache/maven/maven-plugin-api/2.2.1/maven-plugin-api-2.2.1.pom (1.5 kB at 46 kB/s)
[59ca51de-398a-432d-b387-477561bd7cd9/build]   | [INFO] Downloading from central: https://repo.maven.apache.org/maven2/org/apache/maven/maven/2.2.1/maven-2.2.1.pom
[59ca51de-398a-432d-b387-477561bd7cd9/build]   | [INFO] Downloaded from central: https://repo.maven.apache.org/maven2/org/apache/maven/maven/2.2.1/maven-2.2.1.pom (22 kB at 521 kB/s)
[59ca51de-398a-432d-b387-477561bd7cd9/build]   | [INFO] Downloading from central: https://repo.maven.apache.org/maven2/org/apache/maven/maven-core/2.2.1/maven-core-2.2.1.pom
[59ca51de-398a-432d-b387-477561bd7cd9/build]   | [INFO] Downloaded from central: https://repo.maven.apache.org/maven2/org/apache/maven/maven-core/2.2.1/maven-core-2.2.1.pom (12 kB at 284 kB/s)
[59ca51de-398a-432d-b387-477561bd7cd9/build]   | [INFO] Downloading from central: https://repo.maven.apache.org/maven2/org/apache/maven/maven-settings/2.2.1/maven-settings-2.2.1.pom
[59ca51de-398a-432d-b387-477561bd7cd9/build]   | [INFO] Downloaded from central: https://repo.maven.apache.org/maven2/org/apache/maven/maven-settings/2.2.1/maven-settings-2.2.1.pom (2.2 kB at 53 kB/s)
[59ca51de-398a-432d-b387-477561bd7cd9/build]   | [INFO] Downloading from central: https://repo.maven.apache.org/maven2/org/apache/maven/maven-model/2.2.1/maven-model-2.2.1.pom
[59ca51de-398a-432d-b387-477561bd7cd9/build]   | [INFO] Downloaded from central: https://repo.maven.apache.org/maven2/org/apache/maven/maven-model/2.2.1/maven-model-2.2.1.pom (3.2 kB at 98 kB/s)
[59ca51de-398a-432d-b387-477561bd7cd9/build]   | [INFO] Downloading from central: https://repo.maven.apache.org/maven2/org/codehaus/plexus/plexus-interpolation/1.11/plexus-interpolation-1.11.pom
[59ca51de-398a-432d-b387-477561bd7cd9/build]   | [INFO] Downloaded from central: https://repo.maven.apache.org/maven2/org/codehaus/plexus/plexus-interpolation/1.11/plexus-interpolation-1.11.pom (889 B at 16 kB/s)
[59ca51de-398a-432d-b387-477561bd7cd9/build]   | [INFO] Downloading from central: https://repo.maven.apache.org/maven2/org/apache/maven/maven-plugin-parameter-documenter/2.2.1/maven-plugin-parameter-documenter-2.2.1.pom
[59ca51de-398a-432d-b387-477561bd7cd9/build]   | [INFO] Downloaded from central: https://repo.maven.apache.org/maven2/org/apache/maven/maven-plugin-parameter-documenter/2.2.1/maven-plugin-parameter-documenter-2.2.1.pom (2.0 kB at 41 kB/s)
[59ca51de-398a-432d-b387-477561bd7cd9/build]   | [INFO] Downloading from central: https://repo.maven.apache.org/maven2/org/slf4j/slf4j-jdk14/1.5.6/slf4j-jdk14-1.5.6.pom
[59ca51de-398a-432d-b387-477561bd7cd9/build]   | [INFO] Downloaded from central: https://repo.maven.apache.org/maven2/org/slf4j/slf4j-jdk14/1.5.6/slf4j-jdk14-1.5.6.pom (1.9 kB at 32 kB/s)
[59ca51de-398a-432d-b387-477561bd7cd9/build]   | [INFO] Downloading from central: https://repo.maven.apache.org/maven2/org/slf4j/slf4j-parent/1.5.6/slf4j-parent-1.5.6.pom
[59ca51de-398a-432d-b387-477561bd7cd9/build]   | [INFO] Downloaded from central: https://repo.maven.apache.org/maven2/org/slf4j/slf4j-parent/1.5.6/slf4j-parent-1.5.6.pom (7.9 kB at 305 kB/s)
[59ca51de-398a-432d-b387-477561bd7cd9/build]   | [INFO] Downloading from central: https://repo.maven.apache.org/maven2/org/slf4j/slf4j-api/1.5.6/slf4j-api-1.5.6.pom
[59ca51de-398a-432d-b387-477561bd7cd9/build]   | [INFO] Downloaded from central: https://repo.maven.apache.org/maven2/org/slf4j/slf4j-api/1.5.6/slf4j-api-1.5.6.pom (3.0 kB at 88 kB/s)
[59ca51de-398a-432d-b387-477561bd7cd9/build]   | [INFO] Downloading from central: https://repo.maven.apache.org/maven2/org/slf4j/jcl-over-slf4j/1.5.6/jcl-over-slf4j-1.5.6.pom
[59ca51de-398a-432d-b387-477561bd7cd9/build]   | [INFO] Downloaded from central: https://repo.maven.apache.org/maven2/org/slf4j/jcl-over-slf4j/1.5.6/jcl-over-slf4j-1.5.6.pom (2.2 kB at 47 kB/s)
[59ca51de-398a-432d-b387-477561bd7cd9/build]   | [INFO] Downloading from central: https://repo.maven.apache.org/maven2/org/apache/maven/maven-profile/2.2.1/maven-profile-2.2.1.pom
[59ca51de-398a-432d-b387-477561bd7cd9/build]   | [INFO] Downloaded from central: https://repo.maven.apache.org/maven2/org/apache/maven/maven-profile/2.2.1/maven-profile-2.2.1.pom (2.2 kB at 94 kB/s)
[59ca51de-398a-432d-b387-477561bd7cd9/build]   | [INFO] Downloading from central: https://repo.maven.apache.org/maven2/org/apache/maven/maven-artifact/2.2.1/maven-artifact-2.2.1.pom
[59ca51de-398a-432d-b387-477561bd7cd9/build]   | [INFO] Downloaded from central: https://repo.maven.apache.org/maven2/org/apache/maven/maven-artifact/2.2.1/maven-artifact-2.2.1.pom (1.6 kB at 41 kB/s)
[59ca51de-398a-432d-b387-477561bd7cd9/build]   | [INFO] Downloading from central: https://repo.maven.apache.org/maven2/org/apache/maven/maven-repository-metadata/2.2.1/maven-repository-metadata-2.2.1.pom
[59ca51de-398a-432d-b387-477561bd7cd9/build]   | [INFO] Downloaded from central: https://repo.maven.apache.org/maven2/org/apache/maven/maven-repository-metadata/2.2.1/maven-repository-metadata-2.2.1.pom (1.9 kB at 62 kB/s)
[59ca51de-398a-432d-b387-477561bd7cd9/build]   | [INFO] Downloading from central: https://repo.maven.apache.org/maven2/org/apache/maven/maven-error-diagnostics/2.2.1/maven-error-diagnostics-2.2.1.pom
[59ca51de-398a-432d-b387-477561bd7cd9/build]   | [INFO] Downloaded from central: https://repo.maven.apache.org/maven2/org/apache/maven/maven-error-diagnostics/2.2.1/maven-error-diagnostics-2.2.1.pom (1.7 kB at 29 kB/s)
[59ca51de-398a-432d-b387-477561bd7cd9/build]   | [INFO] Downloading from central: https://repo.maven.apache.org/maven2/org/apache/maven/maven-project/2.2.1/maven-project-2.2.1.pom
[59ca51de-398a-432d-b387-477561bd7cd9/build]   | [INFO] Downloaded from central: https://repo.maven.apache.org/maven2/org/apache/maven/maven-project/2.2.1/maven-project-2.2.1.pom (2.8 kB at 111 kB/s)
[59ca51de-398a-432d-b387-477561bd7cd9/build]   | [INFO] Downloading from central: https://repo.maven.apache.org/maven2/org/apache/maven/maven-artifact-manager/2.2.1/maven-artifact-manager-2.2.1.pom
[59ca51de-398a-432d-b387-477561bd7cd9/build]   | [INFO] Downloaded from central: https://repo.maven.apache.org/maven2/org/apache/maven/maven-artifact-manager/2.2.1/maven-artifact-manager-2.2.1.pom (3.1 kB at 135 kB/s)
[59ca51de-398a-432d-b387-477561bd7cd9/build]   | [INFO] Downloading from central: https://repo.maven.apache.org/maven2/backport-util-concurrent/backport-util-concurrent/3.1/backport-util-concurrent-3.1.pom
[59ca51de-398a-432d-b387-477561bd7cd9/build]   | [INFO] Downloaded from central: https://repo.maven.apache.org/maven2/backport-util-concurrent/backport-util-concurrent/3.1/backport-util-concurrent-3.1.pom (880 B at 30 kB/s)
[59ca51de-398a-432d-b387-477561bd7cd9/build]   | [INFO] Downloading from central: https://repo.maven.apache.org/maven2/org/apache/maven/maven-plugin-registry/2.2.1/maven-plugin-registry-2.2.1.pom
[59ca51de-398a-432d-b387-477561bd7cd9/build]   | [INFO] Downloaded from central: https://repo.maven.apache.org/maven2/org/apache/maven/maven-plugin-registry/2.2.1/maven-plugin-registry-2.2.1.pom (1.9 kB at 74 kB/s)
[59ca51de-398a-432d-b387-477561bd7cd9/build]   | [INFO] Downloading from central: https://repo.maven.apache.org/maven2/org/apache/maven/maven-plugin-descriptor/2.2.1/maven-plugin-descriptor-2.2.1.pom
[59ca51de-398a-432d-b387-477561bd7cd9/build]   | [INFO] Downloaded from central: https://repo.maven.apache.org/maven2/org/apache/maven/maven-plugin-descriptor/2.2.1/maven-plugin-descriptor-2.2.1.pom (2.1 kB at 86 kB/s)
[59ca51de-398a-432d-b387-477561bd7cd9/build]   | [INFO] Downloading from central: https://repo.maven.apache.org/maven2/org/apache/maven/maven-monitor/2.2.1/maven-monitor-2.2.1.pom
[59ca51de-398a-432d-b387-477561bd7cd9/build]   | [INFO] Downloaded from central: https://repo.maven.apache.org/maven2/org/apache/maven/maven-monitor/2.2.1/maven-monitor-2.2.1.pom (1.3 kB at 38 kB/s)
[59ca51de-398a-432d-b387-477561bd7cd9/build]   | [INFO] Downloading from central: https://repo.maven.apache.org/maven2/org/apache/maven/shared/maven-shared-utils/0.1/maven-shared-utils-0.1.pom
[59ca51de-398a-432d-b387-477561bd7cd9/build]   | [INFO] Downloaded from central: https://repo.maven.apache.org/maven2/org/apache/maven/shared/maven-shared-utils/0.1/maven-shared-utils-0.1.pom (4.0 kB at 54 kB/s)
[59ca51de-398a-432d-b387-477561bd7cd9/build]   | [INFO] Downloading from central: https://repo.maven.apache.org/maven2/org/apache/maven/shared/maven-shared-components/18/maven-shared-components-18.pom
[59ca51de-398a-432d-b387-477561bd7cd9/build]   | [INFO] Downloaded from central: https://repo.maven.apache.org/maven2/org/apache/maven/shared/maven-shared-components/18/maven-shared-components-18.pom (4.9 kB at 117 kB/s)
[59ca51de-398a-432d-b387-477561bd7cd9/build]   | [INFO] Downloading from central: https://repo.maven.apache.org/maven2/com/google/code/findbugs/jsr305/2.0.1/jsr305-2.0.1.pom
[59ca51de-398a-432d-b387-477561bd7cd9/build]   | [INFO] Downloaded from central: https://repo.maven.apache.org/maven2/com/google/code/findbugs/jsr305/2.0.1/jsr305-2.0.1.pom (965 B at 18 kB/s)
[59ca51de-398a-432d-b387-477561bd7cd9/build]   | [INFO] Downloading from central: https://repo.maven.apache.org/maven2/org/codehaus/plexus/plexus-java/0.9.10/plexus-java-0.9.10.pom
[59ca51de-398a-432d-b387-477561bd7cd9/build]   | [INFO] Downloaded from central: https://repo.maven.apache.org/maven2/org/codehaus/plexus/plexus-java/0.9.10/plexus-java-0.9.10.pom (5.1 kB at 269 kB/s)
[59ca51de-398a-432d-b387-477561bd7cd9/build]   | [INFO] Downloading from central: https://repo.maven.apache.org/maven2/org/codehaus/plexus/plexus-languages/0.9.10/plexus-languages-0.9.10.pom
[59ca51de-398a-432d-b387-477561bd7cd9/build]   | [INFO] Downloaded from central: https://repo.maven.apache.org/maven2/org/codehaus/plexus/plexus-languages/0.9.10/plexus-languages-0.9.10.pom (4.1 kB at 148 kB/s)
[59ca51de-398a-432d-b387-477561bd7cd9/build]   | [INFO] Downloading from central: https://repo.maven.apache.org/maven2/org/ow2/asm/asm/6.2/asm-6.2.pom
[59ca51de-398a-432d-b387-477561bd7cd9/build]   | [INFO] Downloaded from central: https://repo.maven.apache.org/maven2/org/ow2/asm/asm/6.2/asm-6.2.pom (2.9 kB at 73 kB/s)
[59ca51de-398a-432d-b387-477561bd7cd9/build]   | [INFO] Downloading from central: https://repo.maven.apache.org/maven2/com/thoughtworks/qdox/qdox/2.0-M9/qdox-2.0-M9.pom
[59ca51de-398a-432d-b387-477561bd7cd9/build]   | [INFO] Downloaded from central: https://repo.maven.apache.org/maven2/com/thoughtworks/qdox/qdox/2.0-M9/qdox-2.0-M9.pom (16 kB at 440 kB/s)
[59ca51de-398a-432d-b387-477561bd7cd9/build]   | [INFO] Downloading from central: https://repo.maven.apache.org/maven2/org/sonatype/oss/oss-parent/9/oss-parent-9.pom
[59ca51de-398a-432d-b387-477561bd7cd9/build]   | [INFO] Downloaded from central: https://repo.maven.apache.org/maven2/org/sonatype/oss/oss-parent/9/oss-parent-9.pom (6.6 kB at 182 kB/s)
[59ca51de-398a-432d-b387-477561bd7cd9/build]   | [INFO] Downloading from central: https://repo.maven.apache.org/maven2/org/codehaus/plexus/plexus-compiler-api/2.8.4/plexus-compiler-api-2.8.4.pom
[59ca51de-398a-432d-b387-477561bd7cd9/build]   | [INFO] Downloaded from central: https://repo.maven.apache.org/maven2/org/codehaus/plexus/plexus-compiler-api/2.8.4/plexus-compiler-api-2.8.4.pom (867 B at 28 kB/s)
[59ca51de-398a-432d-b387-477561bd7cd9/build]   | [INFO] Downloading from central: https://repo.maven.apache.org/maven2/org/codehaus/plexus/plexus-compiler/2.8.4/plexus-compiler-2.8.4.pom
[59ca51de-398a-432d-b387-477561bd7cd9/build]   | [INFO] Downloaded from central: https://repo.maven.apache.org/maven2/org/codehaus/plexus/plexus-compiler/2.8.4/plexus-compiler-2.8.4.pom (6.0 kB at 208 kB/s)
[59ca51de-398a-432d-b387-477561bd7cd9/build]   | [INFO] Downloading from central: https://repo.maven.apache.org/maven2/org/codehaus/plexus/plexus-components/4.0/plexus-components-4.0.pom
[59ca51de-398a-432d-b387-477561bd7cd9/build]   | [INFO] Downloaded from central: https://repo.maven.apache.org/maven2/org/codehaus/plexus/plexus-components/4.0/plexus-components-4.0.pom (2.7 kB at 81 kB/s)
[59ca51de-398a-432d-b387-477561bd7cd9/build]   | [INFO] Downloading from central: https://repo.maven.apache.org/maven2/org/codehaus/plexus/plexus-utils/3.0.22/plexus-utils-3.0.22.pom
[59ca51de-398a-432d-b387-477561bd7cd9/build]   | [INFO] Downloaded from central: https://repo.maven.apache.org/maven2/org/codehaus/plexus/plexus-utils/3.0.22/plexus-utils-3.0.22.pom (3.8 kB at 213 kB/s)
[59ca51de-398a-432d-b387-477561bd7cd9/build]   | [INFO] Downloading from central: https://repo.maven.apache.org/maven2/org/codehaus/plexus/plexus/3.3.1/plexus-3.3.1.pom
[59ca51de-398a-432d-b387-477561bd7cd9/build]   | [INFO] Downloaded from central: https://repo.maven.apache.org/maven2/org/codehaus/plexus/plexus/3.3.1/plexus-3.3.1.pom (20 kB at 409 kB/s)
[59ca51de-398a-432d-b387-477561bd7cd9/build]   | [INFO] Downloading from central: https://repo.maven.apache.org/maven2/org/sonatype/spice/spice-parent/17/spice-parent-17.pom
[59ca51de-398a-432d-b387-477561bd7cd9/build]   | [INFO] Downloaded from central: https://repo.maven.apache.org/maven2/org/sonatype/spice/spice-parent/17/spice-parent-17.pom (6.8 kB at 241 kB/s)
[59ca51de-398a-432d-b387-477561bd7cd9/build]   | [INFO] Downloading from central: https://repo.maven.apache.org/maven2/org/codehaus/plexus/plexus-compiler-manager/2.8.4/plexus-compiler-manager-2.8.4.pom
[59ca51de-398a-432d-b387-477561bd7cd9/build]   | [INFO] Downloaded from central: https://repo.maven.apache.org/maven2/org/codehaus/plexus/plexus-compiler-manager/2.8.4/plexus-compiler-manager-2.8.4.pom (692 B at 22 kB/s)
[59ca51de-398a-432d-b387-477561bd7cd9/build]   | [INFO] Downloading from central: https://repo.maven.apache.org/maven2/org/codehaus/plexus/plexus-compiler-javac/2.8.4/plexus-compiler-javac-2.8.4.pom
[59ca51de-398a-432d-b387-477561bd7cd9/build]   | [INFO] Downloaded from central: https://repo.maven.apache.org/maven2/org/codehaus/plexus/plexus-compiler-javac/2.8.4/plexus-compiler-javac-2.8.4.pom (771 B at 25 kB/s)
[59ca51de-398a-432d-b387-477561bd7cd9/build]   | [INFO] Downloading from central: https://repo.maven.apache.org/maven2/org/codehaus/plexus/plexus-compilers/2.8.4/plexus-compilers-2.8.4.pom
[59ca51de-398a-432d-b387-477561bd7cd9/build]   | [INFO] Downloaded from central: https://repo.maven.apache.org/maven2/org/codehaus/plexus/plexus-compilers/2.8.4/plexus-compilers-2.8.4.pom (1.3 kB at 48 kB/s)
[59ca51de-398a-432d-b387-477561bd7cd9/build]   | [INFO] Downloading from central: https://repo.maven.apache.org/maven2/org/apache/maven/maven-plugin-api/3.0/maven-plugin-api-3.0.jar
[59ca51de-398a-432d-b387-477561bd7cd9/build]   | [INFO] Downloading from central: https://repo.maven.apache.org/maven2/org/apache/maven/maven-model/3.0/maven-model-3.0.jar
[59ca51de-398a-432d-b387-477561bd7cd9/build]   | [INFO] Downloading from central: https://repo.maven.apache.org/maven2/org/sonatype/sisu/sisu-inject-plexus/1.4.2/sisu-inject-plexus-1.4.2.jar
[59ca51de-398a-432d-b387-477561bd7cd9/build]   | [INFO] Downloading from central: https://repo.maven.apache.org/maven2/org/sonatype/sisu/sisu-inject-bean/1.4.2/sisu-inject-bean-1.4.2.jar
[59ca51de-398a-432d-b387-477561bd7cd9/build]   | [INFO] Downloading from central: https://repo.maven.apache.org/maven2/org/sonatype/sisu/sisu-guice/2.1.7/sisu-guice-2.1.7-noaop.jar
[59ca51de-398a-432d-b387-477561bd7cd9/build]   | [INFO] Downloaded from central: https://repo.maven.apache.org/maven2/org/apache/maven/maven-plugin-api/3.0/maven-plugin-api-3.0.jar (49 kB at 941 kB/s)
[59ca51de-398a-432d-b387-477561bd7cd9/build]   | [INFO] Downloading from central: https://repo.maven.apache.org/maven2/org/apache/maven/maven-artifact/3.0/maven-artifact-3.0.jar
[59ca51de-398a-432d-b387-477561bd7cd9/build]   | [INFO] Downloaded from central: https://repo.maven.apache.org/maven2/org/sonatype/sisu/sisu-inject-plexus/1.4.2/sisu-inject-plexus-1.4.2.jar (202 kB at 4.0 MB/s)
[59ca51de-398a-432d-b387-477561bd7cd9/build]   | [INFO] Downloading from central: https://repo.maven.apache.org/maven2/org/codehaus/plexus/plexus-utils/2.0.4/plexus-utils-2.0.4.jar
[59ca51de-398a-432d-b387-477561bd7cd9/build]   | [INFO] Downloaded from central: https://repo.maven.apache.org/maven2/org/apache/maven/maven-model/3.0/maven-model-3.0.jar (165 kB at 2.9 MB/s)
[59ca51de-398a-432d-b387-477561bd7cd9/build]   | [INFO] Downloading from central: https://repo.maven.apache.org/maven2/org/apache/maven/maven-core/3.0/maven-core-3.0.jar
[59ca51de-398a-432d-b387-477561bd7cd9/build]   | [INFO] Downloaded from central: https://repo.maven.apache.org/maven2/org/sonatype/sisu/sisu-inject-bean/1.4.2/sisu-inject-bean-1.4.2.jar (153 kB at 2.5 MB/s)
[59ca51de-398a-432d-b387-477561bd7cd9/build]   | [INFO] Downloading from central: https://repo.maven.apache.org/maven2/org/apache/maven/maven-settings/3.0/maven-settings-3.0.jar
[59ca51de-398a-432d-b387-477561bd7cd9/build]   | [INFO] Downloaded from central: https://repo.maven.apache.org/maven2/org/apache/maven/maven-artifact/3.0/maven-artifact-3.0.jar (52 kB at 649 kB/s)
[59ca51de-398a-432d-b387-477561bd7cd9/build]   | [INFO] Downloading from central: https://repo.maven.apache.org/maven2/org/apache/maven/maven-settings-builder/3.0/maven-settings-builder-3.0.jar
[59ca51de-398a-432d-b387-477561bd7cd9/build]   | [INFO] Downloaded from central: https://repo.maven.apache.org/maven2/org/apache/maven/maven-settings/3.0/maven-settings-3.0.jar (47 kB at 519 kB/s)
[59ca51de-398a-432d-b387-477561bd7cd9/build]   | [INFO] Downloaded from central: https://repo.maven.apache.org/maven2/org/codehaus/plexus/plexus-utils/2.0.4/plexus-utils-2.0.4.jar (222 kB at 2.5 MB/s)
[59ca51de-398a-432d-b387-477561bd7cd9/build]   | [INFO] Downloading from central: https://repo.maven.apache.org/maven2/org/apache/maven/maven-repository-metadata/3.0/maven-repository-metadata-3.0.jar
[59ca51de-398a-432d-b387-477561bd7cd9/build]   | [INFO] Downloading from central: https://repo.maven.apache.org/maven2/org/apache/maven/maven-model-builder/3.0/maven-model-builder-3.0.jar
[59ca51de-398a-432d-b387-477561bd7cd9/build]   | [INFO] Downloaded from central: https://repo.maven.apache.org/maven2/org/sonatype/sisu/sisu-guice/2.1.7/sisu-guice-2.1.7-noaop.jar (472 kB at 4.2 MB/s)
[59ca51de-398a-432d-b387-477561bd7cd9/build]   | [INFO] Downloading from central: https://repo.maven.apache.org/maven2/org/apache/maven/maven-aether-provider/3.0/maven-aether-provider-3.0.jar
[59ca51de-398a-432d-b387-477561bd7cd9/build]   | [INFO] Downloaded from central: https://repo.maven.apache.org/maven2/org/apache/maven/maven-settings-builder/3.0/maven-settings-builder-3.0.jar (38 kB at 326 kB/s)
[59ca51de-398a-432d-b387-477561bd7cd9/build]   | [INFO] Downloading from central: https://repo.maven.apache.org/maven2/org/sonatype/aether/aether-impl/1.7/aether-impl-1.7.jar
[59ca51de-398a-432d-b387-477561bd7cd9/build]   | [INFO] Downloaded from central: https://repo.maven.apache.org/maven2/org/apache/maven/maven-repository-metadata/3.0/maven-repository-metadata-3.0.jar (30 kB at 259 kB/s)
[59ca51de-398a-432d-b387-477561bd7cd9/build]   | [INFO] Downloading from central: https://repo.maven.apache.org/maven2/org/sonatype/aether/aether-spi/1.7/aether-spi-1.7.jar
[59ca51de-398a-432d-b387-477561bd7cd9/build]   | [INFO] Downloaded from central: https://repo.maven.apache.org/maven2/org/apache/maven/maven-model-builder/3.0/maven-model-builder-3.0.jar (148 kB at 1.2 MB/s)
[59ca51de-398a-432d-b387-477561bd7cd9/build]   | [INFO] Downloading from central: https://repo.maven.apache.org/maven2/org/sonatype/aether/aether-api/1.7/aether-api-1.7.jar
[59ca51de-398a-432d-b387-477561bd7cd9/build]   | [INFO] Downloaded from central: https://repo.maven.apache.org/maven2/org/sonatype/aether/aether-spi/1.7/aether-spi-1.7.jar (14 kB at 98 kB/s)
[59ca51de-398a-432d-b387-477561bd7cd9/build]   | [INFO] Downloading from central: https://repo.maven.apache.org/maven2/org/sonatype/aether/aether-util/1.7/aether-util-1.7.jar
[59ca51de-398a-432d-b387-477561bd7cd9/build]   | [INFO] Downloaded from central: https://repo.maven.apache.org/maven2/org/apache/maven/maven-core/3.0/maven-core-3.0.jar (527 kB at 3.7 MB/s)
[59ca51de-398a-432d-b387-477561bd7cd9/build]   | [INFO] Downloaded from central: https://repo.maven.apache.org/maven2/org/apache/maven/maven-aether-provider/3.0/maven-aether-provider-3.0.jar (51 kB at 360 kB/s)
[59ca51de-398a-432d-b387-477561bd7cd9/build]   | [INFO] Downloading from central: https://repo.maven.apache.org/maven2/org/codehaus/plexus/plexus-interpolation/1.14/plexus-interpolation-1.14.jar
[59ca51de-398a-432d-b387-477561bd7cd9/build]   | [INFO] Downloading from central: https://repo.maven.apache.org/maven2/org/codehaus/plexus/plexus-classworlds/2.2.3/plexus-classworlds-2.2.3.jar
[59ca51de-398a-432d-b387-477561bd7cd9/build]   | [INFO] Downloaded from central: https://repo.maven.apache.org/maven2/org/sonatype/aether/aether-impl/1.7/aether-impl-1.7.jar (106 kB at 699 kB/s)
[59ca51de-398a-432d-b387-477561bd7cd9/build]   | [INFO] Downloading from central: https://repo.maven.apache.org/maven2/org/codehaus/plexus/plexus-component-annotations/1.7.1/plexus-component-annotations-1.7.1.jar
[59ca51de-398a-432d-b387-477561bd7cd9/build]   | [INFO] Downloaded from central: https://repo.maven.apache.org/maven2/org/sonatype/aether/aether-api/1.7/aether-api-1.7.jar (74 kB at 464 kB/s)
[59ca51de-398a-432d-b387-477561bd7cd9/build]   | [INFO] Downloading from central: https://repo.maven.apache.org/maven2/org/sonatype/plexus/plexus-sec-dispatcher/1.3/plexus-sec-dispatcher-1.3.jar
[59ca51de-398a-432d-b387-477561bd7cd9/build]   | [INFO] Downloaded from central: https://repo.maven.apache.org/maven2/org/codehaus/plexus/plexus-classworlds/2.2.3/plexus-classworlds-2.2.3.jar (46 kB at 288 kB/s)
[59ca51de-398a-432d-b387-477561bd7cd9/build]   | [INFO] Downloading from central: https://repo.maven.apache.org/maven2/org/sonatype/plexus/plexus-cipher/1.4/plexus-cipher-1.4.jar
[59ca51de-398a-432d-b387-477561bd7cd9/build]   | [INFO] Downloaded from central: https://repo.maven.apache.org/maven2/org/codehaus/plexus/plexus-interpolation/1.14/plexus-interpolation-1.14.jar (61 kB at 375 kB/s)
[59ca51de-398a-432d-b387-477561bd7cd9/build]   | [INFO] Downloading from central: https://repo.maven.apache.org/maven2/org/apache/maven/shared/maven-shared-utils/3.2.1/maven-shared-utils-3.2.1.jar
[59ca51de-398a-432d-b387-477561bd7cd9/build]   | [INFO] Downloaded from central: https://repo.maven.apache.org/maven2/org/codehaus/plexus/plexus-component-annotations/1.7.1/plexus-component-annotations-1.7.1.jar (4.3 kB at 26 kB/s)
[59ca51de-398a-432d-b387-477561bd7cd9/build]   | [INFO] Downloading from central: https://repo.maven.apache.org/maven2/commons-io/commons-io/2.5/commons-io-2.5.jar
[59ca51de-398a-432d-b387-477561bd7cd9/build]   | [INFO] Downloaded from central: https://repo.maven.apache.org/maven2/org/sonatype/plexus/plexus-sec-dispatcher/1.3/plexus-sec-dispatcher-1.3.jar (29 kB at 161 kB/s)
[59ca51de-398a-432d-b387-477561bd7cd9/build]   | [INFO] Downloading from central: https://repo.maven.apache.org/maven2/org/apache/maven/shared/maven-shared-incremental/1.1/maven-shared-incremental-1.1.jar
[59ca51de-398a-432d-b387-477561bd7cd9/build]   | [INFO] Downloaded from central: https://repo.maven.apache.org/maven2/org/sonatype/plexus/plexus-cipher/1.4/plexus-cipher-1.4.jar (13 kB at 75 kB/s)
[59ca51de-398a-432d-b387-477561bd7cd9/build]   | [INFO] Downloading from central: https://repo.maven.apache.org/maven2/org/codehaus/plexus/plexus-java/0.9.10/plexus-java-0.9.10.jar
[59ca51de-398a-432d-b387-477561bd7cd9/build]   | [INFO] Downloaded from central: https://repo.maven.apache.org/maven2/org/apache/maven/shared/maven-shared-incremental/1.1/maven-shared-incremental-1.1.jar (14 kB at 69 kB/s)
[59ca51de-398a-432d-b387-477561bd7cd9/build]   | [INFO] Downloading from central: https://repo.maven.apache.org/maven2/org/ow2/asm/asm/6.2/asm-6.2.jar
[59ca51de-398a-432d-b387-477561bd7cd9/build]   | [INFO] Downloaded from central: https://repo.maven.apache.org/maven2/org/apache/maven/shared/maven-shared-utils/3.2.1/maven-shared-utils-3.2.1.jar (167 kB at 841 kB/s)
[59ca51de-398a-432d-b387-477561bd7cd9/build]   | [INFO] Downloading from central: https://repo.maven.apache.org/maven2/com/thoughtworks/qdox/qdox/2.0-M9/qdox-2.0-M9.jar
[59ca51de-398a-432d-b387-477561bd7cd9/build]   | [INFO] Downloaded from central: https://repo.maven.apache.org/maven2/org/codehaus/plexus/plexus-java/0.9.10/plexus-java-0.9.10.jar (39 kB at 198 kB/s)
[59ca51de-398a-432d-b387-477561bd7cd9/build]   | [INFO] Downloading from central: https://repo.maven.apache.org/maven2/org/codehaus/plexus/plexus-compiler-api/2.8.4/plexus-compiler-api-2.8.4.jar
[59ca51de-398a-432d-b387-477561bd7cd9/build]   | [INFO] Downloaded from central: https://repo.maven.apache.org/maven2/commons-io/commons-io/2.5/commons-io-2.5.jar (209 kB at 1.0 MB/s)
[59ca51de-398a-432d-b387-477561bd7cd9/build]   | [INFO] Downloading from central: https://repo.maven.apache.org/maven2/org/codehaus/plexus/plexus-compiler-manager/2.8.4/plexus-compiler-manager-2.8.4.jar
[59ca51de-398a-432d-b387-477561bd7cd9/build]   | [INFO] Downloaded from central: https://repo.maven.apache.org/maven2/org/sonatype/aether/aether-util/1.7/aether-util-1.7.jar (108 kB at 527 kB/s)
[59ca51de-398a-432d-b387-477561bd7cd9/build]   | [INFO] Downloading from central: https://repo.maven.apache.org/maven2/org/codehaus/plexus/plexus-compiler-javac/2.8.4/plexus-compiler-javac-2.8.4.jar
[59ca51de-398a-432d-b387-477561bd7cd9/build]   | [INFO] Downloaded from central: https://repo.maven.apache.org/maven2/org/codehaus/plexus/plexus-compiler-manager/2.8.4/plexus-compiler-manager-2.8.4.jar (4.7 kB at 22 kB/s)
[59ca51de-398a-432d-b387-477561bd7cd9/build]   | [INFO] Downloaded from central: https://repo.maven.apache.org/maven2/org/codehaus/plexus/plexus-compiler-api/2.8.4/plexus-compiler-api-2.8.4.jar (27 kB at 125 kB/s)
[59ca51de-398a-432d-b387-477561bd7cd9/build]   | [INFO] Downloaded from central: https://repo.maven.apache.org/maven2/org/codehaus/plexus/plexus-compiler-javac/2.8.4/plexus-compiler-javac-2.8.4.jar (21 kB at 83 kB/s)
[59ca51de-398a-432d-b387-477561bd7cd9/build]   | [INFO] Downloaded from central: https://repo.maven.apache.org/maven2/org/ow2/asm/asm/6.2/asm-6.2.jar (111 kB at 423 kB/s)
[59ca51de-398a-432d-b387-477561bd7cd9/build]   | [INFO] Downloaded from central: https://repo.maven.apache.org/maven2/com/thoughtworks/qdox/qdox/2.0-M9/qdox-2.0-M9.jar (317 kB at 1.2 MB/s)
[59ca51de-398a-432d-b387-477561bd7cd9/build]   | [INFO] Nothing to compile - all classes are up to date
[59ca51de-398a-432d-b387-477561bd7cd9/build]   | [INFO] 
[59ca51de-398a-432d-b387-477561bd7cd9/build]   | [INFO] --- maven-compiler-plugin:3.8.0:compile (compile9) @ joni ---
[59ca51de-398a-432d-b387-477561bd7cd9/build]   | [INFO] Nothing to compile - all classes are up to date
[59ca51de-398a-432d-b387-477561bd7cd9/build]   | [INFO] 
[59ca51de-398a-432d-b387-477561bd7cd9/build]   | [INFO] --- maven-resources-plugin:2.6:testResources (default-testResources) @ joni ---
[59ca51de-398a-432d-b387-477561bd7cd9/build]   | [INFO] Using 'UTF-8' encoding to copy filtered resources.
[59ca51de-398a-432d-b387-477561bd7cd9/build]   | [INFO] skip non existing resourceDirectory /tmp/2c06e922-f9ce-408b-8e35-959b42fbaeb3/src/test/resources
[59ca51de-398a-432d-b387-477561bd7cd9/build]   | [INFO] 
[59ca51de-398a-432d-b387-477561bd7cd9/build]   | [INFO] --- maven-compiler-plugin:3.8.0:testCompile (default-testCompile) @ joni ---
[59ca51de-398a-432d-b387-477561bd7cd9/build]   | [INFO] Changes detected - recompiling the module!
[59ca51de-398a-432d-b387-477561bd7cd9/build]   | [INFO] Compiling 11 source files to /tmp/2c06e922-f9ce-408b-8e35-959b42fbaeb3/target/test-classes
[59ca51de-398a-432d-b387-477561bd7cd9/build]   | [INFO] 
[59ca51de-398a-432d-b387-477561bd7cd9/build]   | [INFO] --- maven-surefire-plugin:2.22.0:test (default-test) @ joni ---
[59ca51de-398a-432d-b387-477561bd7cd9/build]   | [INFO] Downloading from central: https://repo.maven.apache.org/maven2/org/apache/maven/surefire/maven-surefire-common/2.22.0/maven-surefire-common-2.22.0.pom
[59ca51de-398a-432d-b387-477561bd7cd9/build]   | [INFO] Downloaded from central: https://repo.maven.apache.org/maven2/org/apache/maven/surefire/maven-surefire-common/2.22.0/maven-surefire-common-2.22.0.pom (11 kB at 454 kB/s)
[59ca51de-398a-432d-b387-477561bd7cd9/build]   | [INFO] Downloading from central: https://repo.maven.apache.org/maven2/org/apache/maven/plugin-tools/maven-plugin-annotations/3.5/maven-plugin-annotations-3.5.pom
[59ca51de-398a-432d-b387-477561bd7cd9/build]   | [INFO] Downloaded from central: https://repo.maven.apache.org/maven2/org/apache/maven/plugin-tools/maven-plugin-annotations/3.5/maven-plugin-annotations-3.5.pom (1.7 kB at 70 kB/s)
[59ca51de-398a-432d-b387-477561bd7cd9/build]   | [INFO] Downloading from central: https://repo.maven.apache.org/maven2/org/apache/maven/plugin-tools/maven-plugin-tools/3.5/maven-plugin-tools-3.5.pom
[59ca51de-398a-432d-b387-477561bd7cd9/build]   | [INFO] Downloaded from central: https://repo.maven.apache.org/maven2/org/apache/maven/plugin-tools/maven-plugin-tools/3.5/maven-plugin-tools-3.5.pom (16 kB at 952 kB/s)
[59ca51de-398a-432d-b387-477561bd7cd9/build]   | [INFO] Downloading from central: https://repo.maven.apache.org/maven2/org/apache/maven/surefire/surefire-api/2.22.0/surefire-api-2.22.0.pom
[59ca51de-398a-432d-b387-477561bd7cd9/build]   | [INFO] Downloaded from central: https://repo.maven.apache.org/maven2/org/apache/maven/surefire/surefire-api/2.22.0/surefire-api-2.22.0.pom (3.5 kB at 148 kB/s)
[59ca51de-398a-432d-b387-477561bd7cd9/build]   | [INFO] Downloading from central: https://repo.maven.apache.org/maven2/org/apache/maven/surefire/surefire-logger-api/2.22.0/surefire-logger-api-2.22.0.pom
[59ca51de-398a-432d-b387-477561bd7cd9/build]   | [INFO] Downloaded from central: https://repo.maven.apache.org/maven2/org/apache/maven/surefire/surefire-logger-api/2.22.0/surefire-logger-api-2.22.0.pom (2.0 kB at 54 kB/s)
[59ca51de-398a-432d-b387-477561bd7cd9/build]   | [INFO] Downloading from central: https://repo.maven.apache.org/maven2/org/apache/maven/surefire/surefire-booter/2.22.0/surefire-booter-2.22.0.pom
[59ca51de-398a-432d-b387-477561bd7cd9/build]   | [INFO] Downloaded from central: https://repo.maven.apache.org/maven2/org/apache/maven/surefire/surefire-booter/2.22.0/surefire-booter-2.22.0.pom (7.4 kB at 131 kB/s)
[59ca51de-398a-432d-b387-477561bd7cd9/build]   | [INFO] Downloading from central: https://repo.maven.apache.org/maven2/org/apache/maven/reporting/maven-reporting-api/3.0/maven-reporting-api-3.0.pom
[59ca51de-398a-432d-b387-477561bd7cd9/build]   | [INFO] Downloaded from central: https://repo.maven.apache.org/maven2/org/apache/maven/reporting/maven-reporting-api/3.0/maven-reporting-api-3.0.pom (2.4 kB at 32 kB/s)
[59ca51de-398a-432d-b387-477561bd7cd9/build]   | [INFO] Downloading from central: https://repo.maven.apache.org/maven2/org/apache/maven/shared/maven-shared-components/15/maven-shared-components-15.pom
[59ca51de-398a-432d-b387-477561bd7cd9/build]   | [INFO] Downloaded from central: https://repo.maven.apache.org/maven2/org/apache/maven/shared/maven-shared-components/15/maven-shared-components-15.pom (9.3 kB at 259 kB/s)
[59ca51de-398a-432d-b387-477561bd7cd9/build]   | [INFO] Downloading from central: https://repo.maven.apache.org/maven2/org/apache/maven/maven-parent/16/maven-parent-16.pom
[59ca51de-398a-432d-b387-477561bd7cd9/build]   | [INFO] Downloaded from central: https://repo.maven.apache.org/maven2/org/apache/maven/maven-parent/16/maven-parent-16.pom (23 kB at 727 kB/s)
[59ca51de-398a-432d-b387-477561bd7cd9/build]   | [INFO] Downloading from central: https://repo.maven.apache.org/maven2/org/apache/maven/maven-toolchain/2.2.1/maven-toolchain-2.2.1.pom
[59ca51de-398a-432d-b387-477561bd7cd9/build]   | [INFO] Downloaded from central: https://repo.maven.apache.org/maven2/org/apache/maven/maven-toolchain/2.2.1/maven-toolchain-2.2.1.pom (3.3 kB at 51 kB/s)
[59ca51de-398a-432d-b387-477561bd7cd9/build]   | [INFO] Downloading from central: https://repo.maven.apache.org/maven2/org/codehaus/plexus/plexus-java/0.9.8/plexus-java-0.9.8.pom
[59ca51de-398a-432d-b387-477561bd7cd9/build]   | [INFO] Downloaded from central: https://repo.maven.apache.org/maven2/org/codehaus/plexus/plexus-java/0.9.8/plexus-java-0.9.8.pom (2.4 kB at 102 kB/s)
[59ca51de-398a-432d-b387-477561bd7cd9/build]   | [INFO] Downloading from central: https://repo.maven.apache.org/maven2/org/codehaus/plexus/plexus-languages/0.9.8/plexus-languages-0.9.8.pom
[59ca51de-398a-432d-b387-477561bd7cd9/build]   | [INFO] Downloaded from central: https://repo.maven.apache.org/maven2/org/codehaus/plexus/plexus-languages/0.9.8/plexus-languages-0.9.8.pom (2.2 kB at 79 kB/s)
[59ca51de-398a-432d-b387-477561bd7cd9/build]   | [INFO] Downloading from central: https://repo.maven.apache.org/maven2/org/ow2/asm/asm/6.1.1/asm-6.1.1.pom
[59ca51de-398a-432d-b387-477561bd7cd9/build]   | [INFO] Downloaded from central: https://repo.maven.apache.org/maven2/org/ow2/asm/asm/6.1.1/asm-6.1.1.pom (2.9 kB at 210 kB/s)
[59ca51de-398a-432d-b387-477561bd7cd9/build]   | [INFO] Downloading from central: https://repo.maven.apache.org/maven2/com/thoughtworks/qdox/qdox/2.0-M7/qdox-2.0-M7.pom
[59ca51de-398a-432d-b387-477561bd7cd9/build]   | [INFO] Downloaded from central: https://repo.maven.apache.org/maven2/com/thoughtworks/qdox/qdox/2.0-M7/qdox-2.0-M7.pom (16 kB at 178 kB/s)
[59ca51de-398a-432d-b387-477561bd7cd9/build]   | [INFO] Downloading from central: https://repo.maven.apache.org/maven2/org/apache/maven/surefire/maven-surefire-common/2.22.0/maven-surefire-common-2.22.0.jar
[59ca51de-398a-432d-b387-477561bd7cd9/build]   | [INFO] Downloading from central: https://repo.maven.apache.org/maven2/org/apache/maven/maven-plugin-api/2.2.1/maven-plugin-api-2.2.1.jar
[59ca51de-398a-432d-b387-477561bd7cd9/build]   | [INFO] Downloading from central: https://repo.maven.apache.org/maven2/org/apache/maven/plugin-tools/maven-plugin-annotations/3.5/maven-plugin-annotations-3.5.jar
[59ca51de-398a-432d-b387-477561bd7cd9/build]   | [INFO] Downloading from central: https://repo.maven.apache.org/maven2/org/apache/maven/surefire/surefire-api/2.22.0/surefire-api-2.22.0.jar
[59ca51de-398a-432d-b387-477561bd7cd9/build]   | [INFO] Downloading from central: https://repo.maven.apache.org/maven2/org/apache/maven/surefire/surefire-logger-api/2.22.0/surefire-logger-api-2.22.0.jar
[59ca51de-398a-432d-b387-477561bd7cd9/build]   | [INFO] Downloaded from central: https://repo.maven.apache.org/maven2/org/apache/maven/maven-plugin-api/2.2.1/maven-plugin-api-2.2.1.jar (12 kB at 589 kB/s)
[59ca51de-398a-432d-b387-477561bd7cd9/build]   | [INFO] Downloading from central: https://repo.maven.apache.org/maven2/org/apache/maven/surefire/surefire-booter/2.22.0/surefire-booter-2.22.0.jar
[59ca51de-398a-432d-b387-477561bd7cd9/build]   | [INFO] Downloaded from central: https://repo.maven.apache.org/maven2/org/apache/maven/surefire/surefire-logger-api/2.22.0/surefire-logger-api-2.22.0.jar (13 kB at 494 kB/s)
[59ca51de-398a-432d-b387-477561bd7cd9/build]   | [INFO] Downloading from central: https://repo.maven.apache.org/maven2/org/apache/maven/maven-artifact/2.2.1/maven-artifact-2.2.1.jar
[59ca51de-398a-432d-b387-477561bd7cd9/build]   | [INFO] Downloaded from central: https://repo.maven.apache.org/maven2/org/apache/maven/surefire/surefire-booter/2.22.0/surefire-booter-2.22.0.jar (273 kB at 2.1 MB/s)
[59ca51de-398a-432d-b387-477561bd7cd9/build]   | [INFO] Downloading from central: https://repo.maven.apache.org/maven2/org/codehaus/plexus/plexus-utils/1.5.15/plexus-utils-1.5.15.jar
[59ca51de-398a-432d-b387-477561bd7cd9/build]   | [INFO] Downloaded from central: https://repo.maven.apache.org/maven2/org/apache/maven/maven-artifact/2.2.1/maven-artifact-2.2.1.jar (80 kB at 623 kB/s)
[59ca51de-398a-432d-b387-477561bd7cd9/build]   | [INFO] Downloaded from central: https://repo.maven.apache.org/maven2/org/apache/maven/surefire/maven-surefire-common/2.22.0/maven-surefire-common-2.22.0.jar (524 kB at 3.9 MB/s)
[59ca51de-398a-432d-b387-477561bd7cd9/build]   | [INFO] Downloading from central: https://repo.maven.apache.org/maven2/org/apache/maven/maven-plugin-descriptor/2.2.1/maven-plugin-descriptor-2.2.1.jar
[59ca51de-398a-432d-b387-477561bd7cd9/build]   | [INFO] Downloaded from central: https://repo.maven.apache.org/maven2/org/apache/maven/surefire/surefire-api/2.22.0/surefire-api-2.22.0.jar (186 kB at 1.4 MB/s)
[59ca51de-398a-432d-b387-477561bd7cd9/build]   | [INFO] Downloading from central: https://repo.maven.apache.org/maven2/org/apache/maven/maven-project/2.2.1/maven-project-2.2.1.jar
[59ca51de-398a-432d-b387-477561bd7cd9/build]   | [INFO] Downloading from central: https://repo.maven.apache.org/maven2/org/apache/maven/maven-settings/2.2.1/maven-settings-2.2.1.jar
[59ca51de-398a-432d-b387-477561bd7cd9/build]   | [INFO] Downloaded from central: https://repo.maven.apache.org/maven2/org/apache/maven/maven-project/2.2.1/maven-project-2.2.1.jar (156 kB at 1.0 MB/s)
[59ca51de-398a-432d-b387-477561bd7cd9/build]   | [INFO] Downloaded from central: https://repo.maven.apache.org/maven2/org/apache/maven/maven-plugin-descriptor/2.2.1/maven-plugin-descriptor-2.2.1.jar (39 kB at 257 kB/s)
[59ca51de-398a-432d-b387-477561bd7cd9/build]   | [INFO] Downloading from central: https://repo.maven.apache.org/maven2/org/apache/maven/maven-profile/2.2.1/maven-profile-2.2.1.jar
[59ca51de-398a-432d-b387-477561bd7cd9/build]   | [INFO] Downloaded from central: https://repo.maven.apache.org/maven2/org/apache/maven/maven-settings/2.2.1/maven-settings-2.2.1.jar (49 kB at 321 kB/s)
[59ca51de-398a-432d-b387-477561bd7cd9/build]   | [INFO] Downloading from central: https://repo.maven.apache.org/maven2/org/apache/maven/maven-artifact-manager/2.2.1/maven-artifact-manager-2.2.1.jar
[59ca51de-398a-432d-b387-477561bd7cd9/build]   | [INFO] Downloading from central: https://repo.maven.apache.org/maven2/backport-util-concurrent/backport-util-concurrent/3.1/backport-util-concurrent-3.1.jar
[59ca51de-398a-432d-b387-477561bd7cd9/build]   | [INFO] Downloaded from central: https://repo.maven.apache.org/maven2/org/apache/maven/maven-artifact-manager/2.2.1/maven-artifact-manager-2.2.1.jar (68 kB at 331 kB/s)
[59ca51de-398a-432d-b387-477561bd7cd9/build]   | [INFO] Downloading from central: https://repo.maven.apache.org/maven2/org/apache/maven/maven-plugin-registry/2.2.1/maven-plugin-registry-2.2.1.jar
[59ca51de-398a-432d-b387-477561bd7cd9/build]   | [INFO] Downloaded from central: https://repo.maven.apache.org/maven2/org/apache/maven/maven-profile/2.2.1/maven-profile-2.2.1.jar (35 kB at 166 kB/s)
[59ca51de-398a-432d-b387-477561bd7cd9/build]   | [INFO] Downloading from central: https://repo.maven.apache.org/maven2/org/codehaus/plexus/plexus-interpolation/1.11/plexus-interpolation-1.11.jar
[59ca51de-398a-432d-b387-477561bd7cd9/build]   | [INFO] Downloaded from central: https://repo.maven.apache.org/maven2/backport-util-concurrent/backport-util-concurrent/3.1/backport-util-concurrent-3.1.jar (332 kB at 1.6 MB/s)
[59ca51de-398a-432d-b387-477561bd7cd9/build]   | [INFO] Downloading from central: https://repo.maven.apache.org/maven2/org/apache/maven/maven-model/2.2.1/maven-model-2.2.1.jar
[59ca51de-398a-432d-b387-477561bd7cd9/build]   | [INFO] Downloaded from central: https://repo.maven.apache.org/maven2/org/apache/maven/maven-plugin-registry/2.2.1/maven-plugin-registry-2.2.1.jar (30 kB at 134 kB/s)
[59ca51de-398a-432d-b387-477561bd7cd9/build]   | [INFO] Downloading from central: https://repo.maven.apache.org/maven2/org/apache/maven/maven-core/2.2.1/maven-core-2.2.1.jar
[59ca51de-398a-432d-b387-477561bd7cd9/build]   | [INFO] Downloaded from central: https://repo.maven.apache.org/maven2/org/codehaus/plexus/plexus-interpolation/1.11/plexus-interpolation-1.11.jar (51 kB at 213 kB/s)
[59ca51de-398a-432d-b387-477561bd7cd9/build]   | [INFO] Downloading from central: https://repo.maven.apache.org/maven2/org/apache/maven/maven-plugin-parameter-documenter/2.2.1/maven-plugin-parameter-documenter-2.2.1.jar
[59ca51de-398a-432d-b387-477561bd7cd9/build]   | [INFO] Downloaded from central: https://repo.maven.apache.org/maven2/org/apache/maven/plugin-tools/maven-plugin-annotations/3.5/maven-plugin-annotations-3.5.jar (14 kB at 55 kB/s)
[59ca51de-398a-432d-b387-477561bd7cd9/build]   | [INFO] Downloading from central: https://repo.maven.apache.org/maven2/org/slf4j/slf4j-jdk14/1.5.6/slf4j-jdk14-1.5.6.jar
[59ca51de-398a-432d-b387-477561bd7cd9/build]   | [INFO] Downloaded from central: https://repo.maven.apache.org/maven2/org/apache/maven/maven-core/2.2.1/maven-core-2.2.1.jar (178 kB at 695 kB/s)
[59ca51de-398a-432d-b387-477561bd7cd9/build]   | [INFO] Downloading from central: https://repo.maven.apache.org/maven2/org/slf4j/slf4j-api/1.5.6/slf4j-api-1.5.6.jar
[59ca51de-398a-432d-b387-477561bd7cd9/build]   | [INFO] Downloaded from central: https://repo.maven.apache.org/maven2/org/apache/maven/maven-plugin-parameter-documenter/2.2.1/maven-plugin-parameter-documenter-2.2.1.jar (22 kB at 85 kB/s)
[59ca51de-398a-432d-b387-477561bd7cd9/build]   | [INFO] Downloading from central: https://repo.maven.apache.org/maven2/org/slf4j/jcl-over-slf4j/1.5.6/jcl-over-slf4j-1.5.6.jar
[59ca51de-398a-432d-b387-477561bd7cd9/build]   | [INFO] Downloaded from central: https://repo.maven.apache.org/maven2/org/slf4j/slf4j-api/1.5.6/slf4j-api-1.5.6.jar (22 kB at 80 kB/s)
[59ca51de-398a-432d-b387-477561bd7cd9/build]   | [INFO] Downloading from central: https://repo.maven.apache.org/maven2/org/apache/maven/reporting/maven-reporting-api/3.0/maven-reporting-api-3.0.jar
[59ca51de-398a-432d-b387-477561bd7cd9/build]   | [INFO] Downloaded from central: https://repo.maven.apache.org/maven2/org/apache/maven/maven-model/2.2.1/maven-model-2.2.1.jar (88 kB at 309 kB/s)
[59ca51de-398a-432d-b387-477561bd7cd9/build]   | [INFO] Downloading from central: https://repo.maven.apache.org/maven2/org/apache/maven/maven-repository-metadata/2.2.1/maven-repository-metadata-2.2.1.jar
[59ca51de-398a-432d-b387-477561bd7cd9/build]   | [INFO] Downloaded from central: https://repo.maven.apache.org/maven2/org/codehaus/plexus/plexus-utils/1.5.15/plexus-utils-1.5.15.jar (228 kB at 758 kB/s)
[59ca51de-398a-432d-b387-477561bd7cd9/build]   | [INFO] Downloading from central: https://repo.maven.apache.org/maven2/org/apache/maven/maven-error-diagnostics/2.2.1/maven-error-diagnostics-2.2.1.jar
[59ca51de-398a-432d-b387-477561bd7cd9/build]   | [INFO] Downloaded from central: https://repo.maven.apache.org/maven2/org/slf4j/jcl-over-slf4j/1.5.6/jcl-over-slf4j-1.5.6.jar (17 kB at 55 kB/s)
[59ca51de-398a-432d-b387-477561bd7cd9/build]   | [INFO] Downloading from central: https://repo.maven.apache.org/maven2/org/apache/maven/maven-monitor/2.2.1/maven-monitor-2.2.1.jar
[59ca51de-398a-432d-b387-477561bd7cd9/build]   | [INFO] Downloaded from central: https://repo.maven.apache.org/maven2/org/apache/maven/reporting/maven-reporting-api/3.0/maven-reporting-api-3.0.jar (11 kB at 36 kB/s)
[59ca51de-398a-432d-b387-477561bd7cd9/build]   | [INFO] Downloading from central: https://repo.maven.apache.org/maven2/org/apache/maven/maven-toolchain/2.2.1/maven-toolchain-2.2.1.jar
[59ca51de-398a-432d-b387-477561bd7cd9/build]   | [INFO] Downloaded from central: https://repo.maven.apache.org/maven2/org/apache/maven/maven-repository-metadata/2.2.1/maven-repository-metadata-2.2.1.jar (26 kB at 84 kB/s)
[59ca51de-398a-432d-b387-477561bd7cd9/build]   | [INFO] Downloading from central: https://repo.maven.apache.org/maven2/org/codehaus/plexus/plexus-java/0.9.8/plexus-java-0.9.8.jar
[59ca51de-398a-432d-b387-477561bd7cd9/build]   | [INFO] Downloaded from central: https://repo.maven.apache.org/maven2/org/slf4j/slf4j-jdk14/1.5.6/slf4j-jdk14-1.5.6.jar (8.8 kB at 29 kB/s)
[59ca51de-398a-432d-b387-477561bd7cd9/build]   | [INFO] Downloading from central: https://repo.maven.apache.org/maven2/org/ow2/asm/asm/6.1.1/asm-6.1.1.jar
[59ca51de-398a-432d-b387-477561bd7cd9/build]   | [INFO] Downloaded from central: https://repo.maven.apache.org/maven2/org/apache/maven/maven-error-diagnostics/2.2.1/maven-error-diagnostics-2.2.1.jar (13 kB at 41 kB/s)
[59ca51de-398a-432d-b387-477561bd7cd9/build]   | [INFO] Downloading from central: https://repo.maven.apache.org/maven2/com/thoughtworks/qdox/qdox/2.0-M7/qdox-2.0-M7.jar
[59ca51de-398a-432d-b387-477561bd7cd9/build]   | [INFO] Downloaded from central: https://repo.maven.apache.org/maven2/org/ow2/asm/asm/6.1.1/asm-6.1.1.jar (108 kB at 323 kB/s)
[59ca51de-398a-432d-b387-477561bd7cd9/build]   | [INFO] Downloaded from central: https://repo.maven.apache.org/maven2/org/apache/maven/maven-toolchain/2.2.1/maven-toolchain-2.2.1.jar (38 kB at 111 kB/s)
[59ca51de-398a-432d-b387-477561bd7cd9/build]   | [INFO] Downloaded from central: https://repo.maven.apache.org/maven2/org/codehaus/plexus/plexus-java/0.9.8/plexus-java-0.9.8.jar (35 kB at 94 kB/s)
[59ca51de-398a-432d-b387-477561bd7cd9/build]   | [INFO] Downloaded from central: https://repo.maven.apache.org/maven2/com/thoughtworks/qdox/qdox/2.0-M7/qdox-2.0-M7.jar (315 kB at 836 kB/s)
[59ca51de-398a-432d-b387-477561bd7cd9/build]   | [INFO] Downloaded from central: https://repo.maven.apache.org/maven2/org/apache/maven/maven-monitor/2.2.1/maven-monitor-2.2.1.jar (10 kB at 27 kB/s)
[59ca51de-398a-432d-b387-477561bd7cd9/build]   | [INFO] Downloading from central: https://repo.maven.apache.org/maven2/org/apache/maven/surefire/surefire-junit4/2.22.0/surefire-junit4-2.22.0.pom
[59ca51de-398a-432d-b387-477561bd7cd9/build]   | [INFO] Downloaded from central: https://repo.maven.apache.org/maven2/org/apache/maven/surefire/surefire-junit4/2.22.0/surefire-junit4-2.22.0.pom (3.1 kB at 154 kB/s)
[59ca51de-398a-432d-b387-477561bd7cd9/build]   | [INFO] Downloading from central: https://repo.maven.apache.org/maven2/org/apache/maven/surefire/surefire-providers/2.22.0/surefire-providers-2.22.0.pom
[59ca51de-398a-432d-b387-477561bd7cd9/build]   | [INFO] Downloaded from central: https://repo.maven.apache.org/maven2/org/apache/maven/surefire/surefire-providers/2.22.0/surefire-providers-2.22.0.pom (2.5 kB at 131 kB/s)
[59ca51de-398a-432d-b387-477561bd7cd9/build]   | [INFO] Downloading from central: https://repo.maven.apache.org/maven2/org/apache/maven/surefire/surefire-junit4/2.22.0/surefire-junit4-2.22.0.jar
[59ca51de-398a-432d-b387-477561bd7cd9/build]   | [INFO] Downloaded from central: https://repo.maven.apache.org/maven2/org/apache/maven/surefire/surefire-junit4/2.22.0/surefire-junit4-2.22.0.jar (85 kB at 1.6 MB/s)
[59ca51de-398a-432d-b387-477561bd7cd9/build]   | [INFO] 
[59ca51de-398a-432d-b387-477561bd7cd9/build]   | [INFO] -------------------------------------------------------
[59ca51de-398a-432d-b387-477561bd7cd9/build]   | [INFO]  T E S T S
[59ca51de-398a-432d-b387-477561bd7cd9/build]   | [INFO] -------------------------------------------------------
[59ca51de-398a-432d-b387-477561bd7cd9/build]   | [INFO] Running org.joni.test.TestInterrupt
[59ca51de-398a-432d-b387-477561bd7cd9/build]   | INTERRUPTING at 1689112113885
[59ca51de-398a-432d-b387-477561bd7cd9/build]   | Time taken: 1
[59ca51de-398a-432d-b387-477561bd7cd9/build]   | INTERRUPTING at 1689112114887
[59ca51de-398a-432d-b387-477561bd7cd9/build]   | Time taken: 0
[59ca51de-398a-432d-b387-477561bd7cd9/build]   | INTERRUPTING at 1689112115889
[59ca51de-398a-432d-b387-477561bd7cd9/build]   | Time taken: 1
[59ca51de-398a-432d-b387-477561bd7cd9/build]   | INTERRUPTING at 1689112116890
[59ca51de-398a-432d-b387-477561bd7cd9/build]   | Time taken: 1
[59ca51de-398a-432d-b387-477561bd7cd9/build]   | RESULT   SUCC: 3,  FAIL: 0,  ERROR: 0 Test: TestInterrupt, Encoding: ASCII-8BIT
[59ca51de-398a-432d-b387-477561bd7cd9/build]   | [INFO] Tests run: 2, Failures: 0, Errors: 0, Skipped: 0, Time elapsed: 4.078 s - in org.joni.test.TestInterrupt
[59ca51de-398a-432d-b387-477561bd7cd9/build]   | [INFO] Running org.joni.test.TestCrnl
[59ca51de-398a-432d-b387-477561bd7cd9/build]   | [WARNING] Tests run: 1, Failures: 0, Errors: 0, Skipped: 1, Time elapsed: 0 s - in org.joni.test.TestCrnl
[59ca51de-398a-432d-b387-477561bd7cd9/build]   | [INFO] Running org.joni.test.TestError
[59ca51de-398a-432d-b387-477561bd7cd9/build]   | RESULT   SUCC: 36,  FAIL: 0,  ERROR: 0 Test: TestError, Encoding: UTF-8
[59ca51de-398a-432d-b387-477561bd7cd9/build]   | [INFO] Tests run: 1, Failures: 0, Errors: 0, Skipped: 0, Time elapsed: 0 s - in org.joni.test.TestError
[59ca51de-398a-432d-b387-477561bd7cd9/build]   | [INFO] Running org.joni.test.TestCornerCases
[59ca51de-398a-432d-b387-477561bd7cd9/build]   | RESULT   SUCC: 0,  FAIL: 0,  ERROR: 0 Test: TestCornerCases, Encoding: ASCII-8BIT
[59ca51de-398a-432d-b387-477561bd7cd9/build]   | [INFO] Tests run: 1, Failures: 0, Errors: 0, Skipped: 0, Time elapsed: 0 s - in org.joni.test.TestCornerCases
[59ca51de-398a-432d-b387-477561bd7cd9/build]   | [INFO] Running org.joni.test.TestPerl
[59ca51de-398a-432d-b387-477561bd7cd9/build]   | RESULT   SUCC: 0,  FAIL: 0,  ERROR: 0 Test: TestPerl, Encoding: ASCII-8BIT
[59ca51de-398a-432d-b387-477561bd7cd9/build]   | [INFO] Tests run: 1, Failures: 0, Errors: 0, Skipped: 0, Time elapsed: 0 s - in org.joni.test.TestPerl
[59ca51de-398a-432d-b387-477561bd7cd9/build]   | [INFO] Running org.joni.test.TestC
[59ca51de-398a-432d-b387-477561bd7cd9/build]   | RESULT   SUCC: 1109,  FAIL: 0,  ERROR: 0 Test: TestC, Encoding: EUC-JP
[59ca51de-398a-432d-b387-477561bd7cd9/build]   | [INFO] Tests run: 1, Failures: 0, Errors: 0, Skipped: 0, Time elapsed: 0 s - in org.joni.test.TestC
[59ca51de-398a-432d-b387-477561bd7cd9/build]   | [INFO] Running org.joni.test.TestNSU8
[59ca51de-398a-432d-b387-477561bd7cd9/build]   | RESULT   SUCC: 12,  FAIL: 0,  ERROR: 0 Test: TestNSU8, Encoding: UTF-8
[59ca51de-398a-432d-b387-477561bd7cd9/build]   | [INFO] Tests run: 1, Failures: 0, Errors: 0, Skipped: 0, Time elapsed: 0.001 s - in org.joni.test.TestNSU8
[59ca51de-398a-432d-b387-477561bd7cd9/build]   | [INFO] Running org.joni.test.TestU
[59ca51de-398a-432d-b387-477561bd7cd9/build]   | RESULT   SUCC: 702,  FAIL: 0,  ERROR: 0 Test: TestU, Encoding: UTF-16BE
[59ca51de-398a-432d-b387-477561bd7cd9/build]   | [INFO] Tests run: 1, Failures: 0, Errors: 0, Skipped: 0, Time elapsed: 0.001 s - in org.joni.test.TestU
[59ca51de-398a-432d-b387-477561bd7cd9/build]   | [INFO] Running org.joni.test.TestA
[59ca51de-398a-432d-b387-477561bd7cd9/build]   | RESULT   SUCC: 472,  FAIL: 0,  ERROR: 0 Test: TestA, Encoding: ASCII-8BIT
[59ca51de-398a-432d-b387-477561bd7cd9/build]   | [INFO] Tests run: 1, Failures: 0, Errors: 0, Skipped: 0, Time elapsed: 0.02 s - in org.joni.test.TestA
[59ca51de-398a-432d-b387-477561bd7cd9/build]   | [INFO] Running org.joni.test.TestU8
[59ca51de-398a-432d-b387-477561bd7cd9/build]   | FAIL: Pattern: [/(?~(a)c)/] Str: ["aab"] Encoding: [UTF-8] Option: [CR_7_BIT] Syntax: [TEST] Groups: [Exp -1--1, Act 2-2]
[59ca51de-398a-432d-b387-477561bd7cd9/build]   | FAIL: Pattern: [/(?~(a)c)/] Str: ["aab"] Encoding: [UTF-8] Option: [] Syntax: [TEST] Groups: [Exp -1--1, Act 2-2]
[59ca51de-398a-432d-b387-477561bd7cd9/build]   | RESULT   SUCC: 351,  FAIL: 2,  ERROR: 0 Test: TestU8, Encoding: UTF-8
[59ca51de-398a-432d-b387-477561bd7cd9/build]   | [ERROR] Tests run: 1, Failures: 1, Errors: 0, Skipped: 0, Time elapsed: 0.079 s <<< FAILURE! - in org.joni.test.TestU8
[59ca51de-398a-432d-b387-477561bd7cd9/build]   | [ERROR] testRegexp(org.joni.test.TestU8)  Time elapsed: 0.078 s  <<< FAILURE!
[59ca51de-398a-432d-b387-477561bd7cd9/build]   | java.lang.AssertionError: expected:<0> but was:<2>
[59ca51de-398a-432d-b387-477561bd7cd9/build]   | 
[59ca51de-398a-432d-b387-477561bd7cd9/build]   | [INFO] 
[59ca51de-398a-432d-b387-477561bd7cd9/build]   | [INFO] Results:
[59ca51de-398a-432d-b387-477561bd7cd9/build]   | [INFO] 
[59ca51de-398a-432d-b387-477561bd7cd9/build]   | [ERROR] Failures: 
[59ca51de-398a-432d-b387-477561bd7cd9/build]   | [ERROR]   TestU8>Test.testRegexp:258 expected:<0> but was:<2>
[59ca51de-398a-432d-b387-477561bd7cd9/build]   | [INFO] 
[59ca51de-398a-432d-b387-477561bd7cd9/build]   | [ERROR] Tests run: 11, Failures: 1, Errors: 0, Skipped: 1
[59ca51de-398a-432d-b387-477561bd7cd9/build]   | [INFO] 
[59ca51de-398a-432d-b387-477561bd7cd9/build]   | [INFO] ------------------------------------------------------------------------
[59ca51de-398a-432d-b387-477561bd7cd9/build]   | [INFO] BUILD FAILURE
[59ca51de-398a-432d-b387-477561bd7cd9/build]   | [INFO] ------------------------------------------------------------------------
[59ca51de-398a-432d-b387-477561bd7cd9/build]   | [INFO] Total time:  31.787 s
[59ca51de-398a-432d-b387-477561bd7cd9/build]   | [INFO] Finished at: 2023-07-11T21:48:37Z
[59ca51de-398a-432d-b387-477561bd7cd9/build]   | [INFO] ------------------------------------------------------------------------
[59ca51de-398a-432d-b387-477561bd7cd9/build]   | [ERROR] Failed to execute goal org.apache.maven.plugins:maven-surefire-plugin:2.22.0:test (default-test) on project joni: There are test failures.
[59ca51de-398a-432d-b387-477561bd7cd9/build]   | [ERROR] 
[59ca51de-398a-432d-b387-477561bd7cd9/build]   | [ERROR] Please refer to /tmp/2c06e922-f9ce-408b-8e35-959b42fbaeb3/target/surefire-reports for the individual test results.
[59ca51de-398a-432d-b387-477561bd7cd9/build]   | [ERROR] Please refer to dump files (if any exist) [date]-jvmRun[N].dump, [date].dumpstream and [date]-jvmRun[N].dumpstream.
[59ca51de-398a-432d-b387-477561bd7cd9/build]   | [ERROR] -> [Help 1]
[59ca51de-398a-432d-b387-477561bd7cd9/build]   | [ERROR] 
[59ca51de-398a-432d-b387-477561bd7cd9/build]   | [ERROR] To see the full stack trace of the errors, re-run Maven with the -e switch.
[59ca51de-398a-432d-b387-477561bd7cd9/build]   | [ERROR] Re-run Maven using the -X switch to enable full debug logging.
[59ca51de-398a-432d-b387-477561bd7cd9/build]   | [ERROR] 
[59ca51de-398a-432d-b387-477561bd7cd9/build]   | [ERROR] For more information about the errors and possible solutions, please read the following articles:
[59ca51de-398a-432d-b387-477561bd7cd9/build]   | [ERROR] [Help 1] http://cwiki.apache.org/confluence/display/MAVEN/MojoFailureException
[59ca51de-398a-432d-b387-477561bd7cd9/build]   ‚ùå  Failure - Main Build with Maven
[59ca51de-398a-432d-b387-477561bd7cd9/build] exitcode '1': failure
[59ca51de-398a-432d-b387-477561bd7cd9/build] unable to get git ref: failed to identify reference (tag/branch) for the checked-out revision 'be801ddc33f38b9d34b10bec7b201d89b2f00fdc'
[59ca51de-398a-432d-b387-477561bd7cd9/build] unable to get git ref: failed to identify reference (tag/branch) for the checked-out revision 'be801ddc33f38b9d34b10bec7b201d89b2f00fdc'
[59ca51de-398a-432d-b387-477561bd7cd9/build] unable to get git ref: failed to identify reference (tag/branch) for the checked-out revision 'be801ddc33f38b9d34b10bec7b201d89b2f00fdc'
[59ca51de-398a-432d-b387-477561bd7cd9/build] unable to get git ref: failed to identify reference (tag/branch) for the checked-out revision 'be801ddc33f38b9d34b10bec7b201d89b2f00fdc'
[59ca51de-398a-432d-b387-477561bd7cd9/build] unable to get git ref: failed to identify reference (tag/branch) for the checked-out revision 'be801ddc33f38b9d34b10bec7b201d89b2f00fdc'
[59ca51de-398a-432d-b387-477561bd7cd9/build] ‚≠ê Run Post Set up JDK 11
[59ca51de-398a-432d-b387-477561bd7cd9/build]   üê≥  docker exec cmd=[node /var/run/act/actions/actions-setup-java@v3/dist/cleanup/index.js] user= workdir=
[59ca51de-398a-432d-b387-477561bd7cd9/build]   üöß  ::warning::Error retrieving key from state.
[59ca51de-398a-432d-b387-477561bd7cd9/build]   ‚úÖ  Success - Post Set up JDK 11
[59ca51de-398a-432d-b387-477561bd7cd9/build] üèÅ  Job failed
[59ca51de-398a-432d-b387-477561bd7cd9/build] unable to get git ref: failed to identify reference (tag/branch) for the checked-out revision 'be801ddc33f38b9d34b10bec7b201d89b2f00fdc'
