[869ae4f7-e922-4c39-9c5c-a06024b2d8d4/Java 1.8 NoCommons] üöÄ  Start image=crawlergpt:latest
[869ae4f7-e922-4c39-9c5c-a06024b2d8d4/Java 1.8 NoCommons]   üê≥  docker pull image=crawlergpt:latest platform= username= forcePull=false
[869ae4f7-e922-4c39-9c5c-a06024b2d8d4/Java 1.8 NoCommons]   üê≥  docker create image=crawlergpt:latest platform= entrypoint=["tail" "-f" "/dev/null"] cmd=[]
[869ae4f7-e922-4c39-9c5c-a06024b2d8d4/Java 1.8 NoCommons]   üê≥  docker run image=crawlergpt:latest platform= entrypoint=["tail" "-f" "/dev/null"] cmd=[]
[869ae4f7-e922-4c39-9c5c-a06024b2d8d4/Java 1.8 NoCommons]   üê≥  docker exec cmd=[chown -R 1012:1013 /tmp/6e71ad80-ac5f-4bbf-bcaa-cd0d0ceb5023] user=0 workdir=
[869ae4f7-e922-4c39-9c5c-a06024b2d8d4/Java 1.8 NoCommons] unable to get git ref: failed to identify reference (tag/branch) for the checked-out revision 'ca2f35da99f3437bb137f790fb557dcac8e0d35c'
[869ae4f7-e922-4c39-9c5c-a06024b2d8d4/Java 1.8 NoCommons] unable to get git ref: failed to identify reference (tag/branch) for the checked-out revision 'ca2f35da99f3437bb137f790fb557dcac8e0d35c'
[869ae4f7-e922-4c39-9c5c-a06024b2d8d4/Java 1.8 NoCommons] unable to get git ref: failed to identify reference (tag/branch) for the checked-out revision 'ca2f35da99f3437bb137f790fb557dcac8e0d35c'
[869ae4f7-e922-4c39-9c5c-a06024b2d8d4/Java 1.8 NoCommons] üß™  Matrix: map[java:1.8]
[869ae4f7-e922-4c39-9c5c-a06024b2d8d4/Java 1.8 NoCommons] unable to get git ref: failed to identify reference (tag/branch) for the checked-out revision 'ca2f35da99f3437bb137f790fb557dcac8e0d35c'
[869ae4f7-e922-4c39-9c5c-a06024b2d8d4/Java 1.8 NoCommons] unable to get git ref: failed to identify reference (tag/branch) for the checked-out revision 'ca2f35da99f3437bb137f790fb557dcac8e0d35c'
[869ae4f7-e922-4c39-9c5c-a06024b2d8d4/Java 1.8 NoCommons] unable to get git ref: failed to identify reference (tag/branch) for the checked-out revision 'ca2f35da99f3437bb137f790fb557dcac8e0d35c'
[869ae4f7-e922-4c39-9c5c-a06024b2d8d4/Java 1.8 NoCommons] unable to get git ref: failed to identify reference (tag/branch) for the checked-out revision 'ca2f35da99f3437bb137f790fb557dcac8e0d35c'
[869ae4f7-e922-4c39-9c5c-a06024b2d8d4/Java 1.8 NoCommons] unable to get git ref: failed to identify reference (tag/branch) for the checked-out revision 'ca2f35da99f3437bb137f790fb557dcac8e0d35c'
[869ae4f7-e922-4c39-9c5c-a06024b2d8d4/Java 1.8 NoCommons] unable to get git ref: failed to identify reference (tag/branch) for the checked-out revision 'ca2f35da99f3437bb137f790fb557dcac8e0d35c'
[869ae4f7-e922-4c39-9c5c-a06024b2d8d4/Java 1.8 NoCommons] ‚≠ê Run Main actions/checkout@v1
[869ae4f7-e922-4c39-9c5c-a06024b2d8d4/Java 1.8 NoCommons] unable to get git ref: failed to identify reference (tag/branch) for the checked-out revision 'ca2f35da99f3437bb137f790fb557dcac8e0d35c'
[869ae4f7-e922-4c39-9c5c-a06024b2d8d4/Java 1.8 NoCommons]   ‚úÖ  Success - Main actions/checkout@v1
[869ae4f7-e922-4c39-9c5c-a06024b2d8d4/Java 1.8 NoCommons] unable to get git ref: failed to identify reference (tag/branch) for the checked-out revision 'ca2f35da99f3437bb137f790fb557dcac8e0d35c'
[869ae4f7-e922-4c39-9c5c-a06024b2d8d4/Java 1.8 NoCommons] unable to get git ref: failed to identify reference (tag/branch) for the checked-out revision 'ca2f35da99f3437bb137f790fb557dcac8e0d35c'
[869ae4f7-e922-4c39-9c5c-a06024b2d8d4/Java 1.8 NoCommons] unable to get git ref: failed to identify reference (tag/branch) for the checked-out revision 'ca2f35da99f3437bb137f790fb557dcac8e0d35c'
[869ae4f7-e922-4c39-9c5c-a06024b2d8d4/Java 1.8 NoCommons] unable to get git ref: failed to identify reference (tag/branch) for the checked-out revision 'ca2f35da99f3437bb137f790fb557dcac8e0d35c'
[869ae4f7-e922-4c39-9c5c-a06024b2d8d4/Java 1.8 NoCommons] unable to get git ref: failed to identify reference (tag/branch) for the checked-out revision 'ca2f35da99f3437bb137f790fb557dcac8e0d35c'
[869ae4f7-e922-4c39-9c5c-a06024b2d8d4/Java 1.8 NoCommons] ‚≠ê Run Main Set up java
[869ae4f7-e922-4c39-9c5c-a06024b2d8d4/Java 1.8 NoCommons] unable to get git ref: failed to identify reference (tag/branch) for the checked-out revision 'ca2f35da99f3437bb137f790fb557dcac8e0d35c'
[869ae4f7-e922-4c39-9c5c-a06024b2d8d4/Java 1.8 NoCommons] unable to get git ref: failed to identify reference (tag/branch) for the checked-out revision 'ca2f35da99f3437bb137f790fb557dcac8e0d35c'
[869ae4f7-e922-4c39-9c5c-a06024b2d8d4/Java 1.8 NoCommons] unable to get git ref: failed to identify reference (tag/branch) for the checked-out revision 'ca2f35da99f3437bb137f790fb557dcac8e0d35c'
[869ae4f7-e922-4c39-9c5c-a06024b2d8d4/Java 1.8 NoCommons]   üê≥  docker cp src=/tmp/act-cache/f13b3dfa-aa44-4578-876f-18abdfdda37c/act/actions-setup-java@v1/ dst=/var/run/act/actions/actions-setup-java@v1/
[869ae4f7-e922-4c39-9c5c-a06024b2d8d4/Java 1.8 NoCommons]   üê≥  docker exec cmd=[chown -R 1012:1013 /var/run/act/actions/actions-setup-java@v1/] user=0 workdir=
[869ae4f7-e922-4c39-9c5c-a06024b2d8d4/Java 1.8 NoCommons]   üê≥  docker exec cmd=[node /var/run/act/actions/actions-setup-java@v1/dist/setup/index.js] user= workdir=
[869ae4f7-e922-4c39-9c5c-a06024b2d8d4/Java 1.8 NoCommons]   üí¨  ::debug::isExplicit: 
[869ae4f7-e922-4c39-9c5c-a06024b2d8d4/Java 1.8 NoCommons]   üí¨  ::debug::explicit? false
[869ae4f7-e922-4c39-9c5c-a06024b2d8d4/Java 1.8 NoCommons]   üí¨  ::debug::evaluating 0 versions
[869ae4f7-e922-4c39-9c5c-a06024b2d8d4/Java 1.8 NoCommons]   üí¨  ::debug::match not found
[869ae4f7-e922-4c39-9c5c-a06024b2d8d4/Java 1.8 NoCommons]   üí¨  ::debug::Downloading JDK from Azul
[869ae4f7-e922-4c39-9c5c-a06024b2d8d4/Java 1.8 NoCommons]   üí¨  ::debug::Searching for files with extension: -linux_x64.tar.gz
[869ae4f7-e922-4c39-9c5c-a06024b2d8d4/Java 1.8 NoCommons]   üí¨  ::debug::Downloading https://static.azul.com/zulu/bin/zulu8.70.0.23-ca-jdk8.0.372-linux_x64.tar.gz
[869ae4f7-e922-4c39-9c5c-a06024b2d8d4/Java 1.8 NoCommons]   üí¨  ::debug::Downloading /tmp/c288a5bb-7329-45c1-a6be-7326899aa266
[869ae4f7-e922-4c39-9c5c-a06024b2d8d4/Java 1.8 NoCommons]   üí¨  ::debug::download complete
[869ae4f7-e922-4c39-9c5c-a06024b2d8d4/Java 1.8 NoCommons]   | [command]/usr/bin/tar --version
[869ae4f7-e922-4c39-9c5c-a06024b2d8d4/Java 1.8 NoCommons]   | tar (GNU tar) 1.30
[869ae4f7-e922-4c39-9c5c-a06024b2d8d4/Java 1.8 NoCommons]   | Copyright (C) 2017 Free Software Foundation, Inc.
[869ae4f7-e922-4c39-9c5c-a06024b2d8d4/Java 1.8 NoCommons]   | License GPLv3+: GNU GPL version 3 or later <https://gnu.org/licenses/gpl.html>.
[869ae4f7-e922-4c39-9c5c-a06024b2d8d4/Java 1.8 NoCommons]   | This is free software: you are free to change and redistribute it.
[869ae4f7-e922-4c39-9c5c-a06024b2d8d4/Java 1.8 NoCommons]   | There is NO WARRANTY, to the extent permitted by law.
[869ae4f7-e922-4c39-9c5c-a06024b2d8d4/Java 1.8 NoCommons]   | 
[869ae4f7-e922-4c39-9c5c-a06024b2d8d4/Java 1.8 NoCommons]   | Written by John Gilmore and Jay Fenlason.
[869ae4f7-e922-4c39-9c5c-a06024b2d8d4/Java 1.8 NoCommons]   | [command]/usr/bin/tar xz --warning=no-unknown-keyword -C /tmp/temp_471622320 -f /tmp/c288a5bb-7329-45c1-a6be-7326899aa266
[869ae4f7-e922-4c39-9c5c-a06024b2d8d4/Java 1.8 NoCommons]   üí¨  ::debug::jdk extracted to /tmp/temp_471622320/zulu8.70.0.23-ca-jdk8.0.372-linux_x64
[869ae4f7-e922-4c39-9c5c-a06024b2d8d4/Java 1.8 NoCommons]   üí¨  ::debug::Caching tool jdk 8.0.372 x64
[869ae4f7-e922-4c39-9c5c-a06024b2d8d4/Java 1.8 NoCommons]   üí¨  ::debug::source dir: /tmp/temp_471622320/zulu8.70.0.23-ca-jdk8.0.372-linux_x64
[869ae4f7-e922-4c39-9c5c-a06024b2d8d4/Java 1.8 NoCommons]   üí¨  ::debug::destination /opt/hostedtoolcache/jdk/8.0.372/x64
[869ae4f7-e922-4c39-9c5c-a06024b2d8d4/Java 1.8 NoCommons]   üí¨  ::debug::finished caching tool
[869ae4f7-e922-4c39-9c5c-a06024b2d8d4/Java 1.8 NoCommons]   ‚ùì add-matcher /run/act/actions/actions-setup-java@v1/.github/java.json
[869ae4f7-e922-4c39-9c5c-a06024b2d8d4/Java 1.8 NoCommons]   | creating settings.xml with server-id: github; environment variables: username=$GITHUB_ACTOR, password=$GITHUB_TOKEN, and gpg-passphrase=null
[869ae4f7-e922-4c39-9c5c-a06024b2d8d4/Java 1.8 NoCommons]   üí¨  ::debug::created directory /home/runneradmin/.m2
[869ae4f7-e922-4c39-9c5c-a06024b2d8d4/Java 1.8 NoCommons]   | writing /home/runneradmin/.m2/settings.xml
[869ae4f7-e922-4c39-9c5c-a06024b2d8d4/Java 1.8 NoCommons]   ‚úÖ  Success - Main Set up java
[869ae4f7-e922-4c39-9c5c-a06024b2d8d4/Java 1.8 NoCommons]   ‚öô  ::set-env:: JAVA_HOME_8.0.372_x64=/opt/hostedtoolcache/jdk/8.0.372/x64
[869ae4f7-e922-4c39-9c5c-a06024b2d8d4/Java 1.8 NoCommons]   ‚öô  ::set-env:: JAVA_HOME=/opt/hostedtoolcache/jdk/8.0.372/x64
[869ae4f7-e922-4c39-9c5c-a06024b2d8d4/Java 1.8 NoCommons]   ‚öô  ::set-env:: JAVA_HOME_8_0_372_X64=/opt/hostedtoolcache/jdk/8.0.372/x64
[869ae4f7-e922-4c39-9c5c-a06024b2d8d4/Java 1.8 NoCommons]   ‚öô  ::set-output:: path=/opt/hostedtoolcache/jdk/8.0.372/x64
[869ae4f7-e922-4c39-9c5c-a06024b2d8d4/Java 1.8 NoCommons]   ‚öô  ::set-output:: version=8.0.372
[869ae4f7-e922-4c39-9c5c-a06024b2d8d4/Java 1.8 NoCommons]   ‚öô  ::add-path:: /opt/hostedtoolcache/jdk/8.0.372/x64/bin
[869ae4f7-e922-4c39-9c5c-a06024b2d8d4/Java 1.8 NoCommons] unable to get git ref: failed to identify reference (tag/branch) for the checked-out revision 'ca2f35da99f3437bb137f790fb557dcac8e0d35c'
[869ae4f7-e922-4c39-9c5c-a06024b2d8d4/Java 1.8 NoCommons] unable to get git ref: failed to identify reference (tag/branch) for the checked-out revision 'ca2f35da99f3437bb137f790fb557dcac8e0d35c'
[869ae4f7-e922-4c39-9c5c-a06024b2d8d4/Java 1.8 NoCommons] unable to get git ref: failed to identify reference (tag/branch) for the checked-out revision 'ca2f35da99f3437bb137f790fb557dcac8e0d35c'
[869ae4f7-e922-4c39-9c5c-a06024b2d8d4/Java 1.8 NoCommons] unable to get git ref: failed to identify reference (tag/branch) for the checked-out revision 'ca2f35da99f3437bb137f790fb557dcac8e0d35c'
[869ae4f7-e922-4c39-9c5c-a06024b2d8d4/Java 1.8 NoCommons] unable to get git ref: failed to identify reference (tag/branch) for the checked-out revision 'ca2f35da99f3437bb137f790fb557dcac8e0d35c'
[869ae4f7-e922-4c39-9c5c-a06024b2d8d4/Java 1.8 NoCommons] ‚≠ê Run Main Build with Maven
[869ae4f7-e922-4c39-9c5c-a06024b2d8d4/Java 1.8 NoCommons] unable to get git ref: failed to identify reference (tag/branch) for the checked-out revision 'ca2f35da99f3437bb137f790fb557dcac8e0d35c'
[869ae4f7-e922-4c39-9c5c-a06024b2d8d4/Java 1.8 NoCommons] unable to get git ref: failed to identify reference (tag/branch) for the checked-out revision 'ca2f35da99f3437bb137f790fb557dcac8e0d35c'
[869ae4f7-e922-4c39-9c5c-a06024b2d8d4/Java 1.8 NoCommons] unable to get git ref: failed to identify reference (tag/branch) for the checked-out revision 'ca2f35da99f3437bb137f790fb557dcac8e0d35c'
[869ae4f7-e922-4c39-9c5c-a06024b2d8d4/Java 1.8 NoCommons] unable to get git ref: failed to identify reference (tag/branch) for the checked-out revision 'ca2f35da99f3437bb137f790fb557dcac8e0d35c'
[869ae4f7-e922-4c39-9c5c-a06024b2d8d4/Java 1.8 NoCommons]   üê≥  docker exec cmd=[bash --noprofile --norc -e -o pipefail /var/run/act/workflow/2] user= workdir=
[869ae4f7-e922-4c39-9c5c-a06024b2d8d4/Java 1.8 NoCommons]   | [INFO] Scanning for projects...
[869ae4f7-e922-4c39-9c5c-a06024b2d8d4/Java 1.8 NoCommons]   | [INFO] Downloading from central: https://repo.maven.apache.org/maven2/org/sonatype/oss/oss-parent/7/oss-parent-7.pom
[869ae4f7-e922-4c39-9c5c-a06024b2d8d4/Java 1.8 NoCommons]   | [INFO] Downloaded from central: https://repo.maven.apache.org/maven2/org/sonatype/oss/oss-parent/7/oss-parent-7.pom (4.8 kB at 2.9 kB/s)
[869ae4f7-e922-4c39-9c5c-a06024b2d8d4/Java 1.8 NoCommons]   | [WARNING] 
[869ae4f7-e922-4c39-9c5c-a06024b2d8d4/Java 1.8 NoCommons]   | [WARNING] Some problems were encountered while building the effective model for no.bekk.bekkopen:nocommons:jar:0.6-SNAPSHOT
[869ae4f7-e922-4c39-9c5c-a06024b2d8d4/Java 1.8 NoCommons]   | [WARNING] Reporting configuration should be done in <reporting> section, not in maven-site-plugin <configuration> as reportPlugins parameter. @ line 144, column 21
[869ae4f7-e922-4c39-9c5c-a06024b2d8d4/Java 1.8 NoCommons]   | [WARNING] 
[869ae4f7-e922-4c39-9c5c-a06024b2d8d4/Java 1.8 NoCommons]   | [WARNING] It is highly recommended to fix these problems because they threaten the stability of your build.
[869ae4f7-e922-4c39-9c5c-a06024b2d8d4/Java 1.8 NoCommons]   | [WARNING] 
[869ae4f7-e922-4c39-9c5c-a06024b2d8d4/Java 1.8 NoCommons]   | [WARNING] For this reason, future Maven versions might no longer support building such malformed projects.
[869ae4f7-e922-4c39-9c5c-a06024b2d8d4/Java 1.8 NoCommons]   | [WARNING] 
[869ae4f7-e922-4c39-9c5c-a06024b2d8d4/Java 1.8 NoCommons]   | [INFO] 
[869ae4f7-e922-4c39-9c5c-a06024b2d8d4/Java 1.8 NoCommons]   | [INFO] ---------------------< no.bekk.bekkopen:nocommons >---------------------
[869ae4f7-e922-4c39-9c5c-a06024b2d8d4/Java 1.8 NoCommons]   | [INFO] Building NoCommons 0.6-SNAPSHOT
[869ae4f7-e922-4c39-9c5c-a06024b2d8d4/Java 1.8 NoCommons]   | [INFO] --------------------------------[ jar ]---------------------------------
[869ae4f7-e922-4c39-9c5c-a06024b2d8d4/Java 1.8 NoCommons]   | [INFO] Downloading from central: https://repo.maven.apache.org/maven2/org/apache/maven/plugins/maven-enforcer-plugin/1.0/maven-enforcer-plugin-1.0.pom
[869ae4f7-e922-4c39-9c5c-a06024b2d8d4/Java 1.8 NoCommons]   | [INFO] Downloaded from central: https://repo.maven.apache.org/maven2/org/apache/maven/plugins/maven-enforcer-plugin/1.0/maven-enforcer-plugin-1.0.pom (6.7 kB at 120 kB/s)
[869ae4f7-e922-4c39-9c5c-a06024b2d8d4/Java 1.8 NoCommons]   | [INFO] Downloading from central: https://repo.maven.apache.org/maven2/org/apache/maven/enforcer/enforcer/1.0/enforcer-1.0.pom
[869ae4f7-e922-4c39-9c5c-a06024b2d8d4/Java 1.8 NoCommons]   | [INFO] Downloaded from central: https://repo.maven.apache.org/maven2/org/apache/maven/enforcer/enforcer/1.0/enforcer-1.0.pom (12 kB at 209 kB/s)
[869ae4f7-e922-4c39-9c5c-a06024b2d8d4/Java 1.8 NoCommons]   | [INFO] Downloading from central: https://repo.maven.apache.org/maven2/org/apache/maven/maven-parent/17/maven-parent-17.pom
[869ae4f7-e922-4c39-9c5c-a06024b2d8d4/Java 1.8 NoCommons]   | [INFO] Downloaded from central: https://repo.maven.apache.org/maven2/org/apache/maven/maven-parent/17/maven-parent-17.pom (25 kB at 337 kB/s)
[869ae4f7-e922-4c39-9c5c-a06024b2d8d4/Java 1.8 NoCommons]   | [INFO] Downloading from central: https://repo.maven.apache.org/maven2/org/apache/apache/7/apache-7.pom
[869ae4f7-e922-4c39-9c5c-a06024b2d8d4/Java 1.8 NoCommons]   | [INFO] Downloaded from central: https://repo.maven.apache.org/maven2/org/apache/apache/7/apache-7.pom (14 kB at 352 kB/s)
[869ae4f7-e922-4c39-9c5c-a06024b2d8d4/Java 1.8 NoCommons]   | [INFO] Downloading from central: https://repo.maven.apache.org/maven2/org/apache/maven/plugins/maven-enforcer-plugin/1.0/maven-enforcer-plugin-1.0.jar
[869ae4f7-e922-4c39-9c5c-a06024b2d8d4/Java 1.8 NoCommons]   | [INFO] Downloaded from central: https://repo.maven.apache.org/maven2/org/apache/maven/plugins/maven-enforcer-plugin/1.0/maven-enforcer-plugin-1.0.jar (22 kB at 744 kB/s)
[869ae4f7-e922-4c39-9c5c-a06024b2d8d4/Java 1.8 NoCommons]   | [INFO] Downloading from central: https://repo.maven.apache.org/maven2/org/apache/maven/plugins/maven-resources-plugin/2.6/maven-resources-plugin-2.6.pom
[869ae4f7-e922-4c39-9c5c-a06024b2d8d4/Java 1.8 NoCommons]   | [INFO] Downloaded from central: https://repo.maven.apache.org/maven2/org/apache/maven/plugins/maven-resources-plugin/2.6/maven-resources-plugin-2.6.pom (8.1 kB at 142 kB/s)
[869ae4f7-e922-4c39-9c5c-a06024b2d8d4/Java 1.8 NoCommons]   | [INFO] Downloading from central: https://repo.maven.apache.org/maven2/org/apache/maven/plugins/maven-plugins/23/maven-plugins-23.pom
[869ae4f7-e922-4c39-9c5c-a06024b2d8d4/Java 1.8 NoCommons]   | [INFO] Downloaded from central: https://repo.maven.apache.org/maven2/org/apache/maven/plugins/maven-plugins/23/maven-plugins-23.pom (9.2 kB at 159 kB/s)
[869ae4f7-e922-4c39-9c5c-a06024b2d8d4/Java 1.8 NoCommons]   | [INFO] Downloading from central: https://repo.maven.apache.org/maven2/org/apache/maven/maven-parent/22/maven-parent-22.pom
[869ae4f7-e922-4c39-9c5c-a06024b2d8d4/Java 1.8 NoCommons]   | [INFO] Downloaded from central: https://repo.maven.apache.org/maven2/org/apache/maven/maven-parent/22/maven-parent-22.pom (30 kB at 991 kB/s)
[869ae4f7-e922-4c39-9c5c-a06024b2d8d4/Java 1.8 NoCommons]   | [INFO] Downloading from central: https://repo.maven.apache.org/maven2/org/apache/apache/11/apache-11.pom
[869ae4f7-e922-4c39-9c5c-a06024b2d8d4/Java 1.8 NoCommons]   | [INFO] Downloaded from central: https://repo.maven.apache.org/maven2/org/apache/apache/11/apache-11.pom (15 kB at 370 kB/s)
[869ae4f7-e922-4c39-9c5c-a06024b2d8d4/Java 1.8 NoCommons]   | [INFO] Downloading from central: https://repo.maven.apache.org/maven2/org/apache/maven/plugins/maven-resources-plugin/2.6/maven-resources-plugin-2.6.jar
[869ae4f7-e922-4c39-9c5c-a06024b2d8d4/Java 1.8 NoCommons]   | [INFO] Downloaded from central: https://repo.maven.apache.org/maven2/org/apache/maven/plugins/maven-resources-plugin/2.6/maven-resources-plugin-2.6.jar (30 kB at 1.6 MB/s)
[869ae4f7-e922-4c39-9c5c-a06024b2d8d4/Java 1.8 NoCommons]   | [INFO] Downloading from central: https://repo.maven.apache.org/maven2/org/apache/maven/plugins/maven-compiler-plugin/2.3.2/maven-compiler-plugin-2.3.2.pom
[869ae4f7-e922-4c39-9c5c-a06024b2d8d4/Java 1.8 NoCommons]   | [INFO] Downloaded from central: https://repo.maven.apache.org/maven2/org/apache/maven/plugins/maven-compiler-plugin/2.3.2/maven-compiler-plugin-2.3.2.pom (7.3 kB at 188 kB/s)
[869ae4f7-e922-4c39-9c5c-a06024b2d8d4/Java 1.8 NoCommons]   | [INFO] Downloading from central: https://repo.maven.apache.org/maven2/org/apache/maven/plugins/maven-plugins/18/maven-plugins-18.pom
[869ae4f7-e922-4c39-9c5c-a06024b2d8d4/Java 1.8 NoCommons]   | [INFO] Downloaded from central: https://repo.maven.apache.org/maven2/org/apache/maven/plugins/maven-plugins/18/maven-plugins-18.pom (13 kB at 765 kB/s)
[869ae4f7-e922-4c39-9c5c-a06024b2d8d4/Java 1.8 NoCommons]   | [INFO] Downloading from central: https://repo.maven.apache.org/maven2/org/apache/maven/maven-parent/16/maven-parent-16.pom
[869ae4f7-e922-4c39-9c5c-a06024b2d8d4/Java 1.8 NoCommons]   | [INFO] Downloaded from central: https://repo.maven.apache.org/maven2/org/apache/maven/maven-parent/16/maven-parent-16.pom (23 kB at 1.2 MB/s)
[869ae4f7-e922-4c39-9c5c-a06024b2d8d4/Java 1.8 NoCommons]   | [INFO] Downloading from central: https://repo.maven.apache.org/maven2/org/apache/maven/plugins/maven-compiler-plugin/2.3.2/maven-compiler-plugin-2.3.2.jar
[869ae4f7-e922-4c39-9c5c-a06024b2d8d4/Java 1.8 NoCommons]   | [INFO] Downloaded from central: https://repo.maven.apache.org/maven2/org/apache/maven/plugins/maven-compiler-plugin/2.3.2/maven-compiler-plugin-2.3.2.jar (29 kB at 1.1 MB/s)
[869ae4f7-e922-4c39-9c5c-a06024b2d8d4/Java 1.8 NoCommons]   | [INFO] Downloading from central: https://repo.maven.apache.org/maven2/org/apache/maven/plugins/maven-surefire-plugin/2.6/maven-surefire-plugin-2.6.pom
[869ae4f7-e922-4c39-9c5c-a06024b2d8d4/Java 1.8 NoCommons]   | [INFO] Downloaded from central: https://repo.maven.apache.org/maven2/org/apache/maven/plugins/maven-surefire-plugin/2.6/maven-surefire-plugin-2.6.pom (9.4 kB at 184 kB/s)
[869ae4f7-e922-4c39-9c5c-a06024b2d8d4/Java 1.8 NoCommons]   | [INFO] Downloading from central: https://repo.maven.apache.org/maven2/org/apache/maven/surefire/surefire/2.6/surefire-2.6.pom
[869ae4f7-e922-4c39-9c5c-a06024b2d8d4/Java 1.8 NoCommons]   | [INFO] Downloaded from central: https://repo.maven.apache.org/maven2/org/apache/maven/surefire/surefire/2.6/surefire-2.6.pom (8.8 kB at 233 kB/s)
[869ae4f7-e922-4c39-9c5c-a06024b2d8d4/Java 1.8 NoCommons]   | [INFO] Downloading from central: https://repo.maven.apache.org/maven2/org/apache/maven/plugins/maven-surefire-plugin/2.6/maven-surefire-plugin-2.6.jar
[869ae4f7-e922-4c39-9c5c-a06024b2d8d4/Java 1.8 NoCommons]   | [INFO] Downloaded from central: https://repo.maven.apache.org/maven2/org/apache/maven/plugins/maven-surefire-plugin/2.6/maven-surefire-plugin-2.6.jar (28 kB at 761 kB/s)
[869ae4f7-e922-4c39-9c5c-a06024b2d8d4/Java 1.8 NoCommons]   | [INFO] Downloading from central: https://repo.maven.apache.org/maven2/org/apache/maven/plugins/maven-jar-plugin/2.4/maven-jar-plugin-2.4.pom
[869ae4f7-e922-4c39-9c5c-a06024b2d8d4/Java 1.8 NoCommons]   | [INFO] Downloaded from central: https://repo.maven.apache.org/maven2/org/apache/maven/plugins/maven-jar-plugin/2.4/maven-jar-plugin-2.4.pom (5.8 kB at 112 kB/s)
[869ae4f7-e922-4c39-9c5c-a06024b2d8d4/Java 1.8 NoCommons]   | [INFO] Downloading from central: https://repo.maven.apache.org/maven2/org/apache/maven/plugins/maven-plugins/22/maven-plugins-22.pom
[869ae4f7-e922-4c39-9c5c-a06024b2d8d4/Java 1.8 NoCommons]   | [INFO] Downloaded from central: https://repo.maven.apache.org/maven2/org/apache/maven/plugins/maven-plugins/22/maven-plugins-22.pom (13 kB at 767 kB/s)
[869ae4f7-e922-4c39-9c5c-a06024b2d8d4/Java 1.8 NoCommons]   | [INFO] Downloading from central: https://repo.maven.apache.org/maven2/org/apache/maven/maven-parent/21/maven-parent-21.pom
[869ae4f7-e922-4c39-9c5c-a06024b2d8d4/Java 1.8 NoCommons]   | [INFO] Downloaded from central: https://repo.maven.apache.org/maven2/org/apache/maven/maven-parent/21/maven-parent-21.pom (26 kB at 732 kB/s)
[869ae4f7-e922-4c39-9c5c-a06024b2d8d4/Java 1.8 NoCommons]   | [INFO] Downloading from central: https://repo.maven.apache.org/maven2/org/apache/apache/10/apache-10.pom
[869ae4f7-e922-4c39-9c5c-a06024b2d8d4/Java 1.8 NoCommons]   | [INFO] Downloaded from central: https://repo.maven.apache.org/maven2/org/apache/apache/10/apache-10.pom (15 kB at 352 kB/s)
[869ae4f7-e922-4c39-9c5c-a06024b2d8d4/Java 1.8 NoCommons]   | [INFO] Downloading from central: https://repo.maven.apache.org/maven2/org/apache/maven/plugins/maven-jar-plugin/2.4/maven-jar-plugin-2.4.jar
[869ae4f7-e922-4c39-9c5c-a06024b2d8d4/Java 1.8 NoCommons]   | [INFO] Downloaded from central: https://repo.maven.apache.org/maven2/org/apache/maven/plugins/maven-jar-plugin/2.4/maven-jar-plugin-2.4.jar (34 kB at 920 kB/s)
[869ae4f7-e922-4c39-9c5c-a06024b2d8d4/Java 1.8 NoCommons]   | [INFO] Downloading from central: https://repo.maven.apache.org/maven2/commons-io/commons-io/1.4/commons-io-1.4.pom
[869ae4f7-e922-4c39-9c5c-a06024b2d8d4/Java 1.8 NoCommons]   | [INFO] Downloaded from central: https://repo.maven.apache.org/maven2/commons-io/commons-io/1.4/commons-io-1.4.pom (13 kB at 1.1 MB/s)
[869ae4f7-e922-4c39-9c5c-a06024b2d8d4/Java 1.8 NoCommons]   | [INFO] Downloading from central: https://repo.maven.apache.org/maven2/org/apache/commons/commons-parent/7/commons-parent-7.pom
[869ae4f7-e922-4c39-9c5c-a06024b2d8d4/Java 1.8 NoCommons]   | [INFO] Downloaded from central: https://repo.maven.apache.org/maven2/org/apache/commons/commons-parent/7/commons-parent-7.pom (17 kB at 547 kB/s)
[869ae4f7-e922-4c39-9c5c-a06024b2d8d4/Java 1.8 NoCommons]   | [INFO] Downloading from central: https://repo.maven.apache.org/maven2/org/apache/apache/4/apache-4.pom
[869ae4f7-e922-4c39-9c5c-a06024b2d8d4/Java 1.8 NoCommons]   | [INFO] Downloaded from central: https://repo.maven.apache.org/maven2/org/apache/apache/4/apache-4.pom (4.5 kB at 237 kB/s)
[869ae4f7-e922-4c39-9c5c-a06024b2d8d4/Java 1.8 NoCommons]   | [INFO] Downloading from central: https://repo.maven.apache.org/maven2/javax/validation/validation-api/1.0.0.GA/validation-api-1.0.0.GA.pom
[869ae4f7-e922-4c39-9c5c-a06024b2d8d4/Java 1.8 NoCommons]   | [INFO] Downloaded from central: https://repo.maven.apache.org/maven2/javax/validation/validation-api/1.0.0.GA/validation-api-1.0.0.GA.pom (4.4 kB at 200 kB/s)
[869ae4f7-e922-4c39-9c5c-a06024b2d8d4/Java 1.8 NoCommons]   | [INFO] Downloading from central: https://repo.maven.apache.org/maven2/junit/junit/4.8.2/junit-4.8.2.pom
[869ae4f7-e922-4c39-9c5c-a06024b2d8d4/Java 1.8 NoCommons]   | [INFO] Downloaded from central: https://repo.maven.apache.org/maven2/junit/junit/4.8.2/junit-4.8.2.pom (1.5 kB at 87 kB/s)
[869ae4f7-e922-4c39-9c5c-a06024b2d8d4/Java 1.8 NoCommons]   | [INFO] Downloading from central: https://repo.maven.apache.org/maven2/org/hibernate/hibernate-validator/4.3.1.Final/hibernate-validator-4.3.1.Final.pom
[869ae4f7-e922-4c39-9c5c-a06024b2d8d4/Java 1.8 NoCommons]   | [INFO] Downloaded from central: https://repo.maven.apache.org/maven2/org/hibernate/hibernate-validator/4.3.1.Final/hibernate-validator-4.3.1.Final.pom (12 kB at 264 kB/s)
[869ae4f7-e922-4c39-9c5c-a06024b2d8d4/Java 1.8 NoCommons]   | [INFO] Downloading from central: https://repo.maven.apache.org/maven2/org/hibernate/hibernate-validator-parent/4.3.1.Final/hibernate-validator-parent-4.3.1.Final.pom
[869ae4f7-e922-4c39-9c5c-a06024b2d8d4/Java 1.8 NoCommons]   | [INFO] Downloaded from central: https://repo.maven.apache.org/maven2/org/hibernate/hibernate-validator-parent/4.3.1.Final/hibernate-validator-parent-4.3.1.Final.pom (21 kB at 734 kB/s)
[869ae4f7-e922-4c39-9c5c-a06024b2d8d4/Java 1.8 NoCommons]   | [INFO] Downloading from central: https://repo.maven.apache.org/maven2/org/jboss/logging/jboss-logging/3.1.0.CR2/jboss-logging-3.1.0.CR2.pom
[869ae4f7-e922-4c39-9c5c-a06024b2d8d4/Java 1.8 NoCommons]   | [INFO] Downloaded from central: https://repo.maven.apache.org/maven2/org/jboss/logging/jboss-logging/3.1.0.CR2/jboss-logging-3.1.0.CR2.pom (6.1 kB at 190 kB/s)
[869ae4f7-e922-4c39-9c5c-a06024b2d8d4/Java 1.8 NoCommons]   | [INFO] Downloading from central: https://repo.maven.apache.org/maven2/org/jboss/jboss-parent/6/jboss-parent-6.pom
[869ae4f7-e922-4c39-9c5c-a06024b2d8d4/Java 1.8 NoCommons]   | [INFO] Downloaded from central: https://repo.maven.apache.org/maven2/org/jboss/jboss-parent/6/jboss-parent-6.pom (23 kB at 442 kB/s)
[869ae4f7-e922-4c39-9c5c-a06024b2d8d4/Java 1.8 NoCommons]   | [INFO] Downloading from central: https://repo.maven.apache.org/maven2/commons-io/commons-io/1.4/commons-io-1.4.jar
[869ae4f7-e922-4c39-9c5c-a06024b2d8d4/Java 1.8 NoCommons]   | [INFO] Downloading from central: https://repo.maven.apache.org/maven2/javax/validation/validation-api/1.0.0.GA/validation-api-1.0.0.GA.jar
[869ae4f7-e922-4c39-9c5c-a06024b2d8d4/Java 1.8 NoCommons]   | [INFO] Downloading from central: https://repo.maven.apache.org/maven2/org/hibernate/hibernate-validator/4.3.1.Final/hibernate-validator-4.3.1.Final.jar
[869ae4f7-e922-4c39-9c5c-a06024b2d8d4/Java 1.8 NoCommons]   | [INFO] Downloading from central: https://repo.maven.apache.org/maven2/junit/junit/4.8.2/junit-4.8.2.jar
[869ae4f7-e922-4c39-9c5c-a06024b2d8d4/Java 1.8 NoCommons]   | [INFO] Downloading from central: https://repo.maven.apache.org/maven2/org/jboss/logging/jboss-logging/3.1.0.CR2/jboss-logging-3.1.0.CR2.jar
[869ae4f7-e922-4c39-9c5c-a06024b2d8d4/Java 1.8 NoCommons]   | [INFO] Downloaded from central: https://repo.maven.apache.org/maven2/org/jboss/logging/jboss-logging/3.1.0.CR2/jboss-logging-3.1.0.CR2.jar (61 kB at 877 kB/s)
[869ae4f7-e922-4c39-9c5c-a06024b2d8d4/Java 1.8 NoCommons]   | [INFO] Downloaded from central: https://repo.maven.apache.org/maven2/junit/junit/4.8.2/junit-4.8.2.jar (237 kB at 2.8 MB/s)
[869ae4f7-e922-4c39-9c5c-a06024b2d8d4/Java 1.8 NoCommons]   | [INFO] Downloaded from central: https://repo.maven.apache.org/maven2/commons-io/commons-io/1.4/commons-io-1.4.jar (109 kB at 1.3 MB/s)
[869ae4f7-e922-4c39-9c5c-a06024b2d8d4/Java 1.8 NoCommons]   | [INFO] Downloaded from central: https://repo.maven.apache.org/maven2/javax/validation/validation-api/1.0.0.GA/validation-api-1.0.0.GA.jar (47 kB at 383 kB/s)
[869ae4f7-e922-4c39-9c5c-a06024b2d8d4/Java 1.8 NoCommons]   | [INFO] Downloaded from central: https://repo.maven.apache.org/maven2/org/hibernate/hibernate-validator/4.3.1.Final/hibernate-validator-4.3.1.Final.jar (477 kB at 449 kB/s)
[869ae4f7-e922-4c39-9c5c-a06024b2d8d4/Java 1.8 NoCommons]   | [INFO] 
[869ae4f7-e922-4c39-9c5c-a06024b2d8d4/Java 1.8 NoCommons]   | [INFO] --- maven-enforcer-plugin:1.0:enforce (enforce-maven) @ nocommons ---
[869ae4f7-e922-4c39-9c5c-a06024b2d8d4/Java 1.8 NoCommons]   | [INFO] Downloading from central: https://repo.maven.apache.org/maven2/org/apache/maven/maven-artifact/2.0.9/maven-artifact-2.0.9.pom
[869ae4f7-e922-4c39-9c5c-a06024b2d8d4/Java 1.8 NoCommons]   | [INFO] Downloaded from central: https://repo.maven.apache.org/maven2/org/apache/maven/maven-artifact/2.0.9/maven-artifact-2.0.9.pom (1.6 kB at 90 kB/s)
[869ae4f7-e922-4c39-9c5c-a06024b2d8d4/Java 1.8 NoCommons]   | [INFO] Downloading from central: https://repo.maven.apache.org/maven2/org/apache/maven/maven/2.0.9/maven-2.0.9.pom
[869ae4f7-e922-4c39-9c5c-a06024b2d8d4/Java 1.8 NoCommons]   | [INFO] Downloaded from central: https://repo.maven.apache.org/maven2/org/apache/maven/maven/2.0.9/maven-2.0.9.pom (19 kB at 822 kB/s)
[869ae4f7-e922-4c39-9c5c-a06024b2d8d4/Java 1.8 NoCommons]   | [INFO] Downloading from central: https://repo.maven.apache.org/maven2/org/apache/maven/maven-parent/8/maven-parent-8.pom
[869ae4f7-e922-4c39-9c5c-a06024b2d8d4/Java 1.8 NoCommons]   | [INFO] Downloaded from central: https://repo.maven.apache.org/maven2/org/apache/maven/maven-parent/8/maven-parent-8.pom (24 kB at 1.5 MB/s)
[869ae4f7-e922-4c39-9c5c-a06024b2d8d4/Java 1.8 NoCommons]   | [INFO] Downloading from central: https://repo.maven.apache.org/maven2/org/codehaus/plexus/plexus-utils/1.5.8/plexus-utils-1.5.8.pom
[869ae4f7-e922-4c39-9c5c-a06024b2d8d4/Java 1.8 NoCommons]   | [INFO] Downloaded from central: https://repo.maven.apache.org/maven2/org/codehaus/plexus/plexus-utils/1.5.8/plexus-utils-1.5.8.pom (8.1 kB at 672 kB/s)
[869ae4f7-e922-4c39-9c5c-a06024b2d8d4/Java 1.8 NoCommons]   | [INFO] Downloading from central: https://repo.maven.apache.org/maven2/org/codehaus/plexus/plexus/2.0.2/plexus-2.0.2.pom
[869ae4f7-e922-4c39-9c5c-a06024b2d8d4/Java 1.8 NoCommons]   | [INFO] Downloaded from central: https://repo.maven.apache.org/maven2/org/codehaus/plexus/plexus/2.0.2/plexus-2.0.2.pom (12 kB at 352 kB/s)
[869ae4f7-e922-4c39-9c5c-a06024b2d8d4/Java 1.8 NoCommons]   | [INFO] Downloading from central: https://repo.maven.apache.org/maven2/org/apache/maven/maven-plugin-api/2.0.9/maven-plugin-api-2.0.9.pom
[869ae4f7-e922-4c39-9c5c-a06024b2d8d4/Java 1.8 NoCommons]   | [INFO] Downloaded from central: https://repo.maven.apache.org/maven2/org/apache/maven/maven-plugin-api/2.0.9/maven-plugin-api-2.0.9.pom (1.5 kB at 32 kB/s)
[869ae4f7-e922-4c39-9c5c-a06024b2d8d4/Java 1.8 NoCommons]   | [INFO] Downloading from central: https://repo.maven.apache.org/maven2/org/apache/maven/maven-project/2.0.9/maven-project-2.0.9.pom
[869ae4f7-e922-4c39-9c5c-a06024b2d8d4/Java 1.8 NoCommons]   | [INFO] Downloaded from central: https://repo.maven.apache.org/maven2/org/apache/maven/maven-project/2.0.9/maven-project-2.0.9.pom (2.7 kB at 62 kB/s)
[869ae4f7-e922-4c39-9c5c-a06024b2d8d4/Java 1.8 NoCommons]   | [INFO] Downloading from central: https://repo.maven.apache.org/maven2/org/apache/maven/maven-settings/2.0.9/maven-settings-2.0.9.pom
[869ae4f7-e922-4c39-9c5c-a06024b2d8d4/Java 1.8 NoCommons]   | [INFO] Downloaded from central: https://repo.maven.apache.org/maven2/org/apache/maven/maven-settings/2.0.9/maven-settings-2.0.9.pom (2.1 kB at 71 kB/s)
[869ae4f7-e922-4c39-9c5c-a06024b2d8d4/Java 1.8 NoCommons]   | [INFO] Downloading from central: https://repo.maven.apache.org/maven2/org/apache/maven/maven-model/2.0.9/maven-model-2.0.9.pom
[869ae4f7-e922-4c39-9c5c-a06024b2d8d4/Java 1.8 NoCommons]   | [INFO] Downloaded from central: https://repo.maven.apache.org/maven2/org/apache/maven/maven-model/2.0.9/maven-model-2.0.9.pom (3.1 kB at 70 kB/s)
[869ae4f7-e922-4c39-9c5c-a06024b2d8d4/Java 1.8 NoCommons]   | [INFO] Downloading from central: https://repo.maven.apache.org/maven2/org/codehaus/plexus/plexus-container-default/1.0-alpha-9-stable-1/plexus-container-default-1.0-alpha-9-stable-1.pom
[869ae4f7-e922-4c39-9c5c-a06024b2d8d4/Java 1.8 NoCommons]   | [INFO] Downloaded from central: https://repo.maven.apache.org/maven2/org/codehaus/plexus/plexus-container-default/1.0-alpha-9-stable-1/plexus-container-default-1.0-alpha-9-stable-1.pom (3.9 kB at 76 kB/s)
[869ae4f7-e922-4c39-9c5c-a06024b2d8d4/Java 1.8 NoCommons]   | [INFO] Downloading from central: https://repo.maven.apache.org/maven2/org/codehaus/plexus/plexus-containers/1.0.3/plexus-containers-1.0.3.pom
[869ae4f7-e922-4c39-9c5c-a06024b2d8d4/Java 1.8 NoCommons]   | [INFO] Downloaded from central: https://repo.maven.apache.org/maven2/org/codehaus/plexus/plexus-containers/1.0.3/plexus-containers-1.0.3.pom (492 B at 8.2 kB/s)
[869ae4f7-e922-4c39-9c5c-a06024b2d8d4/Java 1.8 NoCommons]   | [INFO] Downloading from central: https://repo.maven.apache.org/maven2/org/codehaus/plexus/plexus/1.0.4/plexus-1.0.4.pom
[869ae4f7-e922-4c39-9c5c-a06024b2d8d4/Java 1.8 NoCommons]   | [INFO] Downloaded from central: https://repo.maven.apache.org/maven2/org/codehaus/plexus/plexus/1.0.4/plexus-1.0.4.pom (5.7 kB at 198 kB/s)
[869ae4f7-e922-4c39-9c5c-a06024b2d8d4/Java 1.8 NoCommons]   | [INFO] Downloading from central: https://repo.maven.apache.org/maven2/junit/junit/3.8.2/junit-3.8.2.pom
[869ae4f7-e922-4c39-9c5c-a06024b2d8d4/Java 1.8 NoCommons]   | [INFO] Downloaded from central: https://repo.maven.apache.org/maven2/junit/junit/3.8.2/junit-3.8.2.pom (747 B at 29 kB/s)
[869ae4f7-e922-4c39-9c5c-a06024b2d8d4/Java 1.8 NoCommons]   | [INFO] Downloading from central: https://repo.maven.apache.org/maven2/classworlds/classworlds/1.1-alpha-2/classworlds-1.1-alpha-2.pom
[869ae4f7-e922-4c39-9c5c-a06024b2d8d4/Java 1.8 NoCommons]   | [INFO] Downloaded from central: https://repo.maven.apache.org/maven2/classworlds/classworlds/1.1-alpha-2/classworlds-1.1-alpha-2.pom (3.1 kB at 196 kB/s)
[869ae4f7-e922-4c39-9c5c-a06024b2d8d4/Java 1.8 NoCommons]   | [INFO] Downloading from central: https://repo.maven.apache.org/maven2/org/apache/maven/maven-profile/2.0.9/maven-profile-2.0.9.pom
[869ae4f7-e922-4c39-9c5c-a06024b2d8d4/Java 1.8 NoCommons]   | [INFO] Downloaded from central: https://repo.maven.apache.org/maven2/org/apache/maven/maven-profile/2.0.9/maven-profile-2.0.9.pom (2.0 kB at 59 kB/s)
[869ae4f7-e922-4c39-9c5c-a06024b2d8d4/Java 1.8 NoCommons]   | [INFO] Downloading from central: https://repo.maven.apache.org/maven2/org/apache/maven/maven-artifact-manager/2.0.9/maven-artifact-manager-2.0.9.pom
[869ae4f7-e922-4c39-9c5c-a06024b2d8d4/Java 1.8 NoCommons]   | [INFO] Downloaded from central: https://repo.maven.apache.org/maven2/org/apache/maven/maven-artifact-manager/2.0.9/maven-artifact-manager-2.0.9.pom (2.7 kB at 135 kB/s)
[869ae4f7-e922-4c39-9c5c-a06024b2d8d4/Java 1.8 NoCommons]   | [INFO] Downloading from central: https://repo.maven.apache.org/maven2/org/apache/maven/maven-repository-metadata/2.0.9/maven-repository-metadata-2.0.9.pom
[869ae4f7-e922-4c39-9c5c-a06024b2d8d4/Java 1.8 NoCommons]   | [INFO] Downloaded from central: https://repo.maven.apache.org/maven2/org/apache/maven/maven-repository-metadata/2.0.9/maven-repository-metadata-2.0.9.pom (1.9 kB at 76 kB/s)
[869ae4f7-e922-4c39-9c5c-a06024b2d8d4/Java 1.8 NoCommons]   | [INFO] Downloading from central: https://repo.maven.apache.org/maven2/org/apache/maven/maven-plugin-registry/2.0.9/maven-plugin-registry-2.0.9.pom
[869ae4f7-e922-4c39-9c5c-a06024b2d8d4/Java 1.8 NoCommons]   | [INFO] Downloaded from central: https://repo.maven.apache.org/maven2/org/apache/maven/maven-plugin-registry/2.0.9/maven-plugin-registry-2.0.9.pom (2.0 kB at 131 kB/s)
[869ae4f7-e922-4c39-9c5c-a06024b2d8d4/Java 1.8 NoCommons]   | [INFO] Downloading from central: https://repo.maven.apache.org/maven2/org/apache/maven/maven-core/2.0.9/maven-core-2.0.9.pom
[869ae4f7-e922-4c39-9c5c-a06024b2d8d4/Java 1.8 NoCommons]   | [INFO] Downloaded from central: https://repo.maven.apache.org/maven2/org/apache/maven/maven-core/2.0.9/maven-core-2.0.9.pom (7.8 kB at 299 kB/s)
[869ae4f7-e922-4c39-9c5c-a06024b2d8d4/Java 1.8 NoCommons]   | [INFO] Downloading from central: https://repo.maven.apache.org/maven2/org/apache/maven/maven-plugin-parameter-documenter/2.0.9/maven-plugin-parameter-documenter-2.0.9.pom
[869ae4f7-e922-4c39-9c5c-a06024b2d8d4/Java 1.8 NoCommons]   | [INFO] Downloaded from central: https://repo.maven.apache.org/maven2/org/apache/maven/maven-plugin-parameter-documenter/2.0.9/maven-plugin-parameter-documenter-2.0.9.pom (2.0 kB at 73 kB/s)
[869ae4f7-e922-4c39-9c5c-a06024b2d8d4/Java 1.8 NoCommons]   | [INFO] Downloading from central: https://repo.maven.apache.org/maven2/org/apache/maven/reporting/maven-reporting-api/2.0.9/maven-reporting-api-2.0.9.pom
[869ae4f7-e922-4c39-9c5c-a06024b2d8d4/Java 1.8 NoCommons]   | [INFO] Downloaded from central: https://repo.maven.apache.org/maven2/org/apache/maven/reporting/maven-reporting-api/2.0.9/maven-reporting-api-2.0.9.pom (1.8 kB at 55 kB/s)
[869ae4f7-e922-4c39-9c5c-a06024b2d8d4/Java 1.8 NoCommons]   | [INFO] Downloading from central: https://repo.maven.apache.org/maven2/org/apache/maven/reporting/maven-reporting/2.0.9/maven-reporting-2.0.9.pom
[869ae4f7-e922-4c39-9c5c-a06024b2d8d4/Java 1.8 NoCommons]   | [INFO] Downloaded from central: https://repo.maven.apache.org/maven2/org/apache/maven/reporting/maven-reporting/2.0.9/maven-reporting-2.0.9.pom (1.5 kB at 123 kB/s)
[869ae4f7-e922-4c39-9c5c-a06024b2d8d4/Java 1.8 NoCommons]   | [INFO] Downloading from central: https://repo.maven.apache.org/maven2/org/apache/maven/doxia/doxia-sink-api/1.0-alpha-10/doxia-sink-api-1.0-alpha-10.pom
[869ae4f7-e922-4c39-9c5c-a06024b2d8d4/Java 1.8 NoCommons]   | [INFO] Downloaded from central: https://repo.maven.apache.org/maven2/org/apache/maven/doxia/doxia-sink-api/1.0-alpha-10/doxia-sink-api-1.0-alpha-10.pom (1.3 kB at 26 kB/s)
[869ae4f7-e922-4c39-9c5c-a06024b2d8d4/Java 1.8 NoCommons]   | [INFO] Downloading from central: https://repo.maven.apache.org/maven2/org/apache/maven/doxia/doxia/1.0-alpha-10/doxia-1.0-alpha-10.pom
[869ae4f7-e922-4c39-9c5c-a06024b2d8d4/Java 1.8 NoCommons]   | [INFO] Downloaded from central: https://repo.maven.apache.org/maven2/org/apache/maven/doxia/doxia/1.0-alpha-10/doxia-1.0-alpha-10.pom (9.2 kB at 278 kB/s)
[869ae4f7-e922-4c39-9c5c-a06024b2d8d4/Java 1.8 NoCommons]   | [INFO] Downloading from central: https://repo.maven.apache.org/maven2/org/apache/maven/maven-parent/6/maven-parent-6.pom
[869ae4f7-e922-4c39-9c5c-a06024b2d8d4/Java 1.8 NoCommons]   | [INFO] Downloaded from central: https://repo.maven.apache.org/maven2/org/apache/maven/maven-parent/6/maven-parent-6.pom (20 kB at 668 kB/s)
[869ae4f7-e922-4c39-9c5c-a06024b2d8d4/Java 1.8 NoCommons]   | [INFO] Downloading from central: https://repo.maven.apache.org/maven2/org/apache/maven/maven-error-diagnostics/2.0.9/maven-error-diagnostics-2.0.9.pom
[869ae4f7-e922-4c39-9c5c-a06024b2d8d4/Java 1.8 NoCommons]   | [INFO] Downloaded from central: https://repo.maven.apache.org/maven2/org/apache/maven/maven-error-diagnostics/2.0.9/maven-error-diagnostics-2.0.9.pom (1.7 kB at 109 kB/s)
[869ae4f7-e922-4c39-9c5c-a06024b2d8d4/Java 1.8 NoCommons]   | [INFO] Downloading from central: https://repo.maven.apache.org/maven2/commons-cli/commons-cli/1.0/commons-cli-1.0.pom
[869ae4f7-e922-4c39-9c5c-a06024b2d8d4/Java 1.8 NoCommons]   | [INFO] Downloaded from central: https://repo.maven.apache.org/maven2/commons-cli/commons-cli/1.0/commons-cli-1.0.pom (2.1 kB at 30 kB/s)
[869ae4f7-e922-4c39-9c5c-a06024b2d8d4/Java 1.8 NoCommons]   | [INFO] Downloading from central: https://repo.maven.apache.org/maven2/org/apache/maven/maven-plugin-descriptor/2.0.9/maven-plugin-descriptor-2.0.9.pom
[869ae4f7-e922-4c39-9c5c-a06024b2d8d4/Java 1.8 NoCommons]   | [INFO] Downloaded from central: https://repo.maven.apache.org/maven2/org/apache/maven/maven-plugin-descriptor/2.0.9/maven-plugin-descriptor-2.0.9.pom (2.1 kB at 52 kB/s)
[869ae4f7-e922-4c39-9c5c-a06024b2d8d4/Java 1.8 NoCommons]   | [INFO] Downloading from central: https://repo.maven.apache.org/maven2/org/codehaus/plexus/plexus-interactivity-api/1.0-alpha-4/plexus-interactivity-api-1.0-alpha-4.pom
[869ae4f7-e922-4c39-9c5c-a06024b2d8d4/Java 1.8 NoCommons]   | [INFO] Downloaded from central: https://repo.maven.apache.org/maven2/org/codehaus/plexus/plexus-interactivity-api/1.0-alpha-4/plexus-interactivity-api-1.0-alpha-4.pom (7.1 kB at 161 kB/s)
[869ae4f7-e922-4c39-9c5c-a06024b2d8d4/Java 1.8 NoCommons]   | [INFO] Downloading from central: https://repo.maven.apache.org/maven2/org/apache/maven/maven-monitor/2.0.9/maven-monitor-2.0.9.pom
[869ae4f7-e922-4c39-9c5c-a06024b2d8d4/Java 1.8 NoCommons]   | [INFO] Downloaded from central: https://repo.maven.apache.org/maven2/org/apache/maven/maven-monitor/2.0.9/maven-monitor-2.0.9.pom (1.3 kB at 4.8 kB/s)
[869ae4f7-e922-4c39-9c5c-a06024b2d8d4/Java 1.8 NoCommons]   | [INFO] Downloading from central: https://repo.maven.apache.org/maven2/classworlds/classworlds/1.1/classworlds-1.1.pom
[869ae4f7-e922-4c39-9c5c-a06024b2d8d4/Java 1.8 NoCommons]   | [INFO] Downloaded from central: https://repo.maven.apache.org/maven2/classworlds/classworlds/1.1/classworlds-1.1.pom (3.3 kB at 123 kB/s)
[869ae4f7-e922-4c39-9c5c-a06024b2d8d4/Java 1.8 NoCommons]   | [INFO] Downloading from central: https://repo.maven.apache.org/maven2/commons-lang/commons-lang/2.3/commons-lang-2.3.pom
[869ae4f7-e922-4c39-9c5c-a06024b2d8d4/Java 1.8 NoCommons]   | [INFO] Downloaded from central: https://repo.maven.apache.org/maven2/commons-lang/commons-lang/2.3/commons-lang-2.3.pom (11 kB at 171 kB/s)
[869ae4f7-e922-4c39-9c5c-a06024b2d8d4/Java 1.8 NoCommons]   | [INFO] Downloading from central: https://repo.maven.apache.org/maven2/org/apache/maven/enforcer/enforcer-api/1.0/enforcer-api-1.0.pom
[869ae4f7-e922-4c39-9c5c-a06024b2d8d4/Java 1.8 NoCommons]   | [INFO] Downloaded from central: https://repo.maven.apache.org/maven2/org/apache/maven/enforcer/enforcer-api/1.0/enforcer-api-1.0.pom (3.3 kB at 137 kB/s)
[869ae4f7-e922-4c39-9c5c-a06024b2d8d4/Java 1.8 NoCommons]   | [INFO] Downloading from central: https://repo.maven.apache.org/maven2/org/codehaus/plexus/plexus-container-default/1.0-alpha-9/plexus-container-default-1.0-alpha-9.pom
[869ae4f7-e922-4c39-9c5c-a06024b2d8d4/Java 1.8 NoCommons]   | [INFO] Downloaded from central: https://repo.maven.apache.org/maven2/org/codehaus/plexus/plexus-container-default/1.0-alpha-9/plexus-container-default-1.0-alpha-9.pom (1.2 kB at 17 kB/s)
[869ae4f7-e922-4c39-9c5c-a06024b2d8d4/Java 1.8 NoCommons]   | [INFO] Downloading from central: https://repo.maven.apache.org/maven2/org/apache/maven/enforcer/enforcer-rules/1.0/enforcer-rules-1.0.pom
[869ae4f7-e922-4c39-9c5c-a06024b2d8d4/Java 1.8 NoCommons]   | [INFO] Downloaded from central: https://repo.maven.apache.org/maven2/org/apache/maven/enforcer/enforcer-rules/1.0/enforcer-rules-1.0.pom (4.1 kB at 159 kB/s)
[869ae4f7-e922-4c39-9c5c-a06024b2d8d4/Java 1.8 NoCommons]   | [INFO] Downloading from central: https://repo.maven.apache.org/maven2/org/apache/maven/shared/maven-common-artifact-filters/1.2/maven-common-artifact-filters-1.2.pom
[869ae4f7-e922-4c39-9c5c-a06024b2d8d4/Java 1.8 NoCommons]   | [INFO] Downloaded from central: https://repo.maven.apache.org/maven2/org/apache/maven/shared/maven-common-artifact-filters/1.2/maven-common-artifact-filters-1.2.pom (4.5 kB at 348 kB/s)
[869ae4f7-e922-4c39-9c5c-a06024b2d8d4/Java 1.8 NoCommons]   | [INFO] Downloading from central: https://repo.maven.apache.org/maven2/org/apache/maven/shared/maven-shared-components/11/maven-shared-components-11.pom
[869ae4f7-e922-4c39-9c5c-a06024b2d8d4/Java 1.8 NoCommons]   | [INFO] Downloaded from central: https://repo.maven.apache.org/maven2/org/apache/maven/shared/maven-shared-components/11/maven-shared-components-11.pom (8.3 kB at 154 kB/s)
[869ae4f7-e922-4c39-9c5c-a06024b2d8d4/Java 1.8 NoCommons]   | [INFO] Downloading from central: https://repo.maven.apache.org/maven2/org/apache/maven/maven-parent/11/maven-parent-11.pom
[869ae4f7-e922-4c39-9c5c-a06024b2d8d4/Java 1.8 NoCommons]   | [INFO] Downloaded from central: https://repo.maven.apache.org/maven2/org/apache/maven/maven-parent/11/maven-parent-11.pom (32 kB at 1.7 MB/s)
[869ae4f7-e922-4c39-9c5c-a06024b2d8d4/Java 1.8 NoCommons]   | [INFO] Downloading from central: https://repo.maven.apache.org/maven2/org/apache/apache/5/apache-5.pom
[869ae4f7-e922-4c39-9c5c-a06024b2d8d4/Java 1.8 NoCommons]   | [INFO] Downloaded from central: https://repo.maven.apache.org/maven2/org/apache/apache/5/apache-5.pom (4.1 kB at 84 kB/s)
[869ae4f7-e922-4c39-9c5c-a06024b2d8d4/Java 1.8 NoCommons]   | [INFO] Downloading from central: https://repo.maven.apache.org/maven2/org/apache/maven/maven-model/2.0.8/maven-model-2.0.8.pom
[869ae4f7-e922-4c39-9c5c-a06024b2d8d4/Java 1.8 NoCommons]   | [INFO] Downloaded from central: https://repo.maven.apache.org/maven2/org/apache/maven/maven-model/2.0.8/maven-model-2.0.8.pom (3.1 kB at 112 kB/s)
[869ae4f7-e922-4c39-9c5c-a06024b2d8d4/Java 1.8 NoCommons]   | [INFO] Downloading from central: https://repo.maven.apache.org/maven2/org/apache/maven/maven/2.0.8/maven-2.0.8.pom
[869ae4f7-e922-4c39-9c5c-a06024b2d8d4/Java 1.8 NoCommons]   | [INFO] Downloaded from central: https://repo.maven.apache.org/maven2/org/apache/maven/maven/2.0.8/maven-2.0.8.pom (12 kB at 465 kB/s)
[869ae4f7-e922-4c39-9c5c-a06024b2d8d4/Java 1.8 NoCommons]   | [INFO] Downloading from central: https://repo.maven.apache.org/maven2/org/apache/maven/shared/maven-plugin-testing-harness/1.1/maven-plugin-testing-harness-1.1.pom
[869ae4f7-e922-4c39-9c5c-a06024b2d8d4/Java 1.8 NoCommons]   | [INFO] Downloaded from central: https://repo.maven.apache.org/maven2/org/apache/maven/shared/maven-plugin-testing-harness/1.1/maven-plugin-testing-harness-1.1.pom (6.3 kB at 204 kB/s)
[869ae4f7-e922-4c39-9c5c-a06024b2d8d4/Java 1.8 NoCommons]   | [INFO] Downloading from central: https://repo.maven.apache.org/maven2/org/apache/maven/shared/maven-shared-components/7/maven-shared-components-7.pom
[869ae4f7-e922-4c39-9c5c-a06024b2d8d4/Java 1.8 NoCommons]   | [INFO] Downloaded from central: https://repo.maven.apache.org/maven2/org/apache/maven/shared/maven-shared-components/7/maven-shared-components-7.pom (2.6 kB at 79 kB/s)
[869ae4f7-e922-4c39-9c5c-a06024b2d8d4/Java 1.8 NoCommons]   | [INFO] Downloading from central: https://repo.maven.apache.org/maven2/org/apache/maven/maven-parent/5/maven-parent-5.pom
[869ae4f7-e922-4c39-9c5c-a06024b2d8d4/Java 1.8 NoCommons]   | [INFO] Downloaded from central: https://repo.maven.apache.org/maven2/org/apache/maven/maven-parent/5/maven-parent-5.pom (15 kB at 221 kB/s)
[869ae4f7-e922-4c39-9c5c-a06024b2d8d4/Java 1.8 NoCommons]   | [INFO] Downloading from central: https://repo.maven.apache.org/maven2/org/apache/apache/3/apache-3.pom
[869ae4f7-e922-4c39-9c5c-a06024b2d8d4/Java 1.8 NoCommons]   | [INFO] Downloaded from central: https://repo.maven.apache.org/maven2/org/apache/apache/3/apache-3.pom (3.4 kB at 39 kB/s)
[869ae4f7-e922-4c39-9c5c-a06024b2d8d4/Java 1.8 NoCommons]   | [INFO] Downloading from central: https://repo.maven.apache.org/maven2/org/codehaus/plexus/plexus-archiver/1.0-alpha-7/plexus-archiver-1.0-alpha-7.pom
[869ae4f7-e922-4c39-9c5c-a06024b2d8d4/Java 1.8 NoCommons]   | [INFO] Downloaded from central: https://repo.maven.apache.org/maven2/org/codehaus/plexus/plexus-archiver/1.0-alpha-7/plexus-archiver-1.0-alpha-7.pom (1.0 kB at 37 kB/s)
[869ae4f7-e922-4c39-9c5c-a06024b2d8d4/Java 1.8 NoCommons]   | [INFO] Downloading from central: https://repo.maven.apache.org/maven2/org/codehaus/plexus/plexus-components/1.1.6/plexus-components-1.1.6.pom
[869ae4f7-e922-4c39-9c5c-a06024b2d8d4/Java 1.8 NoCommons]   | [INFO] Downloaded from central: https://repo.maven.apache.org/maven2/org/codehaus/plexus/plexus-components/1.1.6/plexus-components-1.1.6.pom (1.9 kB at 37 kB/s)
[869ae4f7-e922-4c39-9c5c-a06024b2d8d4/Java 1.8 NoCommons]   | [INFO] Downloading from central: https://repo.maven.apache.org/maven2/org/codehaus/plexus/plexus/1.0.8/plexus-1.0.8.pom
[869ae4f7-e922-4c39-9c5c-a06024b2d8d4/Java 1.8 NoCommons]   | [INFO] Downloaded from central: https://repo.maven.apache.org/maven2/org/codehaus/plexus/plexus/1.0.8/plexus-1.0.8.pom (7.2 kB at 657 kB/s)
[869ae4f7-e922-4c39-9c5c-a06024b2d8d4/Java 1.8 NoCommons]   | [INFO] Downloading from central: https://repo.maven.apache.org/maven2/org/codehaus/plexus/plexus-container-default/1.0-alpha-8/plexus-container-default-1.0-alpha-8.pom
[869ae4f7-e922-4c39-9c5c-a06024b2d8d4/Java 1.8 NoCommons]   | [INFO] Downloaded from central: https://repo.maven.apache.org/maven2/org/codehaus/plexus/plexus-container-default/1.0-alpha-8/plexus-container-default-1.0-alpha-8.pom (7.3 kB at 330 kB/s)
[869ae4f7-e922-4c39-9c5c-a06024b2d8d4/Java 1.8 NoCommons]   | [INFO] Downloading from central: https://repo.maven.apache.org/maven2/org/beanshell/bsh/2.0b4/bsh-2.0b4.pom
[869ae4f7-e922-4c39-9c5c-a06024b2d8d4/Java 1.8 NoCommons]   | [INFO] Downloaded from central: https://repo.maven.apache.org/maven2/org/beanshell/bsh/2.0b4/bsh-2.0b4.pom (1.2 kB at 46 kB/s)
[869ae4f7-e922-4c39-9c5c-a06024b2d8d4/Java 1.8 NoCommons]   | [INFO] Downloading from central: https://repo.maven.apache.org/maven2/org/beanshell/beanshell/2.0b4/beanshell-2.0b4.pom
[869ae4f7-e922-4c39-9c5c-a06024b2d8d4/Java 1.8 NoCommons]   | [INFO] Downloaded from central: https://repo.maven.apache.org/maven2/org/beanshell/beanshell/2.0b4/beanshell-2.0b4.pom (1.4 kB at 52 kB/s)
[869ae4f7-e922-4c39-9c5c-a06024b2d8d4/Java 1.8 NoCommons]   | [INFO] Downloading from central: https://repo.maven.apache.org/maven2/org/apache/maven/shared/maven-dependency-tree/1.2/maven-dependency-tree-1.2.pom
[869ae4f7-e922-4c39-9c5c-a06024b2d8d4/Java 1.8 NoCommons]   | [INFO] Downloaded from central: https://repo.maven.apache.org/maven2/org/apache/maven/shared/maven-dependency-tree/1.2/maven-dependency-tree-1.2.pom (3.6 kB at 328 kB/s)
[869ae4f7-e922-4c39-9c5c-a06024b2d8d4/Java 1.8 NoCommons]   | [INFO] Downloading from central: https://repo.maven.apache.org/maven2/org/apache/maven/shared/maven-shared-components/9/maven-shared-components-9.pom
[869ae4f7-e922-4c39-9c5c-a06024b2d8d4/Java 1.8 NoCommons]   | [INFO] Downloaded from central: https://repo.maven.apache.org/maven2/org/apache/maven/shared/maven-shared-components/9/maven-shared-components-9.pom (3.5 kB at 500 kB/s)
[869ae4f7-e922-4c39-9c5c-a06024b2d8d4/Java 1.8 NoCommons]   | [INFO] Downloading from central: https://repo.maven.apache.org/maven2/org/codehaus/plexus/plexus-i18n/1.0-beta-6/plexus-i18n-1.0-beta-6.pom
[869ae4f7-e922-4c39-9c5c-a06024b2d8d4/Java 1.8 NoCommons]   | [INFO] Downloaded from central: https://repo.maven.apache.org/maven2/org/codehaus/plexus/plexus-i18n/1.0-beta-6/plexus-i18n-1.0-beta-6.pom (771 B at 96 kB/s)
[869ae4f7-e922-4c39-9c5c-a06024b2d8d4/Java 1.8 NoCommons]   | [INFO] Downloading from central: https://repo.maven.apache.org/maven2/org/codehaus/plexus/plexus-components/1.1.4/plexus-components-1.1.4.pom
[869ae4f7-e922-4c39-9c5c-a06024b2d8d4/Java 1.8 NoCommons]   | [INFO] Downloaded from central: https://repo.maven.apache.org/maven2/org/codehaus/plexus/plexus-components/1.1.4/plexus-components-1.1.4.pom (2.1 kB at 99 kB/s)
[869ae4f7-e922-4c39-9c5c-a06024b2d8d4/Java 1.8 NoCommons]   | [INFO] Downloading from central: https://repo.maven.apache.org/maven2/org/apache/maven/maven-artifact/2.0.9/maven-artifact-2.0.9.jar
[869ae4f7-e922-4c39-9c5c-a06024b2d8d4/Java 1.8 NoCommons]   | [INFO] Downloading from central: https://repo.maven.apache.org/maven2/org/apache/maven/maven-plugin-api/2.0.9/maven-plugin-api-2.0.9.jar
[869ae4f7-e922-4c39-9c5c-a06024b2d8d4/Java 1.8 NoCommons]   | [INFO] Downloading from central: https://repo.maven.apache.org/maven2/org/apache/maven/maven-project/2.0.9/maven-project-2.0.9.jar
[869ae4f7-e922-4c39-9c5c-a06024b2d8d4/Java 1.8 NoCommons]   | [INFO] Downloading from central: https://repo.maven.apache.org/maven2/org/apache/maven/maven-settings/2.0.9/maven-settings-2.0.9.jar
[869ae4f7-e922-4c39-9c5c-a06024b2d8d4/Java 1.8 NoCommons]   | [INFO] Downloading from central: https://repo.maven.apache.org/maven2/org/apache/maven/maven-profile/2.0.9/maven-profile-2.0.9.jar
[869ae4f7-e922-4c39-9c5c-a06024b2d8d4/Java 1.8 NoCommons]   | [INFO] Downloaded from central: https://repo.maven.apache.org/maven2/org/apache/maven/maven-artifact/2.0.9/maven-artifact-2.0.9.jar (89 kB at 3.1 MB/s)
[869ae4f7-e922-4c39-9c5c-a06024b2d8d4/Java 1.8 NoCommons]   | [INFO] Downloading from central: https://repo.maven.apache.org/maven2/org/apache/maven/maven-model/2.0.9/maven-model-2.0.9.jar
[869ae4f7-e922-4c39-9c5c-a06024b2d8d4/Java 1.8 NoCommons]   | [INFO] Downloaded from central: https://repo.maven.apache.org/maven2/org/apache/maven/maven-project/2.0.9/maven-project-2.0.9.jar (122 kB at 3.9 MB/s)
[869ae4f7-e922-4c39-9c5c-a06024b2d8d4/Java 1.8 NoCommons]   | [INFO] Downloading from central: https://repo.maven.apache.org/maven2/org/apache/maven/maven-artifact-manager/2.0.9/maven-artifact-manager-2.0.9.jar
[869ae4f7-e922-4c39-9c5c-a06024b2d8d4/Java 1.8 NoCommons]   | [INFO] Downloaded from central: https://repo.maven.apache.org/maven2/org/apache/maven/maven-plugin-api/2.0.9/maven-plugin-api-2.0.9.jar (13 kB at 403 kB/s)
[869ae4f7-e922-4c39-9c5c-a06024b2d8d4/Java 1.8 NoCommons]   | [INFO] Downloading from central: https://repo.maven.apache.org/maven2/org/apache/maven/maven-plugin-registry/2.0.9/maven-plugin-registry-2.0.9.jar
[869ae4f7-e922-4c39-9c5c-a06024b2d8d4/Java 1.8 NoCommons]   | [INFO] Downloaded from central: https://repo.maven.apache.org/maven2/org/apache/maven/maven-settings/2.0.9/maven-settings-2.0.9.jar (49 kB at 1.5 MB/s)
[869ae4f7-e922-4c39-9c5c-a06024b2d8d4/Java 1.8 NoCommons]   | [INFO] Downloading from central: https://repo.maven.apache.org/maven2/org/codehaus/plexus/plexus-container-default/1.0-alpha-9-stable-1/plexus-container-default-1.0-alpha-9-stable-1.jar
[869ae4f7-e922-4c39-9c5c-a06024b2d8d4/Java 1.8 NoCommons]   | [INFO] Downloaded from central: https://repo.maven.apache.org/maven2/org/apache/maven/maven-profile/2.0.9/maven-profile-2.0.9.jar (35 kB at 884 kB/s)
[869ae4f7-e922-4c39-9c5c-a06024b2d8d4/Java 1.8 NoCommons]   | [INFO] Downloading from central: https://repo.maven.apache.org/maven2/org/apache/maven/maven-core/2.0.9/maven-core-2.0.9.jar
[869ae4f7-e922-4c39-9c5c-a06024b2d8d4/Java 1.8 NoCommons]   | [INFO] Downloaded from central: https://repo.maven.apache.org/maven2/org/apache/maven/maven-artifact-manager/2.0.9/maven-artifact-manager-2.0.9.jar (58 kB at 964 kB/s)
[869ae4f7-e922-4c39-9c5c-a06024b2d8d4/Java 1.8 NoCommons]   | [INFO] Downloading from central: https://repo.maven.apache.org/maven2/org/apache/maven/maven-plugin-parameter-documenter/2.0.9/maven-plugin-parameter-documenter-2.0.9.jar
[869ae4f7-e922-4c39-9c5c-a06024b2d8d4/Java 1.8 NoCommons]   | [INFO] Downloaded from central: https://repo.maven.apache.org/maven2/org/apache/maven/maven-plugin-registry/2.0.9/maven-plugin-registry-2.0.9.jar (29 kB at 477 kB/s)
[869ae4f7-e922-4c39-9c5c-a06024b2d8d4/Java 1.8 NoCommons]   | [INFO] Downloading from central: https://repo.maven.apache.org/maven2/org/apache/maven/reporting/maven-reporting-api/2.0.9/maven-reporting-api-2.0.9.jar
[869ae4f7-e922-4c39-9c5c-a06024b2d8d4/Java 1.8 NoCommons]   | [INFO] Downloaded from central: https://repo.maven.apache.org/maven2/org/apache/maven/maven-model/2.0.9/maven-model-2.0.9.jar (87 kB at 1.4 MB/s)
[869ae4f7-e922-4c39-9c5c-a06024b2d8d4/Java 1.8 NoCommons]   | [INFO] Downloading from central: https://repo.maven.apache.org/maven2/org/apache/maven/doxia/doxia-sink-api/1.0-alpha-10/doxia-sink-api-1.0-alpha-10.jar
[869ae4f7-e922-4c39-9c5c-a06024b2d8d4/Java 1.8 NoCommons]   | [INFO] Downloaded from central: https://repo.maven.apache.org/maven2/org/codehaus/plexus/plexus-container-default/1.0-alpha-9-stable-1/plexus-container-default-1.0-alpha-9-stable-1.jar (194 kB at 3.0 MB/s)
[869ae4f7-e922-4c39-9c5c-a06024b2d8d4/Java 1.8 NoCommons]   | [INFO] Downloading from central: https://repo.maven.apache.org/maven2/org/apache/maven/maven-repository-metadata/2.0.9/maven-repository-metadata-2.0.9.jar
[869ae4f7-e922-4c39-9c5c-a06024b2d8d4/Java 1.8 NoCommons]   | [INFO] Downloaded from central: https://repo.maven.apache.org/maven2/org/apache/maven/maven-core/2.0.9/maven-core-2.0.9.jar (160 kB at 2.3 MB/s)
[869ae4f7-e922-4c39-9c5c-a06024b2d8d4/Java 1.8 NoCommons]   | [INFO] Downloading from central: https://repo.maven.apache.org/maven2/org/apache/maven/maven-error-diagnostics/2.0.9/maven-error-diagnostics-2.0.9.jar
[869ae4f7-e922-4c39-9c5c-a06024b2d8d4/Java 1.8 NoCommons]   | [INFO] Downloaded from central: https://repo.maven.apache.org/maven2/org/apache/maven/doxia/doxia-sink-api/1.0-alpha-10/doxia-sink-api-1.0-alpha-10.jar (9.9 kB at 134 kB/s)
[869ae4f7-e922-4c39-9c5c-a06024b2d8d4/Java 1.8 NoCommons]   | [INFO] Downloading from central: https://repo.maven.apache.org/maven2/commons-cli/commons-cli/1.0/commons-cli-1.0.jar
[869ae4f7-e922-4c39-9c5c-a06024b2d8d4/Java 1.8 NoCommons]   | [INFO] Downloaded from central: https://repo.maven.apache.org/maven2/org/apache/maven/reporting/maven-reporting-api/2.0.9/maven-reporting-api-2.0.9.jar (10 kB at 135 kB/s)
[869ae4f7-e922-4c39-9c5c-a06024b2d8d4/Java 1.8 NoCommons]   | [INFO] Downloading from central: https://repo.maven.apache.org/maven2/org/apache/maven/maven-plugin-descriptor/2.0.9/maven-plugin-descriptor-2.0.9.jar
[869ae4f7-e922-4c39-9c5c-a06024b2d8d4/Java 1.8 NoCommons]   | [INFO] Downloaded from central: https://repo.maven.apache.org/maven2/org/apache/maven/maven-plugin-parameter-documenter/2.0.9/maven-plugin-parameter-documenter-2.0.9.jar (21 kB at 217 kB/s)
[869ae4f7-e922-4c39-9c5c-a06024b2d8d4/Java 1.8 NoCommons]   | [INFO] Downloading from central: https://repo.maven.apache.org/maven2/org/codehaus/plexus/plexus-interactivity-api/1.0-alpha-4/plexus-interactivity-api-1.0-alpha-4.jar
[869ae4f7-e922-4c39-9c5c-a06024b2d8d4/Java 1.8 NoCommons]   | [INFO] Downloaded from central: https://repo.maven.apache.org/maven2/org/apache/maven/maven-repository-metadata/2.0.9/maven-repository-metadata-2.0.9.jar (25 kB at 256 kB/s)
[869ae4f7-e922-4c39-9c5c-a06024b2d8d4/Java 1.8 NoCommons]   | [INFO] Downloading from central: https://repo.maven.apache.org/maven2/org/apache/maven/maven-monitor/2.0.9/maven-monitor-2.0.9.jar
[869ae4f7-e922-4c39-9c5c-a06024b2d8d4/Java 1.8 NoCommons]   | [INFO] Downloaded from central: https://repo.maven.apache.org/maven2/org/apache/maven/maven-error-diagnostics/2.0.9/maven-error-diagnostics-2.0.9.jar (14 kB at 141 kB/s)
[869ae4f7-e922-4c39-9c5c-a06024b2d8d4/Java 1.8 NoCommons]   | [INFO] Downloading from central: https://repo.maven.apache.org/maven2/classworlds/classworlds/1.1/classworlds-1.1.jar
[869ae4f7-e922-4c39-9c5c-a06024b2d8d4/Java 1.8 NoCommons]   | [INFO] Downloaded from central: https://repo.maven.apache.org/maven2/org/apache/maven/maven-plugin-descriptor/2.0.9/maven-plugin-descriptor-2.0.9.jar (37 kB at 370 kB/s)
[869ae4f7-e922-4c39-9c5c-a06024b2d8d4/Java 1.8 NoCommons]   | [INFO] Downloaded from central: https://repo.maven.apache.org/maven2/org/codehaus/plexus/plexus-interactivity-api/1.0-alpha-4/plexus-interactivity-api-1.0-alpha-4.jar (13 kB at 134 kB/s)
[869ae4f7-e922-4c39-9c5c-a06024b2d8d4/Java 1.8 NoCommons]   | [INFO] Downloading from central: https://repo.maven.apache.org/maven2/org/codehaus/plexus/plexus-utils/1.5.8/plexus-utils-1.5.8.jar
[869ae4f7-e922-4c39-9c5c-a06024b2d8d4/Java 1.8 NoCommons]   | [INFO] Downloading from central: https://repo.maven.apache.org/maven2/commons-lang/commons-lang/2.3/commons-lang-2.3.jar
[869ae4f7-e922-4c39-9c5c-a06024b2d8d4/Java 1.8 NoCommons]   | [INFO] Downloaded from central: https://repo.maven.apache.org/maven2/commons-cli/commons-cli/1.0/commons-cli-1.0.jar (30 kB at 284 kB/s)
[869ae4f7-e922-4c39-9c5c-a06024b2d8d4/Java 1.8 NoCommons]   | [INFO] Downloaded from central: https://repo.maven.apache.org/maven2/classworlds/classworlds/1.1/classworlds-1.1.jar (38 kB at 357 kB/s)
[869ae4f7-e922-4c39-9c5c-a06024b2d8d4/Java 1.8 NoCommons]   | [INFO] Downloading from central: https://repo.maven.apache.org/maven2/org/apache/maven/enforcer/enforcer-api/1.0/enforcer-api-1.0.jar
[869ae4f7-e922-4c39-9c5c-a06024b2d8d4/Java 1.8 NoCommons]   | [INFO] Downloading from central: https://repo.maven.apache.org/maven2/org/apache/maven/enforcer/enforcer-rules/1.0/enforcer-rules-1.0.jar
[869ae4f7-e922-4c39-9c5c-a06024b2d8d4/Java 1.8 NoCommons]   | [INFO] Downloaded from central: https://repo.maven.apache.org/maven2/org/apache/maven/maven-monitor/2.0.9/maven-monitor-2.0.9.jar (10 kB at 78 kB/s)
[869ae4f7-e922-4c39-9c5c-a06024b2d8d4/Java 1.8 NoCommons]   | [INFO] Downloading from central: https://repo.maven.apache.org/maven2/org/apache/maven/shared/maven-common-artifact-filters/1.2/maven-common-artifact-filters-1.2.jar
[869ae4f7-e922-4c39-9c5c-a06024b2d8d4/Java 1.8 NoCommons]   | [INFO] Downloaded from central: https://repo.maven.apache.org/maven2/org/apache/maven/enforcer/enforcer-rules/1.0/enforcer-rules-1.0.jar (61 kB at 376 kB/s)
[869ae4f7-e922-4c39-9c5c-a06024b2d8d4/Java 1.8 NoCommons]   | [INFO] Downloading from central: https://repo.maven.apache.org/maven2/org/beanshell/bsh/2.0b4/bsh-2.0b4.jar
[869ae4f7-e922-4c39-9c5c-a06024b2d8d4/Java 1.8 NoCommons]   | [INFO] Downloaded from central: https://repo.maven.apache.org/maven2/org/apache/maven/enforcer/enforcer-api/1.0/enforcer-api-1.0.jar (9.8 kB at 61 kB/s)
[869ae4f7-e922-4c39-9c5c-a06024b2d8d4/Java 1.8 NoCommons]   | [INFO] Downloading from central: https://repo.maven.apache.org/maven2/org/apache/maven/shared/maven-dependency-tree/1.2/maven-dependency-tree-1.2.jar
[869ae4f7-e922-4c39-9c5c-a06024b2d8d4/Java 1.8 NoCommons]   | [INFO] Downloaded from central: https://repo.maven.apache.org/maven2/commons-lang/commons-lang/2.3/commons-lang-2.3.jar (245 kB at 1.5 MB/s)
[869ae4f7-e922-4c39-9c5c-a06024b2d8d4/Java 1.8 NoCommons]   | [INFO] Downloaded from central: https://repo.maven.apache.org/maven2/org/codehaus/plexus/plexus-utils/1.5.8/plexus-utils-1.5.8.jar (268 kB at 1.6 MB/s)
[869ae4f7-e922-4c39-9c5c-a06024b2d8d4/Java 1.8 NoCommons]   | [INFO] Downloading from central: https://repo.maven.apache.org/maven2/org/codehaus/plexus/plexus-i18n/1.0-beta-6/plexus-i18n-1.0-beta-6.jar
[869ae4f7-e922-4c39-9c5c-a06024b2d8d4/Java 1.8 NoCommons]   | [INFO] Downloaded from central: https://repo.maven.apache.org/maven2/org/apache/maven/shared/maven-common-artifact-filters/1.2/maven-common-artifact-filters-1.2.jar (32 kB at 170 kB/s)
[869ae4f7-e922-4c39-9c5c-a06024b2d8d4/Java 1.8 NoCommons]   | [INFO] Downloaded from central: https://repo.maven.apache.org/maven2/org/codehaus/plexus/plexus-i18n/1.0-beta-6/plexus-i18n-1.0-beta-6.jar (12 kB at 64 kB/s)
[869ae4f7-e922-4c39-9c5c-a06024b2d8d4/Java 1.8 NoCommons]   | [INFO] Downloaded from central: https://repo.maven.apache.org/maven2/org/apache/maven/shared/maven-dependency-tree/1.2/maven-dependency-tree-1.2.jar (35 kB at 172 kB/s)
[869ae4f7-e922-4c39-9c5c-a06024b2d8d4/Java 1.8 NoCommons]   | [INFO] Downloaded from central: https://repo.maven.apache.org/maven2/org/beanshell/bsh/2.0b4/bsh-2.0b4.jar (282 kB at 1.4 MB/s)
[869ae4f7-e922-4c39-9c5c-a06024b2d8d4/Java 1.8 NoCommons]   | [INFO] 
[869ae4f7-e922-4c39-9c5c-a06024b2d8d4/Java 1.8 NoCommons]   | [INFO] --- maven-resources-plugin:2.6:resources (default-resources) @ nocommons ---
[869ae4f7-e922-4c39-9c5c-a06024b2d8d4/Java 1.8 NoCommons]   | [INFO] Downloading from central: https://repo.maven.apache.org/maven2/org/apache/maven/maven-plugin-api/2.0.6/maven-plugin-api-2.0.6.pom
[869ae4f7-e922-4c39-9c5c-a06024b2d8d4/Java 1.8 NoCommons]   | [INFO] Downloaded from central: https://repo.maven.apache.org/maven2/org/apache/maven/maven-plugin-api/2.0.6/maven-plugin-api-2.0.6.pom (1.5 kB at 121 kB/s)
[869ae4f7-e922-4c39-9c5c-a06024b2d8d4/Java 1.8 NoCommons]   | [INFO] Downloading from central: https://repo.maven.apache.org/maven2/org/apache/maven/maven/2.0.6/maven-2.0.6.pom
[869ae4f7-e922-4c39-9c5c-a06024b2d8d4/Java 1.8 NoCommons]   | [INFO] Downloaded from central: https://repo.maven.apache.org/maven2/org/apache/maven/maven/2.0.6/maven-2.0.6.pom (9.0 kB at 221 kB/s)
[869ae4f7-e922-4c39-9c5c-a06024b2d8d4/Java 1.8 NoCommons]   | [INFO] Downloading from central: https://repo.maven.apache.org/maven2/org/apache/maven/maven-project/2.0.6/maven-project-2.0.6.pom
[869ae4f7-e922-4c39-9c5c-a06024b2d8d4/Java 1.8 NoCommons]   | [INFO] Downloaded from central: https://repo.maven.apache.org/maven2/org/apache/maven/maven-project/2.0.6/maven-project-2.0.6.pom (2.6 kB at 165 kB/s)
[869ae4f7-e922-4c39-9c5c-a06024b2d8d4/Java 1.8 NoCommons]   | [INFO] Downloading from central: https://repo.maven.apache.org/maven2/org/apache/maven/maven-settings/2.0.6/maven-settings-2.0.6.pom
[869ae4f7-e922-4c39-9c5c-a06024b2d8d4/Java 1.8 NoCommons]   | [INFO] Downloaded from central: https://repo.maven.apache.org/maven2/org/apache/maven/maven-settings/2.0.6/maven-settings-2.0.6.pom (2.0 kB at 111 kB/s)
[869ae4f7-e922-4c39-9c5c-a06024b2d8d4/Java 1.8 NoCommons]   | [INFO] Downloading from central: https://repo.maven.apache.org/maven2/org/apache/maven/maven-model/2.0.6/maven-model-2.0.6.pom
[869ae4f7-e922-4c39-9c5c-a06024b2d8d4/Java 1.8 NoCommons]   | [INFO] Downloaded from central: https://repo.maven.apache.org/maven2/org/apache/maven/maven-model/2.0.6/maven-model-2.0.6.pom (3.0 kB at 169 kB/s)
[869ae4f7-e922-4c39-9c5c-a06024b2d8d4/Java 1.8 NoCommons]   | [INFO] Downloading from central: https://repo.maven.apache.org/maven2/org/codehaus/plexus/plexus-utils/1.4.1/plexus-utils-1.4.1.pom
[869ae4f7-e922-4c39-9c5c-a06024b2d8d4/Java 1.8 NoCommons]   | [INFO] Downloaded from central: https://repo.maven.apache.org/maven2/org/codehaus/plexus/plexus-utils/1.4.1/plexus-utils-1.4.1.pom (1.9 kB at 35 kB/s)
[869ae4f7-e922-4c39-9c5c-a06024b2d8d4/Java 1.8 NoCommons]   | [INFO] Downloading from central: https://repo.maven.apache.org/maven2/org/codehaus/plexus/plexus/1.0.11/plexus-1.0.11.pom
[869ae4f7-e922-4c39-9c5c-a06024b2d8d4/Java 1.8 NoCommons]   | [INFO] Downloaded from central: https://repo.maven.apache.org/maven2/org/codehaus/plexus/plexus/1.0.11/plexus-1.0.11.pom (9.0 kB at 81 kB/s)
[869ae4f7-e922-4c39-9c5c-a06024b2d8d4/Java 1.8 NoCommons]   | [INFO] Downloading from central: https://repo.maven.apache.org/maven2/junit/junit/3.8.1/junit-3.8.1.pom
[869ae4f7-e922-4c39-9c5c-a06024b2d8d4/Java 1.8 NoCommons]   | [INFO] Downloaded from central: https://repo.maven.apache.org/maven2/junit/junit/3.8.1/junit-3.8.1.pom (998 B at 22 kB/s)
[869ae4f7-e922-4c39-9c5c-a06024b2d8d4/Java 1.8 NoCommons]   | [INFO] Downloading from central: https://repo.maven.apache.org/maven2/org/codehaus/plexus/plexus-utils/1.0.4/plexus-utils-1.0.4.pom
[869ae4f7-e922-4c39-9c5c-a06024b2d8d4/Java 1.8 NoCommons]   | [INFO] Downloaded from central: https://repo.maven.apache.org/maven2/org/codehaus/plexus/plexus-utils/1.0.4/plexus-utils-1.0.4.pom (6.9 kB at 221 kB/s)
[869ae4f7-e922-4c39-9c5c-a06024b2d8d4/Java 1.8 NoCommons]   | [INFO] Downloading from central: https://repo.maven.apache.org/maven2/org/apache/maven/maven-profile/2.0.6/maven-profile-2.0.6.pom
[869ae4f7-e922-4c39-9c5c-a06024b2d8d4/Java 1.8 NoCommons]   | [INFO] Downloaded from central: https://repo.maven.apache.org/maven2/org/apache/maven/maven-profile/2.0.6/maven-profile-2.0.6.pom (2.0 kB at 51 kB/s)
[869ae4f7-e922-4c39-9c5c-a06024b2d8d4/Java 1.8 NoCommons]   | [INFO] Downloading from central: https://repo.maven.apache.org/maven2/org/apache/maven/maven-artifact-manager/2.0.6/maven-artifact-manager-2.0.6.pom
[869ae4f7-e922-4c39-9c5c-a06024b2d8d4/Java 1.8 NoCommons]   | [INFO] Downloaded from central: https://repo.maven.apache.org/maven2/org/apache/maven/maven-artifact-manager/2.0.6/maven-artifact-manager-2.0.6.pom (2.6 kB at 101 kB/s)
[869ae4f7-e922-4c39-9c5c-a06024b2d8d4/Java 1.8 NoCommons]   | [INFO] Downloading from central: https://repo.maven.apache.org/maven2/org/apache/maven/maven-repository-metadata/2.0.6/maven-repository-metadata-2.0.6.pom
[869ae4f7-e922-4c39-9c5c-a06024b2d8d4/Java 1.8 NoCommons]   | [INFO] Downloaded from central: https://repo.maven.apache.org/maven2/org/apache/maven/maven-repository-metadata/2.0.6/maven-repository-metadata-2.0.6.pom (1.9 kB at 36 kB/s)
[869ae4f7-e922-4c39-9c5c-a06024b2d8d4/Java 1.8 NoCommons]   | [INFO] Downloading from central: https://repo.maven.apache.org/maven2/org/apache/maven/maven-artifact/2.0.6/maven-artifact-2.0.6.pom
[869ae4f7-e922-4c39-9c5c-a06024b2d8d4/Java 1.8 NoCommons]   | [INFO] Downloaded from central: https://repo.maven.apache.org/maven2/org/apache/maven/maven-artifact/2.0.6/maven-artifact-2.0.6.pom (1.6 kB at 63 kB/s)
[869ae4f7-e922-4c39-9c5c-a06024b2d8d4/Java 1.8 NoCommons]   | [INFO] Downloading from central: https://repo.maven.apache.org/maven2/org/apache/maven/maven-plugin-registry/2.0.6/maven-plugin-registry-2.0.6.pom
[869ae4f7-e922-4c39-9c5c-a06024b2d8d4/Java 1.8 NoCommons]   | [INFO] Downloaded from central: https://repo.maven.apache.org/maven2/org/apache/maven/maven-plugin-registry/2.0.6/maven-plugin-registry-2.0.6.pom (1.9 kB at 44 kB/s)
[869ae4f7-e922-4c39-9c5c-a06024b2d8d4/Java 1.8 NoCommons]   | [INFO] Downloading from central: https://repo.maven.apache.org/maven2/org/apache/maven/maven-core/2.0.6/maven-core-2.0.6.pom
[869ae4f7-e922-4c39-9c5c-a06024b2d8d4/Java 1.8 NoCommons]   | [INFO] Downloaded from central: https://repo.maven.apache.org/maven2/org/apache/maven/maven-core/2.0.6/maven-core-2.0.6.pom (6.7 kB at 336 kB/s)
[869ae4f7-e922-4c39-9c5c-a06024b2d8d4/Java 1.8 NoCommons]   | [INFO] Downloading from central: https://repo.maven.apache.org/maven2/org/apache/maven/maven-plugin-parameter-documenter/2.0.6/maven-plugin-parameter-documenter-2.0.6.pom
[869ae4f7-e922-4c39-9c5c-a06024b2d8d4/Java 1.8 NoCommons]   | [INFO] Downloaded from central: https://repo.maven.apache.org/maven2/org/apache/maven/maven-plugin-parameter-documenter/2.0.6/maven-plugin-parameter-documenter-2.0.6.pom (1.9 kB at 47 kB/s)
[869ae4f7-e922-4c39-9c5c-a06024b2d8d4/Java 1.8 NoCommons]   | [INFO] Downloading from central: https://repo.maven.apache.org/maven2/org/apache/maven/reporting/maven-reporting-api/2.0.6/maven-reporting-api-2.0.6.pom
[869ae4f7-e922-4c39-9c5c-a06024b2d8d4/Java 1.8 NoCommons]   | [INFO] Downloaded from central: https://repo.maven.apache.org/maven2/org/apache/maven/reporting/maven-reporting-api/2.0.6/maven-reporting-api-2.0.6.pom (1.8 kB at 135 kB/s)
[869ae4f7-e922-4c39-9c5c-a06024b2d8d4/Java 1.8 NoCommons]   | [INFO] Downloading from central: https://repo.maven.apache.org/maven2/org/apache/maven/reporting/maven-reporting/2.0.6/maven-reporting-2.0.6.pom
[869ae4f7-e922-4c39-9c5c-a06024b2d8d4/Java 1.8 NoCommons]   | [INFO] Downloaded from central: https://repo.maven.apache.org/maven2/org/apache/maven/reporting/maven-reporting/2.0.6/maven-reporting-2.0.6.pom (1.4 kB at 85 kB/s)
[869ae4f7-e922-4c39-9c5c-a06024b2d8d4/Java 1.8 NoCommons]   | [INFO] Downloading from central: https://repo.maven.apache.org/maven2/org/apache/maven/doxia/doxia-sink-api/1.0-alpha-7/doxia-sink-api-1.0-alpha-7.pom
[869ae4f7-e922-4c39-9c5c-a06024b2d8d4/Java 1.8 NoCommons]   | [INFO] Downloaded from central: https://repo.maven.apache.org/maven2/org/apache/maven/doxia/doxia-sink-api/1.0-alpha-7/doxia-sink-api-1.0-alpha-7.pom (424 B at 15 kB/s)
[869ae4f7-e922-4c39-9c5c-a06024b2d8d4/Java 1.8 NoCommons]   | [INFO] Downloading from central: https://repo.maven.apache.org/maven2/org/apache/maven/doxia/doxia/1.0-alpha-7/doxia-1.0-alpha-7.pom
[869ae4f7-e922-4c39-9c5c-a06024b2d8d4/Java 1.8 NoCommons]   | [INFO] Downloaded from central: https://repo.maven.apache.org/maven2/org/apache/maven/doxia/doxia/1.0-alpha-7/doxia-1.0-alpha-7.pom (3.9 kB at 85 kB/s)
[869ae4f7-e922-4c39-9c5c-a06024b2d8d4/Java 1.8 NoCommons]   | [INFO] Downloading from central: https://repo.maven.apache.org/maven2/org/apache/maven/maven-error-diagnostics/2.0.6/maven-error-diagnostics-2.0.6.pom
[869ae4f7-e922-4c39-9c5c-a06024b2d8d4/Java 1.8 NoCommons]   | [INFO] Downloaded from central: https://repo.maven.apache.org/maven2/org/apache/maven/maven-error-diagnostics/2.0.6/maven-error-diagnostics-2.0.6.pom (1.7 kB at 27 kB/s)
[869ae4f7-e922-4c39-9c5c-a06024b2d8d4/Java 1.8 NoCommons]   | [INFO] Downloading from central: https://repo.maven.apache.org/maven2/org/apache/maven/maven-plugin-descriptor/2.0.6/maven-plugin-descriptor-2.0.6.pom
[869ae4f7-e922-4c39-9c5c-a06024b2d8d4/Java 1.8 NoCommons]   | [INFO] Downloaded from central: https://repo.maven.apache.org/maven2/org/apache/maven/maven-plugin-descriptor/2.0.6/maven-plugin-descriptor-2.0.6.pom (2.0 kB at 106 kB/s)
[869ae4f7-e922-4c39-9c5c-a06024b2d8d4/Java 1.8 NoCommons]   | [INFO] Downloading from central: https://repo.maven.apache.org/maven2/org/apache/maven/maven-monitor/2.0.6/maven-monitor-2.0.6.pom
[869ae4f7-e922-4c39-9c5c-a06024b2d8d4/Java 1.8 NoCommons]   | [INFO] Downloaded from central: https://repo.maven.apache.org/maven2/org/apache/maven/maven-monitor/2.0.6/maven-monitor-2.0.6.pom (1.3 kB at 26 kB/s)
[869ae4f7-e922-4c39-9c5c-a06024b2d8d4/Java 1.8 NoCommons]   | [INFO] Downloading from central: https://repo.maven.apache.org/maven2/org/codehaus/plexus/plexus-utils/2.0.5/plexus-utils-2.0.5.pom
[869ae4f7-e922-4c39-9c5c-a06024b2d8d4/Java 1.8 NoCommons]   | [INFO] Downloaded from central: https://repo.maven.apache.org/maven2/org/codehaus/plexus/plexus-utils/2.0.5/plexus-utils-2.0.5.pom (3.3 kB at 159 kB/s)
[869ae4f7-e922-4c39-9c5c-a06024b2d8d4/Java 1.8 NoCommons]   | [INFO] Downloading from central: https://repo.maven.apache.org/maven2/org/codehaus/plexus/plexus/2.0.6/plexus-2.0.6.pom
[869ae4f7-e922-4c39-9c5c-a06024b2d8d4/Java 1.8 NoCommons]   | [INFO] Downloaded from central: https://repo.maven.apache.org/maven2/org/codehaus/plexus/plexus/2.0.6/plexus-2.0.6.pom (17 kB at 1.3 MB/s)
[869ae4f7-e922-4c39-9c5c-a06024b2d8d4/Java 1.8 NoCommons]   | [INFO] Downloading from central: https://repo.maven.apache.org/maven2/org/apache/maven/shared/maven-filtering/1.1/maven-filtering-1.1.pom
[869ae4f7-e922-4c39-9c5c-a06024b2d8d4/Java 1.8 NoCommons]   | [INFO] Downloaded from central: https://repo.maven.apache.org/maven2/org/apache/maven/shared/maven-filtering/1.1/maven-filtering-1.1.pom (5.8 kB at 305 kB/s)
[869ae4f7-e922-4c39-9c5c-a06024b2d8d4/Java 1.8 NoCommons]   | [INFO] Downloading from central: https://repo.maven.apache.org/maven2/org/apache/maven/shared/maven-shared-components/17/maven-shared-components-17.pom
[869ae4f7-e922-4c39-9c5c-a06024b2d8d4/Java 1.8 NoCommons]   | [INFO] Downloaded from central: https://repo.maven.apache.org/maven2/org/apache/maven/shared/maven-shared-components/17/maven-shared-components-17.pom (8.7 kB at 116 kB/s)
[869ae4f7-e922-4c39-9c5c-a06024b2d8d4/Java 1.8 NoCommons]   | [INFO] Downloading from central: https://repo.maven.apache.org/maven2/org/codehaus/plexus/plexus-utils/1.5.15/plexus-utils-1.5.15.pom
[869ae4f7-e922-4c39-9c5c-a06024b2d8d4/Java 1.8 NoCommons]   | [INFO] Downloaded from central: https://repo.maven.apache.org/maven2/org/codehaus/plexus/plexus-utils/1.5.15/plexus-utils-1.5.15.pom (6.8 kB at 571 kB/s)
[869ae4f7-e922-4c39-9c5c-a06024b2d8d4/Java 1.8 NoCommons]   | [INFO] Downloading from central: https://repo.maven.apache.org/maven2/org/codehaus/plexus/plexus-interpolation/1.12/plexus-interpolation-1.12.pom
[869ae4f7-e922-4c39-9c5c-a06024b2d8d4/Java 1.8 NoCommons]   | [INFO] Downloaded from central: https://repo.maven.apache.org/maven2/org/codehaus/plexus/plexus-interpolation/1.12/plexus-interpolation-1.12.pom (889 B at 40 kB/s)
[869ae4f7-e922-4c39-9c5c-a06024b2d8d4/Java 1.8 NoCommons]   | [INFO] Downloading from central: https://repo.maven.apache.org/maven2/org/codehaus/plexus/plexus-components/1.1.14/plexus-components-1.1.14.pom
[869ae4f7-e922-4c39-9c5c-a06024b2d8d4/Java 1.8 NoCommons]   | [INFO] Downloaded from central: https://repo.maven.apache.org/maven2/org/codehaus/plexus/plexus-components/1.1.14/plexus-components-1.1.14.pom (5.8 kB at 234 kB/s)
[869ae4f7-e922-4c39-9c5c-a06024b2d8d4/Java 1.8 NoCommons]   | [INFO] Downloading from central: https://repo.maven.apache.org/maven2/org/sonatype/plexus/plexus-build-api/0.0.4/plexus-build-api-0.0.4.pom
[869ae4f7-e922-4c39-9c5c-a06024b2d8d4/Java 1.8 NoCommons]   | [INFO] Downloaded from central: https://repo.maven.apache.org/maven2/org/sonatype/plexus/plexus-build-api/0.0.4/plexus-build-api-0.0.4.pom (2.9 kB at 41 kB/s)
[869ae4f7-e922-4c39-9c5c-a06024b2d8d4/Java 1.8 NoCommons]   | [INFO] Downloading from central: https://repo.maven.apache.org/maven2/org/sonatype/spice/spice-parent/10/spice-parent-10.pom
[869ae4f7-e922-4c39-9c5c-a06024b2d8d4/Java 1.8 NoCommons]   | [INFO] Downloaded from central: https://repo.maven.apache.org/maven2/org/sonatype/spice/spice-parent/10/spice-parent-10.pom (3.0 kB at 137 kB/s)
[869ae4f7-e922-4c39-9c5c-a06024b2d8d4/Java 1.8 NoCommons]   | [INFO] Downloading from central: https://repo.maven.apache.org/maven2/org/sonatype/forge/forge-parent/3/forge-parent-3.pom
[869ae4f7-e922-4c39-9c5c-a06024b2d8d4/Java 1.8 NoCommons]   | [INFO] Downloaded from central: https://repo.maven.apache.org/maven2/org/sonatype/forge/forge-parent/3/forge-parent-3.pom (5.0 kB at 360 kB/s)
[869ae4f7-e922-4c39-9c5c-a06024b2d8d4/Java 1.8 NoCommons]   | [INFO] Downloading from central: https://repo.maven.apache.org/maven2/org/codehaus/plexus/plexus-interpolation/1.13/plexus-interpolation-1.13.pom
[869ae4f7-e922-4c39-9c5c-a06024b2d8d4/Java 1.8 NoCommons]   | [INFO] Downloaded from central: https://repo.maven.apache.org/maven2/org/codehaus/plexus/plexus-interpolation/1.13/plexus-interpolation-1.13.pom (890 B at 56 kB/s)
[869ae4f7-e922-4c39-9c5c-a06024b2d8d4/Java 1.8 NoCommons]   | [INFO] Downloading from central: https://repo.maven.apache.org/maven2/org/codehaus/plexus/plexus-components/1.1.15/plexus-components-1.1.15.pom
[869ae4f7-e922-4c39-9c5c-a06024b2d8d4/Java 1.8 NoCommons]   | [INFO] Downloaded from central: https://repo.maven.apache.org/maven2/org/codehaus/plexus/plexus-components/1.1.15/plexus-components-1.1.15.pom (2.8 kB at 89 kB/s)
[869ae4f7-e922-4c39-9c5c-a06024b2d8d4/Java 1.8 NoCommons]   | [INFO] Downloading from central: https://repo.maven.apache.org/maven2/org/codehaus/plexus/plexus/2.0.3/plexus-2.0.3.pom
[869ae4f7-e922-4c39-9c5c-a06024b2d8d4/Java 1.8 NoCommons]   | [INFO] Downloaded from central: https://repo.maven.apache.org/maven2/org/codehaus/plexus/plexus/2.0.3/plexus-2.0.3.pom (15 kB at 533 kB/s)
[869ae4f7-e922-4c39-9c5c-a06024b2d8d4/Java 1.8 NoCommons]   | [INFO] Downloading from central: https://repo.maven.apache.org/maven2/org/apache/maven/maven-plugin-api/2.0.6/maven-plugin-api-2.0.6.jar
[869ae4f7-e922-4c39-9c5c-a06024b2d8d4/Java 1.8 NoCommons]   | [INFO] Downloading from central: https://repo.maven.apache.org/maven2/org/apache/maven/maven-project/2.0.6/maven-project-2.0.6.jar
[869ae4f7-e922-4c39-9c5c-a06024b2d8d4/Java 1.8 NoCommons]   | [INFO] Downloading from central: https://repo.maven.apache.org/maven2/org/apache/maven/maven-profile/2.0.6/maven-profile-2.0.6.jar
[869ae4f7-e922-4c39-9c5c-a06024b2d8d4/Java 1.8 NoCommons]   | [INFO] Downloading from central: https://repo.maven.apache.org/maven2/org/apache/maven/maven-artifact-manager/2.0.6/maven-artifact-manager-2.0.6.jar
[869ae4f7-e922-4c39-9c5c-a06024b2d8d4/Java 1.8 NoCommons]   | [INFO] Downloading from central: https://repo.maven.apache.org/maven2/org/apache/maven/maven-plugin-registry/2.0.6/maven-plugin-registry-2.0.6.jar
[869ae4f7-e922-4c39-9c5c-a06024b2d8d4/Java 1.8 NoCommons]   | [INFO] Downloaded from central: https://repo.maven.apache.org/maven2/org/apache/maven/maven-plugin-api/2.0.6/maven-plugin-api-2.0.6.jar (13 kB at 612 kB/s)
[869ae4f7-e922-4c39-9c5c-a06024b2d8d4/Java 1.8 NoCommons]   | [INFO] Downloading from central: https://repo.maven.apache.org/maven2/org/apache/maven/maven-core/2.0.6/maven-core-2.0.6.jar
[869ae4f7-e922-4c39-9c5c-a06024b2d8d4/Java 1.8 NoCommons]   | [INFO] Downloaded from central: https://repo.maven.apache.org/maven2/org/apache/maven/maven-project/2.0.6/maven-project-2.0.6.jar (116 kB at 5.1 MB/s)
[869ae4f7-e922-4c39-9c5c-a06024b2d8d4/Java 1.8 NoCommons]   | [INFO] Downloading from central: https://repo.maven.apache.org/maven2/org/apache/maven/maven-plugin-parameter-documenter/2.0.6/maven-plugin-parameter-documenter-2.0.6.jar
[869ae4f7-e922-4c39-9c5c-a06024b2d8d4/Java 1.8 NoCommons]   | [INFO] Downloaded from central: https://repo.maven.apache.org/maven2/org/apache/maven/maven-profile/2.0.6/maven-profile-2.0.6.jar (35 kB at 1.5 MB/s)
[869ae4f7-e922-4c39-9c5c-a06024b2d8d4/Java 1.8 NoCommons]   | [INFO] Downloading from central: https://repo.maven.apache.org/maven2/org/apache/maven/reporting/maven-reporting-api/2.0.6/maven-reporting-api-2.0.6.jar
[869ae4f7-e922-4c39-9c5c-a06024b2d8d4/Java 1.8 NoCommons]   | [INFO] Downloaded from central: https://repo.maven.apache.org/maven2/org/apache/maven/maven-artifact-manager/2.0.6/maven-artifact-manager-2.0.6.jar (57 kB at 2.4 MB/s)
[869ae4f7-e922-4c39-9c5c-a06024b2d8d4/Java 1.8 NoCommons]   | [INFO] Downloading from central: https://repo.maven.apache.org/maven2/org/apache/maven/doxia/doxia-sink-api/1.0-alpha-7/doxia-sink-api-1.0-alpha-7.jar
[869ae4f7-e922-4c39-9c5c-a06024b2d8d4/Java 1.8 NoCommons]   | [INFO] Downloaded from central: https://repo.maven.apache.org/maven2/org/apache/maven/doxia/doxia-sink-api/1.0-alpha-7/doxia-sink-api-1.0-alpha-7.jar (5.9 kB at 129 kB/s)
[869ae4f7-e922-4c39-9c5c-a06024b2d8d4/Java 1.8 NoCommons]   | [INFO] Downloading from central: https://repo.maven.apache.org/maven2/org/apache/maven/maven-repository-metadata/2.0.6/maven-repository-metadata-2.0.6.jar
[869ae4f7-e922-4c39-9c5c-a06024b2d8d4/Java 1.8 NoCommons]   | [INFO] Downloaded from central: https://repo.maven.apache.org/maven2/org/apache/maven/maven-repository-metadata/2.0.6/maven-repository-metadata-2.0.6.jar (24 kB at 395 kB/s)
[869ae4f7-e922-4c39-9c5c-a06024b2d8d4/Java 1.8 NoCommons]   | [INFO] Downloading from central: https://repo.maven.apache.org/maven2/org/apache/maven/maven-error-diagnostics/2.0.6/maven-error-diagnostics-2.0.6.jar
[869ae4f7-e922-4c39-9c5c-a06024b2d8d4/Java 1.8 NoCommons]   | [INFO] Downloaded from central: https://repo.maven.apache.org/maven2/org/apache/maven/reporting/maven-reporting-api/2.0.6/maven-reporting-api-2.0.6.jar (9.9 kB at 153 kB/s)
[869ae4f7-e922-4c39-9c5c-a06024b2d8d4/Java 1.8 NoCommons]   | [INFO] Downloading from central: https://repo.maven.apache.org/maven2/org/apache/maven/maven-plugin-descriptor/2.0.6/maven-plugin-descriptor-2.0.6.jar
[869ae4f7-e922-4c39-9c5c-a06024b2d8d4/Java 1.8 NoCommons]   | [INFO] Downloaded from central: https://repo.maven.apache.org/maven2/org/apache/maven/maven-plugin-registry/2.0.6/maven-plugin-registry-2.0.6.jar (29 kB at 329 kB/s)
[869ae4f7-e922-4c39-9c5c-a06024b2d8d4/Java 1.8 NoCommons]   | [INFO] Downloading from central: https://repo.maven.apache.org/maven2/org/apache/maven/maven-artifact/2.0.6/maven-artifact-2.0.6.jar
[869ae4f7-e922-4c39-9c5c-a06024b2d8d4/Java 1.8 NoCommons]   | [INFO] Downloaded from central: https://repo.maven.apache.org/maven2/org/apache/maven/maven-core/2.0.6/maven-core-2.0.6.jar (152 kB at 1.6 MB/s)
[869ae4f7-e922-4c39-9c5c-a06024b2d8d4/Java 1.8 NoCommons]   | [INFO] Downloaded from central: https://repo.maven.apache.org/maven2/org/apache/maven/maven-plugin-parameter-documenter/2.0.6/maven-plugin-parameter-documenter-2.0.6.jar (21 kB at 223 kB/s)
[869ae4f7-e922-4c39-9c5c-a06024b2d8d4/Java 1.8 NoCommons]   | [INFO] Downloading from central: https://repo.maven.apache.org/maven2/org/apache/maven/maven-settings/2.0.6/maven-settings-2.0.6.jar
[869ae4f7-e922-4c39-9c5c-a06024b2d8d4/Java 1.8 NoCommons]   | [INFO] Downloading from central: https://repo.maven.apache.org/maven2/org/apache/maven/maven-model/2.0.6/maven-model-2.0.6.jar
[869ae4f7-e922-4c39-9c5c-a06024b2d8d4/Java 1.8 NoCommons]   | [INFO] Downloaded from central: https://repo.maven.apache.org/maven2/org/apache/maven/maven-artifact/2.0.6/maven-artifact-2.0.6.jar (87 kB at 920 kB/s)
[869ae4f7-e922-4c39-9c5c-a06024b2d8d4/Java 1.8 NoCommons]   | [INFO] Downloaded from central: https://repo.maven.apache.org/maven2/org/apache/maven/maven-error-diagnostics/2.0.6/maven-error-diagnostics-2.0.6.jar (14 kB at 142 kB/s)
[869ae4f7-e922-4c39-9c5c-a06024b2d8d4/Java 1.8 NoCommons]   | [INFO] Downloading from central: https://repo.maven.apache.org/maven2/org/apache/maven/maven-monitor/2.0.6/maven-monitor-2.0.6.jar
[869ae4f7-e922-4c39-9c5c-a06024b2d8d4/Java 1.8 NoCommons]   | [INFO] Downloading from central: https://repo.maven.apache.org/maven2/junit/junit/3.8.1/junit-3.8.1.jar
[869ae4f7-e922-4c39-9c5c-a06024b2d8d4/Java 1.8 NoCommons]   | [INFO] Downloaded from central: https://repo.maven.apache.org/maven2/org/apache/maven/maven-plugin-descriptor/2.0.6/maven-plugin-descriptor-2.0.6.jar (37 kB at 372 kB/s)
[869ae4f7-e922-4c39-9c5c-a06024b2d8d4/Java 1.8 NoCommons]   | [INFO] Downloading from central: https://repo.maven.apache.org/maven2/org/codehaus/plexus/plexus-utils/2.0.5/plexus-utils-2.0.5.jar
[869ae4f7-e922-4c39-9c5c-a06024b2d8d4/Java 1.8 NoCommons]   | [INFO] Downloaded from central: https://repo.maven.apache.org/maven2/org/apache/maven/maven-settings/2.0.6/maven-settings-2.0.6.jar (49 kB at 431 kB/s)
[869ae4f7-e922-4c39-9c5c-a06024b2d8d4/Java 1.8 NoCommons]   | [INFO] Downloading from central: https://repo.maven.apache.org/maven2/org/apache/maven/shared/maven-filtering/1.1/maven-filtering-1.1.jar
[869ae4f7-e922-4c39-9c5c-a06024b2d8d4/Java 1.8 NoCommons]   | [INFO] Downloaded from central: https://repo.maven.apache.org/maven2/org/apache/maven/maven-model/2.0.6/maven-model-2.0.6.jar (86 kB at 600 kB/s)
[869ae4f7-e922-4c39-9c5c-a06024b2d8d4/Java 1.8 NoCommons]   | [INFO] Downloading from central: https://repo.maven.apache.org/maven2/org/sonatype/plexus/plexus-build-api/0.0.4/plexus-build-api-0.0.4.jar
[869ae4f7-e922-4c39-9c5c-a06024b2d8d4/Java 1.8 NoCommons]   | [INFO] Downloaded from central: https://repo.maven.apache.org/maven2/junit/junit/3.8.1/junit-3.8.1.jar (121 kB at 813 kB/s)
[869ae4f7-e922-4c39-9c5c-a06024b2d8d4/Java 1.8 NoCommons]   | [INFO] Downloading from central: https://repo.maven.apache.org/maven2/org/codehaus/plexus/plexus-interpolation/1.13/plexus-interpolation-1.13.jar
[869ae4f7-e922-4c39-9c5c-a06024b2d8d4/Java 1.8 NoCommons]   | [INFO] Downloaded from central: https://repo.maven.apache.org/maven2/org/apache/maven/maven-monitor/2.0.6/maven-monitor-2.0.6.jar (10 kB at 68 kB/s)
[869ae4f7-e922-4c39-9c5c-a06024b2d8d4/Java 1.8 NoCommons]   | [INFO] Downloaded from central: https://repo.maven.apache.org/maven2/org/codehaus/plexus/plexus-utils/2.0.5/plexus-utils-2.0.5.jar (223 kB at 1.5 MB/s)
[869ae4f7-e922-4c39-9c5c-a06024b2d8d4/Java 1.8 NoCommons]   | [INFO] Downloaded from central: https://repo.maven.apache.org/maven2/org/apache/maven/shared/maven-filtering/1.1/maven-filtering-1.1.jar (43 kB at 254 kB/s)
[869ae4f7-e922-4c39-9c5c-a06024b2d8d4/Java 1.8 NoCommons]   | [INFO] Downloaded from central: https://repo.maven.apache.org/maven2/org/codehaus/plexus/plexus-interpolation/1.13/plexus-interpolation-1.13.jar (61 kB at 353 kB/s)
[869ae4f7-e922-4c39-9c5c-a06024b2d8d4/Java 1.8 NoCommons]   | [INFO] Downloaded from central: https://repo.maven.apache.org/maven2/org/sonatype/plexus/plexus-build-api/0.0.4/plexus-build-api-0.0.4.jar (6.8 kB at 39 kB/s)
[869ae4f7-e922-4c39-9c5c-a06024b2d8d4/Java 1.8 NoCommons]   | [INFO] Using 'UTF-8' encoding to copy filtered resources.
[869ae4f7-e922-4c39-9c5c-a06024b2d8d4/Java 1.8 NoCommons]   | [INFO] Copying 4 resources
[869ae4f7-e922-4c39-9c5c-a06024b2d8d4/Java 1.8 NoCommons]   | [INFO] 
[869ae4f7-e922-4c39-9c5c-a06024b2d8d4/Java 1.8 NoCommons]   | [INFO] --- maven-compiler-plugin:2.3.2:compile (default-compile) @ nocommons ---
[869ae4f7-e922-4c39-9c5c-a06024b2d8d4/Java 1.8 NoCommons]   | [INFO] Downloading from central: https://repo.maven.apache.org/maven2/org/apache/maven/maven-toolchain/1.0/maven-toolchain-1.0.pom
[869ae4f7-e922-4c39-9c5c-a06024b2d8d4/Java 1.8 NoCommons]   | [INFO] Downloaded from central: https://repo.maven.apache.org/maven2/org/apache/maven/maven-toolchain/1.0/maven-toolchain-1.0.pom (3.4 kB at 190 kB/s)
[869ae4f7-e922-4c39-9c5c-a06024b2d8d4/Java 1.8 NoCommons]   | [INFO] Downloading from central: https://repo.maven.apache.org/maven2/org/codehaus/plexus/plexus-compiler-api/1.8.1/plexus-compiler-api-1.8.1.pom
[869ae4f7-e922-4c39-9c5c-a06024b2d8d4/Java 1.8 NoCommons]   | [INFO] Downloaded from central: https://repo.maven.apache.org/maven2/org/codehaus/plexus/plexus-compiler-api/1.8.1/plexus-compiler-api-1.8.1.pom (805 B at 24 kB/s)
[869ae4f7-e922-4c39-9c5c-a06024b2d8d4/Java 1.8 NoCommons]   | [INFO] Downloading from central: https://repo.maven.apache.org/maven2/org/codehaus/plexus/plexus-compiler/1.8.1/plexus-compiler-1.8.1.pom
[869ae4f7-e922-4c39-9c5c-a06024b2d8d4/Java 1.8 NoCommons]   | [INFO] Downloaded from central: https://repo.maven.apache.org/maven2/org/codehaus/plexus/plexus-compiler/1.8.1/plexus-compiler-1.8.1.pom (3.5 kB at 102 kB/s)
[869ae4f7-e922-4c39-9c5c-a06024b2d8d4/Java 1.8 NoCommons]   | [INFO] Downloading from central: https://repo.maven.apache.org/maven2/org/codehaus/plexus/plexus-components/1.1.18/plexus-components-1.1.18.pom
[869ae4f7-e922-4c39-9c5c-a06024b2d8d4/Java 1.8 NoCommons]   | [INFO] Downloaded from central: https://repo.maven.apache.org/maven2/org/codehaus/plexus/plexus-components/1.1.18/plexus-components-1.1.18.pom (5.4 kB at 153 kB/s)
[869ae4f7-e922-4c39-9c5c-a06024b2d8d4/Java 1.8 NoCommons]   | [INFO] Downloading from central: https://repo.maven.apache.org/maven2/org/codehaus/plexus/plexus/2.0.7/plexus-2.0.7.pom
[869ae4f7-e922-4c39-9c5c-a06024b2d8d4/Java 1.8 NoCommons]   | [INFO] Downloaded from central: https://repo.maven.apache.org/maven2/org/codehaus/plexus/plexus/2.0.7/plexus-2.0.7.pom (17 kB at 910 kB/s)
[869ae4f7-e922-4c39-9c5c-a06024b2d8d4/Java 1.8 NoCommons]   | [INFO] Downloading from central: https://repo.maven.apache.org/maven2/org/codehaus/plexus/plexus-utils/1.5.5/plexus-utils-1.5.5.pom
[869ae4f7-e922-4c39-9c5c-a06024b2d8d4/Java 1.8 NoCommons]   | [INFO] Downloaded from central: https://repo.maven.apache.org/maven2/org/codehaus/plexus/plexus-utils/1.5.5/plexus-utils-1.5.5.pom (5.1 kB at 322 kB/s)
[869ae4f7-e922-4c39-9c5c-a06024b2d8d4/Java 1.8 NoCommons]   | [INFO] Downloading from central: https://repo.maven.apache.org/maven2/org/codehaus/plexus/plexus-compiler-manager/1.8.1/plexus-compiler-manager-1.8.1.pom
[869ae4f7-e922-4c39-9c5c-a06024b2d8d4/Java 1.8 NoCommons]   | [INFO] Downloaded from central: https://repo.maven.apache.org/maven2/org/codehaus/plexus/plexus-compiler-manager/1.8.1/plexus-compiler-manager-1.8.1.pom (713 B at 26 kB/s)
[869ae4f7-e922-4c39-9c5c-a06024b2d8d4/Java 1.8 NoCommons]   | [INFO] Downloading from central: https://repo.maven.apache.org/maven2/org/codehaus/plexus/plexus-compiler-javac/1.8.1/plexus-compiler-javac-1.8.1.pom
[869ae4f7-e922-4c39-9c5c-a06024b2d8d4/Java 1.8 NoCommons]   | [INFO] Downloaded from central: https://repo.maven.apache.org/maven2/org/codehaus/plexus/plexus-compiler-javac/1.8.1/plexus-compiler-javac-1.8.1.pom (710 B at 55 kB/s)
[869ae4f7-e922-4c39-9c5c-a06024b2d8d4/Java 1.8 NoCommons]   | [INFO] Downloading from central: https://repo.maven.apache.org/maven2/org/codehaus/plexus/plexus-compilers/1.8.1/plexus-compilers-1.8.1.pom
[869ae4f7-e922-4c39-9c5c-a06024b2d8d4/Java 1.8 NoCommons]   | [INFO] Downloaded from central: https://repo.maven.apache.org/maven2/org/codehaus/plexus/plexus-compilers/1.8.1/plexus-compilers-1.8.1.pom (1.3 kB at 25 kB/s)
[869ae4f7-e922-4c39-9c5c-a06024b2d8d4/Java 1.8 NoCommons]   | [INFO] Downloading from central: https://repo.maven.apache.org/maven2/org/apache/maven/maven-toolchain/1.0/maven-toolchain-1.0.jar
[869ae4f7-e922-4c39-9c5c-a06024b2d8d4/Java 1.8 NoCommons]   | [INFO] Downloading from central: https://repo.maven.apache.org/maven2/org/codehaus/plexus/plexus-compiler-api/1.8.1/plexus-compiler-api-1.8.1.jar
[869ae4f7-e922-4c39-9c5c-a06024b2d8d4/Java 1.8 NoCommons]   | [INFO] Downloading from central: https://repo.maven.apache.org/maven2/org/codehaus/plexus/plexus-compiler-manager/1.8.1/plexus-compiler-manager-1.8.1.jar
[869ae4f7-e922-4c39-9c5c-a06024b2d8d4/Java 1.8 NoCommons]   | [INFO] Downloading from central: https://repo.maven.apache.org/maven2/org/codehaus/plexus/plexus-compiler-javac/1.8.1/plexus-compiler-javac-1.8.1.jar
[869ae4f7-e922-4c39-9c5c-a06024b2d8d4/Java 1.8 NoCommons]   | [INFO] Downloaded from central: https://repo.maven.apache.org/maven2/org/codehaus/plexus/plexus-compiler-manager/1.8.1/plexus-compiler-manager-1.8.1.jar (5.3 kB at 484 kB/s)
[869ae4f7-e922-4c39-9c5c-a06024b2d8d4/Java 1.8 NoCommons]   | [INFO] Downloaded from central: https://repo.maven.apache.org/maven2/org/codehaus/plexus/plexus-compiler-javac/1.8.1/plexus-compiler-javac-1.8.1.jar (13 kB at 1.0 MB/s)
[869ae4f7-e922-4c39-9c5c-a06024b2d8d4/Java 1.8 NoCommons]   | [INFO] Downloaded from central: https://repo.maven.apache.org/maven2/org/codehaus/plexus/plexus-compiler-api/1.8.1/plexus-compiler-api-1.8.1.jar (20 kB at 798 kB/s)
[869ae4f7-e922-4c39-9c5c-a06024b2d8d4/Java 1.8 NoCommons]   | [INFO] Downloaded from central: https://repo.maven.apache.org/maven2/org/apache/maven/maven-toolchain/1.0/maven-toolchain-1.0.jar (33 kB at 914 kB/s)
[869ae4f7-e922-4c39-9c5c-a06024b2d8d4/Java 1.8 NoCommons]   | [INFO] Nothing to compile - all classes are up to date
[869ae4f7-e922-4c39-9c5c-a06024b2d8d4/Java 1.8 NoCommons]   | [INFO] 
[869ae4f7-e922-4c39-9c5c-a06024b2d8d4/Java 1.8 NoCommons]   | [INFO] --- maven-resources-plugin:2.6:testResources (default-testResources) @ nocommons ---
[869ae4f7-e922-4c39-9c5c-a06024b2d8d4/Java 1.8 NoCommons]   | [INFO] Using 'UTF-8' encoding to copy filtered resources.
[869ae4f7-e922-4c39-9c5c-a06024b2d8d4/Java 1.8 NoCommons]   | [INFO] Copying 2 resources
[869ae4f7-e922-4c39-9c5c-a06024b2d8d4/Java 1.8 NoCommons]   | [INFO] 
[869ae4f7-e922-4c39-9c5c-a06024b2d8d4/Java 1.8 NoCommons]   | [INFO] --- maven-compiler-plugin:2.3.2:testCompile (default-testCompile) @ nocommons ---
[869ae4f7-e922-4c39-9c5c-a06024b2d8d4/Java 1.8 NoCommons]   | [INFO] Compiling 2 source files to /tmp/6e71ad80-ac5f-4bbf-bcaa-cd0d0ceb5023/target/test-classes
[869ae4f7-e922-4c39-9c5c-a06024b2d8d4/Java 1.8 NoCommons]   | [INFO] 
[869ae4f7-e922-4c39-9c5c-a06024b2d8d4/Java 1.8 NoCommons]   | [INFO] --- maven-surefire-plugin:2.6:test (default-test) @ nocommons ---
[869ae4f7-e922-4c39-9c5c-a06024b2d8d4/Java 1.8 NoCommons]   | [INFO] Downloading from central: https://repo.maven.apache.org/maven2/org/apache/maven/surefire/surefire-booter/2.6/surefire-booter-2.6.pom
[869ae4f7-e922-4c39-9c5c-a06024b2d8d4/Java 1.8 NoCommons]   | [INFO] Downloaded from central: https://repo.maven.apache.org/maven2/org/apache/maven/surefire/surefire-booter/2.6/surefire-booter-2.6.pom (2.0 kB at 83 kB/s)
[869ae4f7-e922-4c39-9c5c-a06024b2d8d4/Java 1.8 NoCommons]   | [INFO] Downloading from central: https://repo.maven.apache.org/maven2/org/apache/maven/surefire/surefire-api/2.6/surefire-api-2.6.pom
[869ae4f7-e922-4c39-9c5c-a06024b2d8d4/Java 1.8 NoCommons]   | [INFO] Downloaded from central: https://repo.maven.apache.org/maven2/org/apache/maven/surefire/surefire-api/2.6/surefire-api-2.6.pom (2.1 kB at 139 kB/s)
[869ae4f7-e922-4c39-9c5c-a06024b2d8d4/Java 1.8 NoCommons]   | [INFO] Downloading from central: https://repo.maven.apache.org/maven2/org/apache/maven/surefire/maven-surefire-common/2.6/maven-surefire-common-2.6.pom
[869ae4f7-e922-4c39-9c5c-a06024b2d8d4/Java 1.8 NoCommons]   | [INFO] Downloaded from central: https://repo.maven.apache.org/maven2/org/apache/maven/surefire/maven-surefire-common/2.6/maven-surefire-common-2.6.pom (3.7 kB at 77 kB/s)
[869ae4f7-e922-4c39-9c5c-a06024b2d8d4/Java 1.8 NoCommons]   | [INFO] Downloading from central: https://repo.maven.apache.org/maven2/org/apache/maven/maven-toolchain/2.0.9/maven-toolchain-2.0.9.pom
[869ae4f7-e922-4c39-9c5c-a06024b2d8d4/Java 1.8 NoCommons]   | [INFO] Downloaded from central: https://repo.maven.apache.org/maven2/org/apache/maven/maven-toolchain/2.0.9/maven-toolchain-2.0.9.pom (3.5 kB at 109 kB/s)
[869ae4f7-e922-4c39-9c5c-a06024b2d8d4/Java 1.8 NoCommons]   | [INFO] Downloading from central: https://repo.maven.apache.org/maven2/org/apache/maven/maven-artifact/2.0.8/maven-artifact-2.0.8.pom
[869ae4f7-e922-4c39-9c5c-a06024b2d8d4/Java 1.8 NoCommons]   | [INFO] Downloaded from central: https://repo.maven.apache.org/maven2/org/apache/maven/maven-artifact/2.0.8/maven-artifact-2.0.8.pom (1.6 kB at 135 kB/s)
[869ae4f7-e922-4c39-9c5c-a06024b2d8d4/Java 1.8 NoCommons]   | [INFO] Downloading from central: https://repo.maven.apache.org/maven2/org/apache/maven/maven-project/2.0.8/maven-project-2.0.8.pom
[869ae4f7-e922-4c39-9c5c-a06024b2d8d4/Java 1.8 NoCommons]   | [INFO] Downloaded from central: https://repo.maven.apache.org/maven2/org/apache/maven/maven-project/2.0.8/maven-project-2.0.8.pom (2.7 kB at 50 kB/s)
[869ae4f7-e922-4c39-9c5c-a06024b2d8d4/Java 1.8 NoCommons]   | [INFO] Downloading from central: https://repo.maven.apache.org/maven2/org/apache/maven/maven-settings/2.0.8/maven-settings-2.0.8.pom
[869ae4f7-e922-4c39-9c5c-a06024b2d8d4/Java 1.8 NoCommons]   | [INFO] Downloaded from central: https://repo.maven.apache.org/maven2/org/apache/maven/maven-settings/2.0.8/maven-settings-2.0.8.pom (2.1 kB at 59 kB/s)
[869ae4f7-e922-4c39-9c5c-a06024b2d8d4/Java 1.8 NoCommons]   | [INFO] Downloading from central: https://repo.maven.apache.org/maven2/org/apache/maven/maven-profile/2.0.8/maven-profile-2.0.8.pom
[869ae4f7-e922-4c39-9c5c-a06024b2d8d4/Java 1.8 NoCommons]   | [INFO] Downloaded from central: https://repo.maven.apache.org/maven2/org/apache/maven/maven-profile/2.0.8/maven-profile-2.0.8.pom (2.0 kB at 75 kB/s)
[869ae4f7-e922-4c39-9c5c-a06024b2d8d4/Java 1.8 NoCommons]   | [INFO] Downloading from central: https://repo.maven.apache.org/maven2/org/apache/maven/maven-artifact-manager/2.0.8/maven-artifact-manager-2.0.8.pom
[869ae4f7-e922-4c39-9c5c-a06024b2d8d4/Java 1.8 NoCommons]   | [INFO] Downloaded from central: https://repo.maven.apache.org/maven2/org/apache/maven/maven-artifact-manager/2.0.8/maven-artifact-manager-2.0.8.pom (2.7 kB at 112 kB/s)
[869ae4f7-e922-4c39-9c5c-a06024b2d8d4/Java 1.8 NoCommons]   | [INFO] Downloading from central: https://repo.maven.apache.org/maven2/org/apache/maven/maven-repository-metadata/2.0.8/maven-repository-metadata-2.0.8.pom
[869ae4f7-e922-4c39-9c5c-a06024b2d8d4/Java 1.8 NoCommons]   | [INFO] Downloaded from central: https://repo.maven.apache.org/maven2/org/apache/maven/maven-repository-metadata/2.0.8/maven-repository-metadata-2.0.8.pom (1.9 kB at 28 kB/s)
[869ae4f7-e922-4c39-9c5c-a06024b2d8d4/Java 1.8 NoCommons]   | [INFO] Downloading from central: https://repo.maven.apache.org/maven2/org/apache/maven/maven-plugin-registry/2.0.8/maven-plugin-registry-2.0.8.pom
[869ae4f7-e922-4c39-9c5c-a06024b2d8d4/Java 1.8 NoCommons]   | [INFO] Downloaded from central: https://repo.maven.apache.org/maven2/org/apache/maven/maven-plugin-registry/2.0.8/maven-plugin-registry-2.0.8.pom (2.0 kB at 200 kB/s)
[869ae4f7-e922-4c39-9c5c-a06024b2d8d4/Java 1.8 NoCommons]   | [INFO] Downloading from central: https://repo.maven.apache.org/maven2/org/apache/maven/maven-plugin-api/2.0.8/maven-plugin-api-2.0.8.pom
[869ae4f7-e922-4c39-9c5c-a06024b2d8d4/Java 1.8 NoCommons]   | [INFO] Downloaded from central: https://repo.maven.apache.org/maven2/org/apache/maven/maven-plugin-api/2.0.8/maven-plugin-api-2.0.8.pom (1.5 kB at 36 kB/s)
[869ae4f7-e922-4c39-9c5c-a06024b2d8d4/Java 1.8 NoCommons]   | [INFO] Downloading from central: https://repo.maven.apache.org/maven2/org/apache/maven/surefire/surefire-booter/2.6/surefire-booter-2.6.jar
[869ae4f7-e922-4c39-9c5c-a06024b2d8d4/Java 1.8 NoCommons]   | [INFO] Downloading from central: https://repo.maven.apache.org/maven2/org/apache/maven/surefire/surefire-api/2.6/surefire-api-2.6.jar
[869ae4f7-e922-4c39-9c5c-a06024b2d8d4/Java 1.8 NoCommons]   | [INFO] Downloading from central: https://repo.maven.apache.org/maven2/org/apache/maven/surefire/maven-surefire-common/2.6/maven-surefire-common-2.6.jar
[869ae4f7-e922-4c39-9c5c-a06024b2d8d4/Java 1.8 NoCommons]   | [INFO] Downloading from central: https://repo.maven.apache.org/maven2/org/apache/maven/maven-toolchain/2.0.9/maven-toolchain-2.0.9.jar
[869ae4f7-e922-4c39-9c5c-a06024b2d8d4/Java 1.8 NoCommons]   | [INFO] Downloaded from central: https://repo.maven.apache.org/maven2/org/apache/maven/surefire/maven-surefire-common/2.6/maven-surefire-common-2.6.jar (22 kB at 1.6 MB/s)
[869ae4f7-e922-4c39-9c5c-a06024b2d8d4/Java 1.8 NoCommons]   | [INFO] Downloaded from central: https://repo.maven.apache.org/maven2/org/apache/maven/maven-toolchain/2.0.9/maven-toolchain-2.0.9.jar (38 kB at 2.7 MB/s)
[869ae4f7-e922-4c39-9c5c-a06024b2d8d4/Java 1.8 NoCommons]   | [INFO] Downloaded from central: https://repo.maven.apache.org/maven2/org/apache/maven/surefire/surefire-api/2.6/surefire-api-2.6.jar (531 kB at 16 MB/s)
[869ae4f7-e922-4c39-9c5c-a06024b2d8d4/Java 1.8 NoCommons]   | [INFO] Downloaded from central: https://repo.maven.apache.org/maven2/org/apache/maven/surefire/surefire-booter/2.6/surefire-booter-2.6.jar (277 kB at 2.5 MB/s)
[869ae4f7-e922-4c39-9c5c-a06024b2d8d4/Java 1.8 NoCommons]   | [INFO] Downloading from central: https://repo.maven.apache.org/maven2/org/apache/maven/surefire/surefire-junit4/2.6/surefire-junit4-2.6.pom
[869ae4f7-e922-4c39-9c5c-a06024b2d8d4/Java 1.8 NoCommons]   | [INFO] Downloaded from central: https://repo.maven.apache.org/maven2/org/apache/maven/surefire/surefire-junit4/2.6/surefire-junit4-2.6.pom (2.0 kB at 143 kB/s)
[869ae4f7-e922-4c39-9c5c-a06024b2d8d4/Java 1.8 NoCommons]   | [INFO] Downloading from central: https://repo.maven.apache.org/maven2/org/apache/maven/surefire/surefire-providers/2.6/surefire-providers-2.6.pom
[869ae4f7-e922-4c39-9c5c-a06024b2d8d4/Java 1.8 NoCommons]   | [INFO] Downloaded from central: https://repo.maven.apache.org/maven2/org/apache/maven/surefire/surefire-providers/2.6/surefire-providers-2.6.pom (1.8 kB at 117 kB/s)
[869ae4f7-e922-4c39-9c5c-a06024b2d8d4/Java 1.8 NoCommons]   | [INFO] Downloading from central: https://repo.maven.apache.org/maven2/org/apache/maven/surefire/surefire-junit4/2.6/surefire-junit4-2.6.jar
[869ae4f7-e922-4c39-9c5c-a06024b2d8d4/Java 1.8 NoCommons]   | [INFO] Downloaded from central: https://repo.maven.apache.org/maven2/org/apache/maven/surefire/surefire-junit4/2.6/surefire-junit4-2.6.jar (12 kB at 275 kB/s)
[869ae4f7-e922-4c39-9c5c-a06024b2d8d4/Java 1.8 NoCommons]   | [INFO] Surefire report directory: /tmp/6e71ad80-ac5f-4bbf-bcaa-cd0d0ceb5023/target/surefire-reports
[869ae4f7-e922-4c39-9c5c-a06024b2d8d4/Java 1.8 NoCommons]   | 
[869ae4f7-e922-4c39-9c5c-a06024b2d8d4/Java 1.8 NoCommons]   | -------------------------------------------------------
[869ae4f7-e922-4c39-9c5c-a06024b2d8d4/Java 1.8 NoCommons]   |  T E S T S
[869ae4f7-e922-4c39-9c5c-a06024b2d8d4/Java 1.8 NoCommons]   | -------------------------------------------------------
[869ae4f7-e922-4c39-9c5c-a06024b2d8d4/Java 1.8 NoCommons]   | Running no.bekk.bekkopen.mail.MailDataLoaderTest
[869ae4f7-e922-4c39-9c5c-a06024b2d8d4/Java 1.8 NoCommons]   | Tests run: 5, Failures: 0, Errors: 0, Skipped: 0, Time elapsed: 0.21 sec
[869ae4f7-e922-4c39-9c5c-a06024b2d8d4/Java 1.8 NoCommons]   | Running no.bekk.bekkopen.org.OrganisasjonsnummerTest
[869ae4f7-e922-4c39-9c5c-a06024b2d8d4/Java 1.8 NoCommons]   | Tests run: 2, Failures: 0, Errors: 0, Skipped: 0, Time elapsed: 0.026 sec
[869ae4f7-e922-4c39-9c5c-a06024b2d8d4/Java 1.8 NoCommons]   | Running no.bekk.bekkopen.person.FodselsnummerCalculatorTest
[869ae4f7-e922-4c39-9c5c-a06024b2d8d4/Java 1.8 NoCommons]   | Tests run: 7, Failures: 1, Errors: 0, Skipped: 0, Time elapsed: 0.188 sec <<< FAILURE!
[869ae4f7-e922-4c39-9c5c-a06024b2d8d4/Java 1.8 NoCommons]   | Running no.bekk.bekkopen.banking.KontonummerTest
[869ae4f7-e922-4c39-9c5c-a06024b2d8d4/Java 1.8 NoCommons]   | Tests run: 6, Failures: 0, Errors: 0, Skipped: 0, Time elapsed: 0.034 sec
[869ae4f7-e922-4c39-9c5c-a06024b2d8d4/Java 1.8 NoCommons]   | Running no.bekk.bekkopen.banking.KontonummerCalculatorTest
[869ae4f7-e922-4c39-9c5c-a06024b2d8d4/Java 1.8 NoCommons]   | Tests run: 3, Failures: 0, Errors: 0, Skipped: 0, Time elapsed: 0.054 sec
[869ae4f7-e922-4c39-9c5c-a06024b2d8d4/Java 1.8 NoCommons]   | Running no.bekk.bekkopen.person.FodselsnummerTest
[869ae4f7-e922-4c39-9c5c-a06024b2d8d4/Java 1.8 NoCommons]   | Tests run: 19, Failures: 0, Errors: 0, Skipped: 0, Time elapsed: 0.02 sec
[869ae4f7-e922-4c39-9c5c-a06024b2d8d4/Java 1.8 NoCommons]   | Running no.bekk.bekkopen.org.OrganisasjonsnummerCalculatorTest
[869ae4f7-e922-4c39-9c5c-a06024b2d8d4/Java 1.8 NoCommons]   | Tests run: 1, Failures: 0, Errors: 0, Skipped: 0, Time elapsed: 0.005 sec
[869ae4f7-e922-4c39-9c5c-a06024b2d8d4/Java 1.8 NoCommons]   | Running no.bekk.bekkopen.person.PersonTest
[869ae4f7-e922-4c39-9c5c-a06024b2d8d4/Java 1.8 NoCommons]   | Tests run: 1, Failures: 0, Errors: 0, Skipped: 0, Time elapsed: 0.056 sec
[869ae4f7-e922-4c39-9c5c-a06024b2d8d4/Java 1.8 NoCommons]   | Running no.bekk.bekkopen.date.NorwegianDateUtilTest
[869ae4f7-e922-4c39-9c5c-a06024b2d8d4/Java 1.8 NoCommons]   | Tests run: 9, Failures: 0, Errors: 0, Skipped: 0, Time elapsed: 0.036 sec
[869ae4f7-e922-4c39-9c5c-a06024b2d8d4/Java 1.8 NoCommons]   | Running no.bekk.bekkopen.person.FodselsnummerValidatorTest
[869ae4f7-e922-4c39-9c5c-a06024b2d8d4/Java 1.8 NoCommons]   | Tests run: 14, Failures: 1, Errors: 0, Skipped: 0, Time elapsed: 0.026 sec <<< FAILURE!
[869ae4f7-e922-4c39-9c5c-a06024b2d8d4/Java 1.8 NoCommons]   | Running no.bekk.bekkopen.localization.TextParserTest
[869ae4f7-e922-4c39-9c5c-a06024b2d8d4/Java 1.8 NoCommons]   | Tests run: 1, Failures: 0, Errors: 0, Skipped: 0, Time elapsed: 0.003 sec
[869ae4f7-e922-4c39-9c5c-a06024b2d8d4/Java 1.8 NoCommons]   | Running no.bekk.bekkopen.mail.MailValidatorTest
[869ae4f7-e922-4c39-9c5c-a06024b2d8d4/Java 1.8 NoCommons]   | Tests run: 7, Failures: 0, Errors: 0, Skipped: 0, Time elapsed: 0.009 sec
[869ae4f7-e922-4c39-9c5c-a06024b2d8d4/Java 1.8 NoCommons]   | Running no.bekk.bekkopen.person.NavnGeneratorTest
[869ae4f7-e922-4c39-9c5c-a06024b2d8d4/Java 1.8 NoCommons]   | Tests run: 7, Failures: 0, Errors: 0, Skipped: 0, Time elapsed: 0.043 sec
[869ae4f7-e922-4c39-9c5c-a06024b2d8d4/Java 1.8 NoCommons]   | Running no.bekk.bekkopen.person.annotation.FodselsnummerAnnotationTest
[869ae4f7-e922-4c39-9c5c-a06024b2d8d4/Java 1.8 NoCommons]   | jul 12, 2023 5:00:54 AM org.hibernate.validator.internal.util.Version <clinit>
[869ae4f7-e922-4c39-9c5c-a06024b2d8d4/Java 1.8 NoCommons]   | INFO: HV000001: Hibernate Validator 4.3.1.Final
[869ae4f7-e922-4c39-9c5c-a06024b2d8d4/Java 1.8 NoCommons]   | Tests run: 4, Failures: 0, Errors: 0, Skipped: 0, Time elapsed: 0.16 sec
[869ae4f7-e922-4c39-9c5c-a06024b2d8d4/Java 1.8 NoCommons]   | Running no.bekk.bekkopen.banking.KidnummerValidatorTest
[869ae4f7-e922-4c39-9c5c-a06024b2d8d4/Java 1.8 NoCommons]   | Tests run: 9, Failures: 0, Errors: 0, Skipped: 0, Time elapsed: 0.004 sec
[869ae4f7-e922-4c39-9c5c-a06024b2d8d4/Java 1.8 NoCommons]   | Running no.bekk.bekkopen.banking.KontonummerValidatorTest
[869ae4f7-e922-4c39-9c5c-a06024b2d8d4/Java 1.8 NoCommons]   | Tests run: 11, Failures: 0, Errors: 0, Skipped: 0, Time elapsed: 0.005 sec
[869ae4f7-e922-4c39-9c5c-a06024b2d8d4/Java 1.8 NoCommons]   | Running no.bekk.bekkopen.org.OrganisasjonsnummerValidatorTest
[869ae4f7-e922-4c39-9c5c-a06024b2d8d4/Java 1.8 NoCommons]   | Tests run: 5, Failures: 0, Errors: 0, Skipped: 0, Time elapsed: 0.002 sec
[869ae4f7-e922-4c39-9c5c-a06024b2d8d4/Java 1.8 NoCommons]   | Running no.bekk.bekkopen.person.NavnTest
[869ae4f7-e922-4c39-9c5c-a06024b2d8d4/Java 1.8 NoCommons]   | Tests run: 5, Failures: 0, Errors: 0, Skipped: 0, Time elapsed: 0.016 sec
[869ae4f7-e922-4c39-9c5c-a06024b2d8d4/Java 1.8 NoCommons]   | 
[869ae4f7-e922-4c39-9c5c-a06024b2d8d4/Java 1.8 NoCommons]   | Results :
[869ae4f7-e922-4c39-9c5c-a06024b2d8d4/Java 1.8 NoCommons]   | 
[869ae4f7-e922-4c39-9c5c-a06024b2d8d4/Java 1.8 NoCommons]   | Failed tests: 
[869ae4f7-e922-4c39-9c5c-a06024b2d8d4/Java 1.8 NoCommons]   |   getValidFodselsnummerForDate(no.bekk.bekkopen.person.FodselsnummerCalculatorTest)
[869ae4f7-e922-4c39-9c5c-a06024b2d8d4/Java 1.8 NoCommons]   |   testCalculateSecondChecksumDigit(no.bekk.bekkopen.person.FodselsnummerValidatorTest)
[869ae4f7-e922-4c39-9c5c-a06024b2d8d4/Java 1.8 NoCommons]   | 
[869ae4f7-e922-4c39-9c5c-a06024b2d8d4/Java 1.8 NoCommons]   | Tests run: 116, Failures: 2, Errors: 0, Skipped: 0
[869ae4f7-e922-4c39-9c5c-a06024b2d8d4/Java 1.8 NoCommons]   | 
[869ae4f7-e922-4c39-9c5c-a06024b2d8d4/Java 1.8 NoCommons]   | [INFO] ------------------------------------------------------------------------
[869ae4f7-e922-4c39-9c5c-a06024b2d8d4/Java 1.8 NoCommons]   | [INFO] BUILD FAILURE
[869ae4f7-e922-4c39-9c5c-a06024b2d8d4/Java 1.8 NoCommons]   | [INFO] ------------------------------------------------------------------------
[869ae4f7-e922-4c39-9c5c-a06024b2d8d4/Java 1.8 NoCommons]   | [INFO] Total time:  12.374 s
[869ae4f7-e922-4c39-9c5c-a06024b2d8d4/Java 1.8 NoCommons]   | [INFO] Finished at: 2023-07-12T05:00:55Z
[869ae4f7-e922-4c39-9c5c-a06024b2d8d4/Java 1.8 NoCommons]   | [INFO] ------------------------------------------------------------------------
[869ae4f7-e922-4c39-9c5c-a06024b2d8d4/Java 1.8 NoCommons]   | [ERROR] Failed to execute goal org.apache.maven.plugins:maven-surefire-plugin:2.6:test (default-test) on project nocommons: There are test failures.
[869ae4f7-e922-4c39-9c5c-a06024b2d8d4/Java 1.8 NoCommons]   | [ERROR] 
[869ae4f7-e922-4c39-9c5c-a06024b2d8d4/Java 1.8 NoCommons]   | [ERROR] Please refer to /tmp/6e71ad80-ac5f-4bbf-bcaa-cd0d0ceb5023/target/surefire-reports for the individual test results.
[869ae4f7-e922-4c39-9c5c-a06024b2d8d4/Java 1.8 NoCommons]   | [ERROR] -> [Help 1]
[869ae4f7-e922-4c39-9c5c-a06024b2d8d4/Java 1.8 NoCommons]   | [ERROR] 
[869ae4f7-e922-4c39-9c5c-a06024b2d8d4/Java 1.8 NoCommons]   | [ERROR] To see the full stack trace of the errors, re-run Maven with the -e switch.
[869ae4f7-e922-4c39-9c5c-a06024b2d8d4/Java 1.8 NoCommons]   | [ERROR] Re-run Maven using the -X switch to enable full debug logging.
[869ae4f7-e922-4c39-9c5c-a06024b2d8d4/Java 1.8 NoCommons]   | [ERROR] 
[869ae4f7-e922-4c39-9c5c-a06024b2d8d4/Java 1.8 NoCommons]   | [ERROR] For more information about the errors and possible solutions, please read the following articles:
[869ae4f7-e922-4c39-9c5c-a06024b2d8d4/Java 1.8 NoCommons]   | [ERROR] [Help 1] http://cwiki.apache.org/confluence/display/MAVEN/MojoFailureException
[869ae4f7-e922-4c39-9c5c-a06024b2d8d4/Java 1.8 NoCommons]   ‚ùå  Failure - Main Build with Maven
[869ae4f7-e922-4c39-9c5c-a06024b2d8d4/Java 1.8 NoCommons] exitcode '1': failure
[869ae4f7-e922-4c39-9c5c-a06024b2d8d4/Java 1.8 NoCommons] unable to get git ref: failed to identify reference (tag/branch) for the checked-out revision 'ca2f35da99f3437bb137f790fb557dcac8e0d35c'
[869ae4f7-e922-4c39-9c5c-a06024b2d8d4/Java 1.8 NoCommons] unable to get git ref: failed to identify reference (tag/branch) for the checked-out revision 'ca2f35da99f3437bb137f790fb557dcac8e0d35c'
[869ae4f7-e922-4c39-9c5c-a06024b2d8d4/Java 1.8 NoCommons] unable to get git ref: failed to identify reference (tag/branch) for the checked-out revision 'ca2f35da99f3437bb137f790fb557dcac8e0d35c'
[869ae4f7-e922-4c39-9c5c-a06024b2d8d4/Java 1.8 NoCommons] unable to get git ref: failed to identify reference (tag/branch) for the checked-out revision 'ca2f35da99f3437bb137f790fb557dcac8e0d35c'
[869ae4f7-e922-4c39-9c5c-a06024b2d8d4/Java 1.8 NoCommons] unable to get git ref: failed to identify reference (tag/branch) for the checked-out revision 'ca2f35da99f3437bb137f790fb557dcac8e0d35c'
[869ae4f7-e922-4c39-9c5c-a06024b2d8d4/Java 1.8 NoCommons] ‚≠ê Run Post Set up java
[869ae4f7-e922-4c39-9c5c-a06024b2d8d4/Java 1.8 NoCommons]   üê≥  docker exec cmd=[node /var/run/act/actions/actions-setup-java@v1/dist/cleanup/index.js] user= workdir=
[869ae4f7-e922-4c39-9c5c-a06024b2d8d4/Java 1.8 NoCommons]   ‚úÖ  Success - Post Set up java
[869ae4f7-e922-4c39-9c5c-a06024b2d8d4/Java 1.8 NoCommons] üèÅ  Job failed
[869ae4f7-e922-4c39-9c5c-a06024b2d8d4/Java 1.8 NoCommons] unable to get git ref: failed to identify reference (tag/branch) for the checked-out revision 'ca2f35da99f3437bb137f790fb557dcac8e0d35c'
