[28cf14d0-7b81-4087-ab60-082c632024fe/build] 🚀  Start image=gitbugactions:latest
[28cf14d0-7b81-4087-ab60-082c632024fe/build]   🐳  docker pull image=gitbugactions:latest platform= username= forcePull=false
[28cf14d0-7b81-4087-ab60-082c632024fe/build]   🐳  docker create image=gitbugactions:latest platform= entrypoint=["tail" "-f" "/dev/null"] cmd=[]
[28cf14d0-7b81-4087-ab60-082c632024fe/build]   🐳  docker run image=gitbugactions:latest platform= entrypoint=["tail" "-f" "/dev/null"] cmd=[]
[28cf14d0-7b81-4087-ab60-082c632024fe/build]   🐳  docker exec cmd=[chown -R 1012:1013 /tmp/83d7d23b-019f-4870-941a-76907a1cd58e] user=0 workdir=
[28cf14d0-7b81-4087-ab60-082c632024fe/build] unable to get git ref: failed to identify reference (tag/branch) for the checked-out revision '930eb5e91a40f00a6782e939606d6c1d397629e0'
[28cf14d0-7b81-4087-ab60-082c632024fe/build] unable to get git ref: failed to identify reference (tag/branch) for the checked-out revision '930eb5e91a40f00a6782e939606d6c1d397629e0'
[28cf14d0-7b81-4087-ab60-082c632024fe/build] unable to get git ref: failed to identify reference (tag/branch) for the checked-out revision '930eb5e91a40f00a6782e939606d6c1d397629e0'
[28cf14d0-7b81-4087-ab60-082c632024fe/build] unable to get git ref: failed to identify reference (tag/branch) for the checked-out revision '930eb5e91a40f00a6782e939606d6c1d397629e0'
[28cf14d0-7b81-4087-ab60-082c632024fe/build] 🧪  Matrix: map[java:8]
[28cf14d0-7b81-4087-ab60-082c632024fe/build] unable to get git ref: failed to identify reference (tag/branch) for the checked-out revision '930eb5e91a40f00a6782e939606d6c1d397629e0'
[28cf14d0-7b81-4087-ab60-082c632024fe/build] unable to get git ref: failed to identify reference (tag/branch) for the checked-out revision '930eb5e91a40f00a6782e939606d6c1d397629e0'
[28cf14d0-7b81-4087-ab60-082c632024fe/build] unable to get git ref: failed to identify reference (tag/branch) for the checked-out revision '930eb5e91a40f00a6782e939606d6c1d397629e0'
[28cf14d0-7b81-4087-ab60-082c632024fe/build] unable to get git ref: failed to identify reference (tag/branch) for the checked-out revision '930eb5e91a40f00a6782e939606d6c1d397629e0'
[28cf14d0-7b81-4087-ab60-082c632024fe/build] unable to get git ref: failed to identify reference (tag/branch) for the checked-out revision '930eb5e91a40f00a6782e939606d6c1d397629e0'
[28cf14d0-7b81-4087-ab60-082c632024fe/build] unable to get git ref: failed to identify reference (tag/branch) for the checked-out revision '930eb5e91a40f00a6782e939606d6c1d397629e0'
[28cf14d0-7b81-4087-ab60-082c632024fe/build] ⭐ Run Main actions/checkout@v2
[28cf14d0-7b81-4087-ab60-082c632024fe/build] unable to get git ref: failed to identify reference (tag/branch) for the checked-out revision '930eb5e91a40f00a6782e939606d6c1d397629e0'
[28cf14d0-7b81-4087-ab60-082c632024fe/build] unable to get git ref: failed to identify reference (tag/branch) for the checked-out revision '930eb5e91a40f00a6782e939606d6c1d397629e0'
[28cf14d0-7b81-4087-ab60-082c632024fe/build]   🐳  docker cp src=/tmp/83d7d23b-019f-4870-941a-76907a1cd58e/. dst=/tmp/83d7d23b-019f-4870-941a-76907a1cd58e
[28cf14d0-7b81-4087-ab60-082c632024fe/build]   🐳  docker exec cmd=[chown -R 1012:1013 /tmp/83d7d23b-019f-4870-941a-76907a1cd58e] user=0 workdir=
[28cf14d0-7b81-4087-ab60-082c632024fe/build]   ✅  Success - Main actions/checkout@v2
[28cf14d0-7b81-4087-ab60-082c632024fe/build] unable to get git ref: failed to identify reference (tag/branch) for the checked-out revision '930eb5e91a40f00a6782e939606d6c1d397629e0'
[28cf14d0-7b81-4087-ab60-082c632024fe/build] unable to get git ref: failed to identify reference (tag/branch) for the checked-out revision '930eb5e91a40f00a6782e939606d6c1d397629e0'
[28cf14d0-7b81-4087-ab60-082c632024fe/build] unable to get git ref: failed to identify reference (tag/branch) for the checked-out revision '930eb5e91a40f00a6782e939606d6c1d397629e0'
[28cf14d0-7b81-4087-ab60-082c632024fe/build] unable to get git ref: failed to identify reference (tag/branch) for the checked-out revision '930eb5e91a40f00a6782e939606d6c1d397629e0'
[28cf14d0-7b81-4087-ab60-082c632024fe/build] unable to get git ref: failed to identify reference (tag/branch) for the checked-out revision '930eb5e91a40f00a6782e939606d6c1d397629e0'
[28cf14d0-7b81-4087-ab60-082c632024fe/build] ⭐ Run Main Set up JDK 8
[28cf14d0-7b81-4087-ab60-082c632024fe/build] unable to get git ref: failed to identify reference (tag/branch) for the checked-out revision '930eb5e91a40f00a6782e939606d6c1d397629e0'
[28cf14d0-7b81-4087-ab60-082c632024fe/build] unable to get git ref: failed to identify reference (tag/branch) for the checked-out revision '930eb5e91a40f00a6782e939606d6c1d397629e0'
[28cf14d0-7b81-4087-ab60-082c632024fe/build] unable to get git ref: failed to identify reference (tag/branch) for the checked-out revision '930eb5e91a40f00a6782e939606d6c1d397629e0'
[28cf14d0-7b81-4087-ab60-082c632024fe/build]   🐳  docker cp src=/tmp/act-cache/279a65d3-a090-4e2c-aa88-00b40ef5dc4d/act/actions-setup-java@v2/ dst=/var/run/act/actions/actions-setup-java@v2/
[28cf14d0-7b81-4087-ab60-082c632024fe/build]   🐳  docker exec cmd=[chown -R 1012:1013 /var/run/act/actions/actions-setup-java@v2/] user=0 workdir=
[28cf14d0-7b81-4087-ab60-082c632024fe/build]   🐳  docker exec cmd=[node /var/run/act/actions/actions-setup-java@v2/dist/setup/index.js] user= workdir=
[28cf14d0-7b81-4087-ab60-082c632024fe/build]   | Trying to resolve the latest version from remote
[28cf14d0-7b81-4087-ab60-082c632024fe/build]   | Resolved latest version as 8.0.392+8
[28cf14d0-7b81-4087-ab60-082c632024fe/build]   | Trying to download...
[28cf14d0-7b81-4087-ab60-082c632024fe/build]   | Downloading Java 8.0.392+8 (Adopt-Hotspot) from https://github.com/adoptium/temurin8-binaries/releases/download/jdk8u392-b08/OpenJDK8U-jdk_x64_linux_hotspot_8u392b08.tar.gz ...
[28cf14d0-7b81-4087-ab60-082c632024fe/build]   💬  ::debug::Downloading https://github.com/adoptium/temurin8-binaries/releases/download/jdk8u392-b08/OpenJDK8U-jdk_x64_linux_hotspot_8u392b08.tar.gz
[28cf14d0-7b81-4087-ab60-082c632024fe/build]   💬  ::debug::Destination /tmp/f03cebad-f239-4b1d-9d20-bc36244a9d19
[28cf14d0-7b81-4087-ab60-082c632024fe/build]   💬  ::debug::download complete
[28cf14d0-7b81-4087-ab60-082c632024fe/build]   | Extracting Java archive...
[28cf14d0-7b81-4087-ab60-082c632024fe/build]   💬  ::debug::Checking tar --version
[28cf14d0-7b81-4087-ab60-082c632024fe/build]   💬  ::debug::tar (GNU tar) 1.34%0ACopyright (C) 2021 Free Software Foundation, Inc.%0ALicense GPLv3+: GNU GPL version 3 or later <https://gnu.org/licenses/gpl.html>.%0AThis is free software: you are free to change and redistribute it.%0AThere is NO WARRANTY, to the extent permitted by law.%0A%0AWritten by John Gilmore and Jay Fenlason.
[28cf14d0-7b81-4087-ab60-082c632024fe/build]   | [command]/usr/bin/tar xz --warning=no-unknown-keyword -C /tmp/b1af6bcf-4b42-4ec0-9c20-ba7ec7785569 -f /tmp/f03cebad-f239-4b1d-9d20-bc36244a9d19
[28cf14d0-7b81-4087-ab60-082c632024fe/build]   💬  ::debug::Caching tool Java_Adopt_jdk 8.0.392-8 x64
[28cf14d0-7b81-4087-ab60-082c632024fe/build]   💬  ::debug::source dir: /tmp/b1af6bcf-4b42-4ec0-9c20-ba7ec7785569/jdk8u392-b08
[28cf14d0-7b81-4087-ab60-082c632024fe/build]   💬  ::debug::destination /opt/hostedtoolcache/Java_Adopt_jdk/8.0.392-8/x64
[28cf14d0-7b81-4087-ab60-082c632024fe/build]   💬  ::debug::finished caching tool
[28cf14d0-7b81-4087-ab60-082c632024fe/build]   | Java 8.0.392+8 was downloaded
[28cf14d0-7b81-4087-ab60-082c632024fe/build]   | Setting Java 8.0.392+8 as the default
[28cf14d0-7b81-4087-ab60-082c632024fe/build]   | 
[28cf14d0-7b81-4087-ab60-082c632024fe/build]   | Java configuration:
[28cf14d0-7b81-4087-ab60-082c632024fe/build]   |   Distribution: adopt
[28cf14d0-7b81-4087-ab60-082c632024fe/build]   |   Version: 8.0.392+8
[28cf14d0-7b81-4087-ab60-082c632024fe/build]   |   Path: /opt/hostedtoolcache/Java_Adopt_jdk/8.0.392-8/x64
[28cf14d0-7b81-4087-ab60-082c632024fe/build]   | 
[28cf14d0-7b81-4087-ab60-082c632024fe/build]   ❓ add-matcher /run/act/actions/actions-setup-java@v2/.github/java.json
[28cf14d0-7b81-4087-ab60-082c632024fe/build]   | Creating settings.xml with server-id: github
[28cf14d0-7b81-4087-ab60-082c632024fe/build]   | Writing to /home/runner/.m2/settings.xml
[28cf14d0-7b81-4087-ab60-082c632024fe/build]   ✅  Success - Main Set up JDK 8
[28cf14d0-7b81-4087-ab60-082c632024fe/build]   ⚙  ::set-env:: JAVA_HOME=/opt/hostedtoolcache/Java_Adopt_jdk/8.0.392-8/x64
[28cf14d0-7b81-4087-ab60-082c632024fe/build]   ⚙  ::set-output:: distribution=Adopt-Hotspot
[28cf14d0-7b81-4087-ab60-082c632024fe/build]   ⚙  ::set-output:: path=/opt/hostedtoolcache/Java_Adopt_jdk/8.0.392-8/x64
[28cf14d0-7b81-4087-ab60-082c632024fe/build]   ⚙  ::set-output:: version=8.0.392+8
[28cf14d0-7b81-4087-ab60-082c632024fe/build]   ⚙  ::add-path:: /opt/hostedtoolcache/Java_Adopt_jdk/8.0.392-8/x64/bin
[28cf14d0-7b81-4087-ab60-082c632024fe/build] unable to get git ref: failed to identify reference (tag/branch) for the checked-out revision '930eb5e91a40f00a6782e939606d6c1d397629e0'
[28cf14d0-7b81-4087-ab60-082c632024fe/build] unable to get git ref: failed to identify reference (tag/branch) for the checked-out revision '930eb5e91a40f00a6782e939606d6c1d397629e0'
[28cf14d0-7b81-4087-ab60-082c632024fe/build] unable to get git ref: failed to identify reference (tag/branch) for the checked-out revision '930eb5e91a40f00a6782e939606d6c1d397629e0'
[28cf14d0-7b81-4087-ab60-082c632024fe/build] unable to get git ref: failed to identify reference (tag/branch) for the checked-out revision '930eb5e91a40f00a6782e939606d6c1d397629e0'
[28cf14d0-7b81-4087-ab60-082c632024fe/build] unable to get git ref: failed to identify reference (tag/branch) for the checked-out revision '930eb5e91a40f00a6782e939606d6c1d397629e0'
[28cf14d0-7b81-4087-ab60-082c632024fe/build] ⭐ Run Main Build with Maven
[28cf14d0-7b81-4087-ab60-082c632024fe/build] unable to get git ref: failed to identify reference (tag/branch) for the checked-out revision '930eb5e91a40f00a6782e939606d6c1d397629e0'
[28cf14d0-7b81-4087-ab60-082c632024fe/build] unable to get git ref: failed to identify reference (tag/branch) for the checked-out revision '930eb5e91a40f00a6782e939606d6c1d397629e0'
[28cf14d0-7b81-4087-ab60-082c632024fe/build] unable to get git ref: failed to identify reference (tag/branch) for the checked-out revision '930eb5e91a40f00a6782e939606d6c1d397629e0'
[28cf14d0-7b81-4087-ab60-082c632024fe/build] unable to get git ref: failed to identify reference (tag/branch) for the checked-out revision '930eb5e91a40f00a6782e939606d6c1d397629e0'
[28cf14d0-7b81-4087-ab60-082c632024fe/build]   🐳  docker exec cmd=[bash --noprofile --norc -e -o pipefail /var/run/act/workflow/2] user= workdir=
[28cf14d0-7b81-4087-ab60-082c632024fe/build]   | [INFO] Scanning for projects...
[28cf14d0-7b81-4087-ab60-082c632024fe/build]   | [INFO] Downloading from central: https://repo.maven.apache.org/maven2/com/github/davidmoten/sonatype-parent/0.1/sonatype-parent-0.1.pom
[28cf14d0-7b81-4087-ab60-082c632024fe/build]   | [INFO] Downloaded from central: https://repo.maven.apache.org/maven2/com/github/davidmoten/sonatype-parent/0.1/sonatype-parent-0.1.pom (4.0 kB at 2.9 kB/s)
[28cf14d0-7b81-4087-ab60-082c632024fe/build]   | [INFO] Downloading from central: https://repo.maven.apache.org/maven2/org/sonatype/plugins/nexus-staging-maven-plugin/1.6.5/nexus-staging-maven-plugin-1.6.5.pom
[28cf14d0-7b81-4087-ab60-082c632024fe/build]   | [INFO] Downloaded from central: https://repo.maven.apache.org/maven2/org/sonatype/plugins/nexus-staging-maven-plugin/1.6.5/nexus-staging-maven-plugin-1.6.5.pom (12 kB at 166 kB/s)
[28cf14d0-7b81-4087-ab60-082c632024fe/build]   | [INFO] Downloading from central: https://repo.maven.apache.org/maven2/org/sonatype/nexus/maven/nexus-staging/1.6.5/nexus-staging-1.6.5.pom
[28cf14d0-7b81-4087-ab60-082c632024fe/build]   | [INFO] Downloaded from central: https://repo.maven.apache.org/maven2/org/sonatype/nexus/maven/nexus-staging/1.6.5/nexus-staging-1.6.5.pom (2.8 kB at 92 kB/s)
[28cf14d0-7b81-4087-ab60-082c632024fe/build]   | [INFO] Downloading from central: https://repo.maven.apache.org/maven2/org/sonatype/nexus/maven/nexus-maven-plugins/1.6.5/nexus-maven-plugins-1.6.5.pom
[28cf14d0-7b81-4087-ab60-082c632024fe/build]   | [INFO] Downloaded from central: https://repo.maven.apache.org/maven2/org/sonatype/nexus/maven/nexus-maven-plugins/1.6.5/nexus-maven-plugins-1.6.5.pom (18 kB at 266 kB/s)
[28cf14d0-7b81-4087-ab60-082c632024fe/build]   | [INFO] Downloading from central: https://repo.maven.apache.org/maven2/org/sonatype/buildsupport/public-parent/6/public-parent-6.pom
[28cf14d0-7b81-4087-ab60-082c632024fe/build]   | [INFO] Downloaded from central: https://repo.maven.apache.org/maven2/org/sonatype/buildsupport/public-parent/6/public-parent-6.pom (760 B at 32 kB/s)
[28cf14d0-7b81-4087-ab60-082c632024fe/build]   | [INFO] Downloading from central: https://repo.maven.apache.org/maven2/org/sonatype/buildsupport/buildsupport/6/buildsupport-6.pom
[28cf14d0-7b81-4087-ab60-082c632024fe/build]   | [INFO] Downloaded from central: https://repo.maven.apache.org/maven2/org/sonatype/buildsupport/buildsupport/6/buildsupport-6.pom (23 kB at 418 kB/s)
[28cf14d0-7b81-4087-ab60-082c632024fe/build]   | [INFO] Downloading from central: https://repo.maven.apache.org/maven2/org/sonatype/nexus/maven/nexus-common/1.6.5/nexus-common-1.6.5.pom
[28cf14d0-7b81-4087-ab60-082c632024fe/build]   | [INFO] Downloaded from central: https://repo.maven.apache.org/maven2/org/sonatype/nexus/maven/nexus-common/1.6.5/nexus-common-1.6.5.pom (2.2 kB at 148 kB/s)
[28cf14d0-7b81-4087-ab60-082c632024fe/build]   | [INFO] Downloading from central: https://repo.maven.apache.org/maven2/org/sonatype/plexus/plexus-sec-dispatcher/1.4/plexus-sec-dispatcher-1.4.pom
[28cf14d0-7b81-4087-ab60-082c632024fe/build]   | [INFO] Downloaded from central: https://repo.maven.apache.org/maven2/org/sonatype/plexus/plexus-sec-dispatcher/1.4/plexus-sec-dispatcher-1.4.pom (3.0 kB at 185 kB/s)
[28cf14d0-7b81-4087-ab60-082c632024fe/build]   | [INFO] Downloading from central: https://repo.maven.apache.org/maven2/org/sonatype/spice/spice-parent/12/spice-parent-12.pom
[28cf14d0-7b81-4087-ab60-082c632024fe/build]   | [INFO] Downloaded from central: https://repo.maven.apache.org/maven2/org/sonatype/spice/spice-parent/12/spice-parent-12.pom (6.8 kB at 252 kB/s)
[28cf14d0-7b81-4087-ab60-082c632024fe/build]   | [INFO] Downloading from central: https://repo.maven.apache.org/maven2/org/sonatype/forge/forge-parent/4/forge-parent-4.pom
[28cf14d0-7b81-4087-ab60-082c632024fe/build]   | [INFO] Downloaded from central: https://repo.maven.apache.org/maven2/org/sonatype/forge/forge-parent/4/forge-parent-4.pom (8.4 kB at 1.0 MB/s)
[28cf14d0-7b81-4087-ab60-082c632024fe/build]   | [INFO] Downloading from central: https://repo.maven.apache.org/maven2/org/sonatype/plexus/plexus-cipher/1.7/plexus-cipher-1.7.pom
[28cf14d0-7b81-4087-ab60-082c632024fe/build]   | [INFO] Downloaded from central: https://repo.maven.apache.org/maven2/org/sonatype/plexus/plexus-cipher/1.7/plexus-cipher-1.7.pom (4.2 kB at 418 kB/s)
[28cf14d0-7b81-4087-ab60-082c632024fe/build]   | [INFO] Downloading from central: https://repo.maven.apache.org/maven2/org/sonatype/spice/spice-parent/15/spice-parent-15.pom
[28cf14d0-7b81-4087-ab60-082c632024fe/build]   | [INFO] Downloaded from central: https://repo.maven.apache.org/maven2/org/sonatype/spice/spice-parent/15/spice-parent-15.pom (8.4 kB at 929 kB/s)
[28cf14d0-7b81-4087-ab60-082c632024fe/build]   | [INFO] Downloading from central: https://repo.maven.apache.org/maven2/org/sonatype/forge/forge-parent/5/forge-parent-5.pom
[28cf14d0-7b81-4087-ab60-082c632024fe/build]   | [INFO] Downloaded from central: https://repo.maven.apache.org/maven2/org/sonatype/forge/forge-parent/5/forge-parent-5.pom (8.4 kB at 1.2 MB/s)
[28cf14d0-7b81-4087-ab60-082c632024fe/build]   | [INFO] Downloading from central: https://repo.maven.apache.org/maven2/com/google/guava/guava/14.0.1/guava-14.0.1.pom
[28cf14d0-7b81-4087-ab60-082c632024fe/build]   | [INFO] Downloaded from central: https://repo.maven.apache.org/maven2/com/google/guava/guava/14.0.1/guava-14.0.1.pom (5.4 kB at 316 kB/s)
[28cf14d0-7b81-4087-ab60-082c632024fe/build]   | [INFO] Downloading from central: https://repo.maven.apache.org/maven2/com/google/guava/guava-parent/14.0.1/guava-parent-14.0.1.pom
[28cf14d0-7b81-4087-ab60-082c632024fe/build]   | [INFO] Downloaded from central: https://repo.maven.apache.org/maven2/com/google/guava/guava-parent/14.0.1/guava-parent-14.0.1.pom (2.6 kB at 122 kB/s)
[28cf14d0-7b81-4087-ab60-082c632024fe/build]   | [INFO] Downloading from central: https://repo.maven.apache.org/maven2/org/sonatype/oss/oss-parent/7/oss-parent-7.pom
[28cf14d0-7b81-4087-ab60-082c632024fe/build]   | [INFO] Downloaded from central: https://repo.maven.apache.org/maven2/org/sonatype/oss/oss-parent/7/oss-parent-7.pom (4.8 kB at 482 kB/s)
[28cf14d0-7b81-4087-ab60-082c632024fe/build]   | [INFO] Downloading from central: https://repo.maven.apache.org/maven2/org/sonatype/nexus/nexus-client-core/2.9.1-02/nexus-client-core-2.9.1-02.pom
[28cf14d0-7b81-4087-ab60-082c632024fe/build]   | [INFO] Downloaded from central: https://repo.maven.apache.org/maven2/org/sonatype/nexus/nexus-client-core/2.9.1-02/nexus-client-core-2.9.1-02.pom (4.9 kB at 224 kB/s)
[28cf14d0-7b81-4087-ab60-082c632024fe/build]   | [INFO] Downloading from central: https://repo.maven.apache.org/maven2/org/sonatype/nexus/nexus-components/2.9.1-02/nexus-components-2.9.1-02.pom
[28cf14d0-7b81-4087-ab60-082c632024fe/build]   | [INFO] Downloaded from central: https://repo.maven.apache.org/maven2/org/sonatype/nexus/nexus-components/2.9.1-02/nexus-components-2.9.1-02.pom (2.6 kB at 235 kB/s)
[28cf14d0-7b81-4087-ab60-082c632024fe/build]   | [INFO] Downloading from central: https://repo.maven.apache.org/maven2/org/sonatype/nexus/nexus-oss/2.9.1-02/nexus-oss-2.9.1-02.pom
[28cf14d0-7b81-4087-ab60-082c632024fe/build]   | [INFO] Downloaded from central: https://repo.maven.apache.org/maven2/org/sonatype/nexus/nexus-oss/2.9.1-02/nexus-oss-2.9.1-02.pom (37 kB at 2.8 MB/s)
[28cf14d0-7b81-4087-ab60-082c632024fe/build]   | [INFO] Downloading from central: https://repo.maven.apache.org/maven2/org/sonatype/nexus/buildsupport/nexus-buildsupport-all/2.9.1-02/nexus-buildsupport-all-2.9.1-02.pom
[28cf14d0-7b81-4087-ab60-082c632024fe/build]   | [INFO] Downloaded from central: https://repo.maven.apache.org/maven2/org/sonatype/nexus/buildsupport/nexus-buildsupport-all/2.9.1-02/nexus-buildsupport-all-2.9.1-02.pom (5.7 kB at 237 kB/s)
[28cf14d0-7b81-4087-ab60-082c632024fe/build]   | [INFO] Downloading from central: https://repo.maven.apache.org/maven2/org/sonatype/nexus/buildsupport/nexus-buildsupport/2.9.1-02/nexus-buildsupport-2.9.1-02.pom
[28cf14d0-7b81-4087-ab60-082c632024fe/build]   | [INFO] Downloaded from central: https://repo.maven.apache.org/maven2/org/sonatype/nexus/buildsupport/nexus-buildsupport/2.9.1-02/nexus-buildsupport-2.9.1-02.pom (2.0 kB at 90 kB/s)
[28cf14d0-7b81-4087-ab60-082c632024fe/build]   | [INFO] Downloading from rso-public-grid: https://repository.sonatype.org/content/groups/sonatype-public-grid/org/sonatype/nexus/buildsupport/nexus-buildsupport-commons/2.9.1-02/nexus-buildsupport-commons-2.9.1-02.pom
[28cf14d0-7b81-4087-ab60-082c632024fe/build]   | [INFO] Downloaded from rso-public-grid: https://repository.sonatype.org/content/groups/sonatype-public-grid/org/sonatype/nexus/buildsupport/nexus-buildsupport-commons/2.9.1-02/nexus-buildsupport-commons-2.9.1-02.pom (3.0 kB at 4.4 kB/s)
[28cf14d0-7b81-4087-ab60-082c632024fe/build]   | [INFO] Downloading from rso-public-grid: https://repository.sonatype.org/content/groups/sonatype-public-grid/org/sonatype/nexus/buildsupport/nexus-buildsupport-db/2.9.1-02/nexus-buildsupport-db-2.9.1-02.pom
[28cf14d0-7b81-4087-ab60-082c632024fe/build]   | [INFO] Downloaded from rso-public-grid: https://repository.sonatype.org/content/groups/sonatype-public-grid/org/sonatype/nexus/buildsupport/nexus-buildsupport-db/2.9.1-02/nexus-buildsupport-db-2.9.1-02.pom (2.0 kB at 7.4 kB/s)
[28cf14d0-7b81-4087-ab60-082c632024fe/build]   | [INFO] Downloading from rso-public-grid: https://repository.sonatype.org/content/groups/sonatype-public-grid/org/sonatype/nexus/buildsupport/nexus-buildsupport-httpclient/2.9.1-02/nexus-buildsupport-httpclient-2.9.1-02.pom
[28cf14d0-7b81-4087-ab60-082c632024fe/build]   | [INFO] Downloaded from rso-public-grid: https://repository.sonatype.org/content/groups/sonatype-public-grid/org/sonatype/nexus/buildsupport/nexus-buildsupport-httpclient/2.9.1-02/nexus-buildsupport-httpclient-2.9.1-02.pom (2.1 kB at 7.1 kB/s)
[28cf14d0-7b81-4087-ab60-082c632024fe/build]   | [INFO] Downloading from rso-public-grid: https://repository.sonatype.org/content/groups/sonatype-public-grid/org/sonatype/nexus/buildsupport/nexus-buildsupport-maven/2.9.1-02/nexus-buildsupport-maven-2.9.1-02.pom
[28cf14d0-7b81-4087-ab60-082c632024fe/build]   | [INFO] Downloaded from rso-public-grid: https://repository.sonatype.org/content/groups/sonatype-public-grid/org/sonatype/nexus/buildsupport/nexus-buildsupport-maven/2.9.1-02/nexus-buildsupport-maven-2.9.1-02.pom (6.2 kB at 24 kB/s)
[28cf14d0-7b81-4087-ab60-082c632024fe/build]   | [INFO] Downloading from rso-public-grid: https://repository.sonatype.org/content/groups/sonatype-public-grid/org/sonatype/nexus/buildsupport/nexus-buildsupport-shiro/2.9.1-02/nexus-buildsupport-shiro-2.9.1-02.pom
[28cf14d0-7b81-4087-ab60-082c632024fe/build]   | [INFO] Downloaded from rso-public-grid: https://repository.sonatype.org/content/groups/sonatype-public-grid/org/sonatype/nexus/buildsupport/nexus-buildsupport-shiro/2.9.1-02/nexus-buildsupport-shiro-2.9.1-02.pom (3.4 kB at 11 kB/s)
[28cf14d0-7b81-4087-ab60-082c632024fe/build]   | [INFO] Downloading from rso-public-grid: https://repository.sonatype.org/content/groups/sonatype-public-grid/org/sonatype/nexus/buildsupport/nexus-buildsupport-bouncycastle/2.9.1-02/nexus-buildsupport-bouncycastle-2.9.1-02.pom
[28cf14d0-7b81-4087-ab60-082c632024fe/build]   | [INFO] Downloaded from rso-public-grid: https://repository.sonatype.org/content/groups/sonatype-public-grid/org/sonatype/nexus/buildsupport/nexus-buildsupport-bouncycastle/2.9.1-02/nexus-buildsupport-bouncycastle-2.9.1-02.pom (2.1 kB at 7.3 kB/s)
[28cf14d0-7b81-4087-ab60-082c632024fe/build]   | [INFO] Downloading from rso-public-grid: https://repository.sonatype.org/content/groups/sonatype-public-grid/org/sonatype/nexus/buildsupport/nexus-buildsupport-jetty/2.9.1-02/nexus-buildsupport-jetty-2.9.1-02.pom
[28cf14d0-7b81-4087-ab60-082c632024fe/build]   | [INFO] Downloaded from rso-public-grid: https://repository.sonatype.org/content/groups/sonatype-public-grid/org/sonatype/nexus/buildsupport/nexus-buildsupport-jetty/2.9.1-02/nexus-buildsupport-jetty-2.9.1-02.pom (4.5 kB at 17 kB/s)
[28cf14d0-7b81-4087-ab60-082c632024fe/build]   | [INFO] Downloading from rso-public-grid: https://repository.sonatype.org/content/groups/sonatype-public-grid/org/sonatype/nexus/buildsupport/nexus-buildsupport-goodies/2.9.1-02/nexus-buildsupport-goodies-2.9.1-02.pom
[28cf14d0-7b81-4087-ab60-082c632024fe/build]   | [INFO] Downloaded from rso-public-grid: https://repository.sonatype.org/content/groups/sonatype-public-grid/org/sonatype/nexus/buildsupport/nexus-buildsupport-goodies/2.9.1-02/nexus-buildsupport-goodies-2.9.1-02.pom (3.6 kB at 13 kB/s)
[28cf14d0-7b81-4087-ab60-082c632024fe/build]   | [INFO] Downloading from rso-public-grid: https://repository.sonatype.org/content/groups/sonatype-public-grid/org/sonatype/nexus/buildsupport/nexus-buildsupport-groovy/2.9.1-02/nexus-buildsupport-groovy-2.9.1-02.pom
[28cf14d0-7b81-4087-ab60-082c632024fe/build]   | [INFO] Downloaded from rso-public-grid: https://repository.sonatype.org/content/groups/sonatype-public-grid/org/sonatype/nexus/buildsupport/nexus-buildsupport-groovy/2.9.1-02/nexus-buildsupport-groovy-2.9.1-02.pom (2.6 kB at 10.0 kB/s)
[28cf14d0-7b81-4087-ab60-082c632024fe/build]   | [INFO] Downloading from rso-public-grid: https://repository.sonatype.org/content/groups/sonatype-public-grid/org/sonatype/nexus/buildsupport/nexus-buildsupport-guice/2.9.1-02/nexus-buildsupport-guice-2.9.1-02.pom
[28cf14d0-7b81-4087-ab60-082c632024fe/build]   | [INFO] Downloaded from rso-public-grid: https://repository.sonatype.org/content/groups/sonatype-public-grid/org/sonatype/nexus/buildsupport/nexus-buildsupport-guice/2.9.1-02/nexus-buildsupport-guice-2.9.1-02.pom (3.6 kB at 13 kB/s)
[28cf14d0-7b81-4087-ab60-082c632024fe/build]   | [INFO] Downloading from rso-public-grid: https://repository.sonatype.org/content/groups/sonatype-public-grid/org/sonatype/nexus/buildsupport/nexus-buildsupport-logging/2.9.1-02/nexus-buildsupport-logging-2.9.1-02.pom
[28cf14d0-7b81-4087-ab60-082c632024fe/build]   | [INFO] Downloaded from rso-public-grid: https://repository.sonatype.org/content/groups/sonatype-public-grid/org/sonatype/nexus/buildsupport/nexus-buildsupport-logging/2.9.1-02/nexus-buildsupport-logging-2.9.1-02.pom (3.3 kB at 12 kB/s)
[28cf14d0-7b81-4087-ab60-082c632024fe/build]   | [INFO] Downloading from rso-public-grid: https://repository.sonatype.org/content/groups/sonatype-public-grid/org/sonatype/nexus/buildsupport/nexus-buildsupport-osgi/2.9.1-02/nexus-buildsupport-osgi-2.9.1-02.pom
[28cf14d0-7b81-4087-ab60-082c632024fe/build]   | [INFO] Downloaded from rso-public-grid: https://repository.sonatype.org/content/groups/sonatype-public-grid/org/sonatype/nexus/buildsupport/nexus-buildsupport-osgi/2.9.1-02/nexus-buildsupport-osgi-2.9.1-02.pom (2.0 kB at 7.6 kB/s)
[28cf14d0-7b81-4087-ab60-082c632024fe/build]   | [INFO] Downloading from rso-public-grid: https://repository.sonatype.org/content/groups/sonatype-public-grid/org/sonatype/nexus/buildsupport/nexus-buildsupport-other/2.9.1-02/nexus-buildsupport-other-2.9.1-02.pom
[28cf14d0-7b81-4087-ab60-082c632024fe/build]   | [INFO] Downloaded from rso-public-grid: https://repository.sonatype.org/content/groups/sonatype-public-grid/org/sonatype/nexus/buildsupport/nexus-buildsupport-other/2.9.1-02/nexus-buildsupport-other-2.9.1-02.pom (4.2 kB at 16 kB/s)
[28cf14d0-7b81-4087-ab60-082c632024fe/build]   | [INFO] Downloading from rso-public-grid: https://repository.sonatype.org/content/groups/sonatype-public-grid/org/sonatype/nexus/buildsupport/nexus-buildsupport-plexus/2.9.1-02/nexus-buildsupport-plexus-2.9.1-02.pom
[28cf14d0-7b81-4087-ab60-082c632024fe/build]   | [INFO] Downloaded from rso-public-grid: https://repository.sonatype.org/content/groups/sonatype-public-grid/org/sonatype/nexus/buildsupport/nexus-buildsupport-plexus/2.9.1-02/nexus-buildsupport-plexus-2.9.1-02.pom (4.3 kB at 16 kB/s)
[28cf14d0-7b81-4087-ab60-082c632024fe/build]   | [INFO] Downloading from rso-public-grid: https://repository.sonatype.org/content/groups/sonatype-public-grid/org/sonatype/nexus/buildsupport/nexus-buildsupport-rest/2.9.1-02/nexus-buildsupport-rest-2.9.1-02.pom
[28cf14d0-7b81-4087-ab60-082c632024fe/build]   | [INFO] Downloaded from rso-public-grid: https://repository.sonatype.org/content/groups/sonatype-public-grid/org/sonatype/nexus/buildsupport/nexus-buildsupport-rest/2.9.1-02/nexus-buildsupport-rest-2.9.1-02.pom (4.5 kB at 17 kB/s)
[28cf14d0-7b81-4087-ab60-082c632024fe/build]   | [INFO] Downloading from rso-public-grid: https://repository.sonatype.org/content/groups/sonatype-public-grid/org/sonatype/nexus/buildsupport/nexus-buildsupport-testing/2.9.1-02/nexus-buildsupport-testing-2.9.1-02.pom
[28cf14d0-7b81-4087-ab60-082c632024fe/build]   | [INFO] Downloaded from rso-public-grid: https://repository.sonatype.org/content/groups/sonatype-public-grid/org/sonatype/nexus/buildsupport/nexus-buildsupport-testing/2.9.1-02/nexus-buildsupport-testing-2.9.1-02.pom (4.7 kB at 17 kB/s)
[28cf14d0-7b81-4087-ab60-082c632024fe/build]   | [INFO] Downloading from rso-public-grid: https://repository.sonatype.org/content/groups/sonatype-public-grid/org/sonatype/nexus/buildsupport/nexus-buildsupport-metrics/2.9.1-02/nexus-buildsupport-metrics-2.9.1-02.pom
[28cf14d0-7b81-4087-ab60-082c632024fe/build]   | [INFO] Downloaded from rso-public-grid: https://repository.sonatype.org/content/groups/sonatype-public-grid/org/sonatype/nexus/buildsupport/nexus-buildsupport-metrics/2.9.1-02/nexus-buildsupport-metrics-2.9.1-02.pom (3.0 kB at 11 kB/s)
[28cf14d0-7b81-4087-ab60-082c632024fe/build]   | [INFO] Downloading from central: https://repo.maven.apache.org/maven2/org/sonatype/nexus/plugins/nexus-restlet1x-model/2.9.1-02/nexus-restlet1x-model-2.9.1-02.pom
[28cf14d0-7b81-4087-ab60-082c632024fe/build]   | [INFO] Downloaded from central: https://repo.maven.apache.org/maven2/org/sonatype/nexus/plugins/nexus-restlet1x-model/2.9.1-02/nexus-restlet1x-model-2.9.1-02.pom (3.5 kB at 207 kB/s)
[28cf14d0-7b81-4087-ab60-082c632024fe/build]   | [INFO] Downloading from central: https://repo.maven.apache.org/maven2/org/sonatype/nexus/plugins/nexus-plugins-restlet1x/2.9.1-02/nexus-plugins-restlet1x-2.9.1-02.pom
[28cf14d0-7b81-4087-ab60-082c632024fe/build]   | [INFO] Downloaded from central: https://repo.maven.apache.org/maven2/org/sonatype/nexus/plugins/nexus-plugins-restlet1x/2.9.1-02/nexus-plugins-restlet1x-2.9.1-02.pom (6.0 kB at 667 kB/s)
[28cf14d0-7b81-4087-ab60-082c632024fe/build]   | [INFO] Downloading from central: https://repo.maven.apache.org/maven2/org/sonatype/nexus/plugins/nexus-plugins/2.9.1-02/nexus-plugins-2.9.1-02.pom
[28cf14d0-7b81-4087-ab60-082c632024fe/build]   | [INFO] Downloaded from central: https://repo.maven.apache.org/maven2/org/sonatype/nexus/plugins/nexus-plugins/2.9.1-02/nexus-plugins-2.9.1-02.pom (27 kB at 2.7 MB/s)
[28cf14d0-7b81-4087-ab60-082c632024fe/build]   | [INFO] Downloading from central: https://repo.maven.apache.org/maven2/org/apache/maven/maven-model/3.0.4/maven-model-3.0.4.pom
[28cf14d0-7b81-4087-ab60-082c632024fe/build]   | [INFO] Downloaded from central: https://repo.maven.apache.org/maven2/org/apache/maven/maven-model/3.0.4/maven-model-3.0.4.pom (3.8 kB at 543 kB/s)
[28cf14d0-7b81-4087-ab60-082c632024fe/build]   | [INFO] Downloading from central: https://repo.maven.apache.org/maven2/org/apache/maven/maven/3.0.4/maven-3.0.4.pom
[28cf14d0-7b81-4087-ab60-082c632024fe/build]   | [INFO] Downloaded from central: https://repo.maven.apache.org/maven2/org/apache/maven/maven/3.0.4/maven-3.0.4.pom (22 kB at 2.7 MB/s)
[28cf14d0-7b81-4087-ab60-082c632024fe/build]   | [INFO] Downloading from central: https://repo.maven.apache.org/maven2/org/apache/maven/maven-parent/21/maven-parent-21.pom
[28cf14d0-7b81-4087-ab60-082c632024fe/build]   | [INFO] Downloaded from central: https://repo.maven.apache.org/maven2/org/apache/maven/maven-parent/21/maven-parent-21.pom (26 kB at 3.3 MB/s)
[28cf14d0-7b81-4087-ab60-082c632024fe/build]   | [INFO] Downloading from central: https://repo.maven.apache.org/maven2/org/apache/apache/10/apache-10.pom
[28cf14d0-7b81-4087-ab60-082c632024fe/build]   | [INFO] Downloaded from central: https://repo.maven.apache.org/maven2/org/apache/apache/10/apache-10.pom (15 kB at 1.8 MB/s)
[28cf14d0-7b81-4087-ab60-082c632024fe/build]   | [INFO] Downloading from central: https://repo.maven.apache.org/maven2/org/slf4j/slf4j-api/1.7.7/slf4j-api-1.7.7.pom
[28cf14d0-7b81-4087-ab60-082c632024fe/build]   | [INFO] Downloaded from central: https://repo.maven.apache.org/maven2/org/slf4j/slf4j-api/1.7.7/slf4j-api-1.7.7.pom (2.7 kB at 299 kB/s)
[28cf14d0-7b81-4087-ab60-082c632024fe/build]   | [INFO] Downloading from central: https://repo.maven.apache.org/maven2/org/slf4j/slf4j-parent/1.7.7/slf4j-parent-1.7.7.pom
[28cf14d0-7b81-4087-ab60-082c632024fe/build]   | [INFO] Downloaded from central: https://repo.maven.apache.org/maven2/org/slf4j/slf4j-parent/1.7.7/slf4j-parent-1.7.7.pom (12 kB at 1.2 MB/s)
[28cf14d0-7b81-4087-ab60-082c632024fe/build]   | [INFO] Downloading from central: https://repo.maven.apache.org/maven2/com/google/code/findbugs/jsr305/2.0.1/jsr305-2.0.1.pom
[28cf14d0-7b81-4087-ab60-082c632024fe/build]   | [INFO] Downloaded from central: https://repo.maven.apache.org/maven2/com/google/code/findbugs/jsr305/2.0.1/jsr305-2.0.1.pom (965 B at 96 kB/s)
[28cf14d0-7b81-4087-ab60-082c632024fe/build]   | [INFO] Downloading from central: https://repo.maven.apache.org/maven2/com/intellij/annotations/9.0.4/annotations-9.0.4.pom
[28cf14d0-7b81-4087-ab60-082c632024fe/build]   | [INFO] Downloaded from central: https://repo.maven.apache.org/maven2/com/intellij/annotations/9.0.4/annotations-9.0.4.pom (1.2 kB at 131 kB/s)
[28cf14d0-7b81-4087-ab60-082c632024fe/build]   | [INFO] Downloading from central: https://repo.maven.apache.org/maven2/commons-io/commons-io/2.4/commons-io-2.4.pom
[28cf14d0-7b81-4087-ab60-082c632024fe/build]   | [INFO] Downloaded from central: https://repo.maven.apache.org/maven2/commons-io/commons-io/2.4/commons-io-2.4.pom (10 kB at 1.1 MB/s)
[28cf14d0-7b81-4087-ab60-082c632024fe/build]   | [INFO] Downloading from central: https://repo.maven.apache.org/maven2/org/apache/commons/commons-parent/25/commons-parent-25.pom
[28cf14d0-7b81-4087-ab60-082c632024fe/build]   | [INFO] Downloaded from central: https://repo.maven.apache.org/maven2/org/apache/commons/commons-parent/25/commons-parent-25.pom (48 kB at 3.5 MB/s)
[28cf14d0-7b81-4087-ab60-082c632024fe/build]   | [INFO] Downloading from central: https://repo.maven.apache.org/maven2/org/apache/apache/9/apache-9.pom
[28cf14d0-7b81-4087-ab60-082c632024fe/build]   | [INFO] Downloaded from central: https://repo.maven.apache.org/maven2/org/apache/apache/9/apache-9.pom (15 kB at 1.1 MB/s)
[28cf14d0-7b81-4087-ab60-082c632024fe/build]   | [INFO] Downloading from central: https://repo.maven.apache.org/maven2/com/thoughtworks/xstream/xstream/1.4.7/xstream-1.4.7.pom
[28cf14d0-7b81-4087-ab60-082c632024fe/build]   | [INFO] Downloaded from central: https://repo.maven.apache.org/maven2/com/thoughtworks/xstream/xstream/1.4.7/xstream-1.4.7.pom (11 kB at 1.0 MB/s)
[28cf14d0-7b81-4087-ab60-082c632024fe/build]   | [INFO] Downloading from central: https://repo.maven.apache.org/maven2/com/thoughtworks/xstream/xstream-parent/1.4.7/xstream-parent-1.4.7.pom
[28cf14d0-7b81-4087-ab60-082c632024fe/build]   | [INFO] Downloaded from central: https://repo.maven.apache.org/maven2/com/thoughtworks/xstream/xstream-parent/1.4.7/xstream-parent-1.4.7.pom (26 kB at 2.9 MB/s)
[28cf14d0-7b81-4087-ab60-082c632024fe/build]   | [INFO] Downloading from central: https://repo.maven.apache.org/maven2/org/codehaus/codehaus-parent/3/codehaus-parent-3.pom
[28cf14d0-7b81-4087-ab60-082c632024fe/build]   | [INFO] Downloaded from central: https://repo.maven.apache.org/maven2/org/codehaus/codehaus-parent/3/codehaus-parent-3.pom (4.1 kB at 373 kB/s)
[28cf14d0-7b81-4087-ab60-082c632024fe/build]   | [INFO] Downloading from central: https://repo.maven.apache.org/maven2/xmlpull/xmlpull/1.1.3.1/xmlpull-1.1.3.1.pom
[28cf14d0-7b81-4087-ab60-082c632024fe/build]   | [INFO] Downloaded from central: https://repo.maven.apache.org/maven2/xmlpull/xmlpull/1.1.3.1/xmlpull-1.1.3.1.pom (386 B at 64 kB/s)
[28cf14d0-7b81-4087-ab60-082c632024fe/build]   | [INFO] Downloading from central: https://repo.maven.apache.org/maven2/xpp3/xpp3_min/1.1.4c/xpp3_min-1.1.4c.pom
[28cf14d0-7b81-4087-ab60-082c632024fe/build]   | [INFO] Downloaded from central: https://repo.maven.apache.org/maven2/xpp3/xpp3_min/1.1.4c/xpp3_min-1.1.4c.pom (1.6 kB at 268 kB/s)
[28cf14d0-7b81-4087-ab60-082c632024fe/build]   | [INFO] Downloading from central: https://repo.maven.apache.org/maven2/joda-time/joda-time/2.2/joda-time-2.2.pom
[28cf14d0-7b81-4087-ab60-082c632024fe/build]   | [INFO] Downloaded from central: https://repo.maven.apache.org/maven2/joda-time/joda-time/2.2/joda-time-2.2.pom (16 kB at 2.3 MB/s)
[28cf14d0-7b81-4087-ab60-082c632024fe/build]   | [INFO] Downloading from central: https://repo.maven.apache.org/maven2/commons-lang/commons-lang/2.6/commons-lang-2.6.pom
[28cf14d0-7b81-4087-ab60-082c632024fe/build]   | [INFO] Downloaded from central: https://repo.maven.apache.org/maven2/commons-lang/commons-lang/2.6/commons-lang-2.6.pom (17 kB at 2.5 MB/s)
[28cf14d0-7b81-4087-ab60-082c632024fe/build]   | [INFO] Downloading from central: https://repo.maven.apache.org/maven2/org/apache/commons/commons-parent/17/commons-parent-17.pom
[28cf14d0-7b81-4087-ab60-082c632024fe/build]   | [INFO] Downloaded from central: https://repo.maven.apache.org/maven2/org/apache/commons/commons-parent/17/commons-parent-17.pom (31 kB at 4.5 MB/s)
[28cf14d0-7b81-4087-ab60-082c632024fe/build]   | [INFO] Downloading from central: https://repo.maven.apache.org/maven2/org/apache/apache/7/apache-7.pom
[28cf14d0-7b81-4087-ab60-082c632024fe/build]   | [INFO] Downloaded from central: https://repo.maven.apache.org/maven2/org/apache/apache/7/apache-7.pom (14 kB at 1.8 MB/s)
[28cf14d0-7b81-4087-ab60-082c632024fe/build]   | [INFO] Downloading from central: https://repo.maven.apache.org/maven2/commons-beanutils/commons-beanutils-core/1.8.3/commons-beanutils-core-1.8.3.pom
[28cf14d0-7b81-4087-ab60-082c632024fe/build]   | [INFO] Downloaded from central: https://repo.maven.apache.org/maven2/commons-beanutils/commons-beanutils-core/1.8.3/commons-beanutils-core-1.8.3.pom (1.6 kB at 273 kB/s)
[28cf14d0-7b81-4087-ab60-082c632024fe/build]   | [INFO] Downloading from central: https://repo.maven.apache.org/maven2/org/apache/apache/4/apache-4.pom
[28cf14d0-7b81-4087-ab60-082c632024fe/build]   | [INFO] Downloaded from central: https://repo.maven.apache.org/maven2/org/apache/apache/4/apache-4.pom (4.5 kB at 749 kB/s)
[28cf14d0-7b81-4087-ab60-082c632024fe/build]   | [INFO] Downloading from central: https://repo.maven.apache.org/maven2/org/sonatype/sisu/siesta/siesta-client/1.7/siesta-client-1.7.pom
[28cf14d0-7b81-4087-ab60-082c632024fe/build]   | [INFO] Downloaded from central: https://repo.maven.apache.org/maven2/org/sonatype/sisu/siesta/siesta-client/1.7/siesta-client-1.7.pom (1.8 kB at 166 kB/s)
[28cf14d0-7b81-4087-ab60-082c632024fe/build]   | [INFO] Downloading from central: https://repo.maven.apache.org/maven2/org/sonatype/sisu/siesta/siesta/1.7/siesta-1.7.pom
[28cf14d0-7b81-4087-ab60-082c632024fe/build]   | [INFO] Downloaded from central: https://repo.maven.apache.org/maven2/org/sonatype/sisu/siesta/siesta/1.7/siesta-1.7.pom (12 kB at 1.3 MB/s)
[28cf14d0-7b81-4087-ab60-082c632024fe/build]   | [INFO] Downloading from central: https://repo.maven.apache.org/maven2/org/sonatype/buildsupport/public-parent/5/public-parent-5.pom
[28cf14d0-7b81-4087-ab60-082c632024fe/build]   | [INFO] Downloaded from central: https://repo.maven.apache.org/maven2/org/sonatype/buildsupport/public-parent/5/public-parent-5.pom (760 B at 127 kB/s)
[28cf14d0-7b81-4087-ab60-082c632024fe/build]   | [INFO] Downloading from central: https://repo.maven.apache.org/maven2/org/sonatype/buildsupport/buildsupport/5/buildsupport-5.pom
[28cf14d0-7b81-4087-ab60-082c632024fe/build]   | [INFO] Downloaded from central: https://repo.maven.apache.org/maven2/org/sonatype/buildsupport/buildsupport/5/buildsupport-5.pom (22 kB at 4.5 MB/s)
[28cf14d0-7b81-4087-ab60-082c632024fe/build]   | [INFO] Downloading from central: https://repo.maven.apache.org/maven2/org/sonatype/sisu/siesta/siesta-common/1.7/siesta-common-1.7.pom
[28cf14d0-7b81-4087-ab60-082c632024fe/build]   | [INFO] Downloaded from central: https://repo.maven.apache.org/maven2/org/sonatype/sisu/siesta/siesta-common/1.7/siesta-common-1.7.pom (2.1 kB at 195 kB/s)
[28cf14d0-7b81-4087-ab60-082c632024fe/build]   | [INFO] Downloading from central: https://repo.maven.apache.org/maven2/javax/ws/rs/jsr311-api/1.1.1/jsr311-api-1.1.1.pom
[28cf14d0-7b81-4087-ab60-082c632024fe/build]   | [INFO] Downloaded from central: https://repo.maven.apache.org/maven2/javax/ws/rs/jsr311-api/1.1.1/jsr311-api-1.1.1.pom (5.5 kB at 608 kB/s)
[28cf14d0-7b81-4087-ab60-082c632024fe/build]   | [INFO] Downloading from central: https://repo.maven.apache.org/maven2/com/sun/jersey/jersey-core/1.17.1/jersey-core-1.17.1.pom
[28cf14d0-7b81-4087-ab60-082c632024fe/build]   | [INFO] Downloaded from central: https://repo.maven.apache.org/maven2/com/sun/jersey/jersey-core/1.17.1/jersey-core-1.17.1.pom (10 kB at 1.7 MB/s)
[28cf14d0-7b81-4087-ab60-082c632024fe/build]   | [INFO] Downloading from central: https://repo.maven.apache.org/maven2/com/sun/jersey/jersey-project/1.17.1/jersey-project-1.17.1.pom
[28cf14d0-7b81-4087-ab60-082c632024fe/build]   | [INFO] Downloaded from central: https://repo.maven.apache.org/maven2/com/sun/jersey/jersey-project/1.17.1/jersey-project-1.17.1.pom (21 kB at 3.1 MB/s)
[28cf14d0-7b81-4087-ab60-082c632024fe/build]   | [INFO] Downloading from central: https://repo.maven.apache.org/maven2/net/java/jvnet-parent/1/jvnet-parent-1.pom
[28cf14d0-7b81-4087-ab60-082c632024fe/build]   | [INFO] Downloaded from central: https://repo.maven.apache.org/maven2/net/java/jvnet-parent/1/jvnet-parent-1.pom (4.7 kB at 673 kB/s)
[28cf14d0-7b81-4087-ab60-082c632024fe/build]   | [INFO] Downloading from central: https://repo.maven.apache.org/maven2/javax/validation/validation-api/1.1.0.Final/validation-api-1.1.0.Final.pom
[28cf14d0-7b81-4087-ab60-082c632024fe/build]   | [INFO] Downloaded from central: https://repo.maven.apache.org/maven2/javax/validation/validation-api/1.1.0.Final/validation-api-1.1.0.Final.pom (7.9 kB at 1.3 MB/s)
[28cf14d0-7b81-4087-ab60-082c632024fe/build]   | [INFO] Downloading from central: https://repo.maven.apache.org/maven2/com/sun/jersey/jersey-client/1.17.1/jersey-client-1.17.1.pom
[28cf14d0-7b81-4087-ab60-082c632024fe/build]   | [INFO] Downloaded from central: https://repo.maven.apache.org/maven2/com/sun/jersey/jersey-client/1.17.1/jersey-client-1.17.1.pom (6.7 kB at 1.1 MB/s)
[28cf14d0-7b81-4087-ab60-082c632024fe/build]   | [INFO] Downloading from central: https://repo.maven.apache.org/maven2/com/sun/jersey/contribs/jersey-apache-client4/1.17.1/jersey-apache-client4-1.17.1.pom
[28cf14d0-7b81-4087-ab60-082c632024fe/build]   | [INFO] Downloaded from central: https://repo.maven.apache.org/maven2/com/sun/jersey/contribs/jersey-apache-client4/1.17.1/jersey-apache-client4-1.17.1.pom (6.2 kB at 690 kB/s)
[28cf14d0-7b81-4087-ab60-082c632024fe/build]   | [INFO] Downloading from central: https://repo.maven.apache.org/maven2/com/sun/jersey/contribs/jersey-contribs/1.17.1/jersey-contribs-1.17.1.pom
[28cf14d0-7b81-4087-ab60-082c632024fe/build]   | [INFO] Downloaded from central: https://repo.maven.apache.org/maven2/com/sun/jersey/contribs/jersey-contribs/1.17.1/jersey-contribs-1.17.1.pom (3.6 kB at 324 kB/s)
[28cf14d0-7b81-4087-ab60-082c632024fe/build]   | [INFO] Downloading from central: https://repo.maven.apache.org/maven2/org/apache/httpcomponents/httpclient/4.3.5/httpclient-4.3.5.pom
[28cf14d0-7b81-4087-ab60-082c632024fe/build]   | [INFO] Downloaded from central: https://repo.maven.apache.org/maven2/org/apache/httpcomponents/httpclient/4.3.5/httpclient-4.3.5.pom (5.2 kB at 868 kB/s)
[28cf14d0-7b81-4087-ab60-082c632024fe/build]   | [INFO] Downloading from central: https://repo.maven.apache.org/maven2/org/apache/httpcomponents/httpcomponents-client/4.3.5/httpcomponents-client-4.3.5.pom
[28cf14d0-7b81-4087-ab60-082c632024fe/build]   | [INFO] Downloaded from central: https://repo.maven.apache.org/maven2/org/apache/httpcomponents/httpcomponents-client/4.3.5/httpcomponents-client-4.3.5.pom (15 kB at 3.1 MB/s)
[28cf14d0-7b81-4087-ab60-082c632024fe/build]   | [INFO] Downloading from central: https://repo.maven.apache.org/maven2/org/apache/httpcomponents/project/7/project-7.pom
[28cf14d0-7b81-4087-ab60-082c632024fe/build]   | [INFO] Downloaded from central: https://repo.maven.apache.org/maven2/org/apache/httpcomponents/project/7/project-7.pom (27 kB at 3.9 MB/s)
[28cf14d0-7b81-4087-ab60-082c632024fe/build]   | [INFO] Downloading from central: https://repo.maven.apache.org/maven2/org/apache/apache/13/apache-13.pom
[28cf14d0-7b81-4087-ab60-082c632024fe/build]   | [INFO] Downloaded from central: https://repo.maven.apache.org/maven2/org/apache/apache/13/apache-13.pom (14 kB at 699 kB/s)
[28cf14d0-7b81-4087-ab60-082c632024fe/build]   | [INFO] Downloading from central: https://repo.maven.apache.org/maven2/org/apache/httpcomponents/httpcore/4.3.2/httpcore-4.3.2.pom
[28cf14d0-7b81-4087-ab60-082c632024fe/build]   | [INFO] Downloaded from central: https://repo.maven.apache.org/maven2/org/apache/httpcomponents/httpcore/4.3.2/httpcore-4.3.2.pom (4.6 kB at 511 kB/s)
[28cf14d0-7b81-4087-ab60-082c632024fe/build]   | [INFO] Downloading from central: https://repo.maven.apache.org/maven2/org/apache/httpcomponents/httpcomponents-core/4.3.2/httpcomponents-core-4.3.2.pom
[28cf14d0-7b81-4087-ab60-082c632024fe/build]   | [INFO] Downloaded from central: https://repo.maven.apache.org/maven2/org/apache/httpcomponents/httpcomponents-core/4.3.2/httpcomponents-core-4.3.2.pom (12 kB at 1.2 MB/s)
[28cf14d0-7b81-4087-ab60-082c632024fe/build]   | [INFO] Downloading from central: https://repo.maven.apache.org/maven2/commons-codec/commons-codec/1.6/commons-codec-1.6.pom
[28cf14d0-7b81-4087-ab60-082c632024fe/build]   | [INFO] Downloaded from central: https://repo.maven.apache.org/maven2/commons-codec/commons-codec/1.6/commons-codec-1.6.pom (11 kB at 1.6 MB/s)
[28cf14d0-7b81-4087-ab60-082c632024fe/build]   | [INFO] Downloading from central: https://repo.maven.apache.org/maven2/org/apache/commons/commons-parent/22/commons-parent-22.pom
[28cf14d0-7b81-4087-ab60-082c632024fe/build]   | [INFO] Downloaded from central: https://repo.maven.apache.org/maven2/org/apache/commons/commons-parent/22/commons-parent-22.pom (42 kB at 3.8 MB/s)
[28cf14d0-7b81-4087-ab60-082c632024fe/build]   | [INFO] Downloading from central: https://repo.maven.apache.org/maven2/org/slf4j/jcl-over-slf4j/1.7.7/jcl-over-slf4j-1.7.7.pom
[28cf14d0-7b81-4087-ab60-082c632024fe/build]   | [INFO] Downloaded from central: https://repo.maven.apache.org/maven2/org/slf4j/jcl-over-slf4j/1.7.7/jcl-over-slf4j-1.7.7.pom (1.9 kB at 232 kB/s)
[28cf14d0-7b81-4087-ab60-082c632024fe/build]   | [INFO] Downloading from central: https://repo.maven.apache.org/maven2/org/sonatype/sisu/siesta/siesta-jackson/1.7/siesta-jackson-1.7.pom
[28cf14d0-7b81-4087-ab60-082c632024fe/build]   | [INFO] Downloaded from central: https://repo.maven.apache.org/maven2/org/sonatype/sisu/siesta/siesta-jackson/1.7/siesta-jackson-1.7.pom (2.6 kB at 232 kB/s)
[28cf14d0-7b81-4087-ab60-082c632024fe/build]   | [INFO] Downloading from central: https://repo.maven.apache.org/maven2/com/fasterxml/jackson/core/jackson-annotations/2.3.1/jackson-annotations-2.3.1.pom
[28cf14d0-7b81-4087-ab60-082c632024fe/build]   | [INFO] Downloaded from central: https://repo.maven.apache.org/maven2/com/fasterxml/jackson/core/jackson-annotations/2.3.1/jackson-annotations-2.3.1.pom (1.7 kB at 213 kB/s)
[28cf14d0-7b81-4087-ab60-082c632024fe/build]   | [INFO] Downloading from central: https://repo.maven.apache.org/maven2/com/fasterxml/oss-parent/11/oss-parent-11.pom
[28cf14d0-7b81-4087-ab60-082c632024fe/build]   | [INFO] Downloaded from central: https://repo.maven.apache.org/maven2/com/fasterxml/oss-parent/11/oss-parent-11.pom (23 kB at 610 kB/s)
[28cf14d0-7b81-4087-ab60-082c632024fe/build]   | [INFO] Downloading from central: https://repo.maven.apache.org/maven2/com/fasterxml/jackson/core/jackson-core/2.3.1/jackson-core-2.3.1.pom
[28cf14d0-7b81-4087-ab60-082c632024fe/build]   | [INFO] Downloaded from central: https://repo.maven.apache.org/maven2/com/fasterxml/jackson/core/jackson-core/2.3.1/jackson-core-2.3.1.pom (6.0 kB at 298 kB/s)
[28cf14d0-7b81-4087-ab60-082c632024fe/build]   | [INFO] Downloading from central: https://repo.maven.apache.org/maven2/com/fasterxml/oss-parent/12/oss-parent-12.pom
[28cf14d0-7b81-4087-ab60-082c632024fe/build]   | [INFO] Downloaded from central: https://repo.maven.apache.org/maven2/com/fasterxml/oss-parent/12/oss-parent-12.pom (23 kB at 1.3 MB/s)
[28cf14d0-7b81-4087-ab60-082c632024fe/build]   | [INFO] Downloading from central: https://repo.maven.apache.org/maven2/com/fasterxml/jackson/core/jackson-databind/2.3.1/jackson-databind-2.3.1.pom
[28cf14d0-7b81-4087-ab60-082c632024fe/build]   | [INFO] Downloaded from central: https://repo.maven.apache.org/maven2/com/fasterxml/jackson/core/jackson-databind/2.3.1/jackson-databind-2.3.1.pom (5.9 kB at 282 kB/s)
[28cf14d0-7b81-4087-ab60-082c632024fe/build]   | [INFO] Downloading from central: https://repo.maven.apache.org/maven2/com/fasterxml/jackson/core/jackson-annotations/2.3.0/jackson-annotations-2.3.0.pom
[28cf14d0-7b81-4087-ab60-082c632024fe/build]   | [INFO] Downloaded from central: https://repo.maven.apache.org/maven2/com/fasterxml/jackson/core/jackson-annotations/2.3.0/jackson-annotations-2.3.0.pom (1.3 kB at 68 kB/s)
[28cf14d0-7b81-4087-ab60-082c632024fe/build]   | [INFO] Downloading from central: https://repo.maven.apache.org/maven2/com/fasterxml/jackson/jaxrs/jackson-jaxrs-json-provider/2.3.1/jackson-jaxrs-json-provider-2.3.1.pom
[28cf14d0-7b81-4087-ab60-082c632024fe/build]   | [INFO] Downloaded from central: https://repo.maven.apache.org/maven2/com/fasterxml/jackson/jaxrs/jackson-jaxrs-json-provider/2.3.1/jackson-jaxrs-json-provider-2.3.1.pom (3.2 kB at 190 kB/s)
[28cf14d0-7b81-4087-ab60-082c632024fe/build]   | [INFO] Downloading from central: https://repo.maven.apache.org/maven2/com/fasterxml/jackson/jaxrs/jackson-jaxrs-providers/2.3.1/jackson-jaxrs-providers-2.3.1.pom
[28cf14d0-7b81-4087-ab60-082c632024fe/build]   | [INFO] Downloaded from central: https://repo.maven.apache.org/maven2/com/fasterxml/jackson/jaxrs/jackson-jaxrs-providers/2.3.1/jackson-jaxrs-providers-2.3.1.pom (3.8 kB at 235 kB/s)
[28cf14d0-7b81-4087-ab60-082c632024fe/build]   | [INFO] Downloading from central: https://repo.maven.apache.org/maven2/com/fasterxml/jackson/jaxrs/jackson-jaxrs-base/2.3.1/jackson-jaxrs-base-2.3.1.pom
[28cf14d0-7b81-4087-ab60-082c632024fe/build]   | [INFO] Downloaded from central: https://repo.maven.apache.org/maven2/com/fasterxml/jackson/jaxrs/jackson-jaxrs-base/2.3.1/jackson-jaxrs-base-2.3.1.pom (1.9 kB at 175 kB/s)
[28cf14d0-7b81-4087-ab60-082c632024fe/build]   | [INFO] Downloading from central: https://repo.maven.apache.org/maven2/com/fasterxml/jackson/module/jackson-module-jaxb-annotations/2.3.1/jackson-module-jaxb-annotations-2.3.1.pom
[28cf14d0-7b81-4087-ab60-082c632024fe/build]   | [INFO] Downloaded from central: https://repo.maven.apache.org/maven2/com/fasterxml/jackson/module/jackson-module-jaxb-annotations/2.3.1/jackson-module-jaxb-annotations-2.3.1.pom (4.5 kB at 322 kB/s)
[28cf14d0-7b81-4087-ab60-082c632024fe/build]   | [INFO] Downloading from central: https://repo.maven.apache.org/maven2/javax/inject/javax.inject/1/javax.inject-1.pom
[28cf14d0-7b81-4087-ab60-082c632024fe/build]   | [INFO] Downloaded from central: https://repo.maven.apache.org/maven2/javax/inject/javax.inject/1/javax.inject-1.pom (612 B at 68 kB/s)
[28cf14d0-7b81-4087-ab60-082c632024fe/build]   | [INFO] Downloading from central: https://repo.maven.apache.org/maven2/org/sonatype/spice/zapper/spice-zapper/1.3/spice-zapper-1.3.pom
[28cf14d0-7b81-4087-ab60-082c632024fe/build]   | [INFO] Downloaded from central: https://repo.maven.apache.org/maven2/org/sonatype/spice/zapper/spice-zapper/1.3/spice-zapper-1.3.pom (4.6 kB at 574 kB/s)
[28cf14d0-7b81-4087-ab60-082c632024fe/build]   | [INFO] Downloading from central: https://repo.maven.apache.org/maven2/org/fusesource/hawtbuf/hawtbuf-proto/1.9/hawtbuf-proto-1.9.pom
[28cf14d0-7b81-4087-ab60-082c632024fe/build]   | [INFO] Downloaded from central: https://repo.maven.apache.org/maven2/org/fusesource/hawtbuf/hawtbuf-proto/1.9/hawtbuf-proto-1.9.pom (4.5 kB at 343 kB/s)
[28cf14d0-7b81-4087-ab60-082c632024fe/build]   | [INFO] Downloading from central: https://repo.maven.apache.org/maven2/org/fusesource/hawtbuf/hawtbuf-project/1.9/hawtbuf-project-1.9.pom
[28cf14d0-7b81-4087-ab60-082c632024fe/build]   | [INFO] Downloaded from central: https://repo.maven.apache.org/maven2/org/fusesource/hawtbuf/hawtbuf-project/1.9/hawtbuf-project-1.9.pom (11 kB at 764 kB/s)
[28cf14d0-7b81-4087-ab60-082c632024fe/build]   | [INFO] Downloading from central: https://repo.maven.apache.org/maven2/org/fusesource/fusesource-pom/1.9/fusesource-pom-1.9.pom
[28cf14d0-7b81-4087-ab60-082c632024fe/build]   | [INFO] Downloaded from central: https://repo.maven.apache.org/maven2/org/fusesource/fusesource-pom/1.9/fusesource-pom-1.9.pom (15 kB at 1.6 MB/s)
[28cf14d0-7b81-4087-ab60-082c632024fe/build]   | [INFO] Downloading from central: https://repo.maven.apache.org/maven2/org/fusesource/hawtbuf/hawtbuf/1.9/hawtbuf-1.9.pom
[28cf14d0-7b81-4087-ab60-082c632024fe/build]   | [INFO] Downloaded from central: https://repo.maven.apache.org/maven2/org/fusesource/hawtbuf/hawtbuf/1.9/hawtbuf-1.9.pom (2.6 kB at 324 kB/s)
[28cf14d0-7b81-4087-ab60-082c632024fe/build]   | [INFO] Downloading from central: https://repo.maven.apache.org/maven2/org/codehaus/plexus/plexus-utils/3.0.8/plexus-utils-3.0.8.pom
[28cf14d0-7b81-4087-ab60-082c632024fe/build]   | [INFO] Downloaded from central: https://repo.maven.apache.org/maven2/org/codehaus/plexus/plexus-utils/3.0.8/plexus-utils-3.0.8.pom (3.1 kB at 393 kB/s)
[28cf14d0-7b81-4087-ab60-082c632024fe/build]   | [INFO] Downloading from central: https://repo.maven.apache.org/maven2/org/codehaus/plexus/plexus/3.2/plexus-3.2.pom
[28cf14d0-7b81-4087-ab60-082c632024fe/build]   | [INFO] Downloaded from central: https://repo.maven.apache.org/maven2/org/codehaus/plexus/plexus/3.2/plexus-3.2.pom (19 kB at 2.3 MB/s)
[28cf14d0-7b81-4087-ab60-082c632024fe/build]   | [INFO] Downloading from central: https://repo.maven.apache.org/maven2/org/sonatype/spice/spice-parent/17/spice-parent-17.pom
[28cf14d0-7b81-4087-ab60-082c632024fe/build]   | [INFO] Downloaded from central: https://repo.maven.apache.org/maven2/org/sonatype/spice/spice-parent/17/spice-parent-17.pom (6.8 kB at 1.1 MB/s)
[28cf14d0-7b81-4087-ab60-082c632024fe/build]   | [INFO] Downloading from central: https://repo.maven.apache.org/maven2/org/sonatype/forge/forge-parent/10/forge-parent-10.pom
[28cf14d0-7b81-4087-ab60-082c632024fe/build]   | [INFO] Downloaded from central: https://repo.maven.apache.org/maven2/org/sonatype/forge/forge-parent/10/forge-parent-10.pom (14 kB at 522 kB/s)
[28cf14d0-7b81-4087-ab60-082c632024fe/build]   | [INFO] Downloading from central: https://repo.maven.apache.org/maven2/org/codehaus/plexus/plexus-interpolation/1.15/plexus-interpolation-1.15.pom
[28cf14d0-7b81-4087-ab60-082c632024fe/build]   | [INFO] Downloaded from central: https://repo.maven.apache.org/maven2/org/codehaus/plexus/plexus-interpolation/1.15/plexus-interpolation-1.15.pom (1.0 kB at 68 kB/s)
[28cf14d0-7b81-4087-ab60-082c632024fe/build]   | [INFO] Downloading from central: https://repo.maven.apache.org/maven2/org/codehaus/plexus/plexus/3.0.1/plexus-3.0.1.pom
[28cf14d0-7b81-4087-ab60-082c632024fe/build]   | [INFO] Downloaded from central: https://repo.maven.apache.org/maven2/org/codehaus/plexus/plexus/3.0.1/plexus-3.0.1.pom (19 kB at 846 kB/s)
[28cf14d0-7b81-4087-ab60-082c632024fe/build]   | [INFO] Downloading from central: https://repo.maven.apache.org/maven2/org/sonatype/aether/aether-api/1.13.1/aether-api-1.13.1.pom
[28cf14d0-7b81-4087-ab60-082c632024fe/build]   | [INFO] Downloaded from central: https://repo.maven.apache.org/maven2/org/sonatype/aether/aether-api/1.13.1/aether-api-1.13.1.pom (1.4 kB at 84 kB/s)
[28cf14d0-7b81-4087-ab60-082c632024fe/build]   | [INFO] Downloading from central: https://repo.maven.apache.org/maven2/org/sonatype/aether/aether/1.13.1/aether-1.13.1.pom
[28cf14d0-7b81-4087-ab60-082c632024fe/build]   | [INFO] Downloaded from central: https://repo.maven.apache.org/maven2/org/sonatype/aether/aether/1.13.1/aether-1.13.1.pom (10 kB at 441 kB/s)
[28cf14d0-7b81-4087-ab60-082c632024fe/build]   | [INFO] Downloading from central: https://repo.maven.apache.org/maven2/ch/qos/logback/logback-core/1.1.2/logback-core-1.1.2.pom
[28cf14d0-7b81-4087-ab60-082c632024fe/build]   | [INFO] Downloaded from central: https://repo.maven.apache.org/maven2/ch/qos/logback/logback-core/1.1.2/logback-core-1.1.2.pom (5.0 kB at 173 kB/s)
[28cf14d0-7b81-4087-ab60-082c632024fe/build]   | [INFO] Downloading from central: https://repo.maven.apache.org/maven2/ch/qos/logback/logback-parent/1.1.2/logback-parent-1.1.2.pom
[28cf14d0-7b81-4087-ab60-082c632024fe/build]   | [INFO] Downloaded from central: https://repo.maven.apache.org/maven2/ch/qos/logback/logback-parent/1.1.2/logback-parent-1.1.2.pom (15 kB at 466 kB/s)
[28cf14d0-7b81-4087-ab60-082c632024fe/build]   | [INFO] Downloading from central: https://repo.maven.apache.org/maven2/ch/qos/logback/logback-classic/1.1.2/logback-classic-1.1.2.pom
[28cf14d0-7b81-4087-ab60-082c632024fe/build]   | [INFO] Downloaded from central: https://repo.maven.apache.org/maven2/ch/qos/logback/logback-classic/1.1.2/logback-classic-1.1.2.pom (12 kB at 475 kB/s)
[28cf14d0-7b81-4087-ab60-082c632024fe/build]   | [INFO] Downloading from central: https://repo.maven.apache.org/maven2/org/sonatype/plugins/nexus-staging-maven-plugin/1.6.5/nexus-staging-maven-plugin-1.6.5.jar
[28cf14d0-7b81-4087-ab60-082c632024fe/build]   | [INFO] Downloading from central: https://repo.maven.apache.org/maven2/org/sonatype/nexus/maven/nexus-common/1.6.5/nexus-common-1.6.5.jar
[28cf14d0-7b81-4087-ab60-082c632024fe/build]   | [INFO] Downloading from central: https://repo.maven.apache.org/maven2/org/sonatype/plexus/plexus-sec-dispatcher/1.4/plexus-sec-dispatcher-1.4.jar
[28cf14d0-7b81-4087-ab60-082c632024fe/build]   | [INFO] Downloading from central: https://repo.maven.apache.org/maven2/com/google/guava/guava/14.0.1/guava-14.0.1.jar
[28cf14d0-7b81-4087-ab60-082c632024fe/build]   | [INFO] Downloading from central: https://repo.maven.apache.org/maven2/org/sonatype/plexus/plexus-cipher/1.7/plexus-cipher-1.7.jar
[28cf14d0-7b81-4087-ab60-082c632024fe/build]   | [INFO] Downloaded from central: https://repo.maven.apache.org/maven2/org/sonatype/plugins/nexus-staging-maven-plugin/1.6.5/nexus-staging-maven-plugin-1.6.5.jar (248 kB at 4.9 MB/s)
[28cf14d0-7b81-4087-ab60-082c632024fe/build]   | [INFO] Downloading from central: https://repo.maven.apache.org/maven2/org/sonatype/nexus/nexus-client-core/2.9.1-02/nexus-client-core-2.9.1-02.jar
[28cf14d0-7b81-4087-ab60-082c632024fe/build]   | [INFO] Downloaded from central: https://repo.maven.apache.org/maven2/org/sonatype/plexus/plexus-sec-dispatcher/1.4/plexus-sec-dispatcher-1.4.jar (28 kB at 513 kB/s)
[28cf14d0-7b81-4087-ab60-082c632024fe/build]   | [INFO] Downloading from central: https://repo.maven.apache.org/maven2/org/sonatype/nexus/plugins/nexus-restlet1x-model/2.9.1-02/nexus-restlet1x-model-2.9.1-02.jar
[28cf14d0-7b81-4087-ab60-082c632024fe/build]   | [INFO] Downloaded from central: https://repo.maven.apache.org/maven2/org/sonatype/nexus/maven/nexus-common/1.6.5/nexus-common-1.6.5.jar (16 kB at 251 kB/s)
[28cf14d0-7b81-4087-ab60-082c632024fe/build]   | [INFO] Downloading from central: https://repo.maven.apache.org/maven2/org/apache/maven/maven-model/3.0.4/maven-model-3.0.4.jar
[28cf14d0-7b81-4087-ab60-082c632024fe/build]   | [INFO] Downloaded from central: https://repo.maven.apache.org/maven2/org/sonatype/plexus/plexus-cipher/1.7/plexus-cipher-1.7.jar (13 kB at 212 kB/s)
[28cf14d0-7b81-4087-ab60-082c632024fe/build]   | [INFO] Downloading from central: https://repo.maven.apache.org/maven2/org/slf4j/slf4j-api/1.7.7/slf4j-api-1.7.7.jar
[28cf14d0-7b81-4087-ab60-082c632024fe/build]   | [INFO] Downloaded from central: https://repo.maven.apache.org/maven2/org/sonatype/nexus/nexus-client-core/2.9.1-02/nexus-client-core-2.9.1-02.jar (211 kB at 2.5 MB/s)
[28cf14d0-7b81-4087-ab60-082c632024fe/build]   | [INFO] Downloading from central: https://repo.maven.apache.org/maven2/com/google/code/findbugs/jsr305/2.0.1/jsr305-2.0.1.jar
[28cf14d0-7b81-4087-ab60-082c632024fe/build]   | [INFO] Downloaded from central: https://repo.maven.apache.org/maven2/org/slf4j/slf4j-api/1.7.7/slf4j-api-1.7.7.jar (29 kB at 352 kB/s)
[28cf14d0-7b81-4087-ab60-082c632024fe/build]   | [INFO] Downloading from central: https://repo.maven.apache.org/maven2/com/intellij/annotations/9.0.4/annotations-9.0.4.jar
[28cf14d0-7b81-4087-ab60-082c632024fe/build]   | [INFO] Downloaded from central: https://repo.maven.apache.org/maven2/com/google/code/findbugs/jsr305/2.0.1/jsr305-2.0.1.jar (32 kB at 285 kB/s)
[28cf14d0-7b81-4087-ab60-082c632024fe/build]   | [INFO] Downloading from central: https://repo.maven.apache.org/maven2/commons-io/commons-io/2.4/commons-io-2.4.jar
[28cf14d0-7b81-4087-ab60-082c632024fe/build]   | [INFO] Downloaded from central: https://repo.maven.apache.org/maven2/com/intellij/annotations/9.0.4/annotations-9.0.4.jar (10.0 kB at 85 kB/s)
[28cf14d0-7b81-4087-ab60-082c632024fe/build]   | [INFO] Downloading from central: https://repo.maven.apache.org/maven2/com/thoughtworks/xstream/xstream/1.4.7/xstream-1.4.7.jar
[28cf14d0-7b81-4087-ab60-082c632024fe/build]   | [INFO] Downloaded from central: https://repo.maven.apache.org/maven2/org/apache/maven/maven-model/3.0.4/maven-model-3.0.4.jar (164 kB at 1.4 MB/s)
[28cf14d0-7b81-4087-ab60-082c632024fe/build]   | [INFO] Downloading from central: https://repo.maven.apache.org/maven2/xmlpull/xmlpull/1.1.3.1/xmlpull-1.1.3.1.jar
[28cf14d0-7b81-4087-ab60-082c632024fe/build]   | [INFO] Downloaded from central: https://repo.maven.apache.org/maven2/org/sonatype/nexus/plugins/nexus-restlet1x-model/2.9.1-02/nexus-restlet1x-model-2.9.1-02.jar (160 kB at 1.3 MB/s)
[28cf14d0-7b81-4087-ab60-082c632024fe/build]   | [INFO] Downloading from central: https://repo.maven.apache.org/maven2/xpp3/xpp3_min/1.1.4c/xpp3_min-1.1.4c.jar
[28cf14d0-7b81-4087-ab60-082c632024fe/build]   | [INFO] Downloaded from central: https://repo.maven.apache.org/maven2/commons-io/commons-io/2.4/commons-io-2.4.jar (185 kB at 1.1 MB/s)
[28cf14d0-7b81-4087-ab60-082c632024fe/build]   | [INFO] Downloading from central: https://repo.maven.apache.org/maven2/joda-time/joda-time/2.2/joda-time-2.2.jar
[28cf14d0-7b81-4087-ab60-082c632024fe/build]   | [INFO] Downloaded from central: https://repo.maven.apache.org/maven2/xmlpull/xmlpull/1.1.3.1/xmlpull-1.1.3.1.jar (7.2 kB at 44 kB/s)
[28cf14d0-7b81-4087-ab60-082c632024fe/build]   | [INFO] Downloading from central: https://repo.maven.apache.org/maven2/commons-lang/commons-lang/2.6/commons-lang-2.6.jar
[28cf14d0-7b81-4087-ab60-082c632024fe/build]   | [INFO] Downloaded from central: https://repo.maven.apache.org/maven2/com/google/guava/guava/14.0.1/guava-14.0.1.jar (2.2 MB at 13 MB/s)
[28cf14d0-7b81-4087-ab60-082c632024fe/build]   | [INFO] Downloading from central: https://repo.maven.apache.org/maven2/commons-beanutils/commons-beanutils-core/1.8.3/commons-beanutils-core-1.8.3.jar
[28cf14d0-7b81-4087-ab60-082c632024fe/build]   | [INFO] Downloaded from central: https://repo.maven.apache.org/maven2/com/thoughtworks/xstream/xstream/1.4.7/xstream-1.4.7.jar (532 kB at 2.9 MB/s)
[28cf14d0-7b81-4087-ab60-082c632024fe/build]   | [INFO] Downloading from central: https://repo.maven.apache.org/maven2/org/sonatype/sisu/siesta/siesta-client/1.7/siesta-client-1.7.jar
[28cf14d0-7b81-4087-ab60-082c632024fe/build]   | [INFO] Downloaded from central: https://repo.maven.apache.org/maven2/xpp3/xpp3_min/1.1.4c/xpp3_min-1.1.4c.jar (25 kB at 124 kB/s)
[28cf14d0-7b81-4087-ab60-082c632024fe/build]   | [INFO] Downloading from central: https://repo.maven.apache.org/maven2/org/sonatype/sisu/siesta/siesta-common/1.7/siesta-common-1.7.jar
[28cf14d0-7b81-4087-ab60-082c632024fe/build]   | [INFO] Downloaded from central: https://repo.maven.apache.org/maven2/org/sonatype/sisu/siesta/siesta-client/1.7/siesta-client-1.7.jar (20 kB at 99 kB/s)
[28cf14d0-7b81-4087-ab60-082c632024fe/build]   | [INFO] Downloading from central: https://repo.maven.apache.org/maven2/javax/ws/rs/jsr311-api/1.1.1/jsr311-api-1.1.1.jar
[28cf14d0-7b81-4087-ab60-082c632024fe/build]   | [INFO] Downloaded from central: https://repo.maven.apache.org/maven2/commons-beanutils/commons-beanutils-core/1.8.3/commons-beanutils-core-1.8.3.jar (207 kB at 872 kB/s)
[28cf14d0-7b81-4087-ab60-082c632024fe/build]   | [INFO] Downloading from central: https://repo.maven.apache.org/maven2/com/sun/jersey/jersey-core/1.17.1/jersey-core-1.17.1.jar
[28cf14d0-7b81-4087-ab60-082c632024fe/build]   | [INFO] Downloaded from central: https://repo.maven.apache.org/maven2/javax/ws/rs/jsr311-api/1.1.1/jsr311-api-1.1.1.jar (46 kB at 188 kB/s)
[28cf14d0-7b81-4087-ab60-082c632024fe/build]   | [INFO] Downloading from central: https://repo.maven.apache.org/maven2/javax/validation/validation-api/1.1.0.Final/validation-api-1.1.0.Final.jar
[28cf14d0-7b81-4087-ab60-082c632024fe/build]   | [INFO] Downloaded from central: https://repo.maven.apache.org/maven2/joda-time/joda-time/2.2/joda-time-2.2.jar (574 kB at 2.3 MB/s)
[28cf14d0-7b81-4087-ab60-082c632024fe/build]   | [INFO] Downloading from central: https://repo.maven.apache.org/maven2/com/sun/jersey/jersey-client/1.17.1/jersey-client-1.17.1.jar
[28cf14d0-7b81-4087-ab60-082c632024fe/build]   | [INFO] Downloaded from central: https://repo.maven.apache.org/maven2/org/sonatype/sisu/siesta/siesta-common/1.7/siesta-common-1.7.jar (11 kB at 43 kB/s)
[28cf14d0-7b81-4087-ab60-082c632024fe/build]   | [INFO] Downloading from central: https://repo.maven.apache.org/maven2/com/sun/jersey/contribs/jersey-apache-client4/1.17.1/jersey-apache-client4-1.17.1.jar
[28cf14d0-7b81-4087-ab60-082c632024fe/build]   | [INFO] Downloaded from central: https://repo.maven.apache.org/maven2/commons-lang/commons-lang/2.6/commons-lang-2.6.jar (284 kB at 1.1 MB/s)
[28cf14d0-7b81-4087-ab60-082c632024fe/build]   | [INFO] Downloading from central: https://repo.maven.apache.org/maven2/org/sonatype/sisu/siesta/siesta-jackson/1.7/siesta-jackson-1.7.jar
[28cf14d0-7b81-4087-ab60-082c632024fe/build]   | [INFO] Downloaded from central: https://repo.maven.apache.org/maven2/com/sun/jersey/contribs/jersey-apache-client4/1.17.1/jersey-apache-client4-1.17.1.jar (16 kB at 34 kB/s)
[28cf14d0-7b81-4087-ab60-082c632024fe/build]   | [INFO] Downloading from central: https://repo.maven.apache.org/maven2/com/fasterxml/jackson/core/jackson-annotations/2.3.1/jackson-annotations-2.3.1.jar
[28cf14d0-7b81-4087-ab60-082c632024fe/build]   | [INFO] Downloaded from central: https://repo.maven.apache.org/maven2/com/sun/jersey/jersey-client/1.17.1/jersey-client-1.17.1.jar (131 kB at 284 kB/s)
[28cf14d0-7b81-4087-ab60-082c632024fe/build]   | [INFO] Downloading from central: https://repo.maven.apache.org/maven2/com/fasterxml/jackson/core/jackson-core/2.3.1/jackson-core-2.3.1.jar
[28cf14d0-7b81-4087-ab60-082c632024fe/build]   | [INFO] Downloaded from central: https://repo.maven.apache.org/maven2/javax/validation/validation-api/1.1.0.Final/validation-api-1.1.0.Final.jar (64 kB at 137 kB/s)
[28cf14d0-7b81-4087-ab60-082c632024fe/build]   | [INFO] Downloading from central: https://repo.maven.apache.org/maven2/com/fasterxml/jackson/core/jackson-databind/2.3.1/jackson-databind-2.3.1.jar
[28cf14d0-7b81-4087-ab60-082c632024fe/build]   | [INFO] Downloaded from central: https://repo.maven.apache.org/maven2/org/sonatype/sisu/siesta/siesta-jackson/1.7/siesta-jackson-1.7.jar (6.3 kB at 13 kB/s)
[28cf14d0-7b81-4087-ab60-082c632024fe/build]   | [INFO] Downloaded from central: https://repo.maven.apache.org/maven2/com/sun/jersey/jersey-core/1.17.1/jersey-core-1.17.1.jar (467 kB at 979 kB/s)
[28cf14d0-7b81-4087-ab60-082c632024fe/build]   | [INFO] Downloading from central: https://repo.maven.apache.org/maven2/com/fasterxml/jackson/jaxrs/jackson-jaxrs-json-provider/2.3.1/jackson-jaxrs-json-provider-2.3.1.jar
[28cf14d0-7b81-4087-ab60-082c632024fe/build]   | [INFO] Downloading from central: https://repo.maven.apache.org/maven2/com/fasterxml/jackson/jaxrs/jackson-jaxrs-base/2.3.1/jackson-jaxrs-base-2.3.1.jar
[28cf14d0-7b81-4087-ab60-082c632024fe/build]   | [INFO] Downloaded from central: https://repo.maven.apache.org/maven2/com/fasterxml/jackson/core/jackson-annotations/2.3.1/jackson-annotations-2.3.1.jar (37 kB at 73 kB/s)
[28cf14d0-7b81-4087-ab60-082c632024fe/build]   | [INFO] Downloading from central: https://repo.maven.apache.org/maven2/com/fasterxml/jackson/module/jackson-module-jaxb-annotations/2.3.1/jackson-module-jaxb-annotations-2.3.1.jar
[28cf14d0-7b81-4087-ab60-082c632024fe/build]   | [INFO] Downloaded from central: https://repo.maven.apache.org/maven2/com/fasterxml/jackson/jaxrs/jackson-jaxrs-base/2.3.1/jackson-jaxrs-base-2.3.1.jar (28 kB at 54 kB/s)
[28cf14d0-7b81-4087-ab60-082c632024fe/build]   | [INFO] Downloading from central: https://repo.maven.apache.org/maven2/org/apache/httpcomponents/httpclient/4.3.5/httpclient-4.3.5.jar
[28cf14d0-7b81-4087-ab60-082c632024fe/build]   | [INFO] Downloaded from central: https://repo.maven.apache.org/maven2/com/fasterxml/jackson/jaxrs/jackson-jaxrs-json-provider/2.3.1/jackson-jaxrs-json-provider-2.3.1.jar (16 kB at 32 kB/s)
[28cf14d0-7b81-4087-ab60-082c632024fe/build]   | [INFO] Downloading from central: https://repo.maven.apache.org/maven2/commons-codec/commons-codec/1.6/commons-codec-1.6.jar
[28cf14d0-7b81-4087-ab60-082c632024fe/build]   | [INFO] Downloaded from central: https://repo.maven.apache.org/maven2/com/fasterxml/jackson/core/jackson-core/2.3.1/jackson-core-2.3.1.jar (198 kB at 384 kB/s)
[28cf14d0-7b81-4087-ab60-082c632024fe/build]   | [INFO] Downloading from central: https://repo.maven.apache.org/maven2/org/apache/httpcomponents/httpcore/4.3.2/httpcore-4.3.2.jar
[28cf14d0-7b81-4087-ab60-082c632024fe/build]   | [INFO] Downloaded from central: https://repo.maven.apache.org/maven2/com/fasterxml/jackson/module/jackson-module-jaxb-annotations/2.3.1/jackson-module-jaxb-annotations-2.3.1.jar (32 kB at 59 kB/s)
[28cf14d0-7b81-4087-ab60-082c632024fe/build]   | [INFO] Downloading from central: https://repo.maven.apache.org/maven2/org/slf4j/jcl-over-slf4j/1.7.7/jcl-over-slf4j-1.7.7.jar
[28cf14d0-7b81-4087-ab60-082c632024fe/build]   | [INFO] Downloaded from central: https://repo.maven.apache.org/maven2/commons-codec/commons-codec/1.6/commons-codec-1.6.jar (233 kB at 411 kB/s)
[28cf14d0-7b81-4087-ab60-082c632024fe/build]   | [INFO] Downloading from central: https://repo.maven.apache.org/maven2/javax/inject/javax.inject/1/javax.inject-1.jar
[28cf14d0-7b81-4087-ab60-082c632024fe/build]   | [INFO] Downloaded from central: https://repo.maven.apache.org/maven2/org/apache/httpcomponents/httpcore/4.3.2/httpcore-4.3.2.jar (282 kB at 493 kB/s)
[28cf14d0-7b81-4087-ab60-082c632024fe/build]   | [INFO] Downloading from central: https://repo.maven.apache.org/maven2/org/sonatype/spice/zapper/spice-zapper/1.3/spice-zapper-1.3.jar
[28cf14d0-7b81-4087-ab60-082c632024fe/build]   | [INFO] Downloaded from central: https://repo.maven.apache.org/maven2/org/slf4j/jcl-over-slf4j/1.7.7/jcl-over-slf4j-1.7.7.jar (17 kB at 29 kB/s)
[28cf14d0-7b81-4087-ab60-082c632024fe/build]   | [INFO] Downloading from central: https://repo.maven.apache.org/maven2/org/fusesource/hawtbuf/hawtbuf-proto/1.9/hawtbuf-proto-1.9.jar
[28cf14d0-7b81-4087-ab60-082c632024fe/build]   | [INFO] Downloaded from central: https://repo.maven.apache.org/maven2/org/apache/httpcomponents/httpclient/4.3.5/httpclient-4.3.5.jar (591 kB at 1.0 MB/s)
[28cf14d0-7b81-4087-ab60-082c632024fe/build]   | [INFO] Downloading from central: https://repo.maven.apache.org/maven2/org/fusesource/hawtbuf/hawtbuf/1.9/hawtbuf-1.9.jar
[28cf14d0-7b81-4087-ab60-082c632024fe/build]   | [INFO] Downloaded from central: https://repo.maven.apache.org/maven2/javax/inject/javax.inject/1/javax.inject-1.jar (2.5 kB at 4.2 kB/s)
[28cf14d0-7b81-4087-ab60-082c632024fe/build]   | [INFO] Downloading from central: https://repo.maven.apache.org/maven2/org/codehaus/plexus/plexus-utils/3.0.8/plexus-utils-3.0.8.jar
[28cf14d0-7b81-4087-ab60-082c632024fe/build]   | [INFO] Downloaded from central: https://repo.maven.apache.org/maven2/org/fusesource/hawtbuf/hawtbuf-proto/1.9/hawtbuf-proto-1.9.jar (27 kB at 45 kB/s)
[28cf14d0-7b81-4087-ab60-082c632024fe/build]   | [INFO] Downloading from central: https://repo.maven.apache.org/maven2/org/codehaus/plexus/plexus-interpolation/1.15/plexus-interpolation-1.15.jar
[28cf14d0-7b81-4087-ab60-082c632024fe/build]   | [INFO] Downloaded from central: https://repo.maven.apache.org/maven2/com/fasterxml/jackson/core/jackson-databind/2.3.1/jackson-databind-2.3.1.jar (914 kB at 1.5 MB/s)
[28cf14d0-7b81-4087-ab60-082c632024fe/build]   | [INFO] Downloading from central: https://repo.maven.apache.org/maven2/org/sonatype/aether/aether-api/1.13.1/aether-api-1.13.1.jar
[28cf14d0-7b81-4087-ab60-082c632024fe/build]   | [INFO] Downloaded from central: https://repo.maven.apache.org/maven2/org/sonatype/spice/zapper/spice-zapper/1.3/spice-zapper-1.3.jar (121 kB at 197 kB/s)
[28cf14d0-7b81-4087-ab60-082c632024fe/build]   | [INFO] Downloading from central: https://repo.maven.apache.org/maven2/ch/qos/logback/logback-core/1.1.2/logback-core-1.1.2.jar
[28cf14d0-7b81-4087-ab60-082c632024fe/build]   | [INFO] Downloaded from central: https://repo.maven.apache.org/maven2/org/fusesource/hawtbuf/hawtbuf/1.9/hawtbuf-1.9.jar (50 kB at 81 kB/s)
[28cf14d0-7b81-4087-ab60-082c632024fe/build]   | [INFO] Downloading from central: https://repo.maven.apache.org/maven2/ch/qos/logback/logback-classic/1.1.2/logback-classic-1.1.2.jar
[28cf14d0-7b81-4087-ab60-082c632024fe/build]   | [INFO] Downloaded from central: https://repo.maven.apache.org/maven2/org/codehaus/plexus/plexus-interpolation/1.15/plexus-interpolation-1.15.jar (60 kB at 94 kB/s)
[28cf14d0-7b81-4087-ab60-082c632024fe/build]   | [INFO] Downloaded from central: https://repo.maven.apache.org/maven2/org/sonatype/aether/aether-api/1.13.1/aether-api-1.13.1.jar (90 kB at 138 kB/s)
[28cf14d0-7b81-4087-ab60-082c632024fe/build]   | [INFO] Downloaded from central: https://repo.maven.apache.org/maven2/ch/qos/logback/logback-classic/1.1.2/logback-classic-1.1.2.jar (271 kB at 414 kB/s)
[28cf14d0-7b81-4087-ab60-082c632024fe/build]   | [INFO] Downloaded from central: https://repo.maven.apache.org/maven2/org/codehaus/plexus/plexus-utils/3.0.8/plexus-utils-3.0.8.jar (232 kB at 354 kB/s)
[28cf14d0-7b81-4087-ab60-082c632024fe/build]   | [INFO] Downloaded from central: https://repo.maven.apache.org/maven2/ch/qos/logback/logback-core/1.1.2/logback-core-1.1.2.jar (428 kB at 639 kB/s)
[28cf14d0-7b81-4087-ab60-082c632024fe/build]   | [INFO] Inspecting build with total of 1 modules...
[28cf14d0-7b81-4087-ab60-082c632024fe/build]   | [INFO] Installing Nexus Staging features:
[28cf14d0-7b81-4087-ab60-082c632024fe/build]   | [INFO]   ... total of 1 executions of maven-deploy-plugin replaced with nexus-staging-maven-plugin
[28cf14d0-7b81-4087-ab60-082c632024fe/build]   | [INFO] 
[28cf14d0-7b81-4087-ab60-082c632024fe/build]   | [INFO] ------------------< com.github.davidmoten:word-wrap >-------------------
[28cf14d0-7b81-4087-ab60-082c632024fe/build]   | [INFO] Building word-wrap 0.1.12-SNAPSHOT
[28cf14d0-7b81-4087-ab60-082c632024fe/build]   | [INFO]   from pom.xml
[28cf14d0-7b81-4087-ab60-082c632024fe/build]   | [INFO] --------------------------------[ jar ]---------------------------------
[28cf14d0-7b81-4087-ab60-082c632024fe/build]   | [INFO] Downloading from central: https://repo.maven.apache.org/maven2/org/jacoco/jacoco-maven-plugin/0.8.8/jacoco-maven-plugin-0.8.8.pom
[28cf14d0-7b81-4087-ab60-082c632024fe/build]   | [INFO] Downloaded from central: https://repo.maven.apache.org/maven2/org/jacoco/jacoco-maven-plugin/0.8.8/jacoco-maven-plugin-0.8.8.pom (3.8 kB at 88 kB/s)
[28cf14d0-7b81-4087-ab60-082c632024fe/build]   | [INFO] Downloading from central: https://repo.maven.apache.org/maven2/org/jacoco/org.jacoco.build/0.8.8/org.jacoco.build-0.8.8.pom
[28cf14d0-7b81-4087-ab60-082c632024fe/build]   | [INFO] Downloaded from central: https://repo.maven.apache.org/maven2/org/jacoco/org.jacoco.build/0.8.8/org.jacoco.build-0.8.8.pom (44 kB at 1.1 MB/s)
[28cf14d0-7b81-4087-ab60-082c632024fe/build]   | [INFO] Downloading from central: https://repo.maven.apache.org/maven2/org/jacoco/jacoco-maven-plugin/0.8.8/jacoco-maven-plugin-0.8.8.jar
[28cf14d0-7b81-4087-ab60-082c632024fe/build]   | [INFO] Downloaded from central: https://repo.maven.apache.org/maven2/org/jacoco/jacoco-maven-plugin/0.8.8/jacoco-maven-plugin-0.8.8.jar (56 kB at 1.6 MB/s)
[28cf14d0-7b81-4087-ab60-082c632024fe/build]   | [INFO] Downloading from central: https://repo.maven.apache.org/maven2/org/apache/maven/plugins/maven-site-plugin/3.12.1/maven-site-plugin-3.12.1.pom
[28cf14d0-7b81-4087-ab60-082c632024fe/build]   | [INFO] Downloaded from central: https://repo.maven.apache.org/maven2/org/apache/maven/plugins/maven-site-plugin/3.12.1/maven-site-plugin-3.12.1.pom (20 kB at 795 kB/s)
[28cf14d0-7b81-4087-ab60-082c632024fe/build]   | [INFO] Downloading from central: https://repo.maven.apache.org/maven2/org/apache/maven/plugins/maven-plugins/36/maven-plugins-36.pom
[28cf14d0-7b81-4087-ab60-082c632024fe/build]   | [INFO] Downloaded from central: https://repo.maven.apache.org/maven2/org/apache/maven/plugins/maven-plugins/36/maven-plugins-36.pom (9.9 kB at 431 kB/s)
[28cf14d0-7b81-4087-ab60-082c632024fe/build]   | [INFO] Downloading from central: https://repo.maven.apache.org/maven2/org/apache/maven/maven-parent/36/maven-parent-36.pom
[28cf14d0-7b81-4087-ab60-082c632024fe/build]   | [INFO] Downloaded from central: https://repo.maven.apache.org/maven2/org/apache/maven/maven-parent/36/maven-parent-36.pom (45 kB at 1.2 MB/s)
[28cf14d0-7b81-4087-ab60-082c632024fe/build]   | [INFO] Downloading from central: https://repo.maven.apache.org/maven2/org/apache/apache/26/apache-26.pom
[28cf14d0-7b81-4087-ab60-082c632024fe/build]   | [INFO] Downloaded from central: https://repo.maven.apache.org/maven2/org/apache/apache/26/apache-26.pom (21 kB at 761 kB/s)
[28cf14d0-7b81-4087-ab60-082c632024fe/build]   | [INFO] Downloading from central: https://repo.maven.apache.org/maven2/org/apache/maven/plugins/maven-site-plugin/3.12.1/maven-site-plugin-3.12.1.jar
[28cf14d0-7b81-4087-ab60-082c632024fe/build]   | [INFO] Downloaded from central: https://repo.maven.apache.org/maven2/org/apache/maven/plugins/maven-site-plugin/3.12.1/maven-site-plugin-3.12.1.jar (119 kB at 3.5 MB/s)
[28cf14d0-7b81-4087-ab60-082c632024fe/build]   | [INFO] Downloading from central: https://repo.maven.apache.org/maven2/org/apache/maven/plugins/maven-resources-plugin/2.6/maven-resources-plugin-2.6.pom
[28cf14d0-7b81-4087-ab60-082c632024fe/build]   | [INFO] Downloaded from central: https://repo.maven.apache.org/maven2/org/apache/maven/plugins/maven-resources-plugin/2.6/maven-resources-plugin-2.6.pom (8.1 kB at 246 kB/s)
[28cf14d0-7b81-4087-ab60-082c632024fe/build]   | [INFO] Downloading from central: https://repo.maven.apache.org/maven2/org/apache/maven/plugins/maven-plugins/23/maven-plugins-23.pom
[28cf14d0-7b81-4087-ab60-082c632024fe/build]   | [INFO] Downloaded from central: https://repo.maven.apache.org/maven2/org/apache/maven/plugins/maven-plugins/23/maven-plugins-23.pom (9.2 kB at 279 kB/s)
[28cf14d0-7b81-4087-ab60-082c632024fe/build]   | [INFO] Downloading from central: https://repo.maven.apache.org/maven2/org/apache/maven/maven-parent/22/maven-parent-22.pom
[28cf14d0-7b81-4087-ab60-082c632024fe/build]   | [INFO] Downloaded from central: https://repo.maven.apache.org/maven2/org/apache/maven/maven-parent/22/maven-parent-22.pom (30 kB at 692 kB/s)
[28cf14d0-7b81-4087-ab60-082c632024fe/build]   | [INFO] Downloading from central: https://repo.maven.apache.org/maven2/org/apache/apache/11/apache-11.pom
[28cf14d0-7b81-4087-ab60-082c632024fe/build]   | [INFO] Downloaded from central: https://repo.maven.apache.org/maven2/org/apache/apache/11/apache-11.pom (15 kB at 449 kB/s)
[28cf14d0-7b81-4087-ab60-082c632024fe/build]   | [INFO] Downloading from central: https://repo.maven.apache.org/maven2/org/apache/maven/plugins/maven-resources-plugin/2.6/maven-resources-plugin-2.6.jar
[28cf14d0-7b81-4087-ab60-082c632024fe/build]   | [INFO] Downloaded from central: https://repo.maven.apache.org/maven2/org/apache/maven/plugins/maven-resources-plugin/2.6/maven-resources-plugin-2.6.jar (30 kB at 843 kB/s)
[28cf14d0-7b81-4087-ab60-082c632024fe/build]   | [INFO] Downloading from central: https://repo.maven.apache.org/maven2/org/apache/maven/plugins/maven-compiler-plugin/3.10.1/maven-compiler-plugin-3.10.1.pom
[28cf14d0-7b81-4087-ab60-082c632024fe/build]   | [INFO] Downloaded from central: https://repo.maven.apache.org/maven2/org/apache/maven/plugins/maven-compiler-plugin/3.10.1/maven-compiler-plugin-3.10.1.pom (13 kB at 420 kB/s)
[28cf14d0-7b81-4087-ab60-082c632024fe/build]   | [INFO] Downloading from central: https://repo.maven.apache.org/maven2/org/apache/maven/plugins/maven-plugins/34/maven-plugins-34.pom
[28cf14d0-7b81-4087-ab60-082c632024fe/build]   | [INFO] Downloaded from central: https://repo.maven.apache.org/maven2/org/apache/maven/plugins/maven-plugins/34/maven-plugins-34.pom (11 kB at 232 kB/s)
[28cf14d0-7b81-4087-ab60-082c632024fe/build]   | [INFO] Downloading from central: https://repo.maven.apache.org/maven2/org/apache/maven/maven-parent/34/maven-parent-34.pom
[28cf14d0-7b81-4087-ab60-082c632024fe/build]   | [INFO] Downloaded from central: https://repo.maven.apache.org/maven2/org/apache/maven/maven-parent/34/maven-parent-34.pom (43 kB at 765 kB/s)
[28cf14d0-7b81-4087-ab60-082c632024fe/build]   | [INFO] Downloading from central: https://repo.maven.apache.org/maven2/org/apache/apache/23/apache-23.pom
[28cf14d0-7b81-4087-ab60-082c632024fe/build]   | [INFO] Downloaded from central: https://repo.maven.apache.org/maven2/org/apache/apache/23/apache-23.pom (18 kB at 302 kB/s)
[28cf14d0-7b81-4087-ab60-082c632024fe/build]   | [INFO] Downloading from central: https://repo.maven.apache.org/maven2/org/apache/maven/plugins/maven-compiler-plugin/3.10.1/maven-compiler-plugin-3.10.1.jar
[28cf14d0-7b81-4087-ab60-082c632024fe/build]   | [INFO] Downloaded from central: https://repo.maven.apache.org/maven2/org/apache/maven/plugins/maven-compiler-plugin/3.10.1/maven-compiler-plugin-3.10.1.jar (62 kB at 1.1 MB/s)
[28cf14d0-7b81-4087-ab60-082c632024fe/build]   | [INFO] Downloading from central: https://repo.maven.apache.org/maven2/org/apache/maven/plugins/maven-surefire-plugin/2.12.4/maven-surefire-plugin-2.12.4.pom
[28cf14d0-7b81-4087-ab60-082c632024fe/build]   | [INFO] Downloaded from central: https://repo.maven.apache.org/maven2/org/apache/maven/plugins/maven-surefire-plugin/2.12.4/maven-surefire-plugin-2.12.4.pom (10 kB at 161 kB/s)
[28cf14d0-7b81-4087-ab60-082c632024fe/build]   | [INFO] Downloading from central: https://repo.maven.apache.org/maven2/org/apache/maven/surefire/surefire/2.12.4/surefire-2.12.4.pom
[28cf14d0-7b81-4087-ab60-082c632024fe/build]   | [INFO] Downloaded from central: https://repo.maven.apache.org/maven2/org/apache/maven/surefire/surefire/2.12.4/surefire-2.12.4.pom (14 kB at 150 kB/s)
[28cf14d0-7b81-4087-ab60-082c632024fe/build]   | [INFO] Downloading from central: https://repo.maven.apache.org/maven2/org/apache/maven/plugins/maven-surefire-plugin/2.12.4/maven-surefire-plugin-2.12.4.jar
[28cf14d0-7b81-4087-ab60-082c632024fe/build]   | [INFO] Downloaded from central: https://repo.maven.apache.org/maven2/org/apache/maven/plugins/maven-surefire-plugin/2.12.4/maven-surefire-plugin-2.12.4.jar (30 kB at 170 kB/s)
[28cf14d0-7b81-4087-ab60-082c632024fe/build]   | [INFO] Downloading from central: https://repo.maven.apache.org/maven2/org/apache/maven/plugins/maven-jar-plugin/3.3.0/maven-jar-plugin-3.3.0.pom
[28cf14d0-7b81-4087-ab60-082c632024fe/build]   | [INFO] Downloaded from central: https://repo.maven.apache.org/maven2/org/apache/maven/plugins/maven-jar-plugin/3.3.0/maven-jar-plugin-3.3.0.pom (6.8 kB at 93 kB/s)
[28cf14d0-7b81-4087-ab60-082c632024fe/build]   | [INFO] Downloading from central: https://repo.maven.apache.org/maven2/org/apache/maven/plugins/maven-plugins/37/maven-plugins-37.pom
[28cf14d0-7b81-4087-ab60-082c632024fe/build]   | [INFO] Downloaded from central: https://repo.maven.apache.org/maven2/org/apache/maven/plugins/maven-plugins/37/maven-plugins-37.pom (9.9 kB at 160 kB/s)
[28cf14d0-7b81-4087-ab60-082c632024fe/build]   | [INFO] Downloading from central: https://repo.maven.apache.org/maven2/org/apache/maven/maven-parent/37/maven-parent-37.pom
[28cf14d0-7b81-4087-ab60-082c632024fe/build]   | [INFO] Downloaded from central: https://repo.maven.apache.org/maven2/org/apache/maven/maven-parent/37/maven-parent-37.pom (46 kB at 671 kB/s)
[28cf14d0-7b81-4087-ab60-082c632024fe/build]   | [INFO] Downloading from central: https://repo.maven.apache.org/maven2/org/apache/apache/27/apache-27.pom
[28cf14d0-7b81-4087-ab60-082c632024fe/build]   | [INFO] Downloaded from central: https://repo.maven.apache.org/maven2/org/apache/apache/27/apache-27.pom (20 kB at 318 kB/s)
[28cf14d0-7b81-4087-ab60-082c632024fe/build]   | [INFO] Downloading from central: https://repo.maven.apache.org/maven2/org/apache/maven/plugins/maven-jar-plugin/3.3.0/maven-jar-plugin-3.3.0.jar
[28cf14d0-7b81-4087-ab60-082c632024fe/build]   | [INFO] Downloaded from central: https://repo.maven.apache.org/maven2/org/apache/maven/plugins/maven-jar-plugin/3.3.0/maven-jar-plugin-3.3.0.jar (27 kB at 300 kB/s)
[28cf14d0-7b81-4087-ab60-082c632024fe/build]   | [INFO] Downloading from central: https://repo.maven.apache.org/maven2/com/github/davidmoten/guava-mini/0.1.4/guava-mini-0.1.4.pom
[28cf14d0-7b81-4087-ab60-082c632024fe/build]   | [INFO] Downloaded from central: https://repo.maven.apache.org/maven2/com/github/davidmoten/guava-mini/0.1.4/guava-mini-0.1.4.pom (8.0 kB at 115 kB/s)
[28cf14d0-7b81-4087-ab60-082c632024fe/build]   | [INFO] Downloading from central: https://repo.maven.apache.org/maven2/junit/junit/4.13.2/junit-4.13.2.pom
[28cf14d0-7b81-4087-ab60-082c632024fe/build]   | [INFO] Downloaded from central: https://repo.maven.apache.org/maven2/junit/junit/4.13.2/junit-4.13.2.pom (27 kB at 392 kB/s)
[28cf14d0-7b81-4087-ab60-082c632024fe/build]   | [INFO] Downloading from central: https://repo.maven.apache.org/maven2/org/hamcrest/hamcrest-core/1.3/hamcrest-core-1.3.pom
[28cf14d0-7b81-4087-ab60-082c632024fe/build]   | [INFO] Downloaded from central: https://repo.maven.apache.org/maven2/org/hamcrest/hamcrest-core/1.3/hamcrest-core-1.3.pom (766 B at 12 kB/s)
[28cf14d0-7b81-4087-ab60-082c632024fe/build]   | [INFO] Downloading from central: https://repo.maven.apache.org/maven2/org/hamcrest/hamcrest-parent/1.3/hamcrest-parent-1.3.pom
[28cf14d0-7b81-4087-ab60-082c632024fe/build]   | [INFO] Downloaded from central: https://repo.maven.apache.org/maven2/org/hamcrest/hamcrest-parent/1.3/hamcrest-parent-1.3.pom (2.0 kB at 29 kB/s)
[28cf14d0-7b81-4087-ab60-082c632024fe/build]   | [INFO] Downloading from central: https://repo.maven.apache.org/maven2/com/github/davidmoten/junit-extras/0.4/junit-extras-0.4.pom
[28cf14d0-7b81-4087-ab60-082c632024fe/build]   | [INFO] Downloaded from central: https://repo.maven.apache.org/maven2/com/github/davidmoten/junit-extras/0.4/junit-extras-0.4.pom (8.6 kB at 148 kB/s)
[28cf14d0-7b81-4087-ab60-082c632024fe/build]   | [INFO] Downloading from central: https://repo.maven.apache.org/maven2/org/openjdk/jmh/jmh-core/1.36/jmh-core-1.36.pom
[28cf14d0-7b81-4087-ab60-082c632024fe/build]   | [INFO] Downloaded from central: https://repo.maven.apache.org/maven2/org/openjdk/jmh/jmh-core/1.36/jmh-core-1.36.pom (9.3 kB at 126 kB/s)
[28cf14d0-7b81-4087-ab60-082c632024fe/build]   | [INFO] Downloading from central: https://repo.maven.apache.org/maven2/org/openjdk/jmh/jmh-parent/1.36/jmh-parent-1.36.pom
[28cf14d0-7b81-4087-ab60-082c632024fe/build]   | [INFO] Downloaded from central: https://repo.maven.apache.org/maven2/org/openjdk/jmh/jmh-parent/1.36/jmh-parent-1.36.pom (12 kB at 138 kB/s)
[28cf14d0-7b81-4087-ab60-082c632024fe/build]   | [INFO] Downloading from central: https://repo.maven.apache.org/maven2/net/sf/jopt-simple/jopt-simple/5.0.4/jopt-simple-5.0.4.pom
[28cf14d0-7b81-4087-ab60-082c632024fe/build]   | [INFO] Downloaded from central: https://repo.maven.apache.org/maven2/net/sf/jopt-simple/jopt-simple/5.0.4/jopt-simple-5.0.4.pom (14 kB at 194 kB/s)
[28cf14d0-7b81-4087-ab60-082c632024fe/build]   | [INFO] Downloading from central: https://repo.maven.apache.org/maven2/org/apache/commons/commons-math3/3.2/commons-math3-3.2.pom
[28cf14d0-7b81-4087-ab60-082c632024fe/build]   | [INFO] Downloaded from central: https://repo.maven.apache.org/maven2/org/apache/commons/commons-math3/3.2/commons-math3-3.2.pom (17 kB at 194 kB/s)
[28cf14d0-7b81-4087-ab60-082c632024fe/build]   | [INFO] Downloading from central: https://repo.maven.apache.org/maven2/org/apache/commons/commons-parent/28/commons-parent-28.pom
[28cf14d0-7b81-4087-ab60-082c632024fe/build]   | [INFO] Downloaded from central: https://repo.maven.apache.org/maven2/org/apache/commons/commons-parent/28/commons-parent-28.pom (50 kB at 716 kB/s)
[28cf14d0-7b81-4087-ab60-082c632024fe/build]   | [INFO] Downloading from central: https://repo.maven.apache.org/maven2/org/openjdk/jmh/jmh-generator-annprocess/1.36/jmh-generator-annprocess-1.36.pom
[28cf14d0-7b81-4087-ab60-082c632024fe/build]   | [INFO] Downloaded from central: https://repo.maven.apache.org/maven2/org/openjdk/jmh/jmh-generator-annprocess/1.36/jmh-generator-annprocess-1.36.pom (3.7 kB at 45 kB/s)
[28cf14d0-7b81-4087-ab60-082c632024fe/build]   | [INFO] Downloading from central: https://repo.maven.apache.org/maven2/com/github/davidmoten/guava-mini/0.1.4/guava-mini-0.1.4.jar
[28cf14d0-7b81-4087-ab60-082c632024fe/build]   | [INFO] Downloading from central: https://repo.maven.apache.org/maven2/junit/junit/4.13.2/junit-4.13.2.jar
[28cf14d0-7b81-4087-ab60-082c632024fe/build]   | [INFO] Downloading from central: https://repo.maven.apache.org/maven2/org/hamcrest/hamcrest-core/1.3/hamcrest-core-1.3.jar
[28cf14d0-7b81-4087-ab60-082c632024fe/build]   | [INFO] Downloading from central: https://repo.maven.apache.org/maven2/com/github/davidmoten/junit-extras/0.4/junit-extras-0.4.jar
[28cf14d0-7b81-4087-ab60-082c632024fe/build]   | [INFO] Downloading from central: https://repo.maven.apache.org/maven2/org/openjdk/jmh/jmh-core/1.36/jmh-core-1.36.jar
[28cf14d0-7b81-4087-ab60-082c632024fe/build]   | [INFO] Downloaded from central: https://repo.maven.apache.org/maven2/com/github/davidmoten/guava-mini/0.1.4/guava-mini-0.1.4.jar (15 kB at 209 kB/s)
[28cf14d0-7b81-4087-ab60-082c632024fe/build]   | [INFO] Downloading from central: https://repo.maven.apache.org/maven2/net/sf/jopt-simple/jopt-simple/5.0.4/jopt-simple-5.0.4.jar
[28cf14d0-7b81-4087-ab60-082c632024fe/build]   | [INFO] Downloaded from central: https://repo.maven.apache.org/maven2/org/hamcrest/hamcrest-core/1.3/hamcrest-core-1.3.jar (45 kB at 512 kB/s)
[28cf14d0-7b81-4087-ab60-082c632024fe/build]   | [INFO] Downloading from central: https://repo.maven.apache.org/maven2/org/apache/commons/commons-math3/3.2/commons-math3-3.2.jar
[28cf14d0-7b81-4087-ab60-082c632024fe/build]   | [INFO] Downloaded from central: https://repo.maven.apache.org/maven2/com/github/davidmoten/junit-extras/0.4/junit-extras-0.4.jar (8.0 kB at 78 kB/s)
[28cf14d0-7b81-4087-ab60-082c632024fe/build]   | [INFO] Downloading from central: https://repo.maven.apache.org/maven2/org/openjdk/jmh/jmh-generator-annprocess/1.36/jmh-generator-annprocess-1.36.jar
[28cf14d0-7b81-4087-ab60-082c632024fe/build]   | [INFO] Downloaded from central: https://repo.maven.apache.org/maven2/junit/junit/4.13.2/junit-4.13.2.jar (385 kB at 3.4 MB/s)
[28cf14d0-7b81-4087-ab60-082c632024fe/build]   | [INFO] Downloaded from central: https://repo.maven.apache.org/maven2/org/openjdk/jmh/jmh-core/1.36/jmh-core-1.36.jar (537 kB at 4.6 MB/s)
[28cf14d0-7b81-4087-ab60-082c632024fe/build]   | [INFO] Downloaded from central: https://repo.maven.apache.org/maven2/net/sf/jopt-simple/jopt-simple/5.0.4/jopt-simple-5.0.4.jar (78 kB at 535 kB/s)
[28cf14d0-7b81-4087-ab60-082c632024fe/build]   | [INFO] Downloaded from central: https://repo.maven.apache.org/maven2/org/openjdk/jmh/jmh-generator-annprocess/1.36/jmh-generator-annprocess-1.36.jar (31 kB at 191 kB/s)
[28cf14d0-7b81-4087-ab60-082c632024fe/build]   | [INFO] Downloaded from central: https://repo.maven.apache.org/maven2/org/apache/commons/commons-math3/3.2/commons-math3-3.2.jar (1.7 MB at 7.7 MB/s)
[28cf14d0-7b81-4087-ab60-082c632024fe/build]   | [INFO] 
[28cf14d0-7b81-4087-ab60-082c632024fe/build]   | [INFO] --- jacoco-maven-plugin:0.8.8:prepare-agent (default) @ word-wrap ---
[28cf14d0-7b81-4087-ab60-082c632024fe/build]   | [INFO] Downloading from central: https://repo.maven.apache.org/maven2/org/codehaus/plexus/plexus-utils/3.0.22/plexus-utils-3.0.22.pom
[28cf14d0-7b81-4087-ab60-082c632024fe/build]   | [INFO] Downloaded from central: https://repo.maven.apache.org/maven2/org/codehaus/plexus/plexus-utils/3.0.22/plexus-utils-3.0.22.pom (3.8 kB at 62 kB/s)
[28cf14d0-7b81-4087-ab60-082c632024fe/build]   | [INFO] Downloading from central: https://repo.maven.apache.org/maven2/org/codehaus/plexus/plexus/3.3.1/plexus-3.3.1.pom
[28cf14d0-7b81-4087-ab60-082c632024fe/build]   | [INFO] Downloaded from central: https://repo.maven.apache.org/maven2/org/codehaus/plexus/plexus/3.3.1/plexus-3.3.1.pom (20 kB at 310 kB/s)
[28cf14d0-7b81-4087-ab60-082c632024fe/build]   | [INFO] Downloading from central: https://repo.maven.apache.org/maven2/org/apache/maven/shared/file-management/1.2.1/file-management-1.2.1.pom
[28cf14d0-7b81-4087-ab60-082c632024fe/build]   | [INFO] Downloaded from central: https://repo.maven.apache.org/maven2/org/apache/maven/shared/file-management/1.2.1/file-management-1.2.1.pom (3.9 kB at 57 kB/s)
[28cf14d0-7b81-4087-ab60-082c632024fe/build]   | [INFO] Downloading from central: https://repo.maven.apache.org/maven2/org/apache/maven/shared/maven-shared-components/10/maven-shared-components-10.pom
[28cf14d0-7b81-4087-ab60-082c632024fe/build]   | [INFO] Downloaded from central: https://repo.maven.apache.org/maven2/org/apache/maven/shared/maven-shared-components/10/maven-shared-components-10.pom (8.4 kB at 151 kB/s)
[28cf14d0-7b81-4087-ab60-082c632024fe/build]   | [INFO] Downloading from central: https://repo.maven.apache.org/maven2/org/apache/maven/maven-parent/9/maven-parent-9.pom
[28cf14d0-7b81-4087-ab60-082c632024fe/build]   | [INFO] Downloaded from central: https://repo.maven.apache.org/maven2/org/apache/maven/maven-parent/9/maven-parent-9.pom (33 kB at 620 kB/s)
[28cf14d0-7b81-4087-ab60-082c632024fe/build]   | [INFO] Downloading from central: https://repo.maven.apache.org/maven2/org/apache/maven/maven-plugin-api/2.0.6/maven-plugin-api-2.0.6.pom
[28cf14d0-7b81-4087-ab60-082c632024fe/build]   | [INFO] Downloaded from central: https://repo.maven.apache.org/maven2/org/apache/maven/maven-plugin-api/2.0.6/maven-plugin-api-2.0.6.pom (1.5 kB at 26 kB/s)
[28cf14d0-7b81-4087-ab60-082c632024fe/build]   | [INFO] Downloading from central: https://repo.maven.apache.org/maven2/org/apache/maven/maven/2.0.6/maven-2.0.6.pom
[28cf14d0-7b81-4087-ab60-082c632024fe/build]   | [INFO] Downloaded from central: https://repo.maven.apache.org/maven2/org/apache/maven/maven/2.0.6/maven-2.0.6.pom (9.0 kB at 188 kB/s)
[28cf14d0-7b81-4087-ab60-082c632024fe/build]   | [INFO] Downloading from central: https://repo.maven.apache.org/maven2/org/apache/maven/maven-parent/5/maven-parent-5.pom
[28cf14d0-7b81-4087-ab60-082c632024fe/build]   | [INFO] Downloaded from central: https://repo.maven.apache.org/maven2/org/apache/maven/maven-parent/5/maven-parent-5.pom (15 kB at 258 kB/s)
[28cf14d0-7b81-4087-ab60-082c632024fe/build]   | [INFO] Downloading from central: https://repo.maven.apache.org/maven2/org/apache/apache/3/apache-3.pom
[28cf14d0-7b81-4087-ab60-082c632024fe/build]   | [INFO] Downloaded from central: https://repo.maven.apache.org/maven2/org/apache/apache/3/apache-3.pom (3.4 kB at 76 kB/s)
[28cf14d0-7b81-4087-ab60-082c632024fe/build]   | [INFO] Downloading from central: https://repo.maven.apache.org/maven2/org/apache/maven/shared/maven-shared-io/1.1/maven-shared-io-1.1.pom
[28cf14d0-7b81-4087-ab60-082c632024fe/build]   | [INFO] Downloaded from central: https://repo.maven.apache.org/maven2/org/apache/maven/shared/maven-shared-io/1.1/maven-shared-io-1.1.pom (4.1 kB at 99 kB/s)
[28cf14d0-7b81-4087-ab60-082c632024fe/build]   | [INFO] Downloading from central: https://repo.maven.apache.org/maven2/org/apache/maven/shared/maven-shared-components/8/maven-shared-components-8.pom
[28cf14d0-7b81-4087-ab60-082c632024fe/build]   | [INFO] Downloaded from central: https://repo.maven.apache.org/maven2/org/apache/maven/shared/maven-shared-components/8/maven-shared-components-8.pom (2.7 kB at 69 kB/s)
[28cf14d0-7b81-4087-ab60-082c632024fe/build]   | [INFO] Downloading from central: https://repo.maven.apache.org/maven2/org/apache/maven/maven-parent/7/maven-parent-7.pom
[28cf14d0-7b81-4087-ab60-082c632024fe/build]   | [INFO] Downloaded from central: https://repo.maven.apache.org/maven2/org/apache/maven/maven-parent/7/maven-parent-7.pom (21 kB at 759 kB/s)
[28cf14d0-7b81-4087-ab60-082c632024fe/build]   | [INFO] Downloading from central: https://repo.maven.apache.org/maven2/org/apache/maven/maven-artifact/2.0.2/maven-artifact-2.0.2.pom
[28cf14d0-7b81-4087-ab60-082c632024fe/build]   | [INFO] Downloaded from central: https://repo.maven.apache.org/maven2/org/apache/maven/maven-artifact/2.0.2/maven-artifact-2.0.2.pom (765 B at 17 kB/s)
[28cf14d0-7b81-4087-ab60-082c632024fe/build]   | [INFO] Downloading from central: https://repo.maven.apache.org/maven2/org/apache/maven/maven/2.0.2/maven-2.0.2.pom
[28cf14d0-7b81-4087-ab60-082c632024fe/build]   | [INFO] Downloaded from central: https://repo.maven.apache.org/maven2/org/apache/maven/maven/2.0.2/maven-2.0.2.pom (13 kB at 280 kB/s)
[28cf14d0-7b81-4087-ab60-082c632024fe/build]   | [INFO] Downloading from central: https://repo.maven.apache.org/maven2/org/codehaus/plexus/plexus-utils/1.1/plexus-utils-1.1.pom
[28cf14d0-7b81-4087-ab60-082c632024fe/build]   | [INFO] Downloaded from central: https://repo.maven.apache.org/maven2/org/codehaus/plexus/plexus-utils/1.1/plexus-utils-1.1.pom (767 B at 20 kB/s)
[28cf14d0-7b81-4087-ab60-082c632024fe/build]   | [INFO] Downloading from central: https://repo.maven.apache.org/maven2/org/codehaus/plexus/plexus/1.0.4/plexus-1.0.4.pom
[28cf14d0-7b81-4087-ab60-082c632024fe/build]   | [INFO] Downloaded from central: https://repo.maven.apache.org/maven2/org/codehaus/plexus/plexus/1.0.4/plexus-1.0.4.pom (5.7 kB at 137 kB/s)
[28cf14d0-7b81-4087-ab60-082c632024fe/build]   | [INFO] Downloading from central: https://repo.maven.apache.org/maven2/org/apache/maven/maven-artifact-manager/2.0.2/maven-artifact-manager-2.0.2.pom
[28cf14d0-7b81-4087-ab60-082c632024fe/build]   | [INFO] Downloaded from central: https://repo.maven.apache.org/maven2/org/apache/maven/maven-artifact-manager/2.0.2/maven-artifact-manager-2.0.2.pom (1.4 kB at 28 kB/s)
[28cf14d0-7b81-4087-ab60-082c632024fe/build]   | [INFO] Downloading from central: https://repo.maven.apache.org/maven2/org/apache/maven/maven-repository-metadata/2.0.2/maven-repository-metadata-2.0.2.pom
[28cf14d0-7b81-4087-ab60-082c632024fe/build]   | [INFO] Downloaded from central: https://repo.maven.apache.org/maven2/org/apache/maven/maven-repository-metadata/2.0.2/maven-repository-metadata-2.0.2.pom (1.3 kB at 26 kB/s)
[28cf14d0-7b81-4087-ab60-082c632024fe/build]   | [INFO] Downloading from central: https://repo.maven.apache.org/maven2/org/codehaus/plexus/plexus-container-default/1.0-alpha-9/plexus-container-default-1.0-alpha-9.pom
[28cf14d0-7b81-4087-ab60-082c632024fe/build]   | [INFO] Downloaded from central: https://repo.maven.apache.org/maven2/org/codehaus/plexus/plexus-container-default/1.0-alpha-9/plexus-container-default-1.0-alpha-9.pom (1.2 kB at 24 kB/s)
[28cf14d0-7b81-4087-ab60-082c632024fe/build]   | [INFO] Downloading from central: https://repo.maven.apache.org/maven2/org/codehaus/plexus/plexus-containers/1.0.3/plexus-containers-1.0.3.pom
[28cf14d0-7b81-4087-ab60-082c632024fe/build]   | [INFO] Downloaded from central: https://repo.maven.apache.org/maven2/org/codehaus/plexus/plexus-containers/1.0.3/plexus-containers-1.0.3.pom (492 B at 13 kB/s)
[28cf14d0-7b81-4087-ab60-082c632024fe/build]   | [INFO] Downloading from central: https://repo.maven.apache.org/maven2/junit/junit/4.13.1/junit-4.13.1.pom
[28cf14d0-7b81-4087-ab60-082c632024fe/build]   | [INFO] Downloaded from central: https://repo.maven.apache.org/maven2/junit/junit/4.13.1/junit-4.13.1.pom (25 kB at 627 kB/s)
[28cf14d0-7b81-4087-ab60-082c632024fe/build]   | [INFO] Downloading from central: https://repo.maven.apache.org/maven2/org/codehaus/plexus/plexus-utils/1.0.4/plexus-utils-1.0.4.pom
[28cf14d0-7b81-4087-ab60-082c632024fe/build]   | [INFO] Downloaded from central: https://repo.maven.apache.org/maven2/org/codehaus/plexus/plexus-utils/1.0.4/plexus-utils-1.0.4.pom (6.9 kB at 221 kB/s)
[28cf14d0-7b81-4087-ab60-082c632024fe/build]   | [INFO] Downloading from central: https://repo.maven.apache.org/maven2/classworlds/classworlds/1.1-alpha-2/classworlds-1.1-alpha-2.pom
[28cf14d0-7b81-4087-ab60-082c632024fe/build]   | [INFO] Downloaded from central: https://repo.maven.apache.org/maven2/classworlds/classworlds/1.1-alpha-2/classworlds-1.1-alpha-2.pom (3.1 kB at 101 kB/s)
[28cf14d0-7b81-4087-ab60-082c632024fe/build]   | [INFO] Downloading from central: https://repo.maven.apache.org/maven2/org/apache/maven/wagon/wagon-provider-api/1.0-alpha-6/wagon-provider-api-1.0-alpha-6.pom
[28cf14d0-7b81-4087-ab60-082c632024fe/build]   | [INFO] Downloaded from central: https://repo.maven.apache.org/maven2/org/apache/maven/wagon/wagon-provider-api/1.0-alpha-6/wagon-provider-api-1.0-alpha-6.pom (588 B at 17 kB/s)
[28cf14d0-7b81-4087-ab60-082c632024fe/build]   | [INFO] Downloading from central: https://repo.maven.apache.org/maven2/org/apache/maven/wagon/wagon/1.0-alpha-6/wagon-1.0-alpha-6.pom
[28cf14d0-7b81-4087-ab60-082c632024fe/build]   | [INFO] Downloaded from central: https://repo.maven.apache.org/maven2/org/apache/maven/wagon/wagon/1.0-alpha-6/wagon-1.0-alpha-6.pom (6.4 kB at 229 kB/s)
[28cf14d0-7b81-4087-ab60-082c632024fe/build]   | [INFO] Downloading from central: https://repo.maven.apache.org/maven2/org/codehaus/plexus/plexus-utils/1.4.6/plexus-utils-1.4.6.pom
[28cf14d0-7b81-4087-ab60-082c632024fe/build]   | [INFO] Downloaded from central: https://repo.maven.apache.org/maven2/org/codehaus/plexus/plexus-utils/1.4.6/plexus-utils-1.4.6.pom (2.3 kB at 60 kB/s)
[28cf14d0-7b81-4087-ab60-082c632024fe/build]   | [INFO] Downloading from central: https://repo.maven.apache.org/maven2/org/codehaus/plexus/plexus/1.0.11/plexus-1.0.11.pom
[28cf14d0-7b81-4087-ab60-082c632024fe/build]   | [INFO] Downloaded from central: https://repo.maven.apache.org/maven2/org/codehaus/plexus/plexus/1.0.11/plexus-1.0.11.pom (9.0 kB at 94 kB/s)
[28cf14d0-7b81-4087-ab60-082c632024fe/build]   | [INFO] Downloading from central: https://repo.maven.apache.org/maven2/org/codehaus/plexus/plexus-utils/1.5.6/plexus-utils-1.5.6.pom
[28cf14d0-7b81-4087-ab60-082c632024fe/build]   | [INFO] Downloaded from central: https://repo.maven.apache.org/maven2/org/codehaus/plexus/plexus-utils/1.5.6/plexus-utils-1.5.6.pom (5.3 kB at 161 kB/s)
[28cf14d0-7b81-4087-ab60-082c632024fe/build]   | [INFO] Downloading from central: https://repo.maven.apache.org/maven2/org/codehaus/plexus/plexus/1.0.12/plexus-1.0.12.pom
[28cf14d0-7b81-4087-ab60-082c632024fe/build]   | [INFO] Downloaded from central: https://repo.maven.apache.org/maven2/org/codehaus/plexus/plexus/1.0.12/plexus-1.0.12.pom (9.8 kB at 172 kB/s)
[28cf14d0-7b81-4087-ab60-082c632024fe/build]   | [INFO] Downloading from central: https://repo.maven.apache.org/maven2/org/apache/maven/reporting/maven-reporting-api/3.0/maven-reporting-api-3.0.pom
[28cf14d0-7b81-4087-ab60-082c632024fe/build]   | [INFO] Downloaded from central: https://repo.maven.apache.org/maven2/org/apache/maven/reporting/maven-reporting-api/3.0/maven-reporting-api-3.0.pom (2.4 kB at 74 kB/s)
[28cf14d0-7b81-4087-ab60-082c632024fe/build]   | [INFO] Downloading from central: https://repo.maven.apache.org/maven2/org/apache/maven/shared/maven-shared-components/15/maven-shared-components-15.pom
[28cf14d0-7b81-4087-ab60-082c632024fe/build]   | [INFO] Downloaded from central: https://repo.maven.apache.org/maven2/org/apache/maven/shared/maven-shared-components/15/maven-shared-components-15.pom (9.3 kB at 359 kB/s)
[28cf14d0-7b81-4087-ab60-082c632024fe/build]   | [INFO] Downloading from central: https://repo.maven.apache.org/maven2/org/apache/maven/maven-parent/16/maven-parent-16.pom
[28cf14d0-7b81-4087-ab60-082c632024fe/build]   | [INFO] Downloaded from central: https://repo.maven.apache.org/maven2/org/apache/maven/maven-parent/16/maven-parent-16.pom (23 kB at 802 kB/s)
[28cf14d0-7b81-4087-ab60-082c632024fe/build]   | [INFO] Downloading from central: https://repo.maven.apache.org/maven2/org/apache/maven/doxia/doxia-sink-api/1.0/doxia-sink-api-1.0.pom
[28cf14d0-7b81-4087-ab60-082c632024fe/build]   | [INFO] Downloaded from central: https://repo.maven.apache.org/maven2/org/apache/maven/doxia/doxia-sink-api/1.0/doxia-sink-api-1.0.pom (1.4 kB at 55 kB/s)
[28cf14d0-7b81-4087-ab60-082c632024fe/build]   | [INFO] Downloading from central: https://repo.maven.apache.org/maven2/org/apache/maven/doxia/doxia/1.0/doxia-1.0.pom
[28cf14d0-7b81-4087-ab60-082c632024fe/build]   | [INFO] Downloaded from central: https://repo.maven.apache.org/maven2/org/apache/maven/doxia/doxia/1.0/doxia-1.0.pom (9.6 kB at 357 kB/s)
[28cf14d0-7b81-4087-ab60-082c632024fe/build]   | [INFO] Downloading from central: https://repo.maven.apache.org/maven2/org/apache/maven/maven-parent/10/maven-parent-10.pom
[28cf14d0-7b81-4087-ab60-082c632024fe/build]   | [INFO] Downloaded from central: https://repo.maven.apache.org/maven2/org/apache/maven/maven-parent/10/maven-parent-10.pom (32 kB at 1.5 MB/s)
[28cf14d0-7b81-4087-ab60-082c632024fe/build]   | [INFO] Downloading from central: https://repo.maven.apache.org/maven2/org/jacoco/org.jacoco.agent/0.8.8/org.jacoco.agent-0.8.8.pom
[28cf14d0-7b81-4087-ab60-082c632024fe/build]   | [INFO] Downloaded from central: https://repo.maven.apache.org/maven2/org/jacoco/org.jacoco.agent/0.8.8/org.jacoco.agent-0.8.8.pom (3.5 kB at 106 kB/s)
[28cf14d0-7b81-4087-ab60-082c632024fe/build]   | [INFO] Downloading from central: https://repo.maven.apache.org/maven2/org/jacoco/org.jacoco.core/0.8.8/org.jacoco.core-0.8.8.pom
[28cf14d0-7b81-4087-ab60-082c632024fe/build]   | [INFO] Downloaded from central: https://repo.maven.apache.org/maven2/org/jacoco/org.jacoco.core/0.8.8/org.jacoco.core-0.8.8.pom (2.1 kB at 55 kB/s)
[28cf14d0-7b81-4087-ab60-082c632024fe/build]   | [INFO] Downloading from central: https://repo.maven.apache.org/maven2/org/ow2/asm/asm/9.2/asm-9.2.pom
[28cf14d0-7b81-4087-ab60-082c632024fe/build]   | [INFO] Downloaded from central: https://repo.maven.apache.org/maven2/org/ow2/asm/asm/9.2/asm-9.2.pom (2.4 kB at 64 kB/s)
[28cf14d0-7b81-4087-ab60-082c632024fe/build]   | [INFO] Downloading from central: https://repo.maven.apache.org/maven2/org/ow2/ow2/1.5/ow2-1.5.pom
[28cf14d0-7b81-4087-ab60-082c632024fe/build]   | [INFO] Downloaded from central: https://repo.maven.apache.org/maven2/org/ow2/ow2/1.5/ow2-1.5.pom (11 kB at 229 kB/s)
[28cf14d0-7b81-4087-ab60-082c632024fe/build]   | [INFO] Downloading from central: https://repo.maven.apache.org/maven2/org/ow2/asm/asm-commons/9.2/asm-commons-9.2.pom
[28cf14d0-7b81-4087-ab60-082c632024fe/build]   | [INFO] Downloaded from central: https://repo.maven.apache.org/maven2/org/ow2/asm/asm-commons/9.2/asm-commons-9.2.pom (3.0 kB at 63 kB/s)
[28cf14d0-7b81-4087-ab60-082c632024fe/build]   | [INFO] Downloading from central: https://repo.maven.apache.org/maven2/org/ow2/asm/asm-tree/9.2/asm-tree-9.2.pom
[28cf14d0-7b81-4087-ab60-082c632024fe/build]   | [INFO] Downloaded from central: https://repo.maven.apache.org/maven2/org/ow2/asm/asm-tree/9.2/asm-tree-9.2.pom (2.6 kB at 70 kB/s)
[28cf14d0-7b81-4087-ab60-082c632024fe/build]   | [INFO] Downloading from central: https://repo.maven.apache.org/maven2/org/ow2/asm/asm-analysis/9.2/asm-analysis-9.2.pom
[28cf14d0-7b81-4087-ab60-082c632024fe/build]   | [INFO] Downloaded from central: https://repo.maven.apache.org/maven2/org/ow2/asm/asm-analysis/9.2/asm-analysis-9.2.pom (2.6 kB at 82 kB/s)
[28cf14d0-7b81-4087-ab60-082c632024fe/build]   | [INFO] Downloading from central: https://repo.maven.apache.org/maven2/org/jacoco/org.jacoco.report/0.8.8/org.jacoco.report-0.8.8.pom
[28cf14d0-7b81-4087-ab60-082c632024fe/build]   | [INFO] Downloaded from central: https://repo.maven.apache.org/maven2/org/jacoco/org.jacoco.report/0.8.8/org.jacoco.report-0.8.8.pom (1.9 kB at 82 kB/s)
[28cf14d0-7b81-4087-ab60-082c632024fe/build]   | [INFO] Downloading from central: https://repo.maven.apache.org/maven2/org/codehaus/plexus/plexus-utils/3.0.22/plexus-utils-3.0.22.jar
[28cf14d0-7b81-4087-ab60-082c632024fe/build]   | [INFO] Downloading from central: https://repo.maven.apache.org/maven2/org/apache/maven/maven-plugin-api/2.0.6/maven-plugin-api-2.0.6.jar
[28cf14d0-7b81-4087-ab60-082c632024fe/build]   | [INFO] Downloading from central: https://repo.maven.apache.org/maven2/org/apache/maven/shared/file-management/1.2.1/file-management-1.2.1.jar
[28cf14d0-7b81-4087-ab60-082c632024fe/build]   | [INFO] Downloading from central: https://repo.maven.apache.org/maven2/org/apache/maven/shared/maven-shared-io/1.1/maven-shared-io-1.1.jar
[28cf14d0-7b81-4087-ab60-082c632024fe/build]   | [INFO] Downloading from central: https://repo.maven.apache.org/maven2/org/apache/maven/maven-artifact/2.0.2/maven-artifact-2.0.2.jar
[28cf14d0-7b81-4087-ab60-082c632024fe/build]   | [INFO] Downloaded from central: https://repo.maven.apache.org/maven2/org/apache/maven/maven-plugin-api/2.0.6/maven-plugin-api-2.0.6.jar (13 kB at 559 kB/s)
[28cf14d0-7b81-4087-ab60-082c632024fe/build]   | [INFO] Downloading from central: https://repo.maven.apache.org/maven2/org/apache/maven/maven-artifact-manager/2.0.2/maven-artifact-manager-2.0.2.jar
[28cf14d0-7b81-4087-ab60-082c632024fe/build]   | [INFO] Downloaded from central: https://repo.maven.apache.org/maven2/org/apache/maven/shared/file-management/1.2.1/file-management-1.2.1.jar (38 kB at 1.2 MB/s)
[28cf14d0-7b81-4087-ab60-082c632024fe/build]   | [INFO] Downloading from central: https://repo.maven.apache.org/maven2/org/apache/maven/maven-repository-metadata/2.0.2/maven-repository-metadata-2.0.2.jar
[28cf14d0-7b81-4087-ab60-082c632024fe/build]   | [INFO] Downloaded from central: https://repo.maven.apache.org/maven2/org/apache/maven/maven-artifact/2.0.2/maven-artifact-2.0.2.jar (78 kB at 2.2 MB/s)
[28cf14d0-7b81-4087-ab60-082c632024fe/build]   | [INFO] Downloaded from central: https://repo.maven.apache.org/maven2/org/apache/maven/shared/maven-shared-io/1.1/maven-shared-io-1.1.jar (39 kB at 963 kB/s)
[28cf14d0-7b81-4087-ab60-082c632024fe/build]   | [INFO] Downloading from central: https://repo.maven.apache.org/maven2/org/apache/maven/wagon/wagon-provider-api/1.0-alpha-6/wagon-provider-api-1.0-alpha-6.jar
[28cf14d0-7b81-4087-ab60-082c632024fe/build]   | [INFO] Downloading from central: https://repo.maven.apache.org/maven2/org/codehaus/plexus/plexus-container-default/1.0-alpha-9/plexus-container-default-1.0-alpha-9.jar
[28cf14d0-7b81-4087-ab60-082c632024fe/build]   | [INFO] Downloaded from central: https://repo.maven.apache.org/maven2/org/apache/maven/maven-artifact-manager/2.0.2/maven-artifact-manager-2.0.2.jar (49 kB at 1.2 MB/s)
[28cf14d0-7b81-4087-ab60-082c632024fe/build]   | [INFO] Downloading from central: https://repo.maven.apache.org/maven2/junit/junit/4.13.1/junit-4.13.1.jar
[28cf14d0-7b81-4087-ab60-082c632024fe/build]   | [INFO] Downloaded from central: https://repo.maven.apache.org/maven2/org/codehaus/plexus/plexus-utils/3.0.22/plexus-utils-3.0.22.jar (245 kB at 4.0 MB/s)
[28cf14d0-7b81-4087-ab60-082c632024fe/build]   | [INFO] Downloading from central: https://repo.maven.apache.org/maven2/classworlds/classworlds/1.1-alpha-2/classworlds-1.1-alpha-2.jar
[28cf14d0-7b81-4087-ab60-082c632024fe/build]   | [INFO] Downloaded from central: https://repo.maven.apache.org/maven2/org/apache/maven/maven-repository-metadata/2.0.2/maven-repository-metadata-2.0.2.jar (20 kB at 352 kB/s)
[28cf14d0-7b81-4087-ab60-082c632024fe/build]   | [INFO] Downloading from central: https://repo.maven.apache.org/maven2/org/apache/maven/reporting/maven-reporting-api/3.0/maven-reporting-api-3.0.jar
[28cf14d0-7b81-4087-ab60-082c632024fe/build]   | [INFO] Downloaded from central: https://repo.maven.apache.org/maven2/org/codehaus/plexus/plexus-container-default/1.0-alpha-9/plexus-container-default-1.0-alpha-9.jar (195 kB at 3.4 MB/s)
[28cf14d0-7b81-4087-ab60-082c632024fe/build]   | [INFO] Downloading from central: https://repo.maven.apache.org/maven2/org/apache/maven/doxia/doxia-sink-api/1.0/doxia-sink-api-1.0.jar
[28cf14d0-7b81-4087-ab60-082c632024fe/build]   | [INFO] Downloaded from central: https://repo.maven.apache.org/maven2/org/apache/maven/wagon/wagon-provider-api/1.0-alpha-6/wagon-provider-api-1.0-alpha-6.jar (43 kB at 712 kB/s)
[28cf14d0-7b81-4087-ab60-082c632024fe/build]   | [INFO] Downloading from central: https://repo.maven.apache.org/maven2/org/jacoco/org.jacoco.agent/0.8.8/org.jacoco.agent-0.8.8-runtime.jar
[28cf14d0-7b81-4087-ab60-082c632024fe/build]   | [INFO] Downloaded from central: https://repo.maven.apache.org/maven2/junit/junit/4.13.1/junit-4.13.1.jar (383 kB at 5.3 MB/s)
[28cf14d0-7b81-4087-ab60-082c632024fe/build]   | [INFO] Downloading from central: https://repo.maven.apache.org/maven2/org/jacoco/org.jacoco.core/0.8.8/org.jacoco.core-0.8.8.jar
[28cf14d0-7b81-4087-ab60-082c632024fe/build]   | [INFO] Downloaded from central: https://repo.maven.apache.org/maven2/org/apache/maven/doxia/doxia-sink-api/1.0/doxia-sink-api-1.0.jar (10 kB at 32 kB/s)
[28cf14d0-7b81-4087-ab60-082c632024fe/build]   | [INFO] Downloading from central: https://repo.maven.apache.org/maven2/org/ow2/asm/asm/9.2/asm-9.2.jar
[28cf14d0-7b81-4087-ab60-082c632024fe/build]   | [INFO] Downloaded from central: https://repo.maven.apache.org/maven2/org/jacoco/org.jacoco.agent/0.8.8/org.jacoco.agent-0.8.8-runtime.jar (293 kB at 714 kB/s)
[28cf14d0-7b81-4087-ab60-082c632024fe/build]   | [INFO] Downloading from central: https://repo.maven.apache.org/maven2/org/ow2/asm/asm-commons/9.2/asm-commons-9.2.jar
[28cf14d0-7b81-4087-ab60-082c632024fe/build]   | [INFO] Downloaded from central: https://repo.maven.apache.org/maven2/org/apache/maven/reporting/maven-reporting-api/3.0/maven-reporting-api-3.0.jar (11 kB at 26 kB/s)
[28cf14d0-7b81-4087-ab60-082c632024fe/build]   | [INFO] Downloading from central: https://repo.maven.apache.org/maven2/org/ow2/asm/asm-analysis/9.2/asm-analysis-9.2.jar
[28cf14d0-7b81-4087-ab60-082c632024fe/build]   | [INFO] Downloaded from central: https://repo.maven.apache.org/maven2/classworlds/classworlds/1.1-alpha-2/classworlds-1.1-alpha-2.jar (38 kB at 91 kB/s)
[28cf14d0-7b81-4087-ab60-082c632024fe/build]   | [INFO] Downloading from central: https://repo.maven.apache.org/maven2/org/ow2/asm/asm-tree/9.2/asm-tree-9.2.jar
[28cf14d0-7b81-4087-ab60-082c632024fe/build]   | [INFO] Downloaded from central: https://repo.maven.apache.org/maven2/org/jacoco/org.jacoco.core/0.8.8/org.jacoco.core-0.8.8.jar (203 kB at 483 kB/s)
[28cf14d0-7b81-4087-ab60-082c632024fe/build]   | [INFO] Downloading from central: https://repo.maven.apache.org/maven2/org/jacoco/org.jacoco.report/0.8.8/org.jacoco.report-0.8.8.jar
[28cf14d0-7b81-4087-ab60-082c632024fe/build]   | [INFO] Downloaded from central: https://repo.maven.apache.org/maven2/org/ow2/asm/asm/9.2/asm-9.2.jar (122 kB at 277 kB/s)
[28cf14d0-7b81-4087-ab60-082c632024fe/build]   | [INFO] Downloaded from central: https://repo.maven.apache.org/maven2/org/ow2/asm/asm-analysis/9.2/asm-analysis-9.2.jar (34 kB at 76 kB/s)
[28cf14d0-7b81-4087-ab60-082c632024fe/build]   | [INFO] Downloaded from central: https://repo.maven.apache.org/maven2/org/ow2/asm/asm-commons/9.2/asm-commons-9.2.jar (73 kB at 159 kB/s)
[28cf14d0-7b81-4087-ab60-082c632024fe/build]   | [INFO] Downloaded from central: https://repo.maven.apache.org/maven2/org/jacoco/org.jacoco.report/0.8.8/org.jacoco.report-0.8.8.jar (129 kB at 275 kB/s)
[28cf14d0-7b81-4087-ab60-082c632024fe/build]   | [INFO] Downloaded from central: https://repo.maven.apache.org/maven2/org/ow2/asm/asm-tree/9.2/asm-tree-9.2.jar (53 kB at 112 kB/s)
[28cf14d0-7b81-4087-ab60-082c632024fe/build]   | [INFO] argLine set to -javaagent:/home/runner/.m2/repository/org/jacoco/org.jacoco.agent/0.8.8/org.jacoco.agent-0.8.8-runtime.jar=destfile=/tmp/83d7d23b-019f-4870-941a-76907a1cd58e/target/jacoco.exec
[28cf14d0-7b81-4087-ab60-082c632024fe/build]   | [INFO] 
[28cf14d0-7b81-4087-ab60-082c632024fe/build]   | [INFO] --- maven-resources-plugin:2.6:resources (default-resources) @ word-wrap ---
[28cf14d0-7b81-4087-ab60-082c632024fe/build]   | [INFO] Downloading from central: https://repo.maven.apache.org/maven2/org/apache/maven/maven-project/2.0.6/maven-project-2.0.6.pom
[28cf14d0-7b81-4087-ab60-082c632024fe/build]   | [INFO] Downloaded from central: https://repo.maven.apache.org/maven2/org/apache/maven/maven-project/2.0.6/maven-project-2.0.6.pom (2.6 kB at 38 kB/s)
[28cf14d0-7b81-4087-ab60-082c632024fe/build]   | [INFO] Downloading from central: https://repo.maven.apache.org/maven2/org/apache/maven/maven-settings/2.0.6/maven-settings-2.0.6.pom
[28cf14d0-7b81-4087-ab60-082c632024fe/build]   | [INFO] Downloaded from central: https://repo.maven.apache.org/maven2/org/apache/maven/maven-settings/2.0.6/maven-settings-2.0.6.pom (2.0 kB at 49 kB/s)
[28cf14d0-7b81-4087-ab60-082c632024fe/build]   | [INFO] Downloading from central: https://repo.maven.apache.org/maven2/org/apache/maven/maven-model/2.0.6/maven-model-2.0.6.pom
[28cf14d0-7b81-4087-ab60-082c632024fe/build]   | [INFO] Downloaded from central: https://repo.maven.apache.org/maven2/org/apache/maven/maven-model/2.0.6/maven-model-2.0.6.pom (3.0 kB at 68 kB/s)
[28cf14d0-7b81-4087-ab60-082c632024fe/build]   | [INFO] Downloading from central: https://repo.maven.apache.org/maven2/org/codehaus/plexus/plexus-utils/1.4.1/plexus-utils-1.4.1.pom
[28cf14d0-7b81-4087-ab60-082c632024fe/build]   | [INFO] Downloaded from central: https://repo.maven.apache.org/maven2/org/codehaus/plexus/plexus-utils/1.4.1/plexus-utils-1.4.1.pom (1.9 kB at 73 kB/s)
[28cf14d0-7b81-4087-ab60-082c632024fe/build]   | [INFO] Downloading from central: https://repo.maven.apache.org/maven2/org/codehaus/plexus/plexus-container-default/1.0-alpha-9-stable-1/plexus-container-default-1.0-alpha-9-stable-1.pom
[28cf14d0-7b81-4087-ab60-082c632024fe/build]   | [INFO] Downloaded from central: https://repo.maven.apache.org/maven2/org/codehaus/plexus/plexus-container-default/1.0-alpha-9-stable-1/plexus-container-default-1.0-alpha-9-stable-1.pom (3.9 kB at 120 kB/s)
[28cf14d0-7b81-4087-ab60-082c632024fe/build]   | [INFO] Downloading from central: https://repo.maven.apache.org/maven2/junit/junit/3.8.1/junit-3.8.1.pom
[28cf14d0-7b81-4087-ab60-082c632024fe/build]   | [INFO] Downloaded from central: https://repo.maven.apache.org/maven2/junit/junit/3.8.1/junit-3.8.1.pom (998 B at 43 kB/s)
[28cf14d0-7b81-4087-ab60-082c632024fe/build]   | [INFO] Downloading from central: https://repo.maven.apache.org/maven2/org/apache/maven/maven-profile/2.0.6/maven-profile-2.0.6.pom
[28cf14d0-7b81-4087-ab60-082c632024fe/build]   | [INFO] Downloaded from central: https://repo.maven.apache.org/maven2/org/apache/maven/maven-profile/2.0.6/maven-profile-2.0.6.pom (2.0 kB at 82 kB/s)
[28cf14d0-7b81-4087-ab60-082c632024fe/build]   | [INFO] Downloading from central: https://repo.maven.apache.org/maven2/org/apache/maven/maven-artifact-manager/2.0.6/maven-artifact-manager-2.0.6.pom
[28cf14d0-7b81-4087-ab60-082c632024fe/build]   | [INFO] Downloaded from central: https://repo.maven.apache.org/maven2/org/apache/maven/maven-artifact-manager/2.0.6/maven-artifact-manager-2.0.6.pom (2.6 kB at 101 kB/s)
[28cf14d0-7b81-4087-ab60-082c632024fe/build]   | [INFO] Downloading from central: https://repo.maven.apache.org/maven2/org/apache/maven/maven-repository-metadata/2.0.6/maven-repository-metadata-2.0.6.pom
[28cf14d0-7b81-4087-ab60-082c632024fe/build]   | [INFO] Downloaded from central: https://repo.maven.apache.org/maven2/org/apache/maven/maven-repository-metadata/2.0.6/maven-repository-metadata-2.0.6.pom (1.9 kB at 60 kB/s)
[28cf14d0-7b81-4087-ab60-082c632024fe/build]   | [INFO] Downloading from central: https://repo.maven.apache.org/maven2/org/apache/maven/maven-artifact/2.0.6/maven-artifact-2.0.6.pom
[28cf14d0-7b81-4087-ab60-082c632024fe/build]   | [INFO] Downloaded from central: https://repo.maven.apache.org/maven2/org/apache/maven/maven-artifact/2.0.6/maven-artifact-2.0.6.pom (1.6 kB at 46 kB/s)
[28cf14d0-7b81-4087-ab60-082c632024fe/build]   | [INFO] Downloading from central: https://repo.maven.apache.org/maven2/org/apache/maven/maven-plugin-registry/2.0.6/maven-plugin-registry-2.0.6.pom
[28cf14d0-7b81-4087-ab60-082c632024fe/build]   | [INFO] Downloaded from central: https://repo.maven.apache.org/maven2/org/apache/maven/maven-plugin-registry/2.0.6/maven-plugin-registry-2.0.6.pom (1.9 kB at 61 kB/s)
[28cf14d0-7b81-4087-ab60-082c632024fe/build]   | [INFO] Downloading from central: https://repo.maven.apache.org/maven2/org/apache/maven/maven-core/2.0.6/maven-core-2.0.6.pom
[28cf14d0-7b81-4087-ab60-082c632024fe/build]   | [INFO] Downloaded from central: https://repo.maven.apache.org/maven2/org/apache/maven/maven-core/2.0.6/maven-core-2.0.6.pom (6.7 kB at 224 kB/s)
[28cf14d0-7b81-4087-ab60-082c632024fe/build]   | [INFO] Downloading from central: https://repo.maven.apache.org/maven2/org/apache/maven/maven-plugin-parameter-documenter/2.0.6/maven-plugin-parameter-documenter-2.0.6.pom
[28cf14d0-7b81-4087-ab60-082c632024fe/build]   | [INFO] Downloaded from central: https://repo.maven.apache.org/maven2/org/apache/maven/maven-plugin-parameter-documenter/2.0.6/maven-plugin-parameter-documenter-2.0.6.pom (1.9 kB at 56 kB/s)
[28cf14d0-7b81-4087-ab60-082c632024fe/build]   | [INFO] Downloading from central: https://repo.maven.apache.org/maven2/org/apache/maven/reporting/maven-reporting-api/2.0.6/maven-reporting-api-2.0.6.pom
[28cf14d0-7b81-4087-ab60-082c632024fe/build]   | [INFO] Downloaded from central: https://repo.maven.apache.org/maven2/org/apache/maven/reporting/maven-reporting-api/2.0.6/maven-reporting-api-2.0.6.pom (1.8 kB at 92 kB/s)
[28cf14d0-7b81-4087-ab60-082c632024fe/build]   | [INFO] Downloading from central: https://repo.maven.apache.org/maven2/org/apache/maven/reporting/maven-reporting/2.0.6/maven-reporting-2.0.6.pom
[28cf14d0-7b81-4087-ab60-082c632024fe/build]   | [INFO] Downloaded from central: https://repo.maven.apache.org/maven2/org/apache/maven/reporting/maven-reporting/2.0.6/maven-reporting-2.0.6.pom (1.4 kB at 90 kB/s)
[28cf14d0-7b81-4087-ab60-082c632024fe/build]   | [INFO] Downloading from central: https://repo.maven.apache.org/maven2/org/apache/maven/doxia/doxia-sink-api/1.0-alpha-7/doxia-sink-api-1.0-alpha-7.pom
[28cf14d0-7b81-4087-ab60-082c632024fe/build]   | [INFO] Downloaded from central: https://repo.maven.apache.org/maven2/org/apache/maven/doxia/doxia-sink-api/1.0-alpha-7/doxia-sink-api-1.0-alpha-7.pom (424 B at 9.9 kB/s)
[28cf14d0-7b81-4087-ab60-082c632024fe/build]   | [INFO] Downloading from central: https://repo.maven.apache.org/maven2/org/apache/maven/doxia/doxia/1.0-alpha-7/doxia-1.0-alpha-7.pom
[28cf14d0-7b81-4087-ab60-082c632024fe/build]   | [INFO] Downloaded from central: https://repo.maven.apache.org/maven2/org/apache/maven/doxia/doxia/1.0-alpha-7/doxia-1.0-alpha-7.pom (3.9 kB at 95 kB/s)
[28cf14d0-7b81-4087-ab60-082c632024fe/build]   | [INFO] Downloading from central: https://repo.maven.apache.org/maven2/org/apache/maven/maven-error-diagnostics/2.0.6/maven-error-diagnostics-2.0.6.pom
[28cf14d0-7b81-4087-ab60-082c632024fe/build]   | [INFO] Downloaded from central: https://repo.maven.apache.org/maven2/org/apache/maven/maven-error-diagnostics/2.0.6/maven-error-diagnostics-2.0.6.pom (1.7 kB at 42 kB/s)
[28cf14d0-7b81-4087-ab60-082c632024fe/build]   | [INFO] Downloading from central: https://repo.maven.apache.org/maven2/commons-cli/commons-cli/1.0/commons-cli-1.0.pom
[28cf14d0-7b81-4087-ab60-082c632024fe/build]   | [INFO] Downloaded from central: https://repo.maven.apache.org/maven2/commons-cli/commons-cli/1.0/commons-cli-1.0.pom (2.1 kB at 54 kB/s)
[28cf14d0-7b81-4087-ab60-082c632024fe/build]   | [INFO] Downloading from central: https://repo.maven.apache.org/maven2/org/apache/maven/maven-plugin-descriptor/2.0.6/maven-plugin-descriptor-2.0.6.pom
[28cf14d0-7b81-4087-ab60-082c632024fe/build]   | [INFO] Downloaded from central: https://repo.maven.apache.org/maven2/org/apache/maven/maven-plugin-descriptor/2.0.6/maven-plugin-descriptor-2.0.6.pom (2.0 kB at 50 kB/s)
[28cf14d0-7b81-4087-ab60-082c632024fe/build]   | [INFO] Downloading from central: https://repo.maven.apache.org/maven2/org/codehaus/plexus/plexus-interactivity-api/1.0-alpha-4/plexus-interactivity-api-1.0-alpha-4.pom
[28cf14d0-7b81-4087-ab60-082c632024fe/build]   | [INFO] Downloaded from central: https://repo.maven.apache.org/maven2/org/codehaus/plexus/plexus-interactivity-api/1.0-alpha-4/plexus-interactivity-api-1.0-alpha-4.pom (7.1 kB at 114 kB/s)
[28cf14d0-7b81-4087-ab60-082c632024fe/build]   | [INFO] Downloading from central: https://repo.maven.apache.org/maven2/org/apache/maven/maven-monitor/2.0.6/maven-monitor-2.0.6.pom
[28cf14d0-7b81-4087-ab60-082c632024fe/build]   | [INFO] Downloaded from central: https://repo.maven.apache.org/maven2/org/apache/maven/maven-monitor/2.0.6/maven-monitor-2.0.6.pom (1.3 kB at 22 kB/s)
[28cf14d0-7b81-4087-ab60-082c632024fe/build]   | [INFO] Downloading from central: https://repo.maven.apache.org/maven2/classworlds/classworlds/1.1/classworlds-1.1.pom
[28cf14d0-7b81-4087-ab60-082c632024fe/build]   | [INFO] Downloaded from central: https://repo.maven.apache.org/maven2/classworlds/classworlds/1.1/classworlds-1.1.pom (3.3 kB at 47 kB/s)
[28cf14d0-7b81-4087-ab60-082c632024fe/build]   | [INFO] Downloading from central: https://repo.maven.apache.org/maven2/org/codehaus/plexus/plexus-utils/2.0.5/plexus-utils-2.0.5.pom
[28cf14d0-7b81-4087-ab60-082c632024fe/build]   | [INFO] Downloaded from central: https://repo.maven.apache.org/maven2/org/codehaus/plexus/plexus-utils/2.0.5/plexus-utils-2.0.5.pom (3.3 kB at 34 kB/s)
[28cf14d0-7b81-4087-ab60-082c632024fe/build]   | [INFO] Downloading from central: https://repo.maven.apache.org/maven2/org/codehaus/plexus/plexus/2.0.6/plexus-2.0.6.pom
[28cf14d0-7b81-4087-ab60-082c632024fe/build]   | [INFO] Downloaded from central: https://repo.maven.apache.org/maven2/org/codehaus/plexus/plexus/2.0.6/plexus-2.0.6.pom (17 kB at 236 kB/s)
[28cf14d0-7b81-4087-ab60-082c632024fe/build]   | [INFO] Downloading from central: https://repo.maven.apache.org/maven2/org/apache/maven/shared/maven-filtering/1.1/maven-filtering-1.1.pom
[28cf14d0-7b81-4087-ab60-082c632024fe/build]   | [INFO] Downloaded from central: https://repo.maven.apache.org/maven2/org/apache/maven/shared/maven-filtering/1.1/maven-filtering-1.1.pom (5.8 kB at 123 kB/s)
[28cf14d0-7b81-4087-ab60-082c632024fe/build]   | [INFO] Downloading from central: https://repo.maven.apache.org/maven2/org/apache/maven/shared/maven-shared-components/17/maven-shared-components-17.pom
[28cf14d0-7b81-4087-ab60-082c632024fe/build]   | [INFO] Downloaded from central: https://repo.maven.apache.org/maven2/org/apache/maven/shared/maven-shared-components/17/maven-shared-components-17.pom (8.7 kB at 161 kB/s)
[28cf14d0-7b81-4087-ab60-082c632024fe/build]   | [INFO] Downloading from central: https://repo.maven.apache.org/maven2/org/codehaus/plexus/plexus-utils/1.5.15/plexus-utils-1.5.15.pom
[28cf14d0-7b81-4087-ab60-082c632024fe/build]   | [INFO] Downloaded from central: https://repo.maven.apache.org/maven2/org/codehaus/plexus/plexus-utils/1.5.15/plexus-utils-1.5.15.pom (6.8 kB at 105 kB/s)
[28cf14d0-7b81-4087-ab60-082c632024fe/build]   | [INFO] Downloading from central: https://repo.maven.apache.org/maven2/org/codehaus/plexus/plexus/2.0.2/plexus-2.0.2.pom
[28cf14d0-7b81-4087-ab60-082c632024fe/build]   | [INFO] Downloaded from central: https://repo.maven.apache.org/maven2/org/codehaus/plexus/plexus/2.0.2/plexus-2.0.2.pom (12 kB at 211 kB/s)
[28cf14d0-7b81-4087-ab60-082c632024fe/build]   | [INFO] Downloading from central: https://repo.maven.apache.org/maven2/org/codehaus/plexus/plexus-interpolation/1.12/plexus-interpolation-1.12.pom
[28cf14d0-7b81-4087-ab60-082c632024fe/build]   | [INFO] Downloaded from central: https://repo.maven.apache.org/maven2/org/codehaus/plexus/plexus-interpolation/1.12/plexus-interpolation-1.12.pom (889 B at 15 kB/s)
[28cf14d0-7b81-4087-ab60-082c632024fe/build]   | [INFO] Downloading from central: https://repo.maven.apache.org/maven2/org/codehaus/plexus/plexus-components/1.1.14/plexus-components-1.1.14.pom
[28cf14d0-7b81-4087-ab60-082c632024fe/build]   | [INFO] Downloaded from central: https://repo.maven.apache.org/maven2/org/codehaus/plexus/plexus-components/1.1.14/plexus-components-1.1.14.pom (5.8 kB at 101 kB/s)
[28cf14d0-7b81-4087-ab60-082c632024fe/build]   | [INFO] Downloading from central: https://repo.maven.apache.org/maven2/org/sonatype/plexus/plexus-build-api/0.0.4/plexus-build-api-0.0.4.pom
[28cf14d0-7b81-4087-ab60-082c632024fe/build]   | [INFO] Downloaded from central: https://repo.maven.apache.org/maven2/org/sonatype/plexus/plexus-build-api/0.0.4/plexus-build-api-0.0.4.pom (2.9 kB at 51 kB/s)
[28cf14d0-7b81-4087-ab60-082c632024fe/build]   | [INFO] Downloading from central: https://repo.maven.apache.org/maven2/org/sonatype/spice/spice-parent/10/spice-parent-10.pom
[28cf14d0-7b81-4087-ab60-082c632024fe/build]   | [INFO] Downloaded from central: https://repo.maven.apache.org/maven2/org/sonatype/spice/spice-parent/10/spice-parent-10.pom (3.0 kB at 66 kB/s)
[28cf14d0-7b81-4087-ab60-082c632024fe/build]   | [INFO] Downloading from central: https://repo.maven.apache.org/maven2/org/sonatype/forge/forge-parent/3/forge-parent-3.pom
[28cf14d0-7b81-4087-ab60-082c632024fe/build]   | [INFO] Downloaded from central: https://repo.maven.apache.org/maven2/org/sonatype/forge/forge-parent/3/forge-parent-3.pom (5.0 kB at 112 kB/s)
[28cf14d0-7b81-4087-ab60-082c632024fe/build]   | [INFO] Downloading from central: https://repo.maven.apache.org/maven2/org/codehaus/plexus/plexus-utils/1.5.8/plexus-utils-1.5.8.pom
[28cf14d0-7b81-4087-ab60-082c632024fe/build]   | [INFO] Downloaded from central: https://repo.maven.apache.org/maven2/org/codehaus/plexus/plexus-utils/1.5.8/plexus-utils-1.5.8.pom (8.1 kB at 152 kB/s)
[28cf14d0-7b81-4087-ab60-082c632024fe/build]   | [INFO] Downloading from central: https://repo.maven.apache.org/maven2/org/codehaus/plexus/plexus-interpolation/1.13/plexus-interpolation-1.13.pom
[28cf14d0-7b81-4087-ab60-082c632024fe/build]   | [INFO] Downloaded from central: https://repo.maven.apache.org/maven2/org/codehaus/plexus/plexus-interpolation/1.13/plexus-interpolation-1.13.pom (890 B at 16 kB/s)
[28cf14d0-7b81-4087-ab60-082c632024fe/build]   | [INFO] Downloading from central: https://repo.maven.apache.org/maven2/org/codehaus/plexus/plexus-components/1.1.15/plexus-components-1.1.15.pom
[28cf14d0-7b81-4087-ab60-082c632024fe/build]   | [INFO] Downloaded from central: https://repo.maven.apache.org/maven2/org/codehaus/plexus/plexus-components/1.1.15/plexus-components-1.1.15.pom (2.8 kB at 52 kB/s)
[28cf14d0-7b81-4087-ab60-082c632024fe/build]   | [INFO] Downloading from central: https://repo.maven.apache.org/maven2/org/codehaus/plexus/plexus/2.0.3/plexus-2.0.3.pom
[28cf14d0-7b81-4087-ab60-082c632024fe/build]   | [INFO] Downloaded from central: https://repo.maven.apache.org/maven2/org/codehaus/plexus/plexus/2.0.3/plexus-2.0.3.pom (15 kB at 276 kB/s)
[28cf14d0-7b81-4087-ab60-082c632024fe/build]   | [INFO] Downloading from central: https://repo.maven.apache.org/maven2/org/apache/maven/maven-profile/2.0.6/maven-profile-2.0.6.jar
[28cf14d0-7b81-4087-ab60-082c632024fe/build]   | [INFO] Downloading from central: https://repo.maven.apache.org/maven2/org/apache/maven/maven-project/2.0.6/maven-project-2.0.6.jar
[28cf14d0-7b81-4087-ab60-082c632024fe/build]   | [INFO] Downloading from central: https://repo.maven.apache.org/maven2/org/apache/maven/maven-plugin-registry/2.0.6/maven-plugin-registry-2.0.6.jar
[28cf14d0-7b81-4087-ab60-082c632024fe/build]   | [INFO] Downloading from central: https://repo.maven.apache.org/maven2/org/apache/maven/maven-core/2.0.6/maven-core-2.0.6.jar
[28cf14d0-7b81-4087-ab60-082c632024fe/build]   | [INFO] Downloading from central: https://repo.maven.apache.org/maven2/org/apache/maven/maven-artifact-manager/2.0.6/maven-artifact-manager-2.0.6.jar
[28cf14d0-7b81-4087-ab60-082c632024fe/build]   | [INFO] Downloaded from central: https://repo.maven.apache.org/maven2/org/apache/maven/maven-artifact-manager/2.0.6/maven-artifact-manager-2.0.6.jar (57 kB at 883 kB/s)
[28cf14d0-7b81-4087-ab60-082c632024fe/build]   | [INFO] Downloading from central: https://repo.maven.apache.org/maven2/org/apache/maven/maven-plugin-parameter-documenter/2.0.6/maven-plugin-parameter-documenter-2.0.6.jar
[28cf14d0-7b81-4087-ab60-082c632024fe/build]   | [INFO] Downloaded from central: https://repo.maven.apache.org/maven2/org/apache/maven/maven-profile/2.0.6/maven-profile-2.0.6.jar (35 kB at 551 kB/s)
[28cf14d0-7b81-4087-ab60-082c632024fe/build]   | [INFO] Downloading from central: https://repo.maven.apache.org/maven2/org/apache/maven/reporting/maven-reporting-api/2.0.6/maven-reporting-api-2.0.6.jar
[28cf14d0-7b81-4087-ab60-082c632024fe/build]   | [INFO] Downloaded from central: https://repo.maven.apache.org/maven2/org/apache/maven/maven-plugin-registry/2.0.6/maven-plugin-registry-2.0.6.jar (29 kB at 425 kB/s)
[28cf14d0-7b81-4087-ab60-082c632024fe/build]   | [INFO] Downloading from central: https://repo.maven.apache.org/maven2/org/apache/maven/doxia/doxia-sink-api/1.0-alpha-7/doxia-sink-api-1.0-alpha-7.jar
[28cf14d0-7b81-4087-ab60-082c632024fe/build]   | [INFO] Downloaded from central: https://repo.maven.apache.org/maven2/org/apache/maven/maven-project/2.0.6/maven-project-2.0.6.jar (116 kB at 1.5 MB/s)
[28cf14d0-7b81-4087-ab60-082c632024fe/build]   | [INFO] Downloading from central: https://repo.maven.apache.org/maven2/org/apache/maven/maven-repository-metadata/2.0.6/maven-repository-metadata-2.0.6.jar
[28cf14d0-7b81-4087-ab60-082c632024fe/build]   | [INFO] Downloaded from central: https://repo.maven.apache.org/maven2/org/apache/maven/maven-core/2.0.6/maven-core-2.0.6.jar (152 kB at 1.8 MB/s)
[28cf14d0-7b81-4087-ab60-082c632024fe/build]   | [INFO] Downloading from central: https://repo.maven.apache.org/maven2/org/apache/maven/maven-error-diagnostics/2.0.6/maven-error-diagnostics-2.0.6.jar
[28cf14d0-7b81-4087-ab60-082c632024fe/build]   | [INFO] Downloaded from central: https://repo.maven.apache.org/maven2/org/apache/maven/maven-plugin-parameter-documenter/2.0.6/maven-plugin-parameter-documenter-2.0.6.jar (21 kB at 176 kB/s)
[28cf14d0-7b81-4087-ab60-082c632024fe/build]   | [INFO] Downloading from central: https://repo.maven.apache.org/maven2/commons-cli/commons-cli/1.0/commons-cli-1.0.jar
[28cf14d0-7b81-4087-ab60-082c632024fe/build]   | [INFO] Downloaded from central: https://repo.maven.apache.org/maven2/org/apache/maven/reporting/maven-reporting-api/2.0.6/maven-reporting-api-2.0.6.jar (9.9 kB at 84 kB/s)
[28cf14d0-7b81-4087-ab60-082c632024fe/build]   | [INFO] Downloading from central: https://repo.maven.apache.org/maven2/org/apache/maven/maven-plugin-descriptor/2.0.6/maven-plugin-descriptor-2.0.6.jar
[28cf14d0-7b81-4087-ab60-082c632024fe/build]   | [INFO] Downloaded from central: https://repo.maven.apache.org/maven2/org/apache/maven/doxia/doxia-sink-api/1.0-alpha-7/doxia-sink-api-1.0-alpha-7.jar (5.9 kB at 47 kB/s)
[28cf14d0-7b81-4087-ab60-082c632024fe/build]   | [INFO] Downloading from central: https://repo.maven.apache.org/maven2/org/codehaus/plexus/plexus-interactivity-api/1.0-alpha-4/plexus-interactivity-api-1.0-alpha-4.jar
[28cf14d0-7b81-4087-ab60-082c632024fe/build]   | [INFO] Downloaded from central: https://repo.maven.apache.org/maven2/org/apache/maven/maven-repository-metadata/2.0.6/maven-repository-metadata-2.0.6.jar (24 kB at 191 kB/s)
[28cf14d0-7b81-4087-ab60-082c632024fe/build]   | [INFO] Downloading from central: https://repo.maven.apache.org/maven2/classworlds/classworlds/1.1/classworlds-1.1.jar
[28cf14d0-7b81-4087-ab60-082c632024fe/build]   | [INFO] Downloaded from central: https://repo.maven.apache.org/maven2/org/apache/maven/maven-error-diagnostics/2.0.6/maven-error-diagnostics-2.0.6.jar (14 kB at 102 kB/s)
[28cf14d0-7b81-4087-ab60-082c632024fe/build]   | [INFO] Downloading from central: https://repo.maven.apache.org/maven2/org/apache/maven/maven-artifact/2.0.6/maven-artifact-2.0.6.jar
[28cf14d0-7b81-4087-ab60-082c632024fe/build]   | [INFO] Downloaded from central: https://repo.maven.apache.org/maven2/commons-cli/commons-cli/1.0/commons-cli-1.0.jar (30 kB at 203 kB/s)
[28cf14d0-7b81-4087-ab60-082c632024fe/build]   | [INFO] Downloading from central: https://repo.maven.apache.org/maven2/org/apache/maven/maven-settings/2.0.6/maven-settings-2.0.6.jar
[28cf14d0-7b81-4087-ab60-082c632024fe/build]   | [INFO] Downloaded from central: https://repo.maven.apache.org/maven2/org/apache/maven/maven-plugin-descriptor/2.0.6/maven-plugin-descriptor-2.0.6.jar (37 kB at 223 kB/s)
[28cf14d0-7b81-4087-ab60-082c632024fe/build]   | [INFO] Downloading from central: https://repo.maven.apache.org/maven2/org/apache/maven/maven-model/2.0.6/maven-model-2.0.6.jar
[28cf14d0-7b81-4087-ab60-082c632024fe/build]   | [INFO] Downloaded from central: https://repo.maven.apache.org/maven2/classworlds/classworlds/1.1/classworlds-1.1.jar (38 kB at 218 kB/s)
[28cf14d0-7b81-4087-ab60-082c632024fe/build]   | [INFO] Downloading from central: https://repo.maven.apache.org/maven2/org/apache/maven/maven-monitor/2.0.6/maven-monitor-2.0.6.jar
[28cf14d0-7b81-4087-ab60-082c632024fe/build]   | [INFO] Downloaded from central: https://repo.maven.apache.org/maven2/org/codehaus/plexus/plexus-interactivity-api/1.0-alpha-4/plexus-interactivity-api-1.0-alpha-4.jar (13 kB at 77 kB/s)
[28cf14d0-7b81-4087-ab60-082c632024fe/build]   | [INFO] Downloading from central: https://repo.maven.apache.org/maven2/org/codehaus/plexus/plexus-container-default/1.0-alpha-9-stable-1/plexus-container-default-1.0-alpha-9-stable-1.jar
[28cf14d0-7b81-4087-ab60-082c632024fe/build]   | [INFO] Downloaded from central: https://repo.maven.apache.org/maven2/org/apache/maven/maven-artifact/2.0.6/maven-artifact-2.0.6.jar (87 kB at 446 kB/s)
[28cf14d0-7b81-4087-ab60-082c632024fe/build]   | [INFO] Downloading from central: https://repo.maven.apache.org/maven2/junit/junit/3.8.1/junit-3.8.1.jar
[28cf14d0-7b81-4087-ab60-082c632024fe/build]   | [INFO] Downloaded from central: https://repo.maven.apache.org/maven2/org/apache/maven/maven-settings/2.0.6/maven-settings-2.0.6.jar (49 kB at 247 kB/s)
[28cf14d0-7b81-4087-ab60-082c632024fe/build]   | [INFO] Downloading from central: https://repo.maven.apache.org/maven2/org/codehaus/plexus/plexus-utils/2.0.5/plexus-utils-2.0.5.jar
[28cf14d0-7b81-4087-ab60-082c632024fe/build]   | [INFO] Downloaded from central: https://repo.maven.apache.org/maven2/org/apache/maven/maven-model/2.0.6/maven-model-2.0.6.jar (86 kB at 428 kB/s)
[28cf14d0-7b81-4087-ab60-082c632024fe/build]   | [INFO] Downloading from central: https://repo.maven.apache.org/maven2/org/apache/maven/shared/maven-filtering/1.1/maven-filtering-1.1.jar
[28cf14d0-7b81-4087-ab60-082c632024fe/build]   | [INFO] Downloaded from central: https://repo.maven.apache.org/maven2/org/codehaus/plexus/plexus-container-default/1.0-alpha-9-stable-1/plexus-container-default-1.0-alpha-9-stable-1.jar (194 kB at 891 kB/s)
[28cf14d0-7b81-4087-ab60-082c632024fe/build]   | [INFO] Downloading from central: https://repo.maven.apache.org/maven2/org/sonatype/plexus/plexus-build-api/0.0.4/plexus-build-api-0.0.4.jar
[28cf14d0-7b81-4087-ab60-082c632024fe/build]   | [INFO] Downloaded from central: https://repo.maven.apache.org/maven2/junit/junit/3.8.1/junit-3.8.1.jar (121 kB at 520 kB/s)
[28cf14d0-7b81-4087-ab60-082c632024fe/build]   | [INFO] Downloading from central: https://repo.maven.apache.org/maven2/org/codehaus/plexus/plexus-interpolation/1.13/plexus-interpolation-1.13.jar
[28cf14d0-7b81-4087-ab60-082c632024fe/build]   | [INFO] Downloaded from central: https://repo.maven.apache.org/maven2/org/apache/maven/shared/maven-filtering/1.1/maven-filtering-1.1.jar (43 kB at 176 kB/s)
[28cf14d0-7b81-4087-ab60-082c632024fe/build]   | [INFO] Downloaded from central: https://repo.maven.apache.org/maven2/org/apache/maven/maven-monitor/2.0.6/maven-monitor-2.0.6.jar (10 kB at 40 kB/s)
[28cf14d0-7b81-4087-ab60-082c632024fe/build]   | [INFO] Downloaded from central: https://repo.maven.apache.org/maven2/org/sonatype/plexus/plexus-build-api/0.0.4/plexus-build-api-0.0.4.jar (6.8 kB at 27 kB/s)
[28cf14d0-7b81-4087-ab60-082c632024fe/build]   | [INFO] Downloaded from central: https://repo.maven.apache.org/maven2/org/codehaus/plexus/plexus-utils/2.0.5/plexus-utils-2.0.5.jar (223 kB at 879 kB/s)
[28cf14d0-7b81-4087-ab60-082c632024fe/build]   | [INFO] Downloaded from central: https://repo.maven.apache.org/maven2/org/codehaus/plexus/plexus-interpolation/1.13/plexus-interpolation-1.13.jar (61 kB at 224 kB/s)
[28cf14d0-7b81-4087-ab60-082c632024fe/build]   | [INFO] Using 'UTF-8' encoding to copy filtered resources.
[28cf14d0-7b81-4087-ab60-082c632024fe/build]   | [INFO] skip non existing resourceDirectory /tmp/83d7d23b-019f-4870-941a-76907a1cd58e/src/main/resources
[28cf14d0-7b81-4087-ab60-082c632024fe/build]   | [INFO] 
[28cf14d0-7b81-4087-ab60-082c632024fe/build]   | [INFO] --- maven-compiler-plugin:3.10.1:compile (default-compile) @ word-wrap ---
[28cf14d0-7b81-4087-ab60-082c632024fe/build]   | [INFO] Downloading from central: https://repo.maven.apache.org/maven2/org/apache/maven/shared/maven-shared-utils/3.3.4/maven-shared-utils-3.3.4.pom
[28cf14d0-7b81-4087-ab60-082c632024fe/build]   | [INFO] Downloaded from central: https://repo.maven.apache.org/maven2/org/apache/maven/shared/maven-shared-utils/3.3.4/maven-shared-utils-3.3.4.pom (5.8 kB at 194 kB/s)
[28cf14d0-7b81-4087-ab60-082c632024fe/build]   | [INFO] Downloading from central: https://repo.maven.apache.org/maven2/org/apache/maven/shared/maven-shared-components/34/maven-shared-components-34.pom
[28cf14d0-7b81-4087-ab60-082c632024fe/build]   | [INFO] Downloaded from central: https://repo.maven.apache.org/maven2/org/apache/maven/shared/maven-shared-components/34/maven-shared-components-34.pom (5.1 kB at 232 kB/s)
[28cf14d0-7b81-4087-ab60-082c632024fe/build]   | [INFO] Downloading from central: https://repo.maven.apache.org/maven2/commons-io/commons-io/2.6/commons-io-2.6.pom
[28cf14d0-7b81-4087-ab60-082c632024fe/build]   | [INFO] Downloaded from central: https://repo.maven.apache.org/maven2/commons-io/commons-io/2.6/commons-io-2.6.pom (14 kB at 620 kB/s)
[28cf14d0-7b81-4087-ab60-082c632024fe/build]   | [INFO] Downloading from central: https://repo.maven.apache.org/maven2/org/apache/commons/commons-parent/42/commons-parent-42.pom
[28cf14d0-7b81-4087-ab60-082c632024fe/build]   | [INFO] Downloaded from central: https://repo.maven.apache.org/maven2/org/apache/commons/commons-parent/42/commons-parent-42.pom (68 kB at 1.6 MB/s)
[28cf14d0-7b81-4087-ab60-082c632024fe/build]   | [INFO] Downloading from central: https://repo.maven.apache.org/maven2/org/apache/apache/18/apache-18.pom
[28cf14d0-7b81-4087-ab60-082c632024fe/build]   | [INFO] Downloaded from central: https://repo.maven.apache.org/maven2/org/apache/apache/18/apache-18.pom (16 kB at 870 kB/s)
[28cf14d0-7b81-4087-ab60-082c632024fe/build]   | [INFO] Downloading from central: https://repo.maven.apache.org/maven2/org/apache/maven/shared/maven-shared-incremental/1.1/maven-shared-incremental-1.1.pom
[28cf14d0-7b81-4087-ab60-082c632024fe/build]   | [INFO] Downloaded from central: https://repo.maven.apache.org/maven2/org/apache/maven/shared/maven-shared-incremental/1.1/maven-shared-incremental-1.1.pom (4.7 kB at 182 kB/s)
[28cf14d0-7b81-4087-ab60-082c632024fe/build]   | [INFO] Downloading from central: https://repo.maven.apache.org/maven2/org/apache/maven/shared/maven-shared-components/19/maven-shared-components-19.pom
[28cf14d0-7b81-4087-ab60-082c632024fe/build]   | [INFO] Downloaded from central: https://repo.maven.apache.org/maven2/org/apache/maven/shared/maven-shared-components/19/maven-shared-components-19.pom (6.4 kB at 265 kB/s)
[28cf14d0-7b81-4087-ab60-082c632024fe/build]   | [INFO] Downloading from central: https://repo.maven.apache.org/maven2/org/apache/maven/maven-parent/23/maven-parent-23.pom
[28cf14d0-7b81-4087-ab60-082c632024fe/build]   | [INFO] Downloaded from central: https://repo.maven.apache.org/maven2/org/apache/maven/maven-parent/23/maven-parent-23.pom (33 kB at 693 kB/s)
[28cf14d0-7b81-4087-ab60-082c632024fe/build]   | [INFO] Downloading from central: https://repo.maven.apache.org/maven2/org/codehaus/plexus/plexus-component-annotations/2.0.0/plexus-component-annotations-2.0.0.pom
[28cf14d0-7b81-4087-ab60-082c632024fe/build]   | [INFO] Downloaded from central: https://repo.maven.apache.org/maven2/org/codehaus/plexus/plexus-component-annotations/2.0.0/plexus-component-annotations-2.0.0.pom (750 B at 15 kB/s)
[28cf14d0-7b81-4087-ab60-082c632024fe/build]   | [INFO] Downloading from central: https://repo.maven.apache.org/maven2/org/codehaus/plexus/plexus-containers/2.0.0/plexus-containers-2.0.0.pom
[28cf14d0-7b81-4087-ab60-082c632024fe/build]   | [INFO] Downloaded from central: https://repo.maven.apache.org/maven2/org/codehaus/plexus/plexus-containers/2.0.0/plexus-containers-2.0.0.pom (4.8 kB at 130 kB/s)
[28cf14d0-7b81-4087-ab60-082c632024fe/build]   | [INFO] Downloading from central: https://repo.maven.apache.org/maven2/org/codehaus/plexus/plexus/5.1/plexus-5.1.pom
[28cf14d0-7b81-4087-ab60-082c632024fe/build]   | [INFO] Downloaded from central: https://repo.maven.apache.org/maven2/org/codehaus/plexus/plexus/5.1/plexus-5.1.pom (23 kB at 479 kB/s)
[28cf14d0-7b81-4087-ab60-082c632024fe/build]   | [INFO] Downloading from central: https://repo.maven.apache.org/maven2/org/codehaus/plexus/plexus-java/1.1.1/plexus-java-1.1.1.pom
[28cf14d0-7b81-4087-ab60-082c632024fe/build]   | [INFO] Downloaded from central: https://repo.maven.apache.org/maven2/org/codehaus/plexus/plexus-java/1.1.1/plexus-java-1.1.1.pom (5.0 kB at 79 kB/s)
[28cf14d0-7b81-4087-ab60-082c632024fe/build]   | [INFO] Downloading from central: https://repo.maven.apache.org/maven2/org/codehaus/plexus/plexus-languages/1.1.1/plexus-languages-1.1.1.pom
[28cf14d0-7b81-4087-ab60-082c632024fe/build]   | [INFO] Downloaded from central: https://repo.maven.apache.org/maven2/org/codehaus/plexus/plexus-languages/1.1.1/plexus-languages-1.1.1.pom (4.6 kB at 85 kB/s)
[28cf14d0-7b81-4087-ab60-082c632024fe/build]   | [INFO] Downloading from central: https://repo.maven.apache.org/maven2/org/codehaus/plexus/plexus/8/plexus-8.pom
[28cf14d0-7b81-4087-ab60-082c632024fe/build]   | [INFO] Downloaded from central: https://repo.maven.apache.org/maven2/org/codehaus/plexus/plexus/8/plexus-8.pom (25 kB at 499 kB/s)
[28cf14d0-7b81-4087-ab60-082c632024fe/build]   | [INFO] Downloading from central: https://repo.maven.apache.org/maven2/com/thoughtworks/qdox/qdox/2.0.1/qdox-2.0.1.pom
[28cf14d0-7b81-4087-ab60-082c632024fe/build]   | [INFO] Downloaded from central: https://repo.maven.apache.org/maven2/com/thoughtworks/qdox/qdox/2.0.1/qdox-2.0.1.pom (16 kB at 214 kB/s)
[28cf14d0-7b81-4087-ab60-082c632024fe/build]   | [INFO] Downloading from central: https://repo.maven.apache.org/maven2/org/sonatype/oss/oss-parent/9/oss-parent-9.pom
[28cf14d0-7b81-4087-ab60-082c632024fe/build]   | [INFO] Downloaded from central: https://repo.maven.apache.org/maven2/org/sonatype/oss/oss-parent/9/oss-parent-9.pom (6.6 kB at 173 kB/s)
[28cf14d0-7b81-4087-ab60-082c632024fe/build]   | [INFO] Downloading from central: https://repo.maven.apache.org/maven2/org/codehaus/plexus/plexus-compiler-api/2.11.1/plexus-compiler-api-2.11.1.pom
[28cf14d0-7b81-4087-ab60-082c632024fe/build]   | [INFO] Downloaded from central: https://repo.maven.apache.org/maven2/org/codehaus/plexus/plexus-compiler-api/2.11.1/plexus-compiler-api-2.11.1.pom (1.1 kB at 15 kB/s)
[28cf14d0-7b81-4087-ab60-082c632024fe/build]   | [INFO] Downloading from central: https://repo.maven.apache.org/maven2/org/codehaus/plexus/plexus-compiler/2.11.1/plexus-compiler-2.11.1.pom
[28cf14d0-7b81-4087-ab60-082c632024fe/build]   | [INFO] Downloaded from central: https://repo.maven.apache.org/maven2/org/codehaus/plexus/plexus-compiler/2.11.1/plexus-compiler-2.11.1.pom (8.1 kB at 140 kB/s)
[28cf14d0-7b81-4087-ab60-082c632024fe/build]   | [INFO] Downloading from central: https://repo.maven.apache.org/maven2/org/codehaus/plexus/plexus-components/6.6/plexus-components-6.6.pom
[28cf14d0-7b81-4087-ab60-082c632024fe/build]   | [INFO] Downloaded from central: https://repo.maven.apache.org/maven2/org/codehaus/plexus/plexus-components/6.6/plexus-components-6.6.pom (2.7 kB at 45 kB/s)
[28cf14d0-7b81-4087-ab60-082c632024fe/build]   | [INFO] Downloading from central: https://repo.maven.apache.org/maven2/org/junit/junit-bom/5.8.2/junit-bom-5.8.2.pom
[28cf14d0-7b81-4087-ab60-082c632024fe/build]   | [INFO] Downloaded from central: https://repo.maven.apache.org/maven2/org/junit/junit-bom/5.8.2/junit-bom-5.8.2.pom (5.6 kB at 108 kB/s)
[28cf14d0-7b81-4087-ab60-082c632024fe/build]   | [INFO] Downloading from central: https://repo.maven.apache.org/maven2/org/codehaus/plexus/plexus-utils/3.4.1/plexus-utils-3.4.1.pom
[28cf14d0-7b81-4087-ab60-082c632024fe/build]   | [INFO] Downloaded from central: https://repo.maven.apache.org/maven2/org/codehaus/plexus/plexus-utils/3.4.1/plexus-utils-3.4.1.pom (8.0 kB at 108 kB/s)
[28cf14d0-7b81-4087-ab60-082c632024fe/build]   | [INFO] Downloading from central: https://repo.maven.apache.org/maven2/org/codehaus/plexus/plexus-compiler-manager/2.11.1/plexus-compiler-manager-2.11.1.pom
[28cf14d0-7b81-4087-ab60-082c632024fe/build]   | [INFO] Downloaded from central: https://repo.maven.apache.org/maven2/org/codehaus/plexus/plexus-compiler-manager/2.11.1/plexus-compiler-manager-2.11.1.pom (1.1 kB at 19 kB/s)
[28cf14d0-7b81-4087-ab60-082c632024fe/build]   | [INFO] Downloading from central: https://repo.maven.apache.org/maven2/org/codehaus/plexus/plexus-compiler-javac/2.11.1/plexus-compiler-javac-2.11.1.pom
[28cf14d0-7b81-4087-ab60-082c632024fe/build]   | [INFO] Downloaded from central: https://repo.maven.apache.org/maven2/org/codehaus/plexus/plexus-compiler-javac/2.11.1/plexus-compiler-javac-2.11.1.pom (1.2 kB at 22 kB/s)
[28cf14d0-7b81-4087-ab60-082c632024fe/build]   | [INFO] Downloading from central: https://repo.maven.apache.org/maven2/org/codehaus/plexus/plexus-compilers/2.11.1/plexus-compilers-2.11.1.pom
[28cf14d0-7b81-4087-ab60-082c632024fe/build]   | [INFO] Downloaded from central: https://repo.maven.apache.org/maven2/org/codehaus/plexus/plexus-compilers/2.11.1/plexus-compilers-2.11.1.pom (1.3 kB at 28 kB/s)
[28cf14d0-7b81-4087-ab60-082c632024fe/build]   | [INFO] Downloading from central: https://repo.maven.apache.org/maven2/org/apache/maven/shared/maven-shared-utils/3.3.4/maven-shared-utils-3.3.4.jar
[28cf14d0-7b81-4087-ab60-082c632024fe/build]   | [INFO] Downloading from central: https://repo.maven.apache.org/maven2/commons-io/commons-io/2.6/commons-io-2.6.jar
[28cf14d0-7b81-4087-ab60-082c632024fe/build]   | [INFO] Downloading from central: https://repo.maven.apache.org/maven2/org/apache/maven/shared/maven-shared-incremental/1.1/maven-shared-incremental-1.1.jar
[28cf14d0-7b81-4087-ab60-082c632024fe/build]   | [INFO] Downloading from central: https://repo.maven.apache.org/maven2/org/codehaus/plexus/plexus-component-annotations/2.0.0/plexus-component-annotations-2.0.0.jar
[28cf14d0-7b81-4087-ab60-082c632024fe/build]   | [INFO] Downloading from central: https://repo.maven.apache.org/maven2/org/codehaus/plexus/plexus-java/1.1.1/plexus-java-1.1.1.jar
[28cf14d0-7b81-4087-ab60-082c632024fe/build]   | [INFO] Downloaded from central: https://repo.maven.apache.org/maven2/org/apache/maven/shared/maven-shared-incremental/1.1/maven-shared-incremental-1.1.jar (14 kB at 215 kB/s)
[28cf14d0-7b81-4087-ab60-082c632024fe/build]   | [INFO] Downloading from central: https://repo.maven.apache.org/maven2/com/thoughtworks/qdox/qdox/2.0.1/qdox-2.0.1.jar
[28cf14d0-7b81-4087-ab60-082c632024fe/build]   | [INFO] Downloaded from central: https://repo.maven.apache.org/maven2/org/codehaus/plexus/plexus-component-annotations/2.0.0/plexus-component-annotations-2.0.0.jar (4.2 kB at 66 kB/s)
[28cf14d0-7b81-4087-ab60-082c632024fe/build]   | [INFO] Downloading from central: https://repo.maven.apache.org/maven2/org/codehaus/plexus/plexus-compiler-api/2.11.1/plexus-compiler-api-2.11.1.jar
[28cf14d0-7b81-4087-ab60-082c632024fe/build]   | [INFO] Downloaded from central: https://repo.maven.apache.org/maven2/org/codehaus/plexus/plexus-java/1.1.1/plexus-java-1.1.1.jar (54 kB at 827 kB/s)
[28cf14d0-7b81-4087-ab60-082c632024fe/build]   | [INFO] Downloading from central: https://repo.maven.apache.org/maven2/org/codehaus/plexus/plexus-utils/3.4.1/plexus-utils-3.4.1.jar
[28cf14d0-7b81-4087-ab60-082c632024fe/build]   | [INFO] Downloaded from central: https://repo.maven.apache.org/maven2/org/apache/maven/shared/maven-shared-utils/3.3.4/maven-shared-utils-3.3.4.jar (153 kB at 2.1 MB/s)
[28cf14d0-7b81-4087-ab60-082c632024fe/build]   | [INFO] Downloading from central: https://repo.maven.apache.org/maven2/org/codehaus/plexus/plexus-compiler-manager/2.11.1/plexus-compiler-manager-2.11.1.jar
[28cf14d0-7b81-4087-ab60-082c632024fe/build]   | [INFO] Downloaded from central: https://repo.maven.apache.org/maven2/commons-io/commons-io/2.6/commons-io-2.6.jar (215 kB at 2.8 MB/s)
[28cf14d0-7b81-4087-ab60-082c632024fe/build]   | [INFO] Downloading from central: https://repo.maven.apache.org/maven2/org/codehaus/plexus/plexus-compiler-javac/2.11.1/plexus-compiler-javac-2.11.1.jar
[28cf14d0-7b81-4087-ab60-082c632024fe/build]   | [INFO] Downloaded from central: https://repo.maven.apache.org/maven2/org/codehaus/plexus/plexus-compiler-api/2.11.1/plexus-compiler-api-2.11.1.jar (27 kB at 254 kB/s)
[28cf14d0-7b81-4087-ab60-082c632024fe/build]   | [INFO] Downloaded from central: https://repo.maven.apache.org/maven2/org/codehaus/plexus/plexus-compiler-manager/2.11.1/plexus-compiler-manager-2.11.1.jar (4.7 kB at 42 kB/s)
[28cf14d0-7b81-4087-ab60-082c632024fe/build]   | [INFO] Downloaded from central: https://repo.maven.apache.org/maven2/org/codehaus/plexus/plexus-utils/3.4.1/plexus-utils-3.4.1.jar (264 kB at 2.3 MB/s)
[28cf14d0-7b81-4087-ab60-082c632024fe/build]   | [INFO] Downloaded from central: https://repo.maven.apache.org/maven2/com/thoughtworks/qdox/qdox/2.0.1/qdox-2.0.1.jar (334 kB at 2.5 MB/s)
[28cf14d0-7b81-4087-ab60-082c632024fe/build]   | [INFO] Downloaded from central: https://repo.maven.apache.org/maven2/org/codehaus/plexus/plexus-compiler-javac/2.11.1/plexus-compiler-javac-2.11.1.jar (23 kB at 169 kB/s)
[28cf14d0-7b81-4087-ab60-082c632024fe/build]   | [INFO] Changes detected - recompiling the module!
[28cf14d0-7b81-4087-ab60-082c632024fe/build]   | [INFO] Compiling 6 source files to /tmp/83d7d23b-019f-4870-941a-76907a1cd58e/target/classes
[28cf14d0-7b81-4087-ab60-082c632024fe/build]   | [INFO] 
[28cf14d0-7b81-4087-ab60-082c632024fe/build]   | [INFO] --- maven-resources-plugin:2.6:testResources (default-testResources) @ word-wrap ---
[28cf14d0-7b81-4087-ab60-082c632024fe/build]   | [INFO] Using 'UTF-8' encoding to copy filtered resources.
[28cf14d0-7b81-4087-ab60-082c632024fe/build]   | [INFO] Copying 3 resources
[28cf14d0-7b81-4087-ab60-082c632024fe/build]   | [INFO] 
[28cf14d0-7b81-4087-ab60-082c632024fe/build]   | [INFO] --- maven-compiler-plugin:3.10.1:testCompile (default-testCompile) @ word-wrap ---
[28cf14d0-7b81-4087-ab60-082c632024fe/build]   | [INFO] Changes detected - recompiling the module!
[28cf14d0-7b81-4087-ab60-082c632024fe/build]   | [INFO] Compiling 5 source files to /tmp/83d7d23b-019f-4870-941a-76907a1cd58e/target/test-classes
[28cf14d0-7b81-4087-ab60-082c632024fe/build]   | [INFO] 
[28cf14d0-7b81-4087-ab60-082c632024fe/build]   | [INFO] --- maven-surefire-plugin:2.12.4:test (default-test) @ word-wrap ---
[28cf14d0-7b81-4087-ab60-082c632024fe/build]   | [INFO] Downloading from central: https://repo.maven.apache.org/maven2/org/apache/maven/maven-plugin-api/2.0.9/maven-plugin-api-2.0.9.pom
[28cf14d0-7b81-4087-ab60-082c632024fe/build]   | [INFO] Downloaded from central: https://repo.maven.apache.org/maven2/org/apache/maven/maven-plugin-api/2.0.9/maven-plugin-api-2.0.9.pom (1.5 kB at 136 kB/s)
[28cf14d0-7b81-4087-ab60-082c632024fe/build]   | [INFO] Downloading from central: https://repo.maven.apache.org/maven2/org/apache/maven/maven/2.0.9/maven-2.0.9.pom
[28cf14d0-7b81-4087-ab60-082c632024fe/build]   | [INFO] Downloaded from central: https://repo.maven.apache.org/maven2/org/apache/maven/maven/2.0.9/maven-2.0.9.pom (19 kB at 900 kB/s)
[28cf14d0-7b81-4087-ab60-082c632024fe/build]   | [INFO] Downloading from central: https://repo.maven.apache.org/maven2/org/apache/maven/maven-parent/8/maven-parent-8.pom
[28cf14d0-7b81-4087-ab60-082c632024fe/build]   | [INFO] Downloaded from central: https://repo.maven.apache.org/maven2/org/apache/maven/maven-parent/8/maven-parent-8.pom (24 kB at 2.0 MB/s)
[28cf14d0-7b81-4087-ab60-082c632024fe/build]   | [INFO] Downloading from central: https://repo.maven.apache.org/maven2/org/apache/maven/surefire/surefire-booter/2.12.4/surefire-booter-2.12.4.pom
[28cf14d0-7b81-4087-ab60-082c632024fe/build]   | [INFO] Downloaded from central: https://repo.maven.apache.org/maven2/org/apache/maven/surefire/surefire-booter/2.12.4/surefire-booter-2.12.4.pom (3.0 kB at 233 kB/s)
[28cf14d0-7b81-4087-ab60-082c632024fe/build]   | [INFO] Downloading from central: https://repo.maven.apache.org/maven2/org/apache/maven/surefire/surefire-api/2.12.4/surefire-api-2.12.4.pom
[28cf14d0-7b81-4087-ab60-082c632024fe/build]   | [INFO] Downloaded from central: https://repo.maven.apache.org/maven2/org/apache/maven/surefire/surefire-api/2.12.4/surefire-api-2.12.4.pom (2.5 kB at 147 kB/s)
[28cf14d0-7b81-4087-ab60-082c632024fe/build]   | [INFO] Downloading from central: https://repo.maven.apache.org/maven2/org/apache/maven/surefire/maven-surefire-common/2.12.4/maven-surefire-common-2.12.4.pom
[28cf14d0-7b81-4087-ab60-082c632024fe/build]   | [INFO] Downloaded from central: https://repo.maven.apache.org/maven2/org/apache/maven/surefire/maven-surefire-common/2.12.4/maven-surefire-common-2.12.4.pom (5.5 kB at 230 kB/s)
[28cf14d0-7b81-4087-ab60-082c632024fe/build]   | [INFO] Downloading from central: https://repo.maven.apache.org/maven2/org/apache/maven/plugin-tools/maven-plugin-annotations/3.1/maven-plugin-annotations-3.1.pom
[28cf14d0-7b81-4087-ab60-082c632024fe/build]   | [INFO] Downloaded from central: https://repo.maven.apache.org/maven2/org/apache/maven/plugin-tools/maven-plugin-annotations/3.1/maven-plugin-annotations-3.1.pom (1.6 kB at 77 kB/s)
[28cf14d0-7b81-4087-ab60-082c632024fe/build]   | [INFO] Downloading from central: https://repo.maven.apache.org/maven2/org/apache/maven/plugin-tools/maven-plugin-tools/3.1/maven-plugin-tools-3.1.pom
[28cf14d0-7b81-4087-ab60-082c632024fe/build]   | [INFO] Downloaded from central: https://repo.maven.apache.org/maven2/org/apache/maven/plugin-tools/maven-plugin-tools/3.1/maven-plugin-tools-3.1.pom (16 kB at 1.8 MB/s)
[28cf14d0-7b81-4087-ab60-082c632024fe/build]   | [INFO] Downloading from central: https://repo.maven.apache.org/maven2/org/apache/maven/maven-artifact/2.0.9/maven-artifact-2.0.9.pom
[28cf14d0-7b81-4087-ab60-082c632024fe/build]   | [INFO] Downloaded from central: https://repo.maven.apache.org/maven2/org/apache/maven/maven-artifact/2.0.9/maven-artifact-2.0.9.pom (1.6 kB at 108 kB/s)
[28cf14d0-7b81-4087-ab60-082c632024fe/build]   | [INFO] Downloading from central: https://repo.maven.apache.org/maven2/org/apache/maven/maven-project/2.0.9/maven-project-2.0.9.pom
[28cf14d0-7b81-4087-ab60-082c632024fe/build]   | [INFO] Downloaded from central: https://repo.maven.apache.org/maven2/org/apache/maven/maven-project/2.0.9/maven-project-2.0.9.pom (2.7 kB at 387 kB/s)
[28cf14d0-7b81-4087-ab60-082c632024fe/build]   | [INFO] Downloading from central: https://repo.maven.apache.org/maven2/org/apache/maven/maven-settings/2.0.9/maven-settings-2.0.9.pom
[28cf14d0-7b81-4087-ab60-082c632024fe/build]   | [INFO] Downloaded from central: https://repo.maven.apache.org/maven2/org/apache/maven/maven-settings/2.0.9/maven-settings-2.0.9.pom (2.1 kB at 158 kB/s)
[28cf14d0-7b81-4087-ab60-082c632024fe/build]   | [INFO] Downloading from central: https://repo.maven.apache.org/maven2/org/apache/maven/maven-model/2.0.9/maven-model-2.0.9.pom
[28cf14d0-7b81-4087-ab60-082c632024fe/build]   | [INFO] Downloaded from central: https://repo.maven.apache.org/maven2/org/apache/maven/maven-model/2.0.9/maven-model-2.0.9.pom (3.1 kB at 349 kB/s)
[28cf14d0-7b81-4087-ab60-082c632024fe/build]   | [INFO] Downloading from central: https://repo.maven.apache.org/maven2/org/apache/maven/maven-profile/2.0.9/maven-profile-2.0.9.pom
[28cf14d0-7b81-4087-ab60-082c632024fe/build]   | [INFO] Downloaded from central: https://repo.maven.apache.org/maven2/org/apache/maven/maven-profile/2.0.9/maven-profile-2.0.9.pom (2.0 kB at 186 kB/s)
[28cf14d0-7b81-4087-ab60-082c632024fe/build]   | [INFO] Downloading from central: https://repo.maven.apache.org/maven2/org/apache/maven/maven-artifact-manager/2.0.9/maven-artifact-manager-2.0.9.pom
[28cf14d0-7b81-4087-ab60-082c632024fe/build]   | [INFO] Downloaded from central: https://repo.maven.apache.org/maven2/org/apache/maven/maven-artifact-manager/2.0.9/maven-artifact-manager-2.0.9.pom (2.7 kB at 208 kB/s)
[28cf14d0-7b81-4087-ab60-082c632024fe/build]   | [INFO] Downloading from central: https://repo.maven.apache.org/maven2/org/apache/maven/maven-repository-metadata/2.0.9/maven-repository-metadata-2.0.9.pom
[28cf14d0-7b81-4087-ab60-082c632024fe/build]   | [INFO] Downloaded from central: https://repo.maven.apache.org/maven2/org/apache/maven/maven-repository-metadata/2.0.9/maven-repository-metadata-2.0.9.pom (1.9 kB at 173 kB/s)
[28cf14d0-7b81-4087-ab60-082c632024fe/build]   | [INFO] Downloading from central: https://repo.maven.apache.org/maven2/org/apache/maven/maven-plugin-registry/2.0.9/maven-plugin-registry-2.0.9.pom
[28cf14d0-7b81-4087-ab60-082c632024fe/build]   | [INFO] Downloaded from central: https://repo.maven.apache.org/maven2/org/apache/maven/maven-plugin-registry/2.0.9/maven-plugin-registry-2.0.9.pom (2.0 kB at 394 kB/s)
[28cf14d0-7b81-4087-ab60-082c632024fe/build]   | [INFO] Downloading from central: https://repo.maven.apache.org/maven2/org/apache/maven/maven-core/2.0.9/maven-core-2.0.9.pom
[28cf14d0-7b81-4087-ab60-082c632024fe/build]   | [INFO] Downloaded from central: https://repo.maven.apache.org/maven2/org/apache/maven/maven-core/2.0.9/maven-core-2.0.9.pom (7.8 kB at 1.6 MB/s)
[28cf14d0-7b81-4087-ab60-082c632024fe/build]   | [INFO] Downloading from central: https://repo.maven.apache.org/maven2/org/apache/maven/maven-plugin-parameter-documenter/2.0.9/maven-plugin-parameter-documenter-2.0.9.pom
[28cf14d0-7b81-4087-ab60-082c632024fe/build]   | [INFO] Downloaded from central: https://repo.maven.apache.org/maven2/org/apache/maven/maven-plugin-parameter-documenter/2.0.9/maven-plugin-parameter-documenter-2.0.9.pom (2.0 kB at 393 kB/s)
[28cf14d0-7b81-4087-ab60-082c632024fe/build]   | [INFO] Downloading from central: https://repo.maven.apache.org/maven2/org/apache/maven/reporting/maven-reporting-api/2.0.9/maven-reporting-api-2.0.9.pom
[28cf14d0-7b81-4087-ab60-082c632024fe/build]   | [INFO] Downloaded from central: https://repo.maven.apache.org/maven2/org/apache/maven/reporting/maven-reporting-api/2.0.9/maven-reporting-api-2.0.9.pom (1.8 kB at 450 kB/s)
[28cf14d0-7b81-4087-ab60-082c632024fe/build]   | [INFO] Downloading from central: https://repo.maven.apache.org/maven2/org/apache/maven/reporting/maven-reporting/2.0.9/maven-reporting-2.0.9.pom
[28cf14d0-7b81-4087-ab60-082c632024fe/build]   | [INFO] Downloaded from central: https://repo.maven.apache.org/maven2/org/apache/maven/reporting/maven-reporting/2.0.9/maven-reporting-2.0.9.pom (1.5 kB at 295 kB/s)
[28cf14d0-7b81-4087-ab60-082c632024fe/build]   | [INFO] Downloading from central: https://repo.maven.apache.org/maven2/org/apache/maven/maven-error-diagnostics/2.0.9/maven-error-diagnostics-2.0.9.pom
[28cf14d0-7b81-4087-ab60-082c632024fe/build]   | [INFO] Downloaded from central: https://repo.maven.apache.org/maven2/org/apache/maven/maven-error-diagnostics/2.0.9/maven-error-diagnostics-2.0.9.pom (1.7 kB at 436 kB/s)
[28cf14d0-7b81-4087-ab60-082c632024fe/build]   | [INFO] Downloading from central: https://repo.maven.apache.org/maven2/org/apache/maven/maven-plugin-descriptor/2.0.9/maven-plugin-descriptor-2.0.9.pom
[28cf14d0-7b81-4087-ab60-082c632024fe/build]   | [INFO] Downloaded from central: https://repo.maven.apache.org/maven2/org/apache/maven/maven-plugin-descriptor/2.0.9/maven-plugin-descriptor-2.0.9.pom (2.1 kB at 296 kB/s)
[28cf14d0-7b81-4087-ab60-082c632024fe/build]   | [INFO] Downloading from central: https://repo.maven.apache.org/maven2/org/apache/maven/maven-monitor/2.0.9/maven-monitor-2.0.9.pom
[28cf14d0-7b81-4087-ab60-082c632024fe/build]   | [INFO] Downloaded from central: https://repo.maven.apache.org/maven2/org/apache/maven/maven-monitor/2.0.9/maven-monitor-2.0.9.pom (1.3 kB at 128 kB/s)
[28cf14d0-7b81-4087-ab60-082c632024fe/build]   | [INFO] Downloading from central: https://repo.maven.apache.org/maven2/org/apache/maven/maven-toolchain/2.0.9/maven-toolchain-2.0.9.pom
[28cf14d0-7b81-4087-ab60-082c632024fe/build]   | [INFO] Downloaded from central: https://repo.maven.apache.org/maven2/org/apache/maven/maven-toolchain/2.0.9/maven-toolchain-2.0.9.pom (3.5 kB at 316 kB/s)
[28cf14d0-7b81-4087-ab60-082c632024fe/build]   | [INFO] Downloading from central: https://repo.maven.apache.org/maven2/org/apache/commons/commons-lang3/3.1/commons-lang3-3.1.pom
[28cf14d0-7b81-4087-ab60-082c632024fe/build]   | [INFO] Downloaded from central: https://repo.maven.apache.org/maven2/org/apache/commons/commons-lang3/3.1/commons-lang3-3.1.pom (17 kB at 1.1 MB/s)
[28cf14d0-7b81-4087-ab60-082c632024fe/build]   | [INFO] Downloading from central: https://repo.maven.apache.org/maven2/org/apache/maven/shared/maven-common-artifact-filters/1.3/maven-common-artifact-filters-1.3.pom
[28cf14d0-7b81-4087-ab60-082c632024fe/build]   | [INFO] Downloaded from central: https://repo.maven.apache.org/maven2/org/apache/maven/shared/maven-common-artifact-filters/1.3/maven-common-artifact-filters-1.3.pom (3.7 kB at 264 kB/s)
[28cf14d0-7b81-4087-ab60-082c632024fe/build]   | [INFO] Downloading from central: https://repo.maven.apache.org/maven2/org/apache/maven/shared/maven-shared-components/12/maven-shared-components-12.pom
[28cf14d0-7b81-4087-ab60-082c632024fe/build]   | [INFO] Downloaded from central: https://repo.maven.apache.org/maven2/org/apache/maven/shared/maven-shared-components/12/maven-shared-components-12.pom (9.3 kB at 778 kB/s)
[28cf14d0-7b81-4087-ab60-082c632024fe/build]   | [INFO] Downloading from central: https://repo.maven.apache.org/maven2/org/apache/maven/maven-parent/13/maven-parent-13.pom
[28cf14d0-7b81-4087-ab60-082c632024fe/build]   | [INFO] Downloaded from central: https://repo.maven.apache.org/maven2/org/apache/maven/maven-parent/13/maven-parent-13.pom (23 kB at 2.1 MB/s)
[28cf14d0-7b81-4087-ab60-082c632024fe/build]   | [INFO] Downloading from central: https://repo.maven.apache.org/maven2/org/apache/apache/6/apache-6.pom
[28cf14d0-7b81-4087-ab60-082c632024fe/build]   | [INFO] Downloaded from central: https://repo.maven.apache.org/maven2/org/apache/apache/6/apache-6.pom (13 kB at 1.8 MB/s)
[28cf14d0-7b81-4087-ab60-082c632024fe/build]   | [INFO] Downloading from central: https://repo.maven.apache.org/maven2/org/apache/maven/maven-plugin-api/2.0.9/maven-plugin-api-2.0.9.jar
[28cf14d0-7b81-4087-ab60-082c632024fe/build]   | [INFO] Downloading from central: https://repo.maven.apache.org/maven2/org/apache/maven/surefire/maven-surefire-common/2.12.4/maven-surefire-common-2.12.4.jar
[28cf14d0-7b81-4087-ab60-082c632024fe/build]   | [INFO] Downloading from central: https://repo.maven.apache.org/maven2/org/apache/commons/commons-lang3/3.1/commons-lang3-3.1.jar
[28cf14d0-7b81-4087-ab60-082c632024fe/build]   | [INFO] Downloading from central: https://repo.maven.apache.org/maven2/org/apache/maven/surefire/surefire-api/2.12.4/surefire-api-2.12.4.jar
[28cf14d0-7b81-4087-ab60-082c632024fe/build]   | [INFO] Downloading from central: https://repo.maven.apache.org/maven2/org/apache/maven/surefire/surefire-booter/2.12.4/surefire-booter-2.12.4.jar
[28cf14d0-7b81-4087-ab60-082c632024fe/build]   | [INFO] Downloaded from central: https://repo.maven.apache.org/maven2/org/apache/maven/maven-plugin-api/2.0.9/maven-plugin-api-2.0.9.jar (13 kB at 215 kB/s)
[28cf14d0-7b81-4087-ab60-082c632024fe/build]   | [INFO] Downloading from central: https://repo.maven.apache.org/maven2/org/apache/maven/shared/maven-common-artifact-filters/1.3/maven-common-artifact-filters-1.3.jar
[28cf14d0-7b81-4087-ab60-082c632024fe/build]   | [INFO] Downloaded from central: https://repo.maven.apache.org/maven2/org/apache/maven/surefire/surefire-booter/2.12.4/surefire-booter-2.12.4.jar (35 kB at 771 kB/s)
[28cf14d0-7b81-4087-ab60-082c632024fe/build]   | [INFO] Downloading from central: https://repo.maven.apache.org/maven2/org/apache/maven/maven-artifact/2.0.9/maven-artifact-2.0.9.jar
[28cf14d0-7b81-4087-ab60-082c632024fe/build]   | [INFO] Downloaded from central: https://repo.maven.apache.org/maven2/org/apache/maven/surefire/surefire-api/2.12.4/surefire-api-2.12.4.jar (118 kB at 2.6 MB/s)
[28cf14d0-7b81-4087-ab60-082c632024fe/build]   | [INFO] Downloading from central: https://repo.maven.apache.org/maven2/org/apache/maven/maven-project/2.0.9/maven-project-2.0.9.jar
[28cf14d0-7b81-4087-ab60-082c632024fe/build]   | [INFO] Downloaded from central: https://repo.maven.apache.org/maven2/org/apache/maven/shared/maven-common-artifact-filters/1.3/maven-common-artifact-filters-1.3.jar (31 kB at 1.0 MB/s)
[28cf14d0-7b81-4087-ab60-082c632024fe/build]   | [INFO] Downloading from central: https://repo.maven.apache.org/maven2/org/apache/maven/maven-settings/2.0.9/maven-settings-2.0.9.jar
[28cf14d0-7b81-4087-ab60-082c632024fe/build]   | [INFO] Downloaded from central: https://repo.maven.apache.org/maven2/org/apache/maven/surefire/maven-surefire-common/2.12.4/maven-surefire-common-2.12.4.jar (263 kB at 7.1 MB/s)
[28cf14d0-7b81-4087-ab60-082c632024fe/build]   | [INFO] Downloading from central: https://repo.maven.apache.org/maven2/org/apache/maven/maven-profile/2.0.9/maven-profile-2.0.9.jar
[28cf14d0-7b81-4087-ab60-082c632024fe/build]   | [INFO] Downloaded from central: https://repo.maven.apache.org/maven2/org/apache/commons/commons-lang3/3.1/commons-lang3-3.1.jar (316 kB at 8.5 MB/s)
[28cf14d0-7b81-4087-ab60-082c632024fe/build]   | [INFO] Downloading from central: https://repo.maven.apache.org/maven2/org/apache/maven/maven-model/2.0.9/maven-model-2.0.9.jar
[28cf14d0-7b81-4087-ab60-082c632024fe/build]   | [INFO] Downloaded from central: https://repo.maven.apache.org/maven2/org/apache/maven/maven-artifact/2.0.9/maven-artifact-2.0.9.jar (89 kB at 2.4 MB/s)
[28cf14d0-7b81-4087-ab60-082c632024fe/build]   | [INFO] Downloading from central: https://repo.maven.apache.org/maven2/org/apache/maven/maven-artifact-manager/2.0.9/maven-artifact-manager-2.0.9.jar
[28cf14d0-7b81-4087-ab60-082c632024fe/build]   | [INFO] Downloaded from central: https://repo.maven.apache.org/maven2/org/apache/maven/maven-project/2.0.9/maven-project-2.0.9.jar (122 kB at 3.0 MB/s)
[28cf14d0-7b81-4087-ab60-082c632024fe/build]   | [INFO] Downloading from central: https://repo.maven.apache.org/maven2/org/apache/maven/maven-plugin-registry/2.0.9/maven-plugin-registry-2.0.9.jar
[28cf14d0-7b81-4087-ab60-082c632024fe/build]   | [INFO] Downloaded from central: https://repo.maven.apache.org/maven2/org/apache/maven/maven-profile/2.0.9/maven-profile-2.0.9.jar (35 kB at 842 kB/s)
[28cf14d0-7b81-4087-ab60-082c632024fe/build]   | [INFO] Downloading from central: https://repo.maven.apache.org/maven2/org/apache/maven/maven-core/2.0.9/maven-core-2.0.9.jar
[28cf14d0-7b81-4087-ab60-082c632024fe/build]   | [INFO] Downloaded from central: https://repo.maven.apache.org/maven2/org/apache/maven/maven-model/2.0.9/maven-model-2.0.9.jar (87 kB at 2.0 MB/s)
[28cf14d0-7b81-4087-ab60-082c632024fe/build]   | [INFO] Downloading from central: https://repo.maven.apache.org/maven2/org/apache/maven/maven-plugin-parameter-documenter/2.0.9/maven-plugin-parameter-documenter-2.0.9.jar
[28cf14d0-7b81-4087-ab60-082c632024fe/build]   | [INFO] Downloaded from central: https://repo.maven.apache.org/maven2/org/apache/maven/maven-artifact-manager/2.0.9/maven-artifact-manager-2.0.9.jar (58 kB at 1.3 MB/s)
[28cf14d0-7b81-4087-ab60-082c632024fe/build]   | [INFO] Downloading from central: https://repo.maven.apache.org/maven2/org/apache/maven/reporting/maven-reporting-api/2.0.9/maven-reporting-api-2.0.9.jar
[28cf14d0-7b81-4087-ab60-082c632024fe/build]   | [INFO] Downloaded from central: https://repo.maven.apache.org/maven2/org/apache/maven/maven-settings/2.0.9/maven-settings-2.0.9.jar (49 kB at 982 kB/s)
[28cf14d0-7b81-4087-ab60-082c632024fe/build]   | [INFO] Downloading from central: https://repo.maven.apache.org/maven2/org/apache/maven/maven-repository-metadata/2.0.9/maven-repository-metadata-2.0.9.jar
[28cf14d0-7b81-4087-ab60-082c632024fe/build]   | [INFO] Downloaded from central: https://repo.maven.apache.org/maven2/org/apache/maven/reporting/maven-reporting-api/2.0.9/maven-reporting-api-2.0.9.jar (10 kB at 191 kB/s)
[28cf14d0-7b81-4087-ab60-082c632024fe/build]   | [INFO] Downloading from central: https://repo.maven.apache.org/maven2/org/apache/maven/maven-error-diagnostics/2.0.9/maven-error-diagnostics-2.0.9.jar
[28cf14d0-7b81-4087-ab60-082c632024fe/build]   | [INFO] Downloaded from central: https://repo.maven.apache.org/maven2/org/apache/maven/maven-plugin-parameter-documenter/2.0.9/maven-plugin-parameter-documenter-2.0.9.jar (21 kB at 380 kB/s)
[28cf14d0-7b81-4087-ab60-082c632024fe/build]   | [INFO] Downloading from central: https://repo.maven.apache.org/maven2/org/apache/maven/maven-plugin-descriptor/2.0.9/maven-plugin-descriptor-2.0.9.jar
[28cf14d0-7b81-4087-ab60-082c632024fe/build]   | [INFO] Downloaded from central: https://repo.maven.apache.org/maven2/org/apache/maven/maven-plugin-registry/2.0.9/maven-plugin-registry-2.0.9.jar (29 kB at 529 kB/s)
[28cf14d0-7b81-4087-ab60-082c632024fe/build]   | [INFO] Downloaded from central: https://repo.maven.apache.org/maven2/org/apache/maven/maven-core/2.0.9/maven-core-2.0.9.jar (160 kB at 2.9 MB/s)
[28cf14d0-7b81-4087-ab60-082c632024fe/build]   | [INFO] Downloading from central: https://repo.maven.apache.org/maven2/org/apache/maven/maven-monitor/2.0.9/maven-monitor-2.0.9.jar
[28cf14d0-7b81-4087-ab60-082c632024fe/build]   | [INFO] Downloading from central: https://repo.maven.apache.org/maven2/org/apache/maven/maven-toolchain/2.0.9/maven-toolchain-2.0.9.jar
[28cf14d0-7b81-4087-ab60-082c632024fe/build]   | [INFO] Downloaded from central: https://repo.maven.apache.org/maven2/org/apache/maven/maven-repository-metadata/2.0.9/maven-repository-metadata-2.0.9.jar (25 kB at 423 kB/s)
[28cf14d0-7b81-4087-ab60-082c632024fe/build]   | [INFO] Downloading from central: https://repo.maven.apache.org/maven2/org/apache/maven/plugin-tools/maven-plugin-annotations/3.1/maven-plugin-annotations-3.1.jar
[28cf14d0-7b81-4087-ab60-082c632024fe/build]   | [INFO] Downloaded from central: https://repo.maven.apache.org/maven2/org/apache/maven/maven-error-diagnostics/2.0.9/maven-error-diagnostics-2.0.9.jar (14 kB at 226 kB/s)
[28cf14d0-7b81-4087-ab60-082c632024fe/build]   | [INFO] Downloaded from central: https://repo.maven.apache.org/maven2/org/apache/maven/maven-monitor/2.0.9/maven-monitor-2.0.9.jar (10 kB at 166 kB/s)
[28cf14d0-7b81-4087-ab60-082c632024fe/build]   | [INFO] Downloaded from central: https://repo.maven.apache.org/maven2/org/apache/maven/maven-toolchain/2.0.9/maven-toolchain-2.0.9.jar (38 kB at 612 kB/s)
[28cf14d0-7b81-4087-ab60-082c632024fe/build]   | [INFO] Downloaded from central: https://repo.maven.apache.org/maven2/org/apache/maven/maven-plugin-descriptor/2.0.9/maven-plugin-descriptor-2.0.9.jar (37 kB at 579 kB/s)
[28cf14d0-7b81-4087-ab60-082c632024fe/build]   | [INFO] Downloaded from central: https://repo.maven.apache.org/maven2/org/apache/maven/plugin-tools/maven-plugin-annotations/3.1/maven-plugin-annotations-3.1.jar (14 kB at 219 kB/s)
[28cf14d0-7b81-4087-ab60-082c632024fe/build]   | [INFO] Surefire report directory: /tmp/83d7d23b-019f-4870-941a-76907a1cd58e/target/surefire-reports
[28cf14d0-7b81-4087-ab60-082c632024fe/build]   | [INFO] Downloading from central: https://repo.maven.apache.org/maven2/org/apache/maven/surefire/surefire-junit4/2.12.4/surefire-junit4-2.12.4.pom
[28cf14d0-7b81-4087-ab60-082c632024fe/build]   | [INFO] Downloaded from central: https://repo.maven.apache.org/maven2/org/apache/maven/surefire/surefire-junit4/2.12.4/surefire-junit4-2.12.4.pom (2.4 kB at 402 kB/s)
[28cf14d0-7b81-4087-ab60-082c632024fe/build]   | [INFO] Downloading from central: https://repo.maven.apache.org/maven2/org/apache/maven/surefire/surefire-providers/2.12.4/surefire-providers-2.12.4.pom
[28cf14d0-7b81-4087-ab60-082c632024fe/build]   | [INFO] Downloaded from central: https://repo.maven.apache.org/maven2/org/apache/maven/surefire/surefire-providers/2.12.4/surefire-providers-2.12.4.pom (2.3 kB at 391 kB/s)
[28cf14d0-7b81-4087-ab60-082c632024fe/build]   | [INFO] Downloading from central: https://repo.maven.apache.org/maven2/org/apache/maven/surefire/surefire-junit4/2.12.4/surefire-junit4-2.12.4.jar
[28cf14d0-7b81-4087-ab60-082c632024fe/build]   | [INFO] Downloaded from central: https://repo.maven.apache.org/maven2/org/apache/maven/surefire/surefire-junit4/2.12.4/surefire-junit4-2.12.4.jar (37 kB at 3.1 MB/s)
[28cf14d0-7b81-4087-ab60-082c632024fe/build]   | 
[28cf14d0-7b81-4087-ab60-082c632024fe/build]   | -------------------------------------------------------
[28cf14d0-7b81-4087-ab60-082c632024fe/build]   |  T E S T S
[28cf14d0-7b81-4087-ab60-082c632024fe/build]   | -------------------------------------------------------
[28cf14d0-7b81-4087-ab60-082c632024fe/build]   | Running org.davidmoten.text.utils.CharSequenceConcatRighTrimTest
[28cf14d0-7b81-4087-ab60-082c632024fe/build]   | Tests run: 2, Failures: 0, Errors: 0, Skipped: 0, Time elapsed: 0.548 sec
[28cf14d0-7b81-4087-ab60-082c632024fe/build]   | Running org.davidmoten.text.utils.CharSequenceReaderTest
[28cf14d0-7b81-4087-ab60-082c632024fe/build]   | Tests run: 6, Failures: 0, Errors: 0, Skipped: 0, Time elapsed: 0.044 sec
[28cf14d0-7b81-4087-ab60-082c632024fe/build]   | Running org.davidmoten.text.utils.WordWrapTest
[28cf14d0-7b81-4087-ab60-082c632024fe/build]   | Tests run: 67, Failures: 1, Errors: 0, Skipped: 0, Time elapsed: 0.425 sec <<< FAILURE!
[28cf14d0-7b81-4087-ab60-082c632024fe/build]   | testStatelessness(org.davidmoten.text.utils.WordWrapTest)  Time elapsed: 0.012 sec  <<< FAILURE!
[28cf14d0-7b81-4087-ab60-082c632024fe/build]   | org.junit.ComparisonFailure: expected:<hello[ super-
[28cf14d0-7b81-4087-ab60-082c632024fe/build]   | ]cool> but was:<hello[
[28cf14d0-7b81-4087-ab60-082c632024fe/build]   | super-]cool>
[28cf14d0-7b81-4087-ab60-082c632024fe/build]   | 	at org.junit.Assert.assertEquals(Assert.java:117)
[28cf14d0-7b81-4087-ab60-082c632024fe/build]   | 	at org.junit.Assert.assertEquals(Assert.java:146)
[28cf14d0-7b81-4087-ab60-082c632024fe/build]   | 	at org.davidmoten.text.utils.WordWrapTest.testStatelessness(WordWrapTest.java:435)
[28cf14d0-7b81-4087-ab60-082c632024fe/build]   | 	at sun.reflect.NativeMethodAccessorImpl.invoke0(Native Method)
[28cf14d0-7b81-4087-ab60-082c632024fe/build]   | 	at sun.reflect.NativeMethodAccessorImpl.invoke(NativeMethodAccessorImpl.java:62)
[28cf14d0-7b81-4087-ab60-082c632024fe/build]   | 	at sun.reflect.DelegatingMethodAccessorImpl.invoke(DelegatingMethodAccessorImpl.java:43)
[28cf14d0-7b81-4087-ab60-082c632024fe/build]   | 	at java.lang.reflect.Method.invoke(Method.java:498)
[28cf14d0-7b81-4087-ab60-082c632024fe/build]   | 	at org.junit.runners.model.FrameworkMethod$1.runReflectiveCall(FrameworkMethod.java:59)
[28cf14d0-7b81-4087-ab60-082c632024fe/build]   | 	at org.junit.internal.runners.model.ReflectiveCallable.run(ReflectiveCallable.java:12)
[28cf14d0-7b81-4087-ab60-082c632024fe/build]   | 	at org.junit.runners.model.FrameworkMethod.invokeExplosively(FrameworkMethod.java:56)
[28cf14d0-7b81-4087-ab60-082c632024fe/build]   | 	at org.junit.internal.runners.statements.InvokeMethod.evaluate(InvokeMethod.java:17)
[28cf14d0-7b81-4087-ab60-082c632024fe/build]   | 	at org.junit.runners.ParentRunner$3.evaluate(ParentRunner.java:306)
[28cf14d0-7b81-4087-ab60-082c632024fe/build]   | 	at org.junit.runners.BlockJUnit4ClassRunner$1.evaluate(BlockJUnit4ClassRunner.java:100)
[28cf14d0-7b81-4087-ab60-082c632024fe/build]   | 	at org.junit.runners.ParentRunner.runLeaf(ParentRunner.java:366)
[28cf14d0-7b81-4087-ab60-082c632024fe/build]   | 	at org.junit.runners.BlockJUnit4ClassRunner.runChild(BlockJUnit4ClassRunner.java:103)
[28cf14d0-7b81-4087-ab60-082c632024fe/build]   | 	at org.junit.runners.BlockJUnit4ClassRunner.runChild(BlockJUnit4ClassRunner.java:63)
[28cf14d0-7b81-4087-ab60-082c632024fe/build]   | 	at org.junit.runners.ParentRunner$4.run(ParentRunner.java:331)
[28cf14d0-7b81-4087-ab60-082c632024fe/build]   | 	at org.junit.runners.ParentRunner$1.schedule(ParentRunner.java:79)
[28cf14d0-7b81-4087-ab60-082c632024fe/build]   | 	at org.junit.runners.ParentRunner.runChildren(ParentRunner.java:329)
[28cf14d0-7b81-4087-ab60-082c632024fe/build]   | 	at org.junit.runners.ParentRunner.access$100(ParentRunner.java:66)
[28cf14d0-7b81-4087-ab60-082c632024fe/build]   | 	at org.junit.runners.ParentRunner$2.evaluate(ParentRunner.java:293)
[28cf14d0-7b81-4087-ab60-082c632024fe/build]   | 	at org.junit.runners.ParentRunner$3.evaluate(ParentRunner.java:306)
[28cf14d0-7b81-4087-ab60-082c632024fe/build]   | 	at org.junit.runners.ParentRunner.run(ParentRunner.java:413)
[28cf14d0-7b81-4087-ab60-082c632024fe/build]   | 	at org.apache.maven.surefire.junit4.JUnit4Provider.execute(JUnit4Provider.java:252)
[28cf14d0-7b81-4087-ab60-082c632024fe/build]   | 	at org.apache.maven.surefire.junit4.JUnit4Provider.executeTestSet(JUnit4Provider.java:141)
[28cf14d0-7b81-4087-ab60-082c632024fe/build]   | 	at org.apache.maven.surefire.junit4.JUnit4Provider.invoke(JUnit4Provider.java:112)
[28cf14d0-7b81-4087-ab60-082c632024fe/build]   | 	at sun.reflect.NativeMethodAccessorImpl.invoke0(Native Method)
[28cf14d0-7b81-4087-ab60-082c632024fe/build]   | 	at sun.reflect.NativeMethodAccessorImpl.invoke(NativeMethodAccessorImpl.java:62)
[28cf14d0-7b81-4087-ab60-082c632024fe/build]   | 	at sun.reflect.DelegatingMethodAccessorImpl.invoke(DelegatingMethodAccessorImpl.java:43)
[28cf14d0-7b81-4087-ab60-082c632024fe/build]   | 	at java.lang.reflect.Method.invoke(Method.java:498)
[28cf14d0-7b81-4087-ab60-082c632024fe/build]   | 	at org.apache.maven.surefire.util.ReflectionUtils.invokeMethodWithArray(ReflectionUtils.java:189)
[28cf14d0-7b81-4087-ab60-082c632024fe/build]   | 	at org.apache.maven.surefire.booter.ProviderFactory$ProviderProxy.invoke(ProviderFactory.java:165)
[28cf14d0-7b81-4087-ab60-082c632024fe/build]   | 	at org.apache.maven.surefire.booter.ProviderFactory.invokeProvider(ProviderFactory.java:85)
[28cf14d0-7b81-4087-ab60-082c632024fe/build]   | 	at org.apache.maven.surefire.booter.ForkedBooter.runSuitesInProcess(ForkedBooter.java:115)
[28cf14d0-7b81-4087-ab60-082c632024fe/build]   | 	at org.apache.maven.surefire.booter.ForkedBooter.main(ForkedBooter.java:75)
[28cf14d0-7b81-4087-ab60-082c632024fe/build]   | 
[28cf14d0-7b81-4087-ab60-082c632024fe/build]   | Running org.davidmoten.text.utils.StringBuilder2Test
[28cf14d0-7b81-4087-ab60-082c632024fe/build]   | Tests run: 16, Failures: 0, Errors: 0, Skipped: 0, Time elapsed: 0.028 sec
[28cf14d0-7b81-4087-ab60-082c632024fe/build]   | 
[28cf14d0-7b81-4087-ab60-082c632024fe/build]   | Results :
[28cf14d0-7b81-4087-ab60-082c632024fe/build]   | 
[28cf14d0-7b81-4087-ab60-082c632024fe/build]   | Failed tests:   testStatelessness(org.davidmoten.text.utils.WordWrapTest): expected:<hello[ super-(..)
[28cf14d0-7b81-4087-ab60-082c632024fe/build]   | 
[28cf14d0-7b81-4087-ab60-082c632024fe/build]   | Tests run: 91, Failures: 1, Errors: 0, Skipped: 0
[28cf14d0-7b81-4087-ab60-082c632024fe/build]   | 
[28cf14d0-7b81-4087-ab60-082c632024fe/build]   | [INFO] ------------------------------------------------------------------------
[28cf14d0-7b81-4087-ab60-082c632024fe/build]   | [INFO] BUILD FAILURE
[28cf14d0-7b81-4087-ab60-082c632024fe/build]   | [INFO] ------------------------------------------------------------------------
[28cf14d0-7b81-4087-ab60-082c632024fe/build]   | [INFO] Total time:  23.519 s
[28cf14d0-7b81-4087-ab60-082c632024fe/build]   | [INFO] Finished at: 2023-11-23T17:22:38Z
[28cf14d0-7b81-4087-ab60-082c632024fe/build]   | [INFO] ------------------------------------------------------------------------
[28cf14d0-7b81-4087-ab60-082c632024fe/build]   | [ERROR] Failed to execute goal org.apache.maven.plugins:maven-surefire-plugin:2.12.4:test (default-test) on project word-wrap: There are test failures.
[28cf14d0-7b81-4087-ab60-082c632024fe/build]   | [ERROR] 
[28cf14d0-7b81-4087-ab60-082c632024fe/build]   | [ERROR] Please refer to /tmp/83d7d23b-019f-4870-941a-76907a1cd58e/target/surefire-reports for the individual test results.
[28cf14d0-7b81-4087-ab60-082c632024fe/build]   | [ERROR] -> [Help 1]
[28cf14d0-7b81-4087-ab60-082c632024fe/build]   | [ERROR] 
[28cf14d0-7b81-4087-ab60-082c632024fe/build]   | [ERROR] To see the full stack trace of the errors, re-run Maven with the -e switch.
[28cf14d0-7b81-4087-ab60-082c632024fe/build]   | [ERROR] Re-run Maven using the -X switch to enable full debug logging.
[28cf14d0-7b81-4087-ab60-082c632024fe/build]   | [ERROR] 
[28cf14d0-7b81-4087-ab60-082c632024fe/build]   | [ERROR] For more information about the errors and possible solutions, please read the following articles:
[28cf14d0-7b81-4087-ab60-082c632024fe/build]   | [ERROR] [Help 1] http://cwiki.apache.org/confluence/display/MAVEN/MojoFailureException
[28cf14d0-7b81-4087-ab60-082c632024fe/build]   ❌  Failure - Main Build with Maven
[28cf14d0-7b81-4087-ab60-082c632024fe/build] exitcode '1': failure
[28cf14d0-7b81-4087-ab60-082c632024fe/build] unable to get git ref: failed to identify reference (tag/branch) for the checked-out revision '930eb5e91a40f00a6782e939606d6c1d397629e0'
[28cf14d0-7b81-4087-ab60-082c632024fe/build] unable to get git ref: failed to identify reference (tag/branch) for the checked-out revision '930eb5e91a40f00a6782e939606d6c1d397629e0'
[28cf14d0-7b81-4087-ab60-082c632024fe/build] unable to get git ref: failed to identify reference (tag/branch) for the checked-out revision '930eb5e91a40f00a6782e939606d6c1d397629e0'
[28cf14d0-7b81-4087-ab60-082c632024fe/build] unable to get git ref: failed to identify reference (tag/branch) for the checked-out revision '930eb5e91a40f00a6782e939606d6c1d397629e0'
[28cf14d0-7b81-4087-ab60-082c632024fe/build] unable to get git ref: failed to identify reference (tag/branch) for the checked-out revision '930eb5e91a40f00a6782e939606d6c1d397629e0'
[28cf14d0-7b81-4087-ab60-082c632024fe/build] unable to get git ref: failed to identify reference (tag/branch) for the checked-out revision '930eb5e91a40f00a6782e939606d6c1d397629e0'
[28cf14d0-7b81-4087-ab60-082c632024fe/build] unable to get git ref: failed to identify reference (tag/branch) for the checked-out revision '930eb5e91a40f00a6782e939606d6c1d397629e0'
[28cf14d0-7b81-4087-ab60-082c632024fe/build] unable to get git ref: failed to identify reference (tag/branch) for the checked-out revision '930eb5e91a40f00a6782e939606d6c1d397629e0'
[28cf14d0-7b81-4087-ab60-082c632024fe/build] unable to get git ref: failed to identify reference (tag/branch) for the checked-out revision '930eb5e91a40f00a6782e939606d6c1d397629e0'
[28cf14d0-7b81-4087-ab60-082c632024fe/build] unable to get git ref: failed to identify reference (tag/branch) for the checked-out revision '930eb5e91a40f00a6782e939606d6c1d397629e0'
[28cf14d0-7b81-4087-ab60-082c632024fe/build] ⭐ Run Post Set up JDK 8
[28cf14d0-7b81-4087-ab60-082c632024fe/build]   🐳  docker exec cmd=[node /var/run/act/actions/actions-setup-java@v2/dist/cleanup/index.js] user= workdir=
[28cf14d0-7b81-4087-ab60-082c632024fe/build]   ✅  Success - Post Set up JDK 8
[28cf14d0-7b81-4087-ab60-082c632024fe/build] 🏁  Job failed
[28cf14d0-7b81-4087-ab60-082c632024fe/build] unable to get git ref: failed to identify reference (tag/branch) for the checked-out revision '930eb5e91a40f00a6782e939606d6c1d397629e0'
