[86306a0d-d93c-4497-8890-d20ab68187fd/build] üöÄ  Start image=crawlergpt:latest
[86306a0d-d93c-4497-8890-d20ab68187fd/build]   üê≥  docker pull image=crawlergpt:latest platform= username= forcePull=false
[86306a0d-d93c-4497-8890-d20ab68187fd/build]   üê≥  docker create image=crawlergpt:latest platform= entrypoint=["tail" "-f" "/dev/null"] cmd=[]
[86306a0d-d93c-4497-8890-d20ab68187fd/build]   üê≥  docker run image=crawlergpt:latest platform= entrypoint=["tail" "-f" "/dev/null"] cmd=[]
[86306a0d-d93c-4497-8890-d20ab68187fd/build]   üê≥  docker exec cmd=[chown -R 1012:1013 /tmp/dcf2de27-a8db-4b3d-bb21-a92ec5a0d400] user=0 workdir=
[86306a0d-d93c-4497-8890-d20ab68187fd/build] unable to get git ref: failed to identify reference (tag/branch) for the checked-out revision '29b4bdbbe9ffda2747bfa8bf2f65d071c7d470b0'
[86306a0d-d93c-4497-8890-d20ab68187fd/build] unable to get git ref: failed to identify reference (tag/branch) for the checked-out revision '29b4bdbbe9ffda2747bfa8bf2f65d071c7d470b0'
[86306a0d-d93c-4497-8890-d20ab68187fd/build] unable to get git ref: failed to identify reference (tag/branch) for the checked-out revision '29b4bdbbe9ffda2747bfa8bf2f65d071c7d470b0'
[86306a0d-d93c-4497-8890-d20ab68187fd/build] unable to get git ref: failed to identify reference (tag/branch) for the checked-out revision '29b4bdbbe9ffda2747bfa8bf2f65d071c7d470b0'
[86306a0d-d93c-4497-8890-d20ab68187fd/build] unable to get git ref: failed to identify reference (tag/branch) for the checked-out revision '29b4bdbbe9ffda2747bfa8bf2f65d071c7d470b0'
[86306a0d-d93c-4497-8890-d20ab68187fd/build] unable to get git ref: failed to identify reference (tag/branch) for the checked-out revision '29b4bdbbe9ffda2747bfa8bf2f65d071c7d470b0'
[86306a0d-d93c-4497-8890-d20ab68187fd/build] unable to get git ref: failed to identify reference (tag/branch) for the checked-out revision '29b4bdbbe9ffda2747bfa8bf2f65d071c7d470b0'
[86306a0d-d93c-4497-8890-d20ab68187fd/build] unable to get git ref: failed to identify reference (tag/branch) for the checked-out revision '29b4bdbbe9ffda2747bfa8bf2f65d071c7d470b0'
[86306a0d-d93c-4497-8890-d20ab68187fd/build] unable to get git ref: failed to identify reference (tag/branch) for the checked-out revision '29b4bdbbe9ffda2747bfa8bf2f65d071c7d470b0'
[86306a0d-d93c-4497-8890-d20ab68187fd/build] ‚≠ê Run Main actions/checkout@v2
[86306a0d-d93c-4497-8890-d20ab68187fd/build] unable to get git ref: failed to identify reference (tag/branch) for the checked-out revision '29b4bdbbe9ffda2747bfa8bf2f65d071c7d470b0'
[86306a0d-d93c-4497-8890-d20ab68187fd/build]   ‚úÖ  Success - Main actions/checkout@v2
[86306a0d-d93c-4497-8890-d20ab68187fd/build] unable to get git ref: failed to identify reference (tag/branch) for the checked-out revision '29b4bdbbe9ffda2747bfa8bf2f65d071c7d470b0'
[86306a0d-d93c-4497-8890-d20ab68187fd/build] unable to get git ref: failed to identify reference (tag/branch) for the checked-out revision '29b4bdbbe9ffda2747bfa8bf2f65d071c7d470b0'
[86306a0d-d93c-4497-8890-d20ab68187fd/build] unable to get git ref: failed to identify reference (tag/branch) for the checked-out revision '29b4bdbbe9ffda2747bfa8bf2f65d071c7d470b0'
[86306a0d-d93c-4497-8890-d20ab68187fd/build] unable to get git ref: failed to identify reference (tag/branch) for the checked-out revision '29b4bdbbe9ffda2747bfa8bf2f65d071c7d470b0'
[86306a0d-d93c-4497-8890-d20ab68187fd/build] unable to get git ref: failed to identify reference (tag/branch) for the checked-out revision '29b4bdbbe9ffda2747bfa8bf2f65d071c7d470b0'
[86306a0d-d93c-4497-8890-d20ab68187fd/build] ‚≠ê Run Main Set up JDK 1.8
[86306a0d-d93c-4497-8890-d20ab68187fd/build] unable to get git ref: failed to identify reference (tag/branch) for the checked-out revision '29b4bdbbe9ffda2747bfa8bf2f65d071c7d470b0'
[86306a0d-d93c-4497-8890-d20ab68187fd/build] unable to get git ref: failed to identify reference (tag/branch) for the checked-out revision '29b4bdbbe9ffda2747bfa8bf2f65d071c7d470b0'
[86306a0d-d93c-4497-8890-d20ab68187fd/build] unable to get git ref: failed to identify reference (tag/branch) for the checked-out revision '29b4bdbbe9ffda2747bfa8bf2f65d071c7d470b0'
[86306a0d-d93c-4497-8890-d20ab68187fd/build]   üê≥  docker cp src=/tmp/act-cache/bffb7485-4716-472b-885d-1d2e736129b8/act/actions-setup-java@v1/ dst=/var/run/act/actions/actions-setup-java@v1/
[86306a0d-d93c-4497-8890-d20ab68187fd/build]   üê≥  docker exec cmd=[chown -R 1012:1013 /var/run/act/actions/actions-setup-java@v1/] user=0 workdir=
[86306a0d-d93c-4497-8890-d20ab68187fd/build]   üê≥  docker exec cmd=[node /var/run/act/actions/actions-setup-java@v1/dist/setup/index.js] user= workdir=
[86306a0d-d93c-4497-8890-d20ab68187fd/build]   üí¨  ::debug::isExplicit: 
[86306a0d-d93c-4497-8890-d20ab68187fd/build]   üí¨  ::debug::explicit? false
[86306a0d-d93c-4497-8890-d20ab68187fd/build]   üí¨  ::debug::evaluating 0 versions
[86306a0d-d93c-4497-8890-d20ab68187fd/build]   üí¨  ::debug::match not found
[86306a0d-d93c-4497-8890-d20ab68187fd/build]   üí¨  ::debug::Downloading JDK from Azul
[86306a0d-d93c-4497-8890-d20ab68187fd/build]   üí¨  ::debug::Searching for files with extension: -linux_x64.tar.gz
[86306a0d-d93c-4497-8890-d20ab68187fd/build]   üí¨  ::debug::Downloading https://static.azul.com/zulu/bin/zulu8.70.0.23-ca-jdk8.0.372-linux_x64.tar.gz
[86306a0d-d93c-4497-8890-d20ab68187fd/build]   üí¨  ::debug::Downloading /tmp/8a091711-ee4a-406a-9cc3-4fdc491fa327
[86306a0d-d93c-4497-8890-d20ab68187fd/build]   üí¨  ::debug::download complete
[86306a0d-d93c-4497-8890-d20ab68187fd/build]   | [command]/usr/bin/tar --version
[86306a0d-d93c-4497-8890-d20ab68187fd/build]   | tar (GNU tar) 1.30
[86306a0d-d93c-4497-8890-d20ab68187fd/build]   | Copyright (C) 2017 Free Software Foundation, Inc.
[86306a0d-d93c-4497-8890-d20ab68187fd/build]   | License GPLv3+: GNU GPL version 3 or later <https://gnu.org/licenses/gpl.html>.
[86306a0d-d93c-4497-8890-d20ab68187fd/build]   | This is free software: you are free to change and redistribute it.
[86306a0d-d93c-4497-8890-d20ab68187fd/build]   | There is NO WARRANTY, to the extent permitted by law.
[86306a0d-d93c-4497-8890-d20ab68187fd/build]   | 
[86306a0d-d93c-4497-8890-d20ab68187fd/build]   | Written by John Gilmore and Jay Fenlason.
[86306a0d-d93c-4497-8890-d20ab68187fd/build]   | [command]/usr/bin/tar xz --warning=no-unknown-keyword -C /tmp/temp_69770648 -f /tmp/8a091711-ee4a-406a-9cc3-4fdc491fa327
[86306a0d-d93c-4497-8890-d20ab68187fd/build]   üí¨  ::debug::jdk extracted to /tmp/temp_69770648/zulu8.70.0.23-ca-jdk8.0.372-linux_x64
[86306a0d-d93c-4497-8890-d20ab68187fd/build]   üí¨  ::debug::Caching tool jdk 8.0.372 x64
[86306a0d-d93c-4497-8890-d20ab68187fd/build]   üí¨  ::debug::source dir: /tmp/temp_69770648/zulu8.70.0.23-ca-jdk8.0.372-linux_x64
[86306a0d-d93c-4497-8890-d20ab68187fd/build]   üí¨  ::debug::destination /opt/hostedtoolcache/jdk/8.0.372/x64
[86306a0d-d93c-4497-8890-d20ab68187fd/build]   üí¨  ::debug::finished caching tool
[86306a0d-d93c-4497-8890-d20ab68187fd/build]   ‚ùì add-matcher /run/act/actions/actions-setup-java@v1/.github/java.json
[86306a0d-d93c-4497-8890-d20ab68187fd/build]   | creating settings.xml with server-id: github; environment variables: username=$GITHUB_ACTOR, password=$GITHUB_TOKEN, and gpg-passphrase=null
[86306a0d-d93c-4497-8890-d20ab68187fd/build]   üí¨  ::debug::created directory /home/runneradmin/.m2
[86306a0d-d93c-4497-8890-d20ab68187fd/build]   | writing /home/runneradmin/.m2/settings.xml
[86306a0d-d93c-4497-8890-d20ab68187fd/build]   ‚úÖ  Success - Main Set up JDK 1.8
[86306a0d-d93c-4497-8890-d20ab68187fd/build]   ‚öô  ::set-env:: JAVA_HOME_8.0.372_x64=/opt/hostedtoolcache/jdk/8.0.372/x64
[86306a0d-d93c-4497-8890-d20ab68187fd/build]   ‚öô  ::set-env:: JAVA_HOME=/opt/hostedtoolcache/jdk/8.0.372/x64
[86306a0d-d93c-4497-8890-d20ab68187fd/build]   ‚öô  ::set-env:: JAVA_HOME_8_0_372_X64=/opt/hostedtoolcache/jdk/8.0.372/x64
[86306a0d-d93c-4497-8890-d20ab68187fd/build]   ‚öô  ::set-output:: path=/opt/hostedtoolcache/jdk/8.0.372/x64
[86306a0d-d93c-4497-8890-d20ab68187fd/build]   ‚öô  ::set-output:: version=8.0.372
[86306a0d-d93c-4497-8890-d20ab68187fd/build]   ‚öô  ::add-path:: /opt/hostedtoolcache/jdk/8.0.372/x64/bin
[86306a0d-d93c-4497-8890-d20ab68187fd/build] unable to get git ref: failed to identify reference (tag/branch) for the checked-out revision '29b4bdbbe9ffda2747bfa8bf2f65d071c7d470b0'
[86306a0d-d93c-4497-8890-d20ab68187fd/build] unable to get git ref: failed to identify reference (tag/branch) for the checked-out revision '29b4bdbbe9ffda2747bfa8bf2f65d071c7d470b0'
[86306a0d-d93c-4497-8890-d20ab68187fd/build] unable to get git ref: failed to identify reference (tag/branch) for the checked-out revision '29b4bdbbe9ffda2747bfa8bf2f65d071c7d470b0'
[86306a0d-d93c-4497-8890-d20ab68187fd/build] unable to get git ref: failed to identify reference (tag/branch) for the checked-out revision '29b4bdbbe9ffda2747bfa8bf2f65d071c7d470b0'
[86306a0d-d93c-4497-8890-d20ab68187fd/build] unable to get git ref: failed to identify reference (tag/branch) for the checked-out revision '29b4bdbbe9ffda2747bfa8bf2f65d071c7d470b0'
[86306a0d-d93c-4497-8890-d20ab68187fd/build] ‚≠ê Run Main Build with Maven
[86306a0d-d93c-4497-8890-d20ab68187fd/build] unable to get git ref: failed to identify reference (tag/branch) for the checked-out revision '29b4bdbbe9ffda2747bfa8bf2f65d071c7d470b0'
[86306a0d-d93c-4497-8890-d20ab68187fd/build] unable to get git ref: failed to identify reference (tag/branch) for the checked-out revision '29b4bdbbe9ffda2747bfa8bf2f65d071c7d470b0'
[86306a0d-d93c-4497-8890-d20ab68187fd/build] unable to get git ref: failed to identify reference (tag/branch) for the checked-out revision '29b4bdbbe9ffda2747bfa8bf2f65d071c7d470b0'
[86306a0d-d93c-4497-8890-d20ab68187fd/build] unable to get git ref: failed to identify reference (tag/branch) for the checked-out revision '29b4bdbbe9ffda2747bfa8bf2f65d071c7d470b0'
[86306a0d-d93c-4497-8890-d20ab68187fd/build]   üê≥  docker exec cmd=[bash --noprofile --norc -e -o pipefail /var/run/act/workflow/2] user= workdir=
[86306a0d-d93c-4497-8890-d20ab68187fd/build]   | [INFO] Scanning for projects...
[86306a0d-d93c-4497-8890-d20ab68187fd/build]   | [INFO] 
[86306a0d-d93c-4497-8890-d20ab68187fd/build]   | [INFO] ----------------------< com.walmartlabs.x12:zuul >----------------------
[86306a0d-d93c-4497-8890-d20ab68187fd/build]   | [INFO] Building zuul 0.0.0.0-SNAPSHOT
[86306a0d-d93c-4497-8890-d20ab68187fd/build]   | [INFO] --------------------------------[ jar ]---------------------------------
[86306a0d-d93c-4497-8890-d20ab68187fd/build]   | [INFO] Downloading from central: https://repo.maven.apache.org/maven2/org/apache/maven/plugins/maven-resources-plugin/2.6/maven-resources-plugin-2.6.pom
[86306a0d-d93c-4497-8890-d20ab68187fd/build]   | [INFO] Downloaded from central: https://repo.maven.apache.org/maven2/org/apache/maven/plugins/maven-resources-plugin/2.6/maven-resources-plugin-2.6.pom (8.1 kB at 1.4 kB/s)
[86306a0d-d93c-4497-8890-d20ab68187fd/build]   | [INFO] Downloading from central: https://repo.maven.apache.org/maven2/org/apache/maven/plugins/maven-plugins/23/maven-plugins-23.pom
[86306a0d-d93c-4497-8890-d20ab68187fd/build]   | [INFO] Downloaded from central: https://repo.maven.apache.org/maven2/org/apache/maven/plugins/maven-plugins/23/maven-plugins-23.pom (9.2 kB at 180 kB/s)
[86306a0d-d93c-4497-8890-d20ab68187fd/build]   | [INFO] Downloading from central: https://repo.maven.apache.org/maven2/org/apache/maven/maven-parent/22/maven-parent-22.pom
[86306a0d-d93c-4497-8890-d20ab68187fd/build]   | [INFO] Downloaded from central: https://repo.maven.apache.org/maven2/org/apache/maven/maven-parent/22/maven-parent-22.pom (30 kB at 901 kB/s)
[86306a0d-d93c-4497-8890-d20ab68187fd/build]   | [INFO] Downloading from central: https://repo.maven.apache.org/maven2/org/apache/apache/11/apache-11.pom
[86306a0d-d93c-4497-8890-d20ab68187fd/build]   | [INFO] Downloaded from central: https://repo.maven.apache.org/maven2/org/apache/apache/11/apache-11.pom (15 kB at 30 kB/s)
[86306a0d-d93c-4497-8890-d20ab68187fd/build]   | [INFO] Downloading from central: https://repo.maven.apache.org/maven2/org/apache/maven/plugins/maven-resources-plugin/2.6/maven-resources-plugin-2.6.jar
[86306a0d-d93c-4497-8890-d20ab68187fd/build]   | [INFO] Downloaded from central: https://repo.maven.apache.org/maven2/org/apache/maven/plugins/maven-resources-plugin/2.6/maven-resources-plugin-2.6.jar (30 kB at 57 kB/s)
[86306a0d-d93c-4497-8890-d20ab68187fd/build]   | [INFO] Downloading from central: https://repo.maven.apache.org/maven2/org/apache/maven/plugins/maven-compiler-plugin/3.5.1/maven-compiler-plugin-3.5.1.pom
[86306a0d-d93c-4497-8890-d20ab68187fd/build]   | [INFO] Downloaded from central: https://repo.maven.apache.org/maven2/org/apache/maven/plugins/maven-compiler-plugin/3.5.1/maven-compiler-plugin-3.5.1.pom (10 kB at 221 kB/s)
[86306a0d-d93c-4497-8890-d20ab68187fd/build]   | [INFO] Downloading from central: https://repo.maven.apache.org/maven2/org/apache/maven/plugins/maven-plugins/28/maven-plugins-28.pom
[86306a0d-d93c-4497-8890-d20ab68187fd/build]   | [INFO] Downloaded from central: https://repo.maven.apache.org/maven2/org/apache/maven/plugins/maven-plugins/28/maven-plugins-28.pom (12 kB at 334 kB/s)
[86306a0d-d93c-4497-8890-d20ab68187fd/build]   | [INFO] Downloading from central: https://repo.maven.apache.org/maven2/org/apache/maven/maven-parent/27/maven-parent-27.pom
[86306a0d-d93c-4497-8890-d20ab68187fd/build]   | [INFO] Downloaded from central: https://repo.maven.apache.org/maven2/org/apache/maven/maven-parent/27/maven-parent-27.pom (41 kB at 114 kB/s)
[86306a0d-d93c-4497-8890-d20ab68187fd/build]   | [INFO] Downloading from central: https://repo.maven.apache.org/maven2/org/apache/apache/17/apache-17.pom
[86306a0d-d93c-4497-8890-d20ab68187fd/build]   | [INFO] Downloaded from central: https://repo.maven.apache.org/maven2/org/apache/apache/17/apache-17.pom (16 kB at 57 kB/s)
[86306a0d-d93c-4497-8890-d20ab68187fd/build]   | [INFO] Downloading from central: https://repo.maven.apache.org/maven2/org/apache/maven/plugins/maven-compiler-plugin/3.5.1/maven-compiler-plugin-3.5.1.jar
[86306a0d-d93c-4497-8890-d20ab68187fd/build]   | [INFO] Downloaded from central: https://repo.maven.apache.org/maven2/org/apache/maven/plugins/maven-compiler-plugin/3.5.1/maven-compiler-plugin-3.5.1.jar (50 kB at 15 kB/s)
[86306a0d-d93c-4497-8890-d20ab68187fd/build]   | [INFO] Downloading from central: https://repo.maven.apache.org/maven2/org/apache/maven/plugins/maven-surefire-plugin/2.12.4/maven-surefire-plugin-2.12.4.pom
[86306a0d-d93c-4497-8890-d20ab68187fd/build]   | [INFO] Downloaded from central: https://repo.maven.apache.org/maven2/org/apache/maven/plugins/maven-surefire-plugin/2.12.4/maven-surefire-plugin-2.12.4.pom (10 kB at 125 kB/s)
[86306a0d-d93c-4497-8890-d20ab68187fd/build]   | [INFO] Downloading from central: https://repo.maven.apache.org/maven2/org/apache/maven/surefire/surefire/2.12.4/surefire-2.12.4.pom
[86306a0d-d93c-4497-8890-d20ab68187fd/build]   | [INFO] Downloaded from central: https://repo.maven.apache.org/maven2/org/apache/maven/surefire/surefire/2.12.4/surefire-2.12.4.pom (14 kB at 15 kB/s)
[86306a0d-d93c-4497-8890-d20ab68187fd/build]   | [INFO] Downloading from central: https://repo.maven.apache.org/maven2/org/apache/maven/plugins/maven-surefire-plugin/2.12.4/maven-surefire-plugin-2.12.4.jar
[86306a0d-d93c-4497-8890-d20ab68187fd/build]   | [INFO] Downloaded from central: https://repo.maven.apache.org/maven2/org/apache/maven/plugins/maven-surefire-plugin/2.12.4/maven-surefire-plugin-2.12.4.jar (30 kB at 40 kB/s)
[86306a0d-d93c-4497-8890-d20ab68187fd/build]   | [INFO] Downloading from central: https://repo.maven.apache.org/maven2/org/apache/maven/plugins/maven-jar-plugin/2.4/maven-jar-plugin-2.4.pom
[86306a0d-d93c-4497-8890-d20ab68187fd/build]   | [INFO] Downloaded from central: https://repo.maven.apache.org/maven2/org/apache/maven/plugins/maven-jar-plugin/2.4/maven-jar-plugin-2.4.pom (5.8 kB at 87 kB/s)
[86306a0d-d93c-4497-8890-d20ab68187fd/build]   | [INFO] Downloading from central: https://repo.maven.apache.org/maven2/org/apache/maven/plugins/maven-plugins/22/maven-plugins-22.pom
[86306a0d-d93c-4497-8890-d20ab68187fd/build]   | [INFO] Downloaded from central: https://repo.maven.apache.org/maven2/org/apache/maven/plugins/maven-plugins/22/maven-plugins-22.pom (13 kB at 22 kB/s)
[86306a0d-d93c-4497-8890-d20ab68187fd/build]   | [INFO] Downloading from central: https://repo.maven.apache.org/maven2/org/apache/maven/maven-parent/21/maven-parent-21.pom
[86306a0d-d93c-4497-8890-d20ab68187fd/build]   | [INFO] Downloaded from central: https://repo.maven.apache.org/maven2/org/apache/maven/maven-parent/21/maven-parent-21.pom (26 kB at 356 kB/s)
[86306a0d-d93c-4497-8890-d20ab68187fd/build]   | [INFO] Downloading from central: https://repo.maven.apache.org/maven2/org/apache/apache/10/apache-10.pom
[86306a0d-d93c-4497-8890-d20ab68187fd/build]   | [INFO] Downloaded from central: https://repo.maven.apache.org/maven2/org/apache/apache/10/apache-10.pom (15 kB at 477 kB/s)
[86306a0d-d93c-4497-8890-d20ab68187fd/build]   | [INFO] Downloading from central: https://repo.maven.apache.org/maven2/org/apache/maven/plugins/maven-jar-plugin/2.4/maven-jar-plugin-2.4.jar
[86306a0d-d93c-4497-8890-d20ab68187fd/build]   | [INFO] Downloaded from central: https://repo.maven.apache.org/maven2/org/apache/maven/plugins/maven-jar-plugin/2.4/maven-jar-plugin-2.4.jar (34 kB at 872 kB/s)
[86306a0d-d93c-4497-8890-d20ab68187fd/build]   | [INFO] Downloading from central: https://repo.maven.apache.org/maven2/org/springframework/spring-core/4.3.12.RELEASE/spring-core-4.3.12.RELEASE.pom
[86306a0d-d93c-4497-8890-d20ab68187fd/build]   | [INFO] Downloaded from central: https://repo.maven.apache.org/maven2/org/springframework/spring-core/4.3.12.RELEASE/spring-core-4.3.12.RELEASE.pom (2.5 kB at 92 kB/s)
[86306a0d-d93c-4497-8890-d20ab68187fd/build]   | [INFO] Downloading from central: https://repo.maven.apache.org/maven2/commons-logging/commons-logging/1.2/commons-logging-1.2.pom
[86306a0d-d93c-4497-8890-d20ab68187fd/build]   | [INFO] Downloaded from central: https://repo.maven.apache.org/maven2/commons-logging/commons-logging/1.2/commons-logging-1.2.pom (19 kB at 447 kB/s)
[86306a0d-d93c-4497-8890-d20ab68187fd/build]   | [INFO] Downloading from central: https://repo.maven.apache.org/maven2/org/apache/commons/commons-parent/34/commons-parent-34.pom
[86306a0d-d93c-4497-8890-d20ab68187fd/build]   | [INFO] Downloaded from central: https://repo.maven.apache.org/maven2/org/apache/commons/commons-parent/34/commons-parent-34.pom (56 kB at 1.0 MB/s)
[86306a0d-d93c-4497-8890-d20ab68187fd/build]   | [INFO] Downloading from central: https://repo.maven.apache.org/maven2/org/apache/apache/13/apache-13.pom
[86306a0d-d93c-4497-8890-d20ab68187fd/build]   | [INFO] Downloaded from central: https://repo.maven.apache.org/maven2/org/apache/apache/13/apache-13.pom (14 kB at 318 kB/s)
[86306a0d-d93c-4497-8890-d20ab68187fd/build]   | [INFO] Downloading from central: https://repo.maven.apache.org/maven2/org/slf4j/slf4j-api/1.7.21/slf4j-api-1.7.21.pom
[86306a0d-d93c-4497-8890-d20ab68187fd/build]   | [INFO] Downloaded from central: https://repo.maven.apache.org/maven2/org/slf4j/slf4j-api/1.7.21/slf4j-api-1.7.21.pom (2.8 kB at 57 kB/s)
[86306a0d-d93c-4497-8890-d20ab68187fd/build]   | [INFO] Downloading from central: https://repo.maven.apache.org/maven2/org/slf4j/slf4j-parent/1.7.21/slf4j-parent-1.7.21.pom
[86306a0d-d93c-4497-8890-d20ab68187fd/build]   | [INFO] Downloaded from central: https://repo.maven.apache.org/maven2/org/slf4j/slf4j-parent/1.7.21/slf4j-parent-1.7.21.pom (14 kB at 260 kB/s)
[86306a0d-d93c-4497-8890-d20ab68187fd/build]   | [INFO] Downloading from central: https://repo.maven.apache.org/maven2/org/slf4j/jcl-over-slf4j/1.7.21/jcl-over-slf4j-1.7.21.pom
[86306a0d-d93c-4497-8890-d20ab68187fd/build]   | [INFO] Downloaded from central: https://repo.maven.apache.org/maven2/org/slf4j/jcl-over-slf4j/1.7.21/jcl-over-slf4j-1.7.21.pom (963 B at 13 kB/s)
[86306a0d-d93c-4497-8890-d20ab68187fd/build]   | [INFO] Downloading from central: https://repo.maven.apache.org/maven2/ch/qos/logback/logback-classic/1.1.7/logback-classic-1.1.7.pom
[86306a0d-d93c-4497-8890-d20ab68187fd/build]   | [INFO] Downloaded from central: https://repo.maven.apache.org/maven2/ch/qos/logback/logback-classic/1.1.7/logback-classic-1.1.7.pom (13 kB at 191 kB/s)
[86306a0d-d93c-4497-8890-d20ab68187fd/build]   | [INFO] Downloading from central: https://repo.maven.apache.org/maven2/ch/qos/logback/logback-parent/1.1.7/logback-parent-1.1.7.pom
[86306a0d-d93c-4497-8890-d20ab68187fd/build]   | [INFO] Downloaded from central: https://repo.maven.apache.org/maven2/ch/qos/logback/logback-parent/1.1.7/logback-parent-1.1.7.pom (17 kB at 142 kB/s)
[86306a0d-d93c-4497-8890-d20ab68187fd/build]   | [INFO] Downloading from central: https://repo.maven.apache.org/maven2/ch/qos/logback/logback-core/1.1.7/logback-core-1.1.7.pom
[86306a0d-d93c-4497-8890-d20ab68187fd/build]   | [INFO] Downloaded from central: https://repo.maven.apache.org/maven2/ch/qos/logback/logback-core/1.1.7/logback-core-1.1.7.pom (4.4 kB at 138 kB/s)
[86306a0d-d93c-4497-8890-d20ab68187fd/build]   | [INFO] Downloading from central: https://repo.maven.apache.org/maven2/org/slf4j/slf4j-api/1.7.20/slf4j-api-1.7.20.pom
[86306a0d-d93c-4497-8890-d20ab68187fd/build]   | [INFO] Downloaded from central: https://repo.maven.apache.org/maven2/org/slf4j/slf4j-api/1.7.20/slf4j-api-1.7.20.pom (2.8 kB at 69 kB/s)
[86306a0d-d93c-4497-8890-d20ab68187fd/build]   | [INFO] Downloading from central: https://repo.maven.apache.org/maven2/org/slf4j/slf4j-parent/1.7.20/slf4j-parent-1.7.20.pom
[86306a0d-d93c-4497-8890-d20ab68187fd/build]   | [INFO] Downloaded from central: https://repo.maven.apache.org/maven2/org/slf4j/slf4j-parent/1.7.20/slf4j-parent-1.7.20.pom (14 kB at 397 kB/s)
[86306a0d-d93c-4497-8890-d20ab68187fd/build]   | [INFO] Downloading from central: https://repo.maven.apache.org/maven2/junit/junit/4.12/junit-4.12.pom
[86306a0d-d93c-4497-8890-d20ab68187fd/build]   | [INFO] Downloaded from central: https://repo.maven.apache.org/maven2/junit/junit/4.12/junit-4.12.pom (24 kB at 312 kB/s)
[86306a0d-d93c-4497-8890-d20ab68187fd/build]   | [INFO] Downloading from central: https://repo.maven.apache.org/maven2/org/hamcrest/hamcrest-core/1.3/hamcrest-core-1.3.pom
[86306a0d-d93c-4497-8890-d20ab68187fd/build]   | [INFO] Downloaded from central: https://repo.maven.apache.org/maven2/org/hamcrest/hamcrest-core/1.3/hamcrest-core-1.3.pom (766 B at 26 kB/s)
[86306a0d-d93c-4497-8890-d20ab68187fd/build]   | [INFO] Downloading from central: https://repo.maven.apache.org/maven2/org/hamcrest/hamcrest-parent/1.3/hamcrest-parent-1.3.pom
[86306a0d-d93c-4497-8890-d20ab68187fd/build]   | [INFO] Downloaded from central: https://repo.maven.apache.org/maven2/org/hamcrest/hamcrest-parent/1.3/hamcrest-parent-1.3.pom (2.0 kB at 37 kB/s)
[86306a0d-d93c-4497-8890-d20ab68187fd/build]   | [INFO] Downloading from central: https://repo.maven.apache.org/maven2/org/springframework/spring-core/4.3.12.RELEASE/spring-core-4.3.12.RELEASE.jar
[86306a0d-d93c-4497-8890-d20ab68187fd/build]   | [INFO] Downloading from central: https://repo.maven.apache.org/maven2/commons-logging/commons-logging/1.2/commons-logging-1.2.jar
[86306a0d-d93c-4497-8890-d20ab68187fd/build]   | [INFO] Downloading from central: https://repo.maven.apache.org/maven2/org/slf4j/slf4j-api/1.7.21/slf4j-api-1.7.21.jar
[86306a0d-d93c-4497-8890-d20ab68187fd/build]   | [INFO] Downloading from central: https://repo.maven.apache.org/maven2/org/slf4j/jcl-over-slf4j/1.7.21/jcl-over-slf4j-1.7.21.jar
[86306a0d-d93c-4497-8890-d20ab68187fd/build]   | [INFO] Downloading from central: https://repo.maven.apache.org/maven2/ch/qos/logback/logback-classic/1.1.7/logback-classic-1.1.7.jar
[86306a0d-d93c-4497-8890-d20ab68187fd/build]   | [INFO] Downloaded from central: https://repo.maven.apache.org/maven2/commons-logging/commons-logging/1.2/commons-logging-1.2.jar (62 kB at 981 kB/s)
[86306a0d-d93c-4497-8890-d20ab68187fd/build]   | [INFO] Downloading from central: https://repo.maven.apache.org/maven2/ch/qos/logback/logback-core/1.1.7/logback-core-1.1.7.jar
[86306a0d-d93c-4497-8890-d20ab68187fd/build]   | [INFO] Downloaded from central: https://repo.maven.apache.org/maven2/org/slf4j/slf4j-api/1.7.21/slf4j-api-1.7.21.jar (41 kB at 38 kB/s)
[86306a0d-d93c-4497-8890-d20ab68187fd/build]   | [INFO] Downloading from central: https://repo.maven.apache.org/maven2/junit/junit/4.12/junit-4.12.jar
[86306a0d-d93c-4497-8890-d20ab68187fd/build]   | [INFO] Downloaded from central: https://repo.maven.apache.org/maven2/junit/junit/4.12/junit-4.12.jar (315 kB at 258 kB/s)
[86306a0d-d93c-4497-8890-d20ab68187fd/build]   | [INFO] Downloading from central: https://repo.maven.apache.org/maven2/org/hamcrest/hamcrest-core/1.3/hamcrest-core-1.3.jar
[86306a0d-d93c-4497-8890-d20ab68187fd/build]   | [INFO] Downloaded from central: https://repo.maven.apache.org/maven2/ch/qos/logback/logback-core/1.1.7/logback-core-1.1.7.jar (471 kB at 376 kB/s)
[86306a0d-d93c-4497-8890-d20ab68187fd/build]   | [INFO] Downloaded from central: https://repo.maven.apache.org/maven2/org/hamcrest/hamcrest-core/1.3/hamcrest-core-1.3.jar (45 kB at 35 kB/s)
[86306a0d-d93c-4497-8890-d20ab68187fd/build]   | [INFO] Downloaded from central: https://repo.maven.apache.org/maven2/org/slf4j/jcl-over-slf4j/1.7.21/jcl-over-slf4j-1.7.21.jar (16 kB at 13 kB/s)
[86306a0d-d93c-4497-8890-d20ab68187fd/build]   | [INFO] Downloaded from central: https://repo.maven.apache.org/maven2/ch/qos/logback/logback-classic/1.1.7/logback-classic-1.1.7.jar (304 kB at 81 kB/s)
[86306a0d-d93c-4497-8890-d20ab68187fd/build]   | [INFO] Downloaded from central: https://repo.maven.apache.org/maven2/org/springframework/spring-core/4.3.12.RELEASE/spring-core-4.3.12.RELEASE.jar (1.1 MB at 266 kB/s)
[86306a0d-d93c-4497-8890-d20ab68187fd/build]   | [INFO] 
[86306a0d-d93c-4497-8890-d20ab68187fd/build]   | [INFO] --- maven-resources-plugin:2.6:resources (default-resources) @ zuul ---
[86306a0d-d93c-4497-8890-d20ab68187fd/build]   | [INFO] Downloading from central: https://repo.maven.apache.org/maven2/org/apache/maven/maven-plugin-api/2.0.6/maven-plugin-api-2.0.6.pom
[86306a0d-d93c-4497-8890-d20ab68187fd/build]   | [INFO] Downloaded from central: https://repo.maven.apache.org/maven2/org/apache/maven/maven-plugin-api/2.0.6/maven-plugin-api-2.0.6.pom (1.5 kB at 86 kB/s)
[86306a0d-d93c-4497-8890-d20ab68187fd/build]   | [INFO] Downloading from central: https://repo.maven.apache.org/maven2/org/apache/maven/maven/2.0.6/maven-2.0.6.pom
[86306a0d-d93c-4497-8890-d20ab68187fd/build]   | [INFO] Downloaded from central: https://repo.maven.apache.org/maven2/org/apache/maven/maven/2.0.6/maven-2.0.6.pom (9.0 kB at 393 kB/s)
[86306a0d-d93c-4497-8890-d20ab68187fd/build]   | [INFO] Downloading from central: https://repo.maven.apache.org/maven2/org/apache/maven/maven-parent/5/maven-parent-5.pom
[86306a0d-d93c-4497-8890-d20ab68187fd/build]   | [INFO] Downloaded from central: https://repo.maven.apache.org/maven2/org/apache/maven/maven-parent/5/maven-parent-5.pom (15 kB at 544 kB/s)
[86306a0d-d93c-4497-8890-d20ab68187fd/build]   | [INFO] Downloading from central: https://repo.maven.apache.org/maven2/org/apache/apache/3/apache-3.pom
[86306a0d-d93c-4497-8890-d20ab68187fd/build]   | [INFO] Downloaded from central: https://repo.maven.apache.org/maven2/org/apache/apache/3/apache-3.pom (3.4 kB at 163 kB/s)
[86306a0d-d93c-4497-8890-d20ab68187fd/build]   | [INFO] Downloading from central: https://repo.maven.apache.org/maven2/org/apache/maven/maven-project/2.0.6/maven-project-2.0.6.pom
[86306a0d-d93c-4497-8890-d20ab68187fd/build]   | [INFO] Downloaded from central: https://repo.maven.apache.org/maven2/org/apache/maven/maven-project/2.0.6/maven-project-2.0.6.pom (2.6 kB at 110 kB/s)
[86306a0d-d93c-4497-8890-d20ab68187fd/build]   | [INFO] Downloading from central: https://repo.maven.apache.org/maven2/org/apache/maven/maven-settings/2.0.6/maven-settings-2.0.6.pom
[86306a0d-d93c-4497-8890-d20ab68187fd/build]   | [INFO] Downloaded from central: https://repo.maven.apache.org/maven2/org/apache/maven/maven-settings/2.0.6/maven-settings-2.0.6.pom (2.0 kB at 67 kB/s)
[86306a0d-d93c-4497-8890-d20ab68187fd/build]   | [INFO] Downloading from central: https://repo.maven.apache.org/maven2/org/apache/maven/maven-model/2.0.6/maven-model-2.0.6.pom
[86306a0d-d93c-4497-8890-d20ab68187fd/build]   | [INFO] Downloaded from central: https://repo.maven.apache.org/maven2/org/apache/maven/maven-model/2.0.6/maven-model-2.0.6.pom (3.0 kB at 169 kB/s)
[86306a0d-d93c-4497-8890-d20ab68187fd/build]   | [INFO] Downloading from central: https://repo.maven.apache.org/maven2/org/codehaus/plexus/plexus-utils/1.4.1/plexus-utils-1.4.1.pom
[86306a0d-d93c-4497-8890-d20ab68187fd/build]   | [INFO] Downloaded from central: https://repo.maven.apache.org/maven2/org/codehaus/plexus/plexus-utils/1.4.1/plexus-utils-1.4.1.pom (1.9 kB at 33 kB/s)
[86306a0d-d93c-4497-8890-d20ab68187fd/build]   | [INFO] Downloading from central: https://repo.maven.apache.org/maven2/org/codehaus/plexus/plexus/1.0.11/plexus-1.0.11.pom
[86306a0d-d93c-4497-8890-d20ab68187fd/build]   | [INFO] Downloaded from central: https://repo.maven.apache.org/maven2/org/codehaus/plexus/plexus/1.0.11/plexus-1.0.11.pom (9.0 kB at 408 kB/s)
[86306a0d-d93c-4497-8890-d20ab68187fd/build]   | [INFO] Downloading from central: https://repo.maven.apache.org/maven2/org/codehaus/plexus/plexus-container-default/1.0-alpha-9-stable-1/plexus-container-default-1.0-alpha-9-stable-1.pom
[86306a0d-d93c-4497-8890-d20ab68187fd/build]   | [INFO] Downloaded from central: https://repo.maven.apache.org/maven2/org/codehaus/plexus/plexus-container-default/1.0-alpha-9-stable-1/plexus-container-default-1.0-alpha-9-stable-1.pom (3.9 kB at 56 kB/s)
[86306a0d-d93c-4497-8890-d20ab68187fd/build]   | [INFO] Downloading from central: https://repo.maven.apache.org/maven2/org/codehaus/plexus/plexus-containers/1.0.3/plexus-containers-1.0.3.pom
[86306a0d-d93c-4497-8890-d20ab68187fd/build]   | [INFO] Downloaded from central: https://repo.maven.apache.org/maven2/org/codehaus/plexus/plexus-containers/1.0.3/plexus-containers-1.0.3.pom (492 B at 31 kB/s)
[86306a0d-d93c-4497-8890-d20ab68187fd/build]   | [INFO] Downloading from central: https://repo.maven.apache.org/maven2/org/codehaus/plexus/plexus/1.0.4/plexus-1.0.4.pom
[86306a0d-d93c-4497-8890-d20ab68187fd/build]   | [INFO] Downloaded from central: https://repo.maven.apache.org/maven2/org/codehaus/plexus/plexus/1.0.4/plexus-1.0.4.pom (5.7 kB at 120 kB/s)
[86306a0d-d93c-4497-8890-d20ab68187fd/build]   | [INFO] Downloading from central: https://repo.maven.apache.org/maven2/junit/junit/3.8.1/junit-3.8.1.pom
[86306a0d-d93c-4497-8890-d20ab68187fd/build]   | [INFO] Downloaded from central: https://repo.maven.apache.org/maven2/junit/junit/3.8.1/junit-3.8.1.pom (998 B at 21 kB/s)
[86306a0d-d93c-4497-8890-d20ab68187fd/build]   | [INFO] Downloading from central: https://repo.maven.apache.org/maven2/org/codehaus/plexus/plexus-utils/1.0.4/plexus-utils-1.0.4.pom
[86306a0d-d93c-4497-8890-d20ab68187fd/build]   | [INFO] Downloaded from central: https://repo.maven.apache.org/maven2/org/codehaus/plexus/plexus-utils/1.0.4/plexus-utils-1.0.4.pom (6.9 kB at 180 kB/s)
[86306a0d-d93c-4497-8890-d20ab68187fd/build]   | [INFO] Downloading from central: https://repo.maven.apache.org/maven2/classworlds/classworlds/1.1-alpha-2/classworlds-1.1-alpha-2.pom
[86306a0d-d93c-4497-8890-d20ab68187fd/build]   | [INFO] Downloaded from central: https://repo.maven.apache.org/maven2/classworlds/classworlds/1.1-alpha-2/classworlds-1.1-alpha-2.pom (3.1 kB at 174 kB/s)
[86306a0d-d93c-4497-8890-d20ab68187fd/build]   | [INFO] Downloading from central: https://repo.maven.apache.org/maven2/org/apache/maven/maven-profile/2.0.6/maven-profile-2.0.6.pom
[86306a0d-d93c-4497-8890-d20ab68187fd/build]   | [INFO] Downloaded from central: https://repo.maven.apache.org/maven2/org/apache/maven/maven-profile/2.0.6/maven-profile-2.0.6.pom (2.0 kB at 124 kB/s)
[86306a0d-d93c-4497-8890-d20ab68187fd/build]   | [INFO] Downloading from central: https://repo.maven.apache.org/maven2/org/apache/maven/maven-artifact-manager/2.0.6/maven-artifact-manager-2.0.6.pom
[86306a0d-d93c-4497-8890-d20ab68187fd/build]   | [INFO] Downloaded from central: https://repo.maven.apache.org/maven2/org/apache/maven/maven-artifact-manager/2.0.6/maven-artifact-manager-2.0.6.pom (2.6 kB at 64 kB/s)
[86306a0d-d93c-4497-8890-d20ab68187fd/build]   | [INFO] Downloading from central: https://repo.maven.apache.org/maven2/org/apache/maven/maven-repository-metadata/2.0.6/maven-repository-metadata-2.0.6.pom
[86306a0d-d93c-4497-8890-d20ab68187fd/build]   | [INFO] Downloaded from central: https://repo.maven.apache.org/maven2/org/apache/maven/maven-repository-metadata/2.0.6/maven-repository-metadata-2.0.6.pom (1.9 kB at 35 kB/s)
[86306a0d-d93c-4497-8890-d20ab68187fd/build]   | [INFO] Downloading from central: https://repo.maven.apache.org/maven2/org/apache/maven/maven-artifact/2.0.6/maven-artifact-2.0.6.pom
[86306a0d-d93c-4497-8890-d20ab68187fd/build]   | [INFO] Downloaded from central: https://repo.maven.apache.org/maven2/org/apache/maven/maven-artifact/2.0.6/maven-artifact-2.0.6.pom (1.6 kB at 88 kB/s)
[86306a0d-d93c-4497-8890-d20ab68187fd/build]   | [INFO] Downloading from central: https://repo.maven.apache.org/maven2/org/apache/maven/maven-plugin-registry/2.0.6/maven-plugin-registry-2.0.6.pom
[86306a0d-d93c-4497-8890-d20ab68187fd/build]   | [INFO] Downloaded from central: https://repo.maven.apache.org/maven2/org/apache/maven/maven-plugin-registry/2.0.6/maven-plugin-registry-2.0.6.pom (1.9 kB at 65 kB/s)
[86306a0d-d93c-4497-8890-d20ab68187fd/build]   | [INFO] Downloading from central: https://repo.maven.apache.org/maven2/org/apache/maven/maven-core/2.0.6/maven-core-2.0.6.pom
[86306a0d-d93c-4497-8890-d20ab68187fd/build]   | [INFO] Downloaded from central: https://repo.maven.apache.org/maven2/org/apache/maven/maven-core/2.0.6/maven-core-2.0.6.pom (6.7 kB at 210 kB/s)
[86306a0d-d93c-4497-8890-d20ab68187fd/build]   | [INFO] Downloading from central: https://repo.maven.apache.org/maven2/org/apache/maven/maven-plugin-parameter-documenter/2.0.6/maven-plugin-parameter-documenter-2.0.6.pom
[86306a0d-d93c-4497-8890-d20ab68187fd/build]   | [INFO] Downloaded from central: https://repo.maven.apache.org/maven2/org/apache/maven/maven-plugin-parameter-documenter/2.0.6/maven-plugin-parameter-documenter-2.0.6.pom (1.9 kB at 101 kB/s)
[86306a0d-d93c-4497-8890-d20ab68187fd/build]   | [INFO] Downloading from central: https://repo.maven.apache.org/maven2/org/apache/maven/reporting/maven-reporting-api/2.0.6/maven-reporting-api-2.0.6.pom
[86306a0d-d93c-4497-8890-d20ab68187fd/build]   | [INFO] Downloaded from central: https://repo.maven.apache.org/maven2/org/apache/maven/reporting/maven-reporting-api/2.0.6/maven-reporting-api-2.0.6.pom (1.8 kB at 92 kB/s)
[86306a0d-d93c-4497-8890-d20ab68187fd/build]   | [INFO] Downloading from central: https://repo.maven.apache.org/maven2/org/apache/maven/reporting/maven-reporting/2.0.6/maven-reporting-2.0.6.pom
[86306a0d-d93c-4497-8890-d20ab68187fd/build]   | [INFO] Downloaded from central: https://repo.maven.apache.org/maven2/org/apache/maven/reporting/maven-reporting/2.0.6/maven-reporting-2.0.6.pom (1.4 kB at 28 kB/s)
[86306a0d-d93c-4497-8890-d20ab68187fd/build]   | [INFO] Downloading from central: https://repo.maven.apache.org/maven2/org/apache/maven/doxia/doxia-sink-api/1.0-alpha-7/doxia-sink-api-1.0-alpha-7.pom
[86306a0d-d93c-4497-8890-d20ab68187fd/build]   | [INFO] Downloaded from central: https://repo.maven.apache.org/maven2/org/apache/maven/doxia/doxia-sink-api/1.0-alpha-7/doxia-sink-api-1.0-alpha-7.pom (424 B at 17 kB/s)
[86306a0d-d93c-4497-8890-d20ab68187fd/build]   | [INFO] Downloading from central: https://repo.maven.apache.org/maven2/org/apache/maven/doxia/doxia/1.0-alpha-7/doxia-1.0-alpha-7.pom
[86306a0d-d93c-4497-8890-d20ab68187fd/build]   | [INFO] Downloaded from central: https://repo.maven.apache.org/maven2/org/apache/maven/doxia/doxia/1.0-alpha-7/doxia-1.0-alpha-7.pom (3.9 kB at 130 kB/s)
[86306a0d-d93c-4497-8890-d20ab68187fd/build]   | [INFO] Downloading from central: https://repo.maven.apache.org/maven2/org/apache/maven/maven-error-diagnostics/2.0.6/maven-error-diagnostics-2.0.6.pom
[86306a0d-d93c-4497-8890-d20ab68187fd/build]   | [INFO] Downloaded from central: https://repo.maven.apache.org/maven2/org/apache/maven/maven-error-diagnostics/2.0.6/maven-error-diagnostics-2.0.6.pom (1.7 kB at 63 kB/s)
[86306a0d-d93c-4497-8890-d20ab68187fd/build]   | [INFO] Downloading from central: https://repo.maven.apache.org/maven2/commons-cli/commons-cli/1.0/commons-cli-1.0.pom
[86306a0d-d93c-4497-8890-d20ab68187fd/build]   | [INFO] Downloaded from central: https://repo.maven.apache.org/maven2/commons-cli/commons-cli/1.0/commons-cli-1.0.pom (2.1 kB at 70 kB/s)
[86306a0d-d93c-4497-8890-d20ab68187fd/build]   | [INFO] Downloading from central: https://repo.maven.apache.org/maven2/org/apache/maven/maven-plugin-descriptor/2.0.6/maven-plugin-descriptor-2.0.6.pom
[86306a0d-d93c-4497-8890-d20ab68187fd/build]   | [INFO] Downloaded from central: https://repo.maven.apache.org/maven2/org/apache/maven/maven-plugin-descriptor/2.0.6/maven-plugin-descriptor-2.0.6.pom (2.0 kB at 72 kB/s)
[86306a0d-d93c-4497-8890-d20ab68187fd/build]   | [INFO] Downloading from central: https://repo.maven.apache.org/maven2/org/codehaus/plexus/plexus-interactivity-api/1.0-alpha-4/plexus-interactivity-api-1.0-alpha-4.pom
[86306a0d-d93c-4497-8890-d20ab68187fd/build]   | [INFO] Downloaded from central: https://repo.maven.apache.org/maven2/org/codehaus/plexus/plexus-interactivity-api/1.0-alpha-4/plexus-interactivity-api-1.0-alpha-4.pom (7.1 kB at 263 kB/s)
[86306a0d-d93c-4497-8890-d20ab68187fd/build]   | [INFO] Downloading from central: https://repo.maven.apache.org/maven2/org/apache/maven/maven-monitor/2.0.6/maven-monitor-2.0.6.pom
[86306a0d-d93c-4497-8890-d20ab68187fd/build]   | [INFO] Downloaded from central: https://repo.maven.apache.org/maven2/org/apache/maven/maven-monitor/2.0.6/maven-monitor-2.0.6.pom (1.3 kB at 60 kB/s)
[86306a0d-d93c-4497-8890-d20ab68187fd/build]   | [INFO] Downloading from central: https://repo.maven.apache.org/maven2/classworlds/classworlds/1.1/classworlds-1.1.pom
[86306a0d-d93c-4497-8890-d20ab68187fd/build]   | [INFO] Downloaded from central: https://repo.maven.apache.org/maven2/classworlds/classworlds/1.1/classworlds-1.1.pom (3.3 kB at 158 kB/s)
[86306a0d-d93c-4497-8890-d20ab68187fd/build]   | [INFO] Downloading from central: https://repo.maven.apache.org/maven2/org/codehaus/plexus/plexus-utils/2.0.5/plexus-utils-2.0.5.pom
[86306a0d-d93c-4497-8890-d20ab68187fd/build]   | [INFO] Downloaded from central: https://repo.maven.apache.org/maven2/org/codehaus/plexus/plexus-utils/2.0.5/plexus-utils-2.0.5.pom (3.3 kB at 104 kB/s)
[86306a0d-d93c-4497-8890-d20ab68187fd/build]   | [INFO] Downloading from central: https://repo.maven.apache.org/maven2/org/codehaus/plexus/plexus/2.0.6/plexus-2.0.6.pom
[86306a0d-d93c-4497-8890-d20ab68187fd/build]   | [INFO] Downloaded from central: https://repo.maven.apache.org/maven2/org/codehaus/plexus/plexus/2.0.6/plexus-2.0.6.pom (17 kB at 466 kB/s)
[86306a0d-d93c-4497-8890-d20ab68187fd/build]   | [INFO] Downloading from central: https://repo.maven.apache.org/maven2/org/apache/maven/shared/maven-filtering/1.1/maven-filtering-1.1.pom
[86306a0d-d93c-4497-8890-d20ab68187fd/build]   | [INFO] Downloaded from central: https://repo.maven.apache.org/maven2/org/apache/maven/shared/maven-filtering/1.1/maven-filtering-1.1.pom (5.8 kB at 93 kB/s)
[86306a0d-d93c-4497-8890-d20ab68187fd/build]   | [INFO] Downloading from central: https://repo.maven.apache.org/maven2/org/apache/maven/shared/maven-shared-components/17/maven-shared-components-17.pom
[86306a0d-d93c-4497-8890-d20ab68187fd/build]   | [INFO] Downloaded from central: https://repo.maven.apache.org/maven2/org/apache/maven/shared/maven-shared-components/17/maven-shared-components-17.pom (8.7 kB at 33 kB/s)
[86306a0d-d93c-4497-8890-d20ab68187fd/build]   | [INFO] Downloading from central: https://repo.maven.apache.org/maven2/org/codehaus/plexus/plexus-utils/1.5.15/plexus-utils-1.5.15.pom
[86306a0d-d93c-4497-8890-d20ab68187fd/build]   | [INFO] Downloaded from central: https://repo.maven.apache.org/maven2/org/codehaus/plexus/plexus-utils/1.5.15/plexus-utils-1.5.15.pom (6.8 kB at 201 kB/s)
[86306a0d-d93c-4497-8890-d20ab68187fd/build]   | [INFO] Downloading from central: https://repo.maven.apache.org/maven2/org/codehaus/plexus/plexus/2.0.2/plexus-2.0.2.pom
[86306a0d-d93c-4497-8890-d20ab68187fd/build]   | [INFO] Downloaded from central: https://repo.maven.apache.org/maven2/org/codehaus/plexus/plexus/2.0.2/plexus-2.0.2.pom (12 kB at 125 kB/s)
[86306a0d-d93c-4497-8890-d20ab68187fd/build]   | [INFO] Downloading from central: https://repo.maven.apache.org/maven2/org/codehaus/plexus/plexus-interpolation/1.12/plexus-interpolation-1.12.pom
[86306a0d-d93c-4497-8890-d20ab68187fd/build]   | [INFO] Downloaded from central: https://repo.maven.apache.org/maven2/org/codehaus/plexus/plexus-interpolation/1.12/plexus-interpolation-1.12.pom (889 B at 39 kB/s)
[86306a0d-d93c-4497-8890-d20ab68187fd/build]   | [INFO] Downloading from central: https://repo.maven.apache.org/maven2/org/codehaus/plexus/plexus-components/1.1.14/plexus-components-1.1.14.pom
[86306a0d-d93c-4497-8890-d20ab68187fd/build]   | [INFO] Downloaded from central: https://repo.maven.apache.org/maven2/org/codehaus/plexus/plexus-components/1.1.14/plexus-components-1.1.14.pom (5.8 kB at 83 kB/s)
[86306a0d-d93c-4497-8890-d20ab68187fd/build]   | [INFO] Downloading from central: https://repo.maven.apache.org/maven2/org/sonatype/plexus/plexus-build-api/0.0.4/plexus-build-api-0.0.4.pom
[86306a0d-d93c-4497-8890-d20ab68187fd/build]   | [INFO] Downloaded from central: https://repo.maven.apache.org/maven2/org/sonatype/plexus/plexus-build-api/0.0.4/plexus-build-api-0.0.4.pom (2.9 kB at 37 kB/s)
[86306a0d-d93c-4497-8890-d20ab68187fd/build]   | [INFO] Downloading from central: https://repo.maven.apache.org/maven2/org/sonatype/spice/spice-parent/10/spice-parent-10.pom
[86306a0d-d93c-4497-8890-d20ab68187fd/build]   | [INFO] Downloaded from central: https://repo.maven.apache.org/maven2/org/sonatype/spice/spice-parent/10/spice-parent-10.pom (3.0 kB at 11 kB/s)
[86306a0d-d93c-4497-8890-d20ab68187fd/build]   | [INFO] Downloading from central: https://repo.maven.apache.org/maven2/org/sonatype/forge/forge-parent/3/forge-parent-3.pom
[86306a0d-d93c-4497-8890-d20ab68187fd/build]   | [INFO] Downloaded from central: https://repo.maven.apache.org/maven2/org/sonatype/forge/forge-parent/3/forge-parent-3.pom (5.0 kB at 129 kB/s)
[86306a0d-d93c-4497-8890-d20ab68187fd/build]   | [INFO] Downloading from central: https://repo.maven.apache.org/maven2/org/codehaus/plexus/plexus-utils/1.5.8/plexus-utils-1.5.8.pom
[86306a0d-d93c-4497-8890-d20ab68187fd/build]   | [INFO] Downloaded from central: https://repo.maven.apache.org/maven2/org/codehaus/plexus/plexus-utils/1.5.8/plexus-utils-1.5.8.pom (8.1 kB at 224 kB/s)
[86306a0d-d93c-4497-8890-d20ab68187fd/build]   | [INFO] Downloading from central: https://repo.maven.apache.org/maven2/org/codehaus/plexus/plexus-interpolation/1.13/plexus-interpolation-1.13.pom
[86306a0d-d93c-4497-8890-d20ab68187fd/build]   | [INFO] Downloaded from central: https://repo.maven.apache.org/maven2/org/codehaus/plexus/plexus-interpolation/1.13/plexus-interpolation-1.13.pom (890 B at 37 kB/s)
[86306a0d-d93c-4497-8890-d20ab68187fd/build]   | [INFO] Downloading from central: https://repo.maven.apache.org/maven2/org/codehaus/plexus/plexus-components/1.1.15/plexus-components-1.1.15.pom
[86306a0d-d93c-4497-8890-d20ab68187fd/build]   | [INFO] Downloaded from central: https://repo.maven.apache.org/maven2/org/codehaus/plexus/plexus-components/1.1.15/plexus-components-1.1.15.pom (2.8 kB at 73 kB/s)
[86306a0d-d93c-4497-8890-d20ab68187fd/build]   | [INFO] Downloading from central: https://repo.maven.apache.org/maven2/org/codehaus/plexus/plexus/2.0.3/plexus-2.0.3.pom
[86306a0d-d93c-4497-8890-d20ab68187fd/build]   | [INFO] Downloaded from central: https://repo.maven.apache.org/maven2/org/codehaus/plexus/plexus/2.0.3/plexus-2.0.3.pom (15 kB at 262 kB/s)
[86306a0d-d93c-4497-8890-d20ab68187fd/build]   | [INFO] Downloading from central: https://repo.maven.apache.org/maven2/org/apache/maven/maven-plugin-api/2.0.6/maven-plugin-api-2.0.6.jar
[86306a0d-d93c-4497-8890-d20ab68187fd/build]   | [INFO] Downloading from central: https://repo.maven.apache.org/maven2/org/apache/maven/maven-project/2.0.6/maven-project-2.0.6.jar
[86306a0d-d93c-4497-8890-d20ab68187fd/build]   | [INFO] Downloading from central: https://repo.maven.apache.org/maven2/org/apache/maven/maven-profile/2.0.6/maven-profile-2.0.6.jar
[86306a0d-d93c-4497-8890-d20ab68187fd/build]   | [INFO] Downloading from central: https://repo.maven.apache.org/maven2/org/apache/maven/maven-artifact-manager/2.0.6/maven-artifact-manager-2.0.6.jar
[86306a0d-d93c-4497-8890-d20ab68187fd/build]   | [INFO] Downloading from central: https://repo.maven.apache.org/maven2/org/apache/maven/maven-plugin-registry/2.0.6/maven-plugin-registry-2.0.6.jar
[86306a0d-d93c-4497-8890-d20ab68187fd/build]   | [INFO] Downloaded from central: https://repo.maven.apache.org/maven2/org/apache/maven/maven-plugin-registry/2.0.6/maven-plugin-registry-2.0.6.jar (29 kB at 933 kB/s)
[86306a0d-d93c-4497-8890-d20ab68187fd/build]   | [INFO] Downloading from central: https://repo.maven.apache.org/maven2/org/apache/maven/maven-core/2.0.6/maven-core-2.0.6.jar
[86306a0d-d93c-4497-8890-d20ab68187fd/build]   | [INFO] Downloaded from central: https://repo.maven.apache.org/maven2/org/apache/maven/maven-plugin-api/2.0.6/maven-plugin-api-2.0.6.jar (13 kB at 390 kB/s)
[86306a0d-d93c-4497-8890-d20ab68187fd/build]   | [INFO] Downloading from central: https://repo.maven.apache.org/maven2/org/apache/maven/maven-plugin-parameter-documenter/2.0.6/maven-plugin-parameter-documenter-2.0.6.jar
[86306a0d-d93c-4497-8890-d20ab68187fd/build]   | [INFO] Downloaded from central: https://repo.maven.apache.org/maven2/org/apache/maven/maven-artifact-manager/2.0.6/maven-artifact-manager-2.0.6.jar (57 kB at 1.3 MB/s)
[86306a0d-d93c-4497-8890-d20ab68187fd/build]   | [INFO] Downloading from central: https://repo.maven.apache.org/maven2/org/apache/maven/reporting/maven-reporting-api/2.0.6/maven-reporting-api-2.0.6.jar
[86306a0d-d93c-4497-8890-d20ab68187fd/build]   | [INFO] Downloaded from central: https://repo.maven.apache.org/maven2/org/apache/maven/maven-plugin-parameter-documenter/2.0.6/maven-plugin-parameter-documenter-2.0.6.jar (21 kB at 407 kB/s)
[86306a0d-d93c-4497-8890-d20ab68187fd/build]   | [INFO] Downloading from central: https://repo.maven.apache.org/maven2/org/apache/maven/doxia/doxia-sink-api/1.0-alpha-7/doxia-sink-api-1.0-alpha-7.jar
[86306a0d-d93c-4497-8890-d20ab68187fd/build]   | [INFO] Downloaded from central: https://repo.maven.apache.org/maven2/org/apache/maven/reporting/maven-reporting-api/2.0.6/maven-reporting-api-2.0.6.jar (9.9 kB at 146 kB/s)
[86306a0d-d93c-4497-8890-d20ab68187fd/build]   | [INFO] Downloading from central: https://repo.maven.apache.org/maven2/org/apache/maven/maven-repository-metadata/2.0.6/maven-repository-metadata-2.0.6.jar
[86306a0d-d93c-4497-8890-d20ab68187fd/build]   | [INFO] Downloaded from central: https://repo.maven.apache.org/maven2/org/apache/maven/doxia/doxia-sink-api/1.0-alpha-7/doxia-sink-api-1.0-alpha-7.jar (5.9 kB at 74 kB/s)
[86306a0d-d93c-4497-8890-d20ab68187fd/build]   | [INFO] Downloading from central: https://repo.maven.apache.org/maven2/org/apache/maven/maven-error-diagnostics/2.0.6/maven-error-diagnostics-2.0.6.jar
[86306a0d-d93c-4497-8890-d20ab68187fd/build]   | [INFO] Downloaded from central: https://repo.maven.apache.org/maven2/org/apache/maven/maven-profile/2.0.6/maven-profile-2.0.6.jar (35 kB at 425 kB/s)
[86306a0d-d93c-4497-8890-d20ab68187fd/build]   | [INFO] Downloading from central: https://repo.maven.apache.org/maven2/commons-cli/commons-cli/1.0/commons-cli-1.0.jar
[86306a0d-d93c-4497-8890-d20ab68187fd/build]   | [INFO] Downloaded from central: https://repo.maven.apache.org/maven2/org/apache/maven/maven-repository-metadata/2.0.6/maven-repository-metadata-2.0.6.jar (24 kB at 281 kB/s)
[86306a0d-d93c-4497-8890-d20ab68187fd/build]   | [INFO] Downloading from central: https://repo.maven.apache.org/maven2/org/apache/maven/maven-plugin-descriptor/2.0.6/maven-plugin-descriptor-2.0.6.jar
[86306a0d-d93c-4497-8890-d20ab68187fd/build]   | [INFO] Downloaded from central: https://repo.maven.apache.org/maven2/org/apache/maven/maven-error-diagnostics/2.0.6/maven-error-diagnostics-2.0.6.jar (14 kB at 125 kB/s)
[86306a0d-d93c-4497-8890-d20ab68187fd/build]   | [INFO] Downloading from central: https://repo.maven.apache.org/maven2/org/codehaus/plexus/plexus-interactivity-api/1.0-alpha-4/plexus-interactivity-api-1.0-alpha-4.jar
[86306a0d-d93c-4497-8890-d20ab68187fd/build]   | [INFO] Downloaded from central: https://repo.maven.apache.org/maven2/org/apache/maven/maven-plugin-descriptor/2.0.6/maven-plugin-descriptor-2.0.6.jar (37 kB at 335 kB/s)
[86306a0d-d93c-4497-8890-d20ab68187fd/build]   | [INFO] Downloading from central: https://repo.maven.apache.org/maven2/classworlds/classworlds/1.1/classworlds-1.1.jar
[86306a0d-d93c-4497-8890-d20ab68187fd/build]   | [INFO] Downloaded from central: https://repo.maven.apache.org/maven2/org/codehaus/plexus/plexus-interactivity-api/1.0-alpha-4/plexus-interactivity-api-1.0-alpha-4.jar (13 kB at 104 kB/s)
[86306a0d-d93c-4497-8890-d20ab68187fd/build]   | [INFO] Downloading from central: https://repo.maven.apache.org/maven2/org/apache/maven/maven-artifact/2.0.6/maven-artifact-2.0.6.jar
[86306a0d-d93c-4497-8890-d20ab68187fd/build]   | [INFO] Downloaded from central: https://repo.maven.apache.org/maven2/classworlds/classworlds/1.1/classworlds-1.1.jar (38 kB at 276 kB/s)
[86306a0d-d93c-4497-8890-d20ab68187fd/build]   | [INFO] Downloading from central: https://repo.maven.apache.org/maven2/org/apache/maven/maven-settings/2.0.6/maven-settings-2.0.6.jar
[86306a0d-d93c-4497-8890-d20ab68187fd/build]   | [INFO] Downloaded from central: https://repo.maven.apache.org/maven2/org/apache/maven/maven-artifact/2.0.6/maven-artifact-2.0.6.jar (87 kB at 494 kB/s)
[86306a0d-d93c-4497-8890-d20ab68187fd/build]   | [INFO] Downloading from central: https://repo.maven.apache.org/maven2/org/apache/maven/maven-model/2.0.6/maven-model-2.0.6.jar
[86306a0d-d93c-4497-8890-d20ab68187fd/build]   | [INFO] Downloaded from central: https://repo.maven.apache.org/maven2/org/apache/maven/maven-settings/2.0.6/maven-settings-2.0.6.jar (49 kB at 257 kB/s)
[86306a0d-d93c-4497-8890-d20ab68187fd/build]   | [INFO] Downloading from central: https://repo.maven.apache.org/maven2/org/apache/maven/maven-monitor/2.0.6/maven-monitor-2.0.6.jar
[86306a0d-d93c-4497-8890-d20ab68187fd/build]   | [INFO] Downloaded from central: https://repo.maven.apache.org/maven2/commons-cli/commons-cli/1.0/commons-cli-1.0.jar (30 kB at 139 kB/s)
[86306a0d-d93c-4497-8890-d20ab68187fd/build]   | [INFO] Downloading from central: https://repo.maven.apache.org/maven2/org/codehaus/plexus/plexus-container-default/1.0-alpha-9-stable-1/plexus-container-default-1.0-alpha-9-stable-1.jar
[86306a0d-d93c-4497-8890-d20ab68187fd/build]   | [INFO] Downloaded from central: https://repo.maven.apache.org/maven2/org/apache/maven/maven-monitor/2.0.6/maven-monitor-2.0.6.jar (10 kB at 46 kB/s)
[86306a0d-d93c-4497-8890-d20ab68187fd/build]   | [INFO] Downloading from central: https://repo.maven.apache.org/maven2/junit/junit/3.8.1/junit-3.8.1.jar
[86306a0d-d93c-4497-8890-d20ab68187fd/build]   | [INFO] Downloaded from central: https://repo.maven.apache.org/maven2/org/codehaus/plexus/plexus-container-default/1.0-alpha-9-stable-1/plexus-container-default-1.0-alpha-9-stable-1.jar (194 kB at 607 kB/s)
[86306a0d-d93c-4497-8890-d20ab68187fd/build]   | [INFO] Downloading from central: https://repo.maven.apache.org/maven2/org/codehaus/plexus/plexus-utils/2.0.5/plexus-utils-2.0.5.jar
[86306a0d-d93c-4497-8890-d20ab68187fd/build]   | [INFO] Downloaded from central: https://repo.maven.apache.org/maven2/org/apache/maven/maven-project/2.0.6/maven-project-2.0.6.jar (116 kB at 270 kB/s)
[86306a0d-d93c-4497-8890-d20ab68187fd/build]   | [INFO] Downloading from central: https://repo.maven.apache.org/maven2/org/apache/maven/shared/maven-filtering/1.1/maven-filtering-1.1.jar
[86306a0d-d93c-4497-8890-d20ab68187fd/build]   | [INFO] Downloaded from central: https://repo.maven.apache.org/maven2/junit/junit/3.8.1/junit-3.8.1.jar (121 kB at 282 kB/s)
[86306a0d-d93c-4497-8890-d20ab68187fd/build]   | [INFO] Downloading from central: https://repo.maven.apache.org/maven2/org/sonatype/plexus/plexus-build-api/0.0.4/plexus-build-api-0.0.4.jar
[86306a0d-d93c-4497-8890-d20ab68187fd/build]   | [INFO] Downloaded from central: https://repo.maven.apache.org/maven2/org/sonatype/plexus/plexus-build-api/0.0.4/plexus-build-api-0.0.4.jar (6.8 kB at 15 kB/s)
[86306a0d-d93c-4497-8890-d20ab68187fd/build]   | [INFO] Downloading from central: https://repo.maven.apache.org/maven2/org/codehaus/plexus/plexus-interpolation/1.13/plexus-interpolation-1.13.jar
[86306a0d-d93c-4497-8890-d20ab68187fd/build]   | [INFO] Downloaded from central: https://repo.maven.apache.org/maven2/org/apache/maven/maven-model/2.0.6/maven-model-2.0.6.jar (86 kB at 183 kB/s)
[86306a0d-d93c-4497-8890-d20ab68187fd/build]   | [INFO] Downloaded from central: https://repo.maven.apache.org/maven2/org/apache/maven/maven-core/2.0.6/maven-core-2.0.6.jar (152 kB at 288 kB/s)
[86306a0d-d93c-4497-8890-d20ab68187fd/build]   | [INFO] Downloaded from central: https://repo.maven.apache.org/maven2/org/codehaus/plexus/plexus-interpolation/1.13/plexus-interpolation-1.13.jar (61 kB at 111 kB/s)
[86306a0d-d93c-4497-8890-d20ab68187fd/build]   | [INFO] Downloaded from central: https://repo.maven.apache.org/maven2/org/codehaus/plexus/plexus-utils/2.0.5/plexus-utils-2.0.5.jar (223 kB at 284 kB/s)
[86306a0d-d93c-4497-8890-d20ab68187fd/build]   | [INFO] Downloaded from central: https://repo.maven.apache.org/maven2/org/apache/maven/shared/maven-filtering/1.1/maven-filtering-1.1.jar (43 kB at 54 kB/s)
[86306a0d-d93c-4497-8890-d20ab68187fd/build]   | [WARNING] Using platform encoding (UTF-8 actually) to copy filtered resources, i.e. build is platform dependent!
[86306a0d-d93c-4497-8890-d20ab68187fd/build]   | [INFO] skip non existing resourceDirectory /tmp/dcf2de27-a8db-4b3d-bb21-a92ec5a0d400/src/main/resources
[86306a0d-d93c-4497-8890-d20ab68187fd/build]   | [INFO] 
[86306a0d-d93c-4497-8890-d20ab68187fd/build]   | [INFO] --- maven-compiler-plugin:3.5.1:compile (default-compile) @ zuul ---
[86306a0d-d93c-4497-8890-d20ab68187fd/build]   | [INFO] Downloading from central: https://repo.maven.apache.org/maven2/org/apache/maven/maven-plugin-api/3.0/maven-plugin-api-3.0.pom
[86306a0d-d93c-4497-8890-d20ab68187fd/build]   | [INFO] Downloaded from central: https://repo.maven.apache.org/maven2/org/apache/maven/maven-plugin-api/3.0/maven-plugin-api-3.0.pom (2.3 kB at 88 kB/s)
[86306a0d-d93c-4497-8890-d20ab68187fd/build]   | [INFO] Downloading from central: https://repo.maven.apache.org/maven2/org/apache/maven/maven/3.0/maven-3.0.pom
[86306a0d-d93c-4497-8890-d20ab68187fd/build]   | [INFO] Downloaded from central: https://repo.maven.apache.org/maven2/org/apache/maven/maven/3.0/maven-3.0.pom (22 kB at 84 kB/s)
[86306a0d-d93c-4497-8890-d20ab68187fd/build]   | [INFO] Downloading from central: https://repo.maven.apache.org/maven2/org/apache/maven/maven-parent/15/maven-parent-15.pom
[86306a0d-d93c-4497-8890-d20ab68187fd/build]   | [INFO] Downloaded from central: https://repo.maven.apache.org/maven2/org/apache/maven/maven-parent/15/maven-parent-15.pom (24 kB at 81 kB/s)
[86306a0d-d93c-4497-8890-d20ab68187fd/build]   | [INFO] Downloading from central: https://repo.maven.apache.org/maven2/org/apache/apache/6/apache-6.pom
[86306a0d-d93c-4497-8890-d20ab68187fd/build]   | [INFO] Downloaded from central: https://repo.maven.apache.org/maven2/org/apache/apache/6/apache-6.pom (13 kB at 166 kB/s)
[86306a0d-d93c-4497-8890-d20ab68187fd/build]   | [INFO] Downloading from central: https://repo.maven.apache.org/maven2/org/apache/maven/maven-model/3.0/maven-model-3.0.pom
[86306a0d-d93c-4497-8890-d20ab68187fd/build]   | [INFO] Downloaded from central: https://repo.maven.apache.org/maven2/org/apache/maven/maven-model/3.0/maven-model-3.0.pom (3.9 kB at 14 kB/s)
[86306a0d-d93c-4497-8890-d20ab68187fd/build]   | [INFO] Downloading from central: https://repo.maven.apache.org/maven2/org/codehaus/plexus/plexus-utils/2.0.4/plexus-utils-2.0.4.pom
[86306a0d-d93c-4497-8890-d20ab68187fd/build]   | [INFO] Downloaded from central: https://repo.maven.apache.org/maven2/org/codehaus/plexus/plexus-utils/2.0.4/plexus-utils-2.0.4.pom (3.3 kB at 159 kB/s)
[86306a0d-d93c-4497-8890-d20ab68187fd/build]   | [INFO] Downloading from central: https://repo.maven.apache.org/maven2/org/apache/maven/maven-artifact/3.0/maven-artifact-3.0.pom
[86306a0d-d93c-4497-8890-d20ab68187fd/build]   | [INFO] Downloaded from central: https://repo.maven.apache.org/maven2/org/apache/maven/maven-artifact/3.0/maven-artifact-3.0.pom (1.9 kB at 77 kB/s)
[86306a0d-d93c-4497-8890-d20ab68187fd/build]   | [INFO] Downloading from central: https://repo.maven.apache.org/maven2/org/sonatype/sisu/sisu-inject-plexus/1.4.2/sisu-inject-plexus-1.4.2.pom
[86306a0d-d93c-4497-8890-d20ab68187fd/build]   | [INFO] Downloaded from central: https://repo.maven.apache.org/maven2/org/sonatype/sisu/sisu-inject-plexus/1.4.2/sisu-inject-plexus-1.4.2.pom (5.4 kB at 73 kB/s)
[86306a0d-d93c-4497-8890-d20ab68187fd/build]   | [INFO] Downloading from central: https://repo.maven.apache.org/maven2/org/sonatype/sisu/inject/guice-plexus/1.4.2/guice-plexus-1.4.2.pom
[86306a0d-d93c-4497-8890-d20ab68187fd/build]   | [INFO] Downloaded from central: https://repo.maven.apache.org/maven2/org/sonatype/sisu/inject/guice-plexus/1.4.2/guice-plexus-1.4.2.pom (3.1 kB at 120 kB/s)
[86306a0d-d93c-4497-8890-d20ab68187fd/build]   | [INFO] Downloading from central: https://repo.maven.apache.org/maven2/org/sonatype/sisu/inject/guice-bean/1.4.2/guice-bean-1.4.2.pom
[86306a0d-d93c-4497-8890-d20ab68187fd/build]   | [INFO] Downloaded from central: https://repo.maven.apache.org/maven2/org/sonatype/sisu/inject/guice-bean/1.4.2/guice-bean-1.4.2.pom (2.6 kB at 97 kB/s)
[86306a0d-d93c-4497-8890-d20ab68187fd/build]   | [INFO] Downloading from central: https://repo.maven.apache.org/maven2/org/sonatype/sisu/sisu-inject/1.4.2/sisu-inject-1.4.2.pom
[86306a0d-d93c-4497-8890-d20ab68187fd/build]   | [INFO] Downloaded from central: https://repo.maven.apache.org/maven2/org/sonatype/sisu/sisu-inject/1.4.2/sisu-inject-1.4.2.pom (1.2 kB at 19 kB/s)
[86306a0d-d93c-4497-8890-d20ab68187fd/build]   | [INFO] Downloading from central: https://repo.maven.apache.org/maven2/org/sonatype/sisu/sisu-parent/1.4.2/sisu-parent-1.4.2.pom
[86306a0d-d93c-4497-8890-d20ab68187fd/build]   | [INFO] Downloaded from central: https://repo.maven.apache.org/maven2/org/sonatype/sisu/sisu-parent/1.4.2/sisu-parent-1.4.2.pom (7.8 kB at 190 kB/s)
[86306a0d-d93c-4497-8890-d20ab68187fd/build]   | [INFO] Downloading from central: https://repo.maven.apache.org/maven2/org/sonatype/forge/forge-parent/6/forge-parent-6.pom
[86306a0d-d93c-4497-8890-d20ab68187fd/build]   | [INFO] Downloaded from central: https://repo.maven.apache.org/maven2/org/sonatype/forge/forge-parent/6/forge-parent-6.pom (11 kB at 299 kB/s)
[86306a0d-d93c-4497-8890-d20ab68187fd/build]   | [INFO] Downloading from central: https://repo.maven.apache.org/maven2/org/codehaus/plexus/plexus-component-annotations/1.5.5/plexus-component-annotations-1.5.5.pom
[86306a0d-d93c-4497-8890-d20ab68187fd/build]   | [INFO] Downloaded from central: https://repo.maven.apache.org/maven2/org/codehaus/plexus/plexus-component-annotations/1.5.5/plexus-component-annotations-1.5.5.pom (815 B at 45 kB/s)
[86306a0d-d93c-4497-8890-d20ab68187fd/build]   | [INFO] Downloading from central: https://repo.maven.apache.org/maven2/org/codehaus/plexus/plexus-containers/1.5.5/plexus-containers-1.5.5.pom
[86306a0d-d93c-4497-8890-d20ab68187fd/build]   | [INFO] Downloaded from central: https://repo.maven.apache.org/maven2/org/codehaus/plexus/plexus-containers/1.5.5/plexus-containers-1.5.5.pom (4.2 kB at 68 kB/s)
[86306a0d-d93c-4497-8890-d20ab68187fd/build]   | [INFO] Downloading from central: https://repo.maven.apache.org/maven2/org/codehaus/plexus/plexus/2.0.7/plexus-2.0.7.pom
[86306a0d-d93c-4497-8890-d20ab68187fd/build]   | [INFO] Downloaded from central: https://repo.maven.apache.org/maven2/org/codehaus/plexus/plexus/2.0.7/plexus-2.0.7.pom (17 kB at 402 kB/s)
[86306a0d-d93c-4497-8890-d20ab68187fd/build]   | [INFO] Downloading from central: https://repo.maven.apache.org/maven2/org/codehaus/plexus/plexus-classworlds/2.2.3/plexus-classworlds-2.2.3.pom
[86306a0d-d93c-4497-8890-d20ab68187fd/build]   | [INFO] Downloaded from central: https://repo.maven.apache.org/maven2/org/codehaus/plexus/plexus-classworlds/2.2.3/plexus-classworlds-2.2.3.pom (4.0 kB at 91 kB/s)
[86306a0d-d93c-4497-8890-d20ab68187fd/build]   | [INFO] Downloading from central: https://repo.maven.apache.org/maven2/org/sonatype/sisu/sisu-inject-bean/1.4.2/sisu-inject-bean-1.4.2.pom
[86306a0d-d93c-4497-8890-d20ab68187fd/build]   | [INFO] Downloaded from central: https://repo.maven.apache.org/maven2/org/sonatype/sisu/sisu-inject-bean/1.4.2/sisu-inject-bean-1.4.2.pom (5.5 kB at 84 kB/s)
[86306a0d-d93c-4497-8890-d20ab68187fd/build]   | [INFO] Downloading from central: https://repo.maven.apache.org/maven2/org/sonatype/sisu/sisu-guice/2.1.7/sisu-guice-2.1.7.pom
[86306a0d-d93c-4497-8890-d20ab68187fd/build]   | [INFO] Downloaded from central: https://repo.maven.apache.org/maven2/org/sonatype/sisu/sisu-guice/2.1.7/sisu-guice-2.1.7.pom (11 kB at 291 kB/s)
[86306a0d-d93c-4497-8890-d20ab68187fd/build]   | [INFO] Downloading from central: https://repo.maven.apache.org/maven2/org/apache/maven/maven-core/3.0/maven-core-3.0.pom
[86306a0d-d93c-4497-8890-d20ab68187fd/build]   | [INFO] Downloaded from central: https://repo.maven.apache.org/maven2/org/apache/maven/maven-core/3.0/maven-core-3.0.pom (6.6 kB at 265 kB/s)
[86306a0d-d93c-4497-8890-d20ab68187fd/build]   | [INFO] Downloading from central: https://repo.maven.apache.org/maven2/org/apache/maven/maven-settings/3.0/maven-settings-3.0.pom
[86306a0d-d93c-4497-8890-d20ab68187fd/build]   | [INFO] Downloaded from central: https://repo.maven.apache.org/maven2/org/apache/maven/maven-settings/3.0/maven-settings-3.0.pom (1.9 kB at 67 kB/s)
[86306a0d-d93c-4497-8890-d20ab68187fd/build]   | [INFO] Downloading from central: https://repo.maven.apache.org/maven2/org/apache/maven/maven-settings-builder/3.0/maven-settings-builder-3.0.pom
[86306a0d-d93c-4497-8890-d20ab68187fd/build]   | [INFO] Downloaded from central: https://repo.maven.apache.org/maven2/org/apache/maven/maven-settings-builder/3.0/maven-settings-builder-3.0.pom (2.2 kB at 35 kB/s)
[86306a0d-d93c-4497-8890-d20ab68187fd/build]   | [INFO] Downloading from central: https://repo.maven.apache.org/maven2/org/codehaus/plexus/plexus-interpolation/1.14/plexus-interpolation-1.14.pom
[86306a0d-d93c-4497-8890-d20ab68187fd/build]   | [INFO] Downloaded from central: https://repo.maven.apache.org/maven2/org/codehaus/plexus/plexus-interpolation/1.14/plexus-interpolation-1.14.pom (910 B at 51 kB/s)
[86306a0d-d93c-4497-8890-d20ab68187fd/build]   | [INFO] Downloading from central: https://repo.maven.apache.org/maven2/org/codehaus/plexus/plexus-components/1.1.18/plexus-components-1.1.18.pom
[86306a0d-d93c-4497-8890-d20ab68187fd/build]   | [INFO] Downloaded from central: https://repo.maven.apache.org/maven2/org/codehaus/plexus/plexus-components/1.1.18/plexus-components-1.1.18.pom (5.4 kB at 158 kB/s)
[86306a0d-d93c-4497-8890-d20ab68187fd/build]   | [INFO] Downloading from central: https://repo.maven.apache.org/maven2/org/sonatype/plexus/plexus-sec-dispatcher/1.3/plexus-sec-dispatcher-1.3.pom
[86306a0d-d93c-4497-8890-d20ab68187fd/build]   | [INFO] Downloaded from central: https://repo.maven.apache.org/maven2/org/sonatype/plexus/plexus-sec-dispatcher/1.3/plexus-sec-dispatcher-1.3.pom (3.0 kB at 10 kB/s)
[86306a0d-d93c-4497-8890-d20ab68187fd/build]   | [INFO] Downloading from central: https://repo.maven.apache.org/maven2/org/sonatype/spice/spice-parent/12/spice-parent-12.pom
[86306a0d-d93c-4497-8890-d20ab68187fd/build]   | [INFO] Downloaded from central: https://repo.maven.apache.org/maven2/org/sonatype/spice/spice-parent/12/spice-parent-12.pom (6.8 kB at 113 kB/s)
[86306a0d-d93c-4497-8890-d20ab68187fd/build]   | [INFO] Downloading from central: https://repo.maven.apache.org/maven2/org/sonatype/forge/forge-parent/4/forge-parent-4.pom
[86306a0d-d93c-4497-8890-d20ab68187fd/build]   | [INFO] Downloaded from central: https://repo.maven.apache.org/maven2/org/sonatype/forge/forge-parent/4/forge-parent-4.pom (8.4 kB at 183 kB/s)
[86306a0d-d93c-4497-8890-d20ab68187fd/build]   | [INFO] Downloading from central: https://repo.maven.apache.org/maven2/org/codehaus/plexus/plexus-utils/1.5.5/plexus-utils-1.5.5.pom
[86306a0d-d93c-4497-8890-d20ab68187fd/build]   | [INFO] Downloaded from central: https://repo.maven.apache.org/maven2/org/codehaus/plexus/plexus-utils/1.5.5/plexus-utils-1.5.5.pom (5.1 kB at 151 kB/s)
[86306a0d-d93c-4497-8890-d20ab68187fd/build]   | [INFO] Downloading from central: https://repo.maven.apache.org/maven2/org/sonatype/plexus/plexus-cipher/1.4/plexus-cipher-1.4.pom
[86306a0d-d93c-4497-8890-d20ab68187fd/build]   | [INFO] Downloaded from central: https://repo.maven.apache.org/maven2/org/sonatype/plexus/plexus-cipher/1.4/plexus-cipher-1.4.pom (2.1 kB at 109 kB/s)
[86306a0d-d93c-4497-8890-d20ab68187fd/build]   | [INFO] Downloading from central: https://repo.maven.apache.org/maven2/org/apache/maven/maven-repository-metadata/3.0/maven-repository-metadata-3.0.pom
[86306a0d-d93c-4497-8890-d20ab68187fd/build]   | [INFO] Downloaded from central: https://repo.maven.apache.org/maven2/org/apache/maven/maven-repository-metadata/3.0/maven-repository-metadata-3.0.pom (1.9 kB at 54 kB/s)
[86306a0d-d93c-4497-8890-d20ab68187fd/build]   | [INFO] Downloading from central: https://repo.maven.apache.org/maven2/org/apache/maven/maven-model-builder/3.0/maven-model-builder-3.0.pom
[86306a0d-d93c-4497-8890-d20ab68187fd/build]   | [INFO] Downloaded from central: https://repo.maven.apache.org/maven2/org/apache/maven/maven-model-builder/3.0/maven-model-builder-3.0.pom (2.2 kB at 86 kB/s)
[86306a0d-d93c-4497-8890-d20ab68187fd/build]   | [INFO] Downloading from central: https://repo.maven.apache.org/maven2/org/apache/maven/maven-aether-provider/3.0/maven-aether-provider-3.0.pom
[86306a0d-d93c-4497-8890-d20ab68187fd/build]   | [INFO] Downloaded from central: https://repo.maven.apache.org/maven2/org/apache/maven/maven-aether-provider/3.0/maven-aether-provider-3.0.pom (2.5 kB at 71 kB/s)
[86306a0d-d93c-4497-8890-d20ab68187fd/build]   | [INFO] Downloading from central: https://repo.maven.apache.org/maven2/org/sonatype/aether/aether-api/1.7/aether-api-1.7.pom
[86306a0d-d93c-4497-8890-d20ab68187fd/build]   | [INFO] Downloaded from central: https://repo.maven.apache.org/maven2/org/sonatype/aether/aether-api/1.7/aether-api-1.7.pom (1.7 kB at 25 kB/s)
[86306a0d-d93c-4497-8890-d20ab68187fd/build]   | [INFO] Downloading from central: https://repo.maven.apache.org/maven2/org/sonatype/aether/aether-parent/1.7/aether-parent-1.7.pom
[86306a0d-d93c-4497-8890-d20ab68187fd/build]   | [INFO] Downloaded from central: https://repo.maven.apache.org/maven2/org/sonatype/aether/aether-parent/1.7/aether-parent-1.7.pom (7.7 kB at 172 kB/s)
[86306a0d-d93c-4497-8890-d20ab68187fd/build]   | [INFO] Downloading from central: https://repo.maven.apache.org/maven2/org/sonatype/aether/aether-util/1.7/aether-util-1.7.pom
[86306a0d-d93c-4497-8890-d20ab68187fd/build]   | [INFO] Downloaded from central: https://repo.maven.apache.org/maven2/org/sonatype/aether/aether-util/1.7/aether-util-1.7.pom (2.1 kB at 103 kB/s)
[86306a0d-d93c-4497-8890-d20ab68187fd/build]   | [INFO] Downloading from central: https://repo.maven.apache.org/maven2/org/sonatype/aether/aether-impl/1.7/aether-impl-1.7.pom
[86306a0d-d93c-4497-8890-d20ab68187fd/build]   | [INFO] Downloaded from central: https://repo.maven.apache.org/maven2/org/sonatype/aether/aether-impl/1.7/aether-impl-1.7.pom (3.7 kB at 112 kB/s)
[86306a0d-d93c-4497-8890-d20ab68187fd/build]   | [INFO] Downloading from central: https://repo.maven.apache.org/maven2/org/sonatype/aether/aether-spi/1.7/aether-spi-1.7.pom
[86306a0d-d93c-4497-8890-d20ab68187fd/build]   | [INFO] Downloaded from central: https://repo.maven.apache.org/maven2/org/sonatype/aether/aether-spi/1.7/aether-spi-1.7.pom (1.7 kB at 44 kB/s)
[86306a0d-d93c-4497-8890-d20ab68187fd/build]   | [INFO] Downloading from central: https://repo.maven.apache.org/maven2/org/apache/maven/maven-toolchain/2.2.1/maven-toolchain-2.2.1.pom
[86306a0d-d93c-4497-8890-d20ab68187fd/build]   | [INFO] Downloaded from central: https://repo.maven.apache.org/maven2/org/apache/maven/maven-toolchain/2.2.1/maven-toolchain-2.2.1.pom (3.3 kB at 64 kB/s)
[86306a0d-d93c-4497-8890-d20ab68187fd/build]   | [INFO] Downloading from central: https://repo.maven.apache.org/maven2/org/apache/maven/maven/2.2.1/maven-2.2.1.pom
[86306a0d-d93c-4497-8890-d20ab68187fd/build]   | [INFO] Downloaded from central: https://repo.maven.apache.org/maven2/org/apache/maven/maven/2.2.1/maven-2.2.1.pom (22 kB at 311 kB/s)
[86306a0d-d93c-4497-8890-d20ab68187fd/build]   | [INFO] Downloading from central: https://repo.maven.apache.org/maven2/org/apache/maven/maven-parent/11/maven-parent-11.pom
[86306a0d-d93c-4497-8890-d20ab68187fd/build]   | [INFO] Downloaded from central: https://repo.maven.apache.org/maven2/org/apache/maven/maven-parent/11/maven-parent-11.pom (32 kB at 484 kB/s)
[86306a0d-d93c-4497-8890-d20ab68187fd/build]   | [INFO] Downloading from central: https://repo.maven.apache.org/maven2/org/apache/apache/5/apache-5.pom
[86306a0d-d93c-4497-8890-d20ab68187fd/build]   | [INFO] Downloaded from central: https://repo.maven.apache.org/maven2/org/apache/apache/5/apache-5.pom (4.1 kB at 141 kB/s)
[86306a0d-d93c-4497-8890-d20ab68187fd/build]   | [INFO] Downloading from central: https://repo.maven.apache.org/maven2/org/apache/maven/maven-core/2.2.1/maven-core-2.2.1.pom
[86306a0d-d93c-4497-8890-d20ab68187fd/build]   | [INFO] Downloaded from central: https://repo.maven.apache.org/maven2/org/apache/maven/maven-core/2.2.1/maven-core-2.2.1.pom (12 kB at 219 kB/s)
[86306a0d-d93c-4497-8890-d20ab68187fd/build]   | [INFO] Downloading from central: https://repo.maven.apache.org/maven2/org/apache/maven/maven-settings/2.2.1/maven-settings-2.2.1.pom
[86306a0d-d93c-4497-8890-d20ab68187fd/build]   | [INFO] Downloaded from central: https://repo.maven.apache.org/maven2/org/apache/maven/maven-settings/2.2.1/maven-settings-2.2.1.pom (2.2 kB at 78 kB/s)
[86306a0d-d93c-4497-8890-d20ab68187fd/build]   | [INFO] Downloading from central: https://repo.maven.apache.org/maven2/org/apache/maven/maven-model/2.2.1/maven-model-2.2.1.pom
[86306a0d-d93c-4497-8890-d20ab68187fd/build]   | [INFO] Downloaded from central: https://repo.maven.apache.org/maven2/org/apache/maven/maven-model/2.2.1/maven-model-2.2.1.pom (3.2 kB at 112 kB/s)
[86306a0d-d93c-4497-8890-d20ab68187fd/build]   | [INFO] Downloading from central: https://repo.maven.apache.org/maven2/org/codehaus/plexus/plexus-interpolation/1.11/plexus-interpolation-1.11.pom
[86306a0d-d93c-4497-8890-d20ab68187fd/build]   | [INFO] Downloaded from central: https://repo.maven.apache.org/maven2/org/codehaus/plexus/plexus-interpolation/1.11/plexus-interpolation-1.11.pom (889 B at 19 kB/s)
[86306a0d-d93c-4497-8890-d20ab68187fd/build]   | [INFO] Downloading from central: https://repo.maven.apache.org/maven2/org/apache/maven/maven-plugin-parameter-documenter/2.2.1/maven-plugin-parameter-documenter-2.2.1.pom
[86306a0d-d93c-4497-8890-d20ab68187fd/build]   | [INFO] Downloaded from central: https://repo.maven.apache.org/maven2/org/apache/maven/maven-plugin-parameter-documenter/2.2.1/maven-plugin-parameter-documenter-2.2.1.pom (2.0 kB at 75 kB/s)
[86306a0d-d93c-4497-8890-d20ab68187fd/build]   | [INFO] Downloading from central: https://repo.maven.apache.org/maven2/org/slf4j/slf4j-jdk14/1.5.6/slf4j-jdk14-1.5.6.pom
[86306a0d-d93c-4497-8890-d20ab68187fd/build]   | [INFO] Downloaded from central: https://repo.maven.apache.org/maven2/org/slf4j/slf4j-jdk14/1.5.6/slf4j-jdk14-1.5.6.pom (1.9 kB at 95 kB/s)
[86306a0d-d93c-4497-8890-d20ab68187fd/build]   | [INFO] Downloading from central: https://repo.maven.apache.org/maven2/org/slf4j/slf4j-parent/1.5.6/slf4j-parent-1.5.6.pom
[86306a0d-d93c-4497-8890-d20ab68187fd/build]   | [INFO] Downloaded from central: https://repo.maven.apache.org/maven2/org/slf4j/slf4j-parent/1.5.6/slf4j-parent-1.5.6.pom (7.9 kB at 273 kB/s)
[86306a0d-d93c-4497-8890-d20ab68187fd/build]   | [INFO] Downloading from central: https://repo.maven.apache.org/maven2/org/slf4j/slf4j-api/1.5.6/slf4j-api-1.5.6.pom
[86306a0d-d93c-4497-8890-d20ab68187fd/build]   | [INFO] Downloaded from central: https://repo.maven.apache.org/maven2/org/slf4j/slf4j-api/1.5.6/slf4j-api-1.5.6.pom (3.0 kB at 157 kB/s)
[86306a0d-d93c-4497-8890-d20ab68187fd/build]   | [INFO] Downloading from central: https://repo.maven.apache.org/maven2/org/slf4j/jcl-over-slf4j/1.5.6/jcl-over-slf4j-1.5.6.pom
[86306a0d-d93c-4497-8890-d20ab68187fd/build]   | [INFO] Downloaded from central: https://repo.maven.apache.org/maven2/org/slf4j/jcl-over-slf4j/1.5.6/jcl-over-slf4j-1.5.6.pom (2.2 kB at 77 kB/s)
[86306a0d-d93c-4497-8890-d20ab68187fd/build]   | [INFO] Downloading from central: https://repo.maven.apache.org/maven2/org/apache/maven/reporting/maven-reporting-api/2.2.1/maven-reporting-api-2.2.1.pom
[86306a0d-d93c-4497-8890-d20ab68187fd/build]   | [INFO] Downloaded from central: https://repo.maven.apache.org/maven2/org/apache/maven/reporting/maven-reporting-api/2.2.1/maven-reporting-api-2.2.1.pom (1.9 kB at 81 kB/s)
[86306a0d-d93c-4497-8890-d20ab68187fd/build]   | [INFO] Downloading from central: https://repo.maven.apache.org/maven2/org/apache/maven/reporting/maven-reporting/2.2.1/maven-reporting-2.2.1.pom
[86306a0d-d93c-4497-8890-d20ab68187fd/build]   | [INFO] Downloaded from central: https://repo.maven.apache.org/maven2/org/apache/maven/reporting/maven-reporting/2.2.1/maven-reporting-2.2.1.pom (1.4 kB at 63 kB/s)
[86306a0d-d93c-4497-8890-d20ab68187fd/build]   | [INFO] Downloading from central: https://repo.maven.apache.org/maven2/org/apache/maven/doxia/doxia-sink-api/1.1/doxia-sink-api-1.1.pom
[86306a0d-d93c-4497-8890-d20ab68187fd/build]   | [INFO] Downloaded from central: https://repo.maven.apache.org/maven2/org/apache/maven/doxia/doxia-sink-api/1.1/doxia-sink-api-1.1.pom (2.0 kB at 102 kB/s)
[86306a0d-d93c-4497-8890-d20ab68187fd/build]   | [INFO] Downloading from central: https://repo.maven.apache.org/maven2/org/apache/maven/doxia/doxia/1.1/doxia-1.1.pom
[86306a0d-d93c-4497-8890-d20ab68187fd/build]   | [INFO] Downloaded from central: https://repo.maven.apache.org/maven2/org/apache/maven/doxia/doxia/1.1/doxia-1.1.pom (15 kB at 379 kB/s)
[86306a0d-d93c-4497-8890-d20ab68187fd/build]   | [INFO] Downloading from central: https://repo.maven.apache.org/maven2/org/apache/maven/doxia/doxia-logging-api/1.1/doxia-logging-api-1.1.pom
[86306a0d-d93c-4497-8890-d20ab68187fd/build]   | [INFO] Downloaded from central: https://repo.maven.apache.org/maven2/org/apache/maven/doxia/doxia-logging-api/1.1/doxia-logging-api-1.1.pom (1.6 kB at 112 kB/s)
[86306a0d-d93c-4497-8890-d20ab68187fd/build]   | [INFO] Downloading from central: https://repo.maven.apache.org/maven2/org/codehaus/plexus/plexus-container-default/1.0-alpha-30/plexus-container-default-1.0-alpha-30.pom
[86306a0d-d93c-4497-8890-d20ab68187fd/build]   | [INFO] Downloaded from central: https://repo.maven.apache.org/maven2/org/codehaus/plexus/plexus-container-default/1.0-alpha-30/plexus-container-default-1.0-alpha-30.pom (3.5 kB at 232 kB/s)
[86306a0d-d93c-4497-8890-d20ab68187fd/build]   | [INFO] Downloading from central: https://repo.maven.apache.org/maven2/org/codehaus/plexus/plexus-containers/1.0-alpha-30/plexus-containers-1.0-alpha-30.pom
[86306a0d-d93c-4497-8890-d20ab68187fd/build]   | [INFO] Downloaded from central: https://repo.maven.apache.org/maven2/org/codehaus/plexus/plexus-containers/1.0-alpha-30/plexus-containers-1.0-alpha-30.pom (1.9 kB at 146 kB/s)
[86306a0d-d93c-4497-8890-d20ab68187fd/build]   | [INFO] Downloading from central: https://repo.maven.apache.org/maven2/org/codehaus/plexus/plexus-utils/1.4.5/plexus-utils-1.4.5.pom
[86306a0d-d93c-4497-8890-d20ab68187fd/build]   | [INFO] Downloaded from central: https://repo.maven.apache.org/maven2/org/codehaus/plexus/plexus-utils/1.4.5/plexus-utils-1.4.5.pom (2.3 kB at 87 kB/s)
[86306a0d-d93c-4497-8890-d20ab68187fd/build]   | [INFO] Downloading from central: https://repo.maven.apache.org/maven2/org/codehaus/plexus/plexus-classworlds/1.2-alpha-9/plexus-classworlds-1.2-alpha-9.pom
[86306a0d-d93c-4497-8890-d20ab68187fd/build]   | [INFO] Downloaded from central: https://repo.maven.apache.org/maven2/org/codehaus/plexus/plexus-classworlds/1.2-alpha-9/plexus-classworlds-1.2-alpha-9.pom (3.2 kB at 190 kB/s)
[86306a0d-d93c-4497-8890-d20ab68187fd/build]   | [INFO] Downloading from central: https://repo.maven.apache.org/maven2/org/codehaus/plexus/plexus/1.0.10/plexus-1.0.10.pom
[86306a0d-d93c-4497-8890-d20ab68187fd/build]   | [INFO] Downloaded from central: https://repo.maven.apache.org/maven2/org/codehaus/plexus/plexus/1.0.10/plexus-1.0.10.pom (8.2 kB at 165 kB/s)
[86306a0d-d93c-4497-8890-d20ab68187fd/build]   | [INFO] Downloading from central: https://repo.maven.apache.org/maven2/org/apache/maven/maven-profile/2.2.1/maven-profile-2.2.1.pom
[86306a0d-d93c-4497-8890-d20ab68187fd/build]   | [INFO] Downloaded from central: https://repo.maven.apache.org/maven2/org/apache/maven/maven-profile/2.2.1/maven-profile-2.2.1.pom (2.2 kB at 80 kB/s)
[86306a0d-d93c-4497-8890-d20ab68187fd/build]   | [INFO] Downloading from central: https://repo.maven.apache.org/maven2/org/apache/maven/maven-artifact/2.2.1/maven-artifact-2.2.1.pom
[86306a0d-d93c-4497-8890-d20ab68187fd/build]   | [INFO] Downloaded from central: https://repo.maven.apache.org/maven2/org/apache/maven/maven-artifact/2.2.1/maven-artifact-2.2.1.pom (1.6 kB at 113 kB/s)
[86306a0d-d93c-4497-8890-d20ab68187fd/build]   | [INFO] Downloading from central: https://repo.maven.apache.org/maven2/org/apache/maven/maven-repository-metadata/2.2.1/maven-repository-metadata-2.2.1.pom
[86306a0d-d93c-4497-8890-d20ab68187fd/build]   | [INFO] Downloaded from central: https://repo.maven.apache.org/maven2/org/apache/maven/maven-repository-metadata/2.2.1/maven-repository-metadata-2.2.1.pom (1.9 kB at 125 kB/s)
[86306a0d-d93c-4497-8890-d20ab68187fd/build]   | [INFO] Downloading from central: https://repo.maven.apache.org/maven2/org/apache/maven/maven-error-diagnostics/2.2.1/maven-error-diagnostics-2.2.1.pom
[86306a0d-d93c-4497-8890-d20ab68187fd/build]   | [INFO] Downloaded from central: https://repo.maven.apache.org/maven2/org/apache/maven/maven-error-diagnostics/2.2.1/maven-error-diagnostics-2.2.1.pom (1.7 kB at 68 kB/s)
[86306a0d-d93c-4497-8890-d20ab68187fd/build]   | [INFO] Downloading from central: https://repo.maven.apache.org/maven2/org/apache/maven/maven-project/2.2.1/maven-project-2.2.1.pom
[86306a0d-d93c-4497-8890-d20ab68187fd/build]   | [INFO] Downloaded from central: https://repo.maven.apache.org/maven2/org/apache/maven/maven-project/2.2.1/maven-project-2.2.1.pom (2.8 kB at 185 kB/s)
[86306a0d-d93c-4497-8890-d20ab68187fd/build]   | [INFO] Downloading from central: https://repo.maven.apache.org/maven2/org/apache/maven/maven-artifact-manager/2.2.1/maven-artifact-manager-2.2.1.pom
[86306a0d-d93c-4497-8890-d20ab68187fd/build]   | [INFO] Downloaded from central: https://repo.maven.apache.org/maven2/org/apache/maven/maven-artifact-manager/2.2.1/maven-artifact-manager-2.2.1.pom (3.1 kB at 141 kB/s)
[86306a0d-d93c-4497-8890-d20ab68187fd/build]   | [INFO] Downloading from central: https://repo.maven.apache.org/maven2/backport-util-concurrent/backport-util-concurrent/3.1/backport-util-concurrent-3.1.pom
[86306a0d-d93c-4497-8890-d20ab68187fd/build]   | [INFO] Downloaded from central: https://repo.maven.apache.org/maven2/backport-util-concurrent/backport-util-concurrent/3.1/backport-util-concurrent-3.1.pom (880 B at 63 kB/s)
[86306a0d-d93c-4497-8890-d20ab68187fd/build]   | [INFO] Downloading from central: https://repo.maven.apache.org/maven2/org/apache/maven/maven-plugin-registry/2.2.1/maven-plugin-registry-2.2.1.pom
[86306a0d-d93c-4497-8890-d20ab68187fd/build]   | [INFO] Downloaded from central: https://repo.maven.apache.org/maven2/org/apache/maven/maven-plugin-registry/2.2.1/maven-plugin-registry-2.2.1.pom (1.9 kB at 32 kB/s)
[86306a0d-d93c-4497-8890-d20ab68187fd/build]   | [INFO] Downloading from central: https://repo.maven.apache.org/maven2/commons-cli/commons-cli/1.2/commons-cli-1.2.pom
[86306a0d-d93c-4497-8890-d20ab68187fd/build]   | [INFO] Downloaded from central: https://repo.maven.apache.org/maven2/commons-cli/commons-cli/1.2/commons-cli-1.2.pom (8.0 kB at 235 kB/s)
[86306a0d-d93c-4497-8890-d20ab68187fd/build]   | [INFO] Downloading from central: https://repo.maven.apache.org/maven2/org/apache/commons/commons-parent/11/commons-parent-11.pom
[86306a0d-d93c-4497-8890-d20ab68187fd/build]   | [INFO] Downloaded from central: https://repo.maven.apache.org/maven2/org/apache/commons/commons-parent/11/commons-parent-11.pom (25 kB at 404 kB/s)
[86306a0d-d93c-4497-8890-d20ab68187fd/build]   | [INFO] Downloading from central: https://repo.maven.apache.org/maven2/org/apache/apache/4/apache-4.pom
[86306a0d-d93c-4497-8890-d20ab68187fd/build]   | [INFO] Downloaded from central: https://repo.maven.apache.org/maven2/org/apache/apache/4/apache-4.pom (4.5 kB at 161 kB/s)
[86306a0d-d93c-4497-8890-d20ab68187fd/build]   | [INFO] Downloading from central: https://repo.maven.apache.org/maven2/org/apache/maven/maven-plugin-api/2.2.1/maven-plugin-api-2.2.1.pom
[86306a0d-d93c-4497-8890-d20ab68187fd/build]   | [INFO] Downloaded from central: https://repo.maven.apache.org/maven2/org/apache/maven/maven-plugin-api/2.2.1/maven-plugin-api-2.2.1.pom (1.5 kB at 77 kB/s)
[86306a0d-d93c-4497-8890-d20ab68187fd/build]   | [INFO] Downloading from central: https://repo.maven.apache.org/maven2/org/apache/maven/maven-plugin-descriptor/2.2.1/maven-plugin-descriptor-2.2.1.pom
[86306a0d-d93c-4497-8890-d20ab68187fd/build]   | [INFO] Downloaded from central: https://repo.maven.apache.org/maven2/org/apache/maven/maven-plugin-descriptor/2.2.1/maven-plugin-descriptor-2.2.1.pom (2.1 kB at 45 kB/s)
[86306a0d-d93c-4497-8890-d20ab68187fd/build]   | [INFO] Downloading from central: https://repo.maven.apache.org/maven2/org/apache/maven/maven-monitor/2.2.1/maven-monitor-2.2.1.pom
[86306a0d-d93c-4497-8890-d20ab68187fd/build]   | [INFO] Downloaded from central: https://repo.maven.apache.org/maven2/org/apache/maven/maven-monitor/2.2.1/maven-monitor-2.2.1.pom (1.3 kB at 97 kB/s)
[86306a0d-d93c-4497-8890-d20ab68187fd/build]   | [INFO] Downloading from central: https://repo.maven.apache.org/maven2/org/apache/maven/shared/maven-shared-utils/3.0.0/maven-shared-utils-3.0.0.pom
[86306a0d-d93c-4497-8890-d20ab68187fd/build]   | [INFO] Downloaded from central: https://repo.maven.apache.org/maven2/org/apache/maven/shared/maven-shared-utils/3.0.0/maven-shared-utils-3.0.0.pom (5.6 kB at 186 kB/s)
[86306a0d-d93c-4497-8890-d20ab68187fd/build]   | [INFO] Downloading from central: https://repo.maven.apache.org/maven2/org/apache/maven/shared/maven-shared-components/21/maven-shared-components-21.pom
[86306a0d-d93c-4497-8890-d20ab68187fd/build]   | [INFO] Downloaded from central: https://repo.maven.apache.org/maven2/org/apache/maven/shared/maven-shared-components/21/maven-shared-components-21.pom (5.1 kB at 196 kB/s)
[86306a0d-d93c-4497-8890-d20ab68187fd/build]   | [INFO] Downloading from central: https://repo.maven.apache.org/maven2/org/apache/maven/maven-parent/25/maven-parent-25.pom
[86306a0d-d93c-4497-8890-d20ab68187fd/build]   | [INFO] Downloaded from central: https://repo.maven.apache.org/maven2/org/apache/maven/maven-parent/25/maven-parent-25.pom (37 kB at 486 kB/s)
[86306a0d-d93c-4497-8890-d20ab68187fd/build]   | [INFO] Downloading from central: https://repo.maven.apache.org/maven2/org/apache/apache/15/apache-15.pom
[86306a0d-d93c-4497-8890-d20ab68187fd/build]   | [INFO] Downloaded from central: https://repo.maven.apache.org/maven2/org/apache/apache/15/apache-15.pom (15 kB at 508 kB/s)
[86306a0d-d93c-4497-8890-d20ab68187fd/build]   | [INFO] Downloading from central: https://repo.maven.apache.org/maven2/commons-io/commons-io/2.4/commons-io-2.4.pom
[86306a0d-d93c-4497-8890-d20ab68187fd/build]   | [INFO] Downloaded from central: https://repo.maven.apache.org/maven2/commons-io/commons-io/2.4/commons-io-2.4.pom (10 kB at 221 kB/s)
[86306a0d-d93c-4497-8890-d20ab68187fd/build]   | [INFO] Downloading from central: https://repo.maven.apache.org/maven2/org/apache/commons/commons-parent/25/commons-parent-25.pom
[86306a0d-d93c-4497-8890-d20ab68187fd/build]   | [INFO] Downloaded from central: https://repo.maven.apache.org/maven2/org/apache/commons/commons-parent/25/commons-parent-25.pom (48 kB at 986 kB/s)
[86306a0d-d93c-4497-8890-d20ab68187fd/build]   | [INFO] Downloading from central: https://repo.maven.apache.org/maven2/org/apache/apache/9/apache-9.pom
[86306a0d-d93c-4497-8890-d20ab68187fd/build]   | [INFO] Downloaded from central: https://repo.maven.apache.org/maven2/org/apache/apache/9/apache-9.pom (15 kB at 659 kB/s)
[86306a0d-d93c-4497-8890-d20ab68187fd/build]   | [INFO] Downloading from central: https://repo.maven.apache.org/maven2/com/google/code/findbugs/jsr305/2.0.1/jsr305-2.0.1.pom
[86306a0d-d93c-4497-8890-d20ab68187fd/build]   | [INFO] Downloaded from central: https://repo.maven.apache.org/maven2/com/google/code/findbugs/jsr305/2.0.1/jsr305-2.0.1.pom (965 B at 60 kB/s)
[86306a0d-d93c-4497-8890-d20ab68187fd/build]   | [INFO] Downloading from central: https://repo.maven.apache.org/maven2/org/apache/maven/shared/maven-shared-incremental/1.1/maven-shared-incremental-1.1.pom
[86306a0d-d93c-4497-8890-d20ab68187fd/build]   | [INFO] Downloaded from central: https://repo.maven.apache.org/maven2/org/apache/maven/shared/maven-shared-incremental/1.1/maven-shared-incremental-1.1.pom (4.7 kB at 316 kB/s)
[86306a0d-d93c-4497-8890-d20ab68187fd/build]   | [INFO] Downloading from central: https://repo.maven.apache.org/maven2/org/apache/maven/shared/maven-shared-components/19/maven-shared-components-19.pom
[86306a0d-d93c-4497-8890-d20ab68187fd/build]   | [INFO] Downloaded from central: https://repo.maven.apache.org/maven2/org/apache/maven/shared/maven-shared-components/19/maven-shared-components-19.pom (6.4 kB at 424 kB/s)
[86306a0d-d93c-4497-8890-d20ab68187fd/build]   | [INFO] Downloading from central: https://repo.maven.apache.org/maven2/org/apache/maven/maven-parent/23/maven-parent-23.pom
[86306a0d-d93c-4497-8890-d20ab68187fd/build]   | [INFO] Downloaded from central: https://repo.maven.apache.org/maven2/org/apache/maven/maven-parent/23/maven-parent-23.pom (33 kB at 1.0 MB/s)
[86306a0d-d93c-4497-8890-d20ab68187fd/build]   | [INFO] Downloading from central: https://repo.maven.apache.org/maven2/org/apache/maven/shared/maven-shared-utils/0.1/maven-shared-utils-0.1.pom
[86306a0d-d93c-4497-8890-d20ab68187fd/build]   | [INFO] Downloaded from central: https://repo.maven.apache.org/maven2/org/apache/maven/shared/maven-shared-utils/0.1/maven-shared-utils-0.1.pom (4.0 kB at 150 kB/s)
[86306a0d-d93c-4497-8890-d20ab68187fd/build]   | [INFO] Downloading from central: https://repo.maven.apache.org/maven2/org/apache/maven/shared/maven-shared-components/18/maven-shared-components-18.pom
[86306a0d-d93c-4497-8890-d20ab68187fd/build]   | [INFO] Downloaded from central: https://repo.maven.apache.org/maven2/org/apache/maven/shared/maven-shared-components/18/maven-shared-components-18.pom (4.9 kB at 260 kB/s)
[86306a0d-d93c-4497-8890-d20ab68187fd/build]   | [INFO] Downloading from central: https://repo.maven.apache.org/maven2/org/codehaus/plexus/plexus-compiler-api/2.7/plexus-compiler-api-2.7.pom
[86306a0d-d93c-4497-8890-d20ab68187fd/build]   | [INFO] Downloaded from central: https://repo.maven.apache.org/maven2/org/codehaus/plexus/plexus-compiler-api/2.7/plexus-compiler-api-2.7.pom (891 B at 39 kB/s)
[86306a0d-d93c-4497-8890-d20ab68187fd/build]   | [INFO] Downloading from central: https://repo.maven.apache.org/maven2/org/codehaus/plexus/plexus-compiler/2.7/plexus-compiler-2.7.pom
[86306a0d-d93c-4497-8890-d20ab68187fd/build]   | [INFO] Downloaded from central: https://repo.maven.apache.org/maven2/org/codehaus/plexus/plexus-compiler/2.7/plexus-compiler-2.7.pom (4.9 kB at 224 kB/s)
[86306a0d-d93c-4497-8890-d20ab68187fd/build]   | [INFO] Downloading from central: https://repo.maven.apache.org/maven2/org/codehaus/plexus/plexus-components/4.0/plexus-components-4.0.pom
[86306a0d-d93c-4497-8890-d20ab68187fd/build]   | [INFO] Downloaded from central: https://repo.maven.apache.org/maven2/org/codehaus/plexus/plexus-components/4.0/plexus-components-4.0.pom (2.7 kB at 76 kB/s)
[86306a0d-d93c-4497-8890-d20ab68187fd/build]   | [INFO] Downloading from central: https://repo.maven.apache.org/maven2/org/codehaus/plexus/plexus/4.0/plexus-4.0.pom
[86306a0d-d93c-4497-8890-d20ab68187fd/build]   | [INFO] Downloaded from central: https://repo.maven.apache.org/maven2/org/codehaus/plexus/plexus/4.0/plexus-4.0.pom (22 kB at 467 kB/s)
[86306a0d-d93c-4497-8890-d20ab68187fd/build]   | [INFO] Downloading from central: https://repo.maven.apache.org/maven2/org/sonatype/forge/forge-parent/10/forge-parent-10.pom
[86306a0d-d93c-4497-8890-d20ab68187fd/build]   | [INFO] Downloaded from central: https://repo.maven.apache.org/maven2/org/sonatype/forge/forge-parent/10/forge-parent-10.pom (14 kB at 377 kB/s)
[86306a0d-d93c-4497-8890-d20ab68187fd/build]   | [INFO] Downloading from central: https://repo.maven.apache.org/maven2/org/codehaus/plexus/plexus-utils/3.0.22/plexus-utils-3.0.22.pom
[86306a0d-d93c-4497-8890-d20ab68187fd/build]   | [INFO] Downloaded from central: https://repo.maven.apache.org/maven2/org/codehaus/plexus/plexus-utils/3.0.22/plexus-utils-3.0.22.pom (3.8 kB at 160 kB/s)
[86306a0d-d93c-4497-8890-d20ab68187fd/build]   | [INFO] Downloading from central: https://repo.maven.apache.org/maven2/org/codehaus/plexus/plexus/3.3.1/plexus-3.3.1.pom
[86306a0d-d93c-4497-8890-d20ab68187fd/build]   | [INFO] Downloaded from central: https://repo.maven.apache.org/maven2/org/codehaus/plexus/plexus/3.3.1/plexus-3.3.1.pom (20 kB at 499 kB/s)
[86306a0d-d93c-4497-8890-d20ab68187fd/build]   | [INFO] Downloading from central: https://repo.maven.apache.org/maven2/org/sonatype/spice/spice-parent/17/spice-parent-17.pom
[86306a0d-d93c-4497-8890-d20ab68187fd/build]   | [INFO] Downloaded from central: https://repo.maven.apache.org/maven2/org/sonatype/spice/spice-parent/17/spice-parent-17.pom (6.8 kB at 322 kB/s)
[86306a0d-d93c-4497-8890-d20ab68187fd/build]   | [INFO] Downloading from central: https://repo.maven.apache.org/maven2/org/codehaus/plexus/plexus-compiler-manager/2.7/plexus-compiler-manager-2.7.pom
[86306a0d-d93c-4497-8890-d20ab68187fd/build]   | [INFO] Downloaded from central: https://repo.maven.apache.org/maven2/org/codehaus/plexus/plexus-compiler-manager/2.7/plexus-compiler-manager-2.7.pom (711 B at 47 kB/s)
[86306a0d-d93c-4497-8890-d20ab68187fd/build]   | [INFO] Downloading from central: https://repo.maven.apache.org/maven2/org/codehaus/plexus/plexus-compiler-javac/2.7/plexus-compiler-javac-2.7.pom
[86306a0d-d93c-4497-8890-d20ab68187fd/build]   | [INFO] Downloaded from central: https://repo.maven.apache.org/maven2/org/codehaus/plexus/plexus-compiler-javac/2.7/plexus-compiler-javac-2.7.pom (792 B at 47 kB/s)
[86306a0d-d93c-4497-8890-d20ab68187fd/build]   | [INFO] Downloading from central: https://repo.maven.apache.org/maven2/org/codehaus/plexus/plexus-compilers/2.7/plexus-compilers-2.7.pom
[86306a0d-d93c-4497-8890-d20ab68187fd/build]   | [INFO] Downloaded from central: https://repo.maven.apache.org/maven2/org/codehaus/plexus/plexus-compilers/2.7/plexus-compilers-2.7.pom (1.4 kB at 41 kB/s)
[86306a0d-d93c-4497-8890-d20ab68187fd/build]   | [INFO] Downloading from central: https://repo.maven.apache.org/maven2/org/apache/maven/maven-plugin-api/3.0/maven-plugin-api-3.0.jar
[86306a0d-d93c-4497-8890-d20ab68187fd/build]   | [INFO] Downloading from central: https://repo.maven.apache.org/maven2/org/apache/maven/maven-model/3.0/maven-model-3.0.jar
[86306a0d-d93c-4497-8890-d20ab68187fd/build]   | [INFO] Downloading from central: https://repo.maven.apache.org/maven2/org/sonatype/sisu/sisu-inject-plexus/1.4.2/sisu-inject-plexus-1.4.2.jar
[86306a0d-d93c-4497-8890-d20ab68187fd/build]   | [INFO] Downloading from central: https://repo.maven.apache.org/maven2/org/sonatype/sisu/sisu-inject-bean/1.4.2/sisu-inject-bean-1.4.2.jar
[86306a0d-d93c-4497-8890-d20ab68187fd/build]   | [INFO] Downloading from central: https://repo.maven.apache.org/maven2/org/sonatype/sisu/sisu-guice/2.1.7/sisu-guice-2.1.7-noaop.jar
[86306a0d-d93c-4497-8890-d20ab68187fd/build]   | [INFO] Downloaded from central: https://repo.maven.apache.org/maven2/org/apache/maven/maven-plugin-api/3.0/maven-plugin-api-3.0.jar (49 kB at 730 kB/s)
[86306a0d-d93c-4497-8890-d20ab68187fd/build]   | [INFO] Downloading from central: https://repo.maven.apache.org/maven2/org/apache/maven/maven-artifact/3.0/maven-artifact-3.0.jar
[86306a0d-d93c-4497-8890-d20ab68187fd/build]   | [INFO] Downloaded from central: https://repo.maven.apache.org/maven2/org/sonatype/sisu/sisu-inject-bean/1.4.2/sisu-inject-bean-1.4.2.jar (153 kB at 1.2 MB/s)
[86306a0d-d93c-4497-8890-d20ab68187fd/build]   | [INFO] Downloading from central: https://repo.maven.apache.org/maven2/org/codehaus/plexus/plexus-utils/2.0.4/plexus-utils-2.0.4.jar
[86306a0d-d93c-4497-8890-d20ab68187fd/build]   | [INFO] Downloaded from central: https://repo.maven.apache.org/maven2/org/apache/maven/maven-artifact/3.0/maven-artifact-3.0.jar (52 kB at 415 kB/s)
[86306a0d-d93c-4497-8890-d20ab68187fd/build]   | [INFO] Downloading from central: https://repo.maven.apache.org/maven2/org/apache/maven/maven-core/3.0/maven-core-3.0.jar
[86306a0d-d93c-4497-8890-d20ab68187fd/build]   | [INFO] Downloaded from central: https://repo.maven.apache.org/maven2/org/apache/maven/maven-model/3.0/maven-model-3.0.jar (165 kB at 1.3 MB/s)
[86306a0d-d93c-4497-8890-d20ab68187fd/build]   | [INFO] Downloading from central: https://repo.maven.apache.org/maven2/org/apache/maven/maven-settings/3.0/maven-settings-3.0.jar
[86306a0d-d93c-4497-8890-d20ab68187fd/build]   | [INFO] Downloaded from central: https://repo.maven.apache.org/maven2/org/sonatype/sisu/sisu-inject-plexus/1.4.2/sisu-inject-plexus-1.4.2.jar (202 kB at 1.2 MB/s)
[86306a0d-d93c-4497-8890-d20ab68187fd/build]   | [INFO] Downloading from central: https://repo.maven.apache.org/maven2/org/apache/maven/maven-settings-builder/3.0/maven-settings-builder-3.0.jar
[86306a0d-d93c-4497-8890-d20ab68187fd/build]   | [INFO] Downloaded from central: https://repo.maven.apache.org/maven2/org/apache/maven/maven-settings-builder/3.0/maven-settings-builder-3.0.jar (38 kB at 188 kB/s)
[86306a0d-d93c-4497-8890-d20ab68187fd/build]   | [INFO] Downloaded from central: https://repo.maven.apache.org/maven2/org/sonatype/sisu/sisu-guice/2.1.7/sisu-guice-2.1.7-noaop.jar (472 kB at 2.3 MB/s)
[86306a0d-d93c-4497-8890-d20ab68187fd/build]   | [INFO] Downloading from central: https://repo.maven.apache.org/maven2/org/apache/maven/maven-repository-metadata/3.0/maven-repository-metadata-3.0.jar
[86306a0d-d93c-4497-8890-d20ab68187fd/build]   | [INFO] Downloading from central: https://repo.maven.apache.org/maven2/org/apache/maven/maven-model-builder/3.0/maven-model-builder-3.0.jar
[86306a0d-d93c-4497-8890-d20ab68187fd/build]   | [INFO] Downloaded from central: https://repo.maven.apache.org/maven2/org/apache/maven/maven-settings/3.0/maven-settings-3.0.jar (47 kB at 230 kB/s)
[86306a0d-d93c-4497-8890-d20ab68187fd/build]   | [INFO] Downloading from central: https://repo.maven.apache.org/maven2/org/apache/maven/maven-aether-provider/3.0/maven-aether-provider-3.0.jar
[86306a0d-d93c-4497-8890-d20ab68187fd/build]   | [INFO] Downloaded from central: https://repo.maven.apache.org/maven2/org/apache/maven/maven-repository-metadata/3.0/maven-repository-metadata-3.0.jar (30 kB at 126 kB/s)
[86306a0d-d93c-4497-8890-d20ab68187fd/build]   | [INFO] Downloading from central: https://repo.maven.apache.org/maven2/org/sonatype/aether/aether-impl/1.7/aether-impl-1.7.jar
[86306a0d-d93c-4497-8890-d20ab68187fd/build]   | [INFO] Downloaded from central: https://repo.maven.apache.org/maven2/org/apache/maven/maven-model-builder/3.0/maven-model-builder-3.0.jar (148 kB at 611 kB/s)
[86306a0d-d93c-4497-8890-d20ab68187fd/build]   | [INFO] Downloading from central: https://repo.maven.apache.org/maven2/org/sonatype/aether/aether-spi/1.7/aether-spi-1.7.jar
[86306a0d-d93c-4497-8890-d20ab68187fd/build]   | [INFO] Downloaded from central: https://repo.maven.apache.org/maven2/org/apache/maven/maven-aether-provider/3.0/maven-aether-provider-3.0.jar (51 kB at 211 kB/s)
[86306a0d-d93c-4497-8890-d20ab68187fd/build]   | [INFO] Downloading from central: https://repo.maven.apache.org/maven2/org/sonatype/aether/aether-api/1.7/aether-api-1.7.jar
[86306a0d-d93c-4497-8890-d20ab68187fd/build]   | [INFO] Downloaded from central: https://repo.maven.apache.org/maven2/org/apache/maven/maven-core/3.0/maven-core-3.0.jar (527 kB at 2.1 MB/s)
[86306a0d-d93c-4497-8890-d20ab68187fd/build]   | [INFO] Downloading from central: https://repo.maven.apache.org/maven2/org/sonatype/aether/aether-util/1.7/aether-util-1.7.jar
[86306a0d-d93c-4497-8890-d20ab68187fd/build]   | [INFO] Downloaded from central: https://repo.maven.apache.org/maven2/org/codehaus/plexus/plexus-utils/2.0.4/plexus-utils-2.0.4.jar (222 kB at 878 kB/s)
[86306a0d-d93c-4497-8890-d20ab68187fd/build]   | [INFO] Downloading from central: https://repo.maven.apache.org/maven2/org/codehaus/plexus/plexus-interpolation/1.14/plexus-interpolation-1.14.jar
[86306a0d-d93c-4497-8890-d20ab68187fd/build]   | [INFO] Downloaded from central: https://repo.maven.apache.org/maven2/org/sonatype/aether/aether-spi/1.7/aether-spi-1.7.jar (14 kB at 51 kB/s)
[86306a0d-d93c-4497-8890-d20ab68187fd/build]   | [INFO] Downloading from central: https://repo.maven.apache.org/maven2/org/codehaus/plexus/plexus-classworlds/2.2.3/plexus-classworlds-2.2.3.jar
[86306a0d-d93c-4497-8890-d20ab68187fd/build]   | [INFO] Downloaded from central: https://repo.maven.apache.org/maven2/org/sonatype/aether/aether-impl/1.7/aether-impl-1.7.jar (106 kB at 386 kB/s)
[86306a0d-d93c-4497-8890-d20ab68187fd/build]   | [INFO] Downloading from central: https://repo.maven.apache.org/maven2/org/codehaus/plexus/plexus-component-annotations/1.5.5/plexus-component-annotations-1.5.5.jar
[86306a0d-d93c-4497-8890-d20ab68187fd/build]   | [INFO] Downloaded from central: https://repo.maven.apache.org/maven2/org/codehaus/plexus/plexus-interpolation/1.14/plexus-interpolation-1.14.jar (61 kB at 222 kB/s)
[86306a0d-d93c-4497-8890-d20ab68187fd/build]   | [INFO] Downloading from central: https://repo.maven.apache.org/maven2/org/sonatype/plexus/plexus-sec-dispatcher/1.3/plexus-sec-dispatcher-1.3.jar
[86306a0d-d93c-4497-8890-d20ab68187fd/build]   | [INFO] Downloaded from central: https://repo.maven.apache.org/maven2/org/codehaus/plexus/plexus-classworlds/2.2.3/plexus-classworlds-2.2.3.jar (46 kB at 158 kB/s)
[86306a0d-d93c-4497-8890-d20ab68187fd/build]   | [INFO] Downloaded from central: https://repo.maven.apache.org/maven2/org/codehaus/plexus/plexus-component-annotations/1.5.5/plexus-component-annotations-1.5.5.jar (4.2 kB at 14 kB/s)
[86306a0d-d93c-4497-8890-d20ab68187fd/build]   | [INFO] Downloaded from central: https://repo.maven.apache.org/maven2/org/sonatype/plexus/plexus-sec-dispatcher/1.3/plexus-sec-dispatcher-1.3.jar (29 kB at 98 kB/s)
[86306a0d-d93c-4497-8890-d20ab68187fd/build]   | [INFO] Downloading from central: https://repo.maven.apache.org/maven2/org/apache/maven/maven-toolchain/2.2.1/maven-toolchain-2.2.1.jar
[86306a0d-d93c-4497-8890-d20ab68187fd/build]   | [INFO] Downloading from central: https://repo.maven.apache.org/maven2/org/apache/maven/shared/maven-shared-utils/3.0.0/maven-shared-utils-3.0.0.jar
[86306a0d-d93c-4497-8890-d20ab68187fd/build]   | [INFO] Downloading from central: https://repo.maven.apache.org/maven2/org/sonatype/plexus/plexus-cipher/1.4/plexus-cipher-1.4.jar
[86306a0d-d93c-4497-8890-d20ab68187fd/build]   | [INFO] Downloaded from central: https://repo.maven.apache.org/maven2/org/sonatype/aether/aether-api/1.7/aether-api-1.7.jar (74 kB at 250 kB/s)
[86306a0d-d93c-4497-8890-d20ab68187fd/build]   | [INFO] Downloading from central: https://repo.maven.apache.org/maven2/commons-io/commons-io/2.4/commons-io-2.4.jar
[86306a0d-d93c-4497-8890-d20ab68187fd/build]   | [INFO] Downloaded from central: https://repo.maven.apache.org/maven2/org/apache/maven/maven-toolchain/2.2.1/maven-toolchain-2.2.1.jar (38 kB at 112 kB/s)
[86306a0d-d93c-4497-8890-d20ab68187fd/build]   | [INFO] Downloading from central: https://repo.maven.apache.org/maven2/com/google/code/findbugs/jsr305/2.0.1/jsr305-2.0.1.jar
[86306a0d-d93c-4497-8890-d20ab68187fd/build]   | [INFO] Downloaded from central: https://repo.maven.apache.org/maven2/org/sonatype/aether/aether-util/1.7/aether-util-1.7.jar (108 kB at 317 kB/s)
[86306a0d-d93c-4497-8890-d20ab68187fd/build]   | [INFO] Downloading from central: https://repo.maven.apache.org/maven2/org/apache/maven/shared/maven-shared-incremental/1.1/maven-shared-incremental-1.1.jar
[86306a0d-d93c-4497-8890-d20ab68187fd/build]   | [INFO] Downloaded from central: https://repo.maven.apache.org/maven2/org/sonatype/plexus/plexus-cipher/1.4/plexus-cipher-1.4.jar (13 kB at 39 kB/s)
[86306a0d-d93c-4497-8890-d20ab68187fd/build]   | [INFO] Downloading from central: https://repo.maven.apache.org/maven2/org/codehaus/plexus/plexus-compiler-api/2.7/plexus-compiler-api-2.7.jar
[86306a0d-d93c-4497-8890-d20ab68187fd/build]   | [INFO] Downloaded from central: https://repo.maven.apache.org/maven2/org/apache/maven/shared/maven-shared-utils/3.0.0/maven-shared-utils-3.0.0.jar (155 kB at 437 kB/s)
[86306a0d-d93c-4497-8890-d20ab68187fd/build]   | [INFO] Downloading from central: https://repo.maven.apache.org/maven2/org/codehaus/plexus/plexus-compiler-manager/2.7/plexus-compiler-manager-2.7.jar
[86306a0d-d93c-4497-8890-d20ab68187fd/build]   | [INFO] Downloaded from central: https://repo.maven.apache.org/maven2/commons-io/commons-io/2.4/commons-io-2.4.jar (185 kB at 519 kB/s)
[86306a0d-d93c-4497-8890-d20ab68187fd/build]   | [INFO] Downloading from central: https://repo.maven.apache.org/maven2/org/codehaus/plexus/plexus-compiler-javac/2.7/plexus-compiler-javac-2.7.jar
[86306a0d-d93c-4497-8890-d20ab68187fd/build]   | [INFO] Downloaded from central: https://repo.maven.apache.org/maven2/org/apache/maven/shared/maven-shared-incremental/1.1/maven-shared-incremental-1.1.jar (14 kB at 37 kB/s)
[86306a0d-d93c-4497-8890-d20ab68187fd/build]   | [INFO] Downloaded from central: https://repo.maven.apache.org/maven2/com/google/code/findbugs/jsr305/2.0.1/jsr305-2.0.1.jar (32 kB at 88 kB/s)
[86306a0d-d93c-4497-8890-d20ab68187fd/build]   | [INFO] Downloaded from central: https://repo.maven.apache.org/maven2/org/codehaus/plexus/plexus-compiler-api/2.7/plexus-compiler-api-2.7.jar (26 kB at 67 kB/s)
[86306a0d-d93c-4497-8890-d20ab68187fd/build]   | [INFO] Downloaded from central: https://repo.maven.apache.org/maven2/org/codehaus/plexus/plexus-compiler-javac/2.7/plexus-compiler-javac-2.7.jar (19 kB at 50 kB/s)
[86306a0d-d93c-4497-8890-d20ab68187fd/build]   | [INFO] Downloaded from central: https://repo.maven.apache.org/maven2/org/codehaus/plexus/plexus-compiler-manager/2.7/plexus-compiler-manager-2.7.jar (4.7 kB at 12 kB/s)
[86306a0d-d93c-4497-8890-d20ab68187fd/build]   | [INFO] Changes detected - recompiling the module!
[86306a0d-d93c-4497-8890-d20ab68187fd/build]   | [INFO] Compiling 16 source files to /tmp/dcf2de27-a8db-4b3d-bb21-a92ec5a0d400/target/classes
[86306a0d-d93c-4497-8890-d20ab68187fd/build]   | [WARNING] /tmp/dcf2de27-a8db-4b3d-bb21-a92ec5a0d400/src/main/java/com/walmartlabs/x12/exceptions/X12ParserException.java:[21,8] serializable class com.walmartlabs.x12.exceptions.X12ParserException has no definition of serialVersionUID
[86306a0d-d93c-4497-8890-d20ab68187fd/build]   | [INFO] 
[86306a0d-d93c-4497-8890-d20ab68187fd/build]   | [INFO] --- maven-resources-plugin:2.6:testResources (default-testResources) @ zuul ---
[86306a0d-d93c-4497-8890-d20ab68187fd/build]   | [WARNING] Using platform encoding (UTF-8 actually) to copy filtered resources, i.e. build is platform dependent!
[86306a0d-d93c-4497-8890-d20ab68187fd/build]   | [INFO] Copying 6 resources
[86306a0d-d93c-4497-8890-d20ab68187fd/build]   | [INFO] 
[86306a0d-d93c-4497-8890-d20ab68187fd/build]   | [INFO] --- maven-compiler-plugin:3.5.1:testCompile (default-testCompile) @ zuul ---
[86306a0d-d93c-4497-8890-d20ab68187fd/build]   | [INFO] Changes detected - recompiling the module!
[86306a0d-d93c-4497-8890-d20ab68187fd/build]   | [INFO] Compiling 9 source files to /tmp/dcf2de27-a8db-4b3d-bb21-a92ec5a0d400/target/test-classes
[86306a0d-d93c-4497-8890-d20ab68187fd/build]   | [INFO] 
[86306a0d-d93c-4497-8890-d20ab68187fd/build]   | [INFO] --- maven-surefire-plugin:2.12.4:test (default-test) @ zuul ---
[86306a0d-d93c-4497-8890-d20ab68187fd/build]   | [INFO] Downloading from central: https://repo.maven.apache.org/maven2/org/apache/maven/maven-plugin-api/2.0.9/maven-plugin-api-2.0.9.pom
[86306a0d-d93c-4497-8890-d20ab68187fd/build]   | [INFO] Downloaded from central: https://repo.maven.apache.org/maven2/org/apache/maven/maven-plugin-api/2.0.9/maven-plugin-api-2.0.9.pom (1.5 kB at 52 kB/s)
[86306a0d-d93c-4497-8890-d20ab68187fd/build]   | [INFO] Downloading from central: https://repo.maven.apache.org/maven2/org/apache/maven/maven/2.0.9/maven-2.0.9.pom
[86306a0d-d93c-4497-8890-d20ab68187fd/build]   | [INFO] Downloaded from central: https://repo.maven.apache.org/maven2/org/apache/maven/maven/2.0.9/maven-2.0.9.pom (19 kB at 573 kB/s)
[86306a0d-d93c-4497-8890-d20ab68187fd/build]   | [INFO] Downloading from central: https://repo.maven.apache.org/maven2/org/apache/maven/maven-parent/8/maven-parent-8.pom
[86306a0d-d93c-4497-8890-d20ab68187fd/build]   | [INFO] Downloaded from central: https://repo.maven.apache.org/maven2/org/apache/maven/maven-parent/8/maven-parent-8.pom (24 kB at 1.0 MB/s)
[86306a0d-d93c-4497-8890-d20ab68187fd/build]   | [INFO] Downloading from central: https://repo.maven.apache.org/maven2/org/apache/maven/surefire/surefire-booter/2.12.4/surefire-booter-2.12.4.pom
[86306a0d-d93c-4497-8890-d20ab68187fd/build]   | [INFO] Downloaded from central: https://repo.maven.apache.org/maven2/org/apache/maven/surefire/surefire-booter/2.12.4/surefire-booter-2.12.4.pom (3.0 kB at 202 kB/s)
[86306a0d-d93c-4497-8890-d20ab68187fd/build]   | [INFO] Downloading from central: https://repo.maven.apache.org/maven2/org/apache/maven/surefire/surefire-api/2.12.4/surefire-api-2.12.4.pom
[86306a0d-d93c-4497-8890-d20ab68187fd/build]   | [INFO] Downloaded from central: https://repo.maven.apache.org/maven2/org/apache/maven/surefire/surefire-api/2.12.4/surefire-api-2.12.4.pom (2.5 kB at 226 kB/s)
[86306a0d-d93c-4497-8890-d20ab68187fd/build]   | [INFO] Downloading from central: https://repo.maven.apache.org/maven2/org/apache/maven/surefire/maven-surefire-common/2.12.4/maven-surefire-common-2.12.4.pom
[86306a0d-d93c-4497-8890-d20ab68187fd/build]   | [INFO] Downloaded from central: https://repo.maven.apache.org/maven2/org/apache/maven/surefire/maven-surefire-common/2.12.4/maven-surefire-common-2.12.4.pom (5.5 kB at 614 kB/s)
[86306a0d-d93c-4497-8890-d20ab68187fd/build]   | [INFO] Downloading from central: https://repo.maven.apache.org/maven2/org/apache/maven/plugin-tools/maven-plugin-annotations/3.1/maven-plugin-annotations-3.1.pom
[86306a0d-d93c-4497-8890-d20ab68187fd/build]   | [INFO] Downloaded from central: https://repo.maven.apache.org/maven2/org/apache/maven/plugin-tools/maven-plugin-annotations/3.1/maven-plugin-annotations-3.1.pom (1.6 kB at 162 kB/s)
[86306a0d-d93c-4497-8890-d20ab68187fd/build]   | [INFO] Downloading from central: https://repo.maven.apache.org/maven2/org/apache/maven/plugin-tools/maven-plugin-tools/3.1/maven-plugin-tools-3.1.pom
[86306a0d-d93c-4497-8890-d20ab68187fd/build]   | [INFO] Downloaded from central: https://repo.maven.apache.org/maven2/org/apache/maven/plugin-tools/maven-plugin-tools/3.1/maven-plugin-tools-3.1.pom (16 kB at 462 kB/s)
[86306a0d-d93c-4497-8890-d20ab68187fd/build]   | [INFO] Downloading from central: https://repo.maven.apache.org/maven2/org/apache/maven/maven-artifact/2.0.9/maven-artifact-2.0.9.pom
[86306a0d-d93c-4497-8890-d20ab68187fd/build]   | [INFO] Downloaded from central: https://repo.maven.apache.org/maven2/org/apache/maven/maven-artifact/2.0.9/maven-artifact-2.0.9.pom (1.6 kB at 67 kB/s)
[86306a0d-d93c-4497-8890-d20ab68187fd/build]   | [INFO] Downloading from central: https://repo.maven.apache.org/maven2/org/codehaus/plexus/plexus-utils/3.0.8/plexus-utils-3.0.8.pom
[86306a0d-d93c-4497-8890-d20ab68187fd/build]   | [INFO] Downloaded from central: https://repo.maven.apache.org/maven2/org/codehaus/plexus/plexus-utils/3.0.8/plexus-utils-3.0.8.pom (3.1 kB at 150 kB/s)
[86306a0d-d93c-4497-8890-d20ab68187fd/build]   | [INFO] Downloading from central: https://repo.maven.apache.org/maven2/org/codehaus/plexus/plexus/3.2/plexus-3.2.pom
[86306a0d-d93c-4497-8890-d20ab68187fd/build]   | [INFO] Downloaded from central: https://repo.maven.apache.org/maven2/org/codehaus/plexus/plexus/3.2/plexus-3.2.pom (19 kB at 335 kB/s)
[86306a0d-d93c-4497-8890-d20ab68187fd/build]   | [INFO] Downloading from central: https://repo.maven.apache.org/maven2/org/apache/maven/maven-project/2.0.9/maven-project-2.0.9.pom
[86306a0d-d93c-4497-8890-d20ab68187fd/build]   | [INFO] Downloaded from central: https://repo.maven.apache.org/maven2/org/apache/maven/maven-project/2.0.9/maven-project-2.0.9.pom (2.7 kB at 118 kB/s)
[86306a0d-d93c-4497-8890-d20ab68187fd/build]   | [INFO] Downloading from central: https://repo.maven.apache.org/maven2/org/apache/maven/maven-settings/2.0.9/maven-settings-2.0.9.pom
[86306a0d-d93c-4497-8890-d20ab68187fd/build]   | [INFO] Downloaded from central: https://repo.maven.apache.org/maven2/org/apache/maven/maven-settings/2.0.9/maven-settings-2.0.9.pom (2.1 kB at 34 kB/s)
[86306a0d-d93c-4497-8890-d20ab68187fd/build]   | [INFO] Downloading from central: https://repo.maven.apache.org/maven2/org/apache/maven/maven-model/2.0.9/maven-model-2.0.9.pom
[86306a0d-d93c-4497-8890-d20ab68187fd/build]   | [INFO] Downloaded from central: https://repo.maven.apache.org/maven2/org/apache/maven/maven-model/2.0.9/maven-model-2.0.9.pom (3.1 kB at 131 kB/s)
[86306a0d-d93c-4497-8890-d20ab68187fd/build]   | [INFO] Downloading from central: https://repo.maven.apache.org/maven2/org/apache/maven/maven-profile/2.0.9/maven-profile-2.0.9.pom
[86306a0d-d93c-4497-8890-d20ab68187fd/build]   | [INFO] Downloaded from central: https://repo.maven.apache.org/maven2/org/apache/maven/maven-profile/2.0.9/maven-profile-2.0.9.pom (2.0 kB at 31 kB/s)
[86306a0d-d93c-4497-8890-d20ab68187fd/build]   | [INFO] Downloading from central: https://repo.maven.apache.org/maven2/org/apache/maven/maven-artifact-manager/2.0.9/maven-artifact-manager-2.0.9.pom
[86306a0d-d93c-4497-8890-d20ab68187fd/build]   | [INFO] Downloaded from central: https://repo.maven.apache.org/maven2/org/apache/maven/maven-artifact-manager/2.0.9/maven-artifact-manager-2.0.9.pom (2.7 kB at 142 kB/s)
[86306a0d-d93c-4497-8890-d20ab68187fd/build]   | [INFO] Downloading from central: https://repo.maven.apache.org/maven2/org/apache/maven/maven-repository-metadata/2.0.9/maven-repository-metadata-2.0.9.pom
[86306a0d-d93c-4497-8890-d20ab68187fd/build]   | [INFO] Downloaded from central: https://repo.maven.apache.org/maven2/org/apache/maven/maven-repository-metadata/2.0.9/maven-repository-metadata-2.0.9.pom (1.9 kB at 33 kB/s)
[86306a0d-d93c-4497-8890-d20ab68187fd/build]   | [INFO] Downloading from central: https://repo.maven.apache.org/maven2/org/apache/maven/maven-plugin-registry/2.0.9/maven-plugin-registry-2.0.9.pom
[86306a0d-d93c-4497-8890-d20ab68187fd/build]   | [INFO] Downloaded from central: https://repo.maven.apache.org/maven2/org/apache/maven/maven-plugin-registry/2.0.9/maven-plugin-registry-2.0.9.pom (2.0 kB at 55 kB/s)
[86306a0d-d93c-4497-8890-d20ab68187fd/build]   | [INFO] Downloading from central: https://repo.maven.apache.org/maven2/org/apache/maven/maven-core/2.0.9/maven-core-2.0.9.pom
[86306a0d-d93c-4497-8890-d20ab68187fd/build]   | [INFO] Downloaded from central: https://repo.maven.apache.org/maven2/org/apache/maven/maven-core/2.0.9/maven-core-2.0.9.pom (7.8 kB at 190 kB/s)
[86306a0d-d93c-4497-8890-d20ab68187fd/build]   | [INFO] Downloading from central: https://repo.maven.apache.org/maven2/org/apache/maven/maven-plugin-parameter-documenter/2.0.9/maven-plugin-parameter-documenter-2.0.9.pom
[86306a0d-d93c-4497-8890-d20ab68187fd/build]   | [INFO] Downloaded from central: https://repo.maven.apache.org/maven2/org/apache/maven/maven-plugin-parameter-documenter/2.0.9/maven-plugin-parameter-documenter-2.0.9.pom (2.0 kB at 76 kB/s)
[86306a0d-d93c-4497-8890-d20ab68187fd/build]   | [INFO] Downloading from central: https://repo.maven.apache.org/maven2/org/apache/maven/reporting/maven-reporting-api/2.0.9/maven-reporting-api-2.0.9.pom
[86306a0d-d93c-4497-8890-d20ab68187fd/build]   | [INFO] Downloaded from central: https://repo.maven.apache.org/maven2/org/apache/maven/reporting/maven-reporting-api/2.0.9/maven-reporting-api-2.0.9.pom (1.8 kB at 113 kB/s)
[86306a0d-d93c-4497-8890-d20ab68187fd/build]   | [INFO] Downloading from central: https://repo.maven.apache.org/maven2/org/apache/maven/reporting/maven-reporting/2.0.9/maven-reporting-2.0.9.pom
[86306a0d-d93c-4497-8890-d20ab68187fd/build]   | [INFO] Downloaded from central: https://repo.maven.apache.org/maven2/org/apache/maven/reporting/maven-reporting/2.0.9/maven-reporting-2.0.9.pom (1.5 kB at 74 kB/s)
[86306a0d-d93c-4497-8890-d20ab68187fd/build]   | [INFO] Downloading from central: https://repo.maven.apache.org/maven2/org/apache/maven/maven-error-diagnostics/2.0.9/maven-error-diagnostics-2.0.9.pom
[86306a0d-d93c-4497-8890-d20ab68187fd/build]   | [INFO] Downloaded from central: https://repo.maven.apache.org/maven2/org/apache/maven/maven-error-diagnostics/2.0.9/maven-error-diagnostics-2.0.9.pom (1.7 kB at 70 kB/s)
[86306a0d-d93c-4497-8890-d20ab68187fd/build]   | [INFO] Downloading from central: https://repo.maven.apache.org/maven2/org/apache/maven/maven-plugin-descriptor/2.0.9/maven-plugin-descriptor-2.0.9.pom
[86306a0d-d93c-4497-8890-d20ab68187fd/build]   | [INFO] Downloaded from central: https://repo.maven.apache.org/maven2/org/apache/maven/maven-plugin-descriptor/2.0.9/maven-plugin-descriptor-2.0.9.pom (2.1 kB at 52 kB/s)
[86306a0d-d93c-4497-8890-d20ab68187fd/build]   | [INFO] Downloading from central: https://repo.maven.apache.org/maven2/org/apache/maven/maven-monitor/2.0.9/maven-monitor-2.0.9.pom
[86306a0d-d93c-4497-8890-d20ab68187fd/build]   | [INFO] Downloaded from central: https://repo.maven.apache.org/maven2/org/apache/maven/maven-monitor/2.0.9/maven-monitor-2.0.9.pom (1.3 kB at 61 kB/s)
[86306a0d-d93c-4497-8890-d20ab68187fd/build]   | [INFO] Downloading from central: https://repo.maven.apache.org/maven2/org/apache/maven/maven-toolchain/2.0.9/maven-toolchain-2.0.9.pom
[86306a0d-d93c-4497-8890-d20ab68187fd/build]   | [INFO] Downloaded from central: https://repo.maven.apache.org/maven2/org/apache/maven/maven-toolchain/2.0.9/maven-toolchain-2.0.9.pom (3.5 kB at 58 kB/s)
[86306a0d-d93c-4497-8890-d20ab68187fd/build]   | [INFO] Downloading from central: https://repo.maven.apache.org/maven2/org/apache/commons/commons-lang3/3.1/commons-lang3-3.1.pom
[86306a0d-d93c-4497-8890-d20ab68187fd/build]   | [INFO] Downloaded from central: https://repo.maven.apache.org/maven2/org/apache/commons/commons-lang3/3.1/commons-lang3-3.1.pom (17 kB at 298 kB/s)
[86306a0d-d93c-4497-8890-d20ab68187fd/build]   | [INFO] Downloading from central: https://repo.maven.apache.org/maven2/org/apache/commons/commons-parent/22/commons-parent-22.pom
[86306a0d-d93c-4497-8890-d20ab68187fd/build]   | [INFO] Downloaded from central: https://repo.maven.apache.org/maven2/org/apache/commons/commons-parent/22/commons-parent-22.pom (42 kB at 806 kB/s)
[86306a0d-d93c-4497-8890-d20ab68187fd/build]   | [INFO] Downloading from central: https://repo.maven.apache.org/maven2/org/apache/maven/shared/maven-common-artifact-filters/1.3/maven-common-artifact-filters-1.3.pom
[86306a0d-d93c-4497-8890-d20ab68187fd/build]   | [INFO] Downloaded from central: https://repo.maven.apache.org/maven2/org/apache/maven/shared/maven-common-artifact-filters/1.3/maven-common-artifact-filters-1.3.pom (3.7 kB at 308 kB/s)
[86306a0d-d93c-4497-8890-d20ab68187fd/build]   | [INFO] Downloading from central: https://repo.maven.apache.org/maven2/org/apache/maven/shared/maven-shared-components/12/maven-shared-components-12.pom
[86306a0d-d93c-4497-8890-d20ab68187fd/build]   | [INFO] Downloaded from central: https://repo.maven.apache.org/maven2/org/apache/maven/shared/maven-shared-components/12/maven-shared-components-12.pom (9.3 kB at 389 kB/s)
[86306a0d-d93c-4497-8890-d20ab68187fd/build]   | [INFO] Downloading from central: https://repo.maven.apache.org/maven2/org/apache/maven/maven-parent/13/maven-parent-13.pom
[86306a0d-d93c-4497-8890-d20ab68187fd/build]   | [INFO] Downloaded from central: https://repo.maven.apache.org/maven2/org/apache/maven/maven-parent/13/maven-parent-13.pom (23 kB at 686 kB/s)
[86306a0d-d93c-4497-8890-d20ab68187fd/build]   | [INFO] Downloading from central: https://repo.maven.apache.org/maven2/org/codehaus/plexus/plexus-container-default/1.0-alpha-9/plexus-container-default-1.0-alpha-9.pom
[86306a0d-d93c-4497-8890-d20ab68187fd/build]   | [INFO] Downloaded from central: https://repo.maven.apache.org/maven2/org/codehaus/plexus/plexus-container-default/1.0-alpha-9/plexus-container-default-1.0-alpha-9.pom (1.2 kB at 62 kB/s)
[86306a0d-d93c-4497-8890-d20ab68187fd/build]   | [INFO] Downloading from central: https://repo.maven.apache.org/maven2/org/apache/maven/maven-plugin-api/2.0.9/maven-plugin-api-2.0.9.jar
[86306a0d-d93c-4497-8890-d20ab68187fd/build]   | [INFO] Downloading from central: https://repo.maven.apache.org/maven2/org/apache/maven/surefire/surefire-booter/2.12.4/surefire-booter-2.12.4.jar
[86306a0d-d93c-4497-8890-d20ab68187fd/build]   | [INFO] Downloading from central: https://repo.maven.apache.org/maven2/org/apache/maven/surefire/surefire-api/2.12.4/surefire-api-2.12.4.jar
[86306a0d-d93c-4497-8890-d20ab68187fd/build]   | [INFO] Downloading from central: https://repo.maven.apache.org/maven2/org/apache/maven/surefire/maven-surefire-common/2.12.4/maven-surefire-common-2.12.4.jar
[86306a0d-d93c-4497-8890-d20ab68187fd/build]   | [INFO] Downloading from central: https://repo.maven.apache.org/maven2/org/apache/commons/commons-lang3/3.1/commons-lang3-3.1.jar
[86306a0d-d93c-4497-8890-d20ab68187fd/build]   | [INFO] Downloaded from central: https://repo.maven.apache.org/maven2/org/apache/maven/maven-plugin-api/2.0.9/maven-plugin-api-2.0.9.jar (13 kB at 430 kB/s)
[86306a0d-d93c-4497-8890-d20ab68187fd/build]   | [INFO] Downloading from central: https://repo.maven.apache.org/maven2/org/apache/maven/shared/maven-common-artifact-filters/1.3/maven-common-artifact-filters-1.3.jar
[86306a0d-d93c-4497-8890-d20ab68187fd/build]   | [INFO] Downloaded from central: https://repo.maven.apache.org/maven2/org/apache/maven/surefire/surefire-booter/2.12.4/surefire-booter-2.12.4.jar (35 kB at 1.1 MB/s)
[86306a0d-d93c-4497-8890-d20ab68187fd/build]   | [INFO] Downloading from central: https://repo.maven.apache.org/maven2/org/codehaus/plexus/plexus-utils/3.0.8/plexus-utils-3.0.8.jar
[86306a0d-d93c-4497-8890-d20ab68187fd/build]   | [INFO] Downloaded from central: https://repo.maven.apache.org/maven2/org/apache/maven/surefire/surefire-api/2.12.4/surefire-api-2.12.4.jar (118 kB at 2.6 MB/s)
[86306a0d-d93c-4497-8890-d20ab68187fd/build]   | [INFO] Downloading from central: https://repo.maven.apache.org/maven2/org/apache/maven/maven-artifact/2.0.9/maven-artifact-2.0.9.jar
[86306a0d-d93c-4497-8890-d20ab68187fd/build]   | [INFO] Downloaded from central: https://repo.maven.apache.org/maven2/org/apache/maven/shared/maven-common-artifact-filters/1.3/maven-common-artifact-filters-1.3.jar (31 kB at 597 kB/s)
[86306a0d-d93c-4497-8890-d20ab68187fd/build]   | [INFO] Downloading from central: https://repo.maven.apache.org/maven2/org/apache/maven/maven-project/2.0.9/maven-project-2.0.9.jar
[86306a0d-d93c-4497-8890-d20ab68187fd/build]   | [INFO] Downloaded from central: https://repo.maven.apache.org/maven2/org/codehaus/plexus/plexus-utils/3.0.8/plexus-utils-3.0.8.jar (232 kB at 2.8 MB/s)
[86306a0d-d93c-4497-8890-d20ab68187fd/build]   | [INFO] Downloading from central: https://repo.maven.apache.org/maven2/org/apache/maven/maven-settings/2.0.9/maven-settings-2.0.9.jar
[86306a0d-d93c-4497-8890-d20ab68187fd/build]   | [INFO] Downloaded from central: https://repo.maven.apache.org/maven2/org/apache/maven/surefire/maven-surefire-common/2.12.4/maven-surefire-common-2.12.4.jar (263 kB at 3.0 MB/s)
[86306a0d-d93c-4497-8890-d20ab68187fd/build]   | [INFO] Downloading from central: https://repo.maven.apache.org/maven2/org/apache/maven/maven-profile/2.0.9/maven-profile-2.0.9.jar
[86306a0d-d93c-4497-8890-d20ab68187fd/build]   | [INFO] Downloaded from central: https://repo.maven.apache.org/maven2/org/apache/maven/maven-artifact/2.0.9/maven-artifact-2.0.9.jar (89 kB at 988 kB/s)
[86306a0d-d93c-4497-8890-d20ab68187fd/build]   | [INFO] Downloading from central: https://repo.maven.apache.org/maven2/org/apache/maven/maven-model/2.0.9/maven-model-2.0.9.jar
[86306a0d-d93c-4497-8890-d20ab68187fd/build]   | [INFO] Downloaded from central: https://repo.maven.apache.org/maven2/org/apache/maven/maven-settings/2.0.9/maven-settings-2.0.9.jar (49 kB at 463 kB/s)
[86306a0d-d93c-4497-8890-d20ab68187fd/build]   | [INFO] Downloading from central: https://repo.maven.apache.org/maven2/org/apache/maven/maven-artifact-manager/2.0.9/maven-artifact-manager-2.0.9.jar
[86306a0d-d93c-4497-8890-d20ab68187fd/build]   | [INFO] Downloaded from central: https://repo.maven.apache.org/maven2/org/apache/maven/maven-profile/2.0.9/maven-profile-2.0.9.jar (35 kB at 321 kB/s)
[86306a0d-d93c-4497-8890-d20ab68187fd/build]   | [INFO] Downloading from central: https://repo.maven.apache.org/maven2/org/apache/maven/maven-plugin-registry/2.0.9/maven-plugin-registry-2.0.9.jar
[86306a0d-d93c-4497-8890-d20ab68187fd/build]   | [INFO] Downloaded from central: https://repo.maven.apache.org/maven2/org/apache/commons/commons-lang3/3.1/commons-lang3-3.1.jar (316 kB at 2.8 MB/s)
[86306a0d-d93c-4497-8890-d20ab68187fd/build]   | [INFO] Downloading from central: https://repo.maven.apache.org/maven2/org/apache/maven/maven-core/2.0.9/maven-core-2.0.9.jar
[86306a0d-d93c-4497-8890-d20ab68187fd/build]   | [INFO] Downloaded from central: https://repo.maven.apache.org/maven2/org/apache/maven/maven-model/2.0.9/maven-model-2.0.9.jar (87 kB at 716 kB/s)
[86306a0d-d93c-4497-8890-d20ab68187fd/build]   | [INFO] Downloading from central: https://repo.maven.apache.org/maven2/org/apache/maven/maven-plugin-parameter-documenter/2.0.9/maven-plugin-parameter-documenter-2.0.9.jar
[86306a0d-d93c-4497-8890-d20ab68187fd/build]   | [INFO] Downloaded from central: https://repo.maven.apache.org/maven2/org/apache/maven/maven-project/2.0.9/maven-project-2.0.9.jar (122 kB at 930 kB/s)
[86306a0d-d93c-4497-8890-d20ab68187fd/build]   | [INFO] Downloading from central: https://repo.maven.apache.org/maven2/org/apache/maven/reporting/maven-reporting-api/2.0.9/maven-reporting-api-2.0.9.jar
[86306a0d-d93c-4497-8890-d20ab68187fd/build]   | [INFO] Downloaded from central: https://repo.maven.apache.org/maven2/org/apache/maven/maven-artifact-manager/2.0.9/maven-artifact-manager-2.0.9.jar (58 kB at 410 kB/s)
[86306a0d-d93c-4497-8890-d20ab68187fd/build]   | [INFO] Downloading from central: https://repo.maven.apache.org/maven2/org/apache/maven/maven-repository-metadata/2.0.9/maven-repository-metadata-2.0.9.jar
[86306a0d-d93c-4497-8890-d20ab68187fd/build]   | [INFO] Downloaded from central: https://repo.maven.apache.org/maven2/org/apache/maven/maven-plugin-parameter-documenter/2.0.9/maven-plugin-parameter-documenter-2.0.9.jar (21 kB at 143 kB/s)
[86306a0d-d93c-4497-8890-d20ab68187fd/build]   | [INFO] Downloading from central: https://repo.maven.apache.org/maven2/org/apache/maven/maven-error-diagnostics/2.0.9/maven-error-diagnostics-2.0.9.jar
[86306a0d-d93c-4497-8890-d20ab68187fd/build]   | [INFO] Downloaded from central: https://repo.maven.apache.org/maven2/org/apache/maven/reporting/maven-reporting-api/2.0.9/maven-reporting-api-2.0.9.jar (10 kB at 68 kB/s)
[86306a0d-d93c-4497-8890-d20ab68187fd/build]   | [INFO] Downloading from central: https://repo.maven.apache.org/maven2/org/apache/maven/maven-plugin-descriptor/2.0.9/maven-plugin-descriptor-2.0.9.jar
[86306a0d-d93c-4497-8890-d20ab68187fd/build]   | [INFO] Downloaded from central: https://repo.maven.apache.org/maven2/org/apache/maven/maven-plugin-registry/2.0.9/maven-plugin-registry-2.0.9.jar (29 kB at 188 kB/s)
[86306a0d-d93c-4497-8890-d20ab68187fd/build]   | [INFO] Downloaded from central: https://repo.maven.apache.org/maven2/org/apache/maven/maven-core/2.0.9/maven-core-2.0.9.jar (160 kB at 1.0 MB/s)
[86306a0d-d93c-4497-8890-d20ab68187fd/build]   | [INFO] Downloading from central: https://repo.maven.apache.org/maven2/org/apache/maven/maven-monitor/2.0.9/maven-monitor-2.0.9.jar
[86306a0d-d93c-4497-8890-d20ab68187fd/build]   | [INFO] Downloading from central: https://repo.maven.apache.org/maven2/org/apache/maven/maven-toolchain/2.0.9/maven-toolchain-2.0.9.jar
[86306a0d-d93c-4497-8890-d20ab68187fd/build]   | [INFO] Downloaded from central: https://repo.maven.apache.org/maven2/org/apache/maven/maven-error-diagnostics/2.0.9/maven-error-diagnostics-2.0.9.jar (14 kB at 85 kB/s)
[86306a0d-d93c-4497-8890-d20ab68187fd/build]   | [INFO] Downloading from central: https://repo.maven.apache.org/maven2/org/apache/maven/plugin-tools/maven-plugin-annotations/3.1/maven-plugin-annotations-3.1.jar
[86306a0d-d93c-4497-8890-d20ab68187fd/build]   | [INFO] Downloaded from central: https://repo.maven.apache.org/maven2/org/apache/maven/maven-repository-metadata/2.0.9/maven-repository-metadata-2.0.9.jar (25 kB at 151 kB/s)
[86306a0d-d93c-4497-8890-d20ab68187fd/build]   | [INFO] Downloaded from central: https://repo.maven.apache.org/maven2/org/apache/maven/maven-monitor/2.0.9/maven-monitor-2.0.9.jar (10 kB at 60 kB/s)
[86306a0d-d93c-4497-8890-d20ab68187fd/build]   | [INFO] Downloaded from central: https://repo.maven.apache.org/maven2/org/apache/maven/maven-plugin-descriptor/2.0.9/maven-plugin-descriptor-2.0.9.jar (37 kB at 215 kB/s)
[86306a0d-d93c-4497-8890-d20ab68187fd/build]   | [INFO] Downloaded from central: https://repo.maven.apache.org/maven2/org/apache/maven/plugin-tools/maven-plugin-annotations/3.1/maven-plugin-annotations-3.1.jar (14 kB at 77 kB/s)
[86306a0d-d93c-4497-8890-d20ab68187fd/build]   | [INFO] Downloaded from central: https://repo.maven.apache.org/maven2/org/apache/maven/maven-toolchain/2.0.9/maven-toolchain-2.0.9.jar (38 kB at 201 kB/s)
[86306a0d-d93c-4497-8890-d20ab68187fd/build]   | [INFO] Surefire report directory: /tmp/dcf2de27-a8db-4b3d-bb21-a92ec5a0d400/target/surefire-reports
[86306a0d-d93c-4497-8890-d20ab68187fd/build]   | [INFO] Downloading from central: https://repo.maven.apache.org/maven2/org/apache/maven/surefire/surefire-junit4/2.12.4/surefire-junit4-2.12.4.pom
[86306a0d-d93c-4497-8890-d20ab68187fd/build]   | [INFO] Downloaded from central: https://repo.maven.apache.org/maven2/org/apache/maven/surefire/surefire-junit4/2.12.4/surefire-junit4-2.12.4.pom (2.4 kB at 115 kB/s)
[86306a0d-d93c-4497-8890-d20ab68187fd/build]   | [INFO] Downloading from central: https://repo.maven.apache.org/maven2/org/apache/maven/surefire/surefire-providers/2.12.4/surefire-providers-2.12.4.pom
[86306a0d-d93c-4497-8890-d20ab68187fd/build]   | [INFO] Downloaded from central: https://repo.maven.apache.org/maven2/org/apache/maven/surefire/surefire-providers/2.12.4/surefire-providers-2.12.4.pom (2.3 kB at 60 kB/s)
[86306a0d-d93c-4497-8890-d20ab68187fd/build]   | [INFO] Downloading from central: https://repo.maven.apache.org/maven2/org/apache/maven/surefire/surefire-junit4/2.12.4/surefire-junit4-2.12.4.jar
[86306a0d-d93c-4497-8890-d20ab68187fd/build]   | [INFO] Downloaded from central: https://repo.maven.apache.org/maven2/org/apache/maven/surefire/surefire-junit4/2.12.4/surefire-junit4-2.12.4.jar (37 kB at 1.3 MB/s)
[86306a0d-d93c-4497-8890-d20ab68187fd/build]   | 
[86306a0d-d93c-4497-8890-d20ab68187fd/build]   | -------------------------------------------------------
[86306a0d-d93c-4497-8890-d20ab68187fd/build]   |  T E S T S
[86306a0d-d93c-4497-8890-d20ab68187fd/build]   | -------------------------------------------------------
[86306a0d-d93c-4497-8890-d20ab68187fd/build]   | Running com.walmartlabs.x12.dex.dx894.DefaultDex894ParserTest
[86306a0d-d93c-4497-8890-d20ab68187fd/build]   | [DXS*9251230013*DX*004010UCS*1*9254850000, ST*894*569145629, G82*D*569145629*051957769*002703*001184472*0000*20170822, LS*0100, G83*1*48*EA*001410008547****1.83, G72*090*02***-0.27*48*EA, LE*0100, G84*48*7488, G86*D91456290976, G85*8EC2, SE*10*569145629, ST*894*569145630, G82*D*569145630*051957769*002703*001184472*0000*20170822, LS*0100, G83*1*2*EA*001410004616****5.17, G72*090*02***-0.89*2*EA, LE*0100, G84*2*856, G86*C91456300976, G85*284B, SE*10*569145630, DXE*1*2]
[86306a0d-d93c-4497-8890-d20ab68187fd/build]   | 20:07:06.727 [main] DEBUG com.walmartlabs.x12.dex.dx894.DefaultDex894Parser - DXS
[86306a0d-d93c-4497-8890-d20ab68187fd/build]   | 20:07:06.732 [main] DEBUG com.walmartlabs.x12.dex.dx894.DefaultDex894Parser - parseDexTransaction:1
[86306a0d-d93c-4497-8890-d20ab68187fd/build]   | 20:07:06.732 [main] DEBUG com.walmartlabs.x12.dex.dx894.DefaultDex894Parser - ST
[86306a0d-d93c-4497-8890-d20ab68187fd/build]   | 20:07:06.733 [main] DEBUG com.walmartlabs.x12.dex.dx894.DefaultDex894Parser - G82
[86306a0d-d93c-4497-8890-d20ab68187fd/build]   | 20:07:06.733 [main] DEBUG com.walmartlabs.x12.dex.dx894.DefaultDex894Parser - parseDexTransactionLoop:3
[86306a0d-d93c-4497-8890-d20ab68187fd/build]   | 20:07:06.733 [main] DEBUG com.walmartlabs.x12.dex.dx894.DefaultDex894Parser - LS
[86306a0d-d93c-4497-8890-d20ab68187fd/build]   | 20:07:06.733 [main] DEBUG com.walmartlabs.x12.dex.dx894.DefaultDex894Parser - parseDexItem:4
[86306a0d-d93c-4497-8890-d20ab68187fd/build]   | 20:07:06.733 [main] DEBUG com.walmartlabs.x12.dex.dx894.DefaultDex894Parser - G83
[86306a0d-d93c-4497-8890-d20ab68187fd/build]   | 20:07:06.738 [main] DEBUG com.walmartlabs.x12.dex.dx894.DefaultDex894Parser - G72
[86306a0d-d93c-4497-8890-d20ab68187fd/build]   | 20:07:06.738 [main] DEBUG com.walmartlabs.x12.dex.dx894.DefaultDex894Parser - LE
[86306a0d-d93c-4497-8890-d20ab68187fd/build]   | 20:07:06.738 [main] DEBUG com.walmartlabs.x12.dex.dx894.DefaultDex894Parser - G84
[86306a0d-d93c-4497-8890-d20ab68187fd/build]   | 20:07:06.738 [main] DEBUG com.walmartlabs.x12.dex.dx894.DefaultDex894Parser - G86
[86306a0d-d93c-4497-8890-d20ab68187fd/build]   | 20:07:06.738 [main] DEBUG com.walmartlabs.x12.dex.dx894.DefaultDex894Parser - G85
[86306a0d-d93c-4497-8890-d20ab68187fd/build]   | 20:07:06.738 [main] DEBUG com.walmartlabs.x12.dex.dx894.DefaultDex894Parser - SE
[86306a0d-d93c-4497-8890-d20ab68187fd/build]   | 20:07:06.738 [main] DEBUG com.walmartlabs.x12.dex.dx894.DefaultDex894Parser - parseDexTransaction:11
[86306a0d-d93c-4497-8890-d20ab68187fd/build]   | 20:07:06.738 [main] DEBUG com.walmartlabs.x12.dex.dx894.DefaultDex894Parser - ST
[86306a0d-d93c-4497-8890-d20ab68187fd/build]   | 20:07:06.738 [main] DEBUG com.walmartlabs.x12.dex.dx894.DefaultDex894Parser - G82
[86306a0d-d93c-4497-8890-d20ab68187fd/build]   | 20:07:06.739 [main] DEBUG com.walmartlabs.x12.dex.dx894.DefaultDex894Parser - parseDexTransactionLoop:13
[86306a0d-d93c-4497-8890-d20ab68187fd/build]   | 20:07:06.739 [main] DEBUG com.walmartlabs.x12.dex.dx894.DefaultDex894Parser - LS
[86306a0d-d93c-4497-8890-d20ab68187fd/build]   | 20:07:06.739 [main] DEBUG com.walmartlabs.x12.dex.dx894.DefaultDex894Parser - parseDexItem:14
[86306a0d-d93c-4497-8890-d20ab68187fd/build]   | 20:07:06.739 [main] DEBUG com.walmartlabs.x12.dex.dx894.DefaultDex894Parser - G83
[86306a0d-d93c-4497-8890-d20ab68187fd/build]   | 20:07:06.739 [main] DEBUG com.walmartlabs.x12.dex.dx894.DefaultDex894Parser - G72
[86306a0d-d93c-4497-8890-d20ab68187fd/build]   | 20:07:06.739 [main] DEBUG com.walmartlabs.x12.dex.dx894.DefaultDex894Parser - LE
[86306a0d-d93c-4497-8890-d20ab68187fd/build]   | 20:07:06.739 [main] DEBUG com.walmartlabs.x12.dex.dx894.DefaultDex894Parser - G84
[86306a0d-d93c-4497-8890-d20ab68187fd/build]   | 20:07:06.739 [main] DEBUG com.walmartlabs.x12.dex.dx894.DefaultDex894Parser - G86
[86306a0d-d93c-4497-8890-d20ab68187fd/build]   | 20:07:06.739 [main] DEBUG com.walmartlabs.x12.dex.dx894.DefaultDex894Parser - G85
[86306a0d-d93c-4497-8890-d20ab68187fd/build]   | 20:07:06.739 [main] DEBUG com.walmartlabs.x12.dex.dx894.DefaultDex894Parser - SE
[86306a0d-d93c-4497-8890-d20ab68187fd/build]   | 20:07:06.740 [main] DEBUG com.walmartlabs.x12.dex.dx894.DefaultDex894Parser - DXE
[86306a0d-d93c-4497-8890-d20ab68187fd/build]   | [DXS*9251230013*DX*004010UCS*1*9254850000, ST*894*148303793, G82*D*148303793*051957769*6966*001184472*0013*20171109, LS*0100, G83*1*4*EA*001410008782****4.80, G72*090*02***-1.03*4*EA, G83*2*4*EA*001410008783****4.80, G72*090*02***-1.03*4*EA, G83*3*6*EA*001410007708****2.58, G72*090*02***-0.24*6*EA, G83*4*6*EA*001410007712****2.58, G72*090*02***-0.24*6*EA, G83*5*6*EA*001410007884****2.58, G72*090*02***-0.24*6*EA, G83*6*4*EA*001410009997****2.73, G72*090*02***-0.39*4*EA, G83*7*4*EA*001410007472****2.73, G72*090*02***-0.39*4*EA, G83*8*4*EA*001410007952****2.58, G72*090*02***-0.24*4*EA, G83*9*6*EA*001410008609****3.83, G83*10*6*EA*001410008610****3.83, G83*11*4*EA*001410008611****3.83, G83*12*8*EA*001410008548****1.83, G72*090*02***-0.27*8*EA, G83*13*8*EA*001410008835****2.28, G83*14*24*EA*001410008547****1.83, G72*090*02***-0.27*24*EA, G83*15*8*EA*001410008561****1.83, G72*090*02***-0.27*8*EA, G83*16*8*EA*001410008562****1.83, G72*090*02***-0.27*8*EA, G83*17*9*EA*001410008539****1.83, G72*090*02***-0.27*9*EA, G83*18*12*EA*001410009655****6.66, G72*090*02***-0.76*12*EA, G83*19*12*EA*001410009656****6.66, G72*090*02***-0.76*12*EA, LE*0100, G84*143*41040, G86*D83037938029, G85*A238, SE*42*148303793, DXE*1*1]
[86306a0d-d93c-4497-8890-d20ab68187fd/build]   | 20:07:06.748 [main] DEBUG com.walmartlabs.x12.dex.dx894.DefaultDex894Parser - DXS
[86306a0d-d93c-4497-8890-d20ab68187fd/build]   | 20:07:06.748 [main] DEBUG com.walmartlabs.x12.dex.dx894.DefaultDex894Parser - parseDexTransaction:1
[86306a0d-d93c-4497-8890-d20ab68187fd/build]   | 20:07:06.748 [main] DEBUG com.walmartlabs.x12.dex.dx894.DefaultDex894Parser - ST
[86306a0d-d93c-4497-8890-d20ab68187fd/build]   | 20:07:06.748 [main] DEBUG com.walmartlabs.x12.dex.dx894.DefaultDex894Parser - G82
[86306a0d-d93c-4497-8890-d20ab68187fd/build]   | 20:07:06.748 [main] DEBUG com.walmartlabs.x12.dex.dx894.DefaultDex894Parser - parseDexTransactionLoop:3
[86306a0d-d93c-4497-8890-d20ab68187fd/build]   | 20:07:06.748 [main] DEBUG com.walmartlabs.x12.dex.dx894.DefaultDex894Parser - LS
[86306a0d-d93c-4497-8890-d20ab68187fd/build]   | 20:07:06.748 [main] DEBUG com.walmartlabs.x12.dex.dx894.DefaultDex894Parser - parseDexItem:4
[86306a0d-d93c-4497-8890-d20ab68187fd/build]   | 20:07:06.748 [main] DEBUG com.walmartlabs.x12.dex.dx894.DefaultDex894Parser - G83
[86306a0d-d93c-4497-8890-d20ab68187fd/build]   | 20:07:06.748 [main] DEBUG com.walmartlabs.x12.dex.dx894.DefaultDex894Parser - G72
[86306a0d-d93c-4497-8890-d20ab68187fd/build]   | 20:07:06.748 [main] DEBUG com.walmartlabs.x12.dex.dx894.DefaultDex894Parser - parseDexItem:6
[86306a0d-d93c-4497-8890-d20ab68187fd/build]   | 20:07:06.748 [main] DEBUG com.walmartlabs.x12.dex.dx894.DefaultDex894Parser - G83
[86306a0d-d93c-4497-8890-d20ab68187fd/build]   | 20:07:06.749 [main] DEBUG com.walmartlabs.x12.dex.dx894.DefaultDex894Parser - G72
[86306a0d-d93c-4497-8890-d20ab68187fd/build]   | 20:07:06.749 [main] DEBUG com.walmartlabs.x12.dex.dx894.DefaultDex894Parser - parseDexItem:8
[86306a0d-d93c-4497-8890-d20ab68187fd/build]   | 20:07:06.749 [main] DEBUG com.walmartlabs.x12.dex.dx894.DefaultDex894Parser - G83
[86306a0d-d93c-4497-8890-d20ab68187fd/build]   | 20:07:06.749 [main] DEBUG com.walmartlabs.x12.dex.dx894.DefaultDex894Parser - G72
[86306a0d-d93c-4497-8890-d20ab68187fd/build]   | 20:07:06.749 [main] DEBUG com.walmartlabs.x12.dex.dx894.DefaultDex894Parser - parseDexItem:10
[86306a0d-d93c-4497-8890-d20ab68187fd/build]   | 20:07:06.749 [main] DEBUG com.walmartlabs.x12.dex.dx894.DefaultDex894Parser - G83
[86306a0d-d93c-4497-8890-d20ab68187fd/build]   | 20:07:06.749 [main] DEBUG com.walmartlabs.x12.dex.dx894.DefaultDex894Parser - G72
[86306a0d-d93c-4497-8890-d20ab68187fd/build]   | 20:07:06.749 [main] DEBUG com.walmartlabs.x12.dex.dx894.DefaultDex894Parser - parseDexItem:12
[86306a0d-d93c-4497-8890-d20ab68187fd/build]   | 20:07:06.749 [main] DEBUG com.walmartlabs.x12.dex.dx894.DefaultDex894Parser - G83
[86306a0d-d93c-4497-8890-d20ab68187fd/build]   | 20:07:06.749 [main] DEBUG com.walmartlabs.x12.dex.dx894.DefaultDex894Parser - G72
[86306a0d-d93c-4497-8890-d20ab68187fd/build]   | 20:07:06.749 [main] DEBUG com.walmartlabs.x12.dex.dx894.DefaultDex894Parser - parseDexItem:14
[86306a0d-d93c-4497-8890-d20ab68187fd/build]   | 20:07:06.749 [main] DEBUG com.walmartlabs.x12.dex.dx894.DefaultDex894Parser - G83
[86306a0d-d93c-4497-8890-d20ab68187fd/build]   | 20:07:06.749 [main] DEBUG com.walmartlabs.x12.dex.dx894.DefaultDex894Parser - G72
[86306a0d-d93c-4497-8890-d20ab68187fd/build]   | 20:07:06.750 [main] DEBUG com.walmartlabs.x12.dex.dx894.DefaultDex894Parser - parseDexItem:16
[86306a0d-d93c-4497-8890-d20ab68187fd/build]   | 20:07:06.750 [main] DEBUG com.walmartlabs.x12.dex.dx894.DefaultDex894Parser - G83
[86306a0d-d93c-4497-8890-d20ab68187fd/build]   | 20:07:06.750 [main] DEBUG com.walmartlabs.x12.dex.dx894.DefaultDex894Parser - G72
[86306a0d-d93c-4497-8890-d20ab68187fd/build]   | 20:07:06.750 [main] DEBUG com.walmartlabs.x12.dex.dx894.DefaultDex894Parser - parseDexItem:18
[86306a0d-d93c-4497-8890-d20ab68187fd/build]   | 20:07:06.750 [main] DEBUG com.walmartlabs.x12.dex.dx894.DefaultDex894Parser - G83
[86306a0d-d93c-4497-8890-d20ab68187fd/build]   | 20:07:06.750 [main] DEBUG com.walmartlabs.x12.dex.dx894.DefaultDex894Parser - G72
[86306a0d-d93c-4497-8890-d20ab68187fd/build]   | 20:07:06.750 [main] DEBUG com.walmartlabs.x12.dex.dx894.DefaultDex894Parser - parseDexItem:20
[86306a0d-d93c-4497-8890-d20ab68187fd/build]   | 20:07:06.750 [main] DEBUG com.walmartlabs.x12.dex.dx894.DefaultDex894Parser - G83
[86306a0d-d93c-4497-8890-d20ab68187fd/build]   | 20:07:06.750 [main] DEBUG com.walmartlabs.x12.dex.dx894.DefaultDex894Parser - parseDexItem:21
[86306a0d-d93c-4497-8890-d20ab68187fd/build]   | 20:07:06.750 [main] DEBUG com.walmartlabs.x12.dex.dx894.DefaultDex894Parser - G83
[86306a0d-d93c-4497-8890-d20ab68187fd/build]   | 20:07:06.750 [main] DEBUG com.walmartlabs.x12.dex.dx894.DefaultDex894Parser - parseDexItem:22
[86306a0d-d93c-4497-8890-d20ab68187fd/build]   | 20:07:06.750 [main] DEBUG com.walmartlabs.x12.dex.dx894.DefaultDex894Parser - G83
[86306a0d-d93c-4497-8890-d20ab68187fd/build]   | 20:07:06.750 [main] DEBUG com.walmartlabs.x12.dex.dx894.DefaultDex894Parser - parseDexItem:23
[86306a0d-d93c-4497-8890-d20ab68187fd/build]   | 20:07:06.750 [main] DEBUG com.walmartlabs.x12.dex.dx894.DefaultDex894Parser - G83
[86306a0d-d93c-4497-8890-d20ab68187fd/build]   | 20:07:06.751 [main] DEBUG com.walmartlabs.x12.dex.dx894.DefaultDex894Parser - G72
[86306a0d-d93c-4497-8890-d20ab68187fd/build]   | 20:07:06.751 [main] DEBUG com.walmartlabs.x12.dex.dx894.DefaultDex894Parser - parseDexItem:25
[86306a0d-d93c-4497-8890-d20ab68187fd/build]   | 20:07:06.751 [main] DEBUG com.walmartlabs.x12.dex.dx894.DefaultDex894Parser - G83
[86306a0d-d93c-4497-8890-d20ab68187fd/build]   | 20:07:06.751 [main] DEBUG com.walmartlabs.x12.dex.dx894.DefaultDex894Parser - parseDexItem:26
[86306a0d-d93c-4497-8890-d20ab68187fd/build]   | 20:07:06.751 [main] DEBUG com.walmartlabs.x12.dex.dx894.DefaultDex894Parser - G83
[86306a0d-d93c-4497-8890-d20ab68187fd/build]   | 20:07:06.751 [main] DEBUG com.walmartlabs.x12.dex.dx894.DefaultDex894Parser - G72
[86306a0d-d93c-4497-8890-d20ab68187fd/build]   | 20:07:06.751 [main] DEBUG com.walmartlabs.x12.dex.dx894.DefaultDex894Parser - parseDexItem:28
[86306a0d-d93c-4497-8890-d20ab68187fd/build]   | 20:07:06.751 [main] DEBUG com.walmartlabs.x12.dex.dx894.DefaultDex894Parser - G83
[86306a0d-d93c-4497-8890-d20ab68187fd/build]   | 20:07:06.751 [main] DEBUG com.walmartlabs.x12.dex.dx894.DefaultDex894Parser - G72
[86306a0d-d93c-4497-8890-d20ab68187fd/build]   | 20:07:06.751 [main] DEBUG com.walmartlabs.x12.dex.dx894.DefaultDex894Parser - parseDexItem:30
[86306a0d-d93c-4497-8890-d20ab68187fd/build]   | 20:07:06.751 [main] DEBUG com.walmartlabs.x12.dex.dx894.DefaultDex894Parser - G83
[86306a0d-d93c-4497-8890-d20ab68187fd/build]   | 20:07:06.751 [main] DEBUG com.walmartlabs.x12.dex.dx894.DefaultDex894Parser - G72
[86306a0d-d93c-4497-8890-d20ab68187fd/build]   | 20:07:06.751 [main] DEBUG com.walmartlabs.x12.dex.dx894.DefaultDex894Parser - parseDexItem:32
[86306a0d-d93c-4497-8890-d20ab68187fd/build]   | 20:07:06.751 [main] DEBUG com.walmartlabs.x12.dex.dx894.DefaultDex894Parser - G83
[86306a0d-d93c-4497-8890-d20ab68187fd/build]   | 20:07:06.751 [main] DEBUG com.walmartlabs.x12.dex.dx894.DefaultDex894Parser - G72
[86306a0d-d93c-4497-8890-d20ab68187fd/build]   | 20:07:06.752 [main] DEBUG com.walmartlabs.x12.dex.dx894.DefaultDex894Parser - parseDexItem:34
[86306a0d-d93c-4497-8890-d20ab68187fd/build]   | 20:07:06.752 [main] DEBUG com.walmartlabs.x12.dex.dx894.DefaultDex894Parser - G83
[86306a0d-d93c-4497-8890-d20ab68187fd/build]   | 20:07:06.752 [main] DEBUG com.walmartlabs.x12.dex.dx894.DefaultDex894Parser - G72
[86306a0d-d93c-4497-8890-d20ab68187fd/build]   | 20:07:06.752 [main] DEBUG com.walmartlabs.x12.dex.dx894.DefaultDex894Parser - parseDexItem:36
[86306a0d-d93c-4497-8890-d20ab68187fd/build]   | 20:07:06.752 [main] DEBUG com.walmartlabs.x12.dex.dx894.DefaultDex894Parser - G83
[86306a0d-d93c-4497-8890-d20ab68187fd/build]   | 20:07:06.752 [main] DEBUG com.walmartlabs.x12.dex.dx894.DefaultDex894Parser - G72
[86306a0d-d93c-4497-8890-d20ab68187fd/build]   | 20:07:06.752 [main] DEBUG com.walmartlabs.x12.dex.dx894.DefaultDex894Parser - LE
[86306a0d-d93c-4497-8890-d20ab68187fd/build]   | 20:07:06.752 [main] DEBUG com.walmartlabs.x12.dex.dx894.DefaultDex894Parser - G84
[86306a0d-d93c-4497-8890-d20ab68187fd/build]   | 20:07:06.752 [main] DEBUG com.walmartlabs.x12.dex.dx894.DefaultDex894Parser - G86
[86306a0d-d93c-4497-8890-d20ab68187fd/build]   | 20:07:06.752 [main] DEBUG com.walmartlabs.x12.dex.dx894.DefaultDex894Parser - G85
[86306a0d-d93c-4497-8890-d20ab68187fd/build]   | 20:07:06.752 [main] DEBUG com.walmartlabs.x12.dex.dx894.DefaultDex894Parser - SE
[86306a0d-d93c-4497-8890-d20ab68187fd/build]   | 20:07:06.752 [main] DEBUG com.walmartlabs.x12.dex.dx894.DefaultDex894Parser - DXE
[86306a0d-d93c-4497-8890-d20ab68187fd/build]   | 20:07:06.756 [main] DEBUG com.walmartlabs.x12.dex.dx894.DefaultDex894Parser - DXS
[86306a0d-d93c-4497-8890-d20ab68187fd/build]   | 20:07:06.757 [main] DEBUG com.walmartlabs.x12.dex.dx894.DefaultDex894Parser - parseDexTransaction:1
[86306a0d-d93c-4497-8890-d20ab68187fd/build]   | 20:07:06.757 [main] DEBUG com.walmartlabs.x12.dex.dx894.DefaultDex894Parser - ST
[86306a0d-d93c-4497-8890-d20ab68187fd/build]   | 20:07:06.757 [main] DEBUG com.walmartlabs.x12.dex.dx894.DefaultDex894Parser - G82
[86306a0d-d93c-4497-8890-d20ab68187fd/build]   | 20:07:06.757 [main] DEBUG com.walmartlabs.x12.dex.dx894.DefaultDex894Parser - parseDexTransactionLoop:3
[86306a0d-d93c-4497-8890-d20ab68187fd/build]   | 20:07:06.757 [main] DEBUG com.walmartlabs.x12.dex.dx894.DefaultDex894Parser - LS
[86306a0d-d93c-4497-8890-d20ab68187fd/build]   | 20:07:06.757 [main] DEBUG com.walmartlabs.x12.dex.dx894.DefaultDex894Parser - parseDexItem:4
[86306a0d-d93c-4497-8890-d20ab68187fd/build]   | 20:07:06.757 [main] DEBUG com.walmartlabs.x12.dex.dx894.DefaultDex894Parser - G83
[86306a0d-d93c-4497-8890-d20ab68187fd/build]   | 20:07:06.757 [main] DEBUG com.walmartlabs.x12.dex.dx894.DefaultDex894Parser - G72
[86306a0d-d93c-4497-8890-d20ab68187fd/build]   | 20:07:06.757 [main] DEBUG com.walmartlabs.x12.dex.dx894.DefaultDex894Parser - LE
[86306a0d-d93c-4497-8890-d20ab68187fd/build]   | 20:07:06.757 [main] DEBUG com.walmartlabs.x12.dex.dx894.DefaultDex894Parser - G84
[86306a0d-d93c-4497-8890-d20ab68187fd/build]   | 20:07:06.757 [main] DEBUG com.walmartlabs.x12.dex.dx894.DefaultDex894Parser - G86
[86306a0d-d93c-4497-8890-d20ab68187fd/build]   | 20:07:06.757 [main] DEBUG com.walmartlabs.x12.dex.dx894.DefaultDex894Parser - ST
[86306a0d-d93c-4497-8890-d20ab68187fd/build]   | Tests run: 18, Failures: 2, Errors: 0, Skipped: 0, Time elapsed: 0.206 sec <<< FAILURE!
[86306a0d-d93c-4497-8890-d20ab68187fd/build]   | testParsingShipment_empty(com.walmartlabs.x12.dex.dx894.DefaultDex894ParserTest)  Time elapsed: 0.005 sec  <<< FAILURE!
[86306a0d-d93c-4497-8890-d20ab68187fd/build]   | java.lang.AssertionError: expected null, but was:<com.walmartlabs.x12.dex.dx894.Dex894@f5f2bb7>
[86306a0d-d93c-4497-8890-d20ab68187fd/build]   | 	at org.junit.Assert.fail(Assert.java:88)
[86306a0d-d93c-4497-8890-d20ab68187fd/build]   | 	at org.junit.Assert.failNotNull(Assert.java:755)
[86306a0d-d93c-4497-8890-d20ab68187fd/build]   | 	at org.junit.Assert.assertNull(Assert.java:737)
[86306a0d-d93c-4497-8890-d20ab68187fd/build]   | 	at org.junit.Assert.assertNull(Assert.java:747)
[86306a0d-d93c-4497-8890-d20ab68187fd/build]   | 	at com.walmartlabs.x12.dex.dx894.DefaultDex894ParserTest.testParsingShipment_empty(DefaultDex894ParserTest.java:104)
[86306a0d-d93c-4497-8890-d20ab68187fd/build]   | 	at sun.reflect.NativeMethodAccessorImpl.invoke0(Native Method)
[86306a0d-d93c-4497-8890-d20ab68187fd/build]   | 	at sun.reflect.NativeMethodAccessorImpl.invoke(NativeMethodAccessorImpl.java:62)
[86306a0d-d93c-4497-8890-d20ab68187fd/build]   | 	at sun.reflect.DelegatingMethodAccessorImpl.invoke(DelegatingMethodAccessorImpl.java:43)
[86306a0d-d93c-4497-8890-d20ab68187fd/build]   | 	at java.lang.reflect.Method.invoke(Method.java:498)
[86306a0d-d93c-4497-8890-d20ab68187fd/build]   | 	at org.junit.runners.model.FrameworkMethod$1.runReflectiveCall(FrameworkMethod.java:50)
[86306a0d-d93c-4497-8890-d20ab68187fd/build]   | 	at org.junit.internal.runners.model.ReflectiveCallable.run(ReflectiveCallable.java:12)
[86306a0d-d93c-4497-8890-d20ab68187fd/build]   | 	at org.junit.runners.model.FrameworkMethod.invokeExplosively(FrameworkMethod.java:47)
[86306a0d-d93c-4497-8890-d20ab68187fd/build]   | 	at org.junit.internal.runners.statements.InvokeMethod.evaluate(InvokeMethod.java:17)
[86306a0d-d93c-4497-8890-d20ab68187fd/build]   | 	at org.junit.internal.runners.statements.RunBefores.evaluate(RunBefores.java:26)
[86306a0d-d93c-4497-8890-d20ab68187fd/build]   | 	at org.junit.runners.ParentRunner.runLeaf(ParentRunner.java:325)
[86306a0d-d93c-4497-8890-d20ab68187fd/build]   | 	at org.junit.runners.BlockJUnit4ClassRunner.runChild(BlockJUnit4ClassRunner.java:78)
[86306a0d-d93c-4497-8890-d20ab68187fd/build]   | 	at org.junit.runners.BlockJUnit4ClassRunner.runChild(BlockJUnit4ClassRunner.java:57)
[86306a0d-d93c-4497-8890-d20ab68187fd/build]   | 	at org.junit.runners.ParentRunner$3.run(ParentRunner.java:290)
[86306a0d-d93c-4497-8890-d20ab68187fd/build]   | 	at org.junit.runners.ParentRunner$1.schedule(ParentRunner.java:71)
[86306a0d-d93c-4497-8890-d20ab68187fd/build]   | 	at org.junit.runners.ParentRunner.runChildren(ParentRunner.java:288)
[86306a0d-d93c-4497-8890-d20ab68187fd/build]   | 	at org.junit.runners.ParentRunner.access$000(ParentRunner.java:58)
[86306a0d-d93c-4497-8890-d20ab68187fd/build]   | 	at org.junit.runners.ParentRunner$2.evaluate(ParentRunner.java:268)
[86306a0d-d93c-4497-8890-d20ab68187fd/build]   | 	at org.junit.runners.ParentRunner.run(ParentRunner.java:363)
[86306a0d-d93c-4497-8890-d20ab68187fd/build]   | 	at org.apache.maven.surefire.junit4.JUnit4Provider.execute(JUnit4Provider.java:252)
[86306a0d-d93c-4497-8890-d20ab68187fd/build]   | 	at org.apache.maven.surefire.junit4.JUnit4Provider.executeTestSet(JUnit4Provider.java:141)
[86306a0d-d93c-4497-8890-d20ab68187fd/build]   | 	at org.apache.maven.surefire.junit4.JUnit4Provider.invoke(JUnit4Provider.java:112)
[86306a0d-d93c-4497-8890-d20ab68187fd/build]   | 	at sun.reflect.NativeMethodAccessorImpl.invoke0(Native Method)
[86306a0d-d93c-4497-8890-d20ab68187fd/build]   | 	at sun.reflect.NativeMethodAccessorImpl.invoke(NativeMethodAccessorImpl.java:62)
[86306a0d-d93c-4497-8890-d20ab68187fd/build]   | 	at sun.reflect.DelegatingMethodAccessorImpl.invoke(DelegatingMethodAccessorImpl.java:43)
[86306a0d-d93c-4497-8890-d20ab68187fd/build]   | 	at java.lang.reflect.Method.invoke(Method.java:498)
[86306a0d-d93c-4497-8890-d20ab68187fd/build]   | 	at org.apache.maven.surefire.util.ReflectionUtils.invokeMethodWithArray(ReflectionUtils.java:189)
[86306a0d-d93c-4497-8890-d20ab68187fd/build]   | 	at org.apache.maven.surefire.booter.ProviderFactory$ProviderProxy.invoke(ProviderFactory.java:165)
[86306a0d-d93c-4497-8890-d20ab68187fd/build]   | 	at org.apache.maven.surefire.booter.ProviderFactory.invokeProvider(ProviderFactory.java:85)
[86306a0d-d93c-4497-8890-d20ab68187fd/build]   | 	at org.apache.maven.surefire.booter.ForkedBooter.runSuitesInProcess(ForkedBooter.java:115)
[86306a0d-d93c-4497-8890-d20ab68187fd/build]   | 	at org.apache.maven.surefire.booter.ForkedBooter.main(ForkedBooter.java:75)
[86306a0d-d93c-4497-8890-d20ab68187fd/build]   | 
[86306a0d-d93c-4497-8890-d20ab68187fd/build]   | testParsingShipment_null(com.walmartlabs.x12.dex.dx894.DefaultDex894ParserTest)  Time elapsed: 0.001 sec  <<< FAILURE!
[86306a0d-d93c-4497-8890-d20ab68187fd/build]   | java.lang.AssertionError: expected null, but was:<com.walmartlabs.x12.dex.dx894.Dex894@5474c6c>
[86306a0d-d93c-4497-8890-d20ab68187fd/build]   | 	at org.junit.Assert.fail(Assert.java:88)
[86306a0d-d93c-4497-8890-d20ab68187fd/build]   | 	at org.junit.Assert.failNotNull(Assert.java:755)
[86306a0d-d93c-4497-8890-d20ab68187fd/build]   | 	at org.junit.Assert.assertNull(Assert.java:737)
[86306a0d-d93c-4497-8890-d20ab68187fd/build]   | 	at org.junit.Assert.assertNull(Assert.java:747)
[86306a0d-d93c-4497-8890-d20ab68187fd/build]   | 	at com.walmartlabs.x12.dex.dx894.DefaultDex894ParserTest.testParsingShipment_null(DefaultDex894ParserTest.java:98)
[86306a0d-d93c-4497-8890-d20ab68187fd/build]   | 	at sun.reflect.NativeMethodAccessorImpl.invoke0(Native Method)
[86306a0d-d93c-4497-8890-d20ab68187fd/build]   | 	at sun.reflect.NativeMethodAccessorImpl.invoke(NativeMethodAccessorImpl.java:62)
[86306a0d-d93c-4497-8890-d20ab68187fd/build]   | 	at sun.reflect.DelegatingMethodAccessorImpl.invoke(DelegatingMethodAccessorImpl.java:43)
[86306a0d-d93c-4497-8890-d20ab68187fd/build]   | 	at java.lang.reflect.Method.invoke(Method.java:498)
[86306a0d-d93c-4497-8890-d20ab68187fd/build]   | 	at org.junit.runners.model.FrameworkMethod$1.runReflectiveCall(FrameworkMethod.java:50)
[86306a0d-d93c-4497-8890-d20ab68187fd/build]   | 	at org.junit.internal.runners.model.ReflectiveCallable.run(ReflectiveCallable.java:12)
[86306a0d-d93c-4497-8890-d20ab68187fd/build]   | 	at org.junit.runners.model.FrameworkMethod.invokeExplosively(FrameworkMethod.java:47)
[86306a0d-d93c-4497-8890-d20ab68187fd/build]   | 	at org.junit.internal.runners.statements.InvokeMethod.evaluate(InvokeMethod.java:17)
[86306a0d-d93c-4497-8890-d20ab68187fd/build]   | 	at org.junit.internal.runners.statements.RunBefores.evaluate(RunBefores.java:26)
[86306a0d-d93c-4497-8890-d20ab68187fd/build]   | 	at org.junit.runners.ParentRunner.runLeaf(ParentRunner.java:325)
[86306a0d-d93c-4497-8890-d20ab68187fd/build]   | 	at org.junit.runners.BlockJUnit4ClassRunner.runChild(BlockJUnit4ClassRunner.java:78)
[86306a0d-d93c-4497-8890-d20ab68187fd/build]   | 	at org.junit.runners.BlockJUnit4ClassRunner.runChild(BlockJUnit4ClassRunner.java:57)
[86306a0d-d93c-4497-8890-d20ab68187fd/build]   | 	at org.junit.runners.ParentRunner$3.run(ParentRunner.java:290)
[86306a0d-d93c-4497-8890-d20ab68187fd/build]   | 	at org.junit.runners.ParentRunner$1.schedule(ParentRunner.java:71)
[86306a0d-d93c-4497-8890-d20ab68187fd/build]   | 	at org.junit.runners.ParentRunner.runChildren(ParentRunner.java:288)
[86306a0d-d93c-4497-8890-d20ab68187fd/build]   | 	at org.junit.runners.ParentRunner.access$000(ParentRunner.java:58)
[86306a0d-d93c-4497-8890-d20ab68187fd/build]   | 	at org.junit.runners.ParentRunner$2.evaluate(ParentRunner.java:268)
[86306a0d-d93c-4497-8890-d20ab68187fd/build]   | 	at org.junit.runners.ParentRunner.run(ParentRunner.java:363)
[86306a0d-d93c-4497-8890-d20ab68187fd/build]   | 	at org.apache.maven.surefire.junit4.JUnit4Provider.execute(JUnit4Provider.java:252)
[86306a0d-d93c-4497-8890-d20ab68187fd/build]   | 	at org.apache.maven.surefire.junit4.JUnit4Provider.executeTestSet(JUnit4Provider.java:141)
[86306a0d-d93c-4497-8890-d20ab68187fd/build]   | 	at org.apache.maven.surefire.junit4.JUnit4Provider.invoke(JUnit4Provider.java:112)
[86306a0d-d93c-4497-8890-d20ab68187fd/build]   | 	at sun.reflect.NativeMethodAccessorImpl.invoke0(Native Method)
[86306a0d-d93c-4497-8890-d20ab68187fd/build]   | 	at sun.reflect.NativeMethodAccessorImpl.invoke(NativeMethodAccessorImpl.java:62)
[86306a0d-d93c-4497-8890-d20ab68187fd/build]   | 	at sun.reflect.DelegatingMethodAccessorImpl.invoke(DelegatingMethodAccessorImpl.java:43)
[86306a0d-d93c-4497-8890-d20ab68187fd/build]   | 	at java.lang.reflect.Method.invoke(Method.java:498)
[86306a0d-d93c-4497-8890-d20ab68187fd/build]   | 	at org.apache.maven.surefire.util.ReflectionUtils.invokeMethodWithArray(ReflectionUtils.java:189)
[86306a0d-d93c-4497-8890-d20ab68187fd/build]   | 	at org.apache.maven.surefire.booter.ProviderFactory$ProviderProxy.invoke(ProviderFactory.java:165)
[86306a0d-d93c-4497-8890-d20ab68187fd/build]   | 	at org.apache.maven.surefire.booter.ProviderFactory.invokeProvider(ProviderFactory.java:85)
[86306a0d-d93c-4497-8890-d20ab68187fd/build]   | 	at org.apache.maven.surefire.booter.ForkedBooter.runSuitesInProcess(ForkedBooter.java:115)
[86306a0d-d93c-4497-8890-d20ab68187fd/build]   | 	at org.apache.maven.surefire.booter.ForkedBooter.main(ForkedBooter.java:75)
[86306a0d-d93c-4497-8890-d20ab68187fd/build]   | 
[86306a0d-d93c-4497-8890-d20ab68187fd/build]   | Running com.walmartlabs.x12.dex.dx894.UnitMeasureTest
[86306a0d-d93c-4497-8890-d20ab68187fd/build]   | Tests run: 4, Failures: 0, Errors: 0, Skipped: 0, Time elapsed: 0 sec
[86306a0d-d93c-4497-8890-d20ab68187fd/build]   | Running com.walmartlabs.x12.dex.dx894.DefaultDex894ParserTransactionTest
[86306a0d-d93c-4497-8890-d20ab68187fd/build]   | 20:07:06.772 [main] DEBUG com.walmartlabs.x12.dex.dx894.DefaultDex894Parser - SE
[86306a0d-d93c-4497-8890-d20ab68187fd/build]   | 20:07:06.773 [main] DEBUG com.walmartlabs.x12.dex.dx894.DefaultDex894Parser - XX
[86306a0d-d93c-4497-8890-d20ab68187fd/build]   | 20:07:06.773 [main] DEBUG com.walmartlabs.x12.dex.dx894.DefaultDex894Parser - G89
[86306a0d-d93c-4497-8890-d20ab68187fd/build]   | 20:07:06.773 [main] DEBUG com.walmartlabs.x12.dex.dx894.DefaultDex894Parser - XX
[86306a0d-d93c-4497-8890-d20ab68187fd/build]   | 20:07:06.774 [main] DEBUG com.walmartlabs.x12.dex.dx894.DefaultDex894Parser - SE
[86306a0d-d93c-4497-8890-d20ab68187fd/build]   | 20:07:06.774 [main] DEBUG com.walmartlabs.x12.dex.dx894.DefaultDex894Parser - G83
[86306a0d-d93c-4497-8890-d20ab68187fd/build]   | 20:07:06.774 [main] DEBUG com.walmartlabs.x12.dex.dx894.DefaultDex894Parser - XX
[86306a0d-d93c-4497-8890-d20ab68187fd/build]   | 20:07:06.775 [main] DEBUG com.walmartlabs.x12.dex.dx894.DefaultDex894Parser - G83
[86306a0d-d93c-4497-8890-d20ab68187fd/build]   | 20:07:06.775 [main] DEBUG com.walmartlabs.x12.dex.dx894.DefaultDex894Parser - ST
[86306a0d-d93c-4497-8890-d20ab68187fd/build]   | 20:07:06.776 [main] DEBUG com.walmartlabs.x12.dex.dx894.DefaultDex894Parser - G83
[86306a0d-d93c-4497-8890-d20ab68187fd/build]   | 20:07:06.777 [main] DEBUG com.walmartlabs.x12.dex.dx894.DefaultDex894Parser - XX
[86306a0d-d93c-4497-8890-d20ab68187fd/build]   | 20:07:06.777 [main] DEBUG com.walmartlabs.x12.dex.dx894.DefaultDex894Parser - SE
[86306a0d-d93c-4497-8890-d20ab68187fd/build]   | 20:07:06.778 [main] DEBUG com.walmartlabs.x12.dex.dx894.DefaultDex894Parser - XX
[86306a0d-d93c-4497-8890-d20ab68187fd/build]   | 20:07:06.778 [main] DEBUG com.walmartlabs.x12.dex.dx894.DefaultDex894Parser - ST
[86306a0d-d93c-4497-8890-d20ab68187fd/build]   | 20:07:06.779 [main] DEBUG com.walmartlabs.x12.dex.dx894.DefaultDex894Parser - ST
[86306a0d-d93c-4497-8890-d20ab68187fd/build]   | 20:07:06.780 [main] DEBUG com.walmartlabs.x12.dex.dx894.DefaultDex894Parser - SE
[86306a0d-d93c-4497-8890-d20ab68187fd/build]   | 20:07:06.781 [main] DEBUG com.walmartlabs.x12.dex.dx894.DefaultDex894Parser - G82
[86306a0d-d93c-4497-8890-d20ab68187fd/build]   | 20:07:06.781 [main] DEBUG com.walmartlabs.x12.dex.dx894.DefaultDex894Parser - G85
[86306a0d-d93c-4497-8890-d20ab68187fd/build]   | 20:07:06.782 [main] DEBUG com.walmartlabs.x12.dex.dx894.DefaultDex894Parser - G86
[86306a0d-d93c-4497-8890-d20ab68187fd/build]   | 20:07:06.782 [main] DEBUG com.walmartlabs.x12.dex.dx894.DefaultDex894Parser - G82
[86306a0d-d93c-4497-8890-d20ab68187fd/build]   | Tests run: 20, Failures: 0, Errors: 0, Skipped: 0, Time elapsed: 0.002 sec
[86306a0d-d93c-4497-8890-d20ab68187fd/build]   | Running com.walmartlabs.x12.dex.dx894.DefaultDex894ValidatorTest
[86306a0d-d93c-4497-8890-d20ab68187fd/build]   | Tests run: 17, Failures: 0, Errors: 0, Skipped: 0, Time elapsed: 0.11 sec
[86306a0d-d93c-4497-8890-d20ab68187fd/build]   | Running com.walmartlabs.x12.dex.dx894.ProductQualifierTest
[86306a0d-d93c-4497-8890-d20ab68187fd/build]   | Tests run: 4, Failures: 0, Errors: 0, Skipped: 0, Time elapsed: 0.001 sec
[86306a0d-d93c-4497-8890-d20ab68187fd/build]   | Running com.walmartlabs.x12.dex.dx894.DefaultDex894ParserDxsSegmentTest
[86306a0d-d93c-4497-8890-d20ab68187fd/build]   | 20:07:06.904 [main] DEBUG com.walmartlabs.x12.dex.dx894.DefaultDex894Parser - DXE
[86306a0d-d93c-4497-8890-d20ab68187fd/build]   | 20:07:06.905 [main] DEBUG com.walmartlabs.x12.dex.dx894.DefaultDex894Parser - DXS
[86306a0d-d93c-4497-8890-d20ab68187fd/build]   | 20:07:06.905 [main] DEBUG com.walmartlabs.x12.dex.dx894.DefaultDex894Parser - DXE
[86306a0d-d93c-4497-8890-d20ab68187fd/build]   | 20:07:06.906 [main] DEBUG com.walmartlabs.x12.dex.dx894.DefaultDex894Parser - DXE
[86306a0d-d93c-4497-8890-d20ab68187fd/build]   | 20:07:06.906 [main] DEBUG com.walmartlabs.x12.dex.dx894.DefaultDex894Parser - DXS
[86306a0d-d93c-4497-8890-d20ab68187fd/build]   | 20:07:06.907 [main] DEBUG com.walmartlabs.x12.dex.dx894.DefaultDex894Parser - DXS
[86306a0d-d93c-4497-8890-d20ab68187fd/build]   | 20:07:06.907 [main] DEBUG com.walmartlabs.x12.dex.dx894.DefaultDex894Parser - DXS
[86306a0d-d93c-4497-8890-d20ab68187fd/build]   | 20:07:06.907 [main] DEBUG com.walmartlabs.x12.dex.dx894.DefaultDex894Parser - DXS
[86306a0d-d93c-4497-8890-d20ab68187fd/build]   | Tests run: 8, Failures: 0, Errors: 0, Skipped: 0, Time elapsed: 0.004 sec
[86306a0d-d93c-4497-8890-d20ab68187fd/build]   | Running com.walmartlabs.x12.util.LuhnMod10ChecksumTest
[86306a0d-d93c-4497-8890-d20ab68187fd/build]   | Tests run: 6, Failures: 0, Errors: 0, Skipped: 0, Time elapsed: 0.003 sec
[86306a0d-d93c-4497-8890-d20ab68187fd/build]   | Running com.walmartlabs.x12.util.BarCodeMod10ChecksumTest
[86306a0d-d93c-4497-8890-d20ab68187fd/build]   | Tests run: 6, Failures: 0, Errors: 0, Skipped: 0, Time elapsed: 0.003 sec
[86306a0d-d93c-4497-8890-d20ab68187fd/build]   | Running com.walmartlabs.x12.util.RetailSellingUnitUtilTest
[86306a0d-d93c-4497-8890-d20ab68187fd/build]   | Tests run: 19, Failures: 0, Errors: 0, Skipped: 0, Time elapsed: 0.01 sec
[86306a0d-d93c-4497-8890-d20ab68187fd/build]   | 
[86306a0d-d93c-4497-8890-d20ab68187fd/build]   | Results :
[86306a0d-d93c-4497-8890-d20ab68187fd/build]   | 
[86306a0d-d93c-4497-8890-d20ab68187fd/build]   | Failed tests:   testParsingShipment_empty(com.walmartlabs.x12.dex.dx894.DefaultDex894ParserTest): expected null, but was:<com.walmartlabs.x12.dex.dx894.Dex894@f5f2bb7>
[86306a0d-d93c-4497-8890-d20ab68187fd/build]   |   testParsingShipment_null(com.walmartlabs.x12.dex.dx894.DefaultDex894ParserTest): expected null, but was:<com.walmartlabs.x12.dex.dx894.Dex894@5474c6c>
[86306a0d-d93c-4497-8890-d20ab68187fd/build]   | 
[86306a0d-d93c-4497-8890-d20ab68187fd/build]   | Tests run: 102, Failures: 2, Errors: 0, Skipped: 0
[86306a0d-d93c-4497-8890-d20ab68187fd/build]   | 
[86306a0d-d93c-4497-8890-d20ab68187fd/build]   | [INFO] ------------------------------------------------------------------------
[86306a0d-d93c-4497-8890-d20ab68187fd/build]   | [INFO] BUILD FAILURE
[86306a0d-d93c-4497-8890-d20ab68187fd/build]   | [INFO] ------------------------------------------------------------------------
[86306a0d-d93c-4497-8890-d20ab68187fd/build]   | [INFO] Total time:  32.011 s
[86306a0d-d93c-4497-8890-d20ab68187fd/build]   | [INFO] Finished at: 2023-07-12T20:07:06Z
[86306a0d-d93c-4497-8890-d20ab68187fd/build]   | [INFO] ------------------------------------------------------------------------
[86306a0d-d93c-4497-8890-d20ab68187fd/build]   | [ERROR] Failed to execute goal org.apache.maven.plugins:maven-surefire-plugin:2.12.4:test (default-test) on project zuul: There are test failures.
[86306a0d-d93c-4497-8890-d20ab68187fd/build]   | [ERROR] 
[86306a0d-d93c-4497-8890-d20ab68187fd/build]   | [ERROR] Please refer to /tmp/dcf2de27-a8db-4b3d-bb21-a92ec5a0d400/target/surefire-reports for the individual test results.
[86306a0d-d93c-4497-8890-d20ab68187fd/build]   | [ERROR] -> [Help 1]
[86306a0d-d93c-4497-8890-d20ab68187fd/build]   | [ERROR] 
[86306a0d-d93c-4497-8890-d20ab68187fd/build]   | [ERROR] To see the full stack trace of the errors, re-run Maven with the -e switch.
[86306a0d-d93c-4497-8890-d20ab68187fd/build]   | [ERROR] Re-run Maven using the -X switch to enable full debug logging.
[86306a0d-d93c-4497-8890-d20ab68187fd/build]   | [ERROR] 
[86306a0d-d93c-4497-8890-d20ab68187fd/build]   | [ERROR] For more information about the errors and possible solutions, please read the following articles:
[86306a0d-d93c-4497-8890-d20ab68187fd/build]   | [ERROR] [Help 1] http://cwiki.apache.org/confluence/display/MAVEN/MojoFailureException
[86306a0d-d93c-4497-8890-d20ab68187fd/build]   ‚ùå  Failure - Main Build with Maven
[86306a0d-d93c-4497-8890-d20ab68187fd/build] exitcode '1': failure
[86306a0d-d93c-4497-8890-d20ab68187fd/build] unable to get git ref: failed to identify reference (tag/branch) for the checked-out revision '29b4bdbbe9ffda2747bfa8bf2f65d071c7d470b0'
[86306a0d-d93c-4497-8890-d20ab68187fd/build] unable to get git ref: failed to identify reference (tag/branch) for the checked-out revision '29b4bdbbe9ffda2747bfa8bf2f65d071c7d470b0'
[86306a0d-d93c-4497-8890-d20ab68187fd/build] unable to get git ref: failed to identify reference (tag/branch) for the checked-out revision '29b4bdbbe9ffda2747bfa8bf2f65d071c7d470b0'
[86306a0d-d93c-4497-8890-d20ab68187fd/build] unable to get git ref: failed to identify reference (tag/branch) for the checked-out revision '29b4bdbbe9ffda2747bfa8bf2f65d071c7d470b0'
[86306a0d-d93c-4497-8890-d20ab68187fd/build] unable to get git ref: failed to identify reference (tag/branch) for the checked-out revision '29b4bdbbe9ffda2747bfa8bf2f65d071c7d470b0'
[86306a0d-d93c-4497-8890-d20ab68187fd/build] ‚≠ê Run Post Set up JDK 1.8
[86306a0d-d93c-4497-8890-d20ab68187fd/build]   üê≥  docker exec cmd=[node /var/run/act/actions/actions-setup-java@v1/dist/cleanup/index.js] user= workdir=
[86306a0d-d93c-4497-8890-d20ab68187fd/build]   ‚úÖ  Success - Post Set up JDK 1.8
[86306a0d-d93c-4497-8890-d20ab68187fd/build] üèÅ  Job failed
[86306a0d-d93c-4497-8890-d20ab68187fd/build] unable to get git ref: failed to identify reference (tag/branch) for the checked-out revision '29b4bdbbe9ffda2747bfa8bf2f65d071c7d470b0'
