[3adc70a5-ab4b-455e-af4c-aafaaee2247c/build] üöÄ  Start image=crawlergpt:latest
[3adc70a5-ab4b-455e-af4c-aafaaee2247c/build]   üê≥  docker pull image=crawlergpt:latest platform= username= forcePull=false
[3adc70a5-ab4b-455e-af4c-aafaaee2247c/build]   üê≥  docker create image=crawlergpt:latest platform= entrypoint=["tail" "-f" "/dev/null"] cmd=[]
[3adc70a5-ab4b-455e-af4c-aafaaee2247c/build]   üê≥  docker run image=crawlergpt:latest platform= entrypoint=["tail" "-f" "/dev/null"] cmd=[]
[3adc70a5-ab4b-455e-af4c-aafaaee2247c/build]   üê≥  docker exec cmd=[chown -R 1012:1013 /tmp/3c408385-4f15-4b73-993c-634a941b343d] user=0 workdir=
[3adc70a5-ab4b-455e-af4c-aafaaee2247c/build] unable to get git ref: failed to identify reference (tag/branch) for the checked-out revision '44d273dc23cb643444a4b1396e1aaca70654248c'
[3adc70a5-ab4b-455e-af4c-aafaaee2247c/build] unable to get git ref: failed to identify reference (tag/branch) for the checked-out revision '44d273dc23cb643444a4b1396e1aaca70654248c'
[3adc70a5-ab4b-455e-af4c-aafaaee2247c/build] unable to get git ref: failed to identify reference (tag/branch) for the checked-out revision '44d273dc23cb643444a4b1396e1aaca70654248c'
[3adc70a5-ab4b-455e-af4c-aafaaee2247c/build] unable to get git ref: failed to identify reference (tag/branch) for the checked-out revision '44d273dc23cb643444a4b1396e1aaca70654248c'
[3adc70a5-ab4b-455e-af4c-aafaaee2247c/build] unable to get git ref: failed to identify reference (tag/branch) for the checked-out revision '44d273dc23cb643444a4b1396e1aaca70654248c'
[3adc70a5-ab4b-455e-af4c-aafaaee2247c/build] unable to get git ref: failed to identify reference (tag/branch) for the checked-out revision '44d273dc23cb643444a4b1396e1aaca70654248c'
[3adc70a5-ab4b-455e-af4c-aafaaee2247c/build] unable to get git ref: failed to identify reference (tag/branch) for the checked-out revision '44d273dc23cb643444a4b1396e1aaca70654248c'
[3adc70a5-ab4b-455e-af4c-aafaaee2247c/build] unable to get git ref: failed to identify reference (tag/branch) for the checked-out revision '44d273dc23cb643444a4b1396e1aaca70654248c'
[3adc70a5-ab4b-455e-af4c-aafaaee2247c/build] unable to get git ref: failed to identify reference (tag/branch) for the checked-out revision '44d273dc23cb643444a4b1396e1aaca70654248c'
[3adc70a5-ab4b-455e-af4c-aafaaee2247c/build] ‚≠ê Run Main actions/checkout@v2
[3adc70a5-ab4b-455e-af4c-aafaaee2247c/build] unable to get git ref: failed to identify reference (tag/branch) for the checked-out revision '44d273dc23cb643444a4b1396e1aaca70654248c'
[3adc70a5-ab4b-455e-af4c-aafaaee2247c/build]   ‚úÖ  Success - Main actions/checkout@v2
[3adc70a5-ab4b-455e-af4c-aafaaee2247c/build] unable to get git ref: failed to identify reference (tag/branch) for the checked-out revision '44d273dc23cb643444a4b1396e1aaca70654248c'
[3adc70a5-ab4b-455e-af4c-aafaaee2247c/build] unable to get git ref: failed to identify reference (tag/branch) for the checked-out revision '44d273dc23cb643444a4b1396e1aaca70654248c'
[3adc70a5-ab4b-455e-af4c-aafaaee2247c/build] unable to get git ref: failed to identify reference (tag/branch) for the checked-out revision '44d273dc23cb643444a4b1396e1aaca70654248c'
[3adc70a5-ab4b-455e-af4c-aafaaee2247c/build] unable to get git ref: failed to identify reference (tag/branch) for the checked-out revision '44d273dc23cb643444a4b1396e1aaca70654248c'
[3adc70a5-ab4b-455e-af4c-aafaaee2247c/build] unable to get git ref: failed to identify reference (tag/branch) for the checked-out revision '44d273dc23cb643444a4b1396e1aaca70654248c'
[3adc70a5-ab4b-455e-af4c-aafaaee2247c/build] ‚≠ê Run Main Set up JDK 1.8
[3adc70a5-ab4b-455e-af4c-aafaaee2247c/build] unable to get git ref: failed to identify reference (tag/branch) for the checked-out revision '44d273dc23cb643444a4b1396e1aaca70654248c'
[3adc70a5-ab4b-455e-af4c-aafaaee2247c/build] unable to get git ref: failed to identify reference (tag/branch) for the checked-out revision '44d273dc23cb643444a4b1396e1aaca70654248c'
[3adc70a5-ab4b-455e-af4c-aafaaee2247c/build] unable to get git ref: failed to identify reference (tag/branch) for the checked-out revision '44d273dc23cb643444a4b1396e1aaca70654248c'
[3adc70a5-ab4b-455e-af4c-aafaaee2247c/build]   üê≥  docker cp src=/tmp/act-cache/10f0f006-dfc0-4de1-bb05-eb660ce52cfe/act/actions-setup-java@v1/ dst=/var/run/act/actions/actions-setup-java@v1/
[3adc70a5-ab4b-455e-af4c-aafaaee2247c/build]   üê≥  docker exec cmd=[chown -R 1012:1013 /var/run/act/actions/actions-setup-java@v1/] user=0 workdir=
[3adc70a5-ab4b-455e-af4c-aafaaee2247c/build]   üê≥  docker exec cmd=[node /var/run/act/actions/actions-setup-java@v1/dist/setup/index.js] user= workdir=
[3adc70a5-ab4b-455e-af4c-aafaaee2247c/build]   üí¨  ::debug::isExplicit: 
[3adc70a5-ab4b-455e-af4c-aafaaee2247c/build]   üí¨  ::debug::explicit? false
[3adc70a5-ab4b-455e-af4c-aafaaee2247c/build]   üí¨  ::debug::evaluating 0 versions
[3adc70a5-ab4b-455e-af4c-aafaaee2247c/build]   üí¨  ::debug::match not found
[3adc70a5-ab4b-455e-af4c-aafaaee2247c/build]   üí¨  ::debug::Downloading JDK from Azul
[3adc70a5-ab4b-455e-af4c-aafaaee2247c/build]   üí¨  ::debug::Searching for files with extension: -linux_x64.tar.gz
[3adc70a5-ab4b-455e-af4c-aafaaee2247c/build]   üí¨  ::debug::Downloading https://static.azul.com/zulu/bin/zulu8.70.0.23-ca-jdk8.0.372-linux_x64.tar.gz
[3adc70a5-ab4b-455e-af4c-aafaaee2247c/build]   üí¨  ::debug::Downloading /tmp/226d84a6-dc7e-4e76-8516-1d85061e50a1
[3adc70a5-ab4b-455e-af4c-aafaaee2247c/build]   üí¨  ::debug::download complete
[3adc70a5-ab4b-455e-af4c-aafaaee2247c/build]   | [command]/usr/bin/tar --version
[3adc70a5-ab4b-455e-af4c-aafaaee2247c/build]   | tar (GNU tar) 1.30
[3adc70a5-ab4b-455e-af4c-aafaaee2247c/build]   | Copyright (C) 2017 Free Software Foundation, Inc.
[3adc70a5-ab4b-455e-af4c-aafaaee2247c/build]   | License GPLv3+: GNU GPL version 3 or later <https://gnu.org/licenses/gpl.html>.
[3adc70a5-ab4b-455e-af4c-aafaaee2247c/build]   | This is free software: you are free to change and redistribute it.
[3adc70a5-ab4b-455e-af4c-aafaaee2247c/build]   | There is NO WARRANTY, to the extent permitted by law.
[3adc70a5-ab4b-455e-af4c-aafaaee2247c/build]   | 
[3adc70a5-ab4b-455e-af4c-aafaaee2247c/build]   | Written by John Gilmore and Jay Fenlason.
[3adc70a5-ab4b-455e-af4c-aafaaee2247c/build]   | [command]/usr/bin/tar xz --warning=no-unknown-keyword -C /tmp/temp_1214116429 -f /tmp/226d84a6-dc7e-4e76-8516-1d85061e50a1
[3adc70a5-ab4b-455e-af4c-aafaaee2247c/build]   üí¨  ::debug::jdk extracted to /tmp/temp_1214116429/zulu8.70.0.23-ca-jdk8.0.372-linux_x64
[3adc70a5-ab4b-455e-af4c-aafaaee2247c/build]   üí¨  ::debug::Caching tool jdk 8.0.372 x64
[3adc70a5-ab4b-455e-af4c-aafaaee2247c/build]   üí¨  ::debug::source dir: /tmp/temp_1214116429/zulu8.70.0.23-ca-jdk8.0.372-linux_x64
[3adc70a5-ab4b-455e-af4c-aafaaee2247c/build]   üí¨  ::debug::destination /opt/hostedtoolcache/jdk/8.0.372/x64
[3adc70a5-ab4b-455e-af4c-aafaaee2247c/build]   üí¨  ::debug::finished caching tool
[3adc70a5-ab4b-455e-af4c-aafaaee2247c/build]   ‚ùì add-matcher /run/act/actions/actions-setup-java@v1/.github/java.json
[3adc70a5-ab4b-455e-af4c-aafaaee2247c/build]   | creating settings.xml with server-id: github; environment variables: username=$GITHUB_ACTOR, password=$GITHUB_TOKEN, and gpg-passphrase=null
[3adc70a5-ab4b-455e-af4c-aafaaee2247c/build]   üí¨  ::debug::created directory /home/runneradmin/.m2
[3adc70a5-ab4b-455e-af4c-aafaaee2247c/build]   | writing /home/runneradmin/.m2/settings.xml
[3adc70a5-ab4b-455e-af4c-aafaaee2247c/build]   ‚úÖ  Success - Main Set up JDK 1.8
[3adc70a5-ab4b-455e-af4c-aafaaee2247c/build]   ‚öô  ::set-env:: JAVA_HOME_8.0.372_x64=/opt/hostedtoolcache/jdk/8.0.372/x64
[3adc70a5-ab4b-455e-af4c-aafaaee2247c/build]   ‚öô  ::set-env:: JAVA_HOME=/opt/hostedtoolcache/jdk/8.0.372/x64
[3adc70a5-ab4b-455e-af4c-aafaaee2247c/build]   ‚öô  ::set-env:: JAVA_HOME_8_0_372_X64=/opt/hostedtoolcache/jdk/8.0.372/x64
[3adc70a5-ab4b-455e-af4c-aafaaee2247c/build]   ‚öô  ::set-output:: path=/opt/hostedtoolcache/jdk/8.0.372/x64
[3adc70a5-ab4b-455e-af4c-aafaaee2247c/build]   ‚öô  ::set-output:: version=8.0.372
[3adc70a5-ab4b-455e-af4c-aafaaee2247c/build]   ‚öô  ::add-path:: /opt/hostedtoolcache/jdk/8.0.372/x64/bin
[3adc70a5-ab4b-455e-af4c-aafaaee2247c/build] unable to get git ref: failed to identify reference (tag/branch) for the checked-out revision '44d273dc23cb643444a4b1396e1aaca70654248c'
[3adc70a5-ab4b-455e-af4c-aafaaee2247c/build] unable to get git ref: failed to identify reference (tag/branch) for the checked-out revision '44d273dc23cb643444a4b1396e1aaca70654248c'
[3adc70a5-ab4b-455e-af4c-aafaaee2247c/build] unable to get git ref: failed to identify reference (tag/branch) for the checked-out revision '44d273dc23cb643444a4b1396e1aaca70654248c'
[3adc70a5-ab4b-455e-af4c-aafaaee2247c/build] unable to get git ref: failed to identify reference (tag/branch) for the checked-out revision '44d273dc23cb643444a4b1396e1aaca70654248c'
[3adc70a5-ab4b-455e-af4c-aafaaee2247c/build] unable to get git ref: failed to identify reference (tag/branch) for the checked-out revision '44d273dc23cb643444a4b1396e1aaca70654248c'
[3adc70a5-ab4b-455e-af4c-aafaaee2247c/build] ‚≠ê Run Main Build with Maven
[3adc70a5-ab4b-455e-af4c-aafaaee2247c/build] unable to get git ref: failed to identify reference (tag/branch) for the checked-out revision '44d273dc23cb643444a4b1396e1aaca70654248c'
[3adc70a5-ab4b-455e-af4c-aafaaee2247c/build] unable to get git ref: failed to identify reference (tag/branch) for the checked-out revision '44d273dc23cb643444a4b1396e1aaca70654248c'
[3adc70a5-ab4b-455e-af4c-aafaaee2247c/build] unable to get git ref: failed to identify reference (tag/branch) for the checked-out revision '44d273dc23cb643444a4b1396e1aaca70654248c'
[3adc70a5-ab4b-455e-af4c-aafaaee2247c/build] unable to get git ref: failed to identify reference (tag/branch) for the checked-out revision '44d273dc23cb643444a4b1396e1aaca70654248c'
[3adc70a5-ab4b-455e-af4c-aafaaee2247c/build]   üê≥  docker exec cmd=[bash --noprofile --norc -e -o pipefail /var/run/act/workflow/2] user= workdir=
[3adc70a5-ab4b-455e-af4c-aafaaee2247c/build]   | [INFO] Scanning for projects...
[3adc70a5-ab4b-455e-af4c-aafaaee2247c/build]   | [INFO] 
[3adc70a5-ab4b-455e-af4c-aafaaee2247c/build]   | [INFO] ------------------< net.e175.klaus:solarpositioning >-------------------
[3adc70a5-ab4b-455e-af4c-aafaaee2247c/build]   | [INFO] Building solarpositioning 0.0.9-SNAPSHOT
[3adc70a5-ab4b-455e-af4c-aafaaee2247c/build]   | [INFO] --------------------------------[ jar ]---------------------------------
[3adc70a5-ab4b-455e-af4c-aafaaee2247c/build]   | [INFO] Downloading from central: https://repo.maven.apache.org/maven2/org/apache/maven/plugins/maven-resources-plugin/2.6/maven-resources-plugin-2.6.pom
[3adc70a5-ab4b-455e-af4c-aafaaee2247c/build]   | [INFO] Downloaded from central: https://repo.maven.apache.org/maven2/org/apache/maven/plugins/maven-resources-plugin/2.6/maven-resources-plugin-2.6.pom (8.1 kB at 7.6 kB/s)
[3adc70a5-ab4b-455e-af4c-aafaaee2247c/build]   | [INFO] Downloading from central: https://repo.maven.apache.org/maven2/org/apache/maven/plugins/maven-plugins/23/maven-plugins-23.pom
[3adc70a5-ab4b-455e-af4c-aafaaee2247c/build]   | [INFO] Downloaded from central: https://repo.maven.apache.org/maven2/org/apache/maven/plugins/maven-plugins/23/maven-plugins-23.pom (9.2 kB at 224 kB/s)
[3adc70a5-ab4b-455e-af4c-aafaaee2247c/build]   | [INFO] Downloading from central: https://repo.maven.apache.org/maven2/org/apache/maven/maven-parent/22/maven-parent-22.pom
[3adc70a5-ab4b-455e-af4c-aafaaee2247c/build]   | [INFO] Downloaded from central: https://repo.maven.apache.org/maven2/org/apache/maven/maven-parent/22/maven-parent-22.pom (30 kB at 261 kB/s)
[3adc70a5-ab4b-455e-af4c-aafaaee2247c/build]   | [INFO] Downloading from central: https://repo.maven.apache.org/maven2/org/apache/apache/11/apache-11.pom
[3adc70a5-ab4b-455e-af4c-aafaaee2247c/build]   | [INFO] Downloaded from central: https://repo.maven.apache.org/maven2/org/apache/apache/11/apache-11.pom (15 kB at 673 kB/s)
[3adc70a5-ab4b-455e-af4c-aafaaee2247c/build]   | [INFO] Downloading from central: https://repo.maven.apache.org/maven2/org/apache/maven/plugins/maven-resources-plugin/2.6/maven-resources-plugin-2.6.jar
[3adc70a5-ab4b-455e-af4c-aafaaee2247c/build]   | [INFO] Downloaded from central: https://repo.maven.apache.org/maven2/org/apache/maven/plugins/maven-resources-plugin/2.6/maven-resources-plugin-2.6.jar (30 kB at 798 kB/s)
[3adc70a5-ab4b-455e-af4c-aafaaee2247c/build]   | [INFO] Downloading from central: https://repo.maven.apache.org/maven2/org/apache/maven/plugins/maven-compiler-plugin/3.3/maven-compiler-plugin-3.3.pom
[3adc70a5-ab4b-455e-af4c-aafaaee2247c/build]   | [INFO] Downloaded from central: https://repo.maven.apache.org/maven2/org/apache/maven/plugins/maven-compiler-plugin/3.3/maven-compiler-plugin-3.3.pom (11 kB at 390 kB/s)
[3adc70a5-ab4b-455e-af4c-aafaaee2247c/build]   | [INFO] Downloading from central: https://repo.maven.apache.org/maven2/org/apache/maven/plugins/maven-plugins/27/maven-plugins-27.pom
[3adc70a5-ab4b-455e-af4c-aafaaee2247c/build]   | [INFO] Downloaded from central: https://repo.maven.apache.org/maven2/org/apache/maven/plugins/maven-plugins/27/maven-plugins-27.pom (11 kB at 291 kB/s)
[3adc70a5-ab4b-455e-af4c-aafaaee2247c/build]   | [INFO] Downloading from central: https://repo.maven.apache.org/maven2/org/apache/maven/maven-parent/26/maven-parent-26.pom
[3adc70a5-ab4b-455e-af4c-aafaaee2247c/build]   | [INFO] Downloaded from central: https://repo.maven.apache.org/maven2/org/apache/maven/maven-parent/26/maven-parent-26.pom (40 kB at 2.2 MB/s)
[3adc70a5-ab4b-455e-af4c-aafaaee2247c/build]   | [INFO] Downloading from central: https://repo.maven.apache.org/maven2/org/apache/apache/16/apache-16.pom
[3adc70a5-ab4b-455e-af4c-aafaaee2247c/build]   | [INFO] Downloaded from central: https://repo.maven.apache.org/maven2/org/apache/apache/16/apache-16.pom (15 kB at 1.2 MB/s)
[3adc70a5-ab4b-455e-af4c-aafaaee2247c/build]   | [INFO] Downloading from central: https://repo.maven.apache.org/maven2/org/apache/maven/plugins/maven-compiler-plugin/3.3/maven-compiler-plugin-3.3.jar
[3adc70a5-ab4b-455e-af4c-aafaaee2247c/build]   | [INFO] Downloaded from central: https://repo.maven.apache.org/maven2/org/apache/maven/plugins/maven-compiler-plugin/3.3/maven-compiler-plugin-3.3.jar (46 kB at 682 kB/s)
[3adc70a5-ab4b-455e-af4c-aafaaee2247c/build]   | [INFO] Downloading from central: https://repo.maven.apache.org/maven2/org/apache/maven/plugins/maven-surefire-plugin/2.12.4/maven-surefire-plugin-2.12.4.pom
[3adc70a5-ab4b-455e-af4c-aafaaee2247c/build]   | [INFO] Downloaded from central: https://repo.maven.apache.org/maven2/org/apache/maven/plugins/maven-surefire-plugin/2.12.4/maven-surefire-plugin-2.12.4.pom (10 kB at 262 kB/s)
[3adc70a5-ab4b-455e-af4c-aafaaee2247c/build]   | [INFO] Downloading from central: https://repo.maven.apache.org/maven2/org/apache/maven/surefire/surefire/2.12.4/surefire-2.12.4.pom
[3adc70a5-ab4b-455e-af4c-aafaaee2247c/build]   | [INFO] Downloaded from central: https://repo.maven.apache.org/maven2/org/apache/maven/surefire/surefire/2.12.4/surefire-2.12.4.pom (14 kB at 862 kB/s)
[3adc70a5-ab4b-455e-af4c-aafaaee2247c/build]   | [INFO] Downloading from central: https://repo.maven.apache.org/maven2/org/apache/maven/plugins/maven-surefire-plugin/2.12.4/maven-surefire-plugin-2.12.4.jar
[3adc70a5-ab4b-455e-af4c-aafaaee2247c/build]   | [INFO] Downloaded from central: https://repo.maven.apache.org/maven2/org/apache/maven/plugins/maven-surefire-plugin/2.12.4/maven-surefire-plugin-2.12.4.jar (30 kB at 2.2 MB/s)
[3adc70a5-ab4b-455e-af4c-aafaaee2247c/build]   | [INFO] Downloading from central: https://repo.maven.apache.org/maven2/org/codehaus/mojo/animal-sniffer-maven-plugin/1.14/animal-sniffer-maven-plugin-1.14.pom
[3adc70a5-ab4b-455e-af4c-aafaaee2247c/build]   | [INFO] Downloaded from central: https://repo.maven.apache.org/maven2/org/codehaus/mojo/animal-sniffer-maven-plugin/1.14/animal-sniffer-maven-plugin-1.14.pom (5.8 kB at 145 kB/s)
[3adc70a5-ab4b-455e-af4c-aafaaee2247c/build]   | [INFO] Downloading from central: https://repo.maven.apache.org/maven2/org/codehaus/mojo/animal-sniffer-parent/1.14/animal-sniffer-parent-1.14.pom
[3adc70a5-ab4b-455e-af4c-aafaaee2247c/build]   | [INFO] Downloaded from central: https://repo.maven.apache.org/maven2/org/codehaus/mojo/animal-sniffer-parent/1.14/animal-sniffer-parent-1.14.pom (4.4 kB at 548 kB/s)
[3adc70a5-ab4b-455e-af4c-aafaaee2247c/build]   | [INFO] Downloading from central: https://repo.maven.apache.org/maven2/org/codehaus/mojo/mojo-parent/34/mojo-parent-34.pom
[3adc70a5-ab4b-455e-af4c-aafaaee2247c/build]   | [INFO] Downloaded from central: https://repo.maven.apache.org/maven2/org/codehaus/mojo/mojo-parent/34/mojo-parent-34.pom (24 kB at 2.4 MB/s)
[3adc70a5-ab4b-455e-af4c-aafaaee2247c/build]   | [INFO] Downloading from central: https://repo.maven.apache.org/maven2/org/codehaus/codehaus-parent/4/codehaus-parent-4.pom
[3adc70a5-ab4b-455e-af4c-aafaaee2247c/build]   | [INFO] Downloaded from central: https://repo.maven.apache.org/maven2/org/codehaus/codehaus-parent/4/codehaus-parent-4.pom (4.8 kB at 254 kB/s)
[3adc70a5-ab4b-455e-af4c-aafaaee2247c/build]   | [INFO] Downloading from central: https://repo.maven.apache.org/maven2/org/codehaus/mojo/animal-sniffer-maven-plugin/1.14/animal-sniffer-maven-plugin-1.14.jar
[3adc70a5-ab4b-455e-af4c-aafaaee2247c/build]   | [INFO] Downloaded from central: https://repo.maven.apache.org/maven2/org/codehaus/mojo/animal-sniffer-maven-plugin/1.14/animal-sniffer-maven-plugin-1.14.jar (32 kB at 1.4 MB/s)
[3adc70a5-ab4b-455e-af4c-aafaaee2247c/build]   | [INFO] Downloading from central: https://repo.maven.apache.org/maven2/org/apache/maven/plugins/maven-jar-plugin/2.4/maven-jar-plugin-2.4.pom
[3adc70a5-ab4b-455e-af4c-aafaaee2247c/build]   | [INFO] Downloaded from central: https://repo.maven.apache.org/maven2/org/apache/maven/plugins/maven-jar-plugin/2.4/maven-jar-plugin-2.4.pom (5.8 kB at 530 kB/s)
[3adc70a5-ab4b-455e-af4c-aafaaee2247c/build]   | [INFO] Downloading from central: https://repo.maven.apache.org/maven2/org/apache/maven/plugins/maven-plugins/22/maven-plugins-22.pom
[3adc70a5-ab4b-455e-af4c-aafaaee2247c/build]   | [INFO] Downloaded from central: https://repo.maven.apache.org/maven2/org/apache/maven/plugins/maven-plugins/22/maven-plugins-22.pom (13 kB at 724 kB/s)
[3adc70a5-ab4b-455e-af4c-aafaaee2247c/build]   | [INFO] Downloading from central: https://repo.maven.apache.org/maven2/org/apache/maven/maven-parent/21/maven-parent-21.pom
[3adc70a5-ab4b-455e-af4c-aafaaee2247c/build]   | [INFO] Downloaded from central: https://repo.maven.apache.org/maven2/org/apache/maven/maven-parent/21/maven-parent-21.pom (26 kB at 2.9 MB/s)
[3adc70a5-ab4b-455e-af4c-aafaaee2247c/build]   | [INFO] Downloading from central: https://repo.maven.apache.org/maven2/org/apache/apache/10/apache-10.pom
[3adc70a5-ab4b-455e-af4c-aafaaee2247c/build]   | [INFO] Downloaded from central: https://repo.maven.apache.org/maven2/org/apache/apache/10/apache-10.pom (15 kB at 493 kB/s)
[3adc70a5-ab4b-455e-af4c-aafaaee2247c/build]   | [INFO] Downloading from central: https://repo.maven.apache.org/maven2/org/apache/maven/plugins/maven-jar-plugin/2.4/maven-jar-plugin-2.4.jar
[3adc70a5-ab4b-455e-af4c-aafaaee2247c/build]   | [INFO] Downloaded from central: https://repo.maven.apache.org/maven2/org/apache/maven/plugins/maven-jar-plugin/2.4/maven-jar-plugin-2.4.jar (34 kB at 1.2 MB/s)
[3adc70a5-ab4b-455e-af4c-aafaaee2247c/build]   | [INFO] Downloading from central: https://repo.maven.apache.org/maven2/junit/junit/4.12/junit-4.12.pom
[3adc70a5-ab4b-455e-af4c-aafaaee2247c/build]   | [INFO] Downloaded from central: https://repo.maven.apache.org/maven2/junit/junit/4.12/junit-4.12.pom (24 kB at 789 kB/s)
[3adc70a5-ab4b-455e-af4c-aafaaee2247c/build]   | [INFO] Downloading from central: https://repo.maven.apache.org/maven2/org/hamcrest/hamcrest-core/1.3/hamcrest-core-1.3.pom
[3adc70a5-ab4b-455e-af4c-aafaaee2247c/build]   | [INFO] Downloaded from central: https://repo.maven.apache.org/maven2/org/hamcrest/hamcrest-core/1.3/hamcrest-core-1.3.pom (766 B at 51 kB/s)
[3adc70a5-ab4b-455e-af4c-aafaaee2247c/build]   | [INFO] Downloading from central: https://repo.maven.apache.org/maven2/org/hamcrest/hamcrest-parent/1.3/hamcrest-parent-1.3.pom
[3adc70a5-ab4b-455e-af4c-aafaaee2247c/build]   | [INFO] Downloaded from central: https://repo.maven.apache.org/maven2/org/hamcrest/hamcrest-parent/1.3/hamcrest-parent-1.3.pom (2.0 kB at 58 kB/s)
[3adc70a5-ab4b-455e-af4c-aafaaee2247c/build]   | [INFO] Downloading from central: https://repo.maven.apache.org/maven2/junit/junit/4.12/junit-4.12.jar
[3adc70a5-ab4b-455e-af4c-aafaaee2247c/build]   | [INFO] Downloading from central: https://repo.maven.apache.org/maven2/org/hamcrest/hamcrest-core/1.3/hamcrest-core-1.3.jar
[3adc70a5-ab4b-455e-af4c-aafaaee2247c/build]   | [INFO] Downloaded from central: https://repo.maven.apache.org/maven2/org/hamcrest/hamcrest-core/1.3/hamcrest-core-1.3.jar (45 kB at 979 kB/s)
[3adc70a5-ab4b-455e-af4c-aafaaee2247c/build]   | [INFO] Downloaded from central: https://repo.maven.apache.org/maven2/junit/junit/4.12/junit-4.12.jar (315 kB at 6.3 MB/s)
[3adc70a5-ab4b-455e-af4c-aafaaee2247c/build]   | [INFO] 
[3adc70a5-ab4b-455e-af4c-aafaaee2247c/build]   | [INFO] --- maven-resources-plugin:2.6:resources (default-resources) @ solarpositioning ---
[3adc70a5-ab4b-455e-af4c-aafaaee2247c/build]   | [INFO] Downloading from central: https://repo.maven.apache.org/maven2/org/apache/maven/maven-plugin-api/2.0.6/maven-plugin-api-2.0.6.pom
[3adc70a5-ab4b-455e-af4c-aafaaee2247c/build]   | [INFO] Downloaded from central: https://repo.maven.apache.org/maven2/org/apache/maven/maven-plugin-api/2.0.6/maven-plugin-api-2.0.6.pom (1.5 kB at 132 kB/s)
[3adc70a5-ab4b-455e-af4c-aafaaee2247c/build]   | [INFO] Downloading from central: https://repo.maven.apache.org/maven2/org/apache/maven/maven/2.0.6/maven-2.0.6.pom
[3adc70a5-ab4b-455e-af4c-aafaaee2247c/build]   | [INFO] Downloaded from central: https://repo.maven.apache.org/maven2/org/apache/maven/maven/2.0.6/maven-2.0.6.pom (9.0 kB at 905 kB/s)
[3adc70a5-ab4b-455e-af4c-aafaaee2247c/build]   | [INFO] Downloading from central: https://repo.maven.apache.org/maven2/org/apache/maven/maven-parent/5/maven-parent-5.pom
[3adc70a5-ab4b-455e-af4c-aafaaee2247c/build]   | [INFO] Downloaded from central: https://repo.maven.apache.org/maven2/org/apache/maven/maven-parent/5/maven-parent-5.pom (15 kB at 435 kB/s)
[3adc70a5-ab4b-455e-af4c-aafaaee2247c/build]   | [INFO] Downloading from central: https://repo.maven.apache.org/maven2/org/apache/apache/3/apache-3.pom
[3adc70a5-ab4b-455e-af4c-aafaaee2247c/build]   | [INFO] Downloaded from central: https://repo.maven.apache.org/maven2/org/apache/apache/3/apache-3.pom (3.4 kB at 107 kB/s)
[3adc70a5-ab4b-455e-af4c-aafaaee2247c/build]   | [INFO] Downloading from central: https://repo.maven.apache.org/maven2/org/apache/maven/maven-project/2.0.6/maven-project-2.0.6.pom
[3adc70a5-ab4b-455e-af4c-aafaaee2247c/build]   | [INFO] Downloaded from central: https://repo.maven.apache.org/maven2/org/apache/maven/maven-project/2.0.6/maven-project-2.0.6.pom (2.6 kB at 120 kB/s)
[3adc70a5-ab4b-455e-af4c-aafaaee2247c/build]   | [INFO] Downloading from central: https://repo.maven.apache.org/maven2/org/apache/maven/maven-settings/2.0.6/maven-settings-2.0.6.pom
[3adc70a5-ab4b-455e-af4c-aafaaee2247c/build]   | [INFO] Downloaded from central: https://repo.maven.apache.org/maven2/org/apache/maven/maven-settings/2.0.6/maven-settings-2.0.6.pom (2.0 kB at 250 kB/s)
[3adc70a5-ab4b-455e-af4c-aafaaee2247c/build]   | [INFO] Downloading from central: https://repo.maven.apache.org/maven2/org/apache/maven/maven-model/2.0.6/maven-model-2.0.6.pom
[3adc70a5-ab4b-455e-af4c-aafaaee2247c/build]   | [INFO] Downloaded from central: https://repo.maven.apache.org/maven2/org/apache/maven/maven-model/2.0.6/maven-model-2.0.6.pom (3.0 kB at 190 kB/s)
[3adc70a5-ab4b-455e-af4c-aafaaee2247c/build]   | [INFO] Downloading from central: https://repo.maven.apache.org/maven2/org/codehaus/plexus/plexus-utils/1.4.1/plexus-utils-1.4.1.pom
[3adc70a5-ab4b-455e-af4c-aafaaee2247c/build]   | [INFO] Downloaded from central: https://repo.maven.apache.org/maven2/org/codehaus/plexus/plexus-utils/1.4.1/plexus-utils-1.4.1.pom (1.9 kB at 239 kB/s)
[3adc70a5-ab4b-455e-af4c-aafaaee2247c/build]   | [INFO] Downloading from central: https://repo.maven.apache.org/maven2/org/codehaus/plexus/plexus/1.0.11/plexus-1.0.11.pom
[3adc70a5-ab4b-455e-af4c-aafaaee2247c/build]   | [INFO] Downloaded from central: https://repo.maven.apache.org/maven2/org/codehaus/plexus/plexus/1.0.11/plexus-1.0.11.pom (9.0 kB at 176 kB/s)
[3adc70a5-ab4b-455e-af4c-aafaaee2247c/build]   | [INFO] Downloading from central: https://repo.maven.apache.org/maven2/org/codehaus/plexus/plexus-container-default/1.0-alpha-9-stable-1/plexus-container-default-1.0-alpha-9-stable-1.pom
[3adc70a5-ab4b-455e-af4c-aafaaee2247c/build]   | [INFO] Downloaded from central: https://repo.maven.apache.org/maven2/org/codehaus/plexus/plexus-container-default/1.0-alpha-9-stable-1/plexus-container-default-1.0-alpha-9-stable-1.pom (3.9 kB at 395 kB/s)
[3adc70a5-ab4b-455e-af4c-aafaaee2247c/build]   | [INFO] Downloading from central: https://repo.maven.apache.org/maven2/org/codehaus/plexus/plexus-containers/1.0.3/plexus-containers-1.0.3.pom
[3adc70a5-ab4b-455e-af4c-aafaaee2247c/build]   | [INFO] Downloaded from central: https://repo.maven.apache.org/maven2/org/codehaus/plexus/plexus-containers/1.0.3/plexus-containers-1.0.3.pom (492 B at 29 kB/s)
[3adc70a5-ab4b-455e-af4c-aafaaee2247c/build]   | [INFO] Downloading from central: https://repo.maven.apache.org/maven2/org/codehaus/plexus/plexus/1.0.4/plexus-1.0.4.pom
[3adc70a5-ab4b-455e-af4c-aafaaee2247c/build]   | [INFO] Downloaded from central: https://repo.maven.apache.org/maven2/org/codehaus/plexus/plexus/1.0.4/plexus-1.0.4.pom (5.7 kB at 717 kB/s)
[3adc70a5-ab4b-455e-af4c-aafaaee2247c/build]   | [INFO] Downloading from central: https://repo.maven.apache.org/maven2/junit/junit/3.8.1/junit-3.8.1.pom
[3adc70a5-ab4b-455e-af4c-aafaaee2247c/build]   | [INFO] Downloaded from central: https://repo.maven.apache.org/maven2/junit/junit/3.8.1/junit-3.8.1.pom (998 B at 45 kB/s)
[3adc70a5-ab4b-455e-af4c-aafaaee2247c/build]   | [INFO] Downloading from central: https://repo.maven.apache.org/maven2/org/codehaus/plexus/plexus-utils/1.0.4/plexus-utils-1.0.4.pom
[3adc70a5-ab4b-455e-af4c-aafaaee2247c/build]   | [INFO] Downloaded from central: https://repo.maven.apache.org/maven2/org/codehaus/plexus/plexus-utils/1.0.4/plexus-utils-1.0.4.pom (6.9 kB at 1.4 MB/s)
[3adc70a5-ab4b-455e-af4c-aafaaee2247c/build]   | [INFO] Downloading from central: https://repo.maven.apache.org/maven2/classworlds/classworlds/1.1-alpha-2/classworlds-1.1-alpha-2.pom
[3adc70a5-ab4b-455e-af4c-aafaaee2247c/build]   | [INFO] Downloaded from central: https://repo.maven.apache.org/maven2/classworlds/classworlds/1.1-alpha-2/classworlds-1.1-alpha-2.pom (3.1 kB at 447 kB/s)
[3adc70a5-ab4b-455e-af4c-aafaaee2247c/build]   | [INFO] Downloading from central: https://repo.maven.apache.org/maven2/org/apache/maven/maven-profile/2.0.6/maven-profile-2.0.6.pom
[3adc70a5-ab4b-455e-af4c-aafaaee2247c/build]   | [INFO] Downloaded from central: https://repo.maven.apache.org/maven2/org/apache/maven/maven-profile/2.0.6/maven-profile-2.0.6.pom (2.0 kB at 55 kB/s)
[3adc70a5-ab4b-455e-af4c-aafaaee2247c/build]   | [INFO] Downloading from central: https://repo.maven.apache.org/maven2/org/apache/maven/maven-artifact-manager/2.0.6/maven-artifact-manager-2.0.6.pom
[3adc70a5-ab4b-455e-af4c-aafaaee2247c/build]   | [INFO] Downloaded from central: https://repo.maven.apache.org/maven2/org/apache/maven/maven-artifact-manager/2.0.6/maven-artifact-manager-2.0.6.pom (2.6 kB at 109 kB/s)
[3adc70a5-ab4b-455e-af4c-aafaaee2247c/build]   | [INFO] Downloading from central: https://repo.maven.apache.org/maven2/org/apache/maven/maven-repository-metadata/2.0.6/maven-repository-metadata-2.0.6.pom
[3adc70a5-ab4b-455e-af4c-aafaaee2247c/build]   | [INFO] Downloaded from central: https://repo.maven.apache.org/maven2/org/apache/maven/maven-repository-metadata/2.0.6/maven-repository-metadata-2.0.6.pom (1.9 kB at 80 kB/s)
[3adc70a5-ab4b-455e-af4c-aafaaee2247c/build]   | [INFO] Downloading from central: https://repo.maven.apache.org/maven2/org/apache/maven/maven-artifact/2.0.6/maven-artifact-2.0.6.pom
[3adc70a5-ab4b-455e-af4c-aafaaee2247c/build]   | [INFO] Downloaded from central: https://repo.maven.apache.org/maven2/org/apache/maven/maven-artifact/2.0.6/maven-artifact-2.0.6.pom (1.6 kB at 131 kB/s)
[3adc70a5-ab4b-455e-af4c-aafaaee2247c/build]   | [INFO] Downloading from central: https://repo.maven.apache.org/maven2/org/apache/maven/maven-plugin-registry/2.0.6/maven-plugin-registry-2.0.6.pom
[3adc70a5-ab4b-455e-af4c-aafaaee2247c/build]   | [INFO] Downloaded from central: https://repo.maven.apache.org/maven2/org/apache/maven/maven-plugin-registry/2.0.6/maven-plugin-registry-2.0.6.pom (1.9 kB at 243 kB/s)
[3adc70a5-ab4b-455e-af4c-aafaaee2247c/build]   | [INFO] Downloading from central: https://repo.maven.apache.org/maven2/org/apache/maven/maven-core/2.0.6/maven-core-2.0.6.pom
[3adc70a5-ab4b-455e-af4c-aafaaee2247c/build]   | [INFO] Downloaded from central: https://repo.maven.apache.org/maven2/org/apache/maven/maven-core/2.0.6/maven-core-2.0.6.pom (6.7 kB at 959 kB/s)
[3adc70a5-ab4b-455e-af4c-aafaaee2247c/build]   | [INFO] Downloading from central: https://repo.maven.apache.org/maven2/org/apache/maven/maven-plugin-parameter-documenter/2.0.6/maven-plugin-parameter-documenter-2.0.6.pom
[3adc70a5-ab4b-455e-af4c-aafaaee2247c/build]   | [INFO] Downloaded from central: https://repo.maven.apache.org/maven2/org/apache/maven/maven-plugin-parameter-documenter/2.0.6/maven-plugin-parameter-documenter-2.0.6.pom (1.9 kB at 52 kB/s)
[3adc70a5-ab4b-455e-af4c-aafaaee2247c/build]   | [INFO] Downloading from central: https://repo.maven.apache.org/maven2/org/apache/maven/reporting/maven-reporting-api/2.0.6/maven-reporting-api-2.0.6.pom
[3adc70a5-ab4b-455e-af4c-aafaaee2247c/build]   | [INFO] Downloaded from central: https://repo.maven.apache.org/maven2/org/apache/maven/reporting/maven-reporting-api/2.0.6/maven-reporting-api-2.0.6.pom (1.8 kB at 292 kB/s)
[3adc70a5-ab4b-455e-af4c-aafaaee2247c/build]   | [INFO] Downloading from central: https://repo.maven.apache.org/maven2/org/apache/maven/reporting/maven-reporting/2.0.6/maven-reporting-2.0.6.pom
[3adc70a5-ab4b-455e-af4c-aafaaee2247c/build]   | [INFO] Downloaded from central: https://repo.maven.apache.org/maven2/org/apache/maven/reporting/maven-reporting/2.0.6/maven-reporting-2.0.6.pom (1.4 kB at 53 kB/s)
[3adc70a5-ab4b-455e-af4c-aafaaee2247c/build]   | [INFO] Downloading from central: https://repo.maven.apache.org/maven2/org/apache/maven/doxia/doxia-sink-api/1.0-alpha-7/doxia-sink-api-1.0-alpha-7.pom
[3adc70a5-ab4b-455e-af4c-aafaaee2247c/build]   | [INFO] Downloaded from central: https://repo.maven.apache.org/maven2/org/apache/maven/doxia/doxia-sink-api/1.0-alpha-7/doxia-sink-api-1.0-alpha-7.pom (424 B at 53 kB/s)
[3adc70a5-ab4b-455e-af4c-aafaaee2247c/build]   | [INFO] Downloading from central: https://repo.maven.apache.org/maven2/org/apache/maven/doxia/doxia/1.0-alpha-7/doxia-1.0-alpha-7.pom
[3adc70a5-ab4b-455e-af4c-aafaaee2247c/build]   | [INFO] Downloaded from central: https://repo.maven.apache.org/maven2/org/apache/maven/doxia/doxia/1.0-alpha-7/doxia-1.0-alpha-7.pom (3.9 kB at 356 kB/s)
[3adc70a5-ab4b-455e-af4c-aafaaee2247c/build]   | [INFO] Downloading from central: https://repo.maven.apache.org/maven2/org/apache/maven/maven-error-diagnostics/2.0.6/maven-error-diagnostics-2.0.6.pom
[3adc70a5-ab4b-455e-af4c-aafaaee2247c/build]   | [INFO] Downloaded from central: https://repo.maven.apache.org/maven2/org/apache/maven/maven-error-diagnostics/2.0.6/maven-error-diagnostics-2.0.6.pom (1.7 kB at 106 kB/s)
[3adc70a5-ab4b-455e-af4c-aafaaee2247c/build]   | [INFO] Downloading from central: https://repo.maven.apache.org/maven2/commons-cli/commons-cli/1.0/commons-cli-1.0.pom
[3adc70a5-ab4b-455e-af4c-aafaaee2247c/build]   | [INFO] Downloaded from central: https://repo.maven.apache.org/maven2/commons-cli/commons-cli/1.0/commons-cli-1.0.pom (2.1 kB at 92 kB/s)
[3adc70a5-ab4b-455e-af4c-aafaaee2247c/build]   | [INFO] Downloading from central: https://repo.maven.apache.org/maven2/org/apache/maven/maven-plugin-descriptor/2.0.6/maven-plugin-descriptor-2.0.6.pom
[3adc70a5-ab4b-455e-af4c-aafaaee2247c/build]   | [INFO] Downloaded from central: https://repo.maven.apache.org/maven2/org/apache/maven/maven-plugin-descriptor/2.0.6/maven-plugin-descriptor-2.0.6.pom (2.0 kB at 70 kB/s)
[3adc70a5-ab4b-455e-af4c-aafaaee2247c/build]   | [INFO] Downloading from central: https://repo.maven.apache.org/maven2/org/codehaus/plexus/plexus-interactivity-api/1.0-alpha-4/plexus-interactivity-api-1.0-alpha-4.pom
[3adc70a5-ab4b-455e-af4c-aafaaee2247c/build]   | [INFO] Downloaded from central: https://repo.maven.apache.org/maven2/org/codehaus/plexus/plexus-interactivity-api/1.0-alpha-4/plexus-interactivity-api-1.0-alpha-4.pom (7.1 kB at 373 kB/s)
[3adc70a5-ab4b-455e-af4c-aafaaee2247c/build]   | [INFO] Downloading from central: https://repo.maven.apache.org/maven2/org/apache/maven/maven-monitor/2.0.6/maven-monitor-2.0.6.pom
[3adc70a5-ab4b-455e-af4c-aafaaee2247c/build]   | [INFO] Downloaded from central: https://repo.maven.apache.org/maven2/org/apache/maven/maven-monitor/2.0.6/maven-monitor-2.0.6.pom (1.3 kB at 74 kB/s)
[3adc70a5-ab4b-455e-af4c-aafaaee2247c/build]   | [INFO] Downloading from central: https://repo.maven.apache.org/maven2/classworlds/classworlds/1.1/classworlds-1.1.pom
[3adc70a5-ab4b-455e-af4c-aafaaee2247c/build]   | [INFO] Downloaded from central: https://repo.maven.apache.org/maven2/classworlds/classworlds/1.1/classworlds-1.1.pom (3.3 kB at 196 kB/s)
[3adc70a5-ab4b-455e-af4c-aafaaee2247c/build]   | [INFO] Downloading from central: https://repo.maven.apache.org/maven2/org/codehaus/plexus/plexus-utils/2.0.5/plexus-utils-2.0.5.pom
[3adc70a5-ab4b-455e-af4c-aafaaee2247c/build]   | [INFO] Downloaded from central: https://repo.maven.apache.org/maven2/org/codehaus/plexus/plexus-utils/2.0.5/plexus-utils-2.0.5.pom (3.3 kB at 208 kB/s)
[3adc70a5-ab4b-455e-af4c-aafaaee2247c/build]   | [INFO] Downloading from central: https://repo.maven.apache.org/maven2/org/codehaus/plexus/plexus/2.0.6/plexus-2.0.6.pom
[3adc70a5-ab4b-455e-af4c-aafaaee2247c/build]   | [INFO] Downloaded from central: https://repo.maven.apache.org/maven2/org/codehaus/plexus/plexus/2.0.6/plexus-2.0.6.pom (17 kB at 1.9 MB/s)
[3adc70a5-ab4b-455e-af4c-aafaaee2247c/build]   | [INFO] Downloading from central: https://repo.maven.apache.org/maven2/org/apache/maven/shared/maven-filtering/1.1/maven-filtering-1.1.pom
[3adc70a5-ab4b-455e-af4c-aafaaee2247c/build]   | [INFO] Downloaded from central: https://repo.maven.apache.org/maven2/org/apache/maven/shared/maven-filtering/1.1/maven-filtering-1.1.pom (5.8 kB at 232 kB/s)
[3adc70a5-ab4b-455e-af4c-aafaaee2247c/build]   | [INFO] Downloading from central: https://repo.maven.apache.org/maven2/org/apache/maven/shared/maven-shared-components/17/maven-shared-components-17.pom
[3adc70a5-ab4b-455e-af4c-aafaaee2247c/build]   | [INFO] Downloaded from central: https://repo.maven.apache.org/maven2/org/apache/maven/shared/maven-shared-components/17/maven-shared-components-17.pom (8.7 kB at 669 kB/s)
[3adc70a5-ab4b-455e-af4c-aafaaee2247c/build]   | [INFO] Downloading from central: https://repo.maven.apache.org/maven2/org/codehaus/plexus/plexus-utils/1.5.15/plexus-utils-1.5.15.pom
[3adc70a5-ab4b-455e-af4c-aafaaee2247c/build]   | [INFO] Downloaded from central: https://repo.maven.apache.org/maven2/org/codehaus/plexus/plexus-utils/1.5.15/plexus-utils-1.5.15.pom (6.8 kB at 685 kB/s)
[3adc70a5-ab4b-455e-af4c-aafaaee2247c/build]   | [INFO] Downloading from central: https://repo.maven.apache.org/maven2/org/codehaus/plexus/plexus/2.0.2/plexus-2.0.2.pom
[3adc70a5-ab4b-455e-af4c-aafaaee2247c/build]   | [INFO] Downloaded from central: https://repo.maven.apache.org/maven2/org/codehaus/plexus/plexus/2.0.2/plexus-2.0.2.pom (12 kB at 1.5 MB/s)
[3adc70a5-ab4b-455e-af4c-aafaaee2247c/build]   | [INFO] Downloading from central: https://repo.maven.apache.org/maven2/org/codehaus/plexus/plexus-interpolation/1.12/plexus-interpolation-1.12.pom
[3adc70a5-ab4b-455e-af4c-aafaaee2247c/build]   | [INFO] Downloaded from central: https://repo.maven.apache.org/maven2/org/codehaus/plexus/plexus-interpolation/1.12/plexus-interpolation-1.12.pom (889 B at 127 kB/s)
[3adc70a5-ab4b-455e-af4c-aafaaee2247c/build]   | [INFO] Downloading from central: https://repo.maven.apache.org/maven2/org/codehaus/plexus/plexus-components/1.1.14/plexus-components-1.1.14.pom
[3adc70a5-ab4b-455e-af4c-aafaaee2247c/build]   | [INFO] Downloaded from central: https://repo.maven.apache.org/maven2/org/codehaus/plexus/plexus-components/1.1.14/plexus-components-1.1.14.pom (5.8 kB at 835 kB/s)
[3adc70a5-ab4b-455e-af4c-aafaaee2247c/build]   | [INFO] Downloading from central: https://repo.maven.apache.org/maven2/org/sonatype/plexus/plexus-build-api/0.0.4/plexus-build-api-0.0.4.pom
[3adc70a5-ab4b-455e-af4c-aafaaee2247c/build]   | [INFO] Downloaded from central: https://repo.maven.apache.org/maven2/org/sonatype/plexus/plexus-build-api/0.0.4/plexus-build-api-0.0.4.pom (2.9 kB at 191 kB/s)
[3adc70a5-ab4b-455e-af4c-aafaaee2247c/build]   | [INFO] Downloading from central: https://repo.maven.apache.org/maven2/org/sonatype/spice/spice-parent/10/spice-parent-10.pom
[3adc70a5-ab4b-455e-af4c-aafaaee2247c/build]   | [INFO] Downloaded from central: https://repo.maven.apache.org/maven2/org/sonatype/spice/spice-parent/10/spice-parent-10.pom (3.0 kB at 302 kB/s)
[3adc70a5-ab4b-455e-af4c-aafaaee2247c/build]   | [INFO] Downloading from central: https://repo.maven.apache.org/maven2/org/sonatype/forge/forge-parent/3/forge-parent-3.pom
[3adc70a5-ab4b-455e-af4c-aafaaee2247c/build]   | [INFO] Downloaded from central: https://repo.maven.apache.org/maven2/org/sonatype/forge/forge-parent/3/forge-parent-3.pom (5.0 kB at 280 kB/s)
[3adc70a5-ab4b-455e-af4c-aafaaee2247c/build]   | [INFO] Downloading from central: https://repo.maven.apache.org/maven2/org/codehaus/plexus/plexus-utils/1.5.8/plexus-utils-1.5.8.pom
[3adc70a5-ab4b-455e-af4c-aafaaee2247c/build]   | [INFO] Downloaded from central: https://repo.maven.apache.org/maven2/org/codehaus/plexus/plexus-utils/1.5.8/plexus-utils-1.5.8.pom (8.1 kB at 504 kB/s)
[3adc70a5-ab4b-455e-af4c-aafaaee2247c/build]   | [INFO] Downloading from central: https://repo.maven.apache.org/maven2/org/codehaus/plexus/plexus-interpolation/1.13/plexus-interpolation-1.13.pom
[3adc70a5-ab4b-455e-af4c-aafaaee2247c/build]   | [INFO] Downloaded from central: https://repo.maven.apache.org/maven2/org/codehaus/plexus/plexus-interpolation/1.13/plexus-interpolation-1.13.pom (890 B at 111 kB/s)
[3adc70a5-ab4b-455e-af4c-aafaaee2247c/build]   | [INFO] Downloading from central: https://repo.maven.apache.org/maven2/org/codehaus/plexus/plexus-components/1.1.15/plexus-components-1.1.15.pom
[3adc70a5-ab4b-455e-af4c-aafaaee2247c/build]   | [INFO] Downloaded from central: https://repo.maven.apache.org/maven2/org/codehaus/plexus/plexus-components/1.1.15/plexus-components-1.1.15.pom (2.8 kB at 84 kB/s)
[3adc70a5-ab4b-455e-af4c-aafaaee2247c/build]   | [INFO] Downloading from central: https://repo.maven.apache.org/maven2/org/codehaus/plexus/plexus/2.0.3/plexus-2.0.3.pom
[3adc70a5-ab4b-455e-af4c-aafaaee2247c/build]   | [INFO] Downloaded from central: https://repo.maven.apache.org/maven2/org/codehaus/plexus/plexus/2.0.3/plexus-2.0.3.pom (15 kB at 515 kB/s)
[3adc70a5-ab4b-455e-af4c-aafaaee2247c/build]   | [INFO] Downloading from central: https://repo.maven.apache.org/maven2/org/apache/maven/maven-plugin-api/2.0.6/maven-plugin-api-2.0.6.jar
[3adc70a5-ab4b-455e-af4c-aafaaee2247c/build]   | [INFO] Downloading from central: https://repo.maven.apache.org/maven2/org/apache/maven/maven-project/2.0.6/maven-project-2.0.6.jar
[3adc70a5-ab4b-455e-af4c-aafaaee2247c/build]   | [INFO] Downloading from central: https://repo.maven.apache.org/maven2/org/apache/maven/maven-profile/2.0.6/maven-profile-2.0.6.jar
[3adc70a5-ab4b-455e-af4c-aafaaee2247c/build]   | [INFO] Downloading from central: https://repo.maven.apache.org/maven2/org/apache/maven/maven-artifact-manager/2.0.6/maven-artifact-manager-2.0.6.jar
[3adc70a5-ab4b-455e-af4c-aafaaee2247c/build]   | [INFO] Downloading from central: https://repo.maven.apache.org/maven2/org/apache/maven/maven-plugin-registry/2.0.6/maven-plugin-registry-2.0.6.jar
[3adc70a5-ab4b-455e-af4c-aafaaee2247c/build]   | [INFO] Downloaded from central: https://repo.maven.apache.org/maven2/org/apache/maven/maven-artifact-manager/2.0.6/maven-artifact-manager-2.0.6.jar (57 kB at 2.3 MB/s)
[3adc70a5-ab4b-455e-af4c-aafaaee2247c/build]   | [INFO] Downloading from central: https://repo.maven.apache.org/maven2/org/apache/maven/maven-core/2.0.6/maven-core-2.0.6.jar
[3adc70a5-ab4b-455e-af4c-aafaaee2247c/build]   | [INFO] Downloaded from central: https://repo.maven.apache.org/maven2/org/apache/maven/maven-profile/2.0.6/maven-profile-2.0.6.jar (35 kB at 1.1 MB/s)
[3adc70a5-ab4b-455e-af4c-aafaaee2247c/build]   | [INFO] Downloaded from central: https://repo.maven.apache.org/maven2/org/apache/maven/maven-plugin-registry/2.0.6/maven-plugin-registry-2.0.6.jar (29 kB at 933 kB/s)
[3adc70a5-ab4b-455e-af4c-aafaaee2247c/build]   | [INFO] Downloading from central: https://repo.maven.apache.org/maven2/org/apache/maven/maven-plugin-parameter-documenter/2.0.6/maven-plugin-parameter-documenter-2.0.6.jar
[3adc70a5-ab4b-455e-af4c-aafaaee2247c/build]   | [INFO] Downloading from central: https://repo.maven.apache.org/maven2/org/apache/maven/reporting/maven-reporting-api/2.0.6/maven-reporting-api-2.0.6.jar
[3adc70a5-ab4b-455e-af4c-aafaaee2247c/build]   | [INFO] Downloaded from central: https://repo.maven.apache.org/maven2/org/apache/maven/maven-plugin-api/2.0.6/maven-plugin-api-2.0.6.jar (13 kB at 415 kB/s)
[3adc70a5-ab4b-455e-af4c-aafaaee2247c/build]   | [INFO] Downloading from central: https://repo.maven.apache.org/maven2/org/apache/maven/doxia/doxia-sink-api/1.0-alpha-7/doxia-sink-api-1.0-alpha-7.jar
[3adc70a5-ab4b-455e-af4c-aafaaee2247c/build]   | [INFO] Downloaded from central: https://repo.maven.apache.org/maven2/org/apache/maven/reporting/maven-reporting-api/2.0.6/maven-reporting-api-2.0.6.jar (9.9 kB at 249 kB/s)
[3adc70a5-ab4b-455e-af4c-aafaaee2247c/build]   | [INFO] Downloading from central: https://repo.maven.apache.org/maven2/org/apache/maven/maven-repository-metadata/2.0.6/maven-repository-metadata-2.0.6.jar
[3adc70a5-ab4b-455e-af4c-aafaaee2247c/build]   | [INFO] Downloaded from central: https://repo.maven.apache.org/maven2/org/apache/maven/maven-plugin-parameter-documenter/2.0.6/maven-plugin-parameter-documenter-2.0.6.jar (21 kB at 377 kB/s)
[3adc70a5-ab4b-455e-af4c-aafaaee2247c/build]   | [INFO] Downloading from central: https://repo.maven.apache.org/maven2/org/apache/maven/maven-error-diagnostics/2.0.6/maven-error-diagnostics-2.0.6.jar
[3adc70a5-ab4b-455e-af4c-aafaaee2247c/build]   | [INFO] Downloaded from central: https://repo.maven.apache.org/maven2/org/apache/maven/maven-repository-metadata/2.0.6/maven-repository-metadata-2.0.6.jar (24 kB at 422 kB/s)
[3adc70a5-ab4b-455e-af4c-aafaaee2247c/build]   | [INFO] Downloading from central: https://repo.maven.apache.org/maven2/commons-cli/commons-cli/1.0/commons-cli-1.0.jar
[3adc70a5-ab4b-455e-af4c-aafaaee2247c/build]   | [INFO] Downloaded from central: https://repo.maven.apache.org/maven2/org/apache/maven/maven-core/2.0.6/maven-core-2.0.6.jar (152 kB at 2.6 MB/s)
[3adc70a5-ab4b-455e-af4c-aafaaee2247c/build]   | [INFO] Downloading from central: https://repo.maven.apache.org/maven2/org/apache/maven/maven-plugin-descriptor/2.0.6/maven-plugin-descriptor-2.0.6.jar
[3adc70a5-ab4b-455e-af4c-aafaaee2247c/build]   | [INFO] Downloaded from central: https://repo.maven.apache.org/maven2/org/apache/maven/doxia/doxia-sink-api/1.0-alpha-7/doxia-sink-api-1.0-alpha-7.jar (5.9 kB at 97 kB/s)
[3adc70a5-ab4b-455e-af4c-aafaaee2247c/build]   | [INFO] Downloading from central: https://repo.maven.apache.org/maven2/org/codehaus/plexus/plexus-interactivity-api/1.0-alpha-4/plexus-interactivity-api-1.0-alpha-4.jar
[3adc70a5-ab4b-455e-af4c-aafaaee2247c/build]   | [INFO] Downloaded from central: https://repo.maven.apache.org/maven2/org/apache/maven/maven-project/2.0.6/maven-project-2.0.6.jar (116 kB at 1.8 MB/s)
[3adc70a5-ab4b-455e-af4c-aafaaee2247c/build]   | [INFO] Downloading from central: https://repo.maven.apache.org/maven2/classworlds/classworlds/1.1/classworlds-1.1.jar
[3adc70a5-ab4b-455e-af4c-aafaaee2247c/build]   | [INFO] Downloaded from central: https://repo.maven.apache.org/maven2/org/apache/maven/maven-plugin-descriptor/2.0.6/maven-plugin-descriptor-2.0.6.jar (37 kB at 559 kB/s)
[3adc70a5-ab4b-455e-af4c-aafaaee2247c/build]   | [INFO] Downloading from central: https://repo.maven.apache.org/maven2/org/apache/maven/maven-artifact/2.0.6/maven-artifact-2.0.6.jar
[3adc70a5-ab4b-455e-af4c-aafaaee2247c/build]   | [INFO] Downloaded from central: https://repo.maven.apache.org/maven2/org/apache/maven/maven-error-diagnostics/2.0.6/maven-error-diagnostics-2.0.6.jar (14 kB at 206 kB/s)
[3adc70a5-ab4b-455e-af4c-aafaaee2247c/build]   | [INFO] Downloading from central: https://repo.maven.apache.org/maven2/org/apache/maven/maven-settings/2.0.6/maven-settings-2.0.6.jar
[3adc70a5-ab4b-455e-af4c-aafaaee2247c/build]   | [INFO] Downloaded from central: https://repo.maven.apache.org/maven2/commons-cli/commons-cli/1.0/commons-cli-1.0.jar (30 kB at 450 kB/s)
[3adc70a5-ab4b-455e-af4c-aafaaee2247c/build]   | [INFO] Downloading from central: https://repo.maven.apache.org/maven2/org/apache/maven/maven-model/2.0.6/maven-model-2.0.6.jar
[3adc70a5-ab4b-455e-af4c-aafaaee2247c/build]   | [INFO] Downloaded from central: https://repo.maven.apache.org/maven2/org/codehaus/plexus/plexus-interactivity-api/1.0-alpha-4/plexus-interactivity-api-1.0-alpha-4.jar (13 kB at 189 kB/s)
[3adc70a5-ab4b-455e-af4c-aafaaee2247c/build]   | [INFO] Downloading from central: https://repo.maven.apache.org/maven2/org/apache/maven/maven-monitor/2.0.6/maven-monitor-2.0.6.jar
[3adc70a5-ab4b-455e-af4c-aafaaee2247c/build]   | [INFO] Downloaded from central: https://repo.maven.apache.org/maven2/classworlds/classworlds/1.1/classworlds-1.1.jar (38 kB at 407 kB/s)
[3adc70a5-ab4b-455e-af4c-aafaaee2247c/build]   | [INFO] Downloading from central: https://repo.maven.apache.org/maven2/org/codehaus/plexus/plexus-container-default/1.0-alpha-9-stable-1/plexus-container-default-1.0-alpha-9-stable-1.jar
[3adc70a5-ab4b-455e-af4c-aafaaee2247c/build]   | [INFO] Downloaded from central: https://repo.maven.apache.org/maven2/org/apache/maven/maven-settings/2.0.6/maven-settings-2.0.6.jar (49 kB at 522 kB/s)
[3adc70a5-ab4b-455e-af4c-aafaaee2247c/build]   | [INFO] Downloading from central: https://repo.maven.apache.org/maven2/junit/junit/3.8.1/junit-3.8.1.jar
[3adc70a5-ab4b-455e-af4c-aafaaee2247c/build]   | [INFO] Downloaded from central: https://repo.maven.apache.org/maven2/org/apache/maven/maven-model/2.0.6/maven-model-2.0.6.jar (86 kB at 909 kB/s)
[3adc70a5-ab4b-455e-af4c-aafaaee2247c/build]   | [INFO] Downloading from central: https://repo.maven.apache.org/maven2/org/codehaus/plexus/plexus-utils/2.0.5/plexus-utils-2.0.5.jar
[3adc70a5-ab4b-455e-af4c-aafaaee2247c/build]   | [INFO] Downloaded from central: https://repo.maven.apache.org/maven2/org/apache/maven/maven-artifact/2.0.6/maven-artifact-2.0.6.jar (87 kB at 910 kB/s)
[3adc70a5-ab4b-455e-af4c-aafaaee2247c/build]   | [INFO] Downloading from central: https://repo.maven.apache.org/maven2/org/apache/maven/shared/maven-filtering/1.1/maven-filtering-1.1.jar
[3adc70a5-ab4b-455e-af4c-aafaaee2247c/build]   | [INFO] Downloaded from central: https://repo.maven.apache.org/maven2/org/apache/maven/maven-monitor/2.0.6/maven-monitor-2.0.6.jar (10 kB at 102 kB/s)
[3adc70a5-ab4b-455e-af4c-aafaaee2247c/build]   | [INFO] Downloading from central: https://repo.maven.apache.org/maven2/org/sonatype/plexus/plexus-build-api/0.0.4/plexus-build-api-0.0.4.jar
[3adc70a5-ab4b-455e-af4c-aafaaee2247c/build]   | [INFO] Downloaded from central: https://repo.maven.apache.org/maven2/org/apache/maven/shared/maven-filtering/1.1/maven-filtering-1.1.jar (43 kB at 399 kB/s)
[3adc70a5-ab4b-455e-af4c-aafaaee2247c/build]   | [INFO] Downloading from central: https://repo.maven.apache.org/maven2/org/codehaus/plexus/plexus-interpolation/1.13/plexus-interpolation-1.13.jar
[3adc70a5-ab4b-455e-af4c-aafaaee2247c/build]   | [INFO] Downloaded from central: https://repo.maven.apache.org/maven2/junit/junit/3.8.1/junit-3.8.1.jar (121 kB at 859 kB/s)
[3adc70a5-ab4b-455e-af4c-aafaaee2247c/build]   | [INFO] Downloaded from central: https://repo.maven.apache.org/maven2/org/sonatype/plexus/plexus-build-api/0.0.4/plexus-build-api-0.0.4.jar (6.8 kB at 48 kB/s)
[3adc70a5-ab4b-455e-af4c-aafaaee2247c/build]   | [INFO] Downloaded from central: https://repo.maven.apache.org/maven2/org/codehaus/plexus/plexus-interpolation/1.13/plexus-interpolation-1.13.jar (61 kB at 427 kB/s)
[3adc70a5-ab4b-455e-af4c-aafaaee2247c/build]   | [INFO] Downloaded from central: https://repo.maven.apache.org/maven2/org/codehaus/plexus/plexus-container-default/1.0-alpha-9-stable-1/plexus-container-default-1.0-alpha-9-stable-1.jar (194 kB at 1.4 MB/s)
[3adc70a5-ab4b-455e-af4c-aafaaee2247c/build]   | [INFO] Downloaded from central: https://repo.maven.apache.org/maven2/org/codehaus/plexus/plexus-utils/2.0.5/plexus-utils-2.0.5.jar (223 kB at 1.6 MB/s)
[3adc70a5-ab4b-455e-af4c-aafaaee2247c/build]   | [INFO] Using 'UTF-8' encoding to copy filtered resources.
[3adc70a5-ab4b-455e-af4c-aafaaee2247c/build]   | [INFO] skip non existing resourceDirectory /tmp/3c408385-4f15-4b73-993c-634a941b343d/src/main/resources
[3adc70a5-ab4b-455e-af4c-aafaaee2247c/build]   | [INFO] 
[3adc70a5-ab4b-455e-af4c-aafaaee2247c/build]   | [INFO] --- maven-compiler-plugin:3.3:compile (default-compile) @ solarpositioning ---
[3adc70a5-ab4b-455e-af4c-aafaaee2247c/build]   | [INFO] Downloading from central: https://repo.maven.apache.org/maven2/org/apache/maven/maven-plugin-api/2.2.1/maven-plugin-api-2.2.1.pom
[3adc70a5-ab4b-455e-af4c-aafaaee2247c/build]   | [INFO] Downloaded from central: https://repo.maven.apache.org/maven2/org/apache/maven/maven-plugin-api/2.2.1/maven-plugin-api-2.2.1.pom (1.5 kB at 133 kB/s)
[3adc70a5-ab4b-455e-af4c-aafaaee2247c/build]   | [INFO] Downloading from central: https://repo.maven.apache.org/maven2/org/apache/maven/maven/2.2.1/maven-2.2.1.pom
[3adc70a5-ab4b-455e-af4c-aafaaee2247c/build]   | [INFO] Downloaded from central: https://repo.maven.apache.org/maven2/org/apache/maven/maven/2.2.1/maven-2.2.1.pom (22 kB at 2.5 MB/s)
[3adc70a5-ab4b-455e-af4c-aafaaee2247c/build]   | [INFO] Downloading from central: https://repo.maven.apache.org/maven2/org/apache/maven/maven-parent/11/maven-parent-11.pom
[3adc70a5-ab4b-455e-af4c-aafaaee2247c/build]   | [INFO] Downloaded from central: https://repo.maven.apache.org/maven2/org/apache/maven/maven-parent/11/maven-parent-11.pom (32 kB at 1.2 MB/s)
[3adc70a5-ab4b-455e-af4c-aafaaee2247c/build]   | [INFO] Downloading from central: https://repo.maven.apache.org/maven2/org/apache/apache/5/apache-5.pom
[3adc70a5-ab4b-455e-af4c-aafaaee2247c/build]   | [INFO] Downloaded from central: https://repo.maven.apache.org/maven2/org/apache/apache/5/apache-5.pom (4.1 kB at 315 kB/s)
[3adc70a5-ab4b-455e-af4c-aafaaee2247c/build]   | [INFO] Downloading from central: https://repo.maven.apache.org/maven2/org/apache/maven/maven-artifact/2.2.1/maven-artifact-2.2.1.pom
[3adc70a5-ab4b-455e-af4c-aafaaee2247c/build]   | [INFO] Downloaded from central: https://repo.maven.apache.org/maven2/org/apache/maven/maven-artifact/2.2.1/maven-artifact-2.2.1.pom (1.6 kB at 75 kB/s)
[3adc70a5-ab4b-455e-af4c-aafaaee2247c/build]   | [INFO] Downloading from central: https://repo.maven.apache.org/maven2/org/apache/maven/maven-core/2.2.1/maven-core-2.2.1.pom
[3adc70a5-ab4b-455e-af4c-aafaaee2247c/build]   | [INFO] Downloaded from central: https://repo.maven.apache.org/maven2/org/apache/maven/maven-core/2.2.1/maven-core-2.2.1.pom (12 kB at 895 kB/s)
[3adc70a5-ab4b-455e-af4c-aafaaee2247c/build]   | [INFO] Downloading from central: https://repo.maven.apache.org/maven2/org/apache/maven/maven-settings/2.2.1/maven-settings-2.2.1.pom
[3adc70a5-ab4b-455e-af4c-aafaaee2247c/build]   | [INFO] Downloaded from central: https://repo.maven.apache.org/maven2/org/apache/maven/maven-settings/2.2.1/maven-settings-2.2.1.pom (2.2 kB at 91 kB/s)
[3adc70a5-ab4b-455e-af4c-aafaaee2247c/build]   | [INFO] Downloading from central: https://repo.maven.apache.org/maven2/org/apache/maven/maven-model/2.2.1/maven-model-2.2.1.pom
[3adc70a5-ab4b-455e-af4c-aafaaee2247c/build]   | [INFO] Downloaded from central: https://repo.maven.apache.org/maven2/org/apache/maven/maven-model/2.2.1/maven-model-2.2.1.pom (3.2 kB at 147 kB/s)
[3adc70a5-ab4b-455e-af4c-aafaaee2247c/build]   | [INFO] Downloading from central: https://repo.maven.apache.org/maven2/org/codehaus/plexus/plexus-interpolation/1.11/plexus-interpolation-1.11.pom
[3adc70a5-ab4b-455e-af4c-aafaaee2247c/build]   | [INFO] Downloaded from central: https://repo.maven.apache.org/maven2/org/codehaus/plexus/plexus-interpolation/1.11/plexus-interpolation-1.11.pom (889 B at 59 kB/s)
[3adc70a5-ab4b-455e-af4c-aafaaee2247c/build]   | [INFO] Downloading from central: https://repo.maven.apache.org/maven2/org/apache/maven/maven-plugin-parameter-documenter/2.2.1/maven-plugin-parameter-documenter-2.2.1.pom
[3adc70a5-ab4b-455e-af4c-aafaaee2247c/build]   | [INFO] Downloaded from central: https://repo.maven.apache.org/maven2/org/apache/maven/maven-plugin-parameter-documenter/2.2.1/maven-plugin-parameter-documenter-2.2.1.pom (2.0 kB at 36 kB/s)
[3adc70a5-ab4b-455e-af4c-aafaaee2247c/build]   | [INFO] Downloading from central: https://repo.maven.apache.org/maven2/org/slf4j/slf4j-jdk14/1.5.6/slf4j-jdk14-1.5.6.pom
[3adc70a5-ab4b-455e-af4c-aafaaee2247c/build]   | [INFO] Downloaded from central: https://repo.maven.apache.org/maven2/org/slf4j/slf4j-jdk14/1.5.6/slf4j-jdk14-1.5.6.pom (1.9 kB at 211 kB/s)
[3adc70a5-ab4b-455e-af4c-aafaaee2247c/build]   | [INFO] Downloading from central: https://repo.maven.apache.org/maven2/org/slf4j/slf4j-parent/1.5.6/slf4j-parent-1.5.6.pom
[3adc70a5-ab4b-455e-af4c-aafaaee2247c/build]   | [INFO] Downloaded from central: https://repo.maven.apache.org/maven2/org/slf4j/slf4j-parent/1.5.6/slf4j-parent-1.5.6.pom (7.9 kB at 360 kB/s)
[3adc70a5-ab4b-455e-af4c-aafaaee2247c/build]   | [INFO] Downloading from central: https://repo.maven.apache.org/maven2/org/slf4j/slf4j-api/1.5.6/slf4j-api-1.5.6.pom
[3adc70a5-ab4b-455e-af4c-aafaaee2247c/build]   | [INFO] Downloaded from central: https://repo.maven.apache.org/maven2/org/slf4j/slf4j-api/1.5.6/slf4j-api-1.5.6.pom (3.0 kB at 176 kB/s)
[3adc70a5-ab4b-455e-af4c-aafaaee2247c/build]   | [INFO] Downloading from central: https://repo.maven.apache.org/maven2/org/slf4j/jcl-over-slf4j/1.5.6/jcl-over-slf4j-1.5.6.pom
[3adc70a5-ab4b-455e-af4c-aafaaee2247c/build]   | [INFO] Downloaded from central: https://repo.maven.apache.org/maven2/org/slf4j/jcl-over-slf4j/1.5.6/jcl-over-slf4j-1.5.6.pom (2.2 kB at 197 kB/s)
[3adc70a5-ab4b-455e-af4c-aafaaee2247c/build]   | [INFO] Downloading from central: https://repo.maven.apache.org/maven2/org/apache/maven/maven-profile/2.2.1/maven-profile-2.2.1.pom
[3adc70a5-ab4b-455e-af4c-aafaaee2247c/build]   | [INFO] Downloaded from central: https://repo.maven.apache.org/maven2/org/apache/maven/maven-profile/2.2.1/maven-profile-2.2.1.pom (2.2 kB at 109 kB/s)
[3adc70a5-ab4b-455e-af4c-aafaaee2247c/build]   | [INFO] Downloading from central: https://repo.maven.apache.org/maven2/org/apache/maven/maven-repository-metadata/2.2.1/maven-repository-metadata-2.2.1.pom
[3adc70a5-ab4b-455e-af4c-aafaaee2247c/build]   | [INFO] Downloaded from central: https://repo.maven.apache.org/maven2/org/apache/maven/maven-repository-metadata/2.2.1/maven-repository-metadata-2.2.1.pom (1.9 kB at 125 kB/s)
[3adc70a5-ab4b-455e-af4c-aafaaee2247c/build]   | [INFO] Downloading from central: https://repo.maven.apache.org/maven2/org/apache/maven/maven-error-diagnostics/2.2.1/maven-error-diagnostics-2.2.1.pom
[3adc70a5-ab4b-455e-af4c-aafaaee2247c/build]   | [INFO] Downloaded from central: https://repo.maven.apache.org/maven2/org/apache/maven/maven-error-diagnostics/2.2.1/maven-error-diagnostics-2.2.1.pom (1.7 kB at 131 kB/s)
[3adc70a5-ab4b-455e-af4c-aafaaee2247c/build]   | [INFO] Downloading from central: https://repo.maven.apache.org/maven2/org/apache/maven/maven-project/2.2.1/maven-project-2.2.1.pom
[3adc70a5-ab4b-455e-af4c-aafaaee2247c/build]   | [INFO] Downloaded from central: https://repo.maven.apache.org/maven2/org/apache/maven/maven-project/2.2.1/maven-project-2.2.1.pom (2.8 kB at 252 kB/s)
[3adc70a5-ab4b-455e-af4c-aafaaee2247c/build]   | [INFO] Downloading from central: https://repo.maven.apache.org/maven2/org/apache/maven/maven-artifact-manager/2.2.1/maven-artifact-manager-2.2.1.pom
[3adc70a5-ab4b-455e-af4c-aafaaee2247c/build]   | [INFO] Downloaded from central: https://repo.maven.apache.org/maven2/org/apache/maven/maven-artifact-manager/2.2.1/maven-artifact-manager-2.2.1.pom (3.1 kB at 239 kB/s)
[3adc70a5-ab4b-455e-af4c-aafaaee2247c/build]   | [INFO] Downloading from central: https://repo.maven.apache.org/maven2/backport-util-concurrent/backport-util-concurrent/3.1/backport-util-concurrent-3.1.pom
[3adc70a5-ab4b-455e-af4c-aafaaee2247c/build]   | [INFO] Downloaded from central: https://repo.maven.apache.org/maven2/backport-util-concurrent/backport-util-concurrent/3.1/backport-util-concurrent-3.1.pom (880 B at 25 kB/s)
[3adc70a5-ab4b-455e-af4c-aafaaee2247c/build]   | [INFO] Downloading from central: https://repo.maven.apache.org/maven2/org/apache/maven/maven-plugin-registry/2.2.1/maven-plugin-registry-2.2.1.pom
[3adc70a5-ab4b-455e-af4c-aafaaee2247c/build]   | [INFO] Downloaded from central: https://repo.maven.apache.org/maven2/org/apache/maven/maven-plugin-registry/2.2.1/maven-plugin-registry-2.2.1.pom (1.9 kB at 193 kB/s)
[3adc70a5-ab4b-455e-af4c-aafaaee2247c/build]   | [INFO] Downloading from central: https://repo.maven.apache.org/maven2/org/apache/maven/maven-plugin-descriptor/2.2.1/maven-plugin-descriptor-2.2.1.pom
[3adc70a5-ab4b-455e-af4c-aafaaee2247c/build]   | [INFO] Downloaded from central: https://repo.maven.apache.org/maven2/org/apache/maven/maven-plugin-descriptor/2.2.1/maven-plugin-descriptor-2.2.1.pom (2.1 kB at 188 kB/s)
[3adc70a5-ab4b-455e-af4c-aafaaee2247c/build]   | [INFO] Downloading from central: https://repo.maven.apache.org/maven2/org/apache/maven/maven-monitor/2.2.1/maven-monitor-2.2.1.pom
[3adc70a5-ab4b-455e-af4c-aafaaee2247c/build]   | [INFO] Downloaded from central: https://repo.maven.apache.org/maven2/org/apache/maven/maven-monitor/2.2.1/maven-monitor-2.2.1.pom (1.3 kB at 114 kB/s)
[3adc70a5-ab4b-455e-af4c-aafaaee2247c/build]   | [INFO] Downloading from central: https://repo.maven.apache.org/maven2/org/sonatype/plexus/plexus-sec-dispatcher/1.3/plexus-sec-dispatcher-1.3.pom
[3adc70a5-ab4b-455e-af4c-aafaaee2247c/build]   | [INFO] Downloaded from central: https://repo.maven.apache.org/maven2/org/sonatype/plexus/plexus-sec-dispatcher/1.3/plexus-sec-dispatcher-1.3.pom (3.0 kB at 106 kB/s)
[3adc70a5-ab4b-455e-af4c-aafaaee2247c/build]   | [INFO] Downloading from central: https://repo.maven.apache.org/maven2/org/sonatype/spice/spice-parent/12/spice-parent-12.pom
[3adc70a5-ab4b-455e-af4c-aafaaee2247c/build]   | [INFO] Downloaded from central: https://repo.maven.apache.org/maven2/org/sonatype/spice/spice-parent/12/spice-parent-12.pom (6.8 kB at 523 kB/s)
[3adc70a5-ab4b-455e-af4c-aafaaee2247c/build]   | [INFO] Downloading from central: https://repo.maven.apache.org/maven2/org/sonatype/forge/forge-parent/4/forge-parent-4.pom
[3adc70a5-ab4b-455e-af4c-aafaaee2247c/build]   | [INFO] Downloaded from central: https://repo.maven.apache.org/maven2/org/sonatype/forge/forge-parent/4/forge-parent-4.pom (8.4 kB at 1.0 MB/s)
[3adc70a5-ab4b-455e-af4c-aafaaee2247c/build]   | [INFO] Downloading from central: https://repo.maven.apache.org/maven2/org/codehaus/plexus/plexus-utils/1.5.5/plexus-utils-1.5.5.pom
[3adc70a5-ab4b-455e-af4c-aafaaee2247c/build]   | [INFO] Downloaded from central: https://repo.maven.apache.org/maven2/org/codehaus/plexus/plexus-utils/1.5.5/plexus-utils-1.5.5.pom (5.1 kB at 191 kB/s)
[3adc70a5-ab4b-455e-af4c-aafaaee2247c/build]   | [INFO] Downloading from central: https://repo.maven.apache.org/maven2/org/sonatype/plexus/plexus-cipher/1.4/plexus-cipher-1.4.pom
[3adc70a5-ab4b-455e-af4c-aafaaee2247c/build]   | [INFO] Downloaded from central: https://repo.maven.apache.org/maven2/org/sonatype/plexus/plexus-cipher/1.4/plexus-cipher-1.4.pom (2.1 kB at 148 kB/s)
[3adc70a5-ab4b-455e-af4c-aafaaee2247c/build]   | [INFO] Downloading from central: https://repo.maven.apache.org/maven2/org/apache/maven/maven-toolchain/2.2.1/maven-toolchain-2.2.1.pom
[3adc70a5-ab4b-455e-af4c-aafaaee2247c/build]   | [INFO] Downloaded from central: https://repo.maven.apache.org/maven2/org/apache/maven/maven-toolchain/2.2.1/maven-toolchain-2.2.1.pom (3.3 kB at 334 kB/s)
[3adc70a5-ab4b-455e-af4c-aafaaee2247c/build]   | [INFO] Downloading from central: https://repo.maven.apache.org/maven2/org/apache/maven/reporting/maven-reporting-api/2.2.1/maven-reporting-api-2.2.1.pom
[3adc70a5-ab4b-455e-af4c-aafaaee2247c/build]   | [INFO] Downloaded from central: https://repo.maven.apache.org/maven2/org/apache/maven/reporting/maven-reporting-api/2.2.1/maven-reporting-api-2.2.1.pom (1.9 kB at 62 kB/s)
[3adc70a5-ab4b-455e-af4c-aafaaee2247c/build]   | [INFO] Downloading from central: https://repo.maven.apache.org/maven2/org/apache/maven/reporting/maven-reporting/2.2.1/maven-reporting-2.2.1.pom
[3adc70a5-ab4b-455e-af4c-aafaaee2247c/build]   | [INFO] Downloaded from central: https://repo.maven.apache.org/maven2/org/apache/maven/reporting/maven-reporting/2.2.1/maven-reporting-2.2.1.pom (1.4 kB at 58 kB/s)
[3adc70a5-ab4b-455e-af4c-aafaaee2247c/build]   | [INFO] Downloading from central: https://repo.maven.apache.org/maven2/org/apache/maven/doxia/doxia-sink-api/1.1/doxia-sink-api-1.1.pom
[3adc70a5-ab4b-455e-af4c-aafaaee2247c/build]   | [INFO] Downloaded from central: https://repo.maven.apache.org/maven2/org/apache/maven/doxia/doxia-sink-api/1.1/doxia-sink-api-1.1.pom (2.0 kB at 291 kB/s)
[3adc70a5-ab4b-455e-af4c-aafaaee2247c/build]   | [INFO] Downloading from central: https://repo.maven.apache.org/maven2/org/apache/maven/doxia/doxia/1.1/doxia-1.1.pom
[3adc70a5-ab4b-455e-af4c-aafaaee2247c/build]   | [INFO] Downloaded from central: https://repo.maven.apache.org/maven2/org/apache/maven/doxia/doxia/1.1/doxia-1.1.pom (15 kB at 1.4 MB/s)
[3adc70a5-ab4b-455e-af4c-aafaaee2247c/build]   | [INFO] Downloading from central: https://repo.maven.apache.org/maven2/org/apache/maven/doxia/doxia-logging-api/1.1/doxia-logging-api-1.1.pom
[3adc70a5-ab4b-455e-af4c-aafaaee2247c/build]   | [INFO] Downloaded from central: https://repo.maven.apache.org/maven2/org/apache/maven/doxia/doxia-logging-api/1.1/doxia-logging-api-1.1.pom (1.6 kB at 175 kB/s)
[3adc70a5-ab4b-455e-af4c-aafaaee2247c/build]   | [INFO] Downloading from central: https://repo.maven.apache.org/maven2/org/codehaus/plexus/plexus-container-default/1.0-alpha-30/plexus-container-default-1.0-alpha-30.pom
[3adc70a5-ab4b-455e-af4c-aafaaee2247c/build]   | [INFO] Downloaded from central: https://repo.maven.apache.org/maven2/org/codehaus/plexus/plexus-container-default/1.0-alpha-30/plexus-container-default-1.0-alpha-30.pom (3.5 kB at 386 kB/s)
[3adc70a5-ab4b-455e-af4c-aafaaee2247c/build]   | [INFO] Downloading from central: https://repo.maven.apache.org/maven2/org/codehaus/plexus/plexus-containers/1.0-alpha-30/plexus-containers-1.0-alpha-30.pom
[3adc70a5-ab4b-455e-af4c-aafaaee2247c/build]   | [INFO] Downloaded from central: https://repo.maven.apache.org/maven2/org/codehaus/plexus/plexus-containers/1.0-alpha-30/plexus-containers-1.0-alpha-30.pom (1.9 kB at 210 kB/s)
[3adc70a5-ab4b-455e-af4c-aafaaee2247c/build]   | [INFO] Downloading from central: https://repo.maven.apache.org/maven2/org/codehaus/plexus/plexus-utils/1.4.5/plexus-utils-1.4.5.pom
[3adc70a5-ab4b-455e-af4c-aafaaee2247c/build]   | [INFO] Downloaded from central: https://repo.maven.apache.org/maven2/org/codehaus/plexus/plexus-utils/1.4.5/plexus-utils-1.4.5.pom (2.3 kB at 378 kB/s)
[3adc70a5-ab4b-455e-af4c-aafaaee2247c/build]   | [INFO] Downloading from central: https://repo.maven.apache.org/maven2/org/codehaus/plexus/plexus-classworlds/1.2-alpha-9/plexus-classworlds-1.2-alpha-9.pom
[3adc70a5-ab4b-455e-af4c-aafaaee2247c/build]   | [INFO] Downloaded from central: https://repo.maven.apache.org/maven2/org/codehaus/plexus/plexus-classworlds/1.2-alpha-9/plexus-classworlds-1.2-alpha-9.pom (3.2 kB at 124 kB/s)
[3adc70a5-ab4b-455e-af4c-aafaaee2247c/build]   | [INFO] Downloading from central: https://repo.maven.apache.org/maven2/org/codehaus/plexus/plexus/1.0.10/plexus-1.0.10.pom
[3adc70a5-ab4b-455e-af4c-aafaaee2247c/build]   | [INFO] Downloaded from central: https://repo.maven.apache.org/maven2/org/codehaus/plexus/plexus/1.0.10/plexus-1.0.10.pom (8.2 kB at 589 kB/s)
[3adc70a5-ab4b-455e-af4c-aafaaee2247c/build]   | [INFO] Downloading from central: https://repo.maven.apache.org/maven2/commons-cli/commons-cli/1.2/commons-cli-1.2.pom
[3adc70a5-ab4b-455e-af4c-aafaaee2247c/build]   | [INFO] Downloaded from central: https://repo.maven.apache.org/maven2/commons-cli/commons-cli/1.2/commons-cli-1.2.pom (8.0 kB at 332 kB/s)
[3adc70a5-ab4b-455e-af4c-aafaaee2247c/build]   | [INFO] Downloading from central: https://repo.maven.apache.org/maven2/org/apache/commons/commons-parent/11/commons-parent-11.pom
[3adc70a5-ab4b-455e-af4c-aafaaee2247c/build]   | [INFO] Downloaded from central: https://repo.maven.apache.org/maven2/org/apache/commons/commons-parent/11/commons-parent-11.pom (25 kB at 1.8 MB/s)
[3adc70a5-ab4b-455e-af4c-aafaaee2247c/build]   | [INFO] Downloading from central: https://repo.maven.apache.org/maven2/org/apache/apache/4/apache-4.pom
[3adc70a5-ab4b-455e-af4c-aafaaee2247c/build]   | [INFO] Downloaded from central: https://repo.maven.apache.org/maven2/org/apache/apache/4/apache-4.pom (4.5 kB at 499 kB/s)
[3adc70a5-ab4b-455e-af4c-aafaaee2247c/build]   | [INFO] Downloading from central: https://repo.maven.apache.org/maven2/org/apache/maven/shared/maven-shared-utils/0.7/maven-shared-utils-0.7.pom
[3adc70a5-ab4b-455e-af4c-aafaaee2247c/build]   | [INFO] Downloaded from central: https://repo.maven.apache.org/maven2/org/apache/maven/shared/maven-shared-utils/0.7/maven-shared-utils-0.7.pom (5.0 kB at 152 kB/s)
[3adc70a5-ab4b-455e-af4c-aafaaee2247c/build]   | [INFO] Downloading from central: https://repo.maven.apache.org/maven2/org/apache/maven/shared/maven-shared-components/20/maven-shared-components-20.pom
[3adc70a5-ab4b-455e-af4c-aafaaee2247c/build]   | [INFO] Downloaded from central: https://repo.maven.apache.org/maven2/org/apache/maven/shared/maven-shared-components/20/maven-shared-components-20.pom (5.1 kB at 426 kB/s)
[3adc70a5-ab4b-455e-af4c-aafaaee2247c/build]   | [INFO] Downloading from central: https://repo.maven.apache.org/maven2/org/apache/maven/maven-parent/24/maven-parent-24.pom
[3adc70a5-ab4b-455e-af4c-aafaaee2247c/build]   | [INFO] Downloaded from central: https://repo.maven.apache.org/maven2/org/apache/maven/maven-parent/24/maven-parent-24.pom (37 kB at 3.1 MB/s)
[3adc70a5-ab4b-455e-af4c-aafaaee2247c/build]   | [INFO] Downloading from central: https://repo.maven.apache.org/maven2/org/apache/apache/14/apache-14.pom
[3adc70a5-ab4b-455e-af4c-aafaaee2247c/build]   | [INFO] Downloaded from central: https://repo.maven.apache.org/maven2/org/apache/apache/14/apache-14.pom (15 kB at 1.6 MB/s)
[3adc70a5-ab4b-455e-af4c-aafaaee2247c/build]   | [INFO] Downloading from central: https://repo.maven.apache.org/maven2/com/google/code/findbugs/jsr305/2.0.1/jsr305-2.0.1.pom
[3adc70a5-ab4b-455e-af4c-aafaaee2247c/build]   | [INFO] Downloaded from central: https://repo.maven.apache.org/maven2/com/google/code/findbugs/jsr305/2.0.1/jsr305-2.0.1.pom (965 B at 74 kB/s)
[3adc70a5-ab4b-455e-af4c-aafaaee2247c/build]   | [INFO] Downloading from central: https://repo.maven.apache.org/maven2/org/apache/maven/shared/maven-shared-incremental/1.1/maven-shared-incremental-1.1.pom
[3adc70a5-ab4b-455e-af4c-aafaaee2247c/build]   | [INFO] Downloaded from central: https://repo.maven.apache.org/maven2/org/apache/maven/shared/maven-shared-incremental/1.1/maven-shared-incremental-1.1.pom (4.7 kB at 206 kB/s)
[3adc70a5-ab4b-455e-af4c-aafaaee2247c/build]   | [INFO] Downloading from central: https://repo.maven.apache.org/maven2/org/apache/maven/shared/maven-shared-components/19/maven-shared-components-19.pom
[3adc70a5-ab4b-455e-af4c-aafaaee2247c/build]   | [INFO] Downloaded from central: https://repo.maven.apache.org/maven2/org/apache/maven/shared/maven-shared-components/19/maven-shared-components-19.pom (6.4 kB at 219 kB/s)
[3adc70a5-ab4b-455e-af4c-aafaaee2247c/build]   | [INFO] Downloading from central: https://repo.maven.apache.org/maven2/org/apache/maven/maven-parent/23/maven-parent-23.pom
[3adc70a5-ab4b-455e-af4c-aafaaee2247c/build]   | [INFO] Downloaded from central: https://repo.maven.apache.org/maven2/org/apache/maven/maven-parent/23/maven-parent-23.pom (33 kB at 987 kB/s)
[3adc70a5-ab4b-455e-af4c-aafaaee2247c/build]   | [INFO] Downloading from central: https://repo.maven.apache.org/maven2/org/apache/apache/13/apache-13.pom
[3adc70a5-ab4b-455e-af4c-aafaaee2247c/build]   | [INFO] Downloaded from central: https://repo.maven.apache.org/maven2/org/apache/apache/13/apache-13.pom (14 kB at 1.4 MB/s)
[3adc70a5-ab4b-455e-af4c-aafaaee2247c/build]   | [INFO] Downloading from central: https://repo.maven.apache.org/maven2/org/apache/maven/shared/maven-shared-utils/0.1/maven-shared-utils-0.1.pom
[3adc70a5-ab4b-455e-af4c-aafaaee2247c/build]   | [INFO] Downloaded from central: https://repo.maven.apache.org/maven2/org/apache/maven/shared/maven-shared-utils/0.1/maven-shared-utils-0.1.pom (4.0 kB at 674 kB/s)
[3adc70a5-ab4b-455e-af4c-aafaaee2247c/build]   | [INFO] Downloading from central: https://repo.maven.apache.org/maven2/org/apache/maven/shared/maven-shared-components/18/maven-shared-components-18.pom
[3adc70a5-ab4b-455e-af4c-aafaaee2247c/build]   | [INFO] Downloaded from central: https://repo.maven.apache.org/maven2/org/apache/maven/shared/maven-shared-components/18/maven-shared-components-18.pom (4.9 kB at 130 kB/s)
[3adc70a5-ab4b-455e-af4c-aafaaee2247c/build]   | [INFO] Downloading from central: https://repo.maven.apache.org/maven2/org/codehaus/plexus/plexus-component-annotations/1.5.5/plexus-component-annotations-1.5.5.pom
[3adc70a5-ab4b-455e-af4c-aafaaee2247c/build]   | [INFO] Downloaded from central: https://repo.maven.apache.org/maven2/org/codehaus/plexus/plexus-component-annotations/1.5.5/plexus-component-annotations-1.5.5.pom (815 B at 136 kB/s)
[3adc70a5-ab4b-455e-af4c-aafaaee2247c/build]   | [INFO] Downloading from central: https://repo.maven.apache.org/maven2/org/codehaus/plexus/plexus-containers/1.5.5/plexus-containers-1.5.5.pom
[3adc70a5-ab4b-455e-af4c-aafaaee2247c/build]   | [INFO] Downloaded from central: https://repo.maven.apache.org/maven2/org/codehaus/plexus/plexus-containers/1.5.5/plexus-containers-1.5.5.pom (4.2 kB at 707 kB/s)
[3adc70a5-ab4b-455e-af4c-aafaaee2247c/build]   | [INFO] Downloading from central: https://repo.maven.apache.org/maven2/org/codehaus/plexus/plexus/2.0.7/plexus-2.0.7.pom
[3adc70a5-ab4b-455e-af4c-aafaaee2247c/build]   | [INFO] Downloaded from central: https://repo.maven.apache.org/maven2/org/codehaus/plexus/plexus/2.0.7/plexus-2.0.7.pom (17 kB at 2.2 MB/s)
[3adc70a5-ab4b-455e-af4c-aafaaee2247c/build]   | [INFO] Downloading from central: https://repo.maven.apache.org/maven2/org/codehaus/plexus/plexus-compiler-api/2.5/plexus-compiler-api-2.5.pom
[3adc70a5-ab4b-455e-af4c-aafaaee2247c/build]   | [INFO] Downloaded from central: https://repo.maven.apache.org/maven2/org/codehaus/plexus/plexus-compiler-api/2.5/plexus-compiler-api-2.5.pom (865 B at 86 kB/s)
[3adc70a5-ab4b-455e-af4c-aafaaee2247c/build]   | [INFO] Downloading from central: https://repo.maven.apache.org/maven2/org/codehaus/plexus/plexus-compiler/2.5/plexus-compiler-2.5.pom
[3adc70a5-ab4b-455e-af4c-aafaaee2247c/build]   | [INFO] Downloaded from central: https://repo.maven.apache.org/maven2/org/codehaus/plexus/plexus-compiler/2.5/plexus-compiler-2.5.pom (5.3 kB at 354 kB/s)
[3adc70a5-ab4b-455e-af4c-aafaaee2247c/build]   | [INFO] Downloading from central: https://repo.maven.apache.org/maven2/org/codehaus/plexus/plexus-components/1.3.1/plexus-components-1.3.1.pom
[3adc70a5-ab4b-455e-af4c-aafaaee2247c/build]   | [INFO] Downloaded from central: https://repo.maven.apache.org/maven2/org/codehaus/plexus/plexus-components/1.3.1/plexus-components-1.3.1.pom (3.1 kB at 511 kB/s)
[3adc70a5-ab4b-455e-af4c-aafaaee2247c/build]   | [INFO] Downloading from central: https://repo.maven.apache.org/maven2/org/codehaus/plexus/plexus/3.3.1/plexus-3.3.1.pom
[3adc70a5-ab4b-455e-af4c-aafaaee2247c/build]   | [INFO] Downloaded from central: https://repo.maven.apache.org/maven2/org/codehaus/plexus/plexus/3.3.1/plexus-3.3.1.pom (20 kB at 2.6 MB/s)
[3adc70a5-ab4b-455e-af4c-aafaaee2247c/build]   | [INFO] Downloading from central: https://repo.maven.apache.org/maven2/org/sonatype/spice/spice-parent/17/spice-parent-17.pom
[3adc70a5-ab4b-455e-af4c-aafaaee2247c/build]   | [INFO] Downloaded from central: https://repo.maven.apache.org/maven2/org/sonatype/spice/spice-parent/17/spice-parent-17.pom (6.8 kB at 966 kB/s)
[3adc70a5-ab4b-455e-af4c-aafaaee2247c/build]   | [INFO] Downloading from central: https://repo.maven.apache.org/maven2/org/sonatype/forge/forge-parent/10/forge-parent-10.pom
[3adc70a5-ab4b-455e-af4c-aafaaee2247c/build]   | [INFO] Downloaded from central: https://repo.maven.apache.org/maven2/org/sonatype/forge/forge-parent/10/forge-parent-10.pom (14 kB at 1.9 MB/s)
[3adc70a5-ab4b-455e-af4c-aafaaee2247c/build]   | [INFO] Downloading from central: https://repo.maven.apache.org/maven2/org/codehaus/plexus/plexus-utils/3.0.10/plexus-utils-3.0.10.pom
[3adc70a5-ab4b-455e-af4c-aafaaee2247c/build]   | [INFO] Downloaded from central: https://repo.maven.apache.org/maven2/org/codehaus/plexus/plexus-utils/3.0.10/plexus-utils-3.0.10.pom (3.1 kB at 314 kB/s)
[3adc70a5-ab4b-455e-af4c-aafaaee2247c/build]   | [INFO] Downloading from central: https://repo.maven.apache.org/maven2/org/codehaus/plexus/plexus/3.3/plexus-3.3.pom
[3adc70a5-ab4b-455e-af4c-aafaaee2247c/build]   | [INFO] Downloaded from central: https://repo.maven.apache.org/maven2/org/codehaus/plexus/plexus/3.3/plexus-3.3.pom (20 kB at 1.1 MB/s)
[3adc70a5-ab4b-455e-af4c-aafaaee2247c/build]   | [INFO] Downloading from central: https://repo.maven.apache.org/maven2/org/codehaus/plexus/plexus-compiler-manager/2.5/plexus-compiler-manager-2.5.pom
[3adc70a5-ab4b-455e-af4c-aafaaee2247c/build]   | [INFO] Downloaded from central: https://repo.maven.apache.org/maven2/org/codehaus/plexus/plexus-compiler-manager/2.5/plexus-compiler-manager-2.5.pom (690 B at 46 kB/s)
[3adc70a5-ab4b-455e-af4c-aafaaee2247c/build]   | [INFO] Downloading from central: https://repo.maven.apache.org/maven2/org/codehaus/plexus/plexus-compiler-javac/2.5/plexus-compiler-javac-2.5.pom
[3adc70a5-ab4b-455e-af4c-aafaaee2247c/build]   | [INFO] Downloaded from central: https://repo.maven.apache.org/maven2/org/codehaus/plexus/plexus-compiler-javac/2.5/plexus-compiler-javac-2.5.pom (769 B at 27 kB/s)
[3adc70a5-ab4b-455e-af4c-aafaaee2247c/build]   | [INFO] Downloading from central: https://repo.maven.apache.org/maven2/org/codehaus/plexus/plexus-compilers/2.5/plexus-compilers-2.5.pom
[3adc70a5-ab4b-455e-af4c-aafaaee2247c/build]   | [INFO] Downloaded from central: https://repo.maven.apache.org/maven2/org/codehaus/plexus/plexus-compilers/2.5/plexus-compilers-2.5.pom (1.3 kB at 72 kB/s)
[3adc70a5-ab4b-455e-af4c-aafaaee2247c/build]   | [INFO] Downloading from central: https://repo.maven.apache.org/maven2/org/codehaus/plexus/plexus-container-default/1.5.5/plexus-container-default-1.5.5.pom
[3adc70a5-ab4b-455e-af4c-aafaaee2247c/build]   | [INFO] Downloaded from central: https://repo.maven.apache.org/maven2/org/codehaus/plexus/plexus-container-default/1.5.5/plexus-container-default-1.5.5.pom (2.8 kB at 306 kB/s)
[3adc70a5-ab4b-455e-af4c-aafaaee2247c/build]   | [INFO] Downloading from central: https://repo.maven.apache.org/maven2/org/codehaus/plexus/plexus-classworlds/2.2.2/plexus-classworlds-2.2.2.pom
[3adc70a5-ab4b-455e-af4c-aafaaee2247c/build]   | [INFO] Downloaded from central: https://repo.maven.apache.org/maven2/org/codehaus/plexus/plexus-classworlds/2.2.2/plexus-classworlds-2.2.2.pom (4.0 kB at 269 kB/s)
[3adc70a5-ab4b-455e-af4c-aafaaee2247c/build]   | [INFO] Downloading from central: https://repo.maven.apache.org/maven2/org/apache/xbean/xbean-reflect/3.4/xbean-reflect-3.4.pom
[3adc70a5-ab4b-455e-af4c-aafaaee2247c/build]   | [INFO] Downloaded from central: https://repo.maven.apache.org/maven2/org/apache/xbean/xbean-reflect/3.4/xbean-reflect-3.4.pom (2.8 kB at 187 kB/s)
[3adc70a5-ab4b-455e-af4c-aafaaee2247c/build]   | [INFO] Downloading from central: https://repo.maven.apache.org/maven2/org/apache/xbean/xbean/3.4/xbean-3.4.pom
[3adc70a5-ab4b-455e-af4c-aafaaee2247c/build]   | [INFO] Downloaded from central: https://repo.maven.apache.org/maven2/org/apache/xbean/xbean/3.4/xbean-3.4.pom (19 kB at 2.6 MB/s)
[3adc70a5-ab4b-455e-af4c-aafaaee2247c/build]   | [INFO] Downloading from central: https://repo.maven.apache.org/maven2/log4j/log4j/1.2.12/log4j-1.2.12.pom
[3adc70a5-ab4b-455e-af4c-aafaaee2247c/build]   | [INFO] Downloaded from central: https://repo.maven.apache.org/maven2/log4j/log4j/1.2.12/log4j-1.2.12.pom (145 B at 16 kB/s)
[3adc70a5-ab4b-455e-af4c-aafaaee2247c/build]   | [INFO] Downloading from central: https://repo.maven.apache.org/maven2/commons-logging/commons-logging-api/1.1/commons-logging-api-1.1.pom
[3adc70a5-ab4b-455e-af4c-aafaaee2247c/build]   | [INFO] Downloaded from central: https://repo.maven.apache.org/maven2/commons-logging/commons-logging-api/1.1/commons-logging-api-1.1.pom (5.3 kB at 535 kB/s)
[3adc70a5-ab4b-455e-af4c-aafaaee2247c/build]   | [INFO] Downloading from central: https://repo.maven.apache.org/maven2/com/google/collections/google-collections/1.0/google-collections-1.0.pom
[3adc70a5-ab4b-455e-af4c-aafaaee2247c/build]   | [INFO] Downloaded from central: https://repo.maven.apache.org/maven2/com/google/collections/google-collections/1.0/google-collections-1.0.pom (2.5 kB at 354 kB/s)
[3adc70a5-ab4b-455e-af4c-aafaaee2247c/build]   | [INFO] Downloading from central: https://repo.maven.apache.org/maven2/com/google/google/1/google-1.pom
[3adc70a5-ab4b-455e-af4c-aafaaee2247c/build]   | [INFO] Downloaded from central: https://repo.maven.apache.org/maven2/com/google/google/1/google-1.pom (1.6 kB at 222 kB/s)
[3adc70a5-ab4b-455e-af4c-aafaaee2247c/build]   | [INFO] Downloading from central: https://repo.maven.apache.org/maven2/junit/junit/3.8.2/junit-3.8.2.pom
[3adc70a5-ab4b-455e-af4c-aafaaee2247c/build]   | [INFO] Downloaded from central: https://repo.maven.apache.org/maven2/junit/junit/3.8.2/junit-3.8.2.pom (747 B at 93 kB/s)
[3adc70a5-ab4b-455e-af4c-aafaaee2247c/build]   | [INFO] Downloading from central: https://repo.maven.apache.org/maven2/org/apache/maven/maven-plugin-api/2.2.1/maven-plugin-api-2.2.1.jar
[3adc70a5-ab4b-455e-af4c-aafaaee2247c/build]   | [INFO] Downloading from central: https://repo.maven.apache.org/maven2/org/apache/maven/maven-artifact/2.2.1/maven-artifact-2.2.1.jar
[3adc70a5-ab4b-455e-af4c-aafaaee2247c/build]   | [INFO] Downloading from central: https://repo.maven.apache.org/maven2/org/codehaus/plexus/plexus-utils/1.5.15/plexus-utils-1.5.15.jar
[3adc70a5-ab4b-455e-af4c-aafaaee2247c/build]   | [INFO] Downloading from central: https://repo.maven.apache.org/maven2/org/apache/maven/maven-core/2.2.1/maven-core-2.2.1.jar
[3adc70a5-ab4b-455e-af4c-aafaaee2247c/build]   | [INFO] Downloading from central: https://repo.maven.apache.org/maven2/org/apache/maven/maven-settings/2.2.1/maven-settings-2.2.1.jar
[3adc70a5-ab4b-455e-af4c-aafaaee2247c/build]   | [INFO] Downloaded from central: https://repo.maven.apache.org/maven2/org/apache/maven/maven-settings/2.2.1/maven-settings-2.2.1.jar (49 kB at 3.5 MB/s)
[3adc70a5-ab4b-455e-af4c-aafaaee2247c/build]   | [INFO] Downloading from central: https://repo.maven.apache.org/maven2/org/codehaus/plexus/plexus-interpolation/1.11/plexus-interpolation-1.11.jar
[3adc70a5-ab4b-455e-af4c-aafaaee2247c/build]   | [INFO] Downloaded from central: https://repo.maven.apache.org/maven2/org/apache/maven/maven-artifact/2.2.1/maven-artifact-2.2.1.jar (80 kB at 5.0 MB/s)
[3adc70a5-ab4b-455e-af4c-aafaaee2247c/build]   | [INFO] Downloading from central: https://repo.maven.apache.org/maven2/org/apache/maven/maven-plugin-parameter-documenter/2.2.1/maven-plugin-parameter-documenter-2.2.1.jar
[3adc70a5-ab4b-455e-af4c-aafaaee2247c/build]   | [INFO] Downloaded from central: https://repo.maven.apache.org/maven2/org/codehaus/plexus/plexus-utils/1.5.15/plexus-utils-1.5.15.jar (228 kB at 9.5 MB/s)
[3adc70a5-ab4b-455e-af4c-aafaaee2247c/build]   | [INFO] Downloaded from central: https://repo.maven.apache.org/maven2/org/apache/maven/maven-plugin-parameter-documenter/2.2.1/maven-plugin-parameter-documenter-2.2.1.jar (22 kB at 925 kB/s)
[3adc70a5-ab4b-455e-af4c-aafaaee2247c/build]   | [INFO] Downloading from central: https://repo.maven.apache.org/maven2/org/slf4j/slf4j-jdk14/1.5.6/slf4j-jdk14-1.5.6.jar
[3adc70a5-ab4b-455e-af4c-aafaaee2247c/build]   | [INFO] Downloading from central: https://repo.maven.apache.org/maven2/org/slf4j/slf4j-api/1.5.6/slf4j-api-1.5.6.jar
[3adc70a5-ab4b-455e-af4c-aafaaee2247c/build]   | [INFO] Downloaded from central: https://repo.maven.apache.org/maven2/org/codehaus/plexus/plexus-interpolation/1.11/plexus-interpolation-1.11.jar (51 kB at 2.2 MB/s)
[3adc70a5-ab4b-455e-af4c-aafaaee2247c/build]   | [INFO] Downloading from central: https://repo.maven.apache.org/maven2/org/slf4j/jcl-over-slf4j/1.5.6/jcl-over-slf4j-1.5.6.jar
[3adc70a5-ab4b-455e-af4c-aafaaee2247c/build]   | [INFO] Downloaded from central: https://repo.maven.apache.org/maven2/org/apache/maven/maven-plugin-api/2.2.1/maven-plugin-api-2.2.1.jar (12 kB at 206 kB/s)
[3adc70a5-ab4b-455e-af4c-aafaaee2247c/build]   | [INFO] Downloading from central: https://repo.maven.apache.org/maven2/org/apache/maven/maven-profile/2.2.1/maven-profile-2.2.1.jar
[3adc70a5-ab4b-455e-af4c-aafaaee2247c/build]   | [INFO] Downloaded from central: https://repo.maven.apache.org/maven2/org/apache/maven/maven-core/2.2.1/maven-core-2.2.1.jar (178 kB at 2.7 MB/s)
[3adc70a5-ab4b-455e-af4c-aafaaee2247c/build]   | [INFO] Downloading from central: https://repo.maven.apache.org/maven2/org/apache/maven/maven-model/2.2.1/maven-model-2.2.1.jar
[3adc70a5-ab4b-455e-af4c-aafaaee2247c/build]   | [INFO] Downloaded from central: https://repo.maven.apache.org/maven2/org/slf4j/slf4j-jdk14/1.5.6/slf4j-jdk14-1.5.6.jar (8.8 kB at 113 kB/s)
[3adc70a5-ab4b-455e-af4c-aafaaee2247c/build]   | [INFO] Downloading from central: https://repo.maven.apache.org/maven2/org/apache/maven/maven-repository-metadata/2.2.1/maven-repository-metadata-2.2.1.jar
[3adc70a5-ab4b-455e-af4c-aafaaee2247c/build]   | [INFO] Downloaded from central: https://repo.maven.apache.org/maven2/org/slf4j/slf4j-api/1.5.6/slf4j-api-1.5.6.jar (22 kB at 243 kB/s)
[3adc70a5-ab4b-455e-af4c-aafaaee2247c/build]   | [INFO] Downloading from central: https://repo.maven.apache.org/maven2/org/apache/maven/maven-error-diagnostics/2.2.1/maven-error-diagnostics-2.2.1.jar
[3adc70a5-ab4b-455e-af4c-aafaaee2247c/build]   | [INFO] Downloaded from central: https://repo.maven.apache.org/maven2/org/slf4j/jcl-over-slf4j/1.5.6/jcl-over-slf4j-1.5.6.jar (17 kB at 176 kB/s)
[3adc70a5-ab4b-455e-af4c-aafaaee2247c/build]   | [INFO] Downloading from central: https://repo.maven.apache.org/maven2/org/apache/maven/maven-project/2.2.1/maven-project-2.2.1.jar
[3adc70a5-ab4b-455e-af4c-aafaaee2247c/build]   | [INFO] Downloaded from central: https://repo.maven.apache.org/maven2/org/apache/maven/maven-profile/2.2.1/maven-profile-2.2.1.jar (35 kB at 354 kB/s)
[3adc70a5-ab4b-455e-af4c-aafaaee2247c/build]   | [INFO] Downloaded from central: https://repo.maven.apache.org/maven2/org/apache/maven/maven-repository-metadata/2.2.1/maven-repository-metadata-2.2.1.jar (26 kB at 259 kB/s)
[3adc70a5-ab4b-455e-af4c-aafaaee2247c/build]   | [INFO] Downloading from central: https://repo.maven.apache.org/maven2/org/apache/maven/maven-plugin-registry/2.2.1/maven-plugin-registry-2.2.1.jar
[3adc70a5-ab4b-455e-af4c-aafaaee2247c/build]   | [INFO] Downloading from central: https://repo.maven.apache.org/maven2/org/apache/maven/maven-plugin-descriptor/2.2.1/maven-plugin-descriptor-2.2.1.jar
[3adc70a5-ab4b-455e-af4c-aafaaee2247c/build]   | [INFO] Downloaded from central: https://repo.maven.apache.org/maven2/org/apache/maven/maven-error-diagnostics/2.2.1/maven-error-diagnostics-2.2.1.jar (13 kB at 128 kB/s)
[3adc70a5-ab4b-455e-af4c-aafaaee2247c/build]   | [INFO] Downloading from central: https://repo.maven.apache.org/maven2/org/apache/maven/maven-artifact-manager/2.2.1/maven-artifact-manager-2.2.1.jar
[3adc70a5-ab4b-455e-af4c-aafaaee2247c/build]   | [INFO] Downloaded from central: https://repo.maven.apache.org/maven2/org/apache/maven/maven-model/2.2.1/maven-model-2.2.1.jar (88 kB at 826 kB/s)
[3adc70a5-ab4b-455e-af4c-aafaaee2247c/build]   | [INFO] Downloading from central: https://repo.maven.apache.org/maven2/backport-util-concurrent/backport-util-concurrent/3.1/backport-util-concurrent-3.1.jar
[3adc70a5-ab4b-455e-af4c-aafaaee2247c/build]   | [INFO] Downloaded from central: https://repo.maven.apache.org/maven2/org/apache/maven/maven-plugin-descriptor/2.2.1/maven-plugin-descriptor-2.2.1.jar (39 kB at 360 kB/s)
[3adc70a5-ab4b-455e-af4c-aafaaee2247c/build]   | [INFO] Downloading from central: https://repo.maven.apache.org/maven2/org/apache/maven/maven-monitor/2.2.1/maven-monitor-2.2.1.jar
[3adc70a5-ab4b-455e-af4c-aafaaee2247c/build]   | [INFO] Downloaded from central: https://repo.maven.apache.org/maven2/org/apache/maven/maven-artifact-manager/2.2.1/maven-artifact-manager-2.2.1.jar (68 kB at 609 kB/s)
[3adc70a5-ab4b-455e-af4c-aafaaee2247c/build]   | [INFO] Downloading from central: https://repo.maven.apache.org/maven2/org/sonatype/plexus/plexus-sec-dispatcher/1.3/plexus-sec-dispatcher-1.3.jar
[3adc70a5-ab4b-455e-af4c-aafaaee2247c/build]   | [INFO] Downloaded from central: https://repo.maven.apache.org/maven2/org/apache/maven/maven-plugin-registry/2.2.1/maven-plugin-registry-2.2.1.jar (30 kB at 265 kB/s)
[3adc70a5-ab4b-455e-af4c-aafaaee2247c/build]   | [INFO] Downloading from central: https://repo.maven.apache.org/maven2/org/sonatype/plexus/plexus-cipher/1.4/plexus-cipher-1.4.jar
[3adc70a5-ab4b-455e-af4c-aafaaee2247c/build]   | [INFO] Downloaded from central: https://repo.maven.apache.org/maven2/org/sonatype/plexus/plexus-cipher/1.4/plexus-cipher-1.4.jar (13 kB at 112 kB/s)
[3adc70a5-ab4b-455e-af4c-aafaaee2247c/build]   | [INFO] Downloaded from central: https://repo.maven.apache.org/maven2/org/sonatype/plexus/plexus-sec-dispatcher/1.3/plexus-sec-dispatcher-1.3.jar (29 kB at 236 kB/s)
[3adc70a5-ab4b-455e-af4c-aafaaee2247c/build]   | [INFO] Downloading from central: https://repo.maven.apache.org/maven2/org/apache/maven/maven-toolchain/2.2.1/maven-toolchain-2.2.1.jar
[3adc70a5-ab4b-455e-af4c-aafaaee2247c/build]   | [INFO] Downloading from central: https://repo.maven.apache.org/maven2/org/apache/maven/shared/maven-shared-utils/0.7/maven-shared-utils-0.7.jar
[3adc70a5-ab4b-455e-af4c-aafaaee2247c/build]   | [INFO] Downloaded from central: https://repo.maven.apache.org/maven2/org/apache/maven/maven-toolchain/2.2.1/maven-toolchain-2.2.1.jar (38 kB at 289 kB/s)
[3adc70a5-ab4b-455e-af4c-aafaaee2247c/build]   | [INFO] Downloading from central: https://repo.maven.apache.org/maven2/com/google/code/findbugs/jsr305/2.0.1/jsr305-2.0.1.jar
[3adc70a5-ab4b-455e-af4c-aafaaee2247c/build]   | [INFO] Downloaded from central: https://repo.maven.apache.org/maven2/com/google/code/findbugs/jsr305/2.0.1/jsr305-2.0.1.jar (32 kB at 233 kB/s)
[3adc70a5-ab4b-455e-af4c-aafaaee2247c/build]   | [INFO] Downloading from central: https://repo.maven.apache.org/maven2/org/apache/maven/shared/maven-shared-incremental/1.1/maven-shared-incremental-1.1.jar
[3adc70a5-ab4b-455e-af4c-aafaaee2247c/build]   | [INFO] Downloaded from central: https://repo.maven.apache.org/maven2/org/apache/maven/shared/maven-shared-incremental/1.1/maven-shared-incremental-1.1.jar (14 kB at 92 kB/s)
[3adc70a5-ab4b-455e-af4c-aafaaee2247c/build]   | [INFO] Downloading from central: https://repo.maven.apache.org/maven2/org/codehaus/plexus/plexus-component-annotations/1.5.5/plexus-component-annotations-1.5.5.jar
[3adc70a5-ab4b-455e-af4c-aafaaee2247c/build]   | [INFO] Downloaded from central: https://repo.maven.apache.org/maven2/org/apache/maven/maven-monitor/2.2.1/maven-monitor-2.2.1.jar (10 kB at 60 kB/s)
[3adc70a5-ab4b-455e-af4c-aafaaee2247c/build]   | [INFO] Downloading from central: https://repo.maven.apache.org/maven2/org/codehaus/plexus/plexus-compiler-api/2.5/plexus-compiler-api-2.5.jar
[3adc70a5-ab4b-455e-af4c-aafaaee2247c/build]   | [INFO] Downloaded from central: https://repo.maven.apache.org/maven2/org/apache/maven/maven-project/2.2.1/maven-project-2.2.1.jar (156 kB at 898 kB/s)
[3adc70a5-ab4b-455e-af4c-aafaaee2247c/build]   | [INFO] Downloading from central: https://repo.maven.apache.org/maven2/org/codehaus/plexus/plexus-compiler-manager/2.5/plexus-compiler-manager-2.5.jar
[3adc70a5-ab4b-455e-af4c-aafaaee2247c/build]   | [INFO] Downloaded from central: https://repo.maven.apache.org/maven2/org/codehaus/plexus/plexus-component-annotations/1.5.5/plexus-component-annotations-1.5.5.jar (4.2 kB at 24 kB/s)
[3adc70a5-ab4b-455e-af4c-aafaaee2247c/build]   | [INFO] Downloading from central: https://repo.maven.apache.org/maven2/org/codehaus/plexus/plexus-compiler-javac/2.5/plexus-compiler-javac-2.5.jar
[3adc70a5-ab4b-455e-af4c-aafaaee2247c/build]   | [INFO] Downloaded from central: https://repo.maven.apache.org/maven2/backport-util-concurrent/backport-util-concurrent/3.1/backport-util-concurrent-3.1.jar (332 kB at 1.9 MB/s)
[3adc70a5-ab4b-455e-af4c-aafaaee2247c/build]   | [INFO] Downloading from central: https://repo.maven.apache.org/maven2/org/codehaus/plexus/plexus-container-default/1.5.5/plexus-container-default-1.5.5.jar
[3adc70a5-ab4b-455e-af4c-aafaaee2247c/build]   | [INFO] Downloaded from central: https://repo.maven.apache.org/maven2/org/codehaus/plexus/plexus-compiler-manager/2.5/plexus-compiler-manager-2.5.jar (4.6 kB at 25 kB/s)
[3adc70a5-ab4b-455e-af4c-aafaaee2247c/build]   | [INFO] Downloading from central: https://repo.maven.apache.org/maven2/org/codehaus/plexus/plexus-classworlds/2.2.2/plexus-classworlds-2.2.2.jar
[3adc70a5-ab4b-455e-af4c-aafaaee2247c/build]   | [INFO] Downloaded from central: https://repo.maven.apache.org/maven2/org/codehaus/plexus/plexus-compiler-javac/2.5/plexus-compiler-javac-2.5.jar (19 kB at 103 kB/s)
[3adc70a5-ab4b-455e-af4c-aafaaee2247c/build]   | [INFO] Downloading from central: https://repo.maven.apache.org/maven2/org/apache/xbean/xbean-reflect/3.4/xbean-reflect-3.4.jar
[3adc70a5-ab4b-455e-af4c-aafaaee2247c/build]   | [INFO] Downloaded from central: https://repo.maven.apache.org/maven2/org/codehaus/plexus/plexus-compiler-api/2.5/plexus-compiler-api-2.5.jar (25 kB at 131 kB/s)
[3adc70a5-ab4b-455e-af4c-aafaaee2247c/build]   | [INFO] Downloading from central: https://repo.maven.apache.org/maven2/log4j/log4j/1.2.12/log4j-1.2.12.jar
[3adc70a5-ab4b-455e-af4c-aafaaee2247c/build]   | [INFO] Downloaded from central: https://repo.maven.apache.org/maven2/org/apache/maven/shared/maven-shared-utils/0.7/maven-shared-utils-0.7.jar (170 kB at 863 kB/s)
[3adc70a5-ab4b-455e-af4c-aafaaee2247c/build]   | [INFO] Downloading from central: https://repo.maven.apache.org/maven2/commons-logging/commons-logging-api/1.1/commons-logging-api-1.1.jar
[3adc70a5-ab4b-455e-af4c-aafaaee2247c/build]   | [INFO] Downloaded from central: https://repo.maven.apache.org/maven2/org/codehaus/plexus/plexus-container-default/1.5.5/plexus-container-default-1.5.5.jar (217 kB at 1.0 MB/s)
[3adc70a5-ab4b-455e-af4c-aafaaee2247c/build]   | [INFO] Downloading from central: https://repo.maven.apache.org/maven2/com/google/collections/google-collections/1.0/google-collections-1.0.jar
[3adc70a5-ab4b-455e-af4c-aafaaee2247c/build]   | [INFO] Downloaded from central: https://repo.maven.apache.org/maven2/org/codehaus/plexus/plexus-classworlds/2.2.2/plexus-classworlds-2.2.2.jar (46 kB at 213 kB/s)
[3adc70a5-ab4b-455e-af4c-aafaaee2247c/build]   | [INFO] Downloading from central: https://repo.maven.apache.org/maven2/junit/junit/3.8.2/junit-3.8.2.jar
[3adc70a5-ab4b-455e-af4c-aafaaee2247c/build]   | [INFO] Downloaded from central: https://repo.maven.apache.org/maven2/commons-logging/commons-logging-api/1.1/commons-logging-api-1.1.jar (45 kB at 202 kB/s)
[3adc70a5-ab4b-455e-af4c-aafaaee2247c/build]   | [INFO] Downloaded from central: https://repo.maven.apache.org/maven2/org/apache/xbean/xbean-reflect/3.4/xbean-reflect-3.4.jar (134 kB at 603 kB/s)
[3adc70a5-ab4b-455e-af4c-aafaaee2247c/build]   | [INFO] Downloaded from central: https://repo.maven.apache.org/maven2/log4j/log4j/1.2.12/log4j-1.2.12.jar (358 kB at 1.6 MB/s)
[3adc70a5-ab4b-455e-af4c-aafaaee2247c/build]   | [INFO] Downloaded from central: https://repo.maven.apache.org/maven2/com/google/collections/google-collections/1.0/google-collections-1.0.jar (640 kB at 2.5 MB/s)
[3adc70a5-ab4b-455e-af4c-aafaaee2247c/build]   | [INFO] Downloaded from central: https://repo.maven.apache.org/maven2/junit/junit/3.8.2/junit-3.8.2.jar (121 kB at 479 kB/s)
[3adc70a5-ab4b-455e-af4c-aafaaee2247c/build]   | [INFO] Nothing to compile - all classes are up to date
[3adc70a5-ab4b-455e-af4c-aafaaee2247c/build]   | [INFO] 
[3adc70a5-ab4b-455e-af4c-aafaaee2247c/build]   | [INFO] --- maven-resources-plugin:2.6:testResources (default-testResources) @ solarpositioning ---
[3adc70a5-ab4b-455e-af4c-aafaaee2247c/build]   | [INFO] Using 'UTF-8' encoding to copy filtered resources.
[3adc70a5-ab4b-455e-af4c-aafaaee2247c/build]   | [INFO] skip non existing resourceDirectory /tmp/3c408385-4f15-4b73-993c-634a941b343d/src/test/resources
[3adc70a5-ab4b-455e-af4c-aafaaee2247c/build]   | [INFO] 
[3adc70a5-ab4b-455e-af4c-aafaaee2247c/build]   | [INFO] --- maven-compiler-plugin:3.3:testCompile (default-testCompile) @ solarpositioning ---
[3adc70a5-ab4b-455e-af4c-aafaaee2247c/build]   | [INFO] Changes detected - recompiling the module!
[3adc70a5-ab4b-455e-af4c-aafaaee2247c/build]   | [INFO] Compiling 6 source files to /tmp/3c408385-4f15-4b73-993c-634a941b343d/target/test-classes
[3adc70a5-ab4b-455e-af4c-aafaaee2247c/build]   | [INFO] /tmp/3c408385-4f15-4b73-993c-634a941b343d/src/test/java/net/e175/klaus/solarpositioning/PSATest.java: /tmp/3c408385-4f15-4b73-993c-634a941b343d/src/test/java/net/e175/klaus/solarpositioning/PSATest.java uses or overrides a deprecated API.
[3adc70a5-ab4b-455e-af4c-aafaaee2247c/build]   | [INFO] /tmp/3c408385-4f15-4b73-993c-634a941b343d/src/test/java/net/e175/klaus/solarpositioning/PSATest.java: Recompile with -Xlint:deprecation for details.
[3adc70a5-ab4b-455e-af4c-aafaaee2247c/build]   | [INFO] 
[3adc70a5-ab4b-455e-af4c-aafaaee2247c/build]   | [INFO] --- maven-surefire-plugin:2.12.4:test (default-test) @ solarpositioning ---
[3adc70a5-ab4b-455e-af4c-aafaaee2247c/build]   | [INFO] Downloading from central: https://repo.maven.apache.org/maven2/org/apache/maven/maven-plugin-api/2.0.9/maven-plugin-api-2.0.9.pom
[3adc70a5-ab4b-455e-af4c-aafaaee2247c/build]   | [INFO] Downloaded from central: https://repo.maven.apache.org/maven2/org/apache/maven/maven-plugin-api/2.0.9/maven-plugin-api-2.0.9.pom (1.5 kB at 57 kB/s)
[3adc70a5-ab4b-455e-af4c-aafaaee2247c/build]   | [INFO] Downloading from central: https://repo.maven.apache.org/maven2/org/apache/maven/maven/2.0.9/maven-2.0.9.pom
[3adc70a5-ab4b-455e-af4c-aafaaee2247c/build]   | [INFO] Downloaded from central: https://repo.maven.apache.org/maven2/org/apache/maven/maven/2.0.9/maven-2.0.9.pom (19 kB at 1.4 MB/s)
[3adc70a5-ab4b-455e-af4c-aafaaee2247c/build]   | [INFO] Downloading from central: https://repo.maven.apache.org/maven2/org/apache/maven/maven-parent/8/maven-parent-8.pom
[3adc70a5-ab4b-455e-af4c-aafaaee2247c/build]   | [INFO] Downloaded from central: https://repo.maven.apache.org/maven2/org/apache/maven/maven-parent/8/maven-parent-8.pom (24 kB at 2.2 MB/s)
[3adc70a5-ab4b-455e-af4c-aafaaee2247c/build]   | [INFO] Downloading from central: https://repo.maven.apache.org/maven2/org/apache/maven/surefire/surefire-booter/2.12.4/surefire-booter-2.12.4.pom
[3adc70a5-ab4b-455e-af4c-aafaaee2247c/build]   | [INFO] Downloaded from central: https://repo.maven.apache.org/maven2/org/apache/maven/surefire/surefire-booter/2.12.4/surefire-booter-2.12.4.pom (3.0 kB at 121 kB/s)
[3adc70a5-ab4b-455e-af4c-aafaaee2247c/build]   | [INFO] Downloading from central: https://repo.maven.apache.org/maven2/org/apache/maven/surefire/surefire-api/2.12.4/surefire-api-2.12.4.pom
[3adc70a5-ab4b-455e-af4c-aafaaee2247c/build]   | [INFO] Downloaded from central: https://repo.maven.apache.org/maven2/org/apache/maven/surefire/surefire-api/2.12.4/surefire-api-2.12.4.pom (2.5 kB at 113 kB/s)
[3adc70a5-ab4b-455e-af4c-aafaaee2247c/build]   | [INFO] Downloading from central: https://repo.maven.apache.org/maven2/org/apache/maven/surefire/maven-surefire-common/2.12.4/maven-surefire-common-2.12.4.pom
[3adc70a5-ab4b-455e-af4c-aafaaee2247c/build]   | [INFO] Downloaded from central: https://repo.maven.apache.org/maven2/org/apache/maven/surefire/maven-surefire-common/2.12.4/maven-surefire-common-2.12.4.pom (5.5 kB at 346 kB/s)
[3adc70a5-ab4b-455e-af4c-aafaaee2247c/build]   | [INFO] Downloading from central: https://repo.maven.apache.org/maven2/org/apache/maven/plugin-tools/maven-plugin-annotations/3.1/maven-plugin-annotations-3.1.pom
[3adc70a5-ab4b-455e-af4c-aafaaee2247c/build]   | [INFO] Downloaded from central: https://repo.maven.apache.org/maven2/org/apache/maven/plugin-tools/maven-plugin-annotations/3.1/maven-plugin-annotations-3.1.pom (1.6 kB at 125 kB/s)
[3adc70a5-ab4b-455e-af4c-aafaaee2247c/build]   | [INFO] Downloading from central: https://repo.maven.apache.org/maven2/org/apache/maven/plugin-tools/maven-plugin-tools/3.1/maven-plugin-tools-3.1.pom
[3adc70a5-ab4b-455e-af4c-aafaaee2247c/build]   | [INFO] Downloaded from central: https://repo.maven.apache.org/maven2/org/apache/maven/plugin-tools/maven-plugin-tools/3.1/maven-plugin-tools-3.1.pom (16 kB at 1.3 MB/s)
[3adc70a5-ab4b-455e-af4c-aafaaee2247c/build]   | [INFO] Downloading from central: https://repo.maven.apache.org/maven2/org/apache/maven/maven-artifact/2.0.9/maven-artifact-2.0.9.pom
[3adc70a5-ab4b-455e-af4c-aafaaee2247c/build]   | [INFO] Downloaded from central: https://repo.maven.apache.org/maven2/org/apache/maven/maven-artifact/2.0.9/maven-artifact-2.0.9.pom (1.6 kB at 29 kB/s)
[3adc70a5-ab4b-455e-af4c-aafaaee2247c/build]   | [INFO] Downloading from central: https://repo.maven.apache.org/maven2/org/codehaus/plexus/plexus-utils/3.0.8/plexus-utils-3.0.8.pom
[3adc70a5-ab4b-455e-af4c-aafaaee2247c/build]   | [INFO] Downloaded from central: https://repo.maven.apache.org/maven2/org/codehaus/plexus/plexus-utils/3.0.8/plexus-utils-3.0.8.pom (3.1 kB at 286 kB/s)
[3adc70a5-ab4b-455e-af4c-aafaaee2247c/build]   | [INFO] Downloading from central: https://repo.maven.apache.org/maven2/org/codehaus/plexus/plexus/3.2/plexus-3.2.pom
[3adc70a5-ab4b-455e-af4c-aafaaee2247c/build]   | [INFO] Downloaded from central: https://repo.maven.apache.org/maven2/org/codehaus/plexus/plexus/3.2/plexus-3.2.pom (19 kB at 721 kB/s)
[3adc70a5-ab4b-455e-af4c-aafaaee2247c/build]   | [INFO] Downloading from central: https://repo.maven.apache.org/maven2/org/apache/maven/maven-project/2.0.9/maven-project-2.0.9.pom
[3adc70a5-ab4b-455e-af4c-aafaaee2247c/build]   | [INFO] Downloaded from central: https://repo.maven.apache.org/maven2/org/apache/maven/maven-project/2.0.9/maven-project-2.0.9.pom (2.7 kB at 42 kB/s)
[3adc70a5-ab4b-455e-af4c-aafaaee2247c/build]   | [INFO] Downloading from central: https://repo.maven.apache.org/maven2/org/apache/maven/maven-settings/2.0.9/maven-settings-2.0.9.pom
[3adc70a5-ab4b-455e-af4c-aafaaee2247c/build]   | [INFO] Downloaded from central: https://repo.maven.apache.org/maven2/org/apache/maven/maven-settings/2.0.9/maven-settings-2.0.9.pom (2.1 kB at 158 kB/s)
[3adc70a5-ab4b-455e-af4c-aafaaee2247c/build]   | [INFO] Downloading from central: https://repo.maven.apache.org/maven2/org/apache/maven/maven-model/2.0.9/maven-model-2.0.9.pom
[3adc70a5-ab4b-455e-af4c-aafaaee2247c/build]   | [INFO] Downloaded from central: https://repo.maven.apache.org/maven2/org/apache/maven/maven-model/2.0.9/maven-model-2.0.9.pom (3.1 kB at 314 kB/s)
[3adc70a5-ab4b-455e-af4c-aafaaee2247c/build]   | [INFO] Downloading from central: https://repo.maven.apache.org/maven2/org/apache/maven/maven-profile/2.0.9/maven-profile-2.0.9.pom
[3adc70a5-ab4b-455e-af4c-aafaaee2247c/build]   | [INFO] Downloaded from central: https://repo.maven.apache.org/maven2/org/apache/maven/maven-profile/2.0.9/maven-profile-2.0.9.pom (2.0 kB at 293 kB/s)
[3adc70a5-ab4b-455e-af4c-aafaaee2247c/build]   | [INFO] Downloading from central: https://repo.maven.apache.org/maven2/org/apache/maven/maven-artifact-manager/2.0.9/maven-artifact-manager-2.0.9.pom
[3adc70a5-ab4b-455e-af4c-aafaaee2247c/build]   | [INFO] Downloaded from central: https://repo.maven.apache.org/maven2/org/apache/maven/maven-artifact-manager/2.0.9/maven-artifact-manager-2.0.9.pom (2.7 kB at 208 kB/s)
[3adc70a5-ab4b-455e-af4c-aafaaee2247c/build]   | [INFO] Downloading from central: https://repo.maven.apache.org/maven2/org/apache/maven/maven-repository-metadata/2.0.9/maven-repository-metadata-2.0.9.pom
[3adc70a5-ab4b-455e-af4c-aafaaee2247c/build]   | [INFO] Downloaded from central: https://repo.maven.apache.org/maven2/org/apache/maven/maven-repository-metadata/2.0.9/maven-repository-metadata-2.0.9.pom (1.9 kB at 59 kB/s)
[3adc70a5-ab4b-455e-af4c-aafaaee2247c/build]   | [INFO] Downloading from central: https://repo.maven.apache.org/maven2/org/apache/maven/maven-plugin-registry/2.0.9/maven-plugin-registry-2.0.9.pom
[3adc70a5-ab4b-455e-af4c-aafaaee2247c/build]   | [INFO] Downloaded from central: https://repo.maven.apache.org/maven2/org/apache/maven/maven-plugin-registry/2.0.9/maven-plugin-registry-2.0.9.pom (2.0 kB at 104 kB/s)
[3adc70a5-ab4b-455e-af4c-aafaaee2247c/build]   | [INFO] Downloading from central: https://repo.maven.apache.org/maven2/org/apache/maven/maven-core/2.0.9/maven-core-2.0.9.pom
[3adc70a5-ab4b-455e-af4c-aafaaee2247c/build]   | [INFO] Downloaded from central: https://repo.maven.apache.org/maven2/org/apache/maven/maven-core/2.0.9/maven-core-2.0.9.pom (7.8 kB at 354 kB/s)
[3adc70a5-ab4b-455e-af4c-aafaaee2247c/build]   | [INFO] Downloading from central: https://repo.maven.apache.org/maven2/org/apache/maven/maven-plugin-parameter-documenter/2.0.9/maven-plugin-parameter-documenter-2.0.9.pom
[3adc70a5-ab4b-455e-af4c-aafaaee2247c/build]   | [INFO] Downloaded from central: https://repo.maven.apache.org/maven2/org/apache/maven/maven-plugin-parameter-documenter/2.0.9/maven-plugin-parameter-documenter-2.0.9.pom (2.0 kB at 123 kB/s)
[3adc70a5-ab4b-455e-af4c-aafaaee2247c/build]   | [INFO] Downloading from central: https://repo.maven.apache.org/maven2/org/apache/maven/reporting/maven-reporting-api/2.0.9/maven-reporting-api-2.0.9.pom
[3adc70a5-ab4b-455e-af4c-aafaaee2247c/build]   | [INFO] Downloaded from central: https://repo.maven.apache.org/maven2/org/apache/maven/reporting/maven-reporting-api/2.0.9/maven-reporting-api-2.0.9.pom (1.8 kB at 86 kB/s)
[3adc70a5-ab4b-455e-af4c-aafaaee2247c/build]   | [INFO] Downloading from central: https://repo.maven.apache.org/maven2/org/apache/maven/reporting/maven-reporting/2.0.9/maven-reporting-2.0.9.pom
[3adc70a5-ab4b-455e-af4c-aafaaee2247c/build]   | [INFO] Downloaded from central: https://repo.maven.apache.org/maven2/org/apache/maven/reporting/maven-reporting/2.0.9/maven-reporting-2.0.9.pom (1.5 kB at 46 kB/s)
[3adc70a5-ab4b-455e-af4c-aafaaee2247c/build]   | [INFO] Downloading from central: https://repo.maven.apache.org/maven2/org/apache/maven/maven-error-diagnostics/2.0.9/maven-error-diagnostics-2.0.9.pom
[3adc70a5-ab4b-455e-af4c-aafaaee2247c/build]   | [INFO] Downloaded from central: https://repo.maven.apache.org/maven2/org/apache/maven/maven-error-diagnostics/2.0.9/maven-error-diagnostics-2.0.9.pom (1.7 kB at 291 kB/s)
[3adc70a5-ab4b-455e-af4c-aafaaee2247c/build]   | [INFO] Downloading from central: https://repo.maven.apache.org/maven2/org/apache/maven/maven-plugin-descriptor/2.0.9/maven-plugin-descriptor-2.0.9.pom
[3adc70a5-ab4b-455e-af4c-aafaaee2247c/build]   | [INFO] Downloaded from central: https://repo.maven.apache.org/maven2/org/apache/maven/maven-plugin-descriptor/2.0.9/maven-plugin-descriptor-2.0.9.pom (2.1 kB at 296 kB/s)
[3adc70a5-ab4b-455e-af4c-aafaaee2247c/build]   | [INFO] Downloading from central: https://repo.maven.apache.org/maven2/org/apache/maven/maven-monitor/2.0.9/maven-monitor-2.0.9.pom
[3adc70a5-ab4b-455e-af4c-aafaaee2247c/build]   | [INFO] Downloaded from central: https://repo.maven.apache.org/maven2/org/apache/maven/maven-monitor/2.0.9/maven-monitor-2.0.9.pom (1.3 kB at 184 kB/s)
[3adc70a5-ab4b-455e-af4c-aafaaee2247c/build]   | [INFO] Downloading from central: https://repo.maven.apache.org/maven2/org/apache/maven/maven-toolchain/2.0.9/maven-toolchain-2.0.9.pom
[3adc70a5-ab4b-455e-af4c-aafaaee2247c/build]   | [INFO] Downloaded from central: https://repo.maven.apache.org/maven2/org/apache/maven/maven-toolchain/2.0.9/maven-toolchain-2.0.9.pom (3.5 kB at 579 kB/s)
[3adc70a5-ab4b-455e-af4c-aafaaee2247c/build]   | [INFO] Downloading from central: https://repo.maven.apache.org/maven2/org/apache/commons/commons-lang3/3.1/commons-lang3-3.1.pom
[3adc70a5-ab4b-455e-af4c-aafaaee2247c/build]   | [INFO] Downloaded from central: https://repo.maven.apache.org/maven2/org/apache/commons/commons-lang3/3.1/commons-lang3-3.1.pom (17 kB at 1.5 MB/s)
[3adc70a5-ab4b-455e-af4c-aafaaee2247c/build]   | [INFO] Downloading from central: https://repo.maven.apache.org/maven2/org/apache/commons/commons-parent/22/commons-parent-22.pom
[3adc70a5-ab4b-455e-af4c-aafaaee2247c/build]   | [INFO] Downloaded from central: https://repo.maven.apache.org/maven2/org/apache/commons/commons-parent/22/commons-parent-22.pom (42 kB at 1.3 MB/s)
[3adc70a5-ab4b-455e-af4c-aafaaee2247c/build]   | [INFO] Downloading from central: https://repo.maven.apache.org/maven2/org/apache/apache/9/apache-9.pom
[3adc70a5-ab4b-455e-af4c-aafaaee2247c/build]   | [INFO] Downloaded from central: https://repo.maven.apache.org/maven2/org/apache/apache/9/apache-9.pom (15 kB at 1.9 MB/s)
[3adc70a5-ab4b-455e-af4c-aafaaee2247c/build]   | [INFO] Downloading from central: https://repo.maven.apache.org/maven2/org/apache/maven/shared/maven-common-artifact-filters/1.3/maven-common-artifact-filters-1.3.pom
[3adc70a5-ab4b-455e-af4c-aafaaee2247c/build]   | [INFO] Downloaded from central: https://repo.maven.apache.org/maven2/org/apache/maven/shared/maven-common-artifact-filters/1.3/maven-common-artifact-filters-1.3.pom (3.7 kB at 308 kB/s)
[3adc70a5-ab4b-455e-af4c-aafaaee2247c/build]   | [INFO] Downloading from central: https://repo.maven.apache.org/maven2/org/apache/maven/shared/maven-shared-components/12/maven-shared-components-12.pom
[3adc70a5-ab4b-455e-af4c-aafaaee2247c/build]   | [INFO] Downloaded from central: https://repo.maven.apache.org/maven2/org/apache/maven/shared/maven-shared-components/12/maven-shared-components-12.pom (9.3 kB at 424 kB/s)
[3adc70a5-ab4b-455e-af4c-aafaaee2247c/build]   | [INFO] Downloading from central: https://repo.maven.apache.org/maven2/org/apache/maven/maven-parent/13/maven-parent-13.pom
[3adc70a5-ab4b-455e-af4c-aafaaee2247c/build]   | [INFO] Downloaded from central: https://repo.maven.apache.org/maven2/org/apache/maven/maven-parent/13/maven-parent-13.pom (23 kB at 808 kB/s)
[3adc70a5-ab4b-455e-af4c-aafaaee2247c/build]   | [INFO] Downloading from central: https://repo.maven.apache.org/maven2/org/apache/apache/6/apache-6.pom
[3adc70a5-ab4b-455e-af4c-aafaaee2247c/build]   | [INFO] Downloaded from central: https://repo.maven.apache.org/maven2/org/apache/apache/6/apache-6.pom (13 kB at 457 kB/s)
[3adc70a5-ab4b-455e-af4c-aafaaee2247c/build]   | [INFO] Downloading from central: https://repo.maven.apache.org/maven2/org/codehaus/plexus/plexus-container-default/1.0-alpha-9/plexus-container-default-1.0-alpha-9.pom
[3adc70a5-ab4b-455e-af4c-aafaaee2247c/build]   | [INFO] Downloaded from central: https://repo.maven.apache.org/maven2/org/codehaus/plexus/plexus-container-default/1.0-alpha-9/plexus-container-default-1.0-alpha-9.pom (1.2 kB at 48 kB/s)
[3adc70a5-ab4b-455e-af4c-aafaaee2247c/build]   | [INFO] Downloading from central: https://repo.maven.apache.org/maven2/org/apache/maven/maven-plugin-api/2.0.9/maven-plugin-api-2.0.9.jar
[3adc70a5-ab4b-455e-af4c-aafaaee2247c/build]   | [INFO] Downloading from central: https://repo.maven.apache.org/maven2/org/apache/maven/surefire/surefire-api/2.12.4/surefire-api-2.12.4.jar
[3adc70a5-ab4b-455e-af4c-aafaaee2247c/build]   | [INFO] Downloading from central: https://repo.maven.apache.org/maven2/org/apache/maven/surefire/surefire-booter/2.12.4/surefire-booter-2.12.4.jar
[3adc70a5-ab4b-455e-af4c-aafaaee2247c/build]   | [INFO] Downloading from central: https://repo.maven.apache.org/maven2/org/apache/maven/surefire/maven-surefire-common/2.12.4/maven-surefire-common-2.12.4.jar
[3adc70a5-ab4b-455e-af4c-aafaaee2247c/build]   | [INFO] Downloading from central: https://repo.maven.apache.org/maven2/org/apache/commons/commons-lang3/3.1/commons-lang3-3.1.jar
[3adc70a5-ab4b-455e-af4c-aafaaee2247c/build]   | [INFO] Downloaded from central: https://repo.maven.apache.org/maven2/org/apache/maven/maven-plugin-api/2.0.9/maven-plugin-api-2.0.9.jar (13 kB at 586 kB/s)
[3adc70a5-ab4b-455e-af4c-aafaaee2247c/build]   | [INFO] Downloading from central: https://repo.maven.apache.org/maven2/org/apache/maven/shared/maven-common-artifact-filters/1.3/maven-common-artifact-filters-1.3.jar
[3adc70a5-ab4b-455e-af4c-aafaaee2247c/build]   | [INFO] Downloaded from central: https://repo.maven.apache.org/maven2/org/apache/maven/surefire/maven-surefire-common/2.12.4/maven-surefire-common-2.12.4.jar (263 kB at 11 MB/s)
[3adc70a5-ab4b-455e-af4c-aafaaee2247c/build]   | [INFO] Downloading from central: https://repo.maven.apache.org/maven2/org/codehaus/plexus/plexus-utils/3.0.8/plexus-utils-3.0.8.jar
[3adc70a5-ab4b-455e-af4c-aafaaee2247c/build]   | [INFO] Downloaded from central: https://repo.maven.apache.org/maven2/org/apache/maven/surefire/surefire-booter/2.12.4/surefire-booter-2.12.4.jar (35 kB at 1.3 MB/s)
[3adc70a5-ab4b-455e-af4c-aafaaee2247c/build]   | [INFO] Downloading from central: https://repo.maven.apache.org/maven2/org/apache/maven/maven-artifact/2.0.9/maven-artifact-2.0.9.jar
[3adc70a5-ab4b-455e-af4c-aafaaee2247c/build]   | [INFO] Downloaded from central: https://repo.maven.apache.org/maven2/org/apache/maven/surefire/surefire-api/2.12.4/surefire-api-2.12.4.jar (118 kB at 4.9 MB/s)
[3adc70a5-ab4b-455e-af4c-aafaaee2247c/build]   | [INFO] Downloaded from central: https://repo.maven.apache.org/maven2/org/apache/commons/commons-lang3/3.1/commons-lang3-3.1.jar (316 kB at 15 MB/s)
[3adc70a5-ab4b-455e-af4c-aafaaee2247c/build]   | [INFO] Downloading from central: https://repo.maven.apache.org/maven2/org/apache/maven/maven-project/2.0.9/maven-project-2.0.9.jar
[3adc70a5-ab4b-455e-af4c-aafaaee2247c/build]   | [INFO] Downloading from central: https://repo.maven.apache.org/maven2/org/apache/maven/maven-settings/2.0.9/maven-settings-2.0.9.jar
[3adc70a5-ab4b-455e-af4c-aafaaee2247c/build]   | [INFO] Downloaded from central: https://repo.maven.apache.org/maven2/org/apache/maven/shared/maven-common-artifact-filters/1.3/maven-common-artifact-filters-1.3.jar (31 kB at 887 kB/s)
[3adc70a5-ab4b-455e-af4c-aafaaee2247c/build]   | [INFO] Downloading from central: https://repo.maven.apache.org/maven2/org/apache/maven/maven-profile/2.0.9/maven-profile-2.0.9.jar
[3adc70a5-ab4b-455e-af4c-aafaaee2247c/build]   | [INFO] Downloaded from central: https://repo.maven.apache.org/maven2/org/apache/maven/maven-settings/2.0.9/maven-settings-2.0.9.jar (49 kB at 1.1 MB/s)
[3adc70a5-ab4b-455e-af4c-aafaaee2247c/build]   | [INFO] Downloading from central: https://repo.maven.apache.org/maven2/org/apache/maven/maven-model/2.0.9/maven-model-2.0.9.jar
[3adc70a5-ab4b-455e-af4c-aafaaee2247c/build]   | [INFO] Downloaded from central: https://repo.maven.apache.org/maven2/org/apache/maven/maven-artifact/2.0.9/maven-artifact-2.0.9.jar (89 kB at 1.9 MB/s)
[3adc70a5-ab4b-455e-af4c-aafaaee2247c/build]   | [INFO] Downloading from central: https://repo.maven.apache.org/maven2/org/apache/maven/maven-artifact-manager/2.0.9/maven-artifact-manager-2.0.9.jar
[3adc70a5-ab4b-455e-af4c-aafaaee2247c/build]   | [INFO] Downloaded from central: https://repo.maven.apache.org/maven2/org/apache/maven/maven-project/2.0.9/maven-project-2.0.9.jar (122 kB at 2.1 MB/s)
[3adc70a5-ab4b-455e-af4c-aafaaee2247c/build]   | [INFO] Downloading from central: https://repo.maven.apache.org/maven2/org/apache/maven/maven-plugin-registry/2.0.9/maven-plugin-registry-2.0.9.jar
[3adc70a5-ab4b-455e-af4c-aafaaee2247c/build]   | [INFO] Downloaded from central: https://repo.maven.apache.org/maven2/org/apache/maven/maven-artifact-manager/2.0.9/maven-artifact-manager-2.0.9.jar (58 kB at 948 kB/s)
[3adc70a5-ab4b-455e-af4c-aafaaee2247c/build]   | [INFO] Downloading from central: https://repo.maven.apache.org/maven2/org/apache/maven/maven-core/2.0.9/maven-core-2.0.9.jar
[3adc70a5-ab4b-455e-af4c-aafaaee2247c/build]   | [INFO] Downloaded from central: https://repo.maven.apache.org/maven2/org/apache/maven/maven-model/2.0.9/maven-model-2.0.9.jar (87 kB at 1.4 MB/s)
[3adc70a5-ab4b-455e-af4c-aafaaee2247c/build]   | [INFO] Downloading from central: https://repo.maven.apache.org/maven2/org/apache/maven/maven-plugin-parameter-documenter/2.0.9/maven-plugin-parameter-documenter-2.0.9.jar
[3adc70a5-ab4b-455e-af4c-aafaaee2247c/build]   | [INFO] Downloaded from central: https://repo.maven.apache.org/maven2/org/codehaus/plexus/plexus-utils/3.0.8/plexus-utils-3.0.8.jar (232 kB at 3.7 MB/s)
[3adc70a5-ab4b-455e-af4c-aafaaee2247c/build]   | [INFO] Downloading from central: https://repo.maven.apache.org/maven2/org/apache/maven/reporting/maven-reporting-api/2.0.9/maven-reporting-api-2.0.9.jar
[3adc70a5-ab4b-455e-af4c-aafaaee2247c/build]   | [INFO] Downloaded from central: https://repo.maven.apache.org/maven2/org/apache/maven/maven-plugin-registry/2.0.9/maven-plugin-registry-2.0.9.jar (29 kB at 428 kB/s)
[3adc70a5-ab4b-455e-af4c-aafaaee2247c/build]   | [INFO] Downloading from central: https://repo.maven.apache.org/maven2/org/apache/maven/maven-repository-metadata/2.0.9/maven-repository-metadata-2.0.9.jar
[3adc70a5-ab4b-455e-af4c-aafaaee2247c/build]   | [INFO] Downloaded from central: https://repo.maven.apache.org/maven2/org/apache/maven/maven-profile/2.0.9/maven-profile-2.0.9.jar (35 kB at 478 kB/s)
[3adc70a5-ab4b-455e-af4c-aafaaee2247c/build]   | [INFO] Downloading from central: https://repo.maven.apache.org/maven2/org/apache/maven/maven-error-diagnostics/2.0.9/maven-error-diagnostics-2.0.9.jar
[3adc70a5-ab4b-455e-af4c-aafaaee2247c/build]   | [INFO] Downloaded from central: https://repo.maven.apache.org/maven2/org/apache/maven/maven-plugin-parameter-documenter/2.0.9/maven-plugin-parameter-documenter-2.0.9.jar (21 kB at 278 kB/s)
[3adc70a5-ab4b-455e-af4c-aafaaee2247c/build]   | [INFO] Downloading from central: https://repo.maven.apache.org/maven2/org/apache/maven/maven-plugin-descriptor/2.0.9/maven-plugin-descriptor-2.0.9.jar
[3adc70a5-ab4b-455e-af4c-aafaaee2247c/build]   | [INFO] Downloaded from central: https://repo.maven.apache.org/maven2/org/apache/maven/maven-repository-metadata/2.0.9/maven-repository-metadata-2.0.9.jar (25 kB at 319 kB/s)
[3adc70a5-ab4b-455e-af4c-aafaaee2247c/build]   | [INFO] Downloading from central: https://repo.maven.apache.org/maven2/org/apache/maven/maven-monitor/2.0.9/maven-monitor-2.0.9.jar
[3adc70a5-ab4b-455e-af4c-aafaaee2247c/build]   | [INFO] Downloaded from central: https://repo.maven.apache.org/maven2/org/apache/maven/maven-core/2.0.9/maven-core-2.0.9.jar (160 kB at 2.0 MB/s)
[3adc70a5-ab4b-455e-af4c-aafaaee2247c/build]   | [INFO] Downloading from central: https://repo.maven.apache.org/maven2/org/apache/maven/maven-toolchain/2.0.9/maven-toolchain-2.0.9.jar
[3adc70a5-ab4b-455e-af4c-aafaaee2247c/build]   | [INFO] Downloaded from central: https://repo.maven.apache.org/maven2/org/apache/maven/maven-toolchain/2.0.9/maven-toolchain-2.0.9.jar (38 kB at 447 kB/s)
[3adc70a5-ab4b-455e-af4c-aafaaee2247c/build]   | [INFO] Downloading from central: https://repo.maven.apache.org/maven2/org/apache/maven/plugin-tools/maven-plugin-annotations/3.1/maven-plugin-annotations-3.1.jar
[3adc70a5-ab4b-455e-af4c-aafaaee2247c/build]   | [INFO] Downloaded from central: https://repo.maven.apache.org/maven2/org/apache/maven/maven-plugin-descriptor/2.0.9/maven-plugin-descriptor-2.0.9.jar (37 kB at 431 kB/s)
[3adc70a5-ab4b-455e-af4c-aafaaee2247c/build]   | [INFO] Downloaded from central: https://repo.maven.apache.org/maven2/org/apache/maven/plugin-tools/maven-plugin-annotations/3.1/maven-plugin-annotations-3.1.jar (14 kB at 154 kB/s)
[3adc70a5-ab4b-455e-af4c-aafaaee2247c/build]   | [INFO] Downloaded from central: https://repo.maven.apache.org/maven2/org/apache/maven/maven-error-diagnostics/2.0.9/maven-error-diagnostics-2.0.9.jar (14 kB at 134 kB/s)
[3adc70a5-ab4b-455e-af4c-aafaaee2247c/build]   | [INFO] Downloaded from central: https://repo.maven.apache.org/maven2/org/apache/maven/maven-monitor/2.0.9/maven-monitor-2.0.9.jar (10 kB at 100 kB/s)
[3adc70a5-ab4b-455e-af4c-aafaaee2247c/build]   | [INFO] Downloaded from central: https://repo.maven.apache.org/maven2/org/apache/maven/reporting/maven-reporting-api/2.0.9/maven-reporting-api-2.0.9.jar (10 kB at 98 kB/s)
[3adc70a5-ab4b-455e-af4c-aafaaee2247c/build]   | [INFO] Surefire report directory: /tmp/3c408385-4f15-4b73-993c-634a941b343d/target/surefire-reports
[3adc70a5-ab4b-455e-af4c-aafaaee2247c/build]   | [INFO] Downloading from central: https://repo.maven.apache.org/maven2/org/apache/maven/surefire/surefire-junit4/2.12.4/surefire-junit4-2.12.4.pom
[3adc70a5-ab4b-455e-af4c-aafaaee2247c/build]   | [INFO] Downloaded from central: https://repo.maven.apache.org/maven2/org/apache/maven/surefire/surefire-junit4/2.12.4/surefire-junit4-2.12.4.pom (2.4 kB at 301 kB/s)
[3adc70a5-ab4b-455e-af4c-aafaaee2247c/build]   | [INFO] Downloading from central: https://repo.maven.apache.org/maven2/org/apache/maven/surefire/surefire-providers/2.12.4/surefire-providers-2.12.4.pom
[3adc70a5-ab4b-455e-af4c-aafaaee2247c/build]   | [INFO] Downloaded from central: https://repo.maven.apache.org/maven2/org/apache/maven/surefire/surefire-providers/2.12.4/surefire-providers-2.12.4.pom (2.3 kB at 84 kB/s)
[3adc70a5-ab4b-455e-af4c-aafaaee2247c/build]   | [INFO] Downloading from central: https://repo.maven.apache.org/maven2/org/apache/maven/surefire/surefire-junit4/2.12.4/surefire-junit4-2.12.4.jar
[3adc70a5-ab4b-455e-af4c-aafaaee2247c/build]   | [INFO] Downloaded from central: https://repo.maven.apache.org/maven2/org/apache/maven/surefire/surefire-junit4/2.12.4/surefire-junit4-2.12.4.jar (37 kB at 1.3 MB/s)
[3adc70a5-ab4b-455e-af4c-aafaaee2247c/build]   | 
[3adc70a5-ab4b-455e-af4c-aafaaee2247c/build]   | -------------------------------------------------------
[3adc70a5-ab4b-455e-af4c-aafaaee2247c/build]   |  T E S T S
[3adc70a5-ab4b-455e-af4c-aafaaee2247c/build]   | -------------------------------------------------------
[3adc70a5-ab4b-455e-af4c-aafaaee2247c/build]   | Running net.e175.klaus.solarpositioning.SPATest
[3adc70a5-ab4b-455e-af4c-aafaaee2247c/build]   | Tests run: 10, Failures: 2, Errors: 0, Skipped: 0, Time elapsed: 0.098 sec <<< FAILURE!
[3adc70a5-ab4b-455e-af4c-aafaaee2247c/build]   | testDSToffDay(net.e175.klaus.solarpositioning.SPATest)  Time elapsed: 0.001 sec  <<< FAILURE!
[3adc70a5-ab4b-455e-af4c-aafaaee2247c/build]   | org.junit.ComparisonFailure: expected:<2015-10-25T0[6]:49:00+0100> but was:<2015-10-25T0[5]:49:00+0100>
[3adc70a5-ab4b-455e-af4c-aafaaee2247c/build]   | 	at org.junit.Assert.assertEquals(Assert.java:115)
[3adc70a5-ab4b-455e-af4c-aafaaee2247c/build]   | 	at org.junit.Assert.assertEquals(Assert.java:144)
[3adc70a5-ab4b-455e-af4c-aafaaee2247c/build]   | 	at net.e175.klaus.solarpositioning.SPATest.testDSToffDay(SPATest.java:141)
[3adc70a5-ab4b-455e-af4c-aafaaee2247c/build]   | 	at sun.reflect.NativeMethodAccessorImpl.invoke0(Native Method)
[3adc70a5-ab4b-455e-af4c-aafaaee2247c/build]   | 	at sun.reflect.NativeMethodAccessorImpl.invoke(NativeMethodAccessorImpl.java:62)
[3adc70a5-ab4b-455e-af4c-aafaaee2247c/build]   | 	at sun.reflect.DelegatingMethodAccessorImpl.invoke(DelegatingMethodAccessorImpl.java:43)
[3adc70a5-ab4b-455e-af4c-aafaaee2247c/build]   | 	at java.lang.reflect.Method.invoke(Method.java:498)
[3adc70a5-ab4b-455e-af4c-aafaaee2247c/build]   | 	at org.junit.runners.model.FrameworkMethod$1.runReflectiveCall(FrameworkMethod.java:50)
[3adc70a5-ab4b-455e-af4c-aafaaee2247c/build]   | 	at org.junit.internal.runners.model.ReflectiveCallable.run(ReflectiveCallable.java:12)
[3adc70a5-ab4b-455e-af4c-aafaaee2247c/build]   | 	at org.junit.runners.model.FrameworkMethod.invokeExplosively(FrameworkMethod.java:47)
[3adc70a5-ab4b-455e-af4c-aafaaee2247c/build]   | 	at org.junit.internal.runners.statements.InvokeMethod.evaluate(InvokeMethod.java:17)
[3adc70a5-ab4b-455e-af4c-aafaaee2247c/build]   | 	at org.junit.runners.ParentRunner.runLeaf(ParentRunner.java:325)
[3adc70a5-ab4b-455e-af4c-aafaaee2247c/build]   | 	at org.junit.runners.BlockJUnit4ClassRunner.runChild(BlockJUnit4ClassRunner.java:78)
[3adc70a5-ab4b-455e-af4c-aafaaee2247c/build]   | 	at org.junit.runners.BlockJUnit4ClassRunner.runChild(BlockJUnit4ClassRunner.java:57)
[3adc70a5-ab4b-455e-af4c-aafaaee2247c/build]   | 	at org.junit.runners.ParentRunner$3.run(ParentRunner.java:290)
[3adc70a5-ab4b-455e-af4c-aafaaee2247c/build]   | 	at org.junit.runners.ParentRunner$1.schedule(ParentRunner.java:71)
[3adc70a5-ab4b-455e-af4c-aafaaee2247c/build]   | 	at org.junit.runners.ParentRunner.runChildren(ParentRunner.java:288)
[3adc70a5-ab4b-455e-af4c-aafaaee2247c/build]   | 	at org.junit.runners.ParentRunner.access$000(ParentRunner.java:58)
[3adc70a5-ab4b-455e-af4c-aafaaee2247c/build]   | 	at org.junit.runners.ParentRunner$2.evaluate(ParentRunner.java:268)
[3adc70a5-ab4b-455e-af4c-aafaaee2247c/build]   | 	at org.junit.runners.ParentRunner.run(ParentRunner.java:363)
[3adc70a5-ab4b-455e-af4c-aafaaee2247c/build]   | 	at org.apache.maven.surefire.junit4.JUnit4Provider.execute(JUnit4Provider.java:252)
[3adc70a5-ab4b-455e-af4c-aafaaee2247c/build]   | 	at org.apache.maven.surefire.junit4.JUnit4Provider.executeTestSet(JUnit4Provider.java:141)
[3adc70a5-ab4b-455e-af4c-aafaaee2247c/build]   | 	at org.apache.maven.surefire.junit4.JUnit4Provider.invoke(JUnit4Provider.java:112)
[3adc70a5-ab4b-455e-af4c-aafaaee2247c/build]   | 	at sun.reflect.NativeMethodAccessorImpl.invoke0(Native Method)
[3adc70a5-ab4b-455e-af4c-aafaaee2247c/build]   | 	at sun.reflect.NativeMethodAccessorImpl.invoke(NativeMethodAccessorImpl.java:62)
[3adc70a5-ab4b-455e-af4c-aafaaee2247c/build]   | 	at sun.reflect.DelegatingMethodAccessorImpl.invoke(DelegatingMethodAccessorImpl.java:43)
[3adc70a5-ab4b-455e-af4c-aafaaee2247c/build]   | 	at java.lang.reflect.Method.invoke(Method.java:498)
[3adc70a5-ab4b-455e-af4c-aafaaee2247c/build]   | 	at org.apache.maven.surefire.util.ReflectionUtils.invokeMethodWithArray(ReflectionUtils.java:189)
[3adc70a5-ab4b-455e-af4c-aafaaee2247c/build]   | 	at org.apache.maven.surefire.booter.ProviderFactory$ProviderProxy.invoke(ProviderFactory.java:165)
[3adc70a5-ab4b-455e-af4c-aafaaee2247c/build]   | 	at org.apache.maven.surefire.booter.ProviderFactory.invokeProvider(ProviderFactory.java:85)
[3adc70a5-ab4b-455e-af4c-aafaaee2247c/build]   | 	at org.apache.maven.surefire.booter.ForkedBooter.runSuitesInProcess(ForkedBooter.java:115)
[3adc70a5-ab4b-455e-af4c-aafaaee2247c/build]   | 	at org.apache.maven.surefire.booter.ForkedBooter.main(ForkedBooter.java:75)
[3adc70a5-ab4b-455e-af4c-aafaaee2247c/build]   | 
[3adc70a5-ab4b-455e-af4c-aafaaee2247c/build]   | testDSTonDay(net.e175.klaus.solarpositioning.SPATest)  Time elapsed: 0.001 sec  <<< FAILURE!
[3adc70a5-ab4b-455e-af4c-aafaaee2247c/build]   | org.junit.ComparisonFailure: expected:<2016-03-27T0[6]:52:19+0200> but was:<2016-03-27T0[7]:52:19+0200>
[3adc70a5-ab4b-455e-af4c-aafaaee2247c/build]   | 	at org.junit.Assert.assertEquals(Assert.java:115)
[3adc70a5-ab4b-455e-af4c-aafaaee2247c/build]   | 	at org.junit.Assert.assertEquals(Assert.java:144)
[3adc70a5-ab4b-455e-af4c-aafaaee2247c/build]   | 	at net.e175.klaus.solarpositioning.SPATest.testDSTonDay(SPATest.java:155)
[3adc70a5-ab4b-455e-af4c-aafaaee2247c/build]   | 	at sun.reflect.NativeMethodAccessorImpl.invoke0(Native Method)
[3adc70a5-ab4b-455e-af4c-aafaaee2247c/build]   | 	at sun.reflect.NativeMethodAccessorImpl.invoke(NativeMethodAccessorImpl.java:62)
[3adc70a5-ab4b-455e-af4c-aafaaee2247c/build]   | 	at sun.reflect.DelegatingMethodAccessorImpl.invoke(DelegatingMethodAccessorImpl.java:43)
[3adc70a5-ab4b-455e-af4c-aafaaee2247c/build]   | 	at java.lang.reflect.Method.invoke(Method.java:498)
[3adc70a5-ab4b-455e-af4c-aafaaee2247c/build]   | 	at org.junit.runners.model.FrameworkMethod$1.runReflectiveCall(FrameworkMethod.java:50)
[3adc70a5-ab4b-455e-af4c-aafaaee2247c/build]   | 	at org.junit.internal.runners.model.ReflectiveCallable.run(ReflectiveCallable.java:12)
[3adc70a5-ab4b-455e-af4c-aafaaee2247c/build]   | 	at org.junit.runners.model.FrameworkMethod.invokeExplosively(FrameworkMethod.java:47)
[3adc70a5-ab4b-455e-af4c-aafaaee2247c/build]   | 	at org.junit.internal.runners.statements.InvokeMethod.evaluate(InvokeMethod.java:17)
[3adc70a5-ab4b-455e-af4c-aafaaee2247c/build]   | 	at org.junit.runners.ParentRunner.runLeaf(ParentRunner.java:325)
[3adc70a5-ab4b-455e-af4c-aafaaee2247c/build]   | 	at org.junit.runners.BlockJUnit4ClassRunner.runChild(BlockJUnit4ClassRunner.java:78)
[3adc70a5-ab4b-455e-af4c-aafaaee2247c/build]   | 	at org.junit.runners.BlockJUnit4ClassRunner.runChild(BlockJUnit4ClassRunner.java:57)
[3adc70a5-ab4b-455e-af4c-aafaaee2247c/build]   | 	at org.junit.runners.ParentRunner$3.run(ParentRunner.java:290)
[3adc70a5-ab4b-455e-af4c-aafaaee2247c/build]   | 	at org.junit.runners.ParentRunner$1.schedule(ParentRunner.java:71)
[3adc70a5-ab4b-455e-af4c-aafaaee2247c/build]   | 	at org.junit.runners.ParentRunner.runChildren(ParentRunner.java:288)
[3adc70a5-ab4b-455e-af4c-aafaaee2247c/build]   | 	at org.junit.runners.ParentRunner.access$000(ParentRunner.java:58)
[3adc70a5-ab4b-455e-af4c-aafaaee2247c/build]   | 	at org.junit.runners.ParentRunner$2.evaluate(ParentRunner.java:268)
[3adc70a5-ab4b-455e-af4c-aafaaee2247c/build]   | 	at org.junit.runners.ParentRunner.run(ParentRunner.java:363)
[3adc70a5-ab4b-455e-af4c-aafaaee2247c/build]   | 	at org.apache.maven.surefire.junit4.JUnit4Provider.execute(JUnit4Provider.java:252)
[3adc70a5-ab4b-455e-af4c-aafaaee2247c/build]   | 	at org.apache.maven.surefire.junit4.JUnit4Provider.executeTestSet(JUnit4Provider.java:141)
[3adc70a5-ab4b-455e-af4c-aafaaee2247c/build]   | 	at org.apache.maven.surefire.junit4.JUnit4Provider.invoke(JUnit4Provider.java:112)
[3adc70a5-ab4b-455e-af4c-aafaaee2247c/build]   | 	at sun.reflect.NativeMethodAccessorImpl.invoke0(Native Method)
[3adc70a5-ab4b-455e-af4c-aafaaee2247c/build]   | 	at sun.reflect.NativeMethodAccessorImpl.invoke(NativeMethodAccessorImpl.java:62)
[3adc70a5-ab4b-455e-af4c-aafaaee2247c/build]   | 	at sun.reflect.DelegatingMethodAccessorImpl.invoke(DelegatingMethodAccessorImpl.java:43)
[3adc70a5-ab4b-455e-af4c-aafaaee2247c/build]   | 	at java.lang.reflect.Method.invoke(Method.java:498)
[3adc70a5-ab4b-455e-af4c-aafaaee2247c/build]   | 	at org.apache.maven.surefire.util.ReflectionUtils.invokeMethodWithArray(ReflectionUtils.java:189)
[3adc70a5-ab4b-455e-af4c-aafaaee2247c/build]   | 	at org.apache.maven.surefire.booter.ProviderFactory$ProviderProxy.invoke(ProviderFactory.java:165)
[3adc70a5-ab4b-455e-af4c-aafaaee2247c/build]   | 	at org.apache.maven.surefire.booter.ProviderFactory.invokeProvider(ProviderFactory.java:85)
[3adc70a5-ab4b-455e-af4c-aafaaee2247c/build]   | 	at org.apache.maven.surefire.booter.ForkedBooter.runSuitesInProcess(ForkedBooter.java:115)
[3adc70a5-ab4b-455e-af4c-aafaaee2247c/build]   | 	at org.apache.maven.surefire.booter.ForkedBooter.main(ForkedBooter.java:75)
[3adc70a5-ab4b-455e-af4c-aafaaee2247c/build]   | 
[3adc70a5-ab4b-455e-af4c-aafaaee2247c/build]   | Running net.e175.klaus.solarpositioning.PSATest
[3adc70a5-ab4b-455e-af4c-aafaaee2247c/build]   | Tests run: 1, Failures: 0, Errors: 0, Skipped: 0, Time elapsed: 0 sec
[3adc70a5-ab4b-455e-af4c-aafaaee2247c/build]   | Running net.e175.klaus.solarpositioning.JulianDateTest
[3adc70a5-ab4b-455e-af4c-aafaaee2247c/build]   | Tests run: 8, Failures: 0, Errors: 0, Skipped: 0, Time elapsed: 0.001 sec
[3adc70a5-ab4b-455e-af4c-aafaaee2247c/build]   | Running net.e175.klaus.solarpositioning.Grena3Test
[3adc70a5-ab4b-455e-af4c-aafaaee2247c/build]   | Tests run: 5, Failures: 0, Errors: 0, Skipped: 0, Time elapsed: 0.001 sec
[3adc70a5-ab4b-455e-af4c-aafaaee2247c/build]   | Running net.e175.klaus.solarpositioning.DeltaTTest
[3adc70a5-ab4b-455e-af4c-aafaaee2247c/build]   | Tests run: 2, Failures: 0, Errors: 0, Skipped: 0, Time elapsed: 0 sec
[3adc70a5-ab4b-455e-af4c-aafaaee2247c/build]   | 
[3adc70a5-ab4b-455e-af4c-aafaaee2247c/build]   | Results :
[3adc70a5-ab4b-455e-af4c-aafaaee2247c/build]   | 
[3adc70a5-ab4b-455e-af4c-aafaaee2247c/build]   | Failed tests:   testDSToffDay(net.e175.klaus.solarpositioning.SPATest): expected:<2015-10-25T0[6]:49:00+0100> but was:<2015-10-25T0[5]:49:00+0100>
[3adc70a5-ab4b-455e-af4c-aafaaee2247c/build]   |   testDSTonDay(net.e175.klaus.solarpositioning.SPATest): expected:<2016-03-27T0[6]:52:19+0200> but was:<2016-03-27T0[7]:52:19+0200>
[3adc70a5-ab4b-455e-af4c-aafaaee2247c/build]   | 
[3adc70a5-ab4b-455e-af4c-aafaaee2247c/build]   | Tests run: 26, Failures: 2, Errors: 0, Skipped: 0
[3adc70a5-ab4b-455e-af4c-aafaaee2247c/build]   | 
[3adc70a5-ab4b-455e-af4c-aafaaee2247c/build]   | [INFO] ------------------------------------------------------------------------
[3adc70a5-ab4b-455e-af4c-aafaaee2247c/build]   | [INFO] BUILD FAILURE
[3adc70a5-ab4b-455e-af4c-aafaaee2247c/build]   | [INFO] ------------------------------------------------------------------------
[3adc70a5-ab4b-455e-af4c-aafaaee2247c/build]   | [INFO] Total time:  8.492 s
[3adc70a5-ab4b-455e-af4c-aafaaee2247c/build]   | [INFO] Finished at: 2023-07-12T15:27:25Z
[3adc70a5-ab4b-455e-af4c-aafaaee2247c/build]   | [INFO] ------------------------------------------------------------------------
[3adc70a5-ab4b-455e-af4c-aafaaee2247c/build]   | [ERROR] Failed to execute goal org.apache.maven.plugins:maven-surefire-plugin:2.12.4:test (default-test) on project solarpositioning: There are test failures.
[3adc70a5-ab4b-455e-af4c-aafaaee2247c/build]   | [ERROR] 
[3adc70a5-ab4b-455e-af4c-aafaaee2247c/build]   | [ERROR] Please refer to /tmp/3c408385-4f15-4b73-993c-634a941b343d/target/surefire-reports for the individual test results.
[3adc70a5-ab4b-455e-af4c-aafaaee2247c/build]   | [ERROR] -> [Help 1]
[3adc70a5-ab4b-455e-af4c-aafaaee2247c/build]   | [ERROR] 
[3adc70a5-ab4b-455e-af4c-aafaaee2247c/build]   | [ERROR] To see the full stack trace of the errors, re-run Maven with the -e switch.
[3adc70a5-ab4b-455e-af4c-aafaaee2247c/build]   | [ERROR] Re-run Maven using the -X switch to enable full debug logging.
[3adc70a5-ab4b-455e-af4c-aafaaee2247c/build]   | [ERROR] 
[3adc70a5-ab4b-455e-af4c-aafaaee2247c/build]   | [ERROR] For more information about the errors and possible solutions, please read the following articles:
[3adc70a5-ab4b-455e-af4c-aafaaee2247c/build]   | [ERROR] [Help 1] http://cwiki.apache.org/confluence/display/MAVEN/MojoFailureException
[3adc70a5-ab4b-455e-af4c-aafaaee2247c/build]   ‚ùå  Failure - Main Build with Maven
[3adc70a5-ab4b-455e-af4c-aafaaee2247c/build] exitcode '1': failure
[3adc70a5-ab4b-455e-af4c-aafaaee2247c/build] unable to get git ref: failed to identify reference (tag/branch) for the checked-out revision '44d273dc23cb643444a4b1396e1aaca70654248c'
[3adc70a5-ab4b-455e-af4c-aafaaee2247c/build] unable to get git ref: failed to identify reference (tag/branch) for the checked-out revision '44d273dc23cb643444a4b1396e1aaca70654248c'
[3adc70a5-ab4b-455e-af4c-aafaaee2247c/build] unable to get git ref: failed to identify reference (tag/branch) for the checked-out revision '44d273dc23cb643444a4b1396e1aaca70654248c'
[3adc70a5-ab4b-455e-af4c-aafaaee2247c/build] unable to get git ref: failed to identify reference (tag/branch) for the checked-out revision '44d273dc23cb643444a4b1396e1aaca70654248c'
[3adc70a5-ab4b-455e-af4c-aafaaee2247c/build] unable to get git ref: failed to identify reference (tag/branch) for the checked-out revision '44d273dc23cb643444a4b1396e1aaca70654248c'
[3adc70a5-ab4b-455e-af4c-aafaaee2247c/build] ‚≠ê Run Post Set up JDK 1.8
[3adc70a5-ab4b-455e-af4c-aafaaee2247c/build]   üê≥  docker exec cmd=[node /var/run/act/actions/actions-setup-java@v1/dist/cleanup/index.js] user= workdir=
[3adc70a5-ab4b-455e-af4c-aafaaee2247c/build]   ‚úÖ  Success - Post Set up JDK 1.8
[3adc70a5-ab4b-455e-af4c-aafaaee2247c/build] üèÅ  Job failed
[3adc70a5-ab4b-455e-af4c-aafaaee2247c/build] unable to get git ref: failed to identify reference (tag/branch) for the checked-out revision '44d273dc23cb643444a4b1396e1aaca70654248c'
