[b517e868-610d-479b-aaa0-7b77321b99c0/build] üöÄ  Start image=crawlergpt:latest
[b517e868-610d-479b-aaa0-7b77321b99c0/build]   üê≥  docker pull image=crawlergpt:latest platform= username= forcePull=false
[b517e868-610d-479b-aaa0-7b77321b99c0/build]   üê≥  docker create image=crawlergpt:latest platform= entrypoint=["tail" "-f" "/dev/null"] cmd=[]
[b517e868-610d-479b-aaa0-7b77321b99c0/build]   üê≥  docker run image=crawlergpt:latest platform= entrypoint=["tail" "-f" "/dev/null"] cmd=[]
[b517e868-610d-479b-aaa0-7b77321b99c0/build]   üê≥  docker exec cmd=[chown -R 1012:1013 /tmp/323225a7-6571-4a6e-ad79-7e9caca4f83c] user=0 workdir=
[b517e868-610d-479b-aaa0-7b77321b99c0/build] unable to get git ref: failed to identify reference (tag/branch) for the checked-out revision 'bcd1193fbf765eda32b94e2d54b09e978ad39cc6'
[b517e868-610d-479b-aaa0-7b77321b99c0/build] unable to get git ref: failed to identify reference (tag/branch) for the checked-out revision 'bcd1193fbf765eda32b94e2d54b09e978ad39cc6'
[b517e868-610d-479b-aaa0-7b77321b99c0/build] unable to get git ref: failed to identify reference (tag/branch) for the checked-out revision 'bcd1193fbf765eda32b94e2d54b09e978ad39cc6'
[b517e868-610d-479b-aaa0-7b77321b99c0/build] unable to get git ref: failed to identify reference (tag/branch) for the checked-out revision 'bcd1193fbf765eda32b94e2d54b09e978ad39cc6'
[b517e868-610d-479b-aaa0-7b77321b99c0/build] üß™  Matrix: map[java:8]
[b517e868-610d-479b-aaa0-7b77321b99c0/build] unable to get git ref: failed to identify reference (tag/branch) for the checked-out revision 'bcd1193fbf765eda32b94e2d54b09e978ad39cc6'
[b517e868-610d-479b-aaa0-7b77321b99c0/build] unable to get git ref: failed to identify reference (tag/branch) for the checked-out revision 'bcd1193fbf765eda32b94e2d54b09e978ad39cc6'
[b517e868-610d-479b-aaa0-7b77321b99c0/build] unable to get git ref: failed to identify reference (tag/branch) for the checked-out revision 'bcd1193fbf765eda32b94e2d54b09e978ad39cc6'
[b517e868-610d-479b-aaa0-7b77321b99c0/build] unable to get git ref: failed to identify reference (tag/branch) for the checked-out revision 'bcd1193fbf765eda32b94e2d54b09e978ad39cc6'
[b517e868-610d-479b-aaa0-7b77321b99c0/build] unable to get git ref: failed to identify reference (tag/branch) for the checked-out revision 'bcd1193fbf765eda32b94e2d54b09e978ad39cc6'
[b517e868-610d-479b-aaa0-7b77321b99c0/build] unable to get git ref: failed to identify reference (tag/branch) for the checked-out revision 'bcd1193fbf765eda32b94e2d54b09e978ad39cc6'
[b517e868-610d-479b-aaa0-7b77321b99c0/build] ‚≠ê Run Main actions/checkout@v2
[b517e868-610d-479b-aaa0-7b77321b99c0/build] unable to get git ref: failed to identify reference (tag/branch) for the checked-out revision 'bcd1193fbf765eda32b94e2d54b09e978ad39cc6'
[b517e868-610d-479b-aaa0-7b77321b99c0/build]   ‚úÖ  Success - Main actions/checkout@v2
[b517e868-610d-479b-aaa0-7b77321b99c0/build] unable to get git ref: failed to identify reference (tag/branch) for the checked-out revision 'bcd1193fbf765eda32b94e2d54b09e978ad39cc6'
[b517e868-610d-479b-aaa0-7b77321b99c0/build] unable to get git ref: failed to identify reference (tag/branch) for the checked-out revision 'bcd1193fbf765eda32b94e2d54b09e978ad39cc6'
[b517e868-610d-479b-aaa0-7b77321b99c0/build] unable to get git ref: failed to identify reference (tag/branch) for the checked-out revision 'bcd1193fbf765eda32b94e2d54b09e978ad39cc6'
[b517e868-610d-479b-aaa0-7b77321b99c0/build] unable to get git ref: failed to identify reference (tag/branch) for the checked-out revision 'bcd1193fbf765eda32b94e2d54b09e978ad39cc6'
[b517e868-610d-479b-aaa0-7b77321b99c0/build] unable to get git ref: failed to identify reference (tag/branch) for the checked-out revision 'bcd1193fbf765eda32b94e2d54b09e978ad39cc6'
[b517e868-610d-479b-aaa0-7b77321b99c0/build] ‚≠ê Run Main Set up JDK 8
[b517e868-610d-479b-aaa0-7b77321b99c0/build] unable to get git ref: failed to identify reference (tag/branch) for the checked-out revision 'bcd1193fbf765eda32b94e2d54b09e978ad39cc6'
[b517e868-610d-479b-aaa0-7b77321b99c0/build] unable to get git ref: failed to identify reference (tag/branch) for the checked-out revision 'bcd1193fbf765eda32b94e2d54b09e978ad39cc6'
[b517e868-610d-479b-aaa0-7b77321b99c0/build] unable to get git ref: failed to identify reference (tag/branch) for the checked-out revision 'bcd1193fbf765eda32b94e2d54b09e978ad39cc6'
[b517e868-610d-479b-aaa0-7b77321b99c0/build]   üê≥  docker cp src=/tmp/act-cache/3ac46217-2946-4e1e-b404-78da73be0b9d/act/actions-setup-java@v2/ dst=/var/run/act/actions/actions-setup-java@v2/
[b517e868-610d-479b-aaa0-7b77321b99c0/build]   üê≥  docker exec cmd=[chown -R 1012:1013 /var/run/act/actions/actions-setup-java@v2/] user=0 workdir=
[b517e868-610d-479b-aaa0-7b77321b99c0/build]   üê≥  docker exec cmd=[node /var/run/act/actions/actions-setup-java@v2/dist/setup/index.js] user= workdir=
[b517e868-610d-479b-aaa0-7b77321b99c0/build]   üí¨  ::debug::isExplicit: 11.0.11-9
[b517e868-610d-479b-aaa0-7b77321b99c0/build]   üí¨  ::debug::explicit? true
[b517e868-610d-479b-aaa0-7b77321b99c0/build]   üí¨  ::debug::isExplicit: 8.0.292-1
[b517e868-610d-479b-aaa0-7b77321b99c0/build]   üí¨  ::debug::explicit? true
[b517e868-610d-479b-aaa0-7b77321b99c0/build]   | Resolved Java 8.0.292+1 from tool-cache
[b517e868-610d-479b-aaa0-7b77321b99c0/build]   | Setting Java 8.0.292+1 as the default
[b517e868-610d-479b-aaa0-7b77321b99c0/build]   | 
[b517e868-610d-479b-aaa0-7b77321b99c0/build]   | Java configuration:
[b517e868-610d-479b-aaa0-7b77321b99c0/build]   |   Distribution: adopt
[b517e868-610d-479b-aaa0-7b77321b99c0/build]   |   Version: 8.0.292+1
[b517e868-610d-479b-aaa0-7b77321b99c0/build]   |   Path: /opt/hostedtoolcache/Java_Adopt_jdk/8.0.292-1/x64
[b517e868-610d-479b-aaa0-7b77321b99c0/build]   | 
[b517e868-610d-479b-aaa0-7b77321b99c0/build]   ‚ùì add-matcher /run/act/actions/actions-setup-java@v2/.github/java.json
[b517e868-610d-479b-aaa0-7b77321b99c0/build]   | Creating settings.xml with server-id: github
[b517e868-610d-479b-aaa0-7b77321b99c0/build]   | Writing to /home/runneradmin/.m2/settings.xml
[b517e868-610d-479b-aaa0-7b77321b99c0/build]   ‚úÖ  Success - Main Set up JDK 8
[b517e868-610d-479b-aaa0-7b77321b99c0/build]   ‚öô  ::set-env:: JAVA_HOME=/opt/hostedtoolcache/Java_Adopt_jdk/8.0.292-1/x64
[b517e868-610d-479b-aaa0-7b77321b99c0/build]   ‚öô  ::set-output:: distribution=Adopt-Hotspot
[b517e868-610d-479b-aaa0-7b77321b99c0/build]   ‚öô  ::set-output:: path=/opt/hostedtoolcache/Java_Adopt_jdk/8.0.292-1/x64
[b517e868-610d-479b-aaa0-7b77321b99c0/build]   ‚öô  ::set-output:: version=8.0.292+1
[b517e868-610d-479b-aaa0-7b77321b99c0/build]   ‚öô  ::add-path:: /opt/hostedtoolcache/Java_Adopt_jdk/8.0.292-1/x64/bin
[b517e868-610d-479b-aaa0-7b77321b99c0/build] unable to get git ref: failed to identify reference (tag/branch) for the checked-out revision 'bcd1193fbf765eda32b94e2d54b09e978ad39cc6'
[b517e868-610d-479b-aaa0-7b77321b99c0/build] unable to get git ref: failed to identify reference (tag/branch) for the checked-out revision 'bcd1193fbf765eda32b94e2d54b09e978ad39cc6'
[b517e868-610d-479b-aaa0-7b77321b99c0/build] unable to get git ref: failed to identify reference (tag/branch) for the checked-out revision 'bcd1193fbf765eda32b94e2d54b09e978ad39cc6'
[b517e868-610d-479b-aaa0-7b77321b99c0/build] unable to get git ref: failed to identify reference (tag/branch) for the checked-out revision 'bcd1193fbf765eda32b94e2d54b09e978ad39cc6'
[b517e868-610d-479b-aaa0-7b77321b99c0/build] unable to get git ref: failed to identify reference (tag/branch) for the checked-out revision 'bcd1193fbf765eda32b94e2d54b09e978ad39cc6'
[b517e868-610d-479b-aaa0-7b77321b99c0/build] ‚≠ê Run Main Build with Maven
[b517e868-610d-479b-aaa0-7b77321b99c0/build] unable to get git ref: failed to identify reference (tag/branch) for the checked-out revision 'bcd1193fbf765eda32b94e2d54b09e978ad39cc6'
[b517e868-610d-479b-aaa0-7b77321b99c0/build] unable to get git ref: failed to identify reference (tag/branch) for the checked-out revision 'bcd1193fbf765eda32b94e2d54b09e978ad39cc6'
[b517e868-610d-479b-aaa0-7b77321b99c0/build] unable to get git ref: failed to identify reference (tag/branch) for the checked-out revision 'bcd1193fbf765eda32b94e2d54b09e978ad39cc6'
[b517e868-610d-479b-aaa0-7b77321b99c0/build] unable to get git ref: failed to identify reference (tag/branch) for the checked-out revision 'bcd1193fbf765eda32b94e2d54b09e978ad39cc6'
[b517e868-610d-479b-aaa0-7b77321b99c0/build]   üê≥  docker exec cmd=[bash --noprofile --norc -e -o pipefail /var/run/act/workflow/2] user= workdir=
[b517e868-610d-479b-aaa0-7b77321b99c0/build]   | [INFO] Scanning for projects...
[b517e868-610d-479b-aaa0-7b77321b99c0/build]   | [INFO] Downloading from central: https://repo.maven.apache.org/maven2/com/github/davidmoten/sonatype-parent/0.1/sonatype-parent-0.1.pom
[b517e868-610d-479b-aaa0-7b77321b99c0/build]   | [INFO] Downloaded from central: https://repo.maven.apache.org/maven2/com/github/davidmoten/sonatype-parent/0.1/sonatype-parent-0.1.pom (4.0 kB at 2.4 kB/s)
[b517e868-610d-479b-aaa0-7b77321b99c0/build]   | [INFO] Downloading from central: https://repo.maven.apache.org/maven2/org/sonatype/plugins/nexus-staging-maven-plugin/1.6.5/nexus-staging-maven-plugin-1.6.5.pom
[b517e868-610d-479b-aaa0-7b77321b99c0/build]   | [INFO] Downloaded from central: https://repo.maven.apache.org/maven2/org/sonatype/plugins/nexus-staging-maven-plugin/1.6.5/nexus-staging-maven-plugin-1.6.5.pom (12 kB at 99 kB/s)
[b517e868-610d-479b-aaa0-7b77321b99c0/build]   | [INFO] Downloading from central: https://repo.maven.apache.org/maven2/org/sonatype/nexus/maven/nexus-staging/1.6.5/nexus-staging-1.6.5.pom
[b517e868-610d-479b-aaa0-7b77321b99c0/build]   | [INFO] Downloaded from central: https://repo.maven.apache.org/maven2/org/sonatype/nexus/maven/nexus-staging/1.6.5/nexus-staging-1.6.5.pom (2.8 kB at 34 kB/s)
[b517e868-610d-479b-aaa0-7b77321b99c0/build]   | [INFO] Downloading from central: https://repo.maven.apache.org/maven2/org/sonatype/nexus/maven/nexus-maven-plugins/1.6.5/nexus-maven-plugins-1.6.5.pom
[b517e868-610d-479b-aaa0-7b77321b99c0/build]   | [INFO] Downloaded from central: https://repo.maven.apache.org/maven2/org/sonatype/nexus/maven/nexus-maven-plugins/1.6.5/nexus-maven-plugins-1.6.5.pom (18 kB at 331 kB/s)
[b517e868-610d-479b-aaa0-7b77321b99c0/build]   | [INFO] Downloading from central: https://repo.maven.apache.org/maven2/org/sonatype/buildsupport/public-parent/6/public-parent-6.pom
[b517e868-610d-479b-aaa0-7b77321b99c0/build]   | [INFO] Downloaded from central: https://repo.maven.apache.org/maven2/org/sonatype/buildsupport/public-parent/6/public-parent-6.pom (760 B at 17 kB/s)
[b517e868-610d-479b-aaa0-7b77321b99c0/build]   | [INFO] Downloading from central: https://repo.maven.apache.org/maven2/org/sonatype/buildsupport/buildsupport/6/buildsupport-6.pom
[b517e868-610d-479b-aaa0-7b77321b99c0/build]   | [INFO] Downloaded from central: https://repo.maven.apache.org/maven2/org/sonatype/buildsupport/buildsupport/6/buildsupport-6.pom (23 kB at 37 kB/s)
[b517e868-610d-479b-aaa0-7b77321b99c0/build]   | [INFO] Downloading from central: https://repo.maven.apache.org/maven2/org/sonatype/nexus/maven/nexus-common/1.6.5/nexus-common-1.6.5.pom
[b517e868-610d-479b-aaa0-7b77321b99c0/build]   | [INFO] Downloaded from central: https://repo.maven.apache.org/maven2/org/sonatype/nexus/maven/nexus-common/1.6.5/nexus-common-1.6.5.pom (2.2 kB at 123 kB/s)
[b517e868-610d-479b-aaa0-7b77321b99c0/build]   | [INFO] Downloading from central: https://repo.maven.apache.org/maven2/org/sonatype/plexus/plexus-sec-dispatcher/1.4/plexus-sec-dispatcher-1.4.pom
[b517e868-610d-479b-aaa0-7b77321b99c0/build]   | [INFO] Downloaded from central: https://repo.maven.apache.org/maven2/org/sonatype/plexus/plexus-sec-dispatcher/1.4/plexus-sec-dispatcher-1.4.pom (3.0 kB at 78 kB/s)
[b517e868-610d-479b-aaa0-7b77321b99c0/build]   | [INFO] Downloading from central: https://repo.maven.apache.org/maven2/org/sonatype/spice/spice-parent/12/spice-parent-12.pom
[b517e868-610d-479b-aaa0-7b77321b99c0/build]   | [INFO] Downloaded from central: https://repo.maven.apache.org/maven2/org/sonatype/spice/spice-parent/12/spice-parent-12.pom (6.8 kB at 194 kB/s)
[b517e868-610d-479b-aaa0-7b77321b99c0/build]   | [INFO] Downloading from central: https://repo.maven.apache.org/maven2/org/sonatype/forge/forge-parent/4/forge-parent-4.pom
[b517e868-610d-479b-aaa0-7b77321b99c0/build]   | [INFO] Downloaded from central: https://repo.maven.apache.org/maven2/org/sonatype/forge/forge-parent/4/forge-parent-4.pom (8.4 kB at 14 kB/s)
[b517e868-610d-479b-aaa0-7b77321b99c0/build]   | [INFO] Downloading from central: https://repo.maven.apache.org/maven2/org/sonatype/plexus/plexus-cipher/1.7/plexus-cipher-1.7.pom
[b517e868-610d-479b-aaa0-7b77321b99c0/build]   | [INFO] Downloaded from central: https://repo.maven.apache.org/maven2/org/sonatype/plexus/plexus-cipher/1.7/plexus-cipher-1.7.pom (4.2 kB at 190 kB/s)
[b517e868-610d-479b-aaa0-7b77321b99c0/build]   | [INFO] Downloading from central: https://repo.maven.apache.org/maven2/org/sonatype/spice/spice-parent/15/spice-parent-15.pom
[b517e868-610d-479b-aaa0-7b77321b99c0/build]   | [INFO] Downloaded from central: https://repo.maven.apache.org/maven2/org/sonatype/spice/spice-parent/15/spice-parent-15.pom (8.4 kB at 32 kB/s)
[b517e868-610d-479b-aaa0-7b77321b99c0/build]   | [INFO] Downloading from central: https://repo.maven.apache.org/maven2/org/sonatype/forge/forge-parent/5/forge-parent-5.pom
[b517e868-610d-479b-aaa0-7b77321b99c0/build]   | [INFO] Downloaded from central: https://repo.maven.apache.org/maven2/org/sonatype/forge/forge-parent/5/forge-parent-5.pom (8.4 kB at 322 kB/s)
[b517e868-610d-479b-aaa0-7b77321b99c0/build]   | [INFO] Downloading from central: https://repo.maven.apache.org/maven2/com/google/guava/guava/14.0.1/guava-14.0.1.pom
[b517e868-610d-479b-aaa0-7b77321b99c0/build]   | [INFO] Downloaded from central: https://repo.maven.apache.org/maven2/com/google/guava/guava/14.0.1/guava-14.0.1.pom (5.4 kB at 384 kB/s)
[b517e868-610d-479b-aaa0-7b77321b99c0/build]   | [INFO] Downloading from central: https://repo.maven.apache.org/maven2/com/google/guava/guava-parent/14.0.1/guava-parent-14.0.1.pom
[b517e868-610d-479b-aaa0-7b77321b99c0/build]   | [INFO] Downloaded from central: https://repo.maven.apache.org/maven2/com/google/guava/guava-parent/14.0.1/guava-parent-14.0.1.pom (2.6 kB at 160 kB/s)
[b517e868-610d-479b-aaa0-7b77321b99c0/build]   | [INFO] Downloading from central: https://repo.maven.apache.org/maven2/org/sonatype/oss/oss-parent/7/oss-parent-7.pom
[b517e868-610d-479b-aaa0-7b77321b99c0/build]   | [INFO] Downloaded from central: https://repo.maven.apache.org/maven2/org/sonatype/oss/oss-parent/7/oss-parent-7.pom (4.8 kB at 193 kB/s)
[b517e868-610d-479b-aaa0-7b77321b99c0/build]   | [INFO] Downloading from central: https://repo.maven.apache.org/maven2/org/sonatype/nexus/nexus-client-core/2.9.1-02/nexus-client-core-2.9.1-02.pom
[b517e868-610d-479b-aaa0-7b77321b99c0/build]   | [INFO] Downloaded from central: https://repo.maven.apache.org/maven2/org/sonatype/nexus/nexus-client-core/2.9.1-02/nexus-client-core-2.9.1-02.pom (4.9 kB at 105 kB/s)
[b517e868-610d-479b-aaa0-7b77321b99c0/build]   | [INFO] Downloading from central: https://repo.maven.apache.org/maven2/org/sonatype/nexus/nexus-components/2.9.1-02/nexus-components-2.9.1-02.pom
[b517e868-610d-479b-aaa0-7b77321b99c0/build]   | [INFO] Downloaded from central: https://repo.maven.apache.org/maven2/org/sonatype/nexus/nexus-components/2.9.1-02/nexus-components-2.9.1-02.pom (2.6 kB at 70 kB/s)
[b517e868-610d-479b-aaa0-7b77321b99c0/build]   | [INFO] Downloading from central: https://repo.maven.apache.org/maven2/org/sonatype/nexus/nexus-oss/2.9.1-02/nexus-oss-2.9.1-02.pom
[b517e868-610d-479b-aaa0-7b77321b99c0/build]   | [INFO] Downloaded from central: https://repo.maven.apache.org/maven2/org/sonatype/nexus/nexus-oss/2.9.1-02/nexus-oss-2.9.1-02.pom (37 kB at 709 kB/s)
[b517e868-610d-479b-aaa0-7b77321b99c0/build]   | [INFO] Downloading from central: https://repo.maven.apache.org/maven2/org/sonatype/nexus/buildsupport/nexus-buildsupport-all/2.9.1-02/nexus-buildsupport-all-2.9.1-02.pom
[b517e868-610d-479b-aaa0-7b77321b99c0/build]   | [INFO] Downloaded from central: https://repo.maven.apache.org/maven2/org/sonatype/nexus/buildsupport/nexus-buildsupport-all/2.9.1-02/nexus-buildsupport-all-2.9.1-02.pom (5.7 kB at 211 kB/s)
[b517e868-610d-479b-aaa0-7b77321b99c0/build]   | [INFO] Downloading from central: https://repo.maven.apache.org/maven2/org/sonatype/nexus/buildsupport/nexus-buildsupport/2.9.1-02/nexus-buildsupport-2.9.1-02.pom
[b517e868-610d-479b-aaa0-7b77321b99c0/build]   | [INFO] Downloaded from central: https://repo.maven.apache.org/maven2/org/sonatype/nexus/buildsupport/nexus-buildsupport/2.9.1-02/nexus-buildsupport-2.9.1-02.pom (2.0 kB at 79 kB/s)
[b517e868-610d-479b-aaa0-7b77321b99c0/build]   | [INFO] Downloading from rso-public-grid: https://repository.sonatype.org/content/groups/sonatype-public-grid/org/sonatype/nexus/buildsupport/nexus-buildsupport-commons/2.9.1-02/nexus-buildsupport-commons-2.9.1-02.pom
[b517e868-610d-479b-aaa0-7b77321b99c0/build]   | [INFO] Downloaded from rso-public-grid: https://repository.sonatype.org/content/groups/sonatype-public-grid/org/sonatype/nexus/buildsupport/nexus-buildsupport-commons/2.9.1-02/nexus-buildsupport-commons-2.9.1-02.pom (3.0 kB at 587 B/s)
[b517e868-610d-479b-aaa0-7b77321b99c0/build]   | [INFO] Downloading from rso-public-grid: https://repository.sonatype.org/content/groups/sonatype-public-grid/org/sonatype/nexus/buildsupport/nexus-buildsupport-db/2.9.1-02/nexus-buildsupport-db-2.9.1-02.pom
[b517e868-610d-479b-aaa0-7b77321b99c0/build]   | [INFO] Downloaded from rso-public-grid: https://repository.sonatype.org/content/groups/sonatype-public-grid/org/sonatype/nexus/buildsupport/nexus-buildsupport-db/2.9.1-02/nexus-buildsupport-db-2.9.1-02.pom (2.0 kB at 8.1 kB/s)
[b517e868-610d-479b-aaa0-7b77321b99c0/build]   | [INFO] Downloading from rso-public-grid: https://repository.sonatype.org/content/groups/sonatype-public-grid/org/sonatype/nexus/buildsupport/nexus-buildsupport-httpclient/2.9.1-02/nexus-buildsupport-httpclient-2.9.1-02.pom
[b517e868-610d-479b-aaa0-7b77321b99c0/build]   | [INFO] Downloaded from rso-public-grid: https://repository.sonatype.org/content/groups/sonatype-public-grid/org/sonatype/nexus/buildsupport/nexus-buildsupport-httpclient/2.9.1-02/nexus-buildsupport-httpclient-2.9.1-02.pom (2.1 kB at 3.4 kB/s)
[b517e868-610d-479b-aaa0-7b77321b99c0/build]   | [INFO] Downloading from rso-public-grid: https://repository.sonatype.org/content/groups/sonatype-public-grid/org/sonatype/nexus/buildsupport/nexus-buildsupport-maven/2.9.1-02/nexus-buildsupport-maven-2.9.1-02.pom
[b517e868-610d-479b-aaa0-7b77321b99c0/build]   | [INFO] Downloaded from rso-public-grid: https://repository.sonatype.org/content/groups/sonatype-public-grid/org/sonatype/nexus/buildsupport/nexus-buildsupport-maven/2.9.1-02/nexus-buildsupport-maven-2.9.1-02.pom (6.2 kB at 25 kB/s)
[b517e868-610d-479b-aaa0-7b77321b99c0/build]   | [INFO] Downloading from rso-public-grid: https://repository.sonatype.org/content/groups/sonatype-public-grid/org/sonatype/nexus/buildsupport/nexus-buildsupport-shiro/2.9.1-02/nexus-buildsupport-shiro-2.9.1-02.pom
[b517e868-610d-479b-aaa0-7b77321b99c0/build]   | [INFO] Downloaded from rso-public-grid: https://repository.sonatype.org/content/groups/sonatype-public-grid/org/sonatype/nexus/buildsupport/nexus-buildsupport-shiro/2.9.1-02/nexus-buildsupport-shiro-2.9.1-02.pom (3.4 kB at 14 kB/s)
[b517e868-610d-479b-aaa0-7b77321b99c0/build]   | [INFO] Downloading from rso-public-grid: https://repository.sonatype.org/content/groups/sonatype-public-grid/org/sonatype/nexus/buildsupport/nexus-buildsupport-bouncycastle/2.9.1-02/nexus-buildsupport-bouncycastle-2.9.1-02.pom
[b517e868-610d-479b-aaa0-7b77321b99c0/build]   | [INFO] Downloaded from rso-public-grid: https://repository.sonatype.org/content/groups/sonatype-public-grid/org/sonatype/nexus/buildsupport/nexus-buildsupport-bouncycastle/2.9.1-02/nexus-buildsupport-bouncycastle-2.9.1-02.pom (2.1 kB at 7.1 kB/s)
[b517e868-610d-479b-aaa0-7b77321b99c0/build]   | [INFO] Downloading from rso-public-grid: https://repository.sonatype.org/content/groups/sonatype-public-grid/org/sonatype/nexus/buildsupport/nexus-buildsupport-jetty/2.9.1-02/nexus-buildsupport-jetty-2.9.1-02.pom
[b517e868-610d-479b-aaa0-7b77321b99c0/build]   | [INFO] Downloaded from rso-public-grid: https://repository.sonatype.org/content/groups/sonatype-public-grid/org/sonatype/nexus/buildsupport/nexus-buildsupport-jetty/2.9.1-02/nexus-buildsupport-jetty-2.9.1-02.pom (4.5 kB at 18 kB/s)
[b517e868-610d-479b-aaa0-7b77321b99c0/build]   | [INFO] Downloading from rso-public-grid: https://repository.sonatype.org/content/groups/sonatype-public-grid/org/sonatype/nexus/buildsupport/nexus-buildsupport-goodies/2.9.1-02/nexus-buildsupport-goodies-2.9.1-02.pom
[b517e868-610d-479b-aaa0-7b77321b99c0/build]   | [INFO] Downloaded from rso-public-grid: https://repository.sonatype.org/content/groups/sonatype-public-grid/org/sonatype/nexus/buildsupport/nexus-buildsupport-goodies/2.9.1-02/nexus-buildsupport-goodies-2.9.1-02.pom (3.6 kB at 15 kB/s)
[b517e868-610d-479b-aaa0-7b77321b99c0/build]   | [INFO] Downloading from rso-public-grid: https://repository.sonatype.org/content/groups/sonatype-public-grid/org/sonatype/nexus/buildsupport/nexus-buildsupport-groovy/2.9.1-02/nexus-buildsupport-groovy-2.9.1-02.pom
[b517e868-610d-479b-aaa0-7b77321b99c0/build]   | [INFO] Downloaded from rso-public-grid: https://repository.sonatype.org/content/groups/sonatype-public-grid/org/sonatype/nexus/buildsupport/nexus-buildsupport-groovy/2.9.1-02/nexus-buildsupport-groovy-2.9.1-02.pom (2.6 kB at 11 kB/s)
[b517e868-610d-479b-aaa0-7b77321b99c0/build]   | [INFO] Downloading from rso-public-grid: https://repository.sonatype.org/content/groups/sonatype-public-grid/org/sonatype/nexus/buildsupport/nexus-buildsupport-guice/2.9.1-02/nexus-buildsupport-guice-2.9.1-02.pom
[b517e868-610d-479b-aaa0-7b77321b99c0/build]   | [INFO] Downloaded from rso-public-grid: https://repository.sonatype.org/content/groups/sonatype-public-grid/org/sonatype/nexus/buildsupport/nexus-buildsupport-guice/2.9.1-02/nexus-buildsupport-guice-2.9.1-02.pom (3.6 kB at 15 kB/s)
[b517e868-610d-479b-aaa0-7b77321b99c0/build]   | [INFO] Downloading from rso-public-grid: https://repository.sonatype.org/content/groups/sonatype-public-grid/org/sonatype/nexus/buildsupport/nexus-buildsupport-logging/2.9.1-02/nexus-buildsupport-logging-2.9.1-02.pom
[b517e868-610d-479b-aaa0-7b77321b99c0/build]   | [INFO] Downloaded from rso-public-grid: https://repository.sonatype.org/content/groups/sonatype-public-grid/org/sonatype/nexus/buildsupport/nexus-buildsupport-logging/2.9.1-02/nexus-buildsupport-logging-2.9.1-02.pom (3.3 kB at 11 kB/s)
[b517e868-610d-479b-aaa0-7b77321b99c0/build]   | [INFO] Downloading from rso-public-grid: https://repository.sonatype.org/content/groups/sonatype-public-grid/org/sonatype/nexus/buildsupport/nexus-buildsupport-osgi/2.9.1-02/nexus-buildsupport-osgi-2.9.1-02.pom
[b517e868-610d-479b-aaa0-7b77321b99c0/build]   | [INFO] Downloaded from rso-public-grid: https://repository.sonatype.org/content/groups/sonatype-public-grid/org/sonatype/nexus/buildsupport/nexus-buildsupport-osgi/2.9.1-02/nexus-buildsupport-osgi-2.9.1-02.pom (2.0 kB at 8.1 kB/s)
[b517e868-610d-479b-aaa0-7b77321b99c0/build]   | [INFO] Downloading from rso-public-grid: https://repository.sonatype.org/content/groups/sonatype-public-grid/org/sonatype/nexus/buildsupport/nexus-buildsupport-other/2.9.1-02/nexus-buildsupport-other-2.9.1-02.pom
[b517e868-610d-479b-aaa0-7b77321b99c0/build]   | [INFO] Downloaded from rso-public-grid: https://repository.sonatype.org/content/groups/sonatype-public-grid/org/sonatype/nexus/buildsupport/nexus-buildsupport-other/2.9.1-02/nexus-buildsupport-other-2.9.1-02.pom (4.2 kB at 17 kB/s)
[b517e868-610d-479b-aaa0-7b77321b99c0/build]   | [INFO] Downloading from rso-public-grid: https://repository.sonatype.org/content/groups/sonatype-public-grid/org/sonatype/nexus/buildsupport/nexus-buildsupport-plexus/2.9.1-02/nexus-buildsupport-plexus-2.9.1-02.pom
[b517e868-610d-479b-aaa0-7b77321b99c0/build]   | [INFO] Downloaded from rso-public-grid: https://repository.sonatype.org/content/groups/sonatype-public-grid/org/sonatype/nexus/buildsupport/nexus-buildsupport-plexus/2.9.1-02/nexus-buildsupport-plexus-2.9.1-02.pom (4.3 kB at 17 kB/s)
[b517e868-610d-479b-aaa0-7b77321b99c0/build]   | [INFO] Downloading from rso-public-grid: https://repository.sonatype.org/content/groups/sonatype-public-grid/org/sonatype/nexus/buildsupport/nexus-buildsupport-rest/2.9.1-02/nexus-buildsupport-rest-2.9.1-02.pom
[b517e868-610d-479b-aaa0-7b77321b99c0/build]   | [INFO] Downloaded from rso-public-grid: https://repository.sonatype.org/content/groups/sonatype-public-grid/org/sonatype/nexus/buildsupport/nexus-buildsupport-rest/2.9.1-02/nexus-buildsupport-rest-2.9.1-02.pom (4.5 kB at 17 kB/s)
[b517e868-610d-479b-aaa0-7b77321b99c0/build]   | [INFO] Downloading from rso-public-grid: https://repository.sonatype.org/content/groups/sonatype-public-grid/org/sonatype/nexus/buildsupport/nexus-buildsupport-testing/2.9.1-02/nexus-buildsupport-testing-2.9.1-02.pom
[b517e868-610d-479b-aaa0-7b77321b99c0/build]   | [INFO] Downloaded from rso-public-grid: https://repository.sonatype.org/content/groups/sonatype-public-grid/org/sonatype/nexus/buildsupport/nexus-buildsupport-testing/2.9.1-02/nexus-buildsupport-testing-2.9.1-02.pom (4.7 kB at 18 kB/s)
[b517e868-610d-479b-aaa0-7b77321b99c0/build]   | [INFO] Downloading from rso-public-grid: https://repository.sonatype.org/content/groups/sonatype-public-grid/org/sonatype/nexus/buildsupport/nexus-buildsupport-metrics/2.9.1-02/nexus-buildsupport-metrics-2.9.1-02.pom
[b517e868-610d-479b-aaa0-7b77321b99c0/build]   | [INFO] Downloaded from rso-public-grid: https://repository.sonatype.org/content/groups/sonatype-public-grid/org/sonatype/nexus/buildsupport/nexus-buildsupport-metrics/2.9.1-02/nexus-buildsupport-metrics-2.9.1-02.pom (3.0 kB at 12 kB/s)
[b517e868-610d-479b-aaa0-7b77321b99c0/build]   | [INFO] Downloading from central: https://repo.maven.apache.org/maven2/org/sonatype/nexus/plugins/nexus-restlet1x-model/2.9.1-02/nexus-restlet1x-model-2.9.1-02.pom
[b517e868-610d-479b-aaa0-7b77321b99c0/build]   | [INFO] Downloaded from central: https://repo.maven.apache.org/maven2/org/sonatype/nexus/plugins/nexus-restlet1x-model/2.9.1-02/nexus-restlet1x-model-2.9.1-02.pom (3.5 kB at 234 kB/s)
[b517e868-610d-479b-aaa0-7b77321b99c0/build]   | [INFO] Downloading from central: https://repo.maven.apache.org/maven2/org/sonatype/nexus/plugins/nexus-plugins-restlet1x/2.9.1-02/nexus-plugins-restlet1x-2.9.1-02.pom
[b517e868-610d-479b-aaa0-7b77321b99c0/build]   | [INFO] Downloaded from central: https://repo.maven.apache.org/maven2/org/sonatype/nexus/plugins/nexus-plugins-restlet1x/2.9.1-02/nexus-plugins-restlet1x-2.9.1-02.pom (6.0 kB at 428 kB/s)
[b517e868-610d-479b-aaa0-7b77321b99c0/build]   | [INFO] Downloading from central: https://repo.maven.apache.org/maven2/org/sonatype/nexus/plugins/nexus-plugins/2.9.1-02/nexus-plugins-2.9.1-02.pom
[b517e868-610d-479b-aaa0-7b77321b99c0/build]   | [INFO] Downloaded from central: https://repo.maven.apache.org/maven2/org/sonatype/nexus/plugins/nexus-plugins/2.9.1-02/nexus-plugins-2.9.1-02.pom (27 kB at 1.5 MB/s)
[b517e868-610d-479b-aaa0-7b77321b99c0/build]   | [INFO] Downloading from central: https://repo.maven.apache.org/maven2/org/apache/maven/maven-model/3.0.4/maven-model-3.0.4.pom
[b517e868-610d-479b-aaa0-7b77321b99c0/build]   | [INFO] Downloaded from central: https://repo.maven.apache.org/maven2/org/apache/maven/maven-model/3.0.4/maven-model-3.0.4.pom (3.8 kB at 181 kB/s)
[b517e868-610d-479b-aaa0-7b77321b99c0/build]   | [INFO] Downloading from central: https://repo.maven.apache.org/maven2/org/apache/maven/maven/3.0.4/maven-3.0.4.pom
[b517e868-610d-479b-aaa0-7b77321b99c0/build]   | [INFO] Downloaded from central: https://repo.maven.apache.org/maven2/org/apache/maven/maven/3.0.4/maven-3.0.4.pom (22 kB at 873 kB/s)
[b517e868-610d-479b-aaa0-7b77321b99c0/build]   | [INFO] Downloading from central: https://repo.maven.apache.org/maven2/org/apache/maven/maven-parent/21/maven-parent-21.pom
[b517e868-610d-479b-aaa0-7b77321b99c0/build]   | [INFO] Downloaded from central: https://repo.maven.apache.org/maven2/org/apache/maven/maven-parent/21/maven-parent-21.pom (26 kB at 1.6 MB/s)
[b517e868-610d-479b-aaa0-7b77321b99c0/build]   | [INFO] Downloading from central: https://repo.maven.apache.org/maven2/org/apache/apache/10/apache-10.pom
[b517e868-610d-479b-aaa0-7b77321b99c0/build]   | [INFO] Downloaded from central: https://repo.maven.apache.org/maven2/org/apache/apache/10/apache-10.pom (15 kB at 1.1 MB/s)
[b517e868-610d-479b-aaa0-7b77321b99c0/build]   | [INFO] Downloading from central: https://repo.maven.apache.org/maven2/org/slf4j/slf4j-api/1.7.7/slf4j-api-1.7.7.pom
[b517e868-610d-479b-aaa0-7b77321b99c0/build]   | [INFO] Downloaded from central: https://repo.maven.apache.org/maven2/org/slf4j/slf4j-api/1.7.7/slf4j-api-1.7.7.pom (2.7 kB at 128 kB/s)
[b517e868-610d-479b-aaa0-7b77321b99c0/build]   | [INFO] Downloading from central: https://repo.maven.apache.org/maven2/org/slf4j/slf4j-parent/1.7.7/slf4j-parent-1.7.7.pom
[b517e868-610d-479b-aaa0-7b77321b99c0/build]   | [INFO] Downloaded from central: https://repo.maven.apache.org/maven2/org/slf4j/slf4j-parent/1.7.7/slf4j-parent-1.7.7.pom (12 kB at 277 kB/s)
[b517e868-610d-479b-aaa0-7b77321b99c0/build]   | [INFO] Downloading from central: https://repo.maven.apache.org/maven2/com/google/code/findbugs/jsr305/2.0.1/jsr305-2.0.1.pom
[b517e868-610d-479b-aaa0-7b77321b99c0/build]   | [INFO] Downloaded from central: https://repo.maven.apache.org/maven2/com/google/code/findbugs/jsr305/2.0.1/jsr305-2.0.1.pom (965 B at 18 kB/s)
[b517e868-610d-479b-aaa0-7b77321b99c0/build]   | [INFO] Downloading from central: https://repo.maven.apache.org/maven2/com/intellij/annotations/9.0.4/annotations-9.0.4.pom
[b517e868-610d-479b-aaa0-7b77321b99c0/build]   | [INFO] Downloaded from central: https://repo.maven.apache.org/maven2/com/intellij/annotations/9.0.4/annotations-9.0.4.pom (1.2 kB at 38 kB/s)
[b517e868-610d-479b-aaa0-7b77321b99c0/build]   | [INFO] Downloading from central: https://repo.maven.apache.org/maven2/commons-io/commons-io/2.4/commons-io-2.4.pom
[b517e868-610d-479b-aaa0-7b77321b99c0/build]   | [INFO] Downloaded from central: https://repo.maven.apache.org/maven2/commons-io/commons-io/2.4/commons-io-2.4.pom (10 kB at 41 kB/s)
[b517e868-610d-479b-aaa0-7b77321b99c0/build]   | [INFO] Downloading from central: https://repo.maven.apache.org/maven2/org/apache/commons/commons-parent/25/commons-parent-25.pom
[b517e868-610d-479b-aaa0-7b77321b99c0/build]   | [INFO] Downloaded from central: https://repo.maven.apache.org/maven2/org/apache/commons/commons-parent/25/commons-parent-25.pom (48 kB at 1.5 MB/s)
[b517e868-610d-479b-aaa0-7b77321b99c0/build]   | [INFO] Downloading from central: https://repo.maven.apache.org/maven2/org/apache/apache/9/apache-9.pom
[b517e868-610d-479b-aaa0-7b77321b99c0/build]   | [INFO] Downloaded from central: https://repo.maven.apache.org/maven2/org/apache/apache/9/apache-9.pom (15 kB at 689 kB/s)
[b517e868-610d-479b-aaa0-7b77321b99c0/build]   | [INFO] Downloading from central: https://repo.maven.apache.org/maven2/com/thoughtworks/xstream/xstream/1.4.7/xstream-1.4.7.pom
[b517e868-610d-479b-aaa0-7b77321b99c0/build]   | [INFO] Downloaded from central: https://repo.maven.apache.org/maven2/com/thoughtworks/xstream/xstream/1.4.7/xstream-1.4.7.pom (11 kB at 274 kB/s)
[b517e868-610d-479b-aaa0-7b77321b99c0/build]   | [INFO] Downloading from central: https://repo.maven.apache.org/maven2/com/thoughtworks/xstream/xstream-parent/1.4.7/xstream-parent-1.4.7.pom
[b517e868-610d-479b-aaa0-7b77321b99c0/build]   | [INFO] Downloaded from central: https://repo.maven.apache.org/maven2/com/thoughtworks/xstream/xstream-parent/1.4.7/xstream-parent-1.4.7.pom (26 kB at 350 kB/s)
[b517e868-610d-479b-aaa0-7b77321b99c0/build]   | [INFO] Downloading from central: https://repo.maven.apache.org/maven2/org/codehaus/codehaus-parent/3/codehaus-parent-3.pom
[b517e868-610d-479b-aaa0-7b77321b99c0/build]   | [INFO] Downloaded from central: https://repo.maven.apache.org/maven2/org/codehaus/codehaus-parent/3/codehaus-parent-3.pom (4.1 kB at 75 kB/s)
[b517e868-610d-479b-aaa0-7b77321b99c0/build]   | [INFO] Downloading from central: https://repo.maven.apache.org/maven2/xmlpull/xmlpull/1.1.3.1/xmlpull-1.1.3.1.pom
[b517e868-610d-479b-aaa0-7b77321b99c0/build]   | [INFO] Downloaded from central: https://repo.maven.apache.org/maven2/xmlpull/xmlpull/1.1.3.1/xmlpull-1.1.3.1.pom (386 B at 17 kB/s)
[b517e868-610d-479b-aaa0-7b77321b99c0/build]   | [INFO] Downloading from central: https://repo.maven.apache.org/maven2/xpp3/xpp3_min/1.1.4c/xpp3_min-1.1.4c.pom
[b517e868-610d-479b-aaa0-7b77321b99c0/build]   | [INFO] Downloaded from central: https://repo.maven.apache.org/maven2/xpp3/xpp3_min/1.1.4c/xpp3_min-1.1.4c.pom (1.6 kB at 52 kB/s)
[b517e868-610d-479b-aaa0-7b77321b99c0/build]   | [INFO] Downloading from central: https://repo.maven.apache.org/maven2/joda-time/joda-time/2.2/joda-time-2.2.pom
[b517e868-610d-479b-aaa0-7b77321b99c0/build]   | [INFO] Downloaded from central: https://repo.maven.apache.org/maven2/joda-time/joda-time/2.2/joda-time-2.2.pom (16 kB at 426 kB/s)
[b517e868-610d-479b-aaa0-7b77321b99c0/build]   | [INFO] Downloading from central: https://repo.maven.apache.org/maven2/commons-lang/commons-lang/2.6/commons-lang-2.6.pom
[b517e868-610d-479b-aaa0-7b77321b99c0/build]   | [INFO] Downloaded from central: https://repo.maven.apache.org/maven2/commons-lang/commons-lang/2.6/commons-lang-2.6.pom (17 kB at 648 kB/s)
[b517e868-610d-479b-aaa0-7b77321b99c0/build]   | [INFO] Downloading from central: https://repo.maven.apache.org/maven2/org/apache/commons/commons-parent/17/commons-parent-17.pom
[b517e868-610d-479b-aaa0-7b77321b99c0/build]   | [INFO] Downloaded from central: https://repo.maven.apache.org/maven2/org/apache/commons/commons-parent/17/commons-parent-17.pom (31 kB at 1.0 MB/s)
[b517e868-610d-479b-aaa0-7b77321b99c0/build]   | [INFO] Downloading from central: https://repo.maven.apache.org/maven2/org/apache/apache/7/apache-7.pom
[b517e868-610d-479b-aaa0-7b77321b99c0/build]   | [INFO] Downloaded from central: https://repo.maven.apache.org/maven2/org/apache/apache/7/apache-7.pom (14 kB at 601 kB/s)
[b517e868-610d-479b-aaa0-7b77321b99c0/build]   | [INFO] Downloading from central: https://repo.maven.apache.org/maven2/commons-beanutils/commons-beanutils-core/1.8.3/commons-beanutils-core-1.8.3.pom
[b517e868-610d-479b-aaa0-7b77321b99c0/build]   | [INFO] Downloaded from central: https://repo.maven.apache.org/maven2/commons-beanutils/commons-beanutils-core/1.8.3/commons-beanutils-core-1.8.3.pom (1.6 kB at 82 kB/s)
[b517e868-610d-479b-aaa0-7b77321b99c0/build]   | [INFO] Downloading from central: https://repo.maven.apache.org/maven2/org/apache/apache/4/apache-4.pom
[b517e868-610d-479b-aaa0-7b77321b99c0/build]   | [INFO] Downloaded from central: https://repo.maven.apache.org/maven2/org/apache/apache/4/apache-4.pom (4.5 kB at 264 kB/s)
[b517e868-610d-479b-aaa0-7b77321b99c0/build]   | [INFO] Downloading from central: https://repo.maven.apache.org/maven2/org/sonatype/sisu/siesta/siesta-client/1.7/siesta-client-1.7.pom
[b517e868-610d-479b-aaa0-7b77321b99c0/build]   | [INFO] Downloaded from central: https://repo.maven.apache.org/maven2/org/sonatype/sisu/siesta/siesta-client/1.7/siesta-client-1.7.pom (1.8 kB at 73 kB/s)
[b517e868-610d-479b-aaa0-7b77321b99c0/build]   | [INFO] Downloading from central: https://repo.maven.apache.org/maven2/org/sonatype/sisu/siesta/siesta/1.7/siesta-1.7.pom
[b517e868-610d-479b-aaa0-7b77321b99c0/build]   | [INFO] Downloaded from central: https://repo.maven.apache.org/maven2/org/sonatype/sisu/siesta/siesta/1.7/siesta-1.7.pom (12 kB at 575 kB/s)
[b517e868-610d-479b-aaa0-7b77321b99c0/build]   | [INFO] Downloading from central: https://repo.maven.apache.org/maven2/org/sonatype/buildsupport/public-parent/5/public-parent-5.pom
[b517e868-610d-479b-aaa0-7b77321b99c0/build]   | [INFO] Downloaded from central: https://repo.maven.apache.org/maven2/org/sonatype/buildsupport/public-parent/5/public-parent-5.pom (760 B at 42 kB/s)
[b517e868-610d-479b-aaa0-7b77321b99c0/build]   | [INFO] Downloading from central: https://repo.maven.apache.org/maven2/org/sonatype/buildsupport/buildsupport/5/buildsupport-5.pom
[b517e868-610d-479b-aaa0-7b77321b99c0/build]   | [INFO] Downloaded from central: https://repo.maven.apache.org/maven2/org/sonatype/buildsupport/buildsupport/5/buildsupport-5.pom (22 kB at 747 kB/s)
[b517e868-610d-479b-aaa0-7b77321b99c0/build]   | [INFO] Downloading from central: https://repo.maven.apache.org/maven2/org/sonatype/sisu/siesta/siesta-common/1.7/siesta-common-1.7.pom
[b517e868-610d-479b-aaa0-7b77321b99c0/build]   | [INFO] Downloaded from central: https://repo.maven.apache.org/maven2/org/sonatype/sisu/siesta/siesta-common/1.7/siesta-common-1.7.pom (2.1 kB at 61 kB/s)
[b517e868-610d-479b-aaa0-7b77321b99c0/build]   | [INFO] Downloading from central: https://repo.maven.apache.org/maven2/javax/ws/rs/jsr311-api/1.1.1/jsr311-api-1.1.1.pom
[b517e868-610d-479b-aaa0-7b77321b99c0/build]   | [INFO] Downloaded from central: https://repo.maven.apache.org/maven2/javax/ws/rs/jsr311-api/1.1.1/jsr311-api-1.1.1.pom (5.5 kB at 249 kB/s)
[b517e868-610d-479b-aaa0-7b77321b99c0/build]   | [INFO] Downloading from central: https://repo.maven.apache.org/maven2/com/sun/jersey/jersey-core/1.17.1/jersey-core-1.17.1.pom
[b517e868-610d-479b-aaa0-7b77321b99c0/build]   | [INFO] Downloaded from central: https://repo.maven.apache.org/maven2/com/sun/jersey/jersey-core/1.17.1/jersey-core-1.17.1.pom (10 kB at 400 kB/s)
[b517e868-610d-479b-aaa0-7b77321b99c0/build]   | [INFO] Downloading from central: https://repo.maven.apache.org/maven2/com/sun/jersey/jersey-project/1.17.1/jersey-project-1.17.1.pom
[b517e868-610d-479b-aaa0-7b77321b99c0/build]   | [INFO] Downloaded from central: https://repo.maven.apache.org/maven2/com/sun/jersey/jersey-project/1.17.1/jersey-project-1.17.1.pom (21 kB at 691 kB/s)
[b517e868-610d-479b-aaa0-7b77321b99c0/build]   | [INFO] Downloading from central: https://repo.maven.apache.org/maven2/net/java/jvnet-parent/1/jvnet-parent-1.pom
[b517e868-610d-479b-aaa0-7b77321b99c0/build]   | [INFO] Downloaded from central: https://repo.maven.apache.org/maven2/net/java/jvnet-parent/1/jvnet-parent-1.pom (4.7 kB at 143 kB/s)
[b517e868-610d-479b-aaa0-7b77321b99c0/build]   | [INFO] Downloading from central: https://repo.maven.apache.org/maven2/javax/validation/validation-api/1.1.0.Final/validation-api-1.1.0.Final.pom
[b517e868-610d-479b-aaa0-7b77321b99c0/build]   | [INFO] Downloaded from central: https://repo.maven.apache.org/maven2/javax/validation/validation-api/1.1.0.Final/validation-api-1.1.0.Final.pom (7.9 kB at 357 kB/s)
[b517e868-610d-479b-aaa0-7b77321b99c0/build]   | [INFO] Downloading from central: https://repo.maven.apache.org/maven2/com/sun/jersey/jersey-client/1.17.1/jersey-client-1.17.1.pom
[b517e868-610d-479b-aaa0-7b77321b99c0/build]   | [INFO] Downloaded from central: https://repo.maven.apache.org/maven2/com/sun/jersey/jersey-client/1.17.1/jersey-client-1.17.1.pom (6.7 kB at 216 kB/s)
[b517e868-610d-479b-aaa0-7b77321b99c0/build]   | [INFO] Downloading from central: https://repo.maven.apache.org/maven2/com/sun/jersey/contribs/jersey-apache-client4/1.17.1/jersey-apache-client4-1.17.1.pom
[b517e868-610d-479b-aaa0-7b77321b99c0/build]   | [INFO] Downloaded from central: https://repo.maven.apache.org/maven2/com/sun/jersey/contribs/jersey-apache-client4/1.17.1/jersey-apache-client4-1.17.1.pom (6.2 kB at 259 kB/s)
[b517e868-610d-479b-aaa0-7b77321b99c0/build]   | [INFO] Downloading from central: https://repo.maven.apache.org/maven2/com/sun/jersey/contribs/jersey-contribs/1.17.1/jersey-contribs-1.17.1.pom
[b517e868-610d-479b-aaa0-7b77321b99c0/build]   | [INFO] Downloaded from central: https://repo.maven.apache.org/maven2/com/sun/jersey/contribs/jersey-contribs/1.17.1/jersey-contribs-1.17.1.pom (3.6 kB at 155 kB/s)
[b517e868-610d-479b-aaa0-7b77321b99c0/build]   | [INFO] Downloading from central: https://repo.maven.apache.org/maven2/org/apache/httpcomponents/httpclient/4.3.5/httpclient-4.3.5.pom
[b517e868-610d-479b-aaa0-7b77321b99c0/build]   | [INFO] Downloaded from central: https://repo.maven.apache.org/maven2/org/apache/httpcomponents/httpclient/4.3.5/httpclient-4.3.5.pom (5.2 kB at 326 kB/s)
[b517e868-610d-479b-aaa0-7b77321b99c0/build]   | [INFO] Downloading from central: https://repo.maven.apache.org/maven2/org/apache/httpcomponents/httpcomponents-client/4.3.5/httpcomponents-client-4.3.5.pom
[b517e868-610d-479b-aaa0-7b77321b99c0/build]   | [INFO] Downloaded from central: https://repo.maven.apache.org/maven2/org/apache/httpcomponents/httpcomponents-client/4.3.5/httpcomponents-client-4.3.5.pom (15 kB at 440 kB/s)
[b517e868-610d-479b-aaa0-7b77321b99c0/build]   | [INFO] Downloading from central: https://repo.maven.apache.org/maven2/org/apache/httpcomponents/project/7/project-7.pom
[b517e868-610d-479b-aaa0-7b77321b99c0/build]   | [INFO] Downloaded from central: https://repo.maven.apache.org/maven2/org/apache/httpcomponents/project/7/project-7.pom (27 kB at 826 kB/s)
[b517e868-610d-479b-aaa0-7b77321b99c0/build]   | [INFO] Downloading from central: https://repo.maven.apache.org/maven2/org/apache/apache/13/apache-13.pom
[b517e868-610d-479b-aaa0-7b77321b99c0/build]   | [INFO] Downloaded from central: https://repo.maven.apache.org/maven2/org/apache/apache/13/apache-13.pom (14 kB at 451 kB/s)
[b517e868-610d-479b-aaa0-7b77321b99c0/build]   | [INFO] Downloading from central: https://repo.maven.apache.org/maven2/org/apache/httpcomponents/httpcore/4.3.2/httpcore-4.3.2.pom
[b517e868-610d-479b-aaa0-7b77321b99c0/build]   | [INFO] Downloaded from central: https://repo.maven.apache.org/maven2/org/apache/httpcomponents/httpcore/4.3.2/httpcore-4.3.2.pom (4.6 kB at 209 kB/s)
[b517e868-610d-479b-aaa0-7b77321b99c0/build]   | [INFO] Downloading from central: https://repo.maven.apache.org/maven2/org/apache/httpcomponents/httpcomponents-core/4.3.2/httpcomponents-core-4.3.2.pom
[b517e868-610d-479b-aaa0-7b77321b99c0/build]   | [INFO] Downloaded from central: https://repo.maven.apache.org/maven2/org/apache/httpcomponents/httpcomponents-core/4.3.2/httpcomponents-core-4.3.2.pom (12 kB at 760 kB/s)
[b517e868-610d-479b-aaa0-7b77321b99c0/build]   | [INFO] Downloading from central: https://repo.maven.apache.org/maven2/commons-codec/commons-codec/1.6/commons-codec-1.6.pom
[b517e868-610d-479b-aaa0-7b77321b99c0/build]   | [INFO] Downloaded from central: https://repo.maven.apache.org/maven2/commons-codec/commons-codec/1.6/commons-codec-1.6.pom (11 kB at 446 kB/s)
[b517e868-610d-479b-aaa0-7b77321b99c0/build]   | [INFO] Downloading from central: https://repo.maven.apache.org/maven2/org/apache/commons/commons-parent/22/commons-parent-22.pom
[b517e868-610d-479b-aaa0-7b77321b99c0/build]   | [INFO] Downloaded from central: https://repo.maven.apache.org/maven2/org/apache/commons/commons-parent/22/commons-parent-22.pom (42 kB at 1.2 MB/s)
[b517e868-610d-479b-aaa0-7b77321b99c0/build]   | [INFO] Downloading from central: https://repo.maven.apache.org/maven2/org/slf4j/jcl-over-slf4j/1.7.7/jcl-over-slf4j-1.7.7.pom
[b517e868-610d-479b-aaa0-7b77321b99c0/build]   | [INFO] Downloaded from central: https://repo.maven.apache.org/maven2/org/slf4j/jcl-over-slf4j/1.7.7/jcl-over-slf4j-1.7.7.pom (1.9 kB at 69 kB/s)
[b517e868-610d-479b-aaa0-7b77321b99c0/build]   | [INFO] Downloading from central: https://repo.maven.apache.org/maven2/org/sonatype/sisu/siesta/siesta-jackson/1.7/siesta-jackson-1.7.pom
[b517e868-610d-479b-aaa0-7b77321b99c0/build]   | [INFO] Downloaded from central: https://repo.maven.apache.org/maven2/org/sonatype/sisu/siesta/siesta-jackson/1.7/siesta-jackson-1.7.pom (2.6 kB at 88 kB/s)
[b517e868-610d-479b-aaa0-7b77321b99c0/build]   | [INFO] Downloading from central: https://repo.maven.apache.org/maven2/com/fasterxml/jackson/core/jackson-annotations/2.3.1/jackson-annotations-2.3.1.pom
[b517e868-610d-479b-aaa0-7b77321b99c0/build]   | [INFO] Downloaded from central: https://repo.maven.apache.org/maven2/com/fasterxml/jackson/core/jackson-annotations/2.3.1/jackson-annotations-2.3.1.pom (1.7 kB at 74 kB/s)
[b517e868-610d-479b-aaa0-7b77321b99c0/build]   | [INFO] Downloading from central: https://repo.maven.apache.org/maven2/com/fasterxml/oss-parent/11/oss-parent-11.pom
[b517e868-610d-479b-aaa0-7b77321b99c0/build]   | [INFO] Downloaded from central: https://repo.maven.apache.org/maven2/com/fasterxml/oss-parent/11/oss-parent-11.pom (23 kB at 662 kB/s)
[b517e868-610d-479b-aaa0-7b77321b99c0/build]   | [INFO] Downloading from central: https://repo.maven.apache.org/maven2/com/fasterxml/jackson/core/jackson-core/2.3.1/jackson-core-2.3.1.pom
[b517e868-610d-479b-aaa0-7b77321b99c0/build]   | [INFO] Downloaded from central: https://repo.maven.apache.org/maven2/com/fasterxml/jackson/core/jackson-core/2.3.1/jackson-core-2.3.1.pom (6.0 kB at 271 kB/s)
[b517e868-610d-479b-aaa0-7b77321b99c0/build]   | [INFO] Downloading from central: https://repo.maven.apache.org/maven2/com/fasterxml/oss-parent/12/oss-parent-12.pom
[b517e868-610d-479b-aaa0-7b77321b99c0/build]   | [INFO] Downloaded from central: https://repo.maven.apache.org/maven2/com/fasterxml/oss-parent/12/oss-parent-12.pom (23 kB at 973 kB/s)
[b517e868-610d-479b-aaa0-7b77321b99c0/build]   | [INFO] Downloading from central: https://repo.maven.apache.org/maven2/com/fasterxml/jackson/core/jackson-databind/2.3.1/jackson-databind-2.3.1.pom
[b517e868-610d-479b-aaa0-7b77321b99c0/build]   | [INFO] Downloaded from central: https://repo.maven.apache.org/maven2/com/fasterxml/jackson/core/jackson-databind/2.3.1/jackson-databind-2.3.1.pom (5.9 kB at 258 kB/s)
[b517e868-610d-479b-aaa0-7b77321b99c0/build]   | [INFO] Downloading from central: https://repo.maven.apache.org/maven2/com/fasterxml/jackson/core/jackson-annotations/2.3.0/jackson-annotations-2.3.0.pom
[b517e868-610d-479b-aaa0-7b77321b99c0/build]   | [INFO] Downloaded from central: https://repo.maven.apache.org/maven2/com/fasterxml/jackson/core/jackson-annotations/2.3.0/jackson-annotations-2.3.0.pom (1.3 kB at 32 kB/s)
[b517e868-610d-479b-aaa0-7b77321b99c0/build]   | [INFO] Downloading from central: https://repo.maven.apache.org/maven2/com/fasterxml/jackson/jaxrs/jackson-jaxrs-json-provider/2.3.1/jackson-jaxrs-json-provider-2.3.1.pom
[b517e868-610d-479b-aaa0-7b77321b99c0/build]   | [INFO] Downloaded from central: https://repo.maven.apache.org/maven2/com/fasterxml/jackson/jaxrs/jackson-jaxrs-json-provider/2.3.1/jackson-jaxrs-json-provider-2.3.1.pom (3.2 kB at 154 kB/s)
[b517e868-610d-479b-aaa0-7b77321b99c0/build]   | [INFO] Downloading from central: https://repo.maven.apache.org/maven2/com/fasterxml/jackson/jaxrs/jackson-jaxrs-providers/2.3.1/jackson-jaxrs-providers-2.3.1.pom
[b517e868-610d-479b-aaa0-7b77321b99c0/build]   | [INFO] Downloaded from central: https://repo.maven.apache.org/maven2/com/fasterxml/jackson/jaxrs/jackson-jaxrs-providers/2.3.1/jackson-jaxrs-providers-2.3.1.pom (3.8 kB at 179 kB/s)
[b517e868-610d-479b-aaa0-7b77321b99c0/build]   | [INFO] Downloading from central: https://repo.maven.apache.org/maven2/com/fasterxml/jackson/jaxrs/jackson-jaxrs-base/2.3.1/jackson-jaxrs-base-2.3.1.pom
[b517e868-610d-479b-aaa0-7b77321b99c0/build]   | [INFO] Downloaded from central: https://repo.maven.apache.org/maven2/com/fasterxml/jackson/jaxrs/jackson-jaxrs-base/2.3.1/jackson-jaxrs-base-2.3.1.pom (1.9 kB at 120 kB/s)
[b517e868-610d-479b-aaa0-7b77321b99c0/build]   | [INFO] Downloading from central: https://repo.maven.apache.org/maven2/com/fasterxml/jackson/module/jackson-module-jaxb-annotations/2.3.1/jackson-module-jaxb-annotations-2.3.1.pom
[b517e868-610d-479b-aaa0-7b77321b99c0/build]   | [INFO] Downloaded from central: https://repo.maven.apache.org/maven2/com/fasterxml/jackson/module/jackson-module-jaxb-annotations/2.3.1/jackson-module-jaxb-annotations-2.3.1.pom (4.5 kB at 322 kB/s)
[b517e868-610d-479b-aaa0-7b77321b99c0/build]   | [INFO] Downloading from central: https://repo.maven.apache.org/maven2/javax/inject/javax.inject/1/javax.inject-1.pom
[b517e868-610d-479b-aaa0-7b77321b99c0/build]   | [INFO] Downloaded from central: https://repo.maven.apache.org/maven2/javax/inject/javax.inject/1/javax.inject-1.pom (612 B at 22 kB/s)
[b517e868-610d-479b-aaa0-7b77321b99c0/build]   | [INFO] Downloading from central: https://repo.maven.apache.org/maven2/org/sonatype/spice/zapper/spice-zapper/1.3/spice-zapper-1.3.pom
[b517e868-610d-479b-aaa0-7b77321b99c0/build]   | [INFO] Downloaded from central: https://repo.maven.apache.org/maven2/org/sonatype/spice/zapper/spice-zapper/1.3/spice-zapper-1.3.pom (4.6 kB at 184 kB/s)
[b517e868-610d-479b-aaa0-7b77321b99c0/build]   | [INFO] Downloading from central: https://repo.maven.apache.org/maven2/org/fusesource/hawtbuf/hawtbuf-proto/1.9/hawtbuf-proto-1.9.pom
[b517e868-610d-479b-aaa0-7b77321b99c0/build]   | [INFO] Downloaded from central: https://repo.maven.apache.org/maven2/org/fusesource/hawtbuf/hawtbuf-proto/1.9/hawtbuf-proto-1.9.pom (4.5 kB at 194 kB/s)
[b517e868-610d-479b-aaa0-7b77321b99c0/build]   | [INFO] Downloading from central: https://repo.maven.apache.org/maven2/org/fusesource/hawtbuf/hawtbuf-project/1.9/hawtbuf-project-1.9.pom
[b517e868-610d-479b-aaa0-7b77321b99c0/build]   | [INFO] Downloaded from central: https://repo.maven.apache.org/maven2/org/fusesource/hawtbuf/hawtbuf-project/1.9/hawtbuf-project-1.9.pom (11 kB at 465 kB/s)
[b517e868-610d-479b-aaa0-7b77321b99c0/build]   | [INFO] Downloading from central: https://repo.maven.apache.org/maven2/org/fusesource/fusesource-pom/1.9/fusesource-pom-1.9.pom
[b517e868-610d-479b-aaa0-7b77321b99c0/build]   | [INFO] Downloaded from central: https://repo.maven.apache.org/maven2/org/fusesource/fusesource-pom/1.9/fusesource-pom-1.9.pom (15 kB at 924 kB/s)
[b517e868-610d-479b-aaa0-7b77321b99c0/build]   | [INFO] Downloading from central: https://repo.maven.apache.org/maven2/org/fusesource/hawtbuf/hawtbuf/1.9/hawtbuf-1.9.pom
[b517e868-610d-479b-aaa0-7b77321b99c0/build]   | [INFO] Downloaded from central: https://repo.maven.apache.org/maven2/org/fusesource/hawtbuf/hawtbuf/1.9/hawtbuf-1.9.pom (2.6 kB at 288 kB/s)
[b517e868-610d-479b-aaa0-7b77321b99c0/build]   | [INFO] Downloading from central: https://repo.maven.apache.org/maven2/org/codehaus/plexus/plexus-utils/3.0.8/plexus-utils-3.0.8.pom
[b517e868-610d-479b-aaa0-7b77321b99c0/build]   | [INFO] Downloaded from central: https://repo.maven.apache.org/maven2/org/codehaus/plexus/plexus-utils/3.0.8/plexus-utils-3.0.8.pom (3.1 kB at 121 kB/s)
[b517e868-610d-479b-aaa0-7b77321b99c0/build]   | [INFO] Downloading from central: https://repo.maven.apache.org/maven2/org/codehaus/plexus/plexus/3.2/plexus-3.2.pom
[b517e868-610d-479b-aaa0-7b77321b99c0/build]   | [INFO] Downloaded from central: https://repo.maven.apache.org/maven2/org/codehaus/plexus/plexus/3.2/plexus-3.2.pom (19 kB at 670 kB/s)
[b517e868-610d-479b-aaa0-7b77321b99c0/build]   | [INFO] Downloading from central: https://repo.maven.apache.org/maven2/org/sonatype/spice/spice-parent/17/spice-parent-17.pom
[b517e868-610d-479b-aaa0-7b77321b99c0/build]   | [INFO] Downloaded from central: https://repo.maven.apache.org/maven2/org/sonatype/spice/spice-parent/17/spice-parent-17.pom (6.8 kB at 563 kB/s)
[b517e868-610d-479b-aaa0-7b77321b99c0/build]   | [INFO] Downloading from central: https://repo.maven.apache.org/maven2/org/sonatype/forge/forge-parent/10/forge-parent-10.pom
[b517e868-610d-479b-aaa0-7b77321b99c0/build]   | [INFO] Downloaded from central: https://repo.maven.apache.org/maven2/org/sonatype/forge/forge-parent/10/forge-parent-10.pom (14 kB at 714 kB/s)
[b517e868-610d-479b-aaa0-7b77321b99c0/build]   | [INFO] Downloading from central: https://repo.maven.apache.org/maven2/org/codehaus/plexus/plexus-interpolation/1.15/plexus-interpolation-1.15.pom
[b517e868-610d-479b-aaa0-7b77321b99c0/build]   | [INFO] Downloaded from central: https://repo.maven.apache.org/maven2/org/codehaus/plexus/plexus-interpolation/1.15/plexus-interpolation-1.15.pom (1.0 kB at 85 kB/s)
[b517e868-610d-479b-aaa0-7b77321b99c0/build]   | [INFO] Downloading from central: https://repo.maven.apache.org/maven2/org/codehaus/plexus/plexus/3.0.1/plexus-3.0.1.pom
[b517e868-610d-479b-aaa0-7b77321b99c0/build]   | [INFO] Downloaded from central: https://repo.maven.apache.org/maven2/org/codehaus/plexus/plexus/3.0.1/plexus-3.0.1.pom (19 kB at 388 kB/s)
[b517e868-610d-479b-aaa0-7b77321b99c0/build]   | [INFO] Downloading from central: https://repo.maven.apache.org/maven2/org/sonatype/aether/aether-api/1.13.1/aether-api-1.13.1.pom
[b517e868-610d-479b-aaa0-7b77321b99c0/build]   | [INFO] Downloaded from central: https://repo.maven.apache.org/maven2/org/sonatype/aether/aether-api/1.13.1/aether-api-1.13.1.pom (1.4 kB at 204 kB/s)
[b517e868-610d-479b-aaa0-7b77321b99c0/build]   | [INFO] Downloading from central: https://repo.maven.apache.org/maven2/org/sonatype/aether/aether/1.13.1/aether-1.13.1.pom
[b517e868-610d-479b-aaa0-7b77321b99c0/build]   | [INFO] Downloaded from central: https://repo.maven.apache.org/maven2/org/sonatype/aether/aether/1.13.1/aether-1.13.1.pom (10 kB at 676 kB/s)
[b517e868-610d-479b-aaa0-7b77321b99c0/build]   | [INFO] Downloading from central: https://repo.maven.apache.org/maven2/ch/qos/logback/logback-core/1.1.2/logback-core-1.1.2.pom
[b517e868-610d-479b-aaa0-7b77321b99c0/build]   | [INFO] Downloaded from central: https://repo.maven.apache.org/maven2/ch/qos/logback/logback-core/1.1.2/logback-core-1.1.2.pom (5.0 kB at 139 kB/s)
[b517e868-610d-479b-aaa0-7b77321b99c0/build]   | [INFO] Downloading from central: https://repo.maven.apache.org/maven2/ch/qos/logback/logback-parent/1.1.2/logback-parent-1.1.2.pom
[b517e868-610d-479b-aaa0-7b77321b99c0/build]   | [INFO] Downloaded from central: https://repo.maven.apache.org/maven2/ch/qos/logback/logback-parent/1.1.2/logback-parent-1.1.2.pom (15 kB at 213 kB/s)
[b517e868-610d-479b-aaa0-7b77321b99c0/build]   | [INFO] Downloading from central: https://repo.maven.apache.org/maven2/ch/qos/logback/logback-classic/1.1.2/logback-classic-1.1.2.pom
[b517e868-610d-479b-aaa0-7b77321b99c0/build]   | [INFO] Downloaded from central: https://repo.maven.apache.org/maven2/ch/qos/logback/logback-classic/1.1.2/logback-classic-1.1.2.pom (12 kB at 456 kB/s)
[b517e868-610d-479b-aaa0-7b77321b99c0/build]   | [INFO] Downloading from central: https://repo.maven.apache.org/maven2/org/sonatype/plugins/nexus-staging-maven-plugin/1.6.5/nexus-staging-maven-plugin-1.6.5.jar
[b517e868-610d-479b-aaa0-7b77321b99c0/build]   | [INFO] Downloading from central: https://repo.maven.apache.org/maven2/org/sonatype/nexus/maven/nexus-common/1.6.5/nexus-common-1.6.5.jar
[b517e868-610d-479b-aaa0-7b77321b99c0/build]   | [INFO] Downloading from central: https://repo.maven.apache.org/maven2/org/sonatype/plexus/plexus-cipher/1.7/plexus-cipher-1.7.jar
[b517e868-610d-479b-aaa0-7b77321b99c0/build]   | [INFO] Downloading from central: https://repo.maven.apache.org/maven2/com/google/guava/guava/14.0.1/guava-14.0.1.jar
[b517e868-610d-479b-aaa0-7b77321b99c0/build]   | [INFO] Downloading from central: https://repo.maven.apache.org/maven2/org/sonatype/plexus/plexus-sec-dispatcher/1.4/plexus-sec-dispatcher-1.4.jar
[b517e868-610d-479b-aaa0-7b77321b99c0/build]   | [INFO] Downloaded from central: https://repo.maven.apache.org/maven2/org/sonatype/plexus/plexus-sec-dispatcher/1.4/plexus-sec-dispatcher-1.4.jar (28 kB at 533 kB/s)
[b517e868-610d-479b-aaa0-7b77321b99c0/build]   | [INFO] Downloading from central: https://repo.maven.apache.org/maven2/org/sonatype/nexus/nexus-client-core/2.9.1-02/nexus-client-core-2.9.1-02.jar
[b517e868-610d-479b-aaa0-7b77321b99c0/build]   | [INFO] Downloaded from central: https://repo.maven.apache.org/maven2/org/sonatype/nexus/maven/nexus-common/1.6.5/nexus-common-1.6.5.jar (16 kB at 286 kB/s)
[b517e868-610d-479b-aaa0-7b77321b99c0/build]   | [INFO] Downloading from central: https://repo.maven.apache.org/maven2/org/sonatype/nexus/plugins/nexus-restlet1x-model/2.9.1-02/nexus-restlet1x-model-2.9.1-02.jar
[b517e868-610d-479b-aaa0-7b77321b99c0/build]   | [INFO] Downloaded from central: https://repo.maven.apache.org/maven2/org/sonatype/plexus/plexus-cipher/1.7/plexus-cipher-1.7.jar (13 kB at 230 kB/s)
[b517e868-610d-479b-aaa0-7b77321b99c0/build]   | [INFO] Downloading from central: https://repo.maven.apache.org/maven2/org/apache/maven/maven-model/3.0.4/maven-model-3.0.4.jar
[b517e868-610d-479b-aaa0-7b77321b99c0/build]   | [INFO] Downloaded from central: https://repo.maven.apache.org/maven2/org/sonatype/plugins/nexus-staging-maven-plugin/1.6.5/nexus-staging-maven-plugin-1.6.5.jar (248 kB at 3.7 MB/s)
[b517e868-610d-479b-aaa0-7b77321b99c0/build]   | [INFO] Downloading from central: https://repo.maven.apache.org/maven2/org/slf4j/slf4j-api/1.7.7/slf4j-api-1.7.7.jar
[b517e868-610d-479b-aaa0-7b77321b99c0/build]   | [INFO] Downloaded from central: https://repo.maven.apache.org/maven2/org/slf4j/slf4j-api/1.7.7/slf4j-api-1.7.7.jar (29 kB at 375 kB/s)
[b517e868-610d-479b-aaa0-7b77321b99c0/build]   | [INFO] Downloading from central: https://repo.maven.apache.org/maven2/com/google/code/findbugs/jsr305/2.0.1/jsr305-2.0.1.jar
[b517e868-610d-479b-aaa0-7b77321b99c0/build]   | [INFO] Downloaded from central: https://repo.maven.apache.org/maven2/org/apache/maven/maven-model/3.0.4/maven-model-3.0.4.jar (164 kB at 2.0 MB/s)
[b517e868-610d-479b-aaa0-7b77321b99c0/build]   | [INFO] Downloading from central: https://repo.maven.apache.org/maven2/com/intellij/annotations/9.0.4/annotations-9.0.4.jar
[b517e868-610d-479b-aaa0-7b77321b99c0/build]   | [INFO] Downloaded from central: https://repo.maven.apache.org/maven2/org/sonatype/nexus/nexus-client-core/2.9.1-02/nexus-client-core-2.9.1-02.jar (211 kB at 2.5 MB/s)
[b517e868-610d-479b-aaa0-7b77321b99c0/build]   | [INFO] Downloading from central: https://repo.maven.apache.org/maven2/commons-io/commons-io/2.4/commons-io-2.4.jar
[b517e868-610d-479b-aaa0-7b77321b99c0/build]   | [INFO] Downloaded from central: https://repo.maven.apache.org/maven2/org/sonatype/nexus/plugins/nexus-restlet1x-model/2.9.1-02/nexus-restlet1x-model-2.9.1-02.jar (160 kB at 1.9 MB/s)
[b517e868-610d-479b-aaa0-7b77321b99c0/build]   | [INFO] Downloading from central: https://repo.maven.apache.org/maven2/com/thoughtworks/xstream/xstream/1.4.7/xstream-1.4.7.jar
[b517e868-610d-479b-aaa0-7b77321b99c0/build]   | [INFO] Downloaded from central: https://repo.maven.apache.org/maven2/com/google/code/findbugs/jsr305/2.0.1/jsr305-2.0.1.jar (32 kB at 350 kB/s)
[b517e868-610d-479b-aaa0-7b77321b99c0/build]   | [INFO] Downloading from central: https://repo.maven.apache.org/maven2/xmlpull/xmlpull/1.1.3.1/xmlpull-1.1.3.1.jar
[b517e868-610d-479b-aaa0-7b77321b99c0/build]   | [INFO] Downloaded from central: https://repo.maven.apache.org/maven2/com/intellij/annotations/9.0.4/annotations-9.0.4.jar (10.0 kB at 85 kB/s)
[b517e868-610d-479b-aaa0-7b77321b99c0/build]   | [INFO] Downloading from central: https://repo.maven.apache.org/maven2/xpp3/xpp3_min/1.1.4c/xpp3_min-1.1.4c.jar
[b517e868-610d-479b-aaa0-7b77321b99c0/build]   | [INFO] Downloaded from central: https://repo.maven.apache.org/maven2/xmlpull/xmlpull/1.1.3.1/xmlpull-1.1.3.1.jar (7.2 kB at 58 kB/s)
[b517e868-610d-479b-aaa0-7b77321b99c0/build]   | [INFO] Downloading from central: https://repo.maven.apache.org/maven2/joda-time/joda-time/2.2/joda-time-2.2.jar
[b517e868-610d-479b-aaa0-7b77321b99c0/build]   | [INFO] Downloaded from central: https://repo.maven.apache.org/maven2/commons-io/commons-io/2.4/commons-io-2.4.jar (185 kB at 1.5 MB/s)
[b517e868-610d-479b-aaa0-7b77321b99c0/build]   | [INFO] Downloaded from central: https://repo.maven.apache.org/maven2/com/thoughtworks/xstream/xstream/1.4.7/xstream-1.4.7.jar (532 kB at 4.2 MB/s)
[b517e868-610d-479b-aaa0-7b77321b99c0/build]   | [INFO] Downloading from central: https://repo.maven.apache.org/maven2/commons-beanutils/commons-beanutils-core/1.8.3/commons-beanutils-core-1.8.3.jar
[b517e868-610d-479b-aaa0-7b77321b99c0/build]   | [INFO] Downloading from central: https://repo.maven.apache.org/maven2/commons-lang/commons-lang/2.6/commons-lang-2.6.jar
[b517e868-610d-479b-aaa0-7b77321b99c0/build]   | [INFO] Downloaded from central: https://repo.maven.apache.org/maven2/xpp3/xpp3_min/1.1.4c/xpp3_min-1.1.4c.jar (25 kB at 185 kB/s)
[b517e868-610d-479b-aaa0-7b77321b99c0/build]   | [INFO] Downloading from central: https://repo.maven.apache.org/maven2/org/sonatype/sisu/siesta/siesta-client/1.7/siesta-client-1.7.jar
[b517e868-610d-479b-aaa0-7b77321b99c0/build]   | [INFO] Downloaded from central: https://repo.maven.apache.org/maven2/org/sonatype/sisu/siesta/siesta-client/1.7/siesta-client-1.7.jar (20 kB at 104 kB/s)
[b517e868-610d-479b-aaa0-7b77321b99c0/build]   | [INFO] Downloading from central: https://repo.maven.apache.org/maven2/org/sonatype/sisu/siesta/siesta-common/1.7/siesta-common-1.7.jar
[b517e868-610d-479b-aaa0-7b77321b99c0/build]   | [INFO] Downloaded from central: https://repo.maven.apache.org/maven2/joda-time/joda-time/2.2/joda-time-2.2.jar (574 kB at 2.9 MB/s)
[b517e868-610d-479b-aaa0-7b77321b99c0/build]   | [INFO] Downloading from central: https://repo.maven.apache.org/maven2/javax/ws/rs/jsr311-api/1.1.1/jsr311-api-1.1.1.jar
[b517e868-610d-479b-aaa0-7b77321b99c0/build]   | [INFO] Downloaded from central: https://repo.maven.apache.org/maven2/commons-lang/commons-lang/2.6/commons-lang-2.6.jar (284 kB at 1.4 MB/s)
[b517e868-610d-479b-aaa0-7b77321b99c0/build]   | [INFO] Downloading from central: https://repo.maven.apache.org/maven2/com/sun/jersey/jersey-core/1.17.1/jersey-core-1.17.1.jar
[b517e868-610d-479b-aaa0-7b77321b99c0/build]   | [INFO] Downloaded from central: https://repo.maven.apache.org/maven2/commons-beanutils/commons-beanutils-core/1.8.3/commons-beanutils-core-1.8.3.jar (207 kB at 1.0 MB/s)
[b517e868-610d-479b-aaa0-7b77321b99c0/build]   | [INFO] Downloading from central: https://repo.maven.apache.org/maven2/javax/validation/validation-api/1.1.0.Final/validation-api-1.1.0.Final.jar
[b517e868-610d-479b-aaa0-7b77321b99c0/build]   | [INFO] Downloaded from central: https://repo.maven.apache.org/maven2/org/sonatype/sisu/siesta/siesta-common/1.7/siesta-common-1.7.jar (11 kB at 45 kB/s)
[b517e868-610d-479b-aaa0-7b77321b99c0/build]   | [INFO] Downloading from central: https://repo.maven.apache.org/maven2/com/sun/jersey/jersey-client/1.17.1/jersey-client-1.17.1.jar
[b517e868-610d-479b-aaa0-7b77321b99c0/build]   | [INFO] Downloaded from central: https://repo.maven.apache.org/maven2/com/sun/jersey/jersey-client/1.17.1/jersey-client-1.17.1.jar (131 kB at 503 kB/s)
[b517e868-610d-479b-aaa0-7b77321b99c0/build]   | [INFO] Downloading from central: https://repo.maven.apache.org/maven2/com/sun/jersey/contribs/jersey-apache-client4/1.17.1/jersey-apache-client4-1.17.1.jar
[b517e868-610d-479b-aaa0-7b77321b99c0/build]   | [INFO] Downloaded from central: https://repo.maven.apache.org/maven2/com/sun/jersey/jersey-core/1.17.1/jersey-core-1.17.1.jar (467 kB at 1.7 MB/s)
[b517e868-610d-479b-aaa0-7b77321b99c0/build]   | [INFO] Downloading from central: https://repo.maven.apache.org/maven2/org/sonatype/sisu/siesta/siesta-jackson/1.7/siesta-jackson-1.7.jar
[b517e868-610d-479b-aaa0-7b77321b99c0/build]   | [INFO] Downloaded from central: https://repo.maven.apache.org/maven2/javax/validation/validation-api/1.1.0.Final/validation-api-1.1.0.Final.jar (64 kB at 237 kB/s)
[b517e868-610d-479b-aaa0-7b77321b99c0/build]   | [INFO] Downloading from central: https://repo.maven.apache.org/maven2/com/fasterxml/jackson/core/jackson-annotations/2.3.1/jackson-annotations-2.3.1.jar
[b517e868-610d-479b-aaa0-7b77321b99c0/build]   | [INFO] Downloaded from central: https://repo.maven.apache.org/maven2/com/sun/jersey/contribs/jersey-apache-client4/1.17.1/jersey-apache-client4-1.17.1.jar (16 kB at 56 kB/s)
[b517e868-610d-479b-aaa0-7b77321b99c0/build]   | [INFO] Downloading from central: https://repo.maven.apache.org/maven2/com/fasterxml/jackson/core/jackson-core/2.3.1/jackson-core-2.3.1.jar
[b517e868-610d-479b-aaa0-7b77321b99c0/build]   | [INFO] Downloaded from central: https://repo.maven.apache.org/maven2/com/fasterxml/jackson/core/jackson-annotations/2.3.1/jackson-annotations-2.3.1.jar (37 kB at 122 kB/s)
[b517e868-610d-479b-aaa0-7b77321b99c0/build]   | [INFO] Downloaded from central: https://repo.maven.apache.org/maven2/org/sonatype/sisu/siesta/siesta-jackson/1.7/siesta-jackson-1.7.jar (6.3 kB at 21 kB/s)
[b517e868-610d-479b-aaa0-7b77321b99c0/build]   | [INFO] Downloading from central: https://repo.maven.apache.org/maven2/com/fasterxml/jackson/core/jackson-databind/2.3.1/jackson-databind-2.3.1.jar
[b517e868-610d-479b-aaa0-7b77321b99c0/build]   | [INFO] Downloading from central: https://repo.maven.apache.org/maven2/com/fasterxml/jackson/jaxrs/jackson-jaxrs-json-provider/2.3.1/jackson-jaxrs-json-provider-2.3.1.jar
[b517e868-610d-479b-aaa0-7b77321b99c0/build]   | [INFO] Downloaded from central: https://repo.maven.apache.org/maven2/com/fasterxml/jackson/jaxrs/jackson-jaxrs-json-provider/2.3.1/jackson-jaxrs-json-provider-2.3.1.jar (16 kB at 51 kB/s)
[b517e868-610d-479b-aaa0-7b77321b99c0/build]   | [INFO] Downloading from central: https://repo.maven.apache.org/maven2/com/fasterxml/jackson/jaxrs/jackson-jaxrs-base/2.3.1/jackson-jaxrs-base-2.3.1.jar
[b517e868-610d-479b-aaa0-7b77321b99c0/build]   | [INFO] Downloaded from central: https://repo.maven.apache.org/maven2/com/fasterxml/jackson/jaxrs/jackson-jaxrs-base/2.3.1/jackson-jaxrs-base-2.3.1.jar (28 kB at 81 kB/s)
[b517e868-610d-479b-aaa0-7b77321b99c0/build]   | [INFO] Downloading from central: https://repo.maven.apache.org/maven2/com/fasterxml/jackson/module/jackson-module-jaxb-annotations/2.3.1/jackson-module-jaxb-annotations-2.3.1.jar
[b517e868-610d-479b-aaa0-7b77321b99c0/build]   | [INFO] Downloaded from central: https://repo.maven.apache.org/maven2/com/fasterxml/jackson/module/jackson-module-jaxb-annotations/2.3.1/jackson-module-jaxb-annotations-2.3.1.jar (32 kB at 87 kB/s)
[b517e868-610d-479b-aaa0-7b77321b99c0/build]   | [INFO] Downloading from central: https://repo.maven.apache.org/maven2/org/apache/httpcomponents/httpclient/4.3.5/httpclient-4.3.5.jar
[b517e868-610d-479b-aaa0-7b77321b99c0/build]   | [INFO] Downloaded from central: https://repo.maven.apache.org/maven2/com/fasterxml/jackson/core/jackson-core/2.3.1/jackson-core-2.3.1.jar (198 kB at 531 kB/s)
[b517e868-610d-479b-aaa0-7b77321b99c0/build]   | [INFO] Downloading from central: https://repo.maven.apache.org/maven2/commons-codec/commons-codec/1.6/commons-codec-1.6.jar
[b517e868-610d-479b-aaa0-7b77321b99c0/build]   | [INFO] Downloaded from central: https://repo.maven.apache.org/maven2/javax/ws/rs/jsr311-api/1.1.1/jsr311-api-1.1.1.jar (46 kB at 103 kB/s)
[b517e868-610d-479b-aaa0-7b77321b99c0/build]   | [INFO] Downloading from central: https://repo.maven.apache.org/maven2/org/apache/httpcomponents/httpcore/4.3.2/httpcore-4.3.2.jar
[b517e868-610d-479b-aaa0-7b77321b99c0/build]   | [INFO] Downloaded from central: https://repo.maven.apache.org/maven2/commons-codec/commons-codec/1.6/commons-codec-1.6.jar (233 kB at 510 kB/s)
[b517e868-610d-479b-aaa0-7b77321b99c0/build]   | [INFO] Downloading from central: https://repo.maven.apache.org/maven2/org/slf4j/jcl-over-slf4j/1.7.7/jcl-over-slf4j-1.7.7.jar
[b517e868-610d-479b-aaa0-7b77321b99c0/build]   | [INFO] Downloaded from central: https://repo.maven.apache.org/maven2/org/slf4j/jcl-over-slf4j/1.7.7/jcl-over-slf4j-1.7.7.jar (17 kB at 30 kB/s)
[b517e868-610d-479b-aaa0-7b77321b99c0/build]   | [INFO] Downloading from central: https://repo.maven.apache.org/maven2/javax/inject/javax.inject/1/javax.inject-1.jar
[b517e868-610d-479b-aaa0-7b77321b99c0/build]   | [INFO] Downloaded from central: https://repo.maven.apache.org/maven2/org/apache/httpcomponents/httpcore/4.3.2/httpcore-4.3.2.jar (282 kB at 481 kB/s)
[b517e868-610d-479b-aaa0-7b77321b99c0/build]   | [INFO] Downloading from central: https://repo.maven.apache.org/maven2/org/sonatype/spice/zapper/spice-zapper/1.3/spice-zapper-1.3.jar
[b517e868-610d-479b-aaa0-7b77321b99c0/build]   | [INFO] Downloaded from central: https://repo.maven.apache.org/maven2/com/fasterxml/jackson/core/jackson-databind/2.3.1/jackson-databind-2.3.1.jar (914 kB at 1.6 MB/s)
[b517e868-610d-479b-aaa0-7b77321b99c0/build]   | [INFO] Downloading from central: https://repo.maven.apache.org/maven2/org/fusesource/hawtbuf/hawtbuf-proto/1.9/hawtbuf-proto-1.9.jar
[b517e868-610d-479b-aaa0-7b77321b99c0/build]   | [INFO] Downloaded from central: https://repo.maven.apache.org/maven2/javax/inject/javax.inject/1/javax.inject-1.jar (2.5 kB at 4.2 kB/s)
[b517e868-610d-479b-aaa0-7b77321b99c0/build]   | [INFO] Downloading from central: https://repo.maven.apache.org/maven2/org/fusesource/hawtbuf/hawtbuf/1.9/hawtbuf-1.9.jar
[b517e868-610d-479b-aaa0-7b77321b99c0/build]   | [INFO] Downloaded from central: https://repo.maven.apache.org/maven2/org/fusesource/hawtbuf/hawtbuf/1.9/hawtbuf-1.9.jar (50 kB at 78 kB/s)
[b517e868-610d-479b-aaa0-7b77321b99c0/build]   | [INFO] Downloaded from central: https://repo.maven.apache.org/maven2/org/fusesource/hawtbuf/hawtbuf-proto/1.9/hawtbuf-proto-1.9.jar (27 kB at 42 kB/s)
[b517e868-610d-479b-aaa0-7b77321b99c0/build]   | [INFO] Downloading from central: https://repo.maven.apache.org/maven2/org/codehaus/plexus/plexus-utils/3.0.8/plexus-utils-3.0.8.jar
[b517e868-610d-479b-aaa0-7b77321b99c0/build]   | [INFO] Downloading from central: https://repo.maven.apache.org/maven2/org/codehaus/plexus/plexus-interpolation/1.15/plexus-interpolation-1.15.jar
[b517e868-610d-479b-aaa0-7b77321b99c0/build]   | [INFO] Downloaded from central: https://repo.maven.apache.org/maven2/org/sonatype/spice/zapper/spice-zapper/1.3/spice-zapper-1.3.jar (121 kB at 179 kB/s)
[b517e868-610d-479b-aaa0-7b77321b99c0/build]   | [INFO] Downloaded from central: https://repo.maven.apache.org/maven2/com/google/guava/guava/14.0.1/guava-14.0.1.jar (2.2 MB at 3.2 MB/s)
[b517e868-610d-479b-aaa0-7b77321b99c0/build]   | [INFO] Downloading from central: https://repo.maven.apache.org/maven2/org/sonatype/aether/aether-api/1.13.1/aether-api-1.13.1.jar
[b517e868-610d-479b-aaa0-7b77321b99c0/build]   | [INFO] Downloading from central: https://repo.maven.apache.org/maven2/ch/qos/logback/logback-core/1.1.2/logback-core-1.1.2.jar
[b517e868-610d-479b-aaa0-7b77321b99c0/build]   | [INFO] Downloaded from central: https://repo.maven.apache.org/maven2/org/apache/httpcomponents/httpclient/4.3.5/httpclient-4.3.5.jar (591 kB at 834 kB/s)
[b517e868-610d-479b-aaa0-7b77321b99c0/build]   | [INFO] Downloading from central: https://repo.maven.apache.org/maven2/ch/qos/logback/logback-classic/1.1.2/logback-classic-1.1.2.jar
[b517e868-610d-479b-aaa0-7b77321b99c0/build]   | [INFO] Downloaded from central: https://repo.maven.apache.org/maven2/org/codehaus/plexus/plexus-interpolation/1.15/plexus-interpolation-1.15.jar (60 kB at 85 kB/s)
[b517e868-610d-479b-aaa0-7b77321b99c0/build]   | [INFO] Downloaded from central: https://repo.maven.apache.org/maven2/org/codehaus/plexus/plexus-utils/3.0.8/plexus-utils-3.0.8.jar (232 kB at 321 kB/s)
[b517e868-610d-479b-aaa0-7b77321b99c0/build]   | [INFO] Downloaded from central: https://repo.maven.apache.org/maven2/org/sonatype/aether/aether-api/1.13.1/aether-api-1.13.1.jar (90 kB at 124 kB/s)
[b517e868-610d-479b-aaa0-7b77321b99c0/build]   | [INFO] Downloaded from central: https://repo.maven.apache.org/maven2/ch/qos/logback/logback-core/1.1.2/logback-core-1.1.2.jar (428 kB at 590 kB/s)
[b517e868-610d-479b-aaa0-7b77321b99c0/build]   | [INFO] Downloaded from central: https://repo.maven.apache.org/maven2/ch/qos/logback/logback-classic/1.1.2/logback-classic-1.1.2.jar (271 kB at 365 kB/s)
[b517e868-610d-479b-aaa0-7b77321b99c0/build]   | [INFO] Inspecting build with total of 1 modules...
[b517e868-610d-479b-aaa0-7b77321b99c0/build]   | [INFO] Installing Nexus Staging features:
[b517e868-610d-479b-aaa0-7b77321b99c0/build]   | [INFO]   ... total of 1 executions of maven-deploy-plugin replaced with nexus-staging-maven-plugin
[b517e868-610d-479b-aaa0-7b77321b99c0/build]   | [INFO] 
[b517e868-610d-479b-aaa0-7b77321b99c0/build]   | [INFO] --------------------< com.github.davidmoten:rtree >---------------------
[b517e868-610d-479b-aaa0-7b77321b99c0/build]   | [INFO] Building rtree 0.6.5-SNAPSHOT
[b517e868-610d-479b-aaa0-7b77321b99c0/build]   | [INFO] --------------------------------[ jar ]---------------------------------
[b517e868-610d-479b-aaa0-7b77321b99c0/build]   | [INFO] Downloading from central: https://repo.maven.apache.org/maven2/org/apache/maven/plugins/maven-site-plugin/3.4/maven-site-plugin-3.4.pom
[b517e868-610d-479b-aaa0-7b77321b99c0/build]   | [INFO] Downloaded from central: https://repo.maven.apache.org/maven2/org/apache/maven/plugins/maven-site-plugin/3.4/maven-site-plugin-3.4.pom (20 kB at 1.3 MB/s)
[b517e868-610d-479b-aaa0-7b77321b99c0/build]   | [INFO] Downloading from central: https://repo.maven.apache.org/maven2/org/apache/maven/plugins/maven-plugins/25/maven-plugins-25.pom
[b517e868-610d-479b-aaa0-7b77321b99c0/build]   | [INFO] Downloaded from central: https://repo.maven.apache.org/maven2/org/apache/maven/plugins/maven-plugins/25/maven-plugins-25.pom (9.6 kB at 318 kB/s)
[b517e868-610d-479b-aaa0-7b77321b99c0/build]   | [INFO] Downloading from central: https://repo.maven.apache.org/maven2/org/apache/maven/maven-parent/24/maven-parent-24.pom
[b517e868-610d-479b-aaa0-7b77321b99c0/build]   | [INFO] Downloaded from central: https://repo.maven.apache.org/maven2/org/apache/maven/maven-parent/24/maven-parent-24.pom (37 kB at 3.1 MB/s)
[b517e868-610d-479b-aaa0-7b77321b99c0/build]   | [INFO] Downloading from central: https://repo.maven.apache.org/maven2/org/apache/apache/14/apache-14.pom
[b517e868-610d-479b-aaa0-7b77321b99c0/build]   | [INFO] Downloaded from central: https://repo.maven.apache.org/maven2/org/apache/apache/14/apache-14.pom (15 kB at 277 kB/s)
[b517e868-610d-479b-aaa0-7b77321b99c0/build]   | [INFO] Downloading from central: https://repo.maven.apache.org/maven2/org/apache/maven/plugins/maven-site-plugin/3.4/maven-site-plugin-3.4.jar
[b517e868-610d-479b-aaa0-7b77321b99c0/build]   | [INFO] Downloaded from central: https://repo.maven.apache.org/maven2/org/apache/maven/plugins/maven-site-plugin/3.4/maven-site-plugin-3.4.jar (127 kB at 499 kB/s)
[b517e868-610d-479b-aaa0-7b77321b99c0/build]   | [INFO] Downloading from central: https://repo.maven.apache.org/maven2/org/apache/maven/plugins/maven-resources-plugin/2.6/maven-resources-plugin-2.6.pom
[b517e868-610d-479b-aaa0-7b77321b99c0/build]   | [INFO] Downloaded from central: https://repo.maven.apache.org/maven2/org/apache/maven/plugins/maven-resources-plugin/2.6/maven-resources-plugin-2.6.pom (8.1 kB at 270 kB/s)
[b517e868-610d-479b-aaa0-7b77321b99c0/build]   | [INFO] Downloading from central: https://repo.maven.apache.org/maven2/org/apache/maven/plugins/maven-plugins/23/maven-plugins-23.pom
[b517e868-610d-479b-aaa0-7b77321b99c0/build]   | [INFO] Downloaded from central: https://repo.maven.apache.org/maven2/org/apache/maven/plugins/maven-plugins/23/maven-plugins-23.pom (9.2 kB at 460 kB/s)
[b517e868-610d-479b-aaa0-7b77321b99c0/build]   | [INFO] Downloading from central: https://repo.maven.apache.org/maven2/org/apache/maven/maven-parent/22/maven-parent-22.pom
[b517e868-610d-479b-aaa0-7b77321b99c0/build]   | [INFO] Downloaded from central: https://repo.maven.apache.org/maven2/org/apache/maven/maven-parent/22/maven-parent-22.pom (30 kB at 725 kB/s)
[b517e868-610d-479b-aaa0-7b77321b99c0/build]   | [INFO] Downloading from central: https://repo.maven.apache.org/maven2/org/apache/apache/11/apache-11.pom
[b517e868-610d-479b-aaa0-7b77321b99c0/build]   | [INFO] Downloaded from central: https://repo.maven.apache.org/maven2/org/apache/apache/11/apache-11.pom (15 kB at 1.3 MB/s)
[b517e868-610d-479b-aaa0-7b77321b99c0/build]   | [INFO] Downloading from central: https://repo.maven.apache.org/maven2/org/apache/maven/plugins/maven-resources-plugin/2.6/maven-resources-plugin-2.6.jar
[b517e868-610d-479b-aaa0-7b77321b99c0/build]   | [INFO] Downloaded from central: https://repo.maven.apache.org/maven2/org/apache/maven/plugins/maven-resources-plugin/2.6/maven-resources-plugin-2.6.jar (30 kB at 114 kB/s)
[b517e868-610d-479b-aaa0-7b77321b99c0/build]   | [INFO] Downloading from central: https://repo.maven.apache.org/maven2/org/apache/maven/plugins/maven-compiler-plugin/3.1/maven-compiler-plugin-3.1.pom
[b517e868-610d-479b-aaa0-7b77321b99c0/build]   | [INFO] Downloaded from central: https://repo.maven.apache.org/maven2/org/apache/maven/plugins/maven-compiler-plugin/3.1/maven-compiler-plugin-3.1.pom (10 kB at 729 kB/s)
[b517e868-610d-479b-aaa0-7b77321b99c0/build]   | [INFO] Downloading from central: https://repo.maven.apache.org/maven2/org/apache/maven/plugins/maven-plugins/24/maven-plugins-24.pom
[b517e868-610d-479b-aaa0-7b77321b99c0/build]   | [INFO] Downloaded from central: https://repo.maven.apache.org/maven2/org/apache/maven/plugins/maven-plugins/24/maven-plugins-24.pom (11 kB at 675 kB/s)
[b517e868-610d-479b-aaa0-7b77321b99c0/build]   | [INFO] Downloading from central: https://repo.maven.apache.org/maven2/org/apache/maven/maven-parent/23/maven-parent-23.pom
[b517e868-610d-479b-aaa0-7b77321b99c0/build]   | [INFO] Downloaded from central: https://repo.maven.apache.org/maven2/org/apache/maven/maven-parent/23/maven-parent-23.pom (33 kB at 1.6 MB/s)
[b517e868-610d-479b-aaa0-7b77321b99c0/build]   | [INFO] Downloading from central: https://repo.maven.apache.org/maven2/org/apache/maven/plugins/maven-compiler-plugin/3.1/maven-compiler-plugin-3.1.jar
[b517e868-610d-479b-aaa0-7b77321b99c0/build]   | [INFO] Downloaded from central: https://repo.maven.apache.org/maven2/org/apache/maven/plugins/maven-compiler-plugin/3.1/maven-compiler-plugin-3.1.jar (43 kB at 1.5 MB/s)
[b517e868-610d-479b-aaa0-7b77321b99c0/build]   | [INFO] Downloading from central: https://repo.maven.apache.org/maven2/org/apache/maven/plugins/maven-surefire-plugin/2.12.4/maven-surefire-plugin-2.12.4.pom
[b517e868-610d-479b-aaa0-7b77321b99c0/build]   | [INFO] Downloaded from central: https://repo.maven.apache.org/maven2/org/apache/maven/plugins/maven-surefire-plugin/2.12.4/maven-surefire-plugin-2.12.4.pom (10 kB at 308 kB/s)
[b517e868-610d-479b-aaa0-7b77321b99c0/build]   | [INFO] Downloading from central: https://repo.maven.apache.org/maven2/org/apache/maven/surefire/surefire/2.12.4/surefire-2.12.4.pom
[b517e868-610d-479b-aaa0-7b77321b99c0/build]   | [INFO] Downloaded from central: https://repo.maven.apache.org/maven2/org/apache/maven/surefire/surefire/2.12.4/surefire-2.12.4.pom (14 kB at 627 kB/s)
[b517e868-610d-479b-aaa0-7b77321b99c0/build]   | [INFO] Downloading from central: https://repo.maven.apache.org/maven2/org/apache/maven/plugins/maven-surefire-plugin/2.12.4/maven-surefire-plugin-2.12.4.jar
[b517e868-610d-479b-aaa0-7b77321b99c0/build]   | [INFO] Downloaded from central: https://repo.maven.apache.org/maven2/org/apache/maven/plugins/maven-surefire-plugin/2.12.4/maven-surefire-plugin-2.12.4.jar (30 kB at 1.5 MB/s)
[b517e868-610d-479b-aaa0-7b77321b99c0/build]   | [INFO] Downloading from central: https://repo.maven.apache.org/maven2/org/apache/maven/plugins/maven-jar-plugin/2.4/maven-jar-plugin-2.4.pom
[b517e868-610d-479b-aaa0-7b77321b99c0/build]   | [INFO] Downloaded from central: https://repo.maven.apache.org/maven2/org/apache/maven/plugins/maven-jar-plugin/2.4/maven-jar-plugin-2.4.pom (5.8 kB at 243 kB/s)
[b517e868-610d-479b-aaa0-7b77321b99c0/build]   | [INFO] Downloading from central: https://repo.maven.apache.org/maven2/org/apache/maven/plugins/maven-plugins/22/maven-plugins-22.pom
[b517e868-610d-479b-aaa0-7b77321b99c0/build]   | [INFO] Downloaded from central: https://repo.maven.apache.org/maven2/org/apache/maven/plugins/maven-plugins/22/maven-plugins-22.pom (13 kB at 318 kB/s)
[b517e868-610d-479b-aaa0-7b77321b99c0/build]   | [INFO] Downloading from central: https://repo.maven.apache.org/maven2/org/apache/maven/plugins/maven-jar-plugin/2.4/maven-jar-plugin-2.4.jar
[b517e868-610d-479b-aaa0-7b77321b99c0/build]   | [INFO] Downloaded from central: https://repo.maven.apache.org/maven2/org/apache/maven/plugins/maven-jar-plugin/2.4/maven-jar-plugin-2.4.jar (34 kB at 2.4 MB/s)
[b517e868-610d-479b-aaa0-7b77321b99c0/build]   | [INFO] Downloading from central: https://repo.maven.apache.org/maven2/com/google/guava/guava/18.0/guava-18.0.pom
[b517e868-610d-479b-aaa0-7b77321b99c0/build]   | [INFO] Downloaded from central: https://repo.maven.apache.org/maven2/com/google/guava/guava/18.0/guava-18.0.pom (5.7 kB at 172 kB/s)
[b517e868-610d-479b-aaa0-7b77321b99c0/build]   | [INFO] Downloading from central: https://repo.maven.apache.org/maven2/com/google/guava/guava-parent/18.0/guava-parent-18.0.pom
[b517e868-610d-479b-aaa0-7b77321b99c0/build]   | [INFO] Downloaded from central: https://repo.maven.apache.org/maven2/com/google/guava/guava-parent/18.0/guava-parent-18.0.pom (7.7 kB at 769 kB/s)
[b517e868-610d-479b-aaa0-7b77321b99c0/build]   | [INFO] Downloading from central: https://repo.maven.apache.org/maven2/io/reactivex/rxjava/1.0.12/rxjava-1.0.12.pom
[b517e868-610d-479b-aaa0-7b77321b99c0/build]   | [INFO] Downloaded from central: https://repo.maven.apache.org/maven2/io/reactivex/rxjava/1.0.12/rxjava-1.0.12.pom (2.4 kB at 64 kB/s)
[b517e868-610d-479b-aaa0-7b77321b99c0/build]   | [INFO] Downloading from central: https://repo.maven.apache.org/maven2/junit/junit/4.12/junit-4.12.pom
[b517e868-610d-479b-aaa0-7b77321b99c0/build]   | [INFO] Downloaded from central: https://repo.maven.apache.org/maven2/junit/junit/4.12/junit-4.12.pom (24 kB at 1.1 MB/s)
[b517e868-610d-479b-aaa0-7b77321b99c0/build]   | [INFO] Downloading from central: https://repo.maven.apache.org/maven2/org/hamcrest/hamcrest-core/1.3/hamcrest-core-1.3.pom
[b517e868-610d-479b-aaa0-7b77321b99c0/build]   | [INFO] Downloaded from central: https://repo.maven.apache.org/maven2/org/hamcrest/hamcrest-core/1.3/hamcrest-core-1.3.pom (766 B at 96 kB/s)
[b517e868-610d-479b-aaa0-7b77321b99c0/build]   | [INFO] Downloading from central: https://repo.maven.apache.org/maven2/org/hamcrest/hamcrest-parent/1.3/hamcrest-parent-1.3.pom
[b517e868-610d-479b-aaa0-7b77321b99c0/build]   | [INFO] Downloaded from central: https://repo.maven.apache.org/maven2/org/hamcrest/hamcrest-parent/1.3/hamcrest-parent-1.3.pom (2.0 kB at 104 kB/s)
[b517e868-610d-479b-aaa0-7b77321b99c0/build]   | [INFO] Downloading from central: https://repo.maven.apache.org/maven2/io/reactivex/rxjava-string/0.22.0/rxjava-string-0.22.0.pom
[b517e868-610d-479b-aaa0-7b77321b99c0/build]   | [INFO] Downloaded from central: https://repo.maven.apache.org/maven2/io/reactivex/rxjava-string/0.22.0/rxjava-string-0.22.0.pom (2.7 kB at 225 kB/s)
[b517e868-610d-479b-aaa0-7b77321b99c0/build]   | [INFO] Downloading from central: https://repo.maven.apache.org/maven2/io/reactivex/rxjava/1.0.0/rxjava-1.0.0.pom
[b517e868-610d-479b-aaa0-7b77321b99c0/build]   | [INFO] Downloaded from central: https://repo.maven.apache.org/maven2/io/reactivex/rxjava/1.0.0/rxjava-1.0.0.pom (2.4 kB at 115 kB/s)
[b517e868-610d-479b-aaa0-7b77321b99c0/build]   | [INFO] Downloading from central: https://repo.maven.apache.org/maven2/com/github/davidmoten/rxjava-extras/0.5.1/rxjava-extras-0.5.1.pom
[b517e868-610d-479b-aaa0-7b77321b99c0/build]   | [INFO] Downloaded from central: https://repo.maven.apache.org/maven2/com/github/davidmoten/rxjava-extras/0.5.1/rxjava-extras-0.5.1.pom (6.7 kB at 447 kB/s)
[b517e868-610d-479b-aaa0-7b77321b99c0/build]   | [INFO] Downloading from central: https://repo.maven.apache.org/maven2/io/reactivex/rxjava/1.0.8/rxjava-1.0.8.pom
[b517e868-610d-479b-aaa0-7b77321b99c0/build]   | [INFO] Downloaded from central: https://repo.maven.apache.org/maven2/io/reactivex/rxjava/1.0.8/rxjava-1.0.8.pom (2.4 kB at 303 kB/s)
[b517e868-610d-479b-aaa0-7b77321b99c0/build]   | [INFO] Downloading from central: https://repo.maven.apache.org/maven2/com/github/davidmoten/grumpy-core/0.2.2/grumpy-core-0.2.2.pom
[b517e868-610d-479b-aaa0-7b77321b99c0/build]   | [INFO] Downloaded from central: https://repo.maven.apache.org/maven2/com/github/davidmoten/grumpy-core/0.2.2/grumpy-core-0.2.2.pom (2.1 kB at 85 kB/s)
[b517e868-610d-479b-aaa0-7b77321b99c0/build]   | [INFO] Downloading from central: https://repo.maven.apache.org/maven2/com/github/davidmoten/grumpy/0.2.2/grumpy-0.2.2.pom
[b517e868-610d-479b-aaa0-7b77321b99c0/build]   | [INFO] Downloaded from central: https://repo.maven.apache.org/maven2/com/github/davidmoten/grumpy/0.2.2/grumpy-0.2.2.pom (8.3 kB at 320 kB/s)
[b517e868-610d-479b-aaa0-7b77321b99c0/build]   | [INFO] Downloading from central: https://repo.maven.apache.org/maven2/org/apache/commons/commons-math3/3.2/commons-math3-3.2.pom
[b517e868-610d-479b-aaa0-7b77321b99c0/build]   | [INFO] Downloaded from central: https://repo.maven.apache.org/maven2/org/apache/commons/commons-math3/3.2/commons-math3-3.2.pom (17 kB at 1.2 MB/s)
[b517e868-610d-479b-aaa0-7b77321b99c0/build]   | [INFO] Downloading from central: https://repo.maven.apache.org/maven2/org/apache/commons/commons-parent/28/commons-parent-28.pom
[b517e868-610d-479b-aaa0-7b77321b99c0/build]   | [INFO] Downloaded from central: https://repo.maven.apache.org/maven2/org/apache/commons/commons-parent/28/commons-parent-28.pom (50 kB at 2.6 MB/s)
[b517e868-610d-479b-aaa0-7b77321b99c0/build]   | [INFO] Downloading from central: https://repo.maven.apache.org/maven2/org/openjdk/jmh/jmh-core/1.2/jmh-core-1.2.pom
[b517e868-610d-479b-aaa0-7b77321b99c0/build]   | [INFO] Downloaded from central: https://repo.maven.apache.org/maven2/org/openjdk/jmh/jmh-core/1.2/jmh-core-1.2.pom (9.7 kB at 325 kB/s)
[b517e868-610d-479b-aaa0-7b77321b99c0/build]   | [INFO] Downloading from central: https://repo.maven.apache.org/maven2/org/openjdk/jmh/jmh-parent/1.2/jmh-parent-1.2.pom
[b517e868-610d-479b-aaa0-7b77321b99c0/build]   | [INFO] Downloaded from central: https://repo.maven.apache.org/maven2/org/openjdk/jmh/jmh-parent/1.2/jmh-parent-1.2.pom (5.9 kB at 191 kB/s)
[b517e868-610d-479b-aaa0-7b77321b99c0/build]   | [INFO] Downloading from central: https://repo.maven.apache.org/maven2/net/sf/jopt-simple/jopt-simple/4.6/jopt-simple-4.6.pom
[b517e868-610d-479b-aaa0-7b77321b99c0/build]   | [INFO] Downloaded from central: https://repo.maven.apache.org/maven2/net/sf/jopt-simple/jopt-simple/4.6/jopt-simple-4.6.pom (11 kB at 753 kB/s)
[b517e868-610d-479b-aaa0-7b77321b99c0/build]   | [INFO] Downloading from central: https://repo.maven.apache.org/maven2/org/openjdk/jmh/jmh-generator-annprocess/1.2/jmh-generator-annprocess-1.2.pom
[b517e868-610d-479b-aaa0-7b77321b99c0/build]   | [INFO] Downloaded from central: https://repo.maven.apache.org/maven2/org/openjdk/jmh/jmh-generator-annprocess/1.2/jmh-generator-annprocess-1.2.pom (4.0 kB at 403 kB/s)
[b517e868-610d-479b-aaa0-7b77321b99c0/build]   | [INFO] Downloading from central: https://repo.maven.apache.org/maven2/org/mockito/mockito-core/1.10.8/mockito-core-1.10.8.pom
[b517e868-610d-479b-aaa0-7b77321b99c0/build]   | [INFO] Downloaded from central: https://repo.maven.apache.org/maven2/org/mockito/mockito-core/1.10.8/mockito-core-1.10.8.pom (1.3 kB at 63 kB/s)
[b517e868-610d-479b-aaa0-7b77321b99c0/build]   | [INFO] Downloading from central: https://repo.maven.apache.org/maven2/org/hamcrest/hamcrest-core/1.1/hamcrest-core-1.1.pom
[b517e868-610d-479b-aaa0-7b77321b99c0/build]   | [INFO] Downloaded from central: https://repo.maven.apache.org/maven2/org/hamcrest/hamcrest-core/1.1/hamcrest-core-1.1.pom (481 B at 18 kB/s)
[b517e868-610d-479b-aaa0-7b77321b99c0/build]   | [INFO] Downloading from central: https://repo.maven.apache.org/maven2/org/hamcrest/hamcrest-parent/1.1/hamcrest-parent-1.1.pom
[b517e868-610d-479b-aaa0-7b77321b99c0/build]   | [INFO] Downloaded from central: https://repo.maven.apache.org/maven2/org/hamcrest/hamcrest-parent/1.1/hamcrest-parent-1.1.pom (5.9 kB at 420 kB/s)
[b517e868-610d-479b-aaa0-7b77321b99c0/build]   | [INFO] Downloading from central: https://repo.maven.apache.org/maven2/org/objenesis/objenesis/2.1/objenesis-2.1.pom
[b517e868-610d-479b-aaa0-7b77321b99c0/build]   | [INFO] Downloaded from central: https://repo.maven.apache.org/maven2/org/objenesis/objenesis/2.1/objenesis-2.1.pom (2.5 kB at 127 kB/s)
[b517e868-610d-479b-aaa0-7b77321b99c0/build]   | [INFO] Downloading from central: https://repo.maven.apache.org/maven2/org/objenesis/objenesis-parent/2.1/objenesis-parent-2.1.pom
[b517e868-610d-479b-aaa0-7b77321b99c0/build]   | [INFO] Downloaded from central: https://repo.maven.apache.org/maven2/org/objenesis/objenesis-parent/2.1/objenesis-parent-2.1.pom (17 kB at 1.7 MB/s)
[b517e868-610d-479b-aaa0-7b77321b99c0/build]   | [INFO] Downloading from central: https://repo.maven.apache.org/maven2/com/github/davidmoten/junit-extras/0.3/junit-extras-0.3.pom
[b517e868-610d-479b-aaa0-7b77321b99c0/build]   | [INFO] Downloaded from central: https://repo.maven.apache.org/maven2/com/github/davidmoten/junit-extras/0.3/junit-extras-0.3.pom (6.5 kB at 922 kB/s)
[b517e868-610d-479b-aaa0-7b77321b99c0/build]   | [INFO] Downloading from central: https://repo.maven.apache.org/maven2/com/google/guava/guava/18.0/guava-18.0.jar
[b517e868-610d-479b-aaa0-7b77321b99c0/build]   | [INFO] Downloading from central: https://repo.maven.apache.org/maven2/io/reactivex/rxjava/1.0.12/rxjava-1.0.12.jar
[b517e868-610d-479b-aaa0-7b77321b99c0/build]   | [INFO] Downloading from central: https://repo.maven.apache.org/maven2/junit/junit/4.12/junit-4.12.jar
[b517e868-610d-479b-aaa0-7b77321b99c0/build]   | [INFO] Downloading from central: https://repo.maven.apache.org/maven2/org/hamcrest/hamcrest-core/1.3/hamcrest-core-1.3.jar
[b517e868-610d-479b-aaa0-7b77321b99c0/build]   | [INFO] Downloading from central: https://repo.maven.apache.org/maven2/io/reactivex/rxjava-string/0.22.0/rxjava-string-0.22.0.jar
[b517e868-610d-479b-aaa0-7b77321b99c0/build]   | [INFO] Downloaded from central: https://repo.maven.apache.org/maven2/org/hamcrest/hamcrest-core/1.3/hamcrest-core-1.3.jar (45 kB at 1.7 MB/s)
[b517e868-610d-479b-aaa0-7b77321b99c0/build]   | [INFO] Downloading from central: https://repo.maven.apache.org/maven2/com/github/davidmoten/rxjava-extras/0.5.1/rxjava-extras-0.5.1.jar
[b517e868-610d-479b-aaa0-7b77321b99c0/build]   | [INFO] Downloaded from central: https://repo.maven.apache.org/maven2/io/reactivex/rxjava-string/0.22.0/rxjava-string-0.22.0.jar (18 kB at 681 kB/s)
[b517e868-610d-479b-aaa0-7b77321b99c0/build]   | [INFO] Downloading from central: https://repo.maven.apache.org/maven2/com/github/davidmoten/grumpy-core/0.2.2/grumpy-core-0.2.2.jar
[b517e868-610d-479b-aaa0-7b77321b99c0/build]   | [INFO] Downloaded from central: https://repo.maven.apache.org/maven2/com/github/davidmoten/grumpy-core/0.2.2/grumpy-core-0.2.2.jar (9.9 kB at 194 kB/s)
[b517e868-610d-479b-aaa0-7b77321b99c0/build]   | [INFO] Downloading from central: https://repo.maven.apache.org/maven2/org/apache/commons/commons-math3/3.2/commons-math3-3.2.jar
[b517e868-610d-479b-aaa0-7b77321b99c0/build]   | [INFO] Downloaded from central: https://repo.maven.apache.org/maven2/com/github/davidmoten/rxjava-extras/0.5.1/rxjava-extras-0.5.1.jar (46 kB at 854 kB/s)
[b517e868-610d-479b-aaa0-7b77321b99c0/build]   | [INFO] Downloading from central: https://repo.maven.apache.org/maven2/org/openjdk/jmh/jmh-core/1.2/jmh-core-1.2.jar
[b517e868-610d-479b-aaa0-7b77321b99c0/build]   | [INFO] Downloaded from central: https://repo.maven.apache.org/maven2/com/google/guava/guava/18.0/guava-18.0.jar (2.3 MB at 27 MB/s)
[b517e868-610d-479b-aaa0-7b77321b99c0/build]   | [INFO] Downloading from central: https://repo.maven.apache.org/maven2/net/sf/jopt-simple/jopt-simple/4.6/jopt-simple-4.6.jar
[b517e868-610d-479b-aaa0-7b77321b99c0/build]   | [INFO] Downloaded from central: https://repo.maven.apache.org/maven2/junit/junit/4.12/junit-4.12.jar (315 kB at 3.6 MB/s)
[b517e868-610d-479b-aaa0-7b77321b99c0/build]   | [INFO] Downloading from central: https://repo.maven.apache.org/maven2/org/openjdk/jmh/jmh-generator-annprocess/1.2/jmh-generator-annprocess-1.2.jar
[b517e868-610d-479b-aaa0-7b77321b99c0/build]   | [INFO] Downloaded from central: https://repo.maven.apache.org/maven2/org/openjdk/jmh/jmh-core/1.2/jmh-core-1.2.jar (396 kB at 3.4 MB/s)
[b517e868-610d-479b-aaa0-7b77321b99c0/build]   | [INFO] Downloading from central: https://repo.maven.apache.org/maven2/org/mockito/mockito-core/1.10.8/mockito-core-1.10.8.jar
[b517e868-610d-479b-aaa0-7b77321b99c0/build]   | [INFO] Downloaded from central: https://repo.maven.apache.org/maven2/net/sf/jopt-simple/jopt-simple/4.6/jopt-simple-4.6.jar (62 kB at 516 kB/s)
[b517e868-610d-479b-aaa0-7b77321b99c0/build]   | [INFO] Downloading from central: https://repo.maven.apache.org/maven2/org/objenesis/objenesis/2.1/objenesis-2.1.jar
[b517e868-610d-479b-aaa0-7b77321b99c0/build]   | [INFO] Downloaded from central: https://repo.maven.apache.org/maven2/org/openjdk/jmh/jmh-generator-annprocess/1.2/jmh-generator-annprocess-1.2.jar (30 kB at 241 kB/s)
[b517e868-610d-479b-aaa0-7b77321b99c0/build]   | [INFO] Downloading from central: https://repo.maven.apache.org/maven2/com/github/davidmoten/junit-extras/0.3/junit-extras-0.3.jar
[b517e868-610d-479b-aaa0-7b77321b99c0/build]   | [INFO] Downloaded from central: https://repo.maven.apache.org/maven2/org/objenesis/objenesis/2.1/objenesis-2.1.jar (42 kB at 321 kB/s)
[b517e868-610d-479b-aaa0-7b77321b99c0/build]   | [INFO] Downloaded from central: https://repo.maven.apache.org/maven2/org/apache/commons/commons-math3/3.2/commons-math3-3.2.jar (1.7 MB at 13 MB/s)
[b517e868-610d-479b-aaa0-7b77321b99c0/build]   | [INFO] Downloaded from central: https://repo.maven.apache.org/maven2/com/github/davidmoten/junit-extras/0.3/junit-extras-0.3.jar (4.9 kB at 35 kB/s)
[b517e868-610d-479b-aaa0-7b77321b99c0/build]   | [INFO] Downloaded from central: https://repo.maven.apache.org/maven2/io/reactivex/rxjava/1.0.12/rxjava-1.0.12.jar (783 kB at 5.4 MB/s)
[b517e868-610d-479b-aaa0-7b77321b99c0/build]   | [INFO] Downloaded from central: https://repo.maven.apache.org/maven2/org/mockito/mockito-core/1.10.8/mockito-core-1.10.8.jar (1.1 MB at 3.5 MB/s)
[b517e868-610d-479b-aaa0-7b77321b99c0/build]   | [INFO] 
[b517e868-610d-479b-aaa0-7b77321b99c0/build]   | [INFO] --- maven-resources-plugin:2.6:resources (default-resources) @ rtree ---
[b517e868-610d-479b-aaa0-7b77321b99c0/build]   | [INFO] Downloading from central: https://repo.maven.apache.org/maven2/org/apache/maven/maven-plugin-api/2.0.6/maven-plugin-api-2.0.6.pom
[b517e868-610d-479b-aaa0-7b77321b99c0/build]   | [INFO] Downloaded from central: https://repo.maven.apache.org/maven2/org/apache/maven/maven-plugin-api/2.0.6/maven-plugin-api-2.0.6.pom (1.5 kB at 38 kB/s)
[b517e868-610d-479b-aaa0-7b77321b99c0/build]   | [INFO] Downloading from central: https://repo.maven.apache.org/maven2/org/apache/maven/maven/2.0.6/maven-2.0.6.pom
[b517e868-610d-479b-aaa0-7b77321b99c0/build]   | [INFO] Downloaded from central: https://repo.maven.apache.org/maven2/org/apache/maven/maven/2.0.6/maven-2.0.6.pom (9.0 kB at 411 kB/s)
[b517e868-610d-479b-aaa0-7b77321b99c0/build]   | [INFO] Downloading from central: https://repo.maven.apache.org/maven2/org/apache/maven/maven-parent/5/maven-parent-5.pom
[b517e868-610d-479b-aaa0-7b77321b99c0/build]   | [INFO] Downloaded from central: https://repo.maven.apache.org/maven2/org/apache/maven/maven-parent/5/maven-parent-5.pom (15 kB at 1.1 MB/s)
[b517e868-610d-479b-aaa0-7b77321b99c0/build]   | [INFO] Downloading from central: https://repo.maven.apache.org/maven2/org/apache/apache/3/apache-3.pom
[b517e868-610d-479b-aaa0-7b77321b99c0/build]   | [INFO] Downloaded from central: https://repo.maven.apache.org/maven2/org/apache/apache/3/apache-3.pom (3.4 kB at 39 kB/s)
[b517e868-610d-479b-aaa0-7b77321b99c0/build]   | [INFO] Downloading from central: https://repo.maven.apache.org/maven2/org/apache/maven/maven-project/2.0.6/maven-project-2.0.6.pom
[b517e868-610d-479b-aaa0-7b77321b99c0/build]   | [INFO] Downloaded from central: https://repo.maven.apache.org/maven2/org/apache/maven/maven-project/2.0.6/maven-project-2.0.6.pom (2.6 kB at 51 kB/s)
[b517e868-610d-479b-aaa0-7b77321b99c0/build]   | [INFO] Downloading from central: https://repo.maven.apache.org/maven2/org/apache/maven/maven-settings/2.0.6/maven-settings-2.0.6.pom
[b517e868-610d-479b-aaa0-7b77321b99c0/build]   | [INFO] Downloaded from central: https://repo.maven.apache.org/maven2/org/apache/maven/maven-settings/2.0.6/maven-settings-2.0.6.pom (2.0 kB at 61 kB/s)
[b517e868-610d-479b-aaa0-7b77321b99c0/build]   | [INFO] Downloading from central: https://repo.maven.apache.org/maven2/org/apache/maven/maven-model/2.0.6/maven-model-2.0.6.pom
[b517e868-610d-479b-aaa0-7b77321b99c0/build]   | [INFO] Downloaded from central: https://repo.maven.apache.org/maven2/org/apache/maven/maven-model/2.0.6/maven-model-2.0.6.pom (3.0 kB at 85 kB/s)
[b517e868-610d-479b-aaa0-7b77321b99c0/build]   | [INFO] Downloading from central: https://repo.maven.apache.org/maven2/org/codehaus/plexus/plexus-utils/1.4.1/plexus-utils-1.4.1.pom
[b517e868-610d-479b-aaa0-7b77321b99c0/build]   | [INFO] Downloaded from central: https://repo.maven.apache.org/maven2/org/codehaus/plexus/plexus-utils/1.4.1/plexus-utils-1.4.1.pom (1.9 kB at 71 kB/s)
[b517e868-610d-479b-aaa0-7b77321b99c0/build]   | [INFO] Downloading from central: https://repo.maven.apache.org/maven2/org/codehaus/plexus/plexus/1.0.11/plexus-1.0.11.pom
[b517e868-610d-479b-aaa0-7b77321b99c0/build]   | [INFO] Downloaded from central: https://repo.maven.apache.org/maven2/org/codehaus/plexus/plexus/1.0.11/plexus-1.0.11.pom (9.0 kB at 256 kB/s)
[b517e868-610d-479b-aaa0-7b77321b99c0/build]   | [INFO] Downloading from central: https://repo.maven.apache.org/maven2/org/codehaus/plexus/plexus-container-default/1.0-alpha-9-stable-1/plexus-container-default-1.0-alpha-9-stable-1.pom
[b517e868-610d-479b-aaa0-7b77321b99c0/build]   | [INFO] Downloaded from central: https://repo.maven.apache.org/maven2/org/codehaus/plexus/plexus-container-default/1.0-alpha-9-stable-1/plexus-container-default-1.0-alpha-9-stable-1.pom (3.9 kB at 132 kB/s)
[b517e868-610d-479b-aaa0-7b77321b99c0/build]   | [INFO] Downloading from central: https://repo.maven.apache.org/maven2/org/codehaus/plexus/plexus-containers/1.0.3/plexus-containers-1.0.3.pom
[b517e868-610d-479b-aaa0-7b77321b99c0/build]   | [INFO] Downloaded from central: https://repo.maven.apache.org/maven2/org/codehaus/plexus/plexus-containers/1.0.3/plexus-containers-1.0.3.pom (492 B at 7.9 kB/s)
[b517e868-610d-479b-aaa0-7b77321b99c0/build]   | [INFO] Downloading from central: https://repo.maven.apache.org/maven2/org/codehaus/plexus/plexus/1.0.4/plexus-1.0.4.pom
[b517e868-610d-479b-aaa0-7b77321b99c0/build]   | [INFO] Downloaded from central: https://repo.maven.apache.org/maven2/org/codehaus/plexus/plexus/1.0.4/plexus-1.0.4.pom (5.7 kB at 86 kB/s)
[b517e868-610d-479b-aaa0-7b77321b99c0/build]   | [INFO] Downloading from central: https://repo.maven.apache.org/maven2/junit/junit/3.8.1/junit-3.8.1.pom
[b517e868-610d-479b-aaa0-7b77321b99c0/build]   | [INFO] Downloaded from central: https://repo.maven.apache.org/maven2/junit/junit/3.8.1/junit-3.8.1.pom (998 B at 40 kB/s)
[b517e868-610d-479b-aaa0-7b77321b99c0/build]   | [INFO] Downloading from central: https://repo.maven.apache.org/maven2/org/codehaus/plexus/plexus-utils/1.0.4/plexus-utils-1.0.4.pom
[b517e868-610d-479b-aaa0-7b77321b99c0/build]   | [INFO] Downloaded from central: https://repo.maven.apache.org/maven2/org/codehaus/plexus/plexus-utils/1.0.4/plexus-utils-1.0.4.pom (6.9 kB at 236 kB/s)
[b517e868-610d-479b-aaa0-7b77321b99c0/build]   | [INFO] Downloading from central: https://repo.maven.apache.org/maven2/classworlds/classworlds/1.1-alpha-2/classworlds-1.1-alpha-2.pom
[b517e868-610d-479b-aaa0-7b77321b99c0/build]   | [INFO] Downloaded from central: https://repo.maven.apache.org/maven2/classworlds/classworlds/1.1-alpha-2/classworlds-1.1-alpha-2.pom (3.1 kB at 184 kB/s)
[b517e868-610d-479b-aaa0-7b77321b99c0/build]   | [INFO] Downloading from central: https://repo.maven.apache.org/maven2/org/apache/maven/maven-profile/2.0.6/maven-profile-2.0.6.pom
[b517e868-610d-479b-aaa0-7b77321b99c0/build]   | [INFO] Downloaded from central: https://repo.maven.apache.org/maven2/org/apache/maven/maven-profile/2.0.6/maven-profile-2.0.6.pom (2.0 kB at 60 kB/s)
[b517e868-610d-479b-aaa0-7b77321b99c0/build]   | [INFO] Downloading from central: https://repo.maven.apache.org/maven2/org/apache/maven/maven-artifact-manager/2.0.6/maven-artifact-manager-2.0.6.pom
[b517e868-610d-479b-aaa0-7b77321b99c0/build]   | [INFO] Downloaded from central: https://repo.maven.apache.org/maven2/org/apache/maven/maven-artifact-manager/2.0.6/maven-artifact-manager-2.0.6.pom (2.6 kB at 85 kB/s)
[b517e868-610d-479b-aaa0-7b77321b99c0/build]   | [INFO] Downloading from central: https://repo.maven.apache.org/maven2/org/apache/maven/maven-repository-metadata/2.0.6/maven-repository-metadata-2.0.6.pom
[b517e868-610d-479b-aaa0-7b77321b99c0/build]   | [INFO] Downloaded from central: https://repo.maven.apache.org/maven2/org/apache/maven/maven-repository-metadata/2.0.6/maven-repository-metadata-2.0.6.pom (1.9 kB at 29 kB/s)
[b517e868-610d-479b-aaa0-7b77321b99c0/build]   | [INFO] Downloading from central: https://repo.maven.apache.org/maven2/org/apache/maven/maven-artifact/2.0.6/maven-artifact-2.0.6.pom
[b517e868-610d-479b-aaa0-7b77321b99c0/build]   | [INFO] Downloaded from central: https://repo.maven.apache.org/maven2/org/apache/maven/maven-artifact/2.0.6/maven-artifact-2.0.6.pom (1.6 kB at 105 kB/s)
[b517e868-610d-479b-aaa0-7b77321b99c0/build]   | [INFO] Downloading from central: https://repo.maven.apache.org/maven2/org/apache/maven/maven-plugin-registry/2.0.6/maven-plugin-registry-2.0.6.pom
[b517e868-610d-479b-aaa0-7b77321b99c0/build]   | [INFO] Downloaded from central: https://repo.maven.apache.org/maven2/org/apache/maven/maven-plugin-registry/2.0.6/maven-plugin-registry-2.0.6.pom (1.9 kB at 93 kB/s)
[b517e868-610d-479b-aaa0-7b77321b99c0/build]   | [INFO] Downloading from central: https://repo.maven.apache.org/maven2/org/apache/maven/maven-core/2.0.6/maven-core-2.0.6.pom
[b517e868-610d-479b-aaa0-7b77321b99c0/build]   | [INFO] Downloaded from central: https://repo.maven.apache.org/maven2/org/apache/maven/maven-core/2.0.6/maven-core-2.0.6.pom (6.7 kB at 292 kB/s)
[b517e868-610d-479b-aaa0-7b77321b99c0/build]   | [INFO] Downloading from central: https://repo.maven.apache.org/maven2/org/apache/maven/maven-plugin-parameter-documenter/2.0.6/maven-plugin-parameter-documenter-2.0.6.pom
[b517e868-610d-479b-aaa0-7b77321b99c0/build]   | [INFO] Downloaded from central: https://repo.maven.apache.org/maven2/org/apache/maven/maven-plugin-parameter-documenter/2.0.6/maven-plugin-parameter-documenter-2.0.6.pom (1.9 kB at 136 kB/s)
[b517e868-610d-479b-aaa0-7b77321b99c0/build]   | [INFO] Downloading from central: https://repo.maven.apache.org/maven2/org/apache/maven/reporting/maven-reporting-api/2.0.6/maven-reporting-api-2.0.6.pom
[b517e868-610d-479b-aaa0-7b77321b99c0/build]   | [INFO] Downloaded from central: https://repo.maven.apache.org/maven2/org/apache/maven/reporting/maven-reporting-api/2.0.6/maven-reporting-api-2.0.6.pom (1.8 kB at 43 kB/s)
[b517e868-610d-479b-aaa0-7b77321b99c0/build]   | [INFO] Downloading from central: https://repo.maven.apache.org/maven2/org/apache/maven/reporting/maven-reporting/2.0.6/maven-reporting-2.0.6.pom
[b517e868-610d-479b-aaa0-7b77321b99c0/build]   | [INFO] Downloaded from central: https://repo.maven.apache.org/maven2/org/apache/maven/reporting/maven-reporting/2.0.6/maven-reporting-2.0.6.pom (1.4 kB at 90 kB/s)
[b517e868-610d-479b-aaa0-7b77321b99c0/build]   | [INFO] Downloading from central: https://repo.maven.apache.org/maven2/org/apache/maven/doxia/doxia-sink-api/1.0-alpha-7/doxia-sink-api-1.0-alpha-7.pom
[b517e868-610d-479b-aaa0-7b77321b99c0/build]   | [INFO] Downloaded from central: https://repo.maven.apache.org/maven2/org/apache/maven/doxia/doxia-sink-api/1.0-alpha-7/doxia-sink-api-1.0-alpha-7.pom (424 B at 6.1 kB/s)
[b517e868-610d-479b-aaa0-7b77321b99c0/build]   | [INFO] Downloading from central: https://repo.maven.apache.org/maven2/org/apache/maven/doxia/doxia/1.0-alpha-7/doxia-1.0-alpha-7.pom
[b517e868-610d-479b-aaa0-7b77321b99c0/build]   | [INFO] Downloaded from central: https://repo.maven.apache.org/maven2/org/apache/maven/doxia/doxia/1.0-alpha-7/doxia-1.0-alpha-7.pom (3.9 kB at 230 kB/s)
[b517e868-610d-479b-aaa0-7b77321b99c0/build]   | [INFO] Downloading from central: https://repo.maven.apache.org/maven2/org/apache/maven/maven-error-diagnostics/2.0.6/maven-error-diagnostics-2.0.6.pom
[b517e868-610d-479b-aaa0-7b77321b99c0/build]   | [INFO] Downloaded from central: https://repo.maven.apache.org/maven2/org/apache/maven/maven-error-diagnostics/2.0.6/maven-error-diagnostics-2.0.6.pom (1.7 kB at 35 kB/s)
[b517e868-610d-479b-aaa0-7b77321b99c0/build]   | [INFO] Downloading from central: https://repo.maven.apache.org/maven2/commons-cli/commons-cli/1.0/commons-cli-1.0.pom
[b517e868-610d-479b-aaa0-7b77321b99c0/build]   | [INFO] Downloaded from central: https://repo.maven.apache.org/maven2/commons-cli/commons-cli/1.0/commons-cli-1.0.pom (2.1 kB at 54 kB/s)
[b517e868-610d-479b-aaa0-7b77321b99c0/build]   | [INFO] Downloading from central: https://repo.maven.apache.org/maven2/org/apache/maven/maven-plugin-descriptor/2.0.6/maven-plugin-descriptor-2.0.6.pom
[b517e868-610d-479b-aaa0-7b77321b99c0/build]   | [INFO] Downloaded from central: https://repo.maven.apache.org/maven2/org/apache/maven/maven-plugin-descriptor/2.0.6/maven-plugin-descriptor-2.0.6.pom (2.0 kB at 40 kB/s)
[b517e868-610d-479b-aaa0-7b77321b99c0/build]   | [INFO] Downloading from central: https://repo.maven.apache.org/maven2/org/codehaus/plexus/plexus-interactivity-api/1.0-alpha-4/plexus-interactivity-api-1.0-alpha-4.pom
[b517e868-610d-479b-aaa0-7b77321b99c0/build]   | [INFO] Downloaded from central: https://repo.maven.apache.org/maven2/org/codehaus/plexus/plexus-interactivity-api/1.0-alpha-4/plexus-interactivity-api-1.0-alpha-4.pom (7.1 kB at 142 kB/s)
[b517e868-610d-479b-aaa0-7b77321b99c0/build]   | [INFO] Downloading from central: https://repo.maven.apache.org/maven2/org/apache/maven/maven-monitor/2.0.6/maven-monitor-2.0.6.pom
[b517e868-610d-479b-aaa0-7b77321b99c0/build]   | [INFO] Downloaded from central: https://repo.maven.apache.org/maven2/org/apache/maven/maven-monitor/2.0.6/maven-monitor-2.0.6.pom (1.3 kB at 18 kB/s)
[b517e868-610d-479b-aaa0-7b77321b99c0/build]   | [INFO] Downloading from central: https://repo.maven.apache.org/maven2/classworlds/classworlds/1.1/classworlds-1.1.pom
[b517e868-610d-479b-aaa0-7b77321b99c0/build]   | [INFO] Downloaded from central: https://repo.maven.apache.org/maven2/classworlds/classworlds/1.1/classworlds-1.1.pom (3.3 kB at 111 kB/s)
[b517e868-610d-479b-aaa0-7b77321b99c0/build]   | [INFO] Downloading from central: https://repo.maven.apache.org/maven2/org/codehaus/plexus/plexus-utils/2.0.5/plexus-utils-2.0.5.pom
[b517e868-610d-479b-aaa0-7b77321b99c0/build]   | [INFO] Downloaded from central: https://repo.maven.apache.org/maven2/org/codehaus/plexus/plexus-utils/2.0.5/plexus-utils-2.0.5.pom (3.3 kB at 167 kB/s)
[b517e868-610d-479b-aaa0-7b77321b99c0/build]   | [INFO] Downloading from central: https://repo.maven.apache.org/maven2/org/codehaus/plexus/plexus/2.0.6/plexus-2.0.6.pom
[b517e868-610d-479b-aaa0-7b77321b99c0/build]   | [INFO] Downloaded from central: https://repo.maven.apache.org/maven2/org/codehaus/plexus/plexus/2.0.6/plexus-2.0.6.pom (17 kB at 258 kB/s)
[b517e868-610d-479b-aaa0-7b77321b99c0/build]   | [INFO] Downloading from central: https://repo.maven.apache.org/maven2/org/apache/maven/shared/maven-filtering/1.1/maven-filtering-1.1.pom
[b517e868-610d-479b-aaa0-7b77321b99c0/build]   | [INFO] Downloaded from central: https://repo.maven.apache.org/maven2/org/apache/maven/shared/maven-filtering/1.1/maven-filtering-1.1.pom (5.8 kB at 305 kB/s)
[b517e868-610d-479b-aaa0-7b77321b99c0/build]   | [INFO] Downloading from central: https://repo.maven.apache.org/maven2/org/apache/maven/shared/maven-shared-components/17/maven-shared-components-17.pom
[b517e868-610d-479b-aaa0-7b77321b99c0/build]   | [INFO] Downloaded from central: https://repo.maven.apache.org/maven2/org/apache/maven/shared/maven-shared-components/17/maven-shared-components-17.pom (8.7 kB at 512 kB/s)
[b517e868-610d-479b-aaa0-7b77321b99c0/build]   | [INFO] Downloading from central: https://repo.maven.apache.org/maven2/org/codehaus/plexus/plexus-utils/1.5.15/plexus-utils-1.5.15.pom
[b517e868-610d-479b-aaa0-7b77321b99c0/build]   | [INFO] Downloaded from central: https://repo.maven.apache.org/maven2/org/codehaus/plexus/plexus-utils/1.5.15/plexus-utils-1.5.15.pom (6.8 kB at 274 kB/s)
[b517e868-610d-479b-aaa0-7b77321b99c0/build]   | [INFO] Downloading from central: https://repo.maven.apache.org/maven2/org/codehaus/plexus/plexus/2.0.2/plexus-2.0.2.pom
[b517e868-610d-479b-aaa0-7b77321b99c0/build]   | [INFO] Downloaded from central: https://repo.maven.apache.org/maven2/org/codehaus/plexus/plexus/2.0.2/plexus-2.0.2.pom (12 kB at 430 kB/s)
[b517e868-610d-479b-aaa0-7b77321b99c0/build]   | [INFO] Downloading from central: https://repo.maven.apache.org/maven2/org/codehaus/plexus/plexus-interpolation/1.12/plexus-interpolation-1.12.pom
[b517e868-610d-479b-aaa0-7b77321b99c0/build]   | [INFO] Downloaded from central: https://repo.maven.apache.org/maven2/org/codehaus/plexus/plexus-interpolation/1.12/plexus-interpolation-1.12.pom (889 B at 16 kB/s)
[b517e868-610d-479b-aaa0-7b77321b99c0/build]   | [INFO] Downloading from central: https://repo.maven.apache.org/maven2/org/codehaus/plexus/plexus-components/1.1.14/plexus-components-1.1.14.pom
[b517e868-610d-479b-aaa0-7b77321b99c0/build]   | [INFO] Downloaded from central: https://repo.maven.apache.org/maven2/org/codehaus/plexus/plexus-components/1.1.14/plexus-components-1.1.14.pom (5.8 kB at 90 kB/s)
[b517e868-610d-479b-aaa0-7b77321b99c0/build]   | [INFO] Downloading from central: https://repo.maven.apache.org/maven2/org/sonatype/plexus/plexus-build-api/0.0.4/plexus-build-api-0.0.4.pom
[b517e868-610d-479b-aaa0-7b77321b99c0/build]   | [INFO] Downloaded from central: https://repo.maven.apache.org/maven2/org/sonatype/plexus/plexus-build-api/0.0.4/plexus-build-api-0.0.4.pom (2.9 kB at 73 kB/s)
[b517e868-610d-479b-aaa0-7b77321b99c0/build]   | [INFO] Downloading from central: https://repo.maven.apache.org/maven2/org/sonatype/spice/spice-parent/10/spice-parent-10.pom
[b517e868-610d-479b-aaa0-7b77321b99c0/build]   | [INFO] Downloaded from central: https://repo.maven.apache.org/maven2/org/sonatype/spice/spice-parent/10/spice-parent-10.pom (3.0 kB at 251 kB/s)
[b517e868-610d-479b-aaa0-7b77321b99c0/build]   | [INFO] Downloading from central: https://repo.maven.apache.org/maven2/org/sonatype/forge/forge-parent/3/forge-parent-3.pom
[b517e868-610d-479b-aaa0-7b77321b99c0/build]   | [INFO] Downloaded from central: https://repo.maven.apache.org/maven2/org/sonatype/forge/forge-parent/3/forge-parent-3.pom (5.0 kB at 67 kB/s)
[b517e868-610d-479b-aaa0-7b77321b99c0/build]   | [INFO] Downloading from central: https://repo.maven.apache.org/maven2/org/codehaus/plexus/plexus-utils/1.5.8/plexus-utils-1.5.8.pom
[b517e868-610d-479b-aaa0-7b77321b99c0/build]   | [INFO] Downloaded from central: https://repo.maven.apache.org/maven2/org/codehaus/plexus/plexus-utils/1.5.8/plexus-utils-1.5.8.pom (8.1 kB at 576 kB/s)
[b517e868-610d-479b-aaa0-7b77321b99c0/build]   | [INFO] Downloading from central: https://repo.maven.apache.org/maven2/org/codehaus/plexus/plexus-interpolation/1.13/plexus-interpolation-1.13.pom
[b517e868-610d-479b-aaa0-7b77321b99c0/build]   | [INFO] Downloaded from central: https://repo.maven.apache.org/maven2/org/codehaus/plexus/plexus-interpolation/1.13/plexus-interpolation-1.13.pom (890 B at 39 kB/s)
[b517e868-610d-479b-aaa0-7b77321b99c0/build]   | [INFO] Downloading from central: https://repo.maven.apache.org/maven2/org/codehaus/plexus/plexus-components/1.1.15/plexus-components-1.1.15.pom
[b517e868-610d-479b-aaa0-7b77321b99c0/build]   | [INFO] Downloaded from central: https://repo.maven.apache.org/maven2/org/codehaus/plexus/plexus-components/1.1.15/plexus-components-1.1.15.pom (2.8 kB at 75 kB/s)
[b517e868-610d-479b-aaa0-7b77321b99c0/build]   | [INFO] Downloading from central: https://repo.maven.apache.org/maven2/org/codehaus/plexus/plexus/2.0.3/plexus-2.0.3.pom
[b517e868-610d-479b-aaa0-7b77321b99c0/build]   | [INFO] Downloaded from central: https://repo.maven.apache.org/maven2/org/codehaus/plexus/plexus/2.0.3/plexus-2.0.3.pom (15 kB at 322 kB/s)
[b517e868-610d-479b-aaa0-7b77321b99c0/build]   | [INFO] Downloading from central: https://repo.maven.apache.org/maven2/org/apache/maven/maven-plugin-api/2.0.6/maven-plugin-api-2.0.6.jar
[b517e868-610d-479b-aaa0-7b77321b99c0/build]   | [INFO] Downloading from central: https://repo.maven.apache.org/maven2/org/apache/maven/maven-project/2.0.6/maven-project-2.0.6.jar
[b517e868-610d-479b-aaa0-7b77321b99c0/build]   | [INFO] Downloading from central: https://repo.maven.apache.org/maven2/org/apache/maven/maven-profile/2.0.6/maven-profile-2.0.6.jar
[b517e868-610d-479b-aaa0-7b77321b99c0/build]   | [INFO] Downloading from central: https://repo.maven.apache.org/maven2/org/apache/maven/maven-artifact-manager/2.0.6/maven-artifact-manager-2.0.6.jar
[b517e868-610d-479b-aaa0-7b77321b99c0/build]   | [INFO] Downloading from central: https://repo.maven.apache.org/maven2/org/apache/maven/maven-plugin-registry/2.0.6/maven-plugin-registry-2.0.6.jar
[b517e868-610d-479b-aaa0-7b77321b99c0/build]   | [INFO] Downloaded from central: https://repo.maven.apache.org/maven2/org/apache/maven/maven-plugin-registry/2.0.6/maven-plugin-registry-2.0.6.jar (29 kB at 629 kB/s)
[b517e868-610d-479b-aaa0-7b77321b99c0/build]   | [INFO] Downloading from central: https://repo.maven.apache.org/maven2/org/apache/maven/maven-core/2.0.6/maven-core-2.0.6.jar
[b517e868-610d-479b-aaa0-7b77321b99c0/build]   | [INFO] Downloaded from central: https://repo.maven.apache.org/maven2/org/apache/maven/maven-artifact-manager/2.0.6/maven-artifact-manager-2.0.6.jar (57 kB at 1.2 MB/s)
[b517e868-610d-479b-aaa0-7b77321b99c0/build]   | [INFO] Downloading from central: https://repo.maven.apache.org/maven2/org/apache/maven/maven-plugin-parameter-documenter/2.0.6/maven-plugin-parameter-documenter-2.0.6.jar
[b517e868-610d-479b-aaa0-7b77321b99c0/build]   | [INFO] Downloaded from central: https://repo.maven.apache.org/maven2/org/apache/maven/maven-profile/2.0.6/maven-profile-2.0.6.jar (35 kB at 383 kB/s)
[b517e868-610d-479b-aaa0-7b77321b99c0/build]   | [INFO] Downloading from central: https://repo.maven.apache.org/maven2/org/apache/maven/reporting/maven-reporting-api/2.0.6/maven-reporting-api-2.0.6.jar
[b517e868-610d-479b-aaa0-7b77321b99c0/build]   | [INFO] Downloaded from central: https://repo.maven.apache.org/maven2/org/apache/maven/maven-plugin-api/2.0.6/maven-plugin-api-2.0.6.jar (13 kB at 137 kB/s)
[b517e868-610d-479b-aaa0-7b77321b99c0/build]   | [INFO] Downloading from central: https://repo.maven.apache.org/maven2/org/apache/maven/doxia/doxia-sink-api/1.0-alpha-7/doxia-sink-api-1.0-alpha-7.jar
[b517e868-610d-479b-aaa0-7b77321b99c0/build]   | [INFO] Downloaded from central: https://repo.maven.apache.org/maven2/org/apache/maven/maven-project/2.0.6/maven-project-2.0.6.jar (116 kB at 1.1 MB/s)
[b517e868-610d-479b-aaa0-7b77321b99c0/build]   | [INFO] Downloading from central: https://repo.maven.apache.org/maven2/org/apache/maven/maven-repository-metadata/2.0.6/maven-repository-metadata-2.0.6.jar
[b517e868-610d-479b-aaa0-7b77321b99c0/build]   | [INFO] Downloaded from central: https://repo.maven.apache.org/maven2/org/apache/maven/maven-plugin-parameter-documenter/2.0.6/maven-plugin-parameter-documenter-2.0.6.jar (21 kB at 206 kB/s)
[b517e868-610d-479b-aaa0-7b77321b99c0/build]   | [INFO] Downloading from central: https://repo.maven.apache.org/maven2/org/apache/maven/maven-error-diagnostics/2.0.6/maven-error-diagnostics-2.0.6.jar
[b517e868-610d-479b-aaa0-7b77321b99c0/build]   | [INFO] Downloaded from central: https://repo.maven.apache.org/maven2/org/apache/maven/doxia/doxia-sink-api/1.0-alpha-7/doxia-sink-api-1.0-alpha-7.jar (5.9 kB at 55 kB/s)
[b517e868-610d-479b-aaa0-7b77321b99c0/build]   | [INFO] Downloading from central: https://repo.maven.apache.org/maven2/commons-cli/commons-cli/1.0/commons-cli-1.0.jar
[b517e868-610d-479b-aaa0-7b77321b99c0/build]   | [INFO] Downloaded from central: https://repo.maven.apache.org/maven2/org/apache/maven/reporting/maven-reporting-api/2.0.6/maven-reporting-api-2.0.6.jar (9.9 kB at 93 kB/s)
[b517e868-610d-479b-aaa0-7b77321b99c0/build]   | [INFO] Downloading from central: https://repo.maven.apache.org/maven2/org/apache/maven/maven-plugin-descriptor/2.0.6/maven-plugin-descriptor-2.0.6.jar
[b517e868-610d-479b-aaa0-7b77321b99c0/build]   | [INFO] Downloaded from central: https://repo.maven.apache.org/maven2/org/apache/maven/maven-repository-metadata/2.0.6/maven-repository-metadata-2.0.6.jar (24 kB at 220 kB/s)
[b517e868-610d-479b-aaa0-7b77321b99c0/build]   | [INFO] Downloaded from central: https://repo.maven.apache.org/maven2/org/apache/maven/maven-error-diagnostics/2.0.6/maven-error-diagnostics-2.0.6.jar (14 kB at 123 kB/s)
[b517e868-610d-479b-aaa0-7b77321b99c0/build]   | [INFO] Downloading from central: https://repo.maven.apache.org/maven2/org/codehaus/plexus/plexus-interactivity-api/1.0-alpha-4/plexus-interactivity-api-1.0-alpha-4.jar
[b517e868-610d-479b-aaa0-7b77321b99c0/build]   | [INFO] Downloading from central: https://repo.maven.apache.org/maven2/classworlds/classworlds/1.1/classworlds-1.1.jar
[b517e868-610d-479b-aaa0-7b77321b99c0/build]   | [INFO] Downloaded from central: https://repo.maven.apache.org/maven2/commons-cli/commons-cli/1.0/commons-cli-1.0.jar (30 kB at 187 kB/s)
[b517e868-610d-479b-aaa0-7b77321b99c0/build]   | [INFO] Downloading from central: https://repo.maven.apache.org/maven2/org/apache/maven/maven-artifact/2.0.6/maven-artifact-2.0.6.jar
[b517e868-610d-479b-aaa0-7b77321b99c0/build]   | [INFO] Downloaded from central: https://repo.maven.apache.org/maven2/classworlds/classworlds/1.1/classworlds-1.1.jar (38 kB at 207 kB/s)
[b517e868-610d-479b-aaa0-7b77321b99c0/build]   | [INFO] Downloading from central: https://repo.maven.apache.org/maven2/org/apache/maven/maven-settings/2.0.6/maven-settings-2.0.6.jar
[b517e868-610d-479b-aaa0-7b77321b99c0/build]   | [INFO] Downloaded from central: https://repo.maven.apache.org/maven2/org/codehaus/plexus/plexus-interactivity-api/1.0-alpha-4/plexus-interactivity-api-1.0-alpha-4.jar (13 kB at 72 kB/s)
[b517e868-610d-479b-aaa0-7b77321b99c0/build]   | [INFO] Downloading from central: https://repo.maven.apache.org/maven2/org/apache/maven/maven-model/2.0.6/maven-model-2.0.6.jar
[b517e868-610d-479b-aaa0-7b77321b99c0/build]   | [INFO] Downloaded from central: https://repo.maven.apache.org/maven2/org/apache/maven/maven-plugin-descriptor/2.0.6/maven-plugin-descriptor-2.0.6.jar (37 kB at 197 kB/s)
[b517e868-610d-479b-aaa0-7b77321b99c0/build]   | [INFO] Downloading from central: https://repo.maven.apache.org/maven2/org/apache/maven/maven-monitor/2.0.6/maven-monitor-2.0.6.jar
[b517e868-610d-479b-aaa0-7b77321b99c0/build]   | [INFO] Downloaded from central: https://repo.maven.apache.org/maven2/org/apache/maven/maven-artifact/2.0.6/maven-artifact-2.0.6.jar (87 kB at 420 kB/s)
[b517e868-610d-479b-aaa0-7b77321b99c0/build]   | [INFO] Downloading from central: https://repo.maven.apache.org/maven2/org/codehaus/plexus/plexus-container-default/1.0-alpha-9-stable-1/plexus-container-default-1.0-alpha-9-stable-1.jar
[b517e868-610d-479b-aaa0-7b77321b99c0/build]   | [INFO] Downloaded from central: https://repo.maven.apache.org/maven2/org/apache/maven/maven-core/2.0.6/maven-core-2.0.6.jar (152 kB at 719 kB/s)
[b517e868-610d-479b-aaa0-7b77321b99c0/build]   | [INFO] Downloading from central: https://repo.maven.apache.org/maven2/junit/junit/3.8.1/junit-3.8.1.jar
[b517e868-610d-479b-aaa0-7b77321b99c0/build]   | [INFO] Downloaded from central: https://repo.maven.apache.org/maven2/org/apache/maven/maven-model/2.0.6/maven-model-2.0.6.jar (86 kB at 409 kB/s)
[b517e868-610d-479b-aaa0-7b77321b99c0/build]   | [INFO] Downloading from central: https://repo.maven.apache.org/maven2/org/codehaus/plexus/plexus-utils/2.0.5/plexus-utils-2.0.5.jar
[b517e868-610d-479b-aaa0-7b77321b99c0/build]   | [INFO] Downloaded from central: https://repo.maven.apache.org/maven2/org/apache/maven/maven-monitor/2.0.6/maven-monitor-2.0.6.jar (10 kB at 45 kB/s)
[b517e868-610d-479b-aaa0-7b77321b99c0/build]   | [INFO] Downloading from central: https://repo.maven.apache.org/maven2/org/apache/maven/shared/maven-filtering/1.1/maven-filtering-1.1.jar
[b517e868-610d-479b-aaa0-7b77321b99c0/build]   | [INFO] Downloaded from central: https://repo.maven.apache.org/maven2/org/apache/maven/maven-settings/2.0.6/maven-settings-2.0.6.jar (49 kB at 213 kB/s)
[b517e868-610d-479b-aaa0-7b77321b99c0/build]   | [INFO] Downloading from central: https://repo.maven.apache.org/maven2/org/sonatype/plexus/plexus-build-api/0.0.4/plexus-build-api-0.0.4.jar
[b517e868-610d-479b-aaa0-7b77321b99c0/build]   | [INFO] Downloaded from central: https://repo.maven.apache.org/maven2/junit/junit/3.8.1/junit-3.8.1.jar (121 kB at 504 kB/s)
[b517e868-610d-479b-aaa0-7b77321b99c0/build]   | [INFO] Downloading from central: https://repo.maven.apache.org/maven2/org/codehaus/plexus/plexus-interpolation/1.13/plexus-interpolation-1.13.jar
[b517e868-610d-479b-aaa0-7b77321b99c0/build]   | [INFO] Downloaded from central: https://repo.maven.apache.org/maven2/org/apache/maven/shared/maven-filtering/1.1/maven-filtering-1.1.jar (43 kB at 175 kB/s)
[b517e868-610d-479b-aaa0-7b77321b99c0/build]   | [INFO] Downloaded from central: https://repo.maven.apache.org/maven2/org/sonatype/plexus/plexus-build-api/0.0.4/plexus-build-api-0.0.4.jar (6.8 kB at 28 kB/s)
[b517e868-610d-479b-aaa0-7b77321b99c0/build]   | [INFO] Downloaded from central: https://repo.maven.apache.org/maven2/org/codehaus/plexus/plexus-interpolation/1.13/plexus-interpolation-1.13.jar (61 kB at 225 kB/s)
[b517e868-610d-479b-aaa0-7b77321b99c0/build]   | [INFO] Downloaded from central: https://repo.maven.apache.org/maven2/org/codehaus/plexus/plexus-container-default/1.0-alpha-9-stable-1/plexus-container-default-1.0-alpha-9-stable-1.jar (194 kB at 670 kB/s)
[b517e868-610d-479b-aaa0-7b77321b99c0/build]   | [INFO] Downloaded from central: https://repo.maven.apache.org/maven2/org/codehaus/plexus/plexus-utils/2.0.5/plexus-utils-2.0.5.jar (223 kB at 770 kB/s)
[b517e868-610d-479b-aaa0-7b77321b99c0/build]   | [INFO] Using 'UTF-8' encoding to copy filtered resources.
[b517e868-610d-479b-aaa0-7b77321b99c0/build]   | [INFO] skip non existing resourceDirectory /tmp/323225a7-6571-4a6e-ad79-7e9caca4f83c/src/main/resources
[b517e868-610d-479b-aaa0-7b77321b99c0/build]   | [INFO] 
[b517e868-610d-479b-aaa0-7b77321b99c0/build]   | [INFO] --- maven-compiler-plugin:3.1:compile (default-compile) @ rtree ---
[b517e868-610d-479b-aaa0-7b77321b99c0/build]   | [INFO] Downloading from central: https://repo.maven.apache.org/maven2/org/apache/maven/maven-plugin-api/2.0.9/maven-plugin-api-2.0.9.pom
[b517e868-610d-479b-aaa0-7b77321b99c0/build]   | [INFO] Downloaded from central: https://repo.maven.apache.org/maven2/org/apache/maven/maven-plugin-api/2.0.9/maven-plugin-api-2.0.9.pom (1.5 kB at 35 kB/s)
[b517e868-610d-479b-aaa0-7b77321b99c0/build]   | [INFO] Downloading from central: https://repo.maven.apache.org/maven2/org/apache/maven/maven/2.0.9/maven-2.0.9.pom
[b517e868-610d-479b-aaa0-7b77321b99c0/build]   | [INFO] Downloaded from central: https://repo.maven.apache.org/maven2/org/apache/maven/maven/2.0.9/maven-2.0.9.pom (19 kB at 274 kB/s)
[b517e868-610d-479b-aaa0-7b77321b99c0/build]   | [INFO] Downloading from central: https://repo.maven.apache.org/maven2/org/apache/maven/maven-parent/8/maven-parent-8.pom
[b517e868-610d-479b-aaa0-7b77321b99c0/build]   | [INFO] Downloaded from central: https://repo.maven.apache.org/maven2/org/apache/maven/maven-parent/8/maven-parent-8.pom (24 kB at 447 kB/s)
[b517e868-610d-479b-aaa0-7b77321b99c0/build]   | [INFO] Downloading from central: https://repo.maven.apache.org/maven2/org/apache/maven/maven-artifact/2.0.9/maven-artifact-2.0.9.pom
[b517e868-610d-479b-aaa0-7b77321b99c0/build]   | [INFO] Downloaded from central: https://repo.maven.apache.org/maven2/org/apache/maven/maven-artifact/2.0.9/maven-artifact-2.0.9.pom (1.6 kB at 90 kB/s)
[b517e868-610d-479b-aaa0-7b77321b99c0/build]   | [INFO] Downloading from central: https://repo.maven.apache.org/maven2/org/codehaus/plexus/plexus-utils/1.5.1/plexus-utils-1.5.1.pom
[b517e868-610d-479b-aaa0-7b77321b99c0/build]   | [INFO] Downloaded from central: https://repo.maven.apache.org/maven2/org/codehaus/plexus/plexus-utils/1.5.1/plexus-utils-1.5.1.pom (2.3 kB at 46 kB/s)
[b517e868-610d-479b-aaa0-7b77321b99c0/build]   | [INFO] Downloading from central: https://repo.maven.apache.org/maven2/org/apache/maven/maven-core/2.0.9/maven-core-2.0.9.pom
[b517e868-610d-479b-aaa0-7b77321b99c0/build]   | [INFO] Downloaded from central: https://repo.maven.apache.org/maven2/org/apache/maven/maven-core/2.0.9/maven-core-2.0.9.pom (7.8 kB at 251 kB/s)
[b517e868-610d-479b-aaa0-7b77321b99c0/build]   | [INFO] Downloading from central: https://repo.maven.apache.org/maven2/org/apache/maven/maven-settings/2.0.9/maven-settings-2.0.9.pom
[b517e868-610d-479b-aaa0-7b77321b99c0/build]   | [INFO] Downloaded from central: https://repo.maven.apache.org/maven2/org/apache/maven/maven-settings/2.0.9/maven-settings-2.0.9.pom (2.1 kB at 89 kB/s)
[b517e868-610d-479b-aaa0-7b77321b99c0/build]   | [INFO] Downloading from central: https://repo.maven.apache.org/maven2/org/apache/maven/maven-model/2.0.9/maven-model-2.0.9.pom
[b517e868-610d-479b-aaa0-7b77321b99c0/build]   | [INFO] Downloaded from central: https://repo.maven.apache.org/maven2/org/apache/maven/maven-model/2.0.9/maven-model-2.0.9.pom (3.1 kB at 62 kB/s)
[b517e868-610d-479b-aaa0-7b77321b99c0/build]   | [INFO] Downloading from central: https://repo.maven.apache.org/maven2/org/apache/maven/maven-plugin-parameter-documenter/2.0.9/maven-plugin-parameter-documenter-2.0.9.pom
[b517e868-610d-479b-aaa0-7b77321b99c0/build]   | [INFO] Downloaded from central: https://repo.maven.apache.org/maven2/org/apache/maven/maven-plugin-parameter-documenter/2.0.9/maven-plugin-parameter-documenter-2.0.9.pom (2.0 kB at 123 kB/s)
[b517e868-610d-479b-aaa0-7b77321b99c0/build]   | [INFO] Downloading from central: https://repo.maven.apache.org/maven2/org/apache/maven/maven-profile/2.0.9/maven-profile-2.0.9.pom
[b517e868-610d-479b-aaa0-7b77321b99c0/build]   | [INFO] Downloaded from central: https://repo.maven.apache.org/maven2/org/apache/maven/maven-profile/2.0.9/maven-profile-2.0.9.pom (2.0 kB at 76 kB/s)
[b517e868-610d-479b-aaa0-7b77321b99c0/build]   | [INFO] Downloading from central: https://repo.maven.apache.org/maven2/org/apache/maven/maven-repository-metadata/2.0.9/maven-repository-metadata-2.0.9.pom
[b517e868-610d-479b-aaa0-7b77321b99c0/build]   | [INFO] Downloaded from central: https://repo.maven.apache.org/maven2/org/apache/maven/maven-repository-metadata/2.0.9/maven-repository-metadata-2.0.9.pom (1.9 kB at 79 kB/s)
[b517e868-610d-479b-aaa0-7b77321b99c0/build]   | [INFO] Downloading from central: https://repo.maven.apache.org/maven2/org/apache/maven/maven-error-diagnostics/2.0.9/maven-error-diagnostics-2.0.9.pom
[b517e868-610d-479b-aaa0-7b77321b99c0/build]   | [INFO] Downloaded from central: https://repo.maven.apache.org/maven2/org/apache/maven/maven-error-diagnostics/2.0.9/maven-error-diagnostics-2.0.9.pom (1.7 kB at 125 kB/s)
[b517e868-610d-479b-aaa0-7b77321b99c0/build]   | [INFO] Downloading from central: https://repo.maven.apache.org/maven2/org/apache/maven/maven-project/2.0.9/maven-project-2.0.9.pom
[b517e868-610d-479b-aaa0-7b77321b99c0/build]   | [INFO] Downloaded from central: https://repo.maven.apache.org/maven2/org/apache/maven/maven-project/2.0.9/maven-project-2.0.9.pom (2.7 kB at 82 kB/s)
[b517e868-610d-479b-aaa0-7b77321b99c0/build]   | [INFO] Downloading from central: https://repo.maven.apache.org/maven2/org/apache/maven/maven-artifact-manager/2.0.9/maven-artifact-manager-2.0.9.pom
[b517e868-610d-479b-aaa0-7b77321b99c0/build]   | [INFO] Downloaded from central: https://repo.maven.apache.org/maven2/org/apache/maven/maven-artifact-manager/2.0.9/maven-artifact-manager-2.0.9.pom (2.7 kB at 129 kB/s)
[b517e868-610d-479b-aaa0-7b77321b99c0/build]   | [INFO] Downloading from central: https://repo.maven.apache.org/maven2/org/apache/maven/maven-plugin-registry/2.0.9/maven-plugin-registry-2.0.9.pom
[b517e868-610d-479b-aaa0-7b77321b99c0/build]   | [INFO] Downloaded from central: https://repo.maven.apache.org/maven2/org/apache/maven/maven-plugin-registry/2.0.9/maven-plugin-registry-2.0.9.pom (2.0 kB at 55 kB/s)
[b517e868-610d-479b-aaa0-7b77321b99c0/build]   | [INFO] Downloading from central: https://repo.maven.apache.org/maven2/org/apache/maven/maven-plugin-descriptor/2.0.9/maven-plugin-descriptor-2.0.9.pom
[b517e868-610d-479b-aaa0-7b77321b99c0/build]   | [INFO] Downloaded from central: https://repo.maven.apache.org/maven2/org/apache/maven/maven-plugin-descriptor/2.0.9/maven-plugin-descriptor-2.0.9.pom (2.1 kB at 69 kB/s)
[b517e868-610d-479b-aaa0-7b77321b99c0/build]   | [INFO] Downloading from central: https://repo.maven.apache.org/maven2/org/apache/maven/maven-monitor/2.0.9/maven-monitor-2.0.9.pom
[b517e868-610d-479b-aaa0-7b77321b99c0/build]   | [INFO] Downloaded from central: https://repo.maven.apache.org/maven2/org/apache/maven/maven-monitor/2.0.9/maven-monitor-2.0.9.pom (1.3 kB at 64 kB/s)
[b517e868-610d-479b-aaa0-7b77321b99c0/build]   | [INFO] Downloading from central: https://repo.maven.apache.org/maven2/org/apache/maven/maven-toolchain/1.0/maven-toolchain-1.0.pom
[b517e868-610d-479b-aaa0-7b77321b99c0/build]   | [INFO] Downloaded from central: https://repo.maven.apache.org/maven2/org/apache/maven/maven-toolchain/1.0/maven-toolchain-1.0.pom (3.4 kB at 131 kB/s)
[b517e868-610d-479b-aaa0-7b77321b99c0/build]   | [INFO] Downloading from central: https://repo.maven.apache.org/maven2/org/apache/maven/shared/maven-shared-utils/0.1/maven-shared-utils-0.1.pom
[b517e868-610d-479b-aaa0-7b77321b99c0/build]   | [INFO] Downloaded from central: https://repo.maven.apache.org/maven2/org/apache/maven/shared/maven-shared-utils/0.1/maven-shared-utils-0.1.pom (4.0 kB at 70 kB/s)
[b517e868-610d-479b-aaa0-7b77321b99c0/build]   | [INFO] Downloading from central: https://repo.maven.apache.org/maven2/org/apache/maven/shared/maven-shared-components/18/maven-shared-components-18.pom
[b517e868-610d-479b-aaa0-7b77321b99c0/build]   | [INFO] Downloaded from central: https://repo.maven.apache.org/maven2/org/apache/maven/shared/maven-shared-components/18/maven-shared-components-18.pom (4.9 kB at 274 kB/s)
[b517e868-610d-479b-aaa0-7b77321b99c0/build]   | [INFO] Downloading from central: https://repo.maven.apache.org/maven2/org/apache/maven/shared/maven-shared-incremental/1.1/maven-shared-incremental-1.1.pom
[b517e868-610d-479b-aaa0-7b77321b99c0/build]   | [INFO] Downloaded from central: https://repo.maven.apache.org/maven2/org/apache/maven/shared/maven-shared-incremental/1.1/maven-shared-incremental-1.1.pom (4.7 kB at 339 kB/s)
[b517e868-610d-479b-aaa0-7b77321b99c0/build]   | [INFO] Downloading from central: https://repo.maven.apache.org/maven2/org/apache/maven/shared/maven-shared-components/19/maven-shared-components-19.pom
[b517e868-610d-479b-aaa0-7b77321b99c0/build]   | [INFO] Downloaded from central: https://repo.maven.apache.org/maven2/org/apache/maven/shared/maven-shared-components/19/maven-shared-components-19.pom (6.4 kB at 318 kB/s)
[b517e868-610d-479b-aaa0-7b77321b99c0/build]   | [INFO] Downloading from central: https://repo.maven.apache.org/maven2/org/apache/maven/maven-plugin-api/2.2.1/maven-plugin-api-2.2.1.pom
[b517e868-610d-479b-aaa0-7b77321b99c0/build]   | [INFO] Downloaded from central: https://repo.maven.apache.org/maven2/org/apache/maven/maven-plugin-api/2.2.1/maven-plugin-api-2.2.1.pom (1.5 kB at 146 kB/s)
[b517e868-610d-479b-aaa0-7b77321b99c0/build]   | [INFO] Downloading from central: https://repo.maven.apache.org/maven2/org/apache/maven/maven/2.2.1/maven-2.2.1.pom
[b517e868-610d-479b-aaa0-7b77321b99c0/build]   | [INFO] Downloaded from central: https://repo.maven.apache.org/maven2/org/apache/maven/maven/2.2.1/maven-2.2.1.pom (22 kB at 467 kB/s)
[b517e868-610d-479b-aaa0-7b77321b99c0/build]   | [INFO] Downloading from central: https://repo.maven.apache.org/maven2/org/apache/maven/maven-parent/11/maven-parent-11.pom
[b517e868-610d-479b-aaa0-7b77321b99c0/build]   | [INFO] Downloaded from central: https://repo.maven.apache.org/maven2/org/apache/maven/maven-parent/11/maven-parent-11.pom (32 kB at 2.3 MB/s)
[b517e868-610d-479b-aaa0-7b77321b99c0/build]   | [INFO] Downloading from central: https://repo.maven.apache.org/maven2/org/apache/apache/5/apache-5.pom
[b517e868-610d-479b-aaa0-7b77321b99c0/build]   | [INFO] Downloaded from central: https://repo.maven.apache.org/maven2/org/apache/apache/5/apache-5.pom (4.1 kB at 315 kB/s)
[b517e868-610d-479b-aaa0-7b77321b99c0/build]   | [INFO] Downloading from central: https://repo.maven.apache.org/maven2/org/apache/maven/maven-core/2.2.1/maven-core-2.2.1.pom
[b517e868-610d-479b-aaa0-7b77321b99c0/build]   | [INFO] Downloaded from central: https://repo.maven.apache.org/maven2/org/apache/maven/maven-core/2.2.1/maven-core-2.2.1.pom (12 kB at 1.1 MB/s)
[b517e868-610d-479b-aaa0-7b77321b99c0/build]   | [INFO] Downloading from central: https://repo.maven.apache.org/maven2/org/apache/maven/maven-settings/2.2.1/maven-settings-2.2.1.pom
[b517e868-610d-479b-aaa0-7b77321b99c0/build]   | [INFO] Downloaded from central: https://repo.maven.apache.org/maven2/org/apache/maven/maven-settings/2.2.1/maven-settings-2.2.1.pom (2.2 kB at 87 kB/s)
[b517e868-610d-479b-aaa0-7b77321b99c0/build]   | [INFO] Downloading from central: https://repo.maven.apache.org/maven2/org/apache/maven/maven-model/2.2.1/maven-model-2.2.1.pom
[b517e868-610d-479b-aaa0-7b77321b99c0/build]   | [INFO] Downloaded from central: https://repo.maven.apache.org/maven2/org/apache/maven/maven-model/2.2.1/maven-model-2.2.1.pom (3.2 kB at 81 kB/s)
[b517e868-610d-479b-aaa0-7b77321b99c0/build]   | [INFO] Downloading from central: https://repo.maven.apache.org/maven2/org/codehaus/plexus/plexus-interpolation/1.11/plexus-interpolation-1.11.pom
[b517e868-610d-479b-aaa0-7b77321b99c0/build]   | [INFO] Downloaded from central: https://repo.maven.apache.org/maven2/org/codehaus/plexus/plexus-interpolation/1.11/plexus-interpolation-1.11.pom (889 B at 24 kB/s)
[b517e868-610d-479b-aaa0-7b77321b99c0/build]   | [INFO] Downloading from central: https://repo.maven.apache.org/maven2/org/apache/maven/maven-plugin-parameter-documenter/2.2.1/maven-plugin-parameter-documenter-2.2.1.pom
[b517e868-610d-479b-aaa0-7b77321b99c0/build]   | [INFO] Downloaded from central: https://repo.maven.apache.org/maven2/org/apache/maven/maven-plugin-parameter-documenter/2.2.1/maven-plugin-parameter-documenter-2.2.1.pom (2.0 kB at 85 kB/s)
[b517e868-610d-479b-aaa0-7b77321b99c0/build]   | [INFO] Downloading from central: https://repo.maven.apache.org/maven2/org/slf4j/slf4j-jdk14/1.5.6/slf4j-jdk14-1.5.6.pom
[b517e868-610d-479b-aaa0-7b77321b99c0/build]   | [INFO] Downloaded from central: https://repo.maven.apache.org/maven2/org/slf4j/slf4j-jdk14/1.5.6/slf4j-jdk14-1.5.6.pom (1.9 kB at 28 kB/s)
[b517e868-610d-479b-aaa0-7b77321b99c0/build]   | [INFO] Downloading from central: https://repo.maven.apache.org/maven2/org/slf4j/slf4j-parent/1.5.6/slf4j-parent-1.5.6.pom
[b517e868-610d-479b-aaa0-7b77321b99c0/build]   | [INFO] Downloaded from central: https://repo.maven.apache.org/maven2/org/slf4j/slf4j-parent/1.5.6/slf4j-parent-1.5.6.pom (7.9 kB at 273 kB/s)
[b517e868-610d-479b-aaa0-7b77321b99c0/build]   | [INFO] Downloading from central: https://repo.maven.apache.org/maven2/org/slf4j/slf4j-api/1.5.6/slf4j-api-1.5.6.pom
[b517e868-610d-479b-aaa0-7b77321b99c0/build]   | [INFO] Downloaded from central: https://repo.maven.apache.org/maven2/org/slf4j/slf4j-api/1.5.6/slf4j-api-1.5.6.pom (3.0 kB at 111 kB/s)
[b517e868-610d-479b-aaa0-7b77321b99c0/build]   | [INFO] Downloading from central: https://repo.maven.apache.org/maven2/org/slf4j/jcl-over-slf4j/1.5.6/jcl-over-slf4j-1.5.6.pom
[b517e868-610d-479b-aaa0-7b77321b99c0/build]   | [INFO] Downloaded from central: https://repo.maven.apache.org/maven2/org/slf4j/jcl-over-slf4j/1.5.6/jcl-over-slf4j-1.5.6.pom (2.2 kB at 197 kB/s)
[b517e868-610d-479b-aaa0-7b77321b99c0/build]   | [INFO] Downloading from central: https://repo.maven.apache.org/maven2/org/apache/maven/maven-profile/2.2.1/maven-profile-2.2.1.pom
[b517e868-610d-479b-aaa0-7b77321b99c0/build]   | [INFO] Downloaded from central: https://repo.maven.apache.org/maven2/org/apache/maven/maven-profile/2.2.1/maven-profile-2.2.1.pom (2.2 kB at 60 kB/s)
[b517e868-610d-479b-aaa0-7b77321b99c0/build]   | [INFO] Downloading from central: https://repo.maven.apache.org/maven2/org/apache/maven/maven-artifact/2.2.1/maven-artifact-2.2.1.pom
[b517e868-610d-479b-aaa0-7b77321b99c0/build]   | [INFO] Downloaded from central: https://repo.maven.apache.org/maven2/org/apache/maven/maven-artifact/2.2.1/maven-artifact-2.2.1.pom (1.6 kB at 83 kB/s)
[b517e868-610d-479b-aaa0-7b77321b99c0/build]   | [INFO] Downloading from central: https://repo.maven.apache.org/maven2/org/apache/maven/maven-repository-metadata/2.2.1/maven-repository-metadata-2.2.1.pom
[b517e868-610d-479b-aaa0-7b77321b99c0/build]   | [INFO] Downloaded from central: https://repo.maven.apache.org/maven2/org/apache/maven/maven-repository-metadata/2.2.1/maven-repository-metadata-2.2.1.pom (1.9 kB at 81 kB/s)
[b517e868-610d-479b-aaa0-7b77321b99c0/build]   | [INFO] Downloading from central: https://repo.maven.apache.org/maven2/org/apache/maven/maven-error-diagnostics/2.2.1/maven-error-diagnostics-2.2.1.pom
[b517e868-610d-479b-aaa0-7b77321b99c0/build]   | [INFO] Downloaded from central: https://repo.maven.apache.org/maven2/org/apache/maven/maven-error-diagnostics/2.2.1/maven-error-diagnostics-2.2.1.pom (1.7 kB at 46 kB/s)
[b517e868-610d-479b-aaa0-7b77321b99c0/build]   | [INFO] Downloading from central: https://repo.maven.apache.org/maven2/org/apache/maven/maven-project/2.2.1/maven-project-2.2.1.pom
[b517e868-610d-479b-aaa0-7b77321b99c0/build]   | [INFO] Downloaded from central: https://repo.maven.apache.org/maven2/org/apache/maven/maven-project/2.2.1/maven-project-2.2.1.pom (2.8 kB at 231 kB/s)
[b517e868-610d-479b-aaa0-7b77321b99c0/build]   | [INFO] Downloading from central: https://repo.maven.apache.org/maven2/org/apache/maven/maven-artifact-manager/2.2.1/maven-artifact-manager-2.2.1.pom
[b517e868-610d-479b-aaa0-7b77321b99c0/build]   | [INFO] Downloaded from central: https://repo.maven.apache.org/maven2/org/apache/maven/maven-artifact-manager/2.2.1/maven-artifact-manager-2.2.1.pom (3.1 kB at 155 kB/s)
[b517e868-610d-479b-aaa0-7b77321b99c0/build]   | [INFO] Downloading from central: https://repo.maven.apache.org/maven2/backport-util-concurrent/backport-util-concurrent/3.1/backport-util-concurrent-3.1.pom
[b517e868-610d-479b-aaa0-7b77321b99c0/build]   | [INFO] Downloaded from central: https://repo.maven.apache.org/maven2/backport-util-concurrent/backport-util-concurrent/3.1/backport-util-concurrent-3.1.pom (880 B at 31 kB/s)
[b517e868-610d-479b-aaa0-7b77321b99c0/build]   | [INFO] Downloading from central: https://repo.maven.apache.org/maven2/org/apache/maven/maven-plugin-registry/2.2.1/maven-plugin-registry-2.2.1.pom
[b517e868-610d-479b-aaa0-7b77321b99c0/build]   | [INFO] Downloaded from central: https://repo.maven.apache.org/maven2/org/apache/maven/maven-plugin-registry/2.2.1/maven-plugin-registry-2.2.1.pom (1.9 kB at 113 kB/s)
[b517e868-610d-479b-aaa0-7b77321b99c0/build]   | [INFO] Downloading from central: https://repo.maven.apache.org/maven2/org/apache/maven/maven-plugin-descriptor/2.2.1/maven-plugin-descriptor-2.2.1.pom
[b517e868-610d-479b-aaa0-7b77321b99c0/build]   | [INFO] Downloaded from central: https://repo.maven.apache.org/maven2/org/apache/maven/maven-plugin-descriptor/2.2.1/maven-plugin-descriptor-2.2.1.pom (2.1 kB at 40 kB/s)
[b517e868-610d-479b-aaa0-7b77321b99c0/build]   | [INFO] Downloading from central: https://repo.maven.apache.org/maven2/org/apache/maven/maven-monitor/2.2.1/maven-monitor-2.2.1.pom
[b517e868-610d-479b-aaa0-7b77321b99c0/build]   | [INFO] Downloaded from central: https://repo.maven.apache.org/maven2/org/apache/maven/maven-monitor/2.2.1/maven-monitor-2.2.1.pom (1.3 kB at 66 kB/s)
[b517e868-610d-479b-aaa0-7b77321b99c0/build]   | [INFO] Downloading from central: https://repo.maven.apache.org/maven2/org/sonatype/plexus/plexus-sec-dispatcher/1.3/plexus-sec-dispatcher-1.3.pom
[b517e868-610d-479b-aaa0-7b77321b99c0/build]   | [INFO] Downloaded from central: https://repo.maven.apache.org/maven2/org/sonatype/plexus/plexus-sec-dispatcher/1.3/plexus-sec-dispatcher-1.3.pom (3.0 kB at 212 kB/s)
[b517e868-610d-479b-aaa0-7b77321b99c0/build]   | [INFO] Downloading from central: https://repo.maven.apache.org/maven2/org/codehaus/plexus/plexus-utils/1.5.5/plexus-utils-1.5.5.pom
[b517e868-610d-479b-aaa0-7b77321b99c0/build]   | [INFO] Downloaded from central: https://repo.maven.apache.org/maven2/org/codehaus/plexus/plexus-utils/1.5.5/plexus-utils-1.5.5.pom (5.1 kB at 92 kB/s)
[b517e868-610d-479b-aaa0-7b77321b99c0/build]   | [INFO] Downloading from central: https://repo.maven.apache.org/maven2/org/sonatype/plexus/plexus-cipher/1.4/plexus-cipher-1.4.pom
[b517e868-610d-479b-aaa0-7b77321b99c0/build]   | [INFO] Downloaded from central: https://repo.maven.apache.org/maven2/org/sonatype/plexus/plexus-cipher/1.4/plexus-cipher-1.4.pom (2.1 kB at 121 kB/s)
[b517e868-610d-479b-aaa0-7b77321b99c0/build]   | [INFO] Downloading from central: https://repo.maven.apache.org/maven2/org/codehaus/plexus/plexus-component-annotations/1.5.5/plexus-component-annotations-1.5.5.pom
[b517e868-610d-479b-aaa0-7b77321b99c0/build]   | [INFO] Downloaded from central: https://repo.maven.apache.org/maven2/org/codehaus/plexus/plexus-component-annotations/1.5.5/plexus-component-annotations-1.5.5.pom (815 B at 58 kB/s)
[b517e868-610d-479b-aaa0-7b77321b99c0/build]   | [INFO] Downloading from central: https://repo.maven.apache.org/maven2/org/codehaus/plexus/plexus-containers/1.5.5/plexus-containers-1.5.5.pom
[b517e868-610d-479b-aaa0-7b77321b99c0/build]   | [INFO] Downloaded from central: https://repo.maven.apache.org/maven2/org/codehaus/plexus/plexus-containers/1.5.5/plexus-containers-1.5.5.pom (4.2 kB at 54 kB/s)
[b517e868-610d-479b-aaa0-7b77321b99c0/build]   | [INFO] Downloading from central: https://repo.maven.apache.org/maven2/org/codehaus/plexus/plexus/2.0.7/plexus-2.0.7.pom
[b517e868-610d-479b-aaa0-7b77321b99c0/build]   | [INFO] Downloaded from central: https://repo.maven.apache.org/maven2/org/codehaus/plexus/plexus/2.0.7/plexus-2.0.7.pom (17 kB at 524 kB/s)
[b517e868-610d-479b-aaa0-7b77321b99c0/build]   | [INFO] Downloading from central: https://repo.maven.apache.org/maven2/org/codehaus/plexus/plexus-compiler-api/2.2/plexus-compiler-api-2.2.pom
[b517e868-610d-479b-aaa0-7b77321b99c0/build]   | [INFO] Downloaded from central: https://repo.maven.apache.org/maven2/org/codehaus/plexus/plexus-compiler-api/2.2/plexus-compiler-api-2.2.pom (865 B at 32 kB/s)
[b517e868-610d-479b-aaa0-7b77321b99c0/build]   | [INFO] Downloading from central: https://repo.maven.apache.org/maven2/org/codehaus/plexus/plexus-compiler/2.2/plexus-compiler-2.2.pom
[b517e868-610d-479b-aaa0-7b77321b99c0/build]   | [INFO] Downloaded from central: https://repo.maven.apache.org/maven2/org/codehaus/plexus/plexus-compiler/2.2/plexus-compiler-2.2.pom (3.6 kB at 190 kB/s)
[b517e868-610d-479b-aaa0-7b77321b99c0/build]   | [INFO] Downloading from central: https://repo.maven.apache.org/maven2/org/codehaus/plexus/plexus-components/1.3.1/plexus-components-1.3.1.pom
[b517e868-610d-479b-aaa0-7b77321b99c0/build]   | [INFO] Downloaded from central: https://repo.maven.apache.org/maven2/org/codehaus/plexus/plexus-components/1.3.1/plexus-components-1.3.1.pom (3.1 kB at 204 kB/s)
[b517e868-610d-479b-aaa0-7b77321b99c0/build]   | [INFO] Downloading from central: https://repo.maven.apache.org/maven2/org/codehaus/plexus/plexus/3.3.1/plexus-3.3.1.pom
[b517e868-610d-479b-aaa0-7b77321b99c0/build]   | [INFO] Downloaded from central: https://repo.maven.apache.org/maven2/org/codehaus/plexus/plexus/3.3.1/plexus-3.3.1.pom (20 kB at 1.1 MB/s)
[b517e868-610d-479b-aaa0-7b77321b99c0/build]   | [INFO] Downloading from central: https://repo.maven.apache.org/maven2/org/codehaus/plexus/plexus-compiler-manager/2.2/plexus-compiler-manager-2.2.pom
[b517e868-610d-479b-aaa0-7b77321b99c0/build]   | [INFO] Downloaded from central: https://repo.maven.apache.org/maven2/org/codehaus/plexus/plexus-compiler-manager/2.2/plexus-compiler-manager-2.2.pom (690 B at 9.6 kB/s)
[b517e868-610d-479b-aaa0-7b77321b99c0/build]   | [INFO] Downloading from central: https://repo.maven.apache.org/maven2/org/codehaus/plexus/plexus-compiler-javac/2.2/plexus-compiler-javac-2.2.pom
[b517e868-610d-479b-aaa0-7b77321b99c0/build]   | [INFO] Downloaded from central: https://repo.maven.apache.org/maven2/org/codehaus/plexus/plexus-compiler-javac/2.2/plexus-compiler-javac-2.2.pom (769 B at 37 kB/s)
[b517e868-610d-479b-aaa0-7b77321b99c0/build]   | [INFO] Downloading from central: https://repo.maven.apache.org/maven2/org/codehaus/plexus/plexus-compilers/2.2/plexus-compilers-2.2.pom
[b517e868-610d-479b-aaa0-7b77321b99c0/build]   | [INFO] Downloaded from central: https://repo.maven.apache.org/maven2/org/codehaus/plexus/plexus-compilers/2.2/plexus-compilers-2.2.pom (1.2 kB at 54 kB/s)
[b517e868-610d-479b-aaa0-7b77321b99c0/build]   | [INFO] Downloading from central: https://repo.maven.apache.org/maven2/org/codehaus/plexus/plexus-container-default/1.5.5/plexus-container-default-1.5.5.pom
[b517e868-610d-479b-aaa0-7b77321b99c0/build]   | [INFO] Downloaded from central: https://repo.maven.apache.org/maven2/org/codehaus/plexus/plexus-container-default/1.5.5/plexus-container-default-1.5.5.pom (2.8 kB at 63 kB/s)
[b517e868-610d-479b-aaa0-7b77321b99c0/build]   | [INFO] Downloading from central: https://repo.maven.apache.org/maven2/org/codehaus/plexus/plexus-utils/1.4.5/plexus-utils-1.4.5.pom
[b517e868-610d-479b-aaa0-7b77321b99c0/build]   | [INFO] Downloaded from central: https://repo.maven.apache.org/maven2/org/codehaus/plexus/plexus-utils/1.4.5/plexus-utils-1.4.5.pom (2.3 kB at 87 kB/s)
[b517e868-610d-479b-aaa0-7b77321b99c0/build]   | [INFO] Downloading from central: https://repo.maven.apache.org/maven2/org/codehaus/plexus/plexus-classworlds/2.2.2/plexus-classworlds-2.2.2.pom
[b517e868-610d-479b-aaa0-7b77321b99c0/build]   | [INFO] Downloaded from central: https://repo.maven.apache.org/maven2/org/codehaus/plexus/plexus-classworlds/2.2.2/plexus-classworlds-2.2.2.pom (4.0 kB at 106 kB/s)
[b517e868-610d-479b-aaa0-7b77321b99c0/build]   | [INFO] Downloading from central: https://repo.maven.apache.org/maven2/org/apache/xbean/xbean-reflect/3.4/xbean-reflect-3.4.pom
[b517e868-610d-479b-aaa0-7b77321b99c0/build]   | [INFO] Downloaded from central: https://repo.maven.apache.org/maven2/org/apache/xbean/xbean-reflect/3.4/xbean-reflect-3.4.pom (2.8 kB at 134 kB/s)
[b517e868-610d-479b-aaa0-7b77321b99c0/build]   | [INFO] Downloading from central: https://repo.maven.apache.org/maven2/org/apache/xbean/xbean/3.4/xbean-3.4.pom
[b517e868-610d-479b-aaa0-7b77321b99c0/build]   | [INFO] Downloaded from central: https://repo.maven.apache.org/maven2/org/apache/xbean/xbean/3.4/xbean-3.4.pom (19 kB at 1.5 MB/s)
[b517e868-610d-479b-aaa0-7b77321b99c0/build]   | [INFO] Downloading from central: https://repo.maven.apache.org/maven2/log4j/log4j/1.2.12/log4j-1.2.12.pom
[b517e868-610d-479b-aaa0-7b77321b99c0/build]   | [INFO] Downloaded from central: https://repo.maven.apache.org/maven2/log4j/log4j/1.2.12/log4j-1.2.12.pom (145 B at 3.0 kB/s)
[b517e868-610d-479b-aaa0-7b77321b99c0/build]   | [INFO] Downloading from central: https://repo.maven.apache.org/maven2/commons-logging/commons-logging-api/1.1/commons-logging-api-1.1.pom
[b517e868-610d-479b-aaa0-7b77321b99c0/build]   | [INFO] Downloaded from central: https://repo.maven.apache.org/maven2/commons-logging/commons-logging-api/1.1/commons-logging-api-1.1.pom (5.3 kB at 356 kB/s)
[b517e868-610d-479b-aaa0-7b77321b99c0/build]   | [INFO] Downloading from central: https://repo.maven.apache.org/maven2/com/google/collections/google-collections/1.0/google-collections-1.0.pom
[b517e868-610d-479b-aaa0-7b77321b99c0/build]   | [INFO] Downloaded from central: https://repo.maven.apache.org/maven2/com/google/collections/google-collections/1.0/google-collections-1.0.pom (2.5 kB at 69 kB/s)
[b517e868-610d-479b-aaa0-7b77321b99c0/build]   | [INFO] Downloading from central: https://repo.maven.apache.org/maven2/com/google/google/1/google-1.pom
[b517e868-610d-479b-aaa0-7b77321b99c0/build]   | [INFO] Downloaded from central: https://repo.maven.apache.org/maven2/com/google/google/1/google-1.pom (1.6 kB at 23 kB/s)
[b517e868-610d-479b-aaa0-7b77321b99c0/build]   | [INFO] Downloading from central: https://repo.maven.apache.org/maven2/junit/junit/3.8.2/junit-3.8.2.pom
[b517e868-610d-479b-aaa0-7b77321b99c0/build]   | [INFO] Downloaded from central: https://repo.maven.apache.org/maven2/junit/junit/3.8.2/junit-3.8.2.pom (747 B at 42 kB/s)
[b517e868-610d-479b-aaa0-7b77321b99c0/build]   | [INFO] Downloading from central: https://repo.maven.apache.org/maven2/org/apache/maven/maven-plugin-api/2.0.9/maven-plugin-api-2.0.9.jar
[b517e868-610d-479b-aaa0-7b77321b99c0/build]   | [INFO] Downloading from central: https://repo.maven.apache.org/maven2/org/apache/maven/maven-artifact/2.0.9/maven-artifact-2.0.9.jar
[b517e868-610d-479b-aaa0-7b77321b99c0/build]   | [INFO] Downloading from central: https://repo.maven.apache.org/maven2/org/codehaus/plexus/plexus-utils/1.5.1/plexus-utils-1.5.1.jar
[b517e868-610d-479b-aaa0-7b77321b99c0/build]   | [INFO] Downloading from central: https://repo.maven.apache.org/maven2/org/apache/maven/maven-core/2.0.9/maven-core-2.0.9.jar
[b517e868-610d-479b-aaa0-7b77321b99c0/build]   | [INFO] Downloading from central: https://repo.maven.apache.org/maven2/org/apache/maven/maven-settings/2.0.9/maven-settings-2.0.9.jar
[b517e868-610d-479b-aaa0-7b77321b99c0/build]   | [INFO] Downloaded from central: https://repo.maven.apache.org/maven2/org/apache/maven/maven-settings/2.0.9/maven-settings-2.0.9.jar (49 kB at 2.3 MB/s)
[b517e868-610d-479b-aaa0-7b77321b99c0/build]   | [INFO] Downloading from central: https://repo.maven.apache.org/maven2/org/apache/maven/maven-plugin-parameter-documenter/2.0.9/maven-plugin-parameter-documenter-2.0.9.jar
[b517e868-610d-479b-aaa0-7b77321b99c0/build]   | [INFO] Downloaded from central: https://repo.maven.apache.org/maven2/org/apache/maven/maven-plugin-parameter-documenter/2.0.9/maven-plugin-parameter-documenter-2.0.9.jar (21 kB at 696 kB/s)
[b517e868-610d-479b-aaa0-7b77321b99c0/build]   | [INFO] Downloading from central: https://repo.maven.apache.org/maven2/org/apache/maven/maven-profile/2.0.9/maven-profile-2.0.9.jar
[b517e868-610d-479b-aaa0-7b77321b99c0/build]   | [INFO] Downloaded from central: https://repo.maven.apache.org/maven2/org/apache/maven/maven-plugin-api/2.0.9/maven-plugin-api-2.0.9.jar (13 kB at 234 kB/s)
[b517e868-610d-479b-aaa0-7b77321b99c0/build]   | [INFO] Downloading from central: https://repo.maven.apache.org/maven2/org/apache/maven/maven-model/2.0.9/maven-model-2.0.9.jar
[b517e868-610d-479b-aaa0-7b77321b99c0/build]   | [INFO] Downloaded from central: https://repo.maven.apache.org/maven2/org/apache/maven/maven-profile/2.0.9/maven-profile-2.0.9.jar (35 kB at 520 kB/s)
[b517e868-610d-479b-aaa0-7b77321b99c0/build]   | [INFO] Downloading from central: https://repo.maven.apache.org/maven2/org/apache/maven/maven-repository-metadata/2.0.9/maven-repository-metadata-2.0.9.jar
[b517e868-610d-479b-aaa0-7b77321b99c0/build]   | [INFO] Downloaded from central: https://repo.maven.apache.org/maven2/org/apache/maven/maven-core/2.0.9/maven-core-2.0.9.jar (160 kB at 1.1 MB/s)
[b517e868-610d-479b-aaa0-7b77321b99c0/build]   | [INFO] Downloading from central: https://repo.maven.apache.org/maven2/org/apache/maven/maven-error-diagnostics/2.0.9/maven-error-diagnostics-2.0.9.jar
[b517e868-610d-479b-aaa0-7b77321b99c0/build]   | [INFO] Downloaded from central: https://repo.maven.apache.org/maven2/org/codehaus/plexus/plexus-utils/1.5.1/plexus-utils-1.5.1.jar (211 kB at 1.3 MB/s)
[b517e868-610d-479b-aaa0-7b77321b99c0/build]   | [INFO] Downloading from central: https://repo.maven.apache.org/maven2/org/apache/maven/maven-project/2.0.9/maven-project-2.0.9.jar
[b517e868-610d-479b-aaa0-7b77321b99c0/build]   | [INFO] Downloaded from central: https://repo.maven.apache.org/maven2/org/apache/maven/maven-error-diagnostics/2.0.9/maven-error-diagnostics-2.0.9.jar (14 kB at 85 kB/s)
[b517e868-610d-479b-aaa0-7b77321b99c0/build]   | [INFO] Downloading from central: https://repo.maven.apache.org/maven2/org/apache/maven/maven-plugin-registry/2.0.9/maven-plugin-registry-2.0.9.jar
[b517e868-610d-479b-aaa0-7b77321b99c0/build]   | [INFO] Downloaded from central: https://repo.maven.apache.org/maven2/org/apache/maven/maven-project/2.0.9/maven-project-2.0.9.jar (122 kB at 688 kB/s)
[b517e868-610d-479b-aaa0-7b77321b99c0/build]   | [INFO] Downloading from central: https://repo.maven.apache.org/maven2/org/apache/maven/maven-plugin-descriptor/2.0.9/maven-plugin-descriptor-2.0.9.jar
[b517e868-610d-479b-aaa0-7b77321b99c0/build]   | [INFO] Downloaded from central: https://repo.maven.apache.org/maven2/org/apache/maven/maven-plugin-descriptor/2.0.9/maven-plugin-descriptor-2.0.9.jar (37 kB at 174 kB/s)
[b517e868-610d-479b-aaa0-7b77321b99c0/build]   | [INFO] Downloading from central: https://repo.maven.apache.org/maven2/org/apache/maven/maven-artifact-manager/2.0.9/maven-artifact-manager-2.0.9.jar
[b517e868-610d-479b-aaa0-7b77321b99c0/build]   | [INFO] Downloaded from central: https://repo.maven.apache.org/maven2/org/apache/maven/maven-plugin-registry/2.0.9/maven-plugin-registry-2.0.9.jar (29 kB at 136 kB/s)
[b517e868-610d-479b-aaa0-7b77321b99c0/build]   | [INFO] Downloading from central: https://repo.maven.apache.org/maven2/org/apache/maven/maven-monitor/2.0.9/maven-monitor-2.0.9.jar
[b517e868-610d-479b-aaa0-7b77321b99c0/build]   | [INFO] Downloaded from central: https://repo.maven.apache.org/maven2/org/apache/maven/maven-monitor/2.0.9/maven-monitor-2.0.9.jar (10 kB at 45 kB/s)
[b517e868-610d-479b-aaa0-7b77321b99c0/build]   | [INFO] Downloading from central: https://repo.maven.apache.org/maven2/org/apache/maven/maven-toolchain/1.0/maven-toolchain-1.0.jar
[b517e868-610d-479b-aaa0-7b77321b99c0/build]   | [INFO] Downloaded from central: https://repo.maven.apache.org/maven2/org/apache/maven/maven-artifact-manager/2.0.9/maven-artifact-manager-2.0.9.jar (58 kB at 244 kB/s)
[b517e868-610d-479b-aaa0-7b77321b99c0/build]   | [INFO] Downloading from central: https://repo.maven.apache.org/maven2/org/apache/maven/shared/maven-shared-utils/0.1/maven-shared-utils-0.1.jar
[b517e868-610d-479b-aaa0-7b77321b99c0/build]   | [INFO] Downloaded from central: https://repo.maven.apache.org/maven2/org/apache/maven/maven-toolchain/1.0/maven-toolchain-1.0.jar (33 kB at 135 kB/s)
[b517e868-610d-479b-aaa0-7b77321b99c0/build]   | [INFO] Downloading from central: https://repo.maven.apache.org/maven2/org/apache/maven/shared/maven-shared-incremental/1.1/maven-shared-incremental-1.1.jar
[b517e868-610d-479b-aaa0-7b77321b99c0/build]   | [INFO] Downloaded from central: https://repo.maven.apache.org/maven2/org/apache/maven/shared/maven-shared-incremental/1.1/maven-shared-incremental-1.1.jar (14 kB at 50 kB/s)
[b517e868-610d-479b-aaa0-7b77321b99c0/build]   | [INFO] Downloading from central: https://repo.maven.apache.org/maven2/org/codehaus/plexus/plexus-component-annotations/1.5.5/plexus-component-annotations-1.5.5.jar
[b517e868-610d-479b-aaa0-7b77321b99c0/build]   | [INFO] Downloaded from central: https://repo.maven.apache.org/maven2/org/apache/maven/shared/maven-shared-utils/0.1/maven-shared-utils-0.1.jar (155 kB at 537 kB/s)
[b517e868-610d-479b-aaa0-7b77321b99c0/build]   | [INFO] Downloading from central: https://repo.maven.apache.org/maven2/org/codehaus/plexus/plexus-compiler-api/2.2/plexus-compiler-api-2.2.jar
[b517e868-610d-479b-aaa0-7b77321b99c0/build]   | [INFO] Downloaded from central: https://repo.maven.apache.org/maven2/org/apache/maven/maven-model/2.0.9/maven-model-2.0.9.jar (87 kB at 294 kB/s)
[b517e868-610d-479b-aaa0-7b77321b99c0/build]   | [INFO] Downloading from central: https://repo.maven.apache.org/maven2/org/codehaus/plexus/plexus-compiler-manager/2.2/plexus-compiler-manager-2.2.jar
[b517e868-610d-479b-aaa0-7b77321b99c0/build]   | [INFO] Downloaded from central: https://repo.maven.apache.org/maven2/org/codehaus/plexus/plexus-compiler-manager/2.2/plexus-compiler-manager-2.2.jar (4.6 kB at 13 kB/s)
[b517e868-610d-479b-aaa0-7b77321b99c0/build]   | [INFO] Downloading from central: https://repo.maven.apache.org/maven2/org/codehaus/plexus/plexus-compiler-javac/2.2/plexus-compiler-javac-2.2.jar
[b517e868-610d-479b-aaa0-7b77321b99c0/build]   | [INFO] Downloaded from central: https://repo.maven.apache.org/maven2/org/codehaus/plexus/plexus-compiler-api/2.2/plexus-compiler-api-2.2.jar (25 kB at 69 kB/s)
[b517e868-610d-479b-aaa0-7b77321b99c0/build]   | [INFO] Downloading from central: https://repo.maven.apache.org/maven2/org/codehaus/plexus/plexus-container-default/1.5.5/plexus-container-default-1.5.5.jar
[b517e868-610d-479b-aaa0-7b77321b99c0/build]   | [INFO] Downloaded from central: https://repo.maven.apache.org/maven2/org/codehaus/plexus/plexus-component-annotations/1.5.5/plexus-component-annotations-1.5.5.jar (4.2 kB at 12 kB/s)
[b517e868-610d-479b-aaa0-7b77321b99c0/build]   | [INFO] Downloading from central: https://repo.maven.apache.org/maven2/org/codehaus/plexus/plexus-classworlds/2.2.2/plexus-classworlds-2.2.2.jar
[b517e868-610d-479b-aaa0-7b77321b99c0/build]   | [INFO] Downloaded from central: https://repo.maven.apache.org/maven2/org/codehaus/plexus/plexus-compiler-javac/2.2/plexus-compiler-javac-2.2.jar (19 kB at 49 kB/s)
[b517e868-610d-479b-aaa0-7b77321b99c0/build]   | [INFO] Downloading from central: https://repo.maven.apache.org/maven2/org/apache/xbean/xbean-reflect/3.4/xbean-reflect-3.4.jar
[b517e868-610d-479b-aaa0-7b77321b99c0/build]   | [INFO] Downloaded from central: https://repo.maven.apache.org/maven2/org/apache/maven/maven-repository-metadata/2.0.9/maven-repository-metadata-2.0.9.jar (25 kB at 62 kB/s)
[b517e868-610d-479b-aaa0-7b77321b99c0/build]   | [INFO] Downloading from central: https://repo.maven.apache.org/maven2/log4j/log4j/1.2.12/log4j-1.2.12.jar
[b517e868-610d-479b-aaa0-7b77321b99c0/build]   | [INFO] Downloaded from central: https://repo.maven.apache.org/maven2/org/codehaus/plexus/plexus-classworlds/2.2.2/plexus-classworlds-2.2.2.jar (46 kB at 115 kB/s)
[b517e868-610d-479b-aaa0-7b77321b99c0/build]   | [INFO] Downloading from central: https://repo.maven.apache.org/maven2/commons-logging/commons-logging-api/1.1/commons-logging-api-1.1.jar
[b517e868-610d-479b-aaa0-7b77321b99c0/build]   | [INFO] Downloaded from central: https://repo.maven.apache.org/maven2/org/apache/maven/maven-artifact/2.0.9/maven-artifact-2.0.9.jar (89 kB at 158 kB/s)
[b517e868-610d-479b-aaa0-7b77321b99c0/build]   | [INFO] Downloading from central: https://repo.maven.apache.org/maven2/com/google/collections/google-collections/1.0/google-collections-1.0.jar
[b517e868-610d-479b-aaa0-7b77321b99c0/build]   | [INFO] Downloaded from central: https://repo.maven.apache.org/maven2/commons-logging/commons-logging-api/1.1/commons-logging-api-1.1.jar (45 kB at 80 kB/s)
[b517e868-610d-479b-aaa0-7b77321b99c0/build]   | [INFO] Downloading from central: https://repo.maven.apache.org/maven2/junit/junit/3.8.2/junit-3.8.2.jar
[b517e868-610d-479b-aaa0-7b77321b99c0/build]   | [INFO] Downloaded from central: https://repo.maven.apache.org/maven2/org/codehaus/plexus/plexus-container-default/1.5.5/plexus-container-default-1.5.5.jar (217 kB at 290 kB/s)
[b517e868-610d-479b-aaa0-7b77321b99c0/build]   | [INFO] Downloaded from central: https://repo.maven.apache.org/maven2/junit/junit/3.8.2/junit-3.8.2.jar (121 kB at 141 kB/s)
[b517e868-610d-479b-aaa0-7b77321b99c0/build]   | [INFO] Downloaded from central: https://repo.maven.apache.org/maven2/org/apache/xbean/xbean-reflect/3.4/xbean-reflect-3.4.jar (134 kB at 75 kB/s)
[b517e868-610d-479b-aaa0-7b77321b99c0/build]   | [INFO] Downloaded from central: https://repo.maven.apache.org/maven2/log4j/log4j/1.2.12/log4j-1.2.12.jar (358 kB at 104 kB/s)
[b517e868-610d-479b-aaa0-7b77321b99c0/build]   | [INFO] Downloaded from central: https://repo.maven.apache.org/maven2/com/google/collections/google-collections/1.0/google-collections-1.0.jar (640 kB at 164 kB/s)
[b517e868-610d-479b-aaa0-7b77321b99c0/build]   | [INFO] Nothing to compile - all classes are up to date
[b517e868-610d-479b-aaa0-7b77321b99c0/build]   | [INFO] 
[b517e868-610d-479b-aaa0-7b77321b99c0/build]   | [INFO] --- maven-resources-plugin:2.6:testResources (default-testResources) @ rtree ---
[b517e868-610d-479b-aaa0-7b77321b99c0/build]   | [INFO] Using 'UTF-8' encoding to copy filtered resources.
[b517e868-610d-479b-aaa0-7b77321b99c0/build]   | [INFO] Copying 2 resources
[b517e868-610d-479b-aaa0-7b77321b99c0/build]   | [INFO] 
[b517e868-610d-479b-aaa0-7b77321b99c0/build]   | [INFO] --- maven-compiler-plugin:3.1:testCompile (default-testCompile) @ rtree ---
[b517e868-610d-479b-aaa0-7b77321b99c0/build]   | [INFO] Changes detected - recompiling the module!
[b517e868-610d-479b-aaa0-7b77321b99c0/build]   | [INFO] Compiling 27 source files to /tmp/323225a7-6571-4a6e-ad79-7e9caca4f83c/target/test-classes
[b517e868-610d-479b-aaa0-7b77321b99c0/build]   | [INFO] 
[b517e868-610d-479b-aaa0-7b77321b99c0/build]   | [INFO] --- maven-surefire-plugin:2.12.4:test (default-test) @ rtree ---
[b517e868-610d-479b-aaa0-7b77321b99c0/build]   | [INFO] Downloading from central: https://repo.maven.apache.org/maven2/org/apache/maven/surefire/surefire-booter/2.12.4/surefire-booter-2.12.4.pom
[b517e868-610d-479b-aaa0-7b77321b99c0/build]   | [INFO] Downloaded from central: https://repo.maven.apache.org/maven2/org/apache/maven/surefire/surefire-booter/2.12.4/surefire-booter-2.12.4.pom (3.0 kB at 98 kB/s)
[b517e868-610d-479b-aaa0-7b77321b99c0/build]   | [INFO] Downloading from central: https://repo.maven.apache.org/maven2/org/apache/maven/surefire/surefire-api/2.12.4/surefire-api-2.12.4.pom
[b517e868-610d-479b-aaa0-7b77321b99c0/build]   | [INFO] Downloaded from central: https://repo.maven.apache.org/maven2/org/apache/maven/surefire/surefire-api/2.12.4/surefire-api-2.12.4.pom (2.5 kB at 61 kB/s)
[b517e868-610d-479b-aaa0-7b77321b99c0/build]   | [INFO] Downloading from central: https://repo.maven.apache.org/maven2/org/apache/maven/surefire/maven-surefire-common/2.12.4/maven-surefire-common-2.12.4.pom
[b517e868-610d-479b-aaa0-7b77321b99c0/build]   | [INFO] Downloaded from central: https://repo.maven.apache.org/maven2/org/apache/maven/surefire/maven-surefire-common/2.12.4/maven-surefire-common-2.12.4.pom (5.5 kB at 95 kB/s)
[b517e868-610d-479b-aaa0-7b77321b99c0/build]   | [INFO] Downloading from central: https://repo.maven.apache.org/maven2/org/apache/maven/plugin-tools/maven-plugin-annotations/3.1/maven-plugin-annotations-3.1.pom
[b517e868-610d-479b-aaa0-7b77321b99c0/build]   | [INFO] Downloaded from central: https://repo.maven.apache.org/maven2/org/apache/maven/plugin-tools/maven-plugin-annotations/3.1/maven-plugin-annotations-3.1.pom (1.6 kB at 62 kB/s)
[b517e868-610d-479b-aaa0-7b77321b99c0/build]   | [INFO] Downloading from central: https://repo.maven.apache.org/maven2/org/apache/maven/plugin-tools/maven-plugin-tools/3.1/maven-plugin-tools-3.1.pom
[b517e868-610d-479b-aaa0-7b77321b99c0/build]   | [INFO] Downloaded from central: https://repo.maven.apache.org/maven2/org/apache/maven/plugin-tools/maven-plugin-tools/3.1/maven-plugin-tools-3.1.pom (16 kB at 54 kB/s)
[b517e868-610d-479b-aaa0-7b77321b99c0/build]   | [INFO] Downloading from central: https://repo.maven.apache.org/maven2/org/apache/maven/reporting/maven-reporting-api/2.0.9/maven-reporting-api-2.0.9.pom
[b517e868-610d-479b-aaa0-7b77321b99c0/build]   | [INFO] Downloaded from central: https://repo.maven.apache.org/maven2/org/apache/maven/reporting/maven-reporting-api/2.0.9/maven-reporting-api-2.0.9.pom (1.8 kB at 64 kB/s)
[b517e868-610d-479b-aaa0-7b77321b99c0/build]   | [INFO] Downloading from central: https://repo.maven.apache.org/maven2/org/apache/maven/reporting/maven-reporting/2.0.9/maven-reporting-2.0.9.pom
[b517e868-610d-479b-aaa0-7b77321b99c0/build]   | [INFO] Downloaded from central: https://repo.maven.apache.org/maven2/org/apache/maven/reporting/maven-reporting/2.0.9/maven-reporting-2.0.9.pom (1.5 kB at 27 kB/s)
[b517e868-610d-479b-aaa0-7b77321b99c0/build]   | [INFO] Downloading from central: https://repo.maven.apache.org/maven2/org/apache/maven/maven-toolchain/2.0.9/maven-toolchain-2.0.9.pom
[b517e868-610d-479b-aaa0-7b77321b99c0/build]   | [INFO] Downloaded from central: https://repo.maven.apache.org/maven2/org/apache/maven/maven-toolchain/2.0.9/maven-toolchain-2.0.9.pom (3.5 kB at 85 kB/s)
[b517e868-610d-479b-aaa0-7b77321b99c0/build]   | [INFO] Downloading from central: https://repo.maven.apache.org/maven2/org/apache/commons/commons-lang3/3.1/commons-lang3-3.1.pom
[b517e868-610d-479b-aaa0-7b77321b99c0/build]   | [INFO] Downloaded from central: https://repo.maven.apache.org/maven2/org/apache/commons/commons-lang3/3.1/commons-lang3-3.1.pom (17 kB at 46 kB/s)
[b517e868-610d-479b-aaa0-7b77321b99c0/build]   | [INFO] Downloading from central: https://repo.maven.apache.org/maven2/org/apache/maven/shared/maven-common-artifact-filters/1.3/maven-common-artifact-filters-1.3.pom
[b517e868-610d-479b-aaa0-7b77321b99c0/build]   | [INFO] Downloaded from central: https://repo.maven.apache.org/maven2/org/apache/maven/shared/maven-common-artifact-filters/1.3/maven-common-artifact-filters-1.3.pom (3.7 kB at 176 kB/s)
[b517e868-610d-479b-aaa0-7b77321b99c0/build]   | [INFO] Downloading from central: https://repo.maven.apache.org/maven2/org/apache/maven/shared/maven-shared-components/12/maven-shared-components-12.pom
[b517e868-610d-479b-aaa0-7b77321b99c0/build]   | [INFO] Downloaded from central: https://repo.maven.apache.org/maven2/org/apache/maven/shared/maven-shared-components/12/maven-shared-components-12.pom (9.3 kB at 176 kB/s)
[b517e868-610d-479b-aaa0-7b77321b99c0/build]   | [INFO] Downloading from central: https://repo.maven.apache.org/maven2/org/apache/maven/maven-parent/13/maven-parent-13.pom
[b517e868-610d-479b-aaa0-7b77321b99c0/build]   | [INFO] Downloaded from central: https://repo.maven.apache.org/maven2/org/apache/maven/maven-parent/13/maven-parent-13.pom (23 kB at 72 kB/s)
[b517e868-610d-479b-aaa0-7b77321b99c0/build]   | [INFO] Downloading from central: https://repo.maven.apache.org/maven2/org/apache/apache/6/apache-6.pom
[b517e868-610d-479b-aaa0-7b77321b99c0/build]   | [INFO] Downloaded from central: https://repo.maven.apache.org/maven2/org/apache/apache/6/apache-6.pom (13 kB at 129 kB/s)
[b517e868-610d-479b-aaa0-7b77321b99c0/build]   | [INFO] Downloading from central: https://repo.maven.apache.org/maven2/org/codehaus/plexus/plexus-container-default/1.0-alpha-9/plexus-container-default-1.0-alpha-9.pom
[b517e868-610d-479b-aaa0-7b77321b99c0/build]   | [INFO] Downloaded from central: https://repo.maven.apache.org/maven2/org/codehaus/plexus/plexus-container-default/1.0-alpha-9/plexus-container-default-1.0-alpha-9.pom (1.2 kB at 52 kB/s)
[b517e868-610d-479b-aaa0-7b77321b99c0/build]   | [INFO] Downloading from central: https://repo.maven.apache.org/maven2/org/apache/maven/surefire/surefire-booter/2.12.4/surefire-booter-2.12.4.jar
[b517e868-610d-479b-aaa0-7b77321b99c0/build]   | [INFO] Downloading from central: https://repo.maven.apache.org/maven2/org/apache/maven/surefire/surefire-api/2.12.4/surefire-api-2.12.4.jar
[b517e868-610d-479b-aaa0-7b77321b99c0/build]   | [INFO] Downloading from central: https://repo.maven.apache.org/maven2/org/apache/maven/surefire/maven-surefire-common/2.12.4/maven-surefire-common-2.12.4.jar
[b517e868-610d-479b-aaa0-7b77321b99c0/build]   | [INFO] Downloading from central: https://repo.maven.apache.org/maven2/org/apache/commons/commons-lang3/3.1/commons-lang3-3.1.jar
[b517e868-610d-479b-aaa0-7b77321b99c0/build]   | [INFO] Downloading from central: https://repo.maven.apache.org/maven2/org/apache/maven/shared/maven-common-artifact-filters/1.3/maven-common-artifact-filters-1.3.jar
[b517e868-610d-479b-aaa0-7b77321b99c0/build]   | [INFO] Downloaded from central: https://repo.maven.apache.org/maven2/org/apache/maven/shared/maven-common-artifact-filters/1.3/maven-common-artifact-filters-1.3.jar (31 kB at 471 kB/s)
[b517e868-610d-479b-aaa0-7b77321b99c0/build]   | [INFO] Downloading from central: https://repo.maven.apache.org/maven2/org/apache/maven/reporting/maven-reporting-api/2.0.9/maven-reporting-api-2.0.9.jar
[b517e868-610d-479b-aaa0-7b77321b99c0/build]   | [INFO] Downloaded from central: https://repo.maven.apache.org/maven2/org/apache/maven/reporting/maven-reporting-api/2.0.9/maven-reporting-api-2.0.9.jar (10 kB at 111 kB/s)
[b517e868-610d-479b-aaa0-7b77321b99c0/build]   | [INFO] Downloading from central: https://repo.maven.apache.org/maven2/org/apache/maven/maven-toolchain/2.0.9/maven-toolchain-2.0.9.jar
[b517e868-610d-479b-aaa0-7b77321b99c0/build]   | [INFO] Downloaded from central: https://repo.maven.apache.org/maven2/org/apache/maven/surefire/surefire-booter/2.12.4/surefire-booter-2.12.4.jar (35 kB at 365 kB/s)
[b517e868-610d-479b-aaa0-7b77321b99c0/build]   | [INFO] Downloading from central: https://repo.maven.apache.org/maven2/org/apache/maven/plugin-tools/maven-plugin-annotations/3.1/maven-plugin-annotations-3.1.jar
[b517e868-610d-479b-aaa0-7b77321b99c0/build]   | [INFO] Downloaded from central: https://repo.maven.apache.org/maven2/org/apache/maven/plugin-tools/maven-plugin-annotations/3.1/maven-plugin-annotations-3.1.jar (14 kB at 108 kB/s)
[b517e868-610d-479b-aaa0-7b77321b99c0/build]   | [INFO] Downloaded from central: https://repo.maven.apache.org/maven2/org/apache/maven/maven-toolchain/2.0.9/maven-toolchain-2.0.9.jar (38 kB at 292 kB/s)
[b517e868-610d-479b-aaa0-7b77321b99c0/build]   | [INFO] Downloaded from central: https://repo.maven.apache.org/maven2/org/apache/maven/surefire/surefire-api/2.12.4/surefire-api-2.12.4.jar (118 kB at 764 kB/s)
[b517e868-610d-479b-aaa0-7b77321b99c0/build]   | [INFO] Downloaded from central: https://repo.maven.apache.org/maven2/org/apache/maven/surefire/maven-surefire-common/2.12.4/maven-surefire-common-2.12.4.jar (263 kB at 1.3 MB/s)
[b517e868-610d-479b-aaa0-7b77321b99c0/build]   | [INFO] Downloaded from central: https://repo.maven.apache.org/maven2/org/apache/commons/commons-lang3/3.1/commons-lang3-3.1.jar (316 kB at 1.4 MB/s)
[b517e868-610d-479b-aaa0-7b77321b99c0/build]   | [INFO] Surefire report directory: /tmp/323225a7-6571-4a6e-ad79-7e9caca4f83c/target/surefire-reports
[b517e868-610d-479b-aaa0-7b77321b99c0/build]   | [INFO] Downloading from central: https://repo.maven.apache.org/maven2/org/apache/maven/surefire/surefire-junit4/2.12.4/surefire-junit4-2.12.4.pom
[b517e868-610d-479b-aaa0-7b77321b99c0/build]   | [INFO] Downloaded from central: https://repo.maven.apache.org/maven2/org/apache/maven/surefire/surefire-junit4/2.12.4/surefire-junit4-2.12.4.pom (2.4 kB at 142 kB/s)
[b517e868-610d-479b-aaa0-7b77321b99c0/build]   | [INFO] Downloading from central: https://repo.maven.apache.org/maven2/org/apache/maven/surefire/surefire-providers/2.12.4/surefire-providers-2.12.4.pom
[b517e868-610d-479b-aaa0-7b77321b99c0/build]   | [INFO] Downloaded from central: https://repo.maven.apache.org/maven2/org/apache/maven/surefire/surefire-providers/2.12.4/surefire-providers-2.12.4.pom (2.3 kB at 391 kB/s)
[b517e868-610d-479b-aaa0-7b77321b99c0/build]   | [INFO] Downloading from central: https://repo.maven.apache.org/maven2/org/apache/maven/surefire/surefire-junit4/2.12.4/surefire-junit4-2.12.4.jar
[b517e868-610d-479b-aaa0-7b77321b99c0/build]   | [INFO] Downloaded from central: https://repo.maven.apache.org/maven2/org/apache/maven/surefire/surefire-junit4/2.12.4/surefire-junit4-2.12.4.jar (37 kB at 393 kB/s)
[b517e868-610d-479b-aaa0-7b77321b99c0/build]   | 
[b517e868-610d-479b-aaa0-7b77321b99c0/build]   | -------------------------------------------------------
[b517e868-610d-479b-aaa0-7b77321b99c0/build]   |  T E S T S
[b517e868-610d-479b-aaa0-7b77321b99c0/build]   | -------------------------------------------------------
[b517e868-610d-479b-aaa0-7b77321b99c0/build]   | Running com.github.davidmoten.rtree.LatLongExampleTest
[b517e868-610d-479b-aaa0-7b77321b99c0/build]   | Tests run: 2, Failures: 0, Errors: 0, Skipped: 0, Time elapsed: 0.106 sec
[b517e868-610d-479b-aaa0-7b77321b99c0/build]   | Running com.github.davidmoten.rtree.NonLeafTest
[b517e868-610d-479b-aaa0-7b77321b99c0/build]   | Tests run: 1, Failures: 0, Errors: 0, Skipped: 0, Time elapsed: 0 sec
[b517e868-610d-479b-aaa0-7b77321b99c0/build]   | Running com.github.davidmoten.rtree.BackpressureTest
[b517e868-610d-479b-aaa0-7b77321b99c0/build]   | Tests run: 11, Failures: 0, Errors: 0, Skipped: 0, Time elapsed: 0.106 sec
[b517e868-610d-479b-aaa0-7b77321b99c0/build]   | Running com.github.davidmoten.rtree.UtilTest
[b517e868-610d-479b-aaa0-7b77321b99c0/build]   | Tests run: 1, Failures: 0, Errors: 0, Skipped: 0, Time elapsed: 0 sec
[b517e868-610d-479b-aaa0-7b77321b99c0/build]   | Running com.github.davidmoten.rtree.RTreeTest
[b517e868-610d-479b-aaa0-7b77321b99c0/build]   | point(59.0,91.0), value=1
[b517e868-610d-479b-aaa0-7b77321b99c0/build]   | point(86.0,14.0), value=2
[b517e868-610d-479b-aaa0-7b77321b99c0/build]   | point(36.0,60.0), value=3
[b517e868-610d-479b-aaa0-7b77321b99c0/build]   | point(57.0,36.0), value=4
[b517e868-610d-479b-aaa0-7b77321b99c0/build]   | point(14.0,37.0), value=5
[b517e868-610d-479b-aaa0-7b77321b99c0/build]   | mbr=Rectangle [x1=14.0, y1=14.0, x2=86.0, y2=91.0]
[b517e868-610d-479b-aaa0-7b77321b99c0/build]   |   mbr=Rectangle [x1=36.0, y1=60.0, x2=59.0, y2=91.0]
[b517e868-610d-479b-aaa0-7b77321b99c0/build]   |     entry=Entry [value=1, geometry=Point [x=59.0, y=91.0]]
[b517e868-610d-479b-aaa0-7b77321b99c0/build]   |     entry=Entry [value=3, geometry=Point [x=36.0, y=60.0]]
[b517e868-610d-479b-aaa0-7b77321b99c0/build]   |   mbr=Rectangle [x1=14.0, y1=14.0, x2=86.0, y2=37.0]
[b517e868-610d-479b-aaa0-7b77321b99c0/build]   |     entry=Entry [value=5, geometry=Point [x=14.0, y=37.0]]
[b517e868-610d-479b-aaa0-7b77321b99c0/build]   |     entry=Entry [value=4, geometry=Point [x=57.0, y=36.0]]
[b517e868-610d-479b-aaa0-7b77321b99c0/build]   |     entry=Entry [value=2, geometry=Point [x=86.0, y=14.0]]
[b517e868-610d-479b-aaa0-7b77321b99c0/build]   | 
[b517e868-610d-479b-aaa0-7b77321b99c0/build]   | searching Rectangle [x1=13.0, y1=23.0, x2=50.0, y2=80.0]
[b517e868-610d-479b-aaa0-7b77321b99c0/build]   | [Entry [value=java.lang.Object@44040454, geometry=Point [x=1.0, y=1.0]], Entry [value=java.lang.Object@44040454, geometry=Point [x=2.0, y=2.0]], Entry [value=java.lang.Object@44040454, geometry=Point [x=3.0, y=3.0]], Entry [value=java.lang.Object@44040454, geometry=Point [x=4.0, y=4.0]]]
[b517e868-610d-479b-aaa0-7b77321b99c0/build]   | found=22
[b517e868-610d-479b-aaa0-7b77321b99c0/build]   | mbr=Rectangle [x1=1.0, y1=1.0, x2=10.0, y2=10.0]
[b517e868-610d-479b-aaa0-7b77321b99c0/build]   |   mbr=Rectangle [x1=1.0, y1=7.0, x2=9.0, y2=10.0]
[b517e868-610d-479b-aaa0-7b77321b99c0/build]   |     mbr=Rectangle [x1=1.0, y1=9.0, x2=9.0, y2=10.0]
[b517e868-610d-479b-aaa0-7b77321b99c0/build]   |       entry=Entry [value=2, geometry=Point [x=2.0, y=10.0]]
[b517e868-610d-479b-aaa0-7b77321b99c0/build]   |       entry=Entry [value=1, geometry=Point [x=1.0, y=9.0]]
[b517e868-610d-479b-aaa0-7b77321b99c0/build]   |       entry=Entry [value=5, geometry=Point [x=9.0, y=10.0]]
[b517e868-610d-479b-aaa0-7b77321b99c0/build]   |     mbr=Rectangle [x1=4.0, y1=7.0, x2=6.0, y2=8.0]
[b517e868-610d-479b-aaa0-7b77321b99c0/build]   |       entry=Entry [value=3, geometry=Point [x=4.0, y=8.0]]
[b517e868-610d-479b-aaa0-7b77321b99c0/build]   |       entry=Entry [value=4, geometry=Point [x=6.0, y=7.0]]
[b517e868-610d-479b-aaa0-7b77321b99c0/build]   |   mbr=Rectangle [x1=3.0, y1=1.0, x2=10.0, y2=6.0]
[b517e868-610d-479b-aaa0-7b77321b99c0/build]   |     mbr=Rectangle [x1=5.0, y1=4.0, x2=10.0, y2=6.0]
[b517e868-610d-479b-aaa0-7b77321b99c0/build]   |       entry=Entry [value=6, geometry=Point [x=7.0, y=5.0]]
[b517e868-610d-479b-aaa0-7b77321b99c0/build]   |       entry=Entry [value=7, geometry=Point [x=5.0, y=6.0]]
[b517e868-610d-479b-aaa0-7b77321b99c0/build]   |       entry=Entry [value=11, geometry=Point [x=10.0, y=4.0]]
[b517e868-610d-479b-aaa0-7b77321b99c0/build]   |     mbr=Rectangle [x1=3.0, y1=2.0, x2=4.0, y2=3.0]
[b517e868-610d-479b-aaa0-7b77321b99c0/build]   |       entry=Entry [value=8, geometry=Point [x=4.0, y=3.0]]
[b517e868-610d-479b-aaa0-7b77321b99c0/build]   |       entry=Entry [value=9, geometry=Point [x=3.0, y=2.0]]
[b517e868-610d-479b-aaa0-7b77321b99c0/build]   |     mbr=Rectangle [x1=6.0, y1=1.0, x2=9.0, y2=3.0]
[b517e868-610d-479b-aaa0-7b77321b99c0/build]   |       entry=Entry [value=10, geometry=Point [x=9.0, y=1.0]]
[b517e868-610d-479b-aaa0-7b77321b99c0/build]   |       entry=Entry [value=12, geometry=Point [x=6.0, y=2.0]]
[b517e868-610d-479b-aaa0-7b77321b99c0/build]   |       entry=Entry [value=13, geometry=Point [x=8.0, y=3.0]]
[b517e868-610d-479b-aaa0-7b77321b99c0/build]   | 
[b517e868-610d-479b-aaa0-7b77321b99c0/build]   | mbr=Rectangle [x1=1.0, y1=1.0, x2=10.0, y2=10.0]
[b517e868-610d-479b-aaa0-7b77321b99c0/build]   |   mbr=Rectangle [x1=1.0, y1=7.0, x2=9.0, y2=10.0]
[b517e868-610d-479b-aaa0-7b77321b99c0/build]   |     mbr=Rectangle [x1=1.0, y1=9.0, x2=9.0, y2=10.0]
[b517e868-610d-479b-aaa0-7b77321b99c0/build]   |       entry=Entry [value=2, geometry=Point [x=2.0, y=10.0]]
[b517e868-610d-479b-aaa0-7b77321b99c0/build]   |       entry=Entry [value=1, geometry=Point [x=1.0, y=9.0]]
[b517e868-610d-479b-aaa0-7b77321b99c0/build]   |       entry=Entry [value=5, geometry=Point [x=9.0, y=10.0]]
[b517e868-610d-479b-aaa0-7b77321b99c0/build]   |     mbr=Rectangle [x1=4.0, y1=7.0, x2=6.0, y2=8.0]
[b517e868-610d-479b-aaa0-7b77321b99c0/build]   |       entry=Entry [value=3, geometry=Point [x=4.0, y=8.0]]
[b517e868-610d-479b-aaa0-7b77321b99c0/build]   |       entry=Entry [value=4, geometry=Point [x=6.0, y=7.0]]
[b517e868-610d-479b-aaa0-7b77321b99c0/build]   |   mbr=Rectangle [x1=3.0, y1=1.0, x2=10.0, y2=6.0]
[b517e868-610d-479b-aaa0-7b77321b99c0/build]   |     mbr=Rectangle [x1=5.0, y1=4.0, x2=10.0, y2=6.0]
[b517e868-610d-479b-aaa0-7b77321b99c0/build]   |       entry=Entry [value=6, geometry=Point [x=7.0, y=5.0]]
[b517e868-610d-479b-aaa0-7b77321b99c0/build]   |       entry=Entry [value=7, geometry=Point [x=5.0, y=6.0]]
[b517e868-610d-479b-aaa0-7b77321b99c0/build]   |       entry=Entry [value=11, geometry=Point [x=10.0, y=4.0]]
[b517e868-610d-479b-aaa0-7b77321b99c0/build]   |     mbr=Rectangle [x1=3.0, y1=2.0, x2=4.0, y2=3.0]
[b517e868-610d-479b-aaa0-7b77321b99c0/build]   |       entry=Entry [value=8, geometry=Point [x=4.0, y=3.0]]
[b517e868-610d-479b-aaa0-7b77321b99c0/build]   |       entry=Entry [value=9, geometry=Point [x=3.0, y=2.0]]
[b517e868-610d-479b-aaa0-7b77321b99c0/build]   |     mbr=Rectangle [x1=6.0, y1=1.0, x2=9.0, y2=3.0]
[b517e868-610d-479b-aaa0-7b77321b99c0/build]   |       entry=Entry [value=10, geometry=Point [x=9.0, y=1.0]]
[b517e868-610d-479b-aaa0-7b77321b99c0/build]   |       entry=Entry [value=12, geometry=Point [x=6.0, y=2.0]]
[b517e868-610d-479b-aaa0-7b77321b99c0/build]   |       entry=Entry [value=13, geometry=Point [x=8.0, y=3.0]]
[b517e868-610d-479b-aaa0-7b77321b99c0/build]   | 
[b517e868-610d-479b-aaa0-7b77321b99c0/build]   | point(28.0,19.0), value=1
[b517e868-610d-479b-aaa0-7b77321b99c0/build]   | point(29.0,4.0), value=2
[b517e868-610d-479b-aaa0-7b77321b99c0/build]   | point(10.0,63.0), value=3
[b517e868-610d-479b-aaa0-7b77321b99c0/build]   | point(34.0,85.0), value=4
[b517e868-610d-479b-aaa0-7b77321b99c0/build]   | point(62.0,45.0), value=5
[b517e868-610d-479b-aaa0-7b77321b99c0/build]   | mbr=Rectangle [x1=10.0, y1=4.0, x2=62.0, y2=85.0]
[b517e868-610d-479b-aaa0-7b77321b99c0/build]   |   mbr=Rectangle [x1=28.0, y1=4.0, x2=34.0, y2=85.0]
[b517e868-610d-479b-aaa0-7b77321b99c0/build]   |     entry=Entry [value=2, geometry=Point [x=29.0, y=4.0]]
[b517e868-610d-479b-aaa0-7b77321b99c0/build]   |     entry=Entry [value=1, geometry=Point [x=28.0, y=19.0]]
[b517e868-610d-479b-aaa0-7b77321b99c0/build]   |     entry=Entry [value=4, geometry=Point [x=34.0, y=85.0]]
[b517e868-610d-479b-aaa0-7b77321b99c0/build]   |   mbr=Rectangle [x1=10.0, y1=45.0, x2=62.0, y2=63.0]
[b517e868-610d-479b-aaa0-7b77321b99c0/build]   |     entry=Entry [value=5, geometry=Point [x=62.0, y=45.0]]
[b517e868-610d-479b-aaa0-7b77321b99c0/build]   |     entry=Entry [value=3, geometry=Point [x=10.0, y=63.0]]
[b517e868-610d-479b-aaa0-7b77321b99c0/build]   | 
[b517e868-610d-479b-aaa0-7b77321b99c0/build]   | searching Rectangle [x1=10.0, y1=10.0, x2=50.0, y2=50.0]
[b517e868-610d-479b-aaa0-7b77321b99c0/build]   | inserts/second = 163934.42622950822
[b517e868-610d-479b-aaa0-7b77321b99c0/build]   | found Entry [value=java.lang.Object@1921b43c, geometry=Rectangle [x1=482.85916, y1=470.01123, x2=483.85916, y2=471.01123]]
[b517e868-610d-479b-aaa0-7b77321b99c0/build]   | time to get nearest with 10000 entries=0
[b517e868-610d-479b-aaa0-7b77321b99c0/build]   | Tests run: 68, Failures: 0, Errors: 0, Skipped: 0, Time elapsed: 7.791 sec
[b517e868-610d-479b-aaa0-7b77321b99c0/build]   | Running com.github.davidmoten.rtree.SplitterRStarTest
[b517e868-610d-479b-aaa0-7b77321b99c0/build]   | Tests run: 1, Failures: 0, Errors: 0, Skipped: 0, Time elapsed: 0.001 sec
[b517e868-610d-479b-aaa0-7b77321b99c0/build]   | Running com.github.davidmoten.rtree.OnSubscribeSearchTest
[b517e868-610d-479b-aaa0-7b77321b99c0/build]   | Tests run: 2, Failures: 0, Errors: 0, Skipped: 0, Time elapsed: 0 sec
[b517e868-610d-479b-aaa0-7b77321b99c0/build]   | Running com.github.davidmoten.rtree.geometry.RectangleTest
[b517e868-610d-479b-aaa0-7b77321b99c0/build]   | Tests run: 22, Failures: 0, Errors: 0, Skipped: 0, Time elapsed: 0.01 sec
[b517e868-610d-479b-aaa0-7b77321b99c0/build]   | Running com.github.davidmoten.rtree.geometry.IntersectsTest
[b517e868-610d-479b-aaa0-7b77321b99c0/build]   | Tests run: 3, Failures: 0, Errors: 0, Skipped: 0, Time elapsed: 0 sec
[b517e868-610d-479b-aaa0-7b77321b99c0/build]   | Running com.github.davidmoten.rtree.geometry.PointTest
[b517e868-610d-479b-aaa0-7b77321b99c0/build]   | Tests run: 10, Failures: 0, Errors: 0, Skipped: 0, Time elapsed: 0 sec
[b517e868-610d-479b-aaa0-7b77321b99c0/build]   | Running com.github.davidmoten.rtree.geometry.GeometriesTest
[b517e868-610d-479b-aaa0-7b77321b99c0/build]   | Tests run: 17, Failures: 1, Errors: 0, Skipped: 0, Time elapsed: 0.001 sec <<< FAILURE!
[b517e868-610d-479b-aaa0-7b77321b99c0/build]   | testNormalizeLongitude3_2(com.github.davidmoten.rtree.geometry.GeometriesTest)  Time elapsed: 0.001 sec  <<< FAILURE!
[b517e868-610d-479b-aaa0-7b77321b99c0/build]   | java.lang.AssertionError: expected:<-180.0> but was:<180.0>
[b517e868-610d-479b-aaa0-7b77321b99c0/build]   | 	at org.junit.Assert.fail(Assert.java:88)
[b517e868-610d-479b-aaa0-7b77321b99c0/build]   | 	at org.junit.Assert.failNotEquals(Assert.java:834)
[b517e868-610d-479b-aaa0-7b77321b99c0/build]   | 	at org.junit.Assert.assertEquals(Assert.java:553)
[b517e868-610d-479b-aaa0-7b77321b99c0/build]   | 	at org.junit.Assert.assertEquals(Assert.java:683)
[b517e868-610d-479b-aaa0-7b77321b99c0/build]   | 	at com.github.davidmoten.rtree.geometry.GeometriesTest.testNormalizeLongitude3_2(GeometriesTest.java:40)
[b517e868-610d-479b-aaa0-7b77321b99c0/build]   | 	at sun.reflect.NativeMethodAccessorImpl.invoke0(Native Method)
[b517e868-610d-479b-aaa0-7b77321b99c0/build]   | 	at sun.reflect.NativeMethodAccessorImpl.invoke(NativeMethodAccessorImpl.java:62)
[b517e868-610d-479b-aaa0-7b77321b99c0/build]   | 	at sun.reflect.DelegatingMethodAccessorImpl.invoke(DelegatingMethodAccessorImpl.java:43)
[b517e868-610d-479b-aaa0-7b77321b99c0/build]   | 	at java.lang.reflect.Method.invoke(Method.java:498)
[b517e868-610d-479b-aaa0-7b77321b99c0/build]   | 	at org.junit.runners.model.FrameworkMethod$1.runReflectiveCall(FrameworkMethod.java:50)
[b517e868-610d-479b-aaa0-7b77321b99c0/build]   | 	at org.junit.internal.runners.model.ReflectiveCallable.run(ReflectiveCallable.java:12)
[b517e868-610d-479b-aaa0-7b77321b99c0/build]   | 	at org.junit.runners.model.FrameworkMethod.invokeExplosively(FrameworkMethod.java:47)
[b517e868-610d-479b-aaa0-7b77321b99c0/build]   | 	at org.junit.internal.runners.statements.InvokeMethod.evaluate(InvokeMethod.java:17)
[b517e868-610d-479b-aaa0-7b77321b99c0/build]   | 	at org.junit.runners.ParentRunner.runLeaf(ParentRunner.java:325)
[b517e868-610d-479b-aaa0-7b77321b99c0/build]   | 	at org.junit.runners.BlockJUnit4ClassRunner.runChild(BlockJUnit4ClassRunner.java:78)
[b517e868-610d-479b-aaa0-7b77321b99c0/build]   | 	at org.junit.runners.BlockJUnit4ClassRunner.runChild(BlockJUnit4ClassRunner.java:57)
[b517e868-610d-479b-aaa0-7b77321b99c0/build]   | 	at org.junit.runners.ParentRunner$3.run(ParentRunner.java:290)
[b517e868-610d-479b-aaa0-7b77321b99c0/build]   | 	at org.junit.runners.ParentRunner$1.schedule(ParentRunner.java:71)
[b517e868-610d-479b-aaa0-7b77321b99c0/build]   | 	at org.junit.runners.ParentRunner.runChildren(ParentRunner.java:288)
[b517e868-610d-479b-aaa0-7b77321b99c0/build]   | 	at org.junit.runners.ParentRunner.access$000(ParentRunner.java:58)
[b517e868-610d-479b-aaa0-7b77321b99c0/build]   | 	at org.junit.runners.ParentRunner$2.evaluate(ParentRunner.java:268)
[b517e868-610d-479b-aaa0-7b77321b99c0/build]   | 	at org.junit.runners.ParentRunner.run(ParentRunner.java:363)
[b517e868-610d-479b-aaa0-7b77321b99c0/build]   | 	at org.apache.maven.surefire.junit4.JUnit4Provider.execute(JUnit4Provider.java:252)
[b517e868-610d-479b-aaa0-7b77321b99c0/build]   | 	at org.apache.maven.surefire.junit4.JUnit4Provider.executeTestSet(JUnit4Provider.java:141)
[b517e868-610d-479b-aaa0-7b77321b99c0/build]   | 	at org.apache.maven.surefire.junit4.JUnit4Provider.invoke(JUnit4Provider.java:112)
[b517e868-610d-479b-aaa0-7b77321b99c0/build]   | 	at sun.reflect.NativeMethodAccessorImpl.invoke0(Native Method)
[b517e868-610d-479b-aaa0-7b77321b99c0/build]   | 	at sun.reflect.NativeMethodAccessorImpl.invoke(NativeMethodAccessorImpl.java:62)
[b517e868-610d-479b-aaa0-7b77321b99c0/build]   | 	at sun.reflect.DelegatingMethodAccessorImpl.invoke(DelegatingMethodAccessorImpl.java:43)
[b517e868-610d-479b-aaa0-7b77321b99c0/build]   | 	at java.lang.reflect.Method.invoke(Method.java:498)
[b517e868-610d-479b-aaa0-7b77321b99c0/build]   | 	at org.apache.maven.surefire.util.ReflectionUtils.invokeMethodWithArray(ReflectionUtils.java:189)
[b517e868-610d-479b-aaa0-7b77321b99c0/build]   | 	at org.apache.maven.surefire.booter.ProviderFactory$ProviderProxy.invoke(ProviderFactory.java:165)
[b517e868-610d-479b-aaa0-7b77321b99c0/build]   | 	at org.apache.maven.surefire.booter.ProviderFactory.invokeProvider(ProviderFactory.java:85)
[b517e868-610d-479b-aaa0-7b77321b99c0/build]   | 	at org.apache.maven.surefire.booter.ForkedBooter.runSuitesInProcess(ForkedBooter.java:115)
[b517e868-610d-479b-aaa0-7b77321b99c0/build]   | 	at org.apache.maven.surefire.booter.ForkedBooter.main(ForkedBooter.java:75)
[b517e868-610d-479b-aaa0-7b77321b99c0/build]   | 
[b517e868-610d-479b-aaa0-7b77321b99c0/build]   | Running com.github.davidmoten.rtree.geometry.CircleTest
[b517e868-610d-479b-aaa0-7b77321b99c0/build]   | Tests run: 18, Failures: 0, Errors: 0, Skipped: 0, Time elapsed: 0.006 sec
[b517e868-610d-479b-aaa0-7b77321b99c0/build]   | Running com.github.davidmoten.rtree.LeafTest
[b517e868-610d-479b-aaa0-7b77321b99c0/build]   | Tests run: 2, Failures: 0, Errors: 0, Skipped: 0, Time elapsed: 0 sec
[b517e868-610d-479b-aaa0-7b77321b99c0/build]   | Running com.github.davidmoten.rtree.QuadraticSplitterTest
[b517e868-610d-479b-aaa0-7b77321b99c0/build]   | Tests run: 10, Failures: 0, Errors: 0, Skipped: 0, Time elapsed: 0 sec
[b517e868-610d-479b-aaa0-7b77321b99c0/build]   | Running com.github.davidmoten.rtree.ComparatorsTest
[b517e868-610d-479b-aaa0-7b77321b99c0/build]   | Tests run: 1, Failures: 0, Errors: 0, Skipped: 0, Time elapsed: 0 sec
[b517e868-610d-479b-aaa0-7b77321b99c0/build]   | Running com.github.davidmoten.rtree.ContextTest
[b517e868-610d-479b-aaa0-7b77321b99c0/build]   | Tests run: 6, Failures: 0, Errors: 0, Skipped: 0, Time elapsed: 0 sec
[b517e868-610d-479b-aaa0-7b77321b99c0/build]   | Running com.github.davidmoten.rtree.EntryTest
[b517e868-610d-479b-aaa0-7b77321b99c0/build]   | Tests run: 5, Failures: 0, Errors: 0, Skipped: 0, Time elapsed: 0 sec
[b517e868-610d-479b-aaa0-7b77321b99c0/build]   | Running com.github.davidmoten.rtree.FunctionsTest
[b517e868-610d-479b-aaa0-7b77321b99c0/build]   | Tests run: 1, Failures: 0, Errors: 0, Skipped: 0, Time elapsed: 0 sec
[b517e868-610d-479b-aaa0-7b77321b99c0/build]   | Running com.github.davidmoten.rx.operators.OperatorBoundedPriorityQueueTest
[b517e868-610d-479b-aaa0-7b77321b99c0/build]   | Tests run: 6, Failures: 0, Errors: 0, Skipped: 0, Time elapsed: 0 sec
[b517e868-610d-479b-aaa0-7b77321b99c0/build]   | Running com.github.davidmoten.util.ImmutableStackTest
[b517e868-610d-479b-aaa0-7b77321b99c0/build]   | Tests run: 12, Failures: 0, Errors: 0, Skipped: 0, Time elapsed: 0 sec
[b517e868-610d-479b-aaa0-7b77321b99c0/build]   | Running com.github.davidmoten.util.ObjectsHelperTest
[b517e868-610d-479b-aaa0-7b77321b99c0/build]   | Tests run: 4, Failures: 0, Errors: 0, Skipped: 0, Time elapsed: 0 sec
[b517e868-610d-479b-aaa0-7b77321b99c0/build]   | 
[b517e868-610d-479b-aaa0-7b77321b99c0/build]   | Results :
[b517e868-610d-479b-aaa0-7b77321b99c0/build]   | 
[b517e868-610d-479b-aaa0-7b77321b99c0/build]   | Failed tests:   testNormalizeLongitude3_2(com.github.davidmoten.rtree.geometry.GeometriesTest): expected:<-180.0> but was:<180.0>
[b517e868-610d-479b-aaa0-7b77321b99c0/build]   | 
[b517e868-610d-479b-aaa0-7b77321b99c0/build]   | Tests run: 203, Failures: 1, Errors: 0, Skipped: 0
[b517e868-610d-479b-aaa0-7b77321b99c0/build]   | 
[b517e868-610d-479b-aaa0-7b77321b99c0/build]   | [INFO] ------------------------------------------------------------------------
[b517e868-610d-479b-aaa0-7b77321b99c0/build]   | [INFO] BUILD FAILURE
[b517e868-610d-479b-aaa0-7b77321b99c0/build]   | [INFO] ------------------------------------------------------------------------
[b517e868-610d-479b-aaa0-7b77321b99c0/build]   | [INFO] Total time:  43.234 s
[b517e868-610d-479b-aaa0-7b77321b99c0/build]   | [INFO] Finished at: 2023-07-11T21:17:01Z
[b517e868-610d-479b-aaa0-7b77321b99c0/build]   | [INFO] ------------------------------------------------------------------------
[b517e868-610d-479b-aaa0-7b77321b99c0/build]   | [ERROR] Failed to execute goal org.apache.maven.plugins:maven-surefire-plugin:2.12.4:test (default-test) on project rtree: There are test failures.
[b517e868-610d-479b-aaa0-7b77321b99c0/build]   | [ERROR] 
[b517e868-610d-479b-aaa0-7b77321b99c0/build]   | [ERROR] Please refer to /tmp/323225a7-6571-4a6e-ad79-7e9caca4f83c/target/surefire-reports for the individual test results.
[b517e868-610d-479b-aaa0-7b77321b99c0/build]   | [ERROR] -> [Help 1]
[b517e868-610d-479b-aaa0-7b77321b99c0/build]   | [ERROR] 
[b517e868-610d-479b-aaa0-7b77321b99c0/build]   | [ERROR] To see the full stack trace of the errors, re-run Maven with the -e switch.
[b517e868-610d-479b-aaa0-7b77321b99c0/build]   | [ERROR] Re-run Maven using the -X switch to enable full debug logging.
[b517e868-610d-479b-aaa0-7b77321b99c0/build]   | [ERROR] 
[b517e868-610d-479b-aaa0-7b77321b99c0/build]   | [ERROR] For more information about the errors and possible solutions, please read the following articles:
[b517e868-610d-479b-aaa0-7b77321b99c0/build]   | [ERROR] [Help 1] http://cwiki.apache.org/confluence/display/MAVEN/MojoFailureException
[b517e868-610d-479b-aaa0-7b77321b99c0/build]   ‚ùå  Failure - Main Build with Maven
[b517e868-610d-479b-aaa0-7b77321b99c0/build] exitcode '1': failure
[b517e868-610d-479b-aaa0-7b77321b99c0/build] unable to get git ref: failed to identify reference (tag/branch) for the checked-out revision 'bcd1193fbf765eda32b94e2d54b09e978ad39cc6'
[b517e868-610d-479b-aaa0-7b77321b99c0/build] unable to get git ref: failed to identify reference (tag/branch) for the checked-out revision 'bcd1193fbf765eda32b94e2d54b09e978ad39cc6'
[b517e868-610d-479b-aaa0-7b77321b99c0/build] unable to get git ref: failed to identify reference (tag/branch) for the checked-out revision 'bcd1193fbf765eda32b94e2d54b09e978ad39cc6'
[b517e868-610d-479b-aaa0-7b77321b99c0/build] unable to get git ref: failed to identify reference (tag/branch) for the checked-out revision 'bcd1193fbf765eda32b94e2d54b09e978ad39cc6'
[b517e868-610d-479b-aaa0-7b77321b99c0/build] unable to get git ref: failed to identify reference (tag/branch) for the checked-out revision 'bcd1193fbf765eda32b94e2d54b09e978ad39cc6'
[b517e868-610d-479b-aaa0-7b77321b99c0/build] unable to get git ref: failed to identify reference (tag/branch) for the checked-out revision 'bcd1193fbf765eda32b94e2d54b09e978ad39cc6'
[b517e868-610d-479b-aaa0-7b77321b99c0/build] unable to get git ref: failed to identify reference (tag/branch) for the checked-out revision 'bcd1193fbf765eda32b94e2d54b09e978ad39cc6'
[b517e868-610d-479b-aaa0-7b77321b99c0/build] unable to get git ref: failed to identify reference (tag/branch) for the checked-out revision 'bcd1193fbf765eda32b94e2d54b09e978ad39cc6'
[b517e868-610d-479b-aaa0-7b77321b99c0/build] unable to get git ref: failed to identify reference (tag/branch) for the checked-out revision 'bcd1193fbf765eda32b94e2d54b09e978ad39cc6'
[b517e868-610d-479b-aaa0-7b77321b99c0/build] unable to get git ref: failed to identify reference (tag/branch) for the checked-out revision 'bcd1193fbf765eda32b94e2d54b09e978ad39cc6'
[b517e868-610d-479b-aaa0-7b77321b99c0/build] ‚≠ê Run Post Set up JDK 8
[b517e868-610d-479b-aaa0-7b77321b99c0/build]   üê≥  docker exec cmd=[node /var/run/act/actions/actions-setup-java@v2/dist/cleanup/index.js] user= workdir=
[b517e868-610d-479b-aaa0-7b77321b99c0/build]   ‚úÖ  Success - Post Set up JDK 8
[b517e868-610d-479b-aaa0-7b77321b99c0/build] üèÅ  Job failed
[b517e868-610d-479b-aaa0-7b77321b99c0/build] unable to get git ref: failed to identify reference (tag/branch) for the checked-out revision 'bcd1193fbf765eda32b94e2d54b09e978ad39cc6'
