[0a95ec07-25c6-491b-9348-b7cdd7149fdd/build] üöÄ  Start image=crawlergpt:latest
[0a95ec07-25c6-491b-9348-b7cdd7149fdd/build]   üê≥  docker pull image=crawlergpt:latest platform= username= forcePull=false
[0a95ec07-25c6-491b-9348-b7cdd7149fdd/build]   üê≥  docker create image=crawlergpt:latest platform= entrypoint=["tail" "-f" "/dev/null"] cmd=[]
[0a95ec07-25c6-491b-9348-b7cdd7149fdd/build]   üê≥  docker run image=crawlergpt:latest platform= entrypoint=["tail" "-f" "/dev/null"] cmd=[]
[0a95ec07-25c6-491b-9348-b7cdd7149fdd/build]   üê≥  docker exec cmd=[chown -R 1012:1013 /tmp/f4eca57b-51ca-4f8a-80a0-d115aff3aba4] user=0 workdir=
[0a95ec07-25c6-491b-9348-b7cdd7149fdd/build] unable to get git ref: failed to identify reference (tag/branch) for the checked-out revision 'a5f290980d83c3d6fa5405cd17a66e4e7f56278d'
[0a95ec07-25c6-491b-9348-b7cdd7149fdd/build] unable to get git ref: failed to identify reference (tag/branch) for the checked-out revision 'a5f290980d83c3d6fa5405cd17a66e4e7f56278d'
[0a95ec07-25c6-491b-9348-b7cdd7149fdd/build] unable to get git ref: failed to identify reference (tag/branch) for the checked-out revision 'a5f290980d83c3d6fa5405cd17a66e4e7f56278d'
[0a95ec07-25c6-491b-9348-b7cdd7149fdd/build] unable to get git ref: failed to identify reference (tag/branch) for the checked-out revision 'a5f290980d83c3d6fa5405cd17a66e4e7f56278d'
[0a95ec07-25c6-491b-9348-b7cdd7149fdd/build] unable to get git ref: failed to identify reference (tag/branch) for the checked-out revision 'a5f290980d83c3d6fa5405cd17a66e4e7f56278d'
[0a95ec07-25c6-491b-9348-b7cdd7149fdd/build] unable to get git ref: failed to identify reference (tag/branch) for the checked-out revision 'a5f290980d83c3d6fa5405cd17a66e4e7f56278d'
[0a95ec07-25c6-491b-9348-b7cdd7149fdd/build] unable to get git ref: failed to identify reference (tag/branch) for the checked-out revision 'a5f290980d83c3d6fa5405cd17a66e4e7f56278d'
[0a95ec07-25c6-491b-9348-b7cdd7149fdd/build] unable to get git ref: failed to identify reference (tag/branch) for the checked-out revision 'a5f290980d83c3d6fa5405cd17a66e4e7f56278d'
[0a95ec07-25c6-491b-9348-b7cdd7149fdd/build] unable to get git ref: failed to identify reference (tag/branch) for the checked-out revision 'a5f290980d83c3d6fa5405cd17a66e4e7f56278d'
[0a95ec07-25c6-491b-9348-b7cdd7149fdd/build] ‚≠ê Run Main actions/checkout@v2
[0a95ec07-25c6-491b-9348-b7cdd7149fdd/build] unable to get git ref: failed to identify reference (tag/branch) for the checked-out revision 'a5f290980d83c3d6fa5405cd17a66e4e7f56278d'
[0a95ec07-25c6-491b-9348-b7cdd7149fdd/build]   ‚úÖ  Success - Main actions/checkout@v2
[0a95ec07-25c6-491b-9348-b7cdd7149fdd/build] unable to get git ref: failed to identify reference (tag/branch) for the checked-out revision 'a5f290980d83c3d6fa5405cd17a66e4e7f56278d'
[0a95ec07-25c6-491b-9348-b7cdd7149fdd/build] unable to get git ref: failed to identify reference (tag/branch) for the checked-out revision 'a5f290980d83c3d6fa5405cd17a66e4e7f56278d'
[0a95ec07-25c6-491b-9348-b7cdd7149fdd/build] unable to get git ref: failed to identify reference (tag/branch) for the checked-out revision 'a5f290980d83c3d6fa5405cd17a66e4e7f56278d'
[0a95ec07-25c6-491b-9348-b7cdd7149fdd/build] unable to get git ref: failed to identify reference (tag/branch) for the checked-out revision 'a5f290980d83c3d6fa5405cd17a66e4e7f56278d'
[0a95ec07-25c6-491b-9348-b7cdd7149fdd/build] unable to get git ref: failed to identify reference (tag/branch) for the checked-out revision 'a5f290980d83c3d6fa5405cd17a66e4e7f56278d'
[0a95ec07-25c6-491b-9348-b7cdd7149fdd/build] ‚≠ê Run Main Set up JDK 1.8
[0a95ec07-25c6-491b-9348-b7cdd7149fdd/build] unable to get git ref: failed to identify reference (tag/branch) for the checked-out revision 'a5f290980d83c3d6fa5405cd17a66e4e7f56278d'
[0a95ec07-25c6-491b-9348-b7cdd7149fdd/build] unable to get git ref: failed to identify reference (tag/branch) for the checked-out revision 'a5f290980d83c3d6fa5405cd17a66e4e7f56278d'
[0a95ec07-25c6-491b-9348-b7cdd7149fdd/build] unable to get git ref: failed to identify reference (tag/branch) for the checked-out revision 'a5f290980d83c3d6fa5405cd17a66e4e7f56278d'
[0a95ec07-25c6-491b-9348-b7cdd7149fdd/build]   üê≥  docker cp src=/tmp/act-cache/2d54429d-9af5-4554-9c93-450e1e746663/act/actions-setup-java@v1/ dst=/var/run/act/actions/actions-setup-java@v1/
[0a95ec07-25c6-491b-9348-b7cdd7149fdd/build]   üê≥  docker exec cmd=[chown -R 1012:1013 /var/run/act/actions/actions-setup-java@v1/] user=0 workdir=
[0a95ec07-25c6-491b-9348-b7cdd7149fdd/build]   üê≥  docker exec cmd=[node /var/run/act/actions/actions-setup-java@v1/dist/setup/index.js] user= workdir=
[0a95ec07-25c6-491b-9348-b7cdd7149fdd/build]   üí¨  ::debug::isExplicit: 
[0a95ec07-25c6-491b-9348-b7cdd7149fdd/build]   üí¨  ::debug::explicit? false
[0a95ec07-25c6-491b-9348-b7cdd7149fdd/build]   üí¨  ::debug::evaluating 0 versions
[0a95ec07-25c6-491b-9348-b7cdd7149fdd/build]   üí¨  ::debug::match not found
[0a95ec07-25c6-491b-9348-b7cdd7149fdd/build]   üí¨  ::debug::Downloading JDK from Azul
[0a95ec07-25c6-491b-9348-b7cdd7149fdd/build]   üí¨  ::debug::Searching for files with extension: -linux_x64.tar.gz
[0a95ec07-25c6-491b-9348-b7cdd7149fdd/build]   üí¨  ::debug::Downloading https://static.azul.com/zulu/bin/zulu8.70.0.23-ca-jdk8.0.372-linux_x64.tar.gz
[0a95ec07-25c6-491b-9348-b7cdd7149fdd/build]   üí¨  ::debug::Downloading /tmp/6cdeeefa-6799-47e9-b8d6-8df574182866
[0a95ec07-25c6-491b-9348-b7cdd7149fdd/build]   üí¨  ::debug::download complete
[0a95ec07-25c6-491b-9348-b7cdd7149fdd/build]   | [command]/usr/bin/tar --version
[0a95ec07-25c6-491b-9348-b7cdd7149fdd/build]   | tar (GNU tar) 1.30
[0a95ec07-25c6-491b-9348-b7cdd7149fdd/build]   | Copyright (C) 2017 Free Software Foundation, Inc.
[0a95ec07-25c6-491b-9348-b7cdd7149fdd/build]   | License GPLv3+: GNU GPL version 3 or later <https://gnu.org/licenses/gpl.html>.
[0a95ec07-25c6-491b-9348-b7cdd7149fdd/build]   | This is free software: you are free to change and redistribute it.
[0a95ec07-25c6-491b-9348-b7cdd7149fdd/build]   | There is NO WARRANTY, to the extent permitted by law.
[0a95ec07-25c6-491b-9348-b7cdd7149fdd/build]   | 
[0a95ec07-25c6-491b-9348-b7cdd7149fdd/build]   | Written by John Gilmore and Jay Fenlason.
[0a95ec07-25c6-491b-9348-b7cdd7149fdd/build]   | [command]/usr/bin/tar xz --warning=no-unknown-keyword -C /tmp/temp_987481321 -f /tmp/6cdeeefa-6799-47e9-b8d6-8df574182866
[0a95ec07-25c6-491b-9348-b7cdd7149fdd/build]   üí¨  ::debug::jdk extracted to /tmp/temp_987481321/zulu8.70.0.23-ca-jdk8.0.372-linux_x64
[0a95ec07-25c6-491b-9348-b7cdd7149fdd/build]   üí¨  ::debug::Caching tool jdk 8.0.372 x64
[0a95ec07-25c6-491b-9348-b7cdd7149fdd/build]   üí¨  ::debug::source dir: /tmp/temp_987481321/zulu8.70.0.23-ca-jdk8.0.372-linux_x64
[0a95ec07-25c6-491b-9348-b7cdd7149fdd/build]   üí¨  ::debug::destination /opt/hostedtoolcache/jdk/8.0.372/x64
[0a95ec07-25c6-491b-9348-b7cdd7149fdd/build]   üí¨  ::debug::finished caching tool
[0a95ec07-25c6-491b-9348-b7cdd7149fdd/build]   ‚ùì add-matcher /run/act/actions/actions-setup-java@v1/.github/java.json
[0a95ec07-25c6-491b-9348-b7cdd7149fdd/build]   | creating settings.xml with server-id: github; environment variables: username=$GITHUB_ACTOR, password=$GITHUB_TOKEN, and gpg-passphrase=null
[0a95ec07-25c6-491b-9348-b7cdd7149fdd/build]   üí¨  ::debug::created directory /home/runneradmin/.m2
[0a95ec07-25c6-491b-9348-b7cdd7149fdd/build]   | writing /home/runneradmin/.m2/settings.xml
[0a95ec07-25c6-491b-9348-b7cdd7149fdd/build]   ‚úÖ  Success - Main Set up JDK 1.8
[0a95ec07-25c6-491b-9348-b7cdd7149fdd/build]   ‚öô  ::set-env:: JAVA_HOME_8.0.372_x64=/opt/hostedtoolcache/jdk/8.0.372/x64
[0a95ec07-25c6-491b-9348-b7cdd7149fdd/build]   ‚öô  ::set-env:: JAVA_HOME=/opt/hostedtoolcache/jdk/8.0.372/x64
[0a95ec07-25c6-491b-9348-b7cdd7149fdd/build]   ‚öô  ::set-env:: JAVA_HOME_8_0_372_X64=/opt/hostedtoolcache/jdk/8.0.372/x64
[0a95ec07-25c6-491b-9348-b7cdd7149fdd/build]   ‚öô  ::set-output:: path=/opt/hostedtoolcache/jdk/8.0.372/x64
[0a95ec07-25c6-491b-9348-b7cdd7149fdd/build]   ‚öô  ::set-output:: version=8.0.372
[0a95ec07-25c6-491b-9348-b7cdd7149fdd/build]   ‚öô  ::add-path:: /opt/hostedtoolcache/jdk/8.0.372/x64/bin
[0a95ec07-25c6-491b-9348-b7cdd7149fdd/build] unable to get git ref: failed to identify reference (tag/branch) for the checked-out revision 'a5f290980d83c3d6fa5405cd17a66e4e7f56278d'
[0a95ec07-25c6-491b-9348-b7cdd7149fdd/build] unable to get git ref: failed to identify reference (tag/branch) for the checked-out revision 'a5f290980d83c3d6fa5405cd17a66e4e7f56278d'
[0a95ec07-25c6-491b-9348-b7cdd7149fdd/build] unable to get git ref: failed to identify reference (tag/branch) for the checked-out revision 'a5f290980d83c3d6fa5405cd17a66e4e7f56278d'
[0a95ec07-25c6-491b-9348-b7cdd7149fdd/build] unable to get git ref: failed to identify reference (tag/branch) for the checked-out revision 'a5f290980d83c3d6fa5405cd17a66e4e7f56278d'
[0a95ec07-25c6-491b-9348-b7cdd7149fdd/build] unable to get git ref: failed to identify reference (tag/branch) for the checked-out revision 'a5f290980d83c3d6fa5405cd17a66e4e7f56278d'
[0a95ec07-25c6-491b-9348-b7cdd7149fdd/build] ‚≠ê Run Main Build with Maven
[0a95ec07-25c6-491b-9348-b7cdd7149fdd/build] unable to get git ref: failed to identify reference (tag/branch) for the checked-out revision 'a5f290980d83c3d6fa5405cd17a66e4e7f56278d'
[0a95ec07-25c6-491b-9348-b7cdd7149fdd/build] unable to get git ref: failed to identify reference (tag/branch) for the checked-out revision 'a5f290980d83c3d6fa5405cd17a66e4e7f56278d'
[0a95ec07-25c6-491b-9348-b7cdd7149fdd/build] unable to get git ref: failed to identify reference (tag/branch) for the checked-out revision 'a5f290980d83c3d6fa5405cd17a66e4e7f56278d'
[0a95ec07-25c6-491b-9348-b7cdd7149fdd/build] unable to get git ref: failed to identify reference (tag/branch) for the checked-out revision 'a5f290980d83c3d6fa5405cd17a66e4e7f56278d'
[0a95ec07-25c6-491b-9348-b7cdd7149fdd/build]   üê≥  docker exec cmd=[bash --noprofile --norc -e -o pipefail /var/run/act/workflow/2] user= workdir=
[0a95ec07-25c6-491b-9348-b7cdd7149fdd/build]   | [INFO] Scanning for projects...
[0a95ec07-25c6-491b-9348-b7cdd7149fdd/build]   | [INFO] 
[0a95ec07-25c6-491b-9348-b7cdd7149fdd/build]   | [INFO] ------------------< io.github.mngsk:device-detector >-------------------
[0a95ec07-25c6-491b-9348-b7cdd7149fdd/build]   | [INFO] Building Device Detector 1.0.5
[0a95ec07-25c6-491b-9348-b7cdd7149fdd/build]   | [INFO] --------------------------------[ jar ]---------------------------------
[0a95ec07-25c6-491b-9348-b7cdd7149fdd/build]   | [INFO] Downloading from central: https://repo.maven.apache.org/maven2/org/apache/maven/plugins/maven-javadoc-plugin/3.1.1/maven-javadoc-plugin-3.1.1.pom
[0a95ec07-25c6-491b-9348-b7cdd7149fdd/build]   | [INFO] Downloaded from central: https://repo.maven.apache.org/maven2/org/apache/maven/plugins/maven-javadoc-plugin/3.1.1/maven-javadoc-plugin-3.1.1.pom (18 kB at 18 kB/s)
[0a95ec07-25c6-491b-9348-b7cdd7149fdd/build]   | [INFO] Downloading from central: https://repo.maven.apache.org/maven2/org/apache/maven/plugins/maven-plugins/33/maven-plugins-33.pom
[0a95ec07-25c6-491b-9348-b7cdd7149fdd/build]   | [INFO] Downloaded from central: https://repo.maven.apache.org/maven2/org/apache/maven/plugins/maven-plugins/33/maven-plugins-33.pom (11 kB at 445 kB/s)
[0a95ec07-25c6-491b-9348-b7cdd7149fdd/build]   | [INFO] Downloading from central: https://repo.maven.apache.org/maven2/org/apache/maven/maven-parent/33/maven-parent-33.pom
[0a95ec07-25c6-491b-9348-b7cdd7149fdd/build]   | [INFO] Downloaded from central: https://repo.maven.apache.org/maven2/org/apache/maven/maven-parent/33/maven-parent-33.pom (44 kB at 803 kB/s)
[0a95ec07-25c6-491b-9348-b7cdd7149fdd/build]   | [INFO] Downloading from central: https://repo.maven.apache.org/maven2/org/apache/apache/21/apache-21.pom
[0a95ec07-25c6-491b-9348-b7cdd7149fdd/build]   | [INFO] Downloaded from central: https://repo.maven.apache.org/maven2/org/apache/apache/21/apache-21.pom (17 kB at 1.1 MB/s)
[0a95ec07-25c6-491b-9348-b7cdd7149fdd/build]   | [INFO] Downloading from central: https://repo.maven.apache.org/maven2/org/apache/maven/plugins/maven-javadoc-plugin/3.1.1/maven-javadoc-plugin-3.1.1.jar
[0a95ec07-25c6-491b-9348-b7cdd7149fdd/build]   | [INFO] Downloaded from central: https://repo.maven.apache.org/maven2/org/apache/maven/plugins/maven-javadoc-plugin/3.1.1/maven-javadoc-plugin-3.1.1.jar (481 kB at 881 kB/s)
[0a95ec07-25c6-491b-9348-b7cdd7149fdd/build]   | [INFO] Downloading from central: https://repo.maven.apache.org/maven2/org/apache/maven/plugins/maven-source-plugin/3.2.0/maven-source-plugin-3.2.0.pom
[0a95ec07-25c6-491b-9348-b7cdd7149fdd/build]   | [INFO] Downloaded from central: https://repo.maven.apache.org/maven2/org/apache/maven/plugins/maven-source-plugin/3.2.0/maven-source-plugin-3.2.0.pom (5.7 kB at 110 kB/s)
[0a95ec07-25c6-491b-9348-b7cdd7149fdd/build]   | [INFO] Downloading from central: https://repo.maven.apache.org/maven2/org/apache/maven/plugins/maven-source-plugin/3.2.0/maven-source-plugin-3.2.0.jar
[0a95ec07-25c6-491b-9348-b7cdd7149fdd/build]   | [INFO] Downloaded from central: https://repo.maven.apache.org/maven2/org/apache/maven/plugins/maven-source-plugin/3.2.0/maven-source-plugin-3.2.0.jar (32 kB at 503 kB/s)
[0a95ec07-25c6-491b-9348-b7cdd7149fdd/build]   | [INFO] Downloading from central: https://repo.maven.apache.org/maven2/org/apache/maven/plugins/maven-resources-plugin/2.6/maven-resources-plugin-2.6.pom
[0a95ec07-25c6-491b-9348-b7cdd7149fdd/build]   | [INFO] Downloaded from central: https://repo.maven.apache.org/maven2/org/apache/maven/plugins/maven-resources-plugin/2.6/maven-resources-plugin-2.6.pom (8.1 kB at 254 kB/s)
[0a95ec07-25c6-491b-9348-b7cdd7149fdd/build]   | [INFO] Downloading from central: https://repo.maven.apache.org/maven2/org/apache/maven/plugins/maven-plugins/23/maven-plugins-23.pom
[0a95ec07-25c6-491b-9348-b7cdd7149fdd/build]   | [INFO] Downloaded from central: https://repo.maven.apache.org/maven2/org/apache/maven/plugins/maven-plugins/23/maven-plugins-23.pom (9.2 kB at 328 kB/s)
[0a95ec07-25c6-491b-9348-b7cdd7149fdd/build]   | [INFO] Downloading from central: https://repo.maven.apache.org/maven2/org/apache/maven/maven-parent/22/maven-parent-22.pom
[0a95ec07-25c6-491b-9348-b7cdd7149fdd/build]   | [INFO] Downloaded from central: https://repo.maven.apache.org/maven2/org/apache/maven/maven-parent/22/maven-parent-22.pom (30 kB at 354 kB/s)
[0a95ec07-25c6-491b-9348-b7cdd7149fdd/build]   | [INFO] Downloading from central: https://repo.maven.apache.org/maven2/org/apache/apache/11/apache-11.pom
[0a95ec07-25c6-491b-9348-b7cdd7149fdd/build]   | [INFO] Downloaded from central: https://repo.maven.apache.org/maven2/org/apache/apache/11/apache-11.pom (15 kB at 302 kB/s)
[0a95ec07-25c6-491b-9348-b7cdd7149fdd/build]   | [INFO] Downloading from central: https://repo.maven.apache.org/maven2/org/apache/maven/plugins/maven-resources-plugin/2.6/maven-resources-plugin-2.6.jar
[0a95ec07-25c6-491b-9348-b7cdd7149fdd/build]   | [INFO] Downloaded from central: https://repo.maven.apache.org/maven2/org/apache/maven/plugins/maven-resources-plugin/2.6/maven-resources-plugin-2.6.jar (30 kB at 311 kB/s)
[0a95ec07-25c6-491b-9348-b7cdd7149fdd/build]   | [INFO] Downloading from central: https://repo.maven.apache.org/maven2/org/apache/maven/plugins/maven-compiler-plugin/3.8.1/maven-compiler-plugin-3.8.1.pom
[0a95ec07-25c6-491b-9348-b7cdd7149fdd/build]   | [INFO] Downloaded from central: https://repo.maven.apache.org/maven2/org/apache/maven/plugins/maven-compiler-plugin/3.8.1/maven-compiler-plugin-3.8.1.pom (12 kB at 416 kB/s)
[0a95ec07-25c6-491b-9348-b7cdd7149fdd/build]   | [INFO] Downloading from central: https://repo.maven.apache.org/maven2/org/apache/maven/plugins/maven-compiler-plugin/3.8.1/maven-compiler-plugin-3.8.1.jar
[0a95ec07-25c6-491b-9348-b7cdd7149fdd/build]   | [INFO] Downloaded from central: https://repo.maven.apache.org/maven2/org/apache/maven/plugins/maven-compiler-plugin/3.8.1/maven-compiler-plugin-3.8.1.jar (62 kB at 100 kB/s)
[0a95ec07-25c6-491b-9348-b7cdd7149fdd/build]   | [INFO] Downloading from central: https://repo.maven.apache.org/maven2/org/apache/maven/plugins/maven-surefire-plugin/2.22.2/maven-surefire-plugin-2.22.2.pom
[0a95ec07-25c6-491b-9348-b7cdd7149fdd/build]   | [INFO] Downloaded from central: https://repo.maven.apache.org/maven2/org/apache/maven/plugins/maven-surefire-plugin/2.22.2/maven-surefire-plugin-2.22.2.pom (5.0 kB at 166 kB/s)
[0a95ec07-25c6-491b-9348-b7cdd7149fdd/build]   | [INFO] Downloading from central: https://repo.maven.apache.org/maven2/org/apache/maven/surefire/surefire/2.22.2/surefire-2.22.2.pom
[0a95ec07-25c6-491b-9348-b7cdd7149fdd/build]   | [INFO] Downloaded from central: https://repo.maven.apache.org/maven2/org/apache/maven/surefire/surefire/2.22.2/surefire-2.22.2.pom (26 kB at 277 kB/s)
[0a95ec07-25c6-491b-9348-b7cdd7149fdd/build]   | [INFO] Downloading from central: https://repo.maven.apache.org/maven2/org/apache/maven/plugins/maven-surefire-plugin/2.22.2/maven-surefire-plugin-2.22.2.jar
[0a95ec07-25c6-491b-9348-b7cdd7149fdd/build]   | [INFO] Downloaded from central: https://repo.maven.apache.org/maven2/org/apache/maven/plugins/maven-surefire-plugin/2.22.2/maven-surefire-plugin-2.22.2.jar (41 kB at 22 kB/s)
[0a95ec07-25c6-491b-9348-b7cdd7149fdd/build]   | [INFO] Downloading from central: https://repo.maven.apache.org/maven2/org/apache/maven/plugins/maven-jar-plugin/2.4/maven-jar-plugin-2.4.pom
[0a95ec07-25c6-491b-9348-b7cdd7149fdd/build]   | [INFO] Downloaded from central: https://repo.maven.apache.org/maven2/org/apache/maven/plugins/maven-jar-plugin/2.4/maven-jar-plugin-2.4.pom (5.8 kB at 233 kB/s)
[0a95ec07-25c6-491b-9348-b7cdd7149fdd/build]   | [INFO] Downloading from central: https://repo.maven.apache.org/maven2/org/apache/maven/plugins/maven-plugins/22/maven-plugins-22.pom
[0a95ec07-25c6-491b-9348-b7cdd7149fdd/build]   | [INFO] Downloaded from central: https://repo.maven.apache.org/maven2/org/apache/maven/plugins/maven-plugins/22/maven-plugins-22.pom (13 kB at 42 kB/s)
[0a95ec07-25c6-491b-9348-b7cdd7149fdd/build]   | [INFO] Downloading from central: https://repo.maven.apache.org/maven2/org/apache/maven/maven-parent/21/maven-parent-21.pom
[0a95ec07-25c6-491b-9348-b7cdd7149fdd/build]   | [INFO] Downloaded from central: https://repo.maven.apache.org/maven2/org/apache/maven/maven-parent/21/maven-parent-21.pom (26 kB at 246 kB/s)
[0a95ec07-25c6-491b-9348-b7cdd7149fdd/build]   | [INFO] Downloading from central: https://repo.maven.apache.org/maven2/org/apache/apache/10/apache-10.pom
[0a95ec07-25c6-491b-9348-b7cdd7149fdd/build]   | [INFO] Downloaded from central: https://repo.maven.apache.org/maven2/org/apache/apache/10/apache-10.pom (15 kB at 285 kB/s)
[0a95ec07-25c6-491b-9348-b7cdd7149fdd/build]   | [INFO] Downloading from central: https://repo.maven.apache.org/maven2/org/apache/maven/plugins/maven-jar-plugin/2.4/maven-jar-plugin-2.4.jar
[0a95ec07-25c6-491b-9348-b7cdd7149fdd/build]   | [INFO] Downloaded from central: https://repo.maven.apache.org/maven2/org/apache/maven/plugins/maven-jar-plugin/2.4/maven-jar-plugin-2.4.jar (34 kB at 619 kB/s)
[0a95ec07-25c6-491b-9348-b7cdd7149fdd/build]   | [INFO] Downloading from central: https://repo.maven.apache.org/maven2/com/fasterxml/jackson/core/jackson-databind/2.10.2/jackson-databind-2.10.2.pom
[0a95ec07-25c6-491b-9348-b7cdd7149fdd/build]   | [INFO] Downloaded from central: https://repo.maven.apache.org/maven2/com/fasterxml/jackson/core/jackson-databind/2.10.2/jackson-databind-2.10.2.pom (7.2 kB at 149 kB/s)
[0a95ec07-25c6-491b-9348-b7cdd7149fdd/build]   | [INFO] Downloading from central: https://repo.maven.apache.org/maven2/com/fasterxml/jackson/jackson-base/2.10.2/jackson-base-2.10.2.pom
[0a95ec07-25c6-491b-9348-b7cdd7149fdd/build]   | [INFO] Downloaded from central: https://repo.maven.apache.org/maven2/com/fasterxml/jackson/jackson-base/2.10.2/jackson-base-2.10.2.pom (7.2 kB at 122 kB/s)
[0a95ec07-25c6-491b-9348-b7cdd7149fdd/build]   | [INFO] Downloading from central: https://repo.maven.apache.org/maven2/com/fasterxml/jackson/jackson-bom/2.10.2/jackson-bom-2.10.2.pom
[0a95ec07-25c6-491b-9348-b7cdd7149fdd/build]   | [INFO] Downloaded from central: https://repo.maven.apache.org/maven2/com/fasterxml/jackson/jackson-bom/2.10.2/jackson-bom-2.10.2.pom (13 kB at 21 kB/s)
[0a95ec07-25c6-491b-9348-b7cdd7149fdd/build]   | [INFO] Downloading from central: https://repo.maven.apache.org/maven2/com/fasterxml/jackson/jackson-parent/2.10/jackson-parent-2.10.pom
[0a95ec07-25c6-491b-9348-b7cdd7149fdd/build]   | [INFO] Downloaded from central: https://repo.maven.apache.org/maven2/com/fasterxml/jackson/jackson-parent/2.10/jackson-parent-2.10.pom (8.3 kB at 243 kB/s)
[0a95ec07-25c6-491b-9348-b7cdd7149fdd/build]   | [INFO] Downloading from central: https://repo.maven.apache.org/maven2/com/fasterxml/oss-parent/38/oss-parent-38.pom
[0a95ec07-25c6-491b-9348-b7cdd7149fdd/build]   | [INFO] Downloaded from central: https://repo.maven.apache.org/maven2/com/fasterxml/oss-parent/38/oss-parent-38.pom (23 kB at 397 kB/s)
[0a95ec07-25c6-491b-9348-b7cdd7149fdd/build]   | [INFO] Downloading from central: https://repo.maven.apache.org/maven2/com/fasterxml/jackson/core/jackson-annotations/2.10.2/jackson-annotations-2.10.2.pom
[0a95ec07-25c6-491b-9348-b7cdd7149fdd/build]   | [INFO] Downloaded from central: https://repo.maven.apache.org/maven2/com/fasterxml/jackson/core/jackson-annotations/2.10.2/jackson-annotations-2.10.2.pom (3.4 kB at 70 kB/s)
[0a95ec07-25c6-491b-9348-b7cdd7149fdd/build]   | [INFO] Downloading from central: https://repo.maven.apache.org/maven2/com/fasterxml/jackson/core/jackson-core/2.10.2/jackson-core-2.10.2.pom
[0a95ec07-25c6-491b-9348-b7cdd7149fdd/build]   | [INFO] Downloaded from central: https://repo.maven.apache.org/maven2/com/fasterxml/jackson/core/jackson-core/2.10.2/jackson-core-2.10.2.pom (4.6 kB at 211 kB/s)
[0a95ec07-25c6-491b-9348-b7cdd7149fdd/build]   | [INFO] Downloading from central: https://repo.maven.apache.org/maven2/com/fasterxml/jackson/datatype/jackson-datatype-jdk8/2.10.2/jackson-datatype-jdk8-2.10.2.pom
[0a95ec07-25c6-491b-9348-b7cdd7149fdd/build]   | [INFO] Downloaded from central: https://repo.maven.apache.org/maven2/com/fasterxml/jackson/datatype/jackson-datatype-jdk8/2.10.2/jackson-datatype-jdk8-2.10.2.pom (2.2 kB at 44 kB/s)
[0a95ec07-25c6-491b-9348-b7cdd7149fdd/build]   | [INFO] Downloading from central: https://repo.maven.apache.org/maven2/com/fasterxml/jackson/module/jackson-modules-java8/2.10.2/jackson-modules-java8-2.10.2.pom
[0a95ec07-25c6-491b-9348-b7cdd7149fdd/build]   | [INFO] Downloaded from central: https://repo.maven.apache.org/maven2/com/fasterxml/jackson/module/jackson-modules-java8/2.10.2/jackson-modules-java8-2.10.2.pom (3.2 kB at 50 kB/s)
[0a95ec07-25c6-491b-9348-b7cdd7149fdd/build]   | [INFO] Downloading from central: https://repo.maven.apache.org/maven2/com/fasterxml/jackson/dataformat/jackson-dataformat-yaml/2.10.2/jackson-dataformat-yaml-2.10.2.pom
[0a95ec07-25c6-491b-9348-b7cdd7149fdd/build]   | [INFO] Downloaded from central: https://repo.maven.apache.org/maven2/com/fasterxml/jackson/dataformat/jackson-dataformat-yaml/2.10.2/jackson-dataformat-yaml-2.10.2.pom (2.3 kB at 3.1 kB/s)
[0a95ec07-25c6-491b-9348-b7cdd7149fdd/build]   | [INFO] Downloading from central: https://repo.maven.apache.org/maven2/com/fasterxml/jackson/dataformat/jackson-dataformats-text/2.10.2/jackson-dataformats-text-2.10.2.pom
[0a95ec07-25c6-491b-9348-b7cdd7149fdd/build]   | [INFO] Downloaded from central: https://repo.maven.apache.org/maven2/com/fasterxml/jackson/dataformat/jackson-dataformats-text/2.10.2/jackson-dataformats-text-2.10.2.pom (3.0 kB at 10 kB/s)
[0a95ec07-25c6-491b-9348-b7cdd7149fdd/build]   | [INFO] Downloading from central: https://repo.maven.apache.org/maven2/org/yaml/snakeyaml/1.24/snakeyaml-1.24.pom
[0a95ec07-25c6-491b-9348-b7cdd7149fdd/build]   | [INFO] Downloaded from central: https://repo.maven.apache.org/maven2/org/yaml/snakeyaml/1.24/snakeyaml-1.24.pom (38 kB at 124 kB/s)
[0a95ec07-25c6-491b-9348-b7cdd7149fdd/build]   | [INFO] Downloading from central: https://repo.maven.apache.org/maven2/org/apache/maven/maven-artifact/3.6.3/maven-artifact-3.6.3.pom
[0a95ec07-25c6-491b-9348-b7cdd7149fdd/build]   | [INFO] Downloaded from central: https://repo.maven.apache.org/maven2/org/apache/maven/maven-artifact/3.6.3/maven-artifact-3.6.3.pom (2.4 kB at 100 kB/s)
[0a95ec07-25c6-491b-9348-b7cdd7149fdd/build]   | [INFO] Downloading from central: https://repo.maven.apache.org/maven2/org/apache/maven/maven/3.6.3/maven-3.6.3.pom
[0a95ec07-25c6-491b-9348-b7cdd7149fdd/build]   | [INFO] Downloaded from central: https://repo.maven.apache.org/maven2/org/apache/maven/maven/3.6.3/maven-3.6.3.pom (26 kB at 74 kB/s)
[0a95ec07-25c6-491b-9348-b7cdd7149fdd/build]   | [INFO] Downloading from central: https://repo.maven.apache.org/maven2/org/codehaus/plexus/plexus-utils/3.2.1/plexus-utils-3.2.1.pom
[0a95ec07-25c6-491b-9348-b7cdd7149fdd/build]   | [INFO] Downloaded from central: https://repo.maven.apache.org/maven2/org/codehaus/plexus/plexus-utils/3.2.1/plexus-utils-3.2.1.pom (5.3 kB at 191 kB/s)
[0a95ec07-25c6-491b-9348-b7cdd7149fdd/build]   | [INFO] Downloading from central: https://repo.maven.apache.org/maven2/org/codehaus/plexus/plexus/5.1/plexus-5.1.pom
[0a95ec07-25c6-491b-9348-b7cdd7149fdd/build]   | [INFO] Downloaded from central: https://repo.maven.apache.org/maven2/org/codehaus/plexus/plexus/5.1/plexus-5.1.pom (23 kB at 245 kB/s)
[0a95ec07-25c6-491b-9348-b7cdd7149fdd/build]   | [INFO] Downloading from central: https://repo.maven.apache.org/maven2/org/apache/commons/commons-lang3/3.8.1/commons-lang3-3.8.1.pom
[0a95ec07-25c6-491b-9348-b7cdd7149fdd/build]   | [INFO] Downloaded from central: https://repo.maven.apache.org/maven2/org/apache/commons/commons-lang3/3.8.1/commons-lang3-3.8.1.pom (28 kB at 290 kB/s)
[0a95ec07-25c6-491b-9348-b7cdd7149fdd/build]   | [INFO] Downloading from central: https://repo.maven.apache.org/maven2/org/apache/commons/commons-parent/47/commons-parent-47.pom
[0a95ec07-25c6-491b-9348-b7cdd7149fdd/build]   | [INFO] Downloaded from central: https://repo.maven.apache.org/maven2/org/apache/commons/commons-parent/47/commons-parent-47.pom (78 kB at 71 kB/s)
[0a95ec07-25c6-491b-9348-b7cdd7149fdd/build]   | [INFO] Downloading from central: https://repo.maven.apache.org/maven2/org/apache/apache/19/apache-19.pom
[0a95ec07-25c6-491b-9348-b7cdd7149fdd/build]   | [INFO] Downloaded from central: https://repo.maven.apache.org/maven2/org/apache/apache/19/apache-19.pom (15 kB at 48 kB/s)
[0a95ec07-25c6-491b-9348-b7cdd7149fdd/build]   | [INFO] Downloading from central: https://repo.maven.apache.org/maven2/org/junit/jupiter/junit-jupiter-api/5.6.0/junit-jupiter-api-5.6.0.pom
[0a95ec07-25c6-491b-9348-b7cdd7149fdd/build]   | [INFO] Downloaded from central: https://repo.maven.apache.org/maven2/org/junit/jupiter/junit-jupiter-api/5.6.0/junit-jupiter-api-5.6.0.pom (3.2 kB at 94 kB/s)
[0a95ec07-25c6-491b-9348-b7cdd7149fdd/build]   | [INFO] Downloading from central: https://repo.maven.apache.org/maven2/org/junit/junit-bom/5.6.0/junit-bom-5.6.0.pom
[0a95ec07-25c6-491b-9348-b7cdd7149fdd/build]   | [INFO] Downloaded from central: https://repo.maven.apache.org/maven2/org/junit/junit-bom/5.6.0/junit-bom-5.6.0.pom (4.9 kB at 48 kB/s)
[0a95ec07-25c6-491b-9348-b7cdd7149fdd/build]   | [INFO] Downloading from central: https://repo.maven.apache.org/maven2/org/apiguardian/apiguardian-api/1.1.0/apiguardian-api-1.1.0.pom
[0a95ec07-25c6-491b-9348-b7cdd7149fdd/build]   | [INFO] Downloaded from central: https://repo.maven.apache.org/maven2/org/apiguardian/apiguardian-api/1.1.0/apiguardian-api-1.1.0.pom (1.2 kB at 49 kB/s)
[0a95ec07-25c6-491b-9348-b7cdd7149fdd/build]   | [INFO] Downloading from central: https://repo.maven.apache.org/maven2/org/opentest4j/opentest4j/1.2.0/opentest4j-1.2.0.pom
[0a95ec07-25c6-491b-9348-b7cdd7149fdd/build]   | [INFO] Downloaded from central: https://repo.maven.apache.org/maven2/org/opentest4j/opentest4j/1.2.0/opentest4j-1.2.0.pom (1.7 kB at 2.3 kB/s)
[0a95ec07-25c6-491b-9348-b7cdd7149fdd/build]   | [INFO] Downloading from central: https://repo.maven.apache.org/maven2/org/junit/platform/junit-platform-commons/1.6.0/junit-platform-commons-1.6.0.pom
[0a95ec07-25c6-491b-9348-b7cdd7149fdd/build]   | [INFO] Downloaded from central: https://repo.maven.apache.org/maven2/org/junit/platform/junit-platform-commons/1.6.0/junit-platform-commons-1.6.0.pom (2.8 kB at 38 kB/s)
[0a95ec07-25c6-491b-9348-b7cdd7149fdd/build]   | [INFO] Downloading from central: https://repo.maven.apache.org/maven2/org/junit/jupiter/junit-jupiter-engine/5.6.0/junit-jupiter-engine-5.6.0.pom
[0a95ec07-25c6-491b-9348-b7cdd7149fdd/build]   | [INFO] Downloaded from central: https://repo.maven.apache.org/maven2/org/junit/jupiter/junit-jupiter-engine/5.6.0/junit-jupiter-engine-5.6.0.pom (3.2 kB at 119 kB/s)
[0a95ec07-25c6-491b-9348-b7cdd7149fdd/build]   | [INFO] Downloading from central: https://repo.maven.apache.org/maven2/org/junit/platform/junit-platform-engine/1.6.0/junit-platform-engine-1.6.0.pom
[0a95ec07-25c6-491b-9348-b7cdd7149fdd/build]   | [INFO] Downloaded from central: https://repo.maven.apache.org/maven2/org/junit/platform/junit-platform-engine/1.6.0/junit-platform-engine-1.6.0.pom (3.2 kB at 4.4 kB/s)
[0a95ec07-25c6-491b-9348-b7cdd7149fdd/build]   | [INFO] Downloading from central: https://repo.maven.apache.org/maven2/org/junit/jupiter/junit-jupiter-params/5.6.0/junit-jupiter-params-5.6.0.pom
[0a95ec07-25c6-491b-9348-b7cdd7149fdd/build]   | [INFO] Downloaded from central: https://repo.maven.apache.org/maven2/org/junit/jupiter/junit-jupiter-params/5.6.0/junit-jupiter-params-5.6.0.pom (3.0 kB at 4.2 kB/s)
[0a95ec07-25c6-491b-9348-b7cdd7149fdd/build]   | [INFO] Downloading from central: https://repo.maven.apache.org/maven2/com/fasterxml/jackson/core/jackson-databind/2.10.2/jackson-databind-2.10.2.jar
[0a95ec07-25c6-491b-9348-b7cdd7149fdd/build]   | [INFO] Downloading from central: https://repo.maven.apache.org/maven2/com/fasterxml/jackson/core/jackson-annotations/2.10.2/jackson-annotations-2.10.2.jar
[0a95ec07-25c6-491b-9348-b7cdd7149fdd/build]   | [INFO] Downloading from central: https://repo.maven.apache.org/maven2/com/fasterxml/jackson/core/jackson-core/2.10.2/jackson-core-2.10.2.jar
[0a95ec07-25c6-491b-9348-b7cdd7149fdd/build]   | [INFO] Downloading from central: https://repo.maven.apache.org/maven2/com/fasterxml/jackson/datatype/jackson-datatype-jdk8/2.10.2/jackson-datatype-jdk8-2.10.2.jar
[0a95ec07-25c6-491b-9348-b7cdd7149fdd/build]   | [INFO] Downloading from central: https://repo.maven.apache.org/maven2/com/fasterxml/jackson/dataformat/jackson-dataformat-yaml/2.10.2/jackson-dataformat-yaml-2.10.2.jar
[0a95ec07-25c6-491b-9348-b7cdd7149fdd/build]   | [INFO] Downloaded from central: https://repo.maven.apache.org/maven2/com/fasterxml/jackson/core/jackson-annotations/2.10.2/jackson-annotations-2.10.2.jar (68 kB at 186 kB/s)
[0a95ec07-25c6-491b-9348-b7cdd7149fdd/build]   | [INFO] Downloading from central: https://repo.maven.apache.org/maven2/org/yaml/snakeyaml/1.24/snakeyaml-1.24.jar
[0a95ec07-25c6-491b-9348-b7cdd7149fdd/build]   | [INFO] Downloaded from central: https://repo.maven.apache.org/maven2/com/fasterxml/jackson/datatype/jackson-datatype-jdk8/2.10.2/jackson-datatype-jdk8-2.10.2.jar (34 kB at 43 kB/s)
[0a95ec07-25c6-491b-9348-b7cdd7149fdd/build]   | [INFO] Downloading from central: https://repo.maven.apache.org/maven2/org/apache/maven/maven-artifact/3.6.3/maven-artifact-3.6.3.jar
[0a95ec07-25c6-491b-9348-b7cdd7149fdd/build]   | [INFO] Downloaded from central: https://repo.maven.apache.org/maven2/org/apache/maven/maven-artifact/3.6.3/maven-artifact-3.6.3.jar (58 kB at 33 kB/s)
[0a95ec07-25c6-491b-9348-b7cdd7149fdd/build]   | [INFO] Downloading from central: https://repo.maven.apache.org/maven2/org/codehaus/plexus/plexus-utils/3.2.1/plexus-utils-3.2.1.jar
[0a95ec07-25c6-491b-9348-b7cdd7149fdd/build]   | [INFO] Downloaded from central: https://repo.maven.apache.org/maven2/com/fasterxml/jackson/dataformat/jackson-dataformat-yaml/2.10.2/jackson-dataformat-yaml-2.10.2.jar (47 kB at 26 kB/s)
[0a95ec07-25c6-491b-9348-b7cdd7149fdd/build]   | [INFO] Downloading from central: https://repo.maven.apache.org/maven2/org/apache/commons/commons-lang3/3.8.1/commons-lang3-3.8.1.jar
[0a95ec07-25c6-491b-9348-b7cdd7149fdd/build]   | [INFO] Downloaded from central: https://repo.maven.apache.org/maven2/org/codehaus/plexus/plexus-utils/3.2.1/plexus-utils-3.2.1.jar (262 kB at 72 kB/s)
[0a95ec07-25c6-491b-9348-b7cdd7149fdd/build]   | [INFO] Downloading from central: https://repo.maven.apache.org/maven2/org/junit/jupiter/junit-jupiter-api/5.6.0/junit-jupiter-api-5.6.0.jar
[0a95ec07-25c6-491b-9348-b7cdd7149fdd/build]   | [INFO] Downloaded from central: https://repo.maven.apache.org/maven2/org/yaml/snakeyaml/1.24/snakeyaml-1.24.jar (303 kB at 82 kB/s)
[0a95ec07-25c6-491b-9348-b7cdd7149fdd/build]   | [INFO] Downloading from central: https://repo.maven.apache.org/maven2/org/apiguardian/apiguardian-api/1.1.0/apiguardian-api-1.1.0.jar
[0a95ec07-25c6-491b-9348-b7cdd7149fdd/build]   | [INFO] Downloaded from central: https://repo.maven.apache.org/maven2/org/apiguardian/apiguardian-api/1.1.0/apiguardian-api-1.1.0.jar (2.4 kB at 595 B/s)
[0a95ec07-25c6-491b-9348-b7cdd7149fdd/build]   | [INFO] Downloading from central: https://repo.maven.apache.org/maven2/org/opentest4j/opentest4j/1.2.0/opentest4j-1.2.0.jar
[0a95ec07-25c6-491b-9348-b7cdd7149fdd/build]   | [INFO] Downloaded from central: https://repo.maven.apache.org/maven2/org/opentest4j/opentest4j/1.2.0/opentest4j-1.2.0.jar (7.7 kB at 1.8 kB/s)
[0a95ec07-25c6-491b-9348-b7cdd7149fdd/build]   | [INFO] Downloading from central: https://repo.maven.apache.org/maven2/org/junit/platform/junit-platform-commons/1.6.0/junit-platform-commons-1.6.0.jar
[0a95ec07-25c6-491b-9348-b7cdd7149fdd/build]   | [INFO] Downloaded from central: https://repo.maven.apache.org/maven2/com/fasterxml/jackson/core/jackson-core/2.10.2/jackson-core-2.10.2.jar (349 kB at 70 kB/s)
[0a95ec07-25c6-491b-9348-b7cdd7149fdd/build]   | [INFO] Downloading from central: https://repo.maven.apache.org/maven2/org/junit/jupiter/junit-jupiter-engine/5.6.0/junit-jupiter-engine-5.6.0.jar
[0a95ec07-25c6-491b-9348-b7cdd7149fdd/build]   | [INFO] Downloaded from central: https://repo.maven.apache.org/maven2/org/junit/platform/junit-platform-commons/1.6.0/junit-platform-commons-1.6.0.jar (97 kB at 17 kB/s)
[0a95ec07-25c6-491b-9348-b7cdd7149fdd/build]   | [INFO] Downloading from central: https://repo.maven.apache.org/maven2/org/junit/platform/junit-platform-engine/1.6.0/junit-platform-engine-1.6.0.jar
[0a95ec07-25c6-491b-9348-b7cdd7149fdd/build]   | [INFO] Downloaded from central: https://repo.maven.apache.org/maven2/org/junit/jupiter/junit-jupiter-api/5.6.0/junit-jupiter-api-5.6.0.jar (154 kB at 27 kB/s)
[0a95ec07-25c6-491b-9348-b7cdd7149fdd/build]   | [INFO] Downloading from central: https://repo.maven.apache.org/maven2/org/junit/jupiter/junit-jupiter-params/5.6.0/junit-jupiter-params-5.6.0.jar
[0a95ec07-25c6-491b-9348-b7cdd7149fdd/build]   | [INFO] Downloaded from central: https://repo.maven.apache.org/maven2/org/junit/jupiter/junit-jupiter-engine/5.6.0/junit-jupiter-engine-5.6.0.jar (209 kB at 29 kB/s)
[0a95ec07-25c6-491b-9348-b7cdd7149fdd/build]   | [INFO] Downloaded from central: https://repo.maven.apache.org/maven2/org/junit/platform/junit-platform-engine/1.6.0/junit-platform-engine-1.6.0.jar (174 kB at 21 kB/s)
[0a95ec07-25c6-491b-9348-b7cdd7149fdd/build]   | [INFO] Downloaded from central: https://repo.maven.apache.org/maven2/org/junit/jupiter/junit-jupiter-params/5.6.0/junit-jupiter-params-5.6.0.jar (562 kB at 58 kB/s)
[0a95ec07-25c6-491b-9348-b7cdd7149fdd/build]   | [INFO] Downloaded from central: https://repo.maven.apache.org/maven2/org/apache/commons/commons-lang3/3.8.1/commons-lang3-3.8.1.jar (502 kB at 44 kB/s)
[0a95ec07-25c6-491b-9348-b7cdd7149fdd/build]   | [INFO] Downloaded from central: https://repo.maven.apache.org/maven2/com/fasterxml/jackson/core/jackson-databind/2.10.2/jackson-databind-2.10.2.jar (1.4 MB at 118 kB/s)
[0a95ec07-25c6-491b-9348-b7cdd7149fdd/build]   | [INFO] 
[0a95ec07-25c6-491b-9348-b7cdd7149fdd/build]   | [INFO] --- maven-resources-plugin:2.6:resources (default-resources) @ device-detector ---
[0a95ec07-25c6-491b-9348-b7cdd7149fdd/build]   | [INFO] Downloading from central: https://repo.maven.apache.org/maven2/org/apache/maven/maven-plugin-api/2.0.6/maven-plugin-api-2.0.6.pom
[0a95ec07-25c6-491b-9348-b7cdd7149fdd/build]   | [INFO] Downloaded from central: https://repo.maven.apache.org/maven2/org/apache/maven/maven-plugin-api/2.0.6/maven-plugin-api-2.0.6.pom (1.5 kB at 28 kB/s)
[0a95ec07-25c6-491b-9348-b7cdd7149fdd/build]   | [INFO] Downloading from central: https://repo.maven.apache.org/maven2/org/apache/maven/maven/2.0.6/maven-2.0.6.pom
[0a95ec07-25c6-491b-9348-b7cdd7149fdd/build]   | [INFO] Downloaded from central: https://repo.maven.apache.org/maven2/org/apache/maven/maven/2.0.6/maven-2.0.6.pom (9.0 kB at 192 kB/s)
[0a95ec07-25c6-491b-9348-b7cdd7149fdd/build]   | [INFO] Downloading from central: https://repo.maven.apache.org/maven2/org/apache/maven/maven-parent/5/maven-parent-5.pom
[0a95ec07-25c6-491b-9348-b7cdd7149fdd/build]   | [INFO] Downloaded from central: https://repo.maven.apache.org/maven2/org/apache/maven/maven-parent/5/maven-parent-5.pom (15 kB at 412 kB/s)
[0a95ec07-25c6-491b-9348-b7cdd7149fdd/build]   | [INFO] Downloading from central: https://repo.maven.apache.org/maven2/org/apache/apache/3/apache-3.pom
[0a95ec07-25c6-491b-9348-b7cdd7149fdd/build]   | [INFO] Downloaded from central: https://repo.maven.apache.org/maven2/org/apache/apache/3/apache-3.pom (3.4 kB at 111 kB/s)
[0a95ec07-25c6-491b-9348-b7cdd7149fdd/build]   | [INFO] Downloading from central: https://repo.maven.apache.org/maven2/org/apache/maven/maven-project/2.0.6/maven-project-2.0.6.pom
[0a95ec07-25c6-491b-9348-b7cdd7149fdd/build]   | [INFO] Downloaded from central: https://repo.maven.apache.org/maven2/org/apache/maven/maven-project/2.0.6/maven-project-2.0.6.pom (2.6 kB at 52 kB/s)
[0a95ec07-25c6-491b-9348-b7cdd7149fdd/build]   | [INFO] Downloading from central: https://repo.maven.apache.org/maven2/org/apache/maven/maven-settings/2.0.6/maven-settings-2.0.6.pom
[0a95ec07-25c6-491b-9348-b7cdd7149fdd/build]   | [INFO] Downloaded from central: https://repo.maven.apache.org/maven2/org/apache/maven/maven-settings/2.0.6/maven-settings-2.0.6.pom (2.0 kB at 47 kB/s)
[0a95ec07-25c6-491b-9348-b7cdd7149fdd/build]   | [INFO] Downloading from central: https://repo.maven.apache.org/maven2/org/apache/maven/maven-model/2.0.6/maven-model-2.0.6.pom
[0a95ec07-25c6-491b-9348-b7cdd7149fdd/build]   | [INFO] Downloaded from central: https://repo.maven.apache.org/maven2/org/apache/maven/maven-model/2.0.6/maven-model-2.0.6.pom (3.0 kB at 74 kB/s)
[0a95ec07-25c6-491b-9348-b7cdd7149fdd/build]   | [INFO] Downloading from central: https://repo.maven.apache.org/maven2/org/codehaus/plexus/plexus-utils/1.4.1/plexus-utils-1.4.1.pom
[0a95ec07-25c6-491b-9348-b7cdd7149fdd/build]   | [INFO] Downloaded from central: https://repo.maven.apache.org/maven2/org/codehaus/plexus/plexus-utils/1.4.1/plexus-utils-1.4.1.pom (1.9 kB at 55 kB/s)
[0a95ec07-25c6-491b-9348-b7cdd7149fdd/build]   | [INFO] Downloading from central: https://repo.maven.apache.org/maven2/org/codehaus/plexus/plexus/1.0.11/plexus-1.0.11.pom
[0a95ec07-25c6-491b-9348-b7cdd7149fdd/build]   | [INFO] Downloaded from central: https://repo.maven.apache.org/maven2/org/codehaus/plexus/plexus/1.0.11/plexus-1.0.11.pom (9.0 kB at 264 kB/s)
[0a95ec07-25c6-491b-9348-b7cdd7149fdd/build]   | [INFO] Downloading from central: https://repo.maven.apache.org/maven2/org/codehaus/plexus/plexus-container-default/1.0-alpha-9-stable-1/plexus-container-default-1.0-alpha-9-stable-1.pom
[0a95ec07-25c6-491b-9348-b7cdd7149fdd/build]   | [INFO] Downloaded from central: https://repo.maven.apache.org/maven2/org/codehaus/plexus/plexus-container-default/1.0-alpha-9-stable-1/plexus-container-default-1.0-alpha-9-stable-1.pom (3.9 kB at 5.1 kB/s)
[0a95ec07-25c6-491b-9348-b7cdd7149fdd/build]   | [INFO] Downloading from central: https://repo.maven.apache.org/maven2/org/codehaus/plexus/plexus-containers/1.0.3/plexus-containers-1.0.3.pom
[0a95ec07-25c6-491b-9348-b7cdd7149fdd/build]   | [INFO] Downloaded from central: https://repo.maven.apache.org/maven2/org/codehaus/plexus/plexus-containers/1.0.3/plexus-containers-1.0.3.pom (492 B at 12 kB/s)
[0a95ec07-25c6-491b-9348-b7cdd7149fdd/build]   | [INFO] Downloading from central: https://repo.maven.apache.org/maven2/org/codehaus/plexus/plexus/1.0.4/plexus-1.0.4.pom
[0a95ec07-25c6-491b-9348-b7cdd7149fdd/build]   | [INFO] Downloaded from central: https://repo.maven.apache.org/maven2/org/codehaus/plexus/plexus/1.0.4/plexus-1.0.4.pom (5.7 kB at 43 kB/s)
[0a95ec07-25c6-491b-9348-b7cdd7149fdd/build]   | [INFO] Downloading from central: https://repo.maven.apache.org/maven2/junit/junit/3.8.1/junit-3.8.1.pom
[0a95ec07-25c6-491b-9348-b7cdd7149fdd/build]   | [INFO] Downloaded from central: https://repo.maven.apache.org/maven2/junit/junit/3.8.1/junit-3.8.1.pom (998 B at 28 kB/s)
[0a95ec07-25c6-491b-9348-b7cdd7149fdd/build]   | [INFO] Downloading from central: https://repo.maven.apache.org/maven2/org/codehaus/plexus/plexus-utils/1.0.4/plexus-utils-1.0.4.pom
[0a95ec07-25c6-491b-9348-b7cdd7149fdd/build]   | [INFO] Downloaded from central: https://repo.maven.apache.org/maven2/org/codehaus/plexus/plexus-utils/1.0.4/plexus-utils-1.0.4.pom (6.9 kB at 9.6 kB/s)
[0a95ec07-25c6-491b-9348-b7cdd7149fdd/build]   | [INFO] Downloading from central: https://repo.maven.apache.org/maven2/classworlds/classworlds/1.1-alpha-2/classworlds-1.1-alpha-2.pom
[0a95ec07-25c6-491b-9348-b7cdd7149fdd/build]   | [INFO] Downloaded from central: https://repo.maven.apache.org/maven2/classworlds/classworlds/1.1-alpha-2/classworlds-1.1-alpha-2.pom (3.1 kB at 116 kB/s)
[0a95ec07-25c6-491b-9348-b7cdd7149fdd/build]   | [INFO] Downloading from central: https://repo.maven.apache.org/maven2/org/apache/maven/maven-profile/2.0.6/maven-profile-2.0.6.pom
[0a95ec07-25c6-491b-9348-b7cdd7149fdd/build]   | [INFO] Downloaded from central: https://repo.maven.apache.org/maven2/org/apache/maven/maven-profile/2.0.6/maven-profile-2.0.6.pom (2.0 kB at 26 kB/s)
[0a95ec07-25c6-491b-9348-b7cdd7149fdd/build]   | [INFO] Downloading from central: https://repo.maven.apache.org/maven2/org/apache/maven/maven-artifact-manager/2.0.6/maven-artifact-manager-2.0.6.pom
[0a95ec07-25c6-491b-9348-b7cdd7149fdd/build]   | [INFO] Downloaded from central: https://repo.maven.apache.org/maven2/org/apache/maven/maven-artifact-manager/2.0.6/maven-artifact-manager-2.0.6.pom (2.6 kB at 37 kB/s)
[0a95ec07-25c6-491b-9348-b7cdd7149fdd/build]   | [INFO] Downloading from central: https://repo.maven.apache.org/maven2/org/apache/maven/maven-repository-metadata/2.0.6/maven-repository-metadata-2.0.6.pom
[0a95ec07-25c6-491b-9348-b7cdd7149fdd/build]   | [INFO] Downloaded from central: https://repo.maven.apache.org/maven2/org/apache/maven/maven-repository-metadata/2.0.6/maven-repository-metadata-2.0.6.pom (1.9 kB at 7.5 kB/s)
[0a95ec07-25c6-491b-9348-b7cdd7149fdd/build]   | [INFO] Downloading from central: https://repo.maven.apache.org/maven2/org/apache/maven/maven-artifact/2.0.6/maven-artifact-2.0.6.pom
[0a95ec07-25c6-491b-9348-b7cdd7149fdd/build]   | [INFO] Downloaded from central: https://repo.maven.apache.org/maven2/org/apache/maven/maven-artifact/2.0.6/maven-artifact-2.0.6.pom (1.6 kB at 28 kB/s)
[0a95ec07-25c6-491b-9348-b7cdd7149fdd/build]   | [INFO] Downloading from central: https://repo.maven.apache.org/maven2/org/apache/maven/maven-plugin-registry/2.0.6/maven-plugin-registry-2.0.6.pom
[0a95ec07-25c6-491b-9348-b7cdd7149fdd/build]   | [INFO] Downloaded from central: https://repo.maven.apache.org/maven2/org/apache/maven/maven-plugin-registry/2.0.6/maven-plugin-registry-2.0.6.pom (1.9 kB at 31 kB/s)
[0a95ec07-25c6-491b-9348-b7cdd7149fdd/build]   | [INFO] Downloading from central: https://repo.maven.apache.org/maven2/org/apache/maven/maven-core/2.0.6/maven-core-2.0.6.pom
[0a95ec07-25c6-491b-9348-b7cdd7149fdd/build]   | [INFO] Downloaded from central: https://repo.maven.apache.org/maven2/org/apache/maven/maven-core/2.0.6/maven-core-2.0.6.pom (6.7 kB at 186 kB/s)
[0a95ec07-25c6-491b-9348-b7cdd7149fdd/build]   | [INFO] Downloading from central: https://repo.maven.apache.org/maven2/org/apache/maven/maven-plugin-parameter-documenter/2.0.6/maven-plugin-parameter-documenter-2.0.6.pom
[0a95ec07-25c6-491b-9348-b7cdd7149fdd/build]   | [INFO] Downloaded from central: https://repo.maven.apache.org/maven2/org/apache/maven/maven-plugin-parameter-documenter/2.0.6/maven-plugin-parameter-documenter-2.0.6.pom (1.9 kB at 101 kB/s)
[0a95ec07-25c6-491b-9348-b7cdd7149fdd/build]   | [INFO] Downloading from central: https://repo.maven.apache.org/maven2/org/apache/maven/reporting/maven-reporting-api/2.0.6/maven-reporting-api-2.0.6.pom
[0a95ec07-25c6-491b-9348-b7cdd7149fdd/build]   | [INFO] Downloaded from central: https://repo.maven.apache.org/maven2/org/apache/maven/reporting/maven-reporting-api/2.0.6/maven-reporting-api-2.0.6.pom (1.8 kB at 63 kB/s)
[0a95ec07-25c6-491b-9348-b7cdd7149fdd/build]   | [INFO] Downloading from central: https://repo.maven.apache.org/maven2/org/apache/maven/reporting/maven-reporting/2.0.6/maven-reporting-2.0.6.pom
[0a95ec07-25c6-491b-9348-b7cdd7149fdd/build]   | [INFO] Downloaded from central: https://repo.maven.apache.org/maven2/org/apache/maven/reporting/maven-reporting/2.0.6/maven-reporting-2.0.6.pom (1.4 kB at 24 kB/s)
[0a95ec07-25c6-491b-9348-b7cdd7149fdd/build]   | [INFO] Downloading from central: https://repo.maven.apache.org/maven2/org/apache/maven/doxia/doxia-sink-api/1.0-alpha-7/doxia-sink-api-1.0-alpha-7.pom
[0a95ec07-25c6-491b-9348-b7cdd7149fdd/build]   | [INFO] Downloaded from central: https://repo.maven.apache.org/maven2/org/apache/maven/doxia/doxia-sink-api/1.0-alpha-7/doxia-sink-api-1.0-alpha-7.pom (424 B at 18 kB/s)
[0a95ec07-25c6-491b-9348-b7cdd7149fdd/build]   | [INFO] Downloading from central: https://repo.maven.apache.org/maven2/org/apache/maven/doxia/doxia/1.0-alpha-7/doxia-1.0-alpha-7.pom
[0a95ec07-25c6-491b-9348-b7cdd7149fdd/build]   | [INFO] Downloaded from central: https://repo.maven.apache.org/maven2/org/apache/maven/doxia/doxia/1.0-alpha-7/doxia-1.0-alpha-7.pom (3.9 kB at 13 kB/s)
[0a95ec07-25c6-491b-9348-b7cdd7149fdd/build]   | [INFO] Downloading from central: https://repo.maven.apache.org/maven2/org/apache/maven/maven-error-diagnostics/2.0.6/maven-error-diagnostics-2.0.6.pom
[0a95ec07-25c6-491b-9348-b7cdd7149fdd/build]   | [INFO] Downloaded from central: https://repo.maven.apache.org/maven2/org/apache/maven/maven-error-diagnostics/2.0.6/maven-error-diagnostics-2.0.6.pom (1.7 kB at 61 kB/s)
[0a95ec07-25c6-491b-9348-b7cdd7149fdd/build]   | [INFO] Downloading from central: https://repo.maven.apache.org/maven2/commons-cli/commons-cli/1.0/commons-cli-1.0.pom
[0a95ec07-25c6-491b-9348-b7cdd7149fdd/build]   | [INFO] Downloaded from central: https://repo.maven.apache.org/maven2/commons-cli/commons-cli/1.0/commons-cli-1.0.pom (2.1 kB at 30 kB/s)
[0a95ec07-25c6-491b-9348-b7cdd7149fdd/build]   | [INFO] Downloading from central: https://repo.maven.apache.org/maven2/org/apache/maven/maven-plugin-descriptor/2.0.6/maven-plugin-descriptor-2.0.6.pom
[0a95ec07-25c6-491b-9348-b7cdd7149fdd/build]   | [INFO] Downloaded from central: https://repo.maven.apache.org/maven2/org/apache/maven/maven-plugin-descriptor/2.0.6/maven-plugin-descriptor-2.0.6.pom (2.0 kB at 37 kB/s)
[0a95ec07-25c6-491b-9348-b7cdd7149fdd/build]   | [INFO] Downloading from central: https://repo.maven.apache.org/maven2/org/codehaus/plexus/plexus-interactivity-api/1.0-alpha-4/plexus-interactivity-api-1.0-alpha-4.pom
[0a95ec07-25c6-491b-9348-b7cdd7149fdd/build]   | [INFO] Downloaded from central: https://repo.maven.apache.org/maven2/org/codehaus/plexus/plexus-interactivity-api/1.0-alpha-4/plexus-interactivity-api-1.0-alpha-4.pom (7.1 kB at 22 kB/s)
[0a95ec07-25c6-491b-9348-b7cdd7149fdd/build]   | [INFO] Downloading from central: https://repo.maven.apache.org/maven2/org/apache/maven/maven-monitor/2.0.6/maven-monitor-2.0.6.pom
[0a95ec07-25c6-491b-9348-b7cdd7149fdd/build]   | [INFO] Downloaded from central: https://repo.maven.apache.org/maven2/org/apache/maven/maven-monitor/2.0.6/maven-monitor-2.0.6.pom (1.3 kB at 38 kB/s)
[0a95ec07-25c6-491b-9348-b7cdd7149fdd/build]   | [INFO] Downloading from central: https://repo.maven.apache.org/maven2/classworlds/classworlds/1.1/classworlds-1.1.pom
[0a95ec07-25c6-491b-9348-b7cdd7149fdd/build]   | [INFO] Downloaded from central: https://repo.maven.apache.org/maven2/classworlds/classworlds/1.1/classworlds-1.1.pom (3.3 kB at 111 kB/s)
[0a95ec07-25c6-491b-9348-b7cdd7149fdd/build]   | [INFO] Downloading from central: https://repo.maven.apache.org/maven2/org/codehaus/plexus/plexus-utils/2.0.5/plexus-utils-2.0.5.pom
[0a95ec07-25c6-491b-9348-b7cdd7149fdd/build]   | [INFO] Downloaded from central: https://repo.maven.apache.org/maven2/org/codehaus/plexus/plexus-utils/2.0.5/plexus-utils-2.0.5.pom (3.3 kB at 46 kB/s)
[0a95ec07-25c6-491b-9348-b7cdd7149fdd/build]   | [INFO] Downloading from central: https://repo.maven.apache.org/maven2/org/codehaus/plexus/plexus/2.0.6/plexus-2.0.6.pom
[0a95ec07-25c6-491b-9348-b7cdd7149fdd/build]   | [INFO] Downloaded from central: https://repo.maven.apache.org/maven2/org/codehaus/plexus/plexus/2.0.6/plexus-2.0.6.pom (17 kB at 52 kB/s)
[0a95ec07-25c6-491b-9348-b7cdd7149fdd/build]   | [INFO] Downloading from central: https://repo.maven.apache.org/maven2/org/apache/maven/shared/maven-filtering/1.1/maven-filtering-1.1.pom
[0a95ec07-25c6-491b-9348-b7cdd7149fdd/build]   | [INFO] Downloaded from central: https://repo.maven.apache.org/maven2/org/apache/maven/shared/maven-filtering/1.1/maven-filtering-1.1.pom (5.8 kB at 175 kB/s)
[0a95ec07-25c6-491b-9348-b7cdd7149fdd/build]   | [INFO] Downloading from central: https://repo.maven.apache.org/maven2/org/apache/maven/shared/maven-shared-components/17/maven-shared-components-17.pom
[0a95ec07-25c6-491b-9348-b7cdd7149fdd/build]   | [INFO] Downloaded from central: https://repo.maven.apache.org/maven2/org/apache/maven/shared/maven-shared-components/17/maven-shared-components-17.pom (8.7 kB at 185 kB/s)
[0a95ec07-25c6-491b-9348-b7cdd7149fdd/build]   | [INFO] Downloading from central: https://repo.maven.apache.org/maven2/org/codehaus/plexus/plexus-utils/1.5.15/plexus-utils-1.5.15.pom
[0a95ec07-25c6-491b-9348-b7cdd7149fdd/build]   | [INFO] Downloaded from central: https://repo.maven.apache.org/maven2/org/codehaus/plexus/plexus-utils/1.5.15/plexus-utils-1.5.15.pom (6.8 kB at 81 kB/s)
[0a95ec07-25c6-491b-9348-b7cdd7149fdd/build]   | [INFO] Downloading from central: https://repo.maven.apache.org/maven2/org/codehaus/plexus/plexus/2.0.2/plexus-2.0.2.pom
[0a95ec07-25c6-491b-9348-b7cdd7149fdd/build]   | [INFO] Downloaded from central: https://repo.maven.apache.org/maven2/org/codehaus/plexus/plexus/2.0.2/plexus-2.0.2.pom (12 kB at 306 kB/s)
[0a95ec07-25c6-491b-9348-b7cdd7149fdd/build]   | [INFO] Downloading from central: https://repo.maven.apache.org/maven2/org/codehaus/plexus/plexus-interpolation/1.12/plexus-interpolation-1.12.pom
[0a95ec07-25c6-491b-9348-b7cdd7149fdd/build]   | [INFO] Downloaded from central: https://repo.maven.apache.org/maven2/org/codehaus/plexus/plexus-interpolation/1.12/plexus-interpolation-1.12.pom (889 B at 47 kB/s)
[0a95ec07-25c6-491b-9348-b7cdd7149fdd/build]   | [INFO] Downloading from central: https://repo.maven.apache.org/maven2/org/codehaus/plexus/plexus-components/1.1.14/plexus-components-1.1.14.pom
[0a95ec07-25c6-491b-9348-b7cdd7149fdd/build]   | [INFO] Downloaded from central: https://repo.maven.apache.org/maven2/org/codehaus/plexus/plexus-components/1.1.14/plexus-components-1.1.14.pom (5.8 kB at 167 kB/s)
[0a95ec07-25c6-491b-9348-b7cdd7149fdd/build]   | [INFO] Downloading from central: https://repo.maven.apache.org/maven2/org/sonatype/plexus/plexus-build-api/0.0.4/plexus-build-api-0.0.4.pom
[0a95ec07-25c6-491b-9348-b7cdd7149fdd/build]   | [INFO] Downloaded from central: https://repo.maven.apache.org/maven2/org/sonatype/plexus/plexus-build-api/0.0.4/plexus-build-api-0.0.4.pom (2.9 kB at 84 kB/s)
[0a95ec07-25c6-491b-9348-b7cdd7149fdd/build]   | [INFO] Downloading from central: https://repo.maven.apache.org/maven2/org/sonatype/spice/spice-parent/10/spice-parent-10.pom
[0a95ec07-25c6-491b-9348-b7cdd7149fdd/build]   | [INFO] Downloaded from central: https://repo.maven.apache.org/maven2/org/sonatype/spice/spice-parent/10/spice-parent-10.pom (3.0 kB at 57 kB/s)
[0a95ec07-25c6-491b-9348-b7cdd7149fdd/build]   | [INFO] Downloading from central: https://repo.maven.apache.org/maven2/org/sonatype/forge/forge-parent/3/forge-parent-3.pom
[0a95ec07-25c6-491b-9348-b7cdd7149fdd/build]   | [INFO] Downloaded from central: https://repo.maven.apache.org/maven2/org/sonatype/forge/forge-parent/3/forge-parent-3.pom (5.0 kB at 77 kB/s)
[0a95ec07-25c6-491b-9348-b7cdd7149fdd/build]   | [INFO] Downloading from central: https://repo.maven.apache.org/maven2/org/codehaus/plexus/plexus-utils/1.5.8/plexus-utils-1.5.8.pom
[0a95ec07-25c6-491b-9348-b7cdd7149fdd/build]   | [INFO] Downloaded from central: https://repo.maven.apache.org/maven2/org/codehaus/plexus/plexus-utils/1.5.8/plexus-utils-1.5.8.pom (8.1 kB at 109 kB/s)
[0a95ec07-25c6-491b-9348-b7cdd7149fdd/build]   | [INFO] Downloading from central: https://repo.maven.apache.org/maven2/org/codehaus/plexus/plexus-interpolation/1.13/plexus-interpolation-1.13.pom
[0a95ec07-25c6-491b-9348-b7cdd7149fdd/build]   | [INFO] Downloaded from central: https://repo.maven.apache.org/maven2/org/codehaus/plexus/plexus-interpolation/1.13/plexus-interpolation-1.13.pom (890 B at 22 kB/s)
[0a95ec07-25c6-491b-9348-b7cdd7149fdd/build]   | [INFO] Downloading from central: https://repo.maven.apache.org/maven2/org/codehaus/plexus/plexus-components/1.1.15/plexus-components-1.1.15.pom
[0a95ec07-25c6-491b-9348-b7cdd7149fdd/build]   | [INFO] Downloaded from central: https://repo.maven.apache.org/maven2/org/codehaus/plexus/plexus-components/1.1.15/plexus-components-1.1.15.pom (2.8 kB at 89 kB/s)
[0a95ec07-25c6-491b-9348-b7cdd7149fdd/build]   | [INFO] Downloading from central: https://repo.maven.apache.org/maven2/org/codehaus/plexus/plexus/2.0.3/plexus-2.0.3.pom
[0a95ec07-25c6-491b-9348-b7cdd7149fdd/build]   | [INFO] Downloaded from central: https://repo.maven.apache.org/maven2/org/codehaus/plexus/plexus/2.0.3/plexus-2.0.3.pom (15 kB at 262 kB/s)
[0a95ec07-25c6-491b-9348-b7cdd7149fdd/build]   | [INFO] Downloading from central: https://repo.maven.apache.org/maven2/org/apache/maven/maven-plugin-api/2.0.6/maven-plugin-api-2.0.6.jar
[0a95ec07-25c6-491b-9348-b7cdd7149fdd/build]   | [INFO] Downloading from central: https://repo.maven.apache.org/maven2/org/apache/maven/maven-project/2.0.6/maven-project-2.0.6.jar
[0a95ec07-25c6-491b-9348-b7cdd7149fdd/build]   | [INFO] Downloading from central: https://repo.maven.apache.org/maven2/org/apache/maven/maven-profile/2.0.6/maven-profile-2.0.6.jar
[0a95ec07-25c6-491b-9348-b7cdd7149fdd/build]   | [INFO] Downloading from central: https://repo.maven.apache.org/maven2/org/apache/maven/maven-artifact-manager/2.0.6/maven-artifact-manager-2.0.6.jar
[0a95ec07-25c6-491b-9348-b7cdd7149fdd/build]   | [INFO] Downloading from central: https://repo.maven.apache.org/maven2/org/apache/maven/maven-plugin-registry/2.0.6/maven-plugin-registry-2.0.6.jar
[0a95ec07-25c6-491b-9348-b7cdd7149fdd/build]   | [INFO] Downloaded from central: https://repo.maven.apache.org/maven2/org/apache/maven/maven-plugin-api/2.0.6/maven-plugin-api-2.0.6.jar (13 kB at 184 kB/s)
[0a95ec07-25c6-491b-9348-b7cdd7149fdd/build]   | [INFO] Downloading from central: https://repo.maven.apache.org/maven2/org/apache/maven/maven-core/2.0.6/maven-core-2.0.6.jar
[0a95ec07-25c6-491b-9348-b7cdd7149fdd/build]   | [INFO] Downloaded from central: https://repo.maven.apache.org/maven2/org/apache/maven/maven-plugin-registry/2.0.6/maven-plugin-registry-2.0.6.jar (29 kB at 80 kB/s)
[0a95ec07-25c6-491b-9348-b7cdd7149fdd/build]   | [INFO] Downloading from central: https://repo.maven.apache.org/maven2/org/apache/maven/maven-plugin-parameter-documenter/2.0.6/maven-plugin-parameter-documenter-2.0.6.jar
[0a95ec07-25c6-491b-9348-b7cdd7149fdd/build]   | [INFO] Downloaded from central: https://repo.maven.apache.org/maven2/org/apache/maven/maven-profile/2.0.6/maven-profile-2.0.6.jar (35 kB at 94 kB/s)
[0a95ec07-25c6-491b-9348-b7cdd7149fdd/build]   | [INFO] Downloading from central: https://repo.maven.apache.org/maven2/org/apache/maven/reporting/maven-reporting-api/2.0.6/maven-reporting-api-2.0.6.jar
[0a95ec07-25c6-491b-9348-b7cdd7149fdd/build]   | [INFO] Downloaded from central: https://repo.maven.apache.org/maven2/org/apache/maven/maven-artifact-manager/2.0.6/maven-artifact-manager-2.0.6.jar (57 kB at 139 kB/s)
[0a95ec07-25c6-491b-9348-b7cdd7149fdd/build]   | [INFO] Downloading from central: https://repo.maven.apache.org/maven2/org/apache/maven/doxia/doxia-sink-api/1.0-alpha-7/doxia-sink-api-1.0-alpha-7.jar
[0a95ec07-25c6-491b-9348-b7cdd7149fdd/build]   | [INFO] Downloaded from central: https://repo.maven.apache.org/maven2/org/apache/maven/reporting/maven-reporting-api/2.0.6/maven-reporting-api-2.0.6.jar (9.9 kB at 23 kB/s)
[0a95ec07-25c6-491b-9348-b7cdd7149fdd/build]   | [INFO] Downloading from central: https://repo.maven.apache.org/maven2/org/apache/maven/maven-repository-metadata/2.0.6/maven-repository-metadata-2.0.6.jar
[0a95ec07-25c6-491b-9348-b7cdd7149fdd/build]   | [INFO] Downloaded from central: https://repo.maven.apache.org/maven2/org/apache/maven/maven-plugin-parameter-documenter/2.0.6/maven-plugin-parameter-documenter-2.0.6.jar (21 kB at 39 kB/s)
[0a95ec07-25c6-491b-9348-b7cdd7149fdd/build]   | [INFO] Downloading from central: https://repo.maven.apache.org/maven2/org/apache/maven/maven-error-diagnostics/2.0.6/maven-error-diagnostics-2.0.6.jar
[0a95ec07-25c6-491b-9348-b7cdd7149fdd/build]   | [INFO] Downloaded from central: https://repo.maven.apache.org/maven2/org/apache/maven/maven-repository-metadata/2.0.6/maven-repository-metadata-2.0.6.jar (24 kB at 45 kB/s)
[0a95ec07-25c6-491b-9348-b7cdd7149fdd/build]   | [INFO] Downloading from central: https://repo.maven.apache.org/maven2/commons-cli/commons-cli/1.0/commons-cli-1.0.jar
[0a95ec07-25c6-491b-9348-b7cdd7149fdd/build]   | [INFO] Downloaded from central: https://repo.maven.apache.org/maven2/org/apache/maven/maven-error-diagnostics/2.0.6/maven-error-diagnostics-2.0.6.jar (14 kB at 23 kB/s)
[0a95ec07-25c6-491b-9348-b7cdd7149fdd/build]   | [INFO] Downloading from central: https://repo.maven.apache.org/maven2/org/apache/maven/maven-plugin-descriptor/2.0.6/maven-plugin-descriptor-2.0.6.jar
[0a95ec07-25c6-491b-9348-b7cdd7149fdd/build]   | [INFO] Downloaded from central: https://repo.maven.apache.org/maven2/org/apache/maven/maven-project/2.0.6/maven-project-2.0.6.jar (116 kB at 143 kB/s)
[0a95ec07-25c6-491b-9348-b7cdd7149fdd/build]   | [INFO] Downloading from central: https://repo.maven.apache.org/maven2/org/codehaus/plexus/plexus-interactivity-api/1.0-alpha-4/plexus-interactivity-api-1.0-alpha-4.jar
[0a95ec07-25c6-491b-9348-b7cdd7149fdd/build]   | [INFO] Downloaded from central: https://repo.maven.apache.org/maven2/org/codehaus/plexus/plexus-interactivity-api/1.0-alpha-4/plexus-interactivity-api-1.0-alpha-4.jar (13 kB at 15 kB/s)
[0a95ec07-25c6-491b-9348-b7cdd7149fdd/build]   | [INFO] Downloading from central: https://repo.maven.apache.org/maven2/classworlds/classworlds/1.1/classworlds-1.1.jar
[0a95ec07-25c6-491b-9348-b7cdd7149fdd/build]   | [INFO] Downloaded from central: https://repo.maven.apache.org/maven2/commons-cli/commons-cli/1.0/commons-cli-1.0.jar (30 kB at 33 kB/s)
[0a95ec07-25c6-491b-9348-b7cdd7149fdd/build]   | [INFO] Downloading from central: https://repo.maven.apache.org/maven2/org/apache/maven/maven-artifact/2.0.6/maven-artifact-2.0.6.jar
[0a95ec07-25c6-491b-9348-b7cdd7149fdd/build]   | [INFO] Downloaded from central: https://repo.maven.apache.org/maven2/classworlds/classworlds/1.1/classworlds-1.1.jar (38 kB at 34 kB/s)
[0a95ec07-25c6-491b-9348-b7cdd7149fdd/build]   | [INFO] Downloading from central: https://repo.maven.apache.org/maven2/org/apache/maven/maven-settings/2.0.6/maven-settings-2.0.6.jar
[0a95ec07-25c6-491b-9348-b7cdd7149fdd/build]   | [INFO] Downloaded from central: https://repo.maven.apache.org/maven2/org/apache/maven/maven-settings/2.0.6/maven-settings-2.0.6.jar (49 kB at 38 kB/s)
[0a95ec07-25c6-491b-9348-b7cdd7149fdd/build]   | [INFO] Downloading from central: https://repo.maven.apache.org/maven2/org/apache/maven/maven-model/2.0.6/maven-model-2.0.6.jar
[0a95ec07-25c6-491b-9348-b7cdd7149fdd/build]   | [INFO] Downloaded from central: https://repo.maven.apache.org/maven2/org/apache/maven/doxia/doxia-sink-api/1.0-alpha-7/doxia-sink-api-1.0-alpha-7.jar (5.9 kB at 4.4 kB/s)
[0a95ec07-25c6-491b-9348-b7cdd7149fdd/build]   | [INFO] Downloading from central: https://repo.maven.apache.org/maven2/org/apache/maven/maven-monitor/2.0.6/maven-monitor-2.0.6.jar
[0a95ec07-25c6-491b-9348-b7cdd7149fdd/build]   | [INFO] Downloaded from central: https://repo.maven.apache.org/maven2/org/apache/maven/maven-plugin-descriptor/2.0.6/maven-plugin-descriptor-2.0.6.jar (37 kB at 26 kB/s)
[0a95ec07-25c6-491b-9348-b7cdd7149fdd/build]   | [INFO] Downloading from central: https://repo.maven.apache.org/maven2/org/codehaus/plexus/plexus-container-default/1.0-alpha-9-stable-1/plexus-container-default-1.0-alpha-9-stable-1.jar
[0a95ec07-25c6-491b-9348-b7cdd7149fdd/build]   | [INFO] Downloaded from central: https://repo.maven.apache.org/maven2/org/apache/maven/maven-monitor/2.0.6/maven-monitor-2.0.6.jar (10 kB at 7.1 kB/s)
[0a95ec07-25c6-491b-9348-b7cdd7149fdd/build]   | [INFO] Downloading from central: https://repo.maven.apache.org/maven2/junit/junit/3.8.1/junit-3.8.1.jar
[0a95ec07-25c6-491b-9348-b7cdd7149fdd/build]   | [INFO] Downloaded from central: https://repo.maven.apache.org/maven2/org/apache/maven/maven-model/2.0.6/maven-model-2.0.6.jar (86 kB at 46 kB/s)
[0a95ec07-25c6-491b-9348-b7cdd7149fdd/build]   | [INFO] Downloading from central: https://repo.maven.apache.org/maven2/org/codehaus/plexus/plexus-utils/2.0.5/plexus-utils-2.0.5.jar
[0a95ec07-25c6-491b-9348-b7cdd7149fdd/build]   | [INFO] Downloaded from central: https://repo.maven.apache.org/maven2/org/apache/maven/maven-core/2.0.6/maven-core-2.0.6.jar (152 kB at 78 kB/s)
[0a95ec07-25c6-491b-9348-b7cdd7149fdd/build]   | [INFO] Downloading from central: https://repo.maven.apache.org/maven2/org/apache/maven/shared/maven-filtering/1.1/maven-filtering-1.1.jar
[0a95ec07-25c6-491b-9348-b7cdd7149fdd/build]   | [INFO] Downloaded from central: https://repo.maven.apache.org/maven2/org/apache/maven/shared/maven-filtering/1.1/maven-filtering-1.1.jar (43 kB at 22 kB/s)
[0a95ec07-25c6-491b-9348-b7cdd7149fdd/build]   | [INFO] Downloading from central: https://repo.maven.apache.org/maven2/org/sonatype/plexus/plexus-build-api/0.0.4/plexus-build-api-0.0.4.jar
[0a95ec07-25c6-491b-9348-b7cdd7149fdd/build]   | [INFO] Downloaded from central: https://repo.maven.apache.org/maven2/org/apache/maven/maven-artifact/2.0.6/maven-artifact-2.0.6.jar (87 kB at 44 kB/s)
[0a95ec07-25c6-491b-9348-b7cdd7149fdd/build]   | [INFO] Downloading from central: https://repo.maven.apache.org/maven2/org/codehaus/plexus/plexus-interpolation/1.13/plexus-interpolation-1.13.jar
[0a95ec07-25c6-491b-9348-b7cdd7149fdd/build]   | [INFO] Downloaded from central: https://repo.maven.apache.org/maven2/org/codehaus/plexus/plexus-container-default/1.0-alpha-9-stable-1/plexus-container-default-1.0-alpha-9-stable-1.jar (194 kB at 97 kB/s)
[0a95ec07-25c6-491b-9348-b7cdd7149fdd/build]   | [INFO] Downloaded from central: https://repo.maven.apache.org/maven2/junit/junit/3.8.1/junit-3.8.1.jar (121 kB at 60 kB/s)
[0a95ec07-25c6-491b-9348-b7cdd7149fdd/build]   | [INFO] Downloaded from central: https://repo.maven.apache.org/maven2/org/sonatype/plexus/plexus-build-api/0.0.4/plexus-build-api-0.0.4.jar (6.8 kB at 3.4 kB/s)
[0a95ec07-25c6-491b-9348-b7cdd7149fdd/build]   | [INFO] Downloaded from central: https://repo.maven.apache.org/maven2/org/codehaus/plexus/plexus-interpolation/1.13/plexus-interpolation-1.13.jar (61 kB at 30 kB/s)
[0a95ec07-25c6-491b-9348-b7cdd7149fdd/build]   | [INFO] Downloaded from central: https://repo.maven.apache.org/maven2/org/codehaus/plexus/plexus-utils/2.0.5/plexus-utils-2.0.5.jar (223 kB at 104 kB/s)
[0a95ec07-25c6-491b-9348-b7cdd7149fdd/build]   | [INFO] Using 'UTF-8' encoding to copy filtered resources.
[0a95ec07-25c6-491b-9348-b7cdd7149fdd/build]   | [INFO] Copying 20 resources
[0a95ec07-25c6-491b-9348-b7cdd7149fdd/build]   | [INFO] 
[0a95ec07-25c6-491b-9348-b7cdd7149fdd/build]   | [INFO] --- maven-compiler-plugin:3.8.1:compile (default-compile) @ device-detector ---
[0a95ec07-25c6-491b-9348-b7cdd7149fdd/build]   | [INFO] Downloading from central: https://repo.maven.apache.org/maven2/org/apache/maven/maven-plugin-api/3.0/maven-plugin-api-3.0.pom
[0a95ec07-25c6-491b-9348-b7cdd7149fdd/build]   | [INFO] Downloaded from central: https://repo.maven.apache.org/maven2/org/apache/maven/maven-plugin-api/3.0/maven-plugin-api-3.0.pom (2.3 kB at 92 kB/s)
[0a95ec07-25c6-491b-9348-b7cdd7149fdd/build]   | [INFO] Downloading from central: https://repo.maven.apache.org/maven2/org/apache/maven/maven/3.0/maven-3.0.pom
[0a95ec07-25c6-491b-9348-b7cdd7149fdd/build]   | [INFO] Downloaded from central: https://repo.maven.apache.org/maven2/org/apache/maven/maven/3.0/maven-3.0.pom (22 kB at 952 kB/s)
[0a95ec07-25c6-491b-9348-b7cdd7149fdd/build]   | [INFO] Downloading from central: https://repo.maven.apache.org/maven2/org/apache/maven/maven-parent/15/maven-parent-15.pom
[0a95ec07-25c6-491b-9348-b7cdd7149fdd/build]   | [INFO] Downloaded from central: https://repo.maven.apache.org/maven2/org/apache/maven/maven-parent/15/maven-parent-15.pom (24 kB at 436 kB/s)
[0a95ec07-25c6-491b-9348-b7cdd7149fdd/build]   | [INFO] Downloading from central: https://repo.maven.apache.org/maven2/org/apache/apache/6/apache-6.pom
[0a95ec07-25c6-491b-9348-b7cdd7149fdd/build]   | [INFO] Downloaded from central: https://repo.maven.apache.org/maven2/org/apache/apache/6/apache-6.pom (13 kB at 400 kB/s)
[0a95ec07-25c6-491b-9348-b7cdd7149fdd/build]   | [INFO] Downloading from central: https://repo.maven.apache.org/maven2/org/apache/maven/maven-model/3.0/maven-model-3.0.pom
[0a95ec07-25c6-491b-9348-b7cdd7149fdd/build]   | [INFO] Downloaded from central: https://repo.maven.apache.org/maven2/org/apache/maven/maven-model/3.0/maven-model-3.0.pom (3.9 kB at 134 kB/s)
[0a95ec07-25c6-491b-9348-b7cdd7149fdd/build]   | [INFO] Downloading from central: https://repo.maven.apache.org/maven2/org/codehaus/plexus/plexus-utils/2.0.4/plexus-utils-2.0.4.pom
[0a95ec07-25c6-491b-9348-b7cdd7149fdd/build]   | [INFO] Downloaded from central: https://repo.maven.apache.org/maven2/org/codehaus/plexus/plexus-utils/2.0.4/plexus-utils-2.0.4.pom (3.3 kB at 159 kB/s)
[0a95ec07-25c6-491b-9348-b7cdd7149fdd/build]   | [INFO] Downloading from central: https://repo.maven.apache.org/maven2/org/apache/maven/maven-artifact/3.0/maven-artifact-3.0.pom
[0a95ec07-25c6-491b-9348-b7cdd7149fdd/build]   | [INFO] Downloaded from central: https://repo.maven.apache.org/maven2/org/apache/maven/maven-artifact/3.0/maven-artifact-3.0.pom (1.9 kB at 37 kB/s)
[0a95ec07-25c6-491b-9348-b7cdd7149fdd/build]   | [INFO] Downloading from central: https://repo.maven.apache.org/maven2/org/sonatype/sisu/sisu-inject-plexus/1.4.2/sisu-inject-plexus-1.4.2.pom
[0a95ec07-25c6-491b-9348-b7cdd7149fdd/build]   | [INFO] Downloaded from central: https://repo.maven.apache.org/maven2/org/sonatype/sisu/sisu-inject-plexus/1.4.2/sisu-inject-plexus-1.4.2.pom (5.4 kB at 125 kB/s)
[0a95ec07-25c6-491b-9348-b7cdd7149fdd/build]   | [INFO] Downloading from central: https://repo.maven.apache.org/maven2/org/sonatype/sisu/inject/guice-plexus/1.4.2/guice-plexus-1.4.2.pom
[0a95ec07-25c6-491b-9348-b7cdd7149fdd/build]   | [INFO] Downloaded from central: https://repo.maven.apache.org/maven2/org/sonatype/sisu/inject/guice-plexus/1.4.2/guice-plexus-1.4.2.pom (3.1 kB at 165 kB/s)
[0a95ec07-25c6-491b-9348-b7cdd7149fdd/build]   | [INFO] Downloading from central: https://repo.maven.apache.org/maven2/org/sonatype/sisu/inject/guice-bean/1.4.2/guice-bean-1.4.2.pom
[0a95ec07-25c6-491b-9348-b7cdd7149fdd/build]   | [INFO] Downloaded from central: https://repo.maven.apache.org/maven2/org/sonatype/sisu/inject/guice-bean/1.4.2/guice-bean-1.4.2.pom (2.6 kB at 153 kB/s)
[0a95ec07-25c6-491b-9348-b7cdd7149fdd/build]   | [INFO] Downloading from central: https://repo.maven.apache.org/maven2/org/sonatype/sisu/sisu-inject/1.4.2/sisu-inject-1.4.2.pom
[0a95ec07-25c6-491b-9348-b7cdd7149fdd/build]   | [INFO] Downloaded from central: https://repo.maven.apache.org/maven2/org/sonatype/sisu/sisu-inject/1.4.2/sisu-inject-1.4.2.pom (1.2 kB at 52 kB/s)
[0a95ec07-25c6-491b-9348-b7cdd7149fdd/build]   | [INFO] Downloading from central: https://repo.maven.apache.org/maven2/org/sonatype/sisu/sisu-parent/1.4.2/sisu-parent-1.4.2.pom
[0a95ec07-25c6-491b-9348-b7cdd7149fdd/build]   | [INFO] Downloaded from central: https://repo.maven.apache.org/maven2/org/sonatype/sisu/sisu-parent/1.4.2/sisu-parent-1.4.2.pom (7.8 kB at 409 kB/s)
[0a95ec07-25c6-491b-9348-b7cdd7149fdd/build]   | [INFO] Downloading from central: https://repo.maven.apache.org/maven2/org/sonatype/forge/forge-parent/6/forge-parent-6.pom
[0a95ec07-25c6-491b-9348-b7cdd7149fdd/build]   | [INFO] Downloaded from central: https://repo.maven.apache.org/maven2/org/sonatype/forge/forge-parent/6/forge-parent-6.pom (11 kB at 430 kB/s)
[0a95ec07-25c6-491b-9348-b7cdd7149fdd/build]   | [INFO] Downloading from central: https://repo.maven.apache.org/maven2/org/codehaus/plexus/plexus-component-annotations/1.7.1/plexus-component-annotations-1.7.1.pom
[0a95ec07-25c6-491b-9348-b7cdd7149fdd/build]   | [INFO] Downloaded from central: https://repo.maven.apache.org/maven2/org/codehaus/plexus/plexus-component-annotations/1.7.1/plexus-component-annotations-1.7.1.pom (770 B at 33 kB/s)
[0a95ec07-25c6-491b-9348-b7cdd7149fdd/build]   | [INFO] Downloading from central: https://repo.maven.apache.org/maven2/org/codehaus/plexus/plexus-containers/1.7.1/plexus-containers-1.7.1.pom
[0a95ec07-25c6-491b-9348-b7cdd7149fdd/build]   | [INFO] Downloaded from central: https://repo.maven.apache.org/maven2/org/codehaus/plexus/plexus-containers/1.7.1/plexus-containers-1.7.1.pom (5.0 kB at 157 kB/s)
[0a95ec07-25c6-491b-9348-b7cdd7149fdd/build]   | [INFO] Downloading from central: https://repo.maven.apache.org/maven2/org/codehaus/plexus/plexus/4.0/plexus-4.0.pom
[0a95ec07-25c6-491b-9348-b7cdd7149fdd/build]   | [INFO] Downloaded from central: https://repo.maven.apache.org/maven2/org/codehaus/plexus/plexus/4.0/plexus-4.0.pom (22 kB at 694 kB/s)
[0a95ec07-25c6-491b-9348-b7cdd7149fdd/build]   | [INFO] Downloading from central: https://repo.maven.apache.org/maven2/org/sonatype/forge/forge-parent/10/forge-parent-10.pom
[0a95ec07-25c6-491b-9348-b7cdd7149fdd/build]   | [INFO] Downloaded from central: https://repo.maven.apache.org/maven2/org/sonatype/forge/forge-parent/10/forge-parent-10.pom (14 kB at 502 kB/s)
[0a95ec07-25c6-491b-9348-b7cdd7149fdd/build]   | [INFO] Downloading from central: https://repo.maven.apache.org/maven2/org/codehaus/plexus/plexus-classworlds/2.2.3/plexus-classworlds-2.2.3.pom
[0a95ec07-25c6-491b-9348-b7cdd7149fdd/build]   | [INFO] Downloaded from central: https://repo.maven.apache.org/maven2/org/codehaus/plexus/plexus-classworlds/2.2.3/plexus-classworlds-2.2.3.pom (4.0 kB at 138 kB/s)
[0a95ec07-25c6-491b-9348-b7cdd7149fdd/build]   | [INFO] Downloading from central: https://repo.maven.apache.org/maven2/org/sonatype/sisu/sisu-inject-bean/1.4.2/sisu-inject-bean-1.4.2.pom
[0a95ec07-25c6-491b-9348-b7cdd7149fdd/build]   | [INFO] Downloaded from central: https://repo.maven.apache.org/maven2/org/sonatype/sisu/sisu-inject-bean/1.4.2/sisu-inject-bean-1.4.2.pom (5.5 kB at 195 kB/s)
[0a95ec07-25c6-491b-9348-b7cdd7149fdd/build]   | [INFO] Downloading from central: https://repo.maven.apache.org/maven2/org/sonatype/sisu/sisu-guice/2.1.7/sisu-guice-2.1.7.pom
[0a95ec07-25c6-491b-9348-b7cdd7149fdd/build]   | [INFO] Downloaded from central: https://repo.maven.apache.org/maven2/org/sonatype/sisu/sisu-guice/2.1.7/sisu-guice-2.1.7.pom (11 kB at 410 kB/s)
[0a95ec07-25c6-491b-9348-b7cdd7149fdd/build]   | [INFO] Downloading from central: https://repo.maven.apache.org/maven2/org/apache/maven/maven-core/3.0/maven-core-3.0.pom
[0a95ec07-25c6-491b-9348-b7cdd7149fdd/build]   | [INFO] Downloaded from central: https://repo.maven.apache.org/maven2/org/apache/maven/maven-core/3.0/maven-core-3.0.pom (6.6 kB at 288 kB/s)
[0a95ec07-25c6-491b-9348-b7cdd7149fdd/build]   | [INFO] Downloading from central: https://repo.maven.apache.org/maven2/org/apache/maven/maven-settings/3.0/maven-settings-3.0.pom
[0a95ec07-25c6-491b-9348-b7cdd7149fdd/build]   | [INFO] Downloaded from central: https://repo.maven.apache.org/maven2/org/apache/maven/maven-settings/3.0/maven-settings-3.0.pom (1.9 kB at 75 kB/s)
[0a95ec07-25c6-491b-9348-b7cdd7149fdd/build]   | [INFO] Downloading from central: https://repo.maven.apache.org/maven2/org/apache/maven/maven-settings-builder/3.0/maven-settings-builder-3.0.pom
[0a95ec07-25c6-491b-9348-b7cdd7149fdd/build]   | [INFO] Downloaded from central: https://repo.maven.apache.org/maven2/org/apache/maven/maven-settings-builder/3.0/maven-settings-builder-3.0.pom (2.2 kB at 43 kB/s)
[0a95ec07-25c6-491b-9348-b7cdd7149fdd/build]   | [INFO] Downloading from central: https://repo.maven.apache.org/maven2/org/codehaus/plexus/plexus-interpolation/1.14/plexus-interpolation-1.14.pom
[0a95ec07-25c6-491b-9348-b7cdd7149fdd/build]   | [INFO] Downloaded from central: https://repo.maven.apache.org/maven2/org/codehaus/plexus/plexus-interpolation/1.14/plexus-interpolation-1.14.pom (910 B at 43 kB/s)
[0a95ec07-25c6-491b-9348-b7cdd7149fdd/build]   | [INFO] Downloading from central: https://repo.maven.apache.org/maven2/org/codehaus/plexus/plexus-components/1.1.18/plexus-components-1.1.18.pom
[0a95ec07-25c6-491b-9348-b7cdd7149fdd/build]   | [INFO] Downloaded from central: https://repo.maven.apache.org/maven2/org/codehaus/plexus/plexus-components/1.1.18/plexus-components-1.1.18.pom (5.4 kB at 173 kB/s)
[0a95ec07-25c6-491b-9348-b7cdd7149fdd/build]   | [INFO] Downloading from central: https://repo.maven.apache.org/maven2/org/codehaus/plexus/plexus/2.0.7/plexus-2.0.7.pom
[0a95ec07-25c6-491b-9348-b7cdd7149fdd/build]   | [INFO] Downloaded from central: https://repo.maven.apache.org/maven2/org/codehaus/plexus/plexus/2.0.7/plexus-2.0.7.pom (17 kB at 961 kB/s)
[0a95ec07-25c6-491b-9348-b7cdd7149fdd/build]   | [INFO] Downloading from central: https://repo.maven.apache.org/maven2/org/sonatype/plexus/plexus-sec-dispatcher/1.3/plexus-sec-dispatcher-1.3.pom
[0a95ec07-25c6-491b-9348-b7cdd7149fdd/build]   | [INFO] Downloaded from central: https://repo.maven.apache.org/maven2/org/sonatype/plexus/plexus-sec-dispatcher/1.3/plexus-sec-dispatcher-1.3.pom (3.0 kB at 96 kB/s)
[0a95ec07-25c6-491b-9348-b7cdd7149fdd/build]   | [INFO] Downloading from central: https://repo.maven.apache.org/maven2/org/sonatype/spice/spice-parent/12/spice-parent-12.pom
[0a95ec07-25c6-491b-9348-b7cdd7149fdd/build]   | [INFO] Downloaded from central: https://repo.maven.apache.org/maven2/org/sonatype/spice/spice-parent/12/spice-parent-12.pom (6.8 kB at 261 kB/s)
[0a95ec07-25c6-491b-9348-b7cdd7149fdd/build]   | [INFO] Downloading from central: https://repo.maven.apache.org/maven2/org/sonatype/forge/forge-parent/4/forge-parent-4.pom
[0a95ec07-25c6-491b-9348-b7cdd7149fdd/build]   | [INFO] Downloaded from central: https://repo.maven.apache.org/maven2/org/sonatype/forge/forge-parent/4/forge-parent-4.pom (8.4 kB at 494 kB/s)
[0a95ec07-25c6-491b-9348-b7cdd7149fdd/build]   | [INFO] Downloading from central: https://repo.maven.apache.org/maven2/org/codehaus/plexus/plexus-utils/1.5.5/plexus-utils-1.5.5.pom
[0a95ec07-25c6-491b-9348-b7cdd7149fdd/build]   | [INFO] Downloaded from central: https://repo.maven.apache.org/maven2/org/codehaus/plexus/plexus-utils/1.5.5/plexus-utils-1.5.5.pom (5.1 kB at 322 kB/s)
[0a95ec07-25c6-491b-9348-b7cdd7149fdd/build]   | [INFO] Downloading from central: https://repo.maven.apache.org/maven2/org/sonatype/plexus/plexus-cipher/1.4/plexus-cipher-1.4.pom
[0a95ec07-25c6-491b-9348-b7cdd7149fdd/build]   | [INFO] Downloaded from central: https://repo.maven.apache.org/maven2/org/sonatype/plexus/plexus-cipher/1.4/plexus-cipher-1.4.pom (2.1 kB at 159 kB/s)
[0a95ec07-25c6-491b-9348-b7cdd7149fdd/build]   | [INFO] Downloading from central: https://repo.maven.apache.org/maven2/org/apache/maven/maven-repository-metadata/3.0/maven-repository-metadata-3.0.pom
[0a95ec07-25c6-491b-9348-b7cdd7149fdd/build]   | [INFO] Downloaded from central: https://repo.maven.apache.org/maven2/org/apache/maven/maven-repository-metadata/3.0/maven-repository-metadata-3.0.pom (1.9 kB at 107 kB/s)
[0a95ec07-25c6-491b-9348-b7cdd7149fdd/build]   | [INFO] Downloading from central: https://repo.maven.apache.org/maven2/org/apache/maven/maven-model-builder/3.0/maven-model-builder-3.0.pom
[0a95ec07-25c6-491b-9348-b7cdd7149fdd/build]   | [INFO] Downloaded from central: https://repo.maven.apache.org/maven2/org/apache/maven/maven-model-builder/3.0/maven-model-builder-3.0.pom (2.2 kB at 107 kB/s)
[0a95ec07-25c6-491b-9348-b7cdd7149fdd/build]   | [INFO] Downloading from central: https://repo.maven.apache.org/maven2/org/apache/maven/maven-aether-provider/3.0/maven-aether-provider-3.0.pom
[0a95ec07-25c6-491b-9348-b7cdd7149fdd/build]   | [INFO] Downloaded from central: https://repo.maven.apache.org/maven2/org/apache/maven/maven-aether-provider/3.0/maven-aether-provider-3.0.pom (2.5 kB at 137 kB/s)
[0a95ec07-25c6-491b-9348-b7cdd7149fdd/build]   | [INFO] Downloading from central: https://repo.maven.apache.org/maven2/org/sonatype/aether/aether-api/1.7/aether-api-1.7.pom
[0a95ec07-25c6-491b-9348-b7cdd7149fdd/build]   | [INFO] Downloaded from central: https://repo.maven.apache.org/maven2/org/sonatype/aether/aether-api/1.7/aether-api-1.7.pom (1.7 kB at 67 kB/s)
[0a95ec07-25c6-491b-9348-b7cdd7149fdd/build]   | [INFO] Downloading from central: https://repo.maven.apache.org/maven2/org/sonatype/aether/aether-parent/1.7/aether-parent-1.7.pom
[0a95ec07-25c6-491b-9348-b7cdd7149fdd/build]   | [INFO] Downloaded from central: https://repo.maven.apache.org/maven2/org/sonatype/aether/aether-parent/1.7/aether-parent-1.7.pom (7.7 kB at 407 kB/s)
[0a95ec07-25c6-491b-9348-b7cdd7149fdd/build]   | [INFO] Downloading from central: https://repo.maven.apache.org/maven2/org/sonatype/aether/aether-util/1.7/aether-util-1.7.pom
[0a95ec07-25c6-491b-9348-b7cdd7149fdd/build]   | [INFO] Downloaded from central: https://repo.maven.apache.org/maven2/org/sonatype/aether/aether-util/1.7/aether-util-1.7.pom (2.1 kB at 115 kB/s)
[0a95ec07-25c6-491b-9348-b7cdd7149fdd/build]   | [INFO] Downloading from central: https://repo.maven.apache.org/maven2/org/sonatype/aether/aether-impl/1.7/aether-impl-1.7.pom
[0a95ec07-25c6-491b-9348-b7cdd7149fdd/build]   | [INFO] Downloaded from central: https://repo.maven.apache.org/maven2/org/sonatype/aether/aether-impl/1.7/aether-impl-1.7.pom (3.7 kB at 70 kB/s)
[0a95ec07-25c6-491b-9348-b7cdd7149fdd/build]   | [INFO] Downloading from central: https://repo.maven.apache.org/maven2/org/sonatype/aether/aether-spi/1.7/aether-spi-1.7.pom
[0a95ec07-25c6-491b-9348-b7cdd7149fdd/build]   | [INFO] Downloaded from central: https://repo.maven.apache.org/maven2/org/sonatype/aether/aether-spi/1.7/aether-spi-1.7.pom (1.7 kB at 79 kB/s)
[0a95ec07-25c6-491b-9348-b7cdd7149fdd/build]   | [INFO] Downloading from central: https://repo.maven.apache.org/maven2/org/apache/maven/shared/maven-shared-utils/3.2.1/maven-shared-utils-3.2.1.pom
[0a95ec07-25c6-491b-9348-b7cdd7149fdd/build]   | [INFO] Downloaded from central: https://repo.maven.apache.org/maven2/org/apache/maven/shared/maven-shared-utils/3.2.1/maven-shared-utils-3.2.1.pom (5.6 kB at 352 kB/s)
[0a95ec07-25c6-491b-9348-b7cdd7149fdd/build]   | [INFO] Downloading from central: https://repo.maven.apache.org/maven2/org/apache/maven/shared/maven-shared-components/30/maven-shared-components-30.pom
[0a95ec07-25c6-491b-9348-b7cdd7149fdd/build]   | [INFO] Downloaded from central: https://repo.maven.apache.org/maven2/org/apache/maven/shared/maven-shared-components/30/maven-shared-components-30.pom (4.6 kB at 306 kB/s)
[0a95ec07-25c6-491b-9348-b7cdd7149fdd/build]   | [INFO] Downloading from central: https://repo.maven.apache.org/maven2/org/apache/maven/maven-parent/30/maven-parent-30.pom
[0a95ec07-25c6-491b-9348-b7cdd7149fdd/build]   | [INFO] Downloaded from central: https://repo.maven.apache.org/maven2/org/apache/maven/maven-parent/30/maven-parent-30.pom (41 kB at 1.7 MB/s)
[0a95ec07-25c6-491b-9348-b7cdd7149fdd/build]   | [INFO] Downloading from central: https://repo.maven.apache.org/maven2/org/apache/apache/18/apache-18.pom
[0a95ec07-25c6-491b-9348-b7cdd7149fdd/build]   | [INFO] Downloaded from central: https://repo.maven.apache.org/maven2/org/apache/apache/18/apache-18.pom (16 kB at 783 kB/s)
[0a95ec07-25c6-491b-9348-b7cdd7149fdd/build]   | [INFO] Downloading from central: https://repo.maven.apache.org/maven2/commons-io/commons-io/2.5/commons-io-2.5.pom
[0a95ec07-25c6-491b-9348-b7cdd7149fdd/build]   | [INFO] Downloaded from central: https://repo.maven.apache.org/maven2/commons-io/commons-io/2.5/commons-io-2.5.pom (13 kB at 458 kB/s)
[0a95ec07-25c6-491b-9348-b7cdd7149fdd/build]   | [INFO] Downloading from central: https://repo.maven.apache.org/maven2/org/apache/commons/commons-parent/39/commons-parent-39.pom
[0a95ec07-25c6-491b-9348-b7cdd7149fdd/build]   | [INFO] Downloaded from central: https://repo.maven.apache.org/maven2/org/apache/commons/commons-parent/39/commons-parent-39.pom (62 kB at 2.1 MB/s)
[0a95ec07-25c6-491b-9348-b7cdd7149fdd/build]   | [INFO] Downloading from central: https://repo.maven.apache.org/maven2/org/apache/apache/16/apache-16.pom
[0a95ec07-25c6-491b-9348-b7cdd7149fdd/build]   | [INFO] Downloaded from central: https://repo.maven.apache.org/maven2/org/apache/apache/16/apache-16.pom (15 kB at 616 kB/s)
[0a95ec07-25c6-491b-9348-b7cdd7149fdd/build]   | [INFO] Downloading from central: https://repo.maven.apache.org/maven2/org/apache/maven/shared/maven-shared-incremental/1.1/maven-shared-incremental-1.1.pom
[0a95ec07-25c6-491b-9348-b7cdd7149fdd/build]   | [INFO] Downloaded from central: https://repo.maven.apache.org/maven2/org/apache/maven/shared/maven-shared-incremental/1.1/maven-shared-incremental-1.1.pom (4.7 kB at 279 kB/s)
[0a95ec07-25c6-491b-9348-b7cdd7149fdd/build]   | [INFO] Downloading from central: https://repo.maven.apache.org/maven2/org/apache/maven/shared/maven-shared-components/19/maven-shared-components-19.pom
[0a95ec07-25c6-491b-9348-b7cdd7149fdd/build]   | [INFO] Downloaded from central: https://repo.maven.apache.org/maven2/org/apache/maven/shared/maven-shared-components/19/maven-shared-components-19.pom (6.4 kB at 374 kB/s)
[0a95ec07-25c6-491b-9348-b7cdd7149fdd/build]   | [INFO] Downloading from central: https://repo.maven.apache.org/maven2/org/apache/maven/maven-parent/23/maven-parent-23.pom
[0a95ec07-25c6-491b-9348-b7cdd7149fdd/build]   | [INFO] Downloaded from central: https://repo.maven.apache.org/maven2/org/apache/maven/maven-parent/23/maven-parent-23.pom (33 kB at 1.4 MB/s)
[0a95ec07-25c6-491b-9348-b7cdd7149fdd/build]   | [INFO] Downloading from central: https://repo.maven.apache.org/maven2/org/apache/apache/13/apache-13.pom
[0a95ec07-25c6-491b-9348-b7cdd7149fdd/build]   | [INFO] Downloaded from central: https://repo.maven.apache.org/maven2/org/apache/apache/13/apache-13.pom (14 kB at 582 kB/s)
[0a95ec07-25c6-491b-9348-b7cdd7149fdd/build]   | [INFO] Downloading from central: https://repo.maven.apache.org/maven2/org/apache/maven/maven-plugin-api/2.2.1/maven-plugin-api-2.2.1.pom
[0a95ec07-25c6-491b-9348-b7cdd7149fdd/build]   | [INFO] Downloaded from central: https://repo.maven.apache.org/maven2/org/apache/maven/maven-plugin-api/2.2.1/maven-plugin-api-2.2.1.pom (1.5 kB at 81 kB/s)
[0a95ec07-25c6-491b-9348-b7cdd7149fdd/build]   | [INFO] Downloading from central: https://repo.maven.apache.org/maven2/org/apache/maven/maven/2.2.1/maven-2.2.1.pom
[0a95ec07-25c6-491b-9348-b7cdd7149fdd/build]   | [INFO] Downloaded from central: https://repo.maven.apache.org/maven2/org/apache/maven/maven/2.2.1/maven-2.2.1.pom (22 kB at 862 kB/s)
[0a95ec07-25c6-491b-9348-b7cdd7149fdd/build]   | [INFO] Downloading from central: https://repo.maven.apache.org/maven2/org/apache/maven/maven-parent/11/maven-parent-11.pom
[0a95ec07-25c6-491b-9348-b7cdd7149fdd/build]   | [INFO] Downloaded from central: https://repo.maven.apache.org/maven2/org/apache/maven/maven-parent/11/maven-parent-11.pom (32 kB at 690 kB/s)
[0a95ec07-25c6-491b-9348-b7cdd7149fdd/build]   | [INFO] Downloading from central: https://repo.maven.apache.org/maven2/org/apache/apache/5/apache-5.pom
[0a95ec07-25c6-491b-9348-b7cdd7149fdd/build]   | [INFO] Downloaded from central: https://repo.maven.apache.org/maven2/org/apache/apache/5/apache-5.pom (4.1 kB at 164 kB/s)
[0a95ec07-25c6-491b-9348-b7cdd7149fdd/build]   | [INFO] Downloading from central: https://repo.maven.apache.org/maven2/org/apache/maven/maven-core/2.2.1/maven-core-2.2.1.pom
[0a95ec07-25c6-491b-9348-b7cdd7149fdd/build]   | [INFO] Downloaded from central: https://repo.maven.apache.org/maven2/org/apache/maven/maven-core/2.2.1/maven-core-2.2.1.pom (12 kB at 364 kB/s)
[0a95ec07-25c6-491b-9348-b7cdd7149fdd/build]   | [INFO] Downloading from central: https://repo.maven.apache.org/maven2/org/apache/maven/maven-settings/2.2.1/maven-settings-2.2.1.pom
[0a95ec07-25c6-491b-9348-b7cdd7149fdd/build]   | [INFO] Downloaded from central: https://repo.maven.apache.org/maven2/org/apache/maven/maven-settings/2.2.1/maven-settings-2.2.1.pom (2.2 kB at 68 kB/s)
[0a95ec07-25c6-491b-9348-b7cdd7149fdd/build]   | [INFO] Downloading from central: https://repo.maven.apache.org/maven2/org/apache/maven/maven-model/2.2.1/maven-model-2.2.1.pom
[0a95ec07-25c6-491b-9348-b7cdd7149fdd/build]   | [INFO] Downloaded from central: https://repo.maven.apache.org/maven2/org/apache/maven/maven-model/2.2.1/maven-model-2.2.1.pom (3.2 kB at 154 kB/s)
[0a95ec07-25c6-491b-9348-b7cdd7149fdd/build]   | [INFO] Downloading from central: https://repo.maven.apache.org/maven2/org/codehaus/plexus/plexus-interpolation/1.11/plexus-interpolation-1.11.pom
[0a95ec07-25c6-491b-9348-b7cdd7149fdd/build]   | [INFO] Downloaded from central: https://repo.maven.apache.org/maven2/org/codehaus/plexus/plexus-interpolation/1.11/plexus-interpolation-1.11.pom (889 B at 49 kB/s)
[0a95ec07-25c6-491b-9348-b7cdd7149fdd/build]   | [INFO] Downloading from central: https://repo.maven.apache.org/maven2/org/apache/maven/maven-plugin-parameter-documenter/2.2.1/maven-plugin-parameter-documenter-2.2.1.pom
[0a95ec07-25c6-491b-9348-b7cdd7149fdd/build]   | [INFO] Downloaded from central: https://repo.maven.apache.org/maven2/org/apache/maven/maven-plugin-parameter-documenter/2.2.1/maven-plugin-parameter-documenter-2.2.1.pom (2.0 kB at 103 kB/s)
[0a95ec07-25c6-491b-9348-b7cdd7149fdd/build]   | [INFO] Downloading from central: https://repo.maven.apache.org/maven2/org/slf4j/slf4j-jdk14/1.5.6/slf4j-jdk14-1.5.6.pom
[0a95ec07-25c6-491b-9348-b7cdd7149fdd/build]   | [INFO] Downloaded from central: https://repo.maven.apache.org/maven2/org/slf4j/slf4j-jdk14/1.5.6/slf4j-jdk14-1.5.6.pom (1.9 kB at 95 kB/s)
[0a95ec07-25c6-491b-9348-b7cdd7149fdd/build]   | [INFO] Downloading from central: https://repo.maven.apache.org/maven2/org/slf4j/slf4j-parent/1.5.6/slf4j-parent-1.5.6.pom
[0a95ec07-25c6-491b-9348-b7cdd7149fdd/build]   | [INFO] Downloaded from central: https://repo.maven.apache.org/maven2/org/slf4j/slf4j-parent/1.5.6/slf4j-parent-1.5.6.pom (7.9 kB at 528 kB/s)
[0a95ec07-25c6-491b-9348-b7cdd7149fdd/build]   | [INFO] Downloading from central: https://repo.maven.apache.org/maven2/org/slf4j/slf4j-api/1.5.6/slf4j-api-1.5.6.pom
[0a95ec07-25c6-491b-9348-b7cdd7149fdd/build]   | [INFO] Downloaded from central: https://repo.maven.apache.org/maven2/org/slf4j/slf4j-api/1.5.6/slf4j-api-1.5.6.pom (3.0 kB at 230 kB/s)
[0a95ec07-25c6-491b-9348-b7cdd7149fdd/build]   | [INFO] Downloading from central: https://repo.maven.apache.org/maven2/org/slf4j/jcl-over-slf4j/1.5.6/jcl-over-slf4j-1.5.6.pom
[0a95ec07-25c6-491b-9348-b7cdd7149fdd/build]   | [INFO] Downloaded from central: https://repo.maven.apache.org/maven2/org/slf4j/jcl-over-slf4j/1.5.6/jcl-over-slf4j-1.5.6.pom (2.2 kB at 87 kB/s)
[0a95ec07-25c6-491b-9348-b7cdd7149fdd/build]   | [INFO] Downloading from central: https://repo.maven.apache.org/maven2/org/apache/maven/maven-profile/2.2.1/maven-profile-2.2.1.pom
[0a95ec07-25c6-491b-9348-b7cdd7149fdd/build]   | [INFO] Downloaded from central: https://repo.maven.apache.org/maven2/org/apache/maven/maven-profile/2.2.1/maven-profile-2.2.1.pom (2.2 kB at 103 kB/s)
[0a95ec07-25c6-491b-9348-b7cdd7149fdd/build]   | [INFO] Downloading from central: https://repo.maven.apache.org/maven2/org/apache/maven/maven-artifact/2.2.1/maven-artifact-2.2.1.pom
[0a95ec07-25c6-491b-9348-b7cdd7149fdd/build]   | [INFO] Downloaded from central: https://repo.maven.apache.org/maven2/org/apache/maven/maven-artifact/2.2.1/maven-artifact-2.2.1.pom (1.6 kB at 93 kB/s)
[0a95ec07-25c6-491b-9348-b7cdd7149fdd/build]   | [INFO] Downloading from central: https://repo.maven.apache.org/maven2/org/apache/maven/maven-repository-metadata/2.2.1/maven-repository-metadata-2.2.1.pom
[0a95ec07-25c6-491b-9348-b7cdd7149fdd/build]   | [INFO] Downloaded from central: https://repo.maven.apache.org/maven2/org/apache/maven/maven-repository-metadata/2.2.1/maven-repository-metadata-2.2.1.pom (1.9 kB at 110 kB/s)
[0a95ec07-25c6-491b-9348-b7cdd7149fdd/build]   | [INFO] Downloading from central: https://repo.maven.apache.org/maven2/org/apache/maven/maven-error-diagnostics/2.2.1/maven-error-diagnostics-2.2.1.pom
[0a95ec07-25c6-491b-9348-b7cdd7149fdd/build]   | [INFO] Downloaded from central: https://repo.maven.apache.org/maven2/org/apache/maven/maven-error-diagnostics/2.2.1/maven-error-diagnostics-2.2.1.pom (1.7 kB at 95 kB/s)
[0a95ec07-25c6-491b-9348-b7cdd7149fdd/build]   | [INFO] Downloading from central: https://repo.maven.apache.org/maven2/org/apache/maven/maven-project/2.2.1/maven-project-2.2.1.pom
[0a95ec07-25c6-491b-9348-b7cdd7149fdd/build]   | [INFO] Downloaded from central: https://repo.maven.apache.org/maven2/org/apache/maven/maven-project/2.2.1/maven-project-2.2.1.pom (2.8 kB at 163 kB/s)
[0a95ec07-25c6-491b-9348-b7cdd7149fdd/build]   | [INFO] Downloading from central: https://repo.maven.apache.org/maven2/org/apache/maven/maven-artifact-manager/2.2.1/maven-artifact-manager-2.2.1.pom
[0a95ec07-25c6-491b-9348-b7cdd7149fdd/build]   | [INFO] Downloaded from central: https://repo.maven.apache.org/maven2/org/apache/maven/maven-artifact-manager/2.2.1/maven-artifact-manager-2.2.1.pom (3.1 kB at 207 kB/s)
[0a95ec07-25c6-491b-9348-b7cdd7149fdd/build]   | [INFO] Downloading from central: https://repo.maven.apache.org/maven2/backport-util-concurrent/backport-util-concurrent/3.1/backport-util-concurrent-3.1.pom
[0a95ec07-25c6-491b-9348-b7cdd7149fdd/build]   | [INFO] Downloaded from central: https://repo.maven.apache.org/maven2/backport-util-concurrent/backport-util-concurrent/3.1/backport-util-concurrent-3.1.pom (880 B at 46 kB/s)
[0a95ec07-25c6-491b-9348-b7cdd7149fdd/build]   | [INFO] Downloading from central: https://repo.maven.apache.org/maven2/org/apache/maven/maven-plugin-registry/2.2.1/maven-plugin-registry-2.2.1.pom
[0a95ec07-25c6-491b-9348-b7cdd7149fdd/build]   | [INFO] Downloaded from central: https://repo.maven.apache.org/maven2/org/apache/maven/maven-plugin-registry/2.2.1/maven-plugin-registry-2.2.1.pom (1.9 kB at 84 kB/s)
[0a95ec07-25c6-491b-9348-b7cdd7149fdd/build]   | [INFO] Downloading from central: https://repo.maven.apache.org/maven2/org/apache/maven/maven-plugin-descriptor/2.2.1/maven-plugin-descriptor-2.2.1.pom
[0a95ec07-25c6-491b-9348-b7cdd7149fdd/build]   | [INFO] Downloaded from central: https://repo.maven.apache.org/maven2/org/apache/maven/maven-plugin-descriptor/2.2.1/maven-plugin-descriptor-2.2.1.pom (2.1 kB at 98 kB/s)
[0a95ec07-25c6-491b-9348-b7cdd7149fdd/build]   | [INFO] Downloading from central: https://repo.maven.apache.org/maven2/org/apache/maven/maven-monitor/2.2.1/maven-monitor-2.2.1.pom
[0a95ec07-25c6-491b-9348-b7cdd7149fdd/build]   | [INFO] Downloaded from central: https://repo.maven.apache.org/maven2/org/apache/maven/maven-monitor/2.2.1/maven-monitor-2.2.1.pom (1.3 kB at 48 kB/s)
[0a95ec07-25c6-491b-9348-b7cdd7149fdd/build]   | [INFO] Downloading from central: https://repo.maven.apache.org/maven2/org/apache/maven/shared/maven-shared-utils/0.1/maven-shared-utils-0.1.pom
[0a95ec07-25c6-491b-9348-b7cdd7149fdd/build]   | [INFO] Downloaded from central: https://repo.maven.apache.org/maven2/org/apache/maven/shared/maven-shared-utils/0.1/maven-shared-utils-0.1.pom (4.0 kB at 135 kB/s)
[0a95ec07-25c6-491b-9348-b7cdd7149fdd/build]   | [INFO] Downloading from central: https://repo.maven.apache.org/maven2/org/apache/maven/shared/maven-shared-components/18/maven-shared-components-18.pom
[0a95ec07-25c6-491b-9348-b7cdd7149fdd/build]   | [INFO] Downloaded from central: https://repo.maven.apache.org/maven2/org/apache/maven/shared/maven-shared-components/18/maven-shared-components-18.pom (4.9 kB at 82 kB/s)
[0a95ec07-25c6-491b-9348-b7cdd7149fdd/build]   | [INFO] Downloading from central: https://repo.maven.apache.org/maven2/com/google/code/findbugs/jsr305/2.0.1/jsr305-2.0.1.pom
[0a95ec07-25c6-491b-9348-b7cdd7149fdd/build]   | [INFO] Downloaded from central: https://repo.maven.apache.org/maven2/com/google/code/findbugs/jsr305/2.0.1/jsr305-2.0.1.pom (965 B at 27 kB/s)
[0a95ec07-25c6-491b-9348-b7cdd7149fdd/build]   | [INFO] Downloading from central: https://repo.maven.apache.org/maven2/org/codehaus/plexus/plexus-java/0.9.10/plexus-java-0.9.10.pom
[0a95ec07-25c6-491b-9348-b7cdd7149fdd/build]   | [INFO] Downloaded from central: https://repo.maven.apache.org/maven2/org/codehaus/plexus/plexus-java/0.9.10/plexus-java-0.9.10.pom (5.1 kB at 284 kB/s)
[0a95ec07-25c6-491b-9348-b7cdd7149fdd/build]   | [INFO] Downloading from central: https://repo.maven.apache.org/maven2/org/codehaus/plexus/plexus-languages/0.9.10/plexus-languages-0.9.10.pom
[0a95ec07-25c6-491b-9348-b7cdd7149fdd/build]   | [INFO] Downloaded from central: https://repo.maven.apache.org/maven2/org/codehaus/plexus/plexus-languages/0.9.10/plexus-languages-0.9.10.pom (4.1 kB at 276 kB/s)
[0a95ec07-25c6-491b-9348-b7cdd7149fdd/build]   | [INFO] Downloading from central: https://repo.maven.apache.org/maven2/org/ow2/asm/asm/6.2/asm-6.2.pom
[0a95ec07-25c6-491b-9348-b7cdd7149fdd/build]   | [INFO] Downloaded from central: https://repo.maven.apache.org/maven2/org/ow2/asm/asm/6.2/asm-6.2.pom (2.9 kB at 140 kB/s)
[0a95ec07-25c6-491b-9348-b7cdd7149fdd/build]   | [INFO] Downloading from central: https://repo.maven.apache.org/maven2/org/ow2/ow2/1.5/ow2-1.5.pom
[0a95ec07-25c6-491b-9348-b7cdd7149fdd/build]   | [INFO] Downloaded from central: https://repo.maven.apache.org/maven2/org/ow2/ow2/1.5/ow2-1.5.pom (11 kB at 591 kB/s)
[0a95ec07-25c6-491b-9348-b7cdd7149fdd/build]   | [INFO] Downloading from central: https://repo.maven.apache.org/maven2/com/thoughtworks/qdox/qdox/2.0-M9/qdox-2.0-M9.pom
[0a95ec07-25c6-491b-9348-b7cdd7149fdd/build]   | [INFO] Downloaded from central: https://repo.maven.apache.org/maven2/com/thoughtworks/qdox/qdox/2.0-M9/qdox-2.0-M9.pom (16 kB at 754 kB/s)
[0a95ec07-25c6-491b-9348-b7cdd7149fdd/build]   | [INFO] Downloading from central: https://repo.maven.apache.org/maven2/org/sonatype/oss/oss-parent/9/oss-parent-9.pom
[0a95ec07-25c6-491b-9348-b7cdd7149fdd/build]   | [INFO] Downloaded from central: https://repo.maven.apache.org/maven2/org/sonatype/oss/oss-parent/9/oss-parent-9.pom (6.6 kB at 243 kB/s)
[0a95ec07-25c6-491b-9348-b7cdd7149fdd/build]   | [INFO] Downloading from central: https://repo.maven.apache.org/maven2/org/codehaus/plexus/plexus-compiler-api/2.8.4/plexus-compiler-api-2.8.4.pom
[0a95ec07-25c6-491b-9348-b7cdd7149fdd/build]   | [INFO] Downloaded from central: https://repo.maven.apache.org/maven2/org/codehaus/plexus/plexus-compiler-api/2.8.4/plexus-compiler-api-2.8.4.pom (867 B at 21 kB/s)
[0a95ec07-25c6-491b-9348-b7cdd7149fdd/build]   | [INFO] Downloading from central: https://repo.maven.apache.org/maven2/org/codehaus/plexus/plexus-compiler/2.8.4/plexus-compiler-2.8.4.pom
[0a95ec07-25c6-491b-9348-b7cdd7149fdd/build]   | [INFO] Downloaded from central: https://repo.maven.apache.org/maven2/org/codehaus/plexus/plexus-compiler/2.8.4/plexus-compiler-2.8.4.pom (6.0 kB at 335 kB/s)
[0a95ec07-25c6-491b-9348-b7cdd7149fdd/build]   | [INFO] Downloading from central: https://repo.maven.apache.org/maven2/org/codehaus/plexus/plexus-components/4.0/plexus-components-4.0.pom
[0a95ec07-25c6-491b-9348-b7cdd7149fdd/build]   | [INFO] Downloaded from central: https://repo.maven.apache.org/maven2/org/codehaus/plexus/plexus-components/4.0/plexus-components-4.0.pom (2.7 kB at 156 kB/s)
[0a95ec07-25c6-491b-9348-b7cdd7149fdd/build]   | [INFO] Downloading from central: https://repo.maven.apache.org/maven2/org/codehaus/plexus/plexus-utils/3.0.22/plexus-utils-3.0.22.pom
[0a95ec07-25c6-491b-9348-b7cdd7149fdd/build]   | [INFO] Downloaded from central: https://repo.maven.apache.org/maven2/org/codehaus/plexus/plexus-utils/3.0.22/plexus-utils-3.0.22.pom (3.8 kB at 132 kB/s)
[0a95ec07-25c6-491b-9348-b7cdd7149fdd/build]   | [INFO] Downloading from central: https://repo.maven.apache.org/maven2/org/codehaus/plexus/plexus/3.3.1/plexus-3.3.1.pom
[0a95ec07-25c6-491b-9348-b7cdd7149fdd/build]   | [INFO] Downloaded from central: https://repo.maven.apache.org/maven2/org/codehaus/plexus/plexus/3.3.1/plexus-3.3.1.pom (20 kB at 553 kB/s)
[0a95ec07-25c6-491b-9348-b7cdd7149fdd/build]   | [INFO] Downloading from central: https://repo.maven.apache.org/maven2/org/sonatype/spice/spice-parent/17/spice-parent-17.pom
[0a95ec07-25c6-491b-9348-b7cdd7149fdd/build]   | [INFO] Downloaded from central: https://repo.maven.apache.org/maven2/org/sonatype/spice/spice-parent/17/spice-parent-17.pom (6.8 kB at 260 kB/s)
[0a95ec07-25c6-491b-9348-b7cdd7149fdd/build]   | [INFO] Downloading from central: https://repo.maven.apache.org/maven2/org/codehaus/plexus/plexus-compiler-manager/2.8.4/plexus-compiler-manager-2.8.4.pom
[0a95ec07-25c6-491b-9348-b7cdd7149fdd/build]   | [INFO] Downloaded from central: https://repo.maven.apache.org/maven2/org/codehaus/plexus/plexus-compiler-manager/2.8.4/plexus-compiler-manager-2.8.4.pom (692 B at 28 kB/s)
[0a95ec07-25c6-491b-9348-b7cdd7149fdd/build]   | [INFO] Downloading from central: https://repo.maven.apache.org/maven2/org/codehaus/plexus/plexus-compiler-javac/2.8.4/plexus-compiler-javac-2.8.4.pom
[0a95ec07-25c6-491b-9348-b7cdd7149fdd/build]   | [INFO] Downloaded from central: https://repo.maven.apache.org/maven2/org/codehaus/plexus/plexus-compiler-javac/2.8.4/plexus-compiler-javac-2.8.4.pom (771 B at 21 kB/s)
[0a95ec07-25c6-491b-9348-b7cdd7149fdd/build]   | [INFO] Downloading from central: https://repo.maven.apache.org/maven2/org/codehaus/plexus/plexus-compilers/2.8.4/plexus-compilers-2.8.4.pom
[0a95ec07-25c6-491b-9348-b7cdd7149fdd/build]   | [INFO] Downloaded from central: https://repo.maven.apache.org/maven2/org/codehaus/plexus/plexus-compilers/2.8.4/plexus-compilers-2.8.4.pom (1.3 kB at 45 kB/s)
[0a95ec07-25c6-491b-9348-b7cdd7149fdd/build]   | [INFO] Downloading from central: https://repo.maven.apache.org/maven2/org/apache/maven/maven-plugin-api/3.0/maven-plugin-api-3.0.jar
[0a95ec07-25c6-491b-9348-b7cdd7149fdd/build]   | [INFO] Downloading from central: https://repo.maven.apache.org/maven2/org/apache/maven/maven-model/3.0/maven-model-3.0.jar
[0a95ec07-25c6-491b-9348-b7cdd7149fdd/build]   | [INFO] Downloading from central: https://repo.maven.apache.org/maven2/org/sonatype/sisu/sisu-inject-plexus/1.4.2/sisu-inject-plexus-1.4.2.jar
[0a95ec07-25c6-491b-9348-b7cdd7149fdd/build]   | [INFO] Downloading from central: https://repo.maven.apache.org/maven2/org/sonatype/sisu/sisu-inject-bean/1.4.2/sisu-inject-bean-1.4.2.jar
[0a95ec07-25c6-491b-9348-b7cdd7149fdd/build]   | [INFO] Downloading from central: https://repo.maven.apache.org/maven2/org/sonatype/sisu/sisu-guice/2.1.7/sisu-guice-2.1.7-noaop.jar
[0a95ec07-25c6-491b-9348-b7cdd7149fdd/build]   | [INFO] Downloaded from central: https://repo.maven.apache.org/maven2/org/apache/maven/maven-plugin-api/3.0/maven-plugin-api-3.0.jar (49 kB at 1.4 MB/s)
[0a95ec07-25c6-491b-9348-b7cdd7149fdd/build]   | [INFO] Downloading from central: https://repo.maven.apache.org/maven2/org/apache/maven/maven-artifact/3.0/maven-artifact-3.0.jar
[0a95ec07-25c6-491b-9348-b7cdd7149fdd/build]   | [INFO] Downloaded from central: https://repo.maven.apache.org/maven2/org/apache/maven/maven-artifact/3.0/maven-artifact-3.0.jar (52 kB at 583 kB/s)
[0a95ec07-25c6-491b-9348-b7cdd7149fdd/build]   | [INFO] Downloading from central: https://repo.maven.apache.org/maven2/org/codehaus/plexus/plexus-utils/2.0.4/plexus-utils-2.0.4.jar
[0a95ec07-25c6-491b-9348-b7cdd7149fdd/build]   | [INFO] Downloaded from central: https://repo.maven.apache.org/maven2/org/sonatype/sisu/sisu-inject-plexus/1.4.2/sisu-inject-plexus-1.4.2.jar (202 kB at 1.8 MB/s)
[0a95ec07-25c6-491b-9348-b7cdd7149fdd/build]   | [INFO] Downloading from central: https://repo.maven.apache.org/maven2/org/apache/maven/maven-core/3.0/maven-core-3.0.jar
[0a95ec07-25c6-491b-9348-b7cdd7149fdd/build]   | [INFO] Downloaded from central: https://repo.maven.apache.org/maven2/org/apache/maven/maven-model/3.0/maven-model-3.0.jar (165 kB at 755 kB/s)
[0a95ec07-25c6-491b-9348-b7cdd7149fdd/build]   | [INFO] Downloading from central: https://repo.maven.apache.org/maven2/org/apache/maven/maven-settings/3.0/maven-settings-3.0.jar
[0a95ec07-25c6-491b-9348-b7cdd7149fdd/build]   | [INFO] Downloaded from central: https://repo.maven.apache.org/maven2/org/sonatype/sisu/sisu-guice/2.1.7/sisu-guice-2.1.7-noaop.jar (472 kB at 2.1 MB/s)
[0a95ec07-25c6-491b-9348-b7cdd7149fdd/build]   | [INFO] Downloaded from central: https://repo.maven.apache.org/maven2/org/codehaus/plexus/plexus-utils/2.0.4/plexus-utils-2.0.4.jar (222 kB at 1.0 MB/s)
[0a95ec07-25c6-491b-9348-b7cdd7149fdd/build]   | [INFO] Downloading from central: https://repo.maven.apache.org/maven2/org/apache/maven/maven-settings-builder/3.0/maven-settings-builder-3.0.jar
[0a95ec07-25c6-491b-9348-b7cdd7149fdd/build]   | [INFO] Downloading from central: https://repo.maven.apache.org/maven2/org/apache/maven/maven-repository-metadata/3.0/maven-repository-metadata-3.0.jar
[0a95ec07-25c6-491b-9348-b7cdd7149fdd/build]   | [INFO] Downloaded from central: https://repo.maven.apache.org/maven2/org/apache/maven/maven-core/3.0/maven-core-3.0.jar (527 kB at 2.1 MB/s)
[0a95ec07-25c6-491b-9348-b7cdd7149fdd/build]   | [INFO] Downloading from central: https://repo.maven.apache.org/maven2/org/apache/maven/maven-model-builder/3.0/maven-model-builder-3.0.jar
[0a95ec07-25c6-491b-9348-b7cdd7149fdd/build]   | [INFO] Downloaded from central: https://repo.maven.apache.org/maven2/org/apache/maven/maven-settings-builder/3.0/maven-settings-builder-3.0.jar (38 kB at 150 kB/s)
[0a95ec07-25c6-491b-9348-b7cdd7149fdd/build]   | [INFO] Downloading from central: https://repo.maven.apache.org/maven2/org/apache/maven/maven-aether-provider/3.0/maven-aether-provider-3.0.jar
[0a95ec07-25c6-491b-9348-b7cdd7149fdd/build]   | [INFO] Downloaded from central: https://repo.maven.apache.org/maven2/org/apache/maven/maven-repository-metadata/3.0/maven-repository-metadata-3.0.jar (30 kB at 116 kB/s)
[0a95ec07-25c6-491b-9348-b7cdd7149fdd/build]   | [INFO] Downloading from central: https://repo.maven.apache.org/maven2/org/sonatype/aether/aether-impl/1.7/aether-impl-1.7.jar
[0a95ec07-25c6-491b-9348-b7cdd7149fdd/build]   | [INFO] Downloaded from central: https://repo.maven.apache.org/maven2/org/apache/maven/maven-settings/3.0/maven-settings-3.0.jar (47 kB at 168 kB/s)
[0a95ec07-25c6-491b-9348-b7cdd7149fdd/build]   | [INFO] Downloading from central: https://repo.maven.apache.org/maven2/org/sonatype/aether/aether-spi/1.7/aether-spi-1.7.jar
[0a95ec07-25c6-491b-9348-b7cdd7149fdd/build]   | [INFO] Downloaded from central: https://repo.maven.apache.org/maven2/org/apache/maven/maven-aether-provider/3.0/maven-aether-provider-3.0.jar (51 kB at 182 kB/s)
[0a95ec07-25c6-491b-9348-b7cdd7149fdd/build]   | [INFO] Downloading from central: https://repo.maven.apache.org/maven2/org/sonatype/aether/aether-api/1.7/aether-api-1.7.jar
[0a95ec07-25c6-491b-9348-b7cdd7149fdd/build]   | [INFO] Downloaded from central: https://repo.maven.apache.org/maven2/org/sonatype/aether/aether-impl/1.7/aether-impl-1.7.jar (106 kB at 378 kB/s)
[0a95ec07-25c6-491b-9348-b7cdd7149fdd/build]   | [INFO] Downloading from central: https://repo.maven.apache.org/maven2/org/sonatype/aether/aether-util/1.7/aether-util-1.7.jar
[0a95ec07-25c6-491b-9348-b7cdd7149fdd/build]   | [INFO] Downloaded from central: https://repo.maven.apache.org/maven2/org/apache/maven/maven-model-builder/3.0/maven-model-builder-3.0.jar (148 kB at 519 kB/s)
[0a95ec07-25c6-491b-9348-b7cdd7149fdd/build]   | [INFO] Downloading from central: https://repo.maven.apache.org/maven2/org/codehaus/plexus/plexus-interpolation/1.14/plexus-interpolation-1.14.jar
[0a95ec07-25c6-491b-9348-b7cdd7149fdd/build]   | [INFO] Downloaded from central: https://repo.maven.apache.org/maven2/org/sonatype/aether/aether-spi/1.7/aether-spi-1.7.jar (14 kB at 48 kB/s)
[0a95ec07-25c6-491b-9348-b7cdd7149fdd/build]   | [INFO] Downloading from central: https://repo.maven.apache.org/maven2/org/codehaus/plexus/plexus-classworlds/2.2.3/plexus-classworlds-2.2.3.jar
[0a95ec07-25c6-491b-9348-b7cdd7149fdd/build]   | [INFO] Downloaded from central: https://repo.maven.apache.org/maven2/org/sonatype/sisu/sisu-inject-bean/1.4.2/sisu-inject-bean-1.4.2.jar (153 kB at 494 kB/s)
[0a95ec07-25c6-491b-9348-b7cdd7149fdd/build]   | [INFO] Downloading from central: https://repo.maven.apache.org/maven2/org/codehaus/plexus/plexus-component-annotations/1.7.1/plexus-component-annotations-1.7.1.jar
[0a95ec07-25c6-491b-9348-b7cdd7149fdd/build]   | [INFO] Downloaded from central: https://repo.maven.apache.org/maven2/org/sonatype/aether/aether-api/1.7/aether-api-1.7.jar (74 kB at 239 kB/s)
[0a95ec07-25c6-491b-9348-b7cdd7149fdd/build]   | [INFO] Downloading from central: https://repo.maven.apache.org/maven2/org/sonatype/plexus/plexus-sec-dispatcher/1.3/plexus-sec-dispatcher-1.3.jar
[0a95ec07-25c6-491b-9348-b7cdd7149fdd/build]   | [INFO] Downloaded from central: https://repo.maven.apache.org/maven2/org/sonatype/aether/aether-util/1.7/aether-util-1.7.jar (108 kB at 341 kB/s)
[0a95ec07-25c6-491b-9348-b7cdd7149fdd/build]   | [INFO] Downloading from central: https://repo.maven.apache.org/maven2/org/sonatype/plexus/plexus-cipher/1.4/plexus-cipher-1.4.jar
[0a95ec07-25c6-491b-9348-b7cdd7149fdd/build]   | [INFO] Downloaded from central: https://repo.maven.apache.org/maven2/org/codehaus/plexus/plexus-component-annotations/1.7.1/plexus-component-annotations-1.7.1.jar (4.3 kB at 13 kB/s)
[0a95ec07-25c6-491b-9348-b7cdd7149fdd/build]   | [INFO] Downloading from central: https://repo.maven.apache.org/maven2/org/apache/maven/shared/maven-shared-utils/3.2.1/maven-shared-utils-3.2.1.jar
[0a95ec07-25c6-491b-9348-b7cdd7149fdd/build]   | [INFO] Downloaded from central: https://repo.maven.apache.org/maven2/org/codehaus/plexus/plexus-interpolation/1.14/plexus-interpolation-1.14.jar (61 kB at 182 kB/s)
[0a95ec07-25c6-491b-9348-b7cdd7149fdd/build]   | [INFO] Downloading from central: https://repo.maven.apache.org/maven2/commons-io/commons-io/2.5/commons-io-2.5.jar
[0a95ec07-25c6-491b-9348-b7cdd7149fdd/build]   | [INFO] Downloaded from central: https://repo.maven.apache.org/maven2/org/codehaus/plexus/plexus-classworlds/2.2.3/plexus-classworlds-2.2.3.jar (46 kB at 136 kB/s)
[0a95ec07-25c6-491b-9348-b7cdd7149fdd/build]   | [INFO] Downloading from central: https://repo.maven.apache.org/maven2/org/apache/maven/shared/maven-shared-incremental/1.1/maven-shared-incremental-1.1.jar
[0a95ec07-25c6-491b-9348-b7cdd7149fdd/build]   | [INFO] Downloaded from central: https://repo.maven.apache.org/maven2/org/sonatype/plexus/plexus-sec-dispatcher/1.3/plexus-sec-dispatcher-1.3.jar (29 kB at 84 kB/s)
[0a95ec07-25c6-491b-9348-b7cdd7149fdd/build]   | [INFO] Downloaded from central: https://repo.maven.apache.org/maven2/org/sonatype/plexus/plexus-cipher/1.4/plexus-cipher-1.4.jar (13 kB at 40 kB/s)
[0a95ec07-25c6-491b-9348-b7cdd7149fdd/build]   | [INFO] Downloading from central: https://repo.maven.apache.org/maven2/org/codehaus/plexus/plexus-java/0.9.10/plexus-java-0.9.10.jar
[0a95ec07-25c6-491b-9348-b7cdd7149fdd/build]   | [INFO] Downloading from central: https://repo.maven.apache.org/maven2/org/ow2/asm/asm/6.2/asm-6.2.jar
[0a95ec07-25c6-491b-9348-b7cdd7149fdd/build]   | [INFO] Downloaded from central: https://repo.maven.apache.org/maven2/org/apache/maven/shared/maven-shared-incremental/1.1/maven-shared-incremental-1.1.jar (14 kB at 39 kB/s)
[0a95ec07-25c6-491b-9348-b7cdd7149fdd/build]   | [INFO] Downloading from central: https://repo.maven.apache.org/maven2/com/thoughtworks/qdox/qdox/2.0-M9/qdox-2.0-M9.jar
[0a95ec07-25c6-491b-9348-b7cdd7149fdd/build]   | [INFO] Downloaded from central: https://repo.maven.apache.org/maven2/org/codehaus/plexus/plexus-java/0.9.10/plexus-java-0.9.10.jar (39 kB at 112 kB/s)
[0a95ec07-25c6-491b-9348-b7cdd7149fdd/build]   | [INFO] Downloading from central: https://repo.maven.apache.org/maven2/org/codehaus/plexus/plexus-compiler-api/2.8.4/plexus-compiler-api-2.8.4.jar
[0a95ec07-25c6-491b-9348-b7cdd7149fdd/build]   | [INFO] Downloaded from central: https://repo.maven.apache.org/maven2/org/apache/maven/shared/maven-shared-utils/3.2.1/maven-shared-utils-3.2.1.jar (167 kB at 468 kB/s)
[0a95ec07-25c6-491b-9348-b7cdd7149fdd/build]   | [INFO] Downloading from central: https://repo.maven.apache.org/maven2/org/codehaus/plexus/plexus-compiler-manager/2.8.4/plexus-compiler-manager-2.8.4.jar
[0a95ec07-25c6-491b-9348-b7cdd7149fdd/build]   | [INFO] Downloaded from central: https://repo.maven.apache.org/maven2/org/codehaus/plexus/plexus-compiler-manager/2.8.4/plexus-compiler-manager-2.8.4.jar (4.7 kB at 13 kB/s)
[0a95ec07-25c6-491b-9348-b7cdd7149fdd/build]   | [INFO] Downloading from central: https://repo.maven.apache.org/maven2/org/codehaus/plexus/plexus-compiler-javac/2.8.4/plexus-compiler-javac-2.8.4.jar
[0a95ec07-25c6-491b-9348-b7cdd7149fdd/build]   | [INFO] Downloaded from central: https://repo.maven.apache.org/maven2/org/codehaus/plexus/plexus-compiler-api/2.8.4/plexus-compiler-api-2.8.4.jar (27 kB at 73 kB/s)
[0a95ec07-25c6-491b-9348-b7cdd7149fdd/build]   | [INFO] Downloaded from central: https://repo.maven.apache.org/maven2/org/ow2/asm/asm/6.2/asm-6.2.jar (111 kB at 297 kB/s)
[0a95ec07-25c6-491b-9348-b7cdd7149fdd/build]   | [INFO] Downloaded from central: https://repo.maven.apache.org/maven2/commons-io/commons-io/2.5/commons-io-2.5.jar (209 kB at 554 kB/s)
[0a95ec07-25c6-491b-9348-b7cdd7149fdd/build]   | [INFO] Downloaded from central: https://repo.maven.apache.org/maven2/org/codehaus/plexus/plexus-compiler-javac/2.8.4/plexus-compiler-javac-2.8.4.jar (21 kB at 56 kB/s)
[0a95ec07-25c6-491b-9348-b7cdd7149fdd/build]   | [INFO] Downloaded from central: https://repo.maven.apache.org/maven2/com/thoughtworks/qdox/qdox/2.0-M9/qdox-2.0-M9.jar (317 kB at 818 kB/s)
[0a95ec07-25c6-491b-9348-b7cdd7149fdd/build]   | [INFO] Changes detected - recompiling the module!
[0a95ec07-25c6-491b-9348-b7cdd7149fdd/build]   | [INFO] Compiling 37 source files to /tmp/f4eca57b-51ca-4f8a-80a0-d115aff3aba4/target/classes
[0a95ec07-25c6-491b-9348-b7cdd7149fdd/build]   | [INFO] 
[0a95ec07-25c6-491b-9348-b7cdd7149fdd/build]   | [INFO] --- maven-resources-plugin:2.6:testResources (default-testResources) @ device-detector ---
[0a95ec07-25c6-491b-9348-b7cdd7149fdd/build]   | [INFO] Using 'UTF-8' encoding to copy filtered resources.
[0a95ec07-25c6-491b-9348-b7cdd7149fdd/build]   | [INFO] Copying 53 resources
[0a95ec07-25c6-491b-9348-b7cdd7149fdd/build]   | [INFO] 
[0a95ec07-25c6-491b-9348-b7cdd7149fdd/build]   | [INFO] --- maven-compiler-plugin:3.8.1:testCompile (default-testCompile) @ device-detector ---
[0a95ec07-25c6-491b-9348-b7cdd7149fdd/build]   | [INFO] Changes detected - recompiling the module!
[0a95ec07-25c6-491b-9348-b7cdd7149fdd/build]   | [INFO] Compiling 31 source files to /tmp/f4eca57b-51ca-4f8a-80a0-d115aff3aba4/target/test-classes
[0a95ec07-25c6-491b-9348-b7cdd7149fdd/build]   | [INFO] 
[0a95ec07-25c6-491b-9348-b7cdd7149fdd/build]   | [INFO] --- maven-surefire-plugin:2.22.2:test (default-test) @ device-detector ---
[0a95ec07-25c6-491b-9348-b7cdd7149fdd/build]   | [INFO] Downloading from central: https://repo.maven.apache.org/maven2/org/apache/maven/surefire/maven-surefire-common/2.22.2/maven-surefire-common-2.22.2.pom
[0a95ec07-25c6-491b-9348-b7cdd7149fdd/build]   | [INFO] Downloaded from central: https://repo.maven.apache.org/maven2/org/apache/maven/surefire/maven-surefire-common/2.22.2/maven-surefire-common-2.22.2.pom (11 kB at 521 kB/s)
[0a95ec07-25c6-491b-9348-b7cdd7149fdd/build]   | [INFO] Downloading from central: https://repo.maven.apache.org/maven2/org/apache/maven/plugin-tools/maven-plugin-annotations/3.5.2/maven-plugin-annotations-3.5.2.pom
[0a95ec07-25c6-491b-9348-b7cdd7149fdd/build]   | [INFO] Downloaded from central: https://repo.maven.apache.org/maven2/org/apache/maven/plugin-tools/maven-plugin-annotations/3.5.2/maven-plugin-annotations-3.5.2.pom (1.6 kB at 65 kB/s)
[0a95ec07-25c6-491b-9348-b7cdd7149fdd/build]   | [INFO] Downloading from central: https://repo.maven.apache.org/maven2/org/apache/maven/plugin-tools/maven-plugin-tools/3.5.2/maven-plugin-tools-3.5.2.pom
[0a95ec07-25c6-491b-9348-b7cdd7149fdd/build]   | [INFO] Downloaded from central: https://repo.maven.apache.org/maven2/org/apache/maven/plugin-tools/maven-plugin-tools/3.5.2/maven-plugin-tools-3.5.2.pom (15 kB at 512 kB/s)
[0a95ec07-25c6-491b-9348-b7cdd7149fdd/build]   | [INFO] Downloading from central: https://repo.maven.apache.org/maven2/org/apache/maven/maven-parent/31/maven-parent-31.pom
[0a95ec07-25c6-491b-9348-b7cdd7149fdd/build]   | [INFO] Downloaded from central: https://repo.maven.apache.org/maven2/org/apache/maven/maven-parent/31/maven-parent-31.pom (43 kB at 1.6 MB/s)
[0a95ec07-25c6-491b-9348-b7cdd7149fdd/build]   | [INFO] Downloading from central: https://repo.maven.apache.org/maven2/org/apache/maven/surefire/surefire-api/2.22.2/surefire-api-2.22.2.pom
[0a95ec07-25c6-491b-9348-b7cdd7149fdd/build]   | [INFO] Downloaded from central: https://repo.maven.apache.org/maven2/org/apache/maven/surefire/surefire-api/2.22.2/surefire-api-2.22.2.pom (3.5 kB at 111 kB/s)
[0a95ec07-25c6-491b-9348-b7cdd7149fdd/build]   | [INFO] Downloading from central: https://repo.maven.apache.org/maven2/org/apache/maven/surefire/surefire-logger-api/2.22.2/surefire-logger-api-2.22.2.pom
[0a95ec07-25c6-491b-9348-b7cdd7149fdd/build]   | [INFO] Downloaded from central: https://repo.maven.apache.org/maven2/org/apache/maven/surefire/surefire-logger-api/2.22.2/surefire-logger-api-2.22.2.pom (2.0 kB at 43 kB/s)
[0a95ec07-25c6-491b-9348-b7cdd7149fdd/build]   | [INFO] Downloading from central: https://repo.maven.apache.org/maven2/org/apache/maven/surefire/surefire-booter/2.22.2/surefire-booter-2.22.2.pom
[0a95ec07-25c6-491b-9348-b7cdd7149fdd/build]   | [INFO] Downloaded from central: https://repo.maven.apache.org/maven2/org/apache/maven/surefire/surefire-booter/2.22.2/surefire-booter-2.22.2.pom (7.5 kB at 276 kB/s)
[0a95ec07-25c6-491b-9348-b7cdd7149fdd/build]   | [INFO] Downloading from central: https://repo.maven.apache.org/maven2/junit/junit/4.12/junit-4.12.pom
[0a95ec07-25c6-491b-9348-b7cdd7149fdd/build]   | [INFO] Downloaded from central: https://repo.maven.apache.org/maven2/junit/junit/4.12/junit-4.12.pom (24 kB at 718 kB/s)
[0a95ec07-25c6-491b-9348-b7cdd7149fdd/build]   | [INFO] Downloading from central: https://repo.maven.apache.org/maven2/org/hamcrest/hamcrest-core/1.3/hamcrest-core-1.3.pom
[0a95ec07-25c6-491b-9348-b7cdd7149fdd/build]   | [INFO] Downloaded from central: https://repo.maven.apache.org/maven2/org/hamcrest/hamcrest-core/1.3/hamcrest-core-1.3.pom (766 B at 31 kB/s)
[0a95ec07-25c6-491b-9348-b7cdd7149fdd/build]   | [INFO] Downloading from central: https://repo.maven.apache.org/maven2/org/hamcrest/hamcrest-parent/1.3/hamcrest-parent-1.3.pom
[0a95ec07-25c6-491b-9348-b7cdd7149fdd/build]   | [INFO] Downloaded from central: https://repo.maven.apache.org/maven2/org/hamcrest/hamcrest-parent/1.3/hamcrest-parent-1.3.pom (2.0 kB at 66 kB/s)
[0a95ec07-25c6-491b-9348-b7cdd7149fdd/build]   | [INFO] Downloading from central: https://repo.maven.apache.org/maven2/org/apache/maven/reporting/maven-reporting-api/3.0/maven-reporting-api-3.0.pom
[0a95ec07-25c6-491b-9348-b7cdd7149fdd/build]   | [INFO] Downloaded from central: https://repo.maven.apache.org/maven2/org/apache/maven/reporting/maven-reporting-api/3.0/maven-reporting-api-3.0.pom (2.4 kB at 50 kB/s)
[0a95ec07-25c6-491b-9348-b7cdd7149fdd/build]   | [INFO] Downloading from central: https://repo.maven.apache.org/maven2/org/apache/maven/shared/maven-shared-components/15/maven-shared-components-15.pom
[0a95ec07-25c6-491b-9348-b7cdd7149fdd/build]   | [INFO] Downloaded from central: https://repo.maven.apache.org/maven2/org/apache/maven/shared/maven-shared-components/15/maven-shared-components-15.pom (9.3 kB at 333 kB/s)
[0a95ec07-25c6-491b-9348-b7cdd7149fdd/build]   | [INFO] Downloading from central: https://repo.maven.apache.org/maven2/org/apache/maven/maven-parent/16/maven-parent-16.pom
[0a95ec07-25c6-491b-9348-b7cdd7149fdd/build]   | [INFO] Downloaded from central: https://repo.maven.apache.org/maven2/org/apache/maven/maven-parent/16/maven-parent-16.pom (23 kB at 582 kB/s)
[0a95ec07-25c6-491b-9348-b7cdd7149fdd/build]   | [INFO] Downloading from central: https://repo.maven.apache.org/maven2/org/apache/apache/7/apache-7.pom
[0a95ec07-25c6-491b-9348-b7cdd7149fdd/build]   | [INFO] Downloaded from central: https://repo.maven.apache.org/maven2/org/apache/apache/7/apache-7.pom (14 kB at 601 kB/s)
[0a95ec07-25c6-491b-9348-b7cdd7149fdd/build]   | [INFO] Downloading from central: https://repo.maven.apache.org/maven2/org/apache/maven/maven-toolchain/2.2.1/maven-toolchain-2.2.1.pom
[0a95ec07-25c6-491b-9348-b7cdd7149fdd/build]   | [INFO] Downloaded from central: https://repo.maven.apache.org/maven2/org/apache/maven/maven-toolchain/2.2.1/maven-toolchain-2.2.1.pom (3.3 kB at 124 kB/s)
[0a95ec07-25c6-491b-9348-b7cdd7149fdd/build]   | [INFO] Downloading from central: https://repo.maven.apache.org/maven2/com/thoughtworks/qdox/qdox/2.0-M8/qdox-2.0-M8.pom
[0a95ec07-25c6-491b-9348-b7cdd7149fdd/build]   | [INFO] Downloaded from central: https://repo.maven.apache.org/maven2/com/thoughtworks/qdox/qdox/2.0-M8/qdox-2.0-M8.pom (16 kB at 406 kB/s)
[0a95ec07-25c6-491b-9348-b7cdd7149fdd/build]   | [INFO] Downloading from central: https://repo.maven.apache.org/maven2/org/apache/maven/surefire/maven-surefire-common/2.22.2/maven-surefire-common-2.22.2.jar
[0a95ec07-25c6-491b-9348-b7cdd7149fdd/build]   | [INFO] Downloading from central: https://repo.maven.apache.org/maven2/org/apache/maven/maven-plugin-api/2.2.1/maven-plugin-api-2.2.1.jar
[0a95ec07-25c6-491b-9348-b7cdd7149fdd/build]   | [INFO] Downloading from central: https://repo.maven.apache.org/maven2/org/apache/maven/plugin-tools/maven-plugin-annotations/3.5.2/maven-plugin-annotations-3.5.2.jar
[0a95ec07-25c6-491b-9348-b7cdd7149fdd/build]   | [INFO] Downloading from central: https://repo.maven.apache.org/maven2/org/apache/maven/surefire/surefire-api/2.22.2/surefire-api-2.22.2.jar
[0a95ec07-25c6-491b-9348-b7cdd7149fdd/build]   | [INFO] Downloading from central: https://repo.maven.apache.org/maven2/org/apache/maven/surefire/surefire-logger-api/2.22.2/surefire-logger-api-2.22.2.jar
[0a95ec07-25c6-491b-9348-b7cdd7149fdd/build]   | [INFO] Downloaded from central: https://repo.maven.apache.org/maven2/org/apache/maven/plugin-tools/maven-plugin-annotations/3.5.2/maven-plugin-annotations-3.5.2.jar (14 kB at 492 kB/s)
[0a95ec07-25c6-491b-9348-b7cdd7149fdd/build]   | [INFO] Downloading from central: https://repo.maven.apache.org/maven2/org/apache/maven/surefire/surefire-booter/2.22.2/surefire-booter-2.22.2.jar
[0a95ec07-25c6-491b-9348-b7cdd7149fdd/build]   | [INFO] Downloaded from central: https://repo.maven.apache.org/maven2/org/apache/maven/maven-plugin-api/2.2.1/maven-plugin-api-2.2.1.jar (12 kB at 354 kB/s)
[0a95ec07-25c6-491b-9348-b7cdd7149fdd/build]   | [INFO] Downloading from central: https://repo.maven.apache.org/maven2/org/apache/maven/maven-artifact/2.2.1/maven-artifact-2.2.1.jar
[0a95ec07-25c6-491b-9348-b7cdd7149fdd/build]   | [INFO] Downloaded from central: https://repo.maven.apache.org/maven2/org/apache/maven/surefire/surefire-logger-api/2.22.2/surefire-logger-api-2.22.2.jar (13 kB at 334 kB/s)
[0a95ec07-25c6-491b-9348-b7cdd7149fdd/build]   | [INFO] Downloading from central: https://repo.maven.apache.org/maven2/org/codehaus/plexus/plexus-utils/1.5.15/plexus-utils-1.5.15.jar
[0a95ec07-25c6-491b-9348-b7cdd7149fdd/build]   | [INFO] Downloaded from central: https://repo.maven.apache.org/maven2/org/apache/maven/surefire/surefire-api/2.22.2/surefire-api-2.22.2.jar (186 kB at 4.0 MB/s)
[0a95ec07-25c6-491b-9348-b7cdd7149fdd/build]   | [INFO] Downloading from central: https://repo.maven.apache.org/maven2/org/apache/maven/maven-plugin-descriptor/2.2.1/maven-plugin-descriptor-2.2.1.jar
[0a95ec07-25c6-491b-9348-b7cdd7149fdd/build]   | [INFO] Downloaded from central: https://repo.maven.apache.org/maven2/org/apache/maven/surefire/maven-surefire-common/2.22.2/maven-surefire-common-2.22.2.jar (528 kB at 10 MB/s)
[0a95ec07-25c6-491b-9348-b7cdd7149fdd/build]   | [INFO] Downloading from central: https://repo.maven.apache.org/maven2/junit/junit/4.12/junit-4.12.jar
[0a95ec07-25c6-491b-9348-b7cdd7149fdd/build]   | [INFO] Downloaded from central: https://repo.maven.apache.org/maven2/org/apache/maven/surefire/surefire-booter/2.22.2/surefire-booter-2.22.2.jar (274 kB at 4.4 MB/s)
[0a95ec07-25c6-491b-9348-b7cdd7149fdd/build]   | [INFO] Downloading from central: https://repo.maven.apache.org/maven2/org/hamcrest/hamcrest-core/1.3/hamcrest-core-1.3.jar
[0a95ec07-25c6-491b-9348-b7cdd7149fdd/build]   | [INFO] Downloaded from central: https://repo.maven.apache.org/maven2/org/apache/maven/maven-artifact/2.2.1/maven-artifact-2.2.1.jar (80 kB at 1.3 MB/s)
[0a95ec07-25c6-491b-9348-b7cdd7149fdd/build]   | [INFO] Downloading from central: https://repo.maven.apache.org/maven2/org/apache/maven/maven-project/2.2.1/maven-project-2.2.1.jar
[0a95ec07-25c6-491b-9348-b7cdd7149fdd/build]   | [INFO] Downloaded from central: https://repo.maven.apache.org/maven2/org/codehaus/plexus/plexus-utils/1.5.15/plexus-utils-1.5.15.jar (228 kB at 3.4 MB/s)
[0a95ec07-25c6-491b-9348-b7cdd7149fdd/build]   | [INFO] Downloading from central: https://repo.maven.apache.org/maven2/org/apache/maven/maven-settings/2.2.1/maven-settings-2.2.1.jar
[0a95ec07-25c6-491b-9348-b7cdd7149fdd/build]   | [INFO] Downloaded from central: https://repo.maven.apache.org/maven2/org/apache/maven/maven-plugin-descriptor/2.2.1/maven-plugin-descriptor-2.2.1.jar (39 kB at 491 kB/s)
[0a95ec07-25c6-491b-9348-b7cdd7149fdd/build]   | [INFO] Downloading from central: https://repo.maven.apache.org/maven2/org/apache/maven/maven-profile/2.2.1/maven-profile-2.2.1.jar
[0a95ec07-25c6-491b-9348-b7cdd7149fdd/build]   | [INFO] Downloaded from central: https://repo.maven.apache.org/maven2/org/apache/maven/maven-settings/2.2.1/maven-settings-2.2.1.jar (49 kB at 486 kB/s)
[0a95ec07-25c6-491b-9348-b7cdd7149fdd/build]   | [INFO] Downloading from central: https://repo.maven.apache.org/maven2/org/apache/maven/maven-artifact-manager/2.2.1/maven-artifact-manager-2.2.1.jar
[0a95ec07-25c6-491b-9348-b7cdd7149fdd/build]   | [INFO] Downloaded from central: https://repo.maven.apache.org/maven2/org/hamcrest/hamcrest-core/1.3/hamcrest-core-1.3.jar (45 kB at 421 kB/s)
[0a95ec07-25c6-491b-9348-b7cdd7149fdd/build]   | [INFO] Downloading from central: https://repo.maven.apache.org/maven2/backport-util-concurrent/backport-util-concurrent/3.1/backport-util-concurrent-3.1.jar
[0a95ec07-25c6-491b-9348-b7cdd7149fdd/build]   | [INFO] Downloaded from central: https://repo.maven.apache.org/maven2/org/apache/maven/maven-project/2.2.1/maven-project-2.2.1.jar (156 kB at 1.4 MB/s)
[0a95ec07-25c6-491b-9348-b7cdd7149fdd/build]   | [INFO] Downloading from central: https://repo.maven.apache.org/maven2/org/apache/maven/maven-plugin-registry/2.2.1/maven-plugin-registry-2.2.1.jar
[0a95ec07-25c6-491b-9348-b7cdd7149fdd/build]   | [INFO] Downloaded from central: https://repo.maven.apache.org/maven2/org/apache/maven/maven-profile/2.2.1/maven-profile-2.2.1.jar (35 kB at 302 kB/s)
[0a95ec07-25c6-491b-9348-b7cdd7149fdd/build]   | [INFO] Downloaded from central: https://repo.maven.apache.org/maven2/junit/junit/4.12/junit-4.12.jar (315 kB at 2.7 MB/s)
[0a95ec07-25c6-491b-9348-b7cdd7149fdd/build]   | [INFO] Downloading from central: https://repo.maven.apache.org/maven2/org/codehaus/plexus/plexus-interpolation/1.11/plexus-interpolation-1.11.jar
[0a95ec07-25c6-491b-9348-b7cdd7149fdd/build]   | [INFO] Downloading from central: https://repo.maven.apache.org/maven2/org/apache/maven/maven-model/2.2.1/maven-model-2.2.1.jar
[0a95ec07-25c6-491b-9348-b7cdd7149fdd/build]   | [INFO] Downloaded from central: https://repo.maven.apache.org/maven2/org/apache/maven/maven-artifact-manager/2.2.1/maven-artifact-manager-2.2.1.jar (68 kB at 497 kB/s)
[0a95ec07-25c6-491b-9348-b7cdd7149fdd/build]   | [INFO] Downloading from central: https://repo.maven.apache.org/maven2/org/apache/maven/maven-core/2.2.1/maven-core-2.2.1.jar
[0a95ec07-25c6-491b-9348-b7cdd7149fdd/build]   | [INFO] Downloaded from central: https://repo.maven.apache.org/maven2/org/apache/maven/maven-plugin-registry/2.2.1/maven-plugin-registry-2.2.1.jar (30 kB at 203 kB/s)
[0a95ec07-25c6-491b-9348-b7cdd7149fdd/build]   | [INFO] Downloading from central: https://repo.maven.apache.org/maven2/org/apache/maven/maven-plugin-parameter-documenter/2.2.1/maven-plugin-parameter-documenter-2.2.1.jar
[0a95ec07-25c6-491b-9348-b7cdd7149fdd/build]   | [INFO] Downloaded from central: https://repo.maven.apache.org/maven2/backport-util-concurrent/backport-util-concurrent/3.1/backport-util-concurrent-3.1.jar (332 kB at 2.1 MB/s)
[0a95ec07-25c6-491b-9348-b7cdd7149fdd/build]   | [INFO] Downloading from central: https://repo.maven.apache.org/maven2/org/slf4j/slf4j-jdk14/1.5.6/slf4j-jdk14-1.5.6.jar
[0a95ec07-25c6-491b-9348-b7cdd7149fdd/build]   | [INFO] Downloaded from central: https://repo.maven.apache.org/maven2/org/codehaus/plexus/plexus-interpolation/1.11/plexus-interpolation-1.11.jar (51 kB at 329 kB/s)
[0a95ec07-25c6-491b-9348-b7cdd7149fdd/build]   | [INFO] Downloading from central: https://repo.maven.apache.org/maven2/org/slf4j/slf4j-api/1.5.6/slf4j-api-1.5.6.jar
[0a95ec07-25c6-491b-9348-b7cdd7149fdd/build]   | [INFO] Downloaded from central: https://repo.maven.apache.org/maven2/org/apache/maven/maven-model/2.2.1/maven-model-2.2.1.jar (88 kB at 518 kB/s)
[0a95ec07-25c6-491b-9348-b7cdd7149fdd/build]   | [INFO] Downloading from central: https://repo.maven.apache.org/maven2/org/slf4j/jcl-over-slf4j/1.5.6/jcl-over-slf4j-1.5.6.jar
[0a95ec07-25c6-491b-9348-b7cdd7149fdd/build]   | [INFO] Downloaded from central: https://repo.maven.apache.org/maven2/org/apache/maven/maven-plugin-parameter-documenter/2.2.1/maven-plugin-parameter-documenter-2.2.1.jar (22 kB at 123 kB/s)
[0a95ec07-25c6-491b-9348-b7cdd7149fdd/build]   | [INFO] Downloading from central: https://repo.maven.apache.org/maven2/org/apache/maven/reporting/maven-reporting-api/3.0/maven-reporting-api-3.0.jar
[0a95ec07-25c6-491b-9348-b7cdd7149fdd/build]   | [INFO] Downloaded from central: https://repo.maven.apache.org/maven2/org/slf4j/slf4j-api/1.5.6/slf4j-api-1.5.6.jar (22 kB at 120 kB/s)
[0a95ec07-25c6-491b-9348-b7cdd7149fdd/build]   | [INFO] Downloaded from central: https://repo.maven.apache.org/maven2/org/apache/maven/maven-core/2.2.1/maven-core-2.2.1.jar (178 kB at 956 kB/s)
[0a95ec07-25c6-491b-9348-b7cdd7149fdd/build]   | [INFO] Downloading from central: https://repo.maven.apache.org/maven2/org/apache/maven/maven-repository-metadata/2.2.1/maven-repository-metadata-2.2.1.jar
[0a95ec07-25c6-491b-9348-b7cdd7149fdd/build]   | [INFO] Downloading from central: https://repo.maven.apache.org/maven2/org/apache/maven/maven-error-diagnostics/2.2.1/maven-error-diagnostics-2.2.1.jar
[0a95ec07-25c6-491b-9348-b7cdd7149fdd/build]   | [INFO] Downloaded from central: https://repo.maven.apache.org/maven2/org/slf4j/slf4j-jdk14/1.5.6/slf4j-jdk14-1.5.6.jar (8.8 kB at 47 kB/s)
[0a95ec07-25c6-491b-9348-b7cdd7149fdd/build]   | [INFO] Downloading from central: https://repo.maven.apache.org/maven2/org/apache/maven/maven-monitor/2.2.1/maven-monitor-2.2.1.jar
[0a95ec07-25c6-491b-9348-b7cdd7149fdd/build]   | [INFO] Downloaded from central: https://repo.maven.apache.org/maven2/org/slf4j/jcl-over-slf4j/1.5.6/jcl-over-slf4j-1.5.6.jar (17 kB at 84 kB/s)
[0a95ec07-25c6-491b-9348-b7cdd7149fdd/build]   | [INFO] Downloading from central: https://repo.maven.apache.org/maven2/org/apache/maven/maven-toolchain/2.2.1/maven-toolchain-2.2.1.jar
[0a95ec07-25c6-491b-9348-b7cdd7149fdd/build]   | [INFO] Downloaded from central: https://repo.maven.apache.org/maven2/org/apache/maven/reporting/maven-reporting-api/3.0/maven-reporting-api-3.0.jar (11 kB at 54 kB/s)
[0a95ec07-25c6-491b-9348-b7cdd7149fdd/build]   | [INFO] Downloading from central: https://repo.maven.apache.org/maven2/com/thoughtworks/qdox/qdox/2.0-M8/qdox-2.0-M8.jar
[0a95ec07-25c6-491b-9348-b7cdd7149fdd/build]   | [INFO] Downloaded from central: https://repo.maven.apache.org/maven2/org/apache/maven/maven-error-diagnostics/2.2.1/maven-error-diagnostics-2.2.1.jar (13 kB at 63 kB/s)
[0a95ec07-25c6-491b-9348-b7cdd7149fdd/build]   | [INFO] Downloaded from central: https://repo.maven.apache.org/maven2/org/apache/maven/maven-monitor/2.2.1/maven-monitor-2.2.1.jar (10 kB at 50 kB/s)
[0a95ec07-25c6-491b-9348-b7cdd7149fdd/build]   | [INFO] Downloaded from central: https://repo.maven.apache.org/maven2/org/apache/maven/maven-toolchain/2.2.1/maven-toolchain-2.2.1.jar (38 kB at 172 kB/s)
[0a95ec07-25c6-491b-9348-b7cdd7149fdd/build]   | [INFO] Downloaded from central: https://repo.maven.apache.org/maven2/org/apache/maven/maven-repository-metadata/2.2.1/maven-repository-metadata-2.2.1.jar (26 kB at 114 kB/s)
[0a95ec07-25c6-491b-9348-b7cdd7149fdd/build]   | [INFO] Downloaded from central: https://repo.maven.apache.org/maven2/com/thoughtworks/qdox/qdox/2.0-M8/qdox-2.0-M8.jar (316 kB at 1.2 MB/s)
[0a95ec07-25c6-491b-9348-b7cdd7149fdd/build]   | [INFO] Downloading from central: https://repo.maven.apache.org/maven2/org/apache/maven/surefire/surefire-junit-platform/2.22.2/surefire-junit-platform-2.22.2.pom
[0a95ec07-25c6-491b-9348-b7cdd7149fdd/build]   | [INFO] Downloaded from central: https://repo.maven.apache.org/maven2/org/apache/maven/surefire/surefire-junit-platform/2.22.2/surefire-junit-platform-2.22.2.pom (7.0 kB at 179 kB/s)
[0a95ec07-25c6-491b-9348-b7cdd7149fdd/build]   | [INFO] Downloading from central: https://repo.maven.apache.org/maven2/org/apache/maven/surefire/surefire-providers/2.22.2/surefire-providers-2.22.2.pom
[0a95ec07-25c6-491b-9348-b7cdd7149fdd/build]   | [INFO] Downloaded from central: https://repo.maven.apache.org/maven2/org/apache/maven/surefire/surefire-providers/2.22.2/surefire-providers-2.22.2.pom (2.5 kB at 92 kB/s)
[0a95ec07-25c6-491b-9348-b7cdd7149fdd/build]   | [INFO] Downloading from central: https://repo.maven.apache.org/maven2/org/junit/platform/junit-platform-launcher/1.3.1/junit-platform-launcher-1.3.1.pom
[0a95ec07-25c6-491b-9348-b7cdd7149fdd/build]   | [INFO] Downloaded from central: https://repo.maven.apache.org/maven2/org/junit/platform/junit-platform-launcher/1.3.1/junit-platform-launcher-1.3.1.pom (2.2 kB at 79 kB/s)
[0a95ec07-25c6-491b-9348-b7cdd7149fdd/build]   | [INFO] Downloading from central: https://repo.maven.apache.org/maven2/org/apiguardian/apiguardian-api/1.0.0/apiguardian-api-1.0.0.pom
[0a95ec07-25c6-491b-9348-b7cdd7149fdd/build]   | [INFO] Downloaded from central: https://repo.maven.apache.org/maven2/org/apiguardian/apiguardian-api/1.0.0/apiguardian-api-1.0.0.pom (1.2 kB at 28 kB/s)
[0a95ec07-25c6-491b-9348-b7cdd7149fdd/build]   | [INFO] Downloading from central: https://repo.maven.apache.org/maven2/org/junit/platform/junit-platform-engine/1.3.1/junit-platform-engine-1.3.1.pom
[0a95ec07-25c6-491b-9348-b7cdd7149fdd/build]   | [INFO] Downloaded from central: https://repo.maven.apache.org/maven2/org/junit/platform/junit-platform-engine/1.3.1/junit-platform-engine-1.3.1.pom (2.4 kB at 73 kB/s)
[0a95ec07-25c6-491b-9348-b7cdd7149fdd/build]   | [INFO] Downloading from central: https://repo.maven.apache.org/maven2/org/junit/platform/junit-platform-commons/1.3.1/junit-platform-commons-1.3.1.pom
[0a95ec07-25c6-491b-9348-b7cdd7149fdd/build]   | [INFO] Downloaded from central: https://repo.maven.apache.org/maven2/org/junit/platform/junit-platform-commons/1.3.1/junit-platform-commons-1.3.1.pom (2.0 kB at 65 kB/s)
[0a95ec07-25c6-491b-9348-b7cdd7149fdd/build]   | [INFO] Downloading from central: https://repo.maven.apache.org/maven2/org/opentest4j/opentest4j/1.1.1/opentest4j-1.1.1.pom
[0a95ec07-25c6-491b-9348-b7cdd7149fdd/build]   | [INFO] Downloaded from central: https://repo.maven.apache.org/maven2/org/opentest4j/opentest4j/1.1.1/opentest4j-1.1.1.pom (1.7 kB at 80 kB/s)
[0a95ec07-25c6-491b-9348-b7cdd7149fdd/build]   | [INFO] Downloading from central: https://repo.maven.apache.org/maven2/org/apiguardian/apiguardian-api/1.0.0/apiguardian-api-1.0.0.jar
[0a95ec07-25c6-491b-9348-b7cdd7149fdd/build]   | [INFO] Downloading from central: https://repo.maven.apache.org/maven2/org/junit/platform/junit-platform-commons/1.3.1/junit-platform-commons-1.3.1.jar
[0a95ec07-25c6-491b-9348-b7cdd7149fdd/build]   | [INFO] Downloading from central: https://repo.maven.apache.org/maven2/org/apache/maven/surefire/surefire-junit-platform/2.22.2/surefire-junit-platform-2.22.2.jar
[0a95ec07-25c6-491b-9348-b7cdd7149fdd/build]   | [INFO] Downloading from central: https://repo.maven.apache.org/maven2/org/junit/platform/junit-platform-engine/1.3.1/junit-platform-engine-1.3.1.jar
[0a95ec07-25c6-491b-9348-b7cdd7149fdd/build]   | [INFO] Downloading from central: https://repo.maven.apache.org/maven2/org/junit/platform/junit-platform-launcher/1.3.1/junit-platform-launcher-1.3.1.jar
[0a95ec07-25c6-491b-9348-b7cdd7149fdd/build]   | [INFO] Downloaded from central: https://repo.maven.apache.org/maven2/org/junit/platform/junit-platform-commons/1.3.1/junit-platform-commons-1.3.1.jar (78 kB at 1.0 MB/s)
[0a95ec07-25c6-491b-9348-b7cdd7149fdd/build]   | [INFO] Downloaded from central: https://repo.maven.apache.org/maven2/org/apiguardian/apiguardian-api/1.0.0/apiguardian-api-1.0.0.jar (2.2 kB at 28 kB/s)
[0a95ec07-25c6-491b-9348-b7cdd7149fdd/build]   | [INFO] Downloading from central: https://repo.maven.apache.org/maven2/org/opentest4j/opentest4j/1.1.1/opentest4j-1.1.1.jar
[0a95ec07-25c6-491b-9348-b7cdd7149fdd/build]   | [INFO] Downloaded from central: https://repo.maven.apache.org/maven2/org/apache/maven/surefire/surefire-junit-platform/2.22.2/surefire-junit-platform-2.22.2.jar (66 kB at 732 kB/s)
[0a95ec07-25c6-491b-9348-b7cdd7149fdd/build]   | [INFO] Downloaded from central: https://repo.maven.apache.org/maven2/org/junit/platform/junit-platform-engine/1.3.1/junit-platform-engine-1.3.1.jar (135 kB at 1.5 MB/s)
[0a95ec07-25c6-491b-9348-b7cdd7149fdd/build]   | [INFO] Downloaded from central: https://repo.maven.apache.org/maven2/org/junit/platform/junit-platform-launcher/1.3.1/junit-platform-launcher-1.3.1.jar (95 kB at 1.0 MB/s)
[0a95ec07-25c6-491b-9348-b7cdd7149fdd/build]   | [INFO] Downloaded from central: https://repo.maven.apache.org/maven2/org/opentest4j/opentest4j/1.1.1/opentest4j-1.1.1.jar (7.1 kB at 324 kB/s)
[0a95ec07-25c6-491b-9348-b7cdd7149fdd/build]   | [INFO] 
[0a95ec07-25c6-491b-9348-b7cdd7149fdd/build]   | [INFO] -------------------------------------------------------
[0a95ec07-25c6-491b-9348-b7cdd7149fdd/build]   | [INFO]  T E S T S
[0a95ec07-25c6-491b-9348-b7cdd7149fdd/build]   | [INFO] -------------------------------------------------------
[0a95ec07-25c6-491b-9348-b7cdd7149fdd/build]   | [INFO] Running io.github.mngsk.devicedetector.client.MobileAppTest
[0a95ec07-25c6-491b-9348-b7cdd7149fdd/build]   | [INFO] Tests run: 41, Failures: 0, Errors: 0, Skipped: 0, Time elapsed: 0.393 s - in io.github.mngsk.devicedetector.client.MobileAppTest
[0a95ec07-25c6-491b-9348-b7cdd7149fdd/build]   | [INFO] Running io.github.mngsk.devicedetector.client.browser.BrowserTest
[0a95ec07-25c6-491b-9348-b7cdd7149fdd/build]   | [INFO] Tests run: 321, Failures: 0, Errors: 0, Skipped: 0, Time elapsed: 0.869 s - in io.github.mngsk.devicedetector.client.browser.BrowserTest
[0a95ec07-25c6-491b-9348-b7cdd7149fdd/build]   | [INFO] Running io.github.mngsk.devicedetector.client.PersonalInformationManagerTest
[0a95ec07-25c6-491b-9348-b7cdd7149fdd/build]   | [INFO] Tests run: 19, Failures: 0, Errors: 0, Skipped: 0, Time elapsed: 0.019 s - in io.github.mngsk.devicedetector.client.PersonalInformationManagerTest
[0a95ec07-25c6-491b-9348-b7cdd7149fdd/build]   | [INFO] Running io.github.mngsk.devicedetector.client.bot.BotTest
[0a95ec07-25c6-491b-9348-b7cdd7149fdd/build]   | [INFO] Tests run: 447, Failures: 0, Errors: 0, Skipped: 0, Time elapsed: 0.685 s - in io.github.mngsk.devicedetector.client.bot.BotTest
[0a95ec07-25c6-491b-9348-b7cdd7149fdd/build]   | [INFO] Running io.github.mngsk.devicedetector.client.LibraryTest
[0a95ec07-25c6-491b-9348-b7cdd7149fdd/build]   | [INFO] Tests run: 34, Failures: 0, Errors: 0, Skipped: 0, Time elapsed: 0.024 s - in io.github.mngsk.devicedetector.client.LibraryTest
[0a95ec07-25c6-491b-9348-b7cdd7149fdd/build]   | [INFO] Running io.github.mngsk.devicedetector.client.FeedReaderTest
[0a95ec07-25c6-491b-9348-b7cdd7149fdd/build]   | [INFO] Tests run: 33, Failures: 0, Errors: 0, Skipped: 0, Time elapsed: 0.019 s - in io.github.mngsk.devicedetector.client.FeedReaderTest
[0a95ec07-25c6-491b-9348-b7cdd7149fdd/build]   | [INFO] Running io.github.mngsk.devicedetector.client.MediaPlayerTest
[0a95ec07-25c6-491b-9348-b7cdd7149fdd/build]   | [INFO] Tests run: 27, Failures: 0, Errors: 0, Skipped: 0, Time elapsed: 0.018 s - in io.github.mngsk.devicedetector.client.MediaPlayerTest
[0a95ec07-25c6-491b-9348-b7cdd7149fdd/build]   | [INFO] Running io.github.mngsk.devicedetector.DeviceDetectorTest
[0a95ec07-25c6-491b-9348-b7cdd7149fdd/build]   | [INFO] Tests run: 4, Failures: 0, Errors: 0, Skipped: 0, Time elapsed: 0.119 s - in io.github.mngsk.devicedetector.DeviceDetectorTest
[0a95ec07-25c6-491b-9348-b7cdd7149fdd/build]   | [INFO] Running io.github.mngsk.devicedetector.DetectionTest
[0a95ec07-25c6-491b-9348-b7cdd7149fdd/build]   | [INFO] Tests run: 6, Failures: 0, Errors: 0, Skipped: 0, Time elapsed: 0.124 s - in io.github.mngsk.devicedetector.DetectionTest
[0a95ec07-25c6-491b-9348-b7cdd7149fdd/build]   | [INFO] Running io.github.mngsk.devicedetector.operatingsystem.OperatingSystemTest
[0a95ec07-25c6-491b-9348-b7cdd7149fdd/build]   | [INFO] Tests run: 154, Failures: 0, Errors: 0, Skipped: 0, Time elapsed: 0.147 s - in io.github.mngsk.devicedetector.operatingsystem.OperatingSystemTest
[0a95ec07-25c6-491b-9348-b7cdd7149fdd/build]   | [INFO] Running io.github.mngsk.devicedetector.generic.TabletTest
[0a95ec07-25c6-491b-9348-b7cdd7149fdd/build]   | [INFO] Tests run: 2632, Failures: 0, Errors: 0, Skipped: 0, Time elapsed: 28.229 s - in io.github.mngsk.devicedetector.generic.TabletTest
[0a95ec07-25c6-491b-9348-b7cdd7149fdd/build]   | [INFO] Running io.github.mngsk.devicedetector.generic.OtherTest
[0a95ec07-25c6-491b-9348-b7cdd7149fdd/build]   | [INFO] Tests run: 1203, Failures: 0, Errors: 0, Skipped: 0, Time elapsed: 14.644 s - in io.github.mngsk.devicedetector.generic.OtherTest
[0a95ec07-25c6-491b-9348-b7cdd7149fdd/build]   | [INFO] Running io.github.mngsk.devicedetector.generic.UnknownTest
[0a95ec07-25c6-491b-9348-b7cdd7149fdd/build]   | [ERROR] Tests run: 168, Failures: 1, Errors: 0, Skipped: 0, Time elapsed: 3.474 s <<< FAILURE! - in io.github.mngsk.devicedetector.generic.UnknownTest
[0a95ec07-25c6-491b-9348-b7cdd7149fdd/build]   | [ERROR] fixtures{GenericFixture}[167]  Time elapsed: 0.049 s  <<< FAILURE!
[0a95ec07-25c6-491b-9348-b7cdd7149fdd/build]   | org.opentest4j.AssertionFailedError: 
[0a95ec07-25c6-491b-9348-b7cdd7149fdd/build]   | Mozilla/5.0 (Linux; diordnA 9) AppleWebKit/537.36 (KHTML, like Gecko) Version/4.0 Focus/8.0.9 Chrome/85.0.4183.127 eliboM Safari/537.36
[0a95ec07-25c6-491b-9348-b7cdd7149fdd/build]   | expected: {"type":"smartphone","brand":null,"model":null}
[0a95ec07-25c6-491b-9348-b7cdd7149fdd/build]   |   actual: {"type":"tablet","brand":null,"model":null} ==> expected: <smartphone> but was: <tablet>
[0a95ec07-25c6-491b-9348-b7cdd7149fdd/build]   | 
[0a95ec07-25c6-491b-9348-b7cdd7149fdd/build]   | [INFO] Running io.github.mngsk.devicedetector.generic.SmartphoneTest
[0a95ec07-25c6-491b-9348-b7cdd7149fdd/build]   | [INFO] Tests run: 9153, Failures: 0, Errors: 0, Skipped: 0, Time elapsed: 106.25 s - in io.github.mngsk.devicedetector.generic.SmartphoneTest
[0a95ec07-25c6-491b-9348-b7cdd7149fdd/build]   | [INFO] Running io.github.mngsk.devicedetector.device.CameraTest
[0a95ec07-25c6-491b-9348-b7cdd7149fdd/build]   | [INFO] Tests run: 3, Failures: 0, Errors: 0, Skipped: 0, Time elapsed: 0.001 s - in io.github.mngsk.devicedetector.device.CameraTest
[0a95ec07-25c6-491b-9348-b7cdd7149fdd/build]   | [INFO] Running io.github.mngsk.devicedetector.device.NotebookTest
[0a95ec07-25c6-491b-9348-b7cdd7149fdd/build]   | [INFO] Tests run: 1, Failures: 0, Errors: 0, Skipped: 0, Time elapsed: 0 s - in io.github.mngsk.devicedetector.device.NotebookTest
[0a95ec07-25c6-491b-9348-b7cdd7149fdd/build]   | [INFO] Running io.github.mngsk.devicedetector.device.CarBrowserTest
[0a95ec07-25c6-491b-9348-b7cdd7149fdd/build]   | [INFO] Tests run: 2, Failures: 0, Errors: 0, Skipped: 0, Time elapsed: 0 s - in io.github.mngsk.devicedetector.device.CarBrowserTest
[0a95ec07-25c6-491b-9348-b7cdd7149fdd/build]   | [INFO] Running io.github.mngsk.devicedetector.device.ConsoleTest
[0a95ec07-25c6-491b-9348-b7cdd7149fdd/build]   | [INFO] Tests run: 13, Failures: 0, Errors: 0, Skipped: 0, Time elapsed: 0 s - in io.github.mngsk.devicedetector.device.ConsoleTest
[0a95ec07-25c6-491b-9348-b7cdd7149fdd/build]   | [INFO] 
[0a95ec07-25c6-491b-9348-b7cdd7149fdd/build]   | [INFO] Results:
[0a95ec07-25c6-491b-9348-b7cdd7149fdd/build]   | [INFO] 
[0a95ec07-25c6-491b-9348-b7cdd7149fdd/build]   | [ERROR] Failures: 
[0a95ec07-25c6-491b-9348-b7cdd7149fdd/build]   | [ERROR]   UnknownTest>AbstractTest.fixtures:41 Mozilla/5.0 (Linux; diordnA 9) AppleWebKit/537.36 (KHTML, like Gecko) Version/4.0 Focus/8.0.9 Chrome/85.0.4183.127 eliboM Safari/537.36
[0a95ec07-25c6-491b-9348-b7cdd7149fdd/build]   | expected: {"type":"smartphone","brand":null,"model":null}
[0a95ec07-25c6-491b-9348-b7cdd7149fdd/build]   |   actual: {"type":"tablet","brand":null,"model":null} ==> expected: <smartphone> but was: <tablet>
[0a95ec07-25c6-491b-9348-b7cdd7149fdd/build]   | [INFO] 
[0a95ec07-25c6-491b-9348-b7cdd7149fdd/build]   | [ERROR] Tests run: 14261, Failures: 1, Errors: 0, Skipped: 0
[0a95ec07-25c6-491b-9348-b7cdd7149fdd/build]   | [INFO] 
[0a95ec07-25c6-491b-9348-b7cdd7149fdd/build]   | [INFO] ------------------------------------------------------------------------
[0a95ec07-25c6-491b-9348-b7cdd7149fdd/build]   | [INFO] BUILD FAILURE
[0a95ec07-25c6-491b-9348-b7cdd7149fdd/build]   | [INFO] ------------------------------------------------------------------------
[0a95ec07-25c6-491b-9348-b7cdd7149fdd/build]   | [INFO] Total time:  03:15 min
[0a95ec07-25c6-491b-9348-b7cdd7149fdd/build]   | [INFO] Finished at: 2023-07-12T19:34:28Z
[0a95ec07-25c6-491b-9348-b7cdd7149fdd/build]   | [INFO] ------------------------------------------------------------------------
[0a95ec07-25c6-491b-9348-b7cdd7149fdd/build]   | [ERROR] Failed to execute goal org.apache.maven.plugins:maven-surefire-plugin:2.22.2:test (default-test) on project device-detector: There are test failures.
[0a95ec07-25c6-491b-9348-b7cdd7149fdd/build]   | [ERROR] 
[0a95ec07-25c6-491b-9348-b7cdd7149fdd/build]   | [ERROR] Please refer to /tmp/f4eca57b-51ca-4f8a-80a0-d115aff3aba4/target/surefire-reports for the individual test results.
[0a95ec07-25c6-491b-9348-b7cdd7149fdd/build]   | [ERROR] Please refer to dump files (if any exist) [date].dump, [date]-jvmRun[N].dump and [date].dumpstream.
[0a95ec07-25c6-491b-9348-b7cdd7149fdd/build]   | [ERROR] -> [Help 1]
[0a95ec07-25c6-491b-9348-b7cdd7149fdd/build]   | [ERROR] 
[0a95ec07-25c6-491b-9348-b7cdd7149fdd/build]   | [ERROR] To see the full stack trace of the errors, re-run Maven with the -e switch.
[0a95ec07-25c6-491b-9348-b7cdd7149fdd/build]   | [ERROR] Re-run Maven using the -X switch to enable full debug logging.
[0a95ec07-25c6-491b-9348-b7cdd7149fdd/build]   | [ERROR] 
[0a95ec07-25c6-491b-9348-b7cdd7149fdd/build]   | [ERROR] For more information about the errors and possible solutions, please read the following articles:
[0a95ec07-25c6-491b-9348-b7cdd7149fdd/build]   | [ERROR] [Help 1] http://cwiki.apache.org/confluence/display/MAVEN/MojoFailureException
[0a95ec07-25c6-491b-9348-b7cdd7149fdd/build]   ‚ùå  Failure - Main Build with Maven
[0a95ec07-25c6-491b-9348-b7cdd7149fdd/build] exitcode '1': failure
[0a95ec07-25c6-491b-9348-b7cdd7149fdd/build] unable to get git ref: failed to identify reference (tag/branch) for the checked-out revision 'a5f290980d83c3d6fa5405cd17a66e4e7f56278d'
[0a95ec07-25c6-491b-9348-b7cdd7149fdd/build] unable to get git ref: failed to identify reference (tag/branch) for the checked-out revision 'a5f290980d83c3d6fa5405cd17a66e4e7f56278d'
[0a95ec07-25c6-491b-9348-b7cdd7149fdd/build] unable to get git ref: failed to identify reference (tag/branch) for the checked-out revision 'a5f290980d83c3d6fa5405cd17a66e4e7f56278d'
[0a95ec07-25c6-491b-9348-b7cdd7149fdd/build] unable to get git ref: failed to identify reference (tag/branch) for the checked-out revision 'a5f290980d83c3d6fa5405cd17a66e4e7f56278d'
[0a95ec07-25c6-491b-9348-b7cdd7149fdd/build] unable to get git ref: failed to identify reference (tag/branch) for the checked-out revision 'a5f290980d83c3d6fa5405cd17a66e4e7f56278d'
[0a95ec07-25c6-491b-9348-b7cdd7149fdd/build] ‚≠ê Run Post Set up JDK 1.8
[0a95ec07-25c6-491b-9348-b7cdd7149fdd/build]   üê≥  docker exec cmd=[node /var/run/act/actions/actions-setup-java@v1/dist/cleanup/index.js] user= workdir=
[0a95ec07-25c6-491b-9348-b7cdd7149fdd/build]   ‚úÖ  Success - Post Set up JDK 1.8
[0a95ec07-25c6-491b-9348-b7cdd7149fdd/build] üèÅ  Job failed
[0a95ec07-25c6-491b-9348-b7cdd7149fdd/build] unable to get git ref: failed to identify reference (tag/branch) for the checked-out revision 'a5f290980d83c3d6fa5405cd17a66e4e7f56278d'
