[8931977a-24d4-4454-a3fb-7570543fad73/build] 🚀  Start image=gitbugactions:latest
[8931977a-24d4-4454-a3fb-7570543fad73/build]   🐳  docker pull image=gitbugactions:latest platform= username= forcePull=false
[8931977a-24d4-4454-a3fb-7570543fad73/build]   🐳  docker create image=gitbugactions:latest platform= entrypoint=["tail" "-f" "/dev/null"] cmd=[]
[8931977a-24d4-4454-a3fb-7570543fad73/build]   🐳  docker run image=gitbugactions:latest platform= entrypoint=["tail" "-f" "/dev/null"] cmd=[]
[8931977a-24d4-4454-a3fb-7570543fad73/build]   🐳  docker exec cmd=[chown -R 1012:1013 /tmp/edbb904f-deac-4494-ba55-bf0baa0a075a] user=0 workdir=
[8931977a-24d4-4454-a3fb-7570543fad73/build] ⭐ Run Main actions/checkout@v2
[8931977a-24d4-4454-a3fb-7570543fad73/build]   🐳  docker cp src=/tmp/edbb904f-deac-4494-ba55-bf0baa0a075a/. dst=/tmp/edbb904f-deac-4494-ba55-bf0baa0a075a
[8931977a-24d4-4454-a3fb-7570543fad73/build]   🐳  docker exec cmd=[chown -R 1012:1013 /tmp/edbb904f-deac-4494-ba55-bf0baa0a075a] user=0 workdir=
[8931977a-24d4-4454-a3fb-7570543fad73/build]   ✅  Success - Main actions/checkout@v2
[8931977a-24d4-4454-a3fb-7570543fad73/build] ⭐ Run Main Set up JDK 11
[8931977a-24d4-4454-a3fb-7570543fad73/build]   🐳  docker cp src=/tmp/act-cache/fbf6d1dd-6b80-4626-9633-dac92bd57da5/act/actions-setup-java@v2/ dst=/var/run/act/actions/actions-setup-java@v2/
[8931977a-24d4-4454-a3fb-7570543fad73/build]   🐳  docker exec cmd=[chown -R 1012:1013 /var/run/act/actions/actions-setup-java@v2/] user=0 workdir=
[8931977a-24d4-4454-a3fb-7570543fad73/build]   🐳  docker exec cmd=[node /var/run/act/actions/actions-setup-java@v2/dist/setup/index.js] user= workdir=
[8931977a-24d4-4454-a3fb-7570543fad73/build]   💬  ::debug::isExplicit: 11.0.20-1
[8931977a-24d4-4454-a3fb-7570543fad73/build]   💬  ::debug::explicit? true
[8931977a-24d4-4454-a3fb-7570543fad73/build]   💬  ::debug::isExplicit: 17.0.8-1
[8931977a-24d4-4454-a3fb-7570543fad73/build]   💬  ::debug::explicit? true
[8931977a-24d4-4454-a3fb-7570543fad73/build]   💬  ::debug::isExplicit: 21.0.0-35
[8931977a-24d4-4454-a3fb-7570543fad73/build]   💬  ::debug::explicit? true
[8931977a-24d4-4454-a3fb-7570543fad73/build]   💬  ::debug::isExplicit: 8.0.382-5
[8931977a-24d4-4454-a3fb-7570543fad73/build]   💬  ::debug::explicit? true
[8931977a-24d4-4454-a3fb-7570543fad73/build]   | Resolved Java 11.0.20+1 from tool-cache
[8931977a-24d4-4454-a3fb-7570543fad73/build]   | Setting Java 11.0.20+1 as the default
[8931977a-24d4-4454-a3fb-7570543fad73/build]   | 
[8931977a-24d4-4454-a3fb-7570543fad73/build]   | Java configuration:
[8931977a-24d4-4454-a3fb-7570543fad73/build]   |   Distribution: temurin
[8931977a-24d4-4454-a3fb-7570543fad73/build]   |   Version: 11.0.20+1
[8931977a-24d4-4454-a3fb-7570543fad73/build]   |   Path: /opt/hostedtoolcache/Java_Temurin-Hotspot_jdk/11.0.20-1/x64
[8931977a-24d4-4454-a3fb-7570543fad73/build]   | 
[8931977a-24d4-4454-a3fb-7570543fad73/build]   ❓ add-matcher /run/act/actions/actions-setup-java@v2/.github/java.json
[8931977a-24d4-4454-a3fb-7570543fad73/build]   | Creating settings.xml with server-id: github
[8931977a-24d4-4454-a3fb-7570543fad73/build]   | Writing to /home/runner/.m2/settings.xml
[8931977a-24d4-4454-a3fb-7570543fad73/build]   ✅  Success - Main Set up JDK 11
[8931977a-24d4-4454-a3fb-7570543fad73/build]   ⚙  ::set-env:: JAVA_HOME=/opt/hostedtoolcache/Java_Temurin-Hotspot_jdk/11.0.20-1/x64
[8931977a-24d4-4454-a3fb-7570543fad73/build]   ⚙  ::set-output:: distribution=Temurin-Hotspot
[8931977a-24d4-4454-a3fb-7570543fad73/build]   ⚙  ::set-output:: path=/opt/hostedtoolcache/Java_Temurin-Hotspot_jdk/11.0.20-1/x64
[8931977a-24d4-4454-a3fb-7570543fad73/build]   ⚙  ::set-output:: version=11.0.20+1
[8931977a-24d4-4454-a3fb-7570543fad73/build]   ⚙  ::add-path:: /opt/hostedtoolcache/Java_Temurin-Hotspot_jdk/11.0.20-1/x64/bin
[8931977a-24d4-4454-a3fb-7570543fad73/build] ⭐ Run Main Build with Maven
[8931977a-24d4-4454-a3fb-7570543fad73/build]   🐳  docker exec cmd=[bash --noprofile --norc -e -o pipefail /var/run/act/workflow/2] user= workdir=
[8931977a-24d4-4454-a3fb-7570543fad73/build]   | [INFO] Scanning for projects...
[8931977a-24d4-4454-a3fb-7570543fad73/build]   | [INFO] 
[8931977a-24d4-4454-a3fb-7570543fad73/build]   | [INFO] -----------------------< org.netpreserve:jwarc >------------------------
[8931977a-24d4-4454-a3fb-7570543fad73/build]   | [INFO] Building jwarc 0.27.0
[8931977a-24d4-4454-a3fb-7570543fad73/build]   | [INFO]   from pom.xml
[8931977a-24d4-4454-a3fb-7570543fad73/build]   | [INFO] --------------------------------[ jar ]---------------------------------
[8931977a-24d4-4454-a3fb-7570543fad73/build]   | [INFO] Downloading from central: https://repo.maven.apache.org/maven2/org/apache/maven/plugins/maven-resources-plugin/2.6/maven-resources-plugin-2.6.pom
[8931977a-24d4-4454-a3fb-7570543fad73/build]   | [INFO] Downloaded from central: https://repo.maven.apache.org/maven2/org/apache/maven/plugins/maven-resources-plugin/2.6/maven-resources-plugin-2.6.pom (8.1 kB at 18 kB/s)
[8931977a-24d4-4454-a3fb-7570543fad73/build]   | [INFO] Downloading from central: https://repo.maven.apache.org/maven2/org/apache/maven/plugins/maven-plugins/23/maven-plugins-23.pom
[8931977a-24d4-4454-a3fb-7570543fad73/build]   | [INFO] Downloaded from central: https://repo.maven.apache.org/maven2/org/apache/maven/plugins/maven-plugins/23/maven-plugins-23.pom (9.2 kB at 541 kB/s)
[8931977a-24d4-4454-a3fb-7570543fad73/build]   | [INFO] Downloading from central: https://repo.maven.apache.org/maven2/org/apache/maven/maven-parent/22/maven-parent-22.pom
[8931977a-24d4-4454-a3fb-7570543fad73/build]   | [INFO] Downloaded from central: https://repo.maven.apache.org/maven2/org/apache/maven/maven-parent/22/maven-parent-22.pom (30 kB at 1.3 MB/s)
[8931977a-24d4-4454-a3fb-7570543fad73/build]   | [INFO] Downloading from central: https://repo.maven.apache.org/maven2/org/apache/apache/11/apache-11.pom
[8931977a-24d4-4454-a3fb-7570543fad73/build]   | [INFO] Downloaded from central: https://repo.maven.apache.org/maven2/org/apache/apache/11/apache-11.pom (15 kB at 644 kB/s)
[8931977a-24d4-4454-a3fb-7570543fad73/build]   | [INFO] Downloading from central: https://repo.maven.apache.org/maven2/org/apache/maven/plugins/maven-resources-plugin/2.6/maven-resources-plugin-2.6.jar
[8931977a-24d4-4454-a3fb-7570543fad73/build]   | [INFO] Downloaded from central: https://repo.maven.apache.org/maven2/org/apache/maven/plugins/maven-resources-plugin/2.6/maven-resources-plugin-2.6.jar (30 kB at 1.4 MB/s)
[8931977a-24d4-4454-a3fb-7570543fad73/build]   | [INFO] Downloading from central: https://repo.maven.apache.org/maven2/org/apache/maven/plugins/maven-compiler-plugin/3.1/maven-compiler-plugin-3.1.pom
[8931977a-24d4-4454-a3fb-7570543fad73/build]   | [INFO] Downloaded from central: https://repo.maven.apache.org/maven2/org/apache/maven/plugins/maven-compiler-plugin/3.1/maven-compiler-plugin-3.1.pom (10 kB at 486 kB/s)
[8931977a-24d4-4454-a3fb-7570543fad73/build]   | [INFO] Downloading from central: https://repo.maven.apache.org/maven2/org/apache/maven/plugins/maven-plugins/24/maven-plugins-24.pom
[8931977a-24d4-4454-a3fb-7570543fad73/build]   | [INFO] Downloaded from central: https://repo.maven.apache.org/maven2/org/apache/maven/plugins/maven-plugins/24/maven-plugins-24.pom (11 kB at 772 kB/s)
[8931977a-24d4-4454-a3fb-7570543fad73/build]   | [INFO] Downloading from central: https://repo.maven.apache.org/maven2/org/apache/maven/maven-parent/23/maven-parent-23.pom
[8931977a-24d4-4454-a3fb-7570543fad73/build]   | [INFO] Downloaded from central: https://repo.maven.apache.org/maven2/org/apache/maven/maven-parent/23/maven-parent-23.pom (33 kB at 2.3 MB/s)
[8931977a-24d4-4454-a3fb-7570543fad73/build]   | [INFO] Downloading from central: https://repo.maven.apache.org/maven2/org/apache/apache/13/apache-13.pom
[8931977a-24d4-4454-a3fb-7570543fad73/build]   | [INFO] Downloaded from central: https://repo.maven.apache.org/maven2/org/apache/apache/13/apache-13.pom (14 kB at 1.4 MB/s)
[8931977a-24d4-4454-a3fb-7570543fad73/build]   | [INFO] Downloading from central: https://repo.maven.apache.org/maven2/org/apache/maven/plugins/maven-compiler-plugin/3.1/maven-compiler-plugin-3.1.jar
[8931977a-24d4-4454-a3fb-7570543fad73/build]   | [INFO] Downloaded from central: https://repo.maven.apache.org/maven2/org/apache/maven/plugins/maven-compiler-plugin/3.1/maven-compiler-plugin-3.1.jar (43 kB at 3.1 MB/s)
[8931977a-24d4-4454-a3fb-7570543fad73/build]   | [INFO] Downloading from central: https://repo.maven.apache.org/maven2/org/apache/maven/plugins/maven-surefire-plugin/2.12.4/maven-surefire-plugin-2.12.4.pom
[8931977a-24d4-4454-a3fb-7570543fad73/build]   | [INFO] Downloaded from central: https://repo.maven.apache.org/maven2/org/apache/maven/plugins/maven-surefire-plugin/2.12.4/maven-surefire-plugin-2.12.4.pom (10 kB at 476 kB/s)
[8931977a-24d4-4454-a3fb-7570543fad73/build]   | [INFO] Downloading from central: https://repo.maven.apache.org/maven2/org/apache/maven/surefire/surefire/2.12.4/surefire-2.12.4.pom
[8931977a-24d4-4454-a3fb-7570543fad73/build]   | [INFO] Downloaded from central: https://repo.maven.apache.org/maven2/org/apache/maven/surefire/surefire/2.12.4/surefire-2.12.4.pom (14 kB at 985 kB/s)
[8931977a-24d4-4454-a3fb-7570543fad73/build]   | [INFO] Downloading from central: https://repo.maven.apache.org/maven2/org/apache/maven/plugins/maven-surefire-plugin/2.12.4/maven-surefire-plugin-2.12.4.jar
[8931977a-24d4-4454-a3fb-7570543fad73/build]   | [INFO] Downloaded from central: https://repo.maven.apache.org/maven2/org/apache/maven/plugins/maven-surefire-plugin/2.12.4/maven-surefire-plugin-2.12.4.jar (30 kB at 1.5 MB/s)
[8931977a-24d4-4454-a3fb-7570543fad73/build]   | [INFO] Downloading from central: https://repo.maven.apache.org/maven2/org/apache/maven/plugins/maven-jar-plugin/3.2.2/maven-jar-plugin-3.2.2.pom
[8931977a-24d4-4454-a3fb-7570543fad73/build]   | [INFO] Downloaded from central: https://repo.maven.apache.org/maven2/org/apache/maven/plugins/maven-jar-plugin/3.2.2/maven-jar-plugin-3.2.2.pom (7.5 kB at 575 kB/s)
[8931977a-24d4-4454-a3fb-7570543fad73/build]   | [INFO] Downloading from central: https://repo.maven.apache.org/maven2/org/apache/maven/plugins/maven-plugins/34/maven-plugins-34.pom
[8931977a-24d4-4454-a3fb-7570543fad73/build]   | [INFO] Downloaded from central: https://repo.maven.apache.org/maven2/org/apache/maven/plugins/maven-plugins/34/maven-plugins-34.pom (11 kB at 445 kB/s)
[8931977a-24d4-4454-a3fb-7570543fad73/build]   | [INFO] Downloading from central: https://repo.maven.apache.org/maven2/org/apache/maven/maven-parent/34/maven-parent-34.pom
[8931977a-24d4-4454-a3fb-7570543fad73/build]   | [INFO] Downloaded from central: https://repo.maven.apache.org/maven2/org/apache/maven/maven-parent/34/maven-parent-34.pom (43 kB at 3.3 MB/s)
[8931977a-24d4-4454-a3fb-7570543fad73/build]   | [INFO] Downloading from central: https://repo.maven.apache.org/maven2/org/apache/apache/23/apache-23.pom
[8931977a-24d4-4454-a3fb-7570543fad73/build]   | [INFO] Downloaded from central: https://repo.maven.apache.org/maven2/org/apache/apache/23/apache-23.pom (18 kB at 1.1 MB/s)
[8931977a-24d4-4454-a3fb-7570543fad73/build]   | [INFO] Downloading from central: https://repo.maven.apache.org/maven2/org/apache/maven/plugins/maven-jar-plugin/3.2.2/maven-jar-plugin-3.2.2.jar
[8931977a-24d4-4454-a3fb-7570543fad73/build]   | [INFO] Downloaded from central: https://repo.maven.apache.org/maven2/org/apache/maven/plugins/maven-jar-plugin/3.2.2/maven-jar-plugin-3.2.2.jar (29 kB at 3.2 MB/s)
[8931977a-24d4-4454-a3fb-7570543fad73/build]   | [INFO] Downloading from central: https://repo.maven.apache.org/maven2/junit/junit/4.13.2/junit-4.13.2.pom
[8931977a-24d4-4454-a3fb-7570543fad73/build]   | [INFO] Downloaded from central: https://repo.maven.apache.org/maven2/junit/junit/4.13.2/junit-4.13.2.pom (27 kB at 2.5 MB/s)
[8931977a-24d4-4454-a3fb-7570543fad73/build]   | [INFO] Downloading from central: https://repo.maven.apache.org/maven2/org/hamcrest/hamcrest-core/1.3/hamcrest-core-1.3.pom
[8931977a-24d4-4454-a3fb-7570543fad73/build]   | [INFO] Downloaded from central: https://repo.maven.apache.org/maven2/org/hamcrest/hamcrest-core/1.3/hamcrest-core-1.3.pom (766 B at 96 kB/s)
[8931977a-24d4-4454-a3fb-7570543fad73/build]   | [INFO] Downloading from central: https://repo.maven.apache.org/maven2/org/hamcrest/hamcrest-parent/1.3/hamcrest-parent-1.3.pom
[8931977a-24d4-4454-a3fb-7570543fad73/build]   | [INFO] Downloaded from central: https://repo.maven.apache.org/maven2/org/hamcrest/hamcrest-parent/1.3/hamcrest-parent-1.3.pom (2.0 kB at 219 kB/s)
[8931977a-24d4-4454-a3fb-7570543fad73/build]   | [INFO] Downloading from central: https://repo.maven.apache.org/maven2/junit/junit/4.13.2/junit-4.13.2.jar
[8931977a-24d4-4454-a3fb-7570543fad73/build]   | [INFO] Downloading from central: https://repo.maven.apache.org/maven2/org/hamcrest/hamcrest-core/1.3/hamcrest-core-1.3.jar
[8931977a-24d4-4454-a3fb-7570543fad73/build]   | [INFO] Downloaded from central: https://repo.maven.apache.org/maven2/org/hamcrest/hamcrest-core/1.3/hamcrest-core-1.3.jar (45 kB at 577 kB/s)
[8931977a-24d4-4454-a3fb-7570543fad73/build]   | [INFO] Downloaded from central: https://repo.maven.apache.org/maven2/junit/junit/4.13.2/junit-4.13.2.jar (385 kB at 2.4 MB/s)
[8931977a-24d4-4454-a3fb-7570543fad73/build]   | [INFO] 
[8931977a-24d4-4454-a3fb-7570543fad73/build]   | [INFO] --- maven-resources-plugin:2.6:resources (default-resources) @ jwarc ---
[8931977a-24d4-4454-a3fb-7570543fad73/build]   | [INFO] Downloading from central: https://repo.maven.apache.org/maven2/org/apache/maven/maven-plugin-api/2.0.6/maven-plugin-api-2.0.6.pom
[8931977a-24d4-4454-a3fb-7570543fad73/build]   | [INFO] Downloaded from central: https://repo.maven.apache.org/maven2/org/apache/maven/maven-plugin-api/2.0.6/maven-plugin-api-2.0.6.pom (1.5 kB at 47 kB/s)
[8931977a-24d4-4454-a3fb-7570543fad73/build]   | [INFO] Downloading from central: https://repo.maven.apache.org/maven2/org/apache/maven/maven/2.0.6/maven-2.0.6.pom
[8931977a-24d4-4454-a3fb-7570543fad73/build]   | [INFO] Downloaded from central: https://repo.maven.apache.org/maven2/org/apache/maven/maven/2.0.6/maven-2.0.6.pom (9.0 kB at 476 kB/s)
[8931977a-24d4-4454-a3fb-7570543fad73/build]   | [INFO] Downloading from central: https://repo.maven.apache.org/maven2/org/apache/maven/maven-parent/5/maven-parent-5.pom
[8931977a-24d4-4454-a3fb-7570543fad73/build]   | [INFO] Downloaded from central: https://repo.maven.apache.org/maven2/org/apache/maven/maven-parent/5/maven-parent-5.pom (15 kB at 896 kB/s)
[8931977a-24d4-4454-a3fb-7570543fad73/build]   | [INFO] Downloading from central: https://repo.maven.apache.org/maven2/org/apache/apache/3/apache-3.pom
[8931977a-24d4-4454-a3fb-7570543fad73/build]   | [INFO] Downloaded from central: https://repo.maven.apache.org/maven2/org/apache/apache/3/apache-3.pom (3.4 kB at 286 kB/s)
[8931977a-24d4-4454-a3fb-7570543fad73/build]   | [INFO] Downloading from central: https://repo.maven.apache.org/maven2/org/apache/maven/maven-project/2.0.6/maven-project-2.0.6.pom
[8931977a-24d4-4454-a3fb-7570543fad73/build]   | [INFO] Downloaded from central: https://repo.maven.apache.org/maven2/org/apache/maven/maven-project/2.0.6/maven-project-2.0.6.pom (2.6 kB at 293 kB/s)
[8931977a-24d4-4454-a3fb-7570543fad73/build]   | [INFO] Downloading from central: https://repo.maven.apache.org/maven2/org/apache/maven/maven-settings/2.0.6/maven-settings-2.0.6.pom
[8931977a-24d4-4454-a3fb-7570543fad73/build]   | [INFO] Downloaded from central: https://repo.maven.apache.org/maven2/org/apache/maven/maven-settings/2.0.6/maven-settings-2.0.6.pom (2.0 kB at 167 kB/s)
[8931977a-24d4-4454-a3fb-7570543fad73/build]   | [INFO] Downloading from central: https://repo.maven.apache.org/maven2/org/apache/maven/maven-model/2.0.6/maven-model-2.0.6.pom
[8931977a-24d4-4454-a3fb-7570543fad73/build]   | [INFO] Downloaded from central: https://repo.maven.apache.org/maven2/org/apache/maven/maven-model/2.0.6/maven-model-2.0.6.pom (3.0 kB at 339 kB/s)
[8931977a-24d4-4454-a3fb-7570543fad73/build]   | [INFO] Downloading from central: https://repo.maven.apache.org/maven2/org/codehaus/plexus/plexus-utils/1.4.1/plexus-utils-1.4.1.pom
[8931977a-24d4-4454-a3fb-7570543fad73/build]   | [INFO] Downloaded from central: https://repo.maven.apache.org/maven2/org/codehaus/plexus/plexus-utils/1.4.1/plexus-utils-1.4.1.pom (1.9 kB at 147 kB/s)
[8931977a-24d4-4454-a3fb-7570543fad73/build]   | [INFO] Downloading from central: https://repo.maven.apache.org/maven2/org/codehaus/plexus/plexus/1.0.11/plexus-1.0.11.pom
[8931977a-24d4-4454-a3fb-7570543fad73/build]   | [INFO] Downloaded from central: https://repo.maven.apache.org/maven2/org/codehaus/plexus/plexus/1.0.11/plexus-1.0.11.pom (9.0 kB at 690 kB/s)
[8931977a-24d4-4454-a3fb-7570543fad73/build]   | [INFO] Downloading from central: https://repo.maven.apache.org/maven2/org/codehaus/plexus/plexus-container-default/1.0-alpha-9-stable-1/plexus-container-default-1.0-alpha-9-stable-1.pom
[8931977a-24d4-4454-a3fb-7570543fad73/build]   | [INFO] Downloaded from central: https://repo.maven.apache.org/maven2/org/codehaus/plexus/plexus-container-default/1.0-alpha-9-stable-1/plexus-container-default-1.0-alpha-9-stable-1.pom (3.9 kB at 395 kB/s)
[8931977a-24d4-4454-a3fb-7570543fad73/build]   | [INFO] Downloading from central: https://repo.maven.apache.org/maven2/org/codehaus/plexus/plexus-containers/1.0.3/plexus-containers-1.0.3.pom
[8931977a-24d4-4454-a3fb-7570543fad73/build]   | [INFO] Downloaded from central: https://repo.maven.apache.org/maven2/org/codehaus/plexus/plexus-containers/1.0.3/plexus-containers-1.0.3.pom (492 B at 70 kB/s)
[8931977a-24d4-4454-a3fb-7570543fad73/build]   | [INFO] Downloading from central: https://repo.maven.apache.org/maven2/org/codehaus/plexus/plexus/1.0.4/plexus-1.0.4.pom
[8931977a-24d4-4454-a3fb-7570543fad73/build]   | [INFO] Downloaded from central: https://repo.maven.apache.org/maven2/org/codehaus/plexus/plexus/1.0.4/plexus-1.0.4.pom (5.7 kB at 637 kB/s)
[8931977a-24d4-4454-a3fb-7570543fad73/build]   | [INFO] Downloading from central: https://repo.maven.apache.org/maven2/junit/junit/3.8.1/junit-3.8.1.pom
[8931977a-24d4-4454-a3fb-7570543fad73/build]   | [INFO] Downloaded from central: https://repo.maven.apache.org/maven2/junit/junit/3.8.1/junit-3.8.1.pom (998 B at 125 kB/s)
[8931977a-24d4-4454-a3fb-7570543fad73/build]   | [INFO] Downloading from central: https://repo.maven.apache.org/maven2/org/codehaus/plexus/plexus-utils/1.0.4/plexus-utils-1.0.4.pom
[8931977a-24d4-4454-a3fb-7570543fad73/build]   | [INFO] Downloaded from central: https://repo.maven.apache.org/maven2/org/codehaus/plexus/plexus-utils/1.0.4/plexus-utils-1.0.4.pom (6.9 kB at 571 kB/s)
[8931977a-24d4-4454-a3fb-7570543fad73/build]   | [INFO] Downloading from central: https://repo.maven.apache.org/maven2/classworlds/classworlds/1.1-alpha-2/classworlds-1.1-alpha-2.pom
[8931977a-24d4-4454-a3fb-7570543fad73/build]   | [INFO] Downloaded from central: https://repo.maven.apache.org/maven2/classworlds/classworlds/1.1-alpha-2/classworlds-1.1-alpha-2.pom (3.1 kB at 348 kB/s)
[8931977a-24d4-4454-a3fb-7570543fad73/build]   | [INFO] Downloading from central: https://repo.maven.apache.org/maven2/org/apache/maven/maven-profile/2.0.6/maven-profile-2.0.6.pom
[8931977a-24d4-4454-a3fb-7570543fad73/build]   | [INFO] Downloaded from central: https://repo.maven.apache.org/maven2/org/apache/maven/maven-profile/2.0.6/maven-profile-2.0.6.pom (2.0 kB at 330 kB/s)
[8931977a-24d4-4454-a3fb-7570543fad73/build]   | [INFO] Downloading from central: https://repo.maven.apache.org/maven2/org/apache/maven/maven-artifact-manager/2.0.6/maven-artifact-manager-2.0.6.pom
[8931977a-24d4-4454-a3fb-7570543fad73/build]   | [INFO] Downloaded from central: https://repo.maven.apache.org/maven2/org/apache/maven/maven-artifact-manager/2.0.6/maven-artifact-manager-2.0.6.pom (2.6 kB at 238 kB/s)
[8931977a-24d4-4454-a3fb-7570543fad73/build]   | [INFO] Downloading from central: https://repo.maven.apache.org/maven2/org/apache/maven/maven-repository-metadata/2.0.6/maven-repository-metadata-2.0.6.pom
[8931977a-24d4-4454-a3fb-7570543fad73/build]   | [INFO] Downloaded from central: https://repo.maven.apache.org/maven2/org/apache/maven/maven-repository-metadata/2.0.6/maven-repository-metadata-2.0.6.pom (1.9 kB at 206 kB/s)
[8931977a-24d4-4454-a3fb-7570543fad73/build]   | [INFO] Downloading from central: https://repo.maven.apache.org/maven2/org/apache/maven/maven-artifact/2.0.6/maven-artifact-2.0.6.pom
[8931977a-24d4-4454-a3fb-7570543fad73/build]   | [INFO] Downloaded from central: https://repo.maven.apache.org/maven2/org/apache/maven/maven-artifact/2.0.6/maven-artifact-2.0.6.pom (1.6 kB at 131 kB/s)
[8931977a-24d4-4454-a3fb-7570543fad73/build]   | [INFO] Downloading from central: https://repo.maven.apache.org/maven2/org/apache/maven/maven-plugin-registry/2.0.6/maven-plugin-registry-2.0.6.pom
[8931977a-24d4-4454-a3fb-7570543fad73/build]   | [INFO] Downloaded from central: https://repo.maven.apache.org/maven2/org/apache/maven/maven-plugin-registry/2.0.6/maven-plugin-registry-2.0.6.pom (1.9 kB at 139 kB/s)
[8931977a-24d4-4454-a3fb-7570543fad73/build]   | [INFO] Downloading from central: https://repo.maven.apache.org/maven2/org/apache/maven/maven-core/2.0.6/maven-core-2.0.6.pom
[8931977a-24d4-4454-a3fb-7570543fad73/build]   | [INFO] Downloaded from central: https://repo.maven.apache.org/maven2/org/apache/maven/maven-core/2.0.6/maven-core-2.0.6.pom (6.7 kB at 610 kB/s)
[8931977a-24d4-4454-a3fb-7570543fad73/build]   | [INFO] Downloading from central: https://repo.maven.apache.org/maven2/org/apache/maven/maven-plugin-parameter-documenter/2.0.6/maven-plugin-parameter-documenter-2.0.6.pom
[8931977a-24d4-4454-a3fb-7570543fad73/build]   | [INFO] Downloaded from central: https://repo.maven.apache.org/maven2/org/apache/maven/maven-plugin-parameter-documenter/2.0.6/maven-plugin-parameter-documenter-2.0.6.pom (1.9 kB at 174 kB/s)
[8931977a-24d4-4454-a3fb-7570543fad73/build]   | [INFO] Downloading from central: https://repo.maven.apache.org/maven2/org/apache/maven/reporting/maven-reporting-api/2.0.6/maven-reporting-api-2.0.6.pom
[8931977a-24d4-4454-a3fb-7570543fad73/build]   | [INFO] Downloaded from central: https://repo.maven.apache.org/maven2/org/apache/maven/reporting/maven-reporting-api/2.0.6/maven-reporting-api-2.0.6.pom (1.8 kB at 146 kB/s)
[8931977a-24d4-4454-a3fb-7570543fad73/build]   | [INFO] Downloading from central: https://repo.maven.apache.org/maven2/org/apache/maven/reporting/maven-reporting/2.0.6/maven-reporting-2.0.6.pom
[8931977a-24d4-4454-a3fb-7570543fad73/build]   | [INFO] Downloaded from central: https://repo.maven.apache.org/maven2/org/apache/maven/reporting/maven-reporting/2.0.6/maven-reporting-2.0.6.pom (1.4 kB at 96 kB/s)
[8931977a-24d4-4454-a3fb-7570543fad73/build]   | [INFO] Downloading from central: https://repo.maven.apache.org/maven2/org/apache/maven/doxia/doxia-sink-api/1.0-alpha-7/doxia-sink-api-1.0-alpha-7.pom
[8931977a-24d4-4454-a3fb-7570543fad73/build]   | [INFO] Downloaded from central: https://repo.maven.apache.org/maven2/org/apache/maven/doxia/doxia-sink-api/1.0-alpha-7/doxia-sink-api-1.0-alpha-7.pom (424 B at 42 kB/s)
[8931977a-24d4-4454-a3fb-7570543fad73/build]   | [INFO] Downloading from central: https://repo.maven.apache.org/maven2/org/apache/maven/doxia/doxia/1.0-alpha-7/doxia-1.0-alpha-7.pom
[8931977a-24d4-4454-a3fb-7570543fad73/build]   | [INFO] Downloaded from central: https://repo.maven.apache.org/maven2/org/apache/maven/doxia/doxia/1.0-alpha-7/doxia-1.0-alpha-7.pom (3.9 kB at 652 kB/s)
[8931977a-24d4-4454-a3fb-7570543fad73/build]   | [INFO] Downloading from central: https://repo.maven.apache.org/maven2/org/apache/maven/maven-error-diagnostics/2.0.6/maven-error-diagnostics-2.0.6.pom
[8931977a-24d4-4454-a3fb-7570543fad73/build]   | [INFO] Downloaded from central: https://repo.maven.apache.org/maven2/org/apache/maven/maven-error-diagnostics/2.0.6/maven-error-diagnostics-2.0.6.pom (1.7 kB at 213 kB/s)
[8931977a-24d4-4454-a3fb-7570543fad73/build]   | [INFO] Downloading from central: https://repo.maven.apache.org/maven2/commons-cli/commons-cli/1.0/commons-cli-1.0.pom
[8931977a-24d4-4454-a3fb-7570543fad73/build]   | [INFO] Downloaded from central: https://repo.maven.apache.org/maven2/commons-cli/commons-cli/1.0/commons-cli-1.0.pom (2.1 kB at 263 kB/s)
[8931977a-24d4-4454-a3fb-7570543fad73/build]   | [INFO] Downloading from central: https://repo.maven.apache.org/maven2/org/apache/maven/maven-plugin-descriptor/2.0.6/maven-plugin-descriptor-2.0.6.pom
[8931977a-24d4-4454-a3fb-7570543fad73/build]   | [INFO] Downloaded from central: https://repo.maven.apache.org/maven2/org/apache/maven/maven-plugin-descriptor/2.0.6/maven-plugin-descriptor-2.0.6.pom (2.0 kB at 224 kB/s)
[8931977a-24d4-4454-a3fb-7570543fad73/build]   | [INFO] Downloading from central: https://repo.maven.apache.org/maven2/org/codehaus/plexus/plexus-interactivity-api/1.0-alpha-4/plexus-interactivity-api-1.0-alpha-4.pom
[8931977a-24d4-4454-a3fb-7570543fad73/build]   | [INFO] Downloaded from central: https://repo.maven.apache.org/maven2/org/codehaus/plexus/plexus-interactivity-api/1.0-alpha-4/plexus-interactivity-api-1.0-alpha-4.pom (7.1 kB at 591 kB/s)
[8931977a-24d4-4454-a3fb-7570543fad73/build]   | [INFO] Downloading from central: https://repo.maven.apache.org/maven2/org/apache/maven/maven-monitor/2.0.6/maven-monitor-2.0.6.pom
[8931977a-24d4-4454-a3fb-7570543fad73/build]   | [INFO] Downloaded from central: https://repo.maven.apache.org/maven2/org/apache/maven/maven-monitor/2.0.6/maven-monitor-2.0.6.pom (1.3 kB at 139 kB/s)
[8931977a-24d4-4454-a3fb-7570543fad73/build]   | [INFO] Downloading from central: https://repo.maven.apache.org/maven2/classworlds/classworlds/1.1/classworlds-1.1.pom
[8931977a-24d4-4454-a3fb-7570543fad73/build]   | [INFO] Downloaded from central: https://repo.maven.apache.org/maven2/classworlds/classworlds/1.1/classworlds-1.1.pom (3.3 kB at 475 kB/s)
[8931977a-24d4-4454-a3fb-7570543fad73/build]   | [INFO] Downloading from central: https://repo.maven.apache.org/maven2/org/codehaus/plexus/plexus-utils/2.0.5/plexus-utils-2.0.5.pom
[8931977a-24d4-4454-a3fb-7570543fad73/build]   | [INFO] Downloaded from central: https://repo.maven.apache.org/maven2/org/codehaus/plexus/plexus-utils/2.0.5/plexus-utils-2.0.5.pom (3.3 kB at 303 kB/s)
[8931977a-24d4-4454-a3fb-7570543fad73/build]   | [INFO] Downloading from central: https://repo.maven.apache.org/maven2/org/codehaus/plexus/plexus/2.0.6/plexus-2.0.6.pom
[8931977a-24d4-4454-a3fb-7570543fad73/build]   | [INFO] Downloaded from central: https://repo.maven.apache.org/maven2/org/codehaus/plexus/plexus/2.0.6/plexus-2.0.6.pom (17 kB at 1.9 MB/s)
[8931977a-24d4-4454-a3fb-7570543fad73/build]   | [INFO] Downloading from central: https://repo.maven.apache.org/maven2/org/apache/maven/shared/maven-filtering/1.1/maven-filtering-1.1.pom
[8931977a-24d4-4454-a3fb-7570543fad73/build]   | [INFO] Downloaded from central: https://repo.maven.apache.org/maven2/org/apache/maven/shared/maven-filtering/1.1/maven-filtering-1.1.pom (5.8 kB at 579 kB/s)
[8931977a-24d4-4454-a3fb-7570543fad73/build]   | [INFO] Downloading from central: https://repo.maven.apache.org/maven2/org/apache/maven/shared/maven-shared-components/17/maven-shared-components-17.pom
[8931977a-24d4-4454-a3fb-7570543fad73/build]   | [INFO] Downloaded from central: https://repo.maven.apache.org/maven2/org/apache/maven/shared/maven-shared-components/17/maven-shared-components-17.pom (8.7 kB at 580 kB/s)
[8931977a-24d4-4454-a3fb-7570543fad73/build]   | [INFO] Downloading from central: https://repo.maven.apache.org/maven2/org/apache/maven/maven-parent/21/maven-parent-21.pom
[8931977a-24d4-4454-a3fb-7570543fad73/build]   | [INFO] Downloaded from central: https://repo.maven.apache.org/maven2/org/apache/maven/maven-parent/21/maven-parent-21.pom (26 kB at 2.9 MB/s)
[8931977a-24d4-4454-a3fb-7570543fad73/build]   | [INFO] Downloading from central: https://repo.maven.apache.org/maven2/org/apache/apache/10/apache-10.pom
[8931977a-24d4-4454-a3fb-7570543fad73/build]   | [INFO] Downloaded from central: https://repo.maven.apache.org/maven2/org/apache/apache/10/apache-10.pom (15 kB at 1.6 MB/s)
[8931977a-24d4-4454-a3fb-7570543fad73/build]   | [INFO] Downloading from central: https://repo.maven.apache.org/maven2/org/codehaus/plexus/plexus-utils/1.5.15/plexus-utils-1.5.15.pom
[8931977a-24d4-4454-a3fb-7570543fad73/build]   | [INFO] Downloaded from central: https://repo.maven.apache.org/maven2/org/codehaus/plexus/plexus-utils/1.5.15/plexus-utils-1.5.15.pom (6.8 kB at 856 kB/s)
[8931977a-24d4-4454-a3fb-7570543fad73/build]   | [INFO] Downloading from central: https://repo.maven.apache.org/maven2/org/codehaus/plexus/plexus/2.0.2/plexus-2.0.2.pom
[8931977a-24d4-4454-a3fb-7570543fad73/build]   | [INFO] Downloaded from central: https://repo.maven.apache.org/maven2/org/codehaus/plexus/plexus/2.0.2/plexus-2.0.2.pom (12 kB at 968 kB/s)
[8931977a-24d4-4454-a3fb-7570543fad73/build]   | [INFO] Downloading from central: https://repo.maven.apache.org/maven2/org/codehaus/plexus/plexus-interpolation/1.12/plexus-interpolation-1.12.pom
[8931977a-24d4-4454-a3fb-7570543fad73/build]   | [INFO] Downloaded from central: https://repo.maven.apache.org/maven2/org/codehaus/plexus/plexus-interpolation/1.12/plexus-interpolation-1.12.pom (889 B at 56 kB/s)
[8931977a-24d4-4454-a3fb-7570543fad73/build]   | [INFO] Downloading from central: https://repo.maven.apache.org/maven2/org/codehaus/plexus/plexus-components/1.1.14/plexus-components-1.1.14.pom
[8931977a-24d4-4454-a3fb-7570543fad73/build]   | [INFO] Downloaded from central: https://repo.maven.apache.org/maven2/org/codehaus/plexus/plexus-components/1.1.14/plexus-components-1.1.14.pom (5.8 kB at 835 kB/s)
[8931977a-24d4-4454-a3fb-7570543fad73/build]   | [INFO] Downloading from central: https://repo.maven.apache.org/maven2/org/sonatype/plexus/plexus-build-api/0.0.4/plexus-build-api-0.0.4.pom
[8931977a-24d4-4454-a3fb-7570543fad73/build]   | [INFO] Downloaded from central: https://repo.maven.apache.org/maven2/org/sonatype/plexus/plexus-build-api/0.0.4/plexus-build-api-0.0.4.pom (2.9 kB at 286 kB/s)
[8931977a-24d4-4454-a3fb-7570543fad73/build]   | [INFO] Downloading from central: https://repo.maven.apache.org/maven2/org/sonatype/spice/spice-parent/10/spice-parent-10.pom
[8931977a-24d4-4454-a3fb-7570543fad73/build]   | [INFO] Downloaded from central: https://repo.maven.apache.org/maven2/org/sonatype/spice/spice-parent/10/spice-parent-10.pom (3.0 kB at 201 kB/s)
[8931977a-24d4-4454-a3fb-7570543fad73/build]   | [INFO] Downloading from central: https://repo.maven.apache.org/maven2/org/sonatype/forge/forge-parent/3/forge-parent-3.pom
[8931977a-24d4-4454-a3fb-7570543fad73/build]   | [INFO] Downloaded from central: https://repo.maven.apache.org/maven2/org/sonatype/forge/forge-parent/3/forge-parent-3.pom (5.0 kB at 559 kB/s)
[8931977a-24d4-4454-a3fb-7570543fad73/build]   | [INFO] Downloading from central: https://repo.maven.apache.org/maven2/org/codehaus/plexus/plexus-utils/1.5.8/plexus-utils-1.5.8.pom
[8931977a-24d4-4454-a3fb-7570543fad73/build]   | [INFO] Downloaded from central: https://repo.maven.apache.org/maven2/org/codehaus/plexus/plexus-utils/1.5.8/plexus-utils-1.5.8.pom (8.1 kB at 202 kB/s)
[8931977a-24d4-4454-a3fb-7570543fad73/build]   | [INFO] Downloading from central: https://repo.maven.apache.org/maven2/org/codehaus/plexus/plexus-interpolation/1.13/plexus-interpolation-1.13.pom
[8931977a-24d4-4454-a3fb-7570543fad73/build]   | [INFO] Downloaded from central: https://repo.maven.apache.org/maven2/org/codehaus/plexus/plexus-interpolation/1.13/plexus-interpolation-1.13.pom (890 B at 99 kB/s)
[8931977a-24d4-4454-a3fb-7570543fad73/build]   | [INFO] Downloading from central: https://repo.maven.apache.org/maven2/org/codehaus/plexus/plexus-components/1.1.15/plexus-components-1.1.15.pom
[8931977a-24d4-4454-a3fb-7570543fad73/build]   | [INFO] Downloaded from central: https://repo.maven.apache.org/maven2/org/codehaus/plexus/plexus-components/1.1.15/plexus-components-1.1.15.pom (2.8 kB at 356 kB/s)
[8931977a-24d4-4454-a3fb-7570543fad73/build]   | [INFO] Downloading from central: https://repo.maven.apache.org/maven2/org/codehaus/plexus/plexus/2.0.3/plexus-2.0.3.pom
[8931977a-24d4-4454-a3fb-7570543fad73/build]   | [INFO] Downloaded from central: https://repo.maven.apache.org/maven2/org/codehaus/plexus/plexus/2.0.3/plexus-2.0.3.pom (15 kB at 469 kB/s)
[8931977a-24d4-4454-a3fb-7570543fad73/build]   | [INFO] Downloading from central: https://repo.maven.apache.org/maven2/org/apache/maven/maven-plugin-api/2.0.6/maven-plugin-api-2.0.6.jar
[8931977a-24d4-4454-a3fb-7570543fad73/build]   | [INFO] Downloading from central: https://repo.maven.apache.org/maven2/org/apache/maven/maven-project/2.0.6/maven-project-2.0.6.jar
[8931977a-24d4-4454-a3fb-7570543fad73/build]   | [INFO] Downloading from central: https://repo.maven.apache.org/maven2/org/apache/maven/maven-profile/2.0.6/maven-profile-2.0.6.jar
[8931977a-24d4-4454-a3fb-7570543fad73/build]   | [INFO] Downloading from central: https://repo.maven.apache.org/maven2/org/apache/maven/maven-artifact-manager/2.0.6/maven-artifact-manager-2.0.6.jar
[8931977a-24d4-4454-a3fb-7570543fad73/build]   | [INFO] Downloading from central: https://repo.maven.apache.org/maven2/org/apache/maven/maven-plugin-registry/2.0.6/maven-plugin-registry-2.0.6.jar
[8931977a-24d4-4454-a3fb-7570543fad73/build]   | [INFO] Downloaded from central: https://repo.maven.apache.org/maven2/org/apache/maven/maven-artifact-manager/2.0.6/maven-artifact-manager-2.0.6.jar (57 kB at 5.1 MB/s)
[8931977a-24d4-4454-a3fb-7570543fad73/build]   | [INFO] Downloading from central: https://repo.maven.apache.org/maven2/org/apache/maven/maven-core/2.0.6/maven-core-2.0.6.jar
[8931977a-24d4-4454-a3fb-7570543fad73/build]   | [INFO] Downloaded from central: https://repo.maven.apache.org/maven2/org/apache/maven/maven-profile/2.0.6/maven-profile-2.0.6.jar (35 kB at 3.2 MB/s)
[8931977a-24d4-4454-a3fb-7570543fad73/build]   | [INFO] Downloading from central: https://repo.maven.apache.org/maven2/org/apache/maven/maven-plugin-parameter-documenter/2.0.6/maven-plugin-parameter-documenter-2.0.6.jar
[8931977a-24d4-4454-a3fb-7570543fad73/build]   | [INFO] Downloaded from central: https://repo.maven.apache.org/maven2/org/apache/maven/maven-plugin-api/2.0.6/maven-plugin-api-2.0.6.jar (13 kB at 643 kB/s)
[8931977a-24d4-4454-a3fb-7570543fad73/build]   | [INFO] Downloading from central: https://repo.maven.apache.org/maven2/org/apache/maven/reporting/maven-reporting-api/2.0.6/maven-reporting-api-2.0.6.jar
[8931977a-24d4-4454-a3fb-7570543fad73/build]   | [INFO] Downloaded from central: https://repo.maven.apache.org/maven2/org/apache/maven/maven-plugin-parameter-documenter/2.0.6/maven-plugin-parameter-documenter-2.0.6.jar (21 kB at 1.1 MB/s)
[8931977a-24d4-4454-a3fb-7570543fad73/build]   | [INFO] Downloading from central: https://repo.maven.apache.org/maven2/org/apache/maven/doxia/doxia-sink-api/1.0-alpha-7/doxia-sink-api-1.0-alpha-7.jar
[8931977a-24d4-4454-a3fb-7570543fad73/build]   | [INFO] Downloaded from central: https://repo.maven.apache.org/maven2/org/apache/maven/maven-core/2.0.6/maven-core-2.0.6.jar (152 kB at 6.1 MB/s)
[8931977a-24d4-4454-a3fb-7570543fad73/build]   | [INFO] Downloading from central: https://repo.maven.apache.org/maven2/org/apache/maven/maven-repository-metadata/2.0.6/maven-repository-metadata-2.0.6.jar
[8931977a-24d4-4454-a3fb-7570543fad73/build]   | [INFO] Downloaded from central: https://repo.maven.apache.org/maven2/org/apache/maven/maven-plugin-registry/2.0.6/maven-plugin-registry-2.0.6.jar (29 kB at 1.1 MB/s)
[8931977a-24d4-4454-a3fb-7570543fad73/build]   | [INFO] Downloading from central: https://repo.maven.apache.org/maven2/org/apache/maven/maven-error-diagnostics/2.0.6/maven-error-diagnostics-2.0.6.jar
[8931977a-24d4-4454-a3fb-7570543fad73/build]   | [INFO] Downloaded from central: https://repo.maven.apache.org/maven2/org/apache/maven/maven-project/2.0.6/maven-project-2.0.6.jar (116 kB at 3.7 MB/s)
[8931977a-24d4-4454-a3fb-7570543fad73/build]   | [INFO] Downloading from central: https://repo.maven.apache.org/maven2/commons-cli/commons-cli/1.0/commons-cli-1.0.jar
[8931977a-24d4-4454-a3fb-7570543fad73/build]   | [INFO] Downloaded from central: https://repo.maven.apache.org/maven2/org/apache/maven/maven-error-diagnostics/2.0.6/maven-error-diagnostics-2.0.6.jar (14 kB at 378 kB/s)
[8931977a-24d4-4454-a3fb-7570543fad73/build]   | [INFO] Downloading from central: https://repo.maven.apache.org/maven2/org/apache/maven/maven-plugin-descriptor/2.0.6/maven-plugin-descriptor-2.0.6.jar
[8931977a-24d4-4454-a3fb-7570543fad73/build]   | [INFO] Downloaded from central: https://repo.maven.apache.org/maven2/org/apache/maven/maven-repository-metadata/2.0.6/maven-repository-metadata-2.0.6.jar (24 kB at 569 kB/s)
[8931977a-24d4-4454-a3fb-7570543fad73/build]   | [INFO] Downloading from central: https://repo.maven.apache.org/maven2/org/codehaus/plexus/plexus-interactivity-api/1.0-alpha-4/plexus-interactivity-api-1.0-alpha-4.jar
[8931977a-24d4-4454-a3fb-7570543fad73/build]   | [INFO] Downloaded from central: https://repo.maven.apache.org/maven2/org/apache/maven/reporting/maven-reporting-api/2.0.6/maven-reporting-api-2.0.6.jar (9.9 kB at 216 kB/s)
[8931977a-24d4-4454-a3fb-7570543fad73/build]   | [INFO] Downloading from central: https://repo.maven.apache.org/maven2/classworlds/classworlds/1.1/classworlds-1.1.jar
[8931977a-24d4-4454-a3fb-7570543fad73/build]   | [INFO] Downloaded from central: https://repo.maven.apache.org/maven2/org/apache/maven/doxia/doxia-sink-api/1.0-alpha-7/doxia-sink-api-1.0-alpha-7.jar (5.9 kB at 135 kB/s)
[8931977a-24d4-4454-a3fb-7570543fad73/build]   | [INFO] Downloading from central: https://repo.maven.apache.org/maven2/org/apache/maven/maven-artifact/2.0.6/maven-artifact-2.0.6.jar
[8931977a-24d4-4454-a3fb-7570543fad73/build]   | [INFO] Downloaded from central: https://repo.maven.apache.org/maven2/commons-cli/commons-cli/1.0/commons-cli-1.0.jar (30 kB at 591 kB/s)
[8931977a-24d4-4454-a3fb-7570543fad73/build]   | [INFO] Downloading from central: https://repo.maven.apache.org/maven2/org/apache/maven/maven-settings/2.0.6/maven-settings-2.0.6.jar
[8931977a-24d4-4454-a3fb-7570543fad73/build]   | [INFO] Downloaded from central: https://repo.maven.apache.org/maven2/org/apache/maven/maven-plugin-descriptor/2.0.6/maven-plugin-descriptor-2.0.6.jar (37 kB at 604 kB/s)
[8931977a-24d4-4454-a3fb-7570543fad73/build]   | [INFO] Downloading from central: https://repo.maven.apache.org/maven2/org/apache/maven/maven-model/2.0.6/maven-model-2.0.6.jar
[8931977a-24d4-4454-a3fb-7570543fad73/build]   | [INFO] Downloaded from central: https://repo.maven.apache.org/maven2/org/codehaus/plexus/plexus-interactivity-api/1.0-alpha-4/plexus-interactivity-api-1.0-alpha-4.jar (13 kB at 213 kB/s)
[8931977a-24d4-4454-a3fb-7570543fad73/build]   | [INFO] Downloading from central: https://repo.maven.apache.org/maven2/org/apache/maven/maven-monitor/2.0.6/maven-monitor-2.0.6.jar
[8931977a-24d4-4454-a3fb-7570543fad73/build]   | [INFO] Downloaded from central: https://repo.maven.apache.org/maven2/classworlds/classworlds/1.1/classworlds-1.1.jar (38 kB at 557 kB/s)
[8931977a-24d4-4454-a3fb-7570543fad73/build]   | [INFO] Downloading from central: https://repo.maven.apache.org/maven2/org/codehaus/plexus/plexus-container-default/1.0-alpha-9-stable-1/plexus-container-default-1.0-alpha-9-stable-1.jar
[8931977a-24d4-4454-a3fb-7570543fad73/build]   | [INFO] Downloaded from central: https://repo.maven.apache.org/maven2/org/apache/maven/maven-settings/2.0.6/maven-settings-2.0.6.jar (49 kB at 712 kB/s)
[8931977a-24d4-4454-a3fb-7570543fad73/build]   | [INFO] Downloading from central: https://repo.maven.apache.org/maven2/junit/junit/3.8.1/junit-3.8.1.jar
[8931977a-24d4-4454-a3fb-7570543fad73/build]   | [INFO] Downloaded from central: https://repo.maven.apache.org/maven2/org/apache/maven/maven-monitor/2.0.6/maven-monitor-2.0.6.jar (10 kB at 131 kB/s)
[8931977a-24d4-4454-a3fb-7570543fad73/build]   | [INFO] Downloading from central: https://repo.maven.apache.org/maven2/org/codehaus/plexus/plexus-utils/2.0.5/plexus-utils-2.0.5.jar
[8931977a-24d4-4454-a3fb-7570543fad73/build]   | [INFO] Downloaded from central: https://repo.maven.apache.org/maven2/junit/junit/3.8.1/junit-3.8.1.jar (121 kB at 1.5 MB/s)
[8931977a-24d4-4454-a3fb-7570543fad73/build]   | [INFO] Downloading from central: https://repo.maven.apache.org/maven2/org/apache/maven/shared/maven-filtering/1.1/maven-filtering-1.1.jar
[8931977a-24d4-4454-a3fb-7570543fad73/build]   | [INFO] Downloaded from central: https://repo.maven.apache.org/maven2/org/codehaus/plexus/plexus-container-default/1.0-alpha-9-stable-1/plexus-container-default-1.0-alpha-9-stable-1.jar (194 kB at 2.4 MB/s)
[8931977a-24d4-4454-a3fb-7570543fad73/build]   | [INFO] Downloading from central: https://repo.maven.apache.org/maven2/org/sonatype/plexus/plexus-build-api/0.0.4/plexus-build-api-0.0.4.jar
[8931977a-24d4-4454-a3fb-7570543fad73/build]   | [INFO] Downloaded from central: https://repo.maven.apache.org/maven2/org/apache/maven/maven-artifact/2.0.6/maven-artifact-2.0.6.jar (87 kB at 993 kB/s)
[8931977a-24d4-4454-a3fb-7570543fad73/build]   | [INFO] Downloading from central: https://repo.maven.apache.org/maven2/org/codehaus/plexus/plexus-interpolation/1.13/plexus-interpolation-1.13.jar
[8931977a-24d4-4454-a3fb-7570543fad73/build]   | [INFO] Downloaded from central: https://repo.maven.apache.org/maven2/org/sonatype/plexus/plexus-build-api/0.0.4/plexus-build-api-0.0.4.jar (6.8 kB at 69 kB/s)
[8931977a-24d4-4454-a3fb-7570543fad73/build]   | [INFO] Downloaded from central: https://repo.maven.apache.org/maven2/org/codehaus/plexus/plexus-interpolation/1.13/plexus-interpolation-1.13.jar (61 kB at 617 kB/s)
[8931977a-24d4-4454-a3fb-7570543fad73/build]   | [INFO] Downloaded from central: https://repo.maven.apache.org/maven2/org/codehaus/plexus/plexus-utils/2.0.5/plexus-utils-2.0.5.jar (223 kB at 2.2 MB/s)
[8931977a-24d4-4454-a3fb-7570543fad73/build]   | [INFO] Downloaded from central: https://repo.maven.apache.org/maven2/org/apache/maven/maven-model/2.0.6/maven-model-2.0.6.jar (86 kB at 807 kB/s)
[8931977a-24d4-4454-a3fb-7570543fad73/build]   | [INFO] Downloaded from central: https://repo.maven.apache.org/maven2/org/apache/maven/shared/maven-filtering/1.1/maven-filtering-1.1.jar (43 kB at 375 kB/s)
[8931977a-24d4-4454-a3fb-7570543fad73/build]   | [INFO] Using 'UTF-8' encoding to copy filtered resources.
[8931977a-24d4-4454-a3fb-7570543fad73/build]   | [INFO] Copying 2 resources
[8931977a-24d4-4454-a3fb-7570543fad73/build]   | [INFO] 
[8931977a-24d4-4454-a3fb-7570543fad73/build]   | [INFO] --- maven-compiler-plugin:3.1:compile (default-compile) @ jwarc ---
[8931977a-24d4-4454-a3fb-7570543fad73/build]   | [INFO] Downloading from central: https://repo.maven.apache.org/maven2/org/apache/maven/maven-plugin-api/2.0.9/maven-plugin-api-2.0.9.pom
[8931977a-24d4-4454-a3fb-7570543fad73/build]   | [INFO] Downloaded from central: https://repo.maven.apache.org/maven2/org/apache/maven/maven-plugin-api/2.0.9/maven-plugin-api-2.0.9.pom (1.5 kB at 187 kB/s)
[8931977a-24d4-4454-a3fb-7570543fad73/build]   | [INFO] Downloading from central: https://repo.maven.apache.org/maven2/org/apache/maven/maven/2.0.9/maven-2.0.9.pom
[8931977a-24d4-4454-a3fb-7570543fad73/build]   | [INFO] Downloaded from central: https://repo.maven.apache.org/maven2/org/apache/maven/maven/2.0.9/maven-2.0.9.pom (19 kB at 2.1 MB/s)
[8931977a-24d4-4454-a3fb-7570543fad73/build]   | [INFO] Downloading from central: https://repo.maven.apache.org/maven2/org/apache/maven/maven-parent/8/maven-parent-8.pom
[8931977a-24d4-4454-a3fb-7570543fad73/build]   | [INFO] Downloaded from central: https://repo.maven.apache.org/maven2/org/apache/maven/maven-parent/8/maven-parent-8.pom (24 kB at 2.7 MB/s)
[8931977a-24d4-4454-a3fb-7570543fad73/build]   | [INFO] Downloading from central: https://repo.maven.apache.org/maven2/org/apache/apache/4/apache-4.pom
[8931977a-24d4-4454-a3fb-7570543fad73/build]   | [INFO] Downloaded from central: https://repo.maven.apache.org/maven2/org/apache/apache/4/apache-4.pom (4.5 kB at 499 kB/s)
[8931977a-24d4-4454-a3fb-7570543fad73/build]   | [INFO] Downloading from central: https://repo.maven.apache.org/maven2/org/apache/maven/maven-artifact/2.0.9/maven-artifact-2.0.9.pom
[8931977a-24d4-4454-a3fb-7570543fad73/build]   | [INFO] Downloaded from central: https://repo.maven.apache.org/maven2/org/apache/maven/maven-artifact/2.0.9/maven-artifact-2.0.9.pom (1.6 kB at 135 kB/s)
[8931977a-24d4-4454-a3fb-7570543fad73/build]   | [INFO] Downloading from central: https://repo.maven.apache.org/maven2/org/codehaus/plexus/plexus-utils/1.5.1/plexus-utils-1.5.1.pom
[8931977a-24d4-4454-a3fb-7570543fad73/build]   | [INFO] Downloaded from central: https://repo.maven.apache.org/maven2/org/codehaus/plexus/plexus-utils/1.5.1/plexus-utils-1.5.1.pom (2.3 kB at 230 kB/s)
[8931977a-24d4-4454-a3fb-7570543fad73/build]   | [INFO] Downloading from central: https://repo.maven.apache.org/maven2/org/apache/maven/maven-core/2.0.9/maven-core-2.0.9.pom
[8931977a-24d4-4454-a3fb-7570543fad73/build]   | [INFO] Downloaded from central: https://repo.maven.apache.org/maven2/org/apache/maven/maven-core/2.0.9/maven-core-2.0.9.pom (7.8 kB at 973 kB/s)
[8931977a-24d4-4454-a3fb-7570543fad73/build]   | [INFO] Downloading from central: https://repo.maven.apache.org/maven2/org/apache/maven/maven-settings/2.0.9/maven-settings-2.0.9.pom
[8931977a-24d4-4454-a3fb-7570543fad73/build]   | [INFO] Downloaded from central: https://repo.maven.apache.org/maven2/org/apache/maven/maven-settings/2.0.9/maven-settings-2.0.9.pom (2.1 kB at 187 kB/s)
[8931977a-24d4-4454-a3fb-7570543fad73/build]   | [INFO] Downloading from central: https://repo.maven.apache.org/maven2/org/apache/maven/maven-model/2.0.9/maven-model-2.0.9.pom
[8931977a-24d4-4454-a3fb-7570543fad73/build]   | [INFO] Downloaded from central: https://repo.maven.apache.org/maven2/org/apache/maven/maven-model/2.0.9/maven-model-2.0.9.pom (3.1 kB at 314 kB/s)
[8931977a-24d4-4454-a3fb-7570543fad73/build]   | [INFO] Downloading from central: https://repo.maven.apache.org/maven2/org/apache/maven/maven-plugin-parameter-documenter/2.0.9/maven-plugin-parameter-documenter-2.0.9.pom
[8931977a-24d4-4454-a3fb-7570543fad73/build]   | [INFO] Downloaded from central: https://repo.maven.apache.org/maven2/org/apache/maven/maven-plugin-parameter-documenter/2.0.9/maven-plugin-parameter-documenter-2.0.9.pom (2.0 kB at 281 kB/s)
[8931977a-24d4-4454-a3fb-7570543fad73/build]   | [INFO] Downloading from central: https://repo.maven.apache.org/maven2/org/apache/maven/maven-profile/2.0.9/maven-profile-2.0.9.pom
[8931977a-24d4-4454-a3fb-7570543fad73/build]   | [INFO] Downloaded from central: https://repo.maven.apache.org/maven2/org/apache/maven/maven-profile/2.0.9/maven-profile-2.0.9.pom (2.0 kB at 228 kB/s)
[8931977a-24d4-4454-a3fb-7570543fad73/build]   | [INFO] Downloading from central: https://repo.maven.apache.org/maven2/org/apache/maven/maven-repository-metadata/2.0.9/maven-repository-metadata-2.0.9.pom
[8931977a-24d4-4454-a3fb-7570543fad73/build]   | [INFO] Downloaded from central: https://repo.maven.apache.org/maven2/org/apache/maven/maven-repository-metadata/2.0.9/maven-repository-metadata-2.0.9.pom (1.9 kB at 272 kB/s)
[8931977a-24d4-4454-a3fb-7570543fad73/build]   | [INFO] Downloading from central: https://repo.maven.apache.org/maven2/org/apache/maven/maven-error-diagnostics/2.0.9/maven-error-diagnostics-2.0.9.pom
[8931977a-24d4-4454-a3fb-7570543fad73/build]   | [INFO] Downloaded from central: https://repo.maven.apache.org/maven2/org/apache/maven/maven-error-diagnostics/2.0.9/maven-error-diagnostics-2.0.9.pom (1.7 kB at 174 kB/s)
[8931977a-24d4-4454-a3fb-7570543fad73/build]   | [INFO] Downloading from central: https://repo.maven.apache.org/maven2/org/apache/maven/maven-project/2.0.9/maven-project-2.0.9.pom
[8931977a-24d4-4454-a3fb-7570543fad73/build]   | [INFO] Downloaded from central: https://repo.maven.apache.org/maven2/org/apache/maven/maven-project/2.0.9/maven-project-2.0.9.pom (2.7 kB at 136 kB/s)
[8931977a-24d4-4454-a3fb-7570543fad73/build]   | [INFO] Downloading from central: https://repo.maven.apache.org/maven2/org/apache/maven/maven-artifact-manager/2.0.9/maven-artifact-manager-2.0.9.pom
[8931977a-24d4-4454-a3fb-7570543fad73/build]   | [INFO] Downloaded from central: https://repo.maven.apache.org/maven2/org/apache/maven/maven-artifact-manager/2.0.9/maven-artifact-manager-2.0.9.pom (2.7 kB at 338 kB/s)
[8931977a-24d4-4454-a3fb-7570543fad73/build]   | [INFO] Downloading from central: https://repo.maven.apache.org/maven2/org/apache/maven/maven-plugin-registry/2.0.9/maven-plugin-registry-2.0.9.pom
[8931977a-24d4-4454-a3fb-7570543fad73/build]   | [INFO] Downloaded from central: https://repo.maven.apache.org/maven2/org/apache/maven/maven-plugin-registry/2.0.9/maven-plugin-registry-2.0.9.pom (2.0 kB at 197 kB/s)
[8931977a-24d4-4454-a3fb-7570543fad73/build]   | [INFO] Downloading from central: https://repo.maven.apache.org/maven2/org/apache/maven/maven-plugin-descriptor/2.0.9/maven-plugin-descriptor-2.0.9.pom
[8931977a-24d4-4454-a3fb-7570543fad73/build]   | [INFO] Downloaded from central: https://repo.maven.apache.org/maven2/org/apache/maven/maven-plugin-descriptor/2.0.9/maven-plugin-descriptor-2.0.9.pom (2.1 kB at 259 kB/s)
[8931977a-24d4-4454-a3fb-7570543fad73/build]   | [INFO] Downloading from central: https://repo.maven.apache.org/maven2/org/apache/maven/maven-monitor/2.0.9/maven-monitor-2.0.9.pom
[8931977a-24d4-4454-a3fb-7570543fad73/build]   | [INFO] Downloaded from central: https://repo.maven.apache.org/maven2/org/apache/maven/maven-monitor/2.0.9/maven-monitor-2.0.9.pom (1.3 kB at 128 kB/s)
[8931977a-24d4-4454-a3fb-7570543fad73/build]   | [INFO] Downloading from central: https://repo.maven.apache.org/maven2/org/apache/maven/maven-toolchain/1.0/maven-toolchain-1.0.pom
[8931977a-24d4-4454-a3fb-7570543fad73/build]   | [INFO] Downloaded from central: https://repo.maven.apache.org/maven2/org/apache/maven/maven-toolchain/1.0/maven-toolchain-1.0.pom (3.4 kB at 488 kB/s)
[8931977a-24d4-4454-a3fb-7570543fad73/build]   | [INFO] Downloading from central: https://repo.maven.apache.org/maven2/org/apache/maven/shared/maven-shared-utils/0.1/maven-shared-utils-0.1.pom
[8931977a-24d4-4454-a3fb-7570543fad73/build]   | [INFO] Downloaded from central: https://repo.maven.apache.org/maven2/org/apache/maven/shared/maven-shared-utils/0.1/maven-shared-utils-0.1.pom (4.0 kB at 578 kB/s)
[8931977a-24d4-4454-a3fb-7570543fad73/build]   | [INFO] Downloading from central: https://repo.maven.apache.org/maven2/org/apache/maven/shared/maven-shared-components/18/maven-shared-components-18.pom
[8931977a-24d4-4454-a3fb-7570543fad73/build]   | [INFO] Downloaded from central: https://repo.maven.apache.org/maven2/org/apache/maven/shared/maven-shared-components/18/maven-shared-components-18.pom (4.9 kB at 617 kB/s)
[8931977a-24d4-4454-a3fb-7570543fad73/build]   | [INFO] Downloading from central: https://repo.maven.apache.org/maven2/com/google/code/findbugs/jsr305/2.0.1/jsr305-2.0.1.pom
[8931977a-24d4-4454-a3fb-7570543fad73/build]   | [INFO] Downloaded from central: https://repo.maven.apache.org/maven2/com/google/code/findbugs/jsr305/2.0.1/jsr305-2.0.1.pom (965 B at 138 kB/s)
[8931977a-24d4-4454-a3fb-7570543fad73/build]   | [INFO] Downloading from central: https://repo.maven.apache.org/maven2/org/apache/maven/shared/maven-shared-incremental/1.1/maven-shared-incremental-1.1.pom
[8931977a-24d4-4454-a3fb-7570543fad73/build]   | [INFO] Downloaded from central: https://repo.maven.apache.org/maven2/org/apache/maven/shared/maven-shared-incremental/1.1/maven-shared-incremental-1.1.pom (4.7 kB at 593 kB/s)
[8931977a-24d4-4454-a3fb-7570543fad73/build]   | [INFO] Downloading from central: https://repo.maven.apache.org/maven2/org/apache/maven/shared/maven-shared-components/19/maven-shared-components-19.pom
[8931977a-24d4-4454-a3fb-7570543fad73/build]   | [INFO] Downloaded from central: https://repo.maven.apache.org/maven2/org/apache/maven/shared/maven-shared-components/19/maven-shared-components-19.pom (6.4 kB at 636 kB/s)
[8931977a-24d4-4454-a3fb-7570543fad73/build]   | [INFO] Downloading from central: https://repo.maven.apache.org/maven2/org/apache/maven/maven-plugin-api/2.2.1/maven-plugin-api-2.2.1.pom
[8931977a-24d4-4454-a3fb-7570543fad73/build]   | [INFO] Downloaded from central: https://repo.maven.apache.org/maven2/org/apache/maven/maven-plugin-api/2.2.1/maven-plugin-api-2.2.1.pom (1.5 kB at 208 kB/s)
[8931977a-24d4-4454-a3fb-7570543fad73/build]   | [INFO] Downloading from central: https://repo.maven.apache.org/maven2/org/apache/maven/maven/2.2.1/maven-2.2.1.pom
[8931977a-24d4-4454-a3fb-7570543fad73/build]   | [INFO] Downloaded from central: https://repo.maven.apache.org/maven2/org/apache/maven/maven/2.2.1/maven-2.2.1.pom (22 kB at 3.2 MB/s)
[8931977a-24d4-4454-a3fb-7570543fad73/build]   | [INFO] Downloading from central: https://repo.maven.apache.org/maven2/org/apache/maven/maven-parent/11/maven-parent-11.pom
[8931977a-24d4-4454-a3fb-7570543fad73/build]   | [INFO] Downloaded from central: https://repo.maven.apache.org/maven2/org/apache/maven/maven-parent/11/maven-parent-11.pom (32 kB at 2.7 MB/s)
[8931977a-24d4-4454-a3fb-7570543fad73/build]   | [INFO] Downloading from central: https://repo.maven.apache.org/maven2/org/apache/apache/5/apache-5.pom
[8931977a-24d4-4454-a3fb-7570543fad73/build]   | [INFO] Downloaded from central: https://repo.maven.apache.org/maven2/org/apache/apache/5/apache-5.pom (4.1 kB at 293 kB/s)
[8931977a-24d4-4454-a3fb-7570543fad73/build]   | [INFO] Downloading from central: https://repo.maven.apache.org/maven2/org/apache/maven/maven-core/2.2.1/maven-core-2.2.1.pom
[8931977a-24d4-4454-a3fb-7570543fad73/build]   | [INFO] Downloaded from central: https://repo.maven.apache.org/maven2/org/apache/maven/maven-core/2.2.1/maven-core-2.2.1.pom (12 kB at 1.1 MB/s)
[8931977a-24d4-4454-a3fb-7570543fad73/build]   | [INFO] Downloading from central: https://repo.maven.apache.org/maven2/org/apache/maven/maven-settings/2.2.1/maven-settings-2.2.1.pom
[8931977a-24d4-4454-a3fb-7570543fad73/build]   | [INFO] Downloaded from central: https://repo.maven.apache.org/maven2/org/apache/maven/maven-settings/2.2.1/maven-settings-2.2.1.pom (2.2 kB at 363 kB/s)
[8931977a-24d4-4454-a3fb-7570543fad73/build]   | [INFO] Downloading from central: https://repo.maven.apache.org/maven2/org/apache/maven/maven-model/2.2.1/maven-model-2.2.1.pom
[8931977a-24d4-4454-a3fb-7570543fad73/build]   | [INFO] Downloaded from central: https://repo.maven.apache.org/maven2/org/apache/maven/maven-model/2.2.1/maven-model-2.2.1.pom (3.2 kB at 324 kB/s)
[8931977a-24d4-4454-a3fb-7570543fad73/build]   | [INFO] Downloading from central: https://repo.maven.apache.org/maven2/org/codehaus/plexus/plexus-interpolation/1.11/plexus-interpolation-1.11.pom
[8931977a-24d4-4454-a3fb-7570543fad73/build]   | [INFO] Downloaded from central: https://repo.maven.apache.org/maven2/org/codehaus/plexus/plexus-interpolation/1.11/plexus-interpolation-1.11.pom (889 B at 127 kB/s)
[8931977a-24d4-4454-a3fb-7570543fad73/build]   | [INFO] Downloading from central: https://repo.maven.apache.org/maven2/org/apache/maven/maven-plugin-parameter-documenter/2.2.1/maven-plugin-parameter-documenter-2.2.1.pom
[8931977a-24d4-4454-a3fb-7570543fad73/build]   | [INFO] Downloaded from central: https://repo.maven.apache.org/maven2/org/apache/maven/maven-plugin-parameter-documenter/2.2.1/maven-plugin-parameter-documenter-2.2.1.pom (2.0 kB at 326 kB/s)
[8931977a-24d4-4454-a3fb-7570543fad73/build]   | [INFO] Downloading from central: https://repo.maven.apache.org/maven2/org/slf4j/slf4j-jdk14/1.5.6/slf4j-jdk14-1.5.6.pom
[8931977a-24d4-4454-a3fb-7570543fad73/build]   | [INFO] Downloaded from central: https://repo.maven.apache.org/maven2/org/slf4j/slf4j-jdk14/1.5.6/slf4j-jdk14-1.5.6.pom (1.9 kB at 173 kB/s)
[8931977a-24d4-4454-a3fb-7570543fad73/build]   | [INFO] Downloading from central: https://repo.maven.apache.org/maven2/org/slf4j/slf4j-parent/1.5.6/slf4j-parent-1.5.6.pom
[8931977a-24d4-4454-a3fb-7570543fad73/build]   | [INFO] Downloaded from central: https://repo.maven.apache.org/maven2/org/slf4j/slf4j-parent/1.5.6/slf4j-parent-1.5.6.pom (7.9 kB at 1.1 MB/s)
[8931977a-24d4-4454-a3fb-7570543fad73/build]   | [INFO] Downloading from central: https://repo.maven.apache.org/maven2/org/slf4j/slf4j-api/1.5.6/slf4j-api-1.5.6.pom
[8931977a-24d4-4454-a3fb-7570543fad73/build]   | [INFO] Downloaded from central: https://repo.maven.apache.org/maven2/org/slf4j/slf4j-api/1.5.6/slf4j-api-1.5.6.pom (3.0 kB at 426 kB/s)
[8931977a-24d4-4454-a3fb-7570543fad73/build]   | [INFO] Downloading from central: https://repo.maven.apache.org/maven2/org/slf4j/jcl-over-slf4j/1.5.6/jcl-over-slf4j-1.5.6.pom
[8931977a-24d4-4454-a3fb-7570543fad73/build]   | [INFO] Downloaded from central: https://repo.maven.apache.org/maven2/org/slf4j/jcl-over-slf4j/1.5.6/jcl-over-slf4j-1.5.6.pom (2.2 kB at 362 kB/s)
[8931977a-24d4-4454-a3fb-7570543fad73/build]   | [INFO] Downloading from central: https://repo.maven.apache.org/maven2/org/apache/maven/maven-profile/2.2.1/maven-profile-2.2.1.pom
[8931977a-24d4-4454-a3fb-7570543fad73/build]   | [INFO] Downloaded from central: https://repo.maven.apache.org/maven2/org/apache/maven/maven-profile/2.2.1/maven-profile-2.2.1.pom (2.2 kB at 362 kB/s)
[8931977a-24d4-4454-a3fb-7570543fad73/build]   | [INFO] Downloading from central: https://repo.maven.apache.org/maven2/org/apache/maven/maven-artifact/2.2.1/maven-artifact-2.2.1.pom
[8931977a-24d4-4454-a3fb-7570543fad73/build]   | [INFO] Downloaded from central: https://repo.maven.apache.org/maven2/org/apache/maven/maven-artifact/2.2.1/maven-artifact-2.2.1.pom (1.6 kB at 198 kB/s)
[8931977a-24d4-4454-a3fb-7570543fad73/build]   | [INFO] Downloading from central: https://repo.maven.apache.org/maven2/org/apache/maven/maven-repository-metadata/2.2.1/maven-repository-metadata-2.2.1.pom
[8931977a-24d4-4454-a3fb-7570543fad73/build]   | [INFO] Downloaded from central: https://repo.maven.apache.org/maven2/org/apache/maven/maven-repository-metadata/2.2.1/maven-repository-metadata-2.2.1.pom (1.9 kB at 234 kB/s)
[8931977a-24d4-4454-a3fb-7570543fad73/build]   | [INFO] Downloading from central: https://repo.maven.apache.org/maven2/org/apache/maven/maven-error-diagnostics/2.2.1/maven-error-diagnostics-2.2.1.pom
[8931977a-24d4-4454-a3fb-7570543fad73/build]   | [INFO] Downloaded from central: https://repo.maven.apache.org/maven2/org/apache/maven/maven-error-diagnostics/2.2.1/maven-error-diagnostics-2.2.1.pom (1.7 kB at 244 kB/s)
[8931977a-24d4-4454-a3fb-7570543fad73/build]   | [INFO] Downloading from central: https://repo.maven.apache.org/maven2/org/apache/maven/maven-project/2.2.1/maven-project-2.2.1.pom
[8931977a-24d4-4454-a3fb-7570543fad73/build]   | [INFO] Downloaded from central: https://repo.maven.apache.org/maven2/org/apache/maven/maven-project/2.2.1/maven-project-2.2.1.pom (2.8 kB at 347 kB/s)
[8931977a-24d4-4454-a3fb-7570543fad73/build]   | [INFO] Downloading from central: https://repo.maven.apache.org/maven2/org/apache/maven/maven-artifact-manager/2.2.1/maven-artifact-manager-2.2.1.pom
[8931977a-24d4-4454-a3fb-7570543fad73/build]   | [INFO] Downloaded from central: https://repo.maven.apache.org/maven2/org/apache/maven/maven-artifact-manager/2.2.1/maven-artifact-manager-2.2.1.pom (3.1 kB at 517 kB/s)
[8931977a-24d4-4454-a3fb-7570543fad73/build]   | [INFO] Downloading from central: https://repo.maven.apache.org/maven2/backport-util-concurrent/backport-util-concurrent/3.1/backport-util-concurrent-3.1.pom
[8931977a-24d4-4454-a3fb-7570543fad73/build]   | [INFO] Downloaded from central: https://repo.maven.apache.org/maven2/backport-util-concurrent/backport-util-concurrent/3.1/backport-util-concurrent-3.1.pom (880 B at 126 kB/s)
[8931977a-24d4-4454-a3fb-7570543fad73/build]   | [INFO] Downloading from central: https://repo.maven.apache.org/maven2/org/apache/maven/maven-plugin-registry/2.2.1/maven-plugin-registry-2.2.1.pom
[8931977a-24d4-4454-a3fb-7570543fad73/build]   | [INFO] Downloaded from central: https://repo.maven.apache.org/maven2/org/apache/maven/maven-plugin-registry/2.2.1/maven-plugin-registry-2.2.1.pom (1.9 kB at 322 kB/s)
[8931977a-24d4-4454-a3fb-7570543fad73/build]   | [INFO] Downloading from central: https://repo.maven.apache.org/maven2/org/apache/maven/maven-plugin-descriptor/2.2.1/maven-plugin-descriptor-2.2.1.pom
[8931977a-24d4-4454-a3fb-7570543fad73/build]   | [INFO] Downloaded from central: https://repo.maven.apache.org/maven2/org/apache/maven/maven-plugin-descriptor/2.2.1/maven-plugin-descriptor-2.2.1.pom (2.1 kB at 295 kB/s)
[8931977a-24d4-4454-a3fb-7570543fad73/build]   | [INFO] Downloading from central: https://repo.maven.apache.org/maven2/org/apache/maven/maven-monitor/2.2.1/maven-monitor-2.2.1.pom
[8931977a-24d4-4454-a3fb-7570543fad73/build]   | [INFO] Downloaded from central: https://repo.maven.apache.org/maven2/org/apache/maven/maven-monitor/2.2.1/maven-monitor-2.2.1.pom (1.3 kB at 210 kB/s)
[8931977a-24d4-4454-a3fb-7570543fad73/build]   | [INFO] Downloading from central: https://repo.maven.apache.org/maven2/org/sonatype/plexus/plexus-sec-dispatcher/1.3/plexus-sec-dispatcher-1.3.pom
[8931977a-24d4-4454-a3fb-7570543fad73/build]   | [INFO] Downloaded from central: https://repo.maven.apache.org/maven2/org/sonatype/plexus/plexus-sec-dispatcher/1.3/plexus-sec-dispatcher-1.3.pom (3.0 kB at 494 kB/s)
[8931977a-24d4-4454-a3fb-7570543fad73/build]   | [INFO] Downloading from central: https://repo.maven.apache.org/maven2/org/sonatype/spice/spice-parent/12/spice-parent-12.pom
[8931977a-24d4-4454-a3fb-7570543fad73/build]   | [INFO] Downloaded from central: https://repo.maven.apache.org/maven2/org/sonatype/spice/spice-parent/12/spice-parent-12.pom (6.8 kB at 1.1 MB/s)
[8931977a-24d4-4454-a3fb-7570543fad73/build]   | [INFO] Downloading from central: https://repo.maven.apache.org/maven2/org/sonatype/forge/forge-parent/4/forge-parent-4.pom
[8931977a-24d4-4454-a3fb-7570543fad73/build]   | [INFO] Downloaded from central: https://repo.maven.apache.org/maven2/org/sonatype/forge/forge-parent/4/forge-parent-4.pom (8.4 kB at 1.4 MB/s)
[8931977a-24d4-4454-a3fb-7570543fad73/build]   | [INFO] Downloading from central: https://repo.maven.apache.org/maven2/org/codehaus/plexus/plexus-utils/1.5.5/plexus-utils-1.5.5.pom
[8931977a-24d4-4454-a3fb-7570543fad73/build]   | [INFO] Downloaded from central: https://repo.maven.apache.org/maven2/org/codehaus/plexus/plexus-utils/1.5.5/plexus-utils-1.5.5.pom (5.1 kB at 858 kB/s)
[8931977a-24d4-4454-a3fb-7570543fad73/build]   | [INFO] Downloading from central: https://repo.maven.apache.org/maven2/org/sonatype/plexus/plexus-cipher/1.4/plexus-cipher-1.4.pom
[8931977a-24d4-4454-a3fb-7570543fad73/build]   | [INFO] Downloaded from central: https://repo.maven.apache.org/maven2/org/sonatype/plexus/plexus-cipher/1.4/plexus-cipher-1.4.pom (2.1 kB at 295 kB/s)
[8931977a-24d4-4454-a3fb-7570543fad73/build]   | [INFO] Downloading from central: https://repo.maven.apache.org/maven2/org/codehaus/plexus/plexus-component-annotations/1.5.5/plexus-component-annotations-1.5.5.pom
[8931977a-24d4-4454-a3fb-7570543fad73/build]   | [INFO] Downloaded from central: https://repo.maven.apache.org/maven2/org/codehaus/plexus/plexus-component-annotations/1.5.5/plexus-component-annotations-1.5.5.pom (815 B at 116 kB/s)
[8931977a-24d4-4454-a3fb-7570543fad73/build]   | [INFO] Downloading from central: https://repo.maven.apache.org/maven2/org/codehaus/plexus/plexus-containers/1.5.5/plexus-containers-1.5.5.pom
[8931977a-24d4-4454-a3fb-7570543fad73/build]   | [INFO] Downloaded from central: https://repo.maven.apache.org/maven2/org/codehaus/plexus/plexus-containers/1.5.5/plexus-containers-1.5.5.pom (4.2 kB at 707 kB/s)
[8931977a-24d4-4454-a3fb-7570543fad73/build]   | [INFO] Downloading from central: https://repo.maven.apache.org/maven2/org/codehaus/plexus/plexus/2.0.7/plexus-2.0.7.pom
[8931977a-24d4-4454-a3fb-7570543fad73/build]   | [INFO] Downloaded from central: https://repo.maven.apache.org/maven2/org/codehaus/plexus/plexus/2.0.7/plexus-2.0.7.pom (17 kB at 1.2 MB/s)
[8931977a-24d4-4454-a3fb-7570543fad73/build]   | [INFO] Downloading from central: https://repo.maven.apache.org/maven2/org/codehaus/plexus/plexus-compiler-api/2.2/plexus-compiler-api-2.2.pom
[8931977a-24d4-4454-a3fb-7570543fad73/build]   | [INFO] Downloaded from central: https://repo.maven.apache.org/maven2/org/codehaus/plexus/plexus-compiler-api/2.2/plexus-compiler-api-2.2.pom (865 B at 108 kB/s)
[8931977a-24d4-4454-a3fb-7570543fad73/build]   | [INFO] Downloading from central: https://repo.maven.apache.org/maven2/org/codehaus/plexus/plexus-compiler/2.2/plexus-compiler-2.2.pom
[8931977a-24d4-4454-a3fb-7570543fad73/build]   | [INFO] Downloaded from central: https://repo.maven.apache.org/maven2/org/codehaus/plexus/plexus-compiler/2.2/plexus-compiler-2.2.pom (3.6 kB at 452 kB/s)
[8931977a-24d4-4454-a3fb-7570543fad73/build]   | [INFO] Downloading from central: https://repo.maven.apache.org/maven2/org/codehaus/plexus/plexus-components/1.3.1/plexus-components-1.3.1.pom
[8931977a-24d4-4454-a3fb-7570543fad73/build]   | [INFO] Downloaded from central: https://repo.maven.apache.org/maven2/org/codehaus/plexus/plexus-components/1.3.1/plexus-components-1.3.1.pom (3.1 kB at 383 kB/s)
[8931977a-24d4-4454-a3fb-7570543fad73/build]   | [INFO] Downloading from central: https://repo.maven.apache.org/maven2/org/codehaus/plexus/plexus/3.3.1/plexus-3.3.1.pom
[8931977a-24d4-4454-a3fb-7570543fad73/build]   | [INFO] Downloaded from central: https://repo.maven.apache.org/maven2/org/codehaus/plexus/plexus/3.3.1/plexus-3.3.1.pom (20 kB at 1.3 MB/s)
[8931977a-24d4-4454-a3fb-7570543fad73/build]   | [INFO] Downloading from central: https://repo.maven.apache.org/maven2/org/sonatype/spice/spice-parent/17/spice-parent-17.pom
[8931977a-24d4-4454-a3fb-7570543fad73/build]   | [INFO] Downloaded from central: https://repo.maven.apache.org/maven2/org/sonatype/spice/spice-parent/17/spice-parent-17.pom (6.8 kB at 520 kB/s)
[8931977a-24d4-4454-a3fb-7570543fad73/build]   | [INFO] Downloading from central: https://repo.maven.apache.org/maven2/org/sonatype/forge/forge-parent/10/forge-parent-10.pom
[8931977a-24d4-4454-a3fb-7570543fad73/build]   | [INFO] Downloaded from central: https://repo.maven.apache.org/maven2/org/sonatype/forge/forge-parent/10/forge-parent-10.pom (14 kB at 1.1 MB/s)
[8931977a-24d4-4454-a3fb-7570543fad73/build]   | [INFO] Downloading from central: https://repo.maven.apache.org/maven2/org/codehaus/plexus/plexus-utils/3.0.8/plexus-utils-3.0.8.pom
[8931977a-24d4-4454-a3fb-7570543fad73/build]   | [INFO] Downloaded from central: https://repo.maven.apache.org/maven2/org/codehaus/plexus/plexus-utils/3.0.8/plexus-utils-3.0.8.pom (3.1 kB at 524 kB/s)
[8931977a-24d4-4454-a3fb-7570543fad73/build]   | [INFO] Downloading from central: https://repo.maven.apache.org/maven2/org/codehaus/plexus/plexus/3.2/plexus-3.2.pom
[8931977a-24d4-4454-a3fb-7570543fad73/build]   | [INFO] Downloaded from central: https://repo.maven.apache.org/maven2/org/codehaus/plexus/plexus/3.2/plexus-3.2.pom (19 kB at 3.1 MB/s)
[8931977a-24d4-4454-a3fb-7570543fad73/build]   | [INFO] Downloading from central: https://repo.maven.apache.org/maven2/org/codehaus/plexus/plexus-compiler-manager/2.2/plexus-compiler-manager-2.2.pom
[8931977a-24d4-4454-a3fb-7570543fad73/build]   | [INFO] Downloaded from central: https://repo.maven.apache.org/maven2/org/codehaus/plexus/plexus-compiler-manager/2.2/plexus-compiler-manager-2.2.pom (690 B at 99 kB/s)
[8931977a-24d4-4454-a3fb-7570543fad73/build]   | [INFO] Downloading from central: https://repo.maven.apache.org/maven2/org/codehaus/plexus/plexus-compiler-javac/2.2/plexus-compiler-javac-2.2.pom
[8931977a-24d4-4454-a3fb-7570543fad73/build]   | [INFO] Downloaded from central: https://repo.maven.apache.org/maven2/org/codehaus/plexus/plexus-compiler-javac/2.2/plexus-compiler-javac-2.2.pom (769 B at 110 kB/s)
[8931977a-24d4-4454-a3fb-7570543fad73/build]   | [INFO] Downloading from central: https://repo.maven.apache.org/maven2/org/codehaus/plexus/plexus-compilers/2.2/plexus-compilers-2.2.pom
[8931977a-24d4-4454-a3fb-7570543fad73/build]   | [INFO] Downloaded from central: https://repo.maven.apache.org/maven2/org/codehaus/plexus/plexus-compilers/2.2/plexus-compilers-2.2.pom (1.2 kB at 177 kB/s)
[8931977a-24d4-4454-a3fb-7570543fad73/build]   | [INFO] Downloading from central: https://repo.maven.apache.org/maven2/org/codehaus/plexus/plexus-container-default/1.5.5/plexus-container-default-1.5.5.pom
[8931977a-24d4-4454-a3fb-7570543fad73/build]   | [INFO] Downloaded from central: https://repo.maven.apache.org/maven2/org/codehaus/plexus/plexus-container-default/1.5.5/plexus-container-default-1.5.5.pom (2.8 kB at 394 kB/s)
[8931977a-24d4-4454-a3fb-7570543fad73/build]   | [INFO] Downloading from central: https://repo.maven.apache.org/maven2/org/codehaus/plexus/plexus-utils/1.4.5/plexus-utils-1.4.5.pom
[8931977a-24d4-4454-a3fb-7570543fad73/build]   | [INFO] Downloaded from central: https://repo.maven.apache.org/maven2/org/codehaus/plexus/plexus-utils/1.4.5/plexus-utils-1.4.5.pom (2.3 kB at 283 kB/s)
[8931977a-24d4-4454-a3fb-7570543fad73/build]   | [INFO] Downloading from central: https://repo.maven.apache.org/maven2/org/codehaus/plexus/plexus-classworlds/2.2.2/plexus-classworlds-2.2.2.pom
[8931977a-24d4-4454-a3fb-7570543fad73/build]   | [INFO] Downloaded from central: https://repo.maven.apache.org/maven2/org/codehaus/plexus/plexus-classworlds/2.2.2/plexus-classworlds-2.2.2.pom (4.0 kB at 504 kB/s)
[8931977a-24d4-4454-a3fb-7570543fad73/build]   | [INFO] Downloading from central: https://repo.maven.apache.org/maven2/org/apache/xbean/xbean-reflect/3.4/xbean-reflect-3.4.pom
[8931977a-24d4-4454-a3fb-7570543fad73/build]   | [INFO] Downloaded from central: https://repo.maven.apache.org/maven2/org/apache/xbean/xbean-reflect/3.4/xbean-reflect-3.4.pom (2.8 kB at 468 kB/s)
[8931977a-24d4-4454-a3fb-7570543fad73/build]   | [INFO] Downloading from central: https://repo.maven.apache.org/maven2/org/apache/xbean/xbean/3.4/xbean-3.4.pom
[8931977a-24d4-4454-a3fb-7570543fad73/build]   | [INFO] Downloaded from central: https://repo.maven.apache.org/maven2/org/apache/xbean/xbean/3.4/xbean-3.4.pom (19 kB at 2.6 MB/s)
[8931977a-24d4-4454-a3fb-7570543fad73/build]   | [INFO] Downloading from central: https://repo.maven.apache.org/maven2/log4j/log4j/1.2.12/log4j-1.2.12.pom
[8931977a-24d4-4454-a3fb-7570543fad73/build]   | [INFO] Downloaded from central: https://repo.maven.apache.org/maven2/log4j/log4j/1.2.12/log4j-1.2.12.pom (145 B at 21 kB/s)
[8931977a-24d4-4454-a3fb-7570543fad73/build]   | [INFO] Downloading from central: https://repo.maven.apache.org/maven2/commons-logging/commons-logging-api/1.1/commons-logging-api-1.1.pom
[8931977a-24d4-4454-a3fb-7570543fad73/build]   | [INFO] Downloaded from central: https://repo.maven.apache.org/maven2/commons-logging/commons-logging-api/1.1/commons-logging-api-1.1.pom (5.3 kB at 764 kB/s)
[8931977a-24d4-4454-a3fb-7570543fad73/build]   | [INFO] Downloading from central: https://repo.maven.apache.org/maven2/com/google/collections/google-collections/1.0/google-collections-1.0.pom
[8931977a-24d4-4454-a3fb-7570543fad73/build]   | [INFO] Downloaded from central: https://repo.maven.apache.org/maven2/com/google/collections/google-collections/1.0/google-collections-1.0.pom (2.5 kB at 354 kB/s)
[8931977a-24d4-4454-a3fb-7570543fad73/build]   | [INFO] Downloading from central: https://repo.maven.apache.org/maven2/com/google/google/1/google-1.pom
[8931977a-24d4-4454-a3fb-7570543fad73/build]   | [INFO] Downloaded from central: https://repo.maven.apache.org/maven2/com/google/google/1/google-1.pom (1.6 kB at 222 kB/s)
[8931977a-24d4-4454-a3fb-7570543fad73/build]   | [INFO] Downloading from central: https://repo.maven.apache.org/maven2/junit/junit/3.8.2/junit-3.8.2.pom
[8931977a-24d4-4454-a3fb-7570543fad73/build]   | [INFO] Downloaded from central: https://repo.maven.apache.org/maven2/junit/junit/3.8.2/junit-3.8.2.pom (747 B at 107 kB/s)
[8931977a-24d4-4454-a3fb-7570543fad73/build]   | [INFO] Downloading from central: https://repo.maven.apache.org/maven2/org/apache/maven/maven-plugin-api/2.0.9/maven-plugin-api-2.0.9.jar
[8931977a-24d4-4454-a3fb-7570543fad73/build]   | [INFO] Downloading from central: https://repo.maven.apache.org/maven2/org/apache/maven/maven-artifact/2.0.9/maven-artifact-2.0.9.jar
[8931977a-24d4-4454-a3fb-7570543fad73/build]   | [INFO] Downloading from central: https://repo.maven.apache.org/maven2/org/codehaus/plexus/plexus-utils/1.5.1/plexus-utils-1.5.1.jar
[8931977a-24d4-4454-a3fb-7570543fad73/build]   | [INFO] Downloading from central: https://repo.maven.apache.org/maven2/org/apache/maven/maven-core/2.0.9/maven-core-2.0.9.jar
[8931977a-24d4-4454-a3fb-7570543fad73/build]   | [INFO] Downloading from central: https://repo.maven.apache.org/maven2/org/apache/maven/maven-settings/2.0.9/maven-settings-2.0.9.jar
[8931977a-24d4-4454-a3fb-7570543fad73/build]   | [INFO] Downloaded from central: https://repo.maven.apache.org/maven2/org/apache/maven/maven-settings/2.0.9/maven-settings-2.0.9.jar (49 kB at 5.5 MB/s)
[8931977a-24d4-4454-a3fb-7570543fad73/build]   | [INFO] Downloading from central: https://repo.maven.apache.org/maven2/org/apache/maven/maven-plugin-parameter-documenter/2.0.9/maven-plugin-parameter-documenter-2.0.9.jar
[8931977a-24d4-4454-a3fb-7570543fad73/build]   | [INFO] Downloaded from central: https://repo.maven.apache.org/maven2/org/apache/maven/maven-core/2.0.9/maven-core-2.0.9.jar (160 kB at 11 MB/s)
[8931977a-24d4-4454-a3fb-7570543fad73/build]   | [INFO] Downloading from central: https://repo.maven.apache.org/maven2/org/apache/maven/maven-profile/2.0.9/maven-profile-2.0.9.jar
[8931977a-24d4-4454-a3fb-7570543fad73/build]   | [INFO] Downloaded from central: https://repo.maven.apache.org/maven2/org/apache/maven/maven-plugin-parameter-documenter/2.0.9/maven-plugin-parameter-documenter-2.0.9.jar (21 kB at 1.2 MB/s)
[8931977a-24d4-4454-a3fb-7570543fad73/build]   | [INFO] Downloaded from central: https://repo.maven.apache.org/maven2/org/apache/maven/maven-plugin-api/2.0.9/maven-plugin-api-2.0.9.jar (13 kB at 645 kB/s)
[8931977a-24d4-4454-a3fb-7570543fad73/build]   | [INFO] Downloaded from central: https://repo.maven.apache.org/maven2/org/codehaus/plexus/plexus-utils/1.5.1/plexus-utils-1.5.1.jar (211 kB at 12 MB/s)
[8931977a-24d4-4454-a3fb-7570543fad73/build]   | [INFO] Downloading from central: https://repo.maven.apache.org/maven2/org/apache/maven/maven-error-diagnostics/2.0.9/maven-error-diagnostics-2.0.9.jar
[8931977a-24d4-4454-a3fb-7570543fad73/build]   | [INFO] Downloading from central: https://repo.maven.apache.org/maven2/org/apache/maven/maven-repository-metadata/2.0.9/maven-repository-metadata-2.0.9.jar
[8931977a-24d4-4454-a3fb-7570543fad73/build]   | [INFO] Downloading from central: https://repo.maven.apache.org/maven2/org/apache/maven/maven-model/2.0.9/maven-model-2.0.9.jar
[8931977a-24d4-4454-a3fb-7570543fad73/build]   | [INFO] Downloaded from central: https://repo.maven.apache.org/maven2/org/apache/maven/maven-artifact/2.0.9/maven-artifact-2.0.9.jar (89 kB at 3.6 MB/s)
[8931977a-24d4-4454-a3fb-7570543fad73/build]   | [INFO] Downloading from central: https://repo.maven.apache.org/maven2/org/apache/maven/maven-project/2.0.9/maven-project-2.0.9.jar
[8931977a-24d4-4454-a3fb-7570543fad73/build]   | [INFO] Downloaded from central: https://repo.maven.apache.org/maven2/org/apache/maven/maven-profile/2.0.9/maven-profile-2.0.9.jar (35 kB at 1.4 MB/s)
[8931977a-24d4-4454-a3fb-7570543fad73/build]   | [INFO] Downloading from central: https://repo.maven.apache.org/maven2/org/apache/maven/maven-plugin-registry/2.0.9/maven-plugin-registry-2.0.9.jar
[8931977a-24d4-4454-a3fb-7570543fad73/build]   | [INFO] Downloaded from central: https://repo.maven.apache.org/maven2/org/apache/maven/maven-error-diagnostics/2.0.9/maven-error-diagnostics-2.0.9.jar (14 kB at 511 kB/s)
[8931977a-24d4-4454-a3fb-7570543fad73/build]   | [INFO] Downloading from central: https://repo.maven.apache.org/maven2/org/apache/maven/maven-plugin-descriptor/2.0.9/maven-plugin-descriptor-2.0.9.jar
[8931977a-24d4-4454-a3fb-7570543fad73/build]   | [INFO] Downloaded from central: https://repo.maven.apache.org/maven2/org/apache/maven/maven-model/2.0.9/maven-model-2.0.9.jar (87 kB at 2.8 MB/s)
[8931977a-24d4-4454-a3fb-7570543fad73/build]   | [INFO] Downloading from central: https://repo.maven.apache.org/maven2/org/apache/maven/maven-artifact-manager/2.0.9/maven-artifact-manager-2.0.9.jar
[8931977a-24d4-4454-a3fb-7570543fad73/build]   | [INFO] Downloaded from central: https://repo.maven.apache.org/maven2/org/apache/maven/maven-project/2.0.9/maven-project-2.0.9.jar (122 kB at 3.9 MB/s)
[8931977a-24d4-4454-a3fb-7570543fad73/build]   | [INFO] Downloading from central: https://repo.maven.apache.org/maven2/org/apache/maven/maven-monitor/2.0.9/maven-monitor-2.0.9.jar
[8931977a-24d4-4454-a3fb-7570543fad73/build]   | [INFO] Downloaded from central: https://repo.maven.apache.org/maven2/org/apache/maven/maven-repository-metadata/2.0.9/maven-repository-metadata-2.0.9.jar (25 kB at 722 kB/s)
[8931977a-24d4-4454-a3fb-7570543fad73/build]   | [INFO] Downloaded from central: https://repo.maven.apache.org/maven2/org/apache/maven/maven-plugin-registry/2.0.9/maven-plugin-registry-2.0.9.jar (29 kB at 855 kB/s)
[8931977a-24d4-4454-a3fb-7570543fad73/build]   | [INFO] Downloading from central: https://repo.maven.apache.org/maven2/org/apache/maven/maven-toolchain/1.0/maven-toolchain-1.0.jar
[8931977a-24d4-4454-a3fb-7570543fad73/build]   | [INFO] Downloading from central: https://repo.maven.apache.org/maven2/org/apache/maven/shared/maven-shared-utils/0.1/maven-shared-utils-0.1.jar
[8931977a-24d4-4454-a3fb-7570543fad73/build]   | [INFO] Downloaded from central: https://repo.maven.apache.org/maven2/org/apache/maven/maven-plugin-descriptor/2.0.9/maven-plugin-descriptor-2.0.9.jar (37 kB at 1.1 MB/s)
[8931977a-24d4-4454-a3fb-7570543fad73/build]   | [INFO] Downloading from central: https://repo.maven.apache.org/maven2/com/google/code/findbugs/jsr305/2.0.1/jsr305-2.0.1.jar
[8931977a-24d4-4454-a3fb-7570543fad73/build]   | [INFO] Downloaded from central: https://repo.maven.apache.org/maven2/org/apache/maven/maven-artifact-manager/2.0.9/maven-artifact-manager-2.0.9.jar (58 kB at 1.4 MB/s)
[8931977a-24d4-4454-a3fb-7570543fad73/build]   | [INFO] Downloading from central: https://repo.maven.apache.org/maven2/org/apache/maven/shared/maven-shared-incremental/1.1/maven-shared-incremental-1.1.jar
[8931977a-24d4-4454-a3fb-7570543fad73/build]   | [INFO] Downloaded from central: https://repo.maven.apache.org/maven2/org/apache/maven/maven-monitor/2.0.9/maven-monitor-2.0.9.jar (10 kB at 202 kB/s)
[8931977a-24d4-4454-a3fb-7570543fad73/build]   | [INFO] Downloading from central: https://repo.maven.apache.org/maven2/org/codehaus/plexus/plexus-component-annotations/1.5.5/plexus-component-annotations-1.5.5.jar
[8931977a-24d4-4454-a3fb-7570543fad73/build]   | [INFO] Downloaded from central: https://repo.maven.apache.org/maven2/org/apache/maven/shared/maven-shared-utils/0.1/maven-shared-utils-0.1.jar (155 kB at 2.8 MB/s)
[8931977a-24d4-4454-a3fb-7570543fad73/build]   | [INFO] Downloaded from central: https://repo.maven.apache.org/maven2/org/apache/maven/maven-toolchain/1.0/maven-toolchain-1.0.jar (33 kB at 588 kB/s)
[8931977a-24d4-4454-a3fb-7570543fad73/build]   | [INFO] Downloading from central: https://repo.maven.apache.org/maven2/org/codehaus/plexus/plexus-compiler-api/2.2/plexus-compiler-api-2.2.jar
[8931977a-24d4-4454-a3fb-7570543fad73/build]   | [INFO] Downloading from central: https://repo.maven.apache.org/maven2/org/codehaus/plexus/plexus-compiler-manager/2.2/plexus-compiler-manager-2.2.jar
[8931977a-24d4-4454-a3fb-7570543fad73/build]   | [INFO] Downloaded from central: https://repo.maven.apache.org/maven2/com/google/code/findbugs/jsr305/2.0.1/jsr305-2.0.1.jar (32 kB at 514 kB/s)
[8931977a-24d4-4454-a3fb-7570543fad73/build]   | [INFO] Downloading from central: https://repo.maven.apache.org/maven2/org/codehaus/plexus/plexus-compiler-javac/2.2/plexus-compiler-javac-2.2.jar
[8931977a-24d4-4454-a3fb-7570543fad73/build]   | [INFO] Downloaded from central: https://repo.maven.apache.org/maven2/org/apache/maven/shared/maven-shared-incremental/1.1/maven-shared-incremental-1.1.jar (14 kB at 191 kB/s)
[8931977a-24d4-4454-a3fb-7570543fad73/build]   | [INFO] Downloading from central: https://repo.maven.apache.org/maven2/org/codehaus/plexus/plexus-container-default/1.5.5/plexus-container-default-1.5.5.jar
[8931977a-24d4-4454-a3fb-7570543fad73/build]   | [INFO] Downloaded from central: https://repo.maven.apache.org/maven2/org/codehaus/plexus/plexus-compiler-javac/2.2/plexus-compiler-javac-2.2.jar (19 kB at 256 kB/s)
[8931977a-24d4-4454-a3fb-7570543fad73/build]   | [INFO] Downloading from central: https://repo.maven.apache.org/maven2/org/codehaus/plexus/plexus-classworlds/2.2.2/plexus-classworlds-2.2.2.jar
[8931977a-24d4-4454-a3fb-7570543fad73/build]   | [INFO] Downloaded from central: https://repo.maven.apache.org/maven2/org/codehaus/plexus/plexus-compiler-manager/2.2/plexus-compiler-manager-2.2.jar (4.6 kB at 62 kB/s)
[8931977a-24d4-4454-a3fb-7570543fad73/build]   | [INFO] Downloading from central: https://repo.maven.apache.org/maven2/org/apache/xbean/xbean-reflect/3.4/xbean-reflect-3.4.jar
[8931977a-24d4-4454-a3fb-7570543fad73/build]   | [INFO] Downloaded from central: https://repo.maven.apache.org/maven2/org/codehaus/plexus/plexus-compiler-api/2.2/plexus-compiler-api-2.2.jar (25 kB at 316 kB/s)
[8931977a-24d4-4454-a3fb-7570543fad73/build]   | [INFO] Downloading from central: https://repo.maven.apache.org/maven2/log4j/log4j/1.2.12/log4j-1.2.12.jar
[8931977a-24d4-4454-a3fb-7570543fad73/build]   | [INFO] Downloaded from central: https://repo.maven.apache.org/maven2/org/codehaus/plexus/plexus-container-default/1.5.5/plexus-container-default-1.5.5.jar (217 kB at 2.4 MB/s)
[8931977a-24d4-4454-a3fb-7570543fad73/build]   | [INFO] Downloaded from central: https://repo.maven.apache.org/maven2/org/codehaus/plexus/plexus-component-annotations/1.5.5/plexus-component-annotations-1.5.5.jar (4.2 kB at 47 kB/s)
[8931977a-24d4-4454-a3fb-7570543fad73/build]   | [INFO] Downloaded from central: https://repo.maven.apache.org/maven2/org/codehaus/plexus/plexus-classworlds/2.2.2/plexus-classworlds-2.2.2.jar (46 kB at 512 kB/s)
[8931977a-24d4-4454-a3fb-7570543fad73/build]   | [INFO] Downloading from central: https://repo.maven.apache.org/maven2/commons-logging/commons-logging-api/1.1/commons-logging-api-1.1.jar
[8931977a-24d4-4454-a3fb-7570543fad73/build]   | [INFO] Downloading from central: https://repo.maven.apache.org/maven2/junit/junit/3.8.2/junit-3.8.2.jar
[8931977a-24d4-4454-a3fb-7570543fad73/build]   | [INFO] Downloading from central: https://repo.maven.apache.org/maven2/com/google/collections/google-collections/1.0/google-collections-1.0.jar
[8931977a-24d4-4454-a3fb-7570543fad73/build]   | [INFO] Downloaded from central: https://repo.maven.apache.org/maven2/log4j/log4j/1.2.12/log4j-1.2.12.jar (358 kB at 3.9 MB/s)
[8931977a-24d4-4454-a3fb-7570543fad73/build]   | [INFO] Downloaded from central: https://repo.maven.apache.org/maven2/org/apache/xbean/xbean-reflect/3.4/xbean-reflect-3.4.jar (134 kB at 1.4 MB/s)
[8931977a-24d4-4454-a3fb-7570543fad73/build]   | [INFO] Downloaded from central: https://repo.maven.apache.org/maven2/junit/junit/3.8.2/junit-3.8.2.jar (121 kB at 1.2 MB/s)
[8931977a-24d4-4454-a3fb-7570543fad73/build]   | [INFO] Downloaded from central: https://repo.maven.apache.org/maven2/com/google/collections/google-collections/1.0/google-collections-1.0.jar (640 kB at 5.8 MB/s)
[8931977a-24d4-4454-a3fb-7570543fad73/build]   | [INFO] Downloaded from central: https://repo.maven.apache.org/maven2/commons-logging/commons-logging-api/1.1/commons-logging-api-1.1.jar (45 kB at 391 kB/s)
[8931977a-24d4-4454-a3fb-7570543fad73/build]   | [INFO] Changes detected - recompiling the module!
[8931977a-24d4-4454-a3fb-7570543fad73/build]   | [INFO] Compiling 83 source files to /tmp/edbb904f-deac-4494-ba55-bf0baa0a075a/target/classes
[8931977a-24d4-4454-a3fb-7570543fad73/build]   | [INFO] 
[8931977a-24d4-4454-a3fb-7570543fad73/build]   | [INFO] --- maven-resources-plugin:2.6:testResources (default-testResources) @ jwarc ---
[8931977a-24d4-4454-a3fb-7570543fad73/build]   | [INFO] Using 'UTF-8' encoding to copy filtered resources.
[8931977a-24d4-4454-a3fb-7570543fad73/build]   | [INFO] Copying 2 resources
[8931977a-24d4-4454-a3fb-7570543fad73/build]   | [INFO] 
[8931977a-24d4-4454-a3fb-7570543fad73/build]   | [INFO] --- maven-compiler-plugin:3.1:testCompile (default-testCompile) @ jwarc ---
[8931977a-24d4-4454-a3fb-7570543fad73/build]   | [INFO] Changes detected - recompiling the module!
[8931977a-24d4-4454-a3fb-7570543fad73/build]   | [INFO] Compiling 34 source files to /tmp/edbb904f-deac-4494-ba55-bf0baa0a075a/target/test-classes
[8931977a-24d4-4454-a3fb-7570543fad73/build]   | [INFO] 
[8931977a-24d4-4454-a3fb-7570543fad73/build]   | [INFO] --- maven-surefire-plugin:2.12.4:test (default-test) @ jwarc ---
[8931977a-24d4-4454-a3fb-7570543fad73/build]   | [INFO] Downloading from central: https://repo.maven.apache.org/maven2/org/apache/maven/surefire/surefire-booter/2.12.4/surefire-booter-2.12.4.pom
[8931977a-24d4-4454-a3fb-7570543fad73/build]   | [INFO] Downloaded from central: https://repo.maven.apache.org/maven2/org/apache/maven/surefire/surefire-booter/2.12.4/surefire-booter-2.12.4.pom (3.0 kB at 303 kB/s)
[8931977a-24d4-4454-a3fb-7570543fad73/build]   | [INFO] Downloading from central: https://repo.maven.apache.org/maven2/org/apache/maven/surefire/surefire-api/2.12.4/surefire-api-2.12.4.pom
[8931977a-24d4-4454-a3fb-7570543fad73/build]   | [INFO] Downloaded from central: https://repo.maven.apache.org/maven2/org/apache/maven/surefire/surefire-api/2.12.4/surefire-api-2.12.4.pom (2.5 kB at 249 kB/s)
[8931977a-24d4-4454-a3fb-7570543fad73/build]   | [INFO] Downloading from central: https://repo.maven.apache.org/maven2/org/apache/maven/surefire/maven-surefire-common/2.12.4/maven-surefire-common-2.12.4.pom
[8931977a-24d4-4454-a3fb-7570543fad73/build]   | [INFO] Downloaded from central: https://repo.maven.apache.org/maven2/org/apache/maven/surefire/maven-surefire-common/2.12.4/maven-surefire-common-2.12.4.pom (5.5 kB at 922 kB/s)
[8931977a-24d4-4454-a3fb-7570543fad73/build]   | [INFO] Downloading from central: https://repo.maven.apache.org/maven2/org/apache/maven/plugin-tools/maven-plugin-annotations/3.1/maven-plugin-annotations-3.1.pom
[8931977a-24d4-4454-a3fb-7570543fad73/build]   | [INFO] Downloaded from central: https://repo.maven.apache.org/maven2/org/apache/maven/plugin-tools/maven-plugin-annotations/3.1/maven-plugin-annotations-3.1.pom (1.6 kB at 90 kB/s)
[8931977a-24d4-4454-a3fb-7570543fad73/build]   | [INFO] Downloading from central: https://repo.maven.apache.org/maven2/org/apache/maven/plugin-tools/maven-plugin-tools/3.1/maven-plugin-tools-3.1.pom
[8931977a-24d4-4454-a3fb-7570543fad73/build]   | [INFO] Downloaded from central: https://repo.maven.apache.org/maven2/org/apache/maven/plugin-tools/maven-plugin-tools/3.1/maven-plugin-tools-3.1.pom (16 kB at 2.3 MB/s)
[8931977a-24d4-4454-a3fb-7570543fad73/build]   | [INFO] Downloading from central: https://repo.maven.apache.org/maven2/org/apache/maven/reporting/maven-reporting-api/2.0.9/maven-reporting-api-2.0.9.pom
[8931977a-24d4-4454-a3fb-7570543fad73/build]   | [INFO] Downloaded from central: https://repo.maven.apache.org/maven2/org/apache/maven/reporting/maven-reporting-api/2.0.9/maven-reporting-api-2.0.9.pom (1.8 kB at 200 kB/s)
[8931977a-24d4-4454-a3fb-7570543fad73/build]   | [INFO] Downloading from central: https://repo.maven.apache.org/maven2/org/apache/maven/reporting/maven-reporting/2.0.9/maven-reporting-2.0.9.pom
[8931977a-24d4-4454-a3fb-7570543fad73/build]   | [INFO] Downloaded from central: https://repo.maven.apache.org/maven2/org/apache/maven/reporting/maven-reporting/2.0.9/maven-reporting-2.0.9.pom (1.5 kB at 246 kB/s)
[8931977a-24d4-4454-a3fb-7570543fad73/build]   | [INFO] Downloading from central: https://repo.maven.apache.org/maven2/org/apache/maven/maven-toolchain/2.0.9/maven-toolchain-2.0.9.pom
[8931977a-24d4-4454-a3fb-7570543fad73/build]   | [INFO] Downloaded from central: https://repo.maven.apache.org/maven2/org/apache/maven/maven-toolchain/2.0.9/maven-toolchain-2.0.9.pom (3.5 kB at 579 kB/s)
[8931977a-24d4-4454-a3fb-7570543fad73/build]   | [INFO] Downloading from central: https://repo.maven.apache.org/maven2/org/apache/commons/commons-lang3/3.1/commons-lang3-3.1.pom
[8931977a-24d4-4454-a3fb-7570543fad73/build]   | [INFO] Downloaded from central: https://repo.maven.apache.org/maven2/org/apache/commons/commons-lang3/3.1/commons-lang3-3.1.pom (17 kB at 2.8 MB/s)
[8931977a-24d4-4454-a3fb-7570543fad73/build]   | [INFO] Downloading from central: https://repo.maven.apache.org/maven2/org/apache/commons/commons-parent/22/commons-parent-22.pom
[8931977a-24d4-4454-a3fb-7570543fad73/build]   | [INFO] Downloaded from central: https://repo.maven.apache.org/maven2/org/apache/commons/commons-parent/22/commons-parent-22.pom (42 kB at 4.2 MB/s)
[8931977a-24d4-4454-a3fb-7570543fad73/build]   | [INFO] Downloading from central: https://repo.maven.apache.org/maven2/org/apache/apache/9/apache-9.pom
[8931977a-24d4-4454-a3fb-7570543fad73/build]   | [INFO] Downloaded from central: https://repo.maven.apache.org/maven2/org/apache/apache/9/apache-9.pom (15 kB at 2.2 MB/s)
[8931977a-24d4-4454-a3fb-7570543fad73/build]   | [INFO] Downloading from central: https://repo.maven.apache.org/maven2/org/apache/maven/shared/maven-common-artifact-filters/1.3/maven-common-artifact-filters-1.3.pom
[8931977a-24d4-4454-a3fb-7570543fad73/build]   | [INFO] Downloaded from central: https://repo.maven.apache.org/maven2/org/apache/maven/shared/maven-common-artifact-filters/1.3/maven-common-artifact-filters-1.3.pom (3.7 kB at 463 kB/s)
[8931977a-24d4-4454-a3fb-7570543fad73/build]   | [INFO] Downloading from central: https://repo.maven.apache.org/maven2/org/apache/maven/shared/maven-shared-components/12/maven-shared-components-12.pom
[8931977a-24d4-4454-a3fb-7570543fad73/build]   | [INFO] Downloaded from central: https://repo.maven.apache.org/maven2/org/apache/maven/shared/maven-shared-components/12/maven-shared-components-12.pom (9.3 kB at 934 kB/s)
[8931977a-24d4-4454-a3fb-7570543fad73/build]   | [INFO] Downloading from central: https://repo.maven.apache.org/maven2/org/apache/maven/maven-parent/13/maven-parent-13.pom
[8931977a-24d4-4454-a3fb-7570543fad73/build]   | [INFO] Downloaded from central: https://repo.maven.apache.org/maven2/org/apache/maven/maven-parent/13/maven-parent-13.pom (23 kB at 2.8 MB/s)
[8931977a-24d4-4454-a3fb-7570543fad73/build]   | [INFO] Downloading from central: https://repo.maven.apache.org/maven2/org/apache/apache/6/apache-6.pom
[8931977a-24d4-4454-a3fb-7570543fad73/build]   | [INFO] Downloaded from central: https://repo.maven.apache.org/maven2/org/apache/apache/6/apache-6.pom (13 kB at 1.4 MB/s)
[8931977a-24d4-4454-a3fb-7570543fad73/build]   | [INFO] Downloading from central: https://repo.maven.apache.org/maven2/org/codehaus/plexus/plexus-container-default/1.0-alpha-9/plexus-container-default-1.0-alpha-9.pom
[8931977a-24d4-4454-a3fb-7570543fad73/build]   | [INFO] Downloaded from central: https://repo.maven.apache.org/maven2/org/codehaus/plexus/plexus-container-default/1.0-alpha-9/plexus-container-default-1.0-alpha-9.pom (1.2 kB at 154 kB/s)
[8931977a-24d4-4454-a3fb-7570543fad73/build]   | [INFO] Downloading from central: https://repo.maven.apache.org/maven2/org/apache/maven/surefire/surefire-booter/2.12.4/surefire-booter-2.12.4.jar
[8931977a-24d4-4454-a3fb-7570543fad73/build]   | [INFO] Downloading from central: https://repo.maven.apache.org/maven2/org/apache/maven/surefire/surefire-api/2.12.4/surefire-api-2.12.4.jar
[8931977a-24d4-4454-a3fb-7570543fad73/build]   | [INFO] Downloading from central: https://repo.maven.apache.org/maven2/org/apache/commons/commons-lang3/3.1/commons-lang3-3.1.jar
[8931977a-24d4-4454-a3fb-7570543fad73/build]   | [INFO] Downloading from central: https://repo.maven.apache.org/maven2/org/apache/maven/shared/maven-common-artifact-filters/1.3/maven-common-artifact-filters-1.3.jar
[8931977a-24d4-4454-a3fb-7570543fad73/build]   | [INFO] Downloading from central: https://repo.maven.apache.org/maven2/org/apache/maven/surefire/maven-surefire-common/2.12.4/maven-surefire-common-2.12.4.jar
[8931977a-24d4-4454-a3fb-7570543fad73/build]   | [INFO] Downloaded from central: https://repo.maven.apache.org/maven2/org/apache/maven/shared/maven-common-artifact-filters/1.3/maven-common-artifact-filters-1.3.jar (31 kB at 2.8 MB/s)
[8931977a-24d4-4454-a3fb-7570543fad73/build]   | [INFO] Downloading from central: https://repo.maven.apache.org/maven2/org/codehaus/plexus/plexus-utils/3.0.8/plexus-utils-3.0.8.jar
[8931977a-24d4-4454-a3fb-7570543fad73/build]   | [INFO] Downloaded from central: https://repo.maven.apache.org/maven2/org/apache/maven/surefire/surefire-booter/2.12.4/surefire-booter-2.12.4.jar (35 kB at 738 kB/s)
[8931977a-24d4-4454-a3fb-7570543fad73/build]   | [INFO] Downloading from central: https://repo.maven.apache.org/maven2/org/apache/maven/reporting/maven-reporting-api/2.0.9/maven-reporting-api-2.0.9.jar
[8931977a-24d4-4454-a3fb-7570543fad73/build]   | [INFO] Downloaded from central: https://repo.maven.apache.org/maven2/org/apache/maven/surefire/surefire-api/2.12.4/surefire-api-2.12.4.jar (118 kB at 2.3 MB/s)
[8931977a-24d4-4454-a3fb-7570543fad73/build]   | [INFO] Downloading from central: https://repo.maven.apache.org/maven2/org/apache/maven/maven-toolchain/2.0.9/maven-toolchain-2.0.9.jar
[8931977a-24d4-4454-a3fb-7570543fad73/build]   | [INFO] Downloaded from central: https://repo.maven.apache.org/maven2/org/apache/commons/commons-lang3/3.1/commons-lang3-3.1.jar (316 kB at 10 MB/s)
[8931977a-24d4-4454-a3fb-7570543fad73/build]   | [INFO] Downloading from central: https://repo.maven.apache.org/maven2/org/apache/maven/plugin-tools/maven-plugin-annotations/3.1/maven-plugin-annotations-3.1.jar
[8931977a-24d4-4454-a3fb-7570543fad73/build]   | [INFO] Downloaded from central: https://repo.maven.apache.org/maven2/org/apache/maven/reporting/maven-reporting-api/2.0.9/maven-reporting-api-2.0.9.jar (10 kB at 338 kB/s)
[8931977a-24d4-4454-a3fb-7570543fad73/build]   | [INFO] Downloaded from central: https://repo.maven.apache.org/maven2/org/apache/maven/plugin-tools/maven-plugin-annotations/3.1/maven-plugin-annotations-3.1.jar (14 kB at 319 kB/s)
[8931977a-24d4-4454-a3fb-7570543fad73/build]   | [INFO] Downloaded from central: https://repo.maven.apache.org/maven2/org/apache/maven/surefire/maven-surefire-common/2.12.4/maven-surefire-common-2.12.4.jar (263 kB at 3.4 MB/s)
[8931977a-24d4-4454-a3fb-7570543fad73/build]   | [INFO] Downloaded from central: https://repo.maven.apache.org/maven2/org/codehaus/plexus/plexus-utils/3.0.8/plexus-utils-3.0.8.jar (232 kB at 4.9 MB/s)
[8931977a-24d4-4454-a3fb-7570543fad73/build]   | [INFO] Downloaded from central: https://repo.maven.apache.org/maven2/org/apache/maven/maven-toolchain/2.0.9/maven-toolchain-2.0.9.jar (38 kB at 745 kB/s)
[8931977a-24d4-4454-a3fb-7570543fad73/build]   | [INFO] Surefire report directory: /tmp/edbb904f-deac-4494-ba55-bf0baa0a075a/target/surefire-reports
[8931977a-24d4-4454-a3fb-7570543fad73/build]   | [INFO] Downloading from central: https://repo.maven.apache.org/maven2/org/apache/maven/surefire/surefire-junit4/2.12.4/surefire-junit4-2.12.4.pom
[8931977a-24d4-4454-a3fb-7570543fad73/build]   | [INFO] Downloaded from central: https://repo.maven.apache.org/maven2/org/apache/maven/surefire/surefire-junit4/2.12.4/surefire-junit4-2.12.4.pom (2.4 kB at 71 kB/s)
[8931977a-24d4-4454-a3fb-7570543fad73/build]   | [INFO] Downloading from central: https://repo.maven.apache.org/maven2/org/apache/maven/surefire/surefire-providers/2.12.4/surefire-providers-2.12.4.pom
[8931977a-24d4-4454-a3fb-7570543fad73/build]   | [INFO] Downloaded from central: https://repo.maven.apache.org/maven2/org/apache/maven/surefire/surefire-providers/2.12.4/surefire-providers-2.12.4.pom (2.3 kB at 29 kB/s)
[8931977a-24d4-4454-a3fb-7570543fad73/build]   | [INFO] Downloading from central: https://repo.maven.apache.org/maven2/org/apache/maven/surefire/surefire-junit4/2.12.4/surefire-junit4-2.12.4.jar
[8931977a-24d4-4454-a3fb-7570543fad73/build]   | [INFO] Downloaded from central: https://repo.maven.apache.org/maven2/org/apache/maven/surefire/surefire-junit4/2.12.4/surefire-junit4-2.12.4.jar (37 kB at 1.1 MB/s)
[8931977a-24d4-4454-a3fb-7570543fad73/build]   | 
[8931977a-24d4-4454-a3fb-7570543fad73/build]   | -------------------------------------------------------
[8931977a-24d4-4454-a3fb-7570543fad73/build]   |  T E S T S
[8931977a-24d4-4454-a3fb-7570543fad73/build]   | -------------------------------------------------------
[8931977a-24d4-4454-a3fb-7570543fad73/build]   | Running org.netpreserve.jwarc.LengthedBodyTest
[8931977a-24d4-4454-a3fb-7570543fad73/build]   | Tests run: 1, Failures: 0, Errors: 0, Skipped: 0, Time elapsed: 0.145 sec
[8931977a-24d4-4454-a3fb-7570543fad73/build]   | Running org.netpreserve.jwarc.GzipChannelTest
[8931977a-24d4-4454-a3fb-7570543fad73/build]   | Tests run: 4, Failures: 0, Errors: 0, Skipped: 0, Time elapsed: 0 sec
[8931977a-24d4-4454-a3fb-7570543fad73/build]   | Running org.netpreserve.jwarc.HttpRequestTest
[8931977a-24d4-4454-a3fb-7570543fad73/build]   | Tests run: 2, Failures: 0, Errors: 0, Skipped: 0, Time elapsed: 0.009 sec
[8931977a-24d4-4454-a3fb-7570543fad73/build]   | Running org.netpreserve.jwarc.URIsTest
[8931977a-24d4-4454-a3fb-7570543fad73/build]   | Tests run: 1, Failures: 0, Errors: 0, Skipped: 0, Time elapsed: 0.01 sec
[8931977a-24d4-4454-a3fb-7570543fad73/build]   | Running org.netpreserve.jwarc.HttpResponseTest
[8931977a-24d4-4454-a3fb-7570543fad73/build]   | Tests run: 1, Failures: 0, Errors: 0, Skipped: 0, Time elapsed: 0.006 sec
[8931977a-24d4-4454-a3fb-7570543fad73/build]   | Running org.netpreserve.jwarc.net.WarcServerTest
[8931977a-24d4-4454-a3fb-7570543fad73/build]   | Tests run: 1, Failures: 0, Errors: 0, Skipped: 0, Time elapsed: 0.154 sec
[8931977a-24d4-4454-a3fb-7570543fad73/build]   | Running org.netpreserve.jwarc.MessageHeadersTest
[8931977a-24d4-4454-a3fb-7570543fad73/build]   | Tests run: 1, Failures: 0, Errors: 0, Skipped: 0, Time elapsed: 0.002 sec
[8931977a-24d4-4454-a3fb-7570543fad73/build]   | Running org.netpreserve.jwarc.HttpParserTest
[8931977a-24d4-4454-a3fb-7570543fad73/build]   | Tests run: 6, Failures: 0, Errors: 0, Skipped: 0, Time elapsed: 0.008 sec
[8931977a-24d4-4454-a3fb-7570543fad73/build]   | Running org.netpreserve.jwarc.WarcDigestTest
[8931977a-24d4-4454-a3fb-7570543fad73/build]   | Tests run: 10, Failures: 0, Errors: 0, Skipped: 0, Time elapsed: 0.023 sec
[8931977a-24d4-4454-a3fb-7570543fad73/build]   | Running org.netpreserve.jwarc.WarcRecordTest
[8931977a-24d4-4454-a3fb-7570543fad73/build]   | Tests run: 2, Failures: 0, Errors: 0, Skipped: 0, Time elapsed: 0.016 sec
[8931977a-24d4-4454-a3fb-7570543fad73/build]   | Running org.netpreserve.jwarc.WarcTargetRecordTest
[8931977a-24d4-4454-a3fb-7570543fad73/build]   | Tests run: 2, Failures: 0, Errors: 0, Skipped: 0, Time elapsed: 0.003 sec
[8931977a-24d4-4454-a3fb-7570543fad73/build]   | Running org.netpreserve.jwarc.ChunkedBodyTest
[8931977a-24d4-4454-a3fb-7570543fad73/build]   | Tests run: 6, Failures: 0, Errors: 0, Skipped: 0, Time elapsed: 0.006 sec
[8931977a-24d4-4454-a3fb-7570543fad73/build]   | Running org.netpreserve.jwarc.apitests.WarcConversionTest
[8931977a-24d4-4454-a3fb-7570543fad73/build]   | Tests run: 2, Failures: 0, Errors: 0, Skipped: 0, Time elapsed: 0.016 sec
[8931977a-24d4-4454-a3fb-7570543fad73/build]   | Running org.netpreserve.jwarc.apitests.WarcResponseTest
[8931977a-24d4-4454-a3fb-7570543fad73/build]   | Tests run: 6, Failures: 0, Errors: 0, Skipped: 0, Time elapsed: 0.02 sec
[8931977a-24d4-4454-a3fb-7570543fad73/build]   | Running org.netpreserve.jwarc.apitests.WarcRevisitTest
[8931977a-24d4-4454-a3fb-7570543fad73/build]   | Tests run: 3, Failures: 0, Errors: 0, Skipped: 0, Time elapsed: 0.009 sec
[8931977a-24d4-4454-a3fb-7570543fad73/build]   | Running org.netpreserve.jwarc.apitests.WarcinfoTest
[8931977a-24d4-4454-a3fb-7570543fad73/build]   | Tests run: 2, Failures: 0, Errors: 0, Skipped: 0, Time elapsed: 0.008 sec
[8931977a-24d4-4454-a3fb-7570543fad73/build]   | Running org.netpreserve.jwarc.apitests.WarcResourceTest
[8931977a-24d4-4454-a3fb-7570543fad73/build]   | Tests run: 1, Failures: 0, Errors: 0, Skipped: 0, Time elapsed: 0.004 sec
[8931977a-24d4-4454-a3fb-7570543fad73/build]   | Running org.netpreserve.jwarc.apitests.MessageVersionTest
[8931977a-24d4-4454-a3fb-7570543fad73/build]   | Tests run: 1, Failures: 0, Errors: 0, Skipped: 0, Time elapsed: 0.004 sec
[8931977a-24d4-4454-a3fb-7570543fad73/build]   | Running org.netpreserve.jwarc.apitests.MediaTypeTest
[8931977a-24d4-4454-a3fb-7570543fad73/build]   | Tests run: 1, Failures: 0, Errors: 0, Skipped: 0, Time elapsed: 0 sec
[8931977a-24d4-4454-a3fb-7570543fad73/build]   | Running org.netpreserve.jwarc.apitests.WarcWriterTest
[8931977a-24d4-4454-a3fb-7570543fad73/build]   | Tests run: 2, Failures: 0, Errors: 0, Skipped: 0, Time elapsed: 0.263 sec
[8931977a-24d4-4454-a3fb-7570543fad73/build]   | Running org.netpreserve.jwarc.apitests.WarcFilterTest
[8931977a-24d4-4454-a3fb-7570543fad73/build]   | Tests run: 1, Failures: 0, Errors: 0, Skipped: 0, Time elapsed: 0.021 sec
[8931977a-24d4-4454-a3fb-7570543fad73/build]   | Running org.netpreserve.jwarc.apitests.ArcTest
[8931977a-24d4-4454-a3fb-7570543fad73/build]   | Tests run: 1, Failures: 0, Errors: 0, Skipped: 0, Time elapsed: 0.004 sec
[8931977a-24d4-4454-a3fb-7570543fad73/build]   | Running org.netpreserve.jwarc.apitests.WarcContinuationTest
[8931977a-24d4-4454-a3fb-7570543fad73/build]   | Tests run: 2, Failures: 0, Errors: 0, Skipped: 0, Time elapsed: 0.006 sec
[8931977a-24d4-4454-a3fb-7570543fad73/build]   | Running org.netpreserve.jwarc.apitests.WarcReaderTest
[8931977a-24d4-4454-a3fb-7570543fad73/build]   | Failed testing pre-populated buffer of 284 bytes length
[8931977a-24d4-4454-a3fb-7570543fad73/build]   | Tests run: 9, Failures: 0, Errors: 0, Skipped: 1, Time elapsed: 0.883 sec
[8931977a-24d4-4454-a3fb-7570543fad73/build]   | Running org.netpreserve.jwarc.apitests.WarcRequestTest
[8931977a-24d4-4454-a3fb-7570543fad73/build]   | Tests run: 4, Failures: 0, Errors: 0, Skipped: 0, Time elapsed: 0.031 sec
[8931977a-24d4-4454-a3fb-7570543fad73/build]   | Running org.netpreserve.jwarc.apitests.WarcMetadataTest
[8931977a-24d4-4454-a3fb-7570543fad73/build]   | Tests run: 2, Failures: 0, Errors: 0, Skipped: 0, Time elapsed: 0.005 sec
[8931977a-24d4-4454-a3fb-7570543fad73/build]   | Running org.netpreserve.jwarc.WarcParserTest
[8931977a-24d4-4454-a3fb-7570543fad73/build]   | Tests run: 1, Failures: 1, Errors: 0, Skipped: 0, Time elapsed: 0.014 sec <<< FAILURE!
[8931977a-24d4-4454-a3fb-7570543fad73/build]   | testParsingArcWithBogusMime(org.netpreserve.jwarc.WarcParserTest)  Time elapsed: 0.01 sec  <<< FAILURE!
[8931977a-24d4-4454-a3fb-7570543fad73/build]   | java.lang.AssertionError: expected:<Optional[494]> but was:<Optional[charset494]>
[8931977a-24d4-4454-a3fb-7570543fad73/build]   | 	at org.junit.Assert.fail(Assert.java:89)
[8931977a-24d4-4454-a3fb-7570543fad73/build]   | 	at org.junit.Assert.failNotEquals(Assert.java:835)
[8931977a-24d4-4454-a3fb-7570543fad73/build]   | 	at org.junit.Assert.assertEquals(Assert.java:120)
[8931977a-24d4-4454-a3fb-7570543fad73/build]   | 	at org.junit.Assert.assertEquals(Assert.java:146)
[8931977a-24d4-4454-a3fb-7570543fad73/build]   | 	at org.netpreserve.jwarc.WarcParserTest.testParsingArcWithBogusMime(WarcParserTest.java:17)
[8931977a-24d4-4454-a3fb-7570543fad73/build]   | 	at java.base/jdk.internal.reflect.NativeMethodAccessorImpl.invoke0(Native Method)
[8931977a-24d4-4454-a3fb-7570543fad73/build]   | 	at java.base/jdk.internal.reflect.NativeMethodAccessorImpl.invoke(NativeMethodAccessorImpl.java:62)
[8931977a-24d4-4454-a3fb-7570543fad73/build]   | 	at java.base/jdk.internal.reflect.DelegatingMethodAccessorImpl.invoke(DelegatingMethodAccessorImpl.java:43)
[8931977a-24d4-4454-a3fb-7570543fad73/build]   | 	at java.base/java.lang.reflect.Method.invoke(Method.java:566)
[8931977a-24d4-4454-a3fb-7570543fad73/build]   | 	at org.junit.runners.model.FrameworkMethod$1.runReflectiveCall(FrameworkMethod.java:59)
[8931977a-24d4-4454-a3fb-7570543fad73/build]   | 	at org.junit.internal.runners.model.ReflectiveCallable.run(ReflectiveCallable.java:12)
[8931977a-24d4-4454-a3fb-7570543fad73/build]   | 	at org.junit.runners.model.FrameworkMethod.invokeExplosively(FrameworkMethod.java:56)
[8931977a-24d4-4454-a3fb-7570543fad73/build]   | 	at org.junit.internal.runners.statements.InvokeMethod.evaluate(InvokeMethod.java:17)
[8931977a-24d4-4454-a3fb-7570543fad73/build]   | 	at org.junit.runners.ParentRunner$3.evaluate(ParentRunner.java:306)
[8931977a-24d4-4454-a3fb-7570543fad73/build]   | 	at org.junit.runners.BlockJUnit4ClassRunner$1.evaluate(BlockJUnit4ClassRunner.java:100)
[8931977a-24d4-4454-a3fb-7570543fad73/build]   | 	at org.junit.runners.ParentRunner.runLeaf(ParentRunner.java:366)
[8931977a-24d4-4454-a3fb-7570543fad73/build]   | 	at org.junit.runners.BlockJUnit4ClassRunner.runChild(BlockJUnit4ClassRunner.java:103)
[8931977a-24d4-4454-a3fb-7570543fad73/build]   | 	at org.junit.runners.BlockJUnit4ClassRunner.runChild(BlockJUnit4ClassRunner.java:63)
[8931977a-24d4-4454-a3fb-7570543fad73/build]   | 	at org.junit.runners.ParentRunner$4.run(ParentRunner.java:331)
[8931977a-24d4-4454-a3fb-7570543fad73/build]   | 	at org.junit.runners.ParentRunner$1.schedule(ParentRunner.java:79)
[8931977a-24d4-4454-a3fb-7570543fad73/build]   | 	at org.junit.runners.ParentRunner.runChildren(ParentRunner.java:329)
[8931977a-24d4-4454-a3fb-7570543fad73/build]   | 	at org.junit.runners.ParentRunner.access$100(ParentRunner.java:66)
[8931977a-24d4-4454-a3fb-7570543fad73/build]   | 	at org.junit.runners.ParentRunner$2.evaluate(ParentRunner.java:293)
[8931977a-24d4-4454-a3fb-7570543fad73/build]   | 	at org.junit.runners.ParentRunner$3.evaluate(ParentRunner.java:306)
[8931977a-24d4-4454-a3fb-7570543fad73/build]   | 	at org.junit.runners.ParentRunner.run(ParentRunner.java:413)
[8931977a-24d4-4454-a3fb-7570543fad73/build]   | 	at org.apache.maven.surefire.junit4.JUnit4Provider.execute(JUnit4Provider.java:252)
[8931977a-24d4-4454-a3fb-7570543fad73/build]   | 	at org.apache.maven.surefire.junit4.JUnit4Provider.executeTestSet(JUnit4Provider.java:141)
[8931977a-24d4-4454-a3fb-7570543fad73/build]   | 	at org.apache.maven.surefire.junit4.JUnit4Provider.invoke(JUnit4Provider.java:112)
[8931977a-24d4-4454-a3fb-7570543fad73/build]   | 	at java.base/jdk.internal.reflect.NativeMethodAccessorImpl.invoke0(Native Method)
[8931977a-24d4-4454-a3fb-7570543fad73/build]   | 	at java.base/jdk.internal.reflect.NativeMethodAccessorImpl.invoke(NativeMethodAccessorImpl.java:62)
[8931977a-24d4-4454-a3fb-7570543fad73/build]   | 	at java.base/jdk.internal.reflect.DelegatingMethodAccessorImpl.invoke(DelegatingMethodAccessorImpl.java:43)
[8931977a-24d4-4454-a3fb-7570543fad73/build]   | 	at java.base/java.lang.reflect.Method.invoke(Method.java:566)
[8931977a-24d4-4454-a3fb-7570543fad73/build]   | 	at org.apache.maven.surefire.util.ReflectionUtils.invokeMethodWithArray(ReflectionUtils.java:189)
[8931977a-24d4-4454-a3fb-7570543fad73/build]   | 	at org.apache.maven.surefire.booter.ProviderFactory$ProviderProxy.invoke(ProviderFactory.java:165)
[8931977a-24d4-4454-a3fb-7570543fad73/build]   | 	at org.apache.maven.surefire.booter.ProviderFactory.invokeProvider(ProviderFactory.java:85)
[8931977a-24d4-4454-a3fb-7570543fad73/build]   | 	at org.apache.maven.surefire.booter.ForkedBooter.runSuitesInProcess(ForkedBooter.java:115)
[8931977a-24d4-4454-a3fb-7570543fad73/build]   | 	at org.apache.maven.surefire.booter.ForkedBooter.main(ForkedBooter.java:75)
[8931977a-24d4-4454-a3fb-7570543fad73/build]   | 
[8931977a-24d4-4454-a3fb-7570543fad73/build]   | Running org.netpreserve.jwarc.GunzipChannelTest
[8931977a-24d4-4454-a3fb-7570543fad73/build]   | Tests run: 6, Failures: 0, Errors: 0, Skipped: 1, Time elapsed: 0 sec
[8931977a-24d4-4454-a3fb-7570543fad73/build]   | Running org.netpreserve.jwarc.cdx.CdxFormatTest
[8931977a-24d4-4454-a3fb-7570543fad73/build]   | Tests run: 4, Failures: 0, Errors: 0, Skipped: 0, Time elapsed: 0.008 sec
[8931977a-24d4-4454-a3fb-7570543fad73/build]   | Running org.netpreserve.jwarc.cdx.JsonTokenizerTest
[8931977a-24d4-4454-a3fb-7570543fad73/build]   | Tests run: 1, Failures: 0, Errors: 0, Skipped: 0, Time elapsed: 0.008 sec
[8931977a-24d4-4454-a3fb-7570543fad73/build]   | Running org.netpreserve.jwarc.cdx.CdxReaderTest
[8931977a-24d4-4454-a3fb-7570543fad73/build]   | Tests run: 1, Failures: 0, Errors: 0, Skipped: 0, Time elapsed: 0.01 sec
[8931977a-24d4-4454-a3fb-7570543fad73/build]   | Running org.netpreserve.jwarc.cdx.CdxRequestEncoderTest
[8931977a-24d4-4454-a3fb-7570543fad73/build]   | Tests run: 2, Failures: 0, Errors: 0, Skipped: 1, Time elapsed: 0.039 sec
[8931977a-24d4-4454-a3fb-7570543fad73/build]   | Running org.netpreserve.jwarc.cdx.CdxWriterTest
[8931977a-24d4-4454-a3fb-7570543fad73/build]   | Tests run: 1, Failures: 0, Errors: 0, Skipped: 0, Time elapsed: 0.017 sec
[8931977a-24d4-4454-a3fb-7570543fad73/build]   | 
[8931977a-24d4-4454-a3fb-7570543fad73/build]   | Results :
[8931977a-24d4-4454-a3fb-7570543fad73/build]   | 
[8931977a-24d4-4454-a3fb-7570543fad73/build]   | Failed tests:   testParsingArcWithBogusMime(org.netpreserve.jwarc.WarcParserTest): expected:<Optional[494]> but was:<Optional[charset494]>
[8931977a-24d4-4454-a3fb-7570543fad73/build]   | 
[8931977a-24d4-4454-a3fb-7570543fad73/build]   | Tests run: 90, Failures: 1, Errors: 0, Skipped: 3
[8931977a-24d4-4454-a3fb-7570543fad73/build]   | 
[8931977a-24d4-4454-a3fb-7570543fad73/build]   | [INFO] ------------------------------------------------------------------------
[8931977a-24d4-4454-a3fb-7570543fad73/build]   | [INFO] BUILD FAILURE
[8931977a-24d4-4454-a3fb-7570543fad73/build]   | [INFO] ------------------------------------------------------------------------
[8931977a-24d4-4454-a3fb-7570543fad73/build]   | [INFO] Total time:  12.592 s
[8931977a-24d4-4454-a3fb-7570543fad73/build]   | [INFO] Finished at: 2023-11-24T13:59:18Z
[8931977a-24d4-4454-a3fb-7570543fad73/build]   | [INFO] ------------------------------------------------------------------------
[8931977a-24d4-4454-a3fb-7570543fad73/build]   | [ERROR] Failed to execute goal org.apache.maven.plugins:maven-surefire-plugin:2.12.4:test (default-test) on project jwarc: There are test failures.
[8931977a-24d4-4454-a3fb-7570543fad73/build]   | [ERROR] 
[8931977a-24d4-4454-a3fb-7570543fad73/build]   | [ERROR] Please refer to /tmp/edbb904f-deac-4494-ba55-bf0baa0a075a/target/surefire-reports for the individual test results.
[8931977a-24d4-4454-a3fb-7570543fad73/build]   | [ERROR] -> [Help 1]
[8931977a-24d4-4454-a3fb-7570543fad73/build]   | [ERROR] 
[8931977a-24d4-4454-a3fb-7570543fad73/build]   | [ERROR] To see the full stack trace of the errors, re-run Maven with the -e switch.
[8931977a-24d4-4454-a3fb-7570543fad73/build]   | [ERROR] Re-run Maven using the -X switch to enable full debug logging.
[8931977a-24d4-4454-a3fb-7570543fad73/build]   | [ERROR] 
[8931977a-24d4-4454-a3fb-7570543fad73/build]   | [ERROR] For more information about the errors and possible solutions, please read the following articles:
[8931977a-24d4-4454-a3fb-7570543fad73/build]   | [ERROR] [Help 1] http://cwiki.apache.org/confluence/display/MAVEN/MojoFailureException
[8931977a-24d4-4454-a3fb-7570543fad73/build]   ❌  Failure - Main Build with Maven
[8931977a-24d4-4454-a3fb-7570543fad73/build] exitcode '1': failure
[8931977a-24d4-4454-a3fb-7570543fad73/build] ⭐ Run Post Set up JDK 11
[8931977a-24d4-4454-a3fb-7570543fad73/build]   🐳  docker exec cmd=[node /var/run/act/actions/actions-setup-java@v2/dist/cleanup/index.js] user= workdir=
[8931977a-24d4-4454-a3fb-7570543fad73/build]   ✅  Success - Post Set up JDK 11
[8931977a-24d4-4454-a3fb-7570543fad73/build] 🏁  Job failed
