[ceaf2bf3-2042-49fb-b7c5-c4f7a83cd78f/Java 1.8 NoCommons] üöÄ  Start image=crawlergpt:latest
[ceaf2bf3-2042-49fb-b7c5-c4f7a83cd78f/Java 1.8 NoCommons]   üê≥  docker pull image=crawlergpt:latest platform= username= forcePull=false
[ceaf2bf3-2042-49fb-b7c5-c4f7a83cd78f/Java 1.8 NoCommons]   üê≥  docker create image=crawlergpt:latest platform= entrypoint=["tail" "-f" "/dev/null"] cmd=[]
[ceaf2bf3-2042-49fb-b7c5-c4f7a83cd78f/Java 1.8 NoCommons]   üê≥  docker run image=crawlergpt:latest platform= entrypoint=["tail" "-f" "/dev/null"] cmd=[]
[ceaf2bf3-2042-49fb-b7c5-c4f7a83cd78f/Java 1.8 NoCommons]   üê≥  docker exec cmd=[chown -R 1012:1013 /tmp/58b58a8a-be47-4b44-83f6-c1341a387eee] user=0 workdir=
[ceaf2bf3-2042-49fb-b7c5-c4f7a83cd78f/Java 1.8 NoCommons] unable to get git ref: failed to identify reference (tag/branch) for the checked-out revision '24714934413a10d710934bcfcd45898aee777022'
[ceaf2bf3-2042-49fb-b7c5-c4f7a83cd78f/Java 1.8 NoCommons] unable to get git ref: failed to identify reference (tag/branch) for the checked-out revision '24714934413a10d710934bcfcd45898aee777022'
[ceaf2bf3-2042-49fb-b7c5-c4f7a83cd78f/Java 1.8 NoCommons] unable to get git ref: failed to identify reference (tag/branch) for the checked-out revision '24714934413a10d710934bcfcd45898aee777022'
[ceaf2bf3-2042-49fb-b7c5-c4f7a83cd78f/Java 1.8 NoCommons] üß™  Matrix: map[java:1.8]
[ceaf2bf3-2042-49fb-b7c5-c4f7a83cd78f/Java 1.8 NoCommons] unable to get git ref: failed to identify reference (tag/branch) for the checked-out revision '24714934413a10d710934bcfcd45898aee777022'
[ceaf2bf3-2042-49fb-b7c5-c4f7a83cd78f/Java 1.8 NoCommons] unable to get git ref: failed to identify reference (tag/branch) for the checked-out revision '24714934413a10d710934bcfcd45898aee777022'
[ceaf2bf3-2042-49fb-b7c5-c4f7a83cd78f/Java 1.8 NoCommons] unable to get git ref: failed to identify reference (tag/branch) for the checked-out revision '24714934413a10d710934bcfcd45898aee777022'
[ceaf2bf3-2042-49fb-b7c5-c4f7a83cd78f/Java 1.8 NoCommons] unable to get git ref: failed to identify reference (tag/branch) for the checked-out revision '24714934413a10d710934bcfcd45898aee777022'
[ceaf2bf3-2042-49fb-b7c5-c4f7a83cd78f/Java 1.8 NoCommons] unable to get git ref: failed to identify reference (tag/branch) for the checked-out revision '24714934413a10d710934bcfcd45898aee777022'
[ceaf2bf3-2042-49fb-b7c5-c4f7a83cd78f/Java 1.8 NoCommons] unable to get git ref: failed to identify reference (tag/branch) for the checked-out revision '24714934413a10d710934bcfcd45898aee777022'
[ceaf2bf3-2042-49fb-b7c5-c4f7a83cd78f/Java 1.8 NoCommons] ‚≠ê Run Main actions/checkout@v1
[ceaf2bf3-2042-49fb-b7c5-c4f7a83cd78f/Java 1.8 NoCommons] unable to get git ref: failed to identify reference (tag/branch) for the checked-out revision '24714934413a10d710934bcfcd45898aee777022'
[ceaf2bf3-2042-49fb-b7c5-c4f7a83cd78f/Java 1.8 NoCommons]   ‚úÖ  Success - Main actions/checkout@v1
[ceaf2bf3-2042-49fb-b7c5-c4f7a83cd78f/Java 1.8 NoCommons] unable to get git ref: failed to identify reference (tag/branch) for the checked-out revision '24714934413a10d710934bcfcd45898aee777022'
[ceaf2bf3-2042-49fb-b7c5-c4f7a83cd78f/Java 1.8 NoCommons] unable to get git ref: failed to identify reference (tag/branch) for the checked-out revision '24714934413a10d710934bcfcd45898aee777022'
[ceaf2bf3-2042-49fb-b7c5-c4f7a83cd78f/Java 1.8 NoCommons] unable to get git ref: failed to identify reference (tag/branch) for the checked-out revision '24714934413a10d710934bcfcd45898aee777022'
[ceaf2bf3-2042-49fb-b7c5-c4f7a83cd78f/Java 1.8 NoCommons] unable to get git ref: failed to identify reference (tag/branch) for the checked-out revision '24714934413a10d710934bcfcd45898aee777022'
[ceaf2bf3-2042-49fb-b7c5-c4f7a83cd78f/Java 1.8 NoCommons] unable to get git ref: failed to identify reference (tag/branch) for the checked-out revision '24714934413a10d710934bcfcd45898aee777022'
[ceaf2bf3-2042-49fb-b7c5-c4f7a83cd78f/Java 1.8 NoCommons] ‚≠ê Run Main Set up java
[ceaf2bf3-2042-49fb-b7c5-c4f7a83cd78f/Java 1.8 NoCommons] unable to get git ref: failed to identify reference (tag/branch) for the checked-out revision '24714934413a10d710934bcfcd45898aee777022'
[ceaf2bf3-2042-49fb-b7c5-c4f7a83cd78f/Java 1.8 NoCommons] unable to get git ref: failed to identify reference (tag/branch) for the checked-out revision '24714934413a10d710934bcfcd45898aee777022'
[ceaf2bf3-2042-49fb-b7c5-c4f7a83cd78f/Java 1.8 NoCommons] unable to get git ref: failed to identify reference (tag/branch) for the checked-out revision '24714934413a10d710934bcfcd45898aee777022'
[ceaf2bf3-2042-49fb-b7c5-c4f7a83cd78f/Java 1.8 NoCommons]   üê≥  docker cp src=/tmp/act-cache/43347392-7f7c-452c-b6d5-8e81a970fb15/act/actions-setup-java@v1/ dst=/var/run/act/actions/actions-setup-java@v1/
[ceaf2bf3-2042-49fb-b7c5-c4f7a83cd78f/Java 1.8 NoCommons]   üê≥  docker exec cmd=[chown -R 1012:1013 /var/run/act/actions/actions-setup-java@v1/] user=0 workdir=
[ceaf2bf3-2042-49fb-b7c5-c4f7a83cd78f/Java 1.8 NoCommons]   üê≥  docker exec cmd=[node /var/run/act/actions/actions-setup-java@v1/dist/setup/index.js] user= workdir=
[ceaf2bf3-2042-49fb-b7c5-c4f7a83cd78f/Java 1.8 NoCommons]   üí¨  ::debug::isExplicit: 
[ceaf2bf3-2042-49fb-b7c5-c4f7a83cd78f/Java 1.8 NoCommons]   üí¨  ::debug::explicit? false
[ceaf2bf3-2042-49fb-b7c5-c4f7a83cd78f/Java 1.8 NoCommons]   üí¨  ::debug::evaluating 0 versions
[ceaf2bf3-2042-49fb-b7c5-c4f7a83cd78f/Java 1.8 NoCommons]   üí¨  ::debug::match not found
[ceaf2bf3-2042-49fb-b7c5-c4f7a83cd78f/Java 1.8 NoCommons]   üí¨  ::debug::Downloading JDK from Azul
[ceaf2bf3-2042-49fb-b7c5-c4f7a83cd78f/Java 1.8 NoCommons]   üí¨  ::debug::Searching for files with extension: -linux_x64.tar.gz
[ceaf2bf3-2042-49fb-b7c5-c4f7a83cd78f/Java 1.8 NoCommons]   üí¨  ::debug::Downloading https://static.azul.com/zulu/bin/zulu8.70.0.23-ca-jdk8.0.372-linux_x64.tar.gz
[ceaf2bf3-2042-49fb-b7c5-c4f7a83cd78f/Java 1.8 NoCommons]   üí¨  ::debug::Downloading /tmp/81350d0a-2315-489a-9f7a-ff304f101ffe
[ceaf2bf3-2042-49fb-b7c5-c4f7a83cd78f/Java 1.8 NoCommons]   üí¨  ::debug::download complete
[ceaf2bf3-2042-49fb-b7c5-c4f7a83cd78f/Java 1.8 NoCommons]   | [command]/usr/bin/tar --version
[ceaf2bf3-2042-49fb-b7c5-c4f7a83cd78f/Java 1.8 NoCommons]   | tar (GNU tar) 1.30
[ceaf2bf3-2042-49fb-b7c5-c4f7a83cd78f/Java 1.8 NoCommons]   | Copyright (C) 2017 Free Software Foundation, Inc.
[ceaf2bf3-2042-49fb-b7c5-c4f7a83cd78f/Java 1.8 NoCommons]   | License GPLv3+: GNU GPL version 3 or later <https://gnu.org/licenses/gpl.html>.
[ceaf2bf3-2042-49fb-b7c5-c4f7a83cd78f/Java 1.8 NoCommons]   | This is free software: you are free to change and redistribute it.
[ceaf2bf3-2042-49fb-b7c5-c4f7a83cd78f/Java 1.8 NoCommons]   | There is NO WARRANTY, to the extent permitted by law.
[ceaf2bf3-2042-49fb-b7c5-c4f7a83cd78f/Java 1.8 NoCommons]   | 
[ceaf2bf3-2042-49fb-b7c5-c4f7a83cd78f/Java 1.8 NoCommons]   | Written by John Gilmore and Jay Fenlason.
[ceaf2bf3-2042-49fb-b7c5-c4f7a83cd78f/Java 1.8 NoCommons]   | [command]/usr/bin/tar xz --warning=no-unknown-keyword -C /tmp/temp_1685730992 -f /tmp/81350d0a-2315-489a-9f7a-ff304f101ffe
[ceaf2bf3-2042-49fb-b7c5-c4f7a83cd78f/Java 1.8 NoCommons]   üí¨  ::debug::jdk extracted to /tmp/temp_1685730992/zulu8.70.0.23-ca-jdk8.0.372-linux_x64
[ceaf2bf3-2042-49fb-b7c5-c4f7a83cd78f/Java 1.8 NoCommons]   üí¨  ::debug::Caching tool jdk 8.0.372 x64
[ceaf2bf3-2042-49fb-b7c5-c4f7a83cd78f/Java 1.8 NoCommons]   üí¨  ::debug::source dir: /tmp/temp_1685730992/zulu8.70.0.23-ca-jdk8.0.372-linux_x64
[ceaf2bf3-2042-49fb-b7c5-c4f7a83cd78f/Java 1.8 NoCommons]   üí¨  ::debug::destination /opt/hostedtoolcache/jdk/8.0.372/x64
[ceaf2bf3-2042-49fb-b7c5-c4f7a83cd78f/Java 1.8 NoCommons]   üí¨  ::debug::finished caching tool
[ceaf2bf3-2042-49fb-b7c5-c4f7a83cd78f/Java 1.8 NoCommons]   ‚ùì add-matcher /run/act/actions/actions-setup-java@v1/.github/java.json
[ceaf2bf3-2042-49fb-b7c5-c4f7a83cd78f/Java 1.8 NoCommons]   | creating settings.xml with server-id: github; environment variables: username=$GITHUB_ACTOR, password=$GITHUB_TOKEN, and gpg-passphrase=null
[ceaf2bf3-2042-49fb-b7c5-c4f7a83cd78f/Java 1.8 NoCommons]   üí¨  ::debug::created directory /home/runneradmin/.m2
[ceaf2bf3-2042-49fb-b7c5-c4f7a83cd78f/Java 1.8 NoCommons]   | writing /home/runneradmin/.m2/settings.xml
[ceaf2bf3-2042-49fb-b7c5-c4f7a83cd78f/Java 1.8 NoCommons]   ‚úÖ  Success - Main Set up java
[ceaf2bf3-2042-49fb-b7c5-c4f7a83cd78f/Java 1.8 NoCommons]   ‚öô  ::set-env:: JAVA_HOME_8.0.372_x64=/opt/hostedtoolcache/jdk/8.0.372/x64
[ceaf2bf3-2042-49fb-b7c5-c4f7a83cd78f/Java 1.8 NoCommons]   ‚öô  ::set-env:: JAVA_HOME=/opt/hostedtoolcache/jdk/8.0.372/x64
[ceaf2bf3-2042-49fb-b7c5-c4f7a83cd78f/Java 1.8 NoCommons]   ‚öô  ::set-env:: JAVA_HOME_8_0_372_X64=/opt/hostedtoolcache/jdk/8.0.372/x64
[ceaf2bf3-2042-49fb-b7c5-c4f7a83cd78f/Java 1.8 NoCommons]   ‚öô  ::set-output:: path=/opt/hostedtoolcache/jdk/8.0.372/x64
[ceaf2bf3-2042-49fb-b7c5-c4f7a83cd78f/Java 1.8 NoCommons]   ‚öô  ::set-output:: version=8.0.372
[ceaf2bf3-2042-49fb-b7c5-c4f7a83cd78f/Java 1.8 NoCommons]   ‚öô  ::add-path:: /opt/hostedtoolcache/jdk/8.0.372/x64/bin
[ceaf2bf3-2042-49fb-b7c5-c4f7a83cd78f/Java 1.8 NoCommons] unable to get git ref: failed to identify reference (tag/branch) for the checked-out revision '24714934413a10d710934bcfcd45898aee777022'
[ceaf2bf3-2042-49fb-b7c5-c4f7a83cd78f/Java 1.8 NoCommons] unable to get git ref: failed to identify reference (tag/branch) for the checked-out revision '24714934413a10d710934bcfcd45898aee777022'
[ceaf2bf3-2042-49fb-b7c5-c4f7a83cd78f/Java 1.8 NoCommons] unable to get git ref: failed to identify reference (tag/branch) for the checked-out revision '24714934413a10d710934bcfcd45898aee777022'
[ceaf2bf3-2042-49fb-b7c5-c4f7a83cd78f/Java 1.8 NoCommons] unable to get git ref: failed to identify reference (tag/branch) for the checked-out revision '24714934413a10d710934bcfcd45898aee777022'
[ceaf2bf3-2042-49fb-b7c5-c4f7a83cd78f/Java 1.8 NoCommons] unable to get git ref: failed to identify reference (tag/branch) for the checked-out revision '24714934413a10d710934bcfcd45898aee777022'
[ceaf2bf3-2042-49fb-b7c5-c4f7a83cd78f/Java 1.8 NoCommons] ‚≠ê Run Main Build with Maven
[ceaf2bf3-2042-49fb-b7c5-c4f7a83cd78f/Java 1.8 NoCommons] unable to get git ref: failed to identify reference (tag/branch) for the checked-out revision '24714934413a10d710934bcfcd45898aee777022'
[ceaf2bf3-2042-49fb-b7c5-c4f7a83cd78f/Java 1.8 NoCommons] unable to get git ref: failed to identify reference (tag/branch) for the checked-out revision '24714934413a10d710934bcfcd45898aee777022'
[ceaf2bf3-2042-49fb-b7c5-c4f7a83cd78f/Java 1.8 NoCommons] unable to get git ref: failed to identify reference (tag/branch) for the checked-out revision '24714934413a10d710934bcfcd45898aee777022'
[ceaf2bf3-2042-49fb-b7c5-c4f7a83cd78f/Java 1.8 NoCommons] unable to get git ref: failed to identify reference (tag/branch) for the checked-out revision '24714934413a10d710934bcfcd45898aee777022'
[ceaf2bf3-2042-49fb-b7c5-c4f7a83cd78f/Java 1.8 NoCommons]   üê≥  docker exec cmd=[bash --noprofile --norc -e -o pipefail /var/run/act/workflow/2] user= workdir=
[ceaf2bf3-2042-49fb-b7c5-c4f7a83cd78f/Java 1.8 NoCommons]   | [INFO] Scanning for projects...
[ceaf2bf3-2042-49fb-b7c5-c4f7a83cd78f/Java 1.8 NoCommons]   | [INFO] Downloading from central: https://repo.maven.apache.org/maven2/org/sonatype/oss/oss-parent/7/oss-parent-7.pom
[ceaf2bf3-2042-49fb-b7c5-c4f7a83cd78f/Java 1.8 NoCommons]   | [INFO] Downloaded from central: https://repo.maven.apache.org/maven2/org/sonatype/oss/oss-parent/7/oss-parent-7.pom (4.8 kB at 3.3 kB/s)
[ceaf2bf3-2042-49fb-b7c5-c4f7a83cd78f/Java 1.8 NoCommons]   | [WARNING] 
[ceaf2bf3-2042-49fb-b7c5-c4f7a83cd78f/Java 1.8 NoCommons]   | [WARNING] Some problems were encountered while building the effective model for no.bekk.bekkopen:nocommons:jar:0.6-SNAPSHOT
[ceaf2bf3-2042-49fb-b7c5-c4f7a83cd78f/Java 1.8 NoCommons]   | [WARNING] Reporting configuration should be done in <reporting> section, not in maven-site-plugin <configuration> as reportPlugins parameter. @ line 143, column 21
[ceaf2bf3-2042-49fb-b7c5-c4f7a83cd78f/Java 1.8 NoCommons]   | [WARNING] 
[ceaf2bf3-2042-49fb-b7c5-c4f7a83cd78f/Java 1.8 NoCommons]   | [WARNING] It is highly recommended to fix these problems because they threaten the stability of your build.
[ceaf2bf3-2042-49fb-b7c5-c4f7a83cd78f/Java 1.8 NoCommons]   | [WARNING] 
[ceaf2bf3-2042-49fb-b7c5-c4f7a83cd78f/Java 1.8 NoCommons]   | [WARNING] For this reason, future Maven versions might no longer support building such malformed projects.
[ceaf2bf3-2042-49fb-b7c5-c4f7a83cd78f/Java 1.8 NoCommons]   | [WARNING] 
[ceaf2bf3-2042-49fb-b7c5-c4f7a83cd78f/Java 1.8 NoCommons]   | [INFO] 
[ceaf2bf3-2042-49fb-b7c5-c4f7a83cd78f/Java 1.8 NoCommons]   | [INFO] ---------------------< no.bekk.bekkopen:nocommons >---------------------
[ceaf2bf3-2042-49fb-b7c5-c4f7a83cd78f/Java 1.8 NoCommons]   | [INFO] Building NoCommons 0.6-SNAPSHOT
[ceaf2bf3-2042-49fb-b7c5-c4f7a83cd78f/Java 1.8 NoCommons]   | [INFO] --------------------------------[ jar ]---------------------------------
[ceaf2bf3-2042-49fb-b7c5-c4f7a83cd78f/Java 1.8 NoCommons]   | [INFO] Downloading from central: https://repo.maven.apache.org/maven2/org/apache/maven/plugins/maven-enforcer-plugin/1.0/maven-enforcer-plugin-1.0.pom
[ceaf2bf3-2042-49fb-b7c5-c4f7a83cd78f/Java 1.8 NoCommons]   | [INFO] Downloaded from central: https://repo.maven.apache.org/maven2/org/apache/maven/plugins/maven-enforcer-plugin/1.0/maven-enforcer-plugin-1.0.pom (6.7 kB at 164 kB/s)
[ceaf2bf3-2042-49fb-b7c5-c4f7a83cd78f/Java 1.8 NoCommons]   | [INFO] Downloading from central: https://repo.maven.apache.org/maven2/org/apache/maven/enforcer/enforcer/1.0/enforcer-1.0.pom
[ceaf2bf3-2042-49fb-b7c5-c4f7a83cd78f/Java 1.8 NoCommons]   | [INFO] Downloaded from central: https://repo.maven.apache.org/maven2/org/apache/maven/enforcer/enforcer/1.0/enforcer-1.0.pom (12 kB at 262 kB/s)
[ceaf2bf3-2042-49fb-b7c5-c4f7a83cd78f/Java 1.8 NoCommons]   | [INFO] Downloading from central: https://repo.maven.apache.org/maven2/org/apache/maven/maven-parent/17/maven-parent-17.pom
[ceaf2bf3-2042-49fb-b7c5-c4f7a83cd78f/Java 1.8 NoCommons]   | [INFO] Downloaded from central: https://repo.maven.apache.org/maven2/org/apache/maven/maven-parent/17/maven-parent-17.pom (25 kB at 415 kB/s)
[ceaf2bf3-2042-49fb-b7c5-c4f7a83cd78f/Java 1.8 NoCommons]   | [INFO] Downloading from central: https://repo.maven.apache.org/maven2/org/apache/apache/7/apache-7.pom
[ceaf2bf3-2042-49fb-b7c5-c4f7a83cd78f/Java 1.8 NoCommons]   | [INFO] Downloaded from central: https://repo.maven.apache.org/maven2/org/apache/apache/7/apache-7.pom (14 kB at 627 kB/s)
[ceaf2bf3-2042-49fb-b7c5-c4f7a83cd78f/Java 1.8 NoCommons]   | [INFO] Downloading from central: https://repo.maven.apache.org/maven2/org/apache/maven/plugins/maven-enforcer-plugin/1.0/maven-enforcer-plugin-1.0.jar
[ceaf2bf3-2042-49fb-b7c5-c4f7a83cd78f/Java 1.8 NoCommons]   | [INFO] Downloaded from central: https://repo.maven.apache.org/maven2/org/apache/maven/plugins/maven-enforcer-plugin/1.0/maven-enforcer-plugin-1.0.jar (22 kB at 1.1 MB/s)
[ceaf2bf3-2042-49fb-b7c5-c4f7a83cd78f/Java 1.8 NoCommons]   | [INFO] Downloading from central: https://repo.maven.apache.org/maven2/org/apache/maven/plugins/maven-resources-plugin/2.6/maven-resources-plugin-2.6.pom
[ceaf2bf3-2042-49fb-b7c5-c4f7a83cd78f/Java 1.8 NoCommons]   | [INFO] Downloaded from central: https://repo.maven.apache.org/maven2/org/apache/maven/plugins/maven-resources-plugin/2.6/maven-resources-plugin-2.6.pom (8.1 kB at 580 kB/s)
[ceaf2bf3-2042-49fb-b7c5-c4f7a83cd78f/Java 1.8 NoCommons]   | [INFO] Downloading from central: https://repo.maven.apache.org/maven2/org/apache/maven/plugins/maven-plugins/23/maven-plugins-23.pom
[ceaf2bf3-2042-49fb-b7c5-c4f7a83cd78f/Java 1.8 NoCommons]   | [INFO] Downloaded from central: https://repo.maven.apache.org/maven2/org/apache/maven/plugins/maven-plugins/23/maven-plugins-23.pom (9.2 kB at 613 kB/s)
[ceaf2bf3-2042-49fb-b7c5-c4f7a83cd78f/Java 1.8 NoCommons]   | [INFO] Downloading from central: https://repo.maven.apache.org/maven2/org/apache/maven/maven-parent/22/maven-parent-22.pom
[ceaf2bf3-2042-49fb-b7c5-c4f7a83cd78f/Java 1.8 NoCommons]   | [INFO] Downloaded from central: https://repo.maven.apache.org/maven2/org/apache/maven/maven-parent/22/maven-parent-22.pom (30 kB at 2.0 MB/s)
[ceaf2bf3-2042-49fb-b7c5-c4f7a83cd78f/Java 1.8 NoCommons]   | [INFO] Downloading from central: https://repo.maven.apache.org/maven2/org/apache/apache/11/apache-11.pom
[ceaf2bf3-2042-49fb-b7c5-c4f7a83cd78f/Java 1.8 NoCommons]   | [INFO] Downloaded from central: https://repo.maven.apache.org/maven2/org/apache/apache/11/apache-11.pom (15 kB at 1.6 MB/s)
[ceaf2bf3-2042-49fb-b7c5-c4f7a83cd78f/Java 1.8 NoCommons]   | [INFO] Downloading from central: https://repo.maven.apache.org/maven2/org/apache/maven/plugins/maven-resources-plugin/2.6/maven-resources-plugin-2.6.jar
[ceaf2bf3-2042-49fb-b7c5-c4f7a83cd78f/Java 1.8 NoCommons]   | [INFO] Downloaded from central: https://repo.maven.apache.org/maven2/org/apache/maven/plugins/maven-resources-plugin/2.6/maven-resources-plugin-2.6.jar (30 kB at 1.5 MB/s)
[ceaf2bf3-2042-49fb-b7c5-c4f7a83cd78f/Java 1.8 NoCommons]   | [INFO] Downloading from central: https://repo.maven.apache.org/maven2/org/apache/maven/plugins/maven-compiler-plugin/2.3.2/maven-compiler-plugin-2.3.2.pom
[ceaf2bf3-2042-49fb-b7c5-c4f7a83cd78f/Java 1.8 NoCommons]   | [INFO] Downloaded from central: https://repo.maven.apache.org/maven2/org/apache/maven/plugins/maven-compiler-plugin/2.3.2/maven-compiler-plugin-2.3.2.pom (7.3 kB at 244 kB/s)
[ceaf2bf3-2042-49fb-b7c5-c4f7a83cd78f/Java 1.8 NoCommons]   | [INFO] Downloading from central: https://repo.maven.apache.org/maven2/org/apache/maven/plugins/maven-plugins/18/maven-plugins-18.pom
[ceaf2bf3-2042-49fb-b7c5-c4f7a83cd78f/Java 1.8 NoCommons]   | [INFO] Downloaded from central: https://repo.maven.apache.org/maven2/org/apache/maven/plugins/maven-plugins/18/maven-plugins-18.pom (13 kB at 289 kB/s)
[ceaf2bf3-2042-49fb-b7c5-c4f7a83cd78f/Java 1.8 NoCommons]   | [INFO] Downloading from central: https://repo.maven.apache.org/maven2/org/apache/maven/maven-parent/16/maven-parent-16.pom
[ceaf2bf3-2042-49fb-b7c5-c4f7a83cd78f/Java 1.8 NoCommons]   | [INFO] Downloaded from central: https://repo.maven.apache.org/maven2/org/apache/maven/maven-parent/16/maven-parent-16.pom (23 kB at 727 kB/s)
[ceaf2bf3-2042-49fb-b7c5-c4f7a83cd78f/Java 1.8 NoCommons]   | [INFO] Downloading from central: https://repo.maven.apache.org/maven2/org/apache/maven/plugins/maven-compiler-plugin/2.3.2/maven-compiler-plugin-2.3.2.jar
[ceaf2bf3-2042-49fb-b7c5-c4f7a83cd78f/Java 1.8 NoCommons]   | [INFO] Downloaded from central: https://repo.maven.apache.org/maven2/org/apache/maven/plugins/maven-compiler-plugin/2.3.2/maven-compiler-plugin-2.3.2.jar (29 kB at 2.7 MB/s)
[ceaf2bf3-2042-49fb-b7c5-c4f7a83cd78f/Java 1.8 NoCommons]   | [INFO] Downloading from central: https://repo.maven.apache.org/maven2/org/apache/maven/plugins/maven-surefire-plugin/2.6/maven-surefire-plugin-2.6.pom
[ceaf2bf3-2042-49fb-b7c5-c4f7a83cd78f/Java 1.8 NoCommons]   | [INFO] Downloaded from central: https://repo.maven.apache.org/maven2/org/apache/maven/plugins/maven-surefire-plugin/2.6/maven-surefire-plugin-2.6.pom (9.4 kB at 469 kB/s)
[ceaf2bf3-2042-49fb-b7c5-c4f7a83cd78f/Java 1.8 NoCommons]   | [INFO] Downloading from central: https://repo.maven.apache.org/maven2/org/apache/maven/surefire/surefire/2.6/surefire-2.6.pom
[ceaf2bf3-2042-49fb-b7c5-c4f7a83cd78f/Java 1.8 NoCommons]   | [INFO] Downloaded from central: https://repo.maven.apache.org/maven2/org/apache/maven/surefire/surefire/2.6/surefire-2.6.pom (8.8 kB at 553 kB/s)
[ceaf2bf3-2042-49fb-b7c5-c4f7a83cd78f/Java 1.8 NoCommons]   | [INFO] Downloading from central: https://repo.maven.apache.org/maven2/org/apache/maven/plugins/maven-surefire-plugin/2.6/maven-surefire-plugin-2.6.jar
[ceaf2bf3-2042-49fb-b7c5-c4f7a83cd78f/Java 1.8 NoCommons]   | [INFO] Downloaded from central: https://repo.maven.apache.org/maven2/org/apache/maven/plugins/maven-surefire-plugin/2.6/maven-surefire-plugin-2.6.jar (28 kB at 2.6 MB/s)
[ceaf2bf3-2042-49fb-b7c5-c4f7a83cd78f/Java 1.8 NoCommons]   | [INFO] Downloading from central: https://repo.maven.apache.org/maven2/org/apache/maven/plugins/maven-jar-plugin/2.4/maven-jar-plugin-2.4.pom
[ceaf2bf3-2042-49fb-b7c5-c4f7a83cd78f/Java 1.8 NoCommons]   | [INFO] Downloaded from central: https://repo.maven.apache.org/maven2/org/apache/maven/plugins/maven-jar-plugin/2.4/maven-jar-plugin-2.4.pom (5.8 kB at 292 kB/s)
[ceaf2bf3-2042-49fb-b7c5-c4f7a83cd78f/Java 1.8 NoCommons]   | [INFO] Downloading from central: https://repo.maven.apache.org/maven2/org/apache/maven/plugins/maven-plugins/22/maven-plugins-22.pom
[ceaf2bf3-2042-49fb-b7c5-c4f7a83cd78f/Java 1.8 NoCommons]   | [INFO] Downloaded from central: https://repo.maven.apache.org/maven2/org/apache/maven/plugins/maven-plugins/22/maven-plugins-22.pom (13 kB at 931 kB/s)
[ceaf2bf3-2042-49fb-b7c5-c4f7a83cd78f/Java 1.8 NoCommons]   | [INFO] Downloading from central: https://repo.maven.apache.org/maven2/org/apache/maven/maven-parent/21/maven-parent-21.pom
[ceaf2bf3-2042-49fb-b7c5-c4f7a83cd78f/Java 1.8 NoCommons]   | [INFO] Downloaded from central: https://repo.maven.apache.org/maven2/org/apache/maven/maven-parent/21/maven-parent-21.pom (26 kB at 1.0 MB/s)
[ceaf2bf3-2042-49fb-b7c5-c4f7a83cd78f/Java 1.8 NoCommons]   | [INFO] Downloading from central: https://repo.maven.apache.org/maven2/org/apache/apache/10/apache-10.pom
[ceaf2bf3-2042-49fb-b7c5-c4f7a83cd78f/Java 1.8 NoCommons]   | [INFO] Downloaded from central: https://repo.maven.apache.org/maven2/org/apache/apache/10/apache-10.pom (15 kB at 740 kB/s)
[ceaf2bf3-2042-49fb-b7c5-c4f7a83cd78f/Java 1.8 NoCommons]   | [INFO] Downloading from central: https://repo.maven.apache.org/maven2/org/apache/maven/plugins/maven-jar-plugin/2.4/maven-jar-plugin-2.4.jar
[ceaf2bf3-2042-49fb-b7c5-c4f7a83cd78f/Java 1.8 NoCommons]   | [INFO] Downloaded from central: https://repo.maven.apache.org/maven2/org/apache/maven/plugins/maven-jar-plugin/2.4/maven-jar-plugin-2.4.jar (34 kB at 2.0 MB/s)
[ceaf2bf3-2042-49fb-b7c5-c4f7a83cd78f/Java 1.8 NoCommons]   | [INFO] Downloading from central: https://repo.maven.apache.org/maven2/commons-io/commons-io/1.4/commons-io-1.4.pom
[ceaf2bf3-2042-49fb-b7c5-c4f7a83cd78f/Java 1.8 NoCommons]   | [INFO] Downloaded from central: https://repo.maven.apache.org/maven2/commons-io/commons-io/1.4/commons-io-1.4.pom (13 kB at 1.6 MB/s)
[ceaf2bf3-2042-49fb-b7c5-c4f7a83cd78f/Java 1.8 NoCommons]   | [INFO] Downloading from central: https://repo.maven.apache.org/maven2/org/apache/commons/commons-parent/7/commons-parent-7.pom
[ceaf2bf3-2042-49fb-b7c5-c4f7a83cd78f/Java 1.8 NoCommons]   | [INFO] Downloaded from central: https://repo.maven.apache.org/maven2/org/apache/commons/commons-parent/7/commons-parent-7.pom (17 kB at 1.6 MB/s)
[ceaf2bf3-2042-49fb-b7c5-c4f7a83cd78f/Java 1.8 NoCommons]   | [INFO] Downloading from central: https://repo.maven.apache.org/maven2/org/apache/apache/4/apache-4.pom
[ceaf2bf3-2042-49fb-b7c5-c4f7a83cd78f/Java 1.8 NoCommons]   | [INFO] Downloaded from central: https://repo.maven.apache.org/maven2/org/apache/apache/4/apache-4.pom (4.5 kB at 237 kB/s)
[ceaf2bf3-2042-49fb-b7c5-c4f7a83cd78f/Java 1.8 NoCommons]   | [INFO] Downloading from central: https://repo.maven.apache.org/maven2/junit/junit/4.8.2/junit-4.8.2.pom
[ceaf2bf3-2042-49fb-b7c5-c4f7a83cd78f/Java 1.8 NoCommons]   | [INFO] Downloaded from central: https://repo.maven.apache.org/maven2/junit/junit/4.8.2/junit-4.8.2.pom (1.5 kB at 106 kB/s)
[ceaf2bf3-2042-49fb-b7c5-c4f7a83cd78f/Java 1.8 NoCommons]   | [INFO] Downloading from central: https://repo.maven.apache.org/maven2/commons-io/commons-io/1.4/commons-io-1.4.jar
[ceaf2bf3-2042-49fb-b7c5-c4f7a83cd78f/Java 1.8 NoCommons]   | [INFO] Downloading from central: https://repo.maven.apache.org/maven2/junit/junit/4.8.2/junit-4.8.2.jar
[ceaf2bf3-2042-49fb-b7c5-c4f7a83cd78f/Java 1.8 NoCommons]   | [INFO] Downloaded from central: https://repo.maven.apache.org/maven2/commons-io/commons-io/1.4/commons-io-1.4.jar (109 kB at 2.5 MB/s)
[ceaf2bf3-2042-49fb-b7c5-c4f7a83cd78f/Java 1.8 NoCommons]   | [INFO] Downloaded from central: https://repo.maven.apache.org/maven2/junit/junit/4.8.2/junit-4.8.2.jar (237 kB at 3.4 MB/s)
[ceaf2bf3-2042-49fb-b7c5-c4f7a83cd78f/Java 1.8 NoCommons]   | [INFO] 
[ceaf2bf3-2042-49fb-b7c5-c4f7a83cd78f/Java 1.8 NoCommons]   | [INFO] --- maven-enforcer-plugin:1.0:enforce (enforce-maven) @ nocommons ---
[ceaf2bf3-2042-49fb-b7c5-c4f7a83cd78f/Java 1.8 NoCommons]   | [INFO] Downloading from central: https://repo.maven.apache.org/maven2/org/apache/maven/maven-artifact/2.0.9/maven-artifact-2.0.9.pom
[ceaf2bf3-2042-49fb-b7c5-c4f7a83cd78f/Java 1.8 NoCommons]   | [INFO] Downloaded from central: https://repo.maven.apache.org/maven2/org/apache/maven/maven-artifact/2.0.9/maven-artifact-2.0.9.pom (1.6 kB at 56 kB/s)
[ceaf2bf3-2042-49fb-b7c5-c4f7a83cd78f/Java 1.8 NoCommons]   | [INFO] Downloading from central: https://repo.maven.apache.org/maven2/org/apache/maven/maven/2.0.9/maven-2.0.9.pom
[ceaf2bf3-2042-49fb-b7c5-c4f7a83cd78f/Java 1.8 NoCommons]   | [INFO] Downloaded from central: https://repo.maven.apache.org/maven2/org/apache/maven/maven/2.0.9/maven-2.0.9.pom (19 kB at 859 kB/s)
[ceaf2bf3-2042-49fb-b7c5-c4f7a83cd78f/Java 1.8 NoCommons]   | [INFO] Downloading from central: https://repo.maven.apache.org/maven2/org/apache/maven/maven-parent/8/maven-parent-8.pom
[ceaf2bf3-2042-49fb-b7c5-c4f7a83cd78f/Java 1.8 NoCommons]   | [INFO] Downloaded from central: https://repo.maven.apache.org/maven2/org/apache/maven/maven-parent/8/maven-parent-8.pom (24 kB at 754 kB/s)
[ceaf2bf3-2042-49fb-b7c5-c4f7a83cd78f/Java 1.8 NoCommons]   | [INFO] Downloading from central: https://repo.maven.apache.org/maven2/org/codehaus/plexus/plexus-utils/1.5.8/plexus-utils-1.5.8.pom
[ceaf2bf3-2042-49fb-b7c5-c4f7a83cd78f/Java 1.8 NoCommons]   | [INFO] Downloaded from central: https://repo.maven.apache.org/maven2/org/codehaus/plexus/plexus-utils/1.5.8/plexus-utils-1.5.8.pom (8.1 kB at 269 kB/s)
[ceaf2bf3-2042-49fb-b7c5-c4f7a83cd78f/Java 1.8 NoCommons]   | [INFO] Downloading from central: https://repo.maven.apache.org/maven2/org/codehaus/plexus/plexus/2.0.2/plexus-2.0.2.pom
[ceaf2bf3-2042-49fb-b7c5-c4f7a83cd78f/Java 1.8 NoCommons]   | [INFO] Downloaded from central: https://repo.maven.apache.org/maven2/org/codehaus/plexus/plexus/2.0.2/plexus-2.0.2.pom (12 kB at 645 kB/s)
[ceaf2bf3-2042-49fb-b7c5-c4f7a83cd78f/Java 1.8 NoCommons]   | [INFO] Downloading from central: https://repo.maven.apache.org/maven2/org/apache/maven/maven-plugin-api/2.0.9/maven-plugin-api-2.0.9.pom
[ceaf2bf3-2042-49fb-b7c5-c4f7a83cd78f/Java 1.8 NoCommons]   | [INFO] Downloaded from central: https://repo.maven.apache.org/maven2/org/apache/maven/maven-plugin-api/2.0.9/maven-plugin-api-2.0.9.pom (1.5 kB at 115 kB/s)
[ceaf2bf3-2042-49fb-b7c5-c4f7a83cd78f/Java 1.8 NoCommons]   | [INFO] Downloading from central: https://repo.maven.apache.org/maven2/org/apache/maven/maven-project/2.0.9/maven-project-2.0.9.pom
[ceaf2bf3-2042-49fb-b7c5-c4f7a83cd78f/Java 1.8 NoCommons]   | [INFO] Downloaded from central: https://repo.maven.apache.org/maven2/org/apache/maven/maven-project/2.0.9/maven-project-2.0.9.pom (2.7 kB at 194 kB/s)
[ceaf2bf3-2042-49fb-b7c5-c4f7a83cd78f/Java 1.8 NoCommons]   | [INFO] Downloading from central: https://repo.maven.apache.org/maven2/org/apache/maven/maven-settings/2.0.9/maven-settings-2.0.9.pom
[ceaf2bf3-2042-49fb-b7c5-c4f7a83cd78f/Java 1.8 NoCommons]   | [INFO] Downloaded from central: https://repo.maven.apache.org/maven2/org/apache/maven/maven-settings/2.0.9/maven-settings-2.0.9.pom (2.1 kB at 294 kB/s)
[ceaf2bf3-2042-49fb-b7c5-c4f7a83cd78f/Java 1.8 NoCommons]   | [INFO] Downloading from central: https://repo.maven.apache.org/maven2/org/apache/maven/maven-model/2.0.9/maven-model-2.0.9.pom
[ceaf2bf3-2042-49fb-b7c5-c4f7a83cd78f/Java 1.8 NoCommons]   | [INFO] Downloaded from central: https://repo.maven.apache.org/maven2/org/apache/maven/maven-model/2.0.9/maven-model-2.0.9.pom (3.1 kB at 174 kB/s)
[ceaf2bf3-2042-49fb-b7c5-c4f7a83cd78f/Java 1.8 NoCommons]   | [INFO] Downloading from central: https://repo.maven.apache.org/maven2/org/codehaus/plexus/plexus-container-default/1.0-alpha-9-stable-1/plexus-container-default-1.0-alpha-9-stable-1.pom
[ceaf2bf3-2042-49fb-b7c5-c4f7a83cd78f/Java 1.8 NoCommons]   | [INFO] Downloaded from central: https://repo.maven.apache.org/maven2/org/codehaus/plexus/plexus-container-default/1.0-alpha-9-stable-1/plexus-container-default-1.0-alpha-9-stable-1.pom (3.9 kB at 439 kB/s)
[ceaf2bf3-2042-49fb-b7c5-c4f7a83cd78f/Java 1.8 NoCommons]   | [INFO] Downloading from central: https://repo.maven.apache.org/maven2/org/codehaus/plexus/plexus-containers/1.0.3/plexus-containers-1.0.3.pom
[ceaf2bf3-2042-49fb-b7c5-c4f7a83cd78f/Java 1.8 NoCommons]   | [INFO] Downloaded from central: https://repo.maven.apache.org/maven2/org/codehaus/plexus/plexus-containers/1.0.3/plexus-containers-1.0.3.pom (492 B at 55 kB/s)
[ceaf2bf3-2042-49fb-b7c5-c4f7a83cd78f/Java 1.8 NoCommons]   | [INFO] Downloading from central: https://repo.maven.apache.org/maven2/org/codehaus/plexus/plexus/1.0.4/plexus-1.0.4.pom
[ceaf2bf3-2042-49fb-b7c5-c4f7a83cd78f/Java 1.8 NoCommons]   | [INFO] Downloaded from central: https://repo.maven.apache.org/maven2/org/codehaus/plexus/plexus/1.0.4/plexus-1.0.4.pom (5.7 kB at 820 kB/s)
[ceaf2bf3-2042-49fb-b7c5-c4f7a83cd78f/Java 1.8 NoCommons]   | [INFO] Downloading from central: https://repo.maven.apache.org/maven2/junit/junit/3.8.2/junit-3.8.2.pom
[ceaf2bf3-2042-49fb-b7c5-c4f7a83cd78f/Java 1.8 NoCommons]   | [INFO] Downloaded from central: https://repo.maven.apache.org/maven2/junit/junit/3.8.2/junit-3.8.2.pom (747 B at 124 kB/s)
[ceaf2bf3-2042-49fb-b7c5-c4f7a83cd78f/Java 1.8 NoCommons]   | [INFO] Downloading from central: https://repo.maven.apache.org/maven2/classworlds/classworlds/1.1-alpha-2/classworlds-1.1-alpha-2.pom
[ceaf2bf3-2042-49fb-b7c5-c4f7a83cd78f/Java 1.8 NoCommons]   | [INFO] Downloaded from central: https://repo.maven.apache.org/maven2/classworlds/classworlds/1.1-alpha-2/classworlds-1.1-alpha-2.pom (3.1 kB at 391 kB/s)
[ceaf2bf3-2042-49fb-b7c5-c4f7a83cd78f/Java 1.8 NoCommons]   | [INFO] Downloading from central: https://repo.maven.apache.org/maven2/org/apache/maven/maven-profile/2.0.9/maven-profile-2.0.9.pom
[ceaf2bf3-2042-49fb-b7c5-c4f7a83cd78f/Java 1.8 NoCommons]   | [INFO] Downloaded from central: https://repo.maven.apache.org/maven2/org/apache/maven/maven-profile/2.0.9/maven-profile-2.0.9.pom (2.0 kB at 137 kB/s)
[ceaf2bf3-2042-49fb-b7c5-c4f7a83cd78f/Java 1.8 NoCommons]   | [INFO] Downloading from central: https://repo.maven.apache.org/maven2/org/apache/maven/maven-artifact-manager/2.0.9/maven-artifact-manager-2.0.9.pom
[ceaf2bf3-2042-49fb-b7c5-c4f7a83cd78f/Java 1.8 NoCommons]   | [INFO] Downloaded from central: https://repo.maven.apache.org/maven2/org/apache/maven/maven-artifact-manager/2.0.9/maven-artifact-manager-2.0.9.pom (2.7 kB at 123 kB/s)
[ceaf2bf3-2042-49fb-b7c5-c4f7a83cd78f/Java 1.8 NoCommons]   | [INFO] Downloading from central: https://repo.maven.apache.org/maven2/org/apache/maven/maven-repository-metadata/2.0.9/maven-repository-metadata-2.0.9.pom
[ceaf2bf3-2042-49fb-b7c5-c4f7a83cd78f/Java 1.8 NoCommons]   | [INFO] Downloaded from central: https://repo.maven.apache.org/maven2/org/apache/maven/maven-repository-metadata/2.0.9/maven-repository-metadata-2.0.9.pom (1.9 kB at 61 kB/s)
[ceaf2bf3-2042-49fb-b7c5-c4f7a83cd78f/Java 1.8 NoCommons]   | [INFO] Downloading from central: https://repo.maven.apache.org/maven2/org/apache/maven/maven-plugin-registry/2.0.9/maven-plugin-registry-2.0.9.pom
[ceaf2bf3-2042-49fb-b7c5-c4f7a83cd78f/Java 1.8 NoCommons]   | [INFO] Downloaded from central: https://repo.maven.apache.org/maven2/org/apache/maven/maven-plugin-registry/2.0.9/maven-plugin-registry-2.0.9.pom (2.0 kB at 152 kB/s)
[ceaf2bf3-2042-49fb-b7c5-c4f7a83cd78f/Java 1.8 NoCommons]   | [INFO] Downloading from central: https://repo.maven.apache.org/maven2/org/apache/maven/maven-core/2.0.9/maven-core-2.0.9.pom
[ceaf2bf3-2042-49fb-b7c5-c4f7a83cd78f/Java 1.8 NoCommons]   | [INFO] Downloaded from central: https://repo.maven.apache.org/maven2/org/apache/maven/maven-core/2.0.9/maven-core-2.0.9.pom (7.8 kB at 865 kB/s)
[ceaf2bf3-2042-49fb-b7c5-c4f7a83cd78f/Java 1.8 NoCommons]   | [INFO] Downloading from central: https://repo.maven.apache.org/maven2/org/apache/maven/maven-plugin-parameter-documenter/2.0.9/maven-plugin-parameter-documenter-2.0.9.pom
[ceaf2bf3-2042-49fb-b7c5-c4f7a83cd78f/Java 1.8 NoCommons]   | [INFO] Downloaded from central: https://repo.maven.apache.org/maven2/org/apache/maven/maven-plugin-parameter-documenter/2.0.9/maven-plugin-parameter-documenter-2.0.9.pom (2.0 kB at 123 kB/s)
[ceaf2bf3-2042-49fb-b7c5-c4f7a83cd78f/Java 1.8 NoCommons]   | [INFO] Downloading from central: https://repo.maven.apache.org/maven2/org/apache/maven/reporting/maven-reporting-api/2.0.9/maven-reporting-api-2.0.9.pom
[ceaf2bf3-2042-49fb-b7c5-c4f7a83cd78f/Java 1.8 NoCommons]   | [INFO] Downloaded from central: https://repo.maven.apache.org/maven2/org/apache/maven/reporting/maven-reporting-api/2.0.9/maven-reporting-api-2.0.9.pom (1.8 kB at 41 kB/s)
[ceaf2bf3-2042-49fb-b7c5-c4f7a83cd78f/Java 1.8 NoCommons]   | [INFO] Downloading from central: https://repo.maven.apache.org/maven2/org/apache/maven/reporting/maven-reporting/2.0.9/maven-reporting-2.0.9.pom
[ceaf2bf3-2042-49fb-b7c5-c4f7a83cd78f/Java 1.8 NoCommons]   | [INFO] Downloaded from central: https://repo.maven.apache.org/maven2/org/apache/maven/reporting/maven-reporting/2.0.9/maven-reporting-2.0.9.pom (1.5 kB at 59 kB/s)
[ceaf2bf3-2042-49fb-b7c5-c4f7a83cd78f/Java 1.8 NoCommons]   | [INFO] Downloading from central: https://repo.maven.apache.org/maven2/org/apache/maven/doxia/doxia-sink-api/1.0-alpha-10/doxia-sink-api-1.0-alpha-10.pom
[ceaf2bf3-2042-49fb-b7c5-c4f7a83cd78f/Java 1.8 NoCommons]   | [INFO] Downloaded from central: https://repo.maven.apache.org/maven2/org/apache/maven/doxia/doxia-sink-api/1.0-alpha-10/doxia-sink-api-1.0-alpha-10.pom (1.3 kB at 104 kB/s)
[ceaf2bf3-2042-49fb-b7c5-c4f7a83cd78f/Java 1.8 NoCommons]   | [INFO] Downloading from central: https://repo.maven.apache.org/maven2/org/apache/maven/doxia/doxia/1.0-alpha-10/doxia-1.0-alpha-10.pom
[ceaf2bf3-2042-49fb-b7c5-c4f7a83cd78f/Java 1.8 NoCommons]   | [INFO] Downloaded from central: https://repo.maven.apache.org/maven2/org/apache/maven/doxia/doxia/1.0-alpha-10/doxia-1.0-alpha-10.pom (9.2 kB at 1.3 MB/s)
[ceaf2bf3-2042-49fb-b7c5-c4f7a83cd78f/Java 1.8 NoCommons]   | [INFO] Downloading from central: https://repo.maven.apache.org/maven2/org/apache/maven/maven-parent/6/maven-parent-6.pom
[ceaf2bf3-2042-49fb-b7c5-c4f7a83cd78f/Java 1.8 NoCommons]   | [INFO] Downloaded from central: https://repo.maven.apache.org/maven2/org/apache/maven/maven-parent/6/maven-parent-6.pom (20 kB at 2.0 MB/s)
[ceaf2bf3-2042-49fb-b7c5-c4f7a83cd78f/Java 1.8 NoCommons]   | [INFO] Downloading from central: https://repo.maven.apache.org/maven2/org/apache/maven/maven-error-diagnostics/2.0.9/maven-error-diagnostics-2.0.9.pom
[ceaf2bf3-2042-49fb-b7c5-c4f7a83cd78f/Java 1.8 NoCommons]   | [INFO] Downloaded from central: https://repo.maven.apache.org/maven2/org/apache/maven/maven-error-diagnostics/2.0.9/maven-error-diagnostics-2.0.9.pom (1.7 kB at 116 kB/s)
[ceaf2bf3-2042-49fb-b7c5-c4f7a83cd78f/Java 1.8 NoCommons]   | [INFO] Downloading from central: https://repo.maven.apache.org/maven2/commons-cli/commons-cli/1.0/commons-cli-1.0.pom
[ceaf2bf3-2042-49fb-b7c5-c4f7a83cd78f/Java 1.8 NoCommons]   | [INFO] Downloaded from central: https://repo.maven.apache.org/maven2/commons-cli/commons-cli/1.0/commons-cli-1.0.pom (2.1 kB at 78 kB/s)
[ceaf2bf3-2042-49fb-b7c5-c4f7a83cd78f/Java 1.8 NoCommons]   | [INFO] Downloading from central: https://repo.maven.apache.org/maven2/org/apache/maven/maven-plugin-descriptor/2.0.9/maven-plugin-descriptor-2.0.9.pom
[ceaf2bf3-2042-49fb-b7c5-c4f7a83cd78f/Java 1.8 NoCommons]   | [INFO] Downloaded from central: https://repo.maven.apache.org/maven2/org/apache/maven/maven-plugin-descriptor/2.0.9/maven-plugin-descriptor-2.0.9.pom (2.1 kB at 130 kB/s)
[ceaf2bf3-2042-49fb-b7c5-c4f7a83cd78f/Java 1.8 NoCommons]   | [INFO] Downloading from central: https://repo.maven.apache.org/maven2/org/codehaus/plexus/plexus-interactivity-api/1.0-alpha-4/plexus-interactivity-api-1.0-alpha-4.pom
[ceaf2bf3-2042-49fb-b7c5-c4f7a83cd78f/Java 1.8 NoCommons]   | [INFO] Downloaded from central: https://repo.maven.apache.org/maven2/org/codehaus/plexus/plexus-interactivity-api/1.0-alpha-4/plexus-interactivity-api-1.0-alpha-4.pom (7.1 kB at 295 kB/s)
[ceaf2bf3-2042-49fb-b7c5-c4f7a83cd78f/Java 1.8 NoCommons]   | [INFO] Downloading from central: https://repo.maven.apache.org/maven2/org/apache/maven/maven-monitor/2.0.9/maven-monitor-2.0.9.pom
[ceaf2bf3-2042-49fb-b7c5-c4f7a83cd78f/Java 1.8 NoCommons]   | [INFO] Downloaded from central: https://repo.maven.apache.org/maven2/org/apache/maven/maven-monitor/2.0.9/maven-monitor-2.0.9.pom (1.3 kB at 161 kB/s)
[ceaf2bf3-2042-49fb-b7c5-c4f7a83cd78f/Java 1.8 NoCommons]   | [INFO] Downloading from central: https://repo.maven.apache.org/maven2/classworlds/classworlds/1.1/classworlds-1.1.pom
[ceaf2bf3-2042-49fb-b7c5-c4f7a83cd78f/Java 1.8 NoCommons]   | [INFO] Downloaded from central: https://repo.maven.apache.org/maven2/classworlds/classworlds/1.1/classworlds-1.1.pom (3.3 kB at 208 kB/s)
[ceaf2bf3-2042-49fb-b7c5-c4f7a83cd78f/Java 1.8 NoCommons]   | [INFO] Downloading from central: https://repo.maven.apache.org/maven2/commons-lang/commons-lang/2.3/commons-lang-2.3.pom
[ceaf2bf3-2042-49fb-b7c5-c4f7a83cd78f/Java 1.8 NoCommons]   | [INFO] Downloaded from central: https://repo.maven.apache.org/maven2/commons-lang/commons-lang/2.3/commons-lang-2.3.pom (11 kB at 445 kB/s)
[ceaf2bf3-2042-49fb-b7c5-c4f7a83cd78f/Java 1.8 NoCommons]   | [INFO] Downloading from central: https://repo.maven.apache.org/maven2/org/apache/maven/enforcer/enforcer-api/1.0/enforcer-api-1.0.pom
[ceaf2bf3-2042-49fb-b7c5-c4f7a83cd78f/Java 1.8 NoCommons]   | [INFO] Downloaded from central: https://repo.maven.apache.org/maven2/org/apache/maven/enforcer/enforcer-api/1.0/enforcer-api-1.0.pom (3.3 kB at 252 kB/s)
[ceaf2bf3-2042-49fb-b7c5-c4f7a83cd78f/Java 1.8 NoCommons]   | [INFO] Downloading from central: https://repo.maven.apache.org/maven2/org/codehaus/plexus/plexus-container-default/1.0-alpha-9/plexus-container-default-1.0-alpha-9.pom
[ceaf2bf3-2042-49fb-b7c5-c4f7a83cd78f/Java 1.8 NoCommons]   | [INFO] Downloaded from central: https://repo.maven.apache.org/maven2/org/codehaus/plexus/plexus-container-default/1.0-alpha-9/plexus-container-default-1.0-alpha-9.pom (1.2 kB at 206 kB/s)
[ceaf2bf3-2042-49fb-b7c5-c4f7a83cd78f/Java 1.8 NoCommons]   | [INFO] Downloading from central: https://repo.maven.apache.org/maven2/org/apache/maven/enforcer/enforcer-rules/1.0/enforcer-rules-1.0.pom
[ceaf2bf3-2042-49fb-b7c5-c4f7a83cd78f/Java 1.8 NoCommons]   | [INFO] Downloaded from central: https://repo.maven.apache.org/maven2/org/apache/maven/enforcer/enforcer-rules/1.0/enforcer-rules-1.0.pom (4.1 kB at 376 kB/s)
[ceaf2bf3-2042-49fb-b7c5-c4f7a83cd78f/Java 1.8 NoCommons]   | [INFO] Downloading from central: https://repo.maven.apache.org/maven2/org/apache/maven/shared/maven-common-artifact-filters/1.2/maven-common-artifact-filters-1.2.pom
[ceaf2bf3-2042-49fb-b7c5-c4f7a83cd78f/Java 1.8 NoCommons]   | [INFO] Downloaded from central: https://repo.maven.apache.org/maven2/org/apache/maven/shared/maven-common-artifact-filters/1.2/maven-common-artifact-filters-1.2.pom (4.5 kB at 754 kB/s)
[ceaf2bf3-2042-49fb-b7c5-c4f7a83cd78f/Java 1.8 NoCommons]   | [INFO] Downloading from central: https://repo.maven.apache.org/maven2/org/apache/maven/shared/maven-shared-components/11/maven-shared-components-11.pom
[ceaf2bf3-2042-49fb-b7c5-c4f7a83cd78f/Java 1.8 NoCommons]   | [INFO] Downloaded from central: https://repo.maven.apache.org/maven2/org/apache/maven/shared/maven-shared-components/11/maven-shared-components-11.pom (8.3 kB at 491 kB/s)
[ceaf2bf3-2042-49fb-b7c5-c4f7a83cd78f/Java 1.8 NoCommons]   | [INFO] Downloading from central: https://repo.maven.apache.org/maven2/org/apache/maven/maven-parent/11/maven-parent-11.pom
[ceaf2bf3-2042-49fb-b7c5-c4f7a83cd78f/Java 1.8 NoCommons]   | [INFO] Downloaded from central: https://repo.maven.apache.org/maven2/org/apache/maven/maven-parent/11/maven-parent-11.pom (32 kB at 2.0 MB/s)
[ceaf2bf3-2042-49fb-b7c5-c4f7a83cd78f/Java 1.8 NoCommons]   | [INFO] Downloading from central: https://repo.maven.apache.org/maven2/org/apache/apache/5/apache-5.pom
[ceaf2bf3-2042-49fb-b7c5-c4f7a83cd78f/Java 1.8 NoCommons]   | [INFO] Downloaded from central: https://repo.maven.apache.org/maven2/org/apache/apache/5/apache-5.pom (4.1 kB at 205 kB/s)
[ceaf2bf3-2042-49fb-b7c5-c4f7a83cd78f/Java 1.8 NoCommons]   | [INFO] Downloading from central: https://repo.maven.apache.org/maven2/org/apache/maven/maven-model/2.0.8/maven-model-2.0.8.pom
[ceaf2bf3-2042-49fb-b7c5-c4f7a83cd78f/Java 1.8 NoCommons]   | [INFO] Downloaded from central: https://repo.maven.apache.org/maven2/org/apache/maven/maven-model/2.0.8/maven-model-2.0.8.pom (3.1 kB at 65 kB/s)
[ceaf2bf3-2042-49fb-b7c5-c4f7a83cd78f/Java 1.8 NoCommons]   | [INFO] Downloading from central: https://repo.maven.apache.org/maven2/org/apache/maven/maven/2.0.8/maven-2.0.8.pom
[ceaf2bf3-2042-49fb-b7c5-c4f7a83cd78f/Java 1.8 NoCommons]   | [INFO] Downloaded from central: https://repo.maven.apache.org/maven2/org/apache/maven/maven/2.0.8/maven-2.0.8.pom (12 kB at 1.7 MB/s)
[ceaf2bf3-2042-49fb-b7c5-c4f7a83cd78f/Java 1.8 NoCommons]   | [INFO] Downloading from central: https://repo.maven.apache.org/maven2/org/apache/maven/shared/maven-plugin-testing-harness/1.1/maven-plugin-testing-harness-1.1.pom
[ceaf2bf3-2042-49fb-b7c5-c4f7a83cd78f/Java 1.8 NoCommons]   | [INFO] Downloaded from central: https://repo.maven.apache.org/maven2/org/apache/maven/shared/maven-plugin-testing-harness/1.1/maven-plugin-testing-harness-1.1.pom (6.3 kB at 704 kB/s)
[ceaf2bf3-2042-49fb-b7c5-c4f7a83cd78f/Java 1.8 NoCommons]   | [INFO] Downloading from central: https://repo.maven.apache.org/maven2/org/apache/maven/shared/maven-shared-components/7/maven-shared-components-7.pom
[ceaf2bf3-2042-49fb-b7c5-c4f7a83cd78f/Java 1.8 NoCommons]   | [INFO] Downloaded from central: https://repo.maven.apache.org/maven2/org/apache/maven/shared/maven-shared-components/7/maven-shared-components-7.pom (2.6 kB at 433 kB/s)
[ceaf2bf3-2042-49fb-b7c5-c4f7a83cd78f/Java 1.8 NoCommons]   | [INFO] Downloading from central: https://repo.maven.apache.org/maven2/org/apache/maven/maven-parent/5/maven-parent-5.pom
[ceaf2bf3-2042-49fb-b7c5-c4f7a83cd78f/Java 1.8 NoCommons]   | [INFO] Downloaded from central: https://repo.maven.apache.org/maven2/org/apache/maven/maven-parent/5/maven-parent-5.pom (15 kB at 272 kB/s)
[ceaf2bf3-2042-49fb-b7c5-c4f7a83cd78f/Java 1.8 NoCommons]   | [INFO] Downloading from central: https://repo.maven.apache.org/maven2/org/apache/apache/3/apache-3.pom
[ceaf2bf3-2042-49fb-b7c5-c4f7a83cd78f/Java 1.8 NoCommons]   | [INFO] Downloaded from central: https://repo.maven.apache.org/maven2/org/apache/apache/3/apache-3.pom (3.4 kB at 149 kB/s)
[ceaf2bf3-2042-49fb-b7c5-c4f7a83cd78f/Java 1.8 NoCommons]   | [INFO] Downloading from central: https://repo.maven.apache.org/maven2/org/codehaus/plexus/plexus-archiver/1.0-alpha-7/plexus-archiver-1.0-alpha-7.pom
[ceaf2bf3-2042-49fb-b7c5-c4f7a83cd78f/Java 1.8 NoCommons]   | [INFO] Downloaded from central: https://repo.maven.apache.org/maven2/org/codehaus/plexus/plexus-archiver/1.0-alpha-7/plexus-archiver-1.0-alpha-7.pom (1.0 kB at 130 kB/s)
[ceaf2bf3-2042-49fb-b7c5-c4f7a83cd78f/Java 1.8 NoCommons]   | [INFO] Downloading from central: https://repo.maven.apache.org/maven2/org/codehaus/plexus/plexus-components/1.1.6/plexus-components-1.1.6.pom
[ceaf2bf3-2042-49fb-b7c5-c4f7a83cd78f/Java 1.8 NoCommons]   | [INFO] Downloaded from central: https://repo.maven.apache.org/maven2/org/codehaus/plexus/plexus-components/1.1.6/plexus-components-1.1.6.pom (1.9 kB at 315 kB/s)
[ceaf2bf3-2042-49fb-b7c5-c4f7a83cd78f/Java 1.8 NoCommons]   | [INFO] Downloading from central: https://repo.maven.apache.org/maven2/org/codehaus/plexus/plexus/1.0.8/plexus-1.0.8.pom
[ceaf2bf3-2042-49fb-b7c5-c4f7a83cd78f/Java 1.8 NoCommons]   | [INFO] Downloaded from central: https://repo.maven.apache.org/maven2/org/codehaus/plexus/plexus/1.0.8/plexus-1.0.8.pom (7.2 kB at 723 kB/s)
[ceaf2bf3-2042-49fb-b7c5-c4f7a83cd78f/Java 1.8 NoCommons]   | [INFO] Downloading from central: https://repo.maven.apache.org/maven2/org/codehaus/plexus/plexus-container-default/1.0-alpha-8/plexus-container-default-1.0-alpha-8.pom
[ceaf2bf3-2042-49fb-b7c5-c4f7a83cd78f/Java 1.8 NoCommons]   | [INFO] Downloaded from central: https://repo.maven.apache.org/maven2/org/codehaus/plexus/plexus-container-default/1.0-alpha-8/plexus-container-default-1.0-alpha-8.pom (7.3 kB at 908 kB/s)
[ceaf2bf3-2042-49fb-b7c5-c4f7a83cd78f/Java 1.8 NoCommons]   | [INFO] Downloading from central: https://repo.maven.apache.org/maven2/org/beanshell/bsh/2.0b4/bsh-2.0b4.pom
[ceaf2bf3-2042-49fb-b7c5-c4f7a83cd78f/Java 1.8 NoCommons]   | [INFO] Downloaded from central: https://repo.maven.apache.org/maven2/org/beanshell/bsh/2.0b4/bsh-2.0b4.pom (1.2 kB at 120 kB/s)
[ceaf2bf3-2042-49fb-b7c5-c4f7a83cd78f/Java 1.8 NoCommons]   | [INFO] Downloading from central: https://repo.maven.apache.org/maven2/org/beanshell/beanshell/2.0b4/beanshell-2.0b4.pom
[ceaf2bf3-2042-49fb-b7c5-c4f7a83cd78f/Java 1.8 NoCommons]   | [INFO] Downloaded from central: https://repo.maven.apache.org/maven2/org/beanshell/beanshell/2.0b4/beanshell-2.0b4.pom (1.4 kB at 202 kB/s)
[ceaf2bf3-2042-49fb-b7c5-c4f7a83cd78f/Java 1.8 NoCommons]   | [INFO] Downloading from central: https://repo.maven.apache.org/maven2/org/apache/maven/shared/maven-dependency-tree/1.2/maven-dependency-tree-1.2.pom
[ceaf2bf3-2042-49fb-b7c5-c4f7a83cd78f/Java 1.8 NoCommons]   | [INFO] Downloaded from central: https://repo.maven.apache.org/maven2/org/apache/maven/shared/maven-dependency-tree/1.2/maven-dependency-tree-1.2.pom (3.6 kB at 164 kB/s)
[ceaf2bf3-2042-49fb-b7c5-c4f7a83cd78f/Java 1.8 NoCommons]   | [INFO] Downloading from central: https://repo.maven.apache.org/maven2/org/apache/maven/shared/maven-shared-components/9/maven-shared-components-9.pom
[ceaf2bf3-2042-49fb-b7c5-c4f7a83cd78f/Java 1.8 NoCommons]   | [INFO] Downloaded from central: https://repo.maven.apache.org/maven2/org/apache/maven/shared/maven-shared-components/9/maven-shared-components-9.pom (3.5 kB at 500 kB/s)
[ceaf2bf3-2042-49fb-b7c5-c4f7a83cd78f/Java 1.8 NoCommons]   | [INFO] Downloading from central: https://repo.maven.apache.org/maven2/org/codehaus/plexus/plexus-i18n/1.0-beta-6/plexus-i18n-1.0-beta-6.pom
[ceaf2bf3-2042-49fb-b7c5-c4f7a83cd78f/Java 1.8 NoCommons]   | [INFO] Downloaded from central: https://repo.maven.apache.org/maven2/org/codehaus/plexus/plexus-i18n/1.0-beta-6/plexus-i18n-1.0-beta-6.pom (771 B at 39 kB/s)
[ceaf2bf3-2042-49fb-b7c5-c4f7a83cd78f/Java 1.8 NoCommons]   | [INFO] Downloading from central: https://repo.maven.apache.org/maven2/org/codehaus/plexus/plexus-components/1.1.4/plexus-components-1.1.4.pom
[ceaf2bf3-2042-49fb-b7c5-c4f7a83cd78f/Java 1.8 NoCommons]   | [INFO] Downloaded from central: https://repo.maven.apache.org/maven2/org/codehaus/plexus/plexus-components/1.1.4/plexus-components-1.1.4.pom (2.1 kB at 90 kB/s)
[ceaf2bf3-2042-49fb-b7c5-c4f7a83cd78f/Java 1.8 NoCommons]   | [INFO] Downloading from central: https://repo.maven.apache.org/maven2/org/apache/maven/maven-artifact/2.0.9/maven-artifact-2.0.9.jar
[ceaf2bf3-2042-49fb-b7c5-c4f7a83cd78f/Java 1.8 NoCommons]   | [INFO] Downloading from central: https://repo.maven.apache.org/maven2/org/apache/maven/maven-plugin-api/2.0.9/maven-plugin-api-2.0.9.jar
[ceaf2bf3-2042-49fb-b7c5-c4f7a83cd78f/Java 1.8 NoCommons]   | [INFO] Downloading from central: https://repo.maven.apache.org/maven2/org/apache/maven/maven-project/2.0.9/maven-project-2.0.9.jar
[ceaf2bf3-2042-49fb-b7c5-c4f7a83cd78f/Java 1.8 NoCommons]   | [INFO] Downloading from central: https://repo.maven.apache.org/maven2/org/apache/maven/maven-settings/2.0.9/maven-settings-2.0.9.jar
[ceaf2bf3-2042-49fb-b7c5-c4f7a83cd78f/Java 1.8 NoCommons]   | [INFO] Downloading from central: https://repo.maven.apache.org/maven2/org/apache/maven/maven-profile/2.0.9/maven-profile-2.0.9.jar
[ceaf2bf3-2042-49fb-b7c5-c4f7a83cd78f/Java 1.8 NoCommons]   | [INFO] Downloaded from central: https://repo.maven.apache.org/maven2/org/apache/maven/maven-plugin-api/2.0.9/maven-plugin-api-2.0.9.jar (13 kB at 1.1 MB/s)
[ceaf2bf3-2042-49fb-b7c5-c4f7a83cd78f/Java 1.8 NoCommons]   | [INFO] Downloading from central: https://repo.maven.apache.org/maven2/org/apache/maven/maven-model/2.0.9/maven-model-2.0.9.jar
[ceaf2bf3-2042-49fb-b7c5-c4f7a83cd78f/Java 1.8 NoCommons]   | [INFO] Downloaded from central: https://repo.maven.apache.org/maven2/org/apache/maven/maven-artifact/2.0.9/maven-artifact-2.0.9.jar (89 kB at 6.4 MB/s)
[ceaf2bf3-2042-49fb-b7c5-c4f7a83cd78f/Java 1.8 NoCommons]   | [INFO] Downloading from central: https://repo.maven.apache.org/maven2/org/apache/maven/maven-artifact-manager/2.0.9/maven-artifact-manager-2.0.9.jar
[ceaf2bf3-2042-49fb-b7c5-c4f7a83cd78f/Java 1.8 NoCommons]   | [INFO] Downloaded from central: https://repo.maven.apache.org/maven2/org/apache/maven/maven-model/2.0.9/maven-model-2.0.9.jar (87 kB at 4.6 MB/s)
[ceaf2bf3-2042-49fb-b7c5-c4f7a83cd78f/Java 1.8 NoCommons]   | [INFO] Downloading from central: https://repo.maven.apache.org/maven2/org/apache/maven/maven-plugin-registry/2.0.9/maven-plugin-registry-2.0.9.jar
[ceaf2bf3-2042-49fb-b7c5-c4f7a83cd78f/Java 1.8 NoCommons]   | [INFO] Downloaded from central: https://repo.maven.apache.org/maven2/org/apache/maven/maven-artifact-manager/2.0.9/maven-artifact-manager-2.0.9.jar (58 kB at 2.8 MB/s)
[ceaf2bf3-2042-49fb-b7c5-c4f7a83cd78f/Java 1.8 NoCommons]   | [INFO] Downloading from central: https://repo.maven.apache.org/maven2/org/codehaus/plexus/plexus-container-default/1.0-alpha-9-stable-1/plexus-container-default-1.0-alpha-9-stable-1.jar
[ceaf2bf3-2042-49fb-b7c5-c4f7a83cd78f/Java 1.8 NoCommons]   | [INFO] Downloaded from central: https://repo.maven.apache.org/maven2/org/apache/maven/maven-profile/2.0.9/maven-profile-2.0.9.jar (35 kB at 1.0 MB/s)
[ceaf2bf3-2042-49fb-b7c5-c4f7a83cd78f/Java 1.8 NoCommons]   | [INFO] Downloading from central: https://repo.maven.apache.org/maven2/org/apache/maven/maven-core/2.0.9/maven-core-2.0.9.jar
[ceaf2bf3-2042-49fb-b7c5-c4f7a83cd78f/Java 1.8 NoCommons]   | [INFO] Downloaded from central: https://repo.maven.apache.org/maven2/org/apache/maven/maven-settings/2.0.9/maven-settings-2.0.9.jar (49 kB at 1.3 MB/s)
[ceaf2bf3-2042-49fb-b7c5-c4f7a83cd78f/Java 1.8 NoCommons]   | [INFO] Downloading from central: https://repo.maven.apache.org/maven2/org/apache/maven/maven-plugin-parameter-documenter/2.0.9/maven-plugin-parameter-documenter-2.0.9.jar
[ceaf2bf3-2042-49fb-b7c5-c4f7a83cd78f/Java 1.8 NoCommons]   | [INFO] Downloaded from central: https://repo.maven.apache.org/maven2/org/apache/maven/maven-plugin-registry/2.0.9/maven-plugin-registry-2.0.9.jar (29 kB at 765 kB/s)
[ceaf2bf3-2042-49fb-b7c5-c4f7a83cd78f/Java 1.8 NoCommons]   | [INFO] Downloading from central: https://repo.maven.apache.org/maven2/org/apache/maven/reporting/maven-reporting-api/2.0.9/maven-reporting-api-2.0.9.jar
[ceaf2bf3-2042-49fb-b7c5-c4f7a83cd78f/Java 1.8 NoCommons]   | [INFO] Downloaded from central: https://repo.maven.apache.org/maven2/org/codehaus/plexus/plexus-container-default/1.0-alpha-9-stable-1/plexus-container-default-1.0-alpha-9-stable-1.jar (194 kB at 4.0 MB/s)
[ceaf2bf3-2042-49fb-b7c5-c4f7a83cd78f/Java 1.8 NoCommons]   | [INFO] Downloading from central: https://repo.maven.apache.org/maven2/org/apache/maven/doxia/doxia-sink-api/1.0-alpha-10/doxia-sink-api-1.0-alpha-10.jar
[ceaf2bf3-2042-49fb-b7c5-c4f7a83cd78f/Java 1.8 NoCommons]   | [INFO] Downloaded from central: https://repo.maven.apache.org/maven2/org/apache/maven/maven-core/2.0.9/maven-core-2.0.9.jar (160 kB at 3.0 MB/s)
[ceaf2bf3-2042-49fb-b7c5-c4f7a83cd78f/Java 1.8 NoCommons]   | [INFO] Downloading from central: https://repo.maven.apache.org/maven2/org/apache/maven/maven-repository-metadata/2.0.9/maven-repository-metadata-2.0.9.jar
[ceaf2bf3-2042-49fb-b7c5-c4f7a83cd78f/Java 1.8 NoCommons]   | [INFO] Downloaded from central: https://repo.maven.apache.org/maven2/org/apache/maven/maven-plugin-parameter-documenter/2.0.9/maven-plugin-parameter-documenter-2.0.9.jar (21 kB at 387 kB/s)
[ceaf2bf3-2042-49fb-b7c5-c4f7a83cd78f/Java 1.8 NoCommons]   | [INFO] Downloading from central: https://repo.maven.apache.org/maven2/org/apache/maven/maven-error-diagnostics/2.0.9/maven-error-diagnostics-2.0.9.jar
[ceaf2bf3-2042-49fb-b7c5-c4f7a83cd78f/Java 1.8 NoCommons]   | [INFO] Downloaded from central: https://repo.maven.apache.org/maven2/org/apache/maven/reporting/maven-reporting-api/2.0.9/maven-reporting-api-2.0.9.jar (10 kB at 172 kB/s)
[ceaf2bf3-2042-49fb-b7c5-c4f7a83cd78f/Java 1.8 NoCommons]   | [INFO] Downloading from central: https://repo.maven.apache.org/maven2/commons-cli/commons-cli/1.0/commons-cli-1.0.jar
[ceaf2bf3-2042-49fb-b7c5-c4f7a83cd78f/Java 1.8 NoCommons]   | [INFO] Downloaded from central: https://repo.maven.apache.org/maven2/org/apache/maven/maven-repository-metadata/2.0.9/maven-repository-metadata-2.0.9.jar (25 kB at 396 kB/s)
[ceaf2bf3-2042-49fb-b7c5-c4f7a83cd78f/Java 1.8 NoCommons]   | [INFO] Downloading from central: https://repo.maven.apache.org/maven2/org/apache/maven/maven-plugin-descriptor/2.0.9/maven-plugin-descriptor-2.0.9.jar
[ceaf2bf3-2042-49fb-b7c5-c4f7a83cd78f/Java 1.8 NoCommons]   | [INFO] Downloaded from central: https://repo.maven.apache.org/maven2/org/apache/maven/maven-project/2.0.9/maven-project-2.0.9.jar (122 kB at 1.9 MB/s)
[ceaf2bf3-2042-49fb-b7c5-c4f7a83cd78f/Java 1.8 NoCommons]   | [INFO] Downloading from central: https://repo.maven.apache.org/maven2/org/codehaus/plexus/plexus-interactivity-api/1.0-alpha-4/plexus-interactivity-api-1.0-alpha-4.jar
[ceaf2bf3-2042-49fb-b7c5-c4f7a83cd78f/Java 1.8 NoCommons]   | [INFO] Downloaded from central: https://repo.maven.apache.org/maven2/org/apache/maven/doxia/doxia-sink-api/1.0-alpha-10/doxia-sink-api-1.0-alpha-10.jar (9.9 kB at 144 kB/s)
[ceaf2bf3-2042-49fb-b7c5-c4f7a83cd78f/Java 1.8 NoCommons]   | [INFO] Downloading from central: https://repo.maven.apache.org/maven2/org/apache/maven/maven-monitor/2.0.9/maven-monitor-2.0.9.jar
[ceaf2bf3-2042-49fb-b7c5-c4f7a83cd78f/Java 1.8 NoCommons]   | [INFO] Downloaded from central: https://repo.maven.apache.org/maven2/commons-cli/commons-cli/1.0/commons-cli-1.0.jar (30 kB at 424 kB/s)
[ceaf2bf3-2042-49fb-b7c5-c4f7a83cd78f/Java 1.8 NoCommons]   | [INFO] Downloading from central: https://repo.maven.apache.org/maven2/classworlds/classworlds/1.1/classworlds-1.1.jar
[ceaf2bf3-2042-49fb-b7c5-c4f7a83cd78f/Java 1.8 NoCommons]   | [INFO] Downloaded from central: https://repo.maven.apache.org/maven2/org/apache/maven/maven-error-diagnostics/2.0.9/maven-error-diagnostics-2.0.9.jar (14 kB at 191 kB/s)
[ceaf2bf3-2042-49fb-b7c5-c4f7a83cd78f/Java 1.8 NoCommons]   | [INFO] Downloading from central: https://repo.maven.apache.org/maven2/org/codehaus/plexus/plexus-utils/1.5.8/plexus-utils-1.5.8.jar
[ceaf2bf3-2042-49fb-b7c5-c4f7a83cd78f/Java 1.8 NoCommons]   | [INFO] Downloaded from central: https://repo.maven.apache.org/maven2/org/codehaus/plexus/plexus-interactivity-api/1.0-alpha-4/plexus-interactivity-api-1.0-alpha-4.jar (13 kB at 186 kB/s)
[ceaf2bf3-2042-49fb-b7c5-c4f7a83cd78f/Java 1.8 NoCommons]   | [INFO] Downloading from central: https://repo.maven.apache.org/maven2/commons-lang/commons-lang/2.3/commons-lang-2.3.jar
[ceaf2bf3-2042-49fb-b7c5-c4f7a83cd78f/Java 1.8 NoCommons]   | [INFO] Downloaded from central: https://repo.maven.apache.org/maven2/org/apache/maven/maven-plugin-descriptor/2.0.9/maven-plugin-descriptor-2.0.9.jar (37 kB at 507 kB/s)
[ceaf2bf3-2042-49fb-b7c5-c4f7a83cd78f/Java 1.8 NoCommons]   | [INFO] Downloading from central: https://repo.maven.apache.org/maven2/org/apache/maven/enforcer/enforcer-api/1.0/enforcer-api-1.0.jar
[ceaf2bf3-2042-49fb-b7c5-c4f7a83cd78f/Java 1.8 NoCommons]   | [INFO] Downloaded from central: https://repo.maven.apache.org/maven2/org/apache/maven/maven-monitor/2.0.9/maven-monitor-2.0.9.jar (10 kB at 137 kB/s)
[ceaf2bf3-2042-49fb-b7c5-c4f7a83cd78f/Java 1.8 NoCommons]   | [INFO] Downloading from central: https://repo.maven.apache.org/maven2/org/apache/maven/enforcer/enforcer-rules/1.0/enforcer-rules-1.0.jar
[ceaf2bf3-2042-49fb-b7c5-c4f7a83cd78f/Java 1.8 NoCommons]   | [INFO] Downloaded from central: https://repo.maven.apache.org/maven2/org/apache/maven/enforcer/enforcer-api/1.0/enforcer-api-1.0.jar (9.8 kB at 118 kB/s)
[ceaf2bf3-2042-49fb-b7c5-c4f7a83cd78f/Java 1.8 NoCommons]   | [INFO] Downloading from central: https://repo.maven.apache.org/maven2/org/apache/maven/shared/maven-common-artifact-filters/1.2/maven-common-artifact-filters-1.2.jar
[ceaf2bf3-2042-49fb-b7c5-c4f7a83cd78f/Java 1.8 NoCommons]   | [INFO] Downloaded from central: https://repo.maven.apache.org/maven2/org/apache/maven/enforcer/enforcer-rules/1.0/enforcer-rules-1.0.jar (61 kB at 717 kB/s)
[ceaf2bf3-2042-49fb-b7c5-c4f7a83cd78f/Java 1.8 NoCommons]   | [INFO] Downloading from central: https://repo.maven.apache.org/maven2/org/beanshell/bsh/2.0b4/bsh-2.0b4.jar
[ceaf2bf3-2042-49fb-b7c5-c4f7a83cd78f/Java 1.8 NoCommons]   | [INFO] Downloaded from central: https://repo.maven.apache.org/maven2/classworlds/classworlds/1.1/classworlds-1.1.jar (38 kB at 430 kB/s)
[ceaf2bf3-2042-49fb-b7c5-c4f7a83cd78f/Java 1.8 NoCommons]   | [INFO] Downloading from central: https://repo.maven.apache.org/maven2/org/apache/maven/shared/maven-dependency-tree/1.2/maven-dependency-tree-1.2.jar
[ceaf2bf3-2042-49fb-b7c5-c4f7a83cd78f/Java 1.8 NoCommons]   | [INFO] Downloaded from central: https://repo.maven.apache.org/maven2/org/apache/maven/shared/maven-common-artifact-filters/1.2/maven-common-artifact-filters-1.2.jar (32 kB at 340 kB/s)
[ceaf2bf3-2042-49fb-b7c5-c4f7a83cd78f/Java 1.8 NoCommons]   | [INFO] Downloading from central: https://repo.maven.apache.org/maven2/org/codehaus/plexus/plexus-i18n/1.0-beta-6/plexus-i18n-1.0-beta-6.jar
[ceaf2bf3-2042-49fb-b7c5-c4f7a83cd78f/Java 1.8 NoCommons]   | [INFO] Downloaded from central: https://repo.maven.apache.org/maven2/commons-lang/commons-lang/2.3/commons-lang-2.3.jar (245 kB at 2.6 MB/s)
[ceaf2bf3-2042-49fb-b7c5-c4f7a83cd78f/Java 1.8 NoCommons]   | [INFO] Downloaded from central: https://repo.maven.apache.org/maven2/org/codehaus/plexus/plexus-utils/1.5.8/plexus-utils-1.5.8.jar (268 kB at 2.8 MB/s)
[ceaf2bf3-2042-49fb-b7c5-c4f7a83cd78f/Java 1.8 NoCommons]   | [INFO] Downloaded from central: https://repo.maven.apache.org/maven2/org/codehaus/plexus/plexus-i18n/1.0-beta-6/plexus-i18n-1.0-beta-6.jar (12 kB at 120 kB/s)
[ceaf2bf3-2042-49fb-b7c5-c4f7a83cd78f/Java 1.8 NoCommons]   | [INFO] Downloaded from central: https://repo.maven.apache.org/maven2/org/apache/maven/shared/maven-dependency-tree/1.2/maven-dependency-tree-1.2.jar (35 kB at 329 kB/s)
[ceaf2bf3-2042-49fb-b7c5-c4f7a83cd78f/Java 1.8 NoCommons]   | [INFO] Downloaded from central: https://repo.maven.apache.org/maven2/org/beanshell/bsh/2.0b4/bsh-2.0b4.jar (282 kB at 2.6 MB/s)
[ceaf2bf3-2042-49fb-b7c5-c4f7a83cd78f/Java 1.8 NoCommons]   | [INFO] 
[ceaf2bf3-2042-49fb-b7c5-c4f7a83cd78f/Java 1.8 NoCommons]   | [INFO] --- maven-resources-plugin:2.6:resources (default-resources) @ nocommons ---
[ceaf2bf3-2042-49fb-b7c5-c4f7a83cd78f/Java 1.8 NoCommons]   | [INFO] Downloading from central: https://repo.maven.apache.org/maven2/org/apache/maven/maven-plugin-api/2.0.6/maven-plugin-api-2.0.6.pom
[ceaf2bf3-2042-49fb-b7c5-c4f7a83cd78f/Java 1.8 NoCommons]   | [INFO] Downloaded from central: https://repo.maven.apache.org/maven2/org/apache/maven/maven-plugin-api/2.0.6/maven-plugin-api-2.0.6.pom (1.5 kB at 208 kB/s)
[ceaf2bf3-2042-49fb-b7c5-c4f7a83cd78f/Java 1.8 NoCommons]   | [INFO] Downloading from central: https://repo.maven.apache.org/maven2/org/apache/maven/maven/2.0.6/maven-2.0.6.pom
[ceaf2bf3-2042-49fb-b7c5-c4f7a83cd78f/Java 1.8 NoCommons]   | [INFO] Downloaded from central: https://repo.maven.apache.org/maven2/org/apache/maven/maven/2.0.6/maven-2.0.6.pom (9.0 kB at 1.5 MB/s)
[ceaf2bf3-2042-49fb-b7c5-c4f7a83cd78f/Java 1.8 NoCommons]   | [INFO] Downloading from central: https://repo.maven.apache.org/maven2/org/apache/maven/maven-project/2.0.6/maven-project-2.0.6.pom
[ceaf2bf3-2042-49fb-b7c5-c4f7a83cd78f/Java 1.8 NoCommons]   | [INFO] Downloaded from central: https://repo.maven.apache.org/maven2/org/apache/maven/maven-project/2.0.6/maven-project-2.0.6.pom (2.6 kB at 377 kB/s)
[ceaf2bf3-2042-49fb-b7c5-c4f7a83cd78f/Java 1.8 NoCommons]   | [INFO] Downloading from central: https://repo.maven.apache.org/maven2/org/apache/maven/maven-settings/2.0.6/maven-settings-2.0.6.pom
[ceaf2bf3-2042-49fb-b7c5-c4f7a83cd78f/Java 1.8 NoCommons]   | [INFO] Downloaded from central: https://repo.maven.apache.org/maven2/org/apache/maven/maven-settings/2.0.6/maven-settings-2.0.6.pom (2.0 kB at 286 kB/s)
[ceaf2bf3-2042-49fb-b7c5-c4f7a83cd78f/Java 1.8 NoCommons]   | [INFO] Downloading from central: https://repo.maven.apache.org/maven2/org/apache/maven/maven-model/2.0.6/maven-model-2.0.6.pom
[ceaf2bf3-2042-49fb-b7c5-c4f7a83cd78f/Java 1.8 NoCommons]   | [INFO] Downloaded from central: https://repo.maven.apache.org/maven2/org/apache/maven/maven-model/2.0.6/maven-model-2.0.6.pom (3.0 kB at 277 kB/s)
[ceaf2bf3-2042-49fb-b7c5-c4f7a83cd78f/Java 1.8 NoCommons]   | [INFO] Downloading from central: https://repo.maven.apache.org/maven2/org/codehaus/plexus/plexus-utils/1.4.1/plexus-utils-1.4.1.pom
[ceaf2bf3-2042-49fb-b7c5-c4f7a83cd78f/Java 1.8 NoCommons]   | [INFO] Downloaded from central: https://repo.maven.apache.org/maven2/org/codehaus/plexus/plexus-utils/1.4.1/plexus-utils-1.4.1.pom (1.9 kB at 24 kB/s)
[ceaf2bf3-2042-49fb-b7c5-c4f7a83cd78f/Java 1.8 NoCommons]   | [INFO] Downloading from central: https://repo.maven.apache.org/maven2/org/codehaus/plexus/plexus/1.0.11/plexus-1.0.11.pom
[ceaf2bf3-2042-49fb-b7c5-c4f7a83cd78f/Java 1.8 NoCommons]   | [INFO] Downloaded from central: https://repo.maven.apache.org/maven2/org/codehaus/plexus/plexus/1.0.11/plexus-1.0.11.pom (9.0 kB at 897 kB/s)
[ceaf2bf3-2042-49fb-b7c5-c4f7a83cd78f/Java 1.8 NoCommons]   | [INFO] Downloading from central: https://repo.maven.apache.org/maven2/junit/junit/3.8.1/junit-3.8.1.pom
[ceaf2bf3-2042-49fb-b7c5-c4f7a83cd78f/Java 1.8 NoCommons]   | [INFO] Downloaded from central: https://repo.maven.apache.org/maven2/junit/junit/3.8.1/junit-3.8.1.pom (998 B at 40 kB/s)
[ceaf2bf3-2042-49fb-b7c5-c4f7a83cd78f/Java 1.8 NoCommons]   | [INFO] Downloading from central: https://repo.maven.apache.org/maven2/org/codehaus/plexus/plexus-utils/1.0.4/plexus-utils-1.0.4.pom
[ceaf2bf3-2042-49fb-b7c5-c4f7a83cd78f/Java 1.8 NoCommons]   | [INFO] Downloaded from central: https://repo.maven.apache.org/maven2/org/codehaus/plexus/plexus-utils/1.0.4/plexus-utils-1.0.4.pom (6.9 kB at 490 kB/s)
[ceaf2bf3-2042-49fb-b7c5-c4f7a83cd78f/Java 1.8 NoCommons]   | [INFO] Downloading from central: https://repo.maven.apache.org/maven2/org/apache/maven/maven-profile/2.0.6/maven-profile-2.0.6.pom
[ceaf2bf3-2042-49fb-b7c5-c4f7a83cd78f/Java 1.8 NoCommons]   | [INFO] Downloaded from central: https://repo.maven.apache.org/maven2/org/apache/maven/maven-profile/2.0.6/maven-profile-2.0.6.pom (2.0 kB at 124 kB/s)
[ceaf2bf3-2042-49fb-b7c5-c4f7a83cd78f/Java 1.8 NoCommons]   | [INFO] Downloading from central: https://repo.maven.apache.org/maven2/org/apache/maven/maven-artifact-manager/2.0.6/maven-artifact-manager-2.0.6.pom
[ceaf2bf3-2042-49fb-b7c5-c4f7a83cd78f/Java 1.8 NoCommons]   | [INFO] Downloaded from central: https://repo.maven.apache.org/maven2/org/apache/maven/maven-artifact-manager/2.0.6/maven-artifact-manager-2.0.6.pom (2.6 kB at 138 kB/s)
[ceaf2bf3-2042-49fb-b7c5-c4f7a83cd78f/Java 1.8 NoCommons]   | [INFO] Downloading from central: https://repo.maven.apache.org/maven2/org/apache/maven/maven-repository-metadata/2.0.6/maven-repository-metadata-2.0.6.pom
[ceaf2bf3-2042-49fb-b7c5-c4f7a83cd78f/Java 1.8 NoCommons]   | [INFO] Downloaded from central: https://repo.maven.apache.org/maven2/org/apache/maven/maven-repository-metadata/2.0.6/maven-repository-metadata-2.0.6.pom (1.9 kB at 116 kB/s)
[ceaf2bf3-2042-49fb-b7c5-c4f7a83cd78f/Java 1.8 NoCommons]   | [INFO] Downloading from central: https://repo.maven.apache.org/maven2/org/apache/maven/maven-artifact/2.0.6/maven-artifact-2.0.6.pom
[ceaf2bf3-2042-49fb-b7c5-c4f7a83cd78f/Java 1.8 NoCommons]   | [INFO] Downloaded from central: https://repo.maven.apache.org/maven2/org/apache/maven/maven-artifact/2.0.6/maven-artifact-2.0.6.pom (1.6 kB at 197 kB/s)
[ceaf2bf3-2042-49fb-b7c5-c4f7a83cd78f/Java 1.8 NoCommons]   | [INFO] Downloading from central: https://repo.maven.apache.org/maven2/org/apache/maven/maven-plugin-registry/2.0.6/maven-plugin-registry-2.0.6.pom
[ceaf2bf3-2042-49fb-b7c5-c4f7a83cd78f/Java 1.8 NoCommons]   | [INFO] Downloaded from central: https://repo.maven.apache.org/maven2/org/apache/maven/maven-plugin-registry/2.0.6/maven-plugin-registry-2.0.6.pom (1.9 kB at 41 kB/s)
[ceaf2bf3-2042-49fb-b7c5-c4f7a83cd78f/Java 1.8 NoCommons]   | [INFO] Downloading from central: https://repo.maven.apache.org/maven2/org/apache/maven/maven-core/2.0.6/maven-core-2.0.6.pom
[ceaf2bf3-2042-49fb-b7c5-c4f7a83cd78f/Java 1.8 NoCommons]   | [INFO] Downloaded from central: https://repo.maven.apache.org/maven2/org/apache/maven/maven-core/2.0.6/maven-core-2.0.6.pom (6.7 kB at 249 kB/s)
[ceaf2bf3-2042-49fb-b7c5-c4f7a83cd78f/Java 1.8 NoCommons]   | [INFO] Downloading from central: https://repo.maven.apache.org/maven2/org/apache/maven/maven-plugin-parameter-documenter/2.0.6/maven-plugin-parameter-documenter-2.0.6.pom
[ceaf2bf3-2042-49fb-b7c5-c4f7a83cd78f/Java 1.8 NoCommons]   | [INFO] Downloaded from central: https://repo.maven.apache.org/maven2/org/apache/maven/maven-plugin-parameter-documenter/2.0.6/maven-plugin-parameter-documenter-2.0.6.pom (1.9 kB at 212 kB/s)
[ceaf2bf3-2042-49fb-b7c5-c4f7a83cd78f/Java 1.8 NoCommons]   | [INFO] Downloading from central: https://repo.maven.apache.org/maven2/org/apache/maven/reporting/maven-reporting-api/2.0.6/maven-reporting-api-2.0.6.pom
[ceaf2bf3-2042-49fb-b7c5-c4f7a83cd78f/Java 1.8 NoCommons]   | [INFO] Downloaded from central: https://repo.maven.apache.org/maven2/org/apache/maven/reporting/maven-reporting-api/2.0.6/maven-reporting-api-2.0.6.pom (1.8 kB at 55 kB/s)
[ceaf2bf3-2042-49fb-b7c5-c4f7a83cd78f/Java 1.8 NoCommons]   | [INFO] Downloading from central: https://repo.maven.apache.org/maven2/org/apache/maven/reporting/maven-reporting/2.0.6/maven-reporting-2.0.6.pom
[ceaf2bf3-2042-49fb-b7c5-c4f7a83cd78f/Java 1.8 NoCommons]   | [INFO] Downloaded from central: https://repo.maven.apache.org/maven2/org/apache/maven/reporting/maven-reporting/2.0.6/maven-reporting-2.0.6.pom (1.4 kB at 31 kB/s)
[ceaf2bf3-2042-49fb-b7c5-c4f7a83cd78f/Java 1.8 NoCommons]   | [INFO] Downloading from central: https://repo.maven.apache.org/maven2/org/apache/maven/doxia/doxia-sink-api/1.0-alpha-7/doxia-sink-api-1.0-alpha-7.pom
[ceaf2bf3-2042-49fb-b7c5-c4f7a83cd78f/Java 1.8 NoCommons]   | [INFO] Downloaded from central: https://repo.maven.apache.org/maven2/org/apache/maven/doxia/doxia-sink-api/1.0-alpha-7/doxia-sink-api-1.0-alpha-7.pom (424 B at 11 kB/s)
[ceaf2bf3-2042-49fb-b7c5-c4f7a83cd78f/Java 1.8 NoCommons]   | [INFO] Downloading from central: https://repo.maven.apache.org/maven2/org/apache/maven/doxia/doxia/1.0-alpha-7/doxia-1.0-alpha-7.pom
[ceaf2bf3-2042-49fb-b7c5-c4f7a83cd78f/Java 1.8 NoCommons]   | [INFO] Downloaded from central: https://repo.maven.apache.org/maven2/org/apache/maven/doxia/doxia/1.0-alpha-7/doxia-1.0-alpha-7.pom (3.9 kB at 652 kB/s)
[ceaf2bf3-2042-49fb-b7c5-c4f7a83cd78f/Java 1.8 NoCommons]   | [INFO] Downloading from central: https://repo.maven.apache.org/maven2/org/apache/maven/maven-error-diagnostics/2.0.6/maven-error-diagnostics-2.0.6.pom
[ceaf2bf3-2042-49fb-b7c5-c4f7a83cd78f/Java 1.8 NoCommons]   | [INFO] Downloaded from central: https://repo.maven.apache.org/maven2/org/apache/maven/maven-error-diagnostics/2.0.6/maven-error-diagnostics-2.0.6.pom (1.7 kB at 170 kB/s)
[ceaf2bf3-2042-49fb-b7c5-c4f7a83cd78f/Java 1.8 NoCommons]   | [INFO] Downloading from central: https://repo.maven.apache.org/maven2/org/apache/maven/maven-plugin-descriptor/2.0.6/maven-plugin-descriptor-2.0.6.pom
[ceaf2bf3-2042-49fb-b7c5-c4f7a83cd78f/Java 1.8 NoCommons]   | [INFO] Downloaded from central: https://repo.maven.apache.org/maven2/org/apache/maven/maven-plugin-descriptor/2.0.6/maven-plugin-descriptor-2.0.6.pom (2.0 kB at 202 kB/s)
[ceaf2bf3-2042-49fb-b7c5-c4f7a83cd78f/Java 1.8 NoCommons]   | [INFO] Downloading from central: https://repo.maven.apache.org/maven2/org/apache/maven/maven-monitor/2.0.6/maven-monitor-2.0.6.pom
[ceaf2bf3-2042-49fb-b7c5-c4f7a83cd78f/Java 1.8 NoCommons]   | [INFO] Downloaded from central: https://repo.maven.apache.org/maven2/org/apache/maven/maven-monitor/2.0.6/maven-monitor-2.0.6.pom (1.3 kB at 25 kB/s)
[ceaf2bf3-2042-49fb-b7c5-c4f7a83cd78f/Java 1.8 NoCommons]   | [INFO] Downloading from central: https://repo.maven.apache.org/maven2/org/codehaus/plexus/plexus-utils/2.0.5/plexus-utils-2.0.5.pom
[ceaf2bf3-2042-49fb-b7c5-c4f7a83cd78f/Java 1.8 NoCommons]   | [INFO] Downloaded from central: https://repo.maven.apache.org/maven2/org/codehaus/plexus/plexus-utils/2.0.5/plexus-utils-2.0.5.pom (3.3 kB at 123 kB/s)
[ceaf2bf3-2042-49fb-b7c5-c4f7a83cd78f/Java 1.8 NoCommons]   | [INFO] Downloading from central: https://repo.maven.apache.org/maven2/org/codehaus/plexus/plexus/2.0.6/plexus-2.0.6.pom
[ceaf2bf3-2042-49fb-b7c5-c4f7a83cd78f/Java 1.8 NoCommons]   | [INFO] Downloaded from central: https://repo.maven.apache.org/maven2/org/codehaus/plexus/plexus/2.0.6/plexus-2.0.6.pom (17 kB at 2.4 MB/s)
[ceaf2bf3-2042-49fb-b7c5-c4f7a83cd78f/Java 1.8 NoCommons]   | [INFO] Downloading from central: https://repo.maven.apache.org/maven2/org/apache/maven/shared/maven-filtering/1.1/maven-filtering-1.1.pom
[ceaf2bf3-2042-49fb-b7c5-c4f7a83cd78f/Java 1.8 NoCommons]   | [INFO] Downloaded from central: https://repo.maven.apache.org/maven2/org/apache/maven/shared/maven-filtering/1.1/maven-filtering-1.1.pom (5.8 kB at 827 kB/s)
[ceaf2bf3-2042-49fb-b7c5-c4f7a83cd78f/Java 1.8 NoCommons]   | [INFO] Downloading from central: https://repo.maven.apache.org/maven2/org/apache/maven/shared/maven-shared-components/17/maven-shared-components-17.pom
[ceaf2bf3-2042-49fb-b7c5-c4f7a83cd78f/Java 1.8 NoCommons]   | [INFO] Downloaded from central: https://repo.maven.apache.org/maven2/org/apache/maven/shared/maven-shared-components/17/maven-shared-components-17.pom (8.7 kB at 967 kB/s)
[ceaf2bf3-2042-49fb-b7c5-c4f7a83cd78f/Java 1.8 NoCommons]   | [INFO] Downloading from central: https://repo.maven.apache.org/maven2/org/codehaus/plexus/plexus-utils/1.5.15/plexus-utils-1.5.15.pom
[ceaf2bf3-2042-49fb-b7c5-c4f7a83cd78f/Java 1.8 NoCommons]   | [INFO] Downloaded from central: https://repo.maven.apache.org/maven2/org/codehaus/plexus/plexus-utils/1.5.15/plexus-utils-1.5.15.pom (6.8 kB at 1.1 MB/s)
[ceaf2bf3-2042-49fb-b7c5-c4f7a83cd78f/Java 1.8 NoCommons]   | [INFO] Downloading from central: https://repo.maven.apache.org/maven2/org/codehaus/plexus/plexus-interpolation/1.12/plexus-interpolation-1.12.pom
[ceaf2bf3-2042-49fb-b7c5-c4f7a83cd78f/Java 1.8 NoCommons]   | [INFO] Downloaded from central: https://repo.maven.apache.org/maven2/org/codehaus/plexus/plexus-interpolation/1.12/plexus-interpolation-1.12.pom (889 B at 99 kB/s)
[ceaf2bf3-2042-49fb-b7c5-c4f7a83cd78f/Java 1.8 NoCommons]   | [INFO] Downloading from central: https://repo.maven.apache.org/maven2/org/codehaus/plexus/plexus-components/1.1.14/plexus-components-1.1.14.pom
[ceaf2bf3-2042-49fb-b7c5-c4f7a83cd78f/Java 1.8 NoCommons]   | [INFO] Downloaded from central: https://repo.maven.apache.org/maven2/org/codehaus/plexus/plexus-components/1.1.14/plexus-components-1.1.14.pom (5.8 kB at 649 kB/s)
[ceaf2bf3-2042-49fb-b7c5-c4f7a83cd78f/Java 1.8 NoCommons]   | [INFO] Downloading from central: https://repo.maven.apache.org/maven2/org/sonatype/plexus/plexus-build-api/0.0.4/plexus-build-api-0.0.4.pom
[ceaf2bf3-2042-49fb-b7c5-c4f7a83cd78f/Java 1.8 NoCommons]   | [INFO] Downloaded from central: https://repo.maven.apache.org/maven2/org/sonatype/plexus/plexus-build-api/0.0.4/plexus-build-api-0.0.4.pom (2.9 kB at 286 kB/s)
[ceaf2bf3-2042-49fb-b7c5-c4f7a83cd78f/Java 1.8 NoCommons]   | [INFO] Downloading from central: https://repo.maven.apache.org/maven2/org/sonatype/spice/spice-parent/10/spice-parent-10.pom
[ceaf2bf3-2042-49fb-b7c5-c4f7a83cd78f/Java 1.8 NoCommons]   | [INFO] Downloaded from central: https://repo.maven.apache.org/maven2/org/sonatype/spice/spice-parent/10/spice-parent-10.pom (3.0 kB at 302 kB/s)
[ceaf2bf3-2042-49fb-b7c5-c4f7a83cd78f/Java 1.8 NoCommons]   | [INFO] Downloading from central: https://repo.maven.apache.org/maven2/org/sonatype/forge/forge-parent/3/forge-parent-3.pom
[ceaf2bf3-2042-49fb-b7c5-c4f7a83cd78f/Java 1.8 NoCommons]   | [INFO] Downloaded from central: https://repo.maven.apache.org/maven2/org/sonatype/forge/forge-parent/3/forge-parent-3.pom (5.0 kB at 559 kB/s)
[ceaf2bf3-2042-49fb-b7c5-c4f7a83cd78f/Java 1.8 NoCommons]   | [INFO] Downloading from central: https://repo.maven.apache.org/maven2/org/codehaus/plexus/plexus-interpolation/1.13/plexus-interpolation-1.13.pom
[ceaf2bf3-2042-49fb-b7c5-c4f7a83cd78f/Java 1.8 NoCommons]   | [INFO] Downloaded from central: https://repo.maven.apache.org/maven2/org/codehaus/plexus/plexus-interpolation/1.13/plexus-interpolation-1.13.pom (890 B at 99 kB/s)
[ceaf2bf3-2042-49fb-b7c5-c4f7a83cd78f/Java 1.8 NoCommons]   | [INFO] Downloading from central: https://repo.maven.apache.org/maven2/org/codehaus/plexus/plexus-components/1.1.15/plexus-components-1.1.15.pom
[ceaf2bf3-2042-49fb-b7c5-c4f7a83cd78f/Java 1.8 NoCommons]   | [INFO] Downloaded from central: https://repo.maven.apache.org/maven2/org/codehaus/plexus/plexus-components/1.1.15/plexus-components-1.1.15.pom (2.8 kB at 407 kB/s)
[ceaf2bf3-2042-49fb-b7c5-c4f7a83cd78f/Java 1.8 NoCommons]   | [INFO] Downloading from central: https://repo.maven.apache.org/maven2/org/codehaus/plexus/plexus/2.0.3/plexus-2.0.3.pom
[ceaf2bf3-2042-49fb-b7c5-c4f7a83cd78f/Java 1.8 NoCommons]   | [INFO] Downloaded from central: https://repo.maven.apache.org/maven2/org/codehaus/plexus/plexus/2.0.3/plexus-2.0.3.pom (15 kB at 1.9 MB/s)
[ceaf2bf3-2042-49fb-b7c5-c4f7a83cd78f/Java 1.8 NoCommons]   | [INFO] Downloading from central: https://repo.maven.apache.org/maven2/org/apache/maven/maven-plugin-api/2.0.6/maven-plugin-api-2.0.6.jar
[ceaf2bf3-2042-49fb-b7c5-c4f7a83cd78f/Java 1.8 NoCommons]   | [INFO] Downloading from central: https://repo.maven.apache.org/maven2/org/apache/maven/maven-project/2.0.6/maven-project-2.0.6.jar
[ceaf2bf3-2042-49fb-b7c5-c4f7a83cd78f/Java 1.8 NoCommons]   | [INFO] Downloading from central: https://repo.maven.apache.org/maven2/org/apache/maven/maven-profile/2.0.6/maven-profile-2.0.6.jar
[ceaf2bf3-2042-49fb-b7c5-c4f7a83cd78f/Java 1.8 NoCommons]   | [INFO] Downloading from central: https://repo.maven.apache.org/maven2/org/apache/maven/maven-artifact-manager/2.0.6/maven-artifact-manager-2.0.6.jar
[ceaf2bf3-2042-49fb-b7c5-c4f7a83cd78f/Java 1.8 NoCommons]   | [INFO] Downloading from central: https://repo.maven.apache.org/maven2/org/apache/maven/maven-plugin-registry/2.0.6/maven-plugin-registry-2.0.6.jar
[ceaf2bf3-2042-49fb-b7c5-c4f7a83cd78f/Java 1.8 NoCommons]   | [INFO] Downloaded from central: https://repo.maven.apache.org/maven2/org/apache/maven/maven-plugin-api/2.0.6/maven-plugin-api-2.0.6.jar (13 kB at 714 kB/s)
[ceaf2bf3-2042-49fb-b7c5-c4f7a83cd78f/Java 1.8 NoCommons]   | [INFO] Downloading from central: https://repo.maven.apache.org/maven2/org/apache/maven/maven-core/2.0.6/maven-core-2.0.6.jar
[ceaf2bf3-2042-49fb-b7c5-c4f7a83cd78f/Java 1.8 NoCommons]   | [INFO] Downloaded from central: https://repo.maven.apache.org/maven2/org/apache/maven/maven-plugin-registry/2.0.6/maven-plugin-registry-2.0.6.jar (29 kB at 2.4 MB/s)
[ceaf2bf3-2042-49fb-b7c5-c4f7a83cd78f/Java 1.8 NoCommons]   | [INFO] Downloading from central: https://repo.maven.apache.org/maven2/org/apache/maven/maven-plugin-parameter-documenter/2.0.6/maven-plugin-parameter-documenter-2.0.6.jar
[ceaf2bf3-2042-49fb-b7c5-c4f7a83cd78f/Java 1.8 NoCommons]   | [INFO] Downloaded from central: https://repo.maven.apache.org/maven2/org/apache/maven/maven-project/2.0.6/maven-project-2.0.6.jar (116 kB at 5.3 MB/s)
[ceaf2bf3-2042-49fb-b7c5-c4f7a83cd78f/Java 1.8 NoCommons]   | [INFO] Downloading from central: https://repo.maven.apache.org/maven2/org/apache/maven/reporting/maven-reporting-api/2.0.6/maven-reporting-api-2.0.6.jar
[ceaf2bf3-2042-49fb-b7c5-c4f7a83cd78f/Java 1.8 NoCommons]   | [INFO] Downloaded from central: https://repo.maven.apache.org/maven2/org/apache/maven/maven-plugin-parameter-documenter/2.0.6/maven-plugin-parameter-documenter-2.0.6.jar (21 kB at 1.2 MB/s)
[ceaf2bf3-2042-49fb-b7c5-c4f7a83cd78f/Java 1.8 NoCommons]   | [INFO] Downloading from central: https://repo.maven.apache.org/maven2/org/apache/maven/doxia/doxia-sink-api/1.0-alpha-7/doxia-sink-api-1.0-alpha-7.jar
[ceaf2bf3-2042-49fb-b7c5-c4f7a83cd78f/Java 1.8 NoCommons]   | [INFO] Downloaded from central: https://repo.maven.apache.org/maven2/org/apache/maven/maven-profile/2.0.6/maven-profile-2.0.6.jar (35 kB at 1.4 MB/s)
[ceaf2bf3-2042-49fb-b7c5-c4f7a83cd78f/Java 1.8 NoCommons]   | [INFO] Downloading from central: https://repo.maven.apache.org/maven2/org/apache/maven/maven-repository-metadata/2.0.6/maven-repository-metadata-2.0.6.jar
[ceaf2bf3-2042-49fb-b7c5-c4f7a83cd78f/Java 1.8 NoCommons]   | [INFO] Downloaded from central: https://repo.maven.apache.org/maven2/org/apache/maven/reporting/maven-reporting-api/2.0.6/maven-reporting-api-2.0.6.jar (9.9 kB at 452 kB/s)
[ceaf2bf3-2042-49fb-b7c5-c4f7a83cd78f/Java 1.8 NoCommons]   | [INFO] Downloading from central: https://repo.maven.apache.org/maven2/org/apache/maven/maven-error-diagnostics/2.0.6/maven-error-diagnostics-2.0.6.jar
[ceaf2bf3-2042-49fb-b7c5-c4f7a83cd78f/Java 1.8 NoCommons]   | [INFO] Downloaded from central: https://repo.maven.apache.org/maven2/org/apache/maven/maven-artifact-manager/2.0.6/maven-artifact-manager-2.0.6.jar (57 kB at 2.4 MB/s)
[ceaf2bf3-2042-49fb-b7c5-c4f7a83cd78f/Java 1.8 NoCommons]   | [INFO] Downloading from central: https://repo.maven.apache.org/maven2/org/apache/maven/maven-plugin-descriptor/2.0.6/maven-plugin-descriptor-2.0.6.jar
[ceaf2bf3-2042-49fb-b7c5-c4f7a83cd78f/Java 1.8 NoCommons]   | [INFO] Downloaded from central: https://repo.maven.apache.org/maven2/org/apache/maven/maven-repository-metadata/2.0.6/maven-repository-metadata-2.0.6.jar (24 kB at 906 kB/s)
[ceaf2bf3-2042-49fb-b7c5-c4f7a83cd78f/Java 1.8 NoCommons]   | [INFO] Downloading from central: https://repo.maven.apache.org/maven2/org/apache/maven/maven-artifact/2.0.6/maven-artifact-2.0.6.jar
[ceaf2bf3-2042-49fb-b7c5-c4f7a83cd78f/Java 1.8 NoCommons]   | [INFO] Downloaded from central: https://repo.maven.apache.org/maven2/org/apache/maven/maven-artifact/2.0.6/maven-artifact-2.0.6.jar (87 kB at 2.4 MB/s)
[ceaf2bf3-2042-49fb-b7c5-c4f7a83cd78f/Java 1.8 NoCommons]   | [INFO] Downloading from central: https://repo.maven.apache.org/maven2/org/apache/maven/maven-settings/2.0.6/maven-settings-2.0.6.jar
[ceaf2bf3-2042-49fb-b7c5-c4f7a83cd78f/Java 1.8 NoCommons]   | [INFO] Downloaded from central: https://repo.maven.apache.org/maven2/org/apache/maven/maven-settings/2.0.6/maven-settings-2.0.6.jar (49 kB at 1.2 MB/s)
[ceaf2bf3-2042-49fb-b7c5-c4f7a83cd78f/Java 1.8 NoCommons]   | [INFO] Downloading from central: https://repo.maven.apache.org/maven2/org/apache/maven/maven-model/2.0.6/maven-model-2.0.6.jar
[ceaf2bf3-2042-49fb-b7c5-c4f7a83cd78f/Java 1.8 NoCommons]   | [INFO] Downloaded from central: https://repo.maven.apache.org/maven2/org/apache/maven/doxia/doxia-sink-api/1.0-alpha-7/doxia-sink-api-1.0-alpha-7.jar (5.9 kB at 138 kB/s)
[ceaf2bf3-2042-49fb-b7c5-c4f7a83cd78f/Java 1.8 NoCommons]   | [INFO] Downloading from central: https://repo.maven.apache.org/maven2/org/apache/maven/maven-monitor/2.0.6/maven-monitor-2.0.6.jar
[ceaf2bf3-2042-49fb-b7c5-c4f7a83cd78f/Java 1.8 NoCommons]   | [INFO] Downloaded from central: https://repo.maven.apache.org/maven2/org/apache/maven/maven-plugin-descriptor/2.0.6/maven-plugin-descriptor-2.0.6.jar (37 kB at 857 kB/s)
[ceaf2bf3-2042-49fb-b7c5-c4f7a83cd78f/Java 1.8 NoCommons]   | [INFO] Downloading from central: https://repo.maven.apache.org/maven2/junit/junit/3.8.1/junit-3.8.1.jar
[ceaf2bf3-2042-49fb-b7c5-c4f7a83cd78f/Java 1.8 NoCommons]   | [INFO] Downloaded from central: https://repo.maven.apache.org/maven2/org/apache/maven/maven-error-diagnostics/2.0.6/maven-error-diagnostics-2.0.6.jar (14 kB at 309 kB/s)
[ceaf2bf3-2042-49fb-b7c5-c4f7a83cd78f/Java 1.8 NoCommons]   | [INFO] Downloading from central: https://repo.maven.apache.org/maven2/org/codehaus/plexus/plexus-utils/2.0.5/plexus-utils-2.0.5.jar
[ceaf2bf3-2042-49fb-b7c5-c4f7a83cd78f/Java 1.8 NoCommons]   | [INFO] Downloaded from central: https://repo.maven.apache.org/maven2/org/apache/maven/maven-core/2.0.6/maven-core-2.0.6.jar (152 kB at 3.0 MB/s)
[ceaf2bf3-2042-49fb-b7c5-c4f7a83cd78f/Java 1.8 NoCommons]   | [INFO] Downloading from central: https://repo.maven.apache.org/maven2/org/apache/maven/shared/maven-filtering/1.1/maven-filtering-1.1.jar
[ceaf2bf3-2042-49fb-b7c5-c4f7a83cd78f/Java 1.8 NoCommons]   | [INFO] Downloaded from central: https://repo.maven.apache.org/maven2/org/apache/maven/maven-model/2.0.6/maven-model-2.0.6.jar (86 kB at 1.7 MB/s)
[ceaf2bf3-2042-49fb-b7c5-c4f7a83cd78f/Java 1.8 NoCommons]   | [INFO] Downloading from central: https://repo.maven.apache.org/maven2/org/sonatype/plexus/plexus-build-api/0.0.4/plexus-build-api-0.0.4.jar
[ceaf2bf3-2042-49fb-b7c5-c4f7a83cd78f/Java 1.8 NoCommons]   | [INFO] Downloaded from central: https://repo.maven.apache.org/maven2/junit/junit/3.8.1/junit-3.8.1.jar (121 kB at 2.3 MB/s)
[ceaf2bf3-2042-49fb-b7c5-c4f7a83cd78f/Java 1.8 NoCommons]   | [INFO] Downloading from central: https://repo.maven.apache.org/maven2/org/codehaus/plexus/plexus-interpolation/1.13/plexus-interpolation-1.13.jar
[ceaf2bf3-2042-49fb-b7c5-c4f7a83cd78f/Java 1.8 NoCommons]   | [INFO] Downloaded from central: https://repo.maven.apache.org/maven2/org/apache/maven/maven-monitor/2.0.6/maven-monitor-2.0.6.jar (10 kB at 193 kB/s)
[ceaf2bf3-2042-49fb-b7c5-c4f7a83cd78f/Java 1.8 NoCommons]   | [INFO] Downloaded from central: https://repo.maven.apache.org/maven2/org/codehaus/plexus/plexus-utils/2.0.5/plexus-utils-2.0.5.jar (223 kB at 3.9 MB/s)
[ceaf2bf3-2042-49fb-b7c5-c4f7a83cd78f/Java 1.8 NoCommons]   | [INFO] Downloaded from central: https://repo.maven.apache.org/maven2/org/apache/maven/shared/maven-filtering/1.1/maven-filtering-1.1.jar (43 kB at 770 kB/s)
[ceaf2bf3-2042-49fb-b7c5-c4f7a83cd78f/Java 1.8 NoCommons]   | [INFO] Downloaded from central: https://repo.maven.apache.org/maven2/org/codehaus/plexus/plexus-interpolation/1.13/plexus-interpolation-1.13.jar (61 kB at 1.1 MB/s)
[ceaf2bf3-2042-49fb-b7c5-c4f7a83cd78f/Java 1.8 NoCommons]   | [INFO] Downloaded from central: https://repo.maven.apache.org/maven2/org/sonatype/plexus/plexus-build-api/0.0.4/plexus-build-api-0.0.4.jar (6.8 kB at 115 kB/s)
[ceaf2bf3-2042-49fb-b7c5-c4f7a83cd78f/Java 1.8 NoCommons]   | [INFO] Using 'UTF-8' encoding to copy filtered resources.
[ceaf2bf3-2042-49fb-b7c5-c4f7a83cd78f/Java 1.8 NoCommons]   | [INFO] Copying 4 resources
[ceaf2bf3-2042-49fb-b7c5-c4f7a83cd78f/Java 1.8 NoCommons]   | [INFO] 
[ceaf2bf3-2042-49fb-b7c5-c4f7a83cd78f/Java 1.8 NoCommons]   | [INFO] --- maven-compiler-plugin:2.3.2:compile (default-compile) @ nocommons ---
[ceaf2bf3-2042-49fb-b7c5-c4f7a83cd78f/Java 1.8 NoCommons]   | [INFO] Downloading from central: https://repo.maven.apache.org/maven2/org/apache/maven/maven-toolchain/1.0/maven-toolchain-1.0.pom
[ceaf2bf3-2042-49fb-b7c5-c4f7a83cd78f/Java 1.8 NoCommons]   | [INFO] Downloaded from central: https://repo.maven.apache.org/maven2/org/apache/maven/maven-toolchain/1.0/maven-toolchain-1.0.pom (3.4 kB at 341 kB/s)
[ceaf2bf3-2042-49fb-b7c5-c4f7a83cd78f/Java 1.8 NoCommons]   | [INFO] Downloading from central: https://repo.maven.apache.org/maven2/org/codehaus/plexus/plexus-compiler-api/1.8.1/plexus-compiler-api-1.8.1.pom
[ceaf2bf3-2042-49fb-b7c5-c4f7a83cd78f/Java 1.8 NoCommons]   | [INFO] Downloaded from central: https://repo.maven.apache.org/maven2/org/codehaus/plexus/plexus-compiler-api/1.8.1/plexus-compiler-api-1.8.1.pom (805 B at 67 kB/s)
[ceaf2bf3-2042-49fb-b7c5-c4f7a83cd78f/Java 1.8 NoCommons]   | [INFO] Downloading from central: https://repo.maven.apache.org/maven2/org/codehaus/plexus/plexus-compiler/1.8.1/plexus-compiler-1.8.1.pom
[ceaf2bf3-2042-49fb-b7c5-c4f7a83cd78f/Java 1.8 NoCommons]   | [INFO] Downloaded from central: https://repo.maven.apache.org/maven2/org/codehaus/plexus/plexus-compiler/1.8.1/plexus-compiler-1.8.1.pom (3.5 kB at 316 kB/s)
[ceaf2bf3-2042-49fb-b7c5-c4f7a83cd78f/Java 1.8 NoCommons]   | [INFO] Downloading from central: https://repo.maven.apache.org/maven2/org/codehaus/plexus/plexus-components/1.1.18/plexus-components-1.1.18.pom
[ceaf2bf3-2042-49fb-b7c5-c4f7a83cd78f/Java 1.8 NoCommons]   | [INFO] Downloaded from central: https://repo.maven.apache.org/maven2/org/codehaus/plexus/plexus-components/1.1.18/plexus-components-1.1.18.pom (5.4 kB at 669 kB/s)
[ceaf2bf3-2042-49fb-b7c5-c4f7a83cd78f/Java 1.8 NoCommons]   | [INFO] Downloading from central: https://repo.maven.apache.org/maven2/org/codehaus/plexus/plexus/2.0.7/plexus-2.0.7.pom
[ceaf2bf3-2042-49fb-b7c5-c4f7a83cd78f/Java 1.8 NoCommons]   | [INFO] Downloaded from central: https://repo.maven.apache.org/maven2/org/codehaus/plexus/plexus/2.0.7/plexus-2.0.7.pom (17 kB at 2.5 MB/s)
[ceaf2bf3-2042-49fb-b7c5-c4f7a83cd78f/Java 1.8 NoCommons]   | [INFO] Downloading from central: https://repo.maven.apache.org/maven2/org/codehaus/plexus/plexus-utils/1.5.5/plexus-utils-1.5.5.pom
[ceaf2bf3-2042-49fb-b7c5-c4f7a83cd78f/Java 1.8 NoCommons]   | [INFO] Downloaded from central: https://repo.maven.apache.org/maven2/org/codehaus/plexus/plexus-utils/1.5.5/plexus-utils-1.5.5.pom (5.1 kB at 643 kB/s)
[ceaf2bf3-2042-49fb-b7c5-c4f7a83cd78f/Java 1.8 NoCommons]   | [INFO] Downloading from central: https://repo.maven.apache.org/maven2/org/codehaus/plexus/plexus-compiler-manager/1.8.1/plexus-compiler-manager-1.8.1.pom
[ceaf2bf3-2042-49fb-b7c5-c4f7a83cd78f/Java 1.8 NoCommons]   | [INFO] Downloaded from central: https://repo.maven.apache.org/maven2/org/codehaus/plexus/plexus-compiler-manager/1.8.1/plexus-compiler-manager-1.8.1.pom (713 B at 71 kB/s)
[ceaf2bf3-2042-49fb-b7c5-c4f7a83cd78f/Java 1.8 NoCommons]   | [INFO] Downloading from central: https://repo.maven.apache.org/maven2/org/codehaus/plexus/plexus-compiler-javac/1.8.1/plexus-compiler-javac-1.8.1.pom
[ceaf2bf3-2042-49fb-b7c5-c4f7a83cd78f/Java 1.8 NoCommons]   | [INFO] Downloaded from central: https://repo.maven.apache.org/maven2/org/codehaus/plexus/plexus-compiler-javac/1.8.1/plexus-compiler-javac-1.8.1.pom (710 B at 59 kB/s)
[ceaf2bf3-2042-49fb-b7c5-c4f7a83cd78f/Java 1.8 NoCommons]   | [INFO] Downloading from central: https://repo.maven.apache.org/maven2/org/codehaus/plexus/plexus-compilers/1.8.1/plexus-compilers-1.8.1.pom
[ceaf2bf3-2042-49fb-b7c5-c4f7a83cd78f/Java 1.8 NoCommons]   | [INFO] Downloaded from central: https://repo.maven.apache.org/maven2/org/codehaus/plexus/plexus-compilers/1.8.1/plexus-compilers-1.8.1.pom (1.3 kB at 74 kB/s)
[ceaf2bf3-2042-49fb-b7c5-c4f7a83cd78f/Java 1.8 NoCommons]   | [INFO] Downloading from central: https://repo.maven.apache.org/maven2/org/apache/maven/maven-toolchain/1.0/maven-toolchain-1.0.jar
[ceaf2bf3-2042-49fb-b7c5-c4f7a83cd78f/Java 1.8 NoCommons]   | [INFO] Downloading from central: https://repo.maven.apache.org/maven2/org/codehaus/plexus/plexus-compiler-api/1.8.1/plexus-compiler-api-1.8.1.jar
[ceaf2bf3-2042-49fb-b7c5-c4f7a83cd78f/Java 1.8 NoCommons]   | [INFO] Downloading from central: https://repo.maven.apache.org/maven2/org/codehaus/plexus/plexus-compiler-manager/1.8.1/plexus-compiler-manager-1.8.1.jar
[ceaf2bf3-2042-49fb-b7c5-c4f7a83cd78f/Java 1.8 NoCommons]   | [INFO] Downloading from central: https://repo.maven.apache.org/maven2/org/codehaus/plexus/plexus-compiler-javac/1.8.1/plexus-compiler-javac-1.8.1.jar
[ceaf2bf3-2042-49fb-b7c5-c4f7a83cd78f/Java 1.8 NoCommons]   | [INFO] Downloaded from central: https://repo.maven.apache.org/maven2/org/apache/maven/maven-toolchain/1.0/maven-toolchain-1.0.jar (33 kB at 2.7 MB/s)
[ceaf2bf3-2042-49fb-b7c5-c4f7a83cd78f/Java 1.8 NoCommons]   | [INFO] Downloaded from central: https://repo.maven.apache.org/maven2/org/codehaus/plexus/plexus-compiler-manager/1.8.1/plexus-compiler-manager-1.8.1.jar (5.3 kB at 592 kB/s)
[ceaf2bf3-2042-49fb-b7c5-c4f7a83cd78f/Java 1.8 NoCommons]   | [INFO] Downloaded from central: https://repo.maven.apache.org/maven2/org/codehaus/plexus/plexus-compiler-api/1.8.1/plexus-compiler-api-1.8.1.jar (20 kB at 1.5 MB/s)
[ceaf2bf3-2042-49fb-b7c5-c4f7a83cd78f/Java 1.8 NoCommons]   | [INFO] Downloaded from central: https://repo.maven.apache.org/maven2/org/codehaus/plexus/plexus-compiler-javac/1.8.1/plexus-compiler-javac-1.8.1.jar (13 kB at 659 kB/s)
[ceaf2bf3-2042-49fb-b7c5-c4f7a83cd78f/Java 1.8 NoCommons]   | [INFO] Compiling 24 source files to /tmp/58b58a8a-be47-4b44-83f6-c1341a387eee/target/classes
[ceaf2bf3-2042-49fb-b7c5-c4f7a83cd78f/Java 1.8 NoCommons]   | [INFO] 
[ceaf2bf3-2042-49fb-b7c5-c4f7a83cd78f/Java 1.8 NoCommons]   | [INFO] --- maven-resources-plugin:2.6:testResources (default-testResources) @ nocommons ---
[ceaf2bf3-2042-49fb-b7c5-c4f7a83cd78f/Java 1.8 NoCommons]   | [INFO] Using 'UTF-8' encoding to copy filtered resources.
[ceaf2bf3-2042-49fb-b7c5-c4f7a83cd78f/Java 1.8 NoCommons]   | [INFO] Copying 2 resources
[ceaf2bf3-2042-49fb-b7c5-c4f7a83cd78f/Java 1.8 NoCommons]   | [INFO] 
[ceaf2bf3-2042-49fb-b7c5-c4f7a83cd78f/Java 1.8 NoCommons]   | [INFO] --- maven-compiler-plugin:2.3.2:testCompile (default-testCompile) @ nocommons ---
[ceaf2bf3-2042-49fb-b7c5-c4f7a83cd78f/Java 1.8 NoCommons]   | [INFO] Compiling 18 source files to /tmp/58b58a8a-be47-4b44-83f6-c1341a387eee/target/test-classes
[ceaf2bf3-2042-49fb-b7c5-c4f7a83cd78f/Java 1.8 NoCommons]   | [INFO] 
[ceaf2bf3-2042-49fb-b7c5-c4f7a83cd78f/Java 1.8 NoCommons]   | [INFO] --- maven-surefire-plugin:2.6:test (default-test) @ nocommons ---
[ceaf2bf3-2042-49fb-b7c5-c4f7a83cd78f/Java 1.8 NoCommons]   | [INFO] Downloading from central: https://repo.maven.apache.org/maven2/org/apache/maven/surefire/surefire-booter/2.6/surefire-booter-2.6.pom
[ceaf2bf3-2042-49fb-b7c5-c4f7a83cd78f/Java 1.8 NoCommons]   | [INFO] Downloaded from central: https://repo.maven.apache.org/maven2/org/apache/maven/surefire/surefire-booter/2.6/surefire-booter-2.6.pom (2.0 kB at 154 kB/s)
[ceaf2bf3-2042-49fb-b7c5-c4f7a83cd78f/Java 1.8 NoCommons]   | [INFO] Downloading from central: https://repo.maven.apache.org/maven2/org/apache/maven/surefire/surefire-api/2.6/surefire-api-2.6.pom
[ceaf2bf3-2042-49fb-b7c5-c4f7a83cd78f/Java 1.8 NoCommons]   | [INFO] Downloaded from central: https://repo.maven.apache.org/maven2/org/apache/maven/surefire/surefire-api/2.6/surefire-api-2.6.pom (2.1 kB at 160 kB/s)
[ceaf2bf3-2042-49fb-b7c5-c4f7a83cd78f/Java 1.8 NoCommons]   | [INFO] Downloading from central: https://repo.maven.apache.org/maven2/org/apache/maven/surefire/maven-surefire-common/2.6/maven-surefire-common-2.6.pom
[ceaf2bf3-2042-49fb-b7c5-c4f7a83cd78f/Java 1.8 NoCommons]   | [INFO] Downloaded from central: https://repo.maven.apache.org/maven2/org/apache/maven/surefire/maven-surefire-common/2.6/maven-surefire-common-2.6.pom (3.7 kB at 248 kB/s)
[ceaf2bf3-2042-49fb-b7c5-c4f7a83cd78f/Java 1.8 NoCommons]   | [INFO] Downloading from central: https://repo.maven.apache.org/maven2/org/apache/maven/maven-toolchain/2.0.9/maven-toolchain-2.0.9.pom
[ceaf2bf3-2042-49fb-b7c5-c4f7a83cd78f/Java 1.8 NoCommons]   | [INFO] Downloaded from central: https://repo.maven.apache.org/maven2/org/apache/maven/maven-toolchain/2.0.9/maven-toolchain-2.0.9.pom (3.5 kB at 267 kB/s)
[ceaf2bf3-2042-49fb-b7c5-c4f7a83cd78f/Java 1.8 NoCommons]   | [INFO] Downloading from central: https://repo.maven.apache.org/maven2/org/apache/maven/maven-artifact/2.0.8/maven-artifact-2.0.8.pom
[ceaf2bf3-2042-49fb-b7c5-c4f7a83cd78f/Java 1.8 NoCommons]   | [INFO] Downloaded from central: https://repo.maven.apache.org/maven2/org/apache/maven/maven-artifact/2.0.8/maven-artifact-2.0.8.pom (1.6 kB at 135 kB/s)
[ceaf2bf3-2042-49fb-b7c5-c4f7a83cd78f/Java 1.8 NoCommons]   | [INFO] Downloading from central: https://repo.maven.apache.org/maven2/org/apache/maven/maven-project/2.0.8/maven-project-2.0.8.pom
[ceaf2bf3-2042-49fb-b7c5-c4f7a83cd78f/Java 1.8 NoCommons]   | [INFO] Downloaded from central: https://repo.maven.apache.org/maven2/org/apache/maven/maven-project/2.0.8/maven-project-2.0.8.pom (2.7 kB at 3.0 kB/s)
[ceaf2bf3-2042-49fb-b7c5-c4f7a83cd78f/Java 1.8 NoCommons]   | [INFO] Downloading from central: https://repo.maven.apache.org/maven2/org/apache/maven/maven-settings/2.0.8/maven-settings-2.0.8.pom
[ceaf2bf3-2042-49fb-b7c5-c4f7a83cd78f/Java 1.8 NoCommons]   | [INFO] Downloaded from central: https://repo.maven.apache.org/maven2/org/apache/maven/maven-settings/2.0.8/maven-settings-2.0.8.pom (2.1 kB at 121 kB/s)
[ceaf2bf3-2042-49fb-b7c5-c4f7a83cd78f/Java 1.8 NoCommons]   | [INFO] Downloading from central: https://repo.maven.apache.org/maven2/org/apache/maven/maven-profile/2.0.8/maven-profile-2.0.8.pom
[ceaf2bf3-2042-49fb-b7c5-c4f7a83cd78f/Java 1.8 NoCommons]   | [INFO] Downloaded from central: https://repo.maven.apache.org/maven2/org/apache/maven/maven-profile/2.0.8/maven-profile-2.0.8.pom (2.0 kB at 113 kB/s)
[ceaf2bf3-2042-49fb-b7c5-c4f7a83cd78f/Java 1.8 NoCommons]   | [INFO] Downloading from central: https://repo.maven.apache.org/maven2/org/apache/maven/maven-artifact-manager/2.0.8/maven-artifact-manager-2.0.8.pom
[ceaf2bf3-2042-49fb-b7c5-c4f7a83cd78f/Java 1.8 NoCommons]   | [INFO] Downloaded from central: https://repo.maven.apache.org/maven2/org/apache/maven/maven-artifact-manager/2.0.8/maven-artifact-manager-2.0.8.pom (2.7 kB at 159 kB/s)
[ceaf2bf3-2042-49fb-b7c5-c4f7a83cd78f/Java 1.8 NoCommons]   | [INFO] Downloading from central: https://repo.maven.apache.org/maven2/org/apache/maven/maven-repository-metadata/2.0.8/maven-repository-metadata-2.0.8.pom
[ceaf2bf3-2042-49fb-b7c5-c4f7a83cd78f/Java 1.8 NoCommons]   | [INFO] Downloaded from central: https://repo.maven.apache.org/maven2/org/apache/maven/maven-repository-metadata/2.0.8/maven-repository-metadata-2.0.8.pom (1.9 kB at 76 kB/s)
[ceaf2bf3-2042-49fb-b7c5-c4f7a83cd78f/Java 1.8 NoCommons]   | [INFO] Downloading from central: https://repo.maven.apache.org/maven2/org/apache/maven/maven-plugin-registry/2.0.8/maven-plugin-registry-2.0.8.pom
[ceaf2bf3-2042-49fb-b7c5-c4f7a83cd78f/Java 1.8 NoCommons]   | [INFO] Downloaded from central: https://repo.maven.apache.org/maven2/org/apache/maven/maven-plugin-registry/2.0.8/maven-plugin-registry-2.0.8.pom (2.0 kB at 133 kB/s)
[ceaf2bf3-2042-49fb-b7c5-c4f7a83cd78f/Java 1.8 NoCommons]   | [INFO] Downloading from central: https://repo.maven.apache.org/maven2/org/apache/maven/maven-plugin-api/2.0.8/maven-plugin-api-2.0.8.pom
[ceaf2bf3-2042-49fb-b7c5-c4f7a83cd78f/Java 1.8 NoCommons]   | [INFO] Downloaded from central: https://repo.maven.apache.org/maven2/org/apache/maven/maven-plugin-api/2.0.8/maven-plugin-api-2.0.8.pom (1.5 kB at 100 kB/s)
[ceaf2bf3-2042-49fb-b7c5-c4f7a83cd78f/Java 1.8 NoCommons]   | [INFO] Downloading from central: https://repo.maven.apache.org/maven2/org/apache/maven/surefire/surefire-booter/2.6/surefire-booter-2.6.jar
[ceaf2bf3-2042-49fb-b7c5-c4f7a83cd78f/Java 1.8 NoCommons]   | [INFO] Downloading from central: https://repo.maven.apache.org/maven2/org/apache/maven/surefire/surefire-api/2.6/surefire-api-2.6.jar
[ceaf2bf3-2042-49fb-b7c5-c4f7a83cd78f/Java 1.8 NoCommons]   | [INFO] Downloading from central: https://repo.maven.apache.org/maven2/org/apache/maven/surefire/maven-surefire-common/2.6/maven-surefire-common-2.6.jar
[ceaf2bf3-2042-49fb-b7c5-c4f7a83cd78f/Java 1.8 NoCommons]   | [INFO] Downloading from central: https://repo.maven.apache.org/maven2/org/apache/maven/maven-toolchain/2.0.9/maven-toolchain-2.0.9.jar
[ceaf2bf3-2042-49fb-b7c5-c4f7a83cd78f/Java 1.8 NoCommons]   | [INFO] Downloaded from central: https://repo.maven.apache.org/maven2/org/apache/maven/surefire/maven-surefire-common/2.6/maven-surefire-common-2.6.jar (22 kB at 1.5 MB/s)
[ceaf2bf3-2042-49fb-b7c5-c4f7a83cd78f/Java 1.8 NoCommons]   | [INFO] Downloaded from central: https://repo.maven.apache.org/maven2/org/apache/maven/maven-toolchain/2.0.9/maven-toolchain-2.0.9.jar (38 kB at 2.9 MB/s)
[ceaf2bf3-2042-49fb-b7c5-c4f7a83cd78f/Java 1.8 NoCommons]   | [INFO] Downloaded from central: https://repo.maven.apache.org/maven2/org/apache/maven/surefire/surefire-api/2.6/surefire-api-2.6.jar (531 kB at 5.1 MB/s)
[ceaf2bf3-2042-49fb-b7c5-c4f7a83cd78f/Java 1.8 NoCommons]   | [INFO] Downloaded from central: https://repo.maven.apache.org/maven2/org/apache/maven/surefire/surefire-booter/2.6/surefire-booter-2.6.jar (277 kB at 375 kB/s)
[ceaf2bf3-2042-49fb-b7c5-c4f7a83cd78f/Java 1.8 NoCommons]   | [INFO] Downloading from central: https://repo.maven.apache.org/maven2/org/apache/maven/surefire/surefire-junit4/2.6/surefire-junit4-2.6.pom
[ceaf2bf3-2042-49fb-b7c5-c4f7a83cd78f/Java 1.8 NoCommons]   | [INFO] Downloaded from central: https://repo.maven.apache.org/maven2/org/apache/maven/surefire/surefire-junit4/2.6/surefire-junit4-2.6.pom (2.0 kB at 200 kB/s)
[ceaf2bf3-2042-49fb-b7c5-c4f7a83cd78f/Java 1.8 NoCommons]   | [INFO] Downloading from central: https://repo.maven.apache.org/maven2/org/apache/maven/surefire/surefire-providers/2.6/surefire-providers-2.6.pom
[ceaf2bf3-2042-49fb-b7c5-c4f7a83cd78f/Java 1.8 NoCommons]   | [INFO] Downloaded from central: https://repo.maven.apache.org/maven2/org/apache/maven/surefire/surefire-providers/2.6/surefire-providers-2.6.pom (1.8 kB at 88 kB/s)
[ceaf2bf3-2042-49fb-b7c5-c4f7a83cd78f/Java 1.8 NoCommons]   | [INFO] Downloading from central: https://repo.maven.apache.org/maven2/org/apache/maven/surefire/surefire-junit4/2.6/surefire-junit4-2.6.jar
[ceaf2bf3-2042-49fb-b7c5-c4f7a83cd78f/Java 1.8 NoCommons]   | [INFO] Downloaded from central: https://repo.maven.apache.org/maven2/org/apache/maven/surefire/surefire-junit4/2.6/surefire-junit4-2.6.jar (12 kB at 515 kB/s)
[ceaf2bf3-2042-49fb-b7c5-c4f7a83cd78f/Java 1.8 NoCommons]   | [INFO] Surefire report directory: /tmp/58b58a8a-be47-4b44-83f6-c1341a387eee/target/surefire-reports
[ceaf2bf3-2042-49fb-b7c5-c4f7a83cd78f/Java 1.8 NoCommons]   | 
[ceaf2bf3-2042-49fb-b7c5-c4f7a83cd78f/Java 1.8 NoCommons]   | -------------------------------------------------------
[ceaf2bf3-2042-49fb-b7c5-c4f7a83cd78f/Java 1.8 NoCommons]   |  T E S T S
[ceaf2bf3-2042-49fb-b7c5-c4f7a83cd78f/Java 1.8 NoCommons]   | -------------------------------------------------------
[ceaf2bf3-2042-49fb-b7c5-c4f7a83cd78f/Java 1.8 NoCommons]   | Running no.bekk.bekkopen.mail.MailDataLoaderTest
[ceaf2bf3-2042-49fb-b7c5-c4f7a83cd78f/Java 1.8 NoCommons]   | Tests run: 5, Failures: 0, Errors: 0, Skipped: 0, Time elapsed: 0.244 sec
[ceaf2bf3-2042-49fb-b7c5-c4f7a83cd78f/Java 1.8 NoCommons]   | Running no.bekk.bekkopen.org.OrganisasjonsnummerTest
[ceaf2bf3-2042-49fb-b7c5-c4f7a83cd78f/Java 1.8 NoCommons]   | Tests run: 2, Failures: 0, Errors: 0, Skipped: 0, Time elapsed: 0.005 sec
[ceaf2bf3-2042-49fb-b7c5-c4f7a83cd78f/Java 1.8 NoCommons]   | Running no.bekk.bekkopen.person.FodselsnummerCalculatorTest
[ceaf2bf3-2042-49fb-b7c5-c4f7a83cd78f/Java 1.8 NoCommons]   | Tests run: 7, Failures: 0, Errors: 0, Skipped: 0, Time elapsed: 0.173 sec
[ceaf2bf3-2042-49fb-b7c5-c4f7a83cd78f/Java 1.8 NoCommons]   | Running no.bekk.bekkopen.banking.KontonummerTest
[ceaf2bf3-2042-49fb-b7c5-c4f7a83cd78f/Java 1.8 NoCommons]   | Tests run: 6, Failures: 0, Errors: 0, Skipped: 0, Time elapsed: 0.008 sec
[ceaf2bf3-2042-49fb-b7c5-c4f7a83cd78f/Java 1.8 NoCommons]   | Running no.bekk.bekkopen.banking.KontonummerCalculatorTest
[ceaf2bf3-2042-49fb-b7c5-c4f7a83cd78f/Java 1.8 NoCommons]   | Tests run: 3, Failures: 0, Errors: 0, Skipped: 0, Time elapsed: 0.013 sec
[ceaf2bf3-2042-49fb-b7c5-c4f7a83cd78f/Java 1.8 NoCommons]   | Running no.bekk.bekkopen.person.FodselsnummerTest
[ceaf2bf3-2042-49fb-b7c5-c4f7a83cd78f/Java 1.8 NoCommons]   | Tests run: 19, Failures: 0, Errors: 0, Skipped: 0, Time elapsed: 0.025 sec
[ceaf2bf3-2042-49fb-b7c5-c4f7a83cd78f/Java 1.8 NoCommons]   | Running no.bekk.bekkopen.org.OrganisasjonsnummerCalculatorTest
[ceaf2bf3-2042-49fb-b7c5-c4f7a83cd78f/Java 1.8 NoCommons]   | Tests run: 1, Failures: 0, Errors: 0, Skipped: 0, Time elapsed: 0.003 sec
[ceaf2bf3-2042-49fb-b7c5-c4f7a83cd78f/Java 1.8 NoCommons]   | Running no.bekk.bekkopen.person.PersonTest
[ceaf2bf3-2042-49fb-b7c5-c4f7a83cd78f/Java 1.8 NoCommons]   | Tests run: 1, Failures: 0, Errors: 0, Skipped: 0, Time elapsed: 0.031 sec
[ceaf2bf3-2042-49fb-b7c5-c4f7a83cd78f/Java 1.8 NoCommons]   | Running no.bekk.bekkopen.date.NorwegianDateUtilTest
[ceaf2bf3-2042-49fb-b7c5-c4f7a83cd78f/Java 1.8 NoCommons]   | Tests run: 9, Failures: 1, Errors: 0, Skipped: 0, Time elapsed: 0.037 sec <<< FAILURE!
[ceaf2bf3-2042-49fb-b7c5-c4f7a83cd78f/Java 1.8 NoCommons]   | Running no.bekk.bekkopen.person.FodselsnummerValidatorTest
[ceaf2bf3-2042-49fb-b7c5-c4f7a83cd78f/Java 1.8 NoCommons]   | Tests run: 13, Failures: 0, Errors: 0, Skipped: 0, Time elapsed: 0.012 sec
[ceaf2bf3-2042-49fb-b7c5-c4f7a83cd78f/Java 1.8 NoCommons]   | Running no.bekk.bekkopen.localization.TextParserTest
[ceaf2bf3-2042-49fb-b7c5-c4f7a83cd78f/Java 1.8 NoCommons]   | Tests run: 1, Failures: 0, Errors: 0, Skipped: 0, Time elapsed: 0.002 sec
[ceaf2bf3-2042-49fb-b7c5-c4f7a83cd78f/Java 1.8 NoCommons]   | Running no.bekk.bekkopen.mail.MailValidatorTest
[ceaf2bf3-2042-49fb-b7c5-c4f7a83cd78f/Java 1.8 NoCommons]   | Tests run: 7, Failures: 0, Errors: 0, Skipped: 0, Time elapsed: 0.007 sec
[ceaf2bf3-2042-49fb-b7c5-c4f7a83cd78f/Java 1.8 NoCommons]   | Running no.bekk.bekkopen.person.NavnGeneratorTest
[ceaf2bf3-2042-49fb-b7c5-c4f7a83cd78f/Java 1.8 NoCommons]   | Tests run: 7, Failures: 0, Errors: 0, Skipped: 0, Time elapsed: 0.018 sec
[ceaf2bf3-2042-49fb-b7c5-c4f7a83cd78f/Java 1.8 NoCommons]   | Running no.bekk.bekkopen.banking.KidnummerValidatorTest
[ceaf2bf3-2042-49fb-b7c5-c4f7a83cd78f/Java 1.8 NoCommons]   | Tests run: 8, Failures: 0, Errors: 0, Skipped: 0, Time elapsed: 0.004 sec
[ceaf2bf3-2042-49fb-b7c5-c4f7a83cd78f/Java 1.8 NoCommons]   | Running no.bekk.bekkopen.banking.KontonummerValidatorTest
[ceaf2bf3-2042-49fb-b7c5-c4f7a83cd78f/Java 1.8 NoCommons]   | Tests run: 11, Failures: 0, Errors: 0, Skipped: 0, Time elapsed: 0.003 sec
[ceaf2bf3-2042-49fb-b7c5-c4f7a83cd78f/Java 1.8 NoCommons]   | Running no.bekk.bekkopen.org.OrganisasjonsnummerValidatorTest
[ceaf2bf3-2042-49fb-b7c5-c4f7a83cd78f/Java 1.8 NoCommons]   | Tests run: 5, Failures: 0, Errors: 0, Skipped: 0, Time elapsed: 0.004 sec
[ceaf2bf3-2042-49fb-b7c5-c4f7a83cd78f/Java 1.8 NoCommons]   | Running no.bekk.bekkopen.person.NavnTest
[ceaf2bf3-2042-49fb-b7c5-c4f7a83cd78f/Java 1.8 NoCommons]   | Tests run: 5, Failures: 0, Errors: 0, Skipped: 0, Time elapsed: 0.005 sec
[ceaf2bf3-2042-49fb-b7c5-c4f7a83cd78f/Java 1.8 NoCommons]   | 
[ceaf2bf3-2042-49fb-b7c5-c4f7a83cd78f/Java 1.8 NoCommons]   | Results :
[ceaf2bf3-2042-49fb-b7c5-c4f7a83cd78f/Java 1.8 NoCommons]   | 
[ceaf2bf3-2042-49fb-b7c5-c4f7a83cd78f/Java 1.8 NoCommons]   | Failed tests: 
[ceaf2bf3-2042-49fb-b7c5-c4f7a83cd78f/Java 1.8 NoCommons]   |   testGetAllNorwegianHolidaysForYear(no.bekk.bekkopen.date.NorwegianDateUtilTest)
[ceaf2bf3-2042-49fb-b7c5-c4f7a83cd78f/Java 1.8 NoCommons]   | 
[ceaf2bf3-2042-49fb-b7c5-c4f7a83cd78f/Java 1.8 NoCommons]   | Tests run: 110, Failures: 1, Errors: 0, Skipped: 0
[ceaf2bf3-2042-49fb-b7c5-c4f7a83cd78f/Java 1.8 NoCommons]   | 
[ceaf2bf3-2042-49fb-b7c5-c4f7a83cd78f/Java 1.8 NoCommons]   | [INFO] ------------------------------------------------------------------------
[ceaf2bf3-2042-49fb-b7c5-c4f7a83cd78f/Java 1.8 NoCommons]   | [INFO] BUILD FAILURE
[ceaf2bf3-2042-49fb-b7c5-c4f7a83cd78f/Java 1.8 NoCommons]   | [INFO] ------------------------------------------------------------------------
[ceaf2bf3-2042-49fb-b7c5-c4f7a83cd78f/Java 1.8 NoCommons]   | [INFO] Total time:  11.474 s
[ceaf2bf3-2042-49fb-b7c5-c4f7a83cd78f/Java 1.8 NoCommons]   | [INFO] Finished at: 2023-07-12T04:59:31Z
[ceaf2bf3-2042-49fb-b7c5-c4f7a83cd78f/Java 1.8 NoCommons]   | [INFO] ------------------------------------------------------------------------
[ceaf2bf3-2042-49fb-b7c5-c4f7a83cd78f/Java 1.8 NoCommons]   | [ERROR] Failed to execute goal org.apache.maven.plugins:maven-surefire-plugin:2.6:test (default-test) on project nocommons: There are test failures.
[ceaf2bf3-2042-49fb-b7c5-c4f7a83cd78f/Java 1.8 NoCommons]   | [ERROR] 
[ceaf2bf3-2042-49fb-b7c5-c4f7a83cd78f/Java 1.8 NoCommons]   | [ERROR] Please refer to /tmp/58b58a8a-be47-4b44-83f6-c1341a387eee/target/surefire-reports for the individual test results.
[ceaf2bf3-2042-49fb-b7c5-c4f7a83cd78f/Java 1.8 NoCommons]   | [ERROR] -> [Help 1]
[ceaf2bf3-2042-49fb-b7c5-c4f7a83cd78f/Java 1.8 NoCommons]   | [ERROR] 
[ceaf2bf3-2042-49fb-b7c5-c4f7a83cd78f/Java 1.8 NoCommons]   | [ERROR] To see the full stack trace of the errors, re-run Maven with the -e switch.
[ceaf2bf3-2042-49fb-b7c5-c4f7a83cd78f/Java 1.8 NoCommons]   | [ERROR] Re-run Maven using the -X switch to enable full debug logging.
[ceaf2bf3-2042-49fb-b7c5-c4f7a83cd78f/Java 1.8 NoCommons]   | [ERROR] 
[ceaf2bf3-2042-49fb-b7c5-c4f7a83cd78f/Java 1.8 NoCommons]   | [ERROR] For more information about the errors and possible solutions, please read the following articles:
[ceaf2bf3-2042-49fb-b7c5-c4f7a83cd78f/Java 1.8 NoCommons]   | [ERROR] [Help 1] http://cwiki.apache.org/confluence/display/MAVEN/MojoFailureException
[ceaf2bf3-2042-49fb-b7c5-c4f7a83cd78f/Java 1.8 NoCommons]   ‚ùå  Failure - Main Build with Maven
[ceaf2bf3-2042-49fb-b7c5-c4f7a83cd78f/Java 1.8 NoCommons] exitcode '1': failure
[ceaf2bf3-2042-49fb-b7c5-c4f7a83cd78f/Java 1.8 NoCommons] unable to get git ref: failed to identify reference (tag/branch) for the checked-out revision '24714934413a10d710934bcfcd45898aee777022'
[ceaf2bf3-2042-49fb-b7c5-c4f7a83cd78f/Java 1.8 NoCommons] unable to get git ref: failed to identify reference (tag/branch) for the checked-out revision '24714934413a10d710934bcfcd45898aee777022'
[ceaf2bf3-2042-49fb-b7c5-c4f7a83cd78f/Java 1.8 NoCommons] unable to get git ref: failed to identify reference (tag/branch) for the checked-out revision '24714934413a10d710934bcfcd45898aee777022'
[ceaf2bf3-2042-49fb-b7c5-c4f7a83cd78f/Java 1.8 NoCommons] unable to get git ref: failed to identify reference (tag/branch) for the checked-out revision '24714934413a10d710934bcfcd45898aee777022'
[ceaf2bf3-2042-49fb-b7c5-c4f7a83cd78f/Java 1.8 NoCommons] unable to get git ref: failed to identify reference (tag/branch) for the checked-out revision '24714934413a10d710934bcfcd45898aee777022'
[ceaf2bf3-2042-49fb-b7c5-c4f7a83cd78f/Java 1.8 NoCommons] ‚≠ê Run Post Set up java
[ceaf2bf3-2042-49fb-b7c5-c4f7a83cd78f/Java 1.8 NoCommons]   üê≥  docker exec cmd=[node /var/run/act/actions/actions-setup-java@v1/dist/cleanup/index.js] user= workdir=
[ceaf2bf3-2042-49fb-b7c5-c4f7a83cd78f/Java 1.8 NoCommons]   ‚úÖ  Success - Post Set up java
[ceaf2bf3-2042-49fb-b7c5-c4f7a83cd78f/Java 1.8 NoCommons] üèÅ  Job failed
[ceaf2bf3-2042-49fb-b7c5-c4f7a83cd78f/Java 1.8 NoCommons] unable to get git ref: failed to identify reference (tag/branch) for the checked-out revision '24714934413a10d710934bcfcd45898aee777022'
